<?xml version="1.0" encoding="UTF-8"?>
<testsuite xmlns:xsi="http://www.w3.org/2001/XMLSchema-instance" xsi:noNamespaceSchemaLocation="https://maven.apache.org/surefire/maven-surefire-plugin/xsd/surefire-test-report.xsd" name="org.apache.hadoop.ozone.client.rpc.TestFailureHandlingByClient" time="306.648" tests="5" errors="1" skipped="0" failures="0">
  <properties>
    <property name="awt.toolkit" value="sun.awt.X11.XToolkit"/>
    <property name="file.encoding.pkg" value="sun.io"/>
    <property name="java.specification.version" value="1.8"/>
    <property name="sun.cpu.isalist" value=""/>
    <property name="sun.jnu.encoding" value="ANSI_X3.4-1968"/>
    <property name="java.class.path" value="/workdir/hadoop-ozone/integration-test/target/test-classes:/workdir/hadoop-ozone/integration-test/target/classes:/home/user/.m2/repository/org/apache/hadoop/hadoop-ozone-common/0.5.0-SNAPSHOT/hadoop-ozone-common-0.5.0-SNAPSHOT.jar:/home/user/.m2/repository/org/apache/commons/commons-compress/1.4.1/commons-compress-1.4.1.jar:/home/user/.m2/repository/org/tukaani/xz/1.0/xz-1.0.jar:/home/user/.m2/repository/org/apache/hadoop/hadoop-common/3.2.0/hadoop-common-3.2.0.jar:/home/user/.m2/repository/org/apache/hadoop/hadoop-hdfs/3.2.0/hadoop-hdfs-3.2.0.jar:/home/user/.m2/repository/org/apache/hadoop/hadoop-hdfs-client/3.2.0/hadoop-hdfs-client-3.2.0.jar:/home/user/.m2/repository/com/fasterxml/jackson/core/jackson-annotations/2.9.9/jackson-annotations-2.9.9.jar:/home/user/.m2/repository/org/apache/hadoop/hadoop-hdds-common/0.5.0-SNAPSHOT/hadoop-hdds-common-0.5.0-SNAPSHOT.jar:/home/user/.m2/repository/javax/annotation/javax.annotation-api/1.2/javax.annotation-api-1.2.jar:/home/user/.m2/repository/org/apache/ratis/ratis-server/0.5.0-d6d58d0-SNAPSHOT/ratis-server-0.5.0-d6d58d0-SNAPSHOT.jar:/home/user/.m2/repository/org/apache/ratis/ratis-thirdparty-misc/0.2.0/ratis-thirdparty-misc-0.2.0.jar:/home/user/.m2/repository/org/apache/ratis/ratis-proto/0.5.0-d6d58d0-SNAPSHOT/ratis-proto-0.5.0-d6d58d0-SNAPSHOT.jar:/home/user/.m2/repository/org/apache/ratis/ratis-common/0.5.0-d6d58d0-SNAPSHOT/ratis-common-0.5.0-d6d58d0-SNAPSHOT.jar:/home/user/.m2/repository/org/apache/ratis/ratis-client/0.5.0-d6d58d0-SNAPSHOT/ratis-client-0.5.0-d6d58d0-SNAPSHOT.jar:/home/user/.m2/repository/org/apache/ratis/ratis-metrics/0.5.0-d6d58d0-SNAPSHOT/ratis-metrics-0.5.0-d6d58d0-SNAPSHOT.jar:/home/user/.m2/repository/org/apache/ratis/ratis-netty/0.5.0-d6d58d0-SNAPSHOT/ratis-netty-0.5.0-d6d58d0-SNAPSHOT.jar:/home/user/.m2/repository/org/apache/ratis/ratis-grpc/0.5.0-d6d58d0-SNAPSHOT/ratis-grpc-0.5.0-d6d58d0-SNAPSHOT.jar:/home/user/.m2/repository/org/rocksdb/rocksdbjni/6.0.1/rocksdbjni-6.0.1.jar:/home/user/.m2/repository/org/apache/logging/log4j/log4j-api/2.11.0/log4j-api-2.11.0.jar:/home/user/.m2/repository/org/apache/logging/log4j/log4j-core/2.11.0/log4j-core-2.11.0.jar:/home/user/.m2/repository/com/lmax/disruptor/3.4.2/disruptor-3.4.2.jar:/home/user/.m2/repository/org/apache/commons/commons-pool2/2.6.0/commons-pool2-2.6.0.jar:/home/user/.m2/repository/org/bouncycastle/bcpkix-jdk15on/1.60/bcpkix-jdk15on-1.60.jar:/home/user/.m2/repository/commons-validator/commons-validator/1.6/commons-validator-1.6.jar:/home/user/.m2/repository/commons-digester/commons-digester/1.8.1/commons-digester-1.8.1.jar:/home/user/.m2/repository/io/jaegertracing/jaeger-client/0.34.0/jaeger-client-0.34.0.jar:/home/user/.m2/repository/io/jaegertracing/jaeger-thrift/0.34.0/jaeger-thrift-0.34.0.jar:/home/user/.m2/repository/org/apache/thrift/libthrift/0.12.0/libthrift-0.12.0.jar:/home/user/.m2/repository/com/squareup/okhttp3/okhttp/3.9.0/okhttp-3.9.0.jar:/home/user/.m2/repository/com/squareup/okio/okio/1.13.0/okio-1.13.0.jar:/home/user/.m2/repository/io/jaegertracing/jaeger-core/0.34.0/jaeger-core-0.34.0.jar:/home/user/.m2/repository/io/jaegertracing/jaeger-tracerresolver/0.34.0/jaeger-tracerresolver-0.34.0.jar:/home/user/.m2/repository/io/opentracing/contrib/opentracing-tracerresolver/0.1.5/opentracing-tracerresolver-0.1.5.jar:/home/user/.m2/repository/io/opentracing/opentracing-util/0.31.0/opentracing-util-0.31.0.jar:/home/user/.m2/repository/io/opentracing/opentracing-api/0.31.0/opentracing-api-0.31.0.jar:/home/user/.m2/repository/io/opentracing/opentracing-noop/0.31.0/opentracing-noop-0.31.0.jar:/home/user/.m2/repository/org/apache/hadoop/hadoop-hdds-server-framework/0.5.0-SNAPSHOT/hadoop-hdds-server-framework-0.5.0-SNAPSHOT.jar:/home/user/.m2/repository/org/apache/hadoop/hadoop-hdds-container-service/0.5.0-SNAPSHOT/hadoop-hdds-container-service-0.5.0-SNAPSHOT.jar:/home/user/.m2/repository/org/apache/hadoop/hadoop-hdds-client/0.5.0-SNAPSHOT/hadoop-hdds-client-0.5.0-SNAPSHOT.jar:/home/user/.m2/repository/org/apache/hadoop/hadoop-hdds-tools/0.5.0-SNAPSHOT/hadoop-hdds-tools-0.5.0-SNAPSHOT.jar:/home/user/.m2/repository/org/apache/hadoop/hadoop-hdds-server-scm/0.5.0-SNAPSHOT/hadoop-hdds-server-scm-0.5.0-SNAPSHOT.jar:/home/user/.m2/repository/org/apache/hadoop/hadoop-hdds-docs/0.5.0-SNAPSHOT/hadoop-hdds-docs-0.5.0-SNAPSHOT.jar:/home/user/.m2/repository/io/dropwizard/metrics/metrics-core/3.2.4/metrics-core-3.2.4.jar:/home/user/.m2/repository/org/hamcrest/hamcrest-all/1.3/hamcrest-all-1.3.jar:/home/user/.m2/repository/org/bouncycastle/bcprov-jdk15on/1.60/bcprov-jdk15on-1.60.jar:/home/user/.m2/repository/info/picocli/picocli/3.9.6/picocli-3.9.6.jar:/home/user/.m2/repository/com/google/protobuf/protobuf-java/2.5.0/protobuf-java-2.5.0.jar:/home/user/.m2/repository/com/google/guava/guava/11.0.2/guava-11.0.2.jar:/home/user/.m2/repository/org/apache/hadoop/hadoop-ozone-ozone-manager/0.5.0-SNAPSHOT/hadoop-ozone-ozone-manager-0.5.0-SNAPSHOT.jar:/home/user/.m2/repository/org/apache/hadoop/hadoop-minikdc/3.2.0/hadoop-minikdc-3.2.0.jar:/home/user/.m2/repository/commons-io/commons-io/2.5/commons-io-2.5.jar:/home/user/.m2/repository/org/apache/kerby/kerb-simplekdc/1.0.1/kerb-simplekdc-1.0.1.jar:/home/user/.m2/repository/org/apache/kerby/kerb-client/1.0.1/kerb-client-1.0.1.jar:/home/user/.m2/repository/org/apache/kerby/kerby-config/1.0.1/kerby-config-1.0.1.jar:/home/user/.m2/repository/org/apache/kerby/kerb-core/1.0.1/kerb-core-1.0.1.jar:/home/user/.m2/repository/org/apache/kerby/kerby-pkix/1.0.1/kerby-pkix-1.0.1.jar:/home/user/.m2/repository/org/apache/kerby/kerby-asn1/1.0.1/kerby-asn1-1.0.1.jar:/home/user/.m2/repository/org/apache/kerby/kerby-util/1.0.1/kerby-util-1.0.1.jar:/home/user/.m2/repository/org/apache/kerby/kerb-common/1.0.1/kerb-common-1.0.1.jar:/home/user/.m2/repository/org/apache/kerby/kerb-crypto/1.0.1/kerb-crypto-1.0.1.jar:/home/user/.m2/repository/org/apache/kerby/kerb-util/1.0.1/kerb-util-1.0.1.jar:/home/user/.m2/repository/org/apache/kerby/token-provider/1.0.1/token-provider-1.0.1.jar:/home/user/.m2/repository/org/apache/kerby/kerb-admin/1.0.1/kerb-admin-1.0.1.jar:/home/user/.m2/repository/org/apache/kerby/kerb-server/1.0.1/kerb-server-1.0.1.jar:/home/user/.m2/repository/org/apache/kerby/kerb-identity/1.0.1/kerb-identity-1.0.1.jar:/home/user/.m2/repository/org/apache/kerby/kerby-xdr/1.0.1/kerby-xdr-1.0.1.jar:/home/user/.m2/repository/org/slf4j/slf4j-log4j12/1.7.25/slf4j-log4j12-1.7.25.jar:/home/user/.m2/repository/org/apache/hadoop/hadoop-ozone-s3gateway/0.5.0-SNAPSHOT/hadoop-ozone-s3gateway-0.5.0-SNAPSHOT.jar:/home/user/.m2/repository/org/jboss/weld/servlet/weld-servlet/2.4.7.Final/weld-servlet-2.4.7.Final.jar:/home/user/.m2/repository/org/glassfish/jersey/containers/jersey-container-servlet-core/2.27/jersey-container-servlet-core-2.27.jar:/home/user/.m2/repository/org/glassfish/hk2/external/javax.inject/2.5.0-b42/javax.inject-2.5.0-b42.jar:/home/user/.m2/repository/org/glassfish/jersey/core/jersey-common/2.27/jersey-common-2.27.jar:/home/user/.m2/repository/org/glassfish/hk2/osgi-resource-locator/1.0.1/osgi-resource-locator-1.0.1.jar:/home/user/.m2/repository/javax/ws/rs/javax.ws.rs-api/2.1/javax.ws.rs-api-2.1.jar:/home/user/.m2/repository/org/glassfish/jersey/ext/cdi/jersey-cdi1x/2.27/jersey-cdi1x-2.27.jar:/home/user/.m2/repository/org/glassfish/jersey/inject/jersey-hk2/2.27/jersey-hk2-2.27.jar:/home/user/.m2/repository/org/glassfish/hk2/hk2-locator/2.5.0-b42/hk2-locator-2.5.0-b42.jar:/home/user/.m2/repository/org/javassist/javassist/3.22.0-CR2/javassist-3.22.0-CR2.jar:/home/user/.m2/repository/org/glassfish/hk2/hk2-api/2.5.0/hk2-api-2.5.0.jar:/home/user/.m2/repository/org/glassfish/hk2/external/jakarta.inject/2.5.0/jakarta.inject-2.5.0.jar:/home/user/.m2/repository/org/glassfish/hk2/hk2-utils/2.5.0/hk2-utils-2.5.0.jar:/home/user/.m2/repository/jakarta/annotation/jakarta.annotation-api/1.3.4/jakarta.annotation-api-1.3.4.jar:/home/user/.m2/repository/org/glassfish/hk2/external/aopalliance-repackaged/2.5.0/aopalliance-repackaged-2.5.0.jar:/home/user/.m2/repository/com/fasterxml/jackson/dataformat/jackson-dataformat-xml/2.9.0/jackson-dataformat-xml-2.9.0.jar:/home/user/.m2/repository/com/fasterxml/jackson/core/jackson-core/2.9.9/jackson-core-2.9.9.jar:/home/user/.m2/repository/com/fasterxml/jackson/module/jackson-module-jaxb-annotations/2.9.9/jackson-module-jaxb-annotations-2.9.9.jar:/home/user/.m2/repository/javax/enterprise/cdi-api/1.2/cdi-api-1.2.jar:/home/user/.m2/repository/javax/el/javax.el-api/3.0.0/javax.el-api-3.0.0.jar:/home/user/.m2/repository/javax/interceptor/javax.interceptor-api/1.2/javax.interceptor-api-1.2.jar:/home/user/.m2/repository/javax/inject/javax.inject/1/javax.inject-1.jar:/home/user/.m2/repository/com/sun/xml/bind/jaxb-impl/2.3.0.1/jaxb-impl-2.3.0.1.jar:/home/user/.m2/repository/com/sun/xml/bind/jaxb-core/2.3.0.1/jaxb-core-2.3.0.1.jar:/home/user/.m2/repository/javax/xml/bind/jaxb-api/2.3.0/jaxb-api-2.3.0.jar:/home/user/.m2/repository/javax/activation/activation/1.1.1/activation-1.1.1.jar:/home/user/.m2/repository/org/apache/hadoop/hadoop-ozone-csi/0.5.0-SNAPSHOT/hadoop-ozone-csi-0.5.0-SNAPSHOT.jar:/home/user/.m2/repository/com/google/protobuf/protobuf-java-util/3.5.1/protobuf-java-util-3.5.1.jar:/home/user/.m2/repository/org/apache/hadoop/hadoop-hdds-config/0.5.0-SNAPSHOT/hadoop-hdds-config-0.5.0-SNAPSHOT.jar:/home/user/.m2/repository/io/grpc/grpc-netty/1.17.1/grpc-netty-1.17.1.jar:/home/user/.m2/repository/io/grpc/grpc-core/1.17.1/grpc-core-1.17.1.jar:/home/user/.m2/repository/io/grpc/grpc-context/1.17.1/grpc-context-1.17.1.jar:/home/user/.m2/repository/com/google/errorprone/error_prone_annotations/2.2.0/error_prone_annotations-2.2.0.jar:/home/user/.m2/repository/org/codehaus/mojo/animal-sniffer-annotations/1.17/animal-sniffer-annotations-1.17.jar:/home/user/.m2/repository/io/opencensus/opencensus-api/0.17.0/opencensus-api-0.17.0.jar:/home/user/.m2/repository/io/opencensus/opencensus-contrib-grpc-metrics/0.17.0/opencensus-contrib-grpc-metrics-0.17.0.jar:/home/user/.m2/repository/io/netty/netty-codec-http2/4.1.30.Final/netty-codec-http2-4.1.30.Final.jar:/home/user/.m2/repository/io/netty/netty-codec-http/4.1.30.Final/netty-codec-http-4.1.30.Final.jar:/home/user/.m2/repository/io/netty/netty-codec/4.1.30.Final/netty-codec-4.1.30.Final.jar:/home/user/.m2/repository/io/netty/netty-handler/4.1.30.Final/netty-handler-4.1.30.Final.jar:/home/user/.m2/repository/io/netty/netty-handler-proxy/4.1.30.Final/netty-handler-proxy-4.1.30.Final.jar:/home/user/.m2/repository/io/netty/netty-codec-socks/4.1.30.Final/netty-codec-socks-4.1.30.Final.jar:/home/user/.m2/repository/io/netty/netty-transport-native-epoll/4.1.30.Final/netty-transport-native-epoll-4.1.30.Final.jar:/home/user/.m2/repository/io/netty/netty-common/4.1.30.Final/netty-common-4.1.30.Final.jar:/home/user/.m2/repository/io/netty/netty-buffer/4.1.30.Final/netty-buffer-4.1.30.Final.jar:/home/user/.m2/repository/io/netty/netty-transport/4.1.30.Final/netty-transport-4.1.30.Final.jar:/home/user/.m2/repository/io/netty/netty-resolver/4.1.30.Final/netty-resolver-4.1.30.Final.jar:/home/user/.m2/repository/io/netty/netty-transport-native-unix-common/4.1.30.Final/netty-transport-native-unix-common-4.1.30.Final.jar:/home/user/.m2/repository/io/grpc/grpc-protobuf/1.17.1/grpc-protobuf-1.17.1.jar:/home/user/.m2/repository/com/google/api/grpc/proto-google-common-protos/1.0.0/proto-google-common-protos-1.0.0.jar:/home/user/.m2/repository/io/grpc/grpc-protobuf-lite/1.17.1/grpc-protobuf-lite-1.17.1.jar:/home/user/.m2/repository/io/grpc/grpc-stub/1.17.1/grpc-stub-1.17.1.jar:/home/user/.m2/repository/org/apache/hadoop/hadoop-ozone-recon/0.5.0-SNAPSHOT/hadoop-ozone-recon-0.5.0-SNAPSHOT.jar:/home/user/.m2/repository/org/apache/hadoop/hadoop-ozone-reconcodegen/0.5.0-SNAPSHOT/hadoop-ozone-reconcodegen-0.5.0-SNAPSHOT.jar:/home/user/.m2/repository/com/google/inject/extensions/guice-multibindings/4.0/guice-multibindings-4.0.jar:/home/user/.m2/repository/com/google/inject/guice/4.0/guice-4.0.jar:/home/user/.m2/repository/aopalliance/aopalliance/1.0/aopalliance-1.0.jar:/home/user/.m2/repository/com/google/inject/extensions/guice-servlet/4.0/guice-servlet-4.0.jar:/home/user/.m2/repository/org/glassfish/jersey/containers/jersey-container-servlet/2.27/jersey-container-servlet-2.27.jar:/home/user/.m2/repository/org/glassfish/hk2/guice-bridge/2.5.0/guice-bridge-2.5.0.jar:/home/user/.m2/repository/org/glassfish/jersey/core/jersey-server/2.27/jersey-server-2.27.jar:/home/user/.m2/repository/org/glassfish/jersey/core/jersey-client/2.27/jersey-client-2.27.jar:/home/user/.m2/repository/org/glassfish/jersey/media/jersey-media-jaxb/2.27/jersey-media-jaxb-2.27.jar:/home/user/.m2/repository/javax/validation/validation-api/1.1.0.Final/validation-api-1.1.0.Final.jar:/home/user/.m2/repository/org/glassfish/jersey/media/jersey-media-json-jackson/2.27/jersey-media-json-jackson-2.27.jar:/home/user/.m2/repository/org/glassfish/jersey/ext/jersey-entity-filtering/2.27/jersey-entity-filtering-2.27.jar:/home/user/.m2/repository/com/google/inject/extensions/guice-assistedinject/4.0/guice-assistedinject-4.0.jar:/home/user/.m2/repository/org/jooq/jooq/3.11.10/jooq-3.11.10.jar:/home/user/.m2/repository/org/jooq/jooq-meta/3.11.10/jooq-meta-3.11.10.jar:/home/user/.m2/repository/org/jooq/jooq-codegen/3.11.10/jooq-codegen-3.11.10.jar:/home/user/.m2/repository/com/jolbox/bonecp/0.8.0.RELEASE/bonecp-0.8.0.RELEASE.jar:/home/user/.m2/repository/org/xerial/sqlite-jdbc/3.25.2/sqlite-jdbc-3.25.2.jar:/home/user/.m2/repository/org/springframework/spring-jdbc/5.1.3.RELEASE/spring-jdbc-5.1.3.RELEASE.jar:/home/user/.m2/repository/org/springframework/spring-beans/5.1.3.RELEASE/spring-beans-5.1.3.RELEASE.jar:/home/user/.m2/repository/org/springframework/spring-core/5.1.3.RELEASE/spring-core-5.1.3.RELEASE.jar:/home/user/.m2/repository/org/springframework/spring-jcl/5.1.3.RELEASE/spring-jcl-5.1.3.RELEASE.jar:/home/user/.m2/repository/org/springframework/spring-tx/5.1.3.RELEASE/spring-tx-5.1.3.RELEASE.jar:/home/user/.m2/repository/org/apache/hadoop/hadoop-ozone-client/0.5.0-SNAPSHOT/hadoop-ozone-client-0.5.0-SNAPSHOT.jar:/home/user/.m2/repository/commons-lang/commons-lang/2.6/commons-lang-2.6.jar:/home/user/.m2/repository/org/apache/hadoop/hadoop-ozone-ozone-manager/0.5.0-SNAPSHOT/hadoop-ozone-ozone-manager-0.5.0-SNAPSHOT-tests.jar:/home/user/.m2/repository/junit/junit/4.11/junit-4.11.jar:/home/user/.m2/repository/org/hamcrest/hamcrest-core/1.3/hamcrest-core-1.3.jar:/home/user/.m2/repository/org/openjdk/jmh/jmh-core/1.19/jmh-core-1.19.jar:/home/user/.m2/repository/net/sf/jopt-simple/jopt-simple/4.6/jopt-simple-4.6.jar:/home/user/.m2/repository/org/apache/commons/commons-math3/3.1.1/commons-math3-3.1.1.jar:/home/user/.m2/repository/org/openjdk/jmh/jmh-generator-annprocess/1.19/jmh-generator-annprocess-1.19.jar:/home/user/.m2/repository/org/mockito/mockito-all/1.8.5/mockito-all-1.8.5.jar:/home/user/.m2/repository/org/apache/hadoop/hadoop-kms/3.2.0/hadoop-kms-3.2.0.jar:/home/user/.m2/repository/org/apache/hadoop/hadoop-auth/3.2.0/hadoop-auth-3.2.0.jar:/home/user/.m2/repository/com/nimbusds/nimbus-jose-jwt/4.41.1/nimbus-jose-jwt-4.41.1.jar:/home/user/.m2/repository/com/github/stephenc/jcip/jcip-annotations/1.0-1/jcip-annotations-1.0-1.jar:/home/user/.m2/repository/net/minidev/json-smart/2.3/json-smart-2.3.jar:/home/user/.m2/repository/net/minidev/accessors-smart/1.2/accessors-smart-1.2.jar:/home/user/.m2/repository/org/ow2/asm/asm/5.0.4/asm-5.0.4.jar:/home/user/.m2/repository/org/apache/curator/curator-framework/2.12.0/curator-framework-2.12.0.jar:/home/user/.m2/repository/com/sun/jersey/jersey-core/1.19/jersey-core-1.19.jar:/home/user/.m2/repository/javax/ws/rs/jsr311-api/1.1.1/jsr311-api-1.1.1.jar:/home/user/.m2/repository/com/sun/jersey/jersey-server/1.19/jersey-server-1.19.jar:/home/user/.m2/repository/javax/servlet/javax.servlet-api/3.1.0/javax.servlet-api-3.1.0.jar:/home/user/.m2/repository/org/eclipse/jetty/jetty-server/9.3.25.v20180904/jetty-server-9.3.25.v20180904.jar:/home/user/.m2/repository/org/eclipse/jetty/jetty-http/9.3.25.v20180904/jetty-http-9.3.25.v20180904.jar:/home/user/.m2/repository/org/eclipse/jetty/jetty-io/9.3.25.v20180904/jetty-io-9.3.25.v20180904.jar:/home/user/.m2/repository/org/eclipse/jetty/jetty-webapp/9.3.25.v20180904/jetty-webapp-9.3.25.v20180904.jar:/home/user/.m2/repository/org/eclipse/jetty/jetty-xml/9.3.25.v20180904/jetty-xml-9.3.25.v20180904.jar:/home/user/.m2/repository/log4j/log4j/1.2.17/log4j-1.2.17.jar:/home/user/.m2/repository/org/slf4j/slf4j-api/1.7.25/slf4j-api-1.7.25.jar:/home/user/.m2/repository/org/slf4j/jul-to-slf4j/1.7.25/jul-to-slf4j-1.7.25.jar:/home/user/.m2/repository/org/eclipse/jetty/jetty-util/9.3.25.v20180904/jetty-util-9.3.25.v20180904.jar:/home/user/.m2/repository/com/fasterxml/jackson/core/jackson-databind/2.9.9/jackson-databind-2.9.9.jar:/home/user/.m2/repository/org/apache/hadoop/hadoop-kms/3.2.0/hadoop-kms-3.2.0-tests.jar:/home/user/.m2/repository/org/apache/hadoop/hadoop-hdds-server-scm/0.5.0-SNAPSHOT/hadoop-hdds-server-scm-0.5.0-SNAPSHOT-tests.jar:/home/user/.m2/repository/org/apache/hadoop/hadoop-hdds-container-service/0.5.0-SNAPSHOT/hadoop-hdds-container-service-0.5.0-SNAPSHOT-tests.jar:/home/user/.m2/repository/org/yaml/snakeyaml/1.16/snakeyaml-1.16.jar:/home/user/.m2/repository/org/apache/hadoop/hadoop-common/3.2.0/hadoop-common-3.2.0-tests.jar:/home/user/.m2/repository/org/apache/hadoop/hadoop-annotations/3.2.0/hadoop-annotations-3.2.0.jar:/usr/lib/jvm/java-1.8.0-openjdk-1.8.0.222.b10-1.el7_7.x86_64/jre/../lib/tools.jar:/home/user/.m2/repository/commons-cli/commons-cli/1.2/commons-cli-1.2.jar:/home/user/.m2/repository/org/apache/httpcomponents/httpclient/4.5.2/httpclient-4.5.2.jar:/home/user/.m2/repository/org/apache/httpcomponents/httpcore/4.4.4/httpcore-4.4.4.jar:/home/user/.m2/repository/commons-codec/commons-codec/1.11/commons-codec-1.11.jar:/home/user/.m2/repository/commons-net/commons-net/3.6/commons-net-3.6.jar:/home/user/.m2/repository/commons-collections/commons-collections/3.2.2/commons-collections-3.2.2.jar:/home/user/.m2/repository/org/eclipse/jetty/jetty-servlet/9.3.25.v20180904/jetty-servlet-9.3.25.v20180904.jar:/home/user/.m2/repository/org/eclipse/jetty/jetty-security/9.3.25.v20180904/jetty-security-9.3.25.v20180904.jar:/home/user/.m2/repository/javax/servlet/jsp/jsp-api/2.1/jsp-api-2.1.jar:/home/user/.m2/repository/com/sun/jersey/jersey-servlet/1.19/jersey-servlet-1.19.jar:/home/user/.m2/repository/com/sun/jersey/jersey-json/1.19/jersey-json-1.19.jar:/home/user/.m2/repository/org/codehaus/jettison/jettison/1.1/jettison-1.1.jar:/home/user/.m2/repository/org/codehaus/jackson/jackson-core-asl/1.9.13/jackson-core-asl-1.9.13.jar:/home/user/.m2/repository/org/codehaus/jackson/jackson-mapper-asl/1.9.13/jackson-mapper-asl-1.9.13.jar:/home/user/.m2/repository/org/codehaus/jackson/jackson-jaxrs/1.9.13/jackson-jaxrs-1.9.13.jar:/home/user/.m2/repository/org/codehaus/jackson/jackson-xc/1.9.13/jackson-xc-1.9.13.jar:/home/user/.m2/repository/commons-logging/commons-logging/1.1.3/commons-logging-1.1.3.jar:/home/user/.m2/repository/commons-beanutils/commons-beanutils/1.9.4/commons-beanutils-1.9.4.jar:/home/user/.m2/repository/org/apache/commons/commons-configuration2/2.1.1/commons-configuration2-2.1.1.jar:/home/user/.m2/repository/org/apache/commons/commons-lang3/3.7/commons-lang3-3.7.jar:/home/user/.m2/repository/org/apache/commons/commons-text/1.4/commons-text-1.4.jar:/home/user/.m2/repository/org/apache/avro/avro/1.7.7/avro-1.7.7.jar:/home/user/.m2/repository/com/thoughtworks/paranamer/paranamer/2.3/paranamer-2.3.jar:/home/user/.m2/repository/org/xerial/snappy/snappy-java/1.0.5/snappy-java-1.0.5.jar:/home/user/.m2/repository/com/google/re2j/re2j/1.1/re2j-1.1.jar:/home/user/.m2/repository/com/google/code/gson/gson/2.2.4/gson-2.2.4.jar:/home/user/.m2/repository/com/jcraft/jsch/0.1.54/jsch-0.1.54.jar:/home/user/.m2/repository/org/apache/curator/curator-client/2.12.0/curator-client-2.12.0.jar:/home/user/.m2/repository/org/apache/curator/curator-recipes/2.12.0/curator-recipes-2.12.0.jar:/home/user/.m2/repository/com/google/code/findbugs/jsr305/3.0.0/jsr305-3.0.0.jar:/home/user/.m2/repository/org/apache/htrace/htrace-core4/4.1.0-incubating/htrace-core4-4.1.0-incubating.jar:/home/user/.m2/repository/org/apache/zookeeper/zookeeper/3.4.13/zookeeper-3.4.13.jar:/home/user/.m2/repository/jline/jline/0.9.94/jline-0.9.94.jar:/home/user/.m2/repository/org/apache/yetus/audience-annotations/0.5.0/audience-annotations-0.5.0.jar:/home/user/.m2/repository/org/codehaus/woodstox/stax2-api/3.1.4/stax2-api-3.1.4.jar:/home/user/.m2/repository/com/fasterxml/woodstox/woodstox-core/5.0.3/woodstox-core-5.0.3.jar:/home/user/.m2/repository/dnsjava/dnsjava/2.1.7/dnsjava-2.1.7.jar:/home/user/.m2/repository/org/apache/hadoop/hadoop-hdfs/3.2.0/hadoop-hdfs-3.2.0-tests.jar:/home/user/.m2/repository/org/eclipse/jetty/jetty-util-ajax/9.3.25.v20180904/jetty-util-ajax-9.3.25.v20180904.jar:/home/user/.m2/repository/commons-daemon/commons-daemon/1.0.13/commons-daemon-1.0.13.jar:/home/user/.m2/repository/io/netty/netty/3.10.5.Final/netty-3.10.5.Final.jar:/home/user/.m2/repository/io/netty/netty-all/4.0.52.Final/netty-all-4.0.52.Final.jar:/home/user/.m2/repository/org/fusesource/leveldbjni/leveldbjni-all/1.8/leveldbjni-all-1.8.jar:"/>
    <property name="java.vm.vendor" value="Oracle Corporation"/>
    <property name="sun.arch.data.model" value="64"/>
    <property name="test.build.dir" value="/workdir/hadoop-ozone/integration-test/target/test-dir"/>
    <property name="test.cache.data" value=""/>
    <property name="java.vendor.url" value="http://java.oracle.com/"/>
    <property name="user.timezone" value=""/>
    <property name="java.vm.specification.version" value="1.8"/>
    <property name="os.name" value="Linux"/>
    <property name="test.build.data" value="/workdir/hadoop-ozone/integration-test/target/test-dir"/>
    <property name="user.country" value="US"/>
    <property name="sun.java.launcher" value="SUN_STANDARD"/>
    <property name="sun.boot.library.path" value="/usr/lib/jvm/java-1.8.0-openjdk-1.8.0.222.b10-1.el7_7.x86_64/jre/lib/amd64"/>
    <property name="sun.java.command" value="/workdir/hadoop-ozone/integration-test/target/surefire/surefirebooter9011150644819952819.jar /workdir/hadoop-ozone/integration-test/target/surefire 2019-11-11T19-54-37_947-jvmRun1 surefire7752650170825703592tmp surefire_258119428703537812405tmp"/>
    <property name="surefire.test.class.path" value="/workdir/hadoop-ozone/integration-test/target/test-classes:/workdir/hadoop-ozone/integration-test/target/classes:/home/user/.m2/repository/org/apache/hadoop/hadoop-ozone-common/0.5.0-SNAPSHOT/hadoop-ozone-common-0.5.0-SNAPSHOT.jar:/home/user/.m2/repository/org/apache/commons/commons-compress/1.4.1/commons-compress-1.4.1.jar:/home/user/.m2/repository/org/tukaani/xz/1.0/xz-1.0.jar:/home/user/.m2/repository/org/apache/hadoop/hadoop-common/3.2.0/hadoop-common-3.2.0.jar:/home/user/.m2/repository/org/apache/hadoop/hadoop-hdfs/3.2.0/hadoop-hdfs-3.2.0.jar:/home/user/.m2/repository/org/apache/hadoop/hadoop-hdfs-client/3.2.0/hadoop-hdfs-client-3.2.0.jar:/home/user/.m2/repository/com/fasterxml/jackson/core/jackson-annotations/2.9.9/jackson-annotations-2.9.9.jar:/home/user/.m2/repository/org/apache/hadoop/hadoop-hdds-common/0.5.0-SNAPSHOT/hadoop-hdds-common-0.5.0-SNAPSHOT.jar:/home/user/.m2/repository/javax/annotation/javax.annotation-api/1.2/javax.annotation-api-1.2.jar:/home/user/.m2/repository/org/apache/ratis/ratis-server/0.5.0-d6d58d0-SNAPSHOT/ratis-server-0.5.0-d6d58d0-SNAPSHOT.jar:/home/user/.m2/repository/org/apache/ratis/ratis-thirdparty-misc/0.2.0/ratis-thirdparty-misc-0.2.0.jar:/home/user/.m2/repository/org/apache/ratis/ratis-proto/0.5.0-d6d58d0-SNAPSHOT/ratis-proto-0.5.0-d6d58d0-SNAPSHOT.jar:/home/user/.m2/repository/org/apache/ratis/ratis-common/0.5.0-d6d58d0-SNAPSHOT/ratis-common-0.5.0-d6d58d0-SNAPSHOT.jar:/home/user/.m2/repository/org/apache/ratis/ratis-client/0.5.0-d6d58d0-SNAPSHOT/ratis-client-0.5.0-d6d58d0-SNAPSHOT.jar:/home/user/.m2/repository/org/apache/ratis/ratis-metrics/0.5.0-d6d58d0-SNAPSHOT/ratis-metrics-0.5.0-d6d58d0-SNAPSHOT.jar:/home/user/.m2/repository/org/apache/ratis/ratis-netty/0.5.0-d6d58d0-SNAPSHOT/ratis-netty-0.5.0-d6d58d0-SNAPSHOT.jar:/home/user/.m2/repository/org/apache/ratis/ratis-grpc/0.5.0-d6d58d0-SNAPSHOT/ratis-grpc-0.5.0-d6d58d0-SNAPSHOT.jar:/home/user/.m2/repository/org/rocksdb/rocksdbjni/6.0.1/rocksdbjni-6.0.1.jar:/home/user/.m2/repository/org/apache/logging/log4j/log4j-api/2.11.0/log4j-api-2.11.0.jar:/home/user/.m2/repository/org/apache/logging/log4j/log4j-core/2.11.0/log4j-core-2.11.0.jar:/home/user/.m2/repository/com/lmax/disruptor/3.4.2/disruptor-3.4.2.jar:/home/user/.m2/repository/org/apache/commons/commons-pool2/2.6.0/commons-pool2-2.6.0.jar:/home/user/.m2/repository/org/bouncycastle/bcpkix-jdk15on/1.60/bcpkix-jdk15on-1.60.jar:/home/user/.m2/repository/commons-validator/commons-validator/1.6/commons-validator-1.6.jar:/home/user/.m2/repository/commons-digester/commons-digester/1.8.1/commons-digester-1.8.1.jar:/home/user/.m2/repository/io/jaegertracing/jaeger-client/0.34.0/jaeger-client-0.34.0.jar:/home/user/.m2/repository/io/jaegertracing/jaeger-thrift/0.34.0/jaeger-thrift-0.34.0.jar:/home/user/.m2/repository/org/apache/thrift/libthrift/0.12.0/libthrift-0.12.0.jar:/home/user/.m2/repository/com/squareup/okhttp3/okhttp/3.9.0/okhttp-3.9.0.jar:/home/user/.m2/repository/com/squareup/okio/okio/1.13.0/okio-1.13.0.jar:/home/user/.m2/repository/io/jaegertracing/jaeger-core/0.34.0/jaeger-core-0.34.0.jar:/home/user/.m2/repository/io/jaegertracing/jaeger-tracerresolver/0.34.0/jaeger-tracerresolver-0.34.0.jar:/home/user/.m2/repository/io/opentracing/contrib/opentracing-tracerresolver/0.1.5/opentracing-tracerresolver-0.1.5.jar:/home/user/.m2/repository/io/opentracing/opentracing-util/0.31.0/opentracing-util-0.31.0.jar:/home/user/.m2/repository/io/opentracing/opentracing-api/0.31.0/opentracing-api-0.31.0.jar:/home/user/.m2/repository/io/opentracing/opentracing-noop/0.31.0/opentracing-noop-0.31.0.jar:/home/user/.m2/repository/org/apache/hadoop/hadoop-hdds-server-framework/0.5.0-SNAPSHOT/hadoop-hdds-server-framework-0.5.0-SNAPSHOT.jar:/home/user/.m2/repository/org/apache/hadoop/hadoop-hdds-container-service/0.5.0-SNAPSHOT/hadoop-hdds-container-service-0.5.0-SNAPSHOT.jar:/home/user/.m2/repository/org/apache/hadoop/hadoop-hdds-client/0.5.0-SNAPSHOT/hadoop-hdds-client-0.5.0-SNAPSHOT.jar:/home/user/.m2/repository/org/apache/hadoop/hadoop-hdds-tools/0.5.0-SNAPSHOT/hadoop-hdds-tools-0.5.0-SNAPSHOT.jar:/home/user/.m2/repository/org/apache/hadoop/hadoop-hdds-server-scm/0.5.0-SNAPSHOT/hadoop-hdds-server-scm-0.5.0-SNAPSHOT.jar:/home/user/.m2/repository/org/apache/hadoop/hadoop-hdds-docs/0.5.0-SNAPSHOT/hadoop-hdds-docs-0.5.0-SNAPSHOT.jar:/home/user/.m2/repository/io/dropwizard/metrics/metrics-core/3.2.4/metrics-core-3.2.4.jar:/home/user/.m2/repository/org/hamcrest/hamcrest-all/1.3/hamcrest-all-1.3.jar:/home/user/.m2/repository/org/bouncycastle/bcprov-jdk15on/1.60/bcprov-jdk15on-1.60.jar:/home/user/.m2/repository/info/picocli/picocli/3.9.6/picocli-3.9.6.jar:/home/user/.m2/repository/com/google/protobuf/protobuf-java/2.5.0/protobuf-java-2.5.0.jar:/home/user/.m2/repository/com/google/guava/guava/11.0.2/guava-11.0.2.jar:/home/user/.m2/repository/org/apache/hadoop/hadoop-ozone-ozone-manager/0.5.0-SNAPSHOT/hadoop-ozone-ozone-manager-0.5.0-SNAPSHOT.jar:/home/user/.m2/repository/org/apache/hadoop/hadoop-minikdc/3.2.0/hadoop-minikdc-3.2.0.jar:/home/user/.m2/repository/commons-io/commons-io/2.5/commons-io-2.5.jar:/home/user/.m2/repository/org/apache/kerby/kerb-simplekdc/1.0.1/kerb-simplekdc-1.0.1.jar:/home/user/.m2/repository/org/apache/kerby/kerb-client/1.0.1/kerb-client-1.0.1.jar:/home/user/.m2/repository/org/apache/kerby/kerby-config/1.0.1/kerby-config-1.0.1.jar:/home/user/.m2/repository/org/apache/kerby/kerb-core/1.0.1/kerb-core-1.0.1.jar:/home/user/.m2/repository/org/apache/kerby/kerby-pkix/1.0.1/kerby-pkix-1.0.1.jar:/home/user/.m2/repository/org/apache/kerby/kerby-asn1/1.0.1/kerby-asn1-1.0.1.jar:/home/user/.m2/repository/org/apache/kerby/kerby-util/1.0.1/kerby-util-1.0.1.jar:/home/user/.m2/repository/org/apache/kerby/kerb-common/1.0.1/kerb-common-1.0.1.jar:/home/user/.m2/repository/org/apache/kerby/kerb-crypto/1.0.1/kerb-crypto-1.0.1.jar:/home/user/.m2/repository/org/apache/kerby/kerb-util/1.0.1/kerb-util-1.0.1.jar:/home/user/.m2/repository/org/apache/kerby/token-provider/1.0.1/token-provider-1.0.1.jar:/home/user/.m2/repository/org/apache/kerby/kerb-admin/1.0.1/kerb-admin-1.0.1.jar:/home/user/.m2/repository/org/apache/kerby/kerb-server/1.0.1/kerb-server-1.0.1.jar:/home/user/.m2/repository/org/apache/kerby/kerb-identity/1.0.1/kerb-identity-1.0.1.jar:/home/user/.m2/repository/org/apache/kerby/kerby-xdr/1.0.1/kerby-xdr-1.0.1.jar:/home/user/.m2/repository/org/slf4j/slf4j-log4j12/1.7.25/slf4j-log4j12-1.7.25.jar:/home/user/.m2/repository/org/apache/hadoop/hadoop-ozone-s3gateway/0.5.0-SNAPSHOT/hadoop-ozone-s3gateway-0.5.0-SNAPSHOT.jar:/home/user/.m2/repository/org/jboss/weld/servlet/weld-servlet/2.4.7.Final/weld-servlet-2.4.7.Final.jar:/home/user/.m2/repository/org/glassfish/jersey/containers/jersey-container-servlet-core/2.27/jersey-container-servlet-core-2.27.jar:/home/user/.m2/repository/org/glassfish/hk2/external/javax.inject/2.5.0-b42/javax.inject-2.5.0-b42.jar:/home/user/.m2/repository/org/glassfish/jersey/core/jersey-common/2.27/jersey-common-2.27.jar:/home/user/.m2/repository/org/glassfish/hk2/osgi-resource-locator/1.0.1/osgi-resource-locator-1.0.1.jar:/home/user/.m2/repository/javax/ws/rs/javax.ws.rs-api/2.1/javax.ws.rs-api-2.1.jar:/home/user/.m2/repository/org/glassfish/jersey/ext/cdi/jersey-cdi1x/2.27/jersey-cdi1x-2.27.jar:/home/user/.m2/repository/org/glassfish/jersey/inject/jersey-hk2/2.27/jersey-hk2-2.27.jar:/home/user/.m2/repository/org/glassfish/hk2/hk2-locator/2.5.0-b42/hk2-locator-2.5.0-b42.jar:/home/user/.m2/repository/org/javassist/javassist/3.22.0-CR2/javassist-3.22.0-CR2.jar:/home/user/.m2/repository/org/glassfish/hk2/hk2-api/2.5.0/hk2-api-2.5.0.jar:/home/user/.m2/repository/org/glassfish/hk2/external/jakarta.inject/2.5.0/jakarta.inject-2.5.0.jar:/home/user/.m2/repository/org/glassfish/hk2/hk2-utils/2.5.0/hk2-utils-2.5.0.jar:/home/user/.m2/repository/jakarta/annotation/jakarta.annotation-api/1.3.4/jakarta.annotation-api-1.3.4.jar:/home/user/.m2/repository/org/glassfish/hk2/external/aopalliance-repackaged/2.5.0/aopalliance-repackaged-2.5.0.jar:/home/user/.m2/repository/com/fasterxml/jackson/dataformat/jackson-dataformat-xml/2.9.0/jackson-dataformat-xml-2.9.0.jar:/home/user/.m2/repository/com/fasterxml/jackson/core/jackson-core/2.9.9/jackson-core-2.9.9.jar:/home/user/.m2/repository/com/fasterxml/jackson/module/jackson-module-jaxb-annotations/2.9.9/jackson-module-jaxb-annotations-2.9.9.jar:/home/user/.m2/repository/javax/enterprise/cdi-api/1.2/cdi-api-1.2.jar:/home/user/.m2/repository/javax/el/javax.el-api/3.0.0/javax.el-api-3.0.0.jar:/home/user/.m2/repository/javax/interceptor/javax.interceptor-api/1.2/javax.interceptor-api-1.2.jar:/home/user/.m2/repository/javax/inject/javax.inject/1/javax.inject-1.jar:/home/user/.m2/repository/com/sun/xml/bind/jaxb-impl/2.3.0.1/jaxb-impl-2.3.0.1.jar:/home/user/.m2/repository/com/sun/xml/bind/jaxb-core/2.3.0.1/jaxb-core-2.3.0.1.jar:/home/user/.m2/repository/javax/xml/bind/jaxb-api/2.3.0/jaxb-api-2.3.0.jar:/home/user/.m2/repository/javax/activation/activation/1.1.1/activation-1.1.1.jar:/home/user/.m2/repository/org/apache/hadoop/hadoop-ozone-csi/0.5.0-SNAPSHOT/hadoop-ozone-csi-0.5.0-SNAPSHOT.jar:/home/user/.m2/repository/com/google/protobuf/protobuf-java-util/3.5.1/protobuf-java-util-3.5.1.jar:/home/user/.m2/repository/org/apache/hadoop/hadoop-hdds-config/0.5.0-SNAPSHOT/hadoop-hdds-config-0.5.0-SNAPSHOT.jar:/home/user/.m2/repository/io/grpc/grpc-netty/1.17.1/grpc-netty-1.17.1.jar:/home/user/.m2/repository/io/grpc/grpc-core/1.17.1/grpc-core-1.17.1.jar:/home/user/.m2/repository/io/grpc/grpc-context/1.17.1/grpc-context-1.17.1.jar:/home/user/.m2/repository/com/google/errorprone/error_prone_annotations/2.2.0/error_prone_annotations-2.2.0.jar:/home/user/.m2/repository/org/codehaus/mojo/animal-sniffer-annotations/1.17/animal-sniffer-annotations-1.17.jar:/home/user/.m2/repository/io/opencensus/opencensus-api/0.17.0/opencensus-api-0.17.0.jar:/home/user/.m2/repository/io/opencensus/opencensus-contrib-grpc-metrics/0.17.0/opencensus-contrib-grpc-metrics-0.17.0.jar:/home/user/.m2/repository/io/netty/netty-codec-http2/4.1.30.Final/netty-codec-http2-4.1.30.Final.jar:/home/user/.m2/repository/io/netty/netty-codec-http/4.1.30.Final/netty-codec-http-4.1.30.Final.jar:/home/user/.m2/repository/io/netty/netty-codec/4.1.30.Final/netty-codec-4.1.30.Final.jar:/home/user/.m2/repository/io/netty/netty-handler/4.1.30.Final/netty-handler-4.1.30.Final.jar:/home/user/.m2/repository/io/netty/netty-handler-proxy/4.1.30.Final/netty-handler-proxy-4.1.30.Final.jar:/home/user/.m2/repository/io/netty/netty-codec-socks/4.1.30.Final/netty-codec-socks-4.1.30.Final.jar:/home/user/.m2/repository/io/netty/netty-transport-native-epoll/4.1.30.Final/netty-transport-native-epoll-4.1.30.Final.jar:/home/user/.m2/repository/io/netty/netty-common/4.1.30.Final/netty-common-4.1.30.Final.jar:/home/user/.m2/repository/io/netty/netty-buffer/4.1.30.Final/netty-buffer-4.1.30.Final.jar:/home/user/.m2/repository/io/netty/netty-transport/4.1.30.Final/netty-transport-4.1.30.Final.jar:/home/user/.m2/repository/io/netty/netty-resolver/4.1.30.Final/netty-resolver-4.1.30.Final.jar:/home/user/.m2/repository/io/netty/netty-transport-native-unix-common/4.1.30.Final/netty-transport-native-unix-common-4.1.30.Final.jar:/home/user/.m2/repository/io/grpc/grpc-protobuf/1.17.1/grpc-protobuf-1.17.1.jar:/home/user/.m2/repository/com/google/api/grpc/proto-google-common-protos/1.0.0/proto-google-common-protos-1.0.0.jar:/home/user/.m2/repository/io/grpc/grpc-protobuf-lite/1.17.1/grpc-protobuf-lite-1.17.1.jar:/home/user/.m2/repository/io/grpc/grpc-stub/1.17.1/grpc-stub-1.17.1.jar:/home/user/.m2/repository/org/apache/hadoop/hadoop-ozone-recon/0.5.0-SNAPSHOT/hadoop-ozone-recon-0.5.0-SNAPSHOT.jar:/home/user/.m2/repository/org/apache/hadoop/hadoop-ozone-reconcodegen/0.5.0-SNAPSHOT/hadoop-ozone-reconcodegen-0.5.0-SNAPSHOT.jar:/home/user/.m2/repository/com/google/inject/extensions/guice-multibindings/4.0/guice-multibindings-4.0.jar:/home/user/.m2/repository/com/google/inject/guice/4.0/guice-4.0.jar:/home/user/.m2/repository/aopalliance/aopalliance/1.0/aopalliance-1.0.jar:/home/user/.m2/repository/com/google/inject/extensions/guice-servlet/4.0/guice-servlet-4.0.jar:/home/user/.m2/repository/org/glassfish/jersey/containers/jersey-container-servlet/2.27/jersey-container-servlet-2.27.jar:/home/user/.m2/repository/org/glassfish/hk2/guice-bridge/2.5.0/guice-bridge-2.5.0.jar:/home/user/.m2/repository/org/glassfish/jersey/core/jersey-server/2.27/jersey-server-2.27.jar:/home/user/.m2/repository/org/glassfish/jersey/core/jersey-client/2.27/jersey-client-2.27.jar:/home/user/.m2/repository/org/glassfish/jersey/media/jersey-media-jaxb/2.27/jersey-media-jaxb-2.27.jar:/home/user/.m2/repository/javax/validation/validation-api/1.1.0.Final/validation-api-1.1.0.Final.jar:/home/user/.m2/repository/org/glassfish/jersey/media/jersey-media-json-jackson/2.27/jersey-media-json-jackson-2.27.jar:/home/user/.m2/repository/org/glassfish/jersey/ext/jersey-entity-filtering/2.27/jersey-entity-filtering-2.27.jar:/home/user/.m2/repository/com/google/inject/extensions/guice-assistedinject/4.0/guice-assistedinject-4.0.jar:/home/user/.m2/repository/org/jooq/jooq/3.11.10/jooq-3.11.10.jar:/home/user/.m2/repository/org/jooq/jooq-meta/3.11.10/jooq-meta-3.11.10.jar:/home/user/.m2/repository/org/jooq/jooq-codegen/3.11.10/jooq-codegen-3.11.10.jar:/home/user/.m2/repository/com/jolbox/bonecp/0.8.0.RELEASE/bonecp-0.8.0.RELEASE.jar:/home/user/.m2/repository/org/xerial/sqlite-jdbc/3.25.2/sqlite-jdbc-3.25.2.jar:/home/user/.m2/repository/org/springframework/spring-jdbc/5.1.3.RELEASE/spring-jdbc-5.1.3.RELEASE.jar:/home/user/.m2/repository/org/springframework/spring-beans/5.1.3.RELEASE/spring-beans-5.1.3.RELEASE.jar:/home/user/.m2/repository/org/springframework/spring-core/5.1.3.RELEASE/spring-core-5.1.3.RELEASE.jar:/home/user/.m2/repository/org/springframework/spring-jcl/5.1.3.RELEASE/spring-jcl-5.1.3.RELEASE.jar:/home/user/.m2/repository/org/springframework/spring-tx/5.1.3.RELEASE/spring-tx-5.1.3.RELEASE.jar:/home/user/.m2/repository/org/apache/hadoop/hadoop-ozone-client/0.5.0-SNAPSHOT/hadoop-ozone-client-0.5.0-SNAPSHOT.jar:/home/user/.m2/repository/commons-lang/commons-lang/2.6/commons-lang-2.6.jar:/home/user/.m2/repository/org/apache/hadoop/hadoop-ozone-ozone-manager/0.5.0-SNAPSHOT/hadoop-ozone-ozone-manager-0.5.0-SNAPSHOT-tests.jar:/home/user/.m2/repository/junit/junit/4.11/junit-4.11.jar:/home/user/.m2/repository/org/hamcrest/hamcrest-core/1.3/hamcrest-core-1.3.jar:/home/user/.m2/repository/org/openjdk/jmh/jmh-core/1.19/jmh-core-1.19.jar:/home/user/.m2/repository/net/sf/jopt-simple/jopt-simple/4.6/jopt-simple-4.6.jar:/home/user/.m2/repository/org/apache/commons/commons-math3/3.1.1/commons-math3-3.1.1.jar:/home/user/.m2/repository/org/openjdk/jmh/jmh-generator-annprocess/1.19/jmh-generator-annprocess-1.19.jar:/home/user/.m2/repository/org/mockito/mockito-all/1.8.5/mockito-all-1.8.5.jar:/home/user/.m2/repository/org/apache/hadoop/hadoop-kms/3.2.0/hadoop-kms-3.2.0.jar:/home/user/.m2/repository/org/apache/hadoop/hadoop-auth/3.2.0/hadoop-auth-3.2.0.jar:/home/user/.m2/repository/com/nimbusds/nimbus-jose-jwt/4.41.1/nimbus-jose-jwt-4.41.1.jar:/home/user/.m2/repository/com/github/stephenc/jcip/jcip-annotations/1.0-1/jcip-annotations-1.0-1.jar:/home/user/.m2/repository/net/minidev/json-smart/2.3/json-smart-2.3.jar:/home/user/.m2/repository/net/minidev/accessors-smart/1.2/accessors-smart-1.2.jar:/home/user/.m2/repository/org/ow2/asm/asm/5.0.4/asm-5.0.4.jar:/home/user/.m2/repository/org/apache/curator/curator-framework/2.12.0/curator-framework-2.12.0.jar:/home/user/.m2/repository/com/sun/jersey/jersey-core/1.19/jersey-core-1.19.jar:/home/user/.m2/repository/javax/ws/rs/jsr311-api/1.1.1/jsr311-api-1.1.1.jar:/home/user/.m2/repository/com/sun/jersey/jersey-server/1.19/jersey-server-1.19.jar:/home/user/.m2/repository/javax/servlet/javax.servlet-api/3.1.0/javax.servlet-api-3.1.0.jar:/home/user/.m2/repository/org/eclipse/jetty/jetty-server/9.3.25.v20180904/jetty-server-9.3.25.v20180904.jar:/home/user/.m2/repository/org/eclipse/jetty/jetty-http/9.3.25.v20180904/jetty-http-9.3.25.v20180904.jar:/home/user/.m2/repository/org/eclipse/jetty/jetty-io/9.3.25.v20180904/jetty-io-9.3.25.v20180904.jar:/home/user/.m2/repository/org/eclipse/jetty/jetty-webapp/9.3.25.v20180904/jetty-webapp-9.3.25.v20180904.jar:/home/user/.m2/repository/org/eclipse/jetty/jetty-xml/9.3.25.v20180904/jetty-xml-9.3.25.v20180904.jar:/home/user/.m2/repository/log4j/log4j/1.2.17/log4j-1.2.17.jar:/home/user/.m2/repository/org/slf4j/slf4j-api/1.7.25/slf4j-api-1.7.25.jar:/home/user/.m2/repository/org/slf4j/jul-to-slf4j/1.7.25/jul-to-slf4j-1.7.25.jar:/home/user/.m2/repository/org/eclipse/jetty/jetty-util/9.3.25.v20180904/jetty-util-9.3.25.v20180904.jar:/home/user/.m2/repository/com/fasterxml/jackson/core/jackson-databind/2.9.9/jackson-databind-2.9.9.jar:/home/user/.m2/repository/org/apache/hadoop/hadoop-kms/3.2.0/hadoop-kms-3.2.0-tests.jar:/home/user/.m2/repository/org/apache/hadoop/hadoop-hdds-server-scm/0.5.0-SNAPSHOT/hadoop-hdds-server-scm-0.5.0-SNAPSHOT-tests.jar:/home/user/.m2/repository/org/apache/hadoop/hadoop-hdds-container-service/0.5.0-SNAPSHOT/hadoop-hdds-container-service-0.5.0-SNAPSHOT-tests.jar:/home/user/.m2/repository/org/yaml/snakeyaml/1.16/snakeyaml-1.16.jar:/home/user/.m2/repository/org/apache/hadoop/hadoop-common/3.2.0/hadoop-common-3.2.0-tests.jar:/home/user/.m2/repository/org/apache/hadoop/hadoop-annotations/3.2.0/hadoop-annotations-3.2.0.jar:/usr/lib/jvm/java-1.8.0-openjdk-1.8.0.222.b10-1.el7_7.x86_64/jre/../lib/tools.jar:/home/user/.m2/repository/commons-cli/commons-cli/1.2/commons-cli-1.2.jar:/home/user/.m2/repository/org/apache/httpcomponents/httpclient/4.5.2/httpclient-4.5.2.jar:/home/user/.m2/repository/org/apache/httpcomponents/httpcore/4.4.4/httpcore-4.4.4.jar:/home/user/.m2/repository/commons-codec/commons-codec/1.11/commons-codec-1.11.jar:/home/user/.m2/repository/commons-net/commons-net/3.6/commons-net-3.6.jar:/home/user/.m2/repository/commons-collections/commons-collections/3.2.2/commons-collections-3.2.2.jar:/home/user/.m2/repository/org/eclipse/jetty/jetty-servlet/9.3.25.v20180904/jetty-servlet-9.3.25.v20180904.jar:/home/user/.m2/repository/org/eclipse/jetty/jetty-security/9.3.25.v20180904/jetty-security-9.3.25.v20180904.jar:/home/user/.m2/repository/javax/servlet/jsp/jsp-api/2.1/jsp-api-2.1.jar:/home/user/.m2/repository/com/sun/jersey/jersey-servlet/1.19/jersey-servlet-1.19.jar:/home/user/.m2/repository/com/sun/jersey/jersey-json/1.19/jersey-json-1.19.jar:/home/user/.m2/repository/org/codehaus/jettison/jettison/1.1/jettison-1.1.jar:/home/user/.m2/repository/org/codehaus/jackson/jackson-core-asl/1.9.13/jackson-core-asl-1.9.13.jar:/home/user/.m2/repository/org/codehaus/jackson/jackson-mapper-asl/1.9.13/jackson-mapper-asl-1.9.13.jar:/home/user/.m2/repository/org/codehaus/jackson/jackson-jaxrs/1.9.13/jackson-jaxrs-1.9.13.jar:/home/user/.m2/repository/org/codehaus/jackson/jackson-xc/1.9.13/jackson-xc-1.9.13.jar:/home/user/.m2/repository/commons-logging/commons-logging/1.1.3/commons-logging-1.1.3.jar:/home/user/.m2/repository/commons-beanutils/commons-beanutils/1.9.4/commons-beanutils-1.9.4.jar:/home/user/.m2/repository/org/apache/commons/commons-configuration2/2.1.1/commons-configuration2-2.1.1.jar:/home/user/.m2/repository/org/apache/commons/commons-lang3/3.7/commons-lang3-3.7.jar:/home/user/.m2/repository/org/apache/commons/commons-text/1.4/commons-text-1.4.jar:/home/user/.m2/repository/org/apache/avro/avro/1.7.7/avro-1.7.7.jar:/home/user/.m2/repository/com/thoughtworks/paranamer/paranamer/2.3/paranamer-2.3.jar:/home/user/.m2/repository/org/xerial/snappy/snappy-java/1.0.5/snappy-java-1.0.5.jar:/home/user/.m2/repository/com/google/re2j/re2j/1.1/re2j-1.1.jar:/home/user/.m2/repository/com/google/code/gson/gson/2.2.4/gson-2.2.4.jar:/home/user/.m2/repository/com/jcraft/jsch/0.1.54/jsch-0.1.54.jar:/home/user/.m2/repository/org/apache/curator/curator-client/2.12.0/curator-client-2.12.0.jar:/home/user/.m2/repository/org/apache/curator/curator-recipes/2.12.0/curator-recipes-2.12.0.jar:/home/user/.m2/repository/com/google/code/findbugs/jsr305/3.0.0/jsr305-3.0.0.jar:/home/user/.m2/repository/org/apache/htrace/htrace-core4/4.1.0-incubating/htrace-core4-4.1.0-incubating.jar:/home/user/.m2/repository/org/apache/zookeeper/zookeeper/3.4.13/zookeeper-3.4.13.jar:/home/user/.m2/repository/jline/jline/0.9.94/jline-0.9.94.jar:/home/user/.m2/repository/org/apache/yetus/audience-annotations/0.5.0/audience-annotations-0.5.0.jar:/home/user/.m2/repository/org/codehaus/woodstox/stax2-api/3.1.4/stax2-api-3.1.4.jar:/home/user/.m2/repository/com/fasterxml/woodstox/woodstox-core/5.0.3/woodstox-core-5.0.3.jar:/home/user/.m2/repository/dnsjava/dnsjava/2.1.7/dnsjava-2.1.7.jar:/home/user/.m2/repository/org/apache/hadoop/hadoop-hdfs/3.2.0/hadoop-hdfs-3.2.0-tests.jar:/home/user/.m2/repository/org/eclipse/jetty/jetty-util-ajax/9.3.25.v20180904/jetty-util-ajax-9.3.25.v20180904.jar:/home/user/.m2/repository/commons-daemon/commons-daemon/1.0.13/commons-daemon-1.0.13.jar:/home/user/.m2/repository/io/netty/netty/3.10.5.Final/netty-3.10.5.Final.jar:/home/user/.m2/repository/io/netty/netty-all/4.0.52.Final/netty-all-4.0.52.Final.jar:/home/user/.m2/repository/org/fusesource/leveldbjni/leveldbjni-all/1.8/leveldbjni-all-1.8.jar:"/>
    <property name="sun.cpu.endian" value="little"/>
    <property name="user.home" value="/home/user"/>
    <property name="user.language" value="en"/>
    <property name="java.specification.vendor" value="Oracle Corporation"/>
    <property name="java.home" value="/usr/lib/jvm/java-1.8.0-openjdk-1.8.0.222.b10-1.el7_7.x86_64/jre"/>
    <property name="surefire.excludesFile" value="/tools/ozone-bad-unit-tests"/>
    <property name="java.security.krb5.conf" value="/workdir/hadoop-ozone/integration-test/target/test-classes/krb5.conf"/>
    <property name="basedir" value="/workdir/hadoop-ozone/integration-test"/>
    <property name="file.separator" value="/"/>
    <property name="line.separator" value="&#10;"/>
    <property name="java.vm.specification.vendor" value="Oracle Corporation"/>
    <property name="java.specification.name" value="Java Platform API Specification"/>
    <property name="java.awt.graphicsenv" value="sun.awt.X11GraphicsEnvironment"/>
    <property name="surefire.real.class.path" value="/workdir/hadoop-ozone/integration-test/target/surefire/surefirebooter9011150644819952819.jar"/>
    <property name="hadoop.log.dir" value="/workdir/hadoop-ozone/integration-test/target/log"/>
    <property name="sun.boot.class.path" value="/usr/lib/jvm/java-1.8.0-openjdk-1.8.0.222.b10-1.el7_7.x86_64/jre/lib/resources.jar:/usr/lib/jvm/java-1.8.0-openjdk-1.8.0.222.b10-1.el7_7.x86_64/jre/lib/rt.jar:/usr/lib/jvm/java-1.8.0-openjdk-1.8.0.222.b10-1.el7_7.x86_64/jre/lib/sunrsasign.jar:/usr/lib/jvm/java-1.8.0-openjdk-1.8.0.222.b10-1.el7_7.x86_64/jre/lib/jsse.jar:/usr/lib/jvm/java-1.8.0-openjdk-1.8.0.222.b10-1.el7_7.x86_64/jre/lib/jce.jar:/usr/lib/jvm/java-1.8.0-openjdk-1.8.0.222.b10-1.el7_7.x86_64/jre/lib/charsets.jar:/usr/lib/jvm/java-1.8.0-openjdk-1.8.0.222.b10-1.el7_7.x86_64/jre/lib/jfr.jar:/usr/lib/jvm/java-1.8.0-openjdk-1.8.0.222.b10-1.el7_7.x86_64/jre/classes"/>
    <property name="sun.management.compiler" value="HotSpot 64-Bit Tiered Compilers"/>
    <property name="java.runtime.version" value="1.8.0_222-b10"/>
    <property name="java.net.preferIPv4Stack" value="true"/>
    <property name="user.name" value="jenkins1000"/>
    <property name="path.separator" value=":"/>
    <property name="java.security.egd" value="file:///dev/urandom"/>
    <property name="os.version" value="3.10.0-957.12.2.el7.x86_64"/>
    <property name="java.endorsed.dirs" value="/usr/lib/jvm/java-1.8.0-openjdk-1.8.0.222.b10-1.el7_7.x86_64/jre/lib/endorsed"/>
    <property name="java.runtime.name" value="OpenJDK Runtime Environment"/>
    <property name="file.encoding" value="ANSI_X3.4-1968"/>
    <property name="java.vm.name" value="OpenJDK 64-Bit Server VM"/>
    <property name="test.build.webapps" value=""/>
    <property name="localRepository" value="/home/user/.m2/repository"/>
    <property name="java.vendor.url.bug" value="http://bugreport.sun.com/bugreport/"/>
    <property name="java.io.tmpdir" value="/tmp"/>
    <property name="require.test.libhadoop" value=""/>
    <property name="java.version" value="1.8.0_222"/>
    <property name="user.dir" value="/workdir/hadoop-ozone/integration-test"/>
    <property name="os.arch" value="amd64"/>
    <property name="java.vm.specification.name" value="Java Virtual Machine Specification"/>
    <property name="test.build.classes" value="/workdir/hadoop-ozone/integration-test/target/test-classes"/>
    <property name="java.awt.printerjob" value="sun.print.PSPrinterJob"/>
    <property name="sun.os.patch.level" value="unknown"/>
    <property name="hadoop.tmp.dir" value="/workdir/hadoop-ozone/integration-test/target/tmp"/>
    <property name="java.library.path" value="/usr/lib:/workdir/hadoop-ozone/integration-test/target/native/target/usr/local/lib:/workdir/hadoop-ozone/integration-test/../../hadoop-common-project/hadoop-common/target/native/target/usr/local/lib:/usr/java/packages/lib/amd64:/usr/lib64:/lib64:/lib:/usr/lib"/>
    <property name="java.vm.info" value="mixed mode"/>
    <property name="java.vendor" value="Oracle Corporation"/>
    <property name="java.vm.version" value="25.222-b10"/>
    <property name="java.ext.dirs" value="/usr/lib/jvm/java-1.8.0-openjdk-1.8.0.222.b10-1.el7_7.x86_64/jre/lib/ext:/usr/java/packages/lib/ext"/>
    <property name="sun.io.unicode.encoding" value="UnicodeLittle"/>
    <property name="java.class.version" value="52.0"/>
  </properties>
  <testcase name="testPipelineExclusionWithPipelineFailure" classname="org.apache.hadoop.ozone.client.rpc.TestFailureHandlingByClient" time="98.505"/>
  <testcase name="testContainerExclusionWithClosedContainerException" classname="org.apache.hadoop.ozone.client.rpc.TestFailureHandlingByClient" time="40.413"/>
  <testcase name="testWriteSmallFile" classname="org.apache.hadoop.ozone.client.rpc.TestFailureHandlingByClient" time="77.739"/>
  <testcase name="testBlockWritesWithDnFailures" classname="org.apache.hadoop.ozone.client.rpc.TestFailureHandlingByClient" time="53.61"/>
  <testcase name="testDatanodeExclusionWithMajorityCommit" classname="org.apache.hadoop.ozone.client.rpc.TestFailureHandlingByClient" time="36.305">
    <error message="PipelineID=cdbc83e8-4d22-4bce-b0ee-ba1d0b5421b3 not found" type="org.apache.hadoop.hdds.scm.pipeline.PipelineNotFoundException">org.apache.hadoop.hdds.scm.pipeline.PipelineNotFoundException: PipelineID=cdbc83e8-4d22-4bce-b0ee-ba1d0b5421b3 not found
	at org.apache.hadoop.hdds.scm.pipeline.PipelineStateMap.getPipeline(PipelineStateMap.java:132)
	at org.apache.hadoop.hdds.scm.pipeline.PipelineStateManager.getPipeline(PipelineStateManager.java:64)
	at org.apache.hadoop.hdds.scm.pipeline.SCMPipelineManager.getPipeline(SCMPipelineManager.java:191)
	at org.apache.hadoop.ozone.client.rpc.TestFailureHandlingByClient.testDatanodeExclusionWithMajorityCommit(TestFailureHandlingByClient.java:307)
	at sun.reflect.NativeMethodAccessorImpl.invoke0(Native Method)
	at sun.reflect.NativeMethodAccessorImpl.invoke(NativeMethodAccessorImpl.java:62)
	at sun.reflect.DelegatingMethodAccessorImpl.invoke(DelegatingMethodAccessorImpl.java:43)
	at java.lang.reflect.Method.invoke(Method.java:498)
	at org.junit.runners.model.FrameworkMethod$1.runReflectiveCall(FrameworkMethod.java:47)
	at org.junit.internal.runners.model.ReflectiveCallable.run(ReflectiveCallable.java:12)
	at org.junit.runners.model.FrameworkMethod.invokeExplosively(FrameworkMethod.java:44)
	at org.junit.internal.runners.statements.InvokeMethod.evaluate(InvokeMethod.java:17)
	at org.junit.internal.runners.statements.RunAfters.evaluate(RunAfters.java:27)
	at org.junit.runners.ParentRunner.runLeaf(ParentRunner.java:271)
	at org.junit.runners.BlockJUnit4ClassRunner.runChild(BlockJUnit4ClassRunner.java:70)
	at org.junit.runners.BlockJUnit4ClassRunner.runChild(BlockJUnit4ClassRunner.java:50)
	at org.junit.runners.ParentRunner$3.run(ParentRunner.java:238)
	at org.junit.runners.ParentRunner$1.schedule(ParentRunner.java:63)
	at org.junit.runners.ParentRunner.runChildren(ParentRunner.java:236)
	at org.junit.runners.ParentRunner.access$000(ParentRunner.java:53)
	at org.junit.runners.ParentRunner$2.evaluate(ParentRunner.java:229)
	at org.junit.runners.ParentRunner.run(ParentRunner.java:309)
	at org.apache.maven.surefire.junit4.JUnit4Provider.execute(JUnit4Provider.java:365)
	at org.apache.maven.surefire.junit4.JUnit4Provider.executeWithRerun(JUnit4Provider.java:273)
	at org.apache.maven.surefire.junit4.JUnit4Provider.executeTestSet(JUnit4Provider.java:238)
	at org.apache.maven.surefire.junit4.JUnit4Provider.invoke(JUnit4Provider.java:159)
	at org.apache.maven.surefire.booter.ForkedBooter.invokeProviderInSameClassLoader(ForkedBooter.java:384)
	at org.apache.maven.surefire.booter.ForkedBooter.runSuitesInProcess(ForkedBooter.java:345)
	at org.apache.maven.surefire.booter.ForkedBooter.execute(ForkedBooter.java:126)
	at org.apache.maven.surefire.booter.ForkedBooter.main(ForkedBooter.java:418)
</error>
    <system-out><![CDATA[2019-11-11 20:28:09,146 [main] WARN  server.ServerUtils (ServerUtils.java:getScmDbDir(145)) - ozone.scm.db.dirs is not configured. We recommend adding this setting. Falling back to ozone.metadata.dirs instead.
2019-11-11 20:28:09,163 [main] WARN  server.ServerUtils (ServerUtils.java:getScmDbDir(145)) - ozone.scm.db.dirs is not configured. We recommend adding this setting. Falling back to ozone.metadata.dirs instead.
2019-11-11 20:28:09,163 [main] WARN  server.ServerUtils (ServerUtils.java:getScmDbDir(145)) - ozone.scm.db.dirs is not configured. We recommend adding this setting. Falling back to ozone.metadata.dirs instead.
2019-11-11 20:28:09,164 [main] INFO  db.DBStoreBuilder (DBStoreBuilder.java:addTable(127)) - using custom profile for table: deletedBlocks
2019-11-11 20:28:09,165 [main] INFO  db.DBStoreBuilder (DBStoreBuilder.java:processTables(183)) - Using default column profile:DBProfile.DISK for Table:deletedBlocks
2019-11-11 20:28:09,165 [main] INFO  db.DBStoreBuilder (DBStoreBuilder.java:addTable(127)) - using custom profile for table: validCerts
2019-11-11 20:28:09,165 [main] INFO  db.DBStoreBuilder (DBStoreBuilder.java:processTables(183)) - Using default column profile:DBProfile.DISK for Table:validCerts
2019-11-11 20:28:09,166 [main] INFO  db.DBStoreBuilder (DBStoreBuilder.java:addTable(127)) - using custom profile for table: revokedCerts
2019-11-11 20:28:09,166 [main] INFO  db.DBStoreBuilder (DBStoreBuilder.java:processTables(183)) - Using default column profile:DBProfile.DISK for Table:revokedCerts
2019-11-11 20:28:09,166 [main] INFO  db.DBStoreBuilder (DBStoreBuilder.java:addTable(127)) - using custom profile for table: default
2019-11-11 20:28:09,167 [main] INFO  db.DBStoreBuilder (DBStoreBuilder.java:processTables(189)) - Using default column profile:DBProfile.DISK for Table:default
2019-11-11 20:28:09,167 [main] INFO  db.DBStoreBuilder (DBStoreBuilder.java:getDbProfile(220)) - Using default options. DBProfile.DISK
2019-11-11 20:28:09,538 [main] INFO  net.NodeSchemaLoader (NodeSchemaLoader.java:loadSchemaFromFile(125)) - Loading file from sun.misc.CompoundEnumeration@138f0661
2019-11-11 20:28:09,538 [main] INFO  net.NodeSchemaLoader (NodeSchemaLoader.java:loadSchema(171)) - Loading network topology layer schema file
2019-11-11 20:28:09,545 [main] INFO  node.SCMNodeManager (SCMNodeManager.java:<init>(116)) - Entering startup safe mode.
2019-11-11 20:28:09,547 [main] INFO  algorithms.ContainerPlacementPolicyFactory (ContainerPlacementPolicyFactory.java:getPolicy(57)) - Create container placement policy of type org.apache.hadoop.hdds.scm.container.placement.algorithms.SCMContainerPlacementRandom
2019-11-11 20:28:09,547 [main] WARN  server.ServerUtils (ServerUtils.java:getScmDbDir(145)) - ozone.scm.db.dirs is not configured. We recommend adding this setting. Falling back to ozone.metadata.dirs instead.
2019-11-11 20:28:09,670 [main] INFO  pipeline.SCMPipelineManager (SCMPipelineManager.java:initializePipelineState(132)) - No pipeline exists in current db
2019-11-11 20:28:09,670 [main] WARN  server.ServerUtils (ServerUtils.java:getScmDbDir(145)) - ozone.scm.db.dirs is not configured. We recommend adding this setting. Falling back to ozone.metadata.dirs instead.
2019-11-11 20:28:09,834 [main] WARN  events.EventQueue (EventQueue.java:fireEvent(183)) - No event handler registered for event TypedEvent{payloadType=SafeModeStatus, name='SafeModeStatus'}
2019-11-11 20:28:09,835 [main] INFO  ipc.CallQueueManager (CallQueueManager.java:<init>(84)) - Using callQueue: class java.util.concurrent.LinkedBlockingQueue, queueCapacity: 2000, scheduler: class org.apache.hadoop.ipc.DefaultRpcScheduler, ipcBackoff: false.
2019-11-11 20:28:09,836 [Socket Reader #1 for port 38257] INFO  ipc.Server (Server.java:run(1074)) - Starting Socket Reader #1 for port 38257
2019-11-11 20:28:09,838 [main] INFO  ipc.CallQueueManager (CallQueueManager.java:<init>(84)) - Using callQueue: class java.util.concurrent.LinkedBlockingQueue, queueCapacity: 2000, scheduler: class org.apache.hadoop.ipc.DefaultRpcScheduler, ipcBackoff: false.
2019-11-11 20:28:09,839 [Socket Reader #1 for port 40533] INFO  ipc.Server (Server.java:run(1074)) - Starting Socket Reader #1 for port 40533
2019-11-11 20:28:09,840 [main] INFO  ipc.CallQueueManager (CallQueueManager.java:<init>(84)) - Using callQueue: class java.util.concurrent.LinkedBlockingQueue, queueCapacity: 2000, scheduler: class org.apache.hadoop.ipc.DefaultRpcScheduler, ipcBackoff: false.
2019-11-11 20:28:09,841 [Socket Reader #1 for port 35157] INFO  ipc.Server (Server.java:run(1074)) - Starting Socket Reader #1 for port 35157
2019-11-11 20:28:09,844 [main] INFO  hdfs.DFSUtil (DFSUtil.java:httpServerTemplateForNNAndJN(1641)) - Starting Web-server for scm at: http://0.0.0.0:0
2019-11-11 20:28:09,847 [main] INFO  server.AuthenticationFilter (AuthenticationFilter.java:constructSecretProvider(240)) - Unable to initialize FileSignerSecretProvider, falling back to use random secrets.
2019-11-11 20:28:09,847 [main] WARN  http.HttpRequestLog (HttpRequestLog.java:getRequestLog(97)) - Jetty request log can only be enabled using Log4j
2019-11-11 20:28:09,849 [main] INFO  http.HttpServer2 (HttpServer2.java:addGlobalFilter(975)) - Added global filter 'safety' (class=org.apache.hadoop.http.HttpServer2$QuotingInputFilter)
2019-11-11 20:28:09,849 [main] INFO  http.HttpServer2 (HttpServer2.java:addFilter(948)) - Added filter static_user_filter (class=org.apache.hadoop.http.lib.StaticUserWebFilter$StaticUserFilter) to context scm
2019-11-11 20:28:09,849 [main] INFO  http.HttpServer2 (HttpServer2.java:addFilter(958)) - Added filter static_user_filter (class=org.apache.hadoop.http.lib.StaticUserWebFilter$StaticUserFilter) to context static
2019-11-11 20:28:09,849 [main] INFO  http.HttpServer2 (HttpServer2.java:addFilter(958)) - Added filter static_user_filter (class=org.apache.hadoop.http.lib.StaticUserWebFilter$StaticUserFilter) to context logs
2019-11-11 20:28:09,851 [main] INFO  server.StorageContainerManager (StorageContainerManager.java:start(764)) - StorageContainerLocationProtocol RPC server is listening at /0.0.0.0:35157
2019-11-11 20:28:09,852 [main] WARN  impl.MetricsConfig (MetricsConfig.java:loadFirst(134)) - Cannot locate configuration: tried hadoop-metrics2-storagecontainermanager.properties,hadoop-metrics2.properties
2019-11-11 20:28:09,853 [main] INFO  impl.MetricsSystemImpl (MetricsSystemImpl.java:startTimer(374)) - Scheduled Metric snapshot period at 10 second(s).
2019-11-11 20:28:09,853 [main] INFO  impl.MetricsSystemImpl (MetricsSystemImpl.java:start(191)) - StorageContainerManager metrics system started
2019-11-11 20:28:09,896 [main] WARN  impl.MetricsSystemImpl (MetricsSystemImpl.java:register(276)) - Sink prometheus already exists!
2019-11-11 20:28:09,924 [main] INFO  server.SCMClientProtocolServer (SCMClientProtocolServer.java:start(159)) - RPC server for Client  is listening at /0.0.0.0:35157
2019-11-11 20:28:09,924 [IPC Server Responder] INFO  ipc.Server (Server.java:run(1314)) - IPC Server Responder: starting
2019-11-11 20:28:09,924 [IPC Server listener on 35157] INFO  ipc.Server (Server.java:run(1153)) - IPC Server listener on 35157: starting
2019-11-11 20:28:09,928 [main] INFO  server.StorageContainerManager (StorageContainerManager.java:start(774)) - ScmBlockLocationProtocol RPC server is listening at /0.0.0.0:40533
2019-11-11 20:28:09,928 [main] INFO  server.SCMBlockProtocolServer (SCMBlockProtocolServer.java:start(146)) - RPC server for Block Protocol is listening at /0.0.0.0:40533
2019-11-11 20:28:09,928 [IPC Server Responder] INFO  ipc.Server (Server.java:run(1314)) - IPC Server Responder: starting
2019-11-11 20:28:09,929 [IPC Server listener on 40533] INFO  ipc.Server (Server.java:run(1153)) - IPC Server listener on 40533: starting
2019-11-11 20:28:09,932 [main] INFO  server.StorageContainerManager (StorageContainerManager.java:start(778)) - ScmDatanodeProtocl RPC server is listening at /0.0.0.0:38257
2019-11-11 20:28:09,932 [main] INFO  server.SCMDatanodeProtocolServer (SCMDatanodeProtocolServer.java:start(169)) - RPC server for DataNodes is listening at /0.0.0.0:38257
2019-11-11 20:28:09,932 [IPC Server Responder] INFO  ipc.Server (Server.java:run(1314)) - IPC Server Responder: starting
2019-11-11 20:28:09,932 [IPC Server listener on 38257] INFO  ipc.Server (Server.java:run(1153)) - IPC Server listener on 38257: starting
2019-11-11 20:28:09,936 [main] INFO  http.HttpServer2 (HttpServer2.java:bindListener(1191)) - Jetty bound to port 41783
2019-11-11 20:28:09,936 [main] INFO  server.Server (Server.java:doStart(351)) - jetty-9.3.25.v20180904, build timestamp: 2018-09-04T21:11:46Z, git hash: 3ce520221d0240229c862b122d2b06c12a625732
2019-11-11 20:28:09,937 [main] INFO  handler.ContextHandler (ContextHandler.java:doStart(781)) - Started o.e.j.s.ServletContextHandler@23bd0c81{/logs,file:///workdir/hadoop-ozone/integration-test/target/log,AVAILABLE}
2019-11-11 20:28:09,938 [main] INFO  handler.ContextHandler (ContextHandler.java:doStart(781)) - Started o.e.j.s.ServletContextHandler@544e3679{/static,file:///workdir/hadoop-ozone/integration-test/target/test-classes/webapps/static,AVAILABLE}
2019-11-11 20:28:09,941 [main] INFO  handler.ContextHandler (ContextHandler.java:doStart(781)) - Started o.e.j.w.WebAppContext@21e5f0b6{/,file:///workdir/hadoop-ozone/integration-test/target/test-classes/webapps/scm/,AVAILABLE}{/scm}
2019-11-11 20:28:09,941 [main] INFO  server.AbstractConnector (AbstractConnector.java:doStart(278)) - Started ServerConnector@93bf0e0{HTTP/1.1,[http/1.1]}{0.0.0.0:41783}
2019-11-11 20:28:09,941 [main] INFO  server.Server (Server.java:doStart(419)) - Started @271517ms
2019-11-11 20:28:09,942 [main] WARN  impl.MetricsSystemImpl (MetricsSystemImpl.java:register(276)) - Sink prometheus already exists!
2019-11-11 20:28:09,943 [main] INFO  server.BaseHttpServer (BaseHttpServer.java:updateConnectorAddress(215)) - HTTP server of SCM is listening at http://0.0.0.0:41783
2019-11-11 20:28:09,943 [main] WARN  server.ServerUtils (ServerUtils.java:getDBPath(222)) - ozone.om.db.dirs is not configured. We recommend adding this setting. Falling back to ozone.metadata.dirs instead.
2019-11-11 20:28:09,943 [org.apache.hadoop.util.JvmPauseMonitor$Monitor@656842bc] INFO  util.JvmPauseMonitor (JvmPauseMonitor.java:run(188)) - Starting JVM pause monitor
2019-11-11 20:28:09,967 [main] INFO  ha.OMHANodeDetails (OMHANodeDetails.java:loadOMHAConfig(190)) - Configuration either no ozone.om.address set. Falling back to the default OM address /127.0.0.1:0
2019-11-11 20:28:09,967 [main] INFO  ha.OMHANodeDetails (OMHANodeDetails.java:getOMNodeDetails(220)) - OM Service ID is not set. Setting it to the default ID: omServiceIdDefault
2019-11-11 20:28:09,968 [main] WARN  server.ServerUtils (ServerUtils.java:getDBPath(222)) - ozone.om.db.dirs is not configured. We recommend adding this setting. Falling back to ozone.metadata.dirs instead.
2019-11-11 20:28:09,968 [main] WARN  server.ServerUtils (ServerUtils.java:getDBPath(222)) - ozone.om.db.dirs is not configured. We recommend adding this setting. Falling back to ozone.metadata.dirs instead.
2019-11-11 20:28:09,974 [main] WARN  server.ServerUtils (ServerUtils.java:getDBPath(222)) - ozone.om.db.dirs is not configured. We recommend adding this setting. Falling back to ozone.metadata.dirs instead.
2019-11-11 20:28:09,974 [main] INFO  db.DBStoreBuilder (DBStoreBuilder.java:addTable(127)) - using custom profile for table: userTable
2019-11-11 20:28:09,974 [main] INFO  db.DBStoreBuilder (DBStoreBuilder.java:processTables(183)) - Using default column profile:DBProfile.DISK for Table:userTable
2019-11-11 20:28:09,974 [main] INFO  db.DBStoreBuilder (DBStoreBuilder.java:addTable(127)) - using custom profile for table: volumeTable
2019-11-11 20:28:09,975 [main] INFO  db.DBStoreBuilder (DBStoreBuilder.java:processTables(183)) - Using default column profile:DBProfile.DISK for Table:volumeTable
2019-11-11 20:28:09,975 [main] INFO  db.DBStoreBuilder (DBStoreBuilder.java:addTable(127)) - using custom profile for table: bucketTable
2019-11-11 20:28:09,975 [main] INFO  db.DBStoreBuilder (DBStoreBuilder.java:processTables(183)) - Using default column profile:DBProfile.DISK for Table:bucketTable
2019-11-11 20:28:09,975 [main] INFO  db.DBStoreBuilder (DBStoreBuilder.java:addTable(127)) - using custom profile for table: keyTable
2019-11-11 20:28:09,975 [main] INFO  db.DBStoreBuilder (DBStoreBuilder.java:processTables(183)) - Using default column profile:DBProfile.DISK for Table:keyTable
2019-11-11 20:28:09,975 [main] INFO  db.DBStoreBuilder (DBStoreBuilder.java:addTable(127)) - using custom profile for table: deletedTable
2019-11-11 20:28:09,975 [main] INFO  db.DBStoreBuilder (DBStoreBuilder.java:processTables(183)) - Using default column profile:DBProfile.DISK for Table:deletedTable
2019-11-11 20:28:09,976 [main] INFO  db.DBStoreBuilder (DBStoreBuilder.java:addTable(127)) - using custom profile for table: openKeyTable
2019-11-11 20:28:09,976 [main] INFO  db.DBStoreBuilder (DBStoreBuilder.java:processTables(183)) - Using default column profile:DBProfile.DISK for Table:openKeyTable
2019-11-11 20:28:09,976 [main] INFO  db.DBStoreBuilder (DBStoreBuilder.java:addTable(127)) - using custom profile for table: s3Table
2019-11-11 20:28:09,976 [main] INFO  db.DBStoreBuilder (DBStoreBuilder.java:processTables(183)) - Using default column profile:DBProfile.DISK for Table:s3Table
2019-11-11 20:28:09,976 [main] INFO  db.DBStoreBuilder (DBStoreBuilder.java:addTable(127)) - using custom profile for table: multipartInfoTable
2019-11-11 20:28:09,976 [main] INFO  db.DBStoreBuilder (DBStoreBuilder.java:processTables(183)) - Using default column profile:DBProfile.DISK for Table:multipartInfoTable
2019-11-11 20:28:09,976 [main] INFO  db.DBStoreBuilder (DBStoreBuilder.java:addTable(127)) - using custom profile for table: dTokenTable
2019-11-11 20:28:09,976 [main] INFO  db.DBStoreBuilder (DBStoreBuilder.java:processTables(183)) - Using default column profile:DBProfile.DISK for Table:dTokenTable
2019-11-11 20:28:09,976 [main] INFO  db.DBStoreBuilder (DBStoreBuilder.java:addTable(127)) - using custom profile for table: s3SecretTable
2019-11-11 20:28:09,977 [main] INFO  db.DBStoreBuilder (DBStoreBuilder.java:processTables(183)) - Using default column profile:DBProfile.DISK for Table:s3SecretTable
2019-11-11 20:28:09,977 [main] INFO  db.DBStoreBuilder (DBStoreBuilder.java:addTable(127)) - using custom profile for table: prefixTable
2019-11-11 20:28:09,977 [main] INFO  db.DBStoreBuilder (DBStoreBuilder.java:processTables(183)) - Using default column profile:DBProfile.DISK for Table:prefixTable
2019-11-11 20:28:09,977 [main] INFO  db.DBStoreBuilder (DBStoreBuilder.java:addTable(127)) - using custom profile for table: default
2019-11-11 20:28:09,977 [main] INFO  db.DBStoreBuilder (DBStoreBuilder.java:processTables(189)) - Using default column profile:DBProfile.DISK for Table:default
2019-11-11 20:28:09,977 [main] INFO  db.DBStoreBuilder (DBStoreBuilder.java:getDbProfile(220)) - Using default options. DBProfile.DISK
2019-11-11 20:28:10,674 [main] INFO  ipc.CallQueueManager (CallQueueManager.java:<init>(84)) - Using callQueue: class java.util.concurrent.LinkedBlockingQueue, queueCapacity: 2000, scheduler: class org.apache.hadoop.ipc.DefaultRpcScheduler, ipcBackoff: false.
2019-11-11 20:28:10,675 [Socket Reader #1 for port 35343] INFO  ipc.Server (Server.java:run(1074)) - Starting Socket Reader #1 for port 35343
2019-11-11 20:28:10,692 [main] INFO  om.OzoneManager (OzoneManager.java:start(1076)) - OzoneManager RPC server is listening at localhost/127.0.0.1:35343
2019-11-11 20:28:10,693 [main] INFO  impl.MetricsSystemImpl (MetricsSystemImpl.java:init(158)) - OzoneManager metrics system started (again)
2019-11-11 20:28:10,694 [IPC Server Responder] INFO  ipc.Server (Server.java:run(1314)) - IPC Server Responder: starting
2019-11-11 20:28:10,695 [IPC Server listener on 35343] INFO  ipc.Server (Server.java:run(1153)) - IPC Server listener on 35343: starting
2019-11-11 20:28:10,701 [main] INFO  hdfs.DFSUtil (DFSUtil.java:httpServerTemplateForNNAndJN(1641)) - Starting Web-server for ozoneManager at: http://0.0.0.0:0
2019-11-11 20:28:10,703 [main] INFO  server.AuthenticationFilter (AuthenticationFilter.java:constructSecretProvider(240)) - Unable to initialize FileSignerSecretProvider, falling back to use random secrets.
2019-11-11 20:28:10,704 [main] WARN  http.HttpRequestLog (HttpRequestLog.java:getRequestLog(97)) - Jetty request log can only be enabled using Log4j
2019-11-11 20:28:10,706 [main] INFO  http.HttpServer2 (HttpServer2.java:addGlobalFilter(975)) - Added global filter 'safety' (class=org.apache.hadoop.http.HttpServer2$QuotingInputFilter)
2019-11-11 20:28:10,707 [main] INFO  http.HttpServer2 (HttpServer2.java:addFilter(948)) - Added filter static_user_filter (class=org.apache.hadoop.http.lib.StaticUserWebFilter$StaticUserFilter) to context ozoneManager
2019-11-11 20:28:10,707 [main] INFO  http.HttpServer2 (HttpServer2.java:addFilter(958)) - Added filter static_user_filter (class=org.apache.hadoop.http.lib.StaticUserWebFilter$StaticUserFilter) to context static
2019-11-11 20:28:10,707 [main] INFO  http.HttpServer2 (HttpServer2.java:addFilter(958)) - Added filter static_user_filter (class=org.apache.hadoop.http.lib.StaticUserWebFilter$StaticUserFilter) to context logs
2019-11-11 20:28:10,708 [main] INFO  http.HttpServer2 (HttpServer2.java:bindListener(1191)) - Jetty bound to port 46564
2019-11-11 20:28:10,709 [main] INFO  server.Server (Server.java:doStart(351)) - jetty-9.3.25.v20180904, build timestamp: 2018-09-04T21:11:46Z, git hash: 3ce520221d0240229c862b122d2b06c12a625732
2019-11-11 20:28:10,711 [main] INFO  handler.ContextHandler (ContextHandler.java:doStart(781)) - Started o.e.j.s.ServletContextHandler@77083e41{/logs,file:///workdir/hadoop-ozone/integration-test/target/log,AVAILABLE}
2019-11-11 20:28:10,711 [main] INFO  handler.ContextHandler (ContextHandler.java:doStart(781)) - Started o.e.j.s.ServletContextHandler@2d130ac4{/static,file:///workdir/hadoop-ozone/integration-test/target/test-classes/webapps/static,AVAILABLE}
2019-11-11 20:28:10,717 [main] INFO  handler.ContextHandler (ContextHandler.java:doStart(781)) - Started o.e.j.w.WebAppContext@6fbf5db2{/,file:///workdir/hadoop-ozone/integration-test/target/test-classes/webapps/ozoneManager/,AVAILABLE}{/ozoneManager}
2019-11-11 20:28:10,717 [main] INFO  server.AbstractConnector (AbstractConnector.java:doStart(278)) - Started ServerConnector@509a6095{HTTP/1.1,[http/1.1]}{0.0.0.0:46564}
2019-11-11 20:28:10,718 [main] INFO  server.Server (Server.java:doStart(419)) - Started @272293ms
2019-11-11 20:28:10,718 [main] WARN  impl.MetricsSystemImpl (MetricsSystemImpl.java:register(276)) - Sink prometheus already exists!
2019-11-11 20:28:10,719 [main] INFO  server.BaseHttpServer (BaseHttpServer.java:updateConnectorAddress(215)) - HTTP server of OZONEMANAGER is listening at http://0.0.0.0:46564
2019-11-11 20:28:10,758 [main] INFO  impl.MetricsSystemImpl (MetricsSystemImpl.java:init(158)) - HddsDatanode metrics system started (again)
2019-11-11 20:28:10,760 [main] INFO  ozone.HddsDatanodeService (HddsDatanodeService.java:start(183)) - HddsDatanodeService host:pr-hdds-1868-2776b-164702576 ip:192.168.69.124
2019-11-11 20:28:10,767 [main] INFO  volume.HddsVolume (HddsVolume.java:<init>(176)) - Creating Volume: /workdir/hadoop-ozone/integration-test/target/test-dir/MiniOzoneClusterImpl-878a1954-6462-47b6-bdcc-bab86c556cb3/datanode-0/data/containers/hdds of  storage type : DISK and capacity : 1482555576320
2019-11-11 20:28:10,779 [main] INFO  volume.VolumeSet (VolumeSet.java:initializeVolumeSet(170)) - Added Volume : /workdir/hadoop-ozone/integration-test/target/test-dir/MiniOzoneClusterImpl-878a1954-6462-47b6-bdcc-bab86c556cb3/datanode-0/data/containers/hdds to VolumeSet
2019-11-11 20:28:10,779 [main] INFO  volume.ThrottledAsyncChecker (ThrottledAsyncChecker.java:schedule(141)) - Scheduling a check for /workdir/hadoop-ozone/integration-test/target/test-dir/MiniOzoneClusterImpl-878a1954-6462-47b6-bdcc-bab86c556cb3/datanode-0/data/containers/hdds
2019-11-11 20:28:10,780 [main] INFO  volume.HddsVolumeChecker (HddsVolumeChecker.java:checkAllVolumes(204)) - Scheduled health check for volume /workdir/hadoop-ozone/integration-test/target/test-dir/MiniOzoneClusterImpl-878a1954-6462-47b6-bdcc-bab86c556cb3/datanode-0/data/containers/hdds
2019-11-11 20:28:10,791 [main] INFO  impl.RaftServerProxy (ConfUtils.java:logGet(43)) - raft.rpc.type = GRPC (default)
2019-11-11 20:28:10,791 [main] INFO  grpc.GrpcFactory (GrpcFactory.java:checkPooledByteBufAllocatorUseCacheForAllThreads(45)) - PERFORMANCE WARNING: useCacheForAllThreads is true that may cause Netty to create a lot garbage objects and, as a result, trigger GC.
	It is recommended to disable useCacheForAllThreads by setting -Dorg.apache.ratis.thirdparty.io.netty.allocator.useCacheForAllThreads=false in command line.
2019-11-11 20:28:10,791 [main] INFO  grpc.GrpcConfigKeys$Server (ConfUtils.java:logGet(43)) - raft.grpc.server.port = 0 (default)
2019-11-11 20:28:10,791 [main] INFO  server.GrpcService (ConfUtils.java:logGet(43)) - raft.grpc.message.size.max = 33570816 (custom)
2019-11-11 20:28:10,791 [main] INFO  server.RaftServerConfigKeys (ConfUtils.java:logGet(43)) - raft.server.log.appender.buffer.byte-limit = 33554432 (custom)
2019-11-11 20:28:10,792 [main] INFO  server.GrpcService (ConfUtils.java:logGet(43)) - raft.grpc.flow.control.window = 1MB (=1048576) (default)
2019-11-11 20:28:10,792 [main] INFO  server.RaftServerConfigKeys (ConfUtils.java:logGet(43)) - raft.server.rpc.request.timeout = 3000ms (default)
2019-11-11 20:28:10,792 [main] INFO  server.RaftServerConfigKeys (ConfUtils.java:logGet(43)) - raft.server.storage.dir = [/workdir/hadoop-ozone/integration-test/target/test-dir/MiniOzoneClusterImpl-878a1954-6462-47b6-bdcc-bab86c556cb3/datanode-0/data/ratis] (custom)
2019-11-11 20:28:10,809 [main] INFO  hdfs.DFSUtil (DFSUtil.java:httpServerTemplateForNNAndJN(1641)) - Starting Web-server for hddsDatanode at: http://0.0.0.0:0
2019-11-11 20:28:10,810 [main] INFO  server.AuthenticationFilter (AuthenticationFilter.java:constructSecretProvider(240)) - Unable to initialize FileSignerSecretProvider, falling back to use random secrets.
2019-11-11 20:28:10,811 [main] WARN  http.HttpRequestLog (HttpRequestLog.java:getRequestLog(97)) - Jetty request log can only be enabled using Log4j
2019-11-11 20:28:10,812 [main] INFO  http.HttpServer2 (HttpServer2.java:addGlobalFilter(975)) - Added global filter 'safety' (class=org.apache.hadoop.http.HttpServer2$QuotingInputFilter)
2019-11-11 20:28:10,813 [main] INFO  http.HttpServer2 (HttpServer2.java:addFilter(948)) - Added filter static_user_filter (class=org.apache.hadoop.http.lib.StaticUserWebFilter$StaticUserFilter) to context hddsDatanode
2019-11-11 20:28:10,813 [main] INFO  http.HttpServer2 (HttpServer2.java:addFilter(958)) - Added filter static_user_filter (class=org.apache.hadoop.http.lib.StaticUserWebFilter$StaticUserFilter) to context logs
2019-11-11 20:28:10,813 [main] INFO  http.HttpServer2 (HttpServer2.java:addFilter(958)) - Added filter static_user_filter (class=org.apache.hadoop.http.lib.StaticUserWebFilter$StaticUserFilter) to context static
2019-11-11 20:28:10,813 [main] INFO  http.HttpServer2 (HttpServer2.java:bindListener(1191)) - Jetty bound to port 42388
2019-11-11 20:28:10,813 [main] INFO  server.Server (Server.java:doStart(351)) - jetty-9.3.25.v20180904, build timestamp: 2018-09-04T21:11:46Z, git hash: 3ce520221d0240229c862b122d2b06c12a625732
2019-11-11 20:28:10,815 [main] INFO  handler.ContextHandler (ContextHandler.java:doStart(781)) - Started o.e.j.s.ServletContextHandler@3079c26a{/logs,file:///workdir/hadoop-ozone/integration-test/target/log,AVAILABLE}
2019-11-11 20:28:10,815 [main] INFO  handler.ContextHandler (ContextHandler.java:doStart(781)) - Started o.e.j.s.ServletContextHandler@17ec335a{/static,jar:file:/home/user/.m2/repository/org/apache/hadoop/hadoop-hdds-container-service/0.5.0-SNAPSHOT/hadoop-hdds-container-service-0.5.0-SNAPSHOT.jar!/webapps/static,AVAILABLE}
2019-11-11 20:28:10,838 [main] INFO  handler.ContextHandler (ContextHandler.java:doStart(781)) - Started o.e.j.w.WebAppContext@71531dd7{/,file:///tmp/jetty-0.0.0.0-42388-hddsDatanode-_-any-7046413383246031696.dir/webapp/,AVAILABLE}{/hddsDatanode}
2019-11-11 20:28:10,838 [main] INFO  server.AbstractConnector (AbstractConnector.java:doStart(278)) - Started ServerConnector@20256a0b{HTTP/1.1,[http/1.1]}{0.0.0.0:42388}
2019-11-11 20:28:10,838 [main] INFO  server.Server (Server.java:doStart(419)) - Started @272414ms
2019-11-11 20:28:10,839 [main] WARN  impl.MetricsSystemImpl (MetricsSystemImpl.java:register(276)) - Sink prometheus already exists!
2019-11-11 20:28:10,840 [main] INFO  server.BaseHttpServer (BaseHttpServer.java:updateConnectorAddress(215)) - HTTP server of HDDSDATANODE is listening at http://0.0.0.0:42388
2019-11-11 20:28:10,840 [main] INFO  impl.MetricsSystemImpl (MetricsSystemImpl.java:init(158)) - HddsDatanode metrics system started (again)
2019-11-11 20:28:10,843 [org.apache.hadoop.util.JvmPauseMonitor$Monitor@8723493] INFO  util.JvmPauseMonitor (JvmPauseMonitor.java:run(188)) - Starting JVM pause monitor
2019-11-11 20:28:10,845 [main] INFO  ozone.HddsDatanodeService (HddsDatanodeService.java:start(183)) - HddsDatanodeService host:pr-hdds-1868-2776b-164702576 ip:192.168.69.124
2019-11-11 20:28:10,846 [Datanode State Machine Thread - 0] INFO  datanode.InitDatanodeState (InitDatanodeState.java:persistContainerDatanodeDetails(140)) - DatanodeDetails is persisted to /workdir/hadoop-ozone/integration-test/target/test-dir/MiniOzoneClusterImpl-878a1954-6462-47b6-bdcc-bab86c556cb3/datanode-0/meta/datanode.id
2019-11-11 20:28:10,853 [main] INFO  volume.HddsVolume (HddsVolume.java:<init>(176)) - Creating Volume: /workdir/hadoop-ozone/integration-test/target/test-dir/MiniOzoneClusterImpl-878a1954-6462-47b6-bdcc-bab86c556cb3/datanode-1/data/containers/hdds of  storage type : DISK and capacity : 1482555576320
2019-11-11 20:28:10,858 [main] INFO  volume.VolumeSet (VolumeSet.java:initializeVolumeSet(170)) - Added Volume : /workdir/hadoop-ozone/integration-test/target/test-dir/MiniOzoneClusterImpl-878a1954-6462-47b6-bdcc-bab86c556cb3/datanode-1/data/containers/hdds to VolumeSet
2019-11-11 20:28:10,859 [main] INFO  volume.ThrottledAsyncChecker (ThrottledAsyncChecker.java:schedule(141)) - Scheduling a check for /workdir/hadoop-ozone/integration-test/target/test-dir/MiniOzoneClusterImpl-878a1954-6462-47b6-bdcc-bab86c556cb3/datanode-1/data/containers/hdds
2019-11-11 20:28:10,859 [main] INFO  volume.HddsVolumeChecker (HddsVolumeChecker.java:checkAllVolumes(204)) - Scheduled health check for volume /workdir/hadoop-ozone/integration-test/target/test-dir/MiniOzoneClusterImpl-878a1954-6462-47b6-bdcc-bab86c556cb3/datanode-1/data/containers/hdds
2019-11-11 20:28:10,878 [main] INFO  impl.RaftServerProxy (ConfUtils.java:logGet(43)) - raft.rpc.type = GRPC (default)
2019-11-11 20:28:10,878 [main] INFO  grpc.GrpcFactory (GrpcFactory.java:checkPooledByteBufAllocatorUseCacheForAllThreads(45)) - PERFORMANCE WARNING: useCacheForAllThreads is true that may cause Netty to create a lot garbage objects and, as a result, trigger GC.
	It is recommended to disable useCacheForAllThreads by setting -Dorg.apache.ratis.thirdparty.io.netty.allocator.useCacheForAllThreads=false in command line.
2019-11-11 20:28:10,878 [main] INFO  grpc.GrpcConfigKeys$Server (ConfUtils.java:logGet(43)) - raft.grpc.server.port = 0 (default)
2019-11-11 20:28:10,879 [main] INFO  server.GrpcService (ConfUtils.java:logGet(43)) - raft.grpc.message.size.max = 33570816 (custom)
2019-11-11 20:28:10,879 [main] INFO  server.RaftServerConfigKeys (ConfUtils.java:logGet(43)) - raft.server.log.appender.buffer.byte-limit = 33554432 (custom)
2019-11-11 20:28:10,879 [main] INFO  server.GrpcService (ConfUtils.java:logGet(43)) - raft.grpc.flow.control.window = 1MB (=1048576) (default)
2019-11-11 20:28:10,879 [main] INFO  server.RaftServerConfigKeys (ConfUtils.java:logGet(43)) - raft.server.rpc.request.timeout = 3000ms (default)
2019-11-11 20:28:10,880 [main] INFO  server.RaftServerConfigKeys (ConfUtils.java:logGet(43)) - raft.server.storage.dir = [/workdir/hadoop-ozone/integration-test/target/test-dir/MiniOzoneClusterImpl-878a1954-6462-47b6-bdcc-bab86c556cb3/datanode-1/data/ratis] (custom)
2019-11-11 20:28:10,885 [main] INFO  hdfs.DFSUtil (DFSUtil.java:httpServerTemplateForNNAndJN(1641)) - Starting Web-server for hddsDatanode at: http://0.0.0.0:0
2019-11-11 20:28:10,886 [main] INFO  server.AuthenticationFilter (AuthenticationFilter.java:constructSecretProvider(240)) - Unable to initialize FileSignerSecretProvider, falling back to use random secrets.
2019-11-11 20:28:10,887 [main] WARN  http.HttpRequestLog (HttpRequestLog.java:getRequestLog(97)) - Jetty request log can only be enabled using Log4j
2019-11-11 20:28:10,888 [main] INFO  http.HttpServer2 (HttpServer2.java:addGlobalFilter(975)) - Added global filter 'safety' (class=org.apache.hadoop.http.HttpServer2$QuotingInputFilter)
2019-11-11 20:28:10,889 [main] INFO  http.HttpServer2 (HttpServer2.java:addFilter(948)) - Added filter static_user_filter (class=org.apache.hadoop.http.lib.StaticUserWebFilter$StaticUserFilter) to context hddsDatanode
2019-11-11 20:28:10,889 [main] INFO  http.HttpServer2 (HttpServer2.java:addFilter(958)) - Added filter static_user_filter (class=org.apache.hadoop.http.lib.StaticUserWebFilter$StaticUserFilter) to context static
2019-11-11 20:28:10,890 [main] INFO  http.HttpServer2 (HttpServer2.java:addFilter(958)) - Added filter static_user_filter (class=org.apache.hadoop.http.lib.StaticUserWebFilter$StaticUserFilter) to context logs
2019-11-11 20:28:10,890 [main] INFO  http.HttpServer2 (HttpServer2.java:bindListener(1191)) - Jetty bound to port 37363
2019-11-11 20:28:10,891 [main] INFO  server.Server (Server.java:doStart(351)) - jetty-9.3.25.v20180904, build timestamp: 2018-09-04T21:11:46Z, git hash: 3ce520221d0240229c862b122d2b06c12a625732
2019-11-11 20:28:10,892 [main] INFO  handler.ContextHandler (ContextHandler.java:doStart(781)) - Started o.e.j.s.ServletContextHandler@2c8b8de0{/logs,file:///workdir/hadoop-ozone/integration-test/target/log,AVAILABLE}
2019-11-11 20:28:10,893 [main] INFO  handler.ContextHandler (ContextHandler.java:doStart(781)) - Started o.e.j.s.ServletContextHandler@6b063470{/static,jar:file:/home/user/.m2/repository/org/apache/hadoop/hadoop-hdds-container-service/0.5.0-SNAPSHOT/hadoop-hdds-container-service-0.5.0-SNAPSHOT.jar!/webapps/static,AVAILABLE}
2019-11-11 20:28:10,929 [main] INFO  handler.ContextHandler (ContextHandler.java:doStart(781)) - Started o.e.j.w.WebAppContext@c9b5a99{/,file:///tmp/jetty-0.0.0.0-37363-hddsDatanode-_-any-6050714045212482435.dir/webapp/,AVAILABLE}{/hddsDatanode}
2019-11-11 20:28:10,929 [main] INFO  server.AbstractConnector (AbstractConnector.java:doStart(278)) - Started ServerConnector@70be89ec{HTTP/1.1,[http/1.1]}{0.0.0.0:37363}
2019-11-11 20:28:10,929 [main] INFO  server.Server (Server.java:doStart(419)) - Started @272504ms
2019-11-11 20:28:10,930 [main] WARN  impl.MetricsSystemImpl (MetricsSystemImpl.java:register(276)) - Sink prometheus already exists!
2019-11-11 20:28:10,931 [main] INFO  server.BaseHttpServer (BaseHttpServer.java:updateConnectorAddress(215)) - HTTP server of HDDSDATANODE is listening at http://0.0.0.0:37363
2019-11-11 20:28:10,931 [main] INFO  impl.MetricsSystemImpl (MetricsSystemImpl.java:init(158)) - HddsDatanode metrics system started (again)
2019-11-11 20:28:10,934 [main] INFO  ozone.HddsDatanodeService (HddsDatanodeService.java:start(183)) - HddsDatanodeService host:pr-hdds-1868-2776b-164702576 ip:192.168.69.124
2019-11-11 20:28:10,934 [org.apache.hadoop.util.JvmPauseMonitor$Monitor@22e16ef9] INFO  util.JvmPauseMonitor (JvmPauseMonitor.java:run(188)) - Starting JVM pause monitor
2019-11-11 20:28:10,935 [Datanode State Machine Thread - 0] INFO  datanode.InitDatanodeState (InitDatanodeState.java:persistContainerDatanodeDetails(140)) - DatanodeDetails is persisted to /workdir/hadoop-ozone/integration-test/target/test-dir/MiniOzoneClusterImpl-878a1954-6462-47b6-bdcc-bab86c556cb3/datanode-1/meta/datanode.id
2019-11-11 20:28:10,941 [main] INFO  volume.HddsVolume (HddsVolume.java:<init>(176)) - Creating Volume: /workdir/hadoop-ozone/integration-test/target/test-dir/MiniOzoneClusterImpl-878a1954-6462-47b6-bdcc-bab86c556cb3/datanode-2/data/containers/hdds of  storage type : DISK and capacity : 1482555576320
2019-11-11 20:28:10,942 [main] INFO  volume.VolumeSet (VolumeSet.java:initializeVolumeSet(170)) - Added Volume : /workdir/hadoop-ozone/integration-test/target/test-dir/MiniOzoneClusterImpl-878a1954-6462-47b6-bdcc-bab86c556cb3/datanode-2/data/containers/hdds to VolumeSet
2019-11-11 20:28:10,942 [main] INFO  volume.ThrottledAsyncChecker (ThrottledAsyncChecker.java:schedule(141)) - Scheduling a check for /workdir/hadoop-ozone/integration-test/target/test-dir/MiniOzoneClusterImpl-878a1954-6462-47b6-bdcc-bab86c556cb3/datanode-2/data/containers/hdds
2019-11-11 20:28:10,942 [main] INFO  volume.HddsVolumeChecker (HddsVolumeChecker.java:checkAllVolumes(204)) - Scheduled health check for volume /workdir/hadoop-ozone/integration-test/target/test-dir/MiniOzoneClusterImpl-878a1954-6462-47b6-bdcc-bab86c556cb3/datanode-2/data/containers/hdds
2019-11-11 20:28:10,960 [main] INFO  impl.RaftServerProxy (ConfUtils.java:logGet(43)) - raft.rpc.type = GRPC (default)
2019-11-11 20:28:10,960 [main] INFO  grpc.GrpcFactory (GrpcFactory.java:checkPooledByteBufAllocatorUseCacheForAllThreads(45)) - PERFORMANCE WARNING: useCacheForAllThreads is true that may cause Netty to create a lot garbage objects and, as a result, trigger GC.
	It is recommended to disable useCacheForAllThreads by setting -Dorg.apache.ratis.thirdparty.io.netty.allocator.useCacheForAllThreads=false in command line.
2019-11-11 20:28:10,961 [main] INFO  grpc.GrpcConfigKeys$Server (ConfUtils.java:logGet(43)) - raft.grpc.server.port = 0 (default)
2019-11-11 20:28:10,961 [main] INFO  server.GrpcService (ConfUtils.java:logGet(43)) - raft.grpc.message.size.max = 33570816 (custom)
2019-11-11 20:28:10,961 [main] INFO  server.RaftServerConfigKeys (ConfUtils.java:logGet(43)) - raft.server.log.appender.buffer.byte-limit = 33554432 (custom)
2019-11-11 20:28:10,961 [main] INFO  server.GrpcService (ConfUtils.java:logGet(43)) - raft.grpc.flow.control.window = 1MB (=1048576) (default)
2019-11-11 20:28:10,961 [main] INFO  server.RaftServerConfigKeys (ConfUtils.java:logGet(43)) - raft.server.rpc.request.timeout = 3000ms (default)
2019-11-11 20:28:10,962 [main] INFO  server.RaftServerConfigKeys (ConfUtils.java:logGet(43)) - raft.server.storage.dir = [/workdir/hadoop-ozone/integration-test/target/test-dir/MiniOzoneClusterImpl-878a1954-6462-47b6-bdcc-bab86c556cb3/datanode-2/data/ratis] (custom)
2019-11-11 20:28:10,963 [main] INFO  hdfs.DFSUtil (DFSUtil.java:httpServerTemplateForNNAndJN(1641)) - Starting Web-server for hddsDatanode at: http://0.0.0.0:0
2019-11-11 20:28:10,964 [main] INFO  server.AuthenticationFilter (AuthenticationFilter.java:constructSecretProvider(240)) - Unable to initialize FileSignerSecretProvider, falling back to use random secrets.
2019-11-11 20:28:10,964 [main] WARN  http.HttpRequestLog (HttpRequestLog.java:getRequestLog(97)) - Jetty request log can only be enabled using Log4j
2019-11-11 20:28:10,966 [main] INFO  http.HttpServer2 (HttpServer2.java:addGlobalFilter(975)) - Added global filter 'safety' (class=org.apache.hadoop.http.HttpServer2$QuotingInputFilter)
2019-11-11 20:28:10,967 [main] INFO  http.HttpServer2 (HttpServer2.java:addFilter(948)) - Added filter static_user_filter (class=org.apache.hadoop.http.lib.StaticUserWebFilter$StaticUserFilter) to context hddsDatanode
2019-11-11 20:28:10,967 [main] INFO  http.HttpServer2 (HttpServer2.java:addFilter(958)) - Added filter static_user_filter (class=org.apache.hadoop.http.lib.StaticUserWebFilter$StaticUserFilter) to context static
2019-11-11 20:28:10,967 [main] INFO  http.HttpServer2 (HttpServer2.java:addFilter(958)) - Added filter static_user_filter (class=org.apache.hadoop.http.lib.StaticUserWebFilter$StaticUserFilter) to context logs
2019-11-11 20:28:10,968 [main] INFO  http.HttpServer2 (HttpServer2.java:bindListener(1191)) - Jetty bound to port 34487
2019-11-11 20:28:10,968 [main] INFO  server.Server (Server.java:doStart(351)) - jetty-9.3.25.v20180904, build timestamp: 2018-09-04T21:11:46Z, git hash: 3ce520221d0240229c862b122d2b06c12a625732
2019-11-11 20:28:10,969 [main] INFO  handler.ContextHandler (ContextHandler.java:doStart(781)) - Started o.e.j.s.ServletContextHandler@463045fb{/logs,file:///workdir/hadoop-ozone/integration-test/target/log,AVAILABLE}
2019-11-11 20:28:10,969 [main] INFO  handler.ContextHandler (ContextHandler.java:doStart(781)) - Started o.e.j.s.ServletContextHandler@3344d163{/static,jar:file:/home/user/.m2/repository/org/apache/hadoop/hadoop-hdds-container-service/0.5.0-SNAPSHOT/hadoop-hdds-container-service-0.5.0-SNAPSHOT.jar!/webapps/static,AVAILABLE}
2019-11-11 20:28:10,994 [main] INFO  handler.ContextHandler (ContextHandler.java:doStart(781)) - Started o.e.j.w.WebAppContext@242ff747{/,file:///tmp/jetty-0.0.0.0-34487-hddsDatanode-_-any-6025005950574297.dir/webapp/,AVAILABLE}{/hddsDatanode}
2019-11-11 20:28:10,994 [main] INFO  server.AbstractConnector (AbstractConnector.java:doStart(278)) - Started ServerConnector@5329f6b3{HTTP/1.1,[http/1.1]}{0.0.0.0:34487}
2019-11-11 20:28:10,994 [main] INFO  server.Server (Server.java:doStart(419)) - Started @272570ms
2019-11-11 20:28:10,995 [main] WARN  impl.MetricsSystemImpl (MetricsSystemImpl.java:register(276)) - Sink prometheus already exists!
2019-11-11 20:28:10,996 [main] INFO  server.BaseHttpServer (BaseHttpServer.java:updateConnectorAddress(215)) - HTTP server of HDDSDATANODE is listening at http://0.0.0.0:34487
2019-11-11 20:28:10,996 [main] INFO  impl.MetricsSystemImpl (MetricsSystemImpl.java:init(158)) - HddsDatanode metrics system started (again)
2019-11-11 20:28:10,998 [main] INFO  ozone.HddsDatanodeService (HddsDatanodeService.java:start(183)) - HddsDatanodeService host:pr-hdds-1868-2776b-164702576 ip:192.168.69.124
2019-11-11 20:28:10,999 [org.apache.hadoop.util.JvmPauseMonitor$Monitor@48e94821] INFO  util.JvmPauseMonitor (JvmPauseMonitor.java:run(188)) - Starting JVM pause monitor
2019-11-11 20:28:11,000 [Datanode State Machine Thread - 0] INFO  datanode.InitDatanodeState (InitDatanodeState.java:persistContainerDatanodeDetails(140)) - DatanodeDetails is persisted to /workdir/hadoop-ozone/integration-test/target/test-dir/MiniOzoneClusterImpl-878a1954-6462-47b6-bdcc-bab86c556cb3/datanode-2/meta/datanode.id
2019-11-11 20:28:11,004 [main] INFO  volume.HddsVolume (HddsVolume.java:<init>(176)) - Creating Volume: /workdir/hadoop-ozone/integration-test/target/test-dir/MiniOzoneClusterImpl-878a1954-6462-47b6-bdcc-bab86c556cb3/datanode-3/data/containers/hdds of  storage type : DISK and capacity : 1482555576320
2019-11-11 20:28:11,010 [main] INFO  volume.VolumeSet (VolumeSet.java:initializeVolumeSet(170)) - Added Volume : /workdir/hadoop-ozone/integration-test/target/test-dir/MiniOzoneClusterImpl-878a1954-6462-47b6-bdcc-bab86c556cb3/datanode-3/data/containers/hdds to VolumeSet
2019-11-11 20:28:11,010 [main] INFO  volume.ThrottledAsyncChecker (ThrottledAsyncChecker.java:schedule(141)) - Scheduling a check for /workdir/hadoop-ozone/integration-test/target/test-dir/MiniOzoneClusterImpl-878a1954-6462-47b6-bdcc-bab86c556cb3/datanode-3/data/containers/hdds
2019-11-11 20:28:11,011 [main] INFO  volume.HddsVolumeChecker (HddsVolumeChecker.java:checkAllVolumes(204)) - Scheduled health check for volume /workdir/hadoop-ozone/integration-test/target/test-dir/MiniOzoneClusterImpl-878a1954-6462-47b6-bdcc-bab86c556cb3/datanode-3/data/containers/hdds
2019-11-11 20:28:11,028 [main] INFO  impl.RaftServerProxy (ConfUtils.java:logGet(43)) - raft.rpc.type = GRPC (default)
2019-11-11 20:28:11,029 [main] INFO  grpc.GrpcFactory (GrpcFactory.java:checkPooledByteBufAllocatorUseCacheForAllThreads(45)) - PERFORMANCE WARNING: useCacheForAllThreads is true that may cause Netty to create a lot garbage objects and, as a result, trigger GC.
	It is recommended to disable useCacheForAllThreads by setting -Dorg.apache.ratis.thirdparty.io.netty.allocator.useCacheForAllThreads=false in command line.
2019-11-11 20:28:11,029 [main] INFO  grpc.GrpcConfigKeys$Server (ConfUtils.java:logGet(43)) - raft.grpc.server.port = 0 (default)
2019-11-11 20:28:11,029 [main] INFO  server.GrpcService (ConfUtils.java:logGet(43)) - raft.grpc.message.size.max = 33570816 (custom)
2019-11-11 20:28:11,029 [main] INFO  server.RaftServerConfigKeys (ConfUtils.java:logGet(43)) - raft.server.log.appender.buffer.byte-limit = 33554432 (custom)
2019-11-11 20:28:11,030 [main] INFO  server.GrpcService (ConfUtils.java:logGet(43)) - raft.grpc.flow.control.window = 1MB (=1048576) (default)
2019-11-11 20:28:11,030 [main] INFO  server.RaftServerConfigKeys (ConfUtils.java:logGet(43)) - raft.server.rpc.request.timeout = 3000ms (default)
2019-11-11 20:28:11,030 [main] INFO  server.RaftServerConfigKeys (ConfUtils.java:logGet(43)) - raft.server.storage.dir = [/workdir/hadoop-ozone/integration-test/target/test-dir/MiniOzoneClusterImpl-878a1954-6462-47b6-bdcc-bab86c556cb3/datanode-3/data/ratis] (custom)
2019-11-11 20:28:11,037 [main] INFO  hdfs.DFSUtil (DFSUtil.java:httpServerTemplateForNNAndJN(1641)) - Starting Web-server for hddsDatanode at: http://0.0.0.0:0
2019-11-11 20:28:11,038 [main] INFO  server.AuthenticationFilter (AuthenticationFilter.java:constructSecretProvider(240)) - Unable to initialize FileSignerSecretProvider, falling back to use random secrets.
2019-11-11 20:28:11,039 [main] WARN  http.HttpRequestLog (HttpRequestLog.java:getRequestLog(97)) - Jetty request log can only be enabled using Log4j
2019-11-11 20:28:11,040 [main] INFO  http.HttpServer2 (HttpServer2.java:addGlobalFilter(975)) - Added global filter 'safety' (class=org.apache.hadoop.http.HttpServer2$QuotingInputFilter)
2019-11-11 20:28:11,041 [main] INFO  http.HttpServer2 (HttpServer2.java:addFilter(948)) - Added filter static_user_filter (class=org.apache.hadoop.http.lib.StaticUserWebFilter$StaticUserFilter) to context hddsDatanode
2019-11-11 20:28:11,041 [main] INFO  http.HttpServer2 (HttpServer2.java:addFilter(958)) - Added filter static_user_filter (class=org.apache.hadoop.http.lib.StaticUserWebFilter$StaticUserFilter) to context static
2019-11-11 20:28:11,042 [main] INFO  http.HttpServer2 (HttpServer2.java:addFilter(958)) - Added filter static_user_filter (class=org.apache.hadoop.http.lib.StaticUserWebFilter$StaticUserFilter) to context logs
2019-11-11 20:28:11,042 [main] INFO  http.HttpServer2 (HttpServer2.java:bindListener(1191)) - Jetty bound to port 37430
2019-11-11 20:28:11,043 [main] INFO  server.Server (Server.java:doStart(351)) - jetty-9.3.25.v20180904, build timestamp: 2018-09-04T21:11:46Z, git hash: 3ce520221d0240229c862b122d2b06c12a625732
2019-11-11 20:28:11,045 [main] INFO  handler.ContextHandler (ContextHandler.java:doStart(781)) - Started o.e.j.s.ServletContextHandler@54ccb3{/logs,file:///workdir/hadoop-ozone/integration-test/target/log,AVAILABLE}
2019-11-11 20:28:11,045 [main] INFO  handler.ContextHandler (ContextHandler.java:doStart(781)) - Started o.e.j.s.ServletContextHandler@621f23ac{/static,jar:file:/home/user/.m2/repository/org/apache/hadoop/hadoop-hdds-container-service/0.5.0-SNAPSHOT/hadoop-hdds-container-service-0.5.0-SNAPSHOT.jar!/webapps/static,AVAILABLE}
2019-11-11 20:28:11,088 [main] INFO  handler.ContextHandler (ContextHandler.java:doStart(781)) - Started o.e.j.w.WebAppContext@2a99ca99{/,file:///tmp/jetty-0.0.0.0-37430-hddsDatanode-_-any-405600069361972480.dir/webapp/,AVAILABLE}{/hddsDatanode}
2019-11-11 20:28:11,089 [main] INFO  server.AbstractConnector (AbstractConnector.java:doStart(278)) - Started ServerConnector@39f0c343{HTTP/1.1,[http/1.1]}{0.0.0.0:37430}
2019-11-11 20:28:11,089 [main] INFO  server.Server (Server.java:doStart(419)) - Started @272664ms
2019-11-11 20:28:11,090 [main] WARN  impl.MetricsSystemImpl (MetricsSystemImpl.java:register(276)) - Sink prometheus already exists!
2019-11-11 20:28:11,091 [main] INFO  server.BaseHttpServer (BaseHttpServer.java:updateConnectorAddress(215)) - HTTP server of HDDSDATANODE is listening at http://0.0.0.0:37430
2019-11-11 20:28:11,091 [main] INFO  impl.MetricsSystemImpl (MetricsSystemImpl.java:init(158)) - HddsDatanode metrics system started (again)
2019-11-11 20:28:11,095 [org.apache.hadoop.util.JvmPauseMonitor$Monitor@4821d1f5] INFO  util.JvmPauseMonitor (JvmPauseMonitor.java:run(188)) - Starting JVM pause monitor
2019-11-11 20:28:11,095 [main] INFO  ozone.HddsDatanodeService (HddsDatanodeService.java:start(183)) - HddsDatanodeService host:pr-hdds-1868-2776b-164702576 ip:192.168.69.124
2019-11-11 20:28:11,096 [Datanode State Machine Thread - 0] INFO  datanode.InitDatanodeState (InitDatanodeState.java:persistContainerDatanodeDetails(140)) - DatanodeDetails is persisted to /workdir/hadoop-ozone/integration-test/target/test-dir/MiniOzoneClusterImpl-878a1954-6462-47b6-bdcc-bab86c556cb3/datanode-3/meta/datanode.id
2019-11-11 20:28:11,103 [main] INFO  volume.HddsVolume (HddsVolume.java:<init>(176)) - Creating Volume: /workdir/hadoop-ozone/integration-test/target/test-dir/MiniOzoneClusterImpl-878a1954-6462-47b6-bdcc-bab86c556cb3/datanode-4/data/containers/hdds of  storage type : DISK and capacity : 1482555576320
2019-11-11 20:28:11,103 [main] INFO  volume.VolumeSet (VolumeSet.java:initializeVolumeSet(170)) - Added Volume : /workdir/hadoop-ozone/integration-test/target/test-dir/MiniOzoneClusterImpl-878a1954-6462-47b6-bdcc-bab86c556cb3/datanode-4/data/containers/hdds to VolumeSet
2019-11-11 20:28:11,103 [main] INFO  volume.ThrottledAsyncChecker (ThrottledAsyncChecker.java:schedule(141)) - Scheduling a check for /workdir/hadoop-ozone/integration-test/target/test-dir/MiniOzoneClusterImpl-878a1954-6462-47b6-bdcc-bab86c556cb3/datanode-4/data/containers/hdds
2019-11-11 20:28:11,104 [main] INFO  volume.HddsVolumeChecker (HddsVolumeChecker.java:checkAllVolumes(204)) - Scheduled health check for volume /workdir/hadoop-ozone/integration-test/target/test-dir/MiniOzoneClusterImpl-878a1954-6462-47b6-bdcc-bab86c556cb3/datanode-4/data/containers/hdds
2019-11-11 20:28:11,122 [main] INFO  impl.RaftServerProxy (ConfUtils.java:logGet(43)) - raft.rpc.type = GRPC (default)
2019-11-11 20:28:11,123 [main] INFO  grpc.GrpcFactory (GrpcFactory.java:checkPooledByteBufAllocatorUseCacheForAllThreads(45)) - PERFORMANCE WARNING: useCacheForAllThreads is true that may cause Netty to create a lot garbage objects and, as a result, trigger GC.
	It is recommended to disable useCacheForAllThreads by setting -Dorg.apache.ratis.thirdparty.io.netty.allocator.useCacheForAllThreads=false in command line.
2019-11-11 20:28:11,123 [main] INFO  grpc.GrpcConfigKeys$Server (ConfUtils.java:logGet(43)) - raft.grpc.server.port = 0 (default)
2019-11-11 20:28:11,123 [main] INFO  server.GrpcService (ConfUtils.java:logGet(43)) - raft.grpc.message.size.max = 33570816 (custom)
2019-11-11 20:28:11,123 [main] INFO  server.RaftServerConfigKeys (ConfUtils.java:logGet(43)) - raft.server.log.appender.buffer.byte-limit = 33554432 (custom)
2019-11-11 20:28:11,123 [main] INFO  server.GrpcService (ConfUtils.java:logGet(43)) - raft.grpc.flow.control.window = 1MB (=1048576) (default)
2019-11-11 20:28:11,124 [main] INFO  server.RaftServerConfigKeys (ConfUtils.java:logGet(43)) - raft.server.rpc.request.timeout = 3000ms (default)
2019-11-11 20:28:11,124 [main] INFO  server.RaftServerConfigKeys (ConfUtils.java:logGet(43)) - raft.server.storage.dir = [/workdir/hadoop-ozone/integration-test/target/test-dir/MiniOzoneClusterImpl-878a1954-6462-47b6-bdcc-bab86c556cb3/datanode-4/data/ratis] (custom)
2019-11-11 20:28:11,126 [main] INFO  hdfs.DFSUtil (DFSUtil.java:httpServerTemplateForNNAndJN(1641)) - Starting Web-server for hddsDatanode at: http://0.0.0.0:0
2019-11-11 20:28:11,127 [main] INFO  server.AuthenticationFilter (AuthenticationFilter.java:constructSecretProvider(240)) - Unable to initialize FileSignerSecretProvider, falling back to use random secrets.
2019-11-11 20:28:11,128 [main] WARN  http.HttpRequestLog (HttpRequestLog.java:getRequestLog(97)) - Jetty request log can only be enabled using Log4j
2019-11-11 20:28:11,130 [main] INFO  http.HttpServer2 (HttpServer2.java:addGlobalFilter(975)) - Added global filter 'safety' (class=org.apache.hadoop.http.HttpServer2$QuotingInputFilter)
2019-11-11 20:28:11,131 [main] INFO  http.HttpServer2 (HttpServer2.java:addFilter(948)) - Added filter static_user_filter (class=org.apache.hadoop.http.lib.StaticUserWebFilter$StaticUserFilter) to context hddsDatanode
2019-11-11 20:28:11,131 [main] INFO  http.HttpServer2 (HttpServer2.java:addFilter(958)) - Added filter static_user_filter (class=org.apache.hadoop.http.lib.StaticUserWebFilter$StaticUserFilter) to context logs
2019-11-11 20:28:11,132 [main] INFO  http.HttpServer2 (HttpServer2.java:addFilter(958)) - Added filter static_user_filter (class=org.apache.hadoop.http.lib.StaticUserWebFilter$StaticUserFilter) to context static
2019-11-11 20:28:11,133 [main] INFO  http.HttpServer2 (HttpServer2.java:bindListener(1191)) - Jetty bound to port 34778
2019-11-11 20:28:11,133 [main] INFO  server.Server (Server.java:doStart(351)) - jetty-9.3.25.v20180904, build timestamp: 2018-09-04T21:11:46Z, git hash: 3ce520221d0240229c862b122d2b06c12a625732
2019-11-11 20:28:11,135 [main] INFO  handler.ContextHandler (ContextHandler.java:doStart(781)) - Started o.e.j.s.ServletContextHandler@aa1bb14{/logs,file:///workdir/hadoop-ozone/integration-test/target/log,AVAILABLE}
2019-11-11 20:28:11,135 [main] INFO  handler.ContextHandler (ContextHandler.java:doStart(781)) - Started o.e.j.s.ServletContextHandler@4c635edc{/static,jar:file:/home/user/.m2/repository/org/apache/hadoop/hadoop-hdds-container-service/0.5.0-SNAPSHOT/hadoop-hdds-container-service-0.5.0-SNAPSHOT.jar!/webapps/static,AVAILABLE}
2019-11-11 20:28:11,178 [main] INFO  handler.ContextHandler (ContextHandler.java:doStart(781)) - Started o.e.j.w.WebAppContext@62cf6a84{/,file:///tmp/jetty-0.0.0.0-34778-hddsDatanode-_-any-530528952798588067.dir/webapp/,AVAILABLE}{/hddsDatanode}
2019-11-11 20:28:11,179 [main] INFO  server.AbstractConnector (AbstractConnector.java:doStart(278)) - Started ServerConnector@204d9edf{HTTP/1.1,[http/1.1]}{0.0.0.0:34778}
2019-11-11 20:28:11,180 [main] INFO  server.Server (Server.java:doStart(419)) - Started @272755ms
2019-11-11 20:28:11,180 [main] WARN  impl.MetricsSystemImpl (MetricsSystemImpl.java:register(276)) - Sink prometheus already exists!
2019-11-11 20:28:11,181 [main] INFO  server.BaseHttpServer (BaseHttpServer.java:updateConnectorAddress(215)) - HTTP server of HDDSDATANODE is listening at http://0.0.0.0:34778
2019-11-11 20:28:11,181 [main] INFO  impl.MetricsSystemImpl (MetricsSystemImpl.java:init(158)) - HddsDatanode metrics system started (again)
2019-11-11 20:28:11,185 [org.apache.hadoop.util.JvmPauseMonitor$Monitor@780d93bf] INFO  util.JvmPauseMonitor (JvmPauseMonitor.java:run(188)) - Starting JVM pause monitor
2019-11-11 20:28:11,186 [main] INFO  ozone.HddsDatanodeService (HddsDatanodeService.java:start(183)) - HddsDatanodeService host:pr-hdds-1868-2776b-164702576 ip:192.168.69.124
2019-11-11 20:28:11,187 [Datanode State Machine Thread - 0] INFO  datanode.InitDatanodeState (InitDatanodeState.java:persistContainerDatanodeDetails(140)) - DatanodeDetails is persisted to /workdir/hadoop-ozone/integration-test/target/test-dir/MiniOzoneClusterImpl-878a1954-6462-47b6-bdcc-bab86c556cb3/datanode-4/meta/datanode.id
2019-11-11 20:28:11,193 [main] INFO  volume.HddsVolume (HddsVolume.java:<init>(176)) - Creating Volume: /workdir/hadoop-ozone/integration-test/target/test-dir/MiniOzoneClusterImpl-878a1954-6462-47b6-bdcc-bab86c556cb3/datanode-5/data/containers/hdds of  storage type : DISK and capacity : 1482555576320
2019-11-11 20:28:11,193 [main] INFO  volume.VolumeSet (VolumeSet.java:initializeVolumeSet(170)) - Added Volume : /workdir/hadoop-ozone/integration-test/target/test-dir/MiniOzoneClusterImpl-878a1954-6462-47b6-bdcc-bab86c556cb3/datanode-5/data/containers/hdds to VolumeSet
2019-11-11 20:28:11,194 [main] INFO  volume.ThrottledAsyncChecker (ThrottledAsyncChecker.java:schedule(141)) - Scheduling a check for /workdir/hadoop-ozone/integration-test/target/test-dir/MiniOzoneClusterImpl-878a1954-6462-47b6-bdcc-bab86c556cb3/datanode-5/data/containers/hdds
2019-11-11 20:28:11,194 [main] INFO  volume.HddsVolumeChecker (HddsVolumeChecker.java:checkAllVolumes(204)) - Scheduled health check for volume /workdir/hadoop-ozone/integration-test/target/test-dir/MiniOzoneClusterImpl-878a1954-6462-47b6-bdcc-bab86c556cb3/datanode-5/data/containers/hdds
2019-11-11 20:28:11,207 [main] INFO  impl.RaftServerProxy (ConfUtils.java:logGet(43)) - raft.rpc.type = GRPC (default)
2019-11-11 20:28:11,208 [main] INFO  grpc.GrpcFactory (GrpcFactory.java:checkPooledByteBufAllocatorUseCacheForAllThreads(45)) - PERFORMANCE WARNING: useCacheForAllThreads is true that may cause Netty to create a lot garbage objects and, as a result, trigger GC.
	It is recommended to disable useCacheForAllThreads by setting -Dorg.apache.ratis.thirdparty.io.netty.allocator.useCacheForAllThreads=false in command line.
2019-11-11 20:28:11,208 [main] INFO  grpc.GrpcConfigKeys$Server (ConfUtils.java:logGet(43)) - raft.grpc.server.port = 0 (default)
2019-11-11 20:28:11,208 [main] INFO  server.GrpcService (ConfUtils.java:logGet(43)) - raft.grpc.message.size.max = 33570816 (custom)
2019-11-11 20:28:11,208 [main] INFO  server.RaftServerConfigKeys (ConfUtils.java:logGet(43)) - raft.server.log.appender.buffer.byte-limit = 33554432 (custom)
2019-11-11 20:28:11,208 [main] INFO  server.GrpcService (ConfUtils.java:logGet(43)) - raft.grpc.flow.control.window = 1MB (=1048576) (default)
2019-11-11 20:28:11,208 [main] INFO  server.RaftServerConfigKeys (ConfUtils.java:logGet(43)) - raft.server.rpc.request.timeout = 3000ms (default)
2019-11-11 20:28:11,209 [main] INFO  server.RaftServerConfigKeys (ConfUtils.java:logGet(43)) - raft.server.storage.dir = [/workdir/hadoop-ozone/integration-test/target/test-dir/MiniOzoneClusterImpl-878a1954-6462-47b6-bdcc-bab86c556cb3/datanode-5/data/ratis] (custom)
2019-11-11 20:28:11,210 [main] INFO  hdfs.DFSUtil (DFSUtil.java:httpServerTemplateForNNAndJN(1641)) - Starting Web-server for hddsDatanode at: http://0.0.0.0:0
2019-11-11 20:28:11,212 [main] INFO  server.AuthenticationFilter (AuthenticationFilter.java:constructSecretProvider(240)) - Unable to initialize FileSignerSecretProvider, falling back to use random secrets.
2019-11-11 20:28:11,213 [main] WARN  http.HttpRequestLog (HttpRequestLog.java:getRequestLog(97)) - Jetty request log can only be enabled using Log4j
2019-11-11 20:28:11,215 [main] INFO  http.HttpServer2 (HttpServer2.java:addGlobalFilter(975)) - Added global filter 'safety' (class=org.apache.hadoop.http.HttpServer2$QuotingInputFilter)
2019-11-11 20:28:11,216 [main] INFO  http.HttpServer2 (HttpServer2.java:addFilter(948)) - Added filter static_user_filter (class=org.apache.hadoop.http.lib.StaticUserWebFilter$StaticUserFilter) to context hddsDatanode
2019-11-11 20:28:11,216 [main] INFO  http.HttpServer2 (HttpServer2.java:addFilter(958)) - Added filter static_user_filter (class=org.apache.hadoop.http.lib.StaticUserWebFilter$StaticUserFilter) to context logs
2019-11-11 20:28:11,216 [main] INFO  http.HttpServer2 (HttpServer2.java:addFilter(958)) - Added filter static_user_filter (class=org.apache.hadoop.http.lib.StaticUserWebFilter$StaticUserFilter) to context static
2019-11-11 20:28:11,217 [main] INFO  http.HttpServer2 (HttpServer2.java:bindListener(1191)) - Jetty bound to port 34467
2019-11-11 20:28:11,217 [main] INFO  server.Server (Server.java:doStart(351)) - jetty-9.3.25.v20180904, build timestamp: 2018-09-04T21:11:46Z, git hash: 3ce520221d0240229c862b122d2b06c12a625732
2019-11-11 20:28:11,219 [main] INFO  handler.ContextHandler (ContextHandler.java:doStart(781)) - Started o.e.j.s.ServletContextHandler@36510e73{/logs,file:///workdir/hadoop-ozone/integration-test/target/log,AVAILABLE}
2019-11-11 20:28:11,220 [main] INFO  handler.ContextHandler (ContextHandler.java:doStart(781)) - Started o.e.j.s.ServletContextHandler@5d2a86c0{/static,jar:file:/home/user/.m2/repository/org/apache/hadoop/hadoop-hdds-container-service/0.5.0-SNAPSHOT/hadoop-hdds-container-service-0.5.0-SNAPSHOT.jar!/webapps/static,AVAILABLE}
2019-11-11 20:28:11,262 [main] INFO  handler.ContextHandler (ContextHandler.java:doStart(781)) - Started o.e.j.w.WebAppContext@1537e43{/,file:///tmp/jetty-0.0.0.0-34467-hddsDatanode-_-any-4607544438497056417.dir/webapp/,AVAILABLE}{/hddsDatanode}
2019-11-11 20:28:11,263 [main] INFO  server.AbstractConnector (AbstractConnector.java:doStart(278)) - Started ServerConnector@573aeab2{HTTP/1.1,[http/1.1]}{0.0.0.0:34467}
2019-11-11 20:28:11,263 [main] INFO  server.Server (Server.java:doStart(419)) - Started @272839ms
2019-11-11 20:28:11,264 [main] WARN  impl.MetricsSystemImpl (MetricsSystemImpl.java:register(276)) - Sink prometheus already exists!
2019-11-11 20:28:11,265 [main] INFO  server.BaseHttpServer (BaseHttpServer.java:updateConnectorAddress(215)) - HTTP server of HDDSDATANODE is listening at http://0.0.0.0:34467
2019-11-11 20:28:11,266 [main] INFO  impl.MetricsSystemImpl (MetricsSystemImpl.java:init(158)) - HddsDatanode metrics system started (again)
2019-11-11 20:28:11,270 [org.apache.hadoop.util.JvmPauseMonitor$Monitor@3b2980ba] INFO  util.JvmPauseMonitor (JvmPauseMonitor.java:run(188)) - Starting JVM pause monitor
2019-11-11 20:28:11,270 [main] INFO  ozone.HddsDatanodeService (HddsDatanodeService.java:start(183)) - HddsDatanodeService host:pr-hdds-1868-2776b-164702576 ip:192.168.69.124
2019-11-11 20:28:11,271 [Datanode State Machine Thread - 0] INFO  datanode.InitDatanodeState (InitDatanodeState.java:persistContainerDatanodeDetails(140)) - DatanodeDetails is persisted to /workdir/hadoop-ozone/integration-test/target/test-dir/MiniOzoneClusterImpl-878a1954-6462-47b6-bdcc-bab86c556cb3/datanode-5/meta/datanode.id
2019-11-11 20:28:11,278 [main] INFO  volume.HddsVolume (HddsVolume.java:<init>(176)) - Creating Volume: /workdir/hadoop-ozone/integration-test/target/test-dir/MiniOzoneClusterImpl-878a1954-6462-47b6-bdcc-bab86c556cb3/datanode-6/data/containers/hdds of  storage type : DISK and capacity : 1482555576320
2019-11-11 20:28:11,279 [main] INFO  volume.VolumeSet (VolumeSet.java:initializeVolumeSet(170)) - Added Volume : /workdir/hadoop-ozone/integration-test/target/test-dir/MiniOzoneClusterImpl-878a1954-6462-47b6-bdcc-bab86c556cb3/datanode-6/data/containers/hdds to VolumeSet
2019-11-11 20:28:11,279 [main] INFO  volume.ThrottledAsyncChecker (ThrottledAsyncChecker.java:schedule(141)) - Scheduling a check for /workdir/hadoop-ozone/integration-test/target/test-dir/MiniOzoneClusterImpl-878a1954-6462-47b6-bdcc-bab86c556cb3/datanode-6/data/containers/hdds
2019-11-11 20:28:11,279 [main] INFO  volume.HddsVolumeChecker (HddsVolumeChecker.java:checkAllVolumes(204)) - Scheduled health check for volume /workdir/hadoop-ozone/integration-test/target/test-dir/MiniOzoneClusterImpl-878a1954-6462-47b6-bdcc-bab86c556cb3/datanode-6/data/containers/hdds
2019-11-11 20:28:11,299 [main] INFO  impl.RaftServerProxy (ConfUtils.java:logGet(43)) - raft.rpc.type = GRPC (default)
2019-11-11 20:28:11,300 [main] INFO  grpc.GrpcFactory (GrpcFactory.java:checkPooledByteBufAllocatorUseCacheForAllThreads(45)) - PERFORMANCE WARNING: useCacheForAllThreads is true that may cause Netty to create a lot garbage objects and, as a result, trigger GC.
	It is recommended to disable useCacheForAllThreads by setting -Dorg.apache.ratis.thirdparty.io.netty.allocator.useCacheForAllThreads=false in command line.
2019-11-11 20:28:11,300 [main] INFO  grpc.GrpcConfigKeys$Server (ConfUtils.java:logGet(43)) - raft.grpc.server.port = 0 (default)
2019-11-11 20:28:11,300 [main] INFO  server.GrpcService (ConfUtils.java:logGet(43)) - raft.grpc.message.size.max = 33570816 (custom)
2019-11-11 20:28:11,300 [main] INFO  server.RaftServerConfigKeys (ConfUtils.java:logGet(43)) - raft.server.log.appender.buffer.byte-limit = 33554432 (custom)
2019-11-11 20:28:11,300 [main] INFO  server.GrpcService (ConfUtils.java:logGet(43)) - raft.grpc.flow.control.window = 1MB (=1048576) (default)
2019-11-11 20:28:11,300 [main] INFO  server.RaftServerConfigKeys (ConfUtils.java:logGet(43)) - raft.server.rpc.request.timeout = 3000ms (default)
2019-11-11 20:28:11,301 [main] INFO  server.RaftServerConfigKeys (ConfUtils.java:logGet(43)) - raft.server.storage.dir = [/workdir/hadoop-ozone/integration-test/target/test-dir/MiniOzoneClusterImpl-878a1954-6462-47b6-bdcc-bab86c556cb3/datanode-6/data/ratis] (custom)
2019-11-11 20:28:11,302 [main] INFO  hdfs.DFSUtil (DFSUtil.java:httpServerTemplateForNNAndJN(1641)) - Starting Web-server for hddsDatanode at: http://0.0.0.0:0
2019-11-11 20:28:11,303 [main] INFO  server.AuthenticationFilter (AuthenticationFilter.java:constructSecretProvider(240)) - Unable to initialize FileSignerSecretProvider, falling back to use random secrets.
2019-11-11 20:28:11,304 [main] WARN  http.HttpRequestLog (HttpRequestLog.java:getRequestLog(97)) - Jetty request log can only be enabled using Log4j
2019-11-11 20:28:11,305 [main] INFO  http.HttpServer2 (HttpServer2.java:addGlobalFilter(975)) - Added global filter 'safety' (class=org.apache.hadoop.http.HttpServer2$QuotingInputFilter)
2019-11-11 20:28:11,306 [main] INFO  http.HttpServer2 (HttpServer2.java:addFilter(948)) - Added filter static_user_filter (class=org.apache.hadoop.http.lib.StaticUserWebFilter$StaticUserFilter) to context hddsDatanode
2019-11-11 20:28:11,306 [main] INFO  http.HttpServer2 (HttpServer2.java:addFilter(958)) - Added filter static_user_filter (class=org.apache.hadoop.http.lib.StaticUserWebFilter$StaticUserFilter) to context logs
2019-11-11 20:28:11,306 [main] INFO  http.HttpServer2 (HttpServer2.java:addFilter(958)) - Added filter static_user_filter (class=org.apache.hadoop.http.lib.StaticUserWebFilter$StaticUserFilter) to context static
2019-11-11 20:28:11,307 [main] INFO  http.HttpServer2 (HttpServer2.java:bindListener(1191)) - Jetty bound to port 40809
2019-11-11 20:28:11,307 [main] INFO  server.Server (Server.java:doStart(351)) - jetty-9.3.25.v20180904, build timestamp: 2018-09-04T21:11:46Z, git hash: 3ce520221d0240229c862b122d2b06c12a625732
2019-11-11 20:28:11,309 [main] INFO  handler.ContextHandler (ContextHandler.java:doStart(781)) - Started o.e.j.s.ServletContextHandler@1860a7a1{/logs,file:///workdir/hadoop-ozone/integration-test/target/log,AVAILABLE}
2019-11-11 20:28:11,309 [main] INFO  handler.ContextHandler (ContextHandler.java:doStart(781)) - Started o.e.j.s.ServletContextHandler@c97721b{/static,jar:file:/home/user/.m2/repository/org/apache/hadoop/hadoop-hdds-container-service/0.5.0-SNAPSHOT/hadoop-hdds-container-service-0.5.0-SNAPSHOT.jar!/webapps/static,AVAILABLE}
2019-11-11 20:28:11,354 [main] INFO  handler.ContextHandler (ContextHandler.java:doStart(781)) - Started o.e.j.w.WebAppContext@3111631d{/,file:///tmp/jetty-0.0.0.0-40809-hddsDatanode-_-any-8349524008589207229.dir/webapp/,AVAILABLE}{/hddsDatanode}
2019-11-11 20:28:11,355 [main] INFO  server.AbstractConnector (AbstractConnector.java:doStart(278)) - Started ServerConnector@2d70f312{HTTP/1.1,[http/1.1]}{0.0.0.0:40809}
2019-11-11 20:28:11,356 [main] INFO  server.Server (Server.java:doStart(419)) - Started @272930ms
2019-11-11 20:28:11,356 [main] WARN  impl.MetricsSystemImpl (MetricsSystemImpl.java:register(276)) - Sink prometheus already exists!
2019-11-11 20:28:11,357 [main] INFO  server.BaseHttpServer (BaseHttpServer.java:updateConnectorAddress(215)) - HTTP server of HDDSDATANODE is listening at http://0.0.0.0:40809
2019-11-11 20:28:11,357 [main] INFO  impl.MetricsSystemImpl (MetricsSystemImpl.java:init(158)) - HddsDatanode metrics system started (again)
2019-11-11 20:28:11,361 [org.apache.hadoop.util.JvmPauseMonitor$Monitor@5247125b] INFO  util.JvmPauseMonitor (JvmPauseMonitor.java:run(188)) - Starting JVM pause monitor
2019-11-11 20:28:11,362 [main] INFO  ozone.HddsDatanodeService (HddsDatanodeService.java:start(183)) - HddsDatanodeService host:pr-hdds-1868-2776b-164702576 ip:192.168.69.124
2019-11-11 20:28:11,363 [Datanode State Machine Thread - 0] INFO  datanode.InitDatanodeState (InitDatanodeState.java:persistContainerDatanodeDetails(140)) - DatanodeDetails is persisted to /workdir/hadoop-ozone/integration-test/target/test-dir/MiniOzoneClusterImpl-878a1954-6462-47b6-bdcc-bab86c556cb3/datanode-6/meta/datanode.id
2019-11-11 20:28:11,369 [main] INFO  volume.HddsVolume (HddsVolume.java:<init>(176)) - Creating Volume: /workdir/hadoop-ozone/integration-test/target/test-dir/MiniOzoneClusterImpl-878a1954-6462-47b6-bdcc-bab86c556cb3/datanode-7/data/containers/hdds of  storage type : DISK and capacity : 1482555576320
2019-11-11 20:28:11,370 [main] INFO  volume.VolumeSet (VolumeSet.java:initializeVolumeSet(170)) - Added Volume : /workdir/hadoop-ozone/integration-test/target/test-dir/MiniOzoneClusterImpl-878a1954-6462-47b6-bdcc-bab86c556cb3/datanode-7/data/containers/hdds to VolumeSet
2019-11-11 20:28:11,370 [main] INFO  volume.ThrottledAsyncChecker (ThrottledAsyncChecker.java:schedule(141)) - Scheduling a check for /workdir/hadoop-ozone/integration-test/target/test-dir/MiniOzoneClusterImpl-878a1954-6462-47b6-bdcc-bab86c556cb3/datanode-7/data/containers/hdds
2019-11-11 20:28:11,370 [main] INFO  volume.HddsVolumeChecker (HddsVolumeChecker.java:checkAllVolumes(204)) - Scheduled health check for volume /workdir/hadoop-ozone/integration-test/target/test-dir/MiniOzoneClusterImpl-878a1954-6462-47b6-bdcc-bab86c556cb3/datanode-7/data/containers/hdds
2019-11-11 20:28:11,389 [main] INFO  impl.RaftServerProxy (ConfUtils.java:logGet(43)) - raft.rpc.type = GRPC (default)
2019-11-11 20:28:11,389 [main] INFO  grpc.GrpcFactory (GrpcFactory.java:checkPooledByteBufAllocatorUseCacheForAllThreads(45)) - PERFORMANCE WARNING: useCacheForAllThreads is true that may cause Netty to create a lot garbage objects and, as a result, trigger GC.
	It is recommended to disable useCacheForAllThreads by setting -Dorg.apache.ratis.thirdparty.io.netty.allocator.useCacheForAllThreads=false in command line.
2019-11-11 20:28:11,390 [main] INFO  grpc.GrpcConfigKeys$Server (ConfUtils.java:logGet(43)) - raft.grpc.server.port = 0 (default)
2019-11-11 20:28:11,390 [main] INFO  server.GrpcService (ConfUtils.java:logGet(43)) - raft.grpc.message.size.max = 33570816 (custom)
2019-11-11 20:28:11,390 [main] INFO  server.RaftServerConfigKeys (ConfUtils.java:logGet(43)) - raft.server.log.appender.buffer.byte-limit = 33554432 (custom)
2019-11-11 20:28:11,390 [main] INFO  server.GrpcService (ConfUtils.java:logGet(43)) - raft.grpc.flow.control.window = 1MB (=1048576) (default)
2019-11-11 20:28:11,390 [main] INFO  server.RaftServerConfigKeys (ConfUtils.java:logGet(43)) - raft.server.rpc.request.timeout = 3000ms (default)
2019-11-11 20:28:11,391 [main] INFO  server.RaftServerConfigKeys (ConfUtils.java:logGet(43)) - raft.server.storage.dir = [/workdir/hadoop-ozone/integration-test/target/test-dir/MiniOzoneClusterImpl-878a1954-6462-47b6-bdcc-bab86c556cb3/datanode-7/data/ratis] (custom)
2019-11-11 20:28:11,392 [main] INFO  hdfs.DFSUtil (DFSUtil.java:httpServerTemplateForNNAndJN(1641)) - Starting Web-server for hddsDatanode at: http://0.0.0.0:0
2019-11-11 20:28:11,393 [main] INFO  server.AuthenticationFilter (AuthenticationFilter.java:constructSecretProvider(240)) - Unable to initialize FileSignerSecretProvider, falling back to use random secrets.
2019-11-11 20:28:11,394 [main] WARN  http.HttpRequestLog (HttpRequestLog.java:getRequestLog(97)) - Jetty request log can only be enabled using Log4j
2019-11-11 20:28:11,395 [main] INFO  http.HttpServer2 (HttpServer2.java:addGlobalFilter(975)) - Added global filter 'safety' (class=org.apache.hadoop.http.HttpServer2$QuotingInputFilter)
2019-11-11 20:28:11,396 [main] INFO  http.HttpServer2 (HttpServer2.java:addFilter(948)) - Added filter static_user_filter (class=org.apache.hadoop.http.lib.StaticUserWebFilter$StaticUserFilter) to context hddsDatanode
2019-11-11 20:28:11,396 [main] INFO  http.HttpServer2 (HttpServer2.java:addFilter(958)) - Added filter static_user_filter (class=org.apache.hadoop.http.lib.StaticUserWebFilter$StaticUserFilter) to context static
2019-11-11 20:28:11,396 [main] INFO  http.HttpServer2 (HttpServer2.java:addFilter(958)) - Added filter static_user_filter (class=org.apache.hadoop.http.lib.StaticUserWebFilter$StaticUserFilter) to context logs
2019-11-11 20:28:11,397 [main] INFO  http.HttpServer2 (HttpServer2.java:bindListener(1191)) - Jetty bound to port 41395
2019-11-11 20:28:11,397 [main] INFO  server.Server (Server.java:doStart(351)) - jetty-9.3.25.v20180904, build timestamp: 2018-09-04T21:11:46Z, git hash: 3ce520221d0240229c862b122d2b06c12a625732
2019-11-11 20:28:11,398 [main] INFO  handler.ContextHandler (ContextHandler.java:doStart(781)) - Started o.e.j.s.ServletContextHandler@e0d1dc4{/logs,file:///workdir/hadoop-ozone/integration-test/target/log,AVAILABLE}
2019-11-11 20:28:11,399 [main] INFO  handler.ContextHandler (ContextHandler.java:doStart(781)) - Started o.e.j.s.ServletContextHandler@230232b0{/static,jar:file:/home/user/.m2/repository/org/apache/hadoop/hadoop-hdds-container-service/0.5.0-SNAPSHOT/hadoop-hdds-container-service-0.5.0-SNAPSHOT.jar!/webapps/static,AVAILABLE}
2019-11-11 20:28:11,432 [main] INFO  handler.ContextHandler (ContextHandler.java:doStart(781)) - Started o.e.j.w.WebAppContext@5002fde9{/,file:///tmp/jetty-0.0.0.0-41395-hddsDatanode-_-any-5697786939350224642.dir/webapp/,AVAILABLE}{/hddsDatanode}
2019-11-11 20:28:11,433 [main] INFO  server.AbstractConnector (AbstractConnector.java:doStart(278)) - Started ServerConnector@6f96dd64{HTTP/1.1,[http/1.1]}{0.0.0.0:41395}
2019-11-11 20:28:11,434 [main] INFO  server.Server (Server.java:doStart(419)) - Started @273009ms
2019-11-11 20:28:11,434 [main] WARN  impl.MetricsSystemImpl (MetricsSystemImpl.java:register(276)) - Sink prometheus already exists!
2019-11-11 20:28:11,435 [main] INFO  server.BaseHttpServer (BaseHttpServer.java:updateConnectorAddress(215)) - HTTP server of HDDSDATANODE is listening at http://0.0.0.0:41395
2019-11-11 20:28:11,436 [main] INFO  impl.MetricsSystemImpl (MetricsSystemImpl.java:init(158)) - HddsDatanode metrics system started (again)
2019-11-11 20:28:11,449 [org.apache.hadoop.util.JvmPauseMonitor$Monitor@3fe5c08b] INFO  util.JvmPauseMonitor (JvmPauseMonitor.java:run(188)) - Starting JVM pause monitor
2019-11-11 20:28:11,451 [main] INFO  ozone.HddsDatanodeService (HddsDatanodeService.java:start(183)) - HddsDatanodeService host:pr-hdds-1868-2776b-164702576 ip:192.168.69.124
2019-11-11 20:28:11,451 [Datanode State Machine Thread - 0] INFO  datanode.InitDatanodeState (InitDatanodeState.java:persistContainerDatanodeDetails(140)) - DatanodeDetails is persisted to /workdir/hadoop-ozone/integration-test/target/test-dir/MiniOzoneClusterImpl-878a1954-6462-47b6-bdcc-bab86c556cb3/datanode-7/meta/datanode.id
2019-11-11 20:28:11,459 [main] INFO  volume.HddsVolume (HddsVolume.java:<init>(176)) - Creating Volume: /workdir/hadoop-ozone/integration-test/target/test-dir/MiniOzoneClusterImpl-878a1954-6462-47b6-bdcc-bab86c556cb3/datanode-8/data/containers/hdds of  storage type : DISK and capacity : 1482555576320
2019-11-11 20:28:11,460 [main] INFO  volume.VolumeSet (VolumeSet.java:initializeVolumeSet(170)) - Added Volume : /workdir/hadoop-ozone/integration-test/target/test-dir/MiniOzoneClusterImpl-878a1954-6462-47b6-bdcc-bab86c556cb3/datanode-8/data/containers/hdds to VolumeSet
2019-11-11 20:28:11,460 [main] INFO  volume.ThrottledAsyncChecker (ThrottledAsyncChecker.java:schedule(141)) - Scheduling a check for /workdir/hadoop-ozone/integration-test/target/test-dir/MiniOzoneClusterImpl-878a1954-6462-47b6-bdcc-bab86c556cb3/datanode-8/data/containers/hdds
2019-11-11 20:28:11,461 [main] INFO  volume.HddsVolumeChecker (HddsVolumeChecker.java:checkAllVolumes(204)) - Scheduled health check for volume /workdir/hadoop-ozone/integration-test/target/test-dir/MiniOzoneClusterImpl-878a1954-6462-47b6-bdcc-bab86c556cb3/datanode-8/data/containers/hdds
2019-11-11 20:28:11,494 [main] INFO  impl.RaftServerProxy (ConfUtils.java:logGet(43)) - raft.rpc.type = GRPC (default)
2019-11-11 20:28:11,495 [main] INFO  grpc.GrpcFactory (GrpcFactory.java:checkPooledByteBufAllocatorUseCacheForAllThreads(45)) - PERFORMANCE WARNING: useCacheForAllThreads is true that may cause Netty to create a lot garbage objects and, as a result, trigger GC.
	It is recommended to disable useCacheForAllThreads by setting -Dorg.apache.ratis.thirdparty.io.netty.allocator.useCacheForAllThreads=false in command line.
2019-11-11 20:28:11,495 [main] INFO  grpc.GrpcConfigKeys$Server (ConfUtils.java:logGet(43)) - raft.grpc.server.port = 0 (default)
2019-11-11 20:28:11,495 [main] INFO  server.GrpcService (ConfUtils.java:logGet(43)) - raft.grpc.message.size.max = 33570816 (custom)
2019-11-11 20:28:11,495 [main] INFO  server.RaftServerConfigKeys (ConfUtils.java:logGet(43)) - raft.server.log.appender.buffer.byte-limit = 33554432 (custom)
2019-11-11 20:28:11,496 [main] INFO  server.GrpcService (ConfUtils.java:logGet(43)) - raft.grpc.flow.control.window = 1MB (=1048576) (default)
2019-11-11 20:28:11,496 [main] INFO  server.RaftServerConfigKeys (ConfUtils.java:logGet(43)) - raft.server.rpc.request.timeout = 3000ms (default)
2019-11-11 20:28:11,496 [main] INFO  server.RaftServerConfigKeys (ConfUtils.java:logGet(43)) - raft.server.storage.dir = [/workdir/hadoop-ozone/integration-test/target/test-dir/MiniOzoneClusterImpl-878a1954-6462-47b6-bdcc-bab86c556cb3/datanode-8/data/ratis] (custom)
2019-11-11 20:28:11,498 [main] INFO  hdfs.DFSUtil (DFSUtil.java:httpServerTemplateForNNAndJN(1641)) - Starting Web-server for hddsDatanode at: http://0.0.0.0:0
2019-11-11 20:28:11,501 [main] INFO  server.AuthenticationFilter (AuthenticationFilter.java:constructSecretProvider(240)) - Unable to initialize FileSignerSecretProvider, falling back to use random secrets.
2019-11-11 20:28:11,501 [main] WARN  http.HttpRequestLog (HttpRequestLog.java:getRequestLog(97)) - Jetty request log can only be enabled using Log4j
2019-11-11 20:28:11,503 [main] INFO  http.HttpServer2 (HttpServer2.java:addGlobalFilter(975)) - Added global filter 'safety' (class=org.apache.hadoop.http.HttpServer2$QuotingInputFilter)
2019-11-11 20:28:11,503 [main] INFO  http.HttpServer2 (HttpServer2.java:addFilter(948)) - Added filter static_user_filter (class=org.apache.hadoop.http.lib.StaticUserWebFilter$StaticUserFilter) to context hddsDatanode
2019-11-11 20:28:11,504 [main] INFO  http.HttpServer2 (HttpServer2.java:addFilter(958)) - Added filter static_user_filter (class=org.apache.hadoop.http.lib.StaticUserWebFilter$StaticUserFilter) to context static
2019-11-11 20:28:11,504 [main] INFO  http.HttpServer2 (HttpServer2.java:addFilter(958)) - Added filter static_user_filter (class=org.apache.hadoop.http.lib.StaticUserWebFilter$StaticUserFilter) to context logs
2019-11-11 20:28:11,505 [main] INFO  http.HttpServer2 (HttpServer2.java:bindListener(1191)) - Jetty bound to port 46550
2019-11-11 20:28:11,505 [main] INFO  server.Server (Server.java:doStart(351)) - jetty-9.3.25.v20180904, build timestamp: 2018-09-04T21:11:46Z, git hash: 3ce520221d0240229c862b122d2b06c12a625732
2019-11-11 20:28:11,507 [main] INFO  handler.ContextHandler (ContextHandler.java:doStart(781)) - Started o.e.j.s.ServletContextHandler@10e9a5fe{/logs,file:///workdir/hadoop-ozone/integration-test/target/log,AVAILABLE}
2019-11-11 20:28:11,507 [main] INFO  handler.ContextHandler (ContextHandler.java:doStart(781)) - Started o.e.j.s.ServletContextHandler@1abcd059{/static,jar:file:/home/user/.m2/repository/org/apache/hadoop/hadoop-hdds-container-service/0.5.0-SNAPSHOT/hadoop-hdds-container-service-0.5.0-SNAPSHOT.jar!/webapps/static,AVAILABLE}
2019-11-11 20:28:11,557 [main] INFO  handler.ContextHandler (ContextHandler.java:doStart(781)) - Started o.e.j.w.WebAppContext@3a109ff7{/,file:///tmp/jetty-0.0.0.0-46550-hddsDatanode-_-any-6510191896343594931.dir/webapp/,AVAILABLE}{/hddsDatanode}
2019-11-11 20:28:11,558 [main] INFO  server.AbstractConnector (AbstractConnector.java:doStart(278)) - Started ServerConnector@111a7973{HTTP/1.1,[http/1.1]}{0.0.0.0:46550}
2019-11-11 20:28:11,558 [main] INFO  server.Server (Server.java:doStart(419)) - Started @273133ms
2019-11-11 20:28:11,560 [main] WARN  impl.MetricsSystemImpl (MetricsSystemImpl.java:register(276)) - Sink prometheus already exists!
2019-11-11 20:28:11,561 [main] INFO  server.BaseHttpServer (BaseHttpServer.java:updateConnectorAddress(215)) - HTTP server of HDDSDATANODE is listening at http://0.0.0.0:46550
2019-11-11 20:28:11,561 [main] INFO  impl.MetricsSystemImpl (MetricsSystemImpl.java:init(158)) - HddsDatanode metrics system started (again)
2019-11-11 20:28:11,566 [org.apache.hadoop.util.JvmPauseMonitor$Monitor@aa338bd] INFO  util.JvmPauseMonitor (JvmPauseMonitor.java:run(188)) - Starting JVM pause monitor
2019-11-11 20:28:11,566 [main] INFO  ozone.HddsDatanodeService (HddsDatanodeService.java:start(183)) - HddsDatanodeService host:pr-hdds-1868-2776b-164702576 ip:192.168.69.124
2019-11-11 20:28:11,567 [Datanode State Machine Thread - 0] INFO  datanode.InitDatanodeState (InitDatanodeState.java:persistContainerDatanodeDetails(140)) - DatanodeDetails is persisted to /workdir/hadoop-ozone/integration-test/target/test-dir/MiniOzoneClusterImpl-878a1954-6462-47b6-bdcc-bab86c556cb3/datanode-8/meta/datanode.id
2019-11-11 20:28:11,573 [main] INFO  volume.HddsVolume (HddsVolume.java:<init>(176)) - Creating Volume: /workdir/hadoop-ozone/integration-test/target/test-dir/MiniOzoneClusterImpl-878a1954-6462-47b6-bdcc-bab86c556cb3/datanode-9/data/containers/hdds of  storage type : DISK and capacity : 1482555576320
2019-11-11 20:28:11,573 [main] INFO  volume.VolumeSet (VolumeSet.java:initializeVolumeSet(170)) - Added Volume : /workdir/hadoop-ozone/integration-test/target/test-dir/MiniOzoneClusterImpl-878a1954-6462-47b6-bdcc-bab86c556cb3/datanode-9/data/containers/hdds to VolumeSet
2019-11-11 20:28:11,573 [main] INFO  volume.ThrottledAsyncChecker (ThrottledAsyncChecker.java:schedule(141)) - Scheduling a check for /workdir/hadoop-ozone/integration-test/target/test-dir/MiniOzoneClusterImpl-878a1954-6462-47b6-bdcc-bab86c556cb3/datanode-9/data/containers/hdds
2019-11-11 20:28:11,573 [main] INFO  volume.HddsVolumeChecker (HddsVolumeChecker.java:checkAllVolumes(204)) - Scheduled health check for volume /workdir/hadoop-ozone/integration-test/target/test-dir/MiniOzoneClusterImpl-878a1954-6462-47b6-bdcc-bab86c556cb3/datanode-9/data/containers/hdds
2019-11-11 20:28:11,586 [main] INFO  impl.RaftServerProxy (ConfUtils.java:logGet(43)) - raft.rpc.type = GRPC (default)
2019-11-11 20:28:11,586 [main] INFO  grpc.GrpcFactory (GrpcFactory.java:checkPooledByteBufAllocatorUseCacheForAllThreads(45)) - PERFORMANCE WARNING: useCacheForAllThreads is true that may cause Netty to create a lot garbage objects and, as a result, trigger GC.
	It is recommended to disable useCacheForAllThreads by setting -Dorg.apache.ratis.thirdparty.io.netty.allocator.useCacheForAllThreads=false in command line.
2019-11-11 20:28:11,586 [main] INFO  grpc.GrpcConfigKeys$Server (ConfUtils.java:logGet(43)) - raft.grpc.server.port = 0 (default)
2019-11-11 20:28:11,586 [main] INFO  server.GrpcService (ConfUtils.java:logGet(43)) - raft.grpc.message.size.max = 33570816 (custom)
2019-11-11 20:28:11,587 [main] INFO  server.RaftServerConfigKeys (ConfUtils.java:logGet(43)) - raft.server.log.appender.buffer.byte-limit = 33554432 (custom)
2019-11-11 20:28:11,587 [main] INFO  server.GrpcService (ConfUtils.java:logGet(43)) - raft.grpc.flow.control.window = 1MB (=1048576) (default)
2019-11-11 20:28:11,587 [main] INFO  server.RaftServerConfigKeys (ConfUtils.java:logGet(43)) - raft.server.rpc.request.timeout = 3000ms (default)
2019-11-11 20:28:11,587 [main] INFO  server.RaftServerConfigKeys (ConfUtils.java:logGet(43)) - raft.server.storage.dir = [/workdir/hadoop-ozone/integration-test/target/test-dir/MiniOzoneClusterImpl-878a1954-6462-47b6-bdcc-bab86c556cb3/datanode-9/data/ratis] (custom)
2019-11-11 20:28:11,589 [main] INFO  hdfs.DFSUtil (DFSUtil.java:httpServerTemplateForNNAndJN(1641)) - Starting Web-server for hddsDatanode at: http://0.0.0.0:0
2019-11-11 20:28:11,590 [main] INFO  server.AuthenticationFilter (AuthenticationFilter.java:constructSecretProvider(240)) - Unable to initialize FileSignerSecretProvider, falling back to use random secrets.
2019-11-11 20:28:11,590 [main] WARN  http.HttpRequestLog (HttpRequestLog.java:getRequestLog(97)) - Jetty request log can only be enabled using Log4j
2019-11-11 20:28:11,592 [main] INFO  http.HttpServer2 (HttpServer2.java:addGlobalFilter(975)) - Added global filter 'safety' (class=org.apache.hadoop.http.HttpServer2$QuotingInputFilter)
2019-11-11 20:28:11,592 [main] INFO  http.HttpServer2 (HttpServer2.java:addFilter(948)) - Added filter static_user_filter (class=org.apache.hadoop.http.lib.StaticUserWebFilter$StaticUserFilter) to context hddsDatanode
2019-11-11 20:28:11,592 [main] INFO  http.HttpServer2 (HttpServer2.java:addFilter(958)) - Added filter static_user_filter (class=org.apache.hadoop.http.lib.StaticUserWebFilter$StaticUserFilter) to context logs
2019-11-11 20:28:11,592 [main] INFO  http.HttpServer2 (HttpServer2.java:addFilter(958)) - Added filter static_user_filter (class=org.apache.hadoop.http.lib.StaticUserWebFilter$StaticUserFilter) to context static
2019-11-11 20:28:11,593 [main] INFO  http.HttpServer2 (HttpServer2.java:bindListener(1191)) - Jetty bound to port 41820
2019-11-11 20:28:11,593 [main] INFO  server.Server (Server.java:doStart(351)) - jetty-9.3.25.v20180904, build timestamp: 2018-09-04T21:11:46Z, git hash: 3ce520221d0240229c862b122d2b06c12a625732
2019-11-11 20:28:11,594 [main] INFO  handler.ContextHandler (ContextHandler.java:doStart(781)) - Started o.e.j.s.ServletContextHandler@1a88c4f5{/logs,file:///workdir/hadoop-ozone/integration-test/target/log,AVAILABLE}
2019-11-11 20:28:11,595 [main] INFO  handler.ContextHandler (ContextHandler.java:doStart(781)) - Started o.e.j.s.ServletContextHandler@1144a02b{/static,jar:file:/home/user/.m2/repository/org/apache/hadoop/hadoop-hdds-container-service/0.5.0-SNAPSHOT/hadoop-hdds-container-service-0.5.0-SNAPSHOT.jar!/webapps/static,AVAILABLE}
2019-11-11 20:28:11,629 [main] INFO  handler.ContextHandler (ContextHandler.java:doStart(781)) - Started o.e.j.w.WebAppContext@2a04ab05{/,file:///tmp/jetty-0.0.0.0-41820-hddsDatanode-_-any-2818570122981643477.dir/webapp/,AVAILABLE}{/hddsDatanode}
2019-11-11 20:28:11,630 [main] INFO  server.AbstractConnector (AbstractConnector.java:doStart(278)) - Started ServerConnector@5ebbde60{HTTP/1.1,[http/1.1]}{0.0.0.0:41820}
2019-11-11 20:28:11,632 [main] INFO  server.Server (Server.java:doStart(419)) - Started @273207ms
2019-11-11 20:28:11,632 [main] WARN  impl.MetricsSystemImpl (MetricsSystemImpl.java:register(276)) - Sink prometheus already exists!
2019-11-11 20:28:11,633 [main] INFO  server.BaseHttpServer (BaseHttpServer.java:updateConnectorAddress(215)) - HTTP server of HDDSDATANODE is listening at http://0.0.0.0:41820
2019-11-11 20:28:11,634 [main] INFO  ozone.MiniOzoneClusterImpl (MiniOzoneClusterImpl.java:lambda$waitForClusterToBeReady$2(171)) - Waiting for cluster to be ready. Got 0 of 10 DN Heartbeats.
2019-11-11 20:28:11,635 [org.apache.hadoop.util.JvmPauseMonitor$Monitor@20e6cfc1] INFO  util.JvmPauseMonitor (JvmPauseMonitor.java:run(188)) - Starting JVM pause monitor
2019-11-11 20:28:11,637 [Datanode State Machine Thread - 0] INFO  datanode.InitDatanodeState (InitDatanodeState.java:persistContainerDatanodeDetails(140)) - DatanodeDetails is persisted to /workdir/hadoop-ozone/integration-test/target/test-dir/MiniOzoneClusterImpl-878a1954-6462-47b6-bdcc-bab86c556cb3/datanode-9/meta/datanode.id
2019-11-11 20:28:12,634 [main] INFO  ozone.MiniOzoneClusterImpl (MiniOzoneClusterImpl.java:lambda$waitForClusterToBeReady$2(171)) - Waiting for cluster to be ready. Got 0 of 10 DN Heartbeats.
2019-11-11 20:28:12,900 [Datanode State Machine Thread - 0] INFO  ozoneimpl.OzoneContainer (OzoneContainer.java:start(218)) - Attempting to start container services.
2019-11-11 20:28:12,901 [Datanode State Machine Thread - 0] INFO  ozoneimpl.OzoneContainer (OzoneContainer.java:startContainerScrub(182)) - Background container scanner has been disabled.
2019-11-11 20:28:12,901 [Datanode State Machine Thread - 0] INFO  ratis.XceiverServerRatis (XceiverServerRatis.java:start(421)) - Starting XceiverServerRatis e0742d41-25ee-4eea-9579-711a01e64de1 at port 0
2019-11-11 20:28:12,911 [Datanode State Machine Thread - 0] INFO  impl.RaftServerProxy (RaftServerProxy.java:lambda$start$3(299)) - e0742d41-25ee-4eea-9579-711a01e64de1: start RPC server
2019-11-11 20:28:12,915 [Datanode State Machine Thread - 0] INFO  server.GrpcService (GrpcService.java:startImpl(158)) - e0742d41-25ee-4eea-9579-711a01e64de1: GrpcService started, listening on 0.0.0.0/0.0.0.0:44547
2019-11-11 20:28:12,915 [Datanode State Machine Thread - 0] INFO  ratis.XceiverServerRatis (XceiverServerRatis.java:start(431)) - XceiverServerRatis e0742d41-25ee-4eea-9579-711a01e64de1 is started using port 44547
2019-11-11 20:28:12,916 [Datanode State Machine Thread - 0] INFO  server.XceiverServerGrpc (XceiverServerGrpc.java:start(145)) - XceiverServerGrpc e0742d41-25ee-4eea-9579-711a01e64de1 is started using port 40343
2019-11-11 20:28:12,951 [Datanode State Machine Thread - 0] INFO  ozoneimpl.OzoneContainer (OzoneContainer.java:start(218)) - Attempting to start container services.
2019-11-11 20:28:12,951 [Datanode State Machine Thread - 0] INFO  ozoneimpl.OzoneContainer (OzoneContainer.java:startContainerScrub(182)) - Background container scanner has been disabled.
2019-11-11 20:28:12,952 [Datanode State Machine Thread - 0] INFO  ratis.XceiverServerRatis (XceiverServerRatis.java:start(421)) - Starting XceiverServerRatis f9a7ecd3-e7a4-4080-bb37-5ca61c0ec681 at port 0
2019-11-11 20:28:12,962 [Datanode State Machine Thread - 0] INFO  impl.RaftServerProxy (RaftServerProxy.java:lambda$start$3(299)) - f9a7ecd3-e7a4-4080-bb37-5ca61c0ec681: start RPC server
2019-11-11 20:28:12,963 [Datanode State Machine Thread - 0] INFO  server.GrpcService (GrpcService.java:startImpl(158)) - f9a7ecd3-e7a4-4080-bb37-5ca61c0ec681: GrpcService started, listening on 0.0.0.0/0.0.0.0:39904
2019-11-11 20:28:12,963 [Datanode State Machine Thread - 0] INFO  ratis.XceiverServerRatis (XceiverServerRatis.java:start(431)) - XceiverServerRatis f9a7ecd3-e7a4-4080-bb37-5ca61c0ec681 is started using port 39904
2019-11-11 20:28:12,963 [Datanode State Machine Thread - 0] INFO  server.XceiverServerGrpc (XceiverServerGrpc.java:start(145)) - XceiverServerGrpc f9a7ecd3-e7a4-4080-bb37-5ca61c0ec681 is started using port 37435
2019-11-11 20:28:13,014 [Datanode State Machine Thread - 0] INFO  ozoneimpl.OzoneContainer (OzoneContainer.java:start(218)) - Attempting to start container services.
2019-11-11 20:28:13,014 [Datanode State Machine Thread - 0] INFO  ozoneimpl.OzoneContainer (OzoneContainer.java:startContainerScrub(182)) - Background container scanner has been disabled.
2019-11-11 20:28:13,014 [Datanode State Machine Thread - 0] INFO  ratis.XceiverServerRatis (XceiverServerRatis.java:start(421)) - Starting XceiverServerRatis 4458042f-08fe-441c-a446-1f2065605b64 at port 0
2019-11-11 20:28:13,021 [Datanode State Machine Thread - 0] INFO  impl.RaftServerProxy (RaftServerProxy.java:lambda$start$3(299)) - 4458042f-08fe-441c-a446-1f2065605b64: start RPC server
2019-11-11 20:28:13,022 [Datanode State Machine Thread - 0] INFO  server.GrpcService (GrpcService.java:startImpl(158)) - 4458042f-08fe-441c-a446-1f2065605b64: GrpcService started, listening on 0.0.0.0/0.0.0.0:44156
2019-11-11 20:28:13,022 [Datanode State Machine Thread - 0] INFO  ratis.XceiverServerRatis (XceiverServerRatis.java:start(431)) - XceiverServerRatis 4458042f-08fe-441c-a446-1f2065605b64 is started using port 44156
2019-11-11 20:28:13,033 [Datanode State Machine Thread - 0] INFO  server.XceiverServerGrpc (XceiverServerGrpc.java:start(145)) - XceiverServerGrpc 4458042f-08fe-441c-a446-1f2065605b64 is started using port 39610
2019-11-11 20:28:13,110 [Datanode State Machine Thread - 0] INFO  ozoneimpl.OzoneContainer (OzoneContainer.java:start(218)) - Attempting to start container services.
2019-11-11 20:28:13,111 [Datanode State Machine Thread - 0] INFO  ozoneimpl.OzoneContainer (OzoneContainer.java:startContainerScrub(182)) - Background container scanner has been disabled.
2019-11-11 20:28:13,111 [Datanode State Machine Thread - 0] INFO  ratis.XceiverServerRatis (XceiverServerRatis.java:start(421)) - Starting XceiverServerRatis 0237f4f0-b27e-4420-99a0-7f40e4083ac0 at port 0
2019-11-11 20:28:13,117 [Datanode State Machine Thread - 0] INFO  impl.RaftServerProxy (RaftServerProxy.java:lambda$start$3(299)) - 0237f4f0-b27e-4420-99a0-7f40e4083ac0: start RPC server
2019-11-11 20:28:13,118 [Datanode State Machine Thread - 0] INFO  server.GrpcService (GrpcService.java:startImpl(158)) - 0237f4f0-b27e-4420-99a0-7f40e4083ac0: GrpcService started, listening on 0.0.0.0/0.0.0.0:41974
2019-11-11 20:28:13,118 [Datanode State Machine Thread - 0] INFO  ratis.XceiverServerRatis (XceiverServerRatis.java:start(431)) - XceiverServerRatis 0237f4f0-b27e-4420-99a0-7f40e4083ac0 is started using port 41974
2019-11-11 20:28:13,118 [Datanode State Machine Thread - 0] INFO  server.XceiverServerGrpc (XceiverServerGrpc.java:start(145)) - XceiverServerGrpc 0237f4f0-b27e-4420-99a0-7f40e4083ac0 is started using port 34519
2019-11-11 20:28:13,211 [Datanode State Machine Thread - 0] INFO  ozoneimpl.OzoneContainer (OzoneContainer.java:start(218)) - Attempting to start container services.
2019-11-11 20:28:13,211 [Datanode State Machine Thread - 0] INFO  ozoneimpl.OzoneContainer (OzoneContainer.java:startContainerScrub(182)) - Background container scanner has been disabled.
2019-11-11 20:28:13,212 [Datanode State Machine Thread - 0] INFO  ratis.XceiverServerRatis (XceiverServerRatis.java:start(421)) - Starting XceiverServerRatis 396508a6-021e-4f53-afd2-417daf51af04 at port 0
2019-11-11 20:28:13,220 [Datanode State Machine Thread - 0] INFO  impl.RaftServerProxy (RaftServerProxy.java:lambda$start$3(299)) - 396508a6-021e-4f53-afd2-417daf51af04: start RPC server
2019-11-11 20:28:13,222 [Datanode State Machine Thread - 0] INFO  server.GrpcService (GrpcService.java:startImpl(158)) - 396508a6-021e-4f53-afd2-417daf51af04: GrpcService started, listening on 0.0.0.0/0.0.0.0:45746
2019-11-11 20:28:13,222 [Datanode State Machine Thread - 0] INFO  ratis.XceiverServerRatis (XceiverServerRatis.java:start(431)) - XceiverServerRatis 396508a6-021e-4f53-afd2-417daf51af04 is started using port 45746
2019-11-11 20:28:13,222 [Datanode State Machine Thread - 0] INFO  server.XceiverServerGrpc (XceiverServerGrpc.java:start(145)) - XceiverServerGrpc 396508a6-021e-4f53-afd2-417daf51af04 is started using port 42291
2019-11-11 20:28:13,295 [Datanode State Machine Thread - 0] INFO  ozoneimpl.OzoneContainer (OzoneContainer.java:start(218)) - Attempting to start container services.
2019-11-11 20:28:13,295 [Datanode State Machine Thread - 0] INFO  ozoneimpl.OzoneContainer (OzoneContainer.java:startContainerScrub(182)) - Background container scanner has been disabled.
2019-11-11 20:28:13,295 [Datanode State Machine Thread - 0] INFO  ratis.XceiverServerRatis (XceiverServerRatis.java:start(421)) - Starting XceiverServerRatis 6ca76b85-30a3-47b0-8ec4-51f6d05896eb at port 0
2019-11-11 20:28:13,303 [Datanode State Machine Thread - 0] INFO  impl.RaftServerProxy (RaftServerProxy.java:lambda$start$3(299)) - 6ca76b85-30a3-47b0-8ec4-51f6d05896eb: start RPC server
2019-11-11 20:28:13,305 [Datanode State Machine Thread - 0] INFO  server.GrpcService (GrpcService.java:startImpl(158)) - 6ca76b85-30a3-47b0-8ec4-51f6d05896eb: GrpcService started, listening on 0.0.0.0/0.0.0.0:38205
2019-11-11 20:28:13,305 [Datanode State Machine Thread - 0] INFO  ratis.XceiverServerRatis (XceiverServerRatis.java:start(431)) - XceiverServerRatis 6ca76b85-30a3-47b0-8ec4-51f6d05896eb is started using port 38205
2019-11-11 20:28:13,306 [Datanode State Machine Thread - 0] INFO  server.XceiverServerGrpc (XceiverServerGrpc.java:start(145)) - XceiverServerGrpc 6ca76b85-30a3-47b0-8ec4-51f6d05896eb is started using port 37337
2019-11-11 20:28:13,387 [Datanode State Machine Thread - 0] INFO  ozoneimpl.OzoneContainer (OzoneContainer.java:start(218)) - Attempting to start container services.
2019-11-11 20:28:13,387 [Datanode State Machine Thread - 0] INFO  ozoneimpl.OzoneContainer (OzoneContainer.java:startContainerScrub(182)) - Background container scanner has been disabled.
2019-11-11 20:28:13,387 [Datanode State Machine Thread - 0] INFO  ratis.XceiverServerRatis (XceiverServerRatis.java:start(421)) - Starting XceiverServerRatis 75be7957-289d-4245-a821-fc5677a0cfb7 at port 0
2019-11-11 20:28:13,396 [Datanode State Machine Thread - 0] INFO  impl.RaftServerProxy (RaftServerProxy.java:lambda$start$3(299)) - 75be7957-289d-4245-a821-fc5677a0cfb7: start RPC server
2019-11-11 20:28:13,396 [Datanode State Machine Thread - 0] INFO  server.GrpcService (GrpcService.java:startImpl(158)) - 75be7957-289d-4245-a821-fc5677a0cfb7: GrpcService started, listening on 0.0.0.0/0.0.0.0:39702
2019-11-11 20:28:13,397 [Datanode State Machine Thread - 0] INFO  ratis.XceiverServerRatis (XceiverServerRatis.java:start(431)) - XceiverServerRatis 75be7957-289d-4245-a821-fc5677a0cfb7 is started using port 39702
2019-11-11 20:28:13,397 [Datanode State Machine Thread - 0] INFO  server.XceiverServerGrpc (XceiverServerGrpc.java:start(145)) - XceiverServerGrpc 75be7957-289d-4245-a821-fc5677a0cfb7 is started using port 44404
2019-11-11 20:28:13,479 [Datanode State Machine Thread - 0] INFO  ozoneimpl.OzoneContainer (OzoneContainer.java:start(218)) - Attempting to start container services.
2019-11-11 20:28:13,480 [Datanode State Machine Thread - 0] INFO  ozoneimpl.OzoneContainer (OzoneContainer.java:startContainerScrub(182)) - Background container scanner has been disabled.
2019-11-11 20:28:13,480 [Datanode State Machine Thread - 0] INFO  ratis.XceiverServerRatis (XceiverServerRatis.java:start(421)) - Starting XceiverServerRatis fb7bce6a-1cd3-4beb-8a28-448fd0b8448e at port 0
2019-11-11 20:28:13,489 [Datanode State Machine Thread - 0] INFO  impl.RaftServerProxy (RaftServerProxy.java:lambda$start$3(299)) - fb7bce6a-1cd3-4beb-8a28-448fd0b8448e: start RPC server
2019-11-11 20:28:13,490 [Datanode State Machine Thread - 0] INFO  server.GrpcService (GrpcService.java:startImpl(158)) - fb7bce6a-1cd3-4beb-8a28-448fd0b8448e: GrpcService started, listening on 0.0.0.0/0.0.0.0:37289
2019-11-11 20:28:13,490 [Datanode State Machine Thread - 0] INFO  ratis.XceiverServerRatis (XceiverServerRatis.java:start(431)) - XceiverServerRatis fb7bce6a-1cd3-4beb-8a28-448fd0b8448e is started using port 37289
2019-11-11 20:28:13,491 [Datanode State Machine Thread - 0] INFO  server.XceiverServerGrpc (XceiverServerGrpc.java:start(145)) - XceiverServerGrpc fb7bce6a-1cd3-4beb-8a28-448fd0b8448e is started using port 33782
2019-11-11 20:28:13,596 [Datanode State Machine Thread - 0] INFO  ozoneimpl.OzoneContainer (OzoneContainer.java:start(218)) - Attempting to start container services.
2019-11-11 20:28:13,597 [Datanode State Machine Thread - 0] INFO  ozoneimpl.OzoneContainer (OzoneContainer.java:startContainerScrub(182)) - Background container scanner has been disabled.
2019-11-11 20:28:13,597 [Datanode State Machine Thread - 0] INFO  ratis.XceiverServerRatis (XceiverServerRatis.java:start(421)) - Starting XceiverServerRatis 3cc51d6b-e891-4e52-b01b-ce9c9a895fa2 at port 0
2019-11-11 20:28:13,605 [Datanode State Machine Thread - 0] INFO  impl.RaftServerProxy (RaftServerProxy.java:lambda$start$3(299)) - 3cc51d6b-e891-4e52-b01b-ce9c9a895fa2: start RPC server
2019-11-11 20:28:13,606 [Datanode State Machine Thread - 0] INFO  server.GrpcService (GrpcService.java:startImpl(158)) - 3cc51d6b-e891-4e52-b01b-ce9c9a895fa2: GrpcService started, listening on 0.0.0.0/0.0.0.0:45920
2019-11-11 20:28:13,606 [Datanode State Machine Thread - 0] INFO  ratis.XceiverServerRatis (XceiverServerRatis.java:start(431)) - XceiverServerRatis 3cc51d6b-e891-4e52-b01b-ce9c9a895fa2 is started using port 45920
2019-11-11 20:28:13,607 [Datanode State Machine Thread - 0] INFO  server.XceiverServerGrpc (XceiverServerGrpc.java:start(145)) - XceiverServerGrpc 3cc51d6b-e891-4e52-b01b-ce9c9a895fa2 is started using port 36725
2019-11-11 20:28:13,635 [main] INFO  ozone.MiniOzoneClusterImpl (MiniOzoneClusterImpl.java:lambda$waitForClusterToBeReady$2(171)) - Waiting for cluster to be ready. Got 0 of 10 DN Heartbeats.
2019-11-11 20:28:13,664 [Datanode State Machine Thread - 0] INFO  ozoneimpl.OzoneContainer (OzoneContainer.java:start(218)) - Attempting to start container services.
2019-11-11 20:28:13,664 [Datanode State Machine Thread - 0] INFO  ozoneimpl.OzoneContainer (OzoneContainer.java:startContainerScrub(182)) - Background container scanner has been disabled.
2019-11-11 20:28:13,665 [Datanode State Machine Thread - 0] INFO  ratis.XceiverServerRatis (XceiverServerRatis.java:start(421)) - Starting XceiverServerRatis 4ee8c297-07ef-4ca0-9e53-65cba3c36712 at port 0
2019-11-11 20:28:13,675 [Datanode State Machine Thread - 0] INFO  impl.RaftServerProxy (RaftServerProxy.java:lambda$start$3(299)) - 4ee8c297-07ef-4ca0-9e53-65cba3c36712: start RPC server
2019-11-11 20:28:13,677 [Datanode State Machine Thread - 0] INFO  server.GrpcService (GrpcService.java:startImpl(158)) - 4ee8c297-07ef-4ca0-9e53-65cba3c36712: GrpcService started, listening on 0.0.0.0/0.0.0.0:36407
2019-11-11 20:28:13,677 [Datanode State Machine Thread - 0] INFO  ratis.XceiverServerRatis (XceiverServerRatis.java:start(431)) - XceiverServerRatis 4ee8c297-07ef-4ca0-9e53-65cba3c36712 is started using port 36407
2019-11-11 20:28:13,694 [Datanode State Machine Thread - 0] INFO  server.XceiverServerGrpc (XceiverServerGrpc.java:start(145)) - XceiverServerGrpc 4ee8c297-07ef-4ca0-9e53-65cba3c36712 is started using port 35947
2019-11-11 20:28:14,635 [main] INFO  ozone.MiniOzoneClusterImpl (MiniOzoneClusterImpl.java:lambda$waitForClusterToBeReady$2(171)) - Waiting for cluster to be ready. Got 0 of 10 DN Heartbeats.
2019-11-11 20:28:14,852 [IPC Server handler 17 on 38257] INFO  net.NetworkTopology (NetworkTopologyImpl.java:add(111)) - Added a new node: /rack1/e0742d41-25ee-4eea-9579-711a01e64de1
2019-11-11 20:28:14,855 [IPC Server handler 17 on 38257] INFO  node.SCMNodeManager (SCMNodeManager.java:register(267)) - Registered Data node : e0742d41-25ee-4eea-9579-711a01e64de1{ip: 192.168.69.124, host: pr-hdds-1868-2776b-164702576, networkLocation: /rack1, certSerialId: null}
2019-11-11 20:28:14,856 [EventQueue-NodeRegistrationContainerReportForDataNodeSafeModeRule] INFO  safemode.SCMSafeModeManager (DataNodeSafeModeRule.java:process(71)) - SCM in safe mode. 1 DataNodes registered, 1 required.
2019-11-11 20:28:14,858 [EventQueue-NodeRegistrationContainerReportForDataNodeSafeModeRule] INFO  safemode.SCMSafeModeManager (SCMSafeModeManager.java:validateSafeModeExitRules(177)) - ScmSafeModeManager, all rules are successfully validated
2019-11-11 20:28:14,859 [EventQueue-NodeRegistrationContainerReportForDataNodeSafeModeRule] INFO  safemode.SCMSafeModeManager (SCMSafeModeManager.java:exitSafeMode(193)) - SCM exiting safe mode.
2019-11-11 20:28:14,873 [grpc-default-executor-8] INFO  impl.RaftServerProxy (RaftServerProxy.java:addNew(89)) - e0742d41-25ee-4eea-9579-711a01e64de1: addNew group-B5CCC9931C3F:[e0742d41-25ee-4eea-9579-711a01e64de1:192.168.69.124:44547] returns group-B5CCC9931C3F:java.util.concurrent.CompletableFuture@549e2be[Not completed]
2019-11-11 20:28:14,876 [pool-510-thread-1] INFO  impl.RaftServerImpl (RaftServerImpl.java:<init>(98)) - e0742d41-25ee-4eea-9579-711a01e64de1: new RaftServerImpl for group-B5CCC9931C3F:[e0742d41-25ee-4eea-9579-711a01e64de1:192.168.69.124:44547] with ContainerStateMachine:uninitialized
2019-11-11 20:28:14,876 [pool-510-thread-1] INFO  server.RaftServerConfigKeys (ConfUtils.java:logGet(43)) - raft.server.rpc.timeout.min = 1s (custom)
2019-11-11 20:28:14,877 [pool-510-thread-1] INFO  server.RaftServerConfigKeys (ConfUtils.java:logGet(43)) - raft.server.rpc.timeout.max = 1200ms (custom)
2019-11-11 20:28:14,877 [pool-510-thread-1] INFO  server.RaftServerConfigKeys (ConfUtils.java:logGet(43)) - raft.server.rpcslowness.timeout = 120s (custom)
2019-11-11 20:28:14,877 [pool-510-thread-1] INFO  server.RaftServerConfigKeys (ConfUtils.java:logGet(43)) - raft.server.sleep.deviation.threshold = 300 (default)
2019-11-11 20:28:14,877 [pool-510-thread-1] INFO  server.RaftServerConfigKeys (ConfUtils.java:logGet(43)) - raft.server.log.appender.install.snapshot.enabled = false (custom)
2019-11-11 20:28:14,877 [pool-510-thread-1] INFO  impl.RaftServerImpl (ServerState.java:<init>(103)) - e0742d41-25ee-4eea-9579-711a01e64de1@group-B5CCC9931C3F: ConfigurationManager, init=-1: [e0742d41-25ee-4eea-9579-711a01e64de1:192.168.69.124:44547], old=null, confs=<EMPTY_MAP>
2019-11-11 20:28:14,878 [pool-510-thread-1] INFO  server.RaftServerConfigKeys (ConfUtils.java:logGet(43)) - raft.server.storage.dir = [/workdir/hadoop-ozone/integration-test/target/test-dir/MiniOzoneClusterImpl-878a1954-6462-47b6-bdcc-bab86c556cb3/datanode-0/data/ratis] (custom)
2019-11-11 20:28:14,878 [pool-510-thread-1] INFO  server.RaftServerConfigKeys (ConfUtils.java:logGet(43)) - raft.server.log.corruption.policy = EXCEPTION (default)
2019-11-11 20:28:14,878 [pool-510-thread-1] INFO  storage.RaftStorageDirectory (RaftStorageDirectory.java:analyzeStorage(246)) - The storage directory /workdir/hadoop-ozone/integration-test/target/test-dir/MiniOzoneClusterImpl-878a1954-6462-47b6-bdcc-bab86c556cb3/datanode-0/data/ratis/ad41858c-bfe6-47ae-b4b7-b5ccc9931c3f does not exist. Creating ...
2019-11-11 20:28:14,903 [pool-510-thread-1] INFO  storage.RaftStorageDirectory (RaftStorageDirectory.java:tryLock(328)) - Lock on /workdir/hadoop-ozone/integration-test/target/test-dir/MiniOzoneClusterImpl-878a1954-6462-47b6-bdcc-bab86c556cb3/datanode-0/data/ratis/ad41858c-bfe6-47ae-b4b7-b5ccc9931c3f/in_use.lock acquired by nodename 3817@pr-hdds-1868-2776b-164702576
2019-11-11 20:28:14,929 [pool-510-thread-1] INFO  storage.RaftStorage (RaftStorage.java:format(84)) - Storage directory /workdir/hadoop-ozone/integration-test/target/test-dir/MiniOzoneClusterImpl-878a1954-6462-47b6-bdcc-bab86c556cb3/datanode-0/data/ratis/ad41858c-bfe6-47ae-b4b7-b5ccc9931c3f has been successfully formatted.
2019-11-11 20:28:14,929 [pool-510-thread-1] INFO  ratis.ContainerStateMachine (ContainerStateMachine.java:loadSnapshot(223)) - group-B5CCC9931C3F: The snapshot info is null. Setting the last applied indexto:(t:0, i:~)
2019-11-11 20:28:14,930 [pool-510-thread-1] INFO  server.RaftServerConfigKeys (ConfUtils.java:logGet(43)) - raft.server.notification.no-leader.timeout = 120s (custom)
2019-11-11 20:28:14,930 [pool-510-thread-1] INFO  server.RaftServerConfigKeys (ConfUtils.java:logGet(43)) - raft.server.log.use.memory = false (default)
2019-11-11 20:28:14,930 [pool-510-thread-1] INFO  server.RaftServerConfigKeys (ConfUtils.java:logGet(43)) - raft.server.log.purge.gap = 1000000 (custom)
2019-11-11 20:28:14,931 [pool-510-thread-1] INFO  server.RaftServerConfigKeys (ConfUtils.java:logGet(43)) - raft.server.log.appender.buffer.byte-limit = 33554432 (custom)
2019-11-11 20:28:14,931 [pool-510-thread-1] INFO  server.RaftServerConfigKeys (ConfUtils.java:logGet(43)) - raft.server.log.segment.size.max = 1048576 (custom)
2019-11-11 20:28:14,931 [pool-510-thread-1] WARN  impl.MetricRegistriesImpl (MetricRegistriesImpl.java:lambda$create$1(61)) - First MetricRegistry has been created without registering reporters. You may need to call MetricRegistries.global().addReportRegistration(...) before.
2019-11-11 20:28:14,932 [pool-510-thread-1] INFO  server.RaftServerConfigKeys (ConfUtils.java:logGet(43)) - raft.server.log.segment.cache.num.max = 2 (custom)
2019-11-11 20:28:14,932 [pool-510-thread-1] INFO  segmented.SegmentedRaftLogWorker (SegmentedRaftLogWorker.java:<init>(173)) - new e0742d41-25ee-4eea-9579-711a01e64de1@group-B5CCC9931C3F-SegmentedRaftLogWorker for RaftStorage:Storage Directory /workdir/hadoop-ozone/integration-test/target/test-dir/MiniOzoneClusterImpl-878a1954-6462-47b6-bdcc-bab86c556cb3/datanode-0/data/ratis/ad41858c-bfe6-47ae-b4b7-b5ccc9931c3f
2019-11-11 20:28:14,932 [pool-510-thread-1] INFO  server.RaftServerConfigKeys (ConfUtils.java:logGet(43)) - raft.server.log.queue.byte-limit = 2147483647 (custom)
2019-11-11 20:28:14,933 [pool-510-thread-1] INFO  server.RaftServerConfigKeys (ConfUtils.java:logGet(43)) - raft.server.log.queue.element-limit = 1024 (custom)
2019-11-11 20:28:14,933 [pool-510-thread-1] INFO  server.RaftServerConfigKeys (ConfUtils.java:logGet(43)) - raft.server.log.segment.size.max = 1048576 (custom)
2019-11-11 20:28:14,933 [pool-510-thread-1] INFO  server.RaftServerConfigKeys (ConfUtils.java:logGet(43)) - raft.server.log.preallocated.size = 16384 (custom)
2019-11-11 20:28:14,933 [pool-510-thread-1] INFO  server.RaftServerConfigKeys (ConfUtils.java:logGet(43)) - raft.server.log.write.buffer.size = 33554432 (custom)
2019-11-11 20:28:14,934 [pool-510-thread-1] INFO  server.RaftServerConfigKeys (ConfUtils.java:logGet(43)) - raft.server.log.force.sync.num = 128 (default)
2019-11-11 20:28:14,934 [pool-510-thread-1] INFO  server.RaftServerConfigKeys (ConfUtils.java:logGet(43)) - raft.server.log.statemachine.data.sync = true (default)
2019-11-11 20:28:14,934 [pool-510-thread-1] INFO  server.RaftServerConfigKeys (ConfUtils.java:logGet(43)) - raft.server.log.statemachine.data.sync.timeout = 10s (default)
2019-11-11 20:28:14,934 [pool-510-thread-1] INFO  server.RaftServerConfigKeys (ConfUtils.java:logGet(43)) - raft.server.log.statemachine.data.sync.timeout.retry = -1 (default)
2019-11-11 20:28:14,935 [pool-510-thread-1] INFO  server.RaftServerConfigKeys (ConfUtils.java:logGet(43)) - raft.server.log.statemachine.data.caching.enabled = true (custom)
2019-11-11 20:28:14,935 [IPC Server handler 8 on 38257] INFO  net.NetworkTopology (NetworkTopologyImpl.java:add(111)) - Added a new node: /rack1/f9a7ecd3-e7a4-4080-bb37-5ca61c0ec681
2019-11-11 20:28:14,935 [IPC Server handler 8 on 38257] INFO  node.SCMNodeManager (SCMNodeManager.java:register(267)) - Registered Data node : f9a7ecd3-e7a4-4080-bb37-5ca61c0ec681{ip: 192.168.69.124, host: pr-hdds-1868-2776b-164702576, networkLocation: /rack1, certSerialId: null}
2019-11-11 20:28:14,936 [pool-510-thread-1] INFO  segmented.SegmentedRaftLogWorker (SegmentedRaftLogWorker.java:lambda$new$0(128)) - e0742d41-25ee-4eea-9579-711a01e64de1@group-B5CCC9931C3F-SegmentedRaftLogWorker: flushIndex: setUnconditionally 0 -> -1
2019-11-11 20:28:14,936 [pool-510-thread-1] INFO  server.RaftServerConfigKeys (ConfUtils.java:logGet(43)) - raft.server.snapshot.auto.trigger.enabled = true (custom)
2019-11-11 20:28:14,937 [pool-510-thread-1] INFO  server.RaftServerConfigKeys (ConfUtils.java:logGet(43)) - raft.server.snapshot.auto.trigger.threshold = 10000 (custom)
2019-11-11 20:28:14,937 [pool-510-thread-1] INFO  server.RaftServerConfigKeys (ConfUtils.java:logGet(43)) - raft.server.snapshot.retention.file.num = 5 (custom)
2019-11-11 20:28:14,937 [pool-510-thread-1] INFO  server.RaftServerConfigKeys (ConfUtils.java:logGet(43)) - raft.server.retrycache.expirytime = 600000ms (custom)
2019-11-11 20:28:14,938 [pool-510-thread-1] WARN  impl.MetricRegistriesImpl (MetricRegistriesImpl.java:lambda$create$1(61)) - First MetricRegistry has been created without registering reporters. You may need to call MetricRegistries.global().addReportRegistration(...) before.
2019-11-11 20:28:14,938 [pool-510-thread-1] WARN  impl.MetricRegistriesImpl (MetricRegistriesImpl.java:lambda$create$1(61)) - First MetricRegistry has been created without registering reporters. You may need to call MetricRegistries.global().addReportRegistration(...) before.
2019-11-11 20:28:14,938 [pool-510-thread-1] INFO  impl.RaftServerImpl (RaftServerImpl.java:start(184)) - e0742d41-25ee-4eea-9579-711a01e64de1@group-B5CCC9931C3F: start as a follower, conf=-1: [e0742d41-25ee-4eea-9579-711a01e64de1:192.168.69.124:44547], old=null
2019-11-11 20:28:14,939 [pool-510-thread-1] INFO  impl.RaftServerImpl (RaftServerImpl.java:setRole(173)) - e0742d41-25ee-4eea-9579-711a01e64de1@group-B5CCC9931C3F: changes role from      null to FOLLOWER at term 0 for startAsFollower
2019-11-11 20:28:14,939 [pool-510-thread-1] INFO  impl.RoleInfo (RoleInfo.java:updateAndGet(143)) - e0742d41-25ee-4eea-9579-711a01e64de1: start FollowerState
2019-11-11 20:28:14,940 [pool-510-thread-1] INFO  util.JmxRegister (JmxRegister.java:tryRegister(44)) - Successfully registered JMX Bean with object name Ratis:service=RaftServer,group=group-B5CCC9931C3F,id=e0742d41-25ee-4eea-9579-711a01e64de1
2019-11-11 20:28:14,940 [pool-510-thread-1] WARN  impl.MetricRegistriesImpl (MetricRegistriesImpl.java:lambda$create$1(61)) - First MetricRegistry has been created without registering reporters. You may need to call MetricRegistries.global().addReportRegistration(...) before.
2019-11-11 20:28:14,944 [RatisPipelineUtilsThread] INFO  pipeline.PipelineStateManager (PipelineStateManager.java:addPipeline(55)) - Created pipeline Pipeline[ Id: ad41858c-bfe6-47ae-b4b7-b5ccc9931c3f, Nodes: e0742d41-25ee-4eea-9579-711a01e64de1{ip: 192.168.69.124, host: pr-hdds-1868-2776b-164702576, networkLocation: /rack1, certSerialId: null}, Type:RATIS, Factor:ONE, State:ALLOCATED]
2019-11-11 20:28:14,951 [grpc-default-executor-8] INFO  impl.RaftServerProxy (RaftServerProxy.java:addNew(89)) - f9a7ecd3-e7a4-4080-bb37-5ca61c0ec681: addNew group-D84187C0BAFE:[f9a7ecd3-e7a4-4080-bb37-5ca61c0ec681:192.168.69.124:39904] returns group-D84187C0BAFE:java.util.concurrent.CompletableFuture@1c0a83[Not completed]
2019-11-11 20:28:14,954 [pool-520-thread-1] INFO  impl.RaftServerImpl (RaftServerImpl.java:<init>(98)) - f9a7ecd3-e7a4-4080-bb37-5ca61c0ec681: new RaftServerImpl for group-D84187C0BAFE:[f9a7ecd3-e7a4-4080-bb37-5ca61c0ec681:192.168.69.124:39904] with ContainerStateMachine:uninitialized
2019-11-11 20:28:14,954 [pool-520-thread-1] INFO  server.RaftServerConfigKeys (ConfUtils.java:logGet(43)) - raft.server.rpc.timeout.min = 1s (custom)
2019-11-11 20:28:14,954 [pool-520-thread-1] INFO  server.RaftServerConfigKeys (ConfUtils.java:logGet(43)) - raft.server.rpc.timeout.max = 1200ms (custom)
2019-11-11 20:28:14,954 [pool-520-thread-1] INFO  server.RaftServerConfigKeys (ConfUtils.java:logGet(43)) - raft.server.rpcslowness.timeout = 120s (custom)
2019-11-11 20:28:14,954 [pool-520-thread-1] INFO  server.RaftServerConfigKeys (ConfUtils.java:logGet(43)) - raft.server.sleep.deviation.threshold = 300 (default)
2019-11-11 20:28:14,954 [pool-520-thread-1] INFO  server.RaftServerConfigKeys (ConfUtils.java:logGet(43)) - raft.server.log.appender.install.snapshot.enabled = false (custom)
2019-11-11 20:28:14,954 [pool-520-thread-1] INFO  impl.RaftServerImpl (ServerState.java:<init>(103)) - f9a7ecd3-e7a4-4080-bb37-5ca61c0ec681@group-D84187C0BAFE: ConfigurationManager, init=-1: [f9a7ecd3-e7a4-4080-bb37-5ca61c0ec681:192.168.69.124:39904], old=null, confs=<EMPTY_MAP>
2019-11-11 20:28:14,955 [pool-520-thread-1] INFO  server.RaftServerConfigKeys (ConfUtils.java:logGet(43)) - raft.server.storage.dir = [/workdir/hadoop-ozone/integration-test/target/test-dir/MiniOzoneClusterImpl-878a1954-6462-47b6-bdcc-bab86c556cb3/datanode-1/data/ratis] (custom)
2019-11-11 20:28:14,955 [pool-520-thread-1] INFO  server.RaftServerConfigKeys (ConfUtils.java:logGet(43)) - raft.server.log.corruption.policy = EXCEPTION (default)
2019-11-11 20:28:14,955 [pool-520-thread-1] INFO  storage.RaftStorageDirectory (RaftStorageDirectory.java:analyzeStorage(246)) - The storage directory /workdir/hadoop-ozone/integration-test/target/test-dir/MiniOzoneClusterImpl-878a1954-6462-47b6-bdcc-bab86c556cb3/datanode-1/data/ratis/02b1d5b5-35ba-4330-96ba-d84187c0bafe does not exist. Creating ...
2019-11-11 20:28:14,979 [pool-520-thread-1] INFO  storage.RaftStorageDirectory (RaftStorageDirectory.java:tryLock(328)) - Lock on /workdir/hadoop-ozone/integration-test/target/test-dir/MiniOzoneClusterImpl-878a1954-6462-47b6-bdcc-bab86c556cb3/datanode-1/data/ratis/02b1d5b5-35ba-4330-96ba-d84187c0bafe/in_use.lock acquired by nodename 3817@pr-hdds-1868-2776b-164702576
2019-11-11 20:28:14,999 [IPC Server handler 0 on 38257] INFO  net.NetworkTopology (NetworkTopologyImpl.java:add(111)) - Added a new node: /rack1/4458042f-08fe-441c-a446-1f2065605b64
2019-11-11 20:28:15,000 [IPC Server handler 0 on 38257] INFO  node.SCMNodeManager (SCMNodeManager.java:register(267)) - Registered Data node : 4458042f-08fe-441c-a446-1f2065605b64{ip: 192.168.69.124, host: pr-hdds-1868-2776b-164702576, networkLocation: /rack1, certSerialId: null}
2019-11-11 20:28:15,004 [pool-520-thread-1] INFO  storage.RaftStorage (RaftStorage.java:format(84)) - Storage directory /workdir/hadoop-ozone/integration-test/target/test-dir/MiniOzoneClusterImpl-878a1954-6462-47b6-bdcc-bab86c556cb3/datanode-1/data/ratis/02b1d5b5-35ba-4330-96ba-d84187c0bafe has been successfully formatted.
2019-11-11 20:28:15,005 [pool-520-thread-1] INFO  ratis.ContainerStateMachine (ContainerStateMachine.java:loadSnapshot(223)) - group-D84187C0BAFE: The snapshot info is null. Setting the last applied indexto:(t:0, i:~)
2019-11-11 20:28:15,005 [pool-520-thread-1] INFO  server.RaftServerConfigKeys (ConfUtils.java:logGet(43)) - raft.server.notification.no-leader.timeout = 120s (custom)
2019-11-11 20:28:15,005 [pool-520-thread-1] INFO  server.RaftServerConfigKeys (ConfUtils.java:logGet(43)) - raft.server.log.use.memory = false (default)
2019-11-11 20:28:15,005 [pool-520-thread-1] INFO  server.RaftServerConfigKeys (ConfUtils.java:logGet(43)) - raft.server.log.purge.gap = 1000000 (custom)
2019-11-11 20:28:15,005 [pool-520-thread-1] INFO  server.RaftServerConfigKeys (ConfUtils.java:logGet(43)) - raft.server.log.appender.buffer.byte-limit = 33554432 (custom)
2019-11-11 20:28:15,005 [pool-520-thread-1] INFO  server.RaftServerConfigKeys (ConfUtils.java:logGet(43)) - raft.server.log.segment.size.max = 1048576 (custom)
2019-11-11 20:28:15,006 [pool-520-thread-1] WARN  impl.MetricRegistriesImpl (MetricRegistriesImpl.java:lambda$create$1(61)) - First MetricRegistry has been created without registering reporters. You may need to call MetricRegistries.global().addReportRegistration(...) before.
2019-11-11 20:28:15,006 [pool-520-thread-1] INFO  server.RaftServerConfigKeys (ConfUtils.java:logGet(43)) - raft.server.log.segment.cache.num.max = 2 (custom)
2019-11-11 20:28:15,006 [pool-520-thread-1] INFO  segmented.SegmentedRaftLogWorker (SegmentedRaftLogWorker.java:<init>(173)) - new f9a7ecd3-e7a4-4080-bb37-5ca61c0ec681@group-D84187C0BAFE-SegmentedRaftLogWorker for RaftStorage:Storage Directory /workdir/hadoop-ozone/integration-test/target/test-dir/MiniOzoneClusterImpl-878a1954-6462-47b6-bdcc-bab86c556cb3/datanode-1/data/ratis/02b1d5b5-35ba-4330-96ba-d84187c0bafe
2019-11-11 20:28:15,006 [pool-520-thread-1] INFO  server.RaftServerConfigKeys (ConfUtils.java:logGet(43)) - raft.server.log.queue.byte-limit = 2147483647 (custom)
2019-11-11 20:28:15,006 [pool-520-thread-1] INFO  server.RaftServerConfigKeys (ConfUtils.java:logGet(43)) - raft.server.log.queue.element-limit = 1024 (custom)
2019-11-11 20:28:15,006 [pool-520-thread-1] INFO  server.RaftServerConfigKeys (ConfUtils.java:logGet(43)) - raft.server.log.segment.size.max = 1048576 (custom)
2019-11-11 20:28:15,007 [pool-520-thread-1] INFO  server.RaftServerConfigKeys (ConfUtils.java:logGet(43)) - raft.server.log.preallocated.size = 16384 (custom)
2019-11-11 20:28:15,007 [pool-520-thread-1] INFO  server.RaftServerConfigKeys (ConfUtils.java:logGet(43)) - raft.server.log.write.buffer.size = 33554432 (custom)
2019-11-11 20:28:15,007 [pool-520-thread-1] INFO  server.RaftServerConfigKeys (ConfUtils.java:logGet(43)) - raft.server.log.force.sync.num = 128 (default)
2019-11-11 20:28:15,007 [pool-520-thread-1] INFO  server.RaftServerConfigKeys (ConfUtils.java:logGet(43)) - raft.server.log.statemachine.data.sync = true (default)
2019-11-11 20:28:15,007 [pool-520-thread-1] INFO  server.RaftServerConfigKeys (ConfUtils.java:logGet(43)) - raft.server.log.statemachine.data.sync.timeout = 10s (default)
2019-11-11 20:28:15,007 [pool-520-thread-1] INFO  server.RaftServerConfigKeys (ConfUtils.java:logGet(43)) - raft.server.log.statemachine.data.sync.timeout.retry = -1 (default)
2019-11-11 20:28:15,007 [pool-520-thread-1] INFO  server.RaftServerConfigKeys (ConfUtils.java:logGet(43)) - raft.server.log.statemachine.data.caching.enabled = true (custom)
2019-11-11 20:28:15,008 [pool-520-thread-1] INFO  segmented.SegmentedRaftLogWorker (SegmentedRaftLogWorker.java:lambda$new$0(128)) - f9a7ecd3-e7a4-4080-bb37-5ca61c0ec681@group-D84187C0BAFE-SegmentedRaftLogWorker: flushIndex: setUnconditionally 0 -> -1
2019-11-11 20:28:15,008 [pool-520-thread-1] INFO  server.RaftServerConfigKeys (ConfUtils.java:logGet(43)) - raft.server.snapshot.auto.trigger.enabled = true (custom)
2019-11-11 20:28:15,008 [pool-520-thread-1] INFO  server.RaftServerConfigKeys (ConfUtils.java:logGet(43)) - raft.server.snapshot.auto.trigger.threshold = 10000 (custom)
2019-11-11 20:28:15,008 [pool-520-thread-1] INFO  server.RaftServerConfigKeys (ConfUtils.java:logGet(43)) - raft.server.snapshot.retention.file.num = 5 (custom)
2019-11-11 20:28:15,009 [pool-520-thread-1] INFO  server.RaftServerConfigKeys (ConfUtils.java:logGet(43)) - raft.server.retrycache.expirytime = 600000ms (custom)
2019-11-11 20:28:15,009 [pool-520-thread-1] WARN  impl.MetricRegistriesImpl (MetricRegistriesImpl.java:lambda$create$1(61)) - First MetricRegistry has been created without registering reporters. You may need to call MetricRegistries.global().addReportRegistration(...) before.
2019-11-11 20:28:15,009 [pool-520-thread-1] WARN  impl.MetricRegistriesImpl (MetricRegistriesImpl.java:lambda$create$1(61)) - First MetricRegistry has been created without registering reporters. You may need to call MetricRegistries.global().addReportRegistration(...) before.
2019-11-11 20:28:15,009 [pool-520-thread-1] INFO  impl.RaftServerImpl (RaftServerImpl.java:start(184)) - f9a7ecd3-e7a4-4080-bb37-5ca61c0ec681@group-D84187C0BAFE: start as a follower, conf=-1: [f9a7ecd3-e7a4-4080-bb37-5ca61c0ec681:192.168.69.124:39904], old=null
2019-11-11 20:28:15,009 [pool-520-thread-1] INFO  impl.RaftServerImpl (RaftServerImpl.java:setRole(173)) - f9a7ecd3-e7a4-4080-bb37-5ca61c0ec681@group-D84187C0BAFE: changes role from      null to FOLLOWER at term 0 for startAsFollower
2019-11-11 20:28:15,009 [pool-520-thread-1] INFO  impl.RoleInfo (RoleInfo.java:updateAndGet(143)) - f9a7ecd3-e7a4-4080-bb37-5ca61c0ec681: start FollowerState
2019-11-11 20:28:15,010 [pool-520-thread-1] INFO  util.JmxRegister (JmxRegister.java:tryRegister(44)) - Successfully registered JMX Bean with object name Ratis:service=RaftServer,group=group-D84187C0BAFE,id=f9a7ecd3-e7a4-4080-bb37-5ca61c0ec681
2019-11-11 20:28:15,010 [pool-520-thread-1] WARN  impl.MetricRegistriesImpl (MetricRegistriesImpl.java:lambda$create$1(61)) - First MetricRegistry has been created without registering reporters. You may need to call MetricRegistries.global().addReportRegistration(...) before.
2019-11-11 20:28:15,012 [RatisPipelineUtilsThread] INFO  pipeline.PipelineStateManager (PipelineStateManager.java:addPipeline(55)) - Created pipeline Pipeline[ Id: 02b1d5b5-35ba-4330-96ba-d84187c0bafe, Nodes: f9a7ecd3-e7a4-4080-bb37-5ca61c0ec681{ip: 192.168.69.124, host: pr-hdds-1868-2776b-164702576, networkLocation: /rack1, certSerialId: null}, Type:RATIS, Factor:ONE, State:ALLOCATED]
2019-11-11 20:28:15,019 [grpc-default-executor-8] INFO  impl.RaftServerProxy (RaftServerProxy.java:addNew(89)) - 4458042f-08fe-441c-a446-1f2065605b64: addNew group-D48E59C3F943:[4458042f-08fe-441c-a446-1f2065605b64:192.168.69.124:44156] returns group-D48E59C3F943:java.util.concurrent.CompletableFuture@4dbcc195[Not completed]
2019-11-11 20:28:15,020 [pool-530-thread-1] INFO  impl.RaftServerImpl (RaftServerImpl.java:<init>(98)) - 4458042f-08fe-441c-a446-1f2065605b64: new RaftServerImpl for group-D48E59C3F943:[4458042f-08fe-441c-a446-1f2065605b64:192.168.69.124:44156] with ContainerStateMachine:uninitialized
2019-11-11 20:28:15,020 [pool-530-thread-1] INFO  server.RaftServerConfigKeys (ConfUtils.java:logGet(43)) - raft.server.rpc.timeout.min = 1s (custom)
2019-11-11 20:28:15,020 [pool-530-thread-1] INFO  server.RaftServerConfigKeys (ConfUtils.java:logGet(43)) - raft.server.rpc.timeout.max = 1200ms (custom)
2019-11-11 20:28:15,020 [pool-530-thread-1] INFO  server.RaftServerConfigKeys (ConfUtils.java:logGet(43)) - raft.server.rpcslowness.timeout = 120s (custom)
2019-11-11 20:28:15,021 [pool-530-thread-1] INFO  server.RaftServerConfigKeys (ConfUtils.java:logGet(43)) - raft.server.sleep.deviation.threshold = 300 (default)
2019-11-11 20:28:15,021 [pool-530-thread-1] INFO  server.RaftServerConfigKeys (ConfUtils.java:logGet(43)) - raft.server.log.appender.install.snapshot.enabled = false (custom)
2019-11-11 20:28:15,021 [pool-530-thread-1] INFO  impl.RaftServerImpl (ServerState.java:<init>(103)) - 4458042f-08fe-441c-a446-1f2065605b64@group-D48E59C3F943: ConfigurationManager, init=-1: [4458042f-08fe-441c-a446-1f2065605b64:192.168.69.124:44156], old=null, confs=<EMPTY_MAP>
2019-11-11 20:28:15,021 [pool-530-thread-1] INFO  server.RaftServerConfigKeys (ConfUtils.java:logGet(43)) - raft.server.storage.dir = [/workdir/hadoop-ozone/integration-test/target/test-dir/MiniOzoneClusterImpl-878a1954-6462-47b6-bdcc-bab86c556cb3/datanode-2/data/ratis] (custom)
2019-11-11 20:28:15,021 [pool-530-thread-1] INFO  server.RaftServerConfigKeys (ConfUtils.java:logGet(43)) - raft.server.log.corruption.policy = EXCEPTION (default)
2019-11-11 20:28:15,022 [pool-530-thread-1] INFO  storage.RaftStorageDirectory (RaftStorageDirectory.java:analyzeStorage(246)) - The storage directory /workdir/hadoop-ozone/integration-test/target/test-dir/MiniOzoneClusterImpl-878a1954-6462-47b6-bdcc-bab86c556cb3/datanode-2/data/ratis/f4157070-8017-4df8-b2f2-d48e59c3f943 does not exist. Creating ...
2019-11-11 20:28:15,046 [pool-530-thread-1] INFO  storage.RaftStorageDirectory (RaftStorageDirectory.java:tryLock(328)) - Lock on /workdir/hadoop-ozone/integration-test/target/test-dir/MiniOzoneClusterImpl-878a1954-6462-47b6-bdcc-bab86c556cb3/datanode-2/data/ratis/f4157070-8017-4df8-b2f2-d48e59c3f943/in_use.lock acquired by nodename 3817@pr-hdds-1868-2776b-164702576
2019-11-11 20:28:15,063 [pool-530-thread-1] INFO  storage.RaftStorage (RaftStorage.java:format(84)) - Storage directory /workdir/hadoop-ozone/integration-test/target/test-dir/MiniOzoneClusterImpl-878a1954-6462-47b6-bdcc-bab86c556cb3/datanode-2/data/ratis/f4157070-8017-4df8-b2f2-d48e59c3f943 has been successfully formatted.
2019-11-11 20:28:15,064 [pool-530-thread-1] INFO  ratis.ContainerStateMachine (ContainerStateMachine.java:loadSnapshot(223)) - group-D48E59C3F943: The snapshot info is null. Setting the last applied indexto:(t:0, i:~)
2019-11-11 20:28:15,064 [pool-530-thread-1] INFO  server.RaftServerConfigKeys (ConfUtils.java:logGet(43)) - raft.server.notification.no-leader.timeout = 120s (custom)
2019-11-11 20:28:15,064 [pool-530-thread-1] INFO  server.RaftServerConfigKeys (ConfUtils.java:logGet(43)) - raft.server.log.use.memory = false (default)
2019-11-11 20:28:15,064 [pool-530-thread-1] INFO  server.RaftServerConfigKeys (ConfUtils.java:logGet(43)) - raft.server.log.purge.gap = 1000000 (custom)
2019-11-11 20:28:15,064 [pool-530-thread-1] INFO  server.RaftServerConfigKeys (ConfUtils.java:logGet(43)) - raft.server.log.appender.buffer.byte-limit = 33554432 (custom)
2019-11-11 20:28:15,064 [pool-530-thread-1] INFO  server.RaftServerConfigKeys (ConfUtils.java:logGet(43)) - raft.server.log.segment.size.max = 1048576 (custom)
2019-11-11 20:28:15,064 [pool-530-thread-1] WARN  impl.MetricRegistriesImpl (MetricRegistriesImpl.java:lambda$create$1(61)) - First MetricRegistry has been created without registering reporters. You may need to call MetricRegistries.global().addReportRegistration(...) before.
2019-11-11 20:28:15,065 [pool-530-thread-1] INFO  server.RaftServerConfigKeys (ConfUtils.java:logGet(43)) - raft.server.log.segment.cache.num.max = 2 (custom)
2019-11-11 20:28:15,065 [pool-530-thread-1] INFO  segmented.SegmentedRaftLogWorker (SegmentedRaftLogWorker.java:<init>(173)) - new 4458042f-08fe-441c-a446-1f2065605b64@group-D48E59C3F943-SegmentedRaftLogWorker for RaftStorage:Storage Directory /workdir/hadoop-ozone/integration-test/target/test-dir/MiniOzoneClusterImpl-878a1954-6462-47b6-bdcc-bab86c556cb3/datanode-2/data/ratis/f4157070-8017-4df8-b2f2-d48e59c3f943
2019-11-11 20:28:15,065 [pool-530-thread-1] INFO  server.RaftServerConfigKeys (ConfUtils.java:logGet(43)) - raft.server.log.queue.byte-limit = 2147483647 (custom)
2019-11-11 20:28:15,065 [pool-530-thread-1] INFO  server.RaftServerConfigKeys (ConfUtils.java:logGet(43)) - raft.server.log.queue.element-limit = 1024 (custom)
2019-11-11 20:28:15,065 [pool-530-thread-1] INFO  server.RaftServerConfigKeys (ConfUtils.java:logGet(43)) - raft.server.log.segment.size.max = 1048576 (custom)
2019-11-11 20:28:15,065 [pool-530-thread-1] INFO  server.RaftServerConfigKeys (ConfUtils.java:logGet(43)) - raft.server.log.preallocated.size = 16384 (custom)
2019-11-11 20:28:15,065 [pool-530-thread-1] INFO  server.RaftServerConfigKeys (ConfUtils.java:logGet(43)) - raft.server.log.write.buffer.size = 33554432 (custom)
2019-11-11 20:28:15,065 [pool-530-thread-1] INFO  server.RaftServerConfigKeys (ConfUtils.java:logGet(43)) - raft.server.log.force.sync.num = 128 (default)
2019-11-11 20:28:15,065 [pool-530-thread-1] INFO  server.RaftServerConfigKeys (ConfUtils.java:logGet(43)) - raft.server.log.statemachine.data.sync = true (default)
2019-11-11 20:28:15,066 [pool-530-thread-1] INFO  server.RaftServerConfigKeys (ConfUtils.java:logGet(43)) - raft.server.log.statemachine.data.sync.timeout = 10s (default)
2019-11-11 20:28:15,066 [pool-530-thread-1] INFO  server.RaftServerConfigKeys (ConfUtils.java:logGet(43)) - raft.server.log.statemachine.data.sync.timeout.retry = -1 (default)
2019-11-11 20:28:15,066 [pool-530-thread-1] INFO  server.RaftServerConfigKeys (ConfUtils.java:logGet(43)) - raft.server.log.statemachine.data.caching.enabled = true (custom)
2019-11-11 20:28:15,066 [pool-530-thread-1] INFO  segmented.SegmentedRaftLogWorker (SegmentedRaftLogWorker.java:lambda$new$0(128)) - 4458042f-08fe-441c-a446-1f2065605b64@group-D48E59C3F943-SegmentedRaftLogWorker: flushIndex: setUnconditionally 0 -> -1
2019-11-11 20:28:15,066 [pool-530-thread-1] INFO  server.RaftServerConfigKeys (ConfUtils.java:logGet(43)) - raft.server.snapshot.auto.trigger.enabled = true (custom)
2019-11-11 20:28:15,067 [pool-530-thread-1] INFO  server.RaftServerConfigKeys (ConfUtils.java:logGet(43)) - raft.server.snapshot.auto.trigger.threshold = 10000 (custom)
2019-11-11 20:28:15,067 [pool-530-thread-1] INFO  server.RaftServerConfigKeys (ConfUtils.java:logGet(43)) - raft.server.snapshot.retention.file.num = 5 (custom)
2019-11-11 20:28:15,067 [pool-530-thread-1] INFO  server.RaftServerConfigKeys (ConfUtils.java:logGet(43)) - raft.server.retrycache.expirytime = 600000ms (custom)
2019-11-11 20:28:15,067 [pool-530-thread-1] WARN  impl.MetricRegistriesImpl (MetricRegistriesImpl.java:lambda$create$1(61)) - First MetricRegistry has been created without registering reporters. You may need to call MetricRegistries.global().addReportRegistration(...) before.
2019-11-11 20:28:15,067 [pool-530-thread-1] WARN  impl.MetricRegistriesImpl (MetricRegistriesImpl.java:lambda$create$1(61)) - First MetricRegistry has been created without registering reporters. You may need to call MetricRegistries.global().addReportRegistration(...) before.
2019-11-11 20:28:15,067 [pool-530-thread-1] INFO  impl.RaftServerImpl (RaftServerImpl.java:start(184)) - 4458042f-08fe-441c-a446-1f2065605b64@group-D48E59C3F943: start as a follower, conf=-1: [4458042f-08fe-441c-a446-1f2065605b64:192.168.69.124:44156], old=null
2019-11-11 20:28:15,067 [pool-530-thread-1] INFO  impl.RaftServerImpl (RaftServerImpl.java:setRole(173)) - 4458042f-08fe-441c-a446-1f2065605b64@group-D48E59C3F943: changes role from      null to FOLLOWER at term 0 for startAsFollower
2019-11-11 20:28:15,067 [pool-530-thread-1] INFO  impl.RoleInfo (RoleInfo.java:updateAndGet(143)) - 4458042f-08fe-441c-a446-1f2065605b64: start FollowerState
2019-11-11 20:28:15,068 [pool-530-thread-1] INFO  util.JmxRegister (JmxRegister.java:tryRegister(44)) - Successfully registered JMX Bean with object name Ratis:service=RaftServer,group=group-D48E59C3F943,id=4458042f-08fe-441c-a446-1f2065605b64
2019-11-11 20:28:15,068 [pool-530-thread-1] WARN  impl.MetricRegistriesImpl (MetricRegistriesImpl.java:lambda$create$1(61)) - First MetricRegistry has been created without registering reporters. You may need to call MetricRegistries.global().addReportRegistration(...) before.
2019-11-11 20:28:15,071 [RatisPipelineUtilsThread] INFO  pipeline.PipelineStateManager (PipelineStateManager.java:addPipeline(55)) - Created pipeline Pipeline[ Id: f4157070-8017-4df8-b2f2-d48e59c3f943, Nodes: 4458042f-08fe-441c-a446-1f2065605b64{ip: 192.168.69.124, host: pr-hdds-1868-2776b-164702576, networkLocation: /rack1, certSerialId: null}, Type:RATIS, Factor:ONE, State:ALLOCATED]
2019-11-11 20:28:15,081 [grpc-default-executor-5] INFO  impl.RaftServerProxy (RaftServerProxy.java:addNew(89)) - 4458042f-08fe-441c-a446-1f2065605b64: addNew group-BA1D0B5421B3:[e0742d41-25ee-4eea-9579-711a01e64de1:192.168.69.124:44547, 4458042f-08fe-441c-a446-1f2065605b64:192.168.69.124:44156, f9a7ecd3-e7a4-4080-bb37-5ca61c0ec681:192.168.69.124:39904] returns group-BA1D0B5421B3:java.util.concurrent.CompletableFuture@4b5241fc[Not completed]
2019-11-11 20:28:15,081 [grpc-default-executor-8] INFO  impl.RaftServerProxy (RaftServerProxy.java:addNew(89)) - f9a7ecd3-e7a4-4080-bb37-5ca61c0ec681: addNew group-BA1D0B5421B3:[e0742d41-25ee-4eea-9579-711a01e64de1:192.168.69.124:44547, 4458042f-08fe-441c-a446-1f2065605b64:192.168.69.124:44156, f9a7ecd3-e7a4-4080-bb37-5ca61c0ec681:192.168.69.124:39904] returns group-BA1D0B5421B3:java.util.concurrent.CompletableFuture@35a70819[Not completed]
2019-11-11 20:28:15,081 [grpc-default-executor-4] INFO  impl.RaftServerProxy (RaftServerProxy.java:addNew(89)) - e0742d41-25ee-4eea-9579-711a01e64de1: addNew group-BA1D0B5421B3:[e0742d41-25ee-4eea-9579-711a01e64de1:192.168.69.124:44547, 4458042f-08fe-441c-a446-1f2065605b64:192.168.69.124:44156, f9a7ecd3-e7a4-4080-bb37-5ca61c0ec681:192.168.69.124:39904] returns group-BA1D0B5421B3:java.util.concurrent.CompletableFuture@4adacd12[Not completed]
2019-11-11 20:28:15,082 [pool-530-thread-1] INFO  impl.RaftServerImpl (RaftServerImpl.java:<init>(98)) - 4458042f-08fe-441c-a446-1f2065605b64: new RaftServerImpl for group-BA1D0B5421B3:[e0742d41-25ee-4eea-9579-711a01e64de1:192.168.69.124:44547, 4458042f-08fe-441c-a446-1f2065605b64:192.168.69.124:44156, f9a7ecd3-e7a4-4080-bb37-5ca61c0ec681:192.168.69.124:39904] with ContainerStateMachine:uninitialized
2019-11-11 20:28:15,082 [pool-530-thread-1] INFO  server.RaftServerConfigKeys (ConfUtils.java:logGet(43)) - raft.server.rpc.timeout.min = 1s (custom)
2019-11-11 20:28:15,082 [pool-530-thread-1] INFO  server.RaftServerConfigKeys (ConfUtils.java:logGet(43)) - raft.server.rpc.timeout.max = 1200ms (custom)
2019-11-11 20:28:15,082 [pool-530-thread-1] INFO  server.RaftServerConfigKeys (ConfUtils.java:logGet(43)) - raft.server.rpcslowness.timeout = 120s (custom)
2019-11-11 20:28:15,082 [pool-530-thread-1] INFO  server.RaftServerConfigKeys (ConfUtils.java:logGet(43)) - raft.server.sleep.deviation.threshold = 300 (default)
2019-11-11 20:28:15,082 [pool-530-thread-1] INFO  server.RaftServerConfigKeys (ConfUtils.java:logGet(43)) - raft.server.log.appender.install.snapshot.enabled = false (custom)
2019-11-11 20:28:15,083 [pool-530-thread-1] INFO  impl.RaftServerImpl (ServerState.java:<init>(103)) - 4458042f-08fe-441c-a446-1f2065605b64@group-BA1D0B5421B3: ConfigurationManager, init=-1: [e0742d41-25ee-4eea-9579-711a01e64de1:192.168.69.124:44547, 4458042f-08fe-441c-a446-1f2065605b64:192.168.69.124:44156, f9a7ecd3-e7a4-4080-bb37-5ca61c0ec681:192.168.69.124:39904], old=null, confs=<EMPTY_MAP>
2019-11-11 20:28:15,083 [pool-510-thread-1] INFO  impl.RaftServerImpl (RaftServerImpl.java:<init>(98)) - e0742d41-25ee-4eea-9579-711a01e64de1: new RaftServerImpl for group-BA1D0B5421B3:[e0742d41-25ee-4eea-9579-711a01e64de1:192.168.69.124:44547, 4458042f-08fe-441c-a446-1f2065605b64:192.168.69.124:44156, f9a7ecd3-e7a4-4080-bb37-5ca61c0ec681:192.168.69.124:39904] with ContainerStateMachine:uninitialized
2019-11-11 20:28:15,083 [pool-530-thread-1] INFO  server.RaftServerConfigKeys (ConfUtils.java:logGet(43)) - raft.server.storage.dir = [/workdir/hadoop-ozone/integration-test/target/test-dir/MiniOzoneClusterImpl-878a1954-6462-47b6-bdcc-bab86c556cb3/datanode-2/data/ratis] (custom)
2019-11-11 20:28:15,083 [pool-510-thread-1] INFO  server.RaftServerConfigKeys (ConfUtils.java:logGet(43)) - raft.server.rpc.timeout.min = 1s (custom)
2019-11-11 20:28:15,083 [pool-510-thread-1] INFO  server.RaftServerConfigKeys (ConfUtils.java:logGet(43)) - raft.server.rpc.timeout.max = 1200ms (custom)
2019-11-11 20:28:15,083 [pool-520-thread-1] INFO  impl.RaftServerImpl (RaftServerImpl.java:<init>(98)) - f9a7ecd3-e7a4-4080-bb37-5ca61c0ec681: new RaftServerImpl for group-BA1D0B5421B3:[e0742d41-25ee-4eea-9579-711a01e64de1:192.168.69.124:44547, 4458042f-08fe-441c-a446-1f2065605b64:192.168.69.124:44156, f9a7ecd3-e7a4-4080-bb37-5ca61c0ec681:192.168.69.124:39904] with ContainerStateMachine:uninitialized
2019-11-11 20:28:15,083 [pool-530-thread-1] INFO  server.RaftServerConfigKeys (ConfUtils.java:logGet(43)) - raft.server.log.corruption.policy = EXCEPTION (default)
2019-11-11 20:28:15,083 [pool-520-thread-1] INFO  server.RaftServerConfigKeys (ConfUtils.java:logGet(43)) - raft.server.rpc.timeout.min = 1s (custom)
2019-11-11 20:28:15,083 [pool-520-thread-1] INFO  server.RaftServerConfigKeys (ConfUtils.java:logGet(43)) - raft.server.rpc.timeout.max = 1200ms (custom)
2019-11-11 20:28:15,083 [pool-510-thread-1] INFO  server.RaftServerConfigKeys (ConfUtils.java:logGet(43)) - raft.server.rpcslowness.timeout = 120s (custom)
2019-11-11 20:28:15,083 [pool-520-thread-1] INFO  server.RaftServerConfigKeys (ConfUtils.java:logGet(43)) - raft.server.rpcslowness.timeout = 120s (custom)
2019-11-11 20:28:15,083 [pool-530-thread-1] INFO  storage.RaftStorageDirectory (RaftStorageDirectory.java:analyzeStorage(246)) - The storage directory /workdir/hadoop-ozone/integration-test/target/test-dir/MiniOzoneClusterImpl-878a1954-6462-47b6-bdcc-bab86c556cb3/datanode-2/data/ratis/cdbc83e8-4d22-4bce-b0ee-ba1d0b5421b3 does not exist. Creating ...
2019-11-11 20:28:15,084 [pool-520-thread-1] INFO  server.RaftServerConfigKeys (ConfUtils.java:logGet(43)) - raft.server.sleep.deviation.threshold = 300 (default)
2019-11-11 20:28:15,084 [pool-510-thread-1] INFO  server.RaftServerConfigKeys (ConfUtils.java:logGet(43)) - raft.server.sleep.deviation.threshold = 300 (default)
2019-11-11 20:28:15,084 [pool-520-thread-1] INFO  server.RaftServerConfigKeys (ConfUtils.java:logGet(43)) - raft.server.log.appender.install.snapshot.enabled = false (custom)
2019-11-11 20:28:15,084 [pool-510-thread-1] INFO  server.RaftServerConfigKeys (ConfUtils.java:logGet(43)) - raft.server.log.appender.install.snapshot.enabled = false (custom)
2019-11-11 20:28:15,084 [pool-520-thread-1] INFO  impl.RaftServerImpl (ServerState.java:<init>(103)) - f9a7ecd3-e7a4-4080-bb37-5ca61c0ec681@group-BA1D0B5421B3: ConfigurationManager, init=-1: [e0742d41-25ee-4eea-9579-711a01e64de1:192.168.69.124:44547, 4458042f-08fe-441c-a446-1f2065605b64:192.168.69.124:44156, f9a7ecd3-e7a4-4080-bb37-5ca61c0ec681:192.168.69.124:39904], old=null, confs=<EMPTY_MAP>
2019-11-11 20:28:15,084 [pool-510-thread-1] INFO  impl.RaftServerImpl (ServerState.java:<init>(103)) - e0742d41-25ee-4eea-9579-711a01e64de1@group-BA1D0B5421B3: ConfigurationManager, init=-1: [e0742d41-25ee-4eea-9579-711a01e64de1:192.168.69.124:44547, 4458042f-08fe-441c-a446-1f2065605b64:192.168.69.124:44156, f9a7ecd3-e7a4-4080-bb37-5ca61c0ec681:192.168.69.124:39904], old=null, confs=<EMPTY_MAP>
2019-11-11 20:28:15,084 [pool-520-thread-1] INFO  server.RaftServerConfigKeys (ConfUtils.java:logGet(43)) - raft.server.storage.dir = [/workdir/hadoop-ozone/integration-test/target/test-dir/MiniOzoneClusterImpl-878a1954-6462-47b6-bdcc-bab86c556cb3/datanode-1/data/ratis] (custom)
2019-11-11 20:28:15,084 [pool-510-thread-1] INFO  server.RaftServerConfigKeys (ConfUtils.java:logGet(43)) - raft.server.storage.dir = [/workdir/hadoop-ozone/integration-test/target/test-dir/MiniOzoneClusterImpl-878a1954-6462-47b6-bdcc-bab86c556cb3/datanode-0/data/ratis] (custom)
2019-11-11 20:28:15,084 [pool-520-thread-1] INFO  server.RaftServerConfigKeys (ConfUtils.java:logGet(43)) - raft.server.log.corruption.policy = EXCEPTION (default)
2019-11-11 20:28:15,084 [pool-510-thread-1] INFO  server.RaftServerConfigKeys (ConfUtils.java:logGet(43)) - raft.server.log.corruption.policy = EXCEPTION (default)
2019-11-11 20:28:15,085 [pool-520-thread-1] INFO  storage.RaftStorageDirectory (RaftStorageDirectory.java:analyzeStorage(246)) - The storage directory /workdir/hadoop-ozone/integration-test/target/test-dir/MiniOzoneClusterImpl-878a1954-6462-47b6-bdcc-bab86c556cb3/datanode-1/data/ratis/cdbc83e8-4d22-4bce-b0ee-ba1d0b5421b3 does not exist. Creating ...
2019-11-11 20:28:15,085 [pool-510-thread-1] INFO  storage.RaftStorageDirectory (RaftStorageDirectory.java:analyzeStorage(246)) - The storage directory /workdir/hadoop-ozone/integration-test/target/test-dir/MiniOzoneClusterImpl-878a1954-6462-47b6-bdcc-bab86c556cb3/datanode-0/data/ratis/cdbc83e8-4d22-4bce-b0ee-ba1d0b5421b3 does not exist. Creating ...
2019-11-11 20:28:15,096 [IPC Server handler 1 on 38257] INFO  net.NetworkTopology (NetworkTopologyImpl.java:add(111)) - Added a new node: /rack1/0237f4f0-b27e-4420-99a0-7f40e4083ac0
2019-11-11 20:28:15,096 [IPC Server handler 1 on 38257] INFO  node.SCMNodeManager (SCMNodeManager.java:register(267)) - Registered Data node : 0237f4f0-b27e-4420-99a0-7f40e4083ac0{ip: 192.168.69.124, host: pr-hdds-1868-2776b-164702576, networkLocation: /rack1, certSerialId: null}
2019-11-11 20:28:15,114 [pool-520-thread-1] INFO  storage.RaftStorageDirectory (RaftStorageDirectory.java:tryLock(328)) - Lock on /workdir/hadoop-ozone/integration-test/target/test-dir/MiniOzoneClusterImpl-878a1954-6462-47b6-bdcc-bab86c556cb3/datanode-1/data/ratis/cdbc83e8-4d22-4bce-b0ee-ba1d0b5421b3/in_use.lock acquired by nodename 3817@pr-hdds-1868-2776b-164702576
2019-11-11 20:28:15,114 [pool-530-thread-1] INFO  storage.RaftStorageDirectory (RaftStorageDirectory.java:tryLock(328)) - Lock on /workdir/hadoop-ozone/integration-test/target/test-dir/MiniOzoneClusterImpl-878a1954-6462-47b6-bdcc-bab86c556cb3/datanode-2/data/ratis/cdbc83e8-4d22-4bce-b0ee-ba1d0b5421b3/in_use.lock acquired by nodename 3817@pr-hdds-1868-2776b-164702576
2019-11-11 20:28:15,114 [pool-510-thread-1] INFO  storage.RaftStorageDirectory (RaftStorageDirectory.java:tryLock(328)) - Lock on /workdir/hadoop-ozone/integration-test/target/test-dir/MiniOzoneClusterImpl-878a1954-6462-47b6-bdcc-bab86c556cb3/datanode-0/data/ratis/cdbc83e8-4d22-4bce-b0ee-ba1d0b5421b3/in_use.lock acquired by nodename 3817@pr-hdds-1868-2776b-164702576
2019-11-11 20:28:15,141 [pool-530-thread-1] INFO  storage.RaftStorage (RaftStorage.java:format(84)) - Storage directory /workdir/hadoop-ozone/integration-test/target/test-dir/MiniOzoneClusterImpl-878a1954-6462-47b6-bdcc-bab86c556cb3/datanode-2/data/ratis/cdbc83e8-4d22-4bce-b0ee-ba1d0b5421b3 has been successfully formatted.
2019-11-11 20:28:15,141 [pool-510-thread-1] INFO  storage.RaftStorage (RaftStorage.java:format(84)) - Storage directory /workdir/hadoop-ozone/integration-test/target/test-dir/MiniOzoneClusterImpl-878a1954-6462-47b6-bdcc-bab86c556cb3/datanode-0/data/ratis/cdbc83e8-4d22-4bce-b0ee-ba1d0b5421b3 has been successfully formatted.
2019-11-11 20:28:15,141 [pool-530-thread-1] INFO  ratis.ContainerStateMachine (ContainerStateMachine.java:loadSnapshot(223)) - group-BA1D0B5421B3: The snapshot info is null. Setting the last applied indexto:(t:0, i:~)
2019-11-11 20:28:15,141 [pool-520-thread-1] INFO  storage.RaftStorage (RaftStorage.java:format(84)) - Storage directory /workdir/hadoop-ozone/integration-test/target/test-dir/MiniOzoneClusterImpl-878a1954-6462-47b6-bdcc-bab86c556cb3/datanode-1/data/ratis/cdbc83e8-4d22-4bce-b0ee-ba1d0b5421b3 has been successfully formatted.
2019-11-11 20:28:15,141 [pool-510-thread-1] INFO  ratis.ContainerStateMachine (ContainerStateMachine.java:loadSnapshot(223)) - group-BA1D0B5421B3: The snapshot info is null. Setting the last applied indexto:(t:0, i:~)
2019-11-11 20:28:15,141 [pool-530-thread-1] INFO  server.RaftServerConfigKeys (ConfUtils.java:logGet(43)) - raft.server.notification.no-leader.timeout = 120s (custom)
2019-11-11 20:28:15,141 [pool-510-thread-1] INFO  server.RaftServerConfigKeys (ConfUtils.java:logGet(43)) - raft.server.notification.no-leader.timeout = 120s (custom)
2019-11-11 20:28:15,141 [pool-520-thread-1] INFO  ratis.ContainerStateMachine (ContainerStateMachine.java:loadSnapshot(223)) - group-BA1D0B5421B3: The snapshot info is null. Setting the last applied indexto:(t:0, i:~)
2019-11-11 20:28:15,142 [pool-510-thread-1] INFO  server.RaftServerConfigKeys (ConfUtils.java:logGet(43)) - raft.server.log.use.memory = false (default)
2019-11-11 20:28:15,142 [pool-530-thread-1] INFO  server.RaftServerConfigKeys (ConfUtils.java:logGet(43)) - raft.server.log.use.memory = false (default)
2019-11-11 20:28:15,142 [pool-510-thread-1] INFO  server.RaftServerConfigKeys (ConfUtils.java:logGet(43)) - raft.server.log.purge.gap = 1000000 (custom)
2019-11-11 20:28:15,142 [pool-510-thread-1] INFO  server.RaftServerConfigKeys (ConfUtils.java:logGet(43)) - raft.server.log.appender.buffer.byte-limit = 33554432 (custom)
2019-11-11 20:28:15,142 [pool-520-thread-1] INFO  server.RaftServerConfigKeys (ConfUtils.java:logGet(43)) - raft.server.notification.no-leader.timeout = 120s (custom)
2019-11-11 20:28:15,142 [pool-510-thread-1] INFO  server.RaftServerConfigKeys (ConfUtils.java:logGet(43)) - raft.server.log.segment.size.max = 1048576 (custom)
2019-11-11 20:28:15,142 [pool-530-thread-1] INFO  server.RaftServerConfigKeys (ConfUtils.java:logGet(43)) - raft.server.log.purge.gap = 1000000 (custom)
2019-11-11 20:28:15,143 [pool-510-thread-1] INFO  server.RaftServerConfigKeys (ConfUtils.java:logGet(43)) - raft.server.log.segment.cache.num.max = 2 (custom)
2019-11-11 20:28:15,142 [pool-520-thread-1] INFO  server.RaftServerConfigKeys (ConfUtils.java:logGet(43)) - raft.server.log.use.memory = false (default)
2019-11-11 20:28:15,143 [pool-510-thread-1] INFO  segmented.SegmentedRaftLogWorker (SegmentedRaftLogWorker.java:<init>(173)) - new e0742d41-25ee-4eea-9579-711a01e64de1@group-BA1D0B5421B3-SegmentedRaftLogWorker for RaftStorage:Storage Directory /workdir/hadoop-ozone/integration-test/target/test-dir/MiniOzoneClusterImpl-878a1954-6462-47b6-bdcc-bab86c556cb3/datanode-0/data/ratis/cdbc83e8-4d22-4bce-b0ee-ba1d0b5421b3
2019-11-11 20:28:15,143 [pool-530-thread-1] INFO  server.RaftServerConfigKeys (ConfUtils.java:logGet(43)) - raft.server.log.appender.buffer.byte-limit = 33554432 (custom)
2019-11-11 20:28:15,143 [pool-510-thread-1] INFO  server.RaftServerConfigKeys (ConfUtils.java:logGet(43)) - raft.server.log.queue.byte-limit = 2147483647 (custom)
2019-11-11 20:28:15,143 [pool-520-thread-1] INFO  server.RaftServerConfigKeys (ConfUtils.java:logGet(43)) - raft.server.log.purge.gap = 1000000 (custom)
2019-11-11 20:28:15,143 [pool-510-thread-1] INFO  server.RaftServerConfigKeys (ConfUtils.java:logGet(43)) - raft.server.log.queue.element-limit = 1024 (custom)
2019-11-11 20:28:15,143 [pool-530-thread-1] INFO  server.RaftServerConfigKeys (ConfUtils.java:logGet(43)) - raft.server.log.segment.size.max = 1048576 (custom)
2019-11-11 20:28:15,144 [pool-510-thread-1] INFO  server.RaftServerConfigKeys (ConfUtils.java:logGet(43)) - raft.server.log.segment.size.max = 1048576 (custom)
2019-11-11 20:28:15,143 [pool-520-thread-1] INFO  server.RaftServerConfigKeys (ConfUtils.java:logGet(43)) - raft.server.log.appender.buffer.byte-limit = 33554432 (custom)
2019-11-11 20:28:15,144 [pool-510-thread-1] INFO  server.RaftServerConfigKeys (ConfUtils.java:logGet(43)) - raft.server.log.preallocated.size = 16384 (custom)
2019-11-11 20:28:15,144 [pool-530-thread-1] INFO  server.RaftServerConfigKeys (ConfUtils.java:logGet(43)) - raft.server.log.segment.cache.num.max = 2 (custom)
2019-11-11 20:28:15,144 [pool-510-thread-1] INFO  server.RaftServerConfigKeys (ConfUtils.java:logGet(43)) - raft.server.log.write.buffer.size = 33554432 (custom)
2019-11-11 20:28:15,144 [pool-510-thread-1] INFO  server.RaftServerConfigKeys (ConfUtils.java:logGet(43)) - raft.server.log.force.sync.num = 128 (default)
2019-11-11 20:28:15,144 [pool-520-thread-1] INFO  server.RaftServerConfigKeys (ConfUtils.java:logGet(43)) - raft.server.log.segment.size.max = 1048576 (custom)
2019-11-11 20:28:15,144 [pool-510-thread-1] INFO  server.RaftServerConfigKeys (ConfUtils.java:logGet(43)) - raft.server.log.statemachine.data.sync = true (default)
2019-11-11 20:28:15,144 [pool-530-thread-1] INFO  segmented.SegmentedRaftLogWorker (SegmentedRaftLogWorker.java:<init>(173)) - new 4458042f-08fe-441c-a446-1f2065605b64@group-BA1D0B5421B3-SegmentedRaftLogWorker for RaftStorage:Storage Directory /workdir/hadoop-ozone/integration-test/target/test-dir/MiniOzoneClusterImpl-878a1954-6462-47b6-bdcc-bab86c556cb3/datanode-2/data/ratis/cdbc83e8-4d22-4bce-b0ee-ba1d0b5421b3
2019-11-11 20:28:15,145 [pool-510-thread-1] INFO  server.RaftServerConfigKeys (ConfUtils.java:logGet(43)) - raft.server.log.statemachine.data.sync.timeout = 10s (default)
2019-11-11 20:28:15,145 [pool-510-thread-1] INFO  server.RaftServerConfigKeys (ConfUtils.java:logGet(43)) - raft.server.log.statemachine.data.sync.timeout.retry = -1 (default)
2019-11-11 20:28:15,144 [pool-520-thread-1] INFO  server.RaftServerConfigKeys (ConfUtils.java:logGet(43)) - raft.server.log.segment.cache.num.max = 2 (custom)
2019-11-11 20:28:15,145 [pool-510-thread-1] INFO  server.RaftServerConfigKeys (ConfUtils.java:logGet(43)) - raft.server.log.statemachine.data.caching.enabled = true (custom)
2019-11-11 20:28:15,145 [pool-530-thread-1] INFO  server.RaftServerConfigKeys (ConfUtils.java:logGet(43)) - raft.server.log.queue.byte-limit = 2147483647 (custom)
2019-11-11 20:28:15,145 [pool-520-thread-1] INFO  segmented.SegmentedRaftLogWorker (SegmentedRaftLogWorker.java:<init>(173)) - new f9a7ecd3-e7a4-4080-bb37-5ca61c0ec681@group-BA1D0B5421B3-SegmentedRaftLogWorker for RaftStorage:Storage Directory /workdir/hadoop-ozone/integration-test/target/test-dir/MiniOzoneClusterImpl-878a1954-6462-47b6-bdcc-bab86c556cb3/datanode-1/data/ratis/cdbc83e8-4d22-4bce-b0ee-ba1d0b5421b3
2019-11-11 20:28:15,145 [pool-510-thread-1] INFO  segmented.SegmentedRaftLogWorker (SegmentedRaftLogWorker.java:lambda$new$0(128)) - e0742d41-25ee-4eea-9579-711a01e64de1@group-BA1D0B5421B3-SegmentedRaftLogWorker: flushIndex: setUnconditionally 0 -> -1
2019-11-11 20:28:15,145 [pool-530-thread-1] INFO  server.RaftServerConfigKeys (ConfUtils.java:logGet(43)) - raft.server.log.queue.element-limit = 1024 (custom)
2019-11-11 20:28:15,145 [pool-520-thread-1] INFO  server.RaftServerConfigKeys (ConfUtils.java:logGet(43)) - raft.server.log.queue.byte-limit = 2147483647 (custom)
2019-11-11 20:28:15,146 [pool-530-thread-1] INFO  server.RaftServerConfigKeys (ConfUtils.java:logGet(43)) - raft.server.log.segment.size.max = 1048576 (custom)
2019-11-11 20:28:15,146 [pool-510-thread-1] INFO  server.RaftServerConfigKeys (ConfUtils.java:logGet(43)) - raft.server.snapshot.auto.trigger.enabled = true (custom)
2019-11-11 20:28:15,146 [pool-520-thread-1] INFO  server.RaftServerConfigKeys (ConfUtils.java:logGet(43)) - raft.server.log.queue.element-limit = 1024 (custom)
2019-11-11 20:28:15,146 [pool-510-thread-1] INFO  server.RaftServerConfigKeys (ConfUtils.java:logGet(43)) - raft.server.snapshot.auto.trigger.threshold = 10000 (custom)
2019-11-11 20:28:15,146 [pool-530-thread-1] INFO  server.RaftServerConfigKeys (ConfUtils.java:logGet(43)) - raft.server.log.preallocated.size = 16384 (custom)
2019-11-11 20:28:15,146 [pool-510-thread-1] INFO  server.RaftServerConfigKeys (ConfUtils.java:logGet(43)) - raft.server.snapshot.retention.file.num = 5 (custom)
2019-11-11 20:28:15,146 [pool-520-thread-1] INFO  server.RaftServerConfigKeys (ConfUtils.java:logGet(43)) - raft.server.log.segment.size.max = 1048576 (custom)
2019-11-11 20:28:15,146 [pool-510-thread-1] INFO  server.RaftServerConfigKeys (ConfUtils.java:logGet(43)) - raft.server.retrycache.expirytime = 600000ms (custom)
2019-11-11 20:28:15,146 [pool-530-thread-1] INFO  server.RaftServerConfigKeys (ConfUtils.java:logGet(43)) - raft.server.log.write.buffer.size = 33554432 (custom)
2019-11-11 20:28:15,147 [pool-510-thread-1] WARN  impl.MetricRegistriesImpl (MetricRegistriesImpl.java:lambda$create$1(61)) - First MetricRegistry has been created without registering reporters. You may need to call MetricRegistries.global().addReportRegistration(...) before.
2019-11-11 20:28:15,147 [pool-520-thread-1] INFO  server.RaftServerConfigKeys (ConfUtils.java:logGet(43)) - raft.server.log.preallocated.size = 16384 (custom)
2019-11-11 20:28:15,147 [pool-510-thread-1] WARN  impl.MetricRegistriesImpl (MetricRegistriesImpl.java:lambda$create$1(61)) - First MetricRegistry has been created without registering reporters. You may need to call MetricRegistries.global().addReportRegistration(...) before.
2019-11-11 20:28:15,147 [pool-530-thread-1] INFO  server.RaftServerConfigKeys (ConfUtils.java:logGet(43)) - raft.server.log.force.sync.num = 128 (default)
2019-11-11 20:28:15,147 [pool-520-thread-1] INFO  server.RaftServerConfigKeys (ConfUtils.java:logGet(43)) - raft.server.log.write.buffer.size = 33554432 (custom)
2019-11-11 20:28:15,147 [pool-510-thread-1] INFO  impl.RaftServerImpl (RaftServerImpl.java:start(184)) - e0742d41-25ee-4eea-9579-711a01e64de1@group-BA1D0B5421B3: start as a follower, conf=-1: [e0742d41-25ee-4eea-9579-711a01e64de1:192.168.69.124:44547, 4458042f-08fe-441c-a446-1f2065605b64:192.168.69.124:44156, f9a7ecd3-e7a4-4080-bb37-5ca61c0ec681:192.168.69.124:39904], old=null
2019-11-11 20:28:15,147 [pool-530-thread-1] INFO  server.RaftServerConfigKeys (ConfUtils.java:logGet(43)) - raft.server.log.statemachine.data.sync = true (default)
2019-11-11 20:28:15,148 [pool-510-thread-1] INFO  impl.RaftServerImpl (RaftServerImpl.java:setRole(173)) - e0742d41-25ee-4eea-9579-711a01e64de1@group-BA1D0B5421B3: changes role from      null to FOLLOWER at term 0 for startAsFollower
2019-11-11 20:28:15,147 [pool-520-thread-1] INFO  server.RaftServerConfigKeys (ConfUtils.java:logGet(43)) - raft.server.log.force.sync.num = 128 (default)
2019-11-11 20:28:15,148 [pool-510-thread-1] INFO  impl.RoleInfo (RoleInfo.java:updateAndGet(143)) - e0742d41-25ee-4eea-9579-711a01e64de1: start FollowerState
2019-11-11 20:28:15,148 [pool-530-thread-1] INFO  server.RaftServerConfigKeys (ConfUtils.java:logGet(43)) - raft.server.log.statemachine.data.sync.timeout = 10s (default)
2019-11-11 20:28:15,148 [pool-520-thread-1] INFO  server.RaftServerConfigKeys (ConfUtils.java:logGet(43)) - raft.server.log.statemachine.data.sync = true (default)
2019-11-11 20:28:15,148 [pool-530-thread-1] INFO  server.RaftServerConfigKeys (ConfUtils.java:logGet(43)) - raft.server.log.statemachine.data.sync.timeout.retry = -1 (default)
2019-11-11 20:28:15,148 [pool-520-thread-1] INFO  server.RaftServerConfigKeys (ConfUtils.java:logGet(43)) - raft.server.log.statemachine.data.sync.timeout = 10s (default)
2019-11-11 20:28:15,148 [pool-510-thread-1] INFO  util.JmxRegister (JmxRegister.java:tryRegister(44)) - Successfully registered JMX Bean with object name Ratis:service=RaftServer,group=group-BA1D0B5421B3,id=e0742d41-25ee-4eea-9579-711a01e64de1
2019-11-11 20:28:15,148 [pool-530-thread-1] INFO  server.RaftServerConfigKeys (ConfUtils.java:logGet(43)) - raft.server.log.statemachine.data.caching.enabled = true (custom)
2019-11-11 20:28:15,149 [pool-510-thread-1] WARN  impl.MetricRegistriesImpl (MetricRegistriesImpl.java:lambda$create$1(61)) - First MetricRegistry has been created without registering reporters. You may need to call MetricRegistries.global().addReportRegistration(...) before.
2019-11-11 20:28:15,148 [pool-520-thread-1] INFO  server.RaftServerConfigKeys (ConfUtils.java:logGet(43)) - raft.server.log.statemachine.data.sync.timeout.retry = -1 (default)
2019-11-11 20:28:15,149 [pool-530-thread-1] INFO  segmented.SegmentedRaftLogWorker (SegmentedRaftLogWorker.java:lambda$new$0(128)) - 4458042f-08fe-441c-a446-1f2065605b64@group-BA1D0B5421B3-SegmentedRaftLogWorker: flushIndex: setUnconditionally 0 -> -1
2019-11-11 20:28:15,149 [pool-520-thread-1] INFO  server.RaftServerConfigKeys (ConfUtils.java:logGet(43)) - raft.server.log.statemachine.data.caching.enabled = true (custom)
2019-11-11 20:28:15,149 [pool-520-thread-1] INFO  segmented.SegmentedRaftLogWorker (SegmentedRaftLogWorker.java:lambda$new$0(128)) - f9a7ecd3-e7a4-4080-bb37-5ca61c0ec681@group-BA1D0B5421B3-SegmentedRaftLogWorker: flushIndex: setUnconditionally 0 -> -1
2019-11-11 20:28:15,149 [pool-530-thread-1] INFO  server.RaftServerConfigKeys (ConfUtils.java:logGet(43)) - raft.server.snapshot.auto.trigger.enabled = true (custom)
2019-11-11 20:28:15,149 [pool-530-thread-1] INFO  server.RaftServerConfigKeys (ConfUtils.java:logGet(43)) - raft.server.snapshot.auto.trigger.threshold = 10000 (custom)
2019-11-11 20:28:15,150 [pool-520-thread-1] INFO  server.RaftServerConfigKeys (ConfUtils.java:logGet(43)) - raft.server.snapshot.auto.trigger.enabled = true (custom)
2019-11-11 20:28:15,150 [pool-530-thread-1] INFO  server.RaftServerConfigKeys (ConfUtils.java:logGet(43)) - raft.server.snapshot.retention.file.num = 5 (custom)
2019-11-11 20:28:15,150 [pool-520-thread-1] INFO  server.RaftServerConfigKeys (ConfUtils.java:logGet(43)) - raft.server.snapshot.auto.trigger.threshold = 10000 (custom)
2019-11-11 20:28:15,150 [pool-530-thread-1] INFO  server.RaftServerConfigKeys (ConfUtils.java:logGet(43)) - raft.server.retrycache.expirytime = 600000ms (custom)
2019-11-11 20:28:15,150 [pool-520-thread-1] INFO  server.RaftServerConfigKeys (ConfUtils.java:logGet(43)) - raft.server.snapshot.retention.file.num = 5 (custom)
2019-11-11 20:28:15,150 [pool-530-thread-1] WARN  impl.MetricRegistriesImpl (MetricRegistriesImpl.java:lambda$create$1(61)) - First MetricRegistry has been created without registering reporters. You may need to call MetricRegistries.global().addReportRegistration(...) before.
2019-11-11 20:28:15,150 [pool-520-thread-1] INFO  server.RaftServerConfigKeys (ConfUtils.java:logGet(43)) - raft.server.retrycache.expirytime = 600000ms (custom)
2019-11-11 20:28:15,150 [pool-530-thread-1] WARN  impl.MetricRegistriesImpl (MetricRegistriesImpl.java:lambda$create$1(61)) - First MetricRegistry has been created without registering reporters. You may need to call MetricRegistries.global().addReportRegistration(...) before.
2019-11-11 20:28:15,150 [pool-520-thread-1] WARN  impl.MetricRegistriesImpl (MetricRegistriesImpl.java:lambda$create$1(61)) - First MetricRegistry has been created without registering reporters. You may need to call MetricRegistries.global().addReportRegistration(...) before.
2019-11-11 20:28:15,151 [pool-530-thread-1] INFO  impl.RaftServerImpl (RaftServerImpl.java:start(184)) - 4458042f-08fe-441c-a446-1f2065605b64@group-BA1D0B5421B3: start as a follower, conf=-1: [e0742d41-25ee-4eea-9579-711a01e64de1:192.168.69.124:44547, 4458042f-08fe-441c-a446-1f2065605b64:192.168.69.124:44156, f9a7ecd3-e7a4-4080-bb37-5ca61c0ec681:192.168.69.124:39904], old=null
2019-11-11 20:28:15,151 [pool-520-thread-1] WARN  impl.MetricRegistriesImpl (MetricRegistriesImpl.java:lambda$create$1(61)) - First MetricRegistry has been created without registering reporters. You may need to call MetricRegistries.global().addReportRegistration(...) before.
2019-11-11 20:28:15,151 [pool-530-thread-1] INFO  impl.RaftServerImpl (RaftServerImpl.java:setRole(173)) - 4458042f-08fe-441c-a446-1f2065605b64@group-BA1D0B5421B3: changes role from      null to FOLLOWER at term 0 for startAsFollower
2019-11-11 20:28:15,151 [pool-520-thread-1] INFO  impl.RaftServerImpl (RaftServerImpl.java:start(184)) - f9a7ecd3-e7a4-4080-bb37-5ca61c0ec681@group-BA1D0B5421B3: start as a follower, conf=-1: [e0742d41-25ee-4eea-9579-711a01e64de1:192.168.69.124:44547, 4458042f-08fe-441c-a446-1f2065605b64:192.168.69.124:44156, f9a7ecd3-e7a4-4080-bb37-5ca61c0ec681:192.168.69.124:39904], old=null
2019-11-11 20:28:15,151 [pool-530-thread-1] INFO  impl.RoleInfo (RoleInfo.java:updateAndGet(143)) - 4458042f-08fe-441c-a446-1f2065605b64: start FollowerState
2019-11-11 20:28:15,151 [pool-520-thread-1] INFO  impl.RaftServerImpl (RaftServerImpl.java:setRole(173)) - f9a7ecd3-e7a4-4080-bb37-5ca61c0ec681@group-BA1D0B5421B3: changes role from      null to FOLLOWER at term 0 for startAsFollower
2019-11-11 20:28:15,151 [pool-520-thread-1] INFO  impl.RoleInfo (RoleInfo.java:updateAndGet(143)) - f9a7ecd3-e7a4-4080-bb37-5ca61c0ec681: start FollowerState
2019-11-11 20:28:15,152 [pool-530-thread-1] INFO  util.JmxRegister (JmxRegister.java:tryRegister(44)) - Successfully registered JMX Bean with object name Ratis:service=RaftServer,group=group-BA1D0B5421B3,id=4458042f-08fe-441c-a446-1f2065605b64
2019-11-11 20:28:15,152 [pool-530-thread-1] WARN  impl.MetricRegistriesImpl (MetricRegistriesImpl.java:lambda$create$1(61)) - First MetricRegistry has been created without registering reporters. You may need to call MetricRegistries.global().addReportRegistration(...) before.
2019-11-11 20:28:15,152 [pool-520-thread-1] INFO  util.JmxRegister (JmxRegister.java:tryRegister(44)) - Successfully registered JMX Bean with object name Ratis:service=RaftServer,group=group-BA1D0B5421B3,id=f9a7ecd3-e7a4-4080-bb37-5ca61c0ec681
2019-11-11 20:28:15,152 [pool-520-thread-1] WARN  impl.MetricRegistriesImpl (MetricRegistriesImpl.java:lambda$create$1(61)) - First MetricRegistry has been created without registering reporters. You may need to call MetricRegistries.global().addReportRegistration(...) before.
2019-11-11 20:28:15,155 [RatisPipelineUtilsThread] INFO  pipeline.PipelineStateManager (PipelineStateManager.java:addPipeline(55)) - Created pipeline Pipeline[ Id: cdbc83e8-4d22-4bce-b0ee-ba1d0b5421b3, Nodes: e0742d41-25ee-4eea-9579-711a01e64de1{ip: 192.168.69.124, host: pr-hdds-1868-2776b-164702576, networkLocation: /rack1, certSerialId: null}4458042f-08fe-441c-a446-1f2065605b64{ip: 192.168.69.124, host: pr-hdds-1868-2776b-164702576, networkLocation: /rack1, certSerialId: null}f9a7ecd3-e7a4-4080-bb37-5ca61c0ec681{ip: 192.168.69.124, host: pr-hdds-1868-2776b-164702576, networkLocation: /rack1, certSerialId: null}, Type:RATIS, Factor:THREE, State:ALLOCATED]
2019-11-11 20:28:15,162 [grpc-default-executor-4] INFO  impl.RaftServerProxy (RaftServerProxy.java:addNew(89)) - 0237f4f0-b27e-4420-99a0-7f40e4083ac0: addNew group-CFDF6326313D:[0237f4f0-b27e-4420-99a0-7f40e4083ac0:192.168.69.124:41974] returns group-CFDF6326313D:java.util.concurrent.CompletableFuture@19e3c09d[Not completed]
2019-11-11 20:28:15,164 [pool-540-thread-1] INFO  impl.RaftServerImpl (RaftServerImpl.java:<init>(98)) - 0237f4f0-b27e-4420-99a0-7f40e4083ac0: new RaftServerImpl for group-CFDF6326313D:[0237f4f0-b27e-4420-99a0-7f40e4083ac0:192.168.69.124:41974] with ContainerStateMachine:uninitialized
2019-11-11 20:28:15,164 [pool-540-thread-1] INFO  server.RaftServerConfigKeys (ConfUtils.java:logGet(43)) - raft.server.rpc.timeout.min = 1s (custom)
2019-11-11 20:28:15,164 [pool-540-thread-1] INFO  server.RaftServerConfigKeys (ConfUtils.java:logGet(43)) - raft.server.rpc.timeout.max = 1200ms (custom)
2019-11-11 20:28:15,164 [pool-540-thread-1] INFO  server.RaftServerConfigKeys (ConfUtils.java:logGet(43)) - raft.server.rpcslowness.timeout = 120s (custom)
2019-11-11 20:28:15,164 [pool-540-thread-1] INFO  server.RaftServerConfigKeys (ConfUtils.java:logGet(43)) - raft.server.sleep.deviation.threshold = 300 (default)
2019-11-11 20:28:15,164 [pool-540-thread-1] INFO  server.RaftServerConfigKeys (ConfUtils.java:logGet(43)) - raft.server.log.appender.install.snapshot.enabled = false (custom)
2019-11-11 20:28:15,164 [pool-540-thread-1] INFO  impl.RaftServerImpl (ServerState.java:<init>(103)) - 0237f4f0-b27e-4420-99a0-7f40e4083ac0@group-CFDF6326313D: ConfigurationManager, init=-1: [0237f4f0-b27e-4420-99a0-7f40e4083ac0:192.168.69.124:41974], old=null, confs=<EMPTY_MAP>
2019-11-11 20:28:15,164 [pool-540-thread-1] INFO  server.RaftServerConfigKeys (ConfUtils.java:logGet(43)) - raft.server.storage.dir = [/workdir/hadoop-ozone/integration-test/target/test-dir/MiniOzoneClusterImpl-878a1954-6462-47b6-bdcc-bab86c556cb3/datanode-3/data/ratis] (custom)
2019-11-11 20:28:15,165 [pool-540-thread-1] INFO  server.RaftServerConfigKeys (ConfUtils.java:logGet(43)) - raft.server.log.corruption.policy = EXCEPTION (default)
2019-11-11 20:28:15,165 [pool-540-thread-1] INFO  storage.RaftStorageDirectory (RaftStorageDirectory.java:analyzeStorage(246)) - The storage directory /workdir/hadoop-ozone/integration-test/target/test-dir/MiniOzoneClusterImpl-878a1954-6462-47b6-bdcc-bab86c556cb3/datanode-3/data/ratis/6f36bd81-9fa3-4441-82c8-cfdf6326313d does not exist. Creating ...
2019-11-11 20:28:15,183 [pool-540-thread-1] INFO  storage.RaftStorageDirectory (RaftStorageDirectory.java:tryLock(328)) - Lock on /workdir/hadoop-ozone/integration-test/target/test-dir/MiniOzoneClusterImpl-878a1954-6462-47b6-bdcc-bab86c556cb3/datanode-3/data/ratis/6f36bd81-9fa3-4441-82c8-cfdf6326313d/in_use.lock acquired by nodename 3817@pr-hdds-1868-2776b-164702576
2019-11-11 20:28:15,186 [IPC Server handler 4 on 38257] INFO  net.NetworkTopology (NetworkTopologyImpl.java:add(111)) - Added a new node: /rack1/396508a6-021e-4f53-afd2-417daf51af04
2019-11-11 20:28:15,186 [IPC Server handler 4 on 38257] INFO  node.SCMNodeManager (SCMNodeManager.java:register(267)) - Registered Data node : 396508a6-021e-4f53-afd2-417daf51af04{ip: 192.168.69.124, host: pr-hdds-1868-2776b-164702576, networkLocation: /rack1, certSerialId: null}
2019-11-11 20:28:15,209 [pool-540-thread-1] INFO  storage.RaftStorage (RaftStorage.java:format(84)) - Storage directory /workdir/hadoop-ozone/integration-test/target/test-dir/MiniOzoneClusterImpl-878a1954-6462-47b6-bdcc-bab86c556cb3/datanode-3/data/ratis/6f36bd81-9fa3-4441-82c8-cfdf6326313d has been successfully formatted.
2019-11-11 20:28:15,209 [pool-540-thread-1] INFO  ratis.ContainerStateMachine (ContainerStateMachine.java:loadSnapshot(223)) - group-CFDF6326313D: The snapshot info is null. Setting the last applied indexto:(t:0, i:~)
2019-11-11 20:28:15,209 [pool-540-thread-1] INFO  server.RaftServerConfigKeys (ConfUtils.java:logGet(43)) - raft.server.notification.no-leader.timeout = 120s (custom)
2019-11-11 20:28:15,209 [pool-540-thread-1] INFO  server.RaftServerConfigKeys (ConfUtils.java:logGet(43)) - raft.server.log.use.memory = false (default)
2019-11-11 20:28:15,210 [pool-540-thread-1] INFO  server.RaftServerConfigKeys (ConfUtils.java:logGet(43)) - raft.server.log.purge.gap = 1000000 (custom)
2019-11-11 20:28:15,210 [pool-540-thread-1] INFO  server.RaftServerConfigKeys (ConfUtils.java:logGet(43)) - raft.server.log.appender.buffer.byte-limit = 33554432 (custom)
2019-11-11 20:28:15,210 [pool-540-thread-1] INFO  server.RaftServerConfigKeys (ConfUtils.java:logGet(43)) - raft.server.log.segment.size.max = 1048576 (custom)
2019-11-11 20:28:15,210 [pool-540-thread-1] WARN  impl.MetricRegistriesImpl (MetricRegistriesImpl.java:lambda$create$1(61)) - First MetricRegistry has been created without registering reporters. You may need to call MetricRegistries.global().addReportRegistration(...) before.
2019-11-11 20:28:15,210 [pool-540-thread-1] INFO  server.RaftServerConfigKeys (ConfUtils.java:logGet(43)) - raft.server.log.segment.cache.num.max = 2 (custom)
2019-11-11 20:28:15,210 [pool-540-thread-1] INFO  segmented.SegmentedRaftLogWorker (SegmentedRaftLogWorker.java:<init>(173)) - new 0237f4f0-b27e-4420-99a0-7f40e4083ac0@group-CFDF6326313D-SegmentedRaftLogWorker for RaftStorage:Storage Directory /workdir/hadoop-ozone/integration-test/target/test-dir/MiniOzoneClusterImpl-878a1954-6462-47b6-bdcc-bab86c556cb3/datanode-3/data/ratis/6f36bd81-9fa3-4441-82c8-cfdf6326313d
2019-11-11 20:28:15,210 [pool-540-thread-1] INFO  server.RaftServerConfigKeys (ConfUtils.java:logGet(43)) - raft.server.log.queue.byte-limit = 2147483647 (custom)
2019-11-11 20:28:15,210 [pool-540-thread-1] INFO  server.RaftServerConfigKeys (ConfUtils.java:logGet(43)) - raft.server.log.queue.element-limit = 1024 (custom)
2019-11-11 20:28:15,211 [pool-540-thread-1] INFO  server.RaftServerConfigKeys (ConfUtils.java:logGet(43)) - raft.server.log.segment.size.max = 1048576 (custom)
2019-11-11 20:28:15,211 [pool-540-thread-1] INFO  server.RaftServerConfigKeys (ConfUtils.java:logGet(43)) - raft.server.log.preallocated.size = 16384 (custom)
2019-11-11 20:28:15,211 [pool-540-thread-1] INFO  server.RaftServerConfigKeys (ConfUtils.java:logGet(43)) - raft.server.log.write.buffer.size = 33554432 (custom)
2019-11-11 20:28:15,211 [pool-540-thread-1] INFO  server.RaftServerConfigKeys (ConfUtils.java:logGet(43)) - raft.server.log.force.sync.num = 128 (default)
2019-11-11 20:28:15,211 [pool-540-thread-1] INFO  server.RaftServerConfigKeys (ConfUtils.java:logGet(43)) - raft.server.log.statemachine.data.sync = true (default)
2019-11-11 20:28:15,211 [pool-540-thread-1] INFO  server.RaftServerConfigKeys (ConfUtils.java:logGet(43)) - raft.server.log.statemachine.data.sync.timeout = 10s (default)
2019-11-11 20:28:15,211 [pool-540-thread-1] INFO  server.RaftServerConfigKeys (ConfUtils.java:logGet(43)) - raft.server.log.statemachine.data.sync.timeout.retry = -1 (default)
2019-11-11 20:28:15,212 [pool-540-thread-1] INFO  server.RaftServerConfigKeys (ConfUtils.java:logGet(43)) - raft.server.log.statemachine.data.caching.enabled = true (custom)
2019-11-11 20:28:15,217 [pool-540-thread-1] INFO  segmented.SegmentedRaftLogWorker (SegmentedRaftLogWorker.java:lambda$new$0(128)) - 0237f4f0-b27e-4420-99a0-7f40e4083ac0@group-CFDF6326313D-SegmentedRaftLogWorker: flushIndex: setUnconditionally 0 -> -1
2019-11-11 20:28:15,218 [pool-540-thread-1] INFO  server.RaftServerConfigKeys (ConfUtils.java:logGet(43)) - raft.server.snapshot.auto.trigger.enabled = true (custom)
2019-11-11 20:28:15,218 [pool-540-thread-1] INFO  server.RaftServerConfigKeys (ConfUtils.java:logGet(43)) - raft.server.snapshot.auto.trigger.threshold = 10000 (custom)
2019-11-11 20:28:15,218 [pool-540-thread-1] INFO  server.RaftServerConfigKeys (ConfUtils.java:logGet(43)) - raft.server.snapshot.retention.file.num = 5 (custom)
2019-11-11 20:28:15,218 [pool-540-thread-1] INFO  server.RaftServerConfigKeys (ConfUtils.java:logGet(43)) - raft.server.retrycache.expirytime = 600000ms (custom)
2019-11-11 20:28:15,218 [pool-540-thread-1] WARN  impl.MetricRegistriesImpl (MetricRegistriesImpl.java:lambda$create$1(61)) - First MetricRegistry has been created without registering reporters. You may need to call MetricRegistries.global().addReportRegistration(...) before.
2019-11-11 20:28:15,218 [pool-540-thread-1] WARN  impl.MetricRegistriesImpl (MetricRegistriesImpl.java:lambda$create$1(61)) - First MetricRegistry has been created without registering reporters. You may need to call MetricRegistries.global().addReportRegistration(...) before.
2019-11-11 20:28:15,219 [pool-540-thread-1] INFO  impl.RaftServerImpl (RaftServerImpl.java:start(184)) - 0237f4f0-b27e-4420-99a0-7f40e4083ac0@group-CFDF6326313D: start as a follower, conf=-1: [0237f4f0-b27e-4420-99a0-7f40e4083ac0:192.168.69.124:41974], old=null
2019-11-11 20:28:15,219 [pool-540-thread-1] INFO  impl.RaftServerImpl (RaftServerImpl.java:setRole(173)) - 0237f4f0-b27e-4420-99a0-7f40e4083ac0@group-CFDF6326313D: changes role from      null to FOLLOWER at term 0 for startAsFollower
2019-11-11 20:28:15,219 [pool-540-thread-1] INFO  impl.RoleInfo (RoleInfo.java:updateAndGet(143)) - 0237f4f0-b27e-4420-99a0-7f40e4083ac0: start FollowerState
2019-11-11 20:28:15,219 [pool-540-thread-1] INFO  util.JmxRegister (JmxRegister.java:tryRegister(44)) - Successfully registered JMX Bean with object name Ratis:service=RaftServer,group=group-CFDF6326313D,id=0237f4f0-b27e-4420-99a0-7f40e4083ac0
2019-11-11 20:28:15,219 [pool-540-thread-1] WARN  impl.MetricRegistriesImpl (MetricRegistriesImpl.java:lambda$create$1(61)) - First MetricRegistry has been created without registering reporters. You may need to call MetricRegistries.global().addReportRegistration(...) before.
2019-11-11 20:28:15,221 [RatisPipelineUtilsThread] INFO  pipeline.PipelineStateManager (PipelineStateManager.java:addPipeline(55)) - Created pipeline Pipeline[ Id: 6f36bd81-9fa3-4441-82c8-cfdf6326313d, Nodes: 0237f4f0-b27e-4420-99a0-7f40e4083ac0{ip: 192.168.69.124, host: pr-hdds-1868-2776b-164702576, networkLocation: /rack1, certSerialId: null}, Type:RATIS, Factor:ONE, State:ALLOCATED]
2019-11-11 20:28:15,227 [grpc-default-executor-4] INFO  impl.RaftServerProxy (RaftServerProxy.java:addNew(89)) - 396508a6-021e-4f53-afd2-417daf51af04: addNew group-3456CD3D7159:[396508a6-021e-4f53-afd2-417daf51af04:192.168.69.124:45746] returns group-3456CD3D7159:java.util.concurrent.CompletableFuture@6227e35f[Not completed]
2019-11-11 20:28:15,228 [pool-550-thread-1] INFO  impl.RaftServerImpl (RaftServerImpl.java:<init>(98)) - 396508a6-021e-4f53-afd2-417daf51af04: new RaftServerImpl for group-3456CD3D7159:[396508a6-021e-4f53-afd2-417daf51af04:192.168.69.124:45746] with ContainerStateMachine:uninitialized
2019-11-11 20:28:15,228 [pool-550-thread-1] INFO  server.RaftServerConfigKeys (ConfUtils.java:logGet(43)) - raft.server.rpc.timeout.min = 1s (custom)
2019-11-11 20:28:15,228 [pool-550-thread-1] INFO  server.RaftServerConfigKeys (ConfUtils.java:logGet(43)) - raft.server.rpc.timeout.max = 1200ms (custom)
2019-11-11 20:28:15,228 [pool-550-thread-1] INFO  server.RaftServerConfigKeys (ConfUtils.java:logGet(43)) - raft.server.rpcslowness.timeout = 120s (custom)
2019-11-11 20:28:15,228 [pool-550-thread-1] INFO  server.RaftServerConfigKeys (ConfUtils.java:logGet(43)) - raft.server.sleep.deviation.threshold = 300 (default)
2019-11-11 20:28:15,228 [pool-550-thread-1] INFO  server.RaftServerConfigKeys (ConfUtils.java:logGet(43)) - raft.server.log.appender.install.snapshot.enabled = false (custom)
2019-11-11 20:28:15,229 [pool-550-thread-1] INFO  impl.RaftServerImpl (ServerState.java:<init>(103)) - 396508a6-021e-4f53-afd2-417daf51af04@group-3456CD3D7159: ConfigurationManager, init=-1: [396508a6-021e-4f53-afd2-417daf51af04:192.168.69.124:45746], old=null, confs=<EMPTY_MAP>
2019-11-11 20:28:15,229 [pool-550-thread-1] INFO  server.RaftServerConfigKeys (ConfUtils.java:logGet(43)) - raft.server.storage.dir = [/workdir/hadoop-ozone/integration-test/target/test-dir/MiniOzoneClusterImpl-878a1954-6462-47b6-bdcc-bab86c556cb3/datanode-4/data/ratis] (custom)
2019-11-11 20:28:15,229 [pool-550-thread-1] INFO  server.RaftServerConfigKeys (ConfUtils.java:logGet(43)) - raft.server.log.corruption.policy = EXCEPTION (default)
2019-11-11 20:28:15,229 [pool-550-thread-1] INFO  storage.RaftStorageDirectory (RaftStorageDirectory.java:analyzeStorage(246)) - The storage directory /workdir/hadoop-ozone/integration-test/target/test-dir/MiniOzoneClusterImpl-878a1954-6462-47b6-bdcc-bab86c556cb3/datanode-4/data/ratis/b16fa23c-7bae-46e9-be97-3456cd3d7159 does not exist. Creating ...
2019-11-11 20:28:15,251 [pool-550-thread-1] INFO  storage.RaftStorageDirectory (RaftStorageDirectory.java:tryLock(328)) - Lock on /workdir/hadoop-ozone/integration-test/target/test-dir/MiniOzoneClusterImpl-878a1954-6462-47b6-bdcc-bab86c556cb3/datanode-4/data/ratis/b16fa23c-7bae-46e9-be97-3456cd3d7159/in_use.lock acquired by nodename 3817@pr-hdds-1868-2776b-164702576
2019-11-11 20:28:15,270 [IPC Server handler 5 on 38257] INFO  net.NetworkTopology (NetworkTopologyImpl.java:add(111)) - Added a new node: /rack1/6ca76b85-30a3-47b0-8ec4-51f6d05896eb
2019-11-11 20:28:15,270 [IPC Server handler 5 on 38257] INFO  node.SCMNodeManager (SCMNodeManager.java:register(267)) - Registered Data node : 6ca76b85-30a3-47b0-8ec4-51f6d05896eb{ip: 192.168.69.124, host: pr-hdds-1868-2776b-164702576, networkLocation: /rack1, certSerialId: null}
2019-11-11 20:28:15,277 [pool-550-thread-1] INFO  storage.RaftStorage (RaftStorage.java:format(84)) - Storage directory /workdir/hadoop-ozone/integration-test/target/test-dir/MiniOzoneClusterImpl-878a1954-6462-47b6-bdcc-bab86c556cb3/datanode-4/data/ratis/b16fa23c-7bae-46e9-be97-3456cd3d7159 has been successfully formatted.
2019-11-11 20:28:15,277 [pool-550-thread-1] INFO  ratis.ContainerStateMachine (ContainerStateMachine.java:loadSnapshot(223)) - group-3456CD3D7159: The snapshot info is null. Setting the last applied indexto:(t:0, i:~)
2019-11-11 20:28:15,277 [pool-550-thread-1] INFO  server.RaftServerConfigKeys (ConfUtils.java:logGet(43)) - raft.server.notification.no-leader.timeout = 120s (custom)
2019-11-11 20:28:15,277 [pool-550-thread-1] INFO  server.RaftServerConfigKeys (ConfUtils.java:logGet(43)) - raft.server.log.use.memory = false (default)
2019-11-11 20:28:15,278 [pool-550-thread-1] INFO  server.RaftServerConfigKeys (ConfUtils.java:logGet(43)) - raft.server.log.purge.gap = 1000000 (custom)
2019-11-11 20:28:15,278 [pool-550-thread-1] INFO  server.RaftServerConfigKeys (ConfUtils.java:logGet(43)) - raft.server.log.appender.buffer.byte-limit = 33554432 (custom)
2019-11-11 20:28:15,278 [pool-550-thread-1] INFO  server.RaftServerConfigKeys (ConfUtils.java:logGet(43)) - raft.server.log.segment.size.max = 1048576 (custom)
2019-11-11 20:28:15,278 [pool-550-thread-1] WARN  impl.MetricRegistriesImpl (MetricRegistriesImpl.java:lambda$create$1(61)) - First MetricRegistry has been created without registering reporters. You may need to call MetricRegistries.global().addReportRegistration(...) before.
2019-11-11 20:28:15,278 [pool-550-thread-1] INFO  server.RaftServerConfigKeys (ConfUtils.java:logGet(43)) - raft.server.log.segment.cache.num.max = 2 (custom)
2019-11-11 20:28:15,278 [pool-550-thread-1] INFO  segmented.SegmentedRaftLogWorker (SegmentedRaftLogWorker.java:<init>(173)) - new 396508a6-021e-4f53-afd2-417daf51af04@group-3456CD3D7159-SegmentedRaftLogWorker for RaftStorage:Storage Directory /workdir/hadoop-ozone/integration-test/target/test-dir/MiniOzoneClusterImpl-878a1954-6462-47b6-bdcc-bab86c556cb3/datanode-4/data/ratis/b16fa23c-7bae-46e9-be97-3456cd3d7159
2019-11-11 20:28:15,278 [pool-550-thread-1] INFO  server.RaftServerConfigKeys (ConfUtils.java:logGet(43)) - raft.server.log.queue.byte-limit = 2147483647 (custom)
2019-11-11 20:28:15,278 [pool-550-thread-1] INFO  server.RaftServerConfigKeys (ConfUtils.java:logGet(43)) - raft.server.log.queue.element-limit = 1024 (custom)
2019-11-11 20:28:15,278 [pool-550-thread-1] INFO  server.RaftServerConfigKeys (ConfUtils.java:logGet(43)) - raft.server.log.segment.size.max = 1048576 (custom)
2019-11-11 20:28:15,279 [pool-550-thread-1] INFO  server.RaftServerConfigKeys (ConfUtils.java:logGet(43)) - raft.server.log.preallocated.size = 16384 (custom)
2019-11-11 20:28:15,279 [pool-550-thread-1] INFO  server.RaftServerConfigKeys (ConfUtils.java:logGet(43)) - raft.server.log.write.buffer.size = 33554432 (custom)
2019-11-11 20:28:15,279 [pool-550-thread-1] INFO  server.RaftServerConfigKeys (ConfUtils.java:logGet(43)) - raft.server.log.force.sync.num = 128 (default)
2019-11-11 20:28:15,279 [pool-550-thread-1] INFO  server.RaftServerConfigKeys (ConfUtils.java:logGet(43)) - raft.server.log.statemachine.data.sync = true (default)
2019-11-11 20:28:15,279 [pool-550-thread-1] INFO  server.RaftServerConfigKeys (ConfUtils.java:logGet(43)) - raft.server.log.statemachine.data.sync.timeout = 10s (default)
2019-11-11 20:28:15,279 [pool-550-thread-1] INFO  server.RaftServerConfigKeys (ConfUtils.java:logGet(43)) - raft.server.log.statemachine.data.sync.timeout.retry = -1 (default)
2019-11-11 20:28:15,279 [pool-550-thread-1] INFO  server.RaftServerConfigKeys (ConfUtils.java:logGet(43)) - raft.server.log.statemachine.data.caching.enabled = true (custom)
2019-11-11 20:28:15,280 [pool-550-thread-1] INFO  segmented.SegmentedRaftLogWorker (SegmentedRaftLogWorker.java:lambda$new$0(128)) - 396508a6-021e-4f53-afd2-417daf51af04@group-3456CD3D7159-SegmentedRaftLogWorker: flushIndex: setUnconditionally 0 -> -1
2019-11-11 20:28:15,280 [pool-550-thread-1] INFO  server.RaftServerConfigKeys (ConfUtils.java:logGet(43)) - raft.server.snapshot.auto.trigger.enabled = true (custom)
2019-11-11 20:28:15,280 [pool-550-thread-1] INFO  server.RaftServerConfigKeys (ConfUtils.java:logGet(43)) - raft.server.snapshot.auto.trigger.threshold = 10000 (custom)
2019-11-11 20:28:15,280 [pool-550-thread-1] INFO  server.RaftServerConfigKeys (ConfUtils.java:logGet(43)) - raft.server.snapshot.retention.file.num = 5 (custom)
2019-11-11 20:28:15,280 [pool-550-thread-1] INFO  server.RaftServerConfigKeys (ConfUtils.java:logGet(43)) - raft.server.retrycache.expirytime = 600000ms (custom)
2019-11-11 20:28:15,280 [pool-550-thread-1] WARN  impl.MetricRegistriesImpl (MetricRegistriesImpl.java:lambda$create$1(61)) - First MetricRegistry has been created without registering reporters. You may need to call MetricRegistries.global().addReportRegistration(...) before.
2019-11-11 20:28:15,281 [pool-550-thread-1] WARN  impl.MetricRegistriesImpl (MetricRegistriesImpl.java:lambda$create$1(61)) - First MetricRegistry has been created without registering reporters. You may need to call MetricRegistries.global().addReportRegistration(...) before.
2019-11-11 20:28:15,281 [pool-550-thread-1] INFO  impl.RaftServerImpl (RaftServerImpl.java:start(184)) - 396508a6-021e-4f53-afd2-417daf51af04@group-3456CD3D7159: start as a follower, conf=-1: [396508a6-021e-4f53-afd2-417daf51af04:192.168.69.124:45746], old=null
2019-11-11 20:28:15,281 [pool-550-thread-1] INFO  impl.RaftServerImpl (RaftServerImpl.java:setRole(173)) - 396508a6-021e-4f53-afd2-417daf51af04@group-3456CD3D7159: changes role from      null to FOLLOWER at term 0 for startAsFollower
2019-11-11 20:28:15,281 [pool-550-thread-1] INFO  impl.RoleInfo (RoleInfo.java:updateAndGet(143)) - 396508a6-021e-4f53-afd2-417daf51af04: start FollowerState
2019-11-11 20:28:15,281 [pool-550-thread-1] INFO  util.JmxRegister (JmxRegister.java:tryRegister(44)) - Successfully registered JMX Bean with object name Ratis:service=RaftServer,group=group-3456CD3D7159,id=396508a6-021e-4f53-afd2-417daf51af04
2019-11-11 20:28:15,281 [pool-550-thread-1] WARN  impl.MetricRegistriesImpl (MetricRegistriesImpl.java:lambda$create$1(61)) - First MetricRegistry has been created without registering reporters. You may need to call MetricRegistries.global().addReportRegistration(...) before.
2019-11-11 20:28:15,283 [RatisPipelineUtilsThread] INFO  pipeline.PipelineStateManager (PipelineStateManager.java:addPipeline(55)) - Created pipeline Pipeline[ Id: b16fa23c-7bae-46e9-be97-3456cd3d7159, Nodes: 396508a6-021e-4f53-afd2-417daf51af04{ip: 192.168.69.124, host: pr-hdds-1868-2776b-164702576, networkLocation: /rack1, certSerialId: null}, Type:RATIS, Factor:ONE, State:ALLOCATED]
2019-11-11 20:28:15,289 [grpc-default-executor-4] INFO  impl.RaftServerProxy (RaftServerProxy.java:addNew(89)) - 6ca76b85-30a3-47b0-8ec4-51f6d05896eb: addNew group-E7C0F518E9DE:[6ca76b85-30a3-47b0-8ec4-51f6d05896eb:192.168.69.124:38205] returns group-E7C0F518E9DE:java.util.concurrent.CompletableFuture@4362c993[Not completed]
2019-11-11 20:28:15,290 [pool-560-thread-1] INFO  impl.RaftServerImpl (RaftServerImpl.java:<init>(98)) - 6ca76b85-30a3-47b0-8ec4-51f6d05896eb: new RaftServerImpl for group-E7C0F518E9DE:[6ca76b85-30a3-47b0-8ec4-51f6d05896eb:192.168.69.124:38205] with ContainerStateMachine:uninitialized
2019-11-11 20:28:15,290 [pool-560-thread-1] INFO  server.RaftServerConfigKeys (ConfUtils.java:logGet(43)) - raft.server.rpc.timeout.min = 1s (custom)
2019-11-11 20:28:15,291 [pool-560-thread-1] INFO  server.RaftServerConfigKeys (ConfUtils.java:logGet(43)) - raft.server.rpc.timeout.max = 1200ms (custom)
2019-11-11 20:28:15,291 [pool-560-thread-1] INFO  server.RaftServerConfigKeys (ConfUtils.java:logGet(43)) - raft.server.rpcslowness.timeout = 120s (custom)
2019-11-11 20:28:15,291 [pool-560-thread-1] INFO  server.RaftServerConfigKeys (ConfUtils.java:logGet(43)) - raft.server.sleep.deviation.threshold = 300 (default)
2019-11-11 20:28:15,291 [pool-560-thread-1] INFO  server.RaftServerConfigKeys (ConfUtils.java:logGet(43)) - raft.server.log.appender.install.snapshot.enabled = false (custom)
2019-11-11 20:28:15,291 [pool-560-thread-1] INFO  impl.RaftServerImpl (ServerState.java:<init>(103)) - 6ca76b85-30a3-47b0-8ec4-51f6d05896eb@group-E7C0F518E9DE: ConfigurationManager, init=-1: [6ca76b85-30a3-47b0-8ec4-51f6d05896eb:192.168.69.124:38205], old=null, confs=<EMPTY_MAP>
2019-11-11 20:28:15,291 [pool-560-thread-1] INFO  server.RaftServerConfigKeys (ConfUtils.java:logGet(43)) - raft.server.storage.dir = [/workdir/hadoop-ozone/integration-test/target/test-dir/MiniOzoneClusterImpl-878a1954-6462-47b6-bdcc-bab86c556cb3/datanode-5/data/ratis] (custom)
2019-11-11 20:28:15,291 [pool-560-thread-1] INFO  server.RaftServerConfigKeys (ConfUtils.java:logGet(43)) - raft.server.log.corruption.policy = EXCEPTION (default)
2019-11-11 20:28:15,292 [pool-560-thread-1] INFO  storage.RaftStorageDirectory (RaftStorageDirectory.java:analyzeStorage(246)) - The storage directory /workdir/hadoop-ozone/integration-test/target/test-dir/MiniOzoneClusterImpl-878a1954-6462-47b6-bdcc-bab86c556cb3/datanode-5/data/ratis/a221511a-bb80-4d32-9692-e7c0f518e9de does not exist. Creating ...
2019-11-11 20:28:15,311 [pool-560-thread-1] INFO  storage.RaftStorageDirectory (RaftStorageDirectory.java:tryLock(328)) - Lock on /workdir/hadoop-ozone/integration-test/target/test-dir/MiniOzoneClusterImpl-878a1954-6462-47b6-bdcc-bab86c556cb3/datanode-5/data/ratis/a221511a-bb80-4d32-9692-e7c0f518e9de/in_use.lock acquired by nodename 3817@pr-hdds-1868-2776b-164702576
2019-11-11 20:28:15,345 [pool-560-thread-1] INFO  storage.RaftStorage (RaftStorage.java:format(84)) - Storage directory /workdir/hadoop-ozone/integration-test/target/test-dir/MiniOzoneClusterImpl-878a1954-6462-47b6-bdcc-bab86c556cb3/datanode-5/data/ratis/a221511a-bb80-4d32-9692-e7c0f518e9de has been successfully formatted.
2019-11-11 20:28:15,345 [pool-560-thread-1] INFO  ratis.ContainerStateMachine (ContainerStateMachine.java:loadSnapshot(223)) - group-E7C0F518E9DE: The snapshot info is null. Setting the last applied indexto:(t:0, i:~)
2019-11-11 20:28:15,346 [pool-560-thread-1] INFO  server.RaftServerConfigKeys (ConfUtils.java:logGet(43)) - raft.server.notification.no-leader.timeout = 120s (custom)
2019-11-11 20:28:15,346 [pool-560-thread-1] INFO  server.RaftServerConfigKeys (ConfUtils.java:logGet(43)) - raft.server.log.use.memory = false (default)
2019-11-11 20:28:15,346 [pool-560-thread-1] INFO  server.RaftServerConfigKeys (ConfUtils.java:logGet(43)) - raft.server.log.purge.gap = 1000000 (custom)
2019-11-11 20:28:15,346 [pool-560-thread-1] INFO  server.RaftServerConfigKeys (ConfUtils.java:logGet(43)) - raft.server.log.appender.buffer.byte-limit = 33554432 (custom)
2019-11-11 20:28:15,346 [pool-560-thread-1] INFO  server.RaftServerConfigKeys (ConfUtils.java:logGet(43)) - raft.server.log.segment.size.max = 1048576 (custom)
2019-11-11 20:28:15,346 [pool-560-thread-1] WARN  impl.MetricRegistriesImpl (MetricRegistriesImpl.java:lambda$create$1(61)) - First MetricRegistry has been created without registering reporters. You may need to call MetricRegistries.global().addReportRegistration(...) before.
2019-11-11 20:28:15,346 [pool-560-thread-1] INFO  server.RaftServerConfigKeys (ConfUtils.java:logGet(43)) - raft.server.log.segment.cache.num.max = 2 (custom)
2019-11-11 20:28:15,347 [pool-560-thread-1] INFO  segmented.SegmentedRaftLogWorker (SegmentedRaftLogWorker.java:<init>(173)) - new 6ca76b85-30a3-47b0-8ec4-51f6d05896eb@group-E7C0F518E9DE-SegmentedRaftLogWorker for RaftStorage:Storage Directory /workdir/hadoop-ozone/integration-test/target/test-dir/MiniOzoneClusterImpl-878a1954-6462-47b6-bdcc-bab86c556cb3/datanode-5/data/ratis/a221511a-bb80-4d32-9692-e7c0f518e9de
2019-11-11 20:28:15,347 [pool-560-thread-1] INFO  server.RaftServerConfigKeys (ConfUtils.java:logGet(43)) - raft.server.log.queue.byte-limit = 2147483647 (custom)
2019-11-11 20:28:15,347 [pool-560-thread-1] INFO  server.RaftServerConfigKeys (ConfUtils.java:logGet(43)) - raft.server.log.queue.element-limit = 1024 (custom)
2019-11-11 20:28:15,347 [pool-560-thread-1] INFO  server.RaftServerConfigKeys (ConfUtils.java:logGet(43)) - raft.server.log.segment.size.max = 1048576 (custom)
2019-11-11 20:28:15,347 [pool-560-thread-1] INFO  server.RaftServerConfigKeys (ConfUtils.java:logGet(43)) - raft.server.log.preallocated.size = 16384 (custom)
2019-11-11 20:28:15,347 [pool-560-thread-1] INFO  server.RaftServerConfigKeys (ConfUtils.java:logGet(43)) - raft.server.log.write.buffer.size = 33554432 (custom)
2019-11-11 20:28:15,347 [pool-560-thread-1] INFO  server.RaftServerConfigKeys (ConfUtils.java:logGet(43)) - raft.server.log.force.sync.num = 128 (default)
2019-11-11 20:28:15,347 [pool-560-thread-1] INFO  server.RaftServerConfigKeys (ConfUtils.java:logGet(43)) - raft.server.log.statemachine.data.sync = true (default)
2019-11-11 20:28:15,348 [pool-560-thread-1] INFO  server.RaftServerConfigKeys (ConfUtils.java:logGet(43)) - raft.server.log.statemachine.data.sync.timeout = 10s (default)
2019-11-11 20:28:15,348 [pool-560-thread-1] INFO  server.RaftServerConfigKeys (ConfUtils.java:logGet(43)) - raft.server.log.statemachine.data.sync.timeout.retry = -1 (default)
2019-11-11 20:28:15,348 [pool-560-thread-1] INFO  server.RaftServerConfigKeys (ConfUtils.java:logGet(43)) - raft.server.log.statemachine.data.caching.enabled = true (custom)
2019-11-11 20:28:15,354 [pool-560-thread-1] INFO  segmented.SegmentedRaftLogWorker (SegmentedRaftLogWorker.java:lambda$new$0(128)) - 6ca76b85-30a3-47b0-8ec4-51f6d05896eb@group-E7C0F518E9DE-SegmentedRaftLogWorker: flushIndex: setUnconditionally 0 -> -1
2019-11-11 20:28:15,355 [pool-560-thread-1] INFO  server.RaftServerConfigKeys (ConfUtils.java:logGet(43)) - raft.server.snapshot.auto.trigger.enabled = true (custom)
2019-11-11 20:28:15,355 [pool-560-thread-1] INFO  server.RaftServerConfigKeys (ConfUtils.java:logGet(43)) - raft.server.snapshot.auto.trigger.threshold = 10000 (custom)
2019-11-11 20:28:15,355 [pool-560-thread-1] INFO  server.RaftServerConfigKeys (ConfUtils.java:logGet(43)) - raft.server.snapshot.retention.file.num = 5 (custom)
2019-11-11 20:28:15,355 [pool-560-thread-1] INFO  server.RaftServerConfigKeys (ConfUtils.java:logGet(43)) - raft.server.retrycache.expirytime = 600000ms (custom)
2019-11-11 20:28:15,355 [pool-560-thread-1] WARN  impl.MetricRegistriesImpl (MetricRegistriesImpl.java:lambda$create$1(61)) - First MetricRegistry has been created without registering reporters. You may need to call MetricRegistries.global().addReportRegistration(...) before.
2019-11-11 20:28:15,355 [pool-560-thread-1] WARN  impl.MetricRegistriesImpl (MetricRegistriesImpl.java:lambda$create$1(61)) - First MetricRegistry has been created without registering reporters. You may need to call MetricRegistries.global().addReportRegistration(...) before.
2019-11-11 20:28:15,356 [pool-560-thread-1] INFO  impl.RaftServerImpl (RaftServerImpl.java:start(184)) - 6ca76b85-30a3-47b0-8ec4-51f6d05896eb@group-E7C0F518E9DE: start as a follower, conf=-1: [6ca76b85-30a3-47b0-8ec4-51f6d05896eb:192.168.69.124:38205], old=null
2019-11-11 20:28:15,356 [pool-560-thread-1] INFO  impl.RaftServerImpl (RaftServerImpl.java:setRole(173)) - 6ca76b85-30a3-47b0-8ec4-51f6d05896eb@group-E7C0F518E9DE: changes role from      null to FOLLOWER at term 0 for startAsFollower
2019-11-11 20:28:15,356 [pool-560-thread-1] INFO  impl.RoleInfo (RoleInfo.java:updateAndGet(143)) - 6ca76b85-30a3-47b0-8ec4-51f6d05896eb: start FollowerState
2019-11-11 20:28:15,356 [pool-560-thread-1] INFO  util.JmxRegister (JmxRegister.java:tryRegister(44)) - Successfully registered JMX Bean with object name Ratis:service=RaftServer,group=group-E7C0F518E9DE,id=6ca76b85-30a3-47b0-8ec4-51f6d05896eb
2019-11-11 20:28:15,356 [pool-560-thread-1] WARN  impl.MetricRegistriesImpl (MetricRegistriesImpl.java:lambda$create$1(61)) - First MetricRegistry has been created without registering reporters. You may need to call MetricRegistries.global().addReportRegistration(...) before.
2019-11-11 20:28:15,358 [RatisPipelineUtilsThread] INFO  pipeline.PipelineStateManager (PipelineStateManager.java:addPipeline(55)) - Created pipeline Pipeline[ Id: a221511a-bb80-4d32-9692-e7c0f518e9de, Nodes: 6ca76b85-30a3-47b0-8ec4-51f6d05896eb{ip: 192.168.69.124, host: pr-hdds-1868-2776b-164702576, networkLocation: /rack1, certSerialId: null}, Type:RATIS, Factor:ONE, State:ALLOCATED]
2019-11-11 20:28:15,367 [IPC Server handler 6 on 38257] INFO  net.NetworkTopology (NetworkTopologyImpl.java:add(111)) - Added a new node: /rack1/75be7957-289d-4245-a821-fc5677a0cfb7
2019-11-11 20:28:15,367 [IPC Server handler 6 on 38257] INFO  node.SCMNodeManager (SCMNodeManager.java:register(267)) - Registered Data node : 75be7957-289d-4245-a821-fc5677a0cfb7{ip: 192.168.69.124, host: pr-hdds-1868-2776b-164702576, networkLocation: /rack1, certSerialId: null}
2019-11-11 20:28:15,367 [grpc-default-executor-5] INFO  impl.RaftServerProxy (RaftServerProxy.java:addNew(89)) - 0237f4f0-b27e-4420-99a0-7f40e4083ac0: addNew group-F3780F4274D7:[6ca76b85-30a3-47b0-8ec4-51f6d05896eb:192.168.69.124:38205, 0237f4f0-b27e-4420-99a0-7f40e4083ac0:192.168.69.124:41974, 396508a6-021e-4f53-afd2-417daf51af04:192.168.69.124:45746] returns group-F3780F4274D7:java.util.concurrent.CompletableFuture@655193fb[Not completed]
2019-11-11 20:28:15,367 [grpc-default-executor-4] INFO  impl.RaftServerProxy (RaftServerProxy.java:addNew(89)) - 396508a6-021e-4f53-afd2-417daf51af04: addNew group-F3780F4274D7:[6ca76b85-30a3-47b0-8ec4-51f6d05896eb:192.168.69.124:38205, 0237f4f0-b27e-4420-99a0-7f40e4083ac0:192.168.69.124:41974, 396508a6-021e-4f53-afd2-417daf51af04:192.168.69.124:45746] returns group-F3780F4274D7:java.util.concurrent.CompletableFuture@421cf685[Not completed]
2019-11-11 20:28:15,367 [grpc-default-executor-8] INFO  impl.RaftServerProxy (RaftServerProxy.java:addNew(89)) - 6ca76b85-30a3-47b0-8ec4-51f6d05896eb: addNew group-F3780F4274D7:[6ca76b85-30a3-47b0-8ec4-51f6d05896eb:192.168.69.124:38205, 0237f4f0-b27e-4420-99a0-7f40e4083ac0:192.168.69.124:41974, 396508a6-021e-4f53-afd2-417daf51af04:192.168.69.124:45746] returns group-F3780F4274D7:java.util.concurrent.CompletableFuture@3cf8afad[Not completed]
2019-11-11 20:28:15,369 [pool-560-thread-1] INFO  impl.RaftServerImpl (RaftServerImpl.java:<init>(98)) - 6ca76b85-30a3-47b0-8ec4-51f6d05896eb: new RaftServerImpl for group-F3780F4274D7:[6ca76b85-30a3-47b0-8ec4-51f6d05896eb:192.168.69.124:38205, 0237f4f0-b27e-4420-99a0-7f40e4083ac0:192.168.69.124:41974, 396508a6-021e-4f53-afd2-417daf51af04:192.168.69.124:45746] with ContainerStateMachine:uninitialized
2019-11-11 20:28:15,369 [pool-560-thread-1] INFO  server.RaftServerConfigKeys (ConfUtils.java:logGet(43)) - raft.server.rpc.timeout.min = 1s (custom)
2019-11-11 20:28:15,369 [pool-560-thread-1] INFO  server.RaftServerConfigKeys (ConfUtils.java:logGet(43)) - raft.server.rpc.timeout.max = 1200ms (custom)
2019-11-11 20:28:15,369 [pool-560-thread-1] INFO  server.RaftServerConfigKeys (ConfUtils.java:logGet(43)) - raft.server.rpcslowness.timeout = 120s (custom)
2019-11-11 20:28:15,369 [pool-560-thread-1] INFO  server.RaftServerConfigKeys (ConfUtils.java:logGet(43)) - raft.server.sleep.deviation.threshold = 300 (default)
2019-11-11 20:28:15,369 [pool-560-thread-1] INFO  server.RaftServerConfigKeys (ConfUtils.java:logGet(43)) - raft.server.log.appender.install.snapshot.enabled = false (custom)
2019-11-11 20:28:15,369 [pool-560-thread-1] INFO  impl.RaftServerImpl (ServerState.java:<init>(103)) - 6ca76b85-30a3-47b0-8ec4-51f6d05896eb@group-F3780F4274D7: ConfigurationManager, init=-1: [6ca76b85-30a3-47b0-8ec4-51f6d05896eb:192.168.69.124:38205, 0237f4f0-b27e-4420-99a0-7f40e4083ac0:192.168.69.124:41974, 396508a6-021e-4f53-afd2-417daf51af04:192.168.69.124:45746], old=null, confs=<EMPTY_MAP>
2019-11-11 20:28:15,369 [pool-550-thread-1] INFO  impl.RaftServerImpl (RaftServerImpl.java:<init>(98)) - 396508a6-021e-4f53-afd2-417daf51af04: new RaftServerImpl for group-F3780F4274D7:[6ca76b85-30a3-47b0-8ec4-51f6d05896eb:192.168.69.124:38205, 0237f4f0-b27e-4420-99a0-7f40e4083ac0:192.168.69.124:41974, 396508a6-021e-4f53-afd2-417daf51af04:192.168.69.124:45746] with ContainerStateMachine:uninitialized
2019-11-11 20:28:15,369 [pool-560-thread-1] INFO  server.RaftServerConfigKeys (ConfUtils.java:logGet(43)) - raft.server.storage.dir = [/workdir/hadoop-ozone/integration-test/target/test-dir/MiniOzoneClusterImpl-878a1954-6462-47b6-bdcc-bab86c556cb3/datanode-5/data/ratis] (custom)
2019-11-11 20:28:15,370 [pool-550-thread-1] INFO  server.RaftServerConfigKeys (ConfUtils.java:logGet(43)) - raft.server.rpc.timeout.min = 1s (custom)
2019-11-11 20:28:15,370 [pool-550-thread-1] INFO  server.RaftServerConfigKeys (ConfUtils.java:logGet(43)) - raft.server.rpc.timeout.max = 1200ms (custom)
2019-11-11 20:28:15,370 [pool-560-thread-1] INFO  server.RaftServerConfigKeys (ConfUtils.java:logGet(43)) - raft.server.log.corruption.policy = EXCEPTION (default)
2019-11-11 20:28:15,370 [pool-550-thread-1] INFO  server.RaftServerConfigKeys (ConfUtils.java:logGet(43)) - raft.server.rpcslowness.timeout = 120s (custom)
2019-11-11 20:28:15,370 [pool-550-thread-1] INFO  server.RaftServerConfigKeys (ConfUtils.java:logGet(43)) - raft.server.sleep.deviation.threshold = 300 (default)
2019-11-11 20:28:15,370 [pool-560-thread-1] INFO  storage.RaftStorageDirectory (RaftStorageDirectory.java:analyzeStorage(246)) - The storage directory /workdir/hadoop-ozone/integration-test/target/test-dir/MiniOzoneClusterImpl-878a1954-6462-47b6-bdcc-bab86c556cb3/datanode-5/data/ratis/e4232824-ac0c-40ce-b260-f3780f4274d7 does not exist. Creating ...
2019-11-11 20:28:15,370 [pool-550-thread-1] INFO  server.RaftServerConfigKeys (ConfUtils.java:logGet(43)) - raft.server.log.appender.install.snapshot.enabled = false (custom)
2019-11-11 20:28:15,370 [pool-550-thread-1] INFO  impl.RaftServerImpl (ServerState.java:<init>(103)) - 396508a6-021e-4f53-afd2-417daf51af04@group-F3780F4274D7: ConfigurationManager, init=-1: [6ca76b85-30a3-47b0-8ec4-51f6d05896eb:192.168.69.124:38205, 0237f4f0-b27e-4420-99a0-7f40e4083ac0:192.168.69.124:41974, 396508a6-021e-4f53-afd2-417daf51af04:192.168.69.124:45746], old=null, confs=<EMPTY_MAP>
2019-11-11 20:28:15,370 [pool-540-thread-1] INFO  impl.RaftServerImpl (RaftServerImpl.java:<init>(98)) - 0237f4f0-b27e-4420-99a0-7f40e4083ac0: new RaftServerImpl for group-F3780F4274D7:[6ca76b85-30a3-47b0-8ec4-51f6d05896eb:192.168.69.124:38205, 0237f4f0-b27e-4420-99a0-7f40e4083ac0:192.168.69.124:41974, 396508a6-021e-4f53-afd2-417daf51af04:192.168.69.124:45746] with ContainerStateMachine:uninitialized
2019-11-11 20:28:15,371 [pool-550-thread-1] INFO  server.RaftServerConfigKeys (ConfUtils.java:logGet(43)) - raft.server.storage.dir = [/workdir/hadoop-ozone/integration-test/target/test-dir/MiniOzoneClusterImpl-878a1954-6462-47b6-bdcc-bab86c556cb3/datanode-4/data/ratis] (custom)
2019-11-11 20:28:15,371 [pool-540-thread-1] INFO  server.RaftServerConfigKeys (ConfUtils.java:logGet(43)) - raft.server.rpc.timeout.min = 1s (custom)
2019-11-11 20:28:15,371 [pool-550-thread-1] INFO  server.RaftServerConfigKeys (ConfUtils.java:logGet(43)) - raft.server.log.corruption.policy = EXCEPTION (default)
2019-11-11 20:28:15,371 [pool-540-thread-1] INFO  server.RaftServerConfigKeys (ConfUtils.java:logGet(43)) - raft.server.rpc.timeout.max = 1200ms (custom)
2019-11-11 20:28:15,371 [pool-550-thread-1] INFO  storage.RaftStorageDirectory (RaftStorageDirectory.java:analyzeStorage(246)) - The storage directory /workdir/hadoop-ozone/integration-test/target/test-dir/MiniOzoneClusterImpl-878a1954-6462-47b6-bdcc-bab86c556cb3/datanode-4/data/ratis/e4232824-ac0c-40ce-b260-f3780f4274d7 does not exist. Creating ...
2019-11-11 20:28:15,371 [pool-540-thread-1] INFO  server.RaftServerConfigKeys (ConfUtils.java:logGet(43)) - raft.server.rpcslowness.timeout = 120s (custom)
2019-11-11 20:28:15,372 [pool-540-thread-1] INFO  server.RaftServerConfigKeys (ConfUtils.java:logGet(43)) - raft.server.sleep.deviation.threshold = 300 (default)
2019-11-11 20:28:15,372 [pool-540-thread-1] INFO  server.RaftServerConfigKeys (ConfUtils.java:logGet(43)) - raft.server.log.appender.install.snapshot.enabled = false (custom)
2019-11-11 20:28:15,372 [pool-540-thread-1] INFO  impl.RaftServerImpl (ServerState.java:<init>(103)) - 0237f4f0-b27e-4420-99a0-7f40e4083ac0@group-F3780F4274D7: ConfigurationManager, init=-1: [6ca76b85-30a3-47b0-8ec4-51f6d05896eb:192.168.69.124:38205, 0237f4f0-b27e-4420-99a0-7f40e4083ac0:192.168.69.124:41974, 396508a6-021e-4f53-afd2-417daf51af04:192.168.69.124:45746], old=null, confs=<EMPTY_MAP>
2019-11-11 20:28:15,372 [pool-540-thread-1] INFO  server.RaftServerConfigKeys (ConfUtils.java:logGet(43)) - raft.server.storage.dir = [/workdir/hadoop-ozone/integration-test/target/test-dir/MiniOzoneClusterImpl-878a1954-6462-47b6-bdcc-bab86c556cb3/datanode-3/data/ratis] (custom)
2019-11-11 20:28:15,373 [pool-540-thread-1] INFO  server.RaftServerConfigKeys (ConfUtils.java:logGet(43)) - raft.server.log.corruption.policy = EXCEPTION (default)
2019-11-11 20:28:15,373 [pool-540-thread-1] INFO  storage.RaftStorageDirectory (RaftStorageDirectory.java:analyzeStorage(246)) - The storage directory /workdir/hadoop-ozone/integration-test/target/test-dir/MiniOzoneClusterImpl-878a1954-6462-47b6-bdcc-bab86c556cb3/datanode-3/data/ratis/e4232824-ac0c-40ce-b260-f3780f4274d7 does not exist. Creating ...
2019-11-11 20:28:15,403 [pool-560-thread-1] INFO  storage.RaftStorageDirectory (RaftStorageDirectory.java:tryLock(328)) - Lock on /workdir/hadoop-ozone/integration-test/target/test-dir/MiniOzoneClusterImpl-878a1954-6462-47b6-bdcc-bab86c556cb3/datanode-5/data/ratis/e4232824-ac0c-40ce-b260-f3780f4274d7/in_use.lock acquired by nodename 3817@pr-hdds-1868-2776b-164702576
2019-11-11 20:28:15,403 [pool-540-thread-1] INFO  storage.RaftStorageDirectory (RaftStorageDirectory.java:tryLock(328)) - Lock on /workdir/hadoop-ozone/integration-test/target/test-dir/MiniOzoneClusterImpl-878a1954-6462-47b6-bdcc-bab86c556cb3/datanode-3/data/ratis/e4232824-ac0c-40ce-b260-f3780f4274d7/in_use.lock acquired by nodename 3817@pr-hdds-1868-2776b-164702576
2019-11-11 20:28:15,403 [pool-550-thread-1] INFO  storage.RaftStorageDirectory (RaftStorageDirectory.java:tryLock(328)) - Lock on /workdir/hadoop-ozone/integration-test/target/test-dir/MiniOzoneClusterImpl-878a1954-6462-47b6-bdcc-bab86c556cb3/datanode-4/data/ratis/e4232824-ac0c-40ce-b260-f3780f4274d7/in_use.lock acquired by nodename 3817@pr-hdds-1868-2776b-164702576
2019-11-11 20:28:15,427 [pool-540-thread-1] INFO  storage.RaftStorage (RaftStorage.java:format(84)) - Storage directory /workdir/hadoop-ozone/integration-test/target/test-dir/MiniOzoneClusterImpl-878a1954-6462-47b6-bdcc-bab86c556cb3/datanode-3/data/ratis/e4232824-ac0c-40ce-b260-f3780f4274d7 has been successfully formatted.
2019-11-11 20:28:15,427 [pool-560-thread-1] INFO  storage.RaftStorage (RaftStorage.java:format(84)) - Storage directory /workdir/hadoop-ozone/integration-test/target/test-dir/MiniOzoneClusterImpl-878a1954-6462-47b6-bdcc-bab86c556cb3/datanode-5/data/ratis/e4232824-ac0c-40ce-b260-f3780f4274d7 has been successfully formatted.
2019-11-11 20:28:15,427 [pool-550-thread-1] INFO  storage.RaftStorage (RaftStorage.java:format(84)) - Storage directory /workdir/hadoop-ozone/integration-test/target/test-dir/MiniOzoneClusterImpl-878a1954-6462-47b6-bdcc-bab86c556cb3/datanode-4/data/ratis/e4232824-ac0c-40ce-b260-f3780f4274d7 has been successfully formatted.
2019-11-11 20:28:15,427 [pool-560-thread-1] INFO  ratis.ContainerStateMachine (ContainerStateMachine.java:loadSnapshot(223)) - group-F3780F4274D7: The snapshot info is null. Setting the last applied indexto:(t:0, i:~)
2019-11-11 20:28:15,427 [pool-540-thread-1] INFO  ratis.ContainerStateMachine (ContainerStateMachine.java:loadSnapshot(223)) - group-F3780F4274D7: The snapshot info is null. Setting the last applied indexto:(t:0, i:~)
2019-11-11 20:28:15,427 [pool-560-thread-1] INFO  server.RaftServerConfigKeys (ConfUtils.java:logGet(43)) - raft.server.notification.no-leader.timeout = 120s (custom)
2019-11-11 20:28:15,428 [pool-560-thread-1] INFO  server.RaftServerConfigKeys (ConfUtils.java:logGet(43)) - raft.server.log.use.memory = false (default)
2019-11-11 20:28:15,427 [pool-550-thread-1] INFO  ratis.ContainerStateMachine (ContainerStateMachine.java:loadSnapshot(223)) - group-F3780F4274D7: The snapshot info is null. Setting the last applied indexto:(t:0, i:~)
2019-11-11 20:28:15,428 [pool-560-thread-1] INFO  server.RaftServerConfigKeys (ConfUtils.java:logGet(43)) - raft.server.log.purge.gap = 1000000 (custom)
2019-11-11 20:28:15,427 [pool-540-thread-1] INFO  server.RaftServerConfigKeys (ConfUtils.java:logGet(43)) - raft.server.notification.no-leader.timeout = 120s (custom)
2019-11-11 20:28:15,428 [pool-560-thread-1] INFO  server.RaftServerConfigKeys (ConfUtils.java:logGet(43)) - raft.server.log.appender.buffer.byte-limit = 33554432 (custom)
2019-11-11 20:28:15,428 [pool-560-thread-1] INFO  server.RaftServerConfigKeys (ConfUtils.java:logGet(43)) - raft.server.log.segment.size.max = 1048576 (custom)
2019-11-11 20:28:15,428 [pool-550-thread-1] INFO  server.RaftServerConfigKeys (ConfUtils.java:logGet(43)) - raft.server.notification.no-leader.timeout = 120s (custom)
2019-11-11 20:28:15,428 [pool-560-thread-1] INFO  server.RaftServerConfigKeys (ConfUtils.java:logGet(43)) - raft.server.log.segment.cache.num.max = 2 (custom)
2019-11-11 20:28:15,428 [pool-540-thread-1] INFO  server.RaftServerConfigKeys (ConfUtils.java:logGet(43)) - raft.server.log.use.memory = false (default)
2019-11-11 20:28:15,429 [pool-560-thread-1] INFO  segmented.SegmentedRaftLogWorker (SegmentedRaftLogWorker.java:<init>(173)) - new 6ca76b85-30a3-47b0-8ec4-51f6d05896eb@group-F3780F4274D7-SegmentedRaftLogWorker for RaftStorage:Storage Directory /workdir/hadoop-ozone/integration-test/target/test-dir/MiniOzoneClusterImpl-878a1954-6462-47b6-bdcc-bab86c556cb3/datanode-5/data/ratis/e4232824-ac0c-40ce-b260-f3780f4274d7
2019-11-11 20:28:15,428 [pool-550-thread-1] INFO  server.RaftServerConfigKeys (ConfUtils.java:logGet(43)) - raft.server.log.use.memory = false (default)
2019-11-11 20:28:15,429 [pool-560-thread-1] INFO  server.RaftServerConfigKeys (ConfUtils.java:logGet(43)) - raft.server.log.queue.byte-limit = 2147483647 (custom)
2019-11-11 20:28:15,429 [pool-540-thread-1] INFO  server.RaftServerConfigKeys (ConfUtils.java:logGet(43)) - raft.server.log.purge.gap = 1000000 (custom)
2019-11-11 20:28:15,429 [pool-560-thread-1] INFO  server.RaftServerConfigKeys (ConfUtils.java:logGet(43)) - raft.server.log.queue.element-limit = 1024 (custom)
2019-11-11 20:28:15,429 [pool-550-thread-1] INFO  server.RaftServerConfigKeys (ConfUtils.java:logGet(43)) - raft.server.log.purge.gap = 1000000 (custom)
2019-11-11 20:28:15,429 [pool-560-thread-1] INFO  server.RaftServerConfigKeys (ConfUtils.java:logGet(43)) - raft.server.log.segment.size.max = 1048576 (custom)
2019-11-11 20:28:15,430 [pool-560-thread-1] INFO  server.RaftServerConfigKeys (ConfUtils.java:logGet(43)) - raft.server.log.preallocated.size = 16384 (custom)
2019-11-11 20:28:15,429 [pool-540-thread-1] INFO  server.RaftServerConfigKeys (ConfUtils.java:logGet(43)) - raft.server.log.appender.buffer.byte-limit = 33554432 (custom)
2019-11-11 20:28:15,430 [pool-560-thread-1] INFO  server.RaftServerConfigKeys (ConfUtils.java:logGet(43)) - raft.server.log.write.buffer.size = 33554432 (custom)
2019-11-11 20:28:15,429 [pool-550-thread-1] INFO  server.RaftServerConfigKeys (ConfUtils.java:logGet(43)) - raft.server.log.appender.buffer.byte-limit = 33554432 (custom)
2019-11-11 20:28:15,430 [pool-560-thread-1] INFO  server.RaftServerConfigKeys (ConfUtils.java:logGet(43)) - raft.server.log.force.sync.num = 128 (default)
2019-11-11 20:28:15,430 [pool-540-thread-1] INFO  server.RaftServerConfigKeys (ConfUtils.java:logGet(43)) - raft.server.log.segment.size.max = 1048576 (custom)
2019-11-11 20:28:15,430 [pool-560-thread-1] INFO  server.RaftServerConfigKeys (ConfUtils.java:logGet(43)) - raft.server.log.statemachine.data.sync = true (default)
2019-11-11 20:28:15,430 [pool-560-thread-1] INFO  server.RaftServerConfigKeys (ConfUtils.java:logGet(43)) - raft.server.log.statemachine.data.sync.timeout = 10s (default)
2019-11-11 20:28:15,430 [pool-550-thread-1] INFO  server.RaftServerConfigKeys (ConfUtils.java:logGet(43)) - raft.server.log.segment.size.max = 1048576 (custom)
2019-11-11 20:28:15,431 [pool-560-thread-1] INFO  server.RaftServerConfigKeys (ConfUtils.java:logGet(43)) - raft.server.log.statemachine.data.sync.timeout.retry = -1 (default)
2019-11-11 20:28:15,430 [pool-540-thread-1] INFO  server.RaftServerConfigKeys (ConfUtils.java:logGet(43)) - raft.server.log.segment.cache.num.max = 2 (custom)
2019-11-11 20:28:15,431 [pool-560-thread-1] INFO  server.RaftServerConfigKeys (ConfUtils.java:logGet(43)) - raft.server.log.statemachine.data.caching.enabled = true (custom)
2019-11-11 20:28:15,431 [pool-550-thread-1] INFO  server.RaftServerConfigKeys (ConfUtils.java:logGet(43)) - raft.server.log.segment.cache.num.max = 2 (custom)
2019-11-11 20:28:15,431 [pool-540-thread-1] INFO  segmented.SegmentedRaftLogWorker (SegmentedRaftLogWorker.java:<init>(173)) - new 0237f4f0-b27e-4420-99a0-7f40e4083ac0@group-F3780F4274D7-SegmentedRaftLogWorker for RaftStorage:Storage Directory /workdir/hadoop-ozone/integration-test/target/test-dir/MiniOzoneClusterImpl-878a1954-6462-47b6-bdcc-bab86c556cb3/datanode-3/data/ratis/e4232824-ac0c-40ce-b260-f3780f4274d7
2019-11-11 20:28:15,431 [pool-560-thread-1] INFO  segmented.SegmentedRaftLogWorker (SegmentedRaftLogWorker.java:lambda$new$0(128)) - 6ca76b85-30a3-47b0-8ec4-51f6d05896eb@group-F3780F4274D7-SegmentedRaftLogWorker: flushIndex: setUnconditionally 0 -> -1
2019-11-11 20:28:15,431 [pool-550-thread-1] INFO  segmented.SegmentedRaftLogWorker (SegmentedRaftLogWorker.java:<init>(173)) - new 396508a6-021e-4f53-afd2-417daf51af04@group-F3780F4274D7-SegmentedRaftLogWorker for RaftStorage:Storage Directory /workdir/hadoop-ozone/integration-test/target/test-dir/MiniOzoneClusterImpl-878a1954-6462-47b6-bdcc-bab86c556cb3/datanode-4/data/ratis/e4232824-ac0c-40ce-b260-f3780f4274d7
2019-11-11 20:28:15,431 [pool-540-thread-1] INFO  server.RaftServerConfigKeys (ConfUtils.java:logGet(43)) - raft.server.log.queue.byte-limit = 2147483647 (custom)
2019-11-11 20:28:15,432 [pool-550-thread-1] INFO  server.RaftServerConfigKeys (ConfUtils.java:logGet(43)) - raft.server.log.queue.byte-limit = 2147483647 (custom)
2019-11-11 20:28:15,432 [pool-560-thread-1] INFO  server.RaftServerConfigKeys (ConfUtils.java:logGet(43)) - raft.server.snapshot.auto.trigger.enabled = true (custom)
2019-11-11 20:28:15,432 [pool-540-thread-1] INFO  server.RaftServerConfigKeys (ConfUtils.java:logGet(43)) - raft.server.log.queue.element-limit = 1024 (custom)
2019-11-11 20:28:15,432 [pool-560-thread-1] INFO  server.RaftServerConfigKeys (ConfUtils.java:logGet(43)) - raft.server.snapshot.auto.trigger.threshold = 10000 (custom)
2019-11-11 20:28:15,432 [pool-550-thread-1] INFO  server.RaftServerConfigKeys (ConfUtils.java:logGet(43)) - raft.server.log.queue.element-limit = 1024 (custom)
2019-11-11 20:28:15,432 [pool-560-thread-1] INFO  server.RaftServerConfigKeys (ConfUtils.java:logGet(43)) - raft.server.snapshot.retention.file.num = 5 (custom)
2019-11-11 20:28:15,432 [pool-540-thread-1] INFO  server.RaftServerConfigKeys (ConfUtils.java:logGet(43)) - raft.server.log.segment.size.max = 1048576 (custom)
2019-11-11 20:28:15,432 [pool-560-thread-1] INFO  server.RaftServerConfigKeys (ConfUtils.java:logGet(43)) - raft.server.retrycache.expirytime = 600000ms (custom)
2019-11-11 20:28:15,432 [pool-550-thread-1] INFO  server.RaftServerConfigKeys (ConfUtils.java:logGet(43)) - raft.server.log.segment.size.max = 1048576 (custom)
2019-11-11 20:28:15,433 [pool-560-thread-1] WARN  impl.MetricRegistriesImpl (MetricRegistriesImpl.java:lambda$create$1(61)) - First MetricRegistry has been created without registering reporters. You may need to call MetricRegistries.global().addReportRegistration(...) before.
2019-11-11 20:28:15,433 [pool-540-thread-1] INFO  server.RaftServerConfigKeys (ConfUtils.java:logGet(43)) - raft.server.log.preallocated.size = 16384 (custom)
2019-11-11 20:28:15,433 [pool-560-thread-1] WARN  impl.MetricRegistriesImpl (MetricRegistriesImpl.java:lambda$create$1(61)) - First MetricRegistry has been created without registering reporters. You may need to call MetricRegistries.global().addReportRegistration(...) before.
2019-11-11 20:28:15,433 [pool-550-thread-1] INFO  server.RaftServerConfigKeys (ConfUtils.java:logGet(43)) - raft.server.log.preallocated.size = 16384 (custom)
2019-11-11 20:28:15,433 [pool-560-thread-1] INFO  impl.RaftServerImpl (RaftServerImpl.java:start(184)) - 6ca76b85-30a3-47b0-8ec4-51f6d05896eb@group-F3780F4274D7: start as a follower, conf=-1: [6ca76b85-30a3-47b0-8ec4-51f6d05896eb:192.168.69.124:38205, 0237f4f0-b27e-4420-99a0-7f40e4083ac0:192.168.69.124:41974, 396508a6-021e-4f53-afd2-417daf51af04:192.168.69.124:45746], old=null
2019-11-11 20:28:15,433 [pool-540-thread-1] INFO  server.RaftServerConfigKeys (ConfUtils.java:logGet(43)) - raft.server.log.write.buffer.size = 33554432 (custom)
2019-11-11 20:28:15,433 [pool-560-thread-1] INFO  impl.RaftServerImpl (RaftServerImpl.java:setRole(173)) - 6ca76b85-30a3-47b0-8ec4-51f6d05896eb@group-F3780F4274D7: changes role from      null to FOLLOWER at term 0 for startAsFollower
2019-11-11 20:28:15,433 [pool-550-thread-1] INFO  server.RaftServerConfigKeys (ConfUtils.java:logGet(43)) - raft.server.log.write.buffer.size = 33554432 (custom)
2019-11-11 20:28:15,434 [pool-560-thread-1] INFO  impl.RoleInfo (RoleInfo.java:updateAndGet(143)) - 6ca76b85-30a3-47b0-8ec4-51f6d05896eb: start FollowerState
2019-11-11 20:28:15,434 [pool-540-thread-1] INFO  server.RaftServerConfigKeys (ConfUtils.java:logGet(43)) - raft.server.log.force.sync.num = 128 (default)
2019-11-11 20:28:15,434 [pool-550-thread-1] INFO  server.RaftServerConfigKeys (ConfUtils.java:logGet(43)) - raft.server.log.force.sync.num = 128 (default)
2019-11-11 20:28:15,434 [pool-540-thread-1] INFO  server.RaftServerConfigKeys (ConfUtils.java:logGet(43)) - raft.server.log.statemachine.data.sync = true (default)
2019-11-11 20:28:15,434 [pool-560-thread-1] INFO  util.JmxRegister (JmxRegister.java:tryRegister(44)) - Successfully registered JMX Bean with object name Ratis:service=RaftServer,group=group-F3780F4274D7,id=6ca76b85-30a3-47b0-8ec4-51f6d05896eb
2019-11-11 20:28:15,434 [pool-550-thread-1] INFO  server.RaftServerConfigKeys (ConfUtils.java:logGet(43)) - raft.server.log.statemachine.data.sync = true (default)
2019-11-11 20:28:15,434 [pool-560-thread-1] WARN  impl.MetricRegistriesImpl (MetricRegistriesImpl.java:lambda$create$1(61)) - First MetricRegistry has been created without registering reporters. You may need to call MetricRegistries.global().addReportRegistration(...) before.
2019-11-11 20:28:15,434 [pool-540-thread-1] INFO  server.RaftServerConfigKeys (ConfUtils.java:logGet(43)) - raft.server.log.statemachine.data.sync.timeout = 10s (default)
2019-11-11 20:28:15,434 [pool-550-thread-1] INFO  server.RaftServerConfigKeys (ConfUtils.java:logGet(43)) - raft.server.log.statemachine.data.sync.timeout = 10s (default)
2019-11-11 20:28:15,435 [pool-540-thread-1] INFO  server.RaftServerConfigKeys (ConfUtils.java:logGet(43)) - raft.server.log.statemachine.data.sync.timeout.retry = -1 (default)
2019-11-11 20:28:15,435 [pool-550-thread-1] INFO  server.RaftServerConfigKeys (ConfUtils.java:logGet(43)) - raft.server.log.statemachine.data.sync.timeout.retry = -1 (default)
2019-11-11 20:28:15,435 [pool-540-thread-1] INFO  server.RaftServerConfigKeys (ConfUtils.java:logGet(43)) - raft.server.log.statemachine.data.caching.enabled = true (custom)
2019-11-11 20:28:15,435 [pool-550-thread-1] INFO  server.RaftServerConfigKeys (ConfUtils.java:logGet(43)) - raft.server.log.statemachine.data.caching.enabled = true (custom)
2019-11-11 20:28:15,435 [pool-540-thread-1] INFO  segmented.SegmentedRaftLogWorker (SegmentedRaftLogWorker.java:lambda$new$0(128)) - 0237f4f0-b27e-4420-99a0-7f40e4083ac0@group-F3780F4274D7-SegmentedRaftLogWorker: flushIndex: setUnconditionally 0 -> -1
2019-11-11 20:28:15,435 [pool-550-thread-1] INFO  segmented.SegmentedRaftLogWorker (SegmentedRaftLogWorker.java:lambda$new$0(128)) - 396508a6-021e-4f53-afd2-417daf51af04@group-F3780F4274D7-SegmentedRaftLogWorker: flushIndex: setUnconditionally 0 -> -1
2019-11-11 20:28:15,436 [pool-540-thread-1] INFO  server.RaftServerConfigKeys (ConfUtils.java:logGet(43)) - raft.server.snapshot.auto.trigger.enabled = true (custom)
2019-11-11 20:28:15,436 [pool-540-thread-1] INFO  server.RaftServerConfigKeys (ConfUtils.java:logGet(43)) - raft.server.snapshot.auto.trigger.threshold = 10000 (custom)
2019-11-11 20:28:15,436 [pool-550-thread-1] INFO  server.RaftServerConfigKeys (ConfUtils.java:logGet(43)) - raft.server.snapshot.auto.trigger.enabled = true (custom)
2019-11-11 20:28:15,436 [pool-540-thread-1] INFO  server.RaftServerConfigKeys (ConfUtils.java:logGet(43)) - raft.server.snapshot.retention.file.num = 5 (custom)
2019-11-11 20:28:15,436 [pool-550-thread-1] INFO  server.RaftServerConfigKeys (ConfUtils.java:logGet(43)) - raft.server.snapshot.auto.trigger.threshold = 10000 (custom)
2019-11-11 20:28:15,436 [pool-540-thread-1] INFO  server.RaftServerConfigKeys (ConfUtils.java:logGet(43)) - raft.server.retrycache.expirytime = 600000ms (custom)
2019-11-11 20:28:15,436 [pool-550-thread-1] INFO  server.RaftServerConfigKeys (ConfUtils.java:logGet(43)) - raft.server.snapshot.retention.file.num = 5 (custom)
2019-11-11 20:28:15,436 [pool-540-thread-1] WARN  impl.MetricRegistriesImpl (MetricRegistriesImpl.java:lambda$create$1(61)) - First MetricRegistry has been created without registering reporters. You may need to call MetricRegistries.global().addReportRegistration(...) before.
2019-11-11 20:28:15,437 [pool-550-thread-1] INFO  server.RaftServerConfigKeys (ConfUtils.java:logGet(43)) - raft.server.retrycache.expirytime = 600000ms (custom)
2019-11-11 20:28:15,437 [pool-540-thread-1] WARN  impl.MetricRegistriesImpl (MetricRegistriesImpl.java:lambda$create$1(61)) - First MetricRegistry has been created without registering reporters. You may need to call MetricRegistries.global().addReportRegistration(...) before.
2019-11-11 20:28:15,437 [pool-550-thread-1] WARN  impl.MetricRegistriesImpl (MetricRegistriesImpl.java:lambda$create$1(61)) - First MetricRegistry has been created without registering reporters. You may need to call MetricRegistries.global().addReportRegistration(...) before.
2019-11-11 20:28:15,437 [pool-540-thread-1] INFO  impl.RaftServerImpl (RaftServerImpl.java:start(184)) - 0237f4f0-b27e-4420-99a0-7f40e4083ac0@group-F3780F4274D7: start as a follower, conf=-1: [6ca76b85-30a3-47b0-8ec4-51f6d05896eb:192.168.69.124:38205, 0237f4f0-b27e-4420-99a0-7f40e4083ac0:192.168.69.124:41974, 396508a6-021e-4f53-afd2-417daf51af04:192.168.69.124:45746], old=null
2019-11-11 20:28:15,437 [pool-550-thread-1] WARN  impl.MetricRegistriesImpl (MetricRegistriesImpl.java:lambda$create$1(61)) - First MetricRegistry has been created without registering reporters. You may need to call MetricRegistries.global().addReportRegistration(...) before.
2019-11-11 20:28:15,437 [pool-540-thread-1] INFO  impl.RaftServerImpl (RaftServerImpl.java:setRole(173)) - 0237f4f0-b27e-4420-99a0-7f40e4083ac0@group-F3780F4274D7: changes role from      null to FOLLOWER at term 0 for startAsFollower
2019-11-11 20:28:15,437 [pool-550-thread-1] INFO  impl.RaftServerImpl (RaftServerImpl.java:start(184)) - 396508a6-021e-4f53-afd2-417daf51af04@group-F3780F4274D7: start as a follower, conf=-1: [6ca76b85-30a3-47b0-8ec4-51f6d05896eb:192.168.69.124:38205, 0237f4f0-b27e-4420-99a0-7f40e4083ac0:192.168.69.124:41974, 396508a6-021e-4f53-afd2-417daf51af04:192.168.69.124:45746], old=null
2019-11-11 20:28:15,437 [pool-540-thread-1] INFO  impl.RoleInfo (RoleInfo.java:updateAndGet(143)) - 0237f4f0-b27e-4420-99a0-7f40e4083ac0: start FollowerState
2019-11-11 20:28:15,438 [pool-550-thread-1] INFO  impl.RaftServerImpl (RaftServerImpl.java:setRole(173)) - 396508a6-021e-4f53-afd2-417daf51af04@group-F3780F4274D7: changes role from      null to FOLLOWER at term 0 for startAsFollower
2019-11-11 20:28:15,438 [pool-550-thread-1] INFO  impl.RoleInfo (RoleInfo.java:updateAndGet(143)) - 396508a6-021e-4f53-afd2-417daf51af04: start FollowerState
2019-11-11 20:28:15,438 [pool-540-thread-1] INFO  util.JmxRegister (JmxRegister.java:tryRegister(44)) - Successfully registered JMX Bean with object name Ratis:service=RaftServer,group=group-F3780F4274D7,id=0237f4f0-b27e-4420-99a0-7f40e4083ac0
2019-11-11 20:28:15,438 [pool-540-thread-1] WARN  impl.MetricRegistriesImpl (MetricRegistriesImpl.java:lambda$create$1(61)) - First MetricRegistry has been created without registering reporters. You may need to call MetricRegistries.global().addReportRegistration(...) before.
2019-11-11 20:28:15,438 [pool-550-thread-1] INFO  util.JmxRegister (JmxRegister.java:tryRegister(44)) - Successfully registered JMX Bean with object name Ratis:service=RaftServer,group=group-F3780F4274D7,id=396508a6-021e-4f53-afd2-417daf51af04
2019-11-11 20:28:15,438 [pool-550-thread-1] WARN  impl.MetricRegistriesImpl (MetricRegistriesImpl.java:lambda$create$1(61)) - First MetricRegistry has been created without registering reporters. You may need to call MetricRegistries.global().addReportRegistration(...) before.
2019-11-11 20:28:15,441 [RatisPipelineUtilsThread] INFO  pipeline.PipelineStateManager (PipelineStateManager.java:addPipeline(55)) - Created pipeline Pipeline[ Id: e4232824-ac0c-40ce-b260-f3780f4274d7, Nodes: 6ca76b85-30a3-47b0-8ec4-51f6d05896eb{ip: 192.168.69.124, host: pr-hdds-1868-2776b-164702576, networkLocation: /rack1, certSerialId: null}0237f4f0-b27e-4420-99a0-7f40e4083ac0{ip: 192.168.69.124, host: pr-hdds-1868-2776b-164702576, networkLocation: /rack1, certSerialId: null}396508a6-021e-4f53-afd2-417daf51af04{ip: 192.168.69.124, host: pr-hdds-1868-2776b-164702576, networkLocation: /rack1, certSerialId: null}, Type:RATIS, Factor:THREE, State:ALLOCATED]
2019-11-11 20:28:15,450 [IPC Server handler 3 on 38257] INFO  net.NetworkTopology (NetworkTopologyImpl.java:add(111)) - Added a new node: /rack1/fb7bce6a-1cd3-4beb-8a28-448fd0b8448e
2019-11-11 20:28:15,450 [IPC Server handler 3 on 38257] INFO  node.SCMNodeManager (SCMNodeManager.java:register(267)) - Registered Data node : fb7bce6a-1cd3-4beb-8a28-448fd0b8448e{ip: 192.168.69.124, host: pr-hdds-1868-2776b-164702576, networkLocation: /rack1, certSerialId: null}
2019-11-11 20:28:15,456 [grpc-default-executor-8] INFO  impl.RaftServerProxy (RaftServerProxy.java:addNew(89)) - 75be7957-289d-4245-a821-fc5677a0cfb7: addNew group-DCC00F614BE2:[75be7957-289d-4245-a821-fc5677a0cfb7:192.168.69.124:39702] returns group-DCC00F614BE2:java.util.concurrent.CompletableFuture@3450cfce[Not completed]
2019-11-11 20:28:15,457 [pool-570-thread-1] INFO  impl.RaftServerImpl (RaftServerImpl.java:<init>(98)) - 75be7957-289d-4245-a821-fc5677a0cfb7: new RaftServerImpl for group-DCC00F614BE2:[75be7957-289d-4245-a821-fc5677a0cfb7:192.168.69.124:39702] with ContainerStateMachine:uninitialized
2019-11-11 20:28:15,457 [pool-570-thread-1] INFO  server.RaftServerConfigKeys (ConfUtils.java:logGet(43)) - raft.server.rpc.timeout.min = 1s (custom)
2019-11-11 20:28:15,457 [pool-570-thread-1] INFO  server.RaftServerConfigKeys (ConfUtils.java:logGet(43)) - raft.server.rpc.timeout.max = 1200ms (custom)
2019-11-11 20:28:15,457 [pool-570-thread-1] INFO  server.RaftServerConfigKeys (ConfUtils.java:logGet(43)) - raft.server.rpcslowness.timeout = 120s (custom)
2019-11-11 20:28:15,457 [pool-570-thread-1] INFO  server.RaftServerConfigKeys (ConfUtils.java:logGet(43)) - raft.server.sleep.deviation.threshold = 300 (default)
2019-11-11 20:28:15,458 [pool-570-thread-1] INFO  server.RaftServerConfigKeys (ConfUtils.java:logGet(43)) - raft.server.log.appender.install.snapshot.enabled = false (custom)
2019-11-11 20:28:15,458 [pool-570-thread-1] INFO  impl.RaftServerImpl (ServerState.java:<init>(103)) - 75be7957-289d-4245-a821-fc5677a0cfb7@group-DCC00F614BE2: ConfigurationManager, init=-1: [75be7957-289d-4245-a821-fc5677a0cfb7:192.168.69.124:39702], old=null, confs=<EMPTY_MAP>
2019-11-11 20:28:15,458 [pool-570-thread-1] INFO  server.RaftServerConfigKeys (ConfUtils.java:logGet(43)) - raft.server.storage.dir = [/workdir/hadoop-ozone/integration-test/target/test-dir/MiniOzoneClusterImpl-878a1954-6462-47b6-bdcc-bab86c556cb3/datanode-6/data/ratis] (custom)
2019-11-11 20:28:15,458 [pool-570-thread-1] INFO  server.RaftServerConfigKeys (ConfUtils.java:logGet(43)) - raft.server.log.corruption.policy = EXCEPTION (default)
2019-11-11 20:28:15,458 [pool-570-thread-1] INFO  storage.RaftStorageDirectory (RaftStorageDirectory.java:analyzeStorage(246)) - The storage directory /workdir/hadoop-ozone/integration-test/target/test-dir/MiniOzoneClusterImpl-878a1954-6462-47b6-bdcc-bab86c556cb3/datanode-6/data/ratis/6b520e35-210f-4727-a649-dcc00f614be2 does not exist. Creating ...
2019-11-11 20:28:15,481 [pool-570-thread-1] INFO  storage.RaftStorageDirectory (RaftStorageDirectory.java:tryLock(328)) - Lock on /workdir/hadoop-ozone/integration-test/target/test-dir/MiniOzoneClusterImpl-878a1954-6462-47b6-bdcc-bab86c556cb3/datanode-6/data/ratis/6b520e35-210f-4727-a649-dcc00f614be2/in_use.lock acquired by nodename 3817@pr-hdds-1868-2776b-164702576
2019-11-11 20:28:15,505 [pool-570-thread-1] INFO  storage.RaftStorage (RaftStorage.java:format(84)) - Storage directory /workdir/hadoop-ozone/integration-test/target/test-dir/MiniOzoneClusterImpl-878a1954-6462-47b6-bdcc-bab86c556cb3/datanode-6/data/ratis/6b520e35-210f-4727-a649-dcc00f614be2 has been successfully formatted.
2019-11-11 20:28:15,506 [pool-570-thread-1] INFO  ratis.ContainerStateMachine (ContainerStateMachine.java:loadSnapshot(223)) - group-DCC00F614BE2: The snapshot info is null. Setting the last applied indexto:(t:0, i:~)
2019-11-11 20:28:15,506 [pool-570-thread-1] INFO  server.RaftServerConfigKeys (ConfUtils.java:logGet(43)) - raft.server.notification.no-leader.timeout = 120s (custom)
2019-11-11 20:28:15,506 [pool-570-thread-1] INFO  server.RaftServerConfigKeys (ConfUtils.java:logGet(43)) - raft.server.log.use.memory = false (default)
2019-11-11 20:28:15,506 [pool-570-thread-1] INFO  server.RaftServerConfigKeys (ConfUtils.java:logGet(43)) - raft.server.log.purge.gap = 1000000 (custom)
2019-11-11 20:28:15,506 [pool-570-thread-1] INFO  server.RaftServerConfigKeys (ConfUtils.java:logGet(43)) - raft.server.log.appender.buffer.byte-limit = 33554432 (custom)
2019-11-11 20:28:15,506 [pool-570-thread-1] INFO  server.RaftServerConfigKeys (ConfUtils.java:logGet(43)) - raft.server.log.segment.size.max = 1048576 (custom)
2019-11-11 20:28:15,507 [pool-570-thread-1] WARN  impl.MetricRegistriesImpl (MetricRegistriesImpl.java:lambda$create$1(61)) - First MetricRegistry has been created without registering reporters. You may need to call MetricRegistries.global().addReportRegistration(...) before.
2019-11-11 20:28:15,507 [pool-570-thread-1] INFO  server.RaftServerConfigKeys (ConfUtils.java:logGet(43)) - raft.server.log.segment.cache.num.max = 2 (custom)
2019-11-11 20:28:15,507 [pool-570-thread-1] INFO  segmented.SegmentedRaftLogWorker (SegmentedRaftLogWorker.java:<init>(173)) - new 75be7957-289d-4245-a821-fc5677a0cfb7@group-DCC00F614BE2-SegmentedRaftLogWorker for RaftStorage:Storage Directory /workdir/hadoop-ozone/integration-test/target/test-dir/MiniOzoneClusterImpl-878a1954-6462-47b6-bdcc-bab86c556cb3/datanode-6/data/ratis/6b520e35-210f-4727-a649-dcc00f614be2
2019-11-11 20:28:15,507 [pool-570-thread-1] INFO  server.RaftServerConfigKeys (ConfUtils.java:logGet(43)) - raft.server.log.queue.byte-limit = 2147483647 (custom)
2019-11-11 20:28:15,507 [pool-570-thread-1] INFO  server.RaftServerConfigKeys (ConfUtils.java:logGet(43)) - raft.server.log.queue.element-limit = 1024 (custom)
2019-11-11 20:28:15,507 [pool-570-thread-1] INFO  server.RaftServerConfigKeys (ConfUtils.java:logGet(43)) - raft.server.log.segment.size.max = 1048576 (custom)
2019-11-11 20:28:15,507 [pool-570-thread-1] INFO  server.RaftServerConfigKeys (ConfUtils.java:logGet(43)) - raft.server.log.preallocated.size = 16384 (custom)
2019-11-11 20:28:15,507 [pool-570-thread-1] INFO  server.RaftServerConfigKeys (ConfUtils.java:logGet(43)) - raft.server.log.write.buffer.size = 33554432 (custom)
2019-11-11 20:28:15,508 [pool-570-thread-1] INFO  server.RaftServerConfigKeys (ConfUtils.java:logGet(43)) - raft.server.log.force.sync.num = 128 (default)
2019-11-11 20:28:15,508 [pool-570-thread-1] INFO  server.RaftServerConfigKeys (ConfUtils.java:logGet(43)) - raft.server.log.statemachine.data.sync = true (default)
2019-11-11 20:28:15,508 [pool-570-thread-1] INFO  server.RaftServerConfigKeys (ConfUtils.java:logGet(43)) - raft.server.log.statemachine.data.sync.timeout = 10s (default)
2019-11-11 20:28:15,508 [pool-570-thread-1] INFO  server.RaftServerConfigKeys (ConfUtils.java:logGet(43)) - raft.server.log.statemachine.data.sync.timeout.retry = -1 (default)
2019-11-11 20:28:15,508 [pool-570-thread-1] INFO  server.RaftServerConfigKeys (ConfUtils.java:logGet(43)) - raft.server.log.statemachine.data.caching.enabled = true (custom)
2019-11-11 20:28:15,508 [pool-570-thread-1] INFO  segmented.SegmentedRaftLogWorker (SegmentedRaftLogWorker.java:lambda$new$0(128)) - 75be7957-289d-4245-a821-fc5677a0cfb7@group-DCC00F614BE2-SegmentedRaftLogWorker: flushIndex: setUnconditionally 0 -> -1
2019-11-11 20:28:15,509 [pool-570-thread-1] INFO  server.RaftServerConfigKeys (ConfUtils.java:logGet(43)) - raft.server.snapshot.auto.trigger.enabled = true (custom)
2019-11-11 20:28:15,509 [pool-570-thread-1] INFO  server.RaftServerConfigKeys (ConfUtils.java:logGet(43)) - raft.server.snapshot.auto.trigger.threshold = 10000 (custom)
2019-11-11 20:28:15,509 [pool-570-thread-1] INFO  server.RaftServerConfigKeys (ConfUtils.java:logGet(43)) - raft.server.snapshot.retention.file.num = 5 (custom)
2019-11-11 20:28:15,509 [pool-570-thread-1] INFO  server.RaftServerConfigKeys (ConfUtils.java:logGet(43)) - raft.server.retrycache.expirytime = 600000ms (custom)
2019-11-11 20:28:15,509 [pool-570-thread-1] WARN  impl.MetricRegistriesImpl (MetricRegistriesImpl.java:lambda$create$1(61)) - First MetricRegistry has been created without registering reporters. You may need to call MetricRegistries.global().addReportRegistration(...) before.
2019-11-11 20:28:15,510 [pool-570-thread-1] WARN  impl.MetricRegistriesImpl (MetricRegistriesImpl.java:lambda$create$1(61)) - First MetricRegistry has been created without registering reporters. You may need to call MetricRegistries.global().addReportRegistration(...) before.
2019-11-11 20:28:15,510 [pool-570-thread-1] INFO  impl.RaftServerImpl (RaftServerImpl.java:start(184)) - 75be7957-289d-4245-a821-fc5677a0cfb7@group-DCC00F614BE2: start as a follower, conf=-1: [75be7957-289d-4245-a821-fc5677a0cfb7:192.168.69.124:39702], old=null
2019-11-11 20:28:15,510 [pool-570-thread-1] INFO  impl.RaftServerImpl (RaftServerImpl.java:setRole(173)) - 75be7957-289d-4245-a821-fc5677a0cfb7@group-DCC00F614BE2: changes role from      null to FOLLOWER at term 0 for startAsFollower
2019-11-11 20:28:15,510 [pool-570-thread-1] INFO  impl.RoleInfo (RoleInfo.java:updateAndGet(143)) - 75be7957-289d-4245-a821-fc5677a0cfb7: start FollowerState
2019-11-11 20:28:15,510 [pool-570-thread-1] INFO  util.JmxRegister (JmxRegister.java:tryRegister(44)) - Successfully registered JMX Bean with object name Ratis:service=RaftServer,group=group-DCC00F614BE2,id=75be7957-289d-4245-a821-fc5677a0cfb7
2019-11-11 20:28:15,510 [pool-570-thread-1] WARN  impl.MetricRegistriesImpl (MetricRegistriesImpl.java:lambda$create$1(61)) - First MetricRegistry has been created without registering reporters. You may need to call MetricRegistries.global().addReportRegistration(...) before.
2019-11-11 20:28:15,513 [RatisPipelineUtilsThread] INFO  pipeline.PipelineStateManager (PipelineStateManager.java:addPipeline(55)) - Created pipeline Pipeline[ Id: 6b520e35-210f-4727-a649-dcc00f614be2, Nodes: 75be7957-289d-4245-a821-fc5677a0cfb7{ip: 192.168.69.124, host: pr-hdds-1868-2776b-164702576, networkLocation: /rack1, certSerialId: null}, Type:RATIS, Factor:ONE, State:ALLOCATED]
2019-11-11 20:28:15,519 [grpc-default-executor-8] INFO  impl.RaftServerProxy (RaftServerProxy.java:addNew(89)) - fb7bce6a-1cd3-4beb-8a28-448fd0b8448e: addNew group-DD97666EF66C:[fb7bce6a-1cd3-4beb-8a28-448fd0b8448e:192.168.69.124:37289] returns group-DD97666EF66C:java.util.concurrent.CompletableFuture@1191655b[Not completed]
2019-11-11 20:28:15,520 [pool-580-thread-1] INFO  impl.RaftServerImpl (RaftServerImpl.java:<init>(98)) - fb7bce6a-1cd3-4beb-8a28-448fd0b8448e: new RaftServerImpl for group-DD97666EF66C:[fb7bce6a-1cd3-4beb-8a28-448fd0b8448e:192.168.69.124:37289] with ContainerStateMachine:uninitialized
2019-11-11 20:28:15,521 [pool-580-thread-1] INFO  server.RaftServerConfigKeys (ConfUtils.java:logGet(43)) - raft.server.rpc.timeout.min = 1s (custom)
2019-11-11 20:28:15,521 [pool-580-thread-1] INFO  server.RaftServerConfigKeys (ConfUtils.java:logGet(43)) - raft.server.rpc.timeout.max = 1200ms (custom)
2019-11-11 20:28:15,521 [pool-580-thread-1] INFO  server.RaftServerConfigKeys (ConfUtils.java:logGet(43)) - raft.server.rpcslowness.timeout = 120s (custom)
2019-11-11 20:28:15,521 [pool-580-thread-1] INFO  server.RaftServerConfigKeys (ConfUtils.java:logGet(43)) - raft.server.sleep.deviation.threshold = 300 (default)
2019-11-11 20:28:15,521 [pool-580-thread-1] INFO  server.RaftServerConfigKeys (ConfUtils.java:logGet(43)) - raft.server.log.appender.install.snapshot.enabled = false (custom)
2019-11-11 20:28:15,521 [pool-580-thread-1] INFO  impl.RaftServerImpl (ServerState.java:<init>(103)) - fb7bce6a-1cd3-4beb-8a28-448fd0b8448e@group-DD97666EF66C: ConfigurationManager, init=-1: [fb7bce6a-1cd3-4beb-8a28-448fd0b8448e:192.168.69.124:37289], old=null, confs=<EMPTY_MAP>
2019-11-11 20:28:15,521 [pool-580-thread-1] INFO  server.RaftServerConfigKeys (ConfUtils.java:logGet(43)) - raft.server.storage.dir = [/workdir/hadoop-ozone/integration-test/target/test-dir/MiniOzoneClusterImpl-878a1954-6462-47b6-bdcc-bab86c556cb3/datanode-7/data/ratis] (custom)
2019-11-11 20:28:15,521 [pool-580-thread-1] INFO  server.RaftServerConfigKeys (ConfUtils.java:logGet(43)) - raft.server.log.corruption.policy = EXCEPTION (default)
2019-11-11 20:28:15,522 [pool-580-thread-1] INFO  storage.RaftStorageDirectory (RaftStorageDirectory.java:analyzeStorage(246)) - The storage directory /workdir/hadoop-ozone/integration-test/target/test-dir/MiniOzoneClusterImpl-878a1954-6462-47b6-bdcc-bab86c556cb3/datanode-7/data/ratis/8b82e9ce-d51a-482c-b1b2-dd97666ef66c does not exist. Creating ...
2019-11-11 20:28:15,545 [pool-580-thread-1] INFO  storage.RaftStorageDirectory (RaftStorageDirectory.java:tryLock(328)) - Lock on /workdir/hadoop-ozone/integration-test/target/test-dir/MiniOzoneClusterImpl-878a1954-6462-47b6-bdcc-bab86c556cb3/datanode-7/data/ratis/8b82e9ce-d51a-482c-b1b2-dd97666ef66c/in_use.lock acquired by nodename 3817@pr-hdds-1868-2776b-164702576
2019-11-11 20:28:15,564 [pool-580-thread-1] INFO  storage.RaftStorage (RaftStorage.java:format(84)) - Storage directory /workdir/hadoop-ozone/integration-test/target/test-dir/MiniOzoneClusterImpl-878a1954-6462-47b6-bdcc-bab86c556cb3/datanode-7/data/ratis/8b82e9ce-d51a-482c-b1b2-dd97666ef66c has been successfully formatted.
2019-11-11 20:28:15,564 [pool-580-thread-1] INFO  ratis.ContainerStateMachine (ContainerStateMachine.java:loadSnapshot(223)) - group-DD97666EF66C: The snapshot info is null. Setting the last applied indexto:(t:0, i:~)
2019-11-11 20:28:15,565 [pool-580-thread-1] INFO  server.RaftServerConfigKeys (ConfUtils.java:logGet(43)) - raft.server.notification.no-leader.timeout = 120s (custom)
2019-11-11 20:28:15,565 [pool-580-thread-1] INFO  server.RaftServerConfigKeys (ConfUtils.java:logGet(43)) - raft.server.log.use.memory = false (default)
2019-11-11 20:28:15,565 [pool-580-thread-1] INFO  server.RaftServerConfigKeys (ConfUtils.java:logGet(43)) - raft.server.log.purge.gap = 1000000 (custom)
2019-11-11 20:28:15,565 [pool-580-thread-1] INFO  server.RaftServerConfigKeys (ConfUtils.java:logGet(43)) - raft.server.log.appender.buffer.byte-limit = 33554432 (custom)
2019-11-11 20:28:15,565 [pool-580-thread-1] INFO  server.RaftServerConfigKeys (ConfUtils.java:logGet(43)) - raft.server.log.segment.size.max = 1048576 (custom)
2019-11-11 20:28:15,565 [pool-580-thread-1] WARN  impl.MetricRegistriesImpl (MetricRegistriesImpl.java:lambda$create$1(61)) - First MetricRegistry has been created without registering reporters. You may need to call MetricRegistries.global().addReportRegistration(...) before.
2019-11-11 20:28:15,565 [pool-580-thread-1] INFO  server.RaftServerConfigKeys (ConfUtils.java:logGet(43)) - raft.server.log.segment.cache.num.max = 2 (custom)
2019-11-11 20:28:15,565 [pool-580-thread-1] INFO  segmented.SegmentedRaftLogWorker (SegmentedRaftLogWorker.java:<init>(173)) - new fb7bce6a-1cd3-4beb-8a28-448fd0b8448e@group-DD97666EF66C-SegmentedRaftLogWorker for RaftStorage:Storage Directory /workdir/hadoop-ozone/integration-test/target/test-dir/MiniOzoneClusterImpl-878a1954-6462-47b6-bdcc-bab86c556cb3/datanode-7/data/ratis/8b82e9ce-d51a-482c-b1b2-dd97666ef66c
2019-11-11 20:28:15,565 [pool-580-thread-1] INFO  server.RaftServerConfigKeys (ConfUtils.java:logGet(43)) - raft.server.log.queue.byte-limit = 2147483647 (custom)
2019-11-11 20:28:15,565 [pool-580-thread-1] INFO  server.RaftServerConfigKeys (ConfUtils.java:logGet(43)) - raft.server.log.queue.element-limit = 1024 (custom)
2019-11-11 20:28:15,565 [pool-580-thread-1] INFO  server.RaftServerConfigKeys (ConfUtils.java:logGet(43)) - raft.server.log.segment.size.max = 1048576 (custom)
2019-11-11 20:28:15,565 [pool-580-thread-1] INFO  server.RaftServerConfigKeys (ConfUtils.java:logGet(43)) - raft.server.log.preallocated.size = 16384 (custom)
2019-11-11 20:28:15,566 [pool-580-thread-1] INFO  server.RaftServerConfigKeys (ConfUtils.java:logGet(43)) - raft.server.log.write.buffer.size = 33554432 (custom)
2019-11-11 20:28:15,566 [pool-580-thread-1] INFO  server.RaftServerConfigKeys (ConfUtils.java:logGet(43)) - raft.server.log.force.sync.num = 128 (default)
2019-11-11 20:28:15,566 [pool-580-thread-1] INFO  server.RaftServerConfigKeys (ConfUtils.java:logGet(43)) - raft.server.log.statemachine.data.sync = true (default)
2019-11-11 20:28:15,566 [pool-580-thread-1] INFO  server.RaftServerConfigKeys (ConfUtils.java:logGet(43)) - raft.server.log.statemachine.data.sync.timeout = 10s (default)
2019-11-11 20:28:15,566 [pool-580-thread-1] INFO  server.RaftServerConfigKeys (ConfUtils.java:logGet(43)) - raft.server.log.statemachine.data.sync.timeout.retry = -1 (default)
2019-11-11 20:28:15,566 [pool-580-thread-1] INFO  server.RaftServerConfigKeys (ConfUtils.java:logGet(43)) - raft.server.log.statemachine.data.caching.enabled = true (custom)
2019-11-11 20:28:15,566 [pool-580-thread-1] INFO  segmented.SegmentedRaftLogWorker (SegmentedRaftLogWorker.java:lambda$new$0(128)) - fb7bce6a-1cd3-4beb-8a28-448fd0b8448e@group-DD97666EF66C-SegmentedRaftLogWorker: flushIndex: setUnconditionally 0 -> -1
2019-11-11 20:28:15,566 [pool-580-thread-1] INFO  server.RaftServerConfigKeys (ConfUtils.java:logGet(43)) - raft.server.snapshot.auto.trigger.enabled = true (custom)
2019-11-11 20:28:15,566 [pool-580-thread-1] INFO  server.RaftServerConfigKeys (ConfUtils.java:logGet(43)) - raft.server.snapshot.auto.trigger.threshold = 10000 (custom)
2019-11-11 20:28:15,567 [pool-580-thread-1] INFO  server.RaftServerConfigKeys (ConfUtils.java:logGet(43)) - raft.server.snapshot.retention.file.num = 5 (custom)
2019-11-11 20:28:15,567 [pool-580-thread-1] INFO  server.RaftServerConfigKeys (ConfUtils.java:logGet(43)) - raft.server.retrycache.expirytime = 600000ms (custom)
2019-11-11 20:28:15,567 [pool-580-thread-1] WARN  impl.MetricRegistriesImpl (MetricRegistriesImpl.java:lambda$create$1(61)) - First MetricRegistry has been created without registering reporters. You may need to call MetricRegistries.global().addReportRegistration(...) before.
2019-11-11 20:28:15,567 [pool-580-thread-1] WARN  impl.MetricRegistriesImpl (MetricRegistriesImpl.java:lambda$create$1(61)) - First MetricRegistry has been created without registering reporters. You may need to call MetricRegistries.global().addReportRegistration(...) before.
2019-11-11 20:28:15,567 [pool-580-thread-1] INFO  impl.RaftServerImpl (RaftServerImpl.java:start(184)) - fb7bce6a-1cd3-4beb-8a28-448fd0b8448e@group-DD97666EF66C: start as a follower, conf=-1: [fb7bce6a-1cd3-4beb-8a28-448fd0b8448e:192.168.69.124:37289], old=null
2019-11-11 20:28:15,567 [pool-580-thread-1] INFO  impl.RaftServerImpl (RaftServerImpl.java:setRole(173)) - fb7bce6a-1cd3-4beb-8a28-448fd0b8448e@group-DD97666EF66C: changes role from      null to FOLLOWER at term 0 for startAsFollower
2019-11-11 20:28:15,567 [pool-580-thread-1] INFO  impl.RoleInfo (RoleInfo.java:updateAndGet(143)) - fb7bce6a-1cd3-4beb-8a28-448fd0b8448e: start FollowerState
2019-11-11 20:28:15,567 [IPC Server handler 19 on 38257] INFO  net.NetworkTopology (NetworkTopologyImpl.java:add(111)) - Added a new node: /rack1/3cc51d6b-e891-4e52-b01b-ce9c9a895fa2
2019-11-11 20:28:15,568 [pool-580-thread-1] INFO  util.JmxRegister (JmxRegister.java:tryRegister(44)) - Successfully registered JMX Bean with object name Ratis:service=RaftServer,group=group-DD97666EF66C,id=fb7bce6a-1cd3-4beb-8a28-448fd0b8448e
2019-11-11 20:28:15,568 [IPC Server handler 19 on 38257] INFO  node.SCMNodeManager (SCMNodeManager.java:register(267)) - Registered Data node : 3cc51d6b-e891-4e52-b01b-ce9c9a895fa2{ip: 192.168.69.124, host: pr-hdds-1868-2776b-164702576, networkLocation: /rack1, certSerialId: null}
2019-11-11 20:28:15,568 [pool-580-thread-1] WARN  impl.MetricRegistriesImpl (MetricRegistriesImpl.java:lambda$create$1(61)) - First MetricRegistry has been created without registering reporters. You may need to call MetricRegistries.global().addReportRegistration(...) before.
2019-11-11 20:28:15,570 [RatisPipelineUtilsThread] INFO  pipeline.PipelineStateManager (PipelineStateManager.java:addPipeline(55)) - Created pipeline Pipeline[ Id: 8b82e9ce-d51a-482c-b1b2-dd97666ef66c, Nodes: fb7bce6a-1cd3-4beb-8a28-448fd0b8448e{ip: 192.168.69.124, host: pr-hdds-1868-2776b-164702576, networkLocation: /rack1, certSerialId: null}, Type:RATIS, Factor:ONE, State:ALLOCATED]
2019-11-11 20:28:15,577 [grpc-default-executor-8] INFO  impl.RaftServerProxy (RaftServerProxy.java:addNew(89)) - 3cc51d6b-e891-4e52-b01b-ce9c9a895fa2: addNew group-9EEA062F4D87:[3cc51d6b-e891-4e52-b01b-ce9c9a895fa2:192.168.69.124:45920] returns group-9EEA062F4D87:java.util.concurrent.CompletableFuture@53536bc0[Not completed]
2019-11-11 20:28:15,579 [pool-590-thread-1] INFO  impl.RaftServerImpl (RaftServerImpl.java:<init>(98)) - 3cc51d6b-e891-4e52-b01b-ce9c9a895fa2: new RaftServerImpl for group-9EEA062F4D87:[3cc51d6b-e891-4e52-b01b-ce9c9a895fa2:192.168.69.124:45920] with ContainerStateMachine:uninitialized
2019-11-11 20:28:15,579 [pool-590-thread-1] INFO  server.RaftServerConfigKeys (ConfUtils.java:logGet(43)) - raft.server.rpc.timeout.min = 1s (custom)
2019-11-11 20:28:15,579 [pool-590-thread-1] INFO  server.RaftServerConfigKeys (ConfUtils.java:logGet(43)) - raft.server.rpc.timeout.max = 1200ms (custom)
2019-11-11 20:28:15,579 [pool-590-thread-1] INFO  server.RaftServerConfigKeys (ConfUtils.java:logGet(43)) - raft.server.rpcslowness.timeout = 120s (custom)
2019-11-11 20:28:15,579 [pool-590-thread-1] INFO  server.RaftServerConfigKeys (ConfUtils.java:logGet(43)) - raft.server.sleep.deviation.threshold = 300 (default)
2019-11-11 20:28:15,579 [pool-590-thread-1] INFO  server.RaftServerConfigKeys (ConfUtils.java:logGet(43)) - raft.server.log.appender.install.snapshot.enabled = false (custom)
2019-11-11 20:28:15,579 [pool-590-thread-1] INFO  impl.RaftServerImpl (ServerState.java:<init>(103)) - 3cc51d6b-e891-4e52-b01b-ce9c9a895fa2@group-9EEA062F4D87: ConfigurationManager, init=-1: [3cc51d6b-e891-4e52-b01b-ce9c9a895fa2:192.168.69.124:45920], old=null, confs=<EMPTY_MAP>
2019-11-11 20:28:15,580 [pool-590-thread-1] INFO  server.RaftServerConfigKeys (ConfUtils.java:logGet(43)) - raft.server.storage.dir = [/workdir/hadoop-ozone/integration-test/target/test-dir/MiniOzoneClusterImpl-878a1954-6462-47b6-bdcc-bab86c556cb3/datanode-8/data/ratis] (custom)
2019-11-11 20:28:15,580 [pool-590-thread-1] INFO  server.RaftServerConfigKeys (ConfUtils.java:logGet(43)) - raft.server.log.corruption.policy = EXCEPTION (default)
2019-11-11 20:28:15,580 [pool-590-thread-1] INFO  storage.RaftStorageDirectory (RaftStorageDirectory.java:analyzeStorage(246)) - The storage directory /workdir/hadoop-ozone/integration-test/target/test-dir/MiniOzoneClusterImpl-878a1954-6462-47b6-bdcc-bab86c556cb3/datanode-8/data/ratis/b4b2a01e-4966-4b6b-afcb-9eea062f4d87 does not exist. Creating ...
2019-11-11 20:28:15,602 [pool-590-thread-1] INFO  storage.RaftStorageDirectory (RaftStorageDirectory.java:tryLock(328)) - Lock on /workdir/hadoop-ozone/integration-test/target/test-dir/MiniOzoneClusterImpl-878a1954-6462-47b6-bdcc-bab86c556cb3/datanode-8/data/ratis/b4b2a01e-4966-4b6b-afcb-9eea062f4d87/in_use.lock acquired by nodename 3817@pr-hdds-1868-2776b-164702576
2019-11-11 20:28:15,636 [IPC Server handler 17 on 38257] INFO  net.NetworkTopology (NetworkTopologyImpl.java:add(111)) - Added a new node: /rack1/4ee8c297-07ef-4ca0-9e53-65cba3c36712
2019-11-11 20:28:15,636 [IPC Server handler 17 on 38257] INFO  node.SCMNodeManager (SCMNodeManager.java:register(267)) - Registered Data node : 4ee8c297-07ef-4ca0-9e53-65cba3c36712{ip: 192.168.69.124, host: pr-hdds-1868-2776b-164702576, networkLocation: /rack1, certSerialId: null}
2019-11-11 20:28:15,642 [pool-590-thread-1] INFO  storage.RaftStorage (RaftStorage.java:format(84)) - Storage directory /workdir/hadoop-ozone/integration-test/target/test-dir/MiniOzoneClusterImpl-878a1954-6462-47b6-bdcc-bab86c556cb3/datanode-8/data/ratis/b4b2a01e-4966-4b6b-afcb-9eea062f4d87 has been successfully formatted.
2019-11-11 20:28:15,643 [pool-590-thread-1] INFO  ratis.ContainerStateMachine (ContainerStateMachine.java:loadSnapshot(223)) - group-9EEA062F4D87: The snapshot info is null. Setting the last applied indexto:(t:0, i:~)
2019-11-11 20:28:15,643 [pool-590-thread-1] INFO  server.RaftServerConfigKeys (ConfUtils.java:logGet(43)) - raft.server.notification.no-leader.timeout = 120s (custom)
2019-11-11 20:28:15,643 [pool-590-thread-1] INFO  server.RaftServerConfigKeys (ConfUtils.java:logGet(43)) - raft.server.log.use.memory = false (default)
2019-11-11 20:28:15,643 [pool-590-thread-1] INFO  server.RaftServerConfigKeys (ConfUtils.java:logGet(43)) - raft.server.log.purge.gap = 1000000 (custom)
2019-11-11 20:28:15,643 [pool-590-thread-1] INFO  server.RaftServerConfigKeys (ConfUtils.java:logGet(43)) - raft.server.log.appender.buffer.byte-limit = 33554432 (custom)
2019-11-11 20:28:15,643 [pool-590-thread-1] INFO  server.RaftServerConfigKeys (ConfUtils.java:logGet(43)) - raft.server.log.segment.size.max = 1048576 (custom)
2019-11-11 20:28:15,643 [pool-590-thread-1] WARN  impl.MetricRegistriesImpl (MetricRegistriesImpl.java:lambda$create$1(61)) - First MetricRegistry has been created without registering reporters. You may need to call MetricRegistries.global().addReportRegistration(...) before.
2019-11-11 20:28:15,643 [pool-590-thread-1] INFO  server.RaftServerConfigKeys (ConfUtils.java:logGet(43)) - raft.server.log.segment.cache.num.max = 2 (custom)
2019-11-11 20:28:15,644 [pool-590-thread-1] INFO  segmented.SegmentedRaftLogWorker (SegmentedRaftLogWorker.java:<init>(173)) - new 3cc51d6b-e891-4e52-b01b-ce9c9a895fa2@group-9EEA062F4D87-SegmentedRaftLogWorker for RaftStorage:Storage Directory /workdir/hadoop-ozone/integration-test/target/test-dir/MiniOzoneClusterImpl-878a1954-6462-47b6-bdcc-bab86c556cb3/datanode-8/data/ratis/b4b2a01e-4966-4b6b-afcb-9eea062f4d87
2019-11-11 20:28:15,644 [pool-590-thread-1] INFO  server.RaftServerConfigKeys (ConfUtils.java:logGet(43)) - raft.server.log.queue.byte-limit = 2147483647 (custom)
2019-11-11 20:28:15,644 [pool-590-thread-1] INFO  server.RaftServerConfigKeys (ConfUtils.java:logGet(43)) - raft.server.log.queue.element-limit = 1024 (custom)
2019-11-11 20:28:15,644 [pool-590-thread-1] INFO  server.RaftServerConfigKeys (ConfUtils.java:logGet(43)) - raft.server.log.segment.size.max = 1048576 (custom)
2019-11-11 20:28:15,644 [pool-590-thread-1] INFO  server.RaftServerConfigKeys (ConfUtils.java:logGet(43)) - raft.server.log.preallocated.size = 16384 (custom)
2019-11-11 20:28:15,644 [pool-590-thread-1] INFO  server.RaftServerConfigKeys (ConfUtils.java:logGet(43)) - raft.server.log.write.buffer.size = 33554432 (custom)
2019-11-11 20:28:15,644 [pool-590-thread-1] INFO  server.RaftServerConfigKeys (ConfUtils.java:logGet(43)) - raft.server.log.force.sync.num = 128 (default)
2019-11-11 20:28:15,644 [pool-590-thread-1] INFO  server.RaftServerConfigKeys (ConfUtils.java:logGet(43)) - raft.server.log.statemachine.data.sync = true (default)
2019-11-11 20:28:15,644 [pool-590-thread-1] INFO  server.RaftServerConfigKeys (ConfUtils.java:logGet(43)) - raft.server.log.statemachine.data.sync.timeout = 10s (default)
2019-11-11 20:28:15,644 [pool-590-thread-1] INFO  server.RaftServerConfigKeys (ConfUtils.java:logGet(43)) - raft.server.log.statemachine.data.sync.timeout.retry = -1 (default)
2019-11-11 20:28:15,645 [pool-590-thread-1] INFO  server.RaftServerConfigKeys (ConfUtils.java:logGet(43)) - raft.server.log.statemachine.data.caching.enabled = true (custom)
2019-11-11 20:28:15,645 [pool-590-thread-1] INFO  segmented.SegmentedRaftLogWorker (SegmentedRaftLogWorker.java:lambda$new$0(128)) - 3cc51d6b-e891-4e52-b01b-ce9c9a895fa2@group-9EEA062F4D87-SegmentedRaftLogWorker: flushIndex: setUnconditionally 0 -> -1
2019-11-11 20:28:15,645 [pool-590-thread-1] INFO  server.RaftServerConfigKeys (ConfUtils.java:logGet(43)) - raft.server.snapshot.auto.trigger.enabled = true (custom)
2019-11-11 20:28:15,645 [pool-590-thread-1] INFO  server.RaftServerConfigKeys (ConfUtils.java:logGet(43)) - raft.server.snapshot.auto.trigger.threshold = 10000 (custom)
2019-11-11 20:28:15,645 [pool-590-thread-1] INFO  server.RaftServerConfigKeys (ConfUtils.java:logGet(43)) - raft.server.snapshot.retention.file.num = 5 (custom)
2019-11-11 20:28:15,646 [pool-590-thread-1] INFO  server.RaftServerConfigKeys (ConfUtils.java:logGet(43)) - raft.server.retrycache.expirytime = 600000ms (custom)
2019-11-11 20:28:15,646 [pool-590-thread-1] WARN  impl.MetricRegistriesImpl (MetricRegistriesImpl.java:lambda$create$1(61)) - First MetricRegistry has been created without registering reporters. You may need to call MetricRegistries.global().addReportRegistration(...) before.
2019-11-11 20:28:15,646 [pool-590-thread-1] WARN  impl.MetricRegistriesImpl (MetricRegistriesImpl.java:lambda$create$1(61)) - First MetricRegistry has been created without registering reporters. You may need to call MetricRegistries.global().addReportRegistration(...) before.
2019-11-11 20:28:15,646 [pool-590-thread-1] INFO  impl.RaftServerImpl (RaftServerImpl.java:start(184)) - 3cc51d6b-e891-4e52-b01b-ce9c9a895fa2@group-9EEA062F4D87: start as a follower, conf=-1: [3cc51d6b-e891-4e52-b01b-ce9c9a895fa2:192.168.69.124:45920], old=null
2019-11-11 20:28:15,646 [pool-590-thread-1] INFO  impl.RaftServerImpl (RaftServerImpl.java:setRole(173)) - 3cc51d6b-e891-4e52-b01b-ce9c9a895fa2@group-9EEA062F4D87: changes role from      null to FOLLOWER at term 0 for startAsFollower
2019-11-11 20:28:15,646 [pool-590-thread-1] INFO  impl.RoleInfo (RoleInfo.java:updateAndGet(143)) - 3cc51d6b-e891-4e52-b01b-ce9c9a895fa2: start FollowerState
2019-11-11 20:28:15,647 [pool-590-thread-1] INFO  util.JmxRegister (JmxRegister.java:tryRegister(44)) - Successfully registered JMX Bean with object name Ratis:service=RaftServer,group=group-9EEA062F4D87,id=3cc51d6b-e891-4e52-b01b-ce9c9a895fa2
2019-11-11 20:28:15,647 [pool-590-thread-1] WARN  impl.MetricRegistriesImpl (MetricRegistriesImpl.java:lambda$create$1(61)) - First MetricRegistry has been created without registering reporters. You may need to call MetricRegistries.global().addReportRegistration(...) before.
2019-11-11 20:28:15,649 [RatisPipelineUtilsThread] INFO  pipeline.PipelineStateManager (PipelineStateManager.java:addPipeline(55)) - Created pipeline Pipeline[ Id: b4b2a01e-4966-4b6b-afcb-9eea062f4d87, Nodes: 3cc51d6b-e891-4e52-b01b-ce9c9a895fa2{ip: 192.168.69.124, host: pr-hdds-1868-2776b-164702576, networkLocation: /rack1, certSerialId: null}, Type:RATIS, Factor:ONE, State:ALLOCATED]
2019-11-11 20:28:15,656 [grpc-default-executor-8] INFO  impl.RaftServerProxy (RaftServerProxy.java:addNew(89)) - 4ee8c297-07ef-4ca0-9e53-65cba3c36712: addNew group-CFD70872C0D0:[4ee8c297-07ef-4ca0-9e53-65cba3c36712:192.168.69.124:36407] returns group-CFD70872C0D0:java.util.concurrent.CompletableFuture@b2cdcc[Not completed]
2019-11-11 20:28:15,657 [pool-600-thread-1] INFO  impl.RaftServerImpl (RaftServerImpl.java:<init>(98)) - 4ee8c297-07ef-4ca0-9e53-65cba3c36712: new RaftServerImpl for group-CFD70872C0D0:[4ee8c297-07ef-4ca0-9e53-65cba3c36712:192.168.69.124:36407] with ContainerStateMachine:uninitialized
2019-11-11 20:28:15,657 [pool-600-thread-1] INFO  server.RaftServerConfigKeys (ConfUtils.java:logGet(43)) - raft.server.rpc.timeout.min = 1s (custom)
2019-11-11 20:28:15,657 [pool-600-thread-1] INFO  server.RaftServerConfigKeys (ConfUtils.java:logGet(43)) - raft.server.rpc.timeout.max = 1200ms (custom)
2019-11-11 20:28:15,657 [pool-600-thread-1] INFO  server.RaftServerConfigKeys (ConfUtils.java:logGet(43)) - raft.server.rpcslowness.timeout = 120s (custom)
2019-11-11 20:28:15,658 [pool-600-thread-1] INFO  server.RaftServerConfigKeys (ConfUtils.java:logGet(43)) - raft.server.sleep.deviation.threshold = 300 (default)
2019-11-11 20:28:15,658 [pool-600-thread-1] INFO  server.RaftServerConfigKeys (ConfUtils.java:logGet(43)) - raft.server.log.appender.install.snapshot.enabled = false (custom)
2019-11-11 20:28:15,658 [pool-600-thread-1] INFO  impl.RaftServerImpl (ServerState.java:<init>(103)) - 4ee8c297-07ef-4ca0-9e53-65cba3c36712@group-CFD70872C0D0: ConfigurationManager, init=-1: [4ee8c297-07ef-4ca0-9e53-65cba3c36712:192.168.69.124:36407], old=null, confs=<EMPTY_MAP>
2019-11-11 20:28:15,658 [pool-600-thread-1] INFO  server.RaftServerConfigKeys (ConfUtils.java:logGet(43)) - raft.server.storage.dir = [/workdir/hadoop-ozone/integration-test/target/test-dir/MiniOzoneClusterImpl-878a1954-6462-47b6-bdcc-bab86c556cb3/datanode-9/data/ratis] (custom)
2019-11-11 20:28:15,658 [pool-600-thread-1] INFO  server.RaftServerConfigKeys (ConfUtils.java:logGet(43)) - raft.server.log.corruption.policy = EXCEPTION (default)
2019-11-11 20:28:15,658 [pool-600-thread-1] INFO  storage.RaftStorageDirectory (RaftStorageDirectory.java:analyzeStorage(246)) - The storage directory /workdir/hadoop-ozone/integration-test/target/test-dir/MiniOzoneClusterImpl-878a1954-6462-47b6-bdcc-bab86c556cb3/datanode-9/data/ratis/e080d1c6-7852-4bfb-9be8-cfd70872c0d0 does not exist. Creating ...
2019-11-11 20:28:15,685 [pool-600-thread-1] INFO  storage.RaftStorageDirectory (RaftStorageDirectory.java:tryLock(328)) - Lock on /workdir/hadoop-ozone/integration-test/target/test-dir/MiniOzoneClusterImpl-878a1954-6462-47b6-bdcc-bab86c556cb3/datanode-9/data/ratis/e080d1c6-7852-4bfb-9be8-cfd70872c0d0/in_use.lock acquired by nodename 3817@pr-hdds-1868-2776b-164702576
2019-11-11 20:28:15,702 [pool-600-thread-1] INFO  storage.RaftStorage (RaftStorage.java:format(84)) - Storage directory /workdir/hadoop-ozone/integration-test/target/test-dir/MiniOzoneClusterImpl-878a1954-6462-47b6-bdcc-bab86c556cb3/datanode-9/data/ratis/e080d1c6-7852-4bfb-9be8-cfd70872c0d0 has been successfully formatted.
2019-11-11 20:28:15,702 [pool-600-thread-1] INFO  ratis.ContainerStateMachine (ContainerStateMachine.java:loadSnapshot(223)) - group-CFD70872C0D0: The snapshot info is null. Setting the last applied indexto:(t:0, i:~)
2019-11-11 20:28:15,703 [pool-600-thread-1] INFO  server.RaftServerConfigKeys (ConfUtils.java:logGet(43)) - raft.server.notification.no-leader.timeout = 120s (custom)
2019-11-11 20:28:15,703 [pool-600-thread-1] INFO  server.RaftServerConfigKeys (ConfUtils.java:logGet(43)) - raft.server.log.use.memory = false (default)
2019-11-11 20:28:15,703 [pool-600-thread-1] INFO  server.RaftServerConfigKeys (ConfUtils.java:logGet(43)) - raft.server.log.purge.gap = 1000000 (custom)
2019-11-11 20:28:15,703 [pool-600-thread-1] INFO  server.RaftServerConfigKeys (ConfUtils.java:logGet(43)) - raft.server.log.appender.buffer.byte-limit = 33554432 (custom)
2019-11-11 20:28:15,703 [pool-600-thread-1] INFO  server.RaftServerConfigKeys (ConfUtils.java:logGet(43)) - raft.server.log.segment.size.max = 1048576 (custom)
2019-11-11 20:28:15,703 [pool-600-thread-1] WARN  impl.MetricRegistriesImpl (MetricRegistriesImpl.java:lambda$create$1(61)) - First MetricRegistry has been created without registering reporters. You may need to call MetricRegistries.global().addReportRegistration(...) before.
2019-11-11 20:28:15,703 [pool-600-thread-1] INFO  server.RaftServerConfigKeys (ConfUtils.java:logGet(43)) - raft.server.log.segment.cache.num.max = 2 (custom)
2019-11-11 20:28:15,703 [pool-600-thread-1] INFO  segmented.SegmentedRaftLogWorker (SegmentedRaftLogWorker.java:<init>(173)) - new 4ee8c297-07ef-4ca0-9e53-65cba3c36712@group-CFD70872C0D0-SegmentedRaftLogWorker for RaftStorage:Storage Directory /workdir/hadoop-ozone/integration-test/target/test-dir/MiniOzoneClusterImpl-878a1954-6462-47b6-bdcc-bab86c556cb3/datanode-9/data/ratis/e080d1c6-7852-4bfb-9be8-cfd70872c0d0
2019-11-11 20:28:15,703 [pool-600-thread-1] INFO  server.RaftServerConfigKeys (ConfUtils.java:logGet(43)) - raft.server.log.queue.byte-limit = 2147483647 (custom)
2019-11-11 20:28:15,704 [pool-600-thread-1] INFO  server.RaftServerConfigKeys (ConfUtils.java:logGet(43)) - raft.server.log.queue.element-limit = 1024 (custom)
2019-11-11 20:28:15,704 [pool-600-thread-1] INFO  server.RaftServerConfigKeys (ConfUtils.java:logGet(43)) - raft.server.log.segment.size.max = 1048576 (custom)
2019-11-11 20:28:15,704 [pool-600-thread-1] INFO  server.RaftServerConfigKeys (ConfUtils.java:logGet(43)) - raft.server.log.preallocated.size = 16384 (custom)
2019-11-11 20:28:15,704 [pool-600-thread-1] INFO  server.RaftServerConfigKeys (ConfUtils.java:logGet(43)) - raft.server.log.write.buffer.size = 33554432 (custom)
2019-11-11 20:28:15,704 [pool-600-thread-1] INFO  server.RaftServerConfigKeys (ConfUtils.java:logGet(43)) - raft.server.log.force.sync.num = 128 (default)
2019-11-11 20:28:15,704 [pool-600-thread-1] INFO  server.RaftServerConfigKeys (ConfUtils.java:logGet(43)) - raft.server.log.statemachine.data.sync = true (default)
2019-11-11 20:28:15,704 [pool-600-thread-1] INFO  server.RaftServerConfigKeys (ConfUtils.java:logGet(43)) - raft.server.log.statemachine.data.sync.timeout = 10s (default)
2019-11-11 20:28:15,704 [pool-600-thread-1] INFO  server.RaftServerConfigKeys (ConfUtils.java:logGet(43)) - raft.server.log.statemachine.data.sync.timeout.retry = -1 (default)
2019-11-11 20:28:15,704 [pool-600-thread-1] INFO  server.RaftServerConfigKeys (ConfUtils.java:logGet(43)) - raft.server.log.statemachine.data.caching.enabled = true (custom)
2019-11-11 20:28:15,705 [pool-600-thread-1] INFO  segmented.SegmentedRaftLogWorker (SegmentedRaftLogWorker.java:lambda$new$0(128)) - 4ee8c297-07ef-4ca0-9e53-65cba3c36712@group-CFD70872C0D0-SegmentedRaftLogWorker: flushIndex: setUnconditionally 0 -> -1
2019-11-11 20:28:15,705 [pool-600-thread-1] INFO  server.RaftServerConfigKeys (ConfUtils.java:logGet(43)) - raft.server.snapshot.auto.trigger.enabled = true (custom)
2019-11-11 20:28:15,705 [pool-600-thread-1] INFO  server.RaftServerConfigKeys (ConfUtils.java:logGet(43)) - raft.server.snapshot.auto.trigger.threshold = 10000 (custom)
2019-11-11 20:28:15,705 [pool-600-thread-1] INFO  server.RaftServerConfigKeys (ConfUtils.java:logGet(43)) - raft.server.snapshot.retention.file.num = 5 (custom)
2019-11-11 20:28:15,705 [pool-600-thread-1] INFO  server.RaftServerConfigKeys (ConfUtils.java:logGet(43)) - raft.server.retrycache.expirytime = 600000ms (custom)
2019-11-11 20:28:15,705 [pool-600-thread-1] WARN  impl.MetricRegistriesImpl (MetricRegistriesImpl.java:lambda$create$1(61)) - First MetricRegistry has been created without registering reporters. You may need to call MetricRegistries.global().addReportRegistration(...) before.
2019-11-11 20:28:15,705 [pool-600-thread-1] WARN  impl.MetricRegistriesImpl (MetricRegistriesImpl.java:lambda$create$1(61)) - First MetricRegistry has been created without registering reporters. You may need to call MetricRegistries.global().addReportRegistration(...) before.
2019-11-11 20:28:15,706 [pool-600-thread-1] INFO  impl.RaftServerImpl (RaftServerImpl.java:start(184)) - 4ee8c297-07ef-4ca0-9e53-65cba3c36712@group-CFD70872C0D0: start as a follower, conf=-1: [4ee8c297-07ef-4ca0-9e53-65cba3c36712:192.168.69.124:36407], old=null
2019-11-11 20:28:15,706 [pool-600-thread-1] INFO  impl.RaftServerImpl (RaftServerImpl.java:setRole(173)) - 4ee8c297-07ef-4ca0-9e53-65cba3c36712@group-CFD70872C0D0: changes role from      null to FOLLOWER at term 0 for startAsFollower
2019-11-11 20:28:15,706 [pool-600-thread-1] INFO  impl.RoleInfo (RoleInfo.java:updateAndGet(143)) - 4ee8c297-07ef-4ca0-9e53-65cba3c36712: start FollowerState
2019-11-11 20:28:15,706 [pool-600-thread-1] INFO  util.JmxRegister (JmxRegister.java:tryRegister(44)) - Successfully registered JMX Bean with object name Ratis:service=RaftServer,group=group-CFD70872C0D0,id=4ee8c297-07ef-4ca0-9e53-65cba3c36712
2019-11-11 20:28:15,706 [pool-600-thread-1] WARN  impl.MetricRegistriesImpl (MetricRegistriesImpl.java:lambda$create$1(61)) - First MetricRegistry has been created without registering reporters. You may need to call MetricRegistries.global().addReportRegistration(...) before.
2019-11-11 20:28:15,709 [RatisPipelineUtilsThread] INFO  pipeline.PipelineStateManager (PipelineStateManager.java:addPipeline(55)) - Created pipeline Pipeline[ Id: e080d1c6-7852-4bfb-9be8-cfd70872c0d0, Nodes: 4ee8c297-07ef-4ca0-9e53-65cba3c36712{ip: 192.168.69.124, host: pr-hdds-1868-2776b-164702576, networkLocation: /rack1, certSerialId: null}, Type:RATIS, Factor:ONE, State:ALLOCATED]
2019-11-11 20:28:15,716 [grpc-default-executor-4] INFO  impl.RaftServerProxy (RaftServerProxy.java:addNew(89)) - 3cc51d6b-e891-4e52-b01b-ce9c9a895fa2: addNew group-F5CBE4281DC1:[3cc51d6b-e891-4e52-b01b-ce9c9a895fa2:192.168.69.124:45920, 75be7957-289d-4245-a821-fc5677a0cfb7:192.168.69.124:39702, fb7bce6a-1cd3-4beb-8a28-448fd0b8448e:192.168.69.124:37289] returns group-F5CBE4281DC1:java.util.concurrent.CompletableFuture@103427f3[Not completed]
2019-11-11 20:28:15,716 [grpc-default-executor-8] INFO  impl.RaftServerProxy (RaftServerProxy.java:addNew(89)) - 75be7957-289d-4245-a821-fc5677a0cfb7: addNew group-F5CBE4281DC1:[3cc51d6b-e891-4e52-b01b-ce9c9a895fa2:192.168.69.124:45920, 75be7957-289d-4245-a821-fc5677a0cfb7:192.168.69.124:39702, fb7bce6a-1cd3-4beb-8a28-448fd0b8448e:192.168.69.124:37289] returns group-F5CBE4281DC1:java.util.concurrent.CompletableFuture@1265fd34[Not completed]
2019-11-11 20:28:15,716 [grpc-default-executor-5] INFO  impl.RaftServerProxy (RaftServerProxy.java:addNew(89)) - fb7bce6a-1cd3-4beb-8a28-448fd0b8448e: addNew group-F5CBE4281DC1:[3cc51d6b-e891-4e52-b01b-ce9c9a895fa2:192.168.69.124:45920, 75be7957-289d-4245-a821-fc5677a0cfb7:192.168.69.124:39702, fb7bce6a-1cd3-4beb-8a28-448fd0b8448e:192.168.69.124:37289] returns group-F5CBE4281DC1:java.util.concurrent.CompletableFuture@42fefbd4[Not completed]
2019-11-11 20:28:15,717 [pool-580-thread-1] INFO  impl.RaftServerImpl (RaftServerImpl.java:<init>(98)) - fb7bce6a-1cd3-4beb-8a28-448fd0b8448e: new RaftServerImpl for group-F5CBE4281DC1:[3cc51d6b-e891-4e52-b01b-ce9c9a895fa2:192.168.69.124:45920, 75be7957-289d-4245-a821-fc5677a0cfb7:192.168.69.124:39702, fb7bce6a-1cd3-4beb-8a28-448fd0b8448e:192.168.69.124:37289] with ContainerStateMachine:uninitialized
2019-11-11 20:28:15,717 [pool-580-thread-1] INFO  server.RaftServerConfigKeys (ConfUtils.java:logGet(43)) - raft.server.rpc.timeout.min = 1s (custom)
2019-11-11 20:28:15,717 [pool-580-thread-1] INFO  server.RaftServerConfigKeys (ConfUtils.java:logGet(43)) - raft.server.rpc.timeout.max = 1200ms (custom)
2019-11-11 20:28:15,717 [pool-580-thread-1] INFO  server.RaftServerConfigKeys (ConfUtils.java:logGet(43)) - raft.server.rpcslowness.timeout = 120s (custom)
2019-11-11 20:28:15,718 [pool-580-thread-1] INFO  server.RaftServerConfigKeys (ConfUtils.java:logGet(43)) - raft.server.sleep.deviation.threshold = 300 (default)
2019-11-11 20:28:15,718 [pool-580-thread-1] INFO  server.RaftServerConfigKeys (ConfUtils.java:logGet(43)) - raft.server.log.appender.install.snapshot.enabled = false (custom)
2019-11-11 20:28:15,718 [pool-580-thread-1] INFO  impl.RaftServerImpl (ServerState.java:<init>(103)) - fb7bce6a-1cd3-4beb-8a28-448fd0b8448e@group-F5CBE4281DC1: ConfigurationManager, init=-1: [3cc51d6b-e891-4e52-b01b-ce9c9a895fa2:192.168.69.124:45920, 75be7957-289d-4245-a821-fc5677a0cfb7:192.168.69.124:39702, fb7bce6a-1cd3-4beb-8a28-448fd0b8448e:192.168.69.124:37289], old=null, confs=<EMPTY_MAP>
2019-11-11 20:28:15,718 [pool-580-thread-1] INFO  server.RaftServerConfigKeys (ConfUtils.java:logGet(43)) - raft.server.storage.dir = [/workdir/hadoop-ozone/integration-test/target/test-dir/MiniOzoneClusterImpl-878a1954-6462-47b6-bdcc-bab86c556cb3/datanode-7/data/ratis] (custom)
2019-11-11 20:28:15,718 [pool-590-thread-1] INFO  impl.RaftServerImpl (RaftServerImpl.java:<init>(98)) - 3cc51d6b-e891-4e52-b01b-ce9c9a895fa2: new RaftServerImpl for group-F5CBE4281DC1:[3cc51d6b-e891-4e52-b01b-ce9c9a895fa2:192.168.69.124:45920, 75be7957-289d-4245-a821-fc5677a0cfb7:192.168.69.124:39702, fb7bce6a-1cd3-4beb-8a28-448fd0b8448e:192.168.69.124:37289] with ContainerStateMachine:uninitialized
2019-11-11 20:28:15,718 [pool-580-thread-1] INFO  server.RaftServerConfigKeys (ConfUtils.java:logGet(43)) - raft.server.log.corruption.policy = EXCEPTION (default)
2019-11-11 20:28:15,718 [pool-590-thread-1] INFO  server.RaftServerConfigKeys (ConfUtils.java:logGet(43)) - raft.server.rpc.timeout.min = 1s (custom)
2019-11-11 20:28:15,718 [pool-580-thread-1] INFO  storage.RaftStorageDirectory (RaftStorageDirectory.java:analyzeStorage(246)) - The storage directory /workdir/hadoop-ozone/integration-test/target/test-dir/MiniOzoneClusterImpl-878a1954-6462-47b6-bdcc-bab86c556cb3/datanode-7/data/ratis/fc32f200-7bd6-4fca-b7a5-f5cbe4281dc1 does not exist. Creating ...
2019-11-11 20:28:15,718 [pool-590-thread-1] INFO  server.RaftServerConfigKeys (ConfUtils.java:logGet(43)) - raft.server.rpc.timeout.max = 1200ms (custom)
2019-11-11 20:28:15,719 [pool-570-thread-1] INFO  impl.RaftServerImpl (RaftServerImpl.java:<init>(98)) - 75be7957-289d-4245-a821-fc5677a0cfb7: new RaftServerImpl for group-F5CBE4281DC1:[3cc51d6b-e891-4e52-b01b-ce9c9a895fa2:192.168.69.124:45920, 75be7957-289d-4245-a821-fc5677a0cfb7:192.168.69.124:39702, fb7bce6a-1cd3-4beb-8a28-448fd0b8448e:192.168.69.124:37289] with ContainerStateMachine:uninitialized
2019-11-11 20:28:15,719 [pool-590-thread-1] INFO  server.RaftServerConfigKeys (ConfUtils.java:logGet(43)) - raft.server.rpcslowness.timeout = 120s (custom)
2019-11-11 20:28:15,719 [pool-570-thread-1] INFO  server.RaftServerConfigKeys (ConfUtils.java:logGet(43)) - raft.server.rpc.timeout.min = 1s (custom)
2019-11-11 20:28:15,719 [pool-590-thread-1] INFO  server.RaftServerConfigKeys (ConfUtils.java:logGet(43)) - raft.server.sleep.deviation.threshold = 300 (default)
2019-11-11 20:28:15,719 [pool-570-thread-1] INFO  server.RaftServerConfigKeys (ConfUtils.java:logGet(43)) - raft.server.rpc.timeout.max = 1200ms (custom)
2019-11-11 20:28:15,719 [pool-590-thread-1] INFO  server.RaftServerConfigKeys (ConfUtils.java:logGet(43)) - raft.server.log.appender.install.snapshot.enabled = false (custom)
2019-11-11 20:28:15,719 [pool-570-thread-1] INFO  server.RaftServerConfigKeys (ConfUtils.java:logGet(43)) - raft.server.rpcslowness.timeout = 120s (custom)
2019-11-11 20:28:15,719 [pool-590-thread-1] INFO  impl.RaftServerImpl (ServerState.java:<init>(103)) - 3cc51d6b-e891-4e52-b01b-ce9c9a895fa2@group-F5CBE4281DC1: ConfigurationManager, init=-1: [3cc51d6b-e891-4e52-b01b-ce9c9a895fa2:192.168.69.124:45920, 75be7957-289d-4245-a821-fc5677a0cfb7:192.168.69.124:39702, fb7bce6a-1cd3-4beb-8a28-448fd0b8448e:192.168.69.124:37289], old=null, confs=<EMPTY_MAP>
2019-11-11 20:28:15,719 [pool-570-thread-1] INFO  server.RaftServerConfigKeys (ConfUtils.java:logGet(43)) - raft.server.sleep.deviation.threshold = 300 (default)
2019-11-11 20:28:15,720 [pool-570-thread-1] INFO  server.RaftServerConfigKeys (ConfUtils.java:logGet(43)) - raft.server.log.appender.install.snapshot.enabled = false (custom)
2019-11-11 20:28:15,720 [pool-590-thread-1] INFO  server.RaftServerConfigKeys (ConfUtils.java:logGet(43)) - raft.server.storage.dir = [/workdir/hadoop-ozone/integration-test/target/test-dir/MiniOzoneClusterImpl-878a1954-6462-47b6-bdcc-bab86c556cb3/datanode-8/data/ratis] (custom)
2019-11-11 20:28:15,720 [pool-570-thread-1] INFO  impl.RaftServerImpl (ServerState.java:<init>(103)) - 75be7957-289d-4245-a821-fc5677a0cfb7@group-F5CBE4281DC1: ConfigurationManager, init=-1: [3cc51d6b-e891-4e52-b01b-ce9c9a895fa2:192.168.69.124:45920, 75be7957-289d-4245-a821-fc5677a0cfb7:192.168.69.124:39702, fb7bce6a-1cd3-4beb-8a28-448fd0b8448e:192.168.69.124:37289], old=null, confs=<EMPTY_MAP>
2019-11-11 20:28:15,720 [pool-570-thread-1] INFO  server.RaftServerConfigKeys (ConfUtils.java:logGet(43)) - raft.server.storage.dir = [/workdir/hadoop-ozone/integration-test/target/test-dir/MiniOzoneClusterImpl-878a1954-6462-47b6-bdcc-bab86c556cb3/datanode-6/data/ratis] (custom)
2019-11-11 20:28:15,720 [pool-590-thread-1] INFO  server.RaftServerConfigKeys (ConfUtils.java:logGet(43)) - raft.server.log.corruption.policy = EXCEPTION (default)
2019-11-11 20:28:15,720 [pool-570-thread-1] INFO  server.RaftServerConfigKeys (ConfUtils.java:logGet(43)) - raft.server.log.corruption.policy = EXCEPTION (default)
2019-11-11 20:28:15,720 [pool-590-thread-1] INFO  storage.RaftStorageDirectory (RaftStorageDirectory.java:analyzeStorage(246)) - The storage directory /workdir/hadoop-ozone/integration-test/target/test-dir/MiniOzoneClusterImpl-878a1954-6462-47b6-bdcc-bab86c556cb3/datanode-8/data/ratis/fc32f200-7bd6-4fca-b7a5-f5cbe4281dc1 does not exist. Creating ...
2019-11-11 20:28:15,720 [pool-570-thread-1] INFO  storage.RaftStorageDirectory (RaftStorageDirectory.java:analyzeStorage(246)) - The storage directory /workdir/hadoop-ozone/integration-test/target/test-dir/MiniOzoneClusterImpl-878a1954-6462-47b6-bdcc-bab86c556cb3/datanode-6/data/ratis/fc32f200-7bd6-4fca-b7a5-f5cbe4281dc1 does not exist. Creating ...
2019-11-11 20:28:15,743 [pool-570-thread-1] INFO  storage.RaftStorageDirectory (RaftStorageDirectory.java:tryLock(328)) - Lock on /workdir/hadoop-ozone/integration-test/target/test-dir/MiniOzoneClusterImpl-878a1954-6462-47b6-bdcc-bab86c556cb3/datanode-6/data/ratis/fc32f200-7bd6-4fca-b7a5-f5cbe4281dc1/in_use.lock acquired by nodename 3817@pr-hdds-1868-2776b-164702576
2019-11-11 20:28:15,743 [pool-580-thread-1] INFO  storage.RaftStorageDirectory (RaftStorageDirectory.java:tryLock(328)) - Lock on /workdir/hadoop-ozone/integration-test/target/test-dir/MiniOzoneClusterImpl-878a1954-6462-47b6-bdcc-bab86c556cb3/datanode-7/data/ratis/fc32f200-7bd6-4fca-b7a5-f5cbe4281dc1/in_use.lock acquired by nodename 3817@pr-hdds-1868-2776b-164702576
2019-11-11 20:28:15,743 [pool-590-thread-1] INFO  storage.RaftStorageDirectory (RaftStorageDirectory.java:tryLock(328)) - Lock on /workdir/hadoop-ozone/integration-test/target/test-dir/MiniOzoneClusterImpl-878a1954-6462-47b6-bdcc-bab86c556cb3/datanode-8/data/ratis/fc32f200-7bd6-4fca-b7a5-f5cbe4281dc1/in_use.lock acquired by nodename 3817@pr-hdds-1868-2776b-164702576
2019-11-11 20:28:15,765 [pool-590-thread-1] INFO  storage.RaftStorage (RaftStorage.java:format(84)) - Storage directory /workdir/hadoop-ozone/integration-test/target/test-dir/MiniOzoneClusterImpl-878a1954-6462-47b6-bdcc-bab86c556cb3/datanode-8/data/ratis/fc32f200-7bd6-4fca-b7a5-f5cbe4281dc1 has been successfully formatted.
2019-11-11 20:28:15,765 [pool-580-thread-1] INFO  storage.RaftStorage (RaftStorage.java:format(84)) - Storage directory /workdir/hadoop-ozone/integration-test/target/test-dir/MiniOzoneClusterImpl-878a1954-6462-47b6-bdcc-bab86c556cb3/datanode-7/data/ratis/fc32f200-7bd6-4fca-b7a5-f5cbe4281dc1 has been successfully formatted.
2019-11-11 20:28:15,765 [pool-570-thread-1] INFO  storage.RaftStorage (RaftStorage.java:format(84)) - Storage directory /workdir/hadoop-ozone/integration-test/target/test-dir/MiniOzoneClusterImpl-878a1954-6462-47b6-bdcc-bab86c556cb3/datanode-6/data/ratis/fc32f200-7bd6-4fca-b7a5-f5cbe4281dc1 has been successfully formatted.
2019-11-11 20:28:15,766 [pool-580-thread-1] INFO  ratis.ContainerStateMachine (ContainerStateMachine.java:loadSnapshot(223)) - group-F5CBE4281DC1: The snapshot info is null. Setting the last applied indexto:(t:0, i:~)
2019-11-11 20:28:15,766 [pool-590-thread-1] INFO  ratis.ContainerStateMachine (ContainerStateMachine.java:loadSnapshot(223)) - group-F5CBE4281DC1: The snapshot info is null. Setting the last applied indexto:(t:0, i:~)
2019-11-11 20:28:15,766 [pool-580-thread-1] INFO  server.RaftServerConfigKeys (ConfUtils.java:logGet(43)) - raft.server.notification.no-leader.timeout = 120s (custom)
2019-11-11 20:28:15,766 [pool-570-thread-1] INFO  ratis.ContainerStateMachine (ContainerStateMachine.java:loadSnapshot(223)) - group-F5CBE4281DC1: The snapshot info is null. Setting the last applied indexto:(t:0, i:~)
2019-11-11 20:28:15,766 [pool-580-thread-1] INFO  server.RaftServerConfigKeys (ConfUtils.java:logGet(43)) - raft.server.log.use.memory = false (default)
2019-11-11 20:28:15,766 [pool-590-thread-1] INFO  server.RaftServerConfigKeys (ConfUtils.java:logGet(43)) - raft.server.notification.no-leader.timeout = 120s (custom)
2019-11-11 20:28:15,766 [pool-580-thread-1] INFO  server.RaftServerConfigKeys (ConfUtils.java:logGet(43)) - raft.server.log.purge.gap = 1000000 (custom)
2019-11-11 20:28:15,766 [pool-570-thread-1] INFO  server.RaftServerConfigKeys (ConfUtils.java:logGet(43)) - raft.server.notification.no-leader.timeout = 120s (custom)
2019-11-11 20:28:15,767 [pool-580-thread-1] INFO  server.RaftServerConfigKeys (ConfUtils.java:logGet(43)) - raft.server.log.appender.buffer.byte-limit = 33554432 (custom)
2019-11-11 20:28:15,767 [pool-590-thread-1] INFO  server.RaftServerConfigKeys (ConfUtils.java:logGet(43)) - raft.server.log.use.memory = false (default)
2019-11-11 20:28:15,767 [pool-580-thread-1] INFO  server.RaftServerConfigKeys (ConfUtils.java:logGet(43)) - raft.server.log.segment.size.max = 1048576 (custom)
2019-11-11 20:28:15,767 [pool-570-thread-1] INFO  server.RaftServerConfigKeys (ConfUtils.java:logGet(43)) - raft.server.log.use.memory = false (default)
2019-11-11 20:28:15,767 [pool-580-thread-1] INFO  server.RaftServerConfigKeys (ConfUtils.java:logGet(43)) - raft.server.log.segment.cache.num.max = 2 (custom)
2019-11-11 20:28:15,767 [pool-590-thread-1] INFO  server.RaftServerConfigKeys (ConfUtils.java:logGet(43)) - raft.server.log.purge.gap = 1000000 (custom)
2019-11-11 20:28:15,767 [pool-580-thread-1] INFO  segmented.SegmentedRaftLogWorker (SegmentedRaftLogWorker.java:<init>(173)) - new fb7bce6a-1cd3-4beb-8a28-448fd0b8448e@group-F5CBE4281DC1-SegmentedRaftLogWorker for RaftStorage:Storage Directory /workdir/hadoop-ozone/integration-test/target/test-dir/MiniOzoneClusterImpl-878a1954-6462-47b6-bdcc-bab86c556cb3/datanode-7/data/ratis/fc32f200-7bd6-4fca-b7a5-f5cbe4281dc1
2019-11-11 20:28:15,767 [pool-570-thread-1] INFO  server.RaftServerConfigKeys (ConfUtils.java:logGet(43)) - raft.server.log.purge.gap = 1000000 (custom)
2019-11-11 20:28:15,768 [pool-580-thread-1] INFO  server.RaftServerConfigKeys (ConfUtils.java:logGet(43)) - raft.server.log.queue.byte-limit = 2147483647 (custom)
2019-11-11 20:28:15,768 [pool-590-thread-1] INFO  server.RaftServerConfigKeys (ConfUtils.java:logGet(43)) - raft.server.log.appender.buffer.byte-limit = 33554432 (custom)
2019-11-11 20:28:15,768 [pool-580-thread-1] INFO  server.RaftServerConfigKeys (ConfUtils.java:logGet(43)) - raft.server.log.queue.element-limit = 1024 (custom)
2019-11-11 20:28:15,768 [pool-570-thread-1] INFO  server.RaftServerConfigKeys (ConfUtils.java:logGet(43)) - raft.server.log.appender.buffer.byte-limit = 33554432 (custom)
2019-11-11 20:28:15,768 [pool-580-thread-1] INFO  server.RaftServerConfigKeys (ConfUtils.java:logGet(43)) - raft.server.log.segment.size.max = 1048576 (custom)
2019-11-11 20:28:15,768 [pool-590-thread-1] INFO  server.RaftServerConfigKeys (ConfUtils.java:logGet(43)) - raft.server.log.segment.size.max = 1048576 (custom)
2019-11-11 20:28:15,768 [pool-580-thread-1] INFO  server.RaftServerConfigKeys (ConfUtils.java:logGet(43)) - raft.server.log.preallocated.size = 16384 (custom)
2019-11-11 20:28:15,768 [pool-570-thread-1] INFO  server.RaftServerConfigKeys (ConfUtils.java:logGet(43)) - raft.server.log.segment.size.max = 1048576 (custom)
2019-11-11 20:28:15,769 [pool-580-thread-1] INFO  server.RaftServerConfigKeys (ConfUtils.java:logGet(43)) - raft.server.log.write.buffer.size = 33554432 (custom)
2019-11-11 20:28:15,768 [pool-590-thread-1] INFO  server.RaftServerConfigKeys (ConfUtils.java:logGet(43)) - raft.server.log.segment.cache.num.max = 2 (custom)
2019-11-11 20:28:15,769 [pool-580-thread-1] INFO  server.RaftServerConfigKeys (ConfUtils.java:logGet(43)) - raft.server.log.force.sync.num = 128 (default)
2019-11-11 20:28:15,769 [pool-570-thread-1] INFO  server.RaftServerConfigKeys (ConfUtils.java:logGet(43)) - raft.server.log.segment.cache.num.max = 2 (custom)
2019-11-11 20:28:15,769 [pool-580-thread-1] INFO  server.RaftServerConfigKeys (ConfUtils.java:logGet(43)) - raft.server.log.statemachine.data.sync = true (default)
2019-11-11 20:28:15,769 [pool-590-thread-1] INFO  segmented.SegmentedRaftLogWorker (SegmentedRaftLogWorker.java:<init>(173)) - new 3cc51d6b-e891-4e52-b01b-ce9c9a895fa2@group-F5CBE4281DC1-SegmentedRaftLogWorker for RaftStorage:Storage Directory /workdir/hadoop-ozone/integration-test/target/test-dir/MiniOzoneClusterImpl-878a1954-6462-47b6-bdcc-bab86c556cb3/datanode-8/data/ratis/fc32f200-7bd6-4fca-b7a5-f5cbe4281dc1
2019-11-11 20:28:15,769 [pool-580-thread-1] INFO  server.RaftServerConfigKeys (ConfUtils.java:logGet(43)) - raft.server.log.statemachine.data.sync.timeout = 10s (default)
2019-11-11 20:28:15,769 [pool-580-thread-1] INFO  server.RaftServerConfigKeys (ConfUtils.java:logGet(43)) - raft.server.log.statemachine.data.sync.timeout.retry = -1 (default)
2019-11-11 20:28:15,769 [pool-570-thread-1] INFO  segmented.SegmentedRaftLogWorker (SegmentedRaftLogWorker.java:<init>(173)) - new 75be7957-289d-4245-a821-fc5677a0cfb7@group-F5CBE4281DC1-SegmentedRaftLogWorker for RaftStorage:Storage Directory /workdir/hadoop-ozone/integration-test/target/test-dir/MiniOzoneClusterImpl-878a1954-6462-47b6-bdcc-bab86c556cb3/datanode-6/data/ratis/fc32f200-7bd6-4fca-b7a5-f5cbe4281dc1
2019-11-11 20:28:15,770 [pool-580-thread-1] INFO  server.RaftServerConfigKeys (ConfUtils.java:logGet(43)) - raft.server.log.statemachine.data.caching.enabled = true (custom)
2019-11-11 20:28:15,769 [pool-590-thread-1] INFO  server.RaftServerConfigKeys (ConfUtils.java:logGet(43)) - raft.server.log.queue.byte-limit = 2147483647 (custom)
2019-11-11 20:28:15,770 [pool-570-thread-1] INFO  server.RaftServerConfigKeys (ConfUtils.java:logGet(43)) - raft.server.log.queue.byte-limit = 2147483647 (custom)
2019-11-11 20:28:15,770 [pool-580-thread-1] INFO  segmented.SegmentedRaftLogWorker (SegmentedRaftLogWorker.java:lambda$new$0(128)) - fb7bce6a-1cd3-4beb-8a28-448fd0b8448e@group-F5CBE4281DC1-SegmentedRaftLogWorker: flushIndex: setUnconditionally 0 -> -1
2019-11-11 20:28:15,770 [pool-590-thread-1] INFO  server.RaftServerConfigKeys (ConfUtils.java:logGet(43)) - raft.server.log.queue.element-limit = 1024 (custom)
2019-11-11 20:28:15,770 [pool-570-thread-1] INFO  server.RaftServerConfigKeys (ConfUtils.java:logGet(43)) - raft.server.log.queue.element-limit = 1024 (custom)
2019-11-11 20:28:15,770 [pool-580-thread-1] INFO  server.RaftServerConfigKeys (ConfUtils.java:logGet(43)) - raft.server.snapshot.auto.trigger.enabled = true (custom)
2019-11-11 20:28:15,770 [pool-590-thread-1] INFO  server.RaftServerConfigKeys (ConfUtils.java:logGet(43)) - raft.server.log.segment.size.max = 1048576 (custom)
2019-11-11 20:28:15,770 [pool-580-thread-1] INFO  server.RaftServerConfigKeys (ConfUtils.java:logGet(43)) - raft.server.snapshot.auto.trigger.threshold = 10000 (custom)
2019-11-11 20:28:15,770 [pool-570-thread-1] INFO  server.RaftServerConfigKeys (ConfUtils.java:logGet(43)) - raft.server.log.segment.size.max = 1048576 (custom)
2019-11-11 20:28:15,771 [pool-580-thread-1] INFO  server.RaftServerConfigKeys (ConfUtils.java:logGet(43)) - raft.server.snapshot.retention.file.num = 5 (custom)
2019-11-11 20:28:15,770 [pool-590-thread-1] INFO  server.RaftServerConfigKeys (ConfUtils.java:logGet(43)) - raft.server.log.preallocated.size = 16384 (custom)
2019-11-11 20:28:15,771 [pool-580-thread-1] INFO  server.RaftServerConfigKeys (ConfUtils.java:logGet(43)) - raft.server.retrycache.expirytime = 600000ms (custom)
2019-11-11 20:28:15,771 [pool-570-thread-1] INFO  server.RaftServerConfigKeys (ConfUtils.java:logGet(43)) - raft.server.log.preallocated.size = 16384 (custom)
2019-11-11 20:28:15,771 [pool-580-thread-1] WARN  impl.MetricRegistriesImpl (MetricRegistriesImpl.java:lambda$create$1(61)) - First MetricRegistry has been created without registering reporters. You may need to call MetricRegistries.global().addReportRegistration(...) before.
2019-11-11 20:28:15,771 [pool-590-thread-1] INFO  server.RaftServerConfigKeys (ConfUtils.java:logGet(43)) - raft.server.log.write.buffer.size = 33554432 (custom)
2019-11-11 20:28:15,771 [pool-580-thread-1] WARN  impl.MetricRegistriesImpl (MetricRegistriesImpl.java:lambda$create$1(61)) - First MetricRegistry has been created without registering reporters. You may need to call MetricRegistries.global().addReportRegistration(...) before.
2019-11-11 20:28:15,771 [pool-570-thread-1] INFO  server.RaftServerConfigKeys (ConfUtils.java:logGet(43)) - raft.server.log.write.buffer.size = 33554432 (custom)
2019-11-11 20:28:15,772 [pool-580-thread-1] INFO  impl.RaftServerImpl (RaftServerImpl.java:start(184)) - fb7bce6a-1cd3-4beb-8a28-448fd0b8448e@group-F5CBE4281DC1: start as a follower, conf=-1: [3cc51d6b-e891-4e52-b01b-ce9c9a895fa2:192.168.69.124:45920, 75be7957-289d-4245-a821-fc5677a0cfb7:192.168.69.124:39702, fb7bce6a-1cd3-4beb-8a28-448fd0b8448e:192.168.69.124:37289], old=null
2019-11-11 20:28:15,771 [pool-590-thread-1] INFO  server.RaftServerConfigKeys (ConfUtils.java:logGet(43)) - raft.server.log.force.sync.num = 128 (default)
2019-11-11 20:28:15,772 [pool-580-thread-1] INFO  impl.RaftServerImpl (RaftServerImpl.java:setRole(173)) - fb7bce6a-1cd3-4beb-8a28-448fd0b8448e@group-F5CBE4281DC1: changes role from      null to FOLLOWER at term 0 for startAsFollower
2019-11-11 20:28:15,772 [pool-570-thread-1] INFO  server.RaftServerConfigKeys (ConfUtils.java:logGet(43)) - raft.server.log.force.sync.num = 128 (default)
2019-11-11 20:28:15,772 [pool-580-thread-1] INFO  impl.RoleInfo (RoleInfo.java:updateAndGet(143)) - fb7bce6a-1cd3-4beb-8a28-448fd0b8448e: start FollowerState
2019-11-11 20:28:15,772 [pool-590-thread-1] INFO  server.RaftServerConfigKeys (ConfUtils.java:logGet(43)) - raft.server.log.statemachine.data.sync = true (default)
2019-11-11 20:28:15,772 [pool-570-thread-1] INFO  server.RaftServerConfigKeys (ConfUtils.java:logGet(43)) - raft.server.log.statemachine.data.sync = true (default)
2019-11-11 20:28:15,772 [pool-590-thread-1] INFO  server.RaftServerConfigKeys (ConfUtils.java:logGet(43)) - raft.server.log.statemachine.data.sync.timeout = 10s (default)
2019-11-11 20:28:15,772 [pool-580-thread-1] INFO  util.JmxRegister (JmxRegister.java:tryRegister(44)) - Successfully registered JMX Bean with object name Ratis:service=RaftServer,group=group-F5CBE4281DC1,id=fb7bce6a-1cd3-4beb-8a28-448fd0b8448e
2019-11-11 20:28:15,772 [pool-570-thread-1] INFO  server.RaftServerConfigKeys (ConfUtils.java:logGet(43)) - raft.server.log.statemachine.data.sync.timeout = 10s (default)
2019-11-11 20:28:15,773 [pool-580-thread-1] WARN  impl.MetricRegistriesImpl (MetricRegistriesImpl.java:lambda$create$1(61)) - First MetricRegistry has been created without registering reporters. You may need to call MetricRegistries.global().addReportRegistration(...) before.
2019-11-11 20:28:15,772 [pool-590-thread-1] INFO  server.RaftServerConfigKeys (ConfUtils.java:logGet(43)) - raft.server.log.statemachine.data.sync.timeout.retry = -1 (default)
2019-11-11 20:28:15,773 [pool-570-thread-1] INFO  server.RaftServerConfigKeys (ConfUtils.java:logGet(43)) - raft.server.log.statemachine.data.sync.timeout.retry = -1 (default)
2019-11-11 20:28:15,773 [pool-590-thread-1] INFO  server.RaftServerConfigKeys (ConfUtils.java:logGet(43)) - raft.server.log.statemachine.data.caching.enabled = true (custom)
2019-11-11 20:28:15,773 [pool-570-thread-1] INFO  server.RaftServerConfigKeys (ConfUtils.java:logGet(43)) - raft.server.log.statemachine.data.caching.enabled = true (custom)
2019-11-11 20:28:15,773 [pool-590-thread-1] INFO  segmented.SegmentedRaftLogWorker (SegmentedRaftLogWorker.java:lambda$new$0(128)) - 3cc51d6b-e891-4e52-b01b-ce9c9a895fa2@group-F5CBE4281DC1-SegmentedRaftLogWorker: flushIndex: setUnconditionally 0 -> -1
2019-11-11 20:28:15,773 [pool-570-thread-1] INFO  segmented.SegmentedRaftLogWorker (SegmentedRaftLogWorker.java:lambda$new$0(128)) - 75be7957-289d-4245-a821-fc5677a0cfb7@group-F5CBE4281DC1-SegmentedRaftLogWorker: flushIndex: setUnconditionally 0 -> -1
2019-11-11 20:28:15,774 [pool-590-thread-1] INFO  server.RaftServerConfigKeys (ConfUtils.java:logGet(43)) - raft.server.snapshot.auto.trigger.enabled = true (custom)
2019-11-11 20:28:15,774 [pool-570-thread-1] INFO  server.RaftServerConfigKeys (ConfUtils.java:logGet(43)) - raft.server.snapshot.auto.trigger.enabled = true (custom)
2019-11-11 20:28:15,774 [pool-590-thread-1] INFO  server.RaftServerConfigKeys (ConfUtils.java:logGet(43)) - raft.server.snapshot.auto.trigger.threshold = 10000 (custom)
2019-11-11 20:28:15,774 [pool-570-thread-1] INFO  server.RaftServerConfigKeys (ConfUtils.java:logGet(43)) - raft.server.snapshot.auto.trigger.threshold = 10000 (custom)
2019-11-11 20:28:15,774 [pool-590-thread-1] INFO  server.RaftServerConfigKeys (ConfUtils.java:logGet(43)) - raft.server.snapshot.retention.file.num = 5 (custom)
2019-11-11 20:28:15,774 [pool-570-thread-1] INFO  server.RaftServerConfigKeys (ConfUtils.java:logGet(43)) - raft.server.snapshot.retention.file.num = 5 (custom)
2019-11-11 20:28:15,774 [pool-590-thread-1] INFO  server.RaftServerConfigKeys (ConfUtils.java:logGet(43)) - raft.server.retrycache.expirytime = 600000ms (custom)
2019-11-11 20:28:15,774 [pool-570-thread-1] INFO  server.RaftServerConfigKeys (ConfUtils.java:logGet(43)) - raft.server.retrycache.expirytime = 600000ms (custom)
2019-11-11 20:28:15,774 [pool-590-thread-1] WARN  impl.MetricRegistriesImpl (MetricRegistriesImpl.java:lambda$create$1(61)) - First MetricRegistry has been created without registering reporters. You may need to call MetricRegistries.global().addReportRegistration(...) before.
2019-11-11 20:28:15,775 [pool-570-thread-1] WARN  impl.MetricRegistriesImpl (MetricRegistriesImpl.java:lambda$create$1(61)) - First MetricRegistry has been created without registering reporters. You may need to call MetricRegistries.global().addReportRegistration(...) before.
2019-11-11 20:28:15,775 [pool-590-thread-1] WARN  impl.MetricRegistriesImpl (MetricRegistriesImpl.java:lambda$create$1(61)) - First MetricRegistry has been created without registering reporters. You may need to call MetricRegistries.global().addReportRegistration(...) before.
2019-11-11 20:28:15,775 [pool-570-thread-1] WARN  impl.MetricRegistriesImpl (MetricRegistriesImpl.java:lambda$create$1(61)) - First MetricRegistry has been created without registering reporters. You may need to call MetricRegistries.global().addReportRegistration(...) before.
2019-11-11 20:28:15,775 [pool-590-thread-1] INFO  impl.RaftServerImpl (RaftServerImpl.java:start(184)) - 3cc51d6b-e891-4e52-b01b-ce9c9a895fa2@group-F5CBE4281DC1: start as a follower, conf=-1: [3cc51d6b-e891-4e52-b01b-ce9c9a895fa2:192.168.69.124:45920, 75be7957-289d-4245-a821-fc5677a0cfb7:192.168.69.124:39702, fb7bce6a-1cd3-4beb-8a28-448fd0b8448e:192.168.69.124:37289], old=null
2019-11-11 20:28:15,775 [pool-570-thread-1] INFO  impl.RaftServerImpl (RaftServerImpl.java:start(184)) - 75be7957-289d-4245-a821-fc5677a0cfb7@group-F5CBE4281DC1: start as a follower, conf=-1: [3cc51d6b-e891-4e52-b01b-ce9c9a895fa2:192.168.69.124:45920, 75be7957-289d-4245-a821-fc5677a0cfb7:192.168.69.124:39702, fb7bce6a-1cd3-4beb-8a28-448fd0b8448e:192.168.69.124:37289], old=null
2019-11-11 20:28:15,775 [pool-590-thread-1] INFO  impl.RaftServerImpl (RaftServerImpl.java:setRole(173)) - 3cc51d6b-e891-4e52-b01b-ce9c9a895fa2@group-F5CBE4281DC1: changes role from      null to FOLLOWER at term 0 for startAsFollower
2019-11-11 20:28:15,775 [pool-570-thread-1] INFO  impl.RaftServerImpl (RaftServerImpl.java:setRole(173)) - 75be7957-289d-4245-a821-fc5677a0cfb7@group-F5CBE4281DC1: changes role from      null to FOLLOWER at term 0 for startAsFollower
2019-11-11 20:28:15,776 [pool-590-thread-1] INFO  impl.RoleInfo (RoleInfo.java:updateAndGet(143)) - 3cc51d6b-e891-4e52-b01b-ce9c9a895fa2: start FollowerState
2019-11-11 20:28:15,776 [pool-570-thread-1] INFO  impl.RoleInfo (RoleInfo.java:updateAndGet(143)) - 75be7957-289d-4245-a821-fc5677a0cfb7: start FollowerState
2019-11-11 20:28:15,776 [pool-590-thread-1] INFO  util.JmxRegister (JmxRegister.java:tryRegister(44)) - Successfully registered JMX Bean with object name Ratis:service=RaftServer,group=group-F5CBE4281DC1,id=3cc51d6b-e891-4e52-b01b-ce9c9a895fa2
2019-11-11 20:28:15,776 [pool-590-thread-1] WARN  impl.MetricRegistriesImpl (MetricRegistriesImpl.java:lambda$create$1(61)) - First MetricRegistry has been created without registering reporters. You may need to call MetricRegistries.global().addReportRegistration(...) before.
2019-11-11 20:28:15,776 [pool-570-thread-1] INFO  util.JmxRegister (JmxRegister.java:tryRegister(44)) - Successfully registered JMX Bean with object name Ratis:service=RaftServer,group=group-F5CBE4281DC1,id=75be7957-289d-4245-a821-fc5677a0cfb7
2019-11-11 20:28:15,776 [pool-570-thread-1] WARN  impl.MetricRegistriesImpl (MetricRegistriesImpl.java:lambda$create$1(61)) - First MetricRegistry has been created without registering reporters. You may need to call MetricRegistries.global().addReportRegistration(...) before.
2019-11-11 20:28:15,778 [RatisPipelineUtilsThread] INFO  pipeline.PipelineStateManager (PipelineStateManager.java:addPipeline(55)) - Created pipeline Pipeline[ Id: fc32f200-7bd6-4fca-b7a5-f5cbe4281dc1, Nodes: 75be7957-289d-4245-a821-fc5677a0cfb7{ip: 192.168.69.124, host: pr-hdds-1868-2776b-164702576, networkLocation: /rack1, certSerialId: null}3cc51d6b-e891-4e52-b01b-ce9c9a895fa2{ip: 192.168.69.124, host: pr-hdds-1868-2776b-164702576, networkLocation: /rack1, certSerialId: null}fb7bce6a-1cd3-4beb-8a28-448fd0b8448e{ip: 192.168.69.124, host: pr-hdds-1868-2776b-164702576, networkLocation: /rack1, certSerialId: null}, Type:RATIS, Factor:THREE, State:ALLOCATED]
2019-11-11 20:28:15,779 [main] INFO  ozone.MiniOzoneClusterImpl (MiniOzoneClusterImpl.java:lambda$waitForClusterToBeReady$2(163)) - Waiting for 13 number of pipelines out of 13, to report a leader.
2019-11-11 20:28:16,022 [Thread-4369] INFO  impl.FollowerState (FollowerState.java:run(111)) - e0742d41-25ee-4eea-9579-711a01e64de1@group-B5CCC9931C3F-FollowerState: change to CANDIDATE, lastRpcTime:1083ms, electionTimeout:1083ms
2019-11-11 20:28:16,023 [Thread-4369] INFO  impl.RoleInfo (RoleInfo.java:shutdownFollowerState(121)) - e0742d41-25ee-4eea-9579-711a01e64de1: shutdown FollowerState
2019-11-11 20:28:16,023 [Thread-4369] INFO  impl.RaftServerImpl (RaftServerImpl.java:setRole(173)) - e0742d41-25ee-4eea-9579-711a01e64de1@group-B5CCC9931C3F: changes role from  FOLLOWER to CANDIDATE at term 0 for changeToCandidate
2019-11-11 20:28:16,023 [Thread-4369] INFO  impl.RoleInfo (RoleInfo.java:updateAndGet(143)) - e0742d41-25ee-4eea-9579-711a01e64de1: start LeaderElection
2019-11-11 20:28:16,064 [e0742d41-25ee-4eea-9579-711a01e64de1@group-B5CCC9931C3F-LeaderElection173] INFO  impl.LeaderElection (LeaderElection.java:askForVotes(178)) - e0742d41-25ee-4eea-9579-711a01e64de1@group-B5CCC9931C3F-LeaderElection173: begin an election at term 1 for -1: [e0742d41-25ee-4eea-9579-711a01e64de1:192.168.69.124:44547], old=null
2019-11-11 20:28:16,064 [e0742d41-25ee-4eea-9579-711a01e64de1@group-B5CCC9931C3F-LeaderElection173] INFO  impl.RoleInfo (RoleInfo.java:shutdownLeaderElection(134)) - e0742d41-25ee-4eea-9579-711a01e64de1: shutdown LeaderElection
2019-11-11 20:28:16,064 [e0742d41-25ee-4eea-9579-711a01e64de1@group-B5CCC9931C3F-LeaderElection173] INFO  impl.RaftServerImpl (RaftServerImpl.java:setRole(173)) - e0742d41-25ee-4eea-9579-711a01e64de1@group-B5CCC9931C3F: changes role from CANDIDATE to LEADER at term 1 for changeToLeader
2019-11-11 20:28:16,064 [e0742d41-25ee-4eea-9579-711a01e64de1@group-B5CCC9931C3F-LeaderElection173] INFO  ratis.XceiverServerRatis (XceiverServerRatis.java:handleLeaderChangedNotification(697)) - Leader change notification received for group: group-B5CCC9931C3F with new leaderId: e0742d41-25ee-4eea-9579-711a01e64de1
2019-11-11 20:28:16,064 [e0742d41-25ee-4eea-9579-711a01e64de1@group-B5CCC9931C3F-LeaderElection173] INFO  impl.RaftServerImpl (ServerState.java:setLeader(255)) - e0742d41-25ee-4eea-9579-711a01e64de1@group-B5CCC9931C3F: change Leader from null to e0742d41-25ee-4eea-9579-711a01e64de1 at term 1 for becomeLeader, leader elected after 1134ms
2019-11-11 20:28:16,064 [e0742d41-25ee-4eea-9579-711a01e64de1@group-B5CCC9931C3F-LeaderElection173] INFO  server.RaftServerConfigKeys (ConfUtils.java:logGet(43)) - raft.server.staging.catchup.gap = 1000 (default)
2019-11-11 20:28:16,064 [e0742d41-25ee-4eea-9579-711a01e64de1@group-B5CCC9931C3F-LeaderElection173] INFO  server.RaftServerConfigKeys (ConfUtils.java:logGet(43)) - raft.server.rpc.sleep.time = 25ms (default)
2019-11-11 20:28:16,064 [e0742d41-25ee-4eea-9579-711a01e64de1@group-B5CCC9931C3F-LeaderElection173] INFO  server.RaftServerConfigKeys (ConfUtils.java:logGet(43)) - raft.server.write.element-limit = 4096 (default)
2019-11-11 20:28:16,068 [e0742d41-25ee-4eea-9579-711a01e64de1@group-B5CCC9931C3F-LeaderElection173] INFO  server.RaftServerConfigKeys (ConfUtils.java:logGet(43)) - raft.server.watch.timeout = 10s (default)
2019-11-11 20:28:16,068 [e0742d41-25ee-4eea-9579-711a01e64de1@group-B5CCC9931C3F-LeaderElection173] INFO  server.RaftServerConfigKeys (ConfUtils.java:logGet(43)) - raft.server.watch.timeout.denomination = 1s (default)
2019-11-11 20:28:16,068 [e0742d41-25ee-4eea-9579-711a01e64de1@group-B5CCC9931C3F-LeaderElection173] INFO  server.RaftServerConfigKeys (ConfUtils.java:logGet(43)) - raft.server.watch.element-limit = 65536 (default)
2019-11-11 20:28:16,068 [e0742d41-25ee-4eea-9579-711a01e64de1@group-B5CCC9931C3F-LeaderElection173] INFO  impl.RoleInfo (RoleInfo.java:updateAndGet(143)) - e0742d41-25ee-4eea-9579-711a01e64de1: start LeaderState
2019-11-11 20:28:16,068 [e0742d41-25ee-4eea-9579-711a01e64de1@group-B5CCC9931C3F-LeaderElection173] INFO  segmented.SegmentedRaftLogWorker (SegmentedRaftLogWorker.java:startLogSegment(385)) - e0742d41-25ee-4eea-9579-711a01e64de1@group-B5CCC9931C3F-SegmentedRaftLogWorker: Starting segment from index:0
2019-11-11 20:28:16,068 [EventQueue-PipelineReportForPipelineReportHandler] INFO  pipeline.PipelineStateManager (PipelineStateManager.java:openPipeline(134)) - Pipeline Pipeline[ Id: ad41858c-bfe6-47ae-b4b7-b5ccc9931c3f, Nodes: e0742d41-25ee-4eea-9579-711a01e64de1{ip: 192.168.69.124, host: pr-hdds-1868-2776b-164702576, networkLocation: /rack1, certSerialId: null}, Type:RATIS, Factor:ONE, State:OPEN] moved to OPEN state
2019-11-11 20:28:16,069 [e0742d41-25ee-4eea-9579-711a01e64de1@group-B5CCC9931C3F-LeaderElection173] INFO  impl.RaftServerImpl (ServerState.java:setRaftConf(356)) - e0742d41-25ee-4eea-9579-711a01e64de1@group-B5CCC9931C3F: set configuration 0: [e0742d41-25ee-4eea-9579-711a01e64de1:192.168.69.124:44547], old=null at 0
2019-11-11 20:28:16,095 [Thread-4375] INFO  impl.FollowerState (FollowerState.java:run(111)) - 4458042f-08fe-441c-a446-1f2065605b64@group-D48E59C3F943-FollowerState: change to CANDIDATE, lastRpcTime:1027ms, electionTimeout:1027ms
2019-11-11 20:28:16,095 [Thread-4375] INFO  impl.RoleInfo (RoleInfo.java:shutdownFollowerState(121)) - 4458042f-08fe-441c-a446-1f2065605b64: shutdown FollowerState
2019-11-11 20:28:16,095 [Thread-4375] INFO  impl.RaftServerImpl (RaftServerImpl.java:setRole(173)) - 4458042f-08fe-441c-a446-1f2065605b64@group-D48E59C3F943: changes role from  FOLLOWER to CANDIDATE at term 0 for changeToCandidate
2019-11-11 20:28:16,096 [Thread-4375] INFO  impl.RoleInfo (RoleInfo.java:updateAndGet(143)) - 4458042f-08fe-441c-a446-1f2065605b64: start LeaderElection
2019-11-11 20:28:16,112 [Thread-4372] INFO  impl.FollowerState (FollowerState.java:run(111)) - f9a7ecd3-e7a4-4080-bb37-5ca61c0ec681@group-D84187C0BAFE-FollowerState: change to CANDIDATE, lastRpcTime:1102ms, electionTimeout:1102ms
2019-11-11 20:28:16,112 [Thread-4372] INFO  impl.RoleInfo (RoleInfo.java:shutdownFollowerState(121)) - f9a7ecd3-e7a4-4080-bb37-5ca61c0ec681: shutdown FollowerState
2019-11-11 20:28:16,112 [Thread-4372] INFO  impl.RaftServerImpl (RaftServerImpl.java:setRole(173)) - f9a7ecd3-e7a4-4080-bb37-5ca61c0ec681@group-D84187C0BAFE: changes role from  FOLLOWER to CANDIDATE at term 0 for changeToCandidate
2019-11-11 20:28:16,112 [Thread-4372] INFO  impl.RoleInfo (RoleInfo.java:updateAndGet(143)) - f9a7ecd3-e7a4-4080-bb37-5ca61c0ec681: start LeaderElection
2019-11-11 20:28:16,130 [e0742d41-25ee-4eea-9579-711a01e64de1@group-B5CCC9931C3F-SegmentedRaftLogWorker] INFO  segmented.SegmentedRaftLogWorker (SegmentedRaftLogWorker.java:execute(576)) - e0742d41-25ee-4eea-9579-711a01e64de1@group-B5CCC9931C3F-SegmentedRaftLogWorker: created new log segment /workdir/hadoop-ozone/integration-test/target/test-dir/MiniOzoneClusterImpl-878a1954-6462-47b6-bdcc-bab86c556cb3/datanode-0/data/ratis/ad41858c-bfe6-47ae-b4b7-b5ccc9931c3f/current/log_inprogress_0
2019-11-11 20:28:16,130 [f9a7ecd3-e7a4-4080-bb37-5ca61c0ec681@group-D84187C0BAFE-LeaderElection175] INFO  impl.LeaderElection (LeaderElection.java:askForVotes(178)) - f9a7ecd3-e7a4-4080-bb37-5ca61c0ec681@group-D84187C0BAFE-LeaderElection175: begin an election at term 1 for -1: [f9a7ecd3-e7a4-4080-bb37-5ca61c0ec681:192.168.69.124:39904], old=null
2019-11-11 20:28:16,130 [4458042f-08fe-441c-a446-1f2065605b64@group-D48E59C3F943-LeaderElection174] INFO  impl.LeaderElection (LeaderElection.java:askForVotes(178)) - 4458042f-08fe-441c-a446-1f2065605b64@group-D48E59C3F943-LeaderElection174: begin an election at term 1 for -1: [4458042f-08fe-441c-a446-1f2065605b64:192.168.69.124:44156], old=null
2019-11-11 20:28:16,130 [f9a7ecd3-e7a4-4080-bb37-5ca61c0ec681@group-D84187C0BAFE-LeaderElection175] INFO  impl.RoleInfo (RoleInfo.java:shutdownLeaderElection(134)) - f9a7ecd3-e7a4-4080-bb37-5ca61c0ec681: shutdown LeaderElection
2019-11-11 20:28:16,131 [4458042f-08fe-441c-a446-1f2065605b64@group-D48E59C3F943-LeaderElection174] INFO  impl.RoleInfo (RoleInfo.java:shutdownLeaderElection(134)) - 4458042f-08fe-441c-a446-1f2065605b64: shutdown LeaderElection
2019-11-11 20:28:16,131 [f9a7ecd3-e7a4-4080-bb37-5ca61c0ec681@group-D84187C0BAFE-LeaderElection175] INFO  impl.RaftServerImpl (RaftServerImpl.java:setRole(173)) - f9a7ecd3-e7a4-4080-bb37-5ca61c0ec681@group-D84187C0BAFE: changes role from CANDIDATE to LEADER at term 1 for changeToLeader
2019-11-11 20:28:16,131 [4458042f-08fe-441c-a446-1f2065605b64@group-D48E59C3F943-LeaderElection174] INFO  impl.RaftServerImpl (RaftServerImpl.java:setRole(173)) - 4458042f-08fe-441c-a446-1f2065605b64@group-D48E59C3F943: changes role from CANDIDATE to LEADER at term 1 for changeToLeader
2019-11-11 20:28:16,131 [f9a7ecd3-e7a4-4080-bb37-5ca61c0ec681@group-D84187C0BAFE-LeaderElection175] INFO  ratis.XceiverServerRatis (XceiverServerRatis.java:handleLeaderChangedNotification(697)) - Leader change notification received for group: group-D84187C0BAFE with new leaderId: f9a7ecd3-e7a4-4080-bb37-5ca61c0ec681
2019-11-11 20:28:16,131 [4458042f-08fe-441c-a446-1f2065605b64@group-D48E59C3F943-LeaderElection174] INFO  ratis.XceiverServerRatis (XceiverServerRatis.java:handleLeaderChangedNotification(697)) - Leader change notification received for group: group-D48E59C3F943 with new leaderId: 4458042f-08fe-441c-a446-1f2065605b64
2019-11-11 20:28:16,131 [f9a7ecd3-e7a4-4080-bb37-5ca61c0ec681@group-D84187C0BAFE-LeaderElection175] INFO  impl.RaftServerImpl (ServerState.java:setLeader(255)) - f9a7ecd3-e7a4-4080-bb37-5ca61c0ec681@group-D84187C0BAFE: change Leader from null to f9a7ecd3-e7a4-4080-bb37-5ca61c0ec681 at term 1 for becomeLeader, leader elected after 1126ms
2019-11-11 20:28:16,131 [4458042f-08fe-441c-a446-1f2065605b64@group-D48E59C3F943-LeaderElection174] INFO  impl.RaftServerImpl (ServerState.java:setLeader(255)) - 4458042f-08fe-441c-a446-1f2065605b64@group-D48E59C3F943: change Leader from null to 4458042f-08fe-441c-a446-1f2065605b64 at term 1 for becomeLeader, leader elected after 1067ms
2019-11-11 20:28:16,131 [f9a7ecd3-e7a4-4080-bb37-5ca61c0ec681@group-D84187C0BAFE-LeaderElection175] INFO  server.RaftServerConfigKeys (ConfUtils.java:logGet(43)) - raft.server.staging.catchup.gap = 1000 (default)
2019-11-11 20:28:16,131 [4458042f-08fe-441c-a446-1f2065605b64@group-D48E59C3F943-LeaderElection174] INFO  server.RaftServerConfigKeys (ConfUtils.java:logGet(43)) - raft.server.staging.catchup.gap = 1000 (default)
2019-11-11 20:28:16,138 [f9a7ecd3-e7a4-4080-bb37-5ca61c0ec681@group-D84187C0BAFE-LeaderElection175] INFO  server.RaftServerConfigKeys (ConfUtils.java:logGet(43)) - raft.server.rpc.sleep.time = 25ms (default)
2019-11-11 20:28:16,138 [4458042f-08fe-441c-a446-1f2065605b64@group-D48E59C3F943-LeaderElection174] INFO  server.RaftServerConfigKeys (ConfUtils.java:logGet(43)) - raft.server.rpc.sleep.time = 25ms (default)
2019-11-11 20:28:16,138 [f9a7ecd3-e7a4-4080-bb37-5ca61c0ec681@group-D84187C0BAFE-LeaderElection175] INFO  server.RaftServerConfigKeys (ConfUtils.java:logGet(43)) - raft.server.write.element-limit = 4096 (default)
2019-11-11 20:28:16,138 [4458042f-08fe-441c-a446-1f2065605b64@group-D48E59C3F943-LeaderElection174] INFO  server.RaftServerConfigKeys (ConfUtils.java:logGet(43)) - raft.server.write.element-limit = 4096 (default)
2019-11-11 20:28:16,138 [f9a7ecd3-e7a4-4080-bb37-5ca61c0ec681@group-D84187C0BAFE-LeaderElection175] INFO  server.RaftServerConfigKeys (ConfUtils.java:logGet(43)) - raft.server.watch.timeout = 10s (default)
2019-11-11 20:28:16,138 [4458042f-08fe-441c-a446-1f2065605b64@group-D48E59C3F943-LeaderElection174] INFO  server.RaftServerConfigKeys (ConfUtils.java:logGet(43)) - raft.server.watch.timeout = 10s (default)
2019-11-11 20:28:16,138 [EventQueue-PipelineReportForPipelineReportHandler] INFO  pipeline.PipelineStateManager (PipelineStateManager.java:openPipeline(134)) - Pipeline Pipeline[ Id: 02b1d5b5-35ba-4330-96ba-d84187c0bafe, Nodes: f9a7ecd3-e7a4-4080-bb37-5ca61c0ec681{ip: 192.168.69.124, host: pr-hdds-1868-2776b-164702576, networkLocation: /rack1, certSerialId: null}, Type:RATIS, Factor:ONE, State:OPEN] moved to OPEN state
2019-11-11 20:28:16,138 [f9a7ecd3-e7a4-4080-bb37-5ca61c0ec681@group-D84187C0BAFE-LeaderElection175] INFO  server.RaftServerConfigKeys (ConfUtils.java:logGet(43)) - raft.server.watch.timeout.denomination = 1s (default)
2019-11-11 20:28:16,138 [EventQueue-PipelineReportForPipelineReportHandler] INFO  pipeline.PipelineStateManager (PipelineStateManager.java:openPipeline(134)) - Pipeline Pipeline[ Id: f4157070-8017-4df8-b2f2-d48e59c3f943, Nodes: 4458042f-08fe-441c-a446-1f2065605b64{ip: 192.168.69.124, host: pr-hdds-1868-2776b-164702576, networkLocation: /rack1, certSerialId: null}, Type:RATIS, Factor:ONE, State:OPEN] moved to OPEN state
2019-11-11 20:28:16,138 [4458042f-08fe-441c-a446-1f2065605b64@group-D48E59C3F943-LeaderElection174] INFO  server.RaftServerConfigKeys (ConfUtils.java:logGet(43)) - raft.server.watch.timeout.denomination = 1s (default)
2019-11-11 20:28:16,139 [f9a7ecd3-e7a4-4080-bb37-5ca61c0ec681@group-D84187C0BAFE-LeaderElection175] INFO  server.RaftServerConfigKeys (ConfUtils.java:logGet(43)) - raft.server.watch.element-limit = 65536 (default)
2019-11-11 20:28:16,139 [4458042f-08fe-441c-a446-1f2065605b64@group-D48E59C3F943-LeaderElection174] INFO  server.RaftServerConfigKeys (ConfUtils.java:logGet(43)) - raft.server.watch.element-limit = 65536 (default)
2019-11-11 20:28:16,139 [f9a7ecd3-e7a4-4080-bb37-5ca61c0ec681@group-D84187C0BAFE-LeaderElection175] INFO  impl.RoleInfo (RoleInfo.java:updateAndGet(143)) - f9a7ecd3-e7a4-4080-bb37-5ca61c0ec681: start LeaderState
2019-11-11 20:28:16,139 [4458042f-08fe-441c-a446-1f2065605b64@group-D48E59C3F943-LeaderElection174] INFO  impl.RoleInfo (RoleInfo.java:updateAndGet(143)) - 4458042f-08fe-441c-a446-1f2065605b64: start LeaderState
2019-11-11 20:28:16,139 [f9a7ecd3-e7a4-4080-bb37-5ca61c0ec681@group-D84187C0BAFE-LeaderElection175] INFO  segmented.SegmentedRaftLogWorker (SegmentedRaftLogWorker.java:startLogSegment(385)) - f9a7ecd3-e7a4-4080-bb37-5ca61c0ec681@group-D84187C0BAFE-SegmentedRaftLogWorker: Starting segment from index:0
2019-11-11 20:28:16,139 [4458042f-08fe-441c-a446-1f2065605b64@group-D48E59C3F943-LeaderElection174] INFO  segmented.SegmentedRaftLogWorker (SegmentedRaftLogWorker.java:startLogSegment(385)) - 4458042f-08fe-441c-a446-1f2065605b64@group-D48E59C3F943-SegmentedRaftLogWorker: Starting segment from index:0
2019-11-11 20:28:16,140 [f9a7ecd3-e7a4-4080-bb37-5ca61c0ec681@group-D84187C0BAFE-LeaderElection175] INFO  impl.RaftServerImpl (ServerState.java:setRaftConf(356)) - f9a7ecd3-e7a4-4080-bb37-5ca61c0ec681@group-D84187C0BAFE: set configuration 0: [f9a7ecd3-e7a4-4080-bb37-5ca61c0ec681:192.168.69.124:39904], old=null at 0
2019-11-11 20:28:16,140 [4458042f-08fe-441c-a446-1f2065605b64@group-D48E59C3F943-LeaderElection174] INFO  impl.RaftServerImpl (ServerState.java:setRaftConf(356)) - 4458042f-08fe-441c-a446-1f2065605b64@group-D48E59C3F943: set configuration 0: [4458042f-08fe-441c-a446-1f2065605b64:192.168.69.124:44156], old=null at 0
2019-11-11 20:28:16,180 [Thread-4382] INFO  impl.FollowerState (FollowerState.java:run(111)) - 4458042f-08fe-441c-a446-1f2065605b64@group-BA1D0B5421B3-FollowerState: change to CANDIDATE, lastRpcTime:1028ms, electionTimeout:1028ms
2019-11-11 20:28:16,180 [Thread-4382] INFO  impl.RoleInfo (RoleInfo.java:shutdownFollowerState(121)) - 4458042f-08fe-441c-a446-1f2065605b64: shutdown FollowerState
2019-11-11 20:28:16,180 [Thread-4382] INFO  impl.RaftServerImpl (RaftServerImpl.java:setRole(173)) - 4458042f-08fe-441c-a446-1f2065605b64@group-BA1D0B5421B3: changes role from  FOLLOWER to CANDIDATE at term 0 for changeToCandidate
2019-11-11 20:28:16,180 [Thread-4382] INFO  impl.RoleInfo (RoleInfo.java:updateAndGet(143)) - 4458042f-08fe-441c-a446-1f2065605b64: start LeaderElection
2019-11-11 20:28:16,197 [f9a7ecd3-e7a4-4080-bb37-5ca61c0ec681@group-D84187C0BAFE-SegmentedRaftLogWorker] INFO  segmented.SegmentedRaftLogWorker (SegmentedRaftLogWorker.java:execute(576)) - f9a7ecd3-e7a4-4080-bb37-5ca61c0ec681@group-D84187C0BAFE-SegmentedRaftLogWorker: created new log segment /workdir/hadoop-ozone/integration-test/target/test-dir/MiniOzoneClusterImpl-878a1954-6462-47b6-bdcc-bab86c556cb3/datanode-1/data/ratis/02b1d5b5-35ba-4330-96ba-d84187c0bafe/current/log_inprogress_0
2019-11-11 20:28:16,197 [4458042f-08fe-441c-a446-1f2065605b64@group-D48E59C3F943-SegmentedRaftLogWorker] INFO  segmented.SegmentedRaftLogWorker (SegmentedRaftLogWorker.java:execute(576)) - 4458042f-08fe-441c-a446-1f2065605b64@group-D48E59C3F943-SegmentedRaftLogWorker: created new log segment /workdir/hadoop-ozone/integration-test/target/test-dir/MiniOzoneClusterImpl-878a1954-6462-47b6-bdcc-bab86c556cb3/datanode-2/data/ratis/f4157070-8017-4df8-b2f2-d48e59c3f943/current/log_inprogress_0
2019-11-11 20:28:16,219 [4458042f-08fe-441c-a446-1f2065605b64@group-BA1D0B5421B3-LeaderElection176] INFO  impl.LeaderElection (LeaderElection.java:askForVotes(178)) - 4458042f-08fe-441c-a446-1f2065605b64@group-BA1D0B5421B3-LeaderElection176: begin an election at term 1 for -1: [e0742d41-25ee-4eea-9579-711a01e64de1:192.168.69.124:44547, 4458042f-08fe-441c-a446-1f2065605b64:192.168.69.124:44156, f9a7ecd3-e7a4-4080-bb37-5ca61c0ec681:192.168.69.124:39904], old=null
2019-11-11 20:28:16,223 [Thread-4383] INFO  impl.FollowerState (FollowerState.java:run(111)) - f9a7ecd3-e7a4-4080-bb37-5ca61c0ec681@group-BA1D0B5421B3-FollowerState: change to CANDIDATE, lastRpcTime:1071ms, electionTimeout:1070ms
2019-11-11 20:28:16,223 [Thread-4383] INFO  impl.RoleInfo (RoleInfo.java:shutdownFollowerState(121)) - f9a7ecd3-e7a4-4080-bb37-5ca61c0ec681: shutdown FollowerState
2019-11-11 20:28:16,223 [Thread-4383] INFO  impl.RaftServerImpl (RaftServerImpl.java:setRole(173)) - f9a7ecd3-e7a4-4080-bb37-5ca61c0ec681@group-BA1D0B5421B3: changes role from  FOLLOWER to CANDIDATE at term 0 for changeToCandidate
2019-11-11 20:28:16,223 [Thread-4383] INFO  impl.RoleInfo (RoleInfo.java:updateAndGet(143)) - f9a7ecd3-e7a4-4080-bb37-5ca61c0ec681: start LeaderElection
2019-11-11 20:28:16,231 [grpc-default-executor-8] INFO  impl.RaftServerImpl (RaftServerImpl.java:setRole(173)) - e0742d41-25ee-4eea-9579-711a01e64de1@group-BA1D0B5421B3: changes role from  FOLLOWER to FOLLOWER at term 1 for recognizeCandidate:4458042f-08fe-441c-a446-1f2065605b64
2019-11-11 20:28:16,231 [grpc-default-executor-8] INFO  impl.RoleInfo (RoleInfo.java:shutdownFollowerState(121)) - e0742d41-25ee-4eea-9579-711a01e64de1: shutdown FollowerState
2019-11-11 20:28:16,231 [grpc-default-executor-8] INFO  impl.RoleInfo (RoleInfo.java:updateAndGet(143)) - e0742d41-25ee-4eea-9579-711a01e64de1: start FollowerState
2019-11-11 20:28:16,232 [Thread-4378] INFO  impl.FollowerState (FollowerState.java:run(120)) - e0742d41-25ee-4eea-9579-711a01e64de1@group-BA1D0B5421B3-FollowerState was interrupted: java.lang.InterruptedException: sleep interrupted
2019-11-11 20:28:16,254 [f9a7ecd3-e7a4-4080-bb37-5ca61c0ec681@group-BA1D0B5421B3-LeaderElection177] INFO  impl.LeaderElection (LeaderElection.java:askForVotes(178)) - f9a7ecd3-e7a4-4080-bb37-5ca61c0ec681@group-BA1D0B5421B3-LeaderElection177: begin an election at term 1 for -1: [e0742d41-25ee-4eea-9579-711a01e64de1:192.168.69.124:44547, 4458042f-08fe-441c-a446-1f2065605b64:192.168.69.124:44156, f9a7ecd3-e7a4-4080-bb37-5ca61c0ec681:192.168.69.124:39904], old=null
2019-11-11 20:28:16,255 [4458042f-08fe-441c-a446-1f2065605b64@group-BA1D0B5421B3-LeaderElection176] INFO  impl.LeaderElection (LeaderElection.java:logAndReturn(56)) - 4458042f-08fe-441c-a446-1f2065605b64@group-BA1D0B5421B3-LeaderElection176: Election PASSED; received 2 response(s) [4458042f-08fe-441c-a446-1f2065605b64<-e0742d41-25ee-4eea-9579-711a01e64de1#0:OK-t1, 4458042f-08fe-441c-a446-1f2065605b64<-f9a7ecd3-e7a4-4080-bb37-5ca61c0ec681#0:FAIL-t1] and 0 exception(s); 4458042f-08fe-441c-a446-1f2065605b64@group-BA1D0B5421B3:t1, leader=null, voted=4458042f-08fe-441c-a446-1f2065605b64, raftlog=4458042f-08fe-441c-a446-1f2065605b64@group-BA1D0B5421B3-SegmentedRaftLog:OPENED:c-1,f-1,i0, conf=-1: [e0742d41-25ee-4eea-9579-711a01e64de1:192.168.69.124:44547, 4458042f-08fe-441c-a446-1f2065605b64:192.168.69.124:44156, f9a7ecd3-e7a4-4080-bb37-5ca61c0ec681:192.168.69.124:39904], old=null
2019-11-11 20:28:16,256 [4458042f-08fe-441c-a446-1f2065605b64@group-BA1D0B5421B3-LeaderElection176] INFO  impl.RoleInfo (RoleInfo.java:shutdownLeaderElection(134)) - 4458042f-08fe-441c-a446-1f2065605b64: shutdown LeaderElection
2019-11-11 20:28:16,256 [4458042f-08fe-441c-a446-1f2065605b64@group-BA1D0B5421B3-LeaderElection176] INFO  impl.RaftServerImpl (RaftServerImpl.java:setRole(173)) - 4458042f-08fe-441c-a446-1f2065605b64@group-BA1D0B5421B3: changes role from CANDIDATE to LEADER at term 1 for changeToLeader
2019-11-11 20:28:16,256 [4458042f-08fe-441c-a446-1f2065605b64@group-BA1D0B5421B3-LeaderElection176] INFO  ratis.XceiverServerRatis (XceiverServerRatis.java:handleLeaderChangedNotification(697)) - Leader change notification received for group: group-BA1D0B5421B3 with new leaderId: 4458042f-08fe-441c-a446-1f2065605b64
2019-11-11 20:28:16,256 [4458042f-08fe-441c-a446-1f2065605b64@group-BA1D0B5421B3-LeaderElection176] INFO  impl.RaftServerImpl (ServerState.java:setLeader(255)) - 4458042f-08fe-441c-a446-1f2065605b64@group-BA1D0B5421B3: change Leader from null to 4458042f-08fe-441c-a446-1f2065605b64 at term 1 for becomeLeader, leader elected after 1114ms
2019-11-11 20:28:16,256 [4458042f-08fe-441c-a446-1f2065605b64@group-BA1D0B5421B3-LeaderElection176] INFO  server.RaftServerConfigKeys (ConfUtils.java:logGet(43)) - raft.server.staging.catchup.gap = 1000 (default)
2019-11-11 20:28:16,256 [4458042f-08fe-441c-a446-1f2065605b64@group-BA1D0B5421B3-LeaderElection176] INFO  server.RaftServerConfigKeys (ConfUtils.java:logGet(43)) - raft.server.rpc.sleep.time = 25ms (default)
2019-11-11 20:28:16,256 [4458042f-08fe-441c-a446-1f2065605b64@group-BA1D0B5421B3-LeaderElection176] INFO  server.RaftServerConfigKeys (ConfUtils.java:logGet(43)) - raft.server.write.element-limit = 4096 (default)
2019-11-11 20:28:16,257 [4458042f-08fe-441c-a446-1f2065605b64@group-BA1D0B5421B3-LeaderElection176] INFO  server.RaftServerConfigKeys (ConfUtils.java:logGet(43)) - raft.server.watch.timeout = 10s (default)
2019-11-11 20:28:16,257 [4458042f-08fe-441c-a446-1f2065605b64@group-BA1D0B5421B3-LeaderElection176] INFO  server.RaftServerConfigKeys (ConfUtils.java:logGet(43)) - raft.server.watch.timeout.denomination = 1s (default)
2019-11-11 20:28:16,257 [4458042f-08fe-441c-a446-1f2065605b64@group-BA1D0B5421B3-LeaderElection176] INFO  server.RaftServerConfigKeys (ConfUtils.java:logGet(43)) - raft.server.watch.element-limit = 65536 (default)
2019-11-11 20:28:16,257 [EventQueue-PipelineReportForPipelineReportHandler] INFO  pipeline.PipelineStateManager (PipelineStateManager.java:openPipeline(134)) - Pipeline Pipeline[ Id: cdbc83e8-4d22-4bce-b0ee-ba1d0b5421b3, Nodes: e0742d41-25ee-4eea-9579-711a01e64de1{ip: 192.168.69.124, host: pr-hdds-1868-2776b-164702576, networkLocation: /rack1, certSerialId: null}4458042f-08fe-441c-a446-1f2065605b64{ip: 192.168.69.124, host: pr-hdds-1868-2776b-164702576, networkLocation: /rack1, certSerialId: null}f9a7ecd3-e7a4-4080-bb37-5ca61c0ec681{ip: 192.168.69.124, host: pr-hdds-1868-2776b-164702576, networkLocation: /rack1, certSerialId: null}, Type:RATIS, Factor:THREE, State:OPEN] moved to OPEN state
2019-11-11 20:28:16,257 [4458042f-08fe-441c-a446-1f2065605b64@group-BA1D0B5421B3-LeaderElection176] INFO  server.RaftServerConfigKeys (ConfUtils.java:logGet(43)) - raft.server.log.appender.snapshot.chunk.size.max = 16MB (=16777216) (default)
2019-11-11 20:28:16,257 [4458042f-08fe-441c-a446-1f2065605b64@group-BA1D0B5421B3-LeaderElection176] INFO  server.RaftServerConfigKeys (ConfUtils.java:logGet(43)) - raft.server.log.appender.buffer.byte-limit = 33554432 (custom)
2019-11-11 20:28:16,258 [4458042f-08fe-441c-a446-1f2065605b64@group-BA1D0B5421B3-LeaderElection176] INFO  server.RaftServerConfigKeys (ConfUtils.java:logGet(43)) - raft.server.log.appender.buffer.element-limit = 1 (custom)
2019-11-11 20:28:16,258 [4458042f-08fe-441c-a446-1f2065605b64@group-BA1D0B5421B3-LeaderElection176] INFO  grpc.GrpcConfigKeys$Server (ConfUtils.java:logGet(43)) - raft.grpc.server.leader.outstanding.appends.max = 128 (default)
2019-11-11 20:28:16,258 [4458042f-08fe-441c-a446-1f2065605b64@group-BA1D0B5421B3-LeaderElection176] INFO  server.RaftServerConfigKeys (ConfUtils.java:logGet(43)) - raft.server.rpc.request.timeout = 3000ms (default)
2019-11-11 20:28:16,258 [4458042f-08fe-441c-a446-1f2065605b64@group-BA1D0B5421B3-LeaderElection176] INFO  server.RaftServerConfigKeys (ConfUtils.java:logGet(43)) - raft.server.log.appender.install.snapshot.enabled = false (custom)
2019-11-11 20:28:16,258 [4458042f-08fe-441c-a446-1f2065605b64@group-BA1D0B5421B3-LeaderElection176] WARN  impl.MetricRegistriesImpl (MetricRegistriesImpl.java:lambda$create$1(61)) - First MetricRegistry has been created without registering reporters. You may need to call MetricRegistries.global().addReportRegistration(...) before.
2019-11-11 20:28:16,259 [4458042f-08fe-441c-a446-1f2065605b64@group-BA1D0B5421B3-LeaderElection176] INFO  server.RaftServerConfigKeys (ConfUtils.java:logGet(43)) - raft.server.log.appender.snapshot.chunk.size.max = 16MB (=16777216) (default)
2019-11-11 20:28:16,259 [4458042f-08fe-441c-a446-1f2065605b64@group-BA1D0B5421B3-LeaderElection176] INFO  server.RaftServerConfigKeys (ConfUtils.java:logGet(43)) - raft.server.log.appender.buffer.byte-limit = 33554432 (custom)
2019-11-11 20:28:16,259 [4458042f-08fe-441c-a446-1f2065605b64@group-BA1D0B5421B3-LeaderElection176] INFO  server.RaftServerConfigKeys (ConfUtils.java:logGet(43)) - raft.server.log.appender.buffer.element-limit = 1 (custom)
2019-11-11 20:28:16,259 [4458042f-08fe-441c-a446-1f2065605b64@group-BA1D0B5421B3-LeaderElection176] INFO  grpc.GrpcConfigKeys$Server (ConfUtils.java:logGet(43)) - raft.grpc.server.leader.outstanding.appends.max = 128 (default)
2019-11-11 20:28:16,259 [4458042f-08fe-441c-a446-1f2065605b64@group-BA1D0B5421B3-LeaderElection176] INFO  server.RaftServerConfigKeys (ConfUtils.java:logGet(43)) - raft.server.rpc.request.timeout = 3000ms (default)
2019-11-11 20:28:16,259 [4458042f-08fe-441c-a446-1f2065605b64@group-BA1D0B5421B3-LeaderElection176] INFO  server.RaftServerConfigKeys (ConfUtils.java:logGet(43)) - raft.server.log.appender.install.snapshot.enabled = false (custom)
2019-11-11 20:28:16,260 [4458042f-08fe-441c-a446-1f2065605b64@group-BA1D0B5421B3-LeaderElection176] INFO  impl.RoleInfo (RoleInfo.java:updateAndGet(143)) - 4458042f-08fe-441c-a446-1f2065605b64: start LeaderState
2019-11-11 20:28:16,260 [4458042f-08fe-441c-a446-1f2065605b64@group-BA1D0B5421B3-LeaderElection176] INFO  segmented.SegmentedRaftLogWorker (SegmentedRaftLogWorker.java:startLogSegment(385)) - 4458042f-08fe-441c-a446-1f2065605b64@group-BA1D0B5421B3-SegmentedRaftLogWorker: Starting segment from index:0
2019-11-11 20:28:16,260 [4458042f-08fe-441c-a446-1f2065605b64@group-BA1D0B5421B3-LeaderElection176] INFO  impl.RaftServerImpl (ServerState.java:setRaftConf(356)) - 4458042f-08fe-441c-a446-1f2065605b64@group-BA1D0B5421B3: set configuration 0: [e0742d41-25ee-4eea-9579-711a01e64de1:192.168.69.124:44547, 4458042f-08fe-441c-a446-1f2065605b64:192.168.69.124:44156, f9a7ecd3-e7a4-4080-bb37-5ca61c0ec681:192.168.69.124:39904], old=null at 0
2019-11-11 20:28:16,261 [grpc-default-executor-8] INFO  impl.RaftServerImpl (RaftServerImpl.java:requestVote(776)) - 4458042f-08fe-441c-a446-1f2065605b64@group-BA1D0B5421B3-   LEADER: Withhold vote from candidate f9a7ecd3-e7a4-4080-bb37-5ca61c0ec681 with term 1. State: leader=4458042f-08fe-441c-a446-1f2065605b64, term=1, lastRpcElapsed=null
2019-11-11 20:28:16,262 [f9a7ecd3-e7a4-4080-bb37-5ca61c0ec681@group-BA1D0B5421B3-LeaderElection177] INFO  impl.LeaderElection (LeaderElection.java:logAndReturn(56)) - f9a7ecd3-e7a4-4080-bb37-5ca61c0ec681@group-BA1D0B5421B3-LeaderElection177: Election REJECTED; received 2 response(s) [f9a7ecd3-e7a4-4080-bb37-5ca61c0ec681<-e0742d41-25ee-4eea-9579-711a01e64de1#0:FAIL-t1, f9a7ecd3-e7a4-4080-bb37-5ca61c0ec681<-4458042f-08fe-441c-a446-1f2065605b64#0:FAIL-t1] and 0 exception(s); f9a7ecd3-e7a4-4080-bb37-5ca61c0ec681@group-BA1D0B5421B3:t1, leader=null, voted=f9a7ecd3-e7a4-4080-bb37-5ca61c0ec681, raftlog=f9a7ecd3-e7a4-4080-bb37-5ca61c0ec681@group-BA1D0B5421B3-SegmentedRaftLog:OPENED:c-1,f-1,i0, conf=-1: [e0742d41-25ee-4eea-9579-711a01e64de1:192.168.69.124:44547, 4458042f-08fe-441c-a446-1f2065605b64:192.168.69.124:44156, f9a7ecd3-e7a4-4080-bb37-5ca61c0ec681:192.168.69.124:39904], old=null
2019-11-11 20:28:16,262 [f9a7ecd3-e7a4-4080-bb37-5ca61c0ec681@group-BA1D0B5421B3-LeaderElection177] INFO  impl.RaftServerImpl (RaftServerImpl.java:setRole(173)) - f9a7ecd3-e7a4-4080-bb37-5ca61c0ec681@group-BA1D0B5421B3: changes role from CANDIDATE to FOLLOWER at term 1 for DISCOVERED_A_NEW_TERM
2019-11-11 20:28:16,262 [grpc-default-executor-8] INFO  ratis.XceiverServerRatis (XceiverServerRatis.java:handleLeaderChangedNotification(697)) - Leader change notification received for group: group-BA1D0B5421B3 with new leaderId: 4458042f-08fe-441c-a446-1f2065605b64
2019-11-11 20:28:16,262 [f9a7ecd3-e7a4-4080-bb37-5ca61c0ec681@group-BA1D0B5421B3-LeaderElection177] INFO  impl.RoleInfo (RoleInfo.java:shutdownLeaderElection(134)) - f9a7ecd3-e7a4-4080-bb37-5ca61c0ec681: shutdown LeaderElection
2019-11-11 20:28:16,262 [grpc-default-executor-8] INFO  impl.RaftServerImpl (ServerState.java:setLeader(255)) - e0742d41-25ee-4eea-9579-711a01e64de1@group-BA1D0B5421B3: change Leader from null to 4458042f-08fe-441c-a446-1f2065605b64 at term 1 for appendEntries, leader elected after 1120ms
2019-11-11 20:28:16,262 [f9a7ecd3-e7a4-4080-bb37-5ca61c0ec681@group-BA1D0B5421B3-LeaderElection177] INFO  impl.RoleInfo (RoleInfo.java:updateAndGet(143)) - f9a7ecd3-e7a4-4080-bb37-5ca61c0ec681: start FollowerState
2019-11-11 20:28:16,263 [grpc-default-executor-5] INFO  ratis.XceiverServerRatis (XceiverServerRatis.java:handleLeaderChangedNotification(697)) - Leader change notification received for group: group-BA1D0B5421B3 with new leaderId: 4458042f-08fe-441c-a446-1f2065605b64
2019-11-11 20:28:16,286 [grpc-default-executor-5] INFO  impl.RaftServerImpl (ServerState.java:setLeader(255)) - f9a7ecd3-e7a4-4080-bb37-5ca61c0ec681@group-BA1D0B5421B3: change Leader from null to 4458042f-08fe-441c-a446-1f2065605b64 at term 1 for appendEntries, leader elected after 1121ms
2019-11-11 20:28:16,287 [grpc-default-executor-5] INFO  impl.RaftServerImpl (ServerState.java:setRaftConf(356)) - e0742d41-25ee-4eea-9579-711a01e64de1@group-BA1D0B5421B3: set configuration 0: [e0742d41-25ee-4eea-9579-711a01e64de1:192.168.69.124:44547, 4458042f-08fe-441c-a446-1f2065605b64:192.168.69.124:44156, f9a7ecd3-e7a4-4080-bb37-5ca61c0ec681:192.168.69.124:39904], old=null at 0
2019-11-11 20:28:16,287 [grpc-default-executor-5] INFO  segmented.SegmentedRaftLogWorker (SegmentedRaftLogWorker.java:startLogSegment(385)) - e0742d41-25ee-4eea-9579-711a01e64de1@group-BA1D0B5421B3-SegmentedRaftLogWorker: Starting segment from index:0
2019-11-11 20:28:16,287 [grpc-default-executor-8] INFO  impl.RaftServerImpl (ServerState.java:setRaftConf(356)) - f9a7ecd3-e7a4-4080-bb37-5ca61c0ec681@group-BA1D0B5421B3: set configuration 0: [e0742d41-25ee-4eea-9579-711a01e64de1:192.168.69.124:44547, 4458042f-08fe-441c-a446-1f2065605b64:192.168.69.124:44156, f9a7ecd3-e7a4-4080-bb37-5ca61c0ec681:192.168.69.124:39904], old=null at 0
2019-11-11 20:28:16,288 [grpc-default-executor-8] INFO  segmented.SegmentedRaftLogWorker (SegmentedRaftLogWorker.java:startLogSegment(385)) - f9a7ecd3-e7a4-4080-bb37-5ca61c0ec681@group-BA1D0B5421B3-SegmentedRaftLogWorker: Starting segment from index:0
2019-11-11 20:28:16,297 [Thread-4390] INFO  impl.FollowerState (FollowerState.java:run(111)) - 396508a6-021e-4f53-afd2-417daf51af04@group-3456CD3D7159-FollowerState: change to CANDIDATE, lastRpcTime:1016ms, electionTimeout:1016ms
2019-11-11 20:28:16,298 [Thread-4390] INFO  impl.RoleInfo (RoleInfo.java:shutdownFollowerState(121)) - 396508a6-021e-4f53-afd2-417daf51af04: shutdown FollowerState
2019-11-11 20:28:16,298 [Thread-4390] INFO  impl.RaftServerImpl (RaftServerImpl.java:setRole(173)) - 396508a6-021e-4f53-afd2-417daf51af04@group-3456CD3D7159: changes role from  FOLLOWER to CANDIDATE at term 0 for changeToCandidate
2019-11-11 20:28:16,298 [Thread-4390] INFO  impl.RoleInfo (RoleInfo.java:updateAndGet(143)) - 396508a6-021e-4f53-afd2-417daf51af04: start LeaderElection
2019-11-11 20:28:16,325 [4458042f-08fe-441c-a446-1f2065605b64@group-BA1D0B5421B3-SegmentedRaftLogWorker] INFO  segmented.SegmentedRaftLogWorker (SegmentedRaftLogWorker.java:execute(576)) - 4458042f-08fe-441c-a446-1f2065605b64@group-BA1D0B5421B3-SegmentedRaftLogWorker: created new log segment /workdir/hadoop-ozone/integration-test/target/test-dir/MiniOzoneClusterImpl-878a1954-6462-47b6-bdcc-bab86c556cb3/datanode-2/data/ratis/cdbc83e8-4d22-4bce-b0ee-ba1d0b5421b3/current/log_inprogress_0
2019-11-11 20:28:16,348 [f9a7ecd3-e7a4-4080-bb37-5ca61c0ec681@group-BA1D0B5421B3-SegmentedRaftLogWorker] INFO  segmented.SegmentedRaftLogWorker (SegmentedRaftLogWorker.java:execute(576)) - f9a7ecd3-e7a4-4080-bb37-5ca61c0ec681@group-BA1D0B5421B3-SegmentedRaftLogWorker: created new log segment /workdir/hadoop-ozone/integration-test/target/test-dir/MiniOzoneClusterImpl-878a1954-6462-47b6-bdcc-bab86c556cb3/datanode-1/data/ratis/cdbc83e8-4d22-4bce-b0ee-ba1d0b5421b3/current/log_inprogress_0
2019-11-11 20:28:16,348 [e0742d41-25ee-4eea-9579-711a01e64de1@group-BA1D0B5421B3-SegmentedRaftLogWorker] INFO  segmented.SegmentedRaftLogWorker (SegmentedRaftLogWorker.java:execute(576)) - e0742d41-25ee-4eea-9579-711a01e64de1@group-BA1D0B5421B3-SegmentedRaftLogWorker: created new log segment /workdir/hadoop-ozone/integration-test/target/test-dir/MiniOzoneClusterImpl-878a1954-6462-47b6-bdcc-bab86c556cb3/datanode-0/data/ratis/cdbc83e8-4d22-4bce-b0ee-ba1d0b5421b3/current/log_inprogress_0
2019-11-11 20:28:16,348 [396508a6-021e-4f53-afd2-417daf51af04@group-3456CD3D7159-LeaderElection178] INFO  impl.LeaderElection (LeaderElection.java:askForVotes(178)) - 396508a6-021e-4f53-afd2-417daf51af04@group-3456CD3D7159-LeaderElection178: begin an election at term 1 for -1: [396508a6-021e-4f53-afd2-417daf51af04:192.168.69.124:45746], old=null
2019-11-11 20:28:16,348 [396508a6-021e-4f53-afd2-417daf51af04@group-3456CD3D7159-LeaderElection178] INFO  impl.RoleInfo (RoleInfo.java:shutdownLeaderElection(134)) - 396508a6-021e-4f53-afd2-417daf51af04: shutdown LeaderElection
2019-11-11 20:28:16,348 [396508a6-021e-4f53-afd2-417daf51af04@group-3456CD3D7159-LeaderElection178] INFO  impl.RaftServerImpl (RaftServerImpl.java:setRole(173)) - 396508a6-021e-4f53-afd2-417daf51af04@group-3456CD3D7159: changes role from CANDIDATE to LEADER at term 1 for changeToLeader
2019-11-11 20:28:16,348 [396508a6-021e-4f53-afd2-417daf51af04@group-3456CD3D7159-LeaderElection178] INFO  ratis.XceiverServerRatis (XceiverServerRatis.java:handleLeaderChangedNotification(697)) - Leader change notification received for group: group-3456CD3D7159 with new leaderId: 396508a6-021e-4f53-afd2-417daf51af04
2019-11-11 20:28:16,348 [396508a6-021e-4f53-afd2-417daf51af04@group-3456CD3D7159-LeaderElection178] INFO  impl.RaftServerImpl (ServerState.java:setLeader(255)) - 396508a6-021e-4f53-afd2-417daf51af04@group-3456CD3D7159: change Leader from null to 396508a6-021e-4f53-afd2-417daf51af04 at term 1 for becomeLeader, leader elected after 1070ms
2019-11-11 20:28:16,349 [396508a6-021e-4f53-afd2-417daf51af04@group-3456CD3D7159-LeaderElection178] INFO  server.RaftServerConfigKeys (ConfUtils.java:logGet(43)) - raft.server.staging.catchup.gap = 1000 (default)
2019-11-11 20:28:16,349 [396508a6-021e-4f53-afd2-417daf51af04@group-3456CD3D7159-LeaderElection178] INFO  server.RaftServerConfigKeys (ConfUtils.java:logGet(43)) - raft.server.rpc.sleep.time = 25ms (default)
2019-11-11 20:28:16,350 [396508a6-021e-4f53-afd2-417daf51af04@group-3456CD3D7159-LeaderElection178] INFO  server.RaftServerConfigKeys (ConfUtils.java:logGet(43)) - raft.server.write.element-limit = 4096 (default)
2019-11-11 20:28:16,351 [396508a6-021e-4f53-afd2-417daf51af04@group-3456CD3D7159-LeaderElection178] INFO  server.RaftServerConfigKeys (ConfUtils.java:logGet(43)) - raft.server.watch.timeout = 10s (default)
2019-11-11 20:28:16,351 [396508a6-021e-4f53-afd2-417daf51af04@group-3456CD3D7159-LeaderElection178] INFO  server.RaftServerConfigKeys (ConfUtils.java:logGet(43)) - raft.server.watch.timeout.denomination = 1s (default)
2019-11-11 20:28:16,351 [396508a6-021e-4f53-afd2-417daf51af04@group-3456CD3D7159-LeaderElection178] INFO  server.RaftServerConfigKeys (ConfUtils.java:logGet(43)) - raft.server.watch.element-limit = 65536 (default)
2019-11-11 20:28:16,351 [396508a6-021e-4f53-afd2-417daf51af04@group-3456CD3D7159-LeaderElection178] INFO  impl.RoleInfo (RoleInfo.java:updateAndGet(143)) - 396508a6-021e-4f53-afd2-417daf51af04: start LeaderState
2019-11-11 20:28:16,351 [EventQueue-PipelineReportForPipelineReportHandler] INFO  pipeline.PipelineStateManager (PipelineStateManager.java:openPipeline(134)) - Pipeline Pipeline[ Id: b16fa23c-7bae-46e9-be97-3456cd3d7159, Nodes: 396508a6-021e-4f53-afd2-417daf51af04{ip: 192.168.69.124, host: pr-hdds-1868-2776b-164702576, networkLocation: /rack1, certSerialId: null}, Type:RATIS, Factor:ONE, State:OPEN] moved to OPEN state
2019-11-11 20:28:16,351 [396508a6-021e-4f53-afd2-417daf51af04@group-3456CD3D7159-LeaderElection178] INFO  segmented.SegmentedRaftLogWorker (SegmentedRaftLogWorker.java:startLogSegment(385)) - 396508a6-021e-4f53-afd2-417daf51af04@group-3456CD3D7159-SegmentedRaftLogWorker: Starting segment from index:0
2019-11-11 20:28:16,352 [396508a6-021e-4f53-afd2-417daf51af04@group-3456CD3D7159-LeaderElection178] INFO  impl.RaftServerImpl (ServerState.java:setRaftConf(356)) - 396508a6-021e-4f53-afd2-417daf51af04@group-3456CD3D7159: set configuration 0: [396508a6-021e-4f53-afd2-417daf51af04:192.168.69.124:45746], old=null at 0
2019-11-11 20:28:16,390 [Thread-4387] INFO  impl.FollowerState (FollowerState.java:run(111)) - 0237f4f0-b27e-4420-99a0-7f40e4083ac0@group-CFDF6326313D-FollowerState: change to CANDIDATE, lastRpcTime:1171ms, electionTimeout:1171ms
2019-11-11 20:28:16,390 [Thread-4387] INFO  impl.RoleInfo (RoleInfo.java:shutdownFollowerState(121)) - 0237f4f0-b27e-4420-99a0-7f40e4083ac0: shutdown FollowerState
2019-11-11 20:28:16,391 [Thread-4387] INFO  impl.RaftServerImpl (RaftServerImpl.java:setRole(173)) - 0237f4f0-b27e-4420-99a0-7f40e4083ac0@group-CFDF6326313D: changes role from  FOLLOWER to CANDIDATE at term 0 for changeToCandidate
2019-11-11 20:28:16,391 [Thread-4387] INFO  impl.RoleInfo (RoleInfo.java:updateAndGet(143)) - 0237f4f0-b27e-4420-99a0-7f40e4083ac0: start LeaderElection
2019-11-11 20:28:16,406 [396508a6-021e-4f53-afd2-417daf51af04@group-3456CD3D7159-SegmentedRaftLogWorker] INFO  segmented.SegmentedRaftLogWorker (SegmentedRaftLogWorker.java:execute(576)) - 396508a6-021e-4f53-afd2-417daf51af04@group-3456CD3D7159-SegmentedRaftLogWorker: created new log segment /workdir/hadoop-ozone/integration-test/target/test-dir/MiniOzoneClusterImpl-878a1954-6462-47b6-bdcc-bab86c556cb3/datanode-4/data/ratis/b16fa23c-7bae-46e9-be97-3456cd3d7159/current/log_inprogress_0
2019-11-11 20:28:16,424 [0237f4f0-b27e-4420-99a0-7f40e4083ac0@group-CFDF6326313D-LeaderElection179] INFO  impl.LeaderElection (LeaderElection.java:askForVotes(178)) - 0237f4f0-b27e-4420-99a0-7f40e4083ac0@group-CFDF6326313D-LeaderElection179: begin an election at term 1 for -1: [0237f4f0-b27e-4420-99a0-7f40e4083ac0:192.168.69.124:41974], old=null
2019-11-11 20:28:16,424 [0237f4f0-b27e-4420-99a0-7f40e4083ac0@group-CFDF6326313D-LeaderElection179] INFO  impl.RoleInfo (RoleInfo.java:shutdownLeaderElection(134)) - 0237f4f0-b27e-4420-99a0-7f40e4083ac0: shutdown LeaderElection
2019-11-11 20:28:16,424 [0237f4f0-b27e-4420-99a0-7f40e4083ac0@group-CFDF6326313D-LeaderElection179] INFO  impl.RaftServerImpl (RaftServerImpl.java:setRole(173)) - 0237f4f0-b27e-4420-99a0-7f40e4083ac0@group-CFDF6326313D: changes role from CANDIDATE to LEADER at term 1 for changeToLeader
2019-11-11 20:28:16,424 [0237f4f0-b27e-4420-99a0-7f40e4083ac0@group-CFDF6326313D-LeaderElection179] INFO  ratis.XceiverServerRatis (XceiverServerRatis.java:handleLeaderChangedNotification(697)) - Leader change notification received for group: group-CFDF6326313D with new leaderId: 0237f4f0-b27e-4420-99a0-7f40e4083ac0
2019-11-11 20:28:16,424 [0237f4f0-b27e-4420-99a0-7f40e4083ac0@group-CFDF6326313D-LeaderElection179] INFO  impl.RaftServerImpl (ServerState.java:setLeader(255)) - 0237f4f0-b27e-4420-99a0-7f40e4083ac0@group-CFDF6326313D: change Leader from null to 0237f4f0-b27e-4420-99a0-7f40e4083ac0 at term 1 for becomeLeader, leader elected after 1214ms
2019-11-11 20:28:16,424 [0237f4f0-b27e-4420-99a0-7f40e4083ac0@group-CFDF6326313D-LeaderElection179] INFO  server.RaftServerConfigKeys (ConfUtils.java:logGet(43)) - raft.server.staging.catchup.gap = 1000 (default)
2019-11-11 20:28:16,424 [0237f4f0-b27e-4420-99a0-7f40e4083ac0@group-CFDF6326313D-LeaderElection179] INFO  server.RaftServerConfigKeys (ConfUtils.java:logGet(43)) - raft.server.rpc.sleep.time = 25ms (default)
2019-11-11 20:28:16,426 [0237f4f0-b27e-4420-99a0-7f40e4083ac0@group-CFDF6326313D-LeaderElection179] INFO  server.RaftServerConfigKeys (ConfUtils.java:logGet(43)) - raft.server.write.element-limit = 4096 (default)
2019-11-11 20:28:16,426 [0237f4f0-b27e-4420-99a0-7f40e4083ac0@group-CFDF6326313D-LeaderElection179] INFO  server.RaftServerConfigKeys (ConfUtils.java:logGet(43)) - raft.server.watch.timeout = 10s (default)
2019-11-11 20:28:16,427 [0237f4f0-b27e-4420-99a0-7f40e4083ac0@group-CFDF6326313D-LeaderElection179] INFO  server.RaftServerConfigKeys (ConfUtils.java:logGet(43)) - raft.server.watch.timeout.denomination = 1s (default)
2019-11-11 20:28:16,427 [0237f4f0-b27e-4420-99a0-7f40e4083ac0@group-CFDF6326313D-LeaderElection179] INFO  server.RaftServerConfigKeys (ConfUtils.java:logGet(43)) - raft.server.watch.element-limit = 65536 (default)
2019-11-11 20:28:16,427 [0237f4f0-b27e-4420-99a0-7f40e4083ac0@group-CFDF6326313D-LeaderElection179] INFO  impl.RoleInfo (RoleInfo.java:updateAndGet(143)) - 0237f4f0-b27e-4420-99a0-7f40e4083ac0: start LeaderState
2019-11-11 20:28:16,427 [0237f4f0-b27e-4420-99a0-7f40e4083ac0@group-CFDF6326313D-LeaderElection179] INFO  segmented.SegmentedRaftLogWorker (SegmentedRaftLogWorker.java:startLogSegment(385)) - 0237f4f0-b27e-4420-99a0-7f40e4083ac0@group-CFDF6326313D-SegmentedRaftLogWorker: Starting segment from index:0
2019-11-11 20:28:16,427 [EventQueue-PipelineReportForPipelineReportHandler] INFO  pipeline.PipelineStateManager (PipelineStateManager.java:openPipeline(134)) - Pipeline Pipeline[ Id: 6f36bd81-9fa3-4441-82c8-cfdf6326313d, Nodes: 0237f4f0-b27e-4420-99a0-7f40e4083ac0{ip: 192.168.69.124, host: pr-hdds-1868-2776b-164702576, networkLocation: /rack1, certSerialId: null}, Type:RATIS, Factor:ONE, State:OPEN] moved to OPEN state
2019-11-11 20:28:16,427 [0237f4f0-b27e-4420-99a0-7f40e4083ac0@group-CFDF6326313D-LeaderElection179] INFO  impl.RaftServerImpl (ServerState.java:setRaftConf(356)) - 0237f4f0-b27e-4420-99a0-7f40e4083ac0@group-CFDF6326313D: set configuration 0: [0237f4f0-b27e-4420-99a0-7f40e4083ac0:192.168.69.124:41974], old=null at 0
2019-11-11 20:28:16,483 [0237f4f0-b27e-4420-99a0-7f40e4083ac0@group-CFDF6326313D-SegmentedRaftLogWorker] INFO  segmented.SegmentedRaftLogWorker (SegmentedRaftLogWorker.java:execute(576)) - 0237f4f0-b27e-4420-99a0-7f40e4083ac0@group-CFDF6326313D-SegmentedRaftLogWorker: created new log segment /workdir/hadoop-ozone/integration-test/target/test-dir/MiniOzoneClusterImpl-878a1954-6462-47b6-bdcc-bab86c556cb3/datanode-3/data/ratis/6f36bd81-9fa3-4441-82c8-cfdf6326313d/current/log_inprogress_0
2019-11-11 20:28:16,485 [Thread-4393] INFO  impl.FollowerState (FollowerState.java:run(111)) - 6ca76b85-30a3-47b0-8ec4-51f6d05896eb@group-E7C0F518E9DE-FollowerState: change to CANDIDATE, lastRpcTime:1129ms, electionTimeout:1129ms
2019-11-11 20:28:16,485 [Thread-4393] INFO  impl.RoleInfo (RoleInfo.java:shutdownFollowerState(121)) - 6ca76b85-30a3-47b0-8ec4-51f6d05896eb: shutdown FollowerState
2019-11-11 20:28:16,486 [Thread-4393] INFO  impl.RaftServerImpl (RaftServerImpl.java:setRole(173)) - 6ca76b85-30a3-47b0-8ec4-51f6d05896eb@group-E7C0F518E9DE: changes role from  FOLLOWER to CANDIDATE at term 0 for changeToCandidate
2019-11-11 20:28:16,486 [Thread-4393] INFO  impl.RoleInfo (RoleInfo.java:updateAndGet(143)) - 6ca76b85-30a3-47b0-8ec4-51f6d05896eb: start LeaderElection
2019-11-11 20:28:16,502 [Thread-4400] INFO  impl.FollowerState (FollowerState.java:run(111)) - 0237f4f0-b27e-4420-99a0-7f40e4083ac0@group-F3780F4274D7-FollowerState: change to CANDIDATE, lastRpcTime:1064ms, electionTimeout:1064ms
2019-11-11 20:28:16,502 [Thread-4400] INFO  impl.RoleInfo (RoleInfo.java:shutdownFollowerState(121)) - 0237f4f0-b27e-4420-99a0-7f40e4083ac0: shutdown FollowerState
2019-11-11 20:28:16,502 [Thread-4400] INFO  impl.RaftServerImpl (RaftServerImpl.java:setRole(173)) - 0237f4f0-b27e-4420-99a0-7f40e4083ac0@group-F3780F4274D7: changes role from  FOLLOWER to CANDIDATE at term 0 for changeToCandidate
2019-11-11 20:28:16,502 [Thread-4400] INFO  impl.RoleInfo (RoleInfo.java:updateAndGet(143)) - 0237f4f0-b27e-4420-99a0-7f40e4083ac0: start LeaderElection
2019-11-11 20:28:16,508 [6ca76b85-30a3-47b0-8ec4-51f6d05896eb@group-E7C0F518E9DE-LeaderElection180] INFO  impl.LeaderElection (LeaderElection.java:askForVotes(178)) - 6ca76b85-30a3-47b0-8ec4-51f6d05896eb@group-E7C0F518E9DE-LeaderElection180: begin an election at term 1 for -1: [6ca76b85-30a3-47b0-8ec4-51f6d05896eb:192.168.69.124:38205], old=null
2019-11-11 20:28:16,508 [6ca76b85-30a3-47b0-8ec4-51f6d05896eb@group-E7C0F518E9DE-LeaderElection180] INFO  impl.RoleInfo (RoleInfo.java:shutdownLeaderElection(134)) - 6ca76b85-30a3-47b0-8ec4-51f6d05896eb: shutdown LeaderElection
2019-11-11 20:28:16,508 [6ca76b85-30a3-47b0-8ec4-51f6d05896eb@group-E7C0F518E9DE-LeaderElection180] INFO  impl.RaftServerImpl (RaftServerImpl.java:setRole(173)) - 6ca76b85-30a3-47b0-8ec4-51f6d05896eb@group-E7C0F518E9DE: changes role from CANDIDATE to LEADER at term 1 for changeToLeader
2019-11-11 20:28:16,508 [6ca76b85-30a3-47b0-8ec4-51f6d05896eb@group-E7C0F518E9DE-LeaderElection180] INFO  ratis.XceiverServerRatis (XceiverServerRatis.java:handleLeaderChangedNotification(697)) - Leader change notification received for group: group-E7C0F518E9DE with new leaderId: 6ca76b85-30a3-47b0-8ec4-51f6d05896eb
2019-11-11 20:28:16,509 [6ca76b85-30a3-47b0-8ec4-51f6d05896eb@group-E7C0F518E9DE-LeaderElection180] INFO  impl.RaftServerImpl (ServerState.java:setLeader(255)) - 6ca76b85-30a3-47b0-8ec4-51f6d05896eb@group-E7C0F518E9DE: change Leader from null to 6ca76b85-30a3-47b0-8ec4-51f6d05896eb at term 1 for becomeLeader, leader elected after 1162ms
2019-11-11 20:28:16,509 [6ca76b85-30a3-47b0-8ec4-51f6d05896eb@group-E7C0F518E9DE-LeaderElection180] INFO  server.RaftServerConfigKeys (ConfUtils.java:logGet(43)) - raft.server.staging.catchup.gap = 1000 (default)
2019-11-11 20:28:16,511 [6ca76b85-30a3-47b0-8ec4-51f6d05896eb@group-E7C0F518E9DE-LeaderElection180] INFO  server.RaftServerConfigKeys (ConfUtils.java:logGet(43)) - raft.server.rpc.sleep.time = 25ms (default)
2019-11-11 20:28:16,511 [6ca76b85-30a3-47b0-8ec4-51f6d05896eb@group-E7C0F518E9DE-LeaderElection180] INFO  server.RaftServerConfigKeys (ConfUtils.java:logGet(43)) - raft.server.write.element-limit = 4096 (default)
2019-11-11 20:28:16,511 [6ca76b85-30a3-47b0-8ec4-51f6d05896eb@group-E7C0F518E9DE-LeaderElection180] INFO  server.RaftServerConfigKeys (ConfUtils.java:logGet(43)) - raft.server.watch.timeout = 10s (default)
2019-11-11 20:28:16,512 [6ca76b85-30a3-47b0-8ec4-51f6d05896eb@group-E7C0F518E9DE-LeaderElection180] INFO  server.RaftServerConfigKeys (ConfUtils.java:logGet(43)) - raft.server.watch.timeout.denomination = 1s (default)
2019-11-11 20:28:16,512 [6ca76b85-30a3-47b0-8ec4-51f6d05896eb@group-E7C0F518E9DE-LeaderElection180] INFO  server.RaftServerConfigKeys (ConfUtils.java:logGet(43)) - raft.server.watch.element-limit = 65536 (default)
2019-11-11 20:28:16,512 [EventQueue-PipelineReportForPipelineReportHandler] INFO  pipeline.PipelineStateManager (PipelineStateManager.java:openPipeline(134)) - Pipeline Pipeline[ Id: a221511a-bb80-4d32-9692-e7c0f518e9de, Nodes: 6ca76b85-30a3-47b0-8ec4-51f6d05896eb{ip: 192.168.69.124, host: pr-hdds-1868-2776b-164702576, networkLocation: /rack1, certSerialId: null}, Type:RATIS, Factor:ONE, State:OPEN] moved to OPEN state
2019-11-11 20:28:16,512 [6ca76b85-30a3-47b0-8ec4-51f6d05896eb@group-E7C0F518E9DE-LeaderElection180] INFO  impl.RoleInfo (RoleInfo.java:updateAndGet(143)) - 6ca76b85-30a3-47b0-8ec4-51f6d05896eb: start LeaderState
2019-11-11 20:28:16,512 [6ca76b85-30a3-47b0-8ec4-51f6d05896eb@group-E7C0F518E9DE-LeaderElection180] INFO  segmented.SegmentedRaftLogWorker (SegmentedRaftLogWorker.java:startLogSegment(385)) - 6ca76b85-30a3-47b0-8ec4-51f6d05896eb@group-E7C0F518E9DE-SegmentedRaftLogWorker: Starting segment from index:0
2019-11-11 20:28:16,513 [6ca76b85-30a3-47b0-8ec4-51f6d05896eb@group-E7C0F518E9DE-LeaderElection180] INFO  impl.RaftServerImpl (ServerState.java:setRaftConf(356)) - 6ca76b85-30a3-47b0-8ec4-51f6d05896eb@group-E7C0F518E9DE: set configuration 0: [6ca76b85-30a3-47b0-8ec4-51f6d05896eb:192.168.69.124:38205], old=null at 0
2019-11-11 20:28:16,542 [0237f4f0-b27e-4420-99a0-7f40e4083ac0@group-F3780F4274D7-LeaderElection181] INFO  impl.LeaderElection (LeaderElection.java:askForVotes(178)) - 0237f4f0-b27e-4420-99a0-7f40e4083ac0@group-F3780F4274D7-LeaderElection181: begin an election at term 1 for -1: [6ca76b85-30a3-47b0-8ec4-51f6d05896eb:192.168.69.124:38205, 0237f4f0-b27e-4420-99a0-7f40e4083ac0:192.168.69.124:41974, 396508a6-021e-4f53-afd2-417daf51af04:192.168.69.124:45746], old=null
2019-11-11 20:28:16,548 [grpc-default-executor-8] INFO  impl.RaftServerImpl (RaftServerImpl.java:setRole(173)) - 396508a6-021e-4f53-afd2-417daf51af04@group-F3780F4274D7: changes role from  FOLLOWER to FOLLOWER at term 1 for recognizeCandidate:0237f4f0-b27e-4420-99a0-7f40e4083ac0
2019-11-11 20:28:16,548 [grpc-default-executor-8] INFO  impl.RoleInfo (RoleInfo.java:shutdownFollowerState(121)) - 396508a6-021e-4f53-afd2-417daf51af04: shutdown FollowerState
2019-11-11 20:28:16,548 [grpc-default-executor-5] INFO  impl.RaftServerImpl (RaftServerImpl.java:setRole(173)) - 6ca76b85-30a3-47b0-8ec4-51f6d05896eb@group-F3780F4274D7: changes role from  FOLLOWER to FOLLOWER at term 1 for recognizeCandidate:0237f4f0-b27e-4420-99a0-7f40e4083ac0
2019-11-11 20:28:16,548 [Thread-4401] INFO  impl.FollowerState (FollowerState.java:run(120)) - 396508a6-021e-4f53-afd2-417daf51af04@group-F3780F4274D7-FollowerState was interrupted: java.lang.InterruptedException: sleep interrupted
2019-11-11 20:28:16,548 [grpc-default-executor-8] INFO  impl.RoleInfo (RoleInfo.java:updateAndGet(143)) - 396508a6-021e-4f53-afd2-417daf51af04: start FollowerState
2019-11-11 20:28:16,549 [grpc-default-executor-5] INFO  impl.RoleInfo (RoleInfo.java:shutdownFollowerState(121)) - 6ca76b85-30a3-47b0-8ec4-51f6d05896eb: shutdown FollowerState
2019-11-11 20:28:16,549 [Thread-4396] INFO  impl.FollowerState (FollowerState.java:run(120)) - 6ca76b85-30a3-47b0-8ec4-51f6d05896eb@group-F3780F4274D7-FollowerState was interrupted: java.lang.InterruptedException: sleep interrupted
2019-11-11 20:28:16,549 [grpc-default-executor-5] INFO  impl.RoleInfo (RoleInfo.java:updateAndGet(143)) - 6ca76b85-30a3-47b0-8ec4-51f6d05896eb: start FollowerState
2019-11-11 20:28:16,559 [6ca76b85-30a3-47b0-8ec4-51f6d05896eb@group-E7C0F518E9DE-SegmentedRaftLogWorker] INFO  segmented.SegmentedRaftLogWorker (SegmentedRaftLogWorker.java:execute(576)) - 6ca76b85-30a3-47b0-8ec4-51f6d05896eb@group-E7C0F518E9DE-SegmentedRaftLogWorker: created new log segment /workdir/hadoop-ozone/integration-test/target/test-dir/MiniOzoneClusterImpl-878a1954-6462-47b6-bdcc-bab86c556cb3/datanode-5/data/ratis/a221511a-bb80-4d32-9692-e7c0f518e9de/current/log_inprogress_0
2019-11-11 20:28:16,569 [Thread-4408] INFO  impl.FollowerState (FollowerState.java:run(111)) - fb7bce6a-1cd3-4beb-8a28-448fd0b8448e@group-DD97666EF66C-FollowerState: change to CANDIDATE, lastRpcTime:1001ms, electionTimeout:1001ms
2019-11-11 20:28:16,569 [Thread-4408] INFO  impl.RoleInfo (RoleInfo.java:shutdownFollowerState(121)) - fb7bce6a-1cd3-4beb-8a28-448fd0b8448e: shutdown FollowerState
2019-11-11 20:28:16,569 [Thread-4408] INFO  impl.RaftServerImpl (RaftServerImpl.java:setRole(173)) - fb7bce6a-1cd3-4beb-8a28-448fd0b8448e@group-DD97666EF66C: changes role from  FOLLOWER to CANDIDATE at term 0 for changeToCandidate
2019-11-11 20:28:16,569 [Thread-4408] INFO  impl.RoleInfo (RoleInfo.java:updateAndGet(143)) - fb7bce6a-1cd3-4beb-8a28-448fd0b8448e: start LeaderElection
2019-11-11 20:28:16,577 [0237f4f0-b27e-4420-99a0-7f40e4083ac0@group-F3780F4274D7-LeaderElection181] INFO  impl.LeaderElection (LeaderElection.java:logAndReturn(56)) - 0237f4f0-b27e-4420-99a0-7f40e4083ac0@group-F3780F4274D7-LeaderElection181: Election PASSED; received 1 response(s) [0237f4f0-b27e-4420-99a0-7f40e4083ac0<-396508a6-021e-4f53-afd2-417daf51af04#0:OK-t1] and 0 exception(s); 0237f4f0-b27e-4420-99a0-7f40e4083ac0@group-F3780F4274D7:t1, leader=null, voted=0237f4f0-b27e-4420-99a0-7f40e4083ac0, raftlog=0237f4f0-b27e-4420-99a0-7f40e4083ac0@group-F3780F4274D7-SegmentedRaftLog:OPENED:c-1,f-1,i0, conf=-1: [6ca76b85-30a3-47b0-8ec4-51f6d05896eb:192.168.69.124:38205, 0237f4f0-b27e-4420-99a0-7f40e4083ac0:192.168.69.124:41974, 396508a6-021e-4f53-afd2-417daf51af04:192.168.69.124:45746], old=null
2019-11-11 20:28:16,577 [0237f4f0-b27e-4420-99a0-7f40e4083ac0@group-F3780F4274D7-LeaderElection181] INFO  impl.RoleInfo (RoleInfo.java:shutdownLeaderElection(134)) - 0237f4f0-b27e-4420-99a0-7f40e4083ac0: shutdown LeaderElection
2019-11-11 20:28:16,577 [0237f4f0-b27e-4420-99a0-7f40e4083ac0@group-F3780F4274D7-LeaderElection181] INFO  impl.RaftServerImpl (RaftServerImpl.java:setRole(173)) - 0237f4f0-b27e-4420-99a0-7f40e4083ac0@group-F3780F4274D7: changes role from CANDIDATE to LEADER at term 1 for changeToLeader
2019-11-11 20:28:16,577 [0237f4f0-b27e-4420-99a0-7f40e4083ac0@group-F3780F4274D7-LeaderElection181] INFO  ratis.XceiverServerRatis (XceiverServerRatis.java:handleLeaderChangedNotification(697)) - Leader change notification received for group: group-F3780F4274D7 with new leaderId: 0237f4f0-b27e-4420-99a0-7f40e4083ac0
2019-11-11 20:28:16,577 [0237f4f0-b27e-4420-99a0-7f40e4083ac0@group-F3780F4274D7-LeaderElection181] INFO  impl.RaftServerImpl (ServerState.java:setLeader(255)) - 0237f4f0-b27e-4420-99a0-7f40e4083ac0@group-F3780F4274D7: change Leader from null to 0237f4f0-b27e-4420-99a0-7f40e4083ac0 at term 1 for becomeLeader, leader elected after 1149ms
2019-11-11 20:28:16,577 [0237f4f0-b27e-4420-99a0-7f40e4083ac0@group-F3780F4274D7-LeaderElection181] INFO  server.RaftServerConfigKeys (ConfUtils.java:logGet(43)) - raft.server.staging.catchup.gap = 1000 (default)
2019-11-11 20:28:16,578 [0237f4f0-b27e-4420-99a0-7f40e4083ac0@group-F3780F4274D7-LeaderElection181] INFO  server.RaftServerConfigKeys (ConfUtils.java:logGet(43)) - raft.server.rpc.sleep.time = 25ms (default)
2019-11-11 20:28:16,578 [0237f4f0-b27e-4420-99a0-7f40e4083ac0@group-F3780F4274D7-LeaderElection181] INFO  server.RaftServerConfigKeys (ConfUtils.java:logGet(43)) - raft.server.write.element-limit = 4096 (default)
2019-11-11 20:28:16,578 [0237f4f0-b27e-4420-99a0-7f40e4083ac0@group-F3780F4274D7-LeaderElection181] INFO  server.RaftServerConfigKeys (ConfUtils.java:logGet(43)) - raft.server.watch.timeout = 10s (default)
2019-11-11 20:28:16,578 [0237f4f0-b27e-4420-99a0-7f40e4083ac0@group-F3780F4274D7-LeaderElection181] INFO  server.RaftServerConfigKeys (ConfUtils.java:logGet(43)) - raft.server.watch.timeout.denomination = 1s (default)
2019-11-11 20:28:16,578 [0237f4f0-b27e-4420-99a0-7f40e4083ac0@group-F3780F4274D7-LeaderElection181] INFO  server.RaftServerConfigKeys (ConfUtils.java:logGet(43)) - raft.server.watch.element-limit = 65536 (default)
2019-11-11 20:28:16,578 [EventQueue-PipelineReportForPipelineReportHandler] INFO  pipeline.PipelineStateManager (PipelineStateManager.java:openPipeline(134)) - Pipeline Pipeline[ Id: e4232824-ac0c-40ce-b260-f3780f4274d7, Nodes: 6ca76b85-30a3-47b0-8ec4-51f6d05896eb{ip: 192.168.69.124, host: pr-hdds-1868-2776b-164702576, networkLocation: /rack1, certSerialId: null}0237f4f0-b27e-4420-99a0-7f40e4083ac0{ip: 192.168.69.124, host: pr-hdds-1868-2776b-164702576, networkLocation: /rack1, certSerialId: null}396508a6-021e-4f53-afd2-417daf51af04{ip: 192.168.69.124, host: pr-hdds-1868-2776b-164702576, networkLocation: /rack1, certSerialId: null}, Type:RATIS, Factor:THREE, State:OPEN] moved to OPEN state
2019-11-11 20:28:16,579 [0237f4f0-b27e-4420-99a0-7f40e4083ac0@group-F3780F4274D7-LeaderElection181] INFO  server.RaftServerConfigKeys (ConfUtils.java:logGet(43)) - raft.server.log.appender.snapshot.chunk.size.max = 16MB (=16777216) (default)
2019-11-11 20:28:16,579 [0237f4f0-b27e-4420-99a0-7f40e4083ac0@group-F3780F4274D7-LeaderElection181] INFO  server.RaftServerConfigKeys (ConfUtils.java:logGet(43)) - raft.server.log.appender.buffer.byte-limit = 33554432 (custom)
2019-11-11 20:28:16,579 [0237f4f0-b27e-4420-99a0-7f40e4083ac0@group-F3780F4274D7-LeaderElection181] INFO  server.RaftServerConfigKeys (ConfUtils.java:logGet(43)) - raft.server.log.appender.buffer.element-limit = 1 (custom)
2019-11-11 20:28:16,579 [0237f4f0-b27e-4420-99a0-7f40e4083ac0@group-F3780F4274D7-LeaderElection181] INFO  grpc.GrpcConfigKeys$Server (ConfUtils.java:logGet(43)) - raft.grpc.server.leader.outstanding.appends.max = 128 (default)
2019-11-11 20:28:16,579 [0237f4f0-b27e-4420-99a0-7f40e4083ac0@group-F3780F4274D7-LeaderElection181] INFO  server.RaftServerConfigKeys (ConfUtils.java:logGet(43)) - raft.server.rpc.request.timeout = 3000ms (default)
2019-11-11 20:28:16,580 [0237f4f0-b27e-4420-99a0-7f40e4083ac0@group-F3780F4274D7-LeaderElection181] INFO  server.RaftServerConfigKeys (ConfUtils.java:logGet(43)) - raft.server.log.appender.install.snapshot.enabled = false (custom)
2019-11-11 20:28:16,580 [0237f4f0-b27e-4420-99a0-7f40e4083ac0@group-F3780F4274D7-LeaderElection181] WARN  impl.MetricRegistriesImpl (MetricRegistriesImpl.java:lambda$create$1(61)) - First MetricRegistry has been created without registering reporters. You may need to call MetricRegistries.global().addReportRegistration(...) before.
2019-11-11 20:28:16,580 [0237f4f0-b27e-4420-99a0-7f40e4083ac0@group-F3780F4274D7-LeaderElection181] INFO  server.RaftServerConfigKeys (ConfUtils.java:logGet(43)) - raft.server.log.appender.snapshot.chunk.size.max = 16MB (=16777216) (default)
2019-11-11 20:28:16,580 [0237f4f0-b27e-4420-99a0-7f40e4083ac0@group-F3780F4274D7-LeaderElection181] INFO  server.RaftServerConfigKeys (ConfUtils.java:logGet(43)) - raft.server.log.appender.buffer.byte-limit = 33554432 (custom)
2019-11-11 20:28:16,580 [0237f4f0-b27e-4420-99a0-7f40e4083ac0@group-F3780F4274D7-LeaderElection181] INFO  server.RaftServerConfigKeys (ConfUtils.java:logGet(43)) - raft.server.log.appender.buffer.element-limit = 1 (custom)
2019-11-11 20:28:16,580 [0237f4f0-b27e-4420-99a0-7f40e4083ac0@group-F3780F4274D7-LeaderElection181] INFO  grpc.GrpcConfigKeys$Server (ConfUtils.java:logGet(43)) - raft.grpc.server.leader.outstanding.appends.max = 128 (default)
2019-11-11 20:28:16,581 [0237f4f0-b27e-4420-99a0-7f40e4083ac0@group-F3780F4274D7-LeaderElection181] INFO  server.RaftServerConfigKeys (ConfUtils.java:logGet(43)) - raft.server.rpc.request.timeout = 3000ms (default)
2019-11-11 20:28:16,581 [0237f4f0-b27e-4420-99a0-7f40e4083ac0@group-F3780F4274D7-LeaderElection181] INFO  server.RaftServerConfigKeys (ConfUtils.java:logGet(43)) - raft.server.log.appender.install.snapshot.enabled = false (custom)
2019-11-11 20:28:16,581 [0237f4f0-b27e-4420-99a0-7f40e4083ac0@group-F3780F4274D7-LeaderElection181] INFO  impl.RoleInfo (RoleInfo.java:updateAndGet(143)) - 0237f4f0-b27e-4420-99a0-7f40e4083ac0: start LeaderState
2019-11-11 20:28:16,581 [0237f4f0-b27e-4420-99a0-7f40e4083ac0@group-F3780F4274D7-LeaderElection181] INFO  segmented.SegmentedRaftLogWorker (SegmentedRaftLogWorker.java:startLogSegment(385)) - 0237f4f0-b27e-4420-99a0-7f40e4083ac0@group-F3780F4274D7-SegmentedRaftLogWorker: Starting segment from index:0
2019-11-11 20:28:16,582 [0237f4f0-b27e-4420-99a0-7f40e4083ac0@group-F3780F4274D7-LeaderElection181] INFO  impl.RaftServerImpl (ServerState.java:setRaftConf(356)) - 0237f4f0-b27e-4420-99a0-7f40e4083ac0@group-F3780F4274D7: set configuration 0: [6ca76b85-30a3-47b0-8ec4-51f6d05896eb:192.168.69.124:38205, 0237f4f0-b27e-4420-99a0-7f40e4083ac0:192.168.69.124:41974, 396508a6-021e-4f53-afd2-417daf51af04:192.168.69.124:45746], old=null at 0
2019-11-11 20:28:16,583 [grpc-default-executor-5] INFO  ratis.XceiverServerRatis (XceiverServerRatis.java:handleLeaderChangedNotification(697)) - Leader change notification received for group: group-F3780F4274D7 with new leaderId: 0237f4f0-b27e-4420-99a0-7f40e4083ac0
2019-11-11 20:28:16,583 [grpc-default-executor-5] INFO  impl.RaftServerImpl (ServerState.java:setLeader(255)) - 6ca76b85-30a3-47b0-8ec4-51f6d05896eb@group-F3780F4274D7: change Leader from null to 0237f4f0-b27e-4420-99a0-7f40e4083ac0 at term 1 for appendEntries, leader elected after 1155ms
2019-11-11 20:28:16,583 [grpc-default-executor-8] INFO  ratis.XceiverServerRatis (XceiverServerRatis.java:handleLeaderChangedNotification(697)) - Leader change notification received for group: group-F3780F4274D7 with new leaderId: 0237f4f0-b27e-4420-99a0-7f40e4083ac0
2019-11-11 20:28:16,583 [grpc-default-executor-8] INFO  impl.RaftServerImpl (ServerState.java:setLeader(255)) - 396508a6-021e-4f53-afd2-417daf51af04@group-F3780F4274D7: change Leader from null to 0237f4f0-b27e-4420-99a0-7f40e4083ac0 at term 1 for appendEntries, leader elected after 1155ms
2019-11-11 20:28:16,618 [fb7bce6a-1cd3-4beb-8a28-448fd0b8448e@group-DD97666EF66C-LeaderElection182] INFO  impl.LeaderElection (LeaderElection.java:askForVotes(178)) - fb7bce6a-1cd3-4beb-8a28-448fd0b8448e@group-DD97666EF66C-LeaderElection182: begin an election at term 1 for -1: [fb7bce6a-1cd3-4beb-8a28-448fd0b8448e:192.168.69.124:37289], old=null
2019-11-11 20:28:16,618 [fb7bce6a-1cd3-4beb-8a28-448fd0b8448e@group-DD97666EF66C-LeaderElection182] INFO  impl.RoleInfo (RoleInfo.java:shutdownLeaderElection(134)) - fb7bce6a-1cd3-4beb-8a28-448fd0b8448e: shutdown LeaderElection
2019-11-11 20:28:16,620 [fb7bce6a-1cd3-4beb-8a28-448fd0b8448e@group-DD97666EF66C-LeaderElection182] INFO  impl.RaftServerImpl (RaftServerImpl.java:setRole(173)) - fb7bce6a-1cd3-4beb-8a28-448fd0b8448e@group-DD97666EF66C: changes role from CANDIDATE to LEADER at term 1 for changeToLeader
2019-11-11 20:28:16,620 [fb7bce6a-1cd3-4beb-8a28-448fd0b8448e@group-DD97666EF66C-LeaderElection182] INFO  ratis.XceiverServerRatis (XceiverServerRatis.java:handleLeaderChangedNotification(697)) - Leader change notification received for group: group-DD97666EF66C with new leaderId: fb7bce6a-1cd3-4beb-8a28-448fd0b8448e
2019-11-11 20:28:16,621 [fb7bce6a-1cd3-4beb-8a28-448fd0b8448e@group-DD97666EF66C-LeaderElection182] INFO  impl.RaftServerImpl (ServerState.java:setLeader(255)) - fb7bce6a-1cd3-4beb-8a28-448fd0b8448e@group-DD97666EF66C: change Leader from null to fb7bce6a-1cd3-4beb-8a28-448fd0b8448e at term 1 for becomeLeader, leader elected after 1055ms
2019-11-11 20:28:16,621 [fb7bce6a-1cd3-4beb-8a28-448fd0b8448e@group-DD97666EF66C-LeaderElection182] INFO  server.RaftServerConfigKeys (ConfUtils.java:logGet(43)) - raft.server.staging.catchup.gap = 1000 (default)
2019-11-11 20:28:16,623 [fb7bce6a-1cd3-4beb-8a28-448fd0b8448e@group-DD97666EF66C-LeaderElection182] INFO  server.RaftServerConfigKeys (ConfUtils.java:logGet(43)) - raft.server.rpc.sleep.time = 25ms (default)
2019-11-11 20:28:16,623 [fb7bce6a-1cd3-4beb-8a28-448fd0b8448e@group-DD97666EF66C-LeaderElection182] INFO  server.RaftServerConfigKeys (ConfUtils.java:logGet(43)) - raft.server.write.element-limit = 4096 (default)
2019-11-11 20:28:16,623 [fb7bce6a-1cd3-4beb-8a28-448fd0b8448e@group-DD97666EF66C-LeaderElection182] INFO  server.RaftServerConfigKeys (ConfUtils.java:logGet(43)) - raft.server.watch.timeout = 10s (default)
2019-11-11 20:28:16,623 [fb7bce6a-1cd3-4beb-8a28-448fd0b8448e@group-DD97666EF66C-LeaderElection182] INFO  server.RaftServerConfigKeys (ConfUtils.java:logGet(43)) - raft.server.watch.timeout.denomination = 1s (default)
2019-11-11 20:28:16,623 [fb7bce6a-1cd3-4beb-8a28-448fd0b8448e@group-DD97666EF66C-LeaderElection182] INFO  server.RaftServerConfigKeys (ConfUtils.java:logGet(43)) - raft.server.watch.element-limit = 65536 (default)
2019-11-11 20:28:16,624 [fb7bce6a-1cd3-4beb-8a28-448fd0b8448e@group-DD97666EF66C-LeaderElection182] INFO  impl.RoleInfo (RoleInfo.java:updateAndGet(143)) - fb7bce6a-1cd3-4beb-8a28-448fd0b8448e: start LeaderState
2019-11-11 20:28:16,624 [EventQueue-PipelineReportForPipelineReportHandler] INFO  pipeline.PipelineStateManager (PipelineStateManager.java:openPipeline(134)) - Pipeline Pipeline[ Id: 8b82e9ce-d51a-482c-b1b2-dd97666ef66c, Nodes: fb7bce6a-1cd3-4beb-8a28-448fd0b8448e{ip: 192.168.69.124, host: pr-hdds-1868-2776b-164702576, networkLocation: /rack1, certSerialId: null}, Type:RATIS, Factor:ONE, State:OPEN] moved to OPEN state
2019-11-11 20:28:16,624 [fb7bce6a-1cd3-4beb-8a28-448fd0b8448e@group-DD97666EF66C-LeaderElection182] INFO  segmented.SegmentedRaftLogWorker (SegmentedRaftLogWorker.java:startLogSegment(385)) - fb7bce6a-1cd3-4beb-8a28-448fd0b8448e@group-DD97666EF66C-SegmentedRaftLogWorker: Starting segment from index:0
2019-11-11 20:28:16,624 [grpc-default-executor-8] INFO  impl.RaftServerImpl (ServerState.java:setRaftConf(356)) - 6ca76b85-30a3-47b0-8ec4-51f6d05896eb@group-F3780F4274D7: set configuration 0: [6ca76b85-30a3-47b0-8ec4-51f6d05896eb:192.168.69.124:38205, 0237f4f0-b27e-4420-99a0-7f40e4083ac0:192.168.69.124:41974, 396508a6-021e-4f53-afd2-417daf51af04:192.168.69.124:45746], old=null at 0
2019-11-11 20:28:16,624 [fb7bce6a-1cd3-4beb-8a28-448fd0b8448e@group-DD97666EF66C-LeaderElection182] INFO  impl.RaftServerImpl (ServerState.java:setRaftConf(356)) - fb7bce6a-1cd3-4beb-8a28-448fd0b8448e@group-DD97666EF66C: set configuration 0: [fb7bce6a-1cd3-4beb-8a28-448fd0b8448e:192.168.69.124:37289], old=null at 0
2019-11-11 20:28:16,624 [grpc-default-executor-5] INFO  impl.RaftServerImpl (ServerState.java:setRaftConf(356)) - 396508a6-021e-4f53-afd2-417daf51af04@group-F3780F4274D7: set configuration 0: [6ca76b85-30a3-47b0-8ec4-51f6d05896eb:192.168.69.124:38205, 0237f4f0-b27e-4420-99a0-7f40e4083ac0:192.168.69.124:41974, 396508a6-021e-4f53-afd2-417daf51af04:192.168.69.124:45746], old=null at 0
2019-11-11 20:28:16,624 [grpc-default-executor-8] INFO  segmented.SegmentedRaftLogWorker (SegmentedRaftLogWorker.java:startLogSegment(385)) - 6ca76b85-30a3-47b0-8ec4-51f6d05896eb@group-F3780F4274D7-SegmentedRaftLogWorker: Starting segment from index:0
2019-11-11 20:28:16,625 [grpc-default-executor-5] INFO  segmented.SegmentedRaftLogWorker (SegmentedRaftLogWorker.java:startLogSegment(385)) - 396508a6-021e-4f53-afd2-417daf51af04@group-F3780F4274D7-SegmentedRaftLogWorker: Starting segment from index:0
2019-11-11 20:28:16,638 [Thread-4405] INFO  impl.FollowerState (FollowerState.java:run(111)) - 75be7957-289d-4245-a821-fc5677a0cfb7@group-DCC00F614BE2-FollowerState: change to CANDIDATE, lastRpcTime:1128ms, electionTimeout:1128ms
2019-11-11 20:28:16,639 [Thread-4405] INFO  impl.RoleInfo (RoleInfo.java:shutdownFollowerState(121)) - 75be7957-289d-4245-a821-fc5677a0cfb7: shutdown FollowerState
2019-11-11 20:28:16,639 [Thread-4405] INFO  impl.RaftServerImpl (RaftServerImpl.java:setRole(173)) - 75be7957-289d-4245-a821-fc5677a0cfb7@group-DCC00F614BE2: changes role from  FOLLOWER to CANDIDATE at term 0 for changeToCandidate
2019-11-11 20:28:16,639 [Thread-4405] INFO  impl.RoleInfo (RoleInfo.java:updateAndGet(143)) - 75be7957-289d-4245-a821-fc5677a0cfb7: start LeaderElection
2019-11-11 20:28:16,672 [0237f4f0-b27e-4420-99a0-7f40e4083ac0@group-F3780F4274D7-SegmentedRaftLogWorker] INFO  segmented.SegmentedRaftLogWorker (SegmentedRaftLogWorker.java:execute(576)) - 0237f4f0-b27e-4420-99a0-7f40e4083ac0@group-F3780F4274D7-SegmentedRaftLogWorker: created new log segment /workdir/hadoop-ozone/integration-test/target/test-dir/MiniOzoneClusterImpl-878a1954-6462-47b6-bdcc-bab86c556cb3/datanode-3/data/ratis/e4232824-ac0c-40ce-b260-f3780f4274d7/current/log_inprogress_0
2019-11-11 20:28:16,695 [fb7bce6a-1cd3-4beb-8a28-448fd0b8448e@group-DD97666EF66C-SegmentedRaftLogWorker] INFO  segmented.SegmentedRaftLogWorker (SegmentedRaftLogWorker.java:execute(576)) - fb7bce6a-1cd3-4beb-8a28-448fd0b8448e@group-DD97666EF66C-SegmentedRaftLogWorker: created new log segment /workdir/hadoop-ozone/integration-test/target/test-dir/MiniOzoneClusterImpl-878a1954-6462-47b6-bdcc-bab86c556cb3/datanode-7/data/ratis/8b82e9ce-d51a-482c-b1b2-dd97666ef66c/current/log_inprogress_0
2019-11-11 20:28:16,695 [6ca76b85-30a3-47b0-8ec4-51f6d05896eb@group-F3780F4274D7-SegmentedRaftLogWorker] INFO  segmented.SegmentedRaftLogWorker (SegmentedRaftLogWorker.java:execute(576)) - 6ca76b85-30a3-47b0-8ec4-51f6d05896eb@group-F3780F4274D7-SegmentedRaftLogWorker: created new log segment /workdir/hadoop-ozone/integration-test/target/test-dir/MiniOzoneClusterImpl-878a1954-6462-47b6-bdcc-bab86c556cb3/datanode-5/data/ratis/e4232824-ac0c-40ce-b260-f3780f4274d7/current/log_inprogress_0
2019-11-11 20:28:16,695 [75be7957-289d-4245-a821-fc5677a0cfb7@group-DCC00F614BE2-LeaderElection183] INFO  impl.LeaderElection (LeaderElection.java:askForVotes(178)) - 75be7957-289d-4245-a821-fc5677a0cfb7@group-DCC00F614BE2-LeaderElection183: begin an election at term 1 for -1: [75be7957-289d-4245-a821-fc5677a0cfb7:192.168.69.124:39702], old=null
2019-11-11 20:28:16,695 [396508a6-021e-4f53-afd2-417daf51af04@group-F3780F4274D7-SegmentedRaftLogWorker] INFO  segmented.SegmentedRaftLogWorker (SegmentedRaftLogWorker.java:execute(576)) - 396508a6-021e-4f53-afd2-417daf51af04@group-F3780F4274D7-SegmentedRaftLogWorker: created new log segment /workdir/hadoop-ozone/integration-test/target/test-dir/MiniOzoneClusterImpl-878a1954-6462-47b6-bdcc-bab86c556cb3/datanode-4/data/ratis/e4232824-ac0c-40ce-b260-f3780f4274d7/current/log_inprogress_0
2019-11-11 20:28:16,695 [75be7957-289d-4245-a821-fc5677a0cfb7@group-DCC00F614BE2-LeaderElection183] INFO  impl.RoleInfo (RoleInfo.java:shutdownLeaderElection(134)) - 75be7957-289d-4245-a821-fc5677a0cfb7: shutdown LeaderElection
2019-11-11 20:28:16,695 [75be7957-289d-4245-a821-fc5677a0cfb7@group-DCC00F614BE2-LeaderElection183] INFO  impl.RaftServerImpl (RaftServerImpl.java:setRole(173)) - 75be7957-289d-4245-a821-fc5677a0cfb7@group-DCC00F614BE2: changes role from CANDIDATE to LEADER at term 1 for changeToLeader
2019-11-11 20:28:16,695 [75be7957-289d-4245-a821-fc5677a0cfb7@group-DCC00F614BE2-LeaderElection183] INFO  ratis.XceiverServerRatis (XceiverServerRatis.java:handleLeaderChangedNotification(697)) - Leader change notification received for group: group-DCC00F614BE2 with new leaderId: 75be7957-289d-4245-a821-fc5677a0cfb7
2019-11-11 20:28:16,696 [75be7957-289d-4245-a821-fc5677a0cfb7@group-DCC00F614BE2-LeaderElection183] INFO  impl.RaftServerImpl (ServerState.java:setLeader(255)) - 75be7957-289d-4245-a821-fc5677a0cfb7@group-DCC00F614BE2: change Leader from null to 75be7957-289d-4245-a821-fc5677a0cfb7 at term 1 for becomeLeader, leader elected after 1189ms
2019-11-11 20:28:16,696 [75be7957-289d-4245-a821-fc5677a0cfb7@group-DCC00F614BE2-LeaderElection183] INFO  server.RaftServerConfigKeys (ConfUtils.java:logGet(43)) - raft.server.staging.catchup.gap = 1000 (default)
2019-11-11 20:28:16,696 [75be7957-289d-4245-a821-fc5677a0cfb7@group-DCC00F614BE2-LeaderElection183] INFO  server.RaftServerConfigKeys (ConfUtils.java:logGet(43)) - raft.server.rpc.sleep.time = 25ms (default)
2019-11-11 20:28:16,707 [75be7957-289d-4245-a821-fc5677a0cfb7@group-DCC00F614BE2-LeaderElection183] INFO  server.RaftServerConfigKeys (ConfUtils.java:logGet(43)) - raft.server.write.element-limit = 4096 (default)
2019-11-11 20:28:16,707 [EventQueue-PipelineReportForPipelineReportHandler] INFO  pipeline.PipelineStateManager (PipelineStateManager.java:openPipeline(134)) - Pipeline Pipeline[ Id: 6b520e35-210f-4727-a649-dcc00f614be2, Nodes: 75be7957-289d-4245-a821-fc5677a0cfb7{ip: 192.168.69.124, host: pr-hdds-1868-2776b-164702576, networkLocation: /rack1, certSerialId: null}, Type:RATIS, Factor:ONE, State:OPEN] moved to OPEN state
2019-11-11 20:28:16,708 [75be7957-289d-4245-a821-fc5677a0cfb7@group-DCC00F614BE2-LeaderElection183] INFO  server.RaftServerConfigKeys (ConfUtils.java:logGet(43)) - raft.server.watch.timeout = 10s (default)
2019-11-11 20:28:16,708 [75be7957-289d-4245-a821-fc5677a0cfb7@group-DCC00F614BE2-LeaderElection183] INFO  server.RaftServerConfigKeys (ConfUtils.java:logGet(43)) - raft.server.watch.timeout.denomination = 1s (default)
2019-11-11 20:28:16,708 [75be7957-289d-4245-a821-fc5677a0cfb7@group-DCC00F614BE2-LeaderElection183] INFO  server.RaftServerConfigKeys (ConfUtils.java:logGet(43)) - raft.server.watch.element-limit = 65536 (default)
2019-11-11 20:28:16,708 [75be7957-289d-4245-a821-fc5677a0cfb7@group-DCC00F614BE2-LeaderElection183] INFO  impl.RoleInfo (RoleInfo.java:updateAndGet(143)) - 75be7957-289d-4245-a821-fc5677a0cfb7: start LeaderState
2019-11-11 20:28:16,708 [75be7957-289d-4245-a821-fc5677a0cfb7@group-DCC00F614BE2-LeaderElection183] INFO  segmented.SegmentedRaftLogWorker (SegmentedRaftLogWorker.java:startLogSegment(385)) - 75be7957-289d-4245-a821-fc5677a0cfb7@group-DCC00F614BE2-SegmentedRaftLogWorker: Starting segment from index:0
2019-11-11 20:28:16,709 [75be7957-289d-4245-a821-fc5677a0cfb7@group-DCC00F614BE2-LeaderElection183] INFO  impl.RaftServerImpl (ServerState.java:setRaftConf(356)) - 75be7957-289d-4245-a821-fc5677a0cfb7@group-DCC00F614BE2: set configuration 0: [75be7957-289d-4245-a821-fc5677a0cfb7:192.168.69.124:39702], old=null at 0
2019-11-11 20:28:16,776 [Thread-4414] INFO  impl.FollowerState (FollowerState.java:run(111)) - 4ee8c297-07ef-4ca0-9e53-65cba3c36712@group-CFD70872C0D0-FollowerState: change to CANDIDATE, lastRpcTime:1070ms, electionTimeout:1070ms
2019-11-11 20:28:16,777 [Thread-4414] INFO  impl.RoleInfo (RoleInfo.java:shutdownFollowerState(121)) - 4ee8c297-07ef-4ca0-9e53-65cba3c36712: shutdown FollowerState
2019-11-11 20:28:16,777 [Thread-4414] INFO  impl.RaftServerImpl (RaftServerImpl.java:setRole(173)) - 4ee8c297-07ef-4ca0-9e53-65cba3c36712@group-CFD70872C0D0: changes role from  FOLLOWER to CANDIDATE at term 0 for changeToCandidate
2019-11-11 20:28:16,777 [Thread-4414] INFO  impl.RoleInfo (RoleInfo.java:updateAndGet(143)) - 4ee8c297-07ef-4ca0-9e53-65cba3c36712: start LeaderElection
2019-11-11 20:28:16,781 [main] INFO  ozone.MiniOzoneClusterImpl (MiniOzoneClusterImpl.java:lambda$waitForClusterToBeReady$2(163)) - Waiting for 3 number of pipelines out of 13, to report a leader.
2019-11-11 20:28:16,783 [75be7957-289d-4245-a821-fc5677a0cfb7@group-DCC00F614BE2-SegmentedRaftLogWorker] INFO  segmented.SegmentedRaftLogWorker (SegmentedRaftLogWorker.java:execute(576)) - 75be7957-289d-4245-a821-fc5677a0cfb7@group-DCC00F614BE2-SegmentedRaftLogWorker: created new log segment /workdir/hadoop-ozone/integration-test/target/test-dir/MiniOzoneClusterImpl-878a1954-6462-47b6-bdcc-bab86c556cb3/datanode-6/data/ratis/6b520e35-210f-4727-a649-dcc00f614be2/current/log_inprogress_0
2019-11-11 20:28:16,821 [4ee8c297-07ef-4ca0-9e53-65cba3c36712@group-CFD70872C0D0-LeaderElection184] INFO  impl.LeaderElection (LeaderElection.java:askForVotes(178)) - 4ee8c297-07ef-4ca0-9e53-65cba3c36712@group-CFD70872C0D0-LeaderElection184: begin an election at term 1 for -1: [4ee8c297-07ef-4ca0-9e53-65cba3c36712:192.168.69.124:36407], old=null
2019-11-11 20:28:16,821 [4ee8c297-07ef-4ca0-9e53-65cba3c36712@group-CFD70872C0D0-LeaderElection184] INFO  impl.RoleInfo (RoleInfo.java:shutdownLeaderElection(134)) - 4ee8c297-07ef-4ca0-9e53-65cba3c36712: shutdown LeaderElection
2019-11-11 20:28:16,821 [4ee8c297-07ef-4ca0-9e53-65cba3c36712@group-CFD70872C0D0-LeaderElection184] INFO  impl.RaftServerImpl (RaftServerImpl.java:setRole(173)) - 4ee8c297-07ef-4ca0-9e53-65cba3c36712@group-CFD70872C0D0: changes role from CANDIDATE to LEADER at term 1 for changeToLeader
2019-11-11 20:28:16,821 [4ee8c297-07ef-4ca0-9e53-65cba3c36712@group-CFD70872C0D0-LeaderElection184] INFO  ratis.XceiverServerRatis (XceiverServerRatis.java:handleLeaderChangedNotification(697)) - Leader change notification received for group: group-CFD70872C0D0 with new leaderId: 4ee8c297-07ef-4ca0-9e53-65cba3c36712
2019-11-11 20:28:16,821 [4ee8c297-07ef-4ca0-9e53-65cba3c36712@group-CFD70872C0D0-LeaderElection184] INFO  impl.RaftServerImpl (ServerState.java:setLeader(255)) - 4ee8c297-07ef-4ca0-9e53-65cba3c36712@group-CFD70872C0D0: change Leader from null to 4ee8c297-07ef-4ca0-9e53-65cba3c36712 at term 1 for becomeLeader, leader elected after 1118ms
2019-11-11 20:28:16,821 [4ee8c297-07ef-4ca0-9e53-65cba3c36712@group-CFD70872C0D0-LeaderElection184] INFO  server.RaftServerConfigKeys (ConfUtils.java:logGet(43)) - raft.server.staging.catchup.gap = 1000 (default)
2019-11-11 20:28:16,821 [4ee8c297-07ef-4ca0-9e53-65cba3c36712@group-CFD70872C0D0-LeaderElection184] INFO  server.RaftServerConfigKeys (ConfUtils.java:logGet(43)) - raft.server.rpc.sleep.time = 25ms (default)
2019-11-11 20:28:16,824 [4ee8c297-07ef-4ca0-9e53-65cba3c36712@group-CFD70872C0D0-LeaderElection184] INFO  server.RaftServerConfigKeys (ConfUtils.java:logGet(43)) - raft.server.write.element-limit = 4096 (default)
2019-11-11 20:28:16,824 [4ee8c297-07ef-4ca0-9e53-65cba3c36712@group-CFD70872C0D0-LeaderElection184] INFO  server.RaftServerConfigKeys (ConfUtils.java:logGet(43)) - raft.server.watch.timeout = 10s (default)
2019-11-11 20:28:16,824 [4ee8c297-07ef-4ca0-9e53-65cba3c36712@group-CFD70872C0D0-LeaderElection184] INFO  server.RaftServerConfigKeys (ConfUtils.java:logGet(43)) - raft.server.watch.timeout.denomination = 1s (default)
2019-11-11 20:28:16,824 [4ee8c297-07ef-4ca0-9e53-65cba3c36712@group-CFD70872C0D0-LeaderElection184] INFO  server.RaftServerConfigKeys (ConfUtils.java:logGet(43)) - raft.server.watch.element-limit = 65536 (default)
2019-11-11 20:28:16,824 [4ee8c297-07ef-4ca0-9e53-65cba3c36712@group-CFD70872C0D0-LeaderElection184] INFO  impl.RoleInfo (RoleInfo.java:updateAndGet(143)) - 4ee8c297-07ef-4ca0-9e53-65cba3c36712: start LeaderState
2019-11-11 20:28:16,825 [EventQueue-PipelineReportForPipelineReportHandler] INFO  pipeline.PipelineStateManager (PipelineStateManager.java:openPipeline(134)) - Pipeline Pipeline[ Id: e080d1c6-7852-4bfb-9be8-cfd70872c0d0, Nodes: 4ee8c297-07ef-4ca0-9e53-65cba3c36712{ip: 192.168.69.124, host: pr-hdds-1868-2776b-164702576, networkLocation: /rack1, certSerialId: null}, Type:RATIS, Factor:ONE, State:OPEN] moved to OPEN state
2019-11-11 20:28:16,825 [4ee8c297-07ef-4ca0-9e53-65cba3c36712@group-CFD70872C0D0-LeaderElection184] INFO  segmented.SegmentedRaftLogWorker (SegmentedRaftLogWorker.java:startLogSegment(385)) - 4ee8c297-07ef-4ca0-9e53-65cba3c36712@group-CFD70872C0D0-SegmentedRaftLogWorker: Starting segment from index:0
2019-11-11 20:28:16,825 [4ee8c297-07ef-4ca0-9e53-65cba3c36712@group-CFD70872C0D0-LeaderElection184] INFO  impl.RaftServerImpl (ServerState.java:setRaftConf(356)) - 4ee8c297-07ef-4ca0-9e53-65cba3c36712@group-CFD70872C0D0: set configuration 0: [4ee8c297-07ef-4ca0-9e53-65cba3c36712:192.168.69.124:36407], old=null at 0
2019-11-11 20:28:16,831 [Thread-4417] INFO  impl.FollowerState (FollowerState.java:run(111)) - fb7bce6a-1cd3-4beb-8a28-448fd0b8448e@group-F5CBE4281DC1-FollowerState: change to CANDIDATE, lastRpcTime:1059ms, electionTimeout:1059ms
2019-11-11 20:28:16,832 [Thread-4417] INFO  impl.RoleInfo (RoleInfo.java:shutdownFollowerState(121)) - fb7bce6a-1cd3-4beb-8a28-448fd0b8448e: shutdown FollowerState
2019-11-11 20:28:16,832 [Thread-4417] INFO  impl.RaftServerImpl (RaftServerImpl.java:setRole(173)) - fb7bce6a-1cd3-4beb-8a28-448fd0b8448e@group-F5CBE4281DC1: changes role from  FOLLOWER to CANDIDATE at term 0 for changeToCandidate
2019-11-11 20:28:16,832 [Thread-4417] INFO  impl.RoleInfo (RoleInfo.java:updateAndGet(143)) - fb7bce6a-1cd3-4beb-8a28-448fd0b8448e: start LeaderElection
2019-11-11 20:28:16,860 [Thread-4411] INFO  impl.FollowerState (FollowerState.java:run(111)) - 3cc51d6b-e891-4e52-b01b-ce9c9a895fa2@group-9EEA062F4D87-FollowerState: change to CANDIDATE, lastRpcTime:1213ms, electionTimeout:1196ms
2019-11-11 20:28:16,862 [Thread-4411] INFO  impl.RoleInfo (RoleInfo.java:shutdownFollowerState(121)) - 3cc51d6b-e891-4e52-b01b-ce9c9a895fa2: shutdown FollowerState
2019-11-11 20:28:16,863 [Thread-4411] INFO  impl.RaftServerImpl (RaftServerImpl.java:setRole(173)) - 3cc51d6b-e891-4e52-b01b-ce9c9a895fa2@group-9EEA062F4D87: changes role from  FOLLOWER to CANDIDATE at term 0 for changeToCandidate
2019-11-11 20:28:16,863 [Thread-4411] INFO  impl.RoleInfo (RoleInfo.java:updateAndGet(143)) - 3cc51d6b-e891-4e52-b01b-ce9c9a895fa2: start LeaderElection
2019-11-11 20:28:16,888 [4ee8c297-07ef-4ca0-9e53-65cba3c36712@group-CFD70872C0D0-SegmentedRaftLogWorker] INFO  segmented.SegmentedRaftLogWorker (SegmentedRaftLogWorker.java:execute(576)) - 4ee8c297-07ef-4ca0-9e53-65cba3c36712@group-CFD70872C0D0-SegmentedRaftLogWorker: created new log segment /workdir/hadoop-ozone/integration-test/target/test-dir/MiniOzoneClusterImpl-878a1954-6462-47b6-bdcc-bab86c556cb3/datanode-9/data/ratis/e080d1c6-7852-4bfb-9be8-cfd70872c0d0/current/log_inprogress_0
2019-11-11 20:28:16,888 [fb7bce6a-1cd3-4beb-8a28-448fd0b8448e@group-F5CBE4281DC1-LeaderElection185] INFO  impl.LeaderElection (LeaderElection.java:askForVotes(178)) - fb7bce6a-1cd3-4beb-8a28-448fd0b8448e@group-F5CBE4281DC1-LeaderElection185: begin an election at term 1 for -1: [3cc51d6b-e891-4e52-b01b-ce9c9a895fa2:192.168.69.124:45920, 75be7957-289d-4245-a821-fc5677a0cfb7:192.168.69.124:39702, fb7bce6a-1cd3-4beb-8a28-448fd0b8448e:192.168.69.124:37289], old=null
2019-11-11 20:28:16,888 [3cc51d6b-e891-4e52-b01b-ce9c9a895fa2@group-9EEA062F4D87-LeaderElection186] INFO  impl.LeaderElection (LeaderElection.java:askForVotes(178)) - 3cc51d6b-e891-4e52-b01b-ce9c9a895fa2@group-9EEA062F4D87-LeaderElection186: begin an election at term 1 for -1: [3cc51d6b-e891-4e52-b01b-ce9c9a895fa2:192.168.69.124:45920], old=null
2019-11-11 20:28:16,888 [3cc51d6b-e891-4e52-b01b-ce9c9a895fa2@group-9EEA062F4D87-LeaderElection186] INFO  impl.RoleInfo (RoleInfo.java:shutdownLeaderElection(134)) - 3cc51d6b-e891-4e52-b01b-ce9c9a895fa2: shutdown LeaderElection
2019-11-11 20:28:16,888 [3cc51d6b-e891-4e52-b01b-ce9c9a895fa2@group-9EEA062F4D87-LeaderElection186] INFO  impl.RaftServerImpl (RaftServerImpl.java:setRole(173)) - 3cc51d6b-e891-4e52-b01b-ce9c9a895fa2@group-9EEA062F4D87: changes role from CANDIDATE to LEADER at term 1 for changeToLeader
2019-11-11 20:28:16,888 [3cc51d6b-e891-4e52-b01b-ce9c9a895fa2@group-9EEA062F4D87-LeaderElection186] INFO  ratis.XceiverServerRatis (XceiverServerRatis.java:handleLeaderChangedNotification(697)) - Leader change notification received for group: group-9EEA062F4D87 with new leaderId: 3cc51d6b-e891-4e52-b01b-ce9c9a895fa2
2019-11-11 20:28:16,889 [3cc51d6b-e891-4e52-b01b-ce9c9a895fa2@group-9EEA062F4D87-LeaderElection186] INFO  impl.RaftServerImpl (ServerState.java:setLeader(255)) - 3cc51d6b-e891-4e52-b01b-ce9c9a895fa2@group-9EEA062F4D87: change Leader from null to 3cc51d6b-e891-4e52-b01b-ce9c9a895fa2 at term 1 for becomeLeader, leader elected after 1245ms
2019-11-11 20:28:16,889 [3cc51d6b-e891-4e52-b01b-ce9c9a895fa2@group-9EEA062F4D87-LeaderElection186] INFO  server.RaftServerConfigKeys (ConfUtils.java:logGet(43)) - raft.server.staging.catchup.gap = 1000 (default)
2019-11-11 20:28:16,891 [3cc51d6b-e891-4e52-b01b-ce9c9a895fa2@group-9EEA062F4D87-LeaderElection186] INFO  server.RaftServerConfigKeys (ConfUtils.java:logGet(43)) - raft.server.rpc.sleep.time = 25ms (default)
2019-11-11 20:28:16,891 [3cc51d6b-e891-4e52-b01b-ce9c9a895fa2@group-9EEA062F4D87-LeaderElection186] INFO  server.RaftServerConfigKeys (ConfUtils.java:logGet(43)) - raft.server.write.element-limit = 4096 (default)
2019-11-11 20:28:16,891 [3cc51d6b-e891-4e52-b01b-ce9c9a895fa2@group-9EEA062F4D87-LeaderElection186] INFO  server.RaftServerConfigKeys (ConfUtils.java:logGet(43)) - raft.server.watch.timeout = 10s (default)
2019-11-11 20:28:16,891 [3cc51d6b-e891-4e52-b01b-ce9c9a895fa2@group-9EEA062F4D87-LeaderElection186] INFO  server.RaftServerConfigKeys (ConfUtils.java:logGet(43)) - raft.server.watch.timeout.denomination = 1s (default)
2019-11-11 20:28:16,892 [3cc51d6b-e891-4e52-b01b-ce9c9a895fa2@group-9EEA062F4D87-LeaderElection186] INFO  server.RaftServerConfigKeys (ConfUtils.java:logGet(43)) - raft.server.watch.element-limit = 65536 (default)
2019-11-11 20:28:16,892 [EventQueue-PipelineReportForPipelineReportHandler] INFO  pipeline.PipelineStateManager (PipelineStateManager.java:openPipeline(134)) - Pipeline Pipeline[ Id: b4b2a01e-4966-4b6b-afcb-9eea062f4d87, Nodes: 3cc51d6b-e891-4e52-b01b-ce9c9a895fa2{ip: 192.168.69.124, host: pr-hdds-1868-2776b-164702576, networkLocation: /rack1, certSerialId: null}, Type:RATIS, Factor:ONE, State:OPEN] moved to OPEN state
2019-11-11 20:28:16,892 [3cc51d6b-e891-4e52-b01b-ce9c9a895fa2@group-9EEA062F4D87-LeaderElection186] INFO  impl.RoleInfo (RoleInfo.java:updateAndGet(143)) - 3cc51d6b-e891-4e52-b01b-ce9c9a895fa2: start LeaderState
2019-11-11 20:28:16,895 [3cc51d6b-e891-4e52-b01b-ce9c9a895fa2@group-9EEA062F4D87-LeaderElection186] INFO  segmented.SegmentedRaftLogWorker (SegmentedRaftLogWorker.java:startLogSegment(385)) - 3cc51d6b-e891-4e52-b01b-ce9c9a895fa2@group-9EEA062F4D87-SegmentedRaftLogWorker: Starting segment from index:0
2019-11-11 20:28:16,895 [3cc51d6b-e891-4e52-b01b-ce9c9a895fa2@group-9EEA062F4D87-LeaderElection186] INFO  impl.RaftServerImpl (ServerState.java:setRaftConf(356)) - 3cc51d6b-e891-4e52-b01b-ce9c9a895fa2@group-9EEA062F4D87: set configuration 0: [3cc51d6b-e891-4e52-b01b-ce9c9a895fa2:192.168.69.124:45920], old=null at 0
2019-11-11 20:28:16,932 [grpc-default-executor-8] INFO  impl.RaftServerImpl (RaftServerImpl.java:setRole(173)) - 75be7957-289d-4245-a821-fc5677a0cfb7@group-F5CBE4281DC1: changes role from  FOLLOWER to FOLLOWER at term 1 for recognizeCandidate:fb7bce6a-1cd3-4beb-8a28-448fd0b8448e
2019-11-11 20:28:16,933 [grpc-default-executor-8] INFO  impl.RoleInfo (RoleInfo.java:shutdownFollowerState(121)) - 75be7957-289d-4245-a821-fc5677a0cfb7: shutdown FollowerState
2019-11-11 20:28:16,932 [grpc-default-executor-5] INFO  impl.RaftServerImpl (RaftServerImpl.java:setRole(173)) - 3cc51d6b-e891-4e52-b01b-ce9c9a895fa2@group-F5CBE4281DC1: changes role from  FOLLOWER to FOLLOWER at term 1 for recognizeCandidate:fb7bce6a-1cd3-4beb-8a28-448fd0b8448e
2019-11-11 20:28:16,933 [Thread-4422] INFO  impl.FollowerState (FollowerState.java:run(120)) - 75be7957-289d-4245-a821-fc5677a0cfb7@group-F5CBE4281DC1-FollowerState was interrupted: java.lang.InterruptedException: sleep interrupted
2019-11-11 20:28:16,933 [grpc-default-executor-8] INFO  impl.RoleInfo (RoleInfo.java:updateAndGet(143)) - 75be7957-289d-4245-a821-fc5677a0cfb7: start FollowerState
2019-11-11 20:28:16,933 [grpc-default-executor-5] INFO  impl.RoleInfo (RoleInfo.java:shutdownFollowerState(121)) - 3cc51d6b-e891-4e52-b01b-ce9c9a895fa2: shutdown FollowerState
2019-11-11 20:28:16,933 [Thread-4421] INFO  impl.FollowerState (FollowerState.java:run(120)) - 3cc51d6b-e891-4e52-b01b-ce9c9a895fa2@group-F5CBE4281DC1-FollowerState was interrupted: java.lang.InterruptedException: sleep interrupted
2019-11-11 20:28:16,933 [grpc-default-executor-5] INFO  impl.RoleInfo (RoleInfo.java:updateAndGet(143)) - 3cc51d6b-e891-4e52-b01b-ce9c9a895fa2: start FollowerState
2019-11-11 20:28:16,955 [3cc51d6b-e891-4e52-b01b-ce9c9a895fa2@group-9EEA062F4D87-SegmentedRaftLogWorker] INFO  segmented.SegmentedRaftLogWorker (SegmentedRaftLogWorker.java:execute(576)) - 3cc51d6b-e891-4e52-b01b-ce9c9a895fa2@group-9EEA062F4D87-SegmentedRaftLogWorker: created new log segment /workdir/hadoop-ozone/integration-test/target/test-dir/MiniOzoneClusterImpl-878a1954-6462-47b6-bdcc-bab86c556cb3/datanode-8/data/ratis/b4b2a01e-4966-4b6b-afcb-9eea062f4d87/current/log_inprogress_0
2019-11-11 20:28:16,956 [fb7bce6a-1cd3-4beb-8a28-448fd0b8448e@group-F5CBE4281DC1-LeaderElection185] INFO  impl.LeaderElection (LeaderElection.java:logAndReturn(56)) - fb7bce6a-1cd3-4beb-8a28-448fd0b8448e@group-F5CBE4281DC1-LeaderElection185: Election PASSED; received 1 response(s) [fb7bce6a-1cd3-4beb-8a28-448fd0b8448e<-3cc51d6b-e891-4e52-b01b-ce9c9a895fa2#0:OK-t1] and 0 exception(s); fb7bce6a-1cd3-4beb-8a28-448fd0b8448e@group-F5CBE4281DC1:t1, leader=null, voted=fb7bce6a-1cd3-4beb-8a28-448fd0b8448e, raftlog=fb7bce6a-1cd3-4beb-8a28-448fd0b8448e@group-F5CBE4281DC1-SegmentedRaftLog:OPENED:c-1,f-1,i0, conf=-1: [3cc51d6b-e891-4e52-b01b-ce9c9a895fa2:192.168.69.124:45920, 75be7957-289d-4245-a821-fc5677a0cfb7:192.168.69.124:39702, fb7bce6a-1cd3-4beb-8a28-448fd0b8448e:192.168.69.124:37289], old=null
2019-11-11 20:28:16,956 [fb7bce6a-1cd3-4beb-8a28-448fd0b8448e@group-F5CBE4281DC1-LeaderElection185] INFO  impl.RoleInfo (RoleInfo.java:shutdownLeaderElection(134)) - fb7bce6a-1cd3-4beb-8a28-448fd0b8448e: shutdown LeaderElection
2019-11-11 20:28:16,956 [fb7bce6a-1cd3-4beb-8a28-448fd0b8448e@group-F5CBE4281DC1-LeaderElection185] INFO  impl.RaftServerImpl (RaftServerImpl.java:setRole(173)) - fb7bce6a-1cd3-4beb-8a28-448fd0b8448e@group-F5CBE4281DC1: changes role from CANDIDATE to LEADER at term 1 for changeToLeader
2019-11-11 20:28:16,956 [fb7bce6a-1cd3-4beb-8a28-448fd0b8448e@group-F5CBE4281DC1-LeaderElection185] INFO  ratis.XceiverServerRatis (XceiverServerRatis.java:handleLeaderChangedNotification(697)) - Leader change notification received for group: group-F5CBE4281DC1 with new leaderId: fb7bce6a-1cd3-4beb-8a28-448fd0b8448e
2019-11-11 20:28:16,957 [fb7bce6a-1cd3-4beb-8a28-448fd0b8448e@group-F5CBE4281DC1-LeaderElection185] INFO  impl.RaftServerImpl (ServerState.java:setLeader(255)) - fb7bce6a-1cd3-4beb-8a28-448fd0b8448e@group-F5CBE4281DC1: change Leader from null to fb7bce6a-1cd3-4beb-8a28-448fd0b8448e at term 1 for becomeLeader, leader elected after 1190ms
2019-11-11 20:28:16,957 [fb7bce6a-1cd3-4beb-8a28-448fd0b8448e@group-F5CBE4281DC1-LeaderElection185] INFO  server.RaftServerConfigKeys (ConfUtils.java:logGet(43)) - raft.server.staging.catchup.gap = 1000 (default)
2019-11-11 20:28:16,957 [fb7bce6a-1cd3-4beb-8a28-448fd0b8448e@group-F5CBE4281DC1-LeaderElection185] INFO  server.RaftServerConfigKeys (ConfUtils.java:logGet(43)) - raft.server.rpc.sleep.time = 25ms (default)
2019-11-11 20:28:16,957 [fb7bce6a-1cd3-4beb-8a28-448fd0b8448e@group-F5CBE4281DC1-LeaderElection185] INFO  server.RaftServerConfigKeys (ConfUtils.java:logGet(43)) - raft.server.write.element-limit = 4096 (default)
2019-11-11 20:28:16,957 [fb7bce6a-1cd3-4beb-8a28-448fd0b8448e@group-F5CBE4281DC1-LeaderElection185] INFO  server.RaftServerConfigKeys (ConfUtils.java:logGet(43)) - raft.server.watch.timeout = 10s (default)
2019-11-11 20:28:16,957 [fb7bce6a-1cd3-4beb-8a28-448fd0b8448e@group-F5CBE4281DC1-LeaderElection185] INFO  server.RaftServerConfigKeys (ConfUtils.java:logGet(43)) - raft.server.watch.timeout.denomination = 1s (default)
2019-11-11 20:28:16,957 [EventQueue-PipelineReportForPipelineReportHandler] INFO  pipeline.PipelineStateManager (PipelineStateManager.java:openPipeline(134)) - Pipeline Pipeline[ Id: fc32f200-7bd6-4fca-b7a5-f5cbe4281dc1, Nodes: 75be7957-289d-4245-a821-fc5677a0cfb7{ip: 192.168.69.124, host: pr-hdds-1868-2776b-164702576, networkLocation: /rack1, certSerialId: null}3cc51d6b-e891-4e52-b01b-ce9c9a895fa2{ip: 192.168.69.124, host: pr-hdds-1868-2776b-164702576, networkLocation: /rack1, certSerialId: null}fb7bce6a-1cd3-4beb-8a28-448fd0b8448e{ip: 192.168.69.124, host: pr-hdds-1868-2776b-164702576, networkLocation: /rack1, certSerialId: null}, Type:RATIS, Factor:THREE, State:OPEN] moved to OPEN state
2019-11-11 20:28:16,957 [fb7bce6a-1cd3-4beb-8a28-448fd0b8448e@group-F5CBE4281DC1-LeaderElection185] INFO  server.RaftServerConfigKeys (ConfUtils.java:logGet(43)) - raft.server.watch.element-limit = 65536 (default)
2019-11-11 20:28:16,958 [fb7bce6a-1cd3-4beb-8a28-448fd0b8448e@group-F5CBE4281DC1-LeaderElection185] INFO  server.RaftServerConfigKeys (ConfUtils.java:logGet(43)) - raft.server.log.appender.snapshot.chunk.size.max = 16MB (=16777216) (default)
2019-11-11 20:28:16,958 [fb7bce6a-1cd3-4beb-8a28-448fd0b8448e@group-F5CBE4281DC1-LeaderElection185] INFO  server.RaftServerConfigKeys (ConfUtils.java:logGet(43)) - raft.server.log.appender.buffer.byte-limit = 33554432 (custom)
2019-11-11 20:28:16,958 [fb7bce6a-1cd3-4beb-8a28-448fd0b8448e@group-F5CBE4281DC1-LeaderElection185] INFO  server.RaftServerConfigKeys (ConfUtils.java:logGet(43)) - raft.server.log.appender.buffer.element-limit = 1 (custom)
2019-11-11 20:28:16,958 [fb7bce6a-1cd3-4beb-8a28-448fd0b8448e@group-F5CBE4281DC1-LeaderElection185] INFO  grpc.GrpcConfigKeys$Server (ConfUtils.java:logGet(43)) - raft.grpc.server.leader.outstanding.appends.max = 128 (default)
2019-11-11 20:28:16,959 [fb7bce6a-1cd3-4beb-8a28-448fd0b8448e@group-F5CBE4281DC1-LeaderElection185] INFO  server.RaftServerConfigKeys (ConfUtils.java:logGet(43)) - raft.server.rpc.request.timeout = 3000ms (default)
2019-11-11 20:28:16,959 [fb7bce6a-1cd3-4beb-8a28-448fd0b8448e@group-F5CBE4281DC1-LeaderElection185] INFO  server.RaftServerConfigKeys (ConfUtils.java:logGet(43)) - raft.server.log.appender.install.snapshot.enabled = false (custom)
2019-11-11 20:28:16,959 [fb7bce6a-1cd3-4beb-8a28-448fd0b8448e@group-F5CBE4281DC1-LeaderElection185] WARN  impl.MetricRegistriesImpl (MetricRegistriesImpl.java:lambda$create$1(61)) - First MetricRegistry has been created without registering reporters. You may need to call MetricRegistries.global().addReportRegistration(...) before.
2019-11-11 20:28:16,960 [fb7bce6a-1cd3-4beb-8a28-448fd0b8448e@group-F5CBE4281DC1-LeaderElection185] INFO  server.RaftServerConfigKeys (ConfUtils.java:logGet(43)) - raft.server.log.appender.snapshot.chunk.size.max = 16MB (=16777216) (default)
2019-11-11 20:28:16,960 [fb7bce6a-1cd3-4beb-8a28-448fd0b8448e@group-F5CBE4281DC1-LeaderElection185] INFO  server.RaftServerConfigKeys (ConfUtils.java:logGet(43)) - raft.server.log.appender.buffer.byte-limit = 33554432 (custom)
2019-11-11 20:28:16,960 [fb7bce6a-1cd3-4beb-8a28-448fd0b8448e@group-F5CBE4281DC1-LeaderElection185] INFO  server.RaftServerConfigKeys (ConfUtils.java:logGet(43)) - raft.server.log.appender.buffer.element-limit = 1 (custom)
2019-11-11 20:28:16,960 [fb7bce6a-1cd3-4beb-8a28-448fd0b8448e@group-F5CBE4281DC1-LeaderElection185] INFO  grpc.GrpcConfigKeys$Server (ConfUtils.java:logGet(43)) - raft.grpc.server.leader.outstanding.appends.max = 128 (default)
2019-11-11 20:28:16,960 [fb7bce6a-1cd3-4beb-8a28-448fd0b8448e@group-F5CBE4281DC1-LeaderElection185] INFO  server.RaftServerConfigKeys (ConfUtils.java:logGet(43)) - raft.server.rpc.request.timeout = 3000ms (default)
2019-11-11 20:28:16,960 [fb7bce6a-1cd3-4beb-8a28-448fd0b8448e@group-F5CBE4281DC1-LeaderElection185] INFO  server.RaftServerConfigKeys (ConfUtils.java:logGet(43)) - raft.server.log.appender.install.snapshot.enabled = false (custom)
2019-11-11 20:28:16,960 [fb7bce6a-1cd3-4beb-8a28-448fd0b8448e@group-F5CBE4281DC1-LeaderElection185] INFO  impl.RoleInfo (RoleInfo.java:updateAndGet(143)) - fb7bce6a-1cd3-4beb-8a28-448fd0b8448e: start LeaderState
2019-11-11 20:28:16,961 [fb7bce6a-1cd3-4beb-8a28-448fd0b8448e@group-F5CBE4281DC1-LeaderElection185] INFO  segmented.SegmentedRaftLogWorker (SegmentedRaftLogWorker.java:startLogSegment(385)) - fb7bce6a-1cd3-4beb-8a28-448fd0b8448e@group-F5CBE4281DC1-SegmentedRaftLogWorker: Starting segment from index:0
2019-11-11 20:28:16,961 [fb7bce6a-1cd3-4beb-8a28-448fd0b8448e@group-F5CBE4281DC1-LeaderElection185] INFO  impl.RaftServerImpl (ServerState.java:setRaftConf(356)) - fb7bce6a-1cd3-4beb-8a28-448fd0b8448e@group-F5CBE4281DC1: set configuration 0: [3cc51d6b-e891-4e52-b01b-ce9c9a895fa2:192.168.69.124:45920, 75be7957-289d-4245-a821-fc5677a0cfb7:192.168.69.124:39702, fb7bce6a-1cd3-4beb-8a28-448fd0b8448e:192.168.69.124:37289], old=null at 0
2019-11-11 20:28:16,962 [grpc-default-executor-5] INFO  ratis.XceiverServerRatis (XceiverServerRatis.java:handleLeaderChangedNotification(697)) - Leader change notification received for group: group-F5CBE4281DC1 with new leaderId: fb7bce6a-1cd3-4beb-8a28-448fd0b8448e
2019-11-11 20:28:16,963 [grpc-default-executor-8] INFO  ratis.XceiverServerRatis (XceiverServerRatis.java:handleLeaderChangedNotification(697)) - Leader change notification received for group: group-F5CBE4281DC1 with new leaderId: fb7bce6a-1cd3-4beb-8a28-448fd0b8448e
2019-11-11 20:28:16,963 [grpc-default-executor-8] INFO  impl.RaftServerImpl (ServerState.java:setLeader(255)) - 75be7957-289d-4245-a821-fc5677a0cfb7@group-F5CBE4281DC1: change Leader from null to fb7bce6a-1cd3-4beb-8a28-448fd0b8448e at term 1 for appendEntries, leader elected after 1196ms
2019-11-11 20:28:16,963 [grpc-default-executor-5] INFO  impl.RaftServerImpl (ServerState.java:setLeader(255)) - 3cc51d6b-e891-4e52-b01b-ce9c9a895fa2@group-F5CBE4281DC1: change Leader from null to fb7bce6a-1cd3-4beb-8a28-448fd0b8448e at term 1 for appendEntries, leader elected after 1196ms
2019-11-11 20:28:17,006 [grpc-default-executor-8] INFO  impl.RaftServerImpl (ServerState.java:setRaftConf(356)) - 75be7957-289d-4245-a821-fc5677a0cfb7@group-F5CBE4281DC1: set configuration 0: [3cc51d6b-e891-4e52-b01b-ce9c9a895fa2:192.168.69.124:45920, 75be7957-289d-4245-a821-fc5677a0cfb7:192.168.69.124:39702, fb7bce6a-1cd3-4beb-8a28-448fd0b8448e:192.168.69.124:37289], old=null at 0
2019-11-11 20:28:17,007 [grpc-default-executor-5] INFO  impl.RaftServerImpl (ServerState.java:setRaftConf(356)) - 3cc51d6b-e891-4e52-b01b-ce9c9a895fa2@group-F5CBE4281DC1: set configuration 0: [3cc51d6b-e891-4e52-b01b-ce9c9a895fa2:192.168.69.124:45920, 75be7957-289d-4245-a821-fc5677a0cfb7:192.168.69.124:39702, fb7bce6a-1cd3-4beb-8a28-448fd0b8448e:192.168.69.124:37289], old=null at 0
2019-11-11 20:28:17,007 [grpc-default-executor-8] INFO  segmented.SegmentedRaftLogWorker (SegmentedRaftLogWorker.java:startLogSegment(385)) - 75be7957-289d-4245-a821-fc5677a0cfb7@group-F5CBE4281DC1-SegmentedRaftLogWorker: Starting segment from index:0
2019-11-11 20:28:17,007 [grpc-default-executor-5] INFO  segmented.SegmentedRaftLogWorker (SegmentedRaftLogWorker.java:startLogSegment(385)) - 3cc51d6b-e891-4e52-b01b-ce9c9a895fa2@group-F5CBE4281DC1-SegmentedRaftLogWorker: Starting segment from index:0
2019-11-11 20:28:17,047 [fb7bce6a-1cd3-4beb-8a28-448fd0b8448e@group-F5CBE4281DC1-SegmentedRaftLogWorker] INFO  segmented.SegmentedRaftLogWorker (SegmentedRaftLogWorker.java:execute(576)) - fb7bce6a-1cd3-4beb-8a28-448fd0b8448e@group-F5CBE4281DC1-SegmentedRaftLogWorker: created new log segment /workdir/hadoop-ozone/integration-test/target/test-dir/MiniOzoneClusterImpl-878a1954-6462-47b6-bdcc-bab86c556cb3/datanode-7/data/ratis/fc32f200-7bd6-4fca-b7a5-f5cbe4281dc1/current/log_inprogress_0
2019-11-11 20:28:17,064 [3cc51d6b-e891-4e52-b01b-ce9c9a895fa2@group-F5CBE4281DC1-SegmentedRaftLogWorker] INFO  segmented.SegmentedRaftLogWorker (SegmentedRaftLogWorker.java:execute(576)) - 3cc51d6b-e891-4e52-b01b-ce9c9a895fa2@group-F5CBE4281DC1-SegmentedRaftLogWorker: created new log segment /workdir/hadoop-ozone/integration-test/target/test-dir/MiniOzoneClusterImpl-878a1954-6462-47b6-bdcc-bab86c556cb3/datanode-8/data/ratis/fc32f200-7bd6-4fca-b7a5-f5cbe4281dc1/current/log_inprogress_0
2019-11-11 20:28:17,064 [75be7957-289d-4245-a821-fc5677a0cfb7@group-F5CBE4281DC1-SegmentedRaftLogWorker] INFO  segmented.SegmentedRaftLogWorker (SegmentedRaftLogWorker.java:execute(576)) - 75be7957-289d-4245-a821-fc5677a0cfb7@group-F5CBE4281DC1-SegmentedRaftLogWorker: created new log segment /workdir/hadoop-ozone/integration-test/target/test-dir/MiniOzoneClusterImpl-878a1954-6462-47b6-bdcc-bab86c556cb3/datanode-6/data/ratis/fc32f200-7bd6-4fca-b7a5-f5cbe4281dc1/current/log_inprogress_0
2019-11-11 20:28:17,790 [main] INFO  ozone.MiniOzoneClusterImpl (MiniOzoneClusterImpl.java:lambda$waitForClusterToBeReady$2(171)) - Cluster is ready. Got 10 of 10 DN Heartbeats.
2019-11-11 20:28:17,833 [main] INFO  rpc.RpcClient (RpcClient.java:createVolume(291)) - Creating Volume: datanodefailurehandlingtest, with jenkins1000 as owner.
2019-11-11 20:28:17,836 [IPC Server handler 18 on 35343] INFO  volume.OMVolumeCreateRequest (OMVolumeCreateRequest.java:validateAndUpdateCache(193)) - created volume:datanodefailurehandlingtest for user:jenkins1000
2019-11-11 20:28:17,861 [Thread-4367] INFO  container.ReplicationManager (ReplicationManager.java:start(162)) - Starting Replication Monitor Thread.
2019-11-11 20:28:17,861 [Thread-4367] INFO  pipeline.SCMPipelineManager (SCMPipelineManager.java:finalizeAndDestroyPipeline(315)) - destroying pipeline:Pipeline[ Id: 6b520e35-210f-4727-a649-dcc00f614be2, Nodes: 75be7957-289d-4245-a821-fc5677a0cfb7{ip: 192.168.69.124, host: pr-hdds-1868-2776b-164702576, networkLocation: /rack1, certSerialId: null}, Type:RATIS, Factor:ONE, State:OPEN]
2019-11-11 20:28:17,864 [ReplicationMonitor] INFO  container.ReplicationManager (ReplicationManager.java:run(225)) - Replication Monitor Thread took 0 milliseconds for processing 0 containers.
2019-11-11 20:28:17,864 [Thread-4367] INFO  pipeline.PipelineStateManager (PipelineStateManager.java:finalizePipeline(121)) - Pipeline Pipeline[ Id: 6b520e35-210f-4727-a649-dcc00f614be2, Nodes: 75be7957-289d-4245-a821-fc5677a0cfb7{ip: 192.168.69.124, host: pr-hdds-1868-2776b-164702576, networkLocation: /rack1, certSerialId: null}, Type:RATIS, Factor:ONE, State:CLOSED] moved to CLOSED state
2019-11-11 20:28:17,878 [main] INFO  rpc.RpcClient (RpcClient.java:createBucket(430)) - Creating Bucket: datanodefailurehandlingtest/datanodefailurehandlingtest, with Versioning false and Storage Type set to DISK and Encryption set to false 
2019-11-11 20:28:17,883 [grpc-default-executor-5] INFO  impl.RaftServerProxy (RaftServerProxy.java:remove(95)) - 75be7957-289d-4245-a821-fc5677a0cfb7: remove    LEADER 75be7957-289d-4245-a821-fc5677a0cfb7@group-DCC00F614BE2:t1, leader=75be7957-289d-4245-a821-fc5677a0cfb7, voted=75be7957-289d-4245-a821-fc5677a0cfb7, raftlog=75be7957-289d-4245-a821-fc5677a0cfb7@group-DCC00F614BE2-SegmentedRaftLog:OPENED:c0,f0,i0, conf=0: [75be7957-289d-4245-a821-fc5677a0cfb7:192.168.69.124:39702], old=null RUNNING
2019-11-11 20:28:17,883 [grpc-default-executor-5] INFO  impl.RaftServerImpl (RaftServerImpl.java:lambda$shutdown$3(250)) - 75be7957-289d-4245-a821-fc5677a0cfb7@group-DCC00F614BE2: shutdown
2019-11-11 20:28:17,883 [grpc-default-executor-5] INFO  util.JmxRegister (JmxRegister.java:unregister(73)) - Successfully un-registered JMX Bean with object name Ratis:service=RaftServer,group=group-DCC00F614BE2,id=75be7957-289d-4245-a821-fc5677a0cfb7
2019-11-11 20:28:17,883 [grpc-default-executor-5] INFO  impl.RoleInfo (RoleInfo.java:shutdownLeaderState(104)) - 75be7957-289d-4245-a821-fc5677a0cfb7: shutdown LeaderState
2019-11-11 20:28:17,884 [grpc-default-executor-5] INFO  impl.PendingRequests (PendingRequests.java:sendNotLeaderResponses(206)) - 75be7957-289d-4245-a821-fc5677a0cfb7@group-DCC00F614BE2-PendingRequests: sendNotLeaderResponses
2019-11-11 20:28:17,884 [grpc-default-executor-5] INFO  impl.StateMachineUpdater (StateMachineUpdater.java:stopAndJoin(136)) - 75be7957-289d-4245-a821-fc5677a0cfb7@group-DCC00F614BE2-StateMachineUpdater: set stopIndex = 0
2019-11-11 20:28:17,884 [grpc-default-executor-5] INFO  impl.RaftServerImpl (ServerState.java:close(387)) - 75be7957-289d-4245-a821-fc5677a0cfb7@group-DCC00F614BE2: closes. applyIndex: 0
2019-11-11 20:28:17,884 [75be7957-289d-4245-a821-fc5677a0cfb7@group-DCC00F614BE2-SegmentedRaftLogWorker] INFO  segmented.SegmentedRaftLogWorker (SegmentedRaftLogWorker.java:run(316)) - 75be7957-289d-4245-a821-fc5677a0cfb7@group-DCC00F614BE2-SegmentedRaftLogWorker was interrupted, exiting. There are 0 tasks remaining in the queue.
2019-11-11 20:28:17,885 [grpc-default-executor-5] INFO  segmented.SegmentedRaftLogWorker (SegmentedRaftLogWorker.java:close(224)) - 75be7957-289d-4245-a821-fc5677a0cfb7@group-DCC00F614BE2-SegmentedRaftLogWorker close()
2019-11-11 20:28:17,889 [Thread-4367] INFO  pipeline.PipelineStateManager (PipelineStateManager.java:removePipeline(106)) - Pipeline Pipeline[ Id: 6b520e35-210f-4727-a649-dcc00f614be2, Nodes: 75be7957-289d-4245-a821-fc5677a0cfb7{ip: 192.168.69.124, host: pr-hdds-1868-2776b-164702576, networkLocation: /rack1, certSerialId: null}, Type:RATIS, Factor:ONE, State:CLOSED] removed from db
2019-11-11 20:28:17,891 [Thread-4367] INFO  pipeline.SCMPipelineManager (SCMPipelineManager.java:finalizeAndDestroyPipeline(315)) - destroying pipeline:Pipeline[ Id: e4232824-ac0c-40ce-b260-f3780f4274d7, Nodes: 6ca76b85-30a3-47b0-8ec4-51f6d05896eb{ip: 192.168.69.124, host: pr-hdds-1868-2776b-164702576, networkLocation: /rack1, certSerialId: null}0237f4f0-b27e-4420-99a0-7f40e4083ac0{ip: 192.168.69.124, host: pr-hdds-1868-2776b-164702576, networkLocation: /rack1, certSerialId: null}396508a6-021e-4f53-afd2-417daf51af04{ip: 192.168.69.124, host: pr-hdds-1868-2776b-164702576, networkLocation: /rack1, certSerialId: null}, Type:RATIS, Factor:THREE, State:OPEN]
2019-11-11 20:28:17,891 [Thread-4367] INFO  pipeline.PipelineStateManager (PipelineStateManager.java:finalizePipeline(121)) - Pipeline Pipeline[ Id: e4232824-ac0c-40ce-b260-f3780f4274d7, Nodes: 6ca76b85-30a3-47b0-8ec4-51f6d05896eb{ip: 192.168.69.124, host: pr-hdds-1868-2776b-164702576, networkLocation: /rack1, certSerialId: null}0237f4f0-b27e-4420-99a0-7f40e4083ac0{ip: 192.168.69.124, host: pr-hdds-1868-2776b-164702576, networkLocation: /rack1, certSerialId: null}396508a6-021e-4f53-afd2-417daf51af04{ip: 192.168.69.124, host: pr-hdds-1868-2776b-164702576, networkLocation: /rack1, certSerialId: null}, Type:RATIS, Factor:THREE, State:CLOSED] moved to CLOSED state
2019-11-11 20:28:17,893 [grpc-default-executor-5] INFO  impl.RaftServerProxy (RaftServerProxy.java:remove(95)) - 6ca76b85-30a3-47b0-8ec4-51f6d05896eb: remove  FOLLOWER 6ca76b85-30a3-47b0-8ec4-51f6d05896eb@group-F3780F4274D7:t1, leader=0237f4f0-b27e-4420-99a0-7f40e4083ac0, voted=0237f4f0-b27e-4420-99a0-7f40e4083ac0, raftlog=6ca76b85-30a3-47b0-8ec4-51f6d05896eb@group-F3780F4274D7-SegmentedRaftLog:OPENED:c0,f0,i0, conf=0: [6ca76b85-30a3-47b0-8ec4-51f6d05896eb:192.168.69.124:38205, 0237f4f0-b27e-4420-99a0-7f40e4083ac0:192.168.69.124:41974, 396508a6-021e-4f53-afd2-417daf51af04:192.168.69.124:45746], old=null RUNNING
2019-11-11 20:28:17,894 [grpc-default-executor-5] INFO  impl.RaftServerImpl (RaftServerImpl.java:lambda$shutdown$3(250)) - 6ca76b85-30a3-47b0-8ec4-51f6d05896eb@group-F3780F4274D7: shutdown
2019-11-11 20:28:17,894 [grpc-default-executor-5] INFO  util.JmxRegister (JmxRegister.java:unregister(73)) - Successfully un-registered JMX Bean with object name Ratis:service=RaftServer,group=group-F3780F4274D7,id=6ca76b85-30a3-47b0-8ec4-51f6d05896eb
2019-11-11 20:28:17,894 [grpc-default-executor-5] INFO  impl.RoleInfo (RoleInfo.java:shutdownFollowerState(121)) - 6ca76b85-30a3-47b0-8ec4-51f6d05896eb: shutdown FollowerState
2019-11-11 20:28:17,894 [grpc-default-executor-5] INFO  impl.StateMachineUpdater (StateMachineUpdater.java:stopAndJoin(136)) - 6ca76b85-30a3-47b0-8ec4-51f6d05896eb@group-F3780F4274D7-StateMachineUpdater: set stopIndex = 0
2019-11-11 20:28:17,894 [grpc-default-executor-8] INFO  impl.RaftServerProxy (RaftServerProxy.java:addNew(89)) - 75be7957-289d-4245-a821-fc5677a0cfb7: addNew group-8EE61B96E5A8:[75be7957-289d-4245-a821-fc5677a0cfb7:192.168.69.124:39702] returns group-8EE61B96E5A8:java.util.concurrent.CompletableFuture@13789547[Not completed]
2019-11-11 20:28:17,894 [grpc-default-executor-5] INFO  impl.RaftServerImpl (ServerState.java:close(387)) - 6ca76b85-30a3-47b0-8ec4-51f6d05896eb@group-F3780F4274D7: closes. applyIndex: 0
2019-11-11 20:28:17,894 [Thread-4457] INFO  impl.FollowerState (FollowerState.java:run(120)) - 6ca76b85-30a3-47b0-8ec4-51f6d05896eb@group-F3780F4274D7-FollowerState was interrupted: java.lang.InterruptedException: sleep interrupted
2019-11-11 20:28:17,895 [6ca76b85-30a3-47b0-8ec4-51f6d05896eb@group-F3780F4274D7-SegmentedRaftLogWorker] INFO  segmented.SegmentedRaftLogWorker (SegmentedRaftLogWorker.java:run(316)) - 6ca76b85-30a3-47b0-8ec4-51f6d05896eb@group-F3780F4274D7-SegmentedRaftLogWorker was interrupted, exiting. There are 0 tasks remaining in the queue.
2019-11-11 20:28:17,895 [pool-570-thread-1] INFO  impl.RaftServerImpl (RaftServerImpl.java:<init>(98)) - 75be7957-289d-4245-a821-fc5677a0cfb7: new RaftServerImpl for group-8EE61B96E5A8:[75be7957-289d-4245-a821-fc5677a0cfb7:192.168.69.124:39702] with ContainerStateMachine:uninitialized
2019-11-11 20:28:17,896 [pool-570-thread-1] INFO  server.RaftServerConfigKeys (ConfUtils.java:logGet(43)) - raft.server.rpc.timeout.min = 1s (custom)
2019-11-11 20:28:17,896 [pool-570-thread-1] INFO  server.RaftServerConfigKeys (ConfUtils.java:logGet(43)) - raft.server.rpc.timeout.max = 1200ms (custom)
2019-11-11 20:28:17,896 [pool-570-thread-1] INFO  server.RaftServerConfigKeys (ConfUtils.java:logGet(43)) - raft.server.rpcslowness.timeout = 120s (custom)
2019-11-11 20:28:17,896 [pool-570-thread-1] INFO  server.RaftServerConfigKeys (ConfUtils.java:logGet(43)) - raft.server.sleep.deviation.threshold = 300 (default)
2019-11-11 20:28:17,896 [pool-570-thread-1] INFO  server.RaftServerConfigKeys (ConfUtils.java:logGet(43)) - raft.server.log.appender.install.snapshot.enabled = false (custom)
2019-11-11 20:28:17,896 [pool-570-thread-1] INFO  impl.RaftServerImpl (ServerState.java:<init>(103)) - 75be7957-289d-4245-a821-fc5677a0cfb7@group-8EE61B96E5A8: ConfigurationManager, init=-1: [75be7957-289d-4245-a821-fc5677a0cfb7:192.168.69.124:39702], old=null, confs=<EMPTY_MAP>
2019-11-11 20:28:17,896 [pool-570-thread-1] INFO  server.RaftServerConfigKeys (ConfUtils.java:logGet(43)) - raft.server.storage.dir = [/workdir/hadoop-ozone/integration-test/target/test-dir/MiniOzoneClusterImpl-878a1954-6462-47b6-bdcc-bab86c556cb3/datanode-6/data/ratis] (custom)
2019-11-11 20:28:17,899 [grpc-default-executor-5] INFO  segmented.SegmentedRaftLogWorker (SegmentedRaftLogWorker.java:close(224)) - 6ca76b85-30a3-47b0-8ec4-51f6d05896eb@group-F3780F4274D7-SegmentedRaftLogWorker close()
2019-11-11 20:28:17,899 [pool-570-thread-1] INFO  server.RaftServerConfigKeys (ConfUtils.java:logGet(43)) - raft.server.log.corruption.policy = EXCEPTION (default)
2019-11-11 20:28:17,901 [pool-570-thread-1] INFO  storage.RaftStorageDirectory (RaftStorageDirectory.java:analyzeStorage(246)) - The storage directory /workdir/hadoop-ozone/integration-test/target/test-dir/MiniOzoneClusterImpl-878a1954-6462-47b6-bdcc-bab86c556cb3/datanode-6/data/ratis/d1c79ac1-7fc1-4657-a7d0-8ee61b96e5a8 does not exist. Creating ...
2019-11-11 20:28:17,905 [grpc-default-executor-5] INFO  impl.RaftServerProxy (RaftServerProxy.java:remove(95)) - 0237f4f0-b27e-4420-99a0-7f40e4083ac0: remove    LEADER 0237f4f0-b27e-4420-99a0-7f40e4083ac0@group-F3780F4274D7:t1, leader=0237f4f0-b27e-4420-99a0-7f40e4083ac0, voted=0237f4f0-b27e-4420-99a0-7f40e4083ac0, raftlog=0237f4f0-b27e-4420-99a0-7f40e4083ac0@group-F3780F4274D7-SegmentedRaftLog:OPENED:c0,f0,i0, conf=0: [6ca76b85-30a3-47b0-8ec4-51f6d05896eb:192.168.69.124:38205, 0237f4f0-b27e-4420-99a0-7f40e4083ac0:192.168.69.124:41974, 396508a6-021e-4f53-afd2-417daf51af04:192.168.69.124:45746], old=null RUNNING
2019-11-11 20:28:17,905 [grpc-default-executor-5] INFO  impl.RaftServerImpl (RaftServerImpl.java:lambda$shutdown$3(250)) - 0237f4f0-b27e-4420-99a0-7f40e4083ac0@group-F3780F4274D7: shutdown
2019-11-11 20:28:17,905 [grpc-default-executor-5] INFO  util.JmxRegister (JmxRegister.java:unregister(73)) - Successfully un-registered JMX Bean with object name Ratis:service=RaftServer,group=group-F3780F4274D7,id=0237f4f0-b27e-4420-99a0-7f40e4083ac0
2019-11-11 20:28:17,905 [grpc-default-executor-5] INFO  impl.RoleInfo (RoleInfo.java:shutdownLeaderState(104)) - 0237f4f0-b27e-4420-99a0-7f40e4083ac0: shutdown LeaderState
2019-11-11 20:28:17,908 [grpc-default-executor-5] INFO  impl.PendingRequests (PendingRequests.java:sendNotLeaderResponses(206)) - 0237f4f0-b27e-4420-99a0-7f40e4083ac0@group-F3780F4274D7-PendingRequests: sendNotLeaderResponses
2019-11-11 20:28:17,908 [org.apache.ratis.server.impl.LogAppender$AppenderDaemon$$Lambda$443/882596722@ef1bbf7] WARN  server.GrpcLogAppender (GrpcLogAppender.java:mayWait(151)) - 0237f4f0-b27e-4420-99a0-7f40e4083ac0@group-F3780F4274D7->396508a6-021e-4f53-afd2-417daf51af04-GrpcLogAppender: Wait interrupted by java.lang.InterruptedException
2019-11-11 20:28:17,908 [grpc-default-executor-5] INFO  impl.StateMachineUpdater (StateMachineUpdater.java:stopAndJoin(136)) - 0237f4f0-b27e-4420-99a0-7f40e4083ac0@group-F3780F4274D7-StateMachineUpdater: set stopIndex = 0
2019-11-11 20:28:17,908 [org.apache.ratis.server.impl.LogAppender$AppenderDaemon$$Lambda$443/882596722@4bf33ced] WARN  server.GrpcLogAppender (GrpcLogAppender.java:mayWait(151)) - 0237f4f0-b27e-4420-99a0-7f40e4083ac0@group-F3780F4274D7->6ca76b85-30a3-47b0-8ec4-51f6d05896eb-GrpcLogAppender: Wait interrupted by java.lang.InterruptedException
2019-11-11 20:28:17,909 [grpc-default-executor-5] INFO  impl.RaftServerImpl (ServerState.java:close(387)) - 0237f4f0-b27e-4420-99a0-7f40e4083ac0@group-F3780F4274D7: closes. applyIndex: 0
2019-11-11 20:28:17,909 [grpc-default-executor-8] INFO  server.GrpcServerProtocolService (GrpcServerProtocolService.java:onCompleted(113)) - 396508a6-021e-4f53-afd2-417daf51af04: Completed APPEND_ENTRIES, lastRequest: 0237f4f0-b27e-4420-99a0-7f40e4083ac0->396508a6-021e-4f53-afd2-417daf51af04#3-t1, previous=(t:1, i:0), leaderCommit=0, initializing? false, entries: <empty>
2019-11-11 20:28:17,909 [grpc-default-executor-4] INFO  server.GrpcServerProtocolService (GrpcServerProtocolService.java:onCompleted(113)) - 6ca76b85-30a3-47b0-8ec4-51f6d05896eb: Completed APPEND_ENTRIES, lastRequest: 0237f4f0-b27e-4420-99a0-7f40e4083ac0->6ca76b85-30a3-47b0-8ec4-51f6d05896eb#3-t1, previous=(t:1, i:0), leaderCommit=0, initializing? false, entries: <empty>
2019-11-11 20:28:17,909 [grpc-default-executor-4] INFO  server.GrpcLogAppender (GrpcLogAppender.java:onCompleted(308)) - 0237f4f0-b27e-4420-99a0-7f40e4083ac0@group-F3780F4274D7->396508a6-021e-4f53-afd2-417daf51af04-AppendLogResponseHandler: follower responses appendEntries COMPLETED
2019-11-11 20:28:17,909 [grpc-default-executor-8] INFO  server.GrpcLogAppender (GrpcLogAppender.java:onCompleted(308)) - 0237f4f0-b27e-4420-99a0-7f40e4083ac0@group-F3780F4274D7->6ca76b85-30a3-47b0-8ec4-51f6d05896eb-AppendLogResponseHandler: follower responses appendEntries COMPLETED
2019-11-11 20:28:17,909 [0237f4f0-b27e-4420-99a0-7f40e4083ac0@group-F3780F4274D7-SegmentedRaftLogWorker] INFO  segmented.SegmentedRaftLogWorker (SegmentedRaftLogWorker.java:run(316)) - 0237f4f0-b27e-4420-99a0-7f40e4083ac0@group-F3780F4274D7-SegmentedRaftLogWorker was interrupted, exiting. There are 0 tasks remaining in the queue.
2019-11-11 20:28:17,910 [grpc-default-executor-4] INFO  impl.FollowerInfo (FollowerInfo.java:lambda$new$0(51)) - 0237f4f0-b27e-4420-99a0-7f40e4083ac0@group-F3780F4274D7->396508a6-021e-4f53-afd2-417daf51af04: nextIndex: updateUnconditionally 1 -> 0
2019-11-11 20:28:17,910 [grpc-default-executor-8] INFO  impl.FollowerInfo (FollowerInfo.java:lambda$new$0(51)) - 0237f4f0-b27e-4420-99a0-7f40e4083ac0@group-F3780F4274D7->6ca76b85-30a3-47b0-8ec4-51f6d05896eb: nextIndex: updateUnconditionally 1 -> 0
2019-11-11 20:28:17,910 [grpc-default-executor-5] INFO  segmented.SegmentedRaftLogWorker (SegmentedRaftLogWorker.java:close(224)) - 0237f4f0-b27e-4420-99a0-7f40e4083ac0@group-F3780F4274D7-SegmentedRaftLogWorker close()
2019-11-11 20:28:17,920 [grpc-default-executor-5] INFO  impl.RaftServerProxy (RaftServerProxy.java:remove(95)) - 396508a6-021e-4f53-afd2-417daf51af04: remove  FOLLOWER 396508a6-021e-4f53-afd2-417daf51af04@group-F3780F4274D7:t1, leader=0237f4f0-b27e-4420-99a0-7f40e4083ac0, voted=0237f4f0-b27e-4420-99a0-7f40e4083ac0, raftlog=396508a6-021e-4f53-afd2-417daf51af04@group-F3780F4274D7-SegmentedRaftLog:OPENED:c0,f0,i0, conf=0: [6ca76b85-30a3-47b0-8ec4-51f6d05896eb:192.168.69.124:38205, 0237f4f0-b27e-4420-99a0-7f40e4083ac0:192.168.69.124:41974, 396508a6-021e-4f53-afd2-417daf51af04:192.168.69.124:45746], old=null RUNNING
2019-11-11 20:28:17,920 [grpc-default-executor-5] INFO  impl.RaftServerImpl (RaftServerImpl.java:lambda$shutdown$3(250)) - 396508a6-021e-4f53-afd2-417daf51af04@group-F3780F4274D7: shutdown
2019-11-11 20:28:17,920 [grpc-default-executor-5] INFO  util.JmxRegister (JmxRegister.java:unregister(73)) - Successfully un-registered JMX Bean with object name Ratis:service=RaftServer,group=group-F3780F4274D7,id=396508a6-021e-4f53-afd2-417daf51af04
2019-11-11 20:28:17,920 [grpc-default-executor-5] INFO  impl.RoleInfo (RoleInfo.java:shutdownFollowerState(121)) - 396508a6-021e-4f53-afd2-417daf51af04: shutdown FollowerState
2019-11-11 20:28:17,921 [grpc-default-executor-5] INFO  impl.StateMachineUpdater (StateMachineUpdater.java:stopAndJoin(136)) - 396508a6-021e-4f53-afd2-417daf51af04@group-F3780F4274D7-StateMachineUpdater: set stopIndex = 0
2019-11-11 20:28:17,921 [Thread-4456] INFO  impl.FollowerState (FollowerState.java:run(120)) - 396508a6-021e-4f53-afd2-417daf51af04@group-F3780F4274D7-FollowerState was interrupted: java.lang.InterruptedException: sleep interrupted
2019-11-11 20:28:17,921 [grpc-default-executor-5] INFO  impl.RaftServerImpl (ServerState.java:close(387)) - 396508a6-021e-4f53-afd2-417daf51af04@group-F3780F4274D7: closes. applyIndex: 0
2019-11-11 20:28:17,921 [396508a6-021e-4f53-afd2-417daf51af04@group-F3780F4274D7-SegmentedRaftLogWorker] INFO  segmented.SegmentedRaftLogWorker (SegmentedRaftLogWorker.java:run(316)) - 396508a6-021e-4f53-afd2-417daf51af04@group-F3780F4274D7-SegmentedRaftLogWorker was interrupted, exiting. There are 0 tasks remaining in the queue.
2019-11-11 20:28:17,921 [grpc-default-executor-5] INFO  segmented.SegmentedRaftLogWorker (SegmentedRaftLogWorker.java:close(224)) - 396508a6-021e-4f53-afd2-417daf51af04@group-F3780F4274D7-SegmentedRaftLogWorker close()
2019-11-11 20:28:17,925 [pool-570-thread-1] INFO  storage.RaftStorageDirectory (RaftStorageDirectory.java:tryLock(328)) - Lock on /workdir/hadoop-ozone/integration-test/target/test-dir/MiniOzoneClusterImpl-878a1954-6462-47b6-bdcc-bab86c556cb3/datanode-6/data/ratis/d1c79ac1-7fc1-4657-a7d0-8ee61b96e5a8/in_use.lock acquired by nodename 3817@pr-hdds-1868-2776b-164702576
2019-11-11 20:28:17,951 [pool-570-thread-1] INFO  storage.RaftStorage (RaftStorage.java:format(84)) - Storage directory /workdir/hadoop-ozone/integration-test/target/test-dir/MiniOzoneClusterImpl-878a1954-6462-47b6-bdcc-bab86c556cb3/datanode-6/data/ratis/d1c79ac1-7fc1-4657-a7d0-8ee61b96e5a8 has been successfully formatted.
2019-11-11 20:28:17,952 [pool-570-thread-1] INFO  ratis.ContainerStateMachine (ContainerStateMachine.java:loadSnapshot(223)) - group-8EE61B96E5A8: The snapshot info is null. Setting the last applied indexto:(t:0, i:~)
2019-11-11 20:28:17,952 [pool-570-thread-1] INFO  server.RaftServerConfigKeys (ConfUtils.java:logGet(43)) - raft.server.notification.no-leader.timeout = 120s (custom)
2019-11-11 20:28:17,952 [pool-570-thread-1] INFO  server.RaftServerConfigKeys (ConfUtils.java:logGet(43)) - raft.server.log.use.memory = false (default)
2019-11-11 20:28:17,952 [pool-570-thread-1] INFO  server.RaftServerConfigKeys (ConfUtils.java:logGet(43)) - raft.server.log.purge.gap = 1000000 (custom)
2019-11-11 20:28:17,952 [pool-570-thread-1] INFO  server.RaftServerConfigKeys (ConfUtils.java:logGet(43)) - raft.server.log.appender.buffer.byte-limit = 33554432 (custom)
2019-11-11 20:28:17,953 [pool-570-thread-1] INFO  server.RaftServerConfigKeys (ConfUtils.java:logGet(43)) - raft.server.log.segment.size.max = 1048576 (custom)
2019-11-11 20:28:17,953 [pool-570-thread-1] INFO  server.RaftServerConfigKeys (ConfUtils.java:logGet(43)) - raft.server.log.segment.cache.num.max = 2 (custom)
2019-11-11 20:28:17,953 [pool-570-thread-1] INFO  segmented.SegmentedRaftLogWorker (SegmentedRaftLogWorker.java:<init>(173)) - new 75be7957-289d-4245-a821-fc5677a0cfb7@group-8EE61B96E5A8-SegmentedRaftLogWorker for RaftStorage:Storage Directory /workdir/hadoop-ozone/integration-test/target/test-dir/MiniOzoneClusterImpl-878a1954-6462-47b6-bdcc-bab86c556cb3/datanode-6/data/ratis/d1c79ac1-7fc1-4657-a7d0-8ee61b96e5a8
2019-11-11 20:28:17,953 [pool-570-thread-1] INFO  server.RaftServerConfigKeys (ConfUtils.java:logGet(43)) - raft.server.log.queue.byte-limit = 2147483647 (custom)
2019-11-11 20:28:17,953 [pool-570-thread-1] INFO  server.RaftServerConfigKeys (ConfUtils.java:logGet(43)) - raft.server.log.queue.element-limit = 1024 (custom)
2019-11-11 20:28:17,953 [pool-570-thread-1] INFO  server.RaftServerConfigKeys (ConfUtils.java:logGet(43)) - raft.server.log.segment.size.max = 1048576 (custom)
2019-11-11 20:28:17,954 [pool-570-thread-1] INFO  server.RaftServerConfigKeys (ConfUtils.java:logGet(43)) - raft.server.log.preallocated.size = 16384 (custom)
2019-11-11 20:28:17,954 [pool-570-thread-1] INFO  server.RaftServerConfigKeys (ConfUtils.java:logGet(43)) - raft.server.log.write.buffer.size = 33554432 (custom)
2019-11-11 20:28:17,954 [pool-570-thread-1] INFO  server.RaftServerConfigKeys (ConfUtils.java:logGet(43)) - raft.server.log.force.sync.num = 128 (default)
2019-11-11 20:28:17,954 [pool-570-thread-1] INFO  server.RaftServerConfigKeys (ConfUtils.java:logGet(43)) - raft.server.log.statemachine.data.sync = true (default)
2019-11-11 20:28:17,954 [pool-570-thread-1] INFO  server.RaftServerConfigKeys (ConfUtils.java:logGet(43)) - raft.server.log.statemachine.data.sync.timeout = 10s (default)
2019-11-11 20:28:17,954 [pool-570-thread-1] INFO  server.RaftServerConfigKeys (ConfUtils.java:logGet(43)) - raft.server.log.statemachine.data.sync.timeout.retry = -1 (default)
2019-11-11 20:28:17,954 [pool-570-thread-1] INFO  server.RaftServerConfigKeys (ConfUtils.java:logGet(43)) - raft.server.log.statemachine.data.caching.enabled = true (custom)
2019-11-11 20:28:17,955 [pool-570-thread-1] INFO  segmented.SegmentedRaftLogWorker (SegmentedRaftLogWorker.java:lambda$new$0(128)) - 75be7957-289d-4245-a821-fc5677a0cfb7@group-8EE61B96E5A8-SegmentedRaftLogWorker: flushIndex: setUnconditionally 0 -> -1
2019-11-11 20:28:17,955 [pool-570-thread-1] INFO  server.RaftServerConfigKeys (ConfUtils.java:logGet(43)) - raft.server.snapshot.auto.trigger.enabled = true (custom)
2019-11-11 20:28:17,955 [pool-570-thread-1] INFO  server.RaftServerConfigKeys (ConfUtils.java:logGet(43)) - raft.server.snapshot.auto.trigger.threshold = 10000 (custom)
2019-11-11 20:28:17,955 [pool-570-thread-1] INFO  server.RaftServerConfigKeys (ConfUtils.java:logGet(43)) - raft.server.snapshot.retention.file.num = 5 (custom)
2019-11-11 20:28:17,955 [pool-570-thread-1] INFO  server.RaftServerConfigKeys (ConfUtils.java:logGet(43)) - raft.server.retrycache.expirytime = 600000ms (custom)
2019-11-11 20:28:17,956 [pool-570-thread-1] WARN  impl.MetricRegistriesImpl (MetricRegistriesImpl.java:lambda$create$1(61)) - First MetricRegistry has been created without registering reporters. You may need to call MetricRegistries.global().addReportRegistration(...) before.
2019-11-11 20:28:17,956 [pool-570-thread-1] WARN  impl.MetricRegistriesImpl (MetricRegistriesImpl.java:lambda$create$1(61)) - First MetricRegistry has been created without registering reporters. You may need to call MetricRegistries.global().addReportRegistration(...) before.
2019-11-11 20:28:17,956 [pool-570-thread-1] INFO  impl.RaftServerImpl (RaftServerImpl.java:start(184)) - 75be7957-289d-4245-a821-fc5677a0cfb7@group-8EE61B96E5A8: start as a follower, conf=-1: [75be7957-289d-4245-a821-fc5677a0cfb7:192.168.69.124:39702], old=null
2019-11-11 20:28:17,956 [pool-570-thread-1] INFO  impl.RaftServerImpl (RaftServerImpl.java:setRole(173)) - 75be7957-289d-4245-a821-fc5677a0cfb7@group-8EE61B96E5A8: changes role from      null to FOLLOWER at term 0 for startAsFollower
2019-11-11 20:28:17,956 [pool-570-thread-1] INFO  impl.RoleInfo (RoleInfo.java:updateAndGet(143)) - 75be7957-289d-4245-a821-fc5677a0cfb7: start FollowerState
2019-11-11 20:28:17,968 [pool-570-thread-1] INFO  util.JmxRegister (JmxRegister.java:tryRegister(44)) - Successfully registered JMX Bean with object name Ratis:service=RaftServer,group=group-8EE61B96E5A8,id=75be7957-289d-4245-a821-fc5677a0cfb7
2019-11-11 20:28:17,968 [pool-570-thread-1] WARN  impl.MetricRegistriesImpl (MetricRegistriesImpl.java:lambda$create$1(61)) - First MetricRegistry has been created without registering reporters. You may need to call MetricRegistries.global().addReportRegistration(...) before.
2019-11-11 20:28:17,979 [RatisPipelineUtilsThread] INFO  pipeline.PipelineStateManager (PipelineStateManager.java:addPipeline(55)) - Created pipeline Pipeline[ Id: d1c79ac1-7fc1-4657-a7d0-8ee61b96e5a8, Nodes: 75be7957-289d-4245-a821-fc5677a0cfb7{ip: 192.168.69.124, host: pr-hdds-1868-2776b-164702576, networkLocation: /rack1, certSerialId: null}, Type:RATIS, Factor:ONE, State:ALLOCATED]
2019-11-11 20:28:17,985 [grpc-default-executor-4] INFO  impl.RaftServerProxy (RaftServerProxy.java:addNew(89)) - 6ca76b85-30a3-47b0-8ec4-51f6d05896eb: addNew group-822749236D28:[6ca76b85-30a3-47b0-8ec4-51f6d05896eb:192.168.69.124:38205, 0237f4f0-b27e-4420-99a0-7f40e4083ac0:192.168.69.124:41974, 396508a6-021e-4f53-afd2-417daf51af04:192.168.69.124:45746] returns group-822749236D28:java.util.concurrent.CompletableFuture@3c0fc00a[Not completed]
2019-11-11 20:28:17,985 [grpc-default-executor-8] INFO  impl.RaftServerProxy (RaftServerProxy.java:addNew(89)) - 0237f4f0-b27e-4420-99a0-7f40e4083ac0: addNew group-822749236D28:[6ca76b85-30a3-47b0-8ec4-51f6d05896eb:192.168.69.124:38205, 0237f4f0-b27e-4420-99a0-7f40e4083ac0:192.168.69.124:41974, 396508a6-021e-4f53-afd2-417daf51af04:192.168.69.124:45746] returns group-822749236D28:java.util.concurrent.CompletableFuture@209a18cd[Not completed]
2019-11-11 20:28:17,986 [grpc-default-executor-5] INFO  impl.RaftServerProxy (RaftServerProxy.java:addNew(89)) - 396508a6-021e-4f53-afd2-417daf51af04: addNew group-822749236D28:[6ca76b85-30a3-47b0-8ec4-51f6d05896eb:192.168.69.124:38205, 0237f4f0-b27e-4420-99a0-7f40e4083ac0:192.168.69.124:41974, 396508a6-021e-4f53-afd2-417daf51af04:192.168.69.124:45746] returns group-822749236D28:java.util.concurrent.CompletableFuture@634b5abe[Not completed]
2019-11-11 20:28:17,987 [pool-540-thread-1] INFO  impl.RaftServerImpl (RaftServerImpl.java:<init>(98)) - 0237f4f0-b27e-4420-99a0-7f40e4083ac0: new RaftServerImpl for group-822749236D28:[6ca76b85-30a3-47b0-8ec4-51f6d05896eb:192.168.69.124:38205, 0237f4f0-b27e-4420-99a0-7f40e4083ac0:192.168.69.124:41974, 396508a6-021e-4f53-afd2-417daf51af04:192.168.69.124:45746] with ContainerStateMachine:uninitialized
2019-11-11 20:28:17,987 [pool-540-thread-1] INFO  server.RaftServerConfigKeys (ConfUtils.java:logGet(43)) - raft.server.rpc.timeout.min = 1s (custom)
2019-11-11 20:28:17,987 [pool-540-thread-1] INFO  server.RaftServerConfigKeys (ConfUtils.java:logGet(43)) - raft.server.rpc.timeout.max = 1200ms (custom)
2019-11-11 20:28:17,987 [pool-540-thread-1] INFO  server.RaftServerConfigKeys (ConfUtils.java:logGet(43)) - raft.server.rpcslowness.timeout = 120s (custom)
2019-11-11 20:28:17,987 [pool-540-thread-1] INFO  server.RaftServerConfigKeys (ConfUtils.java:logGet(43)) - raft.server.sleep.deviation.threshold = 300 (default)
2019-11-11 20:28:17,987 [pool-550-thread-1] INFO  impl.RaftServerImpl (RaftServerImpl.java:<init>(98)) - 396508a6-021e-4f53-afd2-417daf51af04: new RaftServerImpl for group-822749236D28:[6ca76b85-30a3-47b0-8ec4-51f6d05896eb:192.168.69.124:38205, 0237f4f0-b27e-4420-99a0-7f40e4083ac0:192.168.69.124:41974, 396508a6-021e-4f53-afd2-417daf51af04:192.168.69.124:45746] with ContainerStateMachine:uninitialized
2019-11-11 20:28:17,987 [pool-540-thread-1] INFO  server.RaftServerConfigKeys (ConfUtils.java:logGet(43)) - raft.server.log.appender.install.snapshot.enabled = false (custom)
2019-11-11 20:28:17,987 [pool-550-thread-1] INFO  server.RaftServerConfigKeys (ConfUtils.java:logGet(43)) - raft.server.rpc.timeout.min = 1s (custom)
2019-11-11 20:28:17,987 [pool-540-thread-1] INFO  impl.RaftServerImpl (ServerState.java:<init>(103)) - 0237f4f0-b27e-4420-99a0-7f40e4083ac0@group-822749236D28: ConfigurationManager, init=-1: [6ca76b85-30a3-47b0-8ec4-51f6d05896eb:192.168.69.124:38205, 0237f4f0-b27e-4420-99a0-7f40e4083ac0:192.168.69.124:41974, 396508a6-021e-4f53-afd2-417daf51af04:192.168.69.124:45746], old=null, confs=<EMPTY_MAP>
2019-11-11 20:28:17,987 [pool-550-thread-1] INFO  server.RaftServerConfigKeys (ConfUtils.java:logGet(43)) - raft.server.rpc.timeout.max = 1200ms (custom)
2019-11-11 20:28:17,987 [pool-540-thread-1] INFO  server.RaftServerConfigKeys (ConfUtils.java:logGet(43)) - raft.server.storage.dir = [/workdir/hadoop-ozone/integration-test/target/test-dir/MiniOzoneClusterImpl-878a1954-6462-47b6-bdcc-bab86c556cb3/datanode-3/data/ratis] (custom)
2019-11-11 20:28:17,987 [pool-550-thread-1] INFO  server.RaftServerConfigKeys (ConfUtils.java:logGet(43)) - raft.server.rpcslowness.timeout = 120s (custom)
2019-11-11 20:28:17,987 [pool-560-thread-1] INFO  impl.RaftServerImpl (RaftServerImpl.java:<init>(98)) - 6ca76b85-30a3-47b0-8ec4-51f6d05896eb: new RaftServerImpl for group-822749236D28:[6ca76b85-30a3-47b0-8ec4-51f6d05896eb:192.168.69.124:38205, 0237f4f0-b27e-4420-99a0-7f40e4083ac0:192.168.69.124:41974, 396508a6-021e-4f53-afd2-417daf51af04:192.168.69.124:45746] with ContainerStateMachine:uninitialized
2019-11-11 20:28:17,988 [pool-540-thread-1] INFO  server.RaftServerConfigKeys (ConfUtils.java:logGet(43)) - raft.server.log.corruption.policy = EXCEPTION (default)
2019-11-11 20:28:17,987 [pool-550-thread-1] INFO  server.RaftServerConfigKeys (ConfUtils.java:logGet(43)) - raft.server.sleep.deviation.threshold = 300 (default)
2019-11-11 20:28:17,988 [pool-560-thread-1] INFO  server.RaftServerConfigKeys (ConfUtils.java:logGet(43)) - raft.server.rpc.timeout.min = 1s (custom)
2019-11-11 20:28:17,988 [pool-540-thread-1] INFO  storage.RaftStorageDirectory (RaftStorageDirectory.java:analyzeStorage(246)) - The storage directory /workdir/hadoop-ozone/integration-test/target/test-dir/MiniOzoneClusterImpl-878a1954-6462-47b6-bdcc-bab86c556cb3/datanode-3/data/ratis/e5ac7173-21c9-4bb7-a0c6-822749236d28 does not exist. Creating ...
2019-11-11 20:28:17,988 [pool-550-thread-1] INFO  server.RaftServerConfigKeys (ConfUtils.java:logGet(43)) - raft.server.log.appender.install.snapshot.enabled = false (custom)
2019-11-11 20:28:17,988 [pool-560-thread-1] INFO  server.RaftServerConfigKeys (ConfUtils.java:logGet(43)) - raft.server.rpc.timeout.max = 1200ms (custom)
2019-11-11 20:28:17,988 [pool-550-thread-1] INFO  impl.RaftServerImpl (ServerState.java:<init>(103)) - 396508a6-021e-4f53-afd2-417daf51af04@group-822749236D28: ConfigurationManager, init=-1: [6ca76b85-30a3-47b0-8ec4-51f6d05896eb:192.168.69.124:38205, 0237f4f0-b27e-4420-99a0-7f40e4083ac0:192.168.69.124:41974, 396508a6-021e-4f53-afd2-417daf51af04:192.168.69.124:45746], old=null, confs=<EMPTY_MAP>
2019-11-11 20:28:17,988 [pool-560-thread-1] INFO  server.RaftServerConfigKeys (ConfUtils.java:logGet(43)) - raft.server.rpcslowness.timeout = 120s (custom)
2019-11-11 20:28:17,988 [pool-550-thread-1] INFO  server.RaftServerConfigKeys (ConfUtils.java:logGet(43)) - raft.server.storage.dir = [/workdir/hadoop-ozone/integration-test/target/test-dir/MiniOzoneClusterImpl-878a1954-6462-47b6-bdcc-bab86c556cb3/datanode-4/data/ratis] (custom)
2019-11-11 20:28:17,988 [pool-560-thread-1] INFO  server.RaftServerConfigKeys (ConfUtils.java:logGet(43)) - raft.server.sleep.deviation.threshold = 300 (default)
2019-11-11 20:28:17,988 [pool-560-thread-1] INFO  server.RaftServerConfigKeys (ConfUtils.java:logGet(43)) - raft.server.log.appender.install.snapshot.enabled = false (custom)
2019-11-11 20:28:17,988 [pool-550-thread-1] INFO  server.RaftServerConfigKeys (ConfUtils.java:logGet(43)) - raft.server.log.corruption.policy = EXCEPTION (default)
2019-11-11 20:28:17,988 [pool-560-thread-1] INFO  impl.RaftServerImpl (ServerState.java:<init>(103)) - 6ca76b85-30a3-47b0-8ec4-51f6d05896eb@group-822749236D28: ConfigurationManager, init=-1: [6ca76b85-30a3-47b0-8ec4-51f6d05896eb:192.168.69.124:38205, 0237f4f0-b27e-4420-99a0-7f40e4083ac0:192.168.69.124:41974, 396508a6-021e-4f53-afd2-417daf51af04:192.168.69.124:45746], old=null, confs=<EMPTY_MAP>
2019-11-11 20:28:17,989 [pool-550-thread-1] INFO  storage.RaftStorageDirectory (RaftStorageDirectory.java:analyzeStorage(246)) - The storage directory /workdir/hadoop-ozone/integration-test/target/test-dir/MiniOzoneClusterImpl-878a1954-6462-47b6-bdcc-bab86c556cb3/datanode-4/data/ratis/e5ac7173-21c9-4bb7-a0c6-822749236d28 does not exist. Creating ...
2019-11-11 20:28:17,989 [pool-560-thread-1] INFO  server.RaftServerConfigKeys (ConfUtils.java:logGet(43)) - raft.server.storage.dir = [/workdir/hadoop-ozone/integration-test/target/test-dir/MiniOzoneClusterImpl-878a1954-6462-47b6-bdcc-bab86c556cb3/datanode-5/data/ratis] (custom)
2019-11-11 20:28:17,989 [pool-560-thread-1] INFO  server.RaftServerConfigKeys (ConfUtils.java:logGet(43)) - raft.server.log.corruption.policy = EXCEPTION (default)
2019-11-11 20:28:17,989 [pool-560-thread-1] INFO  storage.RaftStorageDirectory (RaftStorageDirectory.java:analyzeStorage(246)) - The storage directory /workdir/hadoop-ozone/integration-test/target/test-dir/MiniOzoneClusterImpl-878a1954-6462-47b6-bdcc-bab86c556cb3/datanode-5/data/ratis/e5ac7173-21c9-4bb7-a0c6-822749236d28 does not exist. Creating ...
2019-11-11 20:28:18,003 [pool-540-thread-1] INFO  storage.RaftStorageDirectory (RaftStorageDirectory.java:tryLock(328)) - Lock on /workdir/hadoop-ozone/integration-test/target/test-dir/MiniOzoneClusterImpl-878a1954-6462-47b6-bdcc-bab86c556cb3/datanode-3/data/ratis/e5ac7173-21c9-4bb7-a0c6-822749236d28/in_use.lock acquired by nodename 3817@pr-hdds-1868-2776b-164702576
2019-11-11 20:28:18,003 [pool-550-thread-1] INFO  storage.RaftStorageDirectory (RaftStorageDirectory.java:tryLock(328)) - Lock on /workdir/hadoop-ozone/integration-test/target/test-dir/MiniOzoneClusterImpl-878a1954-6462-47b6-bdcc-bab86c556cb3/datanode-4/data/ratis/e5ac7173-21c9-4bb7-a0c6-822749236d28/in_use.lock acquired by nodename 3817@pr-hdds-1868-2776b-164702576
2019-11-11 20:28:18,003 [pool-560-thread-1] INFO  storage.RaftStorageDirectory (RaftStorageDirectory.java:tryLock(328)) - Lock on /workdir/hadoop-ozone/integration-test/target/test-dir/MiniOzoneClusterImpl-878a1954-6462-47b6-bdcc-bab86c556cb3/datanode-5/data/ratis/e5ac7173-21c9-4bb7-a0c6-822749236d28/in_use.lock acquired by nodename 3817@pr-hdds-1868-2776b-164702576
2019-11-11 20:28:18,029 [pool-560-thread-1] INFO  storage.RaftStorage (RaftStorage.java:format(84)) - Storage directory /workdir/hadoop-ozone/integration-test/target/test-dir/MiniOzoneClusterImpl-878a1954-6462-47b6-bdcc-bab86c556cb3/datanode-5/data/ratis/e5ac7173-21c9-4bb7-a0c6-822749236d28 has been successfully formatted.
2019-11-11 20:28:18,029 [pool-540-thread-1] INFO  storage.RaftStorage (RaftStorage.java:format(84)) - Storage directory /workdir/hadoop-ozone/integration-test/target/test-dir/MiniOzoneClusterImpl-878a1954-6462-47b6-bdcc-bab86c556cb3/datanode-3/data/ratis/e5ac7173-21c9-4bb7-a0c6-822749236d28 has been successfully formatted.
2019-11-11 20:28:18,029 [pool-560-thread-1] INFO  ratis.ContainerStateMachine (ContainerStateMachine.java:loadSnapshot(223)) - group-822749236D28: The snapshot info is null. Setting the last applied indexto:(t:0, i:~)
2019-11-11 20:28:18,029 [pool-550-thread-1] INFO  storage.RaftStorage (RaftStorage.java:format(84)) - Storage directory /workdir/hadoop-ozone/integration-test/target/test-dir/MiniOzoneClusterImpl-878a1954-6462-47b6-bdcc-bab86c556cb3/datanode-4/data/ratis/e5ac7173-21c9-4bb7-a0c6-822749236d28 has been successfully formatted.
2019-11-11 20:28:18,029 [pool-540-thread-1] INFO  ratis.ContainerStateMachine (ContainerStateMachine.java:loadSnapshot(223)) - group-822749236D28: The snapshot info is null. Setting the last applied indexto:(t:0, i:~)
2019-11-11 20:28:18,029 [pool-550-thread-1] INFO  ratis.ContainerStateMachine (ContainerStateMachine.java:loadSnapshot(223)) - group-822749236D28: The snapshot info is null. Setting the last applied indexto:(t:0, i:~)
2019-11-11 20:28:18,029 [pool-560-thread-1] INFO  server.RaftServerConfigKeys (ConfUtils.java:logGet(43)) - raft.server.notification.no-leader.timeout = 120s (custom)
2019-11-11 20:28:18,030 [pool-550-thread-1] INFO  server.RaftServerConfigKeys (ConfUtils.java:logGet(43)) - raft.server.notification.no-leader.timeout = 120s (custom)
2019-11-11 20:28:18,029 [pool-540-thread-1] INFO  server.RaftServerConfigKeys (ConfUtils.java:logGet(43)) - raft.server.notification.no-leader.timeout = 120s (custom)
2019-11-11 20:28:18,030 [pool-550-thread-1] INFO  server.RaftServerConfigKeys (ConfUtils.java:logGet(43)) - raft.server.log.use.memory = false (default)
2019-11-11 20:28:18,030 [pool-560-thread-1] INFO  server.RaftServerConfigKeys (ConfUtils.java:logGet(43)) - raft.server.log.use.memory = false (default)
2019-11-11 20:28:18,030 [pool-550-thread-1] INFO  server.RaftServerConfigKeys (ConfUtils.java:logGet(43)) - raft.server.log.purge.gap = 1000000 (custom)
2019-11-11 20:28:18,030 [pool-540-thread-1] INFO  server.RaftServerConfigKeys (ConfUtils.java:logGet(43)) - raft.server.log.use.memory = false (default)
2019-11-11 20:28:18,030 [pool-550-thread-1] INFO  server.RaftServerConfigKeys (ConfUtils.java:logGet(43)) - raft.server.log.appender.buffer.byte-limit = 33554432 (custom)
2019-11-11 20:28:18,030 [pool-560-thread-1] INFO  server.RaftServerConfigKeys (ConfUtils.java:logGet(43)) - raft.server.log.purge.gap = 1000000 (custom)
2019-11-11 20:28:18,031 [pool-550-thread-1] INFO  server.RaftServerConfigKeys (ConfUtils.java:logGet(43)) - raft.server.log.segment.size.max = 1048576 (custom)
2019-11-11 20:28:18,030 [pool-540-thread-1] INFO  server.RaftServerConfigKeys (ConfUtils.java:logGet(43)) - raft.server.log.purge.gap = 1000000 (custom)
2019-11-11 20:28:18,031 [pool-550-thread-1] INFO  server.RaftServerConfigKeys (ConfUtils.java:logGet(43)) - raft.server.log.segment.cache.num.max = 2 (custom)
2019-11-11 20:28:18,031 [pool-560-thread-1] INFO  server.RaftServerConfigKeys (ConfUtils.java:logGet(43)) - raft.server.log.appender.buffer.byte-limit = 33554432 (custom)
2019-11-11 20:28:18,031 [pool-550-thread-1] INFO  segmented.SegmentedRaftLogWorker (SegmentedRaftLogWorker.java:<init>(173)) - new 396508a6-021e-4f53-afd2-417daf51af04@group-822749236D28-SegmentedRaftLogWorker for RaftStorage:Storage Directory /workdir/hadoop-ozone/integration-test/target/test-dir/MiniOzoneClusterImpl-878a1954-6462-47b6-bdcc-bab86c556cb3/datanode-4/data/ratis/e5ac7173-21c9-4bb7-a0c6-822749236d28
2019-11-11 20:28:18,031 [pool-540-thread-1] INFO  server.RaftServerConfigKeys (ConfUtils.java:logGet(43)) - raft.server.log.appender.buffer.byte-limit = 33554432 (custom)
2019-11-11 20:28:18,031 [pool-550-thread-1] INFO  server.RaftServerConfigKeys (ConfUtils.java:logGet(43)) - raft.server.log.queue.byte-limit = 2147483647 (custom)
2019-11-11 20:28:18,031 [pool-560-thread-1] INFO  server.RaftServerConfigKeys (ConfUtils.java:logGet(43)) - raft.server.log.segment.size.max = 1048576 (custom)
2019-11-11 20:28:18,032 [pool-550-thread-1] INFO  server.RaftServerConfigKeys (ConfUtils.java:logGet(43)) - raft.server.log.queue.element-limit = 1024 (custom)
2019-11-11 20:28:18,031 [pool-540-thread-1] INFO  server.RaftServerConfigKeys (ConfUtils.java:logGet(43)) - raft.server.log.segment.size.max = 1048576 (custom)
2019-11-11 20:28:18,032 [pool-550-thread-1] INFO  server.RaftServerConfigKeys (ConfUtils.java:logGet(43)) - raft.server.log.segment.size.max = 1048576 (custom)
2019-11-11 20:28:18,032 [pool-560-thread-1] INFO  server.RaftServerConfigKeys (ConfUtils.java:logGet(43)) - raft.server.log.segment.cache.num.max = 2 (custom)
2019-11-11 20:28:18,032 [pool-550-thread-1] INFO  server.RaftServerConfigKeys (ConfUtils.java:logGet(43)) - raft.server.log.preallocated.size = 16384 (custom)
2019-11-11 20:28:18,032 [pool-540-thread-1] INFO  server.RaftServerConfigKeys (ConfUtils.java:logGet(43)) - raft.server.log.segment.cache.num.max = 2 (custom)
2019-11-11 20:28:18,032 [pool-550-thread-1] INFO  server.RaftServerConfigKeys (ConfUtils.java:logGet(43)) - raft.server.log.write.buffer.size = 33554432 (custom)
2019-11-11 20:28:18,032 [pool-560-thread-1] INFO  segmented.SegmentedRaftLogWorker (SegmentedRaftLogWorker.java:<init>(173)) - new 6ca76b85-30a3-47b0-8ec4-51f6d05896eb@group-822749236D28-SegmentedRaftLogWorker for RaftStorage:Storage Directory /workdir/hadoop-ozone/integration-test/target/test-dir/MiniOzoneClusterImpl-878a1954-6462-47b6-bdcc-bab86c556cb3/datanode-5/data/ratis/e5ac7173-21c9-4bb7-a0c6-822749236d28
2019-11-11 20:28:18,033 [pool-550-thread-1] INFO  server.RaftServerConfigKeys (ConfUtils.java:logGet(43)) - raft.server.log.force.sync.num = 128 (default)
2019-11-11 20:28:18,032 [pool-540-thread-1] INFO  segmented.SegmentedRaftLogWorker (SegmentedRaftLogWorker.java:<init>(173)) - new 0237f4f0-b27e-4420-99a0-7f40e4083ac0@group-822749236D28-SegmentedRaftLogWorker for RaftStorage:Storage Directory /workdir/hadoop-ozone/integration-test/target/test-dir/MiniOzoneClusterImpl-878a1954-6462-47b6-bdcc-bab86c556cb3/datanode-3/data/ratis/e5ac7173-21c9-4bb7-a0c6-822749236d28
2019-11-11 20:28:18,033 [pool-550-thread-1] INFO  server.RaftServerConfigKeys (ConfUtils.java:logGet(43)) - raft.server.log.statemachine.data.sync = true (default)
2019-11-11 20:28:18,033 [pool-560-thread-1] INFO  server.RaftServerConfigKeys (ConfUtils.java:logGet(43)) - raft.server.log.queue.byte-limit = 2147483647 (custom)
2019-11-11 20:28:18,033 [pool-550-thread-1] INFO  server.RaftServerConfigKeys (ConfUtils.java:logGet(43)) - raft.server.log.statemachine.data.sync.timeout = 10s (default)
2019-11-11 20:28:18,033 [pool-540-thread-1] INFO  server.RaftServerConfigKeys (ConfUtils.java:logGet(43)) - raft.server.log.queue.byte-limit = 2147483647 (custom)
2019-11-11 20:28:18,033 [pool-550-thread-1] INFO  server.RaftServerConfigKeys (ConfUtils.java:logGet(43)) - raft.server.log.statemachine.data.sync.timeout.retry = -1 (default)
2019-11-11 20:28:18,033 [pool-560-thread-1] INFO  server.RaftServerConfigKeys (ConfUtils.java:logGet(43)) - raft.server.log.queue.element-limit = 1024 (custom)
2019-11-11 20:28:18,034 [pool-550-thread-1] INFO  server.RaftServerConfigKeys (ConfUtils.java:logGet(43)) - raft.server.log.statemachine.data.caching.enabled = true (custom)
2019-11-11 20:28:18,033 [pool-540-thread-1] INFO  server.RaftServerConfigKeys (ConfUtils.java:logGet(43)) - raft.server.log.queue.element-limit = 1024 (custom)
2019-11-11 20:28:18,034 [pool-560-thread-1] INFO  server.RaftServerConfigKeys (ConfUtils.java:logGet(43)) - raft.server.log.segment.size.max = 1048576 (custom)
2019-11-11 20:28:18,034 [pool-550-thread-1] INFO  segmented.SegmentedRaftLogWorker (SegmentedRaftLogWorker.java:lambda$new$0(128)) - 396508a6-021e-4f53-afd2-417daf51af04@group-822749236D28-SegmentedRaftLogWorker: flushIndex: setUnconditionally 0 -> -1
2019-11-11 20:28:18,034 [pool-540-thread-1] INFO  server.RaftServerConfigKeys (ConfUtils.java:logGet(43)) - raft.server.log.segment.size.max = 1048576 (custom)
2019-11-11 20:28:18,034 [pool-560-thread-1] INFO  server.RaftServerConfigKeys (ConfUtils.java:logGet(43)) - raft.server.log.preallocated.size = 16384 (custom)
2019-11-11 20:28:18,034 [pool-540-thread-1] INFO  server.RaftServerConfigKeys (ConfUtils.java:logGet(43)) - raft.server.log.preallocated.size = 16384 (custom)
2019-11-11 20:28:18,034 [pool-550-thread-1] INFO  server.RaftServerConfigKeys (ConfUtils.java:logGet(43)) - raft.server.snapshot.auto.trigger.enabled = true (custom)
2019-11-11 20:28:18,034 [pool-540-thread-1] INFO  server.RaftServerConfigKeys (ConfUtils.java:logGet(43)) - raft.server.log.write.buffer.size = 33554432 (custom)
2019-11-11 20:28:18,034 [pool-560-thread-1] INFO  server.RaftServerConfigKeys (ConfUtils.java:logGet(43)) - raft.server.log.write.buffer.size = 33554432 (custom)
2019-11-11 20:28:18,035 [pool-540-thread-1] INFO  server.RaftServerConfigKeys (ConfUtils.java:logGet(43)) - raft.server.log.force.sync.num = 128 (default)
2019-11-11 20:28:18,035 [pool-550-thread-1] INFO  server.RaftServerConfigKeys (ConfUtils.java:logGet(43)) - raft.server.snapshot.auto.trigger.threshold = 10000 (custom)
2019-11-11 20:28:18,035 [pool-540-thread-1] INFO  server.RaftServerConfigKeys (ConfUtils.java:logGet(43)) - raft.server.log.statemachine.data.sync = true (default)
2019-11-11 20:28:18,035 [pool-560-thread-1] INFO  server.RaftServerConfigKeys (ConfUtils.java:logGet(43)) - raft.server.log.force.sync.num = 128 (default)
2019-11-11 20:28:18,035 [pool-540-thread-1] INFO  server.RaftServerConfigKeys (ConfUtils.java:logGet(43)) - raft.server.log.statemachine.data.sync.timeout = 10s (default)
2019-11-11 20:28:18,035 [pool-550-thread-1] INFO  server.RaftServerConfigKeys (ConfUtils.java:logGet(43)) - raft.server.snapshot.retention.file.num = 5 (custom)
2019-11-11 20:28:18,035 [pool-540-thread-1] INFO  server.RaftServerConfigKeys (ConfUtils.java:logGet(43)) - raft.server.log.statemachine.data.sync.timeout.retry = -1 (default)
2019-11-11 20:28:18,035 [pool-560-thread-1] INFO  server.RaftServerConfigKeys (ConfUtils.java:logGet(43)) - raft.server.log.statemachine.data.sync = true (default)
2019-11-11 20:28:18,036 [pool-540-thread-1] INFO  server.RaftServerConfigKeys (ConfUtils.java:logGet(43)) - raft.server.log.statemachine.data.caching.enabled = true (custom)
2019-11-11 20:28:18,035 [pool-550-thread-1] INFO  server.RaftServerConfigKeys (ConfUtils.java:logGet(43)) - raft.server.retrycache.expirytime = 600000ms (custom)
2019-11-11 20:28:18,036 [pool-560-thread-1] INFO  server.RaftServerConfigKeys (ConfUtils.java:logGet(43)) - raft.server.log.statemachine.data.sync.timeout = 10s (default)
2019-11-11 20:28:18,036 [pool-550-thread-1] WARN  impl.MetricRegistriesImpl (MetricRegistriesImpl.java:lambda$create$1(61)) - First MetricRegistry has been created without registering reporters. You may need to call MetricRegistries.global().addReportRegistration(...) before.
2019-11-11 20:28:18,036 [pool-540-thread-1] INFO  segmented.SegmentedRaftLogWorker (SegmentedRaftLogWorker.java:lambda$new$0(128)) - 0237f4f0-b27e-4420-99a0-7f40e4083ac0@group-822749236D28-SegmentedRaftLogWorker: flushIndex: setUnconditionally 0 -> -1
2019-11-11 20:28:18,036 [pool-550-thread-1] WARN  impl.MetricRegistriesImpl (MetricRegistriesImpl.java:lambda$create$1(61)) - First MetricRegistry has been created without registering reporters. You may need to call MetricRegistries.global().addReportRegistration(...) before.
2019-11-11 20:28:18,036 [pool-560-thread-1] INFO  server.RaftServerConfigKeys (ConfUtils.java:logGet(43)) - raft.server.log.statemachine.data.sync.timeout.retry = -1 (default)
2019-11-11 20:28:18,036 [pool-540-thread-1] INFO  server.RaftServerConfigKeys (ConfUtils.java:logGet(43)) - raft.server.snapshot.auto.trigger.enabled = true (custom)
2019-11-11 20:28:18,037 [pool-560-thread-1] INFO  server.RaftServerConfigKeys (ConfUtils.java:logGet(43)) - raft.server.log.statemachine.data.caching.enabled = true (custom)
2019-11-11 20:28:18,037 [pool-550-thread-1] INFO  impl.RaftServerImpl (RaftServerImpl.java:start(184)) - 396508a6-021e-4f53-afd2-417daf51af04@group-822749236D28: start as a follower, conf=-1: [6ca76b85-30a3-47b0-8ec4-51f6d05896eb:192.168.69.124:38205, 0237f4f0-b27e-4420-99a0-7f40e4083ac0:192.168.69.124:41974, 396508a6-021e-4f53-afd2-417daf51af04:192.168.69.124:45746], old=null
2019-11-11 20:28:18,037 [pool-560-thread-1] INFO  segmented.SegmentedRaftLogWorker (SegmentedRaftLogWorker.java:lambda$new$0(128)) - 6ca76b85-30a3-47b0-8ec4-51f6d05896eb@group-822749236D28-SegmentedRaftLogWorker: flushIndex: setUnconditionally 0 -> -1
2019-11-11 20:28:18,037 [pool-540-thread-1] INFO  server.RaftServerConfigKeys (ConfUtils.java:logGet(43)) - raft.server.snapshot.auto.trigger.threshold = 10000 (custom)
2019-11-11 20:28:18,037 [pool-550-thread-1] INFO  impl.RaftServerImpl (RaftServerImpl.java:setRole(173)) - 396508a6-021e-4f53-afd2-417daf51af04@group-822749236D28: changes role from      null to FOLLOWER at term 0 for startAsFollower
2019-11-11 20:28:18,037 [pool-560-thread-1] INFO  server.RaftServerConfigKeys (ConfUtils.java:logGet(43)) - raft.server.snapshot.auto.trigger.enabled = true (custom)
2019-11-11 20:28:18,037 [pool-540-thread-1] INFO  server.RaftServerConfigKeys (ConfUtils.java:logGet(43)) - raft.server.snapshot.retention.file.num = 5 (custom)
2019-11-11 20:28:18,037 [pool-560-thread-1] INFO  server.RaftServerConfigKeys (ConfUtils.java:logGet(43)) - raft.server.snapshot.auto.trigger.threshold = 10000 (custom)
2019-11-11 20:28:18,037 [pool-550-thread-1] INFO  impl.RoleInfo (RoleInfo.java:updateAndGet(143)) - 396508a6-021e-4f53-afd2-417daf51af04: start FollowerState
2019-11-11 20:28:18,038 [pool-560-thread-1] INFO  server.RaftServerConfigKeys (ConfUtils.java:logGet(43)) - raft.server.snapshot.retention.file.num = 5 (custom)
2019-11-11 20:28:18,037 [pool-540-thread-1] INFO  server.RaftServerConfigKeys (ConfUtils.java:logGet(43)) - raft.server.retrycache.expirytime = 600000ms (custom)
2019-11-11 20:28:18,038 [pool-560-thread-1] INFO  server.RaftServerConfigKeys (ConfUtils.java:logGet(43)) - raft.server.retrycache.expirytime = 600000ms (custom)
2019-11-11 20:28:18,038 [pool-550-thread-1] INFO  util.JmxRegister (JmxRegister.java:tryRegister(44)) - Successfully registered JMX Bean with object name Ratis:service=RaftServer,group=group-822749236D28,id=396508a6-021e-4f53-afd2-417daf51af04
2019-11-11 20:28:18,038 [pool-540-thread-1] WARN  impl.MetricRegistriesImpl (MetricRegistriesImpl.java:lambda$create$1(61)) - First MetricRegistry has been created without registering reporters. You may need to call MetricRegistries.global().addReportRegistration(...) before.
2019-11-11 20:28:18,038 [pool-550-thread-1] WARN  impl.MetricRegistriesImpl (MetricRegistriesImpl.java:lambda$create$1(61)) - First MetricRegistry has been created without registering reporters. You may need to call MetricRegistries.global().addReportRegistration(...) before.
2019-11-11 20:28:18,038 [pool-560-thread-1] WARN  impl.MetricRegistriesImpl (MetricRegistriesImpl.java:lambda$create$1(61)) - First MetricRegistry has been created without registering reporters. You may need to call MetricRegistries.global().addReportRegistration(...) before.
2019-11-11 20:28:18,038 [pool-540-thread-1] WARN  impl.MetricRegistriesImpl (MetricRegistriesImpl.java:lambda$create$1(61)) - First MetricRegistry has been created without registering reporters. You may need to call MetricRegistries.global().addReportRegistration(...) before.
2019-11-11 20:28:18,038 [pool-560-thread-1] WARN  impl.MetricRegistriesImpl (MetricRegistriesImpl.java:lambda$create$1(61)) - First MetricRegistry has been created without registering reporters. You may need to call MetricRegistries.global().addReportRegistration(...) before.
2019-11-11 20:28:18,039 [pool-540-thread-1] INFO  impl.RaftServerImpl (RaftServerImpl.java:start(184)) - 0237f4f0-b27e-4420-99a0-7f40e4083ac0@group-822749236D28: start as a follower, conf=-1: [6ca76b85-30a3-47b0-8ec4-51f6d05896eb:192.168.69.124:38205, 0237f4f0-b27e-4420-99a0-7f40e4083ac0:192.168.69.124:41974, 396508a6-021e-4f53-afd2-417daf51af04:192.168.69.124:45746], old=null
2019-11-11 20:28:18,039 [pool-560-thread-1] INFO  impl.RaftServerImpl (RaftServerImpl.java:start(184)) - 6ca76b85-30a3-47b0-8ec4-51f6d05896eb@group-822749236D28: start as a follower, conf=-1: [6ca76b85-30a3-47b0-8ec4-51f6d05896eb:192.168.69.124:38205, 0237f4f0-b27e-4420-99a0-7f40e4083ac0:192.168.69.124:41974, 396508a6-021e-4f53-afd2-417daf51af04:192.168.69.124:45746], old=null
2019-11-11 20:28:18,039 [pool-540-thread-1] INFO  impl.RaftServerImpl (RaftServerImpl.java:setRole(173)) - 0237f4f0-b27e-4420-99a0-7f40e4083ac0@group-822749236D28: changes role from      null to FOLLOWER at term 0 for startAsFollower
2019-11-11 20:28:18,039 [pool-560-thread-1] INFO  impl.RaftServerImpl (RaftServerImpl.java:setRole(173)) - 6ca76b85-30a3-47b0-8ec4-51f6d05896eb@group-822749236D28: changes role from      null to FOLLOWER at term 0 for startAsFollower
2019-11-11 20:28:18,039 [pool-540-thread-1] INFO  impl.RoleInfo (RoleInfo.java:updateAndGet(143)) - 0237f4f0-b27e-4420-99a0-7f40e4083ac0: start FollowerState
2019-11-11 20:28:18,039 [pool-560-thread-1] INFO  impl.RoleInfo (RoleInfo.java:updateAndGet(143)) - 6ca76b85-30a3-47b0-8ec4-51f6d05896eb: start FollowerState
2019-11-11 20:28:18,040 [pool-540-thread-1] INFO  util.JmxRegister (JmxRegister.java:tryRegister(44)) - Successfully registered JMX Bean with object name Ratis:service=RaftServer,group=group-822749236D28,id=0237f4f0-b27e-4420-99a0-7f40e4083ac0
2019-11-11 20:28:18,040 [pool-560-thread-1] INFO  util.JmxRegister (JmxRegister.java:tryRegister(44)) - Successfully registered JMX Bean with object name Ratis:service=RaftServer,group=group-822749236D28,id=6ca76b85-30a3-47b0-8ec4-51f6d05896eb
2019-11-11 20:28:18,040 [pool-540-thread-1] WARN  impl.MetricRegistriesImpl (MetricRegistriesImpl.java:lambda$create$1(61)) - First MetricRegistry has been created without registering reporters. You may need to call MetricRegistries.global().addReportRegistration(...) before.
2019-11-11 20:28:18,040 [pool-560-thread-1] WARN  impl.MetricRegistriesImpl (MetricRegistriesImpl.java:lambda$create$1(61)) - First MetricRegistry has been created without registering reporters. You may need to call MetricRegistries.global().addReportRegistration(...) before.
2019-11-11 20:28:18,043 [RatisPipelineUtilsThread] INFO  pipeline.PipelineStateManager (PipelineStateManager.java:addPipeline(55)) - Created pipeline Pipeline[ Id: e5ac7173-21c9-4bb7-a0c6-822749236d28, Nodes: 6ca76b85-30a3-47b0-8ec4-51f6d05896eb{ip: 192.168.69.124, host: pr-hdds-1868-2776b-164702576, networkLocation: /rack1, certSerialId: null}0237f4f0-b27e-4420-99a0-7f40e4083ac0{ip: 192.168.69.124, host: pr-hdds-1868-2776b-164702576, networkLocation: /rack1, certSerialId: null}396508a6-021e-4f53-afd2-417daf51af04{ip: 192.168.69.124, host: pr-hdds-1868-2776b-164702576, networkLocation: /rack1, certSerialId: null}, Type:RATIS, Factor:THREE, State:ALLOCATED]
2019-11-11 20:28:18,046 [Thread-4367] INFO  pipeline.PipelineStateManager (PipelineStateManager.java:removePipeline(106)) - Pipeline Pipeline[ Id: e4232824-ac0c-40ce-b260-f3780f4274d7, Nodes: 6ca76b85-30a3-47b0-8ec4-51f6d05896eb{ip: 192.168.69.124, host: pr-hdds-1868-2776b-164702576, networkLocation: /rack1, certSerialId: null}0237f4f0-b27e-4420-99a0-7f40e4083ac0{ip: 192.168.69.124, host: pr-hdds-1868-2776b-164702576, networkLocation: /rack1, certSerialId: null}396508a6-021e-4f53-afd2-417daf51af04{ip: 192.168.69.124, host: pr-hdds-1868-2776b-164702576, networkLocation: /rack1, certSerialId: null}, Type:RATIS, Factor:THREE, State:CLOSED] removed from db
2019-11-11 20:28:18,046 [Thread-4367] INFO  pipeline.SCMPipelineManager (SCMPipelineManager.java:finalizeAndDestroyPipeline(315)) - destroying pipeline:Pipeline[ Id: b4b2a01e-4966-4b6b-afcb-9eea062f4d87, Nodes: 3cc51d6b-e891-4e52-b01b-ce9c9a895fa2{ip: 192.168.69.124, host: pr-hdds-1868-2776b-164702576, networkLocation: /rack1, certSerialId: null}, Type:RATIS, Factor:ONE, State:OPEN]
2019-11-11 20:28:18,047 [Thread-4367] INFO  pipeline.PipelineStateManager (PipelineStateManager.java:finalizePipeline(121)) - Pipeline Pipeline[ Id: b4b2a01e-4966-4b6b-afcb-9eea062f4d87, Nodes: 3cc51d6b-e891-4e52-b01b-ce9c9a895fa2{ip: 192.168.69.124, host: pr-hdds-1868-2776b-164702576, networkLocation: /rack1, certSerialId: null}, Type:RATIS, Factor:ONE, State:CLOSED] moved to CLOSED state
2019-11-11 20:28:18,049 [grpc-default-executor-5] INFO  impl.RaftServerProxy (RaftServerProxy.java:remove(95)) - 3cc51d6b-e891-4e52-b01b-ce9c9a895fa2: remove    LEADER 3cc51d6b-e891-4e52-b01b-ce9c9a895fa2@group-9EEA062F4D87:t1, leader=3cc51d6b-e891-4e52-b01b-ce9c9a895fa2, voted=3cc51d6b-e891-4e52-b01b-ce9c9a895fa2, raftlog=3cc51d6b-e891-4e52-b01b-ce9c9a895fa2@group-9EEA062F4D87-SegmentedRaftLog:OPENED:c0,f0,i0, conf=0: [3cc51d6b-e891-4e52-b01b-ce9c9a895fa2:192.168.69.124:45920], old=null RUNNING
2019-11-11 20:28:18,050 [grpc-default-executor-5] INFO  impl.RaftServerImpl (RaftServerImpl.java:lambda$shutdown$3(250)) - 3cc51d6b-e891-4e52-b01b-ce9c9a895fa2@group-9EEA062F4D87: shutdown
2019-11-11 20:28:18,050 [grpc-default-executor-5] INFO  util.JmxRegister (JmxRegister.java:unregister(73)) - Successfully un-registered JMX Bean with object name Ratis:service=RaftServer,group=group-9EEA062F4D87,id=3cc51d6b-e891-4e52-b01b-ce9c9a895fa2
2019-11-11 20:28:18,050 [grpc-default-executor-5] INFO  impl.RoleInfo (RoleInfo.java:shutdownLeaderState(104)) - 3cc51d6b-e891-4e52-b01b-ce9c9a895fa2: shutdown LeaderState
2019-11-11 20:28:18,050 [grpc-default-executor-5] INFO  impl.PendingRequests (PendingRequests.java:sendNotLeaderResponses(206)) - 3cc51d6b-e891-4e52-b01b-ce9c9a895fa2@group-9EEA062F4D87-PendingRequests: sendNotLeaderResponses
2019-11-11 20:28:18,051 [grpc-default-executor-5] INFO  impl.StateMachineUpdater (StateMachineUpdater.java:stopAndJoin(136)) - 3cc51d6b-e891-4e52-b01b-ce9c9a895fa2@group-9EEA062F4D87-StateMachineUpdater: set stopIndex = 0
2019-11-11 20:28:18,051 [grpc-default-executor-5] INFO  impl.RaftServerImpl (ServerState.java:close(387)) - 3cc51d6b-e891-4e52-b01b-ce9c9a895fa2@group-9EEA062F4D87: closes. applyIndex: 0
2019-11-11 20:28:18,051 [3cc51d6b-e891-4e52-b01b-ce9c9a895fa2@group-9EEA062F4D87-SegmentedRaftLogWorker] INFO  segmented.SegmentedRaftLogWorker (SegmentedRaftLogWorker.java:run(316)) - 3cc51d6b-e891-4e52-b01b-ce9c9a895fa2@group-9EEA062F4D87-SegmentedRaftLogWorker was interrupted, exiting. There are 0 tasks remaining in the queue.
2019-11-11 20:28:18,051 [grpc-default-executor-5] INFO  segmented.SegmentedRaftLogWorker (SegmentedRaftLogWorker.java:close(224)) - 3cc51d6b-e891-4e52-b01b-ce9c9a895fa2@group-9EEA062F4D87-SegmentedRaftLogWorker close()
2019-11-11 20:28:18,057 [Thread-4367] INFO  pipeline.PipelineStateManager (PipelineStateManager.java:removePipeline(106)) - Pipeline Pipeline[ Id: b4b2a01e-4966-4b6b-afcb-9eea062f4d87, Nodes: 3cc51d6b-e891-4e52-b01b-ce9c9a895fa2{ip: 192.168.69.124, host: pr-hdds-1868-2776b-164702576, networkLocation: /rack1, certSerialId: null}, Type:RATIS, Factor:ONE, State:CLOSED] removed from db
2019-11-11 20:28:18,057 [Thread-4367] INFO  pipeline.SCMPipelineManager (SCMPipelineManager.java:finalizeAndDestroyPipeline(315)) - destroying pipeline:Pipeline[ Id: fc32f200-7bd6-4fca-b7a5-f5cbe4281dc1, Nodes: 75be7957-289d-4245-a821-fc5677a0cfb7{ip: 192.168.69.124, host: pr-hdds-1868-2776b-164702576, networkLocation: /rack1, certSerialId: null}3cc51d6b-e891-4e52-b01b-ce9c9a895fa2{ip: 192.168.69.124, host: pr-hdds-1868-2776b-164702576, networkLocation: /rack1, certSerialId: null}fb7bce6a-1cd3-4beb-8a28-448fd0b8448e{ip: 192.168.69.124, host: pr-hdds-1868-2776b-164702576, networkLocation: /rack1, certSerialId: null}, Type:RATIS, Factor:THREE, State:OPEN]
2019-11-11 20:28:18,059 [grpc-default-executor-5] INFO  impl.RaftServerProxy (RaftServerProxy.java:addNew(89)) - 3cc51d6b-e891-4e52-b01b-ce9c9a895fa2: addNew group-88F5ABF4F78A:[3cc51d6b-e891-4e52-b01b-ce9c9a895fa2:192.168.69.124:45920] returns group-88F5ABF4F78A:java.util.concurrent.CompletableFuture@265fd15[Not completed]
2019-11-11 20:28:18,060 [pool-590-thread-1] INFO  impl.RaftServerImpl (RaftServerImpl.java:<init>(98)) - 3cc51d6b-e891-4e52-b01b-ce9c9a895fa2: new RaftServerImpl for group-88F5ABF4F78A:[3cc51d6b-e891-4e52-b01b-ce9c9a895fa2:192.168.69.124:45920] with ContainerStateMachine:uninitialized
2019-11-11 20:28:18,060 [pool-590-thread-1] INFO  server.RaftServerConfigKeys (ConfUtils.java:logGet(43)) - raft.server.rpc.timeout.min = 1s (custom)
2019-11-11 20:28:18,060 [pool-590-thread-1] INFO  server.RaftServerConfigKeys (ConfUtils.java:logGet(43)) - raft.server.rpc.timeout.max = 1200ms (custom)
2019-11-11 20:28:18,060 [pool-590-thread-1] INFO  server.RaftServerConfigKeys (ConfUtils.java:logGet(43)) - raft.server.rpcslowness.timeout = 120s (custom)
2019-11-11 20:28:18,060 [pool-590-thread-1] INFO  server.RaftServerConfigKeys (ConfUtils.java:logGet(43)) - raft.server.sleep.deviation.threshold = 300 (default)
2019-11-11 20:28:18,061 [pool-590-thread-1] INFO  server.RaftServerConfigKeys (ConfUtils.java:logGet(43)) - raft.server.log.appender.install.snapshot.enabled = false (custom)
2019-11-11 20:28:18,061 [pool-590-thread-1] INFO  impl.RaftServerImpl (ServerState.java:<init>(103)) - 3cc51d6b-e891-4e52-b01b-ce9c9a895fa2@group-88F5ABF4F78A: ConfigurationManager, init=-1: [3cc51d6b-e891-4e52-b01b-ce9c9a895fa2:192.168.69.124:45920], old=null, confs=<EMPTY_MAP>
2019-11-11 20:28:18,061 [pool-590-thread-1] INFO  server.RaftServerConfigKeys (ConfUtils.java:logGet(43)) - raft.server.storage.dir = [/workdir/hadoop-ozone/integration-test/target/test-dir/MiniOzoneClusterImpl-878a1954-6462-47b6-bdcc-bab86c556cb3/datanode-8/data/ratis] (custom)
2019-11-11 20:28:18,061 [pool-590-thread-1] INFO  server.RaftServerConfigKeys (ConfUtils.java:logGet(43)) - raft.server.log.corruption.policy = EXCEPTION (default)
2019-11-11 20:28:18,061 [pool-590-thread-1] INFO  storage.RaftStorageDirectory (RaftStorageDirectory.java:analyzeStorage(246)) - The storage directory /workdir/hadoop-ozone/integration-test/target/test-dir/MiniOzoneClusterImpl-878a1954-6462-47b6-bdcc-bab86c556cb3/datanode-8/data/ratis/2e67b347-8b53-49d3-9dcb-88f5abf4f78a does not exist. Creating ...
2019-11-11 20:28:18,080 [pool-590-thread-1] INFO  storage.RaftStorageDirectory (RaftStorageDirectory.java:tryLock(328)) - Lock on /workdir/hadoop-ozone/integration-test/target/test-dir/MiniOzoneClusterImpl-878a1954-6462-47b6-bdcc-bab86c556cb3/datanode-8/data/ratis/2e67b347-8b53-49d3-9dcb-88f5abf4f78a/in_use.lock acquired by nodename 3817@pr-hdds-1868-2776b-164702576
2019-11-11 20:28:18,106 [pool-590-thread-1] INFO  storage.RaftStorage (RaftStorage.java:format(84)) - Storage directory /workdir/hadoop-ozone/integration-test/target/test-dir/MiniOzoneClusterImpl-878a1954-6462-47b6-bdcc-bab86c556cb3/datanode-8/data/ratis/2e67b347-8b53-49d3-9dcb-88f5abf4f78a has been successfully formatted.
2019-11-11 20:28:18,106 [pool-590-thread-1] INFO  ratis.ContainerStateMachine (ContainerStateMachine.java:loadSnapshot(223)) - group-88F5ABF4F78A: The snapshot info is null. Setting the last applied indexto:(t:0, i:~)
2019-11-11 20:28:18,106 [pool-590-thread-1] INFO  server.RaftServerConfigKeys (ConfUtils.java:logGet(43)) - raft.server.notification.no-leader.timeout = 120s (custom)
2019-11-11 20:28:18,107 [pool-590-thread-1] INFO  server.RaftServerConfigKeys (ConfUtils.java:logGet(43)) - raft.server.log.use.memory = false (default)
2019-11-11 20:28:18,107 [pool-590-thread-1] INFO  server.RaftServerConfigKeys (ConfUtils.java:logGet(43)) - raft.server.log.purge.gap = 1000000 (custom)
2019-11-11 20:28:18,107 [pool-590-thread-1] INFO  server.RaftServerConfigKeys (ConfUtils.java:logGet(43)) - raft.server.log.appender.buffer.byte-limit = 33554432 (custom)
2019-11-11 20:28:18,107 [pool-590-thread-1] INFO  server.RaftServerConfigKeys (ConfUtils.java:logGet(43)) - raft.server.log.segment.size.max = 1048576 (custom)
2019-11-11 20:28:18,107 [pool-590-thread-1] INFO  server.RaftServerConfigKeys (ConfUtils.java:logGet(43)) - raft.server.log.segment.cache.num.max = 2 (custom)
2019-11-11 20:28:18,107 [pool-590-thread-1] INFO  segmented.SegmentedRaftLogWorker (SegmentedRaftLogWorker.java:<init>(173)) - new 3cc51d6b-e891-4e52-b01b-ce9c9a895fa2@group-88F5ABF4F78A-SegmentedRaftLogWorker for RaftStorage:Storage Directory /workdir/hadoop-ozone/integration-test/target/test-dir/MiniOzoneClusterImpl-878a1954-6462-47b6-bdcc-bab86c556cb3/datanode-8/data/ratis/2e67b347-8b53-49d3-9dcb-88f5abf4f78a
2019-11-11 20:28:18,107 [pool-590-thread-1] INFO  server.RaftServerConfigKeys (ConfUtils.java:logGet(43)) - raft.server.log.queue.byte-limit = 2147483647 (custom)
2019-11-11 20:28:18,107 [pool-590-thread-1] INFO  server.RaftServerConfigKeys (ConfUtils.java:logGet(43)) - raft.server.log.queue.element-limit = 1024 (custom)
2019-11-11 20:28:18,108 [pool-590-thread-1] INFO  server.RaftServerConfigKeys (ConfUtils.java:logGet(43)) - raft.server.log.segment.size.max = 1048576 (custom)
2019-11-11 20:28:18,108 [pool-590-thread-1] INFO  server.RaftServerConfigKeys (ConfUtils.java:logGet(43)) - raft.server.log.preallocated.size = 16384 (custom)
2019-11-11 20:28:18,108 [pool-590-thread-1] INFO  server.RaftServerConfigKeys (ConfUtils.java:logGet(43)) - raft.server.log.write.buffer.size = 33554432 (custom)
2019-11-11 20:28:18,108 [pool-590-thread-1] INFO  server.RaftServerConfigKeys (ConfUtils.java:logGet(43)) - raft.server.log.force.sync.num = 128 (default)
2019-11-11 20:28:18,108 [pool-590-thread-1] INFO  server.RaftServerConfigKeys (ConfUtils.java:logGet(43)) - raft.server.log.statemachine.data.sync = true (default)
2019-11-11 20:28:18,108 [pool-590-thread-1] INFO  server.RaftServerConfigKeys (ConfUtils.java:logGet(43)) - raft.server.log.statemachine.data.sync.timeout = 10s (default)
2019-11-11 20:28:18,108 [pool-590-thread-1] INFO  server.RaftServerConfigKeys (ConfUtils.java:logGet(43)) - raft.server.log.statemachine.data.sync.timeout.retry = -1 (default)
2019-11-11 20:28:18,108 [pool-590-thread-1] INFO  server.RaftServerConfigKeys (ConfUtils.java:logGet(43)) - raft.server.log.statemachine.data.caching.enabled = true (custom)
2019-11-11 20:28:18,109 [pool-590-thread-1] INFO  segmented.SegmentedRaftLogWorker (SegmentedRaftLogWorker.java:lambda$new$0(128)) - 3cc51d6b-e891-4e52-b01b-ce9c9a895fa2@group-88F5ABF4F78A-SegmentedRaftLogWorker: flushIndex: setUnconditionally 0 -> -1
2019-11-11 20:28:18,109 [pool-590-thread-1] INFO  server.RaftServerConfigKeys (ConfUtils.java:logGet(43)) - raft.server.snapshot.auto.trigger.enabled = true (custom)
2019-11-11 20:28:18,109 [pool-590-thread-1] INFO  server.RaftServerConfigKeys (ConfUtils.java:logGet(43)) - raft.server.snapshot.auto.trigger.threshold = 10000 (custom)
2019-11-11 20:28:18,109 [pool-590-thread-1] INFO  server.RaftServerConfigKeys (ConfUtils.java:logGet(43)) - raft.server.snapshot.retention.file.num = 5 (custom)
2019-11-11 20:28:18,109 [pool-590-thread-1] INFO  server.RaftServerConfigKeys (ConfUtils.java:logGet(43)) - raft.server.retrycache.expirytime = 600000ms (custom)
2019-11-11 20:28:18,110 [pool-590-thread-1] WARN  impl.MetricRegistriesImpl (MetricRegistriesImpl.java:lambda$create$1(61)) - First MetricRegistry has been created without registering reporters. You may need to call MetricRegistries.global().addReportRegistration(...) before.
2019-11-11 20:28:18,110 [pool-590-thread-1] WARN  impl.MetricRegistriesImpl (MetricRegistriesImpl.java:lambda$create$1(61)) - First MetricRegistry has been created without registering reporters. You may need to call MetricRegistries.global().addReportRegistration(...) before.
2019-11-11 20:28:18,110 [pool-590-thread-1] INFO  impl.RaftServerImpl (RaftServerImpl.java:start(184)) - 3cc51d6b-e891-4e52-b01b-ce9c9a895fa2@group-88F5ABF4F78A: start as a follower, conf=-1: [3cc51d6b-e891-4e52-b01b-ce9c9a895fa2:192.168.69.124:45920], old=null
2019-11-11 20:28:18,110 [pool-590-thread-1] INFO  impl.RaftServerImpl (RaftServerImpl.java:setRole(173)) - 3cc51d6b-e891-4e52-b01b-ce9c9a895fa2@group-88F5ABF4F78A: changes role from      null to FOLLOWER at term 0 for startAsFollower
2019-11-11 20:28:18,110 [pool-590-thread-1] INFO  impl.RoleInfo (RoleInfo.java:updateAndGet(143)) - 3cc51d6b-e891-4e52-b01b-ce9c9a895fa2: start FollowerState
2019-11-11 20:28:18,114 [pool-590-thread-1] INFO  util.JmxRegister (JmxRegister.java:tryRegister(44)) - Successfully registered JMX Bean with object name Ratis:service=RaftServer,group=group-88F5ABF4F78A,id=3cc51d6b-e891-4e52-b01b-ce9c9a895fa2
2019-11-11 20:28:18,114 [pool-590-thread-1] WARN  impl.MetricRegistriesImpl (MetricRegistriesImpl.java:lambda$create$1(61)) - First MetricRegistry has been created without registering reporters. You may need to call MetricRegistries.global().addReportRegistration(...) before.
2019-11-11 20:28:18,125 [RatisPipelineUtilsThread] INFO  pipeline.PipelineStateManager (PipelineStateManager.java:addPipeline(55)) - Created pipeline Pipeline[ Id: 2e67b347-8b53-49d3-9dcb-88f5abf4f78a, Nodes: 3cc51d6b-e891-4e52-b01b-ce9c9a895fa2{ip: 192.168.69.124, host: pr-hdds-1868-2776b-164702576, networkLocation: /rack1, certSerialId: null}, Type:RATIS, Factor:ONE, State:ALLOCATED]
2019-11-11 20:28:18,125 [Thread-4367] INFO  pipeline.PipelineStateManager (PipelineStateManager.java:finalizePipeline(121)) - Pipeline Pipeline[ Id: fc32f200-7bd6-4fca-b7a5-f5cbe4281dc1, Nodes: 75be7957-289d-4245-a821-fc5677a0cfb7{ip: 192.168.69.124, host: pr-hdds-1868-2776b-164702576, networkLocation: /rack1, certSerialId: null}3cc51d6b-e891-4e52-b01b-ce9c9a895fa2{ip: 192.168.69.124, host: pr-hdds-1868-2776b-164702576, networkLocation: /rack1, certSerialId: null}fb7bce6a-1cd3-4beb-8a28-448fd0b8448e{ip: 192.168.69.124, host: pr-hdds-1868-2776b-164702576, networkLocation: /rack1, certSerialId: null}, Type:RATIS, Factor:THREE, State:CLOSED] moved to CLOSED state
2019-11-11 20:28:18,130 [grpc-default-executor-5] INFO  impl.RaftServerProxy (RaftServerProxy.java:remove(95)) - 75be7957-289d-4245-a821-fc5677a0cfb7: remove  FOLLOWER 75be7957-289d-4245-a821-fc5677a0cfb7@group-F5CBE4281DC1:t1, leader=fb7bce6a-1cd3-4beb-8a28-448fd0b8448e, voted=fb7bce6a-1cd3-4beb-8a28-448fd0b8448e, raftlog=75be7957-289d-4245-a821-fc5677a0cfb7@group-F5CBE4281DC1-SegmentedRaftLog:OPENED:c0,f0,i0, conf=0: [3cc51d6b-e891-4e52-b01b-ce9c9a895fa2:192.168.69.124:45920, 75be7957-289d-4245-a821-fc5677a0cfb7:192.168.69.124:39702, fb7bce6a-1cd3-4beb-8a28-448fd0b8448e:192.168.69.124:37289], old=null RUNNING
2019-11-11 20:28:18,130 [grpc-default-executor-5] INFO  impl.RaftServerImpl (RaftServerImpl.java:lambda$shutdown$3(250)) - 75be7957-289d-4245-a821-fc5677a0cfb7@group-F5CBE4281DC1: shutdown
2019-11-11 20:28:18,130 [grpc-default-executor-5] INFO  util.JmxRegister (JmxRegister.java:unregister(73)) - Successfully un-registered JMX Bean with object name Ratis:service=RaftServer,group=group-F5CBE4281DC1,id=75be7957-289d-4245-a821-fc5677a0cfb7
2019-11-11 20:28:18,130 [grpc-default-executor-5] INFO  impl.RoleInfo (RoleInfo.java:shutdownFollowerState(121)) - 75be7957-289d-4245-a821-fc5677a0cfb7: shutdown FollowerState
2019-11-11 20:28:18,130 [grpc-default-executor-5] INFO  impl.StateMachineUpdater (StateMachineUpdater.java:stopAndJoin(136)) - 75be7957-289d-4245-a821-fc5677a0cfb7@group-F5CBE4281DC1-StateMachineUpdater: set stopIndex = 0
2019-11-11 20:28:18,130 [Thread-4478] INFO  impl.FollowerState (FollowerState.java:run(120)) - 75be7957-289d-4245-a821-fc5677a0cfb7@group-F5CBE4281DC1-FollowerState was interrupted: java.lang.InterruptedException: sleep interrupted
2019-11-11 20:28:18,140 [grpc-default-executor-5] INFO  impl.RaftServerImpl (ServerState.java:close(387)) - 75be7957-289d-4245-a821-fc5677a0cfb7@group-F5CBE4281DC1: closes. applyIndex: 0
2019-11-11 20:28:18,142 [75be7957-289d-4245-a821-fc5677a0cfb7@group-F5CBE4281DC1-SegmentedRaftLogWorker] INFO  segmented.SegmentedRaftLogWorker (SegmentedRaftLogWorker.java:run(316)) - 75be7957-289d-4245-a821-fc5677a0cfb7@group-F5CBE4281DC1-SegmentedRaftLogWorker was interrupted, exiting. There are 0 tasks remaining in the queue.
2019-11-11 20:28:18,143 [grpc-default-executor-5] INFO  segmented.SegmentedRaftLogWorker (SegmentedRaftLogWorker.java:close(224)) - 75be7957-289d-4245-a821-fc5677a0cfb7@group-F5CBE4281DC1-SegmentedRaftLogWorker close()
2019-11-11 20:28:18,150 [grpc-default-executor-5] INFO  impl.RaftServerProxy (RaftServerProxy.java:remove(95)) - 3cc51d6b-e891-4e52-b01b-ce9c9a895fa2: remove  FOLLOWER 3cc51d6b-e891-4e52-b01b-ce9c9a895fa2@group-F5CBE4281DC1:t1, leader=fb7bce6a-1cd3-4beb-8a28-448fd0b8448e, voted=fb7bce6a-1cd3-4beb-8a28-448fd0b8448e, raftlog=3cc51d6b-e891-4e52-b01b-ce9c9a895fa2@group-F5CBE4281DC1-SegmentedRaftLog:OPENED:c0,f0,i0, conf=0: [3cc51d6b-e891-4e52-b01b-ce9c9a895fa2:192.168.69.124:45920, 75be7957-289d-4245-a821-fc5677a0cfb7:192.168.69.124:39702, fb7bce6a-1cd3-4beb-8a28-448fd0b8448e:192.168.69.124:37289], old=null RUNNING
2019-11-11 20:28:18,150 [grpc-default-executor-5] INFO  impl.RaftServerImpl (RaftServerImpl.java:lambda$shutdown$3(250)) - 3cc51d6b-e891-4e52-b01b-ce9c9a895fa2@group-F5CBE4281DC1: shutdown
2019-11-11 20:28:18,150 [grpc-default-executor-5] INFO  util.JmxRegister (JmxRegister.java:unregister(73)) - Successfully un-registered JMX Bean with object name Ratis:service=RaftServer,group=group-F5CBE4281DC1,id=3cc51d6b-e891-4e52-b01b-ce9c9a895fa2
2019-11-11 20:28:18,150 [grpc-default-executor-5] INFO  impl.RoleInfo (RoleInfo.java:shutdownFollowerState(121)) - 3cc51d6b-e891-4e52-b01b-ce9c9a895fa2: shutdown FollowerState
2019-11-11 20:28:18,151 [grpc-default-executor-5] INFO  impl.StateMachineUpdater (StateMachineUpdater.java:stopAndJoin(136)) - 3cc51d6b-e891-4e52-b01b-ce9c9a895fa2@group-F5CBE4281DC1-StateMachineUpdater: set stopIndex = 0
2019-11-11 20:28:18,151 [Thread-4479] INFO  impl.FollowerState (FollowerState.java:run(120)) - 3cc51d6b-e891-4e52-b01b-ce9c9a895fa2@group-F5CBE4281DC1-FollowerState was interrupted: java.lang.InterruptedException: sleep interrupted
2019-11-11 20:28:18,151 [grpc-default-executor-5] INFO  impl.RaftServerImpl (ServerState.java:close(387)) - 3cc51d6b-e891-4e52-b01b-ce9c9a895fa2@group-F5CBE4281DC1: closes. applyIndex: 0
2019-11-11 20:28:18,151 [3cc51d6b-e891-4e52-b01b-ce9c9a895fa2@group-F5CBE4281DC1-SegmentedRaftLogWorker] INFO  segmented.SegmentedRaftLogWorker (SegmentedRaftLogWorker.java:run(316)) - 3cc51d6b-e891-4e52-b01b-ce9c9a895fa2@group-F5CBE4281DC1-SegmentedRaftLogWorker was interrupted, exiting. There are 0 tasks remaining in the queue.
2019-11-11 20:28:18,151 [grpc-default-executor-5] INFO  segmented.SegmentedRaftLogWorker (SegmentedRaftLogWorker.java:close(224)) - 3cc51d6b-e891-4e52-b01b-ce9c9a895fa2@group-F5CBE4281DC1-SegmentedRaftLogWorker close()
2019-11-11 20:28:18,166 [grpc-default-executor-5] INFO  impl.RaftServerProxy (RaftServerProxy.java:remove(95)) - fb7bce6a-1cd3-4beb-8a28-448fd0b8448e: remove    LEADER fb7bce6a-1cd3-4beb-8a28-448fd0b8448e@group-F5CBE4281DC1:t1, leader=fb7bce6a-1cd3-4beb-8a28-448fd0b8448e, voted=fb7bce6a-1cd3-4beb-8a28-448fd0b8448e, raftlog=fb7bce6a-1cd3-4beb-8a28-448fd0b8448e@group-F5CBE4281DC1-SegmentedRaftLog:OPENED:c0,f0,i0, conf=0: [3cc51d6b-e891-4e52-b01b-ce9c9a895fa2:192.168.69.124:45920, 75be7957-289d-4245-a821-fc5677a0cfb7:192.168.69.124:39702, fb7bce6a-1cd3-4beb-8a28-448fd0b8448e:192.168.69.124:37289], old=null RUNNING
2019-11-11 20:28:18,166 [grpc-default-executor-5] INFO  impl.RaftServerImpl (RaftServerImpl.java:lambda$shutdown$3(250)) - fb7bce6a-1cd3-4beb-8a28-448fd0b8448e@group-F5CBE4281DC1: shutdown
2019-11-11 20:28:18,166 [grpc-default-executor-5] INFO  util.JmxRegister (JmxRegister.java:unregister(73)) - Successfully un-registered JMX Bean with object name Ratis:service=RaftServer,group=group-F5CBE4281DC1,id=fb7bce6a-1cd3-4beb-8a28-448fd0b8448e
2019-11-11 20:28:18,167 [grpc-default-executor-5] INFO  impl.RoleInfo (RoleInfo.java:shutdownLeaderState(104)) - fb7bce6a-1cd3-4beb-8a28-448fd0b8448e: shutdown LeaderState
2019-11-11 20:28:18,172 [grpc-default-executor-5] INFO  impl.PendingRequests (PendingRequests.java:sendNotLeaderResponses(206)) - fb7bce6a-1cd3-4beb-8a28-448fd0b8448e@group-F5CBE4281DC1-PendingRequests: sendNotLeaderResponses
2019-11-11 20:28:18,172 [org.apache.ratis.server.impl.LogAppender$AppenderDaemon$$Lambda$443/882596722@347681b1] WARN  server.GrpcLogAppender (GrpcLogAppender.java:mayWait(151)) - fb7bce6a-1cd3-4beb-8a28-448fd0b8448e@group-F5CBE4281DC1->75be7957-289d-4245-a821-fc5677a0cfb7-GrpcLogAppender: Wait interrupted by java.lang.InterruptedException
2019-11-11 20:28:18,172 [grpc-default-executor-5] INFO  impl.StateMachineUpdater (StateMachineUpdater.java:stopAndJoin(136)) - fb7bce6a-1cd3-4beb-8a28-448fd0b8448e@group-F5CBE4281DC1-StateMachineUpdater: set stopIndex = 0
2019-11-11 20:28:18,172 [org.apache.ratis.server.impl.LogAppender$AppenderDaemon$$Lambda$443/882596722@717411fb] WARN  server.GrpcLogAppender (GrpcLogAppender.java:mayWait(151)) - fb7bce6a-1cd3-4beb-8a28-448fd0b8448e@group-F5CBE4281DC1->3cc51d6b-e891-4e52-b01b-ce9c9a895fa2-GrpcLogAppender: Wait interrupted by java.lang.InterruptedException
2019-11-11 20:28:18,172 [grpc-default-executor-5] INFO  impl.RaftServerImpl (ServerState.java:close(387)) - fb7bce6a-1cd3-4beb-8a28-448fd0b8448e@group-F5CBE4281DC1: closes. applyIndex: 0
2019-11-11 20:28:18,173 [grpc-default-executor-8] INFO  server.GrpcServerProtocolService (GrpcServerProtocolService.java:onCompleted(113)) - 75be7957-289d-4245-a821-fc5677a0cfb7: Completed APPEND_ENTRIES, lastRequest: fb7bce6a-1cd3-4beb-8a28-448fd0b8448e->75be7957-289d-4245-a821-fc5677a0cfb7#3-t1, previous=(t:1, i:0), leaderCommit=0, initializing? false, entries: <empty>
2019-11-11 20:28:18,173 [fb7bce6a-1cd3-4beb-8a28-448fd0b8448e@group-F5CBE4281DC1-SegmentedRaftLogWorker] INFO  segmented.SegmentedRaftLogWorker (SegmentedRaftLogWorker.java:run(316)) - fb7bce6a-1cd3-4beb-8a28-448fd0b8448e@group-F5CBE4281DC1-SegmentedRaftLogWorker was interrupted, exiting. There are 0 tasks remaining in the queue.
2019-11-11 20:28:18,173 [grpc-default-executor-4] INFO  server.GrpcServerProtocolService (GrpcServerProtocolService.java:onCompleted(113)) - 3cc51d6b-e891-4e52-b01b-ce9c9a895fa2: Completed APPEND_ENTRIES, lastRequest: fb7bce6a-1cd3-4beb-8a28-448fd0b8448e->3cc51d6b-e891-4e52-b01b-ce9c9a895fa2#3-t1, previous=(t:1, i:0), leaderCommit=0, initializing? false, entries: <empty>
2019-11-11 20:28:18,173 [grpc-default-executor-5] INFO  segmented.SegmentedRaftLogWorker (SegmentedRaftLogWorker.java:close(224)) - fb7bce6a-1cd3-4beb-8a28-448fd0b8448e@group-F5CBE4281DC1-SegmentedRaftLogWorker close()
2019-11-11 20:28:18,173 [grpc-default-executor-8] INFO  server.GrpcLogAppender (GrpcLogAppender.java:onCompleted(308)) - fb7bce6a-1cd3-4beb-8a28-448fd0b8448e@group-F5CBE4281DC1->3cc51d6b-e891-4e52-b01b-ce9c9a895fa2-AppendLogResponseHandler: follower responses appendEntries COMPLETED
2019-11-11 20:28:18,173 [grpc-default-executor-1] INFO  server.GrpcLogAppender (GrpcLogAppender.java:onCompleted(308)) - fb7bce6a-1cd3-4beb-8a28-448fd0b8448e@group-F5CBE4281DC1->75be7957-289d-4245-a821-fc5677a0cfb7-AppendLogResponseHandler: follower responses appendEntries COMPLETED
2019-11-11 20:28:18,174 [grpc-default-executor-8] INFO  impl.FollowerInfo (FollowerInfo.java:lambda$new$0(51)) - fb7bce6a-1cd3-4beb-8a28-448fd0b8448e@group-F5CBE4281DC1->3cc51d6b-e891-4e52-b01b-ce9c9a895fa2: nextIndex: updateUnconditionally 1 -> 0
2019-11-11 20:28:18,174 [grpc-default-executor-1] INFO  impl.FollowerInfo (FollowerInfo.java:lambda$new$0(51)) - fb7bce6a-1cd3-4beb-8a28-448fd0b8448e@group-F5CBE4281DC1->75be7957-289d-4245-a821-fc5677a0cfb7: nextIndex: updateUnconditionally 1 -> 0
2019-11-11 20:28:18,183 [Thread-4367] INFO  pipeline.PipelineStateManager (PipelineStateManager.java:removePipeline(106)) - Pipeline Pipeline[ Id: fc32f200-7bd6-4fca-b7a5-f5cbe4281dc1, Nodes: 75be7957-289d-4245-a821-fc5677a0cfb7{ip: 192.168.69.124, host: pr-hdds-1868-2776b-164702576, networkLocation: /rack1, certSerialId: null}3cc51d6b-e891-4e52-b01b-ce9c9a895fa2{ip: 192.168.69.124, host: pr-hdds-1868-2776b-164702576, networkLocation: /rack1, certSerialId: null}fb7bce6a-1cd3-4beb-8a28-448fd0b8448e{ip: 192.168.69.124, host: pr-hdds-1868-2776b-164702576, networkLocation: /rack1, certSerialId: null}, Type:RATIS, Factor:THREE, State:CLOSED] removed from db
2019-11-11 20:28:18,183 [Thread-4367] INFO  pipeline.SCMPipelineManager (SCMPipelineManager.java:finalizeAndDestroyPipeline(315)) - destroying pipeline:Pipeline[ Id: 02b1d5b5-35ba-4330-96ba-d84187c0bafe, Nodes: f9a7ecd3-e7a4-4080-bb37-5ca61c0ec681{ip: 192.168.69.124, host: pr-hdds-1868-2776b-164702576, networkLocation: /rack1, certSerialId: null}, Type:RATIS, Factor:ONE, State:OPEN]
2019-11-11 20:28:18,189 [grpc-default-executor-5] INFO  impl.RaftServerProxy (RaftServerProxy.java:addNew(89)) - 75be7957-289d-4245-a821-fc5677a0cfb7: addNew group-E38CCF0B2F7E:[3cc51d6b-e891-4e52-b01b-ce9c9a895fa2:192.168.69.124:45920, 75be7957-289d-4245-a821-fc5677a0cfb7:192.168.69.124:39702, fb7bce6a-1cd3-4beb-8a28-448fd0b8448e:192.168.69.124:37289] returns group-E38CCF0B2F7E:java.util.concurrent.CompletableFuture@50b04805[Not completed]
2019-11-11 20:28:18,189 [grpc-default-executor-1] INFO  impl.RaftServerProxy (RaftServerProxy.java:addNew(89)) - 3cc51d6b-e891-4e52-b01b-ce9c9a895fa2: addNew group-E38CCF0B2F7E:[3cc51d6b-e891-4e52-b01b-ce9c9a895fa2:192.168.69.124:45920, 75be7957-289d-4245-a821-fc5677a0cfb7:192.168.69.124:39702, fb7bce6a-1cd3-4beb-8a28-448fd0b8448e:192.168.69.124:37289] returns group-E38CCF0B2F7E:java.util.concurrent.CompletableFuture@6ac80cbe[Not completed]
2019-11-11 20:28:18,189 [grpc-default-executor-8] INFO  impl.RaftServerProxy (RaftServerProxy.java:addNew(89)) - fb7bce6a-1cd3-4beb-8a28-448fd0b8448e: addNew group-E38CCF0B2F7E:[3cc51d6b-e891-4e52-b01b-ce9c9a895fa2:192.168.69.124:45920, 75be7957-289d-4245-a821-fc5677a0cfb7:192.168.69.124:39702, fb7bce6a-1cd3-4beb-8a28-448fd0b8448e:192.168.69.124:37289] returns group-E38CCF0B2F7E:java.util.concurrent.CompletableFuture@3b381d17[Not completed]
2019-11-11 20:28:18,190 [pool-570-thread-1] INFO  impl.RaftServerImpl (RaftServerImpl.java:<init>(98)) - 75be7957-289d-4245-a821-fc5677a0cfb7: new RaftServerImpl for group-E38CCF0B2F7E:[3cc51d6b-e891-4e52-b01b-ce9c9a895fa2:192.168.69.124:45920, 75be7957-289d-4245-a821-fc5677a0cfb7:192.168.69.124:39702, fb7bce6a-1cd3-4beb-8a28-448fd0b8448e:192.168.69.124:37289] with ContainerStateMachine:uninitialized
2019-11-11 20:28:18,190 [pool-570-thread-1] INFO  server.RaftServerConfigKeys (ConfUtils.java:logGet(43)) - raft.server.rpc.timeout.min = 1s (custom)
2019-11-11 20:28:18,190 [pool-570-thread-1] INFO  server.RaftServerConfigKeys (ConfUtils.java:logGet(43)) - raft.server.rpc.timeout.max = 1200ms (custom)
2019-11-11 20:28:18,190 [pool-570-thread-1] INFO  server.RaftServerConfigKeys (ConfUtils.java:logGet(43)) - raft.server.rpcslowness.timeout = 120s (custom)
2019-11-11 20:28:18,191 [pool-570-thread-1] INFO  server.RaftServerConfigKeys (ConfUtils.java:logGet(43)) - raft.server.sleep.deviation.threshold = 300 (default)
2019-11-11 20:28:18,191 [pool-570-thread-1] INFO  server.RaftServerConfigKeys (ConfUtils.java:logGet(43)) - raft.server.log.appender.install.snapshot.enabled = false (custom)
2019-11-11 20:28:18,191 [pool-570-thread-1] INFO  impl.RaftServerImpl (ServerState.java:<init>(103)) - 75be7957-289d-4245-a821-fc5677a0cfb7@group-E38CCF0B2F7E: ConfigurationManager, init=-1: [3cc51d6b-e891-4e52-b01b-ce9c9a895fa2:192.168.69.124:45920, 75be7957-289d-4245-a821-fc5677a0cfb7:192.168.69.124:39702, fb7bce6a-1cd3-4beb-8a28-448fd0b8448e:192.168.69.124:37289], old=null, confs=<EMPTY_MAP>
2019-11-11 20:28:18,191 [pool-570-thread-1] INFO  server.RaftServerConfigKeys (ConfUtils.java:logGet(43)) - raft.server.storage.dir = [/workdir/hadoop-ozone/integration-test/target/test-dir/MiniOzoneClusterImpl-878a1954-6462-47b6-bdcc-bab86c556cb3/datanode-6/data/ratis] (custom)
2019-11-11 20:28:18,191 [pool-570-thread-1] INFO  server.RaftServerConfigKeys (ConfUtils.java:logGet(43)) - raft.server.log.corruption.policy = EXCEPTION (default)
2019-11-11 20:28:18,191 [pool-570-thread-1] INFO  storage.RaftStorageDirectory (RaftStorageDirectory.java:analyzeStorage(246)) - The storage directory /workdir/hadoop-ozone/integration-test/target/test-dir/MiniOzoneClusterImpl-878a1954-6462-47b6-bdcc-bab86c556cb3/datanode-6/data/ratis/96c2848f-93e6-486b-aacd-e38ccf0b2f7e does not exist. Creating ...
2019-11-11 20:28:18,191 [pool-580-thread-1] INFO  impl.RaftServerImpl (RaftServerImpl.java:<init>(98)) - fb7bce6a-1cd3-4beb-8a28-448fd0b8448e: new RaftServerImpl for group-E38CCF0B2F7E:[3cc51d6b-e891-4e52-b01b-ce9c9a895fa2:192.168.69.124:45920, 75be7957-289d-4245-a821-fc5677a0cfb7:192.168.69.124:39702, fb7bce6a-1cd3-4beb-8a28-448fd0b8448e:192.168.69.124:37289] with ContainerStateMachine:uninitialized
2019-11-11 20:28:18,191 [pool-580-thread-1] INFO  server.RaftServerConfigKeys (ConfUtils.java:logGet(43)) - raft.server.rpc.timeout.min = 1s (custom)
2019-11-11 20:28:18,192 [pool-580-thread-1] INFO  server.RaftServerConfigKeys (ConfUtils.java:logGet(43)) - raft.server.rpc.timeout.max = 1200ms (custom)
2019-11-11 20:28:18,192 [pool-580-thread-1] INFO  server.RaftServerConfigKeys (ConfUtils.java:logGet(43)) - raft.server.rpcslowness.timeout = 120s (custom)
2019-11-11 20:28:18,192 [pool-580-thread-1] INFO  server.RaftServerConfigKeys (ConfUtils.java:logGet(43)) - raft.server.sleep.deviation.threshold = 300 (default)
2019-11-11 20:28:18,192 [pool-590-thread-1] INFO  impl.RaftServerImpl (RaftServerImpl.java:<init>(98)) - 3cc51d6b-e891-4e52-b01b-ce9c9a895fa2: new RaftServerImpl for group-E38CCF0B2F7E:[3cc51d6b-e891-4e52-b01b-ce9c9a895fa2:192.168.69.124:45920, 75be7957-289d-4245-a821-fc5677a0cfb7:192.168.69.124:39702, fb7bce6a-1cd3-4beb-8a28-448fd0b8448e:192.168.69.124:37289] with ContainerStateMachine:uninitialized
2019-11-11 20:28:18,192 [pool-580-thread-1] INFO  server.RaftServerConfigKeys (ConfUtils.java:logGet(43)) - raft.server.log.appender.install.snapshot.enabled = false (custom)
2019-11-11 20:28:18,192 [pool-590-thread-1] INFO  server.RaftServerConfigKeys (ConfUtils.java:logGet(43)) - raft.server.rpc.timeout.min = 1s (custom)
2019-11-11 20:28:18,192 [pool-580-thread-1] INFO  impl.RaftServerImpl (ServerState.java:<init>(103)) - fb7bce6a-1cd3-4beb-8a28-448fd0b8448e@group-E38CCF0B2F7E: ConfigurationManager, init=-1: [3cc51d6b-e891-4e52-b01b-ce9c9a895fa2:192.168.69.124:45920, 75be7957-289d-4245-a821-fc5677a0cfb7:192.168.69.124:39702, fb7bce6a-1cd3-4beb-8a28-448fd0b8448e:192.168.69.124:37289], old=null, confs=<EMPTY_MAP>
2019-11-11 20:28:18,192 [pool-590-thread-1] INFO  server.RaftServerConfigKeys (ConfUtils.java:logGet(43)) - raft.server.rpc.timeout.max = 1200ms (custom)
2019-11-11 20:28:18,192 [pool-580-thread-1] INFO  server.RaftServerConfigKeys (ConfUtils.java:logGet(43)) - raft.server.storage.dir = [/workdir/hadoop-ozone/integration-test/target/test-dir/MiniOzoneClusterImpl-878a1954-6462-47b6-bdcc-bab86c556cb3/datanode-7/data/ratis] (custom)
2019-11-11 20:28:18,192 [pool-590-thread-1] INFO  server.RaftServerConfigKeys (ConfUtils.java:logGet(43)) - raft.server.rpcslowness.timeout = 120s (custom)
2019-11-11 20:28:18,192 [pool-590-thread-1] INFO  server.RaftServerConfigKeys (ConfUtils.java:logGet(43)) - raft.server.sleep.deviation.threshold = 300 (default)
2019-11-11 20:28:18,193 [pool-580-thread-1] INFO  server.RaftServerConfigKeys (ConfUtils.java:logGet(43)) - raft.server.log.corruption.policy = EXCEPTION (default)
2019-11-11 20:28:18,193 [pool-590-thread-1] INFO  server.RaftServerConfigKeys (ConfUtils.java:logGet(43)) - raft.server.log.appender.install.snapshot.enabled = false (custom)
2019-11-11 20:28:18,193 [pool-590-thread-1] INFO  impl.RaftServerImpl (ServerState.java:<init>(103)) - 3cc51d6b-e891-4e52-b01b-ce9c9a895fa2@group-E38CCF0B2F7E: ConfigurationManager, init=-1: [3cc51d6b-e891-4e52-b01b-ce9c9a895fa2:192.168.69.124:45920, 75be7957-289d-4245-a821-fc5677a0cfb7:192.168.69.124:39702, fb7bce6a-1cd3-4beb-8a28-448fd0b8448e:192.168.69.124:37289], old=null, confs=<EMPTY_MAP>
2019-11-11 20:28:18,193 [pool-580-thread-1] INFO  storage.RaftStorageDirectory (RaftStorageDirectory.java:analyzeStorage(246)) - The storage directory /workdir/hadoop-ozone/integration-test/target/test-dir/MiniOzoneClusterImpl-878a1954-6462-47b6-bdcc-bab86c556cb3/datanode-7/data/ratis/96c2848f-93e6-486b-aacd-e38ccf0b2f7e does not exist. Creating ...
2019-11-11 20:28:18,193 [pool-590-thread-1] INFO  server.RaftServerConfigKeys (ConfUtils.java:logGet(43)) - raft.server.storage.dir = [/workdir/hadoop-ozone/integration-test/target/test-dir/MiniOzoneClusterImpl-878a1954-6462-47b6-bdcc-bab86c556cb3/datanode-8/data/ratis] (custom)
2019-11-11 20:28:18,193 [pool-590-thread-1] INFO  server.RaftServerConfigKeys (ConfUtils.java:logGet(43)) - raft.server.log.corruption.policy = EXCEPTION (default)
2019-11-11 20:28:18,193 [pool-590-thread-1] INFO  storage.RaftStorageDirectory (RaftStorageDirectory.java:analyzeStorage(246)) - The storage directory /workdir/hadoop-ozone/integration-test/target/test-dir/MiniOzoneClusterImpl-878a1954-6462-47b6-bdcc-bab86c556cb3/datanode-8/data/ratis/96c2848f-93e6-486b-aacd-e38ccf0b2f7e does not exist. Creating ...
2019-11-11 20:28:18,218 [pool-580-thread-1] INFO  storage.RaftStorageDirectory (RaftStorageDirectory.java:tryLock(328)) - Lock on /workdir/hadoop-ozone/integration-test/target/test-dir/MiniOzoneClusterImpl-878a1954-6462-47b6-bdcc-bab86c556cb3/datanode-7/data/ratis/96c2848f-93e6-486b-aacd-e38ccf0b2f7e/in_use.lock acquired by nodename 3817@pr-hdds-1868-2776b-164702576
2019-11-11 20:28:18,218 [pool-570-thread-1] INFO  storage.RaftStorageDirectory (RaftStorageDirectory.java:tryLock(328)) - Lock on /workdir/hadoop-ozone/integration-test/target/test-dir/MiniOzoneClusterImpl-878a1954-6462-47b6-bdcc-bab86c556cb3/datanode-6/data/ratis/96c2848f-93e6-486b-aacd-e38ccf0b2f7e/in_use.lock acquired by nodename 3817@pr-hdds-1868-2776b-164702576
2019-11-11 20:28:18,218 [pool-590-thread-1] INFO  storage.RaftStorageDirectory (RaftStorageDirectory.java:tryLock(328)) - Lock on /workdir/hadoop-ozone/integration-test/target/test-dir/MiniOzoneClusterImpl-878a1954-6462-47b6-bdcc-bab86c556cb3/datanode-8/data/ratis/96c2848f-93e6-486b-aacd-e38ccf0b2f7e/in_use.lock acquired by nodename 3817@pr-hdds-1868-2776b-164702576
2019-11-11 20:28:18,252 [pool-580-thread-1] INFO  storage.RaftStorage (RaftStorage.java:format(84)) - Storage directory /workdir/hadoop-ozone/integration-test/target/test-dir/MiniOzoneClusterImpl-878a1954-6462-47b6-bdcc-bab86c556cb3/datanode-7/data/ratis/96c2848f-93e6-486b-aacd-e38ccf0b2f7e has been successfully formatted.
2019-11-11 20:28:18,252 [pool-590-thread-1] INFO  storage.RaftStorage (RaftStorage.java:format(84)) - Storage directory /workdir/hadoop-ozone/integration-test/target/test-dir/MiniOzoneClusterImpl-878a1954-6462-47b6-bdcc-bab86c556cb3/datanode-8/data/ratis/96c2848f-93e6-486b-aacd-e38ccf0b2f7e has been successfully formatted.
2019-11-11 20:28:18,253 [pool-580-thread-1] INFO  ratis.ContainerStateMachine (ContainerStateMachine.java:loadSnapshot(223)) - group-E38CCF0B2F7E: The snapshot info is null. Setting the last applied indexto:(t:0, i:~)
2019-11-11 20:28:18,252 [pool-570-thread-1] INFO  storage.RaftStorage (RaftStorage.java:format(84)) - Storage directory /workdir/hadoop-ozone/integration-test/target/test-dir/MiniOzoneClusterImpl-878a1954-6462-47b6-bdcc-bab86c556cb3/datanode-6/data/ratis/96c2848f-93e6-486b-aacd-e38ccf0b2f7e has been successfully formatted.
2019-11-11 20:28:18,253 [pool-580-thread-1] INFO  server.RaftServerConfigKeys (ConfUtils.java:logGet(43)) - raft.server.notification.no-leader.timeout = 120s (custom)
2019-11-11 20:28:18,253 [pool-590-thread-1] INFO  ratis.ContainerStateMachine (ContainerStateMachine.java:loadSnapshot(223)) - group-E38CCF0B2F7E: The snapshot info is null. Setting the last applied indexto:(t:0, i:~)
2019-11-11 20:28:18,253 [pool-580-thread-1] INFO  server.RaftServerConfigKeys (ConfUtils.java:logGet(43)) - raft.server.log.use.memory = false (default)
2019-11-11 20:28:18,253 [pool-570-thread-1] INFO  ratis.ContainerStateMachine (ContainerStateMachine.java:loadSnapshot(223)) - group-E38CCF0B2F7E: The snapshot info is null. Setting the last applied indexto:(t:0, i:~)
2019-11-11 20:28:18,253 [pool-580-thread-1] INFO  server.RaftServerConfigKeys (ConfUtils.java:logGet(43)) - raft.server.log.purge.gap = 1000000 (custom)
2019-11-11 20:28:18,253 [pool-590-thread-1] INFO  server.RaftServerConfigKeys (ConfUtils.java:logGet(43)) - raft.server.notification.no-leader.timeout = 120s (custom)
2019-11-11 20:28:18,253 [pool-580-thread-1] INFO  server.RaftServerConfigKeys (ConfUtils.java:logGet(43)) - raft.server.log.appender.buffer.byte-limit = 33554432 (custom)
2019-11-11 20:28:18,253 [pool-570-thread-1] INFO  server.RaftServerConfigKeys (ConfUtils.java:logGet(43)) - raft.server.notification.no-leader.timeout = 120s (custom)
2019-11-11 20:28:18,253 [pool-580-thread-1] INFO  server.RaftServerConfigKeys (ConfUtils.java:logGet(43)) - raft.server.log.segment.size.max = 1048576 (custom)
2019-11-11 20:28:18,253 [pool-590-thread-1] INFO  server.RaftServerConfigKeys (ConfUtils.java:logGet(43)) - raft.server.log.use.memory = false (default)
2019-11-11 20:28:18,257 [pool-580-thread-1] INFO  server.RaftServerConfigKeys (ConfUtils.java:logGet(43)) - raft.server.log.segment.cache.num.max = 2 (custom)
2019-11-11 20:28:18,257 [pool-570-thread-1] INFO  server.RaftServerConfigKeys (ConfUtils.java:logGet(43)) - raft.server.log.use.memory = false (default)
2019-11-11 20:28:18,257 [pool-580-thread-1] INFO  segmented.SegmentedRaftLogWorker (SegmentedRaftLogWorker.java:<init>(173)) - new fb7bce6a-1cd3-4beb-8a28-448fd0b8448e@group-E38CCF0B2F7E-SegmentedRaftLogWorker for RaftStorage:Storage Directory /workdir/hadoop-ozone/integration-test/target/test-dir/MiniOzoneClusterImpl-878a1954-6462-47b6-bdcc-bab86c556cb3/datanode-7/data/ratis/96c2848f-93e6-486b-aacd-e38ccf0b2f7e
2019-11-11 20:28:18,257 [pool-580-thread-1] INFO  server.RaftServerConfigKeys (ConfUtils.java:logGet(43)) - raft.server.log.queue.byte-limit = 2147483647 (custom)
2019-11-11 20:28:18,257 [pool-590-thread-1] INFO  server.RaftServerConfigKeys (ConfUtils.java:logGet(43)) - raft.server.log.purge.gap = 1000000 (custom)
2019-11-11 20:28:18,257 [pool-580-thread-1] INFO  server.RaftServerConfigKeys (ConfUtils.java:logGet(43)) - raft.server.log.queue.element-limit = 1024 (custom)
2019-11-11 20:28:18,257 [pool-570-thread-1] INFO  server.RaftServerConfigKeys (ConfUtils.java:logGet(43)) - raft.server.log.purge.gap = 1000000 (custom)
2019-11-11 20:28:18,258 [pool-580-thread-1] INFO  server.RaftServerConfigKeys (ConfUtils.java:logGet(43)) - raft.server.log.segment.size.max = 1048576 (custom)
2019-11-11 20:28:18,258 [pool-590-thread-1] INFO  server.RaftServerConfigKeys (ConfUtils.java:logGet(43)) - raft.server.log.appender.buffer.byte-limit = 33554432 (custom)
2019-11-11 20:28:18,258 [pool-580-thread-1] INFO  server.RaftServerConfigKeys (ConfUtils.java:logGet(43)) - raft.server.log.preallocated.size = 16384 (custom)
2019-11-11 20:28:18,258 [pool-580-thread-1] INFO  server.RaftServerConfigKeys (ConfUtils.java:logGet(43)) - raft.server.log.write.buffer.size = 33554432 (custom)
2019-11-11 20:28:18,258 [pool-570-thread-1] INFO  server.RaftServerConfigKeys (ConfUtils.java:logGet(43)) - raft.server.log.appender.buffer.byte-limit = 33554432 (custom)
2019-11-11 20:28:18,258 [pool-580-thread-1] INFO  server.RaftServerConfigKeys (ConfUtils.java:logGet(43)) - raft.server.log.force.sync.num = 128 (default)
2019-11-11 20:28:18,258 [pool-590-thread-1] INFO  server.RaftServerConfigKeys (ConfUtils.java:logGet(43)) - raft.server.log.segment.size.max = 1048576 (custom)
2019-11-11 20:28:18,258 [pool-580-thread-1] INFO  server.RaftServerConfigKeys (ConfUtils.java:logGet(43)) - raft.server.log.statemachine.data.sync = true (default)
2019-11-11 20:28:18,258 [pool-570-thread-1] INFO  server.RaftServerConfigKeys (ConfUtils.java:logGet(43)) - raft.server.log.segment.size.max = 1048576 (custom)
2019-11-11 20:28:18,258 [pool-580-thread-1] INFO  server.RaftServerConfigKeys (ConfUtils.java:logGet(43)) - raft.server.log.statemachine.data.sync.timeout = 10s (default)
2019-11-11 20:28:18,258 [pool-590-thread-1] INFO  server.RaftServerConfigKeys (ConfUtils.java:logGet(43)) - raft.server.log.segment.cache.num.max = 2 (custom)
2019-11-11 20:28:18,259 [pool-580-thread-1] INFO  server.RaftServerConfigKeys (ConfUtils.java:logGet(43)) - raft.server.log.statemachine.data.sync.timeout.retry = -1 (default)
2019-11-11 20:28:18,259 [pool-570-thread-1] INFO  server.RaftServerConfigKeys (ConfUtils.java:logGet(43)) - raft.server.log.segment.cache.num.max = 2 (custom)
2019-11-11 20:28:18,259 [pool-580-thread-1] INFO  server.RaftServerConfigKeys (ConfUtils.java:logGet(43)) - raft.server.log.statemachine.data.caching.enabled = true (custom)
2019-11-11 20:28:18,259 [pool-590-thread-1] INFO  segmented.SegmentedRaftLogWorker (SegmentedRaftLogWorker.java:<init>(173)) - new 3cc51d6b-e891-4e52-b01b-ce9c9a895fa2@group-E38CCF0B2F7E-SegmentedRaftLogWorker for RaftStorage:Storage Directory /workdir/hadoop-ozone/integration-test/target/test-dir/MiniOzoneClusterImpl-878a1954-6462-47b6-bdcc-bab86c556cb3/datanode-8/data/ratis/96c2848f-93e6-486b-aacd-e38ccf0b2f7e
2019-11-11 20:28:18,259 [pool-570-thread-1] INFO  segmented.SegmentedRaftLogWorker (SegmentedRaftLogWorker.java:<init>(173)) - new 75be7957-289d-4245-a821-fc5677a0cfb7@group-E38CCF0B2F7E-SegmentedRaftLogWorker for RaftStorage:Storage Directory /workdir/hadoop-ozone/integration-test/target/test-dir/MiniOzoneClusterImpl-878a1954-6462-47b6-bdcc-bab86c556cb3/datanode-6/data/ratis/96c2848f-93e6-486b-aacd-e38ccf0b2f7e
2019-11-11 20:28:18,259 [pool-590-thread-1] INFO  server.RaftServerConfigKeys (ConfUtils.java:logGet(43)) - raft.server.log.queue.byte-limit = 2147483647 (custom)
2019-11-11 20:28:18,259 [pool-570-thread-1] INFO  server.RaftServerConfigKeys (ConfUtils.java:logGet(43)) - raft.server.log.queue.byte-limit = 2147483647 (custom)
2019-11-11 20:28:18,259 [pool-590-thread-1] INFO  server.RaftServerConfigKeys (ConfUtils.java:logGet(43)) - raft.server.log.queue.element-limit = 1024 (custom)
2019-11-11 20:28:18,260 [pool-570-thread-1] INFO  server.RaftServerConfigKeys (ConfUtils.java:logGet(43)) - raft.server.log.queue.element-limit = 1024 (custom)
2019-11-11 20:28:18,260 [pool-590-thread-1] INFO  server.RaftServerConfigKeys (ConfUtils.java:logGet(43)) - raft.server.log.segment.size.max = 1048576 (custom)
2019-11-11 20:28:18,260 [pool-570-thread-1] INFO  server.RaftServerConfigKeys (ConfUtils.java:logGet(43)) - raft.server.log.segment.size.max = 1048576 (custom)
2019-11-11 20:28:18,260 [pool-590-thread-1] INFO  server.RaftServerConfigKeys (ConfUtils.java:logGet(43)) - raft.server.log.preallocated.size = 16384 (custom)
2019-11-11 20:28:18,260 [pool-570-thread-1] INFO  server.RaftServerConfigKeys (ConfUtils.java:logGet(43)) - raft.server.log.preallocated.size = 16384 (custom)
2019-11-11 20:28:18,260 [pool-590-thread-1] INFO  server.RaftServerConfigKeys (ConfUtils.java:logGet(43)) - raft.server.log.write.buffer.size = 33554432 (custom)
2019-11-11 20:28:18,260 [pool-570-thread-1] INFO  server.RaftServerConfigKeys (ConfUtils.java:logGet(43)) - raft.server.log.write.buffer.size = 33554432 (custom)
2019-11-11 20:28:18,260 [pool-590-thread-1] INFO  server.RaftServerConfigKeys (ConfUtils.java:logGet(43)) - raft.server.log.force.sync.num = 128 (default)
2019-11-11 20:28:18,260 [pool-570-thread-1] INFO  server.RaftServerConfigKeys (ConfUtils.java:logGet(43)) - raft.server.log.force.sync.num = 128 (default)
2019-11-11 20:28:18,261 [pool-590-thread-1] INFO  server.RaftServerConfigKeys (ConfUtils.java:logGet(43)) - raft.server.log.statemachine.data.sync = true (default)
2019-11-11 20:28:18,261 [pool-570-thread-1] INFO  server.RaftServerConfigKeys (ConfUtils.java:logGet(43)) - raft.server.log.statemachine.data.sync = true (default)
2019-11-11 20:28:18,261 [pool-590-thread-1] INFO  server.RaftServerConfigKeys (ConfUtils.java:logGet(43)) - raft.server.log.statemachine.data.sync.timeout = 10s (default)
2019-11-11 20:28:18,261 [pool-570-thread-1] INFO  server.RaftServerConfigKeys (ConfUtils.java:logGet(43)) - raft.server.log.statemachine.data.sync.timeout = 10s (default)
2019-11-11 20:28:18,261 [pool-590-thread-1] INFO  server.RaftServerConfigKeys (ConfUtils.java:logGet(43)) - raft.server.log.statemachine.data.sync.timeout.retry = -1 (default)
2019-11-11 20:28:18,261 [pool-570-thread-1] INFO  server.RaftServerConfigKeys (ConfUtils.java:logGet(43)) - raft.server.log.statemachine.data.sync.timeout.retry = -1 (default)
2019-11-11 20:28:18,261 [pool-580-thread-1] INFO  segmented.SegmentedRaftLogWorker (SegmentedRaftLogWorker.java:lambda$new$0(128)) - fb7bce6a-1cd3-4beb-8a28-448fd0b8448e@group-E38CCF0B2F7E-SegmentedRaftLogWorker: flushIndex: setUnconditionally 0 -> -1
2019-11-11 20:28:18,261 [pool-590-thread-1] INFO  server.RaftServerConfigKeys (ConfUtils.java:logGet(43)) - raft.server.log.statemachine.data.caching.enabled = true (custom)
2019-11-11 20:28:18,261 [pool-570-thread-1] INFO  server.RaftServerConfigKeys (ConfUtils.java:logGet(43)) - raft.server.log.statemachine.data.caching.enabled = true (custom)
2019-11-11 20:28:18,262 [pool-580-thread-1] INFO  server.RaftServerConfigKeys (ConfUtils.java:logGet(43)) - raft.server.snapshot.auto.trigger.enabled = true (custom)
2019-11-11 20:28:18,262 [pool-590-thread-1] INFO  segmented.SegmentedRaftLogWorker (SegmentedRaftLogWorker.java:lambda$new$0(128)) - 3cc51d6b-e891-4e52-b01b-ce9c9a895fa2@group-E38CCF0B2F7E-SegmentedRaftLogWorker: flushIndex: setUnconditionally 0 -> -1
2019-11-11 20:28:18,262 [pool-570-thread-1] INFO  segmented.SegmentedRaftLogWorker (SegmentedRaftLogWorker.java:lambda$new$0(128)) - 75be7957-289d-4245-a821-fc5677a0cfb7@group-E38CCF0B2F7E-SegmentedRaftLogWorker: flushIndex: setUnconditionally 0 -> -1
2019-11-11 20:28:18,262 [pool-580-thread-1] INFO  server.RaftServerConfigKeys (ConfUtils.java:logGet(43)) - raft.server.snapshot.auto.trigger.threshold = 10000 (custom)
2019-11-11 20:28:18,262 [pool-590-thread-1] INFO  server.RaftServerConfigKeys (ConfUtils.java:logGet(43)) - raft.server.snapshot.auto.trigger.enabled = true (custom)
2019-11-11 20:28:18,262 [pool-570-thread-1] INFO  server.RaftServerConfigKeys (ConfUtils.java:logGet(43)) - raft.server.snapshot.auto.trigger.enabled = true (custom)
2019-11-11 20:28:18,262 [pool-580-thread-1] INFO  server.RaftServerConfigKeys (ConfUtils.java:logGet(43)) - raft.server.snapshot.retention.file.num = 5 (custom)
2019-11-11 20:28:18,262 [pool-570-thread-1] INFO  server.RaftServerConfigKeys (ConfUtils.java:logGet(43)) - raft.server.snapshot.auto.trigger.threshold = 10000 (custom)
2019-11-11 20:28:18,262 [pool-590-thread-1] INFO  server.RaftServerConfigKeys (ConfUtils.java:logGet(43)) - raft.server.snapshot.auto.trigger.threshold = 10000 (custom)
2019-11-11 20:28:18,262 [pool-570-thread-1] INFO  server.RaftServerConfigKeys (ConfUtils.java:logGet(43)) - raft.server.snapshot.retention.file.num = 5 (custom)
2019-11-11 20:28:18,262 [pool-580-thread-1] INFO  server.RaftServerConfigKeys (ConfUtils.java:logGet(43)) - raft.server.retrycache.expirytime = 600000ms (custom)
2019-11-11 20:28:18,263 [pool-570-thread-1] INFO  server.RaftServerConfigKeys (ConfUtils.java:logGet(43)) - raft.server.retrycache.expirytime = 600000ms (custom)
2019-11-11 20:28:18,262 [pool-590-thread-1] INFO  server.RaftServerConfigKeys (ConfUtils.java:logGet(43)) - raft.server.snapshot.retention.file.num = 5 (custom)
2019-11-11 20:28:18,263 [pool-570-thread-1] WARN  impl.MetricRegistriesImpl (MetricRegistriesImpl.java:lambda$create$1(61)) - First MetricRegistry has been created without registering reporters. You may need to call MetricRegistries.global().addReportRegistration(...) before.
2019-11-11 20:28:18,263 [pool-580-thread-1] WARN  impl.MetricRegistriesImpl (MetricRegistriesImpl.java:lambda$create$1(61)) - First MetricRegistry has been created without registering reporters. You may need to call MetricRegistries.global().addReportRegistration(...) before.
2019-11-11 20:28:18,263 [pool-570-thread-1] WARN  impl.MetricRegistriesImpl (MetricRegistriesImpl.java:lambda$create$1(61)) - First MetricRegistry has been created without registering reporters. You may need to call MetricRegistries.global().addReportRegistration(...) before.
2019-11-11 20:28:18,263 [pool-590-thread-1] INFO  server.RaftServerConfigKeys (ConfUtils.java:logGet(43)) - raft.server.retrycache.expirytime = 600000ms (custom)
2019-11-11 20:28:18,263 [pool-570-thread-1] INFO  impl.RaftServerImpl (RaftServerImpl.java:start(184)) - 75be7957-289d-4245-a821-fc5677a0cfb7@group-E38CCF0B2F7E: start as a follower, conf=-1: [3cc51d6b-e891-4e52-b01b-ce9c9a895fa2:192.168.69.124:45920, 75be7957-289d-4245-a821-fc5677a0cfb7:192.168.69.124:39702, fb7bce6a-1cd3-4beb-8a28-448fd0b8448e:192.168.69.124:37289], old=null
2019-11-11 20:28:18,263 [pool-580-thread-1] WARN  impl.MetricRegistriesImpl (MetricRegistriesImpl.java:lambda$create$1(61)) - First MetricRegistry has been created without registering reporters. You may need to call MetricRegistries.global().addReportRegistration(...) before.
2019-11-11 20:28:18,263 [pool-570-thread-1] INFO  impl.RaftServerImpl (RaftServerImpl.java:setRole(173)) - 75be7957-289d-4245-a821-fc5677a0cfb7@group-E38CCF0B2F7E: changes role from      null to FOLLOWER at term 0 for startAsFollower
2019-11-11 20:28:18,263 [pool-590-thread-1] WARN  impl.MetricRegistriesImpl (MetricRegistriesImpl.java:lambda$create$1(61)) - First MetricRegistry has been created without registering reporters. You may need to call MetricRegistries.global().addReportRegistration(...) before.
2019-11-11 20:28:18,263 [pool-570-thread-1] INFO  impl.RoleInfo (RoleInfo.java:updateAndGet(143)) - 75be7957-289d-4245-a821-fc5677a0cfb7: start FollowerState
2019-11-11 20:28:18,263 [pool-580-thread-1] INFO  impl.RaftServerImpl (RaftServerImpl.java:start(184)) - fb7bce6a-1cd3-4beb-8a28-448fd0b8448e@group-E38CCF0B2F7E: start as a follower, conf=-1: [3cc51d6b-e891-4e52-b01b-ce9c9a895fa2:192.168.69.124:45920, 75be7957-289d-4245-a821-fc5677a0cfb7:192.168.69.124:39702, fb7bce6a-1cd3-4beb-8a28-448fd0b8448e:192.168.69.124:37289], old=null
2019-11-11 20:28:18,264 [pool-590-thread-1] WARN  impl.MetricRegistriesImpl (MetricRegistriesImpl.java:lambda$create$1(61)) - First MetricRegistry has been created without registering reporters. You may need to call MetricRegistries.global().addReportRegistration(...) before.
2019-11-11 20:28:18,264 [pool-580-thread-1] INFO  impl.RaftServerImpl (RaftServerImpl.java:setRole(173)) - fb7bce6a-1cd3-4beb-8a28-448fd0b8448e@group-E38CCF0B2F7E: changes role from      null to FOLLOWER at term 0 for startAsFollower
2019-11-11 20:28:18,264 [pool-590-thread-1] INFO  impl.RaftServerImpl (RaftServerImpl.java:start(184)) - 3cc51d6b-e891-4e52-b01b-ce9c9a895fa2@group-E38CCF0B2F7E: start as a follower, conf=-1: [3cc51d6b-e891-4e52-b01b-ce9c9a895fa2:192.168.69.124:45920, 75be7957-289d-4245-a821-fc5677a0cfb7:192.168.69.124:39702, fb7bce6a-1cd3-4beb-8a28-448fd0b8448e:192.168.69.124:37289], old=null
2019-11-11 20:28:18,264 [pool-580-thread-1] INFO  impl.RoleInfo (RoleInfo.java:updateAndGet(143)) - fb7bce6a-1cd3-4beb-8a28-448fd0b8448e: start FollowerState
2019-11-11 20:28:18,264 [pool-570-thread-1] INFO  util.JmxRegister (JmxRegister.java:tryRegister(44)) - Successfully registered JMX Bean with object name Ratis:service=RaftServer,group=group-E38CCF0B2F7E,id=75be7957-289d-4245-a821-fc5677a0cfb7
2019-11-11 20:28:18,264 [pool-590-thread-1] INFO  impl.RaftServerImpl (RaftServerImpl.java:setRole(173)) - 3cc51d6b-e891-4e52-b01b-ce9c9a895fa2@group-E38CCF0B2F7E: changes role from      null to FOLLOWER at term 0 for startAsFollower
2019-11-11 20:28:18,264 [pool-580-thread-1] INFO  util.JmxRegister (JmxRegister.java:tryRegister(44)) - Successfully registered JMX Bean with object name Ratis:service=RaftServer,group=group-E38CCF0B2F7E,id=fb7bce6a-1cd3-4beb-8a28-448fd0b8448e
2019-11-11 20:28:18,264 [pool-570-thread-1] WARN  impl.MetricRegistriesImpl (MetricRegistriesImpl.java:lambda$create$1(61)) - First MetricRegistry has been created without registering reporters. You may need to call MetricRegistries.global().addReportRegistration(...) before.
2019-11-11 20:28:18,264 [pool-580-thread-1] WARN  impl.MetricRegistriesImpl (MetricRegistriesImpl.java:lambda$create$1(61)) - First MetricRegistry has been created without registering reporters. You may need to call MetricRegistries.global().addReportRegistration(...) before.
2019-11-11 20:28:18,264 [pool-590-thread-1] INFO  impl.RoleInfo (RoleInfo.java:updateAndGet(143)) - 3cc51d6b-e891-4e52-b01b-ce9c9a895fa2: start FollowerState
2019-11-11 20:28:18,265 [pool-590-thread-1] INFO  util.JmxRegister (JmxRegister.java:tryRegister(44)) - Successfully registered JMX Bean with object name Ratis:service=RaftServer,group=group-E38CCF0B2F7E,id=3cc51d6b-e891-4e52-b01b-ce9c9a895fa2
2019-11-11 20:28:18,265 [pool-590-thread-1] WARN  impl.MetricRegistriesImpl (MetricRegistriesImpl.java:lambda$create$1(61)) - First MetricRegistry has been created without registering reporters. You may need to call MetricRegistries.global().addReportRegistration(...) before.
2019-11-11 20:28:18,267 [RatisPipelineUtilsThread] INFO  pipeline.PipelineStateManager (PipelineStateManager.java:addPipeline(55)) - Created pipeline Pipeline[ Id: 96c2848f-93e6-486b-aacd-e38ccf0b2f7e, Nodes: 75be7957-289d-4245-a821-fc5677a0cfb7{ip: 192.168.69.124, host: pr-hdds-1868-2776b-164702576, networkLocation: /rack1, certSerialId: null}3cc51d6b-e891-4e52-b01b-ce9c9a895fa2{ip: 192.168.69.124, host: pr-hdds-1868-2776b-164702576, networkLocation: /rack1, certSerialId: null}fb7bce6a-1cd3-4beb-8a28-448fd0b8448e{ip: 192.168.69.124, host: pr-hdds-1868-2776b-164702576, networkLocation: /rack1, certSerialId: null}, Type:RATIS, Factor:THREE, State:ALLOCATED]
2019-11-11 20:28:18,268 [Thread-4367] INFO  pipeline.PipelineStateManager (PipelineStateManager.java:finalizePipeline(121)) - Pipeline Pipeline[ Id: 02b1d5b5-35ba-4330-96ba-d84187c0bafe, Nodes: f9a7ecd3-e7a4-4080-bb37-5ca61c0ec681{ip: 192.168.69.124, host: pr-hdds-1868-2776b-164702576, networkLocation: /rack1, certSerialId: null}, Type:RATIS, Factor:ONE, State:CLOSED] moved to CLOSED state
2019-11-11 20:28:18,270 [grpc-default-executor-8] INFO  impl.RaftServerProxy (RaftServerProxy.java:remove(95)) - f9a7ecd3-e7a4-4080-bb37-5ca61c0ec681: remove    LEADER f9a7ecd3-e7a4-4080-bb37-5ca61c0ec681@group-D84187C0BAFE:t1, leader=f9a7ecd3-e7a4-4080-bb37-5ca61c0ec681, voted=f9a7ecd3-e7a4-4080-bb37-5ca61c0ec681, raftlog=f9a7ecd3-e7a4-4080-bb37-5ca61c0ec681@group-D84187C0BAFE-SegmentedRaftLog:OPENED:c0,f0,i0, conf=0: [f9a7ecd3-e7a4-4080-bb37-5ca61c0ec681:192.168.69.124:39904], old=null RUNNING
2019-11-11 20:28:18,271 [grpc-default-executor-8] INFO  impl.RaftServerImpl (RaftServerImpl.java:lambda$shutdown$3(250)) - f9a7ecd3-e7a4-4080-bb37-5ca61c0ec681@group-D84187C0BAFE: shutdown
2019-11-11 20:28:18,271 [grpc-default-executor-8] INFO  util.JmxRegister (JmxRegister.java:unregister(73)) - Successfully un-registered JMX Bean with object name Ratis:service=RaftServer,group=group-D84187C0BAFE,id=f9a7ecd3-e7a4-4080-bb37-5ca61c0ec681
2019-11-11 20:28:18,271 [grpc-default-executor-8] INFO  impl.RoleInfo (RoleInfo.java:shutdownLeaderState(104)) - f9a7ecd3-e7a4-4080-bb37-5ca61c0ec681: shutdown LeaderState
2019-11-11 20:28:18,271 [grpc-default-executor-8] INFO  impl.PendingRequests (PendingRequests.java:sendNotLeaderResponses(206)) - f9a7ecd3-e7a4-4080-bb37-5ca61c0ec681@group-D84187C0BAFE-PendingRequests: sendNotLeaderResponses
2019-11-11 20:28:18,271 [grpc-default-executor-8] INFO  impl.StateMachineUpdater (StateMachineUpdater.java:stopAndJoin(136)) - f9a7ecd3-e7a4-4080-bb37-5ca61c0ec681@group-D84187C0BAFE-StateMachineUpdater: set stopIndex = 0
2019-11-11 20:28:18,272 [grpc-default-executor-8] INFO  impl.RaftServerImpl (ServerState.java:close(387)) - f9a7ecd3-e7a4-4080-bb37-5ca61c0ec681@group-D84187C0BAFE: closes. applyIndex: 0
2019-11-11 20:28:18,272 [f9a7ecd3-e7a4-4080-bb37-5ca61c0ec681@group-D84187C0BAFE-SegmentedRaftLogWorker] INFO  segmented.SegmentedRaftLogWorker (SegmentedRaftLogWorker.java:run(316)) - f9a7ecd3-e7a4-4080-bb37-5ca61c0ec681@group-D84187C0BAFE-SegmentedRaftLogWorker was interrupted, exiting. There are 0 tasks remaining in the queue.
2019-11-11 20:28:18,272 [grpc-default-executor-8] INFO  segmented.SegmentedRaftLogWorker (SegmentedRaftLogWorker.java:close(224)) - f9a7ecd3-e7a4-4080-bb37-5ca61c0ec681@group-D84187C0BAFE-SegmentedRaftLogWorker close()
2019-11-11 20:28:18,285 [Thread-4367] INFO  pipeline.PipelineStateManager (PipelineStateManager.java:removePipeline(106)) - Pipeline Pipeline[ Id: 02b1d5b5-35ba-4330-96ba-d84187c0bafe, Nodes: f9a7ecd3-e7a4-4080-bb37-5ca61c0ec681{ip: 192.168.69.124, host: pr-hdds-1868-2776b-164702576, networkLocation: /rack1, certSerialId: null}, Type:RATIS, Factor:ONE, State:CLOSED] removed from db
2019-11-11 20:28:18,285 [Thread-4367] INFO  pipeline.SCMPipelineManager (SCMPipelineManager.java:finalizeAndDestroyPipeline(315)) - destroying pipeline:Pipeline[ Id: cdbc83e8-4d22-4bce-b0ee-ba1d0b5421b3, Nodes: e0742d41-25ee-4eea-9579-711a01e64de1{ip: 192.168.69.124, host: pr-hdds-1868-2776b-164702576, networkLocation: /rack1, certSerialId: null}4458042f-08fe-441c-a446-1f2065605b64{ip: 192.168.69.124, host: pr-hdds-1868-2776b-164702576, networkLocation: /rack1, certSerialId: null}f9a7ecd3-e7a4-4080-bb37-5ca61c0ec681{ip: 192.168.69.124, host: pr-hdds-1868-2776b-164702576, networkLocation: /rack1, certSerialId: null}, Type:RATIS, Factor:THREE, State:OPEN]
2019-11-11 20:28:18,288 [grpc-default-executor-8] INFO  impl.RaftServerProxy (RaftServerProxy.java:addNew(89)) - f9a7ecd3-e7a4-4080-bb37-5ca61c0ec681: addNew group-0F6DDCC91F53:[f9a7ecd3-e7a4-4080-bb37-5ca61c0ec681:192.168.69.124:39904] returns group-0F6DDCC91F53:java.util.concurrent.CompletableFuture@2d410ee5[Not completed]
2019-11-11 20:28:18,289 [pool-520-thread-1] INFO  impl.RaftServerImpl (RaftServerImpl.java:<init>(98)) - f9a7ecd3-e7a4-4080-bb37-5ca61c0ec681: new RaftServerImpl for group-0F6DDCC91F53:[f9a7ecd3-e7a4-4080-bb37-5ca61c0ec681:192.168.69.124:39904] with ContainerStateMachine:uninitialized
2019-11-11 20:28:18,289 [pool-520-thread-1] INFO  server.RaftServerConfigKeys (ConfUtils.java:logGet(43)) - raft.server.rpc.timeout.min = 1s (custom)
2019-11-11 20:28:18,289 [pool-520-thread-1] INFO  server.RaftServerConfigKeys (ConfUtils.java:logGet(43)) - raft.server.rpc.timeout.max = 1200ms (custom)
2019-11-11 20:28:18,289 [pool-520-thread-1] INFO  server.RaftServerConfigKeys (ConfUtils.java:logGet(43)) - raft.server.rpcslowness.timeout = 120s (custom)
2019-11-11 20:28:18,289 [pool-520-thread-1] INFO  server.RaftServerConfigKeys (ConfUtils.java:logGet(43)) - raft.server.sleep.deviation.threshold = 300 (default)
2019-11-11 20:28:18,289 [pool-520-thread-1] INFO  server.RaftServerConfigKeys (ConfUtils.java:logGet(43)) - raft.server.log.appender.install.snapshot.enabled = false (custom)
2019-11-11 20:28:18,289 [pool-520-thread-1] INFO  impl.RaftServerImpl (ServerState.java:<init>(103)) - f9a7ecd3-e7a4-4080-bb37-5ca61c0ec681@group-0F6DDCC91F53: ConfigurationManager, init=-1: [f9a7ecd3-e7a4-4080-bb37-5ca61c0ec681:192.168.69.124:39904], old=null, confs=<EMPTY_MAP>
2019-11-11 20:28:18,290 [pool-520-thread-1] INFO  server.RaftServerConfigKeys (ConfUtils.java:logGet(43)) - raft.server.storage.dir = [/workdir/hadoop-ozone/integration-test/target/test-dir/MiniOzoneClusterImpl-878a1954-6462-47b6-bdcc-bab86c556cb3/datanode-1/data/ratis] (custom)
2019-11-11 20:28:18,296 [pool-520-thread-1] INFO  server.RaftServerConfigKeys (ConfUtils.java:logGet(43)) - raft.server.log.corruption.policy = EXCEPTION (default)
2019-11-11 20:28:18,297 [pool-520-thread-1] INFO  storage.RaftStorageDirectory (RaftStorageDirectory.java:analyzeStorage(246)) - The storage directory /workdir/hadoop-ozone/integration-test/target/test-dir/MiniOzoneClusterImpl-878a1954-6462-47b6-bdcc-bab86c556cb3/datanode-1/data/ratis/523d2051-701c-4d5e-909b-0f6ddcc91f53 does not exist. Creating ...
2019-11-11 20:28:18,322 [pool-520-thread-1] INFO  storage.RaftStorageDirectory (RaftStorageDirectory.java:tryLock(328)) - Lock on /workdir/hadoop-ozone/integration-test/target/test-dir/MiniOzoneClusterImpl-878a1954-6462-47b6-bdcc-bab86c556cb3/datanode-1/data/ratis/523d2051-701c-4d5e-909b-0f6ddcc91f53/in_use.lock acquired by nodename 3817@pr-hdds-1868-2776b-164702576
2019-11-11 20:28:18,339 [pool-520-thread-1] INFO  storage.RaftStorage (RaftStorage.java:format(84)) - Storage directory /workdir/hadoop-ozone/integration-test/target/test-dir/MiniOzoneClusterImpl-878a1954-6462-47b6-bdcc-bab86c556cb3/datanode-1/data/ratis/523d2051-701c-4d5e-909b-0f6ddcc91f53 has been successfully formatted.
2019-11-11 20:28:18,340 [pool-520-thread-1] INFO  ratis.ContainerStateMachine (ContainerStateMachine.java:loadSnapshot(223)) - group-0F6DDCC91F53: The snapshot info is null. Setting the last applied indexto:(t:0, i:~)
2019-11-11 20:28:18,340 [pool-520-thread-1] INFO  server.RaftServerConfigKeys (ConfUtils.java:logGet(43)) - raft.server.notification.no-leader.timeout = 120s (custom)
2019-11-11 20:28:18,340 [pool-520-thread-1] INFO  server.RaftServerConfigKeys (ConfUtils.java:logGet(43)) - raft.server.log.use.memory = false (default)
2019-11-11 20:28:18,340 [pool-520-thread-1] INFO  server.RaftServerConfigKeys (ConfUtils.java:logGet(43)) - raft.server.log.purge.gap = 1000000 (custom)
2019-11-11 20:28:18,340 [pool-520-thread-1] INFO  server.RaftServerConfigKeys (ConfUtils.java:logGet(43)) - raft.server.log.appender.buffer.byte-limit = 33554432 (custom)
2019-11-11 20:28:18,340 [pool-520-thread-1] INFO  server.RaftServerConfigKeys (ConfUtils.java:logGet(43)) - raft.server.log.segment.size.max = 1048576 (custom)
2019-11-11 20:28:18,340 [pool-520-thread-1] INFO  server.RaftServerConfigKeys (ConfUtils.java:logGet(43)) - raft.server.log.segment.cache.num.max = 2 (custom)
2019-11-11 20:28:18,340 [pool-520-thread-1] INFO  segmented.SegmentedRaftLogWorker (SegmentedRaftLogWorker.java:<init>(173)) - new f9a7ecd3-e7a4-4080-bb37-5ca61c0ec681@group-0F6DDCC91F53-SegmentedRaftLogWorker for RaftStorage:Storage Directory /workdir/hadoop-ozone/integration-test/target/test-dir/MiniOzoneClusterImpl-878a1954-6462-47b6-bdcc-bab86c556cb3/datanode-1/data/ratis/523d2051-701c-4d5e-909b-0f6ddcc91f53
2019-11-11 20:28:18,341 [pool-520-thread-1] INFO  server.RaftServerConfigKeys (ConfUtils.java:logGet(43)) - raft.server.log.queue.byte-limit = 2147483647 (custom)
2019-11-11 20:28:18,341 [pool-520-thread-1] INFO  server.RaftServerConfigKeys (ConfUtils.java:logGet(43)) - raft.server.log.queue.element-limit = 1024 (custom)
2019-11-11 20:28:18,341 [pool-520-thread-1] INFO  server.RaftServerConfigKeys (ConfUtils.java:logGet(43)) - raft.server.log.segment.size.max = 1048576 (custom)
2019-11-11 20:28:18,341 [pool-520-thread-1] INFO  server.RaftServerConfigKeys (ConfUtils.java:logGet(43)) - raft.server.log.preallocated.size = 16384 (custom)
2019-11-11 20:28:18,341 [pool-520-thread-1] INFO  server.RaftServerConfigKeys (ConfUtils.java:logGet(43)) - raft.server.log.write.buffer.size = 33554432 (custom)
2019-11-11 20:28:18,341 [pool-520-thread-1] INFO  server.RaftServerConfigKeys (ConfUtils.java:logGet(43)) - raft.server.log.force.sync.num = 128 (default)
2019-11-11 20:28:18,341 [pool-520-thread-1] INFO  server.RaftServerConfigKeys (ConfUtils.java:logGet(43)) - raft.server.log.statemachine.data.sync = true (default)
2019-11-11 20:28:18,341 [pool-520-thread-1] INFO  server.RaftServerConfigKeys (ConfUtils.java:logGet(43)) - raft.server.log.statemachine.data.sync.timeout = 10s (default)
2019-11-11 20:28:18,341 [pool-520-thread-1] INFO  server.RaftServerConfigKeys (ConfUtils.java:logGet(43)) - raft.server.log.statemachine.data.sync.timeout.retry = -1 (default)
2019-11-11 20:28:18,341 [pool-520-thread-1] INFO  server.RaftServerConfigKeys (ConfUtils.java:logGet(43)) - raft.server.log.statemachine.data.caching.enabled = true (custom)
2019-11-11 20:28:18,342 [pool-520-thread-1] INFO  segmented.SegmentedRaftLogWorker (SegmentedRaftLogWorker.java:lambda$new$0(128)) - f9a7ecd3-e7a4-4080-bb37-5ca61c0ec681@group-0F6DDCC91F53-SegmentedRaftLogWorker: flushIndex: setUnconditionally 0 -> -1
2019-11-11 20:28:18,342 [pool-520-thread-1] INFO  server.RaftServerConfigKeys (ConfUtils.java:logGet(43)) - raft.server.snapshot.auto.trigger.enabled = true (custom)
2019-11-11 20:28:18,342 [pool-520-thread-1] INFO  server.RaftServerConfigKeys (ConfUtils.java:logGet(43)) - raft.server.snapshot.auto.trigger.threshold = 10000 (custom)
2019-11-11 20:28:18,342 [pool-520-thread-1] INFO  server.RaftServerConfigKeys (ConfUtils.java:logGet(43)) - raft.server.snapshot.retention.file.num = 5 (custom)
2019-11-11 20:28:18,342 [pool-520-thread-1] INFO  server.RaftServerConfigKeys (ConfUtils.java:logGet(43)) - raft.server.retrycache.expirytime = 600000ms (custom)
2019-11-11 20:28:18,342 [pool-520-thread-1] WARN  impl.MetricRegistriesImpl (MetricRegistriesImpl.java:lambda$create$1(61)) - First MetricRegistry has been created without registering reporters. You may need to call MetricRegistries.global().addReportRegistration(...) before.
2019-11-11 20:28:18,342 [pool-520-thread-1] WARN  impl.MetricRegistriesImpl (MetricRegistriesImpl.java:lambda$create$1(61)) - First MetricRegistry has been created without registering reporters. You may need to call MetricRegistries.global().addReportRegistration(...) before.
2019-11-11 20:28:18,342 [pool-520-thread-1] INFO  impl.RaftServerImpl (RaftServerImpl.java:start(184)) - f9a7ecd3-e7a4-4080-bb37-5ca61c0ec681@group-0F6DDCC91F53: start as a follower, conf=-1: [f9a7ecd3-e7a4-4080-bb37-5ca61c0ec681:192.168.69.124:39904], old=null
2019-11-11 20:28:18,342 [pool-520-thread-1] INFO  impl.RaftServerImpl (RaftServerImpl.java:setRole(173)) - f9a7ecd3-e7a4-4080-bb37-5ca61c0ec681@group-0F6DDCC91F53: changes role from      null to FOLLOWER at term 0 for startAsFollower
2019-11-11 20:28:18,343 [pool-520-thread-1] INFO  impl.RoleInfo (RoleInfo.java:updateAndGet(143)) - f9a7ecd3-e7a4-4080-bb37-5ca61c0ec681: start FollowerState
2019-11-11 20:28:18,343 [pool-520-thread-1] INFO  util.JmxRegister (JmxRegister.java:tryRegister(44)) - Successfully registered JMX Bean with object name Ratis:service=RaftServer,group=group-0F6DDCC91F53,id=f9a7ecd3-e7a4-4080-bb37-5ca61c0ec681
2019-11-11 20:28:18,343 [pool-520-thread-1] WARN  impl.MetricRegistriesImpl (MetricRegistriesImpl.java:lambda$create$1(61)) - First MetricRegistry has been created without registering reporters. You may need to call MetricRegistries.global().addReportRegistration(...) before.
2019-11-11 20:28:18,345 [RatisPipelineUtilsThread] INFO  pipeline.PipelineStateManager (PipelineStateManager.java:addPipeline(55)) - Created pipeline Pipeline[ Id: 523d2051-701c-4d5e-909b-0f6ddcc91f53, Nodes: f9a7ecd3-e7a4-4080-bb37-5ca61c0ec681{ip: 192.168.69.124, host: pr-hdds-1868-2776b-164702576, networkLocation: /rack1, certSerialId: null}, Type:RATIS, Factor:ONE, State:ALLOCATED]
2019-11-11 20:28:18,346 [Thread-4367] INFO  pipeline.PipelineStateManager (PipelineStateManager.java:finalizePipeline(121)) - Pipeline Pipeline[ Id: cdbc83e8-4d22-4bce-b0ee-ba1d0b5421b3, Nodes: e0742d41-25ee-4eea-9579-711a01e64de1{ip: 192.168.69.124, host: pr-hdds-1868-2776b-164702576, networkLocation: /rack1, certSerialId: null}4458042f-08fe-441c-a446-1f2065605b64{ip: 192.168.69.124, host: pr-hdds-1868-2776b-164702576, networkLocation: /rack1, certSerialId: null}f9a7ecd3-e7a4-4080-bb37-5ca61c0ec681{ip: 192.168.69.124, host: pr-hdds-1868-2776b-164702576, networkLocation: /rack1, certSerialId: null}, Type:RATIS, Factor:THREE, State:CLOSED] moved to CLOSED state
2019-11-11 20:28:18,346 [EventQueue-CloseContainerForCloseContainerEventHandler] INFO  container.CloseContainerEventHandler (CloseContainerEventHandler.java:onMessage(61)) - Close container Event triggered for container : #1
2019-11-11 20:28:18,348 [grpc-default-executor-8] INFO  impl.RaftServerProxy (RaftServerProxy.java:remove(95)) - e0742d41-25ee-4eea-9579-711a01e64de1: remove  FOLLOWER e0742d41-25ee-4eea-9579-711a01e64de1@group-BA1D0B5421B3:t1, leader=4458042f-08fe-441c-a446-1f2065605b64, voted=4458042f-08fe-441c-a446-1f2065605b64, raftlog=e0742d41-25ee-4eea-9579-711a01e64de1@group-BA1D0B5421B3-SegmentedRaftLog:OPENED:c0,f0,i2, conf=0: [e0742d41-25ee-4eea-9579-711a01e64de1:192.168.69.124:44547, 4458042f-08fe-441c-a446-1f2065605b64:192.168.69.124:44156, f9a7ecd3-e7a4-4080-bb37-5ca61c0ec681:192.168.69.124:39904], old=null RUNNING
2019-11-11 20:28:18,348 [grpc-default-executor-8] INFO  impl.RaftServerImpl (RaftServerImpl.java:lambda$shutdown$3(250)) - e0742d41-25ee-4eea-9579-711a01e64de1@group-BA1D0B5421B3: shutdown
2019-11-11 20:28:18,348 [grpc-default-executor-8] INFO  util.JmxRegister (JmxRegister.java:unregister(73)) - Successfully un-registered JMX Bean with object name Ratis:service=RaftServer,group=group-BA1D0B5421B3,id=e0742d41-25ee-4eea-9579-711a01e64de1
2019-11-11 20:28:18,348 [grpc-default-executor-8] INFO  impl.RoleInfo (RoleInfo.java:shutdownFollowerState(121)) - e0742d41-25ee-4eea-9579-711a01e64de1: shutdown FollowerState
2019-11-11 20:28:18,349 [grpc-default-executor-8] INFO  impl.StateMachineUpdater (StateMachineUpdater.java:stopAndJoin(136)) - e0742d41-25ee-4eea-9579-711a01e64de1@group-BA1D0B5421B3-StateMachineUpdater: set stopIndex = 0
2019-11-11 20:28:18,349 [Thread-4435] INFO  impl.FollowerState (FollowerState.java:run(120)) - e0742d41-25ee-4eea-9579-711a01e64de1@group-BA1D0B5421B3-FollowerState was interrupted: java.lang.InterruptedException: sleep interrupted
2019-11-11 20:28:18,349 [grpc-default-executor-8] INFO  impl.RaftServerImpl (ServerState.java:close(387)) - e0742d41-25ee-4eea-9579-711a01e64de1@group-BA1D0B5421B3: closes. applyIndex: 0
2019-11-11 20:28:18,361 [e0742d41-25ee-4eea-9579-711a01e64de1@group-BA1D0B5421B3-SegmentedRaftLogWorker] ERROR ratis.XceiverServerRatis (XceiverServerRatis.java:triggerPipelineClose(584)) - pipeline Action CLOSE  on pipeline PipelineID=cdbc83e8-4d22-4bce-b0ee-ba1d0b5421b3.Reason : WriteLog:1: (t:1, i:1), STATEMACHINELOGENTRY, client-9A27B2D6C466, cid=263-writeStateMachineData interrupted.
2019-11-11 20:28:18,364 [EventQueue-PipelineActionsForPipelineActionHandler] ERROR pipeline.PipelineActionHandler (PipelineActionHandler.java:onMessage(60)) - Received pipeline action CLOSE for Pipeline[ Id: cdbc83e8-4d22-4bce-b0ee-ba1d0b5421b3, Nodes: e0742d41-25ee-4eea-9579-711a01e64de1{ip: 192.168.69.124, host: pr-hdds-1868-2776b-164702576, networkLocation: /rack1, certSerialId: null}4458042f-08fe-441c-a446-1f2065605b64{ip: 192.168.69.124, host: pr-hdds-1868-2776b-164702576, networkLocation: /rack1, certSerialId: null}f9a7ecd3-e7a4-4080-bb37-5ca61c0ec681{ip: 192.168.69.124, host: pr-hdds-1868-2776b-164702576, networkLocation: /rack1, certSerialId: null}, Type:RATIS, Factor:THREE, State:CLOSED] from datanode e0742d41-25ee-4eea-9579-711a01e64de1{ip: 192.168.69.124, host: pr-hdds-1868-2776b-164702576, networkLocation: /rack1, certSerialId: null}. Reason : WriteLog:1: (t:1, i:1), STATEMACHINELOGENTRY, client-9A27B2D6C466, cid=263-writeStateMachineData interrupted.
2019-11-11 20:28:18,364 [EventQueue-PipelineActionsForPipelineActionHandler] INFO  pipeline.SCMPipelineManager (SCMPipelineManager.java:finalizeAndDestroyPipeline(315)) - destroying pipeline:Pipeline[ Id: cdbc83e8-4d22-4bce-b0ee-ba1d0b5421b3, Nodes: e0742d41-25ee-4eea-9579-711a01e64de1{ip: 192.168.69.124, host: pr-hdds-1868-2776b-164702576, networkLocation: /rack1, certSerialId: null}4458042f-08fe-441c-a446-1f2065605b64{ip: 192.168.69.124, host: pr-hdds-1868-2776b-164702576, networkLocation: /rack1, certSerialId: null}f9a7ecd3-e7a4-4080-bb37-5ca61c0ec681{ip: 192.168.69.124, host: pr-hdds-1868-2776b-164702576, networkLocation: /rack1, certSerialId: null}, Type:RATIS, Factor:THREE, State:CLOSED]
2019-11-11 20:28:18,366 [grpc-default-executor-8] INFO  segmented.SegmentedRaftLogWorker (SegmentedRaftLogWorker.java:close(224)) - e0742d41-25ee-4eea-9579-711a01e64de1@group-BA1D0B5421B3-SegmentedRaftLogWorker close()
2019-11-11 20:28:18,369 [grpc-default-executor-8] INFO  impl.RaftServerProxy (RaftServerProxy.java:remove(95)) - 4458042f-08fe-441c-a446-1f2065605b64: remove    LEADER 4458042f-08fe-441c-a446-1f2065605b64@group-BA1D0B5421B3:t1, leader=4458042f-08fe-441c-a446-1f2065605b64, voted=4458042f-08fe-441c-a446-1f2065605b64, raftlog=4458042f-08fe-441c-a446-1f2065605b64@group-BA1D0B5421B3-SegmentedRaftLog:OPENED:c0,f0,i2, conf=0: [e0742d41-25ee-4eea-9579-711a01e64de1:192.168.69.124:44547, 4458042f-08fe-441c-a446-1f2065605b64:192.168.69.124:44156, f9a7ecd3-e7a4-4080-bb37-5ca61c0ec681:192.168.69.124:39904], old=null RUNNING
2019-11-11 20:28:18,369 [grpc-default-executor-8] INFO  impl.RaftServerImpl (RaftServerImpl.java:lambda$shutdown$3(250)) - 4458042f-08fe-441c-a446-1f2065605b64@group-BA1D0B5421B3: shutdown
2019-11-11 20:28:18,369 [grpc-default-executor-8] INFO  util.JmxRegister (JmxRegister.java:unregister(73)) - Successfully un-registered JMX Bean with object name Ratis:service=RaftServer,group=group-BA1D0B5421B3,id=4458042f-08fe-441c-a446-1f2065605b64
2019-11-11 20:28:18,369 [grpc-default-executor-8] INFO  impl.RoleInfo (RoleInfo.java:shutdownLeaderState(104)) - 4458042f-08fe-441c-a446-1f2065605b64: shutdown LeaderState
2019-11-11 20:28:18,373 [grpc-default-executor-8] INFO  impl.PendingRequests (PendingRequests.java:sendNotLeaderResponses(206)) - 4458042f-08fe-441c-a446-1f2065605b64@group-BA1D0B5421B3-PendingRequests: sendNotLeaderResponses
2019-11-11 20:28:18,373 [org.apache.ratis.server.impl.LogAppender$AppenderDaemon$$Lambda$443/882596722@4a2185cf] WARN  server.GrpcLogAppender (GrpcLogAppender.java:mayWait(151)) - 4458042f-08fe-441c-a446-1f2065605b64@group-BA1D0B5421B3->f9a7ecd3-e7a4-4080-bb37-5ca61c0ec681-GrpcLogAppender: Wait interrupted by java.lang.InterruptedException
2019-11-11 20:28:18,373 [org.apache.ratis.server.impl.LogAppender$AppenderDaemon$$Lambda$443/882596722@f230a4f] WARN  server.GrpcLogAppender (GrpcLogAppender.java:mayWait(151)) - 4458042f-08fe-441c-a446-1f2065605b64@group-BA1D0B5421B3->e0742d41-25ee-4eea-9579-711a01e64de1-GrpcLogAppender: Wait interrupted by java.lang.InterruptedException
2019-11-11 20:28:18,373 [grpc-default-executor-1] INFO  server.GrpcServerProtocolService (GrpcServerProtocolService.java:onCompleted(113)) - f9a7ecd3-e7a4-4080-bb37-5ca61c0ec681: Completed APPEND_ENTRIES, lastRequest: 4458042f-08fe-441c-a446-1f2065605b64->f9a7ecd3-e7a4-4080-bb37-5ca61c0ec681#6-t1, previous=(t:1, i:1), leaderCommit=0, initializing? false, entries: size=1, first=(t:1, i:2), STATEMACHINELOGENTRY, client-9A27B2D6C466, cid=264
2019-11-11 20:28:18,375 [grpc-default-executor-5] INFO  server.GrpcServerProtocolService (GrpcServerProtocolService.java:onCompleted(113)) - e0742d41-25ee-4eea-9579-711a01e64de1: Completed APPEND_ENTRIES, lastRequest: 4458042f-08fe-441c-a446-1f2065605b64->e0742d41-25ee-4eea-9579-711a01e64de1#6-t1, previous=(t:1, i:1), leaderCommit=0, initializing? false, entries: size=1, first=(t:1, i:2), STATEMACHINELOGENTRY, client-9A27B2D6C466, cid=264
2019-11-11 20:28:18,375 [grpc-default-executor-8] INFO  impl.StateMachineUpdater (StateMachineUpdater.java:stopAndJoin(136)) - 4458042f-08fe-441c-a446-1f2065605b64@group-BA1D0B5421B3-StateMachineUpdater: set stopIndex = 0
2019-11-11 20:28:18,377 [grpc-default-executor-8] INFO  impl.RaftServerImpl (ServerState.java:close(387)) - 4458042f-08fe-441c-a446-1f2065605b64@group-BA1D0B5421B3: closes. applyIndex: 0
2019-11-11 20:28:18,377 [grpc-default-executor-5] INFO  server.GrpcLogAppender (GrpcLogAppender.java:onCompleted(308)) - 4458042f-08fe-441c-a446-1f2065605b64@group-BA1D0B5421B3->f9a7ecd3-e7a4-4080-bb37-5ca61c0ec681-AppendLogResponseHandler: follower responses appendEntries COMPLETED
2019-11-11 20:28:18,377 [4458042f-08fe-441c-a446-1f2065605b64@group-BA1D0B5421B3-SegmentedRaftLogWorker] INFO  segmented.SegmentedRaftLogWorker (SegmentedRaftLogWorker.java:run(316)) - 4458042f-08fe-441c-a446-1f2065605b64@group-BA1D0B5421B3-SegmentedRaftLogWorker was interrupted, exiting. There are 0 tasks remaining in the queue.
2019-11-11 20:28:18,377 [grpc-default-executor-7] INFO  server.GrpcLogAppender (GrpcLogAppender.java:onCompleted(308)) - 4458042f-08fe-441c-a446-1f2065605b64@group-BA1D0B5421B3->e0742d41-25ee-4eea-9579-711a01e64de1-AppendLogResponseHandler: follower responses appendEntries COMPLETED
2019-11-11 20:28:18,378 [grpc-default-executor-8] INFO  segmented.SegmentedRaftLogWorker (SegmentedRaftLogWorker.java:close(224)) - 4458042f-08fe-441c-a446-1f2065605b64@group-BA1D0B5421B3-SegmentedRaftLogWorker close()
2019-11-11 20:28:18,378 [grpc-default-executor-5] INFO  impl.FollowerInfo (FollowerInfo.java:lambda$new$0(51)) - 4458042f-08fe-441c-a446-1f2065605b64@group-BA1D0B5421B3->f9a7ecd3-e7a4-4080-bb37-5ca61c0ec681: nextIndex: updateUnconditionally 3 -> 1
2019-11-11 20:28:18,378 [grpc-default-executor-7] INFO  impl.FollowerInfo (FollowerInfo.java:lambda$new$0(51)) - 4458042f-08fe-441c-a446-1f2065605b64@group-BA1D0B5421B3->e0742d41-25ee-4eea-9579-711a01e64de1: nextIndex: updateUnconditionally 3 -> 1
2019-11-11 20:28:18,519 [grpc-default-executor-8] INFO  interfaces.Container (KeyValueContainer.java:flushAndSyncDB(400)) - Container 1 is synced with bcsId 0.
2019-11-11 20:28:18,519 [grpc-default-executor-8] INFO  interfaces.Container (KeyValueContainer.java:flushAndSyncDB(400)) - Container 1 is synced with bcsId 0.
2019-11-11 20:28:18,546 [EventQueue-IncrementalContainerReportForIncrementalContainerReportHandler] INFO  container.IncrementalContainerReportHandler (AbstractContainerReportHandler.java:updateContainerState(171)) - Moving container #1 to QUASI_CLOSED state, datanode 4458042f-08fe-441c-a446-1f2065605b64{ip: 192.168.69.124, host: pr-hdds-1868-2776b-164702576, networkLocation: /rack1, certSerialId: null} reported QUASI_CLOSED replica.
2019-11-11 20:28:18,549 [grpc-default-executor-8] INFO  impl.RaftServerProxy (RaftServerProxy.java:remove(95)) - f9a7ecd3-e7a4-4080-bb37-5ca61c0ec681: remove  FOLLOWER f9a7ecd3-e7a4-4080-bb37-5ca61c0ec681@group-BA1D0B5421B3:t1, leader=4458042f-08fe-441c-a446-1f2065605b64, voted=f9a7ecd3-e7a4-4080-bb37-5ca61c0ec681, raftlog=f9a7ecd3-e7a4-4080-bb37-5ca61c0ec681@group-BA1D0B5421B3-SegmentedRaftLog:OPENED:c0,f2,i2, conf=0: [e0742d41-25ee-4eea-9579-711a01e64de1:192.168.69.124:44547, 4458042f-08fe-441c-a446-1f2065605b64:192.168.69.124:44156, f9a7ecd3-e7a4-4080-bb37-5ca61c0ec681:192.168.69.124:39904], old=null RUNNING
2019-11-11 20:28:18,549 [grpc-default-executor-8] INFO  impl.RaftServerImpl (RaftServerImpl.java:lambda$shutdown$3(250)) - f9a7ecd3-e7a4-4080-bb37-5ca61c0ec681@group-BA1D0B5421B3: shutdown
2019-11-11 20:28:18,549 [grpc-default-executor-8] INFO  util.JmxRegister (JmxRegister.java:unregister(73)) - Successfully un-registered JMX Bean with object name Ratis:service=RaftServer,group=group-BA1D0B5421B3,id=f9a7ecd3-e7a4-4080-bb37-5ca61c0ec681
2019-11-11 20:28:18,549 [grpc-default-executor-8] INFO  impl.RoleInfo (RoleInfo.java:shutdownFollowerState(121)) - f9a7ecd3-e7a4-4080-bb37-5ca61c0ec681: shutdown FollowerState
2019-11-11 20:28:18,549 [grpc-default-executor-8] INFO  impl.StateMachineUpdater (StateMachineUpdater.java:stopAndJoin(136)) - f9a7ecd3-e7a4-4080-bb37-5ca61c0ec681@group-BA1D0B5421B3-StateMachineUpdater: set stopIndex = 0
2019-11-11 20:28:18,549 [Thread-4442] INFO  impl.FollowerState (FollowerState.java:run(120)) - f9a7ecd3-e7a4-4080-bb37-5ca61c0ec681@group-BA1D0B5421B3-FollowerState was interrupted: java.lang.InterruptedException: sleep interrupted
2019-11-11 20:28:18,550 [grpc-default-executor-8] INFO  impl.RaftServerImpl (ServerState.java:close(387)) - f9a7ecd3-e7a4-4080-bb37-5ca61c0ec681@group-BA1D0B5421B3: closes. applyIndex: 0
2019-11-11 20:28:18,550 [f9a7ecd3-e7a4-4080-bb37-5ca61c0ec681@group-BA1D0B5421B3-SegmentedRaftLogWorker] INFO  segmented.SegmentedRaftLogWorker (SegmentedRaftLogWorker.java:run(316)) - f9a7ecd3-e7a4-4080-bb37-5ca61c0ec681@group-BA1D0B5421B3-SegmentedRaftLogWorker was interrupted, exiting. There are 0 tasks remaining in the queue.
2019-11-11 20:28:18,550 [grpc-default-executor-8] INFO  segmented.SegmentedRaftLogWorker (SegmentedRaftLogWorker.java:close(224)) - f9a7ecd3-e7a4-4080-bb37-5ca61c0ec681@group-BA1D0B5421B3-SegmentedRaftLogWorker close()
2019-11-11 20:28:18,714 [grpc-default-executor-8] INFO  interfaces.Container (KeyValueContainer.java:flushAndSyncDB(400)) - Container 1 is synced with bcsId 0.
2019-11-11 20:28:18,715 [grpc-default-executor-8] INFO  interfaces.Container (KeyValueContainer.java:flushAndSyncDB(400)) - Container 1 is synced with bcsId 0.
2019-11-11 20:28:18,751 [Thread-4367] INFO  pipeline.PipelineStateManager (PipelineStateManager.java:removePipeline(106)) - Pipeline Pipeline[ Id: cdbc83e8-4d22-4bce-b0ee-ba1d0b5421b3, Nodes: e0742d41-25ee-4eea-9579-711a01e64de1{ip: 192.168.69.124, host: pr-hdds-1868-2776b-164702576, networkLocation: /rack1, certSerialId: null}4458042f-08fe-441c-a446-1f2065605b64{ip: 192.168.69.124, host: pr-hdds-1868-2776b-164702576, networkLocation: /rack1, certSerialId: null}f9a7ecd3-e7a4-4080-bb37-5ca61c0ec681{ip: 192.168.69.124, host: pr-hdds-1868-2776b-164702576, networkLocation: /rack1, certSerialId: null}, Type:RATIS, Factor:THREE, State:CLOSED] removed from db
2019-11-11 20:28:18,751 [Thread-4367] INFO  pipeline.SCMPipelineManager (SCMPipelineManager.java:finalizeAndDestroyPipeline(315)) - destroying pipeline:Pipeline[ Id: b16fa23c-7bae-46e9-be97-3456cd3d7159, Nodes: 396508a6-021e-4f53-afd2-417daf51af04{ip: 192.168.69.124, host: pr-hdds-1868-2776b-164702576, networkLocation: /rack1, certSerialId: null}, Type:RATIS, Factor:ONE, State:OPEN]
2019-11-11 20:28:18,768 [grpc-default-executor-8] INFO  impl.RaftServerProxy (RaftServerProxy.java:addNew(89)) - 4ee8c297-07ef-4ca0-9e53-65cba3c36712: addNew group-7208C3118237:[e0742d41-25ee-4eea-9579-711a01e64de1:192.168.69.124:44547, 4458042f-08fe-441c-a446-1f2065605b64:192.168.69.124:44156, 4ee8c297-07ef-4ca0-9e53-65cba3c36712:192.168.69.124:36407] returns group-7208C3118237:java.util.concurrent.CompletableFuture@4ae87c5[Not completed]
2019-11-11 20:28:18,768 [grpc-default-executor-7] INFO  impl.RaftServerProxy (RaftServerProxy.java:addNew(89)) - e0742d41-25ee-4eea-9579-711a01e64de1: addNew group-7208C3118237:[e0742d41-25ee-4eea-9579-711a01e64de1:192.168.69.124:44547, 4458042f-08fe-441c-a446-1f2065605b64:192.168.69.124:44156, 4ee8c297-07ef-4ca0-9e53-65cba3c36712:192.168.69.124:36407] returns group-7208C3118237:java.util.concurrent.CompletableFuture@16c5db0d[Not completed]
2019-11-11 20:28:18,768 [grpc-default-executor-5] INFO  impl.RaftServerProxy (RaftServerProxy.java:addNew(89)) - 4458042f-08fe-441c-a446-1f2065605b64: addNew group-7208C3118237:[e0742d41-25ee-4eea-9579-711a01e64de1:192.168.69.124:44547, 4458042f-08fe-441c-a446-1f2065605b64:192.168.69.124:44156, 4ee8c297-07ef-4ca0-9e53-65cba3c36712:192.168.69.124:36407] returns group-7208C3118237:java.util.concurrent.CompletableFuture@4b58dd7d[Not completed]
2019-11-11 20:28:18,770 [pool-600-thread-1] INFO  impl.RaftServerImpl (RaftServerImpl.java:<init>(98)) - 4ee8c297-07ef-4ca0-9e53-65cba3c36712: new RaftServerImpl for group-7208C3118237:[e0742d41-25ee-4eea-9579-711a01e64de1:192.168.69.124:44547, 4458042f-08fe-441c-a446-1f2065605b64:192.168.69.124:44156, 4ee8c297-07ef-4ca0-9e53-65cba3c36712:192.168.69.124:36407] with ContainerStateMachine:uninitialized
2019-11-11 20:28:18,770 [pool-600-thread-1] INFO  server.RaftServerConfigKeys (ConfUtils.java:logGet(43)) - raft.server.rpc.timeout.min = 1s (custom)
2019-11-11 20:28:18,770 [pool-600-thread-1] INFO  server.RaftServerConfigKeys (ConfUtils.java:logGet(43)) - raft.server.rpc.timeout.max = 1200ms (custom)
2019-11-11 20:28:18,770 [pool-600-thread-1] INFO  server.RaftServerConfigKeys (ConfUtils.java:logGet(43)) - raft.server.rpcslowness.timeout = 120s (custom)
2019-11-11 20:28:18,770 [pool-600-thread-1] INFO  server.RaftServerConfigKeys (ConfUtils.java:logGet(43)) - raft.server.sleep.deviation.threshold = 300 (default)
2019-11-11 20:28:18,770 [pool-600-thread-1] INFO  server.RaftServerConfigKeys (ConfUtils.java:logGet(43)) - raft.server.log.appender.install.snapshot.enabled = false (custom)
2019-11-11 20:28:18,770 [pool-600-thread-1] INFO  impl.RaftServerImpl (ServerState.java:<init>(103)) - 4ee8c297-07ef-4ca0-9e53-65cba3c36712@group-7208C3118237: ConfigurationManager, init=-1: [e0742d41-25ee-4eea-9579-711a01e64de1:192.168.69.124:44547, 4458042f-08fe-441c-a446-1f2065605b64:192.168.69.124:44156, 4ee8c297-07ef-4ca0-9e53-65cba3c36712:192.168.69.124:36407], old=null, confs=<EMPTY_MAP>
2019-11-11 20:28:18,770 [pool-600-thread-1] INFO  server.RaftServerConfigKeys (ConfUtils.java:logGet(43)) - raft.server.storage.dir = [/workdir/hadoop-ozone/integration-test/target/test-dir/MiniOzoneClusterImpl-878a1954-6462-47b6-bdcc-bab86c556cb3/datanode-9/data/ratis] (custom)
2019-11-11 20:28:18,770 [pool-510-thread-1] INFO  impl.RaftServerImpl (RaftServerImpl.java:<init>(98)) - e0742d41-25ee-4eea-9579-711a01e64de1: new RaftServerImpl for group-7208C3118237:[e0742d41-25ee-4eea-9579-711a01e64de1:192.168.69.124:44547, 4458042f-08fe-441c-a446-1f2065605b64:192.168.69.124:44156, 4ee8c297-07ef-4ca0-9e53-65cba3c36712:192.168.69.124:36407] with ContainerStateMachine:uninitialized
2019-11-11 20:28:18,770 [pool-600-thread-1] INFO  server.RaftServerConfigKeys (ConfUtils.java:logGet(43)) - raft.server.log.corruption.policy = EXCEPTION (default)
2019-11-11 20:28:18,770 [pool-510-thread-1] INFO  server.RaftServerConfigKeys (ConfUtils.java:logGet(43)) - raft.server.rpc.timeout.min = 1s (custom)
2019-11-11 20:28:18,771 [pool-600-thread-1] INFO  storage.RaftStorageDirectory (RaftStorageDirectory.java:analyzeStorage(246)) - The storage directory /workdir/hadoop-ozone/integration-test/target/test-dir/MiniOzoneClusterImpl-878a1954-6462-47b6-bdcc-bab86c556cb3/datanode-9/data/ratis/a833ae29-a090-42d0-a8d5-7208c3118237 does not exist. Creating ...
2019-11-11 20:28:18,771 [pool-510-thread-1] INFO  server.RaftServerConfigKeys (ConfUtils.java:logGet(43)) - raft.server.rpc.timeout.max = 1200ms (custom)
2019-11-11 20:28:18,771 [pool-510-thread-1] INFO  server.RaftServerConfigKeys (ConfUtils.java:logGet(43)) - raft.server.rpcslowness.timeout = 120s (custom)
2019-11-11 20:28:18,771 [pool-510-thread-1] INFO  server.RaftServerConfigKeys (ConfUtils.java:logGet(43)) - raft.server.sleep.deviation.threshold = 300 (default)
2019-11-11 20:28:18,771 [pool-530-thread-1] INFO  impl.RaftServerImpl (RaftServerImpl.java:<init>(98)) - 4458042f-08fe-441c-a446-1f2065605b64: new RaftServerImpl for group-7208C3118237:[e0742d41-25ee-4eea-9579-711a01e64de1:192.168.69.124:44547, 4458042f-08fe-441c-a446-1f2065605b64:192.168.69.124:44156, 4ee8c297-07ef-4ca0-9e53-65cba3c36712:192.168.69.124:36407] with ContainerStateMachine:uninitialized
2019-11-11 20:28:18,771 [pool-510-thread-1] INFO  server.RaftServerConfigKeys (ConfUtils.java:logGet(43)) - raft.server.log.appender.install.snapshot.enabled = false (custom)
2019-11-11 20:28:18,771 [pool-530-thread-1] INFO  server.RaftServerConfigKeys (ConfUtils.java:logGet(43)) - raft.server.rpc.timeout.min = 1s (custom)
2019-11-11 20:28:18,771 [pool-510-thread-1] INFO  impl.RaftServerImpl (ServerState.java:<init>(103)) - e0742d41-25ee-4eea-9579-711a01e64de1@group-7208C3118237: ConfigurationManager, init=-1: [e0742d41-25ee-4eea-9579-711a01e64de1:192.168.69.124:44547, 4458042f-08fe-441c-a446-1f2065605b64:192.168.69.124:44156, 4ee8c297-07ef-4ca0-9e53-65cba3c36712:192.168.69.124:36407], old=null, confs=<EMPTY_MAP>
2019-11-11 20:28:18,771 [pool-530-thread-1] INFO  server.RaftServerConfigKeys (ConfUtils.java:logGet(43)) - raft.server.rpc.timeout.max = 1200ms (custom)
2019-11-11 20:28:18,772 [pool-510-thread-1] INFO  server.RaftServerConfigKeys (ConfUtils.java:logGet(43)) - raft.server.storage.dir = [/workdir/hadoop-ozone/integration-test/target/test-dir/MiniOzoneClusterImpl-878a1954-6462-47b6-bdcc-bab86c556cb3/datanode-0/data/ratis] (custom)
2019-11-11 20:28:18,772 [pool-530-thread-1] INFO  server.RaftServerConfigKeys (ConfUtils.java:logGet(43)) - raft.server.rpcslowness.timeout = 120s (custom)
2019-11-11 20:28:18,772 [pool-530-thread-1] INFO  server.RaftServerConfigKeys (ConfUtils.java:logGet(43)) - raft.server.sleep.deviation.threshold = 300 (default)
2019-11-11 20:28:18,772 [pool-530-thread-1] INFO  server.RaftServerConfigKeys (ConfUtils.java:logGet(43)) - raft.server.log.appender.install.snapshot.enabled = false (custom)
2019-11-11 20:28:18,772 [pool-510-thread-1] INFO  server.RaftServerConfigKeys (ConfUtils.java:logGet(43)) - raft.server.log.corruption.policy = EXCEPTION (default)
2019-11-11 20:28:18,772 [pool-530-thread-1] INFO  impl.RaftServerImpl (ServerState.java:<init>(103)) - 4458042f-08fe-441c-a446-1f2065605b64@group-7208C3118237: ConfigurationManager, init=-1: [e0742d41-25ee-4eea-9579-711a01e64de1:192.168.69.124:44547, 4458042f-08fe-441c-a446-1f2065605b64:192.168.69.124:44156, 4ee8c297-07ef-4ca0-9e53-65cba3c36712:192.168.69.124:36407], old=null, confs=<EMPTY_MAP>
2019-11-11 20:28:18,772 [pool-530-thread-1] INFO  server.RaftServerConfigKeys (ConfUtils.java:logGet(43)) - raft.server.storage.dir = [/workdir/hadoop-ozone/integration-test/target/test-dir/MiniOzoneClusterImpl-878a1954-6462-47b6-bdcc-bab86c556cb3/datanode-2/data/ratis] (custom)
2019-11-11 20:28:18,772 [pool-510-thread-1] INFO  storage.RaftStorageDirectory (RaftStorageDirectory.java:analyzeStorage(246)) - The storage directory /workdir/hadoop-ozone/integration-test/target/test-dir/MiniOzoneClusterImpl-878a1954-6462-47b6-bdcc-bab86c556cb3/datanode-0/data/ratis/a833ae29-a090-42d0-a8d5-7208c3118237 does not exist. Creating ...
2019-11-11 20:28:18,772 [pool-530-thread-1] INFO  server.RaftServerConfigKeys (ConfUtils.java:logGet(43)) - raft.server.log.corruption.policy = EXCEPTION (default)
2019-11-11 20:28:18,773 [pool-530-thread-1] INFO  storage.RaftStorageDirectory (RaftStorageDirectory.java:analyzeStorage(246)) - The storage directory /workdir/hadoop-ozone/integration-test/target/test-dir/MiniOzoneClusterImpl-878a1954-6462-47b6-bdcc-bab86c556cb3/datanode-2/data/ratis/a833ae29-a090-42d0-a8d5-7208c3118237 does not exist. Creating ...
2019-11-11 20:28:18,800 [pool-530-thread-1] INFO  storage.RaftStorageDirectory (RaftStorageDirectory.java:tryLock(328)) - Lock on /workdir/hadoop-ozone/integration-test/target/test-dir/MiniOzoneClusterImpl-878a1954-6462-47b6-bdcc-bab86c556cb3/datanode-2/data/ratis/a833ae29-a090-42d0-a8d5-7208c3118237/in_use.lock acquired by nodename 3817@pr-hdds-1868-2776b-164702576
2019-11-11 20:28:18,800 [pool-600-thread-1] INFO  storage.RaftStorageDirectory (RaftStorageDirectory.java:tryLock(328)) - Lock on /workdir/hadoop-ozone/integration-test/target/test-dir/MiniOzoneClusterImpl-878a1954-6462-47b6-bdcc-bab86c556cb3/datanode-9/data/ratis/a833ae29-a090-42d0-a8d5-7208c3118237/in_use.lock acquired by nodename 3817@pr-hdds-1868-2776b-164702576
2019-11-11 20:28:18,800 [pool-510-thread-1] INFO  storage.RaftStorageDirectory (RaftStorageDirectory.java:tryLock(328)) - Lock on /workdir/hadoop-ozone/integration-test/target/test-dir/MiniOzoneClusterImpl-878a1954-6462-47b6-bdcc-bab86c556cb3/datanode-0/data/ratis/a833ae29-a090-42d0-a8d5-7208c3118237/in_use.lock acquired by nodename 3817@pr-hdds-1868-2776b-164702576
2019-11-11 20:28:18,818 [pool-600-thread-1] INFO  storage.RaftStorage (RaftStorage.java:format(84)) - Storage directory /workdir/hadoop-ozone/integration-test/target/test-dir/MiniOzoneClusterImpl-878a1954-6462-47b6-bdcc-bab86c556cb3/datanode-9/data/ratis/a833ae29-a090-42d0-a8d5-7208c3118237 has been successfully formatted.
2019-11-11 20:28:18,818 [pool-510-thread-1] INFO  storage.RaftStorage (RaftStorage.java:format(84)) - Storage directory /workdir/hadoop-ozone/integration-test/target/test-dir/MiniOzoneClusterImpl-878a1954-6462-47b6-bdcc-bab86c556cb3/datanode-0/data/ratis/a833ae29-a090-42d0-a8d5-7208c3118237 has been successfully formatted.
2019-11-11 20:28:18,818 [pool-530-thread-1] INFO  storage.RaftStorage (RaftStorage.java:format(84)) - Storage directory /workdir/hadoop-ozone/integration-test/target/test-dir/MiniOzoneClusterImpl-878a1954-6462-47b6-bdcc-bab86c556cb3/datanode-2/data/ratis/a833ae29-a090-42d0-a8d5-7208c3118237 has been successfully formatted.
2019-11-11 20:28:18,818 [pool-600-thread-1] INFO  ratis.ContainerStateMachine (ContainerStateMachine.java:loadSnapshot(223)) - group-7208C3118237: The snapshot info is null. Setting the last applied indexto:(t:0, i:~)
2019-11-11 20:28:18,818 [pool-510-thread-1] INFO  ratis.ContainerStateMachine (ContainerStateMachine.java:loadSnapshot(223)) - group-7208C3118237: The snapshot info is null. Setting the last applied indexto:(t:0, i:~)
2019-11-11 20:28:18,819 [pool-600-thread-1] INFO  server.RaftServerConfigKeys (ConfUtils.java:logGet(43)) - raft.server.notification.no-leader.timeout = 120s (custom)
2019-11-11 20:28:18,819 [pool-530-thread-1] INFO  ratis.ContainerStateMachine (ContainerStateMachine.java:loadSnapshot(223)) - group-7208C3118237: The snapshot info is null. Setting the last applied indexto:(t:0, i:~)
2019-11-11 20:28:18,819 [pool-600-thread-1] INFO  server.RaftServerConfigKeys (ConfUtils.java:logGet(43)) - raft.server.log.use.memory = false (default)
2019-11-11 20:28:18,819 [pool-510-thread-1] INFO  server.RaftServerConfigKeys (ConfUtils.java:logGet(43)) - raft.server.notification.no-leader.timeout = 120s (custom)
2019-11-11 20:28:18,819 [pool-600-thread-1] INFO  server.RaftServerConfigKeys (ConfUtils.java:logGet(43)) - raft.server.log.purge.gap = 1000000 (custom)
2019-11-11 20:28:18,819 [pool-530-thread-1] INFO  server.RaftServerConfigKeys (ConfUtils.java:logGet(43)) - raft.server.notification.no-leader.timeout = 120s (custom)
2019-11-11 20:28:18,819 [pool-600-thread-1] INFO  server.RaftServerConfigKeys (ConfUtils.java:logGet(43)) - raft.server.log.appender.buffer.byte-limit = 33554432 (custom)
2019-11-11 20:28:18,819 [pool-510-thread-1] INFO  server.RaftServerConfigKeys (ConfUtils.java:logGet(43)) - raft.server.log.use.memory = false (default)
2019-11-11 20:28:18,819 [pool-600-thread-1] INFO  server.RaftServerConfigKeys (ConfUtils.java:logGet(43)) - raft.server.log.segment.size.max = 1048576 (custom)
2019-11-11 20:28:18,819 [pool-510-thread-1] INFO  server.RaftServerConfigKeys (ConfUtils.java:logGet(43)) - raft.server.log.purge.gap = 1000000 (custom)
2019-11-11 20:28:18,819 [pool-530-thread-1] INFO  server.RaftServerConfigKeys (ConfUtils.java:logGet(43)) - raft.server.log.use.memory = false (default)
2019-11-11 20:28:18,820 [pool-510-thread-1] INFO  server.RaftServerConfigKeys (ConfUtils.java:logGet(43)) - raft.server.log.appender.buffer.byte-limit = 33554432 (custom)
2019-11-11 20:28:18,820 [pool-600-thread-1] INFO  server.RaftServerConfigKeys (ConfUtils.java:logGet(43)) - raft.server.log.segment.cache.num.max = 2 (custom)
2019-11-11 20:28:18,820 [pool-510-thread-1] INFO  server.RaftServerConfigKeys (ConfUtils.java:logGet(43)) - raft.server.log.segment.size.max = 1048576 (custom)
2019-11-11 20:28:18,820 [pool-530-thread-1] INFO  server.RaftServerConfigKeys (ConfUtils.java:logGet(43)) - raft.server.log.purge.gap = 1000000 (custom)
2019-11-11 20:28:18,820 [pool-530-thread-1] INFO  server.RaftServerConfigKeys (ConfUtils.java:logGet(43)) - raft.server.log.appender.buffer.byte-limit = 33554432 (custom)
2019-11-11 20:28:18,820 [pool-510-thread-1] INFO  server.RaftServerConfigKeys (ConfUtils.java:logGet(43)) - raft.server.log.segment.cache.num.max = 2 (custom)
2019-11-11 20:28:18,820 [pool-600-thread-1] INFO  segmented.SegmentedRaftLogWorker (SegmentedRaftLogWorker.java:<init>(173)) - new 4ee8c297-07ef-4ca0-9e53-65cba3c36712@group-7208C3118237-SegmentedRaftLogWorker for RaftStorage:Storage Directory /workdir/hadoop-ozone/integration-test/target/test-dir/MiniOzoneClusterImpl-878a1954-6462-47b6-bdcc-bab86c556cb3/datanode-9/data/ratis/a833ae29-a090-42d0-a8d5-7208c3118237
2019-11-11 20:28:18,820 [pool-510-thread-1] INFO  segmented.SegmentedRaftLogWorker (SegmentedRaftLogWorker.java:<init>(173)) - new e0742d41-25ee-4eea-9579-711a01e64de1@group-7208C3118237-SegmentedRaftLogWorker for RaftStorage:Storage Directory /workdir/hadoop-ozone/integration-test/target/test-dir/MiniOzoneClusterImpl-878a1954-6462-47b6-bdcc-bab86c556cb3/datanode-0/data/ratis/a833ae29-a090-42d0-a8d5-7208c3118237
2019-11-11 20:28:18,821 [pool-510-thread-1] INFO  server.RaftServerConfigKeys (ConfUtils.java:logGet(43)) - raft.server.log.queue.byte-limit = 2147483647 (custom)
2019-11-11 20:28:18,820 [pool-530-thread-1] INFO  server.RaftServerConfigKeys (ConfUtils.java:logGet(43)) - raft.server.log.segment.size.max = 1048576 (custom)
2019-11-11 20:28:18,821 [pool-510-thread-1] INFO  server.RaftServerConfigKeys (ConfUtils.java:logGet(43)) - raft.server.log.queue.element-limit = 1024 (custom)
2019-11-11 20:28:18,820 [pool-600-thread-1] INFO  server.RaftServerConfigKeys (ConfUtils.java:logGet(43)) - raft.server.log.queue.byte-limit = 2147483647 (custom)
2019-11-11 20:28:18,821 [pool-510-thread-1] INFO  server.RaftServerConfigKeys (ConfUtils.java:logGet(43)) - raft.server.log.segment.size.max = 1048576 (custom)
2019-11-11 20:28:18,821 [pool-530-thread-1] INFO  server.RaftServerConfigKeys (ConfUtils.java:logGet(43)) - raft.server.log.segment.cache.num.max = 2 (custom)
2019-11-11 20:28:18,821 [pool-510-thread-1] INFO  server.RaftServerConfigKeys (ConfUtils.java:logGet(43)) - raft.server.log.preallocated.size = 16384 (custom)
2019-11-11 20:28:18,821 [pool-600-thread-1] INFO  server.RaftServerConfigKeys (ConfUtils.java:logGet(43)) - raft.server.log.queue.element-limit = 1024 (custom)
2019-11-11 20:28:18,821 [pool-510-thread-1] INFO  server.RaftServerConfigKeys (ConfUtils.java:logGet(43)) - raft.server.log.write.buffer.size = 33554432 (custom)
2019-11-11 20:28:18,821 [pool-510-thread-1] INFO  server.RaftServerConfigKeys (ConfUtils.java:logGet(43)) - raft.server.log.force.sync.num = 128 (default)
2019-11-11 20:28:18,821 [pool-530-thread-1] INFO  segmented.SegmentedRaftLogWorker (SegmentedRaftLogWorker.java:<init>(173)) - new 4458042f-08fe-441c-a446-1f2065605b64@group-7208C3118237-SegmentedRaftLogWorker for RaftStorage:Storage Directory /workdir/hadoop-ozone/integration-test/target/test-dir/MiniOzoneClusterImpl-878a1954-6462-47b6-bdcc-bab86c556cb3/datanode-2/data/ratis/a833ae29-a090-42d0-a8d5-7208c3118237
2019-11-11 20:28:18,822 [pool-510-thread-1] INFO  server.RaftServerConfigKeys (ConfUtils.java:logGet(43)) - raft.server.log.statemachine.data.sync = true (default)
2019-11-11 20:28:18,821 [pool-600-thread-1] INFO  server.RaftServerConfigKeys (ConfUtils.java:logGet(43)) - raft.server.log.segment.size.max = 1048576 (custom)
2019-11-11 20:28:18,822 [pool-510-thread-1] INFO  server.RaftServerConfigKeys (ConfUtils.java:logGet(43)) - raft.server.log.statemachine.data.sync.timeout = 10s (default)
2019-11-11 20:28:18,822 [pool-530-thread-1] INFO  server.RaftServerConfigKeys (ConfUtils.java:logGet(43)) - raft.server.log.queue.byte-limit = 2147483647 (custom)
2019-11-11 20:28:18,822 [pool-510-thread-1] INFO  server.RaftServerConfigKeys (ConfUtils.java:logGet(43)) - raft.server.log.statemachine.data.sync.timeout.retry = -1 (default)
2019-11-11 20:28:18,822 [pool-600-thread-1] INFO  server.RaftServerConfigKeys (ConfUtils.java:logGet(43)) - raft.server.log.preallocated.size = 16384 (custom)
2019-11-11 20:28:18,822 [pool-510-thread-1] INFO  server.RaftServerConfigKeys (ConfUtils.java:logGet(43)) - raft.server.log.statemachine.data.caching.enabled = true (custom)
2019-11-11 20:28:18,822 [pool-530-thread-1] INFO  server.RaftServerConfigKeys (ConfUtils.java:logGet(43)) - raft.server.log.queue.element-limit = 1024 (custom)
2019-11-11 20:28:18,822 [pool-600-thread-1] INFO  server.RaftServerConfigKeys (ConfUtils.java:logGet(43)) - raft.server.log.write.buffer.size = 33554432 (custom)
2019-11-11 20:28:18,823 [pool-530-thread-1] INFO  server.RaftServerConfigKeys (ConfUtils.java:logGet(43)) - raft.server.log.segment.size.max = 1048576 (custom)
2019-11-11 20:28:18,823 [pool-530-thread-1] INFO  server.RaftServerConfigKeys (ConfUtils.java:logGet(43)) - raft.server.log.preallocated.size = 16384 (custom)
2019-11-11 20:28:18,823 [pool-510-thread-1] INFO  segmented.SegmentedRaftLogWorker (SegmentedRaftLogWorker.java:lambda$new$0(128)) - e0742d41-25ee-4eea-9579-711a01e64de1@group-7208C3118237-SegmentedRaftLogWorker: flushIndex: setUnconditionally 0 -> -1
2019-11-11 20:28:18,823 [pool-600-thread-1] INFO  server.RaftServerConfigKeys (ConfUtils.java:logGet(43)) - raft.server.log.force.sync.num = 128 (default)
2019-11-11 20:28:18,823 [pool-530-thread-1] INFO  server.RaftServerConfigKeys (ConfUtils.java:logGet(43)) - raft.server.log.write.buffer.size = 33554432 (custom)
2019-11-11 20:28:18,823 [pool-600-thread-1] INFO  server.RaftServerConfigKeys (ConfUtils.java:logGet(43)) - raft.server.log.statemachine.data.sync = true (default)
2019-11-11 20:28:18,823 [pool-510-thread-1] INFO  server.RaftServerConfigKeys (ConfUtils.java:logGet(43)) - raft.server.snapshot.auto.trigger.enabled = true (custom)
2019-11-11 20:28:18,823 [pool-530-thread-1] INFO  server.RaftServerConfigKeys (ConfUtils.java:logGet(43)) - raft.server.log.force.sync.num = 128 (default)
2019-11-11 20:28:18,823 [pool-530-thread-1] INFO  server.RaftServerConfigKeys (ConfUtils.java:logGet(43)) - raft.server.log.statemachine.data.sync = true (default)
2019-11-11 20:28:18,823 [pool-510-thread-1] INFO  server.RaftServerConfigKeys (ConfUtils.java:logGet(43)) - raft.server.snapshot.auto.trigger.threshold = 10000 (custom)
2019-11-11 20:28:18,823 [pool-600-thread-1] INFO  server.RaftServerConfigKeys (ConfUtils.java:logGet(43)) - raft.server.log.statemachine.data.sync.timeout = 10s (default)
2019-11-11 20:28:18,824 [pool-510-thread-1] INFO  server.RaftServerConfigKeys (ConfUtils.java:logGet(43)) - raft.server.snapshot.retention.file.num = 5 (custom)
2019-11-11 20:28:18,824 [pool-530-thread-1] INFO  server.RaftServerConfigKeys (ConfUtils.java:logGet(43)) - raft.server.log.statemachine.data.sync.timeout = 10s (default)
2019-11-11 20:28:18,824 [pool-510-thread-1] INFO  server.RaftServerConfigKeys (ConfUtils.java:logGet(43)) - raft.server.retrycache.expirytime = 600000ms (custom)
2019-11-11 20:28:18,824 [pool-600-thread-1] INFO  server.RaftServerConfigKeys (ConfUtils.java:logGet(43)) - raft.server.log.statemachine.data.sync.timeout.retry = -1 (default)
2019-11-11 20:28:18,824 [pool-530-thread-1] INFO  server.RaftServerConfigKeys (ConfUtils.java:logGet(43)) - raft.server.log.statemachine.data.sync.timeout.retry = -1 (default)
2019-11-11 20:28:18,824 [pool-600-thread-1] INFO  server.RaftServerConfigKeys (ConfUtils.java:logGet(43)) - raft.server.log.statemachine.data.caching.enabled = true (custom)
2019-11-11 20:28:18,824 [pool-510-thread-1] WARN  impl.MetricRegistriesImpl (MetricRegistriesImpl.java:lambda$create$1(61)) - First MetricRegistry has been created without registering reporters. You may need to call MetricRegistries.global().addReportRegistration(...) before.
2019-11-11 20:28:18,824 [pool-600-thread-1] INFO  segmented.SegmentedRaftLogWorker (SegmentedRaftLogWorker.java:lambda$new$0(128)) - 4ee8c297-07ef-4ca0-9e53-65cba3c36712@group-7208C3118237-SegmentedRaftLogWorker: flushIndex: setUnconditionally 0 -> -1
2019-11-11 20:28:18,824 [pool-530-thread-1] INFO  server.RaftServerConfigKeys (ConfUtils.java:logGet(43)) - raft.server.log.statemachine.data.caching.enabled = true (custom)
2019-11-11 20:28:18,825 [pool-510-thread-1] WARN  impl.MetricRegistriesImpl (MetricRegistriesImpl.java:lambda$create$1(61)) - First MetricRegistry has been created without registering reporters. You may need to call MetricRegistries.global().addReportRegistration(...) before.
2019-11-11 20:28:18,825 [pool-530-thread-1] INFO  segmented.SegmentedRaftLogWorker (SegmentedRaftLogWorker.java:lambda$new$0(128)) - 4458042f-08fe-441c-a446-1f2065605b64@group-7208C3118237-SegmentedRaftLogWorker: flushIndex: setUnconditionally 0 -> -1
2019-11-11 20:28:18,825 [pool-600-thread-1] INFO  server.RaftServerConfigKeys (ConfUtils.java:logGet(43)) - raft.server.snapshot.auto.trigger.enabled = true (custom)
2019-11-11 20:28:18,825 [pool-510-thread-1] INFO  impl.RaftServerImpl (RaftServerImpl.java:start(184)) - e0742d41-25ee-4eea-9579-711a01e64de1@group-7208C3118237: start as a follower, conf=-1: [e0742d41-25ee-4eea-9579-711a01e64de1:192.168.69.124:44547, 4458042f-08fe-441c-a446-1f2065605b64:192.168.69.124:44156, 4ee8c297-07ef-4ca0-9e53-65cba3c36712:192.168.69.124:36407], old=null
2019-11-11 20:28:18,825 [pool-530-thread-1] INFO  server.RaftServerConfigKeys (ConfUtils.java:logGet(43)) - raft.server.snapshot.auto.trigger.enabled = true (custom)
2019-11-11 20:28:18,825 [pool-600-thread-1] INFO  server.RaftServerConfigKeys (ConfUtils.java:logGet(43)) - raft.server.snapshot.auto.trigger.threshold = 10000 (custom)
2019-11-11 20:28:18,825 [pool-530-thread-1] INFO  server.RaftServerConfigKeys (ConfUtils.java:logGet(43)) - raft.server.snapshot.auto.trigger.threshold = 10000 (custom)
2019-11-11 20:28:18,825 [pool-510-thread-1] INFO  impl.RaftServerImpl (RaftServerImpl.java:setRole(173)) - e0742d41-25ee-4eea-9579-711a01e64de1@group-7208C3118237: changes role from      null to FOLLOWER at term 0 for startAsFollower
2019-11-11 20:28:18,825 [pool-530-thread-1] INFO  server.RaftServerConfigKeys (ConfUtils.java:logGet(43)) - raft.server.snapshot.retention.file.num = 5 (custom)
2019-11-11 20:28:18,825 [pool-600-thread-1] INFO  server.RaftServerConfigKeys (ConfUtils.java:logGet(43)) - raft.server.snapshot.retention.file.num = 5 (custom)
2019-11-11 20:28:18,826 [pool-530-thread-1] INFO  server.RaftServerConfigKeys (ConfUtils.java:logGet(43)) - raft.server.retrycache.expirytime = 600000ms (custom)
2019-11-11 20:28:18,826 [pool-510-thread-1] INFO  impl.RoleInfo (RoleInfo.java:updateAndGet(143)) - e0742d41-25ee-4eea-9579-711a01e64de1: start FollowerState
2019-11-11 20:28:18,826 [pool-530-thread-1] WARN  impl.MetricRegistriesImpl (MetricRegistriesImpl.java:lambda$create$1(61)) - First MetricRegistry has been created without registering reporters. You may need to call MetricRegistries.global().addReportRegistration(...) before.
2019-11-11 20:28:18,826 [pool-600-thread-1] INFO  server.RaftServerConfigKeys (ConfUtils.java:logGet(43)) - raft.server.retrycache.expirytime = 600000ms (custom)
2019-11-11 20:28:18,826 [pool-530-thread-1] WARN  impl.MetricRegistriesImpl (MetricRegistriesImpl.java:lambda$create$1(61)) - First MetricRegistry has been created without registering reporters. You may need to call MetricRegistries.global().addReportRegistration(...) before.
2019-11-11 20:28:18,826 [pool-600-thread-1] WARN  impl.MetricRegistriesImpl (MetricRegistriesImpl.java:lambda$create$1(61)) - First MetricRegistry has been created without registering reporters. You may need to call MetricRegistries.global().addReportRegistration(...) before.
2019-11-11 20:28:18,826 [pool-600-thread-1] WARN  impl.MetricRegistriesImpl (MetricRegistriesImpl.java:lambda$create$1(61)) - First MetricRegistry has been created without registering reporters. You may need to call MetricRegistries.global().addReportRegistration(...) before.
2019-11-11 20:28:18,826 [pool-510-thread-1] INFO  util.JmxRegister (JmxRegister.java:tryRegister(44)) - Successfully registered JMX Bean with object name Ratis:service=RaftServer,group=group-7208C3118237,id=e0742d41-25ee-4eea-9579-711a01e64de1
2019-11-11 20:28:18,826 [pool-530-thread-1] INFO  impl.RaftServerImpl (RaftServerImpl.java:start(184)) - 4458042f-08fe-441c-a446-1f2065605b64@group-7208C3118237: start as a follower, conf=-1: [e0742d41-25ee-4eea-9579-711a01e64de1:192.168.69.124:44547, 4458042f-08fe-441c-a446-1f2065605b64:192.168.69.124:44156, 4ee8c297-07ef-4ca0-9e53-65cba3c36712:192.168.69.124:36407], old=null
2019-11-11 20:28:18,827 [pool-510-thread-1] WARN  impl.MetricRegistriesImpl (MetricRegistriesImpl.java:lambda$create$1(61)) - First MetricRegistry has been created without registering reporters. You may need to call MetricRegistries.global().addReportRegistration(...) before.
2019-11-11 20:28:18,826 [pool-600-thread-1] INFO  impl.RaftServerImpl (RaftServerImpl.java:start(184)) - 4ee8c297-07ef-4ca0-9e53-65cba3c36712@group-7208C3118237: start as a follower, conf=-1: [e0742d41-25ee-4eea-9579-711a01e64de1:192.168.69.124:44547, 4458042f-08fe-441c-a446-1f2065605b64:192.168.69.124:44156, 4ee8c297-07ef-4ca0-9e53-65cba3c36712:192.168.69.124:36407], old=null
2019-11-11 20:28:18,827 [pool-530-thread-1] INFO  impl.RaftServerImpl (RaftServerImpl.java:setRole(173)) - 4458042f-08fe-441c-a446-1f2065605b64@group-7208C3118237: changes role from      null to FOLLOWER at term 0 for startAsFollower
2019-11-11 20:28:18,827 [pool-600-thread-1] INFO  impl.RaftServerImpl (RaftServerImpl.java:setRole(173)) - 4ee8c297-07ef-4ca0-9e53-65cba3c36712@group-7208C3118237: changes role from      null to FOLLOWER at term 0 for startAsFollower
2019-11-11 20:28:18,827 [pool-530-thread-1] INFO  impl.RoleInfo (RoleInfo.java:updateAndGet(143)) - 4458042f-08fe-441c-a446-1f2065605b64: start FollowerState
2019-11-11 20:28:18,827 [pool-600-thread-1] INFO  impl.RoleInfo (RoleInfo.java:updateAndGet(143)) - 4ee8c297-07ef-4ca0-9e53-65cba3c36712: start FollowerState
2019-11-11 20:28:18,827 [pool-530-thread-1] INFO  util.JmxRegister (JmxRegister.java:tryRegister(44)) - Successfully registered JMX Bean with object name Ratis:service=RaftServer,group=group-7208C3118237,id=4458042f-08fe-441c-a446-1f2065605b64
2019-11-11 20:28:18,828 [pool-530-thread-1] WARN  impl.MetricRegistriesImpl (MetricRegistriesImpl.java:lambda$create$1(61)) - First MetricRegistry has been created without registering reporters. You may need to call MetricRegistries.global().addReportRegistration(...) before.
2019-11-11 20:28:18,828 [pool-600-thread-1] INFO  util.JmxRegister (JmxRegister.java:tryRegister(44)) - Successfully registered JMX Bean with object name Ratis:service=RaftServer,group=group-7208C3118237,id=4ee8c297-07ef-4ca0-9e53-65cba3c36712
2019-11-11 20:28:18,828 [pool-600-thread-1] WARN  impl.MetricRegistriesImpl (MetricRegistriesImpl.java:lambda$create$1(61)) - First MetricRegistry has been created without registering reporters. You may need to call MetricRegistries.global().addReportRegistration(...) before.
2019-11-11 20:28:18,831 [RatisPipelineUtilsThread] INFO  pipeline.PipelineStateManager (PipelineStateManager.java:addPipeline(55)) - Created pipeline Pipeline[ Id: a833ae29-a090-42d0-a8d5-7208c3118237, Nodes: e0742d41-25ee-4eea-9579-711a01e64de1{ip: 192.168.69.124, host: pr-hdds-1868-2776b-164702576, networkLocation: /rack1, certSerialId: null}4458042f-08fe-441c-a446-1f2065605b64{ip: 192.168.69.124, host: pr-hdds-1868-2776b-164702576, networkLocation: /rack1, certSerialId: null}4ee8c297-07ef-4ca0-9e53-65cba3c36712{ip: 192.168.69.124, host: pr-hdds-1868-2776b-164702576, networkLocation: /rack1, certSerialId: null}, Type:RATIS, Factor:THREE, State:ALLOCATED]
2019-11-11 20:28:18,832 [Thread-4367] INFO  pipeline.PipelineStateManager (PipelineStateManager.java:finalizePipeline(121)) - Pipeline Pipeline[ Id: b16fa23c-7bae-46e9-be97-3456cd3d7159, Nodes: 396508a6-021e-4f53-afd2-417daf51af04{ip: 192.168.69.124, host: pr-hdds-1868-2776b-164702576, networkLocation: /rack1, certSerialId: null}, Type:RATIS, Factor:ONE, State:CLOSED] moved to CLOSED state
2019-11-11 20:28:18,838 [grpc-default-executor-5] INFO  impl.RaftServerProxy (RaftServerProxy.java:remove(95)) - 396508a6-021e-4f53-afd2-417daf51af04: remove    LEADER 396508a6-021e-4f53-afd2-417daf51af04@group-3456CD3D7159:t1, leader=396508a6-021e-4f53-afd2-417daf51af04, voted=396508a6-021e-4f53-afd2-417daf51af04, raftlog=396508a6-021e-4f53-afd2-417daf51af04@group-3456CD3D7159-SegmentedRaftLog:OPENED:c0,f0,i0, conf=0: [396508a6-021e-4f53-afd2-417daf51af04:192.168.69.124:45746], old=null RUNNING
2019-11-11 20:28:18,838 [grpc-default-executor-5] INFO  impl.RaftServerImpl (RaftServerImpl.java:lambda$shutdown$3(250)) - 396508a6-021e-4f53-afd2-417daf51af04@group-3456CD3D7159: shutdown
2019-11-11 20:28:18,838 [grpc-default-executor-5] INFO  util.JmxRegister (JmxRegister.java:unregister(73)) - Successfully un-registered JMX Bean with object name Ratis:service=RaftServer,group=group-3456CD3D7159,id=396508a6-021e-4f53-afd2-417daf51af04
2019-11-11 20:28:18,839 [grpc-default-executor-5] INFO  impl.RoleInfo (RoleInfo.java:shutdownLeaderState(104)) - 396508a6-021e-4f53-afd2-417daf51af04: shutdown LeaderState
2019-11-11 20:28:18,839 [grpc-default-executor-5] INFO  impl.PendingRequests (PendingRequests.java:sendNotLeaderResponses(206)) - 396508a6-021e-4f53-afd2-417daf51af04@group-3456CD3D7159-PendingRequests: sendNotLeaderResponses
2019-11-11 20:28:18,839 [grpc-default-executor-5] INFO  impl.StateMachineUpdater (StateMachineUpdater.java:stopAndJoin(136)) - 396508a6-021e-4f53-afd2-417daf51af04@group-3456CD3D7159-StateMachineUpdater: set stopIndex = 0
2019-11-11 20:28:18,839 [grpc-default-executor-5] INFO  impl.RaftServerImpl (ServerState.java:close(387)) - 396508a6-021e-4f53-afd2-417daf51af04@group-3456CD3D7159: closes. applyIndex: 0
2019-11-11 20:28:18,839 [396508a6-021e-4f53-afd2-417daf51af04@group-3456CD3D7159-SegmentedRaftLogWorker] INFO  segmented.SegmentedRaftLogWorker (SegmentedRaftLogWorker.java:run(316)) - 396508a6-021e-4f53-afd2-417daf51af04@group-3456CD3D7159-SegmentedRaftLogWorker was interrupted, exiting. There are 0 tasks remaining in the queue.
2019-11-11 20:28:18,839 [grpc-default-executor-5] INFO  segmented.SegmentedRaftLogWorker (SegmentedRaftLogWorker.java:close(224)) - 396508a6-021e-4f53-afd2-417daf51af04@group-3456CD3D7159-SegmentedRaftLogWorker close()
2019-11-11 20:28:18,842 [Thread-4367] INFO  pipeline.PipelineStateManager (PipelineStateManager.java:removePipeline(106)) - Pipeline Pipeline[ Id: b16fa23c-7bae-46e9-be97-3456cd3d7159, Nodes: 396508a6-021e-4f53-afd2-417daf51af04{ip: 192.168.69.124, host: pr-hdds-1868-2776b-164702576, networkLocation: /rack1, certSerialId: null}, Type:RATIS, Factor:ONE, State:CLOSED] removed from db
2019-11-11 20:28:18,842 [Thread-4367] INFO  pipeline.SCMPipelineManager (SCMPipelineManager.java:finalizeAndDestroyPipeline(315)) - destroying pipeline:Pipeline[ Id: ad41858c-bfe6-47ae-b4b7-b5ccc9931c3f, Nodes: e0742d41-25ee-4eea-9579-711a01e64de1{ip: 192.168.69.124, host: pr-hdds-1868-2776b-164702576, networkLocation: /rack1, certSerialId: null}, Type:RATIS, Factor:ONE, State:OPEN]
2019-11-11 20:28:18,856 [grpc-default-executor-5] INFO  impl.RaftServerProxy (RaftServerProxy.java:addNew(89)) - 396508a6-021e-4f53-afd2-417daf51af04: addNew group-FF2A10B69E1D:[396508a6-021e-4f53-afd2-417daf51af04:192.168.69.124:45746] returns group-FF2A10B69E1D:java.util.concurrent.CompletableFuture@6d08719[Not completed]
2019-11-11 20:28:18,857 [pool-550-thread-1] INFO  impl.RaftServerImpl (RaftServerImpl.java:<init>(98)) - 396508a6-021e-4f53-afd2-417daf51af04: new RaftServerImpl for group-FF2A10B69E1D:[396508a6-021e-4f53-afd2-417daf51af04:192.168.69.124:45746] with ContainerStateMachine:uninitialized
2019-11-11 20:28:18,857 [pool-550-thread-1] INFO  server.RaftServerConfigKeys (ConfUtils.java:logGet(43)) - raft.server.rpc.timeout.min = 1s (custom)
2019-11-11 20:28:18,857 [pool-550-thread-1] INFO  server.RaftServerConfigKeys (ConfUtils.java:logGet(43)) - raft.server.rpc.timeout.max = 1200ms (custom)
2019-11-11 20:28:18,857 [pool-550-thread-1] INFO  server.RaftServerConfigKeys (ConfUtils.java:logGet(43)) - raft.server.rpcslowness.timeout = 120s (custom)
2019-11-11 20:28:18,858 [pool-550-thread-1] INFO  server.RaftServerConfigKeys (ConfUtils.java:logGet(43)) - raft.server.sleep.deviation.threshold = 300 (default)
2019-11-11 20:28:18,858 [pool-550-thread-1] INFO  server.RaftServerConfigKeys (ConfUtils.java:logGet(43)) - raft.server.log.appender.install.snapshot.enabled = false (custom)
2019-11-11 20:28:18,858 [pool-550-thread-1] INFO  impl.RaftServerImpl (ServerState.java:<init>(103)) - 396508a6-021e-4f53-afd2-417daf51af04@group-FF2A10B69E1D: ConfigurationManager, init=-1: [396508a6-021e-4f53-afd2-417daf51af04:192.168.69.124:45746], old=null, confs=<EMPTY_MAP>
2019-11-11 20:28:18,858 [pool-550-thread-1] INFO  server.RaftServerConfigKeys (ConfUtils.java:logGet(43)) - raft.server.storage.dir = [/workdir/hadoop-ozone/integration-test/target/test-dir/MiniOzoneClusterImpl-878a1954-6462-47b6-bdcc-bab86c556cb3/datanode-4/data/ratis] (custom)
2019-11-11 20:28:18,858 [pool-550-thread-1] INFO  server.RaftServerConfigKeys (ConfUtils.java:logGet(43)) - raft.server.log.corruption.policy = EXCEPTION (default)
2019-11-11 20:28:18,858 [pool-550-thread-1] INFO  storage.RaftStorageDirectory (RaftStorageDirectory.java:analyzeStorage(246)) - The storage directory /workdir/hadoop-ozone/integration-test/target/test-dir/MiniOzoneClusterImpl-878a1954-6462-47b6-bdcc-bab86c556cb3/datanode-4/data/ratis/51456249-2198-4705-8466-ff2a10b69e1d does not exist. Creating ...
2019-11-11 20:28:18,885 [pool-550-thread-1] INFO  storage.RaftStorageDirectory (RaftStorageDirectory.java:tryLock(328)) - Lock on /workdir/hadoop-ozone/integration-test/target/test-dir/MiniOzoneClusterImpl-878a1954-6462-47b6-bdcc-bab86c556cb3/datanode-4/data/ratis/51456249-2198-4705-8466-ff2a10b69e1d/in_use.lock acquired by nodename 3817@pr-hdds-1868-2776b-164702576
2019-11-11 20:28:18,911 [pool-550-thread-1] INFO  storage.RaftStorage (RaftStorage.java:format(84)) - Storage directory /workdir/hadoop-ozone/integration-test/target/test-dir/MiniOzoneClusterImpl-878a1954-6462-47b6-bdcc-bab86c556cb3/datanode-4/data/ratis/51456249-2198-4705-8466-ff2a10b69e1d has been successfully formatted.
2019-11-11 20:28:18,911 [pool-550-thread-1] INFO  ratis.ContainerStateMachine (ContainerStateMachine.java:loadSnapshot(223)) - group-FF2A10B69E1D: The snapshot info is null. Setting the last applied indexto:(t:0, i:~)
2019-11-11 20:28:18,911 [pool-550-thread-1] INFO  server.RaftServerConfigKeys (ConfUtils.java:logGet(43)) - raft.server.notification.no-leader.timeout = 120s (custom)
2019-11-11 20:28:18,911 [pool-550-thread-1] INFO  server.RaftServerConfigKeys (ConfUtils.java:logGet(43)) - raft.server.log.use.memory = false (default)
2019-11-11 20:28:18,911 [pool-550-thread-1] INFO  server.RaftServerConfigKeys (ConfUtils.java:logGet(43)) - raft.server.log.purge.gap = 1000000 (custom)
2019-11-11 20:28:18,912 [pool-550-thread-1] INFO  server.RaftServerConfigKeys (ConfUtils.java:logGet(43)) - raft.server.log.appender.buffer.byte-limit = 33554432 (custom)
2019-11-11 20:28:18,912 [pool-550-thread-1] INFO  server.RaftServerConfigKeys (ConfUtils.java:logGet(43)) - raft.server.log.segment.size.max = 1048576 (custom)
2019-11-11 20:28:18,912 [pool-550-thread-1] INFO  server.RaftServerConfigKeys (ConfUtils.java:logGet(43)) - raft.server.log.segment.cache.num.max = 2 (custom)
2019-11-11 20:28:18,912 [pool-550-thread-1] INFO  segmented.SegmentedRaftLogWorker (SegmentedRaftLogWorker.java:<init>(173)) - new 396508a6-021e-4f53-afd2-417daf51af04@group-FF2A10B69E1D-SegmentedRaftLogWorker for RaftStorage:Storage Directory /workdir/hadoop-ozone/integration-test/target/test-dir/MiniOzoneClusterImpl-878a1954-6462-47b6-bdcc-bab86c556cb3/datanode-4/data/ratis/51456249-2198-4705-8466-ff2a10b69e1d
2019-11-11 20:28:18,912 [pool-550-thread-1] INFO  server.RaftServerConfigKeys (ConfUtils.java:logGet(43)) - raft.server.log.queue.byte-limit = 2147483647 (custom)
2019-11-11 20:28:18,912 [pool-550-thread-1] INFO  server.RaftServerConfigKeys (ConfUtils.java:logGet(43)) - raft.server.log.queue.element-limit = 1024 (custom)
2019-11-11 20:28:18,912 [pool-550-thread-1] INFO  server.RaftServerConfigKeys (ConfUtils.java:logGet(43)) - raft.server.log.segment.size.max = 1048576 (custom)
2019-11-11 20:28:18,912 [pool-550-thread-1] INFO  server.RaftServerConfigKeys (ConfUtils.java:logGet(43)) - raft.server.log.preallocated.size = 16384 (custom)
2019-11-11 20:28:18,912 [pool-550-thread-1] INFO  server.RaftServerConfigKeys (ConfUtils.java:logGet(43)) - raft.server.log.write.buffer.size = 33554432 (custom)
2019-11-11 20:28:18,912 [pool-550-thread-1] INFO  server.RaftServerConfigKeys (ConfUtils.java:logGet(43)) - raft.server.log.force.sync.num = 128 (default)
2019-11-11 20:28:18,913 [pool-550-thread-1] INFO  server.RaftServerConfigKeys (ConfUtils.java:logGet(43)) - raft.server.log.statemachine.data.sync = true (default)
2019-11-11 20:28:18,913 [pool-550-thread-1] INFO  server.RaftServerConfigKeys (ConfUtils.java:logGet(43)) - raft.server.log.statemachine.data.sync.timeout = 10s (default)
2019-11-11 20:28:18,913 [pool-550-thread-1] INFO  server.RaftServerConfigKeys (ConfUtils.java:logGet(43)) - raft.server.log.statemachine.data.sync.timeout.retry = -1 (default)
2019-11-11 20:28:18,913 [pool-550-thread-1] INFO  server.RaftServerConfigKeys (ConfUtils.java:logGet(43)) - raft.server.log.statemachine.data.caching.enabled = true (custom)
2019-11-11 20:28:18,913 [pool-550-thread-1] INFO  segmented.SegmentedRaftLogWorker (SegmentedRaftLogWorker.java:lambda$new$0(128)) - 396508a6-021e-4f53-afd2-417daf51af04@group-FF2A10B69E1D-SegmentedRaftLogWorker: flushIndex: setUnconditionally 0 -> -1
2019-11-11 20:28:18,913 [pool-550-thread-1] INFO  server.RaftServerConfigKeys (ConfUtils.java:logGet(43)) - raft.server.snapshot.auto.trigger.enabled = true (custom)
2019-11-11 20:28:18,913 [pool-550-thread-1] INFO  server.RaftServerConfigKeys (ConfUtils.java:logGet(43)) - raft.server.snapshot.auto.trigger.threshold = 10000 (custom)
2019-11-11 20:28:18,914 [pool-550-thread-1] INFO  server.RaftServerConfigKeys (ConfUtils.java:logGet(43)) - raft.server.snapshot.retention.file.num = 5 (custom)
2019-11-11 20:28:18,914 [pool-550-thread-1] INFO  server.RaftServerConfigKeys (ConfUtils.java:logGet(43)) - raft.server.retrycache.expirytime = 600000ms (custom)
2019-11-11 20:28:18,914 [pool-550-thread-1] WARN  impl.MetricRegistriesImpl (MetricRegistriesImpl.java:lambda$create$1(61)) - First MetricRegistry has been created without registering reporters. You may need to call MetricRegistries.global().addReportRegistration(...) before.
2019-11-11 20:28:18,914 [pool-550-thread-1] WARN  impl.MetricRegistriesImpl (MetricRegistriesImpl.java:lambda$create$1(61)) - First MetricRegistry has been created without registering reporters. You may need to call MetricRegistries.global().addReportRegistration(...) before.
2019-11-11 20:28:18,914 [pool-550-thread-1] INFO  impl.RaftServerImpl (RaftServerImpl.java:start(184)) - 396508a6-021e-4f53-afd2-417daf51af04@group-FF2A10B69E1D: start as a follower, conf=-1: [396508a6-021e-4f53-afd2-417daf51af04:192.168.69.124:45746], old=null
2019-11-11 20:28:18,914 [pool-550-thread-1] INFO  impl.RaftServerImpl (RaftServerImpl.java:setRole(173)) - 396508a6-021e-4f53-afd2-417daf51af04@group-FF2A10B69E1D: changes role from      null to FOLLOWER at term 0 for startAsFollower
2019-11-11 20:28:18,914 [pool-550-thread-1] INFO  impl.RoleInfo (RoleInfo.java:updateAndGet(143)) - 396508a6-021e-4f53-afd2-417daf51af04: start FollowerState
2019-11-11 20:28:18,915 [pool-550-thread-1] INFO  util.JmxRegister (JmxRegister.java:tryRegister(44)) - Successfully registered JMX Bean with object name Ratis:service=RaftServer,group=group-FF2A10B69E1D,id=396508a6-021e-4f53-afd2-417daf51af04
2019-11-11 20:28:18,915 [pool-550-thread-1] WARN  impl.MetricRegistriesImpl (MetricRegistriesImpl.java:lambda$create$1(61)) - First MetricRegistry has been created without registering reporters. You may need to call MetricRegistries.global().addReportRegistration(...) before.
2019-11-11 20:28:18,918 [RatisPipelineUtilsThread] INFO  pipeline.PipelineStateManager (PipelineStateManager.java:addPipeline(55)) - Created pipeline Pipeline[ Id: 51456249-2198-4705-8466-ff2a10b69e1d, Nodes: 396508a6-021e-4f53-afd2-417daf51af04{ip: 192.168.69.124, host: pr-hdds-1868-2776b-164702576, networkLocation: /rack1, certSerialId: null}, Type:RATIS, Factor:ONE, State:ALLOCATED]
2019-11-11 20:28:18,919 [Thread-4367] INFO  pipeline.PipelineStateManager (PipelineStateManager.java:finalizePipeline(121)) - Pipeline Pipeline[ Id: ad41858c-bfe6-47ae-b4b7-b5ccc9931c3f, Nodes: e0742d41-25ee-4eea-9579-711a01e64de1{ip: 192.168.69.124, host: pr-hdds-1868-2776b-164702576, networkLocation: /rack1, certSerialId: null}, Type:RATIS, Factor:ONE, State:CLOSED] moved to CLOSED state
2019-11-11 20:28:18,922 [grpc-default-executor-5] INFO  impl.RaftServerProxy (RaftServerProxy.java:remove(95)) - e0742d41-25ee-4eea-9579-711a01e64de1: remove    LEADER e0742d41-25ee-4eea-9579-711a01e64de1@group-B5CCC9931C3F:t1, leader=e0742d41-25ee-4eea-9579-711a01e64de1, voted=e0742d41-25ee-4eea-9579-711a01e64de1, raftlog=e0742d41-25ee-4eea-9579-711a01e64de1@group-B5CCC9931C3F-SegmentedRaftLog:OPENED:c0,f0,i0, conf=0: [e0742d41-25ee-4eea-9579-711a01e64de1:192.168.69.124:44547], old=null RUNNING
2019-11-11 20:28:18,922 [grpc-default-executor-5] INFO  impl.RaftServerImpl (RaftServerImpl.java:lambda$shutdown$3(250)) - e0742d41-25ee-4eea-9579-711a01e64de1@group-B5CCC9931C3F: shutdown
2019-11-11 20:28:18,922 [grpc-default-executor-5] INFO  util.JmxRegister (JmxRegister.java:unregister(73)) - Successfully un-registered JMX Bean with object name Ratis:service=RaftServer,group=group-B5CCC9931C3F,id=e0742d41-25ee-4eea-9579-711a01e64de1
2019-11-11 20:28:18,922 [grpc-default-executor-5] INFO  impl.RoleInfo (RoleInfo.java:shutdownLeaderState(104)) - e0742d41-25ee-4eea-9579-711a01e64de1: shutdown LeaderState
2019-11-11 20:28:18,922 [grpc-default-executor-5] INFO  impl.PendingRequests (PendingRequests.java:sendNotLeaderResponses(206)) - e0742d41-25ee-4eea-9579-711a01e64de1@group-B5CCC9931C3F-PendingRequests: sendNotLeaderResponses
2019-11-11 20:28:18,922 [grpc-default-executor-5] INFO  impl.StateMachineUpdater (StateMachineUpdater.java:stopAndJoin(136)) - e0742d41-25ee-4eea-9579-711a01e64de1@group-B5CCC9931C3F-StateMachineUpdater: set stopIndex = 0
2019-11-11 20:28:18,923 [grpc-default-executor-5] INFO  impl.RaftServerImpl (ServerState.java:close(387)) - e0742d41-25ee-4eea-9579-711a01e64de1@group-B5CCC9931C3F: closes. applyIndex: 0
2019-11-11 20:28:18,923 [e0742d41-25ee-4eea-9579-711a01e64de1@group-B5CCC9931C3F-SegmentedRaftLogWorker] INFO  segmented.SegmentedRaftLogWorker (SegmentedRaftLogWorker.java:run(316)) - e0742d41-25ee-4eea-9579-711a01e64de1@group-B5CCC9931C3F-SegmentedRaftLogWorker was interrupted, exiting. There are 0 tasks remaining in the queue.
2019-11-11 20:28:18,923 [grpc-default-executor-5] INFO  segmented.SegmentedRaftLogWorker (SegmentedRaftLogWorker.java:close(224)) - e0742d41-25ee-4eea-9579-711a01e64de1@group-B5CCC9931C3F-SegmentedRaftLogWorker close()
2019-11-11 20:28:18,926 [Thread-4367] INFO  pipeline.PipelineStateManager (PipelineStateManager.java:removePipeline(106)) - Pipeline Pipeline[ Id: ad41858c-bfe6-47ae-b4b7-b5ccc9931c3f, Nodes: e0742d41-25ee-4eea-9579-711a01e64de1{ip: 192.168.69.124, host: pr-hdds-1868-2776b-164702576, networkLocation: /rack1, certSerialId: null}, Type:RATIS, Factor:ONE, State:CLOSED] removed from db
2019-11-11 20:28:18,926 [Thread-4367] INFO  pipeline.SCMPipelineManager (SCMPipelineManager.java:finalizeAndDestroyPipeline(315)) - destroying pipeline:Pipeline[ Id: e080d1c6-7852-4bfb-9be8-cfd70872c0d0, Nodes: 4ee8c297-07ef-4ca0-9e53-65cba3c36712{ip: 192.168.69.124, host: pr-hdds-1868-2776b-164702576, networkLocation: /rack1, certSerialId: null}, Type:RATIS, Factor:ONE, State:OPEN]
2019-11-11 20:28:18,928 [grpc-default-executor-5] INFO  impl.RaftServerProxy (RaftServerProxy.java:addNew(89)) - e0742d41-25ee-4eea-9579-711a01e64de1: addNew group-C2947F1A8D1F:[e0742d41-25ee-4eea-9579-711a01e64de1:192.168.69.124:44547] returns group-C2947F1A8D1F:java.util.concurrent.CompletableFuture@4d18de13[Not completed]
2019-11-11 20:28:18,929 [pool-510-thread-1] INFO  impl.RaftServerImpl (RaftServerImpl.java:<init>(98)) - e0742d41-25ee-4eea-9579-711a01e64de1: new RaftServerImpl for group-C2947F1A8D1F:[e0742d41-25ee-4eea-9579-711a01e64de1:192.168.69.124:44547] with ContainerStateMachine:uninitialized
2019-11-11 20:28:18,930 [pool-510-thread-1] INFO  server.RaftServerConfigKeys (ConfUtils.java:logGet(43)) - raft.server.rpc.timeout.min = 1s (custom)
2019-11-11 20:28:18,930 [pool-510-thread-1] INFO  server.RaftServerConfigKeys (ConfUtils.java:logGet(43)) - raft.server.rpc.timeout.max = 1200ms (custom)
2019-11-11 20:28:18,930 [pool-510-thread-1] INFO  server.RaftServerConfigKeys (ConfUtils.java:logGet(43)) - raft.server.rpcslowness.timeout = 120s (custom)
2019-11-11 20:28:18,930 [pool-510-thread-1] INFO  server.RaftServerConfigKeys (ConfUtils.java:logGet(43)) - raft.server.sleep.deviation.threshold = 300 (default)
2019-11-11 20:28:18,930 [pool-510-thread-1] INFO  server.RaftServerConfigKeys (ConfUtils.java:logGet(43)) - raft.server.log.appender.install.snapshot.enabled = false (custom)
2019-11-11 20:28:18,930 [pool-510-thread-1] INFO  impl.RaftServerImpl (ServerState.java:<init>(103)) - e0742d41-25ee-4eea-9579-711a01e64de1@group-C2947F1A8D1F: ConfigurationManager, init=-1: [e0742d41-25ee-4eea-9579-711a01e64de1:192.168.69.124:44547], old=null, confs=<EMPTY_MAP>
2019-11-11 20:28:18,930 [pool-510-thread-1] INFO  server.RaftServerConfigKeys (ConfUtils.java:logGet(43)) - raft.server.storage.dir = [/workdir/hadoop-ozone/integration-test/target/test-dir/MiniOzoneClusterImpl-878a1954-6462-47b6-bdcc-bab86c556cb3/datanode-0/data/ratis] (custom)
2019-11-11 20:28:18,931 [pool-510-thread-1] INFO  server.RaftServerConfigKeys (ConfUtils.java:logGet(43)) - raft.server.log.corruption.policy = EXCEPTION (default)
2019-11-11 20:28:18,931 [pool-510-thread-1] INFO  storage.RaftStorageDirectory (RaftStorageDirectory.java:analyzeStorage(246)) - The storage directory /workdir/hadoop-ozone/integration-test/target/test-dir/MiniOzoneClusterImpl-878a1954-6462-47b6-bdcc-bab86c556cb3/datanode-0/data/ratis/c7901965-a566-4f8f-95d6-c2947f1a8d1f does not exist. Creating ...
2019-11-11 20:28:18,953 [pool-510-thread-1] INFO  storage.RaftStorageDirectory (RaftStorageDirectory.java:tryLock(328)) - Lock on /workdir/hadoop-ozone/integration-test/target/test-dir/MiniOzoneClusterImpl-878a1954-6462-47b6-bdcc-bab86c556cb3/datanode-0/data/ratis/c7901965-a566-4f8f-95d6-c2947f1a8d1f/in_use.lock acquired by nodename 3817@pr-hdds-1868-2776b-164702576
2019-11-11 20:28:18,979 [pool-510-thread-1] INFO  storage.RaftStorage (RaftStorage.java:format(84)) - Storage directory /workdir/hadoop-ozone/integration-test/target/test-dir/MiniOzoneClusterImpl-878a1954-6462-47b6-bdcc-bab86c556cb3/datanode-0/data/ratis/c7901965-a566-4f8f-95d6-c2947f1a8d1f has been successfully formatted.
2019-11-11 20:28:18,979 [pool-510-thread-1] INFO  ratis.ContainerStateMachine (ContainerStateMachine.java:loadSnapshot(223)) - group-C2947F1A8D1F: The snapshot info is null. Setting the last applied indexto:(t:0, i:~)
2019-11-11 20:28:18,979 [pool-510-thread-1] INFO  server.RaftServerConfigKeys (ConfUtils.java:logGet(43)) - raft.server.notification.no-leader.timeout = 120s (custom)
2019-11-11 20:28:18,979 [pool-510-thread-1] INFO  server.RaftServerConfigKeys (ConfUtils.java:logGet(43)) - raft.server.log.use.memory = false (default)
2019-11-11 20:28:18,979 [pool-510-thread-1] INFO  server.RaftServerConfigKeys (ConfUtils.java:logGet(43)) - raft.server.log.purge.gap = 1000000 (custom)
2019-11-11 20:28:18,980 [pool-510-thread-1] INFO  server.RaftServerConfigKeys (ConfUtils.java:logGet(43)) - raft.server.log.appender.buffer.byte-limit = 33554432 (custom)
2019-11-11 20:28:18,980 [pool-510-thread-1] INFO  server.RaftServerConfigKeys (ConfUtils.java:logGet(43)) - raft.server.log.segment.size.max = 1048576 (custom)
2019-11-11 20:28:18,980 [pool-510-thread-1] INFO  server.RaftServerConfigKeys (ConfUtils.java:logGet(43)) - raft.server.log.segment.cache.num.max = 2 (custom)
2019-11-11 20:28:18,980 [pool-510-thread-1] INFO  segmented.SegmentedRaftLogWorker (SegmentedRaftLogWorker.java:<init>(173)) - new e0742d41-25ee-4eea-9579-711a01e64de1@group-C2947F1A8D1F-SegmentedRaftLogWorker for RaftStorage:Storage Directory /workdir/hadoop-ozone/integration-test/target/test-dir/MiniOzoneClusterImpl-878a1954-6462-47b6-bdcc-bab86c556cb3/datanode-0/data/ratis/c7901965-a566-4f8f-95d6-c2947f1a8d1f
2019-11-11 20:28:18,980 [pool-510-thread-1] INFO  server.RaftServerConfigKeys (ConfUtils.java:logGet(43)) - raft.server.log.queue.byte-limit = 2147483647 (custom)
2019-11-11 20:28:18,980 [pool-510-thread-1] INFO  server.RaftServerConfigKeys (ConfUtils.java:logGet(43)) - raft.server.log.queue.element-limit = 1024 (custom)
2019-11-11 20:28:18,980 [pool-510-thread-1] INFO  server.RaftServerConfigKeys (ConfUtils.java:logGet(43)) - raft.server.log.segment.size.max = 1048576 (custom)
2019-11-11 20:28:18,980 [pool-510-thread-1] INFO  server.RaftServerConfigKeys (ConfUtils.java:logGet(43)) - raft.server.log.preallocated.size = 16384 (custom)
2019-11-11 20:28:18,981 [pool-510-thread-1] INFO  server.RaftServerConfigKeys (ConfUtils.java:logGet(43)) - raft.server.log.write.buffer.size = 33554432 (custom)
2019-11-11 20:28:18,981 [pool-510-thread-1] INFO  server.RaftServerConfigKeys (ConfUtils.java:logGet(43)) - raft.server.log.force.sync.num = 128 (default)
2019-11-11 20:28:18,981 [pool-510-thread-1] INFO  server.RaftServerConfigKeys (ConfUtils.java:logGet(43)) - raft.server.log.statemachine.data.sync = true (default)
2019-11-11 20:28:18,981 [pool-510-thread-1] INFO  server.RaftServerConfigKeys (ConfUtils.java:logGet(43)) - raft.server.log.statemachine.data.sync.timeout = 10s (default)
2019-11-11 20:28:18,981 [pool-510-thread-1] INFO  server.RaftServerConfigKeys (ConfUtils.java:logGet(43)) - raft.server.log.statemachine.data.sync.timeout.retry = -1 (default)
2019-11-11 20:28:18,981 [pool-510-thread-1] INFO  server.RaftServerConfigKeys (ConfUtils.java:logGet(43)) - raft.server.log.statemachine.data.caching.enabled = true (custom)
2019-11-11 20:28:18,982 [pool-510-thread-1] INFO  segmented.SegmentedRaftLogWorker (SegmentedRaftLogWorker.java:lambda$new$0(128)) - e0742d41-25ee-4eea-9579-711a01e64de1@group-C2947F1A8D1F-SegmentedRaftLogWorker: flushIndex: setUnconditionally 0 -> -1
2019-11-11 20:28:18,982 [pool-510-thread-1] INFO  server.RaftServerConfigKeys (ConfUtils.java:logGet(43)) - raft.server.snapshot.auto.trigger.enabled = true (custom)
2019-11-11 20:28:18,982 [pool-510-thread-1] INFO  server.RaftServerConfigKeys (ConfUtils.java:logGet(43)) - raft.server.snapshot.auto.trigger.threshold = 10000 (custom)
2019-11-11 20:28:18,982 [pool-510-thread-1] INFO  server.RaftServerConfigKeys (ConfUtils.java:logGet(43)) - raft.server.snapshot.retention.file.num = 5 (custom)
2019-11-11 20:28:18,982 [pool-510-thread-1] INFO  server.RaftServerConfigKeys (ConfUtils.java:logGet(43)) - raft.server.retrycache.expirytime = 600000ms (custom)
2019-11-11 20:28:18,982 [pool-510-thread-1] WARN  impl.MetricRegistriesImpl (MetricRegistriesImpl.java:lambda$create$1(61)) - First MetricRegistry has been created without registering reporters. You may need to call MetricRegistries.global().addReportRegistration(...) before.
2019-11-11 20:28:18,983 [pool-510-thread-1] WARN  impl.MetricRegistriesImpl (MetricRegistriesImpl.java:lambda$create$1(61)) - First MetricRegistry has been created without registering reporters. You may need to call MetricRegistries.global().addReportRegistration(...) before.
2019-11-11 20:28:18,983 [pool-510-thread-1] INFO  impl.RaftServerImpl (RaftServerImpl.java:start(184)) - e0742d41-25ee-4eea-9579-711a01e64de1@group-C2947F1A8D1F: start as a follower, conf=-1: [e0742d41-25ee-4eea-9579-711a01e64de1:192.168.69.124:44547], old=null
2019-11-11 20:28:18,983 [pool-510-thread-1] INFO  impl.RaftServerImpl (RaftServerImpl.java:setRole(173)) - e0742d41-25ee-4eea-9579-711a01e64de1@group-C2947F1A8D1F: changes role from      null to FOLLOWER at term 0 for startAsFollower
2019-11-11 20:28:18,983 [pool-510-thread-1] INFO  impl.RoleInfo (RoleInfo.java:updateAndGet(143)) - e0742d41-25ee-4eea-9579-711a01e64de1: start FollowerState
2019-11-11 20:28:18,983 [pool-510-thread-1] INFO  util.JmxRegister (JmxRegister.java:tryRegister(44)) - Successfully registered JMX Bean with object name Ratis:service=RaftServer,group=group-C2947F1A8D1F,id=e0742d41-25ee-4eea-9579-711a01e64de1
2019-11-11 20:28:18,983 [pool-510-thread-1] WARN  impl.MetricRegistriesImpl (MetricRegistriesImpl.java:lambda$create$1(61)) - First MetricRegistry has been created without registering reporters. You may need to call MetricRegistries.global().addReportRegistration(...) before.
2019-11-11 20:28:18,986 [RatisPipelineUtilsThread] INFO  pipeline.PipelineStateManager (PipelineStateManager.java:addPipeline(55)) - Created pipeline Pipeline[ Id: c7901965-a566-4f8f-95d6-c2947f1a8d1f, Nodes: e0742d41-25ee-4eea-9579-711a01e64de1{ip: 192.168.69.124, host: pr-hdds-1868-2776b-164702576, networkLocation: /rack1, certSerialId: null}, Type:RATIS, Factor:ONE, State:ALLOCATED]
2019-11-11 20:28:18,986 [Thread-4367] INFO  pipeline.PipelineStateManager (PipelineStateManager.java:finalizePipeline(121)) - Pipeline Pipeline[ Id: e080d1c6-7852-4bfb-9be8-cfd70872c0d0, Nodes: 4ee8c297-07ef-4ca0-9e53-65cba3c36712{ip: 192.168.69.124, host: pr-hdds-1868-2776b-164702576, networkLocation: /rack1, certSerialId: null}, Type:RATIS, Factor:ONE, State:CLOSED] moved to CLOSED state
2019-11-11 20:28:18,992 [grpc-default-executor-5] INFO  impl.RaftServerProxy (RaftServerProxy.java:remove(95)) - 4ee8c297-07ef-4ca0-9e53-65cba3c36712: remove    LEADER 4ee8c297-07ef-4ca0-9e53-65cba3c36712@group-CFD70872C0D0:t1, leader=4ee8c297-07ef-4ca0-9e53-65cba3c36712, voted=4ee8c297-07ef-4ca0-9e53-65cba3c36712, raftlog=4ee8c297-07ef-4ca0-9e53-65cba3c36712@group-CFD70872C0D0-SegmentedRaftLog:OPENED:c0,f0,i0, conf=0: [4ee8c297-07ef-4ca0-9e53-65cba3c36712:192.168.69.124:36407], old=null RUNNING
2019-11-11 20:28:18,992 [grpc-default-executor-5] INFO  impl.RaftServerImpl (RaftServerImpl.java:lambda$shutdown$3(250)) - 4ee8c297-07ef-4ca0-9e53-65cba3c36712@group-CFD70872C0D0: shutdown
2019-11-11 20:28:18,992 [grpc-default-executor-5] INFO  util.JmxRegister (JmxRegister.java:unregister(73)) - Successfully un-registered JMX Bean with object name Ratis:service=RaftServer,group=group-CFD70872C0D0,id=4ee8c297-07ef-4ca0-9e53-65cba3c36712
2019-11-11 20:28:18,992 [grpc-default-executor-5] INFO  impl.RoleInfo (RoleInfo.java:shutdownLeaderState(104)) - 4ee8c297-07ef-4ca0-9e53-65cba3c36712: shutdown LeaderState
2019-11-11 20:28:18,992 [grpc-default-executor-5] INFO  impl.PendingRequests (PendingRequests.java:sendNotLeaderResponses(206)) - 4ee8c297-07ef-4ca0-9e53-65cba3c36712@group-CFD70872C0D0-PendingRequests: sendNotLeaderResponses
2019-11-11 20:28:18,993 [grpc-default-executor-5] INFO  impl.StateMachineUpdater (StateMachineUpdater.java:stopAndJoin(136)) - 4ee8c297-07ef-4ca0-9e53-65cba3c36712@group-CFD70872C0D0-StateMachineUpdater: set stopIndex = 0
2019-11-11 20:28:18,993 [grpc-default-executor-5] INFO  impl.RaftServerImpl (ServerState.java:close(387)) - 4ee8c297-07ef-4ca0-9e53-65cba3c36712@group-CFD70872C0D0: closes. applyIndex: 0
2019-11-11 20:28:18,993 [4ee8c297-07ef-4ca0-9e53-65cba3c36712@group-CFD70872C0D0-SegmentedRaftLogWorker] INFO  segmented.SegmentedRaftLogWorker (SegmentedRaftLogWorker.java:run(316)) - 4ee8c297-07ef-4ca0-9e53-65cba3c36712@group-CFD70872C0D0-SegmentedRaftLogWorker was interrupted, exiting. There are 0 tasks remaining in the queue.
2019-11-11 20:28:18,993 [grpc-default-executor-5] INFO  segmented.SegmentedRaftLogWorker (SegmentedRaftLogWorker.java:close(224)) - 4ee8c297-07ef-4ca0-9e53-65cba3c36712@group-CFD70872C0D0-SegmentedRaftLogWorker close()
2019-11-11 20:28:18,995 [Thread-4367] INFO  pipeline.PipelineStateManager (PipelineStateManager.java:removePipeline(106)) - Pipeline Pipeline[ Id: e080d1c6-7852-4bfb-9be8-cfd70872c0d0, Nodes: 4ee8c297-07ef-4ca0-9e53-65cba3c36712{ip: 192.168.69.124, host: pr-hdds-1868-2776b-164702576, networkLocation: /rack1, certSerialId: null}, Type:RATIS, Factor:ONE, State:CLOSED] removed from db
2019-11-11 20:28:18,995 [Thread-4367] INFO  pipeline.SCMPipelineManager (SCMPipelineManager.java:finalizeAndDestroyPipeline(315)) - destroying pipeline:Pipeline[ Id: a221511a-bb80-4d32-9692-e7c0f518e9de, Nodes: 6ca76b85-30a3-47b0-8ec4-51f6d05896eb{ip: 192.168.69.124, host: pr-hdds-1868-2776b-164702576, networkLocation: /rack1, certSerialId: null}, Type:RATIS, Factor:ONE, State:OPEN]
2019-11-11 20:28:18,998 [grpc-default-executor-5] INFO  impl.RaftServerProxy (RaftServerProxy.java:addNew(89)) - 4ee8c297-07ef-4ca0-9e53-65cba3c36712: addNew group-7560D6A3F2A9:[4ee8c297-07ef-4ca0-9e53-65cba3c36712:192.168.69.124:36407] returns group-7560D6A3F2A9:java.util.concurrent.CompletableFuture@385887ed[Not completed]
2019-11-11 20:28:18,999 [pool-600-thread-1] INFO  impl.RaftServerImpl (RaftServerImpl.java:<init>(98)) - 4ee8c297-07ef-4ca0-9e53-65cba3c36712: new RaftServerImpl for group-7560D6A3F2A9:[4ee8c297-07ef-4ca0-9e53-65cba3c36712:192.168.69.124:36407] with ContainerStateMachine:uninitialized
2019-11-11 20:28:19,000 [pool-600-thread-1] INFO  server.RaftServerConfigKeys (ConfUtils.java:logGet(43)) - raft.server.rpc.timeout.min = 1s (custom)
2019-11-11 20:28:19,000 [pool-600-thread-1] INFO  server.RaftServerConfigKeys (ConfUtils.java:logGet(43)) - raft.server.rpc.timeout.max = 1200ms (custom)
2019-11-11 20:28:19,000 [pool-600-thread-1] INFO  server.RaftServerConfigKeys (ConfUtils.java:logGet(43)) - raft.server.rpcslowness.timeout = 120s (custom)
2019-11-11 20:28:19,000 [pool-600-thread-1] INFO  server.RaftServerConfigKeys (ConfUtils.java:logGet(43)) - raft.server.sleep.deviation.threshold = 300 (default)
2019-11-11 20:28:19,000 [pool-600-thread-1] INFO  server.RaftServerConfigKeys (ConfUtils.java:logGet(43)) - raft.server.log.appender.install.snapshot.enabled = false (custom)
2019-11-11 20:28:19,000 [pool-600-thread-1] INFO  impl.RaftServerImpl (ServerState.java:<init>(103)) - 4ee8c297-07ef-4ca0-9e53-65cba3c36712@group-7560D6A3F2A9: ConfigurationManager, init=-1: [4ee8c297-07ef-4ca0-9e53-65cba3c36712:192.168.69.124:36407], old=null, confs=<EMPTY_MAP>
2019-11-11 20:28:19,000 [pool-600-thread-1] INFO  server.RaftServerConfigKeys (ConfUtils.java:logGet(43)) - raft.server.storage.dir = [/workdir/hadoop-ozone/integration-test/target/test-dir/MiniOzoneClusterImpl-878a1954-6462-47b6-bdcc-bab86c556cb3/datanode-9/data/ratis] (custom)
2019-11-11 20:28:19,001 [pool-600-thread-1] INFO  server.RaftServerConfigKeys (ConfUtils.java:logGet(43)) - raft.server.log.corruption.policy = EXCEPTION (default)
2019-11-11 20:28:19,001 [pool-600-thread-1] INFO  storage.RaftStorageDirectory (RaftStorageDirectory.java:analyzeStorage(246)) - The storage directory /workdir/hadoop-ozone/integration-test/target/test-dir/MiniOzoneClusterImpl-878a1954-6462-47b6-bdcc-bab86c556cb3/datanode-9/data/ratis/5d218335-268f-4a9d-9ed9-7560d6a3f2a9 does not exist. Creating ...
2019-11-11 20:28:19,029 [pool-600-thread-1] INFO  storage.RaftStorageDirectory (RaftStorageDirectory.java:tryLock(328)) - Lock on /workdir/hadoop-ozone/integration-test/target/test-dir/MiniOzoneClusterImpl-878a1954-6462-47b6-bdcc-bab86c556cb3/datanode-9/data/ratis/5d218335-268f-4a9d-9ed9-7560d6a3f2a9/in_use.lock acquired by nodename 3817@pr-hdds-1868-2776b-164702576
2019-11-11 20:28:19,043 [Thread-4513] INFO  impl.FollowerState (FollowerState.java:run(111)) - 6ca76b85-30a3-47b0-8ec4-51f6d05896eb@group-822749236D28-FollowerState: change to CANDIDATE, lastRpcTime:1003ms, electionTimeout:1003ms
2019-11-11 20:28:19,043 [Thread-4513] INFO  impl.RoleInfo (RoleInfo.java:shutdownFollowerState(121)) - 6ca76b85-30a3-47b0-8ec4-51f6d05896eb: shutdown FollowerState
2019-11-11 20:28:19,043 [Thread-4513] INFO  impl.RaftServerImpl (RaftServerImpl.java:setRole(173)) - 6ca76b85-30a3-47b0-8ec4-51f6d05896eb@group-822749236D28: changes role from  FOLLOWER to CANDIDATE at term 0 for changeToCandidate
2019-11-11 20:28:19,043 [Thread-4513] INFO  impl.RoleInfo (RoleInfo.java:updateAndGet(143)) - 6ca76b85-30a3-47b0-8ec4-51f6d05896eb: start LeaderElection
2019-11-11 20:28:19,058 [pool-600-thread-1] INFO  storage.RaftStorage (RaftStorage.java:format(84)) - Storage directory /workdir/hadoop-ozone/integration-test/target/test-dir/MiniOzoneClusterImpl-878a1954-6462-47b6-bdcc-bab86c556cb3/datanode-9/data/ratis/5d218335-268f-4a9d-9ed9-7560d6a3f2a9 has been successfully formatted.
2019-11-11 20:28:19,058 [pool-600-thread-1] INFO  ratis.ContainerStateMachine (ContainerStateMachine.java:loadSnapshot(223)) - group-7560D6A3F2A9: The snapshot info is null. Setting the last applied indexto:(t:0, i:~)
2019-11-11 20:28:19,058 [pool-600-thread-1] INFO  server.RaftServerConfigKeys (ConfUtils.java:logGet(43)) - raft.server.notification.no-leader.timeout = 120s (custom)
2019-11-11 20:28:19,058 [pool-600-thread-1] INFO  server.RaftServerConfigKeys (ConfUtils.java:logGet(43)) - raft.server.log.use.memory = false (default)
2019-11-11 20:28:19,058 [pool-600-thread-1] INFO  server.RaftServerConfigKeys (ConfUtils.java:logGet(43)) - raft.server.log.purge.gap = 1000000 (custom)
2019-11-11 20:28:19,058 [pool-600-thread-1] INFO  server.RaftServerConfigKeys (ConfUtils.java:logGet(43)) - raft.server.log.appender.buffer.byte-limit = 33554432 (custom)
2019-11-11 20:28:19,059 [pool-600-thread-1] INFO  server.RaftServerConfigKeys (ConfUtils.java:logGet(43)) - raft.server.log.segment.size.max = 1048576 (custom)
2019-11-11 20:28:19,059 [pool-600-thread-1] INFO  server.RaftServerConfigKeys (ConfUtils.java:logGet(43)) - raft.server.log.segment.cache.num.max = 2 (custom)
2019-11-11 20:28:19,059 [pool-600-thread-1] INFO  segmented.SegmentedRaftLogWorker (SegmentedRaftLogWorker.java:<init>(173)) - new 4ee8c297-07ef-4ca0-9e53-65cba3c36712@group-7560D6A3F2A9-SegmentedRaftLogWorker for RaftStorage:Storage Directory /workdir/hadoop-ozone/integration-test/target/test-dir/MiniOzoneClusterImpl-878a1954-6462-47b6-bdcc-bab86c556cb3/datanode-9/data/ratis/5d218335-268f-4a9d-9ed9-7560d6a3f2a9
2019-11-11 20:28:19,059 [pool-600-thread-1] INFO  server.RaftServerConfigKeys (ConfUtils.java:logGet(43)) - raft.server.log.queue.byte-limit = 2147483647 (custom)
2019-11-11 20:28:19,059 [pool-600-thread-1] INFO  server.RaftServerConfigKeys (ConfUtils.java:logGet(43)) - raft.server.log.queue.element-limit = 1024 (custom)
2019-11-11 20:28:19,059 [pool-600-thread-1] INFO  server.RaftServerConfigKeys (ConfUtils.java:logGet(43)) - raft.server.log.segment.size.max = 1048576 (custom)
2019-11-11 20:28:19,059 [pool-600-thread-1] INFO  server.RaftServerConfigKeys (ConfUtils.java:logGet(43)) - raft.server.log.preallocated.size = 16384 (custom)
2019-11-11 20:28:19,059 [pool-600-thread-1] INFO  server.RaftServerConfigKeys (ConfUtils.java:logGet(43)) - raft.server.log.write.buffer.size = 33554432 (custom)
2019-11-11 20:28:19,060 [pool-600-thread-1] INFO  server.RaftServerConfigKeys (ConfUtils.java:logGet(43)) - raft.server.log.force.sync.num = 128 (default)
2019-11-11 20:28:19,060 [pool-600-thread-1] INFO  server.RaftServerConfigKeys (ConfUtils.java:logGet(43)) - raft.server.log.statemachine.data.sync = true (default)
2019-11-11 20:28:19,060 [pool-600-thread-1] INFO  server.RaftServerConfigKeys (ConfUtils.java:logGet(43)) - raft.server.log.statemachine.data.sync.timeout = 10s (default)
2019-11-11 20:28:19,060 [pool-600-thread-1] INFO  server.RaftServerConfigKeys (ConfUtils.java:logGet(43)) - raft.server.log.statemachine.data.sync.timeout.retry = -1 (default)
2019-11-11 20:28:19,060 [pool-600-thread-1] INFO  server.RaftServerConfigKeys (ConfUtils.java:logGet(43)) - raft.server.log.statemachine.data.caching.enabled = true (custom)
2019-11-11 20:28:19,060 [pool-600-thread-1] INFO  segmented.SegmentedRaftLogWorker (SegmentedRaftLogWorker.java:lambda$new$0(128)) - 4ee8c297-07ef-4ca0-9e53-65cba3c36712@group-7560D6A3F2A9-SegmentedRaftLogWorker: flushIndex: setUnconditionally 0 -> -1
2019-11-11 20:28:19,061 [pool-600-thread-1] INFO  server.RaftServerConfigKeys (ConfUtils.java:logGet(43)) - raft.server.snapshot.auto.trigger.enabled = true (custom)
2019-11-11 20:28:19,061 [pool-600-thread-1] INFO  server.RaftServerConfigKeys (ConfUtils.java:logGet(43)) - raft.server.snapshot.auto.trigger.threshold = 10000 (custom)
2019-11-11 20:28:19,061 [pool-600-thread-1] INFO  server.RaftServerConfigKeys (ConfUtils.java:logGet(43)) - raft.server.snapshot.retention.file.num = 5 (custom)
2019-11-11 20:28:19,061 [pool-600-thread-1] INFO  server.RaftServerConfigKeys (ConfUtils.java:logGet(43)) - raft.server.retrycache.expirytime = 600000ms (custom)
2019-11-11 20:28:19,061 [pool-600-thread-1] WARN  impl.MetricRegistriesImpl (MetricRegistriesImpl.java:lambda$create$1(61)) - First MetricRegistry has been created without registering reporters. You may need to call MetricRegistries.global().addReportRegistration(...) before.
2019-11-11 20:28:19,061 [pool-600-thread-1] WARN  impl.MetricRegistriesImpl (MetricRegistriesImpl.java:lambda$create$1(61)) - First MetricRegistry has been created without registering reporters. You may need to call MetricRegistries.global().addReportRegistration(...) before.
2019-11-11 20:28:19,061 [pool-600-thread-1] INFO  impl.RaftServerImpl (RaftServerImpl.java:start(184)) - 4ee8c297-07ef-4ca0-9e53-65cba3c36712@group-7560D6A3F2A9: start as a follower, conf=-1: [4ee8c297-07ef-4ca0-9e53-65cba3c36712:192.168.69.124:36407], old=null
2019-11-11 20:28:19,062 [pool-600-thread-1] INFO  impl.RaftServerImpl (RaftServerImpl.java:setRole(173)) - 4ee8c297-07ef-4ca0-9e53-65cba3c36712@group-7560D6A3F2A9: changes role from      null to FOLLOWER at term 0 for startAsFollower
2019-11-11 20:28:19,062 [pool-600-thread-1] INFO  impl.RoleInfo (RoleInfo.java:updateAndGet(143)) - 4ee8c297-07ef-4ca0-9e53-65cba3c36712: start FollowerState
2019-11-11 20:28:19,062 [pool-600-thread-1] INFO  util.JmxRegister (JmxRegister.java:tryRegister(44)) - Successfully registered JMX Bean with object name Ratis:service=RaftServer,group=group-7560D6A3F2A9,id=4ee8c297-07ef-4ca0-9e53-65cba3c36712
2019-11-11 20:28:19,062 [pool-600-thread-1] WARN  impl.MetricRegistriesImpl (MetricRegistriesImpl.java:lambda$create$1(61)) - First MetricRegistry has been created without registering reporters. You may need to call MetricRegistries.global().addReportRegistration(...) before.
2019-11-11 20:28:19,064 [RatisPipelineUtilsThread] INFO  pipeline.PipelineStateManager (PipelineStateManager.java:addPipeline(55)) - Created pipeline Pipeline[ Id: 5d218335-268f-4a9d-9ed9-7560d6a3f2a9, Nodes: 4ee8c297-07ef-4ca0-9e53-65cba3c36712{ip: 192.168.69.124, host: pr-hdds-1868-2776b-164702576, networkLocation: /rack1, certSerialId: null}, Type:RATIS, Factor:ONE, State:ALLOCATED]
2019-11-11 20:28:19,065 [Thread-4367] INFO  pipeline.PipelineStateManager (PipelineStateManager.java:finalizePipeline(121)) - Pipeline Pipeline[ Id: a221511a-bb80-4d32-9692-e7c0f518e9de, Nodes: 6ca76b85-30a3-47b0-8ec4-51f6d05896eb{ip: 192.168.69.124, host: pr-hdds-1868-2776b-164702576, networkLocation: /rack1, certSerialId: null}, Type:RATIS, Factor:ONE, State:CLOSED] moved to CLOSED state
2019-11-11 20:28:19,068 [grpc-default-executor-5] INFO  impl.RaftServerProxy (RaftServerProxy.java:remove(95)) - 6ca76b85-30a3-47b0-8ec4-51f6d05896eb: remove    LEADER 6ca76b85-30a3-47b0-8ec4-51f6d05896eb@group-E7C0F518E9DE:t1, leader=6ca76b85-30a3-47b0-8ec4-51f6d05896eb, voted=6ca76b85-30a3-47b0-8ec4-51f6d05896eb, raftlog=6ca76b85-30a3-47b0-8ec4-51f6d05896eb@group-E7C0F518E9DE-SegmentedRaftLog:OPENED:c0,f0,i0, conf=0: [6ca76b85-30a3-47b0-8ec4-51f6d05896eb:192.168.69.124:38205], old=null RUNNING
2019-11-11 20:28:19,068 [grpc-default-executor-5] INFO  impl.RaftServerImpl (RaftServerImpl.java:lambda$shutdown$3(250)) - 6ca76b85-30a3-47b0-8ec4-51f6d05896eb@group-E7C0F518E9DE: shutdown
2019-11-11 20:28:19,068 [grpc-default-executor-5] INFO  util.JmxRegister (JmxRegister.java:unregister(73)) - Successfully un-registered JMX Bean with object name Ratis:service=RaftServer,group=group-E7C0F518E9DE,id=6ca76b85-30a3-47b0-8ec4-51f6d05896eb
2019-11-11 20:28:19,068 [grpc-default-executor-5] INFO  impl.RoleInfo (RoleInfo.java:shutdownLeaderState(104)) - 6ca76b85-30a3-47b0-8ec4-51f6d05896eb: shutdown LeaderState
2019-11-11 20:28:19,069 [grpc-default-executor-5] INFO  impl.PendingRequests (PendingRequests.java:sendNotLeaderResponses(206)) - 6ca76b85-30a3-47b0-8ec4-51f6d05896eb@group-E7C0F518E9DE-PendingRequests: sendNotLeaderResponses
2019-11-11 20:28:19,069 [grpc-default-executor-5] INFO  impl.StateMachineUpdater (StateMachineUpdater.java:stopAndJoin(136)) - 6ca76b85-30a3-47b0-8ec4-51f6d05896eb@group-E7C0F518E9DE-StateMachineUpdater: set stopIndex = 0
2019-11-11 20:28:19,069 [grpc-default-executor-5] INFO  impl.RaftServerImpl (ServerState.java:close(387)) - 6ca76b85-30a3-47b0-8ec4-51f6d05896eb@group-E7C0F518E9DE: closes. applyIndex: 0
2019-11-11 20:28:19,069 [6ca76b85-30a3-47b0-8ec4-51f6d05896eb@group-E7C0F518E9DE-SegmentedRaftLogWorker] INFO  segmented.SegmentedRaftLogWorker (SegmentedRaftLogWorker.java:run(316)) - 6ca76b85-30a3-47b0-8ec4-51f6d05896eb@group-E7C0F518E9DE-SegmentedRaftLogWorker was interrupted, exiting. There are 0 tasks remaining in the queue.
2019-11-11 20:28:19,072 [grpc-default-executor-5] INFO  segmented.SegmentedRaftLogWorker (SegmentedRaftLogWorker.java:close(224)) - 6ca76b85-30a3-47b0-8ec4-51f6d05896eb@group-E7C0F518E9DE-SegmentedRaftLogWorker close()
2019-11-11 20:28:19,074 [Thread-4367] INFO  pipeline.PipelineStateManager (PipelineStateManager.java:removePipeline(106)) - Pipeline Pipeline[ Id: a221511a-bb80-4d32-9692-e7c0f518e9de, Nodes: 6ca76b85-30a3-47b0-8ec4-51f6d05896eb{ip: 192.168.69.124, host: pr-hdds-1868-2776b-164702576, networkLocation: /rack1, certSerialId: null}, Type:RATIS, Factor:ONE, State:CLOSED] removed from db
2019-11-11 20:28:19,077 [grpc-default-executor-5] INFO  impl.RaftServerProxy (RaftServerProxy.java:addNew(89)) - 6ca76b85-30a3-47b0-8ec4-51f6d05896eb: addNew group-A29BFB456FCB:[6ca76b85-30a3-47b0-8ec4-51f6d05896eb:192.168.69.124:38205] returns group-A29BFB456FCB:java.util.concurrent.CompletableFuture@5056f58[Not completed]
2019-11-11 20:28:19,078 [pool-560-thread-1] INFO  impl.RaftServerImpl (RaftServerImpl.java:<init>(98)) - 6ca76b85-30a3-47b0-8ec4-51f6d05896eb: new RaftServerImpl for group-A29BFB456FCB:[6ca76b85-30a3-47b0-8ec4-51f6d05896eb:192.168.69.124:38205] with ContainerStateMachine:uninitialized
2019-11-11 20:28:19,078 [pool-560-thread-1] INFO  server.RaftServerConfigKeys (ConfUtils.java:logGet(43)) - raft.server.rpc.timeout.min = 1s (custom)
2019-11-11 20:28:19,079 [pool-560-thread-1] INFO  server.RaftServerConfigKeys (ConfUtils.java:logGet(43)) - raft.server.rpc.timeout.max = 1200ms (custom)
2019-11-11 20:28:19,079 [pool-560-thread-1] INFO  server.RaftServerConfigKeys (ConfUtils.java:logGet(43)) - raft.server.rpcslowness.timeout = 120s (custom)
2019-11-11 20:28:19,079 [pool-560-thread-1] INFO  server.RaftServerConfigKeys (ConfUtils.java:logGet(43)) - raft.server.sleep.deviation.threshold = 300 (default)
2019-11-11 20:28:19,079 [pool-560-thread-1] INFO  server.RaftServerConfigKeys (ConfUtils.java:logGet(43)) - raft.server.log.appender.install.snapshot.enabled = false (custom)
2019-11-11 20:28:19,079 [pool-560-thread-1] INFO  impl.RaftServerImpl (ServerState.java:<init>(103)) - 6ca76b85-30a3-47b0-8ec4-51f6d05896eb@group-A29BFB456FCB: ConfigurationManager, init=-1: [6ca76b85-30a3-47b0-8ec4-51f6d05896eb:192.168.69.124:38205], old=null, confs=<EMPTY_MAP>
2019-11-11 20:28:19,079 [pool-560-thread-1] INFO  server.RaftServerConfigKeys (ConfUtils.java:logGet(43)) - raft.server.storage.dir = [/workdir/hadoop-ozone/integration-test/target/test-dir/MiniOzoneClusterImpl-878a1954-6462-47b6-bdcc-bab86c556cb3/datanode-5/data/ratis] (custom)
2019-11-11 20:28:19,080 [pool-560-thread-1] INFO  server.RaftServerConfigKeys (ConfUtils.java:logGet(43)) - raft.server.log.corruption.policy = EXCEPTION (default)
2019-11-11 20:28:19,080 [pool-560-thread-1] INFO  storage.RaftStorageDirectory (RaftStorageDirectory.java:analyzeStorage(246)) - The storage directory /workdir/hadoop-ozone/integration-test/target/test-dir/MiniOzoneClusterImpl-878a1954-6462-47b6-bdcc-bab86c556cb3/datanode-5/data/ratis/a602f6ff-c7ae-472f-b0ce-a29bfb456fcb does not exist. Creating ...
2019-11-11 20:28:19,080 [Thread-4508] INFO  impl.FollowerState (FollowerState.java:run(111)) - 396508a6-021e-4f53-afd2-417daf51af04@group-822749236D28-FollowerState: change to CANDIDATE, lastRpcTime:1042ms, electionTimeout:1042ms
2019-11-11 20:28:19,080 [Thread-4508] INFO  impl.RoleInfo (RoleInfo.java:shutdownFollowerState(121)) - 396508a6-021e-4f53-afd2-417daf51af04: shutdown FollowerState
2019-11-11 20:28:19,080 [Thread-4508] INFO  impl.RaftServerImpl (RaftServerImpl.java:setRole(173)) - 396508a6-021e-4f53-afd2-417daf51af04@group-822749236D28: changes role from  FOLLOWER to CANDIDATE at term 0 for changeToCandidate
2019-11-11 20:28:19,080 [Thread-4508] INFO  impl.RoleInfo (RoleInfo.java:updateAndGet(143)) - 396508a6-021e-4f53-afd2-417daf51af04: start LeaderElection
2019-11-11 20:28:19,080 [6ca76b85-30a3-47b0-8ec4-51f6d05896eb@group-822749236D28-LeaderElection187] INFO  impl.LeaderElection (LeaderElection.java:askForVotes(178)) - 6ca76b85-30a3-47b0-8ec4-51f6d05896eb@group-822749236D28-LeaderElection187: begin an election at term 1 for -1: [6ca76b85-30a3-47b0-8ec4-51f6d05896eb:192.168.69.124:38205, 0237f4f0-b27e-4420-99a0-7f40e4083ac0:192.168.69.124:41974, 396508a6-021e-4f53-afd2-417daf51af04:192.168.69.124:45746], old=null
2019-11-11 20:28:19,087 [grpc-default-executor-5] INFO  impl.RaftServerImpl (RaftServerImpl.java:setRole(173)) - 0237f4f0-b27e-4420-99a0-7f40e4083ac0@group-822749236D28: changes role from  FOLLOWER to FOLLOWER at term 1 for recognizeCandidate:6ca76b85-30a3-47b0-8ec4-51f6d05896eb
2019-11-11 20:28:19,087 [grpc-default-executor-5] INFO  impl.RoleInfo (RoleInfo.java:shutdownFollowerState(121)) - 0237f4f0-b27e-4420-99a0-7f40e4083ac0: shutdown FollowerState
2019-11-11 20:28:19,088 [grpc-default-executor-5] INFO  impl.RoleInfo (RoleInfo.java:updateAndGet(143)) - 0237f4f0-b27e-4420-99a0-7f40e4083ac0: start FollowerState
2019-11-11 20:28:19,088 [Thread-4512] INFO  impl.FollowerState (FollowerState.java:run(120)) - 0237f4f0-b27e-4420-99a0-7f40e4083ac0@group-822749236D28-FollowerState was interrupted: java.lang.InterruptedException: sleep interrupted
2019-11-11 20:28:19,106 [pool-560-thread-1] INFO  storage.RaftStorageDirectory (RaftStorageDirectory.java:tryLock(328)) - Lock on /workdir/hadoop-ozone/integration-test/target/test-dir/MiniOzoneClusterImpl-878a1954-6462-47b6-bdcc-bab86c556cb3/datanode-5/data/ratis/a602f6ff-c7ae-472f-b0ce-a29bfb456fcb/in_use.lock acquired by nodename 3817@pr-hdds-1868-2776b-164702576
2019-11-11 20:28:19,106 [396508a6-021e-4f53-afd2-417daf51af04@group-822749236D28-LeaderElection188] INFO  impl.LeaderElection (LeaderElection.java:askForVotes(178)) - 396508a6-021e-4f53-afd2-417daf51af04@group-822749236D28-LeaderElection188: begin an election at term 1 for -1: [6ca76b85-30a3-47b0-8ec4-51f6d05896eb:192.168.69.124:38205, 0237f4f0-b27e-4420-99a0-7f40e4083ac0:192.168.69.124:41974, 396508a6-021e-4f53-afd2-417daf51af04:192.168.69.124:45746], old=null
2019-11-11 20:28:19,108 [6ca76b85-30a3-47b0-8ec4-51f6d05896eb@group-822749236D28-LeaderElection187] INFO  impl.LeaderElection (LeaderElection.java:logAndReturn(56)) - 6ca76b85-30a3-47b0-8ec4-51f6d05896eb@group-822749236D28-LeaderElection187: Election PASSED; received 2 response(s) [6ca76b85-30a3-47b0-8ec4-51f6d05896eb<-0237f4f0-b27e-4420-99a0-7f40e4083ac0#0:OK-t1, 6ca76b85-30a3-47b0-8ec4-51f6d05896eb<-396508a6-021e-4f53-afd2-417daf51af04#0:FAIL-t1] and 0 exception(s); 6ca76b85-30a3-47b0-8ec4-51f6d05896eb@group-822749236D28:t1, leader=null, voted=6ca76b85-30a3-47b0-8ec4-51f6d05896eb, raftlog=6ca76b85-30a3-47b0-8ec4-51f6d05896eb@group-822749236D28-SegmentedRaftLog:OPENED:c-1,f-1,i0, conf=-1: [6ca76b85-30a3-47b0-8ec4-51f6d05896eb:192.168.69.124:38205, 0237f4f0-b27e-4420-99a0-7f40e4083ac0:192.168.69.124:41974, 396508a6-021e-4f53-afd2-417daf51af04:192.168.69.124:45746], old=null
2019-11-11 20:28:19,109 [6ca76b85-30a3-47b0-8ec4-51f6d05896eb@group-822749236D28-LeaderElection187] INFO  impl.RoleInfo (RoleInfo.java:shutdownLeaderElection(134)) - 6ca76b85-30a3-47b0-8ec4-51f6d05896eb: shutdown LeaderElection
2019-11-11 20:28:19,109 [6ca76b85-30a3-47b0-8ec4-51f6d05896eb@group-822749236D28-LeaderElection187] INFO  impl.RaftServerImpl (RaftServerImpl.java:setRole(173)) - 6ca76b85-30a3-47b0-8ec4-51f6d05896eb@group-822749236D28: changes role from CANDIDATE to LEADER at term 1 for changeToLeader
2019-11-11 20:28:19,109 [6ca76b85-30a3-47b0-8ec4-51f6d05896eb@group-822749236D28-LeaderElection187] INFO  ratis.XceiverServerRatis (XceiverServerRatis.java:handleLeaderChangedNotification(697)) - Leader change notification received for group: group-822749236D28 with new leaderId: 6ca76b85-30a3-47b0-8ec4-51f6d05896eb
2019-11-11 20:28:19,109 [6ca76b85-30a3-47b0-8ec4-51f6d05896eb@group-822749236D28-LeaderElection187] INFO  impl.RaftServerImpl (ServerState.java:setLeader(255)) - 6ca76b85-30a3-47b0-8ec4-51f6d05896eb@group-822749236D28: change Leader from null to 6ca76b85-30a3-47b0-8ec4-51f6d05896eb at term 1 for becomeLeader, leader elected after 1079ms
2019-11-11 20:28:19,109 [6ca76b85-30a3-47b0-8ec4-51f6d05896eb@group-822749236D28-LeaderElection187] INFO  server.RaftServerConfigKeys (ConfUtils.java:logGet(43)) - raft.server.staging.catchup.gap = 1000 (default)
2019-11-11 20:28:19,109 [6ca76b85-30a3-47b0-8ec4-51f6d05896eb@group-822749236D28-LeaderElection187] INFO  server.RaftServerConfigKeys (ConfUtils.java:logGet(43)) - raft.server.rpc.sleep.time = 25ms (default)
2019-11-11 20:28:19,110 [6ca76b85-30a3-47b0-8ec4-51f6d05896eb@group-822749236D28-LeaderElection187] INFO  server.RaftServerConfigKeys (ConfUtils.java:logGet(43)) - raft.server.write.element-limit = 4096 (default)
2019-11-11 20:28:19,110 [6ca76b85-30a3-47b0-8ec4-51f6d05896eb@group-822749236D28-LeaderElection187] INFO  server.RaftServerConfigKeys (ConfUtils.java:logGet(43)) - raft.server.watch.timeout = 10s (default)
2019-11-11 20:28:19,110 [6ca76b85-30a3-47b0-8ec4-51f6d05896eb@group-822749236D28-LeaderElection187] INFO  server.RaftServerConfigKeys (ConfUtils.java:logGet(43)) - raft.server.watch.timeout.denomination = 1s (default)
2019-11-11 20:28:19,110 [6ca76b85-30a3-47b0-8ec4-51f6d05896eb@group-822749236D28-LeaderElection187] INFO  server.RaftServerConfigKeys (ConfUtils.java:logGet(43)) - raft.server.watch.element-limit = 65536 (default)
2019-11-11 20:28:19,110 [6ca76b85-30a3-47b0-8ec4-51f6d05896eb@group-822749236D28-LeaderElection187] INFO  server.RaftServerConfigKeys (ConfUtils.java:logGet(43)) - raft.server.log.appender.snapshot.chunk.size.max = 16MB (=16777216) (default)
2019-11-11 20:28:19,110 [6ca76b85-30a3-47b0-8ec4-51f6d05896eb@group-822749236D28-LeaderElection187] INFO  server.RaftServerConfigKeys (ConfUtils.java:logGet(43)) - raft.server.log.appender.buffer.byte-limit = 33554432 (custom)
2019-11-11 20:28:19,110 [6ca76b85-30a3-47b0-8ec4-51f6d05896eb@group-822749236D28-LeaderElection187] INFO  server.RaftServerConfigKeys (ConfUtils.java:logGet(43)) - raft.server.log.appender.buffer.element-limit = 1 (custom)
2019-11-11 20:28:19,112 [6ca76b85-30a3-47b0-8ec4-51f6d05896eb@group-822749236D28-LeaderElection187] INFO  grpc.GrpcConfigKeys$Server (ConfUtils.java:logGet(43)) - raft.grpc.server.leader.outstanding.appends.max = 128 (default)
2019-11-11 20:28:19,113 [6ca76b85-30a3-47b0-8ec4-51f6d05896eb@group-822749236D28-LeaderElection187] INFO  server.RaftServerConfigKeys (ConfUtils.java:logGet(43)) - raft.server.rpc.request.timeout = 3000ms (default)
2019-11-11 20:28:19,113 [6ca76b85-30a3-47b0-8ec4-51f6d05896eb@group-822749236D28-LeaderElection187] INFO  server.RaftServerConfigKeys (ConfUtils.java:logGet(43)) - raft.server.log.appender.install.snapshot.enabled = false (custom)
2019-11-11 20:28:19,113 [6ca76b85-30a3-47b0-8ec4-51f6d05896eb@group-822749236D28-LeaderElection187] WARN  impl.MetricRegistriesImpl (MetricRegistriesImpl.java:lambda$create$1(61)) - First MetricRegistry has been created without registering reporters. You may need to call MetricRegistries.global().addReportRegistration(...) before.
2019-11-11 20:28:19,116 [6ca76b85-30a3-47b0-8ec4-51f6d05896eb@group-822749236D28-LeaderElection187] INFO  server.RaftServerConfigKeys (ConfUtils.java:logGet(43)) - raft.server.log.appender.snapshot.chunk.size.max = 16MB (=16777216) (default)
2019-11-11 20:28:19,116 [6ca76b85-30a3-47b0-8ec4-51f6d05896eb@group-822749236D28-LeaderElection187] INFO  server.RaftServerConfigKeys (ConfUtils.java:logGet(43)) - raft.server.log.appender.buffer.byte-limit = 33554432 (custom)
2019-11-11 20:28:19,116 [6ca76b85-30a3-47b0-8ec4-51f6d05896eb@group-822749236D28-LeaderElection187] INFO  server.RaftServerConfigKeys (ConfUtils.java:logGet(43)) - raft.server.log.appender.buffer.element-limit = 1 (custom)
2019-11-11 20:28:19,116 [6ca76b85-30a3-47b0-8ec4-51f6d05896eb@group-822749236D28-LeaderElection187] INFO  grpc.GrpcConfigKeys$Server (ConfUtils.java:logGet(43)) - raft.grpc.server.leader.outstanding.appends.max = 128 (default)
2019-11-11 20:28:19,116 [6ca76b85-30a3-47b0-8ec4-51f6d05896eb@group-822749236D28-LeaderElection187] INFO  server.RaftServerConfigKeys (ConfUtils.java:logGet(43)) - raft.server.rpc.request.timeout = 3000ms (default)
2019-11-11 20:28:19,116 [6ca76b85-30a3-47b0-8ec4-51f6d05896eb@group-822749236D28-LeaderElection187] INFO  server.RaftServerConfigKeys (ConfUtils.java:logGet(43)) - raft.server.log.appender.install.snapshot.enabled = false (custom)
2019-11-11 20:28:19,116 [6ca76b85-30a3-47b0-8ec4-51f6d05896eb@group-822749236D28-LeaderElection187] INFO  impl.RoleInfo (RoleInfo.java:updateAndGet(143)) - 6ca76b85-30a3-47b0-8ec4-51f6d05896eb: start LeaderState
2019-11-11 20:28:19,116 [6ca76b85-30a3-47b0-8ec4-51f6d05896eb@group-822749236D28-LeaderElection187] INFO  segmented.SegmentedRaftLogWorker (SegmentedRaftLogWorker.java:startLogSegment(385)) - 6ca76b85-30a3-47b0-8ec4-51f6d05896eb@group-822749236D28-SegmentedRaftLogWorker: Starting segment from index:0
2019-11-11 20:28:19,117 [6ca76b85-30a3-47b0-8ec4-51f6d05896eb@group-822749236D28-LeaderElection187] INFO  impl.RaftServerImpl (ServerState.java:setRaftConf(356)) - 6ca76b85-30a3-47b0-8ec4-51f6d05896eb@group-822749236D28: set configuration 0: [6ca76b85-30a3-47b0-8ec4-51f6d05896eb:192.168.69.124:38205, 0237f4f0-b27e-4420-99a0-7f40e4083ac0:192.168.69.124:41974, 396508a6-021e-4f53-afd2-417daf51af04:192.168.69.124:45746], old=null at 0
2019-11-11 20:28:19,118 [grpc-default-executor-5] INFO  impl.RaftServerImpl (RaftServerImpl.java:requestVote(776)) - 6ca76b85-30a3-47b0-8ec4-51f6d05896eb@group-822749236D28-   LEADER: Withhold vote from candidate 396508a6-021e-4f53-afd2-417daf51af04 with term 1. State: leader=6ca76b85-30a3-47b0-8ec4-51f6d05896eb, term=1, lastRpcElapsed=null
2019-11-11 20:28:19,119 [grpc-default-executor-5] INFO  impl.RaftServerImpl (RaftServerImpl.java:setRole(173)) - 396508a6-021e-4f53-afd2-417daf51af04@group-822749236D28: changes role from CANDIDATE to FOLLOWER at term 1 for appendEntries
2019-11-11 20:28:19,119 [grpc-default-executor-5] INFO  impl.RoleInfo (RoleInfo.java:shutdownLeaderElection(134)) - 396508a6-021e-4f53-afd2-417daf51af04: shutdown LeaderElection
2019-11-11 20:28:19,119 [grpc-default-executor-8] INFO  ratis.XceiverServerRatis (XceiverServerRatis.java:handleLeaderChangedNotification(697)) - Leader change notification received for group: group-822749236D28 with new leaderId: 6ca76b85-30a3-47b0-8ec4-51f6d05896eb
2019-11-11 20:28:19,119 [grpc-default-executor-8] INFO  impl.RaftServerImpl (ServerState.java:setLeader(255)) - 0237f4f0-b27e-4420-99a0-7f40e4083ac0@group-822749236D28: change Leader from null to 6ca76b85-30a3-47b0-8ec4-51f6d05896eb at term 1 for appendEntries, leader elected after 1089ms
2019-11-11 20:28:19,119 [grpc-default-executor-5] INFO  impl.RoleInfo (RoleInfo.java:updateAndGet(143)) - 396508a6-021e-4f53-afd2-417daf51af04: start FollowerState
2019-11-11 20:28:19,119 [396508a6-021e-4f53-afd2-417daf51af04@group-822749236D28-LeaderElection188] INFO  impl.LeaderElection (LeaderElection.java:logAndReturn(56)) - 396508a6-021e-4f53-afd2-417daf51af04@group-822749236D28-LeaderElection188: Election REJECTED; received 2 response(s) [396508a6-021e-4f53-afd2-417daf51af04<-0237f4f0-b27e-4420-99a0-7f40e4083ac0#0:FAIL-t1, 396508a6-021e-4f53-afd2-417daf51af04<-6ca76b85-30a3-47b0-8ec4-51f6d05896eb#0:FAIL-t1] and 0 exception(s); 396508a6-021e-4f53-afd2-417daf51af04@group-822749236D28:t1, leader=null, voted=396508a6-021e-4f53-afd2-417daf51af04, raftlog=396508a6-021e-4f53-afd2-417daf51af04@group-822749236D28-SegmentedRaftLog:OPENED:c-1,f-1,i0, conf=-1: [6ca76b85-30a3-47b0-8ec4-51f6d05896eb:192.168.69.124:38205, 0237f4f0-b27e-4420-99a0-7f40e4083ac0:192.168.69.124:41974, 396508a6-021e-4f53-afd2-417daf51af04:192.168.69.124:45746], old=null
2019-11-11 20:28:19,120 [grpc-default-executor-5] INFO  ratis.XceiverServerRatis (XceiverServerRatis.java:handleLeaderChangedNotification(697)) - Leader change notification received for group: group-822749236D28 with new leaderId: 6ca76b85-30a3-47b0-8ec4-51f6d05896eb
2019-11-11 20:28:19,120 [grpc-default-executor-5] INFO  impl.RaftServerImpl (ServerState.java:setLeader(255)) - 396508a6-021e-4f53-afd2-417daf51af04@group-822749236D28: change Leader from null to 6ca76b85-30a3-47b0-8ec4-51f6d05896eb at term 1 for appendEntries, leader elected after 1090ms
2019-11-11 20:28:19,121 [grpc-default-executor-5] INFO  impl.RaftServerImpl (ServerState.java:setRaftConf(356)) - 0237f4f0-b27e-4420-99a0-7f40e4083ac0@group-822749236D28: set configuration 0: [6ca76b85-30a3-47b0-8ec4-51f6d05896eb:192.168.69.124:38205, 0237f4f0-b27e-4420-99a0-7f40e4083ac0:192.168.69.124:41974, 396508a6-021e-4f53-afd2-417daf51af04:192.168.69.124:45746], old=null at 0
2019-11-11 20:28:19,121 [grpc-default-executor-5] INFO  segmented.SegmentedRaftLogWorker (SegmentedRaftLogWorker.java:startLogSegment(385)) - 0237f4f0-b27e-4420-99a0-7f40e4083ac0@group-822749236D28-SegmentedRaftLogWorker: Starting segment from index:0
2019-11-11 20:28:19,121 [grpc-default-executor-8] INFO  impl.RaftServerImpl (ServerState.java:setRaftConf(356)) - 396508a6-021e-4f53-afd2-417daf51af04@group-822749236D28: set configuration 0: [6ca76b85-30a3-47b0-8ec4-51f6d05896eb:192.168.69.124:38205, 0237f4f0-b27e-4420-99a0-7f40e4083ac0:192.168.69.124:41974, 396508a6-021e-4f53-afd2-417daf51af04:192.168.69.124:45746], old=null at 0
2019-11-11 20:28:19,121 [grpc-default-executor-8] INFO  segmented.SegmentedRaftLogWorker (SegmentedRaftLogWorker.java:startLogSegment(385)) - 396508a6-021e-4f53-afd2-417daf51af04@group-822749236D28-SegmentedRaftLogWorker: Starting segment from index:0
2019-11-11 20:28:19,132 [pool-560-thread-1] INFO  storage.RaftStorage (RaftStorage.java:format(84)) - Storage directory /workdir/hadoop-ozone/integration-test/target/test-dir/MiniOzoneClusterImpl-878a1954-6462-47b6-bdcc-bab86c556cb3/datanode-5/data/ratis/a602f6ff-c7ae-472f-b0ce-a29bfb456fcb has been successfully formatted.
2019-11-11 20:28:19,133 [pool-560-thread-1] INFO  ratis.ContainerStateMachine (ContainerStateMachine.java:loadSnapshot(223)) - group-A29BFB456FCB: The snapshot info is null. Setting the last applied indexto:(t:0, i:~)
2019-11-11 20:28:19,133 [pool-560-thread-1] INFO  server.RaftServerConfigKeys (ConfUtils.java:logGet(43)) - raft.server.notification.no-leader.timeout = 120s (custom)
2019-11-11 20:28:19,133 [pool-560-thread-1] INFO  server.RaftServerConfigKeys (ConfUtils.java:logGet(43)) - raft.server.log.use.memory = false (default)
2019-11-11 20:28:19,133 [pool-560-thread-1] INFO  server.RaftServerConfigKeys (ConfUtils.java:logGet(43)) - raft.server.log.purge.gap = 1000000 (custom)
2019-11-11 20:28:19,133 [pool-560-thread-1] INFO  server.RaftServerConfigKeys (ConfUtils.java:logGet(43)) - raft.server.log.appender.buffer.byte-limit = 33554432 (custom)
2019-11-11 20:28:19,133 [pool-560-thread-1] INFO  server.RaftServerConfigKeys (ConfUtils.java:logGet(43)) - raft.server.log.segment.size.max = 1048576 (custom)
2019-11-11 20:28:19,134 [pool-560-thread-1] INFO  server.RaftServerConfigKeys (ConfUtils.java:logGet(43)) - raft.server.log.segment.cache.num.max = 2 (custom)
2019-11-11 20:28:19,134 [pool-560-thread-1] INFO  segmented.SegmentedRaftLogWorker (SegmentedRaftLogWorker.java:<init>(173)) - new 6ca76b85-30a3-47b0-8ec4-51f6d05896eb@group-A29BFB456FCB-SegmentedRaftLogWorker for RaftStorage:Storage Directory /workdir/hadoop-ozone/integration-test/target/test-dir/MiniOzoneClusterImpl-878a1954-6462-47b6-bdcc-bab86c556cb3/datanode-5/data/ratis/a602f6ff-c7ae-472f-b0ce-a29bfb456fcb
2019-11-11 20:28:19,134 [pool-560-thread-1] INFO  server.RaftServerConfigKeys (ConfUtils.java:logGet(43)) - raft.server.log.queue.byte-limit = 2147483647 (custom)
2019-11-11 20:28:19,134 [pool-560-thread-1] INFO  server.RaftServerConfigKeys (ConfUtils.java:logGet(43)) - raft.server.log.queue.element-limit = 1024 (custom)
2019-11-11 20:28:19,134 [pool-560-thread-1] INFO  server.RaftServerConfigKeys (ConfUtils.java:logGet(43)) - raft.server.log.segment.size.max = 1048576 (custom)
2019-11-11 20:28:19,134 [pool-560-thread-1] INFO  server.RaftServerConfigKeys (ConfUtils.java:logGet(43)) - raft.server.log.preallocated.size = 16384 (custom)
2019-11-11 20:28:19,134 [pool-560-thread-1] INFO  server.RaftServerConfigKeys (ConfUtils.java:logGet(43)) - raft.server.log.write.buffer.size = 33554432 (custom)
2019-11-11 20:28:19,135 [pool-560-thread-1] INFO  server.RaftServerConfigKeys (ConfUtils.java:logGet(43)) - raft.server.log.force.sync.num = 128 (default)
2019-11-11 20:28:19,135 [pool-560-thread-1] INFO  server.RaftServerConfigKeys (ConfUtils.java:logGet(43)) - raft.server.log.statemachine.data.sync = true (default)
2019-11-11 20:28:19,135 [pool-560-thread-1] INFO  server.RaftServerConfigKeys (ConfUtils.java:logGet(43)) - raft.server.log.statemachine.data.sync.timeout = 10s (default)
2019-11-11 20:28:19,135 [pool-560-thread-1] INFO  server.RaftServerConfigKeys (ConfUtils.java:logGet(43)) - raft.server.log.statemachine.data.sync.timeout.retry = -1 (default)
2019-11-11 20:28:19,135 [pool-560-thread-1] INFO  server.RaftServerConfigKeys (ConfUtils.java:logGet(43)) - raft.server.log.statemachine.data.caching.enabled = true (custom)
2019-11-11 20:28:19,136 [pool-560-thread-1] INFO  segmented.SegmentedRaftLogWorker (SegmentedRaftLogWorker.java:lambda$new$0(128)) - 6ca76b85-30a3-47b0-8ec4-51f6d05896eb@group-A29BFB456FCB-SegmentedRaftLogWorker: flushIndex: setUnconditionally 0 -> -1
2019-11-11 20:28:19,136 [pool-560-thread-1] INFO  server.RaftServerConfigKeys (ConfUtils.java:logGet(43)) - raft.server.snapshot.auto.trigger.enabled = true (custom)
2019-11-11 20:28:19,136 [pool-560-thread-1] INFO  server.RaftServerConfigKeys (ConfUtils.java:logGet(43)) - raft.server.snapshot.auto.trigger.threshold = 10000 (custom)
2019-11-11 20:28:19,136 [pool-560-thread-1] INFO  server.RaftServerConfigKeys (ConfUtils.java:logGet(43)) - raft.server.snapshot.retention.file.num = 5 (custom)
2019-11-11 20:28:19,136 [pool-560-thread-1] INFO  server.RaftServerConfigKeys (ConfUtils.java:logGet(43)) - raft.server.retrycache.expirytime = 600000ms (custom)
2019-11-11 20:28:19,137 [pool-560-thread-1] WARN  impl.MetricRegistriesImpl (MetricRegistriesImpl.java:lambda$create$1(61)) - First MetricRegistry has been created without registering reporters. You may need to call MetricRegistries.global().addReportRegistration(...) before.
2019-11-11 20:28:19,137 [pool-560-thread-1] WARN  impl.MetricRegistriesImpl (MetricRegistriesImpl.java:lambda$create$1(61)) - First MetricRegistry has been created without registering reporters. You may need to call MetricRegistries.global().addReportRegistration(...) before.
2019-11-11 20:28:19,137 [pool-560-thread-1] INFO  impl.RaftServerImpl (RaftServerImpl.java:start(184)) - 6ca76b85-30a3-47b0-8ec4-51f6d05896eb@group-A29BFB456FCB: start as a follower, conf=-1: [6ca76b85-30a3-47b0-8ec4-51f6d05896eb:192.168.69.124:38205], old=null
2019-11-11 20:28:19,137 [pool-560-thread-1] INFO  impl.RaftServerImpl (RaftServerImpl.java:setRole(173)) - 6ca76b85-30a3-47b0-8ec4-51f6d05896eb@group-A29BFB456FCB: changes role from      null to FOLLOWER at term 0 for startAsFollower
2019-11-11 20:28:19,137 [pool-560-thread-1] INFO  impl.RoleInfo (RoleInfo.java:updateAndGet(143)) - 6ca76b85-30a3-47b0-8ec4-51f6d05896eb: start FollowerState
2019-11-11 20:28:19,138 [pool-560-thread-1] INFO  util.JmxRegister (JmxRegister.java:tryRegister(44)) - Successfully registered JMX Bean with object name Ratis:service=RaftServer,group=group-A29BFB456FCB,id=6ca76b85-30a3-47b0-8ec4-51f6d05896eb
2019-11-11 20:28:19,138 [pool-560-thread-1] WARN  impl.MetricRegistriesImpl (MetricRegistriesImpl.java:lambda$create$1(61)) - First MetricRegistry has been created without registering reporters. You may need to call MetricRegistries.global().addReportRegistration(...) before.
2019-11-11 20:28:19,140 [RatisPipelineUtilsThread] INFO  pipeline.PipelineStateManager (PipelineStateManager.java:addPipeline(55)) - Created pipeline Pipeline[ Id: a602f6ff-c7ae-472f-b0ce-a29bfb456fcb, Nodes: 6ca76b85-30a3-47b0-8ec4-51f6d05896eb{ip: 192.168.69.124, host: pr-hdds-1868-2776b-164702576, networkLocation: /rack1, certSerialId: null}, Type:RATIS, Factor:ONE, State:ALLOCATED]
2019-11-11 20:28:19,141 [EventQueue-PipelineReportForPipelineReportHandler] INFO  pipeline.PipelineStateManager (PipelineStateManager.java:openPipeline(134)) - Pipeline Pipeline[ Id: e5ac7173-21c9-4bb7-a0c6-822749236d28, Nodes: 6ca76b85-30a3-47b0-8ec4-51f6d05896eb{ip: 192.168.69.124, host: pr-hdds-1868-2776b-164702576, networkLocation: /rack1, certSerialId: null}0237f4f0-b27e-4420-99a0-7f40e4083ac0{ip: 192.168.69.124, host: pr-hdds-1868-2776b-164702576, networkLocation: /rack1, certSerialId: null}396508a6-021e-4f53-afd2-417daf51af04{ip: 192.168.69.124, host: pr-hdds-1868-2776b-164702576, networkLocation: /rack1, certSerialId: null}, Type:RATIS, Factor:THREE, State:OPEN] moved to OPEN state
2019-11-11 20:28:19,156 [Thread-4505] INFO  impl.FollowerState (FollowerState.java:run(111)) - 75be7957-289d-4245-a821-fc5677a0cfb7@group-8EE61B96E5A8-FollowerState: change to CANDIDATE, lastRpcTime:1199ms, electionTimeout:1199ms
2019-11-11 20:28:19,156 [Thread-4505] INFO  impl.RoleInfo (RoleInfo.java:shutdownFollowerState(121)) - 75be7957-289d-4245-a821-fc5677a0cfb7: shutdown FollowerState
2019-11-11 20:28:19,156 [Thread-4505] INFO  impl.RaftServerImpl (RaftServerImpl.java:setRole(173)) - 75be7957-289d-4245-a821-fc5677a0cfb7@group-8EE61B96E5A8: changes role from  FOLLOWER to CANDIDATE at term 0 for changeToCandidate
2019-11-11 20:28:19,156 [Thread-4505] INFO  impl.RoleInfo (RoleInfo.java:updateAndGet(143)) - 75be7957-289d-4245-a821-fc5677a0cfb7: start LeaderElection
2019-11-11 20:28:19,174 [396508a6-021e-4f53-afd2-417daf51af04@group-822749236D28-SegmentedRaftLogWorker] INFO  segmented.SegmentedRaftLogWorker (SegmentedRaftLogWorker.java:execute(576)) - 396508a6-021e-4f53-afd2-417daf51af04@group-822749236D28-SegmentedRaftLogWorker: created new log segment /workdir/hadoop-ozone/integration-test/target/test-dir/MiniOzoneClusterImpl-878a1954-6462-47b6-bdcc-bab86c556cb3/datanode-4/data/ratis/e5ac7173-21c9-4bb7-a0c6-822749236d28/current/log_inprogress_0
2019-11-11 20:28:19,174 [0237f4f0-b27e-4420-99a0-7f40e4083ac0@group-822749236D28-SegmentedRaftLogWorker] INFO  segmented.SegmentedRaftLogWorker (SegmentedRaftLogWorker.java:execute(576)) - 0237f4f0-b27e-4420-99a0-7f40e4083ac0@group-822749236D28-SegmentedRaftLogWorker: created new log segment /workdir/hadoop-ozone/integration-test/target/test-dir/MiniOzoneClusterImpl-878a1954-6462-47b6-bdcc-bab86c556cb3/datanode-3/data/ratis/e5ac7173-21c9-4bb7-a0c6-822749236d28/current/log_inprogress_0
2019-11-11 20:28:19,174 [6ca76b85-30a3-47b0-8ec4-51f6d05896eb@group-822749236D28-SegmentedRaftLogWorker] INFO  segmented.SegmentedRaftLogWorker (SegmentedRaftLogWorker.java:execute(576)) - 6ca76b85-30a3-47b0-8ec4-51f6d05896eb@group-822749236D28-SegmentedRaftLogWorker: created new log segment /workdir/hadoop-ozone/integration-test/target/test-dir/MiniOzoneClusterImpl-878a1954-6462-47b6-bdcc-bab86c556cb3/datanode-5/data/ratis/e5ac7173-21c9-4bb7-a0c6-822749236d28/current/log_inprogress_0
2019-11-11 20:28:19,191 [75be7957-289d-4245-a821-fc5677a0cfb7@group-8EE61B96E5A8-LeaderElection189] INFO  impl.LeaderElection (LeaderElection.java:askForVotes(178)) - 75be7957-289d-4245-a821-fc5677a0cfb7@group-8EE61B96E5A8-LeaderElection189: begin an election at term 1 for -1: [75be7957-289d-4245-a821-fc5677a0cfb7:192.168.69.124:39702], old=null
2019-11-11 20:28:19,192 [75be7957-289d-4245-a821-fc5677a0cfb7@group-8EE61B96E5A8-LeaderElection189] INFO  impl.RoleInfo (RoleInfo.java:shutdownLeaderElection(134)) - 75be7957-289d-4245-a821-fc5677a0cfb7: shutdown LeaderElection
2019-11-11 20:28:19,192 [75be7957-289d-4245-a821-fc5677a0cfb7@group-8EE61B96E5A8-LeaderElection189] INFO  impl.RaftServerImpl (RaftServerImpl.java:setRole(173)) - 75be7957-289d-4245-a821-fc5677a0cfb7@group-8EE61B96E5A8: changes role from CANDIDATE to LEADER at term 1 for changeToLeader
2019-11-11 20:28:19,192 [75be7957-289d-4245-a821-fc5677a0cfb7@group-8EE61B96E5A8-LeaderElection189] INFO  ratis.XceiverServerRatis (XceiverServerRatis.java:handleLeaderChangedNotification(697)) - Leader change notification received for group: group-8EE61B96E5A8 with new leaderId: 75be7957-289d-4245-a821-fc5677a0cfb7
2019-11-11 20:28:19,194 [75be7957-289d-4245-a821-fc5677a0cfb7@group-8EE61B96E5A8-LeaderElection189] INFO  impl.RaftServerImpl (ServerState.java:setLeader(255)) - 75be7957-289d-4245-a821-fc5677a0cfb7@group-8EE61B96E5A8: change Leader from null to 75be7957-289d-4245-a821-fc5677a0cfb7 at term 1 for becomeLeader, leader elected after 1239ms
2019-11-11 20:28:19,194 [75be7957-289d-4245-a821-fc5677a0cfb7@group-8EE61B96E5A8-LeaderElection189] INFO  server.RaftServerConfigKeys (ConfUtils.java:logGet(43)) - raft.server.staging.catchup.gap = 1000 (default)
2019-11-11 20:28:19,194 [75be7957-289d-4245-a821-fc5677a0cfb7@group-8EE61B96E5A8-LeaderElection189] INFO  server.RaftServerConfigKeys (ConfUtils.java:logGet(43)) - raft.server.rpc.sleep.time = 25ms (default)
2019-11-11 20:28:19,195 [75be7957-289d-4245-a821-fc5677a0cfb7@group-8EE61B96E5A8-LeaderElection189] INFO  server.RaftServerConfigKeys (ConfUtils.java:logGet(43)) - raft.server.write.element-limit = 4096 (default)
2019-11-11 20:28:19,195 [75be7957-289d-4245-a821-fc5677a0cfb7@group-8EE61B96E5A8-LeaderElection189] INFO  server.RaftServerConfigKeys (ConfUtils.java:logGet(43)) - raft.server.watch.timeout = 10s (default)
2019-11-11 20:28:19,195 [75be7957-289d-4245-a821-fc5677a0cfb7@group-8EE61B96E5A8-LeaderElection189] INFO  server.RaftServerConfigKeys (ConfUtils.java:logGet(43)) - raft.server.watch.timeout.denomination = 1s (default)
2019-11-11 20:28:19,195 [75be7957-289d-4245-a821-fc5677a0cfb7@group-8EE61B96E5A8-LeaderElection189] INFO  server.RaftServerConfigKeys (ConfUtils.java:logGet(43)) - raft.server.watch.element-limit = 65536 (default)
2019-11-11 20:28:19,195 [75be7957-289d-4245-a821-fc5677a0cfb7@group-8EE61B96E5A8-LeaderElection189] INFO  impl.RoleInfo (RoleInfo.java:updateAndGet(143)) - 75be7957-289d-4245-a821-fc5677a0cfb7: start LeaderState
2019-11-11 20:28:19,195 [EventQueue-PipelineReportForPipelineReportHandler] INFO  pipeline.PipelineStateManager (PipelineStateManager.java:openPipeline(134)) - Pipeline Pipeline[ Id: d1c79ac1-7fc1-4657-a7d0-8ee61b96e5a8, Nodes: 75be7957-289d-4245-a821-fc5677a0cfb7{ip: 192.168.69.124, host: pr-hdds-1868-2776b-164702576, networkLocation: /rack1, certSerialId: null}, Type:RATIS, Factor:ONE, State:OPEN] moved to OPEN state
2019-11-11 20:28:19,195 [75be7957-289d-4245-a821-fc5677a0cfb7@group-8EE61B96E5A8-LeaderElection189] INFO  segmented.SegmentedRaftLogWorker (SegmentedRaftLogWorker.java:startLogSegment(385)) - 75be7957-289d-4245-a821-fc5677a0cfb7@group-8EE61B96E5A8-SegmentedRaftLogWorker: Starting segment from index:0
2019-11-11 20:28:19,196 [75be7957-289d-4245-a821-fc5677a0cfb7@group-8EE61B96E5A8-LeaderElection189] INFO  impl.RaftServerImpl (ServerState.java:setRaftConf(356)) - 75be7957-289d-4245-a821-fc5677a0cfb7@group-8EE61B96E5A8: set configuration 0: [75be7957-289d-4245-a821-fc5677a0cfb7:192.168.69.124:39702], old=null at 0
2019-11-11 20:28:19,220 [Thread-4522] INFO  impl.FollowerState (FollowerState.java:run(111)) - 3cc51d6b-e891-4e52-b01b-ce9c9a895fa2@group-88F5ABF4F78A-FollowerState: change to CANDIDATE, lastRpcTime:1109ms, electionTimeout:1097ms
2019-11-11 20:28:19,220 [Thread-4522] INFO  impl.RoleInfo (RoleInfo.java:shutdownFollowerState(121)) - 3cc51d6b-e891-4e52-b01b-ce9c9a895fa2: shutdown FollowerState
2019-11-11 20:28:19,220 [Thread-4522] INFO  impl.RaftServerImpl (RaftServerImpl.java:setRole(173)) - 3cc51d6b-e891-4e52-b01b-ce9c9a895fa2@group-88F5ABF4F78A: changes role from  FOLLOWER to CANDIDATE at term 0 for changeToCandidate
2019-11-11 20:28:19,220 [Thread-4522] INFO  impl.RoleInfo (RoleInfo.java:updateAndGet(143)) - 3cc51d6b-e891-4e52-b01b-ce9c9a895fa2: start LeaderElection
2019-11-11 20:28:19,242 [75be7957-289d-4245-a821-fc5677a0cfb7@group-8EE61B96E5A8-SegmentedRaftLogWorker] INFO  segmented.SegmentedRaftLogWorker (SegmentedRaftLogWorker.java:execute(576)) - 75be7957-289d-4245-a821-fc5677a0cfb7@group-8EE61B96E5A8-SegmentedRaftLogWorker: created new log segment /workdir/hadoop-ozone/integration-test/target/test-dir/MiniOzoneClusterImpl-878a1954-6462-47b6-bdcc-bab86c556cb3/datanode-6/data/ratis/d1c79ac1-7fc1-4657-a7d0-8ee61b96e5a8/current/log_inprogress_0
2019-11-11 20:28:19,242 [3cc51d6b-e891-4e52-b01b-ce9c9a895fa2@group-88F5ABF4F78A-LeaderElection190] INFO  impl.LeaderElection (LeaderElection.java:askForVotes(178)) - 3cc51d6b-e891-4e52-b01b-ce9c9a895fa2@group-88F5ABF4F78A-LeaderElection190: begin an election at term 1 for -1: [3cc51d6b-e891-4e52-b01b-ce9c9a895fa2:192.168.69.124:45920], old=null
2019-11-11 20:28:19,242 [3cc51d6b-e891-4e52-b01b-ce9c9a895fa2@group-88F5ABF4F78A-LeaderElection190] INFO  impl.RoleInfo (RoleInfo.java:shutdownLeaderElection(134)) - 3cc51d6b-e891-4e52-b01b-ce9c9a895fa2: shutdown LeaderElection
2019-11-11 20:28:19,242 [3cc51d6b-e891-4e52-b01b-ce9c9a895fa2@group-88F5ABF4F78A-LeaderElection190] INFO  impl.RaftServerImpl (RaftServerImpl.java:setRole(173)) - 3cc51d6b-e891-4e52-b01b-ce9c9a895fa2@group-88F5ABF4F78A: changes role from CANDIDATE to LEADER at term 1 for changeToLeader
2019-11-11 20:28:19,242 [3cc51d6b-e891-4e52-b01b-ce9c9a895fa2@group-88F5ABF4F78A-LeaderElection190] INFO  ratis.XceiverServerRatis (XceiverServerRatis.java:handleLeaderChangedNotification(697)) - Leader change notification received for group: group-88F5ABF4F78A with new leaderId: 3cc51d6b-e891-4e52-b01b-ce9c9a895fa2
2019-11-11 20:28:19,242 [3cc51d6b-e891-4e52-b01b-ce9c9a895fa2@group-88F5ABF4F78A-LeaderElection190] INFO  impl.RaftServerImpl (ServerState.java:setLeader(255)) - 3cc51d6b-e891-4e52-b01b-ce9c9a895fa2@group-88F5ABF4F78A: change Leader from null to 3cc51d6b-e891-4e52-b01b-ce9c9a895fa2 at term 1 for becomeLeader, leader elected after 1135ms
2019-11-11 20:28:19,243 [3cc51d6b-e891-4e52-b01b-ce9c9a895fa2@group-88F5ABF4F78A-LeaderElection190] INFO  server.RaftServerConfigKeys (ConfUtils.java:logGet(43)) - raft.server.staging.catchup.gap = 1000 (default)
2019-11-11 20:28:19,243 [3cc51d6b-e891-4e52-b01b-ce9c9a895fa2@group-88F5ABF4F78A-LeaderElection190] INFO  server.RaftServerConfigKeys (ConfUtils.java:logGet(43)) - raft.server.rpc.sleep.time = 25ms (default)
2019-11-11 20:28:19,243 [3cc51d6b-e891-4e52-b01b-ce9c9a895fa2@group-88F5ABF4F78A-LeaderElection190] INFO  server.RaftServerConfigKeys (ConfUtils.java:logGet(43)) - raft.server.write.element-limit = 4096 (default)
2019-11-11 20:28:19,243 [3cc51d6b-e891-4e52-b01b-ce9c9a895fa2@group-88F5ABF4F78A-LeaderElection190] INFO  server.RaftServerConfigKeys (ConfUtils.java:logGet(43)) - raft.server.watch.timeout = 10s (default)
2019-11-11 20:28:19,243 [3cc51d6b-e891-4e52-b01b-ce9c9a895fa2@group-88F5ABF4F78A-LeaderElection190] INFO  server.RaftServerConfigKeys (ConfUtils.java:logGet(43)) - raft.server.watch.timeout.denomination = 1s (default)
2019-11-11 20:28:19,243 [3cc51d6b-e891-4e52-b01b-ce9c9a895fa2@group-88F5ABF4F78A-LeaderElection190] INFO  server.RaftServerConfigKeys (ConfUtils.java:logGet(43)) - raft.server.watch.element-limit = 65536 (default)
2019-11-11 20:28:19,243 [3cc51d6b-e891-4e52-b01b-ce9c9a895fa2@group-88F5ABF4F78A-LeaderElection190] INFO  impl.RoleInfo (RoleInfo.java:updateAndGet(143)) - 3cc51d6b-e891-4e52-b01b-ce9c9a895fa2: start LeaderState
2019-11-11 20:28:19,243 [3cc51d6b-e891-4e52-b01b-ce9c9a895fa2@group-88F5ABF4F78A-LeaderElection190] INFO  segmented.SegmentedRaftLogWorker (SegmentedRaftLogWorker.java:startLogSegment(385)) - 3cc51d6b-e891-4e52-b01b-ce9c9a895fa2@group-88F5ABF4F78A-SegmentedRaftLogWorker: Starting segment from index:0
2019-11-11 20:28:19,244 [EventQueue-PipelineReportForPipelineReportHandler] INFO  pipeline.PipelineStateManager (PipelineStateManager.java:openPipeline(134)) - Pipeline Pipeline[ Id: 2e67b347-8b53-49d3-9dcb-88f5abf4f78a, Nodes: 3cc51d6b-e891-4e52-b01b-ce9c9a895fa2{ip: 192.168.69.124, host: pr-hdds-1868-2776b-164702576, networkLocation: /rack1, certSerialId: null}, Type:RATIS, Factor:ONE, State:OPEN] moved to OPEN state
2019-11-11 20:28:19,244 [3cc51d6b-e891-4e52-b01b-ce9c9a895fa2@group-88F5ABF4F78A-LeaderElection190] INFO  impl.RaftServerImpl (ServerState.java:setRaftConf(356)) - 3cc51d6b-e891-4e52-b01b-ce9c9a895fa2@group-88F5ABF4F78A: set configuration 0: [3cc51d6b-e891-4e52-b01b-ce9c9a895fa2:192.168.69.124:45920], old=null at 0
2019-11-11 20:28:19,301 [3cc51d6b-e891-4e52-b01b-ce9c9a895fa2@group-88F5ABF4F78A-SegmentedRaftLogWorker] INFO  segmented.SegmentedRaftLogWorker (SegmentedRaftLogWorker.java:execute(576)) - 3cc51d6b-e891-4e52-b01b-ce9c9a895fa2@group-88F5ABF4F78A-SegmentedRaftLogWorker: created new log segment /workdir/hadoop-ozone/integration-test/target/test-dir/MiniOzoneClusterImpl-878a1954-6462-47b6-bdcc-bab86c556cb3/datanode-8/data/ratis/2e67b347-8b53-49d3-9dcb-88f5abf4f78a/current/log_inprogress_0
2019-11-11 20:28:19,302 [Thread-4533] INFO  impl.FollowerState (FollowerState.java:run(111)) - 75be7957-289d-4245-a821-fc5677a0cfb7@group-E38CCF0B2F7E-FollowerState: change to CANDIDATE, lastRpcTime:1038ms, electionTimeout:1038ms
2019-11-11 20:28:19,302 [Thread-4533] INFO  impl.RoleInfo (RoleInfo.java:shutdownFollowerState(121)) - 75be7957-289d-4245-a821-fc5677a0cfb7: shutdown FollowerState
2019-11-11 20:28:19,302 [Thread-4533] INFO  impl.RaftServerImpl (RaftServerImpl.java:setRole(173)) - 75be7957-289d-4245-a821-fc5677a0cfb7@group-E38CCF0B2F7E: changes role from  FOLLOWER to CANDIDATE at term 0 for changeToCandidate
2019-11-11 20:28:19,302 [Thread-4533] INFO  impl.RoleInfo (RoleInfo.java:updateAndGet(143)) - 75be7957-289d-4245-a821-fc5677a0cfb7: start LeaderElection
2019-11-11 20:28:19,326 [75be7957-289d-4245-a821-fc5677a0cfb7@group-E38CCF0B2F7E-LeaderElection191] INFO  impl.LeaderElection (LeaderElection.java:askForVotes(178)) - 75be7957-289d-4245-a821-fc5677a0cfb7@group-E38CCF0B2F7E-LeaderElection191: begin an election at term 1 for -1: [3cc51d6b-e891-4e52-b01b-ce9c9a895fa2:192.168.69.124:45920, 75be7957-289d-4245-a821-fc5677a0cfb7:192.168.69.124:39702, fb7bce6a-1cd3-4beb-8a28-448fd0b8448e:192.168.69.124:37289], old=null
2019-11-11 20:28:19,329 [grpc-default-executor-8] INFO  impl.RaftServerImpl (RaftServerImpl.java:setRole(173)) - 3cc51d6b-e891-4e52-b01b-ce9c9a895fa2@group-E38CCF0B2F7E: changes role from  FOLLOWER to FOLLOWER at term 1 for recognizeCandidate:75be7957-289d-4245-a821-fc5677a0cfb7
2019-11-11 20:28:19,329 [grpc-default-executor-5] INFO  impl.RaftServerImpl (RaftServerImpl.java:setRole(173)) - fb7bce6a-1cd3-4beb-8a28-448fd0b8448e@group-E38CCF0B2F7E: changes role from  FOLLOWER to FOLLOWER at term 1 for recognizeCandidate:75be7957-289d-4245-a821-fc5677a0cfb7
2019-11-11 20:28:19,330 [grpc-default-executor-5] INFO  impl.RoleInfo (RoleInfo.java:shutdownFollowerState(121)) - fb7bce6a-1cd3-4beb-8a28-448fd0b8448e: shutdown FollowerState
2019-11-11 20:28:19,329 [grpc-default-executor-8] INFO  impl.RoleInfo (RoleInfo.java:shutdownFollowerState(121)) - 3cc51d6b-e891-4e52-b01b-ce9c9a895fa2: shutdown FollowerState
2019-11-11 20:28:19,330 [Thread-4534] INFO  impl.FollowerState (FollowerState.java:run(120)) - fb7bce6a-1cd3-4beb-8a28-448fd0b8448e@group-E38CCF0B2F7E-FollowerState was interrupted: java.lang.InterruptedException: sleep interrupted
2019-11-11 20:28:19,330 [grpc-default-executor-5] INFO  impl.RoleInfo (RoleInfo.java:updateAndGet(143)) - fb7bce6a-1cd3-4beb-8a28-448fd0b8448e: start FollowerState
2019-11-11 20:28:19,330 [grpc-default-executor-8] INFO  impl.RoleInfo (RoleInfo.java:updateAndGet(143)) - 3cc51d6b-e891-4e52-b01b-ce9c9a895fa2: start FollowerState
2019-11-11 20:28:19,330 [Thread-4535] INFO  impl.FollowerState (FollowerState.java:run(120)) - 3cc51d6b-e891-4e52-b01b-ce9c9a895fa2@group-E38CCF0B2F7E-FollowerState was interrupted: java.lang.InterruptedException: sleep interrupted
2019-11-11 20:28:19,353 [75be7957-289d-4245-a821-fc5677a0cfb7@group-E38CCF0B2F7E-LeaderElection191] INFO  impl.LeaderElection (LeaderElection.java:logAndReturn(56)) - 75be7957-289d-4245-a821-fc5677a0cfb7@group-E38CCF0B2F7E-LeaderElection191: Election PASSED; received 1 response(s) [75be7957-289d-4245-a821-fc5677a0cfb7<-3cc51d6b-e891-4e52-b01b-ce9c9a895fa2#0:OK-t1] and 0 exception(s); 75be7957-289d-4245-a821-fc5677a0cfb7@group-E38CCF0B2F7E:t1, leader=null, voted=75be7957-289d-4245-a821-fc5677a0cfb7, raftlog=75be7957-289d-4245-a821-fc5677a0cfb7@group-E38CCF0B2F7E-SegmentedRaftLog:OPENED:c-1,f-1,i0, conf=-1: [3cc51d6b-e891-4e52-b01b-ce9c9a895fa2:192.168.69.124:45920, 75be7957-289d-4245-a821-fc5677a0cfb7:192.168.69.124:39702, fb7bce6a-1cd3-4beb-8a28-448fd0b8448e:192.168.69.124:37289], old=null
2019-11-11 20:28:19,353 [75be7957-289d-4245-a821-fc5677a0cfb7@group-E38CCF0B2F7E-LeaderElection191] INFO  impl.RoleInfo (RoleInfo.java:shutdownLeaderElection(134)) - 75be7957-289d-4245-a821-fc5677a0cfb7: shutdown LeaderElection
2019-11-11 20:28:19,353 [75be7957-289d-4245-a821-fc5677a0cfb7@group-E38CCF0B2F7E-LeaderElection191] INFO  impl.RaftServerImpl (RaftServerImpl.java:setRole(173)) - 75be7957-289d-4245-a821-fc5677a0cfb7@group-E38CCF0B2F7E: changes role from CANDIDATE to LEADER at term 1 for changeToLeader
2019-11-11 20:28:19,353 [75be7957-289d-4245-a821-fc5677a0cfb7@group-E38CCF0B2F7E-LeaderElection191] INFO  ratis.XceiverServerRatis (XceiverServerRatis.java:handleLeaderChangedNotification(697)) - Leader change notification received for group: group-E38CCF0B2F7E with new leaderId: 75be7957-289d-4245-a821-fc5677a0cfb7
2019-11-11 20:28:19,353 [75be7957-289d-4245-a821-fc5677a0cfb7@group-E38CCF0B2F7E-LeaderElection191] INFO  impl.RaftServerImpl (ServerState.java:setLeader(255)) - 75be7957-289d-4245-a821-fc5677a0cfb7@group-E38CCF0B2F7E: change Leader from null to 75be7957-289d-4245-a821-fc5677a0cfb7 at term 1 for becomeLeader, leader elected after 1100ms
2019-11-11 20:28:19,353 [75be7957-289d-4245-a821-fc5677a0cfb7@group-E38CCF0B2F7E-LeaderElection191] INFO  server.RaftServerConfigKeys (ConfUtils.java:logGet(43)) - raft.server.staging.catchup.gap = 1000 (default)
2019-11-11 20:28:19,354 [75be7957-289d-4245-a821-fc5677a0cfb7@group-E38CCF0B2F7E-LeaderElection191] INFO  server.RaftServerConfigKeys (ConfUtils.java:logGet(43)) - raft.server.rpc.sleep.time = 25ms (default)
2019-11-11 20:28:19,354 [75be7957-289d-4245-a821-fc5677a0cfb7@group-E38CCF0B2F7E-LeaderElection191] INFO  server.RaftServerConfigKeys (ConfUtils.java:logGet(43)) - raft.server.write.element-limit = 4096 (default)
2019-11-11 20:28:19,354 [75be7957-289d-4245-a821-fc5677a0cfb7@group-E38CCF0B2F7E-LeaderElection191] INFO  server.RaftServerConfigKeys (ConfUtils.java:logGet(43)) - raft.server.watch.timeout = 10s (default)
2019-11-11 20:28:19,354 [75be7957-289d-4245-a821-fc5677a0cfb7@group-E38CCF0B2F7E-LeaderElection191] INFO  server.RaftServerConfigKeys (ConfUtils.java:logGet(43)) - raft.server.watch.timeout.denomination = 1s (default)
2019-11-11 20:28:19,354 [75be7957-289d-4245-a821-fc5677a0cfb7@group-E38CCF0B2F7E-LeaderElection191] INFO  server.RaftServerConfigKeys (ConfUtils.java:logGet(43)) - raft.server.watch.element-limit = 65536 (default)
2019-11-11 20:28:19,354 [75be7957-289d-4245-a821-fc5677a0cfb7@group-E38CCF0B2F7E-LeaderElection191] INFO  server.RaftServerConfigKeys (ConfUtils.java:logGet(43)) - raft.server.log.appender.snapshot.chunk.size.max = 16MB (=16777216) (default)
2019-11-11 20:28:19,354 [EventQueue-PipelineReportForPipelineReportHandler] INFO  pipeline.PipelineStateManager (PipelineStateManager.java:openPipeline(134)) - Pipeline Pipeline[ Id: 96c2848f-93e6-486b-aacd-e38ccf0b2f7e, Nodes: 75be7957-289d-4245-a821-fc5677a0cfb7{ip: 192.168.69.124, host: pr-hdds-1868-2776b-164702576, networkLocation: /rack1, certSerialId: null}3cc51d6b-e891-4e52-b01b-ce9c9a895fa2{ip: 192.168.69.124, host: pr-hdds-1868-2776b-164702576, networkLocation: /rack1, certSerialId: null}fb7bce6a-1cd3-4beb-8a28-448fd0b8448e{ip: 192.168.69.124, host: pr-hdds-1868-2776b-164702576, networkLocation: /rack1, certSerialId: null}, Type:RATIS, Factor:THREE, State:OPEN] moved to OPEN state
2019-11-11 20:28:19,354 [75be7957-289d-4245-a821-fc5677a0cfb7@group-E38CCF0B2F7E-LeaderElection191] INFO  server.RaftServerConfigKeys (ConfUtils.java:logGet(43)) - raft.server.log.appender.buffer.byte-limit = 33554432 (custom)
2019-11-11 20:28:19,354 [75be7957-289d-4245-a821-fc5677a0cfb7@group-E38CCF0B2F7E-LeaderElection191] INFO  server.RaftServerConfigKeys (ConfUtils.java:logGet(43)) - raft.server.log.appender.buffer.element-limit = 1 (custom)
2019-11-11 20:28:19,355 [75be7957-289d-4245-a821-fc5677a0cfb7@group-E38CCF0B2F7E-LeaderElection191] INFO  grpc.GrpcConfigKeys$Server (ConfUtils.java:logGet(43)) - raft.grpc.server.leader.outstanding.appends.max = 128 (default)
2019-11-11 20:28:19,355 [75be7957-289d-4245-a821-fc5677a0cfb7@group-E38CCF0B2F7E-LeaderElection191] INFO  server.RaftServerConfigKeys (ConfUtils.java:logGet(43)) - raft.server.rpc.request.timeout = 3000ms (default)
2019-11-11 20:28:19,355 [75be7957-289d-4245-a821-fc5677a0cfb7@group-E38CCF0B2F7E-LeaderElection191] INFO  server.RaftServerConfigKeys (ConfUtils.java:logGet(43)) - raft.server.log.appender.install.snapshot.enabled = false (custom)
2019-11-11 20:28:19,355 [75be7957-289d-4245-a821-fc5677a0cfb7@group-E38CCF0B2F7E-LeaderElection191] WARN  impl.MetricRegistriesImpl (MetricRegistriesImpl.java:lambda$create$1(61)) - First MetricRegistry has been created without registering reporters. You may need to call MetricRegistries.global().addReportRegistration(...) before.
2019-11-11 20:28:19,355 [75be7957-289d-4245-a821-fc5677a0cfb7@group-E38CCF0B2F7E-LeaderElection191] INFO  server.RaftServerConfigKeys (ConfUtils.java:logGet(43)) - raft.server.log.appender.snapshot.chunk.size.max = 16MB (=16777216) (default)
2019-11-11 20:28:19,355 [75be7957-289d-4245-a821-fc5677a0cfb7@group-E38CCF0B2F7E-LeaderElection191] INFO  server.RaftServerConfigKeys (ConfUtils.java:logGet(43)) - raft.server.log.appender.buffer.byte-limit = 33554432 (custom)
2019-11-11 20:28:19,355 [75be7957-289d-4245-a821-fc5677a0cfb7@group-E38CCF0B2F7E-LeaderElection191] INFO  server.RaftServerConfigKeys (ConfUtils.java:logGet(43)) - raft.server.log.appender.buffer.element-limit = 1 (custom)
2019-11-11 20:28:19,355 [75be7957-289d-4245-a821-fc5677a0cfb7@group-E38CCF0B2F7E-LeaderElection191] INFO  grpc.GrpcConfigKeys$Server (ConfUtils.java:logGet(43)) - raft.grpc.server.leader.outstanding.appends.max = 128 (default)
2019-11-11 20:28:19,356 [75be7957-289d-4245-a821-fc5677a0cfb7@group-E38CCF0B2F7E-LeaderElection191] INFO  server.RaftServerConfigKeys (ConfUtils.java:logGet(43)) - raft.server.rpc.request.timeout = 3000ms (default)
2019-11-11 20:28:19,356 [75be7957-289d-4245-a821-fc5677a0cfb7@group-E38CCF0B2F7E-LeaderElection191] INFO  server.RaftServerConfigKeys (ConfUtils.java:logGet(43)) - raft.server.log.appender.install.snapshot.enabled = false (custom)
2019-11-11 20:28:19,356 [75be7957-289d-4245-a821-fc5677a0cfb7@group-E38CCF0B2F7E-LeaderElection191] INFO  impl.RoleInfo (RoleInfo.java:updateAndGet(143)) - 75be7957-289d-4245-a821-fc5677a0cfb7: start LeaderState
2019-11-11 20:28:19,356 [75be7957-289d-4245-a821-fc5677a0cfb7@group-E38CCF0B2F7E-LeaderElection191] INFO  segmented.SegmentedRaftLogWorker (SegmentedRaftLogWorker.java:startLogSegment(385)) - 75be7957-289d-4245-a821-fc5677a0cfb7@group-E38CCF0B2F7E-SegmentedRaftLogWorker: Starting segment from index:0
2019-11-11 20:28:19,356 [75be7957-289d-4245-a821-fc5677a0cfb7@group-E38CCF0B2F7E-LeaderElection191] INFO  impl.RaftServerImpl (ServerState.java:setRaftConf(356)) - 75be7957-289d-4245-a821-fc5677a0cfb7@group-E38CCF0B2F7E: set configuration 0: [3cc51d6b-e891-4e52-b01b-ce9c9a895fa2:192.168.69.124:45920, 75be7957-289d-4245-a821-fc5677a0cfb7:192.168.69.124:39702, fb7bce6a-1cd3-4beb-8a28-448fd0b8448e:192.168.69.124:37289], old=null at 0
2019-11-11 20:28:19,389 [grpc-default-executor-8] INFO  ratis.XceiverServerRatis (XceiverServerRatis.java:handleLeaderChangedNotification(697)) - Leader change notification received for group: group-E38CCF0B2F7E with new leaderId: 75be7957-289d-4245-a821-fc5677a0cfb7
2019-11-11 20:28:19,389 [grpc-default-executor-7] INFO  ratis.XceiverServerRatis (XceiverServerRatis.java:handleLeaderChangedNotification(697)) - Leader change notification received for group: group-E38CCF0B2F7E with new leaderId: 75be7957-289d-4245-a821-fc5677a0cfb7
2019-11-11 20:28:19,390 [grpc-default-executor-8] INFO  impl.RaftServerImpl (ServerState.java:setLeader(255)) - fb7bce6a-1cd3-4beb-8a28-448fd0b8448e@group-E38CCF0B2F7E: change Leader from null to 75be7957-289d-4245-a821-fc5677a0cfb7 at term 1 for appendEntries, leader elected after 1136ms
2019-11-11 20:28:19,390 [grpc-default-executor-7] INFO  impl.RaftServerImpl (ServerState.java:setLeader(255)) - 3cc51d6b-e891-4e52-b01b-ce9c9a895fa2@group-E38CCF0B2F7E: change Leader from null to 75be7957-289d-4245-a821-fc5677a0cfb7 at term 1 for appendEntries, leader elected after 1136ms
2019-11-11 20:28:19,396 [grpc-default-executor-7] INFO  impl.RaftServerImpl (ServerState.java:setRaftConf(356)) - 3cc51d6b-e891-4e52-b01b-ce9c9a895fa2@group-E38CCF0B2F7E: set configuration 0: [3cc51d6b-e891-4e52-b01b-ce9c9a895fa2:192.168.69.124:45920, 75be7957-289d-4245-a821-fc5677a0cfb7:192.168.69.124:39702, fb7bce6a-1cd3-4beb-8a28-448fd0b8448e:192.168.69.124:37289], old=null at 0
2019-11-11 20:28:19,396 [grpc-default-executor-7] INFO  segmented.SegmentedRaftLogWorker (SegmentedRaftLogWorker.java:startLogSegment(385)) - 3cc51d6b-e891-4e52-b01b-ce9c9a895fa2@group-E38CCF0B2F7E-SegmentedRaftLogWorker: Starting segment from index:0
2019-11-11 20:28:19,396 [grpc-default-executor-5] INFO  impl.RaftServerImpl (ServerState.java:setRaftConf(356)) - fb7bce6a-1cd3-4beb-8a28-448fd0b8448e@group-E38CCF0B2F7E: set configuration 0: [3cc51d6b-e891-4e52-b01b-ce9c9a895fa2:192.168.69.124:45920, 75be7957-289d-4245-a821-fc5677a0cfb7:192.168.69.124:39702, fb7bce6a-1cd3-4beb-8a28-448fd0b8448e:192.168.69.124:37289], old=null at 0
2019-11-11 20:28:19,396 [grpc-default-executor-5] INFO  segmented.SegmentedRaftLogWorker (SegmentedRaftLogWorker.java:startLogSegment(385)) - fb7bce6a-1cd3-4beb-8a28-448fd0b8448e@group-E38CCF0B2F7E-SegmentedRaftLogWorker: Starting segment from index:0
2019-11-11 20:28:19,430 [75be7957-289d-4245-a821-fc5677a0cfb7@group-E38CCF0B2F7E-SegmentedRaftLogWorker] INFO  segmented.SegmentedRaftLogWorker (SegmentedRaftLogWorker.java:execute(576)) - 75be7957-289d-4245-a821-fc5677a0cfb7@group-E38CCF0B2F7E-SegmentedRaftLogWorker: created new log segment /workdir/hadoop-ozone/integration-test/target/test-dir/MiniOzoneClusterImpl-878a1954-6462-47b6-bdcc-bab86c556cb3/datanode-6/data/ratis/96c2848f-93e6-486b-aacd-e38ccf0b2f7e/current/log_inprogress_0
2019-11-11 20:28:19,436 [main] WARN  io.KeyOutputStream (KeyOutputStream.java:handleException(274)) - Encountered exception java.io.IOException: Unexpected Storage Container Exception: java.util.concurrent.CompletionException: java.util.concurrent.CompletionException: org.apache.ratis.protocol.GroupMismatchException: f9a7ecd3-e7a4-4080-bb37-5ca61c0ec681: group-BA1D0B5421B3 not found. on the pipeline Pipeline[ Id: cdbc83e8-4d22-4bce-b0ee-ba1d0b5421b3, Nodes: e0742d41-25ee-4eea-9579-711a01e64de1{ip: 192.168.69.124, host: pr-hdds-1868-2776b-164702576, networkLocation: /rack1, certSerialId: null}4458042f-08fe-441c-a446-1f2065605b64{ip: 192.168.69.124, host: pr-hdds-1868-2776b-164702576, networkLocation: /rack1, certSerialId: null}f9a7ecd3-e7a4-4080-bb37-5ca61c0ec681{ip: 192.168.69.124, host: pr-hdds-1868-2776b-164702576, networkLocation: /rack1, certSerialId: null}, Type:RATIS, Factor:THREE, State:OPEN]. The last committed block length is 0, uncommitted data length is 1048576 retry count 0
2019-11-11 20:28:19,436 [main] INFO  io.BlockOutputStreamEntryPool (BlockOutputStreamEntryPool.java:allocateNewBlock(257)) - Allocating block with ExcludeList {datanodes = [], containerIds = [], pipelineIds = [PipelineID=cdbc83e8-4d22-4bce-b0ee-ba1d0b5421b3]}
2019-11-11 20:28:19,453 [3cc51d6b-e891-4e52-b01b-ce9c9a895fa2@group-E38CCF0B2F7E-SegmentedRaftLogWorker] INFO  segmented.SegmentedRaftLogWorker (SegmentedRaftLogWorker.java:execute(576)) - 3cc51d6b-e891-4e52-b01b-ce9c9a895fa2@group-E38CCF0B2F7E-SegmentedRaftLogWorker: created new log segment /workdir/hadoop-ozone/integration-test/target/test-dir/MiniOzoneClusterImpl-878a1954-6462-47b6-bdcc-bab86c556cb3/datanode-8/data/ratis/96c2848f-93e6-486b-aacd-e38ccf0b2f7e/current/log_inprogress_0
2019-11-11 20:28:19,453 [fb7bce6a-1cd3-4beb-8a28-448fd0b8448e@group-E38CCF0B2F7E-SegmentedRaftLogWorker] INFO  segmented.SegmentedRaftLogWorker (SegmentedRaftLogWorker.java:execute(576)) - fb7bce6a-1cd3-4beb-8a28-448fd0b8448e@group-E38CCF0B2F7E-SegmentedRaftLogWorker: created new log segment /workdir/hadoop-ozone/integration-test/target/test-dir/MiniOzoneClusterImpl-878a1954-6462-47b6-bdcc-bab86c556cb3/datanode-7/data/ratis/96c2848f-93e6-486b-aacd-e38ccf0b2f7e/current/log_inprogress_0
2019-11-11 20:28:19,519 [Thread-4541] INFO  impl.FollowerState (FollowerState.java:run(111)) - f9a7ecd3-e7a4-4080-bb37-5ca61c0ec681@group-0F6DDCC91F53-FollowerState: change to CANDIDATE, lastRpcTime:1176ms, electionTimeout:1176ms
2019-11-11 20:28:19,519 [Thread-4541] INFO  impl.RoleInfo (RoleInfo.java:shutdownFollowerState(121)) - f9a7ecd3-e7a4-4080-bb37-5ca61c0ec681: shutdown FollowerState
2019-11-11 20:28:19,519 [Thread-4541] INFO  impl.RaftServerImpl (RaftServerImpl.java:setRole(173)) - f9a7ecd3-e7a4-4080-bb37-5ca61c0ec681@group-0F6DDCC91F53: changes role from  FOLLOWER to CANDIDATE at term 0 for changeToCandidate
2019-11-11 20:28:19,519 [Thread-4541] INFO  impl.RoleInfo (RoleInfo.java:updateAndGet(143)) - f9a7ecd3-e7a4-4080-bb37-5ca61c0ec681: start LeaderElection
2019-11-11 20:28:19,542 [f9a7ecd3-e7a4-4080-bb37-5ca61c0ec681@group-0F6DDCC91F53-LeaderElection192] INFO  impl.LeaderElection (LeaderElection.java:askForVotes(178)) - f9a7ecd3-e7a4-4080-bb37-5ca61c0ec681@group-0F6DDCC91F53-LeaderElection192: begin an election at term 1 for -1: [f9a7ecd3-e7a4-4080-bb37-5ca61c0ec681:192.168.69.124:39904], old=null
2019-11-11 20:28:19,542 [f9a7ecd3-e7a4-4080-bb37-5ca61c0ec681@group-0F6DDCC91F53-LeaderElection192] INFO  impl.RoleInfo (RoleInfo.java:shutdownLeaderElection(134)) - f9a7ecd3-e7a4-4080-bb37-5ca61c0ec681: shutdown LeaderElection
2019-11-11 20:28:19,542 [f9a7ecd3-e7a4-4080-bb37-5ca61c0ec681@group-0F6DDCC91F53-LeaderElection192] INFO  impl.RaftServerImpl (RaftServerImpl.java:setRole(173)) - f9a7ecd3-e7a4-4080-bb37-5ca61c0ec681@group-0F6DDCC91F53: changes role from CANDIDATE to LEADER at term 1 for changeToLeader
2019-11-11 20:28:19,542 [f9a7ecd3-e7a4-4080-bb37-5ca61c0ec681@group-0F6DDCC91F53-LeaderElection192] INFO  ratis.XceiverServerRatis (XceiverServerRatis.java:handleLeaderChangedNotification(697)) - Leader change notification received for group: group-0F6DDCC91F53 with new leaderId: f9a7ecd3-e7a4-4080-bb37-5ca61c0ec681
2019-11-11 20:28:19,542 [f9a7ecd3-e7a4-4080-bb37-5ca61c0ec681@group-0F6DDCC91F53-LeaderElection192] INFO  impl.RaftServerImpl (ServerState.java:setLeader(255)) - f9a7ecd3-e7a4-4080-bb37-5ca61c0ec681@group-0F6DDCC91F53: change Leader from null to f9a7ecd3-e7a4-4080-bb37-5ca61c0ec681 at term 1 for becomeLeader, leader elected after 1202ms
2019-11-11 20:28:19,542 [f9a7ecd3-e7a4-4080-bb37-5ca61c0ec681@group-0F6DDCC91F53-LeaderElection192] INFO  server.RaftServerConfigKeys (ConfUtils.java:logGet(43)) - raft.server.staging.catchup.gap = 1000 (default)
2019-11-11 20:28:19,542 [f9a7ecd3-e7a4-4080-bb37-5ca61c0ec681@group-0F6DDCC91F53-LeaderElection192] INFO  server.RaftServerConfigKeys (ConfUtils.java:logGet(43)) - raft.server.rpc.sleep.time = 25ms (default)
2019-11-11 20:28:19,543 [f9a7ecd3-e7a4-4080-bb37-5ca61c0ec681@group-0F6DDCC91F53-LeaderElection192] INFO  server.RaftServerConfigKeys (ConfUtils.java:logGet(43)) - raft.server.write.element-limit = 4096 (default)
2019-11-11 20:28:19,543 [f9a7ecd3-e7a4-4080-bb37-5ca61c0ec681@group-0F6DDCC91F53-LeaderElection192] INFO  server.RaftServerConfigKeys (ConfUtils.java:logGet(43)) - raft.server.watch.timeout = 10s (default)
2019-11-11 20:28:19,543 [f9a7ecd3-e7a4-4080-bb37-5ca61c0ec681@group-0F6DDCC91F53-LeaderElection192] INFO  server.RaftServerConfigKeys (ConfUtils.java:logGet(43)) - raft.server.watch.timeout.denomination = 1s (default)
2019-11-11 20:28:19,543 [f9a7ecd3-e7a4-4080-bb37-5ca61c0ec681@group-0F6DDCC91F53-LeaderElection192] INFO  server.RaftServerConfigKeys (ConfUtils.java:logGet(43)) - raft.server.watch.element-limit = 65536 (default)
2019-11-11 20:28:19,543 [f9a7ecd3-e7a4-4080-bb37-5ca61c0ec681@group-0F6DDCC91F53-LeaderElection192] INFO  impl.RoleInfo (RoleInfo.java:updateAndGet(143)) - f9a7ecd3-e7a4-4080-bb37-5ca61c0ec681: start LeaderState
2019-11-11 20:28:19,543 [EventQueue-PipelineReportForPipelineReportHandler] INFO  pipeline.PipelineStateManager (PipelineStateManager.java:openPipeline(134)) - Pipeline Pipeline[ Id: 523d2051-701c-4d5e-909b-0f6ddcc91f53, Nodes: f9a7ecd3-e7a4-4080-bb37-5ca61c0ec681{ip: 192.168.69.124, host: pr-hdds-1868-2776b-164702576, networkLocation: /rack1, certSerialId: null}, Type:RATIS, Factor:ONE, State:OPEN] moved to OPEN state
2019-11-11 20:28:19,543 [f9a7ecd3-e7a4-4080-bb37-5ca61c0ec681@group-0F6DDCC91F53-LeaderElection192] INFO  segmented.SegmentedRaftLogWorker (SegmentedRaftLogWorker.java:startLogSegment(385)) - f9a7ecd3-e7a4-4080-bb37-5ca61c0ec681@group-0F6DDCC91F53-SegmentedRaftLogWorker: Starting segment from index:0
2019-11-11 20:28:19,544 [f9a7ecd3-e7a4-4080-bb37-5ca61c0ec681@group-0F6DDCC91F53-LeaderElection192] INFO  impl.RaftServerImpl (ServerState.java:setRaftConf(356)) - f9a7ecd3-e7a4-4080-bb37-5ca61c0ec681@group-0F6DDCC91F53: set configuration 0: [f9a7ecd3-e7a4-4080-bb37-5ca61c0ec681:192.168.69.124:39904], old=null at 0
2019-11-11 20:28:19,601 [f9a7ecd3-e7a4-4080-bb37-5ca61c0ec681@group-0F6DDCC91F53-SegmentedRaftLogWorker] INFO  segmented.SegmentedRaftLogWorker (SegmentedRaftLogWorker.java:execute(576)) - f9a7ecd3-e7a4-4080-bb37-5ca61c0ec681@group-0F6DDCC91F53-SegmentedRaftLogWorker: created new log segment /workdir/hadoop-ozone/integration-test/target/test-dir/MiniOzoneClusterImpl-878a1954-6462-47b6-bdcc-bab86c556cb3/datanode-1/data/ratis/523d2051-701c-4d5e-909b-0f6ddcc91f53/current/log_inprogress_0
2019-11-11 20:28:19,792 [main] INFO  ozone.MiniOzoneClusterImpl (MiniOzoneClusterImpl.java:shutdown(352)) - Shutting down the Mini Ozone Cluster
2019-11-11 20:28:19,792 [main] INFO  ozone.MiniOzoneClusterImpl (MiniOzoneClusterImpl.java:stop(368)) - Stopping the Mini Ozone Cluster
2019-11-11 20:28:19,792 [main] INFO  ozone.MiniOzoneClusterImpl (MiniOzoneClusterImpl.java:stopOM(438)) - Stopping the OzoneManager
2019-11-11 20:28:19,792 [main] INFO  ipc.Server (Server.java:stop(3082)) - Stopping server on 35343
2019-11-11 20:28:19,799 [IPC Server listener on 35343] INFO  ipc.Server (Server.java:run(1185)) - Stopping IPC Server listener on 35343
2019-11-11 20:28:19,799 [main] INFO  ratis.OzoneManagerDoubleBuffer (OzoneManagerDoubleBuffer.java:stop(261)) - Stopping OMDoubleBuffer flush thread
2019-11-11 20:28:19,799 [IPC Server Responder] INFO  ipc.Server (Server.java:run(1319)) - Stopping IPC Server Responder
2019-11-11 20:28:19,809 [OMDoubleBufferFlushThread] INFO  ratis.OzoneManagerDoubleBuffer (OzoneManagerDoubleBuffer.java:flushTransactions(199)) - OMDoubleBuffer flush thread OMDoubleBufferFlushThread is interrupted and will exit. OMDoubleBufferFlushThread
2019-11-11 20:28:19,814 [main] INFO  utils.BackgroundService (BackgroundService.java:shutdown(151)) - Shutting down service KeyDeletingService
2019-11-11 20:28:19,821 [main] INFO  handler.ContextHandler (ContextHandler.java:doStop(910)) - Stopped o.e.j.w.WebAppContext@6fbf5db2{/,null,UNAVAILABLE}{/ozoneManager}
2019-11-11 20:28:19,822 [main] INFO  server.AbstractConnector (AbstractConnector.java:doStop(318)) - Stopped ServerConnector@509a6095{HTTP/1.1,[http/1.1]}{0.0.0.0:0}
2019-11-11 20:28:19,822 [main] INFO  handler.ContextHandler (ContextHandler.java:doStop(910)) - Stopped o.e.j.s.ServletContextHandler@2d130ac4{/static,file:///workdir/hadoop-ozone/integration-test/target/test-classes/webapps/static,UNAVAILABLE}
2019-11-11 20:28:19,822 [main] INFO  handler.ContextHandler (ContextHandler.java:doStop(910)) - Stopped o.e.j.s.ServletContextHandler@77083e41{/logs,file:///workdir/hadoop-ozone/integration-test/target/log,UNAVAILABLE}
2019-11-11 20:28:19,825 [main] INFO  ozone.MiniOzoneClusterImpl (MiniOzoneClusterImpl.java:stopDatanodes(415)) - Stopping the HddsDatanodes
2019-11-11 20:28:19,833 [Thread-4562] INFO  impl.FollowerState (FollowerState.java:run(111)) - 4ee8c297-07ef-4ca0-9e53-65cba3c36712@group-7208C3118237-FollowerState: change to CANDIDATE, lastRpcTime:1005ms, electionTimeout:1005ms
2019-11-11 20:28:19,833 [Thread-4562] INFO  impl.RoleInfo (RoleInfo.java:shutdownFollowerState(121)) - 4ee8c297-07ef-4ca0-9e53-65cba3c36712: shutdown FollowerState
2019-11-11 20:28:19,833 [Thread-4562] INFO  impl.RaftServerImpl (RaftServerImpl.java:setRole(173)) - 4ee8c297-07ef-4ca0-9e53-65cba3c36712@group-7208C3118237: changes role from  FOLLOWER to CANDIDATE at term 0 for changeToCandidate
2019-11-11 20:28:19,833 [Thread-4562] INFO  impl.RoleInfo (RoleInfo.java:updateAndGet(143)) - 4ee8c297-07ef-4ca0-9e53-65cba3c36712: start LeaderElection
2019-11-11 20:28:19,865 [4ee8c297-07ef-4ca0-9e53-65cba3c36712@group-7208C3118237-LeaderElection193] INFO  impl.LeaderElection (LeaderElection.java:askForVotes(178)) - 4ee8c297-07ef-4ca0-9e53-65cba3c36712@group-7208C3118237-LeaderElection193: begin an election at term 1 for -1: [e0742d41-25ee-4eea-9579-711a01e64de1:192.168.69.124:44547, 4458042f-08fe-441c-a446-1f2065605b64:192.168.69.124:44156, 4ee8c297-07ef-4ca0-9e53-65cba3c36712:192.168.69.124:36407], old=null
2019-11-11 20:28:19,868 [grpc-default-executor-5] INFO  impl.RaftServerImpl (RaftServerImpl.java:setRole(173)) - 4458042f-08fe-441c-a446-1f2065605b64@group-7208C3118237: changes role from  FOLLOWER to FOLLOWER at term 1 for recognizeCandidate:4ee8c297-07ef-4ca0-9e53-65cba3c36712
2019-11-11 20:28:19,868 [grpc-default-executor-8] INFO  impl.RaftServerImpl (RaftServerImpl.java:setRole(173)) - e0742d41-25ee-4eea-9579-711a01e64de1@group-7208C3118237: changes role from  FOLLOWER to FOLLOWER at term 1 for recognizeCandidate:4ee8c297-07ef-4ca0-9e53-65cba3c36712
2019-11-11 20:28:19,868 [grpc-default-executor-5] INFO  impl.RoleInfo (RoleInfo.java:shutdownFollowerState(121)) - 4458042f-08fe-441c-a446-1f2065605b64: shutdown FollowerState
2019-11-11 20:28:19,868 [grpc-default-executor-8] INFO  impl.RoleInfo (RoleInfo.java:shutdownFollowerState(121)) - e0742d41-25ee-4eea-9579-711a01e64de1: shutdown FollowerState
2019-11-11 20:28:19,869 [Thread-4560] INFO  impl.FollowerState (FollowerState.java:run(120)) - 4458042f-08fe-441c-a446-1f2065605b64@group-7208C3118237-FollowerState was interrupted: java.lang.InterruptedException: sleep interrupted
2019-11-11 20:28:19,869 [grpc-default-executor-5] INFO  impl.RoleInfo (RoleInfo.java:updateAndGet(143)) - 4458042f-08fe-441c-a446-1f2065605b64: start FollowerState
2019-11-11 20:28:19,869 [Thread-4557] INFO  impl.FollowerState (FollowerState.java:run(120)) - e0742d41-25ee-4eea-9579-711a01e64de1@group-7208C3118237-FollowerState was interrupted: java.lang.InterruptedException: sleep interrupted
2019-11-11 20:28:19,869 [grpc-default-executor-8] INFO  impl.RoleInfo (RoleInfo.java:updateAndGet(143)) - e0742d41-25ee-4eea-9579-711a01e64de1: start FollowerState
2019-11-11 20:28:19,900 [4ee8c297-07ef-4ca0-9e53-65cba3c36712@group-7208C3118237-LeaderElection193] INFO  impl.LeaderElection (LeaderElection.java:logAndReturn(56)) - 4ee8c297-07ef-4ca0-9e53-65cba3c36712@group-7208C3118237-LeaderElection193: Election PASSED; received 1 response(s) [4ee8c297-07ef-4ca0-9e53-65cba3c36712<-e0742d41-25ee-4eea-9579-711a01e64de1#0:OK-t1] and 0 exception(s); 4ee8c297-07ef-4ca0-9e53-65cba3c36712@group-7208C3118237:t1, leader=null, voted=4ee8c297-07ef-4ca0-9e53-65cba3c36712, raftlog=4ee8c297-07ef-4ca0-9e53-65cba3c36712@group-7208C3118237-SegmentedRaftLog:OPENED:c-1,f-1,i0, conf=-1: [e0742d41-25ee-4eea-9579-711a01e64de1:192.168.69.124:44547, 4458042f-08fe-441c-a446-1f2065605b64:192.168.69.124:44156, 4ee8c297-07ef-4ca0-9e53-65cba3c36712:192.168.69.124:36407], old=null
2019-11-11 20:28:19,900 [4ee8c297-07ef-4ca0-9e53-65cba3c36712@group-7208C3118237-LeaderElection193] INFO  impl.RoleInfo (RoleInfo.java:shutdownLeaderElection(134)) - 4ee8c297-07ef-4ca0-9e53-65cba3c36712: shutdown LeaderElection
2019-11-11 20:28:19,900 [4ee8c297-07ef-4ca0-9e53-65cba3c36712@group-7208C3118237-LeaderElection193] INFO  impl.RaftServerImpl (RaftServerImpl.java:setRole(173)) - 4ee8c297-07ef-4ca0-9e53-65cba3c36712@group-7208C3118237: changes role from CANDIDATE to LEADER at term 1 for changeToLeader
2019-11-11 20:28:19,900 [4ee8c297-07ef-4ca0-9e53-65cba3c36712@group-7208C3118237-LeaderElection193] INFO  ratis.XceiverServerRatis (XceiverServerRatis.java:handleLeaderChangedNotification(697)) - Leader change notification received for group: group-7208C3118237 with new leaderId: 4ee8c297-07ef-4ca0-9e53-65cba3c36712
2019-11-11 20:28:19,900 [4ee8c297-07ef-4ca0-9e53-65cba3c36712@group-7208C3118237-LeaderElection193] INFO  impl.RaftServerImpl (ServerState.java:setLeader(255)) - 4ee8c297-07ef-4ca0-9e53-65cba3c36712@group-7208C3118237: change Leader from null to 4ee8c297-07ef-4ca0-9e53-65cba3c36712 at term 1 for becomeLeader, leader elected after 1081ms
2019-11-11 20:28:19,900 [4ee8c297-07ef-4ca0-9e53-65cba3c36712@group-7208C3118237-LeaderElection193] INFO  server.RaftServerConfigKeys (ConfUtils.java:logGet(43)) - raft.server.staging.catchup.gap = 1000 (default)
2019-11-11 20:28:19,900 [4ee8c297-07ef-4ca0-9e53-65cba3c36712@group-7208C3118237-LeaderElection193] INFO  server.RaftServerConfigKeys (ConfUtils.java:logGet(43)) - raft.server.rpc.sleep.time = 25ms (default)
2019-11-11 20:28:19,901 [4ee8c297-07ef-4ca0-9e53-65cba3c36712@group-7208C3118237-LeaderElection193] INFO  server.RaftServerConfigKeys (ConfUtils.java:logGet(43)) - raft.server.write.element-limit = 4096 (default)
2019-11-11 20:28:19,901 [4ee8c297-07ef-4ca0-9e53-65cba3c36712@group-7208C3118237-LeaderElection193] INFO  server.RaftServerConfigKeys (ConfUtils.java:logGet(43)) - raft.server.watch.timeout = 10s (default)
2019-11-11 20:28:19,901 [4ee8c297-07ef-4ca0-9e53-65cba3c36712@group-7208C3118237-LeaderElection193] INFO  server.RaftServerConfigKeys (ConfUtils.java:logGet(43)) - raft.server.watch.timeout.denomination = 1s (default)
2019-11-11 20:28:19,901 [4ee8c297-07ef-4ca0-9e53-65cba3c36712@group-7208C3118237-LeaderElection193] INFO  server.RaftServerConfigKeys (ConfUtils.java:logGet(43)) - raft.server.watch.element-limit = 65536 (default)
2019-11-11 20:28:19,901 [4ee8c297-07ef-4ca0-9e53-65cba3c36712@group-7208C3118237-LeaderElection193] INFO  server.RaftServerConfigKeys (ConfUtils.java:logGet(43)) - raft.server.log.appender.snapshot.chunk.size.max = 16MB (=16777216) (default)
2019-11-11 20:28:19,901 [EventQueue-PipelineReportForPipelineReportHandler] INFO  pipeline.PipelineStateManager (PipelineStateManager.java:openPipeline(134)) - Pipeline Pipeline[ Id: a833ae29-a090-42d0-a8d5-7208c3118237, Nodes: e0742d41-25ee-4eea-9579-711a01e64de1{ip: 192.168.69.124, host: pr-hdds-1868-2776b-164702576, networkLocation: /rack1, certSerialId: null}4458042f-08fe-441c-a446-1f2065605b64{ip: 192.168.69.124, host: pr-hdds-1868-2776b-164702576, networkLocation: /rack1, certSerialId: null}4ee8c297-07ef-4ca0-9e53-65cba3c36712{ip: 192.168.69.124, host: pr-hdds-1868-2776b-164702576, networkLocation: /rack1, certSerialId: null}, Type:RATIS, Factor:THREE, State:OPEN] moved to OPEN state
2019-11-11 20:28:19,901 [4ee8c297-07ef-4ca0-9e53-65cba3c36712@group-7208C3118237-LeaderElection193] INFO  server.RaftServerConfigKeys (ConfUtils.java:logGet(43)) - raft.server.log.appender.buffer.byte-limit = 33554432 (custom)
2019-11-11 20:28:19,902 [4ee8c297-07ef-4ca0-9e53-65cba3c36712@group-7208C3118237-LeaderElection193] INFO  server.RaftServerConfigKeys (ConfUtils.java:logGet(43)) - raft.server.log.appender.buffer.element-limit = 1 (custom)
2019-11-11 20:28:19,902 [4ee8c297-07ef-4ca0-9e53-65cba3c36712@group-7208C3118237-LeaderElection193] INFO  grpc.GrpcConfigKeys$Server (ConfUtils.java:logGet(43)) - raft.grpc.server.leader.outstanding.appends.max = 128 (default)
2019-11-11 20:28:19,902 [4ee8c297-07ef-4ca0-9e53-65cba3c36712@group-7208C3118237-LeaderElection193] INFO  server.RaftServerConfigKeys (ConfUtils.java:logGet(43)) - raft.server.rpc.request.timeout = 3000ms (default)
2019-11-11 20:28:19,902 [4ee8c297-07ef-4ca0-9e53-65cba3c36712@group-7208C3118237-LeaderElection193] INFO  server.RaftServerConfigKeys (ConfUtils.java:logGet(43)) - raft.server.log.appender.install.snapshot.enabled = false (custom)
2019-11-11 20:28:19,902 [4ee8c297-07ef-4ca0-9e53-65cba3c36712@group-7208C3118237-LeaderElection193] WARN  impl.MetricRegistriesImpl (MetricRegistriesImpl.java:lambda$create$1(61)) - First MetricRegistry has been created without registering reporters. You may need to call MetricRegistries.global().addReportRegistration(...) before.
2019-11-11 20:28:19,902 [4ee8c297-07ef-4ca0-9e53-65cba3c36712@group-7208C3118237-LeaderElection193] INFO  server.RaftServerConfigKeys (ConfUtils.java:logGet(43)) - raft.server.log.appender.snapshot.chunk.size.max = 16MB (=16777216) (default)
2019-11-11 20:28:19,903 [4ee8c297-07ef-4ca0-9e53-65cba3c36712@group-7208C3118237-LeaderElection193] INFO  server.RaftServerConfigKeys (ConfUtils.java:logGet(43)) - raft.server.log.appender.buffer.byte-limit = 33554432 (custom)
2019-11-11 20:28:19,903 [4ee8c297-07ef-4ca0-9e53-65cba3c36712@group-7208C3118237-LeaderElection193] INFO  server.RaftServerConfigKeys (ConfUtils.java:logGet(43)) - raft.server.log.appender.buffer.element-limit = 1 (custom)
2019-11-11 20:28:19,903 [4ee8c297-07ef-4ca0-9e53-65cba3c36712@group-7208C3118237-LeaderElection193] INFO  grpc.GrpcConfigKeys$Server (ConfUtils.java:logGet(43)) - raft.grpc.server.leader.outstanding.appends.max = 128 (default)
2019-11-11 20:28:19,903 [4ee8c297-07ef-4ca0-9e53-65cba3c36712@group-7208C3118237-LeaderElection193] INFO  server.RaftServerConfigKeys (ConfUtils.java:logGet(43)) - raft.server.rpc.request.timeout = 3000ms (default)
2019-11-11 20:28:19,903 [4ee8c297-07ef-4ca0-9e53-65cba3c36712@group-7208C3118237-LeaderElection193] INFO  server.RaftServerConfigKeys (ConfUtils.java:logGet(43)) - raft.server.log.appender.install.snapshot.enabled = false (custom)
2019-11-11 20:28:19,903 [4ee8c297-07ef-4ca0-9e53-65cba3c36712@group-7208C3118237-LeaderElection193] INFO  impl.RoleInfo (RoleInfo.java:updateAndGet(143)) - 4ee8c297-07ef-4ca0-9e53-65cba3c36712: start LeaderState
2019-11-11 20:28:19,903 [4ee8c297-07ef-4ca0-9e53-65cba3c36712@group-7208C3118237-LeaderElection193] INFO  segmented.SegmentedRaftLogWorker (SegmentedRaftLogWorker.java:startLogSegment(385)) - 4ee8c297-07ef-4ca0-9e53-65cba3c36712@group-7208C3118237-SegmentedRaftLogWorker: Starting segment from index:0
2019-11-11 20:28:19,904 [4ee8c297-07ef-4ca0-9e53-65cba3c36712@group-7208C3118237-LeaderElection193] INFO  impl.RaftServerImpl (ServerState.java:setRaftConf(356)) - 4ee8c297-07ef-4ca0-9e53-65cba3c36712@group-7208C3118237: set configuration 0: [e0742d41-25ee-4eea-9579-711a01e64de1:192.168.69.124:44547, 4458042f-08fe-441c-a446-1f2065605b64:192.168.69.124:44156, 4ee8c297-07ef-4ca0-9e53-65cba3c36712:192.168.69.124:36407], old=null at 0
2019-11-11 20:28:19,942 [grpc-default-executor-5] INFO  ratis.XceiverServerRatis (XceiverServerRatis.java:handleLeaderChangedNotification(697)) - Leader change notification received for group: group-7208C3118237 with new leaderId: 4ee8c297-07ef-4ca0-9e53-65cba3c36712
2019-11-11 20:28:19,942 [grpc-default-executor-5] INFO  impl.RaftServerImpl (ServerState.java:setLeader(255)) - e0742d41-25ee-4eea-9579-711a01e64de1@group-7208C3118237: change Leader from null to 4ee8c297-07ef-4ca0-9e53-65cba3c36712 at term 1 for appendEntries, leader elected after 1123ms
2019-11-11 20:28:19,944 [grpc-default-executor-8] INFO  ratis.XceiverServerRatis (XceiverServerRatis.java:handleLeaderChangedNotification(697)) - Leader change notification received for group: group-7208C3118237 with new leaderId: 4ee8c297-07ef-4ca0-9e53-65cba3c36712
2019-11-11 20:28:19,944 [grpc-default-executor-8] INFO  impl.RaftServerImpl (ServerState.java:setLeader(255)) - 4458042f-08fe-441c-a446-1f2065605b64@group-7208C3118237: change Leader from null to 4ee8c297-07ef-4ca0-9e53-65cba3c36712 at term 1 for appendEntries, leader elected after 1125ms
2019-11-11 20:28:19,947 [grpc-default-executor-5] INFO  impl.RaftServerImpl (ServerState.java:setRaftConf(356)) - e0742d41-25ee-4eea-9579-711a01e64de1@group-7208C3118237: set configuration 0: [e0742d41-25ee-4eea-9579-711a01e64de1:192.168.69.124:44547, 4458042f-08fe-441c-a446-1f2065605b64:192.168.69.124:44156, 4ee8c297-07ef-4ca0-9e53-65cba3c36712:192.168.69.124:36407], old=null at 0
2019-11-11 20:28:19,947 [grpc-default-executor-5] INFO  segmented.SegmentedRaftLogWorker (SegmentedRaftLogWorker.java:startLogSegment(385)) - e0742d41-25ee-4eea-9579-711a01e64de1@group-7208C3118237-SegmentedRaftLogWorker: Starting segment from index:0
2019-11-11 20:28:19,948 [grpc-default-executor-8] INFO  impl.RaftServerImpl (ServerState.java:setRaftConf(356)) - 4458042f-08fe-441c-a446-1f2065605b64@group-7208C3118237: set configuration 0: [e0742d41-25ee-4eea-9579-711a01e64de1:192.168.69.124:44547, 4458042f-08fe-441c-a446-1f2065605b64:192.168.69.124:44156, 4ee8c297-07ef-4ca0-9e53-65cba3c36712:192.168.69.124:36407], old=null at 0
2019-11-11 20:28:19,949 [grpc-default-executor-8] INFO  segmented.SegmentedRaftLogWorker (SegmentedRaftLogWorker.java:startLogSegment(385)) - 4458042f-08fe-441c-a446-1f2065605b64@group-7208C3118237-SegmentedRaftLogWorker: Starting segment from index:0
2019-11-11 20:28:19,959 [4ee8c297-07ef-4ca0-9e53-65cba3c36712@group-7208C3118237-SegmentedRaftLogWorker] INFO  segmented.SegmentedRaftLogWorker (SegmentedRaftLogWorker.java:execute(576)) - 4ee8c297-07ef-4ca0-9e53-65cba3c36712@group-7208C3118237-SegmentedRaftLogWorker: created new log segment /workdir/hadoop-ozone/integration-test/target/test-dir/MiniOzoneClusterImpl-878a1954-6462-47b6-bdcc-bab86c556cb3/datanode-9/data/ratis/a833ae29-a090-42d0-a8d5-7208c3118237/current/log_inprogress_0
2019-11-11 20:28:20,010 [e0742d41-25ee-4eea-9579-711a01e64de1@group-7208C3118237-SegmentedRaftLogWorker] INFO  segmented.SegmentedRaftLogWorker (SegmentedRaftLogWorker.java:execute(576)) - e0742d41-25ee-4eea-9579-711a01e64de1@group-7208C3118237-SegmentedRaftLogWorker: created new log segment /workdir/hadoop-ozone/integration-test/target/test-dir/MiniOzoneClusterImpl-878a1954-6462-47b6-bdcc-bab86c556cb3/datanode-0/data/ratis/a833ae29-a090-42d0-a8d5-7208c3118237/current/log_inprogress_0
2019-11-11 20:28:20,010 [4458042f-08fe-441c-a446-1f2065605b64@group-7208C3118237-SegmentedRaftLogWorker] INFO  segmented.SegmentedRaftLogWorker (SegmentedRaftLogWorker.java:execute(576)) - 4458042f-08fe-441c-a446-1f2065605b64@group-7208C3118237-SegmentedRaftLogWorker: created new log segment /workdir/hadoop-ozone/integration-test/target/test-dir/MiniOzoneClusterImpl-878a1954-6462-47b6-bdcc-bab86c556cb3/datanode-2/data/ratis/a833ae29-a090-42d0-a8d5-7208c3118237/current/log_inprogress_0
2019-11-11 20:28:20,021 [Thread-4567] INFO  impl.FollowerState (FollowerState.java:run(111)) - 396508a6-021e-4f53-afd2-417daf51af04@group-FF2A10B69E1D-FollowerState: change to CANDIDATE, lastRpcTime:1106ms, electionTimeout:1106ms
2019-11-11 20:28:20,021 [Thread-4567] INFO  impl.RoleInfo (RoleInfo.java:shutdownFollowerState(121)) - 396508a6-021e-4f53-afd2-417daf51af04: shutdown FollowerState
2019-11-11 20:28:20,021 [Thread-4567] INFO  impl.RaftServerImpl (RaftServerImpl.java:setRole(173)) - 396508a6-021e-4f53-afd2-417daf51af04@group-FF2A10B69E1D: changes role from  FOLLOWER to CANDIDATE at term 0 for changeToCandidate
2019-11-11 20:28:20,021 [Thread-4567] INFO  impl.RoleInfo (RoleInfo.java:updateAndGet(143)) - 396508a6-021e-4f53-afd2-417daf51af04: start LeaderElection
2019-11-11 20:28:20,052 [396508a6-021e-4f53-afd2-417daf51af04@group-FF2A10B69E1D-LeaderElection194] INFO  impl.LeaderElection (LeaderElection.java:askForVotes(178)) - 396508a6-021e-4f53-afd2-417daf51af04@group-FF2A10B69E1D-LeaderElection194: begin an election at term 1 for -1: [396508a6-021e-4f53-afd2-417daf51af04:192.168.69.124:45746], old=null
2019-11-11 20:28:20,052 [396508a6-021e-4f53-afd2-417daf51af04@group-FF2A10B69E1D-LeaderElection194] INFO  impl.RoleInfo (RoleInfo.java:shutdownLeaderElection(134)) - 396508a6-021e-4f53-afd2-417daf51af04: shutdown LeaderElection
2019-11-11 20:28:20,052 [396508a6-021e-4f53-afd2-417daf51af04@group-FF2A10B69E1D-LeaderElection194] INFO  impl.RaftServerImpl (RaftServerImpl.java:setRole(173)) - 396508a6-021e-4f53-afd2-417daf51af04@group-FF2A10B69E1D: changes role from CANDIDATE to LEADER at term 1 for changeToLeader
2019-11-11 20:28:20,052 [396508a6-021e-4f53-afd2-417daf51af04@group-FF2A10B69E1D-LeaderElection194] INFO  ratis.XceiverServerRatis (XceiverServerRatis.java:handleLeaderChangedNotification(697)) - Leader change notification received for group: group-FF2A10B69E1D with new leaderId: 396508a6-021e-4f53-afd2-417daf51af04
2019-11-11 20:28:20,052 [396508a6-021e-4f53-afd2-417daf51af04@group-FF2A10B69E1D-LeaderElection194] INFO  impl.RaftServerImpl (ServerState.java:setLeader(255)) - 396508a6-021e-4f53-afd2-417daf51af04@group-FF2A10B69E1D: change Leader from null to 396508a6-021e-4f53-afd2-417daf51af04 at term 1 for becomeLeader, leader elected after 1140ms
2019-11-11 20:28:20,052 [396508a6-021e-4f53-afd2-417daf51af04@group-FF2A10B69E1D-LeaderElection194] INFO  server.RaftServerConfigKeys (ConfUtils.java:logGet(43)) - raft.server.staging.catchup.gap = 1000 (default)
2019-11-11 20:28:20,052 [396508a6-021e-4f53-afd2-417daf51af04@group-FF2A10B69E1D-LeaderElection194] INFO  server.RaftServerConfigKeys (ConfUtils.java:logGet(43)) - raft.server.rpc.sleep.time = 25ms (default)
2019-11-11 20:28:20,053 [396508a6-021e-4f53-afd2-417daf51af04@group-FF2A10B69E1D-LeaderElection194] INFO  server.RaftServerConfigKeys (ConfUtils.java:logGet(43)) - raft.server.write.element-limit = 4096 (default)
2019-11-11 20:28:20,053 [396508a6-021e-4f53-afd2-417daf51af04@group-FF2A10B69E1D-LeaderElection194] INFO  server.RaftServerConfigKeys (ConfUtils.java:logGet(43)) - raft.server.watch.timeout = 10s (default)
2019-11-11 20:28:20,053 [396508a6-021e-4f53-afd2-417daf51af04@group-FF2A10B69E1D-LeaderElection194] INFO  server.RaftServerConfigKeys (ConfUtils.java:logGet(43)) - raft.server.watch.timeout.denomination = 1s (default)
2019-11-11 20:28:20,053 [396508a6-021e-4f53-afd2-417daf51af04@group-FF2A10B69E1D-LeaderElection194] INFO  server.RaftServerConfigKeys (ConfUtils.java:logGet(43)) - raft.server.watch.element-limit = 65536 (default)
2019-11-11 20:28:20,053 [396508a6-021e-4f53-afd2-417daf51af04@group-FF2A10B69E1D-LeaderElection194] INFO  impl.RoleInfo (RoleInfo.java:updateAndGet(143)) - 396508a6-021e-4f53-afd2-417daf51af04: start LeaderState
2019-11-11 20:28:20,053 [396508a6-021e-4f53-afd2-417daf51af04@group-FF2A10B69E1D-LeaderElection194] INFO  segmented.SegmentedRaftLogWorker (SegmentedRaftLogWorker.java:startLogSegment(385)) - 396508a6-021e-4f53-afd2-417daf51af04@group-FF2A10B69E1D-SegmentedRaftLogWorker: Starting segment from index:0
2019-11-11 20:28:20,053 [EventQueue-PipelineReportForPipelineReportHandler] INFO  pipeline.PipelineStateManager (PipelineStateManager.java:openPipeline(134)) - Pipeline Pipeline[ Id: 51456249-2198-4705-8466-ff2a10b69e1d, Nodes: 396508a6-021e-4f53-afd2-417daf51af04{ip: 192.168.69.124, host: pr-hdds-1868-2776b-164702576, networkLocation: /rack1, certSerialId: null}, Type:RATIS, Factor:ONE, State:OPEN] moved to OPEN state
2019-11-11 20:28:20,054 [396508a6-021e-4f53-afd2-417daf51af04@group-FF2A10B69E1D-LeaderElection194] INFO  impl.RaftServerImpl (ServerState.java:setRaftConf(356)) - 396508a6-021e-4f53-afd2-417daf51af04@group-FF2A10B69E1D: set configuration 0: [396508a6-021e-4f53-afd2-417daf51af04:192.168.69.124:45746], old=null at 0
2019-11-11 20:28:20,096 [Thread-4571] INFO  impl.FollowerState (FollowerState.java:run(111)) - e0742d41-25ee-4eea-9579-711a01e64de1@group-C2947F1A8D1F-FollowerState: change to CANDIDATE, lastRpcTime:1113ms, electionTimeout:1113ms
2019-11-11 20:28:20,097 [Thread-4571] INFO  impl.RoleInfo (RoleInfo.java:shutdownFollowerState(121)) - e0742d41-25ee-4eea-9579-711a01e64de1: shutdown FollowerState
2019-11-11 20:28:20,097 [Thread-4571] INFO  impl.RaftServerImpl (RaftServerImpl.java:setRole(173)) - e0742d41-25ee-4eea-9579-711a01e64de1@group-C2947F1A8D1F: changes role from  FOLLOWER to CANDIDATE at term 0 for changeToCandidate
2019-11-11 20:28:20,097 [Thread-4571] INFO  impl.RoleInfo (RoleInfo.java:updateAndGet(143)) - e0742d41-25ee-4eea-9579-711a01e64de1: start LeaderElection
2019-11-11 20:28:20,102 [396508a6-021e-4f53-afd2-417daf51af04@group-FF2A10B69E1D-SegmentedRaftLogWorker] INFO  segmented.SegmentedRaftLogWorker (SegmentedRaftLogWorker.java:execute(576)) - 396508a6-021e-4f53-afd2-417daf51af04@group-FF2A10B69E1D-SegmentedRaftLogWorker: created new log segment /workdir/hadoop-ozone/integration-test/target/test-dir/MiniOzoneClusterImpl-878a1954-6462-47b6-bdcc-bab86c556cb3/datanode-4/data/ratis/51456249-2198-4705-8466-ff2a10b69e1d/current/log_inprogress_0
2019-11-11 20:28:20,109 [Datanode State Machine Thread - 0] INFO  statemachine.DatanodeStateMachine (DatanodeStateMachine.java:lambda$startDaemon$0(350)) - Ozone container server started.
2019-11-11 20:28:20,120 [e0742d41-25ee-4eea-9579-711a01e64de1@group-C2947F1A8D1F-LeaderElection195] INFO  impl.LeaderElection (LeaderElection.java:askForVotes(178)) - e0742d41-25ee-4eea-9579-711a01e64de1@group-C2947F1A8D1F-LeaderElection195: begin an election at term 1 for -1: [e0742d41-25ee-4eea-9579-711a01e64de1:192.168.69.124:44547], old=null
2019-11-11 20:28:20,120 [e0742d41-25ee-4eea-9579-711a01e64de1@group-C2947F1A8D1F-LeaderElection195] INFO  impl.RoleInfo (RoleInfo.java:shutdownLeaderElection(134)) - e0742d41-25ee-4eea-9579-711a01e64de1: shutdown LeaderElection
2019-11-11 20:28:20,120 [e0742d41-25ee-4eea-9579-711a01e64de1@group-C2947F1A8D1F-LeaderElection195] INFO  impl.RaftServerImpl (RaftServerImpl.java:setRole(173)) - e0742d41-25ee-4eea-9579-711a01e64de1@group-C2947F1A8D1F: changes role from CANDIDATE to LEADER at term 1 for changeToLeader
2019-11-11 20:28:20,120 [e0742d41-25ee-4eea-9579-711a01e64de1@group-C2947F1A8D1F-LeaderElection195] INFO  ratis.XceiverServerRatis (XceiverServerRatis.java:handleLeaderChangedNotification(697)) - Leader change notification received for group: group-C2947F1A8D1F with new leaderId: e0742d41-25ee-4eea-9579-711a01e64de1
2019-11-11 20:28:20,120 [e0742d41-25ee-4eea-9579-711a01e64de1@group-C2947F1A8D1F-LeaderElection195] INFO  impl.RaftServerImpl (ServerState.java:setLeader(255)) - e0742d41-25ee-4eea-9579-711a01e64de1@group-C2947F1A8D1F: change Leader from null to e0742d41-25ee-4eea-9579-711a01e64de1 at term 1 for becomeLeader, leader elected after 1140ms
2019-11-11 20:28:20,120 [e0742d41-25ee-4eea-9579-711a01e64de1@group-C2947F1A8D1F-LeaderElection195] INFO  server.RaftServerConfigKeys (ConfUtils.java:logGet(43)) - raft.server.staging.catchup.gap = 1000 (default)
2019-11-11 20:28:20,120 [e0742d41-25ee-4eea-9579-711a01e64de1@group-C2947F1A8D1F-LeaderElection195] INFO  server.RaftServerConfigKeys (ConfUtils.java:logGet(43)) - raft.server.rpc.sleep.time = 25ms (default)
2019-11-11 20:28:20,120 [e0742d41-25ee-4eea-9579-711a01e64de1@group-C2947F1A8D1F-LeaderElection195] INFO  server.RaftServerConfigKeys (ConfUtils.java:logGet(43)) - raft.server.write.element-limit = 4096 (default)
2019-11-11 20:28:20,121 [e0742d41-25ee-4eea-9579-711a01e64de1@group-C2947F1A8D1F-LeaderElection195] INFO  server.RaftServerConfigKeys (ConfUtils.java:logGet(43)) - raft.server.watch.timeout = 10s (default)
2019-11-11 20:28:20,121 [e0742d41-25ee-4eea-9579-711a01e64de1@group-C2947F1A8D1F-LeaderElection195] INFO  server.RaftServerConfigKeys (ConfUtils.java:logGet(43)) - raft.server.watch.timeout.denomination = 1s (default)
2019-11-11 20:28:20,121 [e0742d41-25ee-4eea-9579-711a01e64de1@group-C2947F1A8D1F-LeaderElection195] INFO  server.RaftServerConfigKeys (ConfUtils.java:logGet(43)) - raft.server.watch.element-limit = 65536 (default)
2019-11-11 20:28:20,121 [e0742d41-25ee-4eea-9579-711a01e64de1@group-C2947F1A8D1F-LeaderElection195] INFO  impl.RoleInfo (RoleInfo.java:updateAndGet(143)) - e0742d41-25ee-4eea-9579-711a01e64de1: start LeaderState
2019-11-11 20:28:20,121 [e0742d41-25ee-4eea-9579-711a01e64de1@group-C2947F1A8D1F-LeaderElection195] INFO  segmented.SegmentedRaftLogWorker (SegmentedRaftLogWorker.java:startLogSegment(385)) - e0742d41-25ee-4eea-9579-711a01e64de1@group-C2947F1A8D1F-SegmentedRaftLogWorker: Starting segment from index:0
2019-11-11 20:28:20,121 [EventQueue-PipelineReportForPipelineReportHandler] INFO  pipeline.PipelineStateManager (PipelineStateManager.java:openPipeline(134)) - Pipeline Pipeline[ Id: c7901965-a566-4f8f-95d6-c2947f1a8d1f, Nodes: e0742d41-25ee-4eea-9579-711a01e64de1{ip: 192.168.69.124, host: pr-hdds-1868-2776b-164702576, networkLocation: /rack1, certSerialId: null}, Type:RATIS, Factor:ONE, State:OPEN] moved to OPEN state
2019-11-11 20:28:20,121 [e0742d41-25ee-4eea-9579-711a01e64de1@group-C2947F1A8D1F-LeaderElection195] INFO  impl.RaftServerImpl (ServerState.java:setRaftConf(356)) - e0742d41-25ee-4eea-9579-711a01e64de1@group-C2947F1A8D1F: set configuration 0: [e0742d41-25ee-4eea-9579-711a01e64de1:192.168.69.124:44547], old=null at 0
2019-11-11 20:28:20,171 [Thread-4593] INFO  impl.FollowerState (FollowerState.java:run(111)) - 6ca76b85-30a3-47b0-8ec4-51f6d05896eb@group-A29BFB456FCB-FollowerState: change to CANDIDATE, lastRpcTime:1033ms, electionTimeout:1033ms
2019-11-11 20:28:20,171 [Thread-4593] INFO  impl.RoleInfo (RoleInfo.java:shutdownFollowerState(121)) - 6ca76b85-30a3-47b0-8ec4-51f6d05896eb: shutdown FollowerState
2019-11-11 20:28:20,171 [Thread-4593] INFO  impl.RaftServerImpl (RaftServerImpl.java:setRole(173)) - 6ca76b85-30a3-47b0-8ec4-51f6d05896eb@group-A29BFB456FCB: changes role from  FOLLOWER to CANDIDATE at term 0 for changeToCandidate
2019-11-11 20:28:20,171 [Thread-4593] INFO  impl.RoleInfo (RoleInfo.java:updateAndGet(143)) - 6ca76b85-30a3-47b0-8ec4-51f6d05896eb: start LeaderElection
2019-11-11 20:28:20,178 [e0742d41-25ee-4eea-9579-711a01e64de1@group-C2947F1A8D1F-SegmentedRaftLogWorker] INFO  segmented.SegmentedRaftLogWorker (SegmentedRaftLogWorker.java:execute(576)) - e0742d41-25ee-4eea-9579-711a01e64de1@group-C2947F1A8D1F-SegmentedRaftLogWorker: created new log segment /workdir/hadoop-ozone/integration-test/target/test-dir/MiniOzoneClusterImpl-878a1954-6462-47b6-bdcc-bab86c556cb3/datanode-0/data/ratis/c7901965-a566-4f8f-95d6-c2947f1a8d1f/current/log_inprogress_0
2019-11-11 20:28:20,182 [Thread-4576] INFO  impl.FollowerState (FollowerState.java:run(111)) - 4ee8c297-07ef-4ca0-9e53-65cba3c36712@group-7560D6A3F2A9-FollowerState: change to CANDIDATE, lastRpcTime:1120ms, electionTimeout:1120ms
2019-11-11 20:28:20,182 [Thread-4576] INFO  impl.RoleInfo (RoleInfo.java:shutdownFollowerState(121)) - 4ee8c297-07ef-4ca0-9e53-65cba3c36712: shutdown FollowerState
2019-11-11 20:28:20,182 [Thread-4576] INFO  impl.RaftServerImpl (RaftServerImpl.java:setRole(173)) - 4ee8c297-07ef-4ca0-9e53-65cba3c36712@group-7560D6A3F2A9: changes role from  FOLLOWER to CANDIDATE at term 0 for changeToCandidate
2019-11-11 20:28:20,182 [Thread-4576] INFO  impl.RoleInfo (RoleInfo.java:updateAndGet(143)) - 4ee8c297-07ef-4ca0-9e53-65cba3c36712: start LeaderElection
2019-11-11 20:28:20,204 [4ee8c297-07ef-4ca0-9e53-65cba3c36712@group-7560D6A3F2A9-LeaderElection197] INFO  impl.LeaderElection (LeaderElection.java:askForVotes(178)) - 4ee8c297-07ef-4ca0-9e53-65cba3c36712@group-7560D6A3F2A9-LeaderElection197: begin an election at term 1 for -1: [4ee8c297-07ef-4ca0-9e53-65cba3c36712:192.168.69.124:36407], old=null
2019-11-11 20:28:20,204 [6ca76b85-30a3-47b0-8ec4-51f6d05896eb@group-A29BFB456FCB-LeaderElection196] INFO  impl.LeaderElection (LeaderElection.java:askForVotes(178)) - 6ca76b85-30a3-47b0-8ec4-51f6d05896eb@group-A29BFB456FCB-LeaderElection196: begin an election at term 1 for -1: [6ca76b85-30a3-47b0-8ec4-51f6d05896eb:192.168.69.124:38205], old=null
2019-11-11 20:28:20,204 [4ee8c297-07ef-4ca0-9e53-65cba3c36712@group-7560D6A3F2A9-LeaderElection197] INFO  impl.RoleInfo (RoleInfo.java:shutdownLeaderElection(134)) - 4ee8c297-07ef-4ca0-9e53-65cba3c36712: shutdown LeaderElection
2019-11-11 20:28:20,204 [6ca76b85-30a3-47b0-8ec4-51f6d05896eb@group-A29BFB456FCB-LeaderElection196] INFO  impl.RoleInfo (RoleInfo.java:shutdownLeaderElection(134)) - 6ca76b85-30a3-47b0-8ec4-51f6d05896eb: shutdown LeaderElection
2019-11-11 20:28:20,204 [4ee8c297-07ef-4ca0-9e53-65cba3c36712@group-7560D6A3F2A9-LeaderElection197] INFO  impl.RaftServerImpl (RaftServerImpl.java:setRole(173)) - 4ee8c297-07ef-4ca0-9e53-65cba3c36712@group-7560D6A3F2A9: changes role from CANDIDATE to LEADER at term 1 for changeToLeader
2019-11-11 20:28:20,204 [6ca76b85-30a3-47b0-8ec4-51f6d05896eb@group-A29BFB456FCB-LeaderElection196] INFO  impl.RaftServerImpl (RaftServerImpl.java:setRole(173)) - 6ca76b85-30a3-47b0-8ec4-51f6d05896eb@group-A29BFB456FCB: changes role from CANDIDATE to LEADER at term 1 for changeToLeader
2019-11-11 20:28:20,205 [4ee8c297-07ef-4ca0-9e53-65cba3c36712@group-7560D6A3F2A9-LeaderElection197] INFO  ratis.XceiverServerRatis (XceiverServerRatis.java:handleLeaderChangedNotification(697)) - Leader change notification received for group: group-7560D6A3F2A9 with new leaderId: 4ee8c297-07ef-4ca0-9e53-65cba3c36712
2019-11-11 20:28:20,205 [6ca76b85-30a3-47b0-8ec4-51f6d05896eb@group-A29BFB456FCB-LeaderElection196] INFO  ratis.XceiverServerRatis (XceiverServerRatis.java:handleLeaderChangedNotification(697)) - Leader change notification received for group: group-A29BFB456FCB with new leaderId: 6ca76b85-30a3-47b0-8ec4-51f6d05896eb
2019-11-11 20:28:20,205 [4ee8c297-07ef-4ca0-9e53-65cba3c36712@group-7560D6A3F2A9-LeaderElection197] INFO  impl.RaftServerImpl (ServerState.java:setLeader(255)) - 4ee8c297-07ef-4ca0-9e53-65cba3c36712@group-7560D6A3F2A9: change Leader from null to 4ee8c297-07ef-4ca0-9e53-65cba3c36712 at term 1 for becomeLeader, leader elected after 1146ms
2019-11-11 20:28:20,205 [6ca76b85-30a3-47b0-8ec4-51f6d05896eb@group-A29BFB456FCB-LeaderElection196] INFO  impl.RaftServerImpl (ServerState.java:setLeader(255)) - 6ca76b85-30a3-47b0-8ec4-51f6d05896eb@group-A29BFB456FCB: change Leader from null to 6ca76b85-30a3-47b0-8ec4-51f6d05896eb at term 1 for becomeLeader, leader elected after 1071ms
2019-11-11 20:28:20,205 [4ee8c297-07ef-4ca0-9e53-65cba3c36712@group-7560D6A3F2A9-LeaderElection197] INFO  server.RaftServerConfigKeys (ConfUtils.java:logGet(43)) - raft.server.staging.catchup.gap = 1000 (default)
2019-11-11 20:28:20,205 [6ca76b85-30a3-47b0-8ec4-51f6d05896eb@group-A29BFB456FCB-LeaderElection196] INFO  server.RaftServerConfigKeys (ConfUtils.java:logGet(43)) - raft.server.staging.catchup.gap = 1000 (default)
2019-11-11 20:28:20,205 [4ee8c297-07ef-4ca0-9e53-65cba3c36712@group-7560D6A3F2A9-LeaderElection197] INFO  server.RaftServerConfigKeys (ConfUtils.java:logGet(43)) - raft.server.rpc.sleep.time = 25ms (default)
2019-11-11 20:28:20,205 [6ca76b85-30a3-47b0-8ec4-51f6d05896eb@group-A29BFB456FCB-LeaderElection196] INFO  server.RaftServerConfigKeys (ConfUtils.java:logGet(43)) - raft.server.rpc.sleep.time = 25ms (default)
2019-11-11 20:28:20,205 [4ee8c297-07ef-4ca0-9e53-65cba3c36712@group-7560D6A3F2A9-LeaderElection197] INFO  server.RaftServerConfigKeys (ConfUtils.java:logGet(43)) - raft.server.write.element-limit = 4096 (default)
2019-11-11 20:28:20,206 [6ca76b85-30a3-47b0-8ec4-51f6d05896eb@group-A29BFB456FCB-LeaderElection196] INFO  server.RaftServerConfigKeys (ConfUtils.java:logGet(43)) - raft.server.write.element-limit = 4096 (default)
2019-11-11 20:28:20,206 [4ee8c297-07ef-4ca0-9e53-65cba3c36712@group-7560D6A3F2A9-LeaderElection197] INFO  server.RaftServerConfigKeys (ConfUtils.java:logGet(43)) - raft.server.watch.timeout = 10s (default)
2019-11-11 20:28:20,206 [EventQueue-PipelineReportForPipelineReportHandler] INFO  pipeline.PipelineStateManager (PipelineStateManager.java:openPipeline(134)) - Pipeline Pipeline[ Id: 5d218335-268f-4a9d-9ed9-7560d6a3f2a9, Nodes: 4ee8c297-07ef-4ca0-9e53-65cba3c36712{ip: 192.168.69.124, host: pr-hdds-1868-2776b-164702576, networkLocation: /rack1, certSerialId: null}, Type:RATIS, Factor:ONE, State:OPEN] moved to OPEN state
2019-11-11 20:28:20,206 [6ca76b85-30a3-47b0-8ec4-51f6d05896eb@group-A29BFB456FCB-LeaderElection196] INFO  server.RaftServerConfigKeys (ConfUtils.java:logGet(43)) - raft.server.watch.timeout = 10s (default)
2019-11-11 20:28:20,206 [4ee8c297-07ef-4ca0-9e53-65cba3c36712@group-7560D6A3F2A9-LeaderElection197] INFO  server.RaftServerConfigKeys (ConfUtils.java:logGet(43)) - raft.server.watch.timeout.denomination = 1s (default)
2019-11-11 20:28:20,206 [6ca76b85-30a3-47b0-8ec4-51f6d05896eb@group-A29BFB456FCB-LeaderElection196] INFO  server.RaftServerConfigKeys (ConfUtils.java:logGet(43)) - raft.server.watch.timeout.denomination = 1s (default)
2019-11-11 20:28:20,206 [4ee8c297-07ef-4ca0-9e53-65cba3c36712@group-7560D6A3F2A9-LeaderElection197] INFO  server.RaftServerConfigKeys (ConfUtils.java:logGet(43)) - raft.server.watch.element-limit = 65536 (default)
2019-11-11 20:28:20,206 [6ca76b85-30a3-47b0-8ec4-51f6d05896eb@group-A29BFB456FCB-LeaderElection196] INFO  server.RaftServerConfigKeys (ConfUtils.java:logGet(43)) - raft.server.watch.element-limit = 65536 (default)
2019-11-11 20:28:20,206 [4ee8c297-07ef-4ca0-9e53-65cba3c36712@group-7560D6A3F2A9-LeaderElection197] INFO  impl.RoleInfo (RoleInfo.java:updateAndGet(143)) - 4ee8c297-07ef-4ca0-9e53-65cba3c36712: start LeaderState
2019-11-11 20:28:20,206 [6ca76b85-30a3-47b0-8ec4-51f6d05896eb@group-A29BFB456FCB-LeaderElection196] INFO  impl.RoleInfo (RoleInfo.java:updateAndGet(143)) - 6ca76b85-30a3-47b0-8ec4-51f6d05896eb: start LeaderState
2019-11-11 20:28:20,207 [4ee8c297-07ef-4ca0-9e53-65cba3c36712@group-7560D6A3F2A9-LeaderElection197] INFO  segmented.SegmentedRaftLogWorker (SegmentedRaftLogWorker.java:startLogSegment(385)) - 4ee8c297-07ef-4ca0-9e53-65cba3c36712@group-7560D6A3F2A9-SegmentedRaftLogWorker: Starting segment from index:0
2019-11-11 20:28:20,207 [6ca76b85-30a3-47b0-8ec4-51f6d05896eb@group-A29BFB456FCB-LeaderElection196] INFO  segmented.SegmentedRaftLogWorker (SegmentedRaftLogWorker.java:startLogSegment(385)) - 6ca76b85-30a3-47b0-8ec4-51f6d05896eb@group-A29BFB456FCB-SegmentedRaftLogWorker: Starting segment from index:0
2019-11-11 20:28:20,207 [4ee8c297-07ef-4ca0-9e53-65cba3c36712@group-7560D6A3F2A9-LeaderElection197] INFO  impl.RaftServerImpl (ServerState.java:setRaftConf(356)) - 4ee8c297-07ef-4ca0-9e53-65cba3c36712@group-7560D6A3F2A9: set configuration 0: [4ee8c297-07ef-4ca0-9e53-65cba3c36712:192.168.69.124:36407], old=null at 0
2019-11-11 20:28:20,207 [6ca76b85-30a3-47b0-8ec4-51f6d05896eb@group-A29BFB456FCB-LeaderElection196] INFO  impl.RaftServerImpl (ServerState.java:setRaftConf(356)) - 6ca76b85-30a3-47b0-8ec4-51f6d05896eb@group-A29BFB456FCB: set configuration 0: [6ca76b85-30a3-47b0-8ec4-51f6d05896eb:192.168.69.124:38205], old=null at 0
2019-11-11 20:28:20,288 [6ca76b85-30a3-47b0-8ec4-51f6d05896eb@group-A29BFB456FCB-SegmentedRaftLogWorker] INFO  segmented.SegmentedRaftLogWorker (SegmentedRaftLogWorker.java:execute(576)) - 6ca76b85-30a3-47b0-8ec4-51f6d05896eb@group-A29BFB456FCB-SegmentedRaftLogWorker: created new log segment /workdir/hadoop-ozone/integration-test/target/test-dir/MiniOzoneClusterImpl-878a1954-6462-47b6-bdcc-bab86c556cb3/datanode-5/data/ratis/a602f6ff-c7ae-472f-b0ce-a29bfb456fcb/current/log_inprogress_0
2019-11-11 20:28:20,288 [4ee8c297-07ef-4ca0-9e53-65cba3c36712@group-7560D6A3F2A9-SegmentedRaftLogWorker] INFO  segmented.SegmentedRaftLogWorker (SegmentedRaftLogWorker.java:execute(576)) - 4ee8c297-07ef-4ca0-9e53-65cba3c36712@group-7560D6A3F2A9-SegmentedRaftLogWorker: created new log segment /workdir/hadoop-ozone/integration-test/target/test-dir/MiniOzoneClusterImpl-878a1954-6462-47b6-bdcc-bab86c556cb3/datanode-9/data/ratis/5d218335-268f-4a9d-9ed9-7560d6a3f2a9/current/log_inprogress_0
2019-11-11 20:28:20,574 [Datanode State Machine Thread - 0] INFO  statemachine.DatanodeStateMachine (DatanodeStateMachine.java:lambda$startDaemon$0(350)) - Ozone container server started.
2019-11-11 20:28:24,826 [main] INFO  ozoneimpl.OzoneContainer (OzoneContainer.java:stop(232)) - Attempting to stop container services.
2019-11-11 20:28:24,826 [ForkJoinPool.commonPool-worker-0] INFO  ozoneimpl.OzoneContainer (OzoneContainer.java:stop(232)) - Attempting to stop container services.
2019-11-11 20:28:24,827 [main] INFO  impl.RaftServerProxy (RaftServerProxy.java:lambda$close$4(314)) - 6ca76b85-30a3-47b0-8ec4-51f6d05896eb: close
2019-11-11 20:28:24,827 [ForkJoinPool.commonPool-worker-0] INFO  impl.RaftServerProxy (RaftServerProxy.java:lambda$close$4(314)) - 4458042f-08fe-441c-a446-1f2065605b64: close
2019-11-11 20:28:24,827 [main] INFO  impl.RaftServerImpl (RaftServerImpl.java:lambda$shutdown$3(250)) - 6ca76b85-30a3-47b0-8ec4-51f6d05896eb@group-A29BFB456FCB: shutdown
2019-11-11 20:28:24,828 [ForkJoinPool.commonPool-worker-0] INFO  impl.RaftServerImpl (RaftServerImpl.java:lambda$shutdown$3(250)) - 4458042f-08fe-441c-a446-1f2065605b64@group-7208C3118237: shutdown
2019-11-11 20:28:24,828 [main] INFO  util.JmxRegister (JmxRegister.java:unregister(73)) - Successfully un-registered JMX Bean with object name Ratis:service=RaftServer,group=group-A29BFB456FCB,id=6ca76b85-30a3-47b0-8ec4-51f6d05896eb
2019-11-11 20:28:24,828 [ForkJoinPool.commonPool-worker-0] INFO  util.JmxRegister (JmxRegister.java:unregister(73)) - Successfully un-registered JMX Bean with object name Ratis:service=RaftServer,group=group-7208C3118237,id=4458042f-08fe-441c-a446-1f2065605b64
2019-11-11 20:28:24,829 [main] INFO  impl.RoleInfo (RoleInfo.java:shutdownLeaderState(104)) - 6ca76b85-30a3-47b0-8ec4-51f6d05896eb: shutdown LeaderState
2019-11-11 20:28:24,829 [ForkJoinPool.commonPool-worker-0] INFO  impl.RoleInfo (RoleInfo.java:shutdownFollowerState(121)) - 4458042f-08fe-441c-a446-1f2065605b64: shutdown FollowerState
2019-11-11 20:28:24,829 [main] INFO  impl.PendingRequests (PendingRequests.java:sendNotLeaderResponses(206)) - 6ca76b85-30a3-47b0-8ec4-51f6d05896eb@group-A29BFB456FCB-PendingRequests: sendNotLeaderResponses
2019-11-11 20:28:24,830 [Thread-4633] INFO  impl.FollowerState (FollowerState.java:run(120)) - 4458042f-08fe-441c-a446-1f2065605b64@group-7208C3118237-FollowerState was interrupted: java.lang.InterruptedException: sleep interrupted
2019-11-11 20:28:24,830 [ForkJoinPool.commonPool-worker-0] INFO  impl.StateMachineUpdater (StateMachineUpdater.java:stopAndJoin(136)) - 4458042f-08fe-441c-a446-1f2065605b64@group-7208C3118237-StateMachineUpdater: set stopIndex = 0
2019-11-11 20:28:24,830 [main] INFO  impl.StateMachineUpdater (StateMachineUpdater.java:stopAndJoin(136)) - 6ca76b85-30a3-47b0-8ec4-51f6d05896eb@group-A29BFB456FCB-StateMachineUpdater: set stopIndex = 0
2019-11-11 20:28:24,831 [main] INFO  impl.RaftServerImpl (ServerState.java:close(387)) - 6ca76b85-30a3-47b0-8ec4-51f6d05896eb@group-A29BFB456FCB: closes. applyIndex: 0
2019-11-11 20:28:24,831 [ForkJoinPool.commonPool-worker-0] INFO  impl.RaftServerImpl (ServerState.java:close(387)) - 4458042f-08fe-441c-a446-1f2065605b64@group-7208C3118237: closes. applyIndex: 0
2019-11-11 20:28:24,832 [6ca76b85-30a3-47b0-8ec4-51f6d05896eb@group-A29BFB456FCB-SegmentedRaftLogWorker] INFO  segmented.SegmentedRaftLogWorker (SegmentedRaftLogWorker.java:run(316)) - 6ca76b85-30a3-47b0-8ec4-51f6d05896eb@group-A29BFB456FCB-SegmentedRaftLogWorker was interrupted, exiting. There are 0 tasks remaining in the queue.
2019-11-11 20:28:24,832 [4458042f-08fe-441c-a446-1f2065605b64@group-7208C3118237-SegmentedRaftLogWorker] INFO  segmented.SegmentedRaftLogWorker (SegmentedRaftLogWorker.java:run(316)) - 4458042f-08fe-441c-a446-1f2065605b64@group-7208C3118237-SegmentedRaftLogWorker was interrupted, exiting. There are 0 tasks remaining in the queue.
2019-11-11 20:28:24,832 [main] INFO  segmented.SegmentedRaftLogWorker (SegmentedRaftLogWorker.java:close(224)) - 6ca76b85-30a3-47b0-8ec4-51f6d05896eb@group-A29BFB456FCB-SegmentedRaftLogWorker close()
2019-11-11 20:28:24,832 [ForkJoinPool.commonPool-worker-0] INFO  segmented.SegmentedRaftLogWorker (SegmentedRaftLogWorker.java:close(224)) - 4458042f-08fe-441c-a446-1f2065605b64@group-7208C3118237-SegmentedRaftLogWorker close()
2019-11-11 20:28:24,835 [main] INFO  impl.RaftServerImpl (RaftServerImpl.java:lambda$shutdown$3(250)) - 6ca76b85-30a3-47b0-8ec4-51f6d05896eb@group-822749236D28: shutdown
2019-11-11 20:28:24,836 [ForkJoinPool.commonPool-worker-0] INFO  impl.RaftServerImpl (RaftServerImpl.java:lambda$shutdown$3(250)) - 4458042f-08fe-441c-a446-1f2065605b64@group-D48E59C3F943: shutdown
2019-11-11 20:28:24,837 [main] INFO  util.JmxRegister (JmxRegister.java:unregister(73)) - Successfully un-registered JMX Bean with object name Ratis:service=RaftServer,group=group-822749236D28,id=6ca76b85-30a3-47b0-8ec4-51f6d05896eb
2019-11-11 20:28:24,837 [ForkJoinPool.commonPool-worker-0] INFO  util.JmxRegister (JmxRegister.java:unregister(73)) - Successfully un-registered JMX Bean with object name Ratis:service=RaftServer,group=group-D48E59C3F943,id=4458042f-08fe-441c-a446-1f2065605b64
2019-11-11 20:28:24,837 [main] INFO  impl.RoleInfo (RoleInfo.java:shutdownLeaderState(104)) - 6ca76b85-30a3-47b0-8ec4-51f6d05896eb: shutdown LeaderState
2019-11-11 20:28:24,837 [ForkJoinPool.commonPool-worker-0] INFO  impl.RoleInfo (RoleInfo.java:shutdownLeaderState(104)) - 4458042f-08fe-441c-a446-1f2065605b64: shutdown LeaderState
2019-11-11 20:28:24,840 [org.apache.ratis.server.impl.LogAppender$AppenderDaemon$$Lambda$443/882596722@7ca85a4b] WARN  server.GrpcLogAppender (GrpcLogAppender.java:mayWait(151)) - 6ca76b85-30a3-47b0-8ec4-51f6d05896eb@group-822749236D28->396508a6-021e-4f53-afd2-417daf51af04-GrpcLogAppender: Wait interrupted by java.lang.InterruptedException
2019-11-11 20:28:24,840 [ForkJoinPool.commonPool-worker-0] INFO  impl.PendingRequests (PendingRequests.java:sendNotLeaderResponses(206)) - 4458042f-08fe-441c-a446-1f2065605b64@group-D48E59C3F943-PendingRequests: sendNotLeaderResponses
2019-11-11 20:28:24,840 [org.apache.ratis.server.impl.LogAppender$AppenderDaemon$$Lambda$443/882596722@39aad31a] WARN  server.GrpcLogAppender (GrpcLogAppender.java:mayWait(151)) - 6ca76b85-30a3-47b0-8ec4-51f6d05896eb@group-822749236D28->0237f4f0-b27e-4420-99a0-7f40e4083ac0-GrpcLogAppender: Wait interrupted by java.lang.InterruptedException
2019-11-11 20:28:24,840 [main] INFO  impl.PendingRequests (PendingRequests.java:sendNotLeaderResponses(206)) - 6ca76b85-30a3-47b0-8ec4-51f6d05896eb@group-822749236D28-PendingRequests: sendNotLeaderResponses
2019-11-11 20:28:24,841 [grpc-default-executor-7] INFO  server.GrpcServerProtocolService (GrpcServerProtocolService.java:onCompleted(113)) - 0237f4f0-b27e-4420-99a0-7f40e4083ac0: Completed APPEND_ENTRIES, lastRequest: 6ca76b85-30a3-47b0-8ec4-51f6d05896eb->0237f4f0-b27e-4420-99a0-7f40e4083ac0#12-t1, previous=(t:1, i:0), leaderCommit=0, initializing? false, entries: <empty>
2019-11-11 20:28:24,841 [ForkJoinPool.commonPool-worker-0] INFO  impl.StateMachineUpdater (StateMachineUpdater.java:stopAndJoin(136)) - 4458042f-08fe-441c-a446-1f2065605b64@group-D48E59C3F943-StateMachineUpdater: set stopIndex = 0
2019-11-11 20:28:24,842 [ForkJoinPool.commonPool-worker-0] INFO  impl.RaftServerImpl (ServerState.java:close(387)) - 4458042f-08fe-441c-a446-1f2065605b64@group-D48E59C3F943: closes. applyIndex: 0
2019-11-11 20:28:24,841 [grpc-default-executor-8] INFO  server.GrpcServerProtocolService (GrpcServerProtocolService.java:onCompleted(113)) - 396508a6-021e-4f53-afd2-417daf51af04: Completed APPEND_ENTRIES, lastRequest: 6ca76b85-30a3-47b0-8ec4-51f6d05896eb->396508a6-021e-4f53-afd2-417daf51af04#12-t1, previous=(t:1, i:0), leaderCommit=0, initializing? false, entries: <empty>
2019-11-11 20:28:24,842 [grpc-default-executor-7] INFO  server.GrpcLogAppender (GrpcLogAppender.java:onCompleted(308)) - 6ca76b85-30a3-47b0-8ec4-51f6d05896eb@group-822749236D28->0237f4f0-b27e-4420-99a0-7f40e4083ac0-AppendLogResponseHandler: follower responses appendEntries COMPLETED
2019-11-11 20:28:24,841 [main] INFO  impl.StateMachineUpdater (StateMachineUpdater.java:stopAndJoin(136)) - 6ca76b85-30a3-47b0-8ec4-51f6d05896eb@group-822749236D28-StateMachineUpdater: set stopIndex = 0
2019-11-11 20:28:24,843 [main] INFO  impl.RaftServerImpl (ServerState.java:close(387)) - 6ca76b85-30a3-47b0-8ec4-51f6d05896eb@group-822749236D28: closes. applyIndex: 0
2019-11-11 20:28:24,842 [grpc-default-executor-8] INFO  server.GrpcLogAppender (GrpcLogAppender.java:onCompleted(308)) - 6ca76b85-30a3-47b0-8ec4-51f6d05896eb@group-822749236D28->396508a6-021e-4f53-afd2-417daf51af04-AppendLogResponseHandler: follower responses appendEntries COMPLETED
2019-11-11 20:28:24,842 [4458042f-08fe-441c-a446-1f2065605b64@group-D48E59C3F943-SegmentedRaftLogWorker] INFO  segmented.SegmentedRaftLogWorker (SegmentedRaftLogWorker.java:run(316)) - 4458042f-08fe-441c-a446-1f2065605b64@group-D48E59C3F943-SegmentedRaftLogWorker was interrupted, exiting. There are 0 tasks remaining in the queue.
2019-11-11 20:28:24,843 [6ca76b85-30a3-47b0-8ec4-51f6d05896eb@group-822749236D28-SegmentedRaftLogWorker] INFO  segmented.SegmentedRaftLogWorker (SegmentedRaftLogWorker.java:run(316)) - 6ca76b85-30a3-47b0-8ec4-51f6d05896eb@group-822749236D28-SegmentedRaftLogWorker was interrupted, exiting. There are 0 tasks remaining in the queue.
2019-11-11 20:28:24,843 [grpc-default-executor-7] INFO  impl.FollowerInfo (FollowerInfo.java:lambda$new$0(51)) - 6ca76b85-30a3-47b0-8ec4-51f6d05896eb@group-822749236D28->0237f4f0-b27e-4420-99a0-7f40e4083ac0: nextIndex: updateUnconditionally 1 -> 0
2019-11-11 20:28:24,844 [main] INFO  segmented.SegmentedRaftLogWorker (SegmentedRaftLogWorker.java:close(224)) - 6ca76b85-30a3-47b0-8ec4-51f6d05896eb@group-822749236D28-SegmentedRaftLogWorker close()
2019-11-11 20:28:24,844 [ForkJoinPool.commonPool-worker-0] INFO  segmented.SegmentedRaftLogWorker (SegmentedRaftLogWorker.java:close(224)) - 4458042f-08fe-441c-a446-1f2065605b64@group-D48E59C3F943-SegmentedRaftLogWorker close()
2019-11-11 20:28:24,844 [main] INFO  server.GrpcService (GrpcService.java:closeImpl(164)) - 6ca76b85-30a3-47b0-8ec4-51f6d05896eb: shutdown server with port 38205 now
2019-11-11 20:28:24,844 [grpc-default-executor-8] INFO  impl.FollowerInfo (FollowerInfo.java:lambda$new$0(51)) - 6ca76b85-30a3-47b0-8ec4-51f6d05896eb@group-822749236D28->396508a6-021e-4f53-afd2-417daf51af04: nextIndex: updateUnconditionally 1 -> 0
2019-11-11 20:28:24,845 [ForkJoinPool.commonPool-worker-0] INFO  server.GrpcService (GrpcService.java:closeImpl(164)) - 4458042f-08fe-441c-a446-1f2065605b64: shutdown server with port 44156 now
2019-11-11 20:28:24,845 [main] INFO  server.GrpcService (GrpcService.java:closeImpl(172)) - 6ca76b85-30a3-47b0-8ec4-51f6d05896eb: shutdown server with port 38205 successfully
2019-11-11 20:28:24,846 [grpc-default-executor-5] WARN  server.GrpcServerProtocolService (LogUtils.java:warn(134)) - 4458042f-08fe-441c-a446-1f2065605b64: installSnapshot onError, lastRequest: 4ee8c297-07ef-4ca0-9e53-65cba3c36712->4458042f-08fe-441c-a446-1f2065605b64#10-t1, previous=(t:1, i:0), leaderCommit=0, initializing? false, entries: <empty>: org.apache.ratis.thirdparty.io.grpc.StatusRuntimeException: CANCELLED: cancelled before receiving half close
2019-11-11 20:28:24,846 [grpc-default-executor-7] WARN  server.GrpcLogAppender (LogUtils.java:warn(134)) - 4ee8c297-07ef-4ca0-9e53-65cba3c36712@group-7208C3118237->4458042f-08fe-441c-a446-1f2065605b64-AppendLogResponseHandler: Failed appendEntries: org.apache.ratis.thirdparty.io.grpc.StatusRuntimeException: CANCELLED: HTTP/2 error code: CANCEL
Received Rst Stream
2019-11-11 20:28:24,846 [ForkJoinPool.commonPool-worker-0] INFO  server.GrpcService (GrpcService.java:closeImpl(172)) - 4458042f-08fe-441c-a446-1f2065605b64: shutdown server with port 44156 successfully
2019-11-11 20:28:24,851 [grpc-default-executor-7] INFO  impl.FollowerInfo (FollowerInfo.java:lambda$new$0(51)) - 4ee8c297-07ef-4ca0-9e53-65cba3c36712@group-7208C3118237->4458042f-08fe-441c-a446-1f2065605b64: nextIndex: updateUnconditionally 1 -> 0
2019-11-11 20:28:24,852 [refreshUsed-/workdir/hadoop-ozone/integration-test/target/test-dir/MiniOzoneClusterImpl-878a1954-6462-47b6-bdcc-bab86c556cb3/datanode-5/data/containers] WARN  fs.CachingGetSpaceUsed (CachingGetSpaceUsed.java:run(183)) - Thread Interrupted waiting to refresh disk information: sleep interrupted
2019-11-11 20:28:24,856 [refreshUsed-/workdir/hadoop-ozone/integration-test/target/test-dir/MiniOzoneClusterImpl-878a1954-6462-47b6-bdcc-bab86c556cb3/datanode-2/data/containers] WARN  fs.CachingGetSpaceUsed (CachingGetSpaceUsed.java:run(183)) - Thread Interrupted waiting to refresh disk information: sleep interrupted
2019-11-11 20:28:24,875 [ForkJoinPool.commonPool-worker-0] INFO  utils.BackgroundService (BackgroundService.java:shutdown(151)) - Shutting down service BlockDeletingService
2019-11-11 20:28:24,881 [ForkJoinPool.commonPool-worker-0] INFO  statemachine.DatanodeStateMachine (DatanodeStateMachine.java:stopDaemon(395)) - Ozone container server stopped.
2019-11-11 20:28:24,889 [ForkJoinPool.commonPool-worker-0] INFO  handler.ContextHandler (ContextHandler.java:doStop(910)) - Stopped o.e.j.w.WebAppContext@242ff747{/,null,UNAVAILABLE}{/hddsDatanode}
2019-11-11 20:28:24,890 [ForkJoinPool.commonPool-worker-0] INFO  server.AbstractConnector (AbstractConnector.java:doStop(318)) - Stopped ServerConnector@5329f6b3{HTTP/1.1,[http/1.1]}{0.0.0.0:0}
2019-11-11 20:28:24,892 [ForkJoinPool.commonPool-worker-0] INFO  handler.ContextHandler (ContextHandler.java:doStop(910)) - Stopped o.e.j.s.ServletContextHandler@3344d163{/static,jar:file:/home/user/.m2/repository/org/apache/hadoop/hadoop-hdds-container-service/0.5.0-SNAPSHOT/hadoop-hdds-container-service-0.5.0-SNAPSHOT.jar!/webapps/static,UNAVAILABLE}
2019-11-11 20:28:24,894 [ForkJoinPool.commonPool-worker-0] INFO  handler.ContextHandler (ContextHandler.java:doStop(910)) - Stopped o.e.j.s.ServletContextHandler@463045fb{/logs,file:///workdir/hadoop-ozone/integration-test/target/log,UNAVAILABLE}
2019-11-11 20:28:24,894 [main] INFO  utils.BackgroundService (BackgroundService.java:shutdown(151)) - Shutting down service BlockDeletingService
2019-11-11 20:28:24,918 [main] INFO  statemachine.DatanodeStateMachine (DatanodeStateMachine.java:stopDaemon(395)) - Ozone container server stopped.
2019-11-11 20:28:24,919 [main] INFO  handler.ContextHandler (ContextHandler.java:doStop(910)) - Stopped o.e.j.w.WebAppContext@1537e43{/,null,UNAVAILABLE}{/hddsDatanode}
2019-11-11 20:28:24,920 [main] INFO  server.AbstractConnector (AbstractConnector.java:doStop(318)) - Stopped ServerConnector@573aeab2{HTTP/1.1,[http/1.1]}{0.0.0.0:0}
2019-11-11 20:28:24,920 [main] INFO  handler.ContextHandler (ContextHandler.java:doStop(910)) - Stopped o.e.j.s.ServletContextHandler@5d2a86c0{/static,jar:file:/home/user/.m2/repository/org/apache/hadoop/hadoop-hdds-container-service/0.5.0-SNAPSHOT/hadoop-hdds-container-service-0.5.0-SNAPSHOT.jar!/webapps/static,UNAVAILABLE}
2019-11-11 20:28:24,920 [main] INFO  handler.ContextHandler (ContextHandler.java:doStop(910)) - Stopped o.e.j.s.ServletContextHandler@36510e73{/logs,file:///workdir/hadoop-ozone/integration-test/target/log,UNAVAILABLE}
2019-11-11 20:28:25,045 [grpc-default-executor-4] WARN  server.GrpcLogAppender (LogUtils.java:warn(134)) - 4ee8c297-07ef-4ca0-9e53-65cba3c36712@group-7208C3118237->4458042f-08fe-441c-a446-1f2065605b64-AppendLogResponseHandler: Failed appendEntries: org.apache.ratis.thirdparty.io.grpc.StatusRuntimeException: UNAVAILABLE: io exception
2019-11-11 20:28:25,045 [grpc-default-executor-4] INFO  impl.FollowerInfo (FollowerInfo.java:lambda$new$0(51)) - 4ee8c297-07ef-4ca0-9e53-65cba3c36712@group-7208C3118237->4458042f-08fe-441c-a446-1f2065605b64: nextIndex: updateUnconditionally 0 -> 0
2019-11-11 20:28:25,546 [grpc-default-executor-7] WARN  server.GrpcLogAppender (LogUtils.java:warn(134)) - 4ee8c297-07ef-4ca0-9e53-65cba3c36712@group-7208C3118237->4458042f-08fe-441c-a446-1f2065605b64-AppendLogResponseHandler: Failed appendEntries: org.apache.ratis.thirdparty.io.grpc.StatusRuntimeException: UNAVAILABLE: io exception
2019-11-11 20:28:25,546 [grpc-default-executor-7] INFO  impl.FollowerInfo (FollowerInfo.java:lambda$new$0(51)) - 4ee8c297-07ef-4ca0-9e53-65cba3c36712@group-7208C3118237->4458042f-08fe-441c-a446-1f2065605b64: nextIndex: updateUnconditionally 0 -> 0
2019-11-11 20:28:25,579 [Datanode State Machine Thread - 0] INFO  statemachine.DatanodeStateMachine (DatanodeStateMachine.java:lambda$startDaemon$0(350)) - Ozone container server started.
2019-11-11 20:28:25,670 [Datanode State Machine Thread - 0] INFO  statemachine.DatanodeStateMachine (DatanodeStateMachine.java:lambda$startDaemon$0(350)) - Ozone container server started.
2019-11-11 20:28:25,854 [Thread-4589] INFO  impl.FollowerState (FollowerState.java:run(111)) - 396508a6-021e-4f53-afd2-417daf51af04@group-822749236D28-FollowerState: change to CANDIDATE, lastRpcTime:1149ms, electionTimeout:1127ms
2019-11-11 20:28:25,854 [Thread-4589] INFO  impl.RoleInfo (RoleInfo.java:shutdownFollowerState(121)) - 396508a6-021e-4f53-afd2-417daf51af04: shutdown FollowerState
2019-11-11 20:28:25,854 [Thread-4589] INFO  impl.RaftServerImpl (RaftServerImpl.java:setRole(173)) - 396508a6-021e-4f53-afd2-417daf51af04@group-822749236D28: changes role from  FOLLOWER to CANDIDATE at term 1 for changeToCandidate
2019-11-11 20:28:25,854 [Thread-4589] INFO  impl.RoleInfo (RoleInfo.java:updateAndGet(143)) - 396508a6-021e-4f53-afd2-417daf51af04: start LeaderElection
2019-11-11 20:28:25,855 [396508a6-021e-4f53-afd2-417daf51af04@group-822749236D28-LeaderElection198] INFO  impl.RaftServerImpl (ServerState.java:setLeader(255)) - 396508a6-021e-4f53-afd2-417daf51af04@group-822749236D28: change Leader from 6ca76b85-30a3-47b0-8ec4-51f6d05896eb to null at term 1 for initElection
2019-11-11 20:28:25,876 [396508a6-021e-4f53-afd2-417daf51af04@group-822749236D28-LeaderElection198] INFO  impl.LeaderElection (LeaderElection.java:askForVotes(178)) - 396508a6-021e-4f53-afd2-417daf51af04@group-822749236D28-LeaderElection198: begin an election at term 2 for 0: [6ca76b85-30a3-47b0-8ec4-51f6d05896eb:192.168.69.124:38205, 0237f4f0-b27e-4420-99a0-7f40e4083ac0:192.168.69.124:41974, 396508a6-021e-4f53-afd2-417daf51af04:192.168.69.124:45746], old=null
2019-11-11 20:28:25,879 [396508a6-021e-4f53-afd2-417daf51af04@group-822749236D28-LeaderElection198] INFO  impl.LeaderElection (LogUtils.java:infoOrTrace(149)) - 396508a6-021e-4f53-afd2-417daf51af04@group-822749236D28-LeaderElection198 got exception when requesting votes: {}
java.util.concurrent.ExecutionException: org.apache.ratis.thirdparty.io.grpc.StatusRuntimeException: UNAVAILABLE: io exception
	at java.util.concurrent.FutureTask.report(FutureTask.java:122)
	at java.util.concurrent.FutureTask.get(FutureTask.java:192)
	at org.apache.ratis.server.impl.LeaderElection.waitForResults(LeaderElection.java:259)
	at org.apache.ratis.server.impl.LeaderElection.askForVotes(LeaderElection.java:197)
	at org.apache.ratis.server.impl.LeaderElection.run(LeaderElection.java:133)
	at java.lang.Thread.run(Thread.java:748)
Caused by: org.apache.ratis.thirdparty.io.grpc.StatusRuntimeException: UNAVAILABLE: io exception
	at org.apache.ratis.thirdparty.io.grpc.stub.ClientCalls.toStatusRuntimeException(ClientCalls.java:233)
	at org.apache.ratis.thirdparty.io.grpc.stub.ClientCalls.getUnchecked(ClientCalls.java:214)
	at org.apache.ratis.thirdparty.io.grpc.stub.ClientCalls.blockingUnaryCall(ClientCalls.java:139)
	at org.apache.ratis.proto.grpc.RaftServerProtocolServiceGrpc$RaftServerProtocolServiceBlockingStub.requestVote(RaftServerProtocolServiceGrpc.java:265)
	at org.apache.ratis.grpc.server.GrpcServerProtocolClient.requestVote(GrpcServerProtocolClient.java:99)
	at org.apache.ratis.grpc.server.GrpcService.requestVote(GrpcService.java:204)
	at org.apache.ratis.server.impl.LeaderElection.lambda$submitRequests$1(LeaderElection.java:234)
	at java.util.concurrent.FutureTask.run(FutureTask.java:266)
	at java.util.concurrent.Executors$RunnableAdapter.call(Executors.java:511)
	at java.util.concurrent.FutureTask.run(FutureTask.java:266)
	at java.util.concurrent.ThreadPoolExecutor.runWorker(ThreadPoolExecutor.java:1149)
	at java.util.concurrent.ThreadPoolExecutor$Worker.run(ThreadPoolExecutor.java:624)
	... 1 more
Caused by: org.apache.ratis.thirdparty.io.netty.channel.AbstractChannel$AnnotatedConnectException: Connection refused: /192.168.69.124:38205
	at sun.nio.ch.SocketChannelImpl.checkConnect(Native Method)
	at sun.nio.ch.SocketChannelImpl.finishConnect(SocketChannelImpl.java:717)
	at org.apache.ratis.thirdparty.io.netty.channel.socket.nio.NioSocketChannel.doFinishConnect(NioSocketChannel.java:327)
	at org.apache.ratis.thirdparty.io.netty.channel.nio.AbstractNioChannel$AbstractNioUnsafe.finishConnect(AbstractNioChannel.java:340)
	at org.apache.ratis.thirdparty.io.netty.channel.nio.NioEventLoop.processSelectedKey(NioEventLoop.java:632)
	at org.apache.ratis.thirdparty.io.netty.channel.nio.NioEventLoop.processSelectedKeysOptimized(NioEventLoop.java:579)
	at org.apache.ratis.thirdparty.io.netty.channel.nio.NioEventLoop.processSelectedKeys(NioEventLoop.java:496)
	at org.apache.ratis.thirdparty.io.netty.channel.nio.NioEventLoop.run(NioEventLoop.java:458)
	at org.apache.ratis.thirdparty.io.netty.util.concurrent.SingleThreadEventExecutor$5.run(SingleThreadEventExecutor.java:897)
	at org.apache.ratis.thirdparty.io.netty.util.concurrent.FastThreadLocalRunnable.run(FastThreadLocalRunnable.java:30)
	... 1 more
Caused by: java.net.ConnectException: Connection refused
	... 11 more
2019-11-11 20:28:25,879 [grpc-default-executor-4] INFO  impl.RaftServerImpl (ServerState.java:setLeader(255)) - 0237f4f0-b27e-4420-99a0-7f40e4083ac0@group-822749236D28: change Leader from 6ca76b85-30a3-47b0-8ec4-51f6d05896eb to null at term 2 for updateCurrentTerm
2019-11-11 20:28:25,880 [grpc-default-executor-4] INFO  impl.RaftServerImpl (RaftServerImpl.java:setRole(173)) - 0237f4f0-b27e-4420-99a0-7f40e4083ac0@group-822749236D28: changes role from  FOLLOWER to FOLLOWER at term 2 for recognizeCandidate:396508a6-021e-4f53-afd2-417daf51af04
2019-11-11 20:28:25,880 [grpc-default-executor-4] INFO  impl.RoleInfo (RoleInfo.java:shutdownFollowerState(121)) - 0237f4f0-b27e-4420-99a0-7f40e4083ac0: shutdown FollowerState
2019-11-11 20:28:25,880 [grpc-default-executor-4] INFO  impl.RoleInfo (RoleInfo.java:updateAndGet(143)) - 0237f4f0-b27e-4420-99a0-7f40e4083ac0: start FollowerState
2019-11-11 20:28:25,880 [Thread-4582] INFO  impl.FollowerState (FollowerState.java:run(120)) - 0237f4f0-b27e-4420-99a0-7f40e4083ac0@group-822749236D28-FollowerState was interrupted: java.lang.InterruptedException: sleep interrupted
2019-11-11 20:28:25,911 [396508a6-021e-4f53-afd2-417daf51af04@group-822749236D28-LeaderElection198] INFO  impl.LeaderElection (LeaderElection.java:logAndReturn(56)) - 396508a6-021e-4f53-afd2-417daf51af04@group-822749236D28-LeaderElection198: Election PASSED; received 1 response(s) [396508a6-021e-4f53-afd2-417daf51af04<-0237f4f0-b27e-4420-99a0-7f40e4083ac0#0:OK-t2] and 1 exception(s); 396508a6-021e-4f53-afd2-417daf51af04@group-822749236D28:t2, leader=null, voted=396508a6-021e-4f53-afd2-417daf51af04, raftlog=396508a6-021e-4f53-afd2-417daf51af04@group-822749236D28-SegmentedRaftLog:OPENED:c0,f0,i0, conf=0: [6ca76b85-30a3-47b0-8ec4-51f6d05896eb:192.168.69.124:38205, 0237f4f0-b27e-4420-99a0-7f40e4083ac0:192.168.69.124:41974, 396508a6-021e-4f53-afd2-417daf51af04:192.168.69.124:45746], old=null
2019-11-11 20:28:25,912 [396508a6-021e-4f53-afd2-417daf51af04@group-822749236D28-LeaderElection198] INFO  impl.LeaderElection (LogUtils.java:infoOrTrace(149)) -   Exception 0: {}
java.util.concurrent.ExecutionException: org.apache.ratis.thirdparty.io.grpc.StatusRuntimeException: UNAVAILABLE: io exception
	at java.util.concurrent.FutureTask.report(FutureTask.java:122)
	at java.util.concurrent.FutureTask.get(FutureTask.java:192)
	at org.apache.ratis.server.impl.LeaderElection.waitForResults(LeaderElection.java:259)
	at org.apache.ratis.server.impl.LeaderElection.askForVotes(LeaderElection.java:197)
	at org.apache.ratis.server.impl.LeaderElection.run(LeaderElection.java:133)
	at java.lang.Thread.run(Thread.java:748)
Caused by: org.apache.ratis.thirdparty.io.grpc.StatusRuntimeException: UNAVAILABLE: io exception
	at org.apache.ratis.thirdparty.io.grpc.stub.ClientCalls.toStatusRuntimeException(ClientCalls.java:233)
	at org.apache.ratis.thirdparty.io.grpc.stub.ClientCalls.getUnchecked(ClientCalls.java:214)
	at org.apache.ratis.thirdparty.io.grpc.stub.ClientCalls.blockingUnaryCall(ClientCalls.java:139)
	at org.apache.ratis.proto.grpc.RaftServerProtocolServiceGrpc$RaftServerProtocolServiceBlockingStub.requestVote(RaftServerProtocolServiceGrpc.java:265)
	at org.apache.ratis.grpc.server.GrpcServerProtocolClient.requestVote(GrpcServerProtocolClient.java:99)
	at org.apache.ratis.grpc.server.GrpcService.requestVote(GrpcService.java:204)
	at org.apache.ratis.server.impl.LeaderElection.lambda$submitRequests$1(LeaderElection.java:234)
	at java.util.concurrent.FutureTask.run(FutureTask.java:266)
	at java.util.concurrent.Executors$RunnableAdapter.call(Executors.java:511)
	at java.util.concurrent.FutureTask.run(FutureTask.java:266)
	at java.util.concurrent.ThreadPoolExecutor.runWorker(ThreadPoolExecutor.java:1149)
	at java.util.concurrent.ThreadPoolExecutor$Worker.run(ThreadPoolExecutor.java:624)
	... 1 more
Caused by: org.apache.ratis.thirdparty.io.netty.channel.AbstractChannel$AnnotatedConnectException: Connection refused: /192.168.69.124:38205
	at sun.nio.ch.SocketChannelImpl.checkConnect(Native Method)
	at sun.nio.ch.SocketChannelImpl.finishConnect(SocketChannelImpl.java:717)
	at org.apache.ratis.thirdparty.io.netty.channel.socket.nio.NioSocketChannel.doFinishConnect(NioSocketChannel.java:327)
	at org.apache.ratis.thirdparty.io.netty.channel.nio.AbstractNioChannel$AbstractNioUnsafe.finishConnect(AbstractNioChannel.java:340)
	at org.apache.ratis.thirdparty.io.netty.channel.nio.NioEventLoop.processSelectedKey(NioEventLoop.java:632)
	at org.apache.ratis.thirdparty.io.netty.channel.nio.NioEventLoop.processSelectedKeysOptimized(NioEventLoop.java:579)
	at org.apache.ratis.thirdparty.io.netty.channel.nio.NioEventLoop.processSelectedKeys(NioEventLoop.java:496)
	at org.apache.ratis.thirdparty.io.netty.channel.nio.NioEventLoop.run(NioEventLoop.java:458)
	at org.apache.ratis.thirdparty.io.netty.util.concurrent.SingleThreadEventExecutor$5.run(SingleThreadEventExecutor.java:897)
	at org.apache.ratis.thirdparty.io.netty.util.concurrent.FastThreadLocalRunnable.run(FastThreadLocalRunnable.java:30)
	... 1 more
Caused by: java.net.ConnectException: Connection refused
	... 11 more
2019-11-11 20:28:25,912 [396508a6-021e-4f53-afd2-417daf51af04@group-822749236D28-LeaderElection198] INFO  impl.RoleInfo (RoleInfo.java:shutdownLeaderElection(134)) - 396508a6-021e-4f53-afd2-417daf51af04: shutdown LeaderElection
2019-11-11 20:28:25,912 [396508a6-021e-4f53-afd2-417daf51af04@group-822749236D28-LeaderElection198] INFO  impl.RaftServerImpl (RaftServerImpl.java:setRole(173)) - 396508a6-021e-4f53-afd2-417daf51af04@group-822749236D28: changes role from CANDIDATE to LEADER at term 2 for changeToLeader
2019-11-11 20:28:25,912 [396508a6-021e-4f53-afd2-417daf51af04@group-822749236D28-LeaderElection198] INFO  ratis.XceiverServerRatis (XceiverServerRatis.java:handleLeaderChangedNotification(697)) - Leader change notification received for group: group-822749236D28 with new leaderId: 396508a6-021e-4f53-afd2-417daf51af04
2019-11-11 20:28:25,913 [396508a6-021e-4f53-afd2-417daf51af04@group-822749236D28-LeaderElection198] INFO  impl.RaftServerImpl (ServerState.java:setLeader(255)) - 396508a6-021e-4f53-afd2-417daf51af04@group-822749236D28: change Leader from null to 396508a6-021e-4f53-afd2-417daf51af04 at term 2 for becomeLeader, leader elected after 57ms
2019-11-11 20:28:25,913 [396508a6-021e-4f53-afd2-417daf51af04@group-822749236D28-LeaderElection198] INFO  server.RaftServerConfigKeys (ConfUtils.java:logGet(43)) - raft.server.staging.catchup.gap = 1000 (default)
2019-11-11 20:28:25,913 [396508a6-021e-4f53-afd2-417daf51af04@group-822749236D28-LeaderElection198] INFO  server.RaftServerConfigKeys (ConfUtils.java:logGet(43)) - raft.server.rpc.sleep.time = 25ms (default)
2019-11-11 20:28:25,913 [396508a6-021e-4f53-afd2-417daf51af04@group-822749236D28-LeaderElection198] INFO  server.RaftServerConfigKeys (ConfUtils.java:logGet(43)) - raft.server.write.element-limit = 4096 (default)
2019-11-11 20:28:25,913 [396508a6-021e-4f53-afd2-417daf51af04@group-822749236D28-LeaderElection198] INFO  server.RaftServerConfigKeys (ConfUtils.java:logGet(43)) - raft.server.watch.timeout = 10s (default)
2019-11-11 20:28:25,913 [396508a6-021e-4f53-afd2-417daf51af04@group-822749236D28-LeaderElection198] INFO  server.RaftServerConfigKeys (ConfUtils.java:logGet(43)) - raft.server.watch.timeout.denomination = 1s (default)
2019-11-11 20:28:25,914 [396508a6-021e-4f53-afd2-417daf51af04@group-822749236D28-LeaderElection198] INFO  server.RaftServerConfigKeys (ConfUtils.java:logGet(43)) - raft.server.watch.element-limit = 65536 (default)
2019-11-11 20:28:25,914 [396508a6-021e-4f53-afd2-417daf51af04@group-822749236D28-LeaderElection198] INFO  server.RaftServerConfigKeys (ConfUtils.java:logGet(43)) - raft.server.log.appender.snapshot.chunk.size.max = 16MB (=16777216) (default)
2019-11-11 20:28:25,914 [396508a6-021e-4f53-afd2-417daf51af04@group-822749236D28-LeaderElection198] INFO  server.RaftServerConfigKeys (ConfUtils.java:logGet(43)) - raft.server.log.appender.buffer.byte-limit = 33554432 (custom)
2019-11-11 20:28:25,914 [396508a6-021e-4f53-afd2-417daf51af04@group-822749236D28-LeaderElection198] INFO  server.RaftServerConfigKeys (ConfUtils.java:logGet(43)) - raft.server.log.appender.buffer.element-limit = 1 (custom)
2019-11-11 20:28:25,915 [396508a6-021e-4f53-afd2-417daf51af04@group-822749236D28-LeaderElection198] INFO  grpc.GrpcConfigKeys$Server (ConfUtils.java:logGet(43)) - raft.grpc.server.leader.outstanding.appends.max = 128 (default)
2019-11-11 20:28:25,915 [396508a6-021e-4f53-afd2-417daf51af04@group-822749236D28-LeaderElection198] INFO  server.RaftServerConfigKeys (ConfUtils.java:logGet(43)) - raft.server.rpc.request.timeout = 3000ms (default)
2019-11-11 20:28:25,915 [396508a6-021e-4f53-afd2-417daf51af04@group-822749236D28-LeaderElection198] INFO  server.RaftServerConfigKeys (ConfUtils.java:logGet(43)) - raft.server.log.appender.install.snapshot.enabled = false (custom)
2019-11-11 20:28:25,915 [396508a6-021e-4f53-afd2-417daf51af04@group-822749236D28-LeaderElection198] WARN  impl.MetricRegistriesImpl (MetricRegistriesImpl.java:lambda$create$1(61)) - First MetricRegistry has been created without registering reporters. You may need to call MetricRegistries.global().addReportRegistration(...) before.
2019-11-11 20:28:25,915 [396508a6-021e-4f53-afd2-417daf51af04@group-822749236D28-LeaderElection198] INFO  server.RaftServerConfigKeys (ConfUtils.java:logGet(43)) - raft.server.log.appender.snapshot.chunk.size.max = 16MB (=16777216) (default)
2019-11-11 20:28:25,916 [396508a6-021e-4f53-afd2-417daf51af04@group-822749236D28-LeaderElection198] INFO  server.RaftServerConfigKeys (ConfUtils.java:logGet(43)) - raft.server.log.appender.buffer.byte-limit = 33554432 (custom)
2019-11-11 20:28:25,916 [396508a6-021e-4f53-afd2-417daf51af04@group-822749236D28-LeaderElection198] INFO  server.RaftServerConfigKeys (ConfUtils.java:logGet(43)) - raft.server.log.appender.buffer.element-limit = 1 (custom)
2019-11-11 20:28:25,916 [396508a6-021e-4f53-afd2-417daf51af04@group-822749236D28-LeaderElection198] INFO  grpc.GrpcConfigKeys$Server (ConfUtils.java:logGet(43)) - raft.grpc.server.leader.outstanding.appends.max = 128 (default)
2019-11-11 20:28:25,916 [396508a6-021e-4f53-afd2-417daf51af04@group-822749236D28-LeaderElection198] INFO  server.RaftServerConfigKeys (ConfUtils.java:logGet(43)) - raft.server.rpc.request.timeout = 3000ms (default)
2019-11-11 20:28:25,916 [396508a6-021e-4f53-afd2-417daf51af04@group-822749236D28-LeaderElection198] INFO  server.RaftServerConfigKeys (ConfUtils.java:logGet(43)) - raft.server.log.appender.install.snapshot.enabled = false (custom)
2019-11-11 20:28:25,916 [396508a6-021e-4f53-afd2-417daf51af04@group-822749236D28-LeaderElection198] INFO  impl.RoleInfo (RoleInfo.java:updateAndGet(143)) - 396508a6-021e-4f53-afd2-417daf51af04: start LeaderState
2019-11-11 20:28:25,917 [396508a6-021e-4f53-afd2-417daf51af04@group-822749236D28-LeaderElection198] INFO  segmented.SegmentedRaftLogWorker (SegmentedRaftLogWorker.java:rollLogSegment(390)) - 396508a6-021e-4f53-afd2-417daf51af04@group-822749236D28-SegmentedRaftLogWorker: Rolling segment log-0_0 to index:0
2019-11-11 20:28:25,918 [396508a6-021e-4f53-afd2-417daf51af04@group-822749236D28-LeaderElection198] INFO  impl.RaftServerImpl (ServerState.java:setRaftConf(356)) - 396508a6-021e-4f53-afd2-417daf51af04@group-822749236D28: set configuration 1: [6ca76b85-30a3-47b0-8ec4-51f6d05896eb:192.168.69.124:38205, 0237f4f0-b27e-4420-99a0-7f40e4083ac0:192.168.69.124:41974, 396508a6-021e-4f53-afd2-417daf51af04:192.168.69.124:45746], old=null at 1
2019-11-11 20:28:25,918 [396508a6-021e-4f53-afd2-417daf51af04@group-822749236D28-SegmentedRaftLogWorker] INFO  segmented.SegmentedRaftLogWorker (SegmentedRaftLogWorker.java:execute(533)) - 396508a6-021e-4f53-afd2-417daf51af04@group-822749236D28-SegmentedRaftLogWorker: Rolled log segment from /workdir/hadoop-ozone/integration-test/target/test-dir/MiniOzoneClusterImpl-878a1954-6462-47b6-bdcc-bab86c556cb3/datanode-4/data/ratis/e5ac7173-21c9-4bb7-a0c6-822749236d28/current/log_inprogress_0 to /workdir/hadoop-ozone/integration-test/target/test-dir/MiniOzoneClusterImpl-878a1954-6462-47b6-bdcc-bab86c556cb3/datanode-4/data/ratis/e5ac7173-21c9-4bb7-a0c6-822749236d28/current/log_0-0
2019-11-11 20:28:25,918 [grpc-default-executor-4] WARN  server.GrpcLogAppender (LogUtils.java:warn(134)) - 396508a6-021e-4f53-afd2-417daf51af04@group-822749236D28->6ca76b85-30a3-47b0-8ec4-51f6d05896eb-AppendLogResponseHandler: Failed appendEntries: org.apache.ratis.thirdparty.io.grpc.StatusRuntimeException: UNAVAILABLE: io exception
2019-11-11 20:28:25,918 [grpc-default-executor-4] INFO  impl.FollowerInfo (FollowerInfo.java:lambda$new$0(51)) - 396508a6-021e-4f53-afd2-417daf51af04@group-822749236D28->6ca76b85-30a3-47b0-8ec4-51f6d05896eb: nextIndex: updateUnconditionally 1 -> 0
2019-11-11 20:28:25,919 [grpc-default-executor-4] INFO  ratis.XceiverServerRatis (XceiverServerRatis.java:handleLeaderChangedNotification(697)) - Leader change notification received for group: group-822749236D28 with new leaderId: 396508a6-021e-4f53-afd2-417daf51af04
2019-11-11 20:28:25,919 [grpc-default-executor-4] INFO  impl.RaftServerImpl (ServerState.java:setLeader(255)) - 0237f4f0-b27e-4420-99a0-7f40e4083ac0@group-822749236D28: change Leader from null to 396508a6-021e-4f53-afd2-417daf51af04 at term 2 for appendEntries, leader elected after 40ms
2019-11-11 20:28:25,922 [grpc-default-executor-4] INFO  impl.RaftServerImpl (ServerState.java:setRaftConf(356)) - 0237f4f0-b27e-4420-99a0-7f40e4083ac0@group-822749236D28: set configuration 1: [6ca76b85-30a3-47b0-8ec4-51f6d05896eb:192.168.69.124:38205, 0237f4f0-b27e-4420-99a0-7f40e4083ac0:192.168.69.124:41974, 396508a6-021e-4f53-afd2-417daf51af04:192.168.69.124:45746], old=null at 1
2019-11-11 20:28:25,922 [grpc-default-executor-4] INFO  segmented.SegmentedRaftLogWorker (SegmentedRaftLogWorker.java:rollLogSegment(390)) - 0237f4f0-b27e-4420-99a0-7f40e4083ac0@group-822749236D28-SegmentedRaftLogWorker: Rolling segment log-0_0 to index:0
2019-11-11 20:28:25,928 [0237f4f0-b27e-4420-99a0-7f40e4083ac0@group-822749236D28-SegmentedRaftLogWorker] INFO  segmented.SegmentedRaftLogWorker (SegmentedRaftLogWorker.java:execute(533)) - 0237f4f0-b27e-4420-99a0-7f40e4083ac0@group-822749236D28-SegmentedRaftLogWorker: Rolled log segment from /workdir/hadoop-ozone/integration-test/target/test-dir/MiniOzoneClusterImpl-878a1954-6462-47b6-bdcc-bab86c556cb3/datanode-3/data/ratis/e5ac7173-21c9-4bb7-a0c6-822749236d28/current/log_inprogress_0 to /workdir/hadoop-ozone/integration-test/target/test-dir/MiniOzoneClusterImpl-878a1954-6462-47b6-bdcc-bab86c556cb3/datanode-3/data/ratis/e5ac7173-21c9-4bb7-a0c6-822749236d28/current/log_0-0
2019-11-11 20:28:26,689 [Thread-4634] INFO  impl.FollowerState (FollowerState.java:run(111)) - e0742d41-25ee-4eea-9579-711a01e64de1@group-7208C3118237-FollowerState: change to CANDIDATE, lastRpcTime:1142ms, electionTimeout:1034ms
2019-11-11 20:28:26,736 [Thread-4604] WARN  util.JavaUtils (JavaUtils.java:sleep(246)) - Unexpected long sleep: sleep(1188ms) actually took 1880ms which is over the threshold 300ms
2019-11-11 20:28:26,736 [Thread-4634] INFO  impl.RoleInfo (RoleInfo.java:shutdownFollowerState(121)) - e0742d41-25ee-4eea-9579-711a01e64de1: shutdown FollowerState
2019-11-11 20:28:26,745 [Thread-4634] INFO  impl.RaftServerImpl (RaftServerImpl.java:setRole(173)) - e0742d41-25ee-4eea-9579-711a01e64de1@group-7208C3118237: changes role from  FOLLOWER to CANDIDATE at term 1 for changeToCandidate
2019-11-11 20:28:26,758 [Thread-4634] INFO  impl.RoleInfo (RoleInfo.java:updateAndGet(143)) - e0742d41-25ee-4eea-9579-711a01e64de1: start LeaderElection
2019-11-11 20:28:26,768 [grpc-default-executor-6] WARN  server.GrpcLogAppender (LogUtils.java:warn(134)) - 4ee8c297-07ef-4ca0-9e53-65cba3c36712@group-7208C3118237->4458042f-08fe-441c-a446-1f2065605b64-AppendLogResponseHandler: Failed appendEntries: org.apache.ratis.thirdparty.io.grpc.StatusRuntimeException: UNAVAILABLE: io exception
2019-11-11 20:28:26,763 [grpc-default-executor-4] WARN  server.GrpcLogAppender (LogUtils.java:warn(134)) - 396508a6-021e-4f53-afd2-417daf51af04@group-822749236D28->6ca76b85-30a3-47b0-8ec4-51f6d05896eb-AppendLogResponseHandler: Failed appendEntries: org.apache.ratis.thirdparty.io.grpc.StatusRuntimeException: UNAVAILABLE: io exception
2019-11-11 20:28:26,771 [396508a6-021e-4f53-afd2-417daf51af04@group-822749236D28-SegmentedRaftLogWorker] INFO  segmented.SegmentedRaftLogWorker (SegmentedRaftLogWorker.java:execute(576)) - 396508a6-021e-4f53-afd2-417daf51af04@group-822749236D28-SegmentedRaftLogWorker: created new log segment /workdir/hadoop-ozone/integration-test/target/test-dir/MiniOzoneClusterImpl-878a1954-6462-47b6-bdcc-bab86c556cb3/datanode-4/data/ratis/e5ac7173-21c9-4bb7-a0c6-822749236d28/current/log_inprogress_1
2019-11-11 20:28:26,771 [grpc-default-executor-8] INFO  impl.RaftServerImpl (RaftServerImpl.java:setRole(173)) - e0742d41-25ee-4eea-9579-711a01e64de1@group-7208C3118237: changes role from CANDIDATE to FOLLOWER at term 1 for appendEntries
2019-11-11 20:28:26,804 [grpc-default-executor-8] INFO  impl.RoleInfo (RoleInfo.java:shutdownLeaderElection(134)) - e0742d41-25ee-4eea-9579-711a01e64de1: shutdown LeaderElection
2019-11-11 20:28:26,854 [grpc-default-executor-8] INFO  impl.RoleInfo (RoleInfo.java:updateAndGet(143)) - e0742d41-25ee-4eea-9579-711a01e64de1: start FollowerState
2019-11-11 20:28:26,856 [0237f4f0-b27e-4420-99a0-7f40e4083ac0@group-822749236D28-SegmentedRaftLogWorker] INFO  segmented.SegmentedRaftLogWorker (SegmentedRaftLogWorker.java:execute(576)) - 0237f4f0-b27e-4420-99a0-7f40e4083ac0@group-822749236D28-SegmentedRaftLogWorker: created new log segment /workdir/hadoop-ozone/integration-test/target/test-dir/MiniOzoneClusterImpl-878a1954-6462-47b6-bdcc-bab86c556cb3/datanode-3/data/ratis/e5ac7173-21c9-4bb7-a0c6-822749236d28/current/log_inprogress_1
2019-11-11 20:28:26,936 [grpc-default-executor-4] INFO  impl.FollowerInfo (FollowerInfo.java:lambda$new$0(51)) - 396508a6-021e-4f53-afd2-417daf51af04@group-822749236D28->6ca76b85-30a3-47b0-8ec4-51f6d05896eb: nextIndex: updateUnconditionally 0 -> 0
2019-11-11 20:28:26,946 [grpc-default-executor-6] INFO  impl.FollowerInfo (FollowerInfo.java:lambda$new$0(51)) - 4ee8c297-07ef-4ca0-9e53-65cba3c36712@group-7208C3118237->4458042f-08fe-441c-a446-1f2065605b64: nextIndex: updateUnconditionally 0 -> 0
2019-11-11 20:28:26,955 [grpc-default-executor-8] WARN  server.GrpcLogAppender (LogUtils.java:warn(134)) - 396508a6-021e-4f53-afd2-417daf51af04@group-822749236D28->6ca76b85-30a3-47b0-8ec4-51f6d05896eb-AppendLogResponseHandler: Failed appendEntries: org.apache.ratis.thirdparty.io.grpc.StatusRuntimeException: UNAVAILABLE: io exception
2019-11-11 20:28:26,955 [grpc-default-executor-8] INFO  impl.FollowerInfo (FollowerInfo.java:lambda$new$0(51)) - 396508a6-021e-4f53-afd2-417daf51af04@group-822749236D28->6ca76b85-30a3-47b0-8ec4-51f6d05896eb: nextIndex: updateUnconditionally 1 -> 0
2019-11-11 20:28:26,968 [grpc-default-executor-6] WARN  server.GrpcLogAppender (LogUtils.java:warn(134)) - 396508a6-021e-4f53-afd2-417daf51af04@group-822749236D28->6ca76b85-30a3-47b0-8ec4-51f6d05896eb-AppendLogResponseHandler: Failed appendEntries: org.apache.ratis.thirdparty.io.grpc.StatusRuntimeException: UNAVAILABLE: io exception
2019-11-11 20:28:26,968 [grpc-default-executor-6] INFO  impl.FollowerInfo (FollowerInfo.java:lambda$new$0(51)) - 396508a6-021e-4f53-afd2-417daf51af04@group-822749236D28->6ca76b85-30a3-47b0-8ec4-51f6d05896eb: nextIndex: updateUnconditionally 1 -> 0
2019-11-11 20:28:27,211 [grpc-default-executor-4] WARN  server.GrpcLogAppender (LogUtils.java:warn(134)) - 4ee8c297-07ef-4ca0-9e53-65cba3c36712@group-7208C3118237->4458042f-08fe-441c-a446-1f2065605b64-AppendLogResponseHandler: Failed appendEntries: org.apache.ratis.thirdparty.io.grpc.StatusRuntimeException: UNAVAILABLE: io exception
2019-11-11 20:28:27,212 [grpc-default-executor-4] INFO  impl.FollowerInfo (FollowerInfo.java:lambda$new$0(51)) - 4ee8c297-07ef-4ca0-9e53-65cba3c36712@group-7208C3118237->4458042f-08fe-441c-a446-1f2065605b64: nextIndex: updateUnconditionally 0 -> 0
2019-11-11 20:28:27,469 [grpc-default-executor-6] WARN  server.GrpcLogAppender (LogUtils.java:warn(134)) - 396508a6-021e-4f53-afd2-417daf51af04@group-822749236D28->6ca76b85-30a3-47b0-8ec4-51f6d05896eb-AppendLogResponseHandler: Failed appendEntries: org.apache.ratis.thirdparty.io.grpc.StatusRuntimeException: UNAVAILABLE: io exception
2019-11-11 20:28:27,472 [grpc-default-executor-6] INFO  impl.FollowerInfo (FollowerInfo.java:lambda$new$0(51)) - 396508a6-021e-4f53-afd2-417daf51af04@group-822749236D28->6ca76b85-30a3-47b0-8ec4-51f6d05896eb: nextIndex: updateUnconditionally 0 -> 0
2019-11-11 20:28:27,712 [grpc-default-executor-6] WARN  server.GrpcLogAppender (LogUtils.java:warn(134)) - 4ee8c297-07ef-4ca0-9e53-65cba3c36712@group-7208C3118237->4458042f-08fe-441c-a446-1f2065605b64-AppendLogResponseHandler: Failed appendEntries: org.apache.ratis.thirdparty.io.grpc.StatusRuntimeException: UNAVAILABLE: io exception
2019-11-11 20:28:27,712 [grpc-default-executor-6] INFO  impl.FollowerInfo (FollowerInfo.java:lambda$new$0(51)) - 4ee8c297-07ef-4ca0-9e53-65cba3c36712@group-7208C3118237->4458042f-08fe-441c-a446-1f2065605b64: nextIndex: updateUnconditionally 0 -> 0
2019-11-11 20:28:27,969 [grpc-default-executor-6] WARN  server.GrpcLogAppender (LogUtils.java:warn(134)) - 396508a6-021e-4f53-afd2-417daf51af04@group-822749236D28->6ca76b85-30a3-47b0-8ec4-51f6d05896eb-AppendLogResponseHandler: Failed appendEntries: org.apache.ratis.thirdparty.io.grpc.StatusRuntimeException: UNAVAILABLE: io exception
2019-11-11 20:28:27,969 [grpc-default-executor-6] INFO  impl.FollowerInfo (FollowerInfo.java:lambda$new$0(51)) - 396508a6-021e-4f53-afd2-417daf51af04@group-822749236D28->6ca76b85-30a3-47b0-8ec4-51f6d05896eb: nextIndex: updateUnconditionally 0 -> 0
2019-11-11 20:28:28,213 [grpc-default-executor-4] WARN  server.GrpcLogAppender (LogUtils.java:warn(134)) - 4ee8c297-07ef-4ca0-9e53-65cba3c36712@group-7208C3118237->4458042f-08fe-441c-a446-1f2065605b64-AppendLogResponseHandler: Failed appendEntries: org.apache.ratis.thirdparty.io.grpc.StatusRuntimeException: UNAVAILABLE: io exception
2019-11-11 20:28:28,213 [grpc-default-executor-4] INFO  impl.FollowerInfo (FollowerInfo.java:lambda$new$0(51)) - 4ee8c297-07ef-4ca0-9e53-65cba3c36712@group-7208C3118237->4458042f-08fe-441c-a446-1f2065605b64: nextIndex: updateUnconditionally 0 -> 0
2019-11-11 20:28:28,470 [grpc-default-executor-4] WARN  server.GrpcLogAppender (LogUtils.java:warn(134)) - 396508a6-021e-4f53-afd2-417daf51af04@group-822749236D28->6ca76b85-30a3-47b0-8ec4-51f6d05896eb-AppendLogResponseHandler: Failed appendEntries: org.apache.ratis.thirdparty.io.grpc.StatusRuntimeException: UNAVAILABLE: io exception
2019-11-11 20:28:28,471 [grpc-default-executor-4] INFO  impl.FollowerInfo (FollowerInfo.java:lambda$new$0(51)) - 396508a6-021e-4f53-afd2-417daf51af04@group-822749236D28->6ca76b85-30a3-47b0-8ec4-51f6d05896eb: nextIndex: updateUnconditionally 0 -> 0
2019-11-11 20:28:28,713 [grpc-default-executor-8] WARN  server.GrpcLogAppender (LogUtils.java:warn(134)) - 4ee8c297-07ef-4ca0-9e53-65cba3c36712@group-7208C3118237->4458042f-08fe-441c-a446-1f2065605b64-AppendLogResponseHandler: Failed appendEntries: org.apache.ratis.thirdparty.io.grpc.StatusRuntimeException: UNAVAILABLE: io exception
2019-11-11 20:28:28,713 [grpc-default-executor-8] INFO  impl.FollowerInfo (FollowerInfo.java:lambda$new$0(51)) - 4ee8c297-07ef-4ca0-9e53-65cba3c36712@group-7208C3118237->4458042f-08fe-441c-a446-1f2065605b64: nextIndex: updateUnconditionally 0 -> 0
2019-11-11 20:28:28,972 [grpc-default-executor-6] WARN  server.GrpcLogAppender (LogUtils.java:warn(134)) - 396508a6-021e-4f53-afd2-417daf51af04@group-822749236D28->6ca76b85-30a3-47b0-8ec4-51f6d05896eb-AppendLogResponseHandler: Failed appendEntries: org.apache.ratis.thirdparty.io.grpc.StatusRuntimeException: UNAVAILABLE: io exception
2019-11-11 20:28:28,972 [grpc-default-executor-6] INFO  impl.FollowerInfo (FollowerInfo.java:lambda$new$0(51)) - 396508a6-021e-4f53-afd2-417daf51af04@group-822749236D28->6ca76b85-30a3-47b0-8ec4-51f6d05896eb: nextIndex: updateUnconditionally 0 -> 0
2019-11-11 20:28:29,220 [grpc-default-executor-8] WARN  server.GrpcLogAppender (LogUtils.java:warn(134)) - 4ee8c297-07ef-4ca0-9e53-65cba3c36712@group-7208C3118237->4458042f-08fe-441c-a446-1f2065605b64-AppendLogResponseHandler: Failed appendEntries: org.apache.ratis.thirdparty.io.grpc.StatusRuntimeException: UNAVAILABLE: io exception
2019-11-11 20:28:29,221 [grpc-default-executor-8] INFO  impl.FollowerInfo (FollowerInfo.java:lambda$new$0(51)) - 4ee8c297-07ef-4ca0-9e53-65cba3c36712@group-7208C3118237->4458042f-08fe-441c-a446-1f2065605b64: nextIndex: updateUnconditionally 0 -> 0
2019-11-11 20:28:29,472 [grpc-default-executor-4] WARN  server.GrpcLogAppender (LogUtils.java:warn(134)) - 396508a6-021e-4f53-afd2-417daf51af04@group-822749236D28->6ca76b85-30a3-47b0-8ec4-51f6d05896eb-AppendLogResponseHandler: Failed appendEntries: org.apache.ratis.thirdparty.io.grpc.StatusRuntimeException: UNAVAILABLE: io exception
2019-11-11 20:28:29,472 [grpc-default-executor-4] INFO  impl.FollowerInfo (FollowerInfo.java:lambda$new$0(51)) - 396508a6-021e-4f53-afd2-417daf51af04@group-822749236D28->6ca76b85-30a3-47b0-8ec4-51f6d05896eb: nextIndex: updateUnconditionally 0 -> 0
2019-11-11 20:28:29,718 [grpc-default-executor-4] WARN  server.GrpcLogAppender (LogUtils.java:warn(134)) - 4ee8c297-07ef-4ca0-9e53-65cba3c36712@group-7208C3118237->4458042f-08fe-441c-a446-1f2065605b64-AppendLogResponseHandler: Failed appendEntries: org.apache.ratis.thirdparty.io.grpc.StatusRuntimeException: UNAVAILABLE: io exception
2019-11-11 20:28:29,719 [grpc-default-executor-4] INFO  impl.FollowerInfo (FollowerInfo.java:lambda$new$0(51)) - 4ee8c297-07ef-4ca0-9e53-65cba3c36712@group-7208C3118237->4458042f-08fe-441c-a446-1f2065605b64: nextIndex: updateUnconditionally 0 -> 0
2019-11-11 20:28:29,912 [ForkJoinPool.commonPool-worker-0] INFO  ozoneimpl.OzoneContainer (OzoneContainer.java:stop(232)) - Attempting to stop container services.
2019-11-11 20:28:29,913 [ForkJoinPool.commonPool-worker-0] INFO  impl.RaftServerProxy (RaftServerProxy.java:lambda$close$4(314)) - 0237f4f0-b27e-4420-99a0-7f40e4083ac0: close
2019-11-11 20:28:29,914 [ForkJoinPool.commonPool-worker-0] INFO  impl.RaftServerImpl (RaftServerImpl.java:lambda$shutdown$3(250)) - 0237f4f0-b27e-4420-99a0-7f40e4083ac0@group-CFDF6326313D: shutdown
2019-11-11 20:28:29,914 [ForkJoinPool.commonPool-worker-0] INFO  util.JmxRegister (JmxRegister.java:unregister(73)) - Successfully un-registered JMX Bean with object name Ratis:service=RaftServer,group=group-CFDF6326313D,id=0237f4f0-b27e-4420-99a0-7f40e4083ac0
2019-11-11 20:28:29,915 [ForkJoinPool.commonPool-worker-0] INFO  impl.RoleInfo (RoleInfo.java:shutdownLeaderState(104)) - 0237f4f0-b27e-4420-99a0-7f40e4083ac0: shutdown LeaderState
2019-11-11 20:28:29,915 [ForkJoinPool.commonPool-worker-0] INFO  impl.PendingRequests (PendingRequests.java:sendNotLeaderResponses(206)) - 0237f4f0-b27e-4420-99a0-7f40e4083ac0@group-CFDF6326313D-PendingRequests: sendNotLeaderResponses
2019-11-11 20:28:29,916 [ForkJoinPool.commonPool-worker-0] INFO  impl.StateMachineUpdater (StateMachineUpdater.java:stopAndJoin(136)) - 0237f4f0-b27e-4420-99a0-7f40e4083ac0@group-CFDF6326313D-StateMachineUpdater: set stopIndex = 0
2019-11-11 20:28:29,916 [ForkJoinPool.commonPool-worker-0] INFO  impl.RaftServerImpl (ServerState.java:close(387)) - 0237f4f0-b27e-4420-99a0-7f40e4083ac0@group-CFDF6326313D: closes. applyIndex: 0
2019-11-11 20:28:29,917 [0237f4f0-b27e-4420-99a0-7f40e4083ac0@group-CFDF6326313D-SegmentedRaftLogWorker] INFO  segmented.SegmentedRaftLogWorker (SegmentedRaftLogWorker.java:run(316)) - 0237f4f0-b27e-4420-99a0-7f40e4083ac0@group-CFDF6326313D-SegmentedRaftLogWorker was interrupted, exiting. There are 0 tasks remaining in the queue.
2019-11-11 20:28:29,917 [ForkJoinPool.commonPool-worker-0] INFO  segmented.SegmentedRaftLogWorker (SegmentedRaftLogWorker.java:close(224)) - 0237f4f0-b27e-4420-99a0-7f40e4083ac0@group-CFDF6326313D-SegmentedRaftLogWorker close()
2019-11-11 20:28:29,918 [ForkJoinPool.commonPool-worker-0] INFO  impl.RaftServerImpl (RaftServerImpl.java:lambda$shutdown$3(250)) - 0237f4f0-b27e-4420-99a0-7f40e4083ac0@group-822749236D28: shutdown
2019-11-11 20:28:29,918 [ForkJoinPool.commonPool-worker-0] INFO  util.JmxRegister (JmxRegister.java:unregister(73)) - Successfully un-registered JMX Bean with object name Ratis:service=RaftServer,group=group-822749236D28,id=0237f4f0-b27e-4420-99a0-7f40e4083ac0
2019-11-11 20:28:29,918 [ForkJoinPool.commonPool-worker-0] INFO  impl.RoleInfo (RoleInfo.java:shutdownFollowerState(121)) - 0237f4f0-b27e-4420-99a0-7f40e4083ac0: shutdown FollowerState
2019-11-11 20:28:29,918 [ForkJoinPool.commonPool-worker-0] INFO  impl.StateMachineUpdater (StateMachineUpdater.java:stopAndJoin(136)) - 0237f4f0-b27e-4420-99a0-7f40e4083ac0@group-822749236D28-StateMachineUpdater: set stopIndex = 2
2019-11-11 20:28:29,918 [Thread-4717] INFO  impl.FollowerState (FollowerState.java:run(120)) - 0237f4f0-b27e-4420-99a0-7f40e4083ac0@group-822749236D28-FollowerState was interrupted: java.lang.InterruptedException: sleep interrupted
2019-11-11 20:28:29,919 [ForkJoinPool.commonPool-worker-0] INFO  impl.RaftServerImpl (ServerState.java:close(387)) - 0237f4f0-b27e-4420-99a0-7f40e4083ac0@group-822749236D28: closes. applyIndex: 2
2019-11-11 20:28:29,919 [0237f4f0-b27e-4420-99a0-7f40e4083ac0@group-822749236D28-SegmentedRaftLogWorker] INFO  segmented.SegmentedRaftLogWorker (SegmentedRaftLogWorker.java:run(316)) - 0237f4f0-b27e-4420-99a0-7f40e4083ac0@group-822749236D28-SegmentedRaftLogWorker was interrupted, exiting. There are 0 tasks remaining in the queue.
2019-11-11 20:28:29,919 [ForkJoinPool.commonPool-worker-0] INFO  segmented.SegmentedRaftLogWorker (SegmentedRaftLogWorker.java:close(224)) - 0237f4f0-b27e-4420-99a0-7f40e4083ac0@group-822749236D28-SegmentedRaftLogWorker close()
2019-11-11 20:28:29,919 [ForkJoinPool.commonPool-worker-0] INFO  server.GrpcService (GrpcService.java:closeImpl(164)) - 0237f4f0-b27e-4420-99a0-7f40e4083ac0: shutdown server with port 41974 now
2019-11-11 20:28:29,921 [grpc-default-executor-8] WARN  server.GrpcServerProtocolService (LogUtils.java:warn(134)) - 0237f4f0-b27e-4420-99a0-7f40e4083ac0: installSnapshot onError, lastRequest: 396508a6-021e-4f53-afd2-417daf51af04->0237f4f0-b27e-4420-99a0-7f40e4083ac0#8-t2, previous=(t:2, i:2), leaderCommit=2, initializing? false, entries: <empty>: org.apache.ratis.thirdparty.io.grpc.StatusRuntimeException: CANCELLED: cancelled before receiving half close
2019-11-11 20:28:29,921 [grpc-default-executor-4] WARN  server.GrpcLogAppender (LogUtils.java:warn(134)) - 396508a6-021e-4f53-afd2-417daf51af04@group-822749236D28->0237f4f0-b27e-4420-99a0-7f40e4083ac0-AppendLogResponseHandler: Failed appendEntries: org.apache.ratis.thirdparty.io.grpc.StatusRuntimeException: CANCELLED: HTTP/2 error code: CANCEL
Received Rst Stream
2019-11-11 20:28:29,921 [ForkJoinPool.commonPool-worker-0] INFO  server.GrpcService (GrpcService.java:closeImpl(172)) - 0237f4f0-b27e-4420-99a0-7f40e4083ac0: shutdown server with port 41974 successfully
2019-11-11 20:28:29,921 [grpc-default-executor-4] INFO  impl.FollowerInfo (FollowerInfo.java:lambda$new$0(51)) - 396508a6-021e-4f53-afd2-417daf51af04@group-822749236D28->0237f4f0-b27e-4420-99a0-7f40e4083ac0: nextIndex: updateUnconditionally 3 -> 2
2019-11-11 20:28:29,923 [main] INFO  ozoneimpl.OzoneContainer (OzoneContainer.java:stop(232)) - Attempting to stop container services.
2019-11-11 20:28:29,925 [refreshUsed-/workdir/hadoop-ozone/integration-test/target/test-dir/MiniOzoneClusterImpl-878a1954-6462-47b6-bdcc-bab86c556cb3/datanode-3/data/containers] WARN  fs.CachingGetSpaceUsed (CachingGetSpaceUsed.java:run(183)) - Thread Interrupted waiting to refresh disk information: sleep interrupted
2019-11-11 20:28:29,925 [main] INFO  impl.RaftServerProxy (RaftServerProxy.java:lambda$close$4(314)) - 75be7957-289d-4245-a821-fc5677a0cfb7: close
2019-11-11 20:28:29,926 [main] INFO  impl.RaftServerImpl (RaftServerImpl.java:lambda$shutdown$3(250)) - 75be7957-289d-4245-a821-fc5677a0cfb7@group-E38CCF0B2F7E: shutdown
2019-11-11 20:28:29,926 [main] INFO  util.JmxRegister (JmxRegister.java:unregister(73)) - Successfully un-registered JMX Bean with object name Ratis:service=RaftServer,group=group-E38CCF0B2F7E,id=75be7957-289d-4245-a821-fc5677a0cfb7
2019-11-11 20:28:29,926 [main] INFO  impl.RoleInfo (RoleInfo.java:shutdownLeaderState(104)) - 75be7957-289d-4245-a821-fc5677a0cfb7: shutdown LeaderState
2019-11-11 20:28:29,934 [main] INFO  impl.PendingRequests (PendingRequests.java:sendNotLeaderResponses(206)) - 75be7957-289d-4245-a821-fc5677a0cfb7@group-E38CCF0B2F7E-PendingRequests: sendNotLeaderResponses
2019-11-11 20:28:29,935 [org.apache.ratis.server.impl.LogAppender$AppenderDaemon$$Lambda$443/882596722@a0fabd9] WARN  server.GrpcLogAppender (GrpcLogAppender.java:mayWait(151)) - 75be7957-289d-4245-a821-fc5677a0cfb7@group-E38CCF0B2F7E->3cc51d6b-e891-4e52-b01b-ce9c9a895fa2-GrpcLogAppender: Wait interrupted by java.lang.InterruptedException
2019-11-11 20:28:29,934 [org.apache.ratis.server.impl.LogAppender$AppenderDaemon$$Lambda$443/882596722@4f0d24fc] WARN  server.GrpcLogAppender (GrpcLogAppender.java:mayWait(151)) - 75be7957-289d-4245-a821-fc5677a0cfb7@group-E38CCF0B2F7E->fb7bce6a-1cd3-4beb-8a28-448fd0b8448e-GrpcLogAppender: Wait interrupted by java.lang.InterruptedException
2019-11-11 20:28:29,939 [main] INFO  impl.StateMachineUpdater (StateMachineUpdater.java:stopAndJoin(136)) - 75be7957-289d-4245-a821-fc5677a0cfb7@group-E38CCF0B2F7E-StateMachineUpdater: set stopIndex = 3
2019-11-11 20:28:29,940 [grpc-default-executor-8] INFO  server.GrpcServerProtocolService (GrpcServerProtocolService.java:onCompleted(113)) - 3cc51d6b-e891-4e52-b01b-ce9c9a895fa2: Completed APPEND_ENTRIES, lastRequest: 75be7957-289d-4245-a821-fc5677a0cfb7->3cc51d6b-e891-4e52-b01b-ce9c9a895fa2#23-t1, previous=(t:1, i:3), leaderCommit=3, initializing? false, entries: <empty>
2019-11-11 20:28:29,941 [grpc-default-executor-8] INFO  server.GrpcServerProtocolService (GrpcServerProtocolService.java:onCompleted(113)) - fb7bce6a-1cd3-4beb-8a28-448fd0b8448e: Completed APPEND_ENTRIES, lastRequest: 75be7957-289d-4245-a821-fc5677a0cfb7->fb7bce6a-1cd3-4beb-8a28-448fd0b8448e#23-t1, previous=(t:1, i:3), leaderCommit=3, initializing? false, entries: <empty>
2019-11-11 20:28:29,941 [grpc-default-executor-1] INFO  server.GrpcLogAppender (GrpcLogAppender.java:onCompleted(308)) - 75be7957-289d-4245-a821-fc5677a0cfb7@group-E38CCF0B2F7E->3cc51d6b-e891-4e52-b01b-ce9c9a895fa2-AppendLogResponseHandler: follower responses appendEntries COMPLETED
2019-11-11 20:28:29,941 [grpc-default-executor-6] INFO  server.GrpcLogAppender (GrpcLogAppender.java:onCompleted(308)) - 75be7957-289d-4245-a821-fc5677a0cfb7@group-E38CCF0B2F7E->fb7bce6a-1cd3-4beb-8a28-448fd0b8448e-AppendLogResponseHandler: follower responses appendEntries COMPLETED
2019-11-11 20:28:29,941 [75be7957-289d-4245-a821-fc5677a0cfb7@group-E38CCF0B2F7E-StateMachineUpdater] INFO  ratis.ContainerStateMachine (ContainerStateMachine.java:takeSnapshot(285)) - group-E38CCF0B2F7E: Taking a snapshot at:(t:1, i:3) file /workdir/hadoop-ozone/integration-test/target/test-dir/MiniOzoneClusterImpl-878a1954-6462-47b6-bdcc-bab86c556cb3/datanode-6/data/ratis/96c2848f-93e6-486b-aacd-e38ccf0b2f7e/sm/snapshot.1_3
2019-11-11 20:28:29,942 [grpc-default-executor-1] INFO  impl.FollowerInfo (FollowerInfo.java:lambda$new$0(51)) - 75be7957-289d-4245-a821-fc5677a0cfb7@group-E38CCF0B2F7E->3cc51d6b-e891-4e52-b01b-ce9c9a895fa2: nextIndex: updateUnconditionally 4 -> 3
2019-11-11 20:28:29,942 [grpc-default-executor-6] INFO  impl.FollowerInfo (FollowerInfo.java:lambda$new$0(51)) - 75be7957-289d-4245-a821-fc5677a0cfb7@group-E38CCF0B2F7E->fb7bce6a-1cd3-4beb-8a28-448fd0b8448e: nextIndex: updateUnconditionally 4 -> 3
2019-11-11 20:28:29,956 [ForkJoinPool.commonPool-worker-0] INFO  utils.BackgroundService (BackgroundService.java:shutdown(151)) - Shutting down service BlockDeletingService
2019-11-11 20:28:29,958 [ForkJoinPool.commonPool-worker-0] INFO  statemachine.DatanodeStateMachine (DatanodeStateMachine.java:stopDaemon(395)) - Ozone container server stopped.
2019-11-11 20:28:29,964 [ForkJoinPool.commonPool-worker-0] INFO  handler.ContextHandler (ContextHandler.java:doStop(910)) - Stopped o.e.j.w.WebAppContext@2a99ca99{/,null,UNAVAILABLE}{/hddsDatanode}
2019-11-11 20:28:29,965 [ForkJoinPool.commonPool-worker-0] INFO  server.AbstractConnector (AbstractConnector.java:doStop(318)) - Stopped ServerConnector@39f0c343{HTTP/1.1,[http/1.1]}{0.0.0.0:0}
2019-11-11 20:28:29,967 [ForkJoinPool.commonPool-worker-0] INFO  handler.ContextHandler (ContextHandler.java:doStop(910)) - Stopped o.e.j.s.ServletContextHandler@621f23ac{/static,jar:file:/home/user/.m2/repository/org/apache/hadoop/hadoop-hdds-container-service/0.5.0-SNAPSHOT/hadoop-hdds-container-service-0.5.0-SNAPSHOT.jar!/webapps/static,UNAVAILABLE}
2019-11-11 20:28:29,969 [ForkJoinPool.commonPool-worker-0] INFO  handler.ContextHandler (ContextHandler.java:doStop(910)) - Stopped o.e.j.s.ServletContextHandler@54ccb3{/logs,file:///workdir/hadoop-ozone/integration-test/target/log,UNAVAILABLE}
2019-11-11 20:28:29,970 [75be7957-289d-4245-a821-fc5677a0cfb7@group-E38CCF0B2F7E-StateMachineUpdater] INFO  ratis.ContainerStateMachine (ContainerStateMachine.java:takeSnapshot(296)) - group-E38CCF0B2F7E: Finished taking a snapshot at:(t:1, i:3) file:/workdir/hadoop-ozone/integration-test/target/test-dir/MiniOzoneClusterImpl-878a1954-6462-47b6-bdcc-bab86c556cb3/datanode-6/data/ratis/96c2848f-93e6-486b-aacd-e38ccf0b2f7e/sm/snapshot.1_3 time:30
2019-11-11 20:28:29,970 [75be7957-289d-4245-a821-fc5677a0cfb7@group-E38CCF0B2F7E-StateMachineUpdater] INFO  impl.StateMachineUpdater (StateMachineUpdater.java:takeSnapshot(269)) - 75be7957-289d-4245-a821-fc5677a0cfb7@group-E38CCF0B2F7E-StateMachineUpdater: Took a snapshot at index 3
2019-11-11 20:28:29,970 [75be7957-289d-4245-a821-fc5677a0cfb7@group-E38CCF0B2F7E-StateMachineUpdater] INFO  impl.StateMachineUpdater (StateMachineUpdater.java:lambda$new$0(84)) - 75be7957-289d-4245-a821-fc5677a0cfb7@group-E38CCF0B2F7E-StateMachineUpdater: snapshotIndex: updateIncreasingly -1 -> 3
2019-11-11 20:28:29,971 [main] INFO  impl.RaftServerImpl (ServerState.java:close(387)) - 75be7957-289d-4245-a821-fc5677a0cfb7@group-E38CCF0B2F7E: closes. applyIndex: 3
2019-11-11 20:28:29,971 [75be7957-289d-4245-a821-fc5677a0cfb7@group-E38CCF0B2F7E-SegmentedRaftLogWorker] INFO  segmented.SegmentedRaftLogWorker (SegmentedRaftLogWorker.java:run(316)) - 75be7957-289d-4245-a821-fc5677a0cfb7@group-E38CCF0B2F7E-SegmentedRaftLogWorker was interrupted, exiting. There are 0 tasks remaining in the queue.
2019-11-11 20:28:29,971 [main] INFO  segmented.SegmentedRaftLogWorker (SegmentedRaftLogWorker.java:close(224)) - 75be7957-289d-4245-a821-fc5677a0cfb7@group-E38CCF0B2F7E-SegmentedRaftLogWorker close()
2019-11-11 20:28:29,973 [main] INFO  impl.RaftServerImpl (RaftServerImpl.java:lambda$shutdown$3(250)) - 75be7957-289d-4245-a821-fc5677a0cfb7@group-8EE61B96E5A8: shutdown
2019-11-11 20:28:29,973 [main] INFO  util.JmxRegister (JmxRegister.java:unregister(73)) - Successfully un-registered JMX Bean with object name Ratis:service=RaftServer,group=group-8EE61B96E5A8,id=75be7957-289d-4245-a821-fc5677a0cfb7
2019-11-11 20:28:29,973 [main] INFO  impl.RoleInfo (RoleInfo.java:shutdownLeaderState(104)) - 75be7957-289d-4245-a821-fc5677a0cfb7: shutdown LeaderState
2019-11-11 20:28:29,974 [main] INFO  impl.PendingRequests (PendingRequests.java:sendNotLeaderResponses(206)) - 75be7957-289d-4245-a821-fc5677a0cfb7@group-8EE61B96E5A8-PendingRequests: sendNotLeaderResponses
2019-11-11 20:28:29,974 [grpc-default-executor-4] WARN  server.GrpcLogAppender (LogUtils.java:warn(134)) - 396508a6-021e-4f53-afd2-417daf51af04@group-822749236D28->6ca76b85-30a3-47b0-8ec4-51f6d05896eb-AppendLogResponseHandler: Failed appendEntries: org.apache.ratis.thirdparty.io.grpc.StatusRuntimeException: UNAVAILABLE: io exception
2019-11-11 20:28:29,974 [main] INFO  impl.StateMachineUpdater (StateMachineUpdater.java:stopAndJoin(136)) - 75be7957-289d-4245-a821-fc5677a0cfb7@group-8EE61B96E5A8-StateMachineUpdater: set stopIndex = 0
2019-11-11 20:28:29,974 [main] INFO  impl.RaftServerImpl (ServerState.java:close(387)) - 75be7957-289d-4245-a821-fc5677a0cfb7@group-8EE61B96E5A8: closes. applyIndex: 0
2019-11-11 20:28:29,974 [grpc-default-executor-4] INFO  impl.FollowerInfo (FollowerInfo.java:lambda$new$0(51)) - 396508a6-021e-4f53-afd2-417daf51af04@group-822749236D28->6ca76b85-30a3-47b0-8ec4-51f6d05896eb: nextIndex: updateUnconditionally 0 -> 0
2019-11-11 20:28:29,975 [75be7957-289d-4245-a821-fc5677a0cfb7@group-8EE61B96E5A8-SegmentedRaftLogWorker] INFO  segmented.SegmentedRaftLogWorker (SegmentedRaftLogWorker.java:run(316)) - 75be7957-289d-4245-a821-fc5677a0cfb7@group-8EE61B96E5A8-SegmentedRaftLogWorker was interrupted, exiting. There are 0 tasks remaining in the queue.
2019-11-11 20:28:29,975 [main] INFO  segmented.SegmentedRaftLogWorker (SegmentedRaftLogWorker.java:close(224)) - 75be7957-289d-4245-a821-fc5677a0cfb7@group-8EE61B96E5A8-SegmentedRaftLogWorker close()
2019-11-11 20:28:29,975 [main] INFO  server.GrpcService (GrpcService.java:closeImpl(164)) - 75be7957-289d-4245-a821-fc5677a0cfb7: shutdown server with port 39702 now
2019-11-11 20:28:29,976 [main] INFO  server.GrpcService (GrpcService.java:closeImpl(172)) - 75be7957-289d-4245-a821-fc5677a0cfb7: shutdown server with port 39702 successfully
2019-11-11 20:28:29,976 [grpc-default-executor-1] WARN  server.GrpcLogAppender (LogUtils.java:warn(134)) - 396508a6-021e-4f53-afd2-417daf51af04@group-822749236D28->0237f4f0-b27e-4420-99a0-7f40e4083ac0-AppendLogResponseHandler: Failed appendEntries: org.apache.ratis.thirdparty.io.grpc.StatusRuntimeException: UNAVAILABLE: io exception
2019-11-11 20:28:29,976 [grpc-default-executor-1] INFO  impl.FollowerInfo (FollowerInfo.java:lambda$new$0(51)) - 396508a6-021e-4f53-afd2-417daf51af04@group-822749236D28->0237f4f0-b27e-4420-99a0-7f40e4083ac0: nextIndex: updateUnconditionally 2 -> 1
2019-11-11 20:28:29,977 [refreshUsed-/workdir/hadoop-ozone/integration-test/target/test-dir/MiniOzoneClusterImpl-878a1954-6462-47b6-bdcc-bab86c556cb3/datanode-6/data/containers] WARN  fs.CachingGetSpaceUsed (CachingGetSpaceUsed.java:run(183)) - Thread Interrupted waiting to refresh disk information: sleep interrupted
2019-11-11 20:28:29,991 [main] INFO  utils.BackgroundService (BackgroundService.java:shutdown(151)) - Shutting down service BlockDeletingService
2019-11-11 20:28:29,993 [main] INFO  statemachine.DatanodeStateMachine (DatanodeStateMachine.java:stopDaemon(395)) - Ozone container server stopped.
2019-11-11 20:28:29,994 [main] INFO  handler.ContextHandler (ContextHandler.java:doStop(910)) - Stopped o.e.j.w.WebAppContext@3111631d{/,null,UNAVAILABLE}{/hddsDatanode}
2019-11-11 20:28:29,995 [main] INFO  server.AbstractConnector (AbstractConnector.java:doStop(318)) - Stopped ServerConnector@2d70f312{HTTP/1.1,[http/1.1]}{0.0.0.0:0}
2019-11-11 20:28:29,995 [main] INFO  handler.ContextHandler (ContextHandler.java:doStop(910)) - Stopped o.e.j.s.ServletContextHandler@c97721b{/static,jar:file:/home/user/.m2/repository/org/apache/hadoop/hadoop-hdds-container-service/0.5.0-SNAPSHOT/hadoop-hdds-container-service-0.5.0-SNAPSHOT.jar!/webapps/static,UNAVAILABLE}
2019-11-11 20:28:29,995 [main] INFO  handler.ContextHandler (ContextHandler.java:doStop(910)) - Stopped o.e.j.s.ServletContextHandler@1860a7a1{/logs,file:///workdir/hadoop-ozone/integration-test/target/log,UNAVAILABLE}
2019-11-11 20:28:30,219 [grpc-default-executor-4] WARN  server.GrpcLogAppender (LogUtils.java:warn(134)) - 4ee8c297-07ef-4ca0-9e53-65cba3c36712@group-7208C3118237->4458042f-08fe-441c-a446-1f2065605b64-AppendLogResponseHandler: Failed appendEntries: org.apache.ratis.thirdparty.io.grpc.StatusRuntimeException: UNAVAILABLE: io exception
2019-11-11 20:28:30,219 [grpc-default-executor-4] INFO  impl.FollowerInfo (FollowerInfo.java:lambda$new$0(51)) - 4ee8c297-07ef-4ca0-9e53-65cba3c36712@group-7208C3118237->4458042f-08fe-441c-a446-1f2065605b64: nextIndex: updateUnconditionally 0 -> 0
2019-11-11 20:28:30,473 [grpc-default-executor-1] WARN  server.GrpcLogAppender (LogUtils.java:warn(134)) - 396508a6-021e-4f53-afd2-417daf51af04@group-822749236D28->6ca76b85-30a3-47b0-8ec4-51f6d05896eb-AppendLogResponseHandler: Failed appendEntries: org.apache.ratis.thirdparty.io.grpc.StatusRuntimeException: UNAVAILABLE: io exception
2019-11-11 20:28:30,473 [grpc-default-executor-1] INFO  impl.FollowerInfo (FollowerInfo.java:lambda$new$0(51)) - 396508a6-021e-4f53-afd2-417daf51af04@group-822749236D28->6ca76b85-30a3-47b0-8ec4-51f6d05896eb: nextIndex: updateUnconditionally 0 -> 0
2019-11-11 20:28:30,476 [grpc-default-executor-6] WARN  server.GrpcLogAppender (LogUtils.java:warn(134)) - 396508a6-021e-4f53-afd2-417daf51af04@group-822749236D28->0237f4f0-b27e-4420-99a0-7f40e4083ac0-AppendLogResponseHandler: Failed appendEntries: org.apache.ratis.thirdparty.io.grpc.StatusRuntimeException: UNAVAILABLE: io exception
2019-11-11 20:28:30,477 [grpc-default-executor-6] INFO  impl.FollowerInfo (FollowerInfo.java:lambda$new$0(51)) - 396508a6-021e-4f53-afd2-417daf51af04@group-822749236D28->0237f4f0-b27e-4420-99a0-7f40e4083ac0: nextIndex: updateUnconditionally 1 -> 0
2019-11-11 20:28:30,688 [Datanode State Machine Thread - 0] INFO  statemachine.DatanodeStateMachine (DatanodeStateMachine.java:lambda$startDaemon$0(350)) - Ozone container server started.
2019-11-11 20:28:30,719 [grpc-default-executor-1] WARN  server.GrpcLogAppender (LogUtils.java:warn(134)) - 4ee8c297-07ef-4ca0-9e53-65cba3c36712@group-7208C3118237->4458042f-08fe-441c-a446-1f2065605b64-AppendLogResponseHandler: Failed appendEntries: org.apache.ratis.thirdparty.io.grpc.StatusRuntimeException: UNAVAILABLE: io exception
2019-11-11 20:28:30,719 [grpc-default-executor-1] INFO  impl.FollowerInfo (FollowerInfo.java:lambda$new$0(51)) - 4ee8c297-07ef-4ca0-9e53-65cba3c36712@group-7208C3118237->4458042f-08fe-441c-a446-1f2065605b64: nextIndex: updateUnconditionally 0 -> 0
2019-11-11 20:28:30,914 [Datanode State Machine Thread - 0] INFO  statemachine.DatanodeStateMachine (DatanodeStateMachine.java:lambda$startDaemon$0(350)) - Ozone container server started.
2019-11-11 20:28:30,974 [grpc-default-executor-4] WARN  server.GrpcLogAppender (LogUtils.java:warn(134)) - 396508a6-021e-4f53-afd2-417daf51af04@group-822749236D28->6ca76b85-30a3-47b0-8ec4-51f6d05896eb-AppendLogResponseHandler: Failed appendEntries: org.apache.ratis.thirdparty.io.grpc.StatusRuntimeException: UNAVAILABLE: io exception
2019-11-11 20:28:30,974 [grpc-default-executor-4] INFO  impl.FollowerInfo (FollowerInfo.java:lambda$new$0(51)) - 396508a6-021e-4f53-afd2-417daf51af04@group-822749236D28->6ca76b85-30a3-47b0-8ec4-51f6d05896eb: nextIndex: updateUnconditionally 0 -> 0
2019-11-11 20:28:30,977 [grpc-default-executor-1] WARN  server.GrpcLogAppender (LogUtils.java:warn(134)) - 396508a6-021e-4f53-afd2-417daf51af04@group-822749236D28->0237f4f0-b27e-4420-99a0-7f40e4083ac0-AppendLogResponseHandler: Failed appendEntries: org.apache.ratis.thirdparty.io.grpc.StatusRuntimeException: UNAVAILABLE: io exception
2019-11-11 20:28:30,977 [grpc-default-executor-1] INFO  impl.FollowerInfo (FollowerInfo.java:lambda$new$0(51)) - 396508a6-021e-4f53-afd2-417daf51af04@group-822749236D28->0237f4f0-b27e-4420-99a0-7f40e4083ac0: nextIndex: updateUnconditionally 0 -> 0
2019-11-11 20:28:31,123 [Thread-4604] INFO  impl.FollowerState (FollowerState.java:run(111)) - fb7bce6a-1cd3-4beb-8a28-448fd0b8448e@group-E38CCF0B2F7E-FollowerState: change to CANDIDATE, lastRpcTime:1217ms, electionTimeout:1127ms
2019-11-11 20:28:31,123 [Thread-4604] INFO  impl.RoleInfo (RoleInfo.java:shutdownFollowerState(121)) - fb7bce6a-1cd3-4beb-8a28-448fd0b8448e: shutdown FollowerState
2019-11-11 20:28:31,124 [Thread-4604] INFO  impl.RaftServerImpl (RaftServerImpl.java:setRole(173)) - fb7bce6a-1cd3-4beb-8a28-448fd0b8448e@group-E38CCF0B2F7E: changes role from  FOLLOWER to CANDIDATE at term 1 for changeToCandidate
2019-11-11 20:28:31,124 [Thread-4604] INFO  impl.RoleInfo (RoleInfo.java:updateAndGet(143)) - fb7bce6a-1cd3-4beb-8a28-448fd0b8448e: start LeaderElection
2019-11-11 20:28:31,124 [fb7bce6a-1cd3-4beb-8a28-448fd0b8448e@group-E38CCF0B2F7E-LeaderElection200] INFO  impl.RaftServerImpl (ServerState.java:setLeader(255)) - fb7bce6a-1cd3-4beb-8a28-448fd0b8448e@group-E38CCF0B2F7E: change Leader from 75be7957-289d-4245-a821-fc5677a0cfb7 to null at term 1 for initElection
2019-11-11 20:28:31,150 [fb7bce6a-1cd3-4beb-8a28-448fd0b8448e@group-E38CCF0B2F7E-LeaderElection200] INFO  impl.LeaderElection (LeaderElection.java:askForVotes(178)) - fb7bce6a-1cd3-4beb-8a28-448fd0b8448e@group-E38CCF0B2F7E-LeaderElection200: begin an election at term 2 for 0: [3cc51d6b-e891-4e52-b01b-ce9c9a895fa2:192.168.69.124:45920, 75be7957-289d-4245-a821-fc5677a0cfb7:192.168.69.124:39702, fb7bce6a-1cd3-4beb-8a28-448fd0b8448e:192.168.69.124:37289], old=null
2019-11-11 20:28:31,152 [fb7bce6a-1cd3-4beb-8a28-448fd0b8448e@group-E38CCF0B2F7E-LeaderElection200] INFO  impl.LeaderElection (LogUtils.java:infoOrTrace(149)) - fb7bce6a-1cd3-4beb-8a28-448fd0b8448e@group-E38CCF0B2F7E-LeaderElection200 got exception when requesting votes: {}
java.util.concurrent.ExecutionException: org.apache.ratis.thirdparty.io.grpc.StatusRuntimeException: UNAVAILABLE: io exception
	at java.util.concurrent.FutureTask.report(FutureTask.java:122)
	at java.util.concurrent.FutureTask.get(FutureTask.java:192)
	at org.apache.ratis.server.impl.LeaderElection.waitForResults(LeaderElection.java:259)
	at org.apache.ratis.server.impl.LeaderElection.askForVotes(LeaderElection.java:197)
	at org.apache.ratis.server.impl.LeaderElection.run(LeaderElection.java:133)
	at java.lang.Thread.run(Thread.java:748)
Caused by: org.apache.ratis.thirdparty.io.grpc.StatusRuntimeException: UNAVAILABLE: io exception
	at org.apache.ratis.thirdparty.io.grpc.stub.ClientCalls.toStatusRuntimeException(ClientCalls.java:233)
	at org.apache.ratis.thirdparty.io.grpc.stub.ClientCalls.getUnchecked(ClientCalls.java:214)
	at org.apache.ratis.thirdparty.io.grpc.stub.ClientCalls.blockingUnaryCall(ClientCalls.java:139)
	at org.apache.ratis.proto.grpc.RaftServerProtocolServiceGrpc$RaftServerProtocolServiceBlockingStub.requestVote(RaftServerProtocolServiceGrpc.java:265)
	at org.apache.ratis.grpc.server.GrpcServerProtocolClient.requestVote(GrpcServerProtocolClient.java:99)
	at org.apache.ratis.grpc.server.GrpcService.requestVote(GrpcService.java:204)
	at org.apache.ratis.server.impl.LeaderElection.lambda$submitRequests$1(LeaderElection.java:234)
	at java.util.concurrent.FutureTask.run(FutureTask.java:266)
	at java.util.concurrent.Executors$RunnableAdapter.call(Executors.java:511)
	at java.util.concurrent.FutureTask.run(FutureTask.java:266)
	at java.util.concurrent.ThreadPoolExecutor.runWorker(ThreadPoolExecutor.java:1149)
	at java.util.concurrent.ThreadPoolExecutor$Worker.run(ThreadPoolExecutor.java:624)
	... 1 more
Caused by: org.apache.ratis.thirdparty.io.netty.channel.AbstractChannel$AnnotatedConnectException: Connection refused: /192.168.69.124:39702
	at sun.nio.ch.SocketChannelImpl.checkConnect(Native Method)
	at sun.nio.ch.SocketChannelImpl.finishConnect(SocketChannelImpl.java:717)
	at org.apache.ratis.thirdparty.io.netty.channel.socket.nio.NioSocketChannel.doFinishConnect(NioSocketChannel.java:327)
	at org.apache.ratis.thirdparty.io.netty.channel.nio.AbstractNioChannel$AbstractNioUnsafe.finishConnect(AbstractNioChannel.java:340)
	at org.apache.ratis.thirdparty.io.netty.channel.nio.NioEventLoop.processSelectedKey(NioEventLoop.java:632)
	at org.apache.ratis.thirdparty.io.netty.channel.nio.NioEventLoop.processSelectedKeysOptimized(NioEventLoop.java:579)
	at org.apache.ratis.thirdparty.io.netty.channel.nio.NioEventLoop.processSelectedKeys(NioEventLoop.java:496)
	at org.apache.ratis.thirdparty.io.netty.channel.nio.NioEventLoop.run(NioEventLoop.java:458)
	at org.apache.ratis.thirdparty.io.netty.util.concurrent.SingleThreadEventExecutor$5.run(SingleThreadEventExecutor.java:897)
	at org.apache.ratis.thirdparty.io.netty.util.concurrent.FastThreadLocalRunnable.run(FastThreadLocalRunnable.java:30)
	... 1 more
Caused by: java.net.ConnectException: Connection refused
	... 11 more
2019-11-11 20:28:31,154 [grpc-default-executor-4] INFO  impl.RaftServerImpl (ServerState.java:setLeader(255)) - 3cc51d6b-e891-4e52-b01b-ce9c9a895fa2@group-E38CCF0B2F7E: change Leader from 75be7957-289d-4245-a821-fc5677a0cfb7 to null at term 2 for updateCurrentTerm
2019-11-11 20:28:31,155 [grpc-default-executor-4] INFO  impl.RaftServerImpl (RaftServerImpl.java:setRole(173)) - 3cc51d6b-e891-4e52-b01b-ce9c9a895fa2@group-E38CCF0B2F7E: changes role from  FOLLOWER to FOLLOWER at term 2 for recognizeCandidate:fb7bce6a-1cd3-4beb-8a28-448fd0b8448e
2019-11-11 20:28:31,155 [grpc-default-executor-4] INFO  impl.RoleInfo (RoleInfo.java:shutdownFollowerState(121)) - 3cc51d6b-e891-4e52-b01b-ce9c9a895fa2: shutdown FollowerState
2019-11-11 20:28:31,155 [grpc-default-executor-4] INFO  impl.RoleInfo (RoleInfo.java:updateAndGet(143)) - 3cc51d6b-e891-4e52-b01b-ce9c9a895fa2: start FollowerState
2019-11-11 20:28:31,155 [Thread-4605] INFO  impl.FollowerState (FollowerState.java:run(120)) - 3cc51d6b-e891-4e52-b01b-ce9c9a895fa2@group-E38CCF0B2F7E-FollowerState was interrupted: java.lang.InterruptedException: sleep interrupted
2019-11-11 20:28:31,180 [fb7bce6a-1cd3-4beb-8a28-448fd0b8448e@group-E38CCF0B2F7E-LeaderElection200] INFO  impl.LeaderElection (LeaderElection.java:logAndReturn(56)) - fb7bce6a-1cd3-4beb-8a28-448fd0b8448e@group-E38CCF0B2F7E-LeaderElection200: Election PASSED; received 1 response(s) [fb7bce6a-1cd3-4beb-8a28-448fd0b8448e<-3cc51d6b-e891-4e52-b01b-ce9c9a895fa2#0:OK-t2] and 1 exception(s); fb7bce6a-1cd3-4beb-8a28-448fd0b8448e@group-E38CCF0B2F7E:t2, leader=null, voted=fb7bce6a-1cd3-4beb-8a28-448fd0b8448e, raftlog=fb7bce6a-1cd3-4beb-8a28-448fd0b8448e@group-E38CCF0B2F7E-SegmentedRaftLog:OPENED:c3,f3,i3, conf=0: [3cc51d6b-e891-4e52-b01b-ce9c9a895fa2:192.168.69.124:45920, 75be7957-289d-4245-a821-fc5677a0cfb7:192.168.69.124:39702, fb7bce6a-1cd3-4beb-8a28-448fd0b8448e:192.168.69.124:37289], old=null
2019-11-11 20:28:31,180 [fb7bce6a-1cd3-4beb-8a28-448fd0b8448e@group-E38CCF0B2F7E-LeaderElection200] INFO  impl.LeaderElection (LogUtils.java:infoOrTrace(149)) -   Exception 0: {}
java.util.concurrent.ExecutionException: org.apache.ratis.thirdparty.io.grpc.StatusRuntimeException: UNAVAILABLE: io exception
	at java.util.concurrent.FutureTask.report(FutureTask.java:122)
	at java.util.concurrent.FutureTask.get(FutureTask.java:192)
	at org.apache.ratis.server.impl.LeaderElection.waitForResults(LeaderElection.java:259)
	at org.apache.ratis.server.impl.LeaderElection.askForVotes(LeaderElection.java:197)
	at org.apache.ratis.server.impl.LeaderElection.run(LeaderElection.java:133)
	at java.lang.Thread.run(Thread.java:748)
Caused by: org.apache.ratis.thirdparty.io.grpc.StatusRuntimeException: UNAVAILABLE: io exception
	at org.apache.ratis.thirdparty.io.grpc.stub.ClientCalls.toStatusRuntimeException(ClientCalls.java:233)
	at org.apache.ratis.thirdparty.io.grpc.stub.ClientCalls.getUnchecked(ClientCalls.java:214)
	at org.apache.ratis.thirdparty.io.grpc.stub.ClientCalls.blockingUnaryCall(ClientCalls.java:139)
	at org.apache.ratis.proto.grpc.RaftServerProtocolServiceGrpc$RaftServerProtocolServiceBlockingStub.requestVote(RaftServerProtocolServiceGrpc.java:265)
	at org.apache.ratis.grpc.server.GrpcServerProtocolClient.requestVote(GrpcServerProtocolClient.java:99)
	at org.apache.ratis.grpc.server.GrpcService.requestVote(GrpcService.java:204)
	at org.apache.ratis.server.impl.LeaderElection.lambda$submitRequests$1(LeaderElection.java:234)
	at java.util.concurrent.FutureTask.run(FutureTask.java:266)
	at java.util.concurrent.Executors$RunnableAdapter.call(Executors.java:511)
	at java.util.concurrent.FutureTask.run(FutureTask.java:266)
	at java.util.concurrent.ThreadPoolExecutor.runWorker(ThreadPoolExecutor.java:1149)
	at java.util.concurrent.ThreadPoolExecutor$Worker.run(ThreadPoolExecutor.java:624)
	... 1 more
Caused by: org.apache.ratis.thirdparty.io.netty.channel.AbstractChannel$AnnotatedConnectException: Connection refused: /192.168.69.124:39702
	at sun.nio.ch.SocketChannelImpl.checkConnect(Native Method)
	at sun.nio.ch.SocketChannelImpl.finishConnect(SocketChannelImpl.java:717)
	at org.apache.ratis.thirdparty.io.netty.channel.socket.nio.NioSocketChannel.doFinishConnect(NioSocketChannel.java:327)
	at org.apache.ratis.thirdparty.io.netty.channel.nio.AbstractNioChannel$AbstractNioUnsafe.finishConnect(AbstractNioChannel.java:340)
	at org.apache.ratis.thirdparty.io.netty.channel.nio.NioEventLoop.processSelectedKey(NioEventLoop.java:632)
	at org.apache.ratis.thirdparty.io.netty.channel.nio.NioEventLoop.processSelectedKeysOptimized(NioEventLoop.java:579)
	at org.apache.ratis.thirdparty.io.netty.channel.nio.NioEventLoop.processSelectedKeys(NioEventLoop.java:496)
	at org.apache.ratis.thirdparty.io.netty.channel.nio.NioEventLoop.run(NioEventLoop.java:458)
	at org.apache.ratis.thirdparty.io.netty.util.concurrent.SingleThreadEventExecutor$5.run(SingleThreadEventExecutor.java:897)
	at org.apache.ratis.thirdparty.io.netty.util.concurrent.FastThreadLocalRunnable.run(FastThreadLocalRunnable.java:30)
	... 1 more
Caused by: java.net.ConnectException: Connection refused
	... 11 more
2019-11-11 20:28:31,180 [fb7bce6a-1cd3-4beb-8a28-448fd0b8448e@group-E38CCF0B2F7E-LeaderElection200] INFO  impl.RoleInfo (RoleInfo.java:shutdownLeaderElection(134)) - fb7bce6a-1cd3-4beb-8a28-448fd0b8448e: shutdown LeaderElection
2019-11-11 20:28:31,181 [fb7bce6a-1cd3-4beb-8a28-448fd0b8448e@group-E38CCF0B2F7E-LeaderElection200] INFO  impl.RaftServerImpl (RaftServerImpl.java:setRole(173)) - fb7bce6a-1cd3-4beb-8a28-448fd0b8448e@group-E38CCF0B2F7E: changes role from CANDIDATE to LEADER at term 2 for changeToLeader
2019-11-11 20:28:31,181 [fb7bce6a-1cd3-4beb-8a28-448fd0b8448e@group-E38CCF0B2F7E-LeaderElection200] INFO  ratis.XceiverServerRatis (XceiverServerRatis.java:handleLeaderChangedNotification(697)) - Leader change notification received for group: group-E38CCF0B2F7E with new leaderId: fb7bce6a-1cd3-4beb-8a28-448fd0b8448e
2019-11-11 20:28:31,181 [fb7bce6a-1cd3-4beb-8a28-448fd0b8448e@group-E38CCF0B2F7E-LeaderElection200] INFO  impl.RaftServerImpl (ServerState.java:setLeader(255)) - fb7bce6a-1cd3-4beb-8a28-448fd0b8448e@group-E38CCF0B2F7E: change Leader from null to fb7bce6a-1cd3-4beb-8a28-448fd0b8448e at term 2 for becomeLeader, leader elected after 56ms
2019-11-11 20:28:31,181 [fb7bce6a-1cd3-4beb-8a28-448fd0b8448e@group-E38CCF0B2F7E-LeaderElection200] INFO  server.RaftServerConfigKeys (ConfUtils.java:logGet(43)) - raft.server.staging.catchup.gap = 1000 (default)
2019-11-11 20:28:31,182 [fb7bce6a-1cd3-4beb-8a28-448fd0b8448e@group-E38CCF0B2F7E-LeaderElection200] INFO  server.RaftServerConfigKeys (ConfUtils.java:logGet(43)) - raft.server.rpc.sleep.time = 25ms (default)
2019-11-11 20:28:31,182 [fb7bce6a-1cd3-4beb-8a28-448fd0b8448e@group-E38CCF0B2F7E-LeaderElection200] INFO  server.RaftServerConfigKeys (ConfUtils.java:logGet(43)) - raft.server.write.element-limit = 4096 (default)
2019-11-11 20:28:31,182 [fb7bce6a-1cd3-4beb-8a28-448fd0b8448e@group-E38CCF0B2F7E-LeaderElection200] INFO  server.RaftServerConfigKeys (ConfUtils.java:logGet(43)) - raft.server.watch.timeout = 10s (default)
2019-11-11 20:28:31,182 [fb7bce6a-1cd3-4beb-8a28-448fd0b8448e@group-E38CCF0B2F7E-LeaderElection200] INFO  server.RaftServerConfigKeys (ConfUtils.java:logGet(43)) - raft.server.watch.timeout.denomination = 1s (default)
2019-11-11 20:28:31,183 [fb7bce6a-1cd3-4beb-8a28-448fd0b8448e@group-E38CCF0B2F7E-LeaderElection200] INFO  server.RaftServerConfigKeys (ConfUtils.java:logGet(43)) - raft.server.watch.element-limit = 65536 (default)
2019-11-11 20:28:31,183 [fb7bce6a-1cd3-4beb-8a28-448fd0b8448e@group-E38CCF0B2F7E-LeaderElection200] INFO  server.RaftServerConfigKeys (ConfUtils.java:logGet(43)) - raft.server.log.appender.snapshot.chunk.size.max = 16MB (=16777216) (default)
2019-11-11 20:28:31,183 [fb7bce6a-1cd3-4beb-8a28-448fd0b8448e@group-E38CCF0B2F7E-LeaderElection200] INFO  server.RaftServerConfigKeys (ConfUtils.java:logGet(43)) - raft.server.log.appender.buffer.byte-limit = 33554432 (custom)
2019-11-11 20:28:31,184 [fb7bce6a-1cd3-4beb-8a28-448fd0b8448e@group-E38CCF0B2F7E-LeaderElection200] INFO  server.RaftServerConfigKeys (ConfUtils.java:logGet(43)) - raft.server.log.appender.buffer.element-limit = 1 (custom)
2019-11-11 20:28:31,184 [fb7bce6a-1cd3-4beb-8a28-448fd0b8448e@group-E38CCF0B2F7E-LeaderElection200] INFO  grpc.GrpcConfigKeys$Server (ConfUtils.java:logGet(43)) - raft.grpc.server.leader.outstanding.appends.max = 128 (default)
2019-11-11 20:28:31,184 [fb7bce6a-1cd3-4beb-8a28-448fd0b8448e@group-E38CCF0B2F7E-LeaderElection200] INFO  server.RaftServerConfigKeys (ConfUtils.java:logGet(43)) - raft.server.rpc.request.timeout = 3000ms (default)
2019-11-11 20:28:31,184 [fb7bce6a-1cd3-4beb-8a28-448fd0b8448e@group-E38CCF0B2F7E-LeaderElection200] INFO  server.RaftServerConfigKeys (ConfUtils.java:logGet(43)) - raft.server.log.appender.install.snapshot.enabled = false (custom)
2019-11-11 20:28:31,185 [fb7bce6a-1cd3-4beb-8a28-448fd0b8448e@group-E38CCF0B2F7E-LeaderElection200] WARN  impl.MetricRegistriesImpl (MetricRegistriesImpl.java:lambda$create$1(61)) - First MetricRegistry has been created without registering reporters. You may need to call MetricRegistries.global().addReportRegistration(...) before.
2019-11-11 20:28:31,185 [fb7bce6a-1cd3-4beb-8a28-448fd0b8448e@group-E38CCF0B2F7E-LeaderElection200] INFO  server.RaftServerConfigKeys (ConfUtils.java:logGet(43)) - raft.server.log.appender.snapshot.chunk.size.max = 16MB (=16777216) (default)
2019-11-11 20:28:31,185 [fb7bce6a-1cd3-4beb-8a28-448fd0b8448e@group-E38CCF0B2F7E-LeaderElection200] INFO  server.RaftServerConfigKeys (ConfUtils.java:logGet(43)) - raft.server.log.appender.buffer.byte-limit = 33554432 (custom)
2019-11-11 20:28:31,185 [fb7bce6a-1cd3-4beb-8a28-448fd0b8448e@group-E38CCF0B2F7E-LeaderElection200] INFO  server.RaftServerConfigKeys (ConfUtils.java:logGet(43)) - raft.server.log.appender.buffer.element-limit = 1 (custom)
2019-11-11 20:28:31,185 [fb7bce6a-1cd3-4beb-8a28-448fd0b8448e@group-E38CCF0B2F7E-LeaderElection200] INFO  grpc.GrpcConfigKeys$Server (ConfUtils.java:logGet(43)) - raft.grpc.server.leader.outstanding.appends.max = 128 (default)
2019-11-11 20:28:31,185 [fb7bce6a-1cd3-4beb-8a28-448fd0b8448e@group-E38CCF0B2F7E-LeaderElection200] INFO  server.RaftServerConfigKeys (ConfUtils.java:logGet(43)) - raft.server.rpc.request.timeout = 3000ms (default)
2019-11-11 20:28:31,186 [fb7bce6a-1cd3-4beb-8a28-448fd0b8448e@group-E38CCF0B2F7E-LeaderElection200] INFO  server.RaftServerConfigKeys (ConfUtils.java:logGet(43)) - raft.server.log.appender.install.snapshot.enabled = false (custom)
2019-11-11 20:28:31,186 [fb7bce6a-1cd3-4beb-8a28-448fd0b8448e@group-E38CCF0B2F7E-LeaderElection200] INFO  impl.RoleInfo (RoleInfo.java:updateAndGet(143)) - fb7bce6a-1cd3-4beb-8a28-448fd0b8448e: start LeaderState
2019-11-11 20:28:31,186 [fb7bce6a-1cd3-4beb-8a28-448fd0b8448e@group-E38CCF0B2F7E-LeaderElection200] INFO  segmented.SegmentedRaftLogWorker (SegmentedRaftLogWorker.java:rollLogSegment(390)) - fb7bce6a-1cd3-4beb-8a28-448fd0b8448e@group-E38CCF0B2F7E-SegmentedRaftLogWorker: Rolling segment log-0_3 to index:3
2019-11-11 20:28:31,187 [fb7bce6a-1cd3-4beb-8a28-448fd0b8448e@group-E38CCF0B2F7E-LeaderElection200] INFO  impl.RaftServerImpl (ServerState.java:setRaftConf(356)) - fb7bce6a-1cd3-4beb-8a28-448fd0b8448e@group-E38CCF0B2F7E: set configuration 4: [3cc51d6b-e891-4e52-b01b-ce9c9a895fa2:192.168.69.124:45920, 75be7957-289d-4245-a821-fc5677a0cfb7:192.168.69.124:39702, fb7bce6a-1cd3-4beb-8a28-448fd0b8448e:192.168.69.124:37289], old=null at 4
2019-11-11 20:28:31,187 [grpc-default-executor-4] WARN  server.GrpcLogAppender (LogUtils.java:warn(134)) - fb7bce6a-1cd3-4beb-8a28-448fd0b8448e@group-E38CCF0B2F7E->75be7957-289d-4245-a821-fc5677a0cfb7-AppendLogResponseHandler: Failed appendEntries: org.apache.ratis.thirdparty.io.grpc.StatusRuntimeException: UNAVAILABLE: io exception
2019-11-11 20:28:31,188 [fb7bce6a-1cd3-4beb-8a28-448fd0b8448e@group-E38CCF0B2F7E-SegmentedRaftLogWorker] INFO  segmented.SegmentedRaftLogWorker (SegmentedRaftLogWorker.java:execute(533)) - fb7bce6a-1cd3-4beb-8a28-448fd0b8448e@group-E38CCF0B2F7E-SegmentedRaftLogWorker: Rolled log segment from /workdir/hadoop-ozone/integration-test/target/test-dir/MiniOzoneClusterImpl-878a1954-6462-47b6-bdcc-bab86c556cb3/datanode-7/data/ratis/96c2848f-93e6-486b-aacd-e38ccf0b2f7e/current/log_inprogress_0 to /workdir/hadoop-ozone/integration-test/target/test-dir/MiniOzoneClusterImpl-878a1954-6462-47b6-bdcc-bab86c556cb3/datanode-7/data/ratis/96c2848f-93e6-486b-aacd-e38ccf0b2f7e/current/log_0-3
2019-11-11 20:28:31,188 [grpc-default-executor-4] INFO  impl.FollowerInfo (FollowerInfo.java:lambda$new$0(51)) - fb7bce6a-1cd3-4beb-8a28-448fd0b8448e@group-E38CCF0B2F7E->75be7957-289d-4245-a821-fc5677a0cfb7: nextIndex: updateUnconditionally 4 -> 1
2019-11-11 20:28:31,188 [grpc-default-executor-1] INFO  ratis.XceiverServerRatis (XceiverServerRatis.java:handleLeaderChangedNotification(697)) - Leader change notification received for group: group-E38CCF0B2F7E with new leaderId: fb7bce6a-1cd3-4beb-8a28-448fd0b8448e
2019-11-11 20:28:31,188 [grpc-default-executor-1] INFO  impl.RaftServerImpl (ServerState.java:setLeader(255)) - 3cc51d6b-e891-4e52-b01b-ce9c9a895fa2@group-E38CCF0B2F7E: change Leader from null to fb7bce6a-1cd3-4beb-8a28-448fd0b8448e at term 2 for appendEntries, leader elected after 33ms
2019-11-11 20:28:31,190 [grpc-default-executor-1] INFO  impl.RaftServerImpl (ServerState.java:setRaftConf(356)) - 3cc51d6b-e891-4e52-b01b-ce9c9a895fa2@group-E38CCF0B2F7E: set configuration 4: [3cc51d6b-e891-4e52-b01b-ce9c9a895fa2:192.168.69.124:45920, 75be7957-289d-4245-a821-fc5677a0cfb7:192.168.69.124:39702, fb7bce6a-1cd3-4beb-8a28-448fd0b8448e:192.168.69.124:37289], old=null at 4
2019-11-11 20:28:31,190 [grpc-default-executor-1] INFO  segmented.SegmentedRaftLogWorker (SegmentedRaftLogWorker.java:rollLogSegment(390)) - 3cc51d6b-e891-4e52-b01b-ce9c9a895fa2@group-E38CCF0B2F7E-SegmentedRaftLogWorker: Rolling segment log-0_3 to index:3
2019-11-11 20:28:31,191 [3cc51d6b-e891-4e52-b01b-ce9c9a895fa2@group-E38CCF0B2F7E-SegmentedRaftLogWorker] INFO  segmented.SegmentedRaftLogWorker (SegmentedRaftLogWorker.java:execute(533)) - 3cc51d6b-e891-4e52-b01b-ce9c9a895fa2@group-E38CCF0B2F7E-SegmentedRaftLogWorker: Rolled log segment from /workdir/hadoop-ozone/integration-test/target/test-dir/MiniOzoneClusterImpl-878a1954-6462-47b6-bdcc-bab86c556cb3/datanode-8/data/ratis/96c2848f-93e6-486b-aacd-e38ccf0b2f7e/current/log_inprogress_0 to /workdir/hadoop-ozone/integration-test/target/test-dir/MiniOzoneClusterImpl-878a1954-6462-47b6-bdcc-bab86c556cb3/datanode-8/data/ratis/96c2848f-93e6-486b-aacd-e38ccf0b2f7e/current/log_0-3
2019-11-11 20:28:31,220 [grpc-default-executor-6] WARN  server.GrpcLogAppender (LogUtils.java:warn(134)) - 4ee8c297-07ef-4ca0-9e53-65cba3c36712@group-7208C3118237->4458042f-08fe-441c-a446-1f2065605b64-AppendLogResponseHandler: Failed appendEntries: org.apache.ratis.thirdparty.io.grpc.StatusRuntimeException: UNAVAILABLE: io exception
2019-11-11 20:28:31,220 [grpc-default-executor-6] INFO  impl.FollowerInfo (FollowerInfo.java:lambda$new$0(51)) - 4ee8c297-07ef-4ca0-9e53-65cba3c36712@group-7208C3118237->4458042f-08fe-441c-a446-1f2065605b64: nextIndex: updateUnconditionally 0 -> 0
2019-11-11 20:28:31,247 [3cc51d6b-e891-4e52-b01b-ce9c9a895fa2@group-E38CCF0B2F7E-SegmentedRaftLogWorker] INFO  segmented.SegmentedRaftLogWorker (SegmentedRaftLogWorker.java:execute(576)) - 3cc51d6b-e891-4e52-b01b-ce9c9a895fa2@group-E38CCF0B2F7E-SegmentedRaftLogWorker: created new log segment /workdir/hadoop-ozone/integration-test/target/test-dir/MiniOzoneClusterImpl-878a1954-6462-47b6-bdcc-bab86c556cb3/datanode-8/data/ratis/96c2848f-93e6-486b-aacd-e38ccf0b2f7e/current/log_inprogress_4
2019-11-11 20:28:31,247 [fb7bce6a-1cd3-4beb-8a28-448fd0b8448e@group-E38CCF0B2F7E-SegmentedRaftLogWorker] INFO  segmented.SegmentedRaftLogWorker (SegmentedRaftLogWorker.java:execute(576)) - fb7bce6a-1cd3-4beb-8a28-448fd0b8448e@group-E38CCF0B2F7E-SegmentedRaftLogWorker: created new log segment /workdir/hadoop-ozone/integration-test/target/test-dir/MiniOzoneClusterImpl-878a1954-6462-47b6-bdcc-bab86c556cb3/datanode-7/data/ratis/96c2848f-93e6-486b-aacd-e38ccf0b2f7e/current/log_inprogress_4
2019-11-11 20:28:31,267 [grpc-default-executor-4] WARN  server.GrpcLogAppender (LogUtils.java:warn(134)) - fb7bce6a-1cd3-4beb-8a28-448fd0b8448e@group-E38CCF0B2F7E->75be7957-289d-4245-a821-fc5677a0cfb7-AppendLogResponseHandler: Failed appendEntries: org.apache.ratis.thirdparty.io.grpc.StatusRuntimeException: UNAVAILABLE: io exception
2019-11-11 20:28:31,267 [grpc-default-executor-4] INFO  impl.FollowerInfo (FollowerInfo.java:lambda$new$0(51)) - fb7bce6a-1cd3-4beb-8a28-448fd0b8448e@group-E38CCF0B2F7E->75be7957-289d-4245-a821-fc5677a0cfb7: nextIndex: updateUnconditionally 2 -> 1
2019-11-11 20:28:31,277 [grpc-default-executor-1] WARN  server.GrpcLogAppender (LogUtils.java:warn(134)) - fb7bce6a-1cd3-4beb-8a28-448fd0b8448e@group-E38CCF0B2F7E->75be7957-289d-4245-a821-fc5677a0cfb7-AppendLogResponseHandler: Failed appendEntries: org.apache.ratis.thirdparty.io.grpc.StatusRuntimeException: UNAVAILABLE: io exception
2019-11-11 20:28:31,278 [grpc-default-executor-1] INFO  impl.FollowerInfo (FollowerInfo.java:lambda$new$0(51)) - fb7bce6a-1cd3-4beb-8a28-448fd0b8448e@group-E38CCF0B2F7E->75be7957-289d-4245-a821-fc5677a0cfb7: nextIndex: updateUnconditionally 2 -> 1
2019-11-11 20:28:31,474 [grpc-default-executor-1] WARN  server.GrpcLogAppender (LogUtils.java:warn(134)) - 396508a6-021e-4f53-afd2-417daf51af04@group-822749236D28->6ca76b85-30a3-47b0-8ec4-51f6d05896eb-AppendLogResponseHandler: Failed appendEntries: org.apache.ratis.thirdparty.io.grpc.StatusRuntimeException: UNAVAILABLE: io exception
2019-11-11 20:28:31,474 [grpc-default-executor-1] INFO  impl.FollowerInfo (FollowerInfo.java:lambda$new$0(51)) - 396508a6-021e-4f53-afd2-417daf51af04@group-822749236D28->6ca76b85-30a3-47b0-8ec4-51f6d05896eb: nextIndex: updateUnconditionally 0 -> 0
2019-11-11 20:28:31,477 [grpc-default-executor-6] WARN  server.GrpcLogAppender (LogUtils.java:warn(134)) - 396508a6-021e-4f53-afd2-417daf51af04@group-822749236D28->0237f4f0-b27e-4420-99a0-7f40e4083ac0-AppendLogResponseHandler: Failed appendEntries: org.apache.ratis.thirdparty.io.grpc.StatusRuntimeException: UNAVAILABLE: io exception
2019-11-11 20:28:31,477 [grpc-default-executor-6] INFO  impl.FollowerInfo (FollowerInfo.java:lambda$new$0(51)) - 396508a6-021e-4f53-afd2-417daf51af04@group-822749236D28->0237f4f0-b27e-4420-99a0-7f40e4083ac0: nextIndex: updateUnconditionally 0 -> 0
2019-11-11 20:28:31,720 [grpc-default-executor-4] WARN  server.GrpcLogAppender (LogUtils.java:warn(134)) - 4ee8c297-07ef-4ca0-9e53-65cba3c36712@group-7208C3118237->4458042f-08fe-441c-a446-1f2065605b64-AppendLogResponseHandler: Failed appendEntries: org.apache.ratis.thirdparty.io.grpc.StatusRuntimeException: UNAVAILABLE: io exception
2019-11-11 20:28:31,721 [grpc-default-executor-4] INFO  impl.FollowerInfo (FollowerInfo.java:lambda$new$0(51)) - 4ee8c297-07ef-4ca0-9e53-65cba3c36712@group-7208C3118237->4458042f-08fe-441c-a446-1f2065605b64: nextIndex: updateUnconditionally 0 -> 0
2019-11-11 20:28:31,778 [grpc-default-executor-1] WARN  server.GrpcLogAppender (LogUtils.java:warn(134)) - fb7bce6a-1cd3-4beb-8a28-448fd0b8448e@group-E38CCF0B2F7E->75be7957-289d-4245-a821-fc5677a0cfb7-AppendLogResponseHandler: Failed appendEntries: org.apache.ratis.thirdparty.io.grpc.StatusRuntimeException: UNAVAILABLE: io exception
2019-11-11 20:28:31,778 [grpc-default-executor-1] INFO  impl.FollowerInfo (FollowerInfo.java:lambda$new$0(51)) - fb7bce6a-1cd3-4beb-8a28-448fd0b8448e@group-E38CCF0B2F7E->75be7957-289d-4245-a821-fc5677a0cfb7: nextIndex: updateUnconditionally 1 -> 0
2019-11-11 20:28:31,975 [grpc-default-executor-4] WARN  server.GrpcLogAppender (LogUtils.java:warn(134)) - 396508a6-021e-4f53-afd2-417daf51af04@group-822749236D28->6ca76b85-30a3-47b0-8ec4-51f6d05896eb-AppendLogResponseHandler: Failed appendEntries: org.apache.ratis.thirdparty.io.grpc.StatusRuntimeException: UNAVAILABLE: io exception
2019-11-11 20:28:31,975 [grpc-default-executor-4] INFO  impl.FollowerInfo (FollowerInfo.java:lambda$new$0(51)) - 396508a6-021e-4f53-afd2-417daf51af04@group-822749236D28->6ca76b85-30a3-47b0-8ec4-51f6d05896eb: nextIndex: updateUnconditionally 0 -> 0
2019-11-11 20:28:31,977 [grpc-default-executor-6] WARN  server.GrpcLogAppender (LogUtils.java:warn(134)) - 396508a6-021e-4f53-afd2-417daf51af04@group-822749236D28->0237f4f0-b27e-4420-99a0-7f40e4083ac0-AppendLogResponseHandler: Failed appendEntries: org.apache.ratis.thirdparty.io.grpc.StatusRuntimeException: UNAVAILABLE: io exception
2019-11-11 20:28:31,978 [grpc-default-executor-6] INFO  impl.FollowerInfo (FollowerInfo.java:lambda$new$0(51)) - 396508a6-021e-4f53-afd2-417daf51af04@group-822749236D28->0237f4f0-b27e-4420-99a0-7f40e4083ac0: nextIndex: updateUnconditionally 0 -> 0
2019-11-11 20:28:32,221 [grpc-default-executor-1] WARN  server.GrpcLogAppender (LogUtils.java:warn(134)) - 4ee8c297-07ef-4ca0-9e53-65cba3c36712@group-7208C3118237->4458042f-08fe-441c-a446-1f2065605b64-AppendLogResponseHandler: Failed appendEntries: org.apache.ratis.thirdparty.io.grpc.StatusRuntimeException: UNAVAILABLE: io exception
2019-11-11 20:28:32,222 [grpc-default-executor-1] INFO  impl.FollowerInfo (FollowerInfo.java:lambda$new$0(51)) - 4ee8c297-07ef-4ca0-9e53-65cba3c36712@group-7208C3118237->4458042f-08fe-441c-a446-1f2065605b64: nextIndex: updateUnconditionally 0 -> 0
2019-11-11 20:28:32,280 [grpc-default-executor-4] WARN  server.GrpcLogAppender (LogUtils.java:warn(134)) - fb7bce6a-1cd3-4beb-8a28-448fd0b8448e@group-E38CCF0B2F7E->75be7957-289d-4245-a821-fc5677a0cfb7-AppendLogResponseHandler: Failed appendEntries: org.apache.ratis.thirdparty.io.grpc.StatusRuntimeException: UNAVAILABLE: io exception
2019-11-11 20:28:32,280 [grpc-default-executor-4] INFO  impl.FollowerInfo (FollowerInfo.java:lambda$new$0(51)) - fb7bce6a-1cd3-4beb-8a28-448fd0b8448e@group-E38CCF0B2F7E->75be7957-289d-4245-a821-fc5677a0cfb7: nextIndex: updateUnconditionally 0 -> 0
2019-11-11 20:28:32,475 [grpc-default-executor-6] WARN  server.GrpcLogAppender (LogUtils.java:warn(134)) - 396508a6-021e-4f53-afd2-417daf51af04@group-822749236D28->6ca76b85-30a3-47b0-8ec4-51f6d05896eb-AppendLogResponseHandler: Failed appendEntries: org.apache.ratis.thirdparty.io.grpc.StatusRuntimeException: UNAVAILABLE: io exception
2019-11-11 20:28:32,476 [grpc-default-executor-6] INFO  impl.FollowerInfo (FollowerInfo.java:lambda$new$0(51)) - 396508a6-021e-4f53-afd2-417daf51af04@group-822749236D28->6ca76b85-30a3-47b0-8ec4-51f6d05896eb: nextIndex: updateUnconditionally 0 -> 0
2019-11-11 20:28:32,478 [grpc-default-executor-1] WARN  server.GrpcLogAppender (LogUtils.java:warn(134)) - 396508a6-021e-4f53-afd2-417daf51af04@group-822749236D28->0237f4f0-b27e-4420-99a0-7f40e4083ac0-AppendLogResponseHandler: Failed appendEntries: org.apache.ratis.thirdparty.io.grpc.StatusRuntimeException: UNAVAILABLE: io exception
2019-11-11 20:28:32,478 [grpc-default-executor-1] INFO  impl.FollowerInfo (FollowerInfo.java:lambda$new$0(51)) - 396508a6-021e-4f53-afd2-417daf51af04@group-822749236D28->0237f4f0-b27e-4420-99a0-7f40e4083ac0: nextIndex: updateUnconditionally 0 -> 0
2019-11-11 20:28:32,721 [grpc-default-executor-4] WARN  server.GrpcLogAppender (LogUtils.java:warn(134)) - 4ee8c297-07ef-4ca0-9e53-65cba3c36712@group-7208C3118237->4458042f-08fe-441c-a446-1f2065605b64-AppendLogResponseHandler: Failed appendEntries: org.apache.ratis.thirdparty.io.grpc.StatusRuntimeException: UNAVAILABLE: io exception
2019-11-11 20:28:32,722 [grpc-default-executor-4] INFO  impl.FollowerInfo (FollowerInfo.java:lambda$new$0(51)) - 4ee8c297-07ef-4ca0-9e53-65cba3c36712@group-7208C3118237->4458042f-08fe-441c-a446-1f2065605b64: nextIndex: updateUnconditionally 0 -> 0
2019-11-11 20:28:32,780 [grpc-default-executor-6] WARN  server.GrpcLogAppender (LogUtils.java:warn(134)) - fb7bce6a-1cd3-4beb-8a28-448fd0b8448e@group-E38CCF0B2F7E->75be7957-289d-4245-a821-fc5677a0cfb7-AppendLogResponseHandler: Failed appendEntries: org.apache.ratis.thirdparty.io.grpc.StatusRuntimeException: UNAVAILABLE: io exception
2019-11-11 20:28:32,780 [grpc-default-executor-6] INFO  impl.FollowerInfo (FollowerInfo.java:lambda$new$0(51)) - fb7bce6a-1cd3-4beb-8a28-448fd0b8448e@group-E38CCF0B2F7E->75be7957-289d-4245-a821-fc5677a0cfb7: nextIndex: updateUnconditionally 0 -> 0
2019-11-11 20:28:32,975 [grpc-default-executor-1] WARN  server.GrpcLogAppender (LogUtils.java:warn(134)) - 396508a6-021e-4f53-afd2-417daf51af04@group-822749236D28->6ca76b85-30a3-47b0-8ec4-51f6d05896eb-AppendLogResponseHandler: Failed appendEntries: org.apache.ratis.thirdparty.io.grpc.StatusRuntimeException: UNAVAILABLE: io exception
2019-11-11 20:28:32,976 [grpc-default-executor-1] INFO  impl.FollowerInfo (FollowerInfo.java:lambda$new$0(51)) - 396508a6-021e-4f53-afd2-417daf51af04@group-822749236D28->6ca76b85-30a3-47b0-8ec4-51f6d05896eb: nextIndex: updateUnconditionally 0 -> 0
2019-11-11 20:28:32,979 [grpc-default-executor-4] WARN  server.GrpcLogAppender (LogUtils.java:warn(134)) - 396508a6-021e-4f53-afd2-417daf51af04@group-822749236D28->0237f4f0-b27e-4420-99a0-7f40e4083ac0-AppendLogResponseHandler: Failed appendEntries: org.apache.ratis.thirdparty.io.grpc.StatusRuntimeException: UNAVAILABLE: io exception
2019-11-11 20:28:32,979 [grpc-default-executor-4] INFO  impl.FollowerInfo (FollowerInfo.java:lambda$new$0(51)) - 396508a6-021e-4f53-afd2-417daf51af04@group-822749236D28->0237f4f0-b27e-4420-99a0-7f40e4083ac0: nextIndex: updateUnconditionally 0 -> 0
2019-11-11 20:28:33,222 [grpc-default-executor-6] WARN  server.GrpcLogAppender (LogUtils.java:warn(134)) - 4ee8c297-07ef-4ca0-9e53-65cba3c36712@group-7208C3118237->4458042f-08fe-441c-a446-1f2065605b64-AppendLogResponseHandler: Failed appendEntries: org.apache.ratis.thirdparty.io.grpc.StatusRuntimeException: UNAVAILABLE: io exception
2019-11-11 20:28:33,223 [grpc-default-executor-6] INFO  impl.FollowerInfo (FollowerInfo.java:lambda$new$0(51)) - 4ee8c297-07ef-4ca0-9e53-65cba3c36712@group-7208C3118237->4458042f-08fe-441c-a446-1f2065605b64: nextIndex: updateUnconditionally 0 -> 0
2019-11-11 20:28:33,283 [grpc-default-executor-4] WARN  server.GrpcLogAppender (LogUtils.java:warn(134)) - fb7bce6a-1cd3-4beb-8a28-448fd0b8448e@group-E38CCF0B2F7E->75be7957-289d-4245-a821-fc5677a0cfb7-AppendLogResponseHandler: Failed appendEntries: org.apache.ratis.thirdparty.io.grpc.StatusRuntimeException: UNAVAILABLE: io exception
2019-11-11 20:28:33,283 [grpc-default-executor-4] INFO  impl.FollowerInfo (FollowerInfo.java:lambda$new$0(51)) - fb7bce6a-1cd3-4beb-8a28-448fd0b8448e@group-E38CCF0B2F7E->75be7957-289d-4245-a821-fc5677a0cfb7: nextIndex: updateUnconditionally 0 -> 0
2019-11-11 20:28:33,477 [grpc-default-executor-1] WARN  server.GrpcLogAppender (LogUtils.java:warn(134)) - 396508a6-021e-4f53-afd2-417daf51af04@group-822749236D28->6ca76b85-30a3-47b0-8ec4-51f6d05896eb-AppendLogResponseHandler: Failed appendEntries: org.apache.ratis.thirdparty.io.grpc.StatusRuntimeException: UNAVAILABLE: io exception
2019-11-11 20:28:33,477 [grpc-default-executor-1] INFO  impl.FollowerInfo (FollowerInfo.java:lambda$new$0(51)) - 396508a6-021e-4f53-afd2-417daf51af04@group-822749236D28->6ca76b85-30a3-47b0-8ec4-51f6d05896eb: nextIndex: updateUnconditionally 0 -> 0
2019-11-11 20:28:33,481 [grpc-default-executor-1] WARN  server.GrpcLogAppender (LogUtils.java:warn(134)) - 396508a6-021e-4f53-afd2-417daf51af04@group-822749236D28->0237f4f0-b27e-4420-99a0-7f40e4083ac0-AppendLogResponseHandler: Failed appendEntries: org.apache.ratis.thirdparty.io.grpc.StatusRuntimeException: UNAVAILABLE: io exception
2019-11-11 20:28:33,481 [grpc-default-executor-1] INFO  impl.FollowerInfo (FollowerInfo.java:lambda$new$0(51)) - 396508a6-021e-4f53-afd2-417daf51af04@group-822749236D28->0237f4f0-b27e-4420-99a0-7f40e4083ac0: nextIndex: updateUnconditionally 0 -> 0
2019-11-11 20:28:33,723 [grpc-default-executor-4] WARN  server.GrpcLogAppender (LogUtils.java:warn(134)) - 4ee8c297-07ef-4ca0-9e53-65cba3c36712@group-7208C3118237->4458042f-08fe-441c-a446-1f2065605b64-AppendLogResponseHandler: Failed appendEntries: org.apache.ratis.thirdparty.io.grpc.StatusRuntimeException: UNAVAILABLE: io exception
2019-11-11 20:28:33,723 [grpc-default-executor-4] INFO  impl.FollowerInfo (FollowerInfo.java:lambda$new$0(51)) - 4ee8c297-07ef-4ca0-9e53-65cba3c36712@group-7208C3118237->4458042f-08fe-441c-a446-1f2065605b64: nextIndex: updateUnconditionally 0 -> 0
2019-11-11 20:28:33,784 [grpc-default-executor-6] WARN  server.GrpcLogAppender (LogUtils.java:warn(134)) - fb7bce6a-1cd3-4beb-8a28-448fd0b8448e@group-E38CCF0B2F7E->75be7957-289d-4245-a821-fc5677a0cfb7-AppendLogResponseHandler: Failed appendEntries: org.apache.ratis.thirdparty.io.grpc.StatusRuntimeException: UNAVAILABLE: io exception
2019-11-11 20:28:33,784 [grpc-default-executor-6] INFO  impl.FollowerInfo (FollowerInfo.java:lambda$new$0(51)) - fb7bce6a-1cd3-4beb-8a28-448fd0b8448e@group-E38CCF0B2F7E->75be7957-289d-4245-a821-fc5677a0cfb7: nextIndex: updateUnconditionally 0 -> 0
2019-11-11 20:28:33,978 [grpc-default-executor-1] WARN  server.GrpcLogAppender (LogUtils.java:warn(134)) - 396508a6-021e-4f53-afd2-417daf51af04@group-822749236D28->6ca76b85-30a3-47b0-8ec4-51f6d05896eb-AppendLogResponseHandler: Failed appendEntries: org.apache.ratis.thirdparty.io.grpc.StatusRuntimeException: UNAVAILABLE: io exception
2019-11-11 20:28:33,978 [grpc-default-executor-1] INFO  impl.FollowerInfo (FollowerInfo.java:lambda$new$0(51)) - 396508a6-021e-4f53-afd2-417daf51af04@group-822749236D28->6ca76b85-30a3-47b0-8ec4-51f6d05896eb: nextIndex: updateUnconditionally 0 -> 0
2019-11-11 20:28:33,981 [grpc-default-executor-4] WARN  server.GrpcLogAppender (LogUtils.java:warn(134)) - 396508a6-021e-4f53-afd2-417daf51af04@group-822749236D28->0237f4f0-b27e-4420-99a0-7f40e4083ac0-AppendLogResponseHandler: Failed appendEntries: org.apache.ratis.thirdparty.io.grpc.StatusRuntimeException: UNAVAILABLE: io exception
2019-11-11 20:28:33,981 [grpc-default-executor-4] INFO  impl.FollowerInfo (FollowerInfo.java:lambda$new$0(51)) - 396508a6-021e-4f53-afd2-417daf51af04@group-822749236D28->0237f4f0-b27e-4420-99a0-7f40e4083ac0: nextIndex: updateUnconditionally 0 -> 0
2019-11-11 20:28:34,228 [grpc-default-executor-6] WARN  server.GrpcLogAppender (LogUtils.java:warn(134)) - 4ee8c297-07ef-4ca0-9e53-65cba3c36712@group-7208C3118237->4458042f-08fe-441c-a446-1f2065605b64-AppendLogResponseHandler: Failed appendEntries: org.apache.ratis.thirdparty.io.grpc.StatusRuntimeException: UNAVAILABLE: io exception
2019-11-11 20:28:34,229 [grpc-default-executor-6] INFO  impl.FollowerInfo (FollowerInfo.java:lambda$new$0(51)) - 4ee8c297-07ef-4ca0-9e53-65cba3c36712@group-7208C3118237->4458042f-08fe-441c-a446-1f2065605b64: nextIndex: updateUnconditionally 0 -> 0
2019-11-11 20:28:34,284 [grpc-default-executor-6] WARN  server.GrpcLogAppender (LogUtils.java:warn(134)) - fb7bce6a-1cd3-4beb-8a28-448fd0b8448e@group-E38CCF0B2F7E->75be7957-289d-4245-a821-fc5677a0cfb7-AppendLogResponseHandler: Failed appendEntries: org.apache.ratis.thirdparty.io.grpc.StatusRuntimeException: UNAVAILABLE: io exception
2019-11-11 20:28:34,285 [grpc-default-executor-6] INFO  impl.FollowerInfo (FollowerInfo.java:lambda$new$0(51)) - fb7bce6a-1cd3-4beb-8a28-448fd0b8448e@group-E38CCF0B2F7E->75be7957-289d-4245-a821-fc5677a0cfb7: nextIndex: updateUnconditionally 0 -> 0
2019-11-11 20:28:34,479 [grpc-default-executor-1] WARN  server.GrpcLogAppender (LogUtils.java:warn(134)) - 396508a6-021e-4f53-afd2-417daf51af04@group-822749236D28->6ca76b85-30a3-47b0-8ec4-51f6d05896eb-AppendLogResponseHandler: Failed appendEntries: org.apache.ratis.thirdparty.io.grpc.StatusRuntimeException: UNAVAILABLE: io exception
2019-11-11 20:28:34,479 [grpc-default-executor-1] INFO  impl.FollowerInfo (FollowerInfo.java:lambda$new$0(51)) - 396508a6-021e-4f53-afd2-417daf51af04@group-822749236D28->6ca76b85-30a3-47b0-8ec4-51f6d05896eb: nextIndex: updateUnconditionally 0 -> 0
2019-11-11 20:28:34,481 [grpc-default-executor-4] WARN  server.GrpcLogAppender (LogUtils.java:warn(134)) - 396508a6-021e-4f53-afd2-417daf51af04@group-822749236D28->0237f4f0-b27e-4420-99a0-7f40e4083ac0-AppendLogResponseHandler: Failed appendEntries: org.apache.ratis.thirdparty.io.grpc.StatusRuntimeException: UNAVAILABLE: io exception
2019-11-11 20:28:34,482 [grpc-default-executor-4] INFO  impl.FollowerInfo (FollowerInfo.java:lambda$new$0(51)) - 396508a6-021e-4f53-afd2-417daf51af04@group-822749236D28->0237f4f0-b27e-4420-99a0-7f40e4083ac0: nextIndex: updateUnconditionally 0 -> 0
2019-11-11 20:28:34,728 [grpc-default-executor-6] WARN  server.GrpcLogAppender (LogUtils.java:warn(134)) - 4ee8c297-07ef-4ca0-9e53-65cba3c36712@group-7208C3118237->4458042f-08fe-441c-a446-1f2065605b64-AppendLogResponseHandler: Failed appendEntries: org.apache.ratis.thirdparty.io.grpc.StatusRuntimeException: UNAVAILABLE: io exception
2019-11-11 20:28:34,728 [grpc-default-executor-6] INFO  impl.FollowerInfo (FollowerInfo.java:lambda$new$0(51)) - 4ee8c297-07ef-4ca0-9e53-65cba3c36712@group-7208C3118237->4458042f-08fe-441c-a446-1f2065605b64: nextIndex: updateUnconditionally 0 -> 0
2019-11-11 20:28:34,785 [grpc-default-executor-1] WARN  server.GrpcLogAppender (LogUtils.java:warn(134)) - fb7bce6a-1cd3-4beb-8a28-448fd0b8448e@group-E38CCF0B2F7E->75be7957-289d-4245-a821-fc5677a0cfb7-AppendLogResponseHandler: Failed appendEntries: org.apache.ratis.thirdparty.io.grpc.StatusRuntimeException: UNAVAILABLE: io exception
2019-11-11 20:28:34,785 [grpc-default-executor-1] INFO  impl.FollowerInfo (FollowerInfo.java:lambda$new$0(51)) - fb7bce6a-1cd3-4beb-8a28-448fd0b8448e@group-E38CCF0B2F7E->75be7957-289d-4245-a821-fc5677a0cfb7: nextIndex: updateUnconditionally 0 -> 0
2019-11-11 20:28:34,973 [ForkJoinPool.commonPool-worker-0] INFO  ozoneimpl.OzoneContainer (OzoneContainer.java:stop(232)) - Attempting to stop container services.
2019-11-11 20:28:34,975 [ForkJoinPool.commonPool-worker-0] INFO  impl.RaftServerProxy (RaftServerProxy.java:lambda$close$4(314)) - 396508a6-021e-4f53-afd2-417daf51af04: close
2019-11-11 20:28:34,976 [ForkJoinPool.commonPool-worker-0] INFO  impl.RaftServerImpl (RaftServerImpl.java:lambda$shutdown$3(250)) - 396508a6-021e-4f53-afd2-417daf51af04@group-FF2A10B69E1D: shutdown
2019-11-11 20:28:34,977 [ForkJoinPool.commonPool-worker-0] INFO  util.JmxRegister (JmxRegister.java:unregister(73)) - Successfully un-registered JMX Bean with object name Ratis:service=RaftServer,group=group-FF2A10B69E1D,id=396508a6-021e-4f53-afd2-417daf51af04
2019-11-11 20:28:34,977 [ForkJoinPool.commonPool-worker-0] INFO  impl.RoleInfo (RoleInfo.java:shutdownLeaderState(104)) - 396508a6-021e-4f53-afd2-417daf51af04: shutdown LeaderState
2019-11-11 20:28:34,978 [ForkJoinPool.commonPool-worker-0] INFO  impl.PendingRequests (PendingRequests.java:sendNotLeaderResponses(206)) - 396508a6-021e-4f53-afd2-417daf51af04@group-FF2A10B69E1D-PendingRequests: sendNotLeaderResponses
2019-11-11 20:28:34,980 [ForkJoinPool.commonPool-worker-0] INFO  impl.StateMachineUpdater (StateMachineUpdater.java:stopAndJoin(136)) - 396508a6-021e-4f53-afd2-417daf51af04@group-FF2A10B69E1D-StateMachineUpdater: set stopIndex = 0
2019-11-11 20:28:34,980 [grpc-default-executor-1] WARN  server.GrpcLogAppender (LogUtils.java:warn(134)) - 396508a6-021e-4f53-afd2-417daf51af04@group-822749236D28->6ca76b85-30a3-47b0-8ec4-51f6d05896eb-AppendLogResponseHandler: Failed appendEntries: org.apache.ratis.thirdparty.io.grpc.StatusRuntimeException: UNAVAILABLE: io exception
2019-11-11 20:28:34,980 [grpc-default-executor-1] INFO  impl.FollowerInfo (FollowerInfo.java:lambda$new$0(51)) - 396508a6-021e-4f53-afd2-417daf51af04@group-822749236D28->6ca76b85-30a3-47b0-8ec4-51f6d05896eb: nextIndex: updateUnconditionally 0 -> 0
2019-11-11 20:28:34,981 [ForkJoinPool.commonPool-worker-0] INFO  impl.RaftServerImpl (ServerState.java:close(387)) - 396508a6-021e-4f53-afd2-417daf51af04@group-FF2A10B69E1D: closes. applyIndex: 0
2019-11-11 20:28:34,981 [396508a6-021e-4f53-afd2-417daf51af04@group-FF2A10B69E1D-SegmentedRaftLogWorker] INFO  segmented.SegmentedRaftLogWorker (SegmentedRaftLogWorker.java:run(316)) - 396508a6-021e-4f53-afd2-417daf51af04@group-FF2A10B69E1D-SegmentedRaftLogWorker was interrupted, exiting. There are 0 tasks remaining in the queue.
2019-11-11 20:28:34,982 [grpc-default-executor-1] WARN  server.GrpcLogAppender (LogUtils.java:warn(134)) - 396508a6-021e-4f53-afd2-417daf51af04@group-822749236D28->0237f4f0-b27e-4420-99a0-7f40e4083ac0-AppendLogResponseHandler: Failed appendEntries: org.apache.ratis.thirdparty.io.grpc.StatusRuntimeException: UNAVAILABLE: io exception
2019-11-11 20:28:34,982 [grpc-default-executor-1] INFO  impl.FollowerInfo (FollowerInfo.java:lambda$new$0(51)) - 396508a6-021e-4f53-afd2-417daf51af04@group-822749236D28->0237f4f0-b27e-4420-99a0-7f40e4083ac0: nextIndex: updateUnconditionally 0 -> 0
2019-11-11 20:28:34,982 [ForkJoinPool.commonPool-worker-0] INFO  segmented.SegmentedRaftLogWorker (SegmentedRaftLogWorker.java:close(224)) - 396508a6-021e-4f53-afd2-417daf51af04@group-FF2A10B69E1D-SegmentedRaftLogWorker close()
2019-11-11 20:28:34,994 [ForkJoinPool.commonPool-worker-0] INFO  impl.RaftServerImpl (RaftServerImpl.java:lambda$shutdown$3(250)) - 396508a6-021e-4f53-afd2-417daf51af04@group-822749236D28: shutdown
2019-11-11 20:28:34,994 [ForkJoinPool.commonPool-worker-0] INFO  util.JmxRegister (JmxRegister.java:unregister(73)) - Successfully un-registered JMX Bean with object name Ratis:service=RaftServer,group=group-822749236D28,id=396508a6-021e-4f53-afd2-417daf51af04
2019-11-11 20:28:34,994 [ForkJoinPool.commonPool-worker-0] INFO  impl.RoleInfo (RoleInfo.java:shutdownLeaderState(104)) - 396508a6-021e-4f53-afd2-417daf51af04: shutdown LeaderState
2019-11-11 20:28:34,999 [ForkJoinPool.commonPool-worker-0] INFO  impl.PendingRequests (PendingRequests.java:sendNotLeaderResponses(206)) - 396508a6-021e-4f53-afd2-417daf51af04@group-822749236D28-PendingRequests: sendNotLeaderResponses
2019-11-11 20:28:34,999 [org.apache.ratis.server.impl.LogAppender$AppenderDaemon$$Lambda$443/882596722@65136900] WARN  server.GrpcLogAppender (GrpcLogAppender.java:mayWait(151)) - 396508a6-021e-4f53-afd2-417daf51af04@group-822749236D28->6ca76b85-30a3-47b0-8ec4-51f6d05896eb-GrpcLogAppender: Wait interrupted by java.lang.InterruptedException
2019-11-11 20:28:34,999 [org.apache.ratis.server.impl.LogAppender$AppenderDaemon$$Lambda$443/882596722@1cd841b0] WARN  server.GrpcLogAppender (GrpcLogAppender.java:mayWait(151)) - 396508a6-021e-4f53-afd2-417daf51af04@group-822749236D28->0237f4f0-b27e-4420-99a0-7f40e4083ac0-GrpcLogAppender: Wait interrupted by java.lang.InterruptedException
2019-11-11 20:28:35,001 [ForkJoinPool.commonPool-worker-0] INFO  impl.StateMachineUpdater (StateMachineUpdater.java:stopAndJoin(136)) - 396508a6-021e-4f53-afd2-417daf51af04@group-822749236D28-StateMachineUpdater: set stopIndex = 2
2019-11-11 20:28:35,001 [main] INFO  ozoneimpl.OzoneContainer (OzoneContainer.java:stop(232)) - Attempting to stop container services.
2019-11-11 20:28:35,001 [ForkJoinPool.commonPool-worker-0] INFO  impl.RaftServerImpl (ServerState.java:close(387)) - 396508a6-021e-4f53-afd2-417daf51af04@group-822749236D28: closes. applyIndex: 2
2019-11-11 20:28:35,002 [main] INFO  impl.RaftServerProxy (RaftServerProxy.java:lambda$close$4(314)) - 3cc51d6b-e891-4e52-b01b-ce9c9a895fa2: close
2019-11-11 20:28:35,002 [396508a6-021e-4f53-afd2-417daf51af04@group-822749236D28-SegmentedRaftLogWorker] INFO  segmented.SegmentedRaftLogWorker (SegmentedRaftLogWorker.java:run(316)) - 396508a6-021e-4f53-afd2-417daf51af04@group-822749236D28-SegmentedRaftLogWorker was interrupted, exiting. There are 0 tasks remaining in the queue.
2019-11-11 20:28:35,003 [main] INFO  impl.RaftServerImpl (RaftServerImpl.java:lambda$shutdown$3(250)) - 3cc51d6b-e891-4e52-b01b-ce9c9a895fa2@group-88F5ABF4F78A: shutdown
2019-11-11 20:28:35,003 [ForkJoinPool.commonPool-worker-0] INFO  segmented.SegmentedRaftLogWorker (SegmentedRaftLogWorker.java:close(224)) - 396508a6-021e-4f53-afd2-417daf51af04@group-822749236D28-SegmentedRaftLogWorker close()
2019-11-11 20:28:35,003 [main] INFO  util.JmxRegister (JmxRegister.java:unregister(73)) - Successfully un-registered JMX Bean with object name Ratis:service=RaftServer,group=group-88F5ABF4F78A,id=3cc51d6b-e891-4e52-b01b-ce9c9a895fa2
2019-11-11 20:28:35,004 [main] INFO  impl.RoleInfo (RoleInfo.java:shutdownLeaderState(104)) - 3cc51d6b-e891-4e52-b01b-ce9c9a895fa2: shutdown LeaderState
2019-11-11 20:28:35,004 [ForkJoinPool.commonPool-worker-0] INFO  server.GrpcService (GrpcService.java:closeImpl(164)) - 396508a6-021e-4f53-afd2-417daf51af04: shutdown server with port 45746 now
2019-11-11 20:28:35,004 [main] INFO  impl.PendingRequests (PendingRequests.java:sendNotLeaderResponses(206)) - 3cc51d6b-e891-4e52-b01b-ce9c9a895fa2@group-88F5ABF4F78A-PendingRequests: sendNotLeaderResponses
2019-11-11 20:28:35,004 [main] INFO  impl.StateMachineUpdater (StateMachineUpdater.java:stopAndJoin(136)) - 3cc51d6b-e891-4e52-b01b-ce9c9a895fa2@group-88F5ABF4F78A-StateMachineUpdater: set stopIndex = 0
2019-11-11 20:28:35,005 [ForkJoinPool.commonPool-worker-0] INFO  server.GrpcService (GrpcService.java:closeImpl(172)) - 396508a6-021e-4f53-afd2-417daf51af04: shutdown server with port 45746 successfully
2019-11-11 20:28:35,005 [main] INFO  impl.RaftServerImpl (ServerState.java:close(387)) - 3cc51d6b-e891-4e52-b01b-ce9c9a895fa2@group-88F5ABF4F78A: closes. applyIndex: 0
2019-11-11 20:28:35,006 [3cc51d6b-e891-4e52-b01b-ce9c9a895fa2@group-88F5ABF4F78A-SegmentedRaftLogWorker] INFO  segmented.SegmentedRaftLogWorker (SegmentedRaftLogWorker.java:run(316)) - 3cc51d6b-e891-4e52-b01b-ce9c9a895fa2@group-88F5ABF4F78A-SegmentedRaftLogWorker was interrupted, exiting. There are 0 tasks remaining in the queue.
2019-11-11 20:28:35,006 [main] INFO  segmented.SegmentedRaftLogWorker (SegmentedRaftLogWorker.java:close(224)) - 3cc51d6b-e891-4e52-b01b-ce9c9a895fa2@group-88F5ABF4F78A-SegmentedRaftLogWorker close()
2019-11-11 20:28:35,007 [main] INFO  impl.RaftServerImpl (RaftServerImpl.java:lambda$shutdown$3(250)) - 3cc51d6b-e891-4e52-b01b-ce9c9a895fa2@group-E38CCF0B2F7E: shutdown
2019-11-11 20:28:35,007 [main] INFO  util.JmxRegister (JmxRegister.java:unregister(73)) - Successfully un-registered JMX Bean with object name Ratis:service=RaftServer,group=group-E38CCF0B2F7E,id=3cc51d6b-e891-4e52-b01b-ce9c9a895fa2
2019-11-11 20:28:35,008 [main] INFO  impl.RoleInfo (RoleInfo.java:shutdownFollowerState(121)) - 3cc51d6b-e891-4e52-b01b-ce9c9a895fa2: shutdown FollowerState
2019-11-11 20:28:35,008 [main] INFO  impl.StateMachineUpdater (StateMachineUpdater.java:stopAndJoin(136)) - 3cc51d6b-e891-4e52-b01b-ce9c9a895fa2@group-E38CCF0B2F7E-StateMachineUpdater: set stopIndex = 5
2019-11-11 20:28:35,009 [refreshUsed-/workdir/hadoop-ozone/integration-test/target/test-dir/MiniOzoneClusterImpl-878a1954-6462-47b6-bdcc-bab86c556cb3/datanode-4/data/containers] WARN  fs.CachingGetSpaceUsed (CachingGetSpaceUsed.java:run(183)) - Thread Interrupted waiting to refresh disk information: sleep interrupted
2019-11-11 20:28:35,009 [3cc51d6b-e891-4e52-b01b-ce9c9a895fa2@group-E38CCF0B2F7E-StateMachineUpdater] INFO  ratis.ContainerStateMachine (ContainerStateMachine.java:takeSnapshot(285)) - group-E38CCF0B2F7E: Taking a snapshot at:(t:1, i:2) file /workdir/hadoop-ozone/integration-test/target/test-dir/MiniOzoneClusterImpl-878a1954-6462-47b6-bdcc-bab86c556cb3/datanode-8/data/ratis/96c2848f-93e6-486b-aacd-e38ccf0b2f7e/sm/snapshot.1_2
2019-11-11 20:28:35,008 [Thread-4758] INFO  impl.FollowerState (FollowerState.java:run(120)) - 3cc51d6b-e891-4e52-b01b-ce9c9a895fa2@group-E38CCF0B2F7E-FollowerState was interrupted: java.lang.InterruptedException: sleep interrupted
2019-11-11 20:28:35,029 [ForkJoinPool.commonPool-worker-0] INFO  utils.BackgroundService (BackgroundService.java:shutdown(151)) - Shutting down service BlockDeletingService
2019-11-11 20:28:35,032 [ForkJoinPool.commonPool-worker-0] INFO  statemachine.DatanodeStateMachine (DatanodeStateMachine.java:stopDaemon(395)) - Ozone container server stopped.
2019-11-11 20:28:35,046 [3cc51d6b-e891-4e52-b01b-ce9c9a895fa2@group-E38CCF0B2F7E-StateMachineUpdater] INFO  ratis.ContainerStateMachine (ContainerStateMachine.java:takeSnapshot(296)) - group-E38CCF0B2F7E: Finished taking a snapshot at:(t:1, i:2) file:/workdir/hadoop-ozone/integration-test/target/test-dir/MiniOzoneClusterImpl-878a1954-6462-47b6-bdcc-bab86c556cb3/datanode-8/data/ratis/96c2848f-93e6-486b-aacd-e38ccf0b2f7e/sm/snapshot.1_2 time:37
2019-11-11 20:28:35,048 [3cc51d6b-e891-4e52-b01b-ce9c9a895fa2@group-E38CCF0B2F7E-StateMachineUpdater] INFO  impl.StateMachineUpdater (StateMachineUpdater.java:takeSnapshot(269)) - 3cc51d6b-e891-4e52-b01b-ce9c9a895fa2@group-E38CCF0B2F7E-StateMachineUpdater: Took a snapshot at index 2
2019-11-11 20:28:35,048 [3cc51d6b-e891-4e52-b01b-ce9c9a895fa2@group-E38CCF0B2F7E-StateMachineUpdater] INFO  impl.StateMachineUpdater (StateMachineUpdater.java:lambda$new$0(84)) - 3cc51d6b-e891-4e52-b01b-ce9c9a895fa2@group-E38CCF0B2F7E-StateMachineUpdater: snapshotIndex: updateIncreasingly -1 -> 2
2019-11-11 20:28:35,049 [3cc51d6b-e891-4e52-b01b-ce9c9a895fa2@group-E38CCF0B2F7E-StateMachineUpdater] INFO  ratis.ContainerStateMachine (ContainerStateMachine.java:takeSnapshot(285)) - group-E38CCF0B2F7E: Taking a snapshot at:(t:1, i:2) file /workdir/hadoop-ozone/integration-test/target/test-dir/MiniOzoneClusterImpl-878a1954-6462-47b6-bdcc-bab86c556cb3/datanode-8/data/ratis/96c2848f-93e6-486b-aacd-e38ccf0b2f7e/sm/snapshot.1_2
2019-11-11 20:28:35,055 [ForkJoinPool.commonPool-worker-0] INFO  handler.ContextHandler (ContextHandler.java:doStop(910)) - Stopped o.e.j.w.WebAppContext@62cf6a84{/,null,UNAVAILABLE}{/hddsDatanode}
2019-11-11 20:28:35,056 [ForkJoinPool.commonPool-worker-0] INFO  server.AbstractConnector (AbstractConnector.java:doStop(318)) - Stopped ServerConnector@204d9edf{HTTP/1.1,[http/1.1]}{0.0.0.0:0}
2019-11-11 20:28:35,058 [ForkJoinPool.commonPool-worker-0] INFO  handler.ContextHandler (ContextHandler.java:doStop(910)) - Stopped o.e.j.s.ServletContextHandler@4c635edc{/static,jar:file:/home/user/.m2/repository/org/apache/hadoop/hadoop-hdds-container-service/0.5.0-SNAPSHOT/hadoop-hdds-container-service-0.5.0-SNAPSHOT.jar!/webapps/static,UNAVAILABLE}
2019-11-11 20:28:35,059 [ForkJoinPool.commonPool-worker-0] INFO  handler.ContextHandler (ContextHandler.java:doStop(910)) - Stopped o.e.j.s.ServletContextHandler@aa1bb14{/logs,file:///workdir/hadoop-ozone/integration-test/target/log,UNAVAILABLE}
2019-11-11 20:28:35,064 [3cc51d6b-e891-4e52-b01b-ce9c9a895fa2@group-E38CCF0B2F7E-StateMachineUpdater] INFO  ratis.ContainerStateMachine (ContainerStateMachine.java:takeSnapshot(296)) - group-E38CCF0B2F7E: Finished taking a snapshot at:(t:1, i:2) file:/workdir/hadoop-ozone/integration-test/target/test-dir/MiniOzoneClusterImpl-878a1954-6462-47b6-bdcc-bab86c556cb3/datanode-8/data/ratis/96c2848f-93e6-486b-aacd-e38ccf0b2f7e/sm/snapshot.1_2 time:16
2019-11-11 20:28:35,064 [3cc51d6b-e891-4e52-b01b-ce9c9a895fa2@group-E38CCF0B2F7E-StateMachineUpdater] INFO  impl.StateMachineUpdater (StateMachineUpdater.java:takeSnapshot(269)) - 3cc51d6b-e891-4e52-b01b-ce9c9a895fa2@group-E38CCF0B2F7E-StateMachineUpdater: Took a snapshot at index 2
2019-11-11 20:28:35,064 [3cc51d6b-e891-4e52-b01b-ce9c9a895fa2@group-E38CCF0B2F7E-StateMachineUpdater] INFO  impl.StateMachineUpdater (StateMachineUpdater.java:lambda$new$0(84)) - 3cc51d6b-e891-4e52-b01b-ce9c9a895fa2@group-E38CCF0B2F7E-StateMachineUpdater: snapshotIndex: updateIncreasingly 2 -> 2
2019-11-11 20:28:35,065 [main] INFO  impl.RaftServerImpl (ServerState.java:close(387)) - 3cc51d6b-e891-4e52-b01b-ce9c9a895fa2@group-E38CCF0B2F7E: closes. applyIndex: 5
2019-11-11 20:28:35,065 [3cc51d6b-e891-4e52-b01b-ce9c9a895fa2@group-E38CCF0B2F7E-SegmentedRaftLogWorker] INFO  segmented.SegmentedRaftLogWorker (SegmentedRaftLogWorker.java:run(316)) - 3cc51d6b-e891-4e52-b01b-ce9c9a895fa2@group-E38CCF0B2F7E-SegmentedRaftLogWorker was interrupted, exiting. There are 0 tasks remaining in the queue.
2019-11-11 20:28:35,065 [main] INFO  segmented.SegmentedRaftLogWorker (SegmentedRaftLogWorker.java:close(224)) - 3cc51d6b-e891-4e52-b01b-ce9c9a895fa2@group-E38CCF0B2F7E-SegmentedRaftLogWorker close()
2019-11-11 20:28:35,067 [main] INFO  server.GrpcService (GrpcService.java:closeImpl(164)) - 3cc51d6b-e891-4e52-b01b-ce9c9a895fa2: shutdown server with port 45920 now
2019-11-11 20:28:35,068 [grpc-default-executor-4] WARN  server.GrpcServerProtocolService (LogUtils.java:warn(134)) - 3cc51d6b-e891-4e52-b01b-ce9c9a895fa2: installSnapshot onError, lastRequest: fb7bce6a-1cd3-4beb-8a28-448fd0b8448e->3cc51d6b-e891-4e52-b01b-ce9c9a895fa2#9-t2, previous=(t:2, i:5), leaderCommit=5, initializing? false, entries: <empty>: org.apache.ratis.thirdparty.io.grpc.StatusRuntimeException: CANCELLED: cancelled before receiving half close
2019-11-11 20:28:35,068 [grpc-default-executor-1] WARN  server.GrpcLogAppender (LogUtils.java:warn(134)) - fb7bce6a-1cd3-4beb-8a28-448fd0b8448e@group-E38CCF0B2F7E->3cc51d6b-e891-4e52-b01b-ce9c9a895fa2-AppendLogResponseHandler: Failed appendEntries: org.apache.ratis.thirdparty.io.grpc.StatusRuntimeException: CANCELLED: HTTP/2 error code: CANCEL
Received Rst Stream
2019-11-11 20:28:35,068 [main] INFO  server.GrpcService (GrpcService.java:closeImpl(172)) - 3cc51d6b-e891-4e52-b01b-ce9c9a895fa2: shutdown server with port 45920 successfully
2019-11-11 20:28:35,068 [grpc-default-executor-1] INFO  impl.FollowerInfo (FollowerInfo.java:lambda$new$0(51)) - fb7bce6a-1cd3-4beb-8a28-448fd0b8448e@group-E38CCF0B2F7E->3cc51d6b-e891-4e52-b01b-ce9c9a895fa2: nextIndex: updateUnconditionally 6 -> 5
2019-11-11 20:28:35,070 [refreshUsed-/workdir/hadoop-ozone/integration-test/target/test-dir/MiniOzoneClusterImpl-878a1954-6462-47b6-bdcc-bab86c556cb3/datanode-8/data/containers] WARN  fs.CachingGetSpaceUsed (CachingGetSpaceUsed.java:run(183)) - Thread Interrupted waiting to refresh disk information: sleep interrupted
2019-11-11 20:28:35,085 [main] INFO  utils.BackgroundService (BackgroundService.java:shutdown(151)) - Shutting down service BlockDeletingService
2019-11-11 20:28:35,086 [main] INFO  statemachine.DatanodeStateMachine (DatanodeStateMachine.java:stopDaemon(395)) - Ozone container server stopped.
2019-11-11 20:28:35,087 [main] INFO  handler.ContextHandler (ContextHandler.java:doStop(910)) - Stopped o.e.j.w.WebAppContext@3a109ff7{/,null,UNAVAILABLE}{/hddsDatanode}
2019-11-11 20:28:35,088 [main] INFO  server.AbstractConnector (AbstractConnector.java:doStop(318)) - Stopped ServerConnector@111a7973{HTTP/1.1,[http/1.1]}{0.0.0.0:0}
2019-11-11 20:28:35,088 [main] INFO  handler.ContextHandler (ContextHandler.java:doStop(910)) - Stopped o.e.j.s.ServletContextHandler@1abcd059{/static,jar:file:/home/user/.m2/repository/org/apache/hadoop/hadoop-hdds-container-service/0.5.0-SNAPSHOT/hadoop-hdds-container-service-0.5.0-SNAPSHOT.jar!/webapps/static,UNAVAILABLE}
2019-11-11 20:28:35,088 [main] INFO  handler.ContextHandler (ContextHandler.java:doStop(910)) - Stopped o.e.j.s.ServletContextHandler@10e9a5fe{/logs,file:///workdir/hadoop-ozone/integration-test/target/log,UNAVAILABLE}
2019-11-11 20:28:35,228 [grpc-default-executor-4] WARN  server.GrpcLogAppender (LogUtils.java:warn(134)) - 4ee8c297-07ef-4ca0-9e53-65cba3c36712@group-7208C3118237->4458042f-08fe-441c-a446-1f2065605b64-AppendLogResponseHandler: Failed appendEntries: org.apache.ratis.thirdparty.io.grpc.StatusRuntimeException: UNAVAILABLE: io exception
2019-11-11 20:28:35,228 [grpc-default-executor-4] INFO  impl.FollowerInfo (FollowerInfo.java:lambda$new$0(51)) - 4ee8c297-07ef-4ca0-9e53-65cba3c36712@group-7208C3118237->4458042f-08fe-441c-a446-1f2065605b64: nextIndex: updateUnconditionally 0 -> 0
2019-11-11 20:28:35,285 [grpc-default-executor-4] WARN  server.GrpcLogAppender (LogUtils.java:warn(134)) - fb7bce6a-1cd3-4beb-8a28-448fd0b8448e@group-E38CCF0B2F7E->75be7957-289d-4245-a821-fc5677a0cfb7-AppendLogResponseHandler: Failed appendEntries: org.apache.ratis.thirdparty.io.grpc.StatusRuntimeException: UNAVAILABLE: io exception
2019-11-11 20:28:35,285 [grpc-default-executor-4] INFO  impl.FollowerInfo (FollowerInfo.java:lambda$new$0(51)) - fb7bce6a-1cd3-4beb-8a28-448fd0b8448e@group-E38CCF0B2F7E->75be7957-289d-4245-a821-fc5677a0cfb7: nextIndex: updateUnconditionally 0 -> 0
2019-11-11 20:28:35,293 [grpc-default-executor-6] WARN  server.GrpcLogAppender (LogUtils.java:warn(134)) - fb7bce6a-1cd3-4beb-8a28-448fd0b8448e@group-E38CCF0B2F7E->3cc51d6b-e891-4e52-b01b-ce9c9a895fa2-AppendLogResponseHandler: Failed appendEntries: org.apache.ratis.thirdparty.io.grpc.StatusRuntimeException: UNAVAILABLE: io exception
2019-11-11 20:28:35,293 [grpc-default-executor-6] INFO  impl.FollowerInfo (FollowerInfo.java:lambda$new$0(51)) - fb7bce6a-1cd3-4beb-8a28-448fd0b8448e@group-E38CCF0B2F7E->3cc51d6b-e891-4e52-b01b-ce9c9a895fa2: nextIndex: updateUnconditionally 5 -> 4
2019-11-11 20:28:35,690 [Datanode State Machine Thread - 0] INFO  statemachine.DatanodeStateMachine (DatanodeStateMachine.java:lambda$startDaemon$0(350)) - Ozone container server started.
2019-11-11 20:28:35,690 [Datanode State Machine Thread - 0] INFO  statemachine.DatanodeStateMachine (DatanodeStateMachine.java:lambda$startDaemon$0(350)) - Ozone container server started.
2019-11-11 20:28:35,729 [grpc-default-executor-1] WARN  server.GrpcLogAppender (LogUtils.java:warn(134)) - 4ee8c297-07ef-4ca0-9e53-65cba3c36712@group-7208C3118237->4458042f-08fe-441c-a446-1f2065605b64-AppendLogResponseHandler: Failed appendEntries: org.apache.ratis.thirdparty.io.grpc.StatusRuntimeException: UNAVAILABLE: io exception
2019-11-11 20:28:35,729 [grpc-default-executor-1] INFO  impl.FollowerInfo (FollowerInfo.java:lambda$new$0(51)) - 4ee8c297-07ef-4ca0-9e53-65cba3c36712@group-7208C3118237->4458042f-08fe-441c-a446-1f2065605b64: nextIndex: updateUnconditionally 0 -> 0
2019-11-11 20:28:35,786 [grpc-default-executor-6] WARN  server.GrpcLogAppender (LogUtils.java:warn(134)) - fb7bce6a-1cd3-4beb-8a28-448fd0b8448e@group-E38CCF0B2F7E->75be7957-289d-4245-a821-fc5677a0cfb7-AppendLogResponseHandler: Failed appendEntries: org.apache.ratis.thirdparty.io.grpc.StatusRuntimeException: UNAVAILABLE: io exception
2019-11-11 20:28:35,786 [grpc-default-executor-6] INFO  impl.FollowerInfo (FollowerInfo.java:lambda$new$0(51)) - fb7bce6a-1cd3-4beb-8a28-448fd0b8448e@group-E38CCF0B2F7E->75be7957-289d-4245-a821-fc5677a0cfb7: nextIndex: updateUnconditionally 0 -> 0
2019-11-11 20:28:35,794 [grpc-default-executor-4] WARN  server.GrpcLogAppender (LogUtils.java:warn(134)) - fb7bce6a-1cd3-4beb-8a28-448fd0b8448e@group-E38CCF0B2F7E->3cc51d6b-e891-4e52-b01b-ce9c9a895fa2-AppendLogResponseHandler: Failed appendEntries: org.apache.ratis.thirdparty.io.grpc.StatusRuntimeException: UNAVAILABLE: io exception
2019-11-11 20:28:35,794 [grpc-default-executor-4] INFO  impl.FollowerInfo (FollowerInfo.java:lambda$new$0(51)) - fb7bce6a-1cd3-4beb-8a28-448fd0b8448e@group-E38CCF0B2F7E->3cc51d6b-e891-4e52-b01b-ce9c9a895fa2: nextIndex: updateUnconditionally 4 -> 3
2019-11-11 20:28:36,229 [grpc-default-executor-4] WARN  server.GrpcLogAppender (LogUtils.java:warn(134)) - 4ee8c297-07ef-4ca0-9e53-65cba3c36712@group-7208C3118237->4458042f-08fe-441c-a446-1f2065605b64-AppendLogResponseHandler: Failed appendEntries: org.apache.ratis.thirdparty.io.grpc.StatusRuntimeException: UNAVAILABLE: io exception
2019-11-11 20:28:36,230 [grpc-default-executor-4] INFO  impl.FollowerInfo (FollowerInfo.java:lambda$new$0(51)) - 4ee8c297-07ef-4ca0-9e53-65cba3c36712@group-7208C3118237->4458042f-08fe-441c-a446-1f2065605b64: nextIndex: updateUnconditionally 0 -> 0
2019-11-11 20:28:36,286 [grpc-default-executor-6] WARN  server.GrpcLogAppender (LogUtils.java:warn(134)) - fb7bce6a-1cd3-4beb-8a28-448fd0b8448e@group-E38CCF0B2F7E->75be7957-289d-4245-a821-fc5677a0cfb7-AppendLogResponseHandler: Failed appendEntries: org.apache.ratis.thirdparty.io.grpc.StatusRuntimeException: UNAVAILABLE: io exception
2019-11-11 20:28:36,286 [grpc-default-executor-6] INFO  impl.FollowerInfo (FollowerInfo.java:lambda$new$0(51)) - fb7bce6a-1cd3-4beb-8a28-448fd0b8448e@group-E38CCF0B2F7E->75be7957-289d-4245-a821-fc5677a0cfb7: nextIndex: updateUnconditionally 0 -> 0
2019-11-11 20:28:36,294 [grpc-default-executor-1] WARN  server.GrpcLogAppender (LogUtils.java:warn(134)) - fb7bce6a-1cd3-4beb-8a28-448fd0b8448e@group-E38CCF0B2F7E->3cc51d6b-e891-4e52-b01b-ce9c9a895fa2-AppendLogResponseHandler: Failed appendEntries: org.apache.ratis.thirdparty.io.grpc.StatusRuntimeException: UNAVAILABLE: io exception
2019-11-11 20:28:36,294 [grpc-default-executor-1] INFO  impl.FollowerInfo (FollowerInfo.java:lambda$new$0(51)) - fb7bce6a-1cd3-4beb-8a28-448fd0b8448e@group-E38CCF0B2F7E->3cc51d6b-e891-4e52-b01b-ce9c9a895fa2: nextIndex: updateUnconditionally 3 -> 2
2019-11-11 20:28:36,729 [grpc-default-executor-4] WARN  server.GrpcLogAppender (LogUtils.java:warn(134)) - 4ee8c297-07ef-4ca0-9e53-65cba3c36712@group-7208C3118237->4458042f-08fe-441c-a446-1f2065605b64-AppendLogResponseHandler: Failed appendEntries: org.apache.ratis.thirdparty.io.grpc.StatusRuntimeException: UNAVAILABLE: io exception
2019-11-11 20:28:36,730 [grpc-default-executor-4] INFO  impl.FollowerInfo (FollowerInfo.java:lambda$new$0(51)) - 4ee8c297-07ef-4ca0-9e53-65cba3c36712@group-7208C3118237->4458042f-08fe-441c-a446-1f2065605b64: nextIndex: updateUnconditionally 0 -> 0
2019-11-11 20:28:36,787 [grpc-default-executor-6] WARN  server.GrpcLogAppender (LogUtils.java:warn(134)) - fb7bce6a-1cd3-4beb-8a28-448fd0b8448e@group-E38CCF0B2F7E->75be7957-289d-4245-a821-fc5677a0cfb7-AppendLogResponseHandler: Failed appendEntries: org.apache.ratis.thirdparty.io.grpc.StatusRuntimeException: UNAVAILABLE: io exception
2019-11-11 20:28:36,787 [grpc-default-executor-6] INFO  impl.FollowerInfo (FollowerInfo.java:lambda$new$0(51)) - fb7bce6a-1cd3-4beb-8a28-448fd0b8448e@group-E38CCF0B2F7E->75be7957-289d-4245-a821-fc5677a0cfb7: nextIndex: updateUnconditionally 0 -> 0
2019-11-11 20:28:36,795 [grpc-default-executor-1] WARN  server.GrpcLogAppender (LogUtils.java:warn(134)) - fb7bce6a-1cd3-4beb-8a28-448fd0b8448e@group-E38CCF0B2F7E->3cc51d6b-e891-4e52-b01b-ce9c9a895fa2-AppendLogResponseHandler: Failed appendEntries: org.apache.ratis.thirdparty.io.grpc.StatusRuntimeException: UNAVAILABLE: io exception
2019-11-11 20:28:36,795 [grpc-default-executor-1] INFO  impl.FollowerInfo (FollowerInfo.java:lambda$new$0(51)) - fb7bce6a-1cd3-4beb-8a28-448fd0b8448e@group-E38CCF0B2F7E->3cc51d6b-e891-4e52-b01b-ce9c9a895fa2: nextIndex: updateUnconditionally 2 -> 1
2019-11-11 20:28:37,231 [grpc-default-executor-1] WARN  server.GrpcLogAppender (LogUtils.java:warn(134)) - 4ee8c297-07ef-4ca0-9e53-65cba3c36712@group-7208C3118237->4458042f-08fe-441c-a446-1f2065605b64-AppendLogResponseHandler: Failed appendEntries: org.apache.ratis.thirdparty.io.grpc.StatusRuntimeException: UNAVAILABLE: io exception
2019-11-11 20:28:37,231 [grpc-default-executor-1] INFO  impl.FollowerInfo (FollowerInfo.java:lambda$new$0(51)) - 4ee8c297-07ef-4ca0-9e53-65cba3c36712@group-7208C3118237->4458042f-08fe-441c-a446-1f2065605b64: nextIndex: updateUnconditionally 0 -> 0
2019-11-11 20:28:37,287 [grpc-default-executor-4] WARN  server.GrpcLogAppender (LogUtils.java:warn(134)) - fb7bce6a-1cd3-4beb-8a28-448fd0b8448e@group-E38CCF0B2F7E->75be7957-289d-4245-a821-fc5677a0cfb7-AppendLogResponseHandler: Failed appendEntries: org.apache.ratis.thirdparty.io.grpc.StatusRuntimeException: UNAVAILABLE: io exception
2019-11-11 20:28:37,287 [grpc-default-executor-4] INFO  impl.FollowerInfo (FollowerInfo.java:lambda$new$0(51)) - fb7bce6a-1cd3-4beb-8a28-448fd0b8448e@group-E38CCF0B2F7E->75be7957-289d-4245-a821-fc5677a0cfb7: nextIndex: updateUnconditionally 0 -> 0
2019-11-11 20:28:37,295 [grpc-default-executor-6] WARN  server.GrpcLogAppender (LogUtils.java:warn(134)) - fb7bce6a-1cd3-4beb-8a28-448fd0b8448e@group-E38CCF0B2F7E->3cc51d6b-e891-4e52-b01b-ce9c9a895fa2-AppendLogResponseHandler: Failed appendEntries: org.apache.ratis.thirdparty.io.grpc.StatusRuntimeException: UNAVAILABLE: io exception
2019-11-11 20:28:37,295 [grpc-default-executor-6] INFO  impl.FollowerInfo (FollowerInfo.java:lambda$new$0(51)) - fb7bce6a-1cd3-4beb-8a28-448fd0b8448e@group-E38CCF0B2F7E->3cc51d6b-e891-4e52-b01b-ce9c9a895fa2: nextIndex: updateUnconditionally 1 -> 0
2019-11-11 20:28:37,735 [grpc-default-executor-6] WARN  server.GrpcLogAppender (LogUtils.java:warn(134)) - 4ee8c297-07ef-4ca0-9e53-65cba3c36712@group-7208C3118237->4458042f-08fe-441c-a446-1f2065605b64-AppendLogResponseHandler: Failed appendEntries: org.apache.ratis.thirdparty.io.grpc.StatusRuntimeException: UNAVAILABLE: io exception
2019-11-11 20:28:37,736 [grpc-default-executor-6] INFO  impl.FollowerInfo (FollowerInfo.java:lambda$new$0(51)) - 4ee8c297-07ef-4ca0-9e53-65cba3c36712@group-7208C3118237->4458042f-08fe-441c-a446-1f2065605b64: nextIndex: updateUnconditionally 0 -> 0
2019-11-11 20:28:37,788 [grpc-default-executor-1] WARN  server.GrpcLogAppender (LogUtils.java:warn(134)) - fb7bce6a-1cd3-4beb-8a28-448fd0b8448e@group-E38CCF0B2F7E->75be7957-289d-4245-a821-fc5677a0cfb7-AppendLogResponseHandler: Failed appendEntries: org.apache.ratis.thirdparty.io.grpc.StatusRuntimeException: UNAVAILABLE: io exception
2019-11-11 20:28:37,788 [grpc-default-executor-1] INFO  impl.FollowerInfo (FollowerInfo.java:lambda$new$0(51)) - fb7bce6a-1cd3-4beb-8a28-448fd0b8448e@group-E38CCF0B2F7E->75be7957-289d-4245-a821-fc5677a0cfb7: nextIndex: updateUnconditionally 0 -> 0
2019-11-11 20:28:37,797 [grpc-default-executor-4] WARN  server.GrpcLogAppender (LogUtils.java:warn(134)) - fb7bce6a-1cd3-4beb-8a28-448fd0b8448e@group-E38CCF0B2F7E->3cc51d6b-e891-4e52-b01b-ce9c9a895fa2-AppendLogResponseHandler: Failed appendEntries: org.apache.ratis.thirdparty.io.grpc.StatusRuntimeException: UNAVAILABLE: io exception
2019-11-11 20:28:37,797 [grpc-default-executor-4] INFO  impl.FollowerInfo (FollowerInfo.java:lambda$new$0(51)) - fb7bce6a-1cd3-4beb-8a28-448fd0b8448e@group-E38CCF0B2F7E->3cc51d6b-e891-4e52-b01b-ce9c9a895fa2: nextIndex: updateUnconditionally 0 -> 0
2019-11-11 20:28:38,233 [grpc-default-executor-6] WARN  server.GrpcLogAppender (LogUtils.java:warn(134)) - 4ee8c297-07ef-4ca0-9e53-65cba3c36712@group-7208C3118237->4458042f-08fe-441c-a446-1f2065605b64-AppendLogResponseHandler: Failed appendEntries: org.apache.ratis.thirdparty.io.grpc.StatusRuntimeException: UNAVAILABLE: io exception
2019-11-11 20:28:38,234 [grpc-default-executor-6] INFO  impl.FollowerInfo (FollowerInfo.java:lambda$new$0(51)) - 4ee8c297-07ef-4ca0-9e53-65cba3c36712@group-7208C3118237->4458042f-08fe-441c-a446-1f2065605b64: nextIndex: updateUnconditionally 0 -> 0
2019-11-11 20:28:38,290 [grpc-default-executor-1] WARN  server.GrpcLogAppender (LogUtils.java:warn(134)) - fb7bce6a-1cd3-4beb-8a28-448fd0b8448e@group-E38CCF0B2F7E->75be7957-289d-4245-a821-fc5677a0cfb7-AppendLogResponseHandler: Failed appendEntries: org.apache.ratis.thirdparty.io.grpc.StatusRuntimeException: UNAVAILABLE: io exception
2019-11-11 20:28:38,290 [grpc-default-executor-1] INFO  impl.FollowerInfo (FollowerInfo.java:lambda$new$0(51)) - fb7bce6a-1cd3-4beb-8a28-448fd0b8448e@group-E38CCF0B2F7E->75be7957-289d-4245-a821-fc5677a0cfb7: nextIndex: updateUnconditionally 0 -> 0
2019-11-11 20:28:38,297 [grpc-default-executor-6] WARN  server.GrpcLogAppender (LogUtils.java:warn(134)) - fb7bce6a-1cd3-4beb-8a28-448fd0b8448e@group-E38CCF0B2F7E->3cc51d6b-e891-4e52-b01b-ce9c9a895fa2-AppendLogResponseHandler: Failed appendEntries: org.apache.ratis.thirdparty.io.grpc.StatusRuntimeException: UNAVAILABLE: io exception
2019-11-11 20:28:38,297 [grpc-default-executor-6] INFO  impl.FollowerInfo (FollowerInfo.java:lambda$new$0(51)) - fb7bce6a-1cd3-4beb-8a28-448fd0b8448e@group-E38CCF0B2F7E->3cc51d6b-e891-4e52-b01b-ce9c9a895fa2: nextIndex: updateUnconditionally 0 -> 0
2019-11-11 20:28:38,734 [grpc-default-executor-4] WARN  server.GrpcLogAppender (LogUtils.java:warn(134)) - 4ee8c297-07ef-4ca0-9e53-65cba3c36712@group-7208C3118237->4458042f-08fe-441c-a446-1f2065605b64-AppendLogResponseHandler: Failed appendEntries: org.apache.ratis.thirdparty.io.grpc.StatusRuntimeException: UNAVAILABLE: io exception
2019-11-11 20:28:38,735 [grpc-default-executor-4] INFO  impl.FollowerInfo (FollowerInfo.java:lambda$new$0(51)) - 4ee8c297-07ef-4ca0-9e53-65cba3c36712@group-7208C3118237->4458042f-08fe-441c-a446-1f2065605b64: nextIndex: updateUnconditionally 0 -> 0
2019-11-11 20:28:38,790 [grpc-default-executor-1] WARN  server.GrpcLogAppender (LogUtils.java:warn(134)) - fb7bce6a-1cd3-4beb-8a28-448fd0b8448e@group-E38CCF0B2F7E->75be7957-289d-4245-a821-fc5677a0cfb7-AppendLogResponseHandler: Failed appendEntries: org.apache.ratis.thirdparty.io.grpc.StatusRuntimeException: UNAVAILABLE: io exception
2019-11-11 20:28:38,790 [grpc-default-executor-1] INFO  impl.FollowerInfo (FollowerInfo.java:lambda$new$0(51)) - fb7bce6a-1cd3-4beb-8a28-448fd0b8448e@group-E38CCF0B2F7E->75be7957-289d-4245-a821-fc5677a0cfb7: nextIndex: updateUnconditionally 0 -> 0
2019-11-11 20:28:38,798 [grpc-default-executor-6] WARN  server.GrpcLogAppender (LogUtils.java:warn(134)) - fb7bce6a-1cd3-4beb-8a28-448fd0b8448e@group-E38CCF0B2F7E->3cc51d6b-e891-4e52-b01b-ce9c9a895fa2-AppendLogResponseHandler: Failed appendEntries: org.apache.ratis.thirdparty.io.grpc.StatusRuntimeException: UNAVAILABLE: io exception
2019-11-11 20:28:38,798 [grpc-default-executor-6] INFO  impl.FollowerInfo (FollowerInfo.java:lambda$new$0(51)) - fb7bce6a-1cd3-4beb-8a28-448fd0b8448e@group-E38CCF0B2F7E->3cc51d6b-e891-4e52-b01b-ce9c9a895fa2: nextIndex: updateUnconditionally 0 -> 0
2019-11-11 20:28:39,238 [grpc-default-executor-6] WARN  server.GrpcLogAppender (LogUtils.java:warn(134)) - 4ee8c297-07ef-4ca0-9e53-65cba3c36712@group-7208C3118237->4458042f-08fe-441c-a446-1f2065605b64-AppendLogResponseHandler: Failed appendEntries: org.apache.ratis.thirdparty.io.grpc.StatusRuntimeException: UNAVAILABLE: io exception
2019-11-11 20:28:39,239 [grpc-default-executor-6] INFO  impl.FollowerInfo (FollowerInfo.java:lambda$new$0(51)) - 4ee8c297-07ef-4ca0-9e53-65cba3c36712@group-7208C3118237->4458042f-08fe-441c-a446-1f2065605b64: nextIndex: updateUnconditionally 0 -> 0
2019-11-11 20:28:39,290 [grpc-default-executor-4] WARN  server.GrpcLogAppender (LogUtils.java:warn(134)) - fb7bce6a-1cd3-4beb-8a28-448fd0b8448e@group-E38CCF0B2F7E->75be7957-289d-4245-a821-fc5677a0cfb7-AppendLogResponseHandler: Failed appendEntries: org.apache.ratis.thirdparty.io.grpc.StatusRuntimeException: UNAVAILABLE: io exception
2019-11-11 20:28:39,291 [grpc-default-executor-4] INFO  impl.FollowerInfo (FollowerInfo.java:lambda$new$0(51)) - fb7bce6a-1cd3-4beb-8a28-448fd0b8448e@group-E38CCF0B2F7E->75be7957-289d-4245-a821-fc5677a0cfb7: nextIndex: updateUnconditionally 0 -> 0
2019-11-11 20:28:39,298 [grpc-default-executor-6] WARN  server.GrpcLogAppender (LogUtils.java:warn(134)) - fb7bce6a-1cd3-4beb-8a28-448fd0b8448e@group-E38CCF0B2F7E->3cc51d6b-e891-4e52-b01b-ce9c9a895fa2-AppendLogResponseHandler: Failed appendEntries: org.apache.ratis.thirdparty.io.grpc.StatusRuntimeException: UNAVAILABLE: io exception
2019-11-11 20:28:39,299 [grpc-default-executor-6] INFO  impl.FollowerInfo (FollowerInfo.java:lambda$new$0(51)) - fb7bce6a-1cd3-4beb-8a28-448fd0b8448e@group-E38CCF0B2F7E->3cc51d6b-e891-4e52-b01b-ce9c9a895fa2: nextIndex: updateUnconditionally 0 -> 0
2019-11-11 20:28:39,737 [grpc-default-executor-6] WARN  server.GrpcLogAppender (LogUtils.java:warn(134)) - 4ee8c297-07ef-4ca0-9e53-65cba3c36712@group-7208C3118237->4458042f-08fe-441c-a446-1f2065605b64-AppendLogResponseHandler: Failed appendEntries: org.apache.ratis.thirdparty.io.grpc.StatusRuntimeException: UNAVAILABLE: io exception
2019-11-11 20:28:39,738 [grpc-default-executor-6] INFO  impl.FollowerInfo (FollowerInfo.java:lambda$new$0(51)) - 4ee8c297-07ef-4ca0-9e53-65cba3c36712@group-7208C3118237->4458042f-08fe-441c-a446-1f2065605b64: nextIndex: updateUnconditionally 0 -> 0
2019-11-11 20:28:39,791 [grpc-default-executor-4] WARN  server.GrpcLogAppender (LogUtils.java:warn(134)) - fb7bce6a-1cd3-4beb-8a28-448fd0b8448e@group-E38CCF0B2F7E->75be7957-289d-4245-a821-fc5677a0cfb7-AppendLogResponseHandler: Failed appendEntries: org.apache.ratis.thirdparty.io.grpc.StatusRuntimeException: UNAVAILABLE: io exception
2019-11-11 20:28:39,791 [grpc-default-executor-4] INFO  impl.FollowerInfo (FollowerInfo.java:lambda$new$0(51)) - fb7bce6a-1cd3-4beb-8a28-448fd0b8448e@group-E38CCF0B2F7E->75be7957-289d-4245-a821-fc5677a0cfb7: nextIndex: updateUnconditionally 0 -> 0
2019-11-11 20:28:39,799 [grpc-default-executor-1] WARN  server.GrpcLogAppender (LogUtils.java:warn(134)) - fb7bce6a-1cd3-4beb-8a28-448fd0b8448e@group-E38CCF0B2F7E->3cc51d6b-e891-4e52-b01b-ce9c9a895fa2-AppendLogResponseHandler: Failed appendEntries: org.apache.ratis.thirdparty.io.grpc.StatusRuntimeException: UNAVAILABLE: io exception
2019-11-11 20:28:39,799 [grpc-default-executor-1] INFO  impl.FollowerInfo (FollowerInfo.java:lambda$new$0(51)) - fb7bce6a-1cd3-4beb-8a28-448fd0b8448e@group-E38CCF0B2F7E->3cc51d6b-e891-4e52-b01b-ce9c9a895fa2: nextIndex: updateUnconditionally 0 -> 0
2019-11-11 20:28:40,062 [ForkJoinPool.commonPool-worker-0] INFO  ozoneimpl.OzoneContainer (OzoneContainer.java:stop(232)) - Attempting to stop container services.
2019-11-11 20:28:40,063 [ForkJoinPool.commonPool-worker-0] INFO  impl.RaftServerProxy (RaftServerProxy.java:lambda$close$4(314)) - e0742d41-25ee-4eea-9579-711a01e64de1: close
2019-11-11 20:28:40,063 [ForkJoinPool.commonPool-worker-0] INFO  impl.RaftServerImpl (RaftServerImpl.java:lambda$shutdown$3(250)) - e0742d41-25ee-4eea-9579-711a01e64de1@group-7208C3118237: shutdown
2019-11-11 20:28:40,064 [ForkJoinPool.commonPool-worker-0] INFO  util.JmxRegister (JmxRegister.java:unregister(73)) - Successfully un-registered JMX Bean with object name Ratis:service=RaftServer,group=group-7208C3118237,id=e0742d41-25ee-4eea-9579-711a01e64de1
2019-11-11 20:28:40,064 [ForkJoinPool.commonPool-worker-0] INFO  impl.RoleInfo (RoleInfo.java:shutdownFollowerState(121)) - e0742d41-25ee-4eea-9579-711a01e64de1: shutdown FollowerState
2019-11-11 20:28:40,064 [ForkJoinPool.commonPool-worker-0] INFO  impl.StateMachineUpdater (StateMachineUpdater.java:stopAndJoin(136)) - e0742d41-25ee-4eea-9579-711a01e64de1@group-7208C3118237-StateMachineUpdater: set stopIndex = 0
2019-11-11 20:28:40,065 [Thread-4726] INFO  impl.FollowerState (FollowerState.java:run(120)) - e0742d41-25ee-4eea-9579-711a01e64de1@group-7208C3118237-FollowerState was interrupted: java.lang.InterruptedException: sleep interrupted
2019-11-11 20:28:40,065 [ForkJoinPool.commonPool-worker-0] INFO  impl.RaftServerImpl (ServerState.java:close(387)) - e0742d41-25ee-4eea-9579-711a01e64de1@group-7208C3118237: closes. applyIndex: 0
2019-11-11 20:28:40,066 [e0742d41-25ee-4eea-9579-711a01e64de1@group-7208C3118237-SegmentedRaftLogWorker] INFO  segmented.SegmentedRaftLogWorker (SegmentedRaftLogWorker.java:run(316)) - e0742d41-25ee-4eea-9579-711a01e64de1@group-7208C3118237-SegmentedRaftLogWorker was interrupted, exiting. There are 0 tasks remaining in the queue.
2019-11-11 20:28:40,067 [ForkJoinPool.commonPool-worker-0] INFO  segmented.SegmentedRaftLogWorker (SegmentedRaftLogWorker.java:close(224)) - e0742d41-25ee-4eea-9579-711a01e64de1@group-7208C3118237-SegmentedRaftLogWorker close()
2019-11-11 20:28:40,071 [ForkJoinPool.commonPool-worker-0] INFO  impl.RaftServerImpl (RaftServerImpl.java:lambda$shutdown$3(250)) - e0742d41-25ee-4eea-9579-711a01e64de1@group-C2947F1A8D1F: shutdown
2019-11-11 20:28:40,071 [ForkJoinPool.commonPool-worker-0] INFO  util.JmxRegister (JmxRegister.java:unregister(73)) - Successfully un-registered JMX Bean with object name Ratis:service=RaftServer,group=group-C2947F1A8D1F,id=e0742d41-25ee-4eea-9579-711a01e64de1
2019-11-11 20:28:40,071 [ForkJoinPool.commonPool-worker-0] INFO  impl.RoleInfo (RoleInfo.java:shutdownLeaderState(104)) - e0742d41-25ee-4eea-9579-711a01e64de1: shutdown LeaderState
2019-11-11 20:28:40,072 [ForkJoinPool.commonPool-worker-0] INFO  impl.PendingRequests (PendingRequests.java:sendNotLeaderResponses(206)) - e0742d41-25ee-4eea-9579-711a01e64de1@group-C2947F1A8D1F-PendingRequests: sendNotLeaderResponses
2019-11-11 20:28:40,072 [ForkJoinPool.commonPool-worker-0] INFO  impl.StateMachineUpdater (StateMachineUpdater.java:stopAndJoin(136)) - e0742d41-25ee-4eea-9579-711a01e64de1@group-C2947F1A8D1F-StateMachineUpdater: set stopIndex = 0
2019-11-11 20:28:40,073 [ForkJoinPool.commonPool-worker-0] INFO  impl.RaftServerImpl (ServerState.java:close(387)) - e0742d41-25ee-4eea-9579-711a01e64de1@group-C2947F1A8D1F: closes. applyIndex: 0
2019-11-11 20:28:40,073 [e0742d41-25ee-4eea-9579-711a01e64de1@group-C2947F1A8D1F-SegmentedRaftLogWorker] INFO  segmented.SegmentedRaftLogWorker (SegmentedRaftLogWorker.java:run(316)) - e0742d41-25ee-4eea-9579-711a01e64de1@group-C2947F1A8D1F-SegmentedRaftLogWorker was interrupted, exiting. There are 0 tasks remaining in the queue.
2019-11-11 20:28:40,073 [ForkJoinPool.commonPool-worker-0] INFO  segmented.SegmentedRaftLogWorker (SegmentedRaftLogWorker.java:close(224)) - e0742d41-25ee-4eea-9579-711a01e64de1@group-C2947F1A8D1F-SegmentedRaftLogWorker close()
2019-11-11 20:28:40,075 [ForkJoinPool.commonPool-worker-0] INFO  server.GrpcService (GrpcService.java:closeImpl(164)) - e0742d41-25ee-4eea-9579-711a01e64de1: shutdown server with port 44547 now
2019-11-11 20:28:40,077 [ForkJoinPool.commonPool-worker-0] INFO  server.GrpcService (GrpcService.java:closeImpl(172)) - e0742d41-25ee-4eea-9579-711a01e64de1: shutdown server with port 44547 successfully
2019-11-11 20:28:40,077 [grpc-default-executor-6] WARN  server.GrpcLogAppender (LogUtils.java:warn(134)) - 4ee8c297-07ef-4ca0-9e53-65cba3c36712@group-7208C3118237->e0742d41-25ee-4eea-9579-711a01e64de1-AppendLogResponseHandler: Failed appendEntries: org.apache.ratis.thirdparty.io.grpc.StatusRuntimeException: CANCELLED: HTTP/2 error code: CANCEL
Received Rst Stream
2019-11-11 20:28:40,077 [grpc-default-executor-4] WARN  server.GrpcServerProtocolService (LogUtils.java:warn(134)) - e0742d41-25ee-4eea-9579-711a01e64de1: installSnapshot onError, lastRequest: 4ee8c297-07ef-4ca0-9e53-65cba3c36712->e0742d41-25ee-4eea-9579-711a01e64de1#39-t1, previous=(t:1, i:0), leaderCommit=0, initializing? false, entries: <empty>: org.apache.ratis.thirdparty.io.grpc.StatusRuntimeException: CANCELLED: cancelled before receiving half close
2019-11-11 20:28:40,077 [grpc-default-executor-6] INFO  impl.FollowerInfo (FollowerInfo.java:lambda$new$0(51)) - 4ee8c297-07ef-4ca0-9e53-65cba3c36712@group-7208C3118237->e0742d41-25ee-4eea-9579-711a01e64de1: nextIndex: updateUnconditionally 1 -> 0
2019-11-11 20:28:40,085 [refreshUsed-/workdir/hadoop-ozone/integration-test/target/test-dir/MiniOzoneClusterImpl-878a1954-6462-47b6-bdcc-bab86c556cb3/datanode-0/data/containers] WARN  fs.CachingGetSpaceUsed (CachingGetSpaceUsed.java:run(183)) - Thread Interrupted waiting to refresh disk information: sleep interrupted
2019-11-11 20:28:40,090 [main] INFO  ozoneimpl.OzoneContainer (OzoneContainer.java:stop(232)) - Attempting to stop container services.
2019-11-11 20:28:40,090 [main] INFO  impl.RaftServerProxy (RaftServerProxy.java:lambda$close$4(314)) - 4ee8c297-07ef-4ca0-9e53-65cba3c36712: close
2019-11-11 20:28:40,091 [main] INFO  impl.RaftServerImpl (RaftServerImpl.java:lambda$shutdown$3(250)) - 4ee8c297-07ef-4ca0-9e53-65cba3c36712@group-7208C3118237: shutdown
2019-11-11 20:28:40,091 [main] INFO  util.JmxRegister (JmxRegister.java:unregister(73)) - Successfully un-registered JMX Bean with object name Ratis:service=RaftServer,group=group-7208C3118237,id=4ee8c297-07ef-4ca0-9e53-65cba3c36712
2019-11-11 20:28:40,091 [main] INFO  impl.RoleInfo (RoleInfo.java:shutdownLeaderState(104)) - 4ee8c297-07ef-4ca0-9e53-65cba3c36712: shutdown LeaderState
2019-11-11 20:28:40,094 [main] INFO  impl.PendingRequests (PendingRequests.java:sendNotLeaderResponses(206)) - 4ee8c297-07ef-4ca0-9e53-65cba3c36712@group-7208C3118237-PendingRequests: sendNotLeaderResponses
2019-11-11 20:28:40,094 [org.apache.ratis.server.impl.LogAppender$AppenderDaemon$$Lambda$443/882596722@59036f99] WARN  server.GrpcLogAppender (GrpcLogAppender.java:mayWait(151)) - 4ee8c297-07ef-4ca0-9e53-65cba3c36712@group-7208C3118237->4458042f-08fe-441c-a446-1f2065605b64-GrpcLogAppender: Wait interrupted by java.lang.InterruptedException
2019-11-11 20:28:40,094 [org.apache.ratis.server.impl.LogAppender$AppenderDaemon$$Lambda$443/882596722@1c01f27d] WARN  server.GrpcLogAppender (GrpcLogAppender.java:mayWait(151)) - 4ee8c297-07ef-4ca0-9e53-65cba3c36712@group-7208C3118237->e0742d41-25ee-4eea-9579-711a01e64de1-GrpcLogAppender: Wait interrupted by java.lang.InterruptedException
2019-11-11 20:28:40,094 [main] INFO  impl.StateMachineUpdater (StateMachineUpdater.java:stopAndJoin(136)) - 4ee8c297-07ef-4ca0-9e53-65cba3c36712@group-7208C3118237-StateMachineUpdater: set stopIndex = 0
2019-11-11 20:28:40,094 [main] INFO  impl.RaftServerImpl (ServerState.java:close(387)) - 4ee8c297-07ef-4ca0-9e53-65cba3c36712@group-7208C3118237: closes. applyIndex: 0
2019-11-11 20:28:40,095 [4ee8c297-07ef-4ca0-9e53-65cba3c36712@group-7208C3118237-SegmentedRaftLogWorker] INFO  segmented.SegmentedRaftLogWorker (SegmentedRaftLogWorker.java:run(316)) - 4ee8c297-07ef-4ca0-9e53-65cba3c36712@group-7208C3118237-SegmentedRaftLogWorker was interrupted, exiting. There are 0 tasks remaining in the queue.
2019-11-11 20:28:40,095 [main] INFO  segmented.SegmentedRaftLogWorker (SegmentedRaftLogWorker.java:close(224)) - 4ee8c297-07ef-4ca0-9e53-65cba3c36712@group-7208C3118237-SegmentedRaftLogWorker close()
2019-11-11 20:28:40,096 [main] INFO  impl.RaftServerImpl (RaftServerImpl.java:lambda$shutdown$3(250)) - 4ee8c297-07ef-4ca0-9e53-65cba3c36712@group-7560D6A3F2A9: shutdown
2019-11-11 20:28:40,097 [main] INFO  util.JmxRegister (JmxRegister.java:unregister(73)) - Successfully un-registered JMX Bean with object name Ratis:service=RaftServer,group=group-7560D6A3F2A9,id=4ee8c297-07ef-4ca0-9e53-65cba3c36712
2019-11-11 20:28:40,097 [main] INFO  impl.RoleInfo (RoleInfo.java:shutdownLeaderState(104)) - 4ee8c297-07ef-4ca0-9e53-65cba3c36712: shutdown LeaderState
2019-11-11 20:28:40,097 [main] INFO  impl.PendingRequests (PendingRequests.java:sendNotLeaderResponses(206)) - 4ee8c297-07ef-4ca0-9e53-65cba3c36712@group-7560D6A3F2A9-PendingRequests: sendNotLeaderResponses
2019-11-11 20:28:40,097 [main] INFO  impl.StateMachineUpdater (StateMachineUpdater.java:stopAndJoin(136)) - 4ee8c297-07ef-4ca0-9e53-65cba3c36712@group-7560D6A3F2A9-StateMachineUpdater: set stopIndex = 0
2019-11-11 20:28:40,098 [main] INFO  impl.RaftServerImpl (ServerState.java:close(387)) - 4ee8c297-07ef-4ca0-9e53-65cba3c36712@group-7560D6A3F2A9: closes. applyIndex: 0
2019-11-11 20:28:40,098 [4ee8c297-07ef-4ca0-9e53-65cba3c36712@group-7560D6A3F2A9-SegmentedRaftLogWorker] INFO  segmented.SegmentedRaftLogWorker (SegmentedRaftLogWorker.java:run(316)) - 4ee8c297-07ef-4ca0-9e53-65cba3c36712@group-7560D6A3F2A9-SegmentedRaftLogWorker was interrupted, exiting. There are 0 tasks remaining in the queue.
2019-11-11 20:28:40,098 [main] INFO  segmented.SegmentedRaftLogWorker (SegmentedRaftLogWorker.java:close(224)) - 4ee8c297-07ef-4ca0-9e53-65cba3c36712@group-7560D6A3F2A9-SegmentedRaftLogWorker close()
2019-11-11 20:28:40,099 [main] INFO  server.GrpcService (GrpcService.java:closeImpl(164)) - 4ee8c297-07ef-4ca0-9e53-65cba3c36712: shutdown server with port 36407 now
2019-11-11 20:28:40,100 [main] INFO  server.GrpcService (GrpcService.java:closeImpl(172)) - 4ee8c297-07ef-4ca0-9e53-65cba3c36712: shutdown server with port 36407 successfully
2019-11-11 20:28:40,101 [refreshUsed-/workdir/hadoop-ozone/integration-test/target/test-dir/MiniOzoneClusterImpl-878a1954-6462-47b6-bdcc-bab86c556cb3/datanode-9/data/containers] WARN  fs.CachingGetSpaceUsed (CachingGetSpaceUsed.java:run(183)) - Thread Interrupted waiting to refresh disk information: sleep interrupted
2019-11-11 20:28:40,110 [ForkJoinPool.commonPool-worker-0] INFO  utils.BackgroundService (BackgroundService.java:shutdown(151)) - Shutting down service BlockDeletingService
2019-11-11 20:28:40,112 [ForkJoinPool.commonPool-worker-0] INFO  statemachine.DatanodeStateMachine (DatanodeStateMachine.java:stopDaemon(395)) - Ozone container server stopped.
2019-11-11 20:28:40,116 [main] INFO  utils.BackgroundService (BackgroundService.java:shutdown(151)) - Shutting down service BlockDeletingService
2019-11-11 20:28:40,117 [main] INFO  statemachine.DatanodeStateMachine (DatanodeStateMachine.java:stopDaemon(395)) - Ozone container server stopped.
2019-11-11 20:28:40,126 [main] INFO  handler.ContextHandler (ContextHandler.java:doStop(910)) - Stopped o.e.j.w.WebAppContext@2a04ab05{/,null,UNAVAILABLE}{/hddsDatanode}
2019-11-11 20:28:40,127 [main] INFO  server.AbstractConnector (AbstractConnector.java:doStop(318)) - Stopped ServerConnector@5ebbde60{HTTP/1.1,[http/1.1]}{0.0.0.0:0}
2019-11-11 20:28:40,127 [main] INFO  handler.ContextHandler (ContextHandler.java:doStop(910)) - Stopped o.e.j.s.ServletContextHandler@1144a02b{/static,jar:file:/home/user/.m2/repository/org/apache/hadoop/hadoop-hdds-container-service/0.5.0-SNAPSHOT/hadoop-hdds-container-service-0.5.0-SNAPSHOT.jar!/webapps/static,UNAVAILABLE}
2019-11-11 20:28:40,128 [main] INFO  handler.ContextHandler (ContextHandler.java:doStop(910)) - Stopped o.e.j.s.ServletContextHandler@1a88c4f5{/logs,file:///workdir/hadoop-ozone/integration-test/target/log,UNAVAILABLE}
2019-11-11 20:28:40,129 [ForkJoinPool.commonPool-worker-0] INFO  handler.ContextHandler (ContextHandler.java:doStop(910)) - Stopped o.e.j.w.WebAppContext@71531dd7{/,null,UNAVAILABLE}{/hddsDatanode}
2019-11-11 20:28:40,130 [ForkJoinPool.commonPool-worker-0] INFO  server.AbstractConnector (AbstractConnector.java:doStop(318)) - Stopped ServerConnector@20256a0b{HTTP/1.1,[http/1.1]}{0.0.0.0:0}
2019-11-11 20:28:40,132 [ForkJoinPool.commonPool-worker-0] INFO  handler.ContextHandler (ContextHandler.java:doStop(910)) - Stopped o.e.j.s.ServletContextHandler@17ec335a{/static,jar:file:/home/user/.m2/repository/org/apache/hadoop/hadoop-hdds-container-service/0.5.0-SNAPSHOT/hadoop-hdds-container-service-0.5.0-SNAPSHOT.jar!/webapps/static,UNAVAILABLE}
2019-11-11 20:28:40,133 [ForkJoinPool.commonPool-worker-0] INFO  handler.ContextHandler (ContextHandler.java:doStop(910)) - Stopped o.e.j.s.ServletContextHandler@3079c26a{/logs,file:///workdir/hadoop-ozone/integration-test/target/log,UNAVAILABLE}
2019-11-11 20:28:40,183 [Datanode State Machine Thread - 0] INFO  statemachine.DatanodeStateMachine (DatanodeStateMachine.java:lambda$startDaemon$0(350)) - Ozone container server started.
2019-11-11 20:28:40,292 [grpc-default-executor-4] WARN  server.GrpcLogAppender (LogUtils.java:warn(134)) - fb7bce6a-1cd3-4beb-8a28-448fd0b8448e@group-E38CCF0B2F7E->75be7957-289d-4245-a821-fc5677a0cfb7-AppendLogResponseHandler: Failed appendEntries: org.apache.ratis.thirdparty.io.grpc.StatusRuntimeException: UNAVAILABLE: io exception
2019-11-11 20:28:40,292 [grpc-default-executor-4] INFO  impl.FollowerInfo (FollowerInfo.java:lambda$new$0(51)) - fb7bce6a-1cd3-4beb-8a28-448fd0b8448e@group-E38CCF0B2F7E->75be7957-289d-4245-a821-fc5677a0cfb7: nextIndex: updateUnconditionally 0 -> 0
2019-11-11 20:28:40,299 [grpc-default-executor-1] WARN  server.GrpcLogAppender (LogUtils.java:warn(134)) - fb7bce6a-1cd3-4beb-8a28-448fd0b8448e@group-E38CCF0B2F7E->3cc51d6b-e891-4e52-b01b-ce9c9a895fa2-AppendLogResponseHandler: Failed appendEntries: org.apache.ratis.thirdparty.io.grpc.StatusRuntimeException: UNAVAILABLE: io exception
2019-11-11 20:28:40,299 [grpc-default-executor-1] INFO  impl.FollowerInfo (FollowerInfo.java:lambda$new$0(51)) - fb7bce6a-1cd3-4beb-8a28-448fd0b8448e@group-E38CCF0B2F7E->3cc51d6b-e891-4e52-b01b-ce9c9a895fa2: nextIndex: updateUnconditionally 0 -> 0
2019-11-11 20:28:40,691 [Datanode State Machine Thread - 0] INFO  statemachine.DatanodeStateMachine (DatanodeStateMachine.java:lambda$startDaemon$0(350)) - Ozone container server started.
2019-11-11 20:28:40,792 [grpc-default-executor-6] WARN  server.GrpcLogAppender (LogUtils.java:warn(134)) - fb7bce6a-1cd3-4beb-8a28-448fd0b8448e@group-E38CCF0B2F7E->75be7957-289d-4245-a821-fc5677a0cfb7-AppendLogResponseHandler: Failed appendEntries: org.apache.ratis.thirdparty.io.grpc.StatusRuntimeException: UNAVAILABLE: io exception
2019-11-11 20:28:40,793 [grpc-default-executor-6] INFO  impl.FollowerInfo (FollowerInfo.java:lambda$new$0(51)) - fb7bce6a-1cd3-4beb-8a28-448fd0b8448e@group-E38CCF0B2F7E->75be7957-289d-4245-a821-fc5677a0cfb7: nextIndex: updateUnconditionally 0 -> 0
2019-11-11 20:28:40,800 [grpc-default-executor-4] WARN  server.GrpcLogAppender (LogUtils.java:warn(134)) - fb7bce6a-1cd3-4beb-8a28-448fd0b8448e@group-E38CCF0B2F7E->3cc51d6b-e891-4e52-b01b-ce9c9a895fa2-AppendLogResponseHandler: Failed appendEntries: org.apache.ratis.thirdparty.io.grpc.StatusRuntimeException: UNAVAILABLE: io exception
2019-11-11 20:28:40,800 [grpc-default-executor-4] INFO  impl.FollowerInfo (FollowerInfo.java:lambda$new$0(51)) - fb7bce6a-1cd3-4beb-8a28-448fd0b8448e@group-E38CCF0B2F7E->3cc51d6b-e891-4e52-b01b-ce9c9a895fa2: nextIndex: updateUnconditionally 0 -> 0
2019-11-11 20:28:41,293 [grpc-default-executor-1] WARN  server.GrpcLogAppender (LogUtils.java:warn(134)) - fb7bce6a-1cd3-4beb-8a28-448fd0b8448e@group-E38CCF0B2F7E->75be7957-289d-4245-a821-fc5677a0cfb7-AppendLogResponseHandler: Failed appendEntries: org.apache.ratis.thirdparty.io.grpc.StatusRuntimeException: UNAVAILABLE: io exception
2019-11-11 20:28:41,293 [grpc-default-executor-1] INFO  impl.FollowerInfo (FollowerInfo.java:lambda$new$0(51)) - fb7bce6a-1cd3-4beb-8a28-448fd0b8448e@group-E38CCF0B2F7E->75be7957-289d-4245-a821-fc5677a0cfb7: nextIndex: updateUnconditionally 0 -> 0
2019-11-11 20:28:41,300 [grpc-default-executor-6] WARN  server.GrpcLogAppender (LogUtils.java:warn(134)) - fb7bce6a-1cd3-4beb-8a28-448fd0b8448e@group-E38CCF0B2F7E->3cc51d6b-e891-4e52-b01b-ce9c9a895fa2-AppendLogResponseHandler: Failed appendEntries: org.apache.ratis.thirdparty.io.grpc.StatusRuntimeException: UNAVAILABLE: io exception
2019-11-11 20:28:41,300 [grpc-default-executor-6] INFO  impl.FollowerInfo (FollowerInfo.java:lambda$new$0(51)) - fb7bce6a-1cd3-4beb-8a28-448fd0b8448e@group-E38CCF0B2F7E->3cc51d6b-e891-4e52-b01b-ce9c9a895fa2: nextIndex: updateUnconditionally 0 -> 0
2019-11-11 20:28:41,793 [grpc-default-executor-6] WARN  server.GrpcLogAppender (LogUtils.java:warn(134)) - fb7bce6a-1cd3-4beb-8a28-448fd0b8448e@group-E38CCF0B2F7E->75be7957-289d-4245-a821-fc5677a0cfb7-AppendLogResponseHandler: Failed appendEntries: org.apache.ratis.thirdparty.io.grpc.StatusRuntimeException: UNAVAILABLE: io exception
2019-11-11 20:28:41,793 [grpc-default-executor-6] INFO  impl.FollowerInfo (FollowerInfo.java:lambda$new$0(51)) - fb7bce6a-1cd3-4beb-8a28-448fd0b8448e@group-E38CCF0B2F7E->75be7957-289d-4245-a821-fc5677a0cfb7: nextIndex: updateUnconditionally 0 -> 0
2019-11-11 20:28:41,800 [grpc-default-executor-6] WARN  server.GrpcLogAppender (LogUtils.java:warn(134)) - fb7bce6a-1cd3-4beb-8a28-448fd0b8448e@group-E38CCF0B2F7E->3cc51d6b-e891-4e52-b01b-ce9c9a895fa2-AppendLogResponseHandler: Failed appendEntries: org.apache.ratis.thirdparty.io.grpc.StatusRuntimeException: UNAVAILABLE: io exception
2019-11-11 20:28:41,800 [grpc-default-executor-6] INFO  impl.FollowerInfo (FollowerInfo.java:lambda$new$0(51)) - fb7bce6a-1cd3-4beb-8a28-448fd0b8448e@group-E38CCF0B2F7E->3cc51d6b-e891-4e52-b01b-ce9c9a895fa2: nextIndex: updateUnconditionally 0 -> 0
2019-11-11 20:28:42,294 [grpc-default-executor-6] WARN  server.GrpcLogAppender (LogUtils.java:warn(134)) - fb7bce6a-1cd3-4beb-8a28-448fd0b8448e@group-E38CCF0B2F7E->75be7957-289d-4245-a821-fc5677a0cfb7-AppendLogResponseHandler: Failed appendEntries: org.apache.ratis.thirdparty.io.grpc.StatusRuntimeException: UNAVAILABLE: io exception
2019-11-11 20:28:42,295 [grpc-default-executor-6] INFO  impl.FollowerInfo (FollowerInfo.java:lambda$new$0(51)) - fb7bce6a-1cd3-4beb-8a28-448fd0b8448e@group-E38CCF0B2F7E->75be7957-289d-4245-a821-fc5677a0cfb7: nextIndex: updateUnconditionally 0 -> 0
2019-11-11 20:28:42,301 [grpc-default-executor-4] WARN  server.GrpcLogAppender (LogUtils.java:warn(134)) - fb7bce6a-1cd3-4beb-8a28-448fd0b8448e@group-E38CCF0B2F7E->3cc51d6b-e891-4e52-b01b-ce9c9a895fa2-AppendLogResponseHandler: Failed appendEntries: org.apache.ratis.thirdparty.io.grpc.StatusRuntimeException: UNAVAILABLE: io exception
2019-11-11 20:28:42,301 [grpc-default-executor-4] INFO  impl.FollowerInfo (FollowerInfo.java:lambda$new$0(51)) - fb7bce6a-1cd3-4beb-8a28-448fd0b8448e@group-E38CCF0B2F7E->3cc51d6b-e891-4e52-b01b-ce9c9a895fa2: nextIndex: updateUnconditionally 0 -> 0
2019-11-11 20:28:42,799 [grpc-default-executor-4] WARN  server.GrpcLogAppender (LogUtils.java:warn(134)) - fb7bce6a-1cd3-4beb-8a28-448fd0b8448e@group-E38CCF0B2F7E->75be7957-289d-4245-a821-fc5677a0cfb7-AppendLogResponseHandler: Failed appendEntries: org.apache.ratis.thirdparty.io.grpc.StatusRuntimeException: UNAVAILABLE: io exception
2019-11-11 20:28:42,800 [grpc-default-executor-4] INFO  impl.FollowerInfo (FollowerInfo.java:lambda$new$0(51)) - fb7bce6a-1cd3-4beb-8a28-448fd0b8448e@group-E38CCF0B2F7E->75be7957-289d-4245-a821-fc5677a0cfb7: nextIndex: updateUnconditionally 0 -> 0
2019-11-11 20:28:42,801 [grpc-default-executor-1] WARN  server.GrpcLogAppender (LogUtils.java:warn(134)) - fb7bce6a-1cd3-4beb-8a28-448fd0b8448e@group-E38CCF0B2F7E->3cc51d6b-e891-4e52-b01b-ce9c9a895fa2-AppendLogResponseHandler: Failed appendEntries: org.apache.ratis.thirdparty.io.grpc.StatusRuntimeException: UNAVAILABLE: io exception
2019-11-11 20:28:42,801 [grpc-default-executor-1] INFO  impl.FollowerInfo (FollowerInfo.java:lambda$new$0(51)) - fb7bce6a-1cd3-4beb-8a28-448fd0b8448e@group-E38CCF0B2F7E->3cc51d6b-e891-4e52-b01b-ce9c9a895fa2: nextIndex: updateUnconditionally 0 -> 0
2019-11-11 20:28:43,298 [grpc-default-executor-1] WARN  server.GrpcLogAppender (LogUtils.java:warn(134)) - fb7bce6a-1cd3-4beb-8a28-448fd0b8448e@group-E38CCF0B2F7E->75be7957-289d-4245-a821-fc5677a0cfb7-AppendLogResponseHandler: Failed appendEntries: org.apache.ratis.thirdparty.io.grpc.StatusRuntimeException: UNAVAILABLE: io exception
2019-11-11 20:28:43,299 [grpc-default-executor-1] INFO  impl.FollowerInfo (FollowerInfo.java:lambda$new$0(51)) - fb7bce6a-1cd3-4beb-8a28-448fd0b8448e@group-E38CCF0B2F7E->75be7957-289d-4245-a821-fc5677a0cfb7: nextIndex: updateUnconditionally 0 -> 0
2019-11-11 20:28:43,302 [grpc-default-executor-4] WARN  server.GrpcLogAppender (LogUtils.java:warn(134)) - fb7bce6a-1cd3-4beb-8a28-448fd0b8448e@group-E38CCF0B2F7E->3cc51d6b-e891-4e52-b01b-ce9c9a895fa2-AppendLogResponseHandler: Failed appendEntries: org.apache.ratis.thirdparty.io.grpc.StatusRuntimeException: UNAVAILABLE: io exception
2019-11-11 20:28:43,302 [grpc-default-executor-4] INFO  impl.FollowerInfo (FollowerInfo.java:lambda$new$0(51)) - fb7bce6a-1cd3-4beb-8a28-448fd0b8448e@group-E38CCF0B2F7E->3cc51d6b-e891-4e52-b01b-ce9c9a895fa2: nextIndex: updateUnconditionally 0 -> 0
2019-11-11 20:28:43,799 [grpc-default-executor-1] WARN  server.GrpcLogAppender (LogUtils.java:warn(134)) - fb7bce6a-1cd3-4beb-8a28-448fd0b8448e@group-E38CCF0B2F7E->75be7957-289d-4245-a821-fc5677a0cfb7-AppendLogResponseHandler: Failed appendEntries: org.apache.ratis.thirdparty.io.grpc.StatusRuntimeException: UNAVAILABLE: io exception
2019-11-11 20:28:43,799 [grpc-default-executor-1] INFO  impl.FollowerInfo (FollowerInfo.java:lambda$new$0(51)) - fb7bce6a-1cd3-4beb-8a28-448fd0b8448e@group-E38CCF0B2F7E->75be7957-289d-4245-a821-fc5677a0cfb7: nextIndex: updateUnconditionally 0 -> 0
2019-11-11 20:28:43,802 [grpc-default-executor-6] WARN  server.GrpcLogAppender (LogUtils.java:warn(134)) - fb7bce6a-1cd3-4beb-8a28-448fd0b8448e@group-E38CCF0B2F7E->3cc51d6b-e891-4e52-b01b-ce9c9a895fa2-AppendLogResponseHandler: Failed appendEntries: org.apache.ratis.thirdparty.io.grpc.StatusRuntimeException: UNAVAILABLE: io exception
2019-11-11 20:28:43,802 [grpc-default-executor-6] INFO  impl.FollowerInfo (FollowerInfo.java:lambda$new$0(51)) - fb7bce6a-1cd3-4beb-8a28-448fd0b8448e@group-E38CCF0B2F7E->3cc51d6b-e891-4e52-b01b-ce9c9a895fa2: nextIndex: updateUnconditionally 0 -> 0
2019-11-11 20:28:44,305 [grpc-default-executor-4] WARN  server.GrpcLogAppender (LogUtils.java:warn(134)) - fb7bce6a-1cd3-4beb-8a28-448fd0b8448e@group-E38CCF0B2F7E->75be7957-289d-4245-a821-fc5677a0cfb7-AppendLogResponseHandler: Failed appendEntries: org.apache.ratis.thirdparty.io.grpc.StatusRuntimeException: UNAVAILABLE: io exception
2019-11-11 20:28:44,305 [grpc-default-executor-6] WARN  server.GrpcLogAppender (LogUtils.java:warn(134)) - fb7bce6a-1cd3-4beb-8a28-448fd0b8448e@group-E38CCF0B2F7E->3cc51d6b-e891-4e52-b01b-ce9c9a895fa2-AppendLogResponseHandler: Failed appendEntries: org.apache.ratis.thirdparty.io.grpc.StatusRuntimeException: UNAVAILABLE: io exception
2019-11-11 20:28:44,306 [grpc-default-executor-4] INFO  impl.FollowerInfo (FollowerInfo.java:lambda$new$0(51)) - fb7bce6a-1cd3-4beb-8a28-448fd0b8448e@group-E38CCF0B2F7E->75be7957-289d-4245-a821-fc5677a0cfb7: nextIndex: updateUnconditionally 0 -> 0
2019-11-11 20:28:44,306 [grpc-default-executor-6] INFO  impl.FollowerInfo (FollowerInfo.java:lambda$new$0(51)) - fb7bce6a-1cd3-4beb-8a28-448fd0b8448e@group-E38CCF0B2F7E->3cc51d6b-e891-4e52-b01b-ce9c9a895fa2: nextIndex: updateUnconditionally 0 -> 0
2019-11-11 20:28:44,806 [grpc-default-executor-6] WARN  server.GrpcLogAppender (LogUtils.java:warn(134)) - fb7bce6a-1cd3-4beb-8a28-448fd0b8448e@group-E38CCF0B2F7E->75be7957-289d-4245-a821-fc5677a0cfb7-AppendLogResponseHandler: Failed appendEntries: org.apache.ratis.thirdparty.io.grpc.StatusRuntimeException: UNAVAILABLE: io exception
2019-11-11 20:28:44,806 [grpc-default-executor-4] WARN  server.GrpcLogAppender (LogUtils.java:warn(134)) - fb7bce6a-1cd3-4beb-8a28-448fd0b8448e@group-E38CCF0B2F7E->3cc51d6b-e891-4e52-b01b-ce9c9a895fa2-AppendLogResponseHandler: Failed appendEntries: org.apache.ratis.thirdparty.io.grpc.StatusRuntimeException: UNAVAILABLE: io exception
2019-11-11 20:28:44,807 [grpc-default-executor-6] INFO  impl.FollowerInfo (FollowerInfo.java:lambda$new$0(51)) - fb7bce6a-1cd3-4beb-8a28-448fd0b8448e@group-E38CCF0B2F7E->75be7957-289d-4245-a821-fc5677a0cfb7: nextIndex: updateUnconditionally 0 -> 0
2019-11-11 20:28:44,807 [grpc-default-executor-4] INFO  impl.FollowerInfo (FollowerInfo.java:lambda$new$0(51)) - fb7bce6a-1cd3-4beb-8a28-448fd0b8448e@group-E38CCF0B2F7E->3cc51d6b-e891-4e52-b01b-ce9c9a895fa2: nextIndex: updateUnconditionally 0 -> 0
2019-11-11 20:28:45,131 [main] INFO  ozoneimpl.OzoneContainer (OzoneContainer.java:stop(232)) - Attempting to stop container services.
2019-11-11 20:28:45,132 [main] INFO  impl.RaftServerProxy (RaftServerProxy.java:lambda$close$4(314)) - fb7bce6a-1cd3-4beb-8a28-448fd0b8448e: close
2019-11-11 20:28:45,133 [main] INFO  impl.RaftServerImpl (RaftServerImpl.java:lambda$shutdown$3(250)) - fb7bce6a-1cd3-4beb-8a28-448fd0b8448e@group-E38CCF0B2F7E: shutdown
2019-11-11 20:28:45,133 [main] INFO  util.JmxRegister (JmxRegister.java:unregister(73)) - Successfully un-registered JMX Bean with object name Ratis:service=RaftServer,group=group-E38CCF0B2F7E,id=fb7bce6a-1cd3-4beb-8a28-448fd0b8448e
2019-11-11 20:28:45,133 [main] INFO  impl.RoleInfo (RoleInfo.java:shutdownLeaderState(104)) - fb7bce6a-1cd3-4beb-8a28-448fd0b8448e: shutdown LeaderState
2019-11-11 20:28:45,137 [main] INFO  impl.PendingRequests (PendingRequests.java:sendNotLeaderResponses(206)) - fb7bce6a-1cd3-4beb-8a28-448fd0b8448e@group-E38CCF0B2F7E-PendingRequests: sendNotLeaderResponses
2019-11-11 20:28:45,137 [org.apache.ratis.server.impl.LogAppender$AppenderDaemon$$Lambda$443/882596722@73da56a1] WARN  server.GrpcLogAppender (GrpcLogAppender.java:mayWait(151)) - fb7bce6a-1cd3-4beb-8a28-448fd0b8448e@group-E38CCF0B2F7E->3cc51d6b-e891-4e52-b01b-ce9c9a895fa2-GrpcLogAppender: Wait interrupted by java.lang.InterruptedException
2019-11-11 20:28:45,137 [org.apache.ratis.server.impl.LogAppender$AppenderDaemon$$Lambda$443/882596722@4ed89ad5] WARN  server.GrpcLogAppender (GrpcLogAppender.java:mayWait(151)) - fb7bce6a-1cd3-4beb-8a28-448fd0b8448e@group-E38CCF0B2F7E->75be7957-289d-4245-a821-fc5677a0cfb7-GrpcLogAppender: Wait interrupted by java.lang.InterruptedException
2019-11-11 20:28:45,137 [ForkJoinPool.commonPool-worker-0] INFO  ozoneimpl.OzoneContainer (OzoneContainer.java:stop(232)) - Attempting to stop container services.
2019-11-11 20:28:45,138 [main] INFO  impl.StateMachineUpdater (StateMachineUpdater.java:stopAndJoin(136)) - fb7bce6a-1cd3-4beb-8a28-448fd0b8448e@group-E38CCF0B2F7E-StateMachineUpdater: set stopIndex = 5
2019-11-11 20:28:45,138 [ForkJoinPool.commonPool-worker-0] INFO  impl.RaftServerProxy (RaftServerProxy.java:lambda$close$4(314)) - f9a7ecd3-e7a4-4080-bb37-5ca61c0ec681: close
2019-11-11 20:28:45,139 [fb7bce6a-1cd3-4beb-8a28-448fd0b8448e@group-E38CCF0B2F7E-StateMachineUpdater] INFO  ratis.ContainerStateMachine (ContainerStateMachine.java:takeSnapshot(285)) - group-E38CCF0B2F7E: Taking a snapshot at:(t:1, i:2) file /workdir/hadoop-ozone/integration-test/target/test-dir/MiniOzoneClusterImpl-878a1954-6462-47b6-bdcc-bab86c556cb3/datanode-7/data/ratis/96c2848f-93e6-486b-aacd-e38ccf0b2f7e/sm/snapshot.1_2
2019-11-11 20:28:45,139 [ForkJoinPool.commonPool-worker-0] INFO  impl.RaftServerImpl (RaftServerImpl.java:lambda$shutdown$3(250)) - f9a7ecd3-e7a4-4080-bb37-5ca61c0ec681@group-0F6DDCC91F53: shutdown
2019-11-11 20:28:45,139 [ForkJoinPool.commonPool-worker-0] INFO  util.JmxRegister (JmxRegister.java:unregister(73)) - Successfully un-registered JMX Bean with object name Ratis:service=RaftServer,group=group-0F6DDCC91F53,id=f9a7ecd3-e7a4-4080-bb37-5ca61c0ec681
2019-11-11 20:28:45,140 [ForkJoinPool.commonPool-worker-0] INFO  impl.RoleInfo (RoleInfo.java:shutdownLeaderState(104)) - f9a7ecd3-e7a4-4080-bb37-5ca61c0ec681: shutdown LeaderState
2019-11-11 20:28:45,140 [ForkJoinPool.commonPool-worker-0] INFO  impl.PendingRequests (PendingRequests.java:sendNotLeaderResponses(206)) - f9a7ecd3-e7a4-4080-bb37-5ca61c0ec681@group-0F6DDCC91F53-PendingRequests: sendNotLeaderResponses
2019-11-11 20:28:45,140 [ForkJoinPool.commonPool-worker-0] INFO  impl.StateMachineUpdater (StateMachineUpdater.java:stopAndJoin(136)) - f9a7ecd3-e7a4-4080-bb37-5ca61c0ec681@group-0F6DDCC91F53-StateMachineUpdater: set stopIndex = 0
2019-11-11 20:28:45,142 [ForkJoinPool.commonPool-worker-0] INFO  impl.RaftServerImpl (ServerState.java:close(387)) - f9a7ecd3-e7a4-4080-bb37-5ca61c0ec681@group-0F6DDCC91F53: closes. applyIndex: 0
2019-11-11 20:28:45,143 [f9a7ecd3-e7a4-4080-bb37-5ca61c0ec681@group-0F6DDCC91F53-SegmentedRaftLogWorker] INFO  segmented.SegmentedRaftLogWorker (SegmentedRaftLogWorker.java:run(316)) - f9a7ecd3-e7a4-4080-bb37-5ca61c0ec681@group-0F6DDCC91F53-SegmentedRaftLogWorker was interrupted, exiting. There are 0 tasks remaining in the queue.
2019-11-11 20:28:45,143 [ForkJoinPool.commonPool-worker-0] INFO  segmented.SegmentedRaftLogWorker (SegmentedRaftLogWorker.java:close(224)) - f9a7ecd3-e7a4-4080-bb37-5ca61c0ec681@group-0F6DDCC91F53-SegmentedRaftLogWorker close()
2019-11-11 20:28:45,145 [ForkJoinPool.commonPool-worker-0] INFO  server.GrpcService (GrpcService.java:closeImpl(164)) - f9a7ecd3-e7a4-4080-bb37-5ca61c0ec681: shutdown server with port 39904 now
2019-11-11 20:28:45,147 [ForkJoinPool.commonPool-worker-0] INFO  server.GrpcService (GrpcService.java:closeImpl(172)) - f9a7ecd3-e7a4-4080-bb37-5ca61c0ec681: shutdown server with port 39904 successfully
2019-11-11 20:28:45,149 [refreshUsed-/workdir/hadoop-ozone/integration-test/target/test-dir/MiniOzoneClusterImpl-878a1954-6462-47b6-bdcc-bab86c556cb3/datanode-1/data/containers] WARN  fs.CachingGetSpaceUsed (CachingGetSpaceUsed.java:run(183)) - Thread Interrupted waiting to refresh disk information: sleep interrupted
2019-11-11 20:28:45,165 [ForkJoinPool.commonPool-worker-0] INFO  utils.BackgroundService (BackgroundService.java:shutdown(151)) - Shutting down service BlockDeletingService
2019-11-11 20:28:45,167 [fb7bce6a-1cd3-4beb-8a28-448fd0b8448e@group-E38CCF0B2F7E-StateMachineUpdater] INFO  ratis.ContainerStateMachine (ContainerStateMachine.java:takeSnapshot(296)) - group-E38CCF0B2F7E: Finished taking a snapshot at:(t:1, i:2) file:/workdir/hadoop-ozone/integration-test/target/test-dir/MiniOzoneClusterImpl-878a1954-6462-47b6-bdcc-bab86c556cb3/datanode-7/data/ratis/96c2848f-93e6-486b-aacd-e38ccf0b2f7e/sm/snapshot.1_2 time:28
2019-11-11 20:28:45,167 [ForkJoinPool.commonPool-worker-0] INFO  statemachine.DatanodeStateMachine (DatanodeStateMachine.java:stopDaemon(395)) - Ozone container server stopped.
2019-11-11 20:28:45,169 [fb7bce6a-1cd3-4beb-8a28-448fd0b8448e@group-E38CCF0B2F7E-StateMachineUpdater] INFO  impl.StateMachineUpdater (StateMachineUpdater.java:takeSnapshot(269)) - fb7bce6a-1cd3-4beb-8a28-448fd0b8448e@group-E38CCF0B2F7E-StateMachineUpdater: Took a snapshot at index 2
2019-11-11 20:28:45,169 [fb7bce6a-1cd3-4beb-8a28-448fd0b8448e@group-E38CCF0B2F7E-StateMachineUpdater] INFO  impl.StateMachineUpdater (StateMachineUpdater.java:lambda$new$0(84)) - fb7bce6a-1cd3-4beb-8a28-448fd0b8448e@group-E38CCF0B2F7E-StateMachineUpdater: snapshotIndex: updateIncreasingly -1 -> 2
2019-11-11 20:28:45,169 [fb7bce6a-1cd3-4beb-8a28-448fd0b8448e@group-E38CCF0B2F7E-StateMachineUpdater] INFO  ratis.ContainerStateMachine (ContainerStateMachine.java:takeSnapshot(285)) - group-E38CCF0B2F7E: Taking a snapshot at:(t:1, i:2) file /workdir/hadoop-ozone/integration-test/target/test-dir/MiniOzoneClusterImpl-878a1954-6462-47b6-bdcc-bab86c556cb3/datanode-7/data/ratis/96c2848f-93e6-486b-aacd-e38ccf0b2f7e/sm/snapshot.1_2
2019-11-11 20:28:45,181 [ForkJoinPool.commonPool-worker-0] INFO  handler.ContextHandler (ContextHandler.java:doStop(910)) - Stopped o.e.j.w.WebAppContext@c9b5a99{/,null,UNAVAILABLE}{/hddsDatanode}
2019-11-11 20:28:45,182 [ForkJoinPool.commonPool-worker-0] INFO  server.AbstractConnector (AbstractConnector.java:doStop(318)) - Stopped ServerConnector@70be89ec{HTTP/1.1,[http/1.1]}{0.0.0.0:0}
2019-11-11 20:28:45,183 [ForkJoinPool.commonPool-worker-0] INFO  handler.ContextHandler (ContextHandler.java:doStop(910)) - Stopped o.e.j.s.ServletContextHandler@6b063470{/static,jar:file:/home/user/.m2/repository/org/apache/hadoop/hadoop-hdds-container-service/0.5.0-SNAPSHOT/hadoop-hdds-container-service-0.5.0-SNAPSHOT.jar!/webapps/static,UNAVAILABLE}
2019-11-11 20:28:45,184 [ForkJoinPool.commonPool-worker-0] INFO  handler.ContextHandler (ContextHandler.java:doStop(910)) - Stopped o.e.j.s.ServletContextHandler@2c8b8de0{/logs,file:///workdir/hadoop-ozone/integration-test/target/log,UNAVAILABLE}
2019-11-11 20:28:45,185 [ForkJoinPool.commonPool-worker-0] INFO  impl.RaftServerImpl (RaftServerImpl.java:lambda$shutdown$3(250)) - fb7bce6a-1cd3-4beb-8a28-448fd0b8448e@group-DD97666EF66C: shutdown
2019-11-11 20:28:45,185 [ForkJoinPool.commonPool-worker-0] INFO  util.JmxRegister (JmxRegister.java:unregister(73)) - Successfully un-registered JMX Bean with object name Ratis:service=RaftServer,group=group-DD97666EF66C,id=fb7bce6a-1cd3-4beb-8a28-448fd0b8448e
2019-11-11 20:28:45,185 [ForkJoinPool.commonPool-worker-0] INFO  impl.RoleInfo (RoleInfo.java:shutdownLeaderState(104)) - fb7bce6a-1cd3-4beb-8a28-448fd0b8448e: shutdown LeaderState
2019-11-11 20:28:45,185 [ForkJoinPool.commonPool-worker-0] INFO  impl.PendingRequests (PendingRequests.java:sendNotLeaderResponses(206)) - fb7bce6a-1cd3-4beb-8a28-448fd0b8448e@group-DD97666EF66C-PendingRequests: sendNotLeaderResponses
2019-11-11 20:28:45,186 [ForkJoinPool.commonPool-worker-0] INFO  impl.StateMachineUpdater (StateMachineUpdater.java:stopAndJoin(136)) - fb7bce6a-1cd3-4beb-8a28-448fd0b8448e@group-DD97666EF66C-StateMachineUpdater: set stopIndex = 0
2019-11-11 20:28:45,186 [ForkJoinPool.commonPool-worker-0] INFO  impl.RaftServerImpl (ServerState.java:close(387)) - fb7bce6a-1cd3-4beb-8a28-448fd0b8448e@group-DD97666EF66C: closes. applyIndex: 0
2019-11-11 20:28:45,186 [fb7bce6a-1cd3-4beb-8a28-448fd0b8448e@group-DD97666EF66C-SegmentedRaftLogWorker] INFO  segmented.SegmentedRaftLogWorker (SegmentedRaftLogWorker.java:run(316)) - fb7bce6a-1cd3-4beb-8a28-448fd0b8448e@group-DD97666EF66C-SegmentedRaftLogWorker was interrupted, exiting. There are 0 tasks remaining in the queue.
2019-11-11 20:28:45,186 [ForkJoinPool.commonPool-worker-0] INFO  segmented.SegmentedRaftLogWorker (SegmentedRaftLogWorker.java:close(224)) - fb7bce6a-1cd3-4beb-8a28-448fd0b8448e@group-DD97666EF66C-SegmentedRaftLogWorker close()
2019-11-11 20:28:45,192 [fb7bce6a-1cd3-4beb-8a28-448fd0b8448e@group-E38CCF0B2F7E-StateMachineUpdater] INFO  ratis.ContainerStateMachine (ContainerStateMachine.java:takeSnapshot(296)) - group-E38CCF0B2F7E: Finished taking a snapshot at:(t:1, i:2) file:/workdir/hadoop-ozone/integration-test/target/test-dir/MiniOzoneClusterImpl-878a1954-6462-47b6-bdcc-bab86c556cb3/datanode-7/data/ratis/96c2848f-93e6-486b-aacd-e38ccf0b2f7e/sm/snapshot.1_2 time:23
2019-11-11 20:28:45,192 [fb7bce6a-1cd3-4beb-8a28-448fd0b8448e@group-E38CCF0B2F7E-StateMachineUpdater] INFO  impl.StateMachineUpdater (StateMachineUpdater.java:takeSnapshot(269)) - fb7bce6a-1cd3-4beb-8a28-448fd0b8448e@group-E38CCF0B2F7E-StateMachineUpdater: Took a snapshot at index 2
2019-11-11 20:28:45,192 [fb7bce6a-1cd3-4beb-8a28-448fd0b8448e@group-E38CCF0B2F7E-StateMachineUpdater] INFO  impl.StateMachineUpdater (StateMachineUpdater.java:lambda$new$0(84)) - fb7bce6a-1cd3-4beb-8a28-448fd0b8448e@group-E38CCF0B2F7E-StateMachineUpdater: snapshotIndex: updateIncreasingly 2 -> 2
2019-11-11 20:28:45,192 [main] INFO  impl.RaftServerImpl (ServerState.java:close(387)) - fb7bce6a-1cd3-4beb-8a28-448fd0b8448e@group-E38CCF0B2F7E: closes. applyIndex: 5
2019-11-11 20:28:45,193 [fb7bce6a-1cd3-4beb-8a28-448fd0b8448e@group-E38CCF0B2F7E-SegmentedRaftLogWorker] INFO  segmented.SegmentedRaftLogWorker (SegmentedRaftLogWorker.java:run(316)) - fb7bce6a-1cd3-4beb-8a28-448fd0b8448e@group-E38CCF0B2F7E-SegmentedRaftLogWorker was interrupted, exiting. There are 0 tasks remaining in the queue.
2019-11-11 20:28:45,193 [main] INFO  segmented.SegmentedRaftLogWorker (SegmentedRaftLogWorker.java:close(224)) - fb7bce6a-1cd3-4beb-8a28-448fd0b8448e@group-E38CCF0B2F7E-SegmentedRaftLogWorker close()
2019-11-11 20:28:45,194 [main] INFO  server.GrpcService (GrpcService.java:closeImpl(164)) - fb7bce6a-1cd3-4beb-8a28-448fd0b8448e: shutdown server with port 37289 now
2019-11-11 20:28:45,195 [main] INFO  server.GrpcService (GrpcService.java:closeImpl(172)) - fb7bce6a-1cd3-4beb-8a28-448fd0b8448e: shutdown server with port 37289 successfully
2019-11-11 20:28:45,197 [refreshUsed-/workdir/hadoop-ozone/integration-test/target/test-dir/MiniOzoneClusterImpl-878a1954-6462-47b6-bdcc-bab86c556cb3/datanode-7/data/containers] WARN  fs.CachingGetSpaceUsed (CachingGetSpaceUsed.java:run(183)) - Thread Interrupted waiting to refresh disk information: sleep interrupted
2019-11-11 20:28:45,214 [main] INFO  utils.BackgroundService (BackgroundService.java:shutdown(151)) - Shutting down service BlockDeletingService
2019-11-11 20:28:45,216 [main] INFO  statemachine.DatanodeStateMachine (DatanodeStateMachine.java:stopDaemon(395)) - Ozone container server stopped.
2019-11-11 20:28:45,217 [main] INFO  handler.ContextHandler (ContextHandler.java:doStop(910)) - Stopped o.e.j.w.WebAppContext@5002fde9{/,null,UNAVAILABLE}{/hddsDatanode}
2019-11-11 20:28:45,217 [main] INFO  server.AbstractConnector (AbstractConnector.java:doStop(318)) - Stopped ServerConnector@6f96dd64{HTTP/1.1,[http/1.1]}{0.0.0.0:0}
2019-11-11 20:28:45,218 [main] INFO  handler.ContextHandler (ContextHandler.java:doStop(910)) - Stopped o.e.j.s.ServletContextHandler@230232b0{/static,jar:file:/home/user/.m2/repository/org/apache/hadoop/hadoop-hdds-container-service/0.5.0-SNAPSHOT/hadoop-hdds-container-service-0.5.0-SNAPSHOT.jar!/webapps/static,UNAVAILABLE}
2019-11-11 20:28:45,218 [main] INFO  handler.ContextHandler (ContextHandler.java:doStop(910)) - Stopped o.e.j.s.ServletContextHandler@e0d1dc4{/logs,file:///workdir/hadoop-ozone/integration-test/target/log,UNAVAILABLE}
2019-11-11 20:28:45,219 [main] INFO  ozone.MiniOzoneClusterImpl (MiniOzoneClusterImpl.java:stopSCM(430)) - Stopping the StorageContainerManager
2019-11-11 20:28:45,219 [main] INFO  server.StorageContainerManager (StorageContainerManager.java:stop(802)) - Stopping Replication Manager Service.
2019-11-11 20:28:45,219 [main] INFO  container.ReplicationManager (ReplicationManager.java:stop(203)) - Stopping Replication Monitor Thread.
2019-11-11 20:28:45,220 [main] INFO  server.StorageContainerManager (StorageContainerManager.java:stop(809)) - Stopping Lease Manager of the command watchers
2019-11-11 20:28:45,220 [main] INFO  server.StorageContainerManager (StorageContainerManager.java:stop(816)) - Stopping datanode service RPC server
2019-11-11 20:28:45,220 [main] INFO  server.SCMDatanodeProtocolServer (SCMDatanodeProtocolServer.java:stop(346)) - Stopping the RPC server for DataNodes
2019-11-11 20:28:45,220 [main] INFO  ipc.Server (Server.java:stop(3082)) - Stopping server on 38257
2019-11-11 20:28:45,223 [IPC Server listener on 38257] INFO  ipc.Server (Server.java:run(1185)) - Stopping IPC Server listener on 38257
2019-11-11 20:28:45,224 [IPC Server Responder] INFO  ipc.Server (Server.java:run(1319)) - Stopping IPC Server Responder
2019-11-11 20:28:45,319 [SCM Heartbeat Processing Thread - 0] WARN  node.NodeStateManager (NodeStateManager.java:scheduleNextHealthCheck(646)) - Current Thread is interrupted, shutting down HB processing thread for Node Manager.
2019-11-11 20:28:45,320 [main] INFO  server.StorageContainerManager (StorageContainerManager.java:stop(824)) - Stopping block service RPC server
2019-11-11 20:28:45,320 [main] INFO  server.SCMBlockProtocolServer (SCMBlockProtocolServer.java:stop(155)) - Stopping the RPC server for Block Protocol
2019-11-11 20:28:45,320 [main] INFO  ipc.Server (Server.java:stop(3082)) - Stopping server on 40533
2019-11-11 20:28:45,322 [IPC Server listener on 40533] INFO  ipc.Server (Server.java:run(1185)) - Stopping IPC Server listener on 40533
2019-11-11 20:28:45,323 [main] INFO  server.StorageContainerManager (StorageContainerManager.java:stop(831)) - Stopping the StorageContainerLocationProtocol RPC server
2019-11-11 20:28:45,323 [IPC Server Responder] INFO  ipc.Server (Server.java:run(1319)) - Stopping IPC Server Responder
2019-11-11 20:28:45,324 [main] INFO  server.SCMClientProtocolServer (SCMClientProtocolServer.java:stop(168)) - Stopping the RPC server for Client Protocol
2019-11-11 20:28:45,324 [main] INFO  ipc.Server (Server.java:stop(3082)) - Stopping server on 35157
2019-11-11 20:28:45,326 [IPC Server listener on 35157] INFO  ipc.Server (Server.java:run(1185)) - Stopping IPC Server listener on 35157
2019-11-11 20:28:45,326 [main] INFO  server.StorageContainerManager (StorageContainerManager.java:stop(838)) - Stopping Storage Container Manager HTTP server.
2019-11-11 20:28:45,328 [IPC Server Responder] INFO  ipc.Server (Server.java:run(1319)) - Stopping IPC Server Responder
2019-11-11 20:28:45,329 [main] INFO  handler.ContextHandler (ContextHandler.java:doStop(910)) - Stopped o.e.j.w.WebAppContext@21e5f0b6{/,null,UNAVAILABLE}{/scm}
2019-11-11 20:28:45,329 [main] INFO  server.AbstractConnector (AbstractConnector.java:doStop(318)) - Stopped ServerConnector@93bf0e0{HTTP/1.1,[http/1.1]}{0.0.0.0:0}
2019-11-11 20:28:45,330 [main] INFO  handler.ContextHandler (ContextHandler.java:doStop(910)) - Stopped o.e.j.s.ServletContextHandler@544e3679{/static,file:///workdir/hadoop-ozone/integration-test/target/test-classes/webapps/static,UNAVAILABLE}
2019-11-11 20:28:45,330 [main] INFO  handler.ContextHandler (ContextHandler.java:doStop(910)) - Stopped o.e.j.s.ServletContextHandler@23bd0c81{/logs,file:///workdir/hadoop-ozone/integration-test/target/log,UNAVAILABLE}
2019-11-11 20:28:45,331 [main] INFO  server.StorageContainerManager (StorageContainerManager.java:stop(849)) - Stopping Block Manager Service.
2019-11-11 20:28:45,331 [main] INFO  utils.BackgroundService (BackgroundService.java:shutdown(151)) - Shutting down service SCMBlockDeletingService
2019-11-11 20:28:45,332 [main] INFO  utils.BackgroundService (BackgroundService.java:shutdown(151)) - Shutting down service SCMBlockDeletingService
2019-11-11 20:28:45,332 [main] INFO  server.StorageContainerManager (StorageContainerManager.java:stop(871)) - Stopping SCM Event Queue.
2019-11-11 20:28:45,338 [main] INFO  impl.MetricsSystemImpl (MetricsSystemImpl.java:stop(210)) - Stopping HddsDatanode metrics system...
2019-11-11 20:28:45,358 [main] INFO  impl.MetricsSystemImpl (MetricsSystemImpl.java:stop(216)) - HddsDatanode metrics system stopped.
]]></system-out>
    <system-err><![CDATA[Nov 11, 2019 8:28:24 PM org.apache.ratis.thirdparty.io.grpc.internal.SerializingExecutor run
SEVERE: Exception while executing runnable org.apache.ratis.thirdparty.io.grpc.internal.ServerImpl$JumpToApplicationThreadServerStreamListener$1Closed@76117988
org.apache.ratis.thirdparty.io.grpc.StatusRuntimeException: CANCELLED: call already cancelled
	at org.apache.ratis.thirdparty.io.grpc.Status.asRuntimeException(Status.java:517)
	at org.apache.ratis.thirdparty.io.grpc.stub.ServerCalls$ServerCallStreamObserverImpl.onCompleted(ServerCalls.java:356)
	at org.apache.ratis.grpc.server.GrpcServerProtocolService$ServerRequestStreamObserver.onError(GrpcServerProtocolService.java:121)
	at org.apache.ratis.thirdparty.io.grpc.stub.ServerCalls$StreamingServerCallHandler$StreamingServerCallListener.onCancel(ServerCalls.java:269)
	at org.apache.ratis.thirdparty.io.grpc.internal.ServerCallImpl$ServerStreamListenerImpl.closed(ServerCallImpl.java:293)
	at org.apache.ratis.thirdparty.io.grpc.internal.ServerImpl$JumpToApplicationThreadServerStreamListener$1Closed.runInContext(ServerImpl.java:741)
	at org.apache.ratis.thirdparty.io.grpc.internal.ContextRunnable.run(ContextRunnable.java:37)
	at org.apache.ratis.thirdparty.io.grpc.internal.SerializingExecutor.run(SerializingExecutor.java:123)
	at java.util.concurrent.ThreadPoolExecutor.runWorker(ThreadPoolExecutor.java:1149)
	at java.util.concurrent.ThreadPoolExecutor$Worker.run(ThreadPoolExecutor.java:624)
	at java.lang.Thread.run(Thread.java:748)

Nov 11, 2019 8:28:26 PM org.apache.ratis.thirdparty.io.grpc.internal.ManagedChannelOrphanWrapper$ManagedChannelReference cleanQueue
SEVERE: *~*~*~ Channel ManagedChannelImpl{logId=4499, target=192.168.69.124:34798} was not shutdown properly!!! ~*~*~*
    Make sure to call shutdown()/shutdownNow() and wait until awaitTermination() returns true.
java.lang.RuntimeException: ManagedChannel allocation site
	at org.apache.ratis.thirdparty.io.grpc.internal.ManagedChannelOrphanWrapper$ManagedChannelReference.<init>(ManagedChannelOrphanWrapper.java:103)
	at org.apache.ratis.thirdparty.io.grpc.internal.ManagedChannelOrphanWrapper.<init>(ManagedChannelOrphanWrapper.java:53)
	at org.apache.ratis.thirdparty.io.grpc.internal.ManagedChannelOrphanWrapper.<init>(ManagedChannelOrphanWrapper.java:44)
	at org.apache.ratis.thirdparty.io.grpc.internal.AbstractManagedChannelImplBuilder.build(AbstractManagedChannelImplBuilder.java:411)
	at org.apache.hadoop.hdds.scm.XceiverClientGrpc.connectToDatanode(XceiverClientGrpc.java:189)
	at org.apache.hadoop.hdds.scm.XceiverClientGrpc.connect(XceiverClientGrpc.java:138)
	at org.apache.hadoop.hdds.scm.XceiverClientManager$2.call(XceiverClientManager.java:242)
	at org.apache.hadoop.hdds.scm.XceiverClientManager$2.call(XceiverClientManager.java:226)
	at com.google.common.cache.LocalCache$LocalManualCache$1.load(LocalCache.java:4767)
	at com.google.common.cache.LocalCache$LoadingValueReference.loadFuture(LocalCache.java:3568)
	at com.google.common.cache.LocalCache$Segment.loadSync(LocalCache.java:2350)
	at com.google.common.cache.LocalCache$Segment.lockedGetOrLoad(LocalCache.java:2313)
	at com.google.common.cache.LocalCache$Segment.get(LocalCache.java:2228)
	at com.google.common.cache.LocalCache.get(LocalCache.java:3965)
	at com.google.common.cache.LocalCache$LocalManualCache.get(LocalCache.java:4764)
	at org.apache.hadoop.hdds.scm.XceiverClientManager.getClient(XceiverClientManager.java:226)
	at org.apache.hadoop.hdds.scm.XceiverClientManager.acquireClient(XceiverClientManager.java:172)
	at org.apache.hadoop.hdds.scm.XceiverClientManager.acquireClientForReadData(XceiverClientManager.java:162)
	at org.apache.hadoop.hdds.scm.storage.BlockInputStream.getChunkInfos(BlockInputStream.java:154)
	at org.apache.hadoop.hdds.scm.storage.BlockInputStream.initialize(BlockInputStream.java:118)
	at org.apache.hadoop.hdds.scm.storage.BlockInputStream.read(BlockInputStream.java:224)
	at org.apache.hadoop.ozone.client.io.KeyInputStream.read(KeyInputStream.java:173)
	at org.apache.hadoop.ozone.client.io.OzoneInputStream.read(OzoneInputStream.java:47)
	at java.io.InputStream.read(InputStream.java:101)
	at org.apache.hadoop.ozone.container.ContainerTestHelper.validateData(ContainerTestHelper.java:754)
	at org.apache.hadoop.ozone.client.rpc.TestFailureHandlingByClient.validateData(TestFailureHandlingByClient.java:413)
	at org.apache.hadoop.ozone.client.rpc.TestFailureHandlingByClient.testBlockWritesWithDnFailures(TestFailureHandlingByClient.java:172)
	at sun.reflect.NativeMethodAccessorImpl.invoke0(Native Method)
	at sun.reflect.NativeMethodAccessorImpl.invoke(NativeMethodAccessorImpl.java:62)
	at sun.reflect.DelegatingMethodAccessorImpl.invoke(DelegatingMethodAccessorImpl.java:43)
	at java.lang.reflect.Method.invoke(Method.java:498)
	at org.junit.runners.model.FrameworkMethod$1.runReflectiveCall(FrameworkMethod.java:47)
	at org.junit.internal.runners.model.ReflectiveCallable.run(ReflectiveCallable.java:12)
	at org.junit.runners.model.FrameworkMethod.invokeExplosively(FrameworkMethod.java:44)
	at org.junit.internal.runners.statements.InvokeMethod.evaluate(InvokeMethod.java:17)
	at org.junit.internal.runners.statements.RunAfters.evaluate(RunAfters.java:27)
	at org.junit.runners.ParentRunner.runLeaf(ParentRunner.java:271)
	at org.junit.runners.BlockJUnit4ClassRunner.runChild(BlockJUnit4ClassRunner.java:70)
	at org.junit.runners.BlockJUnit4ClassRunner.runChild(BlockJUnit4ClassRunner.java:50)
	at org.junit.runners.ParentRunner$3.run(ParentRunner.java:238)
	at org.junit.runners.ParentRunner$1.schedule(ParentRunner.java:63)
	at org.junit.runners.ParentRunner.runChildren(ParentRunner.java:236)
	at org.junit.runners.ParentRunner.access$000(ParentRunner.java:53)
	at org.junit.runners.ParentRunner$2.evaluate(ParentRunner.java:229)
	at org.junit.runners.ParentRunner.run(ParentRunner.java:309)
	at org.apache.maven.surefire.junit4.JUnit4Provider.execute(JUnit4Provider.java:365)
	at org.apache.maven.surefire.junit4.JUnit4Provider.executeWithRerun(JUnit4Provider.java:273)
	at org.apache.maven.surefire.junit4.JUnit4Provider.executeTestSet(JUnit4Provider.java:238)
	at org.apache.maven.surefire.junit4.JUnit4Provider.invoke(JUnit4Provider.java:159)
	at org.apache.maven.surefire.booter.ForkedBooter.invokeProviderInSameClassLoader(ForkedBooter.java:384)
	at org.apache.maven.surefire.booter.ForkedBooter.runSuitesInProcess(ForkedBooter.java:345)
	at org.apache.maven.surefire.booter.ForkedBooter.execute(ForkedBooter.java:126)
	at org.apache.maven.surefire.booter.ForkedBooter.main(ForkedBooter.java:418)

Nov 11, 2019 8:28:26 PM org.apache.ratis.thirdparty.io.grpc.internal.ManagedChannelOrphanWrapper$ManagedChannelReference cleanQueue
SEVERE: *~*~*~ Channel ManagedChannelImpl{logId=4504, target=192.168.69.124:33273} was not shutdown properly!!! ~*~*~*
    Make sure to call shutdown()/shutdownNow() and wait until awaitTermination() returns true.
java.lang.RuntimeException: ManagedChannel allocation site
	at org.apache.ratis.thirdparty.io.grpc.internal.ManagedChannelOrphanWrapper$ManagedChannelReference.<init>(ManagedChannelOrphanWrapper.java:103)
	at org.apache.ratis.thirdparty.io.grpc.internal.ManagedChannelOrphanWrapper.<init>(ManagedChannelOrphanWrapper.java:53)
	at org.apache.ratis.thirdparty.io.grpc.internal.ManagedChannelOrphanWrapper.<init>(ManagedChannelOrphanWrapper.java:44)
	at org.apache.ratis.thirdparty.io.grpc.internal.AbstractManagedChannelImplBuilder.build(AbstractManagedChannelImplBuilder.java:411)
	at org.apache.hadoop.hdds.scm.XceiverClientGrpc.connectToDatanode(XceiverClientGrpc.java:189)
	at org.apache.hadoop.hdds.scm.XceiverClientGrpc.connect(XceiverClientGrpc.java:138)
	at org.apache.hadoop.hdds.scm.XceiverClientManager$2.call(XceiverClientManager.java:242)
	at org.apache.hadoop.hdds.scm.XceiverClientManager$2.call(XceiverClientManager.java:226)
	at com.google.common.cache.LocalCache$LocalManualCache$1.load(LocalCache.java:4767)
	at com.google.common.cache.LocalCache$LoadingValueReference.loadFuture(LocalCache.java:3568)
	at com.google.common.cache.LocalCache$Segment.loadSync(LocalCache.java:2350)
	at com.google.common.cache.LocalCache$Segment.lockedGetOrLoad(LocalCache.java:2313)
	at com.google.common.cache.LocalCache$Segment.get(LocalCache.java:2228)
	at com.google.common.cache.LocalCache.get(LocalCache.java:3965)
	at com.google.common.cache.LocalCache$LocalManualCache.get(LocalCache.java:4764)
	at org.apache.hadoop.hdds.scm.XceiverClientManager.getClient(XceiverClientManager.java:226)
	at org.apache.hadoop.hdds.scm.XceiverClientManager.acquireClient(XceiverClientManager.java:172)
	at org.apache.hadoop.hdds.scm.XceiverClientManager.acquireClientForReadData(XceiverClientManager.java:162)
	at org.apache.hadoop.hdds.scm.storage.BlockInputStream.getChunkInfos(BlockInputStream.java:154)
	at org.apache.hadoop.hdds.scm.storage.BlockInputStream.initialize(BlockInputStream.java:118)
	at org.apache.hadoop.hdds.scm.storage.BlockInputStream.read(BlockInputStream.java:224)
	at org.apache.hadoop.ozone.client.io.KeyInputStream.read(KeyInputStream.java:173)
	at org.apache.hadoop.ozone.client.io.OzoneInputStream.read(OzoneInputStream.java:47)
	at java.io.InputStream.read(InputStream.java:101)
	at org.apache.hadoop.ozone.container.ContainerTestHelper.validateData(ContainerTestHelper.java:754)
	at org.apache.hadoop.ozone.client.rpc.TestFailureHandlingByClient.validateData(TestFailureHandlingByClient.java:413)
	at org.apache.hadoop.ozone.client.rpc.TestFailureHandlingByClient.testBlockWritesWithDnFailures(TestFailureHandlingByClient.java:172)
	at sun.reflect.NativeMethodAccessorImpl.invoke0(Native Method)
	at sun.reflect.NativeMethodAccessorImpl.invoke(NativeMethodAccessorImpl.java:62)
	at sun.reflect.DelegatingMethodAccessorImpl.invoke(DelegatingMethodAccessorImpl.java:43)
	at java.lang.reflect.Method.invoke(Method.java:498)
	at org.junit.runners.model.FrameworkMethod$1.runReflectiveCall(FrameworkMethod.java:47)
	at org.junit.internal.runners.model.ReflectiveCallable.run(ReflectiveCallable.java:12)
	at org.junit.runners.model.FrameworkMethod.invokeExplosively(FrameworkMethod.java:44)
	at org.junit.internal.runners.statements.InvokeMethod.evaluate(InvokeMethod.java:17)
	at org.junit.internal.runners.statements.RunAfters.evaluate(RunAfters.java:27)
	at org.junit.runners.ParentRunner.runLeaf(ParentRunner.java:271)
	at org.junit.runners.BlockJUnit4ClassRunner.runChild(BlockJUnit4ClassRunner.java:70)
	at org.junit.runners.BlockJUnit4ClassRunner.runChild(BlockJUnit4ClassRunner.java:50)
	at org.junit.runners.ParentRunner$3.run(ParentRunner.java:238)
	at org.junit.runners.ParentRunner$1.schedule(ParentRunner.java:63)
	at org.junit.runners.ParentRunner.runChildren(ParentRunner.java:236)
	at org.junit.runners.ParentRunner.access$000(ParentRunner.java:53)
	at org.junit.runners.ParentRunner$2.evaluate(ParentRunner.java:229)
	at org.junit.runners.ParentRunner.run(ParentRunner.java:309)
	at org.apache.maven.surefire.junit4.JUnit4Provider.execute(JUnit4Provider.java:365)
	at org.apache.maven.surefire.junit4.JUnit4Provider.executeWithRerun(JUnit4Provider.java:273)
	at org.apache.maven.surefire.junit4.JUnit4Provider.executeTestSet(JUnit4Provider.java:238)
	at org.apache.maven.surefire.junit4.JUnit4Provider.invoke(JUnit4Provider.java:159)
	at org.apache.maven.surefire.booter.ForkedBooter.invokeProviderInSameClassLoader(ForkedBooter.java:384)
	at org.apache.maven.surefire.booter.ForkedBooter.runSuitesInProcess(ForkedBooter.java:345)
	at org.apache.maven.surefire.booter.ForkedBooter.execute(ForkedBooter.java:126)
	at org.apache.maven.surefire.booter.ForkedBooter.main(ForkedBooter.java:418)

Nov 11, 2019 8:28:26 PM org.apache.ratis.thirdparty.io.grpc.internal.ManagedChannelOrphanWrapper$ManagedChannelReference cleanQueue
SEVERE: *~*~*~ Channel ManagedChannelImpl{logId=4494, target=192.168.69.124:35547} was not shutdown properly!!! ~*~*~*
    Make sure to call shutdown()/shutdownNow() and wait until awaitTermination() returns true.
java.lang.RuntimeException: ManagedChannel allocation site
	at org.apache.ratis.thirdparty.io.grpc.internal.ManagedChannelOrphanWrapper$ManagedChannelReference.<init>(ManagedChannelOrphanWrapper.java:103)
	at org.apache.ratis.thirdparty.io.grpc.internal.ManagedChannelOrphanWrapper.<init>(ManagedChannelOrphanWrapper.java:53)
	at org.apache.ratis.thirdparty.io.grpc.internal.ManagedChannelOrphanWrapper.<init>(ManagedChannelOrphanWrapper.java:44)
	at org.apache.ratis.thirdparty.io.grpc.internal.AbstractManagedChannelImplBuilder.build(AbstractManagedChannelImplBuilder.java:411)
	at org.apache.ratis.grpc.client.GrpcClientProtocolClient.<init>(GrpcClientProtocolClient.java:128)
	at org.apache.ratis.grpc.client.GrpcClientRpc.lambda$new$0(GrpcClientRpc.java:55)
	at org.apache.ratis.util.PeerProxyMap$PeerAndProxy.lambda$getProxy$0(PeerProxyMap.java:62)
	at org.apache.ratis.util.LifeCycle.startAndTransition(LifeCycle.java:202)
	at org.apache.ratis.util.PeerProxyMap$PeerAndProxy.getProxy(PeerProxyMap.java:61)
	at org.apache.ratis.util.PeerProxyMap.getProxy(PeerProxyMap.java:109)
	at org.apache.ratis.grpc.client.GrpcClientRpc.sendRequestAsync(GrpcClientRpc.java:66)
	at org.apache.ratis.client.impl.OrderedAsync.sendRequest(OrderedAsync.java:233)
	at org.apache.ratis.client.impl.OrderedAsync.sendRequestWithRetry(OrderedAsync.java:188)
	at org.apache.ratis.util.SlidingWindow$Client.sendOrDelayRequest(SlidingWindow.java:278)
	at org.apache.ratis.util.SlidingWindow$Client.submitNewRequest(SlidingWindow.java:257)
	at org.apache.ratis.client.impl.OrderedAsync.send(OrderedAsync.java:169)
	at org.apache.ratis.client.impl.OrderedAsync.newInstance(OrderedAsync.java:118)
	at org.apache.ratis.client.impl.RaftClientImpl.lambda$new$0(RaftClientImpl.java:102)
	at org.apache.ratis.util.MemoizedSupplier.get(MemoizedSupplier.java:62)
	at org.apache.ratis.client.impl.RaftClientImpl.getOrderedAsync(RaftClientImpl.java:119)
	at org.apache.ratis.client.impl.RaftClientImpl.sendAsync(RaftClientImpl.java:144)
	at org.apache.ratis.client.impl.RaftClientImpl.sendAsync(RaftClientImpl.java:124)
	at org.apache.hadoop.hdds.scm.XceiverClientRatis.sendRequestAsync(XceiverClientRatis.java:236)
	at org.apache.hadoop.hdds.scm.XceiverClientRatis.sendCommandAsync(XceiverClientRatis.java:317)
	at org.apache.hadoop.hdds.scm.storage.ContainerProtocolCalls.writeChunkAsync(ContainerProtocolCalls.java:310)
	at org.apache.hadoop.hdds.scm.storage.BlockOutputStream.writeChunkToContainer(BlockOutputStream.java:604)
	at org.apache.hadoop.hdds.scm.storage.BlockOutputStream.writeChunk(BlockOutputStream.java:462)
	at org.apache.hadoop.hdds.scm.storage.BlockOutputStream.handleFlush(BlockOutputStream.java:473)
	at org.apache.hadoop.hdds.scm.storage.BlockOutputStream.close(BlockOutputStream.java:496)
	at org.apache.hadoop.ozone.client.io.BlockOutputStreamEntry.close(BlockOutputStreamEntry.java:143)
	at org.apache.hadoop.ozone.client.io.KeyOutputStream.handleFlushOrClose(KeyOutputStream.java:435)
	at org.apache.hadoop.ozone.client.io.KeyOutputStream.close(KeyOutputStream.java:473)
	at org.apache.hadoop.ozone.client.io.OzoneOutputStream.close(OzoneOutputStream.java:60)
	at org.apache.hadoop.ozone.client.rpc.TestFailureHandlingByClient.testBlockWritesWithDnFailures(TestFailureHandlingByClient.java:163)
	at sun.reflect.NativeMethodAccessorImpl.invoke0(Native Method)
	at sun.reflect.NativeMethodAccessorImpl.invoke(NativeMethodAccessorImpl.java:62)
	at sun.reflect.DelegatingMethodAccessorImpl.invoke(DelegatingMethodAccessorImpl.java:43)
	at java.lang.reflect.Method.invoke(Method.java:498)
	at org.junit.runners.model.FrameworkMethod$1.runReflectiveCall(FrameworkMethod.java:47)
	at org.junit.internal.runners.model.ReflectiveCallable.run(ReflectiveCallable.java:12)
	at org.junit.runners.model.FrameworkMethod.invokeExplosively(FrameworkMethod.java:44)
	at org.junit.internal.runners.statements.InvokeMethod.evaluate(InvokeMethod.java:17)
	at org.junit.internal.runners.statements.RunAfters.evaluate(RunAfters.java:27)
	at org.junit.runners.ParentRunner.runLeaf(ParentRunner.java:271)
	at org.junit.runners.BlockJUnit4ClassRunner.runChild(BlockJUnit4ClassRunner.java:70)
	at org.junit.runners.BlockJUnit4ClassRunner.runChild(BlockJUnit4ClassRunner.java:50)
	at org.junit.runners.ParentRunner$3.run(ParentRunner.java:238)
	at org.junit.runners.ParentRunner$1.schedule(ParentRunner.java:63)
	at org.junit.runners.ParentRunner.runChildren(ParentRunner.java:236)
	at org.junit.runners.ParentRunner.access$000(ParentRunner.java:53)
	at org.junit.runners.ParentRunner$2.evaluate(ParentRunner.java:229)
	at org.junit.runners.ParentRunner.run(ParentRunner.java:309)
	at org.apache.maven.surefire.junit4.JUnit4Provider.execute(JUnit4Provider.java:365)
	at org.apache.maven.surefire.junit4.JUnit4Provider.executeWithRerun(JUnit4Provider.java:273)
	at org.apache.maven.surefire.junit4.JUnit4Provider.executeTestSet(JUnit4Provider.java:238)
	at org.apache.maven.surefire.junit4.JUnit4Provider.invoke(JUnit4Provider.java:159)
	at org.apache.maven.surefire.booter.ForkedBooter.invokeProviderInSameClassLoader(ForkedBooter.java:384)
	at org.apache.maven.surefire.booter.ForkedBooter.runSuitesInProcess(ForkedBooter.java:345)
	at org.apache.maven.surefire.booter.ForkedBooter.execute(ForkedBooter.java:126)
	at org.apache.maven.surefire.booter.ForkedBooter.main(ForkedBooter.java:418)

Nov 11, 2019 8:28:26 PM org.apache.ratis.thirdparty.io.grpc.internal.ManagedChannelOrphanWrapper$ManagedChannelReference cleanQueue
SEVERE: *~*~*~ Channel ManagedChannelImpl{logId=4489, target=192.168.69.124:34561} was not shutdown properly!!! ~*~*~*
    Make sure to call shutdown()/shutdownNow() and wait until awaitTermination() returns true.
java.lang.RuntimeException: ManagedChannel allocation site
	at org.apache.ratis.thirdparty.io.grpc.internal.ManagedChannelOrphanWrapper$ManagedChannelReference.<init>(ManagedChannelOrphanWrapper.java:103)
	at org.apache.ratis.thirdparty.io.grpc.internal.ManagedChannelOrphanWrapper.<init>(ManagedChannelOrphanWrapper.java:53)
	at org.apache.ratis.thirdparty.io.grpc.internal.ManagedChannelOrphanWrapper.<init>(ManagedChannelOrphanWrapper.java:44)
	at org.apache.ratis.thirdparty.io.grpc.internal.AbstractManagedChannelImplBuilder.build(AbstractManagedChannelImplBuilder.java:411)
	at org.apache.ratis.grpc.client.GrpcClientProtocolClient.<init>(GrpcClientProtocolClient.java:128)
	at org.apache.ratis.grpc.client.GrpcClientRpc.lambda$new$0(GrpcClientRpc.java:55)
	at org.apache.ratis.util.PeerProxyMap$PeerAndProxy.lambda$getProxy$0(PeerProxyMap.java:62)
	at org.apache.ratis.util.LifeCycle.startAndTransition(LifeCycle.java:202)
	at org.apache.ratis.util.PeerProxyMap$PeerAndProxy.getProxy(PeerProxyMap.java:61)
	at org.apache.ratis.util.PeerProxyMap.getProxy(PeerProxyMap.java:109)
	at org.apache.ratis.grpc.client.GrpcClientRpc.sendRequestAsync(GrpcClientRpc.java:66)
	at org.apache.ratis.client.impl.OrderedAsync.sendRequest(OrderedAsync.java:233)
	at org.apache.ratis.client.impl.OrderedAsync.sendRequestWithRetry(OrderedAsync.java:188)
	at org.apache.ratis.util.SlidingWindow$Client.sendOrDelayRequest(SlidingWindow.java:278)
	at org.apache.ratis.util.SlidingWindow$Client.retry(SlidingWindow.java:294)
	at org.apache.ratis.client.impl.OrderedAsync.lambda$scheduleWithTimeout$7(OrderedAsync.java:220)
	at org.apache.ratis.util.TimeoutScheduler.lambda$onTimeout$0(TimeoutScheduler.java:141)
	at org.apache.ratis.util.TimeoutScheduler.lambda$onTimeout$1(TimeoutScheduler.java:155)
	at org.apache.ratis.util.LogUtils.runAndLog(LogUtils.java:50)
	at org.apache.ratis.util.LogUtils$1.run(LogUtils.java:91)
	at java.util.concurrent.Executors$RunnableAdapter.call(Executors.java:511)
	at java.util.concurrent.FutureTask.run(FutureTask.java:266)
	at java.util.concurrent.ScheduledThreadPoolExecutor$ScheduledFutureTask.access$201(ScheduledThreadPoolExecutor.java:180)
	at java.util.concurrent.ScheduledThreadPoolExecutor$ScheduledFutureTask.run(ScheduledThreadPoolExecutor.java:293)
	at java.util.concurrent.ThreadPoolExecutor.runWorker(ThreadPoolExecutor.java:1149)
	at java.util.concurrent.ThreadPoolExecutor$Worker.run(ThreadPoolExecutor.java:624)
	at java.lang.Thread.run(Thread.java:748)

Nov 11, 2019 8:28:29 PM org.apache.ratis.thirdparty.io.grpc.internal.SerializingExecutor run
SEVERE: Exception while executing runnable org.apache.ratis.thirdparty.io.grpc.internal.ServerImpl$JumpToApplicationThreadServerStreamListener$1Closed@7054f5da
org.apache.ratis.thirdparty.io.grpc.StatusRuntimeException: CANCELLED: call already cancelled
	at org.apache.ratis.thirdparty.io.grpc.Status.asRuntimeException(Status.java:517)
	at org.apache.ratis.thirdparty.io.grpc.stub.ServerCalls$ServerCallStreamObserverImpl.onCompleted(ServerCalls.java:356)
	at org.apache.ratis.grpc.server.GrpcServerProtocolService$ServerRequestStreamObserver.onError(GrpcServerProtocolService.java:121)
	at org.apache.ratis.thirdparty.io.grpc.stub.ServerCalls$StreamingServerCallHandler$StreamingServerCallListener.onCancel(ServerCalls.java:269)
	at org.apache.ratis.thirdparty.io.grpc.internal.ServerCallImpl$ServerStreamListenerImpl.closed(ServerCallImpl.java:293)
	at org.apache.ratis.thirdparty.io.grpc.internal.ServerImpl$JumpToApplicationThreadServerStreamListener$1Closed.runInContext(ServerImpl.java:741)
	at org.apache.ratis.thirdparty.io.grpc.internal.ContextRunnable.run(ContextRunnable.java:37)
	at org.apache.ratis.thirdparty.io.grpc.internal.SerializingExecutor.run(SerializingExecutor.java:123)
	at java.util.concurrent.ThreadPoolExecutor.runWorker(ThreadPoolExecutor.java:1149)
	at java.util.concurrent.ThreadPoolExecutor$Worker.run(ThreadPoolExecutor.java:624)
	at java.lang.Thread.run(Thread.java:748)

Nov 11, 2019 8:28:35 PM org.apache.ratis.thirdparty.io.grpc.internal.SerializingExecutor run
SEVERE: Exception while executing runnable org.apache.ratis.thirdparty.io.grpc.internal.ServerImpl$JumpToApplicationThreadServerStreamListener$1Closed@31501607
org.apache.ratis.thirdparty.io.grpc.StatusRuntimeException: CANCELLED: call already cancelled
	at org.apache.ratis.thirdparty.io.grpc.Status.asRuntimeException(Status.java:517)
	at org.apache.ratis.thirdparty.io.grpc.stub.ServerCalls$ServerCallStreamObserverImpl.onCompleted(ServerCalls.java:356)
	at org.apache.ratis.grpc.server.GrpcServerProtocolService$ServerRequestStreamObserver.onError(GrpcServerProtocolService.java:121)
	at org.apache.ratis.thirdparty.io.grpc.stub.ServerCalls$StreamingServerCallHandler$StreamingServerCallListener.onCancel(ServerCalls.java:269)
	at org.apache.ratis.thirdparty.io.grpc.internal.ServerCallImpl$ServerStreamListenerImpl.closed(ServerCallImpl.java:293)
	at org.apache.ratis.thirdparty.io.grpc.internal.ServerImpl$JumpToApplicationThreadServerStreamListener$1Closed.runInContext(ServerImpl.java:741)
	at org.apache.ratis.thirdparty.io.grpc.internal.ContextRunnable.run(ContextRunnable.java:37)
	at org.apache.ratis.thirdparty.io.grpc.internal.SerializingExecutor.run(SerializingExecutor.java:123)
	at java.util.concurrent.ThreadPoolExecutor.runWorker(ThreadPoolExecutor.java:1149)
	at java.util.concurrent.ThreadPoolExecutor$Worker.run(ThreadPoolExecutor.java:624)
	at java.lang.Thread.run(Thread.java:748)

Nov 11, 2019 8:28:40 PM org.apache.ratis.thirdparty.io.grpc.internal.SerializingExecutor run
SEVERE: Exception while executing runnable org.apache.ratis.thirdparty.io.grpc.internal.ServerImpl$JumpToApplicationThreadServerStreamListener$1Closed@72c1282c
org.apache.ratis.thirdparty.io.grpc.StatusRuntimeException: CANCELLED: call already cancelled
	at org.apache.ratis.thirdparty.io.grpc.Status.asRuntimeException(Status.java:517)
	at org.apache.ratis.thirdparty.io.grpc.stub.ServerCalls$ServerCallStreamObserverImpl.onCompleted(ServerCalls.java:356)
	at org.apache.ratis.grpc.server.GrpcServerProtocolService$ServerRequestStreamObserver.onError(GrpcServerProtocolService.java:121)
	at org.apache.ratis.thirdparty.io.grpc.stub.ServerCalls$StreamingServerCallHandler$StreamingServerCallListener.onCancel(ServerCalls.java:269)
	at org.apache.ratis.thirdparty.io.grpc.internal.ServerCallImpl$ServerStreamListenerImpl.closed(ServerCallImpl.java:293)
	at org.apache.ratis.thirdparty.io.grpc.internal.ServerImpl$JumpToApplicationThreadServerStreamListener$1Closed.runInContext(ServerImpl.java:741)
	at org.apache.ratis.thirdparty.io.grpc.internal.ContextRunnable.run(ContextRunnable.java:37)
	at org.apache.ratis.thirdparty.io.grpc.internal.SerializingExecutor.run(SerializingExecutor.java:123)
	at java.util.concurrent.ThreadPoolExecutor.runWorker(ThreadPoolExecutor.java:1149)
	at java.util.concurrent.ThreadPoolExecutor$Worker.run(ThreadPoolExecutor.java:624)
	at java.lang.Thread.run(Thread.java:748)

]]></system-err>
  </testcase>
</testsuite>