<?xml version="1.0" encoding="UTF-8"?>
<testsuite xmlns:xsi="http://www.w3.org/2001/XMLSchema-instance" xsi:noNamespaceSchemaLocation="https://maven.apache.org/surefire/maven-surefire-plugin/xsd/surefire-test-report.xsd" name="org.apache.hadoop.ozone.client.rpc.TestDeleteWithSlowFollower" time="132.801" tests="1" errors="0" skipped="0" failures="1">
  <properties>
    <property name="awt.toolkit" value="sun.awt.X11.XToolkit"/>
    <property name="file.encoding.pkg" value="sun.io"/>
    <property name="java.specification.version" value="1.8"/>
    <property name="sun.cpu.isalist" value=""/>
    <property name="sun.jnu.encoding" value="ANSI_X3.4-1968"/>
    <property name="java.class.path" value="/workdir/hadoop-ozone/integration-test/target/test-classes:/workdir/hadoop-ozone/integration-test/target/classes:/home/user/.m2/repository/org/apache/hadoop/hadoop-ozone-common/0.5.0-SNAPSHOT/hadoop-ozone-common-0.5.0-SNAPSHOT.jar:/home/user/.m2/repository/org/apache/commons/commons-compress/1.4.1/commons-compress-1.4.1.jar:/home/user/.m2/repository/org/tukaani/xz/1.0/xz-1.0.jar:/home/user/.m2/repository/org/apache/hadoop/hadoop-common/3.2.0/hadoop-common-3.2.0.jar:/home/user/.m2/repository/org/apache/hadoop/hadoop-hdfs/3.2.0/hadoop-hdfs-3.2.0.jar:/home/user/.m2/repository/org/apache/hadoop/hadoop-hdfs-client/3.2.0/hadoop-hdfs-client-3.2.0.jar:/home/user/.m2/repository/com/fasterxml/jackson/core/jackson-annotations/2.9.9/jackson-annotations-2.9.9.jar:/home/user/.m2/repository/org/apache/hadoop/hadoop-hdds-common/0.5.0-SNAPSHOT/hadoop-hdds-common-0.5.0-SNAPSHOT.jar:/home/user/.m2/repository/javax/annotation/javax.annotation-api/1.2/javax.annotation-api-1.2.jar:/home/user/.m2/repository/org/apache/ratis/ratis-server/0.5.0-3f446aa-SNAPSHOT/ratis-server-0.5.0-3f446aa-SNAPSHOT.jar:/home/user/.m2/repository/org/apache/ratis/ratis-thirdparty-misc/0.2.0/ratis-thirdparty-misc-0.2.0.jar:/home/user/.m2/repository/org/apache/ratis/ratis-proto/0.5.0-3f446aa-SNAPSHOT/ratis-proto-0.5.0-3f446aa-SNAPSHOT.jar:/home/user/.m2/repository/org/apache/ratis/ratis-common/0.5.0-3f446aa-SNAPSHOT/ratis-common-0.5.0-3f446aa-SNAPSHOT.jar:/home/user/.m2/repository/org/apache/ratis/ratis-client/0.5.0-3f446aa-SNAPSHOT/ratis-client-0.5.0-3f446aa-SNAPSHOT.jar:/home/user/.m2/repository/org/apache/ratis/ratis-metrics/0.5.0-3f446aa-SNAPSHOT/ratis-metrics-0.5.0-3f446aa-SNAPSHOT.jar:/home/user/.m2/repository/com/github/joshelser/dropwizard-metrics-hadoop-metrics2-reporter/0.1.2/dropwizard-metrics-hadoop-metrics2-reporter-0.1.2.jar:/home/user/.m2/repository/io/dropwizard/metrics/metrics-jvm/3.2.5/metrics-jvm-3.2.5.jar:/home/user/.m2/repository/io/dropwizard/metrics/metrics-ganglia/3.2.5/metrics-ganglia-3.2.5.jar:/home/user/.m2/repository/info/ganglia/gmetric4j/gmetric4j/1.0.7/gmetric4j-1.0.7.jar:/home/user/.m2/repository/org/apache/ratis/ratis-netty/0.5.0-3f446aa-SNAPSHOT/ratis-netty-0.5.0-3f446aa-SNAPSHOT.jar:/home/user/.m2/repository/org/apache/ratis/ratis-grpc/0.5.0-3f446aa-SNAPSHOT/ratis-grpc-0.5.0-3f446aa-SNAPSHOT.jar:/home/user/.m2/repository/org/rocksdb/rocksdbjni/6.0.1/rocksdbjni-6.0.1.jar:/home/user/.m2/repository/org/apache/logging/log4j/log4j-api/2.11.0/log4j-api-2.11.0.jar:/home/user/.m2/repository/org/apache/logging/log4j/log4j-core/2.11.0/log4j-core-2.11.0.jar:/home/user/.m2/repository/com/lmax/disruptor/3.4.2/disruptor-3.4.2.jar:/home/user/.m2/repository/org/apache/commons/commons-pool2/2.6.0/commons-pool2-2.6.0.jar:/home/user/.m2/repository/org/bouncycastle/bcpkix-jdk15on/1.60/bcpkix-jdk15on-1.60.jar:/home/user/.m2/repository/commons-validator/commons-validator/1.6/commons-validator-1.6.jar:/home/user/.m2/repository/commons-digester/commons-digester/1.8.1/commons-digester-1.8.1.jar:/home/user/.m2/repository/io/jaegertracing/jaeger-client/0.34.0/jaeger-client-0.34.0.jar:/home/user/.m2/repository/io/jaegertracing/jaeger-thrift/0.34.0/jaeger-thrift-0.34.0.jar:/home/user/.m2/repository/org/apache/thrift/libthrift/0.12.0/libthrift-0.12.0.jar:/home/user/.m2/repository/com/squareup/okhttp3/okhttp/3.9.0/okhttp-3.9.0.jar:/home/user/.m2/repository/com/squareup/okio/okio/1.13.0/okio-1.13.0.jar:/home/user/.m2/repository/io/jaegertracing/jaeger-core/0.34.0/jaeger-core-0.34.0.jar:/home/user/.m2/repository/io/jaegertracing/jaeger-tracerresolver/0.34.0/jaeger-tracerresolver-0.34.0.jar:/home/user/.m2/repository/io/opentracing/contrib/opentracing-tracerresolver/0.1.5/opentracing-tracerresolver-0.1.5.jar:/home/user/.m2/repository/io/opentracing/opentracing-util/0.31.0/opentracing-util-0.31.0.jar:/home/user/.m2/repository/io/opentracing/opentracing-api/0.31.0/opentracing-api-0.31.0.jar:/home/user/.m2/repository/io/opentracing/opentracing-noop/0.31.0/opentracing-noop-0.31.0.jar:/home/user/.m2/repository/org/apache/hadoop/hadoop-hdds-server-framework/0.5.0-SNAPSHOT/hadoop-hdds-server-framework-0.5.0-SNAPSHOT.jar:/home/user/.m2/repository/org/apache/hadoop/hadoop-hdds-container-service/0.5.0-SNAPSHOT/hadoop-hdds-container-service-0.5.0-SNAPSHOT.jar:/home/user/.m2/repository/org/apache/hadoop/hadoop-hdds-client/0.5.0-SNAPSHOT/hadoop-hdds-client-0.5.0-SNAPSHOT.jar:/home/user/.m2/repository/org/apache/hadoop/hadoop-hdds-tools/0.5.0-SNAPSHOT/hadoop-hdds-tools-0.5.0-SNAPSHOT.jar:/home/user/.m2/repository/org/apache/hadoop/hadoop-hdds-server-scm/0.5.0-SNAPSHOT/hadoop-hdds-server-scm-0.5.0-SNAPSHOT.jar:/home/user/.m2/repository/org/apache/hadoop/hadoop-hdds-docs/0.5.0-SNAPSHOT/hadoop-hdds-docs-0.5.0-SNAPSHOT.jar:/home/user/.m2/repository/io/dropwizard/metrics/metrics-core/3.2.4/metrics-core-3.2.4.jar:/home/user/.m2/repository/org/hamcrest/hamcrest-all/1.3/hamcrest-all-1.3.jar:/home/user/.m2/repository/org/bouncycastle/bcprov-jdk15on/1.60/bcprov-jdk15on-1.60.jar:/home/user/.m2/repository/info/picocli/picocli/3.9.6/picocli-3.9.6.jar:/home/user/.m2/repository/com/google/protobuf/protobuf-java/2.5.0/protobuf-java-2.5.0.jar:/home/user/.m2/repository/com/google/guava/guava/11.0.2/guava-11.0.2.jar:/home/user/.m2/repository/org/apache/hadoop/hadoop-ozone-ozone-manager/0.5.0-SNAPSHOT/hadoop-ozone-ozone-manager-0.5.0-SNAPSHOT.jar:/home/user/.m2/repository/org/apache/hadoop/hadoop-minikdc/3.2.0/hadoop-minikdc-3.2.0.jar:/home/user/.m2/repository/commons-io/commons-io/2.5/commons-io-2.5.jar:/home/user/.m2/repository/org/apache/kerby/kerb-simplekdc/1.0.1/kerb-simplekdc-1.0.1.jar:/home/user/.m2/repository/org/apache/kerby/kerb-client/1.0.1/kerb-client-1.0.1.jar:/home/user/.m2/repository/org/apache/kerby/kerby-config/1.0.1/kerby-config-1.0.1.jar:/home/user/.m2/repository/org/apache/kerby/kerb-core/1.0.1/kerb-core-1.0.1.jar:/home/user/.m2/repository/org/apache/kerby/kerby-pkix/1.0.1/kerby-pkix-1.0.1.jar:/home/user/.m2/repository/org/apache/kerby/kerby-asn1/1.0.1/kerby-asn1-1.0.1.jar:/home/user/.m2/repository/org/apache/kerby/kerby-util/1.0.1/kerby-util-1.0.1.jar:/home/user/.m2/repository/org/apache/kerby/kerb-common/1.0.1/kerb-common-1.0.1.jar:/home/user/.m2/repository/org/apache/kerby/kerb-crypto/1.0.1/kerb-crypto-1.0.1.jar:/home/user/.m2/repository/org/apache/kerby/kerb-util/1.0.1/kerb-util-1.0.1.jar:/home/user/.m2/repository/org/apache/kerby/token-provider/1.0.1/token-provider-1.0.1.jar:/home/user/.m2/repository/org/apache/kerby/kerb-admin/1.0.1/kerb-admin-1.0.1.jar:/home/user/.m2/repository/org/apache/kerby/kerb-server/1.0.1/kerb-server-1.0.1.jar:/home/user/.m2/repository/org/apache/kerby/kerb-identity/1.0.1/kerb-identity-1.0.1.jar:/home/user/.m2/repository/org/apache/kerby/kerby-xdr/1.0.1/kerby-xdr-1.0.1.jar:/home/user/.m2/repository/org/slf4j/slf4j-log4j12/1.7.25/slf4j-log4j12-1.7.25.jar:/home/user/.m2/repository/org/apache/hadoop/hadoop-ozone-s3gateway/0.5.0-SNAPSHOT/hadoop-ozone-s3gateway-0.5.0-SNAPSHOT.jar:/home/user/.m2/repository/org/jboss/weld/servlet/weld-servlet/2.4.7.Final/weld-servlet-2.4.7.Final.jar:/home/user/.m2/repository/org/glassfish/jersey/containers/jersey-container-servlet-core/2.27/jersey-container-servlet-core-2.27.jar:/home/user/.m2/repository/org/glassfish/hk2/external/javax.inject/2.5.0-b42/javax.inject-2.5.0-b42.jar:/home/user/.m2/repository/org/glassfish/jersey/core/jersey-common/2.27/jersey-common-2.27.jar:/home/user/.m2/repository/org/glassfish/hk2/osgi-resource-locator/1.0.1/osgi-resource-locator-1.0.1.jar:/home/user/.m2/repository/javax/ws/rs/javax.ws.rs-api/2.1/javax.ws.rs-api-2.1.jar:/home/user/.m2/repository/org/glassfish/jersey/ext/cdi/jersey-cdi1x/2.27/jersey-cdi1x-2.27.jar:/home/user/.m2/repository/org/glassfish/jersey/inject/jersey-hk2/2.27/jersey-hk2-2.27.jar:/home/user/.m2/repository/org/glassfish/hk2/hk2-locator/2.5.0-b42/hk2-locator-2.5.0-b42.jar:/home/user/.m2/repository/org/javassist/javassist/3.22.0-CR2/javassist-3.22.0-CR2.jar:/home/user/.m2/repository/org/glassfish/hk2/hk2-api/2.5.0/hk2-api-2.5.0.jar:/home/user/.m2/repository/org/glassfish/hk2/external/jakarta.inject/2.5.0/jakarta.inject-2.5.0.jar:/home/user/.m2/repository/org/glassfish/hk2/hk2-utils/2.5.0/hk2-utils-2.5.0.jar:/home/user/.m2/repository/jakarta/annotation/jakarta.annotation-api/1.3.4/jakarta.annotation-api-1.3.4.jar:/home/user/.m2/repository/org/glassfish/hk2/external/aopalliance-repackaged/2.5.0/aopalliance-repackaged-2.5.0.jar:/home/user/.m2/repository/com/fasterxml/jackson/dataformat/jackson-dataformat-xml/2.9.0/jackson-dataformat-xml-2.9.0.jar:/home/user/.m2/repository/com/fasterxml/jackson/core/jackson-core/2.9.9/jackson-core-2.9.9.jar:/home/user/.m2/repository/com/fasterxml/jackson/module/jackson-module-jaxb-annotations/2.9.9/jackson-module-jaxb-annotations-2.9.9.jar:/home/user/.m2/repository/javax/enterprise/cdi-api/1.2/cdi-api-1.2.jar:/home/user/.m2/repository/javax/el/javax.el-api/3.0.0/javax.el-api-3.0.0.jar:/home/user/.m2/repository/javax/interceptor/javax.interceptor-api/1.2/javax.interceptor-api-1.2.jar:/home/user/.m2/repository/javax/inject/javax.inject/1/javax.inject-1.jar:/home/user/.m2/repository/com/sun/xml/bind/jaxb-impl/2.3.0.1/jaxb-impl-2.3.0.1.jar:/home/user/.m2/repository/com/sun/xml/bind/jaxb-core/2.3.0.1/jaxb-core-2.3.0.1.jar:/home/user/.m2/repository/javax/xml/bind/jaxb-api/2.3.0/jaxb-api-2.3.0.jar:/home/user/.m2/repository/javax/activation/activation/1.1.1/activation-1.1.1.jar:/home/user/.m2/repository/org/apache/hadoop/hadoop-ozone-csi/0.5.0-SNAPSHOT/hadoop-ozone-csi-0.5.0-SNAPSHOT.jar:/home/user/.m2/repository/com/google/protobuf/protobuf-java-util/3.5.1/protobuf-java-util-3.5.1.jar:/home/user/.m2/repository/org/apache/hadoop/hadoop-hdds-config/0.5.0-SNAPSHOT/hadoop-hdds-config-0.5.0-SNAPSHOT.jar:/home/user/.m2/repository/io/grpc/grpc-netty/1.17.1/grpc-netty-1.17.1.jar:/home/user/.m2/repository/io/grpc/grpc-core/1.17.1/grpc-core-1.17.1.jar:/home/user/.m2/repository/io/grpc/grpc-context/1.17.1/grpc-context-1.17.1.jar:/home/user/.m2/repository/com/google/errorprone/error_prone_annotations/2.2.0/error_prone_annotations-2.2.0.jar:/home/user/.m2/repository/org/codehaus/mojo/animal-sniffer-annotations/1.17/animal-sniffer-annotations-1.17.jar:/home/user/.m2/repository/io/opencensus/opencensus-api/0.17.0/opencensus-api-0.17.0.jar:/home/user/.m2/repository/io/opencensus/opencensus-contrib-grpc-metrics/0.17.0/opencensus-contrib-grpc-metrics-0.17.0.jar:/home/user/.m2/repository/io/netty/netty-codec-http2/4.1.30.Final/netty-codec-http2-4.1.30.Final.jar:/home/user/.m2/repository/io/netty/netty-codec-http/4.1.30.Final/netty-codec-http-4.1.30.Final.jar:/home/user/.m2/repository/io/netty/netty-codec/4.1.30.Final/netty-codec-4.1.30.Final.jar:/home/user/.m2/repository/io/netty/netty-handler/4.1.30.Final/netty-handler-4.1.30.Final.jar:/home/user/.m2/repository/io/netty/netty-handler-proxy/4.1.30.Final/netty-handler-proxy-4.1.30.Final.jar:/home/user/.m2/repository/io/netty/netty-codec-socks/4.1.30.Final/netty-codec-socks-4.1.30.Final.jar:/home/user/.m2/repository/io/netty/netty-transport-native-epoll/4.1.30.Final/netty-transport-native-epoll-4.1.30.Final.jar:/home/user/.m2/repository/io/netty/netty-common/4.1.30.Final/netty-common-4.1.30.Final.jar:/home/user/.m2/repository/io/netty/netty-buffer/4.1.30.Final/netty-buffer-4.1.30.Final.jar:/home/user/.m2/repository/io/netty/netty-transport/4.1.30.Final/netty-transport-4.1.30.Final.jar:/home/user/.m2/repository/io/netty/netty-resolver/4.1.30.Final/netty-resolver-4.1.30.Final.jar:/home/user/.m2/repository/io/netty/netty-transport-native-unix-common/4.1.30.Final/netty-transport-native-unix-common-4.1.30.Final.jar:/home/user/.m2/repository/io/grpc/grpc-protobuf/1.17.1/grpc-protobuf-1.17.1.jar:/home/user/.m2/repository/com/google/api/grpc/proto-google-common-protos/1.0.0/proto-google-common-protos-1.0.0.jar:/home/user/.m2/repository/io/grpc/grpc-protobuf-lite/1.17.1/grpc-protobuf-lite-1.17.1.jar:/home/user/.m2/repository/io/grpc/grpc-stub/1.17.1/grpc-stub-1.17.1.jar:/home/user/.m2/repository/org/apache/hadoop/hadoop-ozone-recon/0.5.0-SNAPSHOT/hadoop-ozone-recon-0.5.0-SNAPSHOT.jar:/home/user/.m2/repository/org/apache/hadoop/hadoop-ozone-reconcodegen/0.5.0-SNAPSHOT/hadoop-ozone-reconcodegen-0.5.0-SNAPSHOT.jar:/home/user/.m2/repository/com/google/inject/extensions/guice-multibindings/4.0/guice-multibindings-4.0.jar:/home/user/.m2/repository/com/google/inject/guice/4.0/guice-4.0.jar:/home/user/.m2/repository/aopalliance/aopalliance/1.0/aopalliance-1.0.jar:/home/user/.m2/repository/com/google/inject/extensions/guice-servlet/4.0/guice-servlet-4.0.jar:/home/user/.m2/repository/org/glassfish/jersey/containers/jersey-container-servlet/2.27/jersey-container-servlet-2.27.jar:/home/user/.m2/repository/org/glassfish/hk2/guice-bridge/2.5.0/guice-bridge-2.5.0.jar:/home/user/.m2/repository/org/glassfish/jersey/core/jersey-server/2.27/jersey-server-2.27.jar:/home/user/.m2/repository/org/glassfish/jersey/core/jersey-client/2.27/jersey-client-2.27.jar:/home/user/.m2/repository/org/glassfish/jersey/media/jersey-media-jaxb/2.27/jersey-media-jaxb-2.27.jar:/home/user/.m2/repository/javax/validation/validation-api/1.1.0.Final/validation-api-1.1.0.Final.jar:/home/user/.m2/repository/org/glassfish/jersey/media/jersey-media-json-jackson/2.27/jersey-media-json-jackson-2.27.jar:/home/user/.m2/repository/org/glassfish/jersey/ext/jersey-entity-filtering/2.27/jersey-entity-filtering-2.27.jar:/home/user/.m2/repository/com/google/inject/extensions/guice-assistedinject/4.0/guice-assistedinject-4.0.jar:/home/user/.m2/repository/org/jooq/jooq/3.11.10/jooq-3.11.10.jar:/home/user/.m2/repository/org/jooq/jooq-meta/3.11.10/jooq-meta-3.11.10.jar:/home/user/.m2/repository/org/jooq/jooq-codegen/3.11.10/jooq-codegen-3.11.10.jar:/home/user/.m2/repository/com/jolbox/bonecp/0.8.0.RELEASE/bonecp-0.8.0.RELEASE.jar:/home/user/.m2/repository/org/xerial/sqlite-jdbc/3.25.2/sqlite-jdbc-3.25.2.jar:/home/user/.m2/repository/org/springframework/spring-jdbc/5.1.3.RELEASE/spring-jdbc-5.1.3.RELEASE.jar:/home/user/.m2/repository/org/springframework/spring-beans/5.1.3.RELEASE/spring-beans-5.1.3.RELEASE.jar:/home/user/.m2/repository/org/springframework/spring-core/5.1.3.RELEASE/spring-core-5.1.3.RELEASE.jar:/home/user/.m2/repository/org/springframework/spring-jcl/5.1.3.RELEASE/spring-jcl-5.1.3.RELEASE.jar:/home/user/.m2/repository/org/springframework/spring-tx/5.1.3.RELEASE/spring-tx-5.1.3.RELEASE.jar:/home/user/.m2/repository/org/apache/hadoop/hadoop-ozone-client/0.5.0-SNAPSHOT/hadoop-ozone-client-0.5.0-SNAPSHOT.jar:/home/user/.m2/repository/commons-lang/commons-lang/2.6/commons-lang-2.6.jar:/home/user/.m2/repository/org/apache/hadoop/hadoop-ozone-ozone-manager/0.5.0-SNAPSHOT/hadoop-ozone-ozone-manager-0.5.0-SNAPSHOT-tests.jar:/home/user/.m2/repository/junit/junit/4.11/junit-4.11.jar:/home/user/.m2/repository/org/hamcrest/hamcrest-core/1.3/hamcrest-core-1.3.jar:/home/user/.m2/repository/org/openjdk/jmh/jmh-core/1.19/jmh-core-1.19.jar:/home/user/.m2/repository/net/sf/jopt-simple/jopt-simple/4.6/jopt-simple-4.6.jar:/home/user/.m2/repository/org/apache/commons/commons-math3/3.1.1/commons-math3-3.1.1.jar:/home/user/.m2/repository/org/openjdk/jmh/jmh-generator-annprocess/1.19/jmh-generator-annprocess-1.19.jar:/home/user/.m2/repository/org/mockito/mockito-all/1.8.5/mockito-all-1.8.5.jar:/home/user/.m2/repository/org/apache/hadoop/hadoop-kms/3.2.0/hadoop-kms-3.2.0.jar:/home/user/.m2/repository/org/apache/hadoop/hadoop-auth/3.2.0/hadoop-auth-3.2.0.jar:/home/user/.m2/repository/com/nimbusds/nimbus-jose-jwt/4.41.1/nimbus-jose-jwt-4.41.1.jar:/home/user/.m2/repository/com/github/stephenc/jcip/jcip-annotations/1.0-1/jcip-annotations-1.0-1.jar:/home/user/.m2/repository/net/minidev/json-smart/2.3/json-smart-2.3.jar:/home/user/.m2/repository/net/minidev/accessors-smart/1.2/accessors-smart-1.2.jar:/home/user/.m2/repository/org/ow2/asm/asm/5.0.4/asm-5.0.4.jar:/home/user/.m2/repository/org/apache/curator/curator-framework/2.12.0/curator-framework-2.12.0.jar:/home/user/.m2/repository/com/sun/jersey/jersey-core/1.19/jersey-core-1.19.jar:/home/user/.m2/repository/javax/ws/rs/jsr311-api/1.1.1/jsr311-api-1.1.1.jar:/home/user/.m2/repository/com/sun/jersey/jersey-server/1.19/jersey-server-1.19.jar:/home/user/.m2/repository/javax/servlet/javax.servlet-api/3.1.0/javax.servlet-api-3.1.0.jar:/home/user/.m2/repository/org/eclipse/jetty/jetty-server/9.3.25.v20180904/jetty-server-9.3.25.v20180904.jar:/home/user/.m2/repository/org/eclipse/jetty/jetty-http/9.3.25.v20180904/jetty-http-9.3.25.v20180904.jar:/home/user/.m2/repository/org/eclipse/jetty/jetty-io/9.3.25.v20180904/jetty-io-9.3.25.v20180904.jar:/home/user/.m2/repository/org/eclipse/jetty/jetty-webapp/9.3.25.v20180904/jetty-webapp-9.3.25.v20180904.jar:/home/user/.m2/repository/org/eclipse/jetty/jetty-xml/9.3.25.v20180904/jetty-xml-9.3.25.v20180904.jar:/home/user/.m2/repository/log4j/log4j/1.2.17/log4j-1.2.17.jar:/home/user/.m2/repository/org/slf4j/slf4j-api/1.7.25/slf4j-api-1.7.25.jar:/home/user/.m2/repository/org/slf4j/jul-to-slf4j/1.7.25/jul-to-slf4j-1.7.25.jar:/home/user/.m2/repository/org/eclipse/jetty/jetty-util/9.3.25.v20180904/jetty-util-9.3.25.v20180904.jar:/home/user/.m2/repository/com/fasterxml/jackson/core/jackson-databind/2.9.9/jackson-databind-2.9.9.jar:/home/user/.m2/repository/org/apache/hadoop/hadoop-kms/3.2.0/hadoop-kms-3.2.0-tests.jar:/home/user/.m2/repository/org/apache/hadoop/hadoop-hdds-server-scm/0.5.0-SNAPSHOT/hadoop-hdds-server-scm-0.5.0-SNAPSHOT-tests.jar:/home/user/.m2/repository/org/apache/hadoop/hadoop-hdds-container-service/0.5.0-SNAPSHOT/hadoop-hdds-container-service-0.5.0-SNAPSHOT-tests.jar:/home/user/.m2/repository/org/yaml/snakeyaml/1.16/snakeyaml-1.16.jar:/home/user/.m2/repository/org/apache/hadoop/hadoop-common/3.2.0/hadoop-common-3.2.0-tests.jar:/home/user/.m2/repository/org/apache/hadoop/hadoop-annotations/3.2.0/hadoop-annotations-3.2.0.jar:/usr/lib/jvm/java-1.8.0-openjdk-1.8.0.222.b10-1.el7_7.x86_64/jre/../lib/tools.jar:/home/user/.m2/repository/commons-cli/commons-cli/1.2/commons-cli-1.2.jar:/home/user/.m2/repository/org/apache/httpcomponents/httpclient/4.5.2/httpclient-4.5.2.jar:/home/user/.m2/repository/org/apache/httpcomponents/httpcore/4.4.4/httpcore-4.4.4.jar:/home/user/.m2/repository/commons-codec/commons-codec/1.11/commons-codec-1.11.jar:/home/user/.m2/repository/commons-net/commons-net/3.6/commons-net-3.6.jar:/home/user/.m2/repository/commons-collections/commons-collections/3.2.2/commons-collections-3.2.2.jar:/home/user/.m2/repository/org/eclipse/jetty/jetty-servlet/9.3.25.v20180904/jetty-servlet-9.3.25.v20180904.jar:/home/user/.m2/repository/org/eclipse/jetty/jetty-security/9.3.25.v20180904/jetty-security-9.3.25.v20180904.jar:/home/user/.m2/repository/javax/servlet/jsp/jsp-api/2.1/jsp-api-2.1.jar:/home/user/.m2/repository/com/sun/jersey/jersey-servlet/1.19/jersey-servlet-1.19.jar:/home/user/.m2/repository/com/sun/jersey/jersey-json/1.19/jersey-json-1.19.jar:/home/user/.m2/repository/org/codehaus/jettison/jettison/1.1/jettison-1.1.jar:/home/user/.m2/repository/org/codehaus/jackson/jackson-core-asl/1.9.13/jackson-core-asl-1.9.13.jar:/home/user/.m2/repository/org/codehaus/jackson/jackson-mapper-asl/1.9.13/jackson-mapper-asl-1.9.13.jar:/home/user/.m2/repository/org/codehaus/jackson/jackson-jaxrs/1.9.13/jackson-jaxrs-1.9.13.jar:/home/user/.m2/repository/org/codehaus/jackson/jackson-xc/1.9.13/jackson-xc-1.9.13.jar:/home/user/.m2/repository/commons-logging/commons-logging/1.1.3/commons-logging-1.1.3.jar:/home/user/.m2/repository/commons-beanutils/commons-beanutils/1.9.4/commons-beanutils-1.9.4.jar:/home/user/.m2/repository/org/apache/commons/commons-configuration2/2.1.1/commons-configuration2-2.1.1.jar:/home/user/.m2/repository/org/apache/commons/commons-lang3/3.7/commons-lang3-3.7.jar:/home/user/.m2/repository/org/apache/commons/commons-text/1.4/commons-text-1.4.jar:/home/user/.m2/repository/org/apache/avro/avro/1.7.7/avro-1.7.7.jar:/home/user/.m2/repository/com/thoughtworks/paranamer/paranamer/2.3/paranamer-2.3.jar:/home/user/.m2/repository/org/xerial/snappy/snappy-java/1.0.5/snappy-java-1.0.5.jar:/home/user/.m2/repository/com/google/re2j/re2j/1.1/re2j-1.1.jar:/home/user/.m2/repository/com/google/code/gson/gson/2.2.4/gson-2.2.4.jar:/home/user/.m2/repository/com/jcraft/jsch/0.1.54/jsch-0.1.54.jar:/home/user/.m2/repository/org/apache/curator/curator-client/2.12.0/curator-client-2.12.0.jar:/home/user/.m2/repository/org/apache/curator/curator-recipes/2.12.0/curator-recipes-2.12.0.jar:/home/user/.m2/repository/com/google/code/findbugs/jsr305/3.0.0/jsr305-3.0.0.jar:/home/user/.m2/repository/org/apache/htrace/htrace-core4/4.1.0-incubating/htrace-core4-4.1.0-incubating.jar:/home/user/.m2/repository/org/apache/zookeeper/zookeeper/3.4.13/zookeeper-3.4.13.jar:/home/user/.m2/repository/jline/jline/0.9.94/jline-0.9.94.jar:/home/user/.m2/repository/org/apache/yetus/audience-annotations/0.5.0/audience-annotations-0.5.0.jar:/home/user/.m2/repository/org/codehaus/woodstox/stax2-api/3.1.4/stax2-api-3.1.4.jar:/home/user/.m2/repository/com/fasterxml/woodstox/woodstox-core/5.0.3/woodstox-core-5.0.3.jar:/home/user/.m2/repository/dnsjava/dnsjava/2.1.7/dnsjava-2.1.7.jar:/home/user/.m2/repository/org/apache/hadoop/hadoop-hdfs/3.2.0/hadoop-hdfs-3.2.0-tests.jar:/home/user/.m2/repository/org/eclipse/jetty/jetty-util-ajax/9.3.25.v20180904/jetty-util-ajax-9.3.25.v20180904.jar:/home/user/.m2/repository/commons-daemon/commons-daemon/1.0.13/commons-daemon-1.0.13.jar:/home/user/.m2/repository/io/netty/netty/3.10.5.Final/netty-3.10.5.Final.jar:/home/user/.m2/repository/io/netty/netty-all/4.0.52.Final/netty-all-4.0.52.Final.jar:/home/user/.m2/repository/org/fusesource/leveldbjni/leveldbjni-all/1.8/leveldbjni-all-1.8.jar:"/>
    <property name="java.vm.vendor" value="Oracle Corporation"/>
    <property name="sun.arch.data.model" value="64"/>
    <property name="test.build.dir" value="/workdir/hadoop-ozone/integration-test/target/test-dir"/>
    <property name="test.cache.data" value=""/>
    <property name="java.vendor.url" value="http://java.oracle.com/"/>
    <property name="user.timezone" value=""/>
    <property name="java.vm.specification.version" value="1.8"/>
    <property name="os.name" value="Linux"/>
    <property name="test.build.data" value="/workdir/hadoop-ozone/integration-test/target/test-dir"/>
    <property name="user.country" value="US"/>
    <property name="sun.java.launcher" value="SUN_STANDARD"/>
    <property name="sun.boot.library.path" value="/usr/lib/jvm/java-1.8.0-openjdk-1.8.0.222.b10-1.el7_7.x86_64/jre/lib/amd64"/>
    <property name="sun.java.command" value="/workdir/hadoop-ozone/integration-test/target/surefire/surefirebooter2150540811331026216.jar /workdir/hadoop-ozone/integration-test/target/surefire 2019-10-23T11-46-49_845-jvmRun1 surefire1999461846831294293tmp surefire_26714002623279625004tmp"/>
    <property name="surefire.test.class.path" value="/workdir/hadoop-ozone/integration-test/target/test-classes:/workdir/hadoop-ozone/integration-test/target/classes:/home/user/.m2/repository/org/apache/hadoop/hadoop-ozone-common/0.5.0-SNAPSHOT/hadoop-ozone-common-0.5.0-SNAPSHOT.jar:/home/user/.m2/repository/org/apache/commons/commons-compress/1.4.1/commons-compress-1.4.1.jar:/home/user/.m2/repository/org/tukaani/xz/1.0/xz-1.0.jar:/home/user/.m2/repository/org/apache/hadoop/hadoop-common/3.2.0/hadoop-common-3.2.0.jar:/home/user/.m2/repository/org/apache/hadoop/hadoop-hdfs/3.2.0/hadoop-hdfs-3.2.0.jar:/home/user/.m2/repository/org/apache/hadoop/hadoop-hdfs-client/3.2.0/hadoop-hdfs-client-3.2.0.jar:/home/user/.m2/repository/com/fasterxml/jackson/core/jackson-annotations/2.9.9/jackson-annotations-2.9.9.jar:/home/user/.m2/repository/org/apache/hadoop/hadoop-hdds-common/0.5.0-SNAPSHOT/hadoop-hdds-common-0.5.0-SNAPSHOT.jar:/home/user/.m2/repository/javax/annotation/javax.annotation-api/1.2/javax.annotation-api-1.2.jar:/home/user/.m2/repository/org/apache/ratis/ratis-server/0.5.0-3f446aa-SNAPSHOT/ratis-server-0.5.0-3f446aa-SNAPSHOT.jar:/home/user/.m2/repository/org/apache/ratis/ratis-thirdparty-misc/0.2.0/ratis-thirdparty-misc-0.2.0.jar:/home/user/.m2/repository/org/apache/ratis/ratis-proto/0.5.0-3f446aa-SNAPSHOT/ratis-proto-0.5.0-3f446aa-SNAPSHOT.jar:/home/user/.m2/repository/org/apache/ratis/ratis-common/0.5.0-3f446aa-SNAPSHOT/ratis-common-0.5.0-3f446aa-SNAPSHOT.jar:/home/user/.m2/repository/org/apache/ratis/ratis-client/0.5.0-3f446aa-SNAPSHOT/ratis-client-0.5.0-3f446aa-SNAPSHOT.jar:/home/user/.m2/repository/org/apache/ratis/ratis-metrics/0.5.0-3f446aa-SNAPSHOT/ratis-metrics-0.5.0-3f446aa-SNAPSHOT.jar:/home/user/.m2/repository/com/github/joshelser/dropwizard-metrics-hadoop-metrics2-reporter/0.1.2/dropwizard-metrics-hadoop-metrics2-reporter-0.1.2.jar:/home/user/.m2/repository/io/dropwizard/metrics/metrics-jvm/3.2.5/metrics-jvm-3.2.5.jar:/home/user/.m2/repository/io/dropwizard/metrics/metrics-ganglia/3.2.5/metrics-ganglia-3.2.5.jar:/home/user/.m2/repository/info/ganglia/gmetric4j/gmetric4j/1.0.7/gmetric4j-1.0.7.jar:/home/user/.m2/repository/org/apache/ratis/ratis-netty/0.5.0-3f446aa-SNAPSHOT/ratis-netty-0.5.0-3f446aa-SNAPSHOT.jar:/home/user/.m2/repository/org/apache/ratis/ratis-grpc/0.5.0-3f446aa-SNAPSHOT/ratis-grpc-0.5.0-3f446aa-SNAPSHOT.jar:/home/user/.m2/repository/org/rocksdb/rocksdbjni/6.0.1/rocksdbjni-6.0.1.jar:/home/user/.m2/repository/org/apache/logging/log4j/log4j-api/2.11.0/log4j-api-2.11.0.jar:/home/user/.m2/repository/org/apache/logging/log4j/log4j-core/2.11.0/log4j-core-2.11.0.jar:/home/user/.m2/repository/com/lmax/disruptor/3.4.2/disruptor-3.4.2.jar:/home/user/.m2/repository/org/apache/commons/commons-pool2/2.6.0/commons-pool2-2.6.0.jar:/home/user/.m2/repository/org/bouncycastle/bcpkix-jdk15on/1.60/bcpkix-jdk15on-1.60.jar:/home/user/.m2/repository/commons-validator/commons-validator/1.6/commons-validator-1.6.jar:/home/user/.m2/repository/commons-digester/commons-digester/1.8.1/commons-digester-1.8.1.jar:/home/user/.m2/repository/io/jaegertracing/jaeger-client/0.34.0/jaeger-client-0.34.0.jar:/home/user/.m2/repository/io/jaegertracing/jaeger-thrift/0.34.0/jaeger-thrift-0.34.0.jar:/home/user/.m2/repository/org/apache/thrift/libthrift/0.12.0/libthrift-0.12.0.jar:/home/user/.m2/repository/com/squareup/okhttp3/okhttp/3.9.0/okhttp-3.9.0.jar:/home/user/.m2/repository/com/squareup/okio/okio/1.13.0/okio-1.13.0.jar:/home/user/.m2/repository/io/jaegertracing/jaeger-core/0.34.0/jaeger-core-0.34.0.jar:/home/user/.m2/repository/io/jaegertracing/jaeger-tracerresolver/0.34.0/jaeger-tracerresolver-0.34.0.jar:/home/user/.m2/repository/io/opentracing/contrib/opentracing-tracerresolver/0.1.5/opentracing-tracerresolver-0.1.5.jar:/home/user/.m2/repository/io/opentracing/opentracing-util/0.31.0/opentracing-util-0.31.0.jar:/home/user/.m2/repository/io/opentracing/opentracing-api/0.31.0/opentracing-api-0.31.0.jar:/home/user/.m2/repository/io/opentracing/opentracing-noop/0.31.0/opentracing-noop-0.31.0.jar:/home/user/.m2/repository/org/apache/hadoop/hadoop-hdds-server-framework/0.5.0-SNAPSHOT/hadoop-hdds-server-framework-0.5.0-SNAPSHOT.jar:/home/user/.m2/repository/org/apache/hadoop/hadoop-hdds-container-service/0.5.0-SNAPSHOT/hadoop-hdds-container-service-0.5.0-SNAPSHOT.jar:/home/user/.m2/repository/org/apache/hadoop/hadoop-hdds-client/0.5.0-SNAPSHOT/hadoop-hdds-client-0.5.0-SNAPSHOT.jar:/home/user/.m2/repository/org/apache/hadoop/hadoop-hdds-tools/0.5.0-SNAPSHOT/hadoop-hdds-tools-0.5.0-SNAPSHOT.jar:/home/user/.m2/repository/org/apache/hadoop/hadoop-hdds-server-scm/0.5.0-SNAPSHOT/hadoop-hdds-server-scm-0.5.0-SNAPSHOT.jar:/home/user/.m2/repository/org/apache/hadoop/hadoop-hdds-docs/0.5.0-SNAPSHOT/hadoop-hdds-docs-0.5.0-SNAPSHOT.jar:/home/user/.m2/repository/io/dropwizard/metrics/metrics-core/3.2.4/metrics-core-3.2.4.jar:/home/user/.m2/repository/org/hamcrest/hamcrest-all/1.3/hamcrest-all-1.3.jar:/home/user/.m2/repository/org/bouncycastle/bcprov-jdk15on/1.60/bcprov-jdk15on-1.60.jar:/home/user/.m2/repository/info/picocli/picocli/3.9.6/picocli-3.9.6.jar:/home/user/.m2/repository/com/google/protobuf/protobuf-java/2.5.0/protobuf-java-2.5.0.jar:/home/user/.m2/repository/com/google/guava/guava/11.0.2/guava-11.0.2.jar:/home/user/.m2/repository/org/apache/hadoop/hadoop-ozone-ozone-manager/0.5.0-SNAPSHOT/hadoop-ozone-ozone-manager-0.5.0-SNAPSHOT.jar:/home/user/.m2/repository/org/apache/hadoop/hadoop-minikdc/3.2.0/hadoop-minikdc-3.2.0.jar:/home/user/.m2/repository/commons-io/commons-io/2.5/commons-io-2.5.jar:/home/user/.m2/repository/org/apache/kerby/kerb-simplekdc/1.0.1/kerb-simplekdc-1.0.1.jar:/home/user/.m2/repository/org/apache/kerby/kerb-client/1.0.1/kerb-client-1.0.1.jar:/home/user/.m2/repository/org/apache/kerby/kerby-config/1.0.1/kerby-config-1.0.1.jar:/home/user/.m2/repository/org/apache/kerby/kerb-core/1.0.1/kerb-core-1.0.1.jar:/home/user/.m2/repository/org/apache/kerby/kerby-pkix/1.0.1/kerby-pkix-1.0.1.jar:/home/user/.m2/repository/org/apache/kerby/kerby-asn1/1.0.1/kerby-asn1-1.0.1.jar:/home/user/.m2/repository/org/apache/kerby/kerby-util/1.0.1/kerby-util-1.0.1.jar:/home/user/.m2/repository/org/apache/kerby/kerb-common/1.0.1/kerb-common-1.0.1.jar:/home/user/.m2/repository/org/apache/kerby/kerb-crypto/1.0.1/kerb-crypto-1.0.1.jar:/home/user/.m2/repository/org/apache/kerby/kerb-util/1.0.1/kerb-util-1.0.1.jar:/home/user/.m2/repository/org/apache/kerby/token-provider/1.0.1/token-provider-1.0.1.jar:/home/user/.m2/repository/org/apache/kerby/kerb-admin/1.0.1/kerb-admin-1.0.1.jar:/home/user/.m2/repository/org/apache/kerby/kerb-server/1.0.1/kerb-server-1.0.1.jar:/home/user/.m2/repository/org/apache/kerby/kerb-identity/1.0.1/kerb-identity-1.0.1.jar:/home/user/.m2/repository/org/apache/kerby/kerby-xdr/1.0.1/kerby-xdr-1.0.1.jar:/home/user/.m2/repository/org/slf4j/slf4j-log4j12/1.7.25/slf4j-log4j12-1.7.25.jar:/home/user/.m2/repository/org/apache/hadoop/hadoop-ozone-s3gateway/0.5.0-SNAPSHOT/hadoop-ozone-s3gateway-0.5.0-SNAPSHOT.jar:/home/user/.m2/repository/org/jboss/weld/servlet/weld-servlet/2.4.7.Final/weld-servlet-2.4.7.Final.jar:/home/user/.m2/repository/org/glassfish/jersey/containers/jersey-container-servlet-core/2.27/jersey-container-servlet-core-2.27.jar:/home/user/.m2/repository/org/glassfish/hk2/external/javax.inject/2.5.0-b42/javax.inject-2.5.0-b42.jar:/home/user/.m2/repository/org/glassfish/jersey/core/jersey-common/2.27/jersey-common-2.27.jar:/home/user/.m2/repository/org/glassfish/hk2/osgi-resource-locator/1.0.1/osgi-resource-locator-1.0.1.jar:/home/user/.m2/repository/javax/ws/rs/javax.ws.rs-api/2.1/javax.ws.rs-api-2.1.jar:/home/user/.m2/repository/org/glassfish/jersey/ext/cdi/jersey-cdi1x/2.27/jersey-cdi1x-2.27.jar:/home/user/.m2/repository/org/glassfish/jersey/inject/jersey-hk2/2.27/jersey-hk2-2.27.jar:/home/user/.m2/repository/org/glassfish/hk2/hk2-locator/2.5.0-b42/hk2-locator-2.5.0-b42.jar:/home/user/.m2/repository/org/javassist/javassist/3.22.0-CR2/javassist-3.22.0-CR2.jar:/home/user/.m2/repository/org/glassfish/hk2/hk2-api/2.5.0/hk2-api-2.5.0.jar:/home/user/.m2/repository/org/glassfish/hk2/external/jakarta.inject/2.5.0/jakarta.inject-2.5.0.jar:/home/user/.m2/repository/org/glassfish/hk2/hk2-utils/2.5.0/hk2-utils-2.5.0.jar:/home/user/.m2/repository/jakarta/annotation/jakarta.annotation-api/1.3.4/jakarta.annotation-api-1.3.4.jar:/home/user/.m2/repository/org/glassfish/hk2/external/aopalliance-repackaged/2.5.0/aopalliance-repackaged-2.5.0.jar:/home/user/.m2/repository/com/fasterxml/jackson/dataformat/jackson-dataformat-xml/2.9.0/jackson-dataformat-xml-2.9.0.jar:/home/user/.m2/repository/com/fasterxml/jackson/core/jackson-core/2.9.9/jackson-core-2.9.9.jar:/home/user/.m2/repository/com/fasterxml/jackson/module/jackson-module-jaxb-annotations/2.9.9/jackson-module-jaxb-annotations-2.9.9.jar:/home/user/.m2/repository/javax/enterprise/cdi-api/1.2/cdi-api-1.2.jar:/home/user/.m2/repository/javax/el/javax.el-api/3.0.0/javax.el-api-3.0.0.jar:/home/user/.m2/repository/javax/interceptor/javax.interceptor-api/1.2/javax.interceptor-api-1.2.jar:/home/user/.m2/repository/javax/inject/javax.inject/1/javax.inject-1.jar:/home/user/.m2/repository/com/sun/xml/bind/jaxb-impl/2.3.0.1/jaxb-impl-2.3.0.1.jar:/home/user/.m2/repository/com/sun/xml/bind/jaxb-core/2.3.0.1/jaxb-core-2.3.0.1.jar:/home/user/.m2/repository/javax/xml/bind/jaxb-api/2.3.0/jaxb-api-2.3.0.jar:/home/user/.m2/repository/javax/activation/activation/1.1.1/activation-1.1.1.jar:/home/user/.m2/repository/org/apache/hadoop/hadoop-ozone-csi/0.5.0-SNAPSHOT/hadoop-ozone-csi-0.5.0-SNAPSHOT.jar:/home/user/.m2/repository/com/google/protobuf/protobuf-java-util/3.5.1/protobuf-java-util-3.5.1.jar:/home/user/.m2/repository/org/apache/hadoop/hadoop-hdds-config/0.5.0-SNAPSHOT/hadoop-hdds-config-0.5.0-SNAPSHOT.jar:/home/user/.m2/repository/io/grpc/grpc-netty/1.17.1/grpc-netty-1.17.1.jar:/home/user/.m2/repository/io/grpc/grpc-core/1.17.1/grpc-core-1.17.1.jar:/home/user/.m2/repository/io/grpc/grpc-context/1.17.1/grpc-context-1.17.1.jar:/home/user/.m2/repository/com/google/errorprone/error_prone_annotations/2.2.0/error_prone_annotations-2.2.0.jar:/home/user/.m2/repository/org/codehaus/mojo/animal-sniffer-annotations/1.17/animal-sniffer-annotations-1.17.jar:/home/user/.m2/repository/io/opencensus/opencensus-api/0.17.0/opencensus-api-0.17.0.jar:/home/user/.m2/repository/io/opencensus/opencensus-contrib-grpc-metrics/0.17.0/opencensus-contrib-grpc-metrics-0.17.0.jar:/home/user/.m2/repository/io/netty/netty-codec-http2/4.1.30.Final/netty-codec-http2-4.1.30.Final.jar:/home/user/.m2/repository/io/netty/netty-codec-http/4.1.30.Final/netty-codec-http-4.1.30.Final.jar:/home/user/.m2/repository/io/netty/netty-codec/4.1.30.Final/netty-codec-4.1.30.Final.jar:/home/user/.m2/repository/io/netty/netty-handler/4.1.30.Final/netty-handler-4.1.30.Final.jar:/home/user/.m2/repository/io/netty/netty-handler-proxy/4.1.30.Final/netty-handler-proxy-4.1.30.Final.jar:/home/user/.m2/repository/io/netty/netty-codec-socks/4.1.30.Final/netty-codec-socks-4.1.30.Final.jar:/home/user/.m2/repository/io/netty/netty-transport-native-epoll/4.1.30.Final/netty-transport-native-epoll-4.1.30.Final.jar:/home/user/.m2/repository/io/netty/netty-common/4.1.30.Final/netty-common-4.1.30.Final.jar:/home/user/.m2/repository/io/netty/netty-buffer/4.1.30.Final/netty-buffer-4.1.30.Final.jar:/home/user/.m2/repository/io/netty/netty-transport/4.1.30.Final/netty-transport-4.1.30.Final.jar:/home/user/.m2/repository/io/netty/netty-resolver/4.1.30.Final/netty-resolver-4.1.30.Final.jar:/home/user/.m2/repository/io/netty/netty-transport-native-unix-common/4.1.30.Final/netty-transport-native-unix-common-4.1.30.Final.jar:/home/user/.m2/repository/io/grpc/grpc-protobuf/1.17.1/grpc-protobuf-1.17.1.jar:/home/user/.m2/repository/com/google/api/grpc/proto-google-common-protos/1.0.0/proto-google-common-protos-1.0.0.jar:/home/user/.m2/repository/io/grpc/grpc-protobuf-lite/1.17.1/grpc-protobuf-lite-1.17.1.jar:/home/user/.m2/repository/io/grpc/grpc-stub/1.17.1/grpc-stub-1.17.1.jar:/home/user/.m2/repository/org/apache/hadoop/hadoop-ozone-recon/0.5.0-SNAPSHOT/hadoop-ozone-recon-0.5.0-SNAPSHOT.jar:/home/user/.m2/repository/org/apache/hadoop/hadoop-ozone-reconcodegen/0.5.0-SNAPSHOT/hadoop-ozone-reconcodegen-0.5.0-SNAPSHOT.jar:/home/user/.m2/repository/com/google/inject/extensions/guice-multibindings/4.0/guice-multibindings-4.0.jar:/home/user/.m2/repository/com/google/inject/guice/4.0/guice-4.0.jar:/home/user/.m2/repository/aopalliance/aopalliance/1.0/aopalliance-1.0.jar:/home/user/.m2/repository/com/google/inject/extensions/guice-servlet/4.0/guice-servlet-4.0.jar:/home/user/.m2/repository/org/glassfish/jersey/containers/jersey-container-servlet/2.27/jersey-container-servlet-2.27.jar:/home/user/.m2/repository/org/glassfish/hk2/guice-bridge/2.5.0/guice-bridge-2.5.0.jar:/home/user/.m2/repository/org/glassfish/jersey/core/jersey-server/2.27/jersey-server-2.27.jar:/home/user/.m2/repository/org/glassfish/jersey/core/jersey-client/2.27/jersey-client-2.27.jar:/home/user/.m2/repository/org/glassfish/jersey/media/jersey-media-jaxb/2.27/jersey-media-jaxb-2.27.jar:/home/user/.m2/repository/javax/validation/validation-api/1.1.0.Final/validation-api-1.1.0.Final.jar:/home/user/.m2/repository/org/glassfish/jersey/media/jersey-media-json-jackson/2.27/jersey-media-json-jackson-2.27.jar:/home/user/.m2/repository/org/glassfish/jersey/ext/jersey-entity-filtering/2.27/jersey-entity-filtering-2.27.jar:/home/user/.m2/repository/com/google/inject/extensions/guice-assistedinject/4.0/guice-assistedinject-4.0.jar:/home/user/.m2/repository/org/jooq/jooq/3.11.10/jooq-3.11.10.jar:/home/user/.m2/repository/org/jooq/jooq-meta/3.11.10/jooq-meta-3.11.10.jar:/home/user/.m2/repository/org/jooq/jooq-codegen/3.11.10/jooq-codegen-3.11.10.jar:/home/user/.m2/repository/com/jolbox/bonecp/0.8.0.RELEASE/bonecp-0.8.0.RELEASE.jar:/home/user/.m2/repository/org/xerial/sqlite-jdbc/3.25.2/sqlite-jdbc-3.25.2.jar:/home/user/.m2/repository/org/springframework/spring-jdbc/5.1.3.RELEASE/spring-jdbc-5.1.3.RELEASE.jar:/home/user/.m2/repository/org/springframework/spring-beans/5.1.3.RELEASE/spring-beans-5.1.3.RELEASE.jar:/home/user/.m2/repository/org/springframework/spring-core/5.1.3.RELEASE/spring-core-5.1.3.RELEASE.jar:/home/user/.m2/repository/org/springframework/spring-jcl/5.1.3.RELEASE/spring-jcl-5.1.3.RELEASE.jar:/home/user/.m2/repository/org/springframework/spring-tx/5.1.3.RELEASE/spring-tx-5.1.3.RELEASE.jar:/home/user/.m2/repository/org/apache/hadoop/hadoop-ozone-client/0.5.0-SNAPSHOT/hadoop-ozone-client-0.5.0-SNAPSHOT.jar:/home/user/.m2/repository/commons-lang/commons-lang/2.6/commons-lang-2.6.jar:/home/user/.m2/repository/org/apache/hadoop/hadoop-ozone-ozone-manager/0.5.0-SNAPSHOT/hadoop-ozone-ozone-manager-0.5.0-SNAPSHOT-tests.jar:/home/user/.m2/repository/junit/junit/4.11/junit-4.11.jar:/home/user/.m2/repository/org/hamcrest/hamcrest-core/1.3/hamcrest-core-1.3.jar:/home/user/.m2/repository/org/openjdk/jmh/jmh-core/1.19/jmh-core-1.19.jar:/home/user/.m2/repository/net/sf/jopt-simple/jopt-simple/4.6/jopt-simple-4.6.jar:/home/user/.m2/repository/org/apache/commons/commons-math3/3.1.1/commons-math3-3.1.1.jar:/home/user/.m2/repository/org/openjdk/jmh/jmh-generator-annprocess/1.19/jmh-generator-annprocess-1.19.jar:/home/user/.m2/repository/org/mockito/mockito-all/1.8.5/mockito-all-1.8.5.jar:/home/user/.m2/repository/org/apache/hadoop/hadoop-kms/3.2.0/hadoop-kms-3.2.0.jar:/home/user/.m2/repository/org/apache/hadoop/hadoop-auth/3.2.0/hadoop-auth-3.2.0.jar:/home/user/.m2/repository/com/nimbusds/nimbus-jose-jwt/4.41.1/nimbus-jose-jwt-4.41.1.jar:/home/user/.m2/repository/com/github/stephenc/jcip/jcip-annotations/1.0-1/jcip-annotations-1.0-1.jar:/home/user/.m2/repository/net/minidev/json-smart/2.3/json-smart-2.3.jar:/home/user/.m2/repository/net/minidev/accessors-smart/1.2/accessors-smart-1.2.jar:/home/user/.m2/repository/org/ow2/asm/asm/5.0.4/asm-5.0.4.jar:/home/user/.m2/repository/org/apache/curator/curator-framework/2.12.0/curator-framework-2.12.0.jar:/home/user/.m2/repository/com/sun/jersey/jersey-core/1.19/jersey-core-1.19.jar:/home/user/.m2/repository/javax/ws/rs/jsr311-api/1.1.1/jsr311-api-1.1.1.jar:/home/user/.m2/repository/com/sun/jersey/jersey-server/1.19/jersey-server-1.19.jar:/home/user/.m2/repository/javax/servlet/javax.servlet-api/3.1.0/javax.servlet-api-3.1.0.jar:/home/user/.m2/repository/org/eclipse/jetty/jetty-server/9.3.25.v20180904/jetty-server-9.3.25.v20180904.jar:/home/user/.m2/repository/org/eclipse/jetty/jetty-http/9.3.25.v20180904/jetty-http-9.3.25.v20180904.jar:/home/user/.m2/repository/org/eclipse/jetty/jetty-io/9.3.25.v20180904/jetty-io-9.3.25.v20180904.jar:/home/user/.m2/repository/org/eclipse/jetty/jetty-webapp/9.3.25.v20180904/jetty-webapp-9.3.25.v20180904.jar:/home/user/.m2/repository/org/eclipse/jetty/jetty-xml/9.3.25.v20180904/jetty-xml-9.3.25.v20180904.jar:/home/user/.m2/repository/log4j/log4j/1.2.17/log4j-1.2.17.jar:/home/user/.m2/repository/org/slf4j/slf4j-api/1.7.25/slf4j-api-1.7.25.jar:/home/user/.m2/repository/org/slf4j/jul-to-slf4j/1.7.25/jul-to-slf4j-1.7.25.jar:/home/user/.m2/repository/org/eclipse/jetty/jetty-util/9.3.25.v20180904/jetty-util-9.3.25.v20180904.jar:/home/user/.m2/repository/com/fasterxml/jackson/core/jackson-databind/2.9.9/jackson-databind-2.9.9.jar:/home/user/.m2/repository/org/apache/hadoop/hadoop-kms/3.2.0/hadoop-kms-3.2.0-tests.jar:/home/user/.m2/repository/org/apache/hadoop/hadoop-hdds-server-scm/0.5.0-SNAPSHOT/hadoop-hdds-server-scm-0.5.0-SNAPSHOT-tests.jar:/home/user/.m2/repository/org/apache/hadoop/hadoop-hdds-container-service/0.5.0-SNAPSHOT/hadoop-hdds-container-service-0.5.0-SNAPSHOT-tests.jar:/home/user/.m2/repository/org/yaml/snakeyaml/1.16/snakeyaml-1.16.jar:/home/user/.m2/repository/org/apache/hadoop/hadoop-common/3.2.0/hadoop-common-3.2.0-tests.jar:/home/user/.m2/repository/org/apache/hadoop/hadoop-annotations/3.2.0/hadoop-annotations-3.2.0.jar:/usr/lib/jvm/java-1.8.0-openjdk-1.8.0.222.b10-1.el7_7.x86_64/jre/../lib/tools.jar:/home/user/.m2/repository/commons-cli/commons-cli/1.2/commons-cli-1.2.jar:/home/user/.m2/repository/org/apache/httpcomponents/httpclient/4.5.2/httpclient-4.5.2.jar:/home/user/.m2/repository/org/apache/httpcomponents/httpcore/4.4.4/httpcore-4.4.4.jar:/home/user/.m2/repository/commons-codec/commons-codec/1.11/commons-codec-1.11.jar:/home/user/.m2/repository/commons-net/commons-net/3.6/commons-net-3.6.jar:/home/user/.m2/repository/commons-collections/commons-collections/3.2.2/commons-collections-3.2.2.jar:/home/user/.m2/repository/org/eclipse/jetty/jetty-servlet/9.3.25.v20180904/jetty-servlet-9.3.25.v20180904.jar:/home/user/.m2/repository/org/eclipse/jetty/jetty-security/9.3.25.v20180904/jetty-security-9.3.25.v20180904.jar:/home/user/.m2/repository/javax/servlet/jsp/jsp-api/2.1/jsp-api-2.1.jar:/home/user/.m2/repository/com/sun/jersey/jersey-servlet/1.19/jersey-servlet-1.19.jar:/home/user/.m2/repository/com/sun/jersey/jersey-json/1.19/jersey-json-1.19.jar:/home/user/.m2/repository/org/codehaus/jettison/jettison/1.1/jettison-1.1.jar:/home/user/.m2/repository/org/codehaus/jackson/jackson-core-asl/1.9.13/jackson-core-asl-1.9.13.jar:/home/user/.m2/repository/org/codehaus/jackson/jackson-mapper-asl/1.9.13/jackson-mapper-asl-1.9.13.jar:/home/user/.m2/repository/org/codehaus/jackson/jackson-jaxrs/1.9.13/jackson-jaxrs-1.9.13.jar:/home/user/.m2/repository/org/codehaus/jackson/jackson-xc/1.9.13/jackson-xc-1.9.13.jar:/home/user/.m2/repository/commons-logging/commons-logging/1.1.3/commons-logging-1.1.3.jar:/home/user/.m2/repository/commons-beanutils/commons-beanutils/1.9.4/commons-beanutils-1.9.4.jar:/home/user/.m2/repository/org/apache/commons/commons-configuration2/2.1.1/commons-configuration2-2.1.1.jar:/home/user/.m2/repository/org/apache/commons/commons-lang3/3.7/commons-lang3-3.7.jar:/home/user/.m2/repository/org/apache/commons/commons-text/1.4/commons-text-1.4.jar:/home/user/.m2/repository/org/apache/avro/avro/1.7.7/avro-1.7.7.jar:/home/user/.m2/repository/com/thoughtworks/paranamer/paranamer/2.3/paranamer-2.3.jar:/home/user/.m2/repository/org/xerial/snappy/snappy-java/1.0.5/snappy-java-1.0.5.jar:/home/user/.m2/repository/com/google/re2j/re2j/1.1/re2j-1.1.jar:/home/user/.m2/repository/com/google/code/gson/gson/2.2.4/gson-2.2.4.jar:/home/user/.m2/repository/com/jcraft/jsch/0.1.54/jsch-0.1.54.jar:/home/user/.m2/repository/org/apache/curator/curator-client/2.12.0/curator-client-2.12.0.jar:/home/user/.m2/repository/org/apache/curator/curator-recipes/2.12.0/curator-recipes-2.12.0.jar:/home/user/.m2/repository/com/google/code/findbugs/jsr305/3.0.0/jsr305-3.0.0.jar:/home/user/.m2/repository/org/apache/htrace/htrace-core4/4.1.0-incubating/htrace-core4-4.1.0-incubating.jar:/home/user/.m2/repository/org/apache/zookeeper/zookeeper/3.4.13/zookeeper-3.4.13.jar:/home/user/.m2/repository/jline/jline/0.9.94/jline-0.9.94.jar:/home/user/.m2/repository/org/apache/yetus/audience-annotations/0.5.0/audience-annotations-0.5.0.jar:/home/user/.m2/repository/org/codehaus/woodstox/stax2-api/3.1.4/stax2-api-3.1.4.jar:/home/user/.m2/repository/com/fasterxml/woodstox/woodstox-core/5.0.3/woodstox-core-5.0.3.jar:/home/user/.m2/repository/dnsjava/dnsjava/2.1.7/dnsjava-2.1.7.jar:/home/user/.m2/repository/org/apache/hadoop/hadoop-hdfs/3.2.0/hadoop-hdfs-3.2.0-tests.jar:/home/user/.m2/repository/org/eclipse/jetty/jetty-util-ajax/9.3.25.v20180904/jetty-util-ajax-9.3.25.v20180904.jar:/home/user/.m2/repository/commons-daemon/commons-daemon/1.0.13/commons-daemon-1.0.13.jar:/home/user/.m2/repository/io/netty/netty/3.10.5.Final/netty-3.10.5.Final.jar:/home/user/.m2/repository/io/netty/netty-all/4.0.52.Final/netty-all-4.0.52.Final.jar:/home/user/.m2/repository/org/fusesource/leveldbjni/leveldbjni-all/1.8/leveldbjni-all-1.8.jar:"/>
    <property name="sun.cpu.endian" value="little"/>
    <property name="user.home" value="/home/user"/>
    <property name="user.language" value="en"/>
    <property name="java.specification.vendor" value="Oracle Corporation"/>
    <property name="java.home" value="/usr/lib/jvm/java-1.8.0-openjdk-1.8.0.222.b10-1.el7_7.x86_64/jre"/>
    <property name="surefire.excludesFile" value="/tools/ozone-bad-unit-tests"/>
    <property name="java.security.krb5.conf" value="/workdir/hadoop-ozone/integration-test/target/test-classes/krb5.conf"/>
    <property name="basedir" value="/workdir/hadoop-ozone/integration-test"/>
    <property name="file.separator" value="/"/>
    <property name="line.separator" value="&#10;"/>
    <property name="java.vm.specification.vendor" value="Oracle Corporation"/>
    <property name="java.specification.name" value="Java Platform API Specification"/>
    <property name="java.awt.graphicsenv" value="sun.awt.X11GraphicsEnvironment"/>
    <property name="surefire.real.class.path" value="/workdir/hadoop-ozone/integration-test/target/surefire/surefirebooter2150540811331026216.jar"/>
    <property name="hadoop.log.dir" value="/workdir/hadoop-ozone/integration-test/target/log"/>
    <property name="sun.boot.class.path" value="/usr/lib/jvm/java-1.8.0-openjdk-1.8.0.222.b10-1.el7_7.x86_64/jre/lib/resources.jar:/usr/lib/jvm/java-1.8.0-openjdk-1.8.0.222.b10-1.el7_7.x86_64/jre/lib/rt.jar:/usr/lib/jvm/java-1.8.0-openjdk-1.8.0.222.b10-1.el7_7.x86_64/jre/lib/sunrsasign.jar:/usr/lib/jvm/java-1.8.0-openjdk-1.8.0.222.b10-1.el7_7.x86_64/jre/lib/jsse.jar:/usr/lib/jvm/java-1.8.0-openjdk-1.8.0.222.b10-1.el7_7.x86_64/jre/lib/jce.jar:/usr/lib/jvm/java-1.8.0-openjdk-1.8.0.222.b10-1.el7_7.x86_64/jre/lib/charsets.jar:/usr/lib/jvm/java-1.8.0-openjdk-1.8.0.222.b10-1.el7_7.x86_64/jre/lib/jfr.jar:/usr/lib/jvm/java-1.8.0-openjdk-1.8.0.222.b10-1.el7_7.x86_64/jre/classes"/>
    <property name="sun.management.compiler" value="HotSpot 64-Bit Tiered Compilers"/>
    <property name="java.runtime.version" value="1.8.0_222-b10"/>
    <property name="java.net.preferIPv4Stack" value="true"/>
    <property name="user.name" value="jenkins1000"/>
    <property name="path.separator" value=":"/>
    <property name="java.security.egd" value="file:///dev/urandom"/>
    <property name="os.version" value="3.10.0-957.12.2.el7.x86_64"/>
    <property name="java.endorsed.dirs" value="/usr/lib/jvm/java-1.8.0-openjdk-1.8.0.222.b10-1.el7_7.x86_64/jre/lib/endorsed"/>
    <property name="java.runtime.name" value="OpenJDK Runtime Environment"/>
    <property name="file.encoding" value="ANSI_X3.4-1968"/>
    <property name="java.vm.name" value="OpenJDK 64-Bit Server VM"/>
    <property name="test.build.webapps" value=""/>
    <property name="localRepository" value="/home/user/.m2/repository"/>
    <property name="java.vendor.url.bug" value="http://bugreport.sun.com/bugreport/"/>
    <property name="java.io.tmpdir" value="/tmp"/>
    <property name="require.test.libhadoop" value=""/>
    <property name="java.version" value="1.8.0_222"/>
    <property name="user.dir" value="/workdir/hadoop-ozone/integration-test"/>
    <property name="os.arch" value="amd64"/>
    <property name="java.vm.specification.name" value="Java Virtual Machine Specification"/>
    <property name="test.build.classes" value="/workdir/hadoop-ozone/integration-test/target/test-classes"/>
    <property name="java.awt.printerjob" value="sun.print.PSPrinterJob"/>
    <property name="sun.os.patch.level" value="unknown"/>
    <property name="hadoop.tmp.dir" value="/workdir/hadoop-ozone/integration-test/target/tmp"/>
    <property name="java.library.path" value="/usr/lib:/workdir/hadoop-ozone/integration-test/target/native/target/usr/local/lib:/workdir/hadoop-ozone/integration-test/../../hadoop-common-project/hadoop-common/target/native/target/usr/local/lib:/usr/java/packages/lib/amd64:/usr/lib64:/lib64:/lib:/usr/lib"/>
    <property name="java.vm.info" value="mixed mode"/>
    <property name="java.vendor" value="Oracle Corporation"/>
    <property name="java.vm.version" value="25.222-b10"/>
    <property name="java.ext.dirs" value="/usr/lib/jvm/java-1.8.0-openjdk-1.8.0.222.b10-1.el7_7.x86_64/jre/lib/ext:/usr/java/packages/lib/ext"/>
    <property name="sun.io.unicode.encoding" value="UnicodeLittle"/>
    <property name="java.class.version" value="52.0"/>
  </properties>
  <testcase name="testDeleteKeyWithSlowFollower" classname="org.apache.hadoop.ozone.client.rpc.TestDeleteWithSlowFollower" time="111.747">
    <failure type="java.lang.AssertionError">java.lang.AssertionError
	at org.junit.Assert.fail(Assert.java:86)
	at org.junit.Assert.assertTrue(Assert.java:41)
	at org.junit.Assert.assertTrue(Assert.java:52)
	at org.apache.hadoop.ozone.client.rpc.TestDeleteWithSlowFollower.testDeleteKeyWithSlowFollower(TestDeleteWithSlowFollower.java:265)
	at sun.reflect.NativeMethodAccessorImpl.invoke0(Native Method)
	at sun.reflect.NativeMethodAccessorImpl.invoke(NativeMethodAccessorImpl.java:62)
	at sun.reflect.DelegatingMethodAccessorImpl.invoke(DelegatingMethodAccessorImpl.java:43)
	at java.lang.reflect.Method.invoke(Method.java:498)
	at org.junit.runners.model.FrameworkMethod$1.runReflectiveCall(FrameworkMethod.java:47)
	at org.junit.internal.runners.model.ReflectiveCallable.run(ReflectiveCallable.java:12)
	at org.junit.runners.model.FrameworkMethod.invokeExplosively(FrameworkMethod.java:44)
	at org.junit.internal.runners.statements.InvokeMethod.evaluate(InvokeMethod.java:17)
	at org.junit.runners.ParentRunner.runLeaf(ParentRunner.java:271)
	at org.junit.runners.BlockJUnit4ClassRunner.runChild(BlockJUnit4ClassRunner.java:70)
	at org.junit.runners.BlockJUnit4ClassRunner.runChild(BlockJUnit4ClassRunner.java:50)
	at org.junit.runners.ParentRunner$3.run(ParentRunner.java:238)
	at org.junit.runners.ParentRunner$1.schedule(ParentRunner.java:63)
	at org.junit.runners.ParentRunner.runChildren(ParentRunner.java:236)
	at org.junit.runners.ParentRunner.access$000(ParentRunner.java:53)
	at org.junit.runners.ParentRunner$2.evaluate(ParentRunner.java:229)
	at org.junit.internal.runners.statements.RunBefores.evaluate(RunBefores.java:26)
	at org.junit.internal.runners.statements.RunAfters.evaluate(RunAfters.java:27)
	at org.junit.runners.ParentRunner.run(ParentRunner.java:309)
	at org.apache.maven.surefire.junit4.JUnit4Provider.execute(JUnit4Provider.java:365)
	at org.apache.maven.surefire.junit4.JUnit4Provider.executeWithRerun(JUnit4Provider.java:273)
	at org.apache.maven.surefire.junit4.JUnit4Provider.executeTestSet(JUnit4Provider.java:238)
	at org.apache.maven.surefire.junit4.JUnit4Provider.invoke(JUnit4Provider.java:159)
	at org.apache.maven.surefire.booter.ForkedBooter.invokeProviderInSameClassLoader(ForkedBooter.java:384)
	at org.apache.maven.surefire.booter.ForkedBooter.runSuitesInProcess(ForkedBooter.java:345)
	at org.apache.maven.surefire.booter.ForkedBooter.execute(ForkedBooter.java:126)
	at org.apache.maven.surefire.booter.ForkedBooter.main(ForkedBooter.java:418)
</failure>
    <system-out><![CDATA[2019-10-23 12:21:22,262 [main] WARN  server.ServerUtils (ServerUtils.java:getScmDbDir(145)) - ozone.scm.db.dirs is not configured. We recommend adding this setting. Falling back to ozone.metadata.dirs instead.
2019-10-23 12:21:22,385 [main] WARN  server.ServerUtils (ServerUtils.java:getScmDbDir(145)) - ozone.scm.db.dirs is not configured. We recommend adding this setting. Falling back to ozone.metadata.dirs instead.
2019-10-23 12:21:22,388 [main] WARN  server.ServerUtils (ServerUtils.java:getScmDbDir(145)) - ozone.scm.db.dirs is not configured. We recommend adding this setting. Falling back to ozone.metadata.dirs instead.
2019-10-23 12:21:22,411 [main] INFO  util.log (Log.java:initialized(192)) - Logging initialized @891ms
2019-10-23 12:21:22,495 [main] INFO  db.DBStoreBuilder (DBStoreBuilder.java:addTable(117)) - using custom profile for table: deletedBlocks
2019-10-23 12:21:22,496 [main] INFO  db.DBStoreBuilder (DBStoreBuilder.java:processTables(168)) - Using default column profile:DBProfile.DISK for Table:deletedBlocks
2019-10-23 12:21:22,496 [main] INFO  db.DBStoreBuilder (DBStoreBuilder.java:addTable(117)) - using custom profile for table: validCerts
2019-10-23 12:21:22,496 [main] INFO  db.DBStoreBuilder (DBStoreBuilder.java:processTables(168)) - Using default column profile:DBProfile.DISK for Table:validCerts
2019-10-23 12:21:22,496 [main] INFO  db.DBStoreBuilder (DBStoreBuilder.java:addTable(117)) - using custom profile for table: revokedCerts
2019-10-23 12:21:22,497 [main] INFO  db.DBStoreBuilder (DBStoreBuilder.java:processTables(168)) - Using default column profile:DBProfile.DISK for Table:revokedCerts
2019-10-23 12:21:22,507 [main] INFO  db.DBStoreBuilder (DBStoreBuilder.java:addTable(117)) - using custom profile for table: default
2019-10-23 12:21:22,507 [main] INFO  db.DBStoreBuilder (DBStoreBuilder.java:processTables(174)) - Using default column profile:DBProfile.DISK for Table:default
2019-10-23 12:21:22,508 [main] INFO  db.DBStoreBuilder (DBStoreBuilder.java:getDbProfile(205)) - Using default options. DBProfile.DISK
2019-10-23 12:21:22,788 [main] INFO  net.NodeSchemaLoader (NodeSchemaLoader.java:loadSchemaFromFile(125)) - Loading file from sun.misc.CompoundEnumeration@74235045
2019-10-23 12:21:22,789 [main] INFO  net.NodeSchemaLoader (NodeSchemaLoader.java:loadSchema(171)) - Loading network topology layer schema file
2019-10-23 12:21:22,847 [main] WARN  server.ServerUtils (ServerUtils.java:sanitizeUserArgs(70)) - ozone.scm.stale.node.interval value = 1000000 is larger than max = 100000 based on the key value of ozone.scm.heartbeat.thread.interval, reset to the max value 100000.
2019-10-23 12:21:22,849 [main] WARN  server.ServerUtils (ServerUtils.java:sanitizeUserArgs(70)) - ozone.scm.stale.node.interval value = 1000000 is larger than max = 100000 based on the key value of ozone.scm.heartbeat.thread.interval, reset to the max value 100000.
2019-10-23 12:21:22,851 [main] INFO  node.SCMNodeManager (SCMNodeManager.java:<init>(116)) - Entering startup safe mode.
2019-10-23 12:21:22,912 [main] INFO  algorithms.ContainerPlacementPolicyFactory (ContainerPlacementPolicyFactory.java:getPolicy(57)) - Create container placement policy of type org.apache.hadoop.hdds.scm.container.placement.algorithms.SCMContainerPlacementRandom
2019-10-23 12:21:22,925 [main] WARN  server.ServerUtils (ServerUtils.java:getScmDbDir(145)) - ozone.scm.db.dirs is not configured. We recommend adding this setting. Falling back to ozone.metadata.dirs instead.
2019-10-23 12:21:23,017 [main] INFO  pipeline.SCMPipelineManager (SCMPipelineManager.java:initializePipelineState(132)) - No pipeline exists in current db
2019-10-23 12:21:23,020 [main] WARN  server.ServerUtils (ServerUtils.java:getScmDbDir(145)) - ozone.scm.db.dirs is not configured. We recommend adding this setting. Falling back to ozone.metadata.dirs instead.
2019-10-23 12:21:23,138 [main] WARN  events.EventQueue (EventQueue.java:fireEvent(183)) - No event handler registered for event TypedEvent{payloadType=SafeModeStatus, name='SafeModeStatus'}
2019-10-23 12:21:23,476 [main] INFO  ipc.CallQueueManager (CallQueueManager.java:<init>(84)) - Using callQueue: class java.util.concurrent.LinkedBlockingQueue, queueCapacity: 2000, scheduler: class org.apache.hadoop.ipc.DefaultRpcScheduler, ipcBackoff: false.
2019-10-23 12:21:23,600 [Socket Reader #1 for port 41027] INFO  ipc.Server (Server.java:run(1074)) - Starting Socket Reader #1 for port 41027
2019-10-23 12:21:23,622 [main] INFO  ipc.CallQueueManager (CallQueueManager.java:<init>(84)) - Using callQueue: class java.util.concurrent.LinkedBlockingQueue, queueCapacity: 2000, scheduler: class org.apache.hadoop.ipc.DefaultRpcScheduler, ipcBackoff: false.
2019-10-23 12:21:23,623 [Socket Reader #1 for port 38930] INFO  ipc.Server (Server.java:run(1074)) - Starting Socket Reader #1 for port 38930
2019-10-23 12:21:23,629 [main] INFO  ipc.CallQueueManager (CallQueueManager.java:<init>(84)) - Using callQueue: class java.util.concurrent.LinkedBlockingQueue, queueCapacity: 2000, scheduler: class org.apache.hadoop.ipc.DefaultRpcScheduler, ipcBackoff: false.
2019-10-23 12:21:23,630 [Socket Reader #1 for port 34259] INFO  ipc.Server (Server.java:run(1074)) - Starting Socket Reader #1 for port 34259
2019-10-23 12:21:23,648 [main] INFO  hdfs.DFSUtil (DFSUtil.java:httpServerTemplateForNNAndJN(1641)) - Starting Web-server for scm at: http://0.0.0.0:0
2019-10-23 12:21:23,809 [main] INFO  server.AuthenticationFilter (AuthenticationFilter.java:constructSecretProvider(240)) - Unable to initialize FileSignerSecretProvider, falling back to use random secrets.
2019-10-23 12:21:23,819 [main] WARN  http.HttpRequestLog (HttpRequestLog.java:getRequestLog(97)) - Jetty request log can only be enabled using Log4j
2019-10-23 12:21:23,827 [main] INFO  http.HttpServer2 (HttpServer2.java:addGlobalFilter(975)) - Added global filter 'safety' (class=org.apache.hadoop.http.HttpServer2$QuotingInputFilter)
2019-10-23 12:21:23,830 [main] INFO  http.HttpServer2 (HttpServer2.java:addFilter(948)) - Added filter static_user_filter (class=org.apache.hadoop.http.lib.StaticUserWebFilter$StaticUserFilter) to context scm
2019-10-23 12:21:23,830 [main] INFO  http.HttpServer2 (HttpServer2.java:addFilter(958)) - Added filter static_user_filter (class=org.apache.hadoop.http.lib.StaticUserWebFilter$StaticUserFilter) to context static
2019-10-23 12:21:23,831 [main] INFO  http.HttpServer2 (HttpServer2.java:addFilter(958)) - Added filter static_user_filter (class=org.apache.hadoop.http.lib.StaticUserWebFilter$StaticUserFilter) to context logs
2019-10-23 12:21:23,864 [main] INFO  server.StorageContainerManager (StorageContainerManager.java:start(772)) - StorageContainerLocationProtocol RPC server is listening at /0.0.0.0:34259
2019-10-23 12:21:23,938 [main] WARN  impl.MetricsConfig (MetricsConfig.java:loadFirst(134)) - Cannot locate configuration: tried hadoop-metrics2-storagecontainermanager.properties,hadoop-metrics2.properties
2019-10-23 12:21:23,951 [main] INFO  impl.MetricsSystemImpl (MetricsSystemImpl.java:startTimer(374)) - Scheduled Metric snapshot period at 10 second(s).
2019-10-23 12:21:23,951 [main] INFO  impl.MetricsSystemImpl (MetricsSystemImpl.java:start(191)) - StorageContainerManager metrics system started
2019-10-23 12:21:24,161 [main] INFO  server.SCMClientProtocolServer (SCMClientProtocolServer.java:start(159)) - RPC server for Client  is listening at /0.0.0.0:34259
2019-10-23 12:21:24,162 [IPC Server Responder] INFO  ipc.Server (Server.java:run(1314)) - IPC Server Responder: starting
2019-10-23 12:21:24,162 [IPC Server listener on 34259] INFO  ipc.Server (Server.java:run(1153)) - IPC Server listener on 34259: starting
2019-10-23 12:21:24,165 [main] INFO  server.StorageContainerManager (StorageContainerManager.java:start(782)) - ScmBlockLocationProtocol RPC server is listening at /0.0.0.0:38930
2019-10-23 12:21:24,166 [main] INFO  server.SCMBlockProtocolServer (SCMBlockProtocolServer.java:start(146)) - RPC server for Block Protocol is listening at /0.0.0.0:38930
2019-10-23 12:21:24,167 [IPC Server Responder] INFO  ipc.Server (Server.java:run(1314)) - IPC Server Responder: starting
2019-10-23 12:21:24,167 [IPC Server listener on 38930] INFO  ipc.Server (Server.java:run(1153)) - IPC Server listener on 38930: starting
2019-10-23 12:21:24,169 [main] INFO  server.StorageContainerManager (StorageContainerManager.java:start(786)) - ScmDatanodeProtocl RPC server is listening at /0.0.0.0:41027
2019-10-23 12:21:24,169 [main] INFO  server.SCMDatanodeProtocolServer (SCMDatanodeProtocolServer.java:start(169)) - RPC server for DataNodes is listening at /0.0.0.0:41027
2019-10-23 12:21:24,170 [IPC Server Responder] INFO  ipc.Server (Server.java:run(1314)) - IPC Server Responder: starting
2019-10-23 12:21:24,170 [IPC Server listener on 41027] INFO  ipc.Server (Server.java:run(1153)) - IPC Server listener on 41027: starting
2019-10-23 12:21:24,174 [main] INFO  http.HttpServer2 (HttpServer2.java:bindListener(1191)) - Jetty bound to port 40733
2019-10-23 12:21:24,175 [main] INFO  server.Server (Server.java:doStart(351)) - jetty-9.3.25.v20180904, build timestamp: 2018-09-04T21:11:46Z, git hash: 3ce520221d0240229c862b122d2b06c12a625732
2019-10-23 12:21:24,210 [main] INFO  handler.ContextHandler (ContextHandler.java:doStart(781)) - Started o.e.j.s.ServletContextHandler@65fe9e33{/logs,file:///workdir/hadoop-ozone/integration-test/target/log,AVAILABLE}
2019-10-23 12:21:24,210 [main] INFO  handler.ContextHandler (ContextHandler.java:doStart(781)) - Started o.e.j.s.ServletContextHandler@42f8285e{/static,file:///workdir/hadoop-ozone/integration-test/target/test-classes/webapps/static,AVAILABLE}
2019-10-23 12:21:24,240 [main] INFO  handler.ContextHandler (ContextHandler.java:doStart(781)) - Started o.e.j.w.WebAppContext@3d6300e8{/,file:///workdir/hadoop-ozone/integration-test/target/test-classes/webapps/scm/,AVAILABLE}{/scm}
2019-10-23 12:21:24,246 [main] INFO  server.AbstractConnector (AbstractConnector.java:doStart(278)) - Started ServerConnector@3af4e0bf{HTTP/1.1,[http/1.1]}{0.0.0.0:40733}
2019-10-23 12:21:24,246 [main] INFO  server.Server (Server.java:doStart(419)) - Started @2727ms
2019-10-23 12:21:24,248 [main] INFO  impl.MetricsSinkAdapter (MetricsSinkAdapter.java:start(204)) - Sink prometheus started
2019-10-23 12:21:24,248 [main] INFO  impl.MetricsSystemImpl (MetricsSystemImpl.java:registerSink(301)) - Registered sink prometheus
2019-10-23 12:21:24,250 [main] INFO  server.BaseHttpServer (BaseHttpServer.java:updateConnectorAddress(215)) - HTTP server of SCM is listening at http://0.0.0.0:40733
2019-10-23 12:21:24,257 [org.apache.hadoop.util.JvmPauseMonitor$Monitor@1a2e2935] INFO  util.JvmPauseMonitor (JvmPauseMonitor.java:run(188)) - Starting JVM pause monitor
2019-10-23 12:21:24,261 [main] WARN  server.ServerUtils (ServerUtils.java:getDBPath(222)) - ozone.om.db.dirs is not configured. We recommend adding this setting. Falling back to ozone.metadata.dirs instead.
2019-10-23 12:21:24,390 [main] INFO  ha.OMHANodeDetails (OMHANodeDetails.java:loadOMHAConfig(190)) - Configuration either no ozone.om.address set. Falling back to the default OM address /127.0.0.1:0
2019-10-23 12:21:24,390 [main] INFO  ha.OMHANodeDetails (OMHANodeDetails.java:getOMNodeDetails(220)) - OM Service ID is not set. Setting it to the default ID: omServiceIdDefault
2019-10-23 12:21:24,392 [main] WARN  server.ServerUtils (ServerUtils.java:getDBPath(222)) - ozone.om.db.dirs is not configured. We recommend adding this setting. Falling back to ozone.metadata.dirs instead.
2019-10-23 12:21:24,392 [main] WARN  server.ServerUtils (ServerUtils.java:getDBPath(222)) - ozone.om.db.dirs is not configured. We recommend adding this setting. Falling back to ozone.metadata.dirs instead.
2019-10-23 12:21:25,003 [main] WARN  server.ServerUtils (ServerUtils.java:getDBPath(222)) - ozone.om.db.dirs is not configured. We recommend adding this setting. Falling back to ozone.metadata.dirs instead.
2019-10-23 12:21:25,012 [main] INFO  db.DBStoreBuilder (DBStoreBuilder.java:addTable(117)) - using custom profile for table: userTable
2019-10-23 12:21:25,012 [main] INFO  db.DBStoreBuilder (DBStoreBuilder.java:processTables(168)) - Using default column profile:DBProfile.DISK for Table:userTable
2019-10-23 12:21:25,012 [main] INFO  db.DBStoreBuilder (DBStoreBuilder.java:addTable(117)) - using custom profile for table: volumeTable
2019-10-23 12:21:25,012 [main] INFO  db.DBStoreBuilder (DBStoreBuilder.java:processTables(168)) - Using default column profile:DBProfile.DISK for Table:volumeTable
2019-10-23 12:21:25,013 [main] INFO  db.DBStoreBuilder (DBStoreBuilder.java:addTable(117)) - using custom profile for table: bucketTable
2019-10-23 12:21:25,013 [main] INFO  db.DBStoreBuilder (DBStoreBuilder.java:processTables(168)) - Using default column profile:DBProfile.DISK for Table:bucketTable
2019-10-23 12:21:25,013 [main] INFO  db.DBStoreBuilder (DBStoreBuilder.java:addTable(117)) - using custom profile for table: keyTable
2019-10-23 12:21:25,013 [main] INFO  db.DBStoreBuilder (DBStoreBuilder.java:processTables(168)) - Using default column profile:DBProfile.DISK for Table:keyTable
2019-10-23 12:21:25,014 [main] INFO  db.DBStoreBuilder (DBStoreBuilder.java:addTable(117)) - using custom profile for table: deletedTable
2019-10-23 12:21:25,014 [main] INFO  db.DBStoreBuilder (DBStoreBuilder.java:processTables(168)) - Using default column profile:DBProfile.DISK for Table:deletedTable
2019-10-23 12:21:25,014 [main] INFO  db.DBStoreBuilder (DBStoreBuilder.java:addTable(117)) - using custom profile for table: openKeyTable
2019-10-23 12:21:25,014 [main] INFO  db.DBStoreBuilder (DBStoreBuilder.java:processTables(168)) - Using default column profile:DBProfile.DISK for Table:openKeyTable
2019-10-23 12:21:25,014 [main] INFO  db.DBStoreBuilder (DBStoreBuilder.java:addTable(117)) - using custom profile for table: s3Table
2019-10-23 12:21:25,015 [main] INFO  db.DBStoreBuilder (DBStoreBuilder.java:processTables(168)) - Using default column profile:DBProfile.DISK for Table:s3Table
2019-10-23 12:21:25,015 [main] INFO  db.DBStoreBuilder (DBStoreBuilder.java:addTable(117)) - using custom profile for table: multipartInfoTable
2019-10-23 12:21:25,015 [main] INFO  db.DBStoreBuilder (DBStoreBuilder.java:processTables(168)) - Using default column profile:DBProfile.DISK for Table:multipartInfoTable
2019-10-23 12:21:25,015 [main] INFO  db.DBStoreBuilder (DBStoreBuilder.java:addTable(117)) - using custom profile for table: dTokenTable
2019-10-23 12:21:25,016 [main] INFO  db.DBStoreBuilder (DBStoreBuilder.java:processTables(168)) - Using default column profile:DBProfile.DISK for Table:dTokenTable
2019-10-23 12:21:25,016 [main] INFO  db.DBStoreBuilder (DBStoreBuilder.java:addTable(117)) - using custom profile for table: s3SecretTable
2019-10-23 12:21:25,016 [main] INFO  db.DBStoreBuilder (DBStoreBuilder.java:processTables(168)) - Using default column profile:DBProfile.DISK for Table:s3SecretTable
2019-10-23 12:21:25,016 [main] INFO  db.DBStoreBuilder (DBStoreBuilder.java:addTable(117)) - using custom profile for table: prefixTable
2019-10-23 12:21:25,017 [main] INFO  db.DBStoreBuilder (DBStoreBuilder.java:processTables(168)) - Using default column profile:DBProfile.DISK for Table:prefixTable
2019-10-23 12:21:25,017 [main] INFO  db.DBStoreBuilder (DBStoreBuilder.java:addTable(117)) - using custom profile for table: default
2019-10-23 12:21:25,017 [main] INFO  db.DBStoreBuilder (DBStoreBuilder.java:processTables(174)) - Using default column profile:DBProfile.DISK for Table:default
2019-10-23 12:21:25,017 [main] INFO  db.DBStoreBuilder (DBStoreBuilder.java:getDbProfile(205)) - Using default options. DBProfile.DISK
2019-10-23 12:21:25,620 [main] INFO  ipc.CallQueueManager (CallQueueManager.java:<init>(84)) - Using callQueue: class java.util.concurrent.LinkedBlockingQueue, queueCapacity: 2000, scheduler: class org.apache.hadoop.ipc.DefaultRpcScheduler, ipcBackoff: false.
2019-10-23 12:21:25,621 [Socket Reader #1 for port 43826] INFO  ipc.Server (Server.java:run(1074)) - Starting Socket Reader #1 for port 43826
2019-10-23 12:21:25,643 [main] INFO  om.OzoneManager (OzoneManager.java:start(1074)) - OzoneManager RPC server is listening at localhost/127.0.0.1:43826
2019-10-23 12:21:25,644 [main] INFO  impl.MetricsSystemImpl (MetricsSystemImpl.java:init(158)) - OzoneManager metrics system started (again)
2019-10-23 12:21:25,652 [IPC Server Responder] INFO  ipc.Server (Server.java:run(1314)) - IPC Server Responder: starting
2019-10-23 12:21:25,652 [IPC Server listener on 43826] INFO  ipc.Server (Server.java:run(1153)) - IPC Server listener on 43826: starting
2019-10-23 12:21:25,658 [main] INFO  hdfs.DFSUtil (DFSUtil.java:httpServerTemplateForNNAndJN(1641)) - Starting Web-server for ozoneManager at: http://0.0.0.0:0
2019-10-23 12:21:25,660 [main] INFO  server.AuthenticationFilter (AuthenticationFilter.java:constructSecretProvider(240)) - Unable to initialize FileSignerSecretProvider, falling back to use random secrets.
2019-10-23 12:21:25,661 [main] WARN  http.HttpRequestLog (HttpRequestLog.java:getRequestLog(97)) - Jetty request log can only be enabled using Log4j
2019-10-23 12:21:25,664 [main] INFO  http.HttpServer2 (HttpServer2.java:addGlobalFilter(975)) - Added global filter 'safety' (class=org.apache.hadoop.http.HttpServer2$QuotingInputFilter)
2019-10-23 12:21:25,665 [main] INFO  http.HttpServer2 (HttpServer2.java:addFilter(948)) - Added filter static_user_filter (class=org.apache.hadoop.http.lib.StaticUserWebFilter$StaticUserFilter) to context ozoneManager
2019-10-23 12:21:25,666 [main] INFO  http.HttpServer2 (HttpServer2.java:addFilter(958)) - Added filter static_user_filter (class=org.apache.hadoop.http.lib.StaticUserWebFilter$StaticUserFilter) to context static
2019-10-23 12:21:25,666 [main] INFO  http.HttpServer2 (HttpServer2.java:addFilter(958)) - Added filter static_user_filter (class=org.apache.hadoop.http.lib.StaticUserWebFilter$StaticUserFilter) to context logs
2019-10-23 12:21:25,669 [main] INFO  http.HttpServer2 (HttpServer2.java:bindListener(1191)) - Jetty bound to port 38421
2019-10-23 12:21:25,669 [main] INFO  server.Server (Server.java:doStart(351)) - jetty-9.3.25.v20180904, build timestamp: 2018-09-04T21:11:46Z, git hash: 3ce520221d0240229c862b122d2b06c12a625732
2019-10-23 12:21:25,672 [main] INFO  handler.ContextHandler (ContextHandler.java:doStart(781)) - Started o.e.j.s.ServletContextHandler@368d5c00{/logs,file:///workdir/hadoop-ozone/integration-test/target/log,AVAILABLE}
2019-10-23 12:21:25,672 [main] INFO  handler.ContextHandler (ContextHandler.java:doStart(781)) - Started o.e.j.s.ServletContextHandler@aa10649{/static,file:///workdir/hadoop-ozone/integration-test/target/test-classes/webapps/static,AVAILABLE}
2019-10-23 12:21:25,679 [main] INFO  handler.ContextHandler (ContextHandler.java:doStart(781)) - Started o.e.j.w.WebAppContext@41aaedaa{/,file:///workdir/hadoop-ozone/integration-test/target/test-classes/webapps/ozoneManager/,AVAILABLE}{/ozoneManager}
2019-10-23 12:21:25,679 [main] INFO  server.AbstractConnector (AbstractConnector.java:doStart(278)) - Started ServerConnector@303a5119{HTTP/1.1,[http/1.1]}{0.0.0.0:38421}
2019-10-23 12:21:25,680 [main] INFO  server.Server (Server.java:doStart(419)) - Started @4161ms
2019-10-23 12:21:25,681 [main] WARN  impl.MetricsSystemImpl (MetricsSystemImpl.java:register(276)) - Sink prometheus already exists!
2019-10-23 12:21:25,682 [main] INFO  server.BaseHttpServer (BaseHttpServer.java:updateConnectorAddress(215)) - HTTP server of OZONEMANAGER is listening at http://0.0.0.0:38421
2019-10-23 12:21:25,954 [main] INFO  impl.MetricsSystemImpl (MetricsSystemImpl.java:init(158)) - HddsDatanode metrics system started (again)
2019-10-23 12:21:25,997 [main] INFO  ozone.HddsDatanodeService (HddsDatanodeService.java:start(184)) - HddsDatanodeService host:pr-hdds1643-t2fz7-3136866267 ip:192.168.69.118
2019-10-23 12:21:26,027 [main] INFO  volume.HddsVolume (HddsVolume.java:<init>(176)) - Creating Volume: /workdir/hadoop-ozone/integration-test/target/test-dir/MiniOzoneClusterImpl-2e89ea2c-3d6a-4952-ac09-5f42be2d5130/datanode-0/data/containers/hdds of  storage type : DISK and capacity : 1482555576320
2019-10-23 12:21:26,028 [main] INFO  volume.VolumeSet (VolumeSet.java:initializeVolumeSet(170)) - Added Volume : /workdir/hadoop-ozone/integration-test/target/test-dir/MiniOzoneClusterImpl-2e89ea2c-3d6a-4952-ac09-5f42be2d5130/datanode-0/data/containers/hdds to VolumeSet
2019-10-23 12:21:26,031 [main] INFO  volume.ThrottledAsyncChecker (ThrottledAsyncChecker.java:schedule(141)) - Scheduling a check for /workdir/hadoop-ozone/integration-test/target/test-dir/MiniOzoneClusterImpl-2e89ea2c-3d6a-4952-ac09-5f42be2d5130/datanode-0/data/containers/hdds
2019-10-23 12:21:26,057 [main] INFO  volume.HddsVolumeChecker (HddsVolumeChecker.java:checkAllVolumes(204)) - Scheduled health check for volume /workdir/hadoop-ozone/integration-test/target/test-dir/MiniOzoneClusterImpl-2e89ea2c-3d6a-4952-ac09-5f42be2d5130/datanode-0/data/containers/hdds
2019-10-23 12:21:26,174 [main] INFO  impl.RaftServerProxy (ConfUtils.java:logGet(43)) - raft.rpc.type = GRPC (default)
2019-10-23 12:21:26,230 [main] INFO  grpc.GrpcFactory (GrpcFactory.java:checkPooledByteBufAllocatorUseCacheForAllThreads(45)) - PERFORMANCE WARNING: useCacheForAllThreads is true that may cause Netty to create a lot garbage objects and, as a result, trigger GC.
	It is recommended to disable useCacheForAllThreads by setting -Dorg.apache.ratis.thirdparty.io.netty.allocator.useCacheForAllThreads=false in command line.
2019-10-23 12:21:26,234 [main] INFO  grpc.GrpcConfigKeys$Server (ConfUtils.java:logGet(43)) - raft.grpc.server.port = 0 (default)
2019-10-23 12:21:26,235 [main] INFO  server.GrpcService (ConfUtils.java:logGet(43)) - raft.grpc.message.size.max = 33570816 (custom)
2019-10-23 12:21:26,236 [main] INFO  server.RaftServerConfigKeys (ConfUtils.java:logGet(43)) - raft.server.log.appender.buffer.byte-limit = 33554432 (custom)
2019-10-23 12:21:26,237 [main] INFO  server.GrpcService (ConfUtils.java:logGet(43)) - raft.grpc.flow.control.window = 1MB (=1048576) (default)
2019-10-23 12:21:26,238 [main] INFO  server.RaftServerConfigKeys (ConfUtils.java:logGet(43)) - raft.server.rpc.request.timeout = 3000ms (default)
2019-10-23 12:21:26,375 [main] INFO  server.RaftServerConfigKeys (ConfUtils.java:logGet(43)) - raft.server.storage.dir = [/workdir/hadoop-ozone/integration-test/target/test-dir/MiniOzoneClusterImpl-2e89ea2c-3d6a-4952-ac09-5f42be2d5130/datanode-0/data/ratis] (custom)
2019-10-23 12:21:26,426 [main] INFO  hdfs.DFSUtil (DFSUtil.java:httpServerTemplateForNNAndJN(1641)) - Starting Web-server for hddsDatanode at: http://0.0.0.0:0
2019-10-23 12:21:26,428 [main] INFO  server.AuthenticationFilter (AuthenticationFilter.java:constructSecretProvider(240)) - Unable to initialize FileSignerSecretProvider, falling back to use random secrets.
2019-10-23 12:21:26,429 [main] WARN  http.HttpRequestLog (HttpRequestLog.java:getRequestLog(97)) - Jetty request log can only be enabled using Log4j
2019-10-23 12:21:26,432 [main] INFO  http.HttpServer2 (HttpServer2.java:addGlobalFilter(975)) - Added global filter 'safety' (class=org.apache.hadoop.http.HttpServer2$QuotingInputFilter)
2019-10-23 12:21:26,434 [main] INFO  http.HttpServer2 (HttpServer2.java:addFilter(948)) - Added filter static_user_filter (class=org.apache.hadoop.http.lib.StaticUserWebFilter$StaticUserFilter) to context hddsDatanode
2019-10-23 12:21:26,434 [main] INFO  http.HttpServer2 (HttpServer2.java:addFilter(958)) - Added filter static_user_filter (class=org.apache.hadoop.http.lib.StaticUserWebFilter$StaticUserFilter) to context static
2019-10-23 12:21:26,434 [main] INFO  http.HttpServer2 (HttpServer2.java:addFilter(958)) - Added filter static_user_filter (class=org.apache.hadoop.http.lib.StaticUserWebFilter$StaticUserFilter) to context logs
2019-10-23 12:21:26,436 [main] INFO  http.HttpServer2 (HttpServer2.java:bindListener(1191)) - Jetty bound to port 45278
2019-10-23 12:21:26,436 [main] INFO  server.Server (Server.java:doStart(351)) - jetty-9.3.25.v20180904, build timestamp: 2018-09-04T21:11:46Z, git hash: 3ce520221d0240229c862b122d2b06c12a625732
2019-10-23 12:21:26,440 [main] INFO  handler.ContextHandler (ContextHandler.java:doStart(781)) - Started o.e.j.s.ServletContextHandler@46185a1b{/logs,file:///workdir/hadoop-ozone/integration-test/target/log,AVAILABLE}
2019-10-23 12:21:26,441 [main] INFO  handler.ContextHandler (ContextHandler.java:doStart(781)) - Started o.e.j.s.ServletContextHandler@60cf62ad{/static,jar:file:/home/user/.m2/repository/org/apache/hadoop/hadoop-hdds-container-service/0.5.0-SNAPSHOT/hadoop-hdds-container-service-0.5.0-SNAPSHOT.jar!/webapps/static,AVAILABLE}
2019-10-23 12:21:26,493 [main] INFO  handler.ContextHandler (ContextHandler.java:doStart(781)) - Started o.e.j.w.WebAppContext@1aabf50d{/,file:///tmp/jetty-0.0.0.0-45278-hddsDatanode-_-any-767766135628918391.dir/webapp/,AVAILABLE}{/hddsDatanode}
2019-10-23 12:21:26,494 [main] INFO  server.AbstractConnector (AbstractConnector.java:doStart(278)) - Started ServerConnector@73c9e8e8{HTTP/1.1,[http/1.1]}{0.0.0.0:45278}
2019-10-23 12:21:26,495 [main] INFO  server.Server (Server.java:doStart(419)) - Started @4975ms
2019-10-23 12:21:26,495 [main] WARN  impl.MetricsSystemImpl (MetricsSystemImpl.java:register(276)) - Sink prometheus already exists!
2019-10-23 12:21:26,496 [main] INFO  server.BaseHttpServer (BaseHttpServer.java:updateConnectorAddress(215)) - HTTP server of HDDSDATANODE is listening at http://0.0.0.0:45278
2019-10-23 12:21:26,497 [main] INFO  impl.MetricsSystemImpl (MetricsSystemImpl.java:init(158)) - HddsDatanode metrics system started (again)
2019-10-23 12:21:26,500 [main] INFO  ozone.HddsDatanodeService (HddsDatanodeService.java:start(184)) - HddsDatanodeService host:pr-hdds1643-t2fz7-3136866267 ip:192.168.69.118
2019-10-23 12:21:26,501 [org.apache.hadoop.util.JvmPauseMonitor$Monitor@10fcf28b] INFO  util.JvmPauseMonitor (JvmPauseMonitor.java:run(188)) - Starting JVM pause monitor
2019-10-23 12:21:26,508 [main] INFO  volume.HddsVolume (HddsVolume.java:<init>(176)) - Creating Volume: /workdir/hadoop-ozone/integration-test/target/test-dir/MiniOzoneClusterImpl-2e89ea2c-3d6a-4952-ac09-5f42be2d5130/datanode-1/data/containers/hdds of  storage type : DISK and capacity : 1482555576320
2019-10-23 12:21:26,509 [main] INFO  volume.VolumeSet (VolumeSet.java:initializeVolumeSet(170)) - Added Volume : /workdir/hadoop-ozone/integration-test/target/test-dir/MiniOzoneClusterImpl-2e89ea2c-3d6a-4952-ac09-5f42be2d5130/datanode-1/data/containers/hdds to VolumeSet
2019-10-23 12:21:26,509 [main] INFO  volume.ThrottledAsyncChecker (ThrottledAsyncChecker.java:schedule(141)) - Scheduling a check for /workdir/hadoop-ozone/integration-test/target/test-dir/MiniOzoneClusterImpl-2e89ea2c-3d6a-4952-ac09-5f42be2d5130/datanode-1/data/containers/hdds
2019-10-23 12:21:26,510 [main] INFO  volume.HddsVolumeChecker (HddsVolumeChecker.java:checkAllVolumes(204)) - Scheduled health check for volume /workdir/hadoop-ozone/integration-test/target/test-dir/MiniOzoneClusterImpl-2e89ea2c-3d6a-4952-ac09-5f42be2d5130/datanode-1/data/containers/hdds
2019-10-23 12:21:26,525 [main] INFO  impl.RaftServerProxy (ConfUtils.java:logGet(43)) - raft.rpc.type = GRPC (default)
2019-10-23 12:21:26,525 [main] INFO  grpc.GrpcFactory (GrpcFactory.java:checkPooledByteBufAllocatorUseCacheForAllThreads(45)) - PERFORMANCE WARNING: useCacheForAllThreads is true that may cause Netty to create a lot garbage objects and, as a result, trigger GC.
	It is recommended to disable useCacheForAllThreads by setting -Dorg.apache.ratis.thirdparty.io.netty.allocator.useCacheForAllThreads=false in command line.
2019-10-23 12:21:26,526 [main] INFO  grpc.GrpcConfigKeys$Server (ConfUtils.java:logGet(43)) - raft.grpc.server.port = 0 (default)
2019-10-23 12:21:26,526 [main] INFO  server.GrpcService (ConfUtils.java:logGet(43)) - raft.grpc.message.size.max = 33570816 (custom)
2019-10-23 12:21:26,526 [main] INFO  server.RaftServerConfigKeys (ConfUtils.java:logGet(43)) - raft.server.log.appender.buffer.byte-limit = 33554432 (custom)
2019-10-23 12:21:26,526 [main] INFO  server.GrpcService (ConfUtils.java:logGet(43)) - raft.grpc.flow.control.window = 1MB (=1048576) (default)
2019-10-23 12:21:26,527 [main] INFO  server.RaftServerConfigKeys (ConfUtils.java:logGet(43)) - raft.server.rpc.request.timeout = 3000ms (default)
2019-10-23 12:21:26,527 [main] INFO  server.RaftServerConfigKeys (ConfUtils.java:logGet(43)) - raft.server.storage.dir = [/workdir/hadoop-ozone/integration-test/target/test-dir/MiniOzoneClusterImpl-2e89ea2c-3d6a-4952-ac09-5f42be2d5130/datanode-1/data/ratis] (custom)
2019-10-23 12:21:26,529 [main] INFO  hdfs.DFSUtil (DFSUtil.java:httpServerTemplateForNNAndJN(1641)) - Starting Web-server for hddsDatanode at: http://0.0.0.0:0
2019-10-23 12:21:26,531 [main] INFO  server.AuthenticationFilter (AuthenticationFilter.java:constructSecretProvider(240)) - Unable to initialize FileSignerSecretProvider, falling back to use random secrets.
2019-10-23 12:21:26,532 [main] WARN  http.HttpRequestLog (HttpRequestLog.java:getRequestLog(97)) - Jetty request log can only be enabled using Log4j
2019-10-23 12:21:26,534 [main] INFO  http.HttpServer2 (HttpServer2.java:addGlobalFilter(975)) - Added global filter 'safety' (class=org.apache.hadoop.http.HttpServer2$QuotingInputFilter)
2019-10-23 12:21:26,535 [main] INFO  http.HttpServer2 (HttpServer2.java:addFilter(948)) - Added filter static_user_filter (class=org.apache.hadoop.http.lib.StaticUserWebFilter$StaticUserFilter) to context hddsDatanode
2019-10-23 12:21:26,535 [main] INFO  http.HttpServer2 (HttpServer2.java:addFilter(958)) - Added filter static_user_filter (class=org.apache.hadoop.http.lib.StaticUserWebFilter$StaticUserFilter) to context logs
2019-10-23 12:21:26,535 [main] INFO  http.HttpServer2 (HttpServer2.java:addFilter(958)) - Added filter static_user_filter (class=org.apache.hadoop.http.lib.StaticUserWebFilter$StaticUserFilter) to context static
2019-10-23 12:21:26,536 [main] INFO  http.HttpServer2 (HttpServer2.java:bindListener(1191)) - Jetty bound to port 45591
2019-10-23 12:21:26,536 [main] INFO  server.Server (Server.java:doStart(351)) - jetty-9.3.25.v20180904, build timestamp: 2018-09-04T21:11:46Z, git hash: 3ce520221d0240229c862b122d2b06c12a625732
2019-10-23 12:21:26,540 [main] INFO  handler.ContextHandler (ContextHandler.java:doStart(781)) - Started o.e.j.s.ServletContextHandler@6a472566{/logs,file:///workdir/hadoop-ozone/integration-test/target/log,AVAILABLE}
2019-10-23 12:21:26,540 [main] INFO  handler.ContextHandler (ContextHandler.java:doStart(781)) - Started o.e.j.s.ServletContextHandler@5e65afb6{/static,jar:file:/home/user/.m2/repository/org/apache/hadoop/hadoop-hdds-container-service/0.5.0-SNAPSHOT/hadoop-hdds-container-service-0.5.0-SNAPSHOT.jar!/webapps/static,AVAILABLE}
2019-10-23 12:21:26,577 [main] INFO  handler.ContextHandler (ContextHandler.java:doStart(781)) - Started o.e.j.w.WebAppContext@5c77ba8f{/,file:///tmp/jetty-0.0.0.0-45591-hddsDatanode-_-any-4450266430375199951.dir/webapp/,AVAILABLE}{/hddsDatanode}
2019-10-23 12:21:26,579 [main] INFO  server.AbstractConnector (AbstractConnector.java:doStart(278)) - Started ServerConnector@660f0c{HTTP/1.1,[http/1.1]}{0.0.0.0:45591}
2019-10-23 12:21:26,579 [main] INFO  server.Server (Server.java:doStart(419)) - Started @5059ms
2019-10-23 12:21:26,580 [main] WARN  impl.MetricsSystemImpl (MetricsSystemImpl.java:register(276)) - Sink prometheus already exists!
2019-10-23 12:21:26,581 [main] INFO  server.BaseHttpServer (BaseHttpServer.java:updateConnectorAddress(215)) - HTTP server of HDDSDATANODE is listening at http://0.0.0.0:45591
2019-10-23 12:21:26,582 [main] INFO  impl.MetricsSystemImpl (MetricsSystemImpl.java:init(158)) - HddsDatanode metrics system started (again)
2019-10-23 12:21:26,584 [org.apache.hadoop.util.JvmPauseMonitor$Monitor@28391d30] INFO  util.JvmPauseMonitor (JvmPauseMonitor.java:run(188)) - Starting JVM pause monitor
2019-10-23 12:21:26,586 [main] INFO  ozone.HddsDatanodeService (HddsDatanodeService.java:start(184)) - HddsDatanodeService host:pr-hdds1643-t2fz7-3136866267 ip:192.168.69.118
2019-10-23 12:21:26,594 [main] INFO  volume.HddsVolume (HddsVolume.java:<init>(176)) - Creating Volume: /workdir/hadoop-ozone/integration-test/target/test-dir/MiniOzoneClusterImpl-2e89ea2c-3d6a-4952-ac09-5f42be2d5130/datanode-2/data/containers/hdds of  storage type : DISK and capacity : 1482555576320
2019-10-23 12:21:26,594 [main] INFO  volume.VolumeSet (VolumeSet.java:initializeVolumeSet(170)) - Added Volume : /workdir/hadoop-ozone/integration-test/target/test-dir/MiniOzoneClusterImpl-2e89ea2c-3d6a-4952-ac09-5f42be2d5130/datanode-2/data/containers/hdds to VolumeSet
2019-10-23 12:21:26,595 [main] INFO  volume.ThrottledAsyncChecker (ThrottledAsyncChecker.java:schedule(141)) - Scheduling a check for /workdir/hadoop-ozone/integration-test/target/test-dir/MiniOzoneClusterImpl-2e89ea2c-3d6a-4952-ac09-5f42be2d5130/datanode-2/data/containers/hdds
2019-10-23 12:21:26,596 [main] INFO  volume.HddsVolumeChecker (HddsVolumeChecker.java:checkAllVolumes(204)) - Scheduled health check for volume /workdir/hadoop-ozone/integration-test/target/test-dir/MiniOzoneClusterImpl-2e89ea2c-3d6a-4952-ac09-5f42be2d5130/datanode-2/data/containers/hdds
2019-10-23 12:21:26,608 [Datanode State Machine Thread - 0] INFO  datanode.InitDatanodeState (InitDatanodeState.java:persistContainerDatanodeDetails(140)) - DatanodeDetails is persisted to /workdir/hadoop-ozone/integration-test/target/test-dir/MiniOzoneClusterImpl-2e89ea2c-3d6a-4952-ac09-5f42be2d5130/datanode-0/meta/datanode.id
2019-10-23 12:21:26,611 [Datanode State Machine Thread - 0] INFO  datanode.InitDatanodeState (InitDatanodeState.java:persistContainerDatanodeDetails(140)) - DatanodeDetails is persisted to /workdir/hadoop-ozone/integration-test/target/test-dir/MiniOzoneClusterImpl-2e89ea2c-3d6a-4952-ac09-5f42be2d5130/datanode-1/meta/datanode.id
2019-10-23 12:21:26,619 [main] INFO  impl.RaftServerProxy (ConfUtils.java:logGet(43)) - raft.rpc.type = GRPC (default)
2019-10-23 12:21:26,619 [main] INFO  grpc.GrpcFactory (GrpcFactory.java:checkPooledByteBufAllocatorUseCacheForAllThreads(45)) - PERFORMANCE WARNING: useCacheForAllThreads is true that may cause Netty to create a lot garbage objects and, as a result, trigger GC.
	It is recommended to disable useCacheForAllThreads by setting -Dorg.apache.ratis.thirdparty.io.netty.allocator.useCacheForAllThreads=false in command line.
2019-10-23 12:21:26,619 [main] INFO  grpc.GrpcConfigKeys$Server (ConfUtils.java:logGet(43)) - raft.grpc.server.port = 0 (default)
2019-10-23 12:21:26,620 [main] INFO  server.GrpcService (ConfUtils.java:logGet(43)) - raft.grpc.message.size.max = 33570816 (custom)
2019-10-23 12:21:26,620 [main] INFO  server.RaftServerConfigKeys (ConfUtils.java:logGet(43)) - raft.server.log.appender.buffer.byte-limit = 33554432 (custom)
2019-10-23 12:21:26,620 [main] INFO  server.GrpcService (ConfUtils.java:logGet(43)) - raft.grpc.flow.control.window = 1MB (=1048576) (default)
2019-10-23 12:21:26,621 [main] INFO  server.RaftServerConfigKeys (ConfUtils.java:logGet(43)) - raft.server.rpc.request.timeout = 3000ms (default)
2019-10-23 12:21:26,621 [main] INFO  server.RaftServerConfigKeys (ConfUtils.java:logGet(43)) - raft.server.storage.dir = [/workdir/hadoop-ozone/integration-test/target/test-dir/MiniOzoneClusterImpl-2e89ea2c-3d6a-4952-ac09-5f42be2d5130/datanode-2/data/ratis] (custom)
2019-10-23 12:21:26,624 [main] INFO  hdfs.DFSUtil (DFSUtil.java:httpServerTemplateForNNAndJN(1641)) - Starting Web-server for hddsDatanode at: http://0.0.0.0:0
2019-10-23 12:21:26,626 [main] INFO  server.AuthenticationFilter (AuthenticationFilter.java:constructSecretProvider(240)) - Unable to initialize FileSignerSecretProvider, falling back to use random secrets.
2019-10-23 12:21:26,626 [main] WARN  http.HttpRequestLog (HttpRequestLog.java:getRequestLog(97)) - Jetty request log can only be enabled using Log4j
2019-10-23 12:21:26,628 [main] INFO  http.HttpServer2 (HttpServer2.java:addGlobalFilter(975)) - Added global filter 'safety' (class=org.apache.hadoop.http.HttpServer2$QuotingInputFilter)
2019-10-23 12:21:26,629 [main] INFO  http.HttpServer2 (HttpServer2.java:addFilter(948)) - Added filter static_user_filter (class=org.apache.hadoop.http.lib.StaticUserWebFilter$StaticUserFilter) to context hddsDatanode
2019-10-23 12:21:26,630 [main] INFO  http.HttpServer2 (HttpServer2.java:addFilter(958)) - Added filter static_user_filter (class=org.apache.hadoop.http.lib.StaticUserWebFilter$StaticUserFilter) to context static
2019-10-23 12:21:26,630 [main] INFO  http.HttpServer2 (HttpServer2.java:addFilter(958)) - Added filter static_user_filter (class=org.apache.hadoop.http.lib.StaticUserWebFilter$StaticUserFilter) to context logs
2019-10-23 12:21:26,631 [main] INFO  http.HttpServer2 (HttpServer2.java:bindListener(1191)) - Jetty bound to port 35920
2019-10-23 12:21:26,631 [main] INFO  server.Server (Server.java:doStart(351)) - jetty-9.3.25.v20180904, build timestamp: 2018-09-04T21:11:46Z, git hash: 3ce520221d0240229c862b122d2b06c12a625732
2019-10-23 12:21:26,633 [main] INFO  handler.ContextHandler (ContextHandler.java:doStart(781)) - Started o.e.j.s.ServletContextHandler@6920614{/logs,file:///workdir/hadoop-ozone/integration-test/target/log,AVAILABLE}
2019-10-23 12:21:26,634 [main] INFO  handler.ContextHandler (ContextHandler.java:doStart(781)) - Started o.e.j.s.ServletContextHandler@5fa23c{/static,jar:file:/home/user/.m2/repository/org/apache/hadoop/hadoop-hdds-container-service/0.5.0-SNAPSHOT/hadoop-hdds-container-service-0.5.0-SNAPSHOT.jar!/webapps/static,AVAILABLE}
2019-10-23 12:21:26,666 [main] INFO  handler.ContextHandler (ContextHandler.java:doStart(781)) - Started o.e.j.w.WebAppContext@7a0e7ecd{/,file:///tmp/jetty-0.0.0.0-35920-hddsDatanode-_-any-1050490287354056057.dir/webapp/,AVAILABLE}{/hddsDatanode}
2019-10-23 12:21:26,666 [main] INFO  server.AbstractConnector (AbstractConnector.java:doStart(278)) - Started ServerConnector@54e3658c{HTTP/1.1,[http/1.1]}{0.0.0.0:35920}
2019-10-23 12:21:26,667 [main] INFO  server.Server (Server.java:doStart(419)) - Started @5147ms
2019-10-23 12:21:26,667 [main] WARN  impl.MetricsSystemImpl (MetricsSystemImpl.java:register(276)) - Sink prometheus already exists!
2019-10-23 12:21:26,668 [main] INFO  server.BaseHttpServer (BaseHttpServer.java:updateConnectorAddress(215)) - HTTP server of HDDSDATANODE is listening at http://0.0.0.0:35920
2019-10-23 12:21:26,670 [main] INFO  ozone.MiniOzoneClusterImpl (MiniOzoneClusterImpl.java:lambda$waitForClusterToBeReady$0(147)) - Waiting for cluster to be ready. Got 0 of 3 DN Heartbeats.
2019-10-23 12:21:26,670 [org.apache.hadoop.util.JvmPauseMonitor$Monitor@dec1a65] INFO  util.JvmPauseMonitor (JvmPauseMonitor.java:run(188)) - Starting JVM pause monitor
2019-10-23 12:21:26,674 [Datanode State Machine Thread - 0] INFO  datanode.InitDatanodeState (InitDatanodeState.java:persistContainerDatanodeDetails(140)) - DatanodeDetails is persisted to /workdir/hadoop-ozone/integration-test/target/test-dir/MiniOzoneClusterImpl-2e89ea2c-3d6a-4952-ac09-5f42be2d5130/datanode-2/meta/datanode.id
2019-10-23 12:21:27,670 [main] INFO  ozone.MiniOzoneClusterImpl (MiniOzoneClusterImpl.java:lambda$waitForClusterToBeReady$0(147)) - Waiting for cluster to be ready. Got 0 of 3 DN Heartbeats.
2019-10-23 12:21:28,580 [Datanode State Machine Thread - 0] INFO  ozoneimpl.OzoneContainer (OzoneContainer.java:start(213)) - Attempting to start container services.
2019-10-23 12:21:28,583 [Datanode State Machine Thread - 0] INFO  ozoneimpl.OzoneContainer (OzoneContainer.java:startContainerScrub(177)) - Background container scanner has been disabled.
2019-10-23 12:21:28,583 [Datanode State Machine Thread - 0] INFO  ratis.XceiverServerRatis (XceiverServerRatis.java:start(418)) - Starting XceiverServerRatis 9d2a2146-2c04-423d-8f96-3c121403b328 at port 0
2019-10-23 12:21:28,600 [Datanode State Machine Thread - 0] INFO  ozoneimpl.OzoneContainer (OzoneContainer.java:start(213)) - Attempting to start container services.
2019-10-23 12:21:28,604 [Datanode State Machine Thread - 0] INFO  ozoneimpl.OzoneContainer (OzoneContainer.java:startContainerScrub(177)) - Background container scanner has been disabled.
2019-10-23 12:21:28,604 [Datanode State Machine Thread - 0] INFO  ratis.XceiverServerRatis (XceiverServerRatis.java:start(418)) - Starting XceiverServerRatis 43cb0e13-5597-452b-a8b1-af00d0a4a497 at port 0
2019-10-23 12:21:28,606 [Datanode State Machine Thread - 0] INFO  impl.RaftServerProxy (RaftServerProxy.java:lambda$start$3(299)) - 9d2a2146-2c04-423d-8f96-3c121403b328: start RPC server
2019-10-23 12:21:28,616 [Datanode State Machine Thread - 0] INFO  impl.RaftServerProxy (RaftServerProxy.java:lambda$start$3(299)) - 43cb0e13-5597-452b-a8b1-af00d0a4a497: start RPC server
2019-10-23 12:21:28,671 [main] INFO  ozone.MiniOzoneClusterImpl (MiniOzoneClusterImpl.java:lambda$waitForClusterToBeReady$0(147)) - Waiting for cluster to be ready. Got 0 of 3 DN Heartbeats.
2019-10-23 12:21:28,687 [Datanode State Machine Thread - 0] INFO  ozoneimpl.OzoneContainer (OzoneContainer.java:start(213)) - Attempting to start container services.
2019-10-23 12:21:28,689 [Datanode State Machine Thread - 0] INFO  ozoneimpl.OzoneContainer (OzoneContainer.java:startContainerScrub(177)) - Background container scanner has been disabled.
2019-10-23 12:21:28,689 [Datanode State Machine Thread - 0] INFO  ratis.XceiverServerRatis (XceiverServerRatis.java:start(418)) - Starting XceiverServerRatis 04710d3b-08a7-4a70-b69f-f772706c6105 at port 0
2019-10-23 12:21:28,699 [Datanode State Machine Thread - 0] INFO  impl.RaftServerProxy (RaftServerProxy.java:lambda$start$3(299)) - 04710d3b-08a7-4a70-b69f-f772706c6105: start RPC server
2019-10-23 12:21:28,743 [Datanode State Machine Thread - 0] INFO  server.GrpcService (GrpcService.java:startImpl(158)) - 04710d3b-08a7-4a70-b69f-f772706c6105: GrpcService started, listening on 0.0.0.0/0.0.0.0:40289
2019-10-23 12:21:28,743 [Datanode State Machine Thread - 0] INFO  server.GrpcService (GrpcService.java:startImpl(158)) - 43cb0e13-5597-452b-a8b1-af00d0a4a497: GrpcService started, listening on 0.0.0.0/0.0.0.0:45201
2019-10-23 12:21:28,744 [Datanode State Machine Thread - 0] INFO  ratis.XceiverServerRatis (XceiverServerRatis.java:start(428)) - XceiverServerRatis 04710d3b-08a7-4a70-b69f-f772706c6105 is started using port 40289
2019-10-23 12:21:28,743 [Datanode State Machine Thread - 0] INFO  server.GrpcService (GrpcService.java:startImpl(158)) - 9d2a2146-2c04-423d-8f96-3c121403b328: GrpcService started, listening on 0.0.0.0/0.0.0.0:40792
2019-10-23 12:21:28,744 [Datanode State Machine Thread - 0] INFO  ratis.XceiverServerRatis (XceiverServerRatis.java:start(428)) - XceiverServerRatis 9d2a2146-2c04-423d-8f96-3c121403b328 is started using port 40792
2019-10-23 12:21:28,744 [Datanode State Machine Thread - 0] INFO  ratis.XceiverServerRatis (XceiverServerRatis.java:start(428)) - XceiverServerRatis 43cb0e13-5597-452b-a8b1-af00d0a4a497 is started using port 45201
2019-10-23 12:21:28,753 [Datanode State Machine Thread - 0] INFO  server.XceiverServerGrpc (XceiverServerGrpc.java:start(149)) - XceiverServerGrpc 43cb0e13-5597-452b-a8b1-af00d0a4a497 is started using port 37519
2019-10-23 12:21:28,753 [Datanode State Machine Thread - 0] INFO  server.XceiverServerGrpc (XceiverServerGrpc.java:start(149)) - XceiverServerGrpc 04710d3b-08a7-4a70-b69f-f772706c6105 is started using port 36910
2019-10-23 12:21:28,754 [Datanode State Machine Thread - 0] INFO  server.XceiverServerGrpc (XceiverServerGrpc.java:start(149)) - XceiverServerGrpc 9d2a2146-2c04-423d-8f96-3c121403b328 is started using port 34421
2019-10-23 12:21:29,672 [main] INFO  ozone.MiniOzoneClusterImpl (MiniOzoneClusterImpl.java:lambda$waitForClusterToBeReady$0(147)) - Waiting for cluster to be ready. Got 0 of 3 DN Heartbeats.
2019-10-23 12:21:30,528 [IPC Server handler 0 on 41027] INFO  net.NetworkTopology (NetworkTopologyImpl.java:add(111)) - Added a new node: /default-rack/9d2a2146-2c04-423d-8f96-3c121403b328
2019-10-23 12:21:30,529 [IPC Server handler 0 on 41027] INFO  node.SCMNodeManager (SCMNodeManager.java:register(268)) - Registered Data node : 9d2a2146-2c04-423d-8f96-3c121403b328{ip: 192.168.69.118, host: pr-hdds1643-t2fz7-3136866267, networkLocation: /default-rack, certSerialId: null}
2019-10-23 12:21:30,533 [EventQueue-NodeRegistrationContainerReportForDataNodeSafeModeRule] INFO  safemode.SCMSafeModeManager (DataNodeSafeModeRule.java:process(71)) - SCM in safe mode. 1 DataNodes registered, 1 required.
2019-10-23 12:21:30,533 [EventQueue-NodeRegistrationContainerReportForDataNodeSafeModeRule] INFO  safemode.SCMSafeModeManager (SCMSafeModeManager.java:validateSafeModeExitRules(177)) - ScmSafeModeManager, all rules are successfully validated
2019-10-23 12:21:30,533 [EventQueue-NodeRegistrationContainerReportForDataNodeSafeModeRule] INFO  safemode.SCMSafeModeManager (SCMSafeModeManager.java:exitSafeMode(193)) - SCM exiting safe mode.
2019-10-23 12:21:30,588 [IPC Server handler 1 on 41027] INFO  net.NetworkTopology (NetworkTopologyImpl.java:add(111)) - Added a new node: /default-rack/43cb0e13-5597-452b-a8b1-af00d0a4a497
2019-10-23 12:21:30,588 [IPC Server handler 1 on 41027] INFO  node.SCMNodeManager (SCMNodeManager.java:register(268)) - Registered Data node : 43cb0e13-5597-452b-a8b1-af00d0a4a497{ip: 192.168.69.118, host: pr-hdds1643-t2fz7-3136866267, networkLocation: /default-rack, certSerialId: null}
2019-10-23 12:21:30,672 [main] INFO  ozone.MiniOzoneClusterImpl (MiniOzoneClusterImpl.java:lambda$waitForClusterToBeReady$0(147)) - Waiting for cluster to be ready. Got 2 of 3 DN Heartbeats.
2019-10-23 12:21:30,675 [IPC Server handler 3 on 41027] INFO  net.NetworkTopology (NetworkTopologyImpl.java:add(111)) - Added a new node: /default-rack/04710d3b-08a7-4a70-b69f-f772706c6105
2019-10-23 12:21:30,675 [IPC Server handler 3 on 41027] INFO  node.SCMNodeManager (SCMNodeManager.java:register(268)) - Registered Data node : 04710d3b-08a7-4a70-b69f-f772706c6105{ip: 192.168.69.118, host: pr-hdds1643-t2fz7-3136866267, networkLocation: /default-rack, certSerialId: null}
2019-10-23 12:21:30,987 [grpc-default-executor-0] INFO  impl.RaftServerProxy (RaftServerProxy.java:addNew(89)) - 9d2a2146-2c04-423d-8f96-3c121403b328: addNew group-0B01D64DF3BD:[9d2a2146-2c04-423d-8f96-3c121403b328:192.168.69.118:40792] returns group-0B01D64DF3BD:java.util.concurrent.CompletableFuture@652eb502[Not completed]
2019-10-23 12:21:31,005 [pool-27-thread-1] INFO  impl.RaftServerImpl (RaftServerImpl.java:<init>(104)) - 9d2a2146-2c04-423d-8f96-3c121403b328: new RaftServerImpl for group-0B01D64DF3BD:[9d2a2146-2c04-423d-8f96-3c121403b328:192.168.69.118:40792] with ContainerStateMachine:uninitialized
2019-10-23 12:21:31,007 [pool-27-thread-1] INFO  server.RaftServerConfigKeys (ConfUtils.java:logGet(43)) - raft.server.rpc.timeout.min = 5s (custom)
2019-10-23 12:21:31,008 [pool-27-thread-1] INFO  server.RaftServerConfigKeys (ConfUtils.java:logGet(43)) - raft.server.rpc.timeout.max = 5200ms (custom)
2019-10-23 12:21:31,008 [pool-27-thread-1] INFO  server.RaftServerConfigKeys (ConfUtils.java:logGet(43)) - raft.server.rpcslowness.timeout = 1000s (custom)
2019-10-23 12:21:31,009 [pool-27-thread-1] INFO  server.RaftServerConfigKeys (ConfUtils.java:logGet(43)) - raft.server.sleep.deviation.threshold = 300 (default)
2019-10-23 12:21:31,010 [pool-27-thread-1] INFO  server.RaftServerConfigKeys (ConfUtils.java:logGet(43)) - raft.server.log.appender.install.snapshot.enabled = false (custom)
2019-10-23 12:21:31,019 [pool-27-thread-1] INFO  impl.RaftServerImpl (ServerState.java:<init>(103)) - 9d2a2146-2c04-423d-8f96-3c121403b328@group-0B01D64DF3BD: ConfigurationManager, init=-1: [9d2a2146-2c04-423d-8f96-3c121403b328:192.168.69.118:40792], old=null, confs=<EMPTY_MAP>
2019-10-23 12:21:31,019 [pool-27-thread-1] INFO  server.RaftServerConfigKeys (ConfUtils.java:logGet(43)) - raft.server.storage.dir = [/workdir/hadoop-ozone/integration-test/target/test-dir/MiniOzoneClusterImpl-2e89ea2c-3d6a-4952-ac09-5f42be2d5130/datanode-0/data/ratis] (custom)
2019-10-23 12:21:31,026 [pool-27-thread-1] INFO  server.RaftServerConfigKeys (ConfUtils.java:logGet(43)) - raft.server.log.corruption.policy = EXCEPTION (default)
2019-10-23 12:21:31,028 [pool-27-thread-1] INFO  storage.RaftStorageDirectory (RaftStorageDirectory.java:analyzeStorage(246)) - The storage directory /workdir/hadoop-ozone/integration-test/target/test-dir/MiniOzoneClusterImpl-2e89ea2c-3d6a-4952-ac09-5f42be2d5130/datanode-0/data/ratis/760c1714-f3fd-4e5f-b885-0b01d64df3bd does not exist. Creating ...
2019-10-23 12:21:31,046 [pool-27-thread-1] INFO  storage.RaftStorageDirectory (RaftStorageDirectory.java:tryLock(328)) - Lock on /workdir/hadoop-ozone/integration-test/target/test-dir/MiniOzoneClusterImpl-2e89ea2c-3d6a-4952-ac09-5f42be2d5130/datanode-0/data/ratis/760c1714-f3fd-4e5f-b885-0b01d64df3bd/in_use.lock acquired by nodename 10412@pr-hdds1643-t2fz7-3136866267
2019-10-23 12:21:31,060 [pool-27-thread-1] INFO  storage.RaftStorage (RaftStorage.java:format(84)) - Storage directory /workdir/hadoop-ozone/integration-test/target/test-dir/MiniOzoneClusterImpl-2e89ea2c-3d6a-4952-ac09-5f42be2d5130/datanode-0/data/ratis/760c1714-f3fd-4e5f-b885-0b01d64df3bd has been successfully formatted.
2019-10-23 12:21:31,062 [pool-27-thread-1] INFO  ratis.ContainerStateMachine (ContainerStateMachine.java:loadSnapshot(231)) - group-0B01D64DF3BD: The snapshot info is null. Setting the last applied indexto:(t:0, i:~)
2019-10-23 12:21:31,063 [pool-27-thread-1] INFO  server.RaftServerConfigKeys (ConfUtils.java:logGet(43)) - raft.server.notification.no-leader.timeout = 1000s (custom)
2019-10-23 12:21:31,064 [pool-27-thread-1] INFO  server.RaftServerConfigKeys (ConfUtils.java:logGet(43)) - raft.server.log.use.memory = false (default)
2019-10-23 12:21:31,069 [pool-27-thread-1] INFO  server.RaftServerConfigKeys (ConfUtils.java:logGet(43)) - raft.server.log.purge.gap = 1000000 (custom)
2019-10-23 12:21:31,069 [pool-27-thread-1] INFO  server.RaftServerConfigKeys (ConfUtils.java:logGet(43)) - raft.server.log.appender.buffer.byte-limit = 33554432 (custom)
2019-10-23 12:21:31,071 [pool-27-thread-1] INFO  server.RaftServerConfigKeys (ConfUtils.java:logGet(43)) - raft.server.log.segment.size.max = 1048576 (custom)
2019-10-23 12:21:31,072 [pool-27-thread-1] INFO  impl.MetricsSystemImpl (MetricsSystemImpl.java:init(158)) - ratis metrics system started (again)
2019-10-23 12:21:31,075 [pool-27-thread-1] INFO  metrics.MetricRegistries (MetricRegistriesLoader.java:load(64)) - Loaded MetricRegistries class org.apache.ratis.metrics.impl.MetricRegistriesImpl
2019-10-23 12:21:31,107 [pool-27-thread-1] INFO  server.RaftServerConfigKeys (ConfUtils.java:logGet(43)) - raft.server.log.segment.cache.num.max = 2 (custom)
2019-10-23 12:21:31,111 [pool-27-thread-1] INFO  segmented.SegmentedRaftLogWorker (SegmentedRaftLogWorker.java:<init>(173)) - new 9d2a2146-2c04-423d-8f96-3c121403b328@group-0B01D64DF3BD-SegmentedRaftLogWorker for RaftStorage:Storage Directory /workdir/hadoop-ozone/integration-test/target/test-dir/MiniOzoneClusterImpl-2e89ea2c-3d6a-4952-ac09-5f42be2d5130/datanode-0/data/ratis/760c1714-f3fd-4e5f-b885-0b01d64df3bd
2019-10-23 12:21:31,112 [pool-27-thread-1] INFO  server.RaftServerConfigKeys (ConfUtils.java:logGet(43)) - raft.server.log.queue.byte-limit = 2147483647 (custom)
2019-10-23 12:21:31,112 [pool-27-thread-1] INFO  server.RaftServerConfigKeys (ConfUtils.java:logGet(43)) - raft.server.log.queue.element-limit = 1024 (custom)
2019-10-23 12:21:31,113 [pool-27-thread-1] INFO  server.RaftServerConfigKeys (ConfUtils.java:logGet(43)) - raft.server.log.segment.size.max = 1048576 (custom)
2019-10-23 12:21:31,114 [pool-27-thread-1] INFO  server.RaftServerConfigKeys (ConfUtils.java:logGet(43)) - raft.server.log.preallocated.size = 16384 (custom)
2019-10-23 12:21:31,114 [pool-27-thread-1] INFO  server.RaftServerConfigKeys (ConfUtils.java:logGet(43)) - raft.server.log.write.buffer.size = 33554432 (custom)
2019-10-23 12:21:31,115 [pool-27-thread-1] INFO  server.RaftServerConfigKeys (ConfUtils.java:logGet(43)) - raft.server.log.force.sync.num = 128 (default)
2019-10-23 12:21:31,116 [pool-27-thread-1] INFO  server.RaftServerConfigKeys (ConfUtils.java:logGet(43)) - raft.server.log.statemachine.data.sync = true (default)
2019-10-23 12:21:31,116 [pool-27-thread-1] INFO  server.RaftServerConfigKeys (ConfUtils.java:logGet(43)) - raft.server.log.statemachine.data.sync.timeout = 10s (default)
2019-10-23 12:21:31,116 [pool-27-thread-1] INFO  server.RaftServerConfigKeys (ConfUtils.java:logGet(43)) - raft.server.log.statemachine.data.sync.timeout.retry = -1 (default)
2019-10-23 12:21:31,126 [pool-27-thread-1] INFO  server.RaftServerConfigKeys (ConfUtils.java:logGet(43)) - raft.server.log.statemachine.data.caching.enabled = true (custom)
2019-10-23 12:21:31,130 [pool-27-thread-1] INFO  segmented.SegmentedRaftLogWorker (SegmentedRaftLogWorker.java:lambda$new$0(128)) - 9d2a2146-2c04-423d-8f96-3c121403b328@group-0B01D64DF3BD-SegmentedRaftLogWorker: flushIndex: setUnconditionally 0 -> -1
2019-10-23 12:21:31,134 [pool-27-thread-1] INFO  server.RaftServerConfigKeys (ConfUtils.java:logGet(43)) - raft.server.snapshot.auto.trigger.enabled = true (custom)
2019-10-23 12:21:31,135 [pool-27-thread-1] INFO  server.RaftServerConfigKeys (ConfUtils.java:logGet(43)) - raft.server.snapshot.auto.trigger.threshold = 10000 (custom)
2019-10-23 12:21:31,135 [pool-27-thread-1] INFO  server.RaftServerConfigKeys (ConfUtils.java:logGet(43)) - raft.server.snapshot.retention.file.num = 5 (custom)
2019-10-23 12:21:31,135 [pool-27-thread-1] INFO  server.RaftServerConfigKeys (ConfUtils.java:logGet(43)) - raft.server.retrycache.expirytime = 600000ms (custom)
2019-10-23 12:21:31,161 [pool-27-thread-1] INFO  impl.RaftServerImpl (RaftServerImpl.java:start(195)) - 9d2a2146-2c04-423d-8f96-3c121403b328@group-0B01D64DF3BD: start as a follower, conf=-1: [9d2a2146-2c04-423d-8f96-3c121403b328:192.168.69.118:40792], old=null
2019-10-23 12:21:31,162 [pool-27-thread-1] INFO  impl.RaftServerImpl (RaftServerImpl.java:setRole(184)) - 9d2a2146-2c04-423d-8f96-3c121403b328@group-0B01D64DF3BD: changes role from      null to FOLLOWER at term 0 for startAsFollower
2019-10-23 12:21:31,163 [pool-27-thread-1] INFO  impl.RoleInfo (RoleInfo.java:updateAndGet(143)) - 9d2a2146-2c04-423d-8f96-3c121403b328: start FollowerState
2019-10-23 12:21:31,164 [pool-27-thread-1] INFO  util.JmxRegister (JmxRegister.java:tryRegister(44)) - Successfully registered JMX Bean with object name Ratis:service=RaftServer,group=group-0B01D64DF3BD,id=9d2a2146-2c04-423d-8f96-3c121403b328
2019-10-23 12:21:31,238 [RatisPipelineUtilsThread] INFO  pipeline.PipelineStateManager (PipelineStateManager.java:addPipeline(56)) - Created pipeline Pipeline[ Id: 760c1714-f3fd-4e5f-b885-0b01d64df3bd, Nodes: 9d2a2146-2c04-423d-8f96-3c121403b328{ip: 192.168.69.118, host: pr-hdds1643-t2fz7-3136866267, networkLocation: /default-rack, certSerialId: null}, Type:RATIS, Factor:ONE, State:OPEN]
2019-10-23 12:21:31,255 [grpc-default-executor-0] INFO  impl.RaftServerProxy (RaftServerProxy.java:addNew(89)) - 43cb0e13-5597-452b-a8b1-af00d0a4a497: addNew group-599489850CD8:[43cb0e13-5597-452b-a8b1-af00d0a4a497:192.168.69.118:45201] returns group-599489850CD8:java.util.concurrent.CompletableFuture@7845f015[Not completed]
2019-10-23 12:21:31,284 [pool-37-thread-1] INFO  impl.RaftServerImpl (RaftServerImpl.java:<init>(104)) - 43cb0e13-5597-452b-a8b1-af00d0a4a497: new RaftServerImpl for group-599489850CD8:[43cb0e13-5597-452b-a8b1-af00d0a4a497:192.168.69.118:45201] with ContainerStateMachine:uninitialized
2019-10-23 12:21:31,285 [pool-37-thread-1] INFO  server.RaftServerConfigKeys (ConfUtils.java:logGet(43)) - raft.server.rpc.timeout.min = 5s (custom)
2019-10-23 12:21:31,285 [pool-37-thread-1] INFO  server.RaftServerConfigKeys (ConfUtils.java:logGet(43)) - raft.server.rpc.timeout.max = 5200ms (custom)
2019-10-23 12:21:31,286 [pool-37-thread-1] INFO  server.RaftServerConfigKeys (ConfUtils.java:logGet(43)) - raft.server.rpcslowness.timeout = 1000s (custom)
2019-10-23 12:21:31,286 [pool-37-thread-1] INFO  server.RaftServerConfigKeys (ConfUtils.java:logGet(43)) - raft.server.sleep.deviation.threshold = 300 (default)
2019-10-23 12:21:31,286 [pool-37-thread-1] INFO  server.RaftServerConfigKeys (ConfUtils.java:logGet(43)) - raft.server.log.appender.install.snapshot.enabled = false (custom)
2019-10-23 12:21:31,286 [pool-37-thread-1] INFO  impl.RaftServerImpl (ServerState.java:<init>(103)) - 43cb0e13-5597-452b-a8b1-af00d0a4a497@group-599489850CD8: ConfigurationManager, init=-1: [43cb0e13-5597-452b-a8b1-af00d0a4a497:192.168.69.118:45201], old=null, confs=<EMPTY_MAP>
2019-10-23 12:21:31,286 [pool-37-thread-1] INFO  server.RaftServerConfigKeys (ConfUtils.java:logGet(43)) - raft.server.storage.dir = [/workdir/hadoop-ozone/integration-test/target/test-dir/MiniOzoneClusterImpl-2e89ea2c-3d6a-4952-ac09-5f42be2d5130/datanode-1/data/ratis] (custom)
2019-10-23 12:21:31,286 [pool-37-thread-1] INFO  server.RaftServerConfigKeys (ConfUtils.java:logGet(43)) - raft.server.log.corruption.policy = EXCEPTION (default)
2019-10-23 12:21:31,287 [pool-37-thread-1] INFO  storage.RaftStorageDirectory (RaftStorageDirectory.java:analyzeStorage(246)) - The storage directory /workdir/hadoop-ozone/integration-test/target/test-dir/MiniOzoneClusterImpl-2e89ea2c-3d6a-4952-ac09-5f42be2d5130/datanode-1/data/ratis/9e686f8a-75da-4302-afc4-599489850cd8 does not exist. Creating ...
2019-10-23 12:21:31,299 [pool-37-thread-1] INFO  storage.RaftStorageDirectory (RaftStorageDirectory.java:tryLock(328)) - Lock on /workdir/hadoop-ozone/integration-test/target/test-dir/MiniOzoneClusterImpl-2e89ea2c-3d6a-4952-ac09-5f42be2d5130/datanode-1/data/ratis/9e686f8a-75da-4302-afc4-599489850cd8/in_use.lock acquired by nodename 10412@pr-hdds1643-t2fz7-3136866267
2019-10-23 12:21:31,320 [pool-37-thread-1] INFO  storage.RaftStorage (RaftStorage.java:format(84)) - Storage directory /workdir/hadoop-ozone/integration-test/target/test-dir/MiniOzoneClusterImpl-2e89ea2c-3d6a-4952-ac09-5f42be2d5130/datanode-1/data/ratis/9e686f8a-75da-4302-afc4-599489850cd8 has been successfully formatted.
2019-10-23 12:21:31,322 [pool-37-thread-1] INFO  ratis.ContainerStateMachine (ContainerStateMachine.java:loadSnapshot(231)) - group-599489850CD8: The snapshot info is null. Setting the last applied indexto:(t:0, i:~)
2019-10-23 12:21:31,323 [pool-37-thread-1] INFO  server.RaftServerConfigKeys (ConfUtils.java:logGet(43)) - raft.server.notification.no-leader.timeout = 1000s (custom)
2019-10-23 12:21:31,323 [pool-37-thread-1] INFO  server.RaftServerConfigKeys (ConfUtils.java:logGet(43)) - raft.server.log.use.memory = false (default)
2019-10-23 12:21:31,323 [pool-37-thread-1] INFO  server.RaftServerConfigKeys (ConfUtils.java:logGet(43)) - raft.server.log.purge.gap = 1000000 (custom)
2019-10-23 12:21:31,323 [pool-37-thread-1] INFO  server.RaftServerConfigKeys (ConfUtils.java:logGet(43)) - raft.server.log.appender.buffer.byte-limit = 33554432 (custom)
2019-10-23 12:21:31,323 [pool-37-thread-1] INFO  server.RaftServerConfigKeys (ConfUtils.java:logGet(43)) - raft.server.log.segment.size.max = 1048576 (custom)
2019-10-23 12:21:31,327 [pool-37-thread-1] INFO  server.RaftServerConfigKeys (ConfUtils.java:logGet(43)) - raft.server.log.segment.cache.num.max = 2 (custom)
2019-10-23 12:21:31,327 [pool-37-thread-1] INFO  segmented.SegmentedRaftLogWorker (SegmentedRaftLogWorker.java:<init>(173)) - new 43cb0e13-5597-452b-a8b1-af00d0a4a497@group-599489850CD8-SegmentedRaftLogWorker for RaftStorage:Storage Directory /workdir/hadoop-ozone/integration-test/target/test-dir/MiniOzoneClusterImpl-2e89ea2c-3d6a-4952-ac09-5f42be2d5130/datanode-1/data/ratis/9e686f8a-75da-4302-afc4-599489850cd8
2019-10-23 12:21:31,328 [pool-37-thread-1] INFO  server.RaftServerConfigKeys (ConfUtils.java:logGet(43)) - raft.server.log.queue.byte-limit = 2147483647 (custom)
2019-10-23 12:21:31,328 [pool-37-thread-1] INFO  server.RaftServerConfigKeys (ConfUtils.java:logGet(43)) - raft.server.log.queue.element-limit = 1024 (custom)
2019-10-23 12:21:31,328 [pool-37-thread-1] INFO  server.RaftServerConfigKeys (ConfUtils.java:logGet(43)) - raft.server.log.segment.size.max = 1048576 (custom)
2019-10-23 12:21:31,328 [pool-37-thread-1] INFO  server.RaftServerConfigKeys (ConfUtils.java:logGet(43)) - raft.server.log.preallocated.size = 16384 (custom)
2019-10-23 12:21:31,328 [pool-37-thread-1] INFO  server.RaftServerConfigKeys (ConfUtils.java:logGet(43)) - raft.server.log.write.buffer.size = 33554432 (custom)
2019-10-23 12:21:31,328 [pool-37-thread-1] INFO  server.RaftServerConfigKeys (ConfUtils.java:logGet(43)) - raft.server.log.force.sync.num = 128 (default)
2019-10-23 12:21:31,328 [pool-37-thread-1] INFO  server.RaftServerConfigKeys (ConfUtils.java:logGet(43)) - raft.server.log.statemachine.data.sync = true (default)
2019-10-23 12:21:31,329 [pool-37-thread-1] INFO  server.RaftServerConfigKeys (ConfUtils.java:logGet(43)) - raft.server.log.statemachine.data.sync.timeout = 10s (default)
2019-10-23 12:21:31,329 [pool-37-thread-1] INFO  server.RaftServerConfigKeys (ConfUtils.java:logGet(43)) - raft.server.log.statemachine.data.sync.timeout.retry = -1 (default)
2019-10-23 12:21:31,329 [pool-37-thread-1] INFO  server.RaftServerConfigKeys (ConfUtils.java:logGet(43)) - raft.server.log.statemachine.data.caching.enabled = true (custom)
2019-10-23 12:21:31,330 [pool-37-thread-1] INFO  segmented.SegmentedRaftLogWorker (SegmentedRaftLogWorker.java:lambda$new$0(128)) - 43cb0e13-5597-452b-a8b1-af00d0a4a497@group-599489850CD8-SegmentedRaftLogWorker: flushIndex: setUnconditionally 0 -> -1
2019-10-23 12:21:31,330 [pool-37-thread-1] INFO  server.RaftServerConfigKeys (ConfUtils.java:logGet(43)) - raft.server.snapshot.auto.trigger.enabled = true (custom)
2019-10-23 12:21:31,330 [pool-37-thread-1] INFO  server.RaftServerConfigKeys (ConfUtils.java:logGet(43)) - raft.server.snapshot.auto.trigger.threshold = 10000 (custom)
2019-10-23 12:21:31,330 [pool-37-thread-1] INFO  server.RaftServerConfigKeys (ConfUtils.java:logGet(43)) - raft.server.snapshot.retention.file.num = 5 (custom)
2019-10-23 12:21:31,331 [pool-37-thread-1] INFO  server.RaftServerConfigKeys (ConfUtils.java:logGet(43)) - raft.server.retrycache.expirytime = 600000ms (custom)
2019-10-23 12:21:31,337 [pool-37-thread-1] INFO  impl.RaftServerImpl (RaftServerImpl.java:start(195)) - 43cb0e13-5597-452b-a8b1-af00d0a4a497@group-599489850CD8: start as a follower, conf=-1: [43cb0e13-5597-452b-a8b1-af00d0a4a497:192.168.69.118:45201], old=null
2019-10-23 12:21:31,337 [pool-37-thread-1] INFO  impl.RaftServerImpl (RaftServerImpl.java:setRole(184)) - 43cb0e13-5597-452b-a8b1-af00d0a4a497@group-599489850CD8: changes role from      null to FOLLOWER at term 0 for startAsFollower
2019-10-23 12:21:31,337 [pool-37-thread-1] INFO  impl.RoleInfo (RoleInfo.java:updateAndGet(143)) - 43cb0e13-5597-452b-a8b1-af00d0a4a497: start FollowerState
2019-10-23 12:21:31,338 [pool-37-thread-1] INFO  util.JmxRegister (JmxRegister.java:tryRegister(44)) - Successfully registered JMX Bean with object name Ratis:service=RaftServer,group=group-599489850CD8,id=43cb0e13-5597-452b-a8b1-af00d0a4a497
2019-10-23 12:21:31,344 [Thread-186] INFO  impl.FollowerState (FollowerState.java:run(108)) - 9d2a2146-2c04-423d-8f96-3c121403b328@group-0B01D64DF3BD-FollowerState: change to CANDIDATE, lastRpcTime:181ms, electionTimeout:180ms
2019-10-23 12:21:31,346 [Thread-186] INFO  impl.RoleInfo (RoleInfo.java:shutdownFollowerState(121)) - 9d2a2146-2c04-423d-8f96-3c121403b328: shutdown FollowerState
2019-10-23 12:21:31,346 [Thread-186] INFO  impl.RaftServerImpl (RaftServerImpl.java:setRole(184)) - 9d2a2146-2c04-423d-8f96-3c121403b328@group-0B01D64DF3BD: changes role from  FOLLOWER to CANDIDATE at term 0 for changeToCandidate
2019-10-23 12:21:31,351 [Thread-186] INFO  impl.RoleInfo (RoleInfo.java:updateAndGet(143)) - 9d2a2146-2c04-423d-8f96-3c121403b328: start LeaderElection
2019-10-23 12:21:31,353 [RatisPipelineUtilsThread] INFO  pipeline.PipelineStateManager (PipelineStateManager.java:addPipeline(56)) - Created pipeline Pipeline[ Id: 9e686f8a-75da-4302-afc4-599489850cd8, Nodes: 43cb0e13-5597-452b-a8b1-af00d0a4a497{ip: 192.168.69.118, host: pr-hdds1643-t2fz7-3136866267, networkLocation: /default-rack, certSerialId: null}, Type:RATIS, Factor:ONE, State:OPEN]
2019-10-23 12:21:31,367 [9d2a2146-2c04-423d-8f96-3c121403b328@group-0B01D64DF3BD-LeaderElection1] INFO  impl.LeaderElection (LeaderElection.java:askForVotes(178)) - 9d2a2146-2c04-423d-8f96-3c121403b328@group-0B01D64DF3BD-LeaderElection1: begin an election at term 1 for -1: [9d2a2146-2c04-423d-8f96-3c121403b328:192.168.69.118:40792], old=null
2019-10-23 12:21:31,368 [grpc-default-executor-0] INFO  impl.RaftServerProxy (RaftServerProxy.java:addNew(89)) - 04710d3b-08a7-4a70-b69f-f772706c6105: addNew group-64208F9792F8:[04710d3b-08a7-4a70-b69f-f772706c6105:192.168.69.118:40289] returns group-64208F9792F8:java.util.concurrent.CompletableFuture@3e3f031b[Not completed]
2019-10-23 12:21:31,379 [9d2a2146-2c04-423d-8f96-3c121403b328@group-0B01D64DF3BD-LeaderElection1] INFO  impl.RoleInfo (RoleInfo.java:shutdownLeaderElection(134)) - 9d2a2146-2c04-423d-8f96-3c121403b328: shutdown LeaderElection
2019-10-23 12:21:31,380 [pool-47-thread-1] INFO  impl.RaftServerImpl (RaftServerImpl.java:<init>(104)) - 04710d3b-08a7-4a70-b69f-f772706c6105: new RaftServerImpl for group-64208F9792F8:[04710d3b-08a7-4a70-b69f-f772706c6105:192.168.69.118:40289] with ContainerStateMachine:uninitialized
2019-10-23 12:21:31,380 [pool-47-thread-1] INFO  server.RaftServerConfigKeys (ConfUtils.java:logGet(43)) - raft.server.rpc.timeout.min = 5s (custom)
2019-10-23 12:21:31,380 [9d2a2146-2c04-423d-8f96-3c121403b328@group-0B01D64DF3BD-LeaderElection1] INFO  impl.RaftServerImpl (RaftServerImpl.java:setRole(184)) - 9d2a2146-2c04-423d-8f96-3c121403b328@group-0B01D64DF3BD: changes role from CANDIDATE to LEADER at term 1 for changeToLeader
2019-10-23 12:21:31,380 [pool-47-thread-1] INFO  server.RaftServerConfigKeys (ConfUtils.java:logGet(43)) - raft.server.rpc.timeout.max = 5200ms (custom)
2019-10-23 12:21:31,381 [pool-47-thread-1] INFO  server.RaftServerConfigKeys (ConfUtils.java:logGet(43)) - raft.server.rpcslowness.timeout = 1000s (custom)
2019-10-23 12:21:31,381 [9d2a2146-2c04-423d-8f96-3c121403b328@group-0B01D64DF3BD-LeaderElection1] INFO  impl.RaftServerImpl (ServerState.java:setLeader(256)) - 9d2a2146-2c04-423d-8f96-3c121403b328@group-0B01D64DF3BD: change Leader from null to 9d2a2146-2c04-423d-8f96-3c121403b328 at term 1 for becomeLeader, leader elected after 318ms
2019-10-23 12:21:31,381 [pool-47-thread-1] INFO  server.RaftServerConfigKeys (ConfUtils.java:logGet(43)) - raft.server.sleep.deviation.threshold = 300 (default)
2019-10-23 12:21:31,381 [pool-47-thread-1] INFO  server.RaftServerConfigKeys (ConfUtils.java:logGet(43)) - raft.server.log.appender.install.snapshot.enabled = false (custom)
2019-10-23 12:21:31,381 [pool-47-thread-1] INFO  impl.RaftServerImpl (ServerState.java:<init>(103)) - 04710d3b-08a7-4a70-b69f-f772706c6105@group-64208F9792F8: ConfigurationManager, init=-1: [04710d3b-08a7-4a70-b69f-f772706c6105:192.168.69.118:40289], old=null, confs=<EMPTY_MAP>
2019-10-23 12:21:31,382 [pool-47-thread-1] INFO  server.RaftServerConfigKeys (ConfUtils.java:logGet(43)) - raft.server.storage.dir = [/workdir/hadoop-ozone/integration-test/target/test-dir/MiniOzoneClusterImpl-2e89ea2c-3d6a-4952-ac09-5f42be2d5130/datanode-2/data/ratis] (custom)
2019-10-23 12:21:31,382 [pool-47-thread-1] INFO  server.RaftServerConfigKeys (ConfUtils.java:logGet(43)) - raft.server.log.corruption.policy = EXCEPTION (default)
2019-10-23 12:21:31,382 [pool-47-thread-1] INFO  storage.RaftStorageDirectory (RaftStorageDirectory.java:analyzeStorage(246)) - The storage directory /workdir/hadoop-ozone/integration-test/target/test-dir/MiniOzoneClusterImpl-2e89ea2c-3d6a-4952-ac09-5f42be2d5130/datanode-2/data/ratis/2ee25dbc-1d4b-4316-9563-64208f9792f8 does not exist. Creating ...
2019-10-23 12:21:31,388 [9d2a2146-2c04-423d-8f96-3c121403b328@group-0B01D64DF3BD-LeaderElection1] INFO  server.RaftServerConfigKeys (ConfUtils.java:logGet(43)) - raft.server.staging.catchup.gap = 1000 (default)
2019-10-23 12:21:31,388 [9d2a2146-2c04-423d-8f96-3c121403b328@group-0B01D64DF3BD-LeaderElection1] INFO  server.RaftServerConfigKeys (ConfUtils.java:logGet(43)) - raft.server.rpc.sleep.time = 25ms (default)
2019-10-23 12:21:31,392 [9d2a2146-2c04-423d-8f96-3c121403b328@group-0B01D64DF3BD-LeaderElection1] INFO  server.RaftServerConfigKeys (ConfUtils.java:logGet(43)) - raft.server.write.element-limit = 4096 (default)
2019-10-23 12:21:31,394 [9d2a2146-2c04-423d-8f96-3c121403b328@group-0B01D64DF3BD-LeaderElection1] INFO  server.RaftServerConfigKeys (ConfUtils.java:logGet(43)) - raft.server.watch.timeout = 10s (default)
2019-10-23 12:21:31,394 [9d2a2146-2c04-423d-8f96-3c121403b328@group-0B01D64DF3BD-LeaderElection1] INFO  server.RaftServerConfigKeys (ConfUtils.java:logGet(43)) - raft.server.watch.timeout.denomination = 1s (default)
2019-10-23 12:21:31,395 [9d2a2146-2c04-423d-8f96-3c121403b328@group-0B01D64DF3BD-LeaderElection1] INFO  server.RaftServerConfigKeys (ConfUtils.java:logGet(43)) - raft.server.watch.element-limit = 65536 (default)
2019-10-23 12:21:31,395 [pool-47-thread-1] INFO  storage.RaftStorageDirectory (RaftStorageDirectory.java:tryLock(328)) - Lock on /workdir/hadoop-ozone/integration-test/target/test-dir/MiniOzoneClusterImpl-2e89ea2c-3d6a-4952-ac09-5f42be2d5130/datanode-2/data/ratis/2ee25dbc-1d4b-4316-9563-64208f9792f8/in_use.lock acquired by nodename 10412@pr-hdds1643-t2fz7-3136866267
2019-10-23 12:21:31,408 [pool-47-thread-1] INFO  storage.RaftStorage (RaftStorage.java:format(84)) - Storage directory /workdir/hadoop-ozone/integration-test/target/test-dir/MiniOzoneClusterImpl-2e89ea2c-3d6a-4952-ac09-5f42be2d5130/datanode-2/data/ratis/2ee25dbc-1d4b-4316-9563-64208f9792f8 has been successfully formatted.
2019-10-23 12:21:31,408 [pool-47-thread-1] INFO  ratis.ContainerStateMachine (ContainerStateMachine.java:loadSnapshot(231)) - group-64208F9792F8: The snapshot info is null. Setting the last applied indexto:(t:0, i:~)
2019-10-23 12:21:31,409 [pool-47-thread-1] INFO  server.RaftServerConfigKeys (ConfUtils.java:logGet(43)) - raft.server.notification.no-leader.timeout = 1000s (custom)
2019-10-23 12:21:31,409 [pool-47-thread-1] INFO  server.RaftServerConfigKeys (ConfUtils.java:logGet(43)) - raft.server.log.use.memory = false (default)
2019-10-23 12:21:31,409 [pool-47-thread-1] INFO  server.RaftServerConfigKeys (ConfUtils.java:logGet(43)) - raft.server.log.purge.gap = 1000000 (custom)
2019-10-23 12:21:31,409 [pool-47-thread-1] INFO  server.RaftServerConfigKeys (ConfUtils.java:logGet(43)) - raft.server.log.appender.buffer.byte-limit = 33554432 (custom)
2019-10-23 12:21:31,409 [pool-47-thread-1] INFO  server.RaftServerConfigKeys (ConfUtils.java:logGet(43)) - raft.server.log.segment.size.max = 1048576 (custom)
2019-10-23 12:21:31,412 [pool-47-thread-1] INFO  server.RaftServerConfigKeys (ConfUtils.java:logGet(43)) - raft.server.log.segment.cache.num.max = 2 (custom)
2019-10-23 12:21:31,412 [pool-47-thread-1] INFO  segmented.SegmentedRaftLogWorker (SegmentedRaftLogWorker.java:<init>(173)) - new 04710d3b-08a7-4a70-b69f-f772706c6105@group-64208F9792F8-SegmentedRaftLogWorker for RaftStorage:Storage Directory /workdir/hadoop-ozone/integration-test/target/test-dir/MiniOzoneClusterImpl-2e89ea2c-3d6a-4952-ac09-5f42be2d5130/datanode-2/data/ratis/2ee25dbc-1d4b-4316-9563-64208f9792f8
2019-10-23 12:21:31,412 [pool-47-thread-1] INFO  server.RaftServerConfigKeys (ConfUtils.java:logGet(43)) - raft.server.log.queue.byte-limit = 2147483647 (custom)
2019-10-23 12:21:31,412 [pool-47-thread-1] INFO  server.RaftServerConfigKeys (ConfUtils.java:logGet(43)) - raft.server.log.queue.element-limit = 1024 (custom)
2019-10-23 12:21:31,413 [pool-47-thread-1] INFO  server.RaftServerConfigKeys (ConfUtils.java:logGet(43)) - raft.server.log.segment.size.max = 1048576 (custom)
2019-10-23 12:21:31,413 [pool-47-thread-1] INFO  server.RaftServerConfigKeys (ConfUtils.java:logGet(43)) - raft.server.log.preallocated.size = 16384 (custom)
2019-10-23 12:21:31,413 [pool-47-thread-1] INFO  server.RaftServerConfigKeys (ConfUtils.java:logGet(43)) - raft.server.log.write.buffer.size = 33554432 (custom)
2019-10-23 12:21:31,413 [pool-47-thread-1] INFO  server.RaftServerConfigKeys (ConfUtils.java:logGet(43)) - raft.server.log.force.sync.num = 128 (default)
2019-10-23 12:21:31,413 [pool-47-thread-1] INFO  server.RaftServerConfigKeys (ConfUtils.java:logGet(43)) - raft.server.log.statemachine.data.sync = true (default)
2019-10-23 12:21:31,413 [pool-47-thread-1] INFO  server.RaftServerConfigKeys (ConfUtils.java:logGet(43)) - raft.server.log.statemachine.data.sync.timeout = 10s (default)
2019-10-23 12:21:31,413 [pool-47-thread-1] INFO  server.RaftServerConfigKeys (ConfUtils.java:logGet(43)) - raft.server.log.statemachine.data.sync.timeout.retry = -1 (default)
2019-10-23 12:21:31,414 [pool-47-thread-1] INFO  server.RaftServerConfigKeys (ConfUtils.java:logGet(43)) - raft.server.log.statemachine.data.caching.enabled = true (custom)
2019-10-23 12:21:31,414 [pool-47-thread-1] INFO  segmented.SegmentedRaftLogWorker (SegmentedRaftLogWorker.java:lambda$new$0(128)) - 04710d3b-08a7-4a70-b69f-f772706c6105@group-64208F9792F8-SegmentedRaftLogWorker: flushIndex: setUnconditionally 0 -> -1
2019-10-23 12:21:31,415 [pool-47-thread-1] INFO  server.RaftServerConfigKeys (ConfUtils.java:logGet(43)) - raft.server.snapshot.auto.trigger.enabled = true (custom)
2019-10-23 12:21:31,415 [pool-47-thread-1] INFO  server.RaftServerConfigKeys (ConfUtils.java:logGet(43)) - raft.server.snapshot.auto.trigger.threshold = 10000 (custom)
2019-10-23 12:21:31,415 [pool-47-thread-1] INFO  server.RaftServerConfigKeys (ConfUtils.java:logGet(43)) - raft.server.snapshot.retention.file.num = 5 (custom)
2019-10-23 12:21:31,415 [pool-47-thread-1] INFO  server.RaftServerConfigKeys (ConfUtils.java:logGet(43)) - raft.server.retrycache.expirytime = 600000ms (custom)
2019-10-23 12:21:31,415 [9d2a2146-2c04-423d-8f96-3c121403b328@group-0B01D64DF3BD-LeaderElection1] INFO  impl.RoleInfo (RoleInfo.java:updateAndGet(143)) - 9d2a2146-2c04-423d-8f96-3c121403b328: start LeaderState
2019-10-23 12:21:31,421 [pool-47-thread-1] INFO  impl.RaftServerImpl (RaftServerImpl.java:start(195)) - 04710d3b-08a7-4a70-b69f-f772706c6105@group-64208F9792F8: start as a follower, conf=-1: [04710d3b-08a7-4a70-b69f-f772706c6105:192.168.69.118:40289], old=null
2019-10-23 12:21:31,421 [pool-47-thread-1] INFO  impl.RaftServerImpl (RaftServerImpl.java:setRole(184)) - 04710d3b-08a7-4a70-b69f-f772706c6105@group-64208F9792F8: changes role from      null to FOLLOWER at term 0 for startAsFollower
2019-10-23 12:21:31,421 [pool-47-thread-1] INFO  impl.RoleInfo (RoleInfo.java:updateAndGet(143)) - 04710d3b-08a7-4a70-b69f-f772706c6105: start FollowerState
2019-10-23 12:21:31,421 [pool-47-thread-1] INFO  util.JmxRegister (JmxRegister.java:tryRegister(44)) - Successfully registered JMX Bean with object name Ratis:service=RaftServer,group=group-64208F9792F8,id=04710d3b-08a7-4a70-b69f-f772706c6105
2019-10-23 12:21:31,432 [RatisPipelineUtilsThread] INFO  pipeline.PipelineStateManager (PipelineStateManager.java:addPipeline(56)) - Created pipeline Pipeline[ Id: 2ee25dbc-1d4b-4316-9563-64208f9792f8, Nodes: 04710d3b-08a7-4a70-b69f-f772706c6105{ip: 192.168.69.118, host: pr-hdds1643-t2fz7-3136866267, networkLocation: /default-rack, certSerialId: null}, Type:RATIS, Factor:ONE, State:OPEN]
2019-10-23 12:21:31,439 [9d2a2146-2c04-423d-8f96-3c121403b328@group-0B01D64DF3BD-LeaderElection1] INFO  segmented.SegmentedRaftLogWorker (SegmentedRaftLogWorker.java:startLogSegment(385)) - 9d2a2146-2c04-423d-8f96-3c121403b328@group-0B01D64DF3BD-SegmentedRaftLogWorker: Starting segment from index:0
2019-10-23 12:21:31,451 [Thread-194] INFO  impl.FollowerState (FollowerState.java:run(108)) - 04710d3b-08a7-4a70-b69f-f772706c6105@group-64208F9792F8-FollowerState: change to CANDIDATE, lastRpcTime:29ms, electionTimeout:29ms
2019-10-23 12:21:31,453 [Thread-194] INFO  impl.RoleInfo (RoleInfo.java:shutdownFollowerState(121)) - 04710d3b-08a7-4a70-b69f-f772706c6105: shutdown FollowerState
2019-10-23 12:21:31,453 [Thread-194] INFO  impl.RaftServerImpl (RaftServerImpl.java:setRole(184)) - 04710d3b-08a7-4a70-b69f-f772706c6105@group-64208F9792F8: changes role from  FOLLOWER to CANDIDATE at term 0 for changeToCandidate
2019-10-23 12:21:31,453 [Thread-194] INFO  impl.RoleInfo (RoleInfo.java:updateAndGet(143)) - 04710d3b-08a7-4a70-b69f-f772706c6105: start LeaderElection
2019-10-23 12:21:31,456 [grpc-default-executor-0] INFO  impl.RaftServerProxy (RaftServerProxy.java:addNew(89)) - 43cb0e13-5597-452b-a8b1-af00d0a4a497: addNew group-40390D33441A:[9d2a2146-2c04-423d-8f96-3c121403b328:192.168.69.118:40792, 04710d3b-08a7-4a70-b69f-f772706c6105:192.168.69.118:40289, 43cb0e13-5597-452b-a8b1-af00d0a4a497:192.168.69.118:45201] returns group-40390D33441A:java.util.concurrent.CompletableFuture@27beb5d4[Not completed]
2019-10-23 12:21:31,456 [grpc-default-executor-2] INFO  impl.RaftServerProxy (RaftServerProxy.java:addNew(89)) - 9d2a2146-2c04-423d-8f96-3c121403b328: addNew group-40390D33441A:[9d2a2146-2c04-423d-8f96-3c121403b328:192.168.69.118:40792, 04710d3b-08a7-4a70-b69f-f772706c6105:192.168.69.118:40289, 43cb0e13-5597-452b-a8b1-af00d0a4a497:192.168.69.118:45201] returns group-40390D33441A:java.util.concurrent.CompletableFuture@74d9f248[Not completed]
2019-10-23 12:21:31,459 [grpc-default-executor-2] INFO  impl.RaftServerProxy (RaftServerProxy.java:addNew(89)) - 04710d3b-08a7-4a70-b69f-f772706c6105: addNew group-40390D33441A:[9d2a2146-2c04-423d-8f96-3c121403b328:192.168.69.118:40792, 04710d3b-08a7-4a70-b69f-f772706c6105:192.168.69.118:40289, 43cb0e13-5597-452b-a8b1-af00d0a4a497:192.168.69.118:45201] returns group-40390D33441A:java.util.concurrent.CompletableFuture@35e4f873[Not completed]
2019-10-23 12:21:31,459 [pool-27-thread-1] INFO  impl.RaftServerImpl (RaftServerImpl.java:<init>(104)) - 9d2a2146-2c04-423d-8f96-3c121403b328: new RaftServerImpl for group-40390D33441A:[9d2a2146-2c04-423d-8f96-3c121403b328:192.168.69.118:40792, 04710d3b-08a7-4a70-b69f-f772706c6105:192.168.69.118:40289, 43cb0e13-5597-452b-a8b1-af00d0a4a497:192.168.69.118:45201] with ContainerStateMachine:uninitialized
2019-10-23 12:21:31,459 [pool-27-thread-1] INFO  server.RaftServerConfigKeys (ConfUtils.java:logGet(43)) - raft.server.rpc.timeout.min = 5s (custom)
2019-10-23 12:21:31,460 [pool-27-thread-1] INFO  server.RaftServerConfigKeys (ConfUtils.java:logGet(43)) - raft.server.rpc.timeout.max = 5200ms (custom)
2019-10-23 12:21:31,460 [pool-27-thread-1] INFO  server.RaftServerConfigKeys (ConfUtils.java:logGet(43)) - raft.server.rpcslowness.timeout = 1000s (custom)
2019-10-23 12:21:31,460 [pool-37-thread-1] INFO  impl.RaftServerImpl (RaftServerImpl.java:<init>(104)) - 43cb0e13-5597-452b-a8b1-af00d0a4a497: new RaftServerImpl for group-40390D33441A:[9d2a2146-2c04-423d-8f96-3c121403b328:192.168.69.118:40792, 04710d3b-08a7-4a70-b69f-f772706c6105:192.168.69.118:40289, 43cb0e13-5597-452b-a8b1-af00d0a4a497:192.168.69.118:45201] with ContainerStateMachine:uninitialized
2019-10-23 12:21:31,460 [pool-27-thread-1] INFO  server.RaftServerConfigKeys (ConfUtils.java:logGet(43)) - raft.server.sleep.deviation.threshold = 300 (default)
2019-10-23 12:21:31,460 [pool-37-thread-1] INFO  server.RaftServerConfigKeys (ConfUtils.java:logGet(43)) - raft.server.rpc.timeout.min = 5s (custom)
2019-10-23 12:21:31,460 [9d2a2146-2c04-423d-8f96-3c121403b328@group-0B01D64DF3BD-LeaderElection1] INFO  impl.RaftServerImpl (ServerState.java:setRaftConf(357)) - 9d2a2146-2c04-423d-8f96-3c121403b328@group-0B01D64DF3BD: set configuration 0: [9d2a2146-2c04-423d-8f96-3c121403b328:192.168.69.118:40792], old=null at 0
2019-10-23 12:21:31,460 [pool-37-thread-1] INFO  server.RaftServerConfigKeys (ConfUtils.java:logGet(43)) - raft.server.rpc.timeout.max = 5200ms (custom)
2019-10-23 12:21:31,460 [pool-27-thread-1] INFO  server.RaftServerConfigKeys (ConfUtils.java:logGet(43)) - raft.server.log.appender.install.snapshot.enabled = false (custom)
2019-10-23 12:21:31,461 [pool-37-thread-1] INFO  server.RaftServerConfigKeys (ConfUtils.java:logGet(43)) - raft.server.rpcslowness.timeout = 1000s (custom)
2019-10-23 12:21:31,461 [pool-27-thread-1] INFO  impl.RaftServerImpl (ServerState.java:<init>(103)) - 9d2a2146-2c04-423d-8f96-3c121403b328@group-40390D33441A: ConfigurationManager, init=-1: [9d2a2146-2c04-423d-8f96-3c121403b328:192.168.69.118:40792, 04710d3b-08a7-4a70-b69f-f772706c6105:192.168.69.118:40289, 43cb0e13-5597-452b-a8b1-af00d0a4a497:192.168.69.118:45201], old=null, confs=<EMPTY_MAP>
2019-10-23 12:21:31,461 [pool-37-thread-1] INFO  server.RaftServerConfigKeys (ConfUtils.java:logGet(43)) - raft.server.sleep.deviation.threshold = 300 (default)
2019-10-23 12:21:31,461 [pool-37-thread-1] INFO  server.RaftServerConfigKeys (ConfUtils.java:logGet(43)) - raft.server.log.appender.install.snapshot.enabled = false (custom)
2019-10-23 12:21:31,461 [pool-27-thread-1] INFO  server.RaftServerConfigKeys (ConfUtils.java:logGet(43)) - raft.server.storage.dir = [/workdir/hadoop-ozone/integration-test/target/test-dir/MiniOzoneClusterImpl-2e89ea2c-3d6a-4952-ac09-5f42be2d5130/datanode-0/data/ratis] (custom)
2019-10-23 12:21:31,461 [pool-37-thread-1] INFO  impl.RaftServerImpl (ServerState.java:<init>(103)) - 43cb0e13-5597-452b-a8b1-af00d0a4a497@group-40390D33441A: ConfigurationManager, init=-1: [9d2a2146-2c04-423d-8f96-3c121403b328:192.168.69.118:40792, 04710d3b-08a7-4a70-b69f-f772706c6105:192.168.69.118:40289, 43cb0e13-5597-452b-a8b1-af00d0a4a497:192.168.69.118:45201], old=null, confs=<EMPTY_MAP>
2019-10-23 12:21:31,461 [pool-47-thread-1] INFO  impl.RaftServerImpl (RaftServerImpl.java:<init>(104)) - 04710d3b-08a7-4a70-b69f-f772706c6105: new RaftServerImpl for group-40390D33441A:[9d2a2146-2c04-423d-8f96-3c121403b328:192.168.69.118:40792, 04710d3b-08a7-4a70-b69f-f772706c6105:192.168.69.118:40289, 43cb0e13-5597-452b-a8b1-af00d0a4a497:192.168.69.118:45201] with ContainerStateMachine:uninitialized
2019-10-23 12:21:31,462 [pool-27-thread-1] INFO  server.RaftServerConfigKeys (ConfUtils.java:logGet(43)) - raft.server.log.corruption.policy = EXCEPTION (default)
2019-10-23 12:21:31,462 [pool-37-thread-1] INFO  server.RaftServerConfigKeys (ConfUtils.java:logGet(43)) - raft.server.storage.dir = [/workdir/hadoop-ozone/integration-test/target/test-dir/MiniOzoneClusterImpl-2e89ea2c-3d6a-4952-ac09-5f42be2d5130/datanode-1/data/ratis] (custom)
2019-10-23 12:21:31,462 [pool-47-thread-1] INFO  server.RaftServerConfigKeys (ConfUtils.java:logGet(43)) - raft.server.rpc.timeout.min = 5s (custom)
2019-10-23 12:21:31,462 [pool-27-thread-1] INFO  storage.RaftStorageDirectory (RaftStorageDirectory.java:analyzeStorage(246)) - The storage directory /workdir/hadoop-ozone/integration-test/target/test-dir/MiniOzoneClusterImpl-2e89ea2c-3d6a-4952-ac09-5f42be2d5130/datanode-0/data/ratis/c0e4f3a0-4d63-43fc-af6c-40390d33441a does not exist. Creating ...
2019-10-23 12:21:31,462 [pool-47-thread-1] INFO  server.RaftServerConfigKeys (ConfUtils.java:logGet(43)) - raft.server.rpc.timeout.max = 5200ms (custom)
2019-10-23 12:21:31,462 [pool-37-thread-1] INFO  server.RaftServerConfigKeys (ConfUtils.java:logGet(43)) - raft.server.log.corruption.policy = EXCEPTION (default)
2019-10-23 12:21:31,462 [pool-47-thread-1] INFO  server.RaftServerConfigKeys (ConfUtils.java:logGet(43)) - raft.server.rpcslowness.timeout = 1000s (custom)
2019-10-23 12:21:31,462 [pool-37-thread-1] INFO  storage.RaftStorageDirectory (RaftStorageDirectory.java:analyzeStorage(246)) - The storage directory /workdir/hadoop-ozone/integration-test/target/test-dir/MiniOzoneClusterImpl-2e89ea2c-3d6a-4952-ac09-5f42be2d5130/datanode-1/data/ratis/c0e4f3a0-4d63-43fc-af6c-40390d33441a does not exist. Creating ...
2019-10-23 12:21:31,463 [pool-47-thread-1] INFO  server.RaftServerConfigKeys (ConfUtils.java:logGet(43)) - raft.server.sleep.deviation.threshold = 300 (default)
2019-10-23 12:21:31,463 [pool-47-thread-1] INFO  server.RaftServerConfigKeys (ConfUtils.java:logGet(43)) - raft.server.log.appender.install.snapshot.enabled = false (custom)
2019-10-23 12:21:31,463 [pool-47-thread-1] INFO  impl.RaftServerImpl (ServerState.java:<init>(103)) - 04710d3b-08a7-4a70-b69f-f772706c6105@group-40390D33441A: ConfigurationManager, init=-1: [9d2a2146-2c04-423d-8f96-3c121403b328:192.168.69.118:40792, 04710d3b-08a7-4a70-b69f-f772706c6105:192.168.69.118:40289, 43cb0e13-5597-452b-a8b1-af00d0a4a497:192.168.69.118:45201], old=null, confs=<EMPTY_MAP>
2019-10-23 12:21:31,463 [pool-47-thread-1] INFO  server.RaftServerConfigKeys (ConfUtils.java:logGet(43)) - raft.server.storage.dir = [/workdir/hadoop-ozone/integration-test/target/test-dir/MiniOzoneClusterImpl-2e89ea2c-3d6a-4952-ac09-5f42be2d5130/datanode-2/data/ratis] (custom)
2019-10-23 12:21:31,463 [pool-47-thread-1] INFO  server.RaftServerConfigKeys (ConfUtils.java:logGet(43)) - raft.server.log.corruption.policy = EXCEPTION (default)
2019-10-23 12:21:31,464 [pool-47-thread-1] INFO  storage.RaftStorageDirectory (RaftStorageDirectory.java:analyzeStorage(246)) - The storage directory /workdir/hadoop-ozone/integration-test/target/test-dir/MiniOzoneClusterImpl-2e89ea2c-3d6a-4952-ac09-5f42be2d5130/datanode-2/data/ratis/c0e4f3a0-4d63-43fc-af6c-40390d33441a does not exist. Creating ...
2019-10-23 12:21:31,468 [Thread-189] INFO  impl.FollowerState (FollowerState.java:run(108)) - 43cb0e13-5597-452b-a8b1-af00d0a4a497@group-599489850CD8-FollowerState: change to CANDIDATE, lastRpcTime:131ms, electionTimeout:130ms
2019-10-23 12:21:31,468 [Thread-189] INFO  impl.RoleInfo (RoleInfo.java:shutdownFollowerState(121)) - 43cb0e13-5597-452b-a8b1-af00d0a4a497: shutdown FollowerState
2019-10-23 12:21:31,469 [Thread-189] INFO  impl.RaftServerImpl (RaftServerImpl.java:setRole(184)) - 43cb0e13-5597-452b-a8b1-af00d0a4a497@group-599489850CD8: changes role from  FOLLOWER to CANDIDATE at term 0 for changeToCandidate
2019-10-23 12:21:31,469 [Thread-189] INFO  impl.RoleInfo (RoleInfo.java:updateAndGet(143)) - 43cb0e13-5597-452b-a8b1-af00d0a4a497: start LeaderElection
2019-10-23 12:21:31,469 [pool-27-thread-1] INFO  storage.RaftStorageDirectory (RaftStorageDirectory.java:tryLock(328)) - Lock on /workdir/hadoop-ozone/integration-test/target/test-dir/MiniOzoneClusterImpl-2e89ea2c-3d6a-4952-ac09-5f42be2d5130/datanode-0/data/ratis/c0e4f3a0-4d63-43fc-af6c-40390d33441a/in_use.lock acquired by nodename 10412@pr-hdds1643-t2fz7-3136866267
2019-10-23 12:21:31,470 [04710d3b-08a7-4a70-b69f-f772706c6105@group-64208F9792F8-LeaderElection2] INFO  impl.LeaderElection (LeaderElection.java:askForVotes(178)) - 04710d3b-08a7-4a70-b69f-f772706c6105@group-64208F9792F8-LeaderElection2: begin an election at term 1 for -1: [04710d3b-08a7-4a70-b69f-f772706c6105:192.168.69.118:40289], old=null
2019-10-23 12:21:31,469 [pool-37-thread-1] INFO  storage.RaftStorageDirectory (RaftStorageDirectory.java:tryLock(328)) - Lock on /workdir/hadoop-ozone/integration-test/target/test-dir/MiniOzoneClusterImpl-2e89ea2c-3d6a-4952-ac09-5f42be2d5130/datanode-1/data/ratis/c0e4f3a0-4d63-43fc-af6c-40390d33441a/in_use.lock acquired by nodename 10412@pr-hdds1643-t2fz7-3136866267
2019-10-23 12:21:31,469 [pool-47-thread-1] INFO  storage.RaftStorageDirectory (RaftStorageDirectory.java:tryLock(328)) - Lock on /workdir/hadoop-ozone/integration-test/target/test-dir/MiniOzoneClusterImpl-2e89ea2c-3d6a-4952-ac09-5f42be2d5130/datanode-2/data/ratis/c0e4f3a0-4d63-43fc-af6c-40390d33441a/in_use.lock acquired by nodename 10412@pr-hdds1643-t2fz7-3136866267
2019-10-23 12:21:31,471 [04710d3b-08a7-4a70-b69f-f772706c6105@group-64208F9792F8-LeaderElection2] INFO  impl.RoleInfo (RoleInfo.java:shutdownLeaderElection(134)) - 04710d3b-08a7-4a70-b69f-f772706c6105: shutdown LeaderElection
2019-10-23 12:21:31,471 [04710d3b-08a7-4a70-b69f-f772706c6105@group-64208F9792F8-LeaderElection2] INFO  impl.RaftServerImpl (RaftServerImpl.java:setRole(184)) - 04710d3b-08a7-4a70-b69f-f772706c6105@group-64208F9792F8: changes role from CANDIDATE to LEADER at term 1 for changeToLeader
2019-10-23 12:21:31,471 [04710d3b-08a7-4a70-b69f-f772706c6105@group-64208F9792F8-LeaderElection2] INFO  impl.RaftServerImpl (ServerState.java:setLeader(256)) - 04710d3b-08a7-4a70-b69f-f772706c6105@group-64208F9792F8: change Leader from null to 04710d3b-08a7-4a70-b69f-f772706c6105 at term 1 for becomeLeader, leader elected after 62ms
2019-10-23 12:21:31,472 [04710d3b-08a7-4a70-b69f-f772706c6105@group-64208F9792F8-LeaderElection2] INFO  server.RaftServerConfigKeys (ConfUtils.java:logGet(43)) - raft.server.staging.catchup.gap = 1000 (default)
2019-10-23 12:21:31,472 [04710d3b-08a7-4a70-b69f-f772706c6105@group-64208F9792F8-LeaderElection2] INFO  server.RaftServerConfigKeys (ConfUtils.java:logGet(43)) - raft.server.rpc.sleep.time = 25ms (default)
2019-10-23 12:21:31,472 [04710d3b-08a7-4a70-b69f-f772706c6105@group-64208F9792F8-LeaderElection2] INFO  server.RaftServerConfigKeys (ConfUtils.java:logGet(43)) - raft.server.write.element-limit = 4096 (default)
2019-10-23 12:21:31,472 [04710d3b-08a7-4a70-b69f-f772706c6105@group-64208F9792F8-LeaderElection2] INFO  server.RaftServerConfigKeys (ConfUtils.java:logGet(43)) - raft.server.watch.timeout = 10s (default)
2019-10-23 12:21:31,472 [04710d3b-08a7-4a70-b69f-f772706c6105@group-64208F9792F8-LeaderElection2] INFO  server.RaftServerConfigKeys (ConfUtils.java:logGet(43)) - raft.server.watch.timeout.denomination = 1s (default)
2019-10-23 12:21:31,472 [04710d3b-08a7-4a70-b69f-f772706c6105@group-64208F9792F8-LeaderElection2] INFO  server.RaftServerConfigKeys (ConfUtils.java:logGet(43)) - raft.server.watch.element-limit = 65536 (default)
2019-10-23 12:21:31,475 [04710d3b-08a7-4a70-b69f-f772706c6105@group-64208F9792F8-LeaderElection2] INFO  impl.RoleInfo (RoleInfo.java:updateAndGet(143)) - 04710d3b-08a7-4a70-b69f-f772706c6105: start LeaderState
2019-10-23 12:21:31,475 [04710d3b-08a7-4a70-b69f-f772706c6105@group-64208F9792F8-LeaderElection2] INFO  segmented.SegmentedRaftLogWorker (SegmentedRaftLogWorker.java:startLogSegment(385)) - 04710d3b-08a7-4a70-b69f-f772706c6105@group-64208F9792F8-SegmentedRaftLogWorker: Starting segment from index:0
2019-10-23 12:21:31,476 [04710d3b-08a7-4a70-b69f-f772706c6105@group-64208F9792F8-LeaderElection2] INFO  impl.RaftServerImpl (ServerState.java:setRaftConf(357)) - 04710d3b-08a7-4a70-b69f-f772706c6105@group-64208F9792F8: set configuration 0: [04710d3b-08a7-4a70-b69f-f772706c6105:192.168.69.118:40289], old=null at 0
2019-10-23 12:21:31,485 [pool-47-thread-1] INFO  storage.RaftStorage (RaftStorage.java:format(84)) - Storage directory /workdir/hadoop-ozone/integration-test/target/test-dir/MiniOzoneClusterImpl-2e89ea2c-3d6a-4952-ac09-5f42be2d5130/datanode-2/data/ratis/c0e4f3a0-4d63-43fc-af6c-40390d33441a has been successfully formatted.
2019-10-23 12:21:31,485 [43cb0e13-5597-452b-a8b1-af00d0a4a497@group-599489850CD8-LeaderElection3] INFO  impl.LeaderElection (LeaderElection.java:askForVotes(178)) - 43cb0e13-5597-452b-a8b1-af00d0a4a497@group-599489850CD8-LeaderElection3: begin an election at term 1 for -1: [43cb0e13-5597-452b-a8b1-af00d0a4a497:192.168.69.118:45201], old=null
2019-10-23 12:21:31,485 [pool-27-thread-1] INFO  storage.RaftStorage (RaftStorage.java:format(84)) - Storage directory /workdir/hadoop-ozone/integration-test/target/test-dir/MiniOzoneClusterImpl-2e89ea2c-3d6a-4952-ac09-5f42be2d5130/datanode-0/data/ratis/c0e4f3a0-4d63-43fc-af6c-40390d33441a has been successfully formatted.
2019-10-23 12:21:31,485 [pool-37-thread-1] INFO  storage.RaftStorage (RaftStorage.java:format(84)) - Storage directory /workdir/hadoop-ozone/integration-test/target/test-dir/MiniOzoneClusterImpl-2e89ea2c-3d6a-4952-ac09-5f42be2d5130/datanode-1/data/ratis/c0e4f3a0-4d63-43fc-af6c-40390d33441a has been successfully formatted.
2019-10-23 12:21:31,485 [pool-47-thread-1] INFO  ratis.ContainerStateMachine (ContainerStateMachine.java:loadSnapshot(231)) - group-40390D33441A: The snapshot info is null. Setting the last applied indexto:(t:0, i:~)
2019-10-23 12:21:31,485 [pool-37-thread-1] INFO  ratis.ContainerStateMachine (ContainerStateMachine.java:loadSnapshot(231)) - group-40390D33441A: The snapshot info is null. Setting the last applied indexto:(t:0, i:~)
2019-10-23 12:21:31,485 [43cb0e13-5597-452b-a8b1-af00d0a4a497@group-599489850CD8-LeaderElection3] INFO  impl.RoleInfo (RoleInfo.java:shutdownLeaderElection(134)) - 43cb0e13-5597-452b-a8b1-af00d0a4a497: shutdown LeaderElection
2019-10-23 12:21:31,485 [pool-37-thread-1] INFO  server.RaftServerConfigKeys (ConfUtils.java:logGet(43)) - raft.server.notification.no-leader.timeout = 1000s (custom)
2019-10-23 12:21:31,485 [pool-27-thread-1] INFO  ratis.ContainerStateMachine (ContainerStateMachine.java:loadSnapshot(231)) - group-40390D33441A: The snapshot info is null. Setting the last applied indexto:(t:0, i:~)
2019-10-23 12:21:31,486 [pool-37-thread-1] INFO  server.RaftServerConfigKeys (ConfUtils.java:logGet(43)) - raft.server.log.use.memory = false (default)
2019-10-23 12:21:31,486 [pool-47-thread-1] INFO  server.RaftServerConfigKeys (ConfUtils.java:logGet(43)) - raft.server.notification.no-leader.timeout = 1000s (custom)
2019-10-23 12:21:31,485 [43cb0e13-5597-452b-a8b1-af00d0a4a497@group-599489850CD8-LeaderElection3] INFO  impl.RaftServerImpl (RaftServerImpl.java:setRole(184)) - 43cb0e13-5597-452b-a8b1-af00d0a4a497@group-599489850CD8: changes role from CANDIDATE to LEADER at term 1 for changeToLeader
2019-10-23 12:21:31,486 [pool-47-thread-1] INFO  server.RaftServerConfigKeys (ConfUtils.java:logGet(43)) - raft.server.log.use.memory = false (default)
2019-10-23 12:21:31,486 [pool-37-thread-1] INFO  server.RaftServerConfigKeys (ConfUtils.java:logGet(43)) - raft.server.log.purge.gap = 1000000 (custom)
2019-10-23 12:21:31,486 [pool-27-thread-1] INFO  server.RaftServerConfigKeys (ConfUtils.java:logGet(43)) - raft.server.notification.no-leader.timeout = 1000s (custom)
2019-10-23 12:21:31,486 [pool-37-thread-1] INFO  server.RaftServerConfigKeys (ConfUtils.java:logGet(43)) - raft.server.log.appender.buffer.byte-limit = 33554432 (custom)
2019-10-23 12:21:31,486 [pool-47-thread-1] INFO  server.RaftServerConfigKeys (ConfUtils.java:logGet(43)) - raft.server.log.purge.gap = 1000000 (custom)
2019-10-23 12:21:31,486 [43cb0e13-5597-452b-a8b1-af00d0a4a497@group-599489850CD8-LeaderElection3] INFO  impl.RaftServerImpl (ServerState.java:setLeader(256)) - 43cb0e13-5597-452b-a8b1-af00d0a4a497@group-599489850CD8: change Leader from null to 43cb0e13-5597-452b-a8b1-af00d0a4a497 at term 1 for becomeLeader, leader elected after 163ms
2019-10-23 12:21:31,486 [pool-47-thread-1] INFO  server.RaftServerConfigKeys (ConfUtils.java:logGet(43)) - raft.server.log.appender.buffer.byte-limit = 33554432 (custom)
2019-10-23 12:21:31,486 [pool-37-thread-1] INFO  server.RaftServerConfigKeys (ConfUtils.java:logGet(43)) - raft.server.log.segment.size.max = 1048576 (custom)
2019-10-23 12:21:31,486 [pool-27-thread-1] INFO  server.RaftServerConfigKeys (ConfUtils.java:logGet(43)) - raft.server.log.use.memory = false (default)
2019-10-23 12:21:31,487 [pool-37-thread-1] INFO  server.RaftServerConfigKeys (ConfUtils.java:logGet(43)) - raft.server.log.segment.cache.num.max = 2 (custom)
2019-10-23 12:21:31,487 [pool-47-thread-1] INFO  server.RaftServerConfigKeys (ConfUtils.java:logGet(43)) - raft.server.log.segment.size.max = 1048576 (custom)
2019-10-23 12:21:31,487 [43cb0e13-5597-452b-a8b1-af00d0a4a497@group-599489850CD8-LeaderElection3] INFO  server.RaftServerConfigKeys (ConfUtils.java:logGet(43)) - raft.server.staging.catchup.gap = 1000 (default)
2019-10-23 12:21:31,487 [pool-47-thread-1] INFO  server.RaftServerConfigKeys (ConfUtils.java:logGet(43)) - raft.server.log.segment.cache.num.max = 2 (custom)
2019-10-23 12:21:31,487 [pool-37-thread-1] INFO  segmented.SegmentedRaftLogWorker (SegmentedRaftLogWorker.java:<init>(173)) - new 43cb0e13-5597-452b-a8b1-af00d0a4a497@group-40390D33441A-SegmentedRaftLogWorker for RaftStorage:Storage Directory /workdir/hadoop-ozone/integration-test/target/test-dir/MiniOzoneClusterImpl-2e89ea2c-3d6a-4952-ac09-5f42be2d5130/datanode-1/data/ratis/c0e4f3a0-4d63-43fc-af6c-40390d33441a
2019-10-23 12:21:31,487 [pool-27-thread-1] INFO  server.RaftServerConfigKeys (ConfUtils.java:logGet(43)) - raft.server.log.purge.gap = 1000000 (custom)
2019-10-23 12:21:31,487 [pool-37-thread-1] INFO  server.RaftServerConfigKeys (ConfUtils.java:logGet(43)) - raft.server.log.queue.byte-limit = 2147483647 (custom)
2019-10-23 12:21:31,487 [pool-47-thread-1] INFO  segmented.SegmentedRaftLogWorker (SegmentedRaftLogWorker.java:<init>(173)) - new 04710d3b-08a7-4a70-b69f-f772706c6105@group-40390D33441A-SegmentedRaftLogWorker for RaftStorage:Storage Directory /workdir/hadoop-ozone/integration-test/target/test-dir/MiniOzoneClusterImpl-2e89ea2c-3d6a-4952-ac09-5f42be2d5130/datanode-2/data/ratis/c0e4f3a0-4d63-43fc-af6c-40390d33441a
2019-10-23 12:21:31,487 [43cb0e13-5597-452b-a8b1-af00d0a4a497@group-599489850CD8-LeaderElection3] INFO  server.RaftServerConfigKeys (ConfUtils.java:logGet(43)) - raft.server.rpc.sleep.time = 25ms (default)
2019-10-23 12:21:31,488 [pool-47-thread-1] INFO  server.RaftServerConfigKeys (ConfUtils.java:logGet(43)) - raft.server.log.queue.byte-limit = 2147483647 (custom)
2019-10-23 12:21:31,488 [pool-37-thread-1] INFO  server.RaftServerConfigKeys (ConfUtils.java:logGet(43)) - raft.server.log.queue.element-limit = 1024 (custom)
2019-10-23 12:21:31,488 [pool-27-thread-1] INFO  server.RaftServerConfigKeys (ConfUtils.java:logGet(43)) - raft.server.log.appender.buffer.byte-limit = 33554432 (custom)
2019-10-23 12:21:31,488 [pool-37-thread-1] INFO  server.RaftServerConfigKeys (ConfUtils.java:logGet(43)) - raft.server.log.segment.size.max = 1048576 (custom)
2019-10-23 12:21:31,488 [pool-47-thread-1] INFO  server.RaftServerConfigKeys (ConfUtils.java:logGet(43)) - raft.server.log.queue.element-limit = 1024 (custom)
2019-10-23 12:21:31,488 [43cb0e13-5597-452b-a8b1-af00d0a4a497@group-599489850CD8-LeaderElection3] INFO  server.RaftServerConfigKeys (ConfUtils.java:logGet(43)) - raft.server.write.element-limit = 4096 (default)
2019-10-23 12:21:31,489 [pool-47-thread-1] INFO  server.RaftServerConfigKeys (ConfUtils.java:logGet(43)) - raft.server.log.segment.size.max = 1048576 (custom)
2019-10-23 12:21:31,488 [pool-37-thread-1] INFO  server.RaftServerConfigKeys (ConfUtils.java:logGet(43)) - raft.server.log.preallocated.size = 16384 (custom)
2019-10-23 12:21:31,488 [pool-27-thread-1] INFO  server.RaftServerConfigKeys (ConfUtils.java:logGet(43)) - raft.server.log.segment.size.max = 1048576 (custom)
2019-10-23 12:21:31,489 [pool-37-thread-1] INFO  server.RaftServerConfigKeys (ConfUtils.java:logGet(43)) - raft.server.log.write.buffer.size = 33554432 (custom)
2019-10-23 12:21:31,489 [pool-47-thread-1] INFO  server.RaftServerConfigKeys (ConfUtils.java:logGet(43)) - raft.server.log.preallocated.size = 16384 (custom)
2019-10-23 12:21:31,489 [43cb0e13-5597-452b-a8b1-af00d0a4a497@group-599489850CD8-LeaderElection3] INFO  server.RaftServerConfigKeys (ConfUtils.java:logGet(43)) - raft.server.watch.timeout = 10s (default)
2019-10-23 12:21:31,489 [pool-47-thread-1] INFO  server.RaftServerConfigKeys (ConfUtils.java:logGet(43)) - raft.server.log.write.buffer.size = 33554432 (custom)
2019-10-23 12:21:31,489 [pool-37-thread-1] INFO  server.RaftServerConfigKeys (ConfUtils.java:logGet(43)) - raft.server.log.force.sync.num = 128 (default)
2019-10-23 12:21:31,489 [pool-27-thread-1] INFO  server.RaftServerConfigKeys (ConfUtils.java:logGet(43)) - raft.server.log.segment.cache.num.max = 2 (custom)
2019-10-23 12:21:31,489 [pool-47-thread-1] INFO  server.RaftServerConfigKeys (ConfUtils.java:logGet(43)) - raft.server.log.force.sync.num = 128 (default)
2019-10-23 12:21:31,489 [pool-37-thread-1] INFO  server.RaftServerConfigKeys (ConfUtils.java:logGet(43)) - raft.server.log.statemachine.data.sync = true (default)
2019-10-23 12:21:31,489 [43cb0e13-5597-452b-a8b1-af00d0a4a497@group-599489850CD8-LeaderElection3] INFO  server.RaftServerConfigKeys (ConfUtils.java:logGet(43)) - raft.server.watch.timeout.denomination = 1s (default)
2019-10-23 12:21:31,490 [pool-37-thread-1] INFO  server.RaftServerConfigKeys (ConfUtils.java:logGet(43)) - raft.server.log.statemachine.data.sync.timeout = 10s (default)
2019-10-23 12:21:31,490 [pool-47-thread-1] INFO  server.RaftServerConfigKeys (ConfUtils.java:logGet(43)) - raft.server.log.statemachine.data.sync = true (default)
2019-10-23 12:21:31,490 [pool-27-thread-1] INFO  segmented.SegmentedRaftLogWorker (SegmentedRaftLogWorker.java:<init>(173)) - new 9d2a2146-2c04-423d-8f96-3c121403b328@group-40390D33441A-SegmentedRaftLogWorker for RaftStorage:Storage Directory /workdir/hadoop-ozone/integration-test/target/test-dir/MiniOzoneClusterImpl-2e89ea2c-3d6a-4952-ac09-5f42be2d5130/datanode-0/data/ratis/c0e4f3a0-4d63-43fc-af6c-40390d33441a
2019-10-23 12:21:31,490 [pool-47-thread-1] INFO  server.RaftServerConfigKeys (ConfUtils.java:logGet(43)) - raft.server.log.statemachine.data.sync.timeout = 10s (default)
2019-10-23 12:21:31,490 [pool-37-thread-1] INFO  server.RaftServerConfigKeys (ConfUtils.java:logGet(43)) - raft.server.log.statemachine.data.sync.timeout.retry = -1 (default)
2019-10-23 12:21:31,490 [43cb0e13-5597-452b-a8b1-af00d0a4a497@group-599489850CD8-LeaderElection3] INFO  server.RaftServerConfigKeys (ConfUtils.java:logGet(43)) - raft.server.watch.element-limit = 65536 (default)
2019-10-23 12:21:31,491 [pool-47-thread-1] INFO  server.RaftServerConfigKeys (ConfUtils.java:logGet(43)) - raft.server.log.statemachine.data.sync.timeout.retry = -1 (default)
2019-10-23 12:21:31,490 [pool-27-thread-1] INFO  server.RaftServerConfigKeys (ConfUtils.java:logGet(43)) - raft.server.log.queue.byte-limit = 2147483647 (custom)
2019-10-23 12:21:31,491 [pool-37-thread-1] INFO  server.RaftServerConfigKeys (ConfUtils.java:logGet(43)) - raft.server.log.statemachine.data.caching.enabled = true (custom)
2019-10-23 12:21:31,491 [pool-27-thread-1] INFO  server.RaftServerConfigKeys (ConfUtils.java:logGet(43)) - raft.server.log.queue.element-limit = 1024 (custom)
2019-10-23 12:21:31,491 [pool-47-thread-1] INFO  server.RaftServerConfigKeys (ConfUtils.java:logGet(43)) - raft.server.log.statemachine.data.caching.enabled = true (custom)
2019-10-23 12:21:31,491 [pool-37-thread-1] INFO  segmented.SegmentedRaftLogWorker (SegmentedRaftLogWorker.java:lambda$new$0(128)) - 43cb0e13-5597-452b-a8b1-af00d0a4a497@group-40390D33441A-SegmentedRaftLogWorker: flushIndex: setUnconditionally 0 -> -1
2019-10-23 12:21:31,491 [pool-27-thread-1] INFO  server.RaftServerConfigKeys (ConfUtils.java:logGet(43)) - raft.server.log.segment.size.max = 1048576 (custom)
2019-10-23 12:21:31,492 [pool-47-thread-1] INFO  segmented.SegmentedRaftLogWorker (SegmentedRaftLogWorker.java:lambda$new$0(128)) - 04710d3b-08a7-4a70-b69f-f772706c6105@group-40390D33441A-SegmentedRaftLogWorker: flushIndex: setUnconditionally 0 -> -1
2019-10-23 12:21:31,492 [pool-37-thread-1] INFO  server.RaftServerConfigKeys (ConfUtils.java:logGet(43)) - raft.server.snapshot.auto.trigger.enabled = true (custom)
2019-10-23 12:21:31,492 [pool-27-thread-1] INFO  server.RaftServerConfigKeys (ConfUtils.java:logGet(43)) - raft.server.log.preallocated.size = 16384 (custom)
2019-10-23 12:21:31,492 [pool-47-thread-1] INFO  server.RaftServerConfigKeys (ConfUtils.java:logGet(43)) - raft.server.snapshot.auto.trigger.enabled = true (custom)
2019-10-23 12:21:31,492 [pool-37-thread-1] INFO  server.RaftServerConfigKeys (ConfUtils.java:logGet(43)) - raft.server.snapshot.auto.trigger.threshold = 10000 (custom)
2019-10-23 12:21:31,492 [pool-47-thread-1] INFO  server.RaftServerConfigKeys (ConfUtils.java:logGet(43)) - raft.server.snapshot.auto.trigger.threshold = 10000 (custom)
2019-10-23 12:21:31,492 [pool-27-thread-1] INFO  server.RaftServerConfigKeys (ConfUtils.java:logGet(43)) - raft.server.log.write.buffer.size = 33554432 (custom)
2019-10-23 12:21:31,493 [pool-47-thread-1] INFO  server.RaftServerConfigKeys (ConfUtils.java:logGet(43)) - raft.server.snapshot.retention.file.num = 5 (custom)
2019-10-23 12:21:31,492 [pool-37-thread-1] INFO  server.RaftServerConfigKeys (ConfUtils.java:logGet(43)) - raft.server.snapshot.retention.file.num = 5 (custom)
2019-10-23 12:21:31,493 [pool-47-thread-1] INFO  server.RaftServerConfigKeys (ConfUtils.java:logGet(43)) - raft.server.retrycache.expirytime = 600000ms (custom)
2019-10-23 12:21:31,493 [pool-37-thread-1] INFO  server.RaftServerConfigKeys (ConfUtils.java:logGet(43)) - raft.server.retrycache.expirytime = 600000ms (custom)
2019-10-23 12:21:31,493 [pool-27-thread-1] INFO  server.RaftServerConfigKeys (ConfUtils.java:logGet(43)) - raft.server.log.force.sync.num = 128 (default)
2019-10-23 12:21:31,493 [43cb0e13-5597-452b-a8b1-af00d0a4a497@group-599489850CD8-LeaderElection3] INFO  impl.RoleInfo (RoleInfo.java:updateAndGet(143)) - 43cb0e13-5597-452b-a8b1-af00d0a4a497: start LeaderState
2019-10-23 12:21:31,493 [pool-27-thread-1] INFO  server.RaftServerConfigKeys (ConfUtils.java:logGet(43)) - raft.server.log.statemachine.data.sync = true (default)
2019-10-23 12:21:31,494 [pool-27-thread-1] INFO  server.RaftServerConfigKeys (ConfUtils.java:logGet(43)) - raft.server.log.statemachine.data.sync.timeout = 10s (default)
2019-10-23 12:21:31,494 [43cb0e13-5597-452b-a8b1-af00d0a4a497@group-599489850CD8-LeaderElection3] INFO  segmented.SegmentedRaftLogWorker (SegmentedRaftLogWorker.java:startLogSegment(385)) - 43cb0e13-5597-452b-a8b1-af00d0a4a497@group-599489850CD8-SegmentedRaftLogWorker: Starting segment from index:0
2019-10-23 12:21:31,494 [pool-27-thread-1] INFO  server.RaftServerConfigKeys (ConfUtils.java:logGet(43)) - raft.server.log.statemachine.data.sync.timeout.retry = -1 (default)
2019-10-23 12:21:31,494 [pool-27-thread-1] INFO  server.RaftServerConfigKeys (ConfUtils.java:logGet(43)) - raft.server.log.statemachine.data.caching.enabled = true (custom)
2019-10-23 12:21:31,494 [43cb0e13-5597-452b-a8b1-af00d0a4a497@group-599489850CD8-LeaderElection3] INFO  impl.RaftServerImpl (ServerState.java:setRaftConf(357)) - 43cb0e13-5597-452b-a8b1-af00d0a4a497@group-599489850CD8: set configuration 0: [43cb0e13-5597-452b-a8b1-af00d0a4a497:192.168.69.118:45201], old=null at 0
2019-10-23 12:21:31,495 [pool-27-thread-1] INFO  segmented.SegmentedRaftLogWorker (SegmentedRaftLogWorker.java:lambda$new$0(128)) - 9d2a2146-2c04-423d-8f96-3c121403b328@group-40390D33441A-SegmentedRaftLogWorker: flushIndex: setUnconditionally 0 -> -1
2019-10-23 12:21:31,496 [pool-27-thread-1] INFO  server.RaftServerConfigKeys (ConfUtils.java:logGet(43)) - raft.server.snapshot.auto.trigger.enabled = true (custom)
2019-10-23 12:21:31,496 [pool-27-thread-1] INFO  server.RaftServerConfigKeys (ConfUtils.java:logGet(43)) - raft.server.snapshot.auto.trigger.threshold = 10000 (custom)
2019-10-23 12:21:31,496 [pool-27-thread-1] INFO  server.RaftServerConfigKeys (ConfUtils.java:logGet(43)) - raft.server.snapshot.retention.file.num = 5 (custom)
2019-10-23 12:21:31,496 [pool-27-thread-1] INFO  server.RaftServerConfigKeys (ConfUtils.java:logGet(43)) - raft.server.retrycache.expirytime = 600000ms (custom)
2019-10-23 12:21:31,497 [pool-47-thread-1] INFO  impl.RaftServerImpl (RaftServerImpl.java:start(195)) - 04710d3b-08a7-4a70-b69f-f772706c6105@group-40390D33441A: start as a follower, conf=-1: [9d2a2146-2c04-423d-8f96-3c121403b328:192.168.69.118:40792, 04710d3b-08a7-4a70-b69f-f772706c6105:192.168.69.118:40289, 43cb0e13-5597-452b-a8b1-af00d0a4a497:192.168.69.118:45201], old=null
2019-10-23 12:21:31,497 [pool-47-thread-1] INFO  impl.RaftServerImpl (RaftServerImpl.java:setRole(184)) - 04710d3b-08a7-4a70-b69f-f772706c6105@group-40390D33441A: changes role from      null to FOLLOWER at term 0 for startAsFollower
2019-10-23 12:21:31,497 [pool-37-thread-1] INFO  impl.RaftServerImpl (RaftServerImpl.java:start(195)) - 43cb0e13-5597-452b-a8b1-af00d0a4a497@group-40390D33441A: start as a follower, conf=-1: [9d2a2146-2c04-423d-8f96-3c121403b328:192.168.69.118:40792, 04710d3b-08a7-4a70-b69f-f772706c6105:192.168.69.118:40289, 43cb0e13-5597-452b-a8b1-af00d0a4a497:192.168.69.118:45201], old=null
2019-10-23 12:21:31,497 [pool-47-thread-1] INFO  impl.RoleInfo (RoleInfo.java:updateAndGet(143)) - 04710d3b-08a7-4a70-b69f-f772706c6105: start FollowerState
2019-10-23 12:21:31,497 [pool-37-thread-1] INFO  impl.RaftServerImpl (RaftServerImpl.java:setRole(184)) - 43cb0e13-5597-452b-a8b1-af00d0a4a497@group-40390D33441A: changes role from      null to FOLLOWER at term 0 for startAsFollower
2019-10-23 12:21:31,498 [pool-37-thread-1] INFO  impl.RoleInfo (RoleInfo.java:updateAndGet(143)) - 43cb0e13-5597-452b-a8b1-af00d0a4a497: start FollowerState
2019-10-23 12:21:31,498 [pool-47-thread-1] INFO  util.JmxRegister (JmxRegister.java:tryRegister(44)) - Successfully registered JMX Bean with object name Ratis:service=RaftServer,group=group-40390D33441A,id=04710d3b-08a7-4a70-b69f-f772706c6105
2019-10-23 12:21:31,498 [pool-37-thread-1] INFO  util.JmxRegister (JmxRegister.java:tryRegister(44)) - Successfully registered JMX Bean with object name Ratis:service=RaftServer,group=group-40390D33441A,id=43cb0e13-5597-452b-a8b1-af00d0a4a497
2019-10-23 12:21:31,499 [pool-27-thread-1] INFO  impl.RaftServerImpl (RaftServerImpl.java:start(195)) - 9d2a2146-2c04-423d-8f96-3c121403b328@group-40390D33441A: start as a follower, conf=-1: [9d2a2146-2c04-423d-8f96-3c121403b328:192.168.69.118:40792, 04710d3b-08a7-4a70-b69f-f772706c6105:192.168.69.118:40289, 43cb0e13-5597-452b-a8b1-af00d0a4a497:192.168.69.118:45201], old=null
2019-10-23 12:21:31,499 [pool-27-thread-1] INFO  impl.RaftServerImpl (RaftServerImpl.java:setRole(184)) - 9d2a2146-2c04-423d-8f96-3c121403b328@group-40390D33441A: changes role from      null to FOLLOWER at term 0 for startAsFollower
2019-10-23 12:21:31,500 [pool-27-thread-1] INFO  impl.RoleInfo (RoleInfo.java:updateAndGet(143)) - 9d2a2146-2c04-423d-8f96-3c121403b328: start FollowerState
2019-10-23 12:21:31,500 [pool-27-thread-1] INFO  util.JmxRegister (JmxRegister.java:tryRegister(44)) - Successfully registered JMX Bean with object name Ratis:service=RaftServer,group=group-40390D33441A,id=9d2a2146-2c04-423d-8f96-3c121403b328
2019-10-23 12:21:31,513 [Thread-204] INFO  impl.FollowerState (FollowerState.java:run(108)) - 43cb0e13-5597-452b-a8b1-af00d0a4a497@group-40390D33441A-FollowerState: change to CANDIDATE, lastRpcTime:15ms, electionTimeout:15ms
2019-10-23 12:21:31,514 [Thread-203] INFO  impl.FollowerState (FollowerState.java:run(108)) - 04710d3b-08a7-4a70-b69f-f772706c6105@group-40390D33441A-FollowerState: change to CANDIDATE, lastRpcTime:16ms, electionTimeout:16ms
2019-10-23 12:21:31,516 [Thread-204] INFO  impl.RoleInfo (RoleInfo.java:shutdownFollowerState(121)) - 43cb0e13-5597-452b-a8b1-af00d0a4a497: shutdown FollowerState
2019-10-23 12:21:31,517 [Thread-203] INFO  impl.RoleInfo (RoleInfo.java:shutdownFollowerState(121)) - 04710d3b-08a7-4a70-b69f-f772706c6105: shutdown FollowerState
2019-10-23 12:21:31,518 [Thread-204] INFO  impl.RaftServerImpl (RaftServerImpl.java:setRole(184)) - 43cb0e13-5597-452b-a8b1-af00d0a4a497@group-40390D33441A: changes role from  FOLLOWER to CANDIDATE at term 0 for changeToCandidate
2019-10-23 12:21:31,518 [Thread-203] INFO  impl.RaftServerImpl (RaftServerImpl.java:setRole(184)) - 04710d3b-08a7-4a70-b69f-f772706c6105@group-40390D33441A: changes role from  FOLLOWER to CANDIDATE at term 0 for changeToCandidate
2019-10-23 12:21:31,519 [Thread-204] INFO  impl.RoleInfo (RoleInfo.java:updateAndGet(143)) - 43cb0e13-5597-452b-a8b1-af00d0a4a497: start LeaderElection
2019-10-23 12:21:31,520 [Thread-203] INFO  impl.RoleInfo (RoleInfo.java:updateAndGet(143)) - 04710d3b-08a7-4a70-b69f-f772706c6105: start LeaderElection
2019-10-23 12:21:31,521 [Thread-205] INFO  impl.FollowerState (FollowerState.java:run(108)) - 9d2a2146-2c04-423d-8f96-3c121403b328@group-40390D33441A-FollowerState: change to CANDIDATE, lastRpcTime:21ms, electionTimeout:21ms
2019-10-23 12:21:31,522 [Thread-205] INFO  impl.RoleInfo (RoleInfo.java:shutdownFollowerState(121)) - 9d2a2146-2c04-423d-8f96-3c121403b328: shutdown FollowerState
2019-10-23 12:21:31,522 [Thread-205] INFO  impl.RaftServerImpl (RaftServerImpl.java:setRole(184)) - 9d2a2146-2c04-423d-8f96-3c121403b328@group-40390D33441A: changes role from  FOLLOWER to CANDIDATE at term 0 for changeToCandidate
2019-10-23 12:21:31,522 [RatisPipelineUtilsThread] INFO  pipeline.PipelineStateManager (PipelineStateManager.java:addPipeline(56)) - Created pipeline Pipeline[ Id: c0e4f3a0-4d63-43fc-af6c-40390d33441a, Nodes: 43cb0e13-5597-452b-a8b1-af00d0a4a497{ip: 192.168.69.118, host: pr-hdds1643-t2fz7-3136866267, networkLocation: /default-rack, certSerialId: null}04710d3b-08a7-4a70-b69f-f772706c6105{ip: 192.168.69.118, host: pr-hdds1643-t2fz7-3136866267, networkLocation: /default-rack, certSerialId: null}9d2a2146-2c04-423d-8f96-3c121403b328{ip: 192.168.69.118, host: pr-hdds1643-t2fz7-3136866267, networkLocation: /default-rack, certSerialId: null}, Type:RATIS, Factor:THREE, State:OPEN]
2019-10-23 12:21:31,522 [Thread-205] INFO  impl.RoleInfo (RoleInfo.java:updateAndGet(143)) - 9d2a2146-2c04-423d-8f96-3c121403b328: start LeaderElection
2019-10-23 12:21:31,536 [9d2a2146-2c04-423d-8f96-3c121403b328@group-40390D33441A-LeaderElection6] INFO  impl.LeaderElection (LeaderElection.java:askForVotes(178)) - 9d2a2146-2c04-423d-8f96-3c121403b328@group-40390D33441A-LeaderElection6: begin an election at term 1 for -1: [9d2a2146-2c04-423d-8f96-3c121403b328:192.168.69.118:40792, 04710d3b-08a7-4a70-b69f-f772706c6105:192.168.69.118:40289, 43cb0e13-5597-452b-a8b1-af00d0a4a497:192.168.69.118:45201], old=null
2019-10-23 12:21:31,536 [43cb0e13-5597-452b-a8b1-af00d0a4a497@group-40390D33441A-LeaderElection4] INFO  impl.LeaderElection (LeaderElection.java:askForVotes(178)) - 43cb0e13-5597-452b-a8b1-af00d0a4a497@group-40390D33441A-LeaderElection4: begin an election at term 1 for -1: [9d2a2146-2c04-423d-8f96-3c121403b328:192.168.69.118:40792, 04710d3b-08a7-4a70-b69f-f772706c6105:192.168.69.118:40289, 43cb0e13-5597-452b-a8b1-af00d0a4a497:192.168.69.118:45201], old=null
2019-10-23 12:21:31,536 [04710d3b-08a7-4a70-b69f-f772706c6105@group-40390D33441A-LeaderElection5] INFO  impl.LeaderElection (LeaderElection.java:askForVotes(178)) - 04710d3b-08a7-4a70-b69f-f772706c6105@group-40390D33441A-LeaderElection5: begin an election at term 1 for -1: [9d2a2146-2c04-423d-8f96-3c121403b328:192.168.69.118:40792, 04710d3b-08a7-4a70-b69f-f772706c6105:192.168.69.118:40289, 43cb0e13-5597-452b-a8b1-af00d0a4a497:192.168.69.118:45201], old=null
2019-10-23 12:21:31,579 [9d2a2146-2c04-423d-8f96-3c121403b328@group-40390D33441A-LeaderElection6] INFO  impl.LeaderElection (LeaderElection.java:logAndReturn(56)) - 9d2a2146-2c04-423d-8f96-3c121403b328@group-40390D33441A-LeaderElection6: Election REJECTED; received 2 response(s) [9d2a2146-2c04-423d-8f96-3c121403b328<-04710d3b-08a7-4a70-b69f-f772706c6105#0:FAIL-t1, 9d2a2146-2c04-423d-8f96-3c121403b328<-43cb0e13-5597-452b-a8b1-af00d0a4a497#0:FAIL-t1] and 0 exception(s); 9d2a2146-2c04-423d-8f96-3c121403b328@group-40390D33441A:t1, leader=null, voted=9d2a2146-2c04-423d-8f96-3c121403b328, raftlog=9d2a2146-2c04-423d-8f96-3c121403b328@group-40390D33441A-SegmentedRaftLog:OPENED:c-1,f-1,i0, conf=-1: [9d2a2146-2c04-423d-8f96-3c121403b328:192.168.69.118:40792, 04710d3b-08a7-4a70-b69f-f772706c6105:192.168.69.118:40289, 43cb0e13-5597-452b-a8b1-af00d0a4a497:192.168.69.118:45201], old=null
2019-10-23 12:21:31,579 [43cb0e13-5597-452b-a8b1-af00d0a4a497@group-40390D33441A-LeaderElection4] INFO  impl.LeaderElection (LeaderElection.java:logAndReturn(56)) - 43cb0e13-5597-452b-a8b1-af00d0a4a497@group-40390D33441A-LeaderElection4: Election REJECTED; received 2 response(s) [43cb0e13-5597-452b-a8b1-af00d0a4a497<-9d2a2146-2c04-423d-8f96-3c121403b328#0:FAIL-t1, 43cb0e13-5597-452b-a8b1-af00d0a4a497<-04710d3b-08a7-4a70-b69f-f772706c6105#0:FAIL-t1] and 0 exception(s); 43cb0e13-5597-452b-a8b1-af00d0a4a497@group-40390D33441A:t1, leader=null, voted=43cb0e13-5597-452b-a8b1-af00d0a4a497, raftlog=43cb0e13-5597-452b-a8b1-af00d0a4a497@group-40390D33441A-SegmentedRaftLog:OPENED:c-1,f-1,i0, conf=-1: [9d2a2146-2c04-423d-8f96-3c121403b328:192.168.69.118:40792, 04710d3b-08a7-4a70-b69f-f772706c6105:192.168.69.118:40289, 43cb0e13-5597-452b-a8b1-af00d0a4a497:192.168.69.118:45201], old=null
2019-10-23 12:21:31,579 [04710d3b-08a7-4a70-b69f-f772706c6105@group-40390D33441A-LeaderElection5] INFO  impl.LeaderElection (LeaderElection.java:logAndReturn(56)) - 04710d3b-08a7-4a70-b69f-f772706c6105@group-40390D33441A-LeaderElection5: Election REJECTED; received 2 response(s) [04710d3b-08a7-4a70-b69f-f772706c6105<-9d2a2146-2c04-423d-8f96-3c121403b328#0:FAIL-t1, 04710d3b-08a7-4a70-b69f-f772706c6105<-43cb0e13-5597-452b-a8b1-af00d0a4a497#0:FAIL-t1] and 0 exception(s); 04710d3b-08a7-4a70-b69f-f772706c6105@group-40390D33441A:t1, leader=null, voted=04710d3b-08a7-4a70-b69f-f772706c6105, raftlog=04710d3b-08a7-4a70-b69f-f772706c6105@group-40390D33441A-SegmentedRaftLog:OPENED:c-1,f-1,i0, conf=-1: [9d2a2146-2c04-423d-8f96-3c121403b328:192.168.69.118:40792, 04710d3b-08a7-4a70-b69f-f772706c6105:192.168.69.118:40289, 43cb0e13-5597-452b-a8b1-af00d0a4a497:192.168.69.118:45201], old=null
2019-10-23 12:21:31,583 [04710d3b-08a7-4a70-b69f-f772706c6105@group-40390D33441A-LeaderElection5] INFO  impl.RaftServerImpl (RaftServerImpl.java:setRole(184)) - 04710d3b-08a7-4a70-b69f-f772706c6105@group-40390D33441A: changes role from CANDIDATE to FOLLOWER at term 1 for DISCOVERED_A_NEW_TERM
2019-10-23 12:21:31,583 [9d2a2146-2c04-423d-8f96-3c121403b328@group-40390D33441A-LeaderElection6] INFO  impl.RaftServerImpl (RaftServerImpl.java:setRole(184)) - 9d2a2146-2c04-423d-8f96-3c121403b328@group-40390D33441A: changes role from CANDIDATE to FOLLOWER at term 1 for DISCOVERED_A_NEW_TERM
2019-10-23 12:21:31,583 [43cb0e13-5597-452b-a8b1-af00d0a4a497@group-40390D33441A-LeaderElection4] INFO  impl.RaftServerImpl (RaftServerImpl.java:setRole(184)) - 43cb0e13-5597-452b-a8b1-af00d0a4a497@group-40390D33441A: changes role from CANDIDATE to FOLLOWER at term 1 for DISCOVERED_A_NEW_TERM
2019-10-23 12:21:31,584 [9d2a2146-2c04-423d-8f96-3c121403b328@group-40390D33441A-LeaderElection6] INFO  impl.RoleInfo (RoleInfo.java:shutdownLeaderElection(134)) - 9d2a2146-2c04-423d-8f96-3c121403b328: shutdown LeaderElection
2019-10-23 12:21:31,584 [04710d3b-08a7-4a70-b69f-f772706c6105@group-40390D33441A-LeaderElection5] INFO  impl.RoleInfo (RoleInfo.java:shutdownLeaderElection(134)) - 04710d3b-08a7-4a70-b69f-f772706c6105: shutdown LeaderElection
2019-10-23 12:21:31,584 [43cb0e13-5597-452b-a8b1-af00d0a4a497@group-40390D33441A-LeaderElection4] INFO  impl.RoleInfo (RoleInfo.java:shutdownLeaderElection(134)) - 43cb0e13-5597-452b-a8b1-af00d0a4a497: shutdown LeaderElection
2019-10-23 12:21:31,584 [9d2a2146-2c04-423d-8f96-3c121403b328@group-40390D33441A-LeaderElection6] INFO  impl.RoleInfo (RoleInfo.java:updateAndGet(143)) - 9d2a2146-2c04-423d-8f96-3c121403b328: start FollowerState
2019-10-23 12:21:31,584 [43cb0e13-5597-452b-a8b1-af00d0a4a497@group-40390D33441A-LeaderElection4] INFO  impl.RoleInfo (RoleInfo.java:updateAndGet(143)) - 43cb0e13-5597-452b-a8b1-af00d0a4a497: start FollowerState
2019-10-23 12:21:31,584 [04710d3b-08a7-4a70-b69f-f772706c6105@group-40390D33441A-LeaderElection5] INFO  impl.RoleInfo (RoleInfo.java:updateAndGet(143)) - 04710d3b-08a7-4a70-b69f-f772706c6105: start FollowerState
2019-10-23 12:21:31,595 [Thread-219] INFO  impl.FollowerState (FollowerState.java:run(108)) - 04710d3b-08a7-4a70-b69f-f772706c6105@group-40390D33441A-FollowerState: change to CANDIDATE, lastRpcTime:10ms, electionTimeout:9ms
2019-10-23 12:21:31,595 [Thread-219] INFO  impl.RoleInfo (RoleInfo.java:shutdownFollowerState(121)) - 04710d3b-08a7-4a70-b69f-f772706c6105: shutdown FollowerState
2019-10-23 12:21:31,595 [Thread-219] INFO  impl.RaftServerImpl (RaftServerImpl.java:setRole(184)) - 04710d3b-08a7-4a70-b69f-f772706c6105@group-40390D33441A: changes role from  FOLLOWER to CANDIDATE at term 1 for changeToCandidate
2019-10-23 12:21:31,595 [Thread-219] INFO  impl.RoleInfo (RoleInfo.java:updateAndGet(143)) - 04710d3b-08a7-4a70-b69f-f772706c6105: start LeaderElection
2019-10-23 12:21:31,609 [04710d3b-08a7-4a70-b69f-f772706c6105@group-40390D33441A-LeaderElection7] INFO  impl.LeaderElection (LeaderElection.java:askForVotes(178)) - 04710d3b-08a7-4a70-b69f-f772706c6105@group-40390D33441A-LeaderElection7: begin an election at term 2 for -1: [9d2a2146-2c04-423d-8f96-3c121403b328:192.168.69.118:40792, 04710d3b-08a7-4a70-b69f-f772706c6105:192.168.69.118:40289, 43cb0e13-5597-452b-a8b1-af00d0a4a497:192.168.69.118:45201], old=null
2019-10-23 12:21:31,613 [grpc-default-executor-1] INFO  impl.RaftServerImpl (RaftServerImpl.java:setRole(184)) - 43cb0e13-5597-452b-a8b1-af00d0a4a497@group-40390D33441A: changes role from  FOLLOWER to FOLLOWER at term 2 for recognizeCandidate:04710d3b-08a7-4a70-b69f-f772706c6105
2019-10-23 12:21:31,613 [grpc-default-executor-2] INFO  impl.RaftServerImpl (RaftServerImpl.java:setRole(184)) - 9d2a2146-2c04-423d-8f96-3c121403b328@group-40390D33441A: changes role from  FOLLOWER to FOLLOWER at term 2 for recognizeCandidate:04710d3b-08a7-4a70-b69f-f772706c6105
2019-10-23 12:21:31,613 [grpc-default-executor-1] INFO  impl.RoleInfo (RoleInfo.java:shutdownFollowerState(121)) - 43cb0e13-5597-452b-a8b1-af00d0a4a497: shutdown FollowerState
2019-10-23 12:21:31,613 [grpc-default-executor-2] INFO  impl.RoleInfo (RoleInfo.java:shutdownFollowerState(121)) - 9d2a2146-2c04-423d-8f96-3c121403b328: shutdown FollowerState
2019-10-23 12:21:31,613 [Thread-220] INFO  impl.FollowerState (FollowerState.java:run(117)) - 43cb0e13-5597-452b-a8b1-af00d0a4a497@group-40390D33441A-FollowerState was interrupted: java.lang.InterruptedException: sleep interrupted
2019-10-23 12:21:31,613 [grpc-default-executor-1] INFO  impl.RoleInfo (RoleInfo.java:updateAndGet(143)) - 43cb0e13-5597-452b-a8b1-af00d0a4a497: start FollowerState
2019-10-23 12:21:31,614 [grpc-default-executor-2] INFO  impl.RoleInfo (RoleInfo.java:updateAndGet(143)) - 9d2a2146-2c04-423d-8f96-3c121403b328: start FollowerState
2019-10-23 12:21:31,614 [Thread-218] INFO  impl.FollowerState (FollowerState.java:run(117)) - 9d2a2146-2c04-423d-8f96-3c121403b328@group-40390D33441A-FollowerState was interrupted: java.lang.InterruptedException: sleep interrupted
2019-10-23 12:21:31,663 [04710d3b-08a7-4a70-b69f-f772706c6105@group-40390D33441A-LeaderElection7] INFO  impl.LeaderElection (LeaderElection.java:logAndReturn(56)) - 04710d3b-08a7-4a70-b69f-f772706c6105@group-40390D33441A-LeaderElection7: Election PASSED; received 1 response(s) [04710d3b-08a7-4a70-b69f-f772706c6105<-9d2a2146-2c04-423d-8f96-3c121403b328#0:OK-t2] and 0 exception(s); 04710d3b-08a7-4a70-b69f-f772706c6105@group-40390D33441A:t2, leader=null, voted=04710d3b-08a7-4a70-b69f-f772706c6105, raftlog=04710d3b-08a7-4a70-b69f-f772706c6105@group-40390D33441A-SegmentedRaftLog:OPENED:c-1,f-1,i0, conf=-1: [9d2a2146-2c04-423d-8f96-3c121403b328:192.168.69.118:40792, 04710d3b-08a7-4a70-b69f-f772706c6105:192.168.69.118:40289, 43cb0e13-5597-452b-a8b1-af00d0a4a497:192.168.69.118:45201], old=null
2019-10-23 12:21:31,663 [04710d3b-08a7-4a70-b69f-f772706c6105@group-40390D33441A-LeaderElection7] INFO  impl.RoleInfo (RoleInfo.java:shutdownLeaderElection(134)) - 04710d3b-08a7-4a70-b69f-f772706c6105: shutdown LeaderElection
2019-10-23 12:21:31,665 [04710d3b-08a7-4a70-b69f-f772706c6105@group-40390D33441A-LeaderElection7] INFO  impl.RaftServerImpl (RaftServerImpl.java:setRole(184)) - 04710d3b-08a7-4a70-b69f-f772706c6105@group-40390D33441A: changes role from CANDIDATE to LEADER at term 2 for changeToLeader
2019-10-23 12:21:31,665 [04710d3b-08a7-4a70-b69f-f772706c6105@group-40390D33441A-LeaderElection7] INFO  impl.RaftServerImpl (ServerState.java:setLeader(256)) - 04710d3b-08a7-4a70-b69f-f772706c6105@group-40390D33441A: change Leader from null to 04710d3b-08a7-4a70-b69f-f772706c6105 at term 2 for becomeLeader, leader elected after 179ms
2019-10-23 12:21:31,665 [04710d3b-08a7-4a70-b69f-f772706c6105@group-40390D33441A-LeaderElection7] INFO  server.RaftServerConfigKeys (ConfUtils.java:logGet(43)) - raft.server.staging.catchup.gap = 1000 (default)
2019-10-23 12:21:31,665 [04710d3b-08a7-4a70-b69f-f772706c6105@group-40390D33441A-LeaderElection7] INFO  server.RaftServerConfigKeys (ConfUtils.java:logGet(43)) - raft.server.rpc.sleep.time = 25ms (default)
2019-10-23 12:21:31,665 [04710d3b-08a7-4a70-b69f-f772706c6105@group-40390D33441A-LeaderElection7] INFO  server.RaftServerConfigKeys (ConfUtils.java:logGet(43)) - raft.server.write.element-limit = 4096 (default)
2019-10-23 12:21:31,665 [04710d3b-08a7-4a70-b69f-f772706c6105@group-40390D33441A-LeaderElection7] INFO  server.RaftServerConfigKeys (ConfUtils.java:logGet(43)) - raft.server.watch.timeout = 10s (default)
2019-10-23 12:21:31,666 [04710d3b-08a7-4a70-b69f-f772706c6105@group-40390D33441A-LeaderElection7] INFO  server.RaftServerConfigKeys (ConfUtils.java:logGet(43)) - raft.server.watch.timeout.denomination = 1s (default)
2019-10-23 12:21:31,666 [04710d3b-08a7-4a70-b69f-f772706c6105@group-40390D33441A-LeaderElection7] INFO  server.RaftServerConfigKeys (ConfUtils.java:logGet(43)) - raft.server.watch.element-limit = 65536 (default)
2019-10-23 12:21:31,673 [main] INFO  ozone.MiniOzoneClusterImpl (MiniOzoneClusterImpl.java:lambda$waitForClusterToBeReady$0(147)) - Cluster is ready. Got 3 of 3 DN Heartbeats.
2019-10-23 12:21:31,673 [04710d3b-08a7-4a70-b69f-f772706c6105@group-40390D33441A-LeaderElection7] INFO  server.RaftServerConfigKeys (ConfUtils.java:logGet(43)) - raft.server.log.appender.snapshot.chunk.size.max = 16MB (=16777216) (default)
2019-10-23 12:21:31,673 [04710d3b-08a7-4a70-b69f-f772706c6105@group-40390D33441A-LeaderElection7] INFO  server.RaftServerConfigKeys (ConfUtils.java:logGet(43)) - raft.server.log.appender.buffer.byte-limit = 33554432 (custom)
2019-10-23 12:21:31,674 [04710d3b-08a7-4a70-b69f-f772706c6105@group-40390D33441A-LeaderElection7] INFO  server.RaftServerConfigKeys (ConfUtils.java:logGet(43)) - raft.server.log.appender.buffer.element-limit = 1 (custom)
2019-10-23 12:21:31,677 [04710d3b-08a7-4a70-b69f-f772706c6105@group-40390D33441A-LeaderElection7] INFO  grpc.GrpcConfigKeys$Server (ConfUtils.java:logGet(43)) - raft.grpc.server.leader.outstanding.appends.max = 128 (default)
2019-10-23 12:21:31,677 [04710d3b-08a7-4a70-b69f-f772706c6105@group-40390D33441A-LeaderElection7] INFO  server.RaftServerConfigKeys (ConfUtils.java:logGet(43)) - raft.server.rpc.request.timeout = 3000ms (default)
2019-10-23 12:21:31,677 [04710d3b-08a7-4a70-b69f-f772706c6105@group-40390D33441A-LeaderElection7] INFO  server.RaftServerConfigKeys (ConfUtils.java:logGet(43)) - raft.server.log.appender.install.snapshot.enabled = false (custom)
2019-10-23 12:21:31,678 [43cb0e13-5597-452b-a8b1-af00d0a4a497@group-599489850CD8-SegmentedRaftLogWorker] INFO  segmented.SegmentedRaftLogWorker (SegmentedRaftLogWorker.java:execute(576)) - 43cb0e13-5597-452b-a8b1-af00d0a4a497@group-599489850CD8-SegmentedRaftLogWorker: created new log segment /workdir/hadoop-ozone/integration-test/target/test-dir/MiniOzoneClusterImpl-2e89ea2c-3d6a-4952-ac09-5f42be2d5130/datanode-1/data/ratis/9e686f8a-75da-4302-afc4-599489850cd8/current/log_inprogress_0
2019-10-23 12:21:31,678 [04710d3b-08a7-4a70-b69f-f772706c6105@group-64208F9792F8-SegmentedRaftLogWorker] INFO  segmented.SegmentedRaftLogWorker (SegmentedRaftLogWorker.java:execute(576)) - 04710d3b-08a7-4a70-b69f-f772706c6105@group-64208F9792F8-SegmentedRaftLogWorker: created new log segment /workdir/hadoop-ozone/integration-test/target/test-dir/MiniOzoneClusterImpl-2e89ea2c-3d6a-4952-ac09-5f42be2d5130/datanode-2/data/ratis/2ee25dbc-1d4b-4316-9563-64208f9792f8/current/log_inprogress_0
2019-10-23 12:21:31,678 [9d2a2146-2c04-423d-8f96-3c121403b328@group-0B01D64DF3BD-SegmentedRaftLogWorker] INFO  segmented.SegmentedRaftLogWorker (SegmentedRaftLogWorker.java:execute(576)) - 9d2a2146-2c04-423d-8f96-3c121403b328@group-0B01D64DF3BD-SegmentedRaftLogWorker: created new log segment /workdir/hadoop-ozone/integration-test/target/test-dir/MiniOzoneClusterImpl-2e89ea2c-3d6a-4952-ac09-5f42be2d5130/datanode-0/data/ratis/760c1714-f3fd-4e5f-b885-0b01d64df3bd/current/log_inprogress_0
2019-10-23 12:21:31,681 [04710d3b-08a7-4a70-b69f-f772706c6105@group-40390D33441A-LeaderElection7] INFO  server.RaftServerConfigKeys (ConfUtils.java:logGet(43)) - raft.server.log.appender.snapshot.chunk.size.max = 16MB (=16777216) (default)
2019-10-23 12:21:31,681 [04710d3b-08a7-4a70-b69f-f772706c6105@group-40390D33441A-LeaderElection7] INFO  server.RaftServerConfigKeys (ConfUtils.java:logGet(43)) - raft.server.log.appender.buffer.byte-limit = 33554432 (custom)
2019-10-23 12:21:31,682 [04710d3b-08a7-4a70-b69f-f772706c6105@group-40390D33441A-LeaderElection7] INFO  server.RaftServerConfigKeys (ConfUtils.java:logGet(43)) - raft.server.log.appender.buffer.element-limit = 1 (custom)
2019-10-23 12:21:31,682 [04710d3b-08a7-4a70-b69f-f772706c6105@group-40390D33441A-LeaderElection7] INFO  grpc.GrpcConfigKeys$Server (ConfUtils.java:logGet(43)) - raft.grpc.server.leader.outstanding.appends.max = 128 (default)
2019-10-23 12:21:31,682 [04710d3b-08a7-4a70-b69f-f772706c6105@group-40390D33441A-LeaderElection7] INFO  server.RaftServerConfigKeys (ConfUtils.java:logGet(43)) - raft.server.rpc.request.timeout = 3000ms (default)
2019-10-23 12:21:31,682 [04710d3b-08a7-4a70-b69f-f772706c6105@group-40390D33441A-LeaderElection7] INFO  server.RaftServerConfigKeys (ConfUtils.java:logGet(43)) - raft.server.log.appender.install.snapshot.enabled = false (custom)
2019-10-23 12:21:31,683 [Thread-224] INFO  impl.FollowerState (FollowerState.java:run(108)) - 43cb0e13-5597-452b-a8b1-af00d0a4a497@group-40390D33441A-FollowerState: change to CANDIDATE, lastRpcTime:69ms, electionTimeout:69ms
2019-10-23 12:21:31,684 [Thread-224] INFO  impl.RoleInfo (RoleInfo.java:shutdownFollowerState(121)) - 43cb0e13-5597-452b-a8b1-af00d0a4a497: shutdown FollowerState
2019-10-23 12:21:31,684 [Thread-224] INFO  impl.RaftServerImpl (RaftServerImpl.java:setRole(184)) - 43cb0e13-5597-452b-a8b1-af00d0a4a497@group-40390D33441A: changes role from  FOLLOWER to CANDIDATE at term 2 for changeToCandidate
2019-10-23 12:21:31,684 [Thread-224] INFO  impl.RoleInfo (RoleInfo.java:updateAndGet(143)) - 43cb0e13-5597-452b-a8b1-af00d0a4a497: start LeaderElection
2019-10-23 12:21:31,688 [04710d3b-08a7-4a70-b69f-f772706c6105@group-40390D33441A-LeaderElection7] INFO  impl.RoleInfo (RoleInfo.java:updateAndGet(143)) - 04710d3b-08a7-4a70-b69f-f772706c6105: start LeaderState
2019-10-23 12:21:31,689 [04710d3b-08a7-4a70-b69f-f772706c6105@group-40390D33441A-LeaderElection7] INFO  segmented.SegmentedRaftLogWorker (SegmentedRaftLogWorker.java:startLogSegment(385)) - 04710d3b-08a7-4a70-b69f-f772706c6105@group-40390D33441A-SegmentedRaftLogWorker: Starting segment from index:0
2019-10-23 12:21:31,689 [04710d3b-08a7-4a70-b69f-f772706c6105@group-40390D33441A-LeaderElection7] INFO  impl.RaftServerImpl (ServerState.java:setRaftConf(357)) - 04710d3b-08a7-4a70-b69f-f772706c6105@group-40390D33441A: set configuration 0: [9d2a2146-2c04-423d-8f96-3c121403b328:192.168.69.118:40792, 04710d3b-08a7-4a70-b69f-f772706c6105:192.168.69.118:40289, 43cb0e13-5597-452b-a8b1-af00d0a4a497:192.168.69.118:45201], old=null at 0
2019-10-23 12:21:31,716 [43cb0e13-5597-452b-a8b1-af00d0a4a497@group-40390D33441A-LeaderElection8] INFO  impl.LeaderElection (LeaderElection.java:askForVotes(178)) - 43cb0e13-5597-452b-a8b1-af00d0a4a497@group-40390D33441A-LeaderElection8: begin an election at term 3 for -1: [9d2a2146-2c04-423d-8f96-3c121403b328:192.168.69.118:40792, 04710d3b-08a7-4a70-b69f-f772706c6105:192.168.69.118:40289, 43cb0e13-5597-452b-a8b1-af00d0a4a497:192.168.69.118:45201], old=null
2019-10-23 12:21:31,731 [04710d3b-08a7-4a70-b69f-f772706c6105@group-40390D33441A-SegmentedRaftLogWorker] INFO  segmented.SegmentedRaftLogWorker (SegmentedRaftLogWorker.java:execute(576)) - 04710d3b-08a7-4a70-b69f-f772706c6105@group-40390D33441A-SegmentedRaftLogWorker: created new log segment /workdir/hadoop-ozone/integration-test/target/test-dir/MiniOzoneClusterImpl-2e89ea2c-3d6a-4952-ac09-5f42be2d5130/datanode-2/data/ratis/c0e4f3a0-4d63-43fc-af6c-40390d33441a/current/log_inprogress_0
2019-10-23 12:21:31,732 [grpc-default-executor-2] INFO  impl.RaftServerImpl (RaftServerImpl.java:setRole(184)) - 9d2a2146-2c04-423d-8f96-3c121403b328@group-40390D33441A: changes role from  FOLLOWER to FOLLOWER at term 3 for recognizeCandidate:43cb0e13-5597-452b-a8b1-af00d0a4a497
2019-10-23 12:21:31,732 [grpc-default-executor-2] INFO  impl.RoleInfo (RoleInfo.java:shutdownFollowerState(121)) - 9d2a2146-2c04-423d-8f96-3c121403b328: shutdown FollowerState
2019-10-23 12:21:31,732 [grpc-default-executor-2] INFO  impl.RoleInfo (RoleInfo.java:updateAndGet(143)) - 9d2a2146-2c04-423d-8f96-3c121403b328: start FollowerState
2019-10-23 12:21:31,732 [Thread-225] INFO  impl.FollowerState (FollowerState.java:run(117)) - 9d2a2146-2c04-423d-8f96-3c121403b328@group-40390D33441A-FollowerState was interrupted: java.lang.InterruptedException: sleep interrupted
2019-10-23 12:21:31,732 [grpc-default-executor-1] INFO  impl.RaftServerImpl (ServerState.java:setLeader(256)) - 04710d3b-08a7-4a70-b69f-f772706c6105@group-40390D33441A: change Leader from 04710d3b-08a7-4a70-b69f-f772706c6105 to null at term 3 for updateCurrentTerm
2019-10-23 12:21:31,733 [grpc-default-executor-1] INFO  impl.RaftServerImpl (RaftServerImpl.java:setRole(184)) - 04710d3b-08a7-4a70-b69f-f772706c6105@group-40390D33441A: changes role from    LEADER to FOLLOWER at term 3 for recognizeCandidate:43cb0e13-5597-452b-a8b1-af00d0a4a497
2019-10-23 12:21:31,733 [grpc-default-executor-1] INFO  impl.RoleInfo (RoleInfo.java:shutdownLeaderState(104)) - 04710d3b-08a7-4a70-b69f-f772706c6105: shutdown LeaderState
2019-10-23 12:21:31,736 [grpc-default-executor-1] INFO  impl.PendingRequests (PendingRequests.java:sendNotLeaderResponses(202)) - 04710d3b-08a7-4a70-b69f-f772706c6105@group-40390D33441A-PendingRequests: sendNotLeaderResponses
2019-10-23 12:21:31,738 [org.apache.ratis.server.impl.LogAppender$AppenderDaemon$$Lambda$395/298995713@6a214215] WARN  server.GrpcLogAppender (GrpcLogAppender.java:mayWait(149)) - 04710d3b-08a7-4a70-b69f-f772706c6105@group-40390D33441A->43cb0e13-5597-452b-a8b1-af00d0a4a497-GrpcLogAppender: Wait interrupted by java.lang.InterruptedException
2019-10-23 12:21:31,738 [org.apache.ratis.server.impl.LogAppender$AppenderDaemon$$Lambda$395/298995713@bde86a7] WARN  server.GrpcLogAppender (GrpcLogAppender.java:mayWait(149)) - 04710d3b-08a7-4a70-b69f-f772706c6105@group-40390D33441A->9d2a2146-2c04-423d-8f96-3c121403b328-GrpcLogAppender: Wait interrupted by java.lang.InterruptedException
2019-10-23 12:21:31,741 [grpc-default-executor-1] INFO  impl.RoleInfo (RoleInfo.java:updateAndGet(143)) - 04710d3b-08a7-4a70-b69f-f772706c6105: start FollowerState
2019-10-23 12:21:31,749 [43cb0e13-5597-452b-a8b1-af00d0a4a497@group-40390D33441A-LeaderElection8] INFO  impl.LeaderElection (LeaderElection.java:logAndReturn(56)) - 43cb0e13-5597-452b-a8b1-af00d0a4a497@group-40390D33441A-LeaderElection8: Election PASSED; received 1 response(s) [43cb0e13-5597-452b-a8b1-af00d0a4a497<-9d2a2146-2c04-423d-8f96-3c121403b328#0:OK-t3] and 0 exception(s); 43cb0e13-5597-452b-a8b1-af00d0a4a497@group-40390D33441A:t3, leader=null, voted=43cb0e13-5597-452b-a8b1-af00d0a4a497, raftlog=43cb0e13-5597-452b-a8b1-af00d0a4a497@group-40390D33441A-SegmentedRaftLog:OPENED:c-1,f-1,i0, conf=-1: [9d2a2146-2c04-423d-8f96-3c121403b328:192.168.69.118:40792, 04710d3b-08a7-4a70-b69f-f772706c6105:192.168.69.118:40289, 43cb0e13-5597-452b-a8b1-af00d0a4a497:192.168.69.118:45201], old=null
2019-10-23 12:21:31,749 [grpc-default-executor-0] INFO  server.GrpcServerProtocolService (GrpcServerProtocolService.java:onCompleted(113)) - 43cb0e13-5597-452b-a8b1-af00d0a4a497: Completed APPEND_ENTRIES, lastRequest: null
2019-10-23 12:21:31,749 [grpc-default-executor-3] INFO  server.GrpcServerProtocolService (GrpcServerProtocolService.java:onCompleted(113)) - 9d2a2146-2c04-423d-8f96-3c121403b328: Completed APPEND_ENTRIES, lastRequest: null
2019-10-23 12:21:31,750 [43cb0e13-5597-452b-a8b1-af00d0a4a497@group-40390D33441A-LeaderElection8] INFO  impl.RoleInfo (RoleInfo.java:shutdownLeaderElection(134)) - 43cb0e13-5597-452b-a8b1-af00d0a4a497: shutdown LeaderElection
2019-10-23 12:21:31,751 [43cb0e13-5597-452b-a8b1-af00d0a4a497@group-40390D33441A-LeaderElection8] INFO  impl.RaftServerImpl (RaftServerImpl.java:setRole(184)) - 43cb0e13-5597-452b-a8b1-af00d0a4a497@group-40390D33441A: changes role from CANDIDATE to LEADER at term 3 for changeToLeader
2019-10-23 12:21:31,751 [43cb0e13-5597-452b-a8b1-af00d0a4a497@group-40390D33441A-LeaderElection8] INFO  impl.RaftServerImpl (ServerState.java:setLeader(256)) - 43cb0e13-5597-452b-a8b1-af00d0a4a497@group-40390D33441A: change Leader from null to 43cb0e13-5597-452b-a8b1-af00d0a4a497 at term 3 for becomeLeader, leader elected after 265ms
2019-10-23 12:21:31,751 [43cb0e13-5597-452b-a8b1-af00d0a4a497@group-40390D33441A-LeaderElection8] INFO  server.RaftServerConfigKeys (ConfUtils.java:logGet(43)) - raft.server.staging.catchup.gap = 1000 (default)
2019-10-23 12:21:31,751 [43cb0e13-5597-452b-a8b1-af00d0a4a497@group-40390D33441A-LeaderElection8] INFO  server.RaftServerConfigKeys (ConfUtils.java:logGet(43)) - raft.server.rpc.sleep.time = 25ms (default)
2019-10-23 12:21:31,751 [grpc-default-executor-0] INFO  server.GrpcLogAppender (GrpcLogAppender.java:onCompleted(308)) - 04710d3b-08a7-4a70-b69f-f772706c6105@group-40390D33441A->43cb0e13-5597-452b-a8b1-af00d0a4a497-AppendLogResponseHandler: follower responses appendEntries COMPLETED
2019-10-23 12:21:31,753 [43cb0e13-5597-452b-a8b1-af00d0a4a497@group-40390D33441A-LeaderElection8] INFO  server.RaftServerConfigKeys (ConfUtils.java:logGet(43)) - raft.server.write.element-limit = 4096 (default)
2019-10-23 12:21:31,753 [43cb0e13-5597-452b-a8b1-af00d0a4a497@group-40390D33441A-LeaderElection8] INFO  server.RaftServerConfigKeys (ConfUtils.java:logGet(43)) - raft.server.watch.timeout = 10s (default)
2019-10-23 12:21:31,754 [43cb0e13-5597-452b-a8b1-af00d0a4a497@group-40390D33441A-LeaderElection8] INFO  server.RaftServerConfigKeys (ConfUtils.java:logGet(43)) - raft.server.watch.timeout.denomination = 1s (default)
2019-10-23 12:21:31,754 [43cb0e13-5597-452b-a8b1-af00d0a4a497@group-40390D33441A-LeaderElection8] INFO  server.RaftServerConfigKeys (ConfUtils.java:logGet(43)) - raft.server.watch.element-limit = 65536 (default)
2019-10-23 12:21:31,755 [grpc-default-executor-3] INFO  server.GrpcLogAppender (GrpcLogAppender.java:onCompleted(308)) - 04710d3b-08a7-4a70-b69f-f772706c6105@group-40390D33441A->9d2a2146-2c04-423d-8f96-3c121403b328-AppendLogResponseHandler: follower responses appendEntries COMPLETED
2019-10-23 12:21:31,757 [grpc-default-executor-0] INFO  impl.FollowerInfo (FollowerInfo.java:lambda$new$0(51)) - 04710d3b-08a7-4a70-b69f-f772706c6105@group-40390D33441A->43cb0e13-5597-452b-a8b1-af00d0a4a497: nextIndex: updateUnconditionally 0 -> 0
2019-10-23 12:21:31,758 [grpc-default-executor-3] INFO  impl.FollowerInfo (FollowerInfo.java:lambda$new$0(51)) - 04710d3b-08a7-4a70-b69f-f772706c6105@group-40390D33441A->9d2a2146-2c04-423d-8f96-3c121403b328: nextIndex: updateUnconditionally 0 -> 0
2019-10-23 12:21:31,759 [43cb0e13-5597-452b-a8b1-af00d0a4a497@group-40390D33441A-LeaderElection8] INFO  server.RaftServerConfigKeys (ConfUtils.java:logGet(43)) - raft.server.log.appender.snapshot.chunk.size.max = 16MB (=16777216) (default)
2019-10-23 12:21:31,759 [43cb0e13-5597-452b-a8b1-af00d0a4a497@group-40390D33441A-LeaderElection8] INFO  server.RaftServerConfigKeys (ConfUtils.java:logGet(43)) - raft.server.log.appender.buffer.byte-limit = 33554432 (custom)
2019-10-23 12:21:31,759 [43cb0e13-5597-452b-a8b1-af00d0a4a497@group-40390D33441A-LeaderElection8] INFO  server.RaftServerConfigKeys (ConfUtils.java:logGet(43)) - raft.server.log.appender.buffer.element-limit = 1 (custom)
2019-10-23 12:21:31,760 [43cb0e13-5597-452b-a8b1-af00d0a4a497@group-40390D33441A-LeaderElection8] INFO  grpc.GrpcConfigKeys$Server (ConfUtils.java:logGet(43)) - raft.grpc.server.leader.outstanding.appends.max = 128 (default)
2019-10-23 12:21:31,760 [43cb0e13-5597-452b-a8b1-af00d0a4a497@group-40390D33441A-LeaderElection8] INFO  server.RaftServerConfigKeys (ConfUtils.java:logGet(43)) - raft.server.rpc.request.timeout = 3000ms (default)
2019-10-23 12:21:31,760 [43cb0e13-5597-452b-a8b1-af00d0a4a497@group-40390D33441A-LeaderElection8] INFO  server.RaftServerConfigKeys (ConfUtils.java:logGet(43)) - raft.server.log.appender.install.snapshot.enabled = false (custom)
2019-10-23 12:21:31,761 [43cb0e13-5597-452b-a8b1-af00d0a4a497@group-40390D33441A-LeaderElection8] INFO  server.RaftServerConfigKeys (ConfUtils.java:logGet(43)) - raft.server.log.appender.snapshot.chunk.size.max = 16MB (=16777216) (default)
2019-10-23 12:21:31,762 [43cb0e13-5597-452b-a8b1-af00d0a4a497@group-40390D33441A-LeaderElection8] INFO  server.RaftServerConfigKeys (ConfUtils.java:logGet(43)) - raft.server.log.appender.buffer.byte-limit = 33554432 (custom)
2019-10-23 12:21:31,762 [43cb0e13-5597-452b-a8b1-af00d0a4a497@group-40390D33441A-LeaderElection8] INFO  server.RaftServerConfigKeys (ConfUtils.java:logGet(43)) - raft.server.log.appender.buffer.element-limit = 1 (custom)
2019-10-23 12:21:31,762 [43cb0e13-5597-452b-a8b1-af00d0a4a497@group-40390D33441A-LeaderElection8] INFO  grpc.GrpcConfigKeys$Server (ConfUtils.java:logGet(43)) - raft.grpc.server.leader.outstanding.appends.max = 128 (default)
2019-10-23 12:21:31,762 [43cb0e13-5597-452b-a8b1-af00d0a4a497@group-40390D33441A-LeaderElection8] INFO  server.RaftServerConfigKeys (ConfUtils.java:logGet(43)) - raft.server.rpc.request.timeout = 3000ms (default)
2019-10-23 12:21:31,762 [43cb0e13-5597-452b-a8b1-af00d0a4a497@group-40390D33441A-LeaderElection8] INFO  server.RaftServerConfigKeys (ConfUtils.java:logGet(43)) - raft.server.log.appender.install.snapshot.enabled = false (custom)
2019-10-23 12:21:31,764 [43cb0e13-5597-452b-a8b1-af00d0a4a497@group-40390D33441A-LeaderElection8] INFO  impl.RoleInfo (RoleInfo.java:updateAndGet(143)) - 43cb0e13-5597-452b-a8b1-af00d0a4a497: start LeaderState
2019-10-23 12:21:31,764 [43cb0e13-5597-452b-a8b1-af00d0a4a497@group-40390D33441A-LeaderElection8] INFO  segmented.SegmentedRaftLogWorker (SegmentedRaftLogWorker.java:startLogSegment(385)) - 43cb0e13-5597-452b-a8b1-af00d0a4a497@group-40390D33441A-SegmentedRaftLogWorker: Starting segment from index:0
2019-10-23 12:21:31,765 [43cb0e13-5597-452b-a8b1-af00d0a4a497@group-40390D33441A-LeaderElection8] INFO  impl.RaftServerImpl (ServerState.java:setRaftConf(357)) - 43cb0e13-5597-452b-a8b1-af00d0a4a497@group-40390D33441A: set configuration 0: [9d2a2146-2c04-423d-8f96-3c121403b328:192.168.69.118:40792, 04710d3b-08a7-4a70-b69f-f772706c6105:192.168.69.118:40289, 43cb0e13-5597-452b-a8b1-af00d0a4a497:192.168.69.118:45201], old=null at 0
2019-10-23 12:21:31,796 [grpc-default-executor-0] INFO  impl.RaftServerImpl (ServerState.java:setLeader(256)) - 04710d3b-08a7-4a70-b69f-f772706c6105@group-40390D33441A: change Leader from null to 43cb0e13-5597-452b-a8b1-af00d0a4a497 at term 3 for appendEntries, leader elected after 63ms
2019-10-23 12:21:31,796 [grpc-default-executor-1] INFO  impl.RaftServerImpl (ServerState.java:setLeader(256)) - 9d2a2146-2c04-423d-8f96-3c121403b328@group-40390D33441A: change Leader from null to 43cb0e13-5597-452b-a8b1-af00d0a4a497 at term 3 for appendEntries, leader elected after 310ms
2019-10-23 12:21:31,801 [43cb0e13-5597-452b-a8b1-af00d0a4a497@group-40390D33441A-SegmentedRaftLogWorker] INFO  segmented.SegmentedRaftLogWorker (SegmentedRaftLogWorker.java:execute(576)) - 43cb0e13-5597-452b-a8b1-af00d0a4a497@group-40390D33441A-SegmentedRaftLogWorker: created new log segment /workdir/hadoop-ozone/integration-test/target/test-dir/MiniOzoneClusterImpl-2e89ea2c-3d6a-4952-ac09-5f42be2d5130/datanode-1/data/ratis/c0e4f3a0-4d63-43fc-af6c-40390d33441a/current/log_inprogress_0
2019-10-23 12:21:31,816 [grpc-default-executor-0] INFO  impl.RaftServerImpl (ServerState.java:setRaftConf(357)) - 9d2a2146-2c04-423d-8f96-3c121403b328@group-40390D33441A: set configuration 0: [9d2a2146-2c04-423d-8f96-3c121403b328:192.168.69.118:40792, 04710d3b-08a7-4a70-b69f-f772706c6105:192.168.69.118:40289, 43cb0e13-5597-452b-a8b1-af00d0a4a497:192.168.69.118:45201], old=null at 0
2019-10-23 12:21:31,816 [grpc-default-executor-1] INFO  impl.RaftServerImpl (ServerState.java:setRaftConf(357)) - 04710d3b-08a7-4a70-b69f-f772706c6105@group-40390D33441A: set configuration 0: [9d2a2146-2c04-423d-8f96-3c121403b328:192.168.69.118:40792, 04710d3b-08a7-4a70-b69f-f772706c6105:192.168.69.118:40289, 43cb0e13-5597-452b-a8b1-af00d0a4a497:192.168.69.118:45201], old=null at 0
2019-10-23 12:21:31,816 [grpc-default-executor-0] INFO  segmented.SegmentedRaftLogWorker (SegmentedRaftLogWorker.java:startLogSegment(385)) - 9d2a2146-2c04-423d-8f96-3c121403b328@group-40390D33441A-SegmentedRaftLogWorker: Starting segment from index:0
2019-10-23 12:21:31,819 [grpc-default-executor-1] INFO  segmented.SegmentedRaftLogWorker (SegmentedRaftLogWorker.java:truncate(401)) - 04710d3b-08a7-4a70-b69f-f772706c6105@group-40390D33441A-SegmentedRaftLogWorker: Truncating segments toTruncate: null
  toDelete: [(0, 0) isOpen? true, length=0, newEndIndex=-1], start index 0
2019-10-23 12:21:31,819 [grpc-default-executor-1] INFO  segmented.SegmentedRaftLogWorker (SegmentedRaftLogWorker.java:startLogSegment(385)) - 04710d3b-08a7-4a70-b69f-f772706c6105@group-40390D33441A-SegmentedRaftLogWorker: Starting segment from index:0
2019-10-23 12:21:31,820 [04710d3b-08a7-4a70-b69f-f772706c6105@group-40390D33441A-SegmentedRaftLogWorker] INFO  segmented.SegmentedRaftLogWorker (SegmentedRaftLogWorker.java:execute(640)) - 04710d3b-08a7-4a70-b69f-f772706c6105@group-40390D33441A-SegmentedRaftLogWorker: Deleted log file /workdir/hadoop-ozone/integration-test/target/test-dir/MiniOzoneClusterImpl-2e89ea2c-3d6a-4952-ac09-5f42be2d5130/datanode-2/data/ratis/c0e4f3a0-4d63-43fc-af6c-40390d33441a/current/log_inprogress_0
2019-10-23 12:21:31,821 [04710d3b-08a7-4a70-b69f-f772706c6105@group-40390D33441A-SegmentedRaftLogWorker] INFO  segmented.SegmentedRaftLogWorker (SegmentedRaftLogWorker.java:lambda$new$0(128)) - 04710d3b-08a7-4a70-b69f-f772706c6105@group-40390D33441A-SegmentedRaftLogWorker: flushIndex: setUnconditionally 0 -> -1
2019-10-23 12:21:31,857 [04710d3b-08a7-4a70-b69f-f772706c6105@group-40390D33441A-SegmentedRaftLogWorker] INFO  segmented.SegmentedRaftLogWorker (SegmentedRaftLogWorker.java:execute(576)) - 04710d3b-08a7-4a70-b69f-f772706c6105@group-40390D33441A-SegmentedRaftLogWorker: created new log segment /workdir/hadoop-ozone/integration-test/target/test-dir/MiniOzoneClusterImpl-2e89ea2c-3d6a-4952-ac09-5f42be2d5130/datanode-2/data/ratis/c0e4f3a0-4d63-43fc-af6c-40390d33441a/current/log_inprogress_0
2019-10-23 12:21:31,857 [9d2a2146-2c04-423d-8f96-3c121403b328@group-40390D33441A-SegmentedRaftLogWorker] INFO  segmented.SegmentedRaftLogWorker (SegmentedRaftLogWorker.java:execute(576)) - 9d2a2146-2c04-423d-8f96-3c121403b328@group-40390D33441A-SegmentedRaftLogWorker: created new log segment /workdir/hadoop-ozone/integration-test/target/test-dir/MiniOzoneClusterImpl-2e89ea2c-3d6a-4952-ac09-5f42be2d5130/datanode-0/data/ratis/c0e4f3a0-4d63-43fc-af6c-40390d33441a/current/log_inprogress_0
2019-10-23 12:21:32,516 [main] INFO  rpc.RpcClient (RpcClient.java:createVolume(272)) - Creating Volume: testcontainerstatemachinefailures, with jenkins1000 as owner.
2019-10-23 12:21:32,621 [IPC Server handler 16 on 43826] INFO  volume.OMVolumeCreateRequest (OMVolumeCreateRequest.java:validateAndUpdateCache(193)) - created volume:testcontainerstatemachinefailures for user:jenkins1000
2019-10-23 12:21:32,649 [main] INFO  rpc.RpcClient (RpcClient.java:createBucket(411)) - Creating Bucket: testcontainerstatemachinefailures/testcontainerstatemachinefailures, with Versioning false and Storage Type set to DISK and Encryption set to false 
2019-10-23 12:21:32,702 [IPC Server handler 1 on 38930] INFO  server.SCMBlockProtocolServer (SCMBlockProtocolServer.java:allocateBlock(179)) - Allocating 1 blocks of size 4194304, with ExcludeList {datanodes = [], containerIds = [], pipelineIds = []}
2019-10-23 12:21:32,769 [main] INFO  impl.MetricsSystemImpl (MetricsSystemImpl.java:init(158)) - XceiverClientMetrics metrics system started (again)
2019-10-23 12:21:33,354 [Datanode State Machine Thread - 0] INFO  statemachine.DatanodeStateMachine (DatanodeStateMachine.java:lambda$startDaemon$0(350)) - Ozone container server started.
2019-10-23 12:21:33,538 [Thread-181] INFO  container.ReplicationManager (ReplicationManager.java:start(162)) - Starting Replication Monitor Thread.
2019-10-23 12:21:33,539 [ReplicationMonitor] INFO  container.ReplicationManager (ReplicationManager.java:run(225)) - Replication Monitor Thread took 1 milliseconds for processing 1 containers.
2019-10-23 12:21:38,334 [main] INFO  ozoneimpl.OzoneContainer (OzoneContainer.java:stop(227)) - Attempting to stop container services.
2019-10-23 12:21:38,335 [main] INFO  impl.RaftServerProxy (RaftServerProxy.java:lambda$close$4(314)) - 04710d3b-08a7-4a70-b69f-f772706c6105: close
2019-10-23 12:21:38,337 [main] INFO  impl.RaftServerImpl (RaftServerImpl.java:lambda$shutdown$3(261)) - 04710d3b-08a7-4a70-b69f-f772706c6105@group-40390D33441A: shutdown
2019-10-23 12:21:38,337 [ForkJoinPool.commonPool-worker-0] INFO  impl.RaftServerImpl (RaftServerImpl.java:lambda$shutdown$3(261)) - 04710d3b-08a7-4a70-b69f-f772706c6105@group-64208F9792F8: shutdown
2019-10-23 12:21:38,337 [main] INFO  util.JmxRegister (JmxRegister.java:unregister(73)) - Successfully un-registered JMX Bean with object name Ratis:service=RaftServer,group=group-40390D33441A,id=04710d3b-08a7-4a70-b69f-f772706c6105
2019-10-23 12:21:38,337 [ForkJoinPool.commonPool-worker-0] INFO  util.JmxRegister (JmxRegister.java:unregister(73)) - Successfully un-registered JMX Bean with object name Ratis:service=RaftServer,group=group-64208F9792F8,id=04710d3b-08a7-4a70-b69f-f772706c6105
2019-10-23 12:21:38,337 [main] INFO  impl.RoleInfo (RoleInfo.java:shutdownFollowerState(121)) - 04710d3b-08a7-4a70-b69f-f772706c6105: shutdown FollowerState
2019-10-23 12:21:38,337 [ForkJoinPool.commonPool-worker-0] INFO  impl.RoleInfo (RoleInfo.java:shutdownLeaderState(104)) - 04710d3b-08a7-4a70-b69f-f772706c6105: shutdown LeaderState
2019-10-23 12:21:38,338 [main] INFO  impl.StateMachineUpdater (StateMachineUpdater.java:stopAndJoin(136)) - 04710d3b-08a7-4a70-b69f-f772706c6105@group-40390D33441A-StateMachineUpdater: set stopIndex = 4
2019-10-23 12:21:38,338 [ForkJoinPool.commonPool-worker-0] INFO  impl.PendingRequests (PendingRequests.java:sendNotLeaderResponses(202)) - 04710d3b-08a7-4a70-b69f-f772706c6105@group-64208F9792F8-PendingRequests: sendNotLeaderResponses
2019-10-23 12:21:38,338 [Thread-233] INFO  impl.FollowerState (FollowerState.java:run(117)) - 04710d3b-08a7-4a70-b69f-f772706c6105@group-40390D33441A-FollowerState was interrupted: java.lang.InterruptedException: sleep interrupted
2019-10-23 12:21:38,338 [04710d3b-08a7-4a70-b69f-f772706c6105@group-40390D33441A-StateMachineUpdater] INFO  ratis.ContainerStateMachine (ContainerStateMachine.java:takeSnapshot(294)) - group-40390D33441A: Taking a snapshot at:(t:3, i:3) file /workdir/hadoop-ozone/integration-test/target/test-dir/MiniOzoneClusterImpl-2e89ea2c-3d6a-4952-ac09-5f42be2d5130/datanode-2/data/ratis/c0e4f3a0-4d63-43fc-af6c-40390d33441a/sm/snapshot.3_3
2019-10-23 12:21:38,338 [ForkJoinPool.commonPool-worker-0] INFO  impl.StateMachineUpdater (StateMachineUpdater.java:stopAndJoin(136)) - 04710d3b-08a7-4a70-b69f-f772706c6105@group-64208F9792F8-StateMachineUpdater: set stopIndex = 0
2019-10-23 12:21:38,340 [ForkJoinPool.commonPool-worker-0] INFO  impl.RaftServerImpl (ServerState.java:close(388)) - 04710d3b-08a7-4a70-b69f-f772706c6105@group-64208F9792F8: closes. applyIndex: 0
2019-10-23 12:21:38,341 [04710d3b-08a7-4a70-b69f-f772706c6105@group-64208F9792F8-SegmentedRaftLogWorker] INFO  segmented.SegmentedRaftLogWorker (SegmentedRaftLogWorker.java:run(316)) - 04710d3b-08a7-4a70-b69f-f772706c6105@group-64208F9792F8-SegmentedRaftLogWorker was interrupted, exiting. There are 0 tasks remaining in the queue.
2019-10-23 12:21:38,348 [ForkJoinPool.commonPool-worker-0] INFO  segmented.SegmentedRaftLogWorker (SegmentedRaftLogWorker.java:close(224)) - 04710d3b-08a7-4a70-b69f-f772706c6105@group-64208F9792F8-SegmentedRaftLogWorker close()
2019-10-23 12:21:38,435 [04710d3b-08a7-4a70-b69f-f772706c6105@group-40390D33441A-StateMachineUpdater] INFO  ratis.ContainerStateMachine (ContainerStateMachine.java:takeSnapshot(305)) - group-40390D33441A: Finished taking a snapshot at:(t:3, i:3) file:/workdir/hadoop-ozone/integration-test/target/test-dir/MiniOzoneClusterImpl-2e89ea2c-3d6a-4952-ac09-5f42be2d5130/datanode-2/data/ratis/c0e4f3a0-4d63-43fc-af6c-40390d33441a/sm/snapshot.3_3 time:97
2019-10-23 12:21:38,436 [04710d3b-08a7-4a70-b69f-f772706c6105@group-40390D33441A-StateMachineUpdater] INFO  impl.StateMachineUpdater (StateMachineUpdater.java:takeSnapshot(269)) - 04710d3b-08a7-4a70-b69f-f772706c6105@group-40390D33441A-StateMachineUpdater: Took a snapshot at index 3
2019-10-23 12:21:38,436 [04710d3b-08a7-4a70-b69f-f772706c6105@group-40390D33441A-StateMachineUpdater] INFO  impl.StateMachineUpdater (StateMachineUpdater.java:lambda$new$0(84)) - 04710d3b-08a7-4a70-b69f-f772706c6105@group-40390D33441A-StateMachineUpdater: snapshotIndex: updateIncreasingly -1 -> 3
2019-10-23 12:21:38,446 [04710d3b-08a7-4a70-b69f-f772706c6105@group-40390D33441A-StateMachineUpdater] INFO  ratis.ContainerStateMachine (ContainerStateMachine.java:takeSnapshot(294)) - group-40390D33441A: Taking a snapshot at:(t:3, i:3) file /workdir/hadoop-ozone/integration-test/target/test-dir/MiniOzoneClusterImpl-2e89ea2c-3d6a-4952-ac09-5f42be2d5130/datanode-2/data/ratis/c0e4f3a0-4d63-43fc-af6c-40390d33441a/sm/snapshot.3_3
2019-10-23 12:21:38,458 [04710d3b-08a7-4a70-b69f-f772706c6105@group-40390D33441A-StateMachineUpdater] INFO  ratis.ContainerStateMachine (ContainerStateMachine.java:takeSnapshot(305)) - group-40390D33441A: Finished taking a snapshot at:(t:3, i:3) file:/workdir/hadoop-ozone/integration-test/target/test-dir/MiniOzoneClusterImpl-2e89ea2c-3d6a-4952-ac09-5f42be2d5130/datanode-2/data/ratis/c0e4f3a0-4d63-43fc-af6c-40390d33441a/sm/snapshot.3_3 time:12
2019-10-23 12:21:38,458 [04710d3b-08a7-4a70-b69f-f772706c6105@group-40390D33441A-StateMachineUpdater] INFO  impl.StateMachineUpdater (StateMachineUpdater.java:takeSnapshot(269)) - 04710d3b-08a7-4a70-b69f-f772706c6105@group-40390D33441A-StateMachineUpdater: Took a snapshot at index 3
2019-10-23 12:21:38,458 [04710d3b-08a7-4a70-b69f-f772706c6105@group-40390D33441A-StateMachineUpdater] INFO  impl.StateMachineUpdater (StateMachineUpdater.java:lambda$new$0(84)) - 04710d3b-08a7-4a70-b69f-f772706c6105@group-40390D33441A-StateMachineUpdater: snapshotIndex: updateIncreasingly 3 -> 3
2019-10-23 12:21:38,459 [main] INFO  impl.RaftServerImpl (ServerState.java:close(388)) - 04710d3b-08a7-4a70-b69f-f772706c6105@group-40390D33441A: closes. applyIndex: 4
2019-10-23 12:21:38,459 [04710d3b-08a7-4a70-b69f-f772706c6105@group-40390D33441A-SegmentedRaftLogWorker] INFO  segmented.SegmentedRaftLogWorker (SegmentedRaftLogWorker.java:run(316)) - 04710d3b-08a7-4a70-b69f-f772706c6105@group-40390D33441A-SegmentedRaftLogWorker was interrupted, exiting. There are 0 tasks remaining in the queue.
2019-10-23 12:21:38,460 [main] INFO  segmented.SegmentedRaftLogWorker (SegmentedRaftLogWorker.java:close(224)) - 04710d3b-08a7-4a70-b69f-f772706c6105@group-40390D33441A-SegmentedRaftLogWorker close()
2019-10-23 12:21:38,462 [main] INFO  server.GrpcService (GrpcService.java:closeImpl(164)) - 04710d3b-08a7-4a70-b69f-f772706c6105: shutdown server with port 40289 now
2019-10-23 12:21:38,469 [grpc-default-executor-1] WARN  server.GrpcServerProtocolService (LogUtils.java:warn(134)) - 04710d3b-08a7-4a70-b69f-f772706c6105: installSnapshot onError, lastRequest: 43cb0e13-5597-452b-a8b1-af00d0a4a497->04710d3b-08a7-4a70-b69f-f772706c6105#7-t3, previous=(t:3, i:4), leaderCommit=4, initializing? false, entries: <empty>: org.apache.ratis.thirdparty.io.grpc.StatusRuntimeException: CANCELLED: cancelled before receiving half close
2019-10-23 12:21:38,471 [main] INFO  server.GrpcService (GrpcService.java:closeImpl(172)) - 04710d3b-08a7-4a70-b69f-f772706c6105: shutdown server with port 40289 successfully
2019-10-23 12:21:38,473 [grpc-default-executor-0] WARN  server.GrpcLogAppender (LogUtils.java:warn(134)) - 43cb0e13-5597-452b-a8b1-af00d0a4a497@group-40390D33441A->04710d3b-08a7-4a70-b69f-f772706c6105-AppendLogResponseHandler: Failed appendEntries: org.apache.ratis.thirdparty.io.grpc.StatusRuntimeException: CANCELLED: HTTP/2 error code: CANCEL
Received Rst Stream
2019-10-23 12:21:38,474 [refreshUsed-/workdir/hadoop-ozone/integration-test/target/test-dir/MiniOzoneClusterImpl-2e89ea2c-3d6a-4952-ac09-5f42be2d5130/datanode-2/data/containers] WARN  fs.CachingGetSpaceUsed (CachingGetSpaceUsed.java:run(183)) - Thread Interrupted waiting to refresh disk information: sleep interrupted
2019-10-23 12:21:38,503 [main] INFO  utils.BackgroundService (BackgroundService.java:shutdown(151)) - Shutting down service BlockDeletingService
2019-10-23 12:21:38,506 [main] INFO  statemachine.DatanodeStateMachine (DatanodeStateMachine.java:stopDaemon(395)) - Ozone container server stopped.
2019-10-23 12:21:38,512 [main] INFO  handler.ContextHandler (ContextHandler.java:doStop(910)) - Stopped o.e.j.w.WebAppContext@7a0e7ecd{/,null,UNAVAILABLE}{/hddsDatanode}
2019-10-23 12:21:38,519 [main] INFO  server.AbstractConnector (AbstractConnector.java:doStop(318)) - Stopped ServerConnector@54e3658c{HTTP/1.1,[http/1.1]}{0.0.0.0:0}
2019-10-23 12:21:38,519 [main] INFO  handler.ContextHandler (ContextHandler.java:doStop(910)) - Stopped o.e.j.s.ServletContextHandler@5fa23c{/static,jar:file:/home/user/.m2/repository/org/apache/hadoop/hadoop-hdds-container-service/0.5.0-SNAPSHOT/hadoop-hdds-container-service-0.5.0-SNAPSHOT.jar!/webapps/static,UNAVAILABLE}
2019-10-23 12:21:38,520 [main] INFO  handler.ContextHandler (ContextHandler.java:doStop(910)) - Stopped o.e.j.s.ServletContextHandler@6920614{/logs,file:///workdir/hadoop-ozone/integration-test/target/log,UNAVAILABLE}
2019-10-23 12:21:41,530 [java.util.concurrent.ThreadPoolExecutor$Worker@16be38ad[State = -1, empty queue]] WARN  server.GrpcLogAppender (GrpcLogAppender.java:timeoutAppendRequest(209)) - 43cb0e13-5597-452b-a8b1-af00d0a4a497@group-40390D33441A->04710d3b-08a7-4a70-b69f-f772706c6105-GrpcLogAppender: appendEntries Timeout, request=43cb0e13-5597-452b-a8b1-af00d0a4a497->04710d3b-08a7-4a70-b69f-f772706c6105#8-t3, previous=(t:3, i:4), leaderCommit=4, initializing? false, entries: size=1, first=(t:3, i:5), STATEMACHINELOGENTRY, client-F877F7AB4D5B, cid=8
2019-10-23 12:21:41,530 [java.util.concurrent.ThreadPoolExecutor$Worker@16be38ad[State = -1, empty queue]] WARN  server.GrpcLogAppender (GrpcLogAppender.java:timeoutAppendRequest(209)) - 43cb0e13-5597-452b-a8b1-af00d0a4a497@group-40390D33441A->04710d3b-08a7-4a70-b69f-f772706c6105-GrpcLogAppender: appendEntries Timeout, request=43cb0e13-5597-452b-a8b1-af00d0a4a497->04710d3b-08a7-4a70-b69f-f772706c6105#9-t3, previous=(t:3, i:5), leaderCommit=4, initializing? false, entries: size=1, first=(t:3, i:6), STATEMACHINELOGENTRY, client-F877F7AB4D5B, cid=9
2019-10-23 12:21:41,543 [java.util.concurrent.ThreadPoolExecutor$Worker@16be38ad[State = -1, empty queue]] WARN  server.GrpcLogAppender (GrpcLogAppender.java:timeoutAppendRequest(209)) - 43cb0e13-5597-452b-a8b1-af00d0a4a497@group-40390D33441A->04710d3b-08a7-4a70-b69f-f772706c6105-GrpcLogAppender: appendEntries Timeout, request=43cb0e13-5597-452b-a8b1-af00d0a4a497->04710d3b-08a7-4a70-b69f-f772706c6105#10-t3, previous=(t:3, i:6), leaderCommit=6, initializing? false, entries: size=1, first=(t:3, i:7), METADATAENTRY(c5)
2019-10-23 12:21:41,544 [java.util.concurrent.ThreadPoolExecutor$Worker@16be38ad[State = -1, empty queue]] WARN  server.GrpcLogAppender (GrpcLogAppender.java:timeoutAppendRequest(209)) - 43cb0e13-5597-452b-a8b1-af00d0a4a497@group-40390D33441A->04710d3b-08a7-4a70-b69f-f772706c6105-GrpcLogAppender: appendEntries Timeout, request=43cb0e13-5597-452b-a8b1-af00d0a4a497->04710d3b-08a7-4a70-b69f-f772706c6105#11-t3, previous=(t:3, i:7), leaderCommit=6, initializing? false, entries: size=1, first=(t:3, i:8), METADATAENTRY(c6)
2019-10-23 12:21:44,045 [java.util.concurrent.ThreadPoolExecutor$Worker@16be38ad[State = -1, empty queue]] WARN  server.GrpcLogAppender (GrpcLogAppender.java:timeoutAppendRequest(209)) - 43cb0e13-5597-452b-a8b1-af00d0a4a497@group-40390D33441A->04710d3b-08a7-4a70-b69f-f772706c6105-GrpcLogAppender: appendEntries Timeout, request=43cb0e13-5597-452b-a8b1-af00d0a4a497->04710d3b-08a7-4a70-b69f-f772706c6105#12-t3, previous=(t:3, i:8), leaderCommit=8, initializing? false, entries: <empty>
2019-10-23 12:21:46,546 [java.util.concurrent.ThreadPoolExecutor$Worker@16be38ad[State = -1, empty queue]] WARN  server.GrpcLogAppender (GrpcLogAppender.java:timeoutAppendRequest(209)) - 43cb0e13-5597-452b-a8b1-af00d0a4a497@group-40390D33441A->04710d3b-08a7-4a70-b69f-f772706c6105-GrpcLogAppender: appendEntries Timeout, request=43cb0e13-5597-452b-a8b1-af00d0a4a497->04710d3b-08a7-4a70-b69f-f772706c6105#13-t3, previous=(t:3, i:8), leaderCommit=8, initializing? false, entries: <empty>
2019-10-23 12:21:47,586 [Thread-297] INFO  client.GrpcClientProtocolService (GrpcClientProtocolService.java:lambda$processClientRequest$0(278)) - Failed RaftClientRequest:client-F877F7AB4D5B->9d2a2146-2c04-423d-8f96-3c121403b328@group-40390D33441A, cid=10, seq=0, Watch-ALL_COMMITTED(6), Message:<EMPTY>, reply=RaftClientReply:client-F877F7AB4D5B->9d2a2146-2c04-423d-8f96-3c121403b328@group-40390D33441A, cid=10, FAILED org.apache.ratis.protocol.NotLeaderException: Server 9d2a2146-2c04-423d-8f96-3c121403b328@group-40390D33441A is not the leader 43cb0e13-5597-452b-a8b1-af00d0a4a497:192.168.69.118:45201, logIndex=0, commits[9d2a2146-2c04-423d-8f96-3c121403b328:c8, 04710d3b-08a7-4a70-b69f-f772706c6105:c4, 43cb0e13-5597-452b-a8b1-af00d0a4a497:c8]
2019-10-23 12:21:48,886 [Thread-301] INFO  client.GrpcClientProtocolService (GrpcClientProtocolService.java:lambda$processClientRequest$0(278)) - Failed RaftClientRequest:client-F877F7AB4D5B->43cb0e13-5597-452b-a8b1-af00d0a4a497@group-40390D33441A, cid=10, seq=0, Watch-ALL_COMMITTED(6), Message:<EMPTY>, reply=RaftClientReply:client-F877F7AB4D5B->43cb0e13-5597-452b-a8b1-af00d0a4a497@group-40390D33441A, cid=10, FAILED org.apache.ratis.protocol.NotReplicatedException: Request with call Id 10 and log index 6 is not yet replicated to ALL_COMMITTED, logIndex=6, commits[43cb0e13-5597-452b-a8b1-af00d0a4a497:c8, 9d2a2146-2c04-423d-8f96-3c121403b328:c8, 04710d3b-08a7-4a70-b69f-f772706c6105:c4]
2019-10-23 12:21:49,050 [java.util.concurrent.ThreadPoolExecutor$Worker@16be38ad[State = -1, empty queue]] WARN  server.GrpcLogAppender (GrpcLogAppender.java:timeoutAppendRequest(209)) - 43cb0e13-5597-452b-a8b1-af00d0a4a497@group-40390D33441A->04710d3b-08a7-4a70-b69f-f772706c6105-GrpcLogAppender: appendEntries Timeout, request=43cb0e13-5597-452b-a8b1-af00d0a4a497->04710d3b-08a7-4a70-b69f-f772706c6105#14-t3, previous=(t:3, i:8), leaderCommit=8, initializing? false, entries: <empty>
2019-10-23 12:21:51,551 [java.util.concurrent.ThreadPoolExecutor$Worker@16be38ad[State = -1, empty queue]] WARN  server.GrpcLogAppender (GrpcLogAppender.java:timeoutAppendRequest(209)) - 43cb0e13-5597-452b-a8b1-af00d0a4a497@group-40390D33441A->04710d3b-08a7-4a70-b69f-f772706c6105-GrpcLogAppender: appendEntries Timeout, request=43cb0e13-5597-452b-a8b1-af00d0a4a497->04710d3b-08a7-4a70-b69f-f772706c6105#15-t3, previous=(t:3, i:8), leaderCommit=8, initializing? false, entries: <empty>
2019-10-23 12:21:54,052 [java.util.concurrent.ThreadPoolExecutor$Worker@16be38ad[State = -1, empty queue]] WARN  server.GrpcLogAppender (GrpcLogAppender.java:timeoutAppendRequest(209)) - 43cb0e13-5597-452b-a8b1-af00d0a4a497@group-40390D33441A->04710d3b-08a7-4a70-b69f-f772706c6105-GrpcLogAppender: appendEntries Timeout, request=43cb0e13-5597-452b-a8b1-af00d0a4a497->04710d3b-08a7-4a70-b69f-f772706c6105#16-t3, previous=(t:3, i:8), leaderCommit=8, initializing? false, entries: <empty>
2019-10-23 12:21:56,552 [java.util.concurrent.ThreadPoolExecutor$Worker@16be38ad[State = -1, empty queue]] WARN  server.GrpcLogAppender (GrpcLogAppender.java:timeoutAppendRequest(209)) - 43cb0e13-5597-452b-a8b1-af00d0a4a497@group-40390D33441A->04710d3b-08a7-4a70-b69f-f772706c6105-GrpcLogAppender: appendEntries Timeout, request=43cb0e13-5597-452b-a8b1-af00d0a4a497->04710d3b-08a7-4a70-b69f-f772706c6105#17-t3, previous=(t:3, i:8), leaderCommit=8, initializing? false, entries: <empty>
2019-10-23 12:21:57,648 [Thread-309] INFO  client.GrpcClientProtocolService (GrpcClientProtocolService.java:lambda$processClientRequest$0(278)) - Failed RaftClientRequest:client-F877F7AB4D5B->9d2a2146-2c04-423d-8f96-3c121403b328@group-40390D33441A, cid=10, seq=0, Watch-ALL_COMMITTED(6), Message:<EMPTY>, reply=RaftClientReply:client-F877F7AB4D5B->9d2a2146-2c04-423d-8f96-3c121403b328@group-40390D33441A, cid=10, FAILED org.apache.ratis.protocol.NotLeaderException: Server 9d2a2146-2c04-423d-8f96-3c121403b328@group-40390D33441A is not the leader 43cb0e13-5597-452b-a8b1-af00d0a4a497:192.168.69.118:45201, logIndex=0, commits[9d2a2146-2c04-423d-8f96-3c121403b328:c8, 04710d3b-08a7-4a70-b69f-f772706c6105:c4, 43cb0e13-5597-452b-a8b1-af00d0a4a497:c8]
2019-10-23 12:21:57,885 [Thread-312] INFO  client.GrpcClientProtocolService (GrpcClientProtocolService.java:lambda$processClientRequest$0(278)) - Failed RaftClientRequest:client-F877F7AB4D5B->43cb0e13-5597-452b-a8b1-af00d0a4a497@group-40390D33441A, cid=10, seq=0, Watch-ALL_COMMITTED(6), Message:<EMPTY>, reply=RaftClientReply:client-F877F7AB4D5B->43cb0e13-5597-452b-a8b1-af00d0a4a497@group-40390D33441A, cid=10, FAILED org.apache.ratis.protocol.NotReplicatedException: Request with call Id 10 and log index 6 is not yet replicated to ALL_COMMITTED, logIndex=6, commits[43cb0e13-5597-452b-a8b1-af00d0a4a497:c8, 9d2a2146-2c04-423d-8f96-3c121403b328:c8, 04710d3b-08a7-4a70-b69f-f772706c6105:c4]
2019-10-23 12:21:59,055 [java.util.concurrent.ThreadPoolExecutor$Worker@16be38ad[State = -1, empty queue]] WARN  server.GrpcLogAppender (GrpcLogAppender.java:timeoutAppendRequest(209)) - 43cb0e13-5597-452b-a8b1-af00d0a4a497@group-40390D33441A->04710d3b-08a7-4a70-b69f-f772706c6105-GrpcLogAppender: appendEntries Timeout, request=43cb0e13-5597-452b-a8b1-af00d0a4a497->04710d3b-08a7-4a70-b69f-f772706c6105#18-t3, previous=(t:3, i:8), leaderCommit=8, initializing? false, entries: <empty>
2019-10-23 12:22:01,556 [java.util.concurrent.ThreadPoolExecutor$Worker@16be38ad[State = -1, empty queue]] WARN  server.GrpcLogAppender (GrpcLogAppender.java:timeoutAppendRequest(209)) - 43cb0e13-5597-452b-a8b1-af00d0a4a497@group-40390D33441A->04710d3b-08a7-4a70-b69f-f772706c6105-GrpcLogAppender: appendEntries Timeout, request=43cb0e13-5597-452b-a8b1-af00d0a4a497->04710d3b-08a7-4a70-b69f-f772706c6105#19-t3, previous=(t:3, i:8), leaderCommit=8, initializing? false, entries: <empty>
2019-10-23 12:22:04,058 [java.util.concurrent.ThreadPoolExecutor$Worker@16be38ad[State = -1, empty queue]] WARN  server.GrpcLogAppender (GrpcLogAppender.java:timeoutAppendRequest(209)) - 43cb0e13-5597-452b-a8b1-af00d0a4a497@group-40390D33441A->04710d3b-08a7-4a70-b69f-f772706c6105-GrpcLogAppender: appendEntries Timeout, request=43cb0e13-5597-452b-a8b1-af00d0a4a497->04710d3b-08a7-4a70-b69f-f772706c6105#20-t3, previous=(t:3, i:8), leaderCommit=8, initializing? false, entries: <empty>
2019-10-23 12:22:06,563 [java.util.concurrent.ThreadPoolExecutor$Worker@16be38ad[State = -1, empty queue]] WARN  server.GrpcLogAppender (GrpcLogAppender.java:timeoutAppendRequest(209)) - 43cb0e13-5597-452b-a8b1-af00d0a4a497@group-40390D33441A->04710d3b-08a7-4a70-b69f-f772706c6105-GrpcLogAppender: appendEntries Timeout, request=43cb0e13-5597-452b-a8b1-af00d0a4a497->04710d3b-08a7-4a70-b69f-f772706c6105#21-t3, previous=(t:3, i:8), leaderCommit=8, initializing? false, entries: <empty>
2019-10-23 12:22:07,884 [Thread-321] INFO  client.GrpcClientProtocolService (GrpcClientProtocolService.java:lambda$processClientRequest$0(278)) - Failed RaftClientRequest:client-F877F7AB4D5B->43cb0e13-5597-452b-a8b1-af00d0a4a497@group-40390D33441A, cid=10, seq=0, Watch-ALL_COMMITTED(6), Message:<EMPTY>, reply=RaftClientReply:client-F877F7AB4D5B->43cb0e13-5597-452b-a8b1-af00d0a4a497@group-40390D33441A, cid=10, FAILED org.apache.ratis.protocol.NotReplicatedException: Request with call Id 10 and log index 6 is not yet replicated to ALL_COMMITTED, logIndex=6, commits[43cb0e13-5597-452b-a8b1-af00d0a4a497:c8, 9d2a2146-2c04-423d-8f96-3c121403b328:c8, 04710d3b-08a7-4a70-b69f-f772706c6105:c4]
2019-10-23 12:22:08,563 [main] WARN  scm.XceiverClientRatis (XceiverClientRatis.java:watchForCommit(277)) - 3 way commit failed on pipeline Pipeline[ Id: c0e4f3a0-4d63-43fc-af6c-40390d33441a, Nodes: 43cb0e13-5597-452b-a8b1-af00d0a4a497{ip: 192.168.69.118, host: pr-hdds1643-t2fz7-3136866267, networkLocation: /default-rack, certSerialId: null}04710d3b-08a7-4a70-b69f-f772706c6105{ip: 192.168.69.118, host: pr-hdds1643-t2fz7-3136866267, networkLocation: /default-rack, certSerialId: null}9d2a2146-2c04-423d-8f96-3c121403b328{ip: 192.168.69.118, host: pr-hdds1643-t2fz7-3136866267, networkLocation: /default-rack, certSerialId: null}, Type:RATIS, Factor:THREE, State:OPEN]
java.util.concurrent.TimeoutException
	at java.util.concurrent.CompletableFuture.timedGet(CompletableFuture.java:1771)
	at java.util.concurrent.CompletableFuture.get(CompletableFuture.java:1915)
	at org.apache.hadoop.hdds.scm.XceiverClientRatis.watchForCommit(XceiverClientRatis.java:274)
	at org.apache.hadoop.hdds.scm.storage.CommitWatcher.watchForCommit(CommitWatcher.java:198)
	at org.apache.hadoop.hdds.scm.storage.CommitWatcher.watchOnLastIndex(CommitWatcher.java:161)
	at org.apache.hadoop.hdds.scm.storage.BlockOutputStream.watchForCommit(BlockOutputStream.java:346)
	at org.apache.hadoop.hdds.scm.storage.BlockOutputStream.handleFlush(BlockOutputStream.java:482)
	at org.apache.hadoop.hdds.scm.storage.BlockOutputStream.close(BlockOutputStream.java:496)
	at org.apache.hadoop.ozone.client.io.BlockOutputStreamEntry.close(BlockOutputStreamEntry.java:143)
	at org.apache.hadoop.ozone.client.io.KeyOutputStream.handleFlushOrClose(KeyOutputStream.java:435)
	at org.apache.hadoop.ozone.client.io.KeyOutputStream.close(KeyOutputStream.java:473)
	at org.apache.hadoop.ozone.client.io.OzoneOutputStream.close(OzoneOutputStream.java:60)
	at org.apache.hadoop.ozone.client.rpc.TestDeleteWithSlowFollower.testDeleteKeyWithSlowFollower(TestDeleteWithSlowFollower.java:193)
	at sun.reflect.NativeMethodAccessorImpl.invoke0(Native Method)
	at sun.reflect.NativeMethodAccessorImpl.invoke(NativeMethodAccessorImpl.java:62)
	at sun.reflect.DelegatingMethodAccessorImpl.invoke(DelegatingMethodAccessorImpl.java:43)
	at java.lang.reflect.Method.invoke(Method.java:498)
	at org.junit.runners.model.FrameworkMethod$1.runReflectiveCall(FrameworkMethod.java:47)
	at org.junit.internal.runners.model.ReflectiveCallable.run(ReflectiveCallable.java:12)
	at org.junit.runners.model.FrameworkMethod.invokeExplosively(FrameworkMethod.java:44)
	at org.junit.internal.runners.statements.InvokeMethod.evaluate(InvokeMethod.java:17)
	at org.junit.runners.ParentRunner.runLeaf(ParentRunner.java:271)
	at org.junit.runners.BlockJUnit4ClassRunner.runChild(BlockJUnit4ClassRunner.java:70)
	at org.junit.runners.BlockJUnit4ClassRunner.runChild(BlockJUnit4ClassRunner.java:50)
	at org.junit.runners.ParentRunner$3.run(ParentRunner.java:238)
	at org.junit.runners.ParentRunner$1.schedule(ParentRunner.java:63)
	at org.junit.runners.ParentRunner.runChildren(ParentRunner.java:236)
	at org.junit.runners.ParentRunner.access$000(ParentRunner.java:53)
	at org.junit.runners.ParentRunner$2.evaluate(ParentRunner.java:229)
	at org.junit.internal.runners.statements.RunBefores.evaluate(RunBefores.java:26)
	at org.junit.internal.runners.statements.RunAfters.evaluate(RunAfters.java:27)
	at org.junit.runners.ParentRunner.run(ParentRunner.java:309)
	at org.apache.maven.surefire.junit4.JUnit4Provider.execute(JUnit4Provider.java:365)
	at org.apache.maven.surefire.junit4.JUnit4Provider.executeWithRerun(JUnit4Provider.java:273)
	at org.apache.maven.surefire.junit4.JUnit4Provider.executeTestSet(JUnit4Provider.java:238)
	at org.apache.maven.surefire.junit4.JUnit4Provider.invoke(JUnit4Provider.java:159)
	at org.apache.maven.surefire.booter.ForkedBooter.invokeProviderInSameClassLoader(ForkedBooter.java:384)
	at org.apache.maven.surefire.booter.ForkedBooter.runSuitesInProcess(ForkedBooter.java:345)
	at org.apache.maven.surefire.booter.ForkedBooter.execute(ForkedBooter.java:126)
	at org.apache.maven.surefire.booter.ForkedBooter.main(ForkedBooter.java:418)
2019-10-23 12:22:08,580 [main] INFO  scm.XceiverClientRatis (XceiverClientRatis.java:lambda$watchForCommit$5(295)) - Could not commit index 6 on pipeline Pipeline[ Id: c0e4f3a0-4d63-43fc-af6c-40390d33441a, Nodes: 43cb0e13-5597-452b-a8b1-af00d0a4a497{ip: 192.168.69.118, host: pr-hdds1643-t2fz7-3136866267, networkLocation: /default-rack, certSerialId: null}04710d3b-08a7-4a70-b69f-f772706c6105{ip: 192.168.69.118, host: pr-hdds1643-t2fz7-3136866267, networkLocation: /default-rack, certSerialId: null}9d2a2146-2c04-423d-8f96-3c121403b328{ip: 192.168.69.118, host: pr-hdds1643-t2fz7-3136866267, networkLocation: /default-rack, certSerialId: null}, Type:RATIS, Factor:THREE, State:OPEN] to all the nodes. Server 04710d3b-08a7-4a70-b69f-f772706c6105 has failed. Committed by majority.
2019-10-23 12:22:08,581 [main] WARN  storage.BlockOutputStream (BlockOutputStream.java:watchForCommit(352)) - Failed to commit BlockId conID: 1 locID: 103011666671108096 bcsId: 6 on Pipeline[ Id: c0e4f3a0-4d63-43fc-af6c-40390d33441a, Nodes: 43cb0e13-5597-452b-a8b1-af00d0a4a497{ip: 192.168.69.118, host: pr-hdds1643-t2fz7-3136866267, networkLocation: /default-rack, certSerialId: null}04710d3b-08a7-4a70-b69f-f772706c6105{ip: 192.168.69.118, host: pr-hdds1643-t2fz7-3136866267, networkLocation: /default-rack, certSerialId: null}9d2a2146-2c04-423d-8f96-3c121403b328{ip: 192.168.69.118, host: pr-hdds1643-t2fz7-3136866267, networkLocation: /default-rack, certSerialId: null}, Type:RATIS, Factor:THREE, State:OPEN]. Failed nodes: [04710d3b-08a7-4a70-b69f-f772706c6105{ip: null, host: null, networkLocation: /default-rack, certSerialId: null}]
2019-10-23 12:22:08,669 [EventQueue-IncrementalContainerReportForIncrementalContainerReportHandler] WARN  container.IncrementalContainerReportHandler (AbstractContainerReportHandler.java:updateContainerState(145)) - Container #1 is in OPEN state, but the datanode 43cb0e13-5597-452b-a8b1-af00d0a4a497{ip: 192.168.69.118, host: pr-hdds1643-t2fz7-3136866267, networkLocation: /default-rack, certSerialId: null} reports an CLOSING replica.
2019-10-23 12:22:08,670 [EventQueue-IncrementalContainerReportForIncrementalContainerReportHandler] WARN  container.IncrementalContainerReportHandler (AbstractContainerReportHandler.java:updateContainerState(145)) - Container #1 is in OPEN state, but the datanode 9d2a2146-2c04-423d-8f96-3c121403b328{ip: 192.168.69.118, host: pr-hdds1643-t2fz7-3136866267, networkLocation: /default-rack, certSerialId: null} reports an CLOSING replica.
2019-10-23 12:22:08,670 [RatisApplyTransactionExecutor 1] INFO  interfaces.Container (KeyValueContainer.java:flushAndSyncDB(386)) - Container 1 is synced with bcsId 6.
2019-10-23 12:22:08,671 [RatisApplyTransactionExecutor 1] INFO  interfaces.Container (KeyValueContainer.java:flushAndSyncDB(386)) - Container 1 is synced with bcsId 6.
2019-10-23 12:22:08,672 [RatisApplyTransactionExecutor 1] INFO  interfaces.Container (KeyValueContainer.java:flushAndSyncDB(386)) - Container 1 is synced with bcsId 6.
2019-10-23 12:22:08,672 [RatisApplyTransactionExecutor 1] INFO  interfaces.Container (KeyValueContainer.java:flushAndSyncDB(386)) - Container 1 is synced with bcsId 6.
2019-10-23 12:22:08,689 [RatisApplyTransactionExecutor 1] INFO  interfaces.Container (KeyValueContainer.java:close(335)) - Container 1 is closed with bcsId 6.
2019-10-23 12:22:08,689 [RatisApplyTransactionExecutor 1] INFO  interfaces.Container (KeyValueContainer.java:close(335)) - Container 1 is closed with bcsId 6.
2019-10-23 12:22:08,692 [EventQueue-ContainerReportForContainerReportHandler] WARN  container.ContainerReportHandler (AbstractContainerReportHandler.java:updateContainerState(145)) - Container #1 is in OPEN state, but the datanode 9d2a2146-2c04-423d-8f96-3c121403b328{ip: 192.168.69.118, host: pr-hdds1643-t2fz7-3136866267, networkLocation: /default-rack, certSerialId: null} reports an CLOSED replica.
2019-10-23 12:22:08,692 [EventQueue-IncrementalContainerReportForIncrementalContainerReportHandler] WARN  container.IncrementalContainerReportHandler (AbstractContainerReportHandler.java:updateContainerState(145)) - Container #1 is in OPEN state, but the datanode 43cb0e13-5597-452b-a8b1-af00d0a4a497{ip: 192.168.69.118, host: pr-hdds1643-t2fz7-3136866267, networkLocation: /default-rack, certSerialId: null} reports an CLOSED replica.
2019-10-23 12:22:08,692 [EventQueue-IncrementalContainerReportForIncrementalContainerReportHandler] WARN  container.IncrementalContainerReportHandler (AbstractContainerReportHandler.java:updateContainerState(145)) - Container #1 is in OPEN state, but the datanode 9d2a2146-2c04-423d-8f96-3c121403b328{ip: 192.168.69.118, host: pr-hdds1643-t2fz7-3136866267, networkLocation: /default-rack, certSerialId: null} reports an CLOSED replica.
2019-10-23 12:22:08,788 [BlockDeletingService#2] WARN  background.BlockDeletingService (BlockDeletingService.java:isDeletionAllowed(187)) - Close Container log Index 6 is not replicated across allthe servers in the pipeline c0e4f3a0-4d63-43fc-af6c-40390d33441a as the min replicated index is 4. Deletion is not allowed in this container yet.
2019-10-23 12:22:08,788 [BlockDeletingService#2] WARN  background.BlockDeletingService (BlockDeletingService.java:isDeletionAllowed(187)) - Close Container log Index 6 is not replicated across allthe servers in the pipeline c0e4f3a0-4d63-43fc-af6c-40390d33441a as the min replicated index is 4. Deletion is not allowed in this container yet.
2019-10-23 12:22:08,890 [EventQueue-ContainerReportForContainerReportHandler] WARN  container.ContainerReportHandler (AbstractContainerReportHandler.java:updateContainerState(145)) - Container #1 is in OPEN state, but the datanode 43cb0e13-5597-452b-a8b1-af00d0a4a497{ip: 192.168.69.118, host: pr-hdds1643-t2fz7-3136866267, networkLocation: /default-rack, certSerialId: null} reports an CLOSED replica.
2019-10-23 12:22:09,064 [java.util.concurrent.ThreadPoolExecutor$Worker@16be38ad[State = -1, empty queue]] WARN  server.GrpcLogAppender (GrpcLogAppender.java:timeoutAppendRequest(209)) - 43cb0e13-5597-452b-a8b1-af00d0a4a497@group-40390D33441A->04710d3b-08a7-4a70-b69f-f772706c6105-GrpcLogAppender: appendEntries Timeout, request=43cb0e13-5597-452b-a8b1-af00d0a4a497->04710d3b-08a7-4a70-b69f-f772706c6105#22-t3, previous=(t:3, i:8), leaderCommit=8, initializing? false, entries: <empty>
2019-10-23 12:22:09,090 [EventQueue-ContainerReportForContainerReportHandler] WARN  container.ContainerReportHandler (AbstractContainerReportHandler.java:updateContainerState(145)) - Container #1 is in OPEN state, but the datanode 9d2a2146-2c04-423d-8f96-3c121403b328{ip: 192.168.69.118, host: pr-hdds1643-t2fz7-3136866267, networkLocation: /default-rack, certSerialId: null} reports an CLOSED replica.
2019-10-23 12:22:09,290 [EventQueue-ContainerReportForContainerReportHandler] WARN  container.ContainerReportHandler (AbstractContainerReportHandler.java:updateContainerState(145)) - Container #1 is in OPEN state, but the datanode 43cb0e13-5597-452b-a8b1-af00d0a4a497{ip: 192.168.69.118, host: pr-hdds1643-t2fz7-3136866267, networkLocation: /default-rack, certSerialId: null} reports an CLOSED replica.
2019-10-23 12:22:09,290 [EventQueue-ContainerReportForContainerReportHandler] WARN  container.ContainerReportHandler (AbstractContainerReportHandler.java:updateContainerState(145)) - Container #1 is in OPEN state, but the datanode 9d2a2146-2c04-423d-8f96-3c121403b328{ip: 192.168.69.118, host: pr-hdds1643-t2fz7-3136866267, networkLocation: /default-rack, certSerialId: null} reports an CLOSED replica.
2019-10-23 12:22:09,591 [EventQueue-ContainerReportForContainerReportHandler] WARN  container.ContainerReportHandler (AbstractContainerReportHandler.java:updateContainerState(145)) - Container #1 is in OPEN state, but the datanode 43cb0e13-5597-452b-a8b1-af00d0a4a497{ip: 192.168.69.118, host: pr-hdds1643-t2fz7-3136866267, networkLocation: /default-rack, certSerialId: null} reports an CLOSED replica.
2019-10-23 12:22:09,591 [EventQueue-ContainerReportForContainerReportHandler] WARN  container.ContainerReportHandler (AbstractContainerReportHandler.java:updateContainerState(145)) - Container #1 is in OPEN state, but the datanode 9d2a2146-2c04-423d-8f96-3c121403b328{ip: 192.168.69.118, host: pr-hdds1643-t2fz7-3136866267, networkLocation: /default-rack, certSerialId: null} reports an CLOSED replica.
2019-10-23 12:22:09,694 [IPC Server handler 1 on 38930] INFO  server.SCMBlockProtocolServer (SCMBlockProtocolServer.java:deleteKeyBlocks(214)) - SCM is informed by OM to delete 1 blocks
2019-10-23 12:22:09,694 [IPC Server handler 1 on 38930] INFO  block.BlockManagerImpl (BlockManagerImpl.java:deleteBlocks(285)) - Deleting blocks conID: 1 locID: 103011666671108096 bcsId: 0
2019-10-23 12:22:09,790 [BlockDeletingService#2] WARN  background.BlockDeletingService (BlockDeletingService.java:isDeletionAllowed(187)) - Close Container log Index 6 is not replicated across allthe servers in the pipeline c0e4f3a0-4d63-43fc-af6c-40390d33441a as the min replicated index is 4. Deletion is not allowed in this container yet.
2019-10-23 12:22:09,790 [BlockDeletingService#2] WARN  background.BlockDeletingService (BlockDeletingService.java:isDeletionAllowed(187)) - Close Container log Index 6 is not replicated across allthe servers in the pipeline c0e4f3a0-4d63-43fc-af6c-40390d33441a as the min replicated index is 4. Deletion is not allowed in this container yet.
2019-10-23 12:22:09,791 [EventQueue-ContainerReportForContainerReportHandler] WARN  container.ContainerReportHandler (AbstractContainerReportHandler.java:updateContainerState(145)) - Container #1 is in OPEN state, but the datanode 43cb0e13-5597-452b-a8b1-af00d0a4a497{ip: 192.168.69.118, host: pr-hdds1643-t2fz7-3136866267, networkLocation: /default-rack, certSerialId: null} reports an CLOSED replica.
2019-10-23 12:22:09,892 [EventQueue-ContainerReportForContainerReportHandler] WARN  container.ContainerReportHandler (AbstractContainerReportHandler.java:updateContainerState(145)) - Container #1 is in OPEN state, but the datanode 9d2a2146-2c04-423d-8f96-3c121403b328{ip: 192.168.69.118, host: pr-hdds1643-t2fz7-3136866267, networkLocation: /default-rack, certSerialId: null} reports an CLOSED replica.
2019-10-23 12:22:10,192 [EventQueue-ContainerReportForContainerReportHandler] WARN  container.ContainerReportHandler (AbstractContainerReportHandler.java:updateContainerState(145)) - Container #1 is in OPEN state, but the datanode 9d2a2146-2c04-423d-8f96-3c121403b328{ip: 192.168.69.118, host: pr-hdds1643-t2fz7-3136866267, networkLocation: /default-rack, certSerialId: null} reports an CLOSED replica.
2019-10-23 12:22:10,192 [EventQueue-ContainerReportForContainerReportHandler] WARN  container.ContainerReportHandler (AbstractContainerReportHandler.java:updateContainerState(145)) - Container #1 is in OPEN state, but the datanode 43cb0e13-5597-452b-a8b1-af00d0a4a497{ip: 192.168.69.118, host: pr-hdds1643-t2fz7-3136866267, networkLocation: /default-rack, certSerialId: null} reports an CLOSED replica.
2019-10-23 12:22:10,392 [EventQueue-ContainerReportForContainerReportHandler] WARN  container.ContainerReportHandler (AbstractContainerReportHandler.java:updateContainerState(145)) - Container #1 is in OPEN state, but the datanode 43cb0e13-5597-452b-a8b1-af00d0a4a497{ip: 192.168.69.118, host: pr-hdds1643-t2fz7-3136866267, networkLocation: /default-rack, certSerialId: null} reports an CLOSED replica.
2019-10-23 12:22:10,593 [EventQueue-ContainerReportForContainerReportHandler] WARN  container.ContainerReportHandler (AbstractContainerReportHandler.java:updateContainerState(145)) - Container #1 is in OPEN state, but the datanode 9d2a2146-2c04-423d-8f96-3c121403b328{ip: 192.168.69.118, host: pr-hdds1643-t2fz7-3136866267, networkLocation: /default-rack, certSerialId: null} reports an CLOSED replica.
2019-10-23 12:22:10,693 [EventQueue-ContainerReportForContainerReportHandler] WARN  container.ContainerReportHandler (AbstractContainerReportHandler.java:updateContainerState(145)) - Container #1 is in OPEN state, but the datanode 43cb0e13-5597-452b-a8b1-af00d0a4a497{ip: 192.168.69.118, host: pr-hdds1643-t2fz7-3136866267, networkLocation: /default-rack, certSerialId: null} reports an CLOSED replica.
2019-10-23 12:22:10,792 [BlockDeletingService#2] WARN  background.BlockDeletingService (BlockDeletingService.java:isDeletionAllowed(187)) - Close Container log Index 6 is not replicated across allthe servers in the pipeline c0e4f3a0-4d63-43fc-af6c-40390d33441a as the min replicated index is 4. Deletion is not allowed in this container yet.
2019-10-23 12:22:10,792 [BlockDeletingService#2] WARN  background.BlockDeletingService (BlockDeletingService.java:isDeletionAllowed(187)) - Close Container log Index 6 is not replicated across allthe servers in the pipeline c0e4f3a0-4d63-43fc-af6c-40390d33441a as the min replicated index is 4. Deletion is not allowed in this container yet.
2019-10-23 12:22:10,893 [EventQueue-ContainerReportForContainerReportHandler] WARN  container.ContainerReportHandler (AbstractContainerReportHandler.java:updateContainerState(145)) - Container #1 is in OPEN state, but the datanode 9d2a2146-2c04-423d-8f96-3c121403b328{ip: 192.168.69.118, host: pr-hdds1643-t2fz7-3136866267, networkLocation: /default-rack, certSerialId: null} reports an CLOSED replica.
2019-10-23 12:22:10,894 [EventQueue-ContainerReportForContainerReportHandler] WARN  container.ContainerReportHandler (AbstractContainerReportHandler.java:updateContainerState(145)) - Container #1 is in OPEN state, but the datanode 43cb0e13-5597-452b-a8b1-af00d0a4a497{ip: 192.168.69.118, host: pr-hdds1643-t2fz7-3136866267, networkLocation: /default-rack, certSerialId: null} reports an CLOSED replica.
2019-10-23 12:22:11,193 [EventQueue-ContainerReportForContainerReportHandler] WARN  container.ContainerReportHandler (AbstractContainerReportHandler.java:updateContainerState(145)) - Container #1 is in OPEN state, but the datanode 43cb0e13-5597-452b-a8b1-af00d0a4a497{ip: 192.168.69.118, host: pr-hdds1643-t2fz7-3136866267, networkLocation: /default-rack, certSerialId: null} reports an CLOSED replica.
2019-10-23 12:22:11,294 [EventQueue-ContainerReportForContainerReportHandler] WARN  container.ContainerReportHandler (AbstractContainerReportHandler.java:updateContainerState(145)) - Container #1 is in OPEN state, but the datanode 9d2a2146-2c04-423d-8f96-3c121403b328{ip: 192.168.69.118, host: pr-hdds1643-t2fz7-3136866267, networkLocation: /default-rack, certSerialId: null} reports an CLOSED replica.
2019-10-23 12:22:11,495 [EventQueue-ContainerReportForContainerReportHandler] WARN  container.ContainerReportHandler (AbstractContainerReportHandler.java:updateContainerState(145)) - Container #1 is in OPEN state, but the datanode 43cb0e13-5597-452b-a8b1-af00d0a4a497{ip: 192.168.69.118, host: pr-hdds1643-t2fz7-3136866267, networkLocation: /default-rack, certSerialId: null} reports an CLOSED replica.
2019-10-23 12:22:11,566 [java.util.concurrent.ThreadPoolExecutor$Worker@16be38ad[State = -1, empty queue]] WARN  server.GrpcLogAppender (GrpcLogAppender.java:timeoutAppendRequest(209)) - 43cb0e13-5597-452b-a8b1-af00d0a4a497@group-40390D33441A->04710d3b-08a7-4a70-b69f-f772706c6105-GrpcLogAppender: appendEntries Timeout, request=43cb0e13-5597-452b-a8b1-af00d0a4a497->04710d3b-08a7-4a70-b69f-f772706c6105#23-t3, previous=(t:3, i:8), leaderCommit=8, initializing? false, entries: <empty>
2019-10-23 12:22:11,594 [EventQueue-ContainerReportForContainerReportHandler] WARN  container.ContainerReportHandler (AbstractContainerReportHandler.java:updateContainerState(145)) - Container #1 is in OPEN state, but the datanode 9d2a2146-2c04-423d-8f96-3c121403b328{ip: 192.168.69.118, host: pr-hdds1643-t2fz7-3136866267, networkLocation: /default-rack, certSerialId: null} reports an CLOSED replica.
2019-10-23 12:22:11,625 [java.util.concurrent.ThreadPoolExecutor$Worker@16be38ad[State = -1, empty queue]] WARN  server.GrpcLogAppender (GrpcLogAppender.java:timeoutAppendRequest(209)) - 43cb0e13-5597-452b-a8b1-af00d0a4a497@group-40390D33441A->04710d3b-08a7-4a70-b69f-f772706c6105-GrpcLogAppender: appendEntries Timeout, request=43cb0e13-5597-452b-a8b1-af00d0a4a497->04710d3b-08a7-4a70-b69f-f772706c6105#24-t3, previous=(t:3, i:8), leaderCommit=8, initializing? false, entries: size=1, first=(t:3, i:9), STATEMACHINELOGENTRY, client-BBFE8B0E20AE, cid=12
2019-10-23 12:22:11,639 [java.util.concurrent.ThreadPoolExecutor$Worker@16be38ad[State = -1, empty queue]] WARN  server.GrpcLogAppender (GrpcLogAppender.java:timeoutAppendRequest(209)) - 43cb0e13-5597-452b-a8b1-af00d0a4a497@group-40390D33441A->04710d3b-08a7-4a70-b69f-f772706c6105-GrpcLogAppender: appendEntries Timeout, request=43cb0e13-5597-452b-a8b1-af00d0a4a497->04710d3b-08a7-4a70-b69f-f772706c6105#25-t3, previous=(t:3, i:9), leaderCommit=9, initializing? false, entries: size=1, first=(t:3, i:10), METADATAENTRY(c9)
2019-10-23 12:22:11,794 [BlockDeletingService#2] WARN  background.BlockDeletingService (BlockDeletingService.java:isDeletionAllowed(187)) - Close Container log Index 6 is not replicated across allthe servers in the pipeline c0e4f3a0-4d63-43fc-af6c-40390d33441a as the min replicated index is 4. Deletion is not allowed in this container yet.
2019-10-23 12:22:11,794 [BlockDeletingService#2] WARN  background.BlockDeletingService (BlockDeletingService.java:isDeletionAllowed(187)) - Close Container log Index 6 is not replicated across allthe servers in the pipeline c0e4f3a0-4d63-43fc-af6c-40390d33441a as the min replicated index is 4. Deletion is not allowed in this container yet.
2019-10-23 12:22:11,894 [EventQueue-ContainerReportForContainerReportHandler] WARN  container.ContainerReportHandler (AbstractContainerReportHandler.java:updateContainerState(145)) - Container #1 is in OPEN state, but the datanode 43cb0e13-5597-452b-a8b1-af00d0a4a497{ip: 192.168.69.118, host: pr-hdds1643-t2fz7-3136866267, networkLocation: /default-rack, certSerialId: null} reports an CLOSED replica.
2019-10-23 12:22:11,895 [EventQueue-ContainerReportForContainerReportHandler] WARN  container.ContainerReportHandler (AbstractContainerReportHandler.java:updateContainerState(145)) - Container #1 is in OPEN state, but the datanode 9d2a2146-2c04-423d-8f96-3c121403b328{ip: 192.168.69.118, host: pr-hdds1643-t2fz7-3136866267, networkLocation: /default-rack, certSerialId: null} reports an CLOSED replica.
2019-10-23 12:22:12,096 [EventQueue-ContainerReportForContainerReportHandler] WARN  container.ContainerReportHandler (AbstractContainerReportHandler.java:updateContainerState(145)) - Container #1 is in OPEN state, but the datanode 43cb0e13-5597-452b-a8b1-af00d0a4a497{ip: 192.168.69.118, host: pr-hdds1643-t2fz7-3136866267, networkLocation: /default-rack, certSerialId: null} reports an CLOSED replica.
2019-10-23 12:22:12,195 [EventQueue-ContainerReportForContainerReportHandler] WARN  container.ContainerReportHandler (AbstractContainerReportHandler.java:updateContainerState(145)) - Container #1 is in OPEN state, but the datanode 9d2a2146-2c04-423d-8f96-3c121403b328{ip: 192.168.69.118, host: pr-hdds1643-t2fz7-3136866267, networkLocation: /default-rack, certSerialId: null} reports an CLOSED replica.
2019-10-23 12:22:12,395 [EventQueue-ContainerReportForContainerReportHandler] WARN  container.ContainerReportHandler (AbstractContainerReportHandler.java:updateContainerState(145)) - Container #1 is in OPEN state, but the datanode 43cb0e13-5597-452b-a8b1-af00d0a4a497{ip: 192.168.69.118, host: pr-hdds1643-t2fz7-3136866267, networkLocation: /default-rack, certSerialId: null} reports an CLOSED replica.
2019-10-23 12:22:12,495 [EventQueue-ContainerReportForContainerReportHandler] WARN  container.ContainerReportHandler (AbstractContainerReportHandler.java:updateContainerState(145)) - Container #1 is in OPEN state, but the datanode 9d2a2146-2c04-423d-8f96-3c121403b328{ip: 192.168.69.118, host: pr-hdds1643-t2fz7-3136866267, networkLocation: /default-rack, certSerialId: null} reports an CLOSED replica.
2019-10-23 12:22:12,794 [EventQueue-ContainerReportForContainerReportHandler] WARN  container.ContainerReportHandler (AbstractContainerReportHandler.java:updateContainerState(145)) - Container #1 is in OPEN state, but the datanode 43cb0e13-5597-452b-a8b1-af00d0a4a497{ip: 192.168.69.118, host: pr-hdds1643-t2fz7-3136866267, networkLocation: /default-rack, certSerialId: null} reports an CLOSED replica.
2019-10-23 12:22:12,795 [EventQueue-ContainerReportForContainerReportHandler] WARN  container.ContainerReportHandler (AbstractContainerReportHandler.java:updateContainerState(145)) - Container #1 is in OPEN state, but the datanode 9d2a2146-2c04-423d-8f96-3c121403b328{ip: 192.168.69.118, host: pr-hdds1643-t2fz7-3136866267, networkLocation: /default-rack, certSerialId: null} reports an CLOSED replica.
2019-10-23 12:22:12,798 [BlockDeletingService#2] WARN  background.BlockDeletingService (BlockDeletingService.java:isDeletionAllowed(187)) - Close Container log Index 6 is not replicated across allthe servers in the pipeline c0e4f3a0-4d63-43fc-af6c-40390d33441a as the min replicated index is 4. Deletion is not allowed in this container yet.
2019-10-23 12:22:12,802 [BlockDeletingService#2] WARN  background.BlockDeletingService (BlockDeletingService.java:isDeletionAllowed(187)) - Close Container log Index 6 is not replicated across allthe servers in the pipeline c0e4f3a0-4d63-43fc-af6c-40390d33441a as the min replicated index is 4. Deletion is not allowed in this container yet.
2019-10-23 12:22:12,994 [EventQueue-ContainerReportForContainerReportHandler] WARN  container.ContainerReportHandler (AbstractContainerReportHandler.java:updateContainerState(145)) - Container #1 is in OPEN state, but the datanode 43cb0e13-5597-452b-a8b1-af00d0a4a497{ip: 192.168.69.118, host: pr-hdds1643-t2fz7-3136866267, networkLocation: /default-rack, certSerialId: null} reports an CLOSED replica.
2019-10-23 12:22:13,095 [EventQueue-ContainerReportForContainerReportHandler] WARN  container.ContainerReportHandler (AbstractContainerReportHandler.java:updateContainerState(145)) - Container #1 is in OPEN state, but the datanode 9d2a2146-2c04-423d-8f96-3c121403b328{ip: 192.168.69.118, host: pr-hdds1643-t2fz7-3136866267, networkLocation: /default-rack, certSerialId: null} reports an CLOSED replica.
2019-10-23 12:22:13,297 [EventQueue-ContainerReportForContainerReportHandler] WARN  container.ContainerReportHandler (AbstractContainerReportHandler.java:updateContainerState(145)) - Container #1 is in OPEN state, but the datanode 9d2a2146-2c04-423d-8f96-3c121403b328{ip: 192.168.69.118, host: pr-hdds1643-t2fz7-3136866267, networkLocation: /default-rack, certSerialId: null} reports an CLOSED replica.
2019-10-23 12:22:13,395 [EventQueue-ContainerReportForContainerReportHandler] WARN  container.ContainerReportHandler (AbstractContainerReportHandler.java:updateContainerState(145)) - Container #1 is in OPEN state, but the datanode 43cb0e13-5597-452b-a8b1-af00d0a4a497{ip: 192.168.69.118, host: pr-hdds1643-t2fz7-3136866267, networkLocation: /default-rack, certSerialId: null} reports an CLOSED replica.
2019-10-23 12:22:13,695 [EventQueue-ContainerReportForContainerReportHandler] WARN  container.ContainerReportHandler (AbstractContainerReportHandler.java:updateContainerState(145)) - Container #1 is in OPEN state, but the datanode 43cb0e13-5597-452b-a8b1-af00d0a4a497{ip: 192.168.69.118, host: pr-hdds1643-t2fz7-3136866267, networkLocation: /default-rack, certSerialId: null} reports an CLOSED replica.
2019-10-23 12:22:13,696 [EventQueue-ContainerReportForContainerReportHandler] WARN  container.ContainerReportHandler (AbstractContainerReportHandler.java:updateContainerState(145)) - Container #1 is in OPEN state, but the datanode 9d2a2146-2c04-423d-8f96-3c121403b328{ip: 192.168.69.118, host: pr-hdds1643-t2fz7-3136866267, networkLocation: /default-rack, certSerialId: null} reports an CLOSED replica.
2019-10-23 12:22:13,799 [BlockDeletingService#2] WARN  background.BlockDeletingService (BlockDeletingService.java:isDeletionAllowed(187)) - Close Container log Index 6 is not replicated across allthe servers in the pipeline c0e4f3a0-4d63-43fc-af6c-40390d33441a as the min replicated index is 4. Deletion is not allowed in this container yet.
2019-10-23 12:22:13,803 [BlockDeletingService#2] WARN  background.BlockDeletingService (BlockDeletingService.java:isDeletionAllowed(187)) - Close Container log Index 6 is not replicated across allthe servers in the pipeline c0e4f3a0-4d63-43fc-af6c-40390d33441a as the min replicated index is 4. Deletion is not allowed in this container yet.
2019-10-23 12:22:13,896 [EventQueue-ContainerReportForContainerReportHandler] WARN  container.ContainerReportHandler (AbstractContainerReportHandler.java:updateContainerState(145)) - Container #1 is in OPEN state, but the datanode 9d2a2146-2c04-423d-8f96-3c121403b328{ip: 192.168.69.118, host: pr-hdds1643-t2fz7-3136866267, networkLocation: /default-rack, certSerialId: null} reports an CLOSED replica.
2019-10-23 12:22:14,096 [EventQueue-ContainerReportForContainerReportHandler] WARN  container.ContainerReportHandler (AbstractContainerReportHandler.java:updateContainerState(145)) - Container #1 is in OPEN state, but the datanode 43cb0e13-5597-452b-a8b1-af00d0a4a497{ip: 192.168.69.118, host: pr-hdds1643-t2fz7-3136866267, networkLocation: /default-rack, certSerialId: null} reports an CLOSED replica.
2019-10-23 12:22:14,140 [java.util.concurrent.ThreadPoolExecutor$Worker@16be38ad[State = -1, empty queue]] WARN  server.GrpcLogAppender (GrpcLogAppender.java:timeoutAppendRequest(209)) - 43cb0e13-5597-452b-a8b1-af00d0a4a497@group-40390D33441A->04710d3b-08a7-4a70-b69f-f772706c6105-GrpcLogAppender: appendEntries Timeout, request=43cb0e13-5597-452b-a8b1-af00d0a4a497->04710d3b-08a7-4a70-b69f-f772706c6105#26-t3, previous=(t:3, i:10), leaderCommit=10, initializing? false, entries: <empty>
2019-10-23 12:22:14,296 [EventQueue-ContainerReportForContainerReportHandler] WARN  container.ContainerReportHandler (AbstractContainerReportHandler.java:updateContainerState(145)) - Container #1 is in OPEN state, but the datanode 43cb0e13-5597-452b-a8b1-af00d0a4a497{ip: 192.168.69.118, host: pr-hdds1643-t2fz7-3136866267, networkLocation: /default-rack, certSerialId: null} reports an CLOSED replica.
2019-10-23 12:22:14,297 [EventQueue-ContainerReportForContainerReportHandler] WARN  container.ContainerReportHandler (AbstractContainerReportHandler.java:updateContainerState(145)) - Container #1 is in OPEN state, but the datanode 9d2a2146-2c04-423d-8f96-3c121403b328{ip: 192.168.69.118, host: pr-hdds1643-t2fz7-3136866267, networkLocation: /default-rack, certSerialId: null} reports an CLOSED replica.
2019-10-23 12:22:14,496 [EventQueue-ContainerReportForContainerReportHandler] WARN  container.ContainerReportHandler (AbstractContainerReportHandler.java:updateContainerState(145)) - Container #1 is in OPEN state, but the datanode 43cb0e13-5597-452b-a8b1-af00d0a4a497{ip: 192.168.69.118, host: pr-hdds1643-t2fz7-3136866267, networkLocation: /default-rack, certSerialId: null} reports an CLOSED replica.
2019-10-23 12:22:14,597 [EventQueue-ContainerReportForContainerReportHandler] WARN  container.ContainerReportHandler (AbstractContainerReportHandler.java:updateContainerState(145)) - Container #1 is in OPEN state, but the datanode 9d2a2146-2c04-423d-8f96-3c121403b328{ip: 192.168.69.118, host: pr-hdds1643-t2fz7-3136866267, networkLocation: /default-rack, certSerialId: null} reports an CLOSED replica.
2019-10-23 12:22:14,800 [BlockDeletingService#2] WARN  background.BlockDeletingService (BlockDeletingService.java:isDeletionAllowed(187)) - Close Container log Index 6 is not replicated across allthe servers in the pipeline c0e4f3a0-4d63-43fc-af6c-40390d33441a as the min replicated index is 4. Deletion is not allowed in this container yet.
2019-10-23 12:22:14,804 [BlockDeletingService#2] WARN  background.BlockDeletingService (BlockDeletingService.java:isDeletionAllowed(187)) - Close Container log Index 6 is not replicated across allthe servers in the pipeline c0e4f3a0-4d63-43fc-af6c-40390d33441a as the min replicated index is 4. Deletion is not allowed in this container yet.
2019-10-23 12:22:14,896 [EventQueue-ContainerReportForContainerReportHandler] WARN  container.ContainerReportHandler (AbstractContainerReportHandler.java:updateContainerState(145)) - Container #1 is in OPEN state, but the datanode 43cb0e13-5597-452b-a8b1-af00d0a4a497{ip: 192.168.69.118, host: pr-hdds1643-t2fz7-3136866267, networkLocation: /default-rack, certSerialId: null} reports an CLOSED replica.
2019-10-23 12:22:14,998 [EventQueue-ContainerReportForContainerReportHandler] WARN  container.ContainerReportHandler (AbstractContainerReportHandler.java:updateContainerState(145)) - Container #1 is in OPEN state, but the datanode 9d2a2146-2c04-423d-8f96-3c121403b328{ip: 192.168.69.118, host: pr-hdds1643-t2fz7-3136866267, networkLocation: /default-rack, certSerialId: null} reports an CLOSED replica.
2019-10-23 12:22:15,096 [EventQueue-ContainerReportForContainerReportHandler] WARN  container.ContainerReportHandler (AbstractContainerReportHandler.java:updateContainerState(145)) - Container #1 is in OPEN state, but the datanode 43cb0e13-5597-452b-a8b1-af00d0a4a497{ip: 192.168.69.118, host: pr-hdds1643-t2fz7-3136866267, networkLocation: /default-rack, certSerialId: null} reports an CLOSED replica.
2019-10-23 12:22:15,298 [EventQueue-ContainerReportForContainerReportHandler] WARN  container.ContainerReportHandler (AbstractContainerReportHandler.java:updateContainerState(145)) - Container #1 is in OPEN state, but the datanode 9d2a2146-2c04-423d-8f96-3c121403b328{ip: 192.168.69.118, host: pr-hdds1643-t2fz7-3136866267, networkLocation: /default-rack, certSerialId: null} reports an CLOSED replica.
2019-10-23 12:22:15,497 [EventQueue-ContainerReportForContainerReportHandler] WARN  container.ContainerReportHandler (AbstractContainerReportHandler.java:updateContainerState(145)) - Container #1 is in OPEN state, but the datanode 43cb0e13-5597-452b-a8b1-af00d0a4a497{ip: 192.168.69.118, host: pr-hdds1643-t2fz7-3136866267, networkLocation: /default-rack, certSerialId: null} reports an CLOSED replica.
2019-10-23 12:22:15,498 [EventQueue-ContainerReportForContainerReportHandler] WARN  container.ContainerReportHandler (AbstractContainerReportHandler.java:updateContainerState(145)) - Container #1 is in OPEN state, but the datanode 9d2a2146-2c04-423d-8f96-3c121403b328{ip: 192.168.69.118, host: pr-hdds1643-t2fz7-3136866267, networkLocation: /default-rack, certSerialId: null} reports an CLOSED replica.
2019-10-23 12:22:15,798 [EventQueue-ContainerReportForContainerReportHandler] WARN  container.ContainerReportHandler (AbstractContainerReportHandler.java:updateContainerState(145)) - Container #1 is in OPEN state, but the datanode 43cb0e13-5597-452b-a8b1-af00d0a4a497{ip: 192.168.69.118, host: pr-hdds1643-t2fz7-3136866267, networkLocation: /default-rack, certSerialId: null} reports an CLOSED replica.
2019-10-23 12:22:15,799 [EventQueue-ContainerReportForContainerReportHandler] WARN  container.ContainerReportHandler (AbstractContainerReportHandler.java:updateContainerState(145)) - Container #1 is in OPEN state, but the datanode 9d2a2146-2c04-423d-8f96-3c121403b328{ip: 192.168.69.118, host: pr-hdds1643-t2fz7-3136866267, networkLocation: /default-rack, certSerialId: null} reports an CLOSED replica.
2019-10-23 12:22:15,802 [BlockDeletingService#2] WARN  background.BlockDeletingService (BlockDeletingService.java:isDeletionAllowed(187)) - Close Container log Index 6 is not replicated across allthe servers in the pipeline c0e4f3a0-4d63-43fc-af6c-40390d33441a as the min replicated index is 4. Deletion is not allowed in this container yet.
2019-10-23 12:22:15,805 [BlockDeletingService#2] WARN  background.BlockDeletingService (BlockDeletingService.java:isDeletionAllowed(187)) - Close Container log Index 6 is not replicated across allthe servers in the pipeline c0e4f3a0-4d63-43fc-af6c-40390d33441a as the min replicated index is 4. Deletion is not allowed in this container yet.
2019-10-23 12:22:15,998 [EventQueue-ContainerReportForContainerReportHandler] WARN  container.ContainerReportHandler (AbstractContainerReportHandler.java:updateContainerState(145)) - Container #1 is in OPEN state, but the datanode 43cb0e13-5597-452b-a8b1-af00d0a4a497{ip: 192.168.69.118, host: pr-hdds1643-t2fz7-3136866267, networkLocation: /default-rack, certSerialId: null} reports an CLOSED replica.
2019-10-23 12:22:16,099 [EventQueue-ContainerReportForContainerReportHandler] WARN  container.ContainerReportHandler (AbstractContainerReportHandler.java:updateContainerState(145)) - Container #1 is in OPEN state, but the datanode 9d2a2146-2c04-423d-8f96-3c121403b328{ip: 192.168.69.118, host: pr-hdds1643-t2fz7-3136866267, networkLocation: /default-rack, certSerialId: null} reports an CLOSED replica.
2019-10-23 12:22:16,198 [EventQueue-ContainerReportForContainerReportHandler] WARN  container.ContainerReportHandler (AbstractContainerReportHandler.java:updateContainerState(145)) - Container #1 is in OPEN state, but the datanode 43cb0e13-5597-452b-a8b1-af00d0a4a497{ip: 192.168.69.118, host: pr-hdds1643-t2fz7-3136866267, networkLocation: /default-rack, certSerialId: null} reports an CLOSED replica.
2019-10-23 12:22:16,300 [EventQueue-ContainerReportForContainerReportHandler] WARN  container.ContainerReportHandler (AbstractContainerReportHandler.java:updateContainerState(145)) - Container #1 is in OPEN state, but the datanode 9d2a2146-2c04-423d-8f96-3c121403b328{ip: 192.168.69.118, host: pr-hdds1643-t2fz7-3136866267, networkLocation: /default-rack, certSerialId: null} reports an CLOSED replica.
2019-10-23 12:22:16,597 [EventQueue-ContainerReportForContainerReportHandler] WARN  container.ContainerReportHandler (AbstractContainerReportHandler.java:updateContainerState(145)) - Container #1 is in OPEN state, but the datanode 43cb0e13-5597-452b-a8b1-af00d0a4a497{ip: 192.168.69.118, host: pr-hdds1643-t2fz7-3136866267, networkLocation: /default-rack, certSerialId: null} reports an CLOSED replica.
2019-10-23 12:22:16,599 [EventQueue-ContainerReportForContainerReportHandler] WARN  container.ContainerReportHandler (AbstractContainerReportHandler.java:updateContainerState(145)) - Container #1 is in OPEN state, but the datanode 9d2a2146-2c04-423d-8f96-3c121403b328{ip: 192.168.69.118, host: pr-hdds1643-t2fz7-3136866267, networkLocation: /default-rack, certSerialId: null} reports an CLOSED replica.
2019-10-23 12:22:16,643 [java.util.concurrent.ThreadPoolExecutor$Worker@16be38ad[State = -1, empty queue]] WARN  server.GrpcLogAppender (GrpcLogAppender.java:timeoutAppendRequest(209)) - 43cb0e13-5597-452b-a8b1-af00d0a4a497@group-40390D33441A->04710d3b-08a7-4a70-b69f-f772706c6105-GrpcLogAppender: appendEntries Timeout, request=43cb0e13-5597-452b-a8b1-af00d0a4a497->04710d3b-08a7-4a70-b69f-f772706c6105#27-t3, previous=(t:3, i:10), leaderCommit=10, initializing? false, entries: <empty>
2019-10-23 12:22:16,799 [EventQueue-ContainerReportForContainerReportHandler] WARN  container.ContainerReportHandler (AbstractContainerReportHandler.java:updateContainerState(145)) - Container #1 is in OPEN state, but the datanode 9d2a2146-2c04-423d-8f96-3c121403b328{ip: 192.168.69.118, host: pr-hdds1643-t2fz7-3136866267, networkLocation: /default-rack, certSerialId: null} reports an CLOSED replica.
2019-10-23 12:22:16,803 [BlockDeletingService#2] WARN  background.BlockDeletingService (BlockDeletingService.java:isDeletionAllowed(187)) - Close Container log Index 6 is not replicated across allthe servers in the pipeline c0e4f3a0-4d63-43fc-af6c-40390d33441a as the min replicated index is 4. Deletion is not allowed in this container yet.
2019-10-23 12:22:16,806 [BlockDeletingService#6] WARN  background.BlockDeletingService (BlockDeletingService.java:isDeletionAllowed(187)) - Close Container log Index 6 is not replicated across allthe servers in the pipeline c0e4f3a0-4d63-43fc-af6c-40390d33441a as the min replicated index is 4. Deletion is not allowed in this container yet.
2019-10-23 12:22:16,898 [EventQueue-ContainerReportForContainerReportHandler] WARN  container.ContainerReportHandler (AbstractContainerReportHandler.java:updateContainerState(145)) - Container #1 is in OPEN state, but the datanode 43cb0e13-5597-452b-a8b1-af00d0a4a497{ip: 192.168.69.118, host: pr-hdds1643-t2fz7-3136866267, networkLocation: /default-rack, certSerialId: null} reports an CLOSED replica.
2019-10-23 12:22:17,098 [EventQueue-ContainerReportForContainerReportHandler] WARN  container.ContainerReportHandler (AbstractContainerReportHandler.java:updateContainerState(145)) - Container #1 is in OPEN state, but the datanode 43cb0e13-5597-452b-a8b1-af00d0a4a497{ip: 192.168.69.118, host: pr-hdds1643-t2fz7-3136866267, networkLocation: /default-rack, certSerialId: null} reports an CLOSED replica.
2019-10-23 12:22:17,099 [EventQueue-ContainerReportForContainerReportHandler] WARN  container.ContainerReportHandler (AbstractContainerReportHandler.java:updateContainerState(145)) - Container #1 is in OPEN state, but the datanode 9d2a2146-2c04-423d-8f96-3c121403b328{ip: 192.168.69.118, host: pr-hdds1643-t2fz7-3136866267, networkLocation: /default-rack, certSerialId: null} reports an CLOSED replica.
2019-10-23 12:22:17,400 [EventQueue-ContainerReportForContainerReportHandler] WARN  container.ContainerReportHandler (AbstractContainerReportHandler.java:updateContainerState(145)) - Container #1 is in OPEN state, but the datanode 9d2a2146-2c04-423d-8f96-3c121403b328{ip: 192.168.69.118, host: pr-hdds1643-t2fz7-3136866267, networkLocation: /default-rack, certSerialId: null} reports an CLOSED replica.
2019-10-23 12:22:17,498 [EventQueue-ContainerReportForContainerReportHandler] WARN  container.ContainerReportHandler (AbstractContainerReportHandler.java:updateContainerState(145)) - Container #1 is in OPEN state, but the datanode 43cb0e13-5597-452b-a8b1-af00d0a4a497{ip: 192.168.69.118, host: pr-hdds1643-t2fz7-3136866267, networkLocation: /default-rack, certSerialId: null} reports an CLOSED replica.
2019-10-23 12:22:17,710 [Thread-356] INFO  client.GrpcClientProtocolService (GrpcClientProtocolService.java:lambda$processClientRequest$0(278)) - Failed RaftClientRequest:client-F877F7AB4D5B->9d2a2146-2c04-423d-8f96-3c121403b328@group-40390D33441A, cid=10, seq=0, Watch-ALL_COMMITTED(6), Message:<EMPTY>, reply=RaftClientReply:client-F877F7AB4D5B->9d2a2146-2c04-423d-8f96-3c121403b328@group-40390D33441A, cid=10, FAILED org.apache.ratis.protocol.NotLeaderException: Server 9d2a2146-2c04-423d-8f96-3c121403b328@group-40390D33441A is not the leader 43cb0e13-5597-452b-a8b1-af00d0a4a497:192.168.69.118:45201, logIndex=0, commits[9d2a2146-2c04-423d-8f96-3c121403b328:c10, 04710d3b-08a7-4a70-b69f-f772706c6105:c4, 43cb0e13-5597-452b-a8b1-af00d0a4a497:c10]
2019-10-23 12:22:17,801 [EventQueue-ContainerReportForContainerReportHandler] WARN  container.ContainerReportHandler (AbstractContainerReportHandler.java:updateContainerState(145)) - Container #1 is in OPEN state, but the datanode 9d2a2146-2c04-423d-8f96-3c121403b328{ip: 192.168.69.118, host: pr-hdds1643-t2fz7-3136866267, networkLocation: /default-rack, certSerialId: null} reports an CLOSED replica.
2019-10-23 12:22:17,805 [BlockDeletingService#2] WARN  background.BlockDeletingService (BlockDeletingService.java:isDeletionAllowed(187)) - Close Container log Index 6 is not replicated across allthe servers in the pipeline c0e4f3a0-4d63-43fc-af6c-40390d33441a as the min replicated index is 4. Deletion is not allowed in this container yet.
2019-10-23 12:22:17,807 [BlockDeletingService#6] WARN  background.BlockDeletingService (BlockDeletingService.java:isDeletionAllowed(187)) - Close Container log Index 6 is not replicated across allthe servers in the pipeline c0e4f3a0-4d63-43fc-af6c-40390d33441a as the min replicated index is 4. Deletion is not allowed in this container yet.
2019-10-23 12:22:17,884 [Thread-361] INFO  client.GrpcClientProtocolService (GrpcClientProtocolService.java:lambda$processClientRequest$0(278)) - Failed RaftClientRequest:client-F877F7AB4D5B->43cb0e13-5597-452b-a8b1-af00d0a4a497@group-40390D33441A, cid=10, seq=0, Watch-ALL_COMMITTED(6), Message:<EMPTY>, reply=RaftClientReply:client-F877F7AB4D5B->43cb0e13-5597-452b-a8b1-af00d0a4a497@group-40390D33441A, cid=10, FAILED org.apache.ratis.protocol.NotReplicatedException: Request with call Id 10 and log index 6 is not yet replicated to ALL_COMMITTED, logIndex=6, commits[43cb0e13-5597-452b-a8b1-af00d0a4a497:c10, 9d2a2146-2c04-423d-8f96-3c121403b328:c10, 04710d3b-08a7-4a70-b69f-f772706c6105:c4]
2019-10-23 12:22:17,898 [EventQueue-ContainerReportForContainerReportHandler] WARN  container.ContainerReportHandler (AbstractContainerReportHandler.java:updateContainerState(145)) - Container #1 is in OPEN state, but the datanode 43cb0e13-5597-452b-a8b1-af00d0a4a497{ip: 192.168.69.118, host: pr-hdds1643-t2fz7-3136866267, networkLocation: /default-rack, certSerialId: null} reports an CLOSED replica.
2019-10-23 12:22:18,000 [EventQueue-ContainerReportForContainerReportHandler] WARN  container.ContainerReportHandler (AbstractContainerReportHandler.java:updateContainerState(145)) - Container #1 is in OPEN state, but the datanode 9d2a2146-2c04-423d-8f96-3c121403b328{ip: 192.168.69.118, host: pr-hdds1643-t2fz7-3136866267, networkLocation: /default-rack, certSerialId: null} reports an CLOSED replica.
2019-10-23 12:22:18,198 [EventQueue-ContainerReportForContainerReportHandler] WARN  container.ContainerReportHandler (AbstractContainerReportHandler.java:updateContainerState(145)) - Container #1 is in OPEN state, but the datanode 43cb0e13-5597-452b-a8b1-af00d0a4a497{ip: 192.168.69.118, host: pr-hdds1643-t2fz7-3136866267, networkLocation: /default-rack, certSerialId: null} reports an CLOSED replica.
2019-10-23 12:22:18,401 [EventQueue-ContainerReportForContainerReportHandler] WARN  container.ContainerReportHandler (AbstractContainerReportHandler.java:updateContainerState(145)) - Container #1 is in OPEN state, but the datanode 9d2a2146-2c04-423d-8f96-3c121403b328{ip: 192.168.69.118, host: pr-hdds1643-t2fz7-3136866267, networkLocation: /default-rack, certSerialId: null} reports an CLOSED replica.
2019-10-23 12:22:18,499 [EventQueue-ContainerReportForContainerReportHandler] WARN  container.ContainerReportHandler (AbstractContainerReportHandler.java:updateContainerState(145)) - Container #1 is in OPEN state, but the datanode 43cb0e13-5597-452b-a8b1-af00d0a4a497{ip: 192.168.69.118, host: pr-hdds1643-t2fz7-3136866267, networkLocation: /default-rack, certSerialId: null} reports an CLOSED replica.
2019-10-23 12:22:18,699 [EventQueue-ContainerReportForContainerReportHandler] WARN  container.ContainerReportHandler (AbstractContainerReportHandler.java:updateContainerState(145)) - Container #1 is in OPEN state, but the datanode 43cb0e13-5597-452b-a8b1-af00d0a4a497{ip: 192.168.69.118, host: pr-hdds1643-t2fz7-3136866267, networkLocation: /default-rack, certSerialId: null} reports an CLOSED replica.
2019-10-23 12:22:18,702 [EventQueue-ContainerReportForContainerReportHandler] WARN  container.ContainerReportHandler (AbstractContainerReportHandler.java:updateContainerState(145)) - Container #1 is in OPEN state, but the datanode 9d2a2146-2c04-423d-8f96-3c121403b328{ip: 192.168.69.118, host: pr-hdds1643-t2fz7-3136866267, networkLocation: /default-rack, certSerialId: null} reports an CLOSED replica.
2019-10-23 12:22:18,808 [BlockDeletingService#2] WARN  background.BlockDeletingService (BlockDeletingService.java:isDeletionAllowed(187)) - Close Container log Index 6 is not replicated across allthe servers in the pipeline c0e4f3a0-4d63-43fc-af6c-40390d33441a as the min replicated index is 4. Deletion is not allowed in this container yet.
2019-10-23 12:22:18,809 [BlockDeletingService#6] WARN  background.BlockDeletingService (BlockDeletingService.java:isDeletionAllowed(187)) - Close Container log Index 6 is not replicated across allthe servers in the pipeline c0e4f3a0-4d63-43fc-af6c-40390d33441a as the min replicated index is 4. Deletion is not allowed in this container yet.
2019-10-23 12:22:19,002 [EventQueue-ContainerReportForContainerReportHandler] WARN  container.ContainerReportHandler (AbstractContainerReportHandler.java:updateContainerState(145)) - Container #1 is in OPEN state, but the datanode 9d2a2146-2c04-423d-8f96-3c121403b328{ip: 192.168.69.118, host: pr-hdds1643-t2fz7-3136866267, networkLocation: /default-rack, certSerialId: null} reports an CLOSED replica.
2019-10-23 12:22:19,099 [EventQueue-ContainerReportForContainerReportHandler] WARN  container.ContainerReportHandler (AbstractContainerReportHandler.java:updateContainerState(145)) - Container #1 is in OPEN state, but the datanode 43cb0e13-5597-452b-a8b1-af00d0a4a497{ip: 192.168.69.118, host: pr-hdds1643-t2fz7-3136866267, networkLocation: /default-rack, certSerialId: null} reports an CLOSED replica.
2019-10-23 12:22:19,144 [java.util.concurrent.ThreadPoolExecutor$Worker@16be38ad[State = -1, empty queue]] WARN  server.GrpcLogAppender (GrpcLogAppender.java:timeoutAppendRequest(209)) - 43cb0e13-5597-452b-a8b1-af00d0a4a497@group-40390D33441A->04710d3b-08a7-4a70-b69f-f772706c6105-GrpcLogAppender: appendEntries Timeout, request=43cb0e13-5597-452b-a8b1-af00d0a4a497->04710d3b-08a7-4a70-b69f-f772706c6105#28-t3, previous=(t:3, i:10), leaderCommit=10, initializing? false, entries: <empty>
2019-10-23 12:22:19,302 [EventQueue-ContainerReportForContainerReportHandler] WARN  container.ContainerReportHandler (AbstractContainerReportHandler.java:updateContainerState(145)) - Container #1 is in OPEN state, but the datanode 9d2a2146-2c04-423d-8f96-3c121403b328{ip: 192.168.69.118, host: pr-hdds1643-t2fz7-3136866267, networkLocation: /default-rack, certSerialId: null} reports an CLOSED replica.
2019-10-23 12:22:19,500 [EventQueue-ContainerReportForContainerReportHandler] WARN  container.ContainerReportHandler (AbstractContainerReportHandler.java:updateContainerState(145)) - Container #1 is in OPEN state, but the datanode 43cb0e13-5597-452b-a8b1-af00d0a4a497{ip: 192.168.69.118, host: pr-hdds1643-t2fz7-3136866267, networkLocation: /default-rack, certSerialId: null} reports an CLOSED replica.
2019-10-23 12:22:19,603 [EventQueue-ContainerReportForContainerReportHandler] WARN  container.ContainerReportHandler (AbstractContainerReportHandler.java:updateContainerState(145)) - Container #1 is in OPEN state, but the datanode 9d2a2146-2c04-423d-8f96-3c121403b328{ip: 192.168.69.118, host: pr-hdds1643-t2fz7-3136866267, networkLocation: /default-rack, certSerialId: null} reports an CLOSED replica.
2019-10-23 12:22:19,700 [EventQueue-ContainerReportForContainerReportHandler] WARN  container.ContainerReportHandler (AbstractContainerReportHandler.java:updateContainerState(145)) - Container #1 is in OPEN state, but the datanode 43cb0e13-5597-452b-a8b1-af00d0a4a497{ip: 192.168.69.118, host: pr-hdds1643-t2fz7-3136866267, networkLocation: /default-rack, certSerialId: null} reports an CLOSED replica.
2019-10-23 12:22:19,811 [BlockDeletingService#2] WARN  background.BlockDeletingService (BlockDeletingService.java:isDeletionAllowed(187)) - Close Container log Index 6 is not replicated across allthe servers in the pipeline c0e4f3a0-4d63-43fc-af6c-40390d33441a as the min replicated index is 4. Deletion is not allowed in this container yet.
2019-10-23 12:22:19,811 [BlockDeletingService#6] WARN  background.BlockDeletingService (BlockDeletingService.java:isDeletionAllowed(187)) - Close Container log Index 6 is not replicated across allthe servers in the pipeline c0e4f3a0-4d63-43fc-af6c-40390d33441a as the min replicated index is 4. Deletion is not allowed in this container yet.
2019-10-23 12:22:20,000 [EventQueue-ContainerReportForContainerReportHandler] WARN  container.ContainerReportHandler (AbstractContainerReportHandler.java:updateContainerState(145)) - Container #1 is in OPEN state, but the datanode 43cb0e13-5597-452b-a8b1-af00d0a4a497{ip: 192.168.69.118, host: pr-hdds1643-t2fz7-3136866267, networkLocation: /default-rack, certSerialId: null} reports an CLOSED replica.
2019-10-23 12:22:20,003 [EventQueue-ContainerReportForContainerReportHandler] WARN  container.ContainerReportHandler (AbstractContainerReportHandler.java:updateContainerState(145)) - Container #1 is in OPEN state, but the datanode 9d2a2146-2c04-423d-8f96-3c121403b328{ip: 192.168.69.118, host: pr-hdds1643-t2fz7-3136866267, networkLocation: /default-rack, certSerialId: null} reports an CLOSED replica.
2019-10-23 12:22:20,300 [EventQueue-ContainerReportForContainerReportHandler] WARN  container.ContainerReportHandler (AbstractContainerReportHandler.java:updateContainerState(145)) - Container #1 is in OPEN state, but the datanode 43cb0e13-5597-452b-a8b1-af00d0a4a497{ip: 192.168.69.118, host: pr-hdds1643-t2fz7-3136866267, networkLocation: /default-rack, certSerialId: null} reports an CLOSED replica.
2019-10-23 12:22:20,304 [EventQueue-ContainerReportForContainerReportHandler] WARN  container.ContainerReportHandler (AbstractContainerReportHandler.java:updateContainerState(145)) - Container #1 is in OPEN state, but the datanode 9d2a2146-2c04-423d-8f96-3c121403b328{ip: 192.168.69.118, host: pr-hdds1643-t2fz7-3136866267, networkLocation: /default-rack, certSerialId: null} reports an CLOSED replica.
2019-10-23 12:22:20,602 [EventQueue-ContainerReportForContainerReportHandler] WARN  container.ContainerReportHandler (AbstractContainerReportHandler.java:updateContainerState(145)) - Container #1 is in OPEN state, but the datanode 43cb0e13-5597-452b-a8b1-af00d0a4a497{ip: 192.168.69.118, host: pr-hdds1643-t2fz7-3136866267, networkLocation: /default-rack, certSerialId: null} reports an CLOSED replica.
2019-10-23 12:22:20,704 [EventQueue-ContainerReportForContainerReportHandler] WARN  container.ContainerReportHandler (AbstractContainerReportHandler.java:updateContainerState(145)) - Container #1 is in OPEN state, but the datanode 9d2a2146-2c04-423d-8f96-3c121403b328{ip: 192.168.69.118, host: pr-hdds1643-t2fz7-3136866267, networkLocation: /default-rack, certSerialId: null} reports an CLOSED replica.
2019-10-23 12:22:20,812 [BlockDeletingService#6] WARN  background.BlockDeletingService (BlockDeletingService.java:isDeletionAllowed(187)) - Close Container log Index 6 is not replicated across allthe servers in the pipeline c0e4f3a0-4d63-43fc-af6c-40390d33441a as the min replicated index is 4. Deletion is not allowed in this container yet.
2019-10-23 12:22:20,812 [BlockDeletingService#2] WARN  background.BlockDeletingService (BlockDeletingService.java:isDeletionAllowed(187)) - Close Container log Index 6 is not replicated across allthe servers in the pipeline c0e4f3a0-4d63-43fc-af6c-40390d33441a as the min replicated index is 4. Deletion is not allowed in this container yet.
2019-10-23 12:22:20,902 [EventQueue-ContainerReportForContainerReportHandler] WARN  container.ContainerReportHandler (AbstractContainerReportHandler.java:updateContainerState(145)) - Container #1 is in OPEN state, but the datanode 43cb0e13-5597-452b-a8b1-af00d0a4a497{ip: 192.168.69.118, host: pr-hdds1643-t2fz7-3136866267, networkLocation: /default-rack, certSerialId: null} reports an CLOSED replica.
2019-10-23 12:22:21,004 [EventQueue-ContainerReportForContainerReportHandler] WARN  container.ContainerReportHandler (AbstractContainerReportHandler.java:updateContainerState(145)) - Container #1 is in OPEN state, but the datanode 9d2a2146-2c04-423d-8f96-3c121403b328{ip: 192.168.69.118, host: pr-hdds1643-t2fz7-3136866267, networkLocation: /default-rack, certSerialId: null} reports an CLOSED replica.
2019-10-23 12:22:21,202 [EventQueue-ContainerReportForContainerReportHandler] WARN  container.ContainerReportHandler (AbstractContainerReportHandler.java:updateContainerState(145)) - Container #1 is in OPEN state, but the datanode 43cb0e13-5597-452b-a8b1-af00d0a4a497{ip: 192.168.69.118, host: pr-hdds1643-t2fz7-3136866267, networkLocation: /default-rack, certSerialId: null} reports an CLOSED replica.
2019-10-23 12:22:21,304 [EventQueue-ContainerReportForContainerReportHandler] WARN  container.ContainerReportHandler (AbstractContainerReportHandler.java:updateContainerState(145)) - Container #1 is in OPEN state, but the datanode 9d2a2146-2c04-423d-8f96-3c121403b328{ip: 192.168.69.118, host: pr-hdds1643-t2fz7-3136866267, networkLocation: /default-rack, certSerialId: null} reports an CLOSED replica.
2019-10-23 12:22:21,402 [EventQueue-ContainerReportForContainerReportHandler] WARN  container.ContainerReportHandler (AbstractContainerReportHandler.java:updateContainerState(145)) - Container #1 is in OPEN state, but the datanode 43cb0e13-5597-452b-a8b1-af00d0a4a497{ip: 192.168.69.118, host: pr-hdds1643-t2fz7-3136866267, networkLocation: /default-rack, certSerialId: null} reports an CLOSED replica.
2019-10-23 12:22:21,605 [EventQueue-ContainerReportForContainerReportHandler] WARN  container.ContainerReportHandler (AbstractContainerReportHandler.java:updateContainerState(145)) - Container #1 is in OPEN state, but the datanode 9d2a2146-2c04-423d-8f96-3c121403b328{ip: 192.168.69.118, host: pr-hdds1643-t2fz7-3136866267, networkLocation: /default-rack, certSerialId: null} reports an CLOSED replica.
2019-10-23 12:22:21,644 [java.util.concurrent.ThreadPoolExecutor$Worker@16be38ad[State = -1, empty queue]] WARN  server.GrpcLogAppender (GrpcLogAppender.java:timeoutAppendRequest(209)) - 43cb0e13-5597-452b-a8b1-af00d0a4a497@group-40390D33441A->04710d3b-08a7-4a70-b69f-f772706c6105-GrpcLogAppender: appendEntries Timeout, request=43cb0e13-5597-452b-a8b1-af00d0a4a497->04710d3b-08a7-4a70-b69f-f772706c6105#29-t3, previous=(t:3, i:10), leaderCommit=10, initializing? false, entries: <empty>
2019-10-23 12:22:21,802 [EventQueue-ContainerReportForContainerReportHandler] WARN  container.ContainerReportHandler (AbstractContainerReportHandler.java:updateContainerState(145)) - Container #1 is in OPEN state, but the datanode 43cb0e13-5597-452b-a8b1-af00d0a4a497{ip: 192.168.69.118, host: pr-hdds1643-t2fz7-3136866267, networkLocation: /default-rack, certSerialId: null} reports an CLOSED replica.
2019-10-23 12:22:21,805 [EventQueue-ContainerReportForContainerReportHandler] WARN  container.ContainerReportHandler (AbstractContainerReportHandler.java:updateContainerState(145)) - Container #1 is in OPEN state, but the datanode 9d2a2146-2c04-423d-8f96-3c121403b328{ip: 192.168.69.118, host: pr-hdds1643-t2fz7-3136866267, networkLocation: /default-rack, certSerialId: null} reports an CLOSED replica.
2019-10-23 12:22:21,814 [BlockDeletingService#2] WARN  background.BlockDeletingService (BlockDeletingService.java:isDeletionAllowed(187)) - Close Container log Index 6 is not replicated across allthe servers in the pipeline c0e4f3a0-4d63-43fc-af6c-40390d33441a as the min replicated index is 4. Deletion is not allowed in this container yet.
2019-10-23 12:22:21,814 [BlockDeletingService#6] WARN  background.BlockDeletingService (BlockDeletingService.java:isDeletionAllowed(187)) - Close Container log Index 6 is not replicated across allthe servers in the pipeline c0e4f3a0-4d63-43fc-af6c-40390d33441a as the min replicated index is 4. Deletion is not allowed in this container yet.
2019-10-23 12:22:22,105 [EventQueue-ContainerReportForContainerReportHandler] WARN  container.ContainerReportHandler (AbstractContainerReportHandler.java:updateContainerState(145)) - Container #1 is in OPEN state, but the datanode 9d2a2146-2c04-423d-8f96-3c121403b328{ip: 192.168.69.118, host: pr-hdds1643-t2fz7-3136866267, networkLocation: /default-rack, certSerialId: null} reports an CLOSED replica.
2019-10-23 12:22:22,202 [EventQueue-ContainerReportForContainerReportHandler] WARN  container.ContainerReportHandler (AbstractContainerReportHandler.java:updateContainerState(145)) - Container #1 is in OPEN state, but the datanode 43cb0e13-5597-452b-a8b1-af00d0a4a497{ip: 192.168.69.118, host: pr-hdds1643-t2fz7-3136866267, networkLocation: /default-rack, certSerialId: null} reports an CLOSED replica.
2019-10-23 12:22:22,305 [EventQueue-ContainerReportForContainerReportHandler] WARN  container.ContainerReportHandler (AbstractContainerReportHandler.java:updateContainerState(145)) - Container #1 is in OPEN state, but the datanode 9d2a2146-2c04-423d-8f96-3c121403b328{ip: 192.168.69.118, host: pr-hdds1643-t2fz7-3136866267, networkLocation: /default-rack, certSerialId: null} reports an CLOSED replica.
2019-10-23 12:22:22,503 [EventQueue-ContainerReportForContainerReportHandler] WARN  container.ContainerReportHandler (AbstractContainerReportHandler.java:updateContainerState(145)) - Container #1 is in OPEN state, but the datanode 43cb0e13-5597-452b-a8b1-af00d0a4a497{ip: 192.168.69.118, host: pr-hdds1643-t2fz7-3136866267, networkLocation: /default-rack, certSerialId: null} reports an CLOSED replica.
2019-10-23 12:22:22,605 [EventQueue-ContainerReportForContainerReportHandler] WARN  container.ContainerReportHandler (AbstractContainerReportHandler.java:updateContainerState(145)) - Container #1 is in OPEN state, but the datanode 9d2a2146-2c04-423d-8f96-3c121403b328{ip: 192.168.69.118, host: pr-hdds1643-t2fz7-3136866267, networkLocation: /default-rack, certSerialId: null} reports an CLOSED replica.
2019-10-23 12:22:22,815 [BlockDeletingService#2] WARN  background.BlockDeletingService (BlockDeletingService.java:isDeletionAllowed(187)) - Close Container log Index 6 is not replicated across allthe servers in the pipeline c0e4f3a0-4d63-43fc-af6c-40390d33441a as the min replicated index is 4. Deletion is not allowed in this container yet.
2019-10-23 12:22:22,815 [BlockDeletingService#6] WARN  background.BlockDeletingService (BlockDeletingService.java:isDeletionAllowed(187)) - Close Container log Index 6 is not replicated across allthe servers in the pipeline c0e4f3a0-4d63-43fc-af6c-40390d33441a as the min replicated index is 4. Deletion is not allowed in this container yet.
2019-10-23 12:22:22,902 [EventQueue-ContainerReportForContainerReportHandler] WARN  container.ContainerReportHandler (AbstractContainerReportHandler.java:updateContainerState(145)) - Container #1 is in OPEN state, but the datanode 43cb0e13-5597-452b-a8b1-af00d0a4a497{ip: 192.168.69.118, host: pr-hdds1643-t2fz7-3136866267, networkLocation: /default-rack, certSerialId: null} reports an CLOSED replica.
2019-10-23 12:22:23,006 [EventQueue-ContainerReportForContainerReportHandler] WARN  container.ContainerReportHandler (AbstractContainerReportHandler.java:updateContainerState(145)) - Container #1 is in OPEN state, but the datanode 9d2a2146-2c04-423d-8f96-3c121403b328{ip: 192.168.69.118, host: pr-hdds1643-t2fz7-3136866267, networkLocation: /default-rack, certSerialId: null} reports an CLOSED replica.
2019-10-23 12:22:23,204 [EventQueue-ContainerReportForContainerReportHandler] WARN  container.ContainerReportHandler (AbstractContainerReportHandler.java:updateContainerState(145)) - Container #1 is in OPEN state, but the datanode 43cb0e13-5597-452b-a8b1-af00d0a4a497{ip: 192.168.69.118, host: pr-hdds1643-t2fz7-3136866267, networkLocation: /default-rack, certSerialId: null} reports an CLOSED replica.
2019-10-23 12:22:23,307 [EventQueue-ContainerReportForContainerReportHandler] WARN  container.ContainerReportHandler (AbstractContainerReportHandler.java:updateContainerState(145)) - Container #1 is in OPEN state, but the datanode 9d2a2146-2c04-423d-8f96-3c121403b328{ip: 192.168.69.118, host: pr-hdds1643-t2fz7-3136866267, networkLocation: /default-rack, certSerialId: null} reports an CLOSED replica.
2019-10-23 12:22:23,503 [EventQueue-ContainerReportForContainerReportHandler] WARN  container.ContainerReportHandler (AbstractContainerReportHandler.java:updateContainerState(145)) - Container #1 is in OPEN state, but the datanode 43cb0e13-5597-452b-a8b1-af00d0a4a497{ip: 192.168.69.118, host: pr-hdds1643-t2fz7-3136866267, networkLocation: /default-rack, certSerialId: null} reports an CLOSED replica.
2019-10-23 12:22:23,609 [EventQueue-ContainerReportForContainerReportHandler] WARN  container.ContainerReportHandler (AbstractContainerReportHandler.java:updateContainerState(145)) - Container #1 is in OPEN state, but the datanode 9d2a2146-2c04-423d-8f96-3c121403b328{ip: 192.168.69.118, host: pr-hdds1643-t2fz7-3136866267, networkLocation: /default-rack, certSerialId: null} reports an CLOSED replica.
2019-10-23 12:22:23,803 [EventQueue-ContainerReportForContainerReportHandler] WARN  container.ContainerReportHandler (AbstractContainerReportHandler.java:updateContainerState(145)) - Container #1 is in OPEN state, but the datanode 43cb0e13-5597-452b-a8b1-af00d0a4a497{ip: 192.168.69.118, host: pr-hdds1643-t2fz7-3136866267, networkLocation: /default-rack, certSerialId: null} reports an CLOSED replica.
2019-10-23 12:22:23,816 [BlockDeletingService#2] WARN  background.BlockDeletingService (BlockDeletingService.java:isDeletionAllowed(187)) - Close Container log Index 6 is not replicated across allthe servers in the pipeline c0e4f3a0-4d63-43fc-af6c-40390d33441a as the min replicated index is 4. Deletion is not allowed in this container yet.
2019-10-23 12:22:23,816 [BlockDeletingService#6] WARN  background.BlockDeletingService (BlockDeletingService.java:isDeletionAllowed(187)) - Close Container log Index 6 is not replicated across allthe servers in the pipeline c0e4f3a0-4d63-43fc-af6c-40390d33441a as the min replicated index is 4. Deletion is not allowed in this container yet.
2019-10-23 12:22:24,008 [EventQueue-ContainerReportForContainerReportHandler] WARN  container.ContainerReportHandler (AbstractContainerReportHandler.java:updateContainerState(145)) - Container #1 is in OPEN state, but the datanode 9d2a2146-2c04-423d-8f96-3c121403b328{ip: 192.168.69.118, host: pr-hdds1643-t2fz7-3136866267, networkLocation: /default-rack, certSerialId: null} reports an CLOSED replica.
2019-10-23 12:22:24,103 [EventQueue-ContainerReportForContainerReportHandler] WARN  container.ContainerReportHandler (AbstractContainerReportHandler.java:updateContainerState(145)) - Container #1 is in OPEN state, but the datanode 43cb0e13-5597-452b-a8b1-af00d0a4a497{ip: 192.168.69.118, host: pr-hdds1643-t2fz7-3136866267, networkLocation: /default-rack, certSerialId: null} reports an CLOSED replica.
2019-10-23 12:22:24,145 [java.util.concurrent.ThreadPoolExecutor$Worker@16be38ad[State = -1, empty queue]] WARN  server.GrpcLogAppender (GrpcLogAppender.java:timeoutAppendRequest(209)) - 43cb0e13-5597-452b-a8b1-af00d0a4a497@group-40390D33441A->04710d3b-08a7-4a70-b69f-f772706c6105-GrpcLogAppender: appendEntries Timeout, request=43cb0e13-5597-452b-a8b1-af00d0a4a497->04710d3b-08a7-4a70-b69f-f772706c6105#30-t3, previous=(t:3, i:10), leaderCommit=10, initializing? false, entries: <empty>
2019-10-23 12:22:24,304 [EventQueue-ContainerReportForContainerReportHandler] WARN  container.ContainerReportHandler (AbstractContainerReportHandler.java:updateContainerState(145)) - Container #1 is in OPEN state, but the datanode 43cb0e13-5597-452b-a8b1-af00d0a4a497{ip: 192.168.69.118, host: pr-hdds1643-t2fz7-3136866267, networkLocation: /default-rack, certSerialId: null} reports an CLOSED replica.
2019-10-23 12:22:24,308 [EventQueue-ContainerReportForContainerReportHandler] WARN  container.ContainerReportHandler (AbstractContainerReportHandler.java:updateContainerState(145)) - Container #1 is in OPEN state, but the datanode 9d2a2146-2c04-423d-8f96-3c121403b328{ip: 192.168.69.118, host: pr-hdds1643-t2fz7-3136866267, networkLocation: /default-rack, certSerialId: null} reports an CLOSED replica.
2019-10-23 12:22:24,508 [EventQueue-ContainerReportForContainerReportHandler] WARN  container.ContainerReportHandler (AbstractContainerReportHandler.java:updateContainerState(145)) - Container #1 is in OPEN state, but the datanode 9d2a2146-2c04-423d-8f96-3c121403b328{ip: 192.168.69.118, host: pr-hdds1643-t2fz7-3136866267, networkLocation: /default-rack, certSerialId: null} reports an CLOSED replica.
2019-10-23 12:22:24,605 [EventQueue-ContainerReportForContainerReportHandler] WARN  container.ContainerReportHandler (AbstractContainerReportHandler.java:updateContainerState(145)) - Container #1 is in OPEN state, but the datanode 43cb0e13-5597-452b-a8b1-af00d0a4a497{ip: 192.168.69.118, host: pr-hdds1643-t2fz7-3136866267, networkLocation: /default-rack, certSerialId: null} reports an CLOSED replica.
2019-10-23 12:22:24,809 [EventQueue-ContainerReportForContainerReportHandler] WARN  container.ContainerReportHandler (AbstractContainerReportHandler.java:updateContainerState(145)) - Container #1 is in OPEN state, but the datanode 9d2a2146-2c04-423d-8f96-3c121403b328{ip: 192.168.69.118, host: pr-hdds1643-t2fz7-3136866267, networkLocation: /default-rack, certSerialId: null} reports an CLOSED replica.
2019-10-23 12:22:24,817 [BlockDeletingService#2] WARN  background.BlockDeletingService (BlockDeletingService.java:isDeletionAllowed(187)) - Close Container log Index 6 is not replicated across allthe servers in the pipeline c0e4f3a0-4d63-43fc-af6c-40390d33441a as the min replicated index is 4. Deletion is not allowed in this container yet.
2019-10-23 12:22:24,818 [BlockDeletingService#6] WARN  background.BlockDeletingService (BlockDeletingService.java:isDeletionAllowed(187)) - Close Container log Index 6 is not replicated across allthe servers in the pipeline c0e4f3a0-4d63-43fc-af6c-40390d33441a as the min replicated index is 4. Deletion is not allowed in this container yet.
2019-10-23 12:22:24,905 [EventQueue-ContainerReportForContainerReportHandler] WARN  container.ContainerReportHandler (AbstractContainerReportHandler.java:updateContainerState(145)) - Container #1 is in OPEN state, but the datanode 43cb0e13-5597-452b-a8b1-af00d0a4a497{ip: 192.168.69.118, host: pr-hdds1643-t2fz7-3136866267, networkLocation: /default-rack, certSerialId: null} reports an CLOSED replica.
2019-10-23 12:22:25,108 [EventQueue-ContainerReportForContainerReportHandler] WARN  container.ContainerReportHandler (AbstractContainerReportHandler.java:updateContainerState(145)) - Container #1 is in OPEN state, but the datanode 9d2a2146-2c04-423d-8f96-3c121403b328{ip: 192.168.69.118, host: pr-hdds1643-t2fz7-3136866267, networkLocation: /default-rack, certSerialId: null} reports an CLOSED replica.
2019-10-23 12:22:25,306 [EventQueue-ContainerReportForContainerReportHandler] WARN  container.ContainerReportHandler (AbstractContainerReportHandler.java:updateContainerState(145)) - Container #1 is in OPEN state, but the datanode 43cb0e13-5597-452b-a8b1-af00d0a4a497{ip: 192.168.69.118, host: pr-hdds1643-t2fz7-3136866267, networkLocation: /default-rack, certSerialId: null} reports an CLOSED replica.
2019-10-23 12:22:25,409 [EventQueue-ContainerReportForContainerReportHandler] WARN  container.ContainerReportHandler (AbstractContainerReportHandler.java:updateContainerState(145)) - Container #1 is in OPEN state, but the datanode 9d2a2146-2c04-423d-8f96-3c121403b328{ip: 192.168.69.118, host: pr-hdds1643-t2fz7-3136866267, networkLocation: /default-rack, certSerialId: null} reports an CLOSED replica.
2019-10-23 12:22:25,606 [EventQueue-ContainerReportForContainerReportHandler] WARN  container.ContainerReportHandler (AbstractContainerReportHandler.java:updateContainerState(145)) - Container #1 is in OPEN state, but the datanode 43cb0e13-5597-452b-a8b1-af00d0a4a497{ip: 192.168.69.118, host: pr-hdds1643-t2fz7-3136866267, networkLocation: /default-rack, certSerialId: null} reports an CLOSED replica.
2019-10-23 12:22:25,708 [EventQueue-ContainerReportForContainerReportHandler] WARN  container.ContainerReportHandler (AbstractContainerReportHandler.java:updateContainerState(145)) - Container #1 is in OPEN state, but the datanode 9d2a2146-2c04-423d-8f96-3c121403b328{ip: 192.168.69.118, host: pr-hdds1643-t2fz7-3136866267, networkLocation: /default-rack, certSerialId: null} reports an CLOSED replica.
2019-10-23 12:22:25,819 [BlockDeletingService#2] WARN  background.BlockDeletingService (BlockDeletingService.java:isDeletionAllowed(187)) - Close Container log Index 6 is not replicated across allthe servers in the pipeline c0e4f3a0-4d63-43fc-af6c-40390d33441a as the min replicated index is 4. Deletion is not allowed in this container yet.
2019-10-23 12:22:25,819 [BlockDeletingService#6] WARN  background.BlockDeletingService (BlockDeletingService.java:isDeletionAllowed(187)) - Close Container log Index 6 is not replicated across allthe servers in the pipeline c0e4f3a0-4d63-43fc-af6c-40390d33441a as the min replicated index is 4. Deletion is not allowed in this container yet.
2019-10-23 12:22:25,906 [EventQueue-ContainerReportForContainerReportHandler] WARN  container.ContainerReportHandler (AbstractContainerReportHandler.java:updateContainerState(145)) - Container #1 is in OPEN state, but the datanode 43cb0e13-5597-452b-a8b1-af00d0a4a497{ip: 192.168.69.118, host: pr-hdds1643-t2fz7-3136866267, networkLocation: /default-rack, certSerialId: null} reports an CLOSED replica.
2019-10-23 12:22:25,909 [EventQueue-ContainerReportForContainerReportHandler] WARN  container.ContainerReportHandler (AbstractContainerReportHandler.java:updateContainerState(145)) - Container #1 is in OPEN state, but the datanode 9d2a2146-2c04-423d-8f96-3c121403b328{ip: 192.168.69.118, host: pr-hdds1643-t2fz7-3136866267, networkLocation: /default-rack, certSerialId: null} reports an CLOSED replica.
2019-10-23 12:22:26,206 [EventQueue-ContainerReportForContainerReportHandler] WARN  container.ContainerReportHandler (AbstractContainerReportHandler.java:updateContainerState(145)) - Container #1 is in OPEN state, but the datanode 43cb0e13-5597-452b-a8b1-af00d0a4a497{ip: 192.168.69.118, host: pr-hdds1643-t2fz7-3136866267, networkLocation: /default-rack, certSerialId: null} reports an CLOSED replica.
2019-10-23 12:22:26,310 [EventQueue-ContainerReportForContainerReportHandler] WARN  container.ContainerReportHandler (AbstractContainerReportHandler.java:updateContainerState(145)) - Container #1 is in OPEN state, but the datanode 9d2a2146-2c04-423d-8f96-3c121403b328{ip: 192.168.69.118, host: pr-hdds1643-t2fz7-3136866267, networkLocation: /default-rack, certSerialId: null} reports an CLOSED replica.
2019-10-23 12:22:26,407 [EventQueue-ContainerReportForContainerReportHandler] WARN  container.ContainerReportHandler (AbstractContainerReportHandler.java:updateContainerState(145)) - Container #1 is in OPEN state, but the datanode 43cb0e13-5597-452b-a8b1-af00d0a4a497{ip: 192.168.69.118, host: pr-hdds1643-t2fz7-3136866267, networkLocation: /default-rack, certSerialId: null} reports an CLOSED replica.
2019-10-23 12:22:26,646 [java.util.concurrent.ThreadPoolExecutor$Worker@16be38ad[State = -1, empty queue]] WARN  server.GrpcLogAppender (GrpcLogAppender.java:timeoutAppendRequest(209)) - 43cb0e13-5597-452b-a8b1-af00d0a4a497@group-40390D33441A->04710d3b-08a7-4a70-b69f-f772706c6105-GrpcLogAppender: appendEntries Timeout, request=43cb0e13-5597-452b-a8b1-af00d0a4a497->04710d3b-08a7-4a70-b69f-f772706c6105#31-t3, previous=(t:3, i:10), leaderCommit=10, initializing? false, entries: <empty>
2019-10-23 12:22:26,710 [EventQueue-ContainerReportForContainerReportHandler] WARN  container.ContainerReportHandler (AbstractContainerReportHandler.java:updateContainerState(145)) - Container #1 is in OPEN state, but the datanode 9d2a2146-2c04-423d-8f96-3c121403b328{ip: 192.168.69.118, host: pr-hdds1643-t2fz7-3136866267, networkLocation: /default-rack, certSerialId: null} reports an CLOSED replica.
2019-10-23 12:22:26,808 [EventQueue-ContainerReportForContainerReportHandler] WARN  container.ContainerReportHandler (AbstractContainerReportHandler.java:updateContainerState(145)) - Container #1 is in OPEN state, but the datanode 43cb0e13-5597-452b-a8b1-af00d0a4a497{ip: 192.168.69.118, host: pr-hdds1643-t2fz7-3136866267, networkLocation: /default-rack, certSerialId: null} reports an CLOSED replica.
2019-10-23 12:22:26,821 [BlockDeletingService#6] WARN  background.BlockDeletingService (BlockDeletingService.java:isDeletionAllowed(187)) - Close Container log Index 6 is not replicated across allthe servers in the pipeline c0e4f3a0-4d63-43fc-af6c-40390d33441a as the min replicated index is 4. Deletion is not allowed in this container yet.
2019-10-23 12:22:26,821 [BlockDeletingService#2] WARN  background.BlockDeletingService (BlockDeletingService.java:isDeletionAllowed(187)) - Close Container log Index 6 is not replicated across allthe servers in the pipeline c0e4f3a0-4d63-43fc-af6c-40390d33441a as the min replicated index is 4. Deletion is not allowed in this container yet.
2019-10-23 12:22:27,010 [EventQueue-ContainerReportForContainerReportHandler] WARN  container.ContainerReportHandler (AbstractContainerReportHandler.java:updateContainerState(145)) - Container #1 is in OPEN state, but the datanode 9d2a2146-2c04-423d-8f96-3c121403b328{ip: 192.168.69.118, host: pr-hdds1643-t2fz7-3136866267, networkLocation: /default-rack, certSerialId: null} reports an CLOSED replica.
2019-10-23 12:22:27,108 [EventQueue-ContainerReportForContainerReportHandler] WARN  container.ContainerReportHandler (AbstractContainerReportHandler.java:updateContainerState(145)) - Container #1 is in OPEN state, but the datanode 43cb0e13-5597-452b-a8b1-af00d0a4a497{ip: 192.168.69.118, host: pr-hdds1643-t2fz7-3136866267, networkLocation: /default-rack, certSerialId: null} reports an CLOSED replica.
2019-10-23 12:22:27,311 [EventQueue-ContainerReportForContainerReportHandler] WARN  container.ContainerReportHandler (AbstractContainerReportHandler.java:updateContainerState(145)) - Container #1 is in OPEN state, but the datanode 9d2a2146-2c04-423d-8f96-3c121403b328{ip: 192.168.69.118, host: pr-hdds1643-t2fz7-3136866267, networkLocation: /default-rack, certSerialId: null} reports an CLOSED replica.
2019-10-23 12:22:27,408 [EventQueue-ContainerReportForContainerReportHandler] WARN  container.ContainerReportHandler (AbstractContainerReportHandler.java:updateContainerState(145)) - Container #1 is in OPEN state, but the datanode 43cb0e13-5597-452b-a8b1-af00d0a4a497{ip: 192.168.69.118, host: pr-hdds1643-t2fz7-3136866267, networkLocation: /default-rack, certSerialId: null} reports an CLOSED replica.
2019-10-23 12:22:27,613 [EventQueue-ContainerReportForContainerReportHandler] WARN  container.ContainerReportHandler (AbstractContainerReportHandler.java:updateContainerState(145)) - Container #1 is in OPEN state, but the datanode 9d2a2146-2c04-423d-8f96-3c121403b328{ip: 192.168.69.118, host: pr-hdds1643-t2fz7-3136866267, networkLocation: /default-rack, certSerialId: null} reports an CLOSED replica.
2019-10-23 12:22:27,708 [EventQueue-ContainerReportForContainerReportHandler] WARN  container.ContainerReportHandler (AbstractContainerReportHandler.java:updateContainerState(145)) - Container #1 is in OPEN state, but the datanode 43cb0e13-5597-452b-a8b1-af00d0a4a497{ip: 192.168.69.118, host: pr-hdds1643-t2fz7-3136866267, networkLocation: /default-rack, certSerialId: null} reports an CLOSED replica.
2019-10-23 12:22:27,742 [Thread-389] INFO  client.GrpcClientProtocolService (GrpcClientProtocolService.java:lambda$processClientRequest$0(278)) - Failed RaftClientRequest:client-F877F7AB4D5B->9d2a2146-2c04-423d-8f96-3c121403b328@group-40390D33441A, cid=10, seq=0, Watch-ALL_COMMITTED(6), Message:<EMPTY>, reply=RaftClientReply:client-F877F7AB4D5B->9d2a2146-2c04-423d-8f96-3c121403b328@group-40390D33441A, cid=10, FAILED org.apache.ratis.protocol.NotLeaderException: Server 9d2a2146-2c04-423d-8f96-3c121403b328@group-40390D33441A is not the leader 43cb0e13-5597-452b-a8b1-af00d0a4a497:192.168.69.118:45201, logIndex=0, commits[9d2a2146-2c04-423d-8f96-3c121403b328:c10, 04710d3b-08a7-4a70-b69f-f772706c6105:c4, 43cb0e13-5597-452b-a8b1-af00d0a4a497:c10]
2019-10-23 12:22:27,822 [BlockDeletingService#6] WARN  background.BlockDeletingService (BlockDeletingService.java:isDeletionAllowed(187)) - Close Container log Index 6 is not replicated across allthe servers in the pipeline c0e4f3a0-4d63-43fc-af6c-40390d33441a as the min replicated index is 4. Deletion is not allowed in this container yet.
2019-10-23 12:22:27,822 [BlockDeletingService#2] WARN  background.BlockDeletingService (BlockDeletingService.java:isDeletionAllowed(187)) - Close Container log Index 6 is not replicated across allthe servers in the pipeline c0e4f3a0-4d63-43fc-af6c-40390d33441a as the min replicated index is 4. Deletion is not allowed in this container yet.
2019-10-23 12:22:27,884 [Thread-394] INFO  client.GrpcClientProtocolService (GrpcClientProtocolService.java:lambda$processClientRequest$0(278)) - Failed RaftClientRequest:client-F877F7AB4D5B->43cb0e13-5597-452b-a8b1-af00d0a4a497@group-40390D33441A, cid=10, seq=0, Watch-ALL_COMMITTED(6), Message:<EMPTY>, reply=RaftClientReply:client-F877F7AB4D5B->43cb0e13-5597-452b-a8b1-af00d0a4a497@group-40390D33441A, cid=10, FAILED org.apache.ratis.protocol.NotReplicatedException: Request with call Id 10 and log index 6 is not yet replicated to ALL_COMMITTED, logIndex=6, commits[43cb0e13-5597-452b-a8b1-af00d0a4a497:c10, 9d2a2146-2c04-423d-8f96-3c121403b328:c10, 04710d3b-08a7-4a70-b69f-f772706c6105:c4]
2019-10-23 12:22:27,912 [EventQueue-ContainerReportForContainerReportHandler] WARN  container.ContainerReportHandler (AbstractContainerReportHandler.java:updateContainerState(145)) - Container #1 is in OPEN state, but the datanode 9d2a2146-2c04-423d-8f96-3c121403b328{ip: 192.168.69.118, host: pr-hdds1643-t2fz7-3136866267, networkLocation: /default-rack, certSerialId: null} reports an CLOSED replica.
2019-10-23 12:22:28,009 [EventQueue-ContainerReportForContainerReportHandler] WARN  container.ContainerReportHandler (AbstractContainerReportHandler.java:updateContainerState(145)) - Container #1 is in OPEN state, but the datanode 43cb0e13-5597-452b-a8b1-af00d0a4a497{ip: 192.168.69.118, host: pr-hdds1643-t2fz7-3136866267, networkLocation: /default-rack, certSerialId: null} reports an CLOSED replica.
2019-10-23 12:22:28,212 [EventQueue-ContainerReportForContainerReportHandler] WARN  container.ContainerReportHandler (AbstractContainerReportHandler.java:updateContainerState(145)) - Container #1 is in OPEN state, but the datanode 9d2a2146-2c04-423d-8f96-3c121403b328{ip: 192.168.69.118, host: pr-hdds1643-t2fz7-3136866267, networkLocation: /default-rack, certSerialId: null} reports an CLOSED replica.
2019-10-23 12:22:28,409 [EventQueue-ContainerReportForContainerReportHandler] WARN  container.ContainerReportHandler (AbstractContainerReportHandler.java:updateContainerState(145)) - Container #1 is in OPEN state, but the datanode 43cb0e13-5597-452b-a8b1-af00d0a4a497{ip: 192.168.69.118, host: pr-hdds1643-t2fz7-3136866267, networkLocation: /default-rack, certSerialId: null} reports an CLOSED replica.
2019-10-23 12:22:28,512 [EventQueue-ContainerReportForContainerReportHandler] WARN  container.ContainerReportHandler (AbstractContainerReportHandler.java:updateContainerState(145)) - Container #1 is in OPEN state, but the datanode 9d2a2146-2c04-423d-8f96-3c121403b328{ip: 192.168.69.118, host: pr-hdds1643-t2fz7-3136866267, networkLocation: /default-rack, certSerialId: null} reports an CLOSED replica.
2019-10-23 12:22:28,609 [EventQueue-ContainerReportForContainerReportHandler] WARN  container.ContainerReportHandler (AbstractContainerReportHandler.java:updateContainerState(145)) - Container #1 is in OPEN state, but the datanode 43cb0e13-5597-452b-a8b1-af00d0a4a497{ip: 192.168.69.118, host: pr-hdds1643-t2fz7-3136866267, networkLocation: /default-rack, certSerialId: null} reports an CLOSED replica.
2019-10-23 12:22:28,823 [BlockDeletingService#6] WARN  background.BlockDeletingService (BlockDeletingService.java:isDeletionAllowed(187)) - Close Container log Index 6 is not replicated across allthe servers in the pipeline c0e4f3a0-4d63-43fc-af6c-40390d33441a as the min replicated index is 4. Deletion is not allowed in this container yet.
2019-10-23 12:22:28,825 [BlockDeletingService#2] WARN  background.BlockDeletingService (BlockDeletingService.java:isDeletionAllowed(187)) - Close Container log Index 6 is not replicated across allthe servers in the pipeline c0e4f3a0-4d63-43fc-af6c-40390d33441a as the min replicated index is 4. Deletion is not allowed in this container yet.
2019-10-23 12:22:28,909 [EventQueue-ContainerReportForContainerReportHandler] WARN  container.ContainerReportHandler (AbstractContainerReportHandler.java:updateContainerState(145)) - Container #1 is in OPEN state, but the datanode 43cb0e13-5597-452b-a8b1-af00d0a4a497{ip: 192.168.69.118, host: pr-hdds1643-t2fz7-3136866267, networkLocation: /default-rack, certSerialId: null} reports an CLOSED replica.
2019-10-23 12:22:28,915 [EventQueue-ContainerReportForContainerReportHandler] WARN  container.ContainerReportHandler (AbstractContainerReportHandler.java:updateContainerState(145)) - Container #1 is in OPEN state, but the datanode 9d2a2146-2c04-423d-8f96-3c121403b328{ip: 192.168.69.118, host: pr-hdds1643-t2fz7-3136866267, networkLocation: /default-rack, certSerialId: null} reports an CLOSED replica.
2019-10-23 12:22:29,114 [EventQueue-ContainerReportForContainerReportHandler] WARN  container.ContainerReportHandler (AbstractContainerReportHandler.java:updateContainerState(145)) - Container #1 is in OPEN state, but the datanode 9d2a2146-2c04-423d-8f96-3c121403b328{ip: 192.168.69.118, host: pr-hdds1643-t2fz7-3136866267, networkLocation: /default-rack, certSerialId: null} reports an CLOSED replica.
2019-10-23 12:22:29,146 [java.util.concurrent.ThreadPoolExecutor$Worker@16be38ad[State = -1, empty queue]] WARN  server.GrpcLogAppender (GrpcLogAppender.java:timeoutAppendRequest(209)) - 43cb0e13-5597-452b-a8b1-af00d0a4a497@group-40390D33441A->04710d3b-08a7-4a70-b69f-f772706c6105-GrpcLogAppender: appendEntries Timeout, request=43cb0e13-5597-452b-a8b1-af00d0a4a497->04710d3b-08a7-4a70-b69f-f772706c6105#32-t3, previous=(t:3, i:10), leaderCommit=10, initializing? false, entries: <empty>
2019-10-23 12:22:29,309 [EventQueue-ContainerReportForContainerReportHandler] WARN  container.ContainerReportHandler (AbstractContainerReportHandler.java:updateContainerState(145)) - Container #1 is in OPEN state, but the datanode 43cb0e13-5597-452b-a8b1-af00d0a4a497{ip: 192.168.69.118, host: pr-hdds1643-t2fz7-3136866267, networkLocation: /default-rack, certSerialId: null} reports an CLOSED replica.
2019-10-23 12:22:29,414 [EventQueue-ContainerReportForContainerReportHandler] WARN  container.ContainerReportHandler (AbstractContainerReportHandler.java:updateContainerState(145)) - Container #1 is in OPEN state, but the datanode 9d2a2146-2c04-423d-8f96-3c121403b328{ip: 192.168.69.118, host: pr-hdds1643-t2fz7-3136866267, networkLocation: /default-rack, certSerialId: null} reports an CLOSED replica.
2019-10-23 12:22:29,609 [EventQueue-ContainerReportForContainerReportHandler] WARN  container.ContainerReportHandler (AbstractContainerReportHandler.java:updateContainerState(145)) - Container #1 is in OPEN state, but the datanode 43cb0e13-5597-452b-a8b1-af00d0a4a497{ip: 192.168.69.118, host: pr-hdds1643-t2fz7-3136866267, networkLocation: /default-rack, certSerialId: null} reports an CLOSED replica.
2019-10-23 12:22:29,714 [EventQueue-ContainerReportForContainerReportHandler] WARN  container.ContainerReportHandler (AbstractContainerReportHandler.java:updateContainerState(145)) - Container #1 is in OPEN state, but the datanode 9d2a2146-2c04-423d-8f96-3c121403b328{ip: 192.168.69.118, host: pr-hdds1643-t2fz7-3136866267, networkLocation: /default-rack, certSerialId: null} reports an CLOSED replica.
2019-10-23 12:22:29,827 [BlockDeletingService#6] WARN  background.BlockDeletingService (BlockDeletingService.java:isDeletionAllowed(187)) - Close Container log Index 6 is not replicated across allthe servers in the pipeline c0e4f3a0-4d63-43fc-af6c-40390d33441a as the min replicated index is 4. Deletion is not allowed in this container yet.
2019-10-23 12:22:29,827 [BlockDeletingService#2] WARN  background.BlockDeletingService (BlockDeletingService.java:isDeletionAllowed(187)) - Close Container log Index 6 is not replicated across allthe servers in the pipeline c0e4f3a0-4d63-43fc-af6c-40390d33441a as the min replicated index is 4. Deletion is not allowed in this container yet.
2019-10-23 12:22:29,908 [EventQueue-ContainerReportForContainerReportHandler] WARN  container.ContainerReportHandler (AbstractContainerReportHandler.java:updateContainerState(145)) - Container #1 is in OPEN state, but the datanode 43cb0e13-5597-452b-a8b1-af00d0a4a497{ip: 192.168.69.118, host: pr-hdds1643-t2fz7-3136866267, networkLocation: /default-rack, certSerialId: null} reports an CLOSED replica.
2019-10-23 12:22:30,016 [EventQueue-ContainerReportForContainerReportHandler] WARN  container.ContainerReportHandler (AbstractContainerReportHandler.java:updateContainerState(145)) - Container #1 is in OPEN state, but the datanode 9d2a2146-2c04-423d-8f96-3c121403b328{ip: 192.168.69.118, host: pr-hdds1643-t2fz7-3136866267, networkLocation: /default-rack, certSerialId: null} reports an CLOSED replica.
2019-10-23 12:22:30,209 [EventQueue-ContainerReportForContainerReportHandler] WARN  container.ContainerReportHandler (AbstractContainerReportHandler.java:updateContainerState(145)) - Container #1 is in OPEN state, but the datanode 43cb0e13-5597-452b-a8b1-af00d0a4a497{ip: 192.168.69.118, host: pr-hdds1643-t2fz7-3136866267, networkLocation: /default-rack, certSerialId: null} reports an CLOSED replica.
2019-10-23 12:22:30,315 [EventQueue-ContainerReportForContainerReportHandler] WARN  container.ContainerReportHandler (AbstractContainerReportHandler.java:updateContainerState(145)) - Container #1 is in OPEN state, but the datanode 9d2a2146-2c04-423d-8f96-3c121403b328{ip: 192.168.69.118, host: pr-hdds1643-t2fz7-3136866267, networkLocation: /default-rack, certSerialId: null} reports an CLOSED replica.
2019-10-23 12:22:30,510 [EventQueue-ContainerReportForContainerReportHandler] WARN  container.ContainerReportHandler (AbstractContainerReportHandler.java:updateContainerState(145)) - Container #1 is in OPEN state, but the datanode 43cb0e13-5597-452b-a8b1-af00d0a4a497{ip: 192.168.69.118, host: pr-hdds1643-t2fz7-3136866267, networkLocation: /default-rack, certSerialId: null} reports an CLOSED replica.
2019-10-23 12:22:30,710 [EventQueue-ContainerReportForContainerReportHandler] WARN  container.ContainerReportHandler (AbstractContainerReportHandler.java:updateContainerState(145)) - Container #1 is in OPEN state, but the datanode 43cb0e13-5597-452b-a8b1-af00d0a4a497{ip: 192.168.69.118, host: pr-hdds1643-t2fz7-3136866267, networkLocation: /default-rack, certSerialId: null} reports an CLOSED replica.
2019-10-23 12:22:30,716 [EventQueue-ContainerReportForContainerReportHandler] WARN  container.ContainerReportHandler (AbstractContainerReportHandler.java:updateContainerState(145)) - Container #1 is in OPEN state, but the datanode 9d2a2146-2c04-423d-8f96-3c121403b328{ip: 192.168.69.118, host: pr-hdds1643-t2fz7-3136866267, networkLocation: /default-rack, certSerialId: null} reports an CLOSED replica.
2019-10-23 12:22:30,830 [BlockDeletingService#2] WARN  background.BlockDeletingService (BlockDeletingService.java:isDeletionAllowed(187)) - Close Container log Index 6 is not replicated across allthe servers in the pipeline c0e4f3a0-4d63-43fc-af6c-40390d33441a as the min replicated index is 4. Deletion is not allowed in this container yet.
2019-10-23 12:22:30,830 [BlockDeletingService#6] WARN  background.BlockDeletingService (BlockDeletingService.java:isDeletionAllowed(187)) - Close Container log Index 6 is not replicated across allthe servers in the pipeline c0e4f3a0-4d63-43fc-af6c-40390d33441a as the min replicated index is 4. Deletion is not allowed in this container yet.
2019-10-23 12:22:31,009 [EventQueue-ContainerReportForContainerReportHandler] WARN  container.ContainerReportHandler (AbstractContainerReportHandler.java:updateContainerState(145)) - Container #1 is in OPEN state, but the datanode 43cb0e13-5597-452b-a8b1-af00d0a4a497{ip: 192.168.69.118, host: pr-hdds1643-t2fz7-3136866267, networkLocation: /default-rack, certSerialId: null} reports an CLOSED replica.
2019-10-23 12:22:31,016 [EventQueue-ContainerReportForContainerReportHandler] WARN  container.ContainerReportHandler (AbstractContainerReportHandler.java:updateContainerState(145)) - Container #1 is in OPEN state, but the datanode 9d2a2146-2c04-423d-8f96-3c121403b328{ip: 192.168.69.118, host: pr-hdds1643-t2fz7-3136866267, networkLocation: /default-rack, certSerialId: null} reports an CLOSED replica.
2019-10-23 12:22:31,216 [EventQueue-ContainerReportForContainerReportHandler] WARN  container.ContainerReportHandler (AbstractContainerReportHandler.java:updateContainerState(145)) - Container #1 is in OPEN state, but the datanode 9d2a2146-2c04-423d-8f96-3c121403b328{ip: 192.168.69.118, host: pr-hdds1643-t2fz7-3136866267, networkLocation: /default-rack, certSerialId: null} reports an CLOSED replica.
2019-10-23 12:22:31,309 [EventQueue-ContainerReportForContainerReportHandler] WARN  container.ContainerReportHandler (AbstractContainerReportHandler.java:updateContainerState(145)) - Container #1 is in OPEN state, but the datanode 43cb0e13-5597-452b-a8b1-af00d0a4a497{ip: 192.168.69.118, host: pr-hdds1643-t2fz7-3136866267, networkLocation: /default-rack, certSerialId: null} reports an CLOSED replica.
2019-10-23 12:22:31,509 [EventQueue-ContainerReportForContainerReportHandler] WARN  container.ContainerReportHandler (AbstractContainerReportHandler.java:updateContainerState(145)) - Container #1 is in OPEN state, but the datanode 43cb0e13-5597-452b-a8b1-af00d0a4a497{ip: 192.168.69.118, host: pr-hdds1643-t2fz7-3136866267, networkLocation: /default-rack, certSerialId: null} reports an CLOSED replica.
2019-10-23 12:22:31,616 [EventQueue-ContainerReportForContainerReportHandler] WARN  container.ContainerReportHandler (AbstractContainerReportHandler.java:updateContainerState(145)) - Container #1 is in OPEN state, but the datanode 9d2a2146-2c04-423d-8f96-3c121403b328{ip: 192.168.69.118, host: pr-hdds1643-t2fz7-3136866267, networkLocation: /default-rack, certSerialId: null} reports an CLOSED replica.
2019-10-23 12:22:31,647 [java.util.concurrent.ThreadPoolExecutor$Worker@16be38ad[State = -1, empty queue]] WARN  server.GrpcLogAppender (GrpcLogAppender.java:timeoutAppendRequest(209)) - 43cb0e13-5597-452b-a8b1-af00d0a4a497@group-40390D33441A->04710d3b-08a7-4a70-b69f-f772706c6105-GrpcLogAppender: appendEntries Timeout, request=43cb0e13-5597-452b-a8b1-af00d0a4a497->04710d3b-08a7-4a70-b69f-f772706c6105#33-t3, previous=(t:3, i:10), leaderCommit=10, initializing? false, entries: <empty>
2019-10-23 12:22:31,709 [EventQueue-ContainerReportForContainerReportHandler] WARN  container.ContainerReportHandler (AbstractContainerReportHandler.java:updateContainerState(145)) - Container #1 is in OPEN state, but the datanode 43cb0e13-5597-452b-a8b1-af00d0a4a497{ip: 192.168.69.118, host: pr-hdds1643-t2fz7-3136866267, networkLocation: /default-rack, certSerialId: null} reports an CLOSED replica.
2019-10-23 12:22:31,832 [BlockDeletingService#2] WARN  background.BlockDeletingService (BlockDeletingService.java:isDeletionAllowed(187)) - Close Container log Index 6 is not replicated across allthe servers in the pipeline c0e4f3a0-4d63-43fc-af6c-40390d33441a as the min replicated index is 4. Deletion is not allowed in this container yet.
2019-10-23 12:22:31,832 [BlockDeletingService#6] WARN  background.BlockDeletingService (BlockDeletingService.java:isDeletionAllowed(187)) - Close Container log Index 6 is not replicated across allthe servers in the pipeline c0e4f3a0-4d63-43fc-af6c-40390d33441a as the min replicated index is 4. Deletion is not allowed in this container yet.
2019-10-23 12:22:31,916 [EventQueue-ContainerReportForContainerReportHandler] WARN  container.ContainerReportHandler (AbstractContainerReportHandler.java:updateContainerState(145)) - Container #1 is in OPEN state, but the datanode 9d2a2146-2c04-423d-8f96-3c121403b328{ip: 192.168.69.118, host: pr-hdds1643-t2fz7-3136866267, networkLocation: /default-rack, certSerialId: null} reports an CLOSED replica.
2019-10-23 12:22:32,110 [EventQueue-ContainerReportForContainerReportHandler] WARN  container.ContainerReportHandler (AbstractContainerReportHandler.java:updateContainerState(145)) - Container #1 is in OPEN state, but the datanode 43cb0e13-5597-452b-a8b1-af00d0a4a497{ip: 192.168.69.118, host: pr-hdds1643-t2fz7-3136866267, networkLocation: /default-rack, certSerialId: null} reports an CLOSED replica.
2019-10-23 12:22:32,316 [EventQueue-ContainerReportForContainerReportHandler] WARN  container.ContainerReportHandler (AbstractContainerReportHandler.java:updateContainerState(145)) - Container #1 is in OPEN state, but the datanode 9d2a2146-2c04-423d-8f96-3c121403b328{ip: 192.168.69.118, host: pr-hdds1643-t2fz7-3136866267, networkLocation: /default-rack, certSerialId: null} reports an CLOSED replica.
2019-10-23 12:22:32,410 [EventQueue-ContainerReportForContainerReportHandler] WARN  container.ContainerReportHandler (AbstractContainerReportHandler.java:updateContainerState(145)) - Container #1 is in OPEN state, but the datanode 43cb0e13-5597-452b-a8b1-af00d0a4a497{ip: 192.168.69.118, host: pr-hdds1643-t2fz7-3136866267, networkLocation: /default-rack, certSerialId: null} reports an CLOSED replica.
2019-10-23 12:22:32,717 [EventQueue-ContainerReportForContainerReportHandler] WARN  container.ContainerReportHandler (AbstractContainerReportHandler.java:updateContainerState(145)) - Container #1 is in OPEN state, but the datanode 9d2a2146-2c04-423d-8f96-3c121403b328{ip: 192.168.69.118, host: pr-hdds1643-t2fz7-3136866267, networkLocation: /default-rack, certSerialId: null} reports an CLOSED replica.
2019-10-23 12:22:32,810 [EventQueue-ContainerReportForContainerReportHandler] WARN  container.ContainerReportHandler (AbstractContainerReportHandler.java:updateContainerState(145)) - Container #1 is in OPEN state, but the datanode 43cb0e13-5597-452b-a8b1-af00d0a4a497{ip: 192.168.69.118, host: pr-hdds1643-t2fz7-3136866267, networkLocation: /default-rack, certSerialId: null} reports an CLOSED replica.
2019-10-23 12:22:32,833 [BlockDeletingService#2] WARN  background.BlockDeletingService (BlockDeletingService.java:isDeletionAllowed(187)) - Close Container log Index 6 is not replicated across allthe servers in the pipeline c0e4f3a0-4d63-43fc-af6c-40390d33441a as the min replicated index is 4. Deletion is not allowed in this container yet.
2019-10-23 12:22:32,833 [BlockDeletingService#6] WARN  background.BlockDeletingService (BlockDeletingService.java:isDeletionAllowed(187)) - Close Container log Index 6 is not replicated across allthe servers in the pipeline c0e4f3a0-4d63-43fc-af6c-40390d33441a as the min replicated index is 4. Deletion is not allowed in this container yet.
2019-10-23 12:22:32,917 [EventQueue-ContainerReportForContainerReportHandler] WARN  container.ContainerReportHandler (AbstractContainerReportHandler.java:updateContainerState(145)) - Container #1 is in OPEN state, but the datanode 9d2a2146-2c04-423d-8f96-3c121403b328{ip: 192.168.69.118, host: pr-hdds1643-t2fz7-3136866267, networkLocation: /default-rack, certSerialId: null} reports an CLOSED replica.
2019-10-23 12:22:33,011 [EventQueue-ContainerReportForContainerReportHandler] WARN  container.ContainerReportHandler (AbstractContainerReportHandler.java:updateContainerState(145)) - Container #1 is in OPEN state, but the datanode 43cb0e13-5597-452b-a8b1-af00d0a4a497{ip: 192.168.69.118, host: pr-hdds1643-t2fz7-3136866267, networkLocation: /default-rack, certSerialId: null} reports an CLOSED replica.
2019-10-23 12:22:33,211 [EventQueue-ContainerReportForContainerReportHandler] WARN  container.ContainerReportHandler (AbstractContainerReportHandler.java:updateContainerState(145)) - Container #1 is in OPEN state, but the datanode 43cb0e13-5597-452b-a8b1-af00d0a4a497{ip: 192.168.69.118, host: pr-hdds1643-t2fz7-3136866267, networkLocation: /default-rack, certSerialId: null} reports an CLOSED replica.
2019-10-23 12:22:33,217 [EventQueue-ContainerReportForContainerReportHandler] WARN  container.ContainerReportHandler (AbstractContainerReportHandler.java:updateContainerState(145)) - Container #1 is in OPEN state, but the datanode 9d2a2146-2c04-423d-8f96-3c121403b328{ip: 192.168.69.118, host: pr-hdds1643-t2fz7-3136866267, networkLocation: /default-rack, certSerialId: null} reports an CLOSED replica.
2019-10-23 12:22:33,517 [EventQueue-ContainerReportForContainerReportHandler] WARN  container.ContainerReportHandler (AbstractContainerReportHandler.java:updateContainerState(145)) - Container #1 is in OPEN state, but the datanode 9d2a2146-2c04-423d-8f96-3c121403b328{ip: 192.168.69.118, host: pr-hdds1643-t2fz7-3136866267, networkLocation: /default-rack, certSerialId: null} reports an CLOSED replica.
2019-10-23 12:22:33,612 [EventQueue-ContainerReportForContainerReportHandler] WARN  container.ContainerReportHandler (AbstractContainerReportHandler.java:updateContainerState(145)) - Container #1 is in OPEN state, but the datanode 43cb0e13-5597-452b-a8b1-af00d0a4a497{ip: 192.168.69.118, host: pr-hdds1643-t2fz7-3136866267, networkLocation: /default-rack, certSerialId: null} reports an CLOSED replica.
2019-10-23 12:22:33,812 [EventQueue-ContainerReportForContainerReportHandler] WARN  container.ContainerReportHandler (AbstractContainerReportHandler.java:updateContainerState(145)) - Container #1 is in OPEN state, but the datanode 43cb0e13-5597-452b-a8b1-af00d0a4a497{ip: 192.168.69.118, host: pr-hdds1643-t2fz7-3136866267, networkLocation: /default-rack, certSerialId: null} reports an CLOSED replica.
2019-10-23 12:22:33,834 [BlockDeletingService#2] WARN  background.BlockDeletingService (BlockDeletingService.java:isDeletionAllowed(187)) - Close Container log Index 6 is not replicated across allthe servers in the pipeline c0e4f3a0-4d63-43fc-af6c-40390d33441a as the min replicated index is 4. Deletion is not allowed in this container yet.
2019-10-23 12:22:33,834 [BlockDeletingService#6] WARN  background.BlockDeletingService (BlockDeletingService.java:isDeletionAllowed(187)) - Close Container log Index 6 is not replicated across allthe servers in the pipeline c0e4f3a0-4d63-43fc-af6c-40390d33441a as the min replicated index is 4. Deletion is not allowed in this container yet.
2019-10-23 12:22:33,918 [EventQueue-ContainerReportForContainerReportHandler] WARN  container.ContainerReportHandler (AbstractContainerReportHandler.java:updateContainerState(145)) - Container #1 is in OPEN state, but the datanode 9d2a2146-2c04-423d-8f96-3c121403b328{ip: 192.168.69.118, host: pr-hdds1643-t2fz7-3136866267, networkLocation: /default-rack, certSerialId: null} reports an CLOSED replica.
2019-10-23 12:22:34,150 [java.util.concurrent.ThreadPoolExecutor$Worker@16be38ad[State = -1, empty queue]] WARN  server.GrpcLogAppender (GrpcLogAppender.java:timeoutAppendRequest(209)) - 43cb0e13-5597-452b-a8b1-af00d0a4a497@group-40390D33441A->04710d3b-08a7-4a70-b69f-f772706c6105-GrpcLogAppender: appendEntries Timeout, request=43cb0e13-5597-452b-a8b1-af00d0a4a497->04710d3b-08a7-4a70-b69f-f772706c6105#34-t3, previous=(t:3, i:10), leaderCommit=10, initializing? false, entries: <empty>
2019-10-23 12:22:34,213 [EventQueue-ContainerReportForContainerReportHandler] WARN  container.ContainerReportHandler (AbstractContainerReportHandler.java:updateContainerState(145)) - Container #1 is in OPEN state, but the datanode 43cb0e13-5597-452b-a8b1-af00d0a4a497{ip: 192.168.69.118, host: pr-hdds1643-t2fz7-3136866267, networkLocation: /default-rack, certSerialId: null} reports an CLOSED replica.
2019-10-23 12:22:34,219 [EventQueue-ContainerReportForContainerReportHandler] WARN  container.ContainerReportHandler (AbstractContainerReportHandler.java:updateContainerState(145)) - Container #1 is in OPEN state, but the datanode 9d2a2146-2c04-423d-8f96-3c121403b328{ip: 192.168.69.118, host: pr-hdds1643-t2fz7-3136866267, networkLocation: /default-rack, certSerialId: null} reports an CLOSED replica.
2019-10-23 12:22:34,419 [EventQueue-ContainerReportForContainerReportHandler] WARN  container.ContainerReportHandler (AbstractContainerReportHandler.java:updateContainerState(145)) - Container #1 is in OPEN state, but the datanode 9d2a2146-2c04-423d-8f96-3c121403b328{ip: 192.168.69.118, host: pr-hdds1643-t2fz7-3136866267, networkLocation: /default-rack, certSerialId: null} reports an CLOSED replica.
2019-10-23 12:22:34,613 [EventQueue-ContainerReportForContainerReportHandler] WARN  container.ContainerReportHandler (AbstractContainerReportHandler.java:updateContainerState(145)) - Container #1 is in OPEN state, but the datanode 43cb0e13-5597-452b-a8b1-af00d0a4a497{ip: 192.168.69.118, host: pr-hdds1643-t2fz7-3136866267, networkLocation: /default-rack, certSerialId: null} reports an CLOSED replica.
2019-10-23 12:22:34,719 [EventQueue-ContainerReportForContainerReportHandler] WARN  container.ContainerReportHandler (AbstractContainerReportHandler.java:updateContainerState(145)) - Container #1 is in OPEN state, but the datanode 9d2a2146-2c04-423d-8f96-3c121403b328{ip: 192.168.69.118, host: pr-hdds1643-t2fz7-3136866267, networkLocation: /default-rack, certSerialId: null} reports an CLOSED replica.
2019-10-23 12:22:34,836 [BlockDeletingService#2] WARN  background.BlockDeletingService (BlockDeletingService.java:isDeletionAllowed(187)) - Close Container log Index 6 is not replicated across allthe servers in the pipeline c0e4f3a0-4d63-43fc-af6c-40390d33441a as the min replicated index is 4. Deletion is not allowed in this container yet.
2019-10-23 12:22:34,836 [BlockDeletingService#6] WARN  background.BlockDeletingService (BlockDeletingService.java:isDeletionAllowed(187)) - Close Container log Index 6 is not replicated across allthe servers in the pipeline c0e4f3a0-4d63-43fc-af6c-40390d33441a as the min replicated index is 4. Deletion is not allowed in this container yet.
2019-10-23 12:22:34,913 [EventQueue-ContainerReportForContainerReportHandler] WARN  container.ContainerReportHandler (AbstractContainerReportHandler.java:updateContainerState(145)) - Container #1 is in OPEN state, but the datanode 43cb0e13-5597-452b-a8b1-af00d0a4a497{ip: 192.168.69.118, host: pr-hdds1643-t2fz7-3136866267, networkLocation: /default-rack, certSerialId: null} reports an CLOSED replica.
2019-10-23 12:22:35,019 [EventQueue-ContainerReportForContainerReportHandler] WARN  container.ContainerReportHandler (AbstractContainerReportHandler.java:updateContainerState(145)) - Container #1 is in OPEN state, but the datanode 9d2a2146-2c04-423d-8f96-3c121403b328{ip: 192.168.69.118, host: pr-hdds1643-t2fz7-3136866267, networkLocation: /default-rack, certSerialId: null} reports an CLOSED replica.
2019-10-23 12:22:35,214 [EventQueue-ContainerReportForContainerReportHandler] WARN  container.ContainerReportHandler (AbstractContainerReportHandler.java:updateContainerState(145)) - Container #1 is in OPEN state, but the datanode 43cb0e13-5597-452b-a8b1-af00d0a4a497{ip: 192.168.69.118, host: pr-hdds1643-t2fz7-3136866267, networkLocation: /default-rack, certSerialId: null} reports an CLOSED replica.
2019-10-23 12:22:35,321 [EventQueue-ContainerReportForContainerReportHandler] WARN  container.ContainerReportHandler (AbstractContainerReportHandler.java:updateContainerState(145)) - Container #1 is in OPEN state, but the datanode 9d2a2146-2c04-423d-8f96-3c121403b328{ip: 192.168.69.118, host: pr-hdds1643-t2fz7-3136866267, networkLocation: /default-rack, certSerialId: null} reports an CLOSED replica.
2019-10-23 12:22:35,414 [EventQueue-ContainerReportForContainerReportHandler] WARN  container.ContainerReportHandler (AbstractContainerReportHandler.java:updateContainerState(145)) - Container #1 is in OPEN state, but the datanode 43cb0e13-5597-452b-a8b1-af00d0a4a497{ip: 192.168.69.118, host: pr-hdds1643-t2fz7-3136866267, networkLocation: /default-rack, certSerialId: null} reports an CLOSED replica.
2019-10-23 12:22:35,521 [EventQueue-ContainerReportForContainerReportHandler] WARN  container.ContainerReportHandler (AbstractContainerReportHandler.java:updateContainerState(145)) - Container #1 is in OPEN state, but the datanode 9d2a2146-2c04-423d-8f96-3c121403b328{ip: 192.168.69.118, host: pr-hdds1643-t2fz7-3136866267, networkLocation: /default-rack, certSerialId: null} reports an CLOSED replica.
2019-10-23 12:22:35,715 [EventQueue-ContainerReportForContainerReportHandler] WARN  container.ContainerReportHandler (AbstractContainerReportHandler.java:updateContainerState(145)) - Container #1 is in OPEN state, but the datanode 43cb0e13-5597-452b-a8b1-af00d0a4a497{ip: 192.168.69.118, host: pr-hdds1643-t2fz7-3136866267, networkLocation: /default-rack, certSerialId: null} reports an CLOSED replica.
2019-10-23 12:22:35,837 [BlockDeletingService#6] WARN  background.BlockDeletingService (BlockDeletingService.java:isDeletionAllowed(187)) - Close Container log Index 6 is not replicated across allthe servers in the pipeline c0e4f3a0-4d63-43fc-af6c-40390d33441a as the min replicated index is 4. Deletion is not allowed in this container yet.
2019-10-23 12:22:35,837 [BlockDeletingService#2] WARN  background.BlockDeletingService (BlockDeletingService.java:isDeletionAllowed(187)) - Close Container log Index 6 is not replicated across allthe servers in the pipeline c0e4f3a0-4d63-43fc-af6c-40390d33441a as the min replicated index is 4. Deletion is not allowed in this container yet.
2019-10-23 12:22:35,921 [EventQueue-ContainerReportForContainerReportHandler] WARN  container.ContainerReportHandler (AbstractContainerReportHandler.java:updateContainerState(145)) - Container #1 is in OPEN state, but the datanode 9d2a2146-2c04-423d-8f96-3c121403b328{ip: 192.168.69.118, host: pr-hdds1643-t2fz7-3136866267, networkLocation: /default-rack, certSerialId: null} reports an CLOSED replica.
2019-10-23 12:22:36,015 [EventQueue-ContainerReportForContainerReportHandler] WARN  container.ContainerReportHandler (AbstractContainerReportHandler.java:updateContainerState(145)) - Container #1 is in OPEN state, but the datanode 43cb0e13-5597-452b-a8b1-af00d0a4a497{ip: 192.168.69.118, host: pr-hdds1643-t2fz7-3136866267, networkLocation: /default-rack, certSerialId: null} reports an CLOSED replica.
2019-10-23 12:22:36,222 [EventQueue-ContainerReportForContainerReportHandler] WARN  container.ContainerReportHandler (AbstractContainerReportHandler.java:updateContainerState(145)) - Container #1 is in OPEN state, but the datanode 9d2a2146-2c04-423d-8f96-3c121403b328{ip: 192.168.69.118, host: pr-hdds1643-t2fz7-3136866267, networkLocation: /default-rack, certSerialId: null} reports an CLOSED replica.
2019-10-23 12:22:36,315 [EventQueue-ContainerReportForContainerReportHandler] WARN  container.ContainerReportHandler (AbstractContainerReportHandler.java:updateContainerState(145)) - Container #1 is in OPEN state, but the datanode 43cb0e13-5597-452b-a8b1-af00d0a4a497{ip: 192.168.69.118, host: pr-hdds1643-t2fz7-3136866267, networkLocation: /default-rack, certSerialId: null} reports an CLOSED replica.
2019-10-23 12:22:36,516 [EventQueue-ContainerReportForContainerReportHandler] WARN  container.ContainerReportHandler (AbstractContainerReportHandler.java:updateContainerState(145)) - Container #1 is in OPEN state, but the datanode 43cb0e13-5597-452b-a8b1-af00d0a4a497{ip: 192.168.69.118, host: pr-hdds1643-t2fz7-3136866267, networkLocation: /default-rack, certSerialId: null} reports an CLOSED replica.
2019-10-23 12:22:36,622 [EventQueue-ContainerReportForContainerReportHandler] WARN  container.ContainerReportHandler (AbstractContainerReportHandler.java:updateContainerState(145)) - Container #1 is in OPEN state, but the datanode 9d2a2146-2c04-423d-8f96-3c121403b328{ip: 192.168.69.118, host: pr-hdds1643-t2fz7-3136866267, networkLocation: /default-rack, certSerialId: null} reports an CLOSED replica.
2019-10-23 12:22:36,650 [java.util.concurrent.ThreadPoolExecutor$Worker@16be38ad[State = -1, empty queue]] WARN  server.GrpcLogAppender (GrpcLogAppender.java:timeoutAppendRequest(209)) - 43cb0e13-5597-452b-a8b1-af00d0a4a497@group-40390D33441A->04710d3b-08a7-4a70-b69f-f772706c6105-GrpcLogAppender: appendEntries Timeout, request=43cb0e13-5597-452b-a8b1-af00d0a4a497->04710d3b-08a7-4a70-b69f-f772706c6105#35-t3, previous=(t:3, i:10), leaderCommit=10, initializing? false, entries: <empty>
2019-10-23 12:22:36,816 [EventQueue-ContainerReportForContainerReportHandler] WARN  container.ContainerReportHandler (AbstractContainerReportHandler.java:updateContainerState(145)) - Container #1 is in OPEN state, but the datanode 43cb0e13-5597-452b-a8b1-af00d0a4a497{ip: 192.168.69.118, host: pr-hdds1643-t2fz7-3136866267, networkLocation: /default-rack, certSerialId: null} reports an CLOSED replica.
2019-10-23 12:22:36,822 [EventQueue-ContainerReportForContainerReportHandler] WARN  container.ContainerReportHandler (AbstractContainerReportHandler.java:updateContainerState(145)) - Container #1 is in OPEN state, but the datanode 9d2a2146-2c04-423d-8f96-3c121403b328{ip: 192.168.69.118, host: pr-hdds1643-t2fz7-3136866267, networkLocation: /default-rack, certSerialId: null} reports an CLOSED replica.
2019-10-23 12:22:36,839 [BlockDeletingService#2] WARN  background.BlockDeletingService (BlockDeletingService.java:isDeletionAllowed(187)) - Close Container log Index 6 is not replicated across allthe servers in the pipeline c0e4f3a0-4d63-43fc-af6c-40390d33441a as the min replicated index is 4. Deletion is not allowed in this container yet.
2019-10-23 12:22:36,839 [BlockDeletingService#6] WARN  background.BlockDeletingService (BlockDeletingService.java:isDeletionAllowed(187)) - Close Container log Index 6 is not replicated across allthe servers in the pipeline c0e4f3a0-4d63-43fc-af6c-40390d33441a as the min replicated index is 4. Deletion is not allowed in this container yet.
2019-10-23 12:22:37,016 [EventQueue-ContainerReportForContainerReportHandler] WARN  container.ContainerReportHandler (AbstractContainerReportHandler.java:updateContainerState(145)) - Container #1 is in OPEN state, but the datanode 43cb0e13-5597-452b-a8b1-af00d0a4a497{ip: 192.168.69.118, host: pr-hdds1643-t2fz7-3136866267, networkLocation: /default-rack, certSerialId: null} reports an CLOSED replica.
2019-10-23 12:22:37,223 [EventQueue-ContainerReportForContainerReportHandler] WARN  container.ContainerReportHandler (AbstractContainerReportHandler.java:updateContainerState(145)) - Container #1 is in OPEN state, but the datanode 9d2a2146-2c04-423d-8f96-3c121403b328{ip: 192.168.69.118, host: pr-hdds1643-t2fz7-3136866267, networkLocation: /default-rack, certSerialId: null} reports an CLOSED replica.
2019-10-23 12:22:37,316 [EventQueue-ContainerReportForContainerReportHandler] WARN  container.ContainerReportHandler (AbstractContainerReportHandler.java:updateContainerState(145)) - Container #1 is in OPEN state, but the datanode 43cb0e13-5597-452b-a8b1-af00d0a4a497{ip: 192.168.69.118, host: pr-hdds1643-t2fz7-3136866267, networkLocation: /default-rack, certSerialId: null} reports an CLOSED replica.
2019-10-23 12:22:37,524 [EventQueue-ContainerReportForContainerReportHandler] WARN  container.ContainerReportHandler (AbstractContainerReportHandler.java:updateContainerState(145)) - Container #1 is in OPEN state, but the datanode 9d2a2146-2c04-423d-8f96-3c121403b328{ip: 192.168.69.118, host: pr-hdds1643-t2fz7-3136866267, networkLocation: /default-rack, certSerialId: null} reports an CLOSED replica.
2019-10-23 12:22:37,716 [EventQueue-ContainerReportForContainerReportHandler] WARN  container.ContainerReportHandler (AbstractContainerReportHandler.java:updateContainerState(145)) - Container #1 is in OPEN state, but the datanode 43cb0e13-5597-452b-a8b1-af00d0a4a497{ip: 192.168.69.118, host: pr-hdds1643-t2fz7-3136866267, networkLocation: /default-rack, certSerialId: null} reports an CLOSED replica.
2019-10-23 12:22:37,724 [EventQueue-ContainerReportForContainerReportHandler] WARN  container.ContainerReportHandler (AbstractContainerReportHandler.java:updateContainerState(145)) - Container #1 is in OPEN state, but the datanode 9d2a2146-2c04-423d-8f96-3c121403b328{ip: 192.168.69.118, host: pr-hdds1643-t2fz7-3136866267, networkLocation: /default-rack, certSerialId: null} reports an CLOSED replica.
2019-10-23 12:22:37,782 [Thread-421] INFO  client.GrpcClientProtocolService (GrpcClientProtocolService.java:lambda$processClientRequest$0(278)) - Failed RaftClientRequest:client-F877F7AB4D5B->9d2a2146-2c04-423d-8f96-3c121403b328@group-40390D33441A, cid=10, seq=0, Watch-ALL_COMMITTED(6), Message:<EMPTY>, reply=RaftClientReply:client-F877F7AB4D5B->9d2a2146-2c04-423d-8f96-3c121403b328@group-40390D33441A, cid=10, FAILED org.apache.ratis.protocol.NotLeaderException: Server 9d2a2146-2c04-423d-8f96-3c121403b328@group-40390D33441A is not the leader 43cb0e13-5597-452b-a8b1-af00d0a4a497:192.168.69.118:45201, logIndex=0, commits[9d2a2146-2c04-423d-8f96-3c121403b328:c10, 04710d3b-08a7-4a70-b69f-f772706c6105:c4, 43cb0e13-5597-452b-a8b1-af00d0a4a497:c10]
2019-10-23 12:22:37,840 [BlockDeletingService#2] WARN  background.BlockDeletingService (BlockDeletingService.java:isDeletionAllowed(187)) - Close Container log Index 6 is not replicated across allthe servers in the pipeline c0e4f3a0-4d63-43fc-af6c-40390d33441a as the min replicated index is 4. Deletion is not allowed in this container yet.
2019-10-23 12:22:37,840 [BlockDeletingService#6] WARN  background.BlockDeletingService (BlockDeletingService.java:isDeletionAllowed(187)) - Close Container log Index 6 is not replicated across allthe servers in the pipeline c0e4f3a0-4d63-43fc-af6c-40390d33441a as the min replicated index is 4. Deletion is not allowed in this container yet.
2019-10-23 12:22:37,884 [Thread-426] INFO  client.GrpcClientProtocolService (GrpcClientProtocolService.java:lambda$processClientRequest$0(278)) - Failed RaftClientRequest:client-F877F7AB4D5B->43cb0e13-5597-452b-a8b1-af00d0a4a497@group-40390D33441A, cid=10, seq=0, Watch-ALL_COMMITTED(6), Message:<EMPTY>, reply=RaftClientReply:client-F877F7AB4D5B->43cb0e13-5597-452b-a8b1-af00d0a4a497@group-40390D33441A, cid=10, FAILED org.apache.ratis.protocol.NotReplicatedException: Request with call Id 10 and log index 6 is not yet replicated to ALL_COMMITTED, logIndex=6, commits[43cb0e13-5597-452b-a8b1-af00d0a4a497:c10, 9d2a2146-2c04-423d-8f96-3c121403b328:c10, 04710d3b-08a7-4a70-b69f-f772706c6105:c4]
2019-10-23 12:22:37,916 [EventQueue-ContainerReportForContainerReportHandler] WARN  container.ContainerReportHandler (AbstractContainerReportHandler.java:updateContainerState(145)) - Container #1 is in OPEN state, but the datanode 43cb0e13-5597-452b-a8b1-af00d0a4a497{ip: 192.168.69.118, host: pr-hdds1643-t2fz7-3136866267, networkLocation: /default-rack, certSerialId: null} reports an CLOSED replica.
2019-10-23 12:22:38,024 [EventQueue-ContainerReportForContainerReportHandler] WARN  container.ContainerReportHandler (AbstractContainerReportHandler.java:updateContainerState(145)) - Container #1 is in OPEN state, but the datanode 9d2a2146-2c04-423d-8f96-3c121403b328{ip: 192.168.69.118, host: pr-hdds1643-t2fz7-3136866267, networkLocation: /default-rack, certSerialId: null} reports an CLOSED replica.
2019-10-23 12:22:38,217 [EventQueue-ContainerReportForContainerReportHandler] WARN  container.ContainerReportHandler (AbstractContainerReportHandler.java:updateContainerState(145)) - Container #1 is in OPEN state, but the datanode 43cb0e13-5597-452b-a8b1-af00d0a4a497{ip: 192.168.69.118, host: pr-hdds1643-t2fz7-3136866267, networkLocation: /default-rack, certSerialId: null} reports an CLOSED replica.
2019-10-23 12:22:38,424 [EventQueue-ContainerReportForContainerReportHandler] WARN  container.ContainerReportHandler (AbstractContainerReportHandler.java:updateContainerState(145)) - Container #1 is in OPEN state, but the datanode 9d2a2146-2c04-423d-8f96-3c121403b328{ip: 192.168.69.118, host: pr-hdds1643-t2fz7-3136866267, networkLocation: /default-rack, certSerialId: null} reports an CLOSED replica.
2019-10-23 12:22:38,617 [EventQueue-ContainerReportForContainerReportHandler] WARN  container.ContainerReportHandler (AbstractContainerReportHandler.java:updateContainerState(145)) - Container #1 is in OPEN state, but the datanode 43cb0e13-5597-452b-a8b1-af00d0a4a497{ip: 192.168.69.118, host: pr-hdds1643-t2fz7-3136866267, networkLocation: /default-rack, certSerialId: null} reports an CLOSED replica.
2019-10-23 12:22:38,725 [EventQueue-ContainerReportForContainerReportHandler] WARN  container.ContainerReportHandler (AbstractContainerReportHandler.java:updateContainerState(145)) - Container #1 is in OPEN state, but the datanode 9d2a2146-2c04-423d-8f96-3c121403b328{ip: 192.168.69.118, host: pr-hdds1643-t2fz7-3136866267, networkLocation: /default-rack, certSerialId: null} reports an CLOSED replica.
2019-10-23 12:22:38,841 [BlockDeletingService#8] WARN  background.BlockDeletingService (BlockDeletingService.java:isDeletionAllowed(187)) - Close Container log Index 6 is not replicated across allthe servers in the pipeline c0e4f3a0-4d63-43fc-af6c-40390d33441a as the min replicated index is 4. Deletion is not allowed in this container yet.
2019-10-23 12:22:38,845 [BlockDeletingService#6] WARN  background.BlockDeletingService (BlockDeletingService.java:isDeletionAllowed(187)) - Close Container log Index 6 is not replicated across allthe servers in the pipeline c0e4f3a0-4d63-43fc-af6c-40390d33441a as the min replicated index is 4. Deletion is not allowed in this container yet.
2019-10-23 12:22:38,918 [EventQueue-ContainerReportForContainerReportHandler] WARN  container.ContainerReportHandler (AbstractContainerReportHandler.java:updateContainerState(145)) - Container #1 is in OPEN state, but the datanode 43cb0e13-5597-452b-a8b1-af00d0a4a497{ip: 192.168.69.118, host: pr-hdds1643-t2fz7-3136866267, networkLocation: /default-rack, certSerialId: null} reports an CLOSED replica.
2019-10-23 12:22:38,925 [EventQueue-ContainerReportForContainerReportHandler] WARN  container.ContainerReportHandler (AbstractContainerReportHandler.java:updateContainerState(145)) - Container #1 is in OPEN state, but the datanode 9d2a2146-2c04-423d-8f96-3c121403b328{ip: 192.168.69.118, host: pr-hdds1643-t2fz7-3136866267, networkLocation: /default-rack, certSerialId: null} reports an CLOSED replica.
2019-10-23 12:22:39,118 [EventQueue-ContainerReportForContainerReportHandler] WARN  container.ContainerReportHandler (AbstractContainerReportHandler.java:updateContainerState(145)) - Container #1 is in OPEN state, but the datanode 43cb0e13-5597-452b-a8b1-af00d0a4a497{ip: 192.168.69.118, host: pr-hdds1643-t2fz7-3136866267, networkLocation: /default-rack, certSerialId: null} reports an CLOSED replica.
2019-10-23 12:22:39,151 [java.util.concurrent.ThreadPoolExecutor$Worker@16be38ad[State = -1, empty queue]] WARN  server.GrpcLogAppender (GrpcLogAppender.java:timeoutAppendRequest(209)) - 43cb0e13-5597-452b-a8b1-af00d0a4a497@group-40390D33441A->04710d3b-08a7-4a70-b69f-f772706c6105-GrpcLogAppender: appendEntries Timeout, request=43cb0e13-5597-452b-a8b1-af00d0a4a497->04710d3b-08a7-4a70-b69f-f772706c6105#36-t3, previous=(t:3, i:10), leaderCommit=10, initializing? false, entries: <empty>
2019-10-23 12:22:39,325 [EventQueue-ContainerReportForContainerReportHandler] WARN  container.ContainerReportHandler (AbstractContainerReportHandler.java:updateContainerState(145)) - Container #1 is in OPEN state, but the datanode 9d2a2146-2c04-423d-8f96-3c121403b328{ip: 192.168.69.118, host: pr-hdds1643-t2fz7-3136866267, networkLocation: /default-rack, certSerialId: null} reports an CLOSED replica.
2019-10-23 12:22:39,420 [EventQueue-ContainerReportForContainerReportHandler] WARN  container.ContainerReportHandler (AbstractContainerReportHandler.java:updateContainerState(145)) - Container #1 is in OPEN state, but the datanode 43cb0e13-5597-452b-a8b1-af00d0a4a497{ip: 192.168.69.118, host: pr-hdds1643-t2fz7-3136866267, networkLocation: /default-rack, certSerialId: null} reports an CLOSED replica.
2019-10-23 12:22:39,621 [EventQueue-ContainerReportForContainerReportHandler] WARN  container.ContainerReportHandler (AbstractContainerReportHandler.java:updateContainerState(145)) - Container #1 is in OPEN state, but the datanode 43cb0e13-5597-452b-a8b1-af00d0a4a497{ip: 192.168.69.118, host: pr-hdds1643-t2fz7-3136866267, networkLocation: /default-rack, certSerialId: null} reports an CLOSED replica.
2019-10-23 12:22:39,726 [EventQueue-ContainerReportForContainerReportHandler] WARN  container.ContainerReportHandler (AbstractContainerReportHandler.java:updateContainerState(145)) - Container #1 is in OPEN state, but the datanode 9d2a2146-2c04-423d-8f96-3c121403b328{ip: 192.168.69.118, host: pr-hdds1643-t2fz7-3136866267, networkLocation: /default-rack, certSerialId: null} reports an CLOSED replica.
2019-10-23 12:22:39,846 [BlockDeletingService#8] WARN  background.BlockDeletingService (BlockDeletingService.java:isDeletionAllowed(187)) - Close Container log Index 6 is not replicated across allthe servers in the pipeline c0e4f3a0-4d63-43fc-af6c-40390d33441a as the min replicated index is 4. Deletion is not allowed in this container yet.
2019-10-23 12:22:39,847 [BlockDeletingService#4] WARN  background.BlockDeletingService (BlockDeletingService.java:isDeletionAllowed(187)) - Close Container log Index 6 is not replicated across allthe servers in the pipeline c0e4f3a0-4d63-43fc-af6c-40390d33441a as the min replicated index is 4. Deletion is not allowed in this container yet.
2019-10-23 12:22:40,022 [EventQueue-ContainerReportForContainerReportHandler] WARN  container.ContainerReportHandler (AbstractContainerReportHandler.java:updateContainerState(145)) - Container #1 is in OPEN state, but the datanode 43cb0e13-5597-452b-a8b1-af00d0a4a497{ip: 192.168.69.118, host: pr-hdds1643-t2fz7-3136866267, networkLocation: /default-rack, certSerialId: null} reports an CLOSED replica.
2019-10-23 12:22:40,126 [EventQueue-ContainerReportForContainerReportHandler] WARN  container.ContainerReportHandler (AbstractContainerReportHandler.java:updateContainerState(145)) - Container #1 is in OPEN state, but the datanode 9d2a2146-2c04-423d-8f96-3c121403b328{ip: 192.168.69.118, host: pr-hdds1643-t2fz7-3136866267, networkLocation: /default-rack, certSerialId: null} reports an CLOSED replica.
2019-10-23 12:22:40,323 [EventQueue-ContainerReportForContainerReportHandler] WARN  container.ContainerReportHandler (AbstractContainerReportHandler.java:updateContainerState(145)) - Container #1 is in OPEN state, but the datanode 43cb0e13-5597-452b-a8b1-af00d0a4a497{ip: 192.168.69.118, host: pr-hdds1643-t2fz7-3136866267, networkLocation: /default-rack, certSerialId: null} reports an CLOSED replica.
2019-10-23 12:22:40,426 [EventQueue-ContainerReportForContainerReportHandler] WARN  container.ContainerReportHandler (AbstractContainerReportHandler.java:updateContainerState(145)) - Container #1 is in OPEN state, but the datanode 9d2a2146-2c04-423d-8f96-3c121403b328{ip: 192.168.69.118, host: pr-hdds1643-t2fz7-3136866267, networkLocation: /default-rack, certSerialId: null} reports an CLOSED replica.
2019-10-23 12:22:40,522 [EventQueue-ContainerReportForContainerReportHandler] WARN  container.ContainerReportHandler (AbstractContainerReportHandler.java:updateContainerState(145)) - Container #1 is in OPEN state, but the datanode 43cb0e13-5597-452b-a8b1-af00d0a4a497{ip: 192.168.69.118, host: pr-hdds1643-t2fz7-3136866267, networkLocation: /default-rack, certSerialId: null} reports an CLOSED replica.
2019-10-23 12:22:40,822 [EventQueue-ContainerReportForContainerReportHandler] WARN  container.ContainerReportHandler (AbstractContainerReportHandler.java:updateContainerState(145)) - Container #1 is in OPEN state, but the datanode 43cb0e13-5597-452b-a8b1-af00d0a4a497{ip: 192.168.69.118, host: pr-hdds1643-t2fz7-3136866267, networkLocation: /default-rack, certSerialId: null} reports an CLOSED replica.
2019-10-23 12:22:40,828 [EventQueue-ContainerReportForContainerReportHandler] WARN  container.ContainerReportHandler (AbstractContainerReportHandler.java:updateContainerState(145)) - Container #1 is in OPEN state, but the datanode 9d2a2146-2c04-423d-8f96-3c121403b328{ip: 192.168.69.118, host: pr-hdds1643-t2fz7-3136866267, networkLocation: /default-rack, certSerialId: null} reports an CLOSED replica.
2019-10-23 12:22:40,847 [BlockDeletingService#8] WARN  background.BlockDeletingService (BlockDeletingService.java:isDeletionAllowed(187)) - Close Container log Index 6 is not replicated across allthe servers in the pipeline c0e4f3a0-4d63-43fc-af6c-40390d33441a as the min replicated index is 4. Deletion is not allowed in this container yet.
2019-10-23 12:22:40,848 [BlockDeletingService#4] WARN  background.BlockDeletingService (BlockDeletingService.java:isDeletionAllowed(187)) - Close Container log Index 6 is not replicated across allthe servers in the pipeline c0e4f3a0-4d63-43fc-af6c-40390d33441a as the min replicated index is 4. Deletion is not allowed in this container yet.
2019-10-23 12:22:41,029 [EventQueue-ContainerReportForContainerReportHandler] WARN  container.ContainerReportHandler (AbstractContainerReportHandler.java:updateContainerState(145)) - Container #1 is in OPEN state, but the datanode 9d2a2146-2c04-423d-8f96-3c121403b328{ip: 192.168.69.118, host: pr-hdds1643-t2fz7-3136866267, networkLocation: /default-rack, certSerialId: null} reports an CLOSED replica.
2019-10-23 12:22:41,123 [EventQueue-ContainerReportForContainerReportHandler] WARN  container.ContainerReportHandler (AbstractContainerReportHandler.java:updateContainerState(145)) - Container #1 is in OPEN state, but the datanode 43cb0e13-5597-452b-a8b1-af00d0a4a497{ip: 192.168.69.118, host: pr-hdds1643-t2fz7-3136866267, networkLocation: /default-rack, certSerialId: null} reports an CLOSED replica.
2019-10-23 12:22:41,330 [EventQueue-ContainerReportForContainerReportHandler] WARN  container.ContainerReportHandler (AbstractContainerReportHandler.java:updateContainerState(145)) - Container #1 is in OPEN state, but the datanode 9d2a2146-2c04-423d-8f96-3c121403b328{ip: 192.168.69.118, host: pr-hdds1643-t2fz7-3136866267, networkLocation: /default-rack, certSerialId: null} reports an CLOSED replica.
2019-10-23 12:22:41,425 [EventQueue-ContainerReportForContainerReportHandler] WARN  container.ContainerReportHandler (AbstractContainerReportHandler.java:updateContainerState(145)) - Container #1 is in OPEN state, but the datanode 43cb0e13-5597-452b-a8b1-af00d0a4a497{ip: 192.168.69.118, host: pr-hdds1643-t2fz7-3136866267, networkLocation: /default-rack, certSerialId: null} reports an CLOSED replica.
2019-10-23 12:22:41,629 [EventQueue-ContainerReportForContainerReportHandler] WARN  container.ContainerReportHandler (AbstractContainerReportHandler.java:updateContainerState(145)) - Container #1 is in OPEN state, but the datanode 9d2a2146-2c04-423d-8f96-3c121403b328{ip: 192.168.69.118, host: pr-hdds1643-t2fz7-3136866267, networkLocation: /default-rack, certSerialId: null} reports an CLOSED replica.
2019-10-23 12:22:41,652 [java.util.concurrent.ThreadPoolExecutor$Worker@16be38ad[State = -1, empty queue]] WARN  server.GrpcLogAppender (GrpcLogAppender.java:timeoutAppendRequest(209)) - 43cb0e13-5597-452b-a8b1-af00d0a4a497@group-40390D33441A->04710d3b-08a7-4a70-b69f-f772706c6105-GrpcLogAppender: appendEntries Timeout, request=43cb0e13-5597-452b-a8b1-af00d0a4a497->04710d3b-08a7-4a70-b69f-f772706c6105#37-t3, previous=(t:3, i:10), leaderCommit=10, initializing? false, entries: <empty>
2019-10-23 12:22:41,726 [EventQueue-ContainerReportForContainerReportHandler] WARN  container.ContainerReportHandler (AbstractContainerReportHandler.java:updateContainerState(145)) - Container #1 is in OPEN state, but the datanode 43cb0e13-5597-452b-a8b1-af00d0a4a497{ip: 192.168.69.118, host: pr-hdds1643-t2fz7-3136866267, networkLocation: /default-rack, certSerialId: null} reports an CLOSED replica.
2019-10-23 12:22:41,829 [EventQueue-ContainerReportForContainerReportHandler] WARN  container.ContainerReportHandler (AbstractContainerReportHandler.java:updateContainerState(145)) - Container #1 is in OPEN state, but the datanode 9d2a2146-2c04-423d-8f96-3c121403b328{ip: 192.168.69.118, host: pr-hdds1643-t2fz7-3136866267, networkLocation: /default-rack, certSerialId: null} reports an CLOSED replica.
2019-10-23 12:22:41,848 [BlockDeletingService#8] WARN  background.BlockDeletingService (BlockDeletingService.java:isDeletionAllowed(187)) - Close Container log Index 6 is not replicated across allthe servers in the pipeline c0e4f3a0-4d63-43fc-af6c-40390d33441a as the min replicated index is 4. Deletion is not allowed in this container yet.
2019-10-23 12:22:41,849 [BlockDeletingService#4] WARN  background.BlockDeletingService (BlockDeletingService.java:isDeletionAllowed(187)) - Close Container log Index 6 is not replicated across allthe servers in the pipeline c0e4f3a0-4d63-43fc-af6c-40390d33441a as the min replicated index is 4. Deletion is not allowed in this container yet.
2019-10-23 12:22:42,127 [EventQueue-ContainerReportForContainerReportHandler] WARN  container.ContainerReportHandler (AbstractContainerReportHandler.java:updateContainerState(145)) - Container #1 is in OPEN state, but the datanode 43cb0e13-5597-452b-a8b1-af00d0a4a497{ip: 192.168.69.118, host: pr-hdds1643-t2fz7-3136866267, networkLocation: /default-rack, certSerialId: null} reports an CLOSED replica.
2019-10-23 12:22:42,129 [EventQueue-ContainerReportForContainerReportHandler] WARN  container.ContainerReportHandler (AbstractContainerReportHandler.java:updateContainerState(145)) - Container #1 is in OPEN state, but the datanode 9d2a2146-2c04-423d-8f96-3c121403b328{ip: 192.168.69.118, host: pr-hdds1643-t2fz7-3136866267, networkLocation: /default-rack, certSerialId: null} reports an CLOSED replica.
2019-10-23 12:22:42,327 [EventQueue-ContainerReportForContainerReportHandler] WARN  container.ContainerReportHandler (AbstractContainerReportHandler.java:updateContainerState(145)) - Container #1 is in OPEN state, but the datanode 43cb0e13-5597-452b-a8b1-af00d0a4a497{ip: 192.168.69.118, host: pr-hdds1643-t2fz7-3136866267, networkLocation: /default-rack, certSerialId: null} reports an CLOSED replica.
2019-10-23 12:22:42,329 [EventQueue-ContainerReportForContainerReportHandler] WARN  container.ContainerReportHandler (AbstractContainerReportHandler.java:updateContainerState(145)) - Container #1 is in OPEN state, but the datanode 9d2a2146-2c04-423d-8f96-3c121403b328{ip: 192.168.69.118, host: pr-hdds1643-t2fz7-3136866267, networkLocation: /default-rack, certSerialId: null} reports an CLOSED replica.
2019-10-23 12:22:42,727 [EventQueue-ContainerReportForContainerReportHandler] WARN  container.ContainerReportHandler (AbstractContainerReportHandler.java:updateContainerState(145)) - Container #1 is in OPEN state, but the datanode 43cb0e13-5597-452b-a8b1-af00d0a4a497{ip: 192.168.69.118, host: pr-hdds1643-t2fz7-3136866267, networkLocation: /default-rack, certSerialId: null} reports an CLOSED replica.
2019-10-23 12:22:42,729 [EventQueue-ContainerReportForContainerReportHandler] WARN  container.ContainerReportHandler (AbstractContainerReportHandler.java:updateContainerState(145)) - Container #1 is in OPEN state, but the datanode 9d2a2146-2c04-423d-8f96-3c121403b328{ip: 192.168.69.118, host: pr-hdds1643-t2fz7-3136866267, networkLocation: /default-rack, certSerialId: null} reports an CLOSED replica.
2019-10-23 12:22:42,849 [BlockDeletingService#8] WARN  background.BlockDeletingService (BlockDeletingService.java:isDeletionAllowed(187)) - Close Container log Index 6 is not replicated across allthe servers in the pipeline c0e4f3a0-4d63-43fc-af6c-40390d33441a as the min replicated index is 4. Deletion is not allowed in this container yet.
2019-10-23 12:22:42,850 [BlockDeletingService#4] WARN  background.BlockDeletingService (BlockDeletingService.java:isDeletionAllowed(187)) - Close Container log Index 6 is not replicated across allthe servers in the pipeline c0e4f3a0-4d63-43fc-af6c-40390d33441a as the min replicated index is 4. Deletion is not allowed in this container yet.
2019-10-23 12:22:42,929 [EventQueue-ContainerReportForContainerReportHandler] WARN  container.ContainerReportHandler (AbstractContainerReportHandler.java:updateContainerState(145)) - Container #1 is in OPEN state, but the datanode 9d2a2146-2c04-423d-8f96-3c121403b328{ip: 192.168.69.118, host: pr-hdds1643-t2fz7-3136866267, networkLocation: /default-rack, certSerialId: null} reports an CLOSED replica.
2019-10-23 12:22:43,027 [EventQueue-ContainerReportForContainerReportHandler] WARN  container.ContainerReportHandler (AbstractContainerReportHandler.java:updateContainerState(145)) - Container #1 is in OPEN state, but the datanode 43cb0e13-5597-452b-a8b1-af00d0a4a497{ip: 192.168.69.118, host: pr-hdds1643-t2fz7-3136866267, networkLocation: /default-rack, certSerialId: null} reports an CLOSED replica.
2019-10-23 12:22:43,329 [EventQueue-ContainerReportForContainerReportHandler] WARN  container.ContainerReportHandler (AbstractContainerReportHandler.java:updateContainerState(145)) - Container #1 is in OPEN state, but the datanode 9d2a2146-2c04-423d-8f96-3c121403b328{ip: 192.168.69.118, host: pr-hdds1643-t2fz7-3136866267, networkLocation: /default-rack, certSerialId: null} reports an CLOSED replica.
2019-10-23 12:22:43,427 [EventQueue-ContainerReportForContainerReportHandler] WARN  container.ContainerReportHandler (AbstractContainerReportHandler.java:updateContainerState(145)) - Container #1 is in OPEN state, but the datanode 43cb0e13-5597-452b-a8b1-af00d0a4a497{ip: 192.168.69.118, host: pr-hdds1643-t2fz7-3136866267, networkLocation: /default-rack, certSerialId: null} reports an CLOSED replica.
2019-10-23 12:22:43,529 [EventQueue-ContainerReportForContainerReportHandler] WARN  container.ContainerReportHandler (AbstractContainerReportHandler.java:updateContainerState(145)) - Container #1 is in OPEN state, but the datanode 9d2a2146-2c04-423d-8f96-3c121403b328{ip: 192.168.69.118, host: pr-hdds1643-t2fz7-3136866267, networkLocation: /default-rack, certSerialId: null} reports an CLOSED replica.
2019-10-23 12:22:43,627 [EventQueue-ContainerReportForContainerReportHandler] WARN  container.ContainerReportHandler (AbstractContainerReportHandler.java:updateContainerState(145)) - Container #1 is in OPEN state, but the datanode 43cb0e13-5597-452b-a8b1-af00d0a4a497{ip: 192.168.69.118, host: pr-hdds1643-t2fz7-3136866267, networkLocation: /default-rack, certSerialId: null} reports an CLOSED replica.
2019-10-23 12:22:43,729 [EventQueue-ContainerReportForContainerReportHandler] WARN  container.ContainerReportHandler (AbstractContainerReportHandler.java:updateContainerState(145)) - Container #1 is in OPEN state, but the datanode 9d2a2146-2c04-423d-8f96-3c121403b328{ip: 192.168.69.118, host: pr-hdds1643-t2fz7-3136866267, networkLocation: /default-rack, certSerialId: null} reports an CLOSED replica.
2019-10-23 12:22:43,851 [BlockDeletingService#4] WARN  background.BlockDeletingService (BlockDeletingService.java:isDeletionAllowed(187)) - Close Container log Index 6 is not replicated across allthe servers in the pipeline c0e4f3a0-4d63-43fc-af6c-40390d33441a as the min replicated index is 4. Deletion is not allowed in this container yet.
2019-10-23 12:22:43,851 [BlockDeletingService#8] WARN  background.BlockDeletingService (BlockDeletingService.java:isDeletionAllowed(187)) - Close Container log Index 6 is not replicated across allthe servers in the pipeline c0e4f3a0-4d63-43fc-af6c-40390d33441a as the min replicated index is 4. Deletion is not allowed in this container yet.
2019-10-23 12:22:43,927 [EventQueue-ContainerReportForContainerReportHandler] WARN  container.ContainerReportHandler (AbstractContainerReportHandler.java:updateContainerState(145)) - Container #1 is in OPEN state, but the datanode 43cb0e13-5597-452b-a8b1-af00d0a4a497{ip: 192.168.69.118, host: pr-hdds1643-t2fz7-3136866267, networkLocation: /default-rack, certSerialId: null} reports an CLOSED replica.
2019-10-23 12:22:44,030 [EventQueue-ContainerReportForContainerReportHandler] WARN  container.ContainerReportHandler (AbstractContainerReportHandler.java:updateContainerState(145)) - Container #1 is in OPEN state, but the datanode 9d2a2146-2c04-423d-8f96-3c121403b328{ip: 192.168.69.118, host: pr-hdds1643-t2fz7-3136866267, networkLocation: /default-rack, certSerialId: null} reports an CLOSED replica.
2019-10-23 12:22:44,152 [java.util.concurrent.ThreadPoolExecutor$Worker@16be38ad[State = -1, empty queue]] WARN  server.GrpcLogAppender (GrpcLogAppender.java:timeoutAppendRequest(209)) - 43cb0e13-5597-452b-a8b1-af00d0a4a497@group-40390D33441A->04710d3b-08a7-4a70-b69f-f772706c6105-GrpcLogAppender: appendEntries Timeout, request=43cb0e13-5597-452b-a8b1-af00d0a4a497->04710d3b-08a7-4a70-b69f-f772706c6105#38-t3, previous=(t:3, i:10), leaderCommit=10, initializing? false, entries: <empty>
2019-10-23 12:22:44,230 [EventQueue-ContainerReportForContainerReportHandler] WARN  container.ContainerReportHandler (AbstractContainerReportHandler.java:updateContainerState(145)) - Container #1 is in OPEN state, but the datanode 9d2a2146-2c04-423d-8f96-3c121403b328{ip: 192.168.69.118, host: pr-hdds1643-t2fz7-3136866267, networkLocation: /default-rack, certSerialId: null} reports an CLOSED replica.
2019-10-23 12:22:44,327 [EventQueue-ContainerReportForContainerReportHandler] WARN  container.ContainerReportHandler (AbstractContainerReportHandler.java:updateContainerState(145)) - Container #1 is in OPEN state, but the datanode 43cb0e13-5597-452b-a8b1-af00d0a4a497{ip: 192.168.69.118, host: pr-hdds1643-t2fz7-3136866267, networkLocation: /default-rack, certSerialId: null} reports an CLOSED replica.
2019-10-23 12:22:44,628 [EventQueue-ContainerReportForContainerReportHandler] WARN  container.ContainerReportHandler (AbstractContainerReportHandler.java:updateContainerState(145)) - Container #1 is in OPEN state, but the datanode 43cb0e13-5597-452b-a8b1-af00d0a4a497{ip: 192.168.69.118, host: pr-hdds1643-t2fz7-3136866267, networkLocation: /default-rack, certSerialId: null} reports an CLOSED replica.
2019-10-23 12:22:44,630 [EventQueue-ContainerReportForContainerReportHandler] WARN  container.ContainerReportHandler (AbstractContainerReportHandler.java:updateContainerState(145)) - Container #1 is in OPEN state, but the datanode 9d2a2146-2c04-423d-8f96-3c121403b328{ip: 192.168.69.118, host: pr-hdds1643-t2fz7-3136866267, networkLocation: /default-rack, certSerialId: null} reports an CLOSED replica.
2019-10-23 12:22:44,852 [BlockDeletingService#4] WARN  background.BlockDeletingService (BlockDeletingService.java:isDeletionAllowed(187)) - Close Container log Index 6 is not replicated across allthe servers in the pipeline c0e4f3a0-4d63-43fc-af6c-40390d33441a as the min replicated index is 4. Deletion is not allowed in this container yet.
2019-10-23 12:22:44,852 [BlockDeletingService#8] WARN  background.BlockDeletingService (BlockDeletingService.java:isDeletionAllowed(187)) - Close Container log Index 6 is not replicated across allthe servers in the pipeline c0e4f3a0-4d63-43fc-af6c-40390d33441a as the min replicated index is 4. Deletion is not allowed in this container yet.
2019-10-23 12:22:44,928 [EventQueue-ContainerReportForContainerReportHandler] WARN  container.ContainerReportHandler (AbstractContainerReportHandler.java:updateContainerState(145)) - Container #1 is in OPEN state, but the datanode 43cb0e13-5597-452b-a8b1-af00d0a4a497{ip: 192.168.69.118, host: pr-hdds1643-t2fz7-3136866267, networkLocation: /default-rack, certSerialId: null} reports an CLOSED replica.
2019-10-23 12:22:44,930 [EventQueue-ContainerReportForContainerReportHandler] WARN  container.ContainerReportHandler (AbstractContainerReportHandler.java:updateContainerState(145)) - Container #1 is in OPEN state, but the datanode 9d2a2146-2c04-423d-8f96-3c121403b328{ip: 192.168.69.118, host: pr-hdds1643-t2fz7-3136866267, networkLocation: /default-rack, certSerialId: null} reports an CLOSED replica.
2019-10-23 12:22:45,130 [EventQueue-ContainerReportForContainerReportHandler] WARN  container.ContainerReportHandler (AbstractContainerReportHandler.java:updateContainerState(145)) - Container #1 is in OPEN state, but the datanode 9d2a2146-2c04-423d-8f96-3c121403b328{ip: 192.168.69.118, host: pr-hdds1643-t2fz7-3136866267, networkLocation: /default-rack, certSerialId: null} reports an CLOSED replica.
2019-10-23 12:22:45,328 [EventQueue-ContainerReportForContainerReportHandler] WARN  container.ContainerReportHandler (AbstractContainerReportHandler.java:updateContainerState(145)) - Container #1 is in OPEN state, but the datanode 43cb0e13-5597-452b-a8b1-af00d0a4a497{ip: 192.168.69.118, host: pr-hdds1643-t2fz7-3136866267, networkLocation: /default-rack, certSerialId: null} reports an CLOSED replica.
2019-10-23 12:22:45,430 [EventQueue-ContainerReportForContainerReportHandler] WARN  container.ContainerReportHandler (AbstractContainerReportHandler.java:updateContainerState(145)) - Container #1 is in OPEN state, but the datanode 9d2a2146-2c04-423d-8f96-3c121403b328{ip: 192.168.69.118, host: pr-hdds1643-t2fz7-3136866267, networkLocation: /default-rack, certSerialId: null} reports an CLOSED replica.
2019-10-23 12:22:45,529 [EventQueue-ContainerReportForContainerReportHandler] WARN  container.ContainerReportHandler (AbstractContainerReportHandler.java:updateContainerState(145)) - Container #1 is in OPEN state, but the datanode 43cb0e13-5597-452b-a8b1-af00d0a4a497{ip: 192.168.69.118, host: pr-hdds1643-t2fz7-3136866267, networkLocation: /default-rack, certSerialId: null} reports an CLOSED replica.
2019-10-23 12:22:45,730 [EventQueue-ContainerReportForContainerReportHandler] WARN  container.ContainerReportHandler (AbstractContainerReportHandler.java:updateContainerState(145)) - Container #1 is in OPEN state, but the datanode 9d2a2146-2c04-423d-8f96-3c121403b328{ip: 192.168.69.118, host: pr-hdds1643-t2fz7-3136866267, networkLocation: /default-rack, certSerialId: null} reports an CLOSED replica.
2019-10-23 12:22:45,854 [BlockDeletingService#4] WARN  background.BlockDeletingService (BlockDeletingService.java:isDeletionAllowed(187)) - Close Container log Index 6 is not replicated across allthe servers in the pipeline c0e4f3a0-4d63-43fc-af6c-40390d33441a as the min replicated index is 4. Deletion is not allowed in this container yet.
2019-10-23 12:22:45,854 [BlockDeletingService#8] WARN  background.BlockDeletingService (BlockDeletingService.java:isDeletionAllowed(187)) - Close Container log Index 6 is not replicated across allthe servers in the pipeline c0e4f3a0-4d63-43fc-af6c-40390d33441a as the min replicated index is 4. Deletion is not allowed in this container yet.
2019-10-23 12:22:45,930 [EventQueue-ContainerReportForContainerReportHandler] WARN  container.ContainerReportHandler (AbstractContainerReportHandler.java:updateContainerState(145)) - Container #1 is in OPEN state, but the datanode 43cb0e13-5597-452b-a8b1-af00d0a4a497{ip: 192.168.69.118, host: pr-hdds1643-t2fz7-3136866267, networkLocation: /default-rack, certSerialId: null} reports an CLOSED replica.
2019-10-23 12:22:46,030 [EventQueue-ContainerReportForContainerReportHandler] WARN  container.ContainerReportHandler (AbstractContainerReportHandler.java:updateContainerState(145)) - Container #1 is in OPEN state, but the datanode 9d2a2146-2c04-423d-8f96-3c121403b328{ip: 192.168.69.118, host: pr-hdds1643-t2fz7-3136866267, networkLocation: /default-rack, certSerialId: null} reports an CLOSED replica.
2019-10-23 12:22:46,230 [EventQueue-ContainerReportForContainerReportHandler] WARN  container.ContainerReportHandler (AbstractContainerReportHandler.java:updateContainerState(145)) - Container #1 is in OPEN state, but the datanode 43cb0e13-5597-452b-a8b1-af00d0a4a497{ip: 192.168.69.118, host: pr-hdds1643-t2fz7-3136866267, networkLocation: /default-rack, certSerialId: null} reports an CLOSED replica.
2019-10-23 12:22:46,330 [EventQueue-ContainerReportForContainerReportHandler] WARN  container.ContainerReportHandler (AbstractContainerReportHandler.java:updateContainerState(145)) - Container #1 is in OPEN state, but the datanode 9d2a2146-2c04-423d-8f96-3c121403b328{ip: 192.168.69.118, host: pr-hdds1643-t2fz7-3136866267, networkLocation: /default-rack, certSerialId: null} reports an CLOSED replica.
2019-10-23 12:22:46,430 [EventQueue-ContainerReportForContainerReportHandler] WARN  container.ContainerReportHandler (AbstractContainerReportHandler.java:updateContainerState(145)) - Container #1 is in OPEN state, but the datanode 43cb0e13-5597-452b-a8b1-af00d0a4a497{ip: 192.168.69.118, host: pr-hdds1643-t2fz7-3136866267, networkLocation: /default-rack, certSerialId: null} reports an CLOSED replica.
2019-10-23 12:22:46,630 [EventQueue-ContainerReportForContainerReportHandler] WARN  container.ContainerReportHandler (AbstractContainerReportHandler.java:updateContainerState(145)) - Container #1 is in OPEN state, but the datanode 9d2a2146-2c04-423d-8f96-3c121403b328{ip: 192.168.69.118, host: pr-hdds1643-t2fz7-3136866267, networkLocation: /default-rack, certSerialId: null} reports an CLOSED replica.
2019-10-23 12:22:46,653 [java.util.concurrent.ThreadPoolExecutor$Worker@16be38ad[State = -1, empty queue]] WARN  server.GrpcLogAppender (GrpcLogAppender.java:timeoutAppendRequest(209)) - 43cb0e13-5597-452b-a8b1-af00d0a4a497@group-40390D33441A->04710d3b-08a7-4a70-b69f-f772706c6105-GrpcLogAppender: appendEntries Timeout, request=43cb0e13-5597-452b-a8b1-af00d0a4a497->04710d3b-08a7-4a70-b69f-f772706c6105#39-t3, previous=(t:3, i:10), leaderCommit=10, initializing? false, entries: <empty>
2019-10-23 12:22:46,730 [EventQueue-ContainerReportForContainerReportHandler] WARN  container.ContainerReportHandler (AbstractContainerReportHandler.java:updateContainerState(145)) - Container #1 is in OPEN state, but the datanode 43cb0e13-5597-452b-a8b1-af00d0a4a497{ip: 192.168.69.118, host: pr-hdds1643-t2fz7-3136866267, networkLocation: /default-rack, certSerialId: null} reports an CLOSED replica.
2019-10-23 12:22:46,806 [Thread-449] INFO  client.GrpcClientProtocolService (GrpcClientProtocolService.java:lambda$processClientRequest$0(278)) - Failed RaftClientRequest:client-F877F7AB4D5B->9d2a2146-2c04-423d-8f96-3c121403b328@group-40390D33441A, cid=10, seq=0, Watch-ALL_COMMITTED(6), Message:<EMPTY>, reply=RaftClientReply:client-F877F7AB4D5B->9d2a2146-2c04-423d-8f96-3c121403b328@group-40390D33441A, cid=10, FAILED org.apache.ratis.protocol.NotLeaderException: Server 9d2a2146-2c04-423d-8f96-3c121403b328@group-40390D33441A is not the leader 43cb0e13-5597-452b-a8b1-af00d0a4a497:192.168.69.118:45201, logIndex=0, commits[9d2a2146-2c04-423d-8f96-3c121403b328:c10, 04710d3b-08a7-4a70-b69f-f772706c6105:c4, 43cb0e13-5597-452b-a8b1-af00d0a4a497:c10]
2019-10-23 12:22:46,830 [EventQueue-ContainerReportForContainerReportHandler] WARN  container.ContainerReportHandler (AbstractContainerReportHandler.java:updateContainerState(145)) - Container #1 is in OPEN state, but the datanode 9d2a2146-2c04-423d-8f96-3c121403b328{ip: 192.168.69.118, host: pr-hdds1643-t2fz7-3136866267, networkLocation: /default-rack, certSerialId: null} reports an CLOSED replica.
2019-10-23 12:22:46,855 [BlockDeletingService#4] WARN  background.BlockDeletingService (BlockDeletingService.java:isDeletionAllowed(187)) - Close Container log Index 6 is not replicated across allthe servers in the pipeline c0e4f3a0-4d63-43fc-af6c-40390d33441a as the min replicated index is 4. Deletion is not allowed in this container yet.
2019-10-23 12:22:46,856 [BlockDeletingService#8] WARN  background.BlockDeletingService (BlockDeletingService.java:isDeletionAllowed(187)) - Close Container log Index 6 is not replicated across allthe servers in the pipeline c0e4f3a0-4d63-43fc-af6c-40390d33441a as the min replicated index is 4. Deletion is not allowed in this container yet.
2019-10-23 12:22:46,930 [EventQueue-ContainerReportForContainerReportHandler] WARN  container.ContainerReportHandler (AbstractContainerReportHandler.java:updateContainerState(145)) - Container #1 is in OPEN state, but the datanode 43cb0e13-5597-452b-a8b1-af00d0a4a497{ip: 192.168.69.118, host: pr-hdds1643-t2fz7-3136866267, networkLocation: /default-rack, certSerialId: null} reports an CLOSED replica.
2019-10-23 12:22:47,232 [EventQueue-ContainerReportForContainerReportHandler] WARN  container.ContainerReportHandler (AbstractContainerReportHandler.java:updateContainerState(145)) - Container #1 is in OPEN state, but the datanode 9d2a2146-2c04-423d-8f96-3c121403b328{ip: 192.168.69.118, host: pr-hdds1643-t2fz7-3136866267, networkLocation: /default-rack, certSerialId: null} reports an CLOSED replica.
2019-10-23 12:22:47,332 [EventQueue-ContainerReportForContainerReportHandler] WARN  container.ContainerReportHandler (AbstractContainerReportHandler.java:updateContainerState(145)) - Container #1 is in OPEN state, but the datanode 43cb0e13-5597-452b-a8b1-af00d0a4a497{ip: 192.168.69.118, host: pr-hdds1643-t2fz7-3136866267, networkLocation: /default-rack, certSerialId: null} reports an CLOSED replica.
2019-10-23 12:22:47,431 [EventQueue-ContainerReportForContainerReportHandler] WARN  container.ContainerReportHandler (AbstractContainerReportHandler.java:updateContainerState(145)) - Container #1 is in OPEN state, but the datanode 9d2a2146-2c04-423d-8f96-3c121403b328{ip: 192.168.69.118, host: pr-hdds1643-t2fz7-3136866267, networkLocation: /default-rack, certSerialId: null} reports an CLOSED replica.
2019-10-23 12:22:47,632 [EventQueue-ContainerReportForContainerReportHandler] WARN  container.ContainerReportHandler (AbstractContainerReportHandler.java:updateContainerState(145)) - Container #1 is in OPEN state, but the datanode 9d2a2146-2c04-423d-8f96-3c121403b328{ip: 192.168.69.118, host: pr-hdds1643-t2fz7-3136866267, networkLocation: /default-rack, certSerialId: null} reports an CLOSED replica.
2019-10-23 12:22:47,632 [EventQueue-ContainerReportForContainerReportHandler] WARN  container.ContainerReportHandler (AbstractContainerReportHandler.java:updateContainerState(145)) - Container #1 is in OPEN state, but the datanode 43cb0e13-5597-452b-a8b1-af00d0a4a497{ip: 192.168.69.118, host: pr-hdds1643-t2fz7-3136866267, networkLocation: /default-rack, certSerialId: null} reports an CLOSED replica.
2019-10-23 12:22:47,831 [EventQueue-ContainerReportForContainerReportHandler] WARN  container.ContainerReportHandler (AbstractContainerReportHandler.java:updateContainerState(145)) - Container #1 is in OPEN state, but the datanode 9d2a2146-2c04-423d-8f96-3c121403b328{ip: 192.168.69.118, host: pr-hdds1643-t2fz7-3136866267, networkLocation: /default-rack, certSerialId: null} reports an CLOSED replica.
2019-10-23 12:22:47,857 [BlockDeletingService#4] WARN  background.BlockDeletingService (BlockDeletingService.java:isDeletionAllowed(187)) - Close Container log Index 6 is not replicated across allthe servers in the pipeline c0e4f3a0-4d63-43fc-af6c-40390d33441a as the min replicated index is 4. Deletion is not allowed in this container yet.
2019-10-23 12:22:47,858 [BlockDeletingService#8] WARN  background.BlockDeletingService (BlockDeletingService.java:isDeletionAllowed(187)) - Close Container log Index 6 is not replicated across allthe servers in the pipeline c0e4f3a0-4d63-43fc-af6c-40390d33441a as the min replicated index is 4. Deletion is not allowed in this container yet.
2019-10-23 12:22:47,884 [Thread-456] INFO  client.GrpcClientProtocolService (GrpcClientProtocolService.java:lambda$processClientRequest$0(278)) - Failed RaftClientRequest:client-F877F7AB4D5B->43cb0e13-5597-452b-a8b1-af00d0a4a497@group-40390D33441A, cid=10, seq=0, Watch-ALL_COMMITTED(6), Message:<EMPTY>, reply=RaftClientReply:client-F877F7AB4D5B->43cb0e13-5597-452b-a8b1-af00d0a4a497@group-40390D33441A, cid=10, FAILED org.apache.ratis.protocol.NotReplicatedException: Request with call Id 10 and log index 6 is not yet replicated to ALL_COMMITTED, logIndex=6, commits[43cb0e13-5597-452b-a8b1-af00d0a4a497:c10, 9d2a2146-2c04-423d-8f96-3c121403b328:c10, 04710d3b-08a7-4a70-b69f-f772706c6105:c4]
2019-10-23 12:22:47,931 [EventQueue-ContainerReportForContainerReportHandler] WARN  container.ContainerReportHandler (AbstractContainerReportHandler.java:updateContainerState(145)) - Container #1 is in OPEN state, but the datanode 43cb0e13-5597-452b-a8b1-af00d0a4a497{ip: 192.168.69.118, host: pr-hdds1643-t2fz7-3136866267, networkLocation: /default-rack, certSerialId: null} reports an CLOSED replica.
2019-10-23 12:22:48,131 [EventQueue-ContainerReportForContainerReportHandler] WARN  container.ContainerReportHandler (AbstractContainerReportHandler.java:updateContainerState(145)) - Container #1 is in OPEN state, but the datanode 9d2a2146-2c04-423d-8f96-3c121403b328{ip: 192.168.69.118, host: pr-hdds1643-t2fz7-3136866267, networkLocation: /default-rack, certSerialId: null} reports an CLOSED replica.
2019-10-23 12:22:48,231 [EventQueue-ContainerReportForContainerReportHandler] WARN  container.ContainerReportHandler (AbstractContainerReportHandler.java:updateContainerState(145)) - Container #1 is in OPEN state, but the datanode 43cb0e13-5597-452b-a8b1-af00d0a4a497{ip: 192.168.69.118, host: pr-hdds1643-t2fz7-3136866267, networkLocation: /default-rack, certSerialId: null} reports an CLOSED replica.
2019-10-23 12:22:48,431 [EventQueue-ContainerReportForContainerReportHandler] WARN  container.ContainerReportHandler (AbstractContainerReportHandler.java:updateContainerState(145)) - Container #1 is in OPEN state, but the datanode 9d2a2146-2c04-423d-8f96-3c121403b328{ip: 192.168.69.118, host: pr-hdds1643-t2fz7-3136866267, networkLocation: /default-rack, certSerialId: null} reports an CLOSED replica.
2019-10-23 12:22:48,431 [EventQueue-ContainerReportForContainerReportHandler] WARN  container.ContainerReportHandler (AbstractContainerReportHandler.java:updateContainerState(145)) - Container #1 is in OPEN state, but the datanode 43cb0e13-5597-452b-a8b1-af00d0a4a497{ip: 192.168.69.118, host: pr-hdds1643-t2fz7-3136866267, networkLocation: /default-rack, certSerialId: null} reports an CLOSED replica.
2019-10-23 12:22:48,632 [EventQueue-ContainerReportForContainerReportHandler] WARN  container.ContainerReportHandler (AbstractContainerReportHandler.java:updateContainerState(145)) - Container #1 is in OPEN state, but the datanode 43cb0e13-5597-452b-a8b1-af00d0a4a497{ip: 192.168.69.118, host: pr-hdds1643-t2fz7-3136866267, networkLocation: /default-rack, certSerialId: null} reports an CLOSED replica.
2019-10-23 12:22:48,732 [EventQueue-ContainerReportForContainerReportHandler] WARN  container.ContainerReportHandler (AbstractContainerReportHandler.java:updateContainerState(145)) - Container #1 is in OPEN state, but the datanode 9d2a2146-2c04-423d-8f96-3c121403b328{ip: 192.168.69.118, host: pr-hdds1643-t2fz7-3136866267, networkLocation: /default-rack, certSerialId: null} reports an CLOSED replica.
2019-10-23 12:22:48,859 [BlockDeletingService#4] WARN  background.BlockDeletingService (BlockDeletingService.java:isDeletionAllowed(187)) - Close Container log Index 6 is not replicated across allthe servers in the pipeline c0e4f3a0-4d63-43fc-af6c-40390d33441a as the min replicated index is 4. Deletion is not allowed in this container yet.
2019-10-23 12:22:48,859 [BlockDeletingService#8] WARN  background.BlockDeletingService (BlockDeletingService.java:isDeletionAllowed(187)) - Close Container log Index 6 is not replicated across allthe servers in the pipeline c0e4f3a0-4d63-43fc-af6c-40390d33441a as the min replicated index is 4. Deletion is not allowed in this container yet.
2019-10-23 12:22:48,931 [EventQueue-ContainerReportForContainerReportHandler] WARN  container.ContainerReportHandler (AbstractContainerReportHandler.java:updateContainerState(145)) - Container #1 is in OPEN state, but the datanode 43cb0e13-5597-452b-a8b1-af00d0a4a497{ip: 192.168.69.118, host: pr-hdds1643-t2fz7-3136866267, networkLocation: /default-rack, certSerialId: null} reports an CLOSED replica.
2019-10-23 12:22:49,031 [EventQueue-ContainerReportForContainerReportHandler] WARN  container.ContainerReportHandler (AbstractContainerReportHandler.java:updateContainerState(145)) - Container #1 is in OPEN state, but the datanode 9d2a2146-2c04-423d-8f96-3c121403b328{ip: 192.168.69.118, host: pr-hdds1643-t2fz7-3136866267, networkLocation: /default-rack, certSerialId: null} reports an CLOSED replica.
2019-10-23 12:22:49,154 [java.util.concurrent.ThreadPoolExecutor$Worker@16be38ad[State = -1, empty queue]] WARN  server.GrpcLogAppender (GrpcLogAppender.java:timeoutAppendRequest(209)) - 43cb0e13-5597-452b-a8b1-af00d0a4a497@group-40390D33441A->04710d3b-08a7-4a70-b69f-f772706c6105-GrpcLogAppender: appendEntries Timeout, request=43cb0e13-5597-452b-a8b1-af00d0a4a497->04710d3b-08a7-4a70-b69f-f772706c6105#40-t3, previous=(t:3, i:10), leaderCommit=10, initializing? false, entries: <empty>
2019-10-23 12:22:49,232 [EventQueue-ContainerReportForContainerReportHandler] WARN  container.ContainerReportHandler (AbstractContainerReportHandler.java:updateContainerState(145)) - Container #1 is in OPEN state, but the datanode 43cb0e13-5597-452b-a8b1-af00d0a4a497{ip: 192.168.69.118, host: pr-hdds1643-t2fz7-3136866267, networkLocation: /default-rack, certSerialId: null} reports an CLOSED replica.
2019-10-23 12:22:49,431 [EventQueue-ContainerReportForContainerReportHandler] WARN  container.ContainerReportHandler (AbstractContainerReportHandler.java:updateContainerState(145)) - Container #1 is in OPEN state, but the datanode 9d2a2146-2c04-423d-8f96-3c121403b328{ip: 192.168.69.118, host: pr-hdds1643-t2fz7-3136866267, networkLocation: /default-rack, certSerialId: null} reports an CLOSED replica.
2019-10-23 12:22:49,432 [EventQueue-ContainerReportForContainerReportHandler] WARN  container.ContainerReportHandler (AbstractContainerReportHandler.java:updateContainerState(145)) - Container #1 is in OPEN state, but the datanode 43cb0e13-5597-452b-a8b1-af00d0a4a497{ip: 192.168.69.118, host: pr-hdds1643-t2fz7-3136866267, networkLocation: /default-rack, certSerialId: null} reports an CLOSED replica.
2019-10-23 12:22:49,732 [EventQueue-ContainerReportForContainerReportHandler] WARN  container.ContainerReportHandler (AbstractContainerReportHandler.java:updateContainerState(145)) - Container #1 is in OPEN state, but the datanode 9d2a2146-2c04-423d-8f96-3c121403b328{ip: 192.168.69.118, host: pr-hdds1643-t2fz7-3136866267, networkLocation: /default-rack, certSerialId: null} reports an CLOSED replica.
2019-10-23 12:22:49,733 [EventQueue-ContainerReportForContainerReportHandler] WARN  container.ContainerReportHandler (AbstractContainerReportHandler.java:updateContainerState(145)) - Container #1 is in OPEN state, but the datanode 43cb0e13-5597-452b-a8b1-af00d0a4a497{ip: 192.168.69.118, host: pr-hdds1643-t2fz7-3136866267, networkLocation: /default-rack, certSerialId: null} reports an CLOSED replica.
2019-10-23 12:22:49,862 [BlockDeletingService#4] WARN  background.BlockDeletingService (BlockDeletingService.java:isDeletionAllowed(187)) - Close Container log Index 6 is not replicated across allthe servers in the pipeline c0e4f3a0-4d63-43fc-af6c-40390d33441a as the min replicated index is 4. Deletion is not allowed in this container yet.
2019-10-23 12:22:49,862 [BlockDeletingService#9] WARN  background.BlockDeletingService (BlockDeletingService.java:isDeletionAllowed(187)) - Close Container log Index 6 is not replicated across allthe servers in the pipeline c0e4f3a0-4d63-43fc-af6c-40390d33441a as the min replicated index is 4. Deletion is not allowed in this container yet.
2019-10-23 12:22:49,934 [EventQueue-ContainerReportForContainerReportHandler] WARN  container.ContainerReportHandler (AbstractContainerReportHandler.java:updateContainerState(145)) - Container #1 is in OPEN state, but the datanode 43cb0e13-5597-452b-a8b1-af00d0a4a497{ip: 192.168.69.118, host: pr-hdds1643-t2fz7-3136866267, networkLocation: /default-rack, certSerialId: null} reports an CLOSED replica.
2019-10-23 12:22:50,032 [EventQueue-ContainerReportForContainerReportHandler] WARN  container.ContainerReportHandler (AbstractContainerReportHandler.java:updateContainerState(145)) - Container #1 is in OPEN state, but the datanode 9d2a2146-2c04-423d-8f96-3c121403b328{ip: 192.168.69.118, host: pr-hdds1643-t2fz7-3136866267, networkLocation: /default-rack, certSerialId: null} reports an CLOSED replica.
2019-10-23 12:22:50,233 [EventQueue-ContainerReportForContainerReportHandler] WARN  container.ContainerReportHandler (AbstractContainerReportHandler.java:updateContainerState(145)) - Container #1 is in OPEN state, but the datanode 43cb0e13-5597-452b-a8b1-af00d0a4a497{ip: 192.168.69.118, host: pr-hdds1643-t2fz7-3136866267, networkLocation: /default-rack, certSerialId: null} reports an CLOSED replica.
2019-10-23 12:22:50,335 [EventQueue-ContainerReportForContainerReportHandler] WARN  container.ContainerReportHandler (AbstractContainerReportHandler.java:updateContainerState(145)) - Container #1 is in OPEN state, but the datanode 9d2a2146-2c04-423d-8f96-3c121403b328{ip: 192.168.69.118, host: pr-hdds1643-t2fz7-3136866267, networkLocation: /default-rack, certSerialId: null} reports an CLOSED replica.
2019-10-23 12:22:50,433 [EventQueue-ContainerReportForContainerReportHandler] WARN  container.ContainerReportHandler (AbstractContainerReportHandler.java:updateContainerState(145)) - Container #1 is in OPEN state, but the datanode 43cb0e13-5597-452b-a8b1-af00d0a4a497{ip: 192.168.69.118, host: pr-hdds1643-t2fz7-3136866267, networkLocation: /default-rack, certSerialId: null} reports an CLOSED replica.
2019-10-23 12:22:50,532 [EventQueue-ContainerReportForContainerReportHandler] WARN  container.ContainerReportHandler (AbstractContainerReportHandler.java:updateContainerState(145)) - Container #1 is in OPEN state, but the datanode 9d2a2146-2c04-423d-8f96-3c121403b328{ip: 192.168.69.118, host: pr-hdds1643-t2fz7-3136866267, networkLocation: /default-rack, certSerialId: null} reports an CLOSED replica.
2019-10-23 12:22:50,732 [EventQueue-ContainerReportForContainerReportHandler] WARN  container.ContainerReportHandler (AbstractContainerReportHandler.java:updateContainerState(145)) - Container #1 is in OPEN state, but the datanode 9d2a2146-2c04-423d-8f96-3c121403b328{ip: 192.168.69.118, host: pr-hdds1643-t2fz7-3136866267, networkLocation: /default-rack, certSerialId: null} reports an CLOSED replica.
2019-10-23 12:22:50,733 [EventQueue-ContainerReportForContainerReportHandler] WARN  container.ContainerReportHandler (AbstractContainerReportHandler.java:updateContainerState(145)) - Container #1 is in OPEN state, but the datanode 43cb0e13-5597-452b-a8b1-af00d0a4a497{ip: 192.168.69.118, host: pr-hdds1643-t2fz7-3136866267, networkLocation: /default-rack, certSerialId: null} reports an CLOSED replica.
2019-10-23 12:22:50,864 [BlockDeletingService#4] WARN  background.BlockDeletingService (BlockDeletingService.java:isDeletionAllowed(187)) - Close Container log Index 6 is not replicated across allthe servers in the pipeline c0e4f3a0-4d63-43fc-af6c-40390d33441a as the min replicated index is 4. Deletion is not allowed in this container yet.
2019-10-23 12:22:50,864 [BlockDeletingService#9] WARN  background.BlockDeletingService (BlockDeletingService.java:isDeletionAllowed(187)) - Close Container log Index 6 is not replicated across allthe servers in the pipeline c0e4f3a0-4d63-43fc-af6c-40390d33441a as the min replicated index is 4. Deletion is not allowed in this container yet.
2019-10-23 12:22:50,933 [EventQueue-ContainerReportForContainerReportHandler] WARN  container.ContainerReportHandler (AbstractContainerReportHandler.java:updateContainerState(145)) - Container #1 is in OPEN state, but the datanode 43cb0e13-5597-452b-a8b1-af00d0a4a497{ip: 192.168.69.118, host: pr-hdds1643-t2fz7-3136866267, networkLocation: /default-rack, certSerialId: null} reports an CLOSED replica.
2019-10-23 12:22:51,133 [EventQueue-ContainerReportForContainerReportHandler] WARN  container.ContainerReportHandler (AbstractContainerReportHandler.java:updateContainerState(145)) - Container #1 is in OPEN state, but the datanode 9d2a2146-2c04-423d-8f96-3c121403b328{ip: 192.168.69.118, host: pr-hdds1643-t2fz7-3136866267, networkLocation: /default-rack, certSerialId: null} reports an CLOSED replica.
2019-10-23 12:22:51,333 [EventQueue-ContainerReportForContainerReportHandler] WARN  container.ContainerReportHandler (AbstractContainerReportHandler.java:updateContainerState(145)) - Container #1 is in OPEN state, but the datanode 43cb0e13-5597-452b-a8b1-af00d0a4a497{ip: 192.168.69.118, host: pr-hdds1643-t2fz7-3136866267, networkLocation: /default-rack, certSerialId: null} reports an CLOSED replica.
2019-10-23 12:22:51,432 [EventQueue-ContainerReportForContainerReportHandler] WARN  container.ContainerReportHandler (AbstractContainerReportHandler.java:updateContainerState(145)) - Container #1 is in OPEN state, but the datanode 9d2a2146-2c04-423d-8f96-3c121403b328{ip: 192.168.69.118, host: pr-hdds1643-t2fz7-3136866267, networkLocation: /default-rack, certSerialId: null} reports an CLOSED replica.
2019-10-23 12:22:51,633 [EventQueue-ContainerReportForContainerReportHandler] WARN  container.ContainerReportHandler (AbstractContainerReportHandler.java:updateContainerState(145)) - Container #1 is in OPEN state, but the datanode 43cb0e13-5597-452b-a8b1-af00d0a4a497{ip: 192.168.69.118, host: pr-hdds1643-t2fz7-3136866267, networkLocation: /default-rack, certSerialId: null} reports an CLOSED replica.
2019-10-23 12:22:51,655 [java.util.concurrent.ThreadPoolExecutor$Worker@16be38ad[State = -1, empty queue]] WARN  server.GrpcLogAppender (GrpcLogAppender.java:timeoutAppendRequest(209)) - 43cb0e13-5597-452b-a8b1-af00d0a4a497@group-40390D33441A->04710d3b-08a7-4a70-b69f-f772706c6105-GrpcLogAppender: appendEntries Timeout, request=43cb0e13-5597-452b-a8b1-af00d0a4a497->04710d3b-08a7-4a70-b69f-f772706c6105#41-t3, previous=(t:3, i:10), leaderCommit=10, initializing? false, entries: <empty>
2019-10-23 12:22:51,833 [EventQueue-ContainerReportForContainerReportHandler] WARN  container.ContainerReportHandler (AbstractContainerReportHandler.java:updateContainerState(145)) - Container #1 is in OPEN state, but the datanode 9d2a2146-2c04-423d-8f96-3c121403b328{ip: 192.168.69.118, host: pr-hdds1643-t2fz7-3136866267, networkLocation: /default-rack, certSerialId: null} reports an CLOSED replica.
2019-10-23 12:22:51,866 [BlockDeletingService#9] WARN  background.BlockDeletingService (BlockDeletingService.java:isDeletionAllowed(187)) - Close Container log Index 6 is not replicated across allthe servers in the pipeline c0e4f3a0-4d63-43fc-af6c-40390d33441a as the min replicated index is 4. Deletion is not allowed in this container yet.
2019-10-23 12:22:51,866 [BlockDeletingService#4] WARN  background.BlockDeletingService (BlockDeletingService.java:isDeletionAllowed(187)) - Close Container log Index 6 is not replicated across allthe servers in the pipeline c0e4f3a0-4d63-43fc-af6c-40390d33441a as the min replicated index is 4. Deletion is not allowed in this container yet.
2019-10-23 12:22:51,933 [EventQueue-ContainerReportForContainerReportHandler] WARN  container.ContainerReportHandler (AbstractContainerReportHandler.java:updateContainerState(145)) - Container #1 is in OPEN state, but the datanode 43cb0e13-5597-452b-a8b1-af00d0a4a497{ip: 192.168.69.118, host: pr-hdds1643-t2fz7-3136866267, networkLocation: /default-rack, certSerialId: null} reports an CLOSED replica.
2019-10-23 12:22:52,032 [EventQueue-ContainerReportForContainerReportHandler] WARN  container.ContainerReportHandler (AbstractContainerReportHandler.java:updateContainerState(145)) - Container #1 is in OPEN state, but the datanode 9d2a2146-2c04-423d-8f96-3c121403b328{ip: 192.168.69.118, host: pr-hdds1643-t2fz7-3136866267, networkLocation: /default-rack, certSerialId: null} reports an CLOSED replica.
2019-10-23 12:22:52,233 [EventQueue-ContainerReportForContainerReportHandler] WARN  container.ContainerReportHandler (AbstractContainerReportHandler.java:updateContainerState(145)) - Container #1 is in OPEN state, but the datanode 43cb0e13-5597-452b-a8b1-af00d0a4a497{ip: 192.168.69.118, host: pr-hdds1643-t2fz7-3136866267, networkLocation: /default-rack, certSerialId: null} reports an CLOSED replica.
2019-10-23 12:22:52,432 [EventQueue-ContainerReportForContainerReportHandler] WARN  container.ContainerReportHandler (AbstractContainerReportHandler.java:updateContainerState(145)) - Container #1 is in OPEN state, but the datanode 9d2a2146-2c04-423d-8f96-3c121403b328{ip: 192.168.69.118, host: pr-hdds1643-t2fz7-3136866267, networkLocation: /default-rack, certSerialId: null} reports an CLOSED replica.
2019-10-23 12:22:52,535 [EventQueue-ContainerReportForContainerReportHandler] WARN  container.ContainerReportHandler (AbstractContainerReportHandler.java:updateContainerState(145)) - Container #1 is in OPEN state, but the datanode 43cb0e13-5597-452b-a8b1-af00d0a4a497{ip: 192.168.69.118, host: pr-hdds1643-t2fz7-3136866267, networkLocation: /default-rack, certSerialId: null} reports an CLOSED replica.
2019-10-23 12:22:52,732 [EventQueue-ContainerReportForContainerReportHandler] WARN  container.ContainerReportHandler (AbstractContainerReportHandler.java:updateContainerState(145)) - Container #1 is in OPEN state, but the datanode 9d2a2146-2c04-423d-8f96-3c121403b328{ip: 192.168.69.118, host: pr-hdds1643-t2fz7-3136866267, networkLocation: /default-rack, certSerialId: null} reports an CLOSED replica.
2019-10-23 12:22:52,736 [EventQueue-ContainerReportForContainerReportHandler] WARN  container.ContainerReportHandler (AbstractContainerReportHandler.java:updateContainerState(145)) - Container #1 is in OPEN state, but the datanode 43cb0e13-5597-452b-a8b1-af00d0a4a497{ip: 192.168.69.118, host: pr-hdds1643-t2fz7-3136866267, networkLocation: /default-rack, certSerialId: null} reports an CLOSED replica.
2019-10-23 12:22:52,868 [BlockDeletingService#4] WARN  background.BlockDeletingService (BlockDeletingService.java:isDeletionAllowed(187)) - Close Container log Index 6 is not replicated across allthe servers in the pipeline c0e4f3a0-4d63-43fc-af6c-40390d33441a as the min replicated index is 4. Deletion is not allowed in this container yet.
2019-10-23 12:22:52,868 [BlockDeletingService#9] WARN  background.BlockDeletingService (BlockDeletingService.java:isDeletionAllowed(187)) - Close Container log Index 6 is not replicated across allthe servers in the pipeline c0e4f3a0-4d63-43fc-af6c-40390d33441a as the min replicated index is 4. Deletion is not allowed in this container yet.
2019-10-23 12:22:53,033 [EventQueue-ContainerReportForContainerReportHandler] WARN  container.ContainerReportHandler (AbstractContainerReportHandler.java:updateContainerState(145)) - Container #1 is in OPEN state, but the datanode 9d2a2146-2c04-423d-8f96-3c121403b328{ip: 192.168.69.118, host: pr-hdds1643-t2fz7-3136866267, networkLocation: /default-rack, certSerialId: null} reports an CLOSED replica.
2019-10-23 12:22:53,136 [EventQueue-ContainerReportForContainerReportHandler] WARN  container.ContainerReportHandler (AbstractContainerReportHandler.java:updateContainerState(145)) - Container #1 is in OPEN state, but the datanode 43cb0e13-5597-452b-a8b1-af00d0a4a497{ip: 192.168.69.118, host: pr-hdds1643-t2fz7-3136866267, networkLocation: /default-rack, certSerialId: null} reports an CLOSED replica.
2019-10-23 12:22:53,432 [EventQueue-ContainerReportForContainerReportHandler] WARN  container.ContainerReportHandler (AbstractContainerReportHandler.java:updateContainerState(145)) - Container #1 is in OPEN state, but the datanode 9d2a2146-2c04-423d-8f96-3c121403b328{ip: 192.168.69.118, host: pr-hdds1643-t2fz7-3136866267, networkLocation: /default-rack, certSerialId: null} reports an CLOSED replica.
2019-10-23 12:22:53,536 [EventQueue-ContainerReportForContainerReportHandler] WARN  container.ContainerReportHandler (AbstractContainerReportHandler.java:updateContainerState(145)) - Container #1 is in OPEN state, but the datanode 43cb0e13-5597-452b-a8b1-af00d0a4a497{ip: 192.168.69.118, host: pr-hdds1643-t2fz7-3136866267, networkLocation: /default-rack, certSerialId: null} reports an CLOSED replica.
2019-10-23 12:22:53,732 [EventQueue-ContainerReportForContainerReportHandler] WARN  container.ContainerReportHandler (AbstractContainerReportHandler.java:updateContainerState(145)) - Container #1 is in OPEN state, but the datanode 9d2a2146-2c04-423d-8f96-3c121403b328{ip: 192.168.69.118, host: pr-hdds1643-t2fz7-3136866267, networkLocation: /default-rack, certSerialId: null} reports an CLOSED replica.
2019-10-23 12:22:53,836 [EventQueue-ContainerReportForContainerReportHandler] WARN  container.ContainerReportHandler (AbstractContainerReportHandler.java:updateContainerState(145)) - Container #1 is in OPEN state, but the datanode 43cb0e13-5597-452b-a8b1-af00d0a4a497{ip: 192.168.69.118, host: pr-hdds1643-t2fz7-3136866267, networkLocation: /default-rack, certSerialId: null} reports an CLOSED replica.
2019-10-23 12:22:53,870 [BlockDeletingService#4] WARN  background.BlockDeletingService (BlockDeletingService.java:isDeletionAllowed(187)) - Close Container log Index 6 is not replicated across allthe servers in the pipeline c0e4f3a0-4d63-43fc-af6c-40390d33441a as the min replicated index is 4. Deletion is not allowed in this container yet.
2019-10-23 12:22:53,870 [BlockDeletingService#9] WARN  background.BlockDeletingService (BlockDeletingService.java:isDeletionAllowed(187)) - Close Container log Index 6 is not replicated across allthe servers in the pipeline c0e4f3a0-4d63-43fc-af6c-40390d33441a as the min replicated index is 4. Deletion is not allowed in this container yet.
2019-10-23 12:22:53,933 [EventQueue-ContainerReportForContainerReportHandler] WARN  container.ContainerReportHandler (AbstractContainerReportHandler.java:updateContainerState(145)) - Container #1 is in OPEN state, but the datanode 9d2a2146-2c04-423d-8f96-3c121403b328{ip: 192.168.69.118, host: pr-hdds1643-t2fz7-3136866267, networkLocation: /default-rack, certSerialId: null} reports an CLOSED replica.
2019-10-23 12:22:54,136 [EventQueue-ContainerReportForContainerReportHandler] WARN  container.ContainerReportHandler (AbstractContainerReportHandler.java:updateContainerState(145)) - Container #1 is in OPEN state, but the datanode 43cb0e13-5597-452b-a8b1-af00d0a4a497{ip: 192.168.69.118, host: pr-hdds1643-t2fz7-3136866267, networkLocation: /default-rack, certSerialId: null} reports an CLOSED replica.
2019-10-23 12:22:54,158 [java.util.concurrent.ThreadPoolExecutor$Worker@16be38ad[State = -1, empty queue]] WARN  server.GrpcLogAppender (GrpcLogAppender.java:timeoutAppendRequest(209)) - 43cb0e13-5597-452b-a8b1-af00d0a4a497@group-40390D33441A->04710d3b-08a7-4a70-b69f-f772706c6105-GrpcLogAppender: appendEntries Timeout, request=43cb0e13-5597-452b-a8b1-af00d0a4a497->04710d3b-08a7-4a70-b69f-f772706c6105#42-t3, previous=(t:3, i:10), leaderCommit=10, initializing? false, entries: <empty>
2019-10-23 12:22:54,233 [EventQueue-ContainerReportForContainerReportHandler] WARN  container.ContainerReportHandler (AbstractContainerReportHandler.java:updateContainerState(145)) - Container #1 is in OPEN state, but the datanode 9d2a2146-2c04-423d-8f96-3c121403b328{ip: 192.168.69.118, host: pr-hdds1643-t2fz7-3136866267, networkLocation: /default-rack, certSerialId: null} reports an CLOSED replica.
2019-10-23 12:22:54,435 [EventQueue-ContainerReportForContainerReportHandler] WARN  container.ContainerReportHandler (AbstractContainerReportHandler.java:updateContainerState(145)) - Container #1 is in OPEN state, but the datanode 43cb0e13-5597-452b-a8b1-af00d0a4a497{ip: 192.168.69.118, host: pr-hdds1643-t2fz7-3136866267, networkLocation: /default-rack, certSerialId: null} reports an CLOSED replica.
2019-10-23 12:22:54,533 [EventQueue-ContainerReportForContainerReportHandler] WARN  container.ContainerReportHandler (AbstractContainerReportHandler.java:updateContainerState(145)) - Container #1 is in OPEN state, but the datanode 9d2a2146-2c04-423d-8f96-3c121403b328{ip: 192.168.69.118, host: pr-hdds1643-t2fz7-3136866267, networkLocation: /default-rack, certSerialId: null} reports an CLOSED replica.
2019-10-23 12:22:54,736 [EventQueue-ContainerReportForContainerReportHandler] WARN  container.ContainerReportHandler (AbstractContainerReportHandler.java:updateContainerState(145)) - Container #1 is in OPEN state, but the datanode 43cb0e13-5597-452b-a8b1-af00d0a4a497{ip: 192.168.69.118, host: pr-hdds1643-t2fz7-3136866267, networkLocation: /default-rack, certSerialId: null} reports an CLOSED replica.
2019-10-23 12:22:54,833 [EventQueue-ContainerReportForContainerReportHandler] WARN  container.ContainerReportHandler (AbstractContainerReportHandler.java:updateContainerState(145)) - Container #1 is in OPEN state, but the datanode 9d2a2146-2c04-423d-8f96-3c121403b328{ip: 192.168.69.118, host: pr-hdds1643-t2fz7-3136866267, networkLocation: /default-rack, certSerialId: null} reports an CLOSED replica.
2019-10-23 12:22:54,872 [BlockDeletingService#9] WARN  background.BlockDeletingService (BlockDeletingService.java:isDeletionAllowed(187)) - Close Container log Index 6 is not replicated across allthe servers in the pipeline c0e4f3a0-4d63-43fc-af6c-40390d33441a as the min replicated index is 4. Deletion is not allowed in this container yet.
2019-10-23 12:22:54,872 [BlockDeletingService#4] WARN  background.BlockDeletingService (BlockDeletingService.java:isDeletionAllowed(187)) - Close Container log Index 6 is not replicated across allthe servers in the pipeline c0e4f3a0-4d63-43fc-af6c-40390d33441a as the min replicated index is 4. Deletion is not allowed in this container yet.
2019-10-23 12:22:55,037 [EventQueue-ContainerReportForContainerReportHandler] WARN  container.ContainerReportHandler (AbstractContainerReportHandler.java:updateContainerState(145)) - Container #1 is in OPEN state, but the datanode 43cb0e13-5597-452b-a8b1-af00d0a4a497{ip: 192.168.69.118, host: pr-hdds1643-t2fz7-3136866267, networkLocation: /default-rack, certSerialId: null} reports an CLOSED replica.
2019-10-23 12:22:55,233 [EventQueue-ContainerReportForContainerReportHandler] WARN  container.ContainerReportHandler (AbstractContainerReportHandler.java:updateContainerState(145)) - Container #1 is in OPEN state, but the datanode 9d2a2146-2c04-423d-8f96-3c121403b328{ip: 192.168.69.118, host: pr-hdds1643-t2fz7-3136866267, networkLocation: /default-rack, certSerialId: null} reports an CLOSED replica.
2019-10-23 12:22:55,433 [EventQueue-ContainerReportForContainerReportHandler] WARN  container.ContainerReportHandler (AbstractContainerReportHandler.java:updateContainerState(145)) - Container #1 is in OPEN state, but the datanode 9d2a2146-2c04-423d-8f96-3c121403b328{ip: 192.168.69.118, host: pr-hdds1643-t2fz7-3136866267, networkLocation: /default-rack, certSerialId: null} reports an CLOSED replica.
2019-10-23 12:22:55,437 [EventQueue-ContainerReportForContainerReportHandler] WARN  container.ContainerReportHandler (AbstractContainerReportHandler.java:updateContainerState(145)) - Container #1 is in OPEN state, but the datanode 43cb0e13-5597-452b-a8b1-af00d0a4a497{ip: 192.168.69.118, host: pr-hdds1643-t2fz7-3136866267, networkLocation: /default-rack, certSerialId: null} reports an CLOSED replica.
2019-10-23 12:22:55,637 [EventQueue-ContainerReportForContainerReportHandler] WARN  container.ContainerReportHandler (AbstractContainerReportHandler.java:updateContainerState(145)) - Container #1 is in OPEN state, but the datanode 43cb0e13-5597-452b-a8b1-af00d0a4a497{ip: 192.168.69.118, host: pr-hdds1643-t2fz7-3136866267, networkLocation: /default-rack, certSerialId: null} reports an CLOSED replica.
2019-10-23 12:22:55,733 [EventQueue-ContainerReportForContainerReportHandler] WARN  container.ContainerReportHandler (AbstractContainerReportHandler.java:updateContainerState(145)) - Container #1 is in OPEN state, but the datanode 9d2a2146-2c04-423d-8f96-3c121403b328{ip: 192.168.69.118, host: pr-hdds1643-t2fz7-3136866267, networkLocation: /default-rack, certSerialId: null} reports an CLOSED replica.
2019-10-23 12:22:55,873 [BlockDeletingService#9] WARN  background.BlockDeletingService (BlockDeletingService.java:isDeletionAllowed(187)) - Close Container log Index 6 is not replicated across allthe servers in the pipeline c0e4f3a0-4d63-43fc-af6c-40390d33441a as the min replicated index is 4. Deletion is not allowed in this container yet.
2019-10-23 12:22:55,873 [BlockDeletingService#4] WARN  background.BlockDeletingService (BlockDeletingService.java:isDeletionAllowed(187)) - Close Container log Index 6 is not replicated across allthe servers in the pipeline c0e4f3a0-4d63-43fc-af6c-40390d33441a as the min replicated index is 4. Deletion is not allowed in this container yet.
2019-10-23 12:22:55,934 [EventQueue-ContainerReportForContainerReportHandler] WARN  container.ContainerReportHandler (AbstractContainerReportHandler.java:updateContainerState(145)) - Container #1 is in OPEN state, but the datanode 9d2a2146-2c04-423d-8f96-3c121403b328{ip: 192.168.69.118, host: pr-hdds1643-t2fz7-3136866267, networkLocation: /default-rack, certSerialId: null} reports an CLOSED replica.
2019-10-23 12:22:55,938 [EventQueue-ContainerReportForContainerReportHandler] WARN  container.ContainerReportHandler (AbstractContainerReportHandler.java:updateContainerState(145)) - Container #1 is in OPEN state, but the datanode 43cb0e13-5597-452b-a8b1-af00d0a4a497{ip: 192.168.69.118, host: pr-hdds1643-t2fz7-3136866267, networkLocation: /default-rack, certSerialId: null} reports an CLOSED replica.
2019-10-23 12:22:56,238 [EventQueue-ContainerReportForContainerReportHandler] WARN  container.ContainerReportHandler (AbstractContainerReportHandler.java:updateContainerState(145)) - Container #1 is in OPEN state, but the datanode 43cb0e13-5597-452b-a8b1-af00d0a4a497{ip: 192.168.69.118, host: pr-hdds1643-t2fz7-3136866267, networkLocation: /default-rack, certSerialId: null} reports an CLOSED replica.
2019-10-23 12:22:56,334 [EventQueue-ContainerReportForContainerReportHandler] WARN  container.ContainerReportHandler (AbstractContainerReportHandler.java:updateContainerState(145)) - Container #1 is in OPEN state, but the datanode 9d2a2146-2c04-423d-8f96-3c121403b328{ip: 192.168.69.118, host: pr-hdds1643-t2fz7-3136866267, networkLocation: /default-rack, certSerialId: null} reports an CLOSED replica.
2019-10-23 12:22:56,438 [EventQueue-ContainerReportForContainerReportHandler] WARN  container.ContainerReportHandler (AbstractContainerReportHandler.java:updateContainerState(145)) - Container #1 is in OPEN state, but the datanode 43cb0e13-5597-452b-a8b1-af00d0a4a497{ip: 192.168.69.118, host: pr-hdds1643-t2fz7-3136866267, networkLocation: /default-rack, certSerialId: null} reports an CLOSED replica.
2019-10-23 12:22:56,534 [EventQueue-ContainerReportForContainerReportHandler] WARN  container.ContainerReportHandler (AbstractContainerReportHandler.java:updateContainerState(145)) - Container #1 is in OPEN state, but the datanode 9d2a2146-2c04-423d-8f96-3c121403b328{ip: 192.168.69.118, host: pr-hdds1643-t2fz7-3136866267, networkLocation: /default-rack, certSerialId: null} reports an CLOSED replica.
2019-10-23 12:22:56,660 [java.util.concurrent.ThreadPoolExecutor$Worker@16be38ad[State = -1, empty queue]] WARN  server.GrpcLogAppender (GrpcLogAppender.java:timeoutAppendRequest(209)) - 43cb0e13-5597-452b-a8b1-af00d0a4a497@group-40390D33441A->04710d3b-08a7-4a70-b69f-f772706c6105-GrpcLogAppender: appendEntries Timeout, request=43cb0e13-5597-452b-a8b1-af00d0a4a497->04710d3b-08a7-4a70-b69f-f772706c6105#43-t3, previous=(t:3, i:10), leaderCommit=10, initializing? false, entries: <empty>
2019-10-23 12:22:56,739 [EventQueue-ContainerReportForContainerReportHandler] WARN  container.ContainerReportHandler (AbstractContainerReportHandler.java:updateContainerState(145)) - Container #1 is in OPEN state, but the datanode 43cb0e13-5597-452b-a8b1-af00d0a4a497{ip: 192.168.69.118, host: pr-hdds1643-t2fz7-3136866267, networkLocation: /default-rack, certSerialId: null} reports an CLOSED replica.
2019-10-23 12:22:56,874 [BlockDeletingService#9] WARN  background.BlockDeletingService (BlockDeletingService.java:isDeletionAllowed(187)) - Close Container log Index 6 is not replicated across allthe servers in the pipeline c0e4f3a0-4d63-43fc-af6c-40390d33441a as the min replicated index is 4. Deletion is not allowed in this container yet.
2019-10-23 12:22:56,874 [BlockDeletingService#4] WARN  background.BlockDeletingService (BlockDeletingService.java:isDeletionAllowed(187)) - Close Container log Index 6 is not replicated across allthe servers in the pipeline c0e4f3a0-4d63-43fc-af6c-40390d33441a as the min replicated index is 4. Deletion is not allowed in this container yet.
2019-10-23 12:22:56,884 [Thread-483] INFO  client.GrpcClientProtocolService (GrpcClientProtocolService.java:lambda$processClientRequest$0(278)) - Failed RaftClientRequest:client-F877F7AB4D5B->43cb0e13-5597-452b-a8b1-af00d0a4a497@group-40390D33441A, cid=10, seq=0, Watch-ALL_COMMITTED(6), Message:<EMPTY>, reply=RaftClientReply:client-F877F7AB4D5B->43cb0e13-5597-452b-a8b1-af00d0a4a497@group-40390D33441A, cid=10, FAILED org.apache.ratis.protocol.NotReplicatedException: Request with call Id 10 and log index 6 is not yet replicated to ALL_COMMITTED, logIndex=6, commits[43cb0e13-5597-452b-a8b1-af00d0a4a497:c10, 9d2a2146-2c04-423d-8f96-3c121403b328:c10, 04710d3b-08a7-4a70-b69f-f772706c6105:c4]
2019-10-23 12:22:56,934 [EventQueue-ContainerReportForContainerReportHandler] WARN  container.ContainerReportHandler (AbstractContainerReportHandler.java:updateContainerState(145)) - Container #1 is in OPEN state, but the datanode 9d2a2146-2c04-423d-8f96-3c121403b328{ip: 192.168.69.118, host: pr-hdds1643-t2fz7-3136866267, networkLocation: /default-rack, certSerialId: null} reports an CLOSED replica.
2019-10-23 12:22:57,040 [EventQueue-ContainerReportForContainerReportHandler] WARN  container.ContainerReportHandler (AbstractContainerReportHandler.java:updateContainerState(145)) - Container #1 is in OPEN state, but the datanode 43cb0e13-5597-452b-a8b1-af00d0a4a497{ip: 192.168.69.118, host: pr-hdds1643-t2fz7-3136866267, networkLocation: /default-rack, certSerialId: null} reports an CLOSED replica.
2019-10-23 12:22:57,135 [EventQueue-ContainerReportForContainerReportHandler] WARN  container.ContainerReportHandler (AbstractContainerReportHandler.java:updateContainerState(145)) - Container #1 is in OPEN state, but the datanode 9d2a2146-2c04-423d-8f96-3c121403b328{ip: 192.168.69.118, host: pr-hdds1643-t2fz7-3136866267, networkLocation: /default-rack, certSerialId: null} reports an CLOSED replica.
2019-10-23 12:22:57,241 [EventQueue-ContainerReportForContainerReportHandler] WARN  container.ContainerReportHandler (AbstractContainerReportHandler.java:updateContainerState(145)) - Container #1 is in OPEN state, but the datanode 43cb0e13-5597-452b-a8b1-af00d0a4a497{ip: 192.168.69.118, host: pr-hdds1643-t2fz7-3136866267, networkLocation: /default-rack, certSerialId: null} reports an CLOSED replica.
2019-10-23 12:22:57,436 [EventQueue-ContainerReportForContainerReportHandler] WARN  container.ContainerReportHandler (AbstractContainerReportHandler.java:updateContainerState(145)) - Container #1 is in OPEN state, but the datanode 9d2a2146-2c04-423d-8f96-3c121403b328{ip: 192.168.69.118, host: pr-hdds1643-t2fz7-3136866267, networkLocation: /default-rack, certSerialId: null} reports an CLOSED replica.
2019-10-23 12:22:57,540 [EventQueue-ContainerReportForContainerReportHandler] WARN  container.ContainerReportHandler (AbstractContainerReportHandler.java:updateContainerState(145)) - Container #1 is in OPEN state, but the datanode 43cb0e13-5597-452b-a8b1-af00d0a4a497{ip: 192.168.69.118, host: pr-hdds1643-t2fz7-3136866267, networkLocation: /default-rack, certSerialId: null} reports an CLOSED replica.
2019-10-23 12:22:57,837 [EventQueue-ContainerReportForContainerReportHandler] WARN  container.ContainerReportHandler (AbstractContainerReportHandler.java:updateContainerState(145)) - Container #1 is in OPEN state, but the datanode 9d2a2146-2c04-423d-8f96-3c121403b328{ip: 192.168.69.118, host: pr-hdds1643-t2fz7-3136866267, networkLocation: /default-rack, certSerialId: null} reports an CLOSED replica.
2019-10-23 12:22:57,875 [BlockDeletingService#4] WARN  background.BlockDeletingService (BlockDeletingService.java:isDeletionAllowed(187)) - Close Container log Index 6 is not replicated across allthe servers in the pipeline c0e4f3a0-4d63-43fc-af6c-40390d33441a as the min replicated index is 4. Deletion is not allowed in this container yet.
2019-10-23 12:22:57,875 [BlockDeletingService#9] WARN  background.BlockDeletingService (BlockDeletingService.java:isDeletionAllowed(187)) - Close Container log Index 6 is not replicated across allthe servers in the pipeline c0e4f3a0-4d63-43fc-af6c-40390d33441a as the min replicated index is 4. Deletion is not allowed in this container yet.
2019-10-23 12:22:57,941 [EventQueue-ContainerReportForContainerReportHandler] WARN  container.ContainerReportHandler (AbstractContainerReportHandler.java:updateContainerState(145)) - Container #1 is in OPEN state, but the datanode 43cb0e13-5597-452b-a8b1-af00d0a4a497{ip: 192.168.69.118, host: pr-hdds1643-t2fz7-3136866267, networkLocation: /default-rack, certSerialId: null} reports an CLOSED replica.
2019-10-23 12:22:58,238 [EventQueue-ContainerReportForContainerReportHandler] WARN  container.ContainerReportHandler (AbstractContainerReportHandler.java:updateContainerState(145)) - Container #1 is in OPEN state, but the datanode 9d2a2146-2c04-423d-8f96-3c121403b328{ip: 192.168.69.118, host: pr-hdds1643-t2fz7-3136866267, networkLocation: /default-rack, certSerialId: null} reports an CLOSED replica.
2019-10-23 12:22:58,241 [EventQueue-ContainerReportForContainerReportHandler] WARN  container.ContainerReportHandler (AbstractContainerReportHandler.java:updateContainerState(145)) - Container #1 is in OPEN state, but the datanode 43cb0e13-5597-452b-a8b1-af00d0a4a497{ip: 192.168.69.118, host: pr-hdds1643-t2fz7-3136866267, networkLocation: /default-rack, certSerialId: null} reports an CLOSED replica.
2019-10-23 12:22:58,460 [EventQueue-ContainerReportForContainerReportHandler] WARN  container.ContainerReportHandler (AbstractContainerReportHandler.java:updateContainerState(145)) - Container #1 is in OPEN state, but the datanode 9d2a2146-2c04-423d-8f96-3c121403b328{ip: 192.168.69.118, host: pr-hdds1643-t2fz7-3136866267, networkLocation: /default-rack, certSerialId: null} reports an CLOSED replica.
2019-10-23 12:22:58,542 [EventQueue-ContainerReportForContainerReportHandler] WARN  container.ContainerReportHandler (AbstractContainerReportHandler.java:updateContainerState(145)) - Container #1 is in OPEN state, but the datanode 43cb0e13-5597-452b-a8b1-af00d0a4a497{ip: 192.168.69.118, host: pr-hdds1643-t2fz7-3136866267, networkLocation: /default-rack, certSerialId: null} reports an CLOSED replica.
2019-10-23 12:22:58,639 [EventQueue-ContainerReportForContainerReportHandler] WARN  container.ContainerReportHandler (AbstractContainerReportHandler.java:updateContainerState(145)) - Container #1 is in OPEN state, but the datanode 9d2a2146-2c04-423d-8f96-3c121403b328{ip: 192.168.69.118, host: pr-hdds1643-t2fz7-3136866267, networkLocation: /default-rack, certSerialId: null} reports an CLOSED replica.
2019-10-23 12:22:58,842 [EventQueue-ContainerReportForContainerReportHandler] WARN  container.ContainerReportHandler (AbstractContainerReportHandler.java:updateContainerState(145)) - Container #1 is in OPEN state, but the datanode 43cb0e13-5597-452b-a8b1-af00d0a4a497{ip: 192.168.69.118, host: pr-hdds1643-t2fz7-3136866267, networkLocation: /default-rack, certSerialId: null} reports an CLOSED replica.
2019-10-23 12:22:58,879 [BlockDeletingService#9] WARN  background.BlockDeletingService (BlockDeletingService.java:isDeletionAllowed(187)) - Close Container log Index 6 is not replicated across allthe servers in the pipeline c0e4f3a0-4d63-43fc-af6c-40390d33441a as the min replicated index is 4. Deletion is not allowed in this container yet.
2019-10-23 12:22:58,879 [BlockDeletingService#4] WARN  background.BlockDeletingService (BlockDeletingService.java:isDeletionAllowed(187)) - Close Container log Index 6 is not replicated across allthe servers in the pipeline c0e4f3a0-4d63-43fc-af6c-40390d33441a as the min replicated index is 4. Deletion is not allowed in this container yet.
2019-10-23 12:22:59,038 [EventQueue-ContainerReportForContainerReportHandler] WARN  container.ContainerReportHandler (AbstractContainerReportHandler.java:updateContainerState(145)) - Container #1 is in OPEN state, but the datanode 9d2a2146-2c04-423d-8f96-3c121403b328{ip: 192.168.69.118, host: pr-hdds1643-t2fz7-3136866267, networkLocation: /default-rack, certSerialId: null} reports an CLOSED replica.
2019-10-23 12:22:59,043 [EventQueue-ContainerReportForContainerReportHandler] WARN  container.ContainerReportHandler (AbstractContainerReportHandler.java:updateContainerState(145)) - Container #1 is in OPEN state, but the datanode 43cb0e13-5597-452b-a8b1-af00d0a4a497{ip: 192.168.69.118, host: pr-hdds1643-t2fz7-3136866267, networkLocation: /default-rack, certSerialId: null} reports an CLOSED replica.
2019-10-23 12:22:59,161 [java.util.concurrent.ThreadPoolExecutor$Worker@16be38ad[State = -1, empty queue]] WARN  server.GrpcLogAppender (GrpcLogAppender.java:timeoutAppendRequest(209)) - 43cb0e13-5597-452b-a8b1-af00d0a4a497@group-40390D33441A->04710d3b-08a7-4a70-b69f-f772706c6105-GrpcLogAppender: appendEntries Timeout, request=43cb0e13-5597-452b-a8b1-af00d0a4a497->04710d3b-08a7-4a70-b69f-f772706c6105#44-t3, previous=(t:3, i:10), leaderCommit=10, initializing? false, entries: <empty>
2019-10-23 12:22:59,338 [EventQueue-ContainerReportForContainerReportHandler] WARN  container.ContainerReportHandler (AbstractContainerReportHandler.java:updateContainerState(145)) - Container #1 is in OPEN state, but the datanode 9d2a2146-2c04-423d-8f96-3c121403b328{ip: 192.168.69.118, host: pr-hdds1643-t2fz7-3136866267, networkLocation: /default-rack, certSerialId: null} reports an CLOSED replica.
2019-10-23 12:22:59,445 [EventQueue-ContainerReportForContainerReportHandler] WARN  container.ContainerReportHandler (AbstractContainerReportHandler.java:updateContainerState(145)) - Container #1 is in OPEN state, but the datanode 43cb0e13-5597-452b-a8b1-af00d0a4a497{ip: 192.168.69.118, host: pr-hdds1643-t2fz7-3136866267, networkLocation: /default-rack, certSerialId: null} reports an CLOSED replica.
2019-10-23 12:22:59,738 [EventQueue-ContainerReportForContainerReportHandler] WARN  container.ContainerReportHandler (AbstractContainerReportHandler.java:updateContainerState(145)) - Container #1 is in OPEN state, but the datanode 9d2a2146-2c04-423d-8f96-3c121403b328{ip: 192.168.69.118, host: pr-hdds1643-t2fz7-3136866267, networkLocation: /default-rack, certSerialId: null} reports an CLOSED replica.
2019-10-23 12:22:59,743 [EventQueue-ContainerReportForContainerReportHandler] WARN  container.ContainerReportHandler (AbstractContainerReportHandler.java:updateContainerState(145)) - Container #1 is in OPEN state, but the datanode 43cb0e13-5597-452b-a8b1-af00d0a4a497{ip: 192.168.69.118, host: pr-hdds1643-t2fz7-3136866267, networkLocation: /default-rack, certSerialId: null} reports an CLOSED replica.
2019-10-23 12:22:59,880 [BlockDeletingService#4] WARN  background.BlockDeletingService (BlockDeletingService.java:isDeletionAllowed(187)) - Close Container log Index 6 is not replicated across allthe servers in the pipeline c0e4f3a0-4d63-43fc-af6c-40390d33441a as the min replicated index is 4. Deletion is not allowed in this container yet.
2019-10-23 12:22:59,880 [BlockDeletingService#9] WARN  background.BlockDeletingService (BlockDeletingService.java:isDeletionAllowed(187)) - Close Container log Index 6 is not replicated across allthe servers in the pipeline c0e4f3a0-4d63-43fc-af6c-40390d33441a as the min replicated index is 4. Deletion is not allowed in this container yet.
2019-10-23 12:23:00,038 [EventQueue-ContainerReportForContainerReportHandler] WARN  container.ContainerReportHandler (AbstractContainerReportHandler.java:updateContainerState(145)) - Container #1 is in OPEN state, but the datanode 9d2a2146-2c04-423d-8f96-3c121403b328{ip: 192.168.69.118, host: pr-hdds1643-t2fz7-3136866267, networkLocation: /default-rack, certSerialId: null} reports an CLOSED replica.
2019-10-23 12:23:00,043 [EventQueue-ContainerReportForContainerReportHandler] WARN  container.ContainerReportHandler (AbstractContainerReportHandler.java:updateContainerState(145)) - Container #1 is in OPEN state, but the datanode 43cb0e13-5597-452b-a8b1-af00d0a4a497{ip: 192.168.69.118, host: pr-hdds1643-t2fz7-3136866267, networkLocation: /default-rack, certSerialId: null} reports an CLOSED replica.
2019-10-23 12:23:00,241 [EventQueue-ContainerReportForContainerReportHandler] WARN  container.ContainerReportHandler (AbstractContainerReportHandler.java:updateContainerState(145)) - Container #1 is in OPEN state, but the datanode 9d2a2146-2c04-423d-8f96-3c121403b328{ip: 192.168.69.118, host: pr-hdds1643-t2fz7-3136866267, networkLocation: /default-rack, certSerialId: null} reports an CLOSED replica.
2019-10-23 12:23:00,343 [EventQueue-ContainerReportForContainerReportHandler] WARN  container.ContainerReportHandler (AbstractContainerReportHandler.java:updateContainerState(145)) - Container #1 is in OPEN state, but the datanode 43cb0e13-5597-452b-a8b1-af00d0a4a497{ip: 192.168.69.118, host: pr-hdds1643-t2fz7-3136866267, networkLocation: /default-rack, certSerialId: null} reports an CLOSED replica.
2019-10-23 12:23:00,640 [EventQueue-ContainerReportForContainerReportHandler] WARN  container.ContainerReportHandler (AbstractContainerReportHandler.java:updateContainerState(145)) - Container #1 is in OPEN state, but the datanode 9d2a2146-2c04-423d-8f96-3c121403b328{ip: 192.168.69.118, host: pr-hdds1643-t2fz7-3136866267, networkLocation: /default-rack, certSerialId: null} reports an CLOSED replica.
2019-10-23 12:23:00,643 [EventQueue-ContainerReportForContainerReportHandler] WARN  container.ContainerReportHandler (AbstractContainerReportHandler.java:updateContainerState(145)) - Container #1 is in OPEN state, but the datanode 43cb0e13-5597-452b-a8b1-af00d0a4a497{ip: 192.168.69.118, host: pr-hdds1643-t2fz7-3136866267, networkLocation: /default-rack, certSerialId: null} reports an CLOSED replica.
2019-10-23 12:23:00,839 [EventQueue-ContainerReportForContainerReportHandler] WARN  container.ContainerReportHandler (AbstractContainerReportHandler.java:updateContainerState(145)) - Container #1 is in OPEN state, but the datanode 9d2a2146-2c04-423d-8f96-3c121403b328{ip: 192.168.69.118, host: pr-hdds1643-t2fz7-3136866267, networkLocation: /default-rack, certSerialId: null} reports an CLOSED replica.
2019-10-23 12:23:00,882 [BlockDeletingService#4] WARN  background.BlockDeletingService (BlockDeletingService.java:isDeletionAllowed(187)) - Close Container log Index 6 is not replicated across allthe servers in the pipeline c0e4f3a0-4d63-43fc-af6c-40390d33441a as the min replicated index is 4. Deletion is not allowed in this container yet.
2019-10-23 12:23:00,882 [BlockDeletingService#9] WARN  background.BlockDeletingService (BlockDeletingService.java:isDeletionAllowed(187)) - Close Container log Index 6 is not replicated across allthe servers in the pipeline c0e4f3a0-4d63-43fc-af6c-40390d33441a as the min replicated index is 4. Deletion is not allowed in this container yet.
2019-10-23 12:23:01,044 [EventQueue-ContainerReportForContainerReportHandler] WARN  container.ContainerReportHandler (AbstractContainerReportHandler.java:updateContainerState(145)) - Container #1 is in OPEN state, but the datanode 43cb0e13-5597-452b-a8b1-af00d0a4a497{ip: 192.168.69.118, host: pr-hdds1643-t2fz7-3136866267, networkLocation: /default-rack, certSerialId: null} reports an CLOSED replica.
2019-10-23 12:23:01,140 [EventQueue-ContainerReportForContainerReportHandler] WARN  container.ContainerReportHandler (AbstractContainerReportHandler.java:updateContainerState(145)) - Container #1 is in OPEN state, but the datanode 9d2a2146-2c04-423d-8f96-3c121403b328{ip: 192.168.69.118, host: pr-hdds1643-t2fz7-3136866267, networkLocation: /default-rack, certSerialId: null} reports an CLOSED replica.
2019-10-23 12:23:01,340 [EventQueue-ContainerReportForContainerReportHandler] WARN  container.ContainerReportHandler (AbstractContainerReportHandler.java:updateContainerState(145)) - Container #1 is in OPEN state, but the datanode 9d2a2146-2c04-423d-8f96-3c121403b328{ip: 192.168.69.118, host: pr-hdds1643-t2fz7-3136866267, networkLocation: /default-rack, certSerialId: null} reports an CLOSED replica.
2019-10-23 12:23:01,344 [EventQueue-ContainerReportForContainerReportHandler] WARN  container.ContainerReportHandler (AbstractContainerReportHandler.java:updateContainerState(145)) - Container #1 is in OPEN state, but the datanode 43cb0e13-5597-452b-a8b1-af00d0a4a497{ip: 192.168.69.118, host: pr-hdds1643-t2fz7-3136866267, networkLocation: /default-rack, certSerialId: null} reports an CLOSED replica.
2019-10-23 12:23:01,541 [EventQueue-ContainerReportForContainerReportHandler] WARN  container.ContainerReportHandler (AbstractContainerReportHandler.java:updateContainerState(145)) - Container #1 is in OPEN state, but the datanode 9d2a2146-2c04-423d-8f96-3c121403b328{ip: 192.168.69.118, host: pr-hdds1643-t2fz7-3136866267, networkLocation: /default-rack, certSerialId: null} reports an CLOSED replica.
2019-10-23 12:23:01,644 [EventQueue-ContainerReportForContainerReportHandler] WARN  container.ContainerReportHandler (AbstractContainerReportHandler.java:updateContainerState(145)) - Container #1 is in OPEN state, but the datanode 43cb0e13-5597-452b-a8b1-af00d0a4a497{ip: 192.168.69.118, host: pr-hdds1643-t2fz7-3136866267, networkLocation: /default-rack, certSerialId: null} reports an CLOSED replica.
2019-10-23 12:23:01,662 [java.util.concurrent.ThreadPoolExecutor$Worker@16be38ad[State = -1, empty queue]] WARN  server.GrpcLogAppender (GrpcLogAppender.java:timeoutAppendRequest(209)) - 43cb0e13-5597-452b-a8b1-af00d0a4a497@group-40390D33441A->04710d3b-08a7-4a70-b69f-f772706c6105-GrpcLogAppender: appendEntries Timeout, request=43cb0e13-5597-452b-a8b1-af00d0a4a497->04710d3b-08a7-4a70-b69f-f772706c6105#45-t3, previous=(t:3, i:10), leaderCommit=10, initializing? false, entries: <empty>
2019-10-23 12:23:01,883 [BlockDeletingService#4] WARN  background.BlockDeletingService (BlockDeletingService.java:isDeletionAllowed(187)) - Close Container log Index 6 is not replicated across allthe servers in the pipeline c0e4f3a0-4d63-43fc-af6c-40390d33441a as the min replicated index is 4. Deletion is not allowed in this container yet.
2019-10-23 12:23:01,883 [BlockDeletingService#9] WARN  background.BlockDeletingService (BlockDeletingService.java:isDeletionAllowed(187)) - Close Container log Index 6 is not replicated across allthe servers in the pipeline c0e4f3a0-4d63-43fc-af6c-40390d33441a as the min replicated index is 4. Deletion is not allowed in this container yet.
2019-10-23 12:23:01,944 [EventQueue-ContainerReportForContainerReportHandler] WARN  container.ContainerReportHandler (AbstractContainerReportHandler.java:updateContainerState(145)) - Container #1 is in OPEN state, but the datanode 9d2a2146-2c04-423d-8f96-3c121403b328{ip: 192.168.69.118, host: pr-hdds1643-t2fz7-3136866267, networkLocation: /default-rack, certSerialId: null} reports an CLOSED replica.
2019-10-23 12:23:01,945 [EventQueue-ContainerReportForContainerReportHandler] WARN  container.ContainerReportHandler (AbstractContainerReportHandler.java:updateContainerState(145)) - Container #1 is in OPEN state, but the datanode 43cb0e13-5597-452b-a8b1-af00d0a4a497{ip: 192.168.69.118, host: pr-hdds1643-t2fz7-3136866267, networkLocation: /default-rack, certSerialId: null} reports an CLOSED replica.
2019-10-23 12:23:02,245 [EventQueue-ContainerReportForContainerReportHandler] WARN  container.ContainerReportHandler (AbstractContainerReportHandler.java:updateContainerState(145)) - Container #1 is in OPEN state, but the datanode 9d2a2146-2c04-423d-8f96-3c121403b328{ip: 192.168.69.118, host: pr-hdds1643-t2fz7-3136866267, networkLocation: /default-rack, certSerialId: null} reports an CLOSED replica.
2019-10-23 12:23:02,245 [EventQueue-ContainerReportForContainerReportHandler] WARN  container.ContainerReportHandler (AbstractContainerReportHandler.java:updateContainerState(145)) - Container #1 is in OPEN state, but the datanode 43cb0e13-5597-452b-a8b1-af00d0a4a497{ip: 192.168.69.118, host: pr-hdds1643-t2fz7-3136866267, networkLocation: /default-rack, certSerialId: null} reports an CLOSED replica.
2019-10-23 12:23:02,546 [EventQueue-ContainerReportForContainerReportHandler] WARN  container.ContainerReportHandler (AbstractContainerReportHandler.java:updateContainerState(145)) - Container #1 is in OPEN state, but the datanode 43cb0e13-5597-452b-a8b1-af00d0a4a497{ip: 192.168.69.118, host: pr-hdds1643-t2fz7-3136866267, networkLocation: /default-rack, certSerialId: null} reports an CLOSED replica.
2019-10-23 12:23:02,546 [EventQueue-ContainerReportForContainerReportHandler] WARN  container.ContainerReportHandler (AbstractContainerReportHandler.java:updateContainerState(145)) - Container #1 is in OPEN state, but the datanode 9d2a2146-2c04-423d-8f96-3c121403b328{ip: 192.168.69.118, host: pr-hdds1643-t2fz7-3136866267, networkLocation: /default-rack, certSerialId: null} reports an CLOSED replica.
2019-10-23 12:23:02,746 [EventQueue-ContainerReportForContainerReportHandler] WARN  container.ContainerReportHandler (AbstractContainerReportHandler.java:updateContainerState(145)) - Container #1 is in OPEN state, but the datanode 43cb0e13-5597-452b-a8b1-af00d0a4a497{ip: 192.168.69.118, host: pr-hdds1643-t2fz7-3136866267, networkLocation: /default-rack, certSerialId: null} reports an CLOSED replica.
2019-10-23 12:23:02,746 [EventQueue-ContainerReportForContainerReportHandler] WARN  container.ContainerReportHandler (AbstractContainerReportHandler.java:updateContainerState(145)) - Container #1 is in OPEN state, but the datanode 9d2a2146-2c04-423d-8f96-3c121403b328{ip: 192.168.69.118, host: pr-hdds1643-t2fz7-3136866267, networkLocation: /default-rack, certSerialId: null} reports an CLOSED replica.
2019-10-23 12:23:02,885 [BlockDeletingService#4] WARN  background.BlockDeletingService (BlockDeletingService.java:isDeletionAllowed(187)) - Close Container log Index 6 is not replicated across allthe servers in the pipeline c0e4f3a0-4d63-43fc-af6c-40390d33441a as the min replicated index is 4. Deletion is not allowed in this container yet.
2019-10-23 12:23:02,885 [BlockDeletingService#9] WARN  background.BlockDeletingService (BlockDeletingService.java:isDeletionAllowed(187)) - Close Container log Index 6 is not replicated across allthe servers in the pipeline c0e4f3a0-4d63-43fc-af6c-40390d33441a as the min replicated index is 4. Deletion is not allowed in this container yet.
2019-10-23 12:23:03,046 [EventQueue-ContainerReportForContainerReportHandler] WARN  container.ContainerReportHandler (AbstractContainerReportHandler.java:updateContainerState(145)) - Container #1 is in OPEN state, but the datanode 9d2a2146-2c04-423d-8f96-3c121403b328{ip: 192.168.69.118, host: pr-hdds1643-t2fz7-3136866267, networkLocation: /default-rack, certSerialId: null} reports an CLOSED replica.
2019-10-23 12:23:03,047 [EventQueue-ContainerReportForContainerReportHandler] WARN  container.ContainerReportHandler (AbstractContainerReportHandler.java:updateContainerState(145)) - Container #1 is in OPEN state, but the datanode 43cb0e13-5597-452b-a8b1-af00d0a4a497{ip: 192.168.69.118, host: pr-hdds1643-t2fz7-3136866267, networkLocation: /default-rack, certSerialId: null} reports an CLOSED replica.
2019-10-23 12:23:03,347 [EventQueue-ContainerReportForContainerReportHandler] WARN  container.ContainerReportHandler (AbstractContainerReportHandler.java:updateContainerState(145)) - Container #1 is in OPEN state, but the datanode 43cb0e13-5597-452b-a8b1-af00d0a4a497{ip: 192.168.69.118, host: pr-hdds1643-t2fz7-3136866267, networkLocation: /default-rack, certSerialId: null} reports an CLOSED replica.
2019-10-23 12:23:03,446 [EventQueue-ContainerReportForContainerReportHandler] WARN  container.ContainerReportHandler (AbstractContainerReportHandler.java:updateContainerState(145)) - Container #1 is in OPEN state, but the datanode 9d2a2146-2c04-423d-8f96-3c121403b328{ip: 192.168.69.118, host: pr-hdds1643-t2fz7-3136866267, networkLocation: /default-rack, certSerialId: null} reports an CLOSED replica.
2019-10-23 12:23:03,649 [EventQueue-ContainerReportForContainerReportHandler] WARN  container.ContainerReportHandler (AbstractContainerReportHandler.java:updateContainerState(145)) - Container #1 is in OPEN state, but the datanode 43cb0e13-5597-452b-a8b1-af00d0a4a497{ip: 192.168.69.118, host: pr-hdds1643-t2fz7-3136866267, networkLocation: /default-rack, certSerialId: null} reports an CLOSED replica.
2019-10-23 12:23:03,746 [EventQueue-ContainerReportForContainerReportHandler] WARN  container.ContainerReportHandler (AbstractContainerReportHandler.java:updateContainerState(145)) - Container #1 is in OPEN state, but the datanode 9d2a2146-2c04-423d-8f96-3c121403b328{ip: 192.168.69.118, host: pr-hdds1643-t2fz7-3136866267, networkLocation: /default-rack, certSerialId: null} reports an CLOSED replica.
2019-10-23 12:23:03,886 [BlockDeletingService#4] WARN  background.BlockDeletingService (BlockDeletingService.java:isDeletionAllowed(187)) - Close Container log Index 6 is not replicated across allthe servers in the pipeline c0e4f3a0-4d63-43fc-af6c-40390d33441a as the min replicated index is 4. Deletion is not allowed in this container yet.
2019-10-23 12:23:03,886 [BlockDeletingService#9] WARN  background.BlockDeletingService (BlockDeletingService.java:isDeletionAllowed(187)) - Close Container log Index 6 is not replicated across allthe servers in the pipeline c0e4f3a0-4d63-43fc-af6c-40390d33441a as the min replicated index is 4. Deletion is not allowed in this container yet.
2019-10-23 12:23:04,047 [EventQueue-ContainerReportForContainerReportHandler] WARN  container.ContainerReportHandler (AbstractContainerReportHandler.java:updateContainerState(145)) - Container #1 is in OPEN state, but the datanode 43cb0e13-5597-452b-a8b1-af00d0a4a497{ip: 192.168.69.118, host: pr-hdds1643-t2fz7-3136866267, networkLocation: /default-rack, certSerialId: null} reports an CLOSED replica.
2019-10-23 12:23:04,146 [EventQueue-ContainerReportForContainerReportHandler] WARN  container.ContainerReportHandler (AbstractContainerReportHandler.java:updateContainerState(145)) - Container #1 is in OPEN state, but the datanode 9d2a2146-2c04-423d-8f96-3c121403b328{ip: 192.168.69.118, host: pr-hdds1643-t2fz7-3136866267, networkLocation: /default-rack, certSerialId: null} reports an CLOSED replica.
2019-10-23 12:23:04,162 [java.util.concurrent.ThreadPoolExecutor$Worker@16be38ad[State = -1, empty queue]] WARN  server.GrpcLogAppender (GrpcLogAppender.java:timeoutAppendRequest(209)) - 43cb0e13-5597-452b-a8b1-af00d0a4a497@group-40390D33441A->04710d3b-08a7-4a70-b69f-f772706c6105-GrpcLogAppender: appendEntries Timeout, request=43cb0e13-5597-452b-a8b1-af00d0a4a497->04710d3b-08a7-4a70-b69f-f772706c6105#46-t3, previous=(t:3, i:10), leaderCommit=10, initializing? false, entries: <empty>
2019-10-23 12:23:04,347 [EventQueue-ContainerReportForContainerReportHandler] WARN  container.ContainerReportHandler (AbstractContainerReportHandler.java:updateContainerState(145)) - Container #1 is in OPEN state, but the datanode 43cb0e13-5597-452b-a8b1-af00d0a4a497{ip: 192.168.69.118, host: pr-hdds1643-t2fz7-3136866267, networkLocation: /default-rack, certSerialId: null} reports an CLOSED replica.
2019-10-23 12:23:04,446 [EventQueue-ContainerReportForContainerReportHandler] WARN  container.ContainerReportHandler (AbstractContainerReportHandler.java:updateContainerState(145)) - Container #1 is in OPEN state, but the datanode 9d2a2146-2c04-423d-8f96-3c121403b328{ip: 192.168.69.118, host: pr-hdds1643-t2fz7-3136866267, networkLocation: /default-rack, certSerialId: null} reports an CLOSED replica.
2019-10-23 12:23:04,646 [EventQueue-ContainerReportForContainerReportHandler] WARN  container.ContainerReportHandler (AbstractContainerReportHandler.java:updateContainerState(145)) - Container #1 is in OPEN state, but the datanode 9d2a2146-2c04-423d-8f96-3c121403b328{ip: 192.168.69.118, host: pr-hdds1643-t2fz7-3136866267, networkLocation: /default-rack, certSerialId: null} reports an CLOSED replica.
2019-10-23 12:23:04,647 [EventQueue-ContainerReportForContainerReportHandler] WARN  container.ContainerReportHandler (AbstractContainerReportHandler.java:updateContainerState(145)) - Container #1 is in OPEN state, but the datanode 43cb0e13-5597-452b-a8b1-af00d0a4a497{ip: 192.168.69.118, host: pr-hdds1643-t2fz7-3136866267, networkLocation: /default-rack, certSerialId: null} reports an CLOSED replica.
2019-10-23 12:23:04,888 [BlockDeletingService#4] WARN  background.BlockDeletingService (BlockDeletingService.java:isDeletionAllowed(187)) - Close Container log Index 6 is not replicated across allthe servers in the pipeline c0e4f3a0-4d63-43fc-af6c-40390d33441a as the min replicated index is 4. Deletion is not allowed in this container yet.
2019-10-23 12:23:04,888 [BlockDeletingService#9] WARN  background.BlockDeletingService (BlockDeletingService.java:isDeletionAllowed(187)) - Close Container log Index 6 is not replicated across allthe servers in the pipeline c0e4f3a0-4d63-43fc-af6c-40390d33441a as the min replicated index is 4. Deletion is not allowed in this container yet.
2019-10-23 12:23:04,946 [EventQueue-ContainerReportForContainerReportHandler] WARN  container.ContainerReportHandler (AbstractContainerReportHandler.java:updateContainerState(145)) - Container #1 is in OPEN state, but the datanode 9d2a2146-2c04-423d-8f96-3c121403b328{ip: 192.168.69.118, host: pr-hdds1643-t2fz7-3136866267, networkLocation: /default-rack, certSerialId: null} reports an CLOSED replica.
2019-10-23 12:23:05,048 [EventQueue-ContainerReportForContainerReportHandler] WARN  container.ContainerReportHandler (AbstractContainerReportHandler.java:updateContainerState(145)) - Container #1 is in OPEN state, but the datanode 43cb0e13-5597-452b-a8b1-af00d0a4a497{ip: 192.168.69.118, host: pr-hdds1643-t2fz7-3136866267, networkLocation: /default-rack, certSerialId: null} reports an CLOSED replica.
2019-10-23 12:23:05,247 [EventQueue-ContainerReportForContainerReportHandler] WARN  container.ContainerReportHandler (AbstractContainerReportHandler.java:updateContainerState(145)) - Container #1 is in OPEN state, but the datanode 9d2a2146-2c04-423d-8f96-3c121403b328{ip: 192.168.69.118, host: pr-hdds1643-t2fz7-3136866267, networkLocation: /default-rack, certSerialId: null} reports an CLOSED replica.
2019-10-23 12:23:05,349 [EventQueue-ContainerReportForContainerReportHandler] WARN  container.ContainerReportHandler (AbstractContainerReportHandler.java:updateContainerState(145)) - Container #1 is in OPEN state, but the datanode 43cb0e13-5597-452b-a8b1-af00d0a4a497{ip: 192.168.69.118, host: pr-hdds1643-t2fz7-3136866267, networkLocation: /default-rack, certSerialId: null} reports an CLOSED replica.
2019-10-23 12:23:05,547 [EventQueue-ContainerReportForContainerReportHandler] WARN  container.ContainerReportHandler (AbstractContainerReportHandler.java:updateContainerState(145)) - Container #1 is in OPEN state, but the datanode 9d2a2146-2c04-423d-8f96-3c121403b328{ip: 192.168.69.118, host: pr-hdds1643-t2fz7-3136866267, networkLocation: /default-rack, certSerialId: null} reports an CLOSED replica.
2019-10-23 12:23:05,649 [EventQueue-ContainerReportForContainerReportHandler] WARN  container.ContainerReportHandler (AbstractContainerReportHandler.java:updateContainerState(145)) - Container #1 is in OPEN state, but the datanode 43cb0e13-5597-452b-a8b1-af00d0a4a497{ip: 192.168.69.118, host: pr-hdds1643-t2fz7-3136866267, networkLocation: /default-rack, certSerialId: null} reports an CLOSED replica.
2019-10-23 12:23:05,848 [EventQueue-ContainerReportForContainerReportHandler] WARN  container.ContainerReportHandler (AbstractContainerReportHandler.java:updateContainerState(145)) - Container #1 is in OPEN state, but the datanode 9d2a2146-2c04-423d-8f96-3c121403b328{ip: 192.168.69.118, host: pr-hdds1643-t2fz7-3136866267, networkLocation: /default-rack, certSerialId: null} reports an CLOSED replica.
2019-10-23 12:23:05,849 [EventQueue-ContainerReportForContainerReportHandler] WARN  container.ContainerReportHandler (AbstractContainerReportHandler.java:updateContainerState(145)) - Container #1 is in OPEN state, but the datanode 43cb0e13-5597-452b-a8b1-af00d0a4a497{ip: 192.168.69.118, host: pr-hdds1643-t2fz7-3136866267, networkLocation: /default-rack, certSerialId: null} reports an CLOSED replica.
2019-10-23 12:23:05,889 [BlockDeletingService#4] WARN  background.BlockDeletingService (BlockDeletingService.java:isDeletionAllowed(187)) - Close Container log Index 6 is not replicated across allthe servers in the pipeline c0e4f3a0-4d63-43fc-af6c-40390d33441a as the min replicated index is 4. Deletion is not allowed in this container yet.
2019-10-23 12:23:05,889 [BlockDeletingService#9] WARN  background.BlockDeletingService (BlockDeletingService.java:isDeletionAllowed(187)) - Close Container log Index 6 is not replicated across allthe servers in the pipeline c0e4f3a0-4d63-43fc-af6c-40390d33441a as the min replicated index is 4. Deletion is not allowed in this container yet.
2019-10-23 12:23:06,149 [EventQueue-ContainerReportForContainerReportHandler] WARN  container.ContainerReportHandler (AbstractContainerReportHandler.java:updateContainerState(145)) - Container #1 is in OPEN state, but the datanode 43cb0e13-5597-452b-a8b1-af00d0a4a497{ip: 192.168.69.118, host: pr-hdds1643-t2fz7-3136866267, networkLocation: /default-rack, certSerialId: null} reports an CLOSED replica.
2019-10-23 12:23:06,249 [EventQueue-ContainerReportForContainerReportHandler] WARN  container.ContainerReportHandler (AbstractContainerReportHandler.java:updateContainerState(145)) - Container #1 is in OPEN state, but the datanode 9d2a2146-2c04-423d-8f96-3c121403b328{ip: 192.168.69.118, host: pr-hdds1643-t2fz7-3136866267, networkLocation: /default-rack, certSerialId: null} reports an CLOSED replica.
2019-10-23 12:23:06,450 [EventQueue-ContainerReportForContainerReportHandler] WARN  container.ContainerReportHandler (AbstractContainerReportHandler.java:updateContainerState(145)) - Container #1 is in OPEN state, but the datanode 9d2a2146-2c04-423d-8f96-3c121403b328{ip: 192.168.69.118, host: pr-hdds1643-t2fz7-3136866267, networkLocation: /default-rack, certSerialId: null} reports an CLOSED replica.
2019-10-23 12:23:06,549 [EventQueue-ContainerReportForContainerReportHandler] WARN  container.ContainerReportHandler (AbstractContainerReportHandler.java:updateContainerState(145)) - Container #1 is in OPEN state, but the datanode 43cb0e13-5597-452b-a8b1-af00d0a4a497{ip: 192.168.69.118, host: pr-hdds1643-t2fz7-3136866267, networkLocation: /default-rack, certSerialId: null} reports an CLOSED replica.
2019-10-23 12:23:06,664 [java.util.concurrent.ThreadPoolExecutor$Worker@16be38ad[State = -1, empty queue]] WARN  server.GrpcLogAppender (GrpcLogAppender.java:timeoutAppendRequest(209)) - 43cb0e13-5597-452b-a8b1-af00d0a4a497@group-40390D33441A->04710d3b-08a7-4a70-b69f-f772706c6105-GrpcLogAppender: appendEntries Timeout, request=43cb0e13-5597-452b-a8b1-af00d0a4a497->04710d3b-08a7-4a70-b69f-f772706c6105#47-t3, previous=(t:3, i:10), leaderCommit=10, initializing? false, entries: <empty>
2019-10-23 12:23:06,850 [EventQueue-ContainerReportForContainerReportHandler] WARN  container.ContainerReportHandler (AbstractContainerReportHandler.java:updateContainerState(145)) - Container #1 is in OPEN state, but the datanode 9d2a2146-2c04-423d-8f96-3c121403b328{ip: 192.168.69.118, host: pr-hdds1643-t2fz7-3136866267, networkLocation: /default-rack, certSerialId: null} reports an CLOSED replica.
2019-10-23 12:23:06,884 [Thread-510] INFO  client.GrpcClientProtocolService (GrpcClientProtocolService.java:lambda$processClientRequest$0(278)) - Failed RaftClientRequest:client-F877F7AB4D5B->43cb0e13-5597-452b-a8b1-af00d0a4a497@group-40390D33441A, cid=10, seq=0, Watch-ALL_COMMITTED(6), Message:<EMPTY>, reply=RaftClientReply:client-F877F7AB4D5B->43cb0e13-5597-452b-a8b1-af00d0a4a497@group-40390D33441A, cid=10, FAILED org.apache.ratis.protocol.NotReplicatedException: Request with call Id 10 and log index 6 is not yet replicated to ALL_COMMITTED, logIndex=6, commits[43cb0e13-5597-452b-a8b1-af00d0a4a497:c10, 9d2a2146-2c04-423d-8f96-3c121403b328:c10, 04710d3b-08a7-4a70-b69f-f772706c6105:c4]
2019-10-23 12:23:06,891 [BlockDeletingService#4] WARN  background.BlockDeletingService (BlockDeletingService.java:isDeletionAllowed(187)) - Close Container log Index 6 is not replicated across allthe servers in the pipeline c0e4f3a0-4d63-43fc-af6c-40390d33441a as the min replicated index is 4. Deletion is not allowed in this container yet.
2019-10-23 12:23:06,891 [BlockDeletingService#9] WARN  background.BlockDeletingService (BlockDeletingService.java:isDeletionAllowed(187)) - Close Container log Index 6 is not replicated across allthe servers in the pipeline c0e4f3a0-4d63-43fc-af6c-40390d33441a as the min replicated index is 4. Deletion is not allowed in this container yet.
2019-10-23 12:23:06,949 [EventQueue-ContainerReportForContainerReportHandler] WARN  container.ContainerReportHandler (AbstractContainerReportHandler.java:updateContainerState(145)) - Container #1 is in OPEN state, but the datanode 43cb0e13-5597-452b-a8b1-af00d0a4a497{ip: 192.168.69.118, host: pr-hdds1643-t2fz7-3136866267, networkLocation: /default-rack, certSerialId: null} reports an CLOSED replica.
2019-10-23 12:23:07,149 [EventQueue-ContainerReportForContainerReportHandler] WARN  container.ContainerReportHandler (AbstractContainerReportHandler.java:updateContainerState(145)) - Container #1 is in OPEN state, but the datanode 9d2a2146-2c04-423d-8f96-3c121403b328{ip: 192.168.69.118, host: pr-hdds1643-t2fz7-3136866267, networkLocation: /default-rack, certSerialId: null} reports an CLOSED replica.
2019-10-23 12:23:07,249 [EventQueue-ContainerReportForContainerReportHandler] WARN  container.ContainerReportHandler (AbstractContainerReportHandler.java:updateContainerState(145)) - Container #1 is in OPEN state, but the datanode 43cb0e13-5597-452b-a8b1-af00d0a4a497{ip: 192.168.69.118, host: pr-hdds1643-t2fz7-3136866267, networkLocation: /default-rack, certSerialId: null} reports an CLOSED replica.
2019-10-23 12:23:07,350 [EventQueue-ContainerReportForContainerReportHandler] WARN  container.ContainerReportHandler (AbstractContainerReportHandler.java:updateContainerState(145)) - Container #1 is in OPEN state, but the datanode 9d2a2146-2c04-423d-8f96-3c121403b328{ip: 192.168.69.118, host: pr-hdds1643-t2fz7-3136866267, networkLocation: /default-rack, certSerialId: null} reports an CLOSED replica.
2019-10-23 12:23:07,549 [EventQueue-ContainerReportForContainerReportHandler] WARN  container.ContainerReportHandler (AbstractContainerReportHandler.java:updateContainerState(145)) - Container #1 is in OPEN state, but the datanode 43cb0e13-5597-452b-a8b1-af00d0a4a497{ip: 192.168.69.118, host: pr-hdds1643-t2fz7-3136866267, networkLocation: /default-rack, certSerialId: null} reports an CLOSED replica.
2019-10-23 12:23:07,751 [EventQueue-ContainerReportForContainerReportHandler] WARN  container.ContainerReportHandler (AbstractContainerReportHandler.java:updateContainerState(145)) - Container #1 is in OPEN state, but the datanode 9d2a2146-2c04-423d-8f96-3c121403b328{ip: 192.168.69.118, host: pr-hdds1643-t2fz7-3136866267, networkLocation: /default-rack, certSerialId: null} reports an CLOSED replica.
2019-10-23 12:23:07,892 [BlockDeletingService#4] WARN  background.BlockDeletingService (BlockDeletingService.java:isDeletionAllowed(187)) - Close Container log Index 6 is not replicated across allthe servers in the pipeline c0e4f3a0-4d63-43fc-af6c-40390d33441a as the min replicated index is 4. Deletion is not allowed in this container yet.
2019-10-23 12:23:07,893 [BlockDeletingService#9] WARN  background.BlockDeletingService (BlockDeletingService.java:isDeletionAllowed(187)) - Close Container log Index 6 is not replicated across allthe servers in the pipeline c0e4f3a0-4d63-43fc-af6c-40390d33441a as the min replicated index is 4. Deletion is not allowed in this container yet.
2019-10-23 12:23:07,950 [EventQueue-ContainerReportForContainerReportHandler] WARN  container.ContainerReportHandler (AbstractContainerReportHandler.java:updateContainerState(145)) - Container #1 is in OPEN state, but the datanode 43cb0e13-5597-452b-a8b1-af00d0a4a497{ip: 192.168.69.118, host: pr-hdds1643-t2fz7-3136866267, networkLocation: /default-rack, certSerialId: null} reports an CLOSED replica.
2019-10-23 12:23:08,051 [EventQueue-ContainerReportForContainerReportHandler] WARN  container.ContainerReportHandler (AbstractContainerReportHandler.java:updateContainerState(145)) - Container #1 is in OPEN state, but the datanode 9d2a2146-2c04-423d-8f96-3c121403b328{ip: 192.168.69.118, host: pr-hdds1643-t2fz7-3136866267, networkLocation: /default-rack, certSerialId: null} reports an CLOSED replica.
2019-10-23 12:23:08,250 [EventQueue-ContainerReportForContainerReportHandler] WARN  container.ContainerReportHandler (AbstractContainerReportHandler.java:updateContainerState(145)) - Container #1 is in OPEN state, but the datanode 43cb0e13-5597-452b-a8b1-af00d0a4a497{ip: 192.168.69.118, host: pr-hdds1643-t2fz7-3136866267, networkLocation: /default-rack, certSerialId: null} reports an CLOSED replica.
2019-10-23 12:23:08,352 [EventQueue-ContainerReportForContainerReportHandler] WARN  container.ContainerReportHandler (AbstractContainerReportHandler.java:updateContainerState(145)) - Container #1 is in OPEN state, but the datanode 9d2a2146-2c04-423d-8f96-3c121403b328{ip: 192.168.69.118, host: pr-hdds1643-t2fz7-3136866267, networkLocation: /default-rack, certSerialId: null} reports an CLOSED replica.
2019-10-23 12:23:08,553 [EventQueue-ContainerReportForContainerReportHandler] WARN  container.ContainerReportHandler (AbstractContainerReportHandler.java:updateContainerState(145)) - Container #1 is in OPEN state, but the datanode 43cb0e13-5597-452b-a8b1-af00d0a4a497{ip: 192.168.69.118, host: pr-hdds1643-t2fz7-3136866267, networkLocation: /default-rack, certSerialId: null} reports an CLOSED replica.
2019-10-23 12:23:08,654 [EventQueue-ContainerReportForContainerReportHandler] WARN  container.ContainerReportHandler (AbstractContainerReportHandler.java:updateContainerState(145)) - Container #1 is in OPEN state, but the datanode 9d2a2146-2c04-423d-8f96-3c121403b328{ip: 192.168.69.118, host: pr-hdds1643-t2fz7-3136866267, networkLocation: /default-rack, certSerialId: null} reports an CLOSED replica.
2019-10-23 12:23:08,854 [EventQueue-ContainerReportForContainerReportHandler] WARN  container.ContainerReportHandler (AbstractContainerReportHandler.java:updateContainerState(145)) - Container #1 is in OPEN state, but the datanode 43cb0e13-5597-452b-a8b1-af00d0a4a497{ip: 192.168.69.118, host: pr-hdds1643-t2fz7-3136866267, networkLocation: /default-rack, certSerialId: null} reports an CLOSED replica.
2019-10-23 12:23:08,895 [BlockDeletingService#9] WARN  background.BlockDeletingService (BlockDeletingService.java:isDeletionAllowed(187)) - Close Container log Index 6 is not replicated across allthe servers in the pipeline c0e4f3a0-4d63-43fc-af6c-40390d33441a as the min replicated index is 4. Deletion is not allowed in this container yet.
2019-10-23 12:23:08,895 [BlockDeletingService#4] WARN  background.BlockDeletingService (BlockDeletingService.java:isDeletionAllowed(187)) - Close Container log Index 6 is not replicated across allthe servers in the pipeline c0e4f3a0-4d63-43fc-af6c-40390d33441a as the min replicated index is 4. Deletion is not allowed in this container yet.
2019-10-23 12:23:09,055 [EventQueue-ContainerReportForContainerReportHandler] WARN  container.ContainerReportHandler (AbstractContainerReportHandler.java:updateContainerState(145)) - Container #1 is in OPEN state, but the datanode 43cb0e13-5597-452b-a8b1-af00d0a4a497{ip: 192.168.69.118, host: pr-hdds1643-t2fz7-3136866267, networkLocation: /default-rack, certSerialId: null} reports an CLOSED replica.
2019-10-23 12:23:09,055 [EventQueue-ContainerReportForContainerReportHandler] WARN  container.ContainerReportHandler (AbstractContainerReportHandler.java:updateContainerState(145)) - Container #1 is in OPEN state, but the datanode 9d2a2146-2c04-423d-8f96-3c121403b328{ip: 192.168.69.118, host: pr-hdds1643-t2fz7-3136866267, networkLocation: /default-rack, certSerialId: null} reports an CLOSED replica.
2019-10-23 12:23:09,165 [java.util.concurrent.ThreadPoolExecutor$Worker@16be38ad[State = -1, empty queue]] WARN  server.GrpcLogAppender (GrpcLogAppender.java:timeoutAppendRequest(209)) - 43cb0e13-5597-452b-a8b1-af00d0a4a497@group-40390D33441A->04710d3b-08a7-4a70-b69f-f772706c6105-GrpcLogAppender: appendEntries Timeout, request=43cb0e13-5597-452b-a8b1-af00d0a4a497->04710d3b-08a7-4a70-b69f-f772706c6105#48-t3, previous=(t:3, i:10), leaderCommit=10, initializing? false, entries: <empty>
2019-10-23 12:23:09,255 [EventQueue-ContainerReportForContainerReportHandler] WARN  container.ContainerReportHandler (AbstractContainerReportHandler.java:updateContainerState(145)) - Container #1 is in OPEN state, but the datanode 9d2a2146-2c04-423d-8f96-3c121403b328{ip: 192.168.69.118, host: pr-hdds1643-t2fz7-3136866267, networkLocation: /default-rack, certSerialId: null} reports an CLOSED replica.
2019-10-23 12:23:09,354 [EventQueue-ContainerReportForContainerReportHandler] WARN  container.ContainerReportHandler (AbstractContainerReportHandler.java:updateContainerState(145)) - Container #1 is in OPEN state, but the datanode 43cb0e13-5597-452b-a8b1-af00d0a4a497{ip: 192.168.69.118, host: pr-hdds1643-t2fz7-3136866267, networkLocation: /default-rack, certSerialId: null} reports an CLOSED replica.
2019-10-23 12:23:09,657 [EventQueue-ContainerReportForContainerReportHandler] WARN  container.ContainerReportHandler (AbstractContainerReportHandler.java:updateContainerState(145)) - Container #1 is in OPEN state, but the datanode 9d2a2146-2c04-423d-8f96-3c121403b328{ip: 192.168.69.118, host: pr-hdds1643-t2fz7-3136866267, networkLocation: /default-rack, certSerialId: null} reports an CLOSED replica.
2019-10-23 12:23:09,658 [EventQueue-ContainerReportForContainerReportHandler] WARN  container.ContainerReportHandler (AbstractContainerReportHandler.java:updateContainerState(145)) - Container #1 is in OPEN state, but the datanode 43cb0e13-5597-452b-a8b1-af00d0a4a497{ip: 192.168.69.118, host: pr-hdds1643-t2fz7-3136866267, networkLocation: /default-rack, certSerialId: null} reports an CLOSED replica.
2019-10-23 12:23:09,898 [BlockDeletingService#9] WARN  background.BlockDeletingService (BlockDeletingService.java:isDeletionAllowed(187)) - Close Container log Index 6 is not replicated across allthe servers in the pipeline c0e4f3a0-4d63-43fc-af6c-40390d33441a as the min replicated index is 4. Deletion is not allowed in this container yet.
2019-10-23 12:23:09,898 [BlockDeletingService#4] WARN  background.BlockDeletingService (BlockDeletingService.java:isDeletionAllowed(187)) - Close Container log Index 6 is not replicated across allthe servers in the pipeline c0e4f3a0-4d63-43fc-af6c-40390d33441a as the min replicated index is 4. Deletion is not allowed in this container yet.
2019-10-23 12:23:09,955 [EventQueue-ContainerReportForContainerReportHandler] WARN  container.ContainerReportHandler (AbstractContainerReportHandler.java:updateContainerState(145)) - Container #1 is in OPEN state, but the datanode 43cb0e13-5597-452b-a8b1-af00d0a4a497{ip: 192.168.69.118, host: pr-hdds1643-t2fz7-3136866267, networkLocation: /default-rack, certSerialId: null} reports an CLOSED replica.
2019-10-23 12:23:10,055 [EventQueue-ContainerReportForContainerReportHandler] WARN  container.ContainerReportHandler (AbstractContainerReportHandler.java:updateContainerState(145)) - Container #1 is in OPEN state, but the datanode 9d2a2146-2c04-423d-8f96-3c121403b328{ip: 192.168.69.118, host: pr-hdds1643-t2fz7-3136866267, networkLocation: /default-rack, certSerialId: null} reports an CLOSED replica.
2019-10-23 12:23:10,356 [EventQueue-ContainerReportForContainerReportHandler] WARN  container.ContainerReportHandler (AbstractContainerReportHandler.java:updateContainerState(145)) - Container #1 is in OPEN state, but the datanode 43cb0e13-5597-452b-a8b1-af00d0a4a497{ip: 192.168.69.118, host: pr-hdds1643-t2fz7-3136866267, networkLocation: /default-rack, certSerialId: null} reports an CLOSED replica.
2019-10-23 12:23:10,356 [EventQueue-ContainerReportForContainerReportHandler] WARN  container.ContainerReportHandler (AbstractContainerReportHandler.java:updateContainerState(145)) - Container #1 is in OPEN state, but the datanode 9d2a2146-2c04-423d-8f96-3c121403b328{ip: 192.168.69.118, host: pr-hdds1643-t2fz7-3136866267, networkLocation: /default-rack, certSerialId: null} reports an CLOSED replica.
2019-10-23 12:23:10,656 [EventQueue-ContainerReportForContainerReportHandler] WARN  container.ContainerReportHandler (AbstractContainerReportHandler.java:updateContainerState(145)) - Container #1 is in OPEN state, but the datanode 9d2a2146-2c04-423d-8f96-3c121403b328{ip: 192.168.69.118, host: pr-hdds1643-t2fz7-3136866267, networkLocation: /default-rack, certSerialId: null} reports an CLOSED replica.
2019-10-23 12:23:10,657 [EventQueue-ContainerReportForContainerReportHandler] WARN  container.ContainerReportHandler (AbstractContainerReportHandler.java:updateContainerState(145)) - Container #1 is in OPEN state, but the datanode 43cb0e13-5597-452b-a8b1-af00d0a4a497{ip: 192.168.69.118, host: pr-hdds1643-t2fz7-3136866267, networkLocation: /default-rack, certSerialId: null} reports an CLOSED replica.
2019-10-23 12:23:10,903 [BlockDeletingService#9] WARN  background.BlockDeletingService (BlockDeletingService.java:isDeletionAllowed(187)) - Close Container log Index 6 is not replicated across allthe servers in the pipeline c0e4f3a0-4d63-43fc-af6c-40390d33441a as the min replicated index is 4. Deletion is not allowed in this container yet.
2019-10-23 12:23:10,903 [BlockDeletingService#4] WARN  background.BlockDeletingService (BlockDeletingService.java:isDeletionAllowed(187)) - Close Container log Index 6 is not replicated across allthe servers in the pipeline c0e4f3a0-4d63-43fc-af6c-40390d33441a as the min replicated index is 4. Deletion is not allowed in this container yet.
2019-10-23 12:23:10,958 [EventQueue-ContainerReportForContainerReportHandler] WARN  container.ContainerReportHandler (AbstractContainerReportHandler.java:updateContainerState(145)) - Container #1 is in OPEN state, but the datanode 43cb0e13-5597-452b-a8b1-af00d0a4a497{ip: 192.168.69.118, host: pr-hdds1643-t2fz7-3136866267, networkLocation: /default-rack, certSerialId: null} reports an CLOSED replica.
2019-10-23 12:23:11,057 [EventQueue-ContainerReportForContainerReportHandler] WARN  container.ContainerReportHandler (AbstractContainerReportHandler.java:updateContainerState(145)) - Container #1 is in OPEN state, but the datanode 9d2a2146-2c04-423d-8f96-3c121403b328{ip: 192.168.69.118, host: pr-hdds1643-t2fz7-3136866267, networkLocation: /default-rack, certSerialId: null} reports an CLOSED replica.
2019-10-23 12:23:11,157 [EventQueue-ContainerReportForContainerReportHandler] WARN  container.ContainerReportHandler (AbstractContainerReportHandler.java:updateContainerState(145)) - Container #1 is in OPEN state, but the datanode 43cb0e13-5597-452b-a8b1-af00d0a4a497{ip: 192.168.69.118, host: pr-hdds1643-t2fz7-3136866267, networkLocation: /default-rack, certSerialId: null} reports an CLOSED replica.
2019-10-23 12:23:11,358 [EventQueue-ContainerReportForContainerReportHandler] WARN  container.ContainerReportHandler (AbstractContainerReportHandler.java:updateContainerState(145)) - Container #1 is in OPEN state, but the datanode 9d2a2146-2c04-423d-8f96-3c121403b328{ip: 192.168.69.118, host: pr-hdds1643-t2fz7-3136866267, networkLocation: /default-rack, certSerialId: null} reports an CLOSED replica.
2019-10-23 12:23:11,457 [EventQueue-ContainerReportForContainerReportHandler] WARN  container.ContainerReportHandler (AbstractContainerReportHandler.java:updateContainerState(145)) - Container #1 is in OPEN state, but the datanode 43cb0e13-5597-452b-a8b1-af00d0a4a497{ip: 192.168.69.118, host: pr-hdds1643-t2fz7-3136866267, networkLocation: /default-rack, certSerialId: null} reports an CLOSED replica.
2019-10-23 12:23:11,665 [java.util.concurrent.ThreadPoolExecutor$Worker@16be38ad[State = -1, empty queue]] WARN  server.GrpcLogAppender (GrpcLogAppender.java:timeoutAppendRequest(209)) - 43cb0e13-5597-452b-a8b1-af00d0a4a497@group-40390D33441A->04710d3b-08a7-4a70-b69f-f772706c6105-GrpcLogAppender: appendEntries Timeout, request=43cb0e13-5597-452b-a8b1-af00d0a4a497->04710d3b-08a7-4a70-b69f-f772706c6105#49-t3, previous=(t:3, i:10), leaderCommit=10, initializing? false, entries: <empty>
2019-10-23 12:23:11,759 [EventQueue-ContainerReportForContainerReportHandler] WARN  container.ContainerReportHandler (AbstractContainerReportHandler.java:updateContainerState(145)) - Container #1 is in OPEN state, but the datanode 9d2a2146-2c04-423d-8f96-3c121403b328{ip: 192.168.69.118, host: pr-hdds1643-t2fz7-3136866267, networkLocation: /default-rack, certSerialId: null} reports an CLOSED replica.
2019-10-23 12:23:11,858 [EventQueue-ContainerReportForContainerReportHandler] WARN  container.ContainerReportHandler (AbstractContainerReportHandler.java:updateContainerState(145)) - Container #1 is in OPEN state, but the datanode 43cb0e13-5597-452b-a8b1-af00d0a4a497{ip: 192.168.69.118, host: pr-hdds1643-t2fz7-3136866267, networkLocation: /default-rack, certSerialId: null} reports an CLOSED replica.
2019-10-23 12:23:11,906 [BlockDeletingService#4] WARN  background.BlockDeletingService (BlockDeletingService.java:isDeletionAllowed(187)) - Close Container log Index 6 is not replicated across allthe servers in the pipeline c0e4f3a0-4d63-43fc-af6c-40390d33441a as the min replicated index is 4. Deletion is not allowed in this container yet.
2019-10-23 12:23:11,906 [BlockDeletingService#9] WARN  background.BlockDeletingService (BlockDeletingService.java:isDeletionAllowed(187)) - Close Container log Index 6 is not replicated across allthe servers in the pipeline c0e4f3a0-4d63-43fc-af6c-40390d33441a as the min replicated index is 4. Deletion is not allowed in this container yet.
2019-10-23 12:23:12,058 [EventQueue-ContainerReportForContainerReportHandler] WARN  container.ContainerReportHandler (AbstractContainerReportHandler.java:updateContainerState(145)) - Container #1 is in OPEN state, but the datanode 9d2a2146-2c04-423d-8f96-3c121403b328{ip: 192.168.69.118, host: pr-hdds1643-t2fz7-3136866267, networkLocation: /default-rack, certSerialId: null} reports an CLOSED replica.
2019-10-23 12:23:12,158 [EventQueue-ContainerReportForContainerReportHandler] WARN  container.ContainerReportHandler (AbstractContainerReportHandler.java:updateContainerState(145)) - Container #1 is in OPEN state, but the datanode 43cb0e13-5597-452b-a8b1-af00d0a4a497{ip: 192.168.69.118, host: pr-hdds1643-t2fz7-3136866267, networkLocation: /default-rack, certSerialId: null} reports an CLOSED replica.
2019-10-23 12:23:12,258 [EventQueue-ContainerReportForContainerReportHandler] WARN  container.ContainerReportHandler (AbstractContainerReportHandler.java:updateContainerState(145)) - Container #1 is in OPEN state, but the datanode 9d2a2146-2c04-423d-8f96-3c121403b328{ip: 192.168.69.118, host: pr-hdds1643-t2fz7-3136866267, networkLocation: /default-rack, certSerialId: null} reports an CLOSED replica.
2019-10-23 12:23:12,558 [EventQueue-ContainerReportForContainerReportHandler] WARN  container.ContainerReportHandler (AbstractContainerReportHandler.java:updateContainerState(145)) - Container #1 is in OPEN state, but the datanode 9d2a2146-2c04-423d-8f96-3c121403b328{ip: 192.168.69.118, host: pr-hdds1643-t2fz7-3136866267, networkLocation: /default-rack, certSerialId: null} reports an CLOSED replica.
2019-10-23 12:23:12,558 [EventQueue-ContainerReportForContainerReportHandler] WARN  container.ContainerReportHandler (AbstractContainerReportHandler.java:updateContainerState(145)) - Container #1 is in OPEN state, but the datanode 43cb0e13-5597-452b-a8b1-af00d0a4a497{ip: 192.168.69.118, host: pr-hdds1643-t2fz7-3136866267, networkLocation: /default-rack, certSerialId: null} reports an CLOSED replica.
2019-10-23 12:23:12,758 [EventQueue-ContainerReportForContainerReportHandler] WARN  container.ContainerReportHandler (AbstractContainerReportHandler.java:updateContainerState(145)) - Container #1 is in OPEN state, but the datanode 43cb0e13-5597-452b-a8b1-af00d0a4a497{ip: 192.168.69.118, host: pr-hdds1643-t2fz7-3136866267, networkLocation: /default-rack, certSerialId: null} reports an CLOSED replica.
2019-10-23 12:23:12,908 [BlockDeletingService#4] WARN  background.BlockDeletingService (BlockDeletingService.java:isDeletionAllowed(187)) - Close Container log Index 6 is not replicated across allthe servers in the pipeline c0e4f3a0-4d63-43fc-af6c-40390d33441a as the min replicated index is 4. Deletion is not allowed in this container yet.
2019-10-23 12:23:12,908 [BlockDeletingService#9] WARN  background.BlockDeletingService (BlockDeletingService.java:isDeletionAllowed(187)) - Close Container log Index 6 is not replicated across allthe servers in the pipeline c0e4f3a0-4d63-43fc-af6c-40390d33441a as the min replicated index is 4. Deletion is not allowed in this container yet.
2019-10-23 12:23:12,958 [EventQueue-ContainerReportForContainerReportHandler] WARN  container.ContainerReportHandler (AbstractContainerReportHandler.java:updateContainerState(145)) - Container #1 is in OPEN state, but the datanode 9d2a2146-2c04-423d-8f96-3c121403b328{ip: 192.168.69.118, host: pr-hdds1643-t2fz7-3136866267, networkLocation: /default-rack, certSerialId: null} reports an CLOSED replica.
2019-10-23 12:23:13,060 [EventQueue-ContainerReportForContainerReportHandler] WARN  container.ContainerReportHandler (AbstractContainerReportHandler.java:updateContainerState(145)) - Container #1 is in OPEN state, but the datanode 43cb0e13-5597-452b-a8b1-af00d0a4a497{ip: 192.168.69.118, host: pr-hdds1643-t2fz7-3136866267, networkLocation: /default-rack, certSerialId: null} reports an CLOSED replica.
2019-10-23 12:23:13,259 [EventQueue-ContainerReportForContainerReportHandler] WARN  container.ContainerReportHandler (AbstractContainerReportHandler.java:updateContainerState(145)) - Container #1 is in OPEN state, but the datanode 9d2a2146-2c04-423d-8f96-3c121403b328{ip: 192.168.69.118, host: pr-hdds1643-t2fz7-3136866267, networkLocation: /default-rack, certSerialId: null} reports an CLOSED replica.
2019-10-23 12:23:13,358 [EventQueue-StaleNodeForStaleNodeHandler] INFO  node.StaleNodeHandler (StaleNodeHandler.java:onMessage(58)) - Datanode 04710d3b-08a7-4a70-b69f-f772706c6105{ip: 192.168.69.118, host: pr-hdds1643-t2fz7-3136866267, networkLocation: /default-rack, certSerialId: null} moved to stale state. Finalizing its pipelines [PipelineID=c0e4f3a0-4d63-43fc-af6c-40390d33441a, PipelineID=2ee25dbc-1d4b-4316-9563-64208f9792f8]
2019-10-23 12:23:13,359 [EventQueue-StaleNodeForStaleNodeHandler] INFO  pipeline.SCMPipelineManager (SCMPipelineManager.java:finalizeAndDestroyPipeline(315)) - destroying pipeline:Pipeline[ Id: c0e4f3a0-4d63-43fc-af6c-40390d33441a, Nodes: 43cb0e13-5597-452b-a8b1-af00d0a4a497{ip: 192.168.69.118, host: pr-hdds1643-t2fz7-3136866267, networkLocation: /default-rack, certSerialId: null}04710d3b-08a7-4a70-b69f-f772706c6105{ip: 192.168.69.118, host: pr-hdds1643-t2fz7-3136866267, networkLocation: /default-rack, certSerialId: null}9d2a2146-2c04-423d-8f96-3c121403b328{ip: 192.168.69.118, host: pr-hdds1643-t2fz7-3136866267, networkLocation: /default-rack, certSerialId: null}, Type:RATIS, Factor:THREE, State:OPEN]
2019-10-23 12:23:13,359 [EventQueue-ContainerReportForContainerReportHandler] WARN  container.ContainerReportHandler (AbstractContainerReportHandler.java:updateContainerState(145)) - Container #1 is in OPEN state, but the datanode 43cb0e13-5597-452b-a8b1-af00d0a4a497{ip: 192.168.69.118, host: pr-hdds1643-t2fz7-3136866267, networkLocation: /default-rack, certSerialId: null} reports an CLOSED replica.
2019-10-23 12:23:13,362 [EventQueue-StaleNodeForStaleNodeHandler] INFO  pipeline.PipelineStateManager (PipelineStateManager.java:finalizePipeline(123)) - Pipeline Pipeline[ Id: c0e4f3a0-4d63-43fc-af6c-40390d33441a, Nodes: 43cb0e13-5597-452b-a8b1-af00d0a4a497{ip: 192.168.69.118, host: pr-hdds1643-t2fz7-3136866267, networkLocation: /default-rack, certSerialId: null}04710d3b-08a7-4a70-b69f-f772706c6105{ip: 192.168.69.118, host: pr-hdds1643-t2fz7-3136866267, networkLocation: /default-rack, certSerialId: null}9d2a2146-2c04-423d-8f96-3c121403b328{ip: 192.168.69.118, host: pr-hdds1643-t2fz7-3136866267, networkLocation: /default-rack, certSerialId: null}, Type:RATIS, Factor:THREE, State:CLOSED] moved to CLOSED state
2019-10-23 12:23:13,365 [EventQueue-CloseContainerForCloseContainerEventHandler] INFO  container.CloseContainerEventHandler (CloseContainerEventHandler.java:onMessage(61)) - Close container Event triggered for container : #1
2019-10-23 12:23:13,366 [EventQueue-StaleNodeForStaleNodeHandler] INFO  pipeline.SCMPipelineManager (SCMPipelineManager.java:finalizeAndDestroyPipeline(315)) - destroying pipeline:Pipeline[ Id: 2ee25dbc-1d4b-4316-9563-64208f9792f8, Nodes: 04710d3b-08a7-4a70-b69f-f772706c6105{ip: 192.168.69.118, host: pr-hdds1643-t2fz7-3136866267, networkLocation: /default-rack, certSerialId: null}, Type:RATIS, Factor:ONE, State:OPEN]
2019-10-23 12:23:13,368 [EventQueue-StaleNodeForStaleNodeHandler] INFO  pipeline.PipelineStateManager (PipelineStateManager.java:finalizePipeline(123)) - Pipeline Pipeline[ Id: 2ee25dbc-1d4b-4316-9563-64208f9792f8, Nodes: 04710d3b-08a7-4a70-b69f-f772706c6105{ip: 192.168.69.118, host: pr-hdds1643-t2fz7-3136866267, networkLocation: /default-rack, certSerialId: null}, Type:RATIS, Factor:ONE, State:CLOSED] moved to CLOSED state
2019-10-23 12:23:13,461 [EventQueue-ContainerReportForContainerReportHandler] INFO  container.ContainerReportHandler (AbstractContainerReportHandler.java:updateContainerState(178)) - Moving container #1 to CLOSED state, datanode 9d2a2146-2c04-423d-8f96-3c121403b328{ip: 192.168.69.118, host: pr-hdds1643-t2fz7-3136866267, networkLocation: /default-rack, certSerialId: null} reported CLOSED replica.
2019-10-23 12:23:13,480 [SCMBlockDeletingService#0] INFO  block.SCMBlockDeletingService (SCMBlockDeletingService.java:call(184)) - Totally added 3 delete blocks command for 3 datanodes, task elapsed time: 7ms
2019-10-23 12:23:13,661 [EventQueue-PendingDeleteStatusForPendingDeleteHandler] INFO  block.SCMBlockDeletingService (SCMBlockDeletingService.java:handlePendingDeletes(115)) - Block deletion txnID mismatch in datanode 43cb0e13-5597-452b-a8b1-af00d0a4a497 for containerID 1. Datanode delete txnID: 0, SCM txnID: 1
2019-10-23 12:23:13,661 [EventQueue-PendingDeleteStatusForPendingDeleteHandler] INFO  block.SCMBlockDeletingService (SCMBlockDeletingService.java:handlePendingDeletes(115)) - Block deletion txnID mismatch in datanode 9d2a2146-2c04-423d-8f96-3c121403b328 for containerID 1. Datanode delete txnID: 0, SCM txnID: 1
2019-10-23 12:23:13,909 [BlockDeletingService#9] WARN  background.BlockDeletingService (BlockDeletingService.java:isDeletionAllowed(187)) - Close Container log Index 6 is not replicated across allthe servers in the pipeline c0e4f3a0-4d63-43fc-af6c-40390d33441a as the min replicated index is 4. Deletion is not allowed in this container yet.
2019-10-23 12:23:13,909 [BlockDeletingService#4] WARN  background.BlockDeletingService (BlockDeletingService.java:isDeletionAllowed(187)) - Close Container log Index 6 is not replicated across allthe servers in the pipeline c0e4f3a0-4d63-43fc-af6c-40390d33441a as the min replicated index is 4. Deletion is not allowed in this container yet.
2019-10-23 12:23:13,960 [EventQueue-PendingDeleteStatusForPendingDeleteHandler] INFO  block.SCMBlockDeletingService (SCMBlockDeletingService.java:handlePendingDeletes(115)) - Block deletion txnID mismatch in datanode 43cb0e13-5597-452b-a8b1-af00d0a4a497 for containerID 1. Datanode delete txnID: 0, SCM txnID: 1
2019-10-23 12:23:13,960 [EventQueue-PendingDeleteStatusForPendingDeleteHandler] INFO  block.SCMBlockDeletingService (SCMBlockDeletingService.java:handlePendingDeletes(115)) - Block deletion txnID mismatch in datanode 9d2a2146-2c04-423d-8f96-3c121403b328 for containerID 1. Datanode delete txnID: 0, SCM txnID: 1
2019-10-23 12:23:14,060 [Command processor thread] INFO  commandhandler.DeleteBlocksCommandHandler (DeleteBlocksCommandHandler.java:handle(106)) - Start to delete container blocks, TXIDs=[1(0)], numOfContainers=1, numOfBlocks=1
2019-10-23 12:23:14,160 [EventQueue-PendingDeleteStatusForPendingDeleteHandler] INFO  block.SCMBlockDeletingService (SCMBlockDeletingService.java:handlePendingDeletes(115)) - Block deletion txnID mismatch in datanode 9d2a2146-2c04-423d-8f96-3c121403b328 for containerID 1. Datanode delete txnID: 0, SCM txnID: 1
2019-10-23 12:23:14,167 [java.util.concurrent.ThreadPoolExecutor$Worker@16be38ad[State = -1, empty queue]] WARN  server.GrpcLogAppender (GrpcLogAppender.java:timeoutAppendRequest(209)) - 43cb0e13-5597-452b-a8b1-af00d0a4a497@group-40390D33441A->04710d3b-08a7-4a70-b69f-f772706c6105-GrpcLogAppender: appendEntries Timeout, request=43cb0e13-5597-452b-a8b1-af00d0a4a497->04710d3b-08a7-4a70-b69f-f772706c6105#50-t3, previous=(t:3, i:10), leaderCommit=10, initializing? false, entries: <empty>
2019-10-23 12:23:14,225 [main] INFO  impl.MetricsSystemImpl (MetricsSystemImpl.java:init(158)) - HddsDatanode metrics system started (again)
2019-10-23 12:23:14,266 [main] INFO  ozone.HddsDatanodeService (HddsDatanodeService.java:start(184)) - HddsDatanodeService host:pr-hdds1643-t2fz7-3136866267 ip:192.168.69.118
2019-10-23 12:23:14,270 [main] INFO  volume.VolumeUsage (VolumeUsage.java:loadScmUsed(144)) - Cached ScmUsed found for /workdir/hadoop-ozone/integration-test/target/test-dir/MiniOzoneClusterImpl-2e89ea2c-3d6a-4952-ac09-5f42be2d5130/datanode-2/data/containers : 4096 
2019-10-23 12:23:14,271 [main] INFO  volume.HddsVolume (HddsVolume.java:<init>(176)) - Creating Volume: /workdir/hadoop-ozone/integration-test/target/test-dir/MiniOzoneClusterImpl-2e89ea2c-3d6a-4952-ac09-5f42be2d5130/datanode-2/data/containers/hdds of  storage type : DISK and capacity : 1482555576320
2019-10-23 12:23:14,272 [main] INFO  volume.VolumeSet (VolumeSet.java:initializeVolumeSet(170)) - Added Volume : /workdir/hadoop-ozone/integration-test/target/test-dir/MiniOzoneClusterImpl-2e89ea2c-3d6a-4952-ac09-5f42be2d5130/datanode-2/data/containers/hdds to VolumeSet
2019-10-23 12:23:14,272 [main] INFO  volume.ThrottledAsyncChecker (ThrottledAsyncChecker.java:schedule(141)) - Scheduling a check for /workdir/hadoop-ozone/integration-test/target/test-dir/MiniOzoneClusterImpl-2e89ea2c-3d6a-4952-ac09-5f42be2d5130/datanode-2/data/containers/hdds
2019-10-23 12:23:14,273 [main] INFO  volume.HddsVolumeChecker (HddsVolumeChecker.java:checkAllVolumes(204)) - Scheduled health check for volume /workdir/hadoop-ozone/integration-test/target/test-dir/MiniOzoneClusterImpl-2e89ea2c-3d6a-4952-ac09-5f42be2d5130/datanode-2/data/containers/hdds
2019-10-23 12:23:14,320 [main] INFO  impl.RaftServerProxy (ConfUtils.java:logGet(43)) - raft.rpc.type = GRPC (default)
2019-10-23 12:23:14,320 [main] INFO  grpc.GrpcFactory (GrpcFactory.java:checkPooledByteBufAllocatorUseCacheForAllThreads(45)) - PERFORMANCE WARNING: useCacheForAllThreads is true that may cause Netty to create a lot garbage objects and, as a result, trigger GC.
	It is recommended to disable useCacheForAllThreads by setting -Dorg.apache.ratis.thirdparty.io.netty.allocator.useCacheForAllThreads=false in command line.
2019-10-23 12:23:14,321 [main] INFO  grpc.GrpcConfigKeys$Server (ConfUtils.java:logGet(43)) - raft.grpc.server.port = 40289 (custom)
2019-10-23 12:23:14,321 [main] INFO  server.GrpcService (ConfUtils.java:logGet(43)) - raft.grpc.message.size.max = 33570816 (custom)
2019-10-23 12:23:14,321 [main] INFO  server.RaftServerConfigKeys (ConfUtils.java:logGet(43)) - raft.server.log.appender.buffer.byte-limit = 33554432 (custom)
2019-10-23 12:23:14,322 [main] INFO  server.GrpcService (ConfUtils.java:logGet(43)) - raft.grpc.flow.control.window = 1MB (=1048576) (default)
2019-10-23 12:23:14,322 [main] INFO  server.RaftServerConfigKeys (ConfUtils.java:logGet(43)) - raft.server.rpc.request.timeout = 3000ms (default)
2019-10-23 12:23:14,323 [main] INFO  server.RaftServerConfigKeys (ConfUtils.java:logGet(43)) - raft.server.storage.dir = [/workdir/hadoop-ozone/integration-test/target/test-dir/MiniOzoneClusterImpl-2e89ea2c-3d6a-4952-ac09-5f42be2d5130/datanode-2/data/ratis] (custom)
2019-10-23 12:23:14,323 [main] INFO  impl.RaftServerProxy (RaftServerProxy.java:lambda$null$0(191)) - 04710d3b-08a7-4a70-b69f-f772706c6105: found a subdirectory /workdir/hadoop-ozone/integration-test/target/test-dir/MiniOzoneClusterImpl-2e89ea2c-3d6a-4952-ac09-5f42be2d5130/datanode-2/data/ratis/c0e4f3a0-4d63-43fc-af6c-40390d33441a
2019-10-23 12:23:14,324 [main] INFO  impl.RaftServerProxy (RaftServerProxy.java:addNew(89)) - 04710d3b-08a7-4a70-b69f-f772706c6105: addNew group-40390D33441A:[] returns group-40390D33441A:java.util.concurrent.CompletableFuture@6aa3bfc[Not completed]
2019-10-23 12:23:14,325 [main] INFO  impl.RaftServerProxy (RaftServerProxy.java:lambda$null$0(191)) - 04710d3b-08a7-4a70-b69f-f772706c6105: found a subdirectory /workdir/hadoop-ozone/integration-test/target/test-dir/MiniOzoneClusterImpl-2e89ea2c-3d6a-4952-ac09-5f42be2d5130/datanode-2/data/ratis/2ee25dbc-1d4b-4316-9563-64208f9792f8
2019-10-23 12:23:14,325 [main] INFO  impl.RaftServerProxy (RaftServerProxy.java:addNew(89)) - 04710d3b-08a7-4a70-b69f-f772706c6105: addNew group-64208F9792F8:[] returns group-64208F9792F8:java.util.concurrent.CompletableFuture@6e4599c0[Not completed]
2019-10-23 12:23:14,328 [main] INFO  hdfs.DFSUtil (DFSUtil.java:httpServerTemplateForNNAndJN(1641)) - Starting Web-server for hddsDatanode at: http://0.0.0.0:35920
2019-10-23 12:23:14,328 [pool-59-thread-1] INFO  impl.RaftServerImpl (RaftServerImpl.java:<init>(104)) - 04710d3b-08a7-4a70-b69f-f772706c6105: new RaftServerImpl for group-40390D33441A:[] with ContainerStateMachine:uninitialized
2019-10-23 12:23:14,333 [pool-59-thread-1] INFO  server.RaftServerConfigKeys (ConfUtils.java:logGet(43)) - raft.server.rpc.timeout.min = 5s (custom)
2019-10-23 12:23:14,333 [pool-59-thread-1] INFO  server.RaftServerConfigKeys (ConfUtils.java:logGet(43)) - raft.server.rpc.timeout.max = 5200ms (custom)
2019-10-23 12:23:14,333 [pool-59-thread-1] INFO  server.RaftServerConfigKeys (ConfUtils.java:logGet(43)) - raft.server.rpcslowness.timeout = 1000s (custom)
2019-10-23 12:23:14,333 [pool-59-thread-1] INFO  server.RaftServerConfigKeys (ConfUtils.java:logGet(43)) - raft.server.sleep.deviation.threshold = 300 (default)
2019-10-23 12:23:14,334 [pool-59-thread-1] INFO  server.RaftServerConfigKeys (ConfUtils.java:logGet(43)) - raft.server.log.appender.install.snapshot.enabled = false (custom)
2019-10-23 12:23:14,334 [pool-59-thread-1] INFO  impl.RaftServerImpl (ServerState.java:<init>(103)) - 04710d3b-08a7-4a70-b69f-f772706c6105@group-40390D33441A: ConfigurationManager, init=-1: [], old=null, confs=<EMPTY_MAP>
2019-10-23 12:23:14,334 [pool-59-thread-1] INFO  server.RaftServerConfigKeys (ConfUtils.java:logGet(43)) - raft.server.storage.dir = [/workdir/hadoop-ozone/integration-test/target/test-dir/MiniOzoneClusterImpl-2e89ea2c-3d6a-4952-ac09-5f42be2d5130/datanode-2/data/ratis] (custom)
2019-10-23 12:23:14,334 [pool-59-thread-1] INFO  server.RaftServerConfigKeys (ConfUtils.java:logGet(43)) - raft.server.log.corruption.policy = EXCEPTION (default)
2019-10-23 12:23:14,335 [main] INFO  server.AuthenticationFilter (AuthenticationFilter.java:constructSecretProvider(240)) - Unable to initialize FileSignerSecretProvider, falling back to use random secrets.
2019-10-23 12:23:14,336 [main] WARN  http.HttpRequestLog (HttpRequestLog.java:getRequestLog(97)) - Jetty request log can only be enabled using Log4j
2019-10-23 12:23:14,338 [main] INFO  http.HttpServer2 (HttpServer2.java:addGlobalFilter(975)) - Added global filter 'safety' (class=org.apache.hadoop.http.HttpServer2$QuotingInputFilter)
2019-10-23 12:23:14,338 [main] INFO  http.HttpServer2 (HttpServer2.java:addFilter(948)) - Added filter static_user_filter (class=org.apache.hadoop.http.lib.StaticUserWebFilter$StaticUserFilter) to context hddsDatanode
2019-10-23 12:23:14,339 [main] INFO  http.HttpServer2 (HttpServer2.java:addFilter(958)) - Added filter static_user_filter (class=org.apache.hadoop.http.lib.StaticUserWebFilter$StaticUserFilter) to context static
2019-10-23 12:23:14,339 [main] INFO  http.HttpServer2 (HttpServer2.java:addFilter(958)) - Added filter static_user_filter (class=org.apache.hadoop.http.lib.StaticUserWebFilter$StaticUserFilter) to context logs
2019-10-23 12:23:14,340 [main] INFO  http.HttpServer2 (HttpServer2.java:bindListener(1191)) - Jetty bound to port 35920
2019-10-23 12:23:14,340 [main] INFO  server.Server (Server.java:doStart(351)) - jetty-9.3.25.v20180904, build timestamp: 2018-09-04T21:11:46Z, git hash: 3ce520221d0240229c862b122d2b06c12a625732
2019-10-23 12:23:14,342 [main] INFO  handler.ContextHandler (ContextHandler.java:doStart(781)) - Started o.e.j.s.ServletContextHandler@6ca8fcf3{/logs,file:///workdir/hadoop-ozone/integration-test/target/log,AVAILABLE}
2019-10-23 12:23:14,343 [main] INFO  handler.ContextHandler (ContextHandler.java:doStart(781)) - Started o.e.j.s.ServletContextHandler@66933239{/static,jar:file:/home/user/.m2/repository/org/apache/hadoop/hadoop-hdds-container-service/0.5.0-SNAPSHOT/hadoop-hdds-container-service-0.5.0-SNAPSHOT.jar!/webapps/static,AVAILABLE}
2019-10-23 12:23:14,349 [pool-59-thread-1] INFO  storage.RaftStorageDirectory (RaftStorageDirectory.java:tryLock(328)) - Lock on /workdir/hadoop-ozone/integration-test/target/test-dir/MiniOzoneClusterImpl-2e89ea2c-3d6a-4952-ac09-5f42be2d5130/datanode-2/data/ratis/c0e4f3a0-4d63-43fc-af6c-40390d33441a/in_use.lock acquired by nodename 10412@pr-hdds1643-t2fz7-3136866267
2019-10-23 12:23:14,352 [pool-59-thread-1] INFO  ratis.ContainerStateMachine (ContainerStateMachine.java:loadSnapshot(240)) - group-40390D33441A: Setting the last applied index to (t:3, i:3)
2019-10-23 12:23:14,359 [pool-59-thread-1] INFO  impl.RaftServerImpl (ServerState.java:setRaftConf(357)) - 04710d3b-08a7-4a70-b69f-f772706c6105@group-40390D33441A: set configuration 0: [9d2a2146-2c04-423d-8f96-3c121403b328:192.168.69.118:40792, 04710d3b-08a7-4a70-b69f-f772706c6105:192.168.69.118:40289, 43cb0e13-5597-452b-a8b1-af00d0a4a497:192.168.69.118:45201], old=null at 0
2019-10-23 12:23:14,359 [pool-59-thread-1] INFO  server.RaftServerConfigKeys (ConfUtils.java:logGet(43)) - raft.server.notification.no-leader.timeout = 1000s (custom)
2019-10-23 12:23:14,359 [pool-59-thread-1] INFO  server.RaftServerConfigKeys (ConfUtils.java:logGet(43)) - raft.server.log.use.memory = false (default)
2019-10-23 12:23:14,359 [pool-59-thread-1] INFO  server.RaftServerConfigKeys (ConfUtils.java:logGet(43)) - raft.server.log.purge.gap = 1000000 (custom)
2019-10-23 12:23:14,360 [pool-59-thread-1] INFO  server.RaftServerConfigKeys (ConfUtils.java:logGet(43)) - raft.server.log.appender.buffer.byte-limit = 33554432 (custom)
2019-10-23 12:23:14,360 [pool-59-thread-1] INFO  server.RaftServerConfigKeys (ConfUtils.java:logGet(43)) - raft.server.log.segment.size.max = 1048576 (custom)
2019-10-23 12:23:14,360 [pool-59-thread-1] INFO  server.RaftServerConfigKeys (ConfUtils.java:logGet(43)) - raft.server.log.segment.cache.num.max = 2 (custom)
2019-10-23 12:23:14,360 [pool-59-thread-1] INFO  segmented.SegmentedRaftLogWorker (SegmentedRaftLogWorker.java:<init>(173)) - new 04710d3b-08a7-4a70-b69f-f772706c6105@group-40390D33441A-SegmentedRaftLogWorker for RaftStorage:Storage Directory /workdir/hadoop-ozone/integration-test/target/test-dir/MiniOzoneClusterImpl-2e89ea2c-3d6a-4952-ac09-5f42be2d5130/datanode-2/data/ratis/c0e4f3a0-4d63-43fc-af6c-40390d33441a
2019-10-23 12:23:14,360 [pool-59-thread-1] INFO  server.RaftServerConfigKeys (ConfUtils.java:logGet(43)) - raft.server.log.queue.byte-limit = 2147483647 (custom)
2019-10-23 12:23:14,361 [pool-59-thread-1] INFO  server.RaftServerConfigKeys (ConfUtils.java:logGet(43)) - raft.server.log.queue.element-limit = 1024 (custom)
2019-10-23 12:23:14,361 [pool-59-thread-1] INFO  server.RaftServerConfigKeys (ConfUtils.java:logGet(43)) - raft.server.log.segment.size.max = 1048576 (custom)
2019-10-23 12:23:14,361 [pool-59-thread-1] INFO  server.RaftServerConfigKeys (ConfUtils.java:logGet(43)) - raft.server.log.preallocated.size = 16384 (custom)
2019-10-23 12:23:14,361 [pool-59-thread-1] INFO  server.RaftServerConfigKeys (ConfUtils.java:logGet(43)) - raft.server.log.write.buffer.size = 33554432 (custom)
2019-10-23 12:23:14,361 [pool-59-thread-1] INFO  server.RaftServerConfigKeys (ConfUtils.java:logGet(43)) - raft.server.log.force.sync.num = 128 (default)
2019-10-23 12:23:14,361 [pool-59-thread-1] INFO  server.RaftServerConfigKeys (ConfUtils.java:logGet(43)) - raft.server.log.statemachine.data.sync = true (default)
2019-10-23 12:23:14,361 [pool-59-thread-1] INFO  server.RaftServerConfigKeys (ConfUtils.java:logGet(43)) - raft.server.log.statemachine.data.sync.timeout = 10s (default)
2019-10-23 12:23:14,362 [pool-59-thread-1] INFO  server.RaftServerConfigKeys (ConfUtils.java:logGet(43)) - raft.server.log.statemachine.data.sync.timeout.retry = -1 (default)
2019-10-23 12:23:14,362 [pool-59-thread-1] INFO  server.RaftServerConfigKeys (ConfUtils.java:logGet(43)) - raft.server.log.statemachine.data.caching.enabled = true (custom)
2019-10-23 12:23:14,369 [pool-59-thread-1] INFO  impl.RaftServerImpl (ServerState.java:setRaftConf(357)) - 04710d3b-08a7-4a70-b69f-f772706c6105@group-40390D33441A: set configuration 0: [9d2a2146-2c04-423d-8f96-3c121403b328:192.168.69.118:40792, 04710d3b-08a7-4a70-b69f-f772706c6105:192.168.69.118:40289, 43cb0e13-5597-452b-a8b1-af00d0a4a497:192.168.69.118:45201], old=null at 0
2019-10-23 12:23:14,370 [pool-59-thread-1] INFO  segmented.LogSegment (LogSegment.java:loadSegment(140)) - Successfully read 5 entries from segment file /workdir/hadoop-ozone/integration-test/target/test-dir/MiniOzoneClusterImpl-2e89ea2c-3d6a-4952-ac09-5f42be2d5130/datanode-2/data/ratis/c0e4f3a0-4d63-43fc-af6c-40390d33441a/current/log_inprogress_0
2019-10-23 12:23:14,370 [pool-59-thread-1] INFO  segmented.SegmentedRaftLogWorker (SegmentedRaftLogWorker.java:lambda$new$0(128)) - 04710d3b-08a7-4a70-b69f-f772706c6105@group-40390D33441A-SegmentedRaftLogWorker: flushIndex: setUnconditionally 0 -> 4
2019-10-23 12:23:14,384 [main] INFO  handler.ContextHandler (ContextHandler.java:doStart(781)) - Started o.e.j.w.WebAppContext@6dc9da2d{/,file:///tmp/jetty-0.0.0.0-35920-hddsDatanode-_-any-519037391507649310.dir/webapp/,AVAILABLE}{/hddsDatanode}
2019-10-23 12:23:14,398 [main] INFO  server.AbstractConnector (AbstractConnector.java:doStart(278)) - Started ServerConnector@1d408060{HTTP/1.1,[http/1.1]}{0.0.0.0:35920}
2019-10-23 12:23:14,398 [pool-59-thread-1] INFO  raftlog.RaftLog (RaftLog.java:lambda$new$0(61)) - 04710d3b-08a7-4a70-b69f-f772706c6105@group-40390D33441A-SegmentedRaftLog: commitIndex: updateToMax old=3, new=3, updated? false
2019-10-23 12:23:14,398 [main] INFO  server.Server (Server.java:doStart(419)) - Started @112879ms
2019-10-23 12:23:14,398 [main] WARN  impl.MetricsSystemImpl (MetricsSystemImpl.java:register(276)) - Sink prometheus already exists!
2019-10-23 12:23:14,398 [pool-59-thread-1] INFO  server.RaftServerConfigKeys (ConfUtils.java:logGet(43)) - raft.server.snapshot.auto.trigger.enabled = true (custom)
2019-10-23 12:23:14,399 [pool-59-thread-1] INFO  server.RaftServerConfigKeys (ConfUtils.java:logGet(43)) - raft.server.snapshot.auto.trigger.threshold = 10000 (custom)
2019-10-23 12:23:14,399 [pool-59-thread-1] INFO  server.RaftServerConfigKeys (ConfUtils.java:logGet(43)) - raft.server.snapshot.retention.file.num = 5 (custom)
2019-10-23 12:23:14,399 [pool-59-thread-1] INFO  server.RaftServerConfigKeys (ConfUtils.java:logGet(43)) - raft.server.retrycache.expirytime = 600000ms (custom)
2019-10-23 12:23:14,400 [main] INFO  server.BaseHttpServer (BaseHttpServer.java:updateConnectorAddress(215)) - HTTP server of HDDSDATANODE is listening at http://0.0.0.0:35920
2019-10-23 12:23:14,401 [pool-59-thread-1] INFO  impl.RaftServerImpl (RaftServerImpl.java:<init>(104)) - 04710d3b-08a7-4a70-b69f-f772706c6105: new RaftServerImpl for group-64208F9792F8:[] with ContainerStateMachine:uninitialized
2019-10-23 12:23:14,401 [pool-59-thread-1] INFO  server.RaftServerConfigKeys (ConfUtils.java:logGet(43)) - raft.server.rpc.timeout.min = 5s (custom)
2019-10-23 12:23:14,401 [pool-59-thread-1] INFO  server.RaftServerConfigKeys (ConfUtils.java:logGet(43)) - raft.server.rpc.timeout.max = 5200ms (custom)
2019-10-23 12:23:14,401 [pool-59-thread-1] INFO  server.RaftServerConfigKeys (ConfUtils.java:logGet(43)) - raft.server.rpcslowness.timeout = 1000s (custom)
2019-10-23 12:23:14,401 [pool-59-thread-1] INFO  server.RaftServerConfigKeys (ConfUtils.java:logGet(43)) - raft.server.sleep.deviation.threshold = 300 (default)
2019-10-23 12:23:14,401 [pool-59-thread-1] INFO  server.RaftServerConfigKeys (ConfUtils.java:logGet(43)) - raft.server.log.appender.install.snapshot.enabled = false (custom)
2019-10-23 12:23:14,401 [pool-59-thread-1] INFO  impl.RaftServerImpl (ServerState.java:<init>(103)) - 04710d3b-08a7-4a70-b69f-f772706c6105@group-64208F9792F8: ConfigurationManager, init=-1: [], old=null, confs=<EMPTY_MAP>
2019-10-23 12:23:14,402 [pool-59-thread-1] INFO  server.RaftServerConfigKeys (ConfUtils.java:logGet(43)) - raft.server.storage.dir = [/workdir/hadoop-ozone/integration-test/target/test-dir/MiniOzoneClusterImpl-2e89ea2c-3d6a-4952-ac09-5f42be2d5130/datanode-2/data/ratis] (custom)
2019-10-23 12:23:14,402 [pool-59-thread-1] INFO  server.RaftServerConfigKeys (ConfUtils.java:logGet(43)) - raft.server.log.corruption.policy = EXCEPTION (default)
2019-10-23 12:23:14,402 [org.apache.hadoop.util.JvmPauseMonitor$Monitor@23c2b87a] INFO  util.JvmPauseMonitor (JvmPauseMonitor.java:run(188)) - Starting JVM pause monitor
2019-10-23 12:23:14,414 [pool-59-thread-1] INFO  storage.RaftStorageDirectory (RaftStorageDirectory.java:tryLock(328)) - Lock on /workdir/hadoop-ozone/integration-test/target/test-dir/MiniOzoneClusterImpl-2e89ea2c-3d6a-4952-ac09-5f42be2d5130/datanode-2/data/ratis/2ee25dbc-1d4b-4316-9563-64208f9792f8/in_use.lock acquired by nodename 10412@pr-hdds1643-t2fz7-3136866267
2019-10-23 12:23:14,415 [pool-59-thread-1] INFO  ratis.ContainerStateMachine (ContainerStateMachine.java:loadSnapshot(231)) - group-64208F9792F8: The snapshot info is null. Setting the last applied indexto:(t:0, i:~)
2019-10-23 12:23:14,415 [pool-59-thread-1] INFO  server.RaftServerConfigKeys (ConfUtils.java:logGet(43)) - raft.server.notification.no-leader.timeout = 1000s (custom)
2019-10-23 12:23:14,415 [pool-59-thread-1] INFO  server.RaftServerConfigKeys (ConfUtils.java:logGet(43)) - raft.server.log.use.memory = false (default)
2019-10-23 12:23:14,415 [pool-59-thread-1] INFO  server.RaftServerConfigKeys (ConfUtils.java:logGet(43)) - raft.server.log.purge.gap = 1000000 (custom)
2019-10-23 12:23:14,415 [pool-59-thread-1] INFO  server.RaftServerConfigKeys (ConfUtils.java:logGet(43)) - raft.server.log.appender.buffer.byte-limit = 33554432 (custom)
2019-10-23 12:23:14,415 [pool-59-thread-1] INFO  server.RaftServerConfigKeys (ConfUtils.java:logGet(43)) - raft.server.log.segment.size.max = 1048576 (custom)
2019-10-23 12:23:14,415 [pool-59-thread-1] INFO  server.RaftServerConfigKeys (ConfUtils.java:logGet(43)) - raft.server.log.segment.cache.num.max = 2 (custom)
2019-10-23 12:23:14,416 [pool-59-thread-1] INFO  segmented.SegmentedRaftLogWorker (SegmentedRaftLogWorker.java:<init>(173)) - new 04710d3b-08a7-4a70-b69f-f772706c6105@group-64208F9792F8-SegmentedRaftLogWorker for RaftStorage:Storage Directory /workdir/hadoop-ozone/integration-test/target/test-dir/MiniOzoneClusterImpl-2e89ea2c-3d6a-4952-ac09-5f42be2d5130/datanode-2/data/ratis/2ee25dbc-1d4b-4316-9563-64208f9792f8
2019-10-23 12:23:14,416 [pool-59-thread-1] INFO  server.RaftServerConfigKeys (ConfUtils.java:logGet(43)) - raft.server.log.queue.byte-limit = 2147483647 (custom)
2019-10-23 12:23:14,416 [pool-59-thread-1] INFO  server.RaftServerConfigKeys (ConfUtils.java:logGet(43)) - raft.server.log.queue.element-limit = 1024 (custom)
2019-10-23 12:23:14,416 [pool-59-thread-1] INFO  server.RaftServerConfigKeys (ConfUtils.java:logGet(43)) - raft.server.log.segment.size.max = 1048576 (custom)
2019-10-23 12:23:14,416 [pool-59-thread-1] INFO  server.RaftServerConfigKeys (ConfUtils.java:logGet(43)) - raft.server.log.preallocated.size = 16384 (custom)
2019-10-23 12:23:14,416 [pool-59-thread-1] INFO  server.RaftServerConfigKeys (ConfUtils.java:logGet(43)) - raft.server.log.write.buffer.size = 33554432 (custom)
2019-10-23 12:23:14,416 [pool-59-thread-1] INFO  server.RaftServerConfigKeys (ConfUtils.java:logGet(43)) - raft.server.log.force.sync.num = 128 (default)
2019-10-23 12:23:14,416 [pool-59-thread-1] INFO  server.RaftServerConfigKeys (ConfUtils.java:logGet(43)) - raft.server.log.statemachine.data.sync = true (default)
2019-10-23 12:23:14,416 [pool-59-thread-1] INFO  server.RaftServerConfigKeys (ConfUtils.java:logGet(43)) - raft.server.log.statemachine.data.sync.timeout = 10s (default)
2019-10-23 12:23:14,416 [pool-59-thread-1] INFO  server.RaftServerConfigKeys (ConfUtils.java:logGet(43)) - raft.server.log.statemachine.data.sync.timeout.retry = -1 (default)
2019-10-23 12:23:14,417 [pool-59-thread-1] INFO  server.RaftServerConfigKeys (ConfUtils.java:logGet(43)) - raft.server.log.statemachine.data.caching.enabled = true (custom)
2019-10-23 12:23:14,417 [pool-59-thread-1] INFO  impl.RaftServerImpl (ServerState.java:setRaftConf(357)) - 04710d3b-08a7-4a70-b69f-f772706c6105@group-64208F9792F8: set configuration 0: [04710d3b-08a7-4a70-b69f-f772706c6105:192.168.69.118:40289], old=null at 0
2019-10-23 12:23:14,417 [pool-59-thread-1] INFO  segmented.LogSegment (LogSegment.java:loadSegment(140)) - Successfully read 1 entries from segment file /workdir/hadoop-ozone/integration-test/target/test-dir/MiniOzoneClusterImpl-2e89ea2c-3d6a-4952-ac09-5f42be2d5130/datanode-2/data/ratis/2ee25dbc-1d4b-4316-9563-64208f9792f8/current/log_inprogress_0
2019-10-23 12:23:14,418 [pool-59-thread-1] INFO  segmented.SegmentedRaftLogWorker (SegmentedRaftLogWorker.java:lambda$new$0(128)) - 04710d3b-08a7-4a70-b69f-f772706c6105@group-64208F9792F8-SegmentedRaftLogWorker: flushIndex: setUnconditionally 0 -> 0
2019-10-23 12:23:14,440 [pool-59-thread-1] INFO  server.RaftServerConfigKeys (ConfUtils.java:logGet(43)) - raft.server.snapshot.auto.trigger.enabled = true (custom)
2019-10-23 12:23:14,440 [pool-59-thread-1] INFO  server.RaftServerConfigKeys (ConfUtils.java:logGet(43)) - raft.server.snapshot.auto.trigger.threshold = 10000 (custom)
2019-10-23 12:23:14,440 [pool-59-thread-1] INFO  server.RaftServerConfigKeys (ConfUtils.java:logGet(43)) - raft.server.snapshot.retention.file.num = 5 (custom)
2019-10-23 12:23:14,440 [pool-59-thread-1] INFO  server.RaftServerConfigKeys (ConfUtils.java:logGet(43)) - raft.server.retrycache.expirytime = 600000ms (custom)
2019-10-23 12:23:14,481 [SCMBlockDeletingService#0] INFO  block.SCMBlockDeletingService (SCMBlockDeletingService.java:call(184)) - Totally added 2 delete blocks command for 2 datanodes, task elapsed time: 0ms
2019-10-23 12:23:14,482 [pool-7-thread-1] INFO  commands.RetriableDatanodeEventWatcher (RetriableDatanodeEventWatcher.java:onTimeout(47)) - RetriableDatanodeCommand type=deleteBlocksCommand with id=1571833393481 timed out. Retrying.
2019-10-23 12:23:14,482 [pool-7-thread-2] INFO  commands.RetriableDatanodeEventWatcher (RetriableDatanodeEventWatcher.java:onTimeout(47)) - RetriableDatanodeCommand type=deleteBlocksCommand with id=1571833393480 timed out. Retrying.
2019-10-23 12:23:14,560 [EventQueue-PendingDeleteStatusForPendingDeleteHandler] INFO  block.SCMBlockDeletingService (SCMBlockDeletingService.java:handlePendingDeletes(115)) - Block deletion txnID mismatch in datanode 9d2a2146-2c04-423d-8f96-3c121403b328 for containerID 1. Datanode delete txnID: 0, SCM txnID: 1
2019-10-23 12:23:14,660 [Command processor thread] INFO  commandhandler.DeleteBlocksCommandHandler (DeleteBlocksCommandHandler.java:handle(106)) - Start to delete container blocks, TXIDs=[1(0)], numOfContainers=1, numOfBlocks=1
2019-10-23 12:23:14,662 [Command processor thread] INFO  commandhandler.DeleteBlocksCommandHandler (DeleteBlocksCommandHandler.java:handle(106)) - Start to delete container blocks, TXIDs=[1(2)], numOfContainers=1, numOfBlocks=1
2019-10-23 12:23:14,662 [Command processor thread] INFO  commandhandler.DeleteBlocksCommandHandler (DeleteBlocksCommandHandler.java:handle(106)) - Start to delete container blocks, TXIDs=[1(0)], numOfContainers=1, numOfBlocks=1
2019-10-23 12:23:14,911 [BlockDeletingService#9] WARN  background.BlockDeletingService (BlockDeletingService.java:isDeletionAllowed(187)) - Close Container log Index 6 is not replicated across allthe servers in the pipeline c0e4f3a0-4d63-43fc-af6c-40390d33441a as the min replicated index is 4. Deletion is not allowed in this container yet.
2019-10-23 12:23:14,911 [BlockDeletingService#4] WARN  background.BlockDeletingService (BlockDeletingService.java:isDeletionAllowed(187)) - Close Container log Index 6 is not replicated across allthe servers in the pipeline c0e4f3a0-4d63-43fc-af6c-40390d33441a as the min replicated index is 4. Deletion is not allowed in this container yet.
2019-10-23 12:23:15,481 [pool-7-thread-2] INFO  commands.RetriableDatanodeEventWatcher (RetriableDatanodeEventWatcher.java:onTimeout(47)) - RetriableDatanodeCommand type=deleteBlocksCommand with id=1571833393482 timed out. Retrying.
2019-10-23 12:23:15,482 [SCMBlockDeletingService#0] INFO  block.SCMBlockDeletingService (SCMBlockDeletingService.java:call(184)) - Totally added 1 delete blocks command for 1 datanodes, task elapsed time: 0ms
2019-10-23 12:23:15,483 [pool-7-thread-2] INFO  commands.RetriableDatanodeEventWatcher (RetriableDatanodeEventWatcher.java:onTimeout(47)) - RetriableDatanodeCommand type=deleteBlocksCommand with id=1571833393480 timed out. Retrying.
2019-10-23 12:23:15,915 [BlockDeletingService#9] WARN  background.BlockDeletingService (BlockDeletingService.java:isDeletionAllowed(187)) - Close Container log Index 6 is not replicated across allthe servers in the pipeline c0e4f3a0-4d63-43fc-af6c-40390d33441a as the min replicated index is 4. Deletion is not allowed in this container yet.
2019-10-23 12:23:15,915 [BlockDeletingService#4] WARN  background.BlockDeletingService (BlockDeletingService.java:isDeletionAllowed(187)) - Close Container log Index 6 is not replicated across allthe servers in the pipeline c0e4f3a0-4d63-43fc-af6c-40390d33441a as the min replicated index is 4. Deletion is not allowed in this container yet.
2019-10-23 12:23:16,404 [Datanode State Machine Thread - 0] INFO  ozoneimpl.OzoneContainer (OzoneContainer.java:start(213)) - Attempting to start container services.
2019-10-23 12:23:16,404 [Datanode State Machine Thread - 0] INFO  ozoneimpl.OzoneContainer (OzoneContainer.java:startContainerScrub(177)) - Background container scanner has been disabled.
2019-10-23 12:23:16,404 [Datanode State Machine Thread - 0] INFO  ratis.XceiverServerRatis (XceiverServerRatis.java:start(418)) - Starting XceiverServerRatis 04710d3b-08a7-4a70-b69f-f772706c6105 at port 40289
2019-10-23 12:23:16,418 [Datanode State Machine Thread - 0] INFO  impl.RaftServerImpl (RaftServerImpl.java:start(195)) - 04710d3b-08a7-4a70-b69f-f772706c6105@group-64208F9792F8: start as a follower, conf=0: [04710d3b-08a7-4a70-b69f-f772706c6105:192.168.69.118:40289], old=null
2019-10-23 12:23:16,419 [ForkJoinPool.commonPool-worker-0] INFO  impl.RaftServerImpl (RaftServerImpl.java:start(195)) - 04710d3b-08a7-4a70-b69f-f772706c6105@group-40390D33441A: start as a follower, conf=0: [9d2a2146-2c04-423d-8f96-3c121403b328:192.168.69.118:40792, 04710d3b-08a7-4a70-b69f-f772706c6105:192.168.69.118:40289, 43cb0e13-5597-452b-a8b1-af00d0a4a497:192.168.69.118:45201], old=null
2019-10-23 12:23:16,419 [Datanode State Machine Thread - 0] INFO  impl.RaftServerImpl (RaftServerImpl.java:setRole(184)) - 04710d3b-08a7-4a70-b69f-f772706c6105@group-64208F9792F8: changes role from      null to FOLLOWER at term 1 for startAsFollower
2019-10-23 12:23:16,419 [ForkJoinPool.commonPool-worker-0] INFO  impl.RaftServerImpl (RaftServerImpl.java:setRole(184)) - 04710d3b-08a7-4a70-b69f-f772706c6105@group-40390D33441A: changes role from      null to FOLLOWER at term 3 for startAsFollower
2019-10-23 12:23:16,419 [Datanode State Machine Thread - 0] INFO  impl.RoleInfo (RoleInfo.java:updateAndGet(143)) - 04710d3b-08a7-4a70-b69f-f772706c6105: start FollowerState
2019-10-23 12:23:16,419 [ForkJoinPool.commonPool-worker-0] INFO  impl.RoleInfo (RoleInfo.java:updateAndGet(143)) - 04710d3b-08a7-4a70-b69f-f772706c6105: start FollowerState
2019-10-23 12:23:16,420 [Datanode State Machine Thread - 0] INFO  util.JmxRegister (JmxRegister.java:tryRegister(44)) - Successfully registered JMX Bean with object name Ratis:service=RaftServer,group=group-64208F9792F8,id=04710d3b-08a7-4a70-b69f-f772706c6105
2019-10-23 12:23:16,420 [ForkJoinPool.commonPool-worker-0] INFO  util.JmxRegister (JmxRegister.java:tryRegister(44)) - Successfully registered JMX Bean with object name Ratis:service=RaftServer,group=group-40390D33441A,id=04710d3b-08a7-4a70-b69f-f772706c6105
2019-10-23 12:23:16,421 [Datanode State Machine Thread - 0] INFO  impl.RaftServerProxy (RaftServerProxy.java:lambda$start$3(299)) - 04710d3b-08a7-4a70-b69f-f772706c6105: start RPC server
2019-10-23 12:23:16,423 [Datanode State Machine Thread - 0] INFO  server.GrpcService (GrpcService.java:startImpl(158)) - 04710d3b-08a7-4a70-b69f-f772706c6105: GrpcService started, listening on 0.0.0.0/0.0.0.0:40289
2019-10-23 12:23:16,481 [pool-7-thread-1] INFO  commands.RetriableDatanodeEventWatcher (RetriableDatanodeEventWatcher.java:onTimeout(47)) - RetriableDatanodeCommand type=deleteBlocksCommand with id=1571833393482 timed out. Retrying.
2019-10-23 12:23:16,481 [pool-7-thread-2] INFO  commands.RetriableDatanodeEventWatcher (RetriableDatanodeEventWatcher.java:onTimeout(47)) - RetriableDatanodeCommand type=deleteBlocksCommand with id=1571833393484 timed out. Retrying.
2019-10-23 12:23:16,483 [pool-7-thread-2] INFO  commands.RetriableDatanodeEventWatcher (RetriableDatanodeEventWatcher.java:onTimeout(47)) - RetriableDatanodeCommand type=deleteBlocksCommand with id=1571833393480 timed out. Retrying.
2019-10-23 12:23:16,483 [SCMBlockDeletingService#0] INFO  block.SCMBlockDeletingService (SCMBlockDeletingService.java:call(184)) - Totally added 1 delete blocks command for 1 datanodes, task elapsed time: 1ms
2019-10-23 12:23:16,511 [Thread-561] INFO  impl.FollowerState (FollowerState.java:run(108)) - 04710d3b-08a7-4a70-b69f-f772706c6105@group-64208F9792F8-FollowerState: change to CANDIDATE, lastRpcTime:91ms, electionTimeout:91ms
2019-10-23 12:23:16,511 [Thread-561] INFO  impl.RoleInfo (RoleInfo.java:shutdownFollowerState(121)) - 04710d3b-08a7-4a70-b69f-f772706c6105: shutdown FollowerState
2019-10-23 12:23:16,511 [Thread-561] INFO  impl.RaftServerImpl (RaftServerImpl.java:setRole(184)) - 04710d3b-08a7-4a70-b69f-f772706c6105@group-64208F9792F8: changes role from  FOLLOWER to CANDIDATE at term 1 for changeToCandidate
2019-10-23 12:23:16,511 [Thread-561] INFO  impl.RoleInfo (RoleInfo.java:updateAndGet(143)) - 04710d3b-08a7-4a70-b69f-f772706c6105: start LeaderElection
2019-10-23 12:23:16,527 [04710d3b-08a7-4a70-b69f-f772706c6105@group-64208F9792F8-LeaderElection9] INFO  impl.LeaderElection (LeaderElection.java:askForVotes(178)) - 04710d3b-08a7-4a70-b69f-f772706c6105@group-64208F9792F8-LeaderElection9: begin an election at term 2 for 0: [04710d3b-08a7-4a70-b69f-f772706c6105:192.168.69.118:40289], old=null
2019-10-23 12:23:16,527 [04710d3b-08a7-4a70-b69f-f772706c6105@group-64208F9792F8-LeaderElection9] INFO  impl.RoleInfo (RoleInfo.java:shutdownLeaderElection(134)) - 04710d3b-08a7-4a70-b69f-f772706c6105: shutdown LeaderElection
2019-10-23 12:23:16,527 [04710d3b-08a7-4a70-b69f-f772706c6105@group-64208F9792F8-LeaderElection9] INFO  impl.RaftServerImpl (RaftServerImpl.java:setRole(184)) - 04710d3b-08a7-4a70-b69f-f772706c6105@group-64208F9792F8: changes role from CANDIDATE to LEADER at term 2 for changeToLeader
2019-10-23 12:23:16,527 [04710d3b-08a7-4a70-b69f-f772706c6105@group-64208F9792F8-LeaderElection9] INFO  impl.RaftServerImpl (ServerState.java:setLeader(256)) - 04710d3b-08a7-4a70-b69f-f772706c6105@group-64208F9792F8: change Leader from null to 04710d3b-08a7-4a70-b69f-f772706c6105 at term 2 for becomeLeader, leader elected after 2112ms
2019-10-23 12:23:16,528 [04710d3b-08a7-4a70-b69f-f772706c6105@group-64208F9792F8-LeaderElection9] INFO  server.RaftServerConfigKeys (ConfUtils.java:logGet(43)) - raft.server.staging.catchup.gap = 1000 (default)
2019-10-23 12:23:16,529 [04710d3b-08a7-4a70-b69f-f772706c6105@group-64208F9792F8-LeaderElection9] INFO  server.RaftServerConfigKeys (ConfUtils.java:logGet(43)) - raft.server.rpc.sleep.time = 25ms (default)
2019-10-23 12:23:16,529 [04710d3b-08a7-4a70-b69f-f772706c6105@group-64208F9792F8-LeaderElection9] INFO  server.RaftServerConfigKeys (ConfUtils.java:logGet(43)) - raft.server.write.element-limit = 4096 (default)
2019-10-23 12:23:16,529 [04710d3b-08a7-4a70-b69f-f772706c6105@group-64208F9792F8-LeaderElection9] INFO  server.RaftServerConfigKeys (ConfUtils.java:logGet(43)) - raft.server.watch.timeout = 10s (default)
2019-10-23 12:23:16,529 [04710d3b-08a7-4a70-b69f-f772706c6105@group-64208F9792F8-LeaderElection9] INFO  server.RaftServerConfigKeys (ConfUtils.java:logGet(43)) - raft.server.watch.timeout.denomination = 1s (default)
2019-10-23 12:23:16,529 [04710d3b-08a7-4a70-b69f-f772706c6105@group-64208F9792F8-LeaderElection9] INFO  server.RaftServerConfigKeys (ConfUtils.java:logGet(43)) - raft.server.watch.element-limit = 65536 (default)
2019-10-23 12:23:16,530 [04710d3b-08a7-4a70-b69f-f772706c6105@group-64208F9792F8-LeaderElection9] INFO  impl.RoleInfo (RoleInfo.java:updateAndGet(143)) - 04710d3b-08a7-4a70-b69f-f772706c6105: start LeaderState
2019-10-23 12:23:16,531 [04710d3b-08a7-4a70-b69f-f772706c6105@group-64208F9792F8-LeaderElection9] INFO  segmented.SegmentedRaftLogWorker (SegmentedRaftLogWorker.java:rollLogSegment(390)) - 04710d3b-08a7-4a70-b69f-f772706c6105@group-64208F9792F8-SegmentedRaftLogWorker: Rolling segment log-0_0 to index:0
2019-10-23 12:23:16,534 [04710d3b-08a7-4a70-b69f-f772706c6105@group-64208F9792F8-LeaderElection9] INFO  impl.RaftServerImpl (ServerState.java:setRaftConf(357)) - 04710d3b-08a7-4a70-b69f-f772706c6105@group-64208F9792F8: set configuration 1: [04710d3b-08a7-4a70-b69f-f772706c6105:192.168.69.118:40289], old=null at 1
2019-10-23 12:23:16,536 [04710d3b-08a7-4a70-b69f-f772706c6105@group-64208F9792F8-SegmentedRaftLogWorker] INFO  segmented.SegmentedRaftLogWorker (SegmentedRaftLogWorker.java:execute(533)) - 04710d3b-08a7-4a70-b69f-f772706c6105@group-64208F9792F8-SegmentedRaftLogWorker: Rolled log segment from /workdir/hadoop-ozone/integration-test/target/test-dir/MiniOzoneClusterImpl-2e89ea2c-3d6a-4952-ac09-5f42be2d5130/datanode-2/data/ratis/2ee25dbc-1d4b-4316-9563-64208f9792f8/current/log_inprogress_0 to /workdir/hadoop-ozone/integration-test/target/test-dir/MiniOzoneClusterImpl-2e89ea2c-3d6a-4952-ac09-5f42be2d5130/datanode-2/data/ratis/2ee25dbc-1d4b-4316-9563-64208f9792f8/current/log_0-0
2019-10-23 12:23:16,558 [Thread-562] INFO  impl.FollowerState (FollowerState.java:run(108)) - 04710d3b-08a7-4a70-b69f-f772706c6105@group-40390D33441A-FollowerState: change to CANDIDATE, lastRpcTime:138ms, electionTimeout:138ms
2019-10-23 12:23:16,558 [Thread-562] INFO  impl.RoleInfo (RoleInfo.java:shutdownFollowerState(121)) - 04710d3b-08a7-4a70-b69f-f772706c6105: shutdown FollowerState
2019-10-23 12:23:16,558 [Thread-562] INFO  impl.RaftServerImpl (RaftServerImpl.java:setRole(184)) - 04710d3b-08a7-4a70-b69f-f772706c6105@group-40390D33441A: changes role from  FOLLOWER to CANDIDATE at term 3 for changeToCandidate
2019-10-23 12:23:16,558 [Thread-562] INFO  impl.RoleInfo (RoleInfo.java:updateAndGet(143)) - 04710d3b-08a7-4a70-b69f-f772706c6105: start LeaderElection
2019-10-23 12:23:16,576 [04710d3b-08a7-4a70-b69f-f772706c6105@group-64208F9792F8-SegmentedRaftLogWorker] INFO  segmented.SegmentedRaftLogWorker (SegmentedRaftLogWorker.java:execute(576)) - 04710d3b-08a7-4a70-b69f-f772706c6105@group-64208F9792F8-SegmentedRaftLogWorker: created new log segment /workdir/hadoop-ozone/integration-test/target/test-dir/MiniOzoneClusterImpl-2e89ea2c-3d6a-4952-ac09-5f42be2d5130/datanode-2/data/ratis/2ee25dbc-1d4b-4316-9563-64208f9792f8/current/log_inprogress_1
2019-10-23 12:23:16,577 [04710d3b-08a7-4a70-b69f-f772706c6105@group-40390D33441A-LeaderElection10] INFO  impl.LeaderElection (LeaderElection.java:askForVotes(178)) - 04710d3b-08a7-4a70-b69f-f772706c6105@group-40390D33441A-LeaderElection10: begin an election at term 4 for 0: [9d2a2146-2c04-423d-8f96-3c121403b328:192.168.69.118:40792, 04710d3b-08a7-4a70-b69f-f772706c6105:192.168.69.118:40289, 43cb0e13-5597-452b-a8b1-af00d0a4a497:192.168.69.118:45201], old=null
2019-10-23 12:23:16,590 [grpc-default-executor-3] INFO  impl.RaftServerImpl (ServerState.java:setLeader(256)) - 43cb0e13-5597-452b-a8b1-af00d0a4a497@group-40390D33441A: change Leader from 43cb0e13-5597-452b-a8b1-af00d0a4a497 to null at term 4 for updateCurrentTerm
2019-10-23 12:23:16,590 [grpc-default-executor-0] INFO  impl.RaftServerImpl (ServerState.java:setLeader(256)) - 9d2a2146-2c04-423d-8f96-3c121403b328@group-40390D33441A: change Leader from 43cb0e13-5597-452b-a8b1-af00d0a4a497 to null at term 4 for updateCurrentTerm
2019-10-23 12:23:16,590 [grpc-default-executor-3] INFO  impl.RaftServerImpl (RaftServerImpl.java:setRole(184)) - 43cb0e13-5597-452b-a8b1-af00d0a4a497@group-40390D33441A: changes role from    LEADER to FOLLOWER at term 4 for recognizeCandidate:04710d3b-08a7-4a70-b69f-f772706c6105
2019-10-23 12:23:16,591 [grpc-default-executor-0] INFO  impl.RaftServerImpl (RaftServerImpl.java:setRole(184)) - 9d2a2146-2c04-423d-8f96-3c121403b328@group-40390D33441A: changes role from  FOLLOWER to FOLLOWER at term 4 for recognizeCandidate:04710d3b-08a7-4a70-b69f-f772706c6105
2019-10-23 12:23:16,591 [grpc-default-executor-3] INFO  impl.RoleInfo (RoleInfo.java:shutdownLeaderState(104)) - 43cb0e13-5597-452b-a8b1-af00d0a4a497: shutdown LeaderState
2019-10-23 12:23:16,591 [grpc-default-executor-0] INFO  impl.RoleInfo (RoleInfo.java:shutdownFollowerState(121)) - 9d2a2146-2c04-423d-8f96-3c121403b328: shutdown FollowerState
2019-10-23 12:23:16,594 [org.apache.ratis.server.impl.LogAppender$AppenderDaemon$$Lambda$395/298995713@42dca295] WARN  server.GrpcLogAppender (GrpcLogAppender.java:mayWait(149)) - 43cb0e13-5597-452b-a8b1-af00d0a4a497@group-40390D33441A->9d2a2146-2c04-423d-8f96-3c121403b328-GrpcLogAppender: Wait interrupted by java.lang.InterruptedException
2019-10-23 12:23:16,595 [Thread-232] INFO  impl.FollowerState (FollowerState.java:run(117)) - 9d2a2146-2c04-423d-8f96-3c121403b328@group-40390D33441A-FollowerState was interrupted: java.lang.InterruptedException: sleep interrupted
2019-10-23 12:23:16,594 [grpc-default-executor-3] INFO  impl.PendingRequests (PendingRequests.java:sendNotLeaderResponses(202)) - 43cb0e13-5597-452b-a8b1-af00d0a4a497@group-40390D33441A-PendingRequests: sendNotLeaderResponses
2019-10-23 12:23:16,594 [org.apache.ratis.server.impl.LogAppender$AppenderDaemon$$Lambda$395/298995713@73d443fa] WARN  server.GrpcLogAppender (GrpcLogAppender.java:mayWait(149)) - 43cb0e13-5597-452b-a8b1-af00d0a4a497@group-40390D33441A->04710d3b-08a7-4a70-b69f-f772706c6105-GrpcLogAppender: Wait interrupted by java.lang.InterruptedException
2019-10-23 12:23:16,596 [grpc-default-executor-0] INFO  impl.RoleInfo (RoleInfo.java:updateAndGet(143)) - 9d2a2146-2c04-423d-8f96-3c121403b328: start FollowerState
2019-10-23 12:23:16,597 [grpc-default-executor-1] INFO  server.GrpcServerProtocolService (GrpcServerProtocolService.java:onCompleted(113)) - 9d2a2146-2c04-423d-8f96-3c121403b328: Completed APPEND_ENTRIES, lastRequest: 43cb0e13-5597-452b-a8b1-af00d0a4a497->9d2a2146-2c04-423d-8f96-3c121403b328#52-t3, previous=(t:3, i:10), leaderCommit=10, initializing? false, entries: <empty>
2019-10-23 12:23:16,600 [grpc-default-executor-1] INFO  server.GrpcLogAppender (GrpcLogAppender.java:onCompleted(308)) - 43cb0e13-5597-452b-a8b1-af00d0a4a497@group-40390D33441A->9d2a2146-2c04-423d-8f96-3c121403b328-AppendLogResponseHandler: follower responses appendEntries COMPLETED
2019-10-23 12:23:16,601 [Thread-571] INFO  client.GrpcClientProtocolService (GrpcClientProtocolService.java:lambda$processClientRequest$0(278)) - Failed RaftClientRequest:client-F877F7AB4D5B->43cb0e13-5597-452b-a8b1-af00d0a4a497@group-40390D33441A, cid=10, seq=0, Watch-ALL_COMMITTED(6), Message:<EMPTY>, reply=RaftClientReply:client-F877F7AB4D5B->43cb0e13-5597-452b-a8b1-af00d0a4a497@group-40390D33441A, cid=10, FAILED org.apache.ratis.protocol.NotLeaderException: Server 43cb0e13-5597-452b-a8b1-af00d0a4a497@group-40390D33441A is not the leader, logIndex=0, commits[43cb0e13-5597-452b-a8b1-af00d0a4a497:c10, 9d2a2146-2c04-423d-8f96-3c121403b328:c10, 04710d3b-08a7-4a70-b69f-f772706c6105:c4]
2019-10-23 12:23:16,601 [grpc-default-executor-3] INFO  impl.RoleInfo (RoleInfo.java:updateAndGet(143)) - 43cb0e13-5597-452b-a8b1-af00d0a4a497: start FollowerState
2019-10-23 12:23:16,605 [grpc-default-executor-1] INFO  impl.FollowerInfo (FollowerInfo.java:lambda$new$0(51)) - 43cb0e13-5597-452b-a8b1-af00d0a4a497@group-40390D33441A->9d2a2146-2c04-423d-8f96-3c121403b328: nextIndex: updateUnconditionally 11 -> 10
2019-10-23 12:23:16,610 [04710d3b-08a7-4a70-b69f-f772706c6105@group-40390D33441A-LeaderElection10] INFO  impl.LeaderElection (LeaderElection.java:logAndReturn(56)) - 04710d3b-08a7-4a70-b69f-f772706c6105@group-40390D33441A-LeaderElection10: Election REJECTED; received 2 response(s) [04710d3b-08a7-4a70-b69f-f772706c6105<-9d2a2146-2c04-423d-8f96-3c121403b328#0:FAIL-t4, 04710d3b-08a7-4a70-b69f-f772706c6105<-43cb0e13-5597-452b-a8b1-af00d0a4a497#0:FAIL-t4] and 0 exception(s); 04710d3b-08a7-4a70-b69f-f772706c6105@group-40390D33441A:t4, leader=null, voted=04710d3b-08a7-4a70-b69f-f772706c6105, raftlog=04710d3b-08a7-4a70-b69f-f772706c6105@group-40390D33441A-SegmentedRaftLog:OPENED:c3,f4,i4, conf=0: [9d2a2146-2c04-423d-8f96-3c121403b328:192.168.69.118:40792, 04710d3b-08a7-4a70-b69f-f772706c6105:192.168.69.118:40289, 43cb0e13-5597-452b-a8b1-af00d0a4a497:192.168.69.118:45201], old=null
2019-10-23 12:23:16,610 [04710d3b-08a7-4a70-b69f-f772706c6105@group-40390D33441A-LeaderElection10] INFO  impl.RaftServerImpl (RaftServerImpl.java:setRole(184)) - 04710d3b-08a7-4a70-b69f-f772706c6105@group-40390D33441A: changes role from CANDIDATE to FOLLOWER at term 4 for DISCOVERED_A_NEW_TERM
2019-10-23 12:23:16,610 [04710d3b-08a7-4a70-b69f-f772706c6105@group-40390D33441A-LeaderElection10] INFO  impl.RoleInfo (RoleInfo.java:shutdownLeaderElection(134)) - 04710d3b-08a7-4a70-b69f-f772706c6105: shutdown LeaderElection
2019-10-23 12:23:16,611 [04710d3b-08a7-4a70-b69f-f772706c6105@group-40390D33441A-LeaderElection10] INFO  impl.RoleInfo (RoleInfo.java:updateAndGet(143)) - 04710d3b-08a7-4a70-b69f-f772706c6105: start FollowerState
2019-10-23 12:23:16,669 [java.util.concurrent.ThreadPoolExecutor$Worker@16be38ad[State = -1, empty queue]] WARN  server.GrpcLogAppender (GrpcLogAppender.java:timeoutAppendRequest(209)) - 43cb0e13-5597-452b-a8b1-af00d0a4a497@group-40390D33441A->04710d3b-08a7-4a70-b69f-f772706c6105-GrpcLogAppender: appendEntries Timeout, request=43cb0e13-5597-452b-a8b1-af00d0a4a497->04710d3b-08a7-4a70-b69f-f772706c6105#51-t3, previous=(t:3, i:10), leaderCommit=10, initializing? false, entries: <empty>
2019-10-23 12:23:16,763 [Thread-573] INFO  impl.FollowerState (FollowerState.java:run(108)) - 04710d3b-08a7-4a70-b69f-f772706c6105@group-40390D33441A-FollowerState: change to CANDIDATE, lastRpcTime:151ms, electionTimeout:150ms
2019-10-23 12:23:16,763 [Thread-573] INFO  impl.RoleInfo (RoleInfo.java:shutdownFollowerState(121)) - 04710d3b-08a7-4a70-b69f-f772706c6105: shutdown FollowerState
2019-10-23 12:23:16,763 [Thread-573] INFO  impl.RaftServerImpl (RaftServerImpl.java:setRole(184)) - 04710d3b-08a7-4a70-b69f-f772706c6105@group-40390D33441A: changes role from  FOLLOWER to CANDIDATE at term 4 for changeToCandidate
2019-10-23 12:23:16,763 [Thread-573] INFO  impl.RoleInfo (RoleInfo.java:updateAndGet(143)) - 04710d3b-08a7-4a70-b69f-f772706c6105: start LeaderElection
2019-10-23 12:23:16,778 [04710d3b-08a7-4a70-b69f-f772706c6105@group-40390D33441A-LeaderElection11] INFO  impl.LeaderElection (LeaderElection.java:askForVotes(178)) - 04710d3b-08a7-4a70-b69f-f772706c6105@group-40390D33441A-LeaderElection11: begin an election at term 5 for 0: [9d2a2146-2c04-423d-8f96-3c121403b328:192.168.69.118:40792, 04710d3b-08a7-4a70-b69f-f772706c6105:192.168.69.118:40289, 43cb0e13-5597-452b-a8b1-af00d0a4a497:192.168.69.118:45201], old=null
2019-10-23 12:23:16,783 [grpc-default-executor-3] INFO  impl.RaftServerImpl (RaftServerImpl.java:setRole(184)) - 43cb0e13-5597-452b-a8b1-af00d0a4a497@group-40390D33441A: changes role from  FOLLOWER to FOLLOWER at term 5 for recognizeCandidate:04710d3b-08a7-4a70-b69f-f772706c6105
2019-10-23 12:23:16,783 [grpc-default-executor-3] INFO  impl.RoleInfo (RoleInfo.java:shutdownFollowerState(121)) - 43cb0e13-5597-452b-a8b1-af00d0a4a497: shutdown FollowerState
2019-10-23 12:23:16,783 [grpc-default-executor-7] INFO  impl.RaftServerImpl (RaftServerImpl.java:setRole(184)) - 9d2a2146-2c04-423d-8f96-3c121403b328@group-40390D33441A: changes role from  FOLLOWER to FOLLOWER at term 5 for recognizeCandidate:04710d3b-08a7-4a70-b69f-f772706c6105
2019-10-23 12:23:16,783 [grpc-default-executor-3] INFO  impl.RoleInfo (RoleInfo.java:updateAndGet(143)) - 43cb0e13-5597-452b-a8b1-af00d0a4a497: start FollowerState
2019-10-23 12:23:16,783 [Thread-572] INFO  impl.FollowerState (FollowerState.java:run(117)) - 43cb0e13-5597-452b-a8b1-af00d0a4a497@group-40390D33441A-FollowerState was interrupted: java.lang.InterruptedException: sleep interrupted
2019-10-23 12:23:16,783 [grpc-default-executor-7] INFO  impl.RoleInfo (RoleInfo.java:shutdownFollowerState(121)) - 9d2a2146-2c04-423d-8f96-3c121403b328: shutdown FollowerState
2019-10-23 12:23:16,785 [Thread-570] INFO  impl.FollowerState (FollowerState.java:run(117)) - 9d2a2146-2c04-423d-8f96-3c121403b328@group-40390D33441A-FollowerState was interrupted: java.lang.InterruptedException: sleep interrupted
2019-10-23 12:23:16,785 [grpc-default-executor-7] INFO  impl.RoleInfo (RoleInfo.java:updateAndGet(143)) - 9d2a2146-2c04-423d-8f96-3c121403b328: start FollowerState
2019-10-23 12:23:16,798 [04710d3b-08a7-4a70-b69f-f772706c6105@group-40390D33441A-LeaderElection11] INFO  impl.LeaderElection (LeaderElection.java:logAndReturn(56)) - 04710d3b-08a7-4a70-b69f-f772706c6105@group-40390D33441A-LeaderElection11: Election REJECTED; received 2 response(s) [04710d3b-08a7-4a70-b69f-f772706c6105<-9d2a2146-2c04-423d-8f96-3c121403b328#0:FAIL-t5, 04710d3b-08a7-4a70-b69f-f772706c6105<-43cb0e13-5597-452b-a8b1-af00d0a4a497#0:FAIL-t5] and 0 exception(s); 04710d3b-08a7-4a70-b69f-f772706c6105@group-40390D33441A:t5, leader=null, voted=04710d3b-08a7-4a70-b69f-f772706c6105, raftlog=04710d3b-08a7-4a70-b69f-f772706c6105@group-40390D33441A-SegmentedRaftLog:OPENED:c3,f4,i4, conf=0: [9d2a2146-2c04-423d-8f96-3c121403b328:192.168.69.118:40792, 04710d3b-08a7-4a70-b69f-f772706c6105:192.168.69.118:40289, 43cb0e13-5597-452b-a8b1-af00d0a4a497:192.168.69.118:45201], old=null
2019-10-23 12:23:16,799 [04710d3b-08a7-4a70-b69f-f772706c6105@group-40390D33441A-LeaderElection11] INFO  impl.RaftServerImpl (RaftServerImpl.java:setRole(184)) - 04710d3b-08a7-4a70-b69f-f772706c6105@group-40390D33441A: changes role from CANDIDATE to FOLLOWER at term 5 for DISCOVERED_A_NEW_TERM
2019-10-23 12:23:16,800 [04710d3b-08a7-4a70-b69f-f772706c6105@group-40390D33441A-LeaderElection11] INFO  impl.RoleInfo (RoleInfo.java:shutdownLeaderElection(134)) - 04710d3b-08a7-4a70-b69f-f772706c6105: shutdown LeaderElection
2019-10-23 12:23:16,800 [04710d3b-08a7-4a70-b69f-f772706c6105@group-40390D33441A-LeaderElection11] INFO  impl.RoleInfo (RoleInfo.java:updateAndGet(143)) - 04710d3b-08a7-4a70-b69f-f772706c6105: start FollowerState
2019-10-23 12:23:16,885 [Thread-581] INFO  client.GrpcClientProtocolService (GrpcClientProtocolService.java:lambda$processClientRequest$0(278)) - Failed RaftClientRequest:client-F877F7AB4D5B->43cb0e13-5597-452b-a8b1-af00d0a4a497@group-40390D33441A, cid=10, seq=0, Watch-ALL_COMMITTED(6), Message:<EMPTY>, reply=RaftClientReply:client-F877F7AB4D5B->43cb0e13-5597-452b-a8b1-af00d0a4a497@group-40390D33441A, cid=10, FAILED org.apache.ratis.protocol.NotLeaderException: Server 43cb0e13-5597-452b-a8b1-af00d0a4a497@group-40390D33441A is not the leader, logIndex=0, commits[43cb0e13-5597-452b-a8b1-af00d0a4a497:c10, 9d2a2146-2c04-423d-8f96-3c121403b328:c10, 04710d3b-08a7-4a70-b69f-f772706c6105:c4]
2019-10-23 12:23:16,917 [BlockDeletingService#9] WARN  background.BlockDeletingService (BlockDeletingService.java:isDeletionAllowed(187)) - Close Container log Index 6 is not replicated across allthe servers in the pipeline c0e4f3a0-4d63-43fc-af6c-40390d33441a as the min replicated index is 4. Deletion is not allowed in this container yet.
2019-10-23 12:23:16,917 [BlockDeletingService#4] WARN  background.BlockDeletingService (BlockDeletingService.java:isDeletionAllowed(187)) - Close Container log Index 6 is not replicated across allthe servers in the pipeline c0e4f3a0-4d63-43fc-af6c-40390d33441a as the min replicated index is 4. Deletion is not allowed in this container yet.
2019-10-23 12:23:16,931 [Thread-579] INFO  impl.FollowerState (FollowerState.java:run(108)) - 04710d3b-08a7-4a70-b69f-f772706c6105@group-40390D33441A-FollowerState: change to CANDIDATE, lastRpcTime:131ms, electionTimeout:130ms
2019-10-23 12:23:16,931 [Thread-579] INFO  impl.RoleInfo (RoleInfo.java:shutdownFollowerState(121)) - 04710d3b-08a7-4a70-b69f-f772706c6105: shutdown FollowerState
2019-10-23 12:23:16,931 [Thread-579] INFO  impl.RaftServerImpl (RaftServerImpl.java:setRole(184)) - 04710d3b-08a7-4a70-b69f-f772706c6105@group-40390D33441A: changes role from  FOLLOWER to CANDIDATE at term 5 for changeToCandidate
2019-10-23 12:23:16,931 [Thread-579] INFO  impl.RoleInfo (RoleInfo.java:updateAndGet(143)) - 04710d3b-08a7-4a70-b69f-f772706c6105: start LeaderElection
2019-10-23 12:23:17,099 [04710d3b-08a7-4a70-b69f-f772706c6105@group-40390D33441A-LeaderElection12] INFO  impl.LeaderElection (LeaderElection.java:askForVotes(178)) - 04710d3b-08a7-4a70-b69f-f772706c6105@group-40390D33441A-LeaderElection12: begin an election at term 6 for 0: [9d2a2146-2c04-423d-8f96-3c121403b328:192.168.69.118:40792, 04710d3b-08a7-4a70-b69f-f772706c6105:192.168.69.118:40289, 43cb0e13-5597-452b-a8b1-af00d0a4a497:192.168.69.118:45201], old=null
2019-10-23 12:23:17,103 [grpc-default-executor-7] INFO  impl.RaftServerImpl (RaftServerImpl.java:setRole(184)) - 9d2a2146-2c04-423d-8f96-3c121403b328@group-40390D33441A: changes role from  FOLLOWER to FOLLOWER at term 6 for recognizeCandidate:04710d3b-08a7-4a70-b69f-f772706c6105
2019-10-23 12:23:17,103 [grpc-default-executor-7] INFO  impl.RoleInfo (RoleInfo.java:shutdownFollowerState(121)) - 9d2a2146-2c04-423d-8f96-3c121403b328: shutdown FollowerState
2019-10-23 12:23:17,104 [Thread-578] INFO  impl.FollowerState (FollowerState.java:run(117)) - 9d2a2146-2c04-423d-8f96-3c121403b328@group-40390D33441A-FollowerState was interrupted: java.lang.InterruptedException: sleep interrupted
2019-10-23 12:23:17,104 [grpc-default-executor-7] INFO  impl.RoleInfo (RoleInfo.java:updateAndGet(143)) - 9d2a2146-2c04-423d-8f96-3c121403b328: start FollowerState
2019-10-23 12:23:17,104 [grpc-default-executor-3] INFO  impl.RaftServerImpl (RaftServerImpl.java:setRole(184)) - 43cb0e13-5597-452b-a8b1-af00d0a4a497@group-40390D33441A: changes role from  FOLLOWER to FOLLOWER at term 6 for recognizeCandidate:04710d3b-08a7-4a70-b69f-f772706c6105
2019-10-23 12:23:17,108 [grpc-default-executor-3] INFO  impl.RoleInfo (RoleInfo.java:shutdownFollowerState(121)) - 43cb0e13-5597-452b-a8b1-af00d0a4a497: shutdown FollowerState
2019-10-23 12:23:17,109 [Thread-577] INFO  impl.FollowerState (FollowerState.java:run(117)) - 43cb0e13-5597-452b-a8b1-af00d0a4a497@group-40390D33441A-FollowerState was interrupted: java.lang.InterruptedException: sleep interrupted
2019-10-23 12:23:17,109 [grpc-default-executor-3] INFO  impl.RoleInfo (RoleInfo.java:updateAndGet(143)) - 43cb0e13-5597-452b-a8b1-af00d0a4a497: start FollowerState
2019-10-23 12:23:17,119 [04710d3b-08a7-4a70-b69f-f772706c6105@group-40390D33441A-LeaderElection12] INFO  impl.LeaderElection (LeaderElection.java:logAndReturn(56)) - 04710d3b-08a7-4a70-b69f-f772706c6105@group-40390D33441A-LeaderElection12: Election REJECTED; received 2 response(s) [04710d3b-08a7-4a70-b69f-f772706c6105<-9d2a2146-2c04-423d-8f96-3c121403b328#0:FAIL-t6, 04710d3b-08a7-4a70-b69f-f772706c6105<-43cb0e13-5597-452b-a8b1-af00d0a4a497#0:FAIL-t6] and 0 exception(s); 04710d3b-08a7-4a70-b69f-f772706c6105@group-40390D33441A:t6, leader=null, voted=04710d3b-08a7-4a70-b69f-f772706c6105, raftlog=04710d3b-08a7-4a70-b69f-f772706c6105@group-40390D33441A-SegmentedRaftLog:OPENED:c3,f4,i4, conf=0: [9d2a2146-2c04-423d-8f96-3c121403b328:192.168.69.118:40792, 04710d3b-08a7-4a70-b69f-f772706c6105:192.168.69.118:40289, 43cb0e13-5597-452b-a8b1-af00d0a4a497:192.168.69.118:45201], old=null
2019-10-23 12:23:17,119 [04710d3b-08a7-4a70-b69f-f772706c6105@group-40390D33441A-LeaderElection12] INFO  impl.RaftServerImpl (RaftServerImpl.java:setRole(184)) - 04710d3b-08a7-4a70-b69f-f772706c6105@group-40390D33441A: changes role from CANDIDATE to FOLLOWER at term 6 for DISCOVERED_A_NEW_TERM
2019-10-23 12:23:17,120 [04710d3b-08a7-4a70-b69f-f772706c6105@group-40390D33441A-LeaderElection12] INFO  impl.RoleInfo (RoleInfo.java:shutdownLeaderElection(134)) - 04710d3b-08a7-4a70-b69f-f772706c6105: shutdown LeaderElection
2019-10-23 12:23:17,120 [04710d3b-08a7-4a70-b69f-f772706c6105@group-40390D33441A-LeaderElection12] INFO  impl.RoleInfo (RoleInfo.java:updateAndGet(143)) - 04710d3b-08a7-4a70-b69f-f772706c6105: start FollowerState
2019-10-23 12:23:17,321 [Thread-590] INFO  impl.FollowerState (FollowerState.java:run(108)) - 04710d3b-08a7-4a70-b69f-f772706c6105@group-40390D33441A-FollowerState: change to CANDIDATE, lastRpcTime:201ms, electionTimeout:200ms
2019-10-23 12:23:17,323 [Thread-590] INFO  impl.RoleInfo (RoleInfo.java:shutdownFollowerState(121)) - 04710d3b-08a7-4a70-b69f-f772706c6105: shutdown FollowerState
2019-10-23 12:23:17,323 [Thread-590] INFO  impl.RaftServerImpl (RaftServerImpl.java:setRole(184)) - 04710d3b-08a7-4a70-b69f-f772706c6105@group-40390D33441A: changes role from  FOLLOWER to CANDIDATE at term 6 for changeToCandidate
2019-10-23 12:23:17,323 [Thread-590] INFO  impl.RoleInfo (RoleInfo.java:updateAndGet(143)) - 04710d3b-08a7-4a70-b69f-f772706c6105: start LeaderElection
2019-10-23 12:23:17,339 [04710d3b-08a7-4a70-b69f-f772706c6105@group-40390D33441A-LeaderElection13] INFO  impl.LeaderElection (LeaderElection.java:askForVotes(178)) - 04710d3b-08a7-4a70-b69f-f772706c6105@group-40390D33441A-LeaderElection13: begin an election at term 7 for 0: [9d2a2146-2c04-423d-8f96-3c121403b328:192.168.69.118:40792, 04710d3b-08a7-4a70-b69f-f772706c6105:192.168.69.118:40289, 43cb0e13-5597-452b-a8b1-af00d0a4a497:192.168.69.118:45201], old=null
2019-10-23 12:23:17,344 [grpc-default-executor-3] INFO  impl.RaftServerImpl (RaftServerImpl.java:setRole(184)) - 9d2a2146-2c04-423d-8f96-3c121403b328@group-40390D33441A: changes role from  FOLLOWER to FOLLOWER at term 7 for recognizeCandidate:04710d3b-08a7-4a70-b69f-f772706c6105
2019-10-23 12:23:17,344 [grpc-default-executor-3] INFO  impl.RoleInfo (RoleInfo.java:shutdownFollowerState(121)) - 9d2a2146-2c04-423d-8f96-3c121403b328: shutdown FollowerState
2019-10-23 12:23:17,344 [grpc-default-executor-7] INFO  impl.RaftServerImpl (RaftServerImpl.java:setRole(184)) - 43cb0e13-5597-452b-a8b1-af00d0a4a497@group-40390D33441A: changes role from  FOLLOWER to FOLLOWER at term 7 for recognizeCandidate:04710d3b-08a7-4a70-b69f-f772706c6105
2019-10-23 12:23:17,344 [Thread-588] INFO  impl.FollowerState (FollowerState.java:run(117)) - 9d2a2146-2c04-423d-8f96-3c121403b328@group-40390D33441A-FollowerState was interrupted: java.lang.InterruptedException: sleep interrupted
2019-10-23 12:23:17,344 [grpc-default-executor-3] INFO  impl.RoleInfo (RoleInfo.java:updateAndGet(143)) - 9d2a2146-2c04-423d-8f96-3c121403b328: start FollowerState
2019-10-23 12:23:17,344 [grpc-default-executor-7] INFO  impl.RoleInfo (RoleInfo.java:shutdownFollowerState(121)) - 43cb0e13-5597-452b-a8b1-af00d0a4a497: shutdown FollowerState
2019-10-23 12:23:17,346 [Thread-589] INFO  impl.FollowerState (FollowerState.java:run(117)) - 43cb0e13-5597-452b-a8b1-af00d0a4a497@group-40390D33441A-FollowerState was interrupted: java.lang.InterruptedException: sleep interrupted
2019-10-23 12:23:17,346 [grpc-default-executor-7] INFO  impl.RoleInfo (RoleInfo.java:updateAndGet(143)) - 43cb0e13-5597-452b-a8b1-af00d0a4a497: start FollowerState
2019-10-23 12:23:17,357 [04710d3b-08a7-4a70-b69f-f772706c6105@group-40390D33441A-LeaderElection13] INFO  impl.LeaderElection (LeaderElection.java:logAndReturn(56)) - 04710d3b-08a7-4a70-b69f-f772706c6105@group-40390D33441A-LeaderElection13: Election REJECTED; received 2 response(s) [04710d3b-08a7-4a70-b69f-f772706c6105<-9d2a2146-2c04-423d-8f96-3c121403b328#0:FAIL-t7, 04710d3b-08a7-4a70-b69f-f772706c6105<-43cb0e13-5597-452b-a8b1-af00d0a4a497#0:FAIL-t7] and 0 exception(s); 04710d3b-08a7-4a70-b69f-f772706c6105@group-40390D33441A:t7, leader=null, voted=04710d3b-08a7-4a70-b69f-f772706c6105, raftlog=04710d3b-08a7-4a70-b69f-f772706c6105@group-40390D33441A-SegmentedRaftLog:OPENED:c3,f4,i4, conf=0: [9d2a2146-2c04-423d-8f96-3c121403b328:192.168.69.118:40792, 04710d3b-08a7-4a70-b69f-f772706c6105:192.168.69.118:40289, 43cb0e13-5597-452b-a8b1-af00d0a4a497:192.168.69.118:45201], old=null
2019-10-23 12:23:17,358 [04710d3b-08a7-4a70-b69f-f772706c6105@group-40390D33441A-LeaderElection13] INFO  impl.RaftServerImpl (RaftServerImpl.java:setRole(184)) - 04710d3b-08a7-4a70-b69f-f772706c6105@group-40390D33441A: changes role from CANDIDATE to FOLLOWER at term 7 for DISCOVERED_A_NEW_TERM
2019-10-23 12:23:17,359 [04710d3b-08a7-4a70-b69f-f772706c6105@group-40390D33441A-LeaderElection13] INFO  impl.RoleInfo (RoleInfo.java:shutdownLeaderElection(134)) - 04710d3b-08a7-4a70-b69f-f772706c6105: shutdown LeaderElection
2019-10-23 12:23:17,359 [04710d3b-08a7-4a70-b69f-f772706c6105@group-40390D33441A-LeaderElection13] INFO  impl.RoleInfo (RoleInfo.java:updateAndGet(143)) - 04710d3b-08a7-4a70-b69f-f772706c6105: start FollowerState
2019-10-23 12:23:17,481 [pool-7-thread-2] INFO  commands.RetriableDatanodeEventWatcher (RetriableDatanodeEventWatcher.java:onTimeout(47)) - RetriableDatanodeCommand type=deleteBlocksCommand with id=1571833393484 timed out. Retrying.
2019-10-23 12:23:17,483 [pool-7-thread-1] INFO  commands.RetriableDatanodeEventWatcher (RetriableDatanodeEventWatcher.java:onTimeout(47)) - RetriableDatanodeCommand type=deleteBlocksCommand with id=1571833393482 timed out. Retrying.
2019-10-23 12:23:17,483 [pool-7-thread-1] INFO  commands.RetriableDatanodeEventWatcher (RetriableDatanodeEventWatcher.java:onTimeout(47)) - RetriableDatanodeCommand type=deleteBlocksCommand with id=1571833393485 timed out. Retrying.
2019-10-23 12:23:17,483 [pool-7-thread-2] INFO  commands.RetriableDatanodeEventWatcher (RetriableDatanodeEventWatcher.java:onTimeout(47)) - RetriableDatanodeCommand type=deleteBlocksCommand with id=1571833393480 timed out. Retrying.
2019-10-23 12:23:17,484 [SCMBlockDeletingService#0] INFO  block.SCMBlockDeletingService (SCMBlockDeletingService.java:call(184)) - Totally added 1 delete blocks command for 1 datanodes, task elapsed time: 1ms
2019-10-23 12:23:17,487 [Thread-596] INFO  impl.FollowerState (FollowerState.java:run(108)) - 04710d3b-08a7-4a70-b69f-f772706c6105@group-40390D33441A-FollowerState: change to CANDIDATE, lastRpcTime:128ms, electionTimeout:127ms
2019-10-23 12:23:17,487 [Thread-596] INFO  impl.RoleInfo (RoleInfo.java:shutdownFollowerState(121)) - 04710d3b-08a7-4a70-b69f-f772706c6105: shutdown FollowerState
2019-10-23 12:23:17,487 [Thread-596] INFO  impl.RaftServerImpl (RaftServerImpl.java:setRole(184)) - 04710d3b-08a7-4a70-b69f-f772706c6105@group-40390D33441A: changes role from  FOLLOWER to CANDIDATE at term 7 for changeToCandidate
2019-10-23 12:23:17,487 [Thread-596] INFO  impl.RoleInfo (RoleInfo.java:updateAndGet(143)) - 04710d3b-08a7-4a70-b69f-f772706c6105: start LeaderElection
2019-10-23 12:23:17,502 [04710d3b-08a7-4a70-b69f-f772706c6105@group-40390D33441A-LeaderElection14] INFO  impl.LeaderElection (LeaderElection.java:askForVotes(178)) - 04710d3b-08a7-4a70-b69f-f772706c6105@group-40390D33441A-LeaderElection14: begin an election at term 8 for 0: [9d2a2146-2c04-423d-8f96-3c121403b328:192.168.69.118:40792, 04710d3b-08a7-4a70-b69f-f772706c6105:192.168.69.118:40289, 43cb0e13-5597-452b-a8b1-af00d0a4a497:192.168.69.118:45201], old=null
2019-10-23 12:23:17,507 [grpc-default-executor-3] INFO  impl.RaftServerImpl (RaftServerImpl.java:setRole(184)) - 43cb0e13-5597-452b-a8b1-af00d0a4a497@group-40390D33441A: changes role from  FOLLOWER to FOLLOWER at term 8 for recognizeCandidate:04710d3b-08a7-4a70-b69f-f772706c6105
2019-10-23 12:23:17,507 [grpc-default-executor-7] INFO  impl.RaftServerImpl (RaftServerImpl.java:setRole(184)) - 9d2a2146-2c04-423d-8f96-3c121403b328@group-40390D33441A: changes role from  FOLLOWER to FOLLOWER at term 8 for recognizeCandidate:04710d3b-08a7-4a70-b69f-f772706c6105
2019-10-23 12:23:17,507 [grpc-default-executor-3] INFO  impl.RoleInfo (RoleInfo.java:shutdownFollowerState(121)) - 43cb0e13-5597-452b-a8b1-af00d0a4a497: shutdown FollowerState
2019-10-23 12:23:17,507 [grpc-default-executor-7] INFO  impl.RoleInfo (RoleInfo.java:shutdownFollowerState(121)) - 9d2a2146-2c04-423d-8f96-3c121403b328: shutdown FollowerState
2019-10-23 12:23:17,507 [Thread-595] INFO  impl.FollowerState (FollowerState.java:run(117)) - 43cb0e13-5597-452b-a8b1-af00d0a4a497@group-40390D33441A-FollowerState was interrupted: java.lang.InterruptedException: sleep interrupted
2019-10-23 12:23:17,507 [grpc-default-executor-7] INFO  impl.RoleInfo (RoleInfo.java:updateAndGet(143)) - 9d2a2146-2c04-423d-8f96-3c121403b328: start FollowerState
2019-10-23 12:23:17,507 [grpc-default-executor-3] INFO  impl.RoleInfo (RoleInfo.java:updateAndGet(143)) - 43cb0e13-5597-452b-a8b1-af00d0a4a497: start FollowerState
2019-10-23 12:23:17,507 [Thread-594] INFO  impl.FollowerState (FollowerState.java:run(117)) - 9d2a2146-2c04-423d-8f96-3c121403b328@group-40390D33441A-FollowerState was interrupted: java.lang.InterruptedException: sleep interrupted
2019-10-23 12:23:17,519 [04710d3b-08a7-4a70-b69f-f772706c6105@group-40390D33441A-LeaderElection14] INFO  impl.LeaderElection (LeaderElection.java:logAndReturn(56)) - 04710d3b-08a7-4a70-b69f-f772706c6105@group-40390D33441A-LeaderElection14: Election REJECTED; received 2 response(s) [04710d3b-08a7-4a70-b69f-f772706c6105<-9d2a2146-2c04-423d-8f96-3c121403b328#0:FAIL-t8, 04710d3b-08a7-4a70-b69f-f772706c6105<-43cb0e13-5597-452b-a8b1-af00d0a4a497#0:FAIL-t8] and 0 exception(s); 04710d3b-08a7-4a70-b69f-f772706c6105@group-40390D33441A:t8, leader=null, voted=04710d3b-08a7-4a70-b69f-f772706c6105, raftlog=04710d3b-08a7-4a70-b69f-f772706c6105@group-40390D33441A-SegmentedRaftLog:OPENED:c3,f4,i4, conf=0: [9d2a2146-2c04-423d-8f96-3c121403b328:192.168.69.118:40792, 04710d3b-08a7-4a70-b69f-f772706c6105:192.168.69.118:40289, 43cb0e13-5597-452b-a8b1-af00d0a4a497:192.168.69.118:45201], old=null
2019-10-23 12:23:17,520 [04710d3b-08a7-4a70-b69f-f772706c6105@group-40390D33441A-LeaderElection14] INFO  impl.RaftServerImpl (RaftServerImpl.java:setRole(184)) - 04710d3b-08a7-4a70-b69f-f772706c6105@group-40390D33441A: changes role from CANDIDATE to FOLLOWER at term 8 for DISCOVERED_A_NEW_TERM
2019-10-23 12:23:17,520 [04710d3b-08a7-4a70-b69f-f772706c6105@group-40390D33441A-LeaderElection14] INFO  impl.RoleInfo (RoleInfo.java:shutdownLeaderElection(134)) - 04710d3b-08a7-4a70-b69f-f772706c6105: shutdown LeaderElection
2019-10-23 12:23:17,520 [04710d3b-08a7-4a70-b69f-f772706c6105@group-40390D33441A-LeaderElection14] INFO  impl.RoleInfo (RoleInfo.java:updateAndGet(143)) - 04710d3b-08a7-4a70-b69f-f772706c6105: start FollowerState
2019-10-23 12:23:17,580 [Thread-603] INFO  impl.FollowerState (FollowerState.java:run(108)) - 04710d3b-08a7-4a70-b69f-f772706c6105@group-40390D33441A-FollowerState: change to CANDIDATE, lastRpcTime:60ms, electionTimeout:59ms
2019-10-23 12:23:17,581 [Thread-603] INFO  impl.RoleInfo (RoleInfo.java:shutdownFollowerState(121)) - 04710d3b-08a7-4a70-b69f-f772706c6105: shutdown FollowerState
2019-10-23 12:23:17,582 [Thread-603] INFO  impl.RaftServerImpl (RaftServerImpl.java:setRole(184)) - 04710d3b-08a7-4a70-b69f-f772706c6105@group-40390D33441A: changes role from  FOLLOWER to CANDIDATE at term 8 for changeToCandidate
2019-10-23 12:23:17,582 [Thread-603] INFO  impl.RoleInfo (RoleInfo.java:updateAndGet(143)) - 04710d3b-08a7-4a70-b69f-f772706c6105: start LeaderElection
2019-10-23 12:23:17,682 [04710d3b-08a7-4a70-b69f-f772706c6105@group-40390D33441A-LeaderElection15] INFO  impl.LeaderElection (LeaderElection.java:askForVotes(178)) - 04710d3b-08a7-4a70-b69f-f772706c6105@group-40390D33441A-LeaderElection15: begin an election at term 9 for 0: [9d2a2146-2c04-423d-8f96-3c121403b328:192.168.69.118:40792, 04710d3b-08a7-4a70-b69f-f772706c6105:192.168.69.118:40289, 43cb0e13-5597-452b-a8b1-af00d0a4a497:192.168.69.118:45201], old=null
2019-10-23 12:23:17,686 [grpc-default-executor-3] INFO  impl.RaftServerImpl (RaftServerImpl.java:setRole(184)) - 9d2a2146-2c04-423d-8f96-3c121403b328@group-40390D33441A: changes role from  FOLLOWER to FOLLOWER at term 9 for recognizeCandidate:04710d3b-08a7-4a70-b69f-f772706c6105
2019-10-23 12:23:17,687 [grpc-default-executor-3] INFO  impl.RoleInfo (RoleInfo.java:shutdownFollowerState(121)) - 9d2a2146-2c04-423d-8f96-3c121403b328: shutdown FollowerState
2019-10-23 12:23:17,687 [Thread-602] INFO  impl.FollowerState (FollowerState.java:run(117)) - 9d2a2146-2c04-423d-8f96-3c121403b328@group-40390D33441A-FollowerState was interrupted: java.lang.InterruptedException: sleep interrupted
2019-10-23 12:23:17,687 [grpc-default-executor-7] INFO  impl.RaftServerImpl (RaftServerImpl.java:setRole(184)) - 43cb0e13-5597-452b-a8b1-af00d0a4a497@group-40390D33441A: changes role from  FOLLOWER to FOLLOWER at term 9 for recognizeCandidate:04710d3b-08a7-4a70-b69f-f772706c6105
2019-10-23 12:23:17,688 [grpc-default-executor-7] INFO  impl.RoleInfo (RoleInfo.java:shutdownFollowerState(121)) - 43cb0e13-5597-452b-a8b1-af00d0a4a497: shutdown FollowerState
2019-10-23 12:23:17,687 [grpc-default-executor-3] INFO  impl.RoleInfo (RoleInfo.java:updateAndGet(143)) - 9d2a2146-2c04-423d-8f96-3c121403b328: start FollowerState
2019-10-23 12:23:17,688 [grpc-default-executor-7] INFO  impl.RoleInfo (RoleInfo.java:updateAndGet(143)) - 43cb0e13-5597-452b-a8b1-af00d0a4a497: start FollowerState
2019-10-23 12:23:17,688 [Thread-601] INFO  impl.FollowerState (FollowerState.java:run(117)) - 43cb0e13-5597-452b-a8b1-af00d0a4a497@group-40390D33441A-FollowerState was interrupted: java.lang.InterruptedException: sleep interrupted
2019-10-23 12:23:17,708 [04710d3b-08a7-4a70-b69f-f772706c6105@group-40390D33441A-LeaderElection15] INFO  impl.LeaderElection (LeaderElection.java:logAndReturn(56)) - 04710d3b-08a7-4a70-b69f-f772706c6105@group-40390D33441A-LeaderElection15: Election REJECTED; received 2 response(s) [04710d3b-08a7-4a70-b69f-f772706c6105<-9d2a2146-2c04-423d-8f96-3c121403b328#0:FAIL-t9, 04710d3b-08a7-4a70-b69f-f772706c6105<-43cb0e13-5597-452b-a8b1-af00d0a4a497#0:FAIL-t9] and 0 exception(s); 04710d3b-08a7-4a70-b69f-f772706c6105@group-40390D33441A:t9, leader=null, voted=04710d3b-08a7-4a70-b69f-f772706c6105, raftlog=04710d3b-08a7-4a70-b69f-f772706c6105@group-40390D33441A-SegmentedRaftLog:OPENED:c3,f4,i4, conf=0: [9d2a2146-2c04-423d-8f96-3c121403b328:192.168.69.118:40792, 04710d3b-08a7-4a70-b69f-f772706c6105:192.168.69.118:40289, 43cb0e13-5597-452b-a8b1-af00d0a4a497:192.168.69.118:45201], old=null
2019-10-23 12:23:17,708 [04710d3b-08a7-4a70-b69f-f772706c6105@group-40390D33441A-LeaderElection15] INFO  impl.RaftServerImpl (RaftServerImpl.java:setRole(184)) - 04710d3b-08a7-4a70-b69f-f772706c6105@group-40390D33441A: changes role from CANDIDATE to FOLLOWER at term 9 for DISCOVERED_A_NEW_TERM
2019-10-23 12:23:17,712 [04710d3b-08a7-4a70-b69f-f772706c6105@group-40390D33441A-LeaderElection15] INFO  impl.RoleInfo (RoleInfo.java:shutdownLeaderElection(134)) - 04710d3b-08a7-4a70-b69f-f772706c6105: shutdown LeaderElection
2019-10-23 12:23:17,712 [04710d3b-08a7-4a70-b69f-f772706c6105@group-40390D33441A-LeaderElection15] INFO  impl.RoleInfo (RoleInfo.java:updateAndGet(143)) - 04710d3b-08a7-4a70-b69f-f772706c6105: start FollowerState
2019-10-23 12:23:17,735 [Thread-609] INFO  impl.FollowerState (FollowerState.java:run(108)) - 04710d3b-08a7-4a70-b69f-f772706c6105@group-40390D33441A-FollowerState: change to CANDIDATE, lastRpcTime:23ms, electionTimeout:23ms
2019-10-23 12:23:17,736 [Thread-609] INFO  impl.RoleInfo (RoleInfo.java:shutdownFollowerState(121)) - 04710d3b-08a7-4a70-b69f-f772706c6105: shutdown FollowerState
2019-10-23 12:23:17,736 [Thread-609] INFO  impl.RaftServerImpl (RaftServerImpl.java:setRole(184)) - 04710d3b-08a7-4a70-b69f-f772706c6105@group-40390D33441A: changes role from  FOLLOWER to CANDIDATE at term 9 for changeToCandidate
2019-10-23 12:23:17,737 [Thread-609] INFO  impl.RoleInfo (RoleInfo.java:updateAndGet(143)) - 04710d3b-08a7-4a70-b69f-f772706c6105: start LeaderElection
2019-10-23 12:23:17,751 [04710d3b-08a7-4a70-b69f-f772706c6105@group-40390D33441A-LeaderElection16] INFO  impl.LeaderElection (LeaderElection.java:askForVotes(178)) - 04710d3b-08a7-4a70-b69f-f772706c6105@group-40390D33441A-LeaderElection16: begin an election at term 10 for 0: [9d2a2146-2c04-423d-8f96-3c121403b328:192.168.69.118:40792, 04710d3b-08a7-4a70-b69f-f772706c6105:192.168.69.118:40289, 43cb0e13-5597-452b-a8b1-af00d0a4a497:192.168.69.118:45201], old=null
2019-10-23 12:23:17,755 [grpc-default-executor-7] INFO  impl.RaftServerImpl (RaftServerImpl.java:setRole(184)) - 9d2a2146-2c04-423d-8f96-3c121403b328@group-40390D33441A: changes role from  FOLLOWER to FOLLOWER at term 10 for recognizeCandidate:04710d3b-08a7-4a70-b69f-f772706c6105
2019-10-23 12:23:17,755 [grpc-default-executor-3] INFO  impl.RaftServerImpl (RaftServerImpl.java:setRole(184)) - 43cb0e13-5597-452b-a8b1-af00d0a4a497@group-40390D33441A: changes role from  FOLLOWER to FOLLOWER at term 10 for recognizeCandidate:04710d3b-08a7-4a70-b69f-f772706c6105
2019-10-23 12:23:17,755 [grpc-default-executor-3] INFO  impl.RoleInfo (RoleInfo.java:shutdownFollowerState(121)) - 43cb0e13-5597-452b-a8b1-af00d0a4a497: shutdown FollowerState
2019-10-23 12:23:17,755 [grpc-default-executor-7] INFO  impl.RoleInfo (RoleInfo.java:shutdownFollowerState(121)) - 9d2a2146-2c04-423d-8f96-3c121403b328: shutdown FollowerState
2019-10-23 12:23:17,756 [grpc-default-executor-3] INFO  impl.RoleInfo (RoleInfo.java:updateAndGet(143)) - 43cb0e13-5597-452b-a8b1-af00d0a4a497: start FollowerState
2019-10-23 12:23:17,756 [Thread-608] INFO  impl.FollowerState (FollowerState.java:run(117)) - 43cb0e13-5597-452b-a8b1-af00d0a4a497@group-40390D33441A-FollowerState was interrupted: java.lang.InterruptedException: sleep interrupted
2019-10-23 12:23:17,756 [grpc-default-executor-7] INFO  impl.RoleInfo (RoleInfo.java:updateAndGet(143)) - 9d2a2146-2c04-423d-8f96-3c121403b328: start FollowerState
2019-10-23 12:23:17,756 [Thread-607] INFO  impl.FollowerState (FollowerState.java:run(117)) - 9d2a2146-2c04-423d-8f96-3c121403b328@group-40390D33441A-FollowerState was interrupted: java.lang.InterruptedException: sleep interrupted
2019-10-23 12:23:17,772 [04710d3b-08a7-4a70-b69f-f772706c6105@group-40390D33441A-LeaderElection16] INFO  impl.LeaderElection (LeaderElection.java:logAndReturn(56)) - 04710d3b-08a7-4a70-b69f-f772706c6105@group-40390D33441A-LeaderElection16: Election REJECTED; received 2 response(s) [04710d3b-08a7-4a70-b69f-f772706c6105<-9d2a2146-2c04-423d-8f96-3c121403b328#0:FAIL-t10, 04710d3b-08a7-4a70-b69f-f772706c6105<-43cb0e13-5597-452b-a8b1-af00d0a4a497#0:FAIL-t10] and 0 exception(s); 04710d3b-08a7-4a70-b69f-f772706c6105@group-40390D33441A:t10, leader=null, voted=04710d3b-08a7-4a70-b69f-f772706c6105, raftlog=04710d3b-08a7-4a70-b69f-f772706c6105@group-40390D33441A-SegmentedRaftLog:OPENED:c3,f4,i4, conf=0: [9d2a2146-2c04-423d-8f96-3c121403b328:192.168.69.118:40792, 04710d3b-08a7-4a70-b69f-f772706c6105:192.168.69.118:40289, 43cb0e13-5597-452b-a8b1-af00d0a4a497:192.168.69.118:45201], old=null
2019-10-23 12:23:17,772 [04710d3b-08a7-4a70-b69f-f772706c6105@group-40390D33441A-LeaderElection16] INFO  impl.RaftServerImpl (RaftServerImpl.java:setRole(184)) - 04710d3b-08a7-4a70-b69f-f772706c6105@group-40390D33441A: changes role from CANDIDATE to FOLLOWER at term 10 for DISCOVERED_A_NEW_TERM
2019-10-23 12:23:17,772 [04710d3b-08a7-4a70-b69f-f772706c6105@group-40390D33441A-LeaderElection16] INFO  impl.RoleInfo (RoleInfo.java:shutdownLeaderElection(134)) - 04710d3b-08a7-4a70-b69f-f772706c6105: shutdown LeaderElection
2019-10-23 12:23:17,773 [04710d3b-08a7-4a70-b69f-f772706c6105@group-40390D33441A-LeaderElection16] INFO  impl.RoleInfo (RoleInfo.java:updateAndGet(143)) - 04710d3b-08a7-4a70-b69f-f772706c6105: start FollowerState
2019-10-23 12:23:17,903 [Thread-617] INFO  client.GrpcClientProtocolService (GrpcClientProtocolService.java:lambda$processClientRequest$0(278)) - Failed RaftClientRequest:client-F877F7AB4D5B->9d2a2146-2c04-423d-8f96-3c121403b328@group-40390D33441A, cid=10, seq=0, Watch-ALL_COMMITTED(6), Message:<EMPTY>, reply=RaftClientReply:client-F877F7AB4D5B->9d2a2146-2c04-423d-8f96-3c121403b328@group-40390D33441A, cid=10, FAILED org.apache.ratis.protocol.NotLeaderException: Server 9d2a2146-2c04-423d-8f96-3c121403b328@group-40390D33441A is not the leader, logIndex=0, commits[9d2a2146-2c04-423d-8f96-3c121403b328:c10, 04710d3b-08a7-4a70-b69f-f772706c6105:c4, 43cb0e13-5597-452b-a8b1-af00d0a4a497:c10]
2019-10-23 12:23:17,910 [Thread-615] INFO  impl.FollowerState (FollowerState.java:run(108)) - 04710d3b-08a7-4a70-b69f-f772706c6105@group-40390D33441A-FollowerState: change to CANDIDATE, lastRpcTime:137ms, electionTimeout:137ms
2019-10-23 12:23:17,910 [Thread-615] INFO  impl.RoleInfo (RoleInfo.java:shutdownFollowerState(121)) - 04710d3b-08a7-4a70-b69f-f772706c6105: shutdown FollowerState
2019-10-23 12:23:17,910 [Thread-615] INFO  impl.RaftServerImpl (RaftServerImpl.java:setRole(184)) - 04710d3b-08a7-4a70-b69f-f772706c6105@group-40390D33441A: changes role from  FOLLOWER to CANDIDATE at term 10 for changeToCandidate
2019-10-23 12:23:17,910 [Thread-615] INFO  impl.RoleInfo (RoleInfo.java:updateAndGet(143)) - 04710d3b-08a7-4a70-b69f-f772706c6105: start LeaderElection
2019-10-23 12:23:17,918 [BlockDeletingService#9] WARN  background.BlockDeletingService (BlockDeletingService.java:isDeletionAllowed(187)) - Close Container log Index 6 is not replicated across allthe servers in the pipeline c0e4f3a0-4d63-43fc-af6c-40390d33441a as the min replicated index is 4. Deletion is not allowed in this container yet.
2019-10-23 12:23:17,920 [BlockDeletingService#4] WARN  background.BlockDeletingService (BlockDeletingService.java:isDeletionAllowed(187)) - Close Container log Index 6 is not replicated across allthe servers in the pipeline c0e4f3a0-4d63-43fc-af6c-40390d33441a as the min replicated index is 4. Deletion is not allowed in this container yet.
2019-10-23 12:23:17,926 [04710d3b-08a7-4a70-b69f-f772706c6105@group-40390D33441A-LeaderElection17] INFO  impl.LeaderElection (LeaderElection.java:askForVotes(178)) - 04710d3b-08a7-4a70-b69f-f772706c6105@group-40390D33441A-LeaderElection17: begin an election at term 11 for 0: [9d2a2146-2c04-423d-8f96-3c121403b328:192.168.69.118:40792, 04710d3b-08a7-4a70-b69f-f772706c6105:192.168.69.118:40289, 43cb0e13-5597-452b-a8b1-af00d0a4a497:192.168.69.118:45201], old=null
2019-10-23 12:23:17,933 [grpc-default-executor-7] INFO  impl.RaftServerImpl (RaftServerImpl.java:setRole(184)) - 9d2a2146-2c04-423d-8f96-3c121403b328@group-40390D33441A: changes role from  FOLLOWER to FOLLOWER at term 11 for recognizeCandidate:04710d3b-08a7-4a70-b69f-f772706c6105
2019-10-23 12:23:17,933 [grpc-default-executor-3] INFO  impl.RaftServerImpl (RaftServerImpl.java:setRole(184)) - 43cb0e13-5597-452b-a8b1-af00d0a4a497@group-40390D33441A: changes role from  FOLLOWER to FOLLOWER at term 11 for recognizeCandidate:04710d3b-08a7-4a70-b69f-f772706c6105
2019-10-23 12:23:17,933 [grpc-default-executor-7] INFO  impl.RoleInfo (RoleInfo.java:shutdownFollowerState(121)) - 9d2a2146-2c04-423d-8f96-3c121403b328: shutdown FollowerState
2019-10-23 12:23:17,934 [grpc-default-executor-3] INFO  impl.RoleInfo (RoleInfo.java:shutdownFollowerState(121)) - 43cb0e13-5597-452b-a8b1-af00d0a4a497: shutdown FollowerState
2019-10-23 12:23:17,934 [grpc-default-executor-7] INFO  impl.RoleInfo (RoleInfo.java:updateAndGet(143)) - 9d2a2146-2c04-423d-8f96-3c121403b328: start FollowerState
2019-10-23 12:23:17,934 [Thread-614] INFO  impl.FollowerState (FollowerState.java:run(117)) - 9d2a2146-2c04-423d-8f96-3c121403b328@group-40390D33441A-FollowerState was interrupted: java.lang.InterruptedException: sleep interrupted
2019-10-23 12:23:17,934 [grpc-default-executor-3] INFO  impl.RoleInfo (RoleInfo.java:updateAndGet(143)) - 43cb0e13-5597-452b-a8b1-af00d0a4a497: start FollowerState
2019-10-23 12:23:17,934 [Thread-613] INFO  impl.FollowerState (FollowerState.java:run(117)) - 43cb0e13-5597-452b-a8b1-af00d0a4a497@group-40390D33441A-FollowerState was interrupted: java.lang.InterruptedException: sleep interrupted
2019-10-23 12:23:17,951 [04710d3b-08a7-4a70-b69f-f772706c6105@group-40390D33441A-LeaderElection17] INFO  impl.LeaderElection (LeaderElection.java:logAndReturn(56)) - 04710d3b-08a7-4a70-b69f-f772706c6105@group-40390D33441A-LeaderElection17: Election REJECTED; received 2 response(s) [04710d3b-08a7-4a70-b69f-f772706c6105<-9d2a2146-2c04-423d-8f96-3c121403b328#0:FAIL-t11, 04710d3b-08a7-4a70-b69f-f772706c6105<-43cb0e13-5597-452b-a8b1-af00d0a4a497#0:FAIL-t11] and 0 exception(s); 04710d3b-08a7-4a70-b69f-f772706c6105@group-40390D33441A:t11, leader=null, voted=04710d3b-08a7-4a70-b69f-f772706c6105, raftlog=04710d3b-08a7-4a70-b69f-f772706c6105@group-40390D33441A-SegmentedRaftLog:OPENED:c3,f4,i4, conf=0: [9d2a2146-2c04-423d-8f96-3c121403b328:192.168.69.118:40792, 04710d3b-08a7-4a70-b69f-f772706c6105:192.168.69.118:40289, 43cb0e13-5597-452b-a8b1-af00d0a4a497:192.168.69.118:45201], old=null
2019-10-23 12:23:17,952 [04710d3b-08a7-4a70-b69f-f772706c6105@group-40390D33441A-LeaderElection17] INFO  impl.RaftServerImpl (RaftServerImpl.java:setRole(184)) - 04710d3b-08a7-4a70-b69f-f772706c6105@group-40390D33441A: changes role from CANDIDATE to FOLLOWER at term 11 for DISCOVERED_A_NEW_TERM
2019-10-23 12:23:17,952 [04710d3b-08a7-4a70-b69f-f772706c6105@group-40390D33441A-LeaderElection17] INFO  impl.RoleInfo (RoleInfo.java:shutdownLeaderElection(134)) - 04710d3b-08a7-4a70-b69f-f772706c6105: shutdown LeaderElection
2019-10-23 12:23:17,952 [04710d3b-08a7-4a70-b69f-f772706c6105@group-40390D33441A-LeaderElection17] INFO  impl.RoleInfo (RoleInfo.java:updateAndGet(143)) - 04710d3b-08a7-4a70-b69f-f772706c6105: start FollowerState
2019-10-23 12:23:17,987 [Thread-626] INFO  impl.FollowerState (FollowerState.java:run(108)) - 04710d3b-08a7-4a70-b69f-f772706c6105@group-40390D33441A-FollowerState: change to CANDIDATE, lastRpcTime:35ms, electionTimeout:35ms
2019-10-23 12:23:17,989 [Thread-626] INFO  impl.RoleInfo (RoleInfo.java:shutdownFollowerState(121)) - 04710d3b-08a7-4a70-b69f-f772706c6105: shutdown FollowerState
2019-10-23 12:23:17,989 [Thread-626] INFO  impl.RaftServerImpl (RaftServerImpl.java:setRole(184)) - 04710d3b-08a7-4a70-b69f-f772706c6105@group-40390D33441A: changes role from  FOLLOWER to CANDIDATE at term 11 for changeToCandidate
2019-10-23 12:23:17,989 [Thread-626] INFO  impl.RoleInfo (RoleInfo.java:updateAndGet(143)) - 04710d3b-08a7-4a70-b69f-f772706c6105: start LeaderElection
2019-10-23 12:23:18,004 [04710d3b-08a7-4a70-b69f-f772706c6105@group-40390D33441A-LeaderElection18] INFO  impl.LeaderElection (LeaderElection.java:askForVotes(178)) - 04710d3b-08a7-4a70-b69f-f772706c6105@group-40390D33441A-LeaderElection18: begin an election at term 12 for 0: [9d2a2146-2c04-423d-8f96-3c121403b328:192.168.69.118:40792, 04710d3b-08a7-4a70-b69f-f772706c6105:192.168.69.118:40289, 43cb0e13-5597-452b-a8b1-af00d0a4a497:192.168.69.118:45201], old=null
2019-10-23 12:23:18,008 [grpc-default-executor-7] INFO  impl.RaftServerImpl (RaftServerImpl.java:setRole(184)) - 9d2a2146-2c04-423d-8f96-3c121403b328@group-40390D33441A: changes role from  FOLLOWER to FOLLOWER at term 12 for recognizeCandidate:04710d3b-08a7-4a70-b69f-f772706c6105
2019-10-23 12:23:18,008 [grpc-default-executor-3] INFO  impl.RaftServerImpl (RaftServerImpl.java:setRole(184)) - 43cb0e13-5597-452b-a8b1-af00d0a4a497@group-40390D33441A: changes role from  FOLLOWER to FOLLOWER at term 12 for recognizeCandidate:04710d3b-08a7-4a70-b69f-f772706c6105
2019-10-23 12:23:18,008 [grpc-default-executor-7] INFO  impl.RoleInfo (RoleInfo.java:shutdownFollowerState(121)) - 9d2a2146-2c04-423d-8f96-3c121403b328: shutdown FollowerState
2019-10-23 12:23:18,008 [grpc-default-executor-3] INFO  impl.RoleInfo (RoleInfo.java:shutdownFollowerState(121)) - 43cb0e13-5597-452b-a8b1-af00d0a4a497: shutdown FollowerState
2019-10-23 12:23:18,009 [grpc-default-executor-7] INFO  impl.RoleInfo (RoleInfo.java:updateAndGet(143)) - 9d2a2146-2c04-423d-8f96-3c121403b328: start FollowerState
2019-10-23 12:23:18,009 [Thread-624] INFO  impl.FollowerState (FollowerState.java:run(117)) - 9d2a2146-2c04-423d-8f96-3c121403b328@group-40390D33441A-FollowerState was interrupted: java.lang.InterruptedException: sleep interrupted
2019-10-23 12:23:18,009 [grpc-default-executor-3] INFO  impl.RoleInfo (RoleInfo.java:updateAndGet(143)) - 43cb0e13-5597-452b-a8b1-af00d0a4a497: start FollowerState
2019-10-23 12:23:18,009 [Thread-625] INFO  impl.FollowerState (FollowerState.java:run(117)) - 43cb0e13-5597-452b-a8b1-af00d0a4a497@group-40390D33441A-FollowerState was interrupted: java.lang.InterruptedException: sleep interrupted
2019-10-23 12:23:18,025 [04710d3b-08a7-4a70-b69f-f772706c6105@group-40390D33441A-LeaderElection18] INFO  impl.LeaderElection (LeaderElection.java:logAndReturn(56)) - 04710d3b-08a7-4a70-b69f-f772706c6105@group-40390D33441A-LeaderElection18: Election REJECTED; received 2 response(s) [04710d3b-08a7-4a70-b69f-f772706c6105<-9d2a2146-2c04-423d-8f96-3c121403b328#0:FAIL-t12, 04710d3b-08a7-4a70-b69f-f772706c6105<-43cb0e13-5597-452b-a8b1-af00d0a4a497#0:FAIL-t12] and 0 exception(s); 04710d3b-08a7-4a70-b69f-f772706c6105@group-40390D33441A:t12, leader=null, voted=04710d3b-08a7-4a70-b69f-f772706c6105, raftlog=04710d3b-08a7-4a70-b69f-f772706c6105@group-40390D33441A-SegmentedRaftLog:OPENED:c3,f4,i4, conf=0: [9d2a2146-2c04-423d-8f96-3c121403b328:192.168.69.118:40792, 04710d3b-08a7-4a70-b69f-f772706c6105:192.168.69.118:40289, 43cb0e13-5597-452b-a8b1-af00d0a4a497:192.168.69.118:45201], old=null
2019-10-23 12:23:18,025 [04710d3b-08a7-4a70-b69f-f772706c6105@group-40390D33441A-LeaderElection18] INFO  impl.RaftServerImpl (RaftServerImpl.java:setRole(184)) - 04710d3b-08a7-4a70-b69f-f772706c6105@group-40390D33441A: changes role from CANDIDATE to FOLLOWER at term 12 for DISCOVERED_A_NEW_TERM
2019-10-23 12:23:18,025 [04710d3b-08a7-4a70-b69f-f772706c6105@group-40390D33441A-LeaderElection18] INFO  impl.RoleInfo (RoleInfo.java:shutdownLeaderElection(134)) - 04710d3b-08a7-4a70-b69f-f772706c6105: shutdown LeaderElection
2019-10-23 12:23:18,025 [04710d3b-08a7-4a70-b69f-f772706c6105@group-40390D33441A-LeaderElection18] INFO  impl.RoleInfo (RoleInfo.java:updateAndGet(143)) - 04710d3b-08a7-4a70-b69f-f772706c6105: start FollowerState
2019-10-23 12:23:18,073 [Thread-632] INFO  impl.FollowerState (FollowerState.java:run(108)) - 04710d3b-08a7-4a70-b69f-f772706c6105@group-40390D33441A-FollowerState: change to CANDIDATE, lastRpcTime:47ms, electionTimeout:47ms
2019-10-23 12:23:18,074 [Thread-632] INFO  impl.RoleInfo (RoleInfo.java:shutdownFollowerState(121)) - 04710d3b-08a7-4a70-b69f-f772706c6105: shutdown FollowerState
2019-10-23 12:23:18,074 [Thread-632] INFO  impl.RaftServerImpl (RaftServerImpl.java:setRole(184)) - 04710d3b-08a7-4a70-b69f-f772706c6105@group-40390D33441A: changes role from  FOLLOWER to CANDIDATE at term 12 for changeToCandidate
2019-10-23 12:23:18,075 [Thread-632] INFO  impl.RoleInfo (RoleInfo.java:updateAndGet(143)) - 04710d3b-08a7-4a70-b69f-f772706c6105: start LeaderElection
2019-10-23 12:23:18,090 [04710d3b-08a7-4a70-b69f-f772706c6105@group-40390D33441A-LeaderElection19] INFO  impl.LeaderElection (LeaderElection.java:askForVotes(178)) - 04710d3b-08a7-4a70-b69f-f772706c6105@group-40390D33441A-LeaderElection19: begin an election at term 13 for 0: [9d2a2146-2c04-423d-8f96-3c121403b328:192.168.69.118:40792, 04710d3b-08a7-4a70-b69f-f772706c6105:192.168.69.118:40289, 43cb0e13-5597-452b-a8b1-af00d0a4a497:192.168.69.118:45201], old=null
2019-10-23 12:23:18,185 [04710d3b-08a7-4a70-b69f-f772706c6105@group-40390D33441A-LeaderElection19] INFO  impl.LeaderElection (LeaderElection.java:logAndReturn(56)) - 04710d3b-08a7-4a70-b69f-f772706c6105@group-40390D33441A-LeaderElection19: Election TIMEOUT; received 0 response(s) [] and 0 exception(s); 04710d3b-08a7-4a70-b69f-f772706c6105@group-40390D33441A:t13, leader=null, voted=04710d3b-08a7-4a70-b69f-f772706c6105, raftlog=04710d3b-08a7-4a70-b69f-f772706c6105@group-40390D33441A-SegmentedRaftLog:OPENED:c3,f4,i4, conf=0: [9d2a2146-2c04-423d-8f96-3c121403b328:192.168.69.118:40792, 04710d3b-08a7-4a70-b69f-f772706c6105:192.168.69.118:40289, 43cb0e13-5597-452b-a8b1-af00d0a4a497:192.168.69.118:45201], old=null
2019-10-23 12:23:18,187 [grpc-default-executor-3] INFO  impl.RaftServerImpl (RaftServerImpl.java:setRole(184)) - 43cb0e13-5597-452b-a8b1-af00d0a4a497@group-40390D33441A: changes role from  FOLLOWER to FOLLOWER at term 13 for recognizeCandidate:04710d3b-08a7-4a70-b69f-f772706c6105
2019-10-23 12:23:18,187 [grpc-default-executor-7] INFO  impl.RaftServerImpl (RaftServerImpl.java:setRole(184)) - 9d2a2146-2c04-423d-8f96-3c121403b328@group-40390D33441A: changes role from  FOLLOWER to FOLLOWER at term 13 for recognizeCandidate:04710d3b-08a7-4a70-b69f-f772706c6105
2019-10-23 12:23:18,187 [grpc-default-executor-3] INFO  impl.RoleInfo (RoleInfo.java:shutdownFollowerState(121)) - 43cb0e13-5597-452b-a8b1-af00d0a4a497: shutdown FollowerState
2019-10-23 12:23:18,188 [grpc-default-executor-7] INFO  impl.RoleInfo (RoleInfo.java:shutdownFollowerState(121)) - 9d2a2146-2c04-423d-8f96-3c121403b328: shutdown FollowerState
2019-10-23 12:23:18,192 [grpc-default-executor-3] INFO  impl.RoleInfo (RoleInfo.java:updateAndGet(143)) - 43cb0e13-5597-452b-a8b1-af00d0a4a497: start FollowerState
2019-10-23 12:23:18,192 [Thread-631] INFO  impl.FollowerState (FollowerState.java:run(117)) - 43cb0e13-5597-452b-a8b1-af00d0a4a497@group-40390D33441A-FollowerState was interrupted: java.lang.InterruptedException: sleep interrupted
2019-10-23 12:23:18,193 [grpc-default-executor-7] INFO  impl.RoleInfo (RoleInfo.java:updateAndGet(143)) - 9d2a2146-2c04-423d-8f96-3c121403b328: start FollowerState
2019-10-23 12:23:18,192 [Thread-630] INFO  impl.FollowerState (FollowerState.java:run(117)) - 9d2a2146-2c04-423d-8f96-3c121403b328@group-40390D33441A-FollowerState was interrupted: java.lang.InterruptedException: sleep interrupted
2019-10-23 12:23:18,202 [04710d3b-08a7-4a70-b69f-f772706c6105@group-40390D33441A-LeaderElection19] INFO  impl.LeaderElection (LeaderElection.java:askForVotes(178)) - 04710d3b-08a7-4a70-b69f-f772706c6105@group-40390D33441A-LeaderElection19: begin an election at term 14 for 0: [9d2a2146-2c04-423d-8f96-3c121403b328:192.168.69.118:40792, 04710d3b-08a7-4a70-b69f-f772706c6105:192.168.69.118:40289, 43cb0e13-5597-452b-a8b1-af00d0a4a497:192.168.69.118:45201], old=null
2019-10-23 12:23:18,205 [grpc-default-executor-7] INFO  impl.RaftServerImpl (RaftServerImpl.java:setRole(184)) - 43cb0e13-5597-452b-a8b1-af00d0a4a497@group-40390D33441A: changes role from  FOLLOWER to FOLLOWER at term 14 for recognizeCandidate:04710d3b-08a7-4a70-b69f-f772706c6105
2019-10-23 12:23:18,205 [grpc-default-executor-3] INFO  impl.RaftServerImpl (RaftServerImpl.java:setRole(184)) - 9d2a2146-2c04-423d-8f96-3c121403b328@group-40390D33441A: changes role from  FOLLOWER to FOLLOWER at term 14 for recognizeCandidate:04710d3b-08a7-4a70-b69f-f772706c6105
2019-10-23 12:23:18,205 [grpc-default-executor-7] INFO  impl.RoleInfo (RoleInfo.java:shutdownFollowerState(121)) - 43cb0e13-5597-452b-a8b1-af00d0a4a497: shutdown FollowerState
2019-10-23 12:23:18,206 [grpc-default-executor-3] INFO  impl.RoleInfo (RoleInfo.java:shutdownFollowerState(121)) - 9d2a2146-2c04-423d-8f96-3c121403b328: shutdown FollowerState
2019-10-23 12:23:18,206 [Thread-636] INFO  impl.FollowerState (FollowerState.java:run(117)) - 43cb0e13-5597-452b-a8b1-af00d0a4a497@group-40390D33441A-FollowerState was interrupted: java.lang.InterruptedException: sleep interrupted
2019-10-23 12:23:18,206 [grpc-default-executor-7] INFO  impl.RoleInfo (RoleInfo.java:updateAndGet(143)) - 43cb0e13-5597-452b-a8b1-af00d0a4a497: start FollowerState
2019-10-23 12:23:18,206 [grpc-default-executor-3] INFO  impl.RoleInfo (RoleInfo.java:updateAndGet(143)) - 9d2a2146-2c04-423d-8f96-3c121403b328: start FollowerState
2019-10-23 12:23:18,206 [Thread-637] INFO  impl.FollowerState (FollowerState.java:run(117)) - 9d2a2146-2c04-423d-8f96-3c121403b328@group-40390D33441A-FollowerState was interrupted: java.lang.InterruptedException: sleep interrupted
2019-10-23 12:23:18,222 [04710d3b-08a7-4a70-b69f-f772706c6105@group-40390D33441A-LeaderElection19] INFO  impl.LeaderElection (LeaderElection.java:logAndReturn(56)) - 04710d3b-08a7-4a70-b69f-f772706c6105@group-40390D33441A-LeaderElection19: Election REJECTED; received 2 response(s) [04710d3b-08a7-4a70-b69f-f772706c6105<-9d2a2146-2c04-423d-8f96-3c121403b328#0:FAIL-t14, 04710d3b-08a7-4a70-b69f-f772706c6105<-43cb0e13-5597-452b-a8b1-af00d0a4a497#0:FAIL-t14] and 0 exception(s); 04710d3b-08a7-4a70-b69f-f772706c6105@group-40390D33441A:t14, leader=null, voted=04710d3b-08a7-4a70-b69f-f772706c6105, raftlog=04710d3b-08a7-4a70-b69f-f772706c6105@group-40390D33441A-SegmentedRaftLog:OPENED:c3,f4,i4, conf=0: [9d2a2146-2c04-423d-8f96-3c121403b328:192.168.69.118:40792, 04710d3b-08a7-4a70-b69f-f772706c6105:192.168.69.118:40289, 43cb0e13-5597-452b-a8b1-af00d0a4a497:192.168.69.118:45201], old=null
2019-10-23 12:23:18,222 [04710d3b-08a7-4a70-b69f-f772706c6105@group-40390D33441A-LeaderElection19] INFO  impl.RaftServerImpl (RaftServerImpl.java:setRole(184)) - 04710d3b-08a7-4a70-b69f-f772706c6105@group-40390D33441A: changes role from CANDIDATE to FOLLOWER at term 14 for DISCOVERED_A_NEW_TERM
2019-10-23 12:23:18,222 [04710d3b-08a7-4a70-b69f-f772706c6105@group-40390D33441A-LeaderElection19] INFO  impl.RoleInfo (RoleInfo.java:shutdownLeaderElection(134)) - 04710d3b-08a7-4a70-b69f-f772706c6105: shutdown LeaderElection
2019-10-23 12:23:18,223 [04710d3b-08a7-4a70-b69f-f772706c6105@group-40390D33441A-LeaderElection19] INFO  impl.RoleInfo (RoleInfo.java:updateAndGet(143)) - 04710d3b-08a7-4a70-b69f-f772706c6105: start FollowerState
2019-10-23 12:23:18,283 [Thread-642] INFO  impl.FollowerState (FollowerState.java:run(108)) - 04710d3b-08a7-4a70-b69f-f772706c6105@group-40390D33441A-FollowerState: change to CANDIDATE, lastRpcTime:60ms, electionTimeout:60ms
2019-10-23 12:23:18,284 [Thread-642] INFO  impl.RoleInfo (RoleInfo.java:shutdownFollowerState(121)) - 04710d3b-08a7-4a70-b69f-f772706c6105: shutdown FollowerState
2019-10-23 12:23:18,285 [Thread-642] INFO  impl.RaftServerImpl (RaftServerImpl.java:setRole(184)) - 04710d3b-08a7-4a70-b69f-f772706c6105@group-40390D33441A: changes role from  FOLLOWER to CANDIDATE at term 14 for changeToCandidate
2019-10-23 12:23:18,285 [Thread-642] INFO  impl.RoleInfo (RoleInfo.java:updateAndGet(143)) - 04710d3b-08a7-4a70-b69f-f772706c6105: start LeaderElection
2019-10-23 12:23:18,299 [04710d3b-08a7-4a70-b69f-f772706c6105@group-40390D33441A-LeaderElection20] INFO  impl.LeaderElection (LeaderElection.java:askForVotes(178)) - 04710d3b-08a7-4a70-b69f-f772706c6105@group-40390D33441A-LeaderElection20: begin an election at term 15 for 0: [9d2a2146-2c04-423d-8f96-3c121403b328:192.168.69.118:40792, 04710d3b-08a7-4a70-b69f-f772706c6105:192.168.69.118:40289, 43cb0e13-5597-452b-a8b1-af00d0a4a497:192.168.69.118:45201], old=null
2019-10-23 12:23:18,304 [grpc-default-executor-3] INFO  impl.RaftServerImpl (RaftServerImpl.java:setRole(184)) - 9d2a2146-2c04-423d-8f96-3c121403b328@group-40390D33441A: changes role from  FOLLOWER to FOLLOWER at term 15 for recognizeCandidate:04710d3b-08a7-4a70-b69f-f772706c6105
2019-10-23 12:23:18,304 [grpc-default-executor-7] INFO  impl.RaftServerImpl (RaftServerImpl.java:setRole(184)) - 43cb0e13-5597-452b-a8b1-af00d0a4a497@group-40390D33441A: changes role from  FOLLOWER to FOLLOWER at term 15 for recognizeCandidate:04710d3b-08a7-4a70-b69f-f772706c6105
2019-10-23 12:23:18,304 [grpc-default-executor-3] INFO  impl.RoleInfo (RoleInfo.java:shutdownFollowerState(121)) - 9d2a2146-2c04-423d-8f96-3c121403b328: shutdown FollowerState
2019-10-23 12:23:18,304 [grpc-default-executor-7] INFO  impl.RoleInfo (RoleInfo.java:shutdownFollowerState(121)) - 43cb0e13-5597-452b-a8b1-af00d0a4a497: shutdown FollowerState
2019-10-23 12:23:18,304 [Thread-641] INFO  impl.FollowerState (FollowerState.java:run(117)) - 9d2a2146-2c04-423d-8f96-3c121403b328@group-40390D33441A-FollowerState was interrupted: java.lang.InterruptedException: sleep interrupted
2019-10-23 12:23:18,304 [grpc-default-executor-7] INFO  impl.RoleInfo (RoleInfo.java:updateAndGet(143)) - 43cb0e13-5597-452b-a8b1-af00d0a4a497: start FollowerState
2019-10-23 12:23:18,304 [Thread-640] INFO  impl.FollowerState (FollowerState.java:run(117)) - 43cb0e13-5597-452b-a8b1-af00d0a4a497@group-40390D33441A-FollowerState was interrupted: java.lang.InterruptedException: sleep interrupted
2019-10-23 12:23:18,304 [grpc-default-executor-3] INFO  impl.RoleInfo (RoleInfo.java:updateAndGet(143)) - 9d2a2146-2c04-423d-8f96-3c121403b328: start FollowerState
2019-10-23 12:23:18,320 [04710d3b-08a7-4a70-b69f-f772706c6105@group-40390D33441A-LeaderElection20] INFO  impl.LeaderElection (LeaderElection.java:logAndReturn(56)) - 04710d3b-08a7-4a70-b69f-f772706c6105@group-40390D33441A-LeaderElection20: Election REJECTED; received 2 response(s) [04710d3b-08a7-4a70-b69f-f772706c6105<-9d2a2146-2c04-423d-8f96-3c121403b328#0:FAIL-t15, 04710d3b-08a7-4a70-b69f-f772706c6105<-43cb0e13-5597-452b-a8b1-af00d0a4a497#0:FAIL-t15] and 0 exception(s); 04710d3b-08a7-4a70-b69f-f772706c6105@group-40390D33441A:t15, leader=null, voted=04710d3b-08a7-4a70-b69f-f772706c6105, raftlog=04710d3b-08a7-4a70-b69f-f772706c6105@group-40390D33441A-SegmentedRaftLog:OPENED:c3,f4,i4, conf=0: [9d2a2146-2c04-423d-8f96-3c121403b328:192.168.69.118:40792, 04710d3b-08a7-4a70-b69f-f772706c6105:192.168.69.118:40289, 43cb0e13-5597-452b-a8b1-af00d0a4a497:192.168.69.118:45201], old=null
2019-10-23 12:23:18,320 [04710d3b-08a7-4a70-b69f-f772706c6105@group-40390D33441A-LeaderElection20] INFO  impl.RaftServerImpl (RaftServerImpl.java:setRole(184)) - 04710d3b-08a7-4a70-b69f-f772706c6105@group-40390D33441A: changes role from CANDIDATE to FOLLOWER at term 15 for DISCOVERED_A_NEW_TERM
2019-10-23 12:23:18,320 [04710d3b-08a7-4a70-b69f-f772706c6105@group-40390D33441A-LeaderElection20] INFO  impl.RoleInfo (RoleInfo.java:shutdownLeaderElection(134)) - 04710d3b-08a7-4a70-b69f-f772706c6105: shutdown LeaderElection
2019-10-23 12:23:18,321 [04710d3b-08a7-4a70-b69f-f772706c6105@group-40390D33441A-LeaderElection20] INFO  impl.RoleInfo (RoleInfo.java:updateAndGet(143)) - 04710d3b-08a7-4a70-b69f-f772706c6105: start FollowerState
2019-10-23 12:23:18,404 [EventQueue-PendingDeleteStatusForPendingDeleteHandler] INFO  block.SCMBlockDeletingService (SCMBlockDeletingService.java:handlePendingDeletes(115)) - Block deletion txnID mismatch in datanode 04710d3b-08a7-4a70-b69f-f772706c6105 for containerID 1. Datanode delete txnID: 0, SCM txnID: 1
2019-10-23 12:23:18,483 [pool-7-thread-1] INFO  commands.RetriableDatanodeEventWatcher (RetriableDatanodeEventWatcher.java:onTimeout(47)) - RetriableDatanodeCommand type=deleteBlocksCommand with id=1571833393484 timed out. Retrying.
2019-10-23 12:23:18,484 [pool-7-thread-2] INFO  commands.RetriableDatanodeEventWatcher (RetriableDatanodeEventWatcher.java:onTimeout(47)) - RetriableDatanodeCommand type=deleteBlocksCommand with id=1571833393485 timed out. Retrying.
2019-10-23 12:23:18,484 [pool-7-thread-3] INFO  commands.RetriableDatanodeEventWatcher (RetriableDatanodeEventWatcher.java:onTimeout(47)) - RetriableDatanodeCommand type=deleteBlocksCommand with id=1571833393482 timed out. Retrying.
2019-10-23 12:23:18,484 [pool-7-thread-4] INFO  commands.RetriableDatanodeEventWatcher (RetriableDatanodeEventWatcher.java:onTimeout(47)) - RetriableDatanodeCommand type=deleteBlocksCommand with id=1571833393480 timed out. Retrying.
2019-10-23 12:23:18,484 [pool-7-thread-3] INFO  commands.RetriableDatanodeEventWatcher (RetriableDatanodeEventWatcher.java:onTimeout(47)) - RetriableDatanodeCommand type=deleteBlocksCommand with id=1571833393486 timed out. Retrying.
2019-10-23 12:23:18,485 [SCMBlockDeletingService#0] INFO  block.SCMBlockDeletingService (SCMBlockDeletingService.java:call(184)) - Totally added 1 delete blocks command for 1 datanodes, task elapsed time: 1ms
2019-10-23 12:23:18,498 [Thread-648] INFO  impl.FollowerState (FollowerState.java:run(108)) - 04710d3b-08a7-4a70-b69f-f772706c6105@group-40390D33441A-FollowerState: change to CANDIDATE, lastRpcTime:177ms, electionTimeout:177ms
2019-10-23 12:23:18,498 [Thread-648] INFO  impl.RoleInfo (RoleInfo.java:shutdownFollowerState(121)) - 04710d3b-08a7-4a70-b69f-f772706c6105: shutdown FollowerState
2019-10-23 12:23:18,498 [Thread-648] INFO  impl.RaftServerImpl (RaftServerImpl.java:setRole(184)) - 04710d3b-08a7-4a70-b69f-f772706c6105@group-40390D33441A: changes role from  FOLLOWER to CANDIDATE at term 15 for changeToCandidate
2019-10-23 12:23:18,498 [Thread-648] INFO  impl.RoleInfo (RoleInfo.java:updateAndGet(143)) - 04710d3b-08a7-4a70-b69f-f772706c6105: start LeaderElection
2019-10-23 12:23:18,512 [04710d3b-08a7-4a70-b69f-f772706c6105@group-40390D33441A-LeaderElection21] INFO  impl.LeaderElection (LeaderElection.java:askForVotes(178)) - 04710d3b-08a7-4a70-b69f-f772706c6105@group-40390D33441A-LeaderElection21: begin an election at term 16 for 0: [9d2a2146-2c04-423d-8f96-3c121403b328:192.168.69.118:40792, 04710d3b-08a7-4a70-b69f-f772706c6105:192.168.69.118:40289, 43cb0e13-5597-452b-a8b1-af00d0a4a497:192.168.69.118:45201], old=null
2019-10-23 12:23:18,517 [grpc-default-executor-3] INFO  impl.RaftServerImpl (RaftServerImpl.java:setRole(184)) - 43cb0e13-5597-452b-a8b1-af00d0a4a497@group-40390D33441A: changes role from  FOLLOWER to FOLLOWER at term 16 for recognizeCandidate:04710d3b-08a7-4a70-b69f-f772706c6105
2019-10-23 12:23:18,517 [grpc-default-executor-3] INFO  impl.RoleInfo (RoleInfo.java:shutdownFollowerState(121)) - 43cb0e13-5597-452b-a8b1-af00d0a4a497: shutdown FollowerState
2019-10-23 12:23:18,517 [grpc-default-executor-3] INFO  impl.RoleInfo (RoleInfo.java:updateAndGet(143)) - 43cb0e13-5597-452b-a8b1-af00d0a4a497: start FollowerState
2019-10-23 12:23:18,517 [Thread-647] INFO  impl.FollowerState (FollowerState.java:run(117)) - 43cb0e13-5597-452b-a8b1-af00d0a4a497@group-40390D33441A-FollowerState was interrupted: java.lang.InterruptedException: sleep interrupted
2019-10-23 12:23:18,517 [grpc-default-executor-7] INFO  impl.RaftServerImpl (RaftServerImpl.java:setRole(184)) - 9d2a2146-2c04-423d-8f96-3c121403b328@group-40390D33441A: changes role from  FOLLOWER to FOLLOWER at term 16 for recognizeCandidate:04710d3b-08a7-4a70-b69f-f772706c6105
2019-10-23 12:23:18,517 [grpc-default-executor-7] INFO  impl.RoleInfo (RoleInfo.java:shutdownFollowerState(121)) - 9d2a2146-2c04-423d-8f96-3c121403b328: shutdown FollowerState
2019-10-23 12:23:18,518 [Thread-646] INFO  impl.FollowerState (FollowerState.java:run(117)) - 9d2a2146-2c04-423d-8f96-3c121403b328@group-40390D33441A-FollowerState was interrupted: java.lang.InterruptedException: sleep interrupted
2019-10-23 12:23:18,518 [grpc-default-executor-7] INFO  impl.RoleInfo (RoleInfo.java:updateAndGet(143)) - 9d2a2146-2c04-423d-8f96-3c121403b328: start FollowerState
2019-10-23 12:23:18,533 [04710d3b-08a7-4a70-b69f-f772706c6105@group-40390D33441A-LeaderElection21] INFO  impl.LeaderElection (LeaderElection.java:logAndReturn(56)) - 04710d3b-08a7-4a70-b69f-f772706c6105@group-40390D33441A-LeaderElection21: Election REJECTED; received 2 response(s) [04710d3b-08a7-4a70-b69f-f772706c6105<-9d2a2146-2c04-423d-8f96-3c121403b328#0:FAIL-t16, 04710d3b-08a7-4a70-b69f-f772706c6105<-43cb0e13-5597-452b-a8b1-af00d0a4a497#0:FAIL-t16] and 0 exception(s); 04710d3b-08a7-4a70-b69f-f772706c6105@group-40390D33441A:t16, leader=null, voted=04710d3b-08a7-4a70-b69f-f772706c6105, raftlog=04710d3b-08a7-4a70-b69f-f772706c6105@group-40390D33441A-SegmentedRaftLog:OPENED:c3,f4,i4, conf=0: [9d2a2146-2c04-423d-8f96-3c121403b328:192.168.69.118:40792, 04710d3b-08a7-4a70-b69f-f772706c6105:192.168.69.118:40289, 43cb0e13-5597-452b-a8b1-af00d0a4a497:192.168.69.118:45201], old=null
2019-10-23 12:23:18,533 [04710d3b-08a7-4a70-b69f-f772706c6105@group-40390D33441A-LeaderElection21] INFO  impl.RaftServerImpl (RaftServerImpl.java:setRole(184)) - 04710d3b-08a7-4a70-b69f-f772706c6105@group-40390D33441A: changes role from CANDIDATE to FOLLOWER at term 16 for DISCOVERED_A_NEW_TERM
2019-10-23 12:23:18,533 [04710d3b-08a7-4a70-b69f-f772706c6105@group-40390D33441A-LeaderElection21] INFO  impl.RoleInfo (RoleInfo.java:shutdownLeaderElection(134)) - 04710d3b-08a7-4a70-b69f-f772706c6105: shutdown LeaderElection
2019-10-23 12:23:18,533 [04710d3b-08a7-4a70-b69f-f772706c6105@group-40390D33441A-LeaderElection21] INFO  impl.RoleInfo (RoleInfo.java:updateAndGet(143)) - 04710d3b-08a7-4a70-b69f-f772706c6105: start FollowerState
2019-10-23 12:23:18,701 [Thread-655] INFO  impl.FollowerState (FollowerState.java:run(108)) - 04710d3b-08a7-4a70-b69f-f772706c6105@group-40390D33441A-FollowerState: change to CANDIDATE, lastRpcTime:168ms, electionTimeout:168ms
2019-10-23 12:23:18,706 [Thread-655] INFO  impl.RoleInfo (RoleInfo.java:shutdownFollowerState(121)) - 04710d3b-08a7-4a70-b69f-f772706c6105: shutdown FollowerState
2019-10-23 12:23:18,706 [Thread-655] INFO  impl.RaftServerImpl (RaftServerImpl.java:setRole(184)) - 04710d3b-08a7-4a70-b69f-f772706c6105@group-40390D33441A: changes role from  FOLLOWER to CANDIDATE at term 16 for changeToCandidate
2019-10-23 12:23:18,706 [Thread-655] INFO  impl.RoleInfo (RoleInfo.java:updateAndGet(143)) - 04710d3b-08a7-4a70-b69f-f772706c6105: start LeaderElection
2019-10-23 12:23:18,737 [04710d3b-08a7-4a70-b69f-f772706c6105@group-40390D33441A-LeaderElection22] INFO  impl.LeaderElection (LeaderElection.java:askForVotes(178)) - 04710d3b-08a7-4a70-b69f-f772706c6105@group-40390D33441A-LeaderElection22: begin an election at term 17 for 0: [9d2a2146-2c04-423d-8f96-3c121403b328:192.168.69.118:40792, 04710d3b-08a7-4a70-b69f-f772706c6105:192.168.69.118:40289, 43cb0e13-5597-452b-a8b1-af00d0a4a497:192.168.69.118:45201], old=null
2019-10-23 12:23:18,743 [grpc-default-executor-7] INFO  impl.RaftServerImpl (RaftServerImpl.java:setRole(184)) - 43cb0e13-5597-452b-a8b1-af00d0a4a497@group-40390D33441A: changes role from  FOLLOWER to FOLLOWER at term 17 for recognizeCandidate:04710d3b-08a7-4a70-b69f-f772706c6105
2019-10-23 12:23:18,743 [grpc-default-executor-3] INFO  impl.RaftServerImpl (RaftServerImpl.java:setRole(184)) - 9d2a2146-2c04-423d-8f96-3c121403b328@group-40390D33441A: changes role from  FOLLOWER to FOLLOWER at term 17 for recognizeCandidate:04710d3b-08a7-4a70-b69f-f772706c6105
2019-10-23 12:23:18,743 [grpc-default-executor-7] INFO  impl.RoleInfo (RoleInfo.java:shutdownFollowerState(121)) - 43cb0e13-5597-452b-a8b1-af00d0a4a497: shutdown FollowerState
2019-10-23 12:23:18,744 [grpc-default-executor-3] INFO  impl.RoleInfo (RoleInfo.java:shutdownFollowerState(121)) - 9d2a2146-2c04-423d-8f96-3c121403b328: shutdown FollowerState
2019-10-23 12:23:18,744 [grpc-default-executor-7] INFO  impl.RoleInfo (RoleInfo.java:updateAndGet(143)) - 43cb0e13-5597-452b-a8b1-af00d0a4a497: start FollowerState
2019-10-23 12:23:18,744 [Thread-653] INFO  impl.FollowerState (FollowerState.java:run(117)) - 43cb0e13-5597-452b-a8b1-af00d0a4a497@group-40390D33441A-FollowerState was interrupted: java.lang.InterruptedException: sleep interrupted
2019-10-23 12:23:18,744 [grpc-default-executor-3] INFO  impl.RoleInfo (RoleInfo.java:updateAndGet(143)) - 9d2a2146-2c04-423d-8f96-3c121403b328: start FollowerState
2019-10-23 12:23:18,744 [Thread-654] INFO  impl.FollowerState (FollowerState.java:run(117)) - 9d2a2146-2c04-423d-8f96-3c121403b328@group-40390D33441A-FollowerState was interrupted: java.lang.InterruptedException: sleep interrupted
2019-10-23 12:23:18,760 [04710d3b-08a7-4a70-b69f-f772706c6105@group-40390D33441A-LeaderElection22] INFO  impl.LeaderElection (LeaderElection.java:logAndReturn(56)) - 04710d3b-08a7-4a70-b69f-f772706c6105@group-40390D33441A-LeaderElection22: Election REJECTED; received 2 response(s) [04710d3b-08a7-4a70-b69f-f772706c6105<-9d2a2146-2c04-423d-8f96-3c121403b328#0:FAIL-t17, 04710d3b-08a7-4a70-b69f-f772706c6105<-43cb0e13-5597-452b-a8b1-af00d0a4a497#0:FAIL-t17] and 0 exception(s); 04710d3b-08a7-4a70-b69f-f772706c6105@group-40390D33441A:t17, leader=null, voted=04710d3b-08a7-4a70-b69f-f772706c6105, raftlog=04710d3b-08a7-4a70-b69f-f772706c6105@group-40390D33441A-SegmentedRaftLog:OPENED:c3,f4,i4, conf=0: [9d2a2146-2c04-423d-8f96-3c121403b328:192.168.69.118:40792, 04710d3b-08a7-4a70-b69f-f772706c6105:192.168.69.118:40289, 43cb0e13-5597-452b-a8b1-af00d0a4a497:192.168.69.118:45201], old=null
2019-10-23 12:23:18,760 [04710d3b-08a7-4a70-b69f-f772706c6105@group-40390D33441A-LeaderElection22] INFO  impl.RaftServerImpl (RaftServerImpl.java:setRole(184)) - 04710d3b-08a7-4a70-b69f-f772706c6105@group-40390D33441A: changes role from CANDIDATE to FOLLOWER at term 17 for DISCOVERED_A_NEW_TERM
2019-10-23 12:23:18,760 [04710d3b-08a7-4a70-b69f-f772706c6105@group-40390D33441A-LeaderElection22] INFO  impl.RoleInfo (RoleInfo.java:shutdownLeaderElection(134)) - 04710d3b-08a7-4a70-b69f-f772706c6105: shutdown LeaderElection
2019-10-23 12:23:18,760 [04710d3b-08a7-4a70-b69f-f772706c6105@group-40390D33441A-LeaderElection22] INFO  impl.RoleInfo (RoleInfo.java:updateAndGet(143)) - 04710d3b-08a7-4a70-b69f-f772706c6105: start FollowerState
2019-10-23 12:23:18,895 [Thread-661] INFO  impl.FollowerState (FollowerState.java:run(108)) - 04710d3b-08a7-4a70-b69f-f772706c6105@group-40390D33441A-FollowerState: change to CANDIDATE, lastRpcTime:134ms, electionTimeout:134ms
2019-10-23 12:23:18,896 [Thread-661] INFO  impl.RoleInfo (RoleInfo.java:shutdownFollowerState(121)) - 04710d3b-08a7-4a70-b69f-f772706c6105: shutdown FollowerState
2019-10-23 12:23:18,897 [Thread-661] INFO  impl.RaftServerImpl (RaftServerImpl.java:setRole(184)) - 04710d3b-08a7-4a70-b69f-f772706c6105@group-40390D33441A: changes role from  FOLLOWER to CANDIDATE at term 17 for changeToCandidate
2019-10-23 12:23:18,897 [Thread-661] INFO  impl.RoleInfo (RoleInfo.java:updateAndGet(143)) - 04710d3b-08a7-4a70-b69f-f772706c6105: start LeaderElection
2019-10-23 12:23:18,902 [04710d3b-08a7-4a70-b69f-f772706c6105@group-40390D33441A-LeaderElection23] INFO  impl.LeaderElection (LeaderElection.java:askForVotes(178)) - 04710d3b-08a7-4a70-b69f-f772706c6105@group-40390D33441A-LeaderElection23: begin an election at term 18 for 0: [9d2a2146-2c04-423d-8f96-3c121403b328:192.168.69.118:40792, 04710d3b-08a7-4a70-b69f-f772706c6105:192.168.69.118:40289, 43cb0e13-5597-452b-a8b1-af00d0a4a497:192.168.69.118:45201], old=null
2019-10-23 12:23:18,906 [grpc-default-executor-7] INFO  impl.RaftServerImpl (RaftServerImpl.java:setRole(184)) - 9d2a2146-2c04-423d-8f96-3c121403b328@group-40390D33441A: changes role from  FOLLOWER to FOLLOWER at term 18 for recognizeCandidate:04710d3b-08a7-4a70-b69f-f772706c6105
2019-10-23 12:23:18,906 [grpc-default-executor-3] INFO  impl.RaftServerImpl (RaftServerImpl.java:setRole(184)) - 43cb0e13-5597-452b-a8b1-af00d0a4a497@group-40390D33441A: changes role from  FOLLOWER to FOLLOWER at term 18 for recognizeCandidate:04710d3b-08a7-4a70-b69f-f772706c6105
2019-10-23 12:23:18,906 [grpc-default-executor-7] INFO  impl.RoleInfo (RoleInfo.java:shutdownFollowerState(121)) - 9d2a2146-2c04-423d-8f96-3c121403b328: shutdown FollowerState
2019-10-23 12:23:18,907 [grpc-default-executor-3] INFO  impl.RoleInfo (RoleInfo.java:shutdownFollowerState(121)) - 43cb0e13-5597-452b-a8b1-af00d0a4a497: shutdown FollowerState
2019-10-23 12:23:18,907 [Thread-660] INFO  impl.FollowerState (FollowerState.java:run(117)) - 9d2a2146-2c04-423d-8f96-3c121403b328@group-40390D33441A-FollowerState was interrupted: java.lang.InterruptedException: sleep interrupted
2019-10-23 12:23:18,907 [grpc-default-executor-7] INFO  impl.RoleInfo (RoleInfo.java:updateAndGet(143)) - 9d2a2146-2c04-423d-8f96-3c121403b328: start FollowerState
2019-10-23 12:23:18,907 [grpc-default-executor-3] INFO  impl.RoleInfo (RoleInfo.java:updateAndGet(143)) - 43cb0e13-5597-452b-a8b1-af00d0a4a497: start FollowerState
2019-10-23 12:23:18,907 [Thread-659] INFO  impl.FollowerState (FollowerState.java:run(117)) - 43cb0e13-5597-452b-a8b1-af00d0a4a497@group-40390D33441A-FollowerState was interrupted: java.lang.InterruptedException: sleep interrupted
2019-10-23 12:23:18,920 [Thread-668] INFO  client.GrpcClientProtocolService (GrpcClientProtocolService.java:lambda$processClientRequest$0(278)) - Failed RaftClientRequest:client-F877F7AB4D5B->43cb0e13-5597-452b-a8b1-af00d0a4a497@group-40390D33441A, cid=10, seq=0, Watch-ALL_COMMITTED(6), Message:<EMPTY>, reply=RaftClientReply:client-F877F7AB4D5B->43cb0e13-5597-452b-a8b1-af00d0a4a497@group-40390D33441A, cid=10, FAILED org.apache.ratis.protocol.NotLeaderException: Server 43cb0e13-5597-452b-a8b1-af00d0a4a497@group-40390D33441A is not the leader, logIndex=0, commits[43cb0e13-5597-452b-a8b1-af00d0a4a497:c10, 9d2a2146-2c04-423d-8f96-3c121403b328:c10, 04710d3b-08a7-4a70-b69f-f772706c6105:c4]
2019-10-23 12:23:18,921 [BlockDeletingService#9] WARN  background.BlockDeletingService (BlockDeletingService.java:isDeletionAllowed(187)) - Close Container log Index 6 is not replicated across allthe servers in the pipeline c0e4f3a0-4d63-43fc-af6c-40390d33441a as the min replicated index is 4. Deletion is not allowed in this container yet.
2019-10-23 12:23:18,922 [BlockDeletingService#4] WARN  background.BlockDeletingService (BlockDeletingService.java:isDeletionAllowed(187)) - Close Container log Index 6 is not replicated across allthe servers in the pipeline c0e4f3a0-4d63-43fc-af6c-40390d33441a as the min replicated index is 4. Deletion is not allowed in this container yet.
2019-10-23 12:23:18,924 [04710d3b-08a7-4a70-b69f-f772706c6105@group-40390D33441A-LeaderElection23] INFO  impl.LeaderElection (LeaderElection.java:logAndReturn(56)) - 04710d3b-08a7-4a70-b69f-f772706c6105@group-40390D33441A-LeaderElection23: Election REJECTED; received 2 response(s) [04710d3b-08a7-4a70-b69f-f772706c6105<-9d2a2146-2c04-423d-8f96-3c121403b328#0:FAIL-t18, 04710d3b-08a7-4a70-b69f-f772706c6105<-43cb0e13-5597-452b-a8b1-af00d0a4a497#0:FAIL-t18] and 0 exception(s); 04710d3b-08a7-4a70-b69f-f772706c6105@group-40390D33441A:t18, leader=null, voted=04710d3b-08a7-4a70-b69f-f772706c6105, raftlog=04710d3b-08a7-4a70-b69f-f772706c6105@group-40390D33441A-SegmentedRaftLog:OPENED:c3,f4,i4, conf=0: [9d2a2146-2c04-423d-8f96-3c121403b328:192.168.69.118:40792, 04710d3b-08a7-4a70-b69f-f772706c6105:192.168.69.118:40289, 43cb0e13-5597-452b-a8b1-af00d0a4a497:192.168.69.118:45201], old=null
2019-10-23 12:23:18,924 [04710d3b-08a7-4a70-b69f-f772706c6105@group-40390D33441A-LeaderElection23] INFO  impl.RaftServerImpl (RaftServerImpl.java:setRole(184)) - 04710d3b-08a7-4a70-b69f-f772706c6105@group-40390D33441A: changes role from CANDIDATE to FOLLOWER at term 18 for DISCOVERED_A_NEW_TERM
2019-10-23 12:23:18,925 [04710d3b-08a7-4a70-b69f-f772706c6105@group-40390D33441A-LeaderElection23] INFO  impl.RoleInfo (RoleInfo.java:shutdownLeaderElection(134)) - 04710d3b-08a7-4a70-b69f-f772706c6105: shutdown LeaderElection
2019-10-23 12:23:18,926 [04710d3b-08a7-4a70-b69f-f772706c6105@group-40390D33441A-LeaderElection23] INFO  impl.RoleInfo (RoleInfo.java:updateAndGet(143)) - 04710d3b-08a7-4a70-b69f-f772706c6105: start FollowerState
2019-10-23 12:23:19,099 [Thread-672] INFO  impl.FollowerState (FollowerState.java:run(108)) - 04710d3b-08a7-4a70-b69f-f772706c6105@group-40390D33441A-FollowerState: change to CANDIDATE, lastRpcTime:173ms, electionTimeout:172ms
2019-10-23 12:23:19,101 [Thread-672] INFO  impl.RoleInfo (RoleInfo.java:shutdownFollowerState(121)) - 04710d3b-08a7-4a70-b69f-f772706c6105: shutdown FollowerState
2019-10-23 12:23:19,101 [Thread-672] INFO  impl.RaftServerImpl (RaftServerImpl.java:setRole(184)) - 04710d3b-08a7-4a70-b69f-f772706c6105@group-40390D33441A: changes role from  FOLLOWER to CANDIDATE at term 18 for changeToCandidate
2019-10-23 12:23:19,101 [Thread-672] INFO  impl.RoleInfo (RoleInfo.java:updateAndGet(143)) - 04710d3b-08a7-4a70-b69f-f772706c6105: start LeaderElection
2019-10-23 12:23:19,116 [04710d3b-08a7-4a70-b69f-f772706c6105@group-40390D33441A-LeaderElection24] INFO  impl.LeaderElection (LeaderElection.java:askForVotes(178)) - 04710d3b-08a7-4a70-b69f-f772706c6105@group-40390D33441A-LeaderElection24: begin an election at term 19 for 0: [9d2a2146-2c04-423d-8f96-3c121403b328:192.168.69.118:40792, 04710d3b-08a7-4a70-b69f-f772706c6105:192.168.69.118:40289, 43cb0e13-5597-452b-a8b1-af00d0a4a497:192.168.69.118:45201], old=null
2019-10-23 12:23:19,120 [grpc-default-executor-7] INFO  impl.RaftServerImpl (RaftServerImpl.java:setRole(184)) - 43cb0e13-5597-452b-a8b1-af00d0a4a497@group-40390D33441A: changes role from  FOLLOWER to FOLLOWER at term 19 for recognizeCandidate:04710d3b-08a7-4a70-b69f-f772706c6105
2019-10-23 12:23:19,120 [grpc-default-executor-3] INFO  impl.RaftServerImpl (RaftServerImpl.java:setRole(184)) - 9d2a2146-2c04-423d-8f96-3c121403b328@group-40390D33441A: changes role from  FOLLOWER to FOLLOWER at term 19 for recognizeCandidate:04710d3b-08a7-4a70-b69f-f772706c6105
2019-10-23 12:23:19,120 [grpc-default-executor-7] INFO  impl.RoleInfo (RoleInfo.java:shutdownFollowerState(121)) - 43cb0e13-5597-452b-a8b1-af00d0a4a497: shutdown FollowerState
2019-10-23 12:23:19,120 [grpc-default-executor-3] INFO  impl.RoleInfo (RoleInfo.java:shutdownFollowerState(121)) - 9d2a2146-2c04-423d-8f96-3c121403b328: shutdown FollowerState
2019-10-23 12:23:19,120 [grpc-default-executor-7] INFO  impl.RoleInfo (RoleInfo.java:updateAndGet(143)) - 43cb0e13-5597-452b-a8b1-af00d0a4a497: start FollowerState
2019-10-23 12:23:19,120 [Thread-666] INFO  impl.FollowerState (FollowerState.java:run(117)) - 43cb0e13-5597-452b-a8b1-af00d0a4a497@group-40390D33441A-FollowerState was interrupted: java.lang.InterruptedException: sleep interrupted
2019-10-23 12:23:19,120 [grpc-default-executor-3] INFO  impl.RoleInfo (RoleInfo.java:updateAndGet(143)) - 9d2a2146-2c04-423d-8f96-3c121403b328: start FollowerState
2019-10-23 12:23:19,120 [Thread-665] INFO  impl.FollowerState (FollowerState.java:run(117)) - 9d2a2146-2c04-423d-8f96-3c121403b328@group-40390D33441A-FollowerState was interrupted: java.lang.InterruptedException: sleep interrupted
2019-10-23 12:23:19,135 [04710d3b-08a7-4a70-b69f-f772706c6105@group-40390D33441A-LeaderElection24] INFO  impl.LeaderElection (LeaderElection.java:logAndReturn(56)) - 04710d3b-08a7-4a70-b69f-f772706c6105@group-40390D33441A-LeaderElection24: Election REJECTED; received 2 response(s) [04710d3b-08a7-4a70-b69f-f772706c6105<-9d2a2146-2c04-423d-8f96-3c121403b328#0:FAIL-t19, 04710d3b-08a7-4a70-b69f-f772706c6105<-43cb0e13-5597-452b-a8b1-af00d0a4a497#0:FAIL-t19] and 0 exception(s); 04710d3b-08a7-4a70-b69f-f772706c6105@group-40390D33441A:t19, leader=null, voted=04710d3b-08a7-4a70-b69f-f772706c6105, raftlog=04710d3b-08a7-4a70-b69f-f772706c6105@group-40390D33441A-SegmentedRaftLog:OPENED:c3,f4,i4, conf=0: [9d2a2146-2c04-423d-8f96-3c121403b328:192.168.69.118:40792, 04710d3b-08a7-4a70-b69f-f772706c6105:192.168.69.118:40289, 43cb0e13-5597-452b-a8b1-af00d0a4a497:192.168.69.118:45201], old=null
2019-10-23 12:23:19,135 [04710d3b-08a7-4a70-b69f-f772706c6105@group-40390D33441A-LeaderElection24] INFO  impl.RaftServerImpl (RaftServerImpl.java:setRole(184)) - 04710d3b-08a7-4a70-b69f-f772706c6105@group-40390D33441A: changes role from CANDIDATE to FOLLOWER at term 19 for DISCOVERED_A_NEW_TERM
2019-10-23 12:23:19,135 [04710d3b-08a7-4a70-b69f-f772706c6105@group-40390D33441A-LeaderElection24] INFO  impl.RoleInfo (RoleInfo.java:shutdownLeaderElection(134)) - 04710d3b-08a7-4a70-b69f-f772706c6105: shutdown LeaderElection
2019-10-23 12:23:19,136 [04710d3b-08a7-4a70-b69f-f772706c6105@group-40390D33441A-LeaderElection24] INFO  impl.RoleInfo (RoleInfo.java:updateAndGet(143)) - 04710d3b-08a7-4a70-b69f-f772706c6105: start FollowerState
2019-10-23 12:23:19,170 [java.util.concurrent.ThreadPoolExecutor$Worker@16be38ad[State = -1, empty queue]] WARN  server.GrpcLogAppender (GrpcLogAppender.java:timeoutAppendRequest(209)) - 43cb0e13-5597-452b-a8b1-af00d0a4a497@group-40390D33441A->04710d3b-08a7-4a70-b69f-f772706c6105-GrpcLogAppender: appendEntries Timeout, request=43cb0e13-5597-452b-a8b1-af00d0a4a497->04710d3b-08a7-4a70-b69f-f772706c6105#52-t3, previous=(t:3, i:10), leaderCommit=10, initializing? false, entries: <empty>
2019-10-23 12:23:19,290 [Thread-678] INFO  impl.FollowerState (FollowerState.java:run(108)) - 04710d3b-08a7-4a70-b69f-f772706c6105@group-40390D33441A-FollowerState: change to CANDIDATE, lastRpcTime:154ms, electionTimeout:154ms
2019-10-23 12:23:19,290 [Thread-678] INFO  impl.RoleInfo (RoleInfo.java:shutdownFollowerState(121)) - 04710d3b-08a7-4a70-b69f-f772706c6105: shutdown FollowerState
2019-10-23 12:23:19,290 [Thread-678] INFO  impl.RaftServerImpl (RaftServerImpl.java:setRole(184)) - 04710d3b-08a7-4a70-b69f-f772706c6105@group-40390D33441A: changes role from  FOLLOWER to CANDIDATE at term 19 for changeToCandidate
2019-10-23 12:23:19,290 [Thread-678] INFO  impl.RoleInfo (RoleInfo.java:updateAndGet(143)) - 04710d3b-08a7-4a70-b69f-f772706c6105: start LeaderElection
2019-10-23 12:23:19,299 [04710d3b-08a7-4a70-b69f-f772706c6105@group-40390D33441A-LeaderElection25] INFO  impl.LeaderElection (LeaderElection.java:askForVotes(178)) - 04710d3b-08a7-4a70-b69f-f772706c6105@group-40390D33441A-LeaderElection25: begin an election at term 20 for 0: [9d2a2146-2c04-423d-8f96-3c121403b328:192.168.69.118:40792, 04710d3b-08a7-4a70-b69f-f772706c6105:192.168.69.118:40289, 43cb0e13-5597-452b-a8b1-af00d0a4a497:192.168.69.118:45201], old=null
2019-10-23 12:23:19,307 [grpc-default-executor-7] INFO  impl.RaftServerImpl (RaftServerImpl.java:setRole(184)) - 9d2a2146-2c04-423d-8f96-3c121403b328@group-40390D33441A: changes role from  FOLLOWER to FOLLOWER at term 20 for recognizeCandidate:04710d3b-08a7-4a70-b69f-f772706c6105
2019-10-23 12:23:19,307 [grpc-default-executor-3] INFO  impl.RaftServerImpl (RaftServerImpl.java:setRole(184)) - 43cb0e13-5597-452b-a8b1-af00d0a4a497@group-40390D33441A: changes role from  FOLLOWER to FOLLOWER at term 20 for recognizeCandidate:04710d3b-08a7-4a70-b69f-f772706c6105
2019-10-23 12:23:19,307 [grpc-default-executor-7] INFO  impl.RoleInfo (RoleInfo.java:shutdownFollowerState(121)) - 9d2a2146-2c04-423d-8f96-3c121403b328: shutdown FollowerState
2019-10-23 12:23:19,307 [grpc-default-executor-3] INFO  impl.RoleInfo (RoleInfo.java:shutdownFollowerState(121)) - 43cb0e13-5597-452b-a8b1-af00d0a4a497: shutdown FollowerState
2019-10-23 12:23:19,307 [Thread-677] INFO  impl.FollowerState (FollowerState.java:run(117)) - 9d2a2146-2c04-423d-8f96-3c121403b328@group-40390D33441A-FollowerState was interrupted: java.lang.InterruptedException: sleep interrupted
2019-10-23 12:23:19,307 [grpc-default-executor-7] INFO  impl.RoleInfo (RoleInfo.java:updateAndGet(143)) - 9d2a2146-2c04-423d-8f96-3c121403b328: start FollowerState
2019-10-23 12:23:19,307 [grpc-default-executor-3] INFO  impl.RoleInfo (RoleInfo.java:updateAndGet(143)) - 43cb0e13-5597-452b-a8b1-af00d0a4a497: start FollowerState
2019-10-23 12:23:19,307 [Thread-676] INFO  impl.FollowerState (FollowerState.java:run(117)) - 43cb0e13-5597-452b-a8b1-af00d0a4a497@group-40390D33441A-FollowerState was interrupted: java.lang.InterruptedException: sleep interrupted
2019-10-23 12:23:19,312 [04710d3b-08a7-4a70-b69f-f772706c6105@group-40390D33441A-LeaderElection25] INFO  impl.LeaderElection (LeaderElection.java:logAndReturn(56)) - 04710d3b-08a7-4a70-b69f-f772706c6105@group-40390D33441A-LeaderElection25: Election TIMEOUT; received 0 response(s) [] and 0 exception(s); 04710d3b-08a7-4a70-b69f-f772706c6105@group-40390D33441A:t20, leader=null, voted=04710d3b-08a7-4a70-b69f-f772706c6105, raftlog=04710d3b-08a7-4a70-b69f-f772706c6105@group-40390D33441A-SegmentedRaftLog:OPENED:c3,f4,i4, conf=0: [9d2a2146-2c04-423d-8f96-3c121403b328:192.168.69.118:40792, 04710d3b-08a7-4a70-b69f-f772706c6105:192.168.69.118:40289, 43cb0e13-5597-452b-a8b1-af00d0a4a497:192.168.69.118:45201], old=null
2019-10-23 12:23:19,316 [04710d3b-08a7-4a70-b69f-f772706c6105@group-40390D33441A-LeaderElection25] INFO  impl.LeaderElection (LeaderElection.java:askForVotes(178)) - 04710d3b-08a7-4a70-b69f-f772706c6105@group-40390D33441A-LeaderElection25: begin an election at term 21 for 0: [9d2a2146-2c04-423d-8f96-3c121403b328:192.168.69.118:40792, 04710d3b-08a7-4a70-b69f-f772706c6105:192.168.69.118:40289, 43cb0e13-5597-452b-a8b1-af00d0a4a497:192.168.69.118:45201], old=null
2019-10-23 12:23:19,318 [grpc-default-executor-3] INFO  impl.RaftServerImpl (RaftServerImpl.java:setRole(184)) - 9d2a2146-2c04-423d-8f96-3c121403b328@group-40390D33441A: changes role from  FOLLOWER to FOLLOWER at term 21 for recognizeCandidate:04710d3b-08a7-4a70-b69f-f772706c6105
2019-10-23 12:23:19,319 [grpc-default-executor-7] INFO  impl.RaftServerImpl (RaftServerImpl.java:setRole(184)) - 43cb0e13-5597-452b-a8b1-af00d0a4a497@group-40390D33441A: changes role from  FOLLOWER to FOLLOWER at term 21 for recognizeCandidate:04710d3b-08a7-4a70-b69f-f772706c6105
2019-10-23 12:23:19,319 [grpc-default-executor-3] INFO  impl.RoleInfo (RoleInfo.java:shutdownFollowerState(121)) - 9d2a2146-2c04-423d-8f96-3c121403b328: shutdown FollowerState
2019-10-23 12:23:19,319 [grpc-default-executor-7] INFO  impl.RoleInfo (RoleInfo.java:shutdownFollowerState(121)) - 43cb0e13-5597-452b-a8b1-af00d0a4a497: shutdown FollowerState
2019-10-23 12:23:19,320 [Thread-682] INFO  impl.FollowerState (FollowerState.java:run(117)) - 9d2a2146-2c04-423d-8f96-3c121403b328@group-40390D33441A-FollowerState was interrupted: java.lang.InterruptedException: sleep interrupted
2019-10-23 12:23:19,320 [grpc-default-executor-7] INFO  impl.RoleInfo (RoleInfo.java:updateAndGet(143)) - 43cb0e13-5597-452b-a8b1-af00d0a4a497: start FollowerState
2019-10-23 12:23:19,320 [grpc-default-executor-3] INFO  impl.RoleInfo (RoleInfo.java:updateAndGet(143)) - 9d2a2146-2c04-423d-8f96-3c121403b328: start FollowerState
2019-10-23 12:23:19,320 [Thread-683] INFO  impl.FollowerState (FollowerState.java:run(117)) - 43cb0e13-5597-452b-a8b1-af00d0a4a497@group-40390D33441A-FollowerState was interrupted: java.lang.InterruptedException: sleep interrupted
2019-10-23 12:23:19,340 [04710d3b-08a7-4a70-b69f-f772706c6105@group-40390D33441A-LeaderElection25] INFO  impl.LeaderElection (LeaderElection.java:logAndReturn(56)) - 04710d3b-08a7-4a70-b69f-f772706c6105@group-40390D33441A-LeaderElection25: Election REJECTED; received 2 response(s) [04710d3b-08a7-4a70-b69f-f772706c6105<-9d2a2146-2c04-423d-8f96-3c121403b328#0:FAIL-t21, 04710d3b-08a7-4a70-b69f-f772706c6105<-43cb0e13-5597-452b-a8b1-af00d0a4a497#0:FAIL-t21] and 0 exception(s); 04710d3b-08a7-4a70-b69f-f772706c6105@group-40390D33441A:t21, leader=null, voted=04710d3b-08a7-4a70-b69f-f772706c6105, raftlog=04710d3b-08a7-4a70-b69f-f772706c6105@group-40390D33441A-SegmentedRaftLog:OPENED:c3,f4,i4, conf=0: [9d2a2146-2c04-423d-8f96-3c121403b328:192.168.69.118:40792, 04710d3b-08a7-4a70-b69f-f772706c6105:192.168.69.118:40289, 43cb0e13-5597-452b-a8b1-af00d0a4a497:192.168.69.118:45201], old=null
2019-10-23 12:23:19,340 [04710d3b-08a7-4a70-b69f-f772706c6105@group-40390D33441A-LeaderElection25] INFO  impl.RaftServerImpl (RaftServerImpl.java:setRole(184)) - 04710d3b-08a7-4a70-b69f-f772706c6105@group-40390D33441A: changes role from CANDIDATE to FOLLOWER at term 21 for DISCOVERED_A_NEW_TERM
2019-10-23 12:23:19,340 [04710d3b-08a7-4a70-b69f-f772706c6105@group-40390D33441A-LeaderElection25] INFO  impl.RoleInfo (RoleInfo.java:shutdownLeaderElection(134)) - 04710d3b-08a7-4a70-b69f-f772706c6105: shutdown LeaderElection
2019-10-23 12:23:19,340 [04710d3b-08a7-4a70-b69f-f772706c6105@group-40390D33441A-LeaderElection25] INFO  impl.RoleInfo (RoleInfo.java:updateAndGet(143)) - 04710d3b-08a7-4a70-b69f-f772706c6105: start FollowerState
2019-10-23 12:23:19,367 [Thread-688] INFO  impl.FollowerState (FollowerState.java:run(108)) - 04710d3b-08a7-4a70-b69f-f772706c6105@group-40390D33441A-FollowerState: change to CANDIDATE, lastRpcTime:26ms, electionTimeout:26ms
2019-10-23 12:23:19,368 [Thread-688] INFO  impl.RoleInfo (RoleInfo.java:shutdownFollowerState(121)) - 04710d3b-08a7-4a70-b69f-f772706c6105: shutdown FollowerState
2019-10-23 12:23:19,368 [Thread-688] INFO  impl.RaftServerImpl (RaftServerImpl.java:setRole(184)) - 04710d3b-08a7-4a70-b69f-f772706c6105@group-40390D33441A: changes role from  FOLLOWER to CANDIDATE at term 21 for changeToCandidate
2019-10-23 12:23:19,369 [Thread-688] INFO  impl.RoleInfo (RoleInfo.java:updateAndGet(143)) - 04710d3b-08a7-4a70-b69f-f772706c6105: start LeaderElection
2019-10-23 12:23:19,386 [04710d3b-08a7-4a70-b69f-f772706c6105@group-40390D33441A-LeaderElection26] INFO  impl.LeaderElection (LeaderElection.java:askForVotes(178)) - 04710d3b-08a7-4a70-b69f-f772706c6105@group-40390D33441A-LeaderElection26: begin an election at term 22 for 0: [9d2a2146-2c04-423d-8f96-3c121403b328:192.168.69.118:40792, 04710d3b-08a7-4a70-b69f-f772706c6105:192.168.69.118:40289, 43cb0e13-5597-452b-a8b1-af00d0a4a497:192.168.69.118:45201], old=null
2019-10-23 12:23:19,389 [grpc-default-executor-3] INFO  impl.RaftServerImpl (RaftServerImpl.java:setRole(184)) - 9d2a2146-2c04-423d-8f96-3c121403b328@group-40390D33441A: changes role from  FOLLOWER to FOLLOWER at term 22 for recognizeCandidate:04710d3b-08a7-4a70-b69f-f772706c6105
2019-10-23 12:23:19,389 [grpc-default-executor-7] INFO  impl.RaftServerImpl (RaftServerImpl.java:setRole(184)) - 43cb0e13-5597-452b-a8b1-af00d0a4a497@group-40390D33441A: changes role from  FOLLOWER to FOLLOWER at term 22 for recognizeCandidate:04710d3b-08a7-4a70-b69f-f772706c6105
2019-10-23 12:23:19,389 [grpc-default-executor-3] INFO  impl.RoleInfo (RoleInfo.java:shutdownFollowerState(121)) - 9d2a2146-2c04-423d-8f96-3c121403b328: shutdown FollowerState
2019-10-23 12:23:19,389 [grpc-default-executor-7] INFO  impl.RoleInfo (RoleInfo.java:shutdownFollowerState(121)) - 43cb0e13-5597-452b-a8b1-af00d0a4a497: shutdown FollowerState
2019-10-23 12:23:19,389 [Thread-686] INFO  impl.FollowerState (FollowerState.java:run(117)) - 9d2a2146-2c04-423d-8f96-3c121403b328@group-40390D33441A-FollowerState was interrupted: java.lang.InterruptedException: sleep interrupted
2019-10-23 12:23:19,389 [grpc-default-executor-3] INFO  impl.RoleInfo (RoleInfo.java:updateAndGet(143)) - 9d2a2146-2c04-423d-8f96-3c121403b328: start FollowerState
2019-10-23 12:23:19,389 [grpc-default-executor-7] INFO  impl.RoleInfo (RoleInfo.java:updateAndGet(143)) - 43cb0e13-5597-452b-a8b1-af00d0a4a497: start FollowerState
2019-10-23 12:23:19,389 [Thread-687] INFO  impl.FollowerState (FollowerState.java:run(117)) - 43cb0e13-5597-452b-a8b1-af00d0a4a497@group-40390D33441A-FollowerState was interrupted: java.lang.InterruptedException: sleep interrupted
2019-10-23 12:23:19,400 [04710d3b-08a7-4a70-b69f-f772706c6105@group-40390D33441A-LeaderElection26] INFO  impl.LeaderElection (LeaderElection.java:logAndReturn(56)) - 04710d3b-08a7-4a70-b69f-f772706c6105@group-40390D33441A-LeaderElection26: Election REJECTED; received 2 response(s) [04710d3b-08a7-4a70-b69f-f772706c6105<-9d2a2146-2c04-423d-8f96-3c121403b328#0:FAIL-t22, 04710d3b-08a7-4a70-b69f-f772706c6105<-43cb0e13-5597-452b-a8b1-af00d0a4a497#0:FAIL-t22] and 0 exception(s); 04710d3b-08a7-4a70-b69f-f772706c6105@group-40390D33441A:t22, leader=null, voted=04710d3b-08a7-4a70-b69f-f772706c6105, raftlog=04710d3b-08a7-4a70-b69f-f772706c6105@group-40390D33441A-SegmentedRaftLog:OPENED:c3,f4,i4, conf=0: [9d2a2146-2c04-423d-8f96-3c121403b328:192.168.69.118:40792, 04710d3b-08a7-4a70-b69f-f772706c6105:192.168.69.118:40289, 43cb0e13-5597-452b-a8b1-af00d0a4a497:192.168.69.118:45201], old=null
2019-10-23 12:23:19,401 [04710d3b-08a7-4a70-b69f-f772706c6105@group-40390D33441A-LeaderElection26] INFO  impl.RaftServerImpl (RaftServerImpl.java:setRole(184)) - 04710d3b-08a7-4a70-b69f-f772706c6105@group-40390D33441A: changes role from CANDIDATE to FOLLOWER at term 22 for DISCOVERED_A_NEW_TERM
2019-10-23 12:23:19,401 [04710d3b-08a7-4a70-b69f-f772706c6105@group-40390D33441A-LeaderElection26] INFO  impl.RoleInfo (RoleInfo.java:shutdownLeaderElection(134)) - 04710d3b-08a7-4a70-b69f-f772706c6105: shutdown LeaderElection
2019-10-23 12:23:19,401 [04710d3b-08a7-4a70-b69f-f772706c6105@group-40390D33441A-LeaderElection26] INFO  impl.RoleInfo (RoleInfo.java:updateAndGet(143)) - 04710d3b-08a7-4a70-b69f-f772706c6105: start FollowerState
2019-10-23 12:23:19,433 [Thread-694] INFO  impl.FollowerState (FollowerState.java:run(108)) - 04710d3b-08a7-4a70-b69f-f772706c6105@group-40390D33441A-FollowerState: change to CANDIDATE, lastRpcTime:32ms, electionTimeout:32ms
2019-10-23 12:23:19,435 [Thread-694] INFO  impl.RoleInfo (RoleInfo.java:shutdownFollowerState(121)) - 04710d3b-08a7-4a70-b69f-f772706c6105: shutdown FollowerState
2019-10-23 12:23:19,435 [Thread-694] INFO  impl.RaftServerImpl (RaftServerImpl.java:setRole(184)) - 04710d3b-08a7-4a70-b69f-f772706c6105@group-40390D33441A: changes role from  FOLLOWER to CANDIDATE at term 22 for changeToCandidate
2019-10-23 12:23:19,435 [Thread-694] INFO  impl.RoleInfo (RoleInfo.java:updateAndGet(143)) - 04710d3b-08a7-4a70-b69f-f772706c6105: start LeaderElection
2019-10-23 12:23:19,443 [04710d3b-08a7-4a70-b69f-f772706c6105@group-40390D33441A-LeaderElection27] INFO  impl.LeaderElection (LeaderElection.java:askForVotes(178)) - 04710d3b-08a7-4a70-b69f-f772706c6105@group-40390D33441A-LeaderElection27: begin an election at term 23 for 0: [9d2a2146-2c04-423d-8f96-3c121403b328:192.168.69.118:40792, 04710d3b-08a7-4a70-b69f-f772706c6105:192.168.69.118:40289, 43cb0e13-5597-452b-a8b1-af00d0a4a497:192.168.69.118:45201], old=null
2019-10-23 12:23:19,445 [grpc-default-executor-7] INFO  impl.RaftServerImpl (RaftServerImpl.java:setRole(184)) - 9d2a2146-2c04-423d-8f96-3c121403b328@group-40390D33441A: changes role from  FOLLOWER to FOLLOWER at term 23 for recognizeCandidate:04710d3b-08a7-4a70-b69f-f772706c6105
2019-10-23 12:23:19,445 [grpc-default-executor-7] INFO  impl.RoleInfo (RoleInfo.java:shutdownFollowerState(121)) - 9d2a2146-2c04-423d-8f96-3c121403b328: shutdown FollowerState
2019-10-23 12:23:19,445 [grpc-default-executor-3] INFO  impl.RaftServerImpl (RaftServerImpl.java:setRole(184)) - 43cb0e13-5597-452b-a8b1-af00d0a4a497@group-40390D33441A: changes role from  FOLLOWER to FOLLOWER at term 23 for recognizeCandidate:04710d3b-08a7-4a70-b69f-f772706c6105
2019-10-23 12:23:19,446 [grpc-default-executor-7] INFO  impl.RoleInfo (RoleInfo.java:updateAndGet(143)) - 9d2a2146-2c04-423d-8f96-3c121403b328: start FollowerState
2019-10-23 12:23:19,446 [Thread-692] INFO  impl.FollowerState (FollowerState.java:run(117)) - 9d2a2146-2c04-423d-8f96-3c121403b328@group-40390D33441A-FollowerState was interrupted: java.lang.InterruptedException: sleep interrupted
2019-10-23 12:23:19,446 [grpc-default-executor-3] INFO  impl.RoleInfo (RoleInfo.java:shutdownFollowerState(121)) - 43cb0e13-5597-452b-a8b1-af00d0a4a497: shutdown FollowerState
2019-10-23 12:23:19,446 [Thread-693] INFO  impl.FollowerState (FollowerState.java:run(117)) - 43cb0e13-5597-452b-a8b1-af00d0a4a497@group-40390D33441A-FollowerState was interrupted: java.lang.InterruptedException: sleep interrupted
2019-10-23 12:23:19,446 [grpc-default-executor-3] INFO  impl.RoleInfo (RoleInfo.java:updateAndGet(143)) - 43cb0e13-5597-452b-a8b1-af00d0a4a497: start FollowerState
2019-10-23 12:23:19,457 [04710d3b-08a7-4a70-b69f-f772706c6105@group-40390D33441A-LeaderElection27] INFO  impl.LeaderElection (LeaderElection.java:logAndReturn(56)) - 04710d3b-08a7-4a70-b69f-f772706c6105@group-40390D33441A-LeaderElection27: Election REJECTED; received 2 response(s) [04710d3b-08a7-4a70-b69f-f772706c6105<-9d2a2146-2c04-423d-8f96-3c121403b328#0:FAIL-t23, 04710d3b-08a7-4a70-b69f-f772706c6105<-43cb0e13-5597-452b-a8b1-af00d0a4a497#0:FAIL-t23] and 0 exception(s); 04710d3b-08a7-4a70-b69f-f772706c6105@group-40390D33441A:t23, leader=null, voted=04710d3b-08a7-4a70-b69f-f772706c6105, raftlog=04710d3b-08a7-4a70-b69f-f772706c6105@group-40390D33441A-SegmentedRaftLog:OPENED:c3,f4,i4, conf=0: [9d2a2146-2c04-423d-8f96-3c121403b328:192.168.69.118:40792, 04710d3b-08a7-4a70-b69f-f772706c6105:192.168.69.118:40289, 43cb0e13-5597-452b-a8b1-af00d0a4a497:192.168.69.118:45201], old=null
2019-10-23 12:23:19,458 [04710d3b-08a7-4a70-b69f-f772706c6105@group-40390D33441A-LeaderElection27] INFO  impl.RaftServerImpl (RaftServerImpl.java:setRole(184)) - 04710d3b-08a7-4a70-b69f-f772706c6105@group-40390D33441A: changes role from CANDIDATE to FOLLOWER at term 23 for DISCOVERED_A_NEW_TERM
2019-10-23 12:23:19,458 [04710d3b-08a7-4a70-b69f-f772706c6105@group-40390D33441A-LeaderElection27] INFO  impl.RoleInfo (RoleInfo.java:shutdownLeaderElection(134)) - 04710d3b-08a7-4a70-b69f-f772706c6105: shutdown LeaderElection
2019-10-23 12:23:19,458 [04710d3b-08a7-4a70-b69f-f772706c6105@group-40390D33441A-LeaderElection27] INFO  impl.RoleInfo (RoleInfo.java:updateAndGet(143)) - 04710d3b-08a7-4a70-b69f-f772706c6105: start FollowerState
2019-10-23 12:23:19,485 [pool-7-thread-3] INFO  commands.RetriableDatanodeEventWatcher (RetriableDatanodeEventWatcher.java:onTimeout(47)) - RetriableDatanodeCommand type=deleteBlocksCommand with id=1571833393487 timed out. Retrying.
2019-10-23 12:23:19,486 [pool-7-thread-5] INFO  commands.RetriableDatanodeEventWatcher (RetriableDatanodeEventWatcher.java:onTimeout(47)) - RetriableDatanodeCommand type=deleteBlocksCommand with id=1571833393482 timed out. Retrying.
2019-10-23 12:23:19,487 [pool-7-thread-4] INFO  commands.RetriableDatanodeEventWatcher (RetriableDatanodeEventWatcher.java:onTimeout(47)) - RetriableDatanodeCommand type=deleteBlocksCommand with id=1571833393486 timed out. Retrying.
2019-10-23 12:23:19,487 [pool-7-thread-1] INFO  commands.RetriableDatanodeEventWatcher (RetriableDatanodeEventWatcher.java:onTimeout(47)) - RetriableDatanodeCommand type=deleteBlocksCommand with id=1571833393484 timed out. Retrying.
2019-10-23 12:23:19,487 [SCMBlockDeletingService#0] INFO  block.SCMBlockDeletingService (SCMBlockDeletingService.java:call(184)) - Totally added 1 delete blocks command for 1 datanodes, task elapsed time: 0ms
2019-10-23 12:23:19,487 [pool-7-thread-2] INFO  commands.RetriableDatanodeEventWatcher (RetriableDatanodeEventWatcher.java:onTimeout(47)) - RetriableDatanodeCommand type=deleteBlocksCommand with id=1571833393485 timed out. Retrying.
2019-10-23 12:23:19,487 [pool-7-thread-6] INFO  commands.RetriableDatanodeEventWatcher (RetriableDatanodeEventWatcher.java:onTimeout(47)) - RetriableDatanodeCommand type=deleteBlocksCommand with id=1571833393480 timed out. Retrying.
2019-10-23 12:23:19,522 [Thread-701] INFO  impl.FollowerState (FollowerState.java:run(108)) - 04710d3b-08a7-4a70-b69f-f772706c6105@group-40390D33441A-FollowerState: change to CANDIDATE, lastRpcTime:64ms, electionTimeout:64ms
2019-10-23 12:23:19,522 [Thread-701] INFO  impl.RoleInfo (RoleInfo.java:shutdownFollowerState(121)) - 04710d3b-08a7-4a70-b69f-f772706c6105: shutdown FollowerState
2019-10-23 12:23:19,522 [Thread-701] INFO  impl.RaftServerImpl (RaftServerImpl.java:setRole(184)) - 04710d3b-08a7-4a70-b69f-f772706c6105@group-40390D33441A: changes role from  FOLLOWER to CANDIDATE at term 23 for changeToCandidate
2019-10-23 12:23:19,523 [Thread-701] INFO  impl.RoleInfo (RoleInfo.java:updateAndGet(143)) - 04710d3b-08a7-4a70-b69f-f772706c6105: start LeaderElection
2019-10-23 12:23:19,536 [04710d3b-08a7-4a70-b69f-f772706c6105@group-40390D33441A-LeaderElection28] INFO  impl.LeaderElection (LeaderElection.java:askForVotes(178)) - 04710d3b-08a7-4a70-b69f-f772706c6105@group-40390D33441A-LeaderElection28: begin an election at term 24 for 0: [9d2a2146-2c04-423d-8f96-3c121403b328:192.168.69.118:40792, 04710d3b-08a7-4a70-b69f-f772706c6105:192.168.69.118:40289, 43cb0e13-5597-452b-a8b1-af00d0a4a497:192.168.69.118:45201], old=null
2019-10-23 12:23:19,539 [grpc-default-executor-7] INFO  impl.RaftServerImpl (RaftServerImpl.java:setRole(184)) - 43cb0e13-5597-452b-a8b1-af00d0a4a497@group-40390D33441A: changes role from  FOLLOWER to FOLLOWER at term 24 for recognizeCandidate:04710d3b-08a7-4a70-b69f-f772706c6105
2019-10-23 12:23:19,539 [grpc-default-executor-3] INFO  impl.RaftServerImpl (RaftServerImpl.java:setRole(184)) - 9d2a2146-2c04-423d-8f96-3c121403b328@group-40390D33441A: changes role from  FOLLOWER to FOLLOWER at term 24 for recognizeCandidate:04710d3b-08a7-4a70-b69f-f772706c6105
2019-10-23 12:23:19,539 [grpc-default-executor-7] INFO  impl.RoleInfo (RoleInfo.java:shutdownFollowerState(121)) - 43cb0e13-5597-452b-a8b1-af00d0a4a497: shutdown FollowerState
2019-10-23 12:23:19,539 [grpc-default-executor-3] INFO  impl.RoleInfo (RoleInfo.java:shutdownFollowerState(121)) - 9d2a2146-2c04-423d-8f96-3c121403b328: shutdown FollowerState
2019-10-23 12:23:19,539 [Thread-700] INFO  impl.FollowerState (FollowerState.java:run(117)) - 43cb0e13-5597-452b-a8b1-af00d0a4a497@group-40390D33441A-FollowerState was interrupted: java.lang.InterruptedException: sleep interrupted
2019-10-23 12:23:19,539 [grpc-default-executor-7] INFO  impl.RoleInfo (RoleInfo.java:updateAndGet(143)) - 43cb0e13-5597-452b-a8b1-af00d0a4a497: start FollowerState
2019-10-23 12:23:19,539 [Thread-699] INFO  impl.FollowerState (FollowerState.java:run(117)) - 9d2a2146-2c04-423d-8f96-3c121403b328@group-40390D33441A-FollowerState was interrupted: java.lang.InterruptedException: sleep interrupted
2019-10-23 12:23:19,539 [grpc-default-executor-3] INFO  impl.RoleInfo (RoleInfo.java:updateAndGet(143)) - 9d2a2146-2c04-423d-8f96-3c121403b328: start FollowerState
2019-10-23 12:23:19,555 [04710d3b-08a7-4a70-b69f-f772706c6105@group-40390D33441A-LeaderElection28] INFO  impl.LeaderElection (LeaderElection.java:logAndReturn(56)) - 04710d3b-08a7-4a70-b69f-f772706c6105@group-40390D33441A-LeaderElection28: Election REJECTED; received 2 response(s) [04710d3b-08a7-4a70-b69f-f772706c6105<-9d2a2146-2c04-423d-8f96-3c121403b328#0:FAIL-t24, 04710d3b-08a7-4a70-b69f-f772706c6105<-43cb0e13-5597-452b-a8b1-af00d0a4a497#0:FAIL-t24] and 0 exception(s); 04710d3b-08a7-4a70-b69f-f772706c6105@group-40390D33441A:t24, leader=null, voted=04710d3b-08a7-4a70-b69f-f772706c6105, raftlog=04710d3b-08a7-4a70-b69f-f772706c6105@group-40390D33441A-SegmentedRaftLog:OPENED:c3,f4,i4, conf=0: [9d2a2146-2c04-423d-8f96-3c121403b328:192.168.69.118:40792, 04710d3b-08a7-4a70-b69f-f772706c6105:192.168.69.118:40289, 43cb0e13-5597-452b-a8b1-af00d0a4a497:192.168.69.118:45201], old=null
2019-10-23 12:23:19,555 [04710d3b-08a7-4a70-b69f-f772706c6105@group-40390D33441A-LeaderElection28] INFO  impl.RaftServerImpl (RaftServerImpl.java:setRole(184)) - 04710d3b-08a7-4a70-b69f-f772706c6105@group-40390D33441A: changes role from CANDIDATE to FOLLOWER at term 24 for DISCOVERED_A_NEW_TERM
2019-10-23 12:23:19,555 [04710d3b-08a7-4a70-b69f-f772706c6105@group-40390D33441A-LeaderElection28] INFO  impl.RoleInfo (RoleInfo.java:shutdownLeaderElection(134)) - 04710d3b-08a7-4a70-b69f-f772706c6105: shutdown LeaderElection
2019-10-23 12:23:19,555 [04710d3b-08a7-4a70-b69f-f772706c6105@group-40390D33441A-LeaderElection28] INFO  impl.RoleInfo (RoleInfo.java:updateAndGet(143)) - 04710d3b-08a7-4a70-b69f-f772706c6105: start FollowerState
2019-10-23 12:23:19,749 [Thread-707] INFO  impl.FollowerState (FollowerState.java:run(108)) - 04710d3b-08a7-4a70-b69f-f772706c6105@group-40390D33441A-FollowerState: change to CANDIDATE, lastRpcTime:194ms, electionTimeout:194ms
2019-10-23 12:23:19,751 [Thread-707] INFO  impl.RoleInfo (RoleInfo.java:shutdownFollowerState(121)) - 04710d3b-08a7-4a70-b69f-f772706c6105: shutdown FollowerState
2019-10-23 12:23:19,751 [Thread-707] INFO  impl.RaftServerImpl (RaftServerImpl.java:setRole(184)) - 04710d3b-08a7-4a70-b69f-f772706c6105@group-40390D33441A: changes role from  FOLLOWER to CANDIDATE at term 24 for changeToCandidate
2019-10-23 12:23:19,751 [Thread-707] INFO  impl.RoleInfo (RoleInfo.java:updateAndGet(143)) - 04710d3b-08a7-4a70-b69f-f772706c6105: start LeaderElection
2019-10-23 12:23:19,765 [04710d3b-08a7-4a70-b69f-f772706c6105@group-40390D33441A-LeaderElection29] INFO  impl.LeaderElection (LeaderElection.java:askForVotes(178)) - 04710d3b-08a7-4a70-b69f-f772706c6105@group-40390D33441A-LeaderElection29: begin an election at term 25 for 0: [9d2a2146-2c04-423d-8f96-3c121403b328:192.168.69.118:40792, 04710d3b-08a7-4a70-b69f-f772706c6105:192.168.69.118:40289, 43cb0e13-5597-452b-a8b1-af00d0a4a497:192.168.69.118:45201], old=null
2019-10-23 12:23:19,767 [grpc-default-executor-3] INFO  impl.RaftServerImpl (RaftServerImpl.java:setRole(184)) - 43cb0e13-5597-452b-a8b1-af00d0a4a497@group-40390D33441A: changes role from  FOLLOWER to FOLLOWER at term 25 for recognizeCandidate:04710d3b-08a7-4a70-b69f-f772706c6105
2019-10-23 12:23:19,767 [grpc-default-executor-7] INFO  impl.RaftServerImpl (RaftServerImpl.java:setRole(184)) - 9d2a2146-2c04-423d-8f96-3c121403b328@group-40390D33441A: changes role from  FOLLOWER to FOLLOWER at term 25 for recognizeCandidate:04710d3b-08a7-4a70-b69f-f772706c6105
2019-10-23 12:23:19,767 [grpc-default-executor-3] INFO  impl.RoleInfo (RoleInfo.java:shutdownFollowerState(121)) - 43cb0e13-5597-452b-a8b1-af00d0a4a497: shutdown FollowerState
2019-10-23 12:23:19,768 [grpc-default-executor-7] INFO  impl.RoleInfo (RoleInfo.java:shutdownFollowerState(121)) - 9d2a2146-2c04-423d-8f96-3c121403b328: shutdown FollowerState
2019-10-23 12:23:19,768 [Thread-705] INFO  impl.FollowerState (FollowerState.java:run(117)) - 43cb0e13-5597-452b-a8b1-af00d0a4a497@group-40390D33441A-FollowerState was interrupted: java.lang.InterruptedException: sleep interrupted
2019-10-23 12:23:19,768 [grpc-default-executor-3] INFO  impl.RoleInfo (RoleInfo.java:updateAndGet(143)) - 43cb0e13-5597-452b-a8b1-af00d0a4a497: start FollowerState
2019-10-23 12:23:19,768 [Thread-706] INFO  impl.FollowerState (FollowerState.java:run(117)) - 9d2a2146-2c04-423d-8f96-3c121403b328@group-40390D33441A-FollowerState was interrupted: java.lang.InterruptedException: sleep interrupted
2019-10-23 12:23:19,768 [grpc-default-executor-7] INFO  impl.RoleInfo (RoleInfo.java:updateAndGet(143)) - 9d2a2146-2c04-423d-8f96-3c121403b328: start FollowerState
2019-10-23 12:23:19,783 [04710d3b-08a7-4a70-b69f-f772706c6105@group-40390D33441A-LeaderElection29] INFO  impl.LeaderElection (LeaderElection.java:logAndReturn(56)) - 04710d3b-08a7-4a70-b69f-f772706c6105@group-40390D33441A-LeaderElection29: Election REJECTED; received 2 response(s) [04710d3b-08a7-4a70-b69f-f772706c6105<-9d2a2146-2c04-423d-8f96-3c121403b328#0:FAIL-t25, 04710d3b-08a7-4a70-b69f-f772706c6105<-43cb0e13-5597-452b-a8b1-af00d0a4a497#0:FAIL-t25] and 0 exception(s); 04710d3b-08a7-4a70-b69f-f772706c6105@group-40390D33441A:t25, leader=null, voted=04710d3b-08a7-4a70-b69f-f772706c6105, raftlog=04710d3b-08a7-4a70-b69f-f772706c6105@group-40390D33441A-SegmentedRaftLog:OPENED:c3,f4,i4, conf=0: [9d2a2146-2c04-423d-8f96-3c121403b328:192.168.69.118:40792, 04710d3b-08a7-4a70-b69f-f772706c6105:192.168.69.118:40289, 43cb0e13-5597-452b-a8b1-af00d0a4a497:192.168.69.118:45201], old=null
2019-10-23 12:23:19,783 [04710d3b-08a7-4a70-b69f-f772706c6105@group-40390D33441A-LeaderElection29] INFO  impl.RaftServerImpl (RaftServerImpl.java:setRole(184)) - 04710d3b-08a7-4a70-b69f-f772706c6105@group-40390D33441A: changes role from CANDIDATE to FOLLOWER at term 25 for DISCOVERED_A_NEW_TERM
2019-10-23 12:23:19,783 [04710d3b-08a7-4a70-b69f-f772706c6105@group-40390D33441A-LeaderElection29] INFO  impl.RoleInfo (RoleInfo.java:shutdownLeaderElection(134)) - 04710d3b-08a7-4a70-b69f-f772706c6105: shutdown LeaderElection
2019-10-23 12:23:19,784 [04710d3b-08a7-4a70-b69f-f772706c6105@group-40390D33441A-LeaderElection29] INFO  impl.RoleInfo (RoleInfo.java:updateAndGet(143)) - 04710d3b-08a7-4a70-b69f-f772706c6105: start FollowerState
2019-10-23 12:23:19,911 [Thread-713] INFO  impl.FollowerState (FollowerState.java:run(108)) - 04710d3b-08a7-4a70-b69f-f772706c6105@group-40390D33441A-FollowerState: change to CANDIDATE, lastRpcTime:127ms, electionTimeout:127ms
2019-10-23 12:23:19,913 [Thread-713] INFO  impl.RoleInfo (RoleInfo.java:shutdownFollowerState(121)) - 04710d3b-08a7-4a70-b69f-f772706c6105: shutdown FollowerState
2019-10-23 12:23:19,913 [Thread-713] INFO  impl.RaftServerImpl (RaftServerImpl.java:setRole(184)) - 04710d3b-08a7-4a70-b69f-f772706c6105@group-40390D33441A: changes role from  FOLLOWER to CANDIDATE at term 25 for changeToCandidate
2019-10-23 12:23:19,913 [Thread-713] INFO  impl.RoleInfo (RoleInfo.java:updateAndGet(143)) - 04710d3b-08a7-4a70-b69f-f772706c6105: start LeaderElection
2019-10-23 12:23:19,923 [BlockDeletingService#9] WARN  background.BlockDeletingService (BlockDeletingService.java:isDeletionAllowed(187)) - Close Container log Index 6 is not replicated across allthe servers in the pipeline c0e4f3a0-4d63-43fc-af6c-40390d33441a as the min replicated index is 4. Deletion is not allowed in this container yet.
2019-10-23 12:23:19,924 [BlockDeletingService#4] WARN  background.BlockDeletingService (BlockDeletingService.java:isDeletionAllowed(187)) - Close Container log Index 6 is not replicated across allthe servers in the pipeline c0e4f3a0-4d63-43fc-af6c-40390d33441a as the min replicated index is 4. Deletion is not allowed in this container yet.
2019-10-23 12:23:19,929 [04710d3b-08a7-4a70-b69f-f772706c6105@group-40390D33441A-LeaderElection30] INFO  impl.LeaderElection (LeaderElection.java:askForVotes(178)) - 04710d3b-08a7-4a70-b69f-f772706c6105@group-40390D33441A-LeaderElection30: begin an election at term 26 for 0: [9d2a2146-2c04-423d-8f96-3c121403b328:192.168.69.118:40792, 04710d3b-08a7-4a70-b69f-f772706c6105:192.168.69.118:40289, 43cb0e13-5597-452b-a8b1-af00d0a4a497:192.168.69.118:45201], old=null
2019-10-23 12:23:19,941 [grpc-default-executor-3] INFO  impl.RaftServerImpl (RaftServerImpl.java:setRole(184)) - 43cb0e13-5597-452b-a8b1-af00d0a4a497@group-40390D33441A: changes role from  FOLLOWER to FOLLOWER at term 26 for recognizeCandidate:04710d3b-08a7-4a70-b69f-f772706c6105
2019-10-23 12:23:19,941 [grpc-default-executor-7] INFO  impl.RaftServerImpl (RaftServerImpl.java:setRole(184)) - 9d2a2146-2c04-423d-8f96-3c121403b328@group-40390D33441A: changes role from  FOLLOWER to FOLLOWER at term 26 for recognizeCandidate:04710d3b-08a7-4a70-b69f-f772706c6105
2019-10-23 12:23:19,942 [grpc-default-executor-3] INFO  impl.RoleInfo (RoleInfo.java:shutdownFollowerState(121)) - 43cb0e13-5597-452b-a8b1-af00d0a4a497: shutdown FollowerState
2019-10-23 12:23:19,942 [grpc-default-executor-7] INFO  impl.RoleInfo (RoleInfo.java:shutdownFollowerState(121)) - 9d2a2146-2c04-423d-8f96-3c121403b328: shutdown FollowerState
2019-10-23 12:23:19,942 [grpc-default-executor-3] INFO  impl.RoleInfo (RoleInfo.java:updateAndGet(143)) - 43cb0e13-5597-452b-a8b1-af00d0a4a497: start FollowerState
2019-10-23 12:23:19,942 [grpc-default-executor-7] INFO  impl.RoleInfo (RoleInfo.java:updateAndGet(143)) - 9d2a2146-2c04-423d-8f96-3c121403b328: start FollowerState
2019-10-23 12:23:19,942 [Thread-712] INFO  impl.FollowerState (FollowerState.java:run(117)) - 9d2a2146-2c04-423d-8f96-3c121403b328@group-40390D33441A-FollowerState was interrupted: java.lang.InterruptedException: sleep interrupted
2019-10-23 12:23:19,942 [Thread-711] INFO  impl.FollowerState (FollowerState.java:run(117)) - 43cb0e13-5597-452b-a8b1-af00d0a4a497@group-40390D33441A-FollowerState was interrupted: java.lang.InterruptedException: sleep interrupted
2019-10-23 12:23:19,944 [Thread-722] INFO  client.GrpcClientProtocolService (GrpcClientProtocolService.java:lambda$processClientRequest$0(278)) - Failed RaftClientRequest:client-F877F7AB4D5B->04710d3b-08a7-4a70-b69f-f772706c6105@group-40390D33441A, cid=10, seq=0, Watch-ALL_COMMITTED(6), Message:<EMPTY>, reply=RaftClientReply:client-F877F7AB4D5B->04710d3b-08a7-4a70-b69f-f772706c6105@group-40390D33441A, cid=10, FAILED org.apache.ratis.protocol.NotLeaderException: Server 04710d3b-08a7-4a70-b69f-f772706c6105@group-40390D33441A is not the leader, logIndex=0, commits[04710d3b-08a7-4a70-b69f-f772706c6105:c3]
2019-10-23 12:23:19,957 [04710d3b-08a7-4a70-b69f-f772706c6105@group-40390D33441A-LeaderElection30] INFO  impl.LeaderElection (LeaderElection.java:logAndReturn(56)) - 04710d3b-08a7-4a70-b69f-f772706c6105@group-40390D33441A-LeaderElection30: Election REJECTED; received 2 response(s) [04710d3b-08a7-4a70-b69f-f772706c6105<-9d2a2146-2c04-423d-8f96-3c121403b328#0:FAIL-t26, 04710d3b-08a7-4a70-b69f-f772706c6105<-43cb0e13-5597-452b-a8b1-af00d0a4a497#0:FAIL-t26] and 0 exception(s); 04710d3b-08a7-4a70-b69f-f772706c6105@group-40390D33441A:t26, leader=null, voted=04710d3b-08a7-4a70-b69f-f772706c6105, raftlog=04710d3b-08a7-4a70-b69f-f772706c6105@group-40390D33441A-SegmentedRaftLog:OPENED:c3,f4,i4, conf=0: [9d2a2146-2c04-423d-8f96-3c121403b328:192.168.69.118:40792, 04710d3b-08a7-4a70-b69f-f772706c6105:192.168.69.118:40289, 43cb0e13-5597-452b-a8b1-af00d0a4a497:192.168.69.118:45201], old=null
2019-10-23 12:23:19,957 [04710d3b-08a7-4a70-b69f-f772706c6105@group-40390D33441A-LeaderElection30] INFO  impl.RaftServerImpl (RaftServerImpl.java:setRole(184)) - 04710d3b-08a7-4a70-b69f-f772706c6105@group-40390D33441A: changes role from CANDIDATE to FOLLOWER at term 26 for DISCOVERED_A_NEW_TERM
2019-10-23 12:23:19,957 [04710d3b-08a7-4a70-b69f-f772706c6105@group-40390D33441A-LeaderElection30] INFO  impl.RoleInfo (RoleInfo.java:shutdownLeaderElection(134)) - 04710d3b-08a7-4a70-b69f-f772706c6105: shutdown LeaderElection
2019-10-23 12:23:19,958 [04710d3b-08a7-4a70-b69f-f772706c6105@group-40390D33441A-LeaderElection30] INFO  impl.RoleInfo (RoleInfo.java:updateAndGet(143)) - 04710d3b-08a7-4a70-b69f-f772706c6105: start FollowerState
2019-10-23 12:23:19,993 [Thread-724] INFO  impl.FollowerState (FollowerState.java:run(108)) - 04710d3b-08a7-4a70-b69f-f772706c6105@group-40390D33441A-FollowerState: change to CANDIDATE, lastRpcTime:35ms, electionTimeout:35ms
2019-10-23 12:23:19,994 [Thread-724] INFO  impl.RoleInfo (RoleInfo.java:shutdownFollowerState(121)) - 04710d3b-08a7-4a70-b69f-f772706c6105: shutdown FollowerState
2019-10-23 12:23:19,994 [Thread-724] INFO  impl.RaftServerImpl (RaftServerImpl.java:setRole(184)) - 04710d3b-08a7-4a70-b69f-f772706c6105@group-40390D33441A: changes role from  FOLLOWER to CANDIDATE at term 26 for changeToCandidate
2019-10-23 12:23:19,995 [Thread-724] INFO  impl.RoleInfo (RoleInfo.java:updateAndGet(143)) - 04710d3b-08a7-4a70-b69f-f772706c6105: start LeaderElection
2019-10-23 12:23:20,008 [04710d3b-08a7-4a70-b69f-f772706c6105@group-40390D33441A-LeaderElection31] INFO  impl.LeaderElection (LeaderElection.java:askForVotes(178)) - 04710d3b-08a7-4a70-b69f-f772706c6105@group-40390D33441A-LeaderElection31: begin an election at term 27 for 0: [9d2a2146-2c04-423d-8f96-3c121403b328:192.168.69.118:40792, 04710d3b-08a7-4a70-b69f-f772706c6105:192.168.69.118:40289, 43cb0e13-5597-452b-a8b1-af00d0a4a497:192.168.69.118:45201], old=null
2019-10-23 12:23:20,011 [grpc-default-executor-3] INFO  impl.RaftServerImpl (RaftServerImpl.java:setRole(184)) - 9d2a2146-2c04-423d-8f96-3c121403b328@group-40390D33441A: changes role from  FOLLOWER to FOLLOWER at term 27 for recognizeCandidate:04710d3b-08a7-4a70-b69f-f772706c6105
2019-10-23 12:23:20,011 [grpc-default-executor-7] INFO  impl.RaftServerImpl (RaftServerImpl.java:setRole(184)) - 43cb0e13-5597-452b-a8b1-af00d0a4a497@group-40390D33441A: changes role from  FOLLOWER to FOLLOWER at term 27 for recognizeCandidate:04710d3b-08a7-4a70-b69f-f772706c6105
2019-10-23 12:23:20,011 [grpc-default-executor-3] INFO  impl.RoleInfo (RoleInfo.java:shutdownFollowerState(121)) - 9d2a2146-2c04-423d-8f96-3c121403b328: shutdown FollowerState
2019-10-23 12:23:20,011 [grpc-default-executor-7] INFO  impl.RoleInfo (RoleInfo.java:shutdownFollowerState(121)) - 43cb0e13-5597-452b-a8b1-af00d0a4a497: shutdown FollowerState
2019-10-23 12:23:20,011 [grpc-default-executor-3] INFO  impl.RoleInfo (RoleInfo.java:updateAndGet(143)) - 9d2a2146-2c04-423d-8f96-3c121403b328: start FollowerState
2019-10-23 12:23:20,011 [Thread-721] INFO  impl.FollowerState (FollowerState.java:run(117)) - 9d2a2146-2c04-423d-8f96-3c121403b328@group-40390D33441A-FollowerState was interrupted: java.lang.InterruptedException: sleep interrupted
2019-10-23 12:23:20,011 [grpc-default-executor-7] INFO  impl.RoleInfo (RoleInfo.java:updateAndGet(143)) - 43cb0e13-5597-452b-a8b1-af00d0a4a497: start FollowerState
2019-10-23 12:23:20,011 [Thread-720] INFO  impl.FollowerState (FollowerState.java:run(117)) - 43cb0e13-5597-452b-a8b1-af00d0a4a497@group-40390D33441A-FollowerState was interrupted: java.lang.InterruptedException: sleep interrupted
2019-10-23 12:23:20,026 [04710d3b-08a7-4a70-b69f-f772706c6105@group-40390D33441A-LeaderElection31] INFO  impl.LeaderElection (LeaderElection.java:logAndReturn(56)) - 04710d3b-08a7-4a70-b69f-f772706c6105@group-40390D33441A-LeaderElection31: Election REJECTED; received 2 response(s) [04710d3b-08a7-4a70-b69f-f772706c6105<-9d2a2146-2c04-423d-8f96-3c121403b328#0:FAIL-t27, 04710d3b-08a7-4a70-b69f-f772706c6105<-43cb0e13-5597-452b-a8b1-af00d0a4a497#0:FAIL-t27] and 0 exception(s); 04710d3b-08a7-4a70-b69f-f772706c6105@group-40390D33441A:t27, leader=null, voted=04710d3b-08a7-4a70-b69f-f772706c6105, raftlog=04710d3b-08a7-4a70-b69f-f772706c6105@group-40390D33441A-SegmentedRaftLog:OPENED:c3,f4,i4, conf=0: [9d2a2146-2c04-423d-8f96-3c121403b328:192.168.69.118:40792, 04710d3b-08a7-4a70-b69f-f772706c6105:192.168.69.118:40289, 43cb0e13-5597-452b-a8b1-af00d0a4a497:192.168.69.118:45201], old=null
2019-10-23 12:23:20,026 [04710d3b-08a7-4a70-b69f-f772706c6105@group-40390D33441A-LeaderElection31] INFO  impl.RaftServerImpl (RaftServerImpl.java:setRole(184)) - 04710d3b-08a7-4a70-b69f-f772706c6105@group-40390D33441A: changes role from CANDIDATE to FOLLOWER at term 27 for DISCOVERED_A_NEW_TERM
2019-10-23 12:23:20,026 [04710d3b-08a7-4a70-b69f-f772706c6105@group-40390D33441A-LeaderElection31] INFO  impl.RoleInfo (RoleInfo.java:shutdownLeaderElection(134)) - 04710d3b-08a7-4a70-b69f-f772706c6105: shutdown LeaderElection
2019-10-23 12:23:20,026 [04710d3b-08a7-4a70-b69f-f772706c6105@group-40390D33441A-LeaderElection31] INFO  impl.RoleInfo (RoleInfo.java:updateAndGet(143)) - 04710d3b-08a7-4a70-b69f-f772706c6105: start FollowerState
2019-10-23 12:23:20,040 [Thread-730] INFO  impl.FollowerState (FollowerState.java:run(108)) - 04710d3b-08a7-4a70-b69f-f772706c6105@group-40390D33441A-FollowerState: change to CANDIDATE, lastRpcTime:13ms, electionTimeout:13ms
2019-10-23 12:23:20,041 [Thread-730] INFO  impl.RoleInfo (RoleInfo.java:shutdownFollowerState(121)) - 04710d3b-08a7-4a70-b69f-f772706c6105: shutdown FollowerState
2019-10-23 12:23:20,041 [Thread-730] INFO  impl.RaftServerImpl (RaftServerImpl.java:setRole(184)) - 04710d3b-08a7-4a70-b69f-f772706c6105@group-40390D33441A: changes role from  FOLLOWER to CANDIDATE at term 27 for changeToCandidate
2019-10-23 12:23:20,041 [Thread-730] INFO  impl.RoleInfo (RoleInfo.java:updateAndGet(143)) - 04710d3b-08a7-4a70-b69f-f772706c6105: start LeaderElection
2019-10-23 12:23:20,054 [04710d3b-08a7-4a70-b69f-f772706c6105@group-40390D33441A-LeaderElection32] INFO  impl.LeaderElection (LeaderElection.java:askForVotes(178)) - 04710d3b-08a7-4a70-b69f-f772706c6105@group-40390D33441A-LeaderElection32: begin an election at term 28 for 0: [9d2a2146-2c04-423d-8f96-3c121403b328:192.168.69.118:40792, 04710d3b-08a7-4a70-b69f-f772706c6105:192.168.69.118:40289, 43cb0e13-5597-452b-a8b1-af00d0a4a497:192.168.69.118:45201], old=null
2019-10-23 12:23:20,056 [grpc-default-executor-3] INFO  impl.RaftServerImpl (RaftServerImpl.java:setRole(184)) - 9d2a2146-2c04-423d-8f96-3c121403b328@group-40390D33441A: changes role from  FOLLOWER to FOLLOWER at term 28 for recognizeCandidate:04710d3b-08a7-4a70-b69f-f772706c6105
2019-10-23 12:23:20,056 [grpc-default-executor-3] INFO  impl.RoleInfo (RoleInfo.java:shutdownFollowerState(121)) - 9d2a2146-2c04-423d-8f96-3c121403b328: shutdown FollowerState
2019-10-23 12:23:20,056 [grpc-default-executor-7] INFO  impl.RaftServerImpl (RaftServerImpl.java:setRole(184)) - 43cb0e13-5597-452b-a8b1-af00d0a4a497@group-40390D33441A: changes role from  FOLLOWER to FOLLOWER at term 28 for recognizeCandidate:04710d3b-08a7-4a70-b69f-f772706c6105
2019-10-23 12:23:20,057 [grpc-default-executor-3] INFO  impl.RoleInfo (RoleInfo.java:updateAndGet(143)) - 9d2a2146-2c04-423d-8f96-3c121403b328: start FollowerState
2019-10-23 12:23:20,057 [Thread-728] INFO  impl.FollowerState (FollowerState.java:run(117)) - 9d2a2146-2c04-423d-8f96-3c121403b328@group-40390D33441A-FollowerState was interrupted: java.lang.InterruptedException: sleep interrupted
2019-10-23 12:23:20,057 [grpc-default-executor-7] INFO  impl.RoleInfo (RoleInfo.java:shutdownFollowerState(121)) - 43cb0e13-5597-452b-a8b1-af00d0a4a497: shutdown FollowerState
2019-10-23 12:23:20,057 [Thread-729] INFO  impl.FollowerState (FollowerState.java:run(117)) - 43cb0e13-5597-452b-a8b1-af00d0a4a497@group-40390D33441A-FollowerState was interrupted: java.lang.InterruptedException: sleep interrupted
2019-10-23 12:23:20,057 [grpc-default-executor-7] INFO  impl.RoleInfo (RoleInfo.java:updateAndGet(143)) - 43cb0e13-5597-452b-a8b1-af00d0a4a497: start FollowerState
2019-10-23 12:23:20,071 [04710d3b-08a7-4a70-b69f-f772706c6105@group-40390D33441A-LeaderElection32] INFO  impl.LeaderElection (LeaderElection.java:logAndReturn(56)) - 04710d3b-08a7-4a70-b69f-f772706c6105@group-40390D33441A-LeaderElection32: Election REJECTED; received 2 response(s) [04710d3b-08a7-4a70-b69f-f772706c6105<-9d2a2146-2c04-423d-8f96-3c121403b328#0:FAIL-t28, 04710d3b-08a7-4a70-b69f-f772706c6105<-43cb0e13-5597-452b-a8b1-af00d0a4a497#0:FAIL-t28] and 0 exception(s); 04710d3b-08a7-4a70-b69f-f772706c6105@group-40390D33441A:t28, leader=null, voted=04710d3b-08a7-4a70-b69f-f772706c6105, raftlog=04710d3b-08a7-4a70-b69f-f772706c6105@group-40390D33441A-SegmentedRaftLog:OPENED:c3,f4,i4, conf=0: [9d2a2146-2c04-423d-8f96-3c121403b328:192.168.69.118:40792, 04710d3b-08a7-4a70-b69f-f772706c6105:192.168.69.118:40289, 43cb0e13-5597-452b-a8b1-af00d0a4a497:192.168.69.118:45201], old=null
2019-10-23 12:23:20,072 [04710d3b-08a7-4a70-b69f-f772706c6105@group-40390D33441A-LeaderElection32] INFO  impl.RaftServerImpl (RaftServerImpl.java:setRole(184)) - 04710d3b-08a7-4a70-b69f-f772706c6105@group-40390D33441A: changes role from CANDIDATE to FOLLOWER at term 28 for DISCOVERED_A_NEW_TERM
2019-10-23 12:23:20,072 [04710d3b-08a7-4a70-b69f-f772706c6105@group-40390D33441A-LeaderElection32] INFO  impl.RoleInfo (RoleInfo.java:shutdownLeaderElection(134)) - 04710d3b-08a7-4a70-b69f-f772706c6105: shutdown LeaderElection
2019-10-23 12:23:20,072 [04710d3b-08a7-4a70-b69f-f772706c6105@group-40390D33441A-LeaderElection32] INFO  impl.RoleInfo (RoleInfo.java:updateAndGet(143)) - 04710d3b-08a7-4a70-b69f-f772706c6105: start FollowerState
2019-10-23 12:23:20,227 [Thread-736] INFO  impl.FollowerState (FollowerState.java:run(108)) - 04710d3b-08a7-4a70-b69f-f772706c6105@group-40390D33441A-FollowerState: change to CANDIDATE, lastRpcTime:155ms, electionTimeout:155ms
2019-10-23 12:23:20,229 [Thread-736] INFO  impl.RoleInfo (RoleInfo.java:shutdownFollowerState(121)) - 04710d3b-08a7-4a70-b69f-f772706c6105: shutdown FollowerState
2019-10-23 12:23:20,229 [Thread-736] INFO  impl.RaftServerImpl (RaftServerImpl.java:setRole(184)) - 04710d3b-08a7-4a70-b69f-f772706c6105@group-40390D33441A: changes role from  FOLLOWER to CANDIDATE at term 28 for changeToCandidate
2019-10-23 12:23:20,229 [Thread-736] INFO  impl.RoleInfo (RoleInfo.java:updateAndGet(143)) - 04710d3b-08a7-4a70-b69f-f772706c6105: start LeaderElection
2019-10-23 12:23:20,243 [04710d3b-08a7-4a70-b69f-f772706c6105@group-40390D33441A-LeaderElection33] INFO  impl.LeaderElection (LeaderElection.java:askForVotes(178)) - 04710d3b-08a7-4a70-b69f-f772706c6105@group-40390D33441A-LeaderElection33: begin an election at term 29 for 0: [9d2a2146-2c04-423d-8f96-3c121403b328:192.168.69.118:40792, 04710d3b-08a7-4a70-b69f-f772706c6105:192.168.69.118:40289, 43cb0e13-5597-452b-a8b1-af00d0a4a497:192.168.69.118:45201], old=null
2019-10-23 12:23:20,247 [grpc-default-executor-7] INFO  impl.RaftServerImpl (RaftServerImpl.java:setRole(184)) - 43cb0e13-5597-452b-a8b1-af00d0a4a497@group-40390D33441A: changes role from  FOLLOWER to FOLLOWER at term 29 for recognizeCandidate:04710d3b-08a7-4a70-b69f-f772706c6105
2019-10-23 12:23:20,247 [grpc-default-executor-3] INFO  impl.RaftServerImpl (RaftServerImpl.java:setRole(184)) - 9d2a2146-2c04-423d-8f96-3c121403b328@group-40390D33441A: changes role from  FOLLOWER to FOLLOWER at term 29 for recognizeCandidate:04710d3b-08a7-4a70-b69f-f772706c6105
2019-10-23 12:23:20,247 [grpc-default-executor-7] INFO  impl.RoleInfo (RoleInfo.java:shutdownFollowerState(121)) - 43cb0e13-5597-452b-a8b1-af00d0a4a497: shutdown FollowerState
2019-10-23 12:23:20,247 [grpc-default-executor-3] INFO  impl.RoleInfo (RoleInfo.java:shutdownFollowerState(121)) - 9d2a2146-2c04-423d-8f96-3c121403b328: shutdown FollowerState
2019-10-23 12:23:20,247 [grpc-default-executor-7] INFO  impl.RoleInfo (RoleInfo.java:updateAndGet(143)) - 43cb0e13-5597-452b-a8b1-af00d0a4a497: start FollowerState
2019-10-23 12:23:20,247 [Thread-735] INFO  impl.FollowerState (FollowerState.java:run(117)) - 43cb0e13-5597-452b-a8b1-af00d0a4a497@group-40390D33441A-FollowerState was interrupted: java.lang.InterruptedException: sleep interrupted
2019-10-23 12:23:20,248 [grpc-default-executor-3] INFO  impl.RoleInfo (RoleInfo.java:updateAndGet(143)) - 9d2a2146-2c04-423d-8f96-3c121403b328: start FollowerState
2019-10-23 12:23:20,248 [Thread-734] INFO  impl.FollowerState (FollowerState.java:run(117)) - 9d2a2146-2c04-423d-8f96-3c121403b328@group-40390D33441A-FollowerState was interrupted: java.lang.InterruptedException: sleep interrupted
2019-10-23 12:23:20,263 [04710d3b-08a7-4a70-b69f-f772706c6105@group-40390D33441A-LeaderElection33] INFO  impl.LeaderElection (LeaderElection.java:logAndReturn(56)) - 04710d3b-08a7-4a70-b69f-f772706c6105@group-40390D33441A-LeaderElection33: Election REJECTED; received 2 response(s) [04710d3b-08a7-4a70-b69f-f772706c6105<-9d2a2146-2c04-423d-8f96-3c121403b328#0:FAIL-t29, 04710d3b-08a7-4a70-b69f-f772706c6105<-43cb0e13-5597-452b-a8b1-af00d0a4a497#0:FAIL-t29] and 0 exception(s); 04710d3b-08a7-4a70-b69f-f772706c6105@group-40390D33441A:t29, leader=null, voted=04710d3b-08a7-4a70-b69f-f772706c6105, raftlog=04710d3b-08a7-4a70-b69f-f772706c6105@group-40390D33441A-SegmentedRaftLog:OPENED:c3,f4,i4, conf=0: [9d2a2146-2c04-423d-8f96-3c121403b328:192.168.69.118:40792, 04710d3b-08a7-4a70-b69f-f772706c6105:192.168.69.118:40289, 43cb0e13-5597-452b-a8b1-af00d0a4a497:192.168.69.118:45201], old=null
2019-10-23 12:23:20,263 [04710d3b-08a7-4a70-b69f-f772706c6105@group-40390D33441A-LeaderElection33] INFO  impl.RaftServerImpl (RaftServerImpl.java:setRole(184)) - 04710d3b-08a7-4a70-b69f-f772706c6105@group-40390D33441A: changes role from CANDIDATE to FOLLOWER at term 29 for DISCOVERED_A_NEW_TERM
2019-10-23 12:23:20,263 [04710d3b-08a7-4a70-b69f-f772706c6105@group-40390D33441A-LeaderElection33] INFO  impl.RoleInfo (RoleInfo.java:shutdownLeaderElection(134)) - 04710d3b-08a7-4a70-b69f-f772706c6105: shutdown LeaderElection
2019-10-23 12:23:20,263 [04710d3b-08a7-4a70-b69f-f772706c6105@group-40390D33441A-LeaderElection33] INFO  impl.RoleInfo (RoleInfo.java:updateAndGet(143)) - 04710d3b-08a7-4a70-b69f-f772706c6105: start FollowerState
2019-10-23 12:23:20,402 [EventQueue-PendingDeleteStatusForPendingDeleteHandler] INFO  block.SCMBlockDeletingService (SCMBlockDeletingService.java:handlePendingDeletes(115)) - Block deletion txnID mismatch in datanode 04710d3b-08a7-4a70-b69f-f772706c6105 for containerID 1. Datanode delete txnID: 0, SCM txnID: 1
2019-10-23 12:23:20,451 [Thread-742] INFO  impl.FollowerState (FollowerState.java:run(108)) - 04710d3b-08a7-4a70-b69f-f772706c6105@group-40390D33441A-FollowerState: change to CANDIDATE, lastRpcTime:188ms, electionTimeout:188ms
2019-10-23 12:23:20,452 [Thread-742] INFO  impl.RoleInfo (RoleInfo.java:shutdownFollowerState(121)) - 04710d3b-08a7-4a70-b69f-f772706c6105: shutdown FollowerState
2019-10-23 12:23:20,452 [Thread-742] INFO  impl.RaftServerImpl (RaftServerImpl.java:setRole(184)) - 04710d3b-08a7-4a70-b69f-f772706c6105@group-40390D33441A: changes role from  FOLLOWER to CANDIDATE at term 29 for changeToCandidate
2019-10-23 12:23:20,452 [Thread-742] INFO  impl.RoleInfo (RoleInfo.java:updateAndGet(143)) - 04710d3b-08a7-4a70-b69f-f772706c6105: start LeaderElection
2019-10-23 12:23:20,466 [04710d3b-08a7-4a70-b69f-f772706c6105@group-40390D33441A-LeaderElection34] INFO  impl.LeaderElection (LeaderElection.java:askForVotes(178)) - 04710d3b-08a7-4a70-b69f-f772706c6105@group-40390D33441A-LeaderElection34: begin an election at term 30 for 0: [9d2a2146-2c04-423d-8f96-3c121403b328:192.168.69.118:40792, 04710d3b-08a7-4a70-b69f-f772706c6105:192.168.69.118:40289, 43cb0e13-5597-452b-a8b1-af00d0a4a497:192.168.69.118:45201], old=null
2019-10-23 12:23:20,469 [grpc-default-executor-3] INFO  impl.RaftServerImpl (RaftServerImpl.java:setRole(184)) - 9d2a2146-2c04-423d-8f96-3c121403b328@group-40390D33441A: changes role from  FOLLOWER to FOLLOWER at term 30 for recognizeCandidate:04710d3b-08a7-4a70-b69f-f772706c6105
2019-10-23 12:23:20,469 [grpc-default-executor-3] INFO  impl.RoleInfo (RoleInfo.java:shutdownFollowerState(121)) - 9d2a2146-2c04-423d-8f96-3c121403b328: shutdown FollowerState
2019-10-23 12:23:20,469 [grpc-default-executor-7] INFO  impl.RaftServerImpl (RaftServerImpl.java:setRole(184)) - 43cb0e13-5597-452b-a8b1-af00d0a4a497@group-40390D33441A: changes role from  FOLLOWER to FOLLOWER at term 30 for recognizeCandidate:04710d3b-08a7-4a70-b69f-f772706c6105
2019-10-23 12:23:20,469 [Thread-741] INFO  impl.FollowerState (FollowerState.java:run(117)) - 9d2a2146-2c04-423d-8f96-3c121403b328@group-40390D33441A-FollowerState was interrupted: java.lang.InterruptedException: sleep interrupted
2019-10-23 12:23:20,469 [grpc-default-executor-3] INFO  impl.RoleInfo (RoleInfo.java:updateAndGet(143)) - 9d2a2146-2c04-423d-8f96-3c121403b328: start FollowerState
2019-10-23 12:23:20,469 [grpc-default-executor-7] INFO  impl.RoleInfo (RoleInfo.java:shutdownFollowerState(121)) - 43cb0e13-5597-452b-a8b1-af00d0a4a497: shutdown FollowerState
2019-10-23 12:23:20,470 [Thread-740] INFO  impl.FollowerState (FollowerState.java:run(117)) - 43cb0e13-5597-452b-a8b1-af00d0a4a497@group-40390D33441A-FollowerState was interrupted: java.lang.InterruptedException: sleep interrupted
2019-10-23 12:23:20,470 [grpc-default-executor-7] INFO  impl.RoleInfo (RoleInfo.java:updateAndGet(143)) - 43cb0e13-5597-452b-a8b1-af00d0a4a497: start FollowerState
2019-10-23 12:23:20,488 [pool-7-thread-2] INFO  commands.RetriableDatanodeEventWatcher (RetriableDatanodeEventWatcher.java:onTimeout(47)) - RetriableDatanodeCommand type=deleteBlocksCommand with id=1571833393486 timed out. Retrying.
2019-10-23 12:23:20,488 [pool-7-thread-3] INFO  commands.RetriableDatanodeEventWatcher (RetriableDatanodeEventWatcher.java:onTimeout(47)) - RetriableDatanodeCommand type=deleteBlocksCommand with id=1571833393480 timed out. Retrying.
2019-10-23 12:23:20,488 [SCMBlockDeletingService#0] INFO  block.SCMBlockDeletingService (SCMBlockDeletingService.java:call(184)) - Totally added 1 delete blocks command for 1 datanodes, task elapsed time: 1ms
2019-10-23 12:23:20,488 [pool-7-thread-5] INFO  commands.RetriableDatanodeEventWatcher (RetriableDatanodeEventWatcher.java:onTimeout(47)) - RetriableDatanodeCommand type=deleteBlocksCommand with id=1571833393482 timed out. Retrying.
2019-10-23 12:23:20,489 [pool-7-thread-4] INFO  commands.RetriableDatanodeEventWatcher (RetriableDatanodeEventWatcher.java:onTimeout(47)) - RetriableDatanodeCommand type=deleteBlocksCommand with id=1571833393484 timed out. Retrying.
2019-10-23 12:23:20,489 [pool-7-thread-6] INFO  commands.RetriableDatanodeEventWatcher (RetriableDatanodeEventWatcher.java:onTimeout(47)) - RetriableDatanodeCommand type=deleteBlocksCommand with id=1571833393487 timed out. Retrying.
2019-10-23 12:23:20,489 [pool-7-thread-1] INFO  commands.RetriableDatanodeEventWatcher (RetriableDatanodeEventWatcher.java:onTimeout(47)) - RetriableDatanodeCommand type=deleteBlocksCommand with id=1571833393485 timed out. Retrying.
2019-10-23 12:23:20,489 [pool-7-thread-7] INFO  commands.RetriableDatanodeEventWatcher (RetriableDatanodeEventWatcher.java:onTimeout(47)) - RetriableDatanodeCommand type=deleteBlocksCommand with id=1571833393488 timed out. Retrying.
2019-10-23 12:23:20,496 [04710d3b-08a7-4a70-b69f-f772706c6105@group-40390D33441A-LeaderElection34] INFO  impl.LeaderElection (LeaderElection.java:logAndReturn(56)) - 04710d3b-08a7-4a70-b69f-f772706c6105@group-40390D33441A-LeaderElection34: Election REJECTED; received 2 response(s) [04710d3b-08a7-4a70-b69f-f772706c6105<-9d2a2146-2c04-423d-8f96-3c121403b328#0:FAIL-t30, 04710d3b-08a7-4a70-b69f-f772706c6105<-43cb0e13-5597-452b-a8b1-af00d0a4a497#0:FAIL-t30] and 0 exception(s); 04710d3b-08a7-4a70-b69f-f772706c6105@group-40390D33441A:t30, leader=null, voted=04710d3b-08a7-4a70-b69f-f772706c6105, raftlog=04710d3b-08a7-4a70-b69f-f772706c6105@group-40390D33441A-SegmentedRaftLog:OPENED:c3,f4,i4, conf=0: [9d2a2146-2c04-423d-8f96-3c121403b328:192.168.69.118:40792, 04710d3b-08a7-4a70-b69f-f772706c6105:192.168.69.118:40289, 43cb0e13-5597-452b-a8b1-af00d0a4a497:192.168.69.118:45201], old=null
2019-10-23 12:23:20,497 [04710d3b-08a7-4a70-b69f-f772706c6105@group-40390D33441A-LeaderElection34] INFO  impl.RaftServerImpl (RaftServerImpl.java:setRole(184)) - 04710d3b-08a7-4a70-b69f-f772706c6105@group-40390D33441A: changes role from CANDIDATE to FOLLOWER at term 30 for DISCOVERED_A_NEW_TERM
2019-10-23 12:23:20,497 [04710d3b-08a7-4a70-b69f-f772706c6105@group-40390D33441A-LeaderElection34] INFO  impl.RoleInfo (RoleInfo.java:shutdownLeaderElection(134)) - 04710d3b-08a7-4a70-b69f-f772706c6105: shutdown LeaderElection
2019-10-23 12:23:20,497 [04710d3b-08a7-4a70-b69f-f772706c6105@group-40390D33441A-LeaderElection34] INFO  impl.RoleInfo (RoleInfo.java:updateAndGet(143)) - 04710d3b-08a7-4a70-b69f-f772706c6105: start FollowerState
2019-10-23 12:23:20,499 [grpc-default-executor-3] INFO  impl.RaftServerProxy (RaftServerProxy.java:addNew(89)) - 04710d3b-08a7-4a70-b69f-f772706c6105: addNew group-BDBF60B2ED1C:[04710d3b-08a7-4a70-b69f-f772706c6105:192.168.69.118:40289] returns group-BDBF60B2ED1C:java.util.concurrent.CompletableFuture@112b88c[Not completed]
2019-10-23 12:23:20,502 [pool-59-thread-1] INFO  impl.RaftServerImpl (RaftServerImpl.java:<init>(104)) - 04710d3b-08a7-4a70-b69f-f772706c6105: new RaftServerImpl for group-BDBF60B2ED1C:[04710d3b-08a7-4a70-b69f-f772706c6105:192.168.69.118:40289] with ContainerStateMachine:uninitialized
2019-10-23 12:23:20,503 [pool-59-thread-1] INFO  server.RaftServerConfigKeys (ConfUtils.java:logGet(43)) - raft.server.rpc.timeout.min = 5s (custom)
2019-10-23 12:23:20,503 [pool-59-thread-1] INFO  server.RaftServerConfigKeys (ConfUtils.java:logGet(43)) - raft.server.rpc.timeout.max = 5200ms (custom)
2019-10-23 12:23:20,503 [pool-59-thread-1] INFO  server.RaftServerConfigKeys (ConfUtils.java:logGet(43)) - raft.server.rpcslowness.timeout = 1000s (custom)
2019-10-23 12:23:20,504 [pool-59-thread-1] INFO  server.RaftServerConfigKeys (ConfUtils.java:logGet(43)) - raft.server.sleep.deviation.threshold = 300 (default)
2019-10-23 12:23:20,504 [pool-59-thread-1] INFO  server.RaftServerConfigKeys (ConfUtils.java:logGet(43)) - raft.server.log.appender.install.snapshot.enabled = false (custom)
2019-10-23 12:23:20,504 [pool-59-thread-1] INFO  impl.RaftServerImpl (ServerState.java:<init>(103)) - 04710d3b-08a7-4a70-b69f-f772706c6105@group-BDBF60B2ED1C: ConfigurationManager, init=-1: [04710d3b-08a7-4a70-b69f-f772706c6105:192.168.69.118:40289], old=null, confs=<EMPTY_MAP>
2019-10-23 12:23:20,504 [pool-59-thread-1] INFO  server.RaftServerConfigKeys (ConfUtils.java:logGet(43)) - raft.server.storage.dir = [/workdir/hadoop-ozone/integration-test/target/test-dir/MiniOzoneClusterImpl-2e89ea2c-3d6a-4952-ac09-5f42be2d5130/datanode-2/data/ratis] (custom)
2019-10-23 12:23:20,505 [pool-59-thread-1] INFO  server.RaftServerConfigKeys (ConfUtils.java:logGet(43)) - raft.server.log.corruption.policy = EXCEPTION (default)
2019-10-23 12:23:20,505 [pool-59-thread-1] INFO  storage.RaftStorageDirectory (RaftStorageDirectory.java:analyzeStorage(246)) - The storage directory /workdir/hadoop-ozone/integration-test/target/test-dir/MiniOzoneClusterImpl-2e89ea2c-3d6a-4952-ac09-5f42be2d5130/datanode-2/data/ratis/c42c496c-1701-407c-bb5a-bdbf60b2ed1c does not exist. Creating ...
2019-10-23 12:23:20,519 [pool-59-thread-1] INFO  storage.RaftStorageDirectory (RaftStorageDirectory.java:tryLock(328)) - Lock on /workdir/hadoop-ozone/integration-test/target/test-dir/MiniOzoneClusterImpl-2e89ea2c-3d6a-4952-ac09-5f42be2d5130/datanode-2/data/ratis/c42c496c-1701-407c-bb5a-bdbf60b2ed1c/in_use.lock acquired by nodename 10412@pr-hdds1643-t2fz7-3136866267
2019-10-23 12:23:20,531 [pool-59-thread-1] INFO  storage.RaftStorage (RaftStorage.java:format(84)) - Storage directory /workdir/hadoop-ozone/integration-test/target/test-dir/MiniOzoneClusterImpl-2e89ea2c-3d6a-4952-ac09-5f42be2d5130/datanode-2/data/ratis/c42c496c-1701-407c-bb5a-bdbf60b2ed1c has been successfully formatted.
2019-10-23 12:23:20,532 [pool-59-thread-1] INFO  ratis.ContainerStateMachine (ContainerStateMachine.java:loadSnapshot(231)) - group-BDBF60B2ED1C: The snapshot info is null. Setting the last applied indexto:(t:0, i:~)
2019-10-23 12:23:20,532 [pool-59-thread-1] INFO  server.RaftServerConfigKeys (ConfUtils.java:logGet(43)) - raft.server.notification.no-leader.timeout = 1000s (custom)
2019-10-23 12:23:20,532 [pool-59-thread-1] INFO  server.RaftServerConfigKeys (ConfUtils.java:logGet(43)) - raft.server.log.use.memory = false (default)
2019-10-23 12:23:20,532 [pool-59-thread-1] INFO  server.RaftServerConfigKeys (ConfUtils.java:logGet(43)) - raft.server.log.purge.gap = 1000000 (custom)
2019-10-23 12:23:20,532 [pool-59-thread-1] INFO  server.RaftServerConfigKeys (ConfUtils.java:logGet(43)) - raft.server.log.appender.buffer.byte-limit = 33554432 (custom)
2019-10-23 12:23:20,532 [pool-59-thread-1] INFO  server.RaftServerConfigKeys (ConfUtils.java:logGet(43)) - raft.server.log.segment.size.max = 1048576 (custom)
2019-10-23 12:23:20,532 [pool-59-thread-1] INFO  server.RaftServerConfigKeys (ConfUtils.java:logGet(43)) - raft.server.log.segment.cache.num.max = 2 (custom)
2019-10-23 12:23:20,533 [pool-59-thread-1] INFO  segmented.SegmentedRaftLogWorker (SegmentedRaftLogWorker.java:<init>(173)) - new 04710d3b-08a7-4a70-b69f-f772706c6105@group-BDBF60B2ED1C-SegmentedRaftLogWorker for RaftStorage:Storage Directory /workdir/hadoop-ozone/integration-test/target/test-dir/MiniOzoneClusterImpl-2e89ea2c-3d6a-4952-ac09-5f42be2d5130/datanode-2/data/ratis/c42c496c-1701-407c-bb5a-bdbf60b2ed1c
2019-10-23 12:23:20,533 [pool-59-thread-1] INFO  server.RaftServerConfigKeys (ConfUtils.java:logGet(43)) - raft.server.log.queue.byte-limit = 2147483647 (custom)
2019-10-23 12:23:20,533 [pool-59-thread-1] INFO  server.RaftServerConfigKeys (ConfUtils.java:logGet(43)) - raft.server.log.queue.element-limit = 1024 (custom)
2019-10-23 12:23:20,533 [pool-59-thread-1] INFO  server.RaftServerConfigKeys (ConfUtils.java:logGet(43)) - raft.server.log.segment.size.max = 1048576 (custom)
2019-10-23 12:23:20,533 [pool-59-thread-1] INFO  server.RaftServerConfigKeys (ConfUtils.java:logGet(43)) - raft.server.log.preallocated.size = 16384 (custom)
2019-10-23 12:23:20,533 [pool-59-thread-1] INFO  server.RaftServerConfigKeys (ConfUtils.java:logGet(43)) - raft.server.log.write.buffer.size = 33554432 (custom)
2019-10-23 12:23:20,533 [pool-59-thread-1] INFO  server.RaftServerConfigKeys (ConfUtils.java:logGet(43)) - raft.server.log.force.sync.num = 128 (default)
2019-10-23 12:23:20,533 [pool-59-thread-1] INFO  server.RaftServerConfigKeys (ConfUtils.java:logGet(43)) - raft.server.log.statemachine.data.sync = true (default)
2019-10-23 12:23:20,533 [pool-59-thread-1] INFO  server.RaftServerConfigKeys (ConfUtils.java:logGet(43)) - raft.server.log.statemachine.data.sync.timeout = 10s (default)
2019-10-23 12:23:20,534 [pool-59-thread-1] INFO  server.RaftServerConfigKeys (ConfUtils.java:logGet(43)) - raft.server.log.statemachine.data.sync.timeout.retry = -1 (default)
2019-10-23 12:23:20,534 [pool-59-thread-1] INFO  server.RaftServerConfigKeys (ConfUtils.java:logGet(43)) - raft.server.log.statemachine.data.caching.enabled = true (custom)
2019-10-23 12:23:20,534 [pool-59-thread-1] INFO  segmented.SegmentedRaftLogWorker (SegmentedRaftLogWorker.java:lambda$new$0(128)) - 04710d3b-08a7-4a70-b69f-f772706c6105@group-BDBF60B2ED1C-SegmentedRaftLogWorker: flushIndex: setUnconditionally 0 -> -1
2019-10-23 12:23:20,534 [pool-59-thread-1] INFO  server.RaftServerConfigKeys (ConfUtils.java:logGet(43)) - raft.server.snapshot.auto.trigger.enabled = true (custom)
2019-10-23 12:23:20,535 [pool-59-thread-1] INFO  server.RaftServerConfigKeys (ConfUtils.java:logGet(43)) - raft.server.snapshot.auto.trigger.threshold = 10000 (custom)
2019-10-23 12:23:20,535 [pool-59-thread-1] INFO  server.RaftServerConfigKeys (ConfUtils.java:logGet(43)) - raft.server.snapshot.retention.file.num = 5 (custom)
2019-10-23 12:23:20,535 [pool-59-thread-1] INFO  server.RaftServerConfigKeys (ConfUtils.java:logGet(43)) - raft.server.retrycache.expirytime = 600000ms (custom)
2019-10-23 12:23:20,538 [pool-59-thread-1] INFO  impl.RaftServerImpl (RaftServerImpl.java:start(195)) - 04710d3b-08a7-4a70-b69f-f772706c6105@group-BDBF60B2ED1C: start as a follower, conf=-1: [04710d3b-08a7-4a70-b69f-f772706c6105:192.168.69.118:40289], old=null
2019-10-23 12:23:20,538 [pool-59-thread-1] INFO  impl.RaftServerImpl (RaftServerImpl.java:setRole(184)) - 04710d3b-08a7-4a70-b69f-f772706c6105@group-BDBF60B2ED1C: changes role from      null to FOLLOWER at term 0 for startAsFollower
2019-10-23 12:23:20,538 [pool-59-thread-1] INFO  impl.RoleInfo (RoleInfo.java:updateAndGet(143)) - 04710d3b-08a7-4a70-b69f-f772706c6105: start FollowerState
2019-10-23 12:23:20,538 [pool-59-thread-1] INFO  util.JmxRegister (JmxRegister.java:tryRegister(44)) - Successfully registered JMX Bean with object name Ratis:service=RaftServer,group=group-BDBF60B2ED1C,id=04710d3b-08a7-4a70-b69f-f772706c6105
2019-10-23 12:23:20,547 [RatisPipelineUtilsThread] INFO  pipeline.PipelineStateManager (PipelineStateManager.java:addPipeline(56)) - Created pipeline Pipeline[ Id: c42c496c-1701-407c-bb5a-bdbf60b2ed1c, Nodes: 04710d3b-08a7-4a70-b69f-f772706c6105{ip: 192.168.69.118, host: pr-hdds1643-t2fz7-3136866267, networkLocation: /default-rack, certSerialId: null}, Type:RATIS, Factor:ONE, State:OPEN]
2019-10-23 12:23:20,552 [Thread-750] INFO  impl.FollowerState (FollowerState.java:run(108)) - 04710d3b-08a7-4a70-b69f-f772706c6105@group-40390D33441A-FollowerState: change to CANDIDATE, lastRpcTime:55ms, electionTimeout:55ms
2019-10-23 12:23:20,554 [Thread-750] INFO  impl.RoleInfo (RoleInfo.java:shutdownFollowerState(121)) - 04710d3b-08a7-4a70-b69f-f772706c6105: shutdown FollowerState
2019-10-23 12:23:20,554 [Thread-750] INFO  impl.RaftServerImpl (RaftServerImpl.java:setRole(184)) - 04710d3b-08a7-4a70-b69f-f772706c6105@group-40390D33441A: changes role from  FOLLOWER to CANDIDATE at term 30 for changeToCandidate
2019-10-23 12:23:20,559 [Thread-750] INFO  impl.RoleInfo (RoleInfo.java:updateAndGet(143)) - 04710d3b-08a7-4a70-b69f-f772706c6105: start LeaderElection
2019-10-23 12:23:20,565 [grpc-default-executor-7] INFO  impl.RaftServerProxy (RaftServerProxy.java:addNew(89)) - 04710d3b-08a7-4a70-b69f-f772706c6105: addNew group-9C82AC463749:[9d2a2146-2c04-423d-8f96-3c121403b328:192.168.69.118:40792, 04710d3b-08a7-4a70-b69f-f772706c6105:192.168.69.118:40289, 43cb0e13-5597-452b-a8b1-af00d0a4a497:192.168.69.118:45201] returns group-9C82AC463749:java.util.concurrent.CompletableFuture@44766afa[Not completed]
2019-10-23 12:23:20,565 [grpc-default-executor-3] INFO  impl.RaftServerProxy (RaftServerProxy.java:addNew(89)) - 43cb0e13-5597-452b-a8b1-af00d0a4a497: addNew group-9C82AC463749:[9d2a2146-2c04-423d-8f96-3c121403b328:192.168.69.118:40792, 04710d3b-08a7-4a70-b69f-f772706c6105:192.168.69.118:40289, 43cb0e13-5597-452b-a8b1-af00d0a4a497:192.168.69.118:45201] returns group-9C82AC463749:java.util.concurrent.CompletableFuture@5bf21551[Not completed]
2019-10-23 12:23:20,566 [pool-59-thread-1] INFO  impl.RaftServerImpl (RaftServerImpl.java:<init>(104)) - 04710d3b-08a7-4a70-b69f-f772706c6105: new RaftServerImpl for group-9C82AC463749:[9d2a2146-2c04-423d-8f96-3c121403b328:192.168.69.118:40792, 04710d3b-08a7-4a70-b69f-f772706c6105:192.168.69.118:40289, 43cb0e13-5597-452b-a8b1-af00d0a4a497:192.168.69.118:45201] with ContainerStateMachine:uninitialized
2019-10-23 12:23:20,566 [pool-59-thread-1] INFO  server.RaftServerConfigKeys (ConfUtils.java:logGet(43)) - raft.server.rpc.timeout.min = 5s (custom)
2019-10-23 12:23:20,566 [grpc-default-executor-3] INFO  impl.RaftServerProxy (RaftServerProxy.java:addNew(89)) - 9d2a2146-2c04-423d-8f96-3c121403b328: addNew group-9C82AC463749:[9d2a2146-2c04-423d-8f96-3c121403b328:192.168.69.118:40792, 04710d3b-08a7-4a70-b69f-f772706c6105:192.168.69.118:40289, 43cb0e13-5597-452b-a8b1-af00d0a4a497:192.168.69.118:45201] returns group-9C82AC463749:java.util.concurrent.CompletableFuture@4fb0107b[Not completed]
2019-10-23 12:23:20,566 [pool-59-thread-1] INFO  server.RaftServerConfigKeys (ConfUtils.java:logGet(43)) - raft.server.rpc.timeout.max = 5200ms (custom)
2019-10-23 12:23:20,566 [pool-59-thread-1] INFO  server.RaftServerConfigKeys (ConfUtils.java:logGet(43)) - raft.server.rpcslowness.timeout = 1000s (custom)
2019-10-23 12:23:20,566 [pool-59-thread-1] INFO  server.RaftServerConfigKeys (ConfUtils.java:logGet(43)) - raft.server.sleep.deviation.threshold = 300 (default)
2019-10-23 12:23:20,566 [pool-59-thread-1] INFO  server.RaftServerConfigKeys (ConfUtils.java:logGet(43)) - raft.server.log.appender.install.snapshot.enabled = false (custom)
2019-10-23 12:23:20,567 [pool-59-thread-1] INFO  impl.RaftServerImpl (ServerState.java:<init>(103)) - 04710d3b-08a7-4a70-b69f-f772706c6105@group-9C82AC463749: ConfigurationManager, init=-1: [9d2a2146-2c04-423d-8f96-3c121403b328:192.168.69.118:40792, 04710d3b-08a7-4a70-b69f-f772706c6105:192.168.69.118:40289, 43cb0e13-5597-452b-a8b1-af00d0a4a497:192.168.69.118:45201], old=null, confs=<EMPTY_MAP>
2019-10-23 12:23:20,567 [pool-59-thread-1] INFO  server.RaftServerConfigKeys (ConfUtils.java:logGet(43)) - raft.server.storage.dir = [/workdir/hadoop-ozone/integration-test/target/test-dir/MiniOzoneClusterImpl-2e89ea2c-3d6a-4952-ac09-5f42be2d5130/datanode-2/data/ratis] (custom)
2019-10-23 12:23:20,567 [pool-37-thread-1] INFO  impl.RaftServerImpl (RaftServerImpl.java:<init>(104)) - 43cb0e13-5597-452b-a8b1-af00d0a4a497: new RaftServerImpl for group-9C82AC463749:[9d2a2146-2c04-423d-8f96-3c121403b328:192.168.69.118:40792, 04710d3b-08a7-4a70-b69f-f772706c6105:192.168.69.118:40289, 43cb0e13-5597-452b-a8b1-af00d0a4a497:192.168.69.118:45201] with ContainerStateMachine:uninitialized
2019-10-23 12:23:20,567 [pool-37-thread-1] INFO  server.RaftServerConfigKeys (ConfUtils.java:logGet(43)) - raft.server.rpc.timeout.min = 5s (custom)
2019-10-23 12:23:20,567 [pool-59-thread-1] INFO  server.RaftServerConfigKeys (ConfUtils.java:logGet(43)) - raft.server.log.corruption.policy = EXCEPTION (default)
2019-10-23 12:23:20,567 [pool-37-thread-1] INFO  server.RaftServerConfigKeys (ConfUtils.java:logGet(43)) - raft.server.rpc.timeout.max = 5200ms (custom)
2019-10-23 12:23:20,567 [pool-59-thread-1] INFO  storage.RaftStorageDirectory (RaftStorageDirectory.java:analyzeStorage(246)) - The storage directory /workdir/hadoop-ozone/integration-test/target/test-dir/MiniOzoneClusterImpl-2e89ea2c-3d6a-4952-ac09-5f42be2d5130/datanode-2/data/ratis/71ec5dad-eb61-4857-89b1-9c82ac463749 does not exist. Creating ...
2019-10-23 12:23:20,567 [pool-37-thread-1] INFO  server.RaftServerConfigKeys (ConfUtils.java:logGet(43)) - raft.server.rpcslowness.timeout = 1000s (custom)
2019-10-23 12:23:20,567 [pool-37-thread-1] INFO  server.RaftServerConfigKeys (ConfUtils.java:logGet(43)) - raft.server.sleep.deviation.threshold = 300 (default)
2019-10-23 12:23:20,568 [pool-27-thread-1] INFO  impl.RaftServerImpl (RaftServerImpl.java:<init>(104)) - 9d2a2146-2c04-423d-8f96-3c121403b328: new RaftServerImpl for group-9C82AC463749:[9d2a2146-2c04-423d-8f96-3c121403b328:192.168.69.118:40792, 04710d3b-08a7-4a70-b69f-f772706c6105:192.168.69.118:40289, 43cb0e13-5597-452b-a8b1-af00d0a4a497:192.168.69.118:45201] with ContainerStateMachine:uninitialized
2019-10-23 12:23:20,568 [pool-37-thread-1] INFO  server.RaftServerConfigKeys (ConfUtils.java:logGet(43)) - raft.server.log.appender.install.snapshot.enabled = false (custom)
2019-10-23 12:23:20,568 [pool-27-thread-1] INFO  server.RaftServerConfigKeys (ConfUtils.java:logGet(43)) - raft.server.rpc.timeout.min = 5s (custom)
2019-10-23 12:23:20,568 [pool-37-thread-1] INFO  impl.RaftServerImpl (ServerState.java:<init>(103)) - 43cb0e13-5597-452b-a8b1-af00d0a4a497@group-9C82AC463749: ConfigurationManager, init=-1: [9d2a2146-2c04-423d-8f96-3c121403b328:192.168.69.118:40792, 04710d3b-08a7-4a70-b69f-f772706c6105:192.168.69.118:40289, 43cb0e13-5597-452b-a8b1-af00d0a4a497:192.168.69.118:45201], old=null, confs=<EMPTY_MAP>
2019-10-23 12:23:20,568 [pool-27-thread-1] INFO  server.RaftServerConfigKeys (ConfUtils.java:logGet(43)) - raft.server.rpc.timeout.max = 5200ms (custom)
2019-10-23 12:23:20,568 [pool-37-thread-1] INFO  server.RaftServerConfigKeys (ConfUtils.java:logGet(43)) - raft.server.storage.dir = [/workdir/hadoop-ozone/integration-test/target/test-dir/MiniOzoneClusterImpl-2e89ea2c-3d6a-4952-ac09-5f42be2d5130/datanode-1/data/ratis] (custom)
2019-10-23 12:23:20,568 [pool-27-thread-1] INFO  server.RaftServerConfigKeys (ConfUtils.java:logGet(43)) - raft.server.rpcslowness.timeout = 1000s (custom)
2019-10-23 12:23:20,568 [pool-27-thread-1] INFO  server.RaftServerConfigKeys (ConfUtils.java:logGet(43)) - raft.server.sleep.deviation.threshold = 300 (default)
2019-10-23 12:23:20,568 [pool-37-thread-1] INFO  server.RaftServerConfigKeys (ConfUtils.java:logGet(43)) - raft.server.log.corruption.policy = EXCEPTION (default)
2019-10-23 12:23:20,568 [pool-27-thread-1] INFO  server.RaftServerConfigKeys (ConfUtils.java:logGet(43)) - raft.server.log.appender.install.snapshot.enabled = false (custom)
2019-10-23 12:23:20,569 [pool-37-thread-1] INFO  storage.RaftStorageDirectory (RaftStorageDirectory.java:analyzeStorage(246)) - The storage directory /workdir/hadoop-ozone/integration-test/target/test-dir/MiniOzoneClusterImpl-2e89ea2c-3d6a-4952-ac09-5f42be2d5130/datanode-1/data/ratis/71ec5dad-eb61-4857-89b1-9c82ac463749 does not exist. Creating ...
2019-10-23 12:23:20,569 [pool-27-thread-1] INFO  impl.RaftServerImpl (ServerState.java:<init>(103)) - 9d2a2146-2c04-423d-8f96-3c121403b328@group-9C82AC463749: ConfigurationManager, init=-1: [9d2a2146-2c04-423d-8f96-3c121403b328:192.168.69.118:40792, 04710d3b-08a7-4a70-b69f-f772706c6105:192.168.69.118:40289, 43cb0e13-5597-452b-a8b1-af00d0a4a497:192.168.69.118:45201], old=null, confs=<EMPTY_MAP>
2019-10-23 12:23:20,569 [pool-27-thread-1] INFO  server.RaftServerConfigKeys (ConfUtils.java:logGet(43)) - raft.server.storage.dir = [/workdir/hadoop-ozone/integration-test/target/test-dir/MiniOzoneClusterImpl-2e89ea2c-3d6a-4952-ac09-5f42be2d5130/datanode-0/data/ratis] (custom)
2019-10-23 12:23:20,569 [pool-27-thread-1] INFO  server.RaftServerConfigKeys (ConfUtils.java:logGet(43)) - raft.server.log.corruption.policy = EXCEPTION (default)
2019-10-23 12:23:20,569 [pool-27-thread-1] INFO  storage.RaftStorageDirectory (RaftStorageDirectory.java:analyzeStorage(246)) - The storage directory /workdir/hadoop-ozone/integration-test/target/test-dir/MiniOzoneClusterImpl-2e89ea2c-3d6a-4952-ac09-5f42be2d5130/datanode-0/data/ratis/71ec5dad-eb61-4857-89b1-9c82ac463749 does not exist. Creating ...
2019-10-23 12:23:20,575 [pool-59-thread-1] INFO  storage.RaftStorageDirectory (RaftStorageDirectory.java:tryLock(328)) - Lock on /workdir/hadoop-ozone/integration-test/target/test-dir/MiniOzoneClusterImpl-2e89ea2c-3d6a-4952-ac09-5f42be2d5130/datanode-2/data/ratis/71ec5dad-eb61-4857-89b1-9c82ac463749/in_use.lock acquired by nodename 10412@pr-hdds1643-t2fz7-3136866267
2019-10-23 12:23:20,575 [04710d3b-08a7-4a70-b69f-f772706c6105@group-40390D33441A-LeaderElection35] INFO  impl.LeaderElection (LeaderElection.java:askForVotes(178)) - 04710d3b-08a7-4a70-b69f-f772706c6105@group-40390D33441A-LeaderElection35: begin an election at term 31 for 0: [9d2a2146-2c04-423d-8f96-3c121403b328:192.168.69.118:40792, 04710d3b-08a7-4a70-b69f-f772706c6105:192.168.69.118:40289, 43cb0e13-5597-452b-a8b1-af00d0a4a497:192.168.69.118:45201], old=null
2019-10-23 12:23:20,575 [pool-27-thread-1] INFO  storage.RaftStorageDirectory (RaftStorageDirectory.java:tryLock(328)) - Lock on /workdir/hadoop-ozone/integration-test/target/test-dir/MiniOzoneClusterImpl-2e89ea2c-3d6a-4952-ac09-5f42be2d5130/datanode-0/data/ratis/71ec5dad-eb61-4857-89b1-9c82ac463749/in_use.lock acquired by nodename 10412@pr-hdds1643-t2fz7-3136866267
2019-10-23 12:23:20,575 [pool-37-thread-1] INFO  storage.RaftStorageDirectory (RaftStorageDirectory.java:tryLock(328)) - Lock on /workdir/hadoop-ozone/integration-test/target/test-dir/MiniOzoneClusterImpl-2e89ea2c-3d6a-4952-ac09-5f42be2d5130/datanode-1/data/ratis/71ec5dad-eb61-4857-89b1-9c82ac463749/in_use.lock acquired by nodename 10412@pr-hdds1643-t2fz7-3136866267
2019-10-23 12:23:20,577 [grpc-default-executor-3] INFO  impl.RaftServerImpl (RaftServerImpl.java:setRole(184)) - 43cb0e13-5597-452b-a8b1-af00d0a4a497@group-40390D33441A: changes role from  FOLLOWER to FOLLOWER at term 31 for recognizeCandidate:04710d3b-08a7-4a70-b69f-f772706c6105
2019-10-23 12:23:20,577 [grpc-default-executor-3] INFO  impl.RoleInfo (RoleInfo.java:shutdownFollowerState(121)) - 43cb0e13-5597-452b-a8b1-af00d0a4a497: shutdown FollowerState
2019-10-23 12:23:20,577 [grpc-default-executor-3] INFO  impl.RoleInfo (RoleInfo.java:updateAndGet(143)) - 43cb0e13-5597-452b-a8b1-af00d0a4a497: start FollowerState
2019-10-23 12:23:20,577 [Thread-748] INFO  impl.FollowerState (FollowerState.java:run(117)) - 43cb0e13-5597-452b-a8b1-af00d0a4a497@group-40390D33441A-FollowerState was interrupted: java.lang.InterruptedException: sleep interrupted
2019-10-23 12:23:20,577 [grpc-default-executor-7] INFO  impl.RaftServerImpl (RaftServerImpl.java:setRole(184)) - 9d2a2146-2c04-423d-8f96-3c121403b328@group-40390D33441A: changes role from  FOLLOWER to FOLLOWER at term 31 for recognizeCandidate:04710d3b-08a7-4a70-b69f-f772706c6105
2019-10-23 12:23:20,578 [grpc-default-executor-7] INFO  impl.RoleInfo (RoleInfo.java:shutdownFollowerState(121)) - 9d2a2146-2c04-423d-8f96-3c121403b328: shutdown FollowerState
2019-10-23 12:23:20,578 [grpc-default-executor-7] INFO  impl.RoleInfo (RoleInfo.java:updateAndGet(143)) - 9d2a2146-2c04-423d-8f96-3c121403b328: start FollowerState
2019-10-23 12:23:20,578 [Thread-747] INFO  impl.FollowerState (FollowerState.java:run(117)) - 9d2a2146-2c04-423d-8f96-3c121403b328@group-40390D33441A-FollowerState was interrupted: java.lang.InterruptedException: sleep interrupted
2019-10-23 12:23:20,589 [pool-37-thread-1] INFO  storage.RaftStorage (RaftStorage.java:format(84)) - Storage directory /workdir/hadoop-ozone/integration-test/target/test-dir/MiniOzoneClusterImpl-2e89ea2c-3d6a-4952-ac09-5f42be2d5130/datanode-1/data/ratis/71ec5dad-eb61-4857-89b1-9c82ac463749 has been successfully formatted.
2019-10-23 12:23:20,589 [pool-59-thread-1] INFO  storage.RaftStorage (RaftStorage.java:format(84)) - Storage directory /workdir/hadoop-ozone/integration-test/target/test-dir/MiniOzoneClusterImpl-2e89ea2c-3d6a-4952-ac09-5f42be2d5130/datanode-2/data/ratis/71ec5dad-eb61-4857-89b1-9c82ac463749 has been successfully formatted.
2019-10-23 12:23:20,589 [pool-27-thread-1] INFO  storage.RaftStorage (RaftStorage.java:format(84)) - Storage directory /workdir/hadoop-ozone/integration-test/target/test-dir/MiniOzoneClusterImpl-2e89ea2c-3d6a-4952-ac09-5f42be2d5130/datanode-0/data/ratis/71ec5dad-eb61-4857-89b1-9c82ac463749 has been successfully formatted.
2019-10-23 12:23:20,589 [pool-37-thread-1] INFO  ratis.ContainerStateMachine (ContainerStateMachine.java:loadSnapshot(231)) - group-9C82AC463749: The snapshot info is null. Setting the last applied indexto:(t:0, i:~)
2019-10-23 12:23:20,589 [pool-59-thread-1] INFO  ratis.ContainerStateMachine (ContainerStateMachine.java:loadSnapshot(231)) - group-9C82AC463749: The snapshot info is null. Setting the last applied indexto:(t:0, i:~)
2019-10-23 12:23:20,590 [pool-27-thread-1] INFO  ratis.ContainerStateMachine (ContainerStateMachine.java:loadSnapshot(231)) - group-9C82AC463749: The snapshot info is null. Setting the last applied indexto:(t:0, i:~)
2019-10-23 12:23:20,589 [pool-37-thread-1] INFO  server.RaftServerConfigKeys (ConfUtils.java:logGet(43)) - raft.server.notification.no-leader.timeout = 1000s (custom)
2019-10-23 12:23:20,590 [pool-27-thread-1] INFO  server.RaftServerConfigKeys (ConfUtils.java:logGet(43)) - raft.server.notification.no-leader.timeout = 1000s (custom)
2019-10-23 12:23:20,590 [pool-59-thread-1] INFO  server.RaftServerConfigKeys (ConfUtils.java:logGet(43)) - raft.server.notification.no-leader.timeout = 1000s (custom)
2019-10-23 12:23:20,590 [04710d3b-08a7-4a70-b69f-f772706c6105@group-40390D33441A-LeaderElection35] INFO  impl.LeaderElection (LeaderElection.java:logAndReturn(56)) - 04710d3b-08a7-4a70-b69f-f772706c6105@group-40390D33441A-LeaderElection35: Election REJECTED; received 2 response(s) [04710d3b-08a7-4a70-b69f-f772706c6105<-9d2a2146-2c04-423d-8f96-3c121403b328#0:FAIL-t31, 04710d3b-08a7-4a70-b69f-f772706c6105<-43cb0e13-5597-452b-a8b1-af00d0a4a497#0:FAIL-t31] and 0 exception(s); 04710d3b-08a7-4a70-b69f-f772706c6105@group-40390D33441A:t31, leader=null, voted=04710d3b-08a7-4a70-b69f-f772706c6105, raftlog=04710d3b-08a7-4a70-b69f-f772706c6105@group-40390D33441A-SegmentedRaftLog:OPENED:c3,f4,i4, conf=0: [9d2a2146-2c04-423d-8f96-3c121403b328:192.168.69.118:40792, 04710d3b-08a7-4a70-b69f-f772706c6105:192.168.69.118:40289, 43cb0e13-5597-452b-a8b1-af00d0a4a497:192.168.69.118:45201], old=null
2019-10-23 12:23:20,590 [pool-27-thread-1] INFO  server.RaftServerConfigKeys (ConfUtils.java:logGet(43)) - raft.server.log.use.memory = false (default)
2019-10-23 12:23:20,590 [pool-37-thread-1] INFO  server.RaftServerConfigKeys (ConfUtils.java:logGet(43)) - raft.server.log.use.memory = false (default)
2019-10-23 12:23:20,591 [pool-27-thread-1] INFO  server.RaftServerConfigKeys (ConfUtils.java:logGet(43)) - raft.server.log.purge.gap = 1000000 (custom)
2019-10-23 12:23:20,590 [04710d3b-08a7-4a70-b69f-f772706c6105@group-40390D33441A-LeaderElection35] INFO  impl.RaftServerImpl (RaftServerImpl.java:setRole(184)) - 04710d3b-08a7-4a70-b69f-f772706c6105@group-40390D33441A: changes role from CANDIDATE to FOLLOWER at term 31 for DISCOVERED_A_NEW_TERM
2019-10-23 12:23:20,592 [04710d3b-08a7-4a70-b69f-f772706c6105@group-40390D33441A-LeaderElection35] INFO  impl.RoleInfo (RoleInfo.java:shutdownLeaderElection(134)) - 04710d3b-08a7-4a70-b69f-f772706c6105: shutdown LeaderElection
2019-10-23 12:23:20,590 [pool-59-thread-1] INFO  server.RaftServerConfigKeys (ConfUtils.java:logGet(43)) - raft.server.log.use.memory = false (default)
2019-10-23 12:23:20,592 [04710d3b-08a7-4a70-b69f-f772706c6105@group-40390D33441A-LeaderElection35] INFO  impl.RoleInfo (RoleInfo.java:updateAndGet(143)) - 04710d3b-08a7-4a70-b69f-f772706c6105: start FollowerState
2019-10-23 12:23:20,592 [pool-59-thread-1] INFO  server.RaftServerConfigKeys (ConfUtils.java:logGet(43)) - raft.server.log.purge.gap = 1000000 (custom)
2019-10-23 12:23:20,592 [pool-27-thread-1] INFO  server.RaftServerConfigKeys (ConfUtils.java:logGet(43)) - raft.server.log.appender.buffer.byte-limit = 33554432 (custom)
2019-10-23 12:23:20,592 [pool-37-thread-1] INFO  server.RaftServerConfigKeys (ConfUtils.java:logGet(43)) - raft.server.log.purge.gap = 1000000 (custom)
2019-10-23 12:23:20,592 [pool-27-thread-1] INFO  server.RaftServerConfigKeys (ConfUtils.java:logGet(43)) - raft.server.log.segment.size.max = 1048576 (custom)
2019-10-23 12:23:20,592 [pool-59-thread-1] INFO  server.RaftServerConfigKeys (ConfUtils.java:logGet(43)) - raft.server.log.appender.buffer.byte-limit = 33554432 (custom)
2019-10-23 12:23:20,593 [pool-27-thread-1] INFO  server.RaftServerConfigKeys (ConfUtils.java:logGet(43)) - raft.server.log.segment.cache.num.max = 2 (custom)
2019-10-23 12:23:20,592 [pool-37-thread-1] INFO  server.RaftServerConfigKeys (ConfUtils.java:logGet(43)) - raft.server.log.appender.buffer.byte-limit = 33554432 (custom)
2019-10-23 12:23:20,593 [pool-27-thread-1] INFO  segmented.SegmentedRaftLogWorker (SegmentedRaftLogWorker.java:<init>(173)) - new 9d2a2146-2c04-423d-8f96-3c121403b328@group-9C82AC463749-SegmentedRaftLogWorker for RaftStorage:Storage Directory /workdir/hadoop-ozone/integration-test/target/test-dir/MiniOzoneClusterImpl-2e89ea2c-3d6a-4952-ac09-5f42be2d5130/datanode-0/data/ratis/71ec5dad-eb61-4857-89b1-9c82ac463749
2019-10-23 12:23:20,593 [pool-59-thread-1] INFO  server.RaftServerConfigKeys (ConfUtils.java:logGet(43)) - raft.server.log.segment.size.max = 1048576 (custom)
2019-10-23 12:23:20,593 [pool-27-thread-1] INFO  server.RaftServerConfigKeys (ConfUtils.java:logGet(43)) - raft.server.log.queue.byte-limit = 2147483647 (custom)
2019-10-23 12:23:20,593 [pool-37-thread-1] INFO  server.RaftServerConfigKeys (ConfUtils.java:logGet(43)) - raft.server.log.segment.size.max = 1048576 (custom)
2019-10-23 12:23:20,593 [pool-27-thread-1] INFO  server.RaftServerConfigKeys (ConfUtils.java:logGet(43)) - raft.server.log.queue.element-limit = 1024 (custom)
2019-10-23 12:23:20,593 [pool-59-thread-1] INFO  server.RaftServerConfigKeys (ConfUtils.java:logGet(43)) - raft.server.log.segment.cache.num.max = 2 (custom)
2019-10-23 12:23:20,593 [pool-27-thread-1] INFO  server.RaftServerConfigKeys (ConfUtils.java:logGet(43)) - raft.server.log.segment.size.max = 1048576 (custom)
2019-10-23 12:23:20,593 [pool-37-thread-1] INFO  server.RaftServerConfigKeys (ConfUtils.java:logGet(43)) - raft.server.log.segment.cache.num.max = 2 (custom)
2019-10-23 12:23:20,594 [pool-27-thread-1] INFO  server.RaftServerConfigKeys (ConfUtils.java:logGet(43)) - raft.server.log.preallocated.size = 16384 (custom)
2019-10-23 12:23:20,594 [pool-59-thread-1] INFO  segmented.SegmentedRaftLogWorker (SegmentedRaftLogWorker.java:<init>(173)) - new 04710d3b-08a7-4a70-b69f-f772706c6105@group-9C82AC463749-SegmentedRaftLogWorker for RaftStorage:Storage Directory /workdir/hadoop-ozone/integration-test/target/test-dir/MiniOzoneClusterImpl-2e89ea2c-3d6a-4952-ac09-5f42be2d5130/datanode-2/data/ratis/71ec5dad-eb61-4857-89b1-9c82ac463749
2019-10-23 12:23:20,594 [pool-27-thread-1] INFO  server.RaftServerConfigKeys (ConfUtils.java:logGet(43)) - raft.server.log.write.buffer.size = 33554432 (custom)
2019-10-23 12:23:20,594 [pool-37-thread-1] INFO  segmented.SegmentedRaftLogWorker (SegmentedRaftLogWorker.java:<init>(173)) - new 43cb0e13-5597-452b-a8b1-af00d0a4a497@group-9C82AC463749-SegmentedRaftLogWorker for RaftStorage:Storage Directory /workdir/hadoop-ozone/integration-test/target/test-dir/MiniOzoneClusterImpl-2e89ea2c-3d6a-4952-ac09-5f42be2d5130/datanode-1/data/ratis/71ec5dad-eb61-4857-89b1-9c82ac463749
2019-10-23 12:23:20,594 [pool-27-thread-1] INFO  server.RaftServerConfigKeys (ConfUtils.java:logGet(43)) - raft.server.log.force.sync.num = 128 (default)
2019-10-23 12:23:20,594 [pool-59-thread-1] INFO  server.RaftServerConfigKeys (ConfUtils.java:logGet(43)) - raft.server.log.queue.byte-limit = 2147483647 (custom)
2019-10-23 12:23:20,594 [pool-27-thread-1] INFO  server.RaftServerConfigKeys (ConfUtils.java:logGet(43)) - raft.server.log.statemachine.data.sync = true (default)
2019-10-23 12:23:20,594 [pool-37-thread-1] INFO  server.RaftServerConfigKeys (ConfUtils.java:logGet(43)) - raft.server.log.queue.byte-limit = 2147483647 (custom)
2019-10-23 12:23:20,594 [pool-27-thread-1] INFO  server.RaftServerConfigKeys (ConfUtils.java:logGet(43)) - raft.server.log.statemachine.data.sync.timeout = 10s (default)
2019-10-23 12:23:20,594 [pool-59-thread-1] INFO  server.RaftServerConfigKeys (ConfUtils.java:logGet(43)) - raft.server.log.queue.element-limit = 1024 (custom)
2019-10-23 12:23:20,595 [pool-27-thread-1] INFO  server.RaftServerConfigKeys (ConfUtils.java:logGet(43)) - raft.server.log.statemachine.data.sync.timeout.retry = -1 (default)
2019-10-23 12:23:20,595 [pool-37-thread-1] INFO  server.RaftServerConfigKeys (ConfUtils.java:logGet(43)) - raft.server.log.queue.element-limit = 1024 (custom)
2019-10-23 12:23:20,595 [pool-59-thread-1] INFO  server.RaftServerConfigKeys (ConfUtils.java:logGet(43)) - raft.server.log.segment.size.max = 1048576 (custom)
2019-10-23 12:23:20,595 [pool-37-thread-1] INFO  server.RaftServerConfigKeys (ConfUtils.java:logGet(43)) - raft.server.log.segment.size.max = 1048576 (custom)
2019-10-23 12:23:20,595 [pool-27-thread-1] INFO  server.RaftServerConfigKeys (ConfUtils.java:logGet(43)) - raft.server.log.statemachine.data.caching.enabled = true (custom)
2019-10-23 12:23:20,595 [pool-37-thread-1] INFO  server.RaftServerConfigKeys (ConfUtils.java:logGet(43)) - raft.server.log.preallocated.size = 16384 (custom)
2019-10-23 12:23:20,595 [pool-37-thread-1] INFO  server.RaftServerConfigKeys (ConfUtils.java:logGet(43)) - raft.server.log.write.buffer.size = 33554432 (custom)
2019-10-23 12:23:20,595 [pool-59-thread-1] INFO  server.RaftServerConfigKeys (ConfUtils.java:logGet(43)) - raft.server.log.preallocated.size = 16384 (custom)
2019-10-23 12:23:20,596 [pool-37-thread-1] INFO  server.RaftServerConfigKeys (ConfUtils.java:logGet(43)) - raft.server.log.force.sync.num = 128 (default)
2019-10-23 12:23:20,595 [pool-27-thread-1] INFO  segmented.SegmentedRaftLogWorker (SegmentedRaftLogWorker.java:lambda$new$0(128)) - 9d2a2146-2c04-423d-8f96-3c121403b328@group-9C82AC463749-SegmentedRaftLogWorker: flushIndex: setUnconditionally 0 -> -1
2019-10-23 12:23:20,596 [pool-37-thread-1] INFO  server.RaftServerConfigKeys (ConfUtils.java:logGet(43)) - raft.server.log.statemachine.data.sync = true (default)
2019-10-23 12:23:20,596 [pool-59-thread-1] INFO  server.RaftServerConfigKeys (ConfUtils.java:logGet(43)) - raft.server.log.write.buffer.size = 33554432 (custom)
2019-10-23 12:23:20,596 [pool-27-thread-1] INFO  server.RaftServerConfigKeys (ConfUtils.java:logGet(43)) - raft.server.snapshot.auto.trigger.enabled = true (custom)
2019-10-23 12:23:20,596 [pool-37-thread-1] INFO  server.RaftServerConfigKeys (ConfUtils.java:logGet(43)) - raft.server.log.statemachine.data.sync.timeout = 10s (default)
2019-10-23 12:23:20,596 [pool-27-thread-1] INFO  server.RaftServerConfigKeys (ConfUtils.java:logGet(43)) - raft.server.snapshot.auto.trigger.threshold = 10000 (custom)
2019-10-23 12:23:20,596 [pool-59-thread-1] INFO  server.RaftServerConfigKeys (ConfUtils.java:logGet(43)) - raft.server.log.force.sync.num = 128 (default)
2019-10-23 12:23:20,596 [pool-27-thread-1] INFO  server.RaftServerConfigKeys (ConfUtils.java:logGet(43)) - raft.server.snapshot.retention.file.num = 5 (custom)
2019-10-23 12:23:20,596 [pool-37-thread-1] INFO  server.RaftServerConfigKeys (ConfUtils.java:logGet(43)) - raft.server.log.statemachine.data.sync.timeout.retry = -1 (default)
2019-10-23 12:23:20,597 [pool-59-thread-1] INFO  server.RaftServerConfigKeys (ConfUtils.java:logGet(43)) - raft.server.log.statemachine.data.sync = true (default)
2019-10-23 12:23:20,597 [pool-37-thread-1] INFO  server.RaftServerConfigKeys (ConfUtils.java:logGet(43)) - raft.server.log.statemachine.data.caching.enabled = true (custom)
2019-10-23 12:23:20,597 [pool-27-thread-1] INFO  server.RaftServerConfigKeys (ConfUtils.java:logGet(43)) - raft.server.retrycache.expirytime = 600000ms (custom)
2019-10-23 12:23:20,597 [pool-59-thread-1] INFO  server.RaftServerConfigKeys (ConfUtils.java:logGet(43)) - raft.server.log.statemachine.data.sync.timeout = 10s (default)
2019-10-23 12:23:20,597 [pool-37-thread-1] INFO  segmented.SegmentedRaftLogWorker (SegmentedRaftLogWorker.java:lambda$new$0(128)) - 43cb0e13-5597-452b-a8b1-af00d0a4a497@group-9C82AC463749-SegmentedRaftLogWorker: flushIndex: setUnconditionally 0 -> -1
2019-10-23 12:23:20,597 [pool-59-thread-1] INFO  server.RaftServerConfigKeys (ConfUtils.java:logGet(43)) - raft.server.log.statemachine.data.sync.timeout.retry = -1 (default)
2019-10-23 12:23:20,598 [pool-37-thread-1] INFO  server.RaftServerConfigKeys (ConfUtils.java:logGet(43)) - raft.server.snapshot.auto.trigger.enabled = true (custom)
2019-10-23 12:23:20,598 [pool-59-thread-1] INFO  server.RaftServerConfigKeys (ConfUtils.java:logGet(43)) - raft.server.log.statemachine.data.caching.enabled = true (custom)
2019-10-23 12:23:20,598 [pool-37-thread-1] INFO  server.RaftServerConfigKeys (ConfUtils.java:logGet(43)) - raft.server.snapshot.auto.trigger.threshold = 10000 (custom)
2019-10-23 12:23:20,598 [pool-37-thread-1] INFO  server.RaftServerConfigKeys (ConfUtils.java:logGet(43)) - raft.server.snapshot.retention.file.num = 5 (custom)
2019-10-23 12:23:20,598 [pool-59-thread-1] INFO  segmented.SegmentedRaftLogWorker (SegmentedRaftLogWorker.java:lambda$new$0(128)) - 04710d3b-08a7-4a70-b69f-f772706c6105@group-9C82AC463749-SegmentedRaftLogWorker: flushIndex: setUnconditionally 0 -> -1
2019-10-23 12:23:20,598 [pool-37-thread-1] INFO  server.RaftServerConfigKeys (ConfUtils.java:logGet(43)) - raft.server.retrycache.expirytime = 600000ms (custom)
2019-10-23 12:23:20,598 [pool-59-thread-1] INFO  server.RaftServerConfigKeys (ConfUtils.java:logGet(43)) - raft.server.snapshot.auto.trigger.enabled = true (custom)
2019-10-23 12:23:20,598 [pool-59-thread-1] INFO  server.RaftServerConfigKeys (ConfUtils.java:logGet(43)) - raft.server.snapshot.auto.trigger.threshold = 10000 (custom)
2019-10-23 12:23:20,598 [pool-59-thread-1] INFO  server.RaftServerConfigKeys (ConfUtils.java:logGet(43)) - raft.server.snapshot.retention.file.num = 5 (custom)
2019-10-23 12:23:20,599 [pool-59-thread-1] INFO  server.RaftServerConfigKeys (ConfUtils.java:logGet(43)) - raft.server.retrycache.expirytime = 600000ms (custom)
2019-10-23 12:23:20,601 [pool-27-thread-1] INFO  impl.RaftServerImpl (RaftServerImpl.java:start(195)) - 9d2a2146-2c04-423d-8f96-3c121403b328@group-9C82AC463749: start as a follower, conf=-1: [9d2a2146-2c04-423d-8f96-3c121403b328:192.168.69.118:40792, 04710d3b-08a7-4a70-b69f-f772706c6105:192.168.69.118:40289, 43cb0e13-5597-452b-a8b1-af00d0a4a497:192.168.69.118:45201], old=null
2019-10-23 12:23:20,601 [pool-27-thread-1] INFO  impl.RaftServerImpl (RaftServerImpl.java:setRole(184)) - 9d2a2146-2c04-423d-8f96-3c121403b328@group-9C82AC463749: changes role from      null to FOLLOWER at term 0 for startAsFollower
2019-10-23 12:23:20,601 [pool-27-thread-1] INFO  impl.RoleInfo (RoleInfo.java:updateAndGet(143)) - 9d2a2146-2c04-423d-8f96-3c121403b328: start FollowerState
2019-10-23 12:23:20,602 [pool-37-thread-1] INFO  impl.RaftServerImpl (RaftServerImpl.java:start(195)) - 43cb0e13-5597-452b-a8b1-af00d0a4a497@group-9C82AC463749: start as a follower, conf=-1: [9d2a2146-2c04-423d-8f96-3c121403b328:192.168.69.118:40792, 04710d3b-08a7-4a70-b69f-f772706c6105:192.168.69.118:40289, 43cb0e13-5597-452b-a8b1-af00d0a4a497:192.168.69.118:45201], old=null
2019-10-23 12:23:20,602 [pool-37-thread-1] INFO  impl.RaftServerImpl (RaftServerImpl.java:setRole(184)) - 43cb0e13-5597-452b-a8b1-af00d0a4a497@group-9C82AC463749: changes role from      null to FOLLOWER at term 0 for startAsFollower
2019-10-23 12:23:20,602 [pool-27-thread-1] INFO  util.JmxRegister (JmxRegister.java:tryRegister(44)) - Successfully registered JMX Bean with object name Ratis:service=RaftServer,group=group-9C82AC463749,id=9d2a2146-2c04-423d-8f96-3c121403b328
2019-10-23 12:23:20,602 [pool-37-thread-1] INFO  impl.RoleInfo (RoleInfo.java:updateAndGet(143)) - 43cb0e13-5597-452b-a8b1-af00d0a4a497: start FollowerState
2019-10-23 12:23:20,602 [pool-59-thread-1] INFO  impl.RaftServerImpl (RaftServerImpl.java:start(195)) - 04710d3b-08a7-4a70-b69f-f772706c6105@group-9C82AC463749: start as a follower, conf=-1: [9d2a2146-2c04-423d-8f96-3c121403b328:192.168.69.118:40792, 04710d3b-08a7-4a70-b69f-f772706c6105:192.168.69.118:40289, 43cb0e13-5597-452b-a8b1-af00d0a4a497:192.168.69.118:45201], old=null
2019-10-23 12:23:20,602 [pool-59-thread-1] INFO  impl.RaftServerImpl (RaftServerImpl.java:setRole(184)) - 04710d3b-08a7-4a70-b69f-f772706c6105@group-9C82AC463749: changes role from      null to FOLLOWER at term 0 for startAsFollower
2019-10-23 12:23:20,602 [pool-37-thread-1] INFO  util.JmxRegister (JmxRegister.java:tryRegister(44)) - Successfully registered JMX Bean with object name Ratis:service=RaftServer,group=group-9C82AC463749,id=43cb0e13-5597-452b-a8b1-af00d0a4a497
2019-10-23 12:23:20,602 [pool-59-thread-1] INFO  impl.RoleInfo (RoleInfo.java:updateAndGet(143)) - 04710d3b-08a7-4a70-b69f-f772706c6105: start FollowerState
2019-10-23 12:23:20,603 [EventQueue-PendingDeleteStatusForPendingDeleteHandler] INFO  block.SCMBlockDeletingService (SCMBlockDeletingService.java:handlePendingDeletes(115)) - Block deletion txnID mismatch in datanode 04710d3b-08a7-4a70-b69f-f772706c6105 for containerID 1. Datanode delete txnID: 0, SCM txnID: 1
2019-10-23 12:23:20,603 [pool-59-thread-1] INFO  util.JmxRegister (JmxRegister.java:tryRegister(44)) - Successfully registered JMX Bean with object name Ratis:service=RaftServer,group=group-9C82AC463749,id=04710d3b-08a7-4a70-b69f-f772706c6105
2019-10-23 12:23:20,607 [Thread-752] INFO  impl.FollowerState (FollowerState.java:run(108)) - 04710d3b-08a7-4a70-b69f-f772706c6105@group-BDBF60B2ED1C-FollowerState: change to CANDIDATE, lastRpcTime:69ms, electionTimeout:69ms
2019-10-23 12:23:20,608 [Thread-752] INFO  impl.RoleInfo (RoleInfo.java:shutdownFollowerState(121)) - 04710d3b-08a7-4a70-b69f-f772706c6105: shutdown FollowerState
2019-10-23 12:23:20,608 [Thread-752] INFO  impl.RaftServerImpl (RaftServerImpl.java:setRole(184)) - 04710d3b-08a7-4a70-b69f-f772706c6105@group-BDBF60B2ED1C: changes role from  FOLLOWER to CANDIDATE at term 0 for changeToCandidate
2019-10-23 12:23:20,609 [Thread-752] INFO  impl.RoleInfo (RoleInfo.java:updateAndGet(143)) - 04710d3b-08a7-4a70-b69f-f772706c6105: start LeaderElection
2019-10-23 12:23:20,613 [RatisPipelineUtilsThread] INFO  pipeline.PipelineStateManager (PipelineStateManager.java:addPipeline(56)) - Created pipeline Pipeline[ Id: 71ec5dad-eb61-4857-89b1-9c82ac463749, Nodes: 43cb0e13-5597-452b-a8b1-af00d0a4a497{ip: 192.168.69.118, host: pr-hdds1643-t2fz7-3136866267, networkLocation: /default-rack, certSerialId: null}04710d3b-08a7-4a70-b69f-f772706c6105{ip: 192.168.69.118, host: pr-hdds1643-t2fz7-3136866267, networkLocation: /default-rack, certSerialId: null}9d2a2146-2c04-423d-8f96-3c121403b328{ip: 192.168.69.118, host: pr-hdds1643-t2fz7-3136866267, networkLocation: /default-rack, certSerialId: null}, Type:RATIS, Factor:THREE, State:OPEN]
2019-10-23 12:23:20,624 [04710d3b-08a7-4a70-b69f-f772706c6105@group-BDBF60B2ED1C-LeaderElection36] INFO  impl.LeaderElection (LeaderElection.java:askForVotes(178)) - 04710d3b-08a7-4a70-b69f-f772706c6105@group-BDBF60B2ED1C-LeaderElection36: begin an election at term 1 for -1: [04710d3b-08a7-4a70-b69f-f772706c6105:192.168.69.118:40289], old=null
2019-10-23 12:23:20,624 [04710d3b-08a7-4a70-b69f-f772706c6105@group-BDBF60B2ED1C-LeaderElection36] INFO  impl.RoleInfo (RoleInfo.java:shutdownLeaderElection(134)) - 04710d3b-08a7-4a70-b69f-f772706c6105: shutdown LeaderElection
2019-10-23 12:23:20,624 [04710d3b-08a7-4a70-b69f-f772706c6105@group-BDBF60B2ED1C-LeaderElection36] INFO  impl.RaftServerImpl (RaftServerImpl.java:setRole(184)) - 04710d3b-08a7-4a70-b69f-f772706c6105@group-BDBF60B2ED1C: changes role from CANDIDATE to LEADER at term 1 for changeToLeader
2019-10-23 12:23:20,624 [04710d3b-08a7-4a70-b69f-f772706c6105@group-BDBF60B2ED1C-LeaderElection36] INFO  impl.RaftServerImpl (ServerState.java:setLeader(256)) - 04710d3b-08a7-4a70-b69f-f772706c6105@group-BDBF60B2ED1C: change Leader from null to 04710d3b-08a7-4a70-b69f-f772706c6105 at term 1 for becomeLeader, leader elected after 92ms
2019-10-23 12:23:20,624 [04710d3b-08a7-4a70-b69f-f772706c6105@group-BDBF60B2ED1C-LeaderElection36] INFO  server.RaftServerConfigKeys (ConfUtils.java:logGet(43)) - raft.server.staging.catchup.gap = 1000 (default)
2019-10-23 12:23:20,625 [04710d3b-08a7-4a70-b69f-f772706c6105@group-BDBF60B2ED1C-LeaderElection36] INFO  server.RaftServerConfigKeys (ConfUtils.java:logGet(43)) - raft.server.rpc.sleep.time = 25ms (default)
2019-10-23 12:23:20,625 [04710d3b-08a7-4a70-b69f-f772706c6105@group-BDBF60B2ED1C-LeaderElection36] INFO  server.RaftServerConfigKeys (ConfUtils.java:logGet(43)) - raft.server.write.element-limit = 4096 (default)
2019-10-23 12:23:20,625 [04710d3b-08a7-4a70-b69f-f772706c6105@group-BDBF60B2ED1C-LeaderElection36] INFO  server.RaftServerConfigKeys (ConfUtils.java:logGet(43)) - raft.server.watch.timeout = 10s (default)
2019-10-23 12:23:20,625 [04710d3b-08a7-4a70-b69f-f772706c6105@group-BDBF60B2ED1C-LeaderElection36] INFO  server.RaftServerConfigKeys (ConfUtils.java:logGet(43)) - raft.server.watch.timeout.denomination = 1s (default)
2019-10-23 12:23:20,625 [04710d3b-08a7-4a70-b69f-f772706c6105@group-BDBF60B2ED1C-LeaderElection36] INFO  server.RaftServerConfigKeys (ConfUtils.java:logGet(43)) - raft.server.watch.element-limit = 65536 (default)
2019-10-23 12:23:20,628 [04710d3b-08a7-4a70-b69f-f772706c6105@group-BDBF60B2ED1C-LeaderElection36] INFO  impl.RoleInfo (RoleInfo.java:updateAndGet(143)) - 04710d3b-08a7-4a70-b69f-f772706c6105: start LeaderState
2019-10-23 12:23:20,628 [04710d3b-08a7-4a70-b69f-f772706c6105@group-BDBF60B2ED1C-LeaderElection36] INFO  segmented.SegmentedRaftLogWorker (SegmentedRaftLogWorker.java:startLogSegment(385)) - 04710d3b-08a7-4a70-b69f-f772706c6105@group-BDBF60B2ED1C-SegmentedRaftLogWorker: Starting segment from index:0
2019-10-23 12:23:20,628 [04710d3b-08a7-4a70-b69f-f772706c6105@group-BDBF60B2ED1C-LeaderElection36] INFO  impl.RaftServerImpl (ServerState.java:setRaftConf(357)) - 04710d3b-08a7-4a70-b69f-f772706c6105@group-BDBF60B2ED1C: set configuration 0: [04710d3b-08a7-4a70-b69f-f772706c6105:192.168.69.118:40289], old=null at 0
2019-10-23 12:23:20,661 [04710d3b-08a7-4a70-b69f-f772706c6105@group-BDBF60B2ED1C-SegmentedRaftLogWorker] INFO  segmented.SegmentedRaftLogWorker (SegmentedRaftLogWorker.java:execute(576)) - 04710d3b-08a7-4a70-b69f-f772706c6105@group-BDBF60B2ED1C-SegmentedRaftLogWorker: created new log segment /workdir/hadoop-ozone/integration-test/target/test-dir/MiniOzoneClusterImpl-2e89ea2c-3d6a-4952-ac09-5f42be2d5130/datanode-2/data/ratis/c42c496c-1701-407c-bb5a-bdbf60b2ed1c/current/log_inprogress_0
2019-10-23 12:23:20,665 [Thread-763] INFO  impl.FollowerState (FollowerState.java:run(108)) - 9d2a2146-2c04-423d-8f96-3c121403b328@group-9C82AC463749-FollowerState: change to CANDIDATE, lastRpcTime:63ms, electionTimeout:63ms
2019-10-23 12:23:20,665 [Thread-763] INFO  impl.RoleInfo (RoleInfo.java:shutdownFollowerState(121)) - 9d2a2146-2c04-423d-8f96-3c121403b328: shutdown FollowerState
2019-10-23 12:23:20,665 [Thread-763] INFO  impl.RaftServerImpl (RaftServerImpl.java:setRole(184)) - 9d2a2146-2c04-423d-8f96-3c121403b328@group-9C82AC463749: changes role from  FOLLOWER to CANDIDATE at term 0 for changeToCandidate
2019-10-23 12:23:20,666 [Thread-763] INFO  impl.RoleInfo (RoleInfo.java:updateAndGet(143)) - 9d2a2146-2c04-423d-8f96-3c121403b328: start LeaderElection
2019-10-23 12:23:20,674 [9d2a2146-2c04-423d-8f96-3c121403b328@group-9C82AC463749-LeaderElection37] INFO  impl.LeaderElection (LeaderElection.java:askForVotes(178)) - 9d2a2146-2c04-423d-8f96-3c121403b328@group-9C82AC463749-LeaderElection37: begin an election at term 1 for -1: [9d2a2146-2c04-423d-8f96-3c121403b328:192.168.69.118:40792, 04710d3b-08a7-4a70-b69f-f772706c6105:192.168.69.118:40289, 43cb0e13-5597-452b-a8b1-af00d0a4a497:192.168.69.118:45201], old=null
2019-10-23 12:23:20,678 [grpc-default-executor-3] INFO  impl.RaftServerImpl (RaftServerImpl.java:setRole(184)) - 43cb0e13-5597-452b-a8b1-af00d0a4a497@group-9C82AC463749: changes role from  FOLLOWER to FOLLOWER at term 1 for recognizeCandidate:9d2a2146-2c04-423d-8f96-3c121403b328
2019-10-23 12:23:20,678 [grpc-default-executor-3] INFO  impl.RoleInfo (RoleInfo.java:shutdownFollowerState(121)) - 43cb0e13-5597-452b-a8b1-af00d0a4a497: shutdown FollowerState
2019-10-23 12:23:20,679 [Thread-764] INFO  impl.FollowerState (FollowerState.java:run(117)) - 43cb0e13-5597-452b-a8b1-af00d0a4a497@group-9C82AC463749-FollowerState was interrupted: java.lang.InterruptedException: sleep interrupted
2019-10-23 12:23:20,679 [grpc-default-executor-3] INFO  impl.RoleInfo (RoleInfo.java:updateAndGet(143)) - 43cb0e13-5597-452b-a8b1-af00d0a4a497: start FollowerState
2019-10-23 12:23:20,680 [grpc-default-executor-7] INFO  impl.RaftServerImpl (RaftServerImpl.java:setRole(184)) - 04710d3b-08a7-4a70-b69f-f772706c6105@group-9C82AC463749: changes role from  FOLLOWER to FOLLOWER at term 1 for recognizeCandidate:9d2a2146-2c04-423d-8f96-3c121403b328
2019-10-23 12:23:20,681 [grpc-default-executor-7] INFO  impl.RoleInfo (RoleInfo.java:shutdownFollowerState(121)) - 04710d3b-08a7-4a70-b69f-f772706c6105: shutdown FollowerState
2019-10-23 12:23:20,681 [grpc-default-executor-7] INFO  impl.RoleInfo (RoleInfo.java:updateAndGet(143)) - 04710d3b-08a7-4a70-b69f-f772706c6105: start FollowerState
2019-10-23 12:23:20,681 [Thread-765] INFO  impl.FollowerState (FollowerState.java:run(117)) - 04710d3b-08a7-4a70-b69f-f772706c6105@group-9C82AC463749-FollowerState was interrupted: java.lang.InterruptedException: sleep interrupted
2019-10-23 12:23:20,693 [9d2a2146-2c04-423d-8f96-3c121403b328@group-9C82AC463749-LeaderElection37] INFO  impl.LeaderElection (LeaderElection.java:logAndReturn(56)) - 9d2a2146-2c04-423d-8f96-3c121403b328@group-9C82AC463749-LeaderElection37: Election PASSED; received 1 response(s) [9d2a2146-2c04-423d-8f96-3c121403b328<-43cb0e13-5597-452b-a8b1-af00d0a4a497#0:OK-t1] and 0 exception(s); 9d2a2146-2c04-423d-8f96-3c121403b328@group-9C82AC463749:t1, leader=null, voted=9d2a2146-2c04-423d-8f96-3c121403b328, raftlog=9d2a2146-2c04-423d-8f96-3c121403b328@group-9C82AC463749-SegmentedRaftLog:OPENED:c-1,f-1,i0, conf=-1: [9d2a2146-2c04-423d-8f96-3c121403b328:192.168.69.118:40792, 04710d3b-08a7-4a70-b69f-f772706c6105:192.168.69.118:40289, 43cb0e13-5597-452b-a8b1-af00d0a4a497:192.168.69.118:45201], old=null
2019-10-23 12:23:20,693 [9d2a2146-2c04-423d-8f96-3c121403b328@group-9C82AC463749-LeaderElection37] INFO  impl.RoleInfo (RoleInfo.java:shutdownLeaderElection(134)) - 9d2a2146-2c04-423d-8f96-3c121403b328: shutdown LeaderElection
2019-10-23 12:23:20,693 [9d2a2146-2c04-423d-8f96-3c121403b328@group-9C82AC463749-LeaderElection37] INFO  impl.RaftServerImpl (RaftServerImpl.java:setRole(184)) - 9d2a2146-2c04-423d-8f96-3c121403b328@group-9C82AC463749: changes role from CANDIDATE to LEADER at term 1 for changeToLeader
2019-10-23 12:23:20,693 [9d2a2146-2c04-423d-8f96-3c121403b328@group-9C82AC463749-LeaderElection37] INFO  impl.RaftServerImpl (ServerState.java:setLeader(256)) - 9d2a2146-2c04-423d-8f96-3c121403b328@group-9C82AC463749: change Leader from null to 9d2a2146-2c04-423d-8f96-3c121403b328 at term 1 for becomeLeader, leader elected after 103ms
2019-10-23 12:23:20,693 [9d2a2146-2c04-423d-8f96-3c121403b328@group-9C82AC463749-LeaderElection37] INFO  server.RaftServerConfigKeys (ConfUtils.java:logGet(43)) - raft.server.staging.catchup.gap = 1000 (default)
2019-10-23 12:23:20,693 [9d2a2146-2c04-423d-8f96-3c121403b328@group-9C82AC463749-LeaderElection37] INFO  server.RaftServerConfigKeys (ConfUtils.java:logGet(43)) - raft.server.rpc.sleep.time = 25ms (default)
2019-10-23 12:23:20,694 [9d2a2146-2c04-423d-8f96-3c121403b328@group-9C82AC463749-LeaderElection37] INFO  server.RaftServerConfigKeys (ConfUtils.java:logGet(43)) - raft.server.write.element-limit = 4096 (default)
2019-10-23 12:23:20,694 [9d2a2146-2c04-423d-8f96-3c121403b328@group-9C82AC463749-LeaderElection37] INFO  server.RaftServerConfigKeys (ConfUtils.java:logGet(43)) - raft.server.watch.timeout = 10s (default)
2019-10-23 12:23:20,694 [9d2a2146-2c04-423d-8f96-3c121403b328@group-9C82AC463749-LeaderElection37] INFO  server.RaftServerConfigKeys (ConfUtils.java:logGet(43)) - raft.server.watch.timeout.denomination = 1s (default)
2019-10-23 12:23:20,694 [9d2a2146-2c04-423d-8f96-3c121403b328@group-9C82AC463749-LeaderElection37] INFO  server.RaftServerConfigKeys (ConfUtils.java:logGet(43)) - raft.server.watch.element-limit = 65536 (default)
2019-10-23 12:23:20,697 [9d2a2146-2c04-423d-8f96-3c121403b328@group-9C82AC463749-LeaderElection37] INFO  server.RaftServerConfigKeys (ConfUtils.java:logGet(43)) - raft.server.log.appender.snapshot.chunk.size.max = 16MB (=16777216) (default)
2019-10-23 12:23:20,697 [9d2a2146-2c04-423d-8f96-3c121403b328@group-9C82AC463749-LeaderElection37] INFO  server.RaftServerConfigKeys (ConfUtils.java:logGet(43)) - raft.server.log.appender.buffer.byte-limit = 33554432 (custom)
2019-10-23 12:23:20,697 [9d2a2146-2c04-423d-8f96-3c121403b328@group-9C82AC463749-LeaderElection37] INFO  server.RaftServerConfigKeys (ConfUtils.java:logGet(43)) - raft.server.log.appender.buffer.element-limit = 1 (custom)
2019-10-23 12:23:20,697 [9d2a2146-2c04-423d-8f96-3c121403b328@group-9C82AC463749-LeaderElection37] INFO  grpc.GrpcConfigKeys$Server (ConfUtils.java:logGet(43)) - raft.grpc.server.leader.outstanding.appends.max = 128 (default)
2019-10-23 12:23:20,697 [9d2a2146-2c04-423d-8f96-3c121403b328@group-9C82AC463749-LeaderElection37] INFO  server.RaftServerConfigKeys (ConfUtils.java:logGet(43)) - raft.server.rpc.request.timeout = 3000ms (default)
2019-10-23 12:23:20,697 [9d2a2146-2c04-423d-8f96-3c121403b328@group-9C82AC463749-LeaderElection37] INFO  server.RaftServerConfigKeys (ConfUtils.java:logGet(43)) - raft.server.log.appender.install.snapshot.enabled = false (custom)
2019-10-23 12:23:20,700 [9d2a2146-2c04-423d-8f96-3c121403b328@group-9C82AC463749-LeaderElection37] INFO  server.RaftServerConfigKeys (ConfUtils.java:logGet(43)) - raft.server.log.appender.snapshot.chunk.size.max = 16MB (=16777216) (default)
2019-10-23 12:23:20,700 [9d2a2146-2c04-423d-8f96-3c121403b328@group-9C82AC463749-LeaderElection37] INFO  server.RaftServerConfigKeys (ConfUtils.java:logGet(43)) - raft.server.log.appender.buffer.byte-limit = 33554432 (custom)
2019-10-23 12:23:20,700 [9d2a2146-2c04-423d-8f96-3c121403b328@group-9C82AC463749-LeaderElection37] INFO  server.RaftServerConfigKeys (ConfUtils.java:logGet(43)) - raft.server.log.appender.buffer.element-limit = 1 (custom)
2019-10-23 12:23:20,700 [9d2a2146-2c04-423d-8f96-3c121403b328@group-9C82AC463749-LeaderElection37] INFO  grpc.GrpcConfigKeys$Server (ConfUtils.java:logGet(43)) - raft.grpc.server.leader.outstanding.appends.max = 128 (default)
2019-10-23 12:23:20,700 [9d2a2146-2c04-423d-8f96-3c121403b328@group-9C82AC463749-LeaderElection37] INFO  server.RaftServerConfigKeys (ConfUtils.java:logGet(43)) - raft.server.rpc.request.timeout = 3000ms (default)
2019-10-23 12:23:20,701 [9d2a2146-2c04-423d-8f96-3c121403b328@group-9C82AC463749-LeaderElection37] INFO  server.RaftServerConfigKeys (ConfUtils.java:logGet(43)) - raft.server.log.appender.install.snapshot.enabled = false (custom)
2019-10-23 12:23:20,703 [9d2a2146-2c04-423d-8f96-3c121403b328@group-9C82AC463749-LeaderElection37] INFO  impl.RoleInfo (RoleInfo.java:updateAndGet(143)) - 9d2a2146-2c04-423d-8f96-3c121403b328: start LeaderState
2019-10-23 12:23:20,703 [9d2a2146-2c04-423d-8f96-3c121403b328@group-9C82AC463749-LeaderElection37] INFO  segmented.SegmentedRaftLogWorker (SegmentedRaftLogWorker.java:startLogSegment(385)) - 9d2a2146-2c04-423d-8f96-3c121403b328@group-9C82AC463749-SegmentedRaftLogWorker: Starting segment from index:0
2019-10-23 12:23:20,703 [9d2a2146-2c04-423d-8f96-3c121403b328@group-9C82AC463749-LeaderElection37] INFO  impl.RaftServerImpl (ServerState.java:setRaftConf(357)) - 9d2a2146-2c04-423d-8f96-3c121403b328@group-9C82AC463749: set configuration 0: [9d2a2146-2c04-423d-8f96-3c121403b328:192.168.69.118:40792, 04710d3b-08a7-4a70-b69f-f772706c6105:192.168.69.118:40289, 43cb0e13-5597-452b-a8b1-af00d0a4a497:192.168.69.118:45201], old=null at 0
2019-10-23 12:23:20,726 [grpc-default-executor-3] INFO  impl.RaftServerImpl (ServerState.java:setLeader(256)) - 04710d3b-08a7-4a70-b69f-f772706c6105@group-9C82AC463749: change Leader from null to 9d2a2146-2c04-423d-8f96-3c121403b328 at term 1 for appendEntries, leader elected after 135ms
2019-10-23 12:23:20,727 [grpc-default-executor-7] INFO  impl.RaftServerImpl (ServerState.java:setLeader(256)) - 43cb0e13-5597-452b-a8b1-af00d0a4a497@group-9C82AC463749: change Leader from null to 9d2a2146-2c04-423d-8f96-3c121403b328 at term 1 for appendEntries, leader elected after 137ms
2019-10-23 12:23:20,730 [grpc-default-executor-3] INFO  impl.RaftServerImpl (ServerState.java:setRaftConf(357)) - 43cb0e13-5597-452b-a8b1-af00d0a4a497@group-9C82AC463749: set configuration 0: [9d2a2146-2c04-423d-8f96-3c121403b328:192.168.69.118:40792, 04710d3b-08a7-4a70-b69f-f772706c6105:192.168.69.118:40289, 43cb0e13-5597-452b-a8b1-af00d0a4a497:192.168.69.118:45201], old=null at 0
2019-10-23 12:23:20,730 [grpc-default-executor-7] INFO  impl.RaftServerImpl (ServerState.java:setRaftConf(357)) - 04710d3b-08a7-4a70-b69f-f772706c6105@group-9C82AC463749: set configuration 0: [9d2a2146-2c04-423d-8f96-3c121403b328:192.168.69.118:40792, 04710d3b-08a7-4a70-b69f-f772706c6105:192.168.69.118:40289, 43cb0e13-5597-452b-a8b1-af00d0a4a497:192.168.69.118:45201], old=null at 0
2019-10-23 12:23:20,731 [grpc-default-executor-3] INFO  segmented.SegmentedRaftLogWorker (SegmentedRaftLogWorker.java:startLogSegment(385)) - 43cb0e13-5597-452b-a8b1-af00d0a4a497@group-9C82AC463749-SegmentedRaftLogWorker: Starting segment from index:0
2019-10-23 12:23:20,731 [grpc-default-executor-7] INFO  segmented.SegmentedRaftLogWorker (SegmentedRaftLogWorker.java:startLogSegment(385)) - 04710d3b-08a7-4a70-b69f-f772706c6105@group-9C82AC463749-SegmentedRaftLogWorker: Starting segment from index:0
2019-10-23 12:23:20,738 [9d2a2146-2c04-423d-8f96-3c121403b328@group-9C82AC463749-SegmentedRaftLogWorker] INFO  segmented.SegmentedRaftLogWorker (SegmentedRaftLogWorker.java:execute(576)) - 9d2a2146-2c04-423d-8f96-3c121403b328@group-9C82AC463749-SegmentedRaftLogWorker: created new log segment /workdir/hadoop-ozone/integration-test/target/test-dir/MiniOzoneClusterImpl-2e89ea2c-3d6a-4952-ac09-5f42be2d5130/datanode-0/data/ratis/71ec5dad-eb61-4857-89b1-9c82ac463749/current/log_inprogress_0
2019-10-23 12:23:20,760 [43cb0e13-5597-452b-a8b1-af00d0a4a497@group-9C82AC463749-SegmentedRaftLogWorker] INFO  segmented.SegmentedRaftLogWorker (SegmentedRaftLogWorker.java:execute(576)) - 43cb0e13-5597-452b-a8b1-af00d0a4a497@group-9C82AC463749-SegmentedRaftLogWorker: created new log segment /workdir/hadoop-ozone/integration-test/target/test-dir/MiniOzoneClusterImpl-2e89ea2c-3d6a-4952-ac09-5f42be2d5130/datanode-1/data/ratis/71ec5dad-eb61-4857-89b1-9c82ac463749/current/log_inprogress_0
2019-10-23 12:23:20,760 [04710d3b-08a7-4a70-b69f-f772706c6105@group-9C82AC463749-SegmentedRaftLogWorker] INFO  segmented.SegmentedRaftLogWorker (SegmentedRaftLogWorker.java:execute(576)) - 04710d3b-08a7-4a70-b69f-f772706c6105@group-9C82AC463749-SegmentedRaftLogWorker: created new log segment /workdir/hadoop-ozone/integration-test/target/test-dir/MiniOzoneClusterImpl-2e89ea2c-3d6a-4952-ac09-5f42be2d5130/datanode-2/data/ratis/71ec5dad-eb61-4857-89b1-9c82ac463749/current/log_inprogress_0
2019-10-23 12:23:20,781 [Thread-759] INFO  impl.FollowerState (FollowerState.java:run(108)) - 04710d3b-08a7-4a70-b69f-f772706c6105@group-40390D33441A-FollowerState: change to CANDIDATE, lastRpcTime:189ms, electionTimeout:189ms
2019-10-23 12:23:20,781 [Thread-759] INFO  impl.RoleInfo (RoleInfo.java:shutdownFollowerState(121)) - 04710d3b-08a7-4a70-b69f-f772706c6105: shutdown FollowerState
2019-10-23 12:23:20,782 [Thread-759] INFO  impl.RaftServerImpl (RaftServerImpl.java:setRole(184)) - 04710d3b-08a7-4a70-b69f-f772706c6105@group-40390D33441A: changes role from  FOLLOWER to CANDIDATE at term 31 for changeToCandidate
2019-10-23 12:23:20,782 [Thread-759] INFO  impl.RoleInfo (RoleInfo.java:updateAndGet(143)) - 04710d3b-08a7-4a70-b69f-f772706c6105: start LeaderElection
2019-10-23 12:23:20,791 [04710d3b-08a7-4a70-b69f-f772706c6105@group-40390D33441A-LeaderElection38] INFO  impl.LeaderElection (LeaderElection.java:askForVotes(178)) - 04710d3b-08a7-4a70-b69f-f772706c6105@group-40390D33441A-LeaderElection38: begin an election at term 32 for 0: [9d2a2146-2c04-423d-8f96-3c121403b328:192.168.69.118:40792, 04710d3b-08a7-4a70-b69f-f772706c6105:192.168.69.118:40289, 43cb0e13-5597-452b-a8b1-af00d0a4a497:192.168.69.118:45201], old=null
2019-10-23 12:23:20,793 [grpc-default-executor-3] INFO  impl.RaftServerImpl (RaftServerImpl.java:setRole(184)) - 43cb0e13-5597-452b-a8b1-af00d0a4a497@group-40390D33441A: changes role from  FOLLOWER to FOLLOWER at term 32 for recognizeCandidate:04710d3b-08a7-4a70-b69f-f772706c6105
2019-10-23 12:23:20,793 [grpc-default-executor-7] INFO  impl.RaftServerImpl (RaftServerImpl.java:setRole(184)) - 9d2a2146-2c04-423d-8f96-3c121403b328@group-40390D33441A: changes role from  FOLLOWER to FOLLOWER at term 32 for recognizeCandidate:04710d3b-08a7-4a70-b69f-f772706c6105
2019-10-23 12:23:20,793 [grpc-default-executor-3] INFO  impl.RoleInfo (RoleInfo.java:shutdownFollowerState(121)) - 43cb0e13-5597-452b-a8b1-af00d0a4a497: shutdown FollowerState
2019-10-23 12:23:20,794 [grpc-default-executor-7] INFO  impl.RoleInfo (RoleInfo.java:shutdownFollowerState(121)) - 9d2a2146-2c04-423d-8f96-3c121403b328: shutdown FollowerState
2019-10-23 12:23:20,794 [Thread-757] INFO  impl.FollowerState (FollowerState.java:run(117)) - 43cb0e13-5597-452b-a8b1-af00d0a4a497@group-40390D33441A-FollowerState was interrupted: java.lang.InterruptedException: sleep interrupted
2019-10-23 12:23:20,794 [grpc-default-executor-7] INFO  impl.RoleInfo (RoleInfo.java:updateAndGet(143)) - 9d2a2146-2c04-423d-8f96-3c121403b328: start FollowerState
2019-10-23 12:23:20,794 [grpc-default-executor-3] INFO  impl.RoleInfo (RoleInfo.java:updateAndGet(143)) - 43cb0e13-5597-452b-a8b1-af00d0a4a497: start FollowerState
2019-10-23 12:23:20,794 [Thread-758] INFO  impl.FollowerState (FollowerState.java:run(117)) - 9d2a2146-2c04-423d-8f96-3c121403b328@group-40390D33441A-FollowerState was interrupted: java.lang.InterruptedException: sleep interrupted
2019-10-23 12:23:20,808 [04710d3b-08a7-4a70-b69f-f772706c6105@group-40390D33441A-LeaderElection38] INFO  impl.LeaderElection (LeaderElection.java:logAndReturn(56)) - 04710d3b-08a7-4a70-b69f-f772706c6105@group-40390D33441A-LeaderElection38: Election REJECTED; received 2 response(s) [04710d3b-08a7-4a70-b69f-f772706c6105<-9d2a2146-2c04-423d-8f96-3c121403b328#0:FAIL-t32, 04710d3b-08a7-4a70-b69f-f772706c6105<-43cb0e13-5597-452b-a8b1-af00d0a4a497#0:FAIL-t32] and 0 exception(s); 04710d3b-08a7-4a70-b69f-f772706c6105@group-40390D33441A:t32, leader=null, voted=04710d3b-08a7-4a70-b69f-f772706c6105, raftlog=04710d3b-08a7-4a70-b69f-f772706c6105@group-40390D33441A-SegmentedRaftLog:OPENED:c3,f4,i4, conf=0: [9d2a2146-2c04-423d-8f96-3c121403b328:192.168.69.118:40792, 04710d3b-08a7-4a70-b69f-f772706c6105:192.168.69.118:40289, 43cb0e13-5597-452b-a8b1-af00d0a4a497:192.168.69.118:45201], old=null
2019-10-23 12:23:20,808 [04710d3b-08a7-4a70-b69f-f772706c6105@group-40390D33441A-LeaderElection38] INFO  impl.RaftServerImpl (RaftServerImpl.java:setRole(184)) - 04710d3b-08a7-4a70-b69f-f772706c6105@group-40390D33441A: changes role from CANDIDATE to FOLLOWER at term 32 for DISCOVERED_A_NEW_TERM
2019-10-23 12:23:20,808 [04710d3b-08a7-4a70-b69f-f772706c6105@group-40390D33441A-LeaderElection38] INFO  impl.RoleInfo (RoleInfo.java:shutdownLeaderElection(134)) - 04710d3b-08a7-4a70-b69f-f772706c6105: shutdown LeaderElection
2019-10-23 12:23:20,809 [04710d3b-08a7-4a70-b69f-f772706c6105@group-40390D33441A-LeaderElection38] INFO  impl.RoleInfo (RoleInfo.java:updateAndGet(143)) - 04710d3b-08a7-4a70-b69f-f772706c6105: start FollowerState
2019-10-23 12:23:20,860 [Thread-790] INFO  impl.FollowerState (FollowerState.java:run(108)) - 04710d3b-08a7-4a70-b69f-f772706c6105@group-40390D33441A-FollowerState: change to CANDIDATE, lastRpcTime:51ms, electionTimeout:51ms
2019-10-23 12:23:20,865 [Thread-790] INFO  impl.RoleInfo (RoleInfo.java:shutdownFollowerState(121)) - 04710d3b-08a7-4a70-b69f-f772706c6105: shutdown FollowerState
2019-10-23 12:23:20,865 [Thread-790] INFO  impl.RaftServerImpl (RaftServerImpl.java:setRole(184)) - 04710d3b-08a7-4a70-b69f-f772706c6105@group-40390D33441A: changes role from  FOLLOWER to CANDIDATE at term 32 for changeToCandidate
2019-10-23 12:23:20,865 [Thread-790] INFO  impl.RoleInfo (RoleInfo.java:updateAndGet(143)) - 04710d3b-08a7-4a70-b69f-f772706c6105: start LeaderElection
2019-10-23 12:23:20,879 [04710d3b-08a7-4a70-b69f-f772706c6105@group-40390D33441A-LeaderElection39] INFO  impl.LeaderElection (LeaderElection.java:askForVotes(178)) - 04710d3b-08a7-4a70-b69f-f772706c6105@group-40390D33441A-LeaderElection39: begin an election at term 33 for 0: [9d2a2146-2c04-423d-8f96-3c121403b328:192.168.69.118:40792, 04710d3b-08a7-4a70-b69f-f772706c6105:192.168.69.118:40289, 43cb0e13-5597-452b-a8b1-af00d0a4a497:192.168.69.118:45201], old=null
2019-10-23 12:23:20,881 [grpc-default-executor-3] INFO  impl.RaftServerImpl (RaftServerImpl.java:setRole(184)) - 43cb0e13-5597-452b-a8b1-af00d0a4a497@group-40390D33441A: changes role from  FOLLOWER to FOLLOWER at term 33 for recognizeCandidate:04710d3b-08a7-4a70-b69f-f772706c6105
2019-10-23 12:23:20,882 [grpc-default-executor-3] INFO  impl.RoleInfo (RoleInfo.java:shutdownFollowerState(121)) - 43cb0e13-5597-452b-a8b1-af00d0a4a497: shutdown FollowerState
2019-10-23 12:23:20,881 [grpc-default-executor-7] INFO  impl.RaftServerImpl (RaftServerImpl.java:setRole(184)) - 9d2a2146-2c04-423d-8f96-3c121403b328@group-40390D33441A: changes role from  FOLLOWER to FOLLOWER at term 33 for recognizeCandidate:04710d3b-08a7-4a70-b69f-f772706c6105
2019-10-23 12:23:20,882 [Thread-788] INFO  impl.FollowerState (FollowerState.java:run(117)) - 43cb0e13-5597-452b-a8b1-af00d0a4a497@group-40390D33441A-FollowerState was interrupted: java.lang.InterruptedException: sleep interrupted
2019-10-23 12:23:20,882 [grpc-default-executor-3] INFO  impl.RoleInfo (RoleInfo.java:updateAndGet(143)) - 43cb0e13-5597-452b-a8b1-af00d0a4a497: start FollowerState
2019-10-23 12:23:20,882 [grpc-default-executor-7] INFO  impl.RoleInfo (RoleInfo.java:shutdownFollowerState(121)) - 9d2a2146-2c04-423d-8f96-3c121403b328: shutdown FollowerState
2019-10-23 12:23:20,882 [Thread-789] INFO  impl.FollowerState (FollowerState.java:run(117)) - 9d2a2146-2c04-423d-8f96-3c121403b328@group-40390D33441A-FollowerState was interrupted: java.lang.InterruptedException: sleep interrupted
2019-10-23 12:23:20,882 [grpc-default-executor-7] INFO  impl.RoleInfo (RoleInfo.java:updateAndGet(143)) - 9d2a2146-2c04-423d-8f96-3c121403b328: start FollowerState
2019-10-23 12:23:20,896 [04710d3b-08a7-4a70-b69f-f772706c6105@group-40390D33441A-LeaderElection39] INFO  impl.LeaderElection (LeaderElection.java:logAndReturn(56)) - 04710d3b-08a7-4a70-b69f-f772706c6105@group-40390D33441A-LeaderElection39: Election REJECTED; received 2 response(s) [04710d3b-08a7-4a70-b69f-f772706c6105<-9d2a2146-2c04-423d-8f96-3c121403b328#0:FAIL-t33, 04710d3b-08a7-4a70-b69f-f772706c6105<-43cb0e13-5597-452b-a8b1-af00d0a4a497#0:FAIL-t33] and 0 exception(s); 04710d3b-08a7-4a70-b69f-f772706c6105@group-40390D33441A:t33, leader=null, voted=04710d3b-08a7-4a70-b69f-f772706c6105, raftlog=04710d3b-08a7-4a70-b69f-f772706c6105@group-40390D33441A-SegmentedRaftLog:OPENED:c3,f4,i4, conf=0: [9d2a2146-2c04-423d-8f96-3c121403b328:192.168.69.118:40792, 04710d3b-08a7-4a70-b69f-f772706c6105:192.168.69.118:40289, 43cb0e13-5597-452b-a8b1-af00d0a4a497:192.168.69.118:45201], old=null
2019-10-23 12:23:20,897 [04710d3b-08a7-4a70-b69f-f772706c6105@group-40390D33441A-LeaderElection39] INFO  impl.RaftServerImpl (RaftServerImpl.java:setRole(184)) - 04710d3b-08a7-4a70-b69f-f772706c6105@group-40390D33441A: changes role from CANDIDATE to FOLLOWER at term 33 for DISCOVERED_A_NEW_TERM
2019-10-23 12:23:20,897 [04710d3b-08a7-4a70-b69f-f772706c6105@group-40390D33441A-LeaderElection39] INFO  impl.RoleInfo (RoleInfo.java:shutdownLeaderElection(134)) - 04710d3b-08a7-4a70-b69f-f772706c6105: shutdown LeaderElection
2019-10-23 12:23:20,897 [04710d3b-08a7-4a70-b69f-f772706c6105@group-40390D33441A-LeaderElection39] INFO  impl.RoleInfo (RoleInfo.java:updateAndGet(143)) - 04710d3b-08a7-4a70-b69f-f772706c6105: start FollowerState
2019-10-23 12:23:20,902 [EventQueue-PendingDeleteStatusForPendingDeleteHandler] INFO  block.SCMBlockDeletingService (SCMBlockDeletingService.java:handlePendingDeletes(115)) - Block deletion txnID mismatch in datanode 04710d3b-08a7-4a70-b69f-f772706c6105 for containerID 1. Datanode delete txnID: 0, SCM txnID: 1
2019-10-23 12:23:20,923 [BlockDeletingService#9] WARN  background.BlockDeletingService (BlockDeletingService.java:isDeletionAllowed(187)) - Close Container log Index 6 is not replicated across allthe servers in the pipeline c0e4f3a0-4d63-43fc-af6c-40390d33441a as the min replicated index is 4. Deletion is not allowed in this container yet.
2019-10-23 12:23:20,924 [BlockDeletingService#4] WARN  background.BlockDeletingService (BlockDeletingService.java:isDeletionAllowed(187)) - Close Container log Index 6 is not replicated across allthe servers in the pipeline c0e4f3a0-4d63-43fc-af6c-40390d33441a as the min replicated index is 4. Deletion is not allowed in this container yet.
2019-10-23 12:23:20,963 [Thread-800] INFO  client.GrpcClientProtocolService (GrpcClientProtocolService.java:lambda$processClientRequest$0(278)) - Failed RaftClientRequest:client-F877F7AB4D5B->9d2a2146-2c04-423d-8f96-3c121403b328@group-40390D33441A, cid=10, seq=0, Watch-ALL_COMMITTED(6), Message:<EMPTY>, reply=RaftClientReply:client-F877F7AB4D5B->9d2a2146-2c04-423d-8f96-3c121403b328@group-40390D33441A, cid=10, FAILED org.apache.ratis.protocol.NotLeaderException: Server 9d2a2146-2c04-423d-8f96-3c121403b328@group-40390D33441A is not the leader, logIndex=0, commits[9d2a2146-2c04-423d-8f96-3c121403b328:c10, 04710d3b-08a7-4a70-b69f-f772706c6105:c4, 43cb0e13-5597-452b-a8b1-af00d0a4a497:c10]
2019-10-23 12:23:21,007 [Thread-796] INFO  impl.FollowerState (FollowerState.java:run(108)) - 04710d3b-08a7-4a70-b69f-f772706c6105@group-40390D33441A-FollowerState: change to CANDIDATE, lastRpcTime:110ms, electionTimeout:110ms
2019-10-23 12:23:21,007 [Thread-796] INFO  impl.RoleInfo (RoleInfo.java:shutdownFollowerState(121)) - 04710d3b-08a7-4a70-b69f-f772706c6105: shutdown FollowerState
2019-10-23 12:23:21,007 [Thread-796] INFO  impl.RaftServerImpl (RaftServerImpl.java:setRole(184)) - 04710d3b-08a7-4a70-b69f-f772706c6105@group-40390D33441A: changes role from  FOLLOWER to CANDIDATE at term 33 for changeToCandidate
2019-10-23 12:23:21,008 [Thread-796] INFO  impl.RoleInfo (RoleInfo.java:updateAndGet(143)) - 04710d3b-08a7-4a70-b69f-f772706c6105: start LeaderElection
2019-10-23 12:23:21,030 [04710d3b-08a7-4a70-b69f-f772706c6105@group-40390D33441A-LeaderElection40] INFO  impl.LeaderElection (LeaderElection.java:askForVotes(178)) - 04710d3b-08a7-4a70-b69f-f772706c6105@group-40390D33441A-LeaderElection40: begin an election at term 34 for 0: [9d2a2146-2c04-423d-8f96-3c121403b328:192.168.69.118:40792, 04710d3b-08a7-4a70-b69f-f772706c6105:192.168.69.118:40289, 43cb0e13-5597-452b-a8b1-af00d0a4a497:192.168.69.118:45201], old=null
2019-10-23 12:23:21,033 [grpc-default-executor-3] INFO  impl.RaftServerImpl (RaftServerImpl.java:setRole(184)) - 9d2a2146-2c04-423d-8f96-3c121403b328@group-40390D33441A: changes role from  FOLLOWER to FOLLOWER at term 34 for recognizeCandidate:04710d3b-08a7-4a70-b69f-f772706c6105
2019-10-23 12:23:21,033 [grpc-default-executor-3] INFO  impl.RoleInfo (RoleInfo.java:shutdownFollowerState(121)) - 9d2a2146-2c04-423d-8f96-3c121403b328: shutdown FollowerState
2019-10-23 12:23:21,033 [grpc-default-executor-3] INFO  impl.RoleInfo (RoleInfo.java:updateAndGet(143)) - 9d2a2146-2c04-423d-8f96-3c121403b328: start FollowerState
2019-10-23 12:23:21,033 [Thread-795] INFO  impl.FollowerState (FollowerState.java:run(117)) - 9d2a2146-2c04-423d-8f96-3c121403b328@group-40390D33441A-FollowerState was interrupted: java.lang.InterruptedException: sleep interrupted
2019-10-23 12:23:21,033 [grpc-default-executor-7] INFO  impl.RaftServerImpl (RaftServerImpl.java:setRole(184)) - 43cb0e13-5597-452b-a8b1-af00d0a4a497@group-40390D33441A: changes role from  FOLLOWER to FOLLOWER at term 34 for recognizeCandidate:04710d3b-08a7-4a70-b69f-f772706c6105
2019-10-23 12:23:21,033 [grpc-default-executor-7] INFO  impl.RoleInfo (RoleInfo.java:shutdownFollowerState(121)) - 43cb0e13-5597-452b-a8b1-af00d0a4a497: shutdown FollowerState
2019-10-23 12:23:21,033 [Thread-794] INFO  impl.FollowerState (FollowerState.java:run(117)) - 43cb0e13-5597-452b-a8b1-af00d0a4a497@group-40390D33441A-FollowerState was interrupted: java.lang.InterruptedException: sleep interrupted
2019-10-23 12:23:21,033 [grpc-default-executor-7] INFO  impl.RoleInfo (RoleInfo.java:updateAndGet(143)) - 43cb0e13-5597-452b-a8b1-af00d0a4a497: start FollowerState
2019-10-23 12:23:21,048 [04710d3b-08a7-4a70-b69f-f772706c6105@group-40390D33441A-LeaderElection40] INFO  impl.LeaderElection (LeaderElection.java:logAndReturn(56)) - 04710d3b-08a7-4a70-b69f-f772706c6105@group-40390D33441A-LeaderElection40: Election REJECTED; received 2 response(s) [04710d3b-08a7-4a70-b69f-f772706c6105<-9d2a2146-2c04-423d-8f96-3c121403b328#0:FAIL-t34, 04710d3b-08a7-4a70-b69f-f772706c6105<-43cb0e13-5597-452b-a8b1-af00d0a4a497#0:FAIL-t34] and 0 exception(s); 04710d3b-08a7-4a70-b69f-f772706c6105@group-40390D33441A:t34, leader=null, voted=04710d3b-08a7-4a70-b69f-f772706c6105, raftlog=04710d3b-08a7-4a70-b69f-f772706c6105@group-40390D33441A-SegmentedRaftLog:OPENED:c3,f4,i4, conf=0: [9d2a2146-2c04-423d-8f96-3c121403b328:192.168.69.118:40792, 04710d3b-08a7-4a70-b69f-f772706c6105:192.168.69.118:40289, 43cb0e13-5597-452b-a8b1-af00d0a4a497:192.168.69.118:45201], old=null
2019-10-23 12:23:21,048 [04710d3b-08a7-4a70-b69f-f772706c6105@group-40390D33441A-LeaderElection40] INFO  impl.RaftServerImpl (RaftServerImpl.java:setRole(184)) - 04710d3b-08a7-4a70-b69f-f772706c6105@group-40390D33441A: changes role from CANDIDATE to FOLLOWER at term 34 for DISCOVERED_A_NEW_TERM
2019-10-23 12:23:21,048 [04710d3b-08a7-4a70-b69f-f772706c6105@group-40390D33441A-LeaderElection40] INFO  impl.RoleInfo (RoleInfo.java:shutdownLeaderElection(134)) - 04710d3b-08a7-4a70-b69f-f772706c6105: shutdown LeaderElection
2019-10-23 12:23:21,049 [04710d3b-08a7-4a70-b69f-f772706c6105@group-40390D33441A-LeaderElection40] INFO  impl.RoleInfo (RoleInfo.java:updateAndGet(143)) - 04710d3b-08a7-4a70-b69f-f772706c6105: start FollowerState
2019-10-23 12:23:21,242 [Thread-807] INFO  impl.FollowerState (FollowerState.java:run(108)) - 04710d3b-08a7-4a70-b69f-f772706c6105@group-40390D33441A-FollowerState: change to CANDIDATE, lastRpcTime:193ms, electionTimeout:193ms
2019-10-23 12:23:21,242 [Thread-807] INFO  impl.RoleInfo (RoleInfo.java:shutdownFollowerState(121)) - 04710d3b-08a7-4a70-b69f-f772706c6105: shutdown FollowerState
2019-10-23 12:23:21,242 [Thread-807] INFO  impl.RaftServerImpl (RaftServerImpl.java:setRole(184)) - 04710d3b-08a7-4a70-b69f-f772706c6105@group-40390D33441A: changes role from  FOLLOWER to CANDIDATE at term 34 for changeToCandidate
2019-10-23 12:23:21,242 [Thread-807] INFO  impl.RoleInfo (RoleInfo.java:updateAndGet(143)) - 04710d3b-08a7-4a70-b69f-f772706c6105: start LeaderElection
2019-10-23 12:23:21,257 [04710d3b-08a7-4a70-b69f-f772706c6105@group-40390D33441A-LeaderElection41] INFO  impl.LeaderElection (LeaderElection.java:askForVotes(178)) - 04710d3b-08a7-4a70-b69f-f772706c6105@group-40390D33441A-LeaderElection41: begin an election at term 35 for 0: [9d2a2146-2c04-423d-8f96-3c121403b328:192.168.69.118:40792, 04710d3b-08a7-4a70-b69f-f772706c6105:192.168.69.118:40289, 43cb0e13-5597-452b-a8b1-af00d0a4a497:192.168.69.118:45201], old=null
2019-10-23 12:23:21,259 [grpc-default-executor-7] INFO  impl.RaftServerImpl (RaftServerImpl.java:setRole(184)) - 9d2a2146-2c04-423d-8f96-3c121403b328@group-40390D33441A: changes role from  FOLLOWER to FOLLOWER at term 35 for recognizeCandidate:04710d3b-08a7-4a70-b69f-f772706c6105
2019-10-23 12:23:21,260 [grpc-default-executor-3] INFO  impl.RaftServerImpl (RaftServerImpl.java:setRole(184)) - 43cb0e13-5597-452b-a8b1-af00d0a4a497@group-40390D33441A: changes role from  FOLLOWER to FOLLOWER at term 35 for recognizeCandidate:04710d3b-08a7-4a70-b69f-f772706c6105
2019-10-23 12:23:21,260 [grpc-default-executor-7] INFO  impl.RoleInfo (RoleInfo.java:shutdownFollowerState(121)) - 9d2a2146-2c04-423d-8f96-3c121403b328: shutdown FollowerState
2019-10-23 12:23:21,260 [grpc-default-executor-3] INFO  impl.RoleInfo (RoleInfo.java:shutdownFollowerState(121)) - 43cb0e13-5597-452b-a8b1-af00d0a4a497: shutdown FollowerState
2019-10-23 12:23:21,260 [grpc-default-executor-7] INFO  impl.RoleInfo (RoleInfo.java:updateAndGet(143)) - 9d2a2146-2c04-423d-8f96-3c121403b328: start FollowerState
2019-10-23 12:23:21,260 [Thread-806] INFO  impl.FollowerState (FollowerState.java:run(117)) - 43cb0e13-5597-452b-a8b1-af00d0a4a497@group-40390D33441A-FollowerState was interrupted: java.lang.InterruptedException: sleep interrupted
2019-10-23 12:23:21,260 [grpc-default-executor-3] INFO  impl.RoleInfo (RoleInfo.java:updateAndGet(143)) - 43cb0e13-5597-452b-a8b1-af00d0a4a497: start FollowerState
2019-10-23 12:23:21,260 [Thread-805] INFO  impl.FollowerState (FollowerState.java:run(117)) - 9d2a2146-2c04-423d-8f96-3c121403b328@group-40390D33441A-FollowerState was interrupted: java.lang.InterruptedException: sleep interrupted
2019-10-23 12:23:21,275 [04710d3b-08a7-4a70-b69f-f772706c6105@group-40390D33441A-LeaderElection41] INFO  impl.LeaderElection (LeaderElection.java:logAndReturn(56)) - 04710d3b-08a7-4a70-b69f-f772706c6105@group-40390D33441A-LeaderElection41: Election REJECTED; received 2 response(s) [04710d3b-08a7-4a70-b69f-f772706c6105<-9d2a2146-2c04-423d-8f96-3c121403b328#0:FAIL-t35, 04710d3b-08a7-4a70-b69f-f772706c6105<-43cb0e13-5597-452b-a8b1-af00d0a4a497#0:FAIL-t35] and 0 exception(s); 04710d3b-08a7-4a70-b69f-f772706c6105@group-40390D33441A:t35, leader=null, voted=04710d3b-08a7-4a70-b69f-f772706c6105, raftlog=04710d3b-08a7-4a70-b69f-f772706c6105@group-40390D33441A-SegmentedRaftLog:OPENED:c3,f4,i4, conf=0: [9d2a2146-2c04-423d-8f96-3c121403b328:192.168.69.118:40792, 04710d3b-08a7-4a70-b69f-f772706c6105:192.168.69.118:40289, 43cb0e13-5597-452b-a8b1-af00d0a4a497:192.168.69.118:45201], old=null
2019-10-23 12:23:21,275 [04710d3b-08a7-4a70-b69f-f772706c6105@group-40390D33441A-LeaderElection41] INFO  impl.RaftServerImpl (RaftServerImpl.java:setRole(184)) - 04710d3b-08a7-4a70-b69f-f772706c6105@group-40390D33441A: changes role from CANDIDATE to FOLLOWER at term 35 for DISCOVERED_A_NEW_TERM
2019-10-23 12:23:21,275 [04710d3b-08a7-4a70-b69f-f772706c6105@group-40390D33441A-LeaderElection41] INFO  impl.RoleInfo (RoleInfo.java:shutdownLeaderElection(134)) - 04710d3b-08a7-4a70-b69f-f772706c6105: shutdown LeaderElection
2019-10-23 12:23:21,275 [04710d3b-08a7-4a70-b69f-f772706c6105@group-40390D33441A-LeaderElection41] INFO  impl.RoleInfo (RoleInfo.java:updateAndGet(143)) - 04710d3b-08a7-4a70-b69f-f772706c6105: start FollowerState
2019-10-23 12:23:21,300 [Thread-813] INFO  impl.FollowerState (FollowerState.java:run(108)) - 04710d3b-08a7-4a70-b69f-f772706c6105@group-40390D33441A-FollowerState: change to CANDIDATE, lastRpcTime:24ms, electionTimeout:24ms
2019-10-23 12:23:21,300 [Thread-813] INFO  impl.RoleInfo (RoleInfo.java:shutdownFollowerState(121)) - 04710d3b-08a7-4a70-b69f-f772706c6105: shutdown FollowerState
2019-10-23 12:23:21,300 [Thread-813] INFO  impl.RaftServerImpl (RaftServerImpl.java:setRole(184)) - 04710d3b-08a7-4a70-b69f-f772706c6105@group-40390D33441A: changes role from  FOLLOWER to CANDIDATE at term 35 for changeToCandidate
2019-10-23 12:23:21,300 [Thread-813] INFO  impl.RoleInfo (RoleInfo.java:updateAndGet(143)) - 04710d3b-08a7-4a70-b69f-f772706c6105: start LeaderElection
2019-10-23 12:23:21,303 [EventQueue-PendingDeleteStatusForPendingDeleteHandler] INFO  block.SCMBlockDeletingService (SCMBlockDeletingService.java:handlePendingDeletes(115)) - Block deletion txnID mismatch in datanode 04710d3b-08a7-4a70-b69f-f772706c6105 for containerID 1. Datanode delete txnID: 0, SCM txnID: 1
2019-10-23 12:23:21,313 [04710d3b-08a7-4a70-b69f-f772706c6105@group-40390D33441A-LeaderElection42] INFO  impl.LeaderElection (LeaderElection.java:askForVotes(178)) - 04710d3b-08a7-4a70-b69f-f772706c6105@group-40390D33441A-LeaderElection42: begin an election at term 36 for 0: [9d2a2146-2c04-423d-8f96-3c121403b328:192.168.69.118:40792, 04710d3b-08a7-4a70-b69f-f772706c6105:192.168.69.118:40289, 43cb0e13-5597-452b-a8b1-af00d0a4a497:192.168.69.118:45201], old=null
2019-10-23 12:23:21,316 [grpc-default-executor-7] INFO  impl.RaftServerImpl (RaftServerImpl.java:setRole(184)) - 43cb0e13-5597-452b-a8b1-af00d0a4a497@group-40390D33441A: changes role from  FOLLOWER to FOLLOWER at term 36 for recognizeCandidate:04710d3b-08a7-4a70-b69f-f772706c6105
2019-10-23 12:23:21,316 [grpc-default-executor-7] INFO  impl.RoleInfo (RoleInfo.java:shutdownFollowerState(121)) - 43cb0e13-5597-452b-a8b1-af00d0a4a497: shutdown FollowerState
2019-10-23 12:23:21,316 [grpc-default-executor-3] INFO  impl.RaftServerImpl (RaftServerImpl.java:setRole(184)) - 9d2a2146-2c04-423d-8f96-3c121403b328@group-40390D33441A: changes role from  FOLLOWER to FOLLOWER at term 36 for recognizeCandidate:04710d3b-08a7-4a70-b69f-f772706c6105
2019-10-23 12:23:21,316 [Thread-812] INFO  impl.FollowerState (FollowerState.java:run(117)) - 43cb0e13-5597-452b-a8b1-af00d0a4a497@group-40390D33441A-FollowerState was interrupted: java.lang.InterruptedException: sleep interrupted
2019-10-23 12:23:21,316 [grpc-default-executor-7] INFO  impl.RoleInfo (RoleInfo.java:updateAndGet(143)) - 43cb0e13-5597-452b-a8b1-af00d0a4a497: start FollowerState
2019-10-23 12:23:21,316 [grpc-default-executor-3] INFO  impl.RoleInfo (RoleInfo.java:shutdownFollowerState(121)) - 9d2a2146-2c04-423d-8f96-3c121403b328: shutdown FollowerState
2019-10-23 12:23:21,317 [Thread-811] INFO  impl.FollowerState (FollowerState.java:run(117)) - 9d2a2146-2c04-423d-8f96-3c121403b328@group-40390D33441A-FollowerState was interrupted: java.lang.InterruptedException: sleep interrupted
2019-10-23 12:23:21,317 [grpc-default-executor-3] INFO  impl.RoleInfo (RoleInfo.java:updateAndGet(143)) - 9d2a2146-2c04-423d-8f96-3c121403b328: start FollowerState
2019-10-23 12:23:21,331 [04710d3b-08a7-4a70-b69f-f772706c6105@group-40390D33441A-LeaderElection42] INFO  impl.LeaderElection (LeaderElection.java:logAndReturn(56)) - 04710d3b-08a7-4a70-b69f-f772706c6105@group-40390D33441A-LeaderElection42: Election REJECTED; received 2 response(s) [04710d3b-08a7-4a70-b69f-f772706c6105<-9d2a2146-2c04-423d-8f96-3c121403b328#0:FAIL-t36, 04710d3b-08a7-4a70-b69f-f772706c6105<-43cb0e13-5597-452b-a8b1-af00d0a4a497#0:FAIL-t36] and 0 exception(s); 04710d3b-08a7-4a70-b69f-f772706c6105@group-40390D33441A:t36, leader=null, voted=04710d3b-08a7-4a70-b69f-f772706c6105, raftlog=04710d3b-08a7-4a70-b69f-f772706c6105@group-40390D33441A-SegmentedRaftLog:OPENED:c3,f4,i4, conf=0: [9d2a2146-2c04-423d-8f96-3c121403b328:192.168.69.118:40792, 04710d3b-08a7-4a70-b69f-f772706c6105:192.168.69.118:40289, 43cb0e13-5597-452b-a8b1-af00d0a4a497:192.168.69.118:45201], old=null
2019-10-23 12:23:21,331 [04710d3b-08a7-4a70-b69f-f772706c6105@group-40390D33441A-LeaderElection42] INFO  impl.RaftServerImpl (RaftServerImpl.java:setRole(184)) - 04710d3b-08a7-4a70-b69f-f772706c6105@group-40390D33441A: changes role from CANDIDATE to FOLLOWER at term 36 for DISCOVERED_A_NEW_TERM
2019-10-23 12:23:21,331 [04710d3b-08a7-4a70-b69f-f772706c6105@group-40390D33441A-LeaderElection42] INFO  impl.RoleInfo (RoleInfo.java:shutdownLeaderElection(134)) - 04710d3b-08a7-4a70-b69f-f772706c6105: shutdown LeaderElection
2019-10-23 12:23:21,332 [04710d3b-08a7-4a70-b69f-f772706c6105@group-40390D33441A-LeaderElection42] INFO  impl.RoleInfo (RoleInfo.java:updateAndGet(143)) - 04710d3b-08a7-4a70-b69f-f772706c6105: start FollowerState
2019-10-23 12:23:21,367 [Thread-819] INFO  impl.FollowerState (FollowerState.java:run(108)) - 04710d3b-08a7-4a70-b69f-f772706c6105@group-40390D33441A-FollowerState: change to CANDIDATE, lastRpcTime:35ms, electionTimeout:35ms
2019-10-23 12:23:21,367 [Thread-819] INFO  impl.RoleInfo (RoleInfo.java:shutdownFollowerState(121)) - 04710d3b-08a7-4a70-b69f-f772706c6105: shutdown FollowerState
2019-10-23 12:23:21,367 [Thread-819] INFO  impl.RaftServerImpl (RaftServerImpl.java:setRole(184)) - 04710d3b-08a7-4a70-b69f-f772706c6105@group-40390D33441A: changes role from  FOLLOWER to CANDIDATE at term 36 for changeToCandidate
2019-10-23 12:23:21,367 [Thread-819] INFO  impl.RoleInfo (RoleInfo.java:updateAndGet(143)) - 04710d3b-08a7-4a70-b69f-f772706c6105: start LeaderElection
2019-10-23 12:23:21,381 [04710d3b-08a7-4a70-b69f-f772706c6105@group-40390D33441A-LeaderElection43] INFO  impl.LeaderElection (LeaderElection.java:askForVotes(178)) - 04710d3b-08a7-4a70-b69f-f772706c6105@group-40390D33441A-LeaderElection43: begin an election at term 37 for 0: [9d2a2146-2c04-423d-8f96-3c121403b328:192.168.69.118:40792, 04710d3b-08a7-4a70-b69f-f772706c6105:192.168.69.118:40289, 43cb0e13-5597-452b-a8b1-af00d0a4a497:192.168.69.118:45201], old=null
2019-10-23 12:23:21,384 [grpc-default-executor-7] INFO  impl.RaftServerImpl (RaftServerImpl.java:setRole(184)) - 9d2a2146-2c04-423d-8f96-3c121403b328@group-40390D33441A: changes role from  FOLLOWER to FOLLOWER at term 37 for recognizeCandidate:04710d3b-08a7-4a70-b69f-f772706c6105
2019-10-23 12:23:21,384 [grpc-default-executor-3] INFO  impl.RaftServerImpl (RaftServerImpl.java:setRole(184)) - 43cb0e13-5597-452b-a8b1-af00d0a4a497@group-40390D33441A: changes role from  FOLLOWER to FOLLOWER at term 37 for recognizeCandidate:04710d3b-08a7-4a70-b69f-f772706c6105
2019-10-23 12:23:21,384 [grpc-default-executor-7] INFO  impl.RoleInfo (RoleInfo.java:shutdownFollowerState(121)) - 9d2a2146-2c04-423d-8f96-3c121403b328: shutdown FollowerState
2019-10-23 12:23:21,384 [grpc-default-executor-3] INFO  impl.RoleInfo (RoleInfo.java:shutdownFollowerState(121)) - 43cb0e13-5597-452b-a8b1-af00d0a4a497: shutdown FollowerState
2019-10-23 12:23:21,385 [grpc-default-executor-7] INFO  impl.RoleInfo (RoleInfo.java:updateAndGet(143)) - 9d2a2146-2c04-423d-8f96-3c121403b328: start FollowerState
2019-10-23 12:23:21,385 [Thread-818] INFO  impl.FollowerState (FollowerState.java:run(117)) - 9d2a2146-2c04-423d-8f96-3c121403b328@group-40390D33441A-FollowerState was interrupted: java.lang.InterruptedException: sleep interrupted
2019-10-23 12:23:21,385 [grpc-default-executor-3] INFO  impl.RoleInfo (RoleInfo.java:updateAndGet(143)) - 43cb0e13-5597-452b-a8b1-af00d0a4a497: start FollowerState
2019-10-23 12:23:21,385 [Thread-817] INFO  impl.FollowerState (FollowerState.java:run(117)) - 43cb0e13-5597-452b-a8b1-af00d0a4a497@group-40390D33441A-FollowerState was interrupted: java.lang.InterruptedException: sleep interrupted
2019-10-23 12:23:21,401 [04710d3b-08a7-4a70-b69f-f772706c6105@group-40390D33441A-LeaderElection43] INFO  impl.LeaderElection (LeaderElection.java:logAndReturn(56)) - 04710d3b-08a7-4a70-b69f-f772706c6105@group-40390D33441A-LeaderElection43: Election REJECTED; received 2 response(s) [04710d3b-08a7-4a70-b69f-f772706c6105<-9d2a2146-2c04-423d-8f96-3c121403b328#0:FAIL-t37, 04710d3b-08a7-4a70-b69f-f772706c6105<-43cb0e13-5597-452b-a8b1-af00d0a4a497#0:FAIL-t37] and 0 exception(s); 04710d3b-08a7-4a70-b69f-f772706c6105@group-40390D33441A:t37, leader=null, voted=04710d3b-08a7-4a70-b69f-f772706c6105, raftlog=04710d3b-08a7-4a70-b69f-f772706c6105@group-40390D33441A-SegmentedRaftLog:OPENED:c3,f4,i4, conf=0: [9d2a2146-2c04-423d-8f96-3c121403b328:192.168.69.118:40792, 04710d3b-08a7-4a70-b69f-f772706c6105:192.168.69.118:40289, 43cb0e13-5597-452b-a8b1-af00d0a4a497:192.168.69.118:45201], old=null
2019-10-23 12:23:21,401 [04710d3b-08a7-4a70-b69f-f772706c6105@group-40390D33441A-LeaderElection43] INFO  impl.RaftServerImpl (RaftServerImpl.java:setRole(184)) - 04710d3b-08a7-4a70-b69f-f772706c6105@group-40390D33441A: changes role from CANDIDATE to FOLLOWER at term 37 for DISCOVERED_A_NEW_TERM
2019-10-23 12:23:21,401 [04710d3b-08a7-4a70-b69f-f772706c6105@group-40390D33441A-LeaderElection43] INFO  impl.RoleInfo (RoleInfo.java:shutdownLeaderElection(134)) - 04710d3b-08a7-4a70-b69f-f772706c6105: shutdown LeaderElection
2019-10-23 12:23:21,402 [04710d3b-08a7-4a70-b69f-f772706c6105@group-40390D33441A-LeaderElection43] INFO  impl.RoleInfo (RoleInfo.java:updateAndGet(143)) - 04710d3b-08a7-4a70-b69f-f772706c6105: start FollowerState
2019-10-23 12:23:21,418 [Command processor thread] INFO  commandhandler.DeleteBlocksCommandHandler (DeleteBlocksCommandHandler.java:handle(106)) - Start to delete container blocks, TXIDs=[1(0)], numOfContainers=1, numOfBlocks=1
2019-10-23 12:23:21,418 [Command processor thread] INFO  commandhandler.DeleteBlocksCommandHandler (DeleteBlocksCommandHandler.java:handle(106)) - Start to delete container blocks, TXIDs=[1(2)], numOfContainers=1, numOfBlocks=1
2019-10-23 12:23:21,418 [Command processor thread] INFO  commandhandler.DeleteBlocksCommandHandler (DeleteBlocksCommandHandler.java:handle(106)) - Start to delete container blocks, TXIDs=[1(0)], numOfContainers=1, numOfBlocks=1
2019-10-23 12:23:21,419 [Command processor thread] INFO  commandhandler.DeleteBlocksCommandHandler (DeleteBlocksCommandHandler.java:handle(106)) - Start to delete container blocks, TXIDs=[1(2)], numOfContainers=1, numOfBlocks=1
2019-10-23 12:23:21,419 [Command processor thread] INFO  commandhandler.DeleteBlocksCommandHandler (DeleteBlocksCommandHandler.java:handle(106)) - Start to delete container blocks, TXIDs=[1(4)], numOfContainers=1, numOfBlocks=1
2019-10-23 12:23:21,419 [Command processor thread] INFO  commandhandler.DeleteBlocksCommandHandler (DeleteBlocksCommandHandler.java:handle(106)) - Start to delete container blocks, TXIDs=[1(0)], numOfContainers=1, numOfBlocks=1
2019-10-23 12:23:21,419 [Command processor thread] INFO  commandhandler.DeleteBlocksCommandHandler (DeleteBlocksCommandHandler.java:handle(106)) - Start to delete container blocks, TXIDs=[1(2)], numOfContainers=1, numOfBlocks=1
2019-10-23 12:23:21,419 [Command processor thread] INFO  commandhandler.DeleteBlocksCommandHandler (DeleteBlocksCommandHandler.java:handle(106)) - Start to delete container blocks, TXIDs=[1(4)], numOfContainers=1, numOfBlocks=1
2019-10-23 12:23:21,419 [Command processor thread] INFO  commandhandler.DeleteBlocksCommandHandler (DeleteBlocksCommandHandler.java:handle(106)) - Start to delete container blocks, TXIDs=[1(4)], numOfContainers=1, numOfBlocks=1
2019-10-23 12:23:21,420 [Command processor thread] INFO  commandhandler.DeleteBlocksCommandHandler (DeleteBlocksCommandHandler.java:handle(106)) - Start to delete container blocks, TXIDs=[1(0)], numOfContainers=1, numOfBlocks=1
2019-10-23 12:23:21,420 [Command processor thread] INFO  commandhandler.DeleteBlocksCommandHandler (DeleteBlocksCommandHandler.java:handle(106)) - Start to delete container blocks, TXIDs=[1(4)], numOfContainers=1, numOfBlocks=1
2019-10-23 12:23:21,420 [Command processor thread] INFO  commandhandler.DeleteBlocksCommandHandler (DeleteBlocksCommandHandler.java:handle(106)) - Start to delete container blocks, TXIDs=[1(2)], numOfContainers=1, numOfBlocks=1
2019-10-23 12:23:21,420 [Command processor thread] INFO  commandhandler.DeleteBlocksCommandHandler (DeleteBlocksCommandHandler.java:handle(106)) - Start to delete container blocks, TXIDs=[1(4)], numOfContainers=1, numOfBlocks=1
2019-10-23 12:23:21,420 [Command processor thread] INFO  commandhandler.DeleteBlocksCommandHandler (DeleteBlocksCommandHandler.java:handle(106)) - Start to delete container blocks, TXIDs=[1(0)], numOfContainers=1, numOfBlocks=1
2019-10-23 12:23:21,420 [Command processor thread] INFO  commandhandler.DeleteBlocksCommandHandler (DeleteBlocksCommandHandler.java:handle(106)) - Start to delete container blocks, TXIDs=[1(4)], numOfContainers=1, numOfBlocks=1
2019-10-23 12:23:21,420 [Command processor thread] INFO  commandhandler.DeleteBlocksCommandHandler (DeleteBlocksCommandHandler.java:handle(106)) - Start to delete container blocks, TXIDs=[1(4)], numOfContainers=1, numOfBlocks=1
2019-10-23 12:23:21,421 [Command processor thread] INFO  commandhandler.DeleteBlocksCommandHandler (DeleteBlocksCommandHandler.java:handle(106)) - Start to delete container blocks, TXIDs=[1(4)], numOfContainers=1, numOfBlocks=1
2019-10-23 12:23:21,421 [Command processor thread] INFO  commandhandler.DeleteBlocksCommandHandler (DeleteBlocksCommandHandler.java:handle(106)) - Start to delete container blocks, TXIDs=[1(2)], numOfContainers=1, numOfBlocks=1
2019-10-23 12:23:21,421 [Command processor thread] INFO  commandhandler.DeleteBlocksCommandHandler (DeleteBlocksCommandHandler.java:handle(106)) - Start to delete container blocks, TXIDs=[1(0)], numOfContainers=1, numOfBlocks=1
2019-10-23 12:23:21,421 [Command processor thread] INFO  commandhandler.DeleteBlocksCommandHandler (DeleteBlocksCommandHandler.java:handle(106)) - Start to delete container blocks, TXIDs=[1(4)], numOfContainers=1, numOfBlocks=1
2019-10-23 12:23:21,421 [Command processor thread] INFO  commandhandler.DeleteBlocksCommandHandler (DeleteBlocksCommandHandler.java:handle(106)) - Start to delete container blocks, TXIDs=[1(4)], numOfContainers=1, numOfBlocks=1
2019-10-23 12:23:21,421 [Command processor thread] INFO  commandhandler.DeleteBlocksCommandHandler (DeleteBlocksCommandHandler.java:handle(106)) - Start to delete container blocks, TXIDs=[1(4)], numOfContainers=1, numOfBlocks=1
2019-10-23 12:23:21,422 [Command processor thread] INFO  commandhandler.DeleteBlocksCommandHandler (DeleteBlocksCommandHandler.java:handle(106)) - Start to delete container blocks, TXIDs=[1(2)], numOfContainers=1, numOfBlocks=1
2019-10-23 12:23:21,422 [Command processor thread] INFO  commandhandler.DeleteBlocksCommandHandler (DeleteBlocksCommandHandler.java:handle(106)) - Start to delete container blocks, TXIDs=[1(4)], numOfContainers=1, numOfBlocks=1
2019-10-23 12:23:21,422 [Command processor thread] INFO  commandhandler.DeleteBlocksCommandHandler (DeleteBlocksCommandHandler.java:handle(106)) - Start to delete container blocks, TXIDs=[1(4)], numOfContainers=1, numOfBlocks=1
2019-10-23 12:23:21,422 [Command processor thread] INFO  commandhandler.DeleteBlocksCommandHandler (DeleteBlocksCommandHandler.java:handle(106)) - Start to delete container blocks, TXIDs=[1(4)], numOfContainers=1, numOfBlocks=1
2019-10-23 12:23:21,422 [Command processor thread] INFO  commandhandler.DeleteBlocksCommandHandler (DeleteBlocksCommandHandler.java:handle(106)) - Start to delete container blocks, TXIDs=[1(4)], numOfContainers=1, numOfBlocks=1
2019-10-23 12:23:21,422 [Command processor thread] INFO  commandhandler.DeleteBlocksCommandHandler (DeleteBlocksCommandHandler.java:handle(106)) - Start to delete container blocks, TXIDs=[1(0)], numOfContainers=1, numOfBlocks=1
2019-10-23 12:23:21,422 [Command processor thread] INFO  commandhandler.DeleteBlocksCommandHandler (DeleteBlocksCommandHandler.java:handle(106)) - Start to delete container blocks, TXIDs=[1(32)], numOfContainers=1, numOfBlocks=1
2019-10-23 12:23:21,423 [Command processor thread] INFO  commandhandler.DeleteBlocksCommandHandler (DeleteBlocksCommandHandler.java:handle(106)) - Start to delete container blocks, TXIDs=[1(4)], numOfContainers=1, numOfBlocks=1
2019-10-23 12:23:21,423 [Command processor thread] INFO  commandhandler.DeleteBlocksCommandHandler (DeleteBlocksCommandHandler.java:handle(106)) - Start to delete container blocks, TXIDs=[1(0)], numOfContainers=1, numOfBlocks=1
2019-10-23 12:23:21,423 [Command processor thread] INFO  commandhandler.DeleteBlocksCommandHandler (DeleteBlocksCommandHandler.java:handle(106)) - Start to delete container blocks, TXIDs=[1(2)], numOfContainers=1, numOfBlocks=1
2019-10-23 12:23:21,423 [Command processor thread] INFO  commandhandler.DeleteBlocksCommandHandler (DeleteBlocksCommandHandler.java:handle(106)) - Start to delete container blocks, TXIDs=[1(4)], numOfContainers=1, numOfBlocks=1
2019-10-23 12:23:21,423 [Command processor thread] INFO  commandhandler.DeleteBlocksCommandHandler (DeleteBlocksCommandHandler.java:handle(106)) - Start to delete container blocks, TXIDs=[1(4)], numOfContainers=1, numOfBlocks=1
2019-10-23 12:23:21,423 [Command processor thread] INFO  commandhandler.DeleteBlocksCommandHandler (DeleteBlocksCommandHandler.java:handle(106)) - Start to delete container blocks, TXIDs=[1(4)], numOfContainers=1, numOfBlocks=1
2019-10-23 12:23:21,423 [Command processor thread] INFO  commandhandler.DeleteBlocksCommandHandler (DeleteBlocksCommandHandler.java:handle(106)) - Start to delete container blocks, TXIDs=[1(4)], numOfContainers=1, numOfBlocks=1
2019-10-23 12:23:21,483 [Thread-825] INFO  impl.FollowerState (FollowerState.java:run(108)) - 04710d3b-08a7-4a70-b69f-f772706c6105@group-40390D33441A-FollowerState: change to CANDIDATE, lastRpcTime:81ms, electionTimeout:81ms
2019-10-23 12:23:21,483 [Thread-825] INFO  impl.RoleInfo (RoleInfo.java:shutdownFollowerState(121)) - 04710d3b-08a7-4a70-b69f-f772706c6105: shutdown FollowerState
2019-10-23 12:23:21,483 [Thread-825] INFO  impl.RaftServerImpl (RaftServerImpl.java:setRole(184)) - 04710d3b-08a7-4a70-b69f-f772706c6105@group-40390D33441A: changes role from  FOLLOWER to CANDIDATE at term 37 for changeToCandidate
2019-10-23 12:23:21,483 [Thread-825] INFO  impl.RoleInfo (RoleInfo.java:updateAndGet(143)) - 04710d3b-08a7-4a70-b69f-f772706c6105: start LeaderElection
2019-10-23 12:23:21,489 [pool-7-thread-7] INFO  commands.RetriableDatanodeEventWatcher (RetriableDatanodeEventWatcher.java:onTimeout(47)) - RetriableDatanodeCommand type=deleteBlocksCommand with id=1571833393489 timed out. Retrying.
2019-10-23 12:23:21,489 [pool-7-thread-7] INFO  commands.RetriableDatanodeEventWatcher (RetriableDatanodeEventWatcher.java:onTimeout(47)) - RetriableDatanodeCommand type=deleteBlocksCommand with id=1571833393487 timed out. Retrying.
2019-10-23 12:23:21,489 [pool-7-thread-6] INFO  commands.RetriableDatanodeEventWatcher (RetriableDatanodeEventWatcher.java:onTimeout(47)) - RetriableDatanodeCommand type=deleteBlocksCommand with id=1571833393485 timed out. Retrying.
2019-10-23 12:23:21,489 [SCMBlockDeletingService#0] INFO  block.SCMBlockDeletingService (SCMBlockDeletingService.java:call(184)) - Totally added 1 delete blocks command for 1 datanodes, task elapsed time: 1ms
2019-10-23 12:23:21,489 [pool-7-thread-3] INFO  commands.RetriableDatanodeEventWatcher (RetriableDatanodeEventWatcher.java:onTimeout(47)) - RetriableDatanodeCommand type=deleteBlocksCommand with id=1571833393480 timed out. Retrying.
2019-10-23 12:23:21,490 [pool-7-thread-2] INFO  commands.RetriableDatanodeEventWatcher (RetriableDatanodeEventWatcher.java:onTimeout(47)) - RetriableDatanodeCommand type=deleteBlocksCommand with id=1571833393488 timed out. Retrying.
2019-10-23 12:23:21,490 [pool-7-thread-4] INFO  commands.RetriableDatanodeEventWatcher (RetriableDatanodeEventWatcher.java:onTimeout(47)) - RetriableDatanodeCommand type=deleteBlocksCommand with id=1571833393484 timed out. Retrying.
2019-10-23 12:23:21,490 [pool-7-thread-5] INFO  commands.RetriableDatanodeEventWatcher (RetriableDatanodeEventWatcher.java:onTimeout(47)) - RetriableDatanodeCommand type=deleteBlocksCommand with id=1571833393482 timed out. Retrying.
2019-10-23 12:23:21,490 [pool-7-thread-1] INFO  commands.RetriableDatanodeEventWatcher (RetriableDatanodeEventWatcher.java:onTimeout(47)) - RetriableDatanodeCommand type=deleteBlocksCommand with id=1571833393486 timed out. Retrying.
2019-10-23 12:23:21,497 [04710d3b-08a7-4a70-b69f-f772706c6105@group-40390D33441A-LeaderElection44] INFO  impl.LeaderElection (LeaderElection.java:askForVotes(178)) - 04710d3b-08a7-4a70-b69f-f772706c6105@group-40390D33441A-LeaderElection44: begin an election at term 38 for 0: [9d2a2146-2c04-423d-8f96-3c121403b328:192.168.69.118:40792, 04710d3b-08a7-4a70-b69f-f772706c6105:192.168.69.118:40289, 43cb0e13-5597-452b-a8b1-af00d0a4a497:192.168.69.118:45201], old=null
2019-10-23 12:23:21,499 [grpc-default-executor-7] INFO  impl.RaftServerImpl (RaftServerImpl.java:setRole(184)) - 43cb0e13-5597-452b-a8b1-af00d0a4a497@group-40390D33441A: changes role from  FOLLOWER to FOLLOWER at term 38 for recognizeCandidate:04710d3b-08a7-4a70-b69f-f772706c6105
2019-10-23 12:23:21,499 [grpc-default-executor-3] INFO  impl.RaftServerImpl (RaftServerImpl.java:setRole(184)) - 9d2a2146-2c04-423d-8f96-3c121403b328@group-40390D33441A: changes role from  FOLLOWER to FOLLOWER at term 38 for recognizeCandidate:04710d3b-08a7-4a70-b69f-f772706c6105
2019-10-23 12:23:21,499 [grpc-default-executor-7] INFO  impl.RoleInfo (RoleInfo.java:shutdownFollowerState(121)) - 43cb0e13-5597-452b-a8b1-af00d0a4a497: shutdown FollowerState
2019-10-23 12:23:21,500 [grpc-default-executor-3] INFO  impl.RoleInfo (RoleInfo.java:shutdownFollowerState(121)) - 9d2a2146-2c04-423d-8f96-3c121403b328: shutdown FollowerState
2019-10-23 12:23:21,500 [grpc-default-executor-7] INFO  impl.RoleInfo (RoleInfo.java:updateAndGet(143)) - 43cb0e13-5597-452b-a8b1-af00d0a4a497: start FollowerState
2019-10-23 12:23:21,500 [Thread-824] INFO  impl.FollowerState (FollowerState.java:run(117)) - 43cb0e13-5597-452b-a8b1-af00d0a4a497@group-40390D33441A-FollowerState was interrupted: java.lang.InterruptedException: sleep interrupted
2019-10-23 12:23:21,500 [grpc-default-executor-3] INFO  impl.RoleInfo (RoleInfo.java:updateAndGet(143)) - 9d2a2146-2c04-423d-8f96-3c121403b328: start FollowerState
2019-10-23 12:23:21,500 [Thread-823] INFO  impl.FollowerState (FollowerState.java:run(117)) - 9d2a2146-2c04-423d-8f96-3c121403b328@group-40390D33441A-FollowerState was interrupted: java.lang.InterruptedException: sleep interrupted
2019-10-23 12:23:21,515 [04710d3b-08a7-4a70-b69f-f772706c6105@group-40390D33441A-LeaderElection44] INFO  impl.LeaderElection (LeaderElection.java:logAndReturn(56)) - 04710d3b-08a7-4a70-b69f-f772706c6105@group-40390D33441A-LeaderElection44: Election REJECTED; received 2 response(s) [04710d3b-08a7-4a70-b69f-f772706c6105<-9d2a2146-2c04-423d-8f96-3c121403b328#0:FAIL-t38, 04710d3b-08a7-4a70-b69f-f772706c6105<-43cb0e13-5597-452b-a8b1-af00d0a4a497#0:FAIL-t38] and 0 exception(s); 04710d3b-08a7-4a70-b69f-f772706c6105@group-40390D33441A:t38, leader=null, voted=04710d3b-08a7-4a70-b69f-f772706c6105, raftlog=04710d3b-08a7-4a70-b69f-f772706c6105@group-40390D33441A-SegmentedRaftLog:OPENED:c3,f4,i4, conf=0: [9d2a2146-2c04-423d-8f96-3c121403b328:192.168.69.118:40792, 04710d3b-08a7-4a70-b69f-f772706c6105:192.168.69.118:40289, 43cb0e13-5597-452b-a8b1-af00d0a4a497:192.168.69.118:45201], old=null
2019-10-23 12:23:21,515 [04710d3b-08a7-4a70-b69f-f772706c6105@group-40390D33441A-LeaderElection44] INFO  impl.RaftServerImpl (RaftServerImpl.java:setRole(184)) - 04710d3b-08a7-4a70-b69f-f772706c6105@group-40390D33441A: changes role from CANDIDATE to FOLLOWER at term 38 for DISCOVERED_A_NEW_TERM
2019-10-23 12:23:21,515 [04710d3b-08a7-4a70-b69f-f772706c6105@group-40390D33441A-LeaderElection44] INFO  impl.RoleInfo (RoleInfo.java:shutdownLeaderElection(134)) - 04710d3b-08a7-4a70-b69f-f772706c6105: shutdown LeaderElection
2019-10-23 12:23:21,515 [04710d3b-08a7-4a70-b69f-f772706c6105@group-40390D33441A-LeaderElection44] INFO  impl.RoleInfo (RoleInfo.java:updateAndGet(143)) - 04710d3b-08a7-4a70-b69f-f772706c6105: start FollowerState
2019-10-23 12:23:21,652 [Thread-832] INFO  impl.FollowerState (FollowerState.java:run(108)) - 04710d3b-08a7-4a70-b69f-f772706c6105@group-40390D33441A-FollowerState: change to CANDIDATE, lastRpcTime:136ms, electionTimeout:136ms
2019-10-23 12:23:21,652 [Thread-832] INFO  impl.RoleInfo (RoleInfo.java:shutdownFollowerState(121)) - 04710d3b-08a7-4a70-b69f-f772706c6105: shutdown FollowerState
2019-10-23 12:23:21,652 [Thread-832] INFO  impl.RaftServerImpl (RaftServerImpl.java:setRole(184)) - 04710d3b-08a7-4a70-b69f-f772706c6105@group-40390D33441A: changes role from  FOLLOWER to CANDIDATE at term 38 for changeToCandidate
2019-10-23 12:23:21,652 [Thread-832] INFO  impl.RoleInfo (RoleInfo.java:updateAndGet(143)) - 04710d3b-08a7-4a70-b69f-f772706c6105: start LeaderElection
2019-10-23 12:23:21,667 [04710d3b-08a7-4a70-b69f-f772706c6105@group-40390D33441A-LeaderElection45] INFO  impl.LeaderElection (LeaderElection.java:askForVotes(178)) - 04710d3b-08a7-4a70-b69f-f772706c6105@group-40390D33441A-LeaderElection45: begin an election at term 39 for 0: [9d2a2146-2c04-423d-8f96-3c121403b328:192.168.69.118:40792, 04710d3b-08a7-4a70-b69f-f772706c6105:192.168.69.118:40289, 43cb0e13-5597-452b-a8b1-af00d0a4a497:192.168.69.118:45201], old=null
2019-10-23 12:23:21,671 [grpc-default-executor-3] INFO  impl.RaftServerImpl (RaftServerImpl.java:setRole(184)) - 9d2a2146-2c04-423d-8f96-3c121403b328@group-40390D33441A: changes role from  FOLLOWER to FOLLOWER at term 39 for recognizeCandidate:04710d3b-08a7-4a70-b69f-f772706c6105
2019-10-23 12:23:21,671 [grpc-default-executor-7] INFO  impl.RaftServerImpl (RaftServerImpl.java:setRole(184)) - 43cb0e13-5597-452b-a8b1-af00d0a4a497@group-40390D33441A: changes role from  FOLLOWER to FOLLOWER at term 39 for recognizeCandidate:04710d3b-08a7-4a70-b69f-f772706c6105
2019-10-23 12:23:21,671 [grpc-default-executor-3] INFO  impl.RoleInfo (RoleInfo.java:shutdownFollowerState(121)) - 9d2a2146-2c04-423d-8f96-3c121403b328: shutdown FollowerState
2019-10-23 12:23:21,671 [grpc-default-executor-7] INFO  impl.RoleInfo (RoleInfo.java:shutdownFollowerState(121)) - 43cb0e13-5597-452b-a8b1-af00d0a4a497: shutdown FollowerState
2019-10-23 12:23:21,671 [grpc-default-executor-3] INFO  impl.RoleInfo (RoleInfo.java:updateAndGet(143)) - 9d2a2146-2c04-423d-8f96-3c121403b328: start FollowerState
2019-10-23 12:23:21,671 [grpc-default-executor-7] INFO  impl.RoleInfo (RoleInfo.java:updateAndGet(143)) - 43cb0e13-5597-452b-a8b1-af00d0a4a497: start FollowerState
2019-10-23 12:23:21,671 [Thread-831] INFO  impl.FollowerState (FollowerState.java:run(117)) - 9d2a2146-2c04-423d-8f96-3c121403b328@group-40390D33441A-FollowerState was interrupted: java.lang.InterruptedException: sleep interrupted
2019-10-23 12:23:21,671 [Thread-830] INFO  impl.FollowerState (FollowerState.java:run(117)) - 43cb0e13-5597-452b-a8b1-af00d0a4a497@group-40390D33441A-FollowerState was interrupted: java.lang.InterruptedException: sleep interrupted
2019-10-23 12:23:21,696 [04710d3b-08a7-4a70-b69f-f772706c6105@group-40390D33441A-LeaderElection45] INFO  impl.LeaderElection (LeaderElection.java:logAndReturn(56)) - 04710d3b-08a7-4a70-b69f-f772706c6105@group-40390D33441A-LeaderElection45: Election REJECTED; received 2 response(s) [04710d3b-08a7-4a70-b69f-f772706c6105<-9d2a2146-2c04-423d-8f96-3c121403b328#0:FAIL-t39, 04710d3b-08a7-4a70-b69f-f772706c6105<-43cb0e13-5597-452b-a8b1-af00d0a4a497#0:FAIL-t39] and 0 exception(s); 04710d3b-08a7-4a70-b69f-f772706c6105@group-40390D33441A:t39, leader=null, voted=04710d3b-08a7-4a70-b69f-f772706c6105, raftlog=04710d3b-08a7-4a70-b69f-f772706c6105@group-40390D33441A-SegmentedRaftLog:OPENED:c3,f4,i4, conf=0: [9d2a2146-2c04-423d-8f96-3c121403b328:192.168.69.118:40792, 04710d3b-08a7-4a70-b69f-f772706c6105:192.168.69.118:40289, 43cb0e13-5597-452b-a8b1-af00d0a4a497:192.168.69.118:45201], old=null
2019-10-23 12:23:21,696 [04710d3b-08a7-4a70-b69f-f772706c6105@group-40390D33441A-LeaderElection45] INFO  impl.RaftServerImpl (RaftServerImpl.java:setRole(184)) - 04710d3b-08a7-4a70-b69f-f772706c6105@group-40390D33441A: changes role from CANDIDATE to FOLLOWER at term 39 for DISCOVERED_A_NEW_TERM
2019-10-23 12:23:21,696 [04710d3b-08a7-4a70-b69f-f772706c6105@group-40390D33441A-LeaderElection45] INFO  impl.RoleInfo (RoleInfo.java:shutdownLeaderElection(134)) - 04710d3b-08a7-4a70-b69f-f772706c6105: shutdown LeaderElection
2019-10-23 12:23:21,696 [04710d3b-08a7-4a70-b69f-f772706c6105@group-40390D33441A-LeaderElection45] INFO  impl.RoleInfo (RoleInfo.java:updateAndGet(143)) - 04710d3b-08a7-4a70-b69f-f772706c6105: start FollowerState
2019-10-23 12:23:21,761 [Thread-838] INFO  impl.FollowerState (FollowerState.java:run(108)) - 04710d3b-08a7-4a70-b69f-f772706c6105@group-40390D33441A-FollowerState: change to CANDIDATE, lastRpcTime:64ms, electionTimeout:64ms
2019-10-23 12:23:21,761 [Thread-838] INFO  impl.RoleInfo (RoleInfo.java:shutdownFollowerState(121)) - 04710d3b-08a7-4a70-b69f-f772706c6105: shutdown FollowerState
2019-10-23 12:23:21,761 [Thread-838] INFO  impl.RaftServerImpl (RaftServerImpl.java:setRole(184)) - 04710d3b-08a7-4a70-b69f-f772706c6105@group-40390D33441A: changes role from  FOLLOWER to CANDIDATE at term 39 for changeToCandidate
2019-10-23 12:23:21,761 [Thread-838] INFO  impl.RoleInfo (RoleInfo.java:updateAndGet(143)) - 04710d3b-08a7-4a70-b69f-f772706c6105: start LeaderElection
2019-10-23 12:23:21,774 [04710d3b-08a7-4a70-b69f-f772706c6105@group-40390D33441A-LeaderElection46] INFO  impl.LeaderElection (LeaderElection.java:askForVotes(178)) - 04710d3b-08a7-4a70-b69f-f772706c6105@group-40390D33441A-LeaderElection46: begin an election at term 40 for 0: [9d2a2146-2c04-423d-8f96-3c121403b328:192.168.69.118:40792, 04710d3b-08a7-4a70-b69f-f772706c6105:192.168.69.118:40289, 43cb0e13-5597-452b-a8b1-af00d0a4a497:192.168.69.118:45201], old=null
2019-10-23 12:23:21,776 [grpc-default-executor-7] INFO  impl.RaftServerImpl (RaftServerImpl.java:setRole(184)) - 9d2a2146-2c04-423d-8f96-3c121403b328@group-40390D33441A: changes role from  FOLLOWER to FOLLOWER at term 40 for recognizeCandidate:04710d3b-08a7-4a70-b69f-f772706c6105
2019-10-23 12:23:21,776 [grpc-default-executor-3] INFO  impl.RaftServerImpl (RaftServerImpl.java:setRole(184)) - 43cb0e13-5597-452b-a8b1-af00d0a4a497@group-40390D33441A: changes role from  FOLLOWER to FOLLOWER at term 40 for recognizeCandidate:04710d3b-08a7-4a70-b69f-f772706c6105
2019-10-23 12:23:21,776 [grpc-default-executor-3] INFO  impl.RoleInfo (RoleInfo.java:shutdownFollowerState(121)) - 43cb0e13-5597-452b-a8b1-af00d0a4a497: shutdown FollowerState
2019-10-23 12:23:21,776 [grpc-default-executor-7] INFO  impl.RoleInfo (RoleInfo.java:shutdownFollowerState(121)) - 9d2a2146-2c04-423d-8f96-3c121403b328: shutdown FollowerState
2019-10-23 12:23:21,777 [grpc-default-executor-3] INFO  impl.RoleInfo (RoleInfo.java:updateAndGet(143)) - 43cb0e13-5597-452b-a8b1-af00d0a4a497: start FollowerState
2019-10-23 12:23:21,777 [Thread-837] INFO  impl.FollowerState (FollowerState.java:run(117)) - 43cb0e13-5597-452b-a8b1-af00d0a4a497@group-40390D33441A-FollowerState was interrupted: java.lang.InterruptedException: sleep interrupted
2019-10-23 12:23:21,777 [grpc-default-executor-7] INFO  impl.RoleInfo (RoleInfo.java:updateAndGet(143)) - 9d2a2146-2c04-423d-8f96-3c121403b328: start FollowerState
2019-10-23 12:23:21,777 [Thread-836] INFO  impl.FollowerState (FollowerState.java:run(117)) - 9d2a2146-2c04-423d-8f96-3c121403b328@group-40390D33441A-FollowerState was interrupted: java.lang.InterruptedException: sleep interrupted
2019-10-23 12:23:21,792 [04710d3b-08a7-4a70-b69f-f772706c6105@group-40390D33441A-LeaderElection46] INFO  impl.LeaderElection (LeaderElection.java:logAndReturn(56)) - 04710d3b-08a7-4a70-b69f-f772706c6105@group-40390D33441A-LeaderElection46: Election REJECTED; received 2 response(s) [04710d3b-08a7-4a70-b69f-f772706c6105<-9d2a2146-2c04-423d-8f96-3c121403b328#0:FAIL-t40, 04710d3b-08a7-4a70-b69f-f772706c6105<-43cb0e13-5597-452b-a8b1-af00d0a4a497#0:FAIL-t40] and 0 exception(s); 04710d3b-08a7-4a70-b69f-f772706c6105@group-40390D33441A:t40, leader=null, voted=04710d3b-08a7-4a70-b69f-f772706c6105, raftlog=04710d3b-08a7-4a70-b69f-f772706c6105@group-40390D33441A-SegmentedRaftLog:OPENED:c3,f4,i4, conf=0: [9d2a2146-2c04-423d-8f96-3c121403b328:192.168.69.118:40792, 04710d3b-08a7-4a70-b69f-f772706c6105:192.168.69.118:40289, 43cb0e13-5597-452b-a8b1-af00d0a4a497:192.168.69.118:45201], old=null
2019-10-23 12:23:21,793 [04710d3b-08a7-4a70-b69f-f772706c6105@group-40390D33441A-LeaderElection46] INFO  impl.RaftServerImpl (RaftServerImpl.java:setRole(184)) - 04710d3b-08a7-4a70-b69f-f772706c6105@group-40390D33441A: changes role from CANDIDATE to FOLLOWER at term 40 for DISCOVERED_A_NEW_TERM
2019-10-23 12:23:21,793 [04710d3b-08a7-4a70-b69f-f772706c6105@group-40390D33441A-LeaderElection46] INFO  impl.RoleInfo (RoleInfo.java:shutdownLeaderElection(134)) - 04710d3b-08a7-4a70-b69f-f772706c6105: shutdown LeaderElection
2019-10-23 12:23:21,793 [04710d3b-08a7-4a70-b69f-f772706c6105@group-40390D33441A-LeaderElection46] INFO  impl.RoleInfo (RoleInfo.java:updateAndGet(143)) - 04710d3b-08a7-4a70-b69f-f772706c6105: start FollowerState
2019-10-23 12:23:21,925 [BlockDeletingService#9] WARN  background.BlockDeletingService (BlockDeletingService.java:isDeletionAllowed(187)) - Close Container log Index 6 is not replicated across allthe servers in the pipeline c0e4f3a0-4d63-43fc-af6c-40390d33441a as the min replicated index is 4. Deletion is not allowed in this container yet.
2019-10-23 12:23:21,925 [BlockDeletingService#4] WARN  background.BlockDeletingService (BlockDeletingService.java:isDeletionAllowed(187)) - Close Container log Index 6 is not replicated across allthe servers in the pipeline c0e4f3a0-4d63-43fc-af6c-40390d33441a as the min replicated index is 4. Deletion is not allowed in this container yet.
2019-10-23 12:23:21,976 [Thread-844] INFO  impl.FollowerState (FollowerState.java:run(108)) - 04710d3b-08a7-4a70-b69f-f772706c6105@group-40390D33441A-FollowerState: change to CANDIDATE, lastRpcTime:182ms, electionTimeout:182ms
2019-10-23 12:23:21,976 [Thread-844] INFO  impl.RoleInfo (RoleInfo.java:shutdownFollowerState(121)) - 04710d3b-08a7-4a70-b69f-f772706c6105: shutdown FollowerState
2019-10-23 12:23:21,976 [Thread-844] INFO  impl.RaftServerImpl (RaftServerImpl.java:setRole(184)) - 04710d3b-08a7-4a70-b69f-f772706c6105@group-40390D33441A: changes role from  FOLLOWER to CANDIDATE at term 40 for changeToCandidate
2019-10-23 12:23:21,976 [Thread-844] INFO  impl.RoleInfo (RoleInfo.java:updateAndGet(143)) - 04710d3b-08a7-4a70-b69f-f772706c6105: start LeaderElection
2019-10-23 12:23:21,979 [Thread-849] INFO  client.GrpcClientProtocolService (GrpcClientProtocolService.java:lambda$processClientRequest$0(278)) - Failed RaftClientRequest:client-F877F7AB4D5B->43cb0e13-5597-452b-a8b1-af00d0a4a497@group-40390D33441A, cid=10, seq=0, Watch-ALL_COMMITTED(6), Message:<EMPTY>, reply=RaftClientReply:client-F877F7AB4D5B->43cb0e13-5597-452b-a8b1-af00d0a4a497@group-40390D33441A, cid=10, FAILED org.apache.ratis.protocol.NotLeaderException: Server 43cb0e13-5597-452b-a8b1-af00d0a4a497@group-40390D33441A is not the leader, logIndex=0, commits[43cb0e13-5597-452b-a8b1-af00d0a4a497:c10, 9d2a2146-2c04-423d-8f96-3c121403b328:c10, 04710d3b-08a7-4a70-b69f-f772706c6105:c4]
2019-10-23 12:23:21,989 [04710d3b-08a7-4a70-b69f-f772706c6105@group-40390D33441A-LeaderElection47] INFO  impl.LeaderElection (LeaderElection.java:askForVotes(178)) - 04710d3b-08a7-4a70-b69f-f772706c6105@group-40390D33441A-LeaderElection47: begin an election at term 41 for 0: [9d2a2146-2c04-423d-8f96-3c121403b328:192.168.69.118:40792, 04710d3b-08a7-4a70-b69f-f772706c6105:192.168.69.118:40289, 43cb0e13-5597-452b-a8b1-af00d0a4a497:192.168.69.118:45201], old=null
2019-10-23 12:23:21,991 [grpc-default-executor-7] INFO  impl.RaftServerImpl (RaftServerImpl.java:setRole(184)) - 9d2a2146-2c04-423d-8f96-3c121403b328@group-40390D33441A: changes role from  FOLLOWER to FOLLOWER at term 41 for recognizeCandidate:04710d3b-08a7-4a70-b69f-f772706c6105
2019-10-23 12:23:21,991 [grpc-default-executor-7] INFO  impl.RoleInfo (RoleInfo.java:shutdownFollowerState(121)) - 9d2a2146-2c04-423d-8f96-3c121403b328: shutdown FollowerState
2019-10-23 12:23:21,991 [Thread-843] INFO  impl.FollowerState (FollowerState.java:run(117)) - 9d2a2146-2c04-423d-8f96-3c121403b328@group-40390D33441A-FollowerState was interrupted: java.lang.InterruptedException: sleep interrupted
2019-10-23 12:23:21,992 [grpc-default-executor-3] INFO  impl.RaftServerImpl (RaftServerImpl.java:setRole(184)) - 43cb0e13-5597-452b-a8b1-af00d0a4a497@group-40390D33441A: changes role from  FOLLOWER to FOLLOWER at term 41 for recognizeCandidate:04710d3b-08a7-4a70-b69f-f772706c6105
2019-10-23 12:23:21,991 [grpc-default-executor-7] INFO  impl.RoleInfo (RoleInfo.java:updateAndGet(143)) - 9d2a2146-2c04-423d-8f96-3c121403b328: start FollowerState
2019-10-23 12:23:21,992 [grpc-default-executor-3] INFO  impl.RoleInfo (RoleInfo.java:shutdownFollowerState(121)) - 43cb0e13-5597-452b-a8b1-af00d0a4a497: shutdown FollowerState
2019-10-23 12:23:21,992 [grpc-default-executor-3] INFO  impl.RoleInfo (RoleInfo.java:updateAndGet(143)) - 43cb0e13-5597-452b-a8b1-af00d0a4a497: start FollowerState
2019-10-23 12:23:21,992 [Thread-842] INFO  impl.FollowerState (FollowerState.java:run(117)) - 43cb0e13-5597-452b-a8b1-af00d0a4a497@group-40390D33441A-FollowerState was interrupted: java.lang.InterruptedException: sleep interrupted
2019-10-23 12:23:22,009 [04710d3b-08a7-4a70-b69f-f772706c6105@group-40390D33441A-LeaderElection47] INFO  impl.LeaderElection (LeaderElection.java:logAndReturn(56)) - 04710d3b-08a7-4a70-b69f-f772706c6105@group-40390D33441A-LeaderElection47: Election REJECTED; received 2 response(s) [04710d3b-08a7-4a70-b69f-f772706c6105<-9d2a2146-2c04-423d-8f96-3c121403b328#0:FAIL-t41, 04710d3b-08a7-4a70-b69f-f772706c6105<-43cb0e13-5597-452b-a8b1-af00d0a4a497#0:FAIL-t41] and 0 exception(s); 04710d3b-08a7-4a70-b69f-f772706c6105@group-40390D33441A:t41, leader=null, voted=04710d3b-08a7-4a70-b69f-f772706c6105, raftlog=04710d3b-08a7-4a70-b69f-f772706c6105@group-40390D33441A-SegmentedRaftLog:OPENED:c3,f4,i4, conf=0: [9d2a2146-2c04-423d-8f96-3c121403b328:192.168.69.118:40792, 04710d3b-08a7-4a70-b69f-f772706c6105:192.168.69.118:40289, 43cb0e13-5597-452b-a8b1-af00d0a4a497:192.168.69.118:45201], old=null
2019-10-23 12:23:22,009 [04710d3b-08a7-4a70-b69f-f772706c6105@group-40390D33441A-LeaderElection47] INFO  impl.RaftServerImpl (RaftServerImpl.java:setRole(184)) - 04710d3b-08a7-4a70-b69f-f772706c6105@group-40390D33441A: changes role from CANDIDATE to FOLLOWER at term 41 for DISCOVERED_A_NEW_TERM
2019-10-23 12:23:22,009 [04710d3b-08a7-4a70-b69f-f772706c6105@group-40390D33441A-LeaderElection47] INFO  impl.RoleInfo (RoleInfo.java:shutdownLeaderElection(134)) - 04710d3b-08a7-4a70-b69f-f772706c6105: shutdown LeaderElection
2019-10-23 12:23:22,009 [04710d3b-08a7-4a70-b69f-f772706c6105@group-40390D33441A-LeaderElection47] INFO  impl.RoleInfo (RoleInfo.java:updateAndGet(143)) - 04710d3b-08a7-4a70-b69f-f772706c6105: start FollowerState
2019-10-23 12:23:22,070 [Thread-855] INFO  impl.FollowerState (FollowerState.java:run(108)) - 04710d3b-08a7-4a70-b69f-f772706c6105@group-40390D33441A-FollowerState: change to CANDIDATE, lastRpcTime:60ms, electionTimeout:60ms
2019-10-23 12:23:22,070 [Thread-855] INFO  impl.RoleInfo (RoleInfo.java:shutdownFollowerState(121)) - 04710d3b-08a7-4a70-b69f-f772706c6105: shutdown FollowerState
2019-10-23 12:23:22,070 [Thread-855] INFO  impl.RaftServerImpl (RaftServerImpl.java:setRole(184)) - 04710d3b-08a7-4a70-b69f-f772706c6105@group-40390D33441A: changes role from  FOLLOWER to CANDIDATE at term 41 for changeToCandidate
2019-10-23 12:23:22,070 [Thread-855] INFO  impl.RoleInfo (RoleInfo.java:updateAndGet(143)) - 04710d3b-08a7-4a70-b69f-f772706c6105: start LeaderElection
2019-10-23 12:23:22,084 [04710d3b-08a7-4a70-b69f-f772706c6105@group-40390D33441A-LeaderElection48] INFO  impl.LeaderElection (LeaderElection.java:askForVotes(178)) - 04710d3b-08a7-4a70-b69f-f772706c6105@group-40390D33441A-LeaderElection48: begin an election at term 42 for 0: [9d2a2146-2c04-423d-8f96-3c121403b328:192.168.69.118:40792, 04710d3b-08a7-4a70-b69f-f772706c6105:192.168.69.118:40289, 43cb0e13-5597-452b-a8b1-af00d0a4a497:192.168.69.118:45201], old=null
2019-10-23 12:23:22,087 [grpc-default-executor-3] INFO  impl.RaftServerImpl (RaftServerImpl.java:setRole(184)) - 43cb0e13-5597-452b-a8b1-af00d0a4a497@group-40390D33441A: changes role from  FOLLOWER to FOLLOWER at term 42 for recognizeCandidate:04710d3b-08a7-4a70-b69f-f772706c6105
2019-10-23 12:23:22,087 [grpc-default-executor-7] INFO  impl.RaftServerImpl (RaftServerImpl.java:setRole(184)) - 9d2a2146-2c04-423d-8f96-3c121403b328@group-40390D33441A: changes role from  FOLLOWER to FOLLOWER at term 42 for recognizeCandidate:04710d3b-08a7-4a70-b69f-f772706c6105
2019-10-23 12:23:22,087 [grpc-default-executor-3] INFO  impl.RoleInfo (RoleInfo.java:shutdownFollowerState(121)) - 43cb0e13-5597-452b-a8b1-af00d0a4a497: shutdown FollowerState
2019-10-23 12:23:22,088 [grpc-default-executor-7] INFO  impl.RoleInfo (RoleInfo.java:shutdownFollowerState(121)) - 9d2a2146-2c04-423d-8f96-3c121403b328: shutdown FollowerState
2019-10-23 12:23:22,088 [Thread-854] INFO  impl.FollowerState (FollowerState.java:run(117)) - 43cb0e13-5597-452b-a8b1-af00d0a4a497@group-40390D33441A-FollowerState was interrupted: java.lang.InterruptedException: sleep interrupted
2019-10-23 12:23:22,088 [grpc-default-executor-3] INFO  impl.RoleInfo (RoleInfo.java:updateAndGet(143)) - 43cb0e13-5597-452b-a8b1-af00d0a4a497: start FollowerState
2019-10-23 12:23:22,088 [grpc-default-executor-7] INFO  impl.RoleInfo (RoleInfo.java:updateAndGet(143)) - 9d2a2146-2c04-423d-8f96-3c121403b328: start FollowerState
2019-10-23 12:23:22,088 [Thread-853] INFO  impl.FollowerState (FollowerState.java:run(117)) - 9d2a2146-2c04-423d-8f96-3c121403b328@group-40390D33441A-FollowerState was interrupted: java.lang.InterruptedException: sleep interrupted
2019-10-23 12:23:22,102 [04710d3b-08a7-4a70-b69f-f772706c6105@group-40390D33441A-LeaderElection48] INFO  impl.LeaderElection (LeaderElection.java:logAndReturn(56)) - 04710d3b-08a7-4a70-b69f-f772706c6105@group-40390D33441A-LeaderElection48: Election REJECTED; received 2 response(s) [04710d3b-08a7-4a70-b69f-f772706c6105<-9d2a2146-2c04-423d-8f96-3c121403b328#0:FAIL-t42, 04710d3b-08a7-4a70-b69f-f772706c6105<-43cb0e13-5597-452b-a8b1-af00d0a4a497#0:FAIL-t42] and 0 exception(s); 04710d3b-08a7-4a70-b69f-f772706c6105@group-40390D33441A:t42, leader=null, voted=04710d3b-08a7-4a70-b69f-f772706c6105, raftlog=04710d3b-08a7-4a70-b69f-f772706c6105@group-40390D33441A-SegmentedRaftLog:OPENED:c3,f4,i4, conf=0: [9d2a2146-2c04-423d-8f96-3c121403b328:192.168.69.118:40792, 04710d3b-08a7-4a70-b69f-f772706c6105:192.168.69.118:40289, 43cb0e13-5597-452b-a8b1-af00d0a4a497:192.168.69.118:45201], old=null
2019-10-23 12:23:22,102 [04710d3b-08a7-4a70-b69f-f772706c6105@group-40390D33441A-LeaderElection48] INFO  impl.RaftServerImpl (RaftServerImpl.java:setRole(184)) - 04710d3b-08a7-4a70-b69f-f772706c6105@group-40390D33441A: changes role from CANDIDATE to FOLLOWER at term 42 for DISCOVERED_A_NEW_TERM
2019-10-23 12:23:22,102 [04710d3b-08a7-4a70-b69f-f772706c6105@group-40390D33441A-LeaderElection48] INFO  impl.RoleInfo (RoleInfo.java:shutdownLeaderElection(134)) - 04710d3b-08a7-4a70-b69f-f772706c6105: shutdown LeaderElection
2019-10-23 12:23:22,102 [04710d3b-08a7-4a70-b69f-f772706c6105@group-40390D33441A-LeaderElection48] INFO  impl.RoleInfo (RoleInfo.java:updateAndGet(143)) - 04710d3b-08a7-4a70-b69f-f772706c6105: start FollowerState
2019-10-23 12:23:22,154 [Thread-861] INFO  impl.FollowerState (FollowerState.java:run(108)) - 04710d3b-08a7-4a70-b69f-f772706c6105@group-40390D33441A-FollowerState: change to CANDIDATE, lastRpcTime:52ms, electionTimeout:52ms
2019-10-23 12:23:22,155 [Thread-861] INFO  impl.RoleInfo (RoleInfo.java:shutdownFollowerState(121)) - 04710d3b-08a7-4a70-b69f-f772706c6105: shutdown FollowerState
2019-10-23 12:23:22,155 [Thread-861] INFO  impl.RaftServerImpl (RaftServerImpl.java:setRole(184)) - 04710d3b-08a7-4a70-b69f-f772706c6105@group-40390D33441A: changes role from  FOLLOWER to CANDIDATE at term 42 for changeToCandidate
2019-10-23 12:23:22,155 [Thread-861] INFO  impl.RoleInfo (RoleInfo.java:updateAndGet(143)) - 04710d3b-08a7-4a70-b69f-f772706c6105: start LeaderElection
2019-10-23 12:23:22,168 [04710d3b-08a7-4a70-b69f-f772706c6105@group-40390D33441A-LeaderElection49] INFO  impl.LeaderElection (LeaderElection.java:askForVotes(178)) - 04710d3b-08a7-4a70-b69f-f772706c6105@group-40390D33441A-LeaderElection49: begin an election at term 43 for 0: [9d2a2146-2c04-423d-8f96-3c121403b328:192.168.69.118:40792, 04710d3b-08a7-4a70-b69f-f772706c6105:192.168.69.118:40289, 43cb0e13-5597-452b-a8b1-af00d0a4a497:192.168.69.118:45201], old=null
2019-10-23 12:23:22,170 [grpc-default-executor-3] INFO  impl.RaftServerImpl (RaftServerImpl.java:setRole(184)) - 9d2a2146-2c04-423d-8f96-3c121403b328@group-40390D33441A: changes role from  FOLLOWER to FOLLOWER at term 43 for recognizeCandidate:04710d3b-08a7-4a70-b69f-f772706c6105
2019-10-23 12:23:22,170 [grpc-default-executor-3] INFO  impl.RoleInfo (RoleInfo.java:shutdownFollowerState(121)) - 9d2a2146-2c04-423d-8f96-3c121403b328: shutdown FollowerState
2019-10-23 12:23:22,170 [grpc-default-executor-7] INFO  impl.RaftServerImpl (RaftServerImpl.java:setRole(184)) - 43cb0e13-5597-452b-a8b1-af00d0a4a497@group-40390D33441A: changes role from  FOLLOWER to FOLLOWER at term 43 for recognizeCandidate:04710d3b-08a7-4a70-b69f-f772706c6105
2019-10-23 12:23:22,170 [grpc-default-executor-3] INFO  impl.RoleInfo (RoleInfo.java:updateAndGet(143)) - 9d2a2146-2c04-423d-8f96-3c121403b328: start FollowerState
2019-10-23 12:23:22,170 [Thread-860] INFO  impl.FollowerState (FollowerState.java:run(117)) - 9d2a2146-2c04-423d-8f96-3c121403b328@group-40390D33441A-FollowerState was interrupted: java.lang.InterruptedException: sleep interrupted
2019-10-23 12:23:22,170 [grpc-default-executor-7] INFO  impl.RoleInfo (RoleInfo.java:shutdownFollowerState(121)) - 43cb0e13-5597-452b-a8b1-af00d0a4a497: shutdown FollowerState
2019-10-23 12:23:22,171 [Thread-859] INFO  impl.FollowerState (FollowerState.java:run(117)) - 43cb0e13-5597-452b-a8b1-af00d0a4a497@group-40390D33441A-FollowerState was interrupted: java.lang.InterruptedException: sleep interrupted
2019-10-23 12:23:22,171 [grpc-default-executor-7] INFO  impl.RoleInfo (RoleInfo.java:updateAndGet(143)) - 43cb0e13-5597-452b-a8b1-af00d0a4a497: start FollowerState
2019-10-23 12:23:22,173 [04710d3b-08a7-4a70-b69f-f772706c6105@group-40390D33441A-LeaderElection49] INFO  impl.LeaderElection (LeaderElection.java:logAndReturn(56)) - 04710d3b-08a7-4a70-b69f-f772706c6105@group-40390D33441A-LeaderElection49: Election TIMEOUT; received 0 response(s) [] and 0 exception(s); 04710d3b-08a7-4a70-b69f-f772706c6105@group-40390D33441A:t43, leader=null, voted=04710d3b-08a7-4a70-b69f-f772706c6105, raftlog=04710d3b-08a7-4a70-b69f-f772706c6105@group-40390D33441A-SegmentedRaftLog:OPENED:c3,f4,i4, conf=0: [9d2a2146-2c04-423d-8f96-3c121403b328:192.168.69.118:40792, 04710d3b-08a7-4a70-b69f-f772706c6105:192.168.69.118:40289, 43cb0e13-5597-452b-a8b1-af00d0a4a497:192.168.69.118:45201], old=null
2019-10-23 12:23:22,184 [04710d3b-08a7-4a70-b69f-f772706c6105@group-40390D33441A-LeaderElection49] INFO  impl.LeaderElection (LeaderElection.java:askForVotes(178)) - 04710d3b-08a7-4a70-b69f-f772706c6105@group-40390D33441A-LeaderElection49: begin an election at term 44 for 0: [9d2a2146-2c04-423d-8f96-3c121403b328:192.168.69.118:40792, 04710d3b-08a7-4a70-b69f-f772706c6105:192.168.69.118:40289, 43cb0e13-5597-452b-a8b1-af00d0a4a497:192.168.69.118:45201], old=null
2019-10-23 12:23:22,186 [grpc-default-executor-7] INFO  impl.RaftServerImpl (RaftServerImpl.java:setRole(184)) - 43cb0e13-5597-452b-a8b1-af00d0a4a497@group-40390D33441A: changes role from  FOLLOWER to FOLLOWER at term 44 for recognizeCandidate:04710d3b-08a7-4a70-b69f-f772706c6105
2019-10-23 12:23:22,186 [grpc-default-executor-3] INFO  impl.RaftServerImpl (RaftServerImpl.java:setRole(184)) - 9d2a2146-2c04-423d-8f96-3c121403b328@group-40390D33441A: changes role from  FOLLOWER to FOLLOWER at term 44 for recognizeCandidate:04710d3b-08a7-4a70-b69f-f772706c6105
2019-10-23 12:23:22,186 [grpc-default-executor-3] INFO  impl.RoleInfo (RoleInfo.java:shutdownFollowerState(121)) - 9d2a2146-2c04-423d-8f96-3c121403b328: shutdown FollowerState
2019-10-23 12:23:22,186 [grpc-default-executor-7] INFO  impl.RoleInfo (RoleInfo.java:shutdownFollowerState(121)) - 43cb0e13-5597-452b-a8b1-af00d0a4a497: shutdown FollowerState
2019-10-23 12:23:22,186 [Thread-865] INFO  impl.FollowerState (FollowerState.java:run(117)) - 9d2a2146-2c04-423d-8f96-3c121403b328@group-40390D33441A-FollowerState was interrupted: java.lang.InterruptedException: sleep interrupted
2019-10-23 12:23:22,186 [Thread-866] INFO  impl.FollowerState (FollowerState.java:run(117)) - 43cb0e13-5597-452b-a8b1-af00d0a4a497@group-40390D33441A-FollowerState was interrupted: java.lang.InterruptedException: sleep interrupted
2019-10-23 12:23:22,186 [grpc-default-executor-3] INFO  impl.RoleInfo (RoleInfo.java:updateAndGet(143)) - 9d2a2146-2c04-423d-8f96-3c121403b328: start FollowerState
2019-10-23 12:23:22,186 [grpc-default-executor-7] INFO  impl.RoleInfo (RoleInfo.java:updateAndGet(143)) - 43cb0e13-5597-452b-a8b1-af00d0a4a497: start FollowerState
2019-10-23 12:23:22,200 [04710d3b-08a7-4a70-b69f-f772706c6105@group-40390D33441A-LeaderElection49] INFO  impl.LeaderElection (LeaderElection.java:logAndReturn(56)) - 04710d3b-08a7-4a70-b69f-f772706c6105@group-40390D33441A-LeaderElection49: Election REJECTED; received 2 response(s) [04710d3b-08a7-4a70-b69f-f772706c6105<-9d2a2146-2c04-423d-8f96-3c121403b328#0:FAIL-t44, 04710d3b-08a7-4a70-b69f-f772706c6105<-43cb0e13-5597-452b-a8b1-af00d0a4a497#0:FAIL-t44] and 0 exception(s); 04710d3b-08a7-4a70-b69f-f772706c6105@group-40390D33441A:t44, leader=null, voted=04710d3b-08a7-4a70-b69f-f772706c6105, raftlog=04710d3b-08a7-4a70-b69f-f772706c6105@group-40390D33441A-SegmentedRaftLog:OPENED:c3,f4,i4, conf=0: [9d2a2146-2c04-423d-8f96-3c121403b328:192.168.69.118:40792, 04710d3b-08a7-4a70-b69f-f772706c6105:192.168.69.118:40289, 43cb0e13-5597-452b-a8b1-af00d0a4a497:192.168.69.118:45201], old=null
2019-10-23 12:23:22,200 [04710d3b-08a7-4a70-b69f-f772706c6105@group-40390D33441A-LeaderElection49] INFO  impl.RaftServerImpl (RaftServerImpl.java:setRole(184)) - 04710d3b-08a7-4a70-b69f-f772706c6105@group-40390D33441A: changes role from CANDIDATE to FOLLOWER at term 44 for DISCOVERED_A_NEW_TERM
2019-10-23 12:23:22,200 [04710d3b-08a7-4a70-b69f-f772706c6105@group-40390D33441A-LeaderElection49] INFO  impl.RoleInfo (RoleInfo.java:shutdownLeaderElection(134)) - 04710d3b-08a7-4a70-b69f-f772706c6105: shutdown LeaderElection
2019-10-23 12:23:22,200 [04710d3b-08a7-4a70-b69f-f772706c6105@group-40390D33441A-LeaderElection49] INFO  impl.RoleInfo (RoleInfo.java:updateAndGet(143)) - 04710d3b-08a7-4a70-b69f-f772706c6105: start FollowerState
2019-10-23 12:23:22,284 [Thread-871] INFO  impl.FollowerState (FollowerState.java:run(108)) - 04710d3b-08a7-4a70-b69f-f772706c6105@group-40390D33441A-FollowerState: change to CANDIDATE, lastRpcTime:83ms, electionTimeout:83ms
2019-10-23 12:23:22,284 [Thread-871] INFO  impl.RoleInfo (RoleInfo.java:shutdownFollowerState(121)) - 04710d3b-08a7-4a70-b69f-f772706c6105: shutdown FollowerState
2019-10-23 12:23:22,284 [Thread-871] INFO  impl.RaftServerImpl (RaftServerImpl.java:setRole(184)) - 04710d3b-08a7-4a70-b69f-f772706c6105@group-40390D33441A: changes role from  FOLLOWER to CANDIDATE at term 44 for changeToCandidate
2019-10-23 12:23:22,284 [Thread-871] INFO  impl.RoleInfo (RoleInfo.java:updateAndGet(143)) - 04710d3b-08a7-4a70-b69f-f772706c6105: start LeaderElection
2019-10-23 12:23:22,298 [04710d3b-08a7-4a70-b69f-f772706c6105@group-40390D33441A-LeaderElection50] INFO  impl.LeaderElection (LeaderElection.java:askForVotes(178)) - 04710d3b-08a7-4a70-b69f-f772706c6105@group-40390D33441A-LeaderElection50: begin an election at term 45 for 0: [9d2a2146-2c04-423d-8f96-3c121403b328:192.168.69.118:40792, 04710d3b-08a7-4a70-b69f-f772706c6105:192.168.69.118:40289, 43cb0e13-5597-452b-a8b1-af00d0a4a497:192.168.69.118:45201], old=null
2019-10-23 12:23:22,300 [grpc-default-executor-3] INFO  impl.RaftServerImpl (RaftServerImpl.java:setRole(184)) - 9d2a2146-2c04-423d-8f96-3c121403b328@group-40390D33441A: changes role from  FOLLOWER to FOLLOWER at term 45 for recognizeCandidate:04710d3b-08a7-4a70-b69f-f772706c6105
2019-10-23 12:23:22,301 [grpc-default-executor-3] INFO  impl.RoleInfo (RoleInfo.java:shutdownFollowerState(121)) - 9d2a2146-2c04-423d-8f96-3c121403b328: shutdown FollowerState
2019-10-23 12:23:22,301 [grpc-default-executor-7] INFO  impl.RaftServerImpl (RaftServerImpl.java:setRole(184)) - 43cb0e13-5597-452b-a8b1-af00d0a4a497@group-40390D33441A: changes role from  FOLLOWER to FOLLOWER at term 45 for recognizeCandidate:04710d3b-08a7-4a70-b69f-f772706c6105
2019-10-23 12:23:22,301 [grpc-default-executor-7] INFO  impl.RoleInfo (RoleInfo.java:shutdownFollowerState(121)) - 43cb0e13-5597-452b-a8b1-af00d0a4a497: shutdown FollowerState
2019-10-23 12:23:22,301 [Thread-869] INFO  impl.FollowerState (FollowerState.java:run(117)) - 9d2a2146-2c04-423d-8f96-3c121403b328@group-40390D33441A-FollowerState was interrupted: java.lang.InterruptedException: sleep interrupted
2019-10-23 12:23:22,301 [grpc-default-executor-3] INFO  impl.RoleInfo (RoleInfo.java:updateAndGet(143)) - 9d2a2146-2c04-423d-8f96-3c121403b328: start FollowerState
2019-10-23 12:23:22,301 [Thread-870] INFO  impl.FollowerState (FollowerState.java:run(117)) - 43cb0e13-5597-452b-a8b1-af00d0a4a497@group-40390D33441A-FollowerState was interrupted: java.lang.InterruptedException: sleep interrupted
2019-10-23 12:23:22,301 [grpc-default-executor-7] INFO  impl.RoleInfo (RoleInfo.java:updateAndGet(143)) - 43cb0e13-5597-452b-a8b1-af00d0a4a497: start FollowerState
2019-10-23 12:23:22,316 [04710d3b-08a7-4a70-b69f-f772706c6105@group-40390D33441A-LeaderElection50] INFO  impl.LeaderElection (LeaderElection.java:logAndReturn(56)) - 04710d3b-08a7-4a70-b69f-f772706c6105@group-40390D33441A-LeaderElection50: Election REJECTED; received 2 response(s) [04710d3b-08a7-4a70-b69f-f772706c6105<-9d2a2146-2c04-423d-8f96-3c121403b328#0:FAIL-t45, 04710d3b-08a7-4a70-b69f-f772706c6105<-43cb0e13-5597-452b-a8b1-af00d0a4a497#0:FAIL-t45] and 0 exception(s); 04710d3b-08a7-4a70-b69f-f772706c6105@group-40390D33441A:t45, leader=null, voted=04710d3b-08a7-4a70-b69f-f772706c6105, raftlog=04710d3b-08a7-4a70-b69f-f772706c6105@group-40390D33441A-SegmentedRaftLog:OPENED:c3,f4,i4, conf=0: [9d2a2146-2c04-423d-8f96-3c121403b328:192.168.69.118:40792, 04710d3b-08a7-4a70-b69f-f772706c6105:192.168.69.118:40289, 43cb0e13-5597-452b-a8b1-af00d0a4a497:192.168.69.118:45201], old=null
2019-10-23 12:23:22,316 [04710d3b-08a7-4a70-b69f-f772706c6105@group-40390D33441A-LeaderElection50] INFO  impl.RaftServerImpl (RaftServerImpl.java:setRole(184)) - 04710d3b-08a7-4a70-b69f-f772706c6105@group-40390D33441A: changes role from CANDIDATE to FOLLOWER at term 45 for DISCOVERED_A_NEW_TERM
2019-10-23 12:23:22,316 [04710d3b-08a7-4a70-b69f-f772706c6105@group-40390D33441A-LeaderElection50] INFO  impl.RoleInfo (RoleInfo.java:shutdownLeaderElection(134)) - 04710d3b-08a7-4a70-b69f-f772706c6105: shutdown LeaderElection
2019-10-23 12:23:22,316 [04710d3b-08a7-4a70-b69f-f772706c6105@group-40390D33441A-LeaderElection50] INFO  impl.RoleInfo (RoleInfo.java:updateAndGet(143)) - 04710d3b-08a7-4a70-b69f-f772706c6105: start FollowerState
2019-10-23 12:23:22,488 [Thread-877] INFO  impl.FollowerState (FollowerState.java:run(108)) - 04710d3b-08a7-4a70-b69f-f772706c6105@group-40390D33441A-FollowerState: change to CANDIDATE, lastRpcTime:172ms, electionTimeout:172ms
2019-10-23 12:23:22,488 [Thread-877] INFO  impl.RoleInfo (RoleInfo.java:shutdownFollowerState(121)) - 04710d3b-08a7-4a70-b69f-f772706c6105: shutdown FollowerState
2019-10-23 12:23:22,488 [pool-7-thread-1] INFO  commands.RetriableDatanodeEventWatcher (RetriableDatanodeEventWatcher.java:onTimeout(47)) - RetriableDatanodeCommand type=deleteBlocksCommand with id=1571833393489 timed out. Retrying.
2019-10-23 12:23:22,489 [Thread-877] INFO  impl.RaftServerImpl (RaftServerImpl.java:setRole(184)) - 04710d3b-08a7-4a70-b69f-f772706c6105@group-40390D33441A: changes role from  FOLLOWER to CANDIDATE at term 45 for changeToCandidate
2019-10-23 12:23:22,489 [Thread-877] INFO  impl.RoleInfo (RoleInfo.java:updateAndGet(143)) - 04710d3b-08a7-4a70-b69f-f772706c6105: start LeaderElection
2019-10-23 12:23:22,490 [pool-7-thread-1] INFO  commands.RetriableDatanodeEventWatcher (RetriableDatanodeEventWatcher.java:onTimeout(47)) - RetriableDatanodeCommand type=deleteBlocksCommand with id=1571833393487 timed out. Retrying.
2019-10-23 12:23:22,490 [pool-7-thread-5] INFO  commands.RetriableDatanodeEventWatcher (RetriableDatanodeEventWatcher.java:onTimeout(47)) - RetriableDatanodeCommand type=deleteBlocksCommand with id=1571833393485 timed out. Retrying.
2019-10-23 12:23:22,490 [pool-7-thread-4] INFO  commands.RetriableDatanodeEventWatcher (RetriableDatanodeEventWatcher.java:onTimeout(47)) - RetriableDatanodeCommand type=deleteBlocksCommand with id=1571833393480 timed out. Retrying.
2019-10-23 12:23:22,490 [pool-7-thread-2] INFO  commands.RetriableDatanodeEventWatcher (RetriableDatanodeEventWatcher.java:onTimeout(47)) - RetriableDatanodeCommand type=deleteBlocksCommand with id=1571833393490 timed out. Retrying.
2019-10-23 12:23:22,490 [pool-7-thread-3] INFO  commands.RetriableDatanodeEventWatcher (RetriableDatanodeEventWatcher.java:onTimeout(47)) - RetriableDatanodeCommand type=deleteBlocksCommand with id=1571833393482 timed out. Retrying.
2019-10-23 12:23:22,491 [pool-7-thread-6] INFO  commands.RetriableDatanodeEventWatcher (RetriableDatanodeEventWatcher.java:onTimeout(47)) - RetriableDatanodeCommand type=deleteBlocksCommand with id=1571833393488 timed out. Retrying.
2019-10-23 12:23:22,491 [SCMBlockDeletingService#0] INFO  block.SCMBlockDeletingService (SCMBlockDeletingService.java:call(184)) - Totally added 1 delete blocks command for 1 datanodes, task elapsed time: 1ms
2019-10-23 12:23:22,491 [pool-7-thread-1] INFO  commands.RetriableDatanodeEventWatcher (RetriableDatanodeEventWatcher.java:onTimeout(47)) - RetriableDatanodeCommand type=deleteBlocksCommand with id=1571833393484 timed out. Retrying.
2019-10-23 12:23:22,491 [pool-7-thread-5] INFO  commands.RetriableDatanodeEventWatcher (RetriableDatanodeEventWatcher.java:onTimeout(47)) - RetriableDatanodeCommand type=deleteBlocksCommand with id=1571833393486 timed out. Retrying.
2019-10-23 12:23:22,502 [04710d3b-08a7-4a70-b69f-f772706c6105@group-40390D33441A-LeaderElection51] INFO  impl.LeaderElection (LeaderElection.java:askForVotes(178)) - 04710d3b-08a7-4a70-b69f-f772706c6105@group-40390D33441A-LeaderElection51: begin an election at term 46 for 0: [9d2a2146-2c04-423d-8f96-3c121403b328:192.168.69.118:40792, 04710d3b-08a7-4a70-b69f-f772706c6105:192.168.69.118:40289, 43cb0e13-5597-452b-a8b1-af00d0a4a497:192.168.69.118:45201], old=null
2019-10-23 12:23:22,504 [grpc-default-executor-7] INFO  impl.RaftServerImpl (RaftServerImpl.java:setRole(184)) - 43cb0e13-5597-452b-a8b1-af00d0a4a497@group-40390D33441A: changes role from  FOLLOWER to FOLLOWER at term 46 for recognizeCandidate:04710d3b-08a7-4a70-b69f-f772706c6105
2019-10-23 12:23:22,504 [grpc-default-executor-7] INFO  impl.RoleInfo (RoleInfo.java:shutdownFollowerState(121)) - 43cb0e13-5597-452b-a8b1-af00d0a4a497: shutdown FollowerState
2019-10-23 12:23:22,505 [grpc-default-executor-3] INFO  impl.RaftServerImpl (RaftServerImpl.java:setRole(184)) - 9d2a2146-2c04-423d-8f96-3c121403b328@group-40390D33441A: changes role from  FOLLOWER to FOLLOWER at term 46 for recognizeCandidate:04710d3b-08a7-4a70-b69f-f772706c6105
2019-10-23 12:23:22,505 [grpc-default-executor-7] INFO  impl.RoleInfo (RoleInfo.java:updateAndGet(143)) - 43cb0e13-5597-452b-a8b1-af00d0a4a497: start FollowerState
2019-10-23 12:23:22,505 [Thread-876] INFO  impl.FollowerState (FollowerState.java:run(117)) - 43cb0e13-5597-452b-a8b1-af00d0a4a497@group-40390D33441A-FollowerState was interrupted: java.lang.InterruptedException: sleep interrupted
2019-10-23 12:23:22,505 [grpc-default-executor-3] INFO  impl.RoleInfo (RoleInfo.java:shutdownFollowerState(121)) - 9d2a2146-2c04-423d-8f96-3c121403b328: shutdown FollowerState
2019-10-23 12:23:22,505 [grpc-default-executor-3] INFO  impl.RoleInfo (RoleInfo.java:updateAndGet(143)) - 9d2a2146-2c04-423d-8f96-3c121403b328: start FollowerState
2019-10-23 12:23:22,505 [Thread-875] INFO  impl.FollowerState (FollowerState.java:run(117)) - 9d2a2146-2c04-423d-8f96-3c121403b328@group-40390D33441A-FollowerState was interrupted: java.lang.InterruptedException: sleep interrupted
2019-10-23 12:23:22,518 [Command processor thread] INFO  commandhandler.DeleteBlocksCommandHandler (DeleteBlocksCommandHandler.java:handle(106)) - Start to delete container blocks, TXIDs=[1(32)], numOfContainers=1, numOfBlocks=1
2019-10-23 12:23:22,518 [Command processor thread] INFO  commandhandler.DeleteBlocksCommandHandler (DeleteBlocksCommandHandler.java:handle(106)) - Start to delete container blocks, TXIDs=[1(40)], numOfContainers=1, numOfBlocks=1
2019-10-23 12:23:22,518 [Command processor thread] INFO  commandhandler.DeleteBlocksCommandHandler (DeleteBlocksCommandHandler.java:handle(106)) - Start to delete container blocks, TXIDs=[1(4)], numOfContainers=1, numOfBlocks=1
2019-10-23 12:23:22,518 [Command processor thread] INFO  commandhandler.DeleteBlocksCommandHandler (DeleteBlocksCommandHandler.java:handle(106)) - Start to delete container blocks, TXIDs=[1(4)], numOfContainers=1, numOfBlocks=1
2019-10-23 12:23:22,518 [Command processor thread] INFO  commandhandler.DeleteBlocksCommandHandler (DeleteBlocksCommandHandler.java:handle(106)) - Start to delete container blocks, TXIDs=[1(0)], numOfContainers=1, numOfBlocks=1
2019-10-23 12:23:22,519 [Command processor thread] INFO  commandhandler.DeleteBlocksCommandHandler (DeleteBlocksCommandHandler.java:handle(106)) - Start to delete container blocks, TXIDs=[1(4)], numOfContainers=1, numOfBlocks=1
2019-10-23 12:23:22,519 [Command processor thread] INFO  commandhandler.DeleteBlocksCommandHandler (DeleteBlocksCommandHandler.java:handle(106)) - Start to delete container blocks, TXIDs=[1(4)], numOfContainers=1, numOfBlocks=1
2019-10-23 12:23:22,519 [Command processor thread] INFO  commandhandler.DeleteBlocksCommandHandler (DeleteBlocksCommandHandler.java:handle(106)) - Start to delete container blocks, TXIDs=[1(2)], numOfContainers=1, numOfBlocks=1
2019-10-23 12:23:22,519 [Command processor thread] INFO  commandhandler.DeleteBlocksCommandHandler (DeleteBlocksCommandHandler.java:handle(106)) - Start to delete container blocks, TXIDs=[1(4)], numOfContainers=1, numOfBlocks=1
2019-10-23 12:23:22,519 [04710d3b-08a7-4a70-b69f-f772706c6105@group-40390D33441A-LeaderElection51] INFO  impl.LeaderElection (LeaderElection.java:logAndReturn(56)) - 04710d3b-08a7-4a70-b69f-f772706c6105@group-40390D33441A-LeaderElection51: Election REJECTED; received 2 response(s) [04710d3b-08a7-4a70-b69f-f772706c6105<-9d2a2146-2c04-423d-8f96-3c121403b328#0:FAIL-t46, 04710d3b-08a7-4a70-b69f-f772706c6105<-43cb0e13-5597-452b-a8b1-af00d0a4a497#0:FAIL-t46] and 0 exception(s); 04710d3b-08a7-4a70-b69f-f772706c6105@group-40390D33441A:t46, leader=null, voted=04710d3b-08a7-4a70-b69f-f772706c6105, raftlog=04710d3b-08a7-4a70-b69f-f772706c6105@group-40390D33441A-SegmentedRaftLog:OPENED:c3,f4,i4, conf=0: [9d2a2146-2c04-423d-8f96-3c121403b328:192.168.69.118:40792, 04710d3b-08a7-4a70-b69f-f772706c6105:192.168.69.118:40289, 43cb0e13-5597-452b-a8b1-af00d0a4a497:192.168.69.118:45201], old=null
2019-10-23 12:23:22,519 [04710d3b-08a7-4a70-b69f-f772706c6105@group-40390D33441A-LeaderElection51] INFO  impl.RaftServerImpl (RaftServerImpl.java:setRole(184)) - 04710d3b-08a7-4a70-b69f-f772706c6105@group-40390D33441A: changes role from CANDIDATE to FOLLOWER at term 46 for DISCOVERED_A_NEW_TERM
2019-10-23 12:23:22,520 [04710d3b-08a7-4a70-b69f-f772706c6105@group-40390D33441A-LeaderElection51] INFO  impl.RoleInfo (RoleInfo.java:shutdownLeaderElection(134)) - 04710d3b-08a7-4a70-b69f-f772706c6105: shutdown LeaderElection
2019-10-23 12:23:22,520 [04710d3b-08a7-4a70-b69f-f772706c6105@group-40390D33441A-LeaderElection51] INFO  impl.RoleInfo (RoleInfo.java:updateAndGet(143)) - 04710d3b-08a7-4a70-b69f-f772706c6105: start FollowerState
2019-10-23 12:23:22,658 [Thread-884] INFO  impl.FollowerState (FollowerState.java:run(108)) - 04710d3b-08a7-4a70-b69f-f772706c6105@group-40390D33441A-FollowerState: change to CANDIDATE, lastRpcTime:138ms, electionTimeout:137ms
2019-10-23 12:23:22,659 [Thread-884] INFO  impl.RoleInfo (RoleInfo.java:shutdownFollowerState(121)) - 04710d3b-08a7-4a70-b69f-f772706c6105: shutdown FollowerState
2019-10-23 12:23:22,659 [Thread-884] INFO  impl.RaftServerImpl (RaftServerImpl.java:setRole(184)) - 04710d3b-08a7-4a70-b69f-f772706c6105@group-40390D33441A: changes role from  FOLLOWER to CANDIDATE at term 46 for changeToCandidate
2019-10-23 12:23:22,659 [Thread-884] INFO  impl.RoleInfo (RoleInfo.java:updateAndGet(143)) - 04710d3b-08a7-4a70-b69f-f772706c6105: start LeaderElection
2019-10-23 12:23:22,673 [04710d3b-08a7-4a70-b69f-f772706c6105@group-40390D33441A-LeaderElection52] INFO  impl.LeaderElection (LeaderElection.java:askForVotes(178)) - 04710d3b-08a7-4a70-b69f-f772706c6105@group-40390D33441A-LeaderElection52: begin an election at term 47 for 0: [9d2a2146-2c04-423d-8f96-3c121403b328:192.168.69.118:40792, 04710d3b-08a7-4a70-b69f-f772706c6105:192.168.69.118:40289, 43cb0e13-5597-452b-a8b1-af00d0a4a497:192.168.69.118:45201], old=null
2019-10-23 12:23:22,676 [grpc-default-executor-7] INFO  impl.RaftServerImpl (RaftServerImpl.java:setRole(184)) - 9d2a2146-2c04-423d-8f96-3c121403b328@group-40390D33441A: changes role from  FOLLOWER to FOLLOWER at term 47 for recognizeCandidate:04710d3b-08a7-4a70-b69f-f772706c6105
2019-10-23 12:23:22,676 [grpc-default-executor-3] INFO  impl.RaftServerImpl (RaftServerImpl.java:setRole(184)) - 43cb0e13-5597-452b-a8b1-af00d0a4a497@group-40390D33441A: changes role from  FOLLOWER to FOLLOWER at term 47 for recognizeCandidate:04710d3b-08a7-4a70-b69f-f772706c6105
2019-10-23 12:23:22,676 [grpc-default-executor-3] INFO  impl.RoleInfo (RoleInfo.java:shutdownFollowerState(121)) - 43cb0e13-5597-452b-a8b1-af00d0a4a497: shutdown FollowerState
2019-10-23 12:23:22,676 [grpc-default-executor-7] INFO  impl.RoleInfo (RoleInfo.java:shutdownFollowerState(121)) - 9d2a2146-2c04-423d-8f96-3c121403b328: shutdown FollowerState
2019-10-23 12:23:22,676 [grpc-default-executor-3] INFO  impl.RoleInfo (RoleInfo.java:updateAndGet(143)) - 43cb0e13-5597-452b-a8b1-af00d0a4a497: start FollowerState
2019-10-23 12:23:22,676 [Thread-882] INFO  impl.FollowerState (FollowerState.java:run(117)) - 43cb0e13-5597-452b-a8b1-af00d0a4a497@group-40390D33441A-FollowerState was interrupted: java.lang.InterruptedException: sleep interrupted
2019-10-23 12:23:22,677 [grpc-default-executor-7] INFO  impl.RoleInfo (RoleInfo.java:updateAndGet(143)) - 9d2a2146-2c04-423d-8f96-3c121403b328: start FollowerState
2019-10-23 12:23:22,677 [Thread-883] INFO  impl.FollowerState (FollowerState.java:run(117)) - 9d2a2146-2c04-423d-8f96-3c121403b328@group-40390D33441A-FollowerState was interrupted: java.lang.InterruptedException: sleep interrupted
2019-10-23 12:23:22,691 [04710d3b-08a7-4a70-b69f-f772706c6105@group-40390D33441A-LeaderElection52] INFO  impl.LeaderElection (LeaderElection.java:logAndReturn(56)) - 04710d3b-08a7-4a70-b69f-f772706c6105@group-40390D33441A-LeaderElection52: Election REJECTED; received 2 response(s) [04710d3b-08a7-4a70-b69f-f772706c6105<-9d2a2146-2c04-423d-8f96-3c121403b328#0:FAIL-t47, 04710d3b-08a7-4a70-b69f-f772706c6105<-43cb0e13-5597-452b-a8b1-af00d0a4a497#0:FAIL-t47] and 0 exception(s); 04710d3b-08a7-4a70-b69f-f772706c6105@group-40390D33441A:t47, leader=null, voted=04710d3b-08a7-4a70-b69f-f772706c6105, raftlog=04710d3b-08a7-4a70-b69f-f772706c6105@group-40390D33441A-SegmentedRaftLog:OPENED:c3,f4,i4, conf=0: [9d2a2146-2c04-423d-8f96-3c121403b328:192.168.69.118:40792, 04710d3b-08a7-4a70-b69f-f772706c6105:192.168.69.118:40289, 43cb0e13-5597-452b-a8b1-af00d0a4a497:192.168.69.118:45201], old=null
2019-10-23 12:23:22,691 [04710d3b-08a7-4a70-b69f-f772706c6105@group-40390D33441A-LeaderElection52] INFO  impl.RaftServerImpl (RaftServerImpl.java:setRole(184)) - 04710d3b-08a7-4a70-b69f-f772706c6105@group-40390D33441A: changes role from CANDIDATE to FOLLOWER at term 47 for DISCOVERED_A_NEW_TERM
2019-10-23 12:23:22,691 [04710d3b-08a7-4a70-b69f-f772706c6105@group-40390D33441A-LeaderElection52] INFO  impl.RoleInfo (RoleInfo.java:shutdownLeaderElection(134)) - 04710d3b-08a7-4a70-b69f-f772706c6105: shutdown LeaderElection
2019-10-23 12:23:22,691 [04710d3b-08a7-4a70-b69f-f772706c6105@group-40390D33441A-LeaderElection52] INFO  impl.RoleInfo (RoleInfo.java:updateAndGet(143)) - 04710d3b-08a7-4a70-b69f-f772706c6105: start FollowerState
2019-10-23 12:23:22,819 [Thread-890] INFO  impl.FollowerState (FollowerState.java:run(108)) - 04710d3b-08a7-4a70-b69f-f772706c6105@group-40390D33441A-FollowerState: change to CANDIDATE, lastRpcTime:127ms, electionTimeout:127ms
2019-10-23 12:23:22,819 [Thread-890] INFO  impl.RoleInfo (RoleInfo.java:shutdownFollowerState(121)) - 04710d3b-08a7-4a70-b69f-f772706c6105: shutdown FollowerState
2019-10-23 12:23:22,819 [Thread-890] INFO  impl.RaftServerImpl (RaftServerImpl.java:setRole(184)) - 04710d3b-08a7-4a70-b69f-f772706c6105@group-40390D33441A: changes role from  FOLLOWER to CANDIDATE at term 47 for changeToCandidate
2019-10-23 12:23:22,819 [Thread-890] INFO  impl.RoleInfo (RoleInfo.java:updateAndGet(143)) - 04710d3b-08a7-4a70-b69f-f772706c6105: start LeaderElection
2019-10-23 12:23:22,824 [04710d3b-08a7-4a70-b69f-f772706c6105@group-40390D33441A-LeaderElection53] INFO  impl.LeaderElection (LeaderElection.java:askForVotes(178)) - 04710d3b-08a7-4a70-b69f-f772706c6105@group-40390D33441A-LeaderElection53: begin an election at term 48 for 0: [9d2a2146-2c04-423d-8f96-3c121403b328:192.168.69.118:40792, 04710d3b-08a7-4a70-b69f-f772706c6105:192.168.69.118:40289, 43cb0e13-5597-452b-a8b1-af00d0a4a497:192.168.69.118:45201], old=null
2019-10-23 12:23:22,826 [grpc-default-executor-3] INFO  impl.RaftServerImpl (RaftServerImpl.java:setRole(184)) - 9d2a2146-2c04-423d-8f96-3c121403b328@group-40390D33441A: changes role from  FOLLOWER to FOLLOWER at term 48 for recognizeCandidate:04710d3b-08a7-4a70-b69f-f772706c6105
2019-10-23 12:23:22,826 [grpc-default-executor-3] INFO  impl.RoleInfo (RoleInfo.java:shutdownFollowerState(121)) - 9d2a2146-2c04-423d-8f96-3c121403b328: shutdown FollowerState
2019-10-23 12:23:22,826 [grpc-default-executor-7] INFO  impl.RaftServerImpl (RaftServerImpl.java:setRole(184)) - 43cb0e13-5597-452b-a8b1-af00d0a4a497@group-40390D33441A: changes role from  FOLLOWER to FOLLOWER at term 48 for recognizeCandidate:04710d3b-08a7-4a70-b69f-f772706c6105
2019-10-23 12:23:22,826 [grpc-default-executor-3] INFO  impl.RoleInfo (RoleInfo.java:updateAndGet(143)) - 9d2a2146-2c04-423d-8f96-3c121403b328: start FollowerState
2019-10-23 12:23:22,826 [Thread-889] INFO  impl.FollowerState (FollowerState.java:run(117)) - 9d2a2146-2c04-423d-8f96-3c121403b328@group-40390D33441A-FollowerState was interrupted: java.lang.InterruptedException: sleep interrupted
2019-10-23 12:23:22,826 [grpc-default-executor-7] INFO  impl.RoleInfo (RoleInfo.java:shutdownFollowerState(121)) - 43cb0e13-5597-452b-a8b1-af00d0a4a497: shutdown FollowerState
2019-10-23 12:23:22,827 [Thread-888] INFO  impl.FollowerState (FollowerState.java:run(117)) - 43cb0e13-5597-452b-a8b1-af00d0a4a497@group-40390D33441A-FollowerState was interrupted: java.lang.InterruptedException: sleep interrupted
2019-10-23 12:23:22,827 [grpc-default-executor-7] INFO  impl.RoleInfo (RoleInfo.java:updateAndGet(143)) - 43cb0e13-5597-452b-a8b1-af00d0a4a497: start FollowerState
2019-10-23 12:23:22,842 [04710d3b-08a7-4a70-b69f-f772706c6105@group-40390D33441A-LeaderElection53] INFO  impl.LeaderElection (LeaderElection.java:logAndReturn(56)) - 04710d3b-08a7-4a70-b69f-f772706c6105@group-40390D33441A-LeaderElection53: Election REJECTED; received 2 response(s) [04710d3b-08a7-4a70-b69f-f772706c6105<-9d2a2146-2c04-423d-8f96-3c121403b328#0:FAIL-t48, 04710d3b-08a7-4a70-b69f-f772706c6105<-43cb0e13-5597-452b-a8b1-af00d0a4a497#0:FAIL-t48] and 0 exception(s); 04710d3b-08a7-4a70-b69f-f772706c6105@group-40390D33441A:t48, leader=null, voted=04710d3b-08a7-4a70-b69f-f772706c6105, raftlog=04710d3b-08a7-4a70-b69f-f772706c6105@group-40390D33441A-SegmentedRaftLog:OPENED:c3,f4,i4, conf=0: [9d2a2146-2c04-423d-8f96-3c121403b328:192.168.69.118:40792, 04710d3b-08a7-4a70-b69f-f772706c6105:192.168.69.118:40289, 43cb0e13-5597-452b-a8b1-af00d0a4a497:192.168.69.118:45201], old=null
2019-10-23 12:23:22,842 [04710d3b-08a7-4a70-b69f-f772706c6105@group-40390D33441A-LeaderElection53] INFO  impl.RaftServerImpl (RaftServerImpl.java:setRole(184)) - 04710d3b-08a7-4a70-b69f-f772706c6105@group-40390D33441A: changes role from CANDIDATE to FOLLOWER at term 48 for DISCOVERED_A_NEW_TERM
2019-10-23 12:23:22,842 [04710d3b-08a7-4a70-b69f-f772706c6105@group-40390D33441A-LeaderElection53] INFO  impl.RoleInfo (RoleInfo.java:shutdownLeaderElection(134)) - 04710d3b-08a7-4a70-b69f-f772706c6105: shutdown LeaderElection
2019-10-23 12:23:22,842 [04710d3b-08a7-4a70-b69f-f772706c6105@group-40390D33441A-LeaderElection53] INFO  impl.RoleInfo (RoleInfo.java:updateAndGet(143)) - 04710d3b-08a7-4a70-b69f-f772706c6105: start FollowerState
2019-10-23 12:23:22,895 [Thread-896] INFO  impl.FollowerState (FollowerState.java:run(108)) - 04710d3b-08a7-4a70-b69f-f772706c6105@group-40390D33441A-FollowerState: change to CANDIDATE, lastRpcTime:53ms, electionTimeout:53ms
2019-10-23 12:23:22,896 [Thread-896] INFO  impl.RoleInfo (RoleInfo.java:shutdownFollowerState(121)) - 04710d3b-08a7-4a70-b69f-f772706c6105: shutdown FollowerState
2019-10-23 12:23:22,896 [Thread-896] INFO  impl.RaftServerImpl (RaftServerImpl.java:setRole(184)) - 04710d3b-08a7-4a70-b69f-f772706c6105@group-40390D33441A: changes role from  FOLLOWER to CANDIDATE at term 48 for changeToCandidate
2019-10-23 12:23:22,896 [Thread-896] INFO  impl.RoleInfo (RoleInfo.java:updateAndGet(143)) - 04710d3b-08a7-4a70-b69f-f772706c6105: start LeaderElection
2019-10-23 12:23:22,909 [04710d3b-08a7-4a70-b69f-f772706c6105@group-40390D33441A-LeaderElection54] INFO  impl.LeaderElection (LeaderElection.java:askForVotes(178)) - 04710d3b-08a7-4a70-b69f-f772706c6105@group-40390D33441A-LeaderElection54: begin an election at term 49 for 0: [9d2a2146-2c04-423d-8f96-3c121403b328:192.168.69.118:40792, 04710d3b-08a7-4a70-b69f-f772706c6105:192.168.69.118:40289, 43cb0e13-5597-452b-a8b1-af00d0a4a497:192.168.69.118:45201], old=null
2019-10-23 12:23:22,911 [grpc-default-executor-3] INFO  impl.RaftServerImpl (RaftServerImpl.java:setRole(184)) - 9d2a2146-2c04-423d-8f96-3c121403b328@group-40390D33441A: changes role from  FOLLOWER to FOLLOWER at term 49 for recognizeCandidate:04710d3b-08a7-4a70-b69f-f772706c6105
2019-10-23 12:23:22,911 [grpc-default-executor-7] INFO  impl.RaftServerImpl (RaftServerImpl.java:setRole(184)) - 43cb0e13-5597-452b-a8b1-af00d0a4a497@group-40390D33441A: changes role from  FOLLOWER to FOLLOWER at term 49 for recognizeCandidate:04710d3b-08a7-4a70-b69f-f772706c6105
2019-10-23 12:23:22,911 [grpc-default-executor-3] INFO  impl.RoleInfo (RoleInfo.java:shutdownFollowerState(121)) - 9d2a2146-2c04-423d-8f96-3c121403b328: shutdown FollowerState
2019-10-23 12:23:22,911 [grpc-default-executor-7] INFO  impl.RoleInfo (RoleInfo.java:shutdownFollowerState(121)) - 43cb0e13-5597-452b-a8b1-af00d0a4a497: shutdown FollowerState
2019-10-23 12:23:22,911 [Thread-894] INFO  impl.FollowerState (FollowerState.java:run(117)) - 9d2a2146-2c04-423d-8f96-3c121403b328@group-40390D33441A-FollowerState was interrupted: java.lang.InterruptedException: sleep interrupted
2019-10-23 12:23:22,911 [grpc-default-executor-3] INFO  impl.RoleInfo (RoleInfo.java:updateAndGet(143)) - 9d2a2146-2c04-423d-8f96-3c121403b328: start FollowerState
2019-10-23 12:23:22,911 [grpc-default-executor-7] INFO  impl.RoleInfo (RoleInfo.java:updateAndGet(143)) - 43cb0e13-5597-452b-a8b1-af00d0a4a497: start FollowerState
2019-10-23 12:23:22,911 [Thread-895] INFO  impl.FollowerState (FollowerState.java:run(117)) - 43cb0e13-5597-452b-a8b1-af00d0a4a497@group-40390D33441A-FollowerState was interrupted: java.lang.InterruptedException: sleep interrupted
2019-10-23 12:23:22,925 [04710d3b-08a7-4a70-b69f-f772706c6105@group-40390D33441A-LeaderElection54] INFO  impl.LeaderElection (LeaderElection.java:logAndReturn(56)) - 04710d3b-08a7-4a70-b69f-f772706c6105@group-40390D33441A-LeaderElection54: Election REJECTED; received 2 response(s) [04710d3b-08a7-4a70-b69f-f772706c6105<-9d2a2146-2c04-423d-8f96-3c121403b328#0:FAIL-t49, 04710d3b-08a7-4a70-b69f-f772706c6105<-43cb0e13-5597-452b-a8b1-af00d0a4a497#0:FAIL-t49] and 0 exception(s); 04710d3b-08a7-4a70-b69f-f772706c6105@group-40390D33441A:t49, leader=null, voted=04710d3b-08a7-4a70-b69f-f772706c6105, raftlog=04710d3b-08a7-4a70-b69f-f772706c6105@group-40390D33441A-SegmentedRaftLog:OPENED:c3,f4,i4, conf=0: [9d2a2146-2c04-423d-8f96-3c121403b328:192.168.69.118:40792, 04710d3b-08a7-4a70-b69f-f772706c6105:192.168.69.118:40289, 43cb0e13-5597-452b-a8b1-af00d0a4a497:192.168.69.118:45201], old=null
2019-10-23 12:23:22,926 [04710d3b-08a7-4a70-b69f-f772706c6105@group-40390D33441A-LeaderElection54] INFO  impl.RaftServerImpl (RaftServerImpl.java:setRole(184)) - 04710d3b-08a7-4a70-b69f-f772706c6105@group-40390D33441A: changes role from CANDIDATE to FOLLOWER at term 49 for DISCOVERED_A_NEW_TERM
2019-10-23 12:23:22,926 [04710d3b-08a7-4a70-b69f-f772706c6105@group-40390D33441A-LeaderElection54] INFO  impl.RoleInfo (RoleInfo.java:shutdownLeaderElection(134)) - 04710d3b-08a7-4a70-b69f-f772706c6105: shutdown LeaderElection
2019-10-23 12:23:22,926 [BlockDeletingService#9] WARN  background.BlockDeletingService (BlockDeletingService.java:isDeletionAllowed(187)) - Close Container log Index 6 is not replicated across allthe servers in the pipeline c0e4f3a0-4d63-43fc-af6c-40390d33441a as the min replicated index is 4. Deletion is not allowed in this container yet.
2019-10-23 12:23:22,926 [04710d3b-08a7-4a70-b69f-f772706c6105@group-40390D33441A-LeaderElection54] INFO  impl.RoleInfo (RoleInfo.java:updateAndGet(143)) - 04710d3b-08a7-4a70-b69f-f772706c6105: start FollowerState
2019-10-23 12:23:22,926 [BlockDeletingService#4] WARN  background.BlockDeletingService (BlockDeletingService.java:isDeletionAllowed(187)) - Close Container log Index 6 is not replicated across allthe servers in the pipeline c0e4f3a0-4d63-43fc-af6c-40390d33441a as the min replicated index is 4. Deletion is not allowed in this container yet.
2019-10-23 12:23:22,998 [Thread-906] INFO  client.GrpcClientProtocolService (GrpcClientProtocolService.java:lambda$processClientRequest$0(278)) - Failed RaftClientRequest:client-F877F7AB4D5B->04710d3b-08a7-4a70-b69f-f772706c6105@group-40390D33441A, cid=10, seq=0, Watch-ALL_COMMITTED(6), Message:<EMPTY>, reply=RaftClientReply:client-F877F7AB4D5B->04710d3b-08a7-4a70-b69f-f772706c6105@group-40390D33441A, cid=10, FAILED org.apache.ratis.protocol.NotLeaderException: Server 04710d3b-08a7-4a70-b69f-f772706c6105@group-40390D33441A is not the leader, logIndex=0, commits[04710d3b-08a7-4a70-b69f-f772706c6105:c3]
2019-10-23 12:23:23,090 [Thread-904] INFO  impl.FollowerState (FollowerState.java:run(108)) - 04710d3b-08a7-4a70-b69f-f772706c6105@group-40390D33441A-FollowerState: change to CANDIDATE, lastRpcTime:163ms, electionTimeout:163ms
2019-10-23 12:23:23,090 [Thread-904] INFO  impl.RoleInfo (RoleInfo.java:shutdownFollowerState(121)) - 04710d3b-08a7-4a70-b69f-f772706c6105: shutdown FollowerState
2019-10-23 12:23:23,090 [Thread-904] INFO  impl.RaftServerImpl (RaftServerImpl.java:setRole(184)) - 04710d3b-08a7-4a70-b69f-f772706c6105@group-40390D33441A: changes role from  FOLLOWER to CANDIDATE at term 49 for changeToCandidate
2019-10-23 12:23:23,090 [Thread-904] INFO  impl.RoleInfo (RoleInfo.java:updateAndGet(143)) - 04710d3b-08a7-4a70-b69f-f772706c6105: start LeaderElection
2019-10-23 12:23:23,104 [04710d3b-08a7-4a70-b69f-f772706c6105@group-40390D33441A-LeaderElection55] INFO  impl.LeaderElection (LeaderElection.java:askForVotes(178)) - 04710d3b-08a7-4a70-b69f-f772706c6105@group-40390D33441A-LeaderElection55: begin an election at term 50 for 0: [9d2a2146-2c04-423d-8f96-3c121403b328:192.168.69.118:40792, 04710d3b-08a7-4a70-b69f-f772706c6105:192.168.69.118:40289, 43cb0e13-5597-452b-a8b1-af00d0a4a497:192.168.69.118:45201], old=null
2019-10-23 12:23:23,107 [grpc-default-executor-7] INFO  impl.RaftServerImpl (RaftServerImpl.java:setRole(184)) - 9d2a2146-2c04-423d-8f96-3c121403b328@group-40390D33441A: changes role from  FOLLOWER to FOLLOWER at term 50 for recognizeCandidate:04710d3b-08a7-4a70-b69f-f772706c6105
2019-10-23 12:23:23,107 [grpc-default-executor-3] INFO  impl.RaftServerImpl (RaftServerImpl.java:setRole(184)) - 43cb0e13-5597-452b-a8b1-af00d0a4a497@group-40390D33441A: changes role from  FOLLOWER to FOLLOWER at term 50 for recognizeCandidate:04710d3b-08a7-4a70-b69f-f772706c6105
2019-10-23 12:23:23,107 [grpc-default-executor-7] INFO  impl.RoleInfo (RoleInfo.java:shutdownFollowerState(121)) - 9d2a2146-2c04-423d-8f96-3c121403b328: shutdown FollowerState
2019-10-23 12:23:23,107 [grpc-default-executor-3] INFO  impl.RoleInfo (RoleInfo.java:shutdownFollowerState(121)) - 43cb0e13-5597-452b-a8b1-af00d0a4a497: shutdown FollowerState
2019-10-23 12:23:23,107 [Thread-900] INFO  impl.FollowerState (FollowerState.java:run(117)) - 9d2a2146-2c04-423d-8f96-3c121403b328@group-40390D33441A-FollowerState was interrupted: java.lang.InterruptedException: sleep interrupted
2019-10-23 12:23:23,107 [grpc-default-executor-7] INFO  impl.RoleInfo (RoleInfo.java:updateAndGet(143)) - 9d2a2146-2c04-423d-8f96-3c121403b328: start FollowerState
2019-10-23 12:23:23,108 [Thread-901] INFO  impl.FollowerState (FollowerState.java:run(117)) - 43cb0e13-5597-452b-a8b1-af00d0a4a497@group-40390D33441A-FollowerState was interrupted: java.lang.InterruptedException: sleep interrupted
2019-10-23 12:23:23,107 [grpc-default-executor-3] INFO  impl.RoleInfo (RoleInfo.java:updateAndGet(143)) - 43cb0e13-5597-452b-a8b1-af00d0a4a497: start FollowerState
2019-10-23 12:23:23,127 [04710d3b-08a7-4a70-b69f-f772706c6105@group-40390D33441A-LeaderElection55] INFO  impl.LeaderElection (LeaderElection.java:logAndReturn(56)) - 04710d3b-08a7-4a70-b69f-f772706c6105@group-40390D33441A-LeaderElection55: Election REJECTED; received 2 response(s) [04710d3b-08a7-4a70-b69f-f772706c6105<-9d2a2146-2c04-423d-8f96-3c121403b328#0:FAIL-t50, 04710d3b-08a7-4a70-b69f-f772706c6105<-43cb0e13-5597-452b-a8b1-af00d0a4a497#0:FAIL-t50] and 0 exception(s); 04710d3b-08a7-4a70-b69f-f772706c6105@group-40390D33441A:t50, leader=null, voted=04710d3b-08a7-4a70-b69f-f772706c6105, raftlog=04710d3b-08a7-4a70-b69f-f772706c6105@group-40390D33441A-SegmentedRaftLog:OPENED:c3,f4,i4, conf=0: [9d2a2146-2c04-423d-8f96-3c121403b328:192.168.69.118:40792, 04710d3b-08a7-4a70-b69f-f772706c6105:192.168.69.118:40289, 43cb0e13-5597-452b-a8b1-af00d0a4a497:192.168.69.118:45201], old=null
2019-10-23 12:23:23,127 [04710d3b-08a7-4a70-b69f-f772706c6105@group-40390D33441A-LeaderElection55] INFO  impl.RaftServerImpl (RaftServerImpl.java:setRole(184)) - 04710d3b-08a7-4a70-b69f-f772706c6105@group-40390D33441A: changes role from CANDIDATE to FOLLOWER at term 50 for DISCOVERED_A_NEW_TERM
2019-10-23 12:23:23,127 [04710d3b-08a7-4a70-b69f-f772706c6105@group-40390D33441A-LeaderElection55] INFO  impl.RoleInfo (RoleInfo.java:shutdownLeaderElection(134)) - 04710d3b-08a7-4a70-b69f-f772706c6105: shutdown LeaderElection
2019-10-23 12:23:23,127 [04710d3b-08a7-4a70-b69f-f772706c6105@group-40390D33441A-LeaderElection55] INFO  impl.RoleInfo (RoleInfo.java:updateAndGet(143)) - 04710d3b-08a7-4a70-b69f-f772706c6105: start FollowerState
2019-10-23 12:23:23,263 [Thread-913] INFO  impl.FollowerState (FollowerState.java:run(108)) - 04710d3b-08a7-4a70-b69f-f772706c6105@group-40390D33441A-FollowerState: change to CANDIDATE, lastRpcTime:135ms, electionTimeout:135ms
2019-10-23 12:23:23,263 [Thread-913] INFO  impl.RoleInfo (RoleInfo.java:shutdownFollowerState(121)) - 04710d3b-08a7-4a70-b69f-f772706c6105: shutdown FollowerState
2019-10-23 12:23:23,263 [Thread-913] INFO  impl.RaftServerImpl (RaftServerImpl.java:setRole(184)) - 04710d3b-08a7-4a70-b69f-f772706c6105@group-40390D33441A: changes role from  FOLLOWER to CANDIDATE at term 50 for changeToCandidate
2019-10-23 12:23:23,263 [Thread-913] INFO  impl.RoleInfo (RoleInfo.java:updateAndGet(143)) - 04710d3b-08a7-4a70-b69f-f772706c6105: start LeaderElection
2019-10-23 12:23:23,277 [04710d3b-08a7-4a70-b69f-f772706c6105@group-40390D33441A-LeaderElection56] INFO  impl.LeaderElection (LeaderElection.java:askForVotes(178)) - 04710d3b-08a7-4a70-b69f-f772706c6105@group-40390D33441A-LeaderElection56: begin an election at term 51 for 0: [9d2a2146-2c04-423d-8f96-3c121403b328:192.168.69.118:40792, 04710d3b-08a7-4a70-b69f-f772706c6105:192.168.69.118:40289, 43cb0e13-5597-452b-a8b1-af00d0a4a497:192.168.69.118:45201], old=null
2019-10-23 12:23:23,280 [grpc-default-executor-7] INFO  impl.RaftServerImpl (RaftServerImpl.java:setRole(184)) - 9d2a2146-2c04-423d-8f96-3c121403b328@group-40390D33441A: changes role from  FOLLOWER to FOLLOWER at term 51 for recognizeCandidate:04710d3b-08a7-4a70-b69f-f772706c6105
2019-10-23 12:23:23,280 [grpc-default-executor-7] INFO  impl.RoleInfo (RoleInfo.java:shutdownFollowerState(121)) - 9d2a2146-2c04-423d-8f96-3c121403b328: shutdown FollowerState
2019-10-23 12:23:23,281 [Thread-911] INFO  impl.FollowerState (FollowerState.java:run(117)) - 9d2a2146-2c04-423d-8f96-3c121403b328@group-40390D33441A-FollowerState was interrupted: java.lang.InterruptedException: sleep interrupted
2019-10-23 12:23:23,281 [grpc-default-executor-3] INFO  impl.RaftServerImpl (RaftServerImpl.java:setRole(184)) - 43cb0e13-5597-452b-a8b1-af00d0a4a497@group-40390D33441A: changes role from  FOLLOWER to FOLLOWER at term 51 for recognizeCandidate:04710d3b-08a7-4a70-b69f-f772706c6105
2019-10-23 12:23:23,281 [grpc-default-executor-3] INFO  impl.RoleInfo (RoleInfo.java:shutdownFollowerState(121)) - 43cb0e13-5597-452b-a8b1-af00d0a4a497: shutdown FollowerState
2019-10-23 12:23:23,281 [grpc-default-executor-7] INFO  impl.RoleInfo (RoleInfo.java:updateAndGet(143)) - 9d2a2146-2c04-423d-8f96-3c121403b328: start FollowerState
2019-10-23 12:23:23,281 [grpc-default-executor-3] INFO  impl.RoleInfo (RoleInfo.java:updateAndGet(143)) - 43cb0e13-5597-452b-a8b1-af00d0a4a497: start FollowerState
2019-10-23 12:23:23,281 [Thread-912] INFO  impl.FollowerState (FollowerState.java:run(117)) - 43cb0e13-5597-452b-a8b1-af00d0a4a497@group-40390D33441A-FollowerState was interrupted: java.lang.InterruptedException: sleep interrupted
2019-10-23 12:23:23,296 [04710d3b-08a7-4a70-b69f-f772706c6105@group-40390D33441A-LeaderElection56] INFO  impl.LeaderElection (LeaderElection.java:logAndReturn(56)) - 04710d3b-08a7-4a70-b69f-f772706c6105@group-40390D33441A-LeaderElection56: Election REJECTED; received 2 response(s) [04710d3b-08a7-4a70-b69f-f772706c6105<-9d2a2146-2c04-423d-8f96-3c121403b328#0:FAIL-t51, 04710d3b-08a7-4a70-b69f-f772706c6105<-43cb0e13-5597-452b-a8b1-af00d0a4a497#0:FAIL-t51] and 0 exception(s); 04710d3b-08a7-4a70-b69f-f772706c6105@group-40390D33441A:t51, leader=null, voted=04710d3b-08a7-4a70-b69f-f772706c6105, raftlog=04710d3b-08a7-4a70-b69f-f772706c6105@group-40390D33441A-SegmentedRaftLog:OPENED:c3,f4,i4, conf=0: [9d2a2146-2c04-423d-8f96-3c121403b328:192.168.69.118:40792, 04710d3b-08a7-4a70-b69f-f772706c6105:192.168.69.118:40289, 43cb0e13-5597-452b-a8b1-af00d0a4a497:192.168.69.118:45201], old=null
2019-10-23 12:23:23,296 [04710d3b-08a7-4a70-b69f-f772706c6105@group-40390D33441A-LeaderElection56] INFO  impl.RaftServerImpl (RaftServerImpl.java:setRole(184)) - 04710d3b-08a7-4a70-b69f-f772706c6105@group-40390D33441A: changes role from CANDIDATE to FOLLOWER at term 51 for DISCOVERED_A_NEW_TERM
2019-10-23 12:23:23,296 [04710d3b-08a7-4a70-b69f-f772706c6105@group-40390D33441A-LeaderElection56] INFO  impl.RoleInfo (RoleInfo.java:shutdownLeaderElection(134)) - 04710d3b-08a7-4a70-b69f-f772706c6105: shutdown LeaderElection
2019-10-23 12:23:23,296 [04710d3b-08a7-4a70-b69f-f772706c6105@group-40390D33441A-LeaderElection56] INFO  impl.RoleInfo (RoleInfo.java:updateAndGet(143)) - 04710d3b-08a7-4a70-b69f-f772706c6105: start FollowerState
2019-10-23 12:23:23,483 [Thread-921] INFO  impl.FollowerState (FollowerState.java:run(108)) - 04710d3b-08a7-4a70-b69f-f772706c6105@group-40390D33441A-FollowerState: change to CANDIDATE, lastRpcTime:186ms, electionTimeout:186ms
2019-10-23 12:23:23,483 [Thread-921] INFO  impl.RoleInfo (RoleInfo.java:shutdownFollowerState(121)) - 04710d3b-08a7-4a70-b69f-f772706c6105: shutdown FollowerState
2019-10-23 12:23:23,483 [Thread-921] INFO  impl.RaftServerImpl (RaftServerImpl.java:setRole(184)) - 04710d3b-08a7-4a70-b69f-f772706c6105@group-40390D33441A: changes role from  FOLLOWER to CANDIDATE at term 51 for changeToCandidate
2019-10-23 12:23:23,483 [Thread-921] INFO  impl.RoleInfo (RoleInfo.java:updateAndGet(143)) - 04710d3b-08a7-4a70-b69f-f772706c6105: start LeaderElection
2019-10-23 12:23:23,489 [pool-7-thread-5] INFO  commands.RetriableDatanodeEventWatcher (RetriableDatanodeEventWatcher.java:onTimeout(47)) - RetriableDatanodeCommand type=deleteBlocksCommand with id=1571833393489 timed out. Retrying.
2019-10-23 12:23:23,490 [pool-7-thread-5] INFO  commands.RetriableDatanodeEventWatcher (RetriableDatanodeEventWatcher.java:onTimeout(47)) - RetriableDatanodeCommand type=deleteBlocksCommand with id=1571833393487 timed out. Retrying.
2019-10-23 12:23:23,490 [pool-7-thread-1] INFO  commands.RetriableDatanodeEventWatcher (RetriableDatanodeEventWatcher.java:onTimeout(47)) - RetriableDatanodeCommand type=deleteBlocksCommand with id=1571833393491 timed out. Retrying.
2019-10-23 12:23:23,492 [pool-7-thread-1] INFO  commands.RetriableDatanodeEventWatcher (RetriableDatanodeEventWatcher.java:onTimeout(47)) - RetriableDatanodeCommand type=deleteBlocksCommand with id=1571833393486 timed out. Retrying.
2019-10-23 12:23:23,492 [pool-7-thread-5] INFO  commands.RetriableDatanodeEventWatcher (RetriableDatanodeEventWatcher.java:onTimeout(47)) - RetriableDatanodeCommand type=deleteBlocksCommand with id=1571833393485 timed out. Retrying.
2019-10-23 12:23:23,492 [pool-7-thread-4] INFO  commands.RetriableDatanodeEventWatcher (RetriableDatanodeEventWatcher.java:onTimeout(47)) - RetriableDatanodeCommand type=deleteBlocksCommand with id=1571833393490 timed out. Retrying.
2019-10-23 12:23:23,492 [pool-7-thread-6] INFO  commands.RetriableDatanodeEventWatcher (RetriableDatanodeEventWatcher.java:onTimeout(47)) - RetriableDatanodeCommand type=deleteBlocksCommand with id=1571833393484 timed out. Retrying.
2019-10-23 12:23:23,493 [pool-7-thread-3] INFO  commands.RetriableDatanodeEventWatcher (RetriableDatanodeEventWatcher.java:onTimeout(47)) - RetriableDatanodeCommand type=deleteBlocksCommand with id=1571833393482 timed out. Retrying.
2019-10-23 12:23:23,493 [SCMBlockDeletingService#0] INFO  block.SCMBlockDeletingService (SCMBlockDeletingService.java:call(184)) - Totally added 1 delete blocks command for 1 datanodes, task elapsed time: 1ms
2019-10-23 12:23:23,493 [pool-7-thread-7] INFO  commands.RetriableDatanodeEventWatcher (RetriableDatanodeEventWatcher.java:onTimeout(47)) - RetriableDatanodeCommand type=deleteBlocksCommand with id=1571833393488 timed out. Retrying.
2019-10-23 12:23:23,493 [pool-7-thread-2] INFO  commands.RetriableDatanodeEventWatcher (RetriableDatanodeEventWatcher.java:onTimeout(47)) - RetriableDatanodeCommand type=deleteBlocksCommand with id=1571833393480 timed out. Retrying.
2019-10-23 12:23:23,497 [04710d3b-08a7-4a70-b69f-f772706c6105@group-40390D33441A-LeaderElection57] INFO  impl.LeaderElection (LeaderElection.java:askForVotes(178)) - 04710d3b-08a7-4a70-b69f-f772706c6105@group-40390D33441A-LeaderElection57: begin an election at term 52 for 0: [9d2a2146-2c04-423d-8f96-3c121403b328:192.168.69.118:40792, 04710d3b-08a7-4a70-b69f-f772706c6105:192.168.69.118:40289, 43cb0e13-5597-452b-a8b1-af00d0a4a497:192.168.69.118:45201], old=null
2019-10-23 12:23:23,500 [grpc-default-executor-7] INFO  impl.RaftServerImpl (RaftServerImpl.java:setRole(184)) - 9d2a2146-2c04-423d-8f96-3c121403b328@group-40390D33441A: changes role from  FOLLOWER to FOLLOWER at term 52 for recognizeCandidate:04710d3b-08a7-4a70-b69f-f772706c6105
2019-10-23 12:23:23,501 [grpc-default-executor-7] INFO  impl.RoleInfo (RoleInfo.java:shutdownFollowerState(121)) - 9d2a2146-2c04-423d-8f96-3c121403b328: shutdown FollowerState
2019-10-23 12:23:23,500 [grpc-default-executor-3] INFO  impl.RaftServerImpl (RaftServerImpl.java:setRole(184)) - 43cb0e13-5597-452b-a8b1-af00d0a4a497@group-40390D33441A: changes role from  FOLLOWER to FOLLOWER at term 52 for recognizeCandidate:04710d3b-08a7-4a70-b69f-f772706c6105
2019-10-23 12:23:23,501 [grpc-default-executor-7] INFO  impl.RoleInfo (RoleInfo.java:updateAndGet(143)) - 9d2a2146-2c04-423d-8f96-3c121403b328: start FollowerState
2019-10-23 12:23:23,501 [Thread-919] INFO  impl.FollowerState (FollowerState.java:run(117)) - 9d2a2146-2c04-423d-8f96-3c121403b328@group-40390D33441A-FollowerState was interrupted: java.lang.InterruptedException: sleep interrupted
2019-10-23 12:23:23,501 [grpc-default-executor-3] INFO  impl.RoleInfo (RoleInfo.java:shutdownFollowerState(121)) - 43cb0e13-5597-452b-a8b1-af00d0a4a497: shutdown FollowerState
2019-10-23 12:23:23,502 [grpc-default-executor-3] INFO  impl.RoleInfo (RoleInfo.java:updateAndGet(143)) - 43cb0e13-5597-452b-a8b1-af00d0a4a497: start FollowerState
2019-10-23 12:23:23,502 [Thread-920] INFO  impl.FollowerState (FollowerState.java:run(117)) - 43cb0e13-5597-452b-a8b1-af00d0a4a497@group-40390D33441A-FollowerState was interrupted: java.lang.InterruptedException: sleep interrupted
2019-10-23 12:23:23,516 [04710d3b-08a7-4a70-b69f-f772706c6105@group-40390D33441A-LeaderElection57] INFO  impl.LeaderElection (LeaderElection.java:logAndReturn(56)) - 04710d3b-08a7-4a70-b69f-f772706c6105@group-40390D33441A-LeaderElection57: Election REJECTED; received 2 response(s) [04710d3b-08a7-4a70-b69f-f772706c6105<-9d2a2146-2c04-423d-8f96-3c121403b328#0:FAIL-t52, 04710d3b-08a7-4a70-b69f-f772706c6105<-43cb0e13-5597-452b-a8b1-af00d0a4a497#0:FAIL-t52] and 0 exception(s); 04710d3b-08a7-4a70-b69f-f772706c6105@group-40390D33441A:t52, leader=null, voted=04710d3b-08a7-4a70-b69f-f772706c6105, raftlog=04710d3b-08a7-4a70-b69f-f772706c6105@group-40390D33441A-SegmentedRaftLog:OPENED:c3,f4,i4, conf=0: [9d2a2146-2c04-423d-8f96-3c121403b328:192.168.69.118:40792, 04710d3b-08a7-4a70-b69f-f772706c6105:192.168.69.118:40289, 43cb0e13-5597-452b-a8b1-af00d0a4a497:192.168.69.118:45201], old=null
2019-10-23 12:23:23,516 [04710d3b-08a7-4a70-b69f-f772706c6105@group-40390D33441A-LeaderElection57] INFO  impl.RaftServerImpl (RaftServerImpl.java:setRole(184)) - 04710d3b-08a7-4a70-b69f-f772706c6105@group-40390D33441A: changes role from CANDIDATE to FOLLOWER at term 52 for DISCOVERED_A_NEW_TERM
2019-10-23 12:23:23,517 [04710d3b-08a7-4a70-b69f-f772706c6105@group-40390D33441A-LeaderElection57] INFO  impl.RoleInfo (RoleInfo.java:shutdownLeaderElection(134)) - 04710d3b-08a7-4a70-b69f-f772706c6105: shutdown LeaderElection
2019-10-23 12:23:23,517 [04710d3b-08a7-4a70-b69f-f772706c6105@group-40390D33441A-LeaderElection57] INFO  impl.RoleInfo (RoleInfo.java:updateAndGet(143)) - 04710d3b-08a7-4a70-b69f-f772706c6105: start FollowerState
2019-10-23 12:23:23,525 [Thread-928] INFO  impl.FollowerState (FollowerState.java:run(108)) - 04710d3b-08a7-4a70-b69f-f772706c6105@group-40390D33441A-FollowerState: change to CANDIDATE, lastRpcTime:8ms, electionTimeout:8ms
2019-10-23 12:23:23,525 [Thread-928] INFO  impl.RoleInfo (RoleInfo.java:shutdownFollowerState(121)) - 04710d3b-08a7-4a70-b69f-f772706c6105: shutdown FollowerState
2019-10-23 12:23:23,525 [Thread-928] INFO  impl.RaftServerImpl (RaftServerImpl.java:setRole(184)) - 04710d3b-08a7-4a70-b69f-f772706c6105@group-40390D33441A: changes role from  FOLLOWER to CANDIDATE at term 52 for changeToCandidate
2019-10-23 12:23:23,526 [Thread-928] INFO  impl.RoleInfo (RoleInfo.java:updateAndGet(143)) - 04710d3b-08a7-4a70-b69f-f772706c6105: start LeaderElection
2019-10-23 12:23:23,539 [04710d3b-08a7-4a70-b69f-f772706c6105@group-40390D33441A-LeaderElection58] INFO  impl.LeaderElection (LeaderElection.java:askForVotes(178)) - 04710d3b-08a7-4a70-b69f-f772706c6105@group-40390D33441A-LeaderElection58: begin an election at term 53 for 0: [9d2a2146-2c04-423d-8f96-3c121403b328:192.168.69.118:40792, 04710d3b-08a7-4a70-b69f-f772706c6105:192.168.69.118:40289, 43cb0e13-5597-452b-a8b1-af00d0a4a497:192.168.69.118:45201], old=null
2019-10-23 12:23:23,542 [grpc-default-executor-7] INFO  impl.RaftServerImpl (RaftServerImpl.java:setRole(184)) - 9d2a2146-2c04-423d-8f96-3c121403b328@group-40390D33441A: changes role from  FOLLOWER to FOLLOWER at term 53 for recognizeCandidate:04710d3b-08a7-4a70-b69f-f772706c6105
2019-10-23 12:23:23,542 [grpc-default-executor-3] INFO  impl.RaftServerImpl (RaftServerImpl.java:setRole(184)) - 43cb0e13-5597-452b-a8b1-af00d0a4a497@group-40390D33441A: changes role from  FOLLOWER to FOLLOWER at term 53 for recognizeCandidate:04710d3b-08a7-4a70-b69f-f772706c6105
2019-10-23 12:23:23,542 [grpc-default-executor-7] INFO  impl.RoleInfo (RoleInfo.java:shutdownFollowerState(121)) - 9d2a2146-2c04-423d-8f96-3c121403b328: shutdown FollowerState
2019-10-23 12:23:23,542 [grpc-default-executor-3] INFO  impl.RoleInfo (RoleInfo.java:shutdownFollowerState(121)) - 43cb0e13-5597-452b-a8b1-af00d0a4a497: shutdown FollowerState
2019-10-23 12:23:23,542 [grpc-default-executor-7] INFO  impl.RoleInfo (RoleInfo.java:updateAndGet(143)) - 9d2a2146-2c04-423d-8f96-3c121403b328: start FollowerState
2019-10-23 12:23:23,542 [Thread-926] INFO  impl.FollowerState (FollowerState.java:run(117)) - 9d2a2146-2c04-423d-8f96-3c121403b328@group-40390D33441A-FollowerState was interrupted: java.lang.InterruptedException: sleep interrupted
2019-10-23 12:23:23,543 [Thread-927] INFO  impl.FollowerState (FollowerState.java:run(117)) - 43cb0e13-5597-452b-a8b1-af00d0a4a497@group-40390D33441A-FollowerState was interrupted: java.lang.InterruptedException: sleep interrupted
2019-10-23 12:23:23,543 [grpc-default-executor-3] INFO  impl.RoleInfo (RoleInfo.java:updateAndGet(143)) - 43cb0e13-5597-452b-a8b1-af00d0a4a497: start FollowerState
2019-10-23 12:23:23,557 [04710d3b-08a7-4a70-b69f-f772706c6105@group-40390D33441A-LeaderElection58] INFO  impl.LeaderElection (LeaderElection.java:logAndReturn(56)) - 04710d3b-08a7-4a70-b69f-f772706c6105@group-40390D33441A-LeaderElection58: Election REJECTED; received 2 response(s) [04710d3b-08a7-4a70-b69f-f772706c6105<-9d2a2146-2c04-423d-8f96-3c121403b328#0:FAIL-t53, 04710d3b-08a7-4a70-b69f-f772706c6105<-43cb0e13-5597-452b-a8b1-af00d0a4a497#0:FAIL-t53] and 0 exception(s); 04710d3b-08a7-4a70-b69f-f772706c6105@group-40390D33441A:t53, leader=null, voted=04710d3b-08a7-4a70-b69f-f772706c6105, raftlog=04710d3b-08a7-4a70-b69f-f772706c6105@group-40390D33441A-SegmentedRaftLog:OPENED:c3,f4,i4, conf=0: [9d2a2146-2c04-423d-8f96-3c121403b328:192.168.69.118:40792, 04710d3b-08a7-4a70-b69f-f772706c6105:192.168.69.118:40289, 43cb0e13-5597-452b-a8b1-af00d0a4a497:192.168.69.118:45201], old=null
2019-10-23 12:23:23,558 [04710d3b-08a7-4a70-b69f-f772706c6105@group-40390D33441A-LeaderElection58] INFO  impl.RaftServerImpl (RaftServerImpl.java:setRole(184)) - 04710d3b-08a7-4a70-b69f-f772706c6105@group-40390D33441A: changes role from CANDIDATE to FOLLOWER at term 53 for DISCOVERED_A_NEW_TERM
2019-10-23 12:23:23,558 [04710d3b-08a7-4a70-b69f-f772706c6105@group-40390D33441A-LeaderElection58] INFO  impl.RoleInfo (RoleInfo.java:shutdownLeaderElection(134)) - 04710d3b-08a7-4a70-b69f-f772706c6105: shutdown LeaderElection
2019-10-23 12:23:23,558 [04710d3b-08a7-4a70-b69f-f772706c6105@group-40390D33441A-LeaderElection58] INFO  impl.RoleInfo (RoleInfo.java:updateAndGet(143)) - 04710d3b-08a7-4a70-b69f-f772706c6105: start FollowerState
2019-10-23 12:23:23,619 [Command processor thread] INFO  commandhandler.DeleteBlocksCommandHandler (DeleteBlocksCommandHandler.java:handle(106)) - Start to delete container blocks, TXIDs=[1(32)], numOfContainers=1, numOfBlocks=1
2019-10-23 12:23:23,619 [Command processor thread] INFO  commandhandler.DeleteBlocksCommandHandler (DeleteBlocksCommandHandler.java:handle(106)) - Start to delete container blocks, TXIDs=[1(4)], numOfContainers=1, numOfBlocks=1
2019-10-23 12:23:23,619 [Command processor thread] INFO  commandhandler.DeleteBlocksCommandHandler (DeleteBlocksCommandHandler.java:handle(106)) - Start to delete container blocks, TXIDs=[1(49)], numOfContainers=1, numOfBlocks=1
2019-10-23 12:23:23,620 [Command processor thread] INFO  commandhandler.DeleteBlocksCommandHandler (DeleteBlocksCommandHandler.java:handle(106)) - Start to delete container blocks, TXIDs=[1(4)], numOfContainers=1, numOfBlocks=1
2019-10-23 12:23:23,620 [Command processor thread] INFO  commandhandler.DeleteBlocksCommandHandler (DeleteBlocksCommandHandler.java:handle(106)) - Start to delete container blocks, TXIDs=[1(0)], numOfContainers=1, numOfBlocks=1
2019-10-23 12:23:23,620 [Command processor thread] INFO  commandhandler.DeleteBlocksCommandHandler (DeleteBlocksCommandHandler.java:handle(106)) - Start to delete container blocks, TXIDs=[1(40)], numOfContainers=1, numOfBlocks=1
2019-10-23 12:23:23,620 [Command processor thread] INFO  commandhandler.DeleteBlocksCommandHandler (DeleteBlocksCommandHandler.java:handle(106)) - Start to delete container blocks, TXIDs=[1(2)], numOfContainers=1, numOfBlocks=1
2019-10-23 12:23:23,621 [Command processor thread] INFO  commandhandler.DeleteBlocksCommandHandler (DeleteBlocksCommandHandler.java:handle(106)) - Start to delete container blocks, TXIDs=[1(4)], numOfContainers=1, numOfBlocks=1
2019-10-23 12:23:23,621 [Command processor thread] INFO  commandhandler.DeleteBlocksCommandHandler (DeleteBlocksCommandHandler.java:handle(106)) - Start to delete container blocks, TXIDs=[1(4)], numOfContainers=1, numOfBlocks=1
2019-10-23 12:23:23,621 [Command processor thread] INFO  commandhandler.DeleteBlocksCommandHandler (DeleteBlocksCommandHandler.java:handle(106)) - Start to delete container blocks, TXIDs=[1(4)], numOfContainers=1, numOfBlocks=1
2019-10-23 12:23:23,621 [Command processor thread] INFO  commandhandler.DeleteBlocksCommandHandler (DeleteBlocksCommandHandler.java:handle(106)) - Start to delete container blocks, TXIDs=[1(32)], numOfContainers=1, numOfBlocks=1
2019-10-23 12:23:23,621 [Command processor thread] INFO  commandhandler.DeleteBlocksCommandHandler (DeleteBlocksCommandHandler.java:handle(106)) - Start to delete container blocks, TXIDs=[1(4)], numOfContainers=1, numOfBlocks=1
2019-10-23 12:23:23,622 [Command processor thread] INFO  commandhandler.DeleteBlocksCommandHandler (DeleteBlocksCommandHandler.java:handle(106)) - Start to delete container blocks, TXIDs=[1(49)], numOfContainers=1, numOfBlocks=1
2019-10-23 12:23:23,622 [Command processor thread] INFO  commandhandler.DeleteBlocksCommandHandler (DeleteBlocksCommandHandler.java:handle(106)) - Start to delete container blocks, TXIDs=[1(4)], numOfContainers=1, numOfBlocks=1
2019-10-23 12:23:23,622 [Command processor thread] INFO  commandhandler.DeleteBlocksCommandHandler (DeleteBlocksCommandHandler.java:handle(106)) - Start to delete container blocks, TXIDs=[1(4)], numOfContainers=1, numOfBlocks=1
2019-10-23 12:23:23,622 [Command processor thread] INFO  commandhandler.DeleteBlocksCommandHandler (DeleteBlocksCommandHandler.java:handle(106)) - Start to delete container blocks, TXIDs=[1(59)], numOfContainers=1, numOfBlocks=1
2019-10-23 12:23:23,623 [Command processor thread] INFO  commandhandler.DeleteBlocksCommandHandler (DeleteBlocksCommandHandler.java:handle(106)) - Start to delete container blocks, TXIDs=[1(40)], numOfContainers=1, numOfBlocks=1
2019-10-23 12:23:23,623 [Command processor thread] INFO  commandhandler.DeleteBlocksCommandHandler (DeleteBlocksCommandHandler.java:handle(106)) - Start to delete container blocks, TXIDs=[1(4)], numOfContainers=1, numOfBlocks=1
2019-10-23 12:23:23,623 [Command processor thread] INFO  commandhandler.DeleteBlocksCommandHandler (DeleteBlocksCommandHandler.java:handle(106)) - Start to delete container blocks, TXIDs=[1(2)], numOfContainers=1, numOfBlocks=1
2019-10-23 12:23:23,623 [Command processor thread] INFO  commandhandler.DeleteBlocksCommandHandler (DeleteBlocksCommandHandler.java:handle(106)) - Start to delete container blocks, TXIDs=[1(4)], numOfContainers=1, numOfBlocks=1
2019-10-23 12:23:23,623 [Command processor thread] INFO  commandhandler.DeleteBlocksCommandHandler (DeleteBlocksCommandHandler.java:handle(106)) - Start to delete container blocks, TXIDs=[1(0)], numOfContainers=1, numOfBlocks=1
2019-10-23 12:23:23,639 [Thread-934] INFO  impl.FollowerState (FollowerState.java:run(108)) - 04710d3b-08a7-4a70-b69f-f772706c6105@group-40390D33441A-FollowerState: change to CANDIDATE, lastRpcTime:81ms, electionTimeout:81ms
2019-10-23 12:23:23,639 [Thread-934] INFO  impl.RoleInfo (RoleInfo.java:shutdownFollowerState(121)) - 04710d3b-08a7-4a70-b69f-f772706c6105: shutdown FollowerState
2019-10-23 12:23:23,639 [Thread-934] INFO  impl.RaftServerImpl (RaftServerImpl.java:setRole(184)) - 04710d3b-08a7-4a70-b69f-f772706c6105@group-40390D33441A: changes role from  FOLLOWER to CANDIDATE at term 53 for changeToCandidate
2019-10-23 12:23:23,640 [Thread-934] INFO  impl.RoleInfo (RoleInfo.java:updateAndGet(143)) - 04710d3b-08a7-4a70-b69f-f772706c6105: start LeaderElection
2019-10-23 12:23:23,653 [04710d3b-08a7-4a70-b69f-f772706c6105@group-40390D33441A-LeaderElection59] INFO  impl.LeaderElection (LeaderElection.java:askForVotes(178)) - 04710d3b-08a7-4a70-b69f-f772706c6105@group-40390D33441A-LeaderElection59: begin an election at term 54 for 0: [9d2a2146-2c04-423d-8f96-3c121403b328:192.168.69.118:40792, 04710d3b-08a7-4a70-b69f-f772706c6105:192.168.69.118:40289, 43cb0e13-5597-452b-a8b1-af00d0a4a497:192.168.69.118:45201], old=null
2019-10-23 12:23:23,655 [grpc-default-executor-7] INFO  impl.RaftServerImpl (RaftServerImpl.java:setRole(184)) - 43cb0e13-5597-452b-a8b1-af00d0a4a497@group-40390D33441A: changes role from  FOLLOWER to FOLLOWER at term 54 for recognizeCandidate:04710d3b-08a7-4a70-b69f-f772706c6105
2019-10-23 12:23:23,655 [grpc-default-executor-3] INFO  impl.RaftServerImpl (RaftServerImpl.java:setRole(184)) - 9d2a2146-2c04-423d-8f96-3c121403b328@group-40390D33441A: changes role from  FOLLOWER to FOLLOWER at term 54 for recognizeCandidate:04710d3b-08a7-4a70-b69f-f772706c6105
2019-10-23 12:23:23,655 [grpc-default-executor-7] INFO  impl.RoleInfo (RoleInfo.java:shutdownFollowerState(121)) - 43cb0e13-5597-452b-a8b1-af00d0a4a497: shutdown FollowerState
2019-10-23 12:23:23,655 [grpc-default-executor-3] INFO  impl.RoleInfo (RoleInfo.java:shutdownFollowerState(121)) - 9d2a2146-2c04-423d-8f96-3c121403b328: shutdown FollowerState
2019-10-23 12:23:23,656 [grpc-default-executor-7] INFO  impl.RoleInfo (RoleInfo.java:updateAndGet(143)) - 43cb0e13-5597-452b-a8b1-af00d0a4a497: start FollowerState
2019-10-23 12:23:23,656 [Thread-933] INFO  impl.FollowerState (FollowerState.java:run(117)) - 43cb0e13-5597-452b-a8b1-af00d0a4a497@group-40390D33441A-FollowerState was interrupted: java.lang.InterruptedException: sleep interrupted
2019-10-23 12:23:23,656 [grpc-default-executor-3] INFO  impl.RoleInfo (RoleInfo.java:updateAndGet(143)) - 9d2a2146-2c04-423d-8f96-3c121403b328: start FollowerState
2019-10-23 12:23:23,656 [Thread-932] INFO  impl.FollowerState (FollowerState.java:run(117)) - 9d2a2146-2c04-423d-8f96-3c121403b328@group-40390D33441A-FollowerState was interrupted: java.lang.InterruptedException: sleep interrupted
2019-10-23 12:23:23,672 [04710d3b-08a7-4a70-b69f-f772706c6105@group-40390D33441A-LeaderElection59] INFO  impl.LeaderElection (LeaderElection.java:logAndReturn(56)) - 04710d3b-08a7-4a70-b69f-f772706c6105@group-40390D33441A-LeaderElection59: Election TIMEOUT; received 0 response(s) [] and 0 exception(s); 04710d3b-08a7-4a70-b69f-f772706c6105@group-40390D33441A:t54, leader=null, voted=04710d3b-08a7-4a70-b69f-f772706c6105, raftlog=04710d3b-08a7-4a70-b69f-f772706c6105@group-40390D33441A-SegmentedRaftLog:OPENED:c3,f4,i4, conf=0: [9d2a2146-2c04-423d-8f96-3c121403b328:192.168.69.118:40792, 04710d3b-08a7-4a70-b69f-f772706c6105:192.168.69.118:40289, 43cb0e13-5597-452b-a8b1-af00d0a4a497:192.168.69.118:45201], old=null
2019-10-23 12:23:23,675 [04710d3b-08a7-4a70-b69f-f772706c6105@group-40390D33441A-LeaderElection59] INFO  impl.LeaderElection (LeaderElection.java:askForVotes(178)) - 04710d3b-08a7-4a70-b69f-f772706c6105@group-40390D33441A-LeaderElection59: begin an election at term 55 for 0: [9d2a2146-2c04-423d-8f96-3c121403b328:192.168.69.118:40792, 04710d3b-08a7-4a70-b69f-f772706c6105:192.168.69.118:40289, 43cb0e13-5597-452b-a8b1-af00d0a4a497:192.168.69.118:45201], old=null
2019-10-23 12:23:23,676 [04710d3b-08a7-4a70-b69f-f772706c6105@group-40390D33441A-LeaderElection59] INFO  impl.LeaderElection (LeaderElection.java:logAndReturn(56)) - 04710d3b-08a7-4a70-b69f-f772706c6105@group-40390D33441A-LeaderElection59: Election TIMEOUT; received 0 response(s) [] and 0 exception(s); 04710d3b-08a7-4a70-b69f-f772706c6105@group-40390D33441A:t55, leader=null, voted=04710d3b-08a7-4a70-b69f-f772706c6105, raftlog=04710d3b-08a7-4a70-b69f-f772706c6105@group-40390D33441A-SegmentedRaftLog:OPENED:c3,f4,i4, conf=0: [9d2a2146-2c04-423d-8f96-3c121403b328:192.168.69.118:40792, 04710d3b-08a7-4a70-b69f-f772706c6105:192.168.69.118:40289, 43cb0e13-5597-452b-a8b1-af00d0a4a497:192.168.69.118:45201], old=null
2019-10-23 12:23:23,676 [grpc-default-executor-3] INFO  impl.RaftServerImpl (RaftServerImpl.java:setRole(184)) - 9d2a2146-2c04-423d-8f96-3c121403b328@group-40390D33441A: changes role from  FOLLOWER to FOLLOWER at term 55 for recognizeCandidate:04710d3b-08a7-4a70-b69f-f772706c6105
2019-10-23 12:23:23,677 [grpc-default-executor-7] INFO  impl.RaftServerImpl (RaftServerImpl.java:setRole(184)) - 43cb0e13-5597-452b-a8b1-af00d0a4a497@group-40390D33441A: changes role from  FOLLOWER to FOLLOWER at term 55 for recognizeCandidate:04710d3b-08a7-4a70-b69f-f772706c6105
2019-10-23 12:23:23,677 [grpc-default-executor-3] INFO  impl.RoleInfo (RoleInfo.java:shutdownFollowerState(121)) - 9d2a2146-2c04-423d-8f96-3c121403b328: shutdown FollowerState
2019-10-23 12:23:23,677 [grpc-default-executor-7] INFO  impl.RoleInfo (RoleInfo.java:shutdownFollowerState(121)) - 43cb0e13-5597-452b-a8b1-af00d0a4a497: shutdown FollowerState
2019-10-23 12:23:23,677 [grpc-default-executor-3] INFO  impl.RoleInfo (RoleInfo.java:updateAndGet(143)) - 9d2a2146-2c04-423d-8f96-3c121403b328: start FollowerState
2019-10-23 12:23:23,677 [Thread-939] INFO  impl.FollowerState (FollowerState.java:run(117)) - 9d2a2146-2c04-423d-8f96-3c121403b328@group-40390D33441A-FollowerState was interrupted: java.lang.InterruptedException: sleep interrupted
2019-10-23 12:23:23,677 [grpc-default-executor-7] INFO  impl.RoleInfo (RoleInfo.java:updateAndGet(143)) - 43cb0e13-5597-452b-a8b1-af00d0a4a497: start FollowerState
2019-10-23 12:23:23,677 [Thread-938] INFO  impl.FollowerState (FollowerState.java:run(117)) - 43cb0e13-5597-452b-a8b1-af00d0a4a497@group-40390D33441A-FollowerState was interrupted: java.lang.InterruptedException: sleep interrupted
2019-10-23 12:23:23,682 [04710d3b-08a7-4a70-b69f-f772706c6105@group-40390D33441A-LeaderElection59] INFO  impl.LeaderElection (LeaderElection.java:askForVotes(178)) - 04710d3b-08a7-4a70-b69f-f772706c6105@group-40390D33441A-LeaderElection59: begin an election at term 56 for 0: [9d2a2146-2c04-423d-8f96-3c121403b328:192.168.69.118:40792, 04710d3b-08a7-4a70-b69f-f772706c6105:192.168.69.118:40289, 43cb0e13-5597-452b-a8b1-af00d0a4a497:192.168.69.118:45201], old=null
2019-10-23 12:23:23,684 [grpc-default-executor-3] INFO  impl.RaftServerImpl (RaftServerImpl.java:setRole(184)) - 9d2a2146-2c04-423d-8f96-3c121403b328@group-40390D33441A: changes role from  FOLLOWER to FOLLOWER at term 56 for recognizeCandidate:04710d3b-08a7-4a70-b69f-f772706c6105
2019-10-23 12:23:23,684 [grpc-default-executor-3] INFO  impl.RoleInfo (RoleInfo.java:shutdownFollowerState(121)) - 9d2a2146-2c04-423d-8f96-3c121403b328: shutdown FollowerState
2019-10-23 12:23:23,684 [Thread-942] INFO  impl.FollowerState (FollowerState.java:run(117)) - 9d2a2146-2c04-423d-8f96-3c121403b328@group-40390D33441A-FollowerState was interrupted: java.lang.InterruptedException: sleep interrupted
2019-10-23 12:23:23,684 [grpc-default-executor-3] INFO  impl.RoleInfo (RoleInfo.java:updateAndGet(143)) - 9d2a2146-2c04-423d-8f96-3c121403b328: start FollowerState
2019-10-23 12:23:23,684 [grpc-default-executor-7] INFO  impl.RaftServerImpl (RaftServerImpl.java:setRole(184)) - 43cb0e13-5597-452b-a8b1-af00d0a4a497@group-40390D33441A: changes role from  FOLLOWER to FOLLOWER at term 56 for recognizeCandidate:04710d3b-08a7-4a70-b69f-f772706c6105
2019-10-23 12:23:23,685 [grpc-default-executor-7] INFO  impl.RoleInfo (RoleInfo.java:shutdownFollowerState(121)) - 43cb0e13-5597-452b-a8b1-af00d0a4a497: shutdown FollowerState
2019-10-23 12:23:23,685 [Thread-943] INFO  impl.FollowerState (FollowerState.java:run(117)) - 43cb0e13-5597-452b-a8b1-af00d0a4a497@group-40390D33441A-FollowerState was interrupted: java.lang.InterruptedException: sleep interrupted
2019-10-23 12:23:23,685 [grpc-default-executor-7] INFO  impl.RoleInfo (RoleInfo.java:updateAndGet(143)) - 43cb0e13-5597-452b-a8b1-af00d0a4a497: start FollowerState
2019-10-23 12:23:23,699 [04710d3b-08a7-4a70-b69f-f772706c6105@group-40390D33441A-LeaderElection59] INFO  impl.LeaderElection (LeaderElection.java:logAndReturn(56)) - 04710d3b-08a7-4a70-b69f-f772706c6105@group-40390D33441A-LeaderElection59: Election REJECTED; received 2 response(s) [04710d3b-08a7-4a70-b69f-f772706c6105<-9d2a2146-2c04-423d-8f96-3c121403b328#0:FAIL-t56, 04710d3b-08a7-4a70-b69f-f772706c6105<-43cb0e13-5597-452b-a8b1-af00d0a4a497#0:FAIL-t56] and 0 exception(s); 04710d3b-08a7-4a70-b69f-f772706c6105@group-40390D33441A:t56, leader=null, voted=04710d3b-08a7-4a70-b69f-f772706c6105, raftlog=04710d3b-08a7-4a70-b69f-f772706c6105@group-40390D33441A-SegmentedRaftLog:OPENED:c3,f4,i4, conf=0: [9d2a2146-2c04-423d-8f96-3c121403b328:192.168.69.118:40792, 04710d3b-08a7-4a70-b69f-f772706c6105:192.168.69.118:40289, 43cb0e13-5597-452b-a8b1-af00d0a4a497:192.168.69.118:45201], old=null
2019-10-23 12:23:23,699 [04710d3b-08a7-4a70-b69f-f772706c6105@group-40390D33441A-LeaderElection59] INFO  impl.RaftServerImpl (RaftServerImpl.java:setRole(184)) - 04710d3b-08a7-4a70-b69f-f772706c6105@group-40390D33441A: changes role from CANDIDATE to FOLLOWER at term 56 for DISCOVERED_A_NEW_TERM
2019-10-23 12:23:23,699 [04710d3b-08a7-4a70-b69f-f772706c6105@group-40390D33441A-LeaderElection59] INFO  impl.RoleInfo (RoleInfo.java:shutdownLeaderElection(134)) - 04710d3b-08a7-4a70-b69f-f772706c6105: shutdown LeaderElection
2019-10-23 12:23:23,699 [04710d3b-08a7-4a70-b69f-f772706c6105@group-40390D33441A-LeaderElection59] INFO  impl.RoleInfo (RoleInfo.java:updateAndGet(143)) - 04710d3b-08a7-4a70-b69f-f772706c6105: start FollowerState
2019-10-23 12:23:23,827 [EventQueue-DeleteBlockStatusForDeletedBlockLogImpl] WARN  block.DeletedBlockLogImpl (DeletedBlockLogImpl.java:commitTransactions(205)) - Transaction txId=1 commit by dnId=04710d3b-08a7-4a70-b69f-f772706c6105 for containerID=#1 failed. Corresponding entry not found.
2019-10-23 12:23:23,827 [EventQueue-DeleteBlockStatusForDeletedBlockLogImpl] WARN  block.DeletedBlockLogImpl (DeletedBlockLogImpl.java:commitTransactions(205)) - Transaction txId=1 commit by dnId=04710d3b-08a7-4a70-b69f-f772706c6105 for containerID=#1 failed. Corresponding entry not found.
2019-10-23 12:23:23,827 [EventQueue-DeleteBlockStatusForDeletedBlockLogImpl] WARN  block.DeletedBlockLogImpl (DeletedBlockLogImpl.java:commitTransactions(205)) - Transaction txId=1 commit by dnId=04710d3b-08a7-4a70-b69f-f772706c6105 for containerID=#1 failed. Corresponding entry not found.
2019-10-23 12:23:23,828 [EventQueue-DeleteBlockStatusForDeletedBlockLogImpl] WARN  block.DeletedBlockLogImpl (DeletedBlockLogImpl.java:commitTransactions(205)) - Transaction txId=1 commit by dnId=04710d3b-08a7-4a70-b69f-f772706c6105 for containerID=#1 failed. Corresponding entry not found.
2019-10-23 12:23:23,828 [EventQueue-DeleteBlockStatusForDeletedBlockLogImpl] WARN  block.DeletedBlockLogImpl (DeletedBlockLogImpl.java:commitTransactions(205)) - Transaction txId=1 commit by dnId=04710d3b-08a7-4a70-b69f-f772706c6105 for containerID=#1 failed. Corresponding entry not found.
2019-10-23 12:23:23,828 [EventQueue-DeleteBlockStatusForDeletedBlockLogImpl] WARN  block.DeletedBlockLogImpl (DeletedBlockLogImpl.java:commitTransactions(205)) - Transaction txId=1 commit by dnId=04710d3b-08a7-4a70-b69f-f772706c6105 for containerID=#1 failed. Corresponding entry not found.
2019-10-23 12:23:23,828 [EventQueue-DeleteBlockStatusForDeletedBlockLogImpl] WARN  block.DeletedBlockLogImpl (DeletedBlockLogImpl.java:commitTransactions(205)) - Transaction txId=1 commit by dnId=04710d3b-08a7-4a70-b69f-f772706c6105 for containerID=#1 failed. Corresponding entry not found.
2019-10-23 12:23:23,828 [EventQueue-DeleteBlockStatusForDeletedBlockLogImpl] WARN  block.DeletedBlockLogImpl (DeletedBlockLogImpl.java:commitTransactions(205)) - Transaction txId=1 commit by dnId=04710d3b-08a7-4a70-b69f-f772706c6105 for containerID=#1 failed. Corresponding entry not found.
2019-10-23 12:23:23,829 [EventQueue-DeleteBlockStatusForDeletedBlockLogImpl] WARN  block.DeletedBlockLogImpl (DeletedBlockLogImpl.java:commitTransactions(205)) - Transaction txId=1 commit by dnId=04710d3b-08a7-4a70-b69f-f772706c6105 for containerID=#1 failed. Corresponding entry not found.
2019-10-23 12:23:23,829 [EventQueue-DeleteBlockStatusForDeletedBlockLogImpl] WARN  block.DeletedBlockLogImpl (DeletedBlockLogImpl.java:commitTransactions(205)) - Transaction txId=1 commit by dnId=04710d3b-08a7-4a70-b69f-f772706c6105 for containerID=#1 failed. Corresponding entry not found.
2019-10-23 12:23:23,839 [Thread-948] INFO  impl.FollowerState (FollowerState.java:run(108)) - 04710d3b-08a7-4a70-b69f-f772706c6105@group-40390D33441A-FollowerState: change to CANDIDATE, lastRpcTime:140ms, electionTimeout:140ms
2019-10-23 12:23:23,840 [Thread-948] INFO  impl.RoleInfo (RoleInfo.java:shutdownFollowerState(121)) - 04710d3b-08a7-4a70-b69f-f772706c6105: shutdown FollowerState
2019-10-23 12:23:23,840 [Thread-948] INFO  impl.RaftServerImpl (RaftServerImpl.java:setRole(184)) - 04710d3b-08a7-4a70-b69f-f772706c6105@group-40390D33441A: changes role from  FOLLOWER to CANDIDATE at term 56 for changeToCandidate
2019-10-23 12:23:23,840 [Thread-948] INFO  impl.RoleInfo (RoleInfo.java:updateAndGet(143)) - 04710d3b-08a7-4a70-b69f-f772706c6105: start LeaderElection
2019-10-23 12:23:23,854 [04710d3b-08a7-4a70-b69f-f772706c6105@group-40390D33441A-LeaderElection60] INFO  impl.LeaderElection (LeaderElection.java:askForVotes(178)) - 04710d3b-08a7-4a70-b69f-f772706c6105@group-40390D33441A-LeaderElection60: begin an election at term 57 for 0: [9d2a2146-2c04-423d-8f96-3c121403b328:192.168.69.118:40792, 04710d3b-08a7-4a70-b69f-f772706c6105:192.168.69.118:40289, 43cb0e13-5597-452b-a8b1-af00d0a4a497:192.168.69.118:45201], old=null
2019-10-23 12:23:23,856 [grpc-default-executor-7] INFO  impl.RaftServerImpl (RaftServerImpl.java:setRole(184)) - 9d2a2146-2c04-423d-8f96-3c121403b328@group-40390D33441A: changes role from  FOLLOWER to FOLLOWER at term 57 for recognizeCandidate:04710d3b-08a7-4a70-b69f-f772706c6105
2019-10-23 12:23:23,856 [grpc-default-executor-3] INFO  impl.RaftServerImpl (RaftServerImpl.java:setRole(184)) - 43cb0e13-5597-452b-a8b1-af00d0a4a497@group-40390D33441A: changes role from  FOLLOWER to FOLLOWER at term 57 for recognizeCandidate:04710d3b-08a7-4a70-b69f-f772706c6105
2019-10-23 12:23:23,856 [grpc-default-executor-7] INFO  impl.RoleInfo (RoleInfo.java:shutdownFollowerState(121)) - 9d2a2146-2c04-423d-8f96-3c121403b328: shutdown FollowerState
2019-10-23 12:23:23,856 [grpc-default-executor-3] INFO  impl.RoleInfo (RoleInfo.java:shutdownFollowerState(121)) - 43cb0e13-5597-452b-a8b1-af00d0a4a497: shutdown FollowerState
2019-10-23 12:23:23,857 [Thread-946] INFO  impl.FollowerState (FollowerState.java:run(117)) - 9d2a2146-2c04-423d-8f96-3c121403b328@group-40390D33441A-FollowerState was interrupted: java.lang.InterruptedException: sleep interrupted
2019-10-23 12:23:23,857 [grpc-default-executor-7] INFO  impl.RoleInfo (RoleInfo.java:updateAndGet(143)) - 9d2a2146-2c04-423d-8f96-3c121403b328: start FollowerState
2019-10-23 12:23:23,857 [Thread-947] INFO  impl.FollowerState (FollowerState.java:run(117)) - 43cb0e13-5597-452b-a8b1-af00d0a4a497@group-40390D33441A-FollowerState was interrupted: java.lang.InterruptedException: sleep interrupted
2019-10-23 12:23:23,857 [grpc-default-executor-3] INFO  impl.RoleInfo (RoleInfo.java:updateAndGet(143)) - 43cb0e13-5597-452b-a8b1-af00d0a4a497: start FollowerState
2019-10-23 12:23:23,883 [04710d3b-08a7-4a70-b69f-f772706c6105@group-40390D33441A-LeaderElection60] INFO  impl.LeaderElection (LeaderElection.java:logAndReturn(56)) - 04710d3b-08a7-4a70-b69f-f772706c6105@group-40390D33441A-LeaderElection60: Election TIMEOUT; received 0 response(s) [] and 0 exception(s); 04710d3b-08a7-4a70-b69f-f772706c6105@group-40390D33441A:t57, leader=null, voted=04710d3b-08a7-4a70-b69f-f772706c6105, raftlog=04710d3b-08a7-4a70-b69f-f772706c6105@group-40390D33441A-SegmentedRaftLog:OPENED:c3,f4,i4, conf=0: [9d2a2146-2c04-423d-8f96-3c121403b328:192.168.69.118:40792, 04710d3b-08a7-4a70-b69f-f772706c6105:192.168.69.118:40289, 43cb0e13-5597-452b-a8b1-af00d0a4a497:192.168.69.118:45201], old=null
2019-10-23 12:23:23,887 [04710d3b-08a7-4a70-b69f-f772706c6105@group-40390D33441A-LeaderElection60] INFO  impl.LeaderElection (LeaderElection.java:askForVotes(178)) - 04710d3b-08a7-4a70-b69f-f772706c6105@group-40390D33441A-LeaderElection60: begin an election at term 58 for 0: [9d2a2146-2c04-423d-8f96-3c121403b328:192.168.69.118:40792, 04710d3b-08a7-4a70-b69f-f772706c6105:192.168.69.118:40289, 43cb0e13-5597-452b-a8b1-af00d0a4a497:192.168.69.118:45201], old=null
2019-10-23 12:23:23,890 [grpc-default-executor-3] INFO  impl.RaftServerImpl (RaftServerImpl.java:setRole(184)) - 9d2a2146-2c04-423d-8f96-3c121403b328@group-40390D33441A: changes role from  FOLLOWER to FOLLOWER at term 58 for recognizeCandidate:04710d3b-08a7-4a70-b69f-f772706c6105
2019-10-23 12:23:23,890 [grpc-default-executor-3] INFO  impl.RoleInfo (RoleInfo.java:shutdownFollowerState(121)) - 9d2a2146-2c04-423d-8f96-3c121403b328: shutdown FollowerState
2019-10-23 12:23:23,890 [grpc-default-executor-7] INFO  impl.RaftServerImpl (RaftServerImpl.java:setRole(184)) - 43cb0e13-5597-452b-a8b1-af00d0a4a497@group-40390D33441A: changes role from  FOLLOWER to FOLLOWER at term 58 for recognizeCandidate:04710d3b-08a7-4a70-b69f-f772706c6105
2019-10-23 12:23:23,890 [Thread-952] INFO  impl.FollowerState (FollowerState.java:run(117)) - 9d2a2146-2c04-423d-8f96-3c121403b328@group-40390D33441A-FollowerState was interrupted: java.lang.InterruptedException: sleep interrupted
2019-10-23 12:23:23,890 [grpc-default-executor-3] INFO  impl.RoleInfo (RoleInfo.java:updateAndGet(143)) - 9d2a2146-2c04-423d-8f96-3c121403b328: start FollowerState
2019-10-23 12:23:23,890 [grpc-default-executor-7] INFO  impl.RoleInfo (RoleInfo.java:shutdownFollowerState(121)) - 43cb0e13-5597-452b-a8b1-af00d0a4a497: shutdown FollowerState
2019-10-23 12:23:23,891 [Thread-953] INFO  impl.FollowerState (FollowerState.java:run(117)) - 43cb0e13-5597-452b-a8b1-af00d0a4a497@group-40390D33441A-FollowerState was interrupted: java.lang.InterruptedException: sleep interrupted
2019-10-23 12:23:23,891 [grpc-default-executor-7] INFO  impl.RoleInfo (RoleInfo.java:updateAndGet(143)) - 43cb0e13-5597-452b-a8b1-af00d0a4a497: start FollowerState
2019-10-23 12:23:23,897 [04710d3b-08a7-4a70-b69f-f772706c6105@group-40390D33441A-LeaderElection60] INFO  impl.LeaderElection (LeaderElection.java:logAndReturn(56)) - 04710d3b-08a7-4a70-b69f-f772706c6105@group-40390D33441A-LeaderElection60: Election REJECTED; received 2 response(s) [04710d3b-08a7-4a70-b69f-f772706c6105<-9d2a2146-2c04-423d-8f96-3c121403b328#0:FAIL-t58, 04710d3b-08a7-4a70-b69f-f772706c6105<-43cb0e13-5597-452b-a8b1-af00d0a4a497#0:FAIL-t58] and 0 exception(s); 04710d3b-08a7-4a70-b69f-f772706c6105@group-40390D33441A:t58, leader=null, voted=04710d3b-08a7-4a70-b69f-f772706c6105, raftlog=04710d3b-08a7-4a70-b69f-f772706c6105@group-40390D33441A-SegmentedRaftLog:OPENED:c3,f4,i4, conf=0: [9d2a2146-2c04-423d-8f96-3c121403b328:192.168.69.118:40792, 04710d3b-08a7-4a70-b69f-f772706c6105:192.168.69.118:40289, 43cb0e13-5597-452b-a8b1-af00d0a4a497:192.168.69.118:45201], old=null
2019-10-23 12:23:23,897 [04710d3b-08a7-4a70-b69f-f772706c6105@group-40390D33441A-LeaderElection60] INFO  impl.RaftServerImpl (RaftServerImpl.java:setRole(184)) - 04710d3b-08a7-4a70-b69f-f772706c6105@group-40390D33441A: changes role from CANDIDATE to FOLLOWER at term 58 for DISCOVERED_A_NEW_TERM
2019-10-23 12:23:23,897 [04710d3b-08a7-4a70-b69f-f772706c6105@group-40390D33441A-LeaderElection60] INFO  impl.RoleInfo (RoleInfo.java:shutdownLeaderElection(134)) - 04710d3b-08a7-4a70-b69f-f772706c6105: shutdown LeaderElection
2019-10-23 12:23:23,897 [04710d3b-08a7-4a70-b69f-f772706c6105@group-40390D33441A-LeaderElection60] INFO  impl.RoleInfo (RoleInfo.java:updateAndGet(143)) - 04710d3b-08a7-4a70-b69f-f772706c6105: start FollowerState
2019-10-23 12:23:23,927 [BlockDeletingService#9] WARN  background.BlockDeletingService (BlockDeletingService.java:isDeletionAllowed(187)) - Close Container log Index 6 is not replicated across allthe servers in the pipeline c0e4f3a0-4d63-43fc-af6c-40390d33441a as the min replicated index is 4. Deletion is not allowed in this container yet.
2019-10-23 12:23:23,927 [BlockDeletingService#4] WARN  background.BlockDeletingService (BlockDeletingService.java:isDeletionAllowed(187)) - Close Container log Index 6 is not replicated across allthe servers in the pipeline c0e4f3a0-4d63-43fc-af6c-40390d33441a as the min replicated index is 4. Deletion is not allowed in this container yet.
2019-10-23 12:23:24,034 [Thread-962] INFO  client.GrpcClientProtocolService (GrpcClientProtocolService.java:lambda$processClientRequest$0(278)) - Failed RaftClientRequest:client-F877F7AB4D5B->43cb0e13-5597-452b-a8b1-af00d0a4a497@group-40390D33441A, cid=10, seq=0, Watch-ALL_COMMITTED(6), Message:<EMPTY>, reply=RaftClientReply:client-F877F7AB4D5B->43cb0e13-5597-452b-a8b1-af00d0a4a497@group-40390D33441A, cid=10, FAILED org.apache.ratis.protocol.NotLeaderException: Server 43cb0e13-5597-452b-a8b1-af00d0a4a497@group-40390D33441A is not the leader, logIndex=0, commits[43cb0e13-5597-452b-a8b1-af00d0a4a497:c10, 9d2a2146-2c04-423d-8f96-3c121403b328:c10, 04710d3b-08a7-4a70-b69f-f772706c6105:c4]
2019-10-23 12:23:24,035 [Thread-958] INFO  impl.FollowerState (FollowerState.java:run(108)) - 04710d3b-08a7-4a70-b69f-f772706c6105@group-40390D33441A-FollowerState: change to CANDIDATE, lastRpcTime:138ms, electionTimeout:138ms
2019-10-23 12:23:24,036 [Thread-958] INFO  impl.RoleInfo (RoleInfo.java:shutdownFollowerState(121)) - 04710d3b-08a7-4a70-b69f-f772706c6105: shutdown FollowerState
2019-10-23 12:23:24,036 [Thread-958] INFO  impl.RaftServerImpl (RaftServerImpl.java:setRole(184)) - 04710d3b-08a7-4a70-b69f-f772706c6105@group-40390D33441A: changes role from  FOLLOWER to CANDIDATE at term 58 for changeToCandidate
2019-10-23 12:23:24,036 [Thread-958] INFO  impl.RoleInfo (RoleInfo.java:updateAndGet(143)) - 04710d3b-08a7-4a70-b69f-f772706c6105: start LeaderElection
2019-10-23 12:23:24,058 [04710d3b-08a7-4a70-b69f-f772706c6105@group-40390D33441A-LeaderElection61] INFO  impl.LeaderElection (LeaderElection.java:askForVotes(178)) - 04710d3b-08a7-4a70-b69f-f772706c6105@group-40390D33441A-LeaderElection61: begin an election at term 59 for 0: [9d2a2146-2c04-423d-8f96-3c121403b328:192.168.69.118:40792, 04710d3b-08a7-4a70-b69f-f772706c6105:192.168.69.118:40289, 43cb0e13-5597-452b-a8b1-af00d0a4a497:192.168.69.118:45201], old=null
2019-10-23 12:23:24,060 [grpc-default-executor-3] INFO  impl.RaftServerImpl (RaftServerImpl.java:setRole(184)) - 9d2a2146-2c04-423d-8f96-3c121403b328@group-40390D33441A: changes role from  FOLLOWER to FOLLOWER at term 59 for recognizeCandidate:04710d3b-08a7-4a70-b69f-f772706c6105
2019-10-23 12:23:24,061 [grpc-default-executor-3] INFO  impl.RoleInfo (RoleInfo.java:shutdownFollowerState(121)) - 9d2a2146-2c04-423d-8f96-3c121403b328: shutdown FollowerState
2019-10-23 12:23:24,061 [grpc-default-executor-3] INFO  impl.RoleInfo (RoleInfo.java:updateAndGet(143)) - 9d2a2146-2c04-423d-8f96-3c121403b328: start FollowerState
2019-10-23 12:23:24,061 [Thread-956] INFO  impl.FollowerState (FollowerState.java:run(117)) - 9d2a2146-2c04-423d-8f96-3c121403b328@group-40390D33441A-FollowerState was interrupted: java.lang.InterruptedException: sleep interrupted
2019-10-23 12:23:24,061 [grpc-default-executor-7] INFO  impl.RaftServerImpl (RaftServerImpl.java:setRole(184)) - 43cb0e13-5597-452b-a8b1-af00d0a4a497@group-40390D33441A: changes role from  FOLLOWER to FOLLOWER at term 59 for recognizeCandidate:04710d3b-08a7-4a70-b69f-f772706c6105
2019-10-23 12:23:24,061 [grpc-default-executor-7] INFO  impl.RoleInfo (RoleInfo.java:shutdownFollowerState(121)) - 43cb0e13-5597-452b-a8b1-af00d0a4a497: shutdown FollowerState
2019-10-23 12:23:24,061 [Thread-957] INFO  impl.FollowerState (FollowerState.java:run(117)) - 43cb0e13-5597-452b-a8b1-af00d0a4a497@group-40390D33441A-FollowerState was interrupted: java.lang.InterruptedException: sleep interrupted
2019-10-23 12:23:24,061 [grpc-default-executor-7] INFO  impl.RoleInfo (RoleInfo.java:updateAndGet(143)) - 43cb0e13-5597-452b-a8b1-af00d0a4a497: start FollowerState
2019-10-23 12:23:24,075 [04710d3b-08a7-4a70-b69f-f772706c6105@group-40390D33441A-LeaderElection61] INFO  impl.LeaderElection (LeaderElection.java:logAndReturn(56)) - 04710d3b-08a7-4a70-b69f-f772706c6105@group-40390D33441A-LeaderElection61: Election REJECTED; received 2 response(s) [04710d3b-08a7-4a70-b69f-f772706c6105<-9d2a2146-2c04-423d-8f96-3c121403b328#0:FAIL-t59, 04710d3b-08a7-4a70-b69f-f772706c6105<-43cb0e13-5597-452b-a8b1-af00d0a4a497#0:FAIL-t59] and 0 exception(s); 04710d3b-08a7-4a70-b69f-f772706c6105@group-40390D33441A:t59, leader=null, voted=04710d3b-08a7-4a70-b69f-f772706c6105, raftlog=04710d3b-08a7-4a70-b69f-f772706c6105@group-40390D33441A-SegmentedRaftLog:OPENED:c3,f4,i4, conf=0: [9d2a2146-2c04-423d-8f96-3c121403b328:192.168.69.118:40792, 04710d3b-08a7-4a70-b69f-f772706c6105:192.168.69.118:40289, 43cb0e13-5597-452b-a8b1-af00d0a4a497:192.168.69.118:45201], old=null
2019-10-23 12:23:24,075 [04710d3b-08a7-4a70-b69f-f772706c6105@group-40390D33441A-LeaderElection61] INFO  impl.RaftServerImpl (RaftServerImpl.java:setRole(184)) - 04710d3b-08a7-4a70-b69f-f772706c6105@group-40390D33441A: changes role from CANDIDATE to FOLLOWER at term 59 for DISCOVERED_A_NEW_TERM
2019-10-23 12:23:24,075 [04710d3b-08a7-4a70-b69f-f772706c6105@group-40390D33441A-LeaderElection61] INFO  impl.RoleInfo (RoleInfo.java:shutdownLeaderElection(134)) - 04710d3b-08a7-4a70-b69f-f772706c6105: shutdown LeaderElection
2019-10-23 12:23:24,075 [04710d3b-08a7-4a70-b69f-f772706c6105@group-40390D33441A-LeaderElection61] INFO  impl.RoleInfo (RoleInfo.java:updateAndGet(143)) - 04710d3b-08a7-4a70-b69f-f772706c6105: start FollowerState
2019-10-23 12:23:24,227 [Thread-969] INFO  impl.FollowerState (FollowerState.java:run(108)) - 04710d3b-08a7-4a70-b69f-f772706c6105@group-40390D33441A-FollowerState: change to CANDIDATE, lastRpcTime:151ms, electionTimeout:151ms
2019-10-23 12:23:24,227 [Thread-969] INFO  impl.RoleInfo (RoleInfo.java:shutdownFollowerState(121)) - 04710d3b-08a7-4a70-b69f-f772706c6105: shutdown FollowerState
2019-10-23 12:23:24,227 [Thread-969] INFO  impl.RaftServerImpl (RaftServerImpl.java:setRole(184)) - 04710d3b-08a7-4a70-b69f-f772706c6105@group-40390D33441A: changes role from  FOLLOWER to CANDIDATE at term 59 for changeToCandidate
2019-10-23 12:23:24,227 [Thread-969] INFO  impl.RoleInfo (RoleInfo.java:updateAndGet(143)) - 04710d3b-08a7-4a70-b69f-f772706c6105: start LeaderElection
2019-10-23 12:23:24,241 [04710d3b-08a7-4a70-b69f-f772706c6105@group-40390D33441A-LeaderElection62] INFO  impl.LeaderElection (LeaderElection.java:askForVotes(178)) - 04710d3b-08a7-4a70-b69f-f772706c6105@group-40390D33441A-LeaderElection62: begin an election at term 60 for 0: [9d2a2146-2c04-423d-8f96-3c121403b328:192.168.69.118:40792, 04710d3b-08a7-4a70-b69f-f772706c6105:192.168.69.118:40289, 43cb0e13-5597-452b-a8b1-af00d0a4a497:192.168.69.118:45201], old=null
2019-10-23 12:23:24,244 [grpc-default-executor-3] INFO  impl.RaftServerImpl (RaftServerImpl.java:setRole(184)) - 9d2a2146-2c04-423d-8f96-3c121403b328@group-40390D33441A: changes role from  FOLLOWER to FOLLOWER at term 60 for recognizeCandidate:04710d3b-08a7-4a70-b69f-f772706c6105
2019-10-23 12:23:24,244 [grpc-default-executor-7] INFO  impl.RaftServerImpl (RaftServerImpl.java:setRole(184)) - 43cb0e13-5597-452b-a8b1-af00d0a4a497@group-40390D33441A: changes role from  FOLLOWER to FOLLOWER at term 60 for recognizeCandidate:04710d3b-08a7-4a70-b69f-f772706c6105
2019-10-23 12:23:24,244 [grpc-default-executor-3] INFO  impl.RoleInfo (RoleInfo.java:shutdownFollowerState(121)) - 9d2a2146-2c04-423d-8f96-3c121403b328: shutdown FollowerState
2019-10-23 12:23:24,244 [grpc-default-executor-7] INFO  impl.RoleInfo (RoleInfo.java:shutdownFollowerState(121)) - 43cb0e13-5597-452b-a8b1-af00d0a4a497: shutdown FollowerState
2019-10-23 12:23:24,245 [Thread-967] INFO  impl.FollowerState (FollowerState.java:run(117)) - 9d2a2146-2c04-423d-8f96-3c121403b328@group-40390D33441A-FollowerState was interrupted: java.lang.InterruptedException: sleep interrupted
2019-10-23 12:23:24,245 [grpc-default-executor-3] INFO  impl.RoleInfo (RoleInfo.java:updateAndGet(143)) - 9d2a2146-2c04-423d-8f96-3c121403b328: start FollowerState
2019-10-23 12:23:24,245 [grpc-default-executor-7] INFO  impl.RoleInfo (RoleInfo.java:updateAndGet(143)) - 43cb0e13-5597-452b-a8b1-af00d0a4a497: start FollowerState
2019-10-23 12:23:24,245 [Thread-968] INFO  impl.FollowerState (FollowerState.java:run(117)) - 43cb0e13-5597-452b-a8b1-af00d0a4a497@group-40390D33441A-FollowerState was interrupted: java.lang.InterruptedException: sleep interrupted
2019-10-23 12:23:24,258 [04710d3b-08a7-4a70-b69f-f772706c6105@group-40390D33441A-LeaderElection62] INFO  impl.LeaderElection (LeaderElection.java:logAndReturn(56)) - 04710d3b-08a7-4a70-b69f-f772706c6105@group-40390D33441A-LeaderElection62: Election REJECTED; received 2 response(s) [04710d3b-08a7-4a70-b69f-f772706c6105<-9d2a2146-2c04-423d-8f96-3c121403b328#0:FAIL-t60, 04710d3b-08a7-4a70-b69f-f772706c6105<-43cb0e13-5597-452b-a8b1-af00d0a4a497#0:FAIL-t60] and 0 exception(s); 04710d3b-08a7-4a70-b69f-f772706c6105@group-40390D33441A:t60, leader=null, voted=04710d3b-08a7-4a70-b69f-f772706c6105, raftlog=04710d3b-08a7-4a70-b69f-f772706c6105@group-40390D33441A-SegmentedRaftLog:OPENED:c3,f4,i4, conf=0: [9d2a2146-2c04-423d-8f96-3c121403b328:192.168.69.118:40792, 04710d3b-08a7-4a70-b69f-f772706c6105:192.168.69.118:40289, 43cb0e13-5597-452b-a8b1-af00d0a4a497:192.168.69.118:45201], old=null
2019-10-23 12:23:24,258 [04710d3b-08a7-4a70-b69f-f772706c6105@group-40390D33441A-LeaderElection62] INFO  impl.RaftServerImpl (RaftServerImpl.java:setRole(184)) - 04710d3b-08a7-4a70-b69f-f772706c6105@group-40390D33441A: changes role from CANDIDATE to FOLLOWER at term 60 for DISCOVERED_A_NEW_TERM
2019-10-23 12:23:24,258 [04710d3b-08a7-4a70-b69f-f772706c6105@group-40390D33441A-LeaderElection62] INFO  impl.RoleInfo (RoleInfo.java:shutdownLeaderElection(134)) - 04710d3b-08a7-4a70-b69f-f772706c6105: shutdown LeaderElection
2019-10-23 12:23:24,258 [04710d3b-08a7-4a70-b69f-f772706c6105@group-40390D33441A-LeaderElection62] INFO  impl.RoleInfo (RoleInfo.java:updateAndGet(143)) - 04710d3b-08a7-4a70-b69f-f772706c6105: start FollowerState
2019-10-23 12:23:24,297 [Thread-975] INFO  impl.FollowerState (FollowerState.java:run(108)) - 04710d3b-08a7-4a70-b69f-f772706c6105@group-40390D33441A-FollowerState: change to CANDIDATE, lastRpcTime:38ms, electionTimeout:38ms
2019-10-23 12:23:24,297 [Thread-975] INFO  impl.RoleInfo (RoleInfo.java:shutdownFollowerState(121)) - 04710d3b-08a7-4a70-b69f-f772706c6105: shutdown FollowerState
2019-10-23 12:23:24,297 [Thread-975] INFO  impl.RaftServerImpl (RaftServerImpl.java:setRole(184)) - 04710d3b-08a7-4a70-b69f-f772706c6105@group-40390D33441A: changes role from  FOLLOWER to CANDIDATE at term 60 for changeToCandidate
2019-10-23 12:23:24,297 [Thread-975] INFO  impl.RoleInfo (RoleInfo.java:updateAndGet(143)) - 04710d3b-08a7-4a70-b69f-f772706c6105: start LeaderElection
2019-10-23 12:23:24,315 [04710d3b-08a7-4a70-b69f-f772706c6105@group-40390D33441A-LeaderElection63] INFO  impl.LeaderElection (LeaderElection.java:askForVotes(178)) - 04710d3b-08a7-4a70-b69f-f772706c6105@group-40390D33441A-LeaderElection63: begin an election at term 61 for 0: [9d2a2146-2c04-423d-8f96-3c121403b328:192.168.69.118:40792, 04710d3b-08a7-4a70-b69f-f772706c6105:192.168.69.118:40289, 43cb0e13-5597-452b-a8b1-af00d0a4a497:192.168.69.118:45201], old=null
2019-10-23 12:23:24,318 [grpc-default-executor-3] INFO  impl.RaftServerImpl (RaftServerImpl.java:setRole(184)) - 9d2a2146-2c04-423d-8f96-3c121403b328@group-40390D33441A: changes role from  FOLLOWER to FOLLOWER at term 61 for recognizeCandidate:04710d3b-08a7-4a70-b69f-f772706c6105
2019-10-23 12:23:24,318 [grpc-default-executor-3] INFO  impl.RoleInfo (RoleInfo.java:shutdownFollowerState(121)) - 9d2a2146-2c04-423d-8f96-3c121403b328: shutdown FollowerState
2019-10-23 12:23:24,318 [grpc-default-executor-7] INFO  impl.RaftServerImpl (RaftServerImpl.java:setRole(184)) - 43cb0e13-5597-452b-a8b1-af00d0a4a497@group-40390D33441A: changes role from  FOLLOWER to FOLLOWER at term 61 for recognizeCandidate:04710d3b-08a7-4a70-b69f-f772706c6105
2019-10-23 12:23:24,319 [Thread-973] INFO  impl.FollowerState (FollowerState.java:run(117)) - 9d2a2146-2c04-423d-8f96-3c121403b328@group-40390D33441A-FollowerState was interrupted: java.lang.InterruptedException: sleep interrupted
2019-10-23 12:23:24,319 [grpc-default-executor-3] INFO  impl.RoleInfo (RoleInfo.java:updateAndGet(143)) - 9d2a2146-2c04-423d-8f96-3c121403b328: start FollowerState
2019-10-23 12:23:24,319 [grpc-default-executor-7] INFO  impl.RoleInfo (RoleInfo.java:shutdownFollowerState(121)) - 43cb0e13-5597-452b-a8b1-af00d0a4a497: shutdown FollowerState
2019-10-23 12:23:24,319 [grpc-default-executor-7] INFO  impl.RoleInfo (RoleInfo.java:updateAndGet(143)) - 43cb0e13-5597-452b-a8b1-af00d0a4a497: start FollowerState
2019-10-23 12:23:24,319 [Thread-974] INFO  impl.FollowerState (FollowerState.java:run(117)) - 43cb0e13-5597-452b-a8b1-af00d0a4a497@group-40390D33441A-FollowerState was interrupted: java.lang.InterruptedException: sleep interrupted
2019-10-23 12:23:24,337 [04710d3b-08a7-4a70-b69f-f772706c6105@group-40390D33441A-LeaderElection63] INFO  impl.LeaderElection (LeaderElection.java:logAndReturn(56)) - 04710d3b-08a7-4a70-b69f-f772706c6105@group-40390D33441A-LeaderElection63: Election REJECTED; received 2 response(s) [04710d3b-08a7-4a70-b69f-f772706c6105<-9d2a2146-2c04-423d-8f96-3c121403b328#0:FAIL-t61, 04710d3b-08a7-4a70-b69f-f772706c6105<-43cb0e13-5597-452b-a8b1-af00d0a4a497#0:FAIL-t61] and 0 exception(s); 04710d3b-08a7-4a70-b69f-f772706c6105@group-40390D33441A:t61, leader=null, voted=04710d3b-08a7-4a70-b69f-f772706c6105, raftlog=04710d3b-08a7-4a70-b69f-f772706c6105@group-40390D33441A-SegmentedRaftLog:OPENED:c3,f4,i4, conf=0: [9d2a2146-2c04-423d-8f96-3c121403b328:192.168.69.118:40792, 04710d3b-08a7-4a70-b69f-f772706c6105:192.168.69.118:40289, 43cb0e13-5597-452b-a8b1-af00d0a4a497:192.168.69.118:45201], old=null
2019-10-23 12:23:24,337 [04710d3b-08a7-4a70-b69f-f772706c6105@group-40390D33441A-LeaderElection63] INFO  impl.RaftServerImpl (RaftServerImpl.java:setRole(184)) - 04710d3b-08a7-4a70-b69f-f772706c6105@group-40390D33441A: changes role from CANDIDATE to FOLLOWER at term 61 for DISCOVERED_A_NEW_TERM
2019-10-23 12:23:24,337 [04710d3b-08a7-4a70-b69f-f772706c6105@group-40390D33441A-LeaderElection63] INFO  impl.RoleInfo (RoleInfo.java:shutdownLeaderElection(134)) - 04710d3b-08a7-4a70-b69f-f772706c6105: shutdown LeaderElection
2019-10-23 12:23:24,338 [04710d3b-08a7-4a70-b69f-f772706c6105@group-40390D33441A-LeaderElection63] INFO  impl.RoleInfo (RoleInfo.java:updateAndGet(143)) - 04710d3b-08a7-4a70-b69f-f772706c6105: start FollowerState
]]></system-out>
    <system-err><![CDATA[ERROR StatusLogger No Log4j 2 configuration file found. Using default configuration (logging only errors to the console), or user programmatically provided configurations. Set system property 'log4j2.debug' to show Log4j 2 internal initialization logging. See https://logging.apache.org/log4j/2.x/manual/configuration.html for instructions on how to configure Log4j 2
Oct 23, 2019 12:21:38 PM org.apache.ratis.thirdparty.io.grpc.internal.SerializingExecutor run
SEVERE: Exception while executing runnable org.apache.ratis.thirdparty.io.grpc.internal.ServerImpl$JumpToApplicationThreadServerStreamListener$1Closed@5755a1b
org.apache.ratis.thirdparty.io.grpc.StatusRuntimeException: CANCELLED: call already cancelled
	at org.apache.ratis.thirdparty.io.grpc.Status.asRuntimeException(Status.java:517)
	at org.apache.ratis.thirdparty.io.grpc.stub.ServerCalls$ServerCallStreamObserverImpl.onCompleted(ServerCalls.java:356)
	at org.apache.ratis.grpc.server.GrpcServerProtocolService$ServerRequestStreamObserver.onError(GrpcServerProtocolService.java:121)
	at org.apache.ratis.thirdparty.io.grpc.stub.ServerCalls$StreamingServerCallHandler$StreamingServerCallListener.onCancel(ServerCalls.java:269)
	at org.apache.ratis.thirdparty.io.grpc.internal.ServerCallImpl$ServerStreamListenerImpl.closed(ServerCallImpl.java:293)
	at org.apache.ratis.thirdparty.io.grpc.internal.ServerImpl$JumpToApplicationThreadServerStreamListener$1Closed.runInContext(ServerImpl.java:741)
	at org.apache.ratis.thirdparty.io.grpc.internal.ContextRunnable.run(ContextRunnable.java:37)
	at org.apache.ratis.thirdparty.io.grpc.internal.SerializingExecutor.run(SerializingExecutor.java:123)
	at java.util.concurrent.ThreadPoolExecutor.runWorker(ThreadPoolExecutor.java:1149)
	at java.util.concurrent.ThreadPoolExecutor$Worker.run(ThreadPoolExecutor.java:624)
	at java.lang.Thread.run(Thread.java:748)

Oct 23, 2019 12:21:38 PM org.apache.ratis.thirdparty.io.grpc.internal.SerializingExecutor run
SEVERE: Exception while executing runnable org.apache.ratis.thirdparty.io.grpc.internal.ClientCallImpl$ClientStreamListenerImpl$1StreamClosed@4ded6f83
java.lang.NullPointerException
	at org.apache.ratis.grpc.server.GrpcLogAppender$AppendLogResponseHandler.onError(GrpcLogAppender.java:303)
	at org.apache.ratis.thirdparty.io.grpc.stub.ClientCalls$StreamObserverToCallListenerAdapter.onClose(ClientCalls.java:434)
	at org.apache.ratis.thirdparty.io.grpc.PartialForwardingClientCallListener.onClose(PartialForwardingClientCallListener.java:39)
	at org.apache.ratis.thirdparty.io.grpc.ForwardingClientCallListener.onClose(ForwardingClientCallListener.java:23)
	at org.apache.ratis.thirdparty.io.grpc.ForwardingClientCallListener$SimpleForwardingClientCallListener.onClose(ForwardingClientCallListener.java:40)
	at org.apache.ratis.thirdparty.io.grpc.internal.CensusStatsModule$StatsClientInterceptor$1$1.onClose(CensusStatsModule.java:678)
	at org.apache.ratis.thirdparty.io.grpc.PartialForwardingClientCallListener.onClose(PartialForwardingClientCallListener.java:39)
	at org.apache.ratis.thirdparty.io.grpc.ForwardingClientCallListener.onClose(ForwardingClientCallListener.java:23)
	at org.apache.ratis.thirdparty.io.grpc.ForwardingClientCallListener$SimpleForwardingClientCallListener.onClose(ForwardingClientCallListener.java:40)
	at org.apache.ratis.thirdparty.io.grpc.internal.CensusTracingModule$TracingClientInterceptor$1$1.onClose(CensusTracingModule.java:397)
	at org.apache.ratis.thirdparty.io.grpc.internal.ClientCallImpl.closeObserver(ClientCallImpl.java:459)
	at org.apache.ratis.thirdparty.io.grpc.internal.ClientCallImpl.access$300(ClientCallImpl.java:63)
	at org.apache.ratis.thirdparty.io.grpc.internal.ClientCallImpl$ClientStreamListenerImpl.close(ClientCallImpl.java:546)
	at org.apache.ratis.thirdparty.io.grpc.internal.ClientCallImpl$ClientStreamListenerImpl.access$600(ClientCallImpl.java:467)
	at org.apache.ratis.thirdparty.io.grpc.internal.ClientCallImpl$ClientStreamListenerImpl$1StreamClosed.runInContext(ClientCallImpl.java:584)
	at org.apache.ratis.thirdparty.io.grpc.internal.ContextRunnable.run(ContextRunnable.java:37)
	at org.apache.ratis.thirdparty.io.grpc.internal.SerializingExecutor.run(SerializingExecutor.java:123)
	at java.util.concurrent.ThreadPoolExecutor.runWorker(ThreadPoolExecutor.java:1149)
	at java.util.concurrent.ThreadPoolExecutor$Worker.run(ThreadPoolExecutor.java:624)
	at java.lang.Thread.run(Thread.java:748)

]]></system-err>
  </testcase>
</testsuite>