<?xml version="1.0" encoding="UTF-8"?>
<testsuite xmlns:xsi="http://www.w3.org/2001/XMLSchema-instance" xsi:noNamespaceSchemaLocation="https://maven.apache.org/surefire/maven-surefire-plugin/xsd/surefire-test-report.xsd" name="org.apache.hadoop.ozone.client.rpc.TestMultiBlockWritesWithDnFailures" time="127.533" tests="2" errors="0" skipped="0" failures="1">
  <properties>
    <property name="awt.toolkit" value="sun.awt.X11.XToolkit"/>
    <property name="file.encoding.pkg" value="sun.io"/>
    <property name="java.specification.version" value="1.8"/>
    <property name="sun.cpu.isalist" value=""/>
    <property name="sun.jnu.encoding" value="ANSI_X3.4-1968"/>
    <property name="java.class.path" value="/workdir/hadoop-ozone/integration-test/target/test-classes:/workdir/hadoop-ozone/integration-test/target/classes:/home/user/.m2/repository/org/apache/hadoop/hadoop-ozone-common/0.5.0-SNAPSHOT/hadoop-ozone-common-0.5.0-SNAPSHOT.jar:/home/user/.m2/repository/org/apache/commons/commons-compress/1.4.1/commons-compress-1.4.1.jar:/home/user/.m2/repository/org/tukaani/xz/1.0/xz-1.0.jar:/home/user/.m2/repository/org/apache/hadoop/hadoop-common/3.2.0/hadoop-common-3.2.0.jar:/home/user/.m2/repository/org/apache/hadoop/hadoop-hdfs/3.2.0/hadoop-hdfs-3.2.0.jar:/home/user/.m2/repository/org/apache/hadoop/hadoop-hdfs-client/3.2.0/hadoop-hdfs-client-3.2.0.jar:/home/user/.m2/repository/com/fasterxml/jackson/core/jackson-annotations/2.9.9/jackson-annotations-2.9.9.jar:/home/user/.m2/repository/org/apache/hadoop/hadoop-hdds-common/0.5.0-SNAPSHOT/hadoop-hdds-common-0.5.0-SNAPSHOT.jar:/home/user/.m2/repository/javax/annotation/javax.annotation-api/1.2/javax.annotation-api-1.2.jar:/home/user/.m2/repository/org/apache/ratis/ratis-server/0.5.0-3f446aa-SNAPSHOT/ratis-server-0.5.0-3f446aa-SNAPSHOT.jar:/home/user/.m2/repository/org/apache/ratis/ratis-thirdparty-misc/0.2.0/ratis-thirdparty-misc-0.2.0.jar:/home/user/.m2/repository/org/apache/ratis/ratis-proto/0.5.0-3f446aa-SNAPSHOT/ratis-proto-0.5.0-3f446aa-SNAPSHOT.jar:/home/user/.m2/repository/org/apache/ratis/ratis-common/0.5.0-3f446aa-SNAPSHOT/ratis-common-0.5.0-3f446aa-SNAPSHOT.jar:/home/user/.m2/repository/org/apache/ratis/ratis-client/0.5.0-3f446aa-SNAPSHOT/ratis-client-0.5.0-3f446aa-SNAPSHOT.jar:/home/user/.m2/repository/org/apache/ratis/ratis-metrics/0.5.0-3f446aa-SNAPSHOT/ratis-metrics-0.5.0-3f446aa-SNAPSHOT.jar:/home/user/.m2/repository/com/github/joshelser/dropwizard-metrics-hadoop-metrics2-reporter/0.1.2/dropwizard-metrics-hadoop-metrics2-reporter-0.1.2.jar:/home/user/.m2/repository/io/dropwizard/metrics/metrics-jvm/3.2.5/metrics-jvm-3.2.5.jar:/home/user/.m2/repository/io/dropwizard/metrics/metrics-ganglia/3.2.5/metrics-ganglia-3.2.5.jar:/home/user/.m2/repository/info/ganglia/gmetric4j/gmetric4j/1.0.7/gmetric4j-1.0.7.jar:/home/user/.m2/repository/org/apache/ratis/ratis-netty/0.5.0-3f446aa-SNAPSHOT/ratis-netty-0.5.0-3f446aa-SNAPSHOT.jar:/home/user/.m2/repository/org/apache/ratis/ratis-grpc/0.5.0-3f446aa-SNAPSHOT/ratis-grpc-0.5.0-3f446aa-SNAPSHOT.jar:/home/user/.m2/repository/org/rocksdb/rocksdbjni/6.0.1/rocksdbjni-6.0.1.jar:/home/user/.m2/repository/org/apache/logging/log4j/log4j-api/2.11.0/log4j-api-2.11.0.jar:/home/user/.m2/repository/org/apache/logging/log4j/log4j-core/2.11.0/log4j-core-2.11.0.jar:/home/user/.m2/repository/com/lmax/disruptor/3.4.2/disruptor-3.4.2.jar:/home/user/.m2/repository/org/apache/commons/commons-pool2/2.6.0/commons-pool2-2.6.0.jar:/home/user/.m2/repository/org/bouncycastle/bcpkix-jdk15on/1.60/bcpkix-jdk15on-1.60.jar:/home/user/.m2/repository/commons-validator/commons-validator/1.6/commons-validator-1.6.jar:/home/user/.m2/repository/commons-digester/commons-digester/1.8.1/commons-digester-1.8.1.jar:/home/user/.m2/repository/io/jaegertracing/jaeger-client/0.34.0/jaeger-client-0.34.0.jar:/home/user/.m2/repository/io/jaegertracing/jaeger-thrift/0.34.0/jaeger-thrift-0.34.0.jar:/home/user/.m2/repository/org/apache/thrift/libthrift/0.12.0/libthrift-0.12.0.jar:/home/user/.m2/repository/com/squareup/okhttp3/okhttp/3.9.0/okhttp-3.9.0.jar:/home/user/.m2/repository/com/squareup/okio/okio/1.13.0/okio-1.13.0.jar:/home/user/.m2/repository/io/jaegertracing/jaeger-core/0.34.0/jaeger-core-0.34.0.jar:/home/user/.m2/repository/io/jaegertracing/jaeger-tracerresolver/0.34.0/jaeger-tracerresolver-0.34.0.jar:/home/user/.m2/repository/io/opentracing/contrib/opentracing-tracerresolver/0.1.5/opentracing-tracerresolver-0.1.5.jar:/home/user/.m2/repository/io/opentracing/opentracing-util/0.31.0/opentracing-util-0.31.0.jar:/home/user/.m2/repository/io/opentracing/opentracing-api/0.31.0/opentracing-api-0.31.0.jar:/home/user/.m2/repository/io/opentracing/opentracing-noop/0.31.0/opentracing-noop-0.31.0.jar:/home/user/.m2/repository/org/apache/hadoop/hadoop-hdds-server-framework/0.5.0-SNAPSHOT/hadoop-hdds-server-framework-0.5.0-SNAPSHOT.jar:/home/user/.m2/repository/org/apache/hadoop/hadoop-hdds-container-service/0.5.0-SNAPSHOT/hadoop-hdds-container-service-0.5.0-SNAPSHOT.jar:/home/user/.m2/repository/org/apache/hadoop/hadoop-hdds-client/0.5.0-SNAPSHOT/hadoop-hdds-client-0.5.0-SNAPSHOT.jar:/home/user/.m2/repository/org/apache/hadoop/hadoop-hdds-tools/0.5.0-SNAPSHOT/hadoop-hdds-tools-0.5.0-SNAPSHOT.jar:/home/user/.m2/repository/org/apache/hadoop/hadoop-hdds-server-scm/0.5.0-SNAPSHOT/hadoop-hdds-server-scm-0.5.0-SNAPSHOT.jar:/home/user/.m2/repository/org/apache/hadoop/hadoop-hdds-docs/0.5.0-SNAPSHOT/hadoop-hdds-docs-0.5.0-SNAPSHOT.jar:/home/user/.m2/repository/io/dropwizard/metrics/metrics-core/3.2.4/metrics-core-3.2.4.jar:/home/user/.m2/repository/org/hamcrest/hamcrest-all/1.3/hamcrest-all-1.3.jar:/home/user/.m2/repository/org/bouncycastle/bcprov-jdk15on/1.60/bcprov-jdk15on-1.60.jar:/home/user/.m2/repository/info/picocli/picocli/3.9.6/picocli-3.9.6.jar:/home/user/.m2/repository/com/google/protobuf/protobuf-java/2.5.0/protobuf-java-2.5.0.jar:/home/user/.m2/repository/com/google/guava/guava/11.0.2/guava-11.0.2.jar:/home/user/.m2/repository/org/apache/hadoop/hadoop-ozone-ozone-manager/0.5.0-SNAPSHOT/hadoop-ozone-ozone-manager-0.5.0-SNAPSHOT.jar:/home/user/.m2/repository/org/apache/hadoop/hadoop-minikdc/3.2.0/hadoop-minikdc-3.2.0.jar:/home/user/.m2/repository/commons-io/commons-io/2.5/commons-io-2.5.jar:/home/user/.m2/repository/org/apache/kerby/kerb-simplekdc/1.0.1/kerb-simplekdc-1.0.1.jar:/home/user/.m2/repository/org/apache/kerby/kerb-client/1.0.1/kerb-client-1.0.1.jar:/home/user/.m2/repository/org/apache/kerby/kerby-config/1.0.1/kerby-config-1.0.1.jar:/home/user/.m2/repository/org/apache/kerby/kerb-core/1.0.1/kerb-core-1.0.1.jar:/home/user/.m2/repository/org/apache/kerby/kerby-pkix/1.0.1/kerby-pkix-1.0.1.jar:/home/user/.m2/repository/org/apache/kerby/kerby-asn1/1.0.1/kerby-asn1-1.0.1.jar:/home/user/.m2/repository/org/apache/kerby/kerby-util/1.0.1/kerby-util-1.0.1.jar:/home/user/.m2/repository/org/apache/kerby/kerb-common/1.0.1/kerb-common-1.0.1.jar:/home/user/.m2/repository/org/apache/kerby/kerb-crypto/1.0.1/kerb-crypto-1.0.1.jar:/home/user/.m2/repository/org/apache/kerby/kerb-util/1.0.1/kerb-util-1.0.1.jar:/home/user/.m2/repository/org/apache/kerby/token-provider/1.0.1/token-provider-1.0.1.jar:/home/user/.m2/repository/org/apache/kerby/kerb-admin/1.0.1/kerb-admin-1.0.1.jar:/home/user/.m2/repository/org/apache/kerby/kerb-server/1.0.1/kerb-server-1.0.1.jar:/home/user/.m2/repository/org/apache/kerby/kerb-identity/1.0.1/kerb-identity-1.0.1.jar:/home/user/.m2/repository/org/apache/kerby/kerby-xdr/1.0.1/kerby-xdr-1.0.1.jar:/home/user/.m2/repository/org/slf4j/slf4j-log4j12/1.7.25/slf4j-log4j12-1.7.25.jar:/home/user/.m2/repository/org/apache/hadoop/hadoop-ozone-s3gateway/0.5.0-SNAPSHOT/hadoop-ozone-s3gateway-0.5.0-SNAPSHOT.jar:/home/user/.m2/repository/org/jboss/weld/servlet/weld-servlet/2.4.7.Final/weld-servlet-2.4.7.Final.jar:/home/user/.m2/repository/org/glassfish/jersey/containers/jersey-container-servlet-core/2.27/jersey-container-servlet-core-2.27.jar:/home/user/.m2/repository/org/glassfish/hk2/external/javax.inject/2.5.0-b42/javax.inject-2.5.0-b42.jar:/home/user/.m2/repository/org/glassfish/jersey/core/jersey-common/2.27/jersey-common-2.27.jar:/home/user/.m2/repository/org/glassfish/hk2/osgi-resource-locator/1.0.1/osgi-resource-locator-1.0.1.jar:/home/user/.m2/repository/javax/ws/rs/javax.ws.rs-api/2.1/javax.ws.rs-api-2.1.jar:/home/user/.m2/repository/org/glassfish/jersey/ext/cdi/jersey-cdi1x/2.27/jersey-cdi1x-2.27.jar:/home/user/.m2/repository/org/glassfish/jersey/inject/jersey-hk2/2.27/jersey-hk2-2.27.jar:/home/user/.m2/repository/org/glassfish/hk2/hk2-locator/2.5.0-b42/hk2-locator-2.5.0-b42.jar:/home/user/.m2/repository/org/javassist/javassist/3.22.0-CR2/javassist-3.22.0-CR2.jar:/home/user/.m2/repository/org/glassfish/hk2/hk2-api/2.5.0/hk2-api-2.5.0.jar:/home/user/.m2/repository/org/glassfish/hk2/external/jakarta.inject/2.5.0/jakarta.inject-2.5.0.jar:/home/user/.m2/repository/org/glassfish/hk2/hk2-utils/2.5.0/hk2-utils-2.5.0.jar:/home/user/.m2/repository/jakarta/annotation/jakarta.annotation-api/1.3.4/jakarta.annotation-api-1.3.4.jar:/home/user/.m2/repository/org/glassfish/hk2/external/aopalliance-repackaged/2.5.0/aopalliance-repackaged-2.5.0.jar:/home/user/.m2/repository/com/fasterxml/jackson/dataformat/jackson-dataformat-xml/2.9.0/jackson-dataformat-xml-2.9.0.jar:/home/user/.m2/repository/com/fasterxml/jackson/core/jackson-core/2.9.9/jackson-core-2.9.9.jar:/home/user/.m2/repository/com/fasterxml/jackson/module/jackson-module-jaxb-annotations/2.9.9/jackson-module-jaxb-annotations-2.9.9.jar:/home/user/.m2/repository/javax/enterprise/cdi-api/1.2/cdi-api-1.2.jar:/home/user/.m2/repository/javax/el/javax.el-api/3.0.0/javax.el-api-3.0.0.jar:/home/user/.m2/repository/javax/interceptor/javax.interceptor-api/1.2/javax.interceptor-api-1.2.jar:/home/user/.m2/repository/javax/inject/javax.inject/1/javax.inject-1.jar:/home/user/.m2/repository/com/sun/xml/bind/jaxb-impl/2.3.0.1/jaxb-impl-2.3.0.1.jar:/home/user/.m2/repository/com/sun/xml/bind/jaxb-core/2.3.0.1/jaxb-core-2.3.0.1.jar:/home/user/.m2/repository/javax/xml/bind/jaxb-api/2.3.0/jaxb-api-2.3.0.jar:/home/user/.m2/repository/javax/activation/activation/1.1.1/activation-1.1.1.jar:/home/user/.m2/repository/org/apache/hadoop/hadoop-ozone-csi/0.5.0-SNAPSHOT/hadoop-ozone-csi-0.5.0-SNAPSHOT.jar:/home/user/.m2/repository/com/google/protobuf/protobuf-java-util/3.5.1/protobuf-java-util-3.5.1.jar:/home/user/.m2/repository/org/apache/hadoop/hadoop-hdds-config/0.5.0-SNAPSHOT/hadoop-hdds-config-0.5.0-SNAPSHOT.jar:/home/user/.m2/repository/io/grpc/grpc-netty/1.17.1/grpc-netty-1.17.1.jar:/home/user/.m2/repository/io/grpc/grpc-core/1.17.1/grpc-core-1.17.1.jar:/home/user/.m2/repository/io/grpc/grpc-context/1.17.1/grpc-context-1.17.1.jar:/home/user/.m2/repository/com/google/errorprone/error_prone_annotations/2.2.0/error_prone_annotations-2.2.0.jar:/home/user/.m2/repository/org/codehaus/mojo/animal-sniffer-annotations/1.17/animal-sniffer-annotations-1.17.jar:/home/user/.m2/repository/io/opencensus/opencensus-api/0.17.0/opencensus-api-0.17.0.jar:/home/user/.m2/repository/io/opencensus/opencensus-contrib-grpc-metrics/0.17.0/opencensus-contrib-grpc-metrics-0.17.0.jar:/home/user/.m2/repository/io/netty/netty-codec-http2/4.1.30.Final/netty-codec-http2-4.1.30.Final.jar:/home/user/.m2/repository/io/netty/netty-codec-http/4.1.30.Final/netty-codec-http-4.1.30.Final.jar:/home/user/.m2/repository/io/netty/netty-codec/4.1.30.Final/netty-codec-4.1.30.Final.jar:/home/user/.m2/repository/io/netty/netty-handler/4.1.30.Final/netty-handler-4.1.30.Final.jar:/home/user/.m2/repository/io/netty/netty-handler-proxy/4.1.30.Final/netty-handler-proxy-4.1.30.Final.jar:/home/user/.m2/repository/io/netty/netty-codec-socks/4.1.30.Final/netty-codec-socks-4.1.30.Final.jar:/home/user/.m2/repository/io/netty/netty-transport-native-epoll/4.1.30.Final/netty-transport-native-epoll-4.1.30.Final.jar:/home/user/.m2/repository/io/netty/netty-common/4.1.30.Final/netty-common-4.1.30.Final.jar:/home/user/.m2/repository/io/netty/netty-buffer/4.1.30.Final/netty-buffer-4.1.30.Final.jar:/home/user/.m2/repository/io/netty/netty-transport/4.1.30.Final/netty-transport-4.1.30.Final.jar:/home/user/.m2/repository/io/netty/netty-resolver/4.1.30.Final/netty-resolver-4.1.30.Final.jar:/home/user/.m2/repository/io/netty/netty-transport-native-unix-common/4.1.30.Final/netty-transport-native-unix-common-4.1.30.Final.jar:/home/user/.m2/repository/io/grpc/grpc-protobuf/1.17.1/grpc-protobuf-1.17.1.jar:/home/user/.m2/repository/com/google/api/grpc/proto-google-common-protos/1.0.0/proto-google-common-protos-1.0.0.jar:/home/user/.m2/repository/io/grpc/grpc-protobuf-lite/1.17.1/grpc-protobuf-lite-1.17.1.jar:/home/user/.m2/repository/io/grpc/grpc-stub/1.17.1/grpc-stub-1.17.1.jar:/home/user/.m2/repository/org/apache/hadoop/hadoop-ozone-recon/0.5.0-SNAPSHOT/hadoop-ozone-recon-0.5.0-SNAPSHOT.jar:/home/user/.m2/repository/org/apache/hadoop/hadoop-ozone-reconcodegen/0.5.0-SNAPSHOT/hadoop-ozone-reconcodegen-0.5.0-SNAPSHOT.jar:/home/user/.m2/repository/com/google/inject/extensions/guice-multibindings/4.0/guice-multibindings-4.0.jar:/home/user/.m2/repository/com/google/inject/guice/4.0/guice-4.0.jar:/home/user/.m2/repository/aopalliance/aopalliance/1.0/aopalliance-1.0.jar:/home/user/.m2/repository/com/google/inject/extensions/guice-servlet/4.0/guice-servlet-4.0.jar:/home/user/.m2/repository/org/glassfish/jersey/containers/jersey-container-servlet/2.27/jersey-container-servlet-2.27.jar:/home/user/.m2/repository/org/glassfish/hk2/guice-bridge/2.5.0/guice-bridge-2.5.0.jar:/home/user/.m2/repository/org/glassfish/jersey/core/jersey-server/2.27/jersey-server-2.27.jar:/home/user/.m2/repository/org/glassfish/jersey/core/jersey-client/2.27/jersey-client-2.27.jar:/home/user/.m2/repository/org/glassfish/jersey/media/jersey-media-jaxb/2.27/jersey-media-jaxb-2.27.jar:/home/user/.m2/repository/javax/validation/validation-api/1.1.0.Final/validation-api-1.1.0.Final.jar:/home/user/.m2/repository/org/glassfish/jersey/media/jersey-media-json-jackson/2.27/jersey-media-json-jackson-2.27.jar:/home/user/.m2/repository/org/glassfish/jersey/ext/jersey-entity-filtering/2.27/jersey-entity-filtering-2.27.jar:/home/user/.m2/repository/com/google/inject/extensions/guice-assistedinject/4.0/guice-assistedinject-4.0.jar:/home/user/.m2/repository/org/jooq/jooq/3.11.10/jooq-3.11.10.jar:/home/user/.m2/repository/org/jooq/jooq-meta/3.11.10/jooq-meta-3.11.10.jar:/home/user/.m2/repository/org/jooq/jooq-codegen/3.11.10/jooq-codegen-3.11.10.jar:/home/user/.m2/repository/com/jolbox/bonecp/0.8.0.RELEASE/bonecp-0.8.0.RELEASE.jar:/home/user/.m2/repository/org/xerial/sqlite-jdbc/3.25.2/sqlite-jdbc-3.25.2.jar:/home/user/.m2/repository/org/springframework/spring-jdbc/5.1.3.RELEASE/spring-jdbc-5.1.3.RELEASE.jar:/home/user/.m2/repository/org/springframework/spring-beans/5.1.3.RELEASE/spring-beans-5.1.3.RELEASE.jar:/home/user/.m2/repository/org/springframework/spring-core/5.1.3.RELEASE/spring-core-5.1.3.RELEASE.jar:/home/user/.m2/repository/org/springframework/spring-jcl/5.1.3.RELEASE/spring-jcl-5.1.3.RELEASE.jar:/home/user/.m2/repository/org/springframework/spring-tx/5.1.3.RELEASE/spring-tx-5.1.3.RELEASE.jar:/home/user/.m2/repository/org/apache/hadoop/hadoop-ozone-client/0.5.0-SNAPSHOT/hadoop-ozone-client-0.5.0-SNAPSHOT.jar:/home/user/.m2/repository/commons-lang/commons-lang/2.6/commons-lang-2.6.jar:/home/user/.m2/repository/org/apache/hadoop/hadoop-ozone-ozone-manager/0.5.0-SNAPSHOT/hadoop-ozone-ozone-manager-0.5.0-SNAPSHOT-tests.jar:/home/user/.m2/repository/junit/junit/4.11/junit-4.11.jar:/home/user/.m2/repository/org/hamcrest/hamcrest-core/1.3/hamcrest-core-1.3.jar:/home/user/.m2/repository/org/openjdk/jmh/jmh-core/1.19/jmh-core-1.19.jar:/home/user/.m2/repository/net/sf/jopt-simple/jopt-simple/4.6/jopt-simple-4.6.jar:/home/user/.m2/repository/org/apache/commons/commons-math3/3.1.1/commons-math3-3.1.1.jar:/home/user/.m2/repository/org/openjdk/jmh/jmh-generator-annprocess/1.19/jmh-generator-annprocess-1.19.jar:/home/user/.m2/repository/org/mockito/mockito-all/1.8.5/mockito-all-1.8.5.jar:/home/user/.m2/repository/org/apache/hadoop/hadoop-kms/3.2.0/hadoop-kms-3.2.0.jar:/home/user/.m2/repository/org/apache/hadoop/hadoop-auth/3.2.0/hadoop-auth-3.2.0.jar:/home/user/.m2/repository/com/nimbusds/nimbus-jose-jwt/4.41.1/nimbus-jose-jwt-4.41.1.jar:/home/user/.m2/repository/com/github/stephenc/jcip/jcip-annotations/1.0-1/jcip-annotations-1.0-1.jar:/home/user/.m2/repository/net/minidev/json-smart/2.3/json-smart-2.3.jar:/home/user/.m2/repository/net/minidev/accessors-smart/1.2/accessors-smart-1.2.jar:/home/user/.m2/repository/org/ow2/asm/asm/5.0.4/asm-5.0.4.jar:/home/user/.m2/repository/org/apache/curator/curator-framework/2.12.0/curator-framework-2.12.0.jar:/home/user/.m2/repository/com/sun/jersey/jersey-core/1.19/jersey-core-1.19.jar:/home/user/.m2/repository/javax/ws/rs/jsr311-api/1.1.1/jsr311-api-1.1.1.jar:/home/user/.m2/repository/com/sun/jersey/jersey-server/1.19/jersey-server-1.19.jar:/home/user/.m2/repository/javax/servlet/javax.servlet-api/3.1.0/javax.servlet-api-3.1.0.jar:/home/user/.m2/repository/org/eclipse/jetty/jetty-server/9.3.25.v20180904/jetty-server-9.3.25.v20180904.jar:/home/user/.m2/repository/org/eclipse/jetty/jetty-http/9.3.25.v20180904/jetty-http-9.3.25.v20180904.jar:/home/user/.m2/repository/org/eclipse/jetty/jetty-io/9.3.25.v20180904/jetty-io-9.3.25.v20180904.jar:/home/user/.m2/repository/org/eclipse/jetty/jetty-webapp/9.3.25.v20180904/jetty-webapp-9.3.25.v20180904.jar:/home/user/.m2/repository/org/eclipse/jetty/jetty-xml/9.3.25.v20180904/jetty-xml-9.3.25.v20180904.jar:/home/user/.m2/repository/log4j/log4j/1.2.17/log4j-1.2.17.jar:/home/user/.m2/repository/org/slf4j/slf4j-api/1.7.25/slf4j-api-1.7.25.jar:/home/user/.m2/repository/org/slf4j/jul-to-slf4j/1.7.25/jul-to-slf4j-1.7.25.jar:/home/user/.m2/repository/org/eclipse/jetty/jetty-util/9.3.25.v20180904/jetty-util-9.3.25.v20180904.jar:/home/user/.m2/repository/com/fasterxml/jackson/core/jackson-databind/2.9.9/jackson-databind-2.9.9.jar:/home/user/.m2/repository/org/apache/hadoop/hadoop-kms/3.2.0/hadoop-kms-3.2.0-tests.jar:/home/user/.m2/repository/org/apache/hadoop/hadoop-hdds-server-scm/0.5.0-SNAPSHOT/hadoop-hdds-server-scm-0.5.0-SNAPSHOT-tests.jar:/home/user/.m2/repository/org/apache/hadoop/hadoop-hdds-container-service/0.5.0-SNAPSHOT/hadoop-hdds-container-service-0.5.0-SNAPSHOT-tests.jar:/home/user/.m2/repository/org/yaml/snakeyaml/1.16/snakeyaml-1.16.jar:/home/user/.m2/repository/org/apache/hadoop/hadoop-common/3.2.0/hadoop-common-3.2.0-tests.jar:/home/user/.m2/repository/org/apache/hadoop/hadoop-annotations/3.2.0/hadoop-annotations-3.2.0.jar:/usr/lib/jvm/java-1.8.0-openjdk-1.8.0.222.b10-1.el7_7.x86_64/jre/../lib/tools.jar:/home/user/.m2/repository/commons-cli/commons-cli/1.2/commons-cli-1.2.jar:/home/user/.m2/repository/org/apache/httpcomponents/httpclient/4.5.2/httpclient-4.5.2.jar:/home/user/.m2/repository/org/apache/httpcomponents/httpcore/4.4.4/httpcore-4.4.4.jar:/home/user/.m2/repository/commons-codec/commons-codec/1.11/commons-codec-1.11.jar:/home/user/.m2/repository/commons-net/commons-net/3.6/commons-net-3.6.jar:/home/user/.m2/repository/commons-collections/commons-collections/3.2.2/commons-collections-3.2.2.jar:/home/user/.m2/repository/org/eclipse/jetty/jetty-servlet/9.3.25.v20180904/jetty-servlet-9.3.25.v20180904.jar:/home/user/.m2/repository/org/eclipse/jetty/jetty-security/9.3.25.v20180904/jetty-security-9.3.25.v20180904.jar:/home/user/.m2/repository/javax/servlet/jsp/jsp-api/2.1/jsp-api-2.1.jar:/home/user/.m2/repository/com/sun/jersey/jersey-servlet/1.19/jersey-servlet-1.19.jar:/home/user/.m2/repository/com/sun/jersey/jersey-json/1.19/jersey-json-1.19.jar:/home/user/.m2/repository/org/codehaus/jettison/jettison/1.1/jettison-1.1.jar:/home/user/.m2/repository/org/codehaus/jackson/jackson-core-asl/1.9.13/jackson-core-asl-1.9.13.jar:/home/user/.m2/repository/org/codehaus/jackson/jackson-mapper-asl/1.9.13/jackson-mapper-asl-1.9.13.jar:/home/user/.m2/repository/org/codehaus/jackson/jackson-jaxrs/1.9.13/jackson-jaxrs-1.9.13.jar:/home/user/.m2/repository/org/codehaus/jackson/jackson-xc/1.9.13/jackson-xc-1.9.13.jar:/home/user/.m2/repository/commons-logging/commons-logging/1.1.3/commons-logging-1.1.3.jar:/home/user/.m2/repository/commons-beanutils/commons-beanutils/1.9.4/commons-beanutils-1.9.4.jar:/home/user/.m2/repository/org/apache/commons/commons-configuration2/2.1.1/commons-configuration2-2.1.1.jar:/home/user/.m2/repository/org/apache/commons/commons-lang3/3.7/commons-lang3-3.7.jar:/home/user/.m2/repository/org/apache/commons/commons-text/1.4/commons-text-1.4.jar:/home/user/.m2/repository/org/apache/avro/avro/1.7.7/avro-1.7.7.jar:/home/user/.m2/repository/com/thoughtworks/paranamer/paranamer/2.3/paranamer-2.3.jar:/home/user/.m2/repository/org/xerial/snappy/snappy-java/1.0.5/snappy-java-1.0.5.jar:/home/user/.m2/repository/com/google/re2j/re2j/1.1/re2j-1.1.jar:/home/user/.m2/repository/com/google/code/gson/gson/2.2.4/gson-2.2.4.jar:/home/user/.m2/repository/com/jcraft/jsch/0.1.54/jsch-0.1.54.jar:/home/user/.m2/repository/org/apache/curator/curator-client/2.12.0/curator-client-2.12.0.jar:/home/user/.m2/repository/org/apache/curator/curator-recipes/2.12.0/curator-recipes-2.12.0.jar:/home/user/.m2/repository/com/google/code/findbugs/jsr305/3.0.0/jsr305-3.0.0.jar:/home/user/.m2/repository/org/apache/htrace/htrace-core4/4.1.0-incubating/htrace-core4-4.1.0-incubating.jar:/home/user/.m2/repository/org/apache/zookeeper/zookeeper/3.4.13/zookeeper-3.4.13.jar:/home/user/.m2/repository/jline/jline/0.9.94/jline-0.9.94.jar:/home/user/.m2/repository/org/apache/yetus/audience-annotations/0.5.0/audience-annotations-0.5.0.jar:/home/user/.m2/repository/org/codehaus/woodstox/stax2-api/3.1.4/stax2-api-3.1.4.jar:/home/user/.m2/repository/com/fasterxml/woodstox/woodstox-core/5.0.3/woodstox-core-5.0.3.jar:/home/user/.m2/repository/dnsjava/dnsjava/2.1.7/dnsjava-2.1.7.jar:/home/user/.m2/repository/org/apache/hadoop/hadoop-hdfs/3.2.0/hadoop-hdfs-3.2.0-tests.jar:/home/user/.m2/repository/org/eclipse/jetty/jetty-util-ajax/9.3.25.v20180904/jetty-util-ajax-9.3.25.v20180904.jar:/home/user/.m2/repository/commons-daemon/commons-daemon/1.0.13/commons-daemon-1.0.13.jar:/home/user/.m2/repository/io/netty/netty/3.10.5.Final/netty-3.10.5.Final.jar:/home/user/.m2/repository/io/netty/netty-all/4.0.52.Final/netty-all-4.0.52.Final.jar:/home/user/.m2/repository/org/fusesource/leveldbjni/leveldbjni-all/1.8/leveldbjni-all-1.8.jar:"/>
    <property name="java.vm.vendor" value="Oracle Corporation"/>
    <property name="sun.arch.data.model" value="64"/>
    <property name="test.build.dir" value="/workdir/hadoop-ozone/integration-test/target/test-dir"/>
    <property name="test.cache.data" value=""/>
    <property name="java.vendor.url" value="http://java.oracle.com/"/>
    <property name="user.timezone" value=""/>
    <property name="java.vm.specification.version" value="1.8"/>
    <property name="os.name" value="Linux"/>
    <property name="test.build.data" value="/workdir/hadoop-ozone/integration-test/target/test-dir"/>
    <property name="user.country" value="US"/>
    <property name="sun.java.launcher" value="SUN_STANDARD"/>
    <property name="sun.boot.library.path" value="/usr/lib/jvm/java-1.8.0-openjdk-1.8.0.222.b10-1.el7_7.x86_64/jre/lib/amd64"/>
    <property name="sun.java.command" value="/workdir/hadoop-ozone/integration-test/target/surefire/surefirebooter881595152711314355.jar /workdir/hadoop-ozone/integration-test/target/surefire 2019-10-23T11-46-49_845-jvmRun1 surefire718934267584177308tmp surefire_216208507589349356509tmp"/>
    <property name="surefire.test.class.path" value="/workdir/hadoop-ozone/integration-test/target/test-classes:/workdir/hadoop-ozone/integration-test/target/classes:/home/user/.m2/repository/org/apache/hadoop/hadoop-ozone-common/0.5.0-SNAPSHOT/hadoop-ozone-common-0.5.0-SNAPSHOT.jar:/home/user/.m2/repository/org/apache/commons/commons-compress/1.4.1/commons-compress-1.4.1.jar:/home/user/.m2/repository/org/tukaani/xz/1.0/xz-1.0.jar:/home/user/.m2/repository/org/apache/hadoop/hadoop-common/3.2.0/hadoop-common-3.2.0.jar:/home/user/.m2/repository/org/apache/hadoop/hadoop-hdfs/3.2.0/hadoop-hdfs-3.2.0.jar:/home/user/.m2/repository/org/apache/hadoop/hadoop-hdfs-client/3.2.0/hadoop-hdfs-client-3.2.0.jar:/home/user/.m2/repository/com/fasterxml/jackson/core/jackson-annotations/2.9.9/jackson-annotations-2.9.9.jar:/home/user/.m2/repository/org/apache/hadoop/hadoop-hdds-common/0.5.0-SNAPSHOT/hadoop-hdds-common-0.5.0-SNAPSHOT.jar:/home/user/.m2/repository/javax/annotation/javax.annotation-api/1.2/javax.annotation-api-1.2.jar:/home/user/.m2/repository/org/apache/ratis/ratis-server/0.5.0-3f446aa-SNAPSHOT/ratis-server-0.5.0-3f446aa-SNAPSHOT.jar:/home/user/.m2/repository/org/apache/ratis/ratis-thirdparty-misc/0.2.0/ratis-thirdparty-misc-0.2.0.jar:/home/user/.m2/repository/org/apache/ratis/ratis-proto/0.5.0-3f446aa-SNAPSHOT/ratis-proto-0.5.0-3f446aa-SNAPSHOT.jar:/home/user/.m2/repository/org/apache/ratis/ratis-common/0.5.0-3f446aa-SNAPSHOT/ratis-common-0.5.0-3f446aa-SNAPSHOT.jar:/home/user/.m2/repository/org/apache/ratis/ratis-client/0.5.0-3f446aa-SNAPSHOT/ratis-client-0.5.0-3f446aa-SNAPSHOT.jar:/home/user/.m2/repository/org/apache/ratis/ratis-metrics/0.5.0-3f446aa-SNAPSHOT/ratis-metrics-0.5.0-3f446aa-SNAPSHOT.jar:/home/user/.m2/repository/com/github/joshelser/dropwizard-metrics-hadoop-metrics2-reporter/0.1.2/dropwizard-metrics-hadoop-metrics2-reporter-0.1.2.jar:/home/user/.m2/repository/io/dropwizard/metrics/metrics-jvm/3.2.5/metrics-jvm-3.2.5.jar:/home/user/.m2/repository/io/dropwizard/metrics/metrics-ganglia/3.2.5/metrics-ganglia-3.2.5.jar:/home/user/.m2/repository/info/ganglia/gmetric4j/gmetric4j/1.0.7/gmetric4j-1.0.7.jar:/home/user/.m2/repository/org/apache/ratis/ratis-netty/0.5.0-3f446aa-SNAPSHOT/ratis-netty-0.5.0-3f446aa-SNAPSHOT.jar:/home/user/.m2/repository/org/apache/ratis/ratis-grpc/0.5.0-3f446aa-SNAPSHOT/ratis-grpc-0.5.0-3f446aa-SNAPSHOT.jar:/home/user/.m2/repository/org/rocksdb/rocksdbjni/6.0.1/rocksdbjni-6.0.1.jar:/home/user/.m2/repository/org/apache/logging/log4j/log4j-api/2.11.0/log4j-api-2.11.0.jar:/home/user/.m2/repository/org/apache/logging/log4j/log4j-core/2.11.0/log4j-core-2.11.0.jar:/home/user/.m2/repository/com/lmax/disruptor/3.4.2/disruptor-3.4.2.jar:/home/user/.m2/repository/org/apache/commons/commons-pool2/2.6.0/commons-pool2-2.6.0.jar:/home/user/.m2/repository/org/bouncycastle/bcpkix-jdk15on/1.60/bcpkix-jdk15on-1.60.jar:/home/user/.m2/repository/commons-validator/commons-validator/1.6/commons-validator-1.6.jar:/home/user/.m2/repository/commons-digester/commons-digester/1.8.1/commons-digester-1.8.1.jar:/home/user/.m2/repository/io/jaegertracing/jaeger-client/0.34.0/jaeger-client-0.34.0.jar:/home/user/.m2/repository/io/jaegertracing/jaeger-thrift/0.34.0/jaeger-thrift-0.34.0.jar:/home/user/.m2/repository/org/apache/thrift/libthrift/0.12.0/libthrift-0.12.0.jar:/home/user/.m2/repository/com/squareup/okhttp3/okhttp/3.9.0/okhttp-3.9.0.jar:/home/user/.m2/repository/com/squareup/okio/okio/1.13.0/okio-1.13.0.jar:/home/user/.m2/repository/io/jaegertracing/jaeger-core/0.34.0/jaeger-core-0.34.0.jar:/home/user/.m2/repository/io/jaegertracing/jaeger-tracerresolver/0.34.0/jaeger-tracerresolver-0.34.0.jar:/home/user/.m2/repository/io/opentracing/contrib/opentracing-tracerresolver/0.1.5/opentracing-tracerresolver-0.1.5.jar:/home/user/.m2/repository/io/opentracing/opentracing-util/0.31.0/opentracing-util-0.31.0.jar:/home/user/.m2/repository/io/opentracing/opentracing-api/0.31.0/opentracing-api-0.31.0.jar:/home/user/.m2/repository/io/opentracing/opentracing-noop/0.31.0/opentracing-noop-0.31.0.jar:/home/user/.m2/repository/org/apache/hadoop/hadoop-hdds-server-framework/0.5.0-SNAPSHOT/hadoop-hdds-server-framework-0.5.0-SNAPSHOT.jar:/home/user/.m2/repository/org/apache/hadoop/hadoop-hdds-container-service/0.5.0-SNAPSHOT/hadoop-hdds-container-service-0.5.0-SNAPSHOT.jar:/home/user/.m2/repository/org/apache/hadoop/hadoop-hdds-client/0.5.0-SNAPSHOT/hadoop-hdds-client-0.5.0-SNAPSHOT.jar:/home/user/.m2/repository/org/apache/hadoop/hadoop-hdds-tools/0.5.0-SNAPSHOT/hadoop-hdds-tools-0.5.0-SNAPSHOT.jar:/home/user/.m2/repository/org/apache/hadoop/hadoop-hdds-server-scm/0.5.0-SNAPSHOT/hadoop-hdds-server-scm-0.5.0-SNAPSHOT.jar:/home/user/.m2/repository/org/apache/hadoop/hadoop-hdds-docs/0.5.0-SNAPSHOT/hadoop-hdds-docs-0.5.0-SNAPSHOT.jar:/home/user/.m2/repository/io/dropwizard/metrics/metrics-core/3.2.4/metrics-core-3.2.4.jar:/home/user/.m2/repository/org/hamcrest/hamcrest-all/1.3/hamcrest-all-1.3.jar:/home/user/.m2/repository/org/bouncycastle/bcprov-jdk15on/1.60/bcprov-jdk15on-1.60.jar:/home/user/.m2/repository/info/picocli/picocli/3.9.6/picocli-3.9.6.jar:/home/user/.m2/repository/com/google/protobuf/protobuf-java/2.5.0/protobuf-java-2.5.0.jar:/home/user/.m2/repository/com/google/guava/guava/11.0.2/guava-11.0.2.jar:/home/user/.m2/repository/org/apache/hadoop/hadoop-ozone-ozone-manager/0.5.0-SNAPSHOT/hadoop-ozone-ozone-manager-0.5.0-SNAPSHOT.jar:/home/user/.m2/repository/org/apache/hadoop/hadoop-minikdc/3.2.0/hadoop-minikdc-3.2.0.jar:/home/user/.m2/repository/commons-io/commons-io/2.5/commons-io-2.5.jar:/home/user/.m2/repository/org/apache/kerby/kerb-simplekdc/1.0.1/kerb-simplekdc-1.0.1.jar:/home/user/.m2/repository/org/apache/kerby/kerb-client/1.0.1/kerb-client-1.0.1.jar:/home/user/.m2/repository/org/apache/kerby/kerby-config/1.0.1/kerby-config-1.0.1.jar:/home/user/.m2/repository/org/apache/kerby/kerb-core/1.0.1/kerb-core-1.0.1.jar:/home/user/.m2/repository/org/apache/kerby/kerby-pkix/1.0.1/kerby-pkix-1.0.1.jar:/home/user/.m2/repository/org/apache/kerby/kerby-asn1/1.0.1/kerby-asn1-1.0.1.jar:/home/user/.m2/repository/org/apache/kerby/kerby-util/1.0.1/kerby-util-1.0.1.jar:/home/user/.m2/repository/org/apache/kerby/kerb-common/1.0.1/kerb-common-1.0.1.jar:/home/user/.m2/repository/org/apache/kerby/kerb-crypto/1.0.1/kerb-crypto-1.0.1.jar:/home/user/.m2/repository/org/apache/kerby/kerb-util/1.0.1/kerb-util-1.0.1.jar:/home/user/.m2/repository/org/apache/kerby/token-provider/1.0.1/token-provider-1.0.1.jar:/home/user/.m2/repository/org/apache/kerby/kerb-admin/1.0.1/kerb-admin-1.0.1.jar:/home/user/.m2/repository/org/apache/kerby/kerb-server/1.0.1/kerb-server-1.0.1.jar:/home/user/.m2/repository/org/apache/kerby/kerb-identity/1.0.1/kerb-identity-1.0.1.jar:/home/user/.m2/repository/org/apache/kerby/kerby-xdr/1.0.1/kerby-xdr-1.0.1.jar:/home/user/.m2/repository/org/slf4j/slf4j-log4j12/1.7.25/slf4j-log4j12-1.7.25.jar:/home/user/.m2/repository/org/apache/hadoop/hadoop-ozone-s3gateway/0.5.0-SNAPSHOT/hadoop-ozone-s3gateway-0.5.0-SNAPSHOT.jar:/home/user/.m2/repository/org/jboss/weld/servlet/weld-servlet/2.4.7.Final/weld-servlet-2.4.7.Final.jar:/home/user/.m2/repository/org/glassfish/jersey/containers/jersey-container-servlet-core/2.27/jersey-container-servlet-core-2.27.jar:/home/user/.m2/repository/org/glassfish/hk2/external/javax.inject/2.5.0-b42/javax.inject-2.5.0-b42.jar:/home/user/.m2/repository/org/glassfish/jersey/core/jersey-common/2.27/jersey-common-2.27.jar:/home/user/.m2/repository/org/glassfish/hk2/osgi-resource-locator/1.0.1/osgi-resource-locator-1.0.1.jar:/home/user/.m2/repository/javax/ws/rs/javax.ws.rs-api/2.1/javax.ws.rs-api-2.1.jar:/home/user/.m2/repository/org/glassfish/jersey/ext/cdi/jersey-cdi1x/2.27/jersey-cdi1x-2.27.jar:/home/user/.m2/repository/org/glassfish/jersey/inject/jersey-hk2/2.27/jersey-hk2-2.27.jar:/home/user/.m2/repository/org/glassfish/hk2/hk2-locator/2.5.0-b42/hk2-locator-2.5.0-b42.jar:/home/user/.m2/repository/org/javassist/javassist/3.22.0-CR2/javassist-3.22.0-CR2.jar:/home/user/.m2/repository/org/glassfish/hk2/hk2-api/2.5.0/hk2-api-2.5.0.jar:/home/user/.m2/repository/org/glassfish/hk2/external/jakarta.inject/2.5.0/jakarta.inject-2.5.0.jar:/home/user/.m2/repository/org/glassfish/hk2/hk2-utils/2.5.0/hk2-utils-2.5.0.jar:/home/user/.m2/repository/jakarta/annotation/jakarta.annotation-api/1.3.4/jakarta.annotation-api-1.3.4.jar:/home/user/.m2/repository/org/glassfish/hk2/external/aopalliance-repackaged/2.5.0/aopalliance-repackaged-2.5.0.jar:/home/user/.m2/repository/com/fasterxml/jackson/dataformat/jackson-dataformat-xml/2.9.0/jackson-dataformat-xml-2.9.0.jar:/home/user/.m2/repository/com/fasterxml/jackson/core/jackson-core/2.9.9/jackson-core-2.9.9.jar:/home/user/.m2/repository/com/fasterxml/jackson/module/jackson-module-jaxb-annotations/2.9.9/jackson-module-jaxb-annotations-2.9.9.jar:/home/user/.m2/repository/javax/enterprise/cdi-api/1.2/cdi-api-1.2.jar:/home/user/.m2/repository/javax/el/javax.el-api/3.0.0/javax.el-api-3.0.0.jar:/home/user/.m2/repository/javax/interceptor/javax.interceptor-api/1.2/javax.interceptor-api-1.2.jar:/home/user/.m2/repository/javax/inject/javax.inject/1/javax.inject-1.jar:/home/user/.m2/repository/com/sun/xml/bind/jaxb-impl/2.3.0.1/jaxb-impl-2.3.0.1.jar:/home/user/.m2/repository/com/sun/xml/bind/jaxb-core/2.3.0.1/jaxb-core-2.3.0.1.jar:/home/user/.m2/repository/javax/xml/bind/jaxb-api/2.3.0/jaxb-api-2.3.0.jar:/home/user/.m2/repository/javax/activation/activation/1.1.1/activation-1.1.1.jar:/home/user/.m2/repository/org/apache/hadoop/hadoop-ozone-csi/0.5.0-SNAPSHOT/hadoop-ozone-csi-0.5.0-SNAPSHOT.jar:/home/user/.m2/repository/com/google/protobuf/protobuf-java-util/3.5.1/protobuf-java-util-3.5.1.jar:/home/user/.m2/repository/org/apache/hadoop/hadoop-hdds-config/0.5.0-SNAPSHOT/hadoop-hdds-config-0.5.0-SNAPSHOT.jar:/home/user/.m2/repository/io/grpc/grpc-netty/1.17.1/grpc-netty-1.17.1.jar:/home/user/.m2/repository/io/grpc/grpc-core/1.17.1/grpc-core-1.17.1.jar:/home/user/.m2/repository/io/grpc/grpc-context/1.17.1/grpc-context-1.17.1.jar:/home/user/.m2/repository/com/google/errorprone/error_prone_annotations/2.2.0/error_prone_annotations-2.2.0.jar:/home/user/.m2/repository/org/codehaus/mojo/animal-sniffer-annotations/1.17/animal-sniffer-annotations-1.17.jar:/home/user/.m2/repository/io/opencensus/opencensus-api/0.17.0/opencensus-api-0.17.0.jar:/home/user/.m2/repository/io/opencensus/opencensus-contrib-grpc-metrics/0.17.0/opencensus-contrib-grpc-metrics-0.17.0.jar:/home/user/.m2/repository/io/netty/netty-codec-http2/4.1.30.Final/netty-codec-http2-4.1.30.Final.jar:/home/user/.m2/repository/io/netty/netty-codec-http/4.1.30.Final/netty-codec-http-4.1.30.Final.jar:/home/user/.m2/repository/io/netty/netty-codec/4.1.30.Final/netty-codec-4.1.30.Final.jar:/home/user/.m2/repository/io/netty/netty-handler/4.1.30.Final/netty-handler-4.1.30.Final.jar:/home/user/.m2/repository/io/netty/netty-handler-proxy/4.1.30.Final/netty-handler-proxy-4.1.30.Final.jar:/home/user/.m2/repository/io/netty/netty-codec-socks/4.1.30.Final/netty-codec-socks-4.1.30.Final.jar:/home/user/.m2/repository/io/netty/netty-transport-native-epoll/4.1.30.Final/netty-transport-native-epoll-4.1.30.Final.jar:/home/user/.m2/repository/io/netty/netty-common/4.1.30.Final/netty-common-4.1.30.Final.jar:/home/user/.m2/repository/io/netty/netty-buffer/4.1.30.Final/netty-buffer-4.1.30.Final.jar:/home/user/.m2/repository/io/netty/netty-transport/4.1.30.Final/netty-transport-4.1.30.Final.jar:/home/user/.m2/repository/io/netty/netty-resolver/4.1.30.Final/netty-resolver-4.1.30.Final.jar:/home/user/.m2/repository/io/netty/netty-transport-native-unix-common/4.1.30.Final/netty-transport-native-unix-common-4.1.30.Final.jar:/home/user/.m2/repository/io/grpc/grpc-protobuf/1.17.1/grpc-protobuf-1.17.1.jar:/home/user/.m2/repository/com/google/api/grpc/proto-google-common-protos/1.0.0/proto-google-common-protos-1.0.0.jar:/home/user/.m2/repository/io/grpc/grpc-protobuf-lite/1.17.1/grpc-protobuf-lite-1.17.1.jar:/home/user/.m2/repository/io/grpc/grpc-stub/1.17.1/grpc-stub-1.17.1.jar:/home/user/.m2/repository/org/apache/hadoop/hadoop-ozone-recon/0.5.0-SNAPSHOT/hadoop-ozone-recon-0.5.0-SNAPSHOT.jar:/home/user/.m2/repository/org/apache/hadoop/hadoop-ozone-reconcodegen/0.5.0-SNAPSHOT/hadoop-ozone-reconcodegen-0.5.0-SNAPSHOT.jar:/home/user/.m2/repository/com/google/inject/extensions/guice-multibindings/4.0/guice-multibindings-4.0.jar:/home/user/.m2/repository/com/google/inject/guice/4.0/guice-4.0.jar:/home/user/.m2/repository/aopalliance/aopalliance/1.0/aopalliance-1.0.jar:/home/user/.m2/repository/com/google/inject/extensions/guice-servlet/4.0/guice-servlet-4.0.jar:/home/user/.m2/repository/org/glassfish/jersey/containers/jersey-container-servlet/2.27/jersey-container-servlet-2.27.jar:/home/user/.m2/repository/org/glassfish/hk2/guice-bridge/2.5.0/guice-bridge-2.5.0.jar:/home/user/.m2/repository/org/glassfish/jersey/core/jersey-server/2.27/jersey-server-2.27.jar:/home/user/.m2/repository/org/glassfish/jersey/core/jersey-client/2.27/jersey-client-2.27.jar:/home/user/.m2/repository/org/glassfish/jersey/media/jersey-media-jaxb/2.27/jersey-media-jaxb-2.27.jar:/home/user/.m2/repository/javax/validation/validation-api/1.1.0.Final/validation-api-1.1.0.Final.jar:/home/user/.m2/repository/org/glassfish/jersey/media/jersey-media-json-jackson/2.27/jersey-media-json-jackson-2.27.jar:/home/user/.m2/repository/org/glassfish/jersey/ext/jersey-entity-filtering/2.27/jersey-entity-filtering-2.27.jar:/home/user/.m2/repository/com/google/inject/extensions/guice-assistedinject/4.0/guice-assistedinject-4.0.jar:/home/user/.m2/repository/org/jooq/jooq/3.11.10/jooq-3.11.10.jar:/home/user/.m2/repository/org/jooq/jooq-meta/3.11.10/jooq-meta-3.11.10.jar:/home/user/.m2/repository/org/jooq/jooq-codegen/3.11.10/jooq-codegen-3.11.10.jar:/home/user/.m2/repository/com/jolbox/bonecp/0.8.0.RELEASE/bonecp-0.8.0.RELEASE.jar:/home/user/.m2/repository/org/xerial/sqlite-jdbc/3.25.2/sqlite-jdbc-3.25.2.jar:/home/user/.m2/repository/org/springframework/spring-jdbc/5.1.3.RELEASE/spring-jdbc-5.1.3.RELEASE.jar:/home/user/.m2/repository/org/springframework/spring-beans/5.1.3.RELEASE/spring-beans-5.1.3.RELEASE.jar:/home/user/.m2/repository/org/springframework/spring-core/5.1.3.RELEASE/spring-core-5.1.3.RELEASE.jar:/home/user/.m2/repository/org/springframework/spring-jcl/5.1.3.RELEASE/spring-jcl-5.1.3.RELEASE.jar:/home/user/.m2/repository/org/springframework/spring-tx/5.1.3.RELEASE/spring-tx-5.1.3.RELEASE.jar:/home/user/.m2/repository/org/apache/hadoop/hadoop-ozone-client/0.5.0-SNAPSHOT/hadoop-ozone-client-0.5.0-SNAPSHOT.jar:/home/user/.m2/repository/commons-lang/commons-lang/2.6/commons-lang-2.6.jar:/home/user/.m2/repository/org/apache/hadoop/hadoop-ozone-ozone-manager/0.5.0-SNAPSHOT/hadoop-ozone-ozone-manager-0.5.0-SNAPSHOT-tests.jar:/home/user/.m2/repository/junit/junit/4.11/junit-4.11.jar:/home/user/.m2/repository/org/hamcrest/hamcrest-core/1.3/hamcrest-core-1.3.jar:/home/user/.m2/repository/org/openjdk/jmh/jmh-core/1.19/jmh-core-1.19.jar:/home/user/.m2/repository/net/sf/jopt-simple/jopt-simple/4.6/jopt-simple-4.6.jar:/home/user/.m2/repository/org/apache/commons/commons-math3/3.1.1/commons-math3-3.1.1.jar:/home/user/.m2/repository/org/openjdk/jmh/jmh-generator-annprocess/1.19/jmh-generator-annprocess-1.19.jar:/home/user/.m2/repository/org/mockito/mockito-all/1.8.5/mockito-all-1.8.5.jar:/home/user/.m2/repository/org/apache/hadoop/hadoop-kms/3.2.0/hadoop-kms-3.2.0.jar:/home/user/.m2/repository/org/apache/hadoop/hadoop-auth/3.2.0/hadoop-auth-3.2.0.jar:/home/user/.m2/repository/com/nimbusds/nimbus-jose-jwt/4.41.1/nimbus-jose-jwt-4.41.1.jar:/home/user/.m2/repository/com/github/stephenc/jcip/jcip-annotations/1.0-1/jcip-annotations-1.0-1.jar:/home/user/.m2/repository/net/minidev/json-smart/2.3/json-smart-2.3.jar:/home/user/.m2/repository/net/minidev/accessors-smart/1.2/accessors-smart-1.2.jar:/home/user/.m2/repository/org/ow2/asm/asm/5.0.4/asm-5.0.4.jar:/home/user/.m2/repository/org/apache/curator/curator-framework/2.12.0/curator-framework-2.12.0.jar:/home/user/.m2/repository/com/sun/jersey/jersey-core/1.19/jersey-core-1.19.jar:/home/user/.m2/repository/javax/ws/rs/jsr311-api/1.1.1/jsr311-api-1.1.1.jar:/home/user/.m2/repository/com/sun/jersey/jersey-server/1.19/jersey-server-1.19.jar:/home/user/.m2/repository/javax/servlet/javax.servlet-api/3.1.0/javax.servlet-api-3.1.0.jar:/home/user/.m2/repository/org/eclipse/jetty/jetty-server/9.3.25.v20180904/jetty-server-9.3.25.v20180904.jar:/home/user/.m2/repository/org/eclipse/jetty/jetty-http/9.3.25.v20180904/jetty-http-9.3.25.v20180904.jar:/home/user/.m2/repository/org/eclipse/jetty/jetty-io/9.3.25.v20180904/jetty-io-9.3.25.v20180904.jar:/home/user/.m2/repository/org/eclipse/jetty/jetty-webapp/9.3.25.v20180904/jetty-webapp-9.3.25.v20180904.jar:/home/user/.m2/repository/org/eclipse/jetty/jetty-xml/9.3.25.v20180904/jetty-xml-9.3.25.v20180904.jar:/home/user/.m2/repository/log4j/log4j/1.2.17/log4j-1.2.17.jar:/home/user/.m2/repository/org/slf4j/slf4j-api/1.7.25/slf4j-api-1.7.25.jar:/home/user/.m2/repository/org/slf4j/jul-to-slf4j/1.7.25/jul-to-slf4j-1.7.25.jar:/home/user/.m2/repository/org/eclipse/jetty/jetty-util/9.3.25.v20180904/jetty-util-9.3.25.v20180904.jar:/home/user/.m2/repository/com/fasterxml/jackson/core/jackson-databind/2.9.9/jackson-databind-2.9.9.jar:/home/user/.m2/repository/org/apache/hadoop/hadoop-kms/3.2.0/hadoop-kms-3.2.0-tests.jar:/home/user/.m2/repository/org/apache/hadoop/hadoop-hdds-server-scm/0.5.0-SNAPSHOT/hadoop-hdds-server-scm-0.5.0-SNAPSHOT-tests.jar:/home/user/.m2/repository/org/apache/hadoop/hadoop-hdds-container-service/0.5.0-SNAPSHOT/hadoop-hdds-container-service-0.5.0-SNAPSHOT-tests.jar:/home/user/.m2/repository/org/yaml/snakeyaml/1.16/snakeyaml-1.16.jar:/home/user/.m2/repository/org/apache/hadoop/hadoop-common/3.2.0/hadoop-common-3.2.0-tests.jar:/home/user/.m2/repository/org/apache/hadoop/hadoop-annotations/3.2.0/hadoop-annotations-3.2.0.jar:/usr/lib/jvm/java-1.8.0-openjdk-1.8.0.222.b10-1.el7_7.x86_64/jre/../lib/tools.jar:/home/user/.m2/repository/commons-cli/commons-cli/1.2/commons-cli-1.2.jar:/home/user/.m2/repository/org/apache/httpcomponents/httpclient/4.5.2/httpclient-4.5.2.jar:/home/user/.m2/repository/org/apache/httpcomponents/httpcore/4.4.4/httpcore-4.4.4.jar:/home/user/.m2/repository/commons-codec/commons-codec/1.11/commons-codec-1.11.jar:/home/user/.m2/repository/commons-net/commons-net/3.6/commons-net-3.6.jar:/home/user/.m2/repository/commons-collections/commons-collections/3.2.2/commons-collections-3.2.2.jar:/home/user/.m2/repository/org/eclipse/jetty/jetty-servlet/9.3.25.v20180904/jetty-servlet-9.3.25.v20180904.jar:/home/user/.m2/repository/org/eclipse/jetty/jetty-security/9.3.25.v20180904/jetty-security-9.3.25.v20180904.jar:/home/user/.m2/repository/javax/servlet/jsp/jsp-api/2.1/jsp-api-2.1.jar:/home/user/.m2/repository/com/sun/jersey/jersey-servlet/1.19/jersey-servlet-1.19.jar:/home/user/.m2/repository/com/sun/jersey/jersey-json/1.19/jersey-json-1.19.jar:/home/user/.m2/repository/org/codehaus/jettison/jettison/1.1/jettison-1.1.jar:/home/user/.m2/repository/org/codehaus/jackson/jackson-core-asl/1.9.13/jackson-core-asl-1.9.13.jar:/home/user/.m2/repository/org/codehaus/jackson/jackson-mapper-asl/1.9.13/jackson-mapper-asl-1.9.13.jar:/home/user/.m2/repository/org/codehaus/jackson/jackson-jaxrs/1.9.13/jackson-jaxrs-1.9.13.jar:/home/user/.m2/repository/org/codehaus/jackson/jackson-xc/1.9.13/jackson-xc-1.9.13.jar:/home/user/.m2/repository/commons-logging/commons-logging/1.1.3/commons-logging-1.1.3.jar:/home/user/.m2/repository/commons-beanutils/commons-beanutils/1.9.4/commons-beanutils-1.9.4.jar:/home/user/.m2/repository/org/apache/commons/commons-configuration2/2.1.1/commons-configuration2-2.1.1.jar:/home/user/.m2/repository/org/apache/commons/commons-lang3/3.7/commons-lang3-3.7.jar:/home/user/.m2/repository/org/apache/commons/commons-text/1.4/commons-text-1.4.jar:/home/user/.m2/repository/org/apache/avro/avro/1.7.7/avro-1.7.7.jar:/home/user/.m2/repository/com/thoughtworks/paranamer/paranamer/2.3/paranamer-2.3.jar:/home/user/.m2/repository/org/xerial/snappy/snappy-java/1.0.5/snappy-java-1.0.5.jar:/home/user/.m2/repository/com/google/re2j/re2j/1.1/re2j-1.1.jar:/home/user/.m2/repository/com/google/code/gson/gson/2.2.4/gson-2.2.4.jar:/home/user/.m2/repository/com/jcraft/jsch/0.1.54/jsch-0.1.54.jar:/home/user/.m2/repository/org/apache/curator/curator-client/2.12.0/curator-client-2.12.0.jar:/home/user/.m2/repository/org/apache/curator/curator-recipes/2.12.0/curator-recipes-2.12.0.jar:/home/user/.m2/repository/com/google/code/findbugs/jsr305/3.0.0/jsr305-3.0.0.jar:/home/user/.m2/repository/org/apache/htrace/htrace-core4/4.1.0-incubating/htrace-core4-4.1.0-incubating.jar:/home/user/.m2/repository/org/apache/zookeeper/zookeeper/3.4.13/zookeeper-3.4.13.jar:/home/user/.m2/repository/jline/jline/0.9.94/jline-0.9.94.jar:/home/user/.m2/repository/org/apache/yetus/audience-annotations/0.5.0/audience-annotations-0.5.0.jar:/home/user/.m2/repository/org/codehaus/woodstox/stax2-api/3.1.4/stax2-api-3.1.4.jar:/home/user/.m2/repository/com/fasterxml/woodstox/woodstox-core/5.0.3/woodstox-core-5.0.3.jar:/home/user/.m2/repository/dnsjava/dnsjava/2.1.7/dnsjava-2.1.7.jar:/home/user/.m2/repository/org/apache/hadoop/hadoop-hdfs/3.2.0/hadoop-hdfs-3.2.0-tests.jar:/home/user/.m2/repository/org/eclipse/jetty/jetty-util-ajax/9.3.25.v20180904/jetty-util-ajax-9.3.25.v20180904.jar:/home/user/.m2/repository/commons-daemon/commons-daemon/1.0.13/commons-daemon-1.0.13.jar:/home/user/.m2/repository/io/netty/netty/3.10.5.Final/netty-3.10.5.Final.jar:/home/user/.m2/repository/io/netty/netty-all/4.0.52.Final/netty-all-4.0.52.Final.jar:/home/user/.m2/repository/org/fusesource/leveldbjni/leveldbjni-all/1.8/leveldbjni-all-1.8.jar:"/>
    <property name="sun.cpu.endian" value="little"/>
    <property name="user.home" value="/home/user"/>
    <property name="user.language" value="en"/>
    <property name="java.specification.vendor" value="Oracle Corporation"/>
    <property name="java.home" value="/usr/lib/jvm/java-1.8.0-openjdk-1.8.0.222.b10-1.el7_7.x86_64/jre"/>
    <property name="surefire.excludesFile" value="/tools/ozone-bad-unit-tests"/>
    <property name="java.security.krb5.conf" value="/workdir/hadoop-ozone/integration-test/target/test-classes/krb5.conf"/>
    <property name="basedir" value="/workdir/hadoop-ozone/integration-test"/>
    <property name="file.separator" value="/"/>
    <property name="line.separator" value="&#10;"/>
    <property name="java.vm.specification.vendor" value="Oracle Corporation"/>
    <property name="java.specification.name" value="Java Platform API Specification"/>
    <property name="java.awt.graphicsenv" value="sun.awt.X11GraphicsEnvironment"/>
    <property name="surefire.real.class.path" value="/workdir/hadoop-ozone/integration-test/target/surefire/surefirebooter881595152711314355.jar"/>
    <property name="hadoop.log.dir" value="/workdir/hadoop-ozone/integration-test/target/log"/>
    <property name="sun.boot.class.path" value="/usr/lib/jvm/java-1.8.0-openjdk-1.8.0.222.b10-1.el7_7.x86_64/jre/lib/resources.jar:/usr/lib/jvm/java-1.8.0-openjdk-1.8.0.222.b10-1.el7_7.x86_64/jre/lib/rt.jar:/usr/lib/jvm/java-1.8.0-openjdk-1.8.0.222.b10-1.el7_7.x86_64/jre/lib/sunrsasign.jar:/usr/lib/jvm/java-1.8.0-openjdk-1.8.0.222.b10-1.el7_7.x86_64/jre/lib/jsse.jar:/usr/lib/jvm/java-1.8.0-openjdk-1.8.0.222.b10-1.el7_7.x86_64/jre/lib/jce.jar:/usr/lib/jvm/java-1.8.0-openjdk-1.8.0.222.b10-1.el7_7.x86_64/jre/lib/charsets.jar:/usr/lib/jvm/java-1.8.0-openjdk-1.8.0.222.b10-1.el7_7.x86_64/jre/lib/jfr.jar:/usr/lib/jvm/java-1.8.0-openjdk-1.8.0.222.b10-1.el7_7.x86_64/jre/classes"/>
    <property name="sun.management.compiler" value="HotSpot 64-Bit Tiered Compilers"/>
    <property name="java.runtime.version" value="1.8.0_222-b10"/>
    <property name="java.net.preferIPv4Stack" value="true"/>
    <property name="user.name" value="jenkins1000"/>
    <property name="path.separator" value=":"/>
    <property name="java.security.egd" value="file:///dev/urandom"/>
    <property name="os.version" value="3.10.0-957.12.2.el7.x86_64"/>
    <property name="java.endorsed.dirs" value="/usr/lib/jvm/java-1.8.0-openjdk-1.8.0.222.b10-1.el7_7.x86_64/jre/lib/endorsed"/>
    <property name="java.runtime.name" value="OpenJDK Runtime Environment"/>
    <property name="file.encoding" value="ANSI_X3.4-1968"/>
    <property name="java.vm.name" value="OpenJDK 64-Bit Server VM"/>
    <property name="test.build.webapps" value=""/>
    <property name="localRepository" value="/home/user/.m2/repository"/>
    <property name="java.vendor.url.bug" value="http://bugreport.sun.com/bugreport/"/>
    <property name="java.io.tmpdir" value="/tmp"/>
    <property name="require.test.libhadoop" value=""/>
    <property name="java.version" value="1.8.0_222"/>
    <property name="user.dir" value="/workdir/hadoop-ozone/integration-test"/>
    <property name="os.arch" value="amd64"/>
    <property name="java.vm.specification.name" value="Java Virtual Machine Specification"/>
    <property name="test.build.classes" value="/workdir/hadoop-ozone/integration-test/target/test-classes"/>
    <property name="java.awt.printerjob" value="sun.print.PSPrinterJob"/>
    <property name="sun.os.patch.level" value="unknown"/>
    <property name="hadoop.tmp.dir" value="/workdir/hadoop-ozone/integration-test/target/tmp"/>
    <property name="java.library.path" value="/usr/lib:/workdir/hadoop-ozone/integration-test/target/native/target/usr/local/lib:/workdir/hadoop-ozone/integration-test/../../hadoop-common-project/hadoop-common/target/native/target/usr/local/lib:/usr/java/packages/lib/amd64:/usr/lib64:/lib64:/lib:/usr/lib"/>
    <property name="java.vm.info" value="mixed mode"/>
    <property name="java.vendor" value="Oracle Corporation"/>
    <property name="java.vm.version" value="25.222-b10"/>
    <property name="java.ext.dirs" value="/usr/lib/jvm/java-1.8.0-openjdk-1.8.0.222.b10-1.el7_7.x86_64/jre/lib/ext:/usr/java/packages/lib/ext"/>
    <property name="sun.io.unicode.encoding" value="UnicodeLittle"/>
    <property name="java.class.version" value="52.0"/>
  </properties>
  <testcase name="testMultiBlockWritesWithIntermittentDnFailures" classname="org.apache.hadoop.ozone.client.rpc.TestMultiBlockWritesWithDnFailures" time="48.281">
    <failure message="expected:&lt;6&gt; but was:&lt;5&gt;" type="java.lang.AssertionError"><![CDATA[java.lang.AssertionError: expected:<6> but was:<5>
	at org.junit.Assert.fail(Assert.java:88)
	at org.junit.Assert.failNotEquals(Assert.java:743)
	at org.junit.Assert.assertEquals(Assert.java:118)
	at org.junit.Assert.assertEquals(Assert.java:555)
	at org.junit.Assert.assertEquals(Assert.java:542)
	at org.apache.hadoop.ozone.client.rpc.TestMultiBlockWritesWithDnFailures.testMultiBlockWritesWithIntermittentDnFailures(TestMultiBlockWritesWithDnFailures.java:176)
	at sun.reflect.NativeMethodAccessorImpl.invoke0(Native Method)
	at sun.reflect.NativeMethodAccessorImpl.invoke(NativeMethodAccessorImpl.java:62)
	at sun.reflect.DelegatingMethodAccessorImpl.invoke(DelegatingMethodAccessorImpl.java:43)
	at java.lang.reflect.Method.invoke(Method.java:498)
	at org.junit.runners.model.FrameworkMethod$1.runReflectiveCall(FrameworkMethod.java:47)
	at org.junit.internal.runners.model.ReflectiveCallable.run(ReflectiveCallable.java:12)
	at org.junit.runners.model.FrameworkMethod.invokeExplosively(FrameworkMethod.java:44)
	at org.junit.internal.runners.statements.InvokeMethod.evaluate(InvokeMethod.java:17)
	at org.junit.internal.runners.statements.RunAfters.evaluate(RunAfters.java:27)
	at org.junit.runners.ParentRunner.runLeaf(ParentRunner.java:271)
	at org.junit.runners.BlockJUnit4ClassRunner.runChild(BlockJUnit4ClassRunner.java:70)
	at org.junit.runners.BlockJUnit4ClassRunner.runChild(BlockJUnit4ClassRunner.java:50)
	at org.junit.runners.ParentRunner$3.run(ParentRunner.java:238)
	at org.junit.runners.ParentRunner$1.schedule(ParentRunner.java:63)
	at org.junit.runners.ParentRunner.runChildren(ParentRunner.java:236)
	at org.junit.runners.ParentRunner.access$000(ParentRunner.java:53)
	at org.junit.runners.ParentRunner$2.evaluate(ParentRunner.java:229)
	at org.junit.runners.ParentRunner.run(ParentRunner.java:309)
	at org.apache.maven.surefire.junit4.JUnit4Provider.execute(JUnit4Provider.java:365)
	at org.apache.maven.surefire.junit4.JUnit4Provider.executeWithRerun(JUnit4Provider.java:273)
	at org.apache.maven.surefire.junit4.JUnit4Provider.executeTestSet(JUnit4Provider.java:238)
	at org.apache.maven.surefire.junit4.JUnit4Provider.invoke(JUnit4Provider.java:159)
	at org.apache.maven.surefire.booter.ForkedBooter.invokeProviderInSameClassLoader(ForkedBooter.java:384)
	at org.apache.maven.surefire.booter.ForkedBooter.runSuitesInProcess(ForkedBooter.java:345)
	at org.apache.maven.surefire.booter.ForkedBooter.execute(ForkedBooter.java:126)
	at org.apache.maven.surefire.booter.ForkedBooter.main(ForkedBooter.java:418)
]]></failure>
    <system-out><![CDATA[2019-10-23 12:13:06,483 [main] WARN  server.ServerUtils (ServerUtils.java:getScmDbDir(145)) - ozone.scm.db.dirs is not configured. We recommend adding this setting. Falling back to ozone.metadata.dirs instead.
2019-10-23 12:13:06,579 [main] WARN  server.ServerUtils (ServerUtils.java:getScmDbDir(145)) - ozone.scm.db.dirs is not configured. We recommend adding this setting. Falling back to ozone.metadata.dirs instead.
2019-10-23 12:13:06,582 [main] WARN  server.ServerUtils (ServerUtils.java:getScmDbDir(145)) - ozone.scm.db.dirs is not configured. We recommend adding this setting. Falling back to ozone.metadata.dirs instead.
2019-10-23 12:13:06,607 [main] INFO  util.log (Log.java:initialized(192)) - Logging initialized @972ms
2019-10-23 12:13:06,723 [main] INFO  db.DBStoreBuilder (DBStoreBuilder.java:addTable(117)) - using custom profile for table: deletedBlocks
2019-10-23 12:13:06,724 [main] INFO  db.DBStoreBuilder (DBStoreBuilder.java:processTables(168)) - Using default column profile:DBProfile.DISK for Table:deletedBlocks
2019-10-23 12:13:06,724 [main] INFO  db.DBStoreBuilder (DBStoreBuilder.java:addTable(117)) - using custom profile for table: validCerts
2019-10-23 12:13:06,724 [main] INFO  db.DBStoreBuilder (DBStoreBuilder.java:processTables(168)) - Using default column profile:DBProfile.DISK for Table:validCerts
2019-10-23 12:13:06,725 [main] INFO  db.DBStoreBuilder (DBStoreBuilder.java:addTable(117)) - using custom profile for table: revokedCerts
2019-10-23 12:13:06,725 [main] INFO  db.DBStoreBuilder (DBStoreBuilder.java:processTables(168)) - Using default column profile:DBProfile.DISK for Table:revokedCerts
2019-10-23 12:13:06,736 [main] INFO  db.DBStoreBuilder (DBStoreBuilder.java:addTable(117)) - using custom profile for table: default
2019-10-23 12:13:06,736 [main] INFO  db.DBStoreBuilder (DBStoreBuilder.java:processTables(174)) - Using default column profile:DBProfile.DISK for Table:default
2019-10-23 12:13:06,737 [main] INFO  db.DBStoreBuilder (DBStoreBuilder.java:getDbProfile(205)) - Using default options. DBProfile.DISK
2019-10-23 12:13:06,952 [main] INFO  net.NodeSchemaLoader (NodeSchemaLoader.java:loadSchemaFromFile(125)) - Loading file from sun.misc.CompoundEnumeration@6b2ea799
2019-10-23 12:13:06,954 [main] INFO  net.NodeSchemaLoader (NodeSchemaLoader.java:loadSchema(171)) - Loading network topology layer schema file
2019-10-23 12:13:07,019 [main] INFO  node.SCMNodeManager (SCMNodeManager.java:<init>(116)) - Entering startup safe mode.
2019-10-23 12:13:07,079 [main] INFO  algorithms.ContainerPlacementPolicyFactory (ContainerPlacementPolicyFactory.java:getPolicy(57)) - Create container placement policy of type org.apache.hadoop.hdds.scm.container.placement.algorithms.SCMContainerPlacementRandom
2019-10-23 12:13:07,094 [main] WARN  server.ServerUtils (ServerUtils.java:getScmDbDir(145)) - ozone.scm.db.dirs is not configured. We recommend adding this setting. Falling back to ozone.metadata.dirs instead.
2019-10-23 12:13:07,161 [main] INFO  pipeline.SCMPipelineManager (SCMPipelineManager.java:initializePipelineState(132)) - No pipeline exists in current db
2019-10-23 12:13:07,163 [main] WARN  server.ServerUtils (ServerUtils.java:getScmDbDir(145)) - ozone.scm.db.dirs is not configured. We recommend adding this setting. Falling back to ozone.metadata.dirs instead.
2019-10-23 12:13:07,250 [main] WARN  events.EventQueue (EventQueue.java:fireEvent(183)) - No event handler registered for event TypedEvent{payloadType=SafeModeStatus, name='SafeModeStatus'}
2019-10-23 12:13:07,581 [main] INFO  ipc.CallQueueManager (CallQueueManager.java:<init>(84)) - Using callQueue: class java.util.concurrent.LinkedBlockingQueue, queueCapacity: 2000, scheduler: class org.apache.hadoop.ipc.DefaultRpcScheduler, ipcBackoff: false.
2019-10-23 12:13:07,604 [Socket Reader #1 for port 41129] INFO  ipc.Server (Server.java:run(1074)) - Starting Socket Reader #1 for port 41129
2019-10-23 12:13:07,703 [main] INFO  ipc.CallQueueManager (CallQueueManager.java:<init>(84)) - Using callQueue: class java.util.concurrent.LinkedBlockingQueue, queueCapacity: 2000, scheduler: class org.apache.hadoop.ipc.DefaultRpcScheduler, ipcBackoff: false.
2019-10-23 12:13:07,704 [Socket Reader #1 for port 42019] INFO  ipc.Server (Server.java:run(1074)) - Starting Socket Reader #1 for port 42019
2019-10-23 12:13:07,714 [main] INFO  ipc.CallQueueManager (CallQueueManager.java:<init>(84)) - Using callQueue: class java.util.concurrent.LinkedBlockingQueue, queueCapacity: 2000, scheduler: class org.apache.hadoop.ipc.DefaultRpcScheduler, ipcBackoff: false.
2019-10-23 12:13:07,715 [Socket Reader #1 for port 41317] INFO  ipc.Server (Server.java:run(1074)) - Starting Socket Reader #1 for port 41317
2019-10-23 12:13:07,740 [main] INFO  hdfs.DFSUtil (DFSUtil.java:httpServerTemplateForNNAndJN(1641)) - Starting Web-server for scm at: http://0.0.0.0:0
2019-10-23 12:13:07,904 [main] INFO  server.AuthenticationFilter (AuthenticationFilter.java:constructSecretProvider(240)) - Unable to initialize FileSignerSecretProvider, falling back to use random secrets.
2019-10-23 12:13:07,912 [main] WARN  http.HttpRequestLog (HttpRequestLog.java:getRequestLog(97)) - Jetty request log can only be enabled using Log4j
2019-10-23 12:13:07,920 [main] INFO  http.HttpServer2 (HttpServer2.java:addGlobalFilter(975)) - Added global filter 'safety' (class=org.apache.hadoop.http.HttpServer2$QuotingInputFilter)
2019-10-23 12:13:07,923 [main] INFO  http.HttpServer2 (HttpServer2.java:addFilter(948)) - Added filter static_user_filter (class=org.apache.hadoop.http.lib.StaticUserWebFilter$StaticUserFilter) to context scm
2019-10-23 12:13:07,923 [main] INFO  http.HttpServer2 (HttpServer2.java:addFilter(958)) - Added filter static_user_filter (class=org.apache.hadoop.http.lib.StaticUserWebFilter$StaticUserFilter) to context static
2019-10-23 12:13:07,924 [main] INFO  http.HttpServer2 (HttpServer2.java:addFilter(958)) - Added filter static_user_filter (class=org.apache.hadoop.http.lib.StaticUserWebFilter$StaticUserFilter) to context logs
2019-10-23 12:13:07,955 [main] INFO  server.StorageContainerManager (StorageContainerManager.java:start(772)) - StorageContainerLocationProtocol RPC server is listening at /0.0.0.0:41317
2019-10-23 12:13:08,014 [main] WARN  impl.MetricsConfig (MetricsConfig.java:loadFirst(134)) - Cannot locate configuration: tried hadoop-metrics2-storagecontainermanager.properties,hadoop-metrics2.properties
2019-10-23 12:13:08,028 [main] INFO  impl.MetricsSystemImpl (MetricsSystemImpl.java:startTimer(374)) - Scheduled Metric snapshot period at 10 second(s).
2019-10-23 12:13:08,028 [main] INFO  impl.MetricsSystemImpl (MetricsSystemImpl.java:start(191)) - StorageContainerManager metrics system started
2019-10-23 12:13:08,268 [main] INFO  server.SCMClientProtocolServer (SCMClientProtocolServer.java:start(159)) - RPC server for Client  is listening at /0.0.0.0:41317
2019-10-23 12:13:08,268 [IPC Server Responder] INFO  ipc.Server (Server.java:run(1314)) - IPC Server Responder: starting
2019-10-23 12:13:08,268 [IPC Server listener on 41317] INFO  ipc.Server (Server.java:run(1153)) - IPC Server listener on 41317: starting
2019-10-23 12:13:08,271 [main] INFO  server.StorageContainerManager (StorageContainerManager.java:start(782)) - ScmBlockLocationProtocol RPC server is listening at /0.0.0.0:42019
2019-10-23 12:13:08,272 [main] INFO  server.SCMBlockProtocolServer (SCMBlockProtocolServer.java:start(146)) - RPC server for Block Protocol is listening at /0.0.0.0:42019
2019-10-23 12:13:08,272 [IPC Server Responder] INFO  ipc.Server (Server.java:run(1314)) - IPC Server Responder: starting
2019-10-23 12:13:08,272 [IPC Server listener on 42019] INFO  ipc.Server (Server.java:run(1153)) - IPC Server listener on 42019: starting
2019-10-23 12:13:08,274 [main] INFO  server.StorageContainerManager (StorageContainerManager.java:start(786)) - ScmDatanodeProtocl RPC server is listening at /0.0.0.0:41129
2019-10-23 12:13:08,275 [main] INFO  server.SCMDatanodeProtocolServer (SCMDatanodeProtocolServer.java:start(169)) - RPC server for DataNodes is listening at /0.0.0.0:41129
2019-10-23 12:13:08,276 [IPC Server Responder] INFO  ipc.Server (Server.java:run(1314)) - IPC Server Responder: starting
2019-10-23 12:13:08,276 [IPC Server listener on 41129] INFO  ipc.Server (Server.java:run(1153)) - IPC Server listener on 41129: starting
2019-10-23 12:13:08,279 [main] INFO  http.HttpServer2 (HttpServer2.java:bindListener(1191)) - Jetty bound to port 39096
2019-10-23 12:13:08,280 [main] INFO  server.Server (Server.java:doStart(351)) - jetty-9.3.25.v20180904, build timestamp: 2018-09-04T21:11:46Z, git hash: 3ce520221d0240229c862b122d2b06c12a625732
2019-10-23 12:13:08,315 [main] INFO  handler.ContextHandler (ContextHandler.java:doStart(781)) - Started o.e.j.s.ServletContextHandler@180da663{/logs,file:///workdir/hadoop-ozone/integration-test/target/log,AVAILABLE}
2019-10-23 12:13:08,315 [main] INFO  handler.ContextHandler (ContextHandler.java:doStart(781)) - Started o.e.j.s.ServletContextHandler@340da44c{/static,file:///workdir/hadoop-ozone/integration-test/target/test-classes/webapps/static,AVAILABLE}
2019-10-23 12:13:08,345 [main] INFO  handler.ContextHandler (ContextHandler.java:doStart(781)) - Started o.e.j.w.WebAppContext@410954b{/,file:///workdir/hadoop-ozone/integration-test/target/test-classes/webapps/scm/,AVAILABLE}{/scm}
2019-10-23 12:13:08,351 [main] INFO  server.AbstractConnector (AbstractConnector.java:doStart(278)) - Started ServerConnector@5f7f2382{HTTP/1.1,[http/1.1]}{0.0.0.0:39096}
2019-10-23 12:13:08,351 [main] INFO  server.Server (Server.java:doStart(419)) - Started @2715ms
2019-10-23 12:13:08,353 [main] INFO  impl.MetricsSinkAdapter (MetricsSinkAdapter.java:start(204)) - Sink prometheus started
2019-10-23 12:13:08,353 [main] INFO  impl.MetricsSystemImpl (MetricsSystemImpl.java:registerSink(301)) - Registered sink prometheus
2019-10-23 12:13:08,355 [main] INFO  server.BaseHttpServer (BaseHttpServer.java:updateConnectorAddress(215)) - HTTP server of SCM is listening at http://0.0.0.0:39096
2019-10-23 12:13:08,360 [org.apache.hadoop.util.JvmPauseMonitor$Monitor@37cd92d6] INFO  util.JvmPauseMonitor (JvmPauseMonitor.java:run(188)) - Starting JVM pause monitor
2019-10-23 12:13:08,364 [main] WARN  server.ServerUtils (ServerUtils.java:getDBPath(222)) - ozone.om.db.dirs is not configured. We recommend adding this setting. Falling back to ozone.metadata.dirs instead.
2019-10-23 12:13:08,492 [main] INFO  ha.OMHANodeDetails (OMHANodeDetails.java:loadOMHAConfig(190)) - Configuration either no ozone.om.address set. Falling back to the default OM address /127.0.0.1:0
2019-10-23 12:13:08,492 [main] INFO  ha.OMHANodeDetails (OMHANodeDetails.java:getOMNodeDetails(220)) - OM Service ID is not set. Setting it to the default ID: omServiceIdDefault
2019-10-23 12:13:08,494 [main] WARN  server.ServerUtils (ServerUtils.java:getDBPath(222)) - ozone.om.db.dirs is not configured. We recommend adding this setting. Falling back to ozone.metadata.dirs instead.
2019-10-23 12:13:08,494 [main] WARN  server.ServerUtils (ServerUtils.java:getDBPath(222)) - ozone.om.db.dirs is not configured. We recommend adding this setting. Falling back to ozone.metadata.dirs instead.
2019-10-23 12:13:09,104 [main] WARN  server.ServerUtils (ServerUtils.java:getDBPath(222)) - ozone.om.db.dirs is not configured. We recommend adding this setting. Falling back to ozone.metadata.dirs instead.
2019-10-23 12:13:09,112 [main] INFO  db.DBStoreBuilder (DBStoreBuilder.java:addTable(117)) - using custom profile for table: userTable
2019-10-23 12:13:09,113 [main] INFO  db.DBStoreBuilder (DBStoreBuilder.java:processTables(168)) - Using default column profile:DBProfile.DISK for Table:userTable
2019-10-23 12:13:09,113 [main] INFO  db.DBStoreBuilder (DBStoreBuilder.java:addTable(117)) - using custom profile for table: volumeTable
2019-10-23 12:13:09,113 [main] INFO  db.DBStoreBuilder (DBStoreBuilder.java:processTables(168)) - Using default column profile:DBProfile.DISK for Table:volumeTable
2019-10-23 12:13:09,114 [main] INFO  db.DBStoreBuilder (DBStoreBuilder.java:addTable(117)) - using custom profile for table: bucketTable
2019-10-23 12:13:09,114 [main] INFO  db.DBStoreBuilder (DBStoreBuilder.java:processTables(168)) - Using default column profile:DBProfile.DISK for Table:bucketTable
2019-10-23 12:13:09,114 [main] INFO  db.DBStoreBuilder (DBStoreBuilder.java:addTable(117)) - using custom profile for table: keyTable
2019-10-23 12:13:09,114 [main] INFO  db.DBStoreBuilder (DBStoreBuilder.java:processTables(168)) - Using default column profile:DBProfile.DISK for Table:keyTable
2019-10-23 12:13:09,115 [main] INFO  db.DBStoreBuilder (DBStoreBuilder.java:addTable(117)) - using custom profile for table: deletedTable
2019-10-23 12:13:09,115 [main] INFO  db.DBStoreBuilder (DBStoreBuilder.java:processTables(168)) - Using default column profile:DBProfile.DISK for Table:deletedTable
2019-10-23 12:13:09,115 [main] INFO  db.DBStoreBuilder (DBStoreBuilder.java:addTable(117)) - using custom profile for table: openKeyTable
2019-10-23 12:13:09,115 [main] INFO  db.DBStoreBuilder (DBStoreBuilder.java:processTables(168)) - Using default column profile:DBProfile.DISK for Table:openKeyTable
2019-10-23 12:13:09,116 [main] INFO  db.DBStoreBuilder (DBStoreBuilder.java:addTable(117)) - using custom profile for table: s3Table
2019-10-23 12:13:09,116 [main] INFO  db.DBStoreBuilder (DBStoreBuilder.java:processTables(168)) - Using default column profile:DBProfile.DISK for Table:s3Table
2019-10-23 12:13:09,116 [main] INFO  db.DBStoreBuilder (DBStoreBuilder.java:addTable(117)) - using custom profile for table: multipartInfoTable
2019-10-23 12:13:09,116 [main] INFO  db.DBStoreBuilder (DBStoreBuilder.java:processTables(168)) - Using default column profile:DBProfile.DISK for Table:multipartInfoTable
2019-10-23 12:13:09,117 [main] INFO  db.DBStoreBuilder (DBStoreBuilder.java:addTable(117)) - using custom profile for table: dTokenTable
2019-10-23 12:13:09,117 [main] INFO  db.DBStoreBuilder (DBStoreBuilder.java:processTables(168)) - Using default column profile:DBProfile.DISK for Table:dTokenTable
2019-10-23 12:13:09,117 [main] INFO  db.DBStoreBuilder (DBStoreBuilder.java:addTable(117)) - using custom profile for table: s3SecretTable
2019-10-23 12:13:09,117 [main] INFO  db.DBStoreBuilder (DBStoreBuilder.java:processTables(168)) - Using default column profile:DBProfile.DISK for Table:s3SecretTable
2019-10-23 12:13:09,118 [main] INFO  db.DBStoreBuilder (DBStoreBuilder.java:addTable(117)) - using custom profile for table: prefixTable
2019-10-23 12:13:09,118 [main] INFO  db.DBStoreBuilder (DBStoreBuilder.java:processTables(168)) - Using default column profile:DBProfile.DISK for Table:prefixTable
2019-10-23 12:13:09,118 [main] INFO  db.DBStoreBuilder (DBStoreBuilder.java:addTable(117)) - using custom profile for table: default
2019-10-23 12:13:09,119 [main] INFO  db.DBStoreBuilder (DBStoreBuilder.java:processTables(174)) - Using default column profile:DBProfile.DISK for Table:default
2019-10-23 12:13:09,119 [main] INFO  db.DBStoreBuilder (DBStoreBuilder.java:getDbProfile(205)) - Using default options. DBProfile.DISK
2019-10-23 12:13:09,471 [main] INFO  ipc.CallQueueManager (CallQueueManager.java:<init>(84)) - Using callQueue: class java.util.concurrent.LinkedBlockingQueue, queueCapacity: 2000, scheduler: class org.apache.hadoop.ipc.DefaultRpcScheduler, ipcBackoff: false.
2019-10-23 12:13:09,472 [Socket Reader #1 for port 40393] INFO  ipc.Server (Server.java:run(1074)) - Starting Socket Reader #1 for port 40393
2019-10-23 12:13:09,496 [main] INFO  om.OzoneManager (OzoneManager.java:start(1074)) - OzoneManager RPC server is listening at localhost/127.0.0.1:40393
2019-10-23 12:13:09,496 [main] INFO  impl.MetricsSystemImpl (MetricsSystemImpl.java:init(158)) - OzoneManager metrics system started (again)
2019-10-23 12:13:09,504 [IPC Server Responder] INFO  ipc.Server (Server.java:run(1314)) - IPC Server Responder: starting
2019-10-23 12:13:09,504 [IPC Server listener on 40393] INFO  ipc.Server (Server.java:run(1153)) - IPC Server listener on 40393: starting
2019-10-23 12:13:09,509 [main] INFO  hdfs.DFSUtil (DFSUtil.java:httpServerTemplateForNNAndJN(1641)) - Starting Web-server for ozoneManager at: http://0.0.0.0:0
2019-10-23 12:13:09,512 [main] INFO  server.AuthenticationFilter (AuthenticationFilter.java:constructSecretProvider(240)) - Unable to initialize FileSignerSecretProvider, falling back to use random secrets.
2019-10-23 12:13:09,512 [main] WARN  http.HttpRequestLog (HttpRequestLog.java:getRequestLog(97)) - Jetty request log can only be enabled using Log4j
2019-10-23 12:13:09,516 [main] INFO  http.HttpServer2 (HttpServer2.java:addGlobalFilter(975)) - Added global filter 'safety' (class=org.apache.hadoop.http.HttpServer2$QuotingInputFilter)
2019-10-23 12:13:09,517 [main] INFO  http.HttpServer2 (HttpServer2.java:addFilter(948)) - Added filter static_user_filter (class=org.apache.hadoop.http.lib.StaticUserWebFilter$StaticUserFilter) to context ozoneManager
2019-10-23 12:13:09,517 [main] INFO  http.HttpServer2 (HttpServer2.java:addFilter(958)) - Added filter static_user_filter (class=org.apache.hadoop.http.lib.StaticUserWebFilter$StaticUserFilter) to context logs
2019-10-23 12:13:09,518 [main] INFO  http.HttpServer2 (HttpServer2.java:addFilter(958)) - Added filter static_user_filter (class=org.apache.hadoop.http.lib.StaticUserWebFilter$StaticUserFilter) to context static
2019-10-23 12:13:09,521 [main] INFO  http.HttpServer2 (HttpServer2.java:bindListener(1191)) - Jetty bound to port 37883
2019-10-23 12:13:09,521 [main] INFO  server.Server (Server.java:doStart(351)) - jetty-9.3.25.v20180904, build timestamp: 2018-09-04T21:11:46Z, git hash: 3ce520221d0240229c862b122d2b06c12a625732
2019-10-23 12:13:09,524 [main] INFO  handler.ContextHandler (ContextHandler.java:doStart(781)) - Started o.e.j.s.ServletContextHandler@43826ec{/logs,file:///workdir/hadoop-ozone/integration-test/target/log,AVAILABLE}
2019-10-23 12:13:09,525 [main] INFO  handler.ContextHandler (ContextHandler.java:doStart(781)) - Started o.e.j.s.ServletContextHandler@6b63d445{/static,file:///workdir/hadoop-ozone/integration-test/target/test-classes/webapps/static,AVAILABLE}
2019-10-23 12:13:09,532 [main] INFO  handler.ContextHandler (ContextHandler.java:doStart(781)) - Started o.e.j.w.WebAppContext@71391b3f{/,file:///workdir/hadoop-ozone/integration-test/target/test-classes/webapps/ozoneManager/,AVAILABLE}{/ozoneManager}
2019-10-23 12:13:09,533 [main] INFO  server.AbstractConnector (AbstractConnector.java:doStart(278)) - Started ServerConnector@2cfbeac4{HTTP/1.1,[http/1.1]}{0.0.0.0:37883}
2019-10-23 12:13:09,533 [main] INFO  server.Server (Server.java:doStart(419)) - Started @3897ms
2019-10-23 12:13:09,533 [main] WARN  impl.MetricsSystemImpl (MetricsSystemImpl.java:register(276)) - Sink prometheus already exists!
2019-10-23 12:13:09,534 [main] INFO  server.BaseHttpServer (BaseHttpServer.java:updateConnectorAddress(215)) - HTTP server of OZONEMANAGER is listening at http://0.0.0.0:37883
2019-10-23 12:13:09,838 [main] INFO  impl.MetricsSystemImpl (MetricsSystemImpl.java:init(158)) - HddsDatanode metrics system started (again)
2019-10-23 12:13:09,888 [main] INFO  ozone.HddsDatanodeService (HddsDatanodeService.java:start(184)) - HddsDatanodeService host:pr-hdds1643-t2fz7-3136866267 ip:192.168.69.118
2019-10-23 12:13:09,919 [main] INFO  volume.HddsVolume (HddsVolume.java:<init>(176)) - Creating Volume: /workdir/hadoop-ozone/integration-test/target/test-dir/MiniOzoneClusterImpl-f0805996-b414-4d96-aefa-ea3288852db6/datanode-0/data/containers/hdds of  storage type : DISK and capacity : 1482555576320
2019-10-23 12:13:09,921 [main] INFO  volume.VolumeSet (VolumeSet.java:initializeVolumeSet(170)) - Added Volume : /workdir/hadoop-ozone/integration-test/target/test-dir/MiniOzoneClusterImpl-f0805996-b414-4d96-aefa-ea3288852db6/datanode-0/data/containers/hdds to VolumeSet
2019-10-23 12:13:09,924 [main] INFO  volume.ThrottledAsyncChecker (ThrottledAsyncChecker.java:schedule(141)) - Scheduling a check for /workdir/hadoop-ozone/integration-test/target/test-dir/MiniOzoneClusterImpl-f0805996-b414-4d96-aefa-ea3288852db6/datanode-0/data/containers/hdds
2019-10-23 12:13:09,939 [main] INFO  volume.HddsVolumeChecker (HddsVolumeChecker.java:checkAllVolumes(204)) - Scheduled health check for volume /workdir/hadoop-ozone/integration-test/target/test-dir/MiniOzoneClusterImpl-f0805996-b414-4d96-aefa-ea3288852db6/datanode-0/data/containers/hdds
2019-10-23 12:13:10,039 [main] INFO  impl.RaftServerProxy (ConfUtils.java:logGet(43)) - raft.rpc.type = GRPC (default)
2019-10-23 12:13:10,105 [main] INFO  grpc.GrpcFactory (GrpcFactory.java:checkPooledByteBufAllocatorUseCacheForAllThreads(45)) - PERFORMANCE WARNING: useCacheForAllThreads is true that may cause Netty to create a lot garbage objects and, as a result, trigger GC.
	It is recommended to disable useCacheForAllThreads by setting -Dorg.apache.ratis.thirdparty.io.netty.allocator.useCacheForAllThreads=false in command line.
2019-10-23 12:13:10,109 [main] INFO  grpc.GrpcConfigKeys$Server (ConfUtils.java:logGet(43)) - raft.grpc.server.port = 0 (default)
2019-10-23 12:13:10,110 [main] INFO  server.GrpcService (ConfUtils.java:logGet(43)) - raft.grpc.message.size.max = 33570816 (custom)
2019-10-23 12:13:10,112 [main] INFO  server.RaftServerConfigKeys (ConfUtils.java:logGet(43)) - raft.server.log.appender.buffer.byte-limit = 33554432 (custom)
2019-10-23 12:13:10,112 [main] INFO  server.GrpcService (ConfUtils.java:logGet(43)) - raft.grpc.flow.control.window = 1MB (=1048576) (default)
2019-10-23 12:13:10,113 [main] INFO  server.RaftServerConfigKeys (ConfUtils.java:logGet(43)) - raft.server.rpc.request.timeout = 3000ms (default)
2019-10-23 12:13:10,261 [main] INFO  server.RaftServerConfigKeys (ConfUtils.java:logGet(43)) - raft.server.storage.dir = [/workdir/hadoop-ozone/integration-test/target/test-dir/MiniOzoneClusterImpl-f0805996-b414-4d96-aefa-ea3288852db6/datanode-0/data/ratis] (custom)
2019-10-23 12:13:10,346 [main] INFO  hdfs.DFSUtil (DFSUtil.java:httpServerTemplateForNNAndJN(1641)) - Starting Web-server for hddsDatanode at: http://0.0.0.0:0
2019-10-23 12:13:10,349 [main] INFO  server.AuthenticationFilter (AuthenticationFilter.java:constructSecretProvider(240)) - Unable to initialize FileSignerSecretProvider, falling back to use random secrets.
2019-10-23 12:13:10,350 [main] WARN  http.HttpRequestLog (HttpRequestLog.java:getRequestLog(97)) - Jetty request log can only be enabled using Log4j
2019-10-23 12:13:10,353 [main] INFO  http.HttpServer2 (HttpServer2.java:addGlobalFilter(975)) - Added global filter 'safety' (class=org.apache.hadoop.http.HttpServer2$QuotingInputFilter)
2019-10-23 12:13:10,354 [main] INFO  http.HttpServer2 (HttpServer2.java:addFilter(948)) - Added filter static_user_filter (class=org.apache.hadoop.http.lib.StaticUserWebFilter$StaticUserFilter) to context hddsDatanode
2019-10-23 12:13:10,354 [main] INFO  http.HttpServer2 (HttpServer2.java:addFilter(958)) - Added filter static_user_filter (class=org.apache.hadoop.http.lib.StaticUserWebFilter$StaticUserFilter) to context logs
2019-10-23 12:13:10,355 [main] INFO  http.HttpServer2 (HttpServer2.java:addFilter(958)) - Added filter static_user_filter (class=org.apache.hadoop.http.lib.StaticUserWebFilter$StaticUserFilter) to context static
2019-10-23 12:13:10,356 [main] INFO  http.HttpServer2 (HttpServer2.java:bindListener(1191)) - Jetty bound to port 34056
2019-10-23 12:13:10,357 [main] INFO  server.Server (Server.java:doStart(351)) - jetty-9.3.25.v20180904, build timestamp: 2018-09-04T21:11:46Z, git hash: 3ce520221d0240229c862b122d2b06c12a625732
2019-10-23 12:13:10,360 [main] INFO  handler.ContextHandler (ContextHandler.java:doStart(781)) - Started o.e.j.s.ServletContextHandler@290d10ef{/logs,file:///workdir/hadoop-ozone/integration-test/target/log,AVAILABLE}
2019-10-23 12:13:10,361 [main] INFO  handler.ContextHandler (ContextHandler.java:doStart(781)) - Started o.e.j.s.ServletContextHandler@644ded04{/static,jar:file:/home/user/.m2/repository/org/apache/hadoop/hadoop-hdds-container-service/0.5.0-SNAPSHOT/hadoop-hdds-container-service-0.5.0-SNAPSHOT.jar!/webapps/static,AVAILABLE}
2019-10-23 12:13:10,413 [main] INFO  handler.ContextHandler (ContextHandler.java:doStart(781)) - Started o.e.j.w.WebAppContext@4339baec{/,file:///tmp/jetty-0.0.0.0-34056-hddsDatanode-_-any-4429784990249372335.dir/webapp/,AVAILABLE}{/hddsDatanode}
2019-10-23 12:13:10,414 [main] INFO  server.AbstractConnector (AbstractConnector.java:doStart(278)) - Started ServerConnector@62db3891{HTTP/1.1,[http/1.1]}{0.0.0.0:34056}
2019-10-23 12:13:10,414 [main] INFO  server.Server (Server.java:doStart(419)) - Started @4779ms
2019-10-23 12:13:10,415 [main] WARN  impl.MetricsSystemImpl (MetricsSystemImpl.java:register(276)) - Sink prometheus already exists!
2019-10-23 12:13:10,417 [main] INFO  server.BaseHttpServer (BaseHttpServer.java:updateConnectorAddress(215)) - HTTP server of HDDSDATANODE is listening at http://0.0.0.0:34056
2019-10-23 12:13:10,418 [main] INFO  impl.MetricsSystemImpl (MetricsSystemImpl.java:init(158)) - HddsDatanode metrics system started (again)
2019-10-23 12:13:10,422 [main] INFO  ozone.HddsDatanodeService (HddsDatanodeService.java:start(184)) - HddsDatanodeService host:pr-hdds1643-t2fz7-3136866267 ip:192.168.69.118
2019-10-23 12:13:10,424 [org.apache.hadoop.util.JvmPauseMonitor$Monitor@1003ffeb] INFO  util.JvmPauseMonitor (JvmPauseMonitor.java:run(188)) - Starting JVM pause monitor
2019-10-23 12:13:10,433 [main] INFO  volume.HddsVolume (HddsVolume.java:<init>(176)) - Creating Volume: /workdir/hadoop-ozone/integration-test/target/test-dir/MiniOzoneClusterImpl-f0805996-b414-4d96-aefa-ea3288852db6/datanode-1/data/containers/hdds of  storage type : DISK and capacity : 1482555576320
2019-10-23 12:13:10,434 [main] INFO  volume.VolumeSet (VolumeSet.java:initializeVolumeSet(170)) - Added Volume : /workdir/hadoop-ozone/integration-test/target/test-dir/MiniOzoneClusterImpl-f0805996-b414-4d96-aefa-ea3288852db6/datanode-1/data/containers/hdds to VolumeSet
2019-10-23 12:13:10,434 [main] INFO  volume.ThrottledAsyncChecker (ThrottledAsyncChecker.java:schedule(141)) - Scheduling a check for /workdir/hadoop-ozone/integration-test/target/test-dir/MiniOzoneClusterImpl-f0805996-b414-4d96-aefa-ea3288852db6/datanode-1/data/containers/hdds
2019-10-23 12:13:10,435 [main] INFO  volume.HddsVolumeChecker (HddsVolumeChecker.java:checkAllVolumes(204)) - Scheduled health check for volume /workdir/hadoop-ozone/integration-test/target/test-dir/MiniOzoneClusterImpl-f0805996-b414-4d96-aefa-ea3288852db6/datanode-1/data/containers/hdds
2019-10-23 12:13:10,456 [main] INFO  impl.RaftServerProxy (ConfUtils.java:logGet(43)) - raft.rpc.type = GRPC (default)
2019-10-23 12:13:10,458 [main] INFO  grpc.GrpcFactory (GrpcFactory.java:checkPooledByteBufAllocatorUseCacheForAllThreads(45)) - PERFORMANCE WARNING: useCacheForAllThreads is true that may cause Netty to create a lot garbage objects and, as a result, trigger GC.
	It is recommended to disable useCacheForAllThreads by setting -Dorg.apache.ratis.thirdparty.io.netty.allocator.useCacheForAllThreads=false in command line.
2019-10-23 12:13:10,458 [main] INFO  grpc.GrpcConfigKeys$Server (ConfUtils.java:logGet(43)) - raft.grpc.server.port = 0 (default)
2019-10-23 12:13:10,458 [main] INFO  server.GrpcService (ConfUtils.java:logGet(43)) - raft.grpc.message.size.max = 33570816 (custom)
2019-10-23 12:13:10,459 [main] INFO  server.RaftServerConfigKeys (ConfUtils.java:logGet(43)) - raft.server.log.appender.buffer.byte-limit = 33554432 (custom)
2019-10-23 12:13:10,459 [main] INFO  server.GrpcService (ConfUtils.java:logGet(43)) - raft.grpc.flow.control.window = 1MB (=1048576) (default)
2019-10-23 12:13:10,459 [main] INFO  server.RaftServerConfigKeys (ConfUtils.java:logGet(43)) - raft.server.rpc.request.timeout = 3000ms (default)
2019-10-23 12:13:10,460 [main] INFO  server.RaftServerConfigKeys (ConfUtils.java:logGet(43)) - raft.server.storage.dir = [/workdir/hadoop-ozone/integration-test/target/test-dir/MiniOzoneClusterImpl-f0805996-b414-4d96-aefa-ea3288852db6/datanode-1/data/ratis] (custom)
2019-10-23 12:13:10,463 [main] INFO  hdfs.DFSUtil (DFSUtil.java:httpServerTemplateForNNAndJN(1641)) - Starting Web-server for hddsDatanode at: http://0.0.0.0:0
2019-10-23 12:13:10,465 [main] INFO  server.AuthenticationFilter (AuthenticationFilter.java:constructSecretProvider(240)) - Unable to initialize FileSignerSecretProvider, falling back to use random secrets.
2019-10-23 12:13:10,466 [main] WARN  http.HttpRequestLog (HttpRequestLog.java:getRequestLog(97)) - Jetty request log can only be enabled using Log4j
2019-10-23 12:13:10,471 [main] INFO  http.HttpServer2 (HttpServer2.java:addGlobalFilter(975)) - Added global filter 'safety' (class=org.apache.hadoop.http.HttpServer2$QuotingInputFilter)
2019-10-23 12:13:10,472 [main] INFO  http.HttpServer2 (HttpServer2.java:addFilter(948)) - Added filter static_user_filter (class=org.apache.hadoop.http.lib.StaticUserWebFilter$StaticUserFilter) to context hddsDatanode
2019-10-23 12:13:10,473 [main] INFO  http.HttpServer2 (HttpServer2.java:addFilter(958)) - Added filter static_user_filter (class=org.apache.hadoop.http.lib.StaticUserWebFilter$StaticUserFilter) to context logs
2019-10-23 12:13:10,473 [main] INFO  http.HttpServer2 (HttpServer2.java:addFilter(958)) - Added filter static_user_filter (class=org.apache.hadoop.http.lib.StaticUserWebFilter$StaticUserFilter) to context static
2019-10-23 12:13:10,475 [main] INFO  http.HttpServer2 (HttpServer2.java:bindListener(1191)) - Jetty bound to port 36171
2019-10-23 12:13:10,475 [main] INFO  server.Server (Server.java:doStart(351)) - jetty-9.3.25.v20180904, build timestamp: 2018-09-04T21:11:46Z, git hash: 3ce520221d0240229c862b122d2b06c12a625732
2019-10-23 12:13:10,479 [main] INFO  handler.ContextHandler (ContextHandler.java:doStart(781)) - Started o.e.j.s.ServletContextHandler@277bf091{/logs,file:///workdir/hadoop-ozone/integration-test/target/log,AVAILABLE}
2019-10-23 12:13:10,480 [main] INFO  handler.ContextHandler (ContextHandler.java:doStart(781)) - Started o.e.j.s.ServletContextHandler@6a094db2{/static,jar:file:/home/user/.m2/repository/org/apache/hadoop/hadoop-hdds-container-service/0.5.0-SNAPSHOT/hadoop-hdds-container-service-0.5.0-SNAPSHOT.jar!/webapps/static,AVAILABLE}
2019-10-23 12:13:10,523 [main] INFO  handler.ContextHandler (ContextHandler.java:doStart(781)) - Started o.e.j.w.WebAppContext@508a65bf{/,file:///tmp/jetty-0.0.0.0-36171-hddsDatanode-_-any-3628433628231763165.dir/webapp/,AVAILABLE}{/hddsDatanode}
2019-10-23 12:13:10,526 [main] INFO  server.AbstractConnector (AbstractConnector.java:doStart(278)) - Started ServerConnector@17f2dd85{HTTP/1.1,[http/1.1]}{0.0.0.0:36171}
2019-10-23 12:13:10,527 [main] INFO  server.Server (Server.java:doStart(419)) - Started @4891ms
2019-10-23 12:13:10,527 [main] WARN  impl.MetricsSystemImpl (MetricsSystemImpl.java:register(276)) - Sink prometheus already exists!
2019-10-23 12:13:10,528 [main] INFO  server.BaseHttpServer (BaseHttpServer.java:updateConnectorAddress(215)) - HTTP server of HDDSDATANODE is listening at http://0.0.0.0:36171
2019-10-23 12:13:10,529 [main] INFO  impl.MetricsSystemImpl (MetricsSystemImpl.java:init(158)) - HddsDatanode metrics system started (again)
2019-10-23 12:13:10,532 [org.apache.hadoop.util.JvmPauseMonitor$Monitor@4f4e83a2] INFO  util.JvmPauseMonitor (JvmPauseMonitor.java:run(188)) - Starting JVM pause monitor
2019-10-23 12:13:10,535 [main] INFO  ozone.HddsDatanodeService (HddsDatanodeService.java:start(184)) - HddsDatanodeService host:pr-hdds1643-t2fz7-3136866267 ip:192.168.69.118
2019-10-23 12:13:10,545 [main] INFO  volume.HddsVolume (HddsVolume.java:<init>(176)) - Creating Volume: /workdir/hadoop-ozone/integration-test/target/test-dir/MiniOzoneClusterImpl-f0805996-b414-4d96-aefa-ea3288852db6/datanode-2/data/containers/hdds of  storage type : DISK and capacity : 1482555576320
2019-10-23 12:13:10,546 [main] INFO  volume.VolumeSet (VolumeSet.java:initializeVolumeSet(170)) - Added Volume : /workdir/hadoop-ozone/integration-test/target/test-dir/MiniOzoneClusterImpl-f0805996-b414-4d96-aefa-ea3288852db6/datanode-2/data/containers/hdds to VolumeSet
2019-10-23 12:13:10,546 [main] INFO  volume.ThrottledAsyncChecker (ThrottledAsyncChecker.java:schedule(141)) - Scheduling a check for /workdir/hadoop-ozone/integration-test/target/test-dir/MiniOzoneClusterImpl-f0805996-b414-4d96-aefa-ea3288852db6/datanode-2/data/containers/hdds
2019-10-23 12:13:10,547 [main] INFO  volume.HddsVolumeChecker (HddsVolumeChecker.java:checkAllVolumes(204)) - Scheduled health check for volume /workdir/hadoop-ozone/integration-test/target/test-dir/MiniOzoneClusterImpl-f0805996-b414-4d96-aefa-ea3288852db6/datanode-2/data/containers/hdds
2019-10-23 12:13:10,570 [main] INFO  impl.RaftServerProxy (ConfUtils.java:logGet(43)) - raft.rpc.type = GRPC (default)
2019-10-23 12:13:10,571 [main] INFO  grpc.GrpcFactory (GrpcFactory.java:checkPooledByteBufAllocatorUseCacheForAllThreads(45)) - PERFORMANCE WARNING: useCacheForAllThreads is true that may cause Netty to create a lot garbage objects and, as a result, trigger GC.
	It is recommended to disable useCacheForAllThreads by setting -Dorg.apache.ratis.thirdparty.io.netty.allocator.useCacheForAllThreads=false in command line.
2019-10-23 12:13:10,571 [main] INFO  grpc.GrpcConfigKeys$Server (ConfUtils.java:logGet(43)) - raft.grpc.server.port = 0 (default)
2019-10-23 12:13:10,572 [main] INFO  server.GrpcService (ConfUtils.java:logGet(43)) - raft.grpc.message.size.max = 33570816 (custom)
2019-10-23 12:13:10,572 [main] INFO  server.RaftServerConfigKeys (ConfUtils.java:logGet(43)) - raft.server.log.appender.buffer.byte-limit = 33554432 (custom)
2019-10-23 12:13:10,572 [main] INFO  server.GrpcService (ConfUtils.java:logGet(43)) - raft.grpc.flow.control.window = 1MB (=1048576) (default)
2019-10-23 12:13:10,573 [Datanode State Machine Thread - 0] INFO  datanode.InitDatanodeState (InitDatanodeState.java:persistContainerDatanodeDetails(140)) - DatanodeDetails is persisted to /workdir/hadoop-ozone/integration-test/target/test-dir/MiniOzoneClusterImpl-f0805996-b414-4d96-aefa-ea3288852db6/datanode-0/meta/datanode.id
2019-10-23 12:13:10,573 [main] INFO  server.RaftServerConfigKeys (ConfUtils.java:logGet(43)) - raft.server.rpc.request.timeout = 3000ms (default)
2019-10-23 12:13:10,579 [Datanode State Machine Thread - 0] INFO  datanode.InitDatanodeState (InitDatanodeState.java:persistContainerDatanodeDetails(140)) - DatanodeDetails is persisted to /workdir/hadoop-ozone/integration-test/target/test-dir/MiniOzoneClusterImpl-f0805996-b414-4d96-aefa-ea3288852db6/datanode-1/meta/datanode.id
2019-10-23 12:13:10,580 [main] INFO  server.RaftServerConfigKeys (ConfUtils.java:logGet(43)) - raft.server.storage.dir = [/workdir/hadoop-ozone/integration-test/target/test-dir/MiniOzoneClusterImpl-f0805996-b414-4d96-aefa-ea3288852db6/datanode-2/data/ratis] (custom)
2019-10-23 12:13:10,583 [main] INFO  hdfs.DFSUtil (DFSUtil.java:httpServerTemplateForNNAndJN(1641)) - Starting Web-server for hddsDatanode at: http://0.0.0.0:0
2019-10-23 12:13:10,585 [main] INFO  server.AuthenticationFilter (AuthenticationFilter.java:constructSecretProvider(240)) - Unable to initialize FileSignerSecretProvider, falling back to use random secrets.
2019-10-23 12:13:10,585 [main] WARN  http.HttpRequestLog (HttpRequestLog.java:getRequestLog(97)) - Jetty request log can only be enabled using Log4j
2019-10-23 12:13:10,587 [main] INFO  http.HttpServer2 (HttpServer2.java:addGlobalFilter(975)) - Added global filter 'safety' (class=org.apache.hadoop.http.HttpServer2$QuotingInputFilter)
2019-10-23 12:13:10,588 [main] INFO  http.HttpServer2 (HttpServer2.java:addFilter(948)) - Added filter static_user_filter (class=org.apache.hadoop.http.lib.StaticUserWebFilter$StaticUserFilter) to context hddsDatanode
2019-10-23 12:13:10,588 [main] INFO  http.HttpServer2 (HttpServer2.java:addFilter(958)) - Added filter static_user_filter (class=org.apache.hadoop.http.lib.StaticUserWebFilter$StaticUserFilter) to context logs
2019-10-23 12:13:10,588 [main] INFO  http.HttpServer2 (HttpServer2.java:addFilter(958)) - Added filter static_user_filter (class=org.apache.hadoop.http.lib.StaticUserWebFilter$StaticUserFilter) to context static
2019-10-23 12:13:10,589 [main] INFO  http.HttpServer2 (HttpServer2.java:bindListener(1191)) - Jetty bound to port 39699
2019-10-23 12:13:10,589 [main] INFO  server.Server (Server.java:doStart(351)) - jetty-9.3.25.v20180904, build timestamp: 2018-09-04T21:11:46Z, git hash: 3ce520221d0240229c862b122d2b06c12a625732
2019-10-23 12:13:10,594 [main] INFO  handler.ContextHandler (ContextHandler.java:doStart(781)) - Started o.e.j.s.ServletContextHandler@4eba373c{/logs,file:///workdir/hadoop-ozone/integration-test/target/log,AVAILABLE}
2019-10-23 12:13:10,594 [main] INFO  handler.ContextHandler (ContextHandler.java:doStart(781)) - Started o.e.j.s.ServletContextHandler@d109c4f{/static,jar:file:/home/user/.m2/repository/org/apache/hadoop/hadoop-hdds-container-service/0.5.0-SNAPSHOT/hadoop-hdds-container-service-0.5.0-SNAPSHOT.jar!/webapps/static,AVAILABLE}
2019-10-23 12:13:10,627 [main] INFO  handler.ContextHandler (ContextHandler.java:doStart(781)) - Started o.e.j.w.WebAppContext@80bfdc6{/,file:///tmp/jetty-0.0.0.0-39699-hddsDatanode-_-any-2989237688681864023.dir/webapp/,AVAILABLE}{/hddsDatanode}
2019-10-23 12:13:10,628 [main] INFO  server.AbstractConnector (AbstractConnector.java:doStart(278)) - Started ServerConnector@6edcad64{HTTP/1.1,[http/1.1]}{0.0.0.0:39699}
2019-10-23 12:13:10,629 [main] INFO  server.Server (Server.java:doStart(419)) - Started @4993ms
2019-10-23 12:13:10,630 [main] WARN  impl.MetricsSystemImpl (MetricsSystemImpl.java:register(276)) - Sink prometheus already exists!
2019-10-23 12:13:10,631 [main] INFO  server.BaseHttpServer (BaseHttpServer.java:updateConnectorAddress(215)) - HTTP server of HDDSDATANODE is listening at http://0.0.0.0:39699
2019-10-23 12:13:10,632 [main] INFO  impl.MetricsSystemImpl (MetricsSystemImpl.java:init(158)) - HddsDatanode metrics system started (again)
2019-10-23 12:13:10,635 [main] INFO  ozone.HddsDatanodeService (HddsDatanodeService.java:start(184)) - HddsDatanodeService host:pr-hdds1643-t2fz7-3136866267 ip:192.168.69.118
2019-10-23 12:13:10,635 [org.apache.hadoop.util.JvmPauseMonitor$Monitor@ba0b0d0] INFO  util.JvmPauseMonitor (JvmPauseMonitor.java:run(188)) - Starting JVM pause monitor
2019-10-23 12:13:10,639 [Datanode State Machine Thread - 0] INFO  datanode.InitDatanodeState (InitDatanodeState.java:persistContainerDatanodeDetails(140)) - DatanodeDetails is persisted to /workdir/hadoop-ozone/integration-test/target/test-dir/MiniOzoneClusterImpl-f0805996-b414-4d96-aefa-ea3288852db6/datanode-2/meta/datanode.id
2019-10-23 12:13:10,644 [main] INFO  volume.HddsVolume (HddsVolume.java:<init>(176)) - Creating Volume: /workdir/hadoop-ozone/integration-test/target/test-dir/MiniOzoneClusterImpl-f0805996-b414-4d96-aefa-ea3288852db6/datanode-3/data/containers/hdds of  storage type : DISK and capacity : 1482555576320
2019-10-23 12:13:10,644 [main] INFO  volume.VolumeSet (VolumeSet.java:initializeVolumeSet(170)) - Added Volume : /workdir/hadoop-ozone/integration-test/target/test-dir/MiniOzoneClusterImpl-f0805996-b414-4d96-aefa-ea3288852db6/datanode-3/data/containers/hdds to VolumeSet
2019-10-23 12:13:10,644 [main] INFO  volume.ThrottledAsyncChecker (ThrottledAsyncChecker.java:schedule(141)) - Scheduling a check for /workdir/hadoop-ozone/integration-test/target/test-dir/MiniOzoneClusterImpl-f0805996-b414-4d96-aefa-ea3288852db6/datanode-3/data/containers/hdds
2019-10-23 12:13:10,645 [main] INFO  volume.HddsVolumeChecker (HddsVolumeChecker.java:checkAllVolumes(204)) - Scheduled health check for volume /workdir/hadoop-ozone/integration-test/target/test-dir/MiniOzoneClusterImpl-f0805996-b414-4d96-aefa-ea3288852db6/datanode-3/data/containers/hdds
2019-10-23 12:13:10,665 [main] INFO  impl.RaftServerProxy (ConfUtils.java:logGet(43)) - raft.rpc.type = GRPC (default)
2019-10-23 12:13:10,665 [main] INFO  grpc.GrpcFactory (GrpcFactory.java:checkPooledByteBufAllocatorUseCacheForAllThreads(45)) - PERFORMANCE WARNING: useCacheForAllThreads is true that may cause Netty to create a lot garbage objects and, as a result, trigger GC.
	It is recommended to disable useCacheForAllThreads by setting -Dorg.apache.ratis.thirdparty.io.netty.allocator.useCacheForAllThreads=false in command line.
2019-10-23 12:13:10,666 [main] INFO  grpc.GrpcConfigKeys$Server (ConfUtils.java:logGet(43)) - raft.grpc.server.port = 0 (default)
2019-10-23 12:13:10,666 [main] INFO  server.GrpcService (ConfUtils.java:logGet(43)) - raft.grpc.message.size.max = 33570816 (custom)
2019-10-23 12:13:10,666 [main] INFO  server.RaftServerConfigKeys (ConfUtils.java:logGet(43)) - raft.server.log.appender.buffer.byte-limit = 33554432 (custom)
2019-10-23 12:13:10,666 [main] INFO  server.GrpcService (ConfUtils.java:logGet(43)) - raft.grpc.flow.control.window = 1MB (=1048576) (default)
2019-10-23 12:13:10,667 [main] INFO  server.RaftServerConfigKeys (ConfUtils.java:logGet(43)) - raft.server.rpc.request.timeout = 3000ms (default)
2019-10-23 12:13:10,667 [main] INFO  server.RaftServerConfigKeys (ConfUtils.java:logGet(43)) - raft.server.storage.dir = [/workdir/hadoop-ozone/integration-test/target/test-dir/MiniOzoneClusterImpl-f0805996-b414-4d96-aefa-ea3288852db6/datanode-3/data/ratis] (custom)
2019-10-23 12:13:10,669 [main] INFO  hdfs.DFSUtil (DFSUtil.java:httpServerTemplateForNNAndJN(1641)) - Starting Web-server for hddsDatanode at: http://0.0.0.0:0
2019-10-23 12:13:10,671 [main] INFO  server.AuthenticationFilter (AuthenticationFilter.java:constructSecretProvider(240)) - Unable to initialize FileSignerSecretProvider, falling back to use random secrets.
2019-10-23 12:13:10,672 [main] WARN  http.HttpRequestLog (HttpRequestLog.java:getRequestLog(97)) - Jetty request log can only be enabled using Log4j
2019-10-23 12:13:10,675 [main] INFO  http.HttpServer2 (HttpServer2.java:addGlobalFilter(975)) - Added global filter 'safety' (class=org.apache.hadoop.http.HttpServer2$QuotingInputFilter)
2019-10-23 12:13:10,676 [main] INFO  http.HttpServer2 (HttpServer2.java:addFilter(948)) - Added filter static_user_filter (class=org.apache.hadoop.http.lib.StaticUserWebFilter$StaticUserFilter) to context hddsDatanode
2019-10-23 12:13:10,676 [main] INFO  http.HttpServer2 (HttpServer2.java:addFilter(958)) - Added filter static_user_filter (class=org.apache.hadoop.http.lib.StaticUserWebFilter$StaticUserFilter) to context logs
2019-10-23 12:13:10,676 [main] INFO  http.HttpServer2 (HttpServer2.java:addFilter(958)) - Added filter static_user_filter (class=org.apache.hadoop.http.lib.StaticUserWebFilter$StaticUserFilter) to context static
2019-10-23 12:13:10,678 [main] INFO  http.HttpServer2 (HttpServer2.java:bindListener(1191)) - Jetty bound to port 43452
2019-10-23 12:13:10,678 [main] INFO  server.Server (Server.java:doStart(351)) - jetty-9.3.25.v20180904, build timestamp: 2018-09-04T21:11:46Z, git hash: 3ce520221d0240229c862b122d2b06c12a625732
2019-10-23 12:13:10,681 [main] INFO  handler.ContextHandler (ContextHandler.java:doStart(781)) - Started o.e.j.s.ServletContextHandler@a9f023e{/logs,file:///workdir/hadoop-ozone/integration-test/target/log,AVAILABLE}
2019-10-23 12:13:10,682 [main] INFO  handler.ContextHandler (ContextHandler.java:doStart(781)) - Started o.e.j.s.ServletContextHandler@4b200971{/static,jar:file:/home/user/.m2/repository/org/apache/hadoop/hadoop-hdds-container-service/0.5.0-SNAPSHOT/hadoop-hdds-container-service-0.5.0-SNAPSHOT.jar!/webapps/static,AVAILABLE}
2019-10-23 12:13:10,723 [main] INFO  handler.ContextHandler (ContextHandler.java:doStart(781)) - Started o.e.j.w.WebAppContext@337bbfdf{/,file:///tmp/jetty-0.0.0.0-43452-hddsDatanode-_-any-6786605300781043788.dir/webapp/,AVAILABLE}{/hddsDatanode}
2019-10-23 12:13:10,724 [main] INFO  server.AbstractConnector (AbstractConnector.java:doStart(278)) - Started ServerConnector@52d97ab6{HTTP/1.1,[http/1.1]}{0.0.0.0:43452}
2019-10-23 12:13:10,725 [main] INFO  server.Server (Server.java:doStart(419)) - Started @5089ms
2019-10-23 12:13:10,725 [main] WARN  impl.MetricsSystemImpl (MetricsSystemImpl.java:register(276)) - Sink prometheus already exists!
2019-10-23 12:13:10,727 [main] INFO  server.BaseHttpServer (BaseHttpServer.java:updateConnectorAddress(215)) - HTTP server of HDDSDATANODE is listening at http://0.0.0.0:43452
2019-10-23 12:13:10,727 [main] INFO  impl.MetricsSystemImpl (MetricsSystemImpl.java:init(158)) - HddsDatanode metrics system started (again)
2019-10-23 12:13:10,731 [org.apache.hadoop.util.JvmPauseMonitor$Monitor@7296ce8b] INFO  util.JvmPauseMonitor (JvmPauseMonitor.java:run(188)) - Starting JVM pause monitor
2019-10-23 12:13:10,732 [main] INFO  ozone.HddsDatanodeService (HddsDatanodeService.java:start(184)) - HddsDatanodeService host:pr-hdds1643-t2fz7-3136866267 ip:192.168.69.118
2019-10-23 12:13:10,734 [Datanode State Machine Thread - 0] INFO  datanode.InitDatanodeState (InitDatanodeState.java:persistContainerDatanodeDetails(140)) - DatanodeDetails is persisted to /workdir/hadoop-ozone/integration-test/target/test-dir/MiniOzoneClusterImpl-f0805996-b414-4d96-aefa-ea3288852db6/datanode-3/meta/datanode.id
2019-10-23 12:13:10,741 [main] INFO  volume.HddsVolume (HddsVolume.java:<init>(176)) - Creating Volume: /workdir/hadoop-ozone/integration-test/target/test-dir/MiniOzoneClusterImpl-f0805996-b414-4d96-aefa-ea3288852db6/datanode-4/data/containers/hdds of  storage type : DISK and capacity : 1482555576320
2019-10-23 12:13:10,741 [main] INFO  volume.VolumeSet (VolumeSet.java:initializeVolumeSet(170)) - Added Volume : /workdir/hadoop-ozone/integration-test/target/test-dir/MiniOzoneClusterImpl-f0805996-b414-4d96-aefa-ea3288852db6/datanode-4/data/containers/hdds to VolumeSet
2019-10-23 12:13:10,742 [main] INFO  volume.ThrottledAsyncChecker (ThrottledAsyncChecker.java:schedule(141)) - Scheduling a check for /workdir/hadoop-ozone/integration-test/target/test-dir/MiniOzoneClusterImpl-f0805996-b414-4d96-aefa-ea3288852db6/datanode-4/data/containers/hdds
2019-10-23 12:13:10,743 [main] INFO  volume.HddsVolumeChecker (HddsVolumeChecker.java:checkAllVolumes(204)) - Scheduled health check for volume /workdir/hadoop-ozone/integration-test/target/test-dir/MiniOzoneClusterImpl-f0805996-b414-4d96-aefa-ea3288852db6/datanode-4/data/containers/hdds
2019-10-23 12:13:10,764 [main] INFO  impl.RaftServerProxy (ConfUtils.java:logGet(43)) - raft.rpc.type = GRPC (default)
2019-10-23 12:13:10,764 [main] INFO  grpc.GrpcFactory (GrpcFactory.java:checkPooledByteBufAllocatorUseCacheForAllThreads(45)) - PERFORMANCE WARNING: useCacheForAllThreads is true that may cause Netty to create a lot garbage objects and, as a result, trigger GC.
	It is recommended to disable useCacheForAllThreads by setting -Dorg.apache.ratis.thirdparty.io.netty.allocator.useCacheForAllThreads=false in command line.
2019-10-23 12:13:10,765 [main] INFO  grpc.GrpcConfigKeys$Server (ConfUtils.java:logGet(43)) - raft.grpc.server.port = 0 (default)
2019-10-23 12:13:10,765 [main] INFO  server.GrpcService (ConfUtils.java:logGet(43)) - raft.grpc.message.size.max = 33570816 (custom)
2019-10-23 12:13:10,765 [main] INFO  server.RaftServerConfigKeys (ConfUtils.java:logGet(43)) - raft.server.log.appender.buffer.byte-limit = 33554432 (custom)
2019-10-23 12:13:10,766 [main] INFO  server.GrpcService (ConfUtils.java:logGet(43)) - raft.grpc.flow.control.window = 1MB (=1048576) (default)
2019-10-23 12:13:10,766 [main] INFO  server.RaftServerConfigKeys (ConfUtils.java:logGet(43)) - raft.server.rpc.request.timeout = 3000ms (default)
2019-10-23 12:13:10,767 [main] INFO  server.RaftServerConfigKeys (ConfUtils.java:logGet(43)) - raft.server.storage.dir = [/workdir/hadoop-ozone/integration-test/target/test-dir/MiniOzoneClusterImpl-f0805996-b414-4d96-aefa-ea3288852db6/datanode-4/data/ratis] (custom)
2019-10-23 12:13:10,769 [main] INFO  hdfs.DFSUtil (DFSUtil.java:httpServerTemplateForNNAndJN(1641)) - Starting Web-server for hddsDatanode at: http://0.0.0.0:0
2019-10-23 12:13:10,771 [main] INFO  server.AuthenticationFilter (AuthenticationFilter.java:constructSecretProvider(240)) - Unable to initialize FileSignerSecretProvider, falling back to use random secrets.
2019-10-23 12:13:10,772 [main] WARN  http.HttpRequestLog (HttpRequestLog.java:getRequestLog(97)) - Jetty request log can only be enabled using Log4j
2019-10-23 12:13:10,775 [main] INFO  http.HttpServer2 (HttpServer2.java:addGlobalFilter(975)) - Added global filter 'safety' (class=org.apache.hadoop.http.HttpServer2$QuotingInputFilter)
2019-10-23 12:13:10,776 [main] INFO  http.HttpServer2 (HttpServer2.java:addFilter(948)) - Added filter static_user_filter (class=org.apache.hadoop.http.lib.StaticUserWebFilter$StaticUserFilter) to context hddsDatanode
2019-10-23 12:13:10,777 [main] INFO  http.HttpServer2 (HttpServer2.java:addFilter(958)) - Added filter static_user_filter (class=org.apache.hadoop.http.lib.StaticUserWebFilter$StaticUserFilter) to context logs
2019-10-23 12:13:10,777 [main] INFO  http.HttpServer2 (HttpServer2.java:addFilter(958)) - Added filter static_user_filter (class=org.apache.hadoop.http.lib.StaticUserWebFilter$StaticUserFilter) to context static
2019-10-23 12:13:10,778 [main] INFO  http.HttpServer2 (HttpServer2.java:bindListener(1191)) - Jetty bound to port 38962
2019-10-23 12:13:10,778 [main] INFO  server.Server (Server.java:doStart(351)) - jetty-9.3.25.v20180904, build timestamp: 2018-09-04T21:11:46Z, git hash: 3ce520221d0240229c862b122d2b06c12a625732
2019-10-23 12:13:10,783 [main] INFO  handler.ContextHandler (ContextHandler.java:doStart(781)) - Started o.e.j.s.ServletContextHandler@726aa968{/logs,file:///workdir/hadoop-ozone/integration-test/target/log,AVAILABLE}
2019-10-23 12:13:10,784 [main] INFO  handler.ContextHandler (ContextHandler.java:doStart(781)) - Started o.e.j.s.ServletContextHandler@712cfb63{/static,jar:file:/home/user/.m2/repository/org/apache/hadoop/hadoop-hdds-container-service/0.5.0-SNAPSHOT/hadoop-hdds-container-service-0.5.0-SNAPSHOT.jar!/webapps/static,AVAILABLE}
2019-10-23 12:13:10,830 [main] INFO  handler.ContextHandler (ContextHandler.java:doStart(781)) - Started o.e.j.w.WebAppContext@7ecec90d{/,file:///tmp/jetty-0.0.0.0-38962-hddsDatanode-_-any-1555829285757388432.dir/webapp/,AVAILABLE}{/hddsDatanode}
2019-10-23 12:13:10,831 [main] INFO  server.AbstractConnector (AbstractConnector.java:doStart(278)) - Started ServerConnector@588f63c{HTTP/1.1,[http/1.1]}{0.0.0.0:38962}
2019-10-23 12:13:10,832 [main] INFO  server.Server (Server.java:doStart(419)) - Started @5196ms
2019-10-23 12:13:10,833 [main] WARN  impl.MetricsSystemImpl (MetricsSystemImpl.java:register(276)) - Sink prometheus already exists!
2019-10-23 12:13:10,834 [main] INFO  server.BaseHttpServer (BaseHttpServer.java:updateConnectorAddress(215)) - HTTP server of HDDSDATANODE is listening at http://0.0.0.0:38962
2019-10-23 12:13:10,834 [main] INFO  impl.MetricsSystemImpl (MetricsSystemImpl.java:init(158)) - HddsDatanode metrics system started (again)
2019-10-23 12:13:10,838 [org.apache.hadoop.util.JvmPauseMonitor$Monitor@4069d6e0] INFO  util.JvmPauseMonitor (JvmPauseMonitor.java:run(188)) - Starting JVM pause monitor
2019-10-23 12:13:10,840 [main] INFO  ozone.HddsDatanodeService (HddsDatanodeService.java:start(184)) - HddsDatanodeService host:pr-hdds1643-t2fz7-3136866267 ip:192.168.69.118
2019-10-23 12:13:10,841 [Datanode State Machine Thread - 0] INFO  datanode.InitDatanodeState (InitDatanodeState.java:persistContainerDatanodeDetails(140)) - DatanodeDetails is persisted to /workdir/hadoop-ozone/integration-test/target/test-dir/MiniOzoneClusterImpl-f0805996-b414-4d96-aefa-ea3288852db6/datanode-4/meta/datanode.id
2019-10-23 12:13:10,850 [main] INFO  volume.HddsVolume (HddsVolume.java:<init>(176)) - Creating Volume: /workdir/hadoop-ozone/integration-test/target/test-dir/MiniOzoneClusterImpl-f0805996-b414-4d96-aefa-ea3288852db6/datanode-5/data/containers/hdds of  storage type : DISK and capacity : 1482555576320
2019-10-23 12:13:10,851 [main] INFO  volume.VolumeSet (VolumeSet.java:initializeVolumeSet(170)) - Added Volume : /workdir/hadoop-ozone/integration-test/target/test-dir/MiniOzoneClusterImpl-f0805996-b414-4d96-aefa-ea3288852db6/datanode-5/data/containers/hdds to VolumeSet
2019-10-23 12:13:10,851 [main] INFO  volume.ThrottledAsyncChecker (ThrottledAsyncChecker.java:schedule(141)) - Scheduling a check for /workdir/hadoop-ozone/integration-test/target/test-dir/MiniOzoneClusterImpl-f0805996-b414-4d96-aefa-ea3288852db6/datanode-5/data/containers/hdds
2019-10-23 12:13:10,852 [main] INFO  volume.HddsVolumeChecker (HddsVolumeChecker.java:checkAllVolumes(204)) - Scheduled health check for volume /workdir/hadoop-ozone/integration-test/target/test-dir/MiniOzoneClusterImpl-f0805996-b414-4d96-aefa-ea3288852db6/datanode-5/data/containers/hdds
2019-10-23 12:13:10,872 [main] INFO  impl.RaftServerProxy (ConfUtils.java:logGet(43)) - raft.rpc.type = GRPC (default)
2019-10-23 12:13:10,872 [main] INFO  grpc.GrpcFactory (GrpcFactory.java:checkPooledByteBufAllocatorUseCacheForAllThreads(45)) - PERFORMANCE WARNING: useCacheForAllThreads is true that may cause Netty to create a lot garbage objects and, as a result, trigger GC.
	It is recommended to disable useCacheForAllThreads by setting -Dorg.apache.ratis.thirdparty.io.netty.allocator.useCacheForAllThreads=false in command line.
2019-10-23 12:13:10,873 [main] INFO  grpc.GrpcConfigKeys$Server (ConfUtils.java:logGet(43)) - raft.grpc.server.port = 0 (default)
2019-10-23 12:13:10,873 [main] INFO  server.GrpcService (ConfUtils.java:logGet(43)) - raft.grpc.message.size.max = 33570816 (custom)
2019-10-23 12:13:10,873 [main] INFO  server.RaftServerConfigKeys (ConfUtils.java:logGet(43)) - raft.server.log.appender.buffer.byte-limit = 33554432 (custom)
2019-10-23 12:13:10,873 [main] INFO  server.GrpcService (ConfUtils.java:logGet(43)) - raft.grpc.flow.control.window = 1MB (=1048576) (default)
2019-10-23 12:13:10,874 [main] INFO  server.RaftServerConfigKeys (ConfUtils.java:logGet(43)) - raft.server.rpc.request.timeout = 3000ms (default)
2019-10-23 12:13:10,875 [main] INFO  server.RaftServerConfigKeys (ConfUtils.java:logGet(43)) - raft.server.storage.dir = [/workdir/hadoop-ozone/integration-test/target/test-dir/MiniOzoneClusterImpl-f0805996-b414-4d96-aefa-ea3288852db6/datanode-5/data/ratis] (custom)
2019-10-23 12:13:10,877 [main] INFO  hdfs.DFSUtil (DFSUtil.java:httpServerTemplateForNNAndJN(1641)) - Starting Web-server for hddsDatanode at: http://0.0.0.0:0
2019-10-23 12:13:10,879 [main] INFO  server.AuthenticationFilter (AuthenticationFilter.java:constructSecretProvider(240)) - Unable to initialize FileSignerSecretProvider, falling back to use random secrets.
2019-10-23 12:13:10,879 [main] WARN  http.HttpRequestLog (HttpRequestLog.java:getRequestLog(97)) - Jetty request log can only be enabled using Log4j
2019-10-23 12:13:10,881 [main] INFO  http.HttpServer2 (HttpServer2.java:addGlobalFilter(975)) - Added global filter 'safety' (class=org.apache.hadoop.http.HttpServer2$QuotingInputFilter)
2019-10-23 12:13:10,882 [main] INFO  http.HttpServer2 (HttpServer2.java:addFilter(948)) - Added filter static_user_filter (class=org.apache.hadoop.http.lib.StaticUserWebFilter$StaticUserFilter) to context hddsDatanode
2019-10-23 12:13:10,882 [main] INFO  http.HttpServer2 (HttpServer2.java:addFilter(958)) - Added filter static_user_filter (class=org.apache.hadoop.http.lib.StaticUserWebFilter$StaticUserFilter) to context logs
2019-10-23 12:13:10,882 [main] INFO  http.HttpServer2 (HttpServer2.java:addFilter(958)) - Added filter static_user_filter (class=org.apache.hadoop.http.lib.StaticUserWebFilter$StaticUserFilter) to context static
2019-10-23 12:13:10,883 [main] INFO  http.HttpServer2 (HttpServer2.java:bindListener(1191)) - Jetty bound to port 45404
2019-10-23 12:13:10,884 [main] INFO  server.Server (Server.java:doStart(351)) - jetty-9.3.25.v20180904, build timestamp: 2018-09-04T21:11:46Z, git hash: 3ce520221d0240229c862b122d2b06c12a625732
2019-10-23 12:13:10,886 [main] INFO  handler.ContextHandler (ContextHandler.java:doStart(781)) - Started o.e.j.s.ServletContextHandler@43af351a{/logs,file:///workdir/hadoop-ozone/integration-test/target/log,AVAILABLE}
2019-10-23 12:13:10,886 [main] INFO  handler.ContextHandler (ContextHandler.java:doStart(781)) - Started o.e.j.s.ServletContextHandler@72f9f27c{/static,jar:file:/home/user/.m2/repository/org/apache/hadoop/hadoop-hdds-container-service/0.5.0-SNAPSHOT/hadoop-hdds-container-service-0.5.0-SNAPSHOT.jar!/webapps/static,AVAILABLE}
2019-10-23 12:13:10,925 [main] INFO  handler.ContextHandler (ContextHandler.java:doStart(781)) - Started o.e.j.w.WebAppContext@56dfab87{/,file:///tmp/jetty-0.0.0.0-45404-hddsDatanode-_-any-3570977470215913970.dir/webapp/,AVAILABLE}{/hddsDatanode}
2019-10-23 12:13:10,925 [main] INFO  server.AbstractConnector (AbstractConnector.java:doStart(278)) - Started ServerConnector@715b886f{HTTP/1.1,[http/1.1]}{0.0.0.0:45404}
2019-10-23 12:13:10,926 [main] INFO  server.Server (Server.java:doStart(419)) - Started @5290ms
2019-10-23 12:13:10,927 [main] WARN  impl.MetricsSystemImpl (MetricsSystemImpl.java:register(276)) - Sink prometheus already exists!
2019-10-23 12:13:10,928 [main] INFO  server.BaseHttpServer (BaseHttpServer.java:updateConnectorAddress(215)) - HTTP server of HDDSDATANODE is listening at http://0.0.0.0:45404
2019-10-23 12:13:10,928 [main] INFO  impl.MetricsSystemImpl (MetricsSystemImpl.java:init(158)) - HddsDatanode metrics system started (again)
2019-10-23 12:13:10,933 [org.apache.hadoop.util.JvmPauseMonitor$Monitor@2127a17d] INFO  util.JvmPauseMonitor (JvmPauseMonitor.java:run(188)) - Starting JVM pause monitor
2019-10-23 12:13:10,934 [main] INFO  ozone.HddsDatanodeService (HddsDatanodeService.java:start(184)) - HddsDatanodeService host:pr-hdds1643-t2fz7-3136866267 ip:192.168.69.118
2019-10-23 12:13:10,935 [Datanode State Machine Thread - 0] INFO  datanode.InitDatanodeState (InitDatanodeState.java:persistContainerDatanodeDetails(140)) - DatanodeDetails is persisted to /workdir/hadoop-ozone/integration-test/target/test-dir/MiniOzoneClusterImpl-f0805996-b414-4d96-aefa-ea3288852db6/datanode-5/meta/datanode.id
2019-10-23 12:13:10,944 [main] INFO  volume.HddsVolume (HddsVolume.java:<init>(176)) - Creating Volume: /workdir/hadoop-ozone/integration-test/target/test-dir/MiniOzoneClusterImpl-f0805996-b414-4d96-aefa-ea3288852db6/datanode-6/data/containers/hdds of  storage type : DISK and capacity : 1482555576320
2019-10-23 12:13:10,945 [main] INFO  volume.VolumeSet (VolumeSet.java:initializeVolumeSet(170)) - Added Volume : /workdir/hadoop-ozone/integration-test/target/test-dir/MiniOzoneClusterImpl-f0805996-b414-4d96-aefa-ea3288852db6/datanode-6/data/containers/hdds to VolumeSet
2019-10-23 12:13:10,945 [main] INFO  volume.ThrottledAsyncChecker (ThrottledAsyncChecker.java:schedule(141)) - Scheduling a check for /workdir/hadoop-ozone/integration-test/target/test-dir/MiniOzoneClusterImpl-f0805996-b414-4d96-aefa-ea3288852db6/datanode-6/data/containers/hdds
2019-10-23 12:13:10,946 [main] INFO  volume.HddsVolumeChecker (HddsVolumeChecker.java:checkAllVolumes(204)) - Scheduled health check for volume /workdir/hadoop-ozone/integration-test/target/test-dir/MiniOzoneClusterImpl-f0805996-b414-4d96-aefa-ea3288852db6/datanode-6/data/containers/hdds
2019-10-23 12:13:10,968 [main] INFO  impl.RaftServerProxy (ConfUtils.java:logGet(43)) - raft.rpc.type = GRPC (default)
2019-10-23 12:13:10,969 [main] INFO  grpc.GrpcFactory (GrpcFactory.java:checkPooledByteBufAllocatorUseCacheForAllThreads(45)) - PERFORMANCE WARNING: useCacheForAllThreads is true that may cause Netty to create a lot garbage objects and, as a result, trigger GC.
	It is recommended to disable useCacheForAllThreads by setting -Dorg.apache.ratis.thirdparty.io.netty.allocator.useCacheForAllThreads=false in command line.
2019-10-23 12:13:10,969 [main] INFO  grpc.GrpcConfigKeys$Server (ConfUtils.java:logGet(43)) - raft.grpc.server.port = 0 (default)
2019-10-23 12:13:10,969 [main] INFO  server.GrpcService (ConfUtils.java:logGet(43)) - raft.grpc.message.size.max = 33570816 (custom)
2019-10-23 12:13:10,970 [main] INFO  server.RaftServerConfigKeys (ConfUtils.java:logGet(43)) - raft.server.log.appender.buffer.byte-limit = 33554432 (custom)
2019-10-23 12:13:10,970 [main] INFO  server.GrpcService (ConfUtils.java:logGet(43)) - raft.grpc.flow.control.window = 1MB (=1048576) (default)
2019-10-23 12:13:10,970 [main] INFO  server.RaftServerConfigKeys (ConfUtils.java:logGet(43)) - raft.server.rpc.request.timeout = 3000ms (default)
2019-10-23 12:13:10,971 [main] INFO  server.RaftServerConfigKeys (ConfUtils.java:logGet(43)) - raft.server.storage.dir = [/workdir/hadoop-ozone/integration-test/target/test-dir/MiniOzoneClusterImpl-f0805996-b414-4d96-aefa-ea3288852db6/datanode-6/data/ratis] (custom)
2019-10-23 12:13:10,973 [main] INFO  hdfs.DFSUtil (DFSUtil.java:httpServerTemplateForNNAndJN(1641)) - Starting Web-server for hddsDatanode at: http://0.0.0.0:0
2019-10-23 12:13:10,975 [main] INFO  server.AuthenticationFilter (AuthenticationFilter.java:constructSecretProvider(240)) - Unable to initialize FileSignerSecretProvider, falling back to use random secrets.
2019-10-23 12:13:10,975 [main] WARN  http.HttpRequestLog (HttpRequestLog.java:getRequestLog(97)) - Jetty request log can only be enabled using Log4j
2019-10-23 12:13:10,977 [main] INFO  http.HttpServer2 (HttpServer2.java:addGlobalFilter(975)) - Added global filter 'safety' (class=org.apache.hadoop.http.HttpServer2$QuotingInputFilter)
2019-10-23 12:13:10,978 [main] INFO  http.HttpServer2 (HttpServer2.java:addFilter(948)) - Added filter static_user_filter (class=org.apache.hadoop.http.lib.StaticUserWebFilter$StaticUserFilter) to context hddsDatanode
2019-10-23 12:13:10,978 [main] INFO  http.HttpServer2 (HttpServer2.java:addFilter(958)) - Added filter static_user_filter (class=org.apache.hadoop.http.lib.StaticUserWebFilter$StaticUserFilter) to context logs
2019-10-23 12:13:10,978 [main] INFO  http.HttpServer2 (HttpServer2.java:addFilter(958)) - Added filter static_user_filter (class=org.apache.hadoop.http.lib.StaticUserWebFilter$StaticUserFilter) to context static
2019-10-23 12:13:10,979 [main] INFO  http.HttpServer2 (HttpServer2.java:bindListener(1191)) - Jetty bound to port 46336
2019-10-23 12:13:10,980 [main] INFO  server.Server (Server.java:doStart(351)) - jetty-9.3.25.v20180904, build timestamp: 2018-09-04T21:11:46Z, git hash: 3ce520221d0240229c862b122d2b06c12a625732
2019-10-23 12:13:10,982 [main] INFO  handler.ContextHandler (ContextHandler.java:doStart(781)) - Started o.e.j.s.ServletContextHandler@1457fde{/logs,file:///workdir/hadoop-ozone/integration-test/target/log,AVAILABLE}
2019-10-23 12:13:10,982 [main] INFO  handler.ContextHandler (ContextHandler.java:doStart(781)) - Started o.e.j.s.ServletContextHandler@17fa1336{/static,jar:file:/home/user/.m2/repository/org/apache/hadoop/hadoop-hdds-container-service/0.5.0-SNAPSHOT/hadoop-hdds-container-service-0.5.0-SNAPSHOT.jar!/webapps/static,AVAILABLE}
2019-10-23 12:13:11,020 [main] INFO  handler.ContextHandler (ContextHandler.java:doStart(781)) - Started o.e.j.w.WebAppContext@142213d5{/,file:///tmp/jetty-0.0.0.0-46336-hddsDatanode-_-any-5360766582167554938.dir/webapp/,AVAILABLE}{/hddsDatanode}
2019-10-23 12:13:11,020 [main] INFO  server.AbstractConnector (AbstractConnector.java:doStart(278)) - Started ServerConnector@934b52f{HTTP/1.1,[http/1.1]}{0.0.0.0:46336}
2019-10-23 12:13:11,021 [main] INFO  server.Server (Server.java:doStart(419)) - Started @5386ms
2019-10-23 12:13:11,021 [main] WARN  impl.MetricsSystemImpl (MetricsSystemImpl.java:register(276)) - Sink prometheus already exists!
2019-10-23 12:13:11,025 [main] INFO  server.BaseHttpServer (BaseHttpServer.java:updateConnectorAddress(215)) - HTTP server of HDDSDATANODE is listening at http://0.0.0.0:46336
2019-10-23 12:13:11,025 [main] INFO  impl.MetricsSystemImpl (MetricsSystemImpl.java:init(158)) - HddsDatanode metrics system started (again)
2019-10-23 12:13:11,029 [main] INFO  ozone.HddsDatanodeService (HddsDatanodeService.java:start(184)) - HddsDatanodeService host:pr-hdds1643-t2fz7-3136866267 ip:192.168.69.118
2019-10-23 12:13:11,029 [org.apache.hadoop.util.JvmPauseMonitor$Monitor@a4cbff4] INFO  util.JvmPauseMonitor (JvmPauseMonitor.java:run(188)) - Starting JVM pause monitor
2019-10-23 12:13:11,032 [Datanode State Machine Thread - 0] INFO  datanode.InitDatanodeState (InitDatanodeState.java:persistContainerDatanodeDetails(140)) - DatanodeDetails is persisted to /workdir/hadoop-ozone/integration-test/target/test-dir/MiniOzoneClusterImpl-f0805996-b414-4d96-aefa-ea3288852db6/datanode-6/meta/datanode.id
2019-10-23 12:13:11,039 [main] INFO  volume.HddsVolume (HddsVolume.java:<init>(176)) - Creating Volume: /workdir/hadoop-ozone/integration-test/target/test-dir/MiniOzoneClusterImpl-f0805996-b414-4d96-aefa-ea3288852db6/datanode-7/data/containers/hdds of  storage type : DISK and capacity : 1482555576320
2019-10-23 12:13:11,039 [main] INFO  volume.VolumeSet (VolumeSet.java:initializeVolumeSet(170)) - Added Volume : /workdir/hadoop-ozone/integration-test/target/test-dir/MiniOzoneClusterImpl-f0805996-b414-4d96-aefa-ea3288852db6/datanode-7/data/containers/hdds to VolumeSet
2019-10-23 12:13:11,040 [main] INFO  volume.ThrottledAsyncChecker (ThrottledAsyncChecker.java:schedule(141)) - Scheduling a check for /workdir/hadoop-ozone/integration-test/target/test-dir/MiniOzoneClusterImpl-f0805996-b414-4d96-aefa-ea3288852db6/datanode-7/data/containers/hdds
2019-10-23 12:13:11,040 [main] INFO  volume.HddsVolumeChecker (HddsVolumeChecker.java:checkAllVolumes(204)) - Scheduled health check for volume /workdir/hadoop-ozone/integration-test/target/test-dir/MiniOzoneClusterImpl-f0805996-b414-4d96-aefa-ea3288852db6/datanode-7/data/containers/hdds
2019-10-23 12:13:11,055 [main] INFO  impl.RaftServerProxy (ConfUtils.java:logGet(43)) - raft.rpc.type = GRPC (default)
2019-10-23 12:13:11,055 [main] INFO  grpc.GrpcFactory (GrpcFactory.java:checkPooledByteBufAllocatorUseCacheForAllThreads(45)) - PERFORMANCE WARNING: useCacheForAllThreads is true that may cause Netty to create a lot garbage objects and, as a result, trigger GC.
	It is recommended to disable useCacheForAllThreads by setting -Dorg.apache.ratis.thirdparty.io.netty.allocator.useCacheForAllThreads=false in command line.
2019-10-23 12:13:11,055 [main] INFO  grpc.GrpcConfigKeys$Server (ConfUtils.java:logGet(43)) - raft.grpc.server.port = 0 (default)
2019-10-23 12:13:11,055 [main] INFO  server.GrpcService (ConfUtils.java:logGet(43)) - raft.grpc.message.size.max = 33570816 (custom)
2019-10-23 12:13:11,056 [main] INFO  server.RaftServerConfigKeys (ConfUtils.java:logGet(43)) - raft.server.log.appender.buffer.byte-limit = 33554432 (custom)
2019-10-23 12:13:11,056 [main] INFO  server.GrpcService (ConfUtils.java:logGet(43)) - raft.grpc.flow.control.window = 1MB (=1048576) (default)
2019-10-23 12:13:11,056 [main] INFO  server.RaftServerConfigKeys (ConfUtils.java:logGet(43)) - raft.server.rpc.request.timeout = 3000ms (default)
2019-10-23 12:13:11,057 [main] INFO  server.RaftServerConfigKeys (ConfUtils.java:logGet(43)) - raft.server.storage.dir = [/workdir/hadoop-ozone/integration-test/target/test-dir/MiniOzoneClusterImpl-f0805996-b414-4d96-aefa-ea3288852db6/datanode-7/data/ratis] (custom)
2019-10-23 12:13:11,094 [main] INFO  hdfs.DFSUtil (DFSUtil.java:httpServerTemplateForNNAndJN(1641)) - Starting Web-server for hddsDatanode at: http://0.0.0.0:0
2019-10-23 12:13:11,097 [main] INFO  server.AuthenticationFilter (AuthenticationFilter.java:constructSecretProvider(240)) - Unable to initialize FileSignerSecretProvider, falling back to use random secrets.
2019-10-23 12:13:11,098 [main] WARN  http.HttpRequestLog (HttpRequestLog.java:getRequestLog(97)) - Jetty request log can only be enabled using Log4j
2019-10-23 12:13:11,100 [main] INFO  http.HttpServer2 (HttpServer2.java:addGlobalFilter(975)) - Added global filter 'safety' (class=org.apache.hadoop.http.HttpServer2$QuotingInputFilter)
2019-10-23 12:13:11,101 [main] INFO  http.HttpServer2 (HttpServer2.java:addFilter(948)) - Added filter static_user_filter (class=org.apache.hadoop.http.lib.StaticUserWebFilter$StaticUserFilter) to context hddsDatanode
2019-10-23 12:13:11,101 [main] INFO  http.HttpServer2 (HttpServer2.java:addFilter(958)) - Added filter static_user_filter (class=org.apache.hadoop.http.lib.StaticUserWebFilter$StaticUserFilter) to context static
2019-10-23 12:13:11,101 [main] INFO  http.HttpServer2 (HttpServer2.java:addFilter(958)) - Added filter static_user_filter (class=org.apache.hadoop.http.lib.StaticUserWebFilter$StaticUserFilter) to context logs
2019-10-23 12:13:11,103 [main] INFO  http.HttpServer2 (HttpServer2.java:bindListener(1191)) - Jetty bound to port 37357
2019-10-23 12:13:11,103 [main] INFO  server.Server (Server.java:doStart(351)) - jetty-9.3.25.v20180904, build timestamp: 2018-09-04T21:11:46Z, git hash: 3ce520221d0240229c862b122d2b06c12a625732
2019-10-23 12:13:11,105 [main] INFO  handler.ContextHandler (ContextHandler.java:doStart(781)) - Started o.e.j.s.ServletContextHandler@58fef7f7{/logs,file:///workdir/hadoop-ozone/integration-test/target/log,AVAILABLE}
2019-10-23 12:13:11,106 [main] INFO  handler.ContextHandler (ContextHandler.java:doStart(781)) - Started o.e.j.s.ServletContextHandler@12eedfee{/static,jar:file:/home/user/.m2/repository/org/apache/hadoop/hadoop-hdds-container-service/0.5.0-SNAPSHOT/hadoop-hdds-container-service-0.5.0-SNAPSHOT.jar!/webapps/static,AVAILABLE}
2019-10-23 12:13:11,145 [main] INFO  handler.ContextHandler (ContextHandler.java:doStart(781)) - Started o.e.j.w.WebAppContext@2bc378f7{/,file:///tmp/jetty-0.0.0.0-37357-hddsDatanode-_-any-1302905515743551303.dir/webapp/,AVAILABLE}{/hddsDatanode}
2019-10-23 12:13:11,146 [main] INFO  server.AbstractConnector (AbstractConnector.java:doStart(278)) - Started ServerConnector@268cbb86{HTTP/1.1,[http/1.1]}{0.0.0.0:37357}
2019-10-23 12:13:11,147 [main] INFO  server.Server (Server.java:doStart(419)) - Started @5511ms
2019-10-23 12:13:11,147 [main] WARN  impl.MetricsSystemImpl (MetricsSystemImpl.java:register(276)) - Sink prometheus already exists!
2019-10-23 12:13:11,148 [main] INFO  server.BaseHttpServer (BaseHttpServer.java:updateConnectorAddress(215)) - HTTP server of HDDSDATANODE is listening at http://0.0.0.0:37357
2019-10-23 12:13:11,149 [main] INFO  impl.MetricsSystemImpl (MetricsSystemImpl.java:init(158)) - HddsDatanode metrics system started (again)
2019-10-23 12:13:11,154 [org.apache.hadoop.util.JvmPauseMonitor$Monitor@23186a4f] INFO  util.JvmPauseMonitor (JvmPauseMonitor.java:run(188)) - Starting JVM pause monitor
2019-10-23 12:13:11,155 [main] INFO  ozone.HddsDatanodeService (HddsDatanodeService.java:start(184)) - HddsDatanodeService host:pr-hdds1643-t2fz7-3136866267 ip:192.168.69.118
2019-10-23 12:13:11,158 [Datanode State Machine Thread - 0] INFO  datanode.InitDatanodeState (InitDatanodeState.java:persistContainerDatanodeDetails(140)) - DatanodeDetails is persisted to /workdir/hadoop-ozone/integration-test/target/test-dir/MiniOzoneClusterImpl-f0805996-b414-4d96-aefa-ea3288852db6/datanode-7/meta/datanode.id
2019-10-23 12:13:11,166 [main] INFO  volume.HddsVolume (HddsVolume.java:<init>(176)) - Creating Volume: /workdir/hadoop-ozone/integration-test/target/test-dir/MiniOzoneClusterImpl-f0805996-b414-4d96-aefa-ea3288852db6/datanode-8/data/containers/hdds of  storage type : DISK and capacity : 1482555576320
2019-10-23 12:13:11,166 [main] INFO  volume.VolumeSet (VolumeSet.java:initializeVolumeSet(170)) - Added Volume : /workdir/hadoop-ozone/integration-test/target/test-dir/MiniOzoneClusterImpl-f0805996-b414-4d96-aefa-ea3288852db6/datanode-8/data/containers/hdds to VolumeSet
2019-10-23 12:13:11,167 [main] INFO  volume.ThrottledAsyncChecker (ThrottledAsyncChecker.java:schedule(141)) - Scheduling a check for /workdir/hadoop-ozone/integration-test/target/test-dir/MiniOzoneClusterImpl-f0805996-b414-4d96-aefa-ea3288852db6/datanode-8/data/containers/hdds
2019-10-23 12:13:11,167 [main] INFO  volume.HddsVolumeChecker (HddsVolumeChecker.java:checkAllVolumes(204)) - Scheduled health check for volume /workdir/hadoop-ozone/integration-test/target/test-dir/MiniOzoneClusterImpl-f0805996-b414-4d96-aefa-ea3288852db6/datanode-8/data/containers/hdds
2019-10-23 12:13:11,190 [main] INFO  impl.RaftServerProxy (ConfUtils.java:logGet(43)) - raft.rpc.type = GRPC (default)
2019-10-23 12:13:11,191 [main] INFO  grpc.GrpcFactory (GrpcFactory.java:checkPooledByteBufAllocatorUseCacheForAllThreads(45)) - PERFORMANCE WARNING: useCacheForAllThreads is true that may cause Netty to create a lot garbage objects and, as a result, trigger GC.
	It is recommended to disable useCacheForAllThreads by setting -Dorg.apache.ratis.thirdparty.io.netty.allocator.useCacheForAllThreads=false in command line.
2019-10-23 12:13:11,191 [main] INFO  grpc.GrpcConfigKeys$Server (ConfUtils.java:logGet(43)) - raft.grpc.server.port = 0 (default)
2019-10-23 12:13:11,191 [main] INFO  server.GrpcService (ConfUtils.java:logGet(43)) - raft.grpc.message.size.max = 33570816 (custom)
2019-10-23 12:13:11,191 [main] INFO  server.RaftServerConfigKeys (ConfUtils.java:logGet(43)) - raft.server.log.appender.buffer.byte-limit = 33554432 (custom)
2019-10-23 12:13:11,192 [main] INFO  server.GrpcService (ConfUtils.java:logGet(43)) - raft.grpc.flow.control.window = 1MB (=1048576) (default)
2019-10-23 12:13:11,192 [main] INFO  server.RaftServerConfigKeys (ConfUtils.java:logGet(43)) - raft.server.rpc.request.timeout = 3000ms (default)
2019-10-23 12:13:11,192 [main] INFO  server.RaftServerConfigKeys (ConfUtils.java:logGet(43)) - raft.server.storage.dir = [/workdir/hadoop-ozone/integration-test/target/test-dir/MiniOzoneClusterImpl-f0805996-b414-4d96-aefa-ea3288852db6/datanode-8/data/ratis] (custom)
2019-10-23 12:13:11,194 [main] INFO  hdfs.DFSUtil (DFSUtil.java:httpServerTemplateForNNAndJN(1641)) - Starting Web-server for hddsDatanode at: http://0.0.0.0:0
2019-10-23 12:13:11,196 [main] INFO  server.AuthenticationFilter (AuthenticationFilter.java:constructSecretProvider(240)) - Unable to initialize FileSignerSecretProvider, falling back to use random secrets.
2019-10-23 12:13:11,197 [main] WARN  http.HttpRequestLog (HttpRequestLog.java:getRequestLog(97)) - Jetty request log can only be enabled using Log4j
2019-10-23 12:13:11,199 [main] INFO  http.HttpServer2 (HttpServer2.java:addGlobalFilter(975)) - Added global filter 'safety' (class=org.apache.hadoop.http.HttpServer2$QuotingInputFilter)
2019-10-23 12:13:11,199 [main] INFO  http.HttpServer2 (HttpServer2.java:addFilter(948)) - Added filter static_user_filter (class=org.apache.hadoop.http.lib.StaticUserWebFilter$StaticUserFilter) to context hddsDatanode
2019-10-23 12:13:11,200 [main] INFO  http.HttpServer2 (HttpServer2.java:addFilter(958)) - Added filter static_user_filter (class=org.apache.hadoop.http.lib.StaticUserWebFilter$StaticUserFilter) to context logs
2019-10-23 12:13:11,200 [main] INFO  http.HttpServer2 (HttpServer2.java:addFilter(958)) - Added filter static_user_filter (class=org.apache.hadoop.http.lib.StaticUserWebFilter$StaticUserFilter) to context static
2019-10-23 12:13:11,201 [main] INFO  http.HttpServer2 (HttpServer2.java:bindListener(1191)) - Jetty bound to port 44222
2019-10-23 12:13:11,201 [main] INFO  server.Server (Server.java:doStart(351)) - jetty-9.3.25.v20180904, build timestamp: 2018-09-04T21:11:46Z, git hash: 3ce520221d0240229c862b122d2b06c12a625732
2019-10-23 12:13:11,203 [main] INFO  handler.ContextHandler (ContextHandler.java:doStart(781)) - Started o.e.j.s.ServletContextHandler@1ab5f08a{/logs,file:///workdir/hadoop-ozone/integration-test/target/log,AVAILABLE}
2019-10-23 12:13:11,204 [main] INFO  handler.ContextHandler (ContextHandler.java:doStart(781)) - Started o.e.j.s.ServletContextHandler@79a04e5f{/static,jar:file:/home/user/.m2/repository/org/apache/hadoop/hadoop-hdds-container-service/0.5.0-SNAPSHOT/hadoop-hdds-container-service-0.5.0-SNAPSHOT.jar!/webapps/static,AVAILABLE}
2019-10-23 12:13:11,257 [main] INFO  handler.ContextHandler (ContextHandler.java:doStart(781)) - Started o.e.j.w.WebAppContext@5a08efdc{/,file:///tmp/jetty-0.0.0.0-44222-hddsDatanode-_-any-4087713520400562786.dir/webapp/,AVAILABLE}{/hddsDatanode}
2019-10-23 12:13:11,257 [main] INFO  server.AbstractConnector (AbstractConnector.java:doStart(278)) - Started ServerConnector@57272109{HTTP/1.1,[http/1.1]}{0.0.0.0:44222}
2019-10-23 12:13:11,258 [main] INFO  server.Server (Server.java:doStart(419)) - Started @5622ms
2019-10-23 12:13:11,258 [main] WARN  impl.MetricsSystemImpl (MetricsSystemImpl.java:register(276)) - Sink prometheus already exists!
2019-10-23 12:13:11,259 [main] INFO  server.BaseHttpServer (BaseHttpServer.java:updateConnectorAddress(215)) - HTTP server of HDDSDATANODE is listening at http://0.0.0.0:44222
2019-10-23 12:13:11,260 [main] INFO  impl.MetricsSystemImpl (MetricsSystemImpl.java:init(158)) - HddsDatanode metrics system started (again)
2019-10-23 12:13:11,265 [org.apache.hadoop.util.JvmPauseMonitor$Monitor@6393ea32] INFO  util.JvmPauseMonitor (JvmPauseMonitor.java:run(188)) - Starting JVM pause monitor
2019-10-23 12:13:11,267 [main] INFO  ozone.HddsDatanodeService (HddsDatanodeService.java:start(184)) - HddsDatanodeService host:pr-hdds1643-t2fz7-3136866267 ip:192.168.69.118
2019-10-23 12:13:11,268 [Datanode State Machine Thread - 0] INFO  datanode.InitDatanodeState (InitDatanodeState.java:persistContainerDatanodeDetails(140)) - DatanodeDetails is persisted to /workdir/hadoop-ozone/integration-test/target/test-dir/MiniOzoneClusterImpl-f0805996-b414-4d96-aefa-ea3288852db6/datanode-8/meta/datanode.id
2019-10-23 12:13:11,278 [main] INFO  volume.HddsVolume (HddsVolume.java:<init>(176)) - Creating Volume: /workdir/hadoop-ozone/integration-test/target/test-dir/MiniOzoneClusterImpl-f0805996-b414-4d96-aefa-ea3288852db6/datanode-9/data/containers/hdds of  storage type : DISK and capacity : 1482555576320
2019-10-23 12:13:11,278 [main] INFO  volume.VolumeSet (VolumeSet.java:initializeVolumeSet(170)) - Added Volume : /workdir/hadoop-ozone/integration-test/target/test-dir/MiniOzoneClusterImpl-f0805996-b414-4d96-aefa-ea3288852db6/datanode-9/data/containers/hdds to VolumeSet
2019-10-23 12:13:11,278 [main] INFO  volume.ThrottledAsyncChecker (ThrottledAsyncChecker.java:schedule(141)) - Scheduling a check for /workdir/hadoop-ozone/integration-test/target/test-dir/MiniOzoneClusterImpl-f0805996-b414-4d96-aefa-ea3288852db6/datanode-9/data/containers/hdds
2019-10-23 12:13:11,279 [main] INFO  volume.HddsVolumeChecker (HddsVolumeChecker.java:checkAllVolumes(204)) - Scheduled health check for volume /workdir/hadoop-ozone/integration-test/target/test-dir/MiniOzoneClusterImpl-f0805996-b414-4d96-aefa-ea3288852db6/datanode-9/data/containers/hdds
2019-10-23 12:13:11,299 [main] INFO  impl.RaftServerProxy (ConfUtils.java:logGet(43)) - raft.rpc.type = GRPC (default)
2019-10-23 12:13:11,299 [main] INFO  grpc.GrpcFactory (GrpcFactory.java:checkPooledByteBufAllocatorUseCacheForAllThreads(45)) - PERFORMANCE WARNING: useCacheForAllThreads is true that may cause Netty to create a lot garbage objects and, as a result, trigger GC.
	It is recommended to disable useCacheForAllThreads by setting -Dorg.apache.ratis.thirdparty.io.netty.allocator.useCacheForAllThreads=false in command line.
2019-10-23 12:13:11,299 [main] INFO  grpc.GrpcConfigKeys$Server (ConfUtils.java:logGet(43)) - raft.grpc.server.port = 0 (default)
2019-10-23 12:13:11,300 [main] INFO  server.GrpcService (ConfUtils.java:logGet(43)) - raft.grpc.message.size.max = 33570816 (custom)
2019-10-23 12:13:11,300 [main] INFO  server.RaftServerConfigKeys (ConfUtils.java:logGet(43)) - raft.server.log.appender.buffer.byte-limit = 33554432 (custom)
2019-10-23 12:13:11,300 [main] INFO  server.GrpcService (ConfUtils.java:logGet(43)) - raft.grpc.flow.control.window = 1MB (=1048576) (default)
2019-10-23 12:13:11,300 [main] INFO  server.RaftServerConfigKeys (ConfUtils.java:logGet(43)) - raft.server.rpc.request.timeout = 3000ms (default)
2019-10-23 12:13:11,301 [main] INFO  server.RaftServerConfigKeys (ConfUtils.java:logGet(43)) - raft.server.storage.dir = [/workdir/hadoop-ozone/integration-test/target/test-dir/MiniOzoneClusterImpl-f0805996-b414-4d96-aefa-ea3288852db6/datanode-9/data/ratis] (custom)
2019-10-23 12:13:11,303 [main] INFO  hdfs.DFSUtil (DFSUtil.java:httpServerTemplateForNNAndJN(1641)) - Starting Web-server for hddsDatanode at: http://0.0.0.0:0
2019-10-23 12:13:11,304 [main] INFO  server.AuthenticationFilter (AuthenticationFilter.java:constructSecretProvider(240)) - Unable to initialize FileSignerSecretProvider, falling back to use random secrets.
2019-10-23 12:13:11,305 [main] WARN  http.HttpRequestLog (HttpRequestLog.java:getRequestLog(97)) - Jetty request log can only be enabled using Log4j
2019-10-23 12:13:11,307 [main] INFO  http.HttpServer2 (HttpServer2.java:addGlobalFilter(975)) - Added global filter 'safety' (class=org.apache.hadoop.http.HttpServer2$QuotingInputFilter)
2019-10-23 12:13:11,308 [main] INFO  http.HttpServer2 (HttpServer2.java:addFilter(948)) - Added filter static_user_filter (class=org.apache.hadoop.http.lib.StaticUserWebFilter$StaticUserFilter) to context hddsDatanode
2019-10-23 12:13:11,308 [main] INFO  http.HttpServer2 (HttpServer2.java:addFilter(958)) - Added filter static_user_filter (class=org.apache.hadoop.http.lib.StaticUserWebFilter$StaticUserFilter) to context logs
2019-10-23 12:13:11,308 [main] INFO  http.HttpServer2 (HttpServer2.java:addFilter(958)) - Added filter static_user_filter (class=org.apache.hadoop.http.lib.StaticUserWebFilter$StaticUserFilter) to context static
2019-10-23 12:13:11,309 [main] INFO  http.HttpServer2 (HttpServer2.java:bindListener(1191)) - Jetty bound to port 44552
2019-10-23 12:13:11,309 [main] INFO  server.Server (Server.java:doStart(351)) - jetty-9.3.25.v20180904, build timestamp: 2018-09-04T21:11:46Z, git hash: 3ce520221d0240229c862b122d2b06c12a625732
2019-10-23 12:13:11,311 [main] INFO  handler.ContextHandler (ContextHandler.java:doStart(781)) - Started o.e.j.s.ServletContextHandler@6325f352{/logs,file:///workdir/hadoop-ozone/integration-test/target/log,AVAILABLE}
2019-10-23 12:13:11,312 [main] INFO  handler.ContextHandler (ContextHandler.java:doStart(781)) - Started o.e.j.s.ServletContextHandler@6cbd0674{/static,jar:file:/home/user/.m2/repository/org/apache/hadoop/hadoop-hdds-container-service/0.5.0-SNAPSHOT/hadoop-hdds-container-service-0.5.0-SNAPSHOT.jar!/webapps/static,AVAILABLE}
2019-10-23 12:13:11,347 [main] INFO  handler.ContextHandler (ContextHandler.java:doStart(781)) - Started o.e.j.w.WebAppContext@7a8b9166{/,file:///tmp/jetty-0.0.0.0-44552-hddsDatanode-_-any-400652718313056990.dir/webapp/,AVAILABLE}{/hddsDatanode}
2019-10-23 12:13:11,349 [main] INFO  server.AbstractConnector (AbstractConnector.java:doStart(278)) - Started ServerConnector@4acc5dff{HTTP/1.1,[http/1.1]}{0.0.0.0:44552}
2019-10-23 12:13:11,349 [main] INFO  server.Server (Server.java:doStart(419)) - Started @5714ms
2019-10-23 12:13:11,349 [main] WARN  impl.MetricsSystemImpl (MetricsSystemImpl.java:register(276)) - Sink prometheus already exists!
2019-10-23 12:13:11,350 [main] INFO  server.BaseHttpServer (BaseHttpServer.java:updateConnectorAddress(215)) - HTTP server of HDDSDATANODE is listening at http://0.0.0.0:44552
2019-10-23 12:13:11,353 [main] INFO  ozone.MiniOzoneClusterImpl (MiniOzoneClusterImpl.java:lambda$waitForClusterToBeReady$0(147)) - Waiting for cluster to be ready. Got 0 of 10 DN Heartbeats.
2019-10-23 12:13:11,354 [org.apache.hadoop.util.JvmPauseMonitor$Monitor@5f1b35b0] INFO  util.JvmPauseMonitor (JvmPauseMonitor.java:run(188)) - Starting JVM pause monitor
2019-10-23 12:13:11,356 [Datanode State Machine Thread - 0] INFO  datanode.InitDatanodeState (InitDatanodeState.java:persistContainerDatanodeDetails(140)) - DatanodeDetails is persisted to /workdir/hadoop-ozone/integration-test/target/test-dir/MiniOzoneClusterImpl-f0805996-b414-4d96-aefa-ea3288852db6/datanode-9/meta/datanode.id
2019-10-23 12:13:12,353 [main] INFO  ozone.MiniOzoneClusterImpl (MiniOzoneClusterImpl.java:lambda$waitForClusterToBeReady$0(147)) - Waiting for cluster to be ready. Got 0 of 10 DN Heartbeats.
2019-10-23 12:13:12,499 [Datanode State Machine Thread - 0] INFO  ozoneimpl.OzoneContainer (OzoneContainer.java:start(213)) - Attempting to start container services.
2019-10-23 12:13:12,504 [Datanode State Machine Thread - 0] INFO  ozoneimpl.OzoneContainer (OzoneContainer.java:startContainerScrub(177)) - Background container scanner has been disabled.
2019-10-23 12:13:12,504 [Datanode State Machine Thread - 0] INFO  ratis.XceiverServerRatis (XceiverServerRatis.java:start(418)) - Starting XceiverServerRatis ad4d83c7-0f96-47bc-a4e8-7e5d9f844896 at port 0
2019-10-23 12:13:12,523 [Datanode State Machine Thread - 0] INFO  impl.RaftServerProxy (RaftServerProxy.java:lambda$start$3(299)) - ad4d83c7-0f96-47bc-a4e8-7e5d9f844896: start RPC server
2019-10-23 12:13:12,539 [Datanode State Machine Thread - 0] INFO  ozoneimpl.OzoneContainer (OzoneContainer.java:start(213)) - Attempting to start container services.
2019-10-23 12:13:12,544 [Datanode State Machine Thread - 0] INFO  ozoneimpl.OzoneContainer (OzoneContainer.java:startContainerScrub(177)) - Background container scanner has been disabled.
2019-10-23 12:13:12,544 [Datanode State Machine Thread - 0] INFO  ratis.XceiverServerRatis (XceiverServerRatis.java:start(418)) - Starting XceiverServerRatis 02863277-f564-4bc6-8337-fb22627f6f1a at port 0
2019-10-23 12:13:12,552 [Datanode State Machine Thread - 0] INFO  impl.RaftServerProxy (RaftServerProxy.java:lambda$start$3(299)) - 02863277-f564-4bc6-8337-fb22627f6f1a: start RPC server
2019-10-23 12:13:12,654 [Datanode State Machine Thread - 0] INFO  ozoneimpl.OzoneContainer (OzoneContainer.java:start(213)) - Attempting to start container services.
2019-10-23 12:13:12,655 [Datanode State Machine Thread - 0] INFO  ozoneimpl.OzoneContainer (OzoneContainer.java:startContainerScrub(177)) - Background container scanner has been disabled.
2019-10-23 12:13:12,655 [Datanode State Machine Thread - 0] INFO  ratis.XceiverServerRatis (XceiverServerRatis.java:start(418)) - Starting XceiverServerRatis 3b749b59-de2a-419b-9a26-261692f5c83c at port 0
2019-10-23 12:13:12,661 [Datanode State Machine Thread - 0] INFO  server.GrpcService (GrpcService.java:startImpl(158)) - ad4d83c7-0f96-47bc-a4e8-7e5d9f844896: GrpcService started, listening on 0.0.0.0/0.0.0.0:41688
2019-10-23 12:13:12,661 [Datanode State Machine Thread - 0] INFO  server.GrpcService (GrpcService.java:startImpl(158)) - 02863277-f564-4bc6-8337-fb22627f6f1a: GrpcService started, listening on 0.0.0.0/0.0.0.0:36850
2019-10-23 12:13:12,662 [Datanode State Machine Thread - 0] INFO  ratis.XceiverServerRatis (XceiverServerRatis.java:start(428)) - XceiverServerRatis ad4d83c7-0f96-47bc-a4e8-7e5d9f844896 is started using port 41688
2019-10-23 12:13:12,662 [Datanode State Machine Thread - 0] INFO  ratis.XceiverServerRatis (XceiverServerRatis.java:start(428)) - XceiverServerRatis 02863277-f564-4bc6-8337-fb22627f6f1a is started using port 36850
2019-10-23 12:13:12,668 [Datanode State Machine Thread - 0] INFO  server.XceiverServerGrpc (XceiverServerGrpc.java:start(149)) - XceiverServerGrpc ad4d83c7-0f96-47bc-a4e8-7e5d9f844896 is started using port 33641
2019-10-23 12:13:12,668 [Datanode State Machine Thread - 0] INFO  server.XceiverServerGrpc (XceiverServerGrpc.java:start(149)) - XceiverServerGrpc 02863277-f564-4bc6-8337-fb22627f6f1a is started using port 33019
2019-10-23 12:13:12,670 [Datanode State Machine Thread - 0] INFO  impl.RaftServerProxy (RaftServerProxy.java:lambda$start$3(299)) - 3b749b59-de2a-419b-9a26-261692f5c83c: start RPC server
2019-10-23 12:13:12,673 [Datanode State Machine Thread - 0] INFO  server.GrpcService (GrpcService.java:startImpl(158)) - 3b749b59-de2a-419b-9a26-261692f5c83c: GrpcService started, listening on 0.0.0.0/0.0.0.0:39205
2019-10-23 12:13:12,673 [Datanode State Machine Thread - 0] INFO  ratis.XceiverServerRatis (XceiverServerRatis.java:start(428)) - XceiverServerRatis 3b749b59-de2a-419b-9a26-261692f5c83c is started using port 39205
2019-10-23 12:13:12,674 [Datanode State Machine Thread - 0] INFO  server.XceiverServerGrpc (XceiverServerGrpc.java:start(149)) - XceiverServerGrpc 3b749b59-de2a-419b-9a26-261692f5c83c is started using port 32999
2019-10-23 12:13:12,747 [Datanode State Machine Thread - 0] INFO  ozoneimpl.OzoneContainer (OzoneContainer.java:start(213)) - Attempting to start container services.
2019-10-23 12:13:12,747 [Datanode State Machine Thread - 0] INFO  ozoneimpl.OzoneContainer (OzoneContainer.java:startContainerScrub(177)) - Background container scanner has been disabled.
2019-10-23 12:13:12,747 [Datanode State Machine Thread - 0] INFO  ratis.XceiverServerRatis (XceiverServerRatis.java:start(418)) - Starting XceiverServerRatis d21719ef-fad3-4f0e-b494-842eeedea460 at port 0
2019-10-23 12:13:12,756 [Datanode State Machine Thread - 0] INFO  impl.RaftServerProxy (RaftServerProxy.java:lambda$start$3(299)) - d21719ef-fad3-4f0e-b494-842eeedea460: start RPC server
2019-10-23 12:13:12,760 [Datanode State Machine Thread - 0] INFO  server.GrpcService (GrpcService.java:startImpl(158)) - d21719ef-fad3-4f0e-b494-842eeedea460: GrpcService started, listening on 0.0.0.0/0.0.0.0:45836
2019-10-23 12:13:12,760 [Datanode State Machine Thread - 0] INFO  ratis.XceiverServerRatis (XceiverServerRatis.java:start(428)) - XceiverServerRatis d21719ef-fad3-4f0e-b494-842eeedea460 is started using port 45836
2019-10-23 12:13:12,762 [Datanode State Machine Thread - 0] INFO  server.XceiverServerGrpc (XceiverServerGrpc.java:start(149)) - XceiverServerGrpc d21719ef-fad3-4f0e-b494-842eeedea460 is started using port 41516
2019-10-23 12:13:12,858 [Datanode State Machine Thread - 0] INFO  ozoneimpl.OzoneContainer (OzoneContainer.java:start(213)) - Attempting to start container services.
2019-10-23 12:13:12,859 [Datanode State Machine Thread - 0] INFO  ozoneimpl.OzoneContainer (OzoneContainer.java:startContainerScrub(177)) - Background container scanner has been disabled.
2019-10-23 12:13:12,859 [Datanode State Machine Thread - 0] INFO  ratis.XceiverServerRatis (XceiverServerRatis.java:start(418)) - Starting XceiverServerRatis 1d5d0298-6e55-4fca-8e63-ae12c20f52e9 at port 0
2019-10-23 12:13:12,870 [Datanode State Machine Thread - 0] INFO  impl.RaftServerProxy (RaftServerProxy.java:lambda$start$3(299)) - 1d5d0298-6e55-4fca-8e63-ae12c20f52e9: start RPC server
2019-10-23 12:13:12,878 [Datanode State Machine Thread - 0] INFO  server.GrpcService (GrpcService.java:startImpl(158)) - 1d5d0298-6e55-4fca-8e63-ae12c20f52e9: GrpcService started, listening on 0.0.0.0/0.0.0.0:39259
2019-10-23 12:13:12,878 [Datanode State Machine Thread - 0] INFO  ratis.XceiverServerRatis (XceiverServerRatis.java:start(428)) - XceiverServerRatis 1d5d0298-6e55-4fca-8e63-ae12c20f52e9 is started using port 39259
2019-10-23 12:13:12,881 [Datanode State Machine Thread - 0] INFO  server.XceiverServerGrpc (XceiverServerGrpc.java:start(149)) - XceiverServerGrpc 1d5d0298-6e55-4fca-8e63-ae12c20f52e9 is started using port 41226
2019-10-23 12:13:12,942 [Datanode State Machine Thread - 0] INFO  ozoneimpl.OzoneContainer (OzoneContainer.java:start(213)) - Attempting to start container services.
2019-10-23 12:13:12,943 [Datanode State Machine Thread - 0] INFO  ozoneimpl.OzoneContainer (OzoneContainer.java:startContainerScrub(177)) - Background container scanner has been disabled.
2019-10-23 12:13:12,943 [Datanode State Machine Thread - 0] INFO  ratis.XceiverServerRatis (XceiverServerRatis.java:start(418)) - Starting XceiverServerRatis b95be875-0b26-40f0-bf55-f911878fa74d at port 0
2019-10-23 12:13:12,950 [Datanode State Machine Thread - 0] INFO  impl.RaftServerProxy (RaftServerProxy.java:lambda$start$3(299)) - b95be875-0b26-40f0-bf55-f911878fa74d: start RPC server
2019-10-23 12:13:12,953 [Datanode State Machine Thread - 0] INFO  server.GrpcService (GrpcService.java:startImpl(158)) - b95be875-0b26-40f0-bf55-f911878fa74d: GrpcService started, listening on 0.0.0.0/0.0.0.0:38666
2019-10-23 12:13:12,954 [Datanode State Machine Thread - 0] INFO  ratis.XceiverServerRatis (XceiverServerRatis.java:start(428)) - XceiverServerRatis b95be875-0b26-40f0-bf55-f911878fa74d is started using port 38666
2019-10-23 12:13:12,956 [Datanode State Machine Thread - 0] INFO  server.XceiverServerGrpc (XceiverServerGrpc.java:start(149)) - XceiverServerGrpc b95be875-0b26-40f0-bf55-f911878fa74d is started using port 32923
2019-10-23 12:13:13,045 [Datanode State Machine Thread - 0] INFO  ozoneimpl.OzoneContainer (OzoneContainer.java:start(213)) - Attempting to start container services.
2019-10-23 12:13:13,046 [Datanode State Machine Thread - 0] INFO  ozoneimpl.OzoneContainer (OzoneContainer.java:startContainerScrub(177)) - Background container scanner has been disabled.
2019-10-23 12:13:13,046 [Datanode State Machine Thread - 0] INFO  ratis.XceiverServerRatis (XceiverServerRatis.java:start(418)) - Starting XceiverServerRatis 736d60a2-feff-478b-9de2-63399c9845c9 at port 0
2019-10-23 12:13:13,054 [Datanode State Machine Thread - 0] INFO  impl.RaftServerProxy (RaftServerProxy.java:lambda$start$3(299)) - 736d60a2-feff-478b-9de2-63399c9845c9: start RPC server
2019-10-23 12:13:13,058 [Datanode State Machine Thread - 0] INFO  server.GrpcService (GrpcService.java:startImpl(158)) - 736d60a2-feff-478b-9de2-63399c9845c9: GrpcService started, listening on 0.0.0.0/0.0.0.0:36235
2019-10-23 12:13:13,058 [Datanode State Machine Thread - 0] INFO  ratis.XceiverServerRatis (XceiverServerRatis.java:start(428)) - XceiverServerRatis 736d60a2-feff-478b-9de2-63399c9845c9 is started using port 36235
2019-10-23 12:13:13,061 [Datanode State Machine Thread - 0] INFO  server.XceiverServerGrpc (XceiverServerGrpc.java:start(149)) - XceiverServerGrpc 736d60a2-feff-478b-9de2-63399c9845c9 is started using port 34844
2019-10-23 12:13:13,171 [Datanode State Machine Thread - 0] INFO  ozoneimpl.OzoneContainer (OzoneContainer.java:start(213)) - Attempting to start container services.
2019-10-23 12:13:13,171 [Datanode State Machine Thread - 0] INFO  ozoneimpl.OzoneContainer (OzoneContainer.java:startContainerScrub(177)) - Background container scanner has been disabled.
2019-10-23 12:13:13,171 [Datanode State Machine Thread - 0] INFO  ratis.XceiverServerRatis (XceiverServerRatis.java:start(418)) - Starting XceiverServerRatis 787770cd-56b0-4d21-897f-e9f49f0f8295 at port 0
2019-10-23 12:13:13,180 [Datanode State Machine Thread - 0] INFO  impl.RaftServerProxy (RaftServerProxy.java:lambda$start$3(299)) - 787770cd-56b0-4d21-897f-e9f49f0f8295: start RPC server
2019-10-23 12:13:13,184 [Datanode State Machine Thread - 0] INFO  server.GrpcService (GrpcService.java:startImpl(158)) - 787770cd-56b0-4d21-897f-e9f49f0f8295: GrpcService started, listening on 0.0.0.0/0.0.0.0:42931
2019-10-23 12:13:13,184 [Datanode State Machine Thread - 0] INFO  ratis.XceiverServerRatis (XceiverServerRatis.java:start(428)) - XceiverServerRatis 787770cd-56b0-4d21-897f-e9f49f0f8295 is started using port 42931
2019-10-23 12:13:13,187 [Datanode State Machine Thread - 0] INFO  server.XceiverServerGrpc (XceiverServerGrpc.java:start(149)) - XceiverServerGrpc 787770cd-56b0-4d21-897f-e9f49f0f8295 is started using port 37758
2019-10-23 12:13:13,281 [Datanode State Machine Thread - 0] INFO  ozoneimpl.OzoneContainer (OzoneContainer.java:start(213)) - Attempting to start container services.
2019-10-23 12:13:13,281 [Datanode State Machine Thread - 0] INFO  ozoneimpl.OzoneContainer (OzoneContainer.java:startContainerScrub(177)) - Background container scanner has been disabled.
2019-10-23 12:13:13,281 [Datanode State Machine Thread - 0] INFO  ratis.XceiverServerRatis (XceiverServerRatis.java:start(418)) - Starting XceiverServerRatis 7b74cae2-68bb-403f-9342-7e82e321628a at port 0
2019-10-23 12:13:13,290 [Datanode State Machine Thread - 0] INFO  impl.RaftServerProxy (RaftServerProxy.java:lambda$start$3(299)) - 7b74cae2-68bb-403f-9342-7e82e321628a: start RPC server
2019-10-23 12:13:13,305 [Datanode State Machine Thread - 0] INFO  server.GrpcService (GrpcService.java:startImpl(158)) - 7b74cae2-68bb-403f-9342-7e82e321628a: GrpcService started, listening on 0.0.0.0/0.0.0.0:46444
2019-10-23 12:13:13,305 [Datanode State Machine Thread - 0] INFO  ratis.XceiverServerRatis (XceiverServerRatis.java:start(428)) - XceiverServerRatis 7b74cae2-68bb-403f-9342-7e82e321628a is started using port 46444
2019-10-23 12:13:13,308 [Datanode State Machine Thread - 0] INFO  server.XceiverServerGrpc (XceiverServerGrpc.java:start(149)) - XceiverServerGrpc 7b74cae2-68bb-403f-9342-7e82e321628a is started using port 35219
2019-10-23 12:13:13,354 [main] INFO  ozone.MiniOzoneClusterImpl (MiniOzoneClusterImpl.java:lambda$waitForClusterToBeReady$0(147)) - Waiting for cluster to be ready. Got 0 of 10 DN Heartbeats.
2019-10-23 12:13:13,371 [Datanode State Machine Thread - 0] INFO  ozoneimpl.OzoneContainer (OzoneContainer.java:start(213)) - Attempting to start container services.
2019-10-23 12:13:13,371 [Datanode State Machine Thread - 0] INFO  ozoneimpl.OzoneContainer (OzoneContainer.java:startContainerScrub(177)) - Background container scanner has been disabled.
2019-10-23 12:13:13,371 [Datanode State Machine Thread - 0] INFO  ratis.XceiverServerRatis (XceiverServerRatis.java:start(418)) - Starting XceiverServerRatis 4949cace-0585-430c-97a7-3db1e354cdac at port 0
2019-10-23 12:13:13,380 [Datanode State Machine Thread - 0] INFO  impl.RaftServerProxy (RaftServerProxy.java:lambda$start$3(299)) - 4949cace-0585-430c-97a7-3db1e354cdac: start RPC server
2019-10-23 12:13:13,385 [Datanode State Machine Thread - 0] INFO  server.GrpcService (GrpcService.java:startImpl(158)) - 4949cace-0585-430c-97a7-3db1e354cdac: GrpcService started, listening on 0.0.0.0/0.0.0.0:33911
2019-10-23 12:13:13,385 [Datanode State Machine Thread - 0] INFO  ratis.XceiverServerRatis (XceiverServerRatis.java:start(428)) - XceiverServerRatis 4949cace-0585-430c-97a7-3db1e354cdac is started using port 33911
2019-10-23 12:13:13,405 [Datanode State Machine Thread - 0] INFO  server.XceiverServerGrpc (XceiverServerGrpc.java:start(149)) - XceiverServerGrpc 4949cace-0585-430c-97a7-3db1e354cdac is started using port 33777
2019-10-23 12:13:14,354 [main] INFO  ozone.MiniOzoneClusterImpl (MiniOzoneClusterImpl.java:lambda$waitForClusterToBeReady$0(147)) - Waiting for cluster to be ready. Got 0 of 10 DN Heartbeats.
2019-10-23 12:13:14,470 [IPC Server handler 7 on 41129] INFO  net.NetworkTopology (NetworkTopologyImpl.java:add(111)) - Added a new node: /default-rack/ad4d83c7-0f96-47bc-a4e8-7e5d9f844896
2019-10-23 12:13:14,470 [IPC Server handler 7 on 41129] INFO  node.SCMNodeManager (SCMNodeManager.java:register(268)) - Registered Data node : ad4d83c7-0f96-47bc-a4e8-7e5d9f844896{ip: 192.168.69.118, host: pr-hdds1643-t2fz7-3136866267, networkLocation: /default-rack, certSerialId: null}
2019-10-23 12:13:14,475 [EventQueue-NodeRegistrationContainerReportForDataNodeSafeModeRule] INFO  safemode.SCMSafeModeManager (DataNodeSafeModeRule.java:process(71)) - SCM in safe mode. 1 DataNodes registered, 1 required.
2019-10-23 12:13:14,475 [EventQueue-NodeRegistrationContainerReportForDataNodeSafeModeRule] INFO  safemode.SCMSafeModeManager (SCMSafeModeManager.java:validateSafeModeExitRules(177)) - ScmSafeModeManager, all rules are successfully validated
2019-10-23 12:13:14,475 [EventQueue-NodeRegistrationContainerReportForDataNodeSafeModeRule] INFO  safemode.SCMSafeModeManager (SCMSafeModeManager.java:exitSafeMode(193)) - SCM exiting safe mode.
2019-10-23 12:13:14,536 [IPC Server handler 8 on 41129] INFO  net.NetworkTopology (NetworkTopologyImpl.java:add(111)) - Added a new node: /default-rack/02863277-f564-4bc6-8337-fb22627f6f1a
2019-10-23 12:13:14,536 [IPC Server handler 8 on 41129] INFO  node.SCMNodeManager (SCMNodeManager.java:register(268)) - Registered Data node : 02863277-f564-4bc6-8337-fb22627f6f1a{ip: 192.168.69.118, host: pr-hdds1643-t2fz7-3136866267, networkLocation: /default-rack, certSerialId: null}
2019-10-23 12:13:14,641 [IPC Server handler 9 on 41129] INFO  net.NetworkTopology (NetworkTopologyImpl.java:add(111)) - Added a new node: /default-rack/3b749b59-de2a-419b-9a26-261692f5c83c
2019-10-23 12:13:14,641 [IPC Server handler 9 on 41129] INFO  node.SCMNodeManager (SCMNodeManager.java:register(268)) - Registered Data node : 3b749b59-de2a-419b-9a26-261692f5c83c{ip: 192.168.69.118, host: pr-hdds1643-t2fz7-3136866267, networkLocation: /default-rack, certSerialId: null}
2019-10-23 12:13:14,734 [IPC Server handler 5 on 41129] INFO  net.NetworkTopology (NetworkTopologyImpl.java:add(111)) - Added a new node: /default-rack/d21719ef-fad3-4f0e-b494-842eeedea460
2019-10-23 12:13:14,734 [IPC Server handler 5 on 41129] INFO  node.SCMNodeManager (SCMNodeManager.java:register(268)) - Registered Data node : d21719ef-fad3-4f0e-b494-842eeedea460{ip: 192.168.69.118, host: pr-hdds1643-t2fz7-3136866267, networkLocation: /default-rack, certSerialId: null}
2019-10-23 12:13:14,878 [IPC Server handler 4 on 41129] INFO  net.NetworkTopology (NetworkTopologyImpl.java:add(111)) - Added a new node: /default-rack/1d5d0298-6e55-4fca-8e63-ae12c20f52e9
2019-10-23 12:13:14,878 [IPC Server handler 4 on 41129] INFO  node.SCMNodeManager (SCMNodeManager.java:register(268)) - Registered Data node : 1d5d0298-6e55-4fca-8e63-ae12c20f52e9{ip: 192.168.69.118, host: pr-hdds1643-t2fz7-3136866267, networkLocation: /default-rack, certSerialId: null}
2019-10-23 12:13:14,936 [IPC Server handler 12 on 41129] INFO  net.NetworkTopology (NetworkTopologyImpl.java:add(111)) - Added a new node: /default-rack/b95be875-0b26-40f0-bf55-f911878fa74d
2019-10-23 12:13:14,936 [IPC Server handler 12 on 41129] INFO  node.SCMNodeManager (SCMNodeManager.java:register(268)) - Registered Data node : b95be875-0b26-40f0-bf55-f911878fa74d{ip: 192.168.69.118, host: pr-hdds1643-t2fz7-3136866267, networkLocation: /default-rack, certSerialId: null}
2019-10-23 12:13:15,032 [IPC Server handler 6 on 41129] INFO  net.NetworkTopology (NetworkTopologyImpl.java:add(111)) - Added a new node: /default-rack/736d60a2-feff-478b-9de2-63399c9845c9
2019-10-23 12:13:15,033 [IPC Server handler 6 on 41129] INFO  node.SCMNodeManager (SCMNodeManager.java:register(268)) - Registered Data node : 736d60a2-feff-478b-9de2-63399c9845c9{ip: 192.168.69.118, host: pr-hdds1643-t2fz7-3136866267, networkLocation: /default-rack, certSerialId: null}
2019-10-23 12:13:15,044 [grpc-default-executor-0] INFO  impl.RaftServerProxy (RaftServerProxy.java:addNew(89)) - ad4d83c7-0f96-47bc-a4e8-7e5d9f844896: addNew group-FCD5A883FC05:[ad4d83c7-0f96-47bc-a4e8-7e5d9f844896:192.168.69.118:41688] returns group-FCD5A883FC05:java.util.concurrent.CompletableFuture@20e03c61[Not completed]
2019-10-23 12:13:15,061 [pool-27-thread-1] INFO  impl.RaftServerImpl (RaftServerImpl.java:<init>(104)) - ad4d83c7-0f96-47bc-a4e8-7e5d9f844896: new RaftServerImpl for group-FCD5A883FC05:[ad4d83c7-0f96-47bc-a4e8-7e5d9f844896:192.168.69.118:41688] with ContainerStateMachine:uninitialized
2019-10-23 12:13:15,063 [pool-27-thread-1] INFO  server.RaftServerConfigKeys (ConfUtils.java:logGet(43)) - raft.server.rpc.timeout.min = 1s (custom)
2019-10-23 12:13:15,064 [pool-27-thread-1] INFO  server.RaftServerConfigKeys (ConfUtils.java:logGet(43)) - raft.server.rpc.timeout.max = 1200ms (custom)
2019-10-23 12:13:15,065 [pool-27-thread-1] INFO  server.RaftServerConfigKeys (ConfUtils.java:logGet(43)) - raft.server.rpcslowness.timeout = 120s (custom)
2019-10-23 12:13:15,065 [pool-27-thread-1] INFO  server.RaftServerConfigKeys (ConfUtils.java:logGet(43)) - raft.server.sleep.deviation.threshold = 300 (default)
2019-10-23 12:13:15,066 [pool-27-thread-1] INFO  server.RaftServerConfigKeys (ConfUtils.java:logGet(43)) - raft.server.log.appender.install.snapshot.enabled = false (custom)
2019-10-23 12:13:15,074 [pool-27-thread-1] INFO  impl.RaftServerImpl (ServerState.java:<init>(103)) - ad4d83c7-0f96-47bc-a4e8-7e5d9f844896@group-FCD5A883FC05: ConfigurationManager, init=-1: [ad4d83c7-0f96-47bc-a4e8-7e5d9f844896:192.168.69.118:41688], old=null, confs=<EMPTY_MAP>
2019-10-23 12:13:15,075 [pool-27-thread-1] INFO  server.RaftServerConfigKeys (ConfUtils.java:logGet(43)) - raft.server.storage.dir = [/workdir/hadoop-ozone/integration-test/target/test-dir/MiniOzoneClusterImpl-f0805996-b414-4d96-aefa-ea3288852db6/datanode-0/data/ratis] (custom)
2019-10-23 12:13:15,081 [pool-27-thread-1] INFO  server.RaftServerConfigKeys (ConfUtils.java:logGet(43)) - raft.server.log.corruption.policy = EXCEPTION (default)
2019-10-23 12:13:15,083 [pool-27-thread-1] INFO  storage.RaftStorageDirectory (RaftStorageDirectory.java:analyzeStorage(246)) - The storage directory /workdir/hadoop-ozone/integration-test/target/test-dir/MiniOzoneClusterImpl-f0805996-b414-4d96-aefa-ea3288852db6/datanode-0/data/ratis/a301c622-0e50-41a6-8671-fcd5a883fc05 does not exist. Creating ...
2019-10-23 12:13:15,100 [pool-27-thread-1] INFO  storage.RaftStorageDirectory (RaftStorageDirectory.java:tryLock(328)) - Lock on /workdir/hadoop-ozone/integration-test/target/test-dir/MiniOzoneClusterImpl-f0805996-b414-4d96-aefa-ea3288852db6/datanode-0/data/ratis/a301c622-0e50-41a6-8671-fcd5a883fc05/in_use.lock acquired by nodename 17215@pr-hdds1643-t2fz7-3136866267
2019-10-23 12:13:15,116 [pool-27-thread-1] INFO  storage.RaftStorage (RaftStorage.java:format(84)) - Storage directory /workdir/hadoop-ozone/integration-test/target/test-dir/MiniOzoneClusterImpl-f0805996-b414-4d96-aefa-ea3288852db6/datanode-0/data/ratis/a301c622-0e50-41a6-8671-fcd5a883fc05 has been successfully formatted.
2019-10-23 12:13:15,118 [pool-27-thread-1] INFO  ratis.ContainerStateMachine (ContainerStateMachine.java:loadSnapshot(231)) - group-FCD5A883FC05: The snapshot info is null. Setting the last applied indexto:(t:0, i:~)
2019-10-23 12:13:15,118 [pool-27-thread-1] INFO  server.RaftServerConfigKeys (ConfUtils.java:logGet(43)) - raft.server.notification.no-leader.timeout = 120s (custom)
2019-10-23 12:13:15,120 [pool-27-thread-1] INFO  server.RaftServerConfigKeys (ConfUtils.java:logGet(43)) - raft.server.log.use.memory = false (default)
2019-10-23 12:13:15,126 [pool-27-thread-1] INFO  server.RaftServerConfigKeys (ConfUtils.java:logGet(43)) - raft.server.log.purge.gap = 1000000 (custom)
2019-10-23 12:13:15,126 [pool-27-thread-1] INFO  server.RaftServerConfigKeys (ConfUtils.java:logGet(43)) - raft.server.log.appender.buffer.byte-limit = 33554432 (custom)
2019-10-23 12:13:15,128 [pool-27-thread-1] INFO  server.RaftServerConfigKeys (ConfUtils.java:logGet(43)) - raft.server.log.segment.size.max = 1048576 (custom)
2019-10-23 12:13:15,130 [pool-27-thread-1] INFO  impl.MetricsSystemImpl (MetricsSystemImpl.java:init(158)) - ratis metrics system started (again)
2019-10-23 12:13:15,134 [pool-27-thread-1] INFO  metrics.MetricRegistries (MetricRegistriesLoader.java:load(64)) - Loaded MetricRegistries class org.apache.ratis.metrics.impl.MetricRegistriesImpl
2019-10-23 12:13:15,158 [IPC Server handler 1 on 41129] INFO  net.NetworkTopology (NetworkTopologyImpl.java:add(111)) - Added a new node: /default-rack/787770cd-56b0-4d21-897f-e9f49f0f8295
2019-10-23 12:13:15,158 [IPC Server handler 1 on 41129] INFO  node.SCMNodeManager (SCMNodeManager.java:register(268)) - Registered Data node : 787770cd-56b0-4d21-897f-e9f49f0f8295{ip: 192.168.69.118, host: pr-hdds1643-t2fz7-3136866267, networkLocation: /default-rack, certSerialId: null}
2019-10-23 12:13:15,173 [pool-27-thread-1] INFO  server.RaftServerConfigKeys (ConfUtils.java:logGet(43)) - raft.server.log.segment.cache.num.max = 2 (custom)
2019-10-23 12:13:15,178 [pool-27-thread-1] INFO  segmented.SegmentedRaftLogWorker (SegmentedRaftLogWorker.java:<init>(173)) - new ad4d83c7-0f96-47bc-a4e8-7e5d9f844896@group-FCD5A883FC05-SegmentedRaftLogWorker for RaftStorage:Storage Directory /workdir/hadoop-ozone/integration-test/target/test-dir/MiniOzoneClusterImpl-f0805996-b414-4d96-aefa-ea3288852db6/datanode-0/data/ratis/a301c622-0e50-41a6-8671-fcd5a883fc05
2019-10-23 12:13:15,179 [pool-27-thread-1] INFO  server.RaftServerConfigKeys (ConfUtils.java:logGet(43)) - raft.server.log.queue.byte-limit = 2147483647 (custom)
2019-10-23 12:13:15,179 [pool-27-thread-1] INFO  server.RaftServerConfigKeys (ConfUtils.java:logGet(43)) - raft.server.log.queue.element-limit = 1024 (custom)
2019-10-23 12:13:15,180 [pool-27-thread-1] INFO  server.RaftServerConfigKeys (ConfUtils.java:logGet(43)) - raft.server.log.segment.size.max = 1048576 (custom)
2019-10-23 12:13:15,181 [pool-27-thread-1] INFO  server.RaftServerConfigKeys (ConfUtils.java:logGet(43)) - raft.server.log.preallocated.size = 16384 (custom)
2019-10-23 12:13:15,181 [pool-27-thread-1] INFO  server.RaftServerConfigKeys (ConfUtils.java:logGet(43)) - raft.server.log.write.buffer.size = 33554432 (custom)
2019-10-23 12:13:15,181 [pool-27-thread-1] INFO  server.RaftServerConfigKeys (ConfUtils.java:logGet(43)) - raft.server.log.force.sync.num = 128 (default)
2019-10-23 12:13:15,182 [pool-27-thread-1] INFO  server.RaftServerConfigKeys (ConfUtils.java:logGet(43)) - raft.server.log.statemachine.data.sync = true (default)
2019-10-23 12:13:15,182 [pool-27-thread-1] INFO  server.RaftServerConfigKeys (ConfUtils.java:logGet(43)) - raft.server.log.statemachine.data.sync.timeout = 10s (default)
2019-10-23 12:13:15,183 [pool-27-thread-1] INFO  server.RaftServerConfigKeys (ConfUtils.java:logGet(43)) - raft.server.log.statemachine.data.sync.timeout.retry = -1 (default)
2019-10-23 12:13:15,193 [pool-27-thread-1] INFO  server.RaftServerConfigKeys (ConfUtils.java:logGet(43)) - raft.server.log.statemachine.data.caching.enabled = true (custom)
2019-10-23 12:13:15,197 [pool-27-thread-1] INFO  segmented.SegmentedRaftLogWorker (SegmentedRaftLogWorker.java:lambda$new$0(128)) - ad4d83c7-0f96-47bc-a4e8-7e5d9f844896@group-FCD5A883FC05-SegmentedRaftLogWorker: flushIndex: setUnconditionally 0 -> -1
2019-10-23 12:13:15,201 [pool-27-thread-1] INFO  server.RaftServerConfigKeys (ConfUtils.java:logGet(43)) - raft.server.snapshot.auto.trigger.enabled = true (custom)
2019-10-23 12:13:15,202 [pool-27-thread-1] INFO  server.RaftServerConfigKeys (ConfUtils.java:logGet(43)) - raft.server.snapshot.auto.trigger.threshold = 10000 (custom)
2019-10-23 12:13:15,202 [pool-27-thread-1] INFO  server.RaftServerConfigKeys (ConfUtils.java:logGet(43)) - raft.server.snapshot.retention.file.num = 5 (custom)
2019-10-23 12:13:15,203 [pool-27-thread-1] INFO  server.RaftServerConfigKeys (ConfUtils.java:logGet(43)) - raft.server.retrycache.expirytime = 600000ms (custom)
2019-10-23 12:13:15,234 [pool-27-thread-1] INFO  impl.RaftServerImpl (RaftServerImpl.java:start(195)) - ad4d83c7-0f96-47bc-a4e8-7e5d9f844896@group-FCD5A883FC05: start as a follower, conf=-1: [ad4d83c7-0f96-47bc-a4e8-7e5d9f844896:192.168.69.118:41688], old=null
2019-10-23 12:13:15,235 [pool-27-thread-1] INFO  impl.RaftServerImpl (RaftServerImpl.java:setRole(184)) - ad4d83c7-0f96-47bc-a4e8-7e5d9f844896@group-FCD5A883FC05: changes role from      null to FOLLOWER at term 0 for startAsFollower
2019-10-23 12:13:15,236 [pool-27-thread-1] INFO  impl.RoleInfo (RoleInfo.java:updateAndGet(143)) - ad4d83c7-0f96-47bc-a4e8-7e5d9f844896: start FollowerState
2019-10-23 12:13:15,238 [pool-27-thread-1] INFO  util.JmxRegister (JmxRegister.java:tryRegister(44)) - Successfully registered JMX Bean with object name Ratis:service=RaftServer,group=group-FCD5A883FC05,id=ad4d83c7-0f96-47bc-a4e8-7e5d9f844896
2019-10-23 12:13:15,269 [IPC Server handler 13 on 41129] INFO  net.NetworkTopology (NetworkTopologyImpl.java:add(111)) - Added a new node: /default-rack/7b74cae2-68bb-403f-9342-7e82e321628a
2019-10-23 12:13:15,269 [IPC Server handler 13 on 41129] INFO  node.SCMNodeManager (SCMNodeManager.java:register(268)) - Registered Data node : 7b74cae2-68bb-403f-9342-7e82e321628a{ip: 192.168.69.118, host: pr-hdds1643-t2fz7-3136866267, networkLocation: /default-rack, certSerialId: null}
2019-10-23 12:13:15,320 [RatisPipelineUtilsThread] INFO  pipeline.PipelineStateManager (PipelineStateManager.java:addPipeline(56)) - Created pipeline Pipeline[ Id: a301c622-0e50-41a6-8671-fcd5a883fc05, Nodes: ad4d83c7-0f96-47bc-a4e8-7e5d9f844896{ip: 192.168.69.118, host: pr-hdds1643-t2fz7-3136866267, networkLocation: /default-rack, certSerialId: null}, Type:RATIS, Factor:ONE, State:OPEN]
2019-10-23 12:13:15,326 [Thread-285] INFO  impl.FollowerState (FollowerState.java:run(108)) - ad4d83c7-0f96-47bc-a4e8-7e5d9f844896@group-FCD5A883FC05-FollowerState: change to CANDIDATE, lastRpcTime:90ms, electionTimeout:88ms
2019-10-23 12:13:15,332 [Thread-285] INFO  impl.RoleInfo (RoleInfo.java:shutdownFollowerState(121)) - ad4d83c7-0f96-47bc-a4e8-7e5d9f844896: shutdown FollowerState
2019-10-23 12:13:15,333 [Thread-285] INFO  impl.RaftServerImpl (RaftServerImpl.java:setRole(184)) - ad4d83c7-0f96-47bc-a4e8-7e5d9f844896@group-FCD5A883FC05: changes role from  FOLLOWER to CANDIDATE at term 0 for changeToCandidate
2019-10-23 12:13:15,338 [Thread-285] INFO  impl.RoleInfo (RoleInfo.java:updateAndGet(143)) - ad4d83c7-0f96-47bc-a4e8-7e5d9f844896: start LeaderElection
2019-10-23 12:13:15,349 [grpc-default-executor-0] INFO  impl.RaftServerProxy (RaftServerProxy.java:addNew(89)) - d21719ef-fad3-4f0e-b494-842eeedea460: addNew group-8A82B02DA3A4:[d21719ef-fad3-4f0e-b494-842eeedea460:192.168.69.118:45836] returns group-8A82B02DA3A4:java.util.concurrent.CompletableFuture@4f5e1e96[Not completed]
2019-10-23 12:13:15,355 [main] INFO  ozone.MiniOzoneClusterImpl (MiniOzoneClusterImpl.java:lambda$waitForClusterToBeReady$0(147)) - Waiting for cluster to be ready. Got 9 of 10 DN Heartbeats.
2019-10-23 12:13:15,365 [ad4d83c7-0f96-47bc-a4e8-7e5d9f844896@group-FCD5A883FC05-LeaderElection1] INFO  impl.LeaderElection (LeaderElection.java:askForVotes(178)) - ad4d83c7-0f96-47bc-a4e8-7e5d9f844896@group-FCD5A883FC05-LeaderElection1: begin an election at term 1 for -1: [ad4d83c7-0f96-47bc-a4e8-7e5d9f844896:192.168.69.118:41688], old=null
2019-10-23 12:13:15,398 [pool-57-thread-1] INFO  impl.RaftServerImpl (RaftServerImpl.java:<init>(104)) - d21719ef-fad3-4f0e-b494-842eeedea460: new RaftServerImpl for group-8A82B02DA3A4:[d21719ef-fad3-4f0e-b494-842eeedea460:192.168.69.118:45836] with ContainerStateMachine:uninitialized
2019-10-23 12:13:15,398 [pool-57-thread-1] INFO  server.RaftServerConfigKeys (ConfUtils.java:logGet(43)) - raft.server.rpc.timeout.min = 1s (custom)
2019-10-23 12:13:15,399 [IPC Server handler 7 on 41129] INFO  net.NetworkTopology (NetworkTopologyImpl.java:add(111)) - Added a new node: /default-rack/4949cace-0585-430c-97a7-3db1e354cdac
2019-10-23 12:13:15,399 [IPC Server handler 7 on 41129] INFO  node.SCMNodeManager (SCMNodeManager.java:register(268)) - Registered Data node : 4949cace-0585-430c-97a7-3db1e354cdac{ip: 192.168.69.118, host: pr-hdds1643-t2fz7-3136866267, networkLocation: /default-rack, certSerialId: null}
2019-10-23 12:13:15,399 [pool-57-thread-1] INFO  server.RaftServerConfigKeys (ConfUtils.java:logGet(43)) - raft.server.rpc.timeout.max = 1200ms (custom)
2019-10-23 12:13:15,399 [pool-57-thread-1] INFO  server.RaftServerConfigKeys (ConfUtils.java:logGet(43)) - raft.server.rpcslowness.timeout = 120s (custom)
2019-10-23 12:13:15,400 [pool-57-thread-1] INFO  server.RaftServerConfigKeys (ConfUtils.java:logGet(43)) - raft.server.sleep.deviation.threshold = 300 (default)
2019-10-23 12:13:15,400 [pool-57-thread-1] INFO  server.RaftServerConfigKeys (ConfUtils.java:logGet(43)) - raft.server.log.appender.install.snapshot.enabled = false (custom)
2019-10-23 12:13:15,400 [pool-57-thread-1] INFO  impl.RaftServerImpl (ServerState.java:<init>(103)) - d21719ef-fad3-4f0e-b494-842eeedea460@group-8A82B02DA3A4: ConfigurationManager, init=-1: [d21719ef-fad3-4f0e-b494-842eeedea460:192.168.69.118:45836], old=null, confs=<EMPTY_MAP>
2019-10-23 12:13:15,399 [ad4d83c7-0f96-47bc-a4e8-7e5d9f844896@group-FCD5A883FC05-LeaderElection1] INFO  impl.RoleInfo (RoleInfo.java:shutdownLeaderElection(134)) - ad4d83c7-0f96-47bc-a4e8-7e5d9f844896: shutdown LeaderElection
2019-10-23 12:13:15,400 [pool-57-thread-1] INFO  server.RaftServerConfigKeys (ConfUtils.java:logGet(43)) - raft.server.storage.dir = [/workdir/hadoop-ozone/integration-test/target/test-dir/MiniOzoneClusterImpl-f0805996-b414-4d96-aefa-ea3288852db6/datanode-3/data/ratis] (custom)
2019-10-23 12:13:15,401 [pool-57-thread-1] INFO  server.RaftServerConfigKeys (ConfUtils.java:logGet(43)) - raft.server.log.corruption.policy = EXCEPTION (default)
2019-10-23 12:13:15,401 [ad4d83c7-0f96-47bc-a4e8-7e5d9f844896@group-FCD5A883FC05-LeaderElection1] INFO  impl.RaftServerImpl (RaftServerImpl.java:setRole(184)) - ad4d83c7-0f96-47bc-a4e8-7e5d9f844896@group-FCD5A883FC05: changes role from CANDIDATE to LEADER at term 1 for changeToLeader
2019-10-23 12:13:15,401 [pool-57-thread-1] INFO  storage.RaftStorageDirectory (RaftStorageDirectory.java:analyzeStorage(246)) - The storage directory /workdir/hadoop-ozone/integration-test/target/test-dir/MiniOzoneClusterImpl-f0805996-b414-4d96-aefa-ea3288852db6/datanode-3/data/ratis/2e5f5ac1-cca3-4b50-beb9-8a82b02da3a4 does not exist. Creating ...
2019-10-23 12:13:15,403 [ad4d83c7-0f96-47bc-a4e8-7e5d9f844896@group-FCD5A883FC05-LeaderElection1] INFO  impl.RaftServerImpl (ServerState.java:setLeader(256)) - ad4d83c7-0f96-47bc-a4e8-7e5d9f844896@group-FCD5A883FC05: change Leader from null to ad4d83c7-0f96-47bc-a4e8-7e5d9f844896 at term 1 for becomeLeader, leader elected after 284ms
2019-10-23 12:13:15,410 [ad4d83c7-0f96-47bc-a4e8-7e5d9f844896@group-FCD5A883FC05-LeaderElection1] INFO  server.RaftServerConfigKeys (ConfUtils.java:logGet(43)) - raft.server.staging.catchup.gap = 1000 (default)
2019-10-23 12:13:15,411 [ad4d83c7-0f96-47bc-a4e8-7e5d9f844896@group-FCD5A883FC05-LeaderElection1] INFO  server.RaftServerConfigKeys (ConfUtils.java:logGet(43)) - raft.server.rpc.sleep.time = 25ms (default)
2019-10-23 12:13:15,416 [ad4d83c7-0f96-47bc-a4e8-7e5d9f844896@group-FCD5A883FC05-LeaderElection1] INFO  server.RaftServerConfigKeys (ConfUtils.java:logGet(43)) - raft.server.write.element-limit = 4096 (default)
2019-10-23 12:13:15,418 [pool-57-thread-1] INFO  storage.RaftStorageDirectory (RaftStorageDirectory.java:tryLock(328)) - Lock on /workdir/hadoop-ozone/integration-test/target/test-dir/MiniOzoneClusterImpl-f0805996-b414-4d96-aefa-ea3288852db6/datanode-3/data/ratis/2e5f5ac1-cca3-4b50-beb9-8a82b02da3a4/in_use.lock acquired by nodename 17215@pr-hdds1643-t2fz7-3136866267
2019-10-23 12:13:15,419 [ad4d83c7-0f96-47bc-a4e8-7e5d9f844896@group-FCD5A883FC05-LeaderElection1] INFO  server.RaftServerConfigKeys (ConfUtils.java:logGet(43)) - raft.server.watch.timeout = 10s (default)
2019-10-23 12:13:15,419 [ad4d83c7-0f96-47bc-a4e8-7e5d9f844896@group-FCD5A883FC05-LeaderElection1] INFO  server.RaftServerConfigKeys (ConfUtils.java:logGet(43)) - raft.server.watch.timeout.denomination = 1s (default)
2019-10-23 12:13:15,420 [ad4d83c7-0f96-47bc-a4e8-7e5d9f844896@group-FCD5A883FC05-LeaderElection1] INFO  server.RaftServerConfigKeys (ConfUtils.java:logGet(43)) - raft.server.watch.element-limit = 65536 (default)
2019-10-23 12:13:15,422 [pool-57-thread-1] INFO  storage.RaftStorage (RaftStorage.java:format(84)) - Storage directory /workdir/hadoop-ozone/integration-test/target/test-dir/MiniOzoneClusterImpl-f0805996-b414-4d96-aefa-ea3288852db6/datanode-3/data/ratis/2e5f5ac1-cca3-4b50-beb9-8a82b02da3a4 has been successfully formatted.
2019-10-23 12:13:15,424 [pool-57-thread-1] INFO  ratis.ContainerStateMachine (ContainerStateMachine.java:loadSnapshot(231)) - group-8A82B02DA3A4: The snapshot info is null. Setting the last applied indexto:(t:0, i:~)
2019-10-23 12:13:15,425 [pool-57-thread-1] INFO  server.RaftServerConfigKeys (ConfUtils.java:logGet(43)) - raft.server.notification.no-leader.timeout = 120s (custom)
2019-10-23 12:13:15,426 [pool-57-thread-1] INFO  server.RaftServerConfigKeys (ConfUtils.java:logGet(43)) - raft.server.log.use.memory = false (default)
2019-10-23 12:13:15,426 [pool-57-thread-1] INFO  server.RaftServerConfigKeys (ConfUtils.java:logGet(43)) - raft.server.log.purge.gap = 1000000 (custom)
2019-10-23 12:13:15,426 [pool-57-thread-1] INFO  server.RaftServerConfigKeys (ConfUtils.java:logGet(43)) - raft.server.log.appender.buffer.byte-limit = 33554432 (custom)
2019-10-23 12:13:15,426 [pool-57-thread-1] INFO  server.RaftServerConfigKeys (ConfUtils.java:logGet(43)) - raft.server.log.segment.size.max = 1048576 (custom)
2019-10-23 12:13:15,479 [pool-57-thread-1] INFO  server.RaftServerConfigKeys (ConfUtils.java:logGet(43)) - raft.server.log.segment.cache.num.max = 2 (custom)
2019-10-23 12:13:15,479 [pool-57-thread-1] INFO  segmented.SegmentedRaftLogWorker (SegmentedRaftLogWorker.java:<init>(173)) - new d21719ef-fad3-4f0e-b494-842eeedea460@group-8A82B02DA3A4-SegmentedRaftLogWorker for RaftStorage:Storage Directory /workdir/hadoop-ozone/integration-test/target/test-dir/MiniOzoneClusterImpl-f0805996-b414-4d96-aefa-ea3288852db6/datanode-3/data/ratis/2e5f5ac1-cca3-4b50-beb9-8a82b02da3a4
2019-10-23 12:13:15,480 [pool-57-thread-1] INFO  server.RaftServerConfigKeys (ConfUtils.java:logGet(43)) - raft.server.log.queue.byte-limit = 2147483647 (custom)
2019-10-23 12:13:15,481 [pool-57-thread-1] INFO  server.RaftServerConfigKeys (ConfUtils.java:logGet(43)) - raft.server.log.queue.element-limit = 1024 (custom)
2019-10-23 12:13:15,481 [pool-57-thread-1] INFO  server.RaftServerConfigKeys (ConfUtils.java:logGet(43)) - raft.server.log.segment.size.max = 1048576 (custom)
2019-10-23 12:13:15,481 [pool-57-thread-1] INFO  server.RaftServerConfigKeys (ConfUtils.java:logGet(43)) - raft.server.log.preallocated.size = 16384 (custom)
2019-10-23 12:13:15,481 [pool-57-thread-1] INFO  server.RaftServerConfigKeys (ConfUtils.java:logGet(43)) - raft.server.log.write.buffer.size = 33554432 (custom)
2019-10-23 12:13:15,482 [pool-57-thread-1] INFO  server.RaftServerConfigKeys (ConfUtils.java:logGet(43)) - raft.server.log.force.sync.num = 128 (default)
2019-10-23 12:13:15,482 [pool-57-thread-1] INFO  server.RaftServerConfigKeys (ConfUtils.java:logGet(43)) - raft.server.log.statemachine.data.sync = true (default)
2019-10-23 12:13:15,482 [pool-57-thread-1] INFO  server.RaftServerConfigKeys (ConfUtils.java:logGet(43)) - raft.server.log.statemachine.data.sync.timeout = 10s (default)
2019-10-23 12:13:15,484 [pool-57-thread-1] INFO  server.RaftServerConfigKeys (ConfUtils.java:logGet(43)) - raft.server.log.statemachine.data.sync.timeout.retry = -1 (default)
2019-10-23 12:13:15,486 [pool-57-thread-1] INFO  server.RaftServerConfigKeys (ConfUtils.java:logGet(43)) - raft.server.log.statemachine.data.caching.enabled = true (custom)
2019-10-23 12:13:15,487 [pool-57-thread-1] INFO  segmented.SegmentedRaftLogWorker (SegmentedRaftLogWorker.java:lambda$new$0(128)) - d21719ef-fad3-4f0e-b494-842eeedea460@group-8A82B02DA3A4-SegmentedRaftLogWorker: flushIndex: setUnconditionally 0 -> -1
2019-10-23 12:13:15,488 [pool-57-thread-1] INFO  server.RaftServerConfigKeys (ConfUtils.java:logGet(43)) - raft.server.snapshot.auto.trigger.enabled = true (custom)
2019-10-23 12:13:15,488 [pool-57-thread-1] INFO  server.RaftServerConfigKeys (ConfUtils.java:logGet(43)) - raft.server.snapshot.auto.trigger.threshold = 10000 (custom)
2019-10-23 12:13:15,489 [pool-57-thread-1] INFO  server.RaftServerConfigKeys (ConfUtils.java:logGet(43)) - raft.server.snapshot.retention.file.num = 5 (custom)
2019-10-23 12:13:15,489 [pool-57-thread-1] INFO  server.RaftServerConfigKeys (ConfUtils.java:logGet(43)) - raft.server.retrycache.expirytime = 600000ms (custom)
2019-10-23 12:13:15,501 [ad4d83c7-0f96-47bc-a4e8-7e5d9f844896@group-FCD5A883FC05-LeaderElection1] INFO  impl.RoleInfo (RoleInfo.java:updateAndGet(143)) - ad4d83c7-0f96-47bc-a4e8-7e5d9f844896: start LeaderState
2019-10-23 12:13:15,505 [pool-57-thread-1] INFO  impl.RaftServerImpl (RaftServerImpl.java:start(195)) - d21719ef-fad3-4f0e-b494-842eeedea460@group-8A82B02DA3A4: start as a follower, conf=-1: [d21719ef-fad3-4f0e-b494-842eeedea460:192.168.69.118:45836], old=null
2019-10-23 12:13:15,505 [pool-57-thread-1] INFO  impl.RaftServerImpl (RaftServerImpl.java:setRole(184)) - d21719ef-fad3-4f0e-b494-842eeedea460@group-8A82B02DA3A4: changes role from      null to FOLLOWER at term 0 for startAsFollower
2019-10-23 12:13:15,505 [pool-57-thread-1] INFO  impl.RoleInfo (RoleInfo.java:updateAndGet(143)) - d21719ef-fad3-4f0e-b494-842eeedea460: start FollowerState
2019-10-23 12:13:15,506 [pool-57-thread-1] INFO  util.JmxRegister (JmxRegister.java:tryRegister(44)) - Successfully registered JMX Bean with object name Ratis:service=RaftServer,group=group-8A82B02DA3A4,id=d21719ef-fad3-4f0e-b494-842eeedea460
2019-10-23 12:13:15,513 [Thread-290] INFO  impl.FollowerState (FollowerState.java:run(108)) - d21719ef-fad3-4f0e-b494-842eeedea460@group-8A82B02DA3A4-FollowerState: change to CANDIDATE, lastRpcTime:7ms, electionTimeout:7ms
2019-10-23 12:13:15,515 [Thread-290] INFO  impl.RoleInfo (RoleInfo.java:shutdownFollowerState(121)) - d21719ef-fad3-4f0e-b494-842eeedea460: shutdown FollowerState
2019-10-23 12:13:15,515 [Thread-290] INFO  impl.RaftServerImpl (RaftServerImpl.java:setRole(184)) - d21719ef-fad3-4f0e-b494-842eeedea460@group-8A82B02DA3A4: changes role from  FOLLOWER to CANDIDATE at term 0 for changeToCandidate
2019-10-23 12:13:15,515 [Thread-290] INFO  impl.RoleInfo (RoleInfo.java:updateAndGet(143)) - d21719ef-fad3-4f0e-b494-842eeedea460: start LeaderElection
2019-10-23 12:13:15,528 [d21719ef-fad3-4f0e-b494-842eeedea460@group-8A82B02DA3A4-LeaderElection2] INFO  impl.LeaderElection (LeaderElection.java:askForVotes(178)) - d21719ef-fad3-4f0e-b494-842eeedea460@group-8A82B02DA3A4-LeaderElection2: begin an election at term 1 for -1: [d21719ef-fad3-4f0e-b494-842eeedea460:192.168.69.118:45836], old=null
2019-10-23 12:13:15,532 [d21719ef-fad3-4f0e-b494-842eeedea460@group-8A82B02DA3A4-LeaderElection2] INFO  impl.RoleInfo (RoleInfo.java:shutdownLeaderElection(134)) - d21719ef-fad3-4f0e-b494-842eeedea460: shutdown LeaderElection
2019-10-23 12:13:15,534 [d21719ef-fad3-4f0e-b494-842eeedea460@group-8A82B02DA3A4-LeaderElection2] INFO  impl.RaftServerImpl (RaftServerImpl.java:setRole(184)) - d21719ef-fad3-4f0e-b494-842eeedea460@group-8A82B02DA3A4: changes role from CANDIDATE to LEADER at term 1 for changeToLeader
2019-10-23 12:13:15,534 [d21719ef-fad3-4f0e-b494-842eeedea460@group-8A82B02DA3A4-LeaderElection2] INFO  impl.RaftServerImpl (ServerState.java:setLeader(256)) - d21719ef-fad3-4f0e-b494-842eeedea460@group-8A82B02DA3A4: change Leader from null to d21719ef-fad3-4f0e-b494-842eeedea460 at term 1 for becomeLeader, leader elected after 109ms
2019-10-23 12:13:15,536 [d21719ef-fad3-4f0e-b494-842eeedea460@group-8A82B02DA3A4-LeaderElection2] INFO  server.RaftServerConfigKeys (ConfUtils.java:logGet(43)) - raft.server.staging.catchup.gap = 1000 (default)
2019-10-23 12:13:15,536 [d21719ef-fad3-4f0e-b494-842eeedea460@group-8A82B02DA3A4-LeaderElection2] INFO  server.RaftServerConfigKeys (ConfUtils.java:logGet(43)) - raft.server.rpc.sleep.time = 25ms (default)
2019-10-23 12:13:15,538 [d21719ef-fad3-4f0e-b494-842eeedea460@group-8A82B02DA3A4-LeaderElection2] INFO  server.RaftServerConfigKeys (ConfUtils.java:logGet(43)) - raft.server.write.element-limit = 4096 (default)
2019-10-23 12:13:15,539 [d21719ef-fad3-4f0e-b494-842eeedea460@group-8A82B02DA3A4-LeaderElection2] INFO  server.RaftServerConfigKeys (ConfUtils.java:logGet(43)) - raft.server.watch.timeout = 10s (default)
2019-10-23 12:13:15,539 [d21719ef-fad3-4f0e-b494-842eeedea460@group-8A82B02DA3A4-LeaderElection2] INFO  server.RaftServerConfigKeys (ConfUtils.java:logGet(43)) - raft.server.watch.timeout.denomination = 1s (default)
2019-10-23 12:13:15,539 [d21719ef-fad3-4f0e-b494-842eeedea460@group-8A82B02DA3A4-LeaderElection2] INFO  server.RaftServerConfigKeys (ConfUtils.java:logGet(43)) - raft.server.watch.element-limit = 65536 (default)
2019-10-23 12:13:15,540 [RatisPipelineUtilsThread] INFO  pipeline.PipelineStateManager (PipelineStateManager.java:addPipeline(56)) - Created pipeline Pipeline[ Id: 2e5f5ac1-cca3-4b50-beb9-8a82b02da3a4, Nodes: d21719ef-fad3-4f0e-b494-842eeedea460{ip: 192.168.69.118, host: pr-hdds1643-t2fz7-3136866267, networkLocation: /default-rack, certSerialId: null}, Type:RATIS, Factor:ONE, State:OPEN]
2019-10-23 12:13:15,609 [d21719ef-fad3-4f0e-b494-842eeedea460@group-8A82B02DA3A4-LeaderElection2] INFO  impl.RoleInfo (RoleInfo.java:updateAndGet(143)) - d21719ef-fad3-4f0e-b494-842eeedea460: start LeaderState
2019-10-23 12:13:15,612 [d21719ef-fad3-4f0e-b494-842eeedea460@group-8A82B02DA3A4-LeaderElection2] INFO  segmented.SegmentedRaftLogWorker (SegmentedRaftLogWorker.java:startLogSegment(385)) - d21719ef-fad3-4f0e-b494-842eeedea460@group-8A82B02DA3A4-SegmentedRaftLogWorker: Starting segment from index:0
2019-10-23 12:13:15,612 [ad4d83c7-0f96-47bc-a4e8-7e5d9f844896@group-FCD5A883FC05-LeaderElection1] INFO  segmented.SegmentedRaftLogWorker (SegmentedRaftLogWorker.java:startLogSegment(385)) - ad4d83c7-0f96-47bc-a4e8-7e5d9f844896@group-FCD5A883FC05-SegmentedRaftLogWorker: Starting segment from index:0
2019-10-23 12:13:15,674 [grpc-default-executor-0] INFO  impl.RaftServerProxy (RaftServerProxy.java:addNew(89)) - 4949cace-0585-430c-97a7-3db1e354cdac: addNew group-C8E79F2C424D:[4949cace-0585-430c-97a7-3db1e354cdac:192.168.69.118:33911] returns group-C8E79F2C424D:java.util.concurrent.CompletableFuture@3aa4f583[Not completed]
2019-10-23 12:13:15,678 [pool-117-thread-1] INFO  impl.RaftServerImpl (RaftServerImpl.java:<init>(104)) - 4949cace-0585-430c-97a7-3db1e354cdac: new RaftServerImpl for group-C8E79F2C424D:[4949cace-0585-430c-97a7-3db1e354cdac:192.168.69.118:33911] with ContainerStateMachine:uninitialized
2019-10-23 12:13:15,678 [pool-117-thread-1] INFO  server.RaftServerConfigKeys (ConfUtils.java:logGet(43)) - raft.server.rpc.timeout.min = 1s (custom)
2019-10-23 12:13:15,678 [pool-117-thread-1] INFO  server.RaftServerConfigKeys (ConfUtils.java:logGet(43)) - raft.server.rpc.timeout.max = 1200ms (custom)
2019-10-23 12:13:15,678 [pool-117-thread-1] INFO  server.RaftServerConfigKeys (ConfUtils.java:logGet(43)) - raft.server.rpcslowness.timeout = 120s (custom)
2019-10-23 12:13:15,678 [pool-117-thread-1] INFO  server.RaftServerConfigKeys (ConfUtils.java:logGet(43)) - raft.server.sleep.deviation.threshold = 300 (default)
2019-10-23 12:13:15,678 [pool-117-thread-1] INFO  server.RaftServerConfigKeys (ConfUtils.java:logGet(43)) - raft.server.log.appender.install.snapshot.enabled = false (custom)
2019-10-23 12:13:15,678 [pool-117-thread-1] INFO  impl.RaftServerImpl (ServerState.java:<init>(103)) - 4949cace-0585-430c-97a7-3db1e354cdac@group-C8E79F2C424D: ConfigurationManager, init=-1: [4949cace-0585-430c-97a7-3db1e354cdac:192.168.69.118:33911], old=null, confs=<EMPTY_MAP>
2019-10-23 12:13:15,678 [pool-117-thread-1] INFO  server.RaftServerConfigKeys (ConfUtils.java:logGet(43)) - raft.server.storage.dir = [/workdir/hadoop-ozone/integration-test/target/test-dir/MiniOzoneClusterImpl-f0805996-b414-4d96-aefa-ea3288852db6/datanode-9/data/ratis] (custom)
2019-10-23 12:13:15,679 [pool-117-thread-1] INFO  server.RaftServerConfigKeys (ConfUtils.java:logGet(43)) - raft.server.log.corruption.policy = EXCEPTION (default)
2019-10-23 12:13:15,679 [pool-117-thread-1] INFO  storage.RaftStorageDirectory (RaftStorageDirectory.java:analyzeStorage(246)) - The storage directory /workdir/hadoop-ozone/integration-test/target/test-dir/MiniOzoneClusterImpl-f0805996-b414-4d96-aefa-ea3288852db6/datanode-9/data/ratis/78cdf375-bf55-4818-8767-c8e79f2c424d does not exist. Creating ...
2019-10-23 12:13:15,681 [ad4d83c7-0f96-47bc-a4e8-7e5d9f844896@group-FCD5A883FC05-LeaderElection1] INFO  impl.RaftServerImpl (ServerState.java:setRaftConf(357)) - ad4d83c7-0f96-47bc-a4e8-7e5d9f844896@group-FCD5A883FC05: set configuration 0: [ad4d83c7-0f96-47bc-a4e8-7e5d9f844896:192.168.69.118:41688], old=null at 0
2019-10-23 12:13:15,681 [d21719ef-fad3-4f0e-b494-842eeedea460@group-8A82B02DA3A4-LeaderElection2] INFO  impl.RaftServerImpl (ServerState.java:setRaftConf(357)) - d21719ef-fad3-4f0e-b494-842eeedea460@group-8A82B02DA3A4: set configuration 0: [d21719ef-fad3-4f0e-b494-842eeedea460:192.168.69.118:45836], old=null at 0
2019-10-23 12:13:15,691 [pool-117-thread-1] INFO  storage.RaftStorageDirectory (RaftStorageDirectory.java:tryLock(328)) - Lock on /workdir/hadoop-ozone/integration-test/target/test-dir/MiniOzoneClusterImpl-f0805996-b414-4d96-aefa-ea3288852db6/datanode-9/data/ratis/78cdf375-bf55-4818-8767-c8e79f2c424d/in_use.lock acquired by nodename 17215@pr-hdds1643-t2fz7-3136866267
2019-10-23 12:13:15,706 [pool-117-thread-1] INFO  storage.RaftStorage (RaftStorage.java:format(84)) - Storage directory /workdir/hadoop-ozone/integration-test/target/test-dir/MiniOzoneClusterImpl-f0805996-b414-4d96-aefa-ea3288852db6/datanode-9/data/ratis/78cdf375-bf55-4818-8767-c8e79f2c424d has been successfully formatted.
2019-10-23 12:13:15,706 [pool-117-thread-1] INFO  ratis.ContainerStateMachine (ContainerStateMachine.java:loadSnapshot(231)) - group-C8E79F2C424D: The snapshot info is null. Setting the last applied indexto:(t:0, i:~)
2019-10-23 12:13:15,707 [pool-117-thread-1] INFO  server.RaftServerConfigKeys (ConfUtils.java:logGet(43)) - raft.server.notification.no-leader.timeout = 120s (custom)
2019-10-23 12:13:15,707 [pool-117-thread-1] INFO  server.RaftServerConfigKeys (ConfUtils.java:logGet(43)) - raft.server.log.use.memory = false (default)
2019-10-23 12:13:15,707 [pool-117-thread-1] INFO  server.RaftServerConfigKeys (ConfUtils.java:logGet(43)) - raft.server.log.purge.gap = 1000000 (custom)
2019-10-23 12:13:15,707 [pool-117-thread-1] INFO  server.RaftServerConfigKeys (ConfUtils.java:logGet(43)) - raft.server.log.appender.buffer.byte-limit = 33554432 (custom)
2019-10-23 12:13:15,707 [pool-117-thread-1] INFO  server.RaftServerConfigKeys (ConfUtils.java:logGet(43)) - raft.server.log.segment.size.max = 1048576 (custom)
2019-10-23 12:13:15,711 [pool-117-thread-1] INFO  server.RaftServerConfigKeys (ConfUtils.java:logGet(43)) - raft.server.log.segment.cache.num.max = 2 (custom)
2019-10-23 12:13:15,711 [pool-117-thread-1] INFO  segmented.SegmentedRaftLogWorker (SegmentedRaftLogWorker.java:<init>(173)) - new 4949cace-0585-430c-97a7-3db1e354cdac@group-C8E79F2C424D-SegmentedRaftLogWorker for RaftStorage:Storage Directory /workdir/hadoop-ozone/integration-test/target/test-dir/MiniOzoneClusterImpl-f0805996-b414-4d96-aefa-ea3288852db6/datanode-9/data/ratis/78cdf375-bf55-4818-8767-c8e79f2c424d
2019-10-23 12:13:15,711 [pool-117-thread-1] INFO  server.RaftServerConfigKeys (ConfUtils.java:logGet(43)) - raft.server.log.queue.byte-limit = 2147483647 (custom)
2019-10-23 12:13:15,711 [pool-117-thread-1] INFO  server.RaftServerConfigKeys (ConfUtils.java:logGet(43)) - raft.server.log.queue.element-limit = 1024 (custom)
2019-10-23 12:13:15,711 [pool-117-thread-1] INFO  server.RaftServerConfigKeys (ConfUtils.java:logGet(43)) - raft.server.log.segment.size.max = 1048576 (custom)
2019-10-23 12:13:15,712 [pool-117-thread-1] INFO  server.RaftServerConfigKeys (ConfUtils.java:logGet(43)) - raft.server.log.preallocated.size = 16384 (custom)
2019-10-23 12:13:15,712 [pool-117-thread-1] INFO  server.RaftServerConfigKeys (ConfUtils.java:logGet(43)) - raft.server.log.write.buffer.size = 33554432 (custom)
2019-10-23 12:13:15,712 [pool-117-thread-1] INFO  server.RaftServerConfigKeys (ConfUtils.java:logGet(43)) - raft.server.log.force.sync.num = 128 (default)
2019-10-23 12:13:15,712 [pool-117-thread-1] INFO  server.RaftServerConfigKeys (ConfUtils.java:logGet(43)) - raft.server.log.statemachine.data.sync = true (default)
2019-10-23 12:13:15,712 [pool-117-thread-1] INFO  server.RaftServerConfigKeys (ConfUtils.java:logGet(43)) - raft.server.log.statemachine.data.sync.timeout = 10s (default)
2019-10-23 12:13:15,712 [pool-117-thread-1] INFO  server.RaftServerConfigKeys (ConfUtils.java:logGet(43)) - raft.server.log.statemachine.data.sync.timeout.retry = -1 (default)
2019-10-23 12:13:15,713 [pool-117-thread-1] INFO  server.RaftServerConfigKeys (ConfUtils.java:logGet(43)) - raft.server.log.statemachine.data.caching.enabled = true (custom)
2019-10-23 12:13:15,713 [pool-117-thread-1] INFO  segmented.SegmentedRaftLogWorker (SegmentedRaftLogWorker.java:lambda$new$0(128)) - 4949cace-0585-430c-97a7-3db1e354cdac@group-C8E79F2C424D-SegmentedRaftLogWorker: flushIndex: setUnconditionally 0 -> -1
2019-10-23 12:13:15,714 [pool-117-thread-1] INFO  server.RaftServerConfigKeys (ConfUtils.java:logGet(43)) - raft.server.snapshot.auto.trigger.enabled = true (custom)
2019-10-23 12:13:15,714 [pool-117-thread-1] INFO  server.RaftServerConfigKeys (ConfUtils.java:logGet(43)) - raft.server.snapshot.auto.trigger.threshold = 10000 (custom)
2019-10-23 12:13:15,714 [pool-117-thread-1] INFO  server.RaftServerConfigKeys (ConfUtils.java:logGet(43)) - raft.server.snapshot.retention.file.num = 5 (custom)
2019-10-23 12:13:15,714 [pool-117-thread-1] INFO  server.RaftServerConfigKeys (ConfUtils.java:logGet(43)) - raft.server.retrycache.expirytime = 600000ms (custom)
2019-10-23 12:13:15,721 [pool-117-thread-1] INFO  impl.RaftServerImpl (RaftServerImpl.java:start(195)) - 4949cace-0585-430c-97a7-3db1e354cdac@group-C8E79F2C424D: start as a follower, conf=-1: [4949cace-0585-430c-97a7-3db1e354cdac:192.168.69.118:33911], old=null
2019-10-23 12:13:15,721 [pool-117-thread-1] INFO  impl.RaftServerImpl (RaftServerImpl.java:setRole(184)) - 4949cace-0585-430c-97a7-3db1e354cdac@group-C8E79F2C424D: changes role from      null to FOLLOWER at term 0 for startAsFollower
2019-10-23 12:13:15,721 [pool-117-thread-1] INFO  impl.RoleInfo (RoleInfo.java:updateAndGet(143)) - 4949cace-0585-430c-97a7-3db1e354cdac: start FollowerState
2019-10-23 12:13:15,722 [pool-117-thread-1] INFO  util.JmxRegister (JmxRegister.java:tryRegister(44)) - Successfully registered JMX Bean with object name Ratis:service=RaftServer,group=group-C8E79F2C424D,id=4949cace-0585-430c-97a7-3db1e354cdac
2019-10-23 12:13:15,737 [RatisPipelineUtilsThread] INFO  pipeline.PipelineStateManager (PipelineStateManager.java:addPipeline(56)) - Created pipeline Pipeline[ Id: 78cdf375-bf55-4818-8767-c8e79f2c424d, Nodes: 4949cace-0585-430c-97a7-3db1e354cdac{ip: 192.168.69.118, host: pr-hdds1643-t2fz7-3136866267, networkLocation: /default-rack, certSerialId: null}, Type:RATIS, Factor:ONE, State:OPEN]
2019-10-23 12:13:15,760 [grpc-default-executor-0] INFO  impl.RaftServerProxy (RaftServerProxy.java:addNew(89)) - 736d60a2-feff-478b-9de2-63399c9845c9: addNew group-FDE07787AAC0:[736d60a2-feff-478b-9de2-63399c9845c9:192.168.69.118:36235] returns group-FDE07787AAC0:java.util.concurrent.CompletableFuture@4eeed199[Not completed]
2019-10-23 12:13:15,764 [pool-87-thread-1] INFO  impl.RaftServerImpl (RaftServerImpl.java:<init>(104)) - 736d60a2-feff-478b-9de2-63399c9845c9: new RaftServerImpl for group-FDE07787AAC0:[736d60a2-feff-478b-9de2-63399c9845c9:192.168.69.118:36235] with ContainerStateMachine:uninitialized
2019-10-23 12:13:15,765 [pool-87-thread-1] INFO  server.RaftServerConfigKeys (ConfUtils.java:logGet(43)) - raft.server.rpc.timeout.min = 1s (custom)
2019-10-23 12:13:15,765 [pool-87-thread-1] INFO  server.RaftServerConfigKeys (ConfUtils.java:logGet(43)) - raft.server.rpc.timeout.max = 1200ms (custom)
2019-10-23 12:13:15,765 [pool-87-thread-1] INFO  server.RaftServerConfigKeys (ConfUtils.java:logGet(43)) - raft.server.rpcslowness.timeout = 120s (custom)
2019-10-23 12:13:15,765 [pool-87-thread-1] INFO  server.RaftServerConfigKeys (ConfUtils.java:logGet(43)) - raft.server.sleep.deviation.threshold = 300 (default)
2019-10-23 12:13:15,765 [pool-87-thread-1] INFO  server.RaftServerConfigKeys (ConfUtils.java:logGet(43)) - raft.server.log.appender.install.snapshot.enabled = false (custom)
2019-10-23 12:13:15,765 [pool-87-thread-1] INFO  impl.RaftServerImpl (ServerState.java:<init>(103)) - 736d60a2-feff-478b-9de2-63399c9845c9@group-FDE07787AAC0: ConfigurationManager, init=-1: [736d60a2-feff-478b-9de2-63399c9845c9:192.168.69.118:36235], old=null, confs=<EMPTY_MAP>
2019-10-23 12:13:15,766 [pool-87-thread-1] INFO  server.RaftServerConfigKeys (ConfUtils.java:logGet(43)) - raft.server.storage.dir = [/workdir/hadoop-ozone/integration-test/target/test-dir/MiniOzoneClusterImpl-f0805996-b414-4d96-aefa-ea3288852db6/datanode-6/data/ratis] (custom)
2019-10-23 12:13:15,766 [pool-87-thread-1] INFO  server.RaftServerConfigKeys (ConfUtils.java:logGet(43)) - raft.server.log.corruption.policy = EXCEPTION (default)
2019-10-23 12:13:15,766 [pool-87-thread-1] INFO  storage.RaftStorageDirectory (RaftStorageDirectory.java:analyzeStorage(246)) - The storage directory /workdir/hadoop-ozone/integration-test/target/test-dir/MiniOzoneClusterImpl-f0805996-b414-4d96-aefa-ea3288852db6/datanode-6/data/ratis/8794ea3d-d110-423f-bc1b-fde07787aac0 does not exist. Creating ...
2019-10-23 12:13:15,780 [pool-87-thread-1] INFO  storage.RaftStorageDirectory (RaftStorageDirectory.java:tryLock(328)) - Lock on /workdir/hadoop-ozone/integration-test/target/test-dir/MiniOzoneClusterImpl-f0805996-b414-4d96-aefa-ea3288852db6/datanode-6/data/ratis/8794ea3d-d110-423f-bc1b-fde07787aac0/in_use.lock acquired by nodename 17215@pr-hdds1643-t2fz7-3136866267
2019-10-23 12:13:15,794 [pool-87-thread-1] INFO  storage.RaftStorage (RaftStorage.java:format(84)) - Storage directory /workdir/hadoop-ozone/integration-test/target/test-dir/MiniOzoneClusterImpl-f0805996-b414-4d96-aefa-ea3288852db6/datanode-6/data/ratis/8794ea3d-d110-423f-bc1b-fde07787aac0 has been successfully formatted.
2019-10-23 12:13:15,794 [pool-87-thread-1] INFO  ratis.ContainerStateMachine (ContainerStateMachine.java:loadSnapshot(231)) - group-FDE07787AAC0: The snapshot info is null. Setting the last applied indexto:(t:0, i:~)
2019-10-23 12:13:15,795 [pool-87-thread-1] INFO  server.RaftServerConfigKeys (ConfUtils.java:logGet(43)) - raft.server.notification.no-leader.timeout = 120s (custom)
2019-10-23 12:13:15,795 [pool-87-thread-1] INFO  server.RaftServerConfigKeys (ConfUtils.java:logGet(43)) - raft.server.log.use.memory = false (default)
2019-10-23 12:13:15,795 [pool-87-thread-1] INFO  server.RaftServerConfigKeys (ConfUtils.java:logGet(43)) - raft.server.log.purge.gap = 1000000 (custom)
2019-10-23 12:13:15,795 [pool-87-thread-1] INFO  server.RaftServerConfigKeys (ConfUtils.java:logGet(43)) - raft.server.log.appender.buffer.byte-limit = 33554432 (custom)
2019-10-23 12:13:15,795 [pool-87-thread-1] INFO  server.RaftServerConfigKeys (ConfUtils.java:logGet(43)) - raft.server.log.segment.size.max = 1048576 (custom)
2019-10-23 12:13:15,798 [pool-87-thread-1] INFO  server.RaftServerConfigKeys (ConfUtils.java:logGet(43)) - raft.server.log.segment.cache.num.max = 2 (custom)
2019-10-23 12:13:15,798 [pool-87-thread-1] INFO  segmented.SegmentedRaftLogWorker (SegmentedRaftLogWorker.java:<init>(173)) - new 736d60a2-feff-478b-9de2-63399c9845c9@group-FDE07787AAC0-SegmentedRaftLogWorker for RaftStorage:Storage Directory /workdir/hadoop-ozone/integration-test/target/test-dir/MiniOzoneClusterImpl-f0805996-b414-4d96-aefa-ea3288852db6/datanode-6/data/ratis/8794ea3d-d110-423f-bc1b-fde07787aac0
2019-10-23 12:13:15,798 [pool-87-thread-1] INFO  server.RaftServerConfigKeys (ConfUtils.java:logGet(43)) - raft.server.log.queue.byte-limit = 2147483647 (custom)
2019-10-23 12:13:15,799 [pool-87-thread-1] INFO  server.RaftServerConfigKeys (ConfUtils.java:logGet(43)) - raft.server.log.queue.element-limit = 1024 (custom)
2019-10-23 12:13:15,799 [pool-87-thread-1] INFO  server.RaftServerConfigKeys (ConfUtils.java:logGet(43)) - raft.server.log.segment.size.max = 1048576 (custom)
2019-10-23 12:13:15,799 [pool-87-thread-1] INFO  server.RaftServerConfigKeys (ConfUtils.java:logGet(43)) - raft.server.log.preallocated.size = 16384 (custom)
2019-10-23 12:13:15,799 [pool-87-thread-1] INFO  server.RaftServerConfigKeys (ConfUtils.java:logGet(43)) - raft.server.log.write.buffer.size = 33554432 (custom)
2019-10-23 12:13:15,799 [pool-87-thread-1] INFO  server.RaftServerConfigKeys (ConfUtils.java:logGet(43)) - raft.server.log.force.sync.num = 128 (default)
2019-10-23 12:13:15,799 [pool-87-thread-1] INFO  server.RaftServerConfigKeys (ConfUtils.java:logGet(43)) - raft.server.log.statemachine.data.sync = true (default)
2019-10-23 12:13:15,799 [pool-87-thread-1] INFO  server.RaftServerConfigKeys (ConfUtils.java:logGet(43)) - raft.server.log.statemachine.data.sync.timeout = 10s (default)
2019-10-23 12:13:15,799 [pool-87-thread-1] INFO  server.RaftServerConfigKeys (ConfUtils.java:logGet(43)) - raft.server.log.statemachine.data.sync.timeout.retry = -1 (default)
2019-10-23 12:13:15,800 [pool-87-thread-1] INFO  server.RaftServerConfigKeys (ConfUtils.java:logGet(43)) - raft.server.log.statemachine.data.caching.enabled = true (custom)
2019-10-23 12:13:15,801 [pool-87-thread-1] INFO  segmented.SegmentedRaftLogWorker (SegmentedRaftLogWorker.java:lambda$new$0(128)) - 736d60a2-feff-478b-9de2-63399c9845c9@group-FDE07787AAC0-SegmentedRaftLogWorker: flushIndex: setUnconditionally 0 -> -1
2019-10-23 12:13:15,801 [pool-87-thread-1] INFO  server.RaftServerConfigKeys (ConfUtils.java:logGet(43)) - raft.server.snapshot.auto.trigger.enabled = true (custom)
2019-10-23 12:13:15,801 [pool-87-thread-1] INFO  server.RaftServerConfigKeys (ConfUtils.java:logGet(43)) - raft.server.snapshot.auto.trigger.threshold = 10000 (custom)
2019-10-23 12:13:15,801 [pool-87-thread-1] INFO  server.RaftServerConfigKeys (ConfUtils.java:logGet(43)) - raft.server.snapshot.retention.file.num = 5 (custom)
2019-10-23 12:13:15,801 [pool-87-thread-1] INFO  server.RaftServerConfigKeys (ConfUtils.java:logGet(43)) - raft.server.retrycache.expirytime = 600000ms (custom)
2019-10-23 12:13:15,806 [pool-87-thread-1] INFO  impl.RaftServerImpl (RaftServerImpl.java:start(195)) - 736d60a2-feff-478b-9de2-63399c9845c9@group-FDE07787AAC0: start as a follower, conf=-1: [736d60a2-feff-478b-9de2-63399c9845c9:192.168.69.118:36235], old=null
2019-10-23 12:13:15,806 [pool-87-thread-1] INFO  impl.RaftServerImpl (RaftServerImpl.java:setRole(184)) - 736d60a2-feff-478b-9de2-63399c9845c9@group-FDE07787AAC0: changes role from      null to FOLLOWER at term 0 for startAsFollower
2019-10-23 12:13:15,807 [pool-87-thread-1] INFO  impl.RoleInfo (RoleInfo.java:updateAndGet(143)) - 736d60a2-feff-478b-9de2-63399c9845c9: start FollowerState
2019-10-23 12:13:15,807 [pool-87-thread-1] INFO  util.JmxRegister (JmxRegister.java:tryRegister(44)) - Successfully registered JMX Bean with object name Ratis:service=RaftServer,group=group-FDE07787AAC0,id=736d60a2-feff-478b-9de2-63399c9845c9
2019-10-23 12:13:15,851 [Thread-295] INFO  impl.FollowerState (FollowerState.java:run(108)) - 4949cace-0585-430c-97a7-3db1e354cdac@group-C8E79F2C424D-FollowerState: change to CANDIDATE, lastRpcTime:129ms, electionTimeout:108ms
2019-10-23 12:13:15,851 [Thread-295] INFO  impl.RoleInfo (RoleInfo.java:shutdownFollowerState(121)) - 4949cace-0585-430c-97a7-3db1e354cdac: shutdown FollowerState
2019-10-23 12:13:15,875 [Thread-295] INFO  impl.RaftServerImpl (RaftServerImpl.java:setRole(184)) - 4949cace-0585-430c-97a7-3db1e354cdac@group-C8E79F2C424D: changes role from  FOLLOWER to CANDIDATE at term 0 for changeToCandidate
2019-10-23 12:13:15,875 [Thread-295] INFO  impl.RoleInfo (RoleInfo.java:updateAndGet(143)) - 4949cace-0585-430c-97a7-3db1e354cdac: start LeaderElection
2019-10-23 12:13:15,883 [RatisPipelineUtilsThread] INFO  pipeline.PipelineStateManager (PipelineStateManager.java:addPipeline(56)) - Created pipeline Pipeline[ Id: 8794ea3d-d110-423f-bc1b-fde07787aac0, Nodes: 736d60a2-feff-478b-9de2-63399c9845c9{ip: 192.168.69.118, host: pr-hdds1643-t2fz7-3136866267, networkLocation: /default-rack, certSerialId: null}, Type:RATIS, Factor:ONE, State:OPEN]
2019-10-23 12:13:15,896 [d21719ef-fad3-4f0e-b494-842eeedea460@group-8A82B02DA3A4-SegmentedRaftLogWorker] INFO  segmented.SegmentedRaftLogWorker (SegmentedRaftLogWorker.java:execute(576)) - d21719ef-fad3-4f0e-b494-842eeedea460@group-8A82B02DA3A4-SegmentedRaftLogWorker: created new log segment /workdir/hadoop-ozone/integration-test/target/test-dir/MiniOzoneClusterImpl-f0805996-b414-4d96-aefa-ea3288852db6/datanode-3/data/ratis/2e5f5ac1-cca3-4b50-beb9-8a82b02da3a4/current/log_inprogress_0
2019-10-23 12:13:15,896 [ad4d83c7-0f96-47bc-a4e8-7e5d9f844896@group-FCD5A883FC05-SegmentedRaftLogWorker] INFO  segmented.SegmentedRaftLogWorker (SegmentedRaftLogWorker.java:execute(576)) - ad4d83c7-0f96-47bc-a4e8-7e5d9f844896@group-FCD5A883FC05-SegmentedRaftLogWorker: created new log segment /workdir/hadoop-ozone/integration-test/target/test-dir/MiniOzoneClusterImpl-f0805996-b414-4d96-aefa-ea3288852db6/datanode-0/data/ratis/a301c622-0e50-41a6-8671-fcd5a883fc05/current/log_inprogress_0
2019-10-23 12:13:15,896 [4949cace-0585-430c-97a7-3db1e354cdac@group-C8E79F2C424D-LeaderElection3] INFO  impl.LeaderElection (LeaderElection.java:askForVotes(178)) - 4949cace-0585-430c-97a7-3db1e354cdac@group-C8E79F2C424D-LeaderElection3: begin an election at term 1 for -1: [4949cace-0585-430c-97a7-3db1e354cdac:192.168.69.118:33911], old=null
2019-10-23 12:13:15,896 [4949cace-0585-430c-97a7-3db1e354cdac@group-C8E79F2C424D-LeaderElection3] INFO  impl.RoleInfo (RoleInfo.java:shutdownLeaderElection(134)) - 4949cace-0585-430c-97a7-3db1e354cdac: shutdown LeaderElection
2019-10-23 12:13:15,898 [4949cace-0585-430c-97a7-3db1e354cdac@group-C8E79F2C424D-LeaderElection3] INFO  impl.RaftServerImpl (RaftServerImpl.java:setRole(184)) - 4949cace-0585-430c-97a7-3db1e354cdac@group-C8E79F2C424D: changes role from CANDIDATE to LEADER at term 1 for changeToLeader
2019-10-23 12:13:15,898 [4949cace-0585-430c-97a7-3db1e354cdac@group-C8E79F2C424D-LeaderElection3] INFO  impl.RaftServerImpl (ServerState.java:setLeader(256)) - 4949cace-0585-430c-97a7-3db1e354cdac@group-C8E79F2C424D: change Leader from null to 4949cace-0585-430c-97a7-3db1e354cdac at term 1 for becomeLeader, leader elected after 191ms
2019-10-23 12:13:15,900 [4949cace-0585-430c-97a7-3db1e354cdac@group-C8E79F2C424D-LeaderElection3] INFO  server.RaftServerConfigKeys (ConfUtils.java:logGet(43)) - raft.server.staging.catchup.gap = 1000 (default)
2019-10-23 12:13:15,900 [4949cace-0585-430c-97a7-3db1e354cdac@group-C8E79F2C424D-LeaderElection3] INFO  server.RaftServerConfigKeys (ConfUtils.java:logGet(43)) - raft.server.rpc.sleep.time = 25ms (default)
2019-10-23 12:13:15,902 [grpc-default-executor-0] INFO  impl.RaftServerProxy (RaftServerProxy.java:addNew(89)) - 02863277-f564-4bc6-8337-fb22627f6f1a: addNew group-1FF238067AD3:[02863277-f564-4bc6-8337-fb22627f6f1a:192.168.69.118:36850] returns group-1FF238067AD3:java.util.concurrent.CompletableFuture@60072253[Not completed]
2019-10-23 12:13:15,902 [4949cace-0585-430c-97a7-3db1e354cdac@group-C8E79F2C424D-LeaderElection3] INFO  server.RaftServerConfigKeys (ConfUtils.java:logGet(43)) - raft.server.write.element-limit = 4096 (default)
2019-10-23 12:13:15,902 [4949cace-0585-430c-97a7-3db1e354cdac@group-C8E79F2C424D-LeaderElection3] INFO  server.RaftServerConfigKeys (ConfUtils.java:logGet(43)) - raft.server.watch.timeout = 10s (default)
2019-10-23 12:13:15,902 [4949cace-0585-430c-97a7-3db1e354cdac@group-C8E79F2C424D-LeaderElection3] INFO  server.RaftServerConfigKeys (ConfUtils.java:logGet(43)) - raft.server.watch.timeout.denomination = 1s (default)
2019-10-23 12:13:15,903 [4949cace-0585-430c-97a7-3db1e354cdac@group-C8E79F2C424D-LeaderElection3] INFO  server.RaftServerConfigKeys (ConfUtils.java:logGet(43)) - raft.server.watch.element-limit = 65536 (default)
2019-10-23 12:13:15,905 [pool-37-thread-1] INFO  impl.RaftServerImpl (RaftServerImpl.java:<init>(104)) - 02863277-f564-4bc6-8337-fb22627f6f1a: new RaftServerImpl for group-1FF238067AD3:[02863277-f564-4bc6-8337-fb22627f6f1a:192.168.69.118:36850] with ContainerStateMachine:uninitialized
2019-10-23 12:13:15,906 [pool-37-thread-1] INFO  server.RaftServerConfigKeys (ConfUtils.java:logGet(43)) - raft.server.rpc.timeout.min = 1s (custom)
2019-10-23 12:13:15,906 [pool-37-thread-1] INFO  server.RaftServerConfigKeys (ConfUtils.java:logGet(43)) - raft.server.rpc.timeout.max = 1200ms (custom)
2019-10-23 12:13:15,906 [pool-37-thread-1] INFO  server.RaftServerConfigKeys (ConfUtils.java:logGet(43)) - raft.server.rpcslowness.timeout = 120s (custom)
2019-10-23 12:13:15,906 [pool-37-thread-1] INFO  server.RaftServerConfigKeys (ConfUtils.java:logGet(43)) - raft.server.sleep.deviation.threshold = 300 (default)
2019-10-23 12:13:15,906 [pool-37-thread-1] INFO  server.RaftServerConfigKeys (ConfUtils.java:logGet(43)) - raft.server.log.appender.install.snapshot.enabled = false (custom)
2019-10-23 12:13:15,906 [pool-37-thread-1] INFO  impl.RaftServerImpl (ServerState.java:<init>(103)) - 02863277-f564-4bc6-8337-fb22627f6f1a@group-1FF238067AD3: ConfigurationManager, init=-1: [02863277-f564-4bc6-8337-fb22627f6f1a:192.168.69.118:36850], old=null, confs=<EMPTY_MAP>
2019-10-23 12:13:15,906 [pool-37-thread-1] INFO  server.RaftServerConfigKeys (ConfUtils.java:logGet(43)) - raft.server.storage.dir = [/workdir/hadoop-ozone/integration-test/target/test-dir/MiniOzoneClusterImpl-f0805996-b414-4d96-aefa-ea3288852db6/datanode-1/data/ratis] (custom)
2019-10-23 12:13:15,906 [pool-37-thread-1] INFO  server.RaftServerConfigKeys (ConfUtils.java:logGet(43)) - raft.server.log.corruption.policy = EXCEPTION (default)
2019-10-23 12:13:15,907 [pool-37-thread-1] INFO  storage.RaftStorageDirectory (RaftStorageDirectory.java:analyzeStorage(246)) - The storage directory /workdir/hadoop-ozone/integration-test/target/test-dir/MiniOzoneClusterImpl-f0805996-b414-4d96-aefa-ea3288852db6/datanode-1/data/ratis/e6626ed0-3a71-489b-a815-1ff238067ad3 does not exist. Creating ...
2019-10-23 12:13:15,908 [4949cace-0585-430c-97a7-3db1e354cdac@group-C8E79F2C424D-LeaderElection3] INFO  impl.RoleInfo (RoleInfo.java:updateAndGet(143)) - 4949cace-0585-430c-97a7-3db1e354cdac: start LeaderState
2019-10-23 12:13:15,909 [4949cace-0585-430c-97a7-3db1e354cdac@group-C8E79F2C424D-LeaderElection3] INFO  segmented.SegmentedRaftLogWorker (SegmentedRaftLogWorker.java:startLogSegment(385)) - 4949cace-0585-430c-97a7-3db1e354cdac@group-C8E79F2C424D-SegmentedRaftLogWorker: Starting segment from index:0
2019-10-23 12:13:15,909 [4949cace-0585-430c-97a7-3db1e354cdac@group-C8E79F2C424D-LeaderElection3] INFO  impl.RaftServerImpl (ServerState.java:setRaftConf(357)) - 4949cace-0585-430c-97a7-3db1e354cdac@group-C8E79F2C424D: set configuration 0: [4949cace-0585-430c-97a7-3db1e354cdac:192.168.69.118:33911], old=null at 0
2019-10-23 12:13:15,941 [pool-37-thread-1] INFO  storage.RaftStorageDirectory (RaftStorageDirectory.java:tryLock(328)) - Lock on /workdir/hadoop-ozone/integration-test/target/test-dir/MiniOzoneClusterImpl-f0805996-b414-4d96-aefa-ea3288852db6/datanode-1/data/ratis/e6626ed0-3a71-489b-a815-1ff238067ad3/in_use.lock acquired by nodename 17215@pr-hdds1643-t2fz7-3136866267
2019-10-23 12:13:15,951 [Thread-298] INFO  impl.FollowerState (FollowerState.java:run(108)) - 736d60a2-feff-478b-9de2-63399c9845c9@group-FDE07787AAC0-FollowerState: change to CANDIDATE, lastRpcTime:144ms, electionTimeout:144ms
2019-10-23 12:13:15,951 [Thread-298] INFO  impl.RoleInfo (RoleInfo.java:shutdownFollowerState(121)) - 736d60a2-feff-478b-9de2-63399c9845c9: shutdown FollowerState
2019-10-23 12:13:15,951 [Thread-298] INFO  impl.RaftServerImpl (RaftServerImpl.java:setRole(184)) - 736d60a2-feff-478b-9de2-63399c9845c9@group-FDE07787AAC0: changes role from  FOLLOWER to CANDIDATE at term 0 for changeToCandidate
2019-10-23 12:13:15,952 [Thread-298] INFO  impl.RoleInfo (RoleInfo.java:updateAndGet(143)) - 736d60a2-feff-478b-9de2-63399c9845c9: start LeaderElection
2019-10-23 12:13:15,954 [4949cace-0585-430c-97a7-3db1e354cdac@group-C8E79F2C424D-SegmentedRaftLogWorker] INFO  segmented.SegmentedRaftLogWorker (SegmentedRaftLogWorker.java:execute(576)) - 4949cace-0585-430c-97a7-3db1e354cdac@group-C8E79F2C424D-SegmentedRaftLogWorker: created new log segment /workdir/hadoop-ozone/integration-test/target/test-dir/MiniOzoneClusterImpl-f0805996-b414-4d96-aefa-ea3288852db6/datanode-9/data/ratis/78cdf375-bf55-4818-8767-c8e79f2c424d/current/log_inprogress_0
2019-10-23 12:13:15,954 [pool-37-thread-1] INFO  storage.RaftStorage (RaftStorage.java:format(84)) - Storage directory /workdir/hadoop-ozone/integration-test/target/test-dir/MiniOzoneClusterImpl-f0805996-b414-4d96-aefa-ea3288852db6/datanode-1/data/ratis/e6626ed0-3a71-489b-a815-1ff238067ad3 has been successfully formatted.
2019-10-23 12:13:15,955 [pool-37-thread-1] INFO  ratis.ContainerStateMachine (ContainerStateMachine.java:loadSnapshot(231)) - group-1FF238067AD3: The snapshot info is null. Setting the last applied indexto:(t:0, i:~)
2019-10-23 12:13:15,955 [pool-37-thread-1] INFO  server.RaftServerConfigKeys (ConfUtils.java:logGet(43)) - raft.server.notification.no-leader.timeout = 120s (custom)
2019-10-23 12:13:15,955 [pool-37-thread-1] INFO  server.RaftServerConfigKeys (ConfUtils.java:logGet(43)) - raft.server.log.use.memory = false (default)
2019-10-23 12:13:15,955 [pool-37-thread-1] INFO  server.RaftServerConfigKeys (ConfUtils.java:logGet(43)) - raft.server.log.purge.gap = 1000000 (custom)
2019-10-23 12:13:15,955 [pool-37-thread-1] INFO  server.RaftServerConfigKeys (ConfUtils.java:logGet(43)) - raft.server.log.appender.buffer.byte-limit = 33554432 (custom)
2019-10-23 12:13:15,955 [pool-37-thread-1] INFO  server.RaftServerConfigKeys (ConfUtils.java:logGet(43)) - raft.server.log.segment.size.max = 1048576 (custom)
2019-10-23 12:13:15,957 [pool-37-thread-1] INFO  server.RaftServerConfigKeys (ConfUtils.java:logGet(43)) - raft.server.log.segment.cache.num.max = 2 (custom)
2019-10-23 12:13:15,957 [pool-37-thread-1] INFO  segmented.SegmentedRaftLogWorker (SegmentedRaftLogWorker.java:<init>(173)) - new 02863277-f564-4bc6-8337-fb22627f6f1a@group-1FF238067AD3-SegmentedRaftLogWorker for RaftStorage:Storage Directory /workdir/hadoop-ozone/integration-test/target/test-dir/MiniOzoneClusterImpl-f0805996-b414-4d96-aefa-ea3288852db6/datanode-1/data/ratis/e6626ed0-3a71-489b-a815-1ff238067ad3
2019-10-23 12:13:15,957 [pool-37-thread-1] INFO  server.RaftServerConfigKeys (ConfUtils.java:logGet(43)) - raft.server.log.queue.byte-limit = 2147483647 (custom)
2019-10-23 12:13:15,957 [pool-37-thread-1] INFO  server.RaftServerConfigKeys (ConfUtils.java:logGet(43)) - raft.server.log.queue.element-limit = 1024 (custom)
2019-10-23 12:13:15,958 [pool-37-thread-1] INFO  server.RaftServerConfigKeys (ConfUtils.java:logGet(43)) - raft.server.log.segment.size.max = 1048576 (custom)
2019-10-23 12:13:15,958 [pool-37-thread-1] INFO  server.RaftServerConfigKeys (ConfUtils.java:logGet(43)) - raft.server.log.preallocated.size = 16384 (custom)
2019-10-23 12:13:15,958 [pool-37-thread-1] INFO  server.RaftServerConfigKeys (ConfUtils.java:logGet(43)) - raft.server.log.write.buffer.size = 33554432 (custom)
2019-10-23 12:13:15,958 [pool-37-thread-1] INFO  server.RaftServerConfigKeys (ConfUtils.java:logGet(43)) - raft.server.log.force.sync.num = 128 (default)
2019-10-23 12:13:15,958 [pool-37-thread-1] INFO  server.RaftServerConfigKeys (ConfUtils.java:logGet(43)) - raft.server.log.statemachine.data.sync = true (default)
2019-10-23 12:13:15,958 [pool-37-thread-1] INFO  server.RaftServerConfigKeys (ConfUtils.java:logGet(43)) - raft.server.log.statemachine.data.sync.timeout = 10s (default)
2019-10-23 12:13:15,958 [pool-37-thread-1] INFO  server.RaftServerConfigKeys (ConfUtils.java:logGet(43)) - raft.server.log.statemachine.data.sync.timeout.retry = -1 (default)
2019-10-23 12:13:15,958 [pool-37-thread-1] INFO  server.RaftServerConfigKeys (ConfUtils.java:logGet(43)) - raft.server.log.statemachine.data.caching.enabled = true (custom)
2019-10-23 12:13:15,959 [pool-37-thread-1] INFO  segmented.SegmentedRaftLogWorker (SegmentedRaftLogWorker.java:lambda$new$0(128)) - 02863277-f564-4bc6-8337-fb22627f6f1a@group-1FF238067AD3-SegmentedRaftLogWorker: flushIndex: setUnconditionally 0 -> -1
2019-10-23 12:13:15,959 [pool-37-thread-1] INFO  server.RaftServerConfigKeys (ConfUtils.java:logGet(43)) - raft.server.snapshot.auto.trigger.enabled = true (custom)
2019-10-23 12:13:15,959 [pool-37-thread-1] INFO  server.RaftServerConfigKeys (ConfUtils.java:logGet(43)) - raft.server.snapshot.auto.trigger.threshold = 10000 (custom)
2019-10-23 12:13:15,959 [pool-37-thread-1] INFO  server.RaftServerConfigKeys (ConfUtils.java:logGet(43)) - raft.server.snapshot.retention.file.num = 5 (custom)
2019-10-23 12:13:15,959 [pool-37-thread-1] INFO  server.RaftServerConfigKeys (ConfUtils.java:logGet(43)) - raft.server.retrycache.expirytime = 600000ms (custom)
2019-10-23 12:13:15,962 [pool-37-thread-1] INFO  impl.RaftServerImpl (RaftServerImpl.java:start(195)) - 02863277-f564-4bc6-8337-fb22627f6f1a@group-1FF238067AD3: start as a follower, conf=-1: [02863277-f564-4bc6-8337-fb22627f6f1a:192.168.69.118:36850], old=null
2019-10-23 12:13:15,962 [pool-37-thread-1] INFO  impl.RaftServerImpl (RaftServerImpl.java:setRole(184)) - 02863277-f564-4bc6-8337-fb22627f6f1a@group-1FF238067AD3: changes role from      null to FOLLOWER at term 0 for startAsFollower
2019-10-23 12:13:15,963 [pool-37-thread-1] INFO  impl.RoleInfo (RoleInfo.java:updateAndGet(143)) - 02863277-f564-4bc6-8337-fb22627f6f1a: start FollowerState
2019-10-23 12:13:15,963 [pool-37-thread-1] INFO  util.JmxRegister (JmxRegister.java:tryRegister(44)) - Successfully registered JMX Bean with object name Ratis:service=RaftServer,group=group-1FF238067AD3,id=02863277-f564-4bc6-8337-fb22627f6f1a
2019-10-23 12:13:15,968 [736d60a2-feff-478b-9de2-63399c9845c9@group-FDE07787AAC0-LeaderElection4] INFO  impl.LeaderElection (LeaderElection.java:askForVotes(178)) - 736d60a2-feff-478b-9de2-63399c9845c9@group-FDE07787AAC0-LeaderElection4: begin an election at term 1 for -1: [736d60a2-feff-478b-9de2-63399c9845c9:192.168.69.118:36235], old=null
2019-10-23 12:13:15,968 [736d60a2-feff-478b-9de2-63399c9845c9@group-FDE07787AAC0-LeaderElection4] INFO  impl.RoleInfo (RoleInfo.java:shutdownLeaderElection(134)) - 736d60a2-feff-478b-9de2-63399c9845c9: shutdown LeaderElection
2019-10-23 12:13:15,968 [736d60a2-feff-478b-9de2-63399c9845c9@group-FDE07787AAC0-LeaderElection4] INFO  impl.RaftServerImpl (RaftServerImpl.java:setRole(184)) - 736d60a2-feff-478b-9de2-63399c9845c9@group-FDE07787AAC0: changes role from CANDIDATE to LEADER at term 1 for changeToLeader
2019-10-23 12:13:15,969 [736d60a2-feff-478b-9de2-63399c9845c9@group-FDE07787AAC0-LeaderElection4] INFO  impl.RaftServerImpl (ServerState.java:setLeader(256)) - 736d60a2-feff-478b-9de2-63399c9845c9@group-FDE07787AAC0: change Leader from null to 736d60a2-feff-478b-9de2-63399c9845c9 at term 1 for becomeLeader, leader elected after 173ms
2019-10-23 12:13:15,970 [736d60a2-feff-478b-9de2-63399c9845c9@group-FDE07787AAC0-LeaderElection4] INFO  server.RaftServerConfigKeys (ConfUtils.java:logGet(43)) - raft.server.staging.catchup.gap = 1000 (default)
2019-10-23 12:13:15,971 [736d60a2-feff-478b-9de2-63399c9845c9@group-FDE07787AAC0-LeaderElection4] INFO  server.RaftServerConfigKeys (ConfUtils.java:logGet(43)) - raft.server.rpc.sleep.time = 25ms (default)
2019-10-23 12:13:15,971 [736d60a2-feff-478b-9de2-63399c9845c9@group-FDE07787AAC0-LeaderElection4] INFO  server.RaftServerConfigKeys (ConfUtils.java:logGet(43)) - raft.server.write.element-limit = 4096 (default)
2019-10-23 12:13:15,971 [736d60a2-feff-478b-9de2-63399c9845c9@group-FDE07787AAC0-LeaderElection4] INFO  server.RaftServerConfigKeys (ConfUtils.java:logGet(43)) - raft.server.watch.timeout = 10s (default)
2019-10-23 12:13:15,973 [736d60a2-feff-478b-9de2-63399c9845c9@group-FDE07787AAC0-LeaderElection4] INFO  server.RaftServerConfigKeys (ConfUtils.java:logGet(43)) - raft.server.watch.timeout.denomination = 1s (default)
2019-10-23 12:13:15,973 [736d60a2-feff-478b-9de2-63399c9845c9@group-FDE07787AAC0-LeaderElection4] INFO  server.RaftServerConfigKeys (ConfUtils.java:logGet(43)) - raft.server.watch.element-limit = 65536 (default)
2019-10-23 12:13:15,976 [RatisPipelineUtilsThread] INFO  pipeline.PipelineStateManager (PipelineStateManager.java:addPipeline(56)) - Created pipeline Pipeline[ Id: e6626ed0-3a71-489b-a815-1ff238067ad3, Nodes: 02863277-f564-4bc6-8337-fb22627f6f1a{ip: 192.168.69.118, host: pr-hdds1643-t2fz7-3136866267, networkLocation: /default-rack, certSerialId: null}, Type:RATIS, Factor:ONE, State:OPEN]
2019-10-23 12:13:15,978 [736d60a2-feff-478b-9de2-63399c9845c9@group-FDE07787AAC0-LeaderElection4] INFO  impl.RoleInfo (RoleInfo.java:updateAndGet(143)) - 736d60a2-feff-478b-9de2-63399c9845c9: start LeaderState
2019-10-23 12:13:15,978 [736d60a2-feff-478b-9de2-63399c9845c9@group-FDE07787AAC0-LeaderElection4] INFO  segmented.SegmentedRaftLogWorker (SegmentedRaftLogWorker.java:startLogSegment(385)) - 736d60a2-feff-478b-9de2-63399c9845c9@group-FDE07787AAC0-SegmentedRaftLogWorker: Starting segment from index:0
2019-10-23 12:13:15,979 [736d60a2-feff-478b-9de2-63399c9845c9@group-FDE07787AAC0-LeaderElection4] INFO  impl.RaftServerImpl (ServerState.java:setRaftConf(357)) - 736d60a2-feff-478b-9de2-63399c9845c9@group-FDE07787AAC0: set configuration 0: [736d60a2-feff-478b-9de2-63399c9845c9:192.168.69.118:36235], old=null at 0
2019-10-23 12:13:16,006 [Thread-304] INFO  impl.FollowerState (FollowerState.java:run(108)) - 02863277-f564-4bc6-8337-fb22627f6f1a@group-1FF238067AD3-FollowerState: change to CANDIDATE, lastRpcTime:43ms, electionTimeout:21ms
2019-10-23 12:13:16,008 [Thread-304] INFO  impl.RoleInfo (RoleInfo.java:shutdownFollowerState(121)) - 02863277-f564-4bc6-8337-fb22627f6f1a: shutdown FollowerState
2019-10-23 12:13:16,008 [Thread-304] INFO  impl.RaftServerImpl (RaftServerImpl.java:setRole(184)) - 02863277-f564-4bc6-8337-fb22627f6f1a@group-1FF238067AD3: changes role from  FOLLOWER to CANDIDATE at term 0 for changeToCandidate
2019-10-23 12:13:16,008 [Thread-304] INFO  impl.RoleInfo (RoleInfo.java:updateAndGet(143)) - 02863277-f564-4bc6-8337-fb22627f6f1a: start LeaderElection
2019-10-23 12:13:16,019 [736d60a2-feff-478b-9de2-63399c9845c9@group-FDE07787AAC0-SegmentedRaftLogWorker] INFO  segmented.SegmentedRaftLogWorker (SegmentedRaftLogWorker.java:execute(576)) - 736d60a2-feff-478b-9de2-63399c9845c9@group-FDE07787AAC0-SegmentedRaftLogWorker: created new log segment /workdir/hadoop-ozone/integration-test/target/test-dir/MiniOzoneClusterImpl-f0805996-b414-4d96-aefa-ea3288852db6/datanode-6/data/ratis/8794ea3d-d110-423f-bc1b-fde07787aac0/current/log_inprogress_0
2019-10-23 12:13:16,020 [02863277-f564-4bc6-8337-fb22627f6f1a@group-1FF238067AD3-LeaderElection5] INFO  impl.LeaderElection (LeaderElection.java:askForVotes(178)) - 02863277-f564-4bc6-8337-fb22627f6f1a@group-1FF238067AD3-LeaderElection5: begin an election at term 1 for -1: [02863277-f564-4bc6-8337-fb22627f6f1a:192.168.69.118:36850], old=null
2019-10-23 12:13:16,020 [02863277-f564-4bc6-8337-fb22627f6f1a@group-1FF238067AD3-LeaderElection5] INFO  impl.RoleInfo (RoleInfo.java:shutdownLeaderElection(134)) - 02863277-f564-4bc6-8337-fb22627f6f1a: shutdown LeaderElection
2019-10-23 12:13:16,020 [02863277-f564-4bc6-8337-fb22627f6f1a@group-1FF238067AD3-LeaderElection5] INFO  impl.RaftServerImpl (RaftServerImpl.java:setRole(184)) - 02863277-f564-4bc6-8337-fb22627f6f1a@group-1FF238067AD3: changes role from CANDIDATE to LEADER at term 1 for changeToLeader
2019-10-23 12:13:16,020 [02863277-f564-4bc6-8337-fb22627f6f1a@group-1FF238067AD3-LeaderElection5] INFO  impl.RaftServerImpl (ServerState.java:setLeader(256)) - 02863277-f564-4bc6-8337-fb22627f6f1a@group-1FF238067AD3: change Leader from null to 02863277-f564-4bc6-8337-fb22627f6f1a at term 1 for becomeLeader, leader elected after 65ms
2019-10-23 12:13:16,022 [02863277-f564-4bc6-8337-fb22627f6f1a@group-1FF238067AD3-LeaderElection5] INFO  server.RaftServerConfigKeys (ConfUtils.java:logGet(43)) - raft.server.staging.catchup.gap = 1000 (default)
2019-10-23 12:13:16,022 [02863277-f564-4bc6-8337-fb22627f6f1a@group-1FF238067AD3-LeaderElection5] INFO  server.RaftServerConfigKeys (ConfUtils.java:logGet(43)) - raft.server.rpc.sleep.time = 25ms (default)
2019-10-23 12:13:16,022 [02863277-f564-4bc6-8337-fb22627f6f1a@group-1FF238067AD3-LeaderElection5] INFO  server.RaftServerConfigKeys (ConfUtils.java:logGet(43)) - raft.server.write.element-limit = 4096 (default)
2019-10-23 12:13:16,023 [02863277-f564-4bc6-8337-fb22627f6f1a@group-1FF238067AD3-LeaderElection5] INFO  server.RaftServerConfigKeys (ConfUtils.java:logGet(43)) - raft.server.watch.timeout = 10s (default)
2019-10-23 12:13:16,023 [02863277-f564-4bc6-8337-fb22627f6f1a@group-1FF238067AD3-LeaderElection5] INFO  server.RaftServerConfigKeys (ConfUtils.java:logGet(43)) - raft.server.watch.timeout.denomination = 1s (default)
2019-10-23 12:13:16,023 [02863277-f564-4bc6-8337-fb22627f6f1a@group-1FF238067AD3-LeaderElection5] INFO  server.RaftServerConfigKeys (ConfUtils.java:logGet(43)) - raft.server.watch.element-limit = 65536 (default)
2019-10-23 12:13:16,027 [grpc-default-executor-0] INFO  impl.RaftServerProxy (RaftServerProxy.java:addNew(89)) - 3b749b59-de2a-419b-9a26-261692f5c83c: addNew group-0B78FD578A07:[3b749b59-de2a-419b-9a26-261692f5c83c:192.168.69.118:39205] returns group-0B78FD578A07:java.util.concurrent.CompletableFuture@32ab2a7c[Not completed]
2019-10-23 12:13:16,032 [pool-47-thread-1] INFO  impl.RaftServerImpl (RaftServerImpl.java:<init>(104)) - 3b749b59-de2a-419b-9a26-261692f5c83c: new RaftServerImpl for group-0B78FD578A07:[3b749b59-de2a-419b-9a26-261692f5c83c:192.168.69.118:39205] with ContainerStateMachine:uninitialized
2019-10-23 12:13:16,032 [pool-47-thread-1] INFO  server.RaftServerConfigKeys (ConfUtils.java:logGet(43)) - raft.server.rpc.timeout.min = 1s (custom)
2019-10-23 12:13:16,032 [pool-47-thread-1] INFO  server.RaftServerConfigKeys (ConfUtils.java:logGet(43)) - raft.server.rpc.timeout.max = 1200ms (custom)
2019-10-23 12:13:16,032 [pool-47-thread-1] INFO  server.RaftServerConfigKeys (ConfUtils.java:logGet(43)) - raft.server.rpcslowness.timeout = 120s (custom)
2019-10-23 12:13:16,032 [pool-47-thread-1] INFO  server.RaftServerConfigKeys (ConfUtils.java:logGet(43)) - raft.server.sleep.deviation.threshold = 300 (default)
2019-10-23 12:13:16,032 [pool-47-thread-1] INFO  server.RaftServerConfigKeys (ConfUtils.java:logGet(43)) - raft.server.log.appender.install.snapshot.enabled = false (custom)
2019-10-23 12:13:16,032 [02863277-f564-4bc6-8337-fb22627f6f1a@group-1FF238067AD3-LeaderElection5] INFO  impl.RoleInfo (RoleInfo.java:updateAndGet(143)) - 02863277-f564-4bc6-8337-fb22627f6f1a: start LeaderState
2019-10-23 12:13:16,032 [pool-47-thread-1] INFO  impl.RaftServerImpl (ServerState.java:<init>(103)) - 3b749b59-de2a-419b-9a26-261692f5c83c@group-0B78FD578A07: ConfigurationManager, init=-1: [3b749b59-de2a-419b-9a26-261692f5c83c:192.168.69.118:39205], old=null, confs=<EMPTY_MAP>
2019-10-23 12:13:16,033 [pool-47-thread-1] INFO  server.RaftServerConfigKeys (ConfUtils.java:logGet(43)) - raft.server.storage.dir = [/workdir/hadoop-ozone/integration-test/target/test-dir/MiniOzoneClusterImpl-f0805996-b414-4d96-aefa-ea3288852db6/datanode-2/data/ratis] (custom)
2019-10-23 12:13:16,033 [02863277-f564-4bc6-8337-fb22627f6f1a@group-1FF238067AD3-LeaderElection5] INFO  segmented.SegmentedRaftLogWorker (SegmentedRaftLogWorker.java:startLogSegment(385)) - 02863277-f564-4bc6-8337-fb22627f6f1a@group-1FF238067AD3-SegmentedRaftLogWorker: Starting segment from index:0
2019-10-23 12:13:16,033 [pool-47-thread-1] INFO  server.RaftServerConfigKeys (ConfUtils.java:logGet(43)) - raft.server.log.corruption.policy = EXCEPTION (default)
2019-10-23 12:13:16,033 [pool-47-thread-1] INFO  storage.RaftStorageDirectory (RaftStorageDirectory.java:analyzeStorage(246)) - The storage directory /workdir/hadoop-ozone/integration-test/target/test-dir/MiniOzoneClusterImpl-f0805996-b414-4d96-aefa-ea3288852db6/datanode-2/data/ratis/5a5a81e6-930e-423f-ac7a-0b78fd578a07 does not exist. Creating ...
2019-10-23 12:13:16,034 [02863277-f564-4bc6-8337-fb22627f6f1a@group-1FF238067AD3-LeaderElection5] INFO  impl.RaftServerImpl (ServerState.java:setRaftConf(357)) - 02863277-f564-4bc6-8337-fb22627f6f1a@group-1FF238067AD3: set configuration 0: [02863277-f564-4bc6-8337-fb22627f6f1a:192.168.69.118:36850], old=null at 0
2019-10-23 12:13:16,058 [pool-47-thread-1] INFO  storage.RaftStorageDirectory (RaftStorageDirectory.java:tryLock(328)) - Lock on /workdir/hadoop-ozone/integration-test/target/test-dir/MiniOzoneClusterImpl-f0805996-b414-4d96-aefa-ea3288852db6/datanode-2/data/ratis/5a5a81e6-930e-423f-ac7a-0b78fd578a07/in_use.lock acquired by nodename 17215@pr-hdds1643-t2fz7-3136866267
2019-10-23 12:13:16,064 [02863277-f564-4bc6-8337-fb22627f6f1a@group-1FF238067AD3-SegmentedRaftLogWorker] INFO  segmented.SegmentedRaftLogWorker (SegmentedRaftLogWorker.java:execute(576)) - 02863277-f564-4bc6-8337-fb22627f6f1a@group-1FF238067AD3-SegmentedRaftLogWorker: created new log segment /workdir/hadoop-ozone/integration-test/target/test-dir/MiniOzoneClusterImpl-f0805996-b414-4d96-aefa-ea3288852db6/datanode-1/data/ratis/e6626ed0-3a71-489b-a815-1ff238067ad3/current/log_inprogress_0
2019-10-23 12:13:16,064 [pool-47-thread-1] INFO  storage.RaftStorage (RaftStorage.java:format(84)) - Storage directory /workdir/hadoop-ozone/integration-test/target/test-dir/MiniOzoneClusterImpl-f0805996-b414-4d96-aefa-ea3288852db6/datanode-2/data/ratis/5a5a81e6-930e-423f-ac7a-0b78fd578a07 has been successfully formatted.
2019-10-23 12:13:16,064 [pool-47-thread-1] INFO  ratis.ContainerStateMachine (ContainerStateMachine.java:loadSnapshot(231)) - group-0B78FD578A07: The snapshot info is null. Setting the last applied indexto:(t:0, i:~)
2019-10-23 12:13:16,064 [pool-47-thread-1] INFO  server.RaftServerConfigKeys (ConfUtils.java:logGet(43)) - raft.server.notification.no-leader.timeout = 120s (custom)
2019-10-23 12:13:16,065 [pool-47-thread-1] INFO  server.RaftServerConfigKeys (ConfUtils.java:logGet(43)) - raft.server.log.use.memory = false (default)
2019-10-23 12:13:16,065 [pool-47-thread-1] INFO  server.RaftServerConfigKeys (ConfUtils.java:logGet(43)) - raft.server.log.purge.gap = 1000000 (custom)
2019-10-23 12:13:16,065 [pool-47-thread-1] INFO  server.RaftServerConfigKeys (ConfUtils.java:logGet(43)) - raft.server.log.appender.buffer.byte-limit = 33554432 (custom)
2019-10-23 12:13:16,065 [pool-47-thread-1] INFO  server.RaftServerConfigKeys (ConfUtils.java:logGet(43)) - raft.server.log.segment.size.max = 1048576 (custom)
2019-10-23 12:13:16,067 [pool-47-thread-1] INFO  server.RaftServerConfigKeys (ConfUtils.java:logGet(43)) - raft.server.log.segment.cache.num.max = 2 (custom)
2019-10-23 12:13:16,068 [pool-47-thread-1] INFO  segmented.SegmentedRaftLogWorker (SegmentedRaftLogWorker.java:<init>(173)) - new 3b749b59-de2a-419b-9a26-261692f5c83c@group-0B78FD578A07-SegmentedRaftLogWorker for RaftStorage:Storage Directory /workdir/hadoop-ozone/integration-test/target/test-dir/MiniOzoneClusterImpl-f0805996-b414-4d96-aefa-ea3288852db6/datanode-2/data/ratis/5a5a81e6-930e-423f-ac7a-0b78fd578a07
2019-10-23 12:13:16,068 [pool-47-thread-1] INFO  server.RaftServerConfigKeys (ConfUtils.java:logGet(43)) - raft.server.log.queue.byte-limit = 2147483647 (custom)
2019-10-23 12:13:16,068 [pool-47-thread-1] INFO  server.RaftServerConfigKeys (ConfUtils.java:logGet(43)) - raft.server.log.queue.element-limit = 1024 (custom)
2019-10-23 12:13:16,068 [pool-47-thread-1] INFO  server.RaftServerConfigKeys (ConfUtils.java:logGet(43)) - raft.server.log.segment.size.max = 1048576 (custom)
2019-10-23 12:13:16,068 [pool-47-thread-1] INFO  server.RaftServerConfigKeys (ConfUtils.java:logGet(43)) - raft.server.log.preallocated.size = 16384 (custom)
2019-10-23 12:13:16,068 [pool-47-thread-1] INFO  server.RaftServerConfigKeys (ConfUtils.java:logGet(43)) - raft.server.log.write.buffer.size = 33554432 (custom)
2019-10-23 12:13:16,068 [pool-47-thread-1] INFO  server.RaftServerConfigKeys (ConfUtils.java:logGet(43)) - raft.server.log.force.sync.num = 128 (default)
2019-10-23 12:13:16,068 [pool-47-thread-1] INFO  server.RaftServerConfigKeys (ConfUtils.java:logGet(43)) - raft.server.log.statemachine.data.sync = true (default)
2019-10-23 12:13:16,068 [pool-47-thread-1] INFO  server.RaftServerConfigKeys (ConfUtils.java:logGet(43)) - raft.server.log.statemachine.data.sync.timeout = 10s (default)
2019-10-23 12:13:16,069 [pool-47-thread-1] INFO  server.RaftServerConfigKeys (ConfUtils.java:logGet(43)) - raft.server.log.statemachine.data.sync.timeout.retry = -1 (default)
2019-10-23 12:13:16,069 [pool-47-thread-1] INFO  server.RaftServerConfigKeys (ConfUtils.java:logGet(43)) - raft.server.log.statemachine.data.caching.enabled = true (custom)
2019-10-23 12:13:16,070 [pool-47-thread-1] INFO  segmented.SegmentedRaftLogWorker (SegmentedRaftLogWorker.java:lambda$new$0(128)) - 3b749b59-de2a-419b-9a26-261692f5c83c@group-0B78FD578A07-SegmentedRaftLogWorker: flushIndex: setUnconditionally 0 -> -1
2019-10-23 12:13:16,070 [pool-47-thread-1] INFO  server.RaftServerConfigKeys (ConfUtils.java:logGet(43)) - raft.server.snapshot.auto.trigger.enabled = true (custom)
2019-10-23 12:13:16,070 [pool-47-thread-1] INFO  server.RaftServerConfigKeys (ConfUtils.java:logGet(43)) - raft.server.snapshot.auto.trigger.threshold = 10000 (custom)
2019-10-23 12:13:16,070 [pool-47-thread-1] INFO  server.RaftServerConfigKeys (ConfUtils.java:logGet(43)) - raft.server.snapshot.retention.file.num = 5 (custom)
2019-10-23 12:13:16,070 [pool-47-thread-1] INFO  server.RaftServerConfigKeys (ConfUtils.java:logGet(43)) - raft.server.retrycache.expirytime = 600000ms (custom)
2019-10-23 12:13:16,074 [pool-47-thread-1] INFO  impl.RaftServerImpl (RaftServerImpl.java:start(195)) - 3b749b59-de2a-419b-9a26-261692f5c83c@group-0B78FD578A07: start as a follower, conf=-1: [3b749b59-de2a-419b-9a26-261692f5c83c:192.168.69.118:39205], old=null
2019-10-23 12:13:16,075 [pool-47-thread-1] INFO  impl.RaftServerImpl (RaftServerImpl.java:setRole(184)) - 3b749b59-de2a-419b-9a26-261692f5c83c@group-0B78FD578A07: changes role from      null to FOLLOWER at term 0 for startAsFollower
2019-10-23 12:13:16,075 [pool-47-thread-1] INFO  impl.RoleInfo (RoleInfo.java:updateAndGet(143)) - 3b749b59-de2a-419b-9a26-261692f5c83c: start FollowerState
2019-10-23 12:13:16,075 [pool-47-thread-1] INFO  util.JmxRegister (JmxRegister.java:tryRegister(44)) - Successfully registered JMX Bean with object name Ratis:service=RaftServer,group=group-0B78FD578A07,id=3b749b59-de2a-419b-9a26-261692f5c83c
2019-10-23 12:13:16,088 [RatisPipelineUtilsThread] INFO  pipeline.PipelineStateManager (PipelineStateManager.java:addPipeline(56)) - Created pipeline Pipeline[ Id: 5a5a81e6-930e-423f-ac7a-0b78fd578a07, Nodes: 3b749b59-de2a-419b-9a26-261692f5c83c{ip: 192.168.69.118, host: pr-hdds1643-t2fz7-3136866267, networkLocation: /default-rack, certSerialId: null}, Type:RATIS, Factor:ONE, State:OPEN]
2019-10-23 12:13:16,103 [grpc-default-executor-0] INFO  impl.RaftServerProxy (RaftServerProxy.java:addNew(89)) - 7b74cae2-68bb-403f-9342-7e82e321628a: addNew group-28A1D14BA9E7:[7b74cae2-68bb-403f-9342-7e82e321628a:192.168.69.118:46444] returns group-28A1D14BA9E7:java.util.concurrent.CompletableFuture@22943bc0[Not completed]
2019-10-23 12:13:16,107 [pool-107-thread-1] INFO  impl.RaftServerImpl (RaftServerImpl.java:<init>(104)) - 7b74cae2-68bb-403f-9342-7e82e321628a: new RaftServerImpl for group-28A1D14BA9E7:[7b74cae2-68bb-403f-9342-7e82e321628a:192.168.69.118:46444] with ContainerStateMachine:uninitialized
2019-10-23 12:13:16,107 [pool-107-thread-1] INFO  server.RaftServerConfigKeys (ConfUtils.java:logGet(43)) - raft.server.rpc.timeout.min = 1s (custom)
2019-10-23 12:13:16,107 [pool-107-thread-1] INFO  server.RaftServerConfigKeys (ConfUtils.java:logGet(43)) - raft.server.rpc.timeout.max = 1200ms (custom)
2019-10-23 12:13:16,107 [pool-107-thread-1] INFO  server.RaftServerConfigKeys (ConfUtils.java:logGet(43)) - raft.server.rpcslowness.timeout = 120s (custom)
2019-10-23 12:13:16,108 [pool-107-thread-1] INFO  server.RaftServerConfigKeys (ConfUtils.java:logGet(43)) - raft.server.sleep.deviation.threshold = 300 (default)
2019-10-23 12:13:16,108 [pool-107-thread-1] INFO  server.RaftServerConfigKeys (ConfUtils.java:logGet(43)) - raft.server.log.appender.install.snapshot.enabled = false (custom)
2019-10-23 12:13:16,108 [pool-107-thread-1] INFO  impl.RaftServerImpl (ServerState.java:<init>(103)) - 7b74cae2-68bb-403f-9342-7e82e321628a@group-28A1D14BA9E7: ConfigurationManager, init=-1: [7b74cae2-68bb-403f-9342-7e82e321628a:192.168.69.118:46444], old=null, confs=<EMPTY_MAP>
2019-10-23 12:13:16,108 [pool-107-thread-1] INFO  server.RaftServerConfigKeys (ConfUtils.java:logGet(43)) - raft.server.storage.dir = [/workdir/hadoop-ozone/integration-test/target/test-dir/MiniOzoneClusterImpl-f0805996-b414-4d96-aefa-ea3288852db6/datanode-8/data/ratis] (custom)
2019-10-23 12:13:16,108 [pool-107-thread-1] INFO  server.RaftServerConfigKeys (ConfUtils.java:logGet(43)) - raft.server.log.corruption.policy = EXCEPTION (default)
2019-10-23 12:13:16,108 [pool-107-thread-1] INFO  storage.RaftStorageDirectory (RaftStorageDirectory.java:analyzeStorage(246)) - The storage directory /workdir/hadoop-ozone/integration-test/target/test-dir/MiniOzoneClusterImpl-f0805996-b414-4d96-aefa-ea3288852db6/datanode-8/data/ratis/0beba843-3a08-4007-9489-28a1d14ba9e7 does not exist. Creating ...
2019-10-23 12:13:16,122 [pool-107-thread-1] INFO  storage.RaftStorageDirectory (RaftStorageDirectory.java:tryLock(328)) - Lock on /workdir/hadoop-ozone/integration-test/target/test-dir/MiniOzoneClusterImpl-f0805996-b414-4d96-aefa-ea3288852db6/datanode-8/data/ratis/0beba843-3a08-4007-9489-28a1d14ba9e7/in_use.lock acquired by nodename 17215@pr-hdds1643-t2fz7-3136866267
2019-10-23 12:13:16,135 [pool-107-thread-1] INFO  storage.RaftStorage (RaftStorage.java:format(84)) - Storage directory /workdir/hadoop-ozone/integration-test/target/test-dir/MiniOzoneClusterImpl-f0805996-b414-4d96-aefa-ea3288852db6/datanode-8/data/ratis/0beba843-3a08-4007-9489-28a1d14ba9e7 has been successfully formatted.
2019-10-23 12:13:16,136 [pool-107-thread-1] INFO  ratis.ContainerStateMachine (ContainerStateMachine.java:loadSnapshot(231)) - group-28A1D14BA9E7: The snapshot info is null. Setting the last applied indexto:(t:0, i:~)
2019-10-23 12:13:16,136 [pool-107-thread-1] INFO  server.RaftServerConfigKeys (ConfUtils.java:logGet(43)) - raft.server.notification.no-leader.timeout = 120s (custom)
2019-10-23 12:13:16,136 [pool-107-thread-1] INFO  server.RaftServerConfigKeys (ConfUtils.java:logGet(43)) - raft.server.log.use.memory = false (default)
2019-10-23 12:13:16,136 [pool-107-thread-1] INFO  server.RaftServerConfigKeys (ConfUtils.java:logGet(43)) - raft.server.log.purge.gap = 1000000 (custom)
2019-10-23 12:13:16,136 [pool-107-thread-1] INFO  server.RaftServerConfigKeys (ConfUtils.java:logGet(43)) - raft.server.log.appender.buffer.byte-limit = 33554432 (custom)
2019-10-23 12:13:16,136 [pool-107-thread-1] INFO  server.RaftServerConfigKeys (ConfUtils.java:logGet(43)) - raft.server.log.segment.size.max = 1048576 (custom)
2019-10-23 12:13:16,137 [Thread-310] INFO  impl.FollowerState (FollowerState.java:run(108)) - 3b749b59-de2a-419b-9a26-261692f5c83c@group-0B78FD578A07-FollowerState: change to CANDIDATE, lastRpcTime:62ms, electionTimeout:62ms
2019-10-23 12:13:16,137 [Thread-310] INFO  impl.RoleInfo (RoleInfo.java:shutdownFollowerState(121)) - 3b749b59-de2a-419b-9a26-261692f5c83c: shutdown FollowerState
2019-10-23 12:13:16,138 [Thread-310] INFO  impl.RaftServerImpl (RaftServerImpl.java:setRole(184)) - 3b749b59-de2a-419b-9a26-261692f5c83c@group-0B78FD578A07: changes role from  FOLLOWER to CANDIDATE at term 0 for changeToCandidate
2019-10-23 12:13:16,138 [Thread-310] INFO  impl.RoleInfo (RoleInfo.java:updateAndGet(143)) - 3b749b59-de2a-419b-9a26-261692f5c83c: start LeaderElection
2019-10-23 12:13:16,141 [pool-107-thread-1] INFO  server.RaftServerConfigKeys (ConfUtils.java:logGet(43)) - raft.server.log.segment.cache.num.max = 2 (custom)
2019-10-23 12:13:16,141 [pool-107-thread-1] INFO  segmented.SegmentedRaftLogWorker (SegmentedRaftLogWorker.java:<init>(173)) - new 7b74cae2-68bb-403f-9342-7e82e321628a@group-28A1D14BA9E7-SegmentedRaftLogWorker for RaftStorage:Storage Directory /workdir/hadoop-ozone/integration-test/target/test-dir/MiniOzoneClusterImpl-f0805996-b414-4d96-aefa-ea3288852db6/datanode-8/data/ratis/0beba843-3a08-4007-9489-28a1d14ba9e7
2019-10-23 12:13:16,141 [pool-107-thread-1] INFO  server.RaftServerConfigKeys (ConfUtils.java:logGet(43)) - raft.server.log.queue.byte-limit = 2147483647 (custom)
2019-10-23 12:13:16,141 [pool-107-thread-1] INFO  server.RaftServerConfigKeys (ConfUtils.java:logGet(43)) - raft.server.log.queue.element-limit = 1024 (custom)
2019-10-23 12:13:16,141 [pool-107-thread-1] INFO  server.RaftServerConfigKeys (ConfUtils.java:logGet(43)) - raft.server.log.segment.size.max = 1048576 (custom)
2019-10-23 12:13:16,141 [pool-107-thread-1] INFO  server.RaftServerConfigKeys (ConfUtils.java:logGet(43)) - raft.server.log.preallocated.size = 16384 (custom)
2019-10-23 12:13:16,141 [pool-107-thread-1] INFO  server.RaftServerConfigKeys (ConfUtils.java:logGet(43)) - raft.server.log.write.buffer.size = 33554432 (custom)
2019-10-23 12:13:16,141 [pool-107-thread-1] INFO  server.RaftServerConfigKeys (ConfUtils.java:logGet(43)) - raft.server.log.force.sync.num = 128 (default)
2019-10-23 12:13:16,141 [pool-107-thread-1] INFO  server.RaftServerConfigKeys (ConfUtils.java:logGet(43)) - raft.server.log.statemachine.data.sync = true (default)
2019-10-23 12:13:16,141 [pool-107-thread-1] INFO  server.RaftServerConfigKeys (ConfUtils.java:logGet(43)) - raft.server.log.statemachine.data.sync.timeout = 10s (default)
2019-10-23 12:13:16,142 [pool-107-thread-1] INFO  server.RaftServerConfigKeys (ConfUtils.java:logGet(43)) - raft.server.log.statemachine.data.sync.timeout.retry = -1 (default)
2019-10-23 12:13:16,142 [pool-107-thread-1] INFO  server.RaftServerConfigKeys (ConfUtils.java:logGet(43)) - raft.server.log.statemachine.data.caching.enabled = true (custom)
2019-10-23 12:13:16,142 [pool-107-thread-1] INFO  segmented.SegmentedRaftLogWorker (SegmentedRaftLogWorker.java:lambda$new$0(128)) - 7b74cae2-68bb-403f-9342-7e82e321628a@group-28A1D14BA9E7-SegmentedRaftLogWorker: flushIndex: setUnconditionally 0 -> -1
2019-10-23 12:13:16,142 [pool-107-thread-1] INFO  server.RaftServerConfigKeys (ConfUtils.java:logGet(43)) - raft.server.snapshot.auto.trigger.enabled = true (custom)
2019-10-23 12:13:16,143 [pool-107-thread-1] INFO  server.RaftServerConfigKeys (ConfUtils.java:logGet(43)) - raft.server.snapshot.auto.trigger.threshold = 10000 (custom)
2019-10-23 12:13:16,143 [pool-107-thread-1] INFO  server.RaftServerConfigKeys (ConfUtils.java:logGet(43)) - raft.server.snapshot.retention.file.num = 5 (custom)
2019-10-23 12:13:16,143 [pool-107-thread-1] INFO  server.RaftServerConfigKeys (ConfUtils.java:logGet(43)) - raft.server.retrycache.expirytime = 600000ms (custom)
2019-10-23 12:13:16,146 [pool-107-thread-1] INFO  impl.RaftServerImpl (RaftServerImpl.java:start(195)) - 7b74cae2-68bb-403f-9342-7e82e321628a@group-28A1D14BA9E7: start as a follower, conf=-1: [7b74cae2-68bb-403f-9342-7e82e321628a:192.168.69.118:46444], old=null
2019-10-23 12:13:16,146 [pool-107-thread-1] INFO  impl.RaftServerImpl (RaftServerImpl.java:setRole(184)) - 7b74cae2-68bb-403f-9342-7e82e321628a@group-28A1D14BA9E7: changes role from      null to FOLLOWER at term 0 for startAsFollower
2019-10-23 12:13:16,146 [pool-107-thread-1] INFO  impl.RoleInfo (RoleInfo.java:updateAndGet(143)) - 7b74cae2-68bb-403f-9342-7e82e321628a: start FollowerState
2019-10-23 12:13:16,147 [pool-107-thread-1] INFO  util.JmxRegister (JmxRegister.java:tryRegister(44)) - Successfully registered JMX Bean with object name Ratis:service=RaftServer,group=group-28A1D14BA9E7,id=7b74cae2-68bb-403f-9342-7e82e321628a
2019-10-23 12:13:16,154 [3b749b59-de2a-419b-9a26-261692f5c83c@group-0B78FD578A07-LeaderElection6] INFO  impl.LeaderElection (LeaderElection.java:askForVotes(178)) - 3b749b59-de2a-419b-9a26-261692f5c83c@group-0B78FD578A07-LeaderElection6: begin an election at term 1 for -1: [3b749b59-de2a-419b-9a26-261692f5c83c:192.168.69.118:39205], old=null
2019-10-23 12:13:16,154 [3b749b59-de2a-419b-9a26-261692f5c83c@group-0B78FD578A07-LeaderElection6] INFO  impl.RoleInfo (RoleInfo.java:shutdownLeaderElection(134)) - 3b749b59-de2a-419b-9a26-261692f5c83c: shutdown LeaderElection
2019-10-23 12:13:16,154 [3b749b59-de2a-419b-9a26-261692f5c83c@group-0B78FD578A07-LeaderElection6] INFO  impl.RaftServerImpl (RaftServerImpl.java:setRole(184)) - 3b749b59-de2a-419b-9a26-261692f5c83c@group-0B78FD578A07: changes role from CANDIDATE to LEADER at term 1 for changeToLeader
2019-10-23 12:13:16,154 [3b749b59-de2a-419b-9a26-261692f5c83c@group-0B78FD578A07-LeaderElection6] INFO  impl.RaftServerImpl (ServerState.java:setLeader(256)) - 3b749b59-de2a-419b-9a26-261692f5c83c@group-0B78FD578A07: change Leader from null to 3b749b59-de2a-419b-9a26-261692f5c83c at term 1 for becomeLeader, leader elected after 90ms
2019-10-23 12:13:16,162 [3b749b59-de2a-419b-9a26-261692f5c83c@group-0B78FD578A07-LeaderElection6] INFO  server.RaftServerConfigKeys (ConfUtils.java:logGet(43)) - raft.server.staging.catchup.gap = 1000 (default)
2019-10-23 12:13:16,162 [3b749b59-de2a-419b-9a26-261692f5c83c@group-0B78FD578A07-LeaderElection6] INFO  server.RaftServerConfigKeys (ConfUtils.java:logGet(43)) - raft.server.rpc.sleep.time = 25ms (default)
2019-10-23 12:13:16,164 [3b749b59-de2a-419b-9a26-261692f5c83c@group-0B78FD578A07-LeaderElection6] INFO  server.RaftServerConfigKeys (ConfUtils.java:logGet(43)) - raft.server.write.element-limit = 4096 (default)
2019-10-23 12:13:16,164 [3b749b59-de2a-419b-9a26-261692f5c83c@group-0B78FD578A07-LeaderElection6] INFO  server.RaftServerConfigKeys (ConfUtils.java:logGet(43)) - raft.server.watch.timeout = 10s (default)
2019-10-23 12:13:16,164 [3b749b59-de2a-419b-9a26-261692f5c83c@group-0B78FD578A07-LeaderElection6] INFO  server.RaftServerConfigKeys (ConfUtils.java:logGet(43)) - raft.server.watch.timeout.denomination = 1s (default)
2019-10-23 12:13:16,164 [3b749b59-de2a-419b-9a26-261692f5c83c@group-0B78FD578A07-LeaderElection6] INFO  server.RaftServerConfigKeys (ConfUtils.java:logGet(43)) - raft.server.watch.element-limit = 65536 (default)
2019-10-23 12:13:16,165 [RatisPipelineUtilsThread] INFO  pipeline.PipelineStateManager (PipelineStateManager.java:addPipeline(56)) - Created pipeline Pipeline[ Id: 0beba843-3a08-4007-9489-28a1d14ba9e7, Nodes: 7b74cae2-68bb-403f-9342-7e82e321628a{ip: 192.168.69.118, host: pr-hdds1643-t2fz7-3136866267, networkLocation: /default-rack, certSerialId: null}, Type:RATIS, Factor:ONE, State:OPEN]
2019-10-23 12:13:16,166 [3b749b59-de2a-419b-9a26-261692f5c83c@group-0B78FD578A07-LeaderElection6] INFO  impl.RoleInfo (RoleInfo.java:updateAndGet(143)) - 3b749b59-de2a-419b-9a26-261692f5c83c: start LeaderState
2019-10-23 12:13:16,166 [3b749b59-de2a-419b-9a26-261692f5c83c@group-0B78FD578A07-LeaderElection6] INFO  segmented.SegmentedRaftLogWorker (SegmentedRaftLogWorker.java:startLogSegment(385)) - 3b749b59-de2a-419b-9a26-261692f5c83c@group-0B78FD578A07-SegmentedRaftLogWorker: Starting segment from index:0
2019-10-23 12:13:16,168 [3b749b59-de2a-419b-9a26-261692f5c83c@group-0B78FD578A07-LeaderElection6] INFO  impl.RaftServerImpl (ServerState.java:setRaftConf(357)) - 3b749b59-de2a-419b-9a26-261692f5c83c@group-0B78FD578A07: set configuration 0: [3b749b59-de2a-419b-9a26-261692f5c83c:192.168.69.118:39205], old=null at 0
2019-10-23 12:13:16,200 [Thread-314] INFO  impl.FollowerState (FollowerState.java:run(108)) - 7b74cae2-68bb-403f-9342-7e82e321628a@group-28A1D14BA9E7-FollowerState: change to CANDIDATE, lastRpcTime:53ms, electionTimeout:52ms
2019-10-23 12:13:16,200 [Thread-314] INFO  impl.RoleInfo (RoleInfo.java:shutdownFollowerState(121)) - 7b74cae2-68bb-403f-9342-7e82e321628a: shutdown FollowerState
2019-10-23 12:13:16,200 [Thread-314] INFO  impl.RaftServerImpl (RaftServerImpl.java:setRole(184)) - 7b74cae2-68bb-403f-9342-7e82e321628a@group-28A1D14BA9E7: changes role from  FOLLOWER to CANDIDATE at term 0 for changeToCandidate
2019-10-23 12:13:16,200 [Thread-314] INFO  impl.RoleInfo (RoleInfo.java:updateAndGet(143)) - 7b74cae2-68bb-403f-9342-7e82e321628a: start LeaderElection
2019-10-23 12:13:16,204 [3b749b59-de2a-419b-9a26-261692f5c83c@group-0B78FD578A07-SegmentedRaftLogWorker] INFO  segmented.SegmentedRaftLogWorker (SegmentedRaftLogWorker.java:execute(576)) - 3b749b59-de2a-419b-9a26-261692f5c83c@group-0B78FD578A07-SegmentedRaftLogWorker: created new log segment /workdir/hadoop-ozone/integration-test/target/test-dir/MiniOzoneClusterImpl-f0805996-b414-4d96-aefa-ea3288852db6/datanode-2/data/ratis/5a5a81e6-930e-423f-ac7a-0b78fd578a07/current/log_inprogress_0
2019-10-23 12:13:16,207 [7b74cae2-68bb-403f-9342-7e82e321628a@group-28A1D14BA9E7-LeaderElection7] INFO  impl.LeaderElection (LeaderElection.java:askForVotes(178)) - 7b74cae2-68bb-403f-9342-7e82e321628a@group-28A1D14BA9E7-LeaderElection7: begin an election at term 1 for -1: [7b74cae2-68bb-403f-9342-7e82e321628a:192.168.69.118:46444], old=null
2019-10-23 12:13:16,207 [7b74cae2-68bb-403f-9342-7e82e321628a@group-28A1D14BA9E7-LeaderElection7] INFO  impl.RoleInfo (RoleInfo.java:shutdownLeaderElection(134)) - 7b74cae2-68bb-403f-9342-7e82e321628a: shutdown LeaderElection
2019-10-23 12:13:16,207 [7b74cae2-68bb-403f-9342-7e82e321628a@group-28A1D14BA9E7-LeaderElection7] INFO  impl.RaftServerImpl (RaftServerImpl.java:setRole(184)) - 7b74cae2-68bb-403f-9342-7e82e321628a@group-28A1D14BA9E7: changes role from CANDIDATE to LEADER at term 1 for changeToLeader
2019-10-23 12:13:16,209 [7b74cae2-68bb-403f-9342-7e82e321628a@group-28A1D14BA9E7-LeaderElection7] INFO  impl.RaftServerImpl (ServerState.java:setLeader(256)) - 7b74cae2-68bb-403f-9342-7e82e321628a@group-28A1D14BA9E7: change Leader from null to 7b74cae2-68bb-403f-9342-7e82e321628a at term 1 for becomeLeader, leader elected after 72ms
2019-10-23 12:13:16,210 [grpc-default-executor-0] INFO  impl.RaftServerProxy (RaftServerProxy.java:addNew(89)) - 787770cd-56b0-4d21-897f-e9f49f0f8295: addNew group-DB822B26D020:[787770cd-56b0-4d21-897f-e9f49f0f8295:192.168.69.118:42931] returns group-DB822B26D020:java.util.concurrent.CompletableFuture@72666e80[Not completed]
2019-10-23 12:13:16,215 [7b74cae2-68bb-403f-9342-7e82e321628a@group-28A1D14BA9E7-LeaderElection7] INFO  server.RaftServerConfigKeys (ConfUtils.java:logGet(43)) - raft.server.staging.catchup.gap = 1000 (default)
2019-10-23 12:13:16,216 [7b74cae2-68bb-403f-9342-7e82e321628a@group-28A1D14BA9E7-LeaderElection7] INFO  server.RaftServerConfigKeys (ConfUtils.java:logGet(43)) - raft.server.rpc.sleep.time = 25ms (default)
2019-10-23 12:13:16,217 [7b74cae2-68bb-403f-9342-7e82e321628a@group-28A1D14BA9E7-LeaderElection7] INFO  server.RaftServerConfigKeys (ConfUtils.java:logGet(43)) - raft.server.write.element-limit = 4096 (default)
2019-10-23 12:13:16,217 [7b74cae2-68bb-403f-9342-7e82e321628a@group-28A1D14BA9E7-LeaderElection7] INFO  server.RaftServerConfigKeys (ConfUtils.java:logGet(43)) - raft.server.watch.timeout = 10s (default)
2019-10-23 12:13:16,217 [7b74cae2-68bb-403f-9342-7e82e321628a@group-28A1D14BA9E7-LeaderElection7] INFO  server.RaftServerConfigKeys (ConfUtils.java:logGet(43)) - raft.server.watch.timeout.denomination = 1s (default)
2019-10-23 12:13:16,217 [7b74cae2-68bb-403f-9342-7e82e321628a@group-28A1D14BA9E7-LeaderElection7] INFO  server.RaftServerConfigKeys (ConfUtils.java:logGet(43)) - raft.server.watch.element-limit = 65536 (default)
2019-10-23 12:13:16,218 [pool-97-thread-1] INFO  impl.RaftServerImpl (RaftServerImpl.java:<init>(104)) - 787770cd-56b0-4d21-897f-e9f49f0f8295: new RaftServerImpl for group-DB822B26D020:[787770cd-56b0-4d21-897f-e9f49f0f8295:192.168.69.118:42931] with ContainerStateMachine:uninitialized
2019-10-23 12:13:16,218 [pool-97-thread-1] INFO  server.RaftServerConfigKeys (ConfUtils.java:logGet(43)) - raft.server.rpc.timeout.min = 1s (custom)
2019-10-23 12:13:16,219 [pool-97-thread-1] INFO  server.RaftServerConfigKeys (ConfUtils.java:logGet(43)) - raft.server.rpc.timeout.max = 1200ms (custom)
2019-10-23 12:13:16,220 [pool-97-thread-1] INFO  server.RaftServerConfigKeys (ConfUtils.java:logGet(43)) - raft.server.rpcslowness.timeout = 120s (custom)
2019-10-23 12:13:16,220 [pool-97-thread-1] INFO  server.RaftServerConfigKeys (ConfUtils.java:logGet(43)) - raft.server.sleep.deviation.threshold = 300 (default)
2019-10-23 12:13:16,220 [pool-97-thread-1] INFO  server.RaftServerConfigKeys (ConfUtils.java:logGet(43)) - raft.server.log.appender.install.snapshot.enabled = false (custom)
2019-10-23 12:13:16,220 [pool-97-thread-1] INFO  impl.RaftServerImpl (ServerState.java:<init>(103)) - 787770cd-56b0-4d21-897f-e9f49f0f8295@group-DB822B26D020: ConfigurationManager, init=-1: [787770cd-56b0-4d21-897f-e9f49f0f8295:192.168.69.118:42931], old=null, confs=<EMPTY_MAP>
2019-10-23 12:13:16,220 [pool-97-thread-1] INFO  server.RaftServerConfigKeys (ConfUtils.java:logGet(43)) - raft.server.storage.dir = [/workdir/hadoop-ozone/integration-test/target/test-dir/MiniOzoneClusterImpl-f0805996-b414-4d96-aefa-ea3288852db6/datanode-7/data/ratis] (custom)
2019-10-23 12:13:16,221 [pool-97-thread-1] INFO  server.RaftServerConfigKeys (ConfUtils.java:logGet(43)) - raft.server.log.corruption.policy = EXCEPTION (default)
2019-10-23 12:13:16,221 [pool-97-thread-1] INFO  storage.RaftStorageDirectory (RaftStorageDirectory.java:analyzeStorage(246)) - The storage directory /workdir/hadoop-ozone/integration-test/target/test-dir/MiniOzoneClusterImpl-f0805996-b414-4d96-aefa-ea3288852db6/datanode-7/data/ratis/b85d15ca-1a8d-447f-8bdc-db822b26d020 does not exist. Creating ...
2019-10-23 12:13:16,222 [7b74cae2-68bb-403f-9342-7e82e321628a@group-28A1D14BA9E7-LeaderElection7] INFO  impl.RoleInfo (RoleInfo.java:updateAndGet(143)) - 7b74cae2-68bb-403f-9342-7e82e321628a: start LeaderState
2019-10-23 12:13:16,222 [7b74cae2-68bb-403f-9342-7e82e321628a@group-28A1D14BA9E7-LeaderElection7] INFO  segmented.SegmentedRaftLogWorker (SegmentedRaftLogWorker.java:startLogSegment(385)) - 7b74cae2-68bb-403f-9342-7e82e321628a@group-28A1D14BA9E7-SegmentedRaftLogWorker: Starting segment from index:0
2019-10-23 12:13:16,223 [7b74cae2-68bb-403f-9342-7e82e321628a@group-28A1D14BA9E7-LeaderElection7] INFO  impl.RaftServerImpl (ServerState.java:setRaftConf(357)) - 7b74cae2-68bb-403f-9342-7e82e321628a@group-28A1D14BA9E7: set configuration 0: [7b74cae2-68bb-403f-9342-7e82e321628a:192.168.69.118:46444], old=null at 0
2019-10-23 12:13:16,257 [pool-97-thread-1] INFO  storage.RaftStorageDirectory (RaftStorageDirectory.java:tryLock(328)) - Lock on /workdir/hadoop-ozone/integration-test/target/test-dir/MiniOzoneClusterImpl-f0805996-b414-4d96-aefa-ea3288852db6/datanode-7/data/ratis/b85d15ca-1a8d-447f-8bdc-db822b26d020/in_use.lock acquired by nodename 17215@pr-hdds1643-t2fz7-3136866267
2019-10-23 12:13:16,270 [7b74cae2-68bb-403f-9342-7e82e321628a@group-28A1D14BA9E7-SegmentedRaftLogWorker] INFO  segmented.SegmentedRaftLogWorker (SegmentedRaftLogWorker.java:execute(576)) - 7b74cae2-68bb-403f-9342-7e82e321628a@group-28A1D14BA9E7-SegmentedRaftLogWorker: created new log segment /workdir/hadoop-ozone/integration-test/target/test-dir/MiniOzoneClusterImpl-f0805996-b414-4d96-aefa-ea3288852db6/datanode-8/data/ratis/0beba843-3a08-4007-9489-28a1d14ba9e7/current/log_inprogress_0
2019-10-23 12:13:16,270 [pool-97-thread-1] INFO  storage.RaftStorage (RaftStorage.java:format(84)) - Storage directory /workdir/hadoop-ozone/integration-test/target/test-dir/MiniOzoneClusterImpl-f0805996-b414-4d96-aefa-ea3288852db6/datanode-7/data/ratis/b85d15ca-1a8d-447f-8bdc-db822b26d020 has been successfully formatted.
2019-10-23 12:13:16,275 [pool-97-thread-1] INFO  ratis.ContainerStateMachine (ContainerStateMachine.java:loadSnapshot(231)) - group-DB822B26D020: The snapshot info is null. Setting the last applied indexto:(t:0, i:~)
2019-10-23 12:13:16,275 [pool-97-thread-1] INFO  server.RaftServerConfigKeys (ConfUtils.java:logGet(43)) - raft.server.notification.no-leader.timeout = 120s (custom)
2019-10-23 12:13:16,275 [pool-97-thread-1] INFO  server.RaftServerConfigKeys (ConfUtils.java:logGet(43)) - raft.server.log.use.memory = false (default)
2019-10-23 12:13:16,276 [pool-97-thread-1] INFO  server.RaftServerConfigKeys (ConfUtils.java:logGet(43)) - raft.server.log.purge.gap = 1000000 (custom)
2019-10-23 12:13:16,276 [pool-97-thread-1] INFO  server.RaftServerConfigKeys (ConfUtils.java:logGet(43)) - raft.server.log.appender.buffer.byte-limit = 33554432 (custom)
2019-10-23 12:13:16,276 [pool-97-thread-1] INFO  server.RaftServerConfigKeys (ConfUtils.java:logGet(43)) - raft.server.log.segment.size.max = 1048576 (custom)
2019-10-23 12:13:16,278 [pool-97-thread-1] INFO  server.RaftServerConfigKeys (ConfUtils.java:logGet(43)) - raft.server.log.segment.cache.num.max = 2 (custom)
2019-10-23 12:13:16,278 [pool-97-thread-1] INFO  segmented.SegmentedRaftLogWorker (SegmentedRaftLogWorker.java:<init>(173)) - new 787770cd-56b0-4d21-897f-e9f49f0f8295@group-DB822B26D020-SegmentedRaftLogWorker for RaftStorage:Storage Directory /workdir/hadoop-ozone/integration-test/target/test-dir/MiniOzoneClusterImpl-f0805996-b414-4d96-aefa-ea3288852db6/datanode-7/data/ratis/b85d15ca-1a8d-447f-8bdc-db822b26d020
2019-10-23 12:13:16,278 [pool-97-thread-1] INFO  server.RaftServerConfigKeys (ConfUtils.java:logGet(43)) - raft.server.log.queue.byte-limit = 2147483647 (custom)
2019-10-23 12:13:16,278 [pool-97-thread-1] INFO  server.RaftServerConfigKeys (ConfUtils.java:logGet(43)) - raft.server.log.queue.element-limit = 1024 (custom)
2019-10-23 12:13:16,278 [pool-97-thread-1] INFO  server.RaftServerConfigKeys (ConfUtils.java:logGet(43)) - raft.server.log.segment.size.max = 1048576 (custom)
2019-10-23 12:13:16,279 [pool-97-thread-1] INFO  server.RaftServerConfigKeys (ConfUtils.java:logGet(43)) - raft.server.log.preallocated.size = 16384 (custom)
2019-10-23 12:13:16,279 [pool-97-thread-1] INFO  server.RaftServerConfigKeys (ConfUtils.java:logGet(43)) - raft.server.log.write.buffer.size = 33554432 (custom)
2019-10-23 12:13:16,279 [pool-97-thread-1] INFO  server.RaftServerConfigKeys (ConfUtils.java:logGet(43)) - raft.server.log.force.sync.num = 128 (default)
2019-10-23 12:13:16,279 [pool-97-thread-1] INFO  server.RaftServerConfigKeys (ConfUtils.java:logGet(43)) - raft.server.log.statemachine.data.sync = true (default)
2019-10-23 12:13:16,279 [pool-97-thread-1] INFO  server.RaftServerConfigKeys (ConfUtils.java:logGet(43)) - raft.server.log.statemachine.data.sync.timeout = 10s (default)
2019-10-23 12:13:16,279 [pool-97-thread-1] INFO  server.RaftServerConfigKeys (ConfUtils.java:logGet(43)) - raft.server.log.statemachine.data.sync.timeout.retry = -1 (default)
2019-10-23 12:13:16,279 [pool-97-thread-1] INFO  server.RaftServerConfigKeys (ConfUtils.java:logGet(43)) - raft.server.log.statemachine.data.caching.enabled = true (custom)
2019-10-23 12:13:16,280 [pool-97-thread-1] INFO  segmented.SegmentedRaftLogWorker (SegmentedRaftLogWorker.java:lambda$new$0(128)) - 787770cd-56b0-4d21-897f-e9f49f0f8295@group-DB822B26D020-SegmentedRaftLogWorker: flushIndex: setUnconditionally 0 -> -1
2019-10-23 12:13:16,280 [pool-97-thread-1] INFO  server.RaftServerConfigKeys (ConfUtils.java:logGet(43)) - raft.server.snapshot.auto.trigger.enabled = true (custom)
2019-10-23 12:13:16,280 [pool-97-thread-1] INFO  server.RaftServerConfigKeys (ConfUtils.java:logGet(43)) - raft.server.snapshot.auto.trigger.threshold = 10000 (custom)
2019-10-23 12:13:16,280 [pool-97-thread-1] INFO  server.RaftServerConfigKeys (ConfUtils.java:logGet(43)) - raft.server.snapshot.retention.file.num = 5 (custom)
2019-10-23 12:13:16,280 [pool-97-thread-1] INFO  server.RaftServerConfigKeys (ConfUtils.java:logGet(43)) - raft.server.retrycache.expirytime = 600000ms (custom)
2019-10-23 12:13:16,284 [pool-97-thread-1] INFO  impl.RaftServerImpl (RaftServerImpl.java:start(195)) - 787770cd-56b0-4d21-897f-e9f49f0f8295@group-DB822B26D020: start as a follower, conf=-1: [787770cd-56b0-4d21-897f-e9f49f0f8295:192.168.69.118:42931], old=null
2019-10-23 12:13:16,284 [pool-97-thread-1] INFO  impl.RaftServerImpl (RaftServerImpl.java:setRole(184)) - 787770cd-56b0-4d21-897f-e9f49f0f8295@group-DB822B26D020: changes role from      null to FOLLOWER at term 0 for startAsFollower
2019-10-23 12:13:16,284 [pool-97-thread-1] INFO  impl.RoleInfo (RoleInfo.java:updateAndGet(143)) - 787770cd-56b0-4d21-897f-e9f49f0f8295: start FollowerState
2019-10-23 12:13:16,284 [pool-97-thread-1] INFO  util.JmxRegister (JmxRegister.java:tryRegister(44)) - Successfully registered JMX Bean with object name Ratis:service=RaftServer,group=group-DB822B26D020,id=787770cd-56b0-4d21-897f-e9f49f0f8295
2019-10-23 12:13:16,294 [RatisPipelineUtilsThread] INFO  pipeline.PipelineStateManager (PipelineStateManager.java:addPipeline(56)) - Created pipeline Pipeline[ Id: b85d15ca-1a8d-447f-8bdc-db822b26d020, Nodes: 787770cd-56b0-4d21-897f-e9f49f0f8295{ip: 192.168.69.118, host: pr-hdds1643-t2fz7-3136866267, networkLocation: /default-rack, certSerialId: null}, Type:RATIS, Factor:ONE, State:OPEN]
2019-10-23 12:13:16,311 [grpc-default-executor-0] INFO  impl.RaftServerProxy (RaftServerProxy.java:addNew(89)) - 1d5d0298-6e55-4fca-8e63-ae12c20f52e9: addNew group-DE81EE7BC2BC:[1d5d0298-6e55-4fca-8e63-ae12c20f52e9:192.168.69.118:39259] returns group-DE81EE7BC2BC:java.util.concurrent.CompletableFuture@55be511c[Not completed]
2019-10-23 12:13:16,313 [pool-67-thread-1] INFO  impl.RaftServerImpl (RaftServerImpl.java:<init>(104)) - 1d5d0298-6e55-4fca-8e63-ae12c20f52e9: new RaftServerImpl for group-DE81EE7BC2BC:[1d5d0298-6e55-4fca-8e63-ae12c20f52e9:192.168.69.118:39259] with ContainerStateMachine:uninitialized
2019-10-23 12:13:16,313 [pool-67-thread-1] INFO  server.RaftServerConfigKeys (ConfUtils.java:logGet(43)) - raft.server.rpc.timeout.min = 1s (custom)
2019-10-23 12:13:16,313 [pool-67-thread-1] INFO  server.RaftServerConfigKeys (ConfUtils.java:logGet(43)) - raft.server.rpc.timeout.max = 1200ms (custom)
2019-10-23 12:13:16,313 [pool-67-thread-1] INFO  server.RaftServerConfigKeys (ConfUtils.java:logGet(43)) - raft.server.rpcslowness.timeout = 120s (custom)
2019-10-23 12:13:16,313 [pool-67-thread-1] INFO  server.RaftServerConfigKeys (ConfUtils.java:logGet(43)) - raft.server.sleep.deviation.threshold = 300 (default)
2019-10-23 12:13:16,313 [pool-67-thread-1] INFO  server.RaftServerConfigKeys (ConfUtils.java:logGet(43)) - raft.server.log.appender.install.snapshot.enabled = false (custom)
2019-10-23 12:13:16,314 [pool-67-thread-1] INFO  impl.RaftServerImpl (ServerState.java:<init>(103)) - 1d5d0298-6e55-4fca-8e63-ae12c20f52e9@group-DE81EE7BC2BC: ConfigurationManager, init=-1: [1d5d0298-6e55-4fca-8e63-ae12c20f52e9:192.168.69.118:39259], old=null, confs=<EMPTY_MAP>
2019-10-23 12:13:16,314 [pool-67-thread-1] INFO  server.RaftServerConfigKeys (ConfUtils.java:logGet(43)) - raft.server.storage.dir = [/workdir/hadoop-ozone/integration-test/target/test-dir/MiniOzoneClusterImpl-f0805996-b414-4d96-aefa-ea3288852db6/datanode-4/data/ratis] (custom)
2019-10-23 12:13:16,314 [pool-67-thread-1] INFO  server.RaftServerConfigKeys (ConfUtils.java:logGet(43)) - raft.server.log.corruption.policy = EXCEPTION (default)
2019-10-23 12:13:16,314 [pool-67-thread-1] INFO  storage.RaftStorageDirectory (RaftStorageDirectory.java:analyzeStorage(246)) - The storage directory /workdir/hadoop-ozone/integration-test/target/test-dir/MiniOzoneClusterImpl-f0805996-b414-4d96-aefa-ea3288852db6/datanode-4/data/ratis/7d865baf-a4a3-4325-b814-de81ee7bc2bc does not exist. Creating ...
2019-10-23 12:13:16,328 [pool-67-thread-1] INFO  storage.RaftStorageDirectory (RaftStorageDirectory.java:tryLock(328)) - Lock on /workdir/hadoop-ozone/integration-test/target/test-dir/MiniOzoneClusterImpl-f0805996-b414-4d96-aefa-ea3288852db6/datanode-4/data/ratis/7d865baf-a4a3-4325-b814-de81ee7bc2bc/in_use.lock acquired by nodename 17215@pr-hdds1643-t2fz7-3136866267
2019-10-23 12:13:16,341 [pool-67-thread-1] INFO  storage.RaftStorage (RaftStorage.java:format(84)) - Storage directory /workdir/hadoop-ozone/integration-test/target/test-dir/MiniOzoneClusterImpl-f0805996-b414-4d96-aefa-ea3288852db6/datanode-4/data/ratis/7d865baf-a4a3-4325-b814-de81ee7bc2bc has been successfully formatted.
2019-10-23 12:13:16,342 [pool-67-thread-1] INFO  ratis.ContainerStateMachine (ContainerStateMachine.java:loadSnapshot(231)) - group-DE81EE7BC2BC: The snapshot info is null. Setting the last applied indexto:(t:0, i:~)
2019-10-23 12:13:16,342 [pool-67-thread-1] INFO  server.RaftServerConfigKeys (ConfUtils.java:logGet(43)) - raft.server.notification.no-leader.timeout = 120s (custom)
2019-10-23 12:13:16,342 [pool-67-thread-1] INFO  server.RaftServerConfigKeys (ConfUtils.java:logGet(43)) - raft.server.log.use.memory = false (default)
2019-10-23 12:13:16,342 [pool-67-thread-1] INFO  server.RaftServerConfigKeys (ConfUtils.java:logGet(43)) - raft.server.log.purge.gap = 1000000 (custom)
2019-10-23 12:13:16,342 [pool-67-thread-1] INFO  server.RaftServerConfigKeys (ConfUtils.java:logGet(43)) - raft.server.log.appender.buffer.byte-limit = 33554432 (custom)
2019-10-23 12:13:16,343 [pool-67-thread-1] INFO  server.RaftServerConfigKeys (ConfUtils.java:logGet(43)) - raft.server.log.segment.size.max = 1048576 (custom)
2019-10-23 12:13:16,345 [pool-67-thread-1] INFO  server.RaftServerConfigKeys (ConfUtils.java:logGet(43)) - raft.server.log.segment.cache.num.max = 2 (custom)
2019-10-23 12:13:16,345 [pool-67-thread-1] INFO  segmented.SegmentedRaftLogWorker (SegmentedRaftLogWorker.java:<init>(173)) - new 1d5d0298-6e55-4fca-8e63-ae12c20f52e9@group-DE81EE7BC2BC-SegmentedRaftLogWorker for RaftStorage:Storage Directory /workdir/hadoop-ozone/integration-test/target/test-dir/MiniOzoneClusterImpl-f0805996-b414-4d96-aefa-ea3288852db6/datanode-4/data/ratis/7d865baf-a4a3-4325-b814-de81ee7bc2bc
2019-10-23 12:13:16,345 [pool-67-thread-1] INFO  server.RaftServerConfigKeys (ConfUtils.java:logGet(43)) - raft.server.log.queue.byte-limit = 2147483647 (custom)
2019-10-23 12:13:16,346 [pool-67-thread-1] INFO  server.RaftServerConfigKeys (ConfUtils.java:logGet(43)) - raft.server.log.queue.element-limit = 1024 (custom)
2019-10-23 12:13:16,346 [pool-67-thread-1] INFO  server.RaftServerConfigKeys (ConfUtils.java:logGet(43)) - raft.server.log.segment.size.max = 1048576 (custom)
2019-10-23 12:13:16,346 [pool-67-thread-1] INFO  server.RaftServerConfigKeys (ConfUtils.java:logGet(43)) - raft.server.log.preallocated.size = 16384 (custom)
2019-10-23 12:13:16,346 [pool-67-thread-1] INFO  server.RaftServerConfigKeys (ConfUtils.java:logGet(43)) - raft.server.log.write.buffer.size = 33554432 (custom)
2019-10-23 12:13:16,346 [pool-67-thread-1] INFO  server.RaftServerConfigKeys (ConfUtils.java:logGet(43)) - raft.server.log.force.sync.num = 128 (default)
2019-10-23 12:13:16,346 [pool-67-thread-1] INFO  server.RaftServerConfigKeys (ConfUtils.java:logGet(43)) - raft.server.log.statemachine.data.sync = true (default)
2019-10-23 12:13:16,346 [pool-67-thread-1] INFO  server.RaftServerConfigKeys (ConfUtils.java:logGet(43)) - raft.server.log.statemachine.data.sync.timeout = 10s (default)
2019-10-23 12:13:16,346 [pool-67-thread-1] INFO  server.RaftServerConfigKeys (ConfUtils.java:logGet(43)) - raft.server.log.statemachine.data.sync.timeout.retry = -1 (default)
2019-10-23 12:13:16,347 [pool-67-thread-1] INFO  server.RaftServerConfigKeys (ConfUtils.java:logGet(43)) - raft.server.log.statemachine.data.caching.enabled = true (custom)
2019-10-23 12:13:16,347 [pool-67-thread-1] INFO  segmented.SegmentedRaftLogWorker (SegmentedRaftLogWorker.java:lambda$new$0(128)) - 1d5d0298-6e55-4fca-8e63-ae12c20f52e9@group-DE81EE7BC2BC-SegmentedRaftLogWorker: flushIndex: setUnconditionally 0 -> -1
2019-10-23 12:13:16,348 [pool-67-thread-1] INFO  server.RaftServerConfigKeys (ConfUtils.java:logGet(43)) - raft.server.snapshot.auto.trigger.enabled = true (custom)
2019-10-23 12:13:16,348 [pool-67-thread-1] INFO  server.RaftServerConfigKeys (ConfUtils.java:logGet(43)) - raft.server.snapshot.auto.trigger.threshold = 10000 (custom)
2019-10-23 12:13:16,348 [pool-67-thread-1] INFO  server.RaftServerConfigKeys (ConfUtils.java:logGet(43)) - raft.server.snapshot.retention.file.num = 5 (custom)
2019-10-23 12:13:16,348 [pool-67-thread-1] INFO  server.RaftServerConfigKeys (ConfUtils.java:logGet(43)) - raft.server.retrycache.expirytime = 600000ms (custom)
2019-10-23 12:13:16,352 [pool-67-thread-1] INFO  impl.RaftServerImpl (RaftServerImpl.java:start(195)) - 1d5d0298-6e55-4fca-8e63-ae12c20f52e9@group-DE81EE7BC2BC: start as a follower, conf=-1: [1d5d0298-6e55-4fca-8e63-ae12c20f52e9:192.168.69.118:39259], old=null
2019-10-23 12:13:16,352 [pool-67-thread-1] INFO  impl.RaftServerImpl (RaftServerImpl.java:setRole(184)) - 1d5d0298-6e55-4fca-8e63-ae12c20f52e9@group-DE81EE7BC2BC: changes role from      null to FOLLOWER at term 0 for startAsFollower
2019-10-23 12:13:16,353 [pool-67-thread-1] INFO  impl.RoleInfo (RoleInfo.java:updateAndGet(143)) - 1d5d0298-6e55-4fca-8e63-ae12c20f52e9: start FollowerState
2019-10-23 12:13:16,353 [pool-67-thread-1] INFO  util.JmxRegister (JmxRegister.java:tryRegister(44)) - Successfully registered JMX Bean with object name Ratis:service=RaftServer,group=group-DE81EE7BC2BC,id=1d5d0298-6e55-4fca-8e63-ae12c20f52e9
2019-10-23 12:13:16,365 [RatisPipelineUtilsThread] INFO  pipeline.PipelineStateManager (PipelineStateManager.java:addPipeline(56)) - Created pipeline Pipeline[ Id: 7d865baf-a4a3-4325-b814-de81ee7bc2bc, Nodes: 1d5d0298-6e55-4fca-8e63-ae12c20f52e9{ip: 192.168.69.118, host: pr-hdds1643-t2fz7-3136866267, networkLocation: /default-rack, certSerialId: null}, Type:RATIS, Factor:ONE, State:OPEN]
2019-10-23 12:13:16,367 [main] INFO  ozone.MiniOzoneClusterImpl (MiniOzoneClusterImpl.java:lambda$waitForClusterToBeReady$0(147)) - Cluster is ready. Got 10 of 10 DN Heartbeats.
2019-10-23 12:13:16,385 [grpc-default-executor-0] INFO  impl.RaftServerProxy (RaftServerProxy.java:addNew(89)) - b95be875-0b26-40f0-bf55-f911878fa74d: addNew group-BD3C9ACB36CB:[b95be875-0b26-40f0-bf55-f911878fa74d:192.168.69.118:38666] returns group-BD3C9ACB36CB:java.util.concurrent.CompletableFuture@1b14ed71[Not completed]
2019-10-23 12:13:16,388 [pool-77-thread-1] INFO  impl.RaftServerImpl (RaftServerImpl.java:<init>(104)) - b95be875-0b26-40f0-bf55-f911878fa74d: new RaftServerImpl for group-BD3C9ACB36CB:[b95be875-0b26-40f0-bf55-f911878fa74d:192.168.69.118:38666] with ContainerStateMachine:uninitialized
2019-10-23 12:13:16,388 [pool-77-thread-1] INFO  server.RaftServerConfigKeys (ConfUtils.java:logGet(43)) - raft.server.rpc.timeout.min = 1s (custom)
2019-10-23 12:13:16,388 [pool-77-thread-1] INFO  server.RaftServerConfigKeys (ConfUtils.java:logGet(43)) - raft.server.rpc.timeout.max = 1200ms (custom)
2019-10-23 12:13:16,388 [pool-77-thread-1] INFO  server.RaftServerConfigKeys (ConfUtils.java:logGet(43)) - raft.server.rpcslowness.timeout = 120s (custom)
2019-10-23 12:13:16,388 [Thread-320] INFO  impl.FollowerState (FollowerState.java:run(108)) - 787770cd-56b0-4d21-897f-e9f49f0f8295@group-DB822B26D020-FollowerState: change to CANDIDATE, lastRpcTime:104ms, electionTimeout:104ms
2019-10-23 12:13:16,388 [pool-77-thread-1] INFO  server.RaftServerConfigKeys (ConfUtils.java:logGet(43)) - raft.server.sleep.deviation.threshold = 300 (default)
2019-10-23 12:13:16,389 [pool-77-thread-1] INFO  server.RaftServerConfigKeys (ConfUtils.java:logGet(43)) - raft.server.log.appender.install.snapshot.enabled = false (custom)
2019-10-23 12:13:16,389 [Thread-320] INFO  impl.RoleInfo (RoleInfo.java:shutdownFollowerState(121)) - 787770cd-56b0-4d21-897f-e9f49f0f8295: shutdown FollowerState
2019-10-23 12:13:16,389 [pool-77-thread-1] INFO  impl.RaftServerImpl (ServerState.java:<init>(103)) - b95be875-0b26-40f0-bf55-f911878fa74d@group-BD3C9ACB36CB: ConfigurationManager, init=-1: [b95be875-0b26-40f0-bf55-f911878fa74d:192.168.69.118:38666], old=null, confs=<EMPTY_MAP>
2019-10-23 12:13:16,389 [Thread-320] INFO  impl.RaftServerImpl (RaftServerImpl.java:setRole(184)) - 787770cd-56b0-4d21-897f-e9f49f0f8295@group-DB822B26D020: changes role from  FOLLOWER to CANDIDATE at term 0 for changeToCandidate
2019-10-23 12:13:16,389 [Thread-320] INFO  impl.RoleInfo (RoleInfo.java:updateAndGet(143)) - 787770cd-56b0-4d21-897f-e9f49f0f8295: start LeaderElection
2019-10-23 12:13:16,389 [pool-77-thread-1] INFO  server.RaftServerConfigKeys (ConfUtils.java:logGet(43)) - raft.server.storage.dir = [/workdir/hadoop-ozone/integration-test/target/test-dir/MiniOzoneClusterImpl-f0805996-b414-4d96-aefa-ea3288852db6/datanode-5/data/ratis] (custom)
2019-10-23 12:13:16,392 [pool-77-thread-1] INFO  server.RaftServerConfigKeys (ConfUtils.java:logGet(43)) - raft.server.log.corruption.policy = EXCEPTION (default)
2019-10-23 12:13:16,392 [pool-77-thread-1] INFO  storage.RaftStorageDirectory (RaftStorageDirectory.java:analyzeStorage(246)) - The storage directory /workdir/hadoop-ozone/integration-test/target/test-dir/MiniOzoneClusterImpl-f0805996-b414-4d96-aefa-ea3288852db6/datanode-5/data/ratis/c0253043-428c-4c62-83f8-bd3c9acb36cb does not exist. Creating ...
2019-10-23 12:13:16,405 [pool-77-thread-1] INFO  storage.RaftStorageDirectory (RaftStorageDirectory.java:tryLock(328)) - Lock on /workdir/hadoop-ozone/integration-test/target/test-dir/MiniOzoneClusterImpl-f0805996-b414-4d96-aefa-ea3288852db6/datanode-5/data/ratis/c0253043-428c-4c62-83f8-bd3c9acb36cb/in_use.lock acquired by nodename 17215@pr-hdds1643-t2fz7-3136866267
2019-10-23 12:13:16,405 [787770cd-56b0-4d21-897f-e9f49f0f8295@group-DB822B26D020-LeaderElection8] INFO  impl.LeaderElection (LeaderElection.java:askForVotes(178)) - 787770cd-56b0-4d21-897f-e9f49f0f8295@group-DB822B26D020-LeaderElection8: begin an election at term 1 for -1: [787770cd-56b0-4d21-897f-e9f49f0f8295:192.168.69.118:42931], old=null
2019-10-23 12:13:16,405 [787770cd-56b0-4d21-897f-e9f49f0f8295@group-DB822B26D020-LeaderElection8] INFO  impl.RoleInfo (RoleInfo.java:shutdownLeaderElection(134)) - 787770cd-56b0-4d21-897f-e9f49f0f8295: shutdown LeaderElection
2019-10-23 12:13:16,405 [787770cd-56b0-4d21-897f-e9f49f0f8295@group-DB822B26D020-LeaderElection8] INFO  impl.RaftServerImpl (RaftServerImpl.java:setRole(184)) - 787770cd-56b0-4d21-897f-e9f49f0f8295@group-DB822B26D020: changes role from CANDIDATE to LEADER at term 1 for changeToLeader
2019-10-23 12:13:16,406 [787770cd-56b0-4d21-897f-e9f49f0f8295@group-DB822B26D020-LeaderElection8] INFO  impl.RaftServerImpl (ServerState.java:setLeader(256)) - 787770cd-56b0-4d21-897f-e9f49f0f8295@group-DB822B26D020: change Leader from null to 787770cd-56b0-4d21-897f-e9f49f0f8295 at term 1 for becomeLeader, leader elected after 130ms
2019-10-23 12:13:16,406 [787770cd-56b0-4d21-897f-e9f49f0f8295@group-DB822B26D020-LeaderElection8] INFO  server.RaftServerConfigKeys (ConfUtils.java:logGet(43)) - raft.server.staging.catchup.gap = 1000 (default)
2019-10-23 12:13:16,406 [787770cd-56b0-4d21-897f-e9f49f0f8295@group-DB822B26D020-LeaderElection8] INFO  server.RaftServerConfigKeys (ConfUtils.java:logGet(43)) - raft.server.rpc.sleep.time = 25ms (default)
2019-10-23 12:13:16,406 [787770cd-56b0-4d21-897f-e9f49f0f8295@group-DB822B26D020-LeaderElection8] INFO  server.RaftServerConfigKeys (ConfUtils.java:logGet(43)) - raft.server.write.element-limit = 4096 (default)
2019-10-23 12:13:16,406 [787770cd-56b0-4d21-897f-e9f49f0f8295@group-DB822B26D020-LeaderElection8] INFO  server.RaftServerConfigKeys (ConfUtils.java:logGet(43)) - raft.server.watch.timeout = 10s (default)
2019-10-23 12:13:16,406 [787770cd-56b0-4d21-897f-e9f49f0f8295@group-DB822B26D020-LeaderElection8] INFO  server.RaftServerConfigKeys (ConfUtils.java:logGet(43)) - raft.server.watch.timeout.denomination = 1s (default)
2019-10-23 12:13:16,407 [787770cd-56b0-4d21-897f-e9f49f0f8295@group-DB822B26D020-LeaderElection8] INFO  server.RaftServerConfigKeys (ConfUtils.java:logGet(43)) - raft.server.watch.element-limit = 65536 (default)
2019-10-23 12:13:16,407 [Thread-323] INFO  impl.FollowerState (FollowerState.java:run(108)) - 1d5d0298-6e55-4fca-8e63-ae12c20f52e9@group-DE81EE7BC2BC-FollowerState: change to CANDIDATE, lastRpcTime:54ms, electionTimeout:53ms
2019-10-23 12:13:16,408 [Thread-323] INFO  impl.RoleInfo (RoleInfo.java:shutdownFollowerState(121)) - 1d5d0298-6e55-4fca-8e63-ae12c20f52e9: shutdown FollowerState
2019-10-23 12:13:16,408 [Thread-323] INFO  impl.RaftServerImpl (RaftServerImpl.java:setRole(184)) - 1d5d0298-6e55-4fca-8e63-ae12c20f52e9@group-DE81EE7BC2BC: changes role from  FOLLOWER to CANDIDATE at term 0 for changeToCandidate
2019-10-23 12:13:16,408 [Thread-323] INFO  impl.RoleInfo (RoleInfo.java:updateAndGet(143)) - 1d5d0298-6e55-4fca-8e63-ae12c20f52e9: start LeaderElection
2019-10-23 12:13:16,411 [787770cd-56b0-4d21-897f-e9f49f0f8295@group-DB822B26D020-LeaderElection8] INFO  impl.RoleInfo (RoleInfo.java:updateAndGet(143)) - 787770cd-56b0-4d21-897f-e9f49f0f8295: start LeaderState
2019-10-23 12:13:16,412 [787770cd-56b0-4d21-897f-e9f49f0f8295@group-DB822B26D020-LeaderElection8] INFO  segmented.SegmentedRaftLogWorker (SegmentedRaftLogWorker.java:startLogSegment(385)) - 787770cd-56b0-4d21-897f-e9f49f0f8295@group-DB822B26D020-SegmentedRaftLogWorker: Starting segment from index:0
2019-10-23 12:13:16,412 [787770cd-56b0-4d21-897f-e9f49f0f8295@group-DB822B26D020-LeaderElection8] INFO  impl.RaftServerImpl (ServerState.java:setRaftConf(357)) - 787770cd-56b0-4d21-897f-e9f49f0f8295@group-DB822B26D020: set configuration 0: [787770cd-56b0-4d21-897f-e9f49f0f8295:192.168.69.118:42931], old=null at 0
2019-10-23 12:13:16,452 [pool-77-thread-1] INFO  storage.RaftStorage (RaftStorage.java:format(84)) - Storage directory /workdir/hadoop-ozone/integration-test/target/test-dir/MiniOzoneClusterImpl-f0805996-b414-4d96-aefa-ea3288852db6/datanode-5/data/ratis/c0253043-428c-4c62-83f8-bd3c9acb36cb has been successfully formatted.
2019-10-23 12:13:16,452 [1d5d0298-6e55-4fca-8e63-ae12c20f52e9@group-DE81EE7BC2BC-LeaderElection9] INFO  impl.LeaderElection (LeaderElection.java:askForVotes(178)) - 1d5d0298-6e55-4fca-8e63-ae12c20f52e9@group-DE81EE7BC2BC-LeaderElection9: begin an election at term 1 for -1: [1d5d0298-6e55-4fca-8e63-ae12c20f52e9:192.168.69.118:39259], old=null
2019-10-23 12:13:16,453 [pool-77-thread-1] INFO  ratis.ContainerStateMachine (ContainerStateMachine.java:loadSnapshot(231)) - group-BD3C9ACB36CB: The snapshot info is null. Setting the last applied indexto:(t:0, i:~)
2019-10-23 12:13:16,453 [1d5d0298-6e55-4fca-8e63-ae12c20f52e9@group-DE81EE7BC2BC-LeaderElection9] INFO  impl.RoleInfo (RoleInfo.java:shutdownLeaderElection(134)) - 1d5d0298-6e55-4fca-8e63-ae12c20f52e9: shutdown LeaderElection
2019-10-23 12:13:16,453 [pool-77-thread-1] INFO  server.RaftServerConfigKeys (ConfUtils.java:logGet(43)) - raft.server.notification.no-leader.timeout = 120s (custom)
2019-10-23 12:13:16,453 [1d5d0298-6e55-4fca-8e63-ae12c20f52e9@group-DE81EE7BC2BC-LeaderElection9] INFO  impl.RaftServerImpl (RaftServerImpl.java:setRole(184)) - 1d5d0298-6e55-4fca-8e63-ae12c20f52e9@group-DE81EE7BC2BC: changes role from CANDIDATE to LEADER at term 1 for changeToLeader
2019-10-23 12:13:16,453 [pool-77-thread-1] INFO  server.RaftServerConfigKeys (ConfUtils.java:logGet(43)) - raft.server.log.use.memory = false (default)
2019-10-23 12:13:16,453 [1d5d0298-6e55-4fca-8e63-ae12c20f52e9@group-DE81EE7BC2BC-LeaderElection9] INFO  impl.RaftServerImpl (ServerState.java:setLeader(256)) - 1d5d0298-6e55-4fca-8e63-ae12c20f52e9@group-DE81EE7BC2BC: change Leader from null to 1d5d0298-6e55-4fca-8e63-ae12c20f52e9 at term 1 for becomeLeader, leader elected after 111ms
2019-10-23 12:13:16,453 [pool-77-thread-1] INFO  server.RaftServerConfigKeys (ConfUtils.java:logGet(43)) - raft.server.log.purge.gap = 1000000 (custom)
2019-10-23 12:13:16,453 [1d5d0298-6e55-4fca-8e63-ae12c20f52e9@group-DE81EE7BC2BC-LeaderElection9] INFO  server.RaftServerConfigKeys (ConfUtils.java:logGet(43)) - raft.server.staging.catchup.gap = 1000 (default)
2019-10-23 12:13:16,454 [pool-77-thread-1] INFO  server.RaftServerConfigKeys (ConfUtils.java:logGet(43)) - raft.server.log.appender.buffer.byte-limit = 33554432 (custom)
2019-10-23 12:13:16,454 [1d5d0298-6e55-4fca-8e63-ae12c20f52e9@group-DE81EE7BC2BC-LeaderElection9] INFO  server.RaftServerConfigKeys (ConfUtils.java:logGet(43)) - raft.server.rpc.sleep.time = 25ms (default)
2019-10-23 12:13:16,454 [pool-77-thread-1] INFO  server.RaftServerConfigKeys (ConfUtils.java:logGet(43)) - raft.server.log.segment.size.max = 1048576 (custom)
2019-10-23 12:13:16,454 [1d5d0298-6e55-4fca-8e63-ae12c20f52e9@group-DE81EE7BC2BC-LeaderElection9] INFO  server.RaftServerConfigKeys (ConfUtils.java:logGet(43)) - raft.server.write.element-limit = 4096 (default)
2019-10-23 12:13:16,454 [1d5d0298-6e55-4fca-8e63-ae12c20f52e9@group-DE81EE7BC2BC-LeaderElection9] INFO  server.RaftServerConfigKeys (ConfUtils.java:logGet(43)) - raft.server.watch.timeout = 10s (default)
2019-10-23 12:13:16,454 [1d5d0298-6e55-4fca-8e63-ae12c20f52e9@group-DE81EE7BC2BC-LeaderElection9] INFO  server.RaftServerConfigKeys (ConfUtils.java:logGet(43)) - raft.server.watch.timeout.denomination = 1s (default)
2019-10-23 12:13:16,454 [1d5d0298-6e55-4fca-8e63-ae12c20f52e9@group-DE81EE7BC2BC-LeaderElection9] INFO  server.RaftServerConfigKeys (ConfUtils.java:logGet(43)) - raft.server.watch.element-limit = 65536 (default)
2019-10-23 12:13:16,456 [787770cd-56b0-4d21-897f-e9f49f0f8295@group-DB822B26D020-SegmentedRaftLogWorker] INFO  segmented.SegmentedRaftLogWorker (SegmentedRaftLogWorker.java:execute(576)) - 787770cd-56b0-4d21-897f-e9f49f0f8295@group-DB822B26D020-SegmentedRaftLogWorker: created new log segment /workdir/hadoop-ozone/integration-test/target/test-dir/MiniOzoneClusterImpl-f0805996-b414-4d96-aefa-ea3288852db6/datanode-7/data/ratis/b85d15ca-1a8d-447f-8bdc-db822b26d020/current/log_inprogress_0
2019-10-23 12:13:16,464 [pool-77-thread-1] INFO  server.RaftServerConfigKeys (ConfUtils.java:logGet(43)) - raft.server.log.segment.cache.num.max = 2 (custom)
2019-10-23 12:13:16,464 [pool-77-thread-1] INFO  segmented.SegmentedRaftLogWorker (SegmentedRaftLogWorker.java:<init>(173)) - new b95be875-0b26-40f0-bf55-f911878fa74d@group-BD3C9ACB36CB-SegmentedRaftLogWorker for RaftStorage:Storage Directory /workdir/hadoop-ozone/integration-test/target/test-dir/MiniOzoneClusterImpl-f0805996-b414-4d96-aefa-ea3288852db6/datanode-5/data/ratis/c0253043-428c-4c62-83f8-bd3c9acb36cb
2019-10-23 12:13:16,464 [pool-77-thread-1] INFO  server.RaftServerConfigKeys (ConfUtils.java:logGet(43)) - raft.server.log.queue.byte-limit = 2147483647 (custom)
2019-10-23 12:13:16,464 [pool-77-thread-1] INFO  server.RaftServerConfigKeys (ConfUtils.java:logGet(43)) - raft.server.log.queue.element-limit = 1024 (custom)
2019-10-23 12:13:16,464 [1d5d0298-6e55-4fca-8e63-ae12c20f52e9@group-DE81EE7BC2BC-LeaderElection9] INFO  impl.RoleInfo (RoleInfo.java:updateAndGet(143)) - 1d5d0298-6e55-4fca-8e63-ae12c20f52e9: start LeaderState
2019-10-23 12:13:16,464 [pool-77-thread-1] INFO  server.RaftServerConfigKeys (ConfUtils.java:logGet(43)) - raft.server.log.segment.size.max = 1048576 (custom)
2019-10-23 12:13:16,465 [pool-77-thread-1] INFO  server.RaftServerConfigKeys (ConfUtils.java:logGet(43)) - raft.server.log.preallocated.size = 16384 (custom)
2019-10-23 12:13:16,465 [1d5d0298-6e55-4fca-8e63-ae12c20f52e9@group-DE81EE7BC2BC-LeaderElection9] INFO  segmented.SegmentedRaftLogWorker (SegmentedRaftLogWorker.java:startLogSegment(385)) - 1d5d0298-6e55-4fca-8e63-ae12c20f52e9@group-DE81EE7BC2BC-SegmentedRaftLogWorker: Starting segment from index:0
2019-10-23 12:13:16,465 [pool-77-thread-1] INFO  server.RaftServerConfigKeys (ConfUtils.java:logGet(43)) - raft.server.log.write.buffer.size = 33554432 (custom)
2019-10-23 12:13:16,465 [pool-77-thread-1] INFO  server.RaftServerConfigKeys (ConfUtils.java:logGet(43)) - raft.server.log.force.sync.num = 128 (default)
2019-10-23 12:13:16,465 [pool-77-thread-1] INFO  server.RaftServerConfigKeys (ConfUtils.java:logGet(43)) - raft.server.log.statemachine.data.sync = true (default)
2019-10-23 12:13:16,465 [1d5d0298-6e55-4fca-8e63-ae12c20f52e9@group-DE81EE7BC2BC-LeaderElection9] INFO  impl.RaftServerImpl (ServerState.java:setRaftConf(357)) - 1d5d0298-6e55-4fca-8e63-ae12c20f52e9@group-DE81EE7BC2BC: set configuration 0: [1d5d0298-6e55-4fca-8e63-ae12c20f52e9:192.168.69.118:39259], old=null at 0
2019-10-23 12:13:16,465 [pool-77-thread-1] INFO  server.RaftServerConfigKeys (ConfUtils.java:logGet(43)) - raft.server.log.statemachine.data.sync.timeout = 10s (default)
2019-10-23 12:13:16,506 [pool-77-thread-1] INFO  server.RaftServerConfigKeys (ConfUtils.java:logGet(43)) - raft.server.log.statemachine.data.sync.timeout.retry = -1 (default)
2019-10-23 12:13:16,506 [pool-77-thread-1] INFO  server.RaftServerConfigKeys (ConfUtils.java:logGet(43)) - raft.server.log.statemachine.data.caching.enabled = true (custom)
2019-10-23 12:13:16,507 [pool-77-thread-1] INFO  segmented.SegmentedRaftLogWorker (SegmentedRaftLogWorker.java:lambda$new$0(128)) - b95be875-0b26-40f0-bf55-f911878fa74d@group-BD3C9ACB36CB-SegmentedRaftLogWorker: flushIndex: setUnconditionally 0 -> -1
2019-10-23 12:13:16,510 [1d5d0298-6e55-4fca-8e63-ae12c20f52e9@group-DE81EE7BC2BC-SegmentedRaftLogWorker] INFO  segmented.SegmentedRaftLogWorker (SegmentedRaftLogWorker.java:execute(576)) - 1d5d0298-6e55-4fca-8e63-ae12c20f52e9@group-DE81EE7BC2BC-SegmentedRaftLogWorker: created new log segment /workdir/hadoop-ozone/integration-test/target/test-dir/MiniOzoneClusterImpl-f0805996-b414-4d96-aefa-ea3288852db6/datanode-4/data/ratis/7d865baf-a4a3-4325-b814-de81ee7bc2bc/current/log_inprogress_0
2019-10-23 12:13:16,510 [pool-77-thread-1] INFO  server.RaftServerConfigKeys (ConfUtils.java:logGet(43)) - raft.server.snapshot.auto.trigger.enabled = true (custom)
2019-10-23 12:13:16,510 [pool-77-thread-1] INFO  server.RaftServerConfigKeys (ConfUtils.java:logGet(43)) - raft.server.snapshot.auto.trigger.threshold = 10000 (custom)
2019-10-23 12:13:16,510 [pool-77-thread-1] INFO  server.RaftServerConfigKeys (ConfUtils.java:logGet(43)) - raft.server.snapshot.retention.file.num = 5 (custom)
2019-10-23 12:13:16,511 [pool-77-thread-1] INFO  server.RaftServerConfigKeys (ConfUtils.java:logGet(43)) - raft.server.retrycache.expirytime = 600000ms (custom)
2019-10-23 12:13:16,515 [pool-77-thread-1] INFO  impl.RaftServerImpl (RaftServerImpl.java:start(195)) - b95be875-0b26-40f0-bf55-f911878fa74d@group-BD3C9ACB36CB: start as a follower, conf=-1: [b95be875-0b26-40f0-bf55-f911878fa74d:192.168.69.118:38666], old=null
2019-10-23 12:13:16,515 [pool-77-thread-1] INFO  impl.RaftServerImpl (RaftServerImpl.java:setRole(184)) - b95be875-0b26-40f0-bf55-f911878fa74d@group-BD3C9ACB36CB: changes role from      null to FOLLOWER at term 0 for startAsFollower
2019-10-23 12:13:16,515 [pool-77-thread-1] INFO  impl.RoleInfo (RoleInfo.java:updateAndGet(143)) - b95be875-0b26-40f0-bf55-f911878fa74d: start FollowerState
2019-10-23 12:13:16,516 [pool-77-thread-1] INFO  util.JmxRegister (JmxRegister.java:tryRegister(44)) - Successfully registered JMX Bean with object name Ratis:service=RaftServer,group=group-BD3C9ACB36CB,id=b95be875-0b26-40f0-bf55-f911878fa74d
2019-10-23 12:13:16,530 [RatisPipelineUtilsThread] INFO  pipeline.PipelineStateManager (PipelineStateManager.java:addPipeline(56)) - Created pipeline Pipeline[ Id: c0253043-428c-4c62-83f8-bd3c9acb36cb, Nodes: b95be875-0b26-40f0-bf55-f911878fa74d{ip: 192.168.69.118, host: pr-hdds1643-t2fz7-3136866267, networkLocation: /default-rack, certSerialId: null}, Type:RATIS, Factor:ONE, State:OPEN]
2019-10-23 12:13:16,564 [grpc-default-executor-1] INFO  impl.RaftServerProxy (RaftServerProxy.java:addNew(89)) - d21719ef-fad3-4f0e-b494-842eeedea460: addNew group-55CA4A6792A0:[736d60a2-feff-478b-9de2-63399c9845c9:192.168.69.118:36235, d21719ef-fad3-4f0e-b494-842eeedea460:192.168.69.118:45836, 4949cace-0585-430c-97a7-3db1e354cdac:192.168.69.118:33911] returns group-55CA4A6792A0:java.util.concurrent.CompletableFuture@aa3793a[Not completed]
2019-10-23 12:13:16,564 [grpc-default-executor-0] INFO  impl.RaftServerProxy (RaftServerProxy.java:addNew(89)) - 4949cace-0585-430c-97a7-3db1e354cdac: addNew group-55CA4A6792A0:[736d60a2-feff-478b-9de2-63399c9845c9:192.168.69.118:36235, d21719ef-fad3-4f0e-b494-842eeedea460:192.168.69.118:45836, 4949cace-0585-430c-97a7-3db1e354cdac:192.168.69.118:33911] returns group-55CA4A6792A0:java.util.concurrent.CompletableFuture@49b7a48d[Not completed]
2019-10-23 12:13:16,564 [grpc-default-executor-2] INFO  impl.RaftServerProxy (RaftServerProxy.java:addNew(89)) - 736d60a2-feff-478b-9de2-63399c9845c9: addNew group-55CA4A6792A0:[736d60a2-feff-478b-9de2-63399c9845c9:192.168.69.118:36235, d21719ef-fad3-4f0e-b494-842eeedea460:192.168.69.118:45836, 4949cace-0585-430c-97a7-3db1e354cdac:192.168.69.118:33911] returns group-55CA4A6792A0:java.util.concurrent.CompletableFuture@6f60f5c7[Not completed]
2019-10-23 12:13:16,566 [pool-57-thread-1] INFO  impl.RaftServerImpl (RaftServerImpl.java:<init>(104)) - d21719ef-fad3-4f0e-b494-842eeedea460: new RaftServerImpl for group-55CA4A6792A0:[736d60a2-feff-478b-9de2-63399c9845c9:192.168.69.118:36235, d21719ef-fad3-4f0e-b494-842eeedea460:192.168.69.118:45836, 4949cace-0585-430c-97a7-3db1e354cdac:192.168.69.118:33911] with ContainerStateMachine:uninitialized
2019-10-23 12:13:16,566 [pool-57-thread-1] INFO  server.RaftServerConfigKeys (ConfUtils.java:logGet(43)) - raft.server.rpc.timeout.min = 1s (custom)
2019-10-23 12:13:16,566 [pool-57-thread-1] INFO  server.RaftServerConfigKeys (ConfUtils.java:logGet(43)) - raft.server.rpc.timeout.max = 1200ms (custom)
2019-10-23 12:13:16,566 [pool-57-thread-1] INFO  server.RaftServerConfigKeys (ConfUtils.java:logGet(43)) - raft.server.rpcslowness.timeout = 120s (custom)
2019-10-23 12:13:16,566 [pool-57-thread-1] INFO  server.RaftServerConfigKeys (ConfUtils.java:logGet(43)) - raft.server.sleep.deviation.threshold = 300 (default)
2019-10-23 12:13:16,567 [pool-57-thread-1] INFO  server.RaftServerConfigKeys (ConfUtils.java:logGet(43)) - raft.server.log.appender.install.snapshot.enabled = false (custom)
2019-10-23 12:13:16,567 [pool-57-thread-1] INFO  impl.RaftServerImpl (ServerState.java:<init>(103)) - d21719ef-fad3-4f0e-b494-842eeedea460@group-55CA4A6792A0: ConfigurationManager, init=-1: [736d60a2-feff-478b-9de2-63399c9845c9:192.168.69.118:36235, d21719ef-fad3-4f0e-b494-842eeedea460:192.168.69.118:45836, 4949cace-0585-430c-97a7-3db1e354cdac:192.168.69.118:33911], old=null, confs=<EMPTY_MAP>
2019-10-23 12:13:16,567 [pool-57-thread-1] INFO  server.RaftServerConfigKeys (ConfUtils.java:logGet(43)) - raft.server.storage.dir = [/workdir/hadoop-ozone/integration-test/target/test-dir/MiniOzoneClusterImpl-f0805996-b414-4d96-aefa-ea3288852db6/datanode-3/data/ratis] (custom)
2019-10-23 12:13:16,567 [pool-57-thread-1] INFO  server.RaftServerConfigKeys (ConfUtils.java:logGet(43)) - raft.server.log.corruption.policy = EXCEPTION (default)
2019-10-23 12:13:16,568 [pool-57-thread-1] INFO  storage.RaftStorageDirectory (RaftStorageDirectory.java:analyzeStorage(246)) - The storage directory /workdir/hadoop-ozone/integration-test/target/test-dir/MiniOzoneClusterImpl-f0805996-b414-4d96-aefa-ea3288852db6/datanode-3/data/ratis/463d6cb1-c5cc-4ba0-afed-55ca4a6792a0 does not exist. Creating ...
2019-10-23 12:13:16,568 [pool-87-thread-1] INFO  impl.RaftServerImpl (RaftServerImpl.java:<init>(104)) - 736d60a2-feff-478b-9de2-63399c9845c9: new RaftServerImpl for group-55CA4A6792A0:[736d60a2-feff-478b-9de2-63399c9845c9:192.168.69.118:36235, d21719ef-fad3-4f0e-b494-842eeedea460:192.168.69.118:45836, 4949cace-0585-430c-97a7-3db1e354cdac:192.168.69.118:33911] with ContainerStateMachine:uninitialized
2019-10-23 12:13:16,568 [pool-87-thread-1] INFO  server.RaftServerConfigKeys (ConfUtils.java:logGet(43)) - raft.server.rpc.timeout.min = 1s (custom)
2019-10-23 12:13:16,568 [pool-87-thread-1] INFO  server.RaftServerConfigKeys (ConfUtils.java:logGet(43)) - raft.server.rpc.timeout.max = 1200ms (custom)
2019-10-23 12:13:16,568 [pool-87-thread-1] INFO  server.RaftServerConfigKeys (ConfUtils.java:logGet(43)) - raft.server.rpcslowness.timeout = 120s (custom)
2019-10-23 12:13:16,568 [pool-87-thread-1] INFO  server.RaftServerConfigKeys (ConfUtils.java:logGet(43)) - raft.server.sleep.deviation.threshold = 300 (default)
2019-10-23 12:13:16,568 [pool-117-thread-1] INFO  impl.RaftServerImpl (RaftServerImpl.java:<init>(104)) - 4949cace-0585-430c-97a7-3db1e354cdac: new RaftServerImpl for group-55CA4A6792A0:[736d60a2-feff-478b-9de2-63399c9845c9:192.168.69.118:36235, d21719ef-fad3-4f0e-b494-842eeedea460:192.168.69.118:45836, 4949cace-0585-430c-97a7-3db1e354cdac:192.168.69.118:33911] with ContainerStateMachine:uninitialized
2019-10-23 12:13:16,568 [pool-87-thread-1] INFO  server.RaftServerConfigKeys (ConfUtils.java:logGet(43)) - raft.server.log.appender.install.snapshot.enabled = false (custom)
2019-10-23 12:13:16,569 [pool-117-thread-1] INFO  server.RaftServerConfigKeys (ConfUtils.java:logGet(43)) - raft.server.rpc.timeout.min = 1s (custom)
2019-10-23 12:13:16,569 [pool-87-thread-1] INFO  impl.RaftServerImpl (ServerState.java:<init>(103)) - 736d60a2-feff-478b-9de2-63399c9845c9@group-55CA4A6792A0: ConfigurationManager, init=-1: [736d60a2-feff-478b-9de2-63399c9845c9:192.168.69.118:36235, d21719ef-fad3-4f0e-b494-842eeedea460:192.168.69.118:45836, 4949cace-0585-430c-97a7-3db1e354cdac:192.168.69.118:33911], old=null, confs=<EMPTY_MAP>
2019-10-23 12:13:16,569 [pool-117-thread-1] INFO  server.RaftServerConfigKeys (ConfUtils.java:logGet(43)) - raft.server.rpc.timeout.max = 1200ms (custom)
2019-10-23 12:13:16,569 [pool-87-thread-1] INFO  server.RaftServerConfigKeys (ConfUtils.java:logGet(43)) - raft.server.storage.dir = [/workdir/hadoop-ozone/integration-test/target/test-dir/MiniOzoneClusterImpl-f0805996-b414-4d96-aefa-ea3288852db6/datanode-6/data/ratis] (custom)
2019-10-23 12:13:16,569 [pool-117-thread-1] INFO  server.RaftServerConfigKeys (ConfUtils.java:logGet(43)) - raft.server.rpcslowness.timeout = 120s (custom)
2019-10-23 12:13:16,569 [pool-117-thread-1] INFO  server.RaftServerConfigKeys (ConfUtils.java:logGet(43)) - raft.server.sleep.deviation.threshold = 300 (default)
2019-10-23 12:13:16,569 [pool-117-thread-1] INFO  server.RaftServerConfigKeys (ConfUtils.java:logGet(43)) - raft.server.log.appender.install.snapshot.enabled = false (custom)
2019-10-23 12:13:16,569 [pool-87-thread-1] INFO  server.RaftServerConfigKeys (ConfUtils.java:logGet(43)) - raft.server.log.corruption.policy = EXCEPTION (default)
2019-10-23 12:13:16,569 [pool-117-thread-1] INFO  impl.RaftServerImpl (ServerState.java:<init>(103)) - 4949cace-0585-430c-97a7-3db1e354cdac@group-55CA4A6792A0: ConfigurationManager, init=-1: [736d60a2-feff-478b-9de2-63399c9845c9:192.168.69.118:36235, d21719ef-fad3-4f0e-b494-842eeedea460:192.168.69.118:45836, 4949cace-0585-430c-97a7-3db1e354cdac:192.168.69.118:33911], old=null, confs=<EMPTY_MAP>
2019-10-23 12:13:16,570 [pool-87-thread-1] INFO  storage.RaftStorageDirectory (RaftStorageDirectory.java:analyzeStorage(246)) - The storage directory /workdir/hadoop-ozone/integration-test/target/test-dir/MiniOzoneClusterImpl-f0805996-b414-4d96-aefa-ea3288852db6/datanode-6/data/ratis/463d6cb1-c5cc-4ba0-afed-55ca4a6792a0 does not exist. Creating ...
2019-10-23 12:13:16,570 [pool-117-thread-1] INFO  server.RaftServerConfigKeys (ConfUtils.java:logGet(43)) - raft.server.storage.dir = [/workdir/hadoop-ozone/integration-test/target/test-dir/MiniOzoneClusterImpl-f0805996-b414-4d96-aefa-ea3288852db6/datanode-9/data/ratis] (custom)
2019-10-23 12:13:16,570 [pool-117-thread-1] INFO  server.RaftServerConfigKeys (ConfUtils.java:logGet(43)) - raft.server.log.corruption.policy = EXCEPTION (default)
2019-10-23 12:13:16,570 [pool-117-thread-1] INFO  storage.RaftStorageDirectory (RaftStorageDirectory.java:analyzeStorage(246)) - The storage directory /workdir/hadoop-ozone/integration-test/target/test-dir/MiniOzoneClusterImpl-f0805996-b414-4d96-aefa-ea3288852db6/datanode-9/data/ratis/463d6cb1-c5cc-4ba0-afed-55ca4a6792a0 does not exist. Creating ...
2019-10-23 12:13:16,589 [pool-57-thread-1] INFO  storage.RaftStorageDirectory (RaftStorageDirectory.java:tryLock(328)) - Lock on /workdir/hadoop-ozone/integration-test/target/test-dir/MiniOzoneClusterImpl-f0805996-b414-4d96-aefa-ea3288852db6/datanode-3/data/ratis/463d6cb1-c5cc-4ba0-afed-55ca4a6792a0/in_use.lock acquired by nodename 17215@pr-hdds1643-t2fz7-3136866267
2019-10-23 12:13:16,590 [pool-87-thread-1] INFO  storage.RaftStorageDirectory (RaftStorageDirectory.java:tryLock(328)) - Lock on /workdir/hadoop-ozone/integration-test/target/test-dir/MiniOzoneClusterImpl-f0805996-b414-4d96-aefa-ea3288852db6/datanode-6/data/ratis/463d6cb1-c5cc-4ba0-afed-55ca4a6792a0/in_use.lock acquired by nodename 17215@pr-hdds1643-t2fz7-3136866267
2019-10-23 12:13:16,589 [pool-117-thread-1] INFO  storage.RaftStorageDirectory (RaftStorageDirectory.java:tryLock(328)) - Lock on /workdir/hadoop-ozone/integration-test/target/test-dir/MiniOzoneClusterImpl-f0805996-b414-4d96-aefa-ea3288852db6/datanode-9/data/ratis/463d6cb1-c5cc-4ba0-afed-55ca4a6792a0/in_use.lock acquired by nodename 17215@pr-hdds1643-t2fz7-3136866267
2019-10-23 12:13:16,603 [pool-57-thread-1] INFO  storage.RaftStorage (RaftStorage.java:format(84)) - Storage directory /workdir/hadoop-ozone/integration-test/target/test-dir/MiniOzoneClusterImpl-f0805996-b414-4d96-aefa-ea3288852db6/datanode-3/data/ratis/463d6cb1-c5cc-4ba0-afed-55ca4a6792a0 has been successfully formatted.
2019-10-23 12:13:16,603 [pool-87-thread-1] INFO  storage.RaftStorage (RaftStorage.java:format(84)) - Storage directory /workdir/hadoop-ozone/integration-test/target/test-dir/MiniOzoneClusterImpl-f0805996-b414-4d96-aefa-ea3288852db6/datanode-6/data/ratis/463d6cb1-c5cc-4ba0-afed-55ca4a6792a0 has been successfully formatted.
2019-10-23 12:13:16,603 [pool-117-thread-1] INFO  storage.RaftStorage (RaftStorage.java:format(84)) - Storage directory /workdir/hadoop-ozone/integration-test/target/test-dir/MiniOzoneClusterImpl-f0805996-b414-4d96-aefa-ea3288852db6/datanode-9/data/ratis/463d6cb1-c5cc-4ba0-afed-55ca4a6792a0 has been successfully formatted.
2019-10-23 12:13:16,604 [pool-57-thread-1] INFO  ratis.ContainerStateMachine (ContainerStateMachine.java:loadSnapshot(231)) - group-55CA4A6792A0: The snapshot info is null. Setting the last applied indexto:(t:0, i:~)
2019-10-23 12:13:16,604 [pool-87-thread-1] INFO  ratis.ContainerStateMachine (ContainerStateMachine.java:loadSnapshot(231)) - group-55CA4A6792A0: The snapshot info is null. Setting the last applied indexto:(t:0, i:~)
2019-10-23 12:13:16,604 [pool-117-thread-1] INFO  ratis.ContainerStateMachine (ContainerStateMachine.java:loadSnapshot(231)) - group-55CA4A6792A0: The snapshot info is null. Setting the last applied indexto:(t:0, i:~)
2019-10-23 12:13:16,604 [pool-87-thread-1] INFO  server.RaftServerConfigKeys (ConfUtils.java:logGet(43)) - raft.server.notification.no-leader.timeout = 120s (custom)
2019-10-23 12:13:16,604 [pool-57-thread-1] INFO  server.RaftServerConfigKeys (ConfUtils.java:logGet(43)) - raft.server.notification.no-leader.timeout = 120s (custom)
2019-10-23 12:13:16,604 [pool-87-thread-1] INFO  server.RaftServerConfigKeys (ConfUtils.java:logGet(43)) - raft.server.log.use.memory = false (default)
2019-10-23 12:13:16,604 [pool-117-thread-1] INFO  server.RaftServerConfigKeys (ConfUtils.java:logGet(43)) - raft.server.notification.no-leader.timeout = 120s (custom)
2019-10-23 12:13:16,604 [pool-87-thread-1] INFO  server.RaftServerConfigKeys (ConfUtils.java:logGet(43)) - raft.server.log.purge.gap = 1000000 (custom)
2019-10-23 12:13:16,604 [pool-57-thread-1] INFO  server.RaftServerConfigKeys (ConfUtils.java:logGet(43)) - raft.server.log.use.memory = false (default)
2019-10-23 12:13:16,605 [pool-87-thread-1] INFO  server.RaftServerConfigKeys (ConfUtils.java:logGet(43)) - raft.server.log.appender.buffer.byte-limit = 33554432 (custom)
2019-10-23 12:13:16,604 [pool-117-thread-1] INFO  server.RaftServerConfigKeys (ConfUtils.java:logGet(43)) - raft.server.log.use.memory = false (default)
2019-10-23 12:13:16,605 [pool-87-thread-1] INFO  server.RaftServerConfigKeys (ConfUtils.java:logGet(43)) - raft.server.log.segment.size.max = 1048576 (custom)
2019-10-23 12:13:16,605 [pool-57-thread-1] INFO  server.RaftServerConfigKeys (ConfUtils.java:logGet(43)) - raft.server.log.purge.gap = 1000000 (custom)
2019-10-23 12:13:16,605 [pool-87-thread-1] INFO  server.RaftServerConfigKeys (ConfUtils.java:logGet(43)) - raft.server.log.segment.cache.num.max = 2 (custom)
2019-10-23 12:13:16,605 [pool-57-thread-1] INFO  server.RaftServerConfigKeys (ConfUtils.java:logGet(43)) - raft.server.log.appender.buffer.byte-limit = 33554432 (custom)
2019-10-23 12:13:16,605 [pool-117-thread-1] INFO  server.RaftServerConfigKeys (ConfUtils.java:logGet(43)) - raft.server.log.purge.gap = 1000000 (custom)
2019-10-23 12:13:16,605 [pool-57-thread-1] INFO  server.RaftServerConfigKeys (ConfUtils.java:logGet(43)) - raft.server.log.segment.size.max = 1048576 (custom)
2019-10-23 12:13:16,605 [pool-87-thread-1] INFO  segmented.SegmentedRaftLogWorker (SegmentedRaftLogWorker.java:<init>(173)) - new 736d60a2-feff-478b-9de2-63399c9845c9@group-55CA4A6792A0-SegmentedRaftLogWorker for RaftStorage:Storage Directory /workdir/hadoop-ozone/integration-test/target/test-dir/MiniOzoneClusterImpl-f0805996-b414-4d96-aefa-ea3288852db6/datanode-6/data/ratis/463d6cb1-c5cc-4ba0-afed-55ca4a6792a0
2019-10-23 12:13:16,605 [pool-57-thread-1] INFO  server.RaftServerConfigKeys (ConfUtils.java:logGet(43)) - raft.server.log.segment.cache.num.max = 2 (custom)
2019-10-23 12:13:16,605 [pool-117-thread-1] INFO  server.RaftServerConfigKeys (ConfUtils.java:logGet(43)) - raft.server.log.appender.buffer.byte-limit = 33554432 (custom)
2019-10-23 12:13:16,606 [pool-57-thread-1] INFO  segmented.SegmentedRaftLogWorker (SegmentedRaftLogWorker.java:<init>(173)) - new d21719ef-fad3-4f0e-b494-842eeedea460@group-55CA4A6792A0-SegmentedRaftLogWorker for RaftStorage:Storage Directory /workdir/hadoop-ozone/integration-test/target/test-dir/MiniOzoneClusterImpl-f0805996-b414-4d96-aefa-ea3288852db6/datanode-3/data/ratis/463d6cb1-c5cc-4ba0-afed-55ca4a6792a0
2019-10-23 12:13:16,606 [pool-87-thread-1] INFO  server.RaftServerConfigKeys (ConfUtils.java:logGet(43)) - raft.server.log.queue.byte-limit = 2147483647 (custom)
2019-10-23 12:13:16,606 [pool-57-thread-1] INFO  server.RaftServerConfigKeys (ConfUtils.java:logGet(43)) - raft.server.log.queue.byte-limit = 2147483647 (custom)
2019-10-23 12:13:16,606 [pool-117-thread-1] INFO  server.RaftServerConfigKeys (ConfUtils.java:logGet(43)) - raft.server.log.segment.size.max = 1048576 (custom)
2019-10-23 12:13:16,606 [pool-57-thread-1] INFO  server.RaftServerConfigKeys (ConfUtils.java:logGet(43)) - raft.server.log.queue.element-limit = 1024 (custom)
2019-10-23 12:13:16,606 [pool-87-thread-1] INFO  server.RaftServerConfigKeys (ConfUtils.java:logGet(43)) - raft.server.log.queue.element-limit = 1024 (custom)
2019-10-23 12:13:16,606 [pool-57-thread-1] INFO  server.RaftServerConfigKeys (ConfUtils.java:logGet(43)) - raft.server.log.segment.size.max = 1048576 (custom)
2019-10-23 12:13:16,606 [pool-57-thread-1] INFO  server.RaftServerConfigKeys (ConfUtils.java:logGet(43)) - raft.server.log.preallocated.size = 16384 (custom)
2019-10-23 12:13:16,606 [pool-117-thread-1] INFO  server.RaftServerConfigKeys (ConfUtils.java:logGet(43)) - raft.server.log.segment.cache.num.max = 2 (custom)
2019-10-23 12:13:16,607 [pool-57-thread-1] INFO  server.RaftServerConfigKeys (ConfUtils.java:logGet(43)) - raft.server.log.write.buffer.size = 33554432 (custom)
2019-10-23 12:13:16,606 [pool-87-thread-1] INFO  server.RaftServerConfigKeys (ConfUtils.java:logGet(43)) - raft.server.log.segment.size.max = 1048576 (custom)
2019-10-23 12:13:16,607 [pool-57-thread-1] INFO  server.RaftServerConfigKeys (ConfUtils.java:logGet(43)) - raft.server.log.force.sync.num = 128 (default)
2019-10-23 12:13:16,607 [pool-117-thread-1] INFO  segmented.SegmentedRaftLogWorker (SegmentedRaftLogWorker.java:<init>(173)) - new 4949cace-0585-430c-97a7-3db1e354cdac@group-55CA4A6792A0-SegmentedRaftLogWorker for RaftStorage:Storage Directory /workdir/hadoop-ozone/integration-test/target/test-dir/MiniOzoneClusterImpl-f0805996-b414-4d96-aefa-ea3288852db6/datanode-9/data/ratis/463d6cb1-c5cc-4ba0-afed-55ca4a6792a0
2019-10-23 12:13:16,607 [pool-57-thread-1] INFO  server.RaftServerConfigKeys (ConfUtils.java:logGet(43)) - raft.server.log.statemachine.data.sync = true (default)
2019-10-23 12:13:16,607 [pool-87-thread-1] INFO  server.RaftServerConfigKeys (ConfUtils.java:logGet(43)) - raft.server.log.preallocated.size = 16384 (custom)
2019-10-23 12:13:16,607 [pool-57-thread-1] INFO  server.RaftServerConfigKeys (ConfUtils.java:logGet(43)) - raft.server.log.statemachine.data.sync.timeout = 10s (default)
2019-10-23 12:13:16,607 [pool-117-thread-1] INFO  server.RaftServerConfigKeys (ConfUtils.java:logGet(43)) - raft.server.log.queue.byte-limit = 2147483647 (custom)
2019-10-23 12:13:16,607 [pool-57-thread-1] INFO  server.RaftServerConfigKeys (ConfUtils.java:logGet(43)) - raft.server.log.statemachine.data.sync.timeout.retry = -1 (default)
2019-10-23 12:13:16,607 [pool-87-thread-1] INFO  server.RaftServerConfigKeys (ConfUtils.java:logGet(43)) - raft.server.log.write.buffer.size = 33554432 (custom)
2019-10-23 12:13:16,608 [pool-57-thread-1] INFO  server.RaftServerConfigKeys (ConfUtils.java:logGet(43)) - raft.server.log.statemachine.data.caching.enabled = true (custom)
2019-10-23 12:13:16,607 [pool-117-thread-1] INFO  server.RaftServerConfigKeys (ConfUtils.java:logGet(43)) - raft.server.log.queue.element-limit = 1024 (custom)
2019-10-23 12:13:16,608 [pool-87-thread-1] INFO  server.RaftServerConfigKeys (ConfUtils.java:logGet(43)) - raft.server.log.force.sync.num = 128 (default)
2019-10-23 12:13:16,608 [pool-57-thread-1] INFO  segmented.SegmentedRaftLogWorker (SegmentedRaftLogWorker.java:lambda$new$0(128)) - d21719ef-fad3-4f0e-b494-842eeedea460@group-55CA4A6792A0-SegmentedRaftLogWorker: flushIndex: setUnconditionally 0 -> -1
2019-10-23 12:13:16,608 [pool-117-thread-1] INFO  server.RaftServerConfigKeys (ConfUtils.java:logGet(43)) - raft.server.log.segment.size.max = 1048576 (custom)
2019-10-23 12:13:16,608 [pool-87-thread-1] INFO  server.RaftServerConfigKeys (ConfUtils.java:logGet(43)) - raft.server.log.statemachine.data.sync = true (default)
2019-10-23 12:13:16,608 [pool-57-thread-1] INFO  server.RaftServerConfigKeys (ConfUtils.java:logGet(43)) - raft.server.snapshot.auto.trigger.enabled = true (custom)
2019-10-23 12:13:16,608 [pool-117-thread-1] INFO  server.RaftServerConfigKeys (ConfUtils.java:logGet(43)) - raft.server.log.preallocated.size = 16384 (custom)
2019-10-23 12:13:16,608 [pool-57-thread-1] INFO  server.RaftServerConfigKeys (ConfUtils.java:logGet(43)) - raft.server.snapshot.auto.trigger.threshold = 10000 (custom)
2019-10-23 12:13:16,608 [pool-87-thread-1] INFO  server.RaftServerConfigKeys (ConfUtils.java:logGet(43)) - raft.server.log.statemachine.data.sync.timeout = 10s (default)
2019-10-23 12:13:16,609 [pool-57-thread-1] INFO  server.RaftServerConfigKeys (ConfUtils.java:logGet(43)) - raft.server.snapshot.retention.file.num = 5 (custom)
2019-10-23 12:13:16,608 [pool-117-thread-1] INFO  server.RaftServerConfigKeys (ConfUtils.java:logGet(43)) - raft.server.log.write.buffer.size = 33554432 (custom)
2019-10-23 12:13:16,609 [pool-57-thread-1] INFO  server.RaftServerConfigKeys (ConfUtils.java:logGet(43)) - raft.server.retrycache.expirytime = 600000ms (custom)
2019-10-23 12:13:16,609 [pool-87-thread-1] INFO  server.RaftServerConfigKeys (ConfUtils.java:logGet(43)) - raft.server.log.statemachine.data.sync.timeout.retry = -1 (default)
2019-10-23 12:13:16,609 [pool-117-thread-1] INFO  server.RaftServerConfigKeys (ConfUtils.java:logGet(43)) - raft.server.log.force.sync.num = 128 (default)
2019-10-23 12:13:16,609 [pool-117-thread-1] INFO  server.RaftServerConfigKeys (ConfUtils.java:logGet(43)) - raft.server.log.statemachine.data.sync = true (default)
2019-10-23 12:13:16,609 [pool-87-thread-1] INFO  server.RaftServerConfigKeys (ConfUtils.java:logGet(43)) - raft.server.log.statemachine.data.caching.enabled = true (custom)
2019-10-23 12:13:16,609 [pool-117-thread-1] INFO  server.RaftServerConfigKeys (ConfUtils.java:logGet(43)) - raft.server.log.statemachine.data.sync.timeout = 10s (default)
2019-10-23 12:13:16,610 [pool-117-thread-1] INFO  server.RaftServerConfigKeys (ConfUtils.java:logGet(43)) - raft.server.log.statemachine.data.sync.timeout.retry = -1 (default)
2019-10-23 12:13:16,610 [pool-87-thread-1] INFO  segmented.SegmentedRaftLogWorker (SegmentedRaftLogWorker.java:lambda$new$0(128)) - 736d60a2-feff-478b-9de2-63399c9845c9@group-55CA4A6792A0-SegmentedRaftLogWorker: flushIndex: setUnconditionally 0 -> -1
2019-10-23 12:13:16,610 [pool-117-thread-1] INFO  server.RaftServerConfigKeys (ConfUtils.java:logGet(43)) - raft.server.log.statemachine.data.caching.enabled = true (custom)
2019-10-23 12:13:16,610 [pool-87-thread-1] INFO  server.RaftServerConfigKeys (ConfUtils.java:logGet(43)) - raft.server.snapshot.auto.trigger.enabled = true (custom)
2019-10-23 12:13:16,610 [pool-117-thread-1] INFO  segmented.SegmentedRaftLogWorker (SegmentedRaftLogWorker.java:lambda$new$0(128)) - 4949cace-0585-430c-97a7-3db1e354cdac@group-55CA4A6792A0-SegmentedRaftLogWorker: flushIndex: setUnconditionally 0 -> -1
2019-10-23 12:13:16,610 [pool-87-thread-1] INFO  server.RaftServerConfigKeys (ConfUtils.java:logGet(43)) - raft.server.snapshot.auto.trigger.threshold = 10000 (custom)
2019-10-23 12:13:16,610 [pool-87-thread-1] INFO  server.RaftServerConfigKeys (ConfUtils.java:logGet(43)) - raft.server.snapshot.retention.file.num = 5 (custom)
2019-10-23 12:13:16,611 [pool-117-thread-1] INFO  server.RaftServerConfigKeys (ConfUtils.java:logGet(43)) - raft.server.snapshot.auto.trigger.enabled = true (custom)
2019-10-23 12:13:16,611 [pool-87-thread-1] INFO  server.RaftServerConfigKeys (ConfUtils.java:logGet(43)) - raft.server.retrycache.expirytime = 600000ms (custom)
2019-10-23 12:13:16,611 [pool-117-thread-1] INFO  server.RaftServerConfigKeys (ConfUtils.java:logGet(43)) - raft.server.snapshot.auto.trigger.threshold = 10000 (custom)
2019-10-23 12:13:16,611 [pool-57-thread-1] INFO  impl.RaftServerImpl (RaftServerImpl.java:start(195)) - d21719ef-fad3-4f0e-b494-842eeedea460@group-55CA4A6792A0: start as a follower, conf=-1: [736d60a2-feff-478b-9de2-63399c9845c9:192.168.69.118:36235, d21719ef-fad3-4f0e-b494-842eeedea460:192.168.69.118:45836, 4949cace-0585-430c-97a7-3db1e354cdac:192.168.69.118:33911], old=null
2019-10-23 12:13:16,611 [pool-117-thread-1] INFO  server.RaftServerConfigKeys (ConfUtils.java:logGet(43)) - raft.server.snapshot.retention.file.num = 5 (custom)
2019-10-23 12:13:16,611 [pool-57-thread-1] INFO  impl.RaftServerImpl (RaftServerImpl.java:setRole(184)) - d21719ef-fad3-4f0e-b494-842eeedea460@group-55CA4A6792A0: changes role from      null to FOLLOWER at term 0 for startAsFollower
2019-10-23 12:13:16,611 [pool-117-thread-1] INFO  server.RaftServerConfigKeys (ConfUtils.java:logGet(43)) - raft.server.retrycache.expirytime = 600000ms (custom)
2019-10-23 12:13:16,611 [pool-57-thread-1] INFO  impl.RoleInfo (RoleInfo.java:updateAndGet(143)) - d21719ef-fad3-4f0e-b494-842eeedea460: start FollowerState
2019-10-23 12:13:16,612 [pool-57-thread-1] INFO  util.JmxRegister (JmxRegister.java:tryRegister(44)) - Successfully registered JMX Bean with object name Ratis:service=RaftServer,group=group-55CA4A6792A0,id=d21719ef-fad3-4f0e-b494-842eeedea460
2019-10-23 12:13:16,615 [pool-87-thread-1] INFO  impl.RaftServerImpl (RaftServerImpl.java:start(195)) - 736d60a2-feff-478b-9de2-63399c9845c9@group-55CA4A6792A0: start as a follower, conf=-1: [736d60a2-feff-478b-9de2-63399c9845c9:192.168.69.118:36235, d21719ef-fad3-4f0e-b494-842eeedea460:192.168.69.118:45836, 4949cace-0585-430c-97a7-3db1e354cdac:192.168.69.118:33911], old=null
2019-10-23 12:13:16,616 [pool-87-thread-1] INFO  impl.RaftServerImpl (RaftServerImpl.java:setRole(184)) - 736d60a2-feff-478b-9de2-63399c9845c9@group-55CA4A6792A0: changes role from      null to FOLLOWER at term 0 for startAsFollower
2019-10-23 12:13:16,616 [pool-117-thread-1] INFO  impl.RaftServerImpl (RaftServerImpl.java:start(195)) - 4949cace-0585-430c-97a7-3db1e354cdac@group-55CA4A6792A0: start as a follower, conf=-1: [736d60a2-feff-478b-9de2-63399c9845c9:192.168.69.118:36235, d21719ef-fad3-4f0e-b494-842eeedea460:192.168.69.118:45836, 4949cace-0585-430c-97a7-3db1e354cdac:192.168.69.118:33911], old=null
2019-10-23 12:13:16,616 [pool-87-thread-1] INFO  impl.RoleInfo (RoleInfo.java:updateAndGet(143)) - 736d60a2-feff-478b-9de2-63399c9845c9: start FollowerState
2019-10-23 12:13:16,616 [pool-117-thread-1] INFO  impl.RaftServerImpl (RaftServerImpl.java:setRole(184)) - 4949cace-0585-430c-97a7-3db1e354cdac@group-55CA4A6792A0: changes role from      null to FOLLOWER at term 0 for startAsFollower
2019-10-23 12:13:16,616 [pool-117-thread-1] INFO  impl.RoleInfo (RoleInfo.java:updateAndGet(143)) - 4949cace-0585-430c-97a7-3db1e354cdac: start FollowerState
2019-10-23 12:13:16,616 [pool-87-thread-1] INFO  util.JmxRegister (JmxRegister.java:tryRegister(44)) - Successfully registered JMX Bean with object name Ratis:service=RaftServer,group=group-55CA4A6792A0,id=736d60a2-feff-478b-9de2-63399c9845c9
2019-10-23 12:13:16,616 [pool-117-thread-1] INFO  util.JmxRegister (JmxRegister.java:tryRegister(44)) - Successfully registered JMX Bean with object name Ratis:service=RaftServer,group=group-55CA4A6792A0,id=4949cace-0585-430c-97a7-3db1e354cdac
2019-10-23 12:13:16,624 [Thread-338] INFO  impl.FollowerState (FollowerState.java:run(108)) - 4949cace-0585-430c-97a7-3db1e354cdac@group-55CA4A6792A0-FollowerState: change to CANDIDATE, lastRpcTime:8ms, electionTimeout:7ms
2019-10-23 12:13:16,625 [Thread-338] INFO  impl.RoleInfo (RoleInfo.java:shutdownFollowerState(121)) - 4949cace-0585-430c-97a7-3db1e354cdac: shutdown FollowerState
2019-10-23 12:13:16,625 [Thread-338] INFO  impl.RaftServerImpl (RaftServerImpl.java:setRole(184)) - 4949cace-0585-430c-97a7-3db1e354cdac@group-55CA4A6792A0: changes role from  FOLLOWER to CANDIDATE at term 0 for changeToCandidate
2019-10-23 12:13:16,627 [Thread-338] INFO  impl.RoleInfo (RoleInfo.java:updateAndGet(143)) - 4949cace-0585-430c-97a7-3db1e354cdac: start LeaderElection
2019-10-23 12:13:16,648 [4949cace-0585-430c-97a7-3db1e354cdac@group-55CA4A6792A0-LeaderElection10] INFO  impl.LeaderElection (LeaderElection.java:askForVotes(178)) - 4949cace-0585-430c-97a7-3db1e354cdac@group-55CA4A6792A0-LeaderElection10: begin an election at term 1 for -1: [736d60a2-feff-478b-9de2-63399c9845c9:192.168.69.118:36235, d21719ef-fad3-4f0e-b494-842eeedea460:192.168.69.118:45836, 4949cace-0585-430c-97a7-3db1e354cdac:192.168.69.118:33911], old=null
2019-10-23 12:13:16,659 [Thread-330] INFO  impl.FollowerState (FollowerState.java:run(108)) - b95be875-0b26-40f0-bf55-f911878fa74d@group-BD3C9ACB36CB-FollowerState: change to CANDIDATE, lastRpcTime:143ms, electionTimeout:142ms
2019-10-23 12:13:16,659 [Thread-330] INFO  impl.RoleInfo (RoleInfo.java:shutdownFollowerState(121)) - b95be875-0b26-40f0-bf55-f911878fa74d: shutdown FollowerState
2019-10-23 12:13:16,659 [Thread-330] INFO  impl.RaftServerImpl (RaftServerImpl.java:setRole(184)) - b95be875-0b26-40f0-bf55-f911878fa74d@group-BD3C9ACB36CB: changes role from  FOLLOWER to CANDIDATE at term 0 for changeToCandidate
2019-10-23 12:13:16,659 [Thread-330] INFO  impl.RoleInfo (RoleInfo.java:updateAndGet(143)) - b95be875-0b26-40f0-bf55-f911878fa74d: start LeaderElection
2019-10-23 12:13:16,673 [grpc-default-executor-0] INFO  impl.RaftServerImpl (RaftServerImpl.java:setRole(184)) - 736d60a2-feff-478b-9de2-63399c9845c9@group-55CA4A6792A0: changes role from  FOLLOWER to FOLLOWER at term 1 for recognizeCandidate:4949cace-0585-430c-97a7-3db1e354cdac
2019-10-23 12:13:16,673 [grpc-default-executor-0] INFO  impl.RoleInfo (RoleInfo.java:shutdownFollowerState(121)) - 736d60a2-feff-478b-9de2-63399c9845c9: shutdown FollowerState
2019-10-23 12:13:16,673 [grpc-default-executor-0] INFO  impl.RoleInfo (RoleInfo.java:updateAndGet(143)) - 736d60a2-feff-478b-9de2-63399c9845c9: start FollowerState
2019-10-23 12:13:16,673 [Thread-336] INFO  impl.FollowerState (FollowerState.java:run(117)) - 736d60a2-feff-478b-9de2-63399c9845c9@group-55CA4A6792A0-FollowerState was interrupted: java.lang.InterruptedException: sleep interrupted
2019-10-23 12:13:16,675 [RatisPipelineUtilsThread] INFO  pipeline.PipelineStateManager (PipelineStateManager.java:addPipeline(56)) - Created pipeline Pipeline[ Id: 463d6cb1-c5cc-4ba0-afed-55ca4a6792a0, Nodes: 4949cace-0585-430c-97a7-3db1e354cdac{ip: 192.168.69.118, host: pr-hdds1643-t2fz7-3136866267, networkLocation: /default-rack, certSerialId: null}d21719ef-fad3-4f0e-b494-842eeedea460{ip: 192.168.69.118, host: pr-hdds1643-t2fz7-3136866267, networkLocation: /default-rack, certSerialId: null}736d60a2-feff-478b-9de2-63399c9845c9{ip: 192.168.69.118, host: pr-hdds1643-t2fz7-3136866267, networkLocation: /default-rack, certSerialId: null}, Type:RATIS, Factor:THREE, State:OPEN]
2019-10-23 12:13:16,679 [grpc-default-executor-2] INFO  impl.RaftServerImpl (RaftServerImpl.java:setRole(184)) - d21719ef-fad3-4f0e-b494-842eeedea460@group-55CA4A6792A0: changes role from  FOLLOWER to FOLLOWER at term 1 for recognizeCandidate:4949cace-0585-430c-97a7-3db1e354cdac
2019-10-23 12:13:16,684 [grpc-default-executor-2] INFO  impl.RoleInfo (RoleInfo.java:shutdownFollowerState(121)) - d21719ef-fad3-4f0e-b494-842eeedea460: shutdown FollowerState
2019-10-23 12:13:16,685 [grpc-default-executor-2] INFO  impl.RoleInfo (RoleInfo.java:updateAndGet(143)) - d21719ef-fad3-4f0e-b494-842eeedea460: start FollowerState
2019-10-23 12:13:16,694 [grpc-default-executor-3] INFO  impl.RaftServerProxy (RaftServerProxy.java:addNew(89)) - ad4d83c7-0f96-47bc-a4e8-7e5d9f844896: addNew group-24C785E9A0FC:[3b749b59-de2a-419b-9a26-261692f5c83c:192.168.69.118:39205, ad4d83c7-0f96-47bc-a4e8-7e5d9f844896:192.168.69.118:41688, 02863277-f564-4bc6-8337-fb22627f6f1a:192.168.69.118:36850] returns group-24C785E9A0FC:java.util.concurrent.CompletableFuture@11605e8d[Not completed]
2019-10-23 12:13:16,694 [grpc-default-executor-4] INFO  impl.RaftServerProxy (RaftServerProxy.java:addNew(89)) - 3b749b59-de2a-419b-9a26-261692f5c83c: addNew group-24C785E9A0FC:[3b749b59-de2a-419b-9a26-261692f5c83c:192.168.69.118:39205, ad4d83c7-0f96-47bc-a4e8-7e5d9f844896:192.168.69.118:41688, 02863277-f564-4bc6-8337-fb22627f6f1a:192.168.69.118:36850] returns group-24C785E9A0FC:java.util.concurrent.CompletableFuture@74b5db78[Not completed]
2019-10-23 12:13:16,695 [grpc-default-executor-1] INFO  impl.RaftServerProxy (RaftServerProxy.java:addNew(89)) - 02863277-f564-4bc6-8337-fb22627f6f1a: addNew group-24C785E9A0FC:[3b749b59-de2a-419b-9a26-261692f5c83c:192.168.69.118:39205, ad4d83c7-0f96-47bc-a4e8-7e5d9f844896:192.168.69.118:41688, 02863277-f564-4bc6-8337-fb22627f6f1a:192.168.69.118:36850] returns group-24C785E9A0FC:java.util.concurrent.CompletableFuture@7a1f59ec[Not completed]
2019-10-23 12:13:16,697 [pool-27-thread-1] INFO  impl.RaftServerImpl (RaftServerImpl.java:<init>(104)) - ad4d83c7-0f96-47bc-a4e8-7e5d9f844896: new RaftServerImpl for group-24C785E9A0FC:[3b749b59-de2a-419b-9a26-261692f5c83c:192.168.69.118:39205, ad4d83c7-0f96-47bc-a4e8-7e5d9f844896:192.168.69.118:41688, 02863277-f564-4bc6-8337-fb22627f6f1a:192.168.69.118:36850] with ContainerStateMachine:uninitialized
2019-10-23 12:13:16,697 [pool-27-thread-1] INFO  server.RaftServerConfigKeys (ConfUtils.java:logGet(43)) - raft.server.rpc.timeout.min = 1s (custom)
2019-10-23 12:13:16,697 [pool-27-thread-1] INFO  server.RaftServerConfigKeys (ConfUtils.java:logGet(43)) - raft.server.rpc.timeout.max = 1200ms (custom)
2019-10-23 12:13:16,697 [pool-27-thread-1] INFO  server.RaftServerConfigKeys (ConfUtils.java:logGet(43)) - raft.server.rpcslowness.timeout = 120s (custom)
2019-10-23 12:13:16,698 [pool-27-thread-1] INFO  server.RaftServerConfigKeys (ConfUtils.java:logGet(43)) - raft.server.sleep.deviation.threshold = 300 (default)
2019-10-23 12:13:16,698 [pool-27-thread-1] INFO  server.RaftServerConfigKeys (ConfUtils.java:logGet(43)) - raft.server.log.appender.install.snapshot.enabled = false (custom)
2019-10-23 12:13:16,698 [pool-47-thread-1] INFO  impl.RaftServerImpl (RaftServerImpl.java:<init>(104)) - 3b749b59-de2a-419b-9a26-261692f5c83c: new RaftServerImpl for group-24C785E9A0FC:[3b749b59-de2a-419b-9a26-261692f5c83c:192.168.69.118:39205, ad4d83c7-0f96-47bc-a4e8-7e5d9f844896:192.168.69.118:41688, 02863277-f564-4bc6-8337-fb22627f6f1a:192.168.69.118:36850] with ContainerStateMachine:uninitialized
2019-10-23 12:13:16,698 [pool-27-thread-1] INFO  impl.RaftServerImpl (ServerState.java:<init>(103)) - ad4d83c7-0f96-47bc-a4e8-7e5d9f844896@group-24C785E9A0FC: ConfigurationManager, init=-1: [3b749b59-de2a-419b-9a26-261692f5c83c:192.168.69.118:39205, ad4d83c7-0f96-47bc-a4e8-7e5d9f844896:192.168.69.118:41688, 02863277-f564-4bc6-8337-fb22627f6f1a:192.168.69.118:36850], old=null, confs=<EMPTY_MAP>
2019-10-23 12:13:16,698 [pool-47-thread-1] INFO  server.RaftServerConfigKeys (ConfUtils.java:logGet(43)) - raft.server.rpc.timeout.min = 1s (custom)
2019-10-23 12:13:16,698 [pool-27-thread-1] INFO  server.RaftServerConfigKeys (ConfUtils.java:logGet(43)) - raft.server.storage.dir = [/workdir/hadoop-ozone/integration-test/target/test-dir/MiniOzoneClusterImpl-f0805996-b414-4d96-aefa-ea3288852db6/datanode-0/data/ratis] (custom)
2019-10-23 12:13:16,698 [pool-47-thread-1] INFO  server.RaftServerConfigKeys (ConfUtils.java:logGet(43)) - raft.server.rpc.timeout.max = 1200ms (custom)
2019-10-23 12:13:16,698 [pool-47-thread-1] INFO  server.RaftServerConfigKeys (ConfUtils.java:logGet(43)) - raft.server.rpcslowness.timeout = 120s (custom)
2019-10-23 12:13:16,698 [pool-27-thread-1] INFO  server.RaftServerConfigKeys (ConfUtils.java:logGet(43)) - raft.server.log.corruption.policy = EXCEPTION (default)
2019-10-23 12:13:16,698 [pool-37-thread-1] INFO  impl.RaftServerImpl (RaftServerImpl.java:<init>(104)) - 02863277-f564-4bc6-8337-fb22627f6f1a: new RaftServerImpl for group-24C785E9A0FC:[3b749b59-de2a-419b-9a26-261692f5c83c:192.168.69.118:39205, ad4d83c7-0f96-47bc-a4e8-7e5d9f844896:192.168.69.118:41688, 02863277-f564-4bc6-8337-fb22627f6f1a:192.168.69.118:36850] with ContainerStateMachine:uninitialized
2019-10-23 12:13:16,698 [pool-47-thread-1] INFO  server.RaftServerConfigKeys (ConfUtils.java:logGet(43)) - raft.server.sleep.deviation.threshold = 300 (default)
2019-10-23 12:13:16,699 [pool-37-thread-1] INFO  server.RaftServerConfigKeys (ConfUtils.java:logGet(43)) - raft.server.rpc.timeout.min = 1s (custom)
2019-10-23 12:13:16,698 [pool-27-thread-1] INFO  storage.RaftStorageDirectory (RaftStorageDirectory.java:analyzeStorage(246)) - The storage directory /workdir/hadoop-ozone/integration-test/target/test-dir/MiniOzoneClusterImpl-f0805996-b414-4d96-aefa-ea3288852db6/datanode-0/data/ratis/cb4ec3de-4b82-45da-a5a1-24c785e9a0fc does not exist. Creating ...
2019-10-23 12:13:16,699 [pool-37-thread-1] INFO  server.RaftServerConfigKeys (ConfUtils.java:logGet(43)) - raft.server.rpc.timeout.max = 1200ms (custom)
2019-10-23 12:13:16,699 [pool-47-thread-1] INFO  server.RaftServerConfigKeys (ConfUtils.java:logGet(43)) - raft.server.log.appender.install.snapshot.enabled = false (custom)
2019-10-23 12:13:16,699 [pool-37-thread-1] INFO  server.RaftServerConfigKeys (ConfUtils.java:logGet(43)) - raft.server.rpcslowness.timeout = 120s (custom)
2019-10-23 12:13:16,699 [pool-47-thread-1] INFO  impl.RaftServerImpl (ServerState.java:<init>(103)) - 3b749b59-de2a-419b-9a26-261692f5c83c@group-24C785E9A0FC: ConfigurationManager, init=-1: [3b749b59-de2a-419b-9a26-261692f5c83c:192.168.69.118:39205, ad4d83c7-0f96-47bc-a4e8-7e5d9f844896:192.168.69.118:41688, 02863277-f564-4bc6-8337-fb22627f6f1a:192.168.69.118:36850], old=null, confs=<EMPTY_MAP>
2019-10-23 12:13:16,699 [pool-37-thread-1] INFO  server.RaftServerConfigKeys (ConfUtils.java:logGet(43)) - raft.server.sleep.deviation.threshold = 300 (default)
2019-10-23 12:13:16,699 [pool-37-thread-1] INFO  server.RaftServerConfigKeys (ConfUtils.java:logGet(43)) - raft.server.log.appender.install.snapshot.enabled = false (custom)
2019-10-23 12:13:16,699 [pool-47-thread-1] INFO  server.RaftServerConfigKeys (ConfUtils.java:logGet(43)) - raft.server.storage.dir = [/workdir/hadoop-ozone/integration-test/target/test-dir/MiniOzoneClusterImpl-f0805996-b414-4d96-aefa-ea3288852db6/datanode-2/data/ratis] (custom)
2019-10-23 12:13:16,699 [pool-37-thread-1] INFO  impl.RaftServerImpl (ServerState.java:<init>(103)) - 02863277-f564-4bc6-8337-fb22627f6f1a@group-24C785E9A0FC: ConfigurationManager, init=-1: [3b749b59-de2a-419b-9a26-261692f5c83c:192.168.69.118:39205, ad4d83c7-0f96-47bc-a4e8-7e5d9f844896:192.168.69.118:41688, 02863277-f564-4bc6-8337-fb22627f6f1a:192.168.69.118:36850], old=null, confs=<EMPTY_MAP>
2019-10-23 12:13:16,699 [pool-37-thread-1] INFO  server.RaftServerConfigKeys (ConfUtils.java:logGet(43)) - raft.server.storage.dir = [/workdir/hadoop-ozone/integration-test/target/test-dir/MiniOzoneClusterImpl-f0805996-b414-4d96-aefa-ea3288852db6/datanode-1/data/ratis] (custom)
2019-10-23 12:13:16,699 [pool-47-thread-1] INFO  server.RaftServerConfigKeys (ConfUtils.java:logGet(43)) - raft.server.log.corruption.policy = EXCEPTION (default)
2019-10-23 12:13:16,700 [pool-37-thread-1] INFO  server.RaftServerConfigKeys (ConfUtils.java:logGet(43)) - raft.server.log.corruption.policy = EXCEPTION (default)
2019-10-23 12:13:16,700 [pool-47-thread-1] INFO  storage.RaftStorageDirectory (RaftStorageDirectory.java:analyzeStorage(246)) - The storage directory /workdir/hadoop-ozone/integration-test/target/test-dir/MiniOzoneClusterImpl-f0805996-b414-4d96-aefa-ea3288852db6/datanode-2/data/ratis/cb4ec3de-4b82-45da-a5a1-24c785e9a0fc does not exist. Creating ...
2019-10-23 12:13:16,700 [pool-37-thread-1] INFO  storage.RaftStorageDirectory (RaftStorageDirectory.java:analyzeStorage(246)) - The storage directory /workdir/hadoop-ozone/integration-test/target/test-dir/MiniOzoneClusterImpl-f0805996-b414-4d96-aefa-ea3288852db6/datanode-1/data/ratis/cb4ec3de-4b82-45da-a5a1-24c785e9a0fc does not exist. Creating ...
2019-10-23 12:13:16,745 [4949cace-0585-430c-97a7-3db1e354cdac@group-55CA4A6792A0-LeaderElection10] INFO  impl.LeaderElection (LeaderElection.java:logAndReturn(56)) - 4949cace-0585-430c-97a7-3db1e354cdac@group-55CA4A6792A0-LeaderElection10: Election TIMEOUT; received 0 response(s) [] and 0 exception(s); 4949cace-0585-430c-97a7-3db1e354cdac@group-55CA4A6792A0:t1, leader=null, voted=4949cace-0585-430c-97a7-3db1e354cdac, raftlog=4949cace-0585-430c-97a7-3db1e354cdac@group-55CA4A6792A0-SegmentedRaftLog:OPENED:c-1,f-1,i0, conf=-1: [736d60a2-feff-478b-9de2-63399c9845c9:192.168.69.118:36235, d21719ef-fad3-4f0e-b494-842eeedea460:192.168.69.118:45836, 4949cace-0585-430c-97a7-3db1e354cdac:192.168.69.118:33911], old=null
2019-10-23 12:13:16,870 [pool-37-thread-1] INFO  storage.RaftStorageDirectory (RaftStorageDirectory.java:tryLock(328)) - Lock on /workdir/hadoop-ozone/integration-test/target/test-dir/MiniOzoneClusterImpl-f0805996-b414-4d96-aefa-ea3288852db6/datanode-1/data/ratis/cb4ec3de-4b82-45da-a5a1-24c785e9a0fc/in_use.lock acquired by nodename 17215@pr-hdds1643-t2fz7-3136866267
2019-10-23 12:13:16,870 [pool-47-thread-1] INFO  storage.RaftStorageDirectory (RaftStorageDirectory.java:tryLock(328)) - Lock on /workdir/hadoop-ozone/integration-test/target/test-dir/MiniOzoneClusterImpl-f0805996-b414-4d96-aefa-ea3288852db6/datanode-2/data/ratis/cb4ec3de-4b82-45da-a5a1-24c785e9a0fc/in_use.lock acquired by nodename 17215@pr-hdds1643-t2fz7-3136866267
2019-10-23 12:13:16,870 [pool-27-thread-1] INFO  storage.RaftStorageDirectory (RaftStorageDirectory.java:tryLock(328)) - Lock on /workdir/hadoop-ozone/integration-test/target/test-dir/MiniOzoneClusterImpl-f0805996-b414-4d96-aefa-ea3288852db6/datanode-0/data/ratis/cb4ec3de-4b82-45da-a5a1-24c785e9a0fc/in_use.lock acquired by nodename 17215@pr-hdds1643-t2fz7-3136866267
2019-10-23 12:13:16,870 [b95be875-0b26-40f0-bf55-f911878fa74d@group-BD3C9ACB36CB-LeaderElection11] INFO  impl.LeaderElection (LeaderElection.java:askForVotes(178)) - b95be875-0b26-40f0-bf55-f911878fa74d@group-BD3C9ACB36CB-LeaderElection11: begin an election at term 1 for -1: [b95be875-0b26-40f0-bf55-f911878fa74d:192.168.69.118:38666], old=null
2019-10-23 12:13:16,874 [b95be875-0b26-40f0-bf55-f911878fa74d@group-BD3C9ACB36CB-LeaderElection11] INFO  impl.RoleInfo (RoleInfo.java:shutdownLeaderElection(134)) - b95be875-0b26-40f0-bf55-f911878fa74d: shutdown LeaderElection
2019-10-23 12:13:16,874 [b95be875-0b26-40f0-bf55-f911878fa74d@group-BD3C9ACB36CB-LeaderElection11] INFO  impl.RaftServerImpl (RaftServerImpl.java:setRole(184)) - b95be875-0b26-40f0-bf55-f911878fa74d@group-BD3C9ACB36CB: changes role from CANDIDATE to LEADER at term 1 for changeToLeader
2019-10-23 12:13:16,874 [b95be875-0b26-40f0-bf55-f911878fa74d@group-BD3C9ACB36CB-LeaderElection11] INFO  impl.RaftServerImpl (ServerState.java:setLeader(256)) - b95be875-0b26-40f0-bf55-f911878fa74d@group-BD3C9ACB36CB: change Leader from null to b95be875-0b26-40f0-bf55-f911878fa74d at term 1 for becomeLeader, leader elected after 421ms
2019-10-23 12:13:16,874 [b95be875-0b26-40f0-bf55-f911878fa74d@group-BD3C9ACB36CB-LeaderElection11] INFO  server.RaftServerConfigKeys (ConfUtils.java:logGet(43)) - raft.server.staging.catchup.gap = 1000 (default)
2019-10-23 12:13:16,875 [b95be875-0b26-40f0-bf55-f911878fa74d@group-BD3C9ACB36CB-LeaderElection11] INFO  server.RaftServerConfigKeys (ConfUtils.java:logGet(43)) - raft.server.rpc.sleep.time = 25ms (default)
2019-10-23 12:13:16,875 [Thread-345] INFO  impl.FollowerState (FollowerState.java:run(108)) - 736d60a2-feff-478b-9de2-63399c9845c9@group-55CA4A6792A0-FollowerState: change to CANDIDATE, lastRpcTime:201ms, electionTimeout:99ms
2019-10-23 12:13:16,875 [b95be875-0b26-40f0-bf55-f911878fa74d@group-BD3C9ACB36CB-LeaderElection11] INFO  server.RaftServerConfigKeys (ConfUtils.java:logGet(43)) - raft.server.write.element-limit = 4096 (default)
2019-10-23 12:13:16,875 [Thread-346] INFO  impl.FollowerState (FollowerState.java:run(108)) - d21719ef-fad3-4f0e-b494-842eeedea460@group-55CA4A6792A0-FollowerState: change to CANDIDATE, lastRpcTime:190ms, electionTimeout:128ms
2019-10-23 12:13:16,875 [b95be875-0b26-40f0-bf55-f911878fa74d@group-BD3C9ACB36CB-LeaderElection11] INFO  server.RaftServerConfigKeys (ConfUtils.java:logGet(43)) - raft.server.watch.timeout = 10s (default)
2019-10-23 12:13:16,875 [Thread-345] INFO  impl.RoleInfo (RoleInfo.java:shutdownFollowerState(121)) - 736d60a2-feff-478b-9de2-63399c9845c9: shutdown FollowerState
2019-10-23 12:13:16,876 [b95be875-0b26-40f0-bf55-f911878fa74d@group-BD3C9ACB36CB-LeaderElection11] INFO  server.RaftServerConfigKeys (ConfUtils.java:logGet(43)) - raft.server.watch.timeout.denomination = 1s (default)
2019-10-23 12:13:16,876 [Thread-346] INFO  impl.RoleInfo (RoleInfo.java:shutdownFollowerState(121)) - d21719ef-fad3-4f0e-b494-842eeedea460: shutdown FollowerState
2019-10-23 12:13:16,876 [b95be875-0b26-40f0-bf55-f911878fa74d@group-BD3C9ACB36CB-LeaderElection11] INFO  server.RaftServerConfigKeys (ConfUtils.java:logGet(43)) - raft.server.watch.element-limit = 65536 (default)
2019-10-23 12:13:16,876 [Thread-345] INFO  impl.RaftServerImpl (RaftServerImpl.java:setRole(184)) - 736d60a2-feff-478b-9de2-63399c9845c9@group-55CA4A6792A0: changes role from  FOLLOWER to CANDIDATE at term 1 for changeToCandidate
2019-10-23 12:13:16,883 [Thread-346] INFO  impl.RaftServerImpl (RaftServerImpl.java:setRole(184)) - d21719ef-fad3-4f0e-b494-842eeedea460@group-55CA4A6792A0: changes role from  FOLLOWER to CANDIDATE at term 1 for changeToCandidate
2019-10-23 12:13:16,883 [Thread-345] INFO  impl.RoleInfo (RoleInfo.java:updateAndGet(143)) - 736d60a2-feff-478b-9de2-63399c9845c9: start LeaderElection
2019-10-23 12:13:16,894 [Thread-346] INFO  impl.RoleInfo (RoleInfo.java:updateAndGet(143)) - d21719ef-fad3-4f0e-b494-842eeedea460: start LeaderElection
2019-10-23 12:13:16,898 [Thread-335] INFO  impl.FollowerState (FollowerState.java:run(108)) - d21719ef-fad3-4f0e-b494-842eeedea460@group-55CA4A6792A0-FollowerState: change to CANDIDATE, lastRpcTime:213ms, electionTimeout:65ms
2019-10-23 12:13:16,911 [Thread-335] WARN  impl.FollowerState (FollowerState.java:run(121)) - d21719ef-fad3-4f0e-b494-842eeedea460@group-55CA4A6792A0-FollowerState caught an exception
java.lang.IllegalStateException
	at org.apache.ratis.util.Preconditions.assertTrue(Preconditions.java:36)
	at org.apache.ratis.server.impl.RaftServerImpl.changeToCandidate(RaftServerImpl.java:428)
	at org.apache.ratis.server.impl.FollowerState.run(FollowerState.java:112)
2019-10-23 12:13:16,917 [b95be875-0b26-40f0-bf55-f911878fa74d@group-BD3C9ACB36CB-LeaderElection11] INFO  impl.RoleInfo (RoleInfo.java:updateAndGet(143)) - b95be875-0b26-40f0-bf55-f911878fa74d: start LeaderState
2019-10-23 12:13:16,920 [b95be875-0b26-40f0-bf55-f911878fa74d@group-BD3C9ACB36CB-LeaderElection11] INFO  segmented.SegmentedRaftLogWorker (SegmentedRaftLogWorker.java:startLogSegment(385)) - b95be875-0b26-40f0-bf55-f911878fa74d@group-BD3C9ACB36CB-SegmentedRaftLogWorker: Starting segment from index:0
2019-10-23 12:13:16,920 [b95be875-0b26-40f0-bf55-f911878fa74d@group-BD3C9ACB36CB-LeaderElection11] INFO  impl.RaftServerImpl (ServerState.java:setRaftConf(357)) - b95be875-0b26-40f0-bf55-f911878fa74d@group-BD3C9ACB36CB: set configuration 0: [b95be875-0b26-40f0-bf55-f911878fa74d:192.168.69.118:38666], old=null at 0
2019-10-23 12:13:16,953 [pool-37-thread-1] INFO  storage.RaftStorage (RaftStorage.java:format(84)) - Storage directory /workdir/hadoop-ozone/integration-test/target/test-dir/MiniOzoneClusterImpl-f0805996-b414-4d96-aefa-ea3288852db6/datanode-1/data/ratis/cb4ec3de-4b82-45da-a5a1-24c785e9a0fc has been successfully formatted.
2019-10-23 12:13:16,953 [736d60a2-feff-478b-9de2-63399c9845c9@group-55CA4A6792A0-LeaderElection12] INFO  impl.LeaderElection (LeaderElection.java:askForVotes(178)) - 736d60a2-feff-478b-9de2-63399c9845c9@group-55CA4A6792A0-LeaderElection12: begin an election at term 2 for -1: [736d60a2-feff-478b-9de2-63399c9845c9:192.168.69.118:36235, d21719ef-fad3-4f0e-b494-842eeedea460:192.168.69.118:45836, 4949cace-0585-430c-97a7-3db1e354cdac:192.168.69.118:33911], old=null
2019-10-23 12:13:16,953 [4949cace-0585-430c-97a7-3db1e354cdac@group-55CA4A6792A0-LeaderElection10] INFO  impl.LeaderElection (LeaderElection.java:askForVotes(178)) - 4949cace-0585-430c-97a7-3db1e354cdac@group-55CA4A6792A0-LeaderElection10: begin an election at term 2 for -1: [736d60a2-feff-478b-9de2-63399c9845c9:192.168.69.118:36235, d21719ef-fad3-4f0e-b494-842eeedea460:192.168.69.118:45836, 4949cace-0585-430c-97a7-3db1e354cdac:192.168.69.118:33911], old=null
2019-10-23 12:13:16,953 [d21719ef-fad3-4f0e-b494-842eeedea460@group-55CA4A6792A0-LeaderElection13] INFO  impl.LeaderElection (LeaderElection.java:askForVotes(178)) - d21719ef-fad3-4f0e-b494-842eeedea460@group-55CA4A6792A0-LeaderElection13: begin an election at term 2 for -1: [736d60a2-feff-478b-9de2-63399c9845c9:192.168.69.118:36235, d21719ef-fad3-4f0e-b494-842eeedea460:192.168.69.118:45836, 4949cace-0585-430c-97a7-3db1e354cdac:192.168.69.118:33911], old=null
2019-10-23 12:13:16,953 [pool-27-thread-1] INFO  storage.RaftStorage (RaftStorage.java:format(84)) - Storage directory /workdir/hadoop-ozone/integration-test/target/test-dir/MiniOzoneClusterImpl-f0805996-b414-4d96-aefa-ea3288852db6/datanode-0/data/ratis/cb4ec3de-4b82-45da-a5a1-24c785e9a0fc has been successfully formatted.
2019-10-23 12:13:16,953 [pool-47-thread-1] INFO  storage.RaftStorage (RaftStorage.java:format(84)) - Storage directory /workdir/hadoop-ozone/integration-test/target/test-dir/MiniOzoneClusterImpl-f0805996-b414-4d96-aefa-ea3288852db6/datanode-2/data/ratis/cb4ec3de-4b82-45da-a5a1-24c785e9a0fc has been successfully formatted.
2019-10-23 12:13:16,954 [pool-37-thread-1] INFO  ratis.ContainerStateMachine (ContainerStateMachine.java:loadSnapshot(231)) - group-24C785E9A0FC: The snapshot info is null. Setting the last applied indexto:(t:0, i:~)
2019-10-23 12:13:16,956 [pool-47-thread-1] INFO  ratis.ContainerStateMachine (ContainerStateMachine.java:loadSnapshot(231)) - group-24C785E9A0FC: The snapshot info is null. Setting the last applied indexto:(t:0, i:~)
2019-10-23 12:13:16,956 [pool-27-thread-1] INFO  ratis.ContainerStateMachine (ContainerStateMachine.java:loadSnapshot(231)) - group-24C785E9A0FC: The snapshot info is null. Setting the last applied indexto:(t:0, i:~)
2019-10-23 12:13:16,956 [pool-47-thread-1] INFO  server.RaftServerConfigKeys (ConfUtils.java:logGet(43)) - raft.server.notification.no-leader.timeout = 120s (custom)
2019-10-23 12:13:16,956 [pool-37-thread-1] INFO  server.RaftServerConfigKeys (ConfUtils.java:logGet(43)) - raft.server.notification.no-leader.timeout = 120s (custom)
2019-10-23 12:13:16,957 [pool-47-thread-1] INFO  server.RaftServerConfigKeys (ConfUtils.java:logGet(43)) - raft.server.log.use.memory = false (default)
2019-10-23 12:13:16,957 [pool-27-thread-1] INFO  server.RaftServerConfigKeys (ConfUtils.java:logGet(43)) - raft.server.notification.no-leader.timeout = 120s (custom)
2019-10-23 12:13:16,966 [b95be875-0b26-40f0-bf55-f911878fa74d@group-BD3C9ACB36CB-SegmentedRaftLogWorker] INFO  segmented.SegmentedRaftLogWorker (SegmentedRaftLogWorker.java:execute(576)) - b95be875-0b26-40f0-bf55-f911878fa74d@group-BD3C9ACB36CB-SegmentedRaftLogWorker: created new log segment /workdir/hadoop-ozone/integration-test/target/test-dir/MiniOzoneClusterImpl-f0805996-b414-4d96-aefa-ea3288852db6/datanode-5/data/ratis/c0253043-428c-4c62-83f8-bd3c9acb36cb/current/log_inprogress_0
2019-10-23 12:13:16,957 [pool-47-thread-1] INFO  server.RaftServerConfigKeys (ConfUtils.java:logGet(43)) - raft.server.log.purge.gap = 1000000 (custom)
2019-10-23 12:13:16,957 [pool-37-thread-1] INFO  server.RaftServerConfigKeys (ConfUtils.java:logGet(43)) - raft.server.log.use.memory = false (default)
2019-10-23 12:13:16,967 [pool-27-thread-1] INFO  server.RaftServerConfigKeys (ConfUtils.java:logGet(43)) - raft.server.log.use.memory = false (default)
2019-10-23 12:13:16,971 [pool-37-thread-1] INFO  server.RaftServerConfigKeys (ConfUtils.java:logGet(43)) - raft.server.log.purge.gap = 1000000 (custom)
2019-10-23 12:13:16,972 [pool-47-thread-1] INFO  server.RaftServerConfigKeys (ConfUtils.java:logGet(43)) - raft.server.log.appender.buffer.byte-limit = 33554432 (custom)
2019-10-23 12:13:16,972 [pool-27-thread-1] INFO  server.RaftServerConfigKeys (ConfUtils.java:logGet(43)) - raft.server.log.purge.gap = 1000000 (custom)
2019-10-23 12:13:16,972 [pool-47-thread-1] INFO  server.RaftServerConfigKeys (ConfUtils.java:logGet(43)) - raft.server.log.segment.size.max = 1048576 (custom)
2019-10-23 12:13:16,972 [pool-37-thread-1] INFO  server.RaftServerConfigKeys (ConfUtils.java:logGet(43)) - raft.server.log.appender.buffer.byte-limit = 33554432 (custom)
2019-10-23 12:13:16,972 [pool-47-thread-1] INFO  server.RaftServerConfigKeys (ConfUtils.java:logGet(43)) - raft.server.log.segment.cache.num.max = 2 (custom)
2019-10-23 12:13:16,972 [pool-27-thread-1] INFO  server.RaftServerConfigKeys (ConfUtils.java:logGet(43)) - raft.server.log.appender.buffer.byte-limit = 33554432 (custom)
2019-10-23 12:13:16,972 [pool-47-thread-1] INFO  segmented.SegmentedRaftLogWorker (SegmentedRaftLogWorker.java:<init>(173)) - new 3b749b59-de2a-419b-9a26-261692f5c83c@group-24C785E9A0FC-SegmentedRaftLogWorker for RaftStorage:Storage Directory /workdir/hadoop-ozone/integration-test/target/test-dir/MiniOzoneClusterImpl-f0805996-b414-4d96-aefa-ea3288852db6/datanode-2/data/ratis/cb4ec3de-4b82-45da-a5a1-24c785e9a0fc
2019-10-23 12:13:16,972 [pool-37-thread-1] INFO  server.RaftServerConfigKeys (ConfUtils.java:logGet(43)) - raft.server.log.segment.size.max = 1048576 (custom)
2019-10-23 12:13:16,973 [pool-47-thread-1] INFO  server.RaftServerConfigKeys (ConfUtils.java:logGet(43)) - raft.server.log.queue.byte-limit = 2147483647 (custom)
2019-10-23 12:13:16,973 [pool-27-thread-1] INFO  server.RaftServerConfigKeys (ConfUtils.java:logGet(43)) - raft.server.log.segment.size.max = 1048576 (custom)
2019-10-23 12:13:16,973 [pool-47-thread-1] INFO  server.RaftServerConfigKeys (ConfUtils.java:logGet(43)) - raft.server.log.queue.element-limit = 1024 (custom)
2019-10-23 12:13:16,973 [pool-37-thread-1] INFO  server.RaftServerConfigKeys (ConfUtils.java:logGet(43)) - raft.server.log.segment.cache.num.max = 2 (custom)
2019-10-23 12:13:16,973 [pool-47-thread-1] INFO  server.RaftServerConfigKeys (ConfUtils.java:logGet(43)) - raft.server.log.segment.size.max = 1048576 (custom)
2019-10-23 12:13:16,973 [pool-27-thread-1] INFO  server.RaftServerConfigKeys (ConfUtils.java:logGet(43)) - raft.server.log.segment.cache.num.max = 2 (custom)
2019-10-23 12:13:16,973 [pool-47-thread-1] INFO  server.RaftServerConfigKeys (ConfUtils.java:logGet(43)) - raft.server.log.preallocated.size = 16384 (custom)
2019-10-23 12:13:16,973 [pool-37-thread-1] INFO  segmented.SegmentedRaftLogWorker (SegmentedRaftLogWorker.java:<init>(173)) - new 02863277-f564-4bc6-8337-fb22627f6f1a@group-24C785E9A0FC-SegmentedRaftLogWorker for RaftStorage:Storage Directory /workdir/hadoop-ozone/integration-test/target/test-dir/MiniOzoneClusterImpl-f0805996-b414-4d96-aefa-ea3288852db6/datanode-1/data/ratis/cb4ec3de-4b82-45da-a5a1-24c785e9a0fc
2019-10-23 12:13:16,974 [pool-47-thread-1] INFO  server.RaftServerConfigKeys (ConfUtils.java:logGet(43)) - raft.server.log.write.buffer.size = 33554432 (custom)
2019-10-23 12:13:16,974 [pool-27-thread-1] INFO  segmented.SegmentedRaftLogWorker (SegmentedRaftLogWorker.java:<init>(173)) - new ad4d83c7-0f96-47bc-a4e8-7e5d9f844896@group-24C785E9A0FC-SegmentedRaftLogWorker for RaftStorage:Storage Directory /workdir/hadoop-ozone/integration-test/target/test-dir/MiniOzoneClusterImpl-f0805996-b414-4d96-aefa-ea3288852db6/datanode-0/data/ratis/cb4ec3de-4b82-45da-a5a1-24c785e9a0fc
2019-10-23 12:13:16,974 [pool-47-thread-1] INFO  server.RaftServerConfigKeys (ConfUtils.java:logGet(43)) - raft.server.log.force.sync.num = 128 (default)
2019-10-23 12:13:16,974 [pool-47-thread-1] INFO  server.RaftServerConfigKeys (ConfUtils.java:logGet(43)) - raft.server.log.statemachine.data.sync = true (default)
2019-10-23 12:13:16,974 [pool-37-thread-1] INFO  server.RaftServerConfigKeys (ConfUtils.java:logGet(43)) - raft.server.log.queue.byte-limit = 2147483647 (custom)
2019-10-23 12:13:16,974 [pool-47-thread-1] INFO  server.RaftServerConfigKeys (ConfUtils.java:logGet(43)) - raft.server.log.statemachine.data.sync.timeout = 10s (default)
2019-10-23 12:13:16,974 [pool-27-thread-1] INFO  server.RaftServerConfigKeys (ConfUtils.java:logGet(43)) - raft.server.log.queue.byte-limit = 2147483647 (custom)
2019-10-23 12:13:16,975 [pool-37-thread-1] INFO  server.RaftServerConfigKeys (ConfUtils.java:logGet(43)) - raft.server.log.queue.element-limit = 1024 (custom)
2019-10-23 12:13:16,975 [pool-47-thread-1] INFO  server.RaftServerConfigKeys (ConfUtils.java:logGet(43)) - raft.server.log.statemachine.data.sync.timeout.retry = -1 (default)
2019-10-23 12:13:16,984 [pool-37-thread-1] INFO  server.RaftServerConfigKeys (ConfUtils.java:logGet(43)) - raft.server.log.segment.size.max = 1048576 (custom)
2019-10-23 12:13:16,976 [4949cace-0585-430c-97a7-3db1e354cdac@group-55CA4A6792A0-LeaderElection10] INFO  impl.LeaderElection (LeaderElection.java:logAndReturn(56)) - 4949cace-0585-430c-97a7-3db1e354cdac@group-55CA4A6792A0-LeaderElection10: Election TIMEOUT; received 0 response(s) [] and 0 exception(s); 4949cace-0585-430c-97a7-3db1e354cdac@group-55CA4A6792A0:t2, leader=null, voted=4949cace-0585-430c-97a7-3db1e354cdac, raftlog=4949cace-0585-430c-97a7-3db1e354cdac@group-55CA4A6792A0-SegmentedRaftLog:OPENED:c-1,f-1,i0, conf=-1: [736d60a2-feff-478b-9de2-63399c9845c9:192.168.69.118:36235, d21719ef-fad3-4f0e-b494-842eeedea460:192.168.69.118:45836, 4949cace-0585-430c-97a7-3db1e354cdac:192.168.69.118:33911], old=null
2019-10-23 12:13:16,976 [pool-27-thread-1] INFO  server.RaftServerConfigKeys (ConfUtils.java:logGet(43)) - raft.server.log.queue.element-limit = 1024 (custom)
2019-10-23 12:13:16,985 [pool-37-thread-1] INFO  server.RaftServerConfigKeys (ConfUtils.java:logGet(43)) - raft.server.log.preallocated.size = 16384 (custom)
2019-10-23 12:13:16,985 [pool-47-thread-1] INFO  server.RaftServerConfigKeys (ConfUtils.java:logGet(43)) - raft.server.log.statemachine.data.caching.enabled = true (custom)
2019-10-23 12:13:16,987 [pool-37-thread-1] INFO  server.RaftServerConfigKeys (ConfUtils.java:logGet(43)) - raft.server.log.write.buffer.size = 33554432 (custom)
2019-10-23 12:13:16,985 [pool-27-thread-1] INFO  server.RaftServerConfigKeys (ConfUtils.java:logGet(43)) - raft.server.log.segment.size.max = 1048576 (custom)
2019-10-23 12:13:16,987 [pool-37-thread-1] INFO  server.RaftServerConfigKeys (ConfUtils.java:logGet(43)) - raft.server.log.force.sync.num = 128 (default)
2019-10-23 12:13:16,987 [pool-47-thread-1] INFO  segmented.SegmentedRaftLogWorker (SegmentedRaftLogWorker.java:lambda$new$0(128)) - 3b749b59-de2a-419b-9a26-261692f5c83c@group-24C785E9A0FC-SegmentedRaftLogWorker: flushIndex: setUnconditionally 0 -> -1
2019-10-23 12:13:16,987 [pool-27-thread-1] INFO  server.RaftServerConfigKeys (ConfUtils.java:logGet(43)) - raft.server.log.preallocated.size = 16384 (custom)
2019-10-23 12:13:16,987 [pool-37-thread-1] INFO  server.RaftServerConfigKeys (ConfUtils.java:logGet(43)) - raft.server.log.statemachine.data.sync = true (default)
2019-10-23 12:13:16,988 [pool-47-thread-1] INFO  server.RaftServerConfigKeys (ConfUtils.java:logGet(43)) - raft.server.snapshot.auto.trigger.enabled = true (custom)
2019-10-23 12:13:16,988 [pool-27-thread-1] INFO  server.RaftServerConfigKeys (ConfUtils.java:logGet(43)) - raft.server.log.write.buffer.size = 33554432 (custom)
2019-10-23 12:13:16,988 [pool-47-thread-1] INFO  server.RaftServerConfigKeys (ConfUtils.java:logGet(43)) - raft.server.snapshot.auto.trigger.threshold = 10000 (custom)
2019-10-23 12:13:16,988 [pool-37-thread-1] INFO  server.RaftServerConfigKeys (ConfUtils.java:logGet(43)) - raft.server.log.statemachine.data.sync.timeout = 10s (default)
2019-10-23 12:13:16,988 [pool-47-thread-1] INFO  server.RaftServerConfigKeys (ConfUtils.java:logGet(43)) - raft.server.snapshot.retention.file.num = 5 (custom)
2019-10-23 12:13:16,988 [pool-27-thread-1] INFO  server.RaftServerConfigKeys (ConfUtils.java:logGet(43)) - raft.server.log.force.sync.num = 128 (default)
2019-10-23 12:13:16,991 [pool-47-thread-1] INFO  server.RaftServerConfigKeys (ConfUtils.java:logGet(43)) - raft.server.retrycache.expirytime = 600000ms (custom)
2019-10-23 12:13:16,991 [pool-27-thread-1] INFO  server.RaftServerConfigKeys (ConfUtils.java:logGet(43)) - raft.server.log.statemachine.data.sync = true (default)
2019-10-23 12:13:16,991 [pool-37-thread-1] INFO  server.RaftServerConfigKeys (ConfUtils.java:logGet(43)) - raft.server.log.statemachine.data.sync.timeout.retry = -1 (default)
2019-10-23 12:13:16,990 [736d60a2-feff-478b-9de2-63399c9845c9@group-55CA4A6792A0-LeaderElection12] INFO  impl.LeaderElection (LeaderElection.java:logAndReturn(56)) - 736d60a2-feff-478b-9de2-63399c9845c9@group-55CA4A6792A0-LeaderElection12: Election TIMEOUT; received 0 response(s) [] and 0 exception(s); 736d60a2-feff-478b-9de2-63399c9845c9@group-55CA4A6792A0:t2, leader=null, voted=736d60a2-feff-478b-9de2-63399c9845c9, raftlog=736d60a2-feff-478b-9de2-63399c9845c9@group-55CA4A6792A0-SegmentedRaftLog:OPENED:c-1,f-1,i0, conf=-1: [736d60a2-feff-478b-9de2-63399c9845c9:192.168.69.118:36235, d21719ef-fad3-4f0e-b494-842eeedea460:192.168.69.118:45836, 4949cace-0585-430c-97a7-3db1e354cdac:192.168.69.118:33911], old=null
2019-10-23 12:13:16,992 [pool-27-thread-1] INFO  server.RaftServerConfigKeys (ConfUtils.java:logGet(43)) - raft.server.log.statemachine.data.sync.timeout = 10s (default)
2019-10-23 12:13:16,994 [pool-37-thread-1] INFO  server.RaftServerConfigKeys (ConfUtils.java:logGet(43)) - raft.server.log.statemachine.data.caching.enabled = true (custom)
2019-10-23 12:13:16,994 [pool-27-thread-1] INFO  server.RaftServerConfigKeys (ConfUtils.java:logGet(43)) - raft.server.log.statemachine.data.sync.timeout.retry = -1 (default)
2019-10-23 12:13:16,998 [pool-27-thread-1] INFO  server.RaftServerConfigKeys (ConfUtils.java:logGet(43)) - raft.server.log.statemachine.data.caching.enabled = true (custom)
2019-10-23 12:13:16,998 [pool-37-thread-1] INFO  segmented.SegmentedRaftLogWorker (SegmentedRaftLogWorker.java:lambda$new$0(128)) - 02863277-f564-4bc6-8337-fb22627f6f1a@group-24C785E9A0FC-SegmentedRaftLogWorker: flushIndex: setUnconditionally 0 -> -1
2019-10-23 12:13:16,998 [pool-27-thread-1] INFO  segmented.SegmentedRaftLogWorker (SegmentedRaftLogWorker.java:lambda$new$0(128)) - ad4d83c7-0f96-47bc-a4e8-7e5d9f844896@group-24C785E9A0FC-SegmentedRaftLogWorker: flushIndex: setUnconditionally 0 -> -1
2019-10-23 12:13:16,998 [pool-37-thread-1] INFO  server.RaftServerConfigKeys (ConfUtils.java:logGet(43)) - raft.server.snapshot.auto.trigger.enabled = true (custom)
2019-10-23 12:13:17,000 [pool-27-thread-1] INFO  server.RaftServerConfigKeys (ConfUtils.java:logGet(43)) - raft.server.snapshot.auto.trigger.enabled = true (custom)
2019-10-23 12:13:17,000 [pool-37-thread-1] INFO  server.RaftServerConfigKeys (ConfUtils.java:logGet(43)) - raft.server.snapshot.auto.trigger.threshold = 10000 (custom)
2019-10-23 12:13:17,000 [pool-27-thread-1] INFO  server.RaftServerConfigKeys (ConfUtils.java:logGet(43)) - raft.server.snapshot.auto.trigger.threshold = 10000 (custom)
2019-10-23 12:13:17,001 [pool-37-thread-1] INFO  server.RaftServerConfigKeys (ConfUtils.java:logGet(43)) - raft.server.snapshot.retention.file.num = 5 (custom)
2019-10-23 12:13:17,001 [pool-27-thread-1] INFO  server.RaftServerConfigKeys (ConfUtils.java:logGet(43)) - raft.server.snapshot.retention.file.num = 5 (custom)
2019-10-23 12:13:17,002 [pool-37-thread-1] INFO  server.RaftServerConfigKeys (ConfUtils.java:logGet(43)) - raft.server.retrycache.expirytime = 600000ms (custom)
2019-10-23 12:13:17,003 [pool-27-thread-1] INFO  server.RaftServerConfigKeys (ConfUtils.java:logGet(43)) - raft.server.retrycache.expirytime = 600000ms (custom)
2019-10-23 12:13:17,003 [pool-47-thread-1] INFO  impl.RaftServerImpl (RaftServerImpl.java:start(195)) - 3b749b59-de2a-419b-9a26-261692f5c83c@group-24C785E9A0FC: start as a follower, conf=-1: [3b749b59-de2a-419b-9a26-261692f5c83c:192.168.69.118:39205, ad4d83c7-0f96-47bc-a4e8-7e5d9f844896:192.168.69.118:41688, 02863277-f564-4bc6-8337-fb22627f6f1a:192.168.69.118:36850], old=null
2019-10-23 12:13:17,003 [pool-47-thread-1] INFO  impl.RaftServerImpl (RaftServerImpl.java:setRole(184)) - 3b749b59-de2a-419b-9a26-261692f5c83c@group-24C785E9A0FC: changes role from      null to FOLLOWER at term 0 for startAsFollower
2019-10-23 12:13:17,004 [pool-47-thread-1] INFO  impl.RoleInfo (RoleInfo.java:updateAndGet(143)) - 3b749b59-de2a-419b-9a26-261692f5c83c: start FollowerState
2019-10-23 12:13:17,004 [pool-47-thread-1] INFO  util.JmxRegister (JmxRegister.java:tryRegister(44)) - Successfully registered JMX Bean with object name Ratis:service=RaftServer,group=group-24C785E9A0FC,id=3b749b59-de2a-419b-9a26-261692f5c83c
2019-10-23 12:13:17,011 [pool-37-thread-1] INFO  impl.RaftServerImpl (RaftServerImpl.java:start(195)) - 02863277-f564-4bc6-8337-fb22627f6f1a@group-24C785E9A0FC: start as a follower, conf=-1: [3b749b59-de2a-419b-9a26-261692f5c83c:192.168.69.118:39205, ad4d83c7-0f96-47bc-a4e8-7e5d9f844896:192.168.69.118:41688, 02863277-f564-4bc6-8337-fb22627f6f1a:192.168.69.118:36850], old=null
2019-10-23 12:13:17,011 [pool-37-thread-1] INFO  impl.RaftServerImpl (RaftServerImpl.java:setRole(184)) - 02863277-f564-4bc6-8337-fb22627f6f1a@group-24C785E9A0FC: changes role from      null to FOLLOWER at term 0 for startAsFollower
2019-10-23 12:13:17,012 [pool-37-thread-1] INFO  impl.RoleInfo (RoleInfo.java:updateAndGet(143)) - 02863277-f564-4bc6-8337-fb22627f6f1a: start FollowerState
2019-10-23 12:13:17,013 [pool-27-thread-1] INFO  impl.RaftServerImpl (RaftServerImpl.java:start(195)) - ad4d83c7-0f96-47bc-a4e8-7e5d9f844896@group-24C785E9A0FC: start as a follower, conf=-1: [3b749b59-de2a-419b-9a26-261692f5c83c:192.168.69.118:39205, ad4d83c7-0f96-47bc-a4e8-7e5d9f844896:192.168.69.118:41688, 02863277-f564-4bc6-8337-fb22627f6f1a:192.168.69.118:36850], old=null
2019-10-23 12:13:17,013 [pool-37-thread-1] INFO  util.JmxRegister (JmxRegister.java:tryRegister(44)) - Successfully registered JMX Bean with object name Ratis:service=RaftServer,group=group-24C785E9A0FC,id=02863277-f564-4bc6-8337-fb22627f6f1a
2019-10-23 12:13:17,013 [pool-27-thread-1] INFO  impl.RaftServerImpl (RaftServerImpl.java:setRole(184)) - ad4d83c7-0f96-47bc-a4e8-7e5d9f844896@group-24C785E9A0FC: changes role from      null to FOLLOWER at term 0 for startAsFollower
2019-10-23 12:13:17,014 [pool-27-thread-1] INFO  impl.RoleInfo (RoleInfo.java:updateAndGet(143)) - ad4d83c7-0f96-47bc-a4e8-7e5d9f844896: start FollowerState
2019-10-23 12:13:17,016 [pool-27-thread-1] INFO  util.JmxRegister (JmxRegister.java:tryRegister(44)) - Successfully registered JMX Bean with object name Ratis:service=RaftServer,group=group-24C785E9A0FC,id=ad4d83c7-0f96-47bc-a4e8-7e5d9f844896
2019-10-23 12:13:17,033 [RatisPipelineUtilsThread] INFO  pipeline.PipelineStateManager (PipelineStateManager.java:addPipeline(56)) - Created pipeline Pipeline[ Id: cb4ec3de-4b82-45da-a5a1-24c785e9a0fc, Nodes: 02863277-f564-4bc6-8337-fb22627f6f1a{ip: 192.168.69.118, host: pr-hdds1643-t2fz7-3136866267, networkLocation: /default-rack, certSerialId: null}3b749b59-de2a-419b-9a26-261692f5c83c{ip: 192.168.69.118, host: pr-hdds1643-t2fz7-3136866267, networkLocation: /default-rack, certSerialId: null}ad4d83c7-0f96-47bc-a4e8-7e5d9f844896{ip: 192.168.69.118, host: pr-hdds1643-t2fz7-3136866267, networkLocation: /default-rack, certSerialId: null}, Type:RATIS, Factor:THREE, State:OPEN]
2019-10-23 12:13:17,045 [736d60a2-feff-478b-9de2-63399c9845c9@group-55CA4A6792A0-LeaderElection12] INFO  impl.LeaderElection (LeaderElection.java:askForVotes(178)) - 736d60a2-feff-478b-9de2-63399c9845c9@group-55CA4A6792A0-LeaderElection12: begin an election at term 3 for -1: [736d60a2-feff-478b-9de2-63399c9845c9:192.168.69.118:36235, d21719ef-fad3-4f0e-b494-842eeedea460:192.168.69.118:45836, 4949cace-0585-430c-97a7-3db1e354cdac:192.168.69.118:33911], old=null
2019-10-23 12:13:17,045 [4949cace-0585-430c-97a7-3db1e354cdac@group-55CA4A6792A0-LeaderElection10] INFO  impl.LeaderElection (LeaderElection.java:askForVotes(178)) - 4949cace-0585-430c-97a7-3db1e354cdac@group-55CA4A6792A0-LeaderElection10: begin an election at term 3 for -1: [736d60a2-feff-478b-9de2-63399c9845c9:192.168.69.118:36235, d21719ef-fad3-4f0e-b494-842eeedea460:192.168.69.118:45836, 4949cace-0585-430c-97a7-3db1e354cdac:192.168.69.118:33911], old=null
2019-10-23 12:13:17,051 [grpc-default-executor-2] INFO  impl.RaftServerProxy (RaftServerProxy.java:addNew(89)) - 1d5d0298-6e55-4fca-8e63-ae12c20f52e9: addNew group-0F120BA276DC:[787770cd-56b0-4d21-897f-e9f49f0f8295:192.168.69.118:42931, 7b74cae2-68bb-403f-9342-7e82e321628a:192.168.69.118:46444, 1d5d0298-6e55-4fca-8e63-ae12c20f52e9:192.168.69.118:39259] returns group-0F120BA276DC:java.util.concurrent.CompletableFuture@141557d1[Not completed]
2019-10-23 12:13:17,051 [grpc-default-executor-4] INFO  impl.RaftServerProxy (RaftServerProxy.java:addNew(89)) - 787770cd-56b0-4d21-897f-e9f49f0f8295: addNew group-0F120BA276DC:[787770cd-56b0-4d21-897f-e9f49f0f8295:192.168.69.118:42931, 7b74cae2-68bb-403f-9342-7e82e321628a:192.168.69.118:46444, 1d5d0298-6e55-4fca-8e63-ae12c20f52e9:192.168.69.118:39259] returns group-0F120BA276DC:java.util.concurrent.CompletableFuture@22e96044[Not completed]
2019-10-23 12:13:17,055 [d21719ef-fad3-4f0e-b494-842eeedea460@group-55CA4A6792A0-LeaderElection13] INFO  impl.LeaderElection (LeaderElection.java:logAndReturn(56)) - d21719ef-fad3-4f0e-b494-842eeedea460@group-55CA4A6792A0-LeaderElection13: Election DISCOVERED_A_NEW_TERM; received 2 response(s) [d21719ef-fad3-4f0e-b494-842eeedea460<-736d60a2-feff-478b-9de2-63399c9845c9#0:FAIL-t2, d21719ef-fad3-4f0e-b494-842eeedea460<-4949cace-0585-430c-97a7-3db1e354cdac#0:FAIL-t3] and 0 exception(s); d21719ef-fad3-4f0e-b494-842eeedea460@group-55CA4A6792A0:t2, leader=null, voted=d21719ef-fad3-4f0e-b494-842eeedea460, raftlog=d21719ef-fad3-4f0e-b494-842eeedea460@group-55CA4A6792A0-SegmentedRaftLog:OPENED:c-1,f-1,i0, conf=-1: [736d60a2-feff-478b-9de2-63399c9845c9:192.168.69.118:36235, d21719ef-fad3-4f0e-b494-842eeedea460:192.168.69.118:45836, 4949cace-0585-430c-97a7-3db1e354cdac:192.168.69.118:33911], old=null
2019-10-23 12:13:17,055 [d21719ef-fad3-4f0e-b494-842eeedea460@group-55CA4A6792A0-LeaderElection13] INFO  impl.RaftServerImpl (RaftServerImpl.java:setRole(184)) - d21719ef-fad3-4f0e-b494-842eeedea460@group-55CA4A6792A0: changes role from CANDIDATE to FOLLOWER at term 3 for DISCOVERED_A_NEW_TERM
2019-10-23 12:13:17,057 [pool-67-thread-1] INFO  impl.RaftServerImpl (RaftServerImpl.java:<init>(104)) - 1d5d0298-6e55-4fca-8e63-ae12c20f52e9: new RaftServerImpl for group-0F120BA276DC:[787770cd-56b0-4d21-897f-e9f49f0f8295:192.168.69.118:42931, 7b74cae2-68bb-403f-9342-7e82e321628a:192.168.69.118:46444, 1d5d0298-6e55-4fca-8e63-ae12c20f52e9:192.168.69.118:39259] with ContainerStateMachine:uninitialized
2019-10-23 12:13:17,060 [d21719ef-fad3-4f0e-b494-842eeedea460@group-55CA4A6792A0-LeaderElection13] INFO  impl.RoleInfo (RoleInfo.java:shutdownLeaderElection(134)) - d21719ef-fad3-4f0e-b494-842eeedea460: shutdown LeaderElection
2019-10-23 12:13:17,062 [pool-67-thread-1] INFO  server.RaftServerConfigKeys (ConfUtils.java:logGet(43)) - raft.server.rpc.timeout.min = 1s (custom)
2019-10-23 12:13:17,062 [grpc-default-executor-2] INFO  impl.RaftServerProxy (RaftServerProxy.java:addNew(89)) - 7b74cae2-68bb-403f-9342-7e82e321628a: addNew group-0F120BA276DC:[787770cd-56b0-4d21-897f-e9f49f0f8295:192.168.69.118:42931, 7b74cae2-68bb-403f-9342-7e82e321628a:192.168.69.118:46444, 1d5d0298-6e55-4fca-8e63-ae12c20f52e9:192.168.69.118:39259] returns group-0F120BA276DC:java.util.concurrent.CompletableFuture@4a3cba78[Not completed]
2019-10-23 12:13:17,062 [pool-67-thread-1] INFO  server.RaftServerConfigKeys (ConfUtils.java:logGet(43)) - raft.server.rpc.timeout.max = 1200ms (custom)
2019-10-23 12:13:17,063 [pool-97-thread-1] INFO  impl.RaftServerImpl (RaftServerImpl.java:<init>(104)) - 787770cd-56b0-4d21-897f-e9f49f0f8295: new RaftServerImpl for group-0F120BA276DC:[787770cd-56b0-4d21-897f-e9f49f0f8295:192.168.69.118:42931, 7b74cae2-68bb-403f-9342-7e82e321628a:192.168.69.118:46444, 1d5d0298-6e55-4fca-8e63-ae12c20f52e9:192.168.69.118:39259] with ContainerStateMachine:uninitialized
2019-10-23 12:13:17,062 [d21719ef-fad3-4f0e-b494-842eeedea460@group-55CA4A6792A0-LeaderElection13] INFO  impl.RoleInfo (RoleInfo.java:updateAndGet(143)) - d21719ef-fad3-4f0e-b494-842eeedea460: start FollowerState
2019-10-23 12:13:17,063 [pool-67-thread-1] INFO  server.RaftServerConfigKeys (ConfUtils.java:logGet(43)) - raft.server.rpcslowness.timeout = 120s (custom)
2019-10-23 12:13:17,067 [pool-97-thread-1] INFO  server.RaftServerConfigKeys (ConfUtils.java:logGet(43)) - raft.server.rpc.timeout.min = 1s (custom)
2019-10-23 12:13:17,067 [pool-67-thread-1] INFO  server.RaftServerConfigKeys (ConfUtils.java:logGet(43)) - raft.server.sleep.deviation.threshold = 300 (default)
2019-10-23 12:13:17,067 [pool-97-thread-1] INFO  server.RaftServerConfigKeys (ConfUtils.java:logGet(43)) - raft.server.rpc.timeout.max = 1200ms (custom)
2019-10-23 12:13:17,067 [pool-67-thread-1] INFO  server.RaftServerConfigKeys (ConfUtils.java:logGet(43)) - raft.server.log.appender.install.snapshot.enabled = false (custom)
2019-10-23 12:13:17,067 [Thread-362] INFO  impl.FollowerState (FollowerState.java:run(108)) - 02863277-f564-4bc6-8337-fb22627f6f1a@group-24C785E9A0FC-FollowerState: change to CANDIDATE, lastRpcTime:55ms, electionTimeout:54ms
2019-10-23 12:13:17,067 [pool-97-thread-1] INFO  server.RaftServerConfigKeys (ConfUtils.java:logGet(43)) - raft.server.rpcslowness.timeout = 120s (custom)
2019-10-23 12:13:17,067 [pool-107-thread-1] INFO  impl.RaftServerImpl (RaftServerImpl.java:<init>(104)) - 7b74cae2-68bb-403f-9342-7e82e321628a: new RaftServerImpl for group-0F120BA276DC:[787770cd-56b0-4d21-897f-e9f49f0f8295:192.168.69.118:42931, 7b74cae2-68bb-403f-9342-7e82e321628a:192.168.69.118:46444, 1d5d0298-6e55-4fca-8e63-ae12c20f52e9:192.168.69.118:39259] with ContainerStateMachine:uninitialized
2019-10-23 12:13:17,067 [Thread-362] INFO  impl.RoleInfo (RoleInfo.java:shutdownFollowerState(121)) - 02863277-f564-4bc6-8337-fb22627f6f1a: shutdown FollowerState
2019-10-23 12:13:17,068 [pool-107-thread-1] INFO  server.RaftServerConfigKeys (ConfUtils.java:logGet(43)) - raft.server.rpc.timeout.min = 1s (custom)
2019-10-23 12:13:17,067 [pool-67-thread-1] INFO  impl.RaftServerImpl (ServerState.java:<init>(103)) - 1d5d0298-6e55-4fca-8e63-ae12c20f52e9@group-0F120BA276DC: ConfigurationManager, init=-1: [787770cd-56b0-4d21-897f-e9f49f0f8295:192.168.69.118:42931, 7b74cae2-68bb-403f-9342-7e82e321628a:192.168.69.118:46444, 1d5d0298-6e55-4fca-8e63-ae12c20f52e9:192.168.69.118:39259], old=null, confs=<EMPTY_MAP>
2019-10-23 12:13:17,068 [pool-107-thread-1] INFO  server.RaftServerConfigKeys (ConfUtils.java:logGet(43)) - raft.server.rpc.timeout.max = 1200ms (custom)
2019-10-23 12:13:17,068 [pool-67-thread-1] INFO  server.RaftServerConfigKeys (ConfUtils.java:logGet(43)) - raft.server.storage.dir = [/workdir/hadoop-ozone/integration-test/target/test-dir/MiniOzoneClusterImpl-f0805996-b414-4d96-aefa-ea3288852db6/datanode-4/data/ratis] (custom)
2019-10-23 12:13:17,068 [Thread-362] INFO  impl.RaftServerImpl (RaftServerImpl.java:setRole(184)) - 02863277-f564-4bc6-8337-fb22627f6f1a@group-24C785E9A0FC: changes role from  FOLLOWER to CANDIDATE at term 0 for changeToCandidate
2019-10-23 12:13:17,067 [pool-97-thread-1] INFO  server.RaftServerConfigKeys (ConfUtils.java:logGet(43)) - raft.server.sleep.deviation.threshold = 300 (default)
2019-10-23 12:13:17,068 [pool-67-thread-1] INFO  server.RaftServerConfigKeys (ConfUtils.java:logGet(43)) - raft.server.log.corruption.policy = EXCEPTION (default)
2019-10-23 12:13:17,068 [Thread-362] INFO  impl.RoleInfo (RoleInfo.java:updateAndGet(143)) - 02863277-f564-4bc6-8337-fb22627f6f1a: start LeaderElection
2019-10-23 12:13:17,068 [pool-107-thread-1] INFO  server.RaftServerConfigKeys (ConfUtils.java:logGet(43)) - raft.server.rpcslowness.timeout = 120s (custom)
2019-10-23 12:13:17,068 [pool-67-thread-1] INFO  storage.RaftStorageDirectory (RaftStorageDirectory.java:analyzeStorage(246)) - The storage directory /workdir/hadoop-ozone/integration-test/target/test-dir/MiniOzoneClusterImpl-f0805996-b414-4d96-aefa-ea3288852db6/datanode-4/data/ratis/929a5c7a-1fa8-4211-83d2-0f120ba276dc does not exist. Creating ...
2019-10-23 12:13:17,069 [pool-107-thread-1] INFO  server.RaftServerConfigKeys (ConfUtils.java:logGet(43)) - raft.server.sleep.deviation.threshold = 300 (default)
2019-10-23 12:13:17,073 [pool-107-thread-1] INFO  server.RaftServerConfigKeys (ConfUtils.java:logGet(43)) - raft.server.log.appender.install.snapshot.enabled = false (custom)
2019-10-23 12:13:17,068 [pool-97-thread-1] INFO  server.RaftServerConfigKeys (ConfUtils.java:logGet(43)) - raft.server.log.appender.install.snapshot.enabled = false (custom)
2019-10-23 12:13:17,073 [pool-107-thread-1] INFO  impl.RaftServerImpl (ServerState.java:<init>(103)) - 7b74cae2-68bb-403f-9342-7e82e321628a@group-0F120BA276DC: ConfigurationManager, init=-1: [787770cd-56b0-4d21-897f-e9f49f0f8295:192.168.69.118:42931, 7b74cae2-68bb-403f-9342-7e82e321628a:192.168.69.118:46444, 1d5d0298-6e55-4fca-8e63-ae12c20f52e9:192.168.69.118:39259], old=null, confs=<EMPTY_MAP>
2019-10-23 12:13:17,073 [pool-97-thread-1] INFO  impl.RaftServerImpl (ServerState.java:<init>(103)) - 787770cd-56b0-4d21-897f-e9f49f0f8295@group-0F120BA276DC: ConfigurationManager, init=-1: [787770cd-56b0-4d21-897f-e9f49f0f8295:192.168.69.118:42931, 7b74cae2-68bb-403f-9342-7e82e321628a:192.168.69.118:46444, 1d5d0298-6e55-4fca-8e63-ae12c20f52e9:192.168.69.118:39259], old=null, confs=<EMPTY_MAP>
2019-10-23 12:13:17,073 [pool-107-thread-1] INFO  server.RaftServerConfigKeys (ConfUtils.java:logGet(43)) - raft.server.storage.dir = [/workdir/hadoop-ozone/integration-test/target/test-dir/MiniOzoneClusterImpl-f0805996-b414-4d96-aefa-ea3288852db6/datanode-8/data/ratis] (custom)
2019-10-23 12:13:17,073 [pool-97-thread-1] INFO  server.RaftServerConfigKeys (ConfUtils.java:logGet(43)) - raft.server.storage.dir = [/workdir/hadoop-ozone/integration-test/target/test-dir/MiniOzoneClusterImpl-f0805996-b414-4d96-aefa-ea3288852db6/datanode-7/data/ratis] (custom)
2019-10-23 12:13:17,073 [pool-107-thread-1] INFO  server.RaftServerConfigKeys (ConfUtils.java:logGet(43)) - raft.server.log.corruption.policy = EXCEPTION (default)
2019-10-23 12:13:17,073 [pool-97-thread-1] INFO  server.RaftServerConfigKeys (ConfUtils.java:logGet(43)) - raft.server.log.corruption.policy = EXCEPTION (default)
2019-10-23 12:13:17,074 [pool-107-thread-1] INFO  storage.RaftStorageDirectory (RaftStorageDirectory.java:analyzeStorage(246)) - The storage directory /workdir/hadoop-ozone/integration-test/target/test-dir/MiniOzoneClusterImpl-f0805996-b414-4d96-aefa-ea3288852db6/datanode-8/data/ratis/929a5c7a-1fa8-4211-83d2-0f120ba276dc does not exist. Creating ...
2019-10-23 12:13:17,074 [pool-97-thread-1] INFO  storage.RaftStorageDirectory (RaftStorageDirectory.java:analyzeStorage(246)) - The storage directory /workdir/hadoop-ozone/integration-test/target/test-dir/MiniOzoneClusterImpl-f0805996-b414-4d96-aefa-ea3288852db6/datanode-7/data/ratis/929a5c7a-1fa8-4211-83d2-0f120ba276dc does not exist. Creating ...
2019-10-23 12:13:17,076 [pool-67-thread-1] INFO  storage.RaftStorageDirectory (RaftStorageDirectory.java:tryLock(328)) - Lock on /workdir/hadoop-ozone/integration-test/target/test-dir/MiniOzoneClusterImpl-f0805996-b414-4d96-aefa-ea3288852db6/datanode-4/data/ratis/929a5c7a-1fa8-4211-83d2-0f120ba276dc/in_use.lock acquired by nodename 17215@pr-hdds1643-t2fz7-3136866267
2019-10-23 12:13:17,076 [02863277-f564-4bc6-8337-fb22627f6f1a@group-24C785E9A0FC-LeaderElection14] INFO  impl.LeaderElection (LeaderElection.java:askForVotes(178)) - 02863277-f564-4bc6-8337-fb22627f6f1a@group-24C785E9A0FC-LeaderElection14: begin an election at term 1 for -1: [3b749b59-de2a-419b-9a26-261692f5c83c:192.168.69.118:39205, ad4d83c7-0f96-47bc-a4e8-7e5d9f844896:192.168.69.118:41688, 02863277-f564-4bc6-8337-fb22627f6f1a:192.168.69.118:36850], old=null
2019-10-23 12:13:17,076 [grpc-default-executor-0] INFO  impl.RaftServerImpl (RaftServerImpl.java:setRole(184)) - d21719ef-fad3-4f0e-b494-842eeedea460@group-55CA4A6792A0: changes role from  FOLLOWER to FOLLOWER at term 3 for recognizeCandidate:4949cace-0585-430c-97a7-3db1e354cdac
2019-10-23 12:13:17,077 [grpc-default-executor-0] INFO  impl.RoleInfo (RoleInfo.java:shutdownFollowerState(121)) - d21719ef-fad3-4f0e-b494-842eeedea460: shutdown FollowerState
2019-10-23 12:13:17,078 [Thread-371] INFO  impl.FollowerState (FollowerState.java:run(117)) - d21719ef-fad3-4f0e-b494-842eeedea460@group-55CA4A6792A0-FollowerState was interrupted: java.lang.InterruptedException: sleep interrupted
2019-10-23 12:13:17,078 [grpc-default-executor-0] INFO  impl.RoleInfo (RoleInfo.java:updateAndGet(143)) - d21719ef-fad3-4f0e-b494-842eeedea460: start FollowerState
2019-10-23 12:13:17,079 [pool-97-thread-1] INFO  storage.RaftStorageDirectory (RaftStorageDirectory.java:tryLock(328)) - Lock on /workdir/hadoop-ozone/integration-test/target/test-dir/MiniOzoneClusterImpl-f0805996-b414-4d96-aefa-ea3288852db6/datanode-7/data/ratis/929a5c7a-1fa8-4211-83d2-0f120ba276dc/in_use.lock acquired by nodename 17215@pr-hdds1643-t2fz7-3136866267
2019-10-23 12:13:17,079 [pool-107-thread-1] INFO  storage.RaftStorageDirectory (RaftStorageDirectory.java:tryLock(328)) - Lock on /workdir/hadoop-ozone/integration-test/target/test-dir/MiniOzoneClusterImpl-f0805996-b414-4d96-aefa-ea3288852db6/datanode-8/data/ratis/929a5c7a-1fa8-4211-83d2-0f120ba276dc/in_use.lock acquired by nodename 17215@pr-hdds1643-t2fz7-3136866267
2019-10-23 12:13:17,089 [grpc-default-executor-2] INFO  impl.RaftServerImpl (RaftServerImpl.java:setRole(184)) - ad4d83c7-0f96-47bc-a4e8-7e5d9f844896@group-24C785E9A0FC: changes role from  FOLLOWER to FOLLOWER at term 1 for recognizeCandidate:02863277-f564-4bc6-8337-fb22627f6f1a
2019-10-23 12:13:17,089 [grpc-default-executor-3] INFO  impl.RaftServerImpl (RaftServerImpl.java:setRole(184)) - 3b749b59-de2a-419b-9a26-261692f5c83c@group-24C785E9A0FC: changes role from  FOLLOWER to FOLLOWER at term 1 for recognizeCandidate:02863277-f564-4bc6-8337-fb22627f6f1a
2019-10-23 12:13:17,090 [grpc-default-executor-2] INFO  impl.RoleInfo (RoleInfo.java:shutdownFollowerState(121)) - ad4d83c7-0f96-47bc-a4e8-7e5d9f844896: shutdown FollowerState
2019-10-23 12:13:17,090 [grpc-default-executor-3] INFO  impl.RoleInfo (RoleInfo.java:shutdownFollowerState(121)) - 3b749b59-de2a-419b-9a26-261692f5c83c: shutdown FollowerState
2019-10-23 12:13:17,090 [grpc-default-executor-2] INFO  impl.RoleInfo (RoleInfo.java:updateAndGet(143)) - ad4d83c7-0f96-47bc-a4e8-7e5d9f844896: start FollowerState
2019-10-23 12:13:17,090 [Thread-361] INFO  impl.FollowerState (FollowerState.java:run(117)) - 3b749b59-de2a-419b-9a26-261692f5c83c@group-24C785E9A0FC-FollowerState was interrupted: java.lang.InterruptedException: sleep interrupted
2019-10-23 12:13:17,090 [grpc-default-executor-3] INFO  impl.RoleInfo (RoleInfo.java:updateAndGet(143)) - 3b749b59-de2a-419b-9a26-261692f5c83c: start FollowerState
2019-10-23 12:13:17,090 [Thread-363] INFO  impl.FollowerState (FollowerState.java:run(117)) - ad4d83c7-0f96-47bc-a4e8-7e5d9f844896@group-24C785E9A0FC-FollowerState was interrupted: java.lang.InterruptedException: sleep interrupted
2019-10-23 12:13:17,093 [pool-67-thread-1] INFO  storage.RaftStorage (RaftStorage.java:format(84)) - Storage directory /workdir/hadoop-ozone/integration-test/target/test-dir/MiniOzoneClusterImpl-f0805996-b414-4d96-aefa-ea3288852db6/datanode-4/data/ratis/929a5c7a-1fa8-4211-83d2-0f120ba276dc has been successfully formatted.
2019-10-23 12:13:17,093 [pool-97-thread-1] INFO  storage.RaftStorage (RaftStorage.java:format(84)) - Storage directory /workdir/hadoop-ozone/integration-test/target/test-dir/MiniOzoneClusterImpl-f0805996-b414-4d96-aefa-ea3288852db6/datanode-7/data/ratis/929a5c7a-1fa8-4211-83d2-0f120ba276dc has been successfully formatted.
2019-10-23 12:13:17,093 [pool-107-thread-1] INFO  storage.RaftStorage (RaftStorage.java:format(84)) - Storage directory /workdir/hadoop-ozone/integration-test/target/test-dir/MiniOzoneClusterImpl-f0805996-b414-4d96-aefa-ea3288852db6/datanode-8/data/ratis/929a5c7a-1fa8-4211-83d2-0f120ba276dc has been successfully formatted.
2019-10-23 12:13:17,093 [pool-97-thread-1] INFO  ratis.ContainerStateMachine (ContainerStateMachine.java:loadSnapshot(231)) - group-0F120BA276DC: The snapshot info is null. Setting the last applied indexto:(t:0, i:~)
2019-10-23 12:13:17,093 [pool-67-thread-1] INFO  ratis.ContainerStateMachine (ContainerStateMachine.java:loadSnapshot(231)) - group-0F120BA276DC: The snapshot info is null. Setting the last applied indexto:(t:0, i:~)
2019-10-23 12:13:17,093 [pool-107-thread-1] INFO  ratis.ContainerStateMachine (ContainerStateMachine.java:loadSnapshot(231)) - group-0F120BA276DC: The snapshot info is null. Setting the last applied indexto:(t:0, i:~)
2019-10-23 12:13:17,093 [pool-97-thread-1] INFO  server.RaftServerConfigKeys (ConfUtils.java:logGet(43)) - raft.server.notification.no-leader.timeout = 120s (custom)
2019-10-23 12:13:17,093 [pool-107-thread-1] INFO  server.RaftServerConfigKeys (ConfUtils.java:logGet(43)) - raft.server.notification.no-leader.timeout = 120s (custom)
2019-10-23 12:13:17,093 [pool-67-thread-1] INFO  server.RaftServerConfigKeys (ConfUtils.java:logGet(43)) - raft.server.notification.no-leader.timeout = 120s (custom)
2019-10-23 12:13:17,095 [pool-107-thread-1] INFO  server.RaftServerConfigKeys (ConfUtils.java:logGet(43)) - raft.server.log.use.memory = false (default)
2019-10-23 12:13:17,093 [pool-97-thread-1] INFO  server.RaftServerConfigKeys (ConfUtils.java:logGet(43)) - raft.server.log.use.memory = false (default)
2019-10-23 12:13:17,095 [pool-107-thread-1] INFO  server.RaftServerConfigKeys (ConfUtils.java:logGet(43)) - raft.server.log.purge.gap = 1000000 (custom)
2019-10-23 12:13:17,095 [pool-67-thread-1] INFO  server.RaftServerConfigKeys (ConfUtils.java:logGet(43)) - raft.server.log.use.memory = false (default)
2019-10-23 12:13:17,096 [pool-107-thread-1] INFO  server.RaftServerConfigKeys (ConfUtils.java:logGet(43)) - raft.server.log.appender.buffer.byte-limit = 33554432 (custom)
2019-10-23 12:13:17,096 [pool-97-thread-1] INFO  server.RaftServerConfigKeys (ConfUtils.java:logGet(43)) - raft.server.log.purge.gap = 1000000 (custom)
2019-10-23 12:13:17,096 [pool-107-thread-1] INFO  server.RaftServerConfigKeys (ConfUtils.java:logGet(43)) - raft.server.log.segment.size.max = 1048576 (custom)
2019-10-23 12:13:17,096 [4949cace-0585-430c-97a7-3db1e354cdac@group-55CA4A6792A0-LeaderElection10] INFO  impl.LeaderElection (LeaderElection.java:logAndReturn(56)) - 4949cace-0585-430c-97a7-3db1e354cdac@group-55CA4A6792A0-LeaderElection10: Election PASSED; received 2 response(s) [4949cace-0585-430c-97a7-3db1e354cdac<-736d60a2-feff-478b-9de2-63399c9845c9#0:FAIL-t3, 4949cace-0585-430c-97a7-3db1e354cdac<-d21719ef-fad3-4f0e-b494-842eeedea460#0:OK-t3] and 0 exception(s); 4949cace-0585-430c-97a7-3db1e354cdac@group-55CA4A6792A0:t3, leader=null, voted=4949cace-0585-430c-97a7-3db1e354cdac, raftlog=4949cace-0585-430c-97a7-3db1e354cdac@group-55CA4A6792A0-SegmentedRaftLog:OPENED:c-1,f-1,i0, conf=-1: [736d60a2-feff-478b-9de2-63399c9845c9:192.168.69.118:36235, d21719ef-fad3-4f0e-b494-842eeedea460:192.168.69.118:45836, 4949cace-0585-430c-97a7-3db1e354cdac:192.168.69.118:33911], old=null
2019-10-23 12:13:17,096 [pool-67-thread-1] INFO  server.RaftServerConfigKeys (ConfUtils.java:logGet(43)) - raft.server.log.purge.gap = 1000000 (custom)
2019-10-23 12:13:17,096 [4949cace-0585-430c-97a7-3db1e354cdac@group-55CA4A6792A0-LeaderElection10] INFO  impl.RoleInfo (RoleInfo.java:shutdownLeaderElection(134)) - 4949cace-0585-430c-97a7-3db1e354cdac: shutdown LeaderElection
2019-10-23 12:13:17,096 [736d60a2-feff-478b-9de2-63399c9845c9@group-55CA4A6792A0-LeaderElection12] INFO  impl.LeaderElection (LeaderElection.java:logAndReturn(56)) - 736d60a2-feff-478b-9de2-63399c9845c9@group-55CA4A6792A0-LeaderElection12: Election REJECTED; received 2 response(s) [736d60a2-feff-478b-9de2-63399c9845c9<-d21719ef-fad3-4f0e-b494-842eeedea460#0:FAIL-t3, 736d60a2-feff-478b-9de2-63399c9845c9<-4949cace-0585-430c-97a7-3db1e354cdac#0:FAIL-t3] and 0 exception(s); 736d60a2-feff-478b-9de2-63399c9845c9@group-55CA4A6792A0:t3, leader=null, voted=736d60a2-feff-478b-9de2-63399c9845c9, raftlog=736d60a2-feff-478b-9de2-63399c9845c9@group-55CA4A6792A0-SegmentedRaftLog:OPENED:c-1,f-1,i0, conf=-1: [736d60a2-feff-478b-9de2-63399c9845c9:192.168.69.118:36235, d21719ef-fad3-4f0e-b494-842eeedea460:192.168.69.118:45836, 4949cace-0585-430c-97a7-3db1e354cdac:192.168.69.118:33911], old=null
2019-10-23 12:13:17,105 [4949cace-0585-430c-97a7-3db1e354cdac@group-55CA4A6792A0-LeaderElection10] INFO  impl.RaftServerImpl (RaftServerImpl.java:setRole(184)) - 4949cace-0585-430c-97a7-3db1e354cdac@group-55CA4A6792A0: changes role from CANDIDATE to LEADER at term 3 for changeToLeader
2019-10-23 12:13:17,096 [pool-107-thread-1] INFO  server.RaftServerConfigKeys (ConfUtils.java:logGet(43)) - raft.server.log.segment.cache.num.max = 2 (custom)
2019-10-23 12:13:17,096 [pool-97-thread-1] INFO  server.RaftServerConfigKeys (ConfUtils.java:logGet(43)) - raft.server.log.appender.buffer.byte-limit = 33554432 (custom)
2019-10-23 12:13:17,109 [pool-107-thread-1] INFO  segmented.SegmentedRaftLogWorker (SegmentedRaftLogWorker.java:<init>(173)) - new 7b74cae2-68bb-403f-9342-7e82e321628a@group-0F120BA276DC-SegmentedRaftLogWorker for RaftStorage:Storage Directory /workdir/hadoop-ozone/integration-test/target/test-dir/MiniOzoneClusterImpl-f0805996-b414-4d96-aefa-ea3288852db6/datanode-8/data/ratis/929a5c7a-1fa8-4211-83d2-0f120ba276dc
2019-10-23 12:13:17,109 [Thread-376] INFO  impl.FollowerState (FollowerState.java:run(108)) - ad4d83c7-0f96-47bc-a4e8-7e5d9f844896@group-24C785E9A0FC-FollowerState: change to CANDIDATE, lastRpcTime:18ms, electionTimeout:15ms
2019-10-23 12:13:17,109 [4949cace-0585-430c-97a7-3db1e354cdac@group-55CA4A6792A0-LeaderElection10] INFO  impl.RaftServerImpl (ServerState.java:setLeader(256)) - 4949cace-0585-430c-97a7-3db1e354cdac@group-55CA4A6792A0: change Leader from null to 4949cace-0585-430c-97a7-3db1e354cdac at term 3 for becomeLeader, leader elected after 501ms
2019-10-23 12:13:17,109 [Thread-376] INFO  impl.RoleInfo (RoleInfo.java:shutdownFollowerState(121)) - ad4d83c7-0f96-47bc-a4e8-7e5d9f844896: shutdown FollowerState
2019-10-23 12:13:17,105 [736d60a2-feff-478b-9de2-63399c9845c9@group-55CA4A6792A0-LeaderElection12] INFO  impl.RaftServerImpl (RaftServerImpl.java:setRole(184)) - 736d60a2-feff-478b-9de2-63399c9845c9@group-55CA4A6792A0: changes role from CANDIDATE to FOLLOWER at term 3 for DISCOVERED_A_NEW_TERM
2019-10-23 12:13:17,096 [pool-67-thread-1] INFO  server.RaftServerConfigKeys (ConfUtils.java:logGet(43)) - raft.server.log.appender.buffer.byte-limit = 33554432 (custom)
2019-10-23 12:13:17,109 [736d60a2-feff-478b-9de2-63399c9845c9@group-55CA4A6792A0-LeaderElection12] INFO  impl.RoleInfo (RoleInfo.java:shutdownLeaderElection(134)) - 736d60a2-feff-478b-9de2-63399c9845c9: shutdown LeaderElection
2019-10-23 12:13:17,109 [Thread-376] INFO  impl.RaftServerImpl (RaftServerImpl.java:setRole(184)) - ad4d83c7-0f96-47bc-a4e8-7e5d9f844896@group-24C785E9A0FC: changes role from  FOLLOWER to CANDIDATE at term 1 for changeToCandidate
2019-10-23 12:13:17,110 [736d60a2-feff-478b-9de2-63399c9845c9@group-55CA4A6792A0-LeaderElection12] INFO  impl.RoleInfo (RoleInfo.java:updateAndGet(143)) - 736d60a2-feff-478b-9de2-63399c9845c9: start FollowerState
2019-10-23 12:13:17,109 [4949cace-0585-430c-97a7-3db1e354cdac@group-55CA4A6792A0-LeaderElection10] INFO  server.RaftServerConfigKeys (ConfUtils.java:logGet(43)) - raft.server.staging.catchup.gap = 1000 (default)
2019-10-23 12:13:17,110 [Thread-376] INFO  impl.RoleInfo (RoleInfo.java:updateAndGet(143)) - ad4d83c7-0f96-47bc-a4e8-7e5d9f844896: start LeaderElection
2019-10-23 12:13:17,109 [pool-107-thread-1] INFO  server.RaftServerConfigKeys (ConfUtils.java:logGet(43)) - raft.server.log.queue.byte-limit = 2147483647 (custom)
2019-10-23 12:13:17,109 [pool-97-thread-1] INFO  server.RaftServerConfigKeys (ConfUtils.java:logGet(43)) - raft.server.log.segment.size.max = 1048576 (custom)
2019-10-23 12:13:17,110 [pool-107-thread-1] INFO  server.RaftServerConfigKeys (ConfUtils.java:logGet(43)) - raft.server.log.queue.element-limit = 1024 (custom)
2019-10-23 12:13:17,110 [4949cace-0585-430c-97a7-3db1e354cdac@group-55CA4A6792A0-LeaderElection10] INFO  server.RaftServerConfigKeys (ConfUtils.java:logGet(43)) - raft.server.rpc.sleep.time = 25ms (default)
2019-10-23 12:13:17,110 [pool-67-thread-1] INFO  server.RaftServerConfigKeys (ConfUtils.java:logGet(43)) - raft.server.log.segment.size.max = 1048576 (custom)
2019-10-23 12:13:17,126 [pool-107-thread-1] INFO  server.RaftServerConfigKeys (ConfUtils.java:logGet(43)) - raft.server.log.segment.size.max = 1048576 (custom)
2019-10-23 12:13:17,122 [pool-97-thread-1] INFO  server.RaftServerConfigKeys (ConfUtils.java:logGet(43)) - raft.server.log.segment.cache.num.max = 2 (custom)
2019-10-23 12:13:17,128 [pool-107-thread-1] INFO  server.RaftServerConfigKeys (ConfUtils.java:logGet(43)) - raft.server.log.preallocated.size = 16384 (custom)
2019-10-23 12:13:17,128 [02863277-f564-4bc6-8337-fb22627f6f1a@group-24C785E9A0FC-LeaderElection14] INFO  impl.LeaderElection (LeaderElection.java:logAndReturn(56)) - 02863277-f564-4bc6-8337-fb22627f6f1a@group-24C785E9A0FC-LeaderElection14: Election PASSED; received 1 response(s) [02863277-f564-4bc6-8337-fb22627f6f1a<-3b749b59-de2a-419b-9a26-261692f5c83c#0:OK-t1] and 0 exception(s); 02863277-f564-4bc6-8337-fb22627f6f1a@group-24C785E9A0FC:t1, leader=null, voted=02863277-f564-4bc6-8337-fb22627f6f1a, raftlog=02863277-f564-4bc6-8337-fb22627f6f1a@group-24C785E9A0FC-SegmentedRaftLog:OPENED:c-1,f-1,i0, conf=-1: [3b749b59-de2a-419b-9a26-261692f5c83c:192.168.69.118:39205, ad4d83c7-0f96-47bc-a4e8-7e5d9f844896:192.168.69.118:41688, 02863277-f564-4bc6-8337-fb22627f6f1a:192.168.69.118:36850], old=null
2019-10-23 12:13:17,128 [pool-67-thread-1] INFO  server.RaftServerConfigKeys (ConfUtils.java:logGet(43)) - raft.server.log.segment.cache.num.max = 2 (custom)
2019-10-23 12:13:17,128 [4949cace-0585-430c-97a7-3db1e354cdac@group-55CA4A6792A0-LeaderElection10] INFO  server.RaftServerConfigKeys (ConfUtils.java:logGet(43)) - raft.server.write.element-limit = 4096 (default)
2019-10-23 12:13:17,128 [pool-67-thread-1] INFO  segmented.SegmentedRaftLogWorker (SegmentedRaftLogWorker.java:<init>(173)) - new 1d5d0298-6e55-4fca-8e63-ae12c20f52e9@group-0F120BA276DC-SegmentedRaftLogWorker for RaftStorage:Storage Directory /workdir/hadoop-ozone/integration-test/target/test-dir/MiniOzoneClusterImpl-f0805996-b414-4d96-aefa-ea3288852db6/datanode-4/data/ratis/929a5c7a-1fa8-4211-83d2-0f120ba276dc
2019-10-23 12:13:17,128 [02863277-f564-4bc6-8337-fb22627f6f1a@group-24C785E9A0FC-LeaderElection14] INFO  impl.RoleInfo (RoleInfo.java:shutdownLeaderElection(134)) - 02863277-f564-4bc6-8337-fb22627f6f1a: shutdown LeaderElection
2019-10-23 12:13:17,128 [pool-107-thread-1] INFO  server.RaftServerConfigKeys (ConfUtils.java:logGet(43)) - raft.server.log.write.buffer.size = 33554432 (custom)
2019-10-23 12:13:17,130 [pool-107-thread-1] INFO  server.RaftServerConfigKeys (ConfUtils.java:logGet(43)) - raft.server.log.force.sync.num = 128 (default)
2019-10-23 12:13:17,128 [pool-97-thread-1] INFO  segmented.SegmentedRaftLogWorker (SegmentedRaftLogWorker.java:<init>(173)) - new 787770cd-56b0-4d21-897f-e9f49f0f8295@group-0F120BA276DC-SegmentedRaftLogWorker for RaftStorage:Storage Directory /workdir/hadoop-ozone/integration-test/target/test-dir/MiniOzoneClusterImpl-f0805996-b414-4d96-aefa-ea3288852db6/datanode-7/data/ratis/929a5c7a-1fa8-4211-83d2-0f120ba276dc
2019-10-23 12:13:17,130 [pool-107-thread-1] INFO  server.RaftServerConfigKeys (ConfUtils.java:logGet(43)) - raft.server.log.statemachine.data.sync = true (default)
2019-10-23 12:13:17,130 [02863277-f564-4bc6-8337-fb22627f6f1a@group-24C785E9A0FC-LeaderElection14] INFO  impl.RaftServerImpl (RaftServerImpl.java:setRole(184)) - 02863277-f564-4bc6-8337-fb22627f6f1a@group-24C785E9A0FC: changes role from CANDIDATE to LEADER at term 1 for changeToLeader
2019-10-23 12:13:17,130 [pool-67-thread-1] INFO  server.RaftServerConfigKeys (ConfUtils.java:logGet(43)) - raft.server.log.queue.byte-limit = 2147483647 (custom)
2019-10-23 12:13:17,130 [4949cace-0585-430c-97a7-3db1e354cdac@group-55CA4A6792A0-LeaderElection10] INFO  server.RaftServerConfigKeys (ConfUtils.java:logGet(43)) - raft.server.watch.timeout = 10s (default)
2019-10-23 12:13:17,131 [pool-67-thread-1] INFO  server.RaftServerConfigKeys (ConfUtils.java:logGet(43)) - raft.server.log.queue.element-limit = 1024 (custom)
2019-10-23 12:13:17,130 [02863277-f564-4bc6-8337-fb22627f6f1a@group-24C785E9A0FC-LeaderElection14] INFO  impl.RaftServerImpl (ServerState.java:setLeader(256)) - 02863277-f564-4bc6-8337-fb22627f6f1a@group-24C785E9A0FC: change Leader from null to 02863277-f564-4bc6-8337-fb22627f6f1a at term 1 for becomeLeader, leader elected after 174ms
2019-10-23 12:13:17,130 [pool-107-thread-1] INFO  server.RaftServerConfigKeys (ConfUtils.java:logGet(43)) - raft.server.log.statemachine.data.sync.timeout = 10s (default)
2019-10-23 12:13:17,131 [pool-107-thread-1] INFO  server.RaftServerConfigKeys (ConfUtils.java:logGet(43)) - raft.server.log.statemachine.data.sync.timeout.retry = -1 (default)
2019-10-23 12:13:17,130 [pool-97-thread-1] INFO  server.RaftServerConfigKeys (ConfUtils.java:logGet(43)) - raft.server.log.queue.byte-limit = 2147483647 (custom)
2019-10-23 12:13:17,131 [pool-107-thread-1] INFO  server.RaftServerConfigKeys (ConfUtils.java:logGet(43)) - raft.server.log.statemachine.data.caching.enabled = true (custom)
2019-10-23 12:13:17,131 [02863277-f564-4bc6-8337-fb22627f6f1a@group-24C785E9A0FC-LeaderElection14] INFO  server.RaftServerConfigKeys (ConfUtils.java:logGet(43)) - raft.server.staging.catchup.gap = 1000 (default)
2019-10-23 12:13:17,131 [pool-67-thread-1] INFO  server.RaftServerConfigKeys (ConfUtils.java:logGet(43)) - raft.server.log.segment.size.max = 1048576 (custom)
2019-10-23 12:13:17,131 [pool-107-thread-1] INFO  segmented.SegmentedRaftLogWorker (SegmentedRaftLogWorker.java:lambda$new$0(128)) - 7b74cae2-68bb-403f-9342-7e82e321628a@group-0F120BA276DC-SegmentedRaftLogWorker: flushIndex: setUnconditionally 0 -> -1
2019-10-23 12:13:17,131 [4949cace-0585-430c-97a7-3db1e354cdac@group-55CA4A6792A0-LeaderElection10] INFO  server.RaftServerConfigKeys (ConfUtils.java:logGet(43)) - raft.server.watch.timeout.denomination = 1s (default)
2019-10-23 12:13:17,131 [pool-67-thread-1] INFO  server.RaftServerConfigKeys (ConfUtils.java:logGet(43)) - raft.server.log.preallocated.size = 16384 (custom)
2019-10-23 12:13:17,132 [pool-67-thread-1] INFO  server.RaftServerConfigKeys (ConfUtils.java:logGet(43)) - raft.server.log.write.buffer.size = 33554432 (custom)
2019-10-23 12:13:17,131 [02863277-f564-4bc6-8337-fb22627f6f1a@group-24C785E9A0FC-LeaderElection14] INFO  server.RaftServerConfigKeys (ConfUtils.java:logGet(43)) - raft.server.rpc.sleep.time = 25ms (default)
2019-10-23 12:13:17,131 [pool-97-thread-1] INFO  server.RaftServerConfigKeys (ConfUtils.java:logGet(43)) - raft.server.log.queue.element-limit = 1024 (custom)
2019-10-23 12:13:17,132 [02863277-f564-4bc6-8337-fb22627f6f1a@group-24C785E9A0FC-LeaderElection14] INFO  server.RaftServerConfigKeys (ConfUtils.java:logGet(43)) - raft.server.write.element-limit = 4096 (default)
2019-10-23 12:13:17,132 [pool-67-thread-1] INFO  server.RaftServerConfigKeys (ConfUtils.java:logGet(43)) - raft.server.log.force.sync.num = 128 (default)
2019-10-23 12:13:17,132 [pool-67-thread-1] INFO  server.RaftServerConfigKeys (ConfUtils.java:logGet(43)) - raft.server.log.statemachine.data.sync = true (default)
2019-10-23 12:13:17,132 [pool-107-thread-1] INFO  server.RaftServerConfigKeys (ConfUtils.java:logGet(43)) - raft.server.snapshot.auto.trigger.enabled = true (custom)
2019-10-23 12:13:17,132 [4949cace-0585-430c-97a7-3db1e354cdac@group-55CA4A6792A0-LeaderElection10] INFO  server.RaftServerConfigKeys (ConfUtils.java:logGet(43)) - raft.server.watch.element-limit = 65536 (default)
2019-10-23 12:13:17,133 [pool-107-thread-1] INFO  server.RaftServerConfigKeys (ConfUtils.java:logGet(43)) - raft.server.snapshot.auto.trigger.threshold = 10000 (custom)
2019-10-23 12:13:17,132 [pool-67-thread-1] INFO  server.RaftServerConfigKeys (ConfUtils.java:logGet(43)) - raft.server.log.statemachine.data.sync.timeout = 10s (default)
2019-10-23 12:13:17,132 [02863277-f564-4bc6-8337-fb22627f6f1a@group-24C785E9A0FC-LeaderElection14] INFO  server.RaftServerConfigKeys (ConfUtils.java:logGet(43)) - raft.server.watch.timeout = 10s (default)
2019-10-23 12:13:17,132 [pool-97-thread-1] INFO  server.RaftServerConfigKeys (ConfUtils.java:logGet(43)) - raft.server.log.segment.size.max = 1048576 (custom)
2019-10-23 12:13:17,133 [02863277-f564-4bc6-8337-fb22627f6f1a@group-24C785E9A0FC-LeaderElection14] INFO  server.RaftServerConfigKeys (ConfUtils.java:logGet(43)) - raft.server.watch.timeout.denomination = 1s (default)
2019-10-23 12:13:17,133 [pool-67-thread-1] INFO  server.RaftServerConfigKeys (ConfUtils.java:logGet(43)) - raft.server.log.statemachine.data.sync.timeout.retry = -1 (default)
2019-10-23 12:13:17,133 [pool-107-thread-1] INFO  server.RaftServerConfigKeys (ConfUtils.java:logGet(43)) - raft.server.snapshot.retention.file.num = 5 (custom)
2019-10-23 12:13:17,133 [02863277-f564-4bc6-8337-fb22627f6f1a@group-24C785E9A0FC-LeaderElection14] INFO  server.RaftServerConfigKeys (ConfUtils.java:logGet(43)) - raft.server.watch.element-limit = 65536 (default)
2019-10-23 12:13:17,133 [pool-97-thread-1] INFO  server.RaftServerConfigKeys (ConfUtils.java:logGet(43)) - raft.server.log.preallocated.size = 16384 (custom)
2019-10-23 12:13:17,134 [pool-67-thread-1] INFO  server.RaftServerConfigKeys (ConfUtils.java:logGet(43)) - raft.server.log.statemachine.data.caching.enabled = true (custom)
2019-10-23 12:13:17,134 [pool-107-thread-1] INFO  server.RaftServerConfigKeys (ConfUtils.java:logGet(43)) - raft.server.retrycache.expirytime = 600000ms (custom)
2019-10-23 12:13:17,134 [pool-97-thread-1] INFO  server.RaftServerConfigKeys (ConfUtils.java:logGet(43)) - raft.server.log.write.buffer.size = 33554432 (custom)
2019-10-23 12:13:17,134 [pool-67-thread-1] INFO  segmented.SegmentedRaftLogWorker (SegmentedRaftLogWorker.java:lambda$new$0(128)) - 1d5d0298-6e55-4fca-8e63-ae12c20f52e9@group-0F120BA276DC-SegmentedRaftLogWorker: flushIndex: setUnconditionally 0 -> -1
2019-10-23 12:13:17,134 [pool-97-thread-1] INFO  server.RaftServerConfigKeys (ConfUtils.java:logGet(43)) - raft.server.log.force.sync.num = 128 (default)
2019-10-23 12:13:17,134 [pool-97-thread-1] INFO  server.RaftServerConfigKeys (ConfUtils.java:logGet(43)) - raft.server.log.statemachine.data.sync = true (default)
2019-10-23 12:13:17,134 [pool-97-thread-1] INFO  server.RaftServerConfigKeys (ConfUtils.java:logGet(43)) - raft.server.log.statemachine.data.sync.timeout = 10s (default)
2019-10-23 12:13:17,134 [pool-67-thread-1] INFO  server.RaftServerConfigKeys (ConfUtils.java:logGet(43)) - raft.server.snapshot.auto.trigger.enabled = true (custom)
2019-10-23 12:13:17,134 [pool-97-thread-1] INFO  server.RaftServerConfigKeys (ConfUtils.java:logGet(43)) - raft.server.log.statemachine.data.sync.timeout.retry = -1 (default)
2019-10-23 12:13:17,134 [pool-67-thread-1] INFO  server.RaftServerConfigKeys (ConfUtils.java:logGet(43)) - raft.server.snapshot.auto.trigger.threshold = 10000 (custom)
2019-10-23 12:13:17,135 [pool-97-thread-1] INFO  server.RaftServerConfigKeys (ConfUtils.java:logGet(43)) - raft.server.log.statemachine.data.caching.enabled = true (custom)
2019-10-23 12:13:17,135 [pool-67-thread-1] INFO  server.RaftServerConfigKeys (ConfUtils.java:logGet(43)) - raft.server.snapshot.retention.file.num = 5 (custom)
2019-10-23 12:13:17,135 [pool-97-thread-1] INFO  segmented.SegmentedRaftLogWorker (SegmentedRaftLogWorker.java:lambda$new$0(128)) - 787770cd-56b0-4d21-897f-e9f49f0f8295@group-0F120BA276DC-SegmentedRaftLogWorker: flushIndex: setUnconditionally 0 -> -1
2019-10-23 12:13:17,135 [pool-67-thread-1] INFO  server.RaftServerConfigKeys (ConfUtils.java:logGet(43)) - raft.server.retrycache.expirytime = 600000ms (custom)
2019-10-23 12:13:17,135 [ad4d83c7-0f96-47bc-a4e8-7e5d9f844896@group-24C785E9A0FC-LeaderElection15] INFO  impl.LeaderElection (LeaderElection.java:askForVotes(178)) - ad4d83c7-0f96-47bc-a4e8-7e5d9f844896@group-24C785E9A0FC-LeaderElection15: begin an election at term 2 for -1: [3b749b59-de2a-419b-9a26-261692f5c83c:192.168.69.118:39205, ad4d83c7-0f96-47bc-a4e8-7e5d9f844896:192.168.69.118:41688, 02863277-f564-4bc6-8337-fb22627f6f1a:192.168.69.118:36850], old=null
2019-10-23 12:13:17,135 [pool-97-thread-1] INFO  server.RaftServerConfigKeys (ConfUtils.java:logGet(43)) - raft.server.snapshot.auto.trigger.enabled = true (custom)
2019-10-23 12:13:17,135 [pool-97-thread-1] INFO  server.RaftServerConfigKeys (ConfUtils.java:logGet(43)) - raft.server.snapshot.auto.trigger.threshold = 10000 (custom)
2019-10-23 12:13:17,135 [pool-97-thread-1] INFO  server.RaftServerConfigKeys (ConfUtils.java:logGet(43)) - raft.server.snapshot.retention.file.num = 5 (custom)
2019-10-23 12:13:17,135 [pool-97-thread-1] INFO  server.RaftServerConfigKeys (ConfUtils.java:logGet(43)) - raft.server.retrycache.expirytime = 600000ms (custom)
2019-10-23 12:13:17,400 [Thread-374] INFO  impl.FollowerState (FollowerState.java:run(108)) - d21719ef-fad3-4f0e-b494-842eeedea460@group-55CA4A6792A0-FollowerState: change to CANDIDATE, lastRpcTime:322ms, electionTimeout:129ms
2019-10-23 12:13:17,401 [ad4d83c7-0f96-47bc-a4e8-7e5d9f844896@group-24C785E9A0FC-LeaderElection15] INFO  impl.LeaderElection (LeaderElection.java:logAndReturn(56)) - ad4d83c7-0f96-47bc-a4e8-7e5d9f844896@group-24C785E9A0FC-LeaderElection15: Election TIMEOUT; received 0 response(s) [] and 0 exception(s); ad4d83c7-0f96-47bc-a4e8-7e5d9f844896@group-24C785E9A0FC:t2, leader=null, voted=ad4d83c7-0f96-47bc-a4e8-7e5d9f844896, raftlog=ad4d83c7-0f96-47bc-a4e8-7e5d9f844896@group-24C785E9A0FC-SegmentedRaftLog:OPENED:c-1,f-1,i0, conf=-1: [3b749b59-de2a-419b-9a26-261692f5c83c:192.168.69.118:39205, ad4d83c7-0f96-47bc-a4e8-7e5d9f844896:192.168.69.118:41688, 02863277-f564-4bc6-8337-fb22627f6f1a:192.168.69.118:36850], old=null
2019-10-23 12:13:17,400 [Thread-378] INFO  impl.FollowerState (FollowerState.java:run(108)) - 736d60a2-feff-478b-9de2-63399c9845c9@group-55CA4A6792A0-FollowerState: change to CANDIDATE, lastRpcTime:290ms, electionTimeout:45ms
2019-10-23 12:13:17,403 [Thread-374] INFO  impl.RoleInfo (RoleInfo.java:shutdownFollowerState(121)) - d21719ef-fad3-4f0e-b494-842eeedea460: shutdown FollowerState
2019-10-23 12:13:17,403 [Thread-377] INFO  impl.FollowerState (FollowerState.java:run(108)) - 3b749b59-de2a-419b-9a26-261692f5c83c@group-24C785E9A0FC-FollowerState: change to CANDIDATE, lastRpcTime:312ms, electionTimeout:175ms
2019-10-23 12:13:17,412 [Thread-378] INFO  impl.RoleInfo (RoleInfo.java:shutdownFollowerState(121)) - 736d60a2-feff-478b-9de2-63399c9845c9: shutdown FollowerState
2019-10-23 12:13:17,412 [Thread-378] INFO  impl.RaftServerImpl (RaftServerImpl.java:setRole(184)) - 736d60a2-feff-478b-9de2-63399c9845c9@group-55CA4A6792A0: changes role from  FOLLOWER to CANDIDATE at term 3 for changeToCandidate
2019-10-23 12:13:17,413 [4949cace-0585-430c-97a7-3db1e354cdac@group-55CA4A6792A0-LeaderElection10] INFO  server.RaftServerConfigKeys (ConfUtils.java:logGet(43)) - raft.server.log.appender.snapshot.chunk.size.max = 16MB (=16777216) (default)
2019-10-23 12:13:17,412 [Thread-377] INFO  impl.RoleInfo (RoleInfo.java:shutdownFollowerState(121)) - 3b749b59-de2a-419b-9a26-261692f5c83c: shutdown FollowerState
2019-10-23 12:13:17,413 [4949cace-0585-430c-97a7-3db1e354cdac@group-55CA4A6792A0-LeaderElection10] INFO  server.RaftServerConfigKeys (ConfUtils.java:logGet(43)) - raft.server.log.appender.buffer.byte-limit = 33554432 (custom)
2019-10-23 12:13:17,412 [Thread-374] INFO  impl.RaftServerImpl (RaftServerImpl.java:setRole(184)) - d21719ef-fad3-4f0e-b494-842eeedea460@group-55CA4A6792A0: changes role from  FOLLOWER to CANDIDATE at term 3 for changeToCandidate
2019-10-23 12:13:17,414 [pool-107-thread-1] INFO  impl.RaftServerImpl (RaftServerImpl.java:start(195)) - 7b74cae2-68bb-403f-9342-7e82e321628a@group-0F120BA276DC: start as a follower, conf=-1: [787770cd-56b0-4d21-897f-e9f49f0f8295:192.168.69.118:42931, 7b74cae2-68bb-403f-9342-7e82e321628a:192.168.69.118:46444, 1d5d0298-6e55-4fca-8e63-ae12c20f52e9:192.168.69.118:39259], old=null
2019-10-23 12:13:17,414 [pool-107-thread-1] INFO  impl.RaftServerImpl (RaftServerImpl.java:setRole(184)) - 7b74cae2-68bb-403f-9342-7e82e321628a@group-0F120BA276DC: changes role from      null to FOLLOWER at term 0 for startAsFollower
2019-10-23 12:13:17,413 [02863277-f564-4bc6-8337-fb22627f6f1a@group-24C785E9A0FC-LeaderElection14] INFO  server.RaftServerConfigKeys (ConfUtils.java:logGet(43)) - raft.server.log.appender.snapshot.chunk.size.max = 16MB (=16777216) (default)
2019-10-23 12:13:17,413 [Thread-377] INFO  impl.RaftServerImpl (RaftServerImpl.java:setRole(184)) - 3b749b59-de2a-419b-9a26-261692f5c83c@group-24C785E9A0FC: changes role from  FOLLOWER to CANDIDATE at term 1 for changeToCandidate
2019-10-23 12:13:17,413 [Thread-378] INFO  impl.RoleInfo (RoleInfo.java:updateAndGet(143)) - 736d60a2-feff-478b-9de2-63399c9845c9: start LeaderElection
2019-10-23 12:13:17,414 [Thread-377] INFO  impl.RoleInfo (RoleInfo.java:updateAndGet(143)) - 3b749b59-de2a-419b-9a26-261692f5c83c: start LeaderElection
2019-10-23 12:13:17,414 [4949cace-0585-430c-97a7-3db1e354cdac@group-55CA4A6792A0-LeaderElection10] INFO  server.RaftServerConfigKeys (ConfUtils.java:logGet(43)) - raft.server.log.appender.buffer.element-limit = 1 (custom)
2019-10-23 12:13:17,414 [02863277-f564-4bc6-8337-fb22627f6f1a@group-24C785E9A0FC-LeaderElection14] INFO  server.RaftServerConfigKeys (ConfUtils.java:logGet(43)) - raft.server.log.appender.buffer.byte-limit = 33554432 (custom)
2019-10-23 12:13:17,414 [pool-107-thread-1] INFO  impl.RoleInfo (RoleInfo.java:updateAndGet(143)) - 7b74cae2-68bb-403f-9342-7e82e321628a: start FollowerState
2019-10-23 12:13:17,414 [Thread-374] INFO  impl.RoleInfo (RoleInfo.java:updateAndGet(143)) - d21719ef-fad3-4f0e-b494-842eeedea460: start LeaderElection
2019-10-23 12:13:17,415 [02863277-f564-4bc6-8337-fb22627f6f1a@group-24C785E9A0FC-LeaderElection14] INFO  server.RaftServerConfigKeys (ConfUtils.java:logGet(43)) - raft.server.log.appender.buffer.element-limit = 1 (custom)
2019-10-23 12:13:17,415 [pool-97-thread-1] INFO  impl.RaftServerImpl (RaftServerImpl.java:start(195)) - 787770cd-56b0-4d21-897f-e9f49f0f8295@group-0F120BA276DC: start as a follower, conf=-1: [787770cd-56b0-4d21-897f-e9f49f0f8295:192.168.69.118:42931, 7b74cae2-68bb-403f-9342-7e82e321628a:192.168.69.118:46444, 1d5d0298-6e55-4fca-8e63-ae12c20f52e9:192.168.69.118:39259], old=null
2019-10-23 12:13:17,415 [pool-67-thread-1] INFO  impl.RaftServerImpl (RaftServerImpl.java:start(195)) - 1d5d0298-6e55-4fca-8e63-ae12c20f52e9@group-0F120BA276DC: start as a follower, conf=-1: [787770cd-56b0-4d21-897f-e9f49f0f8295:192.168.69.118:42931, 7b74cae2-68bb-403f-9342-7e82e321628a:192.168.69.118:46444, 1d5d0298-6e55-4fca-8e63-ae12c20f52e9:192.168.69.118:39259], old=null
2019-10-23 12:13:17,417 [pool-97-thread-1] INFO  impl.RaftServerImpl (RaftServerImpl.java:setRole(184)) - 787770cd-56b0-4d21-897f-e9f49f0f8295@group-0F120BA276DC: changes role from      null to FOLLOWER at term 0 for startAsFollower
2019-10-23 12:13:17,417 [pool-107-thread-1] INFO  util.JmxRegister (JmxRegister.java:tryRegister(44)) - Successfully registered JMX Bean with object name Ratis:service=RaftServer,group=group-0F120BA276DC,id=7b74cae2-68bb-403f-9342-7e82e321628a
2019-10-23 12:13:17,417 [pool-97-thread-1] INFO  impl.RoleInfo (RoleInfo.java:updateAndGet(143)) - 787770cd-56b0-4d21-897f-e9f49f0f8295: start FollowerState
2019-10-23 12:13:17,417 [pool-67-thread-1] INFO  impl.RaftServerImpl (RaftServerImpl.java:setRole(184)) - 1d5d0298-6e55-4fca-8e63-ae12c20f52e9@group-0F120BA276DC: changes role from      null to FOLLOWER at term 0 for startAsFollower
2019-10-23 12:13:17,419 [pool-67-thread-1] INFO  impl.RoleInfo (RoleInfo.java:updateAndGet(143)) - 1d5d0298-6e55-4fca-8e63-ae12c20f52e9: start FollowerState
2019-10-23 12:13:17,419 [pool-97-thread-1] INFO  util.JmxRegister (JmxRegister.java:tryRegister(44)) - Successfully registered JMX Bean with object name Ratis:service=RaftServer,group=group-0F120BA276DC,id=787770cd-56b0-4d21-897f-e9f49f0f8295
2019-10-23 12:13:17,419 [pool-67-thread-1] INFO  util.JmxRegister (JmxRegister.java:tryRegister(44)) - Successfully registered JMX Bean with object name Ratis:service=RaftServer,group=group-0F120BA276DC,id=1d5d0298-6e55-4fca-8e63-ae12c20f52e9
2019-10-23 12:13:17,421 [02863277-f564-4bc6-8337-fb22627f6f1a@group-24C785E9A0FC-LeaderElection14] INFO  grpc.GrpcConfigKeys$Server (ConfUtils.java:logGet(43)) - raft.grpc.server.leader.outstanding.appends.max = 128 (default)
2019-10-23 12:13:17,421 [4949cace-0585-430c-97a7-3db1e354cdac@group-55CA4A6792A0-LeaderElection10] INFO  grpc.GrpcConfigKeys$Server (ConfUtils.java:logGet(43)) - raft.grpc.server.leader.outstanding.appends.max = 128 (default)
2019-10-23 12:13:17,422 [02863277-f564-4bc6-8337-fb22627f6f1a@group-24C785E9A0FC-LeaderElection14] INFO  server.RaftServerConfigKeys (ConfUtils.java:logGet(43)) - raft.server.rpc.request.timeout = 3000ms (default)
2019-10-23 12:13:17,422 [4949cace-0585-430c-97a7-3db1e354cdac@group-55CA4A6792A0-LeaderElection10] INFO  server.RaftServerConfigKeys (ConfUtils.java:logGet(43)) - raft.server.rpc.request.timeout = 3000ms (default)
2019-10-23 12:13:17,423 [02863277-f564-4bc6-8337-fb22627f6f1a@group-24C785E9A0FC-LeaderElection14] INFO  server.RaftServerConfigKeys (ConfUtils.java:logGet(43)) - raft.server.log.appender.install.snapshot.enabled = false (custom)
2019-10-23 12:13:17,423 [4949cace-0585-430c-97a7-3db1e354cdac@group-55CA4A6792A0-LeaderElection10] INFO  server.RaftServerConfigKeys (ConfUtils.java:logGet(43)) - raft.server.log.appender.install.snapshot.enabled = false (custom)
2019-10-23 12:13:17,431 [02863277-f564-4bc6-8337-fb22627f6f1a@group-24C785E9A0FC-LeaderElection14] INFO  server.RaftServerConfigKeys (ConfUtils.java:logGet(43)) - raft.server.log.appender.snapshot.chunk.size.max = 16MB (=16777216) (default)
2019-10-23 12:13:17,431 [4949cace-0585-430c-97a7-3db1e354cdac@group-55CA4A6792A0-LeaderElection10] INFO  server.RaftServerConfigKeys (ConfUtils.java:logGet(43)) - raft.server.log.appender.snapshot.chunk.size.max = 16MB (=16777216) (default)
2019-10-23 12:13:17,431 [02863277-f564-4bc6-8337-fb22627f6f1a@group-24C785E9A0FC-LeaderElection14] INFO  server.RaftServerConfigKeys (ConfUtils.java:logGet(43)) - raft.server.log.appender.buffer.byte-limit = 33554432 (custom)
2019-10-23 12:13:17,431 [4949cace-0585-430c-97a7-3db1e354cdac@group-55CA4A6792A0-LeaderElection10] INFO  server.RaftServerConfigKeys (ConfUtils.java:logGet(43)) - raft.server.log.appender.buffer.byte-limit = 33554432 (custom)
2019-10-23 12:13:17,431 [02863277-f564-4bc6-8337-fb22627f6f1a@group-24C785E9A0FC-LeaderElection14] INFO  server.RaftServerConfigKeys (ConfUtils.java:logGet(43)) - raft.server.log.appender.buffer.element-limit = 1 (custom)
2019-10-23 12:13:17,431 [RatisPipelineUtilsThread] INFO  pipeline.PipelineStateManager (PipelineStateManager.java:addPipeline(56)) - Created pipeline Pipeline[ Id: 929a5c7a-1fa8-4211-83d2-0f120ba276dc, Nodes: 7b74cae2-68bb-403f-9342-7e82e321628a{ip: 192.168.69.118, host: pr-hdds1643-t2fz7-3136866267, networkLocation: /default-rack, certSerialId: null}787770cd-56b0-4d21-897f-e9f49f0f8295{ip: 192.168.69.118, host: pr-hdds1643-t2fz7-3136866267, networkLocation: /default-rack, certSerialId: null}1d5d0298-6e55-4fca-8e63-ae12c20f52e9{ip: 192.168.69.118, host: pr-hdds1643-t2fz7-3136866267, networkLocation: /default-rack, certSerialId: null}, Type:RATIS, Factor:THREE, State:OPEN]
2019-10-23 12:13:17,432 [02863277-f564-4bc6-8337-fb22627f6f1a@group-24C785E9A0FC-LeaderElection14] INFO  grpc.GrpcConfigKeys$Server (ConfUtils.java:logGet(43)) - raft.grpc.server.leader.outstanding.appends.max = 128 (default)
2019-10-23 12:13:17,431 [4949cace-0585-430c-97a7-3db1e354cdac@group-55CA4A6792A0-LeaderElection10] INFO  server.RaftServerConfigKeys (ConfUtils.java:logGet(43)) - raft.server.log.appender.buffer.element-limit = 1 (custom)
2019-10-23 12:13:17,432 [02863277-f564-4bc6-8337-fb22627f6f1a@group-24C785E9A0FC-LeaderElection14] INFO  server.RaftServerConfigKeys (ConfUtils.java:logGet(43)) - raft.server.rpc.request.timeout = 3000ms (default)
2019-10-23 12:13:17,433 [4949cace-0585-430c-97a7-3db1e354cdac@group-55CA4A6792A0-LeaderElection10] INFO  grpc.GrpcConfigKeys$Server (ConfUtils.java:logGet(43)) - raft.grpc.server.leader.outstanding.appends.max = 128 (default)
2019-10-23 12:13:17,433 [02863277-f564-4bc6-8337-fb22627f6f1a@group-24C785E9A0FC-LeaderElection14] INFO  server.RaftServerConfigKeys (ConfUtils.java:logGet(43)) - raft.server.log.appender.install.snapshot.enabled = false (custom)
2019-10-23 12:13:17,434 [4949cace-0585-430c-97a7-3db1e354cdac@group-55CA4A6792A0-LeaderElection10] INFO  server.RaftServerConfigKeys (ConfUtils.java:logGet(43)) - raft.server.rpc.request.timeout = 3000ms (default)
2019-10-23 12:13:17,434 [4949cace-0585-430c-97a7-3db1e354cdac@group-55CA4A6792A0-LeaderElection10] INFO  server.RaftServerConfigKeys (ConfUtils.java:logGet(43)) - raft.server.log.appender.install.snapshot.enabled = false (custom)
2019-10-23 12:13:17,440 [02863277-f564-4bc6-8337-fb22627f6f1a@group-24C785E9A0FC-LeaderElection14] INFO  impl.RoleInfo (RoleInfo.java:updateAndGet(143)) - 02863277-f564-4bc6-8337-fb22627f6f1a: start LeaderState
2019-10-23 12:13:17,440 [4949cace-0585-430c-97a7-3db1e354cdac@group-55CA4A6792A0-LeaderElection10] INFO  impl.RoleInfo (RoleInfo.java:updateAndGet(143)) - 4949cace-0585-430c-97a7-3db1e354cdac: start LeaderState
2019-10-23 12:13:17,441 [02863277-f564-4bc6-8337-fb22627f6f1a@group-24C785E9A0FC-LeaderElection14] INFO  segmented.SegmentedRaftLogWorker (SegmentedRaftLogWorker.java:startLogSegment(385)) - 02863277-f564-4bc6-8337-fb22627f6f1a@group-24C785E9A0FC-SegmentedRaftLogWorker: Starting segment from index:0
2019-10-23 12:13:17,441 [4949cace-0585-430c-97a7-3db1e354cdac@group-55CA4A6792A0-LeaderElection10] INFO  segmented.SegmentedRaftLogWorker (SegmentedRaftLogWorker.java:startLogSegment(385)) - 4949cace-0585-430c-97a7-3db1e354cdac@group-55CA4A6792A0-SegmentedRaftLogWorker: Starting segment from index:0
2019-10-23 12:13:17,442 [02863277-f564-4bc6-8337-fb22627f6f1a@group-24C785E9A0FC-LeaderElection14] INFO  impl.RaftServerImpl (ServerState.java:setRaftConf(357)) - 02863277-f564-4bc6-8337-fb22627f6f1a@group-24C785E9A0FC: set configuration 0: [3b749b59-de2a-419b-9a26-261692f5c83c:192.168.69.118:39205, ad4d83c7-0f96-47bc-a4e8-7e5d9f844896:192.168.69.118:41688, 02863277-f564-4bc6-8337-fb22627f6f1a:192.168.69.118:36850], old=null at 0
2019-10-23 12:13:17,442 [4949cace-0585-430c-97a7-3db1e354cdac@group-55CA4A6792A0-LeaderElection10] INFO  impl.RaftServerImpl (ServerState.java:setRaftConf(357)) - 4949cace-0585-430c-97a7-3db1e354cdac@group-55CA4A6792A0: set configuration 0: [736d60a2-feff-478b-9de2-63399c9845c9:192.168.69.118:36235, d21719ef-fad3-4f0e-b494-842eeedea460:192.168.69.118:45836, 4949cace-0585-430c-97a7-3db1e354cdac:192.168.69.118:33911], old=null at 0
2019-10-23 12:13:17,442 [grpc-default-executor-2] INFO  impl.RaftServerImpl (ServerState.java:setLeader(256)) - 02863277-f564-4bc6-8337-fb22627f6f1a@group-24C785E9A0FC: change Leader from 02863277-f564-4bc6-8337-fb22627f6f1a to null at term 2 for updateCurrentTerm
2019-10-23 12:13:17,442 [grpc-default-executor-2] INFO  impl.RaftServerImpl (RaftServerImpl.java:setRole(184)) - 02863277-f564-4bc6-8337-fb22627f6f1a@group-24C785E9A0FC: changes role from    LEADER to FOLLOWER at term 2 for recognizeCandidate:ad4d83c7-0f96-47bc-a4e8-7e5d9f844896
2019-10-23 12:13:17,442 [grpc-default-executor-2] INFO  impl.RoleInfo (RoleInfo.java:shutdownLeaderState(104)) - 02863277-f564-4bc6-8337-fb22627f6f1a: shutdown LeaderState
2019-10-23 12:13:17,476 [ad4d83c7-0f96-47bc-a4e8-7e5d9f844896@group-24C785E9A0FC-LeaderElection15] INFO  impl.LeaderElection (LeaderElection.java:askForVotes(178)) - ad4d83c7-0f96-47bc-a4e8-7e5d9f844896@group-24C785E9A0FC-LeaderElection15: begin an election at term 3 for -1: [3b749b59-de2a-419b-9a26-261692f5c83c:192.168.69.118:39205, ad4d83c7-0f96-47bc-a4e8-7e5d9f844896:192.168.69.118:41688, 02863277-f564-4bc6-8337-fb22627f6f1a:192.168.69.118:36850], old=null
2019-10-23 12:13:17,476 [736d60a2-feff-478b-9de2-63399c9845c9@group-55CA4A6792A0-LeaderElection16] INFO  impl.LeaderElection (LeaderElection.java:askForVotes(178)) - 736d60a2-feff-478b-9de2-63399c9845c9@group-55CA4A6792A0-LeaderElection16: begin an election at term 4 for -1: [736d60a2-feff-478b-9de2-63399c9845c9:192.168.69.118:36235, d21719ef-fad3-4f0e-b494-842eeedea460:192.168.69.118:45836, 4949cace-0585-430c-97a7-3db1e354cdac:192.168.69.118:33911], old=null
2019-10-23 12:13:17,476 [d21719ef-fad3-4f0e-b494-842eeedea460@group-55CA4A6792A0-LeaderElection17] INFO  impl.LeaderElection (LeaderElection.java:askForVotes(178)) - d21719ef-fad3-4f0e-b494-842eeedea460@group-55CA4A6792A0-LeaderElection17: begin an election at term 4 for -1: [736d60a2-feff-478b-9de2-63399c9845c9:192.168.69.118:36235, d21719ef-fad3-4f0e-b494-842eeedea460:192.168.69.118:45836, 4949cace-0585-430c-97a7-3db1e354cdac:192.168.69.118:33911], old=null
2019-10-23 12:13:17,476 [Thread-392] INFO  impl.FollowerState (FollowerState.java:run(108)) - 1d5d0298-6e55-4fca-8e63-ae12c20f52e9@group-0F120BA276DC-FollowerState: change to CANDIDATE, lastRpcTime:57ms, electionTimeout:42ms
2019-10-23 12:13:17,476 [3b749b59-de2a-419b-9a26-261692f5c83c@group-24C785E9A0FC-LeaderElection18] INFO  impl.LeaderElection (LeaderElection.java:askForVotes(178)) - 3b749b59-de2a-419b-9a26-261692f5c83c@group-24C785E9A0FC-LeaderElection18: begin an election at term 2 for -1: [3b749b59-de2a-419b-9a26-261692f5c83c:192.168.69.118:39205, ad4d83c7-0f96-47bc-a4e8-7e5d9f844896:192.168.69.118:41688, 02863277-f564-4bc6-8337-fb22627f6f1a:192.168.69.118:36850], old=null
2019-10-23 12:13:17,484 [Thread-392] INFO  impl.RoleInfo (RoleInfo.java:shutdownFollowerState(121)) - 1d5d0298-6e55-4fca-8e63-ae12c20f52e9: shutdown FollowerState
2019-10-23 12:13:17,484 [Thread-392] INFO  impl.RaftServerImpl (RaftServerImpl.java:setRole(184)) - 1d5d0298-6e55-4fca-8e63-ae12c20f52e9@group-0F120BA276DC: changes role from  FOLLOWER to CANDIDATE at term 0 for changeToCandidate
2019-10-23 12:13:17,486 [Thread-391] INFO  impl.FollowerState (FollowerState.java:run(108)) - 787770cd-56b0-4d21-897f-e9f49f0f8295@group-0F120BA276DC-FollowerState: change to CANDIDATE, lastRpcTime:68ms, electionTimeout:66ms
2019-10-23 12:13:17,486 [Thread-392] INFO  impl.RoleInfo (RoleInfo.java:updateAndGet(143)) - 1d5d0298-6e55-4fca-8e63-ae12c20f52e9: start LeaderElection
2019-10-23 12:13:17,486 [Thread-391] INFO  impl.RoleInfo (RoleInfo.java:shutdownFollowerState(121)) - 787770cd-56b0-4d21-897f-e9f49f0f8295: shutdown FollowerState
2019-10-23 12:13:17,486 [grpc-default-executor-2] INFO  impl.PendingRequests (PendingRequests.java:sendNotLeaderResponses(202)) - 02863277-f564-4bc6-8337-fb22627f6f1a@group-24C785E9A0FC-PendingRequests: sendNotLeaderResponses
2019-10-23 12:13:17,486 [Thread-391] INFO  impl.RaftServerImpl (RaftServerImpl.java:setRole(184)) - 787770cd-56b0-4d21-897f-e9f49f0f8295@group-0F120BA276DC: changes role from  FOLLOWER to CANDIDATE at term 0 for changeToCandidate
2019-10-23 12:13:17,487 [Thread-391] INFO  impl.RoleInfo (RoleInfo.java:updateAndGet(143)) - 787770cd-56b0-4d21-897f-e9f49f0f8295: start LeaderElection
2019-10-23 12:13:17,494 [02863277-f564-4bc6-8337-fb22627f6f1a@group-24C785E9A0FC-SegmentedRaftLogWorker] INFO  segmented.SegmentedRaftLogWorker (SegmentedRaftLogWorker.java:execute(576)) - 02863277-f564-4bc6-8337-fb22627f6f1a@group-24C785E9A0FC-SegmentedRaftLogWorker: created new log segment /workdir/hadoop-ozone/integration-test/target/test-dir/MiniOzoneClusterImpl-f0805996-b414-4d96-aefa-ea3288852db6/datanode-1/data/ratis/cb4ec3de-4b82-45da-a5a1-24c785e9a0fc/current/log_inprogress_0
2019-10-23 12:13:17,494 [4949cace-0585-430c-97a7-3db1e354cdac@group-55CA4A6792A0-SegmentedRaftLogWorker] INFO  segmented.SegmentedRaftLogWorker (SegmentedRaftLogWorker.java:execute(576)) - 4949cace-0585-430c-97a7-3db1e354cdac@group-55CA4A6792A0-SegmentedRaftLogWorker: created new log segment /workdir/hadoop-ozone/integration-test/target/test-dir/MiniOzoneClusterImpl-f0805996-b414-4d96-aefa-ea3288852db6/datanode-9/data/ratis/463d6cb1-c5cc-4ba0-afed-55ca4a6792a0/current/log_inprogress_0
2019-10-23 12:13:17,509 [grpc-default-executor-2] INFO  impl.RoleInfo (RoleInfo.java:updateAndGet(143)) - 02863277-f564-4bc6-8337-fb22627f6f1a: start FollowerState
2019-10-23 12:13:17,517 [Thread-283] INFO  container.ReplicationManager (ReplicationManager.java:start(162)) - Starting Replication Monitor Thread.
2019-10-23 12:13:17,519 [1d5d0298-6e55-4fca-8e63-ae12c20f52e9@group-0F120BA276DC-LeaderElection19] INFO  impl.LeaderElection (LeaderElection.java:askForVotes(178)) - 1d5d0298-6e55-4fca-8e63-ae12c20f52e9@group-0F120BA276DC-LeaderElection19: begin an election at term 1 for -1: [787770cd-56b0-4d21-897f-e9f49f0f8295:192.168.69.118:42931, 7b74cae2-68bb-403f-9342-7e82e321628a:192.168.69.118:46444, 1d5d0298-6e55-4fca-8e63-ae12c20f52e9:192.168.69.118:39259], old=null
2019-10-23 12:13:17,519 [787770cd-56b0-4d21-897f-e9f49f0f8295@group-0F120BA276DC-LeaderElection20] INFO  impl.LeaderElection (LeaderElection.java:askForVotes(178)) - 787770cd-56b0-4d21-897f-e9f49f0f8295@group-0F120BA276DC-LeaderElection20: begin an election at term 1 for -1: [787770cd-56b0-4d21-897f-e9f49f0f8295:192.168.69.118:42931, 7b74cae2-68bb-403f-9342-7e82e321628a:192.168.69.118:46444, 1d5d0298-6e55-4fca-8e63-ae12c20f52e9:192.168.69.118:39259], old=null
2019-10-23 12:13:17,523 [ReplicationMonitor] INFO  container.ReplicationManager (ReplicationManager.java:run(225)) - Replication Monitor Thread took 2 milliseconds for processing 0 containers.
2019-10-23 12:13:17,536 [grpc-default-executor-5] INFO  impl.RaftServerImpl (RaftServerImpl.java:setRole(184)) - 3b749b59-de2a-419b-9a26-261692f5c83c@group-24C785E9A0FC: changes role from CANDIDATE to FOLLOWER at term 3 for recognizeCandidate:ad4d83c7-0f96-47bc-a4e8-7e5d9f844896
2019-10-23 12:13:17,536 [grpc-default-executor-4] INFO  impl.RaftServerImpl (RaftServerImpl.java:setRole(184)) - 02863277-f564-4bc6-8337-fb22627f6f1a@group-24C785E9A0FC: changes role from  FOLLOWER to FOLLOWER at term 3 for recognizeCandidate:ad4d83c7-0f96-47bc-a4e8-7e5d9f844896
2019-10-23 12:13:17,538 [grpc-default-executor-5] INFO  impl.RoleInfo (RoleInfo.java:shutdownLeaderElection(134)) - 3b749b59-de2a-419b-9a26-261692f5c83c: shutdown LeaderElection
2019-10-23 12:13:17,538 [grpc-default-executor-4] INFO  impl.RoleInfo (RoleInfo.java:shutdownFollowerState(121)) - 02863277-f564-4bc6-8337-fb22627f6f1a: shutdown FollowerState
2019-10-23 12:13:17,538 [grpc-default-executor-5] INFO  impl.RoleInfo (RoleInfo.java:updateAndGet(143)) - 3b749b59-de2a-419b-9a26-261692f5c83c: start FollowerState
2019-10-23 12:13:17,540 [Thread-410] INFO  impl.FollowerState (FollowerState.java:run(117)) - 02863277-f564-4bc6-8337-fb22627f6f1a@group-24C785E9A0FC-FollowerState was interrupted: java.lang.InterruptedException: sleep interrupted
2019-10-23 12:13:17,540 [grpc-default-executor-3] INFO  impl.RaftServerImpl (ServerState.java:setLeader(256)) - 4949cace-0585-430c-97a7-3db1e354cdac@group-55CA4A6792A0: change Leader from 4949cace-0585-430c-97a7-3db1e354cdac to null at term 4 for updateCurrentTerm
2019-10-23 12:13:17,550 [grpc-default-executor-4] INFO  impl.RoleInfo (RoleInfo.java:updateAndGet(143)) - 02863277-f564-4bc6-8337-fb22627f6f1a: start FollowerState
2019-10-23 12:13:17,541 [org.apache.ratis.server.impl.LogAppender$AppenderDaemon$$Lambda$429/155081647@6aa070e3] WARN  server.GrpcLogAppender (GrpcLogAppender.java:mayWait(149)) - 02863277-f564-4bc6-8337-fb22627f6f1a@group-24C785E9A0FC->3b749b59-de2a-419b-9a26-261692f5c83c-GrpcLogAppender: Wait interrupted by java.lang.InterruptedException
2019-10-23 12:13:17,541 [org.apache.ratis.server.impl.LogAppender$AppenderDaemon$$Lambda$429/155081647@12cde714] WARN  server.GrpcLogAppender (GrpcLogAppender.java:mayWait(149)) - 02863277-f564-4bc6-8337-fb22627f6f1a@group-24C785E9A0FC->ad4d83c7-0f96-47bc-a4e8-7e5d9f844896-GrpcLogAppender: Wait interrupted by java.lang.InterruptedException
2019-10-23 12:13:17,550 [grpc-default-executor-3] INFO  impl.RaftServerImpl (RaftServerImpl.java:setRole(184)) - 4949cace-0585-430c-97a7-3db1e354cdac@group-55CA4A6792A0: changes role from    LEADER to FOLLOWER at term 4 for recognizeCandidate:736d60a2-feff-478b-9de2-63399c9845c9
2019-10-23 12:13:17,551 [grpc-default-executor-3] INFO  impl.RoleInfo (RoleInfo.java:shutdownLeaderState(104)) - 4949cace-0585-430c-97a7-3db1e354cdac: shutdown LeaderState
2019-10-23 12:13:17,554 [grpc-default-executor-3] INFO  impl.PendingRequests (PendingRequests.java:sendNotLeaderResponses(202)) - 4949cace-0585-430c-97a7-3db1e354cdac@group-55CA4A6792A0-PendingRequests: sendNotLeaderResponses
2019-10-23 12:13:17,557 [grpc-default-executor-3] INFO  impl.RoleInfo (RoleInfo.java:updateAndGet(143)) - 4949cace-0585-430c-97a7-3db1e354cdac: start FollowerState
2019-10-23 12:13:17,565 [grpc-default-executor-2] INFO  server.GrpcServerProtocolService (GrpcServerProtocolService.java:onCompleted(113)) - ad4d83c7-0f96-47bc-a4e8-7e5d9f844896: Completed APPEND_ENTRIES, lastRequest: null
2019-10-23 12:13:17,565 [grpc-default-executor-0] INFO  server.GrpcServerProtocolService (GrpcServerProtocolService.java:onCompleted(113)) - 3b749b59-de2a-419b-9a26-261692f5c83c: Completed APPEND_ENTRIES, lastRequest: null
2019-10-23 12:13:17,567 [org.apache.ratis.server.impl.LogAppender$AppenderDaemon$$Lambda$429/155081647@664bc00c] WARN  server.GrpcLogAppender (GrpcLogAppender.java:mayWait(149)) - 4949cace-0585-430c-97a7-3db1e354cdac@group-55CA4A6792A0->736d60a2-feff-478b-9de2-63399c9845c9-GrpcLogAppender: Wait interrupted by java.lang.InterruptedException
2019-10-23 12:13:17,569 [org.apache.ratis.server.impl.LogAppender$AppenderDaemon$$Lambda$429/155081647@61518096] WARN  server.GrpcLogAppender (GrpcLogAppender.java:mayWait(149)) - 4949cace-0585-430c-97a7-3db1e354cdac@group-55CA4A6792A0->d21719ef-fad3-4f0e-b494-842eeedea460-GrpcLogAppender: Wait interrupted by java.lang.InterruptedException
2019-10-23 12:13:17,572 [grpc-default-executor-0] INFO  server.GrpcLogAppender (GrpcLogAppender.java:onCompleted(308)) - 02863277-f564-4bc6-8337-fb22627f6f1a@group-24C785E9A0FC->3b749b59-de2a-419b-9a26-261692f5c83c-AppendLogResponseHandler: follower responses appendEntries COMPLETED
2019-10-23 12:13:17,575 [grpc-default-executor-0] INFO  impl.FollowerInfo (FollowerInfo.java:lambda$new$0(51)) - 02863277-f564-4bc6-8337-fb22627f6f1a@group-24C785E9A0FC->3b749b59-de2a-419b-9a26-261692f5c83c: nextIndex: updateUnconditionally 0 -> 0
2019-10-23 12:13:17,576 [3b749b59-de2a-419b-9a26-261692f5c83c@group-24C785E9A0FC-LeaderElection18] INFO  impl.LeaderElection (LeaderElection.java:logAndReturn(56)) - 3b749b59-de2a-419b-9a26-261692f5c83c@group-24C785E9A0FC-LeaderElection18: Election REJECTED; received 0 response(s) [] and 0 exception(s); 3b749b59-de2a-419b-9a26-261692f5c83c@group-24C785E9A0FC:t3, leader=null, voted=null, raftlog=3b749b59-de2a-419b-9a26-261692f5c83c@group-24C785E9A0FC-SegmentedRaftLog:OPENED:c-1,f-1,i0, conf=-1: [3b749b59-de2a-419b-9a26-261692f5c83c:192.168.69.118:39205, ad4d83c7-0f96-47bc-a4e8-7e5d9f844896:192.168.69.118:41688, 02863277-f564-4bc6-8337-fb22627f6f1a:192.168.69.118:36850], old=null
2019-10-23 12:13:17,576 [grpc-default-executor-5] INFO  impl.RaftServerImpl (RaftServerImpl.java:setRole(184)) - 4949cace-0585-430c-97a7-3db1e354cdac@group-55CA4A6792A0: changes role from  FOLLOWER to FOLLOWER at term 4 for recognizeCandidate:d21719ef-fad3-4f0e-b494-842eeedea460
2019-10-23 12:13:17,577 [grpc-default-executor-5] INFO  impl.RoleInfo (RoleInfo.java:shutdownFollowerState(121)) - 4949cace-0585-430c-97a7-3db1e354cdac: shutdown FollowerState
2019-10-23 12:13:17,577 [grpc-default-executor-5] INFO  impl.RoleInfo (RoleInfo.java:updateAndGet(143)) - 4949cace-0585-430c-97a7-3db1e354cdac: start FollowerState
2019-10-23 12:13:17,577 [Thread-418] INFO  impl.FollowerState (FollowerState.java:run(117)) - 4949cace-0585-430c-97a7-3db1e354cdac@group-55CA4A6792A0-FollowerState was interrupted: java.lang.InterruptedException: sleep interrupted
2019-10-23 12:13:17,581 [736d60a2-feff-478b-9de2-63399c9845c9@group-55CA4A6792A0-LeaderElection16] INFO  impl.LeaderElection (LeaderElection.java:logAndReturn(56)) - 736d60a2-feff-478b-9de2-63399c9845c9@group-55CA4A6792A0-LeaderElection16: Election REJECTED; received 2 response(s) [736d60a2-feff-478b-9de2-63399c9845c9<-d21719ef-fad3-4f0e-b494-842eeedea460#0:FAIL-t4, 736d60a2-feff-478b-9de2-63399c9845c9<-4949cace-0585-430c-97a7-3db1e354cdac#0:FAIL-t4] and 0 exception(s); 736d60a2-feff-478b-9de2-63399c9845c9@group-55CA4A6792A0:t4, leader=null, voted=736d60a2-feff-478b-9de2-63399c9845c9, raftlog=736d60a2-feff-478b-9de2-63399c9845c9@group-55CA4A6792A0-SegmentedRaftLog:OPENED:c-1,f-1,i0, conf=-1: [736d60a2-feff-478b-9de2-63399c9845c9:192.168.69.118:36235, d21719ef-fad3-4f0e-b494-842eeedea460:192.168.69.118:45836, 4949cace-0585-430c-97a7-3db1e354cdac:192.168.69.118:33911], old=null
2019-10-23 12:13:17,581 [736d60a2-feff-478b-9de2-63399c9845c9@group-55CA4A6792A0-LeaderElection16] INFO  impl.RaftServerImpl (RaftServerImpl.java:setRole(184)) - 736d60a2-feff-478b-9de2-63399c9845c9@group-55CA4A6792A0: changes role from CANDIDATE to FOLLOWER at term 4 for DISCOVERED_A_NEW_TERM
2019-10-23 12:13:17,582 [736d60a2-feff-478b-9de2-63399c9845c9@group-55CA4A6792A0-LeaderElection16] INFO  impl.RoleInfo (RoleInfo.java:shutdownLeaderElection(134)) - 736d60a2-feff-478b-9de2-63399c9845c9: shutdown LeaderElection
2019-10-23 12:13:17,583 [grpc-default-executor-3] INFO  impl.RaftServerImpl (RaftServerImpl.java:setRole(184)) - 7b74cae2-68bb-403f-9342-7e82e321628a@group-0F120BA276DC: changes role from  FOLLOWER to FOLLOWER at term 1 for recognizeCandidate:787770cd-56b0-4d21-897f-e9f49f0f8295
2019-10-23 12:13:17,585 [grpc-default-executor-3] INFO  impl.RoleInfo (RoleInfo.java:shutdownFollowerState(121)) - 7b74cae2-68bb-403f-9342-7e82e321628a: shutdown FollowerState
2019-10-23 12:13:17,583 [736d60a2-feff-478b-9de2-63399c9845c9@group-55CA4A6792A0-LeaderElection16] INFO  impl.RoleInfo (RoleInfo.java:updateAndGet(143)) - 736d60a2-feff-478b-9de2-63399c9845c9: start FollowerState
2019-10-23 12:13:17,585 [Thread-389] INFO  impl.FollowerState (FollowerState.java:run(117)) - 7b74cae2-68bb-403f-9342-7e82e321628a@group-0F120BA276DC-FollowerState was interrupted: java.lang.InterruptedException: sleep interrupted
2019-10-23 12:13:17,585 [grpc-default-executor-3] INFO  impl.RoleInfo (RoleInfo.java:updateAndGet(143)) - 7b74cae2-68bb-403f-9342-7e82e321628a: start FollowerState
2019-10-23 12:13:17,599 [grpc-default-executor-4] INFO  server.GrpcServerProtocolService (GrpcServerProtocolService.java:onCompleted(113)) - d21719ef-fad3-4f0e-b494-842eeedea460: Completed APPEND_ENTRIES, lastRequest: 4949cace-0585-430c-97a7-3db1e354cdac->d21719ef-fad3-4f0e-b494-842eeedea460#0-t3, previous=(t:0, i:0), leaderCommit=-1, initializing? false, entries: <empty>
2019-10-23 12:13:17,599 [grpc-default-executor-1] INFO  server.GrpcServerProtocolService (GrpcServerProtocolService.java:onCompleted(113)) - 736d60a2-feff-478b-9de2-63399c9845c9: Completed APPEND_ENTRIES, lastRequest: 4949cace-0585-430c-97a7-3db1e354cdac->736d60a2-feff-478b-9de2-63399c9845c9#0-t3, previous=(t:0, i:0), leaderCommit=-1, initializing? false, entries: <empty>
2019-10-23 12:13:17,599 [grpc-default-executor-1] INFO  server.GrpcLogAppender (GrpcLogAppender.java:onCompleted(308)) - 02863277-f564-4bc6-8337-fb22627f6f1a@group-24C785E9A0FC->ad4d83c7-0f96-47bc-a4e8-7e5d9f844896-AppendLogResponseHandler: follower responses appendEntries COMPLETED
2019-10-23 12:13:17,599 [ad4d83c7-0f96-47bc-a4e8-7e5d9f844896@group-24C785E9A0FC-LeaderElection15] INFO  impl.LeaderElection (LeaderElection.java:logAndReturn(56)) - ad4d83c7-0f96-47bc-a4e8-7e5d9f844896@group-24C785E9A0FC-LeaderElection15: Election REJECTED; received 2 response(s) [ad4d83c7-0f96-47bc-a4e8-7e5d9f844896<-3b749b59-de2a-419b-9a26-261692f5c83c#0:FAIL-t3, ad4d83c7-0f96-47bc-a4e8-7e5d9f844896<-02863277-f564-4bc6-8337-fb22627f6f1a#0:FAIL-t3] and 0 exception(s); ad4d83c7-0f96-47bc-a4e8-7e5d9f844896@group-24C785E9A0FC:t3, leader=null, voted=ad4d83c7-0f96-47bc-a4e8-7e5d9f844896, raftlog=ad4d83c7-0f96-47bc-a4e8-7e5d9f844896@group-24C785E9A0FC-SegmentedRaftLog:OPENED:c-1,f-1,i0, conf=-1: [3b749b59-de2a-419b-9a26-261692f5c83c:192.168.69.118:39205, ad4d83c7-0f96-47bc-a4e8-7e5d9f844896:192.168.69.118:41688, 02863277-f564-4bc6-8337-fb22627f6f1a:192.168.69.118:36850], old=null
2019-10-23 12:13:17,600 [ad4d83c7-0f96-47bc-a4e8-7e5d9f844896@group-24C785E9A0FC-LeaderElection15] INFO  impl.RaftServerImpl (RaftServerImpl.java:setRole(184)) - ad4d83c7-0f96-47bc-a4e8-7e5d9f844896@group-24C785E9A0FC: changes role from CANDIDATE to FOLLOWER at term 3 for DISCOVERED_A_NEW_TERM
2019-10-23 12:13:17,602 [ad4d83c7-0f96-47bc-a4e8-7e5d9f844896@group-24C785E9A0FC-LeaderElection15] INFO  impl.RoleInfo (RoleInfo.java:shutdownLeaderElection(134)) - ad4d83c7-0f96-47bc-a4e8-7e5d9f844896: shutdown LeaderElection
2019-10-23 12:13:17,603 [ad4d83c7-0f96-47bc-a4e8-7e5d9f844896@group-24C785E9A0FC-LeaderElection15] INFO  impl.RoleInfo (RoleInfo.java:updateAndGet(143)) - ad4d83c7-0f96-47bc-a4e8-7e5d9f844896: start FollowerState
2019-10-23 12:13:17,603 [d21719ef-fad3-4f0e-b494-842eeedea460@group-55CA4A6792A0-LeaderElection17] INFO  impl.LeaderElection (LeaderElection.java:logAndReturn(56)) - d21719ef-fad3-4f0e-b494-842eeedea460@group-55CA4A6792A0-LeaderElection17: Election REJECTED; received 2 response(s) [d21719ef-fad3-4f0e-b494-842eeedea460<-736d60a2-feff-478b-9de2-63399c9845c9#0:FAIL-t4, d21719ef-fad3-4f0e-b494-842eeedea460<-4949cace-0585-430c-97a7-3db1e354cdac#0:FAIL-t4] and 0 exception(s); d21719ef-fad3-4f0e-b494-842eeedea460@group-55CA4A6792A0:t4, leader=null, voted=d21719ef-fad3-4f0e-b494-842eeedea460, raftlog=d21719ef-fad3-4f0e-b494-842eeedea460@group-55CA4A6792A0-SegmentedRaftLog:OPENED:c-1,f-1,i0, conf=-1: [736d60a2-feff-478b-9de2-63399c9845c9:192.168.69.118:36235, d21719ef-fad3-4f0e-b494-842eeedea460:192.168.69.118:45836, 4949cace-0585-430c-97a7-3db1e354cdac:192.168.69.118:33911], old=null
2019-10-23 12:13:17,606 [d21719ef-fad3-4f0e-b494-842eeedea460@group-55CA4A6792A0-LeaderElection17] INFO  impl.RaftServerImpl (RaftServerImpl.java:setRole(184)) - d21719ef-fad3-4f0e-b494-842eeedea460@group-55CA4A6792A0: changes role from CANDIDATE to FOLLOWER at term 4 for DISCOVERED_A_NEW_TERM
2019-10-23 12:13:17,608 [d21719ef-fad3-4f0e-b494-842eeedea460@group-55CA4A6792A0-LeaderElection17] INFO  impl.RoleInfo (RoleInfo.java:shutdownLeaderElection(134)) - d21719ef-fad3-4f0e-b494-842eeedea460: shutdown LeaderElection
2019-10-23 12:13:17,608 [d21719ef-fad3-4f0e-b494-842eeedea460@group-55CA4A6792A0-LeaderElection17] INFO  impl.RoleInfo (RoleInfo.java:updateAndGet(143)) - d21719ef-fad3-4f0e-b494-842eeedea460: start FollowerState
2019-10-23 12:13:17,608 [grpc-default-executor-4] INFO  server.GrpcLogAppender (GrpcLogAppender.java:onCompleted(308)) - 4949cace-0585-430c-97a7-3db1e354cdac@group-55CA4A6792A0->736d60a2-feff-478b-9de2-63399c9845c9-AppendLogResponseHandler: follower responses appendEntries COMPLETED
2019-10-23 12:13:17,610 [787770cd-56b0-4d21-897f-e9f49f0f8295@group-0F120BA276DC-LeaderElection20] INFO  impl.LeaderElection (LeaderElection.java:logAndReturn(56)) - 787770cd-56b0-4d21-897f-e9f49f0f8295@group-0F120BA276DC-LeaderElection20: Election TIMEOUT; received 1 response(s) [787770cd-56b0-4d21-897f-e9f49f0f8295<-1d5d0298-6e55-4fca-8e63-ae12c20f52e9#0:FAIL-t1] and 0 exception(s); 787770cd-56b0-4d21-897f-e9f49f0f8295@group-0F120BA276DC:t1, leader=null, voted=787770cd-56b0-4d21-897f-e9f49f0f8295, raftlog=787770cd-56b0-4d21-897f-e9f49f0f8295@group-0F120BA276DC-SegmentedRaftLog:OPENED:c-1,f-1,i0, conf=-1: [787770cd-56b0-4d21-897f-e9f49f0f8295:192.168.69.118:42931, 7b74cae2-68bb-403f-9342-7e82e321628a:192.168.69.118:46444, 1d5d0298-6e55-4fca-8e63-ae12c20f52e9:192.168.69.118:39259], old=null
2019-10-23 12:13:17,608 [grpc-default-executor-1] INFO  impl.FollowerInfo (FollowerInfo.java:lambda$new$0(51)) - 02863277-f564-4bc6-8337-fb22627f6f1a@group-24C785E9A0FC->ad4d83c7-0f96-47bc-a4e8-7e5d9f844896: nextIndex: updateUnconditionally 0 -> 0
2019-10-23 12:13:17,611 [grpc-default-executor-3] INFO  server.GrpcLogAppender (GrpcLogAppender.java:onCompleted(308)) - 4949cace-0585-430c-97a7-3db1e354cdac@group-55CA4A6792A0->d21719ef-fad3-4f0e-b494-842eeedea460-AppendLogResponseHandler: follower responses appendEntries COMPLETED
2019-10-23 12:13:17,615 [grpc-default-executor-4] INFO  impl.FollowerInfo (FollowerInfo.java:lambda$new$0(51)) - 4949cace-0585-430c-97a7-3db1e354cdac@group-55CA4A6792A0->736d60a2-feff-478b-9de2-63399c9845c9: nextIndex: updateUnconditionally 0 -> 0
2019-10-23 12:13:17,629 [grpc-default-executor-3] INFO  impl.FollowerInfo (FollowerInfo.java:lambda$new$0(51)) - 4949cace-0585-430c-97a7-3db1e354cdac@group-55CA4A6792A0->d21719ef-fad3-4f0e-b494-842eeedea460: nextIndex: updateUnconditionally 0 -> 0
2019-10-23 12:13:17,630 [1d5d0298-6e55-4fca-8e63-ae12c20f52e9@group-0F120BA276DC-LeaderElection19] INFO  impl.LeaderElection (LeaderElection.java:logAndReturn(56)) - 1d5d0298-6e55-4fca-8e63-ae12c20f52e9@group-0F120BA276DC-LeaderElection19: Election REJECTED; received 2 response(s) [1d5d0298-6e55-4fca-8e63-ae12c20f52e9<-787770cd-56b0-4d21-897f-e9f49f0f8295#0:FAIL-t1, 1d5d0298-6e55-4fca-8e63-ae12c20f52e9<-7b74cae2-68bb-403f-9342-7e82e321628a#0:FAIL-t1] and 0 exception(s); 1d5d0298-6e55-4fca-8e63-ae12c20f52e9@group-0F120BA276DC:t1, leader=null, voted=1d5d0298-6e55-4fca-8e63-ae12c20f52e9, raftlog=1d5d0298-6e55-4fca-8e63-ae12c20f52e9@group-0F120BA276DC-SegmentedRaftLog:OPENED:c-1,f-1,i0, conf=-1: [787770cd-56b0-4d21-897f-e9f49f0f8295:192.168.69.118:42931, 7b74cae2-68bb-403f-9342-7e82e321628a:192.168.69.118:46444, 1d5d0298-6e55-4fca-8e63-ae12c20f52e9:192.168.69.118:39259], old=null
2019-10-23 12:13:17,630 [1d5d0298-6e55-4fca-8e63-ae12c20f52e9@group-0F120BA276DC-LeaderElection19] INFO  impl.RaftServerImpl (RaftServerImpl.java:setRole(184)) - 1d5d0298-6e55-4fca-8e63-ae12c20f52e9@group-0F120BA276DC: changes role from CANDIDATE to FOLLOWER at term 1 for DISCOVERED_A_NEW_TERM
2019-10-23 12:13:17,630 [1d5d0298-6e55-4fca-8e63-ae12c20f52e9@group-0F120BA276DC-LeaderElection19] INFO  impl.RoleInfo (RoleInfo.java:shutdownLeaderElection(134)) - 1d5d0298-6e55-4fca-8e63-ae12c20f52e9: shutdown LeaderElection
2019-10-23 12:13:17,630 [1d5d0298-6e55-4fca-8e63-ae12c20f52e9@group-0F120BA276DC-LeaderElection19] INFO  impl.RoleInfo (RoleInfo.java:updateAndGet(143)) - 1d5d0298-6e55-4fca-8e63-ae12c20f52e9: start FollowerState
2019-10-23 12:13:17,632 [787770cd-56b0-4d21-897f-e9f49f0f8295@group-0F120BA276DC-LeaderElection20] INFO  impl.LeaderElection (LeaderElection.java:askForVotes(178)) - 787770cd-56b0-4d21-897f-e9f49f0f8295@group-0F120BA276DC-LeaderElection20: begin an election at term 2 for -1: [787770cd-56b0-4d21-897f-e9f49f0f8295:192.168.69.118:42931, 7b74cae2-68bb-403f-9342-7e82e321628a:192.168.69.118:46444, 1d5d0298-6e55-4fca-8e63-ae12c20f52e9:192.168.69.118:39259], old=null
2019-10-23 12:13:17,651 [grpc-default-executor-4] INFO  impl.RaftServerImpl (RaftServerImpl.java:setRole(184)) - 1d5d0298-6e55-4fca-8e63-ae12c20f52e9@group-0F120BA276DC: changes role from  FOLLOWER to FOLLOWER at term 2 for recognizeCandidate:787770cd-56b0-4d21-897f-e9f49f0f8295
2019-10-23 12:13:17,651 [grpc-default-executor-3] INFO  impl.RaftServerImpl (RaftServerImpl.java:setRole(184)) - 7b74cae2-68bb-403f-9342-7e82e321628a@group-0F120BA276DC: changes role from  FOLLOWER to FOLLOWER at term 2 for recognizeCandidate:787770cd-56b0-4d21-897f-e9f49f0f8295
2019-10-23 12:13:17,651 [grpc-default-executor-4] INFO  impl.RoleInfo (RoleInfo.java:shutdownFollowerState(121)) - 1d5d0298-6e55-4fca-8e63-ae12c20f52e9: shutdown FollowerState
2019-10-23 12:13:17,651 [grpc-default-executor-3] INFO  impl.RoleInfo (RoleInfo.java:shutdownFollowerState(121)) - 7b74cae2-68bb-403f-9342-7e82e321628a: shutdown FollowerState
2019-10-23 12:13:17,651 [Thread-426] INFO  impl.FollowerState (FollowerState.java:run(117)) - 1d5d0298-6e55-4fca-8e63-ae12c20f52e9@group-0F120BA276DC-FollowerState was interrupted: java.lang.InterruptedException: sleep interrupted
2019-10-23 12:13:17,651 [grpc-default-executor-3] INFO  impl.RoleInfo (RoleInfo.java:updateAndGet(143)) - 7b74cae2-68bb-403f-9342-7e82e321628a: start FollowerState
2019-10-23 12:13:17,651 [grpc-default-executor-4] INFO  impl.RoleInfo (RoleInfo.java:updateAndGet(143)) - 1d5d0298-6e55-4fca-8e63-ae12c20f52e9: start FollowerState
2019-10-23 12:13:17,651 [Thread-423] INFO  impl.FollowerState (FollowerState.java:run(117)) - 7b74cae2-68bb-403f-9342-7e82e321628a@group-0F120BA276DC-FollowerState was interrupted: java.lang.InterruptedException: sleep interrupted
2019-10-23 12:13:17,670 [787770cd-56b0-4d21-897f-e9f49f0f8295@group-0F120BA276DC-LeaderElection20] INFO  impl.LeaderElection (LeaderElection.java:logAndReturn(56)) - 787770cd-56b0-4d21-897f-e9f49f0f8295@group-0F120BA276DC-LeaderElection20: Election PASSED; received 1 response(s) [787770cd-56b0-4d21-897f-e9f49f0f8295<-1d5d0298-6e55-4fca-8e63-ae12c20f52e9#0:OK-t2] and 0 exception(s); 787770cd-56b0-4d21-897f-e9f49f0f8295@group-0F120BA276DC:t2, leader=null, voted=787770cd-56b0-4d21-897f-e9f49f0f8295, raftlog=787770cd-56b0-4d21-897f-e9f49f0f8295@group-0F120BA276DC-SegmentedRaftLog:OPENED:c-1,f-1,i0, conf=-1: [787770cd-56b0-4d21-897f-e9f49f0f8295:192.168.69.118:42931, 7b74cae2-68bb-403f-9342-7e82e321628a:192.168.69.118:46444, 1d5d0298-6e55-4fca-8e63-ae12c20f52e9:192.168.69.118:39259], old=null
2019-10-23 12:13:17,670 [787770cd-56b0-4d21-897f-e9f49f0f8295@group-0F120BA276DC-LeaderElection20] INFO  impl.RoleInfo (RoleInfo.java:shutdownLeaderElection(134)) - 787770cd-56b0-4d21-897f-e9f49f0f8295: shutdown LeaderElection
2019-10-23 12:13:17,670 [main] INFO  rpc.RpcClient (RpcClient.java:createVolume(272)) - Creating Volume: datanodefailurehandlingtest, with jenkins1000 as owner.
2019-10-23 12:13:17,671 [787770cd-56b0-4d21-897f-e9f49f0f8295@group-0F120BA276DC-LeaderElection20] INFO  impl.RaftServerImpl (RaftServerImpl.java:setRole(184)) - 787770cd-56b0-4d21-897f-e9f49f0f8295@group-0F120BA276DC: changes role from CANDIDATE to LEADER at term 2 for changeToLeader
2019-10-23 12:13:17,671 [787770cd-56b0-4d21-897f-e9f49f0f8295@group-0F120BA276DC-LeaderElection20] INFO  impl.RaftServerImpl (ServerState.java:setLeader(256)) - 787770cd-56b0-4d21-897f-e9f49f0f8295@group-0F120BA276DC: change Leader from null to 787770cd-56b0-4d21-897f-e9f49f0f8295 at term 2 for becomeLeader, leader elected after 578ms
2019-10-23 12:13:17,671 [787770cd-56b0-4d21-897f-e9f49f0f8295@group-0F120BA276DC-LeaderElection20] INFO  server.RaftServerConfigKeys (ConfUtils.java:logGet(43)) - raft.server.staging.catchup.gap = 1000 (default)
2019-10-23 12:13:17,671 [787770cd-56b0-4d21-897f-e9f49f0f8295@group-0F120BA276DC-LeaderElection20] INFO  server.RaftServerConfigKeys (ConfUtils.java:logGet(43)) - raft.server.rpc.sleep.time = 25ms (default)
2019-10-23 12:13:17,672 [787770cd-56b0-4d21-897f-e9f49f0f8295@group-0F120BA276DC-LeaderElection20] INFO  server.RaftServerConfigKeys (ConfUtils.java:logGet(43)) - raft.server.write.element-limit = 4096 (default)
2019-10-23 12:13:17,672 [787770cd-56b0-4d21-897f-e9f49f0f8295@group-0F120BA276DC-LeaderElection20] INFO  server.RaftServerConfigKeys (ConfUtils.java:logGet(43)) - raft.server.watch.timeout = 10s (default)
2019-10-23 12:13:17,672 [787770cd-56b0-4d21-897f-e9f49f0f8295@group-0F120BA276DC-LeaderElection20] INFO  server.RaftServerConfigKeys (ConfUtils.java:logGet(43)) - raft.server.watch.timeout.denomination = 1s (default)
2019-10-23 12:13:17,672 [787770cd-56b0-4d21-897f-e9f49f0f8295@group-0F120BA276DC-LeaderElection20] INFO  server.RaftServerConfigKeys (ConfUtils.java:logGet(43)) - raft.server.watch.element-limit = 65536 (default)
2019-10-23 12:13:17,673 [787770cd-56b0-4d21-897f-e9f49f0f8295@group-0F120BA276DC-LeaderElection20] INFO  server.RaftServerConfigKeys (ConfUtils.java:logGet(43)) - raft.server.log.appender.snapshot.chunk.size.max = 16MB (=16777216) (default)
2019-10-23 12:13:17,674 [787770cd-56b0-4d21-897f-e9f49f0f8295@group-0F120BA276DC-LeaderElection20] INFO  server.RaftServerConfigKeys (ConfUtils.java:logGet(43)) - raft.server.log.appender.buffer.byte-limit = 33554432 (custom)
2019-10-23 12:13:17,674 [787770cd-56b0-4d21-897f-e9f49f0f8295@group-0F120BA276DC-LeaderElection20] INFO  server.RaftServerConfigKeys (ConfUtils.java:logGet(43)) - raft.server.log.appender.buffer.element-limit = 1 (custom)
2019-10-23 12:13:17,674 [787770cd-56b0-4d21-897f-e9f49f0f8295@group-0F120BA276DC-LeaderElection20] INFO  grpc.GrpcConfigKeys$Server (ConfUtils.java:logGet(43)) - raft.grpc.server.leader.outstanding.appends.max = 128 (default)
2019-10-23 12:13:17,674 [787770cd-56b0-4d21-897f-e9f49f0f8295@group-0F120BA276DC-LeaderElection20] INFO  server.RaftServerConfigKeys (ConfUtils.java:logGet(43)) - raft.server.rpc.request.timeout = 3000ms (default)
2019-10-23 12:13:17,674 [787770cd-56b0-4d21-897f-e9f49f0f8295@group-0F120BA276DC-LeaderElection20] INFO  server.RaftServerConfigKeys (ConfUtils.java:logGet(43)) - raft.server.log.appender.install.snapshot.enabled = false (custom)
2019-10-23 12:13:17,675 [787770cd-56b0-4d21-897f-e9f49f0f8295@group-0F120BA276DC-LeaderElection20] INFO  server.RaftServerConfigKeys (ConfUtils.java:logGet(43)) - raft.server.log.appender.snapshot.chunk.size.max = 16MB (=16777216) (default)
2019-10-23 12:13:17,677 [787770cd-56b0-4d21-897f-e9f49f0f8295@group-0F120BA276DC-LeaderElection20] INFO  server.RaftServerConfigKeys (ConfUtils.java:logGet(43)) - raft.server.log.appender.buffer.byte-limit = 33554432 (custom)
2019-10-23 12:13:17,677 [787770cd-56b0-4d21-897f-e9f49f0f8295@group-0F120BA276DC-LeaderElection20] INFO  server.RaftServerConfigKeys (ConfUtils.java:logGet(43)) - raft.server.log.appender.buffer.element-limit = 1 (custom)
2019-10-23 12:13:17,677 [787770cd-56b0-4d21-897f-e9f49f0f8295@group-0F120BA276DC-LeaderElection20] INFO  grpc.GrpcConfigKeys$Server (ConfUtils.java:logGet(43)) - raft.grpc.server.leader.outstanding.appends.max = 128 (default)
2019-10-23 12:13:17,677 [787770cd-56b0-4d21-897f-e9f49f0f8295@group-0F120BA276DC-LeaderElection20] INFO  server.RaftServerConfigKeys (ConfUtils.java:logGet(43)) - raft.server.rpc.request.timeout = 3000ms (default)
2019-10-23 12:13:17,677 [787770cd-56b0-4d21-897f-e9f49f0f8295@group-0F120BA276DC-LeaderElection20] INFO  server.RaftServerConfigKeys (ConfUtils.java:logGet(43)) - raft.server.log.appender.install.snapshot.enabled = false (custom)
2019-10-23 12:13:17,678 [787770cd-56b0-4d21-897f-e9f49f0f8295@group-0F120BA276DC-LeaderElection20] INFO  impl.RoleInfo (RoleInfo.java:updateAndGet(143)) - 787770cd-56b0-4d21-897f-e9f49f0f8295: start LeaderState
2019-10-23 12:13:17,679 [787770cd-56b0-4d21-897f-e9f49f0f8295@group-0F120BA276DC-LeaderElection20] INFO  segmented.SegmentedRaftLogWorker (SegmentedRaftLogWorker.java:startLogSegment(385)) - 787770cd-56b0-4d21-897f-e9f49f0f8295@group-0F120BA276DC-SegmentedRaftLogWorker: Starting segment from index:0
2019-10-23 12:13:17,679 [787770cd-56b0-4d21-897f-e9f49f0f8295@group-0F120BA276DC-LeaderElection20] INFO  impl.RaftServerImpl (ServerState.java:setRaftConf(357)) - 787770cd-56b0-4d21-897f-e9f49f0f8295@group-0F120BA276DC: set configuration 0: [787770cd-56b0-4d21-897f-e9f49f0f8295:192.168.69.118:42931, 7b74cae2-68bb-403f-9342-7e82e321628a:192.168.69.118:46444, 1d5d0298-6e55-4fca-8e63-ae12c20f52e9:192.168.69.118:39259], old=null at 0
2019-10-23 12:13:17,682 [grpc-default-executor-3] INFO  impl.RaftServerImpl (ServerState.java:setLeader(256)) - 7b74cae2-68bb-403f-9342-7e82e321628a@group-0F120BA276DC: change Leader from null to 787770cd-56b0-4d21-897f-e9f49f0f8295 at term 2 for appendEntries, leader elected after 588ms
2019-10-23 12:13:17,682 [grpc-default-executor-4] INFO  impl.RaftServerImpl (ServerState.java:setLeader(256)) - 1d5d0298-6e55-4fca-8e63-ae12c20f52e9@group-0F120BA276DC: change Leader from null to 787770cd-56b0-4d21-897f-e9f49f0f8295 at term 2 for appendEntries, leader elected after 588ms
2019-10-23 12:13:17,702 [Thread-425] INFO  impl.FollowerState (FollowerState.java:run(108)) - d21719ef-fad3-4f0e-b494-842eeedea460@group-55CA4A6792A0-FollowerState: change to CANDIDATE, lastRpcTime:93ms, electionTimeout:78ms
2019-10-23 12:13:17,702 [Thread-425] INFO  impl.RoleInfo (RoleInfo.java:shutdownFollowerState(121)) - d21719ef-fad3-4f0e-b494-842eeedea460: shutdown FollowerState
2019-10-23 12:13:17,702 [Thread-425] INFO  impl.RaftServerImpl (RaftServerImpl.java:setRole(184)) - d21719ef-fad3-4f0e-b494-842eeedea460@group-55CA4A6792A0: changes role from  FOLLOWER to CANDIDATE at term 4 for changeToCandidate
2019-10-23 12:13:17,703 [Thread-425] INFO  impl.RoleInfo (RoleInfo.java:updateAndGet(143)) - d21719ef-fad3-4f0e-b494-842eeedea460: start LeaderElection
2019-10-23 12:13:17,715 [787770cd-56b0-4d21-897f-e9f49f0f8295@group-0F120BA276DC-SegmentedRaftLogWorker] INFO  segmented.SegmentedRaftLogWorker (SegmentedRaftLogWorker.java:execute(576)) - 787770cd-56b0-4d21-897f-e9f49f0f8295@group-0F120BA276DC-SegmentedRaftLogWorker: created new log segment /workdir/hadoop-ozone/integration-test/target/test-dir/MiniOzoneClusterImpl-f0805996-b414-4d96-aefa-ea3288852db6/datanode-7/data/ratis/929a5c7a-1fa8-4211-83d2-0f120ba276dc/current/log_inprogress_0
2019-10-23 12:13:17,715 [d21719ef-fad3-4f0e-b494-842eeedea460@group-55CA4A6792A0-LeaderElection21] INFO  impl.LeaderElection (LeaderElection.java:askForVotes(178)) - d21719ef-fad3-4f0e-b494-842eeedea460@group-55CA4A6792A0-LeaderElection21: begin an election at term 5 for -1: [736d60a2-feff-478b-9de2-63399c9845c9:192.168.69.118:36235, d21719ef-fad3-4f0e-b494-842eeedea460:192.168.69.118:45836, 4949cace-0585-430c-97a7-3db1e354cdac:192.168.69.118:33911], old=null
2019-10-23 12:13:17,717 [grpc-default-executor-4] INFO  impl.RaftServerImpl (RaftServerImpl.java:setRole(184)) - 4949cace-0585-430c-97a7-3db1e354cdac@group-55CA4A6792A0: changes role from  FOLLOWER to FOLLOWER at term 5 for recognizeCandidate:d21719ef-fad3-4f0e-b494-842eeedea460
2019-10-23 12:13:17,717 [grpc-default-executor-4] INFO  impl.RoleInfo (RoleInfo.java:shutdownFollowerState(121)) - 4949cace-0585-430c-97a7-3db1e354cdac: shutdown FollowerState
2019-10-23 12:13:17,718 [Thread-421] INFO  impl.FollowerState (FollowerState.java:run(117)) - 4949cace-0585-430c-97a7-3db1e354cdac@group-55CA4A6792A0-FollowerState was interrupted: java.lang.InterruptedException: sleep interrupted
2019-10-23 12:13:17,718 [grpc-default-executor-3] INFO  impl.RaftServerImpl (RaftServerImpl.java:setRole(184)) - 736d60a2-feff-478b-9de2-63399c9845c9@group-55CA4A6792A0: changes role from  FOLLOWER to FOLLOWER at term 5 for recognizeCandidate:d21719ef-fad3-4f0e-b494-842eeedea460
2019-10-23 12:13:17,718 [grpc-default-executor-4] INFO  impl.RoleInfo (RoleInfo.java:updateAndGet(143)) - 4949cace-0585-430c-97a7-3db1e354cdac: start FollowerState
2019-10-23 12:13:17,719 [grpc-default-executor-3] INFO  impl.RoleInfo (RoleInfo.java:shutdownFollowerState(121)) - 736d60a2-feff-478b-9de2-63399c9845c9: shutdown FollowerState
2019-10-23 12:13:17,719 [grpc-default-executor-3] INFO  impl.RoleInfo (RoleInfo.java:updateAndGet(143)) - 736d60a2-feff-478b-9de2-63399c9845c9: start FollowerState
2019-10-23 12:13:17,719 [Thread-422] INFO  impl.FollowerState (FollowerState.java:run(117)) - 736d60a2-feff-478b-9de2-63399c9845c9@group-55CA4A6792A0-FollowerState was interrupted: java.lang.InterruptedException: sleep interrupted
2019-10-23 12:13:17,723 [grpc-default-executor-5] INFO  impl.RaftServerImpl (ServerState.java:setRaftConf(357)) - 7b74cae2-68bb-403f-9342-7e82e321628a@group-0F120BA276DC: set configuration 0: [787770cd-56b0-4d21-897f-e9f49f0f8295:192.168.69.118:42931, 7b74cae2-68bb-403f-9342-7e82e321628a:192.168.69.118:46444, 1d5d0298-6e55-4fca-8e63-ae12c20f52e9:192.168.69.118:39259], old=null at 0
2019-10-23 12:13:17,723 [grpc-default-executor-1] INFO  impl.RaftServerImpl (ServerState.java:setRaftConf(357)) - 1d5d0298-6e55-4fca-8e63-ae12c20f52e9@group-0F120BA276DC: set configuration 0: [787770cd-56b0-4d21-897f-e9f49f0f8295:192.168.69.118:42931, 7b74cae2-68bb-403f-9342-7e82e321628a:192.168.69.118:46444, 1d5d0298-6e55-4fca-8e63-ae12c20f52e9:192.168.69.118:39259], old=null at 0
2019-10-23 12:13:17,723 [grpc-default-executor-5] INFO  segmented.SegmentedRaftLogWorker (SegmentedRaftLogWorker.java:startLogSegment(385)) - 7b74cae2-68bb-403f-9342-7e82e321628a@group-0F120BA276DC-SegmentedRaftLogWorker: Starting segment from index:0
2019-10-23 12:13:17,723 [grpc-default-executor-1] INFO  segmented.SegmentedRaftLogWorker (SegmentedRaftLogWorker.java:startLogSegment(385)) - 1d5d0298-6e55-4fca-8e63-ae12c20f52e9@group-0F120BA276DC-SegmentedRaftLogWorker: Starting segment from index:0
2019-10-23 12:13:17,754 [Thread-416] INFO  impl.FollowerState (FollowerState.java:run(108)) - 3b749b59-de2a-419b-9a26-261692f5c83c@group-24C785E9A0FC-FollowerState: change to CANDIDATE, lastRpcTime:215ms, electionTimeout:183ms
2019-10-23 12:13:17,754 [d21719ef-fad3-4f0e-b494-842eeedea460@group-55CA4A6792A0-LeaderElection21] INFO  impl.LeaderElection (LeaderElection.java:logAndReturn(56)) - d21719ef-fad3-4f0e-b494-842eeedea460@group-55CA4A6792A0-LeaderElection21: Election PASSED; received 1 response(s) [d21719ef-fad3-4f0e-b494-842eeedea460<-736d60a2-feff-478b-9de2-63399c9845c9#0:OK-t5] and 0 exception(s); d21719ef-fad3-4f0e-b494-842eeedea460@group-55CA4A6792A0:t5, leader=null, voted=d21719ef-fad3-4f0e-b494-842eeedea460, raftlog=d21719ef-fad3-4f0e-b494-842eeedea460@group-55CA4A6792A0-SegmentedRaftLog:OPENED:c-1,f-1,i0, conf=-1: [736d60a2-feff-478b-9de2-63399c9845c9:192.168.69.118:36235, d21719ef-fad3-4f0e-b494-842eeedea460:192.168.69.118:45836, 4949cace-0585-430c-97a7-3db1e354cdac:192.168.69.118:33911], old=null
2019-10-23 12:13:17,754 [Thread-416] INFO  impl.RoleInfo (RoleInfo.java:shutdownFollowerState(121)) - 3b749b59-de2a-419b-9a26-261692f5c83c: shutdown FollowerState
2019-10-23 12:13:17,754 [d21719ef-fad3-4f0e-b494-842eeedea460@group-55CA4A6792A0-LeaderElection21] INFO  impl.RoleInfo (RoleInfo.java:shutdownLeaderElection(134)) - d21719ef-fad3-4f0e-b494-842eeedea460: shutdown LeaderElection
2019-10-23 12:13:17,756 [Thread-416] INFO  impl.RaftServerImpl (RaftServerImpl.java:setRole(184)) - 3b749b59-de2a-419b-9a26-261692f5c83c@group-24C785E9A0FC: changes role from  FOLLOWER to CANDIDATE at term 3 for changeToCandidate
2019-10-23 12:13:17,756 [d21719ef-fad3-4f0e-b494-842eeedea460@group-55CA4A6792A0-LeaderElection21] INFO  impl.RaftServerImpl (RaftServerImpl.java:setRole(184)) - d21719ef-fad3-4f0e-b494-842eeedea460@group-55CA4A6792A0: changes role from CANDIDATE to LEADER at term 5 for changeToLeader
2019-10-23 12:13:17,757 [Thread-416] INFO  impl.RoleInfo (RoleInfo.java:updateAndGet(143)) - 3b749b59-de2a-419b-9a26-261692f5c83c: start LeaderElection
2019-10-23 12:13:17,757 [d21719ef-fad3-4f0e-b494-842eeedea460@group-55CA4A6792A0-LeaderElection21] INFO  impl.RaftServerImpl (ServerState.java:setLeader(256)) - d21719ef-fad3-4f0e-b494-842eeedea460@group-55CA4A6792A0: change Leader from null to d21719ef-fad3-4f0e-b494-842eeedea460 at term 5 for becomeLeader, leader elected after 1152ms
2019-10-23 12:13:17,757 [d21719ef-fad3-4f0e-b494-842eeedea460@group-55CA4A6792A0-LeaderElection21] INFO  server.RaftServerConfigKeys (ConfUtils.java:logGet(43)) - raft.server.staging.catchup.gap = 1000 (default)
2019-10-23 12:13:17,757 [d21719ef-fad3-4f0e-b494-842eeedea460@group-55CA4A6792A0-LeaderElection21] INFO  server.RaftServerConfigKeys (ConfUtils.java:logGet(43)) - raft.server.rpc.sleep.time = 25ms (default)
2019-10-23 12:13:17,757 [d21719ef-fad3-4f0e-b494-842eeedea460@group-55CA4A6792A0-LeaderElection21] INFO  server.RaftServerConfigKeys (ConfUtils.java:logGet(43)) - raft.server.write.element-limit = 4096 (default)
2019-10-23 12:13:17,759 [d21719ef-fad3-4f0e-b494-842eeedea460@group-55CA4A6792A0-LeaderElection21] INFO  server.RaftServerConfigKeys (ConfUtils.java:logGet(43)) - raft.server.watch.timeout = 10s (default)
2019-10-23 12:13:17,759 [d21719ef-fad3-4f0e-b494-842eeedea460@group-55CA4A6792A0-LeaderElection21] INFO  server.RaftServerConfigKeys (ConfUtils.java:logGet(43)) - raft.server.watch.timeout.denomination = 1s (default)
2019-10-23 12:13:17,759 [d21719ef-fad3-4f0e-b494-842eeedea460@group-55CA4A6792A0-LeaderElection21] INFO  server.RaftServerConfigKeys (ConfUtils.java:logGet(43)) - raft.server.watch.element-limit = 65536 (default)
2019-10-23 12:13:17,760 [d21719ef-fad3-4f0e-b494-842eeedea460@group-55CA4A6792A0-LeaderElection21] INFO  server.RaftServerConfigKeys (ConfUtils.java:logGet(43)) - raft.server.log.appender.snapshot.chunk.size.max = 16MB (=16777216) (default)
2019-10-23 12:13:17,761 [d21719ef-fad3-4f0e-b494-842eeedea460@group-55CA4A6792A0-LeaderElection21] INFO  server.RaftServerConfigKeys (ConfUtils.java:logGet(43)) - raft.server.log.appender.buffer.byte-limit = 33554432 (custom)
2019-10-23 12:13:17,761 [d21719ef-fad3-4f0e-b494-842eeedea460@group-55CA4A6792A0-LeaderElection21] INFO  server.RaftServerConfigKeys (ConfUtils.java:logGet(43)) - raft.server.log.appender.buffer.element-limit = 1 (custom)
2019-10-23 12:13:17,761 [d21719ef-fad3-4f0e-b494-842eeedea460@group-55CA4A6792A0-LeaderElection21] INFO  grpc.GrpcConfigKeys$Server (ConfUtils.java:logGet(43)) - raft.grpc.server.leader.outstanding.appends.max = 128 (default)
2019-10-23 12:13:17,761 [d21719ef-fad3-4f0e-b494-842eeedea460@group-55CA4A6792A0-LeaderElection21] INFO  server.RaftServerConfigKeys (ConfUtils.java:logGet(43)) - raft.server.rpc.request.timeout = 3000ms (default)
2019-10-23 12:13:17,761 [d21719ef-fad3-4f0e-b494-842eeedea460@group-55CA4A6792A0-LeaderElection21] INFO  server.RaftServerConfigKeys (ConfUtils.java:logGet(43)) - raft.server.log.appender.install.snapshot.enabled = false (custom)
2019-10-23 12:13:17,762 [d21719ef-fad3-4f0e-b494-842eeedea460@group-55CA4A6792A0-LeaderElection21] INFO  server.RaftServerConfigKeys (ConfUtils.java:logGet(43)) - raft.server.log.appender.snapshot.chunk.size.max = 16MB (=16777216) (default)
2019-10-23 12:13:17,762 [d21719ef-fad3-4f0e-b494-842eeedea460@group-55CA4A6792A0-LeaderElection21] INFO  server.RaftServerConfigKeys (ConfUtils.java:logGet(43)) - raft.server.log.appender.buffer.byte-limit = 33554432 (custom)
2019-10-23 12:13:17,763 [d21719ef-fad3-4f0e-b494-842eeedea460@group-55CA4A6792A0-LeaderElection21] INFO  server.RaftServerConfigKeys (ConfUtils.java:logGet(43)) - raft.server.log.appender.buffer.element-limit = 1 (custom)
2019-10-23 12:13:17,763 [d21719ef-fad3-4f0e-b494-842eeedea460@group-55CA4A6792A0-LeaderElection21] INFO  grpc.GrpcConfigKeys$Server (ConfUtils.java:logGet(43)) - raft.grpc.server.leader.outstanding.appends.max = 128 (default)
2019-10-23 12:13:17,763 [d21719ef-fad3-4f0e-b494-842eeedea460@group-55CA4A6792A0-LeaderElection21] INFO  server.RaftServerConfigKeys (ConfUtils.java:logGet(43)) - raft.server.rpc.request.timeout = 3000ms (default)
2019-10-23 12:13:17,763 [d21719ef-fad3-4f0e-b494-842eeedea460@group-55CA4A6792A0-LeaderElection21] INFO  server.RaftServerConfigKeys (ConfUtils.java:logGet(43)) - raft.server.log.appender.install.snapshot.enabled = false (custom)
2019-10-23 12:13:17,764 [d21719ef-fad3-4f0e-b494-842eeedea460@group-55CA4A6792A0-LeaderElection21] INFO  impl.RoleInfo (RoleInfo.java:updateAndGet(143)) - d21719ef-fad3-4f0e-b494-842eeedea460: start LeaderState
2019-10-23 12:13:17,765 [d21719ef-fad3-4f0e-b494-842eeedea460@group-55CA4A6792A0-LeaderElection21] INFO  segmented.SegmentedRaftLogWorker (SegmentedRaftLogWorker.java:startLogSegment(385)) - d21719ef-fad3-4f0e-b494-842eeedea460@group-55CA4A6792A0-SegmentedRaftLogWorker: Starting segment from index:0
2019-10-23 12:13:17,765 [d21719ef-fad3-4f0e-b494-842eeedea460@group-55CA4A6792A0-LeaderElection21] INFO  impl.RaftServerImpl (ServerState.java:setRaftConf(357)) - d21719ef-fad3-4f0e-b494-842eeedea460@group-55CA4A6792A0: set configuration 0: [736d60a2-feff-478b-9de2-63399c9845c9:192.168.69.118:36235, d21719ef-fad3-4f0e-b494-842eeedea460:192.168.69.118:45836, 4949cace-0585-430c-97a7-3db1e354cdac:192.168.69.118:33911], old=null at 0
2019-10-23 12:13:17,790 [1d5d0298-6e55-4fca-8e63-ae12c20f52e9@group-0F120BA276DC-SegmentedRaftLogWorker] INFO  segmented.SegmentedRaftLogWorker (SegmentedRaftLogWorker.java:execute(576)) - 1d5d0298-6e55-4fca-8e63-ae12c20f52e9@group-0F120BA276DC-SegmentedRaftLogWorker: created new log segment /workdir/hadoop-ozone/integration-test/target/test-dir/MiniOzoneClusterImpl-f0805996-b414-4d96-aefa-ea3288852db6/datanode-4/data/ratis/929a5c7a-1fa8-4211-83d2-0f120ba276dc/current/log_inprogress_0
2019-10-23 12:13:17,790 [3b749b59-de2a-419b-9a26-261692f5c83c@group-24C785E9A0FC-LeaderElection22] INFO  impl.LeaderElection (LeaderElection.java:askForVotes(178)) - 3b749b59-de2a-419b-9a26-261692f5c83c@group-24C785E9A0FC-LeaderElection22: begin an election at term 4 for -1: [3b749b59-de2a-419b-9a26-261692f5c83c:192.168.69.118:39205, ad4d83c7-0f96-47bc-a4e8-7e5d9f844896:192.168.69.118:41688, 02863277-f564-4bc6-8337-fb22627f6f1a:192.168.69.118:36850], old=null
2019-10-23 12:13:17,790 [7b74cae2-68bb-403f-9342-7e82e321628a@group-0F120BA276DC-SegmentedRaftLogWorker] INFO  segmented.SegmentedRaftLogWorker (SegmentedRaftLogWorker.java:execute(576)) - 7b74cae2-68bb-403f-9342-7e82e321628a@group-0F120BA276DC-SegmentedRaftLogWorker: created new log segment /workdir/hadoop-ozone/integration-test/target/test-dir/MiniOzoneClusterImpl-f0805996-b414-4d96-aefa-ea3288852db6/datanode-8/data/ratis/929a5c7a-1fa8-4211-83d2-0f120ba276dc/current/log_inprogress_0
2019-10-23 12:13:17,790 [grpc-default-executor-4] INFO  impl.RaftServerImpl (ServerState.java:setLeader(256)) - 736d60a2-feff-478b-9de2-63399c9845c9@group-55CA4A6792A0: change Leader from null to d21719ef-fad3-4f0e-b494-842eeedea460 at term 5 for appendEntries, leader elected after 1186ms
2019-10-23 12:13:17,790 [grpc-default-executor-3] INFO  impl.RaftServerImpl (ServerState.java:setLeader(256)) - 4949cace-0585-430c-97a7-3db1e354cdac@group-55CA4A6792A0: change Leader from null to d21719ef-fad3-4f0e-b494-842eeedea460 at term 5 for appendEntries, leader elected after 249ms
2019-10-23 12:13:17,792 [Thread-424] INFO  impl.FollowerState (FollowerState.java:run(108)) - ad4d83c7-0f96-47bc-a4e8-7e5d9f844896@group-24C785E9A0FC-FollowerState: change to CANDIDATE, lastRpcTime:188ms, electionTimeout:186ms
2019-10-23 12:13:17,792 [Thread-424] INFO  impl.RoleInfo (RoleInfo.java:shutdownFollowerState(121)) - ad4d83c7-0f96-47bc-a4e8-7e5d9f844896: shutdown FollowerState
2019-10-23 12:13:17,792 [Thread-424] INFO  impl.RaftServerImpl (RaftServerImpl.java:setRole(184)) - ad4d83c7-0f96-47bc-a4e8-7e5d9f844896@group-24C785E9A0FC: changes role from  FOLLOWER to CANDIDATE at term 3 for changeToCandidate
2019-10-23 12:13:17,792 [Thread-424] INFO  impl.RoleInfo (RoleInfo.java:updateAndGet(143)) - ad4d83c7-0f96-47bc-a4e8-7e5d9f844896: start LeaderElection
2019-10-23 12:13:17,794 [grpc-default-executor-3] INFO  impl.RaftServerImpl (RaftServerImpl.java:setRole(184)) - 02863277-f564-4bc6-8337-fb22627f6f1a@group-24C785E9A0FC: changes role from  FOLLOWER to FOLLOWER at term 4 for recognizeCandidate:3b749b59-de2a-419b-9a26-261692f5c83c
2019-10-23 12:13:17,794 [grpc-default-executor-3] INFO  impl.RoleInfo (RoleInfo.java:shutdownFollowerState(121)) - 02863277-f564-4bc6-8337-fb22627f6f1a: shutdown FollowerState
2019-10-23 12:13:17,795 [Thread-417] INFO  impl.FollowerState (FollowerState.java:run(117)) - 02863277-f564-4bc6-8337-fb22627f6f1a@group-24C785E9A0FC-FollowerState was interrupted: java.lang.InterruptedException: sleep interrupted
2019-10-23 12:13:17,795 [grpc-default-executor-3] INFO  impl.RoleInfo (RoleInfo.java:updateAndGet(143)) - 02863277-f564-4bc6-8337-fb22627f6f1a: start FollowerState
2019-10-23 12:13:17,797 [grpc-default-executor-5] INFO  impl.RaftServerImpl (ServerState.java:setRaftConf(357)) - 736d60a2-feff-478b-9de2-63399c9845c9@group-55CA4A6792A0: set configuration 0: [736d60a2-feff-478b-9de2-63399c9845c9:192.168.69.118:36235, d21719ef-fad3-4f0e-b494-842eeedea460:192.168.69.118:45836, 4949cace-0585-430c-97a7-3db1e354cdac:192.168.69.118:33911], old=null at 0
2019-10-23 12:13:17,797 [grpc-default-executor-5] INFO  segmented.SegmentedRaftLogWorker (SegmentedRaftLogWorker.java:startLogSegment(385)) - 736d60a2-feff-478b-9de2-63399c9845c9@group-55CA4A6792A0-SegmentedRaftLogWorker: Starting segment from index:0
2019-10-23 12:13:17,798 [grpc-default-executor-1] INFO  impl.RaftServerImpl (ServerState.java:setRaftConf(357)) - 4949cace-0585-430c-97a7-3db1e354cdac@group-55CA4A6792A0: set configuration 0: [736d60a2-feff-478b-9de2-63399c9845c9:192.168.69.118:36235, d21719ef-fad3-4f0e-b494-842eeedea460:192.168.69.118:45836, 4949cace-0585-430c-97a7-3db1e354cdac:192.168.69.118:33911], old=null at 0
2019-10-23 12:13:17,800 [d21719ef-fad3-4f0e-b494-842eeedea460@group-55CA4A6792A0-SegmentedRaftLogWorker] INFO  segmented.SegmentedRaftLogWorker (SegmentedRaftLogWorker.java:execute(576)) - d21719ef-fad3-4f0e-b494-842eeedea460@group-55CA4A6792A0-SegmentedRaftLogWorker: created new log segment /workdir/hadoop-ozone/integration-test/target/test-dir/MiniOzoneClusterImpl-f0805996-b414-4d96-aefa-ea3288852db6/datanode-3/data/ratis/463d6cb1-c5cc-4ba0-afed-55ca4a6792a0/current/log_inprogress_0
2019-10-23 12:13:17,801 [grpc-default-executor-1] INFO  segmented.SegmentedRaftLogWorker (SegmentedRaftLogWorker.java:truncate(401)) - 4949cace-0585-430c-97a7-3db1e354cdac@group-55CA4A6792A0-SegmentedRaftLogWorker: Truncating segments toTruncate: null
  toDelete: [(0, 0) isOpen? true, length=0, newEndIndex=-1], start index 0
2019-10-23 12:13:17,801 [ad4d83c7-0f96-47bc-a4e8-7e5d9f844896@group-24C785E9A0FC-LeaderElection23] INFO  impl.LeaderElection (LeaderElection.java:askForVotes(178)) - ad4d83c7-0f96-47bc-a4e8-7e5d9f844896@group-24C785E9A0FC-LeaderElection23: begin an election at term 4 for -1: [3b749b59-de2a-419b-9a26-261692f5c83c:192.168.69.118:39205, ad4d83c7-0f96-47bc-a4e8-7e5d9f844896:192.168.69.118:41688, 02863277-f564-4bc6-8337-fb22627f6f1a:192.168.69.118:36850], old=null
2019-10-23 12:13:17,801 [grpc-default-executor-1] INFO  segmented.SegmentedRaftLogWorker (SegmentedRaftLogWorker.java:startLogSegment(385)) - 4949cace-0585-430c-97a7-3db1e354cdac@group-55CA4A6792A0-SegmentedRaftLogWorker: Starting segment from index:0
2019-10-23 12:13:17,802 [3b749b59-de2a-419b-9a26-261692f5c83c@group-24C785E9A0FC-LeaderElection22] INFO  impl.LeaderElection (LeaderElection.java:logAndReturn(56)) - 3b749b59-de2a-419b-9a26-261692f5c83c@group-24C785E9A0FC-LeaderElection22: Election REJECTED; received 2 response(s) [3b749b59-de2a-419b-9a26-261692f5c83c<-ad4d83c7-0f96-47bc-a4e8-7e5d9f844896#0:FAIL-t4, 3b749b59-de2a-419b-9a26-261692f5c83c<-02863277-f564-4bc6-8337-fb22627f6f1a#0:FAIL-t4] and 0 exception(s); 3b749b59-de2a-419b-9a26-261692f5c83c@group-24C785E9A0FC:t4, leader=null, voted=3b749b59-de2a-419b-9a26-261692f5c83c, raftlog=3b749b59-de2a-419b-9a26-261692f5c83c@group-24C785E9A0FC-SegmentedRaftLog:OPENED:c-1,f-1,i0, conf=-1: [3b749b59-de2a-419b-9a26-261692f5c83c:192.168.69.118:39205, ad4d83c7-0f96-47bc-a4e8-7e5d9f844896:192.168.69.118:41688, 02863277-f564-4bc6-8337-fb22627f6f1a:192.168.69.118:36850], old=null
2019-10-23 12:13:17,802 [3b749b59-de2a-419b-9a26-261692f5c83c@group-24C785E9A0FC-LeaderElection22] INFO  impl.RaftServerImpl (RaftServerImpl.java:setRole(184)) - 3b749b59-de2a-419b-9a26-261692f5c83c@group-24C785E9A0FC: changes role from CANDIDATE to FOLLOWER at term 4 for DISCOVERED_A_NEW_TERM
2019-10-23 12:13:17,802 [4949cace-0585-430c-97a7-3db1e354cdac@group-55CA4A6792A0-SegmentedRaftLogWorker] INFO  segmented.SegmentedRaftLogWorker (SegmentedRaftLogWorker.java:execute(640)) - 4949cace-0585-430c-97a7-3db1e354cdac@group-55CA4A6792A0-SegmentedRaftLogWorker: Deleted log file /workdir/hadoop-ozone/integration-test/target/test-dir/MiniOzoneClusterImpl-f0805996-b414-4d96-aefa-ea3288852db6/datanode-9/data/ratis/463d6cb1-c5cc-4ba0-afed-55ca4a6792a0/current/log_inprogress_0
2019-10-23 12:13:17,802 [3b749b59-de2a-419b-9a26-261692f5c83c@group-24C785E9A0FC-LeaderElection22] INFO  impl.RoleInfo (RoleInfo.java:shutdownLeaderElection(134)) - 3b749b59-de2a-419b-9a26-261692f5c83c: shutdown LeaderElection
2019-10-23 12:13:17,835 [3b749b59-de2a-419b-9a26-261692f5c83c@group-24C785E9A0FC-LeaderElection22] INFO  impl.RoleInfo (RoleInfo.java:updateAndGet(143)) - 3b749b59-de2a-419b-9a26-261692f5c83c: start FollowerState
2019-10-23 12:13:17,835 [4949cace-0585-430c-97a7-3db1e354cdac@group-55CA4A6792A0-SegmentedRaftLogWorker] INFO  segmented.SegmentedRaftLogWorker (SegmentedRaftLogWorker.java:lambda$new$0(128)) - 4949cace-0585-430c-97a7-3db1e354cdac@group-55CA4A6792A0-SegmentedRaftLogWorker: flushIndex: setUnconditionally 0 -> -1
2019-10-23 12:13:17,836 [grpc-default-executor-3] INFO  impl.RaftServerImpl (RaftServerImpl.java:setRole(184)) - 02863277-f564-4bc6-8337-fb22627f6f1a@group-24C785E9A0FC: changes role from  FOLLOWER to FOLLOWER at term 4 for recognizeCandidate:ad4d83c7-0f96-47bc-a4e8-7e5d9f844896
2019-10-23 12:13:17,836 [grpc-default-executor-3] INFO  impl.RoleInfo (RoleInfo.java:shutdownFollowerState(121)) - 02863277-f564-4bc6-8337-fb22627f6f1a: shutdown FollowerState
2019-10-23 12:13:17,836 [Thread-455] INFO  impl.FollowerState (FollowerState.java:run(117)) - 02863277-f564-4bc6-8337-fb22627f6f1a@group-24C785E9A0FC-FollowerState was interrupted: java.lang.InterruptedException: sleep interrupted
2019-10-23 12:13:17,836 [grpc-default-executor-3] INFO  impl.RoleInfo (RoleInfo.java:updateAndGet(143)) - 02863277-f564-4bc6-8337-fb22627f6f1a: start FollowerState
2019-10-23 12:13:17,868 [736d60a2-feff-478b-9de2-63399c9845c9@group-55CA4A6792A0-SegmentedRaftLogWorker] INFO  segmented.SegmentedRaftLogWorker (SegmentedRaftLogWorker.java:execute(576)) - 736d60a2-feff-478b-9de2-63399c9845c9@group-55CA4A6792A0-SegmentedRaftLogWorker: created new log segment /workdir/hadoop-ozone/integration-test/target/test-dir/MiniOzoneClusterImpl-f0805996-b414-4d96-aefa-ea3288852db6/datanode-6/data/ratis/463d6cb1-c5cc-4ba0-afed-55ca4a6792a0/current/log_inprogress_0
2019-10-23 12:13:17,870 [ad4d83c7-0f96-47bc-a4e8-7e5d9f844896@group-24C785E9A0FC-LeaderElection23] INFO  impl.LeaderElection (LeaderElection.java:logAndReturn(56)) - ad4d83c7-0f96-47bc-a4e8-7e5d9f844896@group-24C785E9A0FC-LeaderElection23: Election REJECTED; received 2 response(s) [ad4d83c7-0f96-47bc-a4e8-7e5d9f844896<-3b749b59-de2a-419b-9a26-261692f5c83c#0:FAIL-t4, ad4d83c7-0f96-47bc-a4e8-7e5d9f844896<-02863277-f564-4bc6-8337-fb22627f6f1a#0:FAIL-t4] and 0 exception(s); ad4d83c7-0f96-47bc-a4e8-7e5d9f844896@group-24C785E9A0FC:t4, leader=null, voted=ad4d83c7-0f96-47bc-a4e8-7e5d9f844896, raftlog=ad4d83c7-0f96-47bc-a4e8-7e5d9f844896@group-24C785E9A0FC-SegmentedRaftLog:OPENED:c-1,f-1,i0, conf=-1: [3b749b59-de2a-419b-9a26-261692f5c83c:192.168.69.118:39205, ad4d83c7-0f96-47bc-a4e8-7e5d9f844896:192.168.69.118:41688, 02863277-f564-4bc6-8337-fb22627f6f1a:192.168.69.118:36850], old=null
2019-10-23 12:13:17,870 [ad4d83c7-0f96-47bc-a4e8-7e5d9f844896@group-24C785E9A0FC-LeaderElection23] INFO  impl.RaftServerImpl (RaftServerImpl.java:setRole(184)) - ad4d83c7-0f96-47bc-a4e8-7e5d9f844896@group-24C785E9A0FC: changes role from CANDIDATE to FOLLOWER at term 4 for DISCOVERED_A_NEW_TERM
2019-10-23 12:13:17,870 [ad4d83c7-0f96-47bc-a4e8-7e5d9f844896@group-24C785E9A0FC-LeaderElection23] INFO  impl.RoleInfo (RoleInfo.java:shutdownLeaderElection(134)) - ad4d83c7-0f96-47bc-a4e8-7e5d9f844896: shutdown LeaderElection
2019-10-23 12:13:17,871 [ad4d83c7-0f96-47bc-a4e8-7e5d9f844896@group-24C785E9A0FC-LeaderElection23] INFO  impl.RoleInfo (RoleInfo.java:updateAndGet(143)) - ad4d83c7-0f96-47bc-a4e8-7e5d9f844896: start FollowerState
2019-10-23 12:13:17,881 [4949cace-0585-430c-97a7-3db1e354cdac@group-55CA4A6792A0-SegmentedRaftLogWorker] INFO  segmented.SegmentedRaftLogWorker (SegmentedRaftLogWorker.java:execute(576)) - 4949cace-0585-430c-97a7-3db1e354cdac@group-55CA4A6792A0-SegmentedRaftLogWorker: created new log segment /workdir/hadoop-ozone/integration-test/target/test-dir/MiniOzoneClusterImpl-f0805996-b414-4d96-aefa-ea3288852db6/datanode-9/data/ratis/463d6cb1-c5cc-4ba0-afed-55ca4a6792a0/current/log_inprogress_0
2019-10-23 12:13:17,923 [IPC Server handler 0 on 40393] INFO  volume.OMVolumeCreateRequest (OMVolumeCreateRequest.java:validateAndUpdateCache(193)) - created volume:datanodefailurehandlingtest for user:jenkins1000
2019-10-23 12:13:17,965 [main] INFO  rpc.RpcClient (RpcClient.java:createBucket(411)) - Creating Bucket: datanodefailurehandlingtest/datanodefailurehandlingtest, with Versioning false and Storage Type set to DISK and Encryption set to false 
2019-10-23 12:13:17,997 [Thread-460] INFO  impl.FollowerState (FollowerState.java:run(108)) - 3b749b59-de2a-419b-9a26-261692f5c83c@group-24C785E9A0FC-FollowerState: change to CANDIDATE, lastRpcTime:161ms, electionTimeout:161ms
2019-10-23 12:13:17,997 [Thread-460] INFO  impl.RoleInfo (RoleInfo.java:shutdownFollowerState(121)) - 3b749b59-de2a-419b-9a26-261692f5c83c: shutdown FollowerState
2019-10-23 12:13:17,997 [Thread-460] INFO  impl.RaftServerImpl (RaftServerImpl.java:setRole(184)) - 3b749b59-de2a-419b-9a26-261692f5c83c@group-24C785E9A0FC: changes role from  FOLLOWER to CANDIDATE at term 4 for changeToCandidate
2019-10-23 12:13:17,997 [Thread-460] INFO  impl.RoleInfo (RoleInfo.java:updateAndGet(143)) - 3b749b59-de2a-419b-9a26-261692f5c83c: start LeaderElection
2019-10-23 12:13:18,013 [3b749b59-de2a-419b-9a26-261692f5c83c@group-24C785E9A0FC-LeaderElection24] INFO  impl.LeaderElection (LeaderElection.java:askForVotes(178)) - 3b749b59-de2a-419b-9a26-261692f5c83c@group-24C785E9A0FC-LeaderElection24: begin an election at term 5 for -1: [3b749b59-de2a-419b-9a26-261692f5c83c:192.168.69.118:39205, ad4d83c7-0f96-47bc-a4e8-7e5d9f844896:192.168.69.118:41688, 02863277-f564-4bc6-8337-fb22627f6f1a:192.168.69.118:36850], old=null
2019-10-23 12:13:18,017 [grpc-default-executor-1] INFO  impl.RaftServerImpl (RaftServerImpl.java:setRole(184)) - 02863277-f564-4bc6-8337-fb22627f6f1a@group-24C785E9A0FC: changes role from  FOLLOWER to FOLLOWER at term 5 for recognizeCandidate:3b749b59-de2a-419b-9a26-261692f5c83c
2019-10-23 12:13:18,017 [grpc-default-executor-3] INFO  impl.RaftServerImpl (RaftServerImpl.java:setRole(184)) - ad4d83c7-0f96-47bc-a4e8-7e5d9f844896@group-24C785E9A0FC: changes role from  FOLLOWER to FOLLOWER at term 5 for recognizeCandidate:3b749b59-de2a-419b-9a26-261692f5c83c
2019-10-23 12:13:18,017 [grpc-default-executor-1] INFO  impl.RoleInfo (RoleInfo.java:shutdownFollowerState(121)) - 02863277-f564-4bc6-8337-fb22627f6f1a: shutdown FollowerState
2019-10-23 12:13:18,017 [grpc-default-executor-3] INFO  impl.RoleInfo (RoleInfo.java:shutdownFollowerState(121)) - ad4d83c7-0f96-47bc-a4e8-7e5d9f844896: shutdown FollowerState
2019-10-23 12:13:18,018 [Thread-461] INFO  impl.FollowerState (FollowerState.java:run(117)) - 02863277-f564-4bc6-8337-fb22627f6f1a@group-24C785E9A0FC-FollowerState was interrupted: java.lang.InterruptedException: sleep interrupted
2019-10-23 12:13:18,018 [grpc-default-executor-3] INFO  impl.RoleInfo (RoleInfo.java:updateAndGet(143)) - ad4d83c7-0f96-47bc-a4e8-7e5d9f844896: start FollowerState
2019-10-23 12:13:18,018 [grpc-default-executor-1] INFO  impl.RoleInfo (RoleInfo.java:updateAndGet(143)) - 02863277-f564-4bc6-8337-fb22627f6f1a: start FollowerState
2019-10-23 12:13:18,018 [Thread-462] INFO  impl.FollowerState (FollowerState.java:run(117)) - ad4d83c7-0f96-47bc-a4e8-7e5d9f844896@group-24C785E9A0FC-FollowerState was interrupted: java.lang.InterruptedException: sleep interrupted
2019-10-23 12:13:18,029 [IPC Server handler 11 on 42019] INFO  server.SCMBlockProtocolServer (SCMBlockProtocolServer.java:allocateBlock(179)) - Allocating 6 blocks of size 4194304, with ExcludeList {datanodes = [], containerIds = [], pipelineIds = []}
2019-10-23 12:13:18,079 [3b749b59-de2a-419b-9a26-261692f5c83c@group-24C785E9A0FC-LeaderElection24] INFO  impl.LeaderElection (LeaderElection.java:logAndReturn(56)) - 3b749b59-de2a-419b-9a26-261692f5c83c@group-24C785E9A0FC-LeaderElection24: Election PASSED; received 1 response(s) [3b749b59-de2a-419b-9a26-261692f5c83c<-ad4d83c7-0f96-47bc-a4e8-7e5d9f844896#0:OK-t5] and 0 exception(s); 3b749b59-de2a-419b-9a26-261692f5c83c@group-24C785E9A0FC:t5, leader=null, voted=3b749b59-de2a-419b-9a26-261692f5c83c, raftlog=3b749b59-de2a-419b-9a26-261692f5c83c@group-24C785E9A0FC-SegmentedRaftLog:OPENED:c-1,f-1,i0, conf=-1: [3b749b59-de2a-419b-9a26-261692f5c83c:192.168.69.118:39205, ad4d83c7-0f96-47bc-a4e8-7e5d9f844896:192.168.69.118:41688, 02863277-f564-4bc6-8337-fb22627f6f1a:192.168.69.118:36850], old=null
2019-10-23 12:13:18,080 [3b749b59-de2a-419b-9a26-261692f5c83c@group-24C785E9A0FC-LeaderElection24] INFO  impl.RoleInfo (RoleInfo.java:shutdownLeaderElection(134)) - 3b749b59-de2a-419b-9a26-261692f5c83c: shutdown LeaderElection
2019-10-23 12:13:18,080 [3b749b59-de2a-419b-9a26-261692f5c83c@group-24C785E9A0FC-LeaderElection24] INFO  impl.RaftServerImpl (RaftServerImpl.java:setRole(184)) - 3b749b59-de2a-419b-9a26-261692f5c83c@group-24C785E9A0FC: changes role from CANDIDATE to LEADER at term 5 for changeToLeader
2019-10-23 12:13:18,080 [3b749b59-de2a-419b-9a26-261692f5c83c@group-24C785E9A0FC-LeaderElection24] INFO  impl.RaftServerImpl (ServerState.java:setLeader(256)) - 3b749b59-de2a-419b-9a26-261692f5c83c@group-24C785E9A0FC: change Leader from null to 3b749b59-de2a-419b-9a26-261692f5c83c at term 5 for becomeLeader, leader elected after 1123ms
2019-10-23 12:13:18,080 [3b749b59-de2a-419b-9a26-261692f5c83c@group-24C785E9A0FC-LeaderElection24] INFO  server.RaftServerConfigKeys (ConfUtils.java:logGet(43)) - raft.server.staging.catchup.gap = 1000 (default)
2019-10-23 12:13:18,080 [3b749b59-de2a-419b-9a26-261692f5c83c@group-24C785E9A0FC-LeaderElection24] INFO  server.RaftServerConfigKeys (ConfUtils.java:logGet(43)) - raft.server.rpc.sleep.time = 25ms (default)
2019-10-23 12:13:18,080 [3b749b59-de2a-419b-9a26-261692f5c83c@group-24C785E9A0FC-LeaderElection24] INFO  server.RaftServerConfigKeys (ConfUtils.java:logGet(43)) - raft.server.write.element-limit = 4096 (default)
2019-10-23 12:13:18,081 [3b749b59-de2a-419b-9a26-261692f5c83c@group-24C785E9A0FC-LeaderElection24] INFO  server.RaftServerConfigKeys (ConfUtils.java:logGet(43)) - raft.server.watch.timeout = 10s (default)
2019-10-23 12:13:18,081 [3b749b59-de2a-419b-9a26-261692f5c83c@group-24C785E9A0FC-LeaderElection24] INFO  server.RaftServerConfigKeys (ConfUtils.java:logGet(43)) - raft.server.watch.timeout.denomination = 1s (default)
2019-10-23 12:13:18,081 [3b749b59-de2a-419b-9a26-261692f5c83c@group-24C785E9A0FC-LeaderElection24] INFO  server.RaftServerConfigKeys (ConfUtils.java:logGet(43)) - raft.server.watch.element-limit = 65536 (default)
2019-10-23 12:13:18,193 [Thread-469] INFO  impl.FollowerState (FollowerState.java:run(108)) - ad4d83c7-0f96-47bc-a4e8-7e5d9f844896@group-24C785E9A0FC-FollowerState: change to CANDIDATE, lastRpcTime:175ms, electionTimeout:166ms
2019-10-23 12:13:18,196 [Thread-469] INFO  impl.RoleInfo (RoleInfo.java:shutdownFollowerState(121)) - ad4d83c7-0f96-47bc-a4e8-7e5d9f844896: shutdown FollowerState
2019-10-23 12:13:18,196 [Thread-469] INFO  impl.RaftServerImpl (RaftServerImpl.java:setRole(184)) - ad4d83c7-0f96-47bc-a4e8-7e5d9f844896@group-24C785E9A0FC: changes role from  FOLLOWER to CANDIDATE at term 5 for changeToCandidate
2019-10-23 12:13:18,222 [Thread-469] INFO  impl.RoleInfo (RoleInfo.java:updateAndGet(143)) - ad4d83c7-0f96-47bc-a4e8-7e5d9f844896: start LeaderElection
2019-10-23 12:13:18,238 [ad4d83c7-0f96-47bc-a4e8-7e5d9f844896@group-24C785E9A0FC-LeaderElection25] INFO  impl.LeaderElection (LeaderElection.java:askForVotes(178)) - ad4d83c7-0f96-47bc-a4e8-7e5d9f844896@group-24C785E9A0FC-LeaderElection25: begin an election at term 6 for -1: [3b749b59-de2a-419b-9a26-261692f5c83c:192.168.69.118:39205, ad4d83c7-0f96-47bc-a4e8-7e5d9f844896:192.168.69.118:41688, 02863277-f564-4bc6-8337-fb22627f6f1a:192.168.69.118:36850], old=null
2019-10-23 12:13:18,259 [grpc-default-executor-1] INFO  impl.RaftServerImpl (RaftServerImpl.java:setRole(184)) - 02863277-f564-4bc6-8337-fb22627f6f1a@group-24C785E9A0FC: changes role from  FOLLOWER to FOLLOWER at term 6 for recognizeCandidate:ad4d83c7-0f96-47bc-a4e8-7e5d9f844896
2019-10-23 12:13:18,259 [grpc-default-executor-1] INFO  impl.RoleInfo (RoleInfo.java:shutdownFollowerState(121)) - 02863277-f564-4bc6-8337-fb22627f6f1a: shutdown FollowerState
2019-10-23 12:13:18,279 [Thread-468] INFO  impl.FollowerState (FollowerState.java:run(117)) - 02863277-f564-4bc6-8337-fb22627f6f1a@group-24C785E9A0FC-FollowerState was interrupted: java.lang.InterruptedException: sleep interrupted
2019-10-23 12:13:18,279 [grpc-default-executor-1] INFO  impl.RoleInfo (RoleInfo.java:updateAndGet(143)) - 02863277-f564-4bc6-8337-fb22627f6f1a: start FollowerState
2019-10-23 12:13:18,344 [ad4d83c7-0f96-47bc-a4e8-7e5d9f844896@group-24C785E9A0FC-LeaderElection25] INFO  impl.LeaderElection (LeaderElection.java:logAndReturn(56)) - ad4d83c7-0f96-47bc-a4e8-7e5d9f844896@group-24C785E9A0FC-LeaderElection25: Election TIMEOUT; received 1 response(s) [ad4d83c7-0f96-47bc-a4e8-7e5d9f844896<-02863277-f564-4bc6-8337-fb22627f6f1a#0:FAIL-t6] and 0 exception(s); ad4d83c7-0f96-47bc-a4e8-7e5d9f844896@group-24C785E9A0FC:t6, leader=null, voted=ad4d83c7-0f96-47bc-a4e8-7e5d9f844896, raftlog=ad4d83c7-0f96-47bc-a4e8-7e5d9f844896@group-24C785E9A0FC-SegmentedRaftLog:OPENED:c-1,f-1,i0, conf=-1: [3b749b59-de2a-419b-9a26-261692f5c83c:192.168.69.118:39205, ad4d83c7-0f96-47bc-a4e8-7e5d9f844896:192.168.69.118:41688, 02863277-f564-4bc6-8337-fb22627f6f1a:192.168.69.118:36850], old=null
2019-10-23 12:13:18,359 [ad4d83c7-0f96-47bc-a4e8-7e5d9f844896@group-24C785E9A0FC-LeaderElection25] INFO  impl.LeaderElection (LeaderElection.java:askForVotes(178)) - ad4d83c7-0f96-47bc-a4e8-7e5d9f844896@group-24C785E9A0FC-LeaderElection25: begin an election at term 7 for -1: [3b749b59-de2a-419b-9a26-261692f5c83c:192.168.69.118:39205, ad4d83c7-0f96-47bc-a4e8-7e5d9f844896:192.168.69.118:41688, 02863277-f564-4bc6-8337-fb22627f6f1a:192.168.69.118:36850], old=null
2019-10-23 12:13:18,378 [grpc-default-executor-1] INFO  impl.RaftServerImpl (RaftServerImpl.java:setRole(184)) - 02863277-f564-4bc6-8337-fb22627f6f1a@group-24C785E9A0FC: changes role from  FOLLOWER to FOLLOWER at term 7 for recognizeCandidate:ad4d83c7-0f96-47bc-a4e8-7e5d9f844896
2019-10-23 12:13:18,401 [grpc-default-executor-1] INFO  impl.RoleInfo (RoleInfo.java:shutdownFollowerState(121)) - 02863277-f564-4bc6-8337-fb22627f6f1a: shutdown FollowerState
2019-10-23 12:13:18,401 [Thread-474] INFO  impl.FollowerState (FollowerState.java:run(117)) - 02863277-f564-4bc6-8337-fb22627f6f1a@group-24C785E9A0FC-FollowerState was interrupted: java.lang.InterruptedException: sleep interrupted
2019-10-23 12:13:18,401 [grpc-default-executor-1] INFO  impl.RoleInfo (RoleInfo.java:updateAndGet(143)) - 02863277-f564-4bc6-8337-fb22627f6f1a: start FollowerState
2019-10-23 12:13:18,450 [ad4d83c7-0f96-47bc-a4e8-7e5d9f844896@group-24C785E9A0FC-LeaderElection25] INFO  impl.LeaderElection (LeaderElection.java:logAndReturn(56)) - ad4d83c7-0f96-47bc-a4e8-7e5d9f844896@group-24C785E9A0FC-LeaderElection25: Election TIMEOUT; received 1 response(s) [ad4d83c7-0f96-47bc-a4e8-7e5d9f844896<-02863277-f564-4bc6-8337-fb22627f6f1a#0:FAIL-t7] and 0 exception(s); ad4d83c7-0f96-47bc-a4e8-7e5d9f844896@group-24C785E9A0FC:t7, leader=null, voted=ad4d83c7-0f96-47bc-a4e8-7e5d9f844896, raftlog=ad4d83c7-0f96-47bc-a4e8-7e5d9f844896@group-24C785E9A0FC-SegmentedRaftLog:OPENED:c-1,f-1,i0, conf=-1: [3b749b59-de2a-419b-9a26-261692f5c83c:192.168.69.118:39205, ad4d83c7-0f96-47bc-a4e8-7e5d9f844896:192.168.69.118:41688, 02863277-f564-4bc6-8337-fb22627f6f1a:192.168.69.118:36850], old=null
2019-10-23 12:13:18,470 [ad4d83c7-0f96-47bc-a4e8-7e5d9f844896@group-24C785E9A0FC-LeaderElection25] INFO  impl.LeaderElection (LeaderElection.java:askForVotes(178)) - ad4d83c7-0f96-47bc-a4e8-7e5d9f844896@group-24C785E9A0FC-LeaderElection25: begin an election at term 8 for -1: [3b749b59-de2a-419b-9a26-261692f5c83c:192.168.69.118:39205, ad4d83c7-0f96-47bc-a4e8-7e5d9f844896:192.168.69.118:41688, 02863277-f564-4bc6-8337-fb22627f6f1a:192.168.69.118:36850], old=null
2019-10-23 12:13:18,474 [grpc-default-executor-1] INFO  impl.RaftServerImpl (RaftServerImpl.java:setRole(184)) - 02863277-f564-4bc6-8337-fb22627f6f1a@group-24C785E9A0FC: changes role from  FOLLOWER to FOLLOWER at term 8 for recognizeCandidate:ad4d83c7-0f96-47bc-a4e8-7e5d9f844896
2019-10-23 12:13:18,476 [grpc-default-executor-1] INFO  impl.RoleInfo (RoleInfo.java:shutdownFollowerState(121)) - 02863277-f564-4bc6-8337-fb22627f6f1a: shutdown FollowerState
2019-10-23 12:13:18,476 [grpc-default-executor-1] INFO  impl.RoleInfo (RoleInfo.java:updateAndGet(143)) - 02863277-f564-4bc6-8337-fb22627f6f1a: start FollowerState
2019-10-23 12:13:18,476 [Thread-480] INFO  impl.FollowerState (FollowerState.java:run(117)) - 02863277-f564-4bc6-8337-fb22627f6f1a@group-24C785E9A0FC-FollowerState was interrupted: java.lang.InterruptedException: sleep interrupted
2019-10-23 12:13:18,477 [Timer for 'StorageContainerManager' metrics system] INFO  lib.Interns (Interns.java:removeEldestEntry(50)) - Metrics intern cache overflow at 2011 for MetricsSystem={MetricsSystem=MetricsInfoImpl{name=MetricsSystem, description=MetricsSystem}, MetricsSystem record=MetricsInfoImpl{name=MetricsSystem, description=MetricsSystem record}}
2019-10-23 12:13:18,480 [main] INFO  impl.MetricsSystemImpl (MetricsSystemImpl.java:init(158)) - XceiverClientMetrics metrics system started (again)
2019-10-23 12:13:18,486 [3b749b59-de2a-419b-9a26-261692f5c83c@group-24C785E9A0FC-LeaderElection24] INFO  server.RaftServerConfigKeys (ConfUtils.java:logGet(43)) - raft.server.log.appender.snapshot.chunk.size.max = 16MB (=16777216) (default)
2019-10-23 12:13:18,486 [3b749b59-de2a-419b-9a26-261692f5c83c@group-24C785E9A0FC-LeaderElection24] INFO  server.RaftServerConfigKeys (ConfUtils.java:logGet(43)) - raft.server.log.appender.buffer.byte-limit = 33554432 (custom)
2019-10-23 12:13:18,486 [3b749b59-de2a-419b-9a26-261692f5c83c@group-24C785E9A0FC-LeaderElection24] INFO  server.RaftServerConfigKeys (ConfUtils.java:logGet(43)) - raft.server.log.appender.buffer.element-limit = 1 (custom)
2019-10-23 12:13:18,486 [3b749b59-de2a-419b-9a26-261692f5c83c@group-24C785E9A0FC-LeaderElection24] INFO  grpc.GrpcConfigKeys$Server (ConfUtils.java:logGet(43)) - raft.grpc.server.leader.outstanding.appends.max = 128 (default)
2019-10-23 12:13:18,487 [3b749b59-de2a-419b-9a26-261692f5c83c@group-24C785E9A0FC-LeaderElection24] INFO  server.RaftServerConfigKeys (ConfUtils.java:logGet(43)) - raft.server.rpc.request.timeout = 3000ms (default)
2019-10-23 12:13:18,487 [3b749b59-de2a-419b-9a26-261692f5c83c@group-24C785E9A0FC-LeaderElection24] INFO  server.RaftServerConfigKeys (ConfUtils.java:logGet(43)) - raft.server.log.appender.install.snapshot.enabled = false (custom)
2019-10-23 12:13:18,490 [3b749b59-de2a-419b-9a26-261692f5c83c@group-24C785E9A0FC-LeaderElection24] INFO  server.RaftServerConfigKeys (ConfUtils.java:logGet(43)) - raft.server.log.appender.snapshot.chunk.size.max = 16MB (=16777216) (default)
2019-10-23 12:13:18,490 [3b749b59-de2a-419b-9a26-261692f5c83c@group-24C785E9A0FC-LeaderElection24] INFO  server.RaftServerConfigKeys (ConfUtils.java:logGet(43)) - raft.server.log.appender.buffer.byte-limit = 33554432 (custom)
2019-10-23 12:13:18,490 [3b749b59-de2a-419b-9a26-261692f5c83c@group-24C785E9A0FC-LeaderElection24] INFO  server.RaftServerConfigKeys (ConfUtils.java:logGet(43)) - raft.server.log.appender.buffer.element-limit = 1 (custom)
2019-10-23 12:13:18,491 [3b749b59-de2a-419b-9a26-261692f5c83c@group-24C785E9A0FC-LeaderElection24] INFO  grpc.GrpcConfigKeys$Server (ConfUtils.java:logGet(43)) - raft.grpc.server.leader.outstanding.appends.max = 128 (default)
2019-10-23 12:13:18,491 [3b749b59-de2a-419b-9a26-261692f5c83c@group-24C785E9A0FC-LeaderElection24] INFO  server.RaftServerConfigKeys (ConfUtils.java:logGet(43)) - raft.server.rpc.request.timeout = 3000ms (default)
2019-10-23 12:13:18,491 [3b749b59-de2a-419b-9a26-261692f5c83c@group-24C785E9A0FC-LeaderElection24] INFO  server.RaftServerConfigKeys (ConfUtils.java:logGet(43)) - raft.server.log.appender.install.snapshot.enabled = false (custom)
2019-10-23 12:13:18,494 [3b749b59-de2a-419b-9a26-261692f5c83c@group-24C785E9A0FC-LeaderElection24] INFO  impl.RoleInfo (RoleInfo.java:updateAndGet(143)) - 3b749b59-de2a-419b-9a26-261692f5c83c: start LeaderState
2019-10-23 12:13:18,494 [3b749b59-de2a-419b-9a26-261692f5c83c@group-24C785E9A0FC-LeaderElection24] INFO  segmented.SegmentedRaftLogWorker (SegmentedRaftLogWorker.java:startLogSegment(385)) - 3b749b59-de2a-419b-9a26-261692f5c83c@group-24C785E9A0FC-SegmentedRaftLogWorker: Starting segment from index:0
2019-10-23 12:13:18,495 [3b749b59-de2a-419b-9a26-261692f5c83c@group-24C785E9A0FC-LeaderElection24] INFO  impl.RaftServerImpl (ServerState.java:setRaftConf(357)) - 3b749b59-de2a-419b-9a26-261692f5c83c@group-24C785E9A0FC: set configuration 0: [3b749b59-de2a-419b-9a26-261692f5c83c:192.168.69.118:39205, ad4d83c7-0f96-47bc-a4e8-7e5d9f844896:192.168.69.118:41688, 02863277-f564-4bc6-8337-fb22627f6f1a:192.168.69.118:36850], old=null at 0
2019-10-23 12:13:18,496 [grpc-default-executor-0] INFO  impl.RaftServerImpl (ServerState.java:setLeader(256)) - 3b749b59-de2a-419b-9a26-261692f5c83c@group-24C785E9A0FC: change Leader from 3b749b59-de2a-419b-9a26-261692f5c83c to null at term 8 for updateCurrentTerm
2019-10-23 12:13:18,496 [grpc-default-executor-0] INFO  impl.RaftServerImpl (RaftServerImpl.java:setRole(184)) - 3b749b59-de2a-419b-9a26-261692f5c83c@group-24C785E9A0FC: changes role from    LEADER to FOLLOWER at term 8 for recognizeCandidate:ad4d83c7-0f96-47bc-a4e8-7e5d9f844896
2019-10-23 12:13:18,496 [grpc-default-executor-0] INFO  impl.RoleInfo (RoleInfo.java:shutdownLeaderState(104)) - 3b749b59-de2a-419b-9a26-261692f5c83c: shutdown LeaderState
2019-10-23 12:13:18,529 [grpc-default-executor-0] INFO  impl.PendingRequests (PendingRequests.java:sendNotLeaderResponses(202)) - 3b749b59-de2a-419b-9a26-261692f5c83c@group-24C785E9A0FC-PendingRequests: sendNotLeaderResponses
2019-10-23 12:13:18,531 [grpc-default-executor-0] INFO  impl.RoleInfo (RoleInfo.java:updateAndGet(143)) - 3b749b59-de2a-419b-9a26-261692f5c83c: start FollowerState
2019-10-23 12:13:18,547 [org.apache.ratis.server.impl.LogAppender$AppenderDaemon$$Lambda$429/155081647@17803821] WARN  server.GrpcLogAppender (GrpcLogAppender.java:mayWait(149)) - 3b749b59-de2a-419b-9a26-261692f5c83c@group-24C785E9A0FC->02863277-f564-4bc6-8337-fb22627f6f1a-GrpcLogAppender: Wait interrupted by java.lang.InterruptedException
2019-10-23 12:13:18,555 [org.apache.ratis.server.impl.LogAppender$AppenderDaemon$$Lambda$429/155081647@26ec9d5d] WARN  server.GrpcLogAppender (GrpcLogAppender.java:mayWait(149)) - 3b749b59-de2a-419b-9a26-261692f5c83c@group-24C785E9A0FC->ad4d83c7-0f96-47bc-a4e8-7e5d9f844896-GrpcLogAppender: Wait interrupted by java.lang.InterruptedException
2019-10-23 12:13:18,555 [ad4d83c7-0f96-47bc-a4e8-7e5d9f844896@group-24C785E9A0FC-LeaderElection25] INFO  impl.LeaderElection (LeaderElection.java:logAndReturn(56)) - ad4d83c7-0f96-47bc-a4e8-7e5d9f844896@group-24C785E9A0FC-LeaderElection25: Election TIMEOUT; received 1 response(s) [ad4d83c7-0f96-47bc-a4e8-7e5d9f844896<-02863277-f564-4bc6-8337-fb22627f6f1a#0:FAIL-t8] and 0 exception(s); ad4d83c7-0f96-47bc-a4e8-7e5d9f844896@group-24C785E9A0FC:t8, leader=null, voted=ad4d83c7-0f96-47bc-a4e8-7e5d9f844896, raftlog=ad4d83c7-0f96-47bc-a4e8-7e5d9f844896@group-24C785E9A0FC-SegmentedRaftLog:OPENED:c-1,f-1,i0, conf=-1: [3b749b59-de2a-419b-9a26-261692f5c83c:192.168.69.118:39205, ad4d83c7-0f96-47bc-a4e8-7e5d9f844896:192.168.69.118:41688, 02863277-f564-4bc6-8337-fb22627f6f1a:192.168.69.118:36850], old=null
2019-10-23 12:13:18,556 [grpc-default-executor-5] INFO  server.GrpcServerProtocolService (GrpcServerProtocolService.java:onCompleted(113)) - 02863277-f564-4bc6-8337-fb22627f6f1a: Completed APPEND_ENTRIES, lastRequest: 3b749b59-de2a-419b-9a26-261692f5c83c->02863277-f564-4bc6-8337-fb22627f6f1a#0-t5, previous=(t:0, i:0), leaderCommit=-1, initializing? false, entries: <empty>
2019-10-23 12:13:18,559 [3b749b59-de2a-419b-9a26-261692f5c83c@group-24C785E9A0FC-SegmentedRaftLogWorker] INFO  segmented.SegmentedRaftLogWorker (SegmentedRaftLogWorker.java:execute(576)) - 3b749b59-de2a-419b-9a26-261692f5c83c@group-24C785E9A0FC-SegmentedRaftLogWorker: created new log segment /workdir/hadoop-ozone/integration-test/target/test-dir/MiniOzoneClusterImpl-f0805996-b414-4d96-aefa-ea3288852db6/datanode-2/data/ratis/cb4ec3de-4b82-45da-a5a1-24c785e9a0fc/current/log_inprogress_0
2019-10-23 12:13:18,561 [ad4d83c7-0f96-47bc-a4e8-7e5d9f844896@group-24C785E9A0FC-LeaderElection25] INFO  impl.LeaderElection (LeaderElection.java:askForVotes(178)) - ad4d83c7-0f96-47bc-a4e8-7e5d9f844896@group-24C785E9A0FC-LeaderElection25: begin an election at term 9 for -1: [3b749b59-de2a-419b-9a26-261692f5c83c:192.168.69.118:39205, ad4d83c7-0f96-47bc-a4e8-7e5d9f844896:192.168.69.118:41688, 02863277-f564-4bc6-8337-fb22627f6f1a:192.168.69.118:36850], old=null
2019-10-23 12:13:18,561 [grpc-default-executor-5] INFO  server.GrpcLogAppender (GrpcLogAppender.java:onCompleted(308)) - 3b749b59-de2a-419b-9a26-261692f5c83c@group-24C785E9A0FC->02863277-f564-4bc6-8337-fb22627f6f1a-AppendLogResponseHandler: follower responses appendEntries COMPLETED
2019-10-23 12:13:18,561 [grpc-default-executor-1] INFO  server.GrpcServerProtocolService (GrpcServerProtocolService.java:onCompleted(113)) - ad4d83c7-0f96-47bc-a4e8-7e5d9f844896: Completed APPEND_ENTRIES, lastRequest: 3b749b59-de2a-419b-9a26-261692f5c83c->ad4d83c7-0f96-47bc-a4e8-7e5d9f844896#0-t5, previous=(t:0, i:0), leaderCommit=-1, initializing? false, entries: <empty>
2019-10-23 12:13:18,564 [grpc-default-executor-5] INFO  impl.FollowerInfo (FollowerInfo.java:lambda$new$0(51)) - 3b749b59-de2a-419b-9a26-261692f5c83c@group-24C785E9A0FC->02863277-f564-4bc6-8337-fb22627f6f1a: nextIndex: updateUnconditionally 0 -> 0
2019-10-23 12:13:18,564 [grpc-default-executor-1] INFO  server.GrpcLogAppender (GrpcLogAppender.java:onCompleted(308)) - 3b749b59-de2a-419b-9a26-261692f5c83c@group-24C785E9A0FC->ad4d83c7-0f96-47bc-a4e8-7e5d9f844896-AppendLogResponseHandler: follower responses appendEntries COMPLETED
2019-10-23 12:13:18,567 [grpc-default-executor-1] INFO  impl.FollowerInfo (FollowerInfo.java:lambda$new$0(51)) - 3b749b59-de2a-419b-9a26-261692f5c83c@group-24C785E9A0FC->ad4d83c7-0f96-47bc-a4e8-7e5d9f844896: nextIndex: updateUnconditionally 0 -> 0
2019-10-23 12:13:18,569 [grpc-default-executor-1] INFO  impl.RaftServerImpl (RaftServerImpl.java:setRole(184)) - 3b749b59-de2a-419b-9a26-261692f5c83c@group-24C785E9A0FC: changes role from  FOLLOWER to FOLLOWER at term 9 for recognizeCandidate:ad4d83c7-0f96-47bc-a4e8-7e5d9f844896
2019-10-23 12:13:18,569 [grpc-default-executor-1] INFO  impl.RoleInfo (RoleInfo.java:shutdownFollowerState(121)) - 3b749b59-de2a-419b-9a26-261692f5c83c: shutdown FollowerState
2019-10-23 12:13:18,570 [grpc-default-executor-3] INFO  impl.RaftServerImpl (RaftServerImpl.java:setRole(184)) - 02863277-f564-4bc6-8337-fb22627f6f1a@group-24C785E9A0FC: changes role from  FOLLOWER to FOLLOWER at term 9 for recognizeCandidate:ad4d83c7-0f96-47bc-a4e8-7e5d9f844896
2019-10-23 12:13:18,570 [grpc-default-executor-1] INFO  impl.RoleInfo (RoleInfo.java:updateAndGet(143)) - 3b749b59-de2a-419b-9a26-261692f5c83c: start FollowerState
2019-10-23 12:13:18,570 [Thread-487] INFO  impl.FollowerState (FollowerState.java:run(117)) - 3b749b59-de2a-419b-9a26-261692f5c83c@group-24C785E9A0FC-FollowerState was interrupted: java.lang.InterruptedException: sleep interrupted
2019-10-23 12:13:18,570 [grpc-default-executor-3] INFO  impl.RoleInfo (RoleInfo.java:shutdownFollowerState(121)) - 02863277-f564-4bc6-8337-fb22627f6f1a: shutdown FollowerState
2019-10-23 12:13:18,570 [grpc-default-executor-3] INFO  impl.RoleInfo (RoleInfo.java:updateAndGet(143)) - 02863277-f564-4bc6-8337-fb22627f6f1a: start FollowerState
2019-10-23 12:13:18,570 [Thread-484] INFO  impl.FollowerState (FollowerState.java:run(117)) - 02863277-f564-4bc6-8337-fb22627f6f1a@group-24C785E9A0FC-FollowerState was interrupted: java.lang.InterruptedException: sleep interrupted
2019-10-23 12:13:18,580 [ad4d83c7-0f96-47bc-a4e8-7e5d9f844896@group-24C785E9A0FC-LeaderElection25] INFO  impl.LeaderElection (LeaderElection.java:logAndReturn(56)) - ad4d83c7-0f96-47bc-a4e8-7e5d9f844896@group-24C785E9A0FC-LeaderElection25: Election REJECTED; received 2 response(s) [ad4d83c7-0f96-47bc-a4e8-7e5d9f844896<-3b749b59-de2a-419b-9a26-261692f5c83c#0:FAIL-t9, ad4d83c7-0f96-47bc-a4e8-7e5d9f844896<-02863277-f564-4bc6-8337-fb22627f6f1a#0:FAIL-t9] and 0 exception(s); ad4d83c7-0f96-47bc-a4e8-7e5d9f844896@group-24C785E9A0FC:t9, leader=null, voted=ad4d83c7-0f96-47bc-a4e8-7e5d9f844896, raftlog=ad4d83c7-0f96-47bc-a4e8-7e5d9f844896@group-24C785E9A0FC-SegmentedRaftLog:OPENED:c-1,f-1,i0, conf=-1: [3b749b59-de2a-419b-9a26-261692f5c83c:192.168.69.118:39205, ad4d83c7-0f96-47bc-a4e8-7e5d9f844896:192.168.69.118:41688, 02863277-f564-4bc6-8337-fb22627f6f1a:192.168.69.118:36850], old=null
2019-10-23 12:13:18,580 [ad4d83c7-0f96-47bc-a4e8-7e5d9f844896@group-24C785E9A0FC-LeaderElection25] INFO  impl.RaftServerImpl (RaftServerImpl.java:setRole(184)) - ad4d83c7-0f96-47bc-a4e8-7e5d9f844896@group-24C785E9A0FC: changes role from CANDIDATE to FOLLOWER at term 9 for DISCOVERED_A_NEW_TERM
2019-10-23 12:13:18,580 [ad4d83c7-0f96-47bc-a4e8-7e5d9f844896@group-24C785E9A0FC-LeaderElection25] INFO  impl.RoleInfo (RoleInfo.java:shutdownLeaderElection(134)) - ad4d83c7-0f96-47bc-a4e8-7e5d9f844896: shutdown LeaderElection
2019-10-23 12:13:18,580 [ad4d83c7-0f96-47bc-a4e8-7e5d9f844896@group-24C785E9A0FC-LeaderElection25] INFO  impl.RoleInfo (RoleInfo.java:updateAndGet(143)) - ad4d83c7-0f96-47bc-a4e8-7e5d9f844896: start FollowerState
2019-10-23 12:13:18,762 [Thread-494] INFO  impl.FollowerState (FollowerState.java:run(108)) - ad4d83c7-0f96-47bc-a4e8-7e5d9f844896@group-24C785E9A0FC-FollowerState: change to CANDIDATE, lastRpcTime:181ms, electionTimeout:181ms
2019-10-23 12:13:18,764 [Thread-494] INFO  impl.RoleInfo (RoleInfo.java:shutdownFollowerState(121)) - ad4d83c7-0f96-47bc-a4e8-7e5d9f844896: shutdown FollowerState
2019-10-23 12:13:18,764 [Thread-494] INFO  impl.RaftServerImpl (RaftServerImpl.java:setRole(184)) - ad4d83c7-0f96-47bc-a4e8-7e5d9f844896@group-24C785E9A0FC: changes role from  FOLLOWER to CANDIDATE at term 9 for changeToCandidate
2019-10-23 12:13:18,764 [Thread-494] INFO  impl.RoleInfo (RoleInfo.java:updateAndGet(143)) - ad4d83c7-0f96-47bc-a4e8-7e5d9f844896: start LeaderElection
2019-10-23 12:13:18,779 [ad4d83c7-0f96-47bc-a4e8-7e5d9f844896@group-24C785E9A0FC-LeaderElection26] INFO  impl.LeaderElection (LeaderElection.java:askForVotes(178)) - ad4d83c7-0f96-47bc-a4e8-7e5d9f844896@group-24C785E9A0FC-LeaderElection26: begin an election at term 10 for -1: [3b749b59-de2a-419b-9a26-261692f5c83c:192.168.69.118:39205, ad4d83c7-0f96-47bc-a4e8-7e5d9f844896:192.168.69.118:41688, 02863277-f564-4bc6-8337-fb22627f6f1a:192.168.69.118:36850], old=null
2019-10-23 12:13:18,782 [grpc-default-executor-1] INFO  impl.RaftServerImpl (RaftServerImpl.java:setRole(184)) - 3b749b59-de2a-419b-9a26-261692f5c83c@group-24C785E9A0FC: changes role from  FOLLOWER to FOLLOWER at term 10 for recognizeCandidate:ad4d83c7-0f96-47bc-a4e8-7e5d9f844896
2019-10-23 12:13:18,782 [grpc-default-executor-1] INFO  impl.RoleInfo (RoleInfo.java:shutdownFollowerState(121)) - 3b749b59-de2a-419b-9a26-261692f5c83c: shutdown FollowerState
2019-10-23 12:13:18,782 [grpc-default-executor-1] INFO  impl.RoleInfo (RoleInfo.java:updateAndGet(143)) - 3b749b59-de2a-419b-9a26-261692f5c83c: start FollowerState
2019-10-23 12:13:18,782 [Thread-492] INFO  impl.FollowerState (FollowerState.java:run(117)) - 3b749b59-de2a-419b-9a26-261692f5c83c@group-24C785E9A0FC-FollowerState was interrupted: java.lang.InterruptedException: sleep interrupted
2019-10-23 12:13:18,782 [grpc-default-executor-3] INFO  impl.RaftServerImpl (RaftServerImpl.java:setRole(184)) - 02863277-f564-4bc6-8337-fb22627f6f1a@group-24C785E9A0FC: changes role from  FOLLOWER to FOLLOWER at term 10 for recognizeCandidate:ad4d83c7-0f96-47bc-a4e8-7e5d9f844896
2019-10-23 12:13:18,783 [grpc-default-executor-3] INFO  impl.RoleInfo (RoleInfo.java:shutdownFollowerState(121)) - 02863277-f564-4bc6-8337-fb22627f6f1a: shutdown FollowerState
2019-10-23 12:13:18,783 [Thread-493] INFO  impl.FollowerState (FollowerState.java:run(117)) - 02863277-f564-4bc6-8337-fb22627f6f1a@group-24C785E9A0FC-FollowerState was interrupted: java.lang.InterruptedException: sleep interrupted
2019-10-23 12:13:18,783 [grpc-default-executor-3] INFO  impl.RoleInfo (RoleInfo.java:updateAndGet(143)) - 02863277-f564-4bc6-8337-fb22627f6f1a: start FollowerState
2019-10-23 12:13:18,798 [ad4d83c7-0f96-47bc-a4e8-7e5d9f844896@group-24C785E9A0FC-LeaderElection26] INFO  impl.LeaderElection (LeaderElection.java:logAndReturn(56)) - ad4d83c7-0f96-47bc-a4e8-7e5d9f844896@group-24C785E9A0FC-LeaderElection26: Election REJECTED; received 2 response(s) [ad4d83c7-0f96-47bc-a4e8-7e5d9f844896<-3b749b59-de2a-419b-9a26-261692f5c83c#0:FAIL-t10, ad4d83c7-0f96-47bc-a4e8-7e5d9f844896<-02863277-f564-4bc6-8337-fb22627f6f1a#0:FAIL-t10] and 0 exception(s); ad4d83c7-0f96-47bc-a4e8-7e5d9f844896@group-24C785E9A0FC:t10, leader=null, voted=ad4d83c7-0f96-47bc-a4e8-7e5d9f844896, raftlog=ad4d83c7-0f96-47bc-a4e8-7e5d9f844896@group-24C785E9A0FC-SegmentedRaftLog:OPENED:c-1,f-1,i0, conf=-1: [3b749b59-de2a-419b-9a26-261692f5c83c:192.168.69.118:39205, ad4d83c7-0f96-47bc-a4e8-7e5d9f844896:192.168.69.118:41688, 02863277-f564-4bc6-8337-fb22627f6f1a:192.168.69.118:36850], old=null
2019-10-23 12:13:18,798 [ad4d83c7-0f96-47bc-a4e8-7e5d9f844896@group-24C785E9A0FC-LeaderElection26] INFO  impl.RaftServerImpl (RaftServerImpl.java:setRole(184)) - ad4d83c7-0f96-47bc-a4e8-7e5d9f844896@group-24C785E9A0FC: changes role from CANDIDATE to FOLLOWER at term 10 for DISCOVERED_A_NEW_TERM
2019-10-23 12:13:18,798 [ad4d83c7-0f96-47bc-a4e8-7e5d9f844896@group-24C785E9A0FC-LeaderElection26] INFO  impl.RoleInfo (RoleInfo.java:shutdownLeaderElection(134)) - ad4d83c7-0f96-47bc-a4e8-7e5d9f844896: shutdown LeaderElection
2019-10-23 12:13:18,798 [ad4d83c7-0f96-47bc-a4e8-7e5d9f844896@group-24C785E9A0FC-LeaderElection26] INFO  impl.RoleInfo (RoleInfo.java:updateAndGet(143)) - ad4d83c7-0f96-47bc-a4e8-7e5d9f844896: start FollowerState
2019-10-23 12:13:18,813 [Thread-503] INFO  impl.FollowerState (FollowerState.java:run(108)) - ad4d83c7-0f96-47bc-a4e8-7e5d9f844896@group-24C785E9A0FC-FollowerState: change to CANDIDATE, lastRpcTime:14ms, electionTimeout:14ms
2019-10-23 12:13:18,815 [Thread-503] INFO  impl.RoleInfo (RoleInfo.java:shutdownFollowerState(121)) - ad4d83c7-0f96-47bc-a4e8-7e5d9f844896: shutdown FollowerState
2019-10-23 12:13:18,815 [Thread-503] INFO  impl.RaftServerImpl (RaftServerImpl.java:setRole(184)) - ad4d83c7-0f96-47bc-a4e8-7e5d9f844896@group-24C785E9A0FC: changes role from  FOLLOWER to CANDIDATE at term 10 for changeToCandidate
2019-10-23 12:13:18,815 [Thread-503] INFO  impl.RoleInfo (RoleInfo.java:updateAndGet(143)) - ad4d83c7-0f96-47bc-a4e8-7e5d9f844896: start LeaderElection
2019-10-23 12:13:18,829 [ad4d83c7-0f96-47bc-a4e8-7e5d9f844896@group-24C785E9A0FC-LeaderElection27] INFO  impl.LeaderElection (LeaderElection.java:askForVotes(178)) - ad4d83c7-0f96-47bc-a4e8-7e5d9f844896@group-24C785E9A0FC-LeaderElection27: begin an election at term 11 for -1: [3b749b59-de2a-419b-9a26-261692f5c83c:192.168.69.118:39205, ad4d83c7-0f96-47bc-a4e8-7e5d9f844896:192.168.69.118:41688, 02863277-f564-4bc6-8337-fb22627f6f1a:192.168.69.118:36850], old=null
2019-10-23 12:13:18,833 [grpc-default-executor-3] INFO  impl.RaftServerImpl (RaftServerImpl.java:setRole(184)) - 3b749b59-de2a-419b-9a26-261692f5c83c@group-24C785E9A0FC: changes role from  FOLLOWER to FOLLOWER at term 11 for recognizeCandidate:ad4d83c7-0f96-47bc-a4e8-7e5d9f844896
2019-10-23 12:13:18,833 [grpc-default-executor-1] INFO  impl.RaftServerImpl (RaftServerImpl.java:setRole(184)) - 02863277-f564-4bc6-8337-fb22627f6f1a@group-24C785E9A0FC: changes role from  FOLLOWER to FOLLOWER at term 11 for recognizeCandidate:ad4d83c7-0f96-47bc-a4e8-7e5d9f844896
2019-10-23 12:13:18,833 [grpc-default-executor-1] INFO  impl.RoleInfo (RoleInfo.java:shutdownFollowerState(121)) - 02863277-f564-4bc6-8337-fb22627f6f1a: shutdown FollowerState
2019-10-23 12:13:18,833 [grpc-default-executor-3] INFO  impl.RoleInfo (RoleInfo.java:shutdownFollowerState(121)) - 3b749b59-de2a-419b-9a26-261692f5c83c: shutdown FollowerState
2019-10-23 12:13:18,833 [Thread-502] INFO  impl.FollowerState (FollowerState.java:run(117)) - 02863277-f564-4bc6-8337-fb22627f6f1a@group-24C785E9A0FC-FollowerState was interrupted: java.lang.InterruptedException: sleep interrupted
2019-10-23 12:13:18,833 [grpc-default-executor-1] INFO  impl.RoleInfo (RoleInfo.java:updateAndGet(143)) - 02863277-f564-4bc6-8337-fb22627f6f1a: start FollowerState
2019-10-23 12:13:18,833 [grpc-default-executor-3] INFO  impl.RoleInfo (RoleInfo.java:updateAndGet(143)) - 3b749b59-de2a-419b-9a26-261692f5c83c: start FollowerState
2019-10-23 12:13:18,833 [Thread-501] INFO  impl.FollowerState (FollowerState.java:run(117)) - 3b749b59-de2a-419b-9a26-261692f5c83c@group-24C785E9A0FC-FollowerState was interrupted: java.lang.InterruptedException: sleep interrupted
2019-10-23 12:13:18,850 [ad4d83c7-0f96-47bc-a4e8-7e5d9f844896@group-24C785E9A0FC-LeaderElection27] INFO  impl.LeaderElection (LeaderElection.java:logAndReturn(56)) - ad4d83c7-0f96-47bc-a4e8-7e5d9f844896@group-24C785E9A0FC-LeaderElection27: Election REJECTED; received 2 response(s) [ad4d83c7-0f96-47bc-a4e8-7e5d9f844896<-3b749b59-de2a-419b-9a26-261692f5c83c#0:FAIL-t11, ad4d83c7-0f96-47bc-a4e8-7e5d9f844896<-02863277-f564-4bc6-8337-fb22627f6f1a#0:FAIL-t11] and 0 exception(s); ad4d83c7-0f96-47bc-a4e8-7e5d9f844896@group-24C785E9A0FC:t11, leader=null, voted=ad4d83c7-0f96-47bc-a4e8-7e5d9f844896, raftlog=ad4d83c7-0f96-47bc-a4e8-7e5d9f844896@group-24C785E9A0FC-SegmentedRaftLog:OPENED:c-1,f-1,i0, conf=-1: [3b749b59-de2a-419b-9a26-261692f5c83c:192.168.69.118:39205, ad4d83c7-0f96-47bc-a4e8-7e5d9f844896:192.168.69.118:41688, 02863277-f564-4bc6-8337-fb22627f6f1a:192.168.69.118:36850], old=null
2019-10-23 12:13:18,850 [ad4d83c7-0f96-47bc-a4e8-7e5d9f844896@group-24C785E9A0FC-LeaderElection27] INFO  impl.RaftServerImpl (RaftServerImpl.java:setRole(184)) - ad4d83c7-0f96-47bc-a4e8-7e5d9f844896@group-24C785E9A0FC: changes role from CANDIDATE to FOLLOWER at term 11 for DISCOVERED_A_NEW_TERM
2019-10-23 12:13:18,850 [ad4d83c7-0f96-47bc-a4e8-7e5d9f844896@group-24C785E9A0FC-LeaderElection27] INFO  impl.RoleInfo (RoleInfo.java:shutdownLeaderElection(134)) - ad4d83c7-0f96-47bc-a4e8-7e5d9f844896: shutdown LeaderElection
2019-10-23 12:13:18,850 [ad4d83c7-0f96-47bc-a4e8-7e5d9f844896@group-24C785E9A0FC-LeaderElection27] INFO  impl.RoleInfo (RoleInfo.java:updateAndGet(143)) - ad4d83c7-0f96-47bc-a4e8-7e5d9f844896: start FollowerState
2019-10-23 12:13:18,888 [Thread-511] INFO  impl.FollowerState (FollowerState.java:run(108)) - ad4d83c7-0f96-47bc-a4e8-7e5d9f844896@group-24C785E9A0FC-FollowerState: change to CANDIDATE, lastRpcTime:37ms, electionTimeout:37ms
2019-10-23 12:13:18,890 [Thread-511] INFO  impl.RoleInfo (RoleInfo.java:shutdownFollowerState(121)) - ad4d83c7-0f96-47bc-a4e8-7e5d9f844896: shutdown FollowerState
2019-10-23 12:13:18,890 [Thread-511] INFO  impl.RaftServerImpl (RaftServerImpl.java:setRole(184)) - ad4d83c7-0f96-47bc-a4e8-7e5d9f844896@group-24C785E9A0FC: changes role from  FOLLOWER to CANDIDATE at term 11 for changeToCandidate
2019-10-23 12:13:18,890 [Thread-511] INFO  impl.RoleInfo (RoleInfo.java:updateAndGet(143)) - ad4d83c7-0f96-47bc-a4e8-7e5d9f844896: start LeaderElection
2019-10-23 12:13:18,905 [ad4d83c7-0f96-47bc-a4e8-7e5d9f844896@group-24C785E9A0FC-LeaderElection28] INFO  impl.LeaderElection (LeaderElection.java:askForVotes(178)) - ad4d83c7-0f96-47bc-a4e8-7e5d9f844896@group-24C785E9A0FC-LeaderElection28: begin an election at term 12 for -1: [3b749b59-de2a-419b-9a26-261692f5c83c:192.168.69.118:39205, ad4d83c7-0f96-47bc-a4e8-7e5d9f844896:192.168.69.118:41688, 02863277-f564-4bc6-8337-fb22627f6f1a:192.168.69.118:36850], old=null
2019-10-23 12:13:18,909 [grpc-default-executor-1] INFO  impl.RaftServerImpl (RaftServerImpl.java:setRole(184)) - 3b749b59-de2a-419b-9a26-261692f5c83c@group-24C785E9A0FC: changes role from  FOLLOWER to FOLLOWER at term 12 for recognizeCandidate:ad4d83c7-0f96-47bc-a4e8-7e5d9f844896
2019-10-23 12:13:18,909 [grpc-default-executor-3] INFO  impl.RaftServerImpl (RaftServerImpl.java:setRole(184)) - 02863277-f564-4bc6-8337-fb22627f6f1a@group-24C785E9A0FC: changes role from  FOLLOWER to FOLLOWER at term 12 for recognizeCandidate:ad4d83c7-0f96-47bc-a4e8-7e5d9f844896
2019-10-23 12:13:18,909 [grpc-default-executor-1] INFO  impl.RoleInfo (RoleInfo.java:shutdownFollowerState(121)) - 3b749b59-de2a-419b-9a26-261692f5c83c: shutdown FollowerState
2019-10-23 12:13:18,909 [grpc-default-executor-3] INFO  impl.RoleInfo (RoleInfo.java:shutdownFollowerState(121)) - 02863277-f564-4bc6-8337-fb22627f6f1a: shutdown FollowerState
2019-10-23 12:13:18,909 [Thread-510] INFO  impl.FollowerState (FollowerState.java:run(117)) - 3b749b59-de2a-419b-9a26-261692f5c83c@group-24C785E9A0FC-FollowerState was interrupted: java.lang.InterruptedException: sleep interrupted
2019-10-23 12:13:18,909 [grpc-default-executor-1] INFO  impl.RoleInfo (RoleInfo.java:updateAndGet(143)) - 3b749b59-de2a-419b-9a26-261692f5c83c: start FollowerState
2019-10-23 12:13:18,909 [Thread-509] INFO  impl.FollowerState (FollowerState.java:run(117)) - 02863277-f564-4bc6-8337-fb22627f6f1a@group-24C785E9A0FC-FollowerState was interrupted: java.lang.InterruptedException: sleep interrupted
2019-10-23 12:13:18,909 [grpc-default-executor-3] INFO  impl.RoleInfo (RoleInfo.java:updateAndGet(143)) - 02863277-f564-4bc6-8337-fb22627f6f1a: start FollowerState
2019-10-23 12:13:18,925 [ad4d83c7-0f96-47bc-a4e8-7e5d9f844896@group-24C785E9A0FC-LeaderElection28] INFO  impl.LeaderElection (LeaderElection.java:logAndReturn(56)) - ad4d83c7-0f96-47bc-a4e8-7e5d9f844896@group-24C785E9A0FC-LeaderElection28: Election REJECTED; received 2 response(s) [ad4d83c7-0f96-47bc-a4e8-7e5d9f844896<-3b749b59-de2a-419b-9a26-261692f5c83c#0:FAIL-t12, ad4d83c7-0f96-47bc-a4e8-7e5d9f844896<-02863277-f564-4bc6-8337-fb22627f6f1a#0:FAIL-t12] and 0 exception(s); ad4d83c7-0f96-47bc-a4e8-7e5d9f844896@group-24C785E9A0FC:t12, leader=null, voted=ad4d83c7-0f96-47bc-a4e8-7e5d9f844896, raftlog=ad4d83c7-0f96-47bc-a4e8-7e5d9f844896@group-24C785E9A0FC-SegmentedRaftLog:OPENED:c-1,f-1,i0, conf=-1: [3b749b59-de2a-419b-9a26-261692f5c83c:192.168.69.118:39205, ad4d83c7-0f96-47bc-a4e8-7e5d9f844896:192.168.69.118:41688, 02863277-f564-4bc6-8337-fb22627f6f1a:192.168.69.118:36850], old=null
2019-10-23 12:13:18,925 [ad4d83c7-0f96-47bc-a4e8-7e5d9f844896@group-24C785E9A0FC-LeaderElection28] INFO  impl.RaftServerImpl (RaftServerImpl.java:setRole(184)) - ad4d83c7-0f96-47bc-a4e8-7e5d9f844896@group-24C785E9A0FC: changes role from CANDIDATE to FOLLOWER at term 12 for DISCOVERED_A_NEW_TERM
2019-10-23 12:13:18,925 [ad4d83c7-0f96-47bc-a4e8-7e5d9f844896@group-24C785E9A0FC-LeaderElection28] INFO  impl.RoleInfo (RoleInfo.java:shutdownLeaderElection(134)) - ad4d83c7-0f96-47bc-a4e8-7e5d9f844896: shutdown LeaderElection
2019-10-23 12:13:18,925 [ad4d83c7-0f96-47bc-a4e8-7e5d9f844896@group-24C785E9A0FC-LeaderElection28] INFO  impl.RoleInfo (RoleInfo.java:updateAndGet(143)) - ad4d83c7-0f96-47bc-a4e8-7e5d9f844896: start FollowerState
2019-10-23 12:13:19,102 [Thread-519] INFO  impl.FollowerState (FollowerState.java:run(108)) - ad4d83c7-0f96-47bc-a4e8-7e5d9f844896@group-24C785E9A0FC-FollowerState: change to CANDIDATE, lastRpcTime:176ms, electionTimeout:176ms
2019-10-23 12:13:19,105 [Thread-519] INFO  impl.RoleInfo (RoleInfo.java:shutdownFollowerState(121)) - ad4d83c7-0f96-47bc-a4e8-7e5d9f844896: shutdown FollowerState
2019-10-23 12:13:19,105 [Thread-519] INFO  impl.RaftServerImpl (RaftServerImpl.java:setRole(184)) - ad4d83c7-0f96-47bc-a4e8-7e5d9f844896@group-24C785E9A0FC: changes role from  FOLLOWER to CANDIDATE at term 12 for changeToCandidate
2019-10-23 12:13:19,105 [Thread-519] INFO  impl.RoleInfo (RoleInfo.java:updateAndGet(143)) - ad4d83c7-0f96-47bc-a4e8-7e5d9f844896: start LeaderElection
2019-10-23 12:13:19,129 [ad4d83c7-0f96-47bc-a4e8-7e5d9f844896@group-24C785E9A0FC-LeaderElection29] INFO  impl.LeaderElection (LeaderElection.java:askForVotes(178)) - ad4d83c7-0f96-47bc-a4e8-7e5d9f844896@group-24C785E9A0FC-LeaderElection29: begin an election at term 13 for -1: [3b749b59-de2a-419b-9a26-261692f5c83c:192.168.69.118:39205, ad4d83c7-0f96-47bc-a4e8-7e5d9f844896:192.168.69.118:41688, 02863277-f564-4bc6-8337-fb22627f6f1a:192.168.69.118:36850], old=null
2019-10-23 12:13:19,136 [grpc-default-executor-3] INFO  impl.RaftServerImpl (RaftServerImpl.java:setRole(184)) - 02863277-f564-4bc6-8337-fb22627f6f1a@group-24C785E9A0FC: changes role from  FOLLOWER to FOLLOWER at term 13 for recognizeCandidate:ad4d83c7-0f96-47bc-a4e8-7e5d9f844896
2019-10-23 12:13:19,136 [grpc-default-executor-1] INFO  impl.RaftServerImpl (RaftServerImpl.java:setRole(184)) - 3b749b59-de2a-419b-9a26-261692f5c83c@group-24C785E9A0FC: changes role from  FOLLOWER to FOLLOWER at term 13 for recognizeCandidate:ad4d83c7-0f96-47bc-a4e8-7e5d9f844896
2019-10-23 12:13:19,136 [grpc-default-executor-1] INFO  impl.RoleInfo (RoleInfo.java:shutdownFollowerState(121)) - 3b749b59-de2a-419b-9a26-261692f5c83c: shutdown FollowerState
2019-10-23 12:13:19,136 [grpc-default-executor-3] INFO  impl.RoleInfo (RoleInfo.java:shutdownFollowerState(121)) - 02863277-f564-4bc6-8337-fb22627f6f1a: shutdown FollowerState
2019-10-23 12:13:19,136 [grpc-default-executor-1] INFO  impl.RoleInfo (RoleInfo.java:updateAndGet(143)) - 3b749b59-de2a-419b-9a26-261692f5c83c: start FollowerState
2019-10-23 12:13:19,136 [Thread-515] INFO  impl.FollowerState (FollowerState.java:run(117)) - 3b749b59-de2a-419b-9a26-261692f5c83c@group-24C785E9A0FC-FollowerState was interrupted: java.lang.InterruptedException: sleep interrupted
2019-10-23 12:13:19,136 [Thread-516] INFO  impl.FollowerState (FollowerState.java:run(117)) - 02863277-f564-4bc6-8337-fb22627f6f1a@group-24C785E9A0FC-FollowerState was interrupted: java.lang.InterruptedException: sleep interrupted
2019-10-23 12:13:19,136 [grpc-default-executor-3] INFO  impl.RoleInfo (RoleInfo.java:updateAndGet(143)) - 02863277-f564-4bc6-8337-fb22627f6f1a: start FollowerState
2019-10-23 12:13:19,152 [ad4d83c7-0f96-47bc-a4e8-7e5d9f844896@group-24C785E9A0FC-LeaderElection29] INFO  impl.LeaderElection (LeaderElection.java:logAndReturn(56)) - ad4d83c7-0f96-47bc-a4e8-7e5d9f844896@group-24C785E9A0FC-LeaderElection29: Election REJECTED; received 2 response(s) [ad4d83c7-0f96-47bc-a4e8-7e5d9f844896<-3b749b59-de2a-419b-9a26-261692f5c83c#0:FAIL-t13, ad4d83c7-0f96-47bc-a4e8-7e5d9f844896<-02863277-f564-4bc6-8337-fb22627f6f1a#0:FAIL-t13] and 0 exception(s); ad4d83c7-0f96-47bc-a4e8-7e5d9f844896@group-24C785E9A0FC:t13, leader=null, voted=ad4d83c7-0f96-47bc-a4e8-7e5d9f844896, raftlog=ad4d83c7-0f96-47bc-a4e8-7e5d9f844896@group-24C785E9A0FC-SegmentedRaftLog:OPENED:c-1,f-1,i0, conf=-1: [3b749b59-de2a-419b-9a26-261692f5c83c:192.168.69.118:39205, ad4d83c7-0f96-47bc-a4e8-7e5d9f844896:192.168.69.118:41688, 02863277-f564-4bc6-8337-fb22627f6f1a:192.168.69.118:36850], old=null
2019-10-23 12:13:19,153 [ad4d83c7-0f96-47bc-a4e8-7e5d9f844896@group-24C785E9A0FC-LeaderElection29] INFO  impl.RaftServerImpl (RaftServerImpl.java:setRole(184)) - ad4d83c7-0f96-47bc-a4e8-7e5d9f844896@group-24C785E9A0FC: changes role from CANDIDATE to FOLLOWER at term 13 for DISCOVERED_A_NEW_TERM
2019-10-23 12:13:19,153 [ad4d83c7-0f96-47bc-a4e8-7e5d9f844896@group-24C785E9A0FC-LeaderElection29] INFO  impl.RoleInfo (RoleInfo.java:shutdownLeaderElection(134)) - ad4d83c7-0f96-47bc-a4e8-7e5d9f844896: shutdown LeaderElection
2019-10-23 12:13:19,153 [ad4d83c7-0f96-47bc-a4e8-7e5d9f844896@group-24C785E9A0FC-LeaderElection29] INFO  impl.RoleInfo (RoleInfo.java:updateAndGet(143)) - ad4d83c7-0f96-47bc-a4e8-7e5d9f844896: start FollowerState
2019-10-23 12:13:19,236 [Thread-525] INFO  impl.FollowerState (FollowerState.java:run(108)) - ad4d83c7-0f96-47bc-a4e8-7e5d9f844896@group-24C785E9A0FC-FollowerState: change to CANDIDATE, lastRpcTime:83ms, electionTimeout:83ms
2019-10-23 12:13:19,240 [Thread-525] INFO  impl.RoleInfo (RoleInfo.java:shutdownFollowerState(121)) - ad4d83c7-0f96-47bc-a4e8-7e5d9f844896: shutdown FollowerState
2019-10-23 12:13:19,240 [Thread-525] INFO  impl.RaftServerImpl (RaftServerImpl.java:setRole(184)) - ad4d83c7-0f96-47bc-a4e8-7e5d9f844896@group-24C785E9A0FC: changes role from  FOLLOWER to CANDIDATE at term 13 for changeToCandidate
2019-10-23 12:13:19,240 [Thread-525] INFO  impl.RoleInfo (RoleInfo.java:updateAndGet(143)) - ad4d83c7-0f96-47bc-a4e8-7e5d9f844896: start LeaderElection
2019-10-23 12:13:19,250 [ad4d83c7-0f96-47bc-a4e8-7e5d9f844896@group-24C785E9A0FC-LeaderElection30] INFO  impl.LeaderElection (LeaderElection.java:askForVotes(178)) - ad4d83c7-0f96-47bc-a4e8-7e5d9f844896@group-24C785E9A0FC-LeaderElection30: begin an election at term 14 for -1: [3b749b59-de2a-419b-9a26-261692f5c83c:192.168.69.118:39205, ad4d83c7-0f96-47bc-a4e8-7e5d9f844896:192.168.69.118:41688, 02863277-f564-4bc6-8337-fb22627f6f1a:192.168.69.118:36850], old=null
2019-10-23 12:13:19,254 [grpc-default-executor-3] INFO  impl.RaftServerImpl (RaftServerImpl.java:setRole(184)) - 3b749b59-de2a-419b-9a26-261692f5c83c@group-24C785E9A0FC: changes role from  FOLLOWER to FOLLOWER at term 14 for recognizeCandidate:ad4d83c7-0f96-47bc-a4e8-7e5d9f844896
2019-10-23 12:13:19,254 [grpc-default-executor-1] INFO  impl.RaftServerImpl (RaftServerImpl.java:setRole(184)) - 02863277-f564-4bc6-8337-fb22627f6f1a@group-24C785E9A0FC: changes role from  FOLLOWER to FOLLOWER at term 14 for recognizeCandidate:ad4d83c7-0f96-47bc-a4e8-7e5d9f844896
2019-10-23 12:13:19,254 [grpc-default-executor-3] INFO  impl.RoleInfo (RoleInfo.java:shutdownFollowerState(121)) - 3b749b59-de2a-419b-9a26-261692f5c83c: shutdown FollowerState
2019-10-23 12:13:19,254 [grpc-default-executor-1] INFO  impl.RoleInfo (RoleInfo.java:shutdownFollowerState(121)) - 02863277-f564-4bc6-8337-fb22627f6f1a: shutdown FollowerState
2019-10-23 12:13:19,254 [Thread-523] INFO  impl.FollowerState (FollowerState.java:run(117)) - 3b749b59-de2a-419b-9a26-261692f5c83c@group-24C785E9A0FC-FollowerState was interrupted: java.lang.InterruptedException: sleep interrupted
2019-10-23 12:13:19,254 [grpc-default-executor-3] INFO  impl.RoleInfo (RoleInfo.java:updateAndGet(143)) - 3b749b59-de2a-419b-9a26-261692f5c83c: start FollowerState
2019-10-23 12:13:19,254 [grpc-default-executor-1] INFO  impl.RoleInfo (RoleInfo.java:updateAndGet(143)) - 02863277-f564-4bc6-8337-fb22627f6f1a: start FollowerState
2019-10-23 12:13:19,254 [Thread-524] INFO  impl.FollowerState (FollowerState.java:run(117)) - 02863277-f564-4bc6-8337-fb22627f6f1a@group-24C785E9A0FC-FollowerState was interrupted: java.lang.InterruptedException: sleep interrupted
2019-10-23 12:13:19,270 [ad4d83c7-0f96-47bc-a4e8-7e5d9f844896@group-24C785E9A0FC-LeaderElection30] INFO  impl.LeaderElection (LeaderElection.java:logAndReturn(56)) - ad4d83c7-0f96-47bc-a4e8-7e5d9f844896@group-24C785E9A0FC-LeaderElection30: Election REJECTED; received 2 response(s) [ad4d83c7-0f96-47bc-a4e8-7e5d9f844896<-3b749b59-de2a-419b-9a26-261692f5c83c#0:FAIL-t14, ad4d83c7-0f96-47bc-a4e8-7e5d9f844896<-02863277-f564-4bc6-8337-fb22627f6f1a#0:FAIL-t14] and 0 exception(s); ad4d83c7-0f96-47bc-a4e8-7e5d9f844896@group-24C785E9A0FC:t14, leader=null, voted=ad4d83c7-0f96-47bc-a4e8-7e5d9f844896, raftlog=ad4d83c7-0f96-47bc-a4e8-7e5d9f844896@group-24C785E9A0FC-SegmentedRaftLog:OPENED:c-1,f-1,i0, conf=-1: [3b749b59-de2a-419b-9a26-261692f5c83c:192.168.69.118:39205, ad4d83c7-0f96-47bc-a4e8-7e5d9f844896:192.168.69.118:41688, 02863277-f564-4bc6-8337-fb22627f6f1a:192.168.69.118:36850], old=null
2019-10-23 12:13:19,271 [ad4d83c7-0f96-47bc-a4e8-7e5d9f844896@group-24C785E9A0FC-LeaderElection30] INFO  impl.RaftServerImpl (RaftServerImpl.java:setRole(184)) - ad4d83c7-0f96-47bc-a4e8-7e5d9f844896@group-24C785E9A0FC: changes role from CANDIDATE to FOLLOWER at term 14 for DISCOVERED_A_NEW_TERM
2019-10-23 12:13:19,271 [ad4d83c7-0f96-47bc-a4e8-7e5d9f844896@group-24C785E9A0FC-LeaderElection30] INFO  impl.RoleInfo (RoleInfo.java:shutdownLeaderElection(134)) - ad4d83c7-0f96-47bc-a4e8-7e5d9f844896: shutdown LeaderElection
2019-10-23 12:13:19,271 [ad4d83c7-0f96-47bc-a4e8-7e5d9f844896@group-24C785E9A0FC-LeaderElection30] INFO  impl.RoleInfo (RoleInfo.java:updateAndGet(143)) - ad4d83c7-0f96-47bc-a4e8-7e5d9f844896: start FollowerState
2019-10-23 12:13:19,426 [Thread-531] INFO  impl.FollowerState (FollowerState.java:run(108)) - ad4d83c7-0f96-47bc-a4e8-7e5d9f844896@group-24C785E9A0FC-FollowerState: change to CANDIDATE, lastRpcTime:155ms, electionTimeout:155ms
2019-10-23 12:13:19,429 [Thread-531] INFO  impl.RoleInfo (RoleInfo.java:shutdownFollowerState(121)) - ad4d83c7-0f96-47bc-a4e8-7e5d9f844896: shutdown FollowerState
2019-10-23 12:13:19,429 [Thread-531] INFO  impl.RaftServerImpl (RaftServerImpl.java:setRole(184)) - ad4d83c7-0f96-47bc-a4e8-7e5d9f844896@group-24C785E9A0FC: changes role from  FOLLOWER to CANDIDATE at term 14 for changeToCandidate
2019-10-23 12:13:19,429 [Thread-531] INFO  impl.RoleInfo (RoleInfo.java:updateAndGet(143)) - ad4d83c7-0f96-47bc-a4e8-7e5d9f844896: start LeaderElection
2019-10-23 12:13:19,443 [ad4d83c7-0f96-47bc-a4e8-7e5d9f844896@group-24C785E9A0FC-LeaderElection31] INFO  impl.LeaderElection (LeaderElection.java:askForVotes(178)) - ad4d83c7-0f96-47bc-a4e8-7e5d9f844896@group-24C785E9A0FC-LeaderElection31: begin an election at term 15 for -1: [3b749b59-de2a-419b-9a26-261692f5c83c:192.168.69.118:39205, ad4d83c7-0f96-47bc-a4e8-7e5d9f844896:192.168.69.118:41688, 02863277-f564-4bc6-8337-fb22627f6f1a:192.168.69.118:36850], old=null
2019-10-23 12:13:19,448 [grpc-default-executor-1] INFO  impl.RaftServerImpl (RaftServerImpl.java:setRole(184)) - 3b749b59-de2a-419b-9a26-261692f5c83c@group-24C785E9A0FC: changes role from  FOLLOWER to FOLLOWER at term 15 for recognizeCandidate:ad4d83c7-0f96-47bc-a4e8-7e5d9f844896
2019-10-23 12:13:19,448 [grpc-default-executor-1] INFO  impl.RoleInfo (RoleInfo.java:shutdownFollowerState(121)) - 3b749b59-de2a-419b-9a26-261692f5c83c: shutdown FollowerState
2019-10-23 12:13:19,448 [grpc-default-executor-1] INFO  impl.RoleInfo (RoleInfo.java:updateAndGet(143)) - 3b749b59-de2a-419b-9a26-261692f5c83c: start FollowerState
2019-10-23 12:13:19,448 [Thread-529] INFO  impl.FollowerState (FollowerState.java:run(117)) - 3b749b59-de2a-419b-9a26-261692f5c83c@group-24C785E9A0FC-FollowerState was interrupted: java.lang.InterruptedException: sleep interrupted
2019-10-23 12:13:19,448 [grpc-default-executor-3] INFO  impl.RaftServerImpl (RaftServerImpl.java:setRole(184)) - 02863277-f564-4bc6-8337-fb22627f6f1a@group-24C785E9A0FC: changes role from  FOLLOWER to FOLLOWER at term 15 for recognizeCandidate:ad4d83c7-0f96-47bc-a4e8-7e5d9f844896
2019-10-23 12:13:19,448 [grpc-default-executor-3] INFO  impl.RoleInfo (RoleInfo.java:shutdownFollowerState(121)) - 02863277-f564-4bc6-8337-fb22627f6f1a: shutdown FollowerState
2019-10-23 12:13:19,448 [Thread-530] INFO  impl.FollowerState (FollowerState.java:run(117)) - 02863277-f564-4bc6-8337-fb22627f6f1a@group-24C785E9A0FC-FollowerState was interrupted: java.lang.InterruptedException: sleep interrupted
2019-10-23 12:13:19,448 [grpc-default-executor-3] INFO  impl.RoleInfo (RoleInfo.java:updateAndGet(143)) - 02863277-f564-4bc6-8337-fb22627f6f1a: start FollowerState
2019-10-23 12:13:19,463 [ad4d83c7-0f96-47bc-a4e8-7e5d9f844896@group-24C785E9A0FC-LeaderElection31] INFO  impl.LeaderElection (LeaderElection.java:logAndReturn(56)) - ad4d83c7-0f96-47bc-a4e8-7e5d9f844896@group-24C785E9A0FC-LeaderElection31: Election REJECTED; received 2 response(s) [ad4d83c7-0f96-47bc-a4e8-7e5d9f844896<-3b749b59-de2a-419b-9a26-261692f5c83c#0:FAIL-t15, ad4d83c7-0f96-47bc-a4e8-7e5d9f844896<-02863277-f564-4bc6-8337-fb22627f6f1a#0:FAIL-t15] and 0 exception(s); ad4d83c7-0f96-47bc-a4e8-7e5d9f844896@group-24C785E9A0FC:t15, leader=null, voted=ad4d83c7-0f96-47bc-a4e8-7e5d9f844896, raftlog=ad4d83c7-0f96-47bc-a4e8-7e5d9f844896@group-24C785E9A0FC-SegmentedRaftLog:OPENED:c-1,f-1,i0, conf=-1: [3b749b59-de2a-419b-9a26-261692f5c83c:192.168.69.118:39205, ad4d83c7-0f96-47bc-a4e8-7e5d9f844896:192.168.69.118:41688, 02863277-f564-4bc6-8337-fb22627f6f1a:192.168.69.118:36850], old=null
2019-10-23 12:13:19,463 [ad4d83c7-0f96-47bc-a4e8-7e5d9f844896@group-24C785E9A0FC-LeaderElection31] INFO  impl.RaftServerImpl (RaftServerImpl.java:setRole(184)) - ad4d83c7-0f96-47bc-a4e8-7e5d9f844896@group-24C785E9A0FC: changes role from CANDIDATE to FOLLOWER at term 15 for DISCOVERED_A_NEW_TERM
2019-10-23 12:13:19,463 [ad4d83c7-0f96-47bc-a4e8-7e5d9f844896@group-24C785E9A0FC-LeaderElection31] INFO  impl.RoleInfo (RoleInfo.java:shutdownLeaderElection(134)) - ad4d83c7-0f96-47bc-a4e8-7e5d9f844896: shutdown LeaderElection
2019-10-23 12:13:19,464 [ad4d83c7-0f96-47bc-a4e8-7e5d9f844896@group-24C785E9A0FC-LeaderElection31] INFO  impl.RoleInfo (RoleInfo.java:updateAndGet(143)) - ad4d83c7-0f96-47bc-a4e8-7e5d9f844896: start FollowerState
2019-10-23 12:13:19,624 [Thread-541] INFO  impl.FollowerState (FollowerState.java:run(108)) - ad4d83c7-0f96-47bc-a4e8-7e5d9f844896@group-24C785E9A0FC-FollowerState: change to CANDIDATE, lastRpcTime:160ms, electionTimeout:160ms
2019-10-23 12:13:19,627 [Thread-541] INFO  impl.RoleInfo (RoleInfo.java:shutdownFollowerState(121)) - ad4d83c7-0f96-47bc-a4e8-7e5d9f844896: shutdown FollowerState
2019-10-23 12:13:19,627 [Thread-541] INFO  impl.RaftServerImpl (RaftServerImpl.java:setRole(184)) - ad4d83c7-0f96-47bc-a4e8-7e5d9f844896@group-24C785E9A0FC: changes role from  FOLLOWER to CANDIDATE at term 15 for changeToCandidate
2019-10-23 12:13:19,627 [Thread-541] INFO  impl.RoleInfo (RoleInfo.java:updateAndGet(143)) - ad4d83c7-0f96-47bc-a4e8-7e5d9f844896: start LeaderElection
2019-10-23 12:13:19,641 [ad4d83c7-0f96-47bc-a4e8-7e5d9f844896@group-24C785E9A0FC-LeaderElection32] INFO  impl.LeaderElection (LeaderElection.java:askForVotes(178)) - ad4d83c7-0f96-47bc-a4e8-7e5d9f844896@group-24C785E9A0FC-LeaderElection32: begin an election at term 16 for -1: [3b749b59-de2a-419b-9a26-261692f5c83c:192.168.69.118:39205, ad4d83c7-0f96-47bc-a4e8-7e5d9f844896:192.168.69.118:41688, 02863277-f564-4bc6-8337-fb22627f6f1a:192.168.69.118:36850], old=null
2019-10-23 12:13:19,644 [grpc-default-executor-1] INFO  impl.RaftServerImpl (RaftServerImpl.java:setRole(184)) - 02863277-f564-4bc6-8337-fb22627f6f1a@group-24C785E9A0FC: changes role from  FOLLOWER to FOLLOWER at term 16 for recognizeCandidate:ad4d83c7-0f96-47bc-a4e8-7e5d9f844896
2019-10-23 12:13:19,644 [grpc-default-executor-3] INFO  impl.RaftServerImpl (RaftServerImpl.java:setRole(184)) - 3b749b59-de2a-419b-9a26-261692f5c83c@group-24C785E9A0FC: changes role from  FOLLOWER to FOLLOWER at term 16 for recognizeCandidate:ad4d83c7-0f96-47bc-a4e8-7e5d9f844896
2019-10-23 12:13:19,644 [grpc-default-executor-1] INFO  impl.RoleInfo (RoleInfo.java:shutdownFollowerState(121)) - 02863277-f564-4bc6-8337-fb22627f6f1a: shutdown FollowerState
2019-10-23 12:13:19,644 [grpc-default-executor-3] INFO  impl.RoleInfo (RoleInfo.java:shutdownFollowerState(121)) - 3b749b59-de2a-419b-9a26-261692f5c83c: shutdown FollowerState
2019-10-23 12:13:19,645 [Thread-540] INFO  impl.FollowerState (FollowerState.java:run(117)) - 02863277-f564-4bc6-8337-fb22627f6f1a@group-24C785E9A0FC-FollowerState was interrupted: java.lang.InterruptedException: sleep interrupted
2019-10-23 12:13:19,645 [grpc-default-executor-1] INFO  impl.RoleInfo (RoleInfo.java:updateAndGet(143)) - 02863277-f564-4bc6-8337-fb22627f6f1a: start FollowerState
2019-10-23 12:13:19,645 [grpc-default-executor-3] INFO  impl.RoleInfo (RoleInfo.java:updateAndGet(143)) - 3b749b59-de2a-419b-9a26-261692f5c83c: start FollowerState
2019-10-23 12:13:19,645 [Thread-539] INFO  impl.FollowerState (FollowerState.java:run(117)) - 3b749b59-de2a-419b-9a26-261692f5c83c@group-24C785E9A0FC-FollowerState was interrupted: java.lang.InterruptedException: sleep interrupted
2019-10-23 12:13:19,661 [ad4d83c7-0f96-47bc-a4e8-7e5d9f844896@group-24C785E9A0FC-LeaderElection32] INFO  impl.LeaderElection (LeaderElection.java:logAndReturn(56)) - ad4d83c7-0f96-47bc-a4e8-7e5d9f844896@group-24C785E9A0FC-LeaderElection32: Election REJECTED; received 2 response(s) [ad4d83c7-0f96-47bc-a4e8-7e5d9f844896<-3b749b59-de2a-419b-9a26-261692f5c83c#0:FAIL-t16, ad4d83c7-0f96-47bc-a4e8-7e5d9f844896<-02863277-f564-4bc6-8337-fb22627f6f1a#0:FAIL-t16] and 0 exception(s); ad4d83c7-0f96-47bc-a4e8-7e5d9f844896@group-24C785E9A0FC:t16, leader=null, voted=ad4d83c7-0f96-47bc-a4e8-7e5d9f844896, raftlog=ad4d83c7-0f96-47bc-a4e8-7e5d9f844896@group-24C785E9A0FC-SegmentedRaftLog:OPENED:c-1,f-1,i0, conf=-1: [3b749b59-de2a-419b-9a26-261692f5c83c:192.168.69.118:39205, ad4d83c7-0f96-47bc-a4e8-7e5d9f844896:192.168.69.118:41688, 02863277-f564-4bc6-8337-fb22627f6f1a:192.168.69.118:36850], old=null
2019-10-23 12:13:19,661 [ad4d83c7-0f96-47bc-a4e8-7e5d9f844896@group-24C785E9A0FC-LeaderElection32] INFO  impl.RaftServerImpl (RaftServerImpl.java:setRole(184)) - ad4d83c7-0f96-47bc-a4e8-7e5d9f844896@group-24C785E9A0FC: changes role from CANDIDATE to FOLLOWER at term 16 for DISCOVERED_A_NEW_TERM
2019-10-23 12:13:19,661 [ad4d83c7-0f96-47bc-a4e8-7e5d9f844896@group-24C785E9A0FC-LeaderElection32] INFO  impl.RoleInfo (RoleInfo.java:shutdownLeaderElection(134)) - ad4d83c7-0f96-47bc-a4e8-7e5d9f844896: shutdown LeaderElection
2019-10-23 12:13:19,661 [ad4d83c7-0f96-47bc-a4e8-7e5d9f844896@group-24C785E9A0FC-LeaderElection32] INFO  impl.RoleInfo (RoleInfo.java:updateAndGet(143)) - ad4d83c7-0f96-47bc-a4e8-7e5d9f844896: start FollowerState
2019-10-23 12:13:19,761 [Thread-547] INFO  impl.FollowerState (FollowerState.java:run(108)) - ad4d83c7-0f96-47bc-a4e8-7e5d9f844896@group-24C785E9A0FC-FollowerState: change to CANDIDATE, lastRpcTime:100ms, electionTimeout:100ms
2019-10-23 12:13:19,763 [Thread-547] INFO  impl.RoleInfo (RoleInfo.java:shutdownFollowerState(121)) - ad4d83c7-0f96-47bc-a4e8-7e5d9f844896: shutdown FollowerState
2019-10-23 12:13:19,763 [Thread-547] INFO  impl.RaftServerImpl (RaftServerImpl.java:setRole(184)) - ad4d83c7-0f96-47bc-a4e8-7e5d9f844896@group-24C785E9A0FC: changes role from  FOLLOWER to CANDIDATE at term 16 for changeToCandidate
2019-10-23 12:13:19,763 [Thread-547] INFO  impl.RoleInfo (RoleInfo.java:updateAndGet(143)) - ad4d83c7-0f96-47bc-a4e8-7e5d9f844896: start LeaderElection
2019-10-23 12:13:19,778 [ad4d83c7-0f96-47bc-a4e8-7e5d9f844896@group-24C785E9A0FC-LeaderElection33] INFO  impl.LeaderElection (LeaderElection.java:askForVotes(178)) - ad4d83c7-0f96-47bc-a4e8-7e5d9f844896@group-24C785E9A0FC-LeaderElection33: begin an election at term 17 for -1: [3b749b59-de2a-419b-9a26-261692f5c83c:192.168.69.118:39205, ad4d83c7-0f96-47bc-a4e8-7e5d9f844896:192.168.69.118:41688, 02863277-f564-4bc6-8337-fb22627f6f1a:192.168.69.118:36850], old=null
2019-10-23 12:13:19,782 [grpc-default-executor-1] INFO  impl.RaftServerImpl (RaftServerImpl.java:setRole(184)) - 02863277-f564-4bc6-8337-fb22627f6f1a@group-24C785E9A0FC: changes role from  FOLLOWER to FOLLOWER at term 17 for recognizeCandidate:ad4d83c7-0f96-47bc-a4e8-7e5d9f844896
2019-10-23 12:13:19,782 [grpc-default-executor-3] INFO  impl.RaftServerImpl (RaftServerImpl.java:setRole(184)) - 3b749b59-de2a-419b-9a26-261692f5c83c@group-24C785E9A0FC: changes role from  FOLLOWER to FOLLOWER at term 17 for recognizeCandidate:ad4d83c7-0f96-47bc-a4e8-7e5d9f844896
2019-10-23 12:13:19,782 [grpc-default-executor-1] INFO  impl.RoleInfo (RoleInfo.java:shutdownFollowerState(121)) - 02863277-f564-4bc6-8337-fb22627f6f1a: shutdown FollowerState
2019-10-23 12:13:19,782 [grpc-default-executor-3] INFO  impl.RoleInfo (RoleInfo.java:shutdownFollowerState(121)) - 3b749b59-de2a-419b-9a26-261692f5c83c: shutdown FollowerState
2019-10-23 12:13:19,783 [Thread-545] INFO  impl.FollowerState (FollowerState.java:run(117)) - 02863277-f564-4bc6-8337-fb22627f6f1a@group-24C785E9A0FC-FollowerState was interrupted: java.lang.InterruptedException: sleep interrupted
2019-10-23 12:13:19,783 [grpc-default-executor-1] INFO  impl.RoleInfo (RoleInfo.java:updateAndGet(143)) - 02863277-f564-4bc6-8337-fb22627f6f1a: start FollowerState
2019-10-23 12:13:19,783 [grpc-default-executor-3] INFO  impl.RoleInfo (RoleInfo.java:updateAndGet(143)) - 3b749b59-de2a-419b-9a26-261692f5c83c: start FollowerState
2019-10-23 12:13:19,783 [Thread-546] INFO  impl.FollowerState (FollowerState.java:run(117)) - 3b749b59-de2a-419b-9a26-261692f5c83c@group-24C785E9A0FC-FollowerState was interrupted: java.lang.InterruptedException: sleep interrupted
2019-10-23 12:13:19,798 [ad4d83c7-0f96-47bc-a4e8-7e5d9f844896@group-24C785E9A0FC-LeaderElection33] INFO  impl.LeaderElection (LeaderElection.java:logAndReturn(56)) - ad4d83c7-0f96-47bc-a4e8-7e5d9f844896@group-24C785E9A0FC-LeaderElection33: Election REJECTED; received 2 response(s) [ad4d83c7-0f96-47bc-a4e8-7e5d9f844896<-3b749b59-de2a-419b-9a26-261692f5c83c#0:FAIL-t17, ad4d83c7-0f96-47bc-a4e8-7e5d9f844896<-02863277-f564-4bc6-8337-fb22627f6f1a#0:FAIL-t17] and 0 exception(s); ad4d83c7-0f96-47bc-a4e8-7e5d9f844896@group-24C785E9A0FC:t17, leader=null, voted=ad4d83c7-0f96-47bc-a4e8-7e5d9f844896, raftlog=ad4d83c7-0f96-47bc-a4e8-7e5d9f844896@group-24C785E9A0FC-SegmentedRaftLog:OPENED:c-1,f-1,i0, conf=-1: [3b749b59-de2a-419b-9a26-261692f5c83c:192.168.69.118:39205, ad4d83c7-0f96-47bc-a4e8-7e5d9f844896:192.168.69.118:41688, 02863277-f564-4bc6-8337-fb22627f6f1a:192.168.69.118:36850], old=null
2019-10-23 12:13:19,798 [ad4d83c7-0f96-47bc-a4e8-7e5d9f844896@group-24C785E9A0FC-LeaderElection33] INFO  impl.RaftServerImpl (RaftServerImpl.java:setRole(184)) - ad4d83c7-0f96-47bc-a4e8-7e5d9f844896@group-24C785E9A0FC: changes role from CANDIDATE to FOLLOWER at term 17 for DISCOVERED_A_NEW_TERM
2019-10-23 12:13:19,798 [ad4d83c7-0f96-47bc-a4e8-7e5d9f844896@group-24C785E9A0FC-LeaderElection33] INFO  impl.RoleInfo (RoleInfo.java:shutdownLeaderElection(134)) - ad4d83c7-0f96-47bc-a4e8-7e5d9f844896: shutdown LeaderElection
2019-10-23 12:13:19,799 [ad4d83c7-0f96-47bc-a4e8-7e5d9f844896@group-24C785E9A0FC-LeaderElection33] INFO  impl.RoleInfo (RoleInfo.java:updateAndGet(143)) - ad4d83c7-0f96-47bc-a4e8-7e5d9f844896: start FollowerState
2019-10-23 12:13:19,841 [Thread-555] INFO  impl.FollowerState (FollowerState.java:run(108)) - ad4d83c7-0f96-47bc-a4e8-7e5d9f844896@group-24C785E9A0FC-FollowerState: change to CANDIDATE, lastRpcTime:42ms, electionTimeout:42ms
2019-10-23 12:13:19,843 [Thread-555] INFO  impl.RoleInfo (RoleInfo.java:shutdownFollowerState(121)) - ad4d83c7-0f96-47bc-a4e8-7e5d9f844896: shutdown FollowerState
2019-10-23 12:13:19,843 [Thread-555] INFO  impl.RaftServerImpl (RaftServerImpl.java:setRole(184)) - ad4d83c7-0f96-47bc-a4e8-7e5d9f844896@group-24C785E9A0FC: changes role from  FOLLOWER to CANDIDATE at term 17 for changeToCandidate
2019-10-23 12:13:19,844 [Thread-555] INFO  impl.RoleInfo (RoleInfo.java:updateAndGet(143)) - ad4d83c7-0f96-47bc-a4e8-7e5d9f844896: start LeaderElection
2019-10-23 12:13:19,857 [ad4d83c7-0f96-47bc-a4e8-7e5d9f844896@group-24C785E9A0FC-LeaderElection34] INFO  impl.LeaderElection (LeaderElection.java:askForVotes(178)) - ad4d83c7-0f96-47bc-a4e8-7e5d9f844896@group-24C785E9A0FC-LeaderElection34: begin an election at term 18 for -1: [3b749b59-de2a-419b-9a26-261692f5c83c:192.168.69.118:39205, ad4d83c7-0f96-47bc-a4e8-7e5d9f844896:192.168.69.118:41688, 02863277-f564-4bc6-8337-fb22627f6f1a:192.168.69.118:36850], old=null
2019-10-23 12:13:19,860 [grpc-default-executor-3] INFO  impl.RaftServerImpl (RaftServerImpl.java:setRole(184)) - 3b749b59-de2a-419b-9a26-261692f5c83c@group-24C785E9A0FC: changes role from  FOLLOWER to FOLLOWER at term 18 for recognizeCandidate:ad4d83c7-0f96-47bc-a4e8-7e5d9f844896
2019-10-23 12:13:19,860 [grpc-default-executor-3] INFO  impl.RoleInfo (RoleInfo.java:shutdownFollowerState(121)) - 3b749b59-de2a-419b-9a26-261692f5c83c: shutdown FollowerState
2019-10-23 12:13:19,860 [grpc-default-executor-1] INFO  impl.RaftServerImpl (RaftServerImpl.java:setRole(184)) - 02863277-f564-4bc6-8337-fb22627f6f1a@group-24C785E9A0FC: changes role from  FOLLOWER to FOLLOWER at term 18 for recognizeCandidate:ad4d83c7-0f96-47bc-a4e8-7e5d9f844896
2019-10-23 12:13:19,860 [Thread-554] INFO  impl.FollowerState (FollowerState.java:run(117)) - 3b749b59-de2a-419b-9a26-261692f5c83c@group-24C785E9A0FC-FollowerState was interrupted: java.lang.InterruptedException: sleep interrupted
2019-10-23 12:13:19,860 [grpc-default-executor-3] INFO  impl.RoleInfo (RoleInfo.java:updateAndGet(143)) - 3b749b59-de2a-419b-9a26-261692f5c83c: start FollowerState
2019-10-23 12:13:19,860 [grpc-default-executor-1] INFO  impl.RoleInfo (RoleInfo.java:shutdownFollowerState(121)) - 02863277-f564-4bc6-8337-fb22627f6f1a: shutdown FollowerState
2019-10-23 12:13:19,861 [grpc-default-executor-1] INFO  impl.RoleInfo (RoleInfo.java:updateAndGet(143)) - 02863277-f564-4bc6-8337-fb22627f6f1a: start FollowerState
2019-10-23 12:13:19,861 [Thread-553] INFO  impl.FollowerState (FollowerState.java:run(117)) - 02863277-f564-4bc6-8337-fb22627f6f1a@group-24C785E9A0FC-FollowerState was interrupted: java.lang.InterruptedException: sleep interrupted
2019-10-23 12:13:19,876 [ad4d83c7-0f96-47bc-a4e8-7e5d9f844896@group-24C785E9A0FC-LeaderElection34] INFO  impl.LeaderElection (LeaderElection.java:logAndReturn(56)) - ad4d83c7-0f96-47bc-a4e8-7e5d9f844896@group-24C785E9A0FC-LeaderElection34: Election REJECTED; received 2 response(s) [ad4d83c7-0f96-47bc-a4e8-7e5d9f844896<-3b749b59-de2a-419b-9a26-261692f5c83c#0:FAIL-t18, ad4d83c7-0f96-47bc-a4e8-7e5d9f844896<-02863277-f564-4bc6-8337-fb22627f6f1a#0:FAIL-t18] and 0 exception(s); ad4d83c7-0f96-47bc-a4e8-7e5d9f844896@group-24C785E9A0FC:t18, leader=null, voted=ad4d83c7-0f96-47bc-a4e8-7e5d9f844896, raftlog=ad4d83c7-0f96-47bc-a4e8-7e5d9f844896@group-24C785E9A0FC-SegmentedRaftLog:OPENED:c-1,f-1,i0, conf=-1: [3b749b59-de2a-419b-9a26-261692f5c83c:192.168.69.118:39205, ad4d83c7-0f96-47bc-a4e8-7e5d9f844896:192.168.69.118:41688, 02863277-f564-4bc6-8337-fb22627f6f1a:192.168.69.118:36850], old=null
2019-10-23 12:13:19,876 [ad4d83c7-0f96-47bc-a4e8-7e5d9f844896@group-24C785E9A0FC-LeaderElection34] INFO  impl.RaftServerImpl (RaftServerImpl.java:setRole(184)) - ad4d83c7-0f96-47bc-a4e8-7e5d9f844896@group-24C785E9A0FC: changes role from CANDIDATE to FOLLOWER at term 18 for DISCOVERED_A_NEW_TERM
2019-10-23 12:13:19,876 [ad4d83c7-0f96-47bc-a4e8-7e5d9f844896@group-24C785E9A0FC-LeaderElection34] INFO  impl.RoleInfo (RoleInfo.java:shutdownLeaderElection(134)) - ad4d83c7-0f96-47bc-a4e8-7e5d9f844896: shutdown LeaderElection
2019-10-23 12:13:19,876 [ad4d83c7-0f96-47bc-a4e8-7e5d9f844896@group-24C785E9A0FC-LeaderElection34] INFO  impl.RoleInfo (RoleInfo.java:updateAndGet(143)) - ad4d83c7-0f96-47bc-a4e8-7e5d9f844896: start FollowerState
2019-10-23 12:13:19,990 [Thread-563] INFO  impl.FollowerState (FollowerState.java:run(108)) - ad4d83c7-0f96-47bc-a4e8-7e5d9f844896@group-24C785E9A0FC-FollowerState: change to CANDIDATE, lastRpcTime:113ms, electionTimeout:113ms
2019-10-23 12:13:19,992 [Thread-563] INFO  impl.RoleInfo (RoleInfo.java:shutdownFollowerState(121)) - ad4d83c7-0f96-47bc-a4e8-7e5d9f844896: shutdown FollowerState
2019-10-23 12:13:19,992 [Thread-563] INFO  impl.RaftServerImpl (RaftServerImpl.java:setRole(184)) - ad4d83c7-0f96-47bc-a4e8-7e5d9f844896@group-24C785E9A0FC: changes role from  FOLLOWER to CANDIDATE at term 18 for changeToCandidate
2019-10-23 12:13:19,993 [Thread-563] INFO  impl.RoleInfo (RoleInfo.java:updateAndGet(143)) - ad4d83c7-0f96-47bc-a4e8-7e5d9f844896: start LeaderElection
2019-10-23 12:13:20,006 [ad4d83c7-0f96-47bc-a4e8-7e5d9f844896@group-24C785E9A0FC-LeaderElection35] INFO  impl.LeaderElection (LeaderElection.java:askForVotes(178)) - ad4d83c7-0f96-47bc-a4e8-7e5d9f844896@group-24C785E9A0FC-LeaderElection35: begin an election at term 19 for -1: [3b749b59-de2a-419b-9a26-261692f5c83c:192.168.69.118:39205, ad4d83c7-0f96-47bc-a4e8-7e5d9f844896:192.168.69.118:41688, 02863277-f564-4bc6-8337-fb22627f6f1a:192.168.69.118:36850], old=null
2019-10-23 12:13:20,011 [grpc-default-executor-3] INFO  impl.RaftServerImpl (RaftServerImpl.java:setRole(184)) - 3b749b59-de2a-419b-9a26-261692f5c83c@group-24C785E9A0FC: changes role from  FOLLOWER to FOLLOWER at term 19 for recognizeCandidate:ad4d83c7-0f96-47bc-a4e8-7e5d9f844896
2019-10-23 12:13:20,011 [grpc-default-executor-1] INFO  impl.RaftServerImpl (RaftServerImpl.java:setRole(184)) - 02863277-f564-4bc6-8337-fb22627f6f1a@group-24C785E9A0FC: changes role from  FOLLOWER to FOLLOWER at term 19 for recognizeCandidate:ad4d83c7-0f96-47bc-a4e8-7e5d9f844896
2019-10-23 12:13:20,011 [grpc-default-executor-3] INFO  impl.RoleInfo (RoleInfo.java:shutdownFollowerState(121)) - 3b749b59-de2a-419b-9a26-261692f5c83c: shutdown FollowerState
2019-10-23 12:13:20,011 [grpc-default-executor-1] INFO  impl.RoleInfo (RoleInfo.java:shutdownFollowerState(121)) - 02863277-f564-4bc6-8337-fb22627f6f1a: shutdown FollowerState
2019-10-23 12:13:20,012 [Thread-561] INFO  impl.FollowerState (FollowerState.java:run(117)) - 3b749b59-de2a-419b-9a26-261692f5c83c@group-24C785E9A0FC-FollowerState was interrupted: java.lang.InterruptedException: sleep interrupted
2019-10-23 12:13:20,012 [grpc-default-executor-3] INFO  impl.RoleInfo (RoleInfo.java:updateAndGet(143)) - 3b749b59-de2a-419b-9a26-261692f5c83c: start FollowerState
2019-10-23 12:13:20,012 [Thread-562] INFO  impl.FollowerState (FollowerState.java:run(117)) - 02863277-f564-4bc6-8337-fb22627f6f1a@group-24C785E9A0FC-FollowerState was interrupted: java.lang.InterruptedException: sleep interrupted
2019-10-23 12:13:20,012 [grpc-default-executor-1] INFO  impl.RoleInfo (RoleInfo.java:updateAndGet(143)) - 02863277-f564-4bc6-8337-fb22627f6f1a: start FollowerState
2019-10-23 12:13:20,028 [ad4d83c7-0f96-47bc-a4e8-7e5d9f844896@group-24C785E9A0FC-LeaderElection35] INFO  impl.LeaderElection (LeaderElection.java:logAndReturn(56)) - ad4d83c7-0f96-47bc-a4e8-7e5d9f844896@group-24C785E9A0FC-LeaderElection35: Election REJECTED; received 2 response(s) [ad4d83c7-0f96-47bc-a4e8-7e5d9f844896<-3b749b59-de2a-419b-9a26-261692f5c83c#0:FAIL-t19, ad4d83c7-0f96-47bc-a4e8-7e5d9f844896<-02863277-f564-4bc6-8337-fb22627f6f1a#0:FAIL-t19] and 0 exception(s); ad4d83c7-0f96-47bc-a4e8-7e5d9f844896@group-24C785E9A0FC:t19, leader=null, voted=ad4d83c7-0f96-47bc-a4e8-7e5d9f844896, raftlog=ad4d83c7-0f96-47bc-a4e8-7e5d9f844896@group-24C785E9A0FC-SegmentedRaftLog:OPENED:c-1,f-1,i0, conf=-1: [3b749b59-de2a-419b-9a26-261692f5c83c:192.168.69.118:39205, ad4d83c7-0f96-47bc-a4e8-7e5d9f844896:192.168.69.118:41688, 02863277-f564-4bc6-8337-fb22627f6f1a:192.168.69.118:36850], old=null
2019-10-23 12:13:20,028 [ad4d83c7-0f96-47bc-a4e8-7e5d9f844896@group-24C785E9A0FC-LeaderElection35] INFO  impl.RaftServerImpl (RaftServerImpl.java:setRole(184)) - ad4d83c7-0f96-47bc-a4e8-7e5d9f844896@group-24C785E9A0FC: changes role from CANDIDATE to FOLLOWER at term 19 for DISCOVERED_A_NEW_TERM
2019-10-23 12:13:20,028 [ad4d83c7-0f96-47bc-a4e8-7e5d9f844896@group-24C785E9A0FC-LeaderElection35] INFO  impl.RoleInfo (RoleInfo.java:shutdownLeaderElection(134)) - ad4d83c7-0f96-47bc-a4e8-7e5d9f844896: shutdown LeaderElection
2019-10-23 12:13:20,028 [ad4d83c7-0f96-47bc-a4e8-7e5d9f844896@group-24C785E9A0FC-LeaderElection35] INFO  impl.RoleInfo (RoleInfo.java:updateAndGet(143)) - ad4d83c7-0f96-47bc-a4e8-7e5d9f844896: start FollowerState
2019-10-23 12:13:20,182 [Thread-571] INFO  impl.FollowerState (FollowerState.java:run(108)) - ad4d83c7-0f96-47bc-a4e8-7e5d9f844896@group-24C785E9A0FC-FollowerState: change to CANDIDATE, lastRpcTime:153ms, electionTimeout:153ms
2019-10-23 12:13:20,185 [Thread-571] INFO  impl.RoleInfo (RoleInfo.java:shutdownFollowerState(121)) - ad4d83c7-0f96-47bc-a4e8-7e5d9f844896: shutdown FollowerState
2019-10-23 12:13:20,185 [Thread-571] INFO  impl.RaftServerImpl (RaftServerImpl.java:setRole(184)) - ad4d83c7-0f96-47bc-a4e8-7e5d9f844896@group-24C785E9A0FC: changes role from  FOLLOWER to CANDIDATE at term 19 for changeToCandidate
2019-10-23 12:13:20,186 [Thread-571] INFO  impl.RoleInfo (RoleInfo.java:updateAndGet(143)) - ad4d83c7-0f96-47bc-a4e8-7e5d9f844896: start LeaderElection
2019-10-23 12:13:20,201 [ad4d83c7-0f96-47bc-a4e8-7e5d9f844896@group-24C785E9A0FC-LeaderElection36] INFO  impl.LeaderElection (LeaderElection.java:askForVotes(178)) - ad4d83c7-0f96-47bc-a4e8-7e5d9f844896@group-24C785E9A0FC-LeaderElection36: begin an election at term 20 for -1: [3b749b59-de2a-419b-9a26-261692f5c83c:192.168.69.118:39205, ad4d83c7-0f96-47bc-a4e8-7e5d9f844896:192.168.69.118:41688, 02863277-f564-4bc6-8337-fb22627f6f1a:192.168.69.118:36850], old=null
2019-10-23 12:13:20,204 [grpc-default-executor-3] INFO  impl.RaftServerImpl (RaftServerImpl.java:setRole(184)) - 3b749b59-de2a-419b-9a26-261692f5c83c@group-24C785E9A0FC: changes role from  FOLLOWER to FOLLOWER at term 20 for recognizeCandidate:ad4d83c7-0f96-47bc-a4e8-7e5d9f844896
2019-10-23 12:13:20,205 [grpc-default-executor-3] INFO  impl.RoleInfo (RoleInfo.java:shutdownFollowerState(121)) - 3b749b59-de2a-419b-9a26-261692f5c83c: shutdown FollowerState
2019-10-23 12:13:20,204 [grpc-default-executor-1] INFO  impl.RaftServerImpl (RaftServerImpl.java:setRole(184)) - 02863277-f564-4bc6-8337-fb22627f6f1a@group-24C785E9A0FC: changes role from  FOLLOWER to FOLLOWER at term 20 for recognizeCandidate:ad4d83c7-0f96-47bc-a4e8-7e5d9f844896
2019-10-23 12:13:20,205 [Thread-569] INFO  impl.FollowerState (FollowerState.java:run(117)) - 3b749b59-de2a-419b-9a26-261692f5c83c@group-24C785E9A0FC-FollowerState was interrupted: java.lang.InterruptedException: sleep interrupted
2019-10-23 12:13:20,205 [grpc-default-executor-3] INFO  impl.RoleInfo (RoleInfo.java:updateAndGet(143)) - 3b749b59-de2a-419b-9a26-261692f5c83c: start FollowerState
2019-10-23 12:13:20,205 [grpc-default-executor-1] INFO  impl.RoleInfo (RoleInfo.java:shutdownFollowerState(121)) - 02863277-f564-4bc6-8337-fb22627f6f1a: shutdown FollowerState
2019-10-23 12:13:20,205 [grpc-default-executor-1] INFO  impl.RoleInfo (RoleInfo.java:updateAndGet(143)) - 02863277-f564-4bc6-8337-fb22627f6f1a: start FollowerState
2019-10-23 12:13:20,205 [Thread-570] INFO  impl.FollowerState (FollowerState.java:run(117)) - 02863277-f564-4bc6-8337-fb22627f6f1a@group-24C785E9A0FC-FollowerState was interrupted: java.lang.InterruptedException: sleep interrupted
2019-10-23 12:13:20,219 [ad4d83c7-0f96-47bc-a4e8-7e5d9f844896@group-24C785E9A0FC-LeaderElection36] INFO  impl.LeaderElection (LeaderElection.java:logAndReturn(56)) - ad4d83c7-0f96-47bc-a4e8-7e5d9f844896@group-24C785E9A0FC-LeaderElection36: Election TIMEOUT; received 0 response(s) [] and 0 exception(s); ad4d83c7-0f96-47bc-a4e8-7e5d9f844896@group-24C785E9A0FC:t20, leader=null, voted=ad4d83c7-0f96-47bc-a4e8-7e5d9f844896, raftlog=ad4d83c7-0f96-47bc-a4e8-7e5d9f844896@group-24C785E9A0FC-SegmentedRaftLog:OPENED:c-1,f-1,i0, conf=-1: [3b749b59-de2a-419b-9a26-261692f5c83c:192.168.69.118:39205, ad4d83c7-0f96-47bc-a4e8-7e5d9f844896:192.168.69.118:41688, 02863277-f564-4bc6-8337-fb22627f6f1a:192.168.69.118:36850], old=null
2019-10-23 12:13:20,224 [ad4d83c7-0f96-47bc-a4e8-7e5d9f844896@group-24C785E9A0FC-LeaderElection36] INFO  impl.LeaderElection (LeaderElection.java:askForVotes(178)) - ad4d83c7-0f96-47bc-a4e8-7e5d9f844896@group-24C785E9A0FC-LeaderElection36: begin an election at term 21 for -1: [3b749b59-de2a-419b-9a26-261692f5c83c:192.168.69.118:39205, ad4d83c7-0f96-47bc-a4e8-7e5d9f844896:192.168.69.118:41688, 02863277-f564-4bc6-8337-fb22627f6f1a:192.168.69.118:36850], old=null
2019-10-23 12:13:20,237 [grpc-default-executor-1] INFO  impl.RaftServerImpl (RaftServerImpl.java:setRole(184)) - 3b749b59-de2a-419b-9a26-261692f5c83c@group-24C785E9A0FC: changes role from  FOLLOWER to FOLLOWER at term 21 for recognizeCandidate:ad4d83c7-0f96-47bc-a4e8-7e5d9f844896
2019-10-23 12:13:20,239 [grpc-default-executor-1] INFO  impl.RoleInfo (RoleInfo.java:shutdownFollowerState(121)) - 3b749b59-de2a-419b-9a26-261692f5c83c: shutdown FollowerState
2019-10-23 12:13:20,239 [grpc-default-executor-1] INFO  impl.RoleInfo (RoleInfo.java:updateAndGet(143)) - 3b749b59-de2a-419b-9a26-261692f5c83c: start FollowerState
2019-10-23 12:13:20,240 [Thread-575] INFO  impl.FollowerState (FollowerState.java:run(117)) - 3b749b59-de2a-419b-9a26-261692f5c83c@group-24C785E9A0FC-FollowerState was interrupted: java.lang.InterruptedException: sleep interrupted
2019-10-23 12:13:20,240 [grpc-default-executor-3] INFO  impl.RaftServerImpl (RaftServerImpl.java:setRole(184)) - 02863277-f564-4bc6-8337-fb22627f6f1a@group-24C785E9A0FC: changes role from  FOLLOWER to FOLLOWER at term 21 for recognizeCandidate:ad4d83c7-0f96-47bc-a4e8-7e5d9f844896
2019-10-23 12:13:20,240 [grpc-default-executor-3] INFO  impl.RoleInfo (RoleInfo.java:shutdownFollowerState(121)) - 02863277-f564-4bc6-8337-fb22627f6f1a: shutdown FollowerState
2019-10-23 12:13:20,240 [grpc-default-executor-3] INFO  impl.RoleInfo (RoleInfo.java:updateAndGet(143)) - 02863277-f564-4bc6-8337-fb22627f6f1a: start FollowerState
2019-10-23 12:13:20,240 [Thread-576] INFO  impl.FollowerState (FollowerState.java:run(117)) - 02863277-f564-4bc6-8337-fb22627f6f1a@group-24C785E9A0FC-FollowerState was interrupted: java.lang.InterruptedException: sleep interrupted
2019-10-23 12:13:20,254 [ad4d83c7-0f96-47bc-a4e8-7e5d9f844896@group-24C785E9A0FC-LeaderElection36] INFO  impl.LeaderElection (LeaderElection.java:logAndReturn(56)) - ad4d83c7-0f96-47bc-a4e8-7e5d9f844896@group-24C785E9A0FC-LeaderElection36: Election REJECTED; received 2 response(s) [ad4d83c7-0f96-47bc-a4e8-7e5d9f844896<-3b749b59-de2a-419b-9a26-261692f5c83c#0:FAIL-t21, ad4d83c7-0f96-47bc-a4e8-7e5d9f844896<-02863277-f564-4bc6-8337-fb22627f6f1a#0:FAIL-t21] and 0 exception(s); ad4d83c7-0f96-47bc-a4e8-7e5d9f844896@group-24C785E9A0FC:t21, leader=null, voted=ad4d83c7-0f96-47bc-a4e8-7e5d9f844896, raftlog=ad4d83c7-0f96-47bc-a4e8-7e5d9f844896@group-24C785E9A0FC-SegmentedRaftLog:OPENED:c-1,f-1,i0, conf=-1: [3b749b59-de2a-419b-9a26-261692f5c83c:192.168.69.118:39205, ad4d83c7-0f96-47bc-a4e8-7e5d9f844896:192.168.69.118:41688, 02863277-f564-4bc6-8337-fb22627f6f1a:192.168.69.118:36850], old=null
2019-10-23 12:13:20,254 [ad4d83c7-0f96-47bc-a4e8-7e5d9f844896@group-24C785E9A0FC-LeaderElection36] INFO  impl.RaftServerImpl (RaftServerImpl.java:setRole(184)) - ad4d83c7-0f96-47bc-a4e8-7e5d9f844896@group-24C785E9A0FC: changes role from CANDIDATE to FOLLOWER at term 21 for DISCOVERED_A_NEW_TERM
2019-10-23 12:13:20,255 [ad4d83c7-0f96-47bc-a4e8-7e5d9f844896@group-24C785E9A0FC-LeaderElection36] INFO  impl.RoleInfo (RoleInfo.java:shutdownLeaderElection(134)) - ad4d83c7-0f96-47bc-a4e8-7e5d9f844896: shutdown LeaderElection
2019-10-23 12:13:20,255 [ad4d83c7-0f96-47bc-a4e8-7e5d9f844896@group-24C785E9A0FC-LeaderElection36] INFO  impl.RoleInfo (RoleInfo.java:updateAndGet(143)) - ad4d83c7-0f96-47bc-a4e8-7e5d9f844896: start FollowerState
2019-10-23 12:13:20,437 [Thread-581] INFO  impl.FollowerState (FollowerState.java:run(108)) - ad4d83c7-0f96-47bc-a4e8-7e5d9f844896@group-24C785E9A0FC-FollowerState: change to CANDIDATE, lastRpcTime:182ms, electionTimeout:182ms
2019-10-23 12:13:20,440 [Thread-581] INFO  impl.RoleInfo (RoleInfo.java:shutdownFollowerState(121)) - ad4d83c7-0f96-47bc-a4e8-7e5d9f844896: shutdown FollowerState
2019-10-23 12:13:20,440 [Thread-581] INFO  impl.RaftServerImpl (RaftServerImpl.java:setRole(184)) - ad4d83c7-0f96-47bc-a4e8-7e5d9f844896@group-24C785E9A0FC: changes role from  FOLLOWER to CANDIDATE at term 21 for changeToCandidate
2019-10-23 12:13:20,440 [Thread-581] INFO  impl.RoleInfo (RoleInfo.java:updateAndGet(143)) - ad4d83c7-0f96-47bc-a4e8-7e5d9f844896: start LeaderElection
2019-10-23 12:13:20,454 [ad4d83c7-0f96-47bc-a4e8-7e5d9f844896@group-24C785E9A0FC-LeaderElection37] INFO  impl.LeaderElection (LeaderElection.java:askForVotes(178)) - ad4d83c7-0f96-47bc-a4e8-7e5d9f844896@group-24C785E9A0FC-LeaderElection37: begin an election at term 22 for -1: [3b749b59-de2a-419b-9a26-261692f5c83c:192.168.69.118:39205, ad4d83c7-0f96-47bc-a4e8-7e5d9f844896:192.168.69.118:41688, 02863277-f564-4bc6-8337-fb22627f6f1a:192.168.69.118:36850], old=null
2019-10-23 12:13:20,457 [grpc-default-executor-3] INFO  impl.RaftServerImpl (RaftServerImpl.java:setRole(184)) - 3b749b59-de2a-419b-9a26-261692f5c83c@group-24C785E9A0FC: changes role from  FOLLOWER to FOLLOWER at term 22 for recognizeCandidate:ad4d83c7-0f96-47bc-a4e8-7e5d9f844896
2019-10-23 12:13:20,457 [grpc-default-executor-1] INFO  impl.RaftServerImpl (RaftServerImpl.java:setRole(184)) - 02863277-f564-4bc6-8337-fb22627f6f1a@group-24C785E9A0FC: changes role from  FOLLOWER to FOLLOWER at term 22 for recognizeCandidate:ad4d83c7-0f96-47bc-a4e8-7e5d9f844896
2019-10-23 12:13:20,457 [grpc-default-executor-3] INFO  impl.RoleInfo (RoleInfo.java:shutdownFollowerState(121)) - 3b749b59-de2a-419b-9a26-261692f5c83c: shutdown FollowerState
2019-10-23 12:13:20,458 [grpc-default-executor-1] INFO  impl.RoleInfo (RoleInfo.java:shutdownFollowerState(121)) - 02863277-f564-4bc6-8337-fb22627f6f1a: shutdown FollowerState
2019-10-23 12:13:20,458 [Thread-579] INFO  impl.FollowerState (FollowerState.java:run(117)) - 3b749b59-de2a-419b-9a26-261692f5c83c@group-24C785E9A0FC-FollowerState was interrupted: java.lang.InterruptedException: sleep interrupted
2019-10-23 12:13:20,458 [grpc-default-executor-1] INFO  impl.RoleInfo (RoleInfo.java:updateAndGet(143)) - 02863277-f564-4bc6-8337-fb22627f6f1a: start FollowerState
2019-10-23 12:13:20,458 [grpc-default-executor-3] INFO  impl.RoleInfo (RoleInfo.java:updateAndGet(143)) - 3b749b59-de2a-419b-9a26-261692f5c83c: start FollowerState
2019-10-23 12:13:20,458 [Thread-580] INFO  impl.FollowerState (FollowerState.java:run(117)) - 02863277-f564-4bc6-8337-fb22627f6f1a@group-24C785E9A0FC-FollowerState was interrupted: java.lang.InterruptedException: sleep interrupted
2019-10-23 12:13:20,465 [ad4d83c7-0f96-47bc-a4e8-7e5d9f844896@group-24C785E9A0FC-LeaderElection37] INFO  impl.LeaderElection (LeaderElection.java:logAndReturn(56)) - ad4d83c7-0f96-47bc-a4e8-7e5d9f844896@group-24C785E9A0FC-LeaderElection37: Election REJECTED; received 2 response(s) [ad4d83c7-0f96-47bc-a4e8-7e5d9f844896<-3b749b59-de2a-419b-9a26-261692f5c83c#0:FAIL-t22, ad4d83c7-0f96-47bc-a4e8-7e5d9f844896<-02863277-f564-4bc6-8337-fb22627f6f1a#0:FAIL-t22] and 0 exception(s); ad4d83c7-0f96-47bc-a4e8-7e5d9f844896@group-24C785E9A0FC:t22, leader=null, voted=ad4d83c7-0f96-47bc-a4e8-7e5d9f844896, raftlog=ad4d83c7-0f96-47bc-a4e8-7e5d9f844896@group-24C785E9A0FC-SegmentedRaftLog:OPENED:c-1,f-1,i0, conf=-1: [3b749b59-de2a-419b-9a26-261692f5c83c:192.168.69.118:39205, ad4d83c7-0f96-47bc-a4e8-7e5d9f844896:192.168.69.118:41688, 02863277-f564-4bc6-8337-fb22627f6f1a:192.168.69.118:36850], old=null
2019-10-23 12:13:20,466 [ad4d83c7-0f96-47bc-a4e8-7e5d9f844896@group-24C785E9A0FC-LeaderElection37] INFO  impl.RaftServerImpl (RaftServerImpl.java:setRole(184)) - ad4d83c7-0f96-47bc-a4e8-7e5d9f844896@group-24C785E9A0FC: changes role from CANDIDATE to FOLLOWER at term 22 for DISCOVERED_A_NEW_TERM
2019-10-23 12:13:20,466 [ad4d83c7-0f96-47bc-a4e8-7e5d9f844896@group-24C785E9A0FC-LeaderElection37] INFO  impl.RoleInfo (RoleInfo.java:shutdownLeaderElection(134)) - ad4d83c7-0f96-47bc-a4e8-7e5d9f844896: shutdown LeaderElection
2019-10-23 12:13:20,466 [ad4d83c7-0f96-47bc-a4e8-7e5d9f844896@group-24C785E9A0FC-LeaderElection37] INFO  impl.RoleInfo (RoleInfo.java:updateAndGet(143)) - ad4d83c7-0f96-47bc-a4e8-7e5d9f844896: start FollowerState
2019-10-23 12:13:20,597 [Thread-591] INFO  impl.FollowerState (FollowerState.java:run(108)) - ad4d83c7-0f96-47bc-a4e8-7e5d9f844896@group-24C785E9A0FC-FollowerState: change to CANDIDATE, lastRpcTime:130ms, electionTimeout:130ms
2019-10-23 12:13:20,606 [Thread-591] INFO  impl.RoleInfo (RoleInfo.java:shutdownFollowerState(121)) - ad4d83c7-0f96-47bc-a4e8-7e5d9f844896: shutdown FollowerState
2019-10-23 12:13:20,606 [Thread-591] INFO  impl.RaftServerImpl (RaftServerImpl.java:setRole(184)) - ad4d83c7-0f96-47bc-a4e8-7e5d9f844896@group-24C785E9A0FC: changes role from  FOLLOWER to CANDIDATE at term 22 for changeToCandidate
2019-10-23 12:13:20,606 [Thread-591] INFO  impl.RoleInfo (RoleInfo.java:updateAndGet(143)) - ad4d83c7-0f96-47bc-a4e8-7e5d9f844896: start LeaderElection
2019-10-23 12:13:20,617 [ad4d83c7-0f96-47bc-a4e8-7e5d9f844896@group-24C785E9A0FC-LeaderElection38] INFO  impl.LeaderElection (LeaderElection.java:askForVotes(178)) - ad4d83c7-0f96-47bc-a4e8-7e5d9f844896@group-24C785E9A0FC-LeaderElection38: begin an election at term 23 for -1: [3b749b59-de2a-419b-9a26-261692f5c83c:192.168.69.118:39205, ad4d83c7-0f96-47bc-a4e8-7e5d9f844896:192.168.69.118:41688, 02863277-f564-4bc6-8337-fb22627f6f1a:192.168.69.118:36850], old=null
2019-10-23 12:13:20,623 [grpc-default-executor-3] INFO  impl.RaftServerImpl (RaftServerImpl.java:setRole(184)) - 3b749b59-de2a-419b-9a26-261692f5c83c@group-24C785E9A0FC: changes role from  FOLLOWER to FOLLOWER at term 23 for recognizeCandidate:ad4d83c7-0f96-47bc-a4e8-7e5d9f844896
2019-10-23 12:13:20,623 [grpc-default-executor-1] INFO  impl.RaftServerImpl (RaftServerImpl.java:setRole(184)) - 02863277-f564-4bc6-8337-fb22627f6f1a@group-24C785E9A0FC: changes role from  FOLLOWER to FOLLOWER at term 23 for recognizeCandidate:ad4d83c7-0f96-47bc-a4e8-7e5d9f844896
2019-10-23 12:13:20,623 [grpc-default-executor-3] INFO  impl.RoleInfo (RoleInfo.java:shutdownFollowerState(121)) - 3b749b59-de2a-419b-9a26-261692f5c83c: shutdown FollowerState
2019-10-23 12:13:20,623 [grpc-default-executor-1] INFO  impl.RoleInfo (RoleInfo.java:shutdownFollowerState(121)) - 02863277-f564-4bc6-8337-fb22627f6f1a: shutdown FollowerState
2019-10-23 12:13:20,623 [Thread-589] INFO  impl.FollowerState (FollowerState.java:run(117)) - 3b749b59-de2a-419b-9a26-261692f5c83c@group-24C785E9A0FC-FollowerState was interrupted: java.lang.InterruptedException: sleep interrupted
2019-10-23 12:13:20,623 [grpc-default-executor-3] INFO  impl.RoleInfo (RoleInfo.java:updateAndGet(143)) - 3b749b59-de2a-419b-9a26-261692f5c83c: start FollowerState
2019-10-23 12:13:20,623 [Thread-590] INFO  impl.FollowerState (FollowerState.java:run(117)) - 02863277-f564-4bc6-8337-fb22627f6f1a@group-24C785E9A0FC-FollowerState was interrupted: java.lang.InterruptedException: sleep interrupted
2019-10-23 12:13:20,623 [grpc-default-executor-1] INFO  impl.RoleInfo (RoleInfo.java:updateAndGet(143)) - 02863277-f564-4bc6-8337-fb22627f6f1a: start FollowerState
2019-10-23 12:13:20,638 [ad4d83c7-0f96-47bc-a4e8-7e5d9f844896@group-24C785E9A0FC-LeaderElection38] INFO  impl.LeaderElection (LeaderElection.java:logAndReturn(56)) - ad4d83c7-0f96-47bc-a4e8-7e5d9f844896@group-24C785E9A0FC-LeaderElection38: Election REJECTED; received 2 response(s) [ad4d83c7-0f96-47bc-a4e8-7e5d9f844896<-3b749b59-de2a-419b-9a26-261692f5c83c#0:FAIL-t23, ad4d83c7-0f96-47bc-a4e8-7e5d9f844896<-02863277-f564-4bc6-8337-fb22627f6f1a#0:FAIL-t23] and 0 exception(s); ad4d83c7-0f96-47bc-a4e8-7e5d9f844896@group-24C785E9A0FC:t23, leader=null, voted=ad4d83c7-0f96-47bc-a4e8-7e5d9f844896, raftlog=ad4d83c7-0f96-47bc-a4e8-7e5d9f844896@group-24C785E9A0FC-SegmentedRaftLog:OPENED:c-1,f-1,i0, conf=-1: [3b749b59-de2a-419b-9a26-261692f5c83c:192.168.69.118:39205, ad4d83c7-0f96-47bc-a4e8-7e5d9f844896:192.168.69.118:41688, 02863277-f564-4bc6-8337-fb22627f6f1a:192.168.69.118:36850], old=null
2019-10-23 12:13:20,639 [ad4d83c7-0f96-47bc-a4e8-7e5d9f844896@group-24C785E9A0FC-LeaderElection38] INFO  impl.RaftServerImpl (RaftServerImpl.java:setRole(184)) - ad4d83c7-0f96-47bc-a4e8-7e5d9f844896@group-24C785E9A0FC: changes role from CANDIDATE to FOLLOWER at term 23 for DISCOVERED_A_NEW_TERM
2019-10-23 12:13:20,639 [ad4d83c7-0f96-47bc-a4e8-7e5d9f844896@group-24C785E9A0FC-LeaderElection38] INFO  impl.RoleInfo (RoleInfo.java:shutdownLeaderElection(134)) - ad4d83c7-0f96-47bc-a4e8-7e5d9f844896: shutdown LeaderElection
2019-10-23 12:13:20,639 [ad4d83c7-0f96-47bc-a4e8-7e5d9f844896@group-24C785E9A0FC-LeaderElection38] INFO  impl.RoleInfo (RoleInfo.java:updateAndGet(143)) - ad4d83c7-0f96-47bc-a4e8-7e5d9f844896: start FollowerState
2019-10-23 12:13:20,641 [Thread-597] INFO  impl.FollowerState (FollowerState.java:run(108)) - ad4d83c7-0f96-47bc-a4e8-7e5d9f844896@group-24C785E9A0FC-FollowerState: change to CANDIDATE, lastRpcTime:1ms, electionTimeout:1ms
2019-10-23 12:13:20,641 [Thread-597] INFO  impl.RoleInfo (RoleInfo.java:shutdownFollowerState(121)) - ad4d83c7-0f96-47bc-a4e8-7e5d9f844896: shutdown FollowerState
2019-10-23 12:13:20,641 [Thread-597] INFO  impl.RaftServerImpl (RaftServerImpl.java:setRole(184)) - ad4d83c7-0f96-47bc-a4e8-7e5d9f844896@group-24C785E9A0FC: changes role from  FOLLOWER to CANDIDATE at term 23 for changeToCandidate
2019-10-23 12:13:20,641 [Thread-597] INFO  impl.RoleInfo (RoleInfo.java:updateAndGet(143)) - ad4d83c7-0f96-47bc-a4e8-7e5d9f844896: start LeaderElection
2019-10-23 12:13:20,655 [ad4d83c7-0f96-47bc-a4e8-7e5d9f844896@group-24C785E9A0FC-LeaderElection39] INFO  impl.LeaderElection (LeaderElection.java:askForVotes(178)) - ad4d83c7-0f96-47bc-a4e8-7e5d9f844896@group-24C785E9A0FC-LeaderElection39: begin an election at term 24 for -1: [3b749b59-de2a-419b-9a26-261692f5c83c:192.168.69.118:39205, ad4d83c7-0f96-47bc-a4e8-7e5d9f844896:192.168.69.118:41688, 02863277-f564-4bc6-8337-fb22627f6f1a:192.168.69.118:36850], old=null
2019-10-23 12:13:20,658 [grpc-default-executor-1] INFO  impl.RaftServerImpl (RaftServerImpl.java:setRole(184)) - 3b749b59-de2a-419b-9a26-261692f5c83c@group-24C785E9A0FC: changes role from  FOLLOWER to FOLLOWER at term 24 for recognizeCandidate:ad4d83c7-0f96-47bc-a4e8-7e5d9f844896
2019-10-23 12:13:20,658 [grpc-default-executor-3] INFO  impl.RaftServerImpl (RaftServerImpl.java:setRole(184)) - 02863277-f564-4bc6-8337-fb22627f6f1a@group-24C785E9A0FC: changes role from  FOLLOWER to FOLLOWER at term 24 for recognizeCandidate:ad4d83c7-0f96-47bc-a4e8-7e5d9f844896
2019-10-23 12:13:20,658 [grpc-default-executor-1] INFO  impl.RoleInfo (RoleInfo.java:shutdownFollowerState(121)) - 3b749b59-de2a-419b-9a26-261692f5c83c: shutdown FollowerState
2019-10-23 12:13:20,658 [grpc-default-executor-3] INFO  impl.RoleInfo (RoleInfo.java:shutdownFollowerState(121)) - 02863277-f564-4bc6-8337-fb22627f6f1a: shutdown FollowerState
2019-10-23 12:13:20,658 [Thread-595] INFO  impl.FollowerState (FollowerState.java:run(117)) - 3b749b59-de2a-419b-9a26-261692f5c83c@group-24C785E9A0FC-FollowerState was interrupted: java.lang.InterruptedException: sleep interrupted
2019-10-23 12:13:20,658 [grpc-default-executor-1] INFO  impl.RoleInfo (RoleInfo.java:updateAndGet(143)) - 3b749b59-de2a-419b-9a26-261692f5c83c: start FollowerState
2019-10-23 12:13:20,659 [Thread-596] INFO  impl.FollowerState (FollowerState.java:run(117)) - 02863277-f564-4bc6-8337-fb22627f6f1a@group-24C785E9A0FC-FollowerState was interrupted: java.lang.InterruptedException: sleep interrupted
2019-10-23 12:13:20,658 [grpc-default-executor-3] INFO  impl.RoleInfo (RoleInfo.java:updateAndGet(143)) - 02863277-f564-4bc6-8337-fb22627f6f1a: start FollowerState
2019-10-23 12:13:20,674 [ad4d83c7-0f96-47bc-a4e8-7e5d9f844896@group-24C785E9A0FC-LeaderElection39] INFO  impl.LeaderElection (LeaderElection.java:logAndReturn(56)) - ad4d83c7-0f96-47bc-a4e8-7e5d9f844896@group-24C785E9A0FC-LeaderElection39: Election REJECTED; received 2 response(s) [ad4d83c7-0f96-47bc-a4e8-7e5d9f844896<-3b749b59-de2a-419b-9a26-261692f5c83c#0:FAIL-t24, ad4d83c7-0f96-47bc-a4e8-7e5d9f844896<-02863277-f564-4bc6-8337-fb22627f6f1a#0:FAIL-t24] and 0 exception(s); ad4d83c7-0f96-47bc-a4e8-7e5d9f844896@group-24C785E9A0FC:t24, leader=null, voted=ad4d83c7-0f96-47bc-a4e8-7e5d9f844896, raftlog=ad4d83c7-0f96-47bc-a4e8-7e5d9f844896@group-24C785E9A0FC-SegmentedRaftLog:OPENED:c-1,f-1,i0, conf=-1: [3b749b59-de2a-419b-9a26-261692f5c83c:192.168.69.118:39205, ad4d83c7-0f96-47bc-a4e8-7e5d9f844896:192.168.69.118:41688, 02863277-f564-4bc6-8337-fb22627f6f1a:192.168.69.118:36850], old=null
2019-10-23 12:13:20,674 [ad4d83c7-0f96-47bc-a4e8-7e5d9f844896@group-24C785E9A0FC-LeaderElection39] INFO  impl.RaftServerImpl (RaftServerImpl.java:setRole(184)) - ad4d83c7-0f96-47bc-a4e8-7e5d9f844896@group-24C785E9A0FC: changes role from CANDIDATE to FOLLOWER at term 24 for DISCOVERED_A_NEW_TERM
2019-10-23 12:13:20,674 [ad4d83c7-0f96-47bc-a4e8-7e5d9f844896@group-24C785E9A0FC-LeaderElection39] INFO  impl.RoleInfo (RoleInfo.java:shutdownLeaderElection(134)) - ad4d83c7-0f96-47bc-a4e8-7e5d9f844896: shutdown LeaderElection
2019-10-23 12:13:20,674 [ad4d83c7-0f96-47bc-a4e8-7e5d9f844896@group-24C785E9A0FC-LeaderElection39] INFO  impl.RoleInfo (RoleInfo.java:updateAndGet(143)) - ad4d83c7-0f96-47bc-a4e8-7e5d9f844896: start FollowerState
2019-10-23 12:13:20,750 [Thread-603] INFO  impl.FollowerState (FollowerState.java:run(108)) - ad4d83c7-0f96-47bc-a4e8-7e5d9f844896@group-24C785E9A0FC-FollowerState: change to CANDIDATE, lastRpcTime:76ms, electionTimeout:74ms
2019-10-23 12:13:20,751 [Thread-603] INFO  impl.RoleInfo (RoleInfo.java:shutdownFollowerState(121)) - ad4d83c7-0f96-47bc-a4e8-7e5d9f844896: shutdown FollowerState
2019-10-23 12:13:20,751 [Thread-603] INFO  impl.RaftServerImpl (RaftServerImpl.java:setRole(184)) - ad4d83c7-0f96-47bc-a4e8-7e5d9f844896@group-24C785E9A0FC: changes role from  FOLLOWER to CANDIDATE at term 24 for changeToCandidate
2019-10-23 12:13:20,751 [Thread-603] INFO  impl.RoleInfo (RoleInfo.java:updateAndGet(143)) - ad4d83c7-0f96-47bc-a4e8-7e5d9f844896: start LeaderElection
2019-10-23 12:13:20,788 [ad4d83c7-0f96-47bc-a4e8-7e5d9f844896@group-24C785E9A0FC-LeaderElection40] INFO  impl.LeaderElection (LeaderElection.java:askForVotes(178)) - ad4d83c7-0f96-47bc-a4e8-7e5d9f844896@group-24C785E9A0FC-LeaderElection40: begin an election at term 25 for -1: [3b749b59-de2a-419b-9a26-261692f5c83c:192.168.69.118:39205, ad4d83c7-0f96-47bc-a4e8-7e5d9f844896:192.168.69.118:41688, 02863277-f564-4bc6-8337-fb22627f6f1a:192.168.69.118:36850], old=null
2019-10-23 12:13:20,793 [grpc-default-executor-1] INFO  impl.RaftServerImpl (RaftServerImpl.java:setRole(184)) - 3b749b59-de2a-419b-9a26-261692f5c83c@group-24C785E9A0FC: changes role from  FOLLOWER to FOLLOWER at term 25 for recognizeCandidate:ad4d83c7-0f96-47bc-a4e8-7e5d9f844896
2019-10-23 12:13:20,793 [grpc-default-executor-1] INFO  impl.RoleInfo (RoleInfo.java:shutdownFollowerState(121)) - 3b749b59-de2a-419b-9a26-261692f5c83c: shutdown FollowerState
2019-10-23 12:13:20,793 [grpc-default-executor-3] INFO  impl.RaftServerImpl (RaftServerImpl.java:setRole(184)) - 02863277-f564-4bc6-8337-fb22627f6f1a@group-24C785E9A0FC: changes role from  FOLLOWER to FOLLOWER at term 25 for recognizeCandidate:ad4d83c7-0f96-47bc-a4e8-7e5d9f844896
2019-10-23 12:13:20,793 [Thread-601] INFO  impl.FollowerState (FollowerState.java:run(117)) - 3b749b59-de2a-419b-9a26-261692f5c83c@group-24C785E9A0FC-FollowerState was interrupted: java.lang.InterruptedException: sleep interrupted
2019-10-23 12:13:20,793 [grpc-default-executor-1] INFO  impl.RoleInfo (RoleInfo.java:updateAndGet(143)) - 3b749b59-de2a-419b-9a26-261692f5c83c: start FollowerState
2019-10-23 12:13:20,793 [grpc-default-executor-3] INFO  impl.RoleInfo (RoleInfo.java:shutdownFollowerState(121)) - 02863277-f564-4bc6-8337-fb22627f6f1a: shutdown FollowerState
2019-10-23 12:13:20,794 [grpc-default-executor-3] INFO  impl.RoleInfo (RoleInfo.java:updateAndGet(143)) - 02863277-f564-4bc6-8337-fb22627f6f1a: start FollowerState
2019-10-23 12:13:20,794 [Thread-602] INFO  impl.FollowerState (FollowerState.java:run(117)) - 02863277-f564-4bc6-8337-fb22627f6f1a@group-24C785E9A0FC-FollowerState was interrupted: java.lang.InterruptedException: sleep interrupted
2019-10-23 12:13:20,803 [ad4d83c7-0f96-47bc-a4e8-7e5d9f844896@group-24C785E9A0FC-LeaderElection40] INFO  impl.LeaderElection (LeaderElection.java:logAndReturn(56)) - ad4d83c7-0f96-47bc-a4e8-7e5d9f844896@group-24C785E9A0FC-LeaderElection40: Election REJECTED; received 2 response(s) [ad4d83c7-0f96-47bc-a4e8-7e5d9f844896<-3b749b59-de2a-419b-9a26-261692f5c83c#0:FAIL-t25, ad4d83c7-0f96-47bc-a4e8-7e5d9f844896<-02863277-f564-4bc6-8337-fb22627f6f1a#0:FAIL-t25] and 0 exception(s); ad4d83c7-0f96-47bc-a4e8-7e5d9f844896@group-24C785E9A0FC:t25, leader=null, voted=ad4d83c7-0f96-47bc-a4e8-7e5d9f844896, raftlog=ad4d83c7-0f96-47bc-a4e8-7e5d9f844896@group-24C785E9A0FC-SegmentedRaftLog:OPENED:c-1,f-1,i0, conf=-1: [3b749b59-de2a-419b-9a26-261692f5c83c:192.168.69.118:39205, ad4d83c7-0f96-47bc-a4e8-7e5d9f844896:192.168.69.118:41688, 02863277-f564-4bc6-8337-fb22627f6f1a:192.168.69.118:36850], old=null
2019-10-23 12:13:20,804 [ad4d83c7-0f96-47bc-a4e8-7e5d9f844896@group-24C785E9A0FC-LeaderElection40] INFO  impl.RaftServerImpl (RaftServerImpl.java:setRole(184)) - ad4d83c7-0f96-47bc-a4e8-7e5d9f844896@group-24C785E9A0FC: changes role from CANDIDATE to FOLLOWER at term 25 for DISCOVERED_A_NEW_TERM
2019-10-23 12:13:20,804 [ad4d83c7-0f96-47bc-a4e8-7e5d9f844896@group-24C785E9A0FC-LeaderElection40] INFO  impl.RoleInfo (RoleInfo.java:shutdownLeaderElection(134)) - ad4d83c7-0f96-47bc-a4e8-7e5d9f844896: shutdown LeaderElection
2019-10-23 12:13:20,804 [ad4d83c7-0f96-47bc-a4e8-7e5d9f844896@group-24C785E9A0FC-LeaderElection40] INFO  impl.RoleInfo (RoleInfo.java:updateAndGet(143)) - ad4d83c7-0f96-47bc-a4e8-7e5d9f844896: start FollowerState
2019-10-23 12:13:20,898 [Thread-611] INFO  impl.FollowerState (FollowerState.java:run(108)) - ad4d83c7-0f96-47bc-a4e8-7e5d9f844896@group-24C785E9A0FC-FollowerState: change to CANDIDATE, lastRpcTime:94ms, electionTimeout:94ms
2019-10-23 12:13:20,899 [Thread-611] INFO  impl.RoleInfo (RoleInfo.java:shutdownFollowerState(121)) - ad4d83c7-0f96-47bc-a4e8-7e5d9f844896: shutdown FollowerState
2019-10-23 12:13:20,899 [Thread-611] INFO  impl.RaftServerImpl (RaftServerImpl.java:setRole(184)) - ad4d83c7-0f96-47bc-a4e8-7e5d9f844896@group-24C785E9A0FC: changes role from  FOLLOWER to CANDIDATE at term 25 for changeToCandidate
2019-10-23 12:13:20,899 [Thread-611] INFO  impl.RoleInfo (RoleInfo.java:updateAndGet(143)) - ad4d83c7-0f96-47bc-a4e8-7e5d9f844896: start LeaderElection
2019-10-23 12:13:20,913 [ad4d83c7-0f96-47bc-a4e8-7e5d9f844896@group-24C785E9A0FC-LeaderElection41] INFO  impl.LeaderElection (LeaderElection.java:askForVotes(178)) - ad4d83c7-0f96-47bc-a4e8-7e5d9f844896@group-24C785E9A0FC-LeaderElection41: begin an election at term 26 for -1: [3b749b59-de2a-419b-9a26-261692f5c83c:192.168.69.118:39205, ad4d83c7-0f96-47bc-a4e8-7e5d9f844896:192.168.69.118:41688, 02863277-f564-4bc6-8337-fb22627f6f1a:192.168.69.118:36850], old=null
2019-10-23 12:13:20,916 [grpc-default-executor-1] INFO  impl.RaftServerImpl (RaftServerImpl.java:setRole(184)) - 02863277-f564-4bc6-8337-fb22627f6f1a@group-24C785E9A0FC: changes role from  FOLLOWER to FOLLOWER at term 26 for recognizeCandidate:ad4d83c7-0f96-47bc-a4e8-7e5d9f844896
2019-10-23 12:13:20,916 [grpc-default-executor-3] INFO  impl.RaftServerImpl (RaftServerImpl.java:setRole(184)) - 3b749b59-de2a-419b-9a26-261692f5c83c@group-24C785E9A0FC: changes role from  FOLLOWER to FOLLOWER at term 26 for recognizeCandidate:ad4d83c7-0f96-47bc-a4e8-7e5d9f844896
2019-10-23 12:13:20,916 [grpc-default-executor-1] INFO  impl.RoleInfo (RoleInfo.java:shutdownFollowerState(121)) - 02863277-f564-4bc6-8337-fb22627f6f1a: shutdown FollowerState
2019-10-23 12:13:20,916 [grpc-default-executor-3] INFO  impl.RoleInfo (RoleInfo.java:shutdownFollowerState(121)) - 3b749b59-de2a-419b-9a26-261692f5c83c: shutdown FollowerState
2019-10-23 12:13:20,916 [Thread-610] INFO  impl.FollowerState (FollowerState.java:run(117)) - 02863277-f564-4bc6-8337-fb22627f6f1a@group-24C785E9A0FC-FollowerState was interrupted: java.lang.InterruptedException: sleep interrupted
2019-10-23 12:13:20,917 [Thread-609] INFO  impl.FollowerState (FollowerState.java:run(117)) - 3b749b59-de2a-419b-9a26-261692f5c83c@group-24C785E9A0FC-FollowerState was interrupted: java.lang.InterruptedException: sleep interrupted
2019-10-23 12:13:20,916 [grpc-default-executor-1] INFO  impl.RoleInfo (RoleInfo.java:updateAndGet(143)) - 02863277-f564-4bc6-8337-fb22627f6f1a: start FollowerState
2019-10-23 12:13:20,917 [grpc-default-executor-3] INFO  impl.RoleInfo (RoleInfo.java:updateAndGet(143)) - 3b749b59-de2a-419b-9a26-261692f5c83c: start FollowerState
2019-10-23 12:13:20,933 [ad4d83c7-0f96-47bc-a4e8-7e5d9f844896@group-24C785E9A0FC-LeaderElection41] INFO  impl.LeaderElection (LeaderElection.java:logAndReturn(56)) - ad4d83c7-0f96-47bc-a4e8-7e5d9f844896@group-24C785E9A0FC-LeaderElection41: Election REJECTED; received 2 response(s) [ad4d83c7-0f96-47bc-a4e8-7e5d9f844896<-3b749b59-de2a-419b-9a26-261692f5c83c#0:FAIL-t26, ad4d83c7-0f96-47bc-a4e8-7e5d9f844896<-02863277-f564-4bc6-8337-fb22627f6f1a#0:FAIL-t26] and 0 exception(s); ad4d83c7-0f96-47bc-a4e8-7e5d9f844896@group-24C785E9A0FC:t26, leader=null, voted=ad4d83c7-0f96-47bc-a4e8-7e5d9f844896, raftlog=ad4d83c7-0f96-47bc-a4e8-7e5d9f844896@group-24C785E9A0FC-SegmentedRaftLog:OPENED:c-1,f-1,i0, conf=-1: [3b749b59-de2a-419b-9a26-261692f5c83c:192.168.69.118:39205, ad4d83c7-0f96-47bc-a4e8-7e5d9f844896:192.168.69.118:41688, 02863277-f564-4bc6-8337-fb22627f6f1a:192.168.69.118:36850], old=null
2019-10-23 12:13:20,933 [ad4d83c7-0f96-47bc-a4e8-7e5d9f844896@group-24C785E9A0FC-LeaderElection41] INFO  impl.RaftServerImpl (RaftServerImpl.java:setRole(184)) - ad4d83c7-0f96-47bc-a4e8-7e5d9f844896@group-24C785E9A0FC: changes role from CANDIDATE to FOLLOWER at term 26 for DISCOVERED_A_NEW_TERM
2019-10-23 12:13:20,934 [ad4d83c7-0f96-47bc-a4e8-7e5d9f844896@group-24C785E9A0FC-LeaderElection41] INFO  impl.RoleInfo (RoleInfo.java:shutdownLeaderElection(134)) - ad4d83c7-0f96-47bc-a4e8-7e5d9f844896: shutdown LeaderElection
2019-10-23 12:13:20,934 [ad4d83c7-0f96-47bc-a4e8-7e5d9f844896@group-24C785E9A0FC-LeaderElection41] INFO  impl.RoleInfo (RoleInfo.java:updateAndGet(143)) - ad4d83c7-0f96-47bc-a4e8-7e5d9f844896: start FollowerState
2019-10-23 12:13:21,055 [Thread-621] INFO  impl.FollowerState (FollowerState.java:run(108)) - ad4d83c7-0f96-47bc-a4e8-7e5d9f844896@group-24C785E9A0FC-FollowerState: change to CANDIDATE, lastRpcTime:121ms, electionTimeout:121ms
2019-10-23 12:13:21,056 [Thread-621] INFO  impl.RoleInfo (RoleInfo.java:shutdownFollowerState(121)) - ad4d83c7-0f96-47bc-a4e8-7e5d9f844896: shutdown FollowerState
2019-10-23 12:13:21,056 [Thread-621] INFO  impl.RaftServerImpl (RaftServerImpl.java:setRole(184)) - ad4d83c7-0f96-47bc-a4e8-7e5d9f844896@group-24C785E9A0FC: changes role from  FOLLOWER to CANDIDATE at term 26 for changeToCandidate
2019-10-23 12:13:21,056 [Thread-621] INFO  impl.RoleInfo (RoleInfo.java:updateAndGet(143)) - ad4d83c7-0f96-47bc-a4e8-7e5d9f844896: start LeaderElection
2019-10-23 12:13:21,070 [ad4d83c7-0f96-47bc-a4e8-7e5d9f844896@group-24C785E9A0FC-LeaderElection42] INFO  impl.LeaderElection (LeaderElection.java:askForVotes(178)) - ad4d83c7-0f96-47bc-a4e8-7e5d9f844896@group-24C785E9A0FC-LeaderElection42: begin an election at term 27 for -1: [3b749b59-de2a-419b-9a26-261692f5c83c:192.168.69.118:39205, ad4d83c7-0f96-47bc-a4e8-7e5d9f844896:192.168.69.118:41688, 02863277-f564-4bc6-8337-fb22627f6f1a:192.168.69.118:36850], old=null
2019-10-23 12:13:21,074 [grpc-default-executor-3] INFO  impl.RaftServerImpl (RaftServerImpl.java:setRole(184)) - 3b749b59-de2a-419b-9a26-261692f5c83c@group-24C785E9A0FC: changes role from  FOLLOWER to FOLLOWER at term 27 for recognizeCandidate:ad4d83c7-0f96-47bc-a4e8-7e5d9f844896
2019-10-23 12:13:21,074 [grpc-default-executor-1] INFO  impl.RaftServerImpl (RaftServerImpl.java:setRole(184)) - 02863277-f564-4bc6-8337-fb22627f6f1a@group-24C785E9A0FC: changes role from  FOLLOWER to FOLLOWER at term 27 for recognizeCandidate:ad4d83c7-0f96-47bc-a4e8-7e5d9f844896
2019-10-23 12:13:21,074 [grpc-default-executor-3] INFO  impl.RoleInfo (RoleInfo.java:shutdownFollowerState(121)) - 3b749b59-de2a-419b-9a26-261692f5c83c: shutdown FollowerState
2019-10-23 12:13:21,074 [grpc-default-executor-1] INFO  impl.RoleInfo (RoleInfo.java:shutdownFollowerState(121)) - 02863277-f564-4bc6-8337-fb22627f6f1a: shutdown FollowerState
2019-10-23 12:13:21,074 [Thread-618] INFO  impl.FollowerState (FollowerState.java:run(117)) - 3b749b59-de2a-419b-9a26-261692f5c83c@group-24C785E9A0FC-FollowerState was interrupted: java.lang.InterruptedException: sleep interrupted
2019-10-23 12:13:21,074 [grpc-default-executor-3] INFO  impl.RoleInfo (RoleInfo.java:updateAndGet(143)) - 3b749b59-de2a-419b-9a26-261692f5c83c: start FollowerState
2019-10-23 12:13:21,074 [Thread-617] INFO  impl.FollowerState (FollowerState.java:run(117)) - 02863277-f564-4bc6-8337-fb22627f6f1a@group-24C785E9A0FC-FollowerState was interrupted: java.lang.InterruptedException: sleep interrupted
2019-10-23 12:13:21,074 [grpc-default-executor-1] INFO  impl.RoleInfo (RoleInfo.java:updateAndGet(143)) - 02863277-f564-4bc6-8337-fb22627f6f1a: start FollowerState
2019-10-23 12:13:21,090 [ad4d83c7-0f96-47bc-a4e8-7e5d9f844896@group-24C785E9A0FC-LeaderElection42] INFO  impl.LeaderElection (LeaderElection.java:logAndReturn(56)) - ad4d83c7-0f96-47bc-a4e8-7e5d9f844896@group-24C785E9A0FC-LeaderElection42: Election REJECTED; received 2 response(s) [ad4d83c7-0f96-47bc-a4e8-7e5d9f844896<-3b749b59-de2a-419b-9a26-261692f5c83c#0:FAIL-t27, ad4d83c7-0f96-47bc-a4e8-7e5d9f844896<-02863277-f564-4bc6-8337-fb22627f6f1a#0:FAIL-t27] and 0 exception(s); ad4d83c7-0f96-47bc-a4e8-7e5d9f844896@group-24C785E9A0FC:t27, leader=null, voted=ad4d83c7-0f96-47bc-a4e8-7e5d9f844896, raftlog=ad4d83c7-0f96-47bc-a4e8-7e5d9f844896@group-24C785E9A0FC-SegmentedRaftLog:OPENED:c-1,f-1,i0, conf=-1: [3b749b59-de2a-419b-9a26-261692f5c83c:192.168.69.118:39205, ad4d83c7-0f96-47bc-a4e8-7e5d9f844896:192.168.69.118:41688, 02863277-f564-4bc6-8337-fb22627f6f1a:192.168.69.118:36850], old=null
2019-10-23 12:13:21,090 [ad4d83c7-0f96-47bc-a4e8-7e5d9f844896@group-24C785E9A0FC-LeaderElection42] INFO  impl.RaftServerImpl (RaftServerImpl.java:setRole(184)) - ad4d83c7-0f96-47bc-a4e8-7e5d9f844896@group-24C785E9A0FC: changes role from CANDIDATE to FOLLOWER at term 27 for DISCOVERED_A_NEW_TERM
2019-10-23 12:13:21,090 [ad4d83c7-0f96-47bc-a4e8-7e5d9f844896@group-24C785E9A0FC-LeaderElection42] INFO  impl.RoleInfo (RoleInfo.java:shutdownLeaderElection(134)) - ad4d83c7-0f96-47bc-a4e8-7e5d9f844896: shutdown LeaderElection
2019-10-23 12:13:21,090 [ad4d83c7-0f96-47bc-a4e8-7e5d9f844896@group-24C785E9A0FC-LeaderElection42] INFO  impl.RoleInfo (RoleInfo.java:updateAndGet(143)) - ad4d83c7-0f96-47bc-a4e8-7e5d9f844896: start FollowerState
2019-10-23 12:13:21,260 [Thread-627] INFO  impl.FollowerState (FollowerState.java:run(108)) - ad4d83c7-0f96-47bc-a4e8-7e5d9f844896@group-24C785E9A0FC-FollowerState: change to CANDIDATE, lastRpcTime:169ms, electionTimeout:169ms
2019-10-23 12:13:21,260 [Thread-627] INFO  impl.RoleInfo (RoleInfo.java:shutdownFollowerState(121)) - ad4d83c7-0f96-47bc-a4e8-7e5d9f844896: shutdown FollowerState
2019-10-23 12:13:21,260 [Thread-627] INFO  impl.RaftServerImpl (RaftServerImpl.java:setRole(184)) - ad4d83c7-0f96-47bc-a4e8-7e5d9f844896@group-24C785E9A0FC: changes role from  FOLLOWER to CANDIDATE at term 27 for changeToCandidate
2019-10-23 12:13:21,260 [Thread-627] INFO  impl.RoleInfo (RoleInfo.java:updateAndGet(143)) - ad4d83c7-0f96-47bc-a4e8-7e5d9f844896: start LeaderElection
2019-10-23 12:13:21,274 [ad4d83c7-0f96-47bc-a4e8-7e5d9f844896@group-24C785E9A0FC-LeaderElection43] INFO  impl.LeaderElection (LeaderElection.java:askForVotes(178)) - ad4d83c7-0f96-47bc-a4e8-7e5d9f844896@group-24C785E9A0FC-LeaderElection43: begin an election at term 28 for -1: [3b749b59-de2a-419b-9a26-261692f5c83c:192.168.69.118:39205, ad4d83c7-0f96-47bc-a4e8-7e5d9f844896:192.168.69.118:41688, 02863277-f564-4bc6-8337-fb22627f6f1a:192.168.69.118:36850], old=null
2019-10-23 12:13:21,278 [grpc-default-executor-1] INFO  impl.RaftServerImpl (RaftServerImpl.java:setRole(184)) - 02863277-f564-4bc6-8337-fb22627f6f1a@group-24C785E9A0FC: changes role from  FOLLOWER to FOLLOWER at term 28 for recognizeCandidate:ad4d83c7-0f96-47bc-a4e8-7e5d9f844896
2019-10-23 12:13:21,278 [grpc-default-executor-1] INFO  impl.RoleInfo (RoleInfo.java:shutdownFollowerState(121)) - 02863277-f564-4bc6-8337-fb22627f6f1a: shutdown FollowerState
2019-10-23 12:13:21,278 [Thread-626] INFO  impl.FollowerState (FollowerState.java:run(117)) - 02863277-f564-4bc6-8337-fb22627f6f1a@group-24C785E9A0FC-FollowerState was interrupted: java.lang.InterruptedException: sleep interrupted
2019-10-23 12:13:21,278 [grpc-default-executor-1] INFO  impl.RoleInfo (RoleInfo.java:updateAndGet(143)) - 02863277-f564-4bc6-8337-fb22627f6f1a: start FollowerState
2019-10-23 12:13:21,279 [grpc-default-executor-3] INFO  impl.RaftServerImpl (RaftServerImpl.java:setRole(184)) - 3b749b59-de2a-419b-9a26-261692f5c83c@group-24C785E9A0FC: changes role from  FOLLOWER to FOLLOWER at term 28 for recognizeCandidate:ad4d83c7-0f96-47bc-a4e8-7e5d9f844896
2019-10-23 12:13:21,280 [grpc-default-executor-3] INFO  impl.RoleInfo (RoleInfo.java:shutdownFollowerState(121)) - 3b749b59-de2a-419b-9a26-261692f5c83c: shutdown FollowerState
2019-10-23 12:13:21,280 [grpc-default-executor-3] INFO  impl.RoleInfo (RoleInfo.java:updateAndGet(143)) - 3b749b59-de2a-419b-9a26-261692f5c83c: start FollowerState
2019-10-23 12:13:21,280 [Thread-625] INFO  impl.FollowerState (FollowerState.java:run(117)) - 3b749b59-de2a-419b-9a26-261692f5c83c@group-24C785E9A0FC-FollowerState was interrupted: java.lang.InterruptedException: sleep interrupted
2019-10-23 12:13:21,295 [ad4d83c7-0f96-47bc-a4e8-7e5d9f844896@group-24C785E9A0FC-LeaderElection43] INFO  impl.LeaderElection (LeaderElection.java:logAndReturn(56)) - ad4d83c7-0f96-47bc-a4e8-7e5d9f844896@group-24C785E9A0FC-LeaderElection43: Election REJECTED; received 2 response(s) [ad4d83c7-0f96-47bc-a4e8-7e5d9f844896<-3b749b59-de2a-419b-9a26-261692f5c83c#0:FAIL-t28, ad4d83c7-0f96-47bc-a4e8-7e5d9f844896<-02863277-f564-4bc6-8337-fb22627f6f1a#0:FAIL-t28] and 0 exception(s); ad4d83c7-0f96-47bc-a4e8-7e5d9f844896@group-24C785E9A0FC:t28, leader=null, voted=ad4d83c7-0f96-47bc-a4e8-7e5d9f844896, raftlog=ad4d83c7-0f96-47bc-a4e8-7e5d9f844896@group-24C785E9A0FC-SegmentedRaftLog:OPENED:c-1,f-1,i0, conf=-1: [3b749b59-de2a-419b-9a26-261692f5c83c:192.168.69.118:39205, ad4d83c7-0f96-47bc-a4e8-7e5d9f844896:192.168.69.118:41688, 02863277-f564-4bc6-8337-fb22627f6f1a:192.168.69.118:36850], old=null
2019-10-23 12:13:21,295 [ad4d83c7-0f96-47bc-a4e8-7e5d9f844896@group-24C785E9A0FC-LeaderElection43] INFO  impl.RaftServerImpl (RaftServerImpl.java:setRole(184)) - ad4d83c7-0f96-47bc-a4e8-7e5d9f844896@group-24C785E9A0FC: changes role from CANDIDATE to FOLLOWER at term 28 for DISCOVERED_A_NEW_TERM
2019-10-23 12:13:21,295 [ad4d83c7-0f96-47bc-a4e8-7e5d9f844896@group-24C785E9A0FC-LeaderElection43] INFO  impl.RoleInfo (RoleInfo.java:shutdownLeaderElection(134)) - ad4d83c7-0f96-47bc-a4e8-7e5d9f844896: shutdown LeaderElection
2019-10-23 12:13:21,295 [ad4d83c7-0f96-47bc-a4e8-7e5d9f844896@group-24C785E9A0FC-LeaderElection43] INFO  impl.RoleInfo (RoleInfo.java:updateAndGet(143)) - ad4d83c7-0f96-47bc-a4e8-7e5d9f844896: start FollowerState
2019-10-23 12:13:21,380 [Thread-633] INFO  impl.FollowerState (FollowerState.java:run(108)) - ad4d83c7-0f96-47bc-a4e8-7e5d9f844896@group-24C785E9A0FC-FollowerState: change to CANDIDATE, lastRpcTime:85ms, electionTimeout:80ms
2019-10-23 12:13:21,381 [Thread-633] INFO  impl.RoleInfo (RoleInfo.java:shutdownFollowerState(121)) - ad4d83c7-0f96-47bc-a4e8-7e5d9f844896: shutdown FollowerState
2019-10-23 12:13:21,381 [Thread-633] INFO  impl.RaftServerImpl (RaftServerImpl.java:setRole(184)) - ad4d83c7-0f96-47bc-a4e8-7e5d9f844896@group-24C785E9A0FC: changes role from  FOLLOWER to CANDIDATE at term 28 for changeToCandidate
2019-10-23 12:13:21,381 [Thread-633] INFO  impl.RoleInfo (RoleInfo.java:updateAndGet(143)) - ad4d83c7-0f96-47bc-a4e8-7e5d9f844896: start LeaderElection
2019-10-23 12:13:21,395 [ad4d83c7-0f96-47bc-a4e8-7e5d9f844896@group-24C785E9A0FC-LeaderElection44] INFO  impl.LeaderElection (LeaderElection.java:askForVotes(178)) - ad4d83c7-0f96-47bc-a4e8-7e5d9f844896@group-24C785E9A0FC-LeaderElection44: begin an election at term 29 for -1: [3b749b59-de2a-419b-9a26-261692f5c83c:192.168.69.118:39205, ad4d83c7-0f96-47bc-a4e8-7e5d9f844896:192.168.69.118:41688, 02863277-f564-4bc6-8337-fb22627f6f1a:192.168.69.118:36850], old=null
2019-10-23 12:13:21,400 [grpc-default-executor-3] INFO  impl.RaftServerImpl (RaftServerImpl.java:setRole(184)) - 3b749b59-de2a-419b-9a26-261692f5c83c@group-24C785E9A0FC: changes role from  FOLLOWER to FOLLOWER at term 29 for recognizeCandidate:ad4d83c7-0f96-47bc-a4e8-7e5d9f844896
2019-10-23 12:13:21,400 [grpc-default-executor-1] INFO  impl.RaftServerImpl (RaftServerImpl.java:setRole(184)) - 02863277-f564-4bc6-8337-fb22627f6f1a@group-24C785E9A0FC: changes role from  FOLLOWER to FOLLOWER at term 29 for recognizeCandidate:ad4d83c7-0f96-47bc-a4e8-7e5d9f844896
2019-10-23 12:13:21,400 [grpc-default-executor-3] INFO  impl.RoleInfo (RoleInfo.java:shutdownFollowerState(121)) - 3b749b59-de2a-419b-9a26-261692f5c83c: shutdown FollowerState
2019-10-23 12:13:21,400 [grpc-default-executor-1] INFO  impl.RoleInfo (RoleInfo.java:shutdownFollowerState(121)) - 02863277-f564-4bc6-8337-fb22627f6f1a: shutdown FollowerState
2019-10-23 12:13:21,400 [Thread-632] INFO  impl.FollowerState (FollowerState.java:run(117)) - 3b749b59-de2a-419b-9a26-261692f5c83c@group-24C785E9A0FC-FollowerState was interrupted: java.lang.InterruptedException: sleep interrupted
2019-10-23 12:13:21,400 [grpc-default-executor-3] INFO  impl.RoleInfo (RoleInfo.java:updateAndGet(143)) - 3b749b59-de2a-419b-9a26-261692f5c83c: start FollowerState
2019-10-23 12:13:21,400 [Thread-631] INFO  impl.FollowerState (FollowerState.java:run(117)) - 02863277-f564-4bc6-8337-fb22627f6f1a@group-24C785E9A0FC-FollowerState was interrupted: java.lang.InterruptedException: sleep interrupted
2019-10-23 12:13:21,400 [grpc-default-executor-1] INFO  impl.RoleInfo (RoleInfo.java:updateAndGet(143)) - 02863277-f564-4bc6-8337-fb22627f6f1a: start FollowerState
2019-10-23 12:13:21,415 [ad4d83c7-0f96-47bc-a4e8-7e5d9f844896@group-24C785E9A0FC-LeaderElection44] INFO  impl.LeaderElection (LeaderElection.java:logAndReturn(56)) - ad4d83c7-0f96-47bc-a4e8-7e5d9f844896@group-24C785E9A0FC-LeaderElection44: Election REJECTED; received 2 response(s) [ad4d83c7-0f96-47bc-a4e8-7e5d9f844896<-3b749b59-de2a-419b-9a26-261692f5c83c#0:FAIL-t29, ad4d83c7-0f96-47bc-a4e8-7e5d9f844896<-02863277-f564-4bc6-8337-fb22627f6f1a#0:FAIL-t29] and 0 exception(s); ad4d83c7-0f96-47bc-a4e8-7e5d9f844896@group-24C785E9A0FC:t29, leader=null, voted=ad4d83c7-0f96-47bc-a4e8-7e5d9f844896, raftlog=ad4d83c7-0f96-47bc-a4e8-7e5d9f844896@group-24C785E9A0FC-SegmentedRaftLog:OPENED:c-1,f-1,i0, conf=-1: [3b749b59-de2a-419b-9a26-261692f5c83c:192.168.69.118:39205, ad4d83c7-0f96-47bc-a4e8-7e5d9f844896:192.168.69.118:41688, 02863277-f564-4bc6-8337-fb22627f6f1a:192.168.69.118:36850], old=null
2019-10-23 12:13:21,415 [ad4d83c7-0f96-47bc-a4e8-7e5d9f844896@group-24C785E9A0FC-LeaderElection44] INFO  impl.RaftServerImpl (RaftServerImpl.java:setRole(184)) - ad4d83c7-0f96-47bc-a4e8-7e5d9f844896@group-24C785E9A0FC: changes role from CANDIDATE to FOLLOWER at term 29 for DISCOVERED_A_NEW_TERM
2019-10-23 12:13:21,415 [ad4d83c7-0f96-47bc-a4e8-7e5d9f844896@group-24C785E9A0FC-LeaderElection44] INFO  impl.RoleInfo (RoleInfo.java:shutdownLeaderElection(134)) - ad4d83c7-0f96-47bc-a4e8-7e5d9f844896: shutdown LeaderElection
2019-10-23 12:13:21,416 [ad4d83c7-0f96-47bc-a4e8-7e5d9f844896@group-24C785E9A0FC-LeaderElection44] INFO  impl.RoleInfo (RoleInfo.java:updateAndGet(143)) - ad4d83c7-0f96-47bc-a4e8-7e5d9f844896: start FollowerState
2019-10-23 12:13:21,447 [Thread-641] INFO  impl.FollowerState (FollowerState.java:run(108)) - ad4d83c7-0f96-47bc-a4e8-7e5d9f844896@group-24C785E9A0FC-FollowerState: change to CANDIDATE, lastRpcTime:31ms, electionTimeout:31ms
2019-10-23 12:13:21,447 [Thread-641] INFO  impl.RoleInfo (RoleInfo.java:shutdownFollowerState(121)) - ad4d83c7-0f96-47bc-a4e8-7e5d9f844896: shutdown FollowerState
2019-10-23 12:13:21,447 [Thread-641] INFO  impl.RaftServerImpl (RaftServerImpl.java:setRole(184)) - ad4d83c7-0f96-47bc-a4e8-7e5d9f844896@group-24C785E9A0FC: changes role from  FOLLOWER to CANDIDATE at term 29 for changeToCandidate
2019-10-23 12:13:21,447 [Thread-641] INFO  impl.RoleInfo (RoleInfo.java:updateAndGet(143)) - ad4d83c7-0f96-47bc-a4e8-7e5d9f844896: start LeaderElection
2019-10-23 12:13:21,470 [ad4d83c7-0f96-47bc-a4e8-7e5d9f844896@group-24C785E9A0FC-LeaderElection45] INFO  impl.LeaderElection (LeaderElection.java:askForVotes(178)) - ad4d83c7-0f96-47bc-a4e8-7e5d9f844896@group-24C785E9A0FC-LeaderElection45: begin an election at term 30 for -1: [3b749b59-de2a-419b-9a26-261692f5c83c:192.168.69.118:39205, ad4d83c7-0f96-47bc-a4e8-7e5d9f844896:192.168.69.118:41688, 02863277-f564-4bc6-8337-fb22627f6f1a:192.168.69.118:36850], old=null
2019-10-23 12:13:21,472 [ad4d83c7-0f96-47bc-a4e8-7e5d9f844896@group-24C785E9A0FC-LeaderElection45] INFO  impl.LeaderElection (LeaderElection.java:logAndReturn(56)) - ad4d83c7-0f96-47bc-a4e8-7e5d9f844896@group-24C785E9A0FC-LeaderElection45: Election TIMEOUT; received 0 response(s) [] and 0 exception(s); ad4d83c7-0f96-47bc-a4e8-7e5d9f844896@group-24C785E9A0FC:t30, leader=null, voted=ad4d83c7-0f96-47bc-a4e8-7e5d9f844896, raftlog=ad4d83c7-0f96-47bc-a4e8-7e5d9f844896@group-24C785E9A0FC-SegmentedRaftLog:OPENED:c-1,f-1,i0, conf=-1: [3b749b59-de2a-419b-9a26-261692f5c83c:192.168.69.118:39205, ad4d83c7-0f96-47bc-a4e8-7e5d9f844896:192.168.69.118:41688, 02863277-f564-4bc6-8337-fb22627f6f1a:192.168.69.118:36850], old=null
2019-10-23 12:13:21,473 [grpc-default-executor-3] INFO  impl.RaftServerImpl (RaftServerImpl.java:setRole(184)) - 02863277-f564-4bc6-8337-fb22627f6f1a@group-24C785E9A0FC: changes role from  FOLLOWER to FOLLOWER at term 30 for recognizeCandidate:ad4d83c7-0f96-47bc-a4e8-7e5d9f844896
2019-10-23 12:13:21,473 [grpc-default-executor-1] INFO  impl.RaftServerImpl (RaftServerImpl.java:setRole(184)) - 3b749b59-de2a-419b-9a26-261692f5c83c@group-24C785E9A0FC: changes role from  FOLLOWER to FOLLOWER at term 30 for recognizeCandidate:ad4d83c7-0f96-47bc-a4e8-7e5d9f844896
2019-10-23 12:13:21,473 [grpc-default-executor-3] INFO  impl.RoleInfo (RoleInfo.java:shutdownFollowerState(121)) - 02863277-f564-4bc6-8337-fb22627f6f1a: shutdown FollowerState
2019-10-23 12:13:21,473 [grpc-default-executor-1] INFO  impl.RoleInfo (RoleInfo.java:shutdownFollowerState(121)) - 3b749b59-de2a-419b-9a26-261692f5c83c: shutdown FollowerState
2019-10-23 12:13:21,473 [Thread-640] INFO  impl.FollowerState (FollowerState.java:run(117)) - 02863277-f564-4bc6-8337-fb22627f6f1a@group-24C785E9A0FC-FollowerState was interrupted: java.lang.InterruptedException: sleep interrupted
2019-10-23 12:13:21,473 [grpc-default-executor-3] INFO  impl.RoleInfo (RoleInfo.java:updateAndGet(143)) - 02863277-f564-4bc6-8337-fb22627f6f1a: start FollowerState
2019-10-23 12:13:21,473 [Thread-639] INFO  impl.FollowerState (FollowerState.java:run(117)) - 3b749b59-de2a-419b-9a26-261692f5c83c@group-24C785E9A0FC-FollowerState was interrupted: java.lang.InterruptedException: sleep interrupted
2019-10-23 12:13:21,473 [grpc-default-executor-1] INFO  impl.RoleInfo (RoleInfo.java:updateAndGet(143)) - 3b749b59-de2a-419b-9a26-261692f5c83c: start FollowerState
2019-10-23 12:13:21,481 [ad4d83c7-0f96-47bc-a4e8-7e5d9f844896@group-24C785E9A0FC-LeaderElection45] INFO  impl.LeaderElection (LeaderElection.java:askForVotes(178)) - ad4d83c7-0f96-47bc-a4e8-7e5d9f844896@group-24C785E9A0FC-LeaderElection45: begin an election at term 31 for -1: [3b749b59-de2a-419b-9a26-261692f5c83c:192.168.69.118:39205, ad4d83c7-0f96-47bc-a4e8-7e5d9f844896:192.168.69.118:41688, 02863277-f564-4bc6-8337-fb22627f6f1a:192.168.69.118:36850], old=null
2019-10-23 12:13:21,485 [grpc-default-executor-1] INFO  impl.RaftServerImpl (RaftServerImpl.java:setRole(184)) - 02863277-f564-4bc6-8337-fb22627f6f1a@group-24C785E9A0FC: changes role from  FOLLOWER to FOLLOWER at term 31 for recognizeCandidate:ad4d83c7-0f96-47bc-a4e8-7e5d9f844896
2019-10-23 12:13:21,485 [grpc-default-executor-3] INFO  impl.RaftServerImpl (RaftServerImpl.java:setRole(184)) - 3b749b59-de2a-419b-9a26-261692f5c83c@group-24C785E9A0FC: changes role from  FOLLOWER to FOLLOWER at term 31 for recognizeCandidate:ad4d83c7-0f96-47bc-a4e8-7e5d9f844896
2019-10-23 12:13:21,485 [grpc-default-executor-1] INFO  impl.RoleInfo (RoleInfo.java:shutdownFollowerState(121)) - 02863277-f564-4bc6-8337-fb22627f6f1a: shutdown FollowerState
2019-10-23 12:13:21,485 [grpc-default-executor-3] INFO  impl.RoleInfo (RoleInfo.java:shutdownFollowerState(121)) - 3b749b59-de2a-419b-9a26-261692f5c83c: shutdown FollowerState
2019-10-23 12:13:21,486 [Thread-647] INFO  impl.FollowerState (FollowerState.java:run(117)) - 02863277-f564-4bc6-8337-fb22627f6f1a@group-24C785E9A0FC-FollowerState was interrupted: java.lang.InterruptedException: sleep interrupted
2019-10-23 12:13:21,486 [grpc-default-executor-1] INFO  impl.RoleInfo (RoleInfo.java:updateAndGet(143)) - 02863277-f564-4bc6-8337-fb22627f6f1a: start FollowerState
2019-10-23 12:13:21,486 [Thread-648] INFO  impl.FollowerState (FollowerState.java:run(117)) - 3b749b59-de2a-419b-9a26-261692f5c83c@group-24C785E9A0FC-FollowerState was interrupted: java.lang.InterruptedException: sleep interrupted
2019-10-23 12:13:21,486 [grpc-default-executor-3] INFO  impl.RoleInfo (RoleInfo.java:updateAndGet(143)) - 3b749b59-de2a-419b-9a26-261692f5c83c: start FollowerState
2019-10-23 12:13:21,501 [ad4d83c7-0f96-47bc-a4e8-7e5d9f844896@group-24C785E9A0FC-LeaderElection45] INFO  impl.LeaderElection (LeaderElection.java:logAndReturn(56)) - ad4d83c7-0f96-47bc-a4e8-7e5d9f844896@group-24C785E9A0FC-LeaderElection45: Election REJECTED; received 2 response(s) [ad4d83c7-0f96-47bc-a4e8-7e5d9f844896<-3b749b59-de2a-419b-9a26-261692f5c83c#0:FAIL-t31, ad4d83c7-0f96-47bc-a4e8-7e5d9f844896<-02863277-f564-4bc6-8337-fb22627f6f1a#0:FAIL-t31] and 0 exception(s); ad4d83c7-0f96-47bc-a4e8-7e5d9f844896@group-24C785E9A0FC:t31, leader=null, voted=ad4d83c7-0f96-47bc-a4e8-7e5d9f844896, raftlog=ad4d83c7-0f96-47bc-a4e8-7e5d9f844896@group-24C785E9A0FC-SegmentedRaftLog:OPENED:c-1,f-1,i0, conf=-1: [3b749b59-de2a-419b-9a26-261692f5c83c:192.168.69.118:39205, ad4d83c7-0f96-47bc-a4e8-7e5d9f844896:192.168.69.118:41688, 02863277-f564-4bc6-8337-fb22627f6f1a:192.168.69.118:36850], old=null
2019-10-23 12:13:21,501 [ad4d83c7-0f96-47bc-a4e8-7e5d9f844896@group-24C785E9A0FC-LeaderElection45] INFO  impl.RaftServerImpl (RaftServerImpl.java:setRole(184)) - ad4d83c7-0f96-47bc-a4e8-7e5d9f844896@group-24C785E9A0FC: changes role from CANDIDATE to FOLLOWER at term 31 for DISCOVERED_A_NEW_TERM
2019-10-23 12:13:21,501 [ad4d83c7-0f96-47bc-a4e8-7e5d9f844896@group-24C785E9A0FC-LeaderElection45] INFO  impl.RoleInfo (RoleInfo.java:shutdownLeaderElection(134)) - ad4d83c7-0f96-47bc-a4e8-7e5d9f844896: shutdown LeaderElection
2019-10-23 12:13:21,501 [ad4d83c7-0f96-47bc-a4e8-7e5d9f844896@group-24C785E9A0FC-LeaderElection45] INFO  impl.RoleInfo (RoleInfo.java:updateAndGet(143)) - ad4d83c7-0f96-47bc-a4e8-7e5d9f844896: start FollowerState
2019-10-23 12:13:21,630 [Thread-653] INFO  impl.FollowerState (FollowerState.java:run(108)) - ad4d83c7-0f96-47bc-a4e8-7e5d9f844896@group-24C785E9A0FC-FollowerState: change to CANDIDATE, lastRpcTime:128ms, electionTimeout:128ms
2019-10-23 12:13:21,630 [Thread-653] INFO  impl.RoleInfo (RoleInfo.java:shutdownFollowerState(121)) - ad4d83c7-0f96-47bc-a4e8-7e5d9f844896: shutdown FollowerState
2019-10-23 12:13:21,630 [Thread-653] INFO  impl.RaftServerImpl (RaftServerImpl.java:setRole(184)) - ad4d83c7-0f96-47bc-a4e8-7e5d9f844896@group-24C785E9A0FC: changes role from  FOLLOWER to CANDIDATE at term 31 for changeToCandidate
2019-10-23 12:13:21,630 [Thread-653] INFO  impl.RoleInfo (RoleInfo.java:updateAndGet(143)) - ad4d83c7-0f96-47bc-a4e8-7e5d9f844896: start LeaderElection
2019-10-23 12:13:21,645 [ad4d83c7-0f96-47bc-a4e8-7e5d9f844896@group-24C785E9A0FC-LeaderElection46] INFO  impl.LeaderElection (LeaderElection.java:askForVotes(178)) - ad4d83c7-0f96-47bc-a4e8-7e5d9f844896@group-24C785E9A0FC-LeaderElection46: begin an election at term 32 for -1: [3b749b59-de2a-419b-9a26-261692f5c83c:192.168.69.118:39205, ad4d83c7-0f96-47bc-a4e8-7e5d9f844896:192.168.69.118:41688, 02863277-f564-4bc6-8337-fb22627f6f1a:192.168.69.118:36850], old=null
2019-10-23 12:13:21,647 [grpc-default-executor-3] INFO  impl.RaftServerImpl (RaftServerImpl.java:setRole(184)) - 3b749b59-de2a-419b-9a26-261692f5c83c@group-24C785E9A0FC: changes role from  FOLLOWER to FOLLOWER at term 32 for recognizeCandidate:ad4d83c7-0f96-47bc-a4e8-7e5d9f844896
2019-10-23 12:13:21,647 [grpc-default-executor-1] INFO  impl.RaftServerImpl (RaftServerImpl.java:setRole(184)) - 02863277-f564-4bc6-8337-fb22627f6f1a@group-24C785E9A0FC: changes role from  FOLLOWER to FOLLOWER at term 32 for recognizeCandidate:ad4d83c7-0f96-47bc-a4e8-7e5d9f844896
2019-10-23 12:13:21,647 [grpc-default-executor-3] INFO  impl.RoleInfo (RoleInfo.java:shutdownFollowerState(121)) - 3b749b59-de2a-419b-9a26-261692f5c83c: shutdown FollowerState
2019-10-23 12:13:21,647 [grpc-default-executor-1] INFO  impl.RoleInfo (RoleInfo.java:shutdownFollowerState(121)) - 02863277-f564-4bc6-8337-fb22627f6f1a: shutdown FollowerState
2019-10-23 12:13:21,648 [Thread-652] INFO  impl.FollowerState (FollowerState.java:run(117)) - 3b749b59-de2a-419b-9a26-261692f5c83c@group-24C785E9A0FC-FollowerState was interrupted: java.lang.InterruptedException: sleep interrupted
2019-10-23 12:13:21,647 [grpc-default-executor-3] INFO  impl.RoleInfo (RoleInfo.java:updateAndGet(143)) - 3b749b59-de2a-419b-9a26-261692f5c83c: start FollowerState
2019-10-23 12:13:21,648 [Thread-651] INFO  impl.FollowerState (FollowerState.java:run(117)) - 02863277-f564-4bc6-8337-fb22627f6f1a@group-24C785E9A0FC-FollowerState was interrupted: java.lang.InterruptedException: sleep interrupted
2019-10-23 12:13:21,648 [grpc-default-executor-1] INFO  impl.RoleInfo (RoleInfo.java:updateAndGet(143)) - 02863277-f564-4bc6-8337-fb22627f6f1a: start FollowerState
2019-10-23 12:13:21,664 [ad4d83c7-0f96-47bc-a4e8-7e5d9f844896@group-24C785E9A0FC-LeaderElection46] INFO  impl.LeaderElection (LeaderElection.java:logAndReturn(56)) - ad4d83c7-0f96-47bc-a4e8-7e5d9f844896@group-24C785E9A0FC-LeaderElection46: Election REJECTED; received 2 response(s) [ad4d83c7-0f96-47bc-a4e8-7e5d9f844896<-3b749b59-de2a-419b-9a26-261692f5c83c#0:FAIL-t32, ad4d83c7-0f96-47bc-a4e8-7e5d9f844896<-02863277-f564-4bc6-8337-fb22627f6f1a#0:FAIL-t32] and 0 exception(s); ad4d83c7-0f96-47bc-a4e8-7e5d9f844896@group-24C785E9A0FC:t32, leader=null, voted=ad4d83c7-0f96-47bc-a4e8-7e5d9f844896, raftlog=ad4d83c7-0f96-47bc-a4e8-7e5d9f844896@group-24C785E9A0FC-SegmentedRaftLog:OPENED:c-1,f-1,i0, conf=-1: [3b749b59-de2a-419b-9a26-261692f5c83c:192.168.69.118:39205, ad4d83c7-0f96-47bc-a4e8-7e5d9f844896:192.168.69.118:41688, 02863277-f564-4bc6-8337-fb22627f6f1a:192.168.69.118:36850], old=null
2019-10-23 12:13:21,664 [ad4d83c7-0f96-47bc-a4e8-7e5d9f844896@group-24C785E9A0FC-LeaderElection46] INFO  impl.RaftServerImpl (RaftServerImpl.java:setRole(184)) - ad4d83c7-0f96-47bc-a4e8-7e5d9f844896@group-24C785E9A0FC: changes role from CANDIDATE to FOLLOWER at term 32 for DISCOVERED_A_NEW_TERM
2019-10-23 12:13:21,665 [ad4d83c7-0f96-47bc-a4e8-7e5d9f844896@group-24C785E9A0FC-LeaderElection46] INFO  impl.RoleInfo (RoleInfo.java:shutdownLeaderElection(134)) - ad4d83c7-0f96-47bc-a4e8-7e5d9f844896: shutdown LeaderElection
2019-10-23 12:13:21,665 [ad4d83c7-0f96-47bc-a4e8-7e5d9f844896@group-24C785E9A0FC-LeaderElection46] INFO  impl.RoleInfo (RoleInfo.java:updateAndGet(143)) - ad4d83c7-0f96-47bc-a4e8-7e5d9f844896: start FollowerState
2019-10-23 12:13:21,834 [Thread-659] INFO  impl.FollowerState (FollowerState.java:run(108)) - ad4d83c7-0f96-47bc-a4e8-7e5d9f844896@group-24C785E9A0FC-FollowerState: change to CANDIDATE, lastRpcTime:169ms, electionTimeout:169ms
2019-10-23 12:13:21,834 [Thread-659] INFO  impl.RoleInfo (RoleInfo.java:shutdownFollowerState(121)) - ad4d83c7-0f96-47bc-a4e8-7e5d9f844896: shutdown FollowerState
2019-10-23 12:13:21,834 [Thread-659] INFO  impl.RaftServerImpl (RaftServerImpl.java:setRole(184)) - ad4d83c7-0f96-47bc-a4e8-7e5d9f844896@group-24C785E9A0FC: changes role from  FOLLOWER to CANDIDATE at term 32 for changeToCandidate
2019-10-23 12:13:21,835 [Thread-659] INFO  impl.RoleInfo (RoleInfo.java:updateAndGet(143)) - ad4d83c7-0f96-47bc-a4e8-7e5d9f844896: start LeaderElection
2019-10-23 12:13:21,843 [ad4d83c7-0f96-47bc-a4e8-7e5d9f844896@group-24C785E9A0FC-LeaderElection47] INFO  impl.LeaderElection (LeaderElection.java:askForVotes(178)) - ad4d83c7-0f96-47bc-a4e8-7e5d9f844896@group-24C785E9A0FC-LeaderElection47: begin an election at term 33 for -1: [3b749b59-de2a-419b-9a26-261692f5c83c:192.168.69.118:39205, ad4d83c7-0f96-47bc-a4e8-7e5d9f844896:192.168.69.118:41688, 02863277-f564-4bc6-8337-fb22627f6f1a:192.168.69.118:36850], old=null
2019-10-23 12:13:21,847 [grpc-default-executor-1] INFO  impl.RaftServerImpl (RaftServerImpl.java:setRole(184)) - 02863277-f564-4bc6-8337-fb22627f6f1a@group-24C785E9A0FC: changes role from  FOLLOWER to FOLLOWER at term 33 for recognizeCandidate:ad4d83c7-0f96-47bc-a4e8-7e5d9f844896
2019-10-23 12:13:21,847 [grpc-default-executor-1] INFO  impl.RoleInfo (RoleInfo.java:shutdownFollowerState(121)) - 02863277-f564-4bc6-8337-fb22627f6f1a: shutdown FollowerState
2019-10-23 12:13:21,847 [grpc-default-executor-4] INFO  impl.RaftServerImpl (RaftServerImpl.java:setRole(184)) - 3b749b59-de2a-419b-9a26-261692f5c83c@group-24C785E9A0FC: changes role from  FOLLOWER to FOLLOWER at term 33 for recognizeCandidate:ad4d83c7-0f96-47bc-a4e8-7e5d9f844896
2019-10-23 12:13:21,847 [Thread-658] INFO  impl.FollowerState (FollowerState.java:run(117)) - 02863277-f564-4bc6-8337-fb22627f6f1a@group-24C785E9A0FC-FollowerState was interrupted: java.lang.InterruptedException: sleep interrupted
2019-10-23 12:13:21,847 [grpc-default-executor-1] INFO  impl.RoleInfo (RoleInfo.java:updateAndGet(143)) - 02863277-f564-4bc6-8337-fb22627f6f1a: start FollowerState
2019-10-23 12:13:21,847 [grpc-default-executor-4] INFO  impl.RoleInfo (RoleInfo.java:shutdownFollowerState(121)) - 3b749b59-de2a-419b-9a26-261692f5c83c: shutdown FollowerState
2019-10-23 12:13:21,848 [grpc-default-executor-4] INFO  impl.RoleInfo (RoleInfo.java:updateAndGet(143)) - 3b749b59-de2a-419b-9a26-261692f5c83c: start FollowerState
2019-10-23 12:13:21,848 [Thread-657] INFO  impl.FollowerState (FollowerState.java:run(117)) - 3b749b59-de2a-419b-9a26-261692f5c83c@group-24C785E9A0FC-FollowerState was interrupted: java.lang.InterruptedException: sleep interrupted
2019-10-23 12:13:21,862 [ad4d83c7-0f96-47bc-a4e8-7e5d9f844896@group-24C785E9A0FC-LeaderElection47] INFO  impl.LeaderElection (LeaderElection.java:logAndReturn(56)) - ad4d83c7-0f96-47bc-a4e8-7e5d9f844896@group-24C785E9A0FC-LeaderElection47: Election REJECTED; received 2 response(s) [ad4d83c7-0f96-47bc-a4e8-7e5d9f844896<-3b749b59-de2a-419b-9a26-261692f5c83c#0:FAIL-t33, ad4d83c7-0f96-47bc-a4e8-7e5d9f844896<-02863277-f564-4bc6-8337-fb22627f6f1a#0:FAIL-t33] and 0 exception(s); ad4d83c7-0f96-47bc-a4e8-7e5d9f844896@group-24C785E9A0FC:t33, leader=null, voted=ad4d83c7-0f96-47bc-a4e8-7e5d9f844896, raftlog=ad4d83c7-0f96-47bc-a4e8-7e5d9f844896@group-24C785E9A0FC-SegmentedRaftLog:OPENED:c-1,f-1,i0, conf=-1: [3b749b59-de2a-419b-9a26-261692f5c83c:192.168.69.118:39205, ad4d83c7-0f96-47bc-a4e8-7e5d9f844896:192.168.69.118:41688, 02863277-f564-4bc6-8337-fb22627f6f1a:192.168.69.118:36850], old=null
2019-10-23 12:13:21,862 [ad4d83c7-0f96-47bc-a4e8-7e5d9f844896@group-24C785E9A0FC-LeaderElection47] INFO  impl.RaftServerImpl (RaftServerImpl.java:setRole(184)) - ad4d83c7-0f96-47bc-a4e8-7e5d9f844896@group-24C785E9A0FC: changes role from CANDIDATE to FOLLOWER at term 33 for DISCOVERED_A_NEW_TERM
2019-10-23 12:13:21,862 [ad4d83c7-0f96-47bc-a4e8-7e5d9f844896@group-24C785E9A0FC-LeaderElection47] INFO  impl.RoleInfo (RoleInfo.java:shutdownLeaderElection(134)) - ad4d83c7-0f96-47bc-a4e8-7e5d9f844896: shutdown LeaderElection
2019-10-23 12:13:21,862 [ad4d83c7-0f96-47bc-a4e8-7e5d9f844896@group-24C785E9A0FC-LeaderElection47] INFO  impl.RoleInfo (RoleInfo.java:updateAndGet(143)) - ad4d83c7-0f96-47bc-a4e8-7e5d9f844896: start FollowerState
2019-10-23 12:13:22,024 [Thread-669] INFO  impl.FollowerState (FollowerState.java:run(108)) - ad4d83c7-0f96-47bc-a4e8-7e5d9f844896@group-24C785E9A0FC-FollowerState: change to CANDIDATE, lastRpcTime:161ms, electionTimeout:161ms
2019-10-23 12:13:22,024 [Thread-669] INFO  impl.RoleInfo (RoleInfo.java:shutdownFollowerState(121)) - ad4d83c7-0f96-47bc-a4e8-7e5d9f844896: shutdown FollowerState
2019-10-23 12:13:22,024 [Thread-669] INFO  impl.RaftServerImpl (RaftServerImpl.java:setRole(184)) - ad4d83c7-0f96-47bc-a4e8-7e5d9f844896@group-24C785E9A0FC: changes role from  FOLLOWER to CANDIDATE at term 33 for changeToCandidate
2019-10-23 12:13:22,024 [Thread-669] INFO  impl.RoleInfo (RoleInfo.java:updateAndGet(143)) - ad4d83c7-0f96-47bc-a4e8-7e5d9f844896: start LeaderElection
2019-10-23 12:13:22,039 [ad4d83c7-0f96-47bc-a4e8-7e5d9f844896@group-24C785E9A0FC-LeaderElection48] INFO  impl.LeaderElection (LeaderElection.java:askForVotes(178)) - ad4d83c7-0f96-47bc-a4e8-7e5d9f844896@group-24C785E9A0FC-LeaderElection48: begin an election at term 34 for -1: [3b749b59-de2a-419b-9a26-261692f5c83c:192.168.69.118:39205, ad4d83c7-0f96-47bc-a4e8-7e5d9f844896:192.168.69.118:41688, 02863277-f564-4bc6-8337-fb22627f6f1a:192.168.69.118:36850], old=null
2019-10-23 12:13:22,041 [grpc-default-executor-4] INFO  impl.RaftServerImpl (RaftServerImpl.java:setRole(184)) - 3b749b59-de2a-419b-9a26-261692f5c83c@group-24C785E9A0FC: changes role from  FOLLOWER to FOLLOWER at term 34 for recognizeCandidate:ad4d83c7-0f96-47bc-a4e8-7e5d9f844896
2019-10-23 12:13:22,041 [grpc-default-executor-1] INFO  impl.RaftServerImpl (RaftServerImpl.java:setRole(184)) - 02863277-f564-4bc6-8337-fb22627f6f1a@group-24C785E9A0FC: changes role from  FOLLOWER to FOLLOWER at term 34 for recognizeCandidate:ad4d83c7-0f96-47bc-a4e8-7e5d9f844896
2019-10-23 12:13:22,042 [grpc-default-executor-4] INFO  impl.RoleInfo (RoleInfo.java:shutdownFollowerState(121)) - 3b749b59-de2a-419b-9a26-261692f5c83c: shutdown FollowerState
2019-10-23 12:13:22,042 [grpc-default-executor-1] INFO  impl.RoleInfo (RoleInfo.java:shutdownFollowerState(121)) - 02863277-f564-4bc6-8337-fb22627f6f1a: shutdown FollowerState
2019-10-23 12:13:22,042 [Thread-668] INFO  impl.FollowerState (FollowerState.java:run(117)) - 3b749b59-de2a-419b-9a26-261692f5c83c@group-24C785E9A0FC-FollowerState was interrupted: java.lang.InterruptedException: sleep interrupted
2019-10-23 12:13:22,042 [grpc-default-executor-4] INFO  impl.RoleInfo (RoleInfo.java:updateAndGet(143)) - 3b749b59-de2a-419b-9a26-261692f5c83c: start FollowerState
2019-10-23 12:13:22,042 [Thread-667] INFO  impl.FollowerState (FollowerState.java:run(117)) - 02863277-f564-4bc6-8337-fb22627f6f1a@group-24C785E9A0FC-FollowerState was interrupted: java.lang.InterruptedException: sleep interrupted
2019-10-23 12:13:22,042 [grpc-default-executor-1] INFO  impl.RoleInfo (RoleInfo.java:updateAndGet(143)) - 02863277-f564-4bc6-8337-fb22627f6f1a: start FollowerState
2019-10-23 12:13:22,057 [ad4d83c7-0f96-47bc-a4e8-7e5d9f844896@group-24C785E9A0FC-LeaderElection48] INFO  impl.LeaderElection (LeaderElection.java:logAndReturn(56)) - ad4d83c7-0f96-47bc-a4e8-7e5d9f844896@group-24C785E9A0FC-LeaderElection48: Election REJECTED; received 2 response(s) [ad4d83c7-0f96-47bc-a4e8-7e5d9f844896<-3b749b59-de2a-419b-9a26-261692f5c83c#0:FAIL-t34, ad4d83c7-0f96-47bc-a4e8-7e5d9f844896<-02863277-f564-4bc6-8337-fb22627f6f1a#0:FAIL-t34] and 0 exception(s); ad4d83c7-0f96-47bc-a4e8-7e5d9f844896@group-24C785E9A0FC:t34, leader=null, voted=ad4d83c7-0f96-47bc-a4e8-7e5d9f844896, raftlog=ad4d83c7-0f96-47bc-a4e8-7e5d9f844896@group-24C785E9A0FC-SegmentedRaftLog:OPENED:c-1,f-1,i0, conf=-1: [3b749b59-de2a-419b-9a26-261692f5c83c:192.168.69.118:39205, ad4d83c7-0f96-47bc-a4e8-7e5d9f844896:192.168.69.118:41688, 02863277-f564-4bc6-8337-fb22627f6f1a:192.168.69.118:36850], old=null
2019-10-23 12:13:22,057 [ad4d83c7-0f96-47bc-a4e8-7e5d9f844896@group-24C785E9A0FC-LeaderElection48] INFO  impl.RaftServerImpl (RaftServerImpl.java:setRole(184)) - ad4d83c7-0f96-47bc-a4e8-7e5d9f844896@group-24C785E9A0FC: changes role from CANDIDATE to FOLLOWER at term 34 for DISCOVERED_A_NEW_TERM
2019-10-23 12:13:22,057 [ad4d83c7-0f96-47bc-a4e8-7e5d9f844896@group-24C785E9A0FC-LeaderElection48] INFO  impl.RoleInfo (RoleInfo.java:shutdownLeaderElection(134)) - ad4d83c7-0f96-47bc-a4e8-7e5d9f844896: shutdown LeaderElection
2019-10-23 12:13:22,057 [ad4d83c7-0f96-47bc-a4e8-7e5d9f844896@group-24C785E9A0FC-LeaderElection48] INFO  impl.RoleInfo (RoleInfo.java:updateAndGet(143)) - ad4d83c7-0f96-47bc-a4e8-7e5d9f844896: start FollowerState
2019-10-23 12:13:22,098 [Thread-677] INFO  impl.FollowerState (FollowerState.java:run(108)) - ad4d83c7-0f96-47bc-a4e8-7e5d9f844896@group-24C785E9A0FC-FollowerState: change to CANDIDATE, lastRpcTime:40ms, electionTimeout:40ms
2019-10-23 12:13:22,098 [Thread-677] INFO  impl.RoleInfo (RoleInfo.java:shutdownFollowerState(121)) - ad4d83c7-0f96-47bc-a4e8-7e5d9f844896: shutdown FollowerState
2019-10-23 12:13:22,098 [Thread-677] INFO  impl.RaftServerImpl (RaftServerImpl.java:setRole(184)) - ad4d83c7-0f96-47bc-a4e8-7e5d9f844896@group-24C785E9A0FC: changes role from  FOLLOWER to CANDIDATE at term 34 for changeToCandidate
2019-10-23 12:13:22,098 [Thread-677] INFO  impl.RoleInfo (RoleInfo.java:updateAndGet(143)) - ad4d83c7-0f96-47bc-a4e8-7e5d9f844896: start LeaderElection
2019-10-23 12:13:22,113 [ad4d83c7-0f96-47bc-a4e8-7e5d9f844896@group-24C785E9A0FC-LeaderElection49] INFO  impl.LeaderElection (LeaderElection.java:askForVotes(178)) - ad4d83c7-0f96-47bc-a4e8-7e5d9f844896@group-24C785E9A0FC-LeaderElection49: begin an election at term 35 for -1: [3b749b59-de2a-419b-9a26-261692f5c83c:192.168.69.118:39205, ad4d83c7-0f96-47bc-a4e8-7e5d9f844896:192.168.69.118:41688, 02863277-f564-4bc6-8337-fb22627f6f1a:192.168.69.118:36850], old=null
2019-10-23 12:13:22,115 [grpc-default-executor-4] INFO  impl.RaftServerImpl (RaftServerImpl.java:setRole(184)) - 02863277-f564-4bc6-8337-fb22627f6f1a@group-24C785E9A0FC: changes role from  FOLLOWER to FOLLOWER at term 35 for recognizeCandidate:ad4d83c7-0f96-47bc-a4e8-7e5d9f844896
2019-10-23 12:13:22,115 [grpc-default-executor-1] INFO  impl.RaftServerImpl (RaftServerImpl.java:setRole(184)) - 3b749b59-de2a-419b-9a26-261692f5c83c@group-24C785E9A0FC: changes role from  FOLLOWER to FOLLOWER at term 35 for recognizeCandidate:ad4d83c7-0f96-47bc-a4e8-7e5d9f844896
2019-10-23 12:13:22,115 [grpc-default-executor-4] INFO  impl.RoleInfo (RoleInfo.java:shutdownFollowerState(121)) - 02863277-f564-4bc6-8337-fb22627f6f1a: shutdown FollowerState
2019-10-23 12:13:22,115 [grpc-default-executor-1] INFO  impl.RoleInfo (RoleInfo.java:shutdownFollowerState(121)) - 3b749b59-de2a-419b-9a26-261692f5c83c: shutdown FollowerState
2019-10-23 12:13:22,116 [Thread-676] INFO  impl.FollowerState (FollowerState.java:run(117)) - 02863277-f564-4bc6-8337-fb22627f6f1a@group-24C785E9A0FC-FollowerState was interrupted: java.lang.InterruptedException: sleep interrupted
2019-10-23 12:13:22,116 [grpc-default-executor-4] INFO  impl.RoleInfo (RoleInfo.java:updateAndGet(143)) - 02863277-f564-4bc6-8337-fb22627f6f1a: start FollowerState
2019-10-23 12:13:22,116 [grpc-default-executor-1] INFO  impl.RoleInfo (RoleInfo.java:updateAndGet(143)) - 3b749b59-de2a-419b-9a26-261692f5c83c: start FollowerState
2019-10-23 12:13:22,116 [Thread-675] INFO  impl.FollowerState (FollowerState.java:run(117)) - 3b749b59-de2a-419b-9a26-261692f5c83c@group-24C785E9A0FC-FollowerState was interrupted: java.lang.InterruptedException: sleep interrupted
2019-10-23 12:13:22,130 [ad4d83c7-0f96-47bc-a4e8-7e5d9f844896@group-24C785E9A0FC-LeaderElection49] INFO  impl.LeaderElection (LeaderElection.java:logAndReturn(56)) - ad4d83c7-0f96-47bc-a4e8-7e5d9f844896@group-24C785E9A0FC-LeaderElection49: Election REJECTED; received 2 response(s) [ad4d83c7-0f96-47bc-a4e8-7e5d9f844896<-3b749b59-de2a-419b-9a26-261692f5c83c#0:FAIL-t35, ad4d83c7-0f96-47bc-a4e8-7e5d9f844896<-02863277-f564-4bc6-8337-fb22627f6f1a#0:FAIL-t35] and 0 exception(s); ad4d83c7-0f96-47bc-a4e8-7e5d9f844896@group-24C785E9A0FC:t35, leader=null, voted=ad4d83c7-0f96-47bc-a4e8-7e5d9f844896, raftlog=ad4d83c7-0f96-47bc-a4e8-7e5d9f844896@group-24C785E9A0FC-SegmentedRaftLog:OPENED:c-1,f-1,i0, conf=-1: [3b749b59-de2a-419b-9a26-261692f5c83c:192.168.69.118:39205, ad4d83c7-0f96-47bc-a4e8-7e5d9f844896:192.168.69.118:41688, 02863277-f564-4bc6-8337-fb22627f6f1a:192.168.69.118:36850], old=null
2019-10-23 12:13:22,130 [ad4d83c7-0f96-47bc-a4e8-7e5d9f844896@group-24C785E9A0FC-LeaderElection49] INFO  impl.RaftServerImpl (RaftServerImpl.java:setRole(184)) - ad4d83c7-0f96-47bc-a4e8-7e5d9f844896@group-24C785E9A0FC: changes role from CANDIDATE to FOLLOWER at term 35 for DISCOVERED_A_NEW_TERM
2019-10-23 12:13:22,130 [ad4d83c7-0f96-47bc-a4e8-7e5d9f844896@group-24C785E9A0FC-LeaderElection49] INFO  impl.RoleInfo (RoleInfo.java:shutdownLeaderElection(134)) - ad4d83c7-0f96-47bc-a4e8-7e5d9f844896: shutdown LeaderElection
2019-10-23 12:13:22,131 [ad4d83c7-0f96-47bc-a4e8-7e5d9f844896@group-24C785E9A0FC-LeaderElection49] INFO  impl.RoleInfo (RoleInfo.java:updateAndGet(143)) - ad4d83c7-0f96-47bc-a4e8-7e5d9f844896: start FollowerState
2019-10-23 12:13:22,292 [Thread-683] INFO  impl.FollowerState (FollowerState.java:run(108)) - ad4d83c7-0f96-47bc-a4e8-7e5d9f844896@group-24C785E9A0FC-FollowerState: change to CANDIDATE, lastRpcTime:161ms, electionTimeout:161ms
2019-10-23 12:13:22,292 [Thread-683] INFO  impl.RoleInfo (RoleInfo.java:shutdownFollowerState(121)) - ad4d83c7-0f96-47bc-a4e8-7e5d9f844896: shutdown FollowerState
2019-10-23 12:13:22,292 [Thread-683] INFO  impl.RaftServerImpl (RaftServerImpl.java:setRole(184)) - ad4d83c7-0f96-47bc-a4e8-7e5d9f844896@group-24C785E9A0FC: changes role from  FOLLOWER to CANDIDATE at term 35 for changeToCandidate
2019-10-23 12:13:22,292 [Thread-683] INFO  impl.RoleInfo (RoleInfo.java:updateAndGet(143)) - ad4d83c7-0f96-47bc-a4e8-7e5d9f844896: start LeaderElection
2019-10-23 12:13:22,306 [ad4d83c7-0f96-47bc-a4e8-7e5d9f844896@group-24C785E9A0FC-LeaderElection50] INFO  impl.LeaderElection (LeaderElection.java:askForVotes(178)) - ad4d83c7-0f96-47bc-a4e8-7e5d9f844896@group-24C785E9A0FC-LeaderElection50: begin an election at term 36 for -1: [3b749b59-de2a-419b-9a26-261692f5c83c:192.168.69.118:39205, ad4d83c7-0f96-47bc-a4e8-7e5d9f844896:192.168.69.118:41688, 02863277-f564-4bc6-8337-fb22627f6f1a:192.168.69.118:36850], old=null
2019-10-23 12:13:22,308 [grpc-default-executor-1] INFO  impl.RaftServerImpl (RaftServerImpl.java:setRole(184)) - 3b749b59-de2a-419b-9a26-261692f5c83c@group-24C785E9A0FC: changes role from  FOLLOWER to FOLLOWER at term 36 for recognizeCandidate:ad4d83c7-0f96-47bc-a4e8-7e5d9f844896
2019-10-23 12:13:22,308 [grpc-default-executor-4] INFO  impl.RaftServerImpl (RaftServerImpl.java:setRole(184)) - 02863277-f564-4bc6-8337-fb22627f6f1a@group-24C785E9A0FC: changes role from  FOLLOWER to FOLLOWER at term 36 for recognizeCandidate:ad4d83c7-0f96-47bc-a4e8-7e5d9f844896
2019-10-23 12:13:22,308 [grpc-default-executor-1] INFO  impl.RoleInfo (RoleInfo.java:shutdownFollowerState(121)) - 3b749b59-de2a-419b-9a26-261692f5c83c: shutdown FollowerState
2019-10-23 12:13:22,308 [grpc-default-executor-4] INFO  impl.RoleInfo (RoleInfo.java:shutdownFollowerState(121)) - 02863277-f564-4bc6-8337-fb22627f6f1a: shutdown FollowerState
2019-10-23 12:13:22,308 [Thread-682] INFO  impl.FollowerState (FollowerState.java:run(117)) - 3b749b59-de2a-419b-9a26-261692f5c83c@group-24C785E9A0FC-FollowerState was interrupted: java.lang.InterruptedException: sleep interrupted
2019-10-23 12:13:22,308 [grpc-default-executor-1] INFO  impl.RoleInfo (RoleInfo.java:updateAndGet(143)) - 3b749b59-de2a-419b-9a26-261692f5c83c: start FollowerState
2019-10-23 12:13:22,308 [Thread-681] INFO  impl.FollowerState (FollowerState.java:run(117)) - 02863277-f564-4bc6-8337-fb22627f6f1a@group-24C785E9A0FC-FollowerState was interrupted: java.lang.InterruptedException: sleep interrupted
2019-10-23 12:13:22,308 [grpc-default-executor-4] INFO  impl.RoleInfo (RoleInfo.java:updateAndGet(143)) - 02863277-f564-4bc6-8337-fb22627f6f1a: start FollowerState
2019-10-23 12:13:22,323 [ad4d83c7-0f96-47bc-a4e8-7e5d9f844896@group-24C785E9A0FC-LeaderElection50] INFO  impl.LeaderElection (LeaderElection.java:logAndReturn(56)) - ad4d83c7-0f96-47bc-a4e8-7e5d9f844896@group-24C785E9A0FC-LeaderElection50: Election REJECTED; received 2 response(s) [ad4d83c7-0f96-47bc-a4e8-7e5d9f844896<-3b749b59-de2a-419b-9a26-261692f5c83c#0:FAIL-t36, ad4d83c7-0f96-47bc-a4e8-7e5d9f844896<-02863277-f564-4bc6-8337-fb22627f6f1a#0:FAIL-t36] and 0 exception(s); ad4d83c7-0f96-47bc-a4e8-7e5d9f844896@group-24C785E9A0FC:t36, leader=null, voted=ad4d83c7-0f96-47bc-a4e8-7e5d9f844896, raftlog=ad4d83c7-0f96-47bc-a4e8-7e5d9f844896@group-24C785E9A0FC-SegmentedRaftLog:OPENED:c-1,f-1,i0, conf=-1: [3b749b59-de2a-419b-9a26-261692f5c83c:192.168.69.118:39205, ad4d83c7-0f96-47bc-a4e8-7e5d9f844896:192.168.69.118:41688, 02863277-f564-4bc6-8337-fb22627f6f1a:192.168.69.118:36850], old=null
2019-10-23 12:13:22,323 [ad4d83c7-0f96-47bc-a4e8-7e5d9f844896@group-24C785E9A0FC-LeaderElection50] INFO  impl.RaftServerImpl (RaftServerImpl.java:setRole(184)) - ad4d83c7-0f96-47bc-a4e8-7e5d9f844896@group-24C785E9A0FC: changes role from CANDIDATE to FOLLOWER at term 36 for DISCOVERED_A_NEW_TERM
2019-10-23 12:13:22,323 [ad4d83c7-0f96-47bc-a4e8-7e5d9f844896@group-24C785E9A0FC-LeaderElection50] INFO  impl.RoleInfo (RoleInfo.java:shutdownLeaderElection(134)) - ad4d83c7-0f96-47bc-a4e8-7e5d9f844896: shutdown LeaderElection
2019-10-23 12:13:22,323 [ad4d83c7-0f96-47bc-a4e8-7e5d9f844896@group-24C785E9A0FC-LeaderElection50] INFO  impl.RoleInfo (RoleInfo.java:updateAndGet(143)) - ad4d83c7-0f96-47bc-a4e8-7e5d9f844896: start FollowerState
2019-10-23 12:13:22,410 [Thread-689] INFO  impl.FollowerState (FollowerState.java:run(108)) - ad4d83c7-0f96-47bc-a4e8-7e5d9f844896@group-24C785E9A0FC-FollowerState: change to CANDIDATE, lastRpcTime:86ms, electionTimeout:86ms
2019-10-23 12:13:22,410 [Thread-689] INFO  impl.RoleInfo (RoleInfo.java:shutdownFollowerState(121)) - ad4d83c7-0f96-47bc-a4e8-7e5d9f844896: shutdown FollowerState
2019-10-23 12:13:22,410 [Thread-689] INFO  impl.RaftServerImpl (RaftServerImpl.java:setRole(184)) - ad4d83c7-0f96-47bc-a4e8-7e5d9f844896@group-24C785E9A0FC: changes role from  FOLLOWER to CANDIDATE at term 36 for changeToCandidate
2019-10-23 12:13:22,410 [Thread-689] INFO  impl.RoleInfo (RoleInfo.java:updateAndGet(143)) - ad4d83c7-0f96-47bc-a4e8-7e5d9f844896: start LeaderElection
2019-10-23 12:13:22,424 [ad4d83c7-0f96-47bc-a4e8-7e5d9f844896@group-24C785E9A0FC-LeaderElection51] INFO  impl.LeaderElection (LeaderElection.java:askForVotes(178)) - ad4d83c7-0f96-47bc-a4e8-7e5d9f844896@group-24C785E9A0FC-LeaderElection51: begin an election at term 37 for -1: [3b749b59-de2a-419b-9a26-261692f5c83c:192.168.69.118:39205, ad4d83c7-0f96-47bc-a4e8-7e5d9f844896:192.168.69.118:41688, 02863277-f564-4bc6-8337-fb22627f6f1a:192.168.69.118:36850], old=null
2019-10-23 12:13:22,429 [grpc-default-executor-1] INFO  impl.RaftServerImpl (RaftServerImpl.java:setRole(184)) - 3b749b59-de2a-419b-9a26-261692f5c83c@group-24C785E9A0FC: changes role from  FOLLOWER to FOLLOWER at term 37 for recognizeCandidate:ad4d83c7-0f96-47bc-a4e8-7e5d9f844896
2019-10-23 12:13:22,429 [grpc-default-executor-4] INFO  impl.RaftServerImpl (RaftServerImpl.java:setRole(184)) - 02863277-f564-4bc6-8337-fb22627f6f1a@group-24C785E9A0FC: changes role from  FOLLOWER to FOLLOWER at term 37 for recognizeCandidate:ad4d83c7-0f96-47bc-a4e8-7e5d9f844896
2019-10-23 12:13:22,429 [grpc-default-executor-1] INFO  impl.RoleInfo (RoleInfo.java:shutdownFollowerState(121)) - 3b749b59-de2a-419b-9a26-261692f5c83c: shutdown FollowerState
2019-10-23 12:13:22,429 [grpc-default-executor-4] INFO  impl.RoleInfo (RoleInfo.java:shutdownFollowerState(121)) - 02863277-f564-4bc6-8337-fb22627f6f1a: shutdown FollowerState
2019-10-23 12:13:22,429 [grpc-default-executor-1] INFO  impl.RoleInfo (RoleInfo.java:updateAndGet(143)) - 3b749b59-de2a-419b-9a26-261692f5c83c: start FollowerState
2019-10-23 12:13:22,429 [Thread-687] INFO  impl.FollowerState (FollowerState.java:run(117)) - 3b749b59-de2a-419b-9a26-261692f5c83c@group-24C785E9A0FC-FollowerState was interrupted: java.lang.InterruptedException: sleep interrupted
2019-10-23 12:13:22,429 [grpc-default-executor-4] INFO  impl.RoleInfo (RoleInfo.java:updateAndGet(143)) - 02863277-f564-4bc6-8337-fb22627f6f1a: start FollowerState
2019-10-23 12:13:22,429 [Thread-688] INFO  impl.FollowerState (FollowerState.java:run(117)) - 02863277-f564-4bc6-8337-fb22627f6f1a@group-24C785E9A0FC-FollowerState was interrupted: java.lang.InterruptedException: sleep interrupted
2019-10-23 12:13:22,444 [ad4d83c7-0f96-47bc-a4e8-7e5d9f844896@group-24C785E9A0FC-LeaderElection51] INFO  impl.LeaderElection (LeaderElection.java:logAndReturn(56)) - ad4d83c7-0f96-47bc-a4e8-7e5d9f844896@group-24C785E9A0FC-LeaderElection51: Election REJECTED; received 2 response(s) [ad4d83c7-0f96-47bc-a4e8-7e5d9f844896<-3b749b59-de2a-419b-9a26-261692f5c83c#0:FAIL-t37, ad4d83c7-0f96-47bc-a4e8-7e5d9f844896<-02863277-f564-4bc6-8337-fb22627f6f1a#0:FAIL-t37] and 0 exception(s); ad4d83c7-0f96-47bc-a4e8-7e5d9f844896@group-24C785E9A0FC:t37, leader=null, voted=ad4d83c7-0f96-47bc-a4e8-7e5d9f844896, raftlog=ad4d83c7-0f96-47bc-a4e8-7e5d9f844896@group-24C785E9A0FC-SegmentedRaftLog:OPENED:c-1,f-1,i0, conf=-1: [3b749b59-de2a-419b-9a26-261692f5c83c:192.168.69.118:39205, ad4d83c7-0f96-47bc-a4e8-7e5d9f844896:192.168.69.118:41688, 02863277-f564-4bc6-8337-fb22627f6f1a:192.168.69.118:36850], old=null
2019-10-23 12:13:22,444 [ad4d83c7-0f96-47bc-a4e8-7e5d9f844896@group-24C785E9A0FC-LeaderElection51] INFO  impl.RaftServerImpl (RaftServerImpl.java:setRole(184)) - ad4d83c7-0f96-47bc-a4e8-7e5d9f844896@group-24C785E9A0FC: changes role from CANDIDATE to FOLLOWER at term 37 for DISCOVERED_A_NEW_TERM
2019-10-23 12:13:22,444 [ad4d83c7-0f96-47bc-a4e8-7e5d9f844896@group-24C785E9A0FC-LeaderElection51] INFO  impl.RoleInfo (RoleInfo.java:shutdownLeaderElection(134)) - ad4d83c7-0f96-47bc-a4e8-7e5d9f844896: shutdown LeaderElection
2019-10-23 12:13:22,444 [ad4d83c7-0f96-47bc-a4e8-7e5d9f844896@group-24C785E9A0FC-LeaderElection51] INFO  impl.RoleInfo (RoleInfo.java:updateAndGet(143)) - ad4d83c7-0f96-47bc-a4e8-7e5d9f844896: start FollowerState
2019-10-23 12:13:22,521 [Thread-699] INFO  impl.FollowerState (FollowerState.java:run(108)) - ad4d83c7-0f96-47bc-a4e8-7e5d9f844896@group-24C785E9A0FC-FollowerState: change to CANDIDATE, lastRpcTime:76ms, electionTimeout:76ms
2019-10-23 12:13:22,521 [Thread-699] INFO  impl.RoleInfo (RoleInfo.java:shutdownFollowerState(121)) - ad4d83c7-0f96-47bc-a4e8-7e5d9f844896: shutdown FollowerState
2019-10-23 12:13:22,521 [Thread-699] INFO  impl.RaftServerImpl (RaftServerImpl.java:setRole(184)) - ad4d83c7-0f96-47bc-a4e8-7e5d9f844896@group-24C785E9A0FC: changes role from  FOLLOWER to CANDIDATE at term 37 for changeToCandidate
2019-10-23 12:13:22,521 [Thread-699] INFO  impl.RoleInfo (RoleInfo.java:updateAndGet(143)) - ad4d83c7-0f96-47bc-a4e8-7e5d9f844896: start LeaderElection
2019-10-23 12:13:22,535 [ad4d83c7-0f96-47bc-a4e8-7e5d9f844896@group-24C785E9A0FC-LeaderElection52] INFO  impl.LeaderElection (LeaderElection.java:askForVotes(178)) - ad4d83c7-0f96-47bc-a4e8-7e5d9f844896@group-24C785E9A0FC-LeaderElection52: begin an election at term 38 for -1: [3b749b59-de2a-419b-9a26-261692f5c83c:192.168.69.118:39205, ad4d83c7-0f96-47bc-a4e8-7e5d9f844896:192.168.69.118:41688, 02863277-f564-4bc6-8337-fb22627f6f1a:192.168.69.118:36850], old=null
2019-10-23 12:13:22,537 [grpc-default-executor-4] INFO  impl.RaftServerImpl (RaftServerImpl.java:setRole(184)) - 3b749b59-de2a-419b-9a26-261692f5c83c@group-24C785E9A0FC: changes role from  FOLLOWER to FOLLOWER at term 38 for recognizeCandidate:ad4d83c7-0f96-47bc-a4e8-7e5d9f844896
2019-10-23 12:13:22,537 [grpc-default-executor-1] INFO  impl.RaftServerImpl (RaftServerImpl.java:setRole(184)) - 02863277-f564-4bc6-8337-fb22627f6f1a@group-24C785E9A0FC: changes role from  FOLLOWER to FOLLOWER at term 38 for recognizeCandidate:ad4d83c7-0f96-47bc-a4e8-7e5d9f844896
2019-10-23 12:13:22,537 [grpc-default-executor-4] INFO  impl.RoleInfo (RoleInfo.java:shutdownFollowerState(121)) - 3b749b59-de2a-419b-9a26-261692f5c83c: shutdown FollowerState
2019-10-23 12:13:22,537 [grpc-default-executor-1] INFO  impl.RoleInfo (RoleInfo.java:shutdownFollowerState(121)) - 02863277-f564-4bc6-8337-fb22627f6f1a: shutdown FollowerState
2019-10-23 12:13:22,537 [Thread-695] INFO  impl.FollowerState (FollowerState.java:run(117)) - 3b749b59-de2a-419b-9a26-261692f5c83c@group-24C785E9A0FC-FollowerState was interrupted: java.lang.InterruptedException: sleep interrupted
2019-10-23 12:13:22,537 [grpc-default-executor-4] INFO  impl.RoleInfo (RoleInfo.java:updateAndGet(143)) - 3b749b59-de2a-419b-9a26-261692f5c83c: start FollowerState
2019-10-23 12:13:22,537 [Thread-696] INFO  impl.FollowerState (FollowerState.java:run(117)) - 02863277-f564-4bc6-8337-fb22627f6f1a@group-24C785E9A0FC-FollowerState was interrupted: java.lang.InterruptedException: sleep interrupted
2019-10-23 12:13:22,537 [grpc-default-executor-1] INFO  impl.RoleInfo (RoleInfo.java:updateAndGet(143)) - 02863277-f564-4bc6-8337-fb22627f6f1a: start FollowerState
2019-10-23 12:13:22,552 [ad4d83c7-0f96-47bc-a4e8-7e5d9f844896@group-24C785E9A0FC-LeaderElection52] INFO  impl.LeaderElection (LeaderElection.java:logAndReturn(56)) - ad4d83c7-0f96-47bc-a4e8-7e5d9f844896@group-24C785E9A0FC-LeaderElection52: Election REJECTED; received 2 response(s) [ad4d83c7-0f96-47bc-a4e8-7e5d9f844896<-3b749b59-de2a-419b-9a26-261692f5c83c#0:FAIL-t38, ad4d83c7-0f96-47bc-a4e8-7e5d9f844896<-02863277-f564-4bc6-8337-fb22627f6f1a#0:FAIL-t38] and 0 exception(s); ad4d83c7-0f96-47bc-a4e8-7e5d9f844896@group-24C785E9A0FC:t38, leader=null, voted=ad4d83c7-0f96-47bc-a4e8-7e5d9f844896, raftlog=ad4d83c7-0f96-47bc-a4e8-7e5d9f844896@group-24C785E9A0FC-SegmentedRaftLog:OPENED:c-1,f-1,i0, conf=-1: [3b749b59-de2a-419b-9a26-261692f5c83c:192.168.69.118:39205, ad4d83c7-0f96-47bc-a4e8-7e5d9f844896:192.168.69.118:41688, 02863277-f564-4bc6-8337-fb22627f6f1a:192.168.69.118:36850], old=null
2019-10-23 12:13:22,552 [ad4d83c7-0f96-47bc-a4e8-7e5d9f844896@group-24C785E9A0FC-LeaderElection52] INFO  impl.RaftServerImpl (RaftServerImpl.java:setRole(184)) - ad4d83c7-0f96-47bc-a4e8-7e5d9f844896@group-24C785E9A0FC: changes role from CANDIDATE to FOLLOWER at term 38 for DISCOVERED_A_NEW_TERM
2019-10-23 12:13:22,552 [ad4d83c7-0f96-47bc-a4e8-7e5d9f844896@group-24C785E9A0FC-LeaderElection52] INFO  impl.RoleInfo (RoleInfo.java:shutdownLeaderElection(134)) - ad4d83c7-0f96-47bc-a4e8-7e5d9f844896: shutdown LeaderElection
2019-10-23 12:13:22,552 [ad4d83c7-0f96-47bc-a4e8-7e5d9f844896@group-24C785E9A0FC-LeaderElection52] INFO  impl.RoleInfo (RoleInfo.java:updateAndGet(143)) - ad4d83c7-0f96-47bc-a4e8-7e5d9f844896: start FollowerState
2019-10-23 12:13:22,655 [Thread-705] INFO  impl.FollowerState (FollowerState.java:run(108)) - ad4d83c7-0f96-47bc-a4e8-7e5d9f844896@group-24C785E9A0FC-FollowerState: change to CANDIDATE, lastRpcTime:103ms, electionTimeout:103ms
2019-10-23 12:13:22,655 [Thread-705] INFO  impl.RoleInfo (RoleInfo.java:shutdownFollowerState(121)) - ad4d83c7-0f96-47bc-a4e8-7e5d9f844896: shutdown FollowerState
2019-10-23 12:13:22,655 [Thread-705] INFO  impl.RaftServerImpl (RaftServerImpl.java:setRole(184)) - ad4d83c7-0f96-47bc-a4e8-7e5d9f844896@group-24C785E9A0FC: changes role from  FOLLOWER to CANDIDATE at term 38 for changeToCandidate
2019-10-23 12:13:22,656 [Thread-705] INFO  impl.RoleInfo (RoleInfo.java:updateAndGet(143)) - ad4d83c7-0f96-47bc-a4e8-7e5d9f844896: start LeaderElection
2019-10-23 12:13:22,669 [ad4d83c7-0f96-47bc-a4e8-7e5d9f844896@group-24C785E9A0FC-LeaderElection53] INFO  impl.LeaderElection (LeaderElection.java:askForVotes(178)) - ad4d83c7-0f96-47bc-a4e8-7e5d9f844896@group-24C785E9A0FC-LeaderElection53: begin an election at term 39 for -1: [3b749b59-de2a-419b-9a26-261692f5c83c:192.168.69.118:39205, ad4d83c7-0f96-47bc-a4e8-7e5d9f844896:192.168.69.118:41688, 02863277-f564-4bc6-8337-fb22627f6f1a:192.168.69.118:36850], old=null
2019-10-23 12:13:22,673 [grpc-default-executor-1] INFO  impl.RaftServerImpl (RaftServerImpl.java:setRole(184)) - 3b749b59-de2a-419b-9a26-261692f5c83c@group-24C785E9A0FC: changes role from  FOLLOWER to FOLLOWER at term 39 for recognizeCandidate:ad4d83c7-0f96-47bc-a4e8-7e5d9f844896
2019-10-23 12:13:22,673 [grpc-default-executor-4] INFO  impl.RaftServerImpl (RaftServerImpl.java:setRole(184)) - 02863277-f564-4bc6-8337-fb22627f6f1a@group-24C785E9A0FC: changes role from  FOLLOWER to FOLLOWER at term 39 for recognizeCandidate:ad4d83c7-0f96-47bc-a4e8-7e5d9f844896
2019-10-23 12:13:22,673 [grpc-default-executor-1] INFO  impl.RoleInfo (RoleInfo.java:shutdownFollowerState(121)) - 3b749b59-de2a-419b-9a26-261692f5c83c: shutdown FollowerState
2019-10-23 12:13:22,673 [grpc-default-executor-4] INFO  impl.RoleInfo (RoleInfo.java:shutdownFollowerState(121)) - 02863277-f564-4bc6-8337-fb22627f6f1a: shutdown FollowerState
2019-10-23 12:13:22,674 [Thread-703] INFO  impl.FollowerState (FollowerState.java:run(117)) - 3b749b59-de2a-419b-9a26-261692f5c83c@group-24C785E9A0FC-FollowerState was interrupted: java.lang.InterruptedException: sleep interrupted
2019-10-23 12:13:22,674 [grpc-default-executor-4] INFO  impl.RoleInfo (RoleInfo.java:updateAndGet(143)) - 02863277-f564-4bc6-8337-fb22627f6f1a: start FollowerState
2019-10-23 12:13:22,674 [grpc-default-executor-1] INFO  impl.RoleInfo (RoleInfo.java:updateAndGet(143)) - 3b749b59-de2a-419b-9a26-261692f5c83c: start FollowerState
2019-10-23 12:13:22,674 [Thread-704] INFO  impl.FollowerState (FollowerState.java:run(117)) - 02863277-f564-4bc6-8337-fb22627f6f1a@group-24C785E9A0FC-FollowerState was interrupted: java.lang.InterruptedException: sleep interrupted
2019-10-23 12:13:22,688 [ad4d83c7-0f96-47bc-a4e8-7e5d9f844896@group-24C785E9A0FC-LeaderElection53] INFO  impl.LeaderElection (LeaderElection.java:logAndReturn(56)) - ad4d83c7-0f96-47bc-a4e8-7e5d9f844896@group-24C785E9A0FC-LeaderElection53: Election REJECTED; received 2 response(s) [ad4d83c7-0f96-47bc-a4e8-7e5d9f844896<-3b749b59-de2a-419b-9a26-261692f5c83c#0:FAIL-t39, ad4d83c7-0f96-47bc-a4e8-7e5d9f844896<-02863277-f564-4bc6-8337-fb22627f6f1a#0:FAIL-t39] and 0 exception(s); ad4d83c7-0f96-47bc-a4e8-7e5d9f844896@group-24C785E9A0FC:t39, leader=null, voted=ad4d83c7-0f96-47bc-a4e8-7e5d9f844896, raftlog=ad4d83c7-0f96-47bc-a4e8-7e5d9f844896@group-24C785E9A0FC-SegmentedRaftLog:OPENED:c-1,f-1,i0, conf=-1: [3b749b59-de2a-419b-9a26-261692f5c83c:192.168.69.118:39205, ad4d83c7-0f96-47bc-a4e8-7e5d9f844896:192.168.69.118:41688, 02863277-f564-4bc6-8337-fb22627f6f1a:192.168.69.118:36850], old=null
2019-10-23 12:13:22,688 [ad4d83c7-0f96-47bc-a4e8-7e5d9f844896@group-24C785E9A0FC-LeaderElection53] INFO  impl.RaftServerImpl (RaftServerImpl.java:setRole(184)) - ad4d83c7-0f96-47bc-a4e8-7e5d9f844896@group-24C785E9A0FC: changes role from CANDIDATE to FOLLOWER at term 39 for DISCOVERED_A_NEW_TERM
2019-10-23 12:13:22,688 [ad4d83c7-0f96-47bc-a4e8-7e5d9f844896@group-24C785E9A0FC-LeaderElection53] INFO  impl.RoleInfo (RoleInfo.java:shutdownLeaderElection(134)) - ad4d83c7-0f96-47bc-a4e8-7e5d9f844896: shutdown LeaderElection
2019-10-23 12:13:22,688 [ad4d83c7-0f96-47bc-a4e8-7e5d9f844896@group-24C785E9A0FC-LeaderElection53] INFO  impl.RoleInfo (RoleInfo.java:updateAndGet(143)) - ad4d83c7-0f96-47bc-a4e8-7e5d9f844896: start FollowerState
2019-10-23 12:13:22,887 [Thread-711] INFO  impl.FollowerState (FollowerState.java:run(108)) - ad4d83c7-0f96-47bc-a4e8-7e5d9f844896@group-24C785E9A0FC-FollowerState: change to CANDIDATE, lastRpcTime:198ms, electionTimeout:198ms
2019-10-23 12:13:22,887 [Thread-711] INFO  impl.RoleInfo (RoleInfo.java:shutdownFollowerState(121)) - ad4d83c7-0f96-47bc-a4e8-7e5d9f844896: shutdown FollowerState
2019-10-23 12:13:22,887 [Thread-711] INFO  impl.RaftServerImpl (RaftServerImpl.java:setRole(184)) - ad4d83c7-0f96-47bc-a4e8-7e5d9f844896@group-24C785E9A0FC: changes role from  FOLLOWER to CANDIDATE at term 39 for changeToCandidate
2019-10-23 12:13:22,887 [Thread-711] INFO  impl.RoleInfo (RoleInfo.java:updateAndGet(143)) - ad4d83c7-0f96-47bc-a4e8-7e5d9f844896: start LeaderElection
2019-10-23 12:13:22,901 [ad4d83c7-0f96-47bc-a4e8-7e5d9f844896@group-24C785E9A0FC-LeaderElection54] INFO  impl.LeaderElection (LeaderElection.java:askForVotes(178)) - ad4d83c7-0f96-47bc-a4e8-7e5d9f844896@group-24C785E9A0FC-LeaderElection54: begin an election at term 40 for -1: [3b749b59-de2a-419b-9a26-261692f5c83c:192.168.69.118:39205, ad4d83c7-0f96-47bc-a4e8-7e5d9f844896:192.168.69.118:41688, 02863277-f564-4bc6-8337-fb22627f6f1a:192.168.69.118:36850], old=null
2019-10-23 12:13:22,903 [grpc-default-executor-3] INFO  impl.RaftServerImpl (RaftServerImpl.java:setRole(184)) - 3b749b59-de2a-419b-9a26-261692f5c83c@group-24C785E9A0FC: changes role from  FOLLOWER to FOLLOWER at term 40 for recognizeCandidate:ad4d83c7-0f96-47bc-a4e8-7e5d9f844896
2019-10-23 12:13:22,903 [grpc-default-executor-1] INFO  impl.RaftServerImpl (RaftServerImpl.java:setRole(184)) - 02863277-f564-4bc6-8337-fb22627f6f1a@group-24C785E9A0FC: changes role from  FOLLOWER to FOLLOWER at term 40 for recognizeCandidate:ad4d83c7-0f96-47bc-a4e8-7e5d9f844896
2019-10-23 12:13:22,903 [grpc-default-executor-3] INFO  impl.RoleInfo (RoleInfo.java:shutdownFollowerState(121)) - 3b749b59-de2a-419b-9a26-261692f5c83c: shutdown FollowerState
2019-10-23 12:13:22,903 [grpc-default-executor-1] INFO  impl.RoleInfo (RoleInfo.java:shutdownFollowerState(121)) - 02863277-f564-4bc6-8337-fb22627f6f1a: shutdown FollowerState
2019-10-23 12:13:22,903 [Thread-709] INFO  impl.FollowerState (FollowerState.java:run(117)) - 3b749b59-de2a-419b-9a26-261692f5c83c@group-24C785E9A0FC-FollowerState was interrupted: java.lang.InterruptedException: sleep interrupted
2019-10-23 12:13:22,903 [grpc-default-executor-3] INFO  impl.RoleInfo (RoleInfo.java:updateAndGet(143)) - 3b749b59-de2a-419b-9a26-261692f5c83c: start FollowerState
2019-10-23 12:13:22,903 [grpc-default-executor-1] INFO  impl.RoleInfo (RoleInfo.java:updateAndGet(143)) - 02863277-f564-4bc6-8337-fb22627f6f1a: start FollowerState
2019-10-23 12:13:22,903 [Thread-710] INFO  impl.FollowerState (FollowerState.java:run(117)) - 02863277-f564-4bc6-8337-fb22627f6f1a@group-24C785E9A0FC-FollowerState was interrupted: java.lang.InterruptedException: sleep interrupted
2019-10-23 12:13:22,916 [ad4d83c7-0f96-47bc-a4e8-7e5d9f844896@group-24C785E9A0FC-LeaderElection54] INFO  impl.LeaderElection (LeaderElection.java:logAndReturn(56)) - ad4d83c7-0f96-47bc-a4e8-7e5d9f844896@group-24C785E9A0FC-LeaderElection54: Election REJECTED; received 2 response(s) [ad4d83c7-0f96-47bc-a4e8-7e5d9f844896<-3b749b59-de2a-419b-9a26-261692f5c83c#0:FAIL-t40, ad4d83c7-0f96-47bc-a4e8-7e5d9f844896<-02863277-f564-4bc6-8337-fb22627f6f1a#0:FAIL-t40] and 0 exception(s); ad4d83c7-0f96-47bc-a4e8-7e5d9f844896@group-24C785E9A0FC:t40, leader=null, voted=ad4d83c7-0f96-47bc-a4e8-7e5d9f844896, raftlog=ad4d83c7-0f96-47bc-a4e8-7e5d9f844896@group-24C785E9A0FC-SegmentedRaftLog:OPENED:c-1,f-1,i0, conf=-1: [3b749b59-de2a-419b-9a26-261692f5c83c:192.168.69.118:39205, ad4d83c7-0f96-47bc-a4e8-7e5d9f844896:192.168.69.118:41688, 02863277-f564-4bc6-8337-fb22627f6f1a:192.168.69.118:36850], old=null
2019-10-23 12:13:22,917 [ad4d83c7-0f96-47bc-a4e8-7e5d9f844896@group-24C785E9A0FC-LeaderElection54] INFO  impl.RaftServerImpl (RaftServerImpl.java:setRole(184)) - ad4d83c7-0f96-47bc-a4e8-7e5d9f844896@group-24C785E9A0FC: changes role from CANDIDATE to FOLLOWER at term 40 for DISCOVERED_A_NEW_TERM
2019-10-23 12:13:22,917 [ad4d83c7-0f96-47bc-a4e8-7e5d9f844896@group-24C785E9A0FC-LeaderElection54] INFO  impl.RoleInfo (RoleInfo.java:shutdownLeaderElection(134)) - ad4d83c7-0f96-47bc-a4e8-7e5d9f844896: shutdown LeaderElection
2019-10-23 12:13:22,917 [ad4d83c7-0f96-47bc-a4e8-7e5d9f844896@group-24C785E9A0FC-LeaderElection54] INFO  impl.RoleInfo (RoleInfo.java:updateAndGet(143)) - ad4d83c7-0f96-47bc-a4e8-7e5d9f844896: start FollowerState
2019-10-23 12:13:23,022 [Thread-721] INFO  impl.FollowerState (FollowerState.java:run(108)) - ad4d83c7-0f96-47bc-a4e8-7e5d9f844896@group-24C785E9A0FC-FollowerState: change to CANDIDATE, lastRpcTime:105ms, electionTimeout:105ms
2019-10-23 12:13:23,022 [Thread-721] INFO  impl.RoleInfo (RoleInfo.java:shutdownFollowerState(121)) - ad4d83c7-0f96-47bc-a4e8-7e5d9f844896: shutdown FollowerState
2019-10-23 12:13:23,022 [Thread-721] INFO  impl.RaftServerImpl (RaftServerImpl.java:setRole(184)) - ad4d83c7-0f96-47bc-a4e8-7e5d9f844896@group-24C785E9A0FC: changes role from  FOLLOWER to CANDIDATE at term 40 for changeToCandidate
2019-10-23 12:13:23,023 [Thread-721] INFO  impl.RoleInfo (RoleInfo.java:updateAndGet(143)) - ad4d83c7-0f96-47bc-a4e8-7e5d9f844896: start LeaderElection
2019-10-23 12:13:23,037 [ad4d83c7-0f96-47bc-a4e8-7e5d9f844896@group-24C785E9A0FC-LeaderElection55] INFO  impl.LeaderElection (LeaderElection.java:askForVotes(178)) - ad4d83c7-0f96-47bc-a4e8-7e5d9f844896@group-24C785E9A0FC-LeaderElection55: begin an election at term 41 for -1: [3b749b59-de2a-419b-9a26-261692f5c83c:192.168.69.118:39205, ad4d83c7-0f96-47bc-a4e8-7e5d9f844896:192.168.69.118:41688, 02863277-f564-4bc6-8337-fb22627f6f1a:192.168.69.118:36850], old=null
2019-10-23 12:13:23,042 [grpc-default-executor-1] INFO  impl.RaftServerImpl (RaftServerImpl.java:setRole(184)) - 02863277-f564-4bc6-8337-fb22627f6f1a@group-24C785E9A0FC: changes role from  FOLLOWER to FOLLOWER at term 41 for recognizeCandidate:ad4d83c7-0f96-47bc-a4e8-7e5d9f844896
2019-10-23 12:13:23,042 [grpc-default-executor-3] INFO  impl.RaftServerImpl (RaftServerImpl.java:setRole(184)) - 3b749b59-de2a-419b-9a26-261692f5c83c@group-24C785E9A0FC: changes role from  FOLLOWER to FOLLOWER at term 41 for recognizeCandidate:ad4d83c7-0f96-47bc-a4e8-7e5d9f844896
2019-10-23 12:13:23,042 [grpc-default-executor-1] INFO  impl.RoleInfo (RoleInfo.java:shutdownFollowerState(121)) - 02863277-f564-4bc6-8337-fb22627f6f1a: shutdown FollowerState
2019-10-23 12:13:23,042 [grpc-default-executor-3] INFO  impl.RoleInfo (RoleInfo.java:shutdownFollowerState(121)) - 3b749b59-de2a-419b-9a26-261692f5c83c: shutdown FollowerState
2019-10-23 12:13:23,042 [Thread-720] INFO  impl.FollowerState (FollowerState.java:run(117)) - 02863277-f564-4bc6-8337-fb22627f6f1a@group-24C785E9A0FC-FollowerState was interrupted: java.lang.InterruptedException: sleep interrupted
2019-10-23 12:13:23,042 [grpc-default-executor-1] INFO  impl.RoleInfo (RoleInfo.java:updateAndGet(143)) - 02863277-f564-4bc6-8337-fb22627f6f1a: start FollowerState
2019-10-23 12:13:23,042 [grpc-default-executor-3] INFO  impl.RoleInfo (RoleInfo.java:updateAndGet(143)) - 3b749b59-de2a-419b-9a26-261692f5c83c: start FollowerState
2019-10-23 12:13:23,042 [Thread-719] INFO  impl.FollowerState (FollowerState.java:run(117)) - 3b749b59-de2a-419b-9a26-261692f5c83c@group-24C785E9A0FC-FollowerState was interrupted: java.lang.InterruptedException: sleep interrupted
2019-10-23 12:13:23,058 [ad4d83c7-0f96-47bc-a4e8-7e5d9f844896@group-24C785E9A0FC-LeaderElection55] INFO  impl.LeaderElection (LeaderElection.java:logAndReturn(56)) - ad4d83c7-0f96-47bc-a4e8-7e5d9f844896@group-24C785E9A0FC-LeaderElection55: Election REJECTED; received 2 response(s) [ad4d83c7-0f96-47bc-a4e8-7e5d9f844896<-3b749b59-de2a-419b-9a26-261692f5c83c#0:FAIL-t41, ad4d83c7-0f96-47bc-a4e8-7e5d9f844896<-02863277-f564-4bc6-8337-fb22627f6f1a#0:FAIL-t41] and 0 exception(s); ad4d83c7-0f96-47bc-a4e8-7e5d9f844896@group-24C785E9A0FC:t41, leader=null, voted=ad4d83c7-0f96-47bc-a4e8-7e5d9f844896, raftlog=ad4d83c7-0f96-47bc-a4e8-7e5d9f844896@group-24C785E9A0FC-SegmentedRaftLog:OPENED:c-1,f-1,i0, conf=-1: [3b749b59-de2a-419b-9a26-261692f5c83c:192.168.69.118:39205, ad4d83c7-0f96-47bc-a4e8-7e5d9f844896:192.168.69.118:41688, 02863277-f564-4bc6-8337-fb22627f6f1a:192.168.69.118:36850], old=null
2019-10-23 12:13:23,058 [ad4d83c7-0f96-47bc-a4e8-7e5d9f844896@group-24C785E9A0FC-LeaderElection55] INFO  impl.RaftServerImpl (RaftServerImpl.java:setRole(184)) - ad4d83c7-0f96-47bc-a4e8-7e5d9f844896@group-24C785E9A0FC: changes role from CANDIDATE to FOLLOWER at term 41 for DISCOVERED_A_NEW_TERM
2019-10-23 12:13:23,058 [ad4d83c7-0f96-47bc-a4e8-7e5d9f844896@group-24C785E9A0FC-LeaderElection55] INFO  impl.RoleInfo (RoleInfo.java:shutdownLeaderElection(134)) - ad4d83c7-0f96-47bc-a4e8-7e5d9f844896: shutdown LeaderElection
2019-10-23 12:13:23,058 [ad4d83c7-0f96-47bc-a4e8-7e5d9f844896@group-24C785E9A0FC-LeaderElection55] INFO  impl.RoleInfo (RoleInfo.java:updateAndGet(143)) - ad4d83c7-0f96-47bc-a4e8-7e5d9f844896: start FollowerState
2019-10-23 12:13:23,217 [Thread-729] INFO  impl.FollowerState (FollowerState.java:run(108)) - ad4d83c7-0f96-47bc-a4e8-7e5d9f844896@group-24C785E9A0FC-FollowerState: change to CANDIDATE, lastRpcTime:158ms, electionTimeout:158ms
2019-10-23 12:13:23,217 [Thread-729] INFO  impl.RoleInfo (RoleInfo.java:shutdownFollowerState(121)) - ad4d83c7-0f96-47bc-a4e8-7e5d9f844896: shutdown FollowerState
2019-10-23 12:13:23,217 [Thread-729] INFO  impl.RaftServerImpl (RaftServerImpl.java:setRole(184)) - ad4d83c7-0f96-47bc-a4e8-7e5d9f844896@group-24C785E9A0FC: changes role from  FOLLOWER to CANDIDATE at term 41 for changeToCandidate
2019-10-23 12:13:23,217 [Thread-729] INFO  impl.RoleInfo (RoleInfo.java:updateAndGet(143)) - ad4d83c7-0f96-47bc-a4e8-7e5d9f844896: start LeaderElection
2019-10-23 12:13:23,231 [ad4d83c7-0f96-47bc-a4e8-7e5d9f844896@group-24C785E9A0FC-LeaderElection56] INFO  impl.LeaderElection (LeaderElection.java:askForVotes(178)) - ad4d83c7-0f96-47bc-a4e8-7e5d9f844896@group-24C785E9A0FC-LeaderElection56: begin an election at term 42 for -1: [3b749b59-de2a-419b-9a26-261692f5c83c:192.168.69.118:39205, ad4d83c7-0f96-47bc-a4e8-7e5d9f844896:192.168.69.118:41688, 02863277-f564-4bc6-8337-fb22627f6f1a:192.168.69.118:36850], old=null
2019-10-23 12:13:23,233 [grpc-default-executor-3] INFO  impl.RaftServerImpl (RaftServerImpl.java:setRole(184)) - 02863277-f564-4bc6-8337-fb22627f6f1a@group-24C785E9A0FC: changes role from  FOLLOWER to FOLLOWER at term 42 for recognizeCandidate:ad4d83c7-0f96-47bc-a4e8-7e5d9f844896
2019-10-23 12:13:23,233 [grpc-default-executor-1] INFO  impl.RaftServerImpl (RaftServerImpl.java:setRole(184)) - 3b749b59-de2a-419b-9a26-261692f5c83c@group-24C785E9A0FC: changes role from  FOLLOWER to FOLLOWER at term 42 for recognizeCandidate:ad4d83c7-0f96-47bc-a4e8-7e5d9f844896
2019-10-23 12:13:23,234 [grpc-default-executor-3] INFO  impl.RoleInfo (RoleInfo.java:shutdownFollowerState(121)) - 02863277-f564-4bc6-8337-fb22627f6f1a: shutdown FollowerState
2019-10-23 12:13:23,234 [grpc-default-executor-1] INFO  impl.RoleInfo (RoleInfo.java:shutdownFollowerState(121)) - 3b749b59-de2a-419b-9a26-261692f5c83c: shutdown FollowerState
2019-10-23 12:13:23,234 [grpc-default-executor-3] INFO  impl.RoleInfo (RoleInfo.java:updateAndGet(143)) - 02863277-f564-4bc6-8337-fb22627f6f1a: start FollowerState
2019-10-23 12:13:23,234 [Thread-727] INFO  impl.FollowerState (FollowerState.java:run(117)) - 02863277-f564-4bc6-8337-fb22627f6f1a@group-24C785E9A0FC-FollowerState was interrupted: java.lang.InterruptedException: sleep interrupted
2019-10-23 12:13:23,234 [Thread-728] INFO  impl.FollowerState (FollowerState.java:run(117)) - 3b749b59-de2a-419b-9a26-261692f5c83c@group-24C785E9A0FC-FollowerState was interrupted: java.lang.InterruptedException: sleep interrupted
2019-10-23 12:13:23,234 [grpc-default-executor-1] INFO  impl.RoleInfo (RoleInfo.java:updateAndGet(143)) - 3b749b59-de2a-419b-9a26-261692f5c83c: start FollowerState
2019-10-23 12:13:23,249 [ad4d83c7-0f96-47bc-a4e8-7e5d9f844896@group-24C785E9A0FC-LeaderElection56] INFO  impl.LeaderElection (LeaderElection.java:logAndReturn(56)) - ad4d83c7-0f96-47bc-a4e8-7e5d9f844896@group-24C785E9A0FC-LeaderElection56: Election REJECTED; received 2 response(s) [ad4d83c7-0f96-47bc-a4e8-7e5d9f844896<-3b749b59-de2a-419b-9a26-261692f5c83c#0:FAIL-t42, ad4d83c7-0f96-47bc-a4e8-7e5d9f844896<-02863277-f564-4bc6-8337-fb22627f6f1a#0:FAIL-t42] and 0 exception(s); ad4d83c7-0f96-47bc-a4e8-7e5d9f844896@group-24C785E9A0FC:t42, leader=null, voted=ad4d83c7-0f96-47bc-a4e8-7e5d9f844896, raftlog=ad4d83c7-0f96-47bc-a4e8-7e5d9f844896@group-24C785E9A0FC-SegmentedRaftLog:OPENED:c-1,f-1,i0, conf=-1: [3b749b59-de2a-419b-9a26-261692f5c83c:192.168.69.118:39205, ad4d83c7-0f96-47bc-a4e8-7e5d9f844896:192.168.69.118:41688, 02863277-f564-4bc6-8337-fb22627f6f1a:192.168.69.118:36850], old=null
2019-10-23 12:13:23,250 [ad4d83c7-0f96-47bc-a4e8-7e5d9f844896@group-24C785E9A0FC-LeaderElection56] INFO  impl.RaftServerImpl (RaftServerImpl.java:setRole(184)) - ad4d83c7-0f96-47bc-a4e8-7e5d9f844896@group-24C785E9A0FC: changes role from CANDIDATE to FOLLOWER at term 42 for DISCOVERED_A_NEW_TERM
2019-10-23 12:13:23,250 [ad4d83c7-0f96-47bc-a4e8-7e5d9f844896@group-24C785E9A0FC-LeaderElection56] INFO  impl.RoleInfo (RoleInfo.java:shutdownLeaderElection(134)) - ad4d83c7-0f96-47bc-a4e8-7e5d9f844896: shutdown LeaderElection
2019-10-23 12:13:23,250 [ad4d83c7-0f96-47bc-a4e8-7e5d9f844896@group-24C785E9A0FC-LeaderElection56] INFO  impl.RoleInfo (RoleInfo.java:updateAndGet(143)) - ad4d83c7-0f96-47bc-a4e8-7e5d9f844896: start FollowerState
2019-10-23 12:13:23,335 [Thread-735] INFO  impl.FollowerState (FollowerState.java:run(108)) - ad4d83c7-0f96-47bc-a4e8-7e5d9f844896@group-24C785E9A0FC-FollowerState: change to CANDIDATE, lastRpcTime:85ms, electionTimeout:85ms
2019-10-23 12:13:23,336 [Thread-735] INFO  impl.RoleInfo (RoleInfo.java:shutdownFollowerState(121)) - ad4d83c7-0f96-47bc-a4e8-7e5d9f844896: shutdown FollowerState
2019-10-23 12:13:23,336 [Thread-735] INFO  impl.RaftServerImpl (RaftServerImpl.java:setRole(184)) - ad4d83c7-0f96-47bc-a4e8-7e5d9f844896@group-24C785E9A0FC: changes role from  FOLLOWER to CANDIDATE at term 42 for changeToCandidate
2019-10-23 12:13:23,336 [Thread-735] INFO  impl.RoleInfo (RoleInfo.java:updateAndGet(143)) - ad4d83c7-0f96-47bc-a4e8-7e5d9f844896: start LeaderElection
2019-10-23 12:13:23,351 [ad4d83c7-0f96-47bc-a4e8-7e5d9f844896@group-24C785E9A0FC-LeaderElection57] INFO  impl.LeaderElection (LeaderElection.java:askForVotes(178)) - ad4d83c7-0f96-47bc-a4e8-7e5d9f844896@group-24C785E9A0FC-LeaderElection57: begin an election at term 43 for -1: [3b749b59-de2a-419b-9a26-261692f5c83c:192.168.69.118:39205, ad4d83c7-0f96-47bc-a4e8-7e5d9f844896:192.168.69.118:41688, 02863277-f564-4bc6-8337-fb22627f6f1a:192.168.69.118:36850], old=null
2019-10-23 12:13:23,356 [grpc-default-executor-3] INFO  impl.RaftServerImpl (RaftServerImpl.java:setRole(184)) - 3b749b59-de2a-419b-9a26-261692f5c83c@group-24C785E9A0FC: changes role from  FOLLOWER to FOLLOWER at term 43 for recognizeCandidate:ad4d83c7-0f96-47bc-a4e8-7e5d9f844896
2019-10-23 12:13:23,356 [grpc-default-executor-5] INFO  impl.RaftServerImpl (RaftServerImpl.java:setRole(184)) - 02863277-f564-4bc6-8337-fb22627f6f1a@group-24C785E9A0FC: changes role from  FOLLOWER to FOLLOWER at term 43 for recognizeCandidate:ad4d83c7-0f96-47bc-a4e8-7e5d9f844896
2019-10-23 12:13:23,356 [grpc-default-executor-3] INFO  impl.RoleInfo (RoleInfo.java:shutdownFollowerState(121)) - 3b749b59-de2a-419b-9a26-261692f5c83c: shutdown FollowerState
2019-10-23 12:13:23,356 [grpc-default-executor-5] INFO  impl.RoleInfo (RoleInfo.java:shutdownFollowerState(121)) - 02863277-f564-4bc6-8337-fb22627f6f1a: shutdown FollowerState
2019-10-23 12:13:23,357 [Thread-734] INFO  impl.FollowerState (FollowerState.java:run(117)) - 3b749b59-de2a-419b-9a26-261692f5c83c@group-24C785E9A0FC-FollowerState was interrupted: java.lang.InterruptedException: sleep interrupted
2019-10-23 12:13:23,357 [grpc-default-executor-3] INFO  impl.RoleInfo (RoleInfo.java:updateAndGet(143)) - 3b749b59-de2a-419b-9a26-261692f5c83c: start FollowerState
2019-10-23 12:13:23,357 [Thread-733] INFO  impl.FollowerState (FollowerState.java:run(117)) - 02863277-f564-4bc6-8337-fb22627f6f1a@group-24C785E9A0FC-FollowerState was interrupted: java.lang.InterruptedException: sleep interrupted
2019-10-23 12:13:23,357 [grpc-default-executor-5] INFO  impl.RoleInfo (RoleInfo.java:updateAndGet(143)) - 02863277-f564-4bc6-8337-fb22627f6f1a: start FollowerState
2019-10-23 12:13:23,371 [ad4d83c7-0f96-47bc-a4e8-7e5d9f844896@group-24C785E9A0FC-LeaderElection57] INFO  impl.LeaderElection (LeaderElection.java:logAndReturn(56)) - ad4d83c7-0f96-47bc-a4e8-7e5d9f844896@group-24C785E9A0FC-LeaderElection57: Election REJECTED; received 2 response(s) [ad4d83c7-0f96-47bc-a4e8-7e5d9f844896<-3b749b59-de2a-419b-9a26-261692f5c83c#0:FAIL-t43, ad4d83c7-0f96-47bc-a4e8-7e5d9f844896<-02863277-f564-4bc6-8337-fb22627f6f1a#0:FAIL-t43] and 0 exception(s); ad4d83c7-0f96-47bc-a4e8-7e5d9f844896@group-24C785E9A0FC:t43, leader=null, voted=ad4d83c7-0f96-47bc-a4e8-7e5d9f844896, raftlog=ad4d83c7-0f96-47bc-a4e8-7e5d9f844896@group-24C785E9A0FC-SegmentedRaftLog:OPENED:c-1,f-1,i0, conf=-1: [3b749b59-de2a-419b-9a26-261692f5c83c:192.168.69.118:39205, ad4d83c7-0f96-47bc-a4e8-7e5d9f844896:192.168.69.118:41688, 02863277-f564-4bc6-8337-fb22627f6f1a:192.168.69.118:36850], old=null
2019-10-23 12:13:23,371 [ad4d83c7-0f96-47bc-a4e8-7e5d9f844896@group-24C785E9A0FC-LeaderElection57] INFO  impl.RaftServerImpl (RaftServerImpl.java:setRole(184)) - ad4d83c7-0f96-47bc-a4e8-7e5d9f844896@group-24C785E9A0FC: changes role from CANDIDATE to FOLLOWER at term 43 for DISCOVERED_A_NEW_TERM
2019-10-23 12:13:23,371 [ad4d83c7-0f96-47bc-a4e8-7e5d9f844896@group-24C785E9A0FC-LeaderElection57] INFO  impl.RoleInfo (RoleInfo.java:shutdownLeaderElection(134)) - ad4d83c7-0f96-47bc-a4e8-7e5d9f844896: shutdown LeaderElection
2019-10-23 12:13:23,372 [ad4d83c7-0f96-47bc-a4e8-7e5d9f844896@group-24C785E9A0FC-LeaderElection57] INFO  impl.RoleInfo (RoleInfo.java:updateAndGet(143)) - ad4d83c7-0f96-47bc-a4e8-7e5d9f844896: start FollowerState
2019-10-23 12:13:23,396 [Thread-743] INFO  impl.FollowerState (FollowerState.java:run(108)) - ad4d83c7-0f96-47bc-a4e8-7e5d9f844896@group-24C785E9A0FC-FollowerState: change to CANDIDATE, lastRpcTime:24ms, electionTimeout:24ms
2019-10-23 12:13:23,396 [Thread-743] INFO  impl.RoleInfo (RoleInfo.java:shutdownFollowerState(121)) - ad4d83c7-0f96-47bc-a4e8-7e5d9f844896: shutdown FollowerState
2019-10-23 12:13:23,396 [Thread-743] INFO  impl.RaftServerImpl (RaftServerImpl.java:setRole(184)) - ad4d83c7-0f96-47bc-a4e8-7e5d9f844896@group-24C785E9A0FC: changes role from  FOLLOWER to CANDIDATE at term 43 for changeToCandidate
2019-10-23 12:13:23,396 [Thread-743] INFO  impl.RoleInfo (RoleInfo.java:updateAndGet(143)) - ad4d83c7-0f96-47bc-a4e8-7e5d9f844896: start LeaderElection
2019-10-23 12:13:23,465 [ad4d83c7-0f96-47bc-a4e8-7e5d9f844896@group-24C785E9A0FC-LeaderElection58] INFO  impl.LeaderElection (LeaderElection.java:askForVotes(178)) - ad4d83c7-0f96-47bc-a4e8-7e5d9f844896@group-24C785E9A0FC-LeaderElection58: begin an election at term 44 for -1: [3b749b59-de2a-419b-9a26-261692f5c83c:192.168.69.118:39205, ad4d83c7-0f96-47bc-a4e8-7e5d9f844896:192.168.69.118:41688, 02863277-f564-4bc6-8337-fb22627f6f1a:192.168.69.118:36850], old=null
2019-10-23 12:13:23,467 [grpc-default-executor-3] INFO  impl.RaftServerImpl (RaftServerImpl.java:setRole(184)) - 3b749b59-de2a-419b-9a26-261692f5c83c@group-24C785E9A0FC: changes role from  FOLLOWER to FOLLOWER at term 44 for recognizeCandidate:ad4d83c7-0f96-47bc-a4e8-7e5d9f844896
2019-10-23 12:13:23,468 [grpc-default-executor-3] INFO  impl.RoleInfo (RoleInfo.java:shutdownFollowerState(121)) - 3b749b59-de2a-419b-9a26-261692f5c83c: shutdown FollowerState
2019-10-23 12:13:23,468 [grpc-default-executor-5] INFO  impl.RaftServerImpl (RaftServerImpl.java:setRole(184)) - 02863277-f564-4bc6-8337-fb22627f6f1a@group-24C785E9A0FC: changes role from  FOLLOWER to FOLLOWER at term 44 for recognizeCandidate:ad4d83c7-0f96-47bc-a4e8-7e5d9f844896
2019-10-23 12:13:23,468 [grpc-default-executor-3] INFO  impl.RoleInfo (RoleInfo.java:updateAndGet(143)) - 3b749b59-de2a-419b-9a26-261692f5c83c: start FollowerState
2019-10-23 12:13:23,468 [Thread-741] INFO  impl.FollowerState (FollowerState.java:run(117)) - 3b749b59-de2a-419b-9a26-261692f5c83c@group-24C785E9A0FC-FollowerState was interrupted: java.lang.InterruptedException: sleep interrupted
2019-10-23 12:13:23,468 [grpc-default-executor-5] INFO  impl.RoleInfo (RoleInfo.java:shutdownFollowerState(121)) - 02863277-f564-4bc6-8337-fb22627f6f1a: shutdown FollowerState
2019-10-23 12:13:23,469 [grpc-default-executor-5] INFO  impl.RoleInfo (RoleInfo.java:updateAndGet(143)) - 02863277-f564-4bc6-8337-fb22627f6f1a: start FollowerState
2019-10-23 12:13:23,469 [Thread-742] INFO  impl.FollowerState (FollowerState.java:run(117)) - 02863277-f564-4bc6-8337-fb22627f6f1a@group-24C785E9A0FC-FollowerState was interrupted: java.lang.InterruptedException: sleep interrupted
2019-10-23 12:13:23,499 [ad4d83c7-0f96-47bc-a4e8-7e5d9f844896@group-24C785E9A0FC-LeaderElection58] INFO  impl.LeaderElection (LeaderElection.java:logAndReturn(56)) - ad4d83c7-0f96-47bc-a4e8-7e5d9f844896@group-24C785E9A0FC-LeaderElection58: Election REJECTED; received 2 response(s) [ad4d83c7-0f96-47bc-a4e8-7e5d9f844896<-3b749b59-de2a-419b-9a26-261692f5c83c#0:FAIL-t44, ad4d83c7-0f96-47bc-a4e8-7e5d9f844896<-02863277-f564-4bc6-8337-fb22627f6f1a#0:FAIL-t44] and 0 exception(s); ad4d83c7-0f96-47bc-a4e8-7e5d9f844896@group-24C785E9A0FC:t44, leader=null, voted=ad4d83c7-0f96-47bc-a4e8-7e5d9f844896, raftlog=ad4d83c7-0f96-47bc-a4e8-7e5d9f844896@group-24C785E9A0FC-SegmentedRaftLog:OPENED:c-1,f-1,i0, conf=-1: [3b749b59-de2a-419b-9a26-261692f5c83c:192.168.69.118:39205, ad4d83c7-0f96-47bc-a4e8-7e5d9f844896:192.168.69.118:41688, 02863277-f564-4bc6-8337-fb22627f6f1a:192.168.69.118:36850], old=null
2019-10-23 12:13:23,499 [ad4d83c7-0f96-47bc-a4e8-7e5d9f844896@group-24C785E9A0FC-LeaderElection58] INFO  impl.RaftServerImpl (RaftServerImpl.java:setRole(184)) - ad4d83c7-0f96-47bc-a4e8-7e5d9f844896@group-24C785E9A0FC: changes role from CANDIDATE to FOLLOWER at term 44 for DISCOVERED_A_NEW_TERM
2019-10-23 12:13:23,499 [ad4d83c7-0f96-47bc-a4e8-7e5d9f844896@group-24C785E9A0FC-LeaderElection58] INFO  impl.RoleInfo (RoleInfo.java:shutdownLeaderElection(134)) - ad4d83c7-0f96-47bc-a4e8-7e5d9f844896: shutdown LeaderElection
2019-10-23 12:13:23,499 [ad4d83c7-0f96-47bc-a4e8-7e5d9f844896@group-24C785E9A0FC-LeaderElection58] INFO  impl.RoleInfo (RoleInfo.java:updateAndGet(143)) - ad4d83c7-0f96-47bc-a4e8-7e5d9f844896: start FollowerState
2019-10-23 12:13:23,685 [Thread-751] INFO  impl.FollowerState (FollowerState.java:run(108)) - ad4d83c7-0f96-47bc-a4e8-7e5d9f844896@group-24C785E9A0FC-FollowerState: change to CANDIDATE, lastRpcTime:185ms, electionTimeout:185ms
2019-10-23 12:13:23,685 [Thread-751] INFO  impl.RoleInfo (RoleInfo.java:shutdownFollowerState(121)) - ad4d83c7-0f96-47bc-a4e8-7e5d9f844896: shutdown FollowerState
2019-10-23 12:13:23,685 [Thread-751] INFO  impl.RaftServerImpl (RaftServerImpl.java:setRole(184)) - ad4d83c7-0f96-47bc-a4e8-7e5d9f844896@group-24C785E9A0FC: changes role from  FOLLOWER to CANDIDATE at term 44 for changeToCandidate
2019-10-23 12:13:23,685 [Thread-751] INFO  impl.RoleInfo (RoleInfo.java:updateAndGet(143)) - ad4d83c7-0f96-47bc-a4e8-7e5d9f844896: start LeaderElection
2019-10-23 12:13:23,692 [ad4d83c7-0f96-47bc-a4e8-7e5d9f844896@group-24C785E9A0FC-LeaderElection59] INFO  impl.LeaderElection (LeaderElection.java:askForVotes(178)) - ad4d83c7-0f96-47bc-a4e8-7e5d9f844896@group-24C785E9A0FC-LeaderElection59: begin an election at term 45 for -1: [3b749b59-de2a-419b-9a26-261692f5c83c:192.168.69.118:39205, ad4d83c7-0f96-47bc-a4e8-7e5d9f844896:192.168.69.118:41688, 02863277-f564-4bc6-8337-fb22627f6f1a:192.168.69.118:36850], old=null
2019-10-23 12:13:23,697 [grpc-default-executor-3] INFO  impl.RaftServerImpl (RaftServerImpl.java:setRole(184)) - 02863277-f564-4bc6-8337-fb22627f6f1a@group-24C785E9A0FC: changes role from  FOLLOWER to FOLLOWER at term 45 for recognizeCandidate:ad4d83c7-0f96-47bc-a4e8-7e5d9f844896
2019-10-23 12:13:23,697 [grpc-default-executor-3] INFO  impl.RoleInfo (RoleInfo.java:shutdownFollowerState(121)) - 02863277-f564-4bc6-8337-fb22627f6f1a: shutdown FollowerState
2019-10-23 12:13:23,697 [grpc-default-executor-3] INFO  impl.RoleInfo (RoleInfo.java:updateAndGet(143)) - 02863277-f564-4bc6-8337-fb22627f6f1a: start FollowerState
2019-10-23 12:13:23,697 [Thread-750] INFO  impl.FollowerState (FollowerState.java:run(117)) - 02863277-f564-4bc6-8337-fb22627f6f1a@group-24C785E9A0FC-FollowerState was interrupted: java.lang.InterruptedException: sleep interrupted
2019-10-23 12:13:23,697 [grpc-default-executor-5] INFO  impl.RaftServerImpl (RaftServerImpl.java:setRole(184)) - 3b749b59-de2a-419b-9a26-261692f5c83c@group-24C785E9A0FC: changes role from  FOLLOWER to FOLLOWER at term 45 for recognizeCandidate:ad4d83c7-0f96-47bc-a4e8-7e5d9f844896
2019-10-23 12:13:23,698 [grpc-default-executor-5] INFO  impl.RoleInfo (RoleInfo.java:shutdownFollowerState(121)) - 3b749b59-de2a-419b-9a26-261692f5c83c: shutdown FollowerState
2019-10-23 12:13:23,698 [grpc-default-executor-5] INFO  impl.RoleInfo (RoleInfo.java:updateAndGet(143)) - 3b749b59-de2a-419b-9a26-261692f5c83c: start FollowerState
2019-10-23 12:13:23,698 [Thread-749] INFO  impl.FollowerState (FollowerState.java:run(117)) - 3b749b59-de2a-419b-9a26-261692f5c83c@group-24C785E9A0FC-FollowerState was interrupted: java.lang.InterruptedException: sleep interrupted
2019-10-23 12:13:23,712 [ad4d83c7-0f96-47bc-a4e8-7e5d9f844896@group-24C785E9A0FC-LeaderElection59] INFO  impl.LeaderElection (LeaderElection.java:logAndReturn(56)) - ad4d83c7-0f96-47bc-a4e8-7e5d9f844896@group-24C785E9A0FC-LeaderElection59: Election REJECTED; received 2 response(s) [ad4d83c7-0f96-47bc-a4e8-7e5d9f844896<-3b749b59-de2a-419b-9a26-261692f5c83c#0:FAIL-t45, ad4d83c7-0f96-47bc-a4e8-7e5d9f844896<-02863277-f564-4bc6-8337-fb22627f6f1a#0:FAIL-t45] and 0 exception(s); ad4d83c7-0f96-47bc-a4e8-7e5d9f844896@group-24C785E9A0FC:t45, leader=null, voted=ad4d83c7-0f96-47bc-a4e8-7e5d9f844896, raftlog=ad4d83c7-0f96-47bc-a4e8-7e5d9f844896@group-24C785E9A0FC-SegmentedRaftLog:OPENED:c-1,f-1,i0, conf=-1: [3b749b59-de2a-419b-9a26-261692f5c83c:192.168.69.118:39205, ad4d83c7-0f96-47bc-a4e8-7e5d9f844896:192.168.69.118:41688, 02863277-f564-4bc6-8337-fb22627f6f1a:192.168.69.118:36850], old=null
2019-10-23 12:13:23,712 [ad4d83c7-0f96-47bc-a4e8-7e5d9f844896@group-24C785E9A0FC-LeaderElection59] INFO  impl.RaftServerImpl (RaftServerImpl.java:setRole(184)) - ad4d83c7-0f96-47bc-a4e8-7e5d9f844896@group-24C785E9A0FC: changes role from CANDIDATE to FOLLOWER at term 45 for DISCOVERED_A_NEW_TERM
2019-10-23 12:13:23,712 [ad4d83c7-0f96-47bc-a4e8-7e5d9f844896@group-24C785E9A0FC-LeaderElection59] INFO  impl.RoleInfo (RoleInfo.java:shutdownLeaderElection(134)) - ad4d83c7-0f96-47bc-a4e8-7e5d9f844896: shutdown LeaderElection
2019-10-23 12:13:23,712 [ad4d83c7-0f96-47bc-a4e8-7e5d9f844896@group-24C785E9A0FC-LeaderElection59] INFO  impl.RoleInfo (RoleInfo.java:updateAndGet(143)) - ad4d83c7-0f96-47bc-a4e8-7e5d9f844896: start FollowerState
2019-10-23 12:13:23,890 [Thread-757] INFO  impl.FollowerState (FollowerState.java:run(108)) - ad4d83c7-0f96-47bc-a4e8-7e5d9f844896@group-24C785E9A0FC-FollowerState: change to CANDIDATE, lastRpcTime:177ms, electionTimeout:177ms
2019-10-23 12:13:23,890 [Thread-757] INFO  impl.RoleInfo (RoleInfo.java:shutdownFollowerState(121)) - ad4d83c7-0f96-47bc-a4e8-7e5d9f844896: shutdown FollowerState
2019-10-23 12:13:23,890 [Thread-757] INFO  impl.RaftServerImpl (RaftServerImpl.java:setRole(184)) - ad4d83c7-0f96-47bc-a4e8-7e5d9f844896@group-24C785E9A0FC: changes role from  FOLLOWER to CANDIDATE at term 45 for changeToCandidate
2019-10-23 12:13:23,890 [Thread-757] INFO  impl.RoleInfo (RoleInfo.java:updateAndGet(143)) - ad4d83c7-0f96-47bc-a4e8-7e5d9f844896: start LeaderElection
2019-10-23 12:13:23,895 [ad4d83c7-0f96-47bc-a4e8-7e5d9f844896@group-24C785E9A0FC-LeaderElection60] INFO  impl.LeaderElection (LeaderElection.java:askForVotes(178)) - ad4d83c7-0f96-47bc-a4e8-7e5d9f844896@group-24C785E9A0FC-LeaderElection60: begin an election at term 46 for -1: [3b749b59-de2a-419b-9a26-261692f5c83c:192.168.69.118:39205, ad4d83c7-0f96-47bc-a4e8-7e5d9f844896:192.168.69.118:41688, 02863277-f564-4bc6-8337-fb22627f6f1a:192.168.69.118:36850], old=null
2019-10-23 12:13:23,898 [grpc-default-executor-4] INFO  impl.RaftServerImpl (RaftServerImpl.java:setRole(184)) - 02863277-f564-4bc6-8337-fb22627f6f1a@group-24C785E9A0FC: changes role from  FOLLOWER to FOLLOWER at term 46 for recognizeCandidate:ad4d83c7-0f96-47bc-a4e8-7e5d9f844896
2019-10-23 12:13:23,898 [grpc-default-executor-3] INFO  impl.RaftServerImpl (RaftServerImpl.java:setRole(184)) - 3b749b59-de2a-419b-9a26-261692f5c83c@group-24C785E9A0FC: changes role from  FOLLOWER to FOLLOWER at term 46 for recognizeCandidate:ad4d83c7-0f96-47bc-a4e8-7e5d9f844896
2019-10-23 12:13:23,898 [grpc-default-executor-4] INFO  impl.RoleInfo (RoleInfo.java:shutdownFollowerState(121)) - 02863277-f564-4bc6-8337-fb22627f6f1a: shutdown FollowerState
2019-10-23 12:13:23,898 [grpc-default-executor-3] INFO  impl.RoleInfo (RoleInfo.java:shutdownFollowerState(121)) - 3b749b59-de2a-419b-9a26-261692f5c83c: shutdown FollowerState
2019-10-23 12:13:23,898 [Thread-755] INFO  impl.FollowerState (FollowerState.java:run(117)) - 02863277-f564-4bc6-8337-fb22627f6f1a@group-24C785E9A0FC-FollowerState was interrupted: java.lang.InterruptedException: sleep interrupted
2019-10-23 12:13:23,898 [grpc-default-executor-4] INFO  impl.RoleInfo (RoleInfo.java:updateAndGet(143)) - 02863277-f564-4bc6-8337-fb22627f6f1a: start FollowerState
2019-10-23 12:13:23,899 [Thread-756] INFO  impl.FollowerState (FollowerState.java:run(117)) - 3b749b59-de2a-419b-9a26-261692f5c83c@group-24C785E9A0FC-FollowerState was interrupted: java.lang.InterruptedException: sleep interrupted
2019-10-23 12:13:23,899 [grpc-default-executor-3] INFO  impl.RoleInfo (RoleInfo.java:updateAndGet(143)) - 3b749b59-de2a-419b-9a26-261692f5c83c: start FollowerState
2019-10-23 12:13:23,901 [ad4d83c7-0f96-47bc-a4e8-7e5d9f844896@group-24C785E9A0FC-LeaderElection60] INFO  impl.LeaderElection (LeaderElection.java:logAndReturn(56)) - ad4d83c7-0f96-47bc-a4e8-7e5d9f844896@group-24C785E9A0FC-LeaderElection60: Election TIMEOUT; received 0 response(s) [] and 0 exception(s); ad4d83c7-0f96-47bc-a4e8-7e5d9f844896@group-24C785E9A0FC:t46, leader=null, voted=ad4d83c7-0f96-47bc-a4e8-7e5d9f844896, raftlog=ad4d83c7-0f96-47bc-a4e8-7e5d9f844896@group-24C785E9A0FC-SegmentedRaftLog:OPENED:c-1,f-1,i0, conf=-1: [3b749b59-de2a-419b-9a26-261692f5c83c:192.168.69.118:39205, ad4d83c7-0f96-47bc-a4e8-7e5d9f844896:192.168.69.118:41688, 02863277-f564-4bc6-8337-fb22627f6f1a:192.168.69.118:36850], old=null
2019-10-23 12:13:23,906 [ad4d83c7-0f96-47bc-a4e8-7e5d9f844896@group-24C785E9A0FC-LeaderElection60] INFO  impl.LeaderElection (LeaderElection.java:askForVotes(178)) - ad4d83c7-0f96-47bc-a4e8-7e5d9f844896@group-24C785E9A0FC-LeaderElection60: begin an election at term 47 for -1: [3b749b59-de2a-419b-9a26-261692f5c83c:192.168.69.118:39205, ad4d83c7-0f96-47bc-a4e8-7e5d9f844896:192.168.69.118:41688, 02863277-f564-4bc6-8337-fb22627f6f1a:192.168.69.118:36850], old=null
2019-10-23 12:13:23,907 [grpc-default-executor-3] INFO  impl.RaftServerImpl (RaftServerImpl.java:setRole(184)) - 3b749b59-de2a-419b-9a26-261692f5c83c@group-24C785E9A0FC: changes role from  FOLLOWER to FOLLOWER at term 47 for recognizeCandidate:ad4d83c7-0f96-47bc-a4e8-7e5d9f844896
2019-10-23 12:13:23,907 [grpc-default-executor-3] INFO  impl.RoleInfo (RoleInfo.java:shutdownFollowerState(121)) - 3b749b59-de2a-419b-9a26-261692f5c83c: shutdown FollowerState
2019-10-23 12:13:23,908 [grpc-default-executor-4] INFO  impl.RaftServerImpl (RaftServerImpl.java:setRole(184)) - 02863277-f564-4bc6-8337-fb22627f6f1a@group-24C785E9A0FC: changes role from  FOLLOWER to FOLLOWER at term 47 for recognizeCandidate:ad4d83c7-0f96-47bc-a4e8-7e5d9f844896
2019-10-23 12:13:23,908 [grpc-default-executor-3] INFO  impl.RoleInfo (RoleInfo.java:updateAndGet(143)) - 3b749b59-de2a-419b-9a26-261692f5c83c: start FollowerState
2019-10-23 12:13:23,908 [Thread-766] INFO  impl.FollowerState (FollowerState.java:run(117)) - 3b749b59-de2a-419b-9a26-261692f5c83c@group-24C785E9A0FC-FollowerState was interrupted: java.lang.InterruptedException: sleep interrupted
2019-10-23 12:13:23,908 [grpc-default-executor-4] INFO  impl.RoleInfo (RoleInfo.java:shutdownFollowerState(121)) - 02863277-f564-4bc6-8337-fb22627f6f1a: shutdown FollowerState
2019-10-23 12:13:23,908 [grpc-default-executor-4] INFO  impl.RoleInfo (RoleInfo.java:updateAndGet(143)) - 02863277-f564-4bc6-8337-fb22627f6f1a: start FollowerState
2019-10-23 12:13:23,908 [Thread-765] INFO  impl.FollowerState (FollowerState.java:run(117)) - 02863277-f564-4bc6-8337-fb22627f6f1a@group-24C785E9A0FC-FollowerState was interrupted: java.lang.InterruptedException: sleep interrupted
2019-10-23 12:13:23,913 [ad4d83c7-0f96-47bc-a4e8-7e5d9f844896@group-24C785E9A0FC-LeaderElection60] INFO  impl.LeaderElection (LeaderElection.java:logAndReturn(56)) - ad4d83c7-0f96-47bc-a4e8-7e5d9f844896@group-24C785E9A0FC-LeaderElection60: Election REJECTED; received 2 response(s) [ad4d83c7-0f96-47bc-a4e8-7e5d9f844896<-3b749b59-de2a-419b-9a26-261692f5c83c#0:FAIL-t47, ad4d83c7-0f96-47bc-a4e8-7e5d9f844896<-02863277-f564-4bc6-8337-fb22627f6f1a#0:FAIL-t47] and 0 exception(s); ad4d83c7-0f96-47bc-a4e8-7e5d9f844896@group-24C785E9A0FC:t47, leader=null, voted=ad4d83c7-0f96-47bc-a4e8-7e5d9f844896, raftlog=ad4d83c7-0f96-47bc-a4e8-7e5d9f844896@group-24C785E9A0FC-SegmentedRaftLog:OPENED:c-1,f-1,i0, conf=-1: [3b749b59-de2a-419b-9a26-261692f5c83c:192.168.69.118:39205, ad4d83c7-0f96-47bc-a4e8-7e5d9f844896:192.168.69.118:41688, 02863277-f564-4bc6-8337-fb22627f6f1a:192.168.69.118:36850], old=null
2019-10-23 12:13:23,914 [ad4d83c7-0f96-47bc-a4e8-7e5d9f844896@group-24C785E9A0FC-LeaderElection60] INFO  impl.RaftServerImpl (RaftServerImpl.java:setRole(184)) - ad4d83c7-0f96-47bc-a4e8-7e5d9f844896@group-24C785E9A0FC: changes role from CANDIDATE to FOLLOWER at term 47 for DISCOVERED_A_NEW_TERM
2019-10-23 12:13:23,914 [ad4d83c7-0f96-47bc-a4e8-7e5d9f844896@group-24C785E9A0FC-LeaderElection60] INFO  impl.RoleInfo (RoleInfo.java:shutdownLeaderElection(134)) - ad4d83c7-0f96-47bc-a4e8-7e5d9f844896: shutdown LeaderElection
2019-10-23 12:13:23,914 [ad4d83c7-0f96-47bc-a4e8-7e5d9f844896@group-24C785E9A0FC-LeaderElection60] INFO  impl.RoleInfo (RoleInfo.java:updateAndGet(143)) - ad4d83c7-0f96-47bc-a4e8-7e5d9f844896: start FollowerState
2019-10-23 12:13:24,029 [Thread-771] INFO  impl.FollowerState (FollowerState.java:run(108)) - ad4d83c7-0f96-47bc-a4e8-7e5d9f844896@group-24C785E9A0FC-FollowerState: change to CANDIDATE, lastRpcTime:115ms, electionTimeout:115ms
2019-10-23 12:13:24,029 [Thread-771] INFO  impl.RoleInfo (RoleInfo.java:shutdownFollowerState(121)) - ad4d83c7-0f96-47bc-a4e8-7e5d9f844896: shutdown FollowerState
2019-10-23 12:13:24,030 [Thread-771] INFO  impl.RaftServerImpl (RaftServerImpl.java:setRole(184)) - ad4d83c7-0f96-47bc-a4e8-7e5d9f844896@group-24C785E9A0FC: changes role from  FOLLOWER to CANDIDATE at term 47 for changeToCandidate
2019-10-23 12:13:24,030 [Thread-771] INFO  impl.RoleInfo (RoleInfo.java:updateAndGet(143)) - ad4d83c7-0f96-47bc-a4e8-7e5d9f844896: start LeaderElection
2019-10-23 12:13:24,044 [ad4d83c7-0f96-47bc-a4e8-7e5d9f844896@group-24C785E9A0FC-LeaderElection61] INFO  impl.LeaderElection (LeaderElection.java:askForVotes(178)) - ad4d83c7-0f96-47bc-a4e8-7e5d9f844896@group-24C785E9A0FC-LeaderElection61: begin an election at term 48 for -1: [3b749b59-de2a-419b-9a26-261692f5c83c:192.168.69.118:39205, ad4d83c7-0f96-47bc-a4e8-7e5d9f844896:192.168.69.118:41688, 02863277-f564-4bc6-8337-fb22627f6f1a:192.168.69.118:36850], old=null
2019-10-23 12:13:24,046 [grpc-default-executor-4] INFO  impl.RaftServerImpl (RaftServerImpl.java:setRole(184)) - 02863277-f564-4bc6-8337-fb22627f6f1a@group-24C785E9A0FC: changes role from  FOLLOWER to FOLLOWER at term 48 for recognizeCandidate:ad4d83c7-0f96-47bc-a4e8-7e5d9f844896
2019-10-23 12:13:24,046 [grpc-default-executor-3] INFO  impl.RaftServerImpl (RaftServerImpl.java:setRole(184)) - 3b749b59-de2a-419b-9a26-261692f5c83c@group-24C785E9A0FC: changes role from  FOLLOWER to FOLLOWER at term 48 for recognizeCandidate:ad4d83c7-0f96-47bc-a4e8-7e5d9f844896
2019-10-23 12:13:24,047 [grpc-default-executor-4] INFO  impl.RoleInfo (RoleInfo.java:shutdownFollowerState(121)) - 02863277-f564-4bc6-8337-fb22627f6f1a: shutdown FollowerState
2019-10-23 12:13:24,047 [grpc-default-executor-3] INFO  impl.RoleInfo (RoleInfo.java:shutdownFollowerState(121)) - 3b749b59-de2a-419b-9a26-261692f5c83c: shutdown FollowerState
2019-10-23 12:13:24,047 [Thread-770] INFO  impl.FollowerState (FollowerState.java:run(117)) - 02863277-f564-4bc6-8337-fb22627f6f1a@group-24C785E9A0FC-FollowerState was interrupted: java.lang.InterruptedException: sleep interrupted
2019-10-23 12:13:24,047 [grpc-default-executor-4] INFO  impl.RoleInfo (RoleInfo.java:updateAndGet(143)) - 02863277-f564-4bc6-8337-fb22627f6f1a: start FollowerState
2019-10-23 12:13:24,047 [Thread-769] INFO  impl.FollowerState (FollowerState.java:run(117)) - 3b749b59-de2a-419b-9a26-261692f5c83c@group-24C785E9A0FC-FollowerState was interrupted: java.lang.InterruptedException: sleep interrupted
2019-10-23 12:13:24,047 [grpc-default-executor-3] INFO  impl.RoleInfo (RoleInfo.java:updateAndGet(143)) - 3b749b59-de2a-419b-9a26-261692f5c83c: start FollowerState
2019-10-23 12:13:24,062 [ad4d83c7-0f96-47bc-a4e8-7e5d9f844896@group-24C785E9A0FC-LeaderElection61] INFO  impl.LeaderElection (LeaderElection.java:logAndReturn(56)) - ad4d83c7-0f96-47bc-a4e8-7e5d9f844896@group-24C785E9A0FC-LeaderElection61: Election REJECTED; received 2 response(s) [ad4d83c7-0f96-47bc-a4e8-7e5d9f844896<-3b749b59-de2a-419b-9a26-261692f5c83c#0:FAIL-t48, ad4d83c7-0f96-47bc-a4e8-7e5d9f844896<-02863277-f564-4bc6-8337-fb22627f6f1a#0:FAIL-t48] and 0 exception(s); ad4d83c7-0f96-47bc-a4e8-7e5d9f844896@group-24C785E9A0FC:t48, leader=null, voted=ad4d83c7-0f96-47bc-a4e8-7e5d9f844896, raftlog=ad4d83c7-0f96-47bc-a4e8-7e5d9f844896@group-24C785E9A0FC-SegmentedRaftLog:OPENED:c-1,f-1,i0, conf=-1: [3b749b59-de2a-419b-9a26-261692f5c83c:192.168.69.118:39205, ad4d83c7-0f96-47bc-a4e8-7e5d9f844896:192.168.69.118:41688, 02863277-f564-4bc6-8337-fb22627f6f1a:192.168.69.118:36850], old=null
2019-10-23 12:13:24,062 [ad4d83c7-0f96-47bc-a4e8-7e5d9f844896@group-24C785E9A0FC-LeaderElection61] INFO  impl.RaftServerImpl (RaftServerImpl.java:setRole(184)) - ad4d83c7-0f96-47bc-a4e8-7e5d9f844896@group-24C785E9A0FC: changes role from CANDIDATE to FOLLOWER at term 48 for DISCOVERED_A_NEW_TERM
2019-10-23 12:13:24,062 [ad4d83c7-0f96-47bc-a4e8-7e5d9f844896@group-24C785E9A0FC-LeaderElection61] INFO  impl.RoleInfo (RoleInfo.java:shutdownLeaderElection(134)) - ad4d83c7-0f96-47bc-a4e8-7e5d9f844896: shutdown LeaderElection
2019-10-23 12:13:24,063 [ad4d83c7-0f96-47bc-a4e8-7e5d9f844896@group-24C785E9A0FC-LeaderElection61] INFO  impl.RoleInfo (RoleInfo.java:updateAndGet(143)) - ad4d83c7-0f96-47bc-a4e8-7e5d9f844896: start FollowerState
2019-10-23 12:13:24,205 [Thread-779] INFO  impl.FollowerState (FollowerState.java:run(108)) - ad4d83c7-0f96-47bc-a4e8-7e5d9f844896@group-24C785E9A0FC-FollowerState: change to CANDIDATE, lastRpcTime:142ms, electionTimeout:142ms
2019-10-23 12:13:24,205 [Thread-779] INFO  impl.RoleInfo (RoleInfo.java:shutdownFollowerState(121)) - ad4d83c7-0f96-47bc-a4e8-7e5d9f844896: shutdown FollowerState
2019-10-23 12:13:24,205 [Thread-779] INFO  impl.RaftServerImpl (RaftServerImpl.java:setRole(184)) - ad4d83c7-0f96-47bc-a4e8-7e5d9f844896@group-24C785E9A0FC: changes role from  FOLLOWER to CANDIDATE at term 48 for changeToCandidate
2019-10-23 12:13:24,205 [Thread-779] INFO  impl.RoleInfo (RoleInfo.java:updateAndGet(143)) - ad4d83c7-0f96-47bc-a4e8-7e5d9f844896: start LeaderElection
2019-10-23 12:13:24,226 [ad4d83c7-0f96-47bc-a4e8-7e5d9f844896@group-24C785E9A0FC-LeaderElection62] INFO  impl.LeaderElection (LeaderElection.java:askForVotes(178)) - ad4d83c7-0f96-47bc-a4e8-7e5d9f844896@group-24C785E9A0FC-LeaderElection62: begin an election at term 49 for -1: [3b749b59-de2a-419b-9a26-261692f5c83c:192.168.69.118:39205, ad4d83c7-0f96-47bc-a4e8-7e5d9f844896:192.168.69.118:41688, 02863277-f564-4bc6-8337-fb22627f6f1a:192.168.69.118:36850], old=null
2019-10-23 12:13:24,228 [grpc-default-executor-3] INFO  impl.RaftServerImpl (RaftServerImpl.java:setRole(184)) - 3b749b59-de2a-419b-9a26-261692f5c83c@group-24C785E9A0FC: changes role from  FOLLOWER to FOLLOWER at term 49 for recognizeCandidate:ad4d83c7-0f96-47bc-a4e8-7e5d9f844896
2019-10-23 12:13:24,228 [grpc-default-executor-4] INFO  impl.RaftServerImpl (RaftServerImpl.java:setRole(184)) - 02863277-f564-4bc6-8337-fb22627f6f1a@group-24C785E9A0FC: changes role from  FOLLOWER to FOLLOWER at term 49 for recognizeCandidate:ad4d83c7-0f96-47bc-a4e8-7e5d9f844896
2019-10-23 12:13:24,229 [grpc-default-executor-3] INFO  impl.RoleInfo (RoleInfo.java:shutdownFollowerState(121)) - 3b749b59-de2a-419b-9a26-261692f5c83c: shutdown FollowerState
2019-10-23 12:13:24,229 [grpc-default-executor-4] INFO  impl.RoleInfo (RoleInfo.java:shutdownFollowerState(121)) - 02863277-f564-4bc6-8337-fb22627f6f1a: shutdown FollowerState
2019-10-23 12:13:24,229 [Thread-778] INFO  impl.FollowerState (FollowerState.java:run(117)) - 3b749b59-de2a-419b-9a26-261692f5c83c@group-24C785E9A0FC-FollowerState was interrupted: java.lang.InterruptedException: sleep interrupted
2019-10-23 12:13:24,229 [grpc-default-executor-3] INFO  impl.RoleInfo (RoleInfo.java:updateAndGet(143)) - 3b749b59-de2a-419b-9a26-261692f5c83c: start FollowerState
2019-10-23 12:13:24,229 [Thread-777] INFO  impl.FollowerState (FollowerState.java:run(117)) - 02863277-f564-4bc6-8337-fb22627f6f1a@group-24C785E9A0FC-FollowerState was interrupted: java.lang.InterruptedException: sleep interrupted
2019-10-23 12:13:24,229 [grpc-default-executor-4] INFO  impl.RoleInfo (RoleInfo.java:updateAndGet(143)) - 02863277-f564-4bc6-8337-fb22627f6f1a: start FollowerState
2019-10-23 12:13:24,244 [ad4d83c7-0f96-47bc-a4e8-7e5d9f844896@group-24C785E9A0FC-LeaderElection62] INFO  impl.LeaderElection (LeaderElection.java:logAndReturn(56)) - ad4d83c7-0f96-47bc-a4e8-7e5d9f844896@group-24C785E9A0FC-LeaderElection62: Election REJECTED; received 2 response(s) [ad4d83c7-0f96-47bc-a4e8-7e5d9f844896<-3b749b59-de2a-419b-9a26-261692f5c83c#0:FAIL-t49, ad4d83c7-0f96-47bc-a4e8-7e5d9f844896<-02863277-f564-4bc6-8337-fb22627f6f1a#0:FAIL-t49] and 0 exception(s); ad4d83c7-0f96-47bc-a4e8-7e5d9f844896@group-24C785E9A0FC:t49, leader=null, voted=ad4d83c7-0f96-47bc-a4e8-7e5d9f844896, raftlog=ad4d83c7-0f96-47bc-a4e8-7e5d9f844896@group-24C785E9A0FC-SegmentedRaftLog:OPENED:c-1,f-1,i0, conf=-1: [3b749b59-de2a-419b-9a26-261692f5c83c:192.168.69.118:39205, ad4d83c7-0f96-47bc-a4e8-7e5d9f844896:192.168.69.118:41688, 02863277-f564-4bc6-8337-fb22627f6f1a:192.168.69.118:36850], old=null
2019-10-23 12:13:24,244 [ad4d83c7-0f96-47bc-a4e8-7e5d9f844896@group-24C785E9A0FC-LeaderElection62] INFO  impl.RaftServerImpl (RaftServerImpl.java:setRole(184)) - ad4d83c7-0f96-47bc-a4e8-7e5d9f844896@group-24C785E9A0FC: changes role from CANDIDATE to FOLLOWER at term 49 for DISCOVERED_A_NEW_TERM
2019-10-23 12:13:24,244 [ad4d83c7-0f96-47bc-a4e8-7e5d9f844896@group-24C785E9A0FC-LeaderElection62] INFO  impl.RoleInfo (RoleInfo.java:shutdownLeaderElection(134)) - ad4d83c7-0f96-47bc-a4e8-7e5d9f844896: shutdown LeaderElection
2019-10-23 12:13:24,245 [ad4d83c7-0f96-47bc-a4e8-7e5d9f844896@group-24C785E9A0FC-LeaderElection62] INFO  impl.RoleInfo (RoleInfo.java:updateAndGet(143)) - ad4d83c7-0f96-47bc-a4e8-7e5d9f844896: start FollowerState
2019-10-23 12:13:24,421 [Thread-785] INFO  impl.FollowerState (FollowerState.java:run(108)) - ad4d83c7-0f96-47bc-a4e8-7e5d9f844896@group-24C785E9A0FC-FollowerState: change to CANDIDATE, lastRpcTime:176ms, electionTimeout:176ms
2019-10-23 12:13:24,421 [Thread-785] INFO  impl.RoleInfo (RoleInfo.java:shutdownFollowerState(121)) - ad4d83c7-0f96-47bc-a4e8-7e5d9f844896: shutdown FollowerState
2019-10-23 12:13:24,421 [Thread-785] INFO  impl.RaftServerImpl (RaftServerImpl.java:setRole(184)) - ad4d83c7-0f96-47bc-a4e8-7e5d9f844896@group-24C785E9A0FC: changes role from  FOLLOWER to CANDIDATE at term 49 for changeToCandidate
2019-10-23 12:13:24,422 [Thread-785] INFO  impl.RoleInfo (RoleInfo.java:updateAndGet(143)) - ad4d83c7-0f96-47bc-a4e8-7e5d9f844896: start LeaderElection
2019-10-23 12:13:24,455 [ad4d83c7-0f96-47bc-a4e8-7e5d9f844896@group-24C785E9A0FC-LeaderElection63] INFO  impl.LeaderElection (LeaderElection.java:askForVotes(178)) - ad4d83c7-0f96-47bc-a4e8-7e5d9f844896@group-24C785E9A0FC-LeaderElection63: begin an election at term 50 for -1: [3b749b59-de2a-419b-9a26-261692f5c83c:192.168.69.118:39205, ad4d83c7-0f96-47bc-a4e8-7e5d9f844896:192.168.69.118:41688, 02863277-f564-4bc6-8337-fb22627f6f1a:192.168.69.118:36850], old=null
2019-10-23 12:13:24,457 [grpc-default-executor-3] INFO  impl.RaftServerImpl (RaftServerImpl.java:setRole(184)) - 3b749b59-de2a-419b-9a26-261692f5c83c@group-24C785E9A0FC: changes role from  FOLLOWER to FOLLOWER at term 50 for recognizeCandidate:ad4d83c7-0f96-47bc-a4e8-7e5d9f844896
2019-10-23 12:13:24,457 [grpc-default-executor-3] INFO  impl.RoleInfo (RoleInfo.java:shutdownFollowerState(121)) - 3b749b59-de2a-419b-9a26-261692f5c83c: shutdown FollowerState
2019-10-23 12:13:24,457 [grpc-default-executor-4] INFO  impl.RaftServerImpl (RaftServerImpl.java:setRole(184)) - 02863277-f564-4bc6-8337-fb22627f6f1a@group-24C785E9A0FC: changes role from  FOLLOWER to FOLLOWER at term 50 for recognizeCandidate:ad4d83c7-0f96-47bc-a4e8-7e5d9f844896
2019-10-23 12:13:24,457 [grpc-default-executor-3] INFO  impl.RoleInfo (RoleInfo.java:updateAndGet(143)) - 3b749b59-de2a-419b-9a26-261692f5c83c: start FollowerState
2019-10-23 12:13:24,457 [Thread-783] INFO  impl.FollowerState (FollowerState.java:run(117)) - 3b749b59-de2a-419b-9a26-261692f5c83c@group-24C785E9A0FC-FollowerState was interrupted: java.lang.InterruptedException: sleep interrupted
2019-10-23 12:13:24,457 [grpc-default-executor-4] INFO  impl.RoleInfo (RoleInfo.java:shutdownFollowerState(121)) - 02863277-f564-4bc6-8337-fb22627f6f1a: shutdown FollowerState
2019-10-23 12:13:24,457 [grpc-default-executor-4] INFO  impl.RoleInfo (RoleInfo.java:updateAndGet(143)) - 02863277-f564-4bc6-8337-fb22627f6f1a: start FollowerState
2019-10-23 12:13:24,457 [Thread-784] INFO  impl.FollowerState (FollowerState.java:run(117)) - 02863277-f564-4bc6-8337-fb22627f6f1a@group-24C785E9A0FC-FollowerState was interrupted: java.lang.InterruptedException: sleep interrupted
2019-10-23 12:13:24,500 [ad4d83c7-0f96-47bc-a4e8-7e5d9f844896@group-24C785E9A0FC-LeaderElection63] INFO  impl.LeaderElection (LeaderElection.java:logAndReturn(56)) - ad4d83c7-0f96-47bc-a4e8-7e5d9f844896@group-24C785E9A0FC-LeaderElection63: Election TIMEOUT; received 0 response(s) [] and 0 exception(s); ad4d83c7-0f96-47bc-a4e8-7e5d9f844896@group-24C785E9A0FC:t50, leader=null, voted=ad4d83c7-0f96-47bc-a4e8-7e5d9f844896, raftlog=ad4d83c7-0f96-47bc-a4e8-7e5d9f844896@group-24C785E9A0FC-SegmentedRaftLog:OPENED:c-1,f-1,i0, conf=-1: [3b749b59-de2a-419b-9a26-261692f5c83c:192.168.69.118:39205, ad4d83c7-0f96-47bc-a4e8-7e5d9f844896:192.168.69.118:41688, 02863277-f564-4bc6-8337-fb22627f6f1a:192.168.69.118:36850], old=null
2019-10-23 12:13:24,511 [ad4d83c7-0f96-47bc-a4e8-7e5d9f844896@group-24C785E9A0FC-LeaderElection63] INFO  impl.LeaderElection (LeaderElection.java:askForVotes(178)) - ad4d83c7-0f96-47bc-a4e8-7e5d9f844896@group-24C785E9A0FC-LeaderElection63: begin an election at term 51 for -1: [3b749b59-de2a-419b-9a26-261692f5c83c:192.168.69.118:39205, ad4d83c7-0f96-47bc-a4e8-7e5d9f844896:192.168.69.118:41688, 02863277-f564-4bc6-8337-fb22627f6f1a:192.168.69.118:36850], old=null
2019-10-23 12:13:24,512 [grpc-default-executor-4] INFO  impl.RaftServerImpl (RaftServerImpl.java:setRole(184)) - 02863277-f564-4bc6-8337-fb22627f6f1a@group-24C785E9A0FC: changes role from  FOLLOWER to FOLLOWER at term 51 for recognizeCandidate:ad4d83c7-0f96-47bc-a4e8-7e5d9f844896
2019-10-23 12:13:24,512 [grpc-default-executor-3] INFO  impl.RaftServerImpl (RaftServerImpl.java:setRole(184)) - 3b749b59-de2a-419b-9a26-261692f5c83c@group-24C785E9A0FC: changes role from  FOLLOWER to FOLLOWER at term 51 for recognizeCandidate:ad4d83c7-0f96-47bc-a4e8-7e5d9f844896
2019-10-23 12:13:24,512 [grpc-default-executor-4] INFO  impl.RoleInfo (RoleInfo.java:shutdownFollowerState(121)) - 02863277-f564-4bc6-8337-fb22627f6f1a: shutdown FollowerState
2019-10-23 12:13:24,513 [grpc-default-executor-3] INFO  impl.RoleInfo (RoleInfo.java:shutdownFollowerState(121)) - 3b749b59-de2a-419b-9a26-261692f5c83c: shutdown FollowerState
2019-10-23 12:13:24,513 [Thread-794] INFO  impl.FollowerState (FollowerState.java:run(117)) - 02863277-f564-4bc6-8337-fb22627f6f1a@group-24C785E9A0FC-FollowerState was interrupted: java.lang.InterruptedException: sleep interrupted
2019-10-23 12:13:24,513 [grpc-default-executor-4] INFO  impl.RoleInfo (RoleInfo.java:updateAndGet(143)) - 02863277-f564-4bc6-8337-fb22627f6f1a: start FollowerState
2019-10-23 12:13:24,513 [grpc-default-executor-3] INFO  impl.RoleInfo (RoleInfo.java:updateAndGet(143)) - 3b749b59-de2a-419b-9a26-261692f5c83c: start FollowerState
2019-10-23 12:13:24,513 [Thread-793] INFO  impl.FollowerState (FollowerState.java:run(117)) - 3b749b59-de2a-419b-9a26-261692f5c83c@group-24C785E9A0FC-FollowerState was interrupted: java.lang.InterruptedException: sleep interrupted
2019-10-23 12:13:24,530 [ad4d83c7-0f96-47bc-a4e8-7e5d9f844896@group-24C785E9A0FC-LeaderElection63] INFO  impl.LeaderElection (LeaderElection.java:logAndReturn(56)) - ad4d83c7-0f96-47bc-a4e8-7e5d9f844896@group-24C785E9A0FC-LeaderElection63: Election REJECTED; received 2 response(s) [ad4d83c7-0f96-47bc-a4e8-7e5d9f844896<-3b749b59-de2a-419b-9a26-261692f5c83c#0:FAIL-t51, ad4d83c7-0f96-47bc-a4e8-7e5d9f844896<-02863277-f564-4bc6-8337-fb22627f6f1a#0:FAIL-t51] and 0 exception(s); ad4d83c7-0f96-47bc-a4e8-7e5d9f844896@group-24C785E9A0FC:t51, leader=null, voted=ad4d83c7-0f96-47bc-a4e8-7e5d9f844896, raftlog=ad4d83c7-0f96-47bc-a4e8-7e5d9f844896@group-24C785E9A0FC-SegmentedRaftLog:OPENED:c-1,f-1,i0, conf=-1: [3b749b59-de2a-419b-9a26-261692f5c83c:192.168.69.118:39205, ad4d83c7-0f96-47bc-a4e8-7e5d9f844896:192.168.69.118:41688, 02863277-f564-4bc6-8337-fb22627f6f1a:192.168.69.118:36850], old=null
2019-10-23 12:13:24,530 [ad4d83c7-0f96-47bc-a4e8-7e5d9f844896@group-24C785E9A0FC-LeaderElection63] INFO  impl.RaftServerImpl (RaftServerImpl.java:setRole(184)) - ad4d83c7-0f96-47bc-a4e8-7e5d9f844896@group-24C785E9A0FC: changes role from CANDIDATE to FOLLOWER at term 51 for DISCOVERED_A_NEW_TERM
2019-10-23 12:13:24,530 [ad4d83c7-0f96-47bc-a4e8-7e5d9f844896@group-24C785E9A0FC-LeaderElection63] INFO  impl.RoleInfo (RoleInfo.java:shutdownLeaderElection(134)) - ad4d83c7-0f96-47bc-a4e8-7e5d9f844896: shutdown LeaderElection
2019-10-23 12:13:24,530 [ad4d83c7-0f96-47bc-a4e8-7e5d9f844896@group-24C785E9A0FC-LeaderElection63] INFO  impl.RoleInfo (RoleInfo.java:updateAndGet(143)) - ad4d83c7-0f96-47bc-a4e8-7e5d9f844896: start FollowerState
2019-10-23 12:13:24,703 [Thread-799] INFO  impl.FollowerState (FollowerState.java:run(108)) - ad4d83c7-0f96-47bc-a4e8-7e5d9f844896@group-24C785E9A0FC-FollowerState: change to CANDIDATE, lastRpcTime:173ms, electionTimeout:173ms
2019-10-23 12:13:24,703 [Thread-799] INFO  impl.RoleInfo (RoleInfo.java:shutdownFollowerState(121)) - ad4d83c7-0f96-47bc-a4e8-7e5d9f844896: shutdown FollowerState
2019-10-23 12:13:24,704 [Thread-799] INFO  impl.RaftServerImpl (RaftServerImpl.java:setRole(184)) - ad4d83c7-0f96-47bc-a4e8-7e5d9f844896@group-24C785E9A0FC: changes role from  FOLLOWER to CANDIDATE at term 51 for changeToCandidate
2019-10-23 12:13:24,704 [Thread-799] INFO  impl.RoleInfo (RoleInfo.java:updateAndGet(143)) - ad4d83c7-0f96-47bc-a4e8-7e5d9f844896: start LeaderElection
2019-10-23 12:13:24,718 [ad4d83c7-0f96-47bc-a4e8-7e5d9f844896@group-24C785E9A0FC-LeaderElection64] INFO  impl.LeaderElection (LeaderElection.java:askForVotes(178)) - ad4d83c7-0f96-47bc-a4e8-7e5d9f844896@group-24C785E9A0FC-LeaderElection64: begin an election at term 52 for -1: [3b749b59-de2a-419b-9a26-261692f5c83c:192.168.69.118:39205, ad4d83c7-0f96-47bc-a4e8-7e5d9f844896:192.168.69.118:41688, 02863277-f564-4bc6-8337-fb22627f6f1a:192.168.69.118:36850], old=null
2019-10-23 12:13:24,720 [grpc-default-executor-4] INFO  impl.RaftServerImpl (RaftServerImpl.java:setRole(184)) - 02863277-f564-4bc6-8337-fb22627f6f1a@group-24C785E9A0FC: changes role from  FOLLOWER to FOLLOWER at term 52 for recognizeCandidate:ad4d83c7-0f96-47bc-a4e8-7e5d9f844896
2019-10-23 12:13:24,720 [grpc-default-executor-3] INFO  impl.RaftServerImpl (RaftServerImpl.java:setRole(184)) - 3b749b59-de2a-419b-9a26-261692f5c83c@group-24C785E9A0FC: changes role from  FOLLOWER to FOLLOWER at term 52 for recognizeCandidate:ad4d83c7-0f96-47bc-a4e8-7e5d9f844896
2019-10-23 12:13:24,720 [grpc-default-executor-4] INFO  impl.RoleInfo (RoleInfo.java:shutdownFollowerState(121)) - 02863277-f564-4bc6-8337-fb22627f6f1a: shutdown FollowerState
2019-10-23 12:13:24,720 [grpc-default-executor-3] INFO  impl.RoleInfo (RoleInfo.java:shutdownFollowerState(121)) - 3b749b59-de2a-419b-9a26-261692f5c83c: shutdown FollowerState
2019-10-23 12:13:24,721 [Thread-797] INFO  impl.FollowerState (FollowerState.java:run(117)) - 02863277-f564-4bc6-8337-fb22627f6f1a@group-24C785E9A0FC-FollowerState was interrupted: java.lang.InterruptedException: sleep interrupted
2019-10-23 12:13:24,721 [grpc-default-executor-4] INFO  impl.RoleInfo (RoleInfo.java:updateAndGet(143)) - 02863277-f564-4bc6-8337-fb22627f6f1a: start FollowerState
2019-10-23 12:13:24,721 [grpc-default-executor-3] INFO  impl.RoleInfo (RoleInfo.java:updateAndGet(143)) - 3b749b59-de2a-419b-9a26-261692f5c83c: start FollowerState
2019-10-23 12:13:24,721 [Thread-798] INFO  impl.FollowerState (FollowerState.java:run(117)) - 3b749b59-de2a-419b-9a26-261692f5c83c@group-24C785E9A0FC-FollowerState was interrupted: java.lang.InterruptedException: sleep interrupted
2019-10-23 12:13:24,733 [ad4d83c7-0f96-47bc-a4e8-7e5d9f844896@group-24C785E9A0FC-LeaderElection64] INFO  impl.LeaderElection (LeaderElection.java:logAndReturn(56)) - ad4d83c7-0f96-47bc-a4e8-7e5d9f844896@group-24C785E9A0FC-LeaderElection64: Election REJECTED; received 2 response(s) [ad4d83c7-0f96-47bc-a4e8-7e5d9f844896<-3b749b59-de2a-419b-9a26-261692f5c83c#0:FAIL-t52, ad4d83c7-0f96-47bc-a4e8-7e5d9f844896<-02863277-f564-4bc6-8337-fb22627f6f1a#0:FAIL-t52] and 0 exception(s); ad4d83c7-0f96-47bc-a4e8-7e5d9f844896@group-24C785E9A0FC:t52, leader=null, voted=ad4d83c7-0f96-47bc-a4e8-7e5d9f844896, raftlog=ad4d83c7-0f96-47bc-a4e8-7e5d9f844896@group-24C785E9A0FC-SegmentedRaftLog:OPENED:c-1,f-1,i0, conf=-1: [3b749b59-de2a-419b-9a26-261692f5c83c:192.168.69.118:39205, ad4d83c7-0f96-47bc-a4e8-7e5d9f844896:192.168.69.118:41688, 02863277-f564-4bc6-8337-fb22627f6f1a:192.168.69.118:36850], old=null
2019-10-23 12:13:24,734 [ad4d83c7-0f96-47bc-a4e8-7e5d9f844896@group-24C785E9A0FC-LeaderElection64] INFO  impl.RaftServerImpl (RaftServerImpl.java:setRole(184)) - ad4d83c7-0f96-47bc-a4e8-7e5d9f844896@group-24C785E9A0FC: changes role from CANDIDATE to FOLLOWER at term 52 for DISCOVERED_A_NEW_TERM
2019-10-23 12:13:24,734 [ad4d83c7-0f96-47bc-a4e8-7e5d9f844896@group-24C785E9A0FC-LeaderElection64] INFO  impl.RoleInfo (RoleInfo.java:shutdownLeaderElection(134)) - ad4d83c7-0f96-47bc-a4e8-7e5d9f844896: shutdown LeaderElection
2019-10-23 12:13:24,734 [ad4d83c7-0f96-47bc-a4e8-7e5d9f844896@group-24C785E9A0FC-LeaderElection64] INFO  impl.RoleInfo (RoleInfo.java:updateAndGet(143)) - ad4d83c7-0f96-47bc-a4e8-7e5d9f844896: start FollowerState
2019-10-23 12:13:24,908 [Thread-805] INFO  impl.FollowerState (FollowerState.java:run(108)) - ad4d83c7-0f96-47bc-a4e8-7e5d9f844896@group-24C785E9A0FC-FollowerState: change to CANDIDATE, lastRpcTime:174ms, electionTimeout:174ms
2019-10-23 12:13:24,909 [Thread-805] INFO  impl.RoleInfo (RoleInfo.java:shutdownFollowerState(121)) - ad4d83c7-0f96-47bc-a4e8-7e5d9f844896: shutdown FollowerState
2019-10-23 12:13:24,909 [Thread-805] INFO  impl.RaftServerImpl (RaftServerImpl.java:setRole(184)) - ad4d83c7-0f96-47bc-a4e8-7e5d9f844896@group-24C785E9A0FC: changes role from  FOLLOWER to CANDIDATE at term 52 for changeToCandidate
2019-10-23 12:13:24,909 [Thread-805] INFO  impl.RoleInfo (RoleInfo.java:updateAndGet(143)) - ad4d83c7-0f96-47bc-a4e8-7e5d9f844896: start LeaderElection
2019-10-23 12:13:24,923 [ad4d83c7-0f96-47bc-a4e8-7e5d9f844896@group-24C785E9A0FC-LeaderElection65] INFO  impl.LeaderElection (LeaderElection.java:askForVotes(178)) - ad4d83c7-0f96-47bc-a4e8-7e5d9f844896@group-24C785E9A0FC-LeaderElection65: begin an election at term 53 for -1: [3b749b59-de2a-419b-9a26-261692f5c83c:192.168.69.118:39205, ad4d83c7-0f96-47bc-a4e8-7e5d9f844896:192.168.69.118:41688, 02863277-f564-4bc6-8337-fb22627f6f1a:192.168.69.118:36850], old=null
2019-10-23 12:13:24,925 [grpc-default-executor-4] INFO  impl.RaftServerImpl (RaftServerImpl.java:setRole(184)) - 02863277-f564-4bc6-8337-fb22627f6f1a@group-24C785E9A0FC: changes role from  FOLLOWER to FOLLOWER at term 53 for recognizeCandidate:ad4d83c7-0f96-47bc-a4e8-7e5d9f844896
2019-10-23 12:13:24,925 [grpc-default-executor-3] INFO  impl.RaftServerImpl (RaftServerImpl.java:setRole(184)) - 3b749b59-de2a-419b-9a26-261692f5c83c@group-24C785E9A0FC: changes role from  FOLLOWER to FOLLOWER at term 53 for recognizeCandidate:ad4d83c7-0f96-47bc-a4e8-7e5d9f844896
2019-10-23 12:13:24,925 [grpc-default-executor-4] INFO  impl.RoleInfo (RoleInfo.java:shutdownFollowerState(121)) - 02863277-f564-4bc6-8337-fb22627f6f1a: shutdown FollowerState
2019-10-23 12:13:24,925 [grpc-default-executor-3] INFO  impl.RoleInfo (RoleInfo.java:shutdownFollowerState(121)) - 3b749b59-de2a-419b-9a26-261692f5c83c: shutdown FollowerState
2019-10-23 12:13:24,925 [Thread-803] INFO  impl.FollowerState (FollowerState.java:run(117)) - 02863277-f564-4bc6-8337-fb22627f6f1a@group-24C785E9A0FC-FollowerState was interrupted: java.lang.InterruptedException: sleep interrupted
2019-10-23 12:13:24,925 [grpc-default-executor-4] INFO  impl.RoleInfo (RoleInfo.java:updateAndGet(143)) - 02863277-f564-4bc6-8337-fb22627f6f1a: start FollowerState
2019-10-23 12:13:24,925 [Thread-804] INFO  impl.FollowerState (FollowerState.java:run(117)) - 3b749b59-de2a-419b-9a26-261692f5c83c@group-24C785E9A0FC-FollowerState was interrupted: java.lang.InterruptedException: sleep interrupted
2019-10-23 12:13:24,925 [grpc-default-executor-3] INFO  impl.RoleInfo (RoleInfo.java:updateAndGet(143)) - 3b749b59-de2a-419b-9a26-261692f5c83c: start FollowerState
2019-10-23 12:13:24,930 [ad4d83c7-0f96-47bc-a4e8-7e5d9f844896@group-24C785E9A0FC-LeaderElection65] INFO  impl.LeaderElection (LeaderElection.java:logAndReturn(56)) - ad4d83c7-0f96-47bc-a4e8-7e5d9f844896@group-24C785E9A0FC-LeaderElection65: Election REJECTED; received 2 response(s) [ad4d83c7-0f96-47bc-a4e8-7e5d9f844896<-3b749b59-de2a-419b-9a26-261692f5c83c#0:FAIL-t53, ad4d83c7-0f96-47bc-a4e8-7e5d9f844896<-02863277-f564-4bc6-8337-fb22627f6f1a#0:FAIL-t53] and 0 exception(s); ad4d83c7-0f96-47bc-a4e8-7e5d9f844896@group-24C785E9A0FC:t53, leader=null, voted=ad4d83c7-0f96-47bc-a4e8-7e5d9f844896, raftlog=ad4d83c7-0f96-47bc-a4e8-7e5d9f844896@group-24C785E9A0FC-SegmentedRaftLog:OPENED:c-1,f-1,i0, conf=-1: [3b749b59-de2a-419b-9a26-261692f5c83c:192.168.69.118:39205, ad4d83c7-0f96-47bc-a4e8-7e5d9f844896:192.168.69.118:41688, 02863277-f564-4bc6-8337-fb22627f6f1a:192.168.69.118:36850], old=null
2019-10-23 12:13:24,930 [ad4d83c7-0f96-47bc-a4e8-7e5d9f844896@group-24C785E9A0FC-LeaderElection65] INFO  impl.RaftServerImpl (RaftServerImpl.java:setRole(184)) - ad4d83c7-0f96-47bc-a4e8-7e5d9f844896@group-24C785E9A0FC: changes role from CANDIDATE to FOLLOWER at term 53 for DISCOVERED_A_NEW_TERM
2019-10-23 12:13:24,930 [ad4d83c7-0f96-47bc-a4e8-7e5d9f844896@group-24C785E9A0FC-LeaderElection65] INFO  impl.RoleInfo (RoleInfo.java:shutdownLeaderElection(134)) - ad4d83c7-0f96-47bc-a4e8-7e5d9f844896: shutdown LeaderElection
2019-10-23 12:13:24,930 [ad4d83c7-0f96-47bc-a4e8-7e5d9f844896@group-24C785E9A0FC-LeaderElection65] INFO  impl.RoleInfo (RoleInfo.java:updateAndGet(143)) - ad4d83c7-0f96-47bc-a4e8-7e5d9f844896: start FollowerState
2019-10-23 12:13:24,948 [Thread-815] INFO  impl.FollowerState (FollowerState.java:run(108)) - ad4d83c7-0f96-47bc-a4e8-7e5d9f844896@group-24C785E9A0FC-FollowerState: change to CANDIDATE, lastRpcTime:18ms, electionTimeout:18ms
2019-10-23 12:13:24,948 [Thread-815] INFO  impl.RoleInfo (RoleInfo.java:shutdownFollowerState(121)) - ad4d83c7-0f96-47bc-a4e8-7e5d9f844896: shutdown FollowerState
2019-10-23 12:13:24,949 [Thread-815] INFO  impl.RaftServerImpl (RaftServerImpl.java:setRole(184)) - ad4d83c7-0f96-47bc-a4e8-7e5d9f844896@group-24C785E9A0FC: changes role from  FOLLOWER to CANDIDATE at term 53 for changeToCandidate
2019-10-23 12:13:24,949 [Thread-815] INFO  impl.RoleInfo (RoleInfo.java:updateAndGet(143)) - ad4d83c7-0f96-47bc-a4e8-7e5d9f844896: start LeaderElection
2019-10-23 12:13:24,961 [ad4d83c7-0f96-47bc-a4e8-7e5d9f844896@group-24C785E9A0FC-LeaderElection66] INFO  impl.LeaderElection (LeaderElection.java:askForVotes(178)) - ad4d83c7-0f96-47bc-a4e8-7e5d9f844896@group-24C785E9A0FC-LeaderElection66: begin an election at term 54 for -1: [3b749b59-de2a-419b-9a26-261692f5c83c:192.168.69.118:39205, ad4d83c7-0f96-47bc-a4e8-7e5d9f844896:192.168.69.118:41688, 02863277-f564-4bc6-8337-fb22627f6f1a:192.168.69.118:36850], old=null
2019-10-23 12:13:24,962 [grpc-default-executor-4] INFO  impl.RaftServerImpl (RaftServerImpl.java:setRole(184)) - 3b749b59-de2a-419b-9a26-261692f5c83c@group-24C785E9A0FC: changes role from  FOLLOWER to FOLLOWER at term 54 for recognizeCandidate:ad4d83c7-0f96-47bc-a4e8-7e5d9f844896
2019-10-23 12:13:24,962 [grpc-default-executor-3] INFO  impl.RaftServerImpl (RaftServerImpl.java:setRole(184)) - 02863277-f564-4bc6-8337-fb22627f6f1a@group-24C785E9A0FC: changes role from  FOLLOWER to FOLLOWER at term 54 for recognizeCandidate:ad4d83c7-0f96-47bc-a4e8-7e5d9f844896
2019-10-23 12:13:24,963 [grpc-default-executor-4] INFO  impl.RoleInfo (RoleInfo.java:shutdownFollowerState(121)) - 3b749b59-de2a-419b-9a26-261692f5c83c: shutdown FollowerState
2019-10-23 12:13:24,963 [grpc-default-executor-3] INFO  impl.RoleInfo (RoleInfo.java:shutdownFollowerState(121)) - 02863277-f564-4bc6-8337-fb22627f6f1a: shutdown FollowerState
2019-10-23 12:13:24,963 [Thread-814] INFO  impl.FollowerState (FollowerState.java:run(117)) - 3b749b59-de2a-419b-9a26-261692f5c83c@group-24C785E9A0FC-FollowerState was interrupted: java.lang.InterruptedException: sleep interrupted
2019-10-23 12:13:24,963 [grpc-default-executor-4] INFO  impl.RoleInfo (RoleInfo.java:updateAndGet(143)) - 3b749b59-de2a-419b-9a26-261692f5c83c: start FollowerState
2019-10-23 12:13:24,963 [Thread-813] INFO  impl.FollowerState (FollowerState.java:run(117)) - 02863277-f564-4bc6-8337-fb22627f6f1a@group-24C785E9A0FC-FollowerState was interrupted: java.lang.InterruptedException: sleep interrupted
2019-10-23 12:13:24,963 [grpc-default-executor-3] INFO  impl.RoleInfo (RoleInfo.java:updateAndGet(143)) - 02863277-f564-4bc6-8337-fb22627f6f1a: start FollowerState
2019-10-23 12:13:24,963 [ad4d83c7-0f96-47bc-a4e8-7e5d9f844896@group-24C785E9A0FC-LeaderElection66] INFO  impl.LeaderElection (LeaderElection.java:logAndReturn(56)) - ad4d83c7-0f96-47bc-a4e8-7e5d9f844896@group-24C785E9A0FC-LeaderElection66: Election TIMEOUT; received 0 response(s) [] and 0 exception(s); ad4d83c7-0f96-47bc-a4e8-7e5d9f844896@group-24C785E9A0FC:t54, leader=null, voted=ad4d83c7-0f96-47bc-a4e8-7e5d9f844896, raftlog=ad4d83c7-0f96-47bc-a4e8-7e5d9f844896@group-24C785E9A0FC-SegmentedRaftLog:OPENED:c-1,f-1,i0, conf=-1: [3b749b59-de2a-419b-9a26-261692f5c83c:192.168.69.118:39205, ad4d83c7-0f96-47bc-a4e8-7e5d9f844896:192.168.69.118:41688, 02863277-f564-4bc6-8337-fb22627f6f1a:192.168.69.118:36850], old=null
2019-10-23 12:13:24,969 [ad4d83c7-0f96-47bc-a4e8-7e5d9f844896@group-24C785E9A0FC-LeaderElection66] INFO  impl.LeaderElection (LeaderElection.java:askForVotes(178)) - ad4d83c7-0f96-47bc-a4e8-7e5d9f844896@group-24C785E9A0FC-LeaderElection66: begin an election at term 55 for -1: [3b749b59-de2a-419b-9a26-261692f5c83c:192.168.69.118:39205, ad4d83c7-0f96-47bc-a4e8-7e5d9f844896:192.168.69.118:41688, 02863277-f564-4bc6-8337-fb22627f6f1a:192.168.69.118:36850], old=null
2019-10-23 12:13:24,974 [grpc-default-executor-4] INFO  impl.RaftServerImpl (RaftServerImpl.java:setRole(184)) - 02863277-f564-4bc6-8337-fb22627f6f1a@group-24C785E9A0FC: changes role from  FOLLOWER to FOLLOWER at term 55 for recognizeCandidate:ad4d83c7-0f96-47bc-a4e8-7e5d9f844896
2019-10-23 12:13:24,974 [grpc-default-executor-3] INFO  impl.RaftServerImpl (RaftServerImpl.java:setRole(184)) - 3b749b59-de2a-419b-9a26-261692f5c83c@group-24C785E9A0FC: changes role from  FOLLOWER to FOLLOWER at term 55 for recognizeCandidate:ad4d83c7-0f96-47bc-a4e8-7e5d9f844896
2019-10-23 12:13:24,974 [grpc-default-executor-4] INFO  impl.RoleInfo (RoleInfo.java:shutdownFollowerState(121)) - 02863277-f564-4bc6-8337-fb22627f6f1a: shutdown FollowerState
2019-10-23 12:13:24,974 [grpc-default-executor-3] INFO  impl.RoleInfo (RoleInfo.java:shutdownFollowerState(121)) - 3b749b59-de2a-419b-9a26-261692f5c83c: shutdown FollowerState
2019-10-23 12:13:24,974 [Thread-822] INFO  impl.FollowerState (FollowerState.java:run(117)) - 02863277-f564-4bc6-8337-fb22627f6f1a@group-24C785E9A0FC-FollowerState was interrupted: java.lang.InterruptedException: sleep interrupted
2019-10-23 12:13:24,974 [grpc-default-executor-4] INFO  impl.RoleInfo (RoleInfo.java:updateAndGet(143)) - 02863277-f564-4bc6-8337-fb22627f6f1a: start FollowerState
2019-10-23 12:13:24,974 [Thread-821] INFO  impl.FollowerState (FollowerState.java:run(117)) - 3b749b59-de2a-419b-9a26-261692f5c83c@group-24C785E9A0FC-FollowerState was interrupted: java.lang.InterruptedException: sleep interrupted
2019-10-23 12:13:24,974 [grpc-default-executor-3] INFO  impl.RoleInfo (RoleInfo.java:updateAndGet(143)) - 3b749b59-de2a-419b-9a26-261692f5c83c: start FollowerState
2019-10-23 12:13:24,981 [ad4d83c7-0f96-47bc-a4e8-7e5d9f844896@group-24C785E9A0FC-LeaderElection66] INFO  impl.LeaderElection (LeaderElection.java:logAndReturn(56)) - ad4d83c7-0f96-47bc-a4e8-7e5d9f844896@group-24C785E9A0FC-LeaderElection66: Election REJECTED; received 2 response(s) [ad4d83c7-0f96-47bc-a4e8-7e5d9f844896<-3b749b59-de2a-419b-9a26-261692f5c83c#0:FAIL-t55, ad4d83c7-0f96-47bc-a4e8-7e5d9f844896<-02863277-f564-4bc6-8337-fb22627f6f1a#0:FAIL-t55] and 0 exception(s); ad4d83c7-0f96-47bc-a4e8-7e5d9f844896@group-24C785E9A0FC:t55, leader=null, voted=ad4d83c7-0f96-47bc-a4e8-7e5d9f844896, raftlog=ad4d83c7-0f96-47bc-a4e8-7e5d9f844896@group-24C785E9A0FC-SegmentedRaftLog:OPENED:c-1,f-1,i0, conf=-1: [3b749b59-de2a-419b-9a26-261692f5c83c:192.168.69.118:39205, ad4d83c7-0f96-47bc-a4e8-7e5d9f844896:192.168.69.118:41688, 02863277-f564-4bc6-8337-fb22627f6f1a:192.168.69.118:36850], old=null
2019-10-23 12:13:24,982 [ad4d83c7-0f96-47bc-a4e8-7e5d9f844896@group-24C785E9A0FC-LeaderElection66] INFO  impl.RaftServerImpl (RaftServerImpl.java:setRole(184)) - ad4d83c7-0f96-47bc-a4e8-7e5d9f844896@group-24C785E9A0FC: changes role from CANDIDATE to FOLLOWER at term 55 for DISCOVERED_A_NEW_TERM
2019-10-23 12:13:24,982 [ad4d83c7-0f96-47bc-a4e8-7e5d9f844896@group-24C785E9A0FC-LeaderElection66] INFO  impl.RoleInfo (RoleInfo.java:shutdownLeaderElection(134)) - ad4d83c7-0f96-47bc-a4e8-7e5d9f844896: shutdown LeaderElection
2019-10-23 12:13:24,982 [ad4d83c7-0f96-47bc-a4e8-7e5d9f844896@group-24C785E9A0FC-LeaderElection66] INFO  impl.RoleInfo (RoleInfo.java:updateAndGet(143)) - ad4d83c7-0f96-47bc-a4e8-7e5d9f844896: start FollowerState
2019-10-23 12:13:25,129 [Thread-827] INFO  impl.FollowerState (FollowerState.java:run(108)) - ad4d83c7-0f96-47bc-a4e8-7e5d9f844896@group-24C785E9A0FC-FollowerState: change to CANDIDATE, lastRpcTime:147ms, electionTimeout:147ms
2019-10-23 12:13:25,129 [Thread-827] INFO  impl.RoleInfo (RoleInfo.java:shutdownFollowerState(121)) - ad4d83c7-0f96-47bc-a4e8-7e5d9f844896: shutdown FollowerState
2019-10-23 12:13:25,130 [Thread-827] INFO  impl.RaftServerImpl (RaftServerImpl.java:setRole(184)) - ad4d83c7-0f96-47bc-a4e8-7e5d9f844896@group-24C785E9A0FC: changes role from  FOLLOWER to CANDIDATE at term 55 for changeToCandidate
2019-10-23 12:13:25,130 [Thread-827] INFO  impl.RoleInfo (RoleInfo.java:updateAndGet(143)) - ad4d83c7-0f96-47bc-a4e8-7e5d9f844896: start LeaderElection
2019-10-23 12:13:25,137 [ad4d83c7-0f96-47bc-a4e8-7e5d9f844896@group-24C785E9A0FC-LeaderElection67] INFO  impl.LeaderElection (LeaderElection.java:askForVotes(178)) - ad4d83c7-0f96-47bc-a4e8-7e5d9f844896@group-24C785E9A0FC-LeaderElection67: begin an election at term 56 for -1: [3b749b59-de2a-419b-9a26-261692f5c83c:192.168.69.118:39205, ad4d83c7-0f96-47bc-a4e8-7e5d9f844896:192.168.69.118:41688, 02863277-f564-4bc6-8337-fb22627f6f1a:192.168.69.118:36850], old=null
2019-10-23 12:13:25,139 [grpc-default-executor-3] INFO  impl.RaftServerImpl (RaftServerImpl.java:setRole(184)) - 02863277-f564-4bc6-8337-fb22627f6f1a@group-24C785E9A0FC: changes role from  FOLLOWER to FOLLOWER at term 56 for recognizeCandidate:ad4d83c7-0f96-47bc-a4e8-7e5d9f844896
2019-10-23 12:13:25,139 [grpc-default-executor-4] INFO  impl.RaftServerImpl (RaftServerImpl.java:setRole(184)) - 3b749b59-de2a-419b-9a26-261692f5c83c@group-24C785E9A0FC: changes role from  FOLLOWER to FOLLOWER at term 56 for recognizeCandidate:ad4d83c7-0f96-47bc-a4e8-7e5d9f844896
2019-10-23 12:13:25,139 [grpc-default-executor-3] INFO  impl.RoleInfo (RoleInfo.java:shutdownFollowerState(121)) - 02863277-f564-4bc6-8337-fb22627f6f1a: shutdown FollowerState
2019-10-23 12:13:25,139 [grpc-default-executor-4] INFO  impl.RoleInfo (RoleInfo.java:shutdownFollowerState(121)) - 3b749b59-de2a-419b-9a26-261692f5c83c: shutdown FollowerState
2019-10-23 12:13:25,140 [Thread-825] INFO  impl.FollowerState (FollowerState.java:run(117)) - 02863277-f564-4bc6-8337-fb22627f6f1a@group-24C785E9A0FC-FollowerState was interrupted: java.lang.InterruptedException: sleep interrupted
2019-10-23 12:13:25,140 [grpc-default-executor-3] INFO  impl.RoleInfo (RoleInfo.java:updateAndGet(143)) - 02863277-f564-4bc6-8337-fb22627f6f1a: start FollowerState
2019-10-23 12:13:25,140 [Thread-826] INFO  impl.FollowerState (FollowerState.java:run(117)) - 3b749b59-de2a-419b-9a26-261692f5c83c@group-24C785E9A0FC-FollowerState was interrupted: java.lang.InterruptedException: sleep interrupted
2019-10-23 12:13:25,140 [grpc-default-executor-4] INFO  impl.RoleInfo (RoleInfo.java:updateAndGet(143)) - 3b749b59-de2a-419b-9a26-261692f5c83c: start FollowerState
2019-10-23 12:13:25,153 [ad4d83c7-0f96-47bc-a4e8-7e5d9f844896@group-24C785E9A0FC-LeaderElection67] INFO  impl.LeaderElection (LeaderElection.java:logAndReturn(56)) - ad4d83c7-0f96-47bc-a4e8-7e5d9f844896@group-24C785E9A0FC-LeaderElection67: Election REJECTED; received 2 response(s) [ad4d83c7-0f96-47bc-a4e8-7e5d9f844896<-3b749b59-de2a-419b-9a26-261692f5c83c#0:FAIL-t56, ad4d83c7-0f96-47bc-a4e8-7e5d9f844896<-02863277-f564-4bc6-8337-fb22627f6f1a#0:FAIL-t56] and 0 exception(s); ad4d83c7-0f96-47bc-a4e8-7e5d9f844896@group-24C785E9A0FC:t56, leader=null, voted=ad4d83c7-0f96-47bc-a4e8-7e5d9f844896, raftlog=ad4d83c7-0f96-47bc-a4e8-7e5d9f844896@group-24C785E9A0FC-SegmentedRaftLog:OPENED:c-1,f-1,i0, conf=-1: [3b749b59-de2a-419b-9a26-261692f5c83c:192.168.69.118:39205, ad4d83c7-0f96-47bc-a4e8-7e5d9f844896:192.168.69.118:41688, 02863277-f564-4bc6-8337-fb22627f6f1a:192.168.69.118:36850], old=null
2019-10-23 12:13:25,153 [ad4d83c7-0f96-47bc-a4e8-7e5d9f844896@group-24C785E9A0FC-LeaderElection67] INFO  impl.RaftServerImpl (RaftServerImpl.java:setRole(184)) - ad4d83c7-0f96-47bc-a4e8-7e5d9f844896@group-24C785E9A0FC: changes role from CANDIDATE to FOLLOWER at term 56 for DISCOVERED_A_NEW_TERM
2019-10-23 12:13:25,153 [ad4d83c7-0f96-47bc-a4e8-7e5d9f844896@group-24C785E9A0FC-LeaderElection67] INFO  impl.RoleInfo (RoleInfo.java:shutdownLeaderElection(134)) - ad4d83c7-0f96-47bc-a4e8-7e5d9f844896: shutdown LeaderElection
2019-10-23 12:13:25,153 [ad4d83c7-0f96-47bc-a4e8-7e5d9f844896@group-24C785E9A0FC-LeaderElection67] INFO  impl.RoleInfo (RoleInfo.java:updateAndGet(143)) - ad4d83c7-0f96-47bc-a4e8-7e5d9f844896: start FollowerState
2019-10-23 12:13:25,160 [Thread-833] INFO  impl.FollowerState (FollowerState.java:run(108)) - ad4d83c7-0f96-47bc-a4e8-7e5d9f844896@group-24C785E9A0FC-FollowerState: change to CANDIDATE, lastRpcTime:6ms, electionTimeout:6ms
2019-10-23 12:13:25,160 [Thread-833] INFO  impl.RoleInfo (RoleInfo.java:shutdownFollowerState(121)) - ad4d83c7-0f96-47bc-a4e8-7e5d9f844896: shutdown FollowerState
2019-10-23 12:13:25,160 [Thread-833] INFO  impl.RaftServerImpl (RaftServerImpl.java:setRole(184)) - ad4d83c7-0f96-47bc-a4e8-7e5d9f844896@group-24C785E9A0FC: changes role from  FOLLOWER to CANDIDATE at term 56 for changeToCandidate
2019-10-23 12:13:25,160 [Thread-833] INFO  impl.RoleInfo (RoleInfo.java:updateAndGet(143)) - ad4d83c7-0f96-47bc-a4e8-7e5d9f844896: start LeaderElection
2019-10-23 12:13:25,172 [ad4d83c7-0f96-47bc-a4e8-7e5d9f844896@group-24C785E9A0FC-LeaderElection68] INFO  impl.LeaderElection (LeaderElection.java:askForVotes(178)) - ad4d83c7-0f96-47bc-a4e8-7e5d9f844896@group-24C785E9A0FC-LeaderElection68: begin an election at term 57 for -1: [3b749b59-de2a-419b-9a26-261692f5c83c:192.168.69.118:39205, ad4d83c7-0f96-47bc-a4e8-7e5d9f844896:192.168.69.118:41688, 02863277-f564-4bc6-8337-fb22627f6f1a:192.168.69.118:36850], old=null
2019-10-23 12:13:25,174 [grpc-default-executor-4] INFO  impl.RaftServerImpl (RaftServerImpl.java:setRole(184)) - 3b749b59-de2a-419b-9a26-261692f5c83c@group-24C785E9A0FC: changes role from  FOLLOWER to FOLLOWER at term 57 for recognizeCandidate:ad4d83c7-0f96-47bc-a4e8-7e5d9f844896
2019-10-23 12:13:25,174 [grpc-default-executor-3] INFO  impl.RaftServerImpl (RaftServerImpl.java:setRole(184)) - 02863277-f564-4bc6-8337-fb22627f6f1a@group-24C785E9A0FC: changes role from  FOLLOWER to FOLLOWER at term 57 for recognizeCandidate:ad4d83c7-0f96-47bc-a4e8-7e5d9f844896
2019-10-23 12:13:25,174 [grpc-default-executor-4] INFO  impl.RoleInfo (RoleInfo.java:shutdownFollowerState(121)) - 3b749b59-de2a-419b-9a26-261692f5c83c: shutdown FollowerState
2019-10-23 12:13:25,174 [grpc-default-executor-3] INFO  impl.RoleInfo (RoleInfo.java:shutdownFollowerState(121)) - 02863277-f564-4bc6-8337-fb22627f6f1a: shutdown FollowerState
2019-10-23 12:13:25,174 [Thread-832] INFO  impl.FollowerState (FollowerState.java:run(117)) - 3b749b59-de2a-419b-9a26-261692f5c83c@group-24C785E9A0FC-FollowerState was interrupted: java.lang.InterruptedException: sleep interrupted
2019-10-23 12:13:25,174 [grpc-default-executor-4] INFO  impl.RoleInfo (RoleInfo.java:updateAndGet(143)) - 3b749b59-de2a-419b-9a26-261692f5c83c: start FollowerState
2019-10-23 12:13:25,174 [Thread-831] INFO  impl.FollowerState (FollowerState.java:run(117)) - 02863277-f564-4bc6-8337-fb22627f6f1a@group-24C785E9A0FC-FollowerState was interrupted: java.lang.InterruptedException: sleep interrupted
2019-10-23 12:13:25,174 [grpc-default-executor-3] INFO  impl.RoleInfo (RoleInfo.java:updateAndGet(143)) - 02863277-f564-4bc6-8337-fb22627f6f1a: start FollowerState
2019-10-23 12:13:25,197 [ad4d83c7-0f96-47bc-a4e8-7e5d9f844896@group-24C785E9A0FC-LeaderElection68] INFO  impl.LeaderElection (LeaderElection.java:logAndReturn(56)) - ad4d83c7-0f96-47bc-a4e8-7e5d9f844896@group-24C785E9A0FC-LeaderElection68: Election REJECTED; received 2 response(s) [ad4d83c7-0f96-47bc-a4e8-7e5d9f844896<-3b749b59-de2a-419b-9a26-261692f5c83c#0:FAIL-t57, ad4d83c7-0f96-47bc-a4e8-7e5d9f844896<-02863277-f564-4bc6-8337-fb22627f6f1a#0:FAIL-t57] and 0 exception(s); ad4d83c7-0f96-47bc-a4e8-7e5d9f844896@group-24C785E9A0FC:t57, leader=null, voted=ad4d83c7-0f96-47bc-a4e8-7e5d9f844896, raftlog=ad4d83c7-0f96-47bc-a4e8-7e5d9f844896@group-24C785E9A0FC-SegmentedRaftLog:OPENED:c-1,f-1,i0, conf=-1: [3b749b59-de2a-419b-9a26-261692f5c83c:192.168.69.118:39205, ad4d83c7-0f96-47bc-a4e8-7e5d9f844896:192.168.69.118:41688, 02863277-f564-4bc6-8337-fb22627f6f1a:192.168.69.118:36850], old=null
2019-10-23 12:13:25,197 [ad4d83c7-0f96-47bc-a4e8-7e5d9f844896@group-24C785E9A0FC-LeaderElection68] INFO  impl.RaftServerImpl (RaftServerImpl.java:setRole(184)) - ad4d83c7-0f96-47bc-a4e8-7e5d9f844896@group-24C785E9A0FC: changes role from CANDIDATE to FOLLOWER at term 57 for DISCOVERED_A_NEW_TERM
2019-10-23 12:13:25,197 [ad4d83c7-0f96-47bc-a4e8-7e5d9f844896@group-24C785E9A0FC-LeaderElection68] INFO  impl.RoleInfo (RoleInfo.java:shutdownLeaderElection(134)) - ad4d83c7-0f96-47bc-a4e8-7e5d9f844896: shutdown LeaderElection
2019-10-23 12:13:25,197 [ad4d83c7-0f96-47bc-a4e8-7e5d9f844896@group-24C785E9A0FC-LeaderElection68] INFO  impl.RoleInfo (RoleInfo.java:updateAndGet(143)) - ad4d83c7-0f96-47bc-a4e8-7e5d9f844896: start FollowerState
2019-10-23 12:13:25,369 [Thread-839] INFO  impl.FollowerState (FollowerState.java:run(108)) - ad4d83c7-0f96-47bc-a4e8-7e5d9f844896@group-24C785E9A0FC-FollowerState: change to CANDIDATE, lastRpcTime:171ms, electionTimeout:171ms
2019-10-23 12:13:25,369 [Thread-839] INFO  impl.RoleInfo (RoleInfo.java:shutdownFollowerState(121)) - ad4d83c7-0f96-47bc-a4e8-7e5d9f844896: shutdown FollowerState
2019-10-23 12:13:25,369 [Thread-839] INFO  impl.RaftServerImpl (RaftServerImpl.java:setRole(184)) - ad4d83c7-0f96-47bc-a4e8-7e5d9f844896@group-24C785E9A0FC: changes role from  FOLLOWER to CANDIDATE at term 57 for changeToCandidate
2019-10-23 12:13:25,369 [Thread-839] INFO  impl.RoleInfo (RoleInfo.java:updateAndGet(143)) - ad4d83c7-0f96-47bc-a4e8-7e5d9f844896: start LeaderElection
2019-10-23 12:13:25,383 [ad4d83c7-0f96-47bc-a4e8-7e5d9f844896@group-24C785E9A0FC-LeaderElection69] INFO  impl.LeaderElection (LeaderElection.java:askForVotes(178)) - ad4d83c7-0f96-47bc-a4e8-7e5d9f844896@group-24C785E9A0FC-LeaderElection69: begin an election at term 58 for -1: [3b749b59-de2a-419b-9a26-261692f5c83c:192.168.69.118:39205, ad4d83c7-0f96-47bc-a4e8-7e5d9f844896:192.168.69.118:41688, 02863277-f564-4bc6-8337-fb22627f6f1a:192.168.69.118:36850], old=null
2019-10-23 12:13:25,387 [grpc-default-executor-4] INFO  impl.RaftServerImpl (RaftServerImpl.java:setRole(184)) - 3b749b59-de2a-419b-9a26-261692f5c83c@group-24C785E9A0FC: changes role from  FOLLOWER to FOLLOWER at term 58 for recognizeCandidate:ad4d83c7-0f96-47bc-a4e8-7e5d9f844896
2019-10-23 12:13:25,387 [grpc-default-executor-3] INFO  impl.RaftServerImpl (RaftServerImpl.java:setRole(184)) - 02863277-f564-4bc6-8337-fb22627f6f1a@group-24C785E9A0FC: changes role from  FOLLOWER to FOLLOWER at term 58 for recognizeCandidate:ad4d83c7-0f96-47bc-a4e8-7e5d9f844896
2019-10-23 12:13:25,387 [grpc-default-executor-4] INFO  impl.RoleInfo (RoleInfo.java:shutdownFollowerState(121)) - 3b749b59-de2a-419b-9a26-261692f5c83c: shutdown FollowerState
2019-10-23 12:13:25,387 [grpc-default-executor-3] INFO  impl.RoleInfo (RoleInfo.java:shutdownFollowerState(121)) - 02863277-f564-4bc6-8337-fb22627f6f1a: shutdown FollowerState
2019-10-23 12:13:25,388 [Thread-837] INFO  impl.FollowerState (FollowerState.java:run(117)) - 3b749b59-de2a-419b-9a26-261692f5c83c@group-24C785E9A0FC-FollowerState was interrupted: java.lang.InterruptedException: sleep interrupted
2019-10-23 12:13:25,388 [grpc-default-executor-4] INFO  impl.RoleInfo (RoleInfo.java:updateAndGet(143)) - 3b749b59-de2a-419b-9a26-261692f5c83c: start FollowerState
2019-10-23 12:13:25,388 [Thread-838] INFO  impl.FollowerState (FollowerState.java:run(117)) - 02863277-f564-4bc6-8337-fb22627f6f1a@group-24C785E9A0FC-FollowerState was interrupted: java.lang.InterruptedException: sleep interrupted
2019-10-23 12:13:25,388 [grpc-default-executor-3] INFO  impl.RoleInfo (RoleInfo.java:updateAndGet(143)) - 02863277-f564-4bc6-8337-fb22627f6f1a: start FollowerState
2019-10-23 12:13:25,399 [ad4d83c7-0f96-47bc-a4e8-7e5d9f844896@group-24C785E9A0FC-LeaderElection69] INFO  impl.LeaderElection (LeaderElection.java:logAndReturn(56)) - ad4d83c7-0f96-47bc-a4e8-7e5d9f844896@group-24C785E9A0FC-LeaderElection69: Election REJECTED; received 2 response(s) [ad4d83c7-0f96-47bc-a4e8-7e5d9f844896<-3b749b59-de2a-419b-9a26-261692f5c83c#0:FAIL-t58, ad4d83c7-0f96-47bc-a4e8-7e5d9f844896<-02863277-f564-4bc6-8337-fb22627f6f1a#0:FAIL-t58] and 0 exception(s); ad4d83c7-0f96-47bc-a4e8-7e5d9f844896@group-24C785E9A0FC:t58, leader=null, voted=ad4d83c7-0f96-47bc-a4e8-7e5d9f844896, raftlog=ad4d83c7-0f96-47bc-a4e8-7e5d9f844896@group-24C785E9A0FC-SegmentedRaftLog:OPENED:c-1,f-1,i0, conf=-1: [3b749b59-de2a-419b-9a26-261692f5c83c:192.168.69.118:39205, ad4d83c7-0f96-47bc-a4e8-7e5d9f844896:192.168.69.118:41688, 02863277-f564-4bc6-8337-fb22627f6f1a:192.168.69.118:36850], old=null
2019-10-23 12:13:25,399 [ad4d83c7-0f96-47bc-a4e8-7e5d9f844896@group-24C785E9A0FC-LeaderElection69] INFO  impl.RaftServerImpl (RaftServerImpl.java:setRole(184)) - ad4d83c7-0f96-47bc-a4e8-7e5d9f844896@group-24C785E9A0FC: changes role from CANDIDATE to FOLLOWER at term 58 for DISCOVERED_A_NEW_TERM
2019-10-23 12:13:25,400 [ad4d83c7-0f96-47bc-a4e8-7e5d9f844896@group-24C785E9A0FC-LeaderElection69] INFO  impl.RoleInfo (RoleInfo.java:shutdownLeaderElection(134)) - ad4d83c7-0f96-47bc-a4e8-7e5d9f844896: shutdown LeaderElection
2019-10-23 12:13:25,400 [ad4d83c7-0f96-47bc-a4e8-7e5d9f844896@group-24C785E9A0FC-LeaderElection69] INFO  impl.RoleInfo (RoleInfo.java:updateAndGet(143)) - ad4d83c7-0f96-47bc-a4e8-7e5d9f844896: start FollowerState
2019-10-23 12:13:25,564 [Thread-847] INFO  impl.FollowerState (FollowerState.java:run(108)) - ad4d83c7-0f96-47bc-a4e8-7e5d9f844896@group-24C785E9A0FC-FollowerState: change to CANDIDATE, lastRpcTime:164ms, electionTimeout:164ms
2019-10-23 12:13:25,564 [Thread-847] INFO  impl.RoleInfo (RoleInfo.java:shutdownFollowerState(121)) - ad4d83c7-0f96-47bc-a4e8-7e5d9f844896: shutdown FollowerState
2019-10-23 12:13:25,564 [Thread-847] INFO  impl.RaftServerImpl (RaftServerImpl.java:setRole(184)) - ad4d83c7-0f96-47bc-a4e8-7e5d9f844896@group-24C785E9A0FC: changes role from  FOLLOWER to CANDIDATE at term 58 for changeToCandidate
2019-10-23 12:13:25,565 [Thread-847] INFO  impl.RoleInfo (RoleInfo.java:updateAndGet(143)) - ad4d83c7-0f96-47bc-a4e8-7e5d9f844896: start LeaderElection
2019-10-23 12:13:25,584 [ad4d83c7-0f96-47bc-a4e8-7e5d9f844896@group-24C785E9A0FC-LeaderElection70] INFO  impl.LeaderElection (LeaderElection.java:askForVotes(178)) - ad4d83c7-0f96-47bc-a4e8-7e5d9f844896@group-24C785E9A0FC-LeaderElection70: begin an election at term 59 for -1: [3b749b59-de2a-419b-9a26-261692f5c83c:192.168.69.118:39205, ad4d83c7-0f96-47bc-a4e8-7e5d9f844896:192.168.69.118:41688, 02863277-f564-4bc6-8337-fb22627f6f1a:192.168.69.118:36850], old=null
2019-10-23 12:13:25,586 [grpc-default-executor-3] INFO  impl.RaftServerImpl (RaftServerImpl.java:setRole(184)) - 3b749b59-de2a-419b-9a26-261692f5c83c@group-24C785E9A0FC: changes role from  FOLLOWER to FOLLOWER at term 59 for recognizeCandidate:ad4d83c7-0f96-47bc-a4e8-7e5d9f844896
2019-10-23 12:13:25,587 [grpc-default-executor-3] INFO  impl.RoleInfo (RoleInfo.java:shutdownFollowerState(121)) - 3b749b59-de2a-419b-9a26-261692f5c83c: shutdown FollowerState
2019-10-23 12:13:25,587 [grpc-default-executor-3] INFO  impl.RoleInfo (RoleInfo.java:updateAndGet(143)) - 3b749b59-de2a-419b-9a26-261692f5c83c: start FollowerState
2019-10-23 12:13:25,587 [grpc-default-executor-4] INFO  impl.RaftServerImpl (RaftServerImpl.java:setRole(184)) - 02863277-f564-4bc6-8337-fb22627f6f1a@group-24C785E9A0FC: changes role from  FOLLOWER to FOLLOWER at term 59 for recognizeCandidate:ad4d83c7-0f96-47bc-a4e8-7e5d9f844896
2019-10-23 12:13:25,587 [Thread-845] INFO  impl.FollowerState (FollowerState.java:run(117)) - 3b749b59-de2a-419b-9a26-261692f5c83c@group-24C785E9A0FC-FollowerState was interrupted: java.lang.InterruptedException: sleep interrupted
2019-10-23 12:13:25,587 [grpc-default-executor-4] INFO  impl.RoleInfo (RoleInfo.java:shutdownFollowerState(121)) - 02863277-f564-4bc6-8337-fb22627f6f1a: shutdown FollowerState
2019-10-23 12:13:25,588 [grpc-default-executor-4] INFO  impl.RoleInfo (RoleInfo.java:updateAndGet(143)) - 02863277-f564-4bc6-8337-fb22627f6f1a: start FollowerState
2019-10-23 12:13:25,588 [Thread-846] INFO  impl.FollowerState (FollowerState.java:run(117)) - 02863277-f564-4bc6-8337-fb22627f6f1a@group-24C785E9A0FC-FollowerState was interrupted: java.lang.InterruptedException: sleep interrupted
2019-10-23 12:13:25,597 [ad4d83c7-0f96-47bc-a4e8-7e5d9f844896@group-24C785E9A0FC-LeaderElection70] INFO  impl.LeaderElection (LeaderElection.java:logAndReturn(56)) - ad4d83c7-0f96-47bc-a4e8-7e5d9f844896@group-24C785E9A0FC-LeaderElection70: Election REJECTED; received 2 response(s) [ad4d83c7-0f96-47bc-a4e8-7e5d9f844896<-3b749b59-de2a-419b-9a26-261692f5c83c#0:FAIL-t59, ad4d83c7-0f96-47bc-a4e8-7e5d9f844896<-02863277-f564-4bc6-8337-fb22627f6f1a#0:FAIL-t59] and 0 exception(s); ad4d83c7-0f96-47bc-a4e8-7e5d9f844896@group-24C785E9A0FC:t59, leader=null, voted=ad4d83c7-0f96-47bc-a4e8-7e5d9f844896, raftlog=ad4d83c7-0f96-47bc-a4e8-7e5d9f844896@group-24C785E9A0FC-SegmentedRaftLog:OPENED:c-1,f-1,i0, conf=-1: [3b749b59-de2a-419b-9a26-261692f5c83c:192.168.69.118:39205, ad4d83c7-0f96-47bc-a4e8-7e5d9f844896:192.168.69.118:41688, 02863277-f564-4bc6-8337-fb22627f6f1a:192.168.69.118:36850], old=null
2019-10-23 12:13:25,597 [ad4d83c7-0f96-47bc-a4e8-7e5d9f844896@group-24C785E9A0FC-LeaderElection70] INFO  impl.RaftServerImpl (RaftServerImpl.java:setRole(184)) - ad4d83c7-0f96-47bc-a4e8-7e5d9f844896@group-24C785E9A0FC: changes role from CANDIDATE to FOLLOWER at term 59 for DISCOVERED_A_NEW_TERM
2019-10-23 12:13:25,597 [ad4d83c7-0f96-47bc-a4e8-7e5d9f844896@group-24C785E9A0FC-LeaderElection70] INFO  impl.RoleInfo (RoleInfo.java:shutdownLeaderElection(134)) - ad4d83c7-0f96-47bc-a4e8-7e5d9f844896: shutdown LeaderElection
2019-10-23 12:13:25,597 [ad4d83c7-0f96-47bc-a4e8-7e5d9f844896@group-24C785E9A0FC-LeaderElection70] INFO  impl.RoleInfo (RoleInfo.java:updateAndGet(143)) - ad4d83c7-0f96-47bc-a4e8-7e5d9f844896: start FollowerState
2019-10-23 12:13:25,669 [Thread-855] INFO  impl.FollowerState (FollowerState.java:run(108)) - ad4d83c7-0f96-47bc-a4e8-7e5d9f844896@group-24C785E9A0FC-FollowerState: change to CANDIDATE, lastRpcTime:71ms, electionTimeout:71ms
2019-10-23 12:13:25,669 [Thread-855] INFO  impl.RoleInfo (RoleInfo.java:shutdownFollowerState(121)) - ad4d83c7-0f96-47bc-a4e8-7e5d9f844896: shutdown FollowerState
2019-10-23 12:13:25,669 [Thread-855] INFO  impl.RaftServerImpl (RaftServerImpl.java:setRole(184)) - ad4d83c7-0f96-47bc-a4e8-7e5d9f844896@group-24C785E9A0FC: changes role from  FOLLOWER to CANDIDATE at term 59 for changeToCandidate
2019-10-23 12:13:25,669 [Thread-855] INFO  impl.RoleInfo (RoleInfo.java:updateAndGet(143)) - ad4d83c7-0f96-47bc-a4e8-7e5d9f844896: start LeaderElection
2019-10-23 12:13:25,694 [ad4d83c7-0f96-47bc-a4e8-7e5d9f844896@group-24C785E9A0FC-LeaderElection71] INFO  impl.LeaderElection (LeaderElection.java:askForVotes(178)) - ad4d83c7-0f96-47bc-a4e8-7e5d9f844896@group-24C785E9A0FC-LeaderElection71: begin an election at term 60 for -1: [3b749b59-de2a-419b-9a26-261692f5c83c:192.168.69.118:39205, ad4d83c7-0f96-47bc-a4e8-7e5d9f844896:192.168.69.118:41688, 02863277-f564-4bc6-8337-fb22627f6f1a:192.168.69.118:36850], old=null
2019-10-23 12:13:25,696 [grpc-default-executor-3] INFO  impl.RaftServerImpl (RaftServerImpl.java:setRole(184)) - 02863277-f564-4bc6-8337-fb22627f6f1a@group-24C785E9A0FC: changes role from  FOLLOWER to FOLLOWER at term 60 for recognizeCandidate:ad4d83c7-0f96-47bc-a4e8-7e5d9f844896
2019-10-23 12:13:25,697 [grpc-default-executor-3] INFO  impl.RoleInfo (RoleInfo.java:shutdownFollowerState(121)) - 02863277-f564-4bc6-8337-fb22627f6f1a: shutdown FollowerState
2019-10-23 12:13:25,697 [grpc-default-executor-4] INFO  impl.RaftServerImpl (RaftServerImpl.java:setRole(184)) - 3b749b59-de2a-419b-9a26-261692f5c83c@group-24C785E9A0FC: changes role from  FOLLOWER to FOLLOWER at term 60 for recognizeCandidate:ad4d83c7-0f96-47bc-a4e8-7e5d9f844896
2019-10-23 12:13:25,697 [Thread-854] INFO  impl.FollowerState (FollowerState.java:run(117)) - 02863277-f564-4bc6-8337-fb22627f6f1a@group-24C785E9A0FC-FollowerState was interrupted: java.lang.InterruptedException: sleep interrupted
2019-10-23 12:13:25,697 [grpc-default-executor-4] INFO  impl.RoleInfo (RoleInfo.java:shutdownFollowerState(121)) - 3b749b59-de2a-419b-9a26-261692f5c83c: shutdown FollowerState
2019-10-23 12:13:25,697 [grpc-default-executor-3] INFO  impl.RoleInfo (RoleInfo.java:updateAndGet(143)) - 02863277-f564-4bc6-8337-fb22627f6f1a: start FollowerState
2019-10-23 12:13:25,697 [grpc-default-executor-4] INFO  impl.RoleInfo (RoleInfo.java:updateAndGet(143)) - 3b749b59-de2a-419b-9a26-261692f5c83c: start FollowerState
2019-10-23 12:13:25,697 [Thread-853] INFO  impl.FollowerState (FollowerState.java:run(117)) - 3b749b59-de2a-419b-9a26-261692f5c83c@group-24C785E9A0FC-FollowerState was interrupted: java.lang.InterruptedException: sleep interrupted
2019-10-23 12:13:25,712 [ad4d83c7-0f96-47bc-a4e8-7e5d9f844896@group-24C785E9A0FC-LeaderElection71] INFO  impl.LeaderElection (LeaderElection.java:logAndReturn(56)) - ad4d83c7-0f96-47bc-a4e8-7e5d9f844896@group-24C785E9A0FC-LeaderElection71: Election REJECTED; received 2 response(s) [ad4d83c7-0f96-47bc-a4e8-7e5d9f844896<-3b749b59-de2a-419b-9a26-261692f5c83c#0:FAIL-t60, ad4d83c7-0f96-47bc-a4e8-7e5d9f844896<-02863277-f564-4bc6-8337-fb22627f6f1a#0:FAIL-t60] and 0 exception(s); ad4d83c7-0f96-47bc-a4e8-7e5d9f844896@group-24C785E9A0FC:t60, leader=null, voted=ad4d83c7-0f96-47bc-a4e8-7e5d9f844896, raftlog=ad4d83c7-0f96-47bc-a4e8-7e5d9f844896@group-24C785E9A0FC-SegmentedRaftLog:OPENED:c-1,f-1,i0, conf=-1: [3b749b59-de2a-419b-9a26-261692f5c83c:192.168.69.118:39205, ad4d83c7-0f96-47bc-a4e8-7e5d9f844896:192.168.69.118:41688, 02863277-f564-4bc6-8337-fb22627f6f1a:192.168.69.118:36850], old=null
2019-10-23 12:13:25,712 [ad4d83c7-0f96-47bc-a4e8-7e5d9f844896@group-24C785E9A0FC-LeaderElection71] INFO  impl.RaftServerImpl (RaftServerImpl.java:setRole(184)) - ad4d83c7-0f96-47bc-a4e8-7e5d9f844896@group-24C785E9A0FC: changes role from CANDIDATE to FOLLOWER at term 60 for DISCOVERED_A_NEW_TERM
2019-10-23 12:13:25,712 [ad4d83c7-0f96-47bc-a4e8-7e5d9f844896@group-24C785E9A0FC-LeaderElection71] INFO  impl.RoleInfo (RoleInfo.java:shutdownLeaderElection(134)) - ad4d83c7-0f96-47bc-a4e8-7e5d9f844896: shutdown LeaderElection
2019-10-23 12:13:25,712 [ad4d83c7-0f96-47bc-a4e8-7e5d9f844896@group-24C785E9A0FC-LeaderElection71] INFO  impl.RoleInfo (RoleInfo.java:updateAndGet(143)) - ad4d83c7-0f96-47bc-a4e8-7e5d9f844896: start FollowerState
2019-10-23 12:13:25,858 [Thread-861] INFO  impl.FollowerState (FollowerState.java:run(108)) - ad4d83c7-0f96-47bc-a4e8-7e5d9f844896@group-24C785E9A0FC-FollowerState: change to CANDIDATE, lastRpcTime:146ms, electionTimeout:146ms
2019-10-23 12:13:25,859 [Thread-861] INFO  impl.RoleInfo (RoleInfo.java:shutdownFollowerState(121)) - ad4d83c7-0f96-47bc-a4e8-7e5d9f844896: shutdown FollowerState
2019-10-23 12:13:25,859 [Thread-861] INFO  impl.RaftServerImpl (RaftServerImpl.java:setRole(184)) - ad4d83c7-0f96-47bc-a4e8-7e5d9f844896@group-24C785E9A0FC: changes role from  FOLLOWER to CANDIDATE at term 60 for changeToCandidate
2019-10-23 12:13:25,859 [Thread-861] INFO  impl.RoleInfo (RoleInfo.java:updateAndGet(143)) - ad4d83c7-0f96-47bc-a4e8-7e5d9f844896: start LeaderElection
2019-10-23 12:13:25,873 [ad4d83c7-0f96-47bc-a4e8-7e5d9f844896@group-24C785E9A0FC-LeaderElection72] INFO  impl.LeaderElection (LeaderElection.java:askForVotes(178)) - ad4d83c7-0f96-47bc-a4e8-7e5d9f844896@group-24C785E9A0FC-LeaderElection72: begin an election at term 61 for -1: [3b749b59-de2a-419b-9a26-261692f5c83c:192.168.69.118:39205, ad4d83c7-0f96-47bc-a4e8-7e5d9f844896:192.168.69.118:41688, 02863277-f564-4bc6-8337-fb22627f6f1a:192.168.69.118:36850], old=null
2019-10-23 12:13:25,875 [grpc-default-executor-3] INFO  impl.RaftServerImpl (RaftServerImpl.java:setRole(184)) - 02863277-f564-4bc6-8337-fb22627f6f1a@group-24C785E9A0FC: changes role from  FOLLOWER to FOLLOWER at term 61 for recognizeCandidate:ad4d83c7-0f96-47bc-a4e8-7e5d9f844896
2019-10-23 12:13:25,875 [grpc-default-executor-4] INFO  impl.RaftServerImpl (RaftServerImpl.java:setRole(184)) - 3b749b59-de2a-419b-9a26-261692f5c83c@group-24C785E9A0FC: changes role from  FOLLOWER to FOLLOWER at term 61 for recognizeCandidate:ad4d83c7-0f96-47bc-a4e8-7e5d9f844896
2019-10-23 12:13:25,876 [grpc-default-executor-3] INFO  impl.RoleInfo (RoleInfo.java:shutdownFollowerState(121)) - 02863277-f564-4bc6-8337-fb22627f6f1a: shutdown FollowerState
2019-10-23 12:13:25,876 [grpc-default-executor-4] INFO  impl.RoleInfo (RoleInfo.java:shutdownFollowerState(121)) - 3b749b59-de2a-419b-9a26-261692f5c83c: shutdown FollowerState
2019-10-23 12:13:25,876 [Thread-859] INFO  impl.FollowerState (FollowerState.java:run(117)) - 02863277-f564-4bc6-8337-fb22627f6f1a@group-24C785E9A0FC-FollowerState was interrupted: java.lang.InterruptedException: sleep interrupted
2019-10-23 12:13:25,876 [grpc-default-executor-3] INFO  impl.RoleInfo (RoleInfo.java:updateAndGet(143)) - 02863277-f564-4bc6-8337-fb22627f6f1a: start FollowerState
2019-10-23 12:13:25,876 [grpc-default-executor-4] INFO  impl.RoleInfo (RoleInfo.java:updateAndGet(143)) - 3b749b59-de2a-419b-9a26-261692f5c83c: start FollowerState
2019-10-23 12:13:25,876 [Thread-860] INFO  impl.FollowerState (FollowerState.java:run(117)) - 3b749b59-de2a-419b-9a26-261692f5c83c@group-24C785E9A0FC-FollowerState was interrupted: java.lang.InterruptedException: sleep interrupted
2019-10-23 12:13:25,896 [ad4d83c7-0f96-47bc-a4e8-7e5d9f844896@group-24C785E9A0FC-LeaderElection72] INFO  impl.LeaderElection (LeaderElection.java:logAndReturn(56)) - ad4d83c7-0f96-47bc-a4e8-7e5d9f844896@group-24C785E9A0FC-LeaderElection72: Election REJECTED; received 2 response(s) [ad4d83c7-0f96-47bc-a4e8-7e5d9f844896<-3b749b59-de2a-419b-9a26-261692f5c83c#0:FAIL-t61, ad4d83c7-0f96-47bc-a4e8-7e5d9f844896<-02863277-f564-4bc6-8337-fb22627f6f1a#0:FAIL-t61] and 0 exception(s); ad4d83c7-0f96-47bc-a4e8-7e5d9f844896@group-24C785E9A0FC:t61, leader=null, voted=ad4d83c7-0f96-47bc-a4e8-7e5d9f844896, raftlog=ad4d83c7-0f96-47bc-a4e8-7e5d9f844896@group-24C785E9A0FC-SegmentedRaftLog:OPENED:c-1,f-1,i0, conf=-1: [3b749b59-de2a-419b-9a26-261692f5c83c:192.168.69.118:39205, ad4d83c7-0f96-47bc-a4e8-7e5d9f844896:192.168.69.118:41688, 02863277-f564-4bc6-8337-fb22627f6f1a:192.168.69.118:36850], old=null
2019-10-23 12:13:25,896 [ad4d83c7-0f96-47bc-a4e8-7e5d9f844896@group-24C785E9A0FC-LeaderElection72] INFO  impl.RaftServerImpl (RaftServerImpl.java:setRole(184)) - ad4d83c7-0f96-47bc-a4e8-7e5d9f844896@group-24C785E9A0FC: changes role from CANDIDATE to FOLLOWER at term 61 for DISCOVERED_A_NEW_TERM
2019-10-23 12:13:25,896 [ad4d83c7-0f96-47bc-a4e8-7e5d9f844896@group-24C785E9A0FC-LeaderElection72] INFO  impl.RoleInfo (RoleInfo.java:shutdownLeaderElection(134)) - ad4d83c7-0f96-47bc-a4e8-7e5d9f844896: shutdown LeaderElection
2019-10-23 12:13:25,896 [ad4d83c7-0f96-47bc-a4e8-7e5d9f844896@group-24C785E9A0FC-LeaderElection72] INFO  impl.RoleInfo (RoleInfo.java:updateAndGet(143)) - ad4d83c7-0f96-47bc-a4e8-7e5d9f844896: start FollowerState
2019-10-23 12:13:26,078 [Thread-869] INFO  impl.FollowerState (FollowerState.java:run(108)) - ad4d83c7-0f96-47bc-a4e8-7e5d9f844896@group-24C785E9A0FC-FollowerState: change to CANDIDATE, lastRpcTime:181ms, electionTimeout:181ms
2019-10-23 12:13:26,078 [Thread-869] INFO  impl.RoleInfo (RoleInfo.java:shutdownFollowerState(121)) - ad4d83c7-0f96-47bc-a4e8-7e5d9f844896: shutdown FollowerState
2019-10-23 12:13:26,078 [Thread-869] INFO  impl.RaftServerImpl (RaftServerImpl.java:setRole(184)) - ad4d83c7-0f96-47bc-a4e8-7e5d9f844896@group-24C785E9A0FC: changes role from  FOLLOWER to CANDIDATE at term 61 for changeToCandidate
2019-10-23 12:13:26,078 [Thread-869] INFO  impl.RoleInfo (RoleInfo.java:updateAndGet(143)) - ad4d83c7-0f96-47bc-a4e8-7e5d9f844896: start LeaderElection
2019-10-23 12:13:26,092 [ad4d83c7-0f96-47bc-a4e8-7e5d9f844896@group-24C785E9A0FC-LeaderElection73] INFO  impl.LeaderElection (LeaderElection.java:askForVotes(178)) - ad4d83c7-0f96-47bc-a4e8-7e5d9f844896@group-24C785E9A0FC-LeaderElection73: begin an election at term 62 for -1: [3b749b59-de2a-419b-9a26-261692f5c83c:192.168.69.118:39205, ad4d83c7-0f96-47bc-a4e8-7e5d9f844896:192.168.69.118:41688, 02863277-f564-4bc6-8337-fb22627f6f1a:192.168.69.118:36850], old=null
2019-10-23 12:13:26,095 [grpc-default-executor-4] INFO  impl.RaftServerImpl (RaftServerImpl.java:setRole(184)) - 02863277-f564-4bc6-8337-fb22627f6f1a@group-24C785E9A0FC: changes role from  FOLLOWER to FOLLOWER at term 62 for recognizeCandidate:ad4d83c7-0f96-47bc-a4e8-7e5d9f844896
2019-10-23 12:13:26,095 [grpc-default-executor-3] INFO  impl.RaftServerImpl (RaftServerImpl.java:setRole(184)) - 3b749b59-de2a-419b-9a26-261692f5c83c@group-24C785E9A0FC: changes role from  FOLLOWER to FOLLOWER at term 62 for recognizeCandidate:ad4d83c7-0f96-47bc-a4e8-7e5d9f844896
2019-10-23 12:13:26,095 [grpc-default-executor-4] INFO  impl.RoleInfo (RoleInfo.java:shutdownFollowerState(121)) - 02863277-f564-4bc6-8337-fb22627f6f1a: shutdown FollowerState
2019-10-23 12:13:26,095 [grpc-default-executor-3] INFO  impl.RoleInfo (RoleInfo.java:shutdownFollowerState(121)) - 3b749b59-de2a-419b-9a26-261692f5c83c: shutdown FollowerState
2019-10-23 12:13:26,095 [Thread-865] INFO  impl.FollowerState (FollowerState.java:run(117)) - 02863277-f564-4bc6-8337-fb22627f6f1a@group-24C785E9A0FC-FollowerState was interrupted: java.lang.InterruptedException: sleep interrupted
2019-10-23 12:13:26,095 [grpc-default-executor-4] INFO  impl.RoleInfo (RoleInfo.java:updateAndGet(143)) - 02863277-f564-4bc6-8337-fb22627f6f1a: start FollowerState
2019-10-23 12:13:26,095 [Thread-866] INFO  impl.FollowerState (FollowerState.java:run(117)) - 3b749b59-de2a-419b-9a26-261692f5c83c@group-24C785E9A0FC-FollowerState was interrupted: java.lang.InterruptedException: sleep interrupted
2019-10-23 12:13:26,095 [grpc-default-executor-3] INFO  impl.RoleInfo (RoleInfo.java:updateAndGet(143)) - 3b749b59-de2a-419b-9a26-261692f5c83c: start FollowerState
2019-10-23 12:13:26,110 [ad4d83c7-0f96-47bc-a4e8-7e5d9f844896@group-24C785E9A0FC-LeaderElection73] INFO  impl.LeaderElection (LeaderElection.java:logAndReturn(56)) - ad4d83c7-0f96-47bc-a4e8-7e5d9f844896@group-24C785E9A0FC-LeaderElection73: Election REJECTED; received 2 response(s) [ad4d83c7-0f96-47bc-a4e8-7e5d9f844896<-3b749b59-de2a-419b-9a26-261692f5c83c#0:FAIL-t62, ad4d83c7-0f96-47bc-a4e8-7e5d9f844896<-02863277-f564-4bc6-8337-fb22627f6f1a#0:FAIL-t62] and 0 exception(s); ad4d83c7-0f96-47bc-a4e8-7e5d9f844896@group-24C785E9A0FC:t62, leader=null, voted=ad4d83c7-0f96-47bc-a4e8-7e5d9f844896, raftlog=ad4d83c7-0f96-47bc-a4e8-7e5d9f844896@group-24C785E9A0FC-SegmentedRaftLog:OPENED:c-1,f-1,i0, conf=-1: [3b749b59-de2a-419b-9a26-261692f5c83c:192.168.69.118:39205, ad4d83c7-0f96-47bc-a4e8-7e5d9f844896:192.168.69.118:41688, 02863277-f564-4bc6-8337-fb22627f6f1a:192.168.69.118:36850], old=null
2019-10-23 12:13:26,110 [ad4d83c7-0f96-47bc-a4e8-7e5d9f844896@group-24C785E9A0FC-LeaderElection73] INFO  impl.RaftServerImpl (RaftServerImpl.java:setRole(184)) - ad4d83c7-0f96-47bc-a4e8-7e5d9f844896@group-24C785E9A0FC: changes role from CANDIDATE to FOLLOWER at term 62 for DISCOVERED_A_NEW_TERM
2019-10-23 12:13:26,110 [ad4d83c7-0f96-47bc-a4e8-7e5d9f844896@group-24C785E9A0FC-LeaderElection73] INFO  impl.RoleInfo (RoleInfo.java:shutdownLeaderElection(134)) - ad4d83c7-0f96-47bc-a4e8-7e5d9f844896: shutdown LeaderElection
2019-10-23 12:13:26,110 [ad4d83c7-0f96-47bc-a4e8-7e5d9f844896@group-24C785E9A0FC-LeaderElection73] INFO  impl.RoleInfo (RoleInfo.java:updateAndGet(143)) - ad4d83c7-0f96-47bc-a4e8-7e5d9f844896: start FollowerState
2019-10-23 12:13:26,242 [Thread-879] INFO  impl.FollowerState (FollowerState.java:run(108)) - ad4d83c7-0f96-47bc-a4e8-7e5d9f844896@group-24C785E9A0FC-FollowerState: change to CANDIDATE, lastRpcTime:132ms, electionTimeout:132ms
2019-10-23 12:13:26,243 [Thread-879] INFO  impl.RoleInfo (RoleInfo.java:shutdownFollowerState(121)) - ad4d83c7-0f96-47bc-a4e8-7e5d9f844896: shutdown FollowerState
2019-10-23 12:13:26,243 [Thread-879] INFO  impl.RaftServerImpl (RaftServerImpl.java:setRole(184)) - ad4d83c7-0f96-47bc-a4e8-7e5d9f844896@group-24C785E9A0FC: changes role from  FOLLOWER to CANDIDATE at term 62 for changeToCandidate
2019-10-23 12:13:26,243 [Thread-879] INFO  impl.RoleInfo (RoleInfo.java:updateAndGet(143)) - ad4d83c7-0f96-47bc-a4e8-7e5d9f844896: start LeaderElection
2019-10-23 12:13:26,256 [ad4d83c7-0f96-47bc-a4e8-7e5d9f844896@group-24C785E9A0FC-LeaderElection74] INFO  impl.LeaderElection (LeaderElection.java:askForVotes(178)) - ad4d83c7-0f96-47bc-a4e8-7e5d9f844896@group-24C785E9A0FC-LeaderElection74: begin an election at term 63 for -1: [3b749b59-de2a-419b-9a26-261692f5c83c:192.168.69.118:39205, ad4d83c7-0f96-47bc-a4e8-7e5d9f844896:192.168.69.118:41688, 02863277-f564-4bc6-8337-fb22627f6f1a:192.168.69.118:36850], old=null
2019-10-23 12:13:26,259 [grpc-default-executor-3] INFO  impl.RaftServerImpl (RaftServerImpl.java:setRole(184)) - 3b749b59-de2a-419b-9a26-261692f5c83c@group-24C785E9A0FC: changes role from  FOLLOWER to FOLLOWER at term 63 for recognizeCandidate:ad4d83c7-0f96-47bc-a4e8-7e5d9f844896
2019-10-23 12:13:26,259 [grpc-default-executor-3] INFO  impl.RoleInfo (RoleInfo.java:shutdownFollowerState(121)) - 3b749b59-de2a-419b-9a26-261692f5c83c: shutdown FollowerState
2019-10-23 12:13:26,259 [grpc-default-executor-3] INFO  impl.RoleInfo (RoleInfo.java:updateAndGet(143)) - 3b749b59-de2a-419b-9a26-261692f5c83c: start FollowerState
2019-10-23 12:13:26,259 [Thread-878] INFO  impl.FollowerState (FollowerState.java:run(117)) - 3b749b59-de2a-419b-9a26-261692f5c83c@group-24C785E9A0FC-FollowerState was interrupted: java.lang.InterruptedException: sleep interrupted
2019-10-23 12:13:26,260 [grpc-default-executor-4] INFO  impl.RaftServerImpl (RaftServerImpl.java:setRole(184)) - 02863277-f564-4bc6-8337-fb22627f6f1a@group-24C785E9A0FC: changes role from  FOLLOWER to FOLLOWER at term 63 for recognizeCandidate:ad4d83c7-0f96-47bc-a4e8-7e5d9f844896
2019-10-23 12:13:26,260 [grpc-default-executor-4] INFO  impl.RoleInfo (RoleInfo.java:shutdownFollowerState(121)) - 02863277-f564-4bc6-8337-fb22627f6f1a: shutdown FollowerState
2019-10-23 12:13:26,260 [grpc-default-executor-4] INFO  impl.RoleInfo (RoleInfo.java:updateAndGet(143)) - 02863277-f564-4bc6-8337-fb22627f6f1a: start FollowerState
2019-10-23 12:13:26,260 [Thread-877] INFO  impl.FollowerState (FollowerState.java:run(117)) - 02863277-f564-4bc6-8337-fb22627f6f1a@group-24C785E9A0FC-FollowerState was interrupted: java.lang.InterruptedException: sleep interrupted
2019-10-23 12:13:26,274 [ad4d83c7-0f96-47bc-a4e8-7e5d9f844896@group-24C785E9A0FC-LeaderElection74] INFO  impl.LeaderElection (LeaderElection.java:logAndReturn(56)) - ad4d83c7-0f96-47bc-a4e8-7e5d9f844896@group-24C785E9A0FC-LeaderElection74: Election REJECTED; received 2 response(s) [ad4d83c7-0f96-47bc-a4e8-7e5d9f844896<-3b749b59-de2a-419b-9a26-261692f5c83c#0:FAIL-t63, ad4d83c7-0f96-47bc-a4e8-7e5d9f844896<-02863277-f564-4bc6-8337-fb22627f6f1a#0:FAIL-t63] and 0 exception(s); ad4d83c7-0f96-47bc-a4e8-7e5d9f844896@group-24C785E9A0FC:t63, leader=null, voted=ad4d83c7-0f96-47bc-a4e8-7e5d9f844896, raftlog=ad4d83c7-0f96-47bc-a4e8-7e5d9f844896@group-24C785E9A0FC-SegmentedRaftLog:OPENED:c-1,f-1,i0, conf=-1: [3b749b59-de2a-419b-9a26-261692f5c83c:192.168.69.118:39205, ad4d83c7-0f96-47bc-a4e8-7e5d9f844896:192.168.69.118:41688, 02863277-f564-4bc6-8337-fb22627f6f1a:192.168.69.118:36850], old=null
2019-10-23 12:13:26,275 [ad4d83c7-0f96-47bc-a4e8-7e5d9f844896@group-24C785E9A0FC-LeaderElection74] INFO  impl.RaftServerImpl (RaftServerImpl.java:setRole(184)) - ad4d83c7-0f96-47bc-a4e8-7e5d9f844896@group-24C785E9A0FC: changes role from CANDIDATE to FOLLOWER at term 63 for DISCOVERED_A_NEW_TERM
2019-10-23 12:13:26,275 [ad4d83c7-0f96-47bc-a4e8-7e5d9f844896@group-24C785E9A0FC-LeaderElection74] INFO  impl.RoleInfo (RoleInfo.java:shutdownLeaderElection(134)) - ad4d83c7-0f96-47bc-a4e8-7e5d9f844896: shutdown LeaderElection
2019-10-23 12:13:26,275 [ad4d83c7-0f96-47bc-a4e8-7e5d9f844896@group-24C785E9A0FC-LeaderElection74] INFO  impl.RoleInfo (RoleInfo.java:updateAndGet(143)) - ad4d83c7-0f96-47bc-a4e8-7e5d9f844896: start FollowerState
2019-10-23 12:13:26,445 [Thread-885] INFO  impl.FollowerState (FollowerState.java:run(108)) - ad4d83c7-0f96-47bc-a4e8-7e5d9f844896@group-24C785E9A0FC-FollowerState: change to CANDIDATE, lastRpcTime:169ms, electionTimeout:169ms
2019-10-23 12:13:26,445 [Thread-885] INFO  impl.RoleInfo (RoleInfo.java:shutdownFollowerState(121)) - ad4d83c7-0f96-47bc-a4e8-7e5d9f844896: shutdown FollowerState
2019-10-23 12:13:26,445 [Thread-885] INFO  impl.RaftServerImpl (RaftServerImpl.java:setRole(184)) - ad4d83c7-0f96-47bc-a4e8-7e5d9f844896@group-24C785E9A0FC: changes role from  FOLLOWER to CANDIDATE at term 63 for changeToCandidate
2019-10-23 12:13:26,445 [Thread-885] INFO  impl.RoleInfo (RoleInfo.java:updateAndGet(143)) - ad4d83c7-0f96-47bc-a4e8-7e5d9f844896: start LeaderElection
2019-10-23 12:13:26,458 [ad4d83c7-0f96-47bc-a4e8-7e5d9f844896@group-24C785E9A0FC-LeaderElection75] INFO  impl.LeaderElection (LeaderElection.java:askForVotes(178)) - ad4d83c7-0f96-47bc-a4e8-7e5d9f844896@group-24C785E9A0FC-LeaderElection75: begin an election at term 64 for -1: [3b749b59-de2a-419b-9a26-261692f5c83c:192.168.69.118:39205, ad4d83c7-0f96-47bc-a4e8-7e5d9f844896:192.168.69.118:41688, 02863277-f564-4bc6-8337-fb22627f6f1a:192.168.69.118:36850], old=null
2019-10-23 12:13:26,461 [grpc-default-executor-4] INFO  impl.RaftServerImpl (RaftServerImpl.java:setRole(184)) - 3b749b59-de2a-419b-9a26-261692f5c83c@group-24C785E9A0FC: changes role from  FOLLOWER to FOLLOWER at term 64 for recognizeCandidate:ad4d83c7-0f96-47bc-a4e8-7e5d9f844896
2019-10-23 12:13:26,461 [grpc-default-executor-3] INFO  impl.RaftServerImpl (RaftServerImpl.java:setRole(184)) - 02863277-f564-4bc6-8337-fb22627f6f1a@group-24C785E9A0FC: changes role from  FOLLOWER to FOLLOWER at term 64 for recognizeCandidate:ad4d83c7-0f96-47bc-a4e8-7e5d9f844896
2019-10-23 12:13:26,461 [grpc-default-executor-4] INFO  impl.RoleInfo (RoleInfo.java:shutdownFollowerState(121)) - 3b749b59-de2a-419b-9a26-261692f5c83c: shutdown FollowerState
2019-10-23 12:13:26,461 [grpc-default-executor-3] INFO  impl.RoleInfo (RoleInfo.java:shutdownFollowerState(121)) - 02863277-f564-4bc6-8337-fb22627f6f1a: shutdown FollowerState
2019-10-23 12:13:26,461 [Thread-883] INFO  impl.FollowerState (FollowerState.java:run(117)) - 3b749b59-de2a-419b-9a26-261692f5c83c@group-24C785E9A0FC-FollowerState was interrupted: java.lang.InterruptedException: sleep interrupted
2019-10-23 12:13:26,461 [grpc-default-executor-4] INFO  impl.RoleInfo (RoleInfo.java:updateAndGet(143)) - 3b749b59-de2a-419b-9a26-261692f5c83c: start FollowerState
2019-10-23 12:13:26,461 [Thread-884] INFO  impl.FollowerState (FollowerState.java:run(117)) - 02863277-f564-4bc6-8337-fb22627f6f1a@group-24C785E9A0FC-FollowerState was interrupted: java.lang.InterruptedException: sleep interrupted
2019-10-23 12:13:26,461 [grpc-default-executor-3] INFO  impl.RoleInfo (RoleInfo.java:updateAndGet(143)) - 02863277-f564-4bc6-8337-fb22627f6f1a: start FollowerState
2019-10-23 12:13:26,481 [ad4d83c7-0f96-47bc-a4e8-7e5d9f844896@group-24C785E9A0FC-LeaderElection75] INFO  impl.LeaderElection (LeaderElection.java:logAndReturn(56)) - ad4d83c7-0f96-47bc-a4e8-7e5d9f844896@group-24C785E9A0FC-LeaderElection75: Election REJECTED; received 2 response(s) [ad4d83c7-0f96-47bc-a4e8-7e5d9f844896<-3b749b59-de2a-419b-9a26-261692f5c83c#0:FAIL-t64, ad4d83c7-0f96-47bc-a4e8-7e5d9f844896<-02863277-f564-4bc6-8337-fb22627f6f1a#0:FAIL-t64] and 0 exception(s); ad4d83c7-0f96-47bc-a4e8-7e5d9f844896@group-24C785E9A0FC:t64, leader=null, voted=ad4d83c7-0f96-47bc-a4e8-7e5d9f844896, raftlog=ad4d83c7-0f96-47bc-a4e8-7e5d9f844896@group-24C785E9A0FC-SegmentedRaftLog:OPENED:c-1,f-1,i0, conf=-1: [3b749b59-de2a-419b-9a26-261692f5c83c:192.168.69.118:39205, ad4d83c7-0f96-47bc-a4e8-7e5d9f844896:192.168.69.118:41688, 02863277-f564-4bc6-8337-fb22627f6f1a:192.168.69.118:36850], old=null
2019-10-23 12:13:26,481 [ad4d83c7-0f96-47bc-a4e8-7e5d9f844896@group-24C785E9A0FC-LeaderElection75] INFO  impl.RaftServerImpl (RaftServerImpl.java:setRole(184)) - ad4d83c7-0f96-47bc-a4e8-7e5d9f844896@group-24C785E9A0FC: changes role from CANDIDATE to FOLLOWER at term 64 for DISCOVERED_A_NEW_TERM
2019-10-23 12:13:26,481 [ad4d83c7-0f96-47bc-a4e8-7e5d9f844896@group-24C785E9A0FC-LeaderElection75] INFO  impl.RoleInfo (RoleInfo.java:shutdownLeaderElection(134)) - ad4d83c7-0f96-47bc-a4e8-7e5d9f844896: shutdown LeaderElection
2019-10-23 12:13:26,482 [ad4d83c7-0f96-47bc-a4e8-7e5d9f844896@group-24C785E9A0FC-LeaderElection75] INFO  impl.RoleInfo (RoleInfo.java:updateAndGet(143)) - ad4d83c7-0f96-47bc-a4e8-7e5d9f844896: start FollowerState
2019-10-23 12:13:26,643 [Thread-895] INFO  impl.FollowerState (FollowerState.java:run(108)) - ad4d83c7-0f96-47bc-a4e8-7e5d9f844896@group-24C785E9A0FC-FollowerState: change to CANDIDATE, lastRpcTime:161ms, electionTimeout:161ms
2019-10-23 12:13:26,643 [Thread-895] INFO  impl.RoleInfo (RoleInfo.java:shutdownFollowerState(121)) - ad4d83c7-0f96-47bc-a4e8-7e5d9f844896: shutdown FollowerState
2019-10-23 12:13:26,643 [Thread-895] INFO  impl.RaftServerImpl (RaftServerImpl.java:setRole(184)) - ad4d83c7-0f96-47bc-a4e8-7e5d9f844896@group-24C785E9A0FC: changes role from  FOLLOWER to CANDIDATE at term 64 for changeToCandidate
2019-10-23 12:13:26,644 [Thread-895] INFO  impl.RoleInfo (RoleInfo.java:updateAndGet(143)) - ad4d83c7-0f96-47bc-a4e8-7e5d9f844896: start LeaderElection
2019-10-23 12:13:26,658 [ad4d83c7-0f96-47bc-a4e8-7e5d9f844896@group-24C785E9A0FC-LeaderElection76] INFO  impl.LeaderElection (LeaderElection.java:askForVotes(178)) - ad4d83c7-0f96-47bc-a4e8-7e5d9f844896@group-24C785E9A0FC-LeaderElection76: begin an election at term 65 for -1: [3b749b59-de2a-419b-9a26-261692f5c83c:192.168.69.118:39205, ad4d83c7-0f96-47bc-a4e8-7e5d9f844896:192.168.69.118:41688, 02863277-f564-4bc6-8337-fb22627f6f1a:192.168.69.118:36850], old=null
2019-10-23 12:13:26,661 [grpc-default-executor-4] INFO  impl.RaftServerImpl (RaftServerImpl.java:setRole(184)) - 3b749b59-de2a-419b-9a26-261692f5c83c@group-24C785E9A0FC: changes role from  FOLLOWER to FOLLOWER at term 65 for recognizeCandidate:ad4d83c7-0f96-47bc-a4e8-7e5d9f844896
2019-10-23 12:13:26,661 [grpc-default-executor-3] INFO  impl.RaftServerImpl (RaftServerImpl.java:setRole(184)) - 02863277-f564-4bc6-8337-fb22627f6f1a@group-24C785E9A0FC: changes role from  FOLLOWER to FOLLOWER at term 65 for recognizeCandidate:ad4d83c7-0f96-47bc-a4e8-7e5d9f844896
2019-10-23 12:13:26,661 [grpc-default-executor-4] INFO  impl.RoleInfo (RoleInfo.java:shutdownFollowerState(121)) - 3b749b59-de2a-419b-9a26-261692f5c83c: shutdown FollowerState
2019-10-23 12:13:26,661 [grpc-default-executor-3] INFO  impl.RoleInfo (RoleInfo.java:shutdownFollowerState(121)) - 02863277-f564-4bc6-8337-fb22627f6f1a: shutdown FollowerState
2019-10-23 12:13:26,661 [Thread-893] INFO  impl.FollowerState (FollowerState.java:run(117)) - 3b749b59-de2a-419b-9a26-261692f5c83c@group-24C785E9A0FC-FollowerState was interrupted: java.lang.InterruptedException: sleep interrupted
2019-10-23 12:13:26,662 [Thread-894] INFO  impl.FollowerState (FollowerState.java:run(117)) - 02863277-f564-4bc6-8337-fb22627f6f1a@group-24C785E9A0FC-FollowerState was interrupted: java.lang.InterruptedException: sleep interrupted
2019-10-23 12:13:26,661 [grpc-default-executor-4] INFO  impl.RoleInfo (RoleInfo.java:updateAndGet(143)) - 3b749b59-de2a-419b-9a26-261692f5c83c: start FollowerState
2019-10-23 12:13:26,662 [grpc-default-executor-3] INFO  impl.RoleInfo (RoleInfo.java:updateAndGet(143)) - 02863277-f564-4bc6-8337-fb22627f6f1a: start FollowerState
2019-10-23 12:13:26,676 [ad4d83c7-0f96-47bc-a4e8-7e5d9f844896@group-24C785E9A0FC-LeaderElection76] INFO  impl.LeaderElection (LeaderElection.java:logAndReturn(56)) - ad4d83c7-0f96-47bc-a4e8-7e5d9f844896@group-24C785E9A0FC-LeaderElection76: Election REJECTED; received 2 response(s) [ad4d83c7-0f96-47bc-a4e8-7e5d9f844896<-3b749b59-de2a-419b-9a26-261692f5c83c#0:FAIL-t65, ad4d83c7-0f96-47bc-a4e8-7e5d9f844896<-02863277-f564-4bc6-8337-fb22627f6f1a#0:FAIL-t65] and 0 exception(s); ad4d83c7-0f96-47bc-a4e8-7e5d9f844896@group-24C785E9A0FC:t65, leader=null, voted=ad4d83c7-0f96-47bc-a4e8-7e5d9f844896, raftlog=ad4d83c7-0f96-47bc-a4e8-7e5d9f844896@group-24C785E9A0FC-SegmentedRaftLog:OPENED:c-1,f-1,i0, conf=-1: [3b749b59-de2a-419b-9a26-261692f5c83c:192.168.69.118:39205, ad4d83c7-0f96-47bc-a4e8-7e5d9f844896:192.168.69.118:41688, 02863277-f564-4bc6-8337-fb22627f6f1a:192.168.69.118:36850], old=null
2019-10-23 12:13:26,677 [ad4d83c7-0f96-47bc-a4e8-7e5d9f844896@group-24C785E9A0FC-LeaderElection76] INFO  impl.RaftServerImpl (RaftServerImpl.java:setRole(184)) - ad4d83c7-0f96-47bc-a4e8-7e5d9f844896@group-24C785E9A0FC: changes role from CANDIDATE to FOLLOWER at term 65 for DISCOVERED_A_NEW_TERM
2019-10-23 12:13:26,677 [ad4d83c7-0f96-47bc-a4e8-7e5d9f844896@group-24C785E9A0FC-LeaderElection76] INFO  impl.RoleInfo (RoleInfo.java:shutdownLeaderElection(134)) - ad4d83c7-0f96-47bc-a4e8-7e5d9f844896: shutdown LeaderElection
2019-10-23 12:13:26,677 [ad4d83c7-0f96-47bc-a4e8-7e5d9f844896@group-24C785E9A0FC-LeaderElection76] INFO  impl.RoleInfo (RoleInfo.java:updateAndGet(143)) - ad4d83c7-0f96-47bc-a4e8-7e5d9f844896: start FollowerState
2019-10-23 12:13:26,857 [Thread-901] INFO  impl.FollowerState (FollowerState.java:run(108)) - ad4d83c7-0f96-47bc-a4e8-7e5d9f844896@group-24C785E9A0FC-FollowerState: change to CANDIDATE, lastRpcTime:180ms, electionTimeout:180ms
2019-10-23 12:13:26,857 [Thread-901] INFO  impl.RoleInfo (RoleInfo.java:shutdownFollowerState(121)) - ad4d83c7-0f96-47bc-a4e8-7e5d9f844896: shutdown FollowerState
2019-10-23 12:13:26,857 [Thread-901] INFO  impl.RaftServerImpl (RaftServerImpl.java:setRole(184)) - ad4d83c7-0f96-47bc-a4e8-7e5d9f844896@group-24C785E9A0FC: changes role from  FOLLOWER to CANDIDATE at term 65 for changeToCandidate
2019-10-23 12:13:26,858 [Thread-901] INFO  impl.RoleInfo (RoleInfo.java:updateAndGet(143)) - ad4d83c7-0f96-47bc-a4e8-7e5d9f844896: start LeaderElection
2019-10-23 12:13:26,872 [ad4d83c7-0f96-47bc-a4e8-7e5d9f844896@group-24C785E9A0FC-LeaderElection77] INFO  impl.LeaderElection (LeaderElection.java:askForVotes(178)) - ad4d83c7-0f96-47bc-a4e8-7e5d9f844896@group-24C785E9A0FC-LeaderElection77: begin an election at term 66 for -1: [3b749b59-de2a-419b-9a26-261692f5c83c:192.168.69.118:39205, ad4d83c7-0f96-47bc-a4e8-7e5d9f844896:192.168.69.118:41688, 02863277-f564-4bc6-8337-fb22627f6f1a:192.168.69.118:36850], old=null
2019-10-23 12:13:26,875 [grpc-default-executor-4] INFO  impl.RaftServerImpl (RaftServerImpl.java:setRole(184)) - 02863277-f564-4bc6-8337-fb22627f6f1a@group-24C785E9A0FC: changes role from  FOLLOWER to FOLLOWER at term 66 for recognizeCandidate:ad4d83c7-0f96-47bc-a4e8-7e5d9f844896
2019-10-23 12:13:26,875 [grpc-default-executor-3] INFO  impl.RaftServerImpl (RaftServerImpl.java:setRole(184)) - 3b749b59-de2a-419b-9a26-261692f5c83c@group-24C785E9A0FC: changes role from  FOLLOWER to FOLLOWER at term 66 for recognizeCandidate:ad4d83c7-0f96-47bc-a4e8-7e5d9f844896
2019-10-23 12:13:26,876 [grpc-default-executor-4] INFO  impl.RoleInfo (RoleInfo.java:shutdownFollowerState(121)) - 02863277-f564-4bc6-8337-fb22627f6f1a: shutdown FollowerState
2019-10-23 12:13:26,876 [grpc-default-executor-3] INFO  impl.RoleInfo (RoleInfo.java:shutdownFollowerState(121)) - 3b749b59-de2a-419b-9a26-261692f5c83c: shutdown FollowerState
2019-10-23 12:13:26,876 [grpc-default-executor-4] INFO  impl.RoleInfo (RoleInfo.java:updateAndGet(143)) - 02863277-f564-4bc6-8337-fb22627f6f1a: start FollowerState
2019-10-23 12:13:26,876 [Thread-900] INFO  impl.FollowerState (FollowerState.java:run(117)) - 02863277-f564-4bc6-8337-fb22627f6f1a@group-24C785E9A0FC-FollowerState was interrupted: java.lang.InterruptedException: sleep interrupted
2019-10-23 12:13:26,876 [Thread-899] INFO  impl.FollowerState (FollowerState.java:run(117)) - 3b749b59-de2a-419b-9a26-261692f5c83c@group-24C785E9A0FC-FollowerState was interrupted: java.lang.InterruptedException: sleep interrupted
2019-10-23 12:13:26,876 [grpc-default-executor-3] INFO  impl.RoleInfo (RoleInfo.java:updateAndGet(143)) - 3b749b59-de2a-419b-9a26-261692f5c83c: start FollowerState
2019-10-23 12:13:26,893 [ad4d83c7-0f96-47bc-a4e8-7e5d9f844896@group-24C785E9A0FC-LeaderElection77] INFO  impl.LeaderElection (LeaderElection.java:logAndReturn(56)) - ad4d83c7-0f96-47bc-a4e8-7e5d9f844896@group-24C785E9A0FC-LeaderElection77: Election REJECTED; received 2 response(s) [ad4d83c7-0f96-47bc-a4e8-7e5d9f844896<-3b749b59-de2a-419b-9a26-261692f5c83c#0:FAIL-t66, ad4d83c7-0f96-47bc-a4e8-7e5d9f844896<-02863277-f564-4bc6-8337-fb22627f6f1a#0:FAIL-t66] and 0 exception(s); ad4d83c7-0f96-47bc-a4e8-7e5d9f844896@group-24C785E9A0FC:t66, leader=null, voted=ad4d83c7-0f96-47bc-a4e8-7e5d9f844896, raftlog=ad4d83c7-0f96-47bc-a4e8-7e5d9f844896@group-24C785E9A0FC-SegmentedRaftLog:OPENED:c-1,f-1,i0, conf=-1: [3b749b59-de2a-419b-9a26-261692f5c83c:192.168.69.118:39205, ad4d83c7-0f96-47bc-a4e8-7e5d9f844896:192.168.69.118:41688, 02863277-f564-4bc6-8337-fb22627f6f1a:192.168.69.118:36850], old=null
2019-10-23 12:13:26,893 [ad4d83c7-0f96-47bc-a4e8-7e5d9f844896@group-24C785E9A0FC-LeaderElection77] INFO  impl.RaftServerImpl (RaftServerImpl.java:setRole(184)) - ad4d83c7-0f96-47bc-a4e8-7e5d9f844896@group-24C785E9A0FC: changes role from CANDIDATE to FOLLOWER at term 66 for DISCOVERED_A_NEW_TERM
2019-10-23 12:13:26,893 [ad4d83c7-0f96-47bc-a4e8-7e5d9f844896@group-24C785E9A0FC-LeaderElection77] INFO  impl.RoleInfo (RoleInfo.java:shutdownLeaderElection(134)) - ad4d83c7-0f96-47bc-a4e8-7e5d9f844896: shutdown LeaderElection
2019-10-23 12:13:26,894 [ad4d83c7-0f96-47bc-a4e8-7e5d9f844896@group-24C785E9A0FC-LeaderElection77] INFO  impl.RoleInfo (RoleInfo.java:updateAndGet(143)) - ad4d83c7-0f96-47bc-a4e8-7e5d9f844896: start FollowerState
2019-10-23 12:13:26,960 [Thread-909] INFO  impl.FollowerState (FollowerState.java:run(108)) - ad4d83c7-0f96-47bc-a4e8-7e5d9f844896@group-24C785E9A0FC-FollowerState: change to CANDIDATE, lastRpcTime:66ms, electionTimeout:66ms
2019-10-23 12:13:26,960 [Thread-909] INFO  impl.RoleInfo (RoleInfo.java:shutdownFollowerState(121)) - ad4d83c7-0f96-47bc-a4e8-7e5d9f844896: shutdown FollowerState
2019-10-23 12:13:26,960 [Thread-909] INFO  impl.RaftServerImpl (RaftServerImpl.java:setRole(184)) - ad4d83c7-0f96-47bc-a4e8-7e5d9f844896@group-24C785E9A0FC: changes role from  FOLLOWER to CANDIDATE at term 66 for changeToCandidate
2019-10-23 12:13:26,961 [Thread-909] INFO  impl.RoleInfo (RoleInfo.java:updateAndGet(143)) - ad4d83c7-0f96-47bc-a4e8-7e5d9f844896: start LeaderElection
2019-10-23 12:13:26,969 [ad4d83c7-0f96-47bc-a4e8-7e5d9f844896@group-24C785E9A0FC-LeaderElection78] INFO  impl.LeaderElection (LeaderElection.java:askForVotes(178)) - ad4d83c7-0f96-47bc-a4e8-7e5d9f844896@group-24C785E9A0FC-LeaderElection78: begin an election at term 67 for -1: [3b749b59-de2a-419b-9a26-261692f5c83c:192.168.69.118:39205, ad4d83c7-0f96-47bc-a4e8-7e5d9f844896:192.168.69.118:41688, 02863277-f564-4bc6-8337-fb22627f6f1a:192.168.69.118:36850], old=null
2019-10-23 12:13:26,971 [grpc-default-executor-4] INFO  impl.RaftServerImpl (RaftServerImpl.java:setRole(184)) - 3b749b59-de2a-419b-9a26-261692f5c83c@group-24C785E9A0FC: changes role from  FOLLOWER to FOLLOWER at term 67 for recognizeCandidate:ad4d83c7-0f96-47bc-a4e8-7e5d9f844896
2019-10-23 12:13:26,971 [grpc-default-executor-3] INFO  impl.RaftServerImpl (RaftServerImpl.java:setRole(184)) - 02863277-f564-4bc6-8337-fb22627f6f1a@group-24C785E9A0FC: changes role from  FOLLOWER to FOLLOWER at term 67 for recognizeCandidate:ad4d83c7-0f96-47bc-a4e8-7e5d9f844896
2019-10-23 12:13:26,971 [grpc-default-executor-4] INFO  impl.RoleInfo (RoleInfo.java:shutdownFollowerState(121)) - 3b749b59-de2a-419b-9a26-261692f5c83c: shutdown FollowerState
2019-10-23 12:13:26,972 [grpc-default-executor-3] INFO  impl.RoleInfo (RoleInfo.java:shutdownFollowerState(121)) - 02863277-f564-4bc6-8337-fb22627f6f1a: shutdown FollowerState
2019-10-23 12:13:26,972 [Thread-906] INFO  impl.FollowerState (FollowerState.java:run(117)) - 3b749b59-de2a-419b-9a26-261692f5c83c@group-24C785E9A0FC-FollowerState was interrupted: java.lang.InterruptedException: sleep interrupted
2019-10-23 12:13:26,972 [grpc-default-executor-4] INFO  impl.RoleInfo (RoleInfo.java:updateAndGet(143)) - 3b749b59-de2a-419b-9a26-261692f5c83c: start FollowerState
2019-10-23 12:13:26,972 [Thread-905] INFO  impl.FollowerState (FollowerState.java:run(117)) - 02863277-f564-4bc6-8337-fb22627f6f1a@group-24C785E9A0FC-FollowerState was interrupted: java.lang.InterruptedException: sleep interrupted
2019-10-23 12:13:26,972 [grpc-default-executor-3] INFO  impl.RoleInfo (RoleInfo.java:updateAndGet(143)) - 02863277-f564-4bc6-8337-fb22627f6f1a: start FollowerState
2019-10-23 12:13:26,987 [ad4d83c7-0f96-47bc-a4e8-7e5d9f844896@group-24C785E9A0FC-LeaderElection78] INFO  impl.LeaderElection (LeaderElection.java:logAndReturn(56)) - ad4d83c7-0f96-47bc-a4e8-7e5d9f844896@group-24C785E9A0FC-LeaderElection78: Election REJECTED; received 2 response(s) [ad4d83c7-0f96-47bc-a4e8-7e5d9f844896<-3b749b59-de2a-419b-9a26-261692f5c83c#0:FAIL-t67, ad4d83c7-0f96-47bc-a4e8-7e5d9f844896<-02863277-f564-4bc6-8337-fb22627f6f1a#0:FAIL-t67] and 0 exception(s); ad4d83c7-0f96-47bc-a4e8-7e5d9f844896@group-24C785E9A0FC:t67, leader=null, voted=ad4d83c7-0f96-47bc-a4e8-7e5d9f844896, raftlog=ad4d83c7-0f96-47bc-a4e8-7e5d9f844896@group-24C785E9A0FC-SegmentedRaftLog:OPENED:c-1,f-1,i0, conf=-1: [3b749b59-de2a-419b-9a26-261692f5c83c:192.168.69.118:39205, ad4d83c7-0f96-47bc-a4e8-7e5d9f844896:192.168.69.118:41688, 02863277-f564-4bc6-8337-fb22627f6f1a:192.168.69.118:36850], old=null
2019-10-23 12:13:26,987 [ad4d83c7-0f96-47bc-a4e8-7e5d9f844896@group-24C785E9A0FC-LeaderElection78] INFO  impl.RaftServerImpl (RaftServerImpl.java:setRole(184)) - ad4d83c7-0f96-47bc-a4e8-7e5d9f844896@group-24C785E9A0FC: changes role from CANDIDATE to FOLLOWER at term 67 for DISCOVERED_A_NEW_TERM
2019-10-23 12:13:26,987 [ad4d83c7-0f96-47bc-a4e8-7e5d9f844896@group-24C785E9A0FC-LeaderElection78] INFO  impl.RoleInfo (RoleInfo.java:shutdownLeaderElection(134)) - ad4d83c7-0f96-47bc-a4e8-7e5d9f844896: shutdown LeaderElection
2019-10-23 12:13:26,987 [ad4d83c7-0f96-47bc-a4e8-7e5d9f844896@group-24C785E9A0FC-LeaderElection78] INFO  impl.RoleInfo (RoleInfo.java:updateAndGet(143)) - ad4d83c7-0f96-47bc-a4e8-7e5d9f844896: start FollowerState
2019-10-23 12:13:27,023 [Thread-919] INFO  impl.FollowerState (FollowerState.java:run(108)) - ad4d83c7-0f96-47bc-a4e8-7e5d9f844896@group-24C785E9A0FC-FollowerState: change to CANDIDATE, lastRpcTime:35ms, electionTimeout:35ms
2019-10-23 12:13:27,023 [Thread-919] INFO  impl.RoleInfo (RoleInfo.java:shutdownFollowerState(121)) - ad4d83c7-0f96-47bc-a4e8-7e5d9f844896: shutdown FollowerState
2019-10-23 12:13:27,023 [Thread-919] INFO  impl.RaftServerImpl (RaftServerImpl.java:setRole(184)) - ad4d83c7-0f96-47bc-a4e8-7e5d9f844896@group-24C785E9A0FC: changes role from  FOLLOWER to CANDIDATE at term 67 for changeToCandidate
2019-10-23 12:13:27,023 [Thread-919] INFO  impl.RoleInfo (RoleInfo.java:updateAndGet(143)) - ad4d83c7-0f96-47bc-a4e8-7e5d9f844896: start LeaderElection
2019-10-23 12:13:27,036 [ad4d83c7-0f96-47bc-a4e8-7e5d9f844896@group-24C785E9A0FC-LeaderElection79] INFO  impl.LeaderElection (LeaderElection.java:askForVotes(178)) - ad4d83c7-0f96-47bc-a4e8-7e5d9f844896@group-24C785E9A0FC-LeaderElection79: begin an election at term 68 for -1: [3b749b59-de2a-419b-9a26-261692f5c83c:192.168.69.118:39205, ad4d83c7-0f96-47bc-a4e8-7e5d9f844896:192.168.69.118:41688, 02863277-f564-4bc6-8337-fb22627f6f1a:192.168.69.118:36850], old=null
2019-10-23 12:13:27,038 [grpc-default-executor-4] INFO  impl.RaftServerImpl (RaftServerImpl.java:setRole(184)) - 3b749b59-de2a-419b-9a26-261692f5c83c@group-24C785E9A0FC: changes role from  FOLLOWER to FOLLOWER at term 68 for recognizeCandidate:ad4d83c7-0f96-47bc-a4e8-7e5d9f844896
2019-10-23 12:13:27,038 [grpc-default-executor-3] INFO  impl.RaftServerImpl (RaftServerImpl.java:setRole(184)) - 02863277-f564-4bc6-8337-fb22627f6f1a@group-24C785E9A0FC: changes role from  FOLLOWER to FOLLOWER at term 68 for recognizeCandidate:ad4d83c7-0f96-47bc-a4e8-7e5d9f844896
2019-10-23 12:13:27,038 [grpc-default-executor-4] INFO  impl.RoleInfo (RoleInfo.java:shutdownFollowerState(121)) - 3b749b59-de2a-419b-9a26-261692f5c83c: shutdown FollowerState
2019-10-23 12:13:27,038 [grpc-default-executor-3] INFO  impl.RoleInfo (RoleInfo.java:shutdownFollowerState(121)) - 02863277-f564-4bc6-8337-fb22627f6f1a: shutdown FollowerState
2019-10-23 12:13:27,039 [Thread-917] INFO  impl.FollowerState (FollowerState.java:run(117)) - 3b749b59-de2a-419b-9a26-261692f5c83c@group-24C785E9A0FC-FollowerState was interrupted: java.lang.InterruptedException: sleep interrupted
2019-10-23 12:13:27,039 [Thread-918] INFO  impl.FollowerState (FollowerState.java:run(117)) - 02863277-f564-4bc6-8337-fb22627f6f1a@group-24C785E9A0FC-FollowerState was interrupted: java.lang.InterruptedException: sleep interrupted
2019-10-23 12:13:27,039 [grpc-default-executor-4] INFO  impl.RoleInfo (RoleInfo.java:updateAndGet(143)) - 3b749b59-de2a-419b-9a26-261692f5c83c: start FollowerState
2019-10-23 12:13:27,039 [grpc-default-executor-3] INFO  impl.RoleInfo (RoleInfo.java:updateAndGet(143)) - 02863277-f564-4bc6-8337-fb22627f6f1a: start FollowerState
2019-10-23 12:13:27,053 [ad4d83c7-0f96-47bc-a4e8-7e5d9f844896@group-24C785E9A0FC-LeaderElection79] INFO  impl.LeaderElection (LeaderElection.java:logAndReturn(56)) - ad4d83c7-0f96-47bc-a4e8-7e5d9f844896@group-24C785E9A0FC-LeaderElection79: Election REJECTED; received 2 response(s) [ad4d83c7-0f96-47bc-a4e8-7e5d9f844896<-3b749b59-de2a-419b-9a26-261692f5c83c#0:FAIL-t68, ad4d83c7-0f96-47bc-a4e8-7e5d9f844896<-02863277-f564-4bc6-8337-fb22627f6f1a#0:FAIL-t68] and 0 exception(s); ad4d83c7-0f96-47bc-a4e8-7e5d9f844896@group-24C785E9A0FC:t68, leader=null, voted=ad4d83c7-0f96-47bc-a4e8-7e5d9f844896, raftlog=ad4d83c7-0f96-47bc-a4e8-7e5d9f844896@group-24C785E9A0FC-SegmentedRaftLog:OPENED:c-1,f-1,i0, conf=-1: [3b749b59-de2a-419b-9a26-261692f5c83c:192.168.69.118:39205, ad4d83c7-0f96-47bc-a4e8-7e5d9f844896:192.168.69.118:41688, 02863277-f564-4bc6-8337-fb22627f6f1a:192.168.69.118:36850], old=null
2019-10-23 12:13:27,054 [ad4d83c7-0f96-47bc-a4e8-7e5d9f844896@group-24C785E9A0FC-LeaderElection79] INFO  impl.RaftServerImpl (RaftServerImpl.java:setRole(184)) - ad4d83c7-0f96-47bc-a4e8-7e5d9f844896@group-24C785E9A0FC: changes role from CANDIDATE to FOLLOWER at term 68 for DISCOVERED_A_NEW_TERM
2019-10-23 12:13:27,054 [ad4d83c7-0f96-47bc-a4e8-7e5d9f844896@group-24C785E9A0FC-LeaderElection79] INFO  impl.RoleInfo (RoleInfo.java:shutdownLeaderElection(134)) - ad4d83c7-0f96-47bc-a4e8-7e5d9f844896: shutdown LeaderElection
2019-10-23 12:13:27,054 [ad4d83c7-0f96-47bc-a4e8-7e5d9f844896@group-24C785E9A0FC-LeaderElection79] INFO  impl.RoleInfo (RoleInfo.java:updateAndGet(143)) - ad4d83c7-0f96-47bc-a4e8-7e5d9f844896: start FollowerState
2019-10-23 12:13:27,084 [Thread-925] INFO  impl.FollowerState (FollowerState.java:run(108)) - ad4d83c7-0f96-47bc-a4e8-7e5d9f844896@group-24C785E9A0FC-FollowerState: change to CANDIDATE, lastRpcTime:30ms, electionTimeout:30ms
2019-10-23 12:13:27,084 [Thread-925] INFO  impl.RoleInfo (RoleInfo.java:shutdownFollowerState(121)) - ad4d83c7-0f96-47bc-a4e8-7e5d9f844896: shutdown FollowerState
2019-10-23 12:13:27,085 [Thread-925] INFO  impl.RaftServerImpl (RaftServerImpl.java:setRole(184)) - ad4d83c7-0f96-47bc-a4e8-7e5d9f844896@group-24C785E9A0FC: changes role from  FOLLOWER to CANDIDATE at term 68 for changeToCandidate
2019-10-23 12:13:27,085 [Thread-925] INFO  impl.RoleInfo (RoleInfo.java:updateAndGet(143)) - ad4d83c7-0f96-47bc-a4e8-7e5d9f844896: start LeaderElection
2019-10-23 12:13:27,099 [ad4d83c7-0f96-47bc-a4e8-7e5d9f844896@group-24C785E9A0FC-LeaderElection80] INFO  impl.LeaderElection (LeaderElection.java:askForVotes(178)) - ad4d83c7-0f96-47bc-a4e8-7e5d9f844896@group-24C785E9A0FC-LeaderElection80: begin an election at term 69 for -1: [3b749b59-de2a-419b-9a26-261692f5c83c:192.168.69.118:39205, ad4d83c7-0f96-47bc-a4e8-7e5d9f844896:192.168.69.118:41688, 02863277-f564-4bc6-8337-fb22627f6f1a:192.168.69.118:36850], old=null
2019-10-23 12:13:27,101 [grpc-default-executor-3] INFO  impl.RaftServerImpl (RaftServerImpl.java:setRole(184)) - 3b749b59-de2a-419b-9a26-261692f5c83c@group-24C785E9A0FC: changes role from  FOLLOWER to FOLLOWER at term 69 for recognizeCandidate:ad4d83c7-0f96-47bc-a4e8-7e5d9f844896
2019-10-23 12:13:27,101 [grpc-default-executor-4] INFO  impl.RaftServerImpl (RaftServerImpl.java:setRole(184)) - 02863277-f564-4bc6-8337-fb22627f6f1a@group-24C785E9A0FC: changes role from  FOLLOWER to FOLLOWER at term 69 for recognizeCandidate:ad4d83c7-0f96-47bc-a4e8-7e5d9f844896
2019-10-23 12:13:27,101 [grpc-default-executor-3] INFO  impl.RoleInfo (RoleInfo.java:shutdownFollowerState(121)) - 3b749b59-de2a-419b-9a26-261692f5c83c: shutdown FollowerState
2019-10-23 12:13:27,101 [grpc-default-executor-4] INFO  impl.RoleInfo (RoleInfo.java:shutdownFollowerState(121)) - 02863277-f564-4bc6-8337-fb22627f6f1a: shutdown FollowerState
2019-10-23 12:13:27,101 [Thread-923] INFO  impl.FollowerState (FollowerState.java:run(117)) - 3b749b59-de2a-419b-9a26-261692f5c83c@group-24C785E9A0FC-FollowerState was interrupted: java.lang.InterruptedException: sleep interrupted
2019-10-23 12:13:27,101 [grpc-default-executor-3] INFO  impl.RoleInfo (RoleInfo.java:updateAndGet(143)) - 3b749b59-de2a-419b-9a26-261692f5c83c: start FollowerState
2019-10-23 12:13:27,102 [Thread-924] INFO  impl.FollowerState (FollowerState.java:run(117)) - 02863277-f564-4bc6-8337-fb22627f6f1a@group-24C785E9A0FC-FollowerState was interrupted: java.lang.InterruptedException: sleep interrupted
2019-10-23 12:13:27,101 [grpc-default-executor-4] INFO  impl.RoleInfo (RoleInfo.java:updateAndGet(143)) - 02863277-f564-4bc6-8337-fb22627f6f1a: start FollowerState
2019-10-23 12:13:27,116 [ad4d83c7-0f96-47bc-a4e8-7e5d9f844896@group-24C785E9A0FC-LeaderElection80] INFO  impl.LeaderElection (LeaderElection.java:logAndReturn(56)) - ad4d83c7-0f96-47bc-a4e8-7e5d9f844896@group-24C785E9A0FC-LeaderElection80: Election REJECTED; received 2 response(s) [ad4d83c7-0f96-47bc-a4e8-7e5d9f844896<-3b749b59-de2a-419b-9a26-261692f5c83c#0:FAIL-t69, ad4d83c7-0f96-47bc-a4e8-7e5d9f844896<-02863277-f564-4bc6-8337-fb22627f6f1a#0:FAIL-t69] and 0 exception(s); ad4d83c7-0f96-47bc-a4e8-7e5d9f844896@group-24C785E9A0FC:t69, leader=null, voted=ad4d83c7-0f96-47bc-a4e8-7e5d9f844896, raftlog=ad4d83c7-0f96-47bc-a4e8-7e5d9f844896@group-24C785E9A0FC-SegmentedRaftLog:OPENED:c-1,f-1,i0, conf=-1: [3b749b59-de2a-419b-9a26-261692f5c83c:192.168.69.118:39205, ad4d83c7-0f96-47bc-a4e8-7e5d9f844896:192.168.69.118:41688, 02863277-f564-4bc6-8337-fb22627f6f1a:192.168.69.118:36850], old=null
2019-10-23 12:13:27,117 [ad4d83c7-0f96-47bc-a4e8-7e5d9f844896@group-24C785E9A0FC-LeaderElection80] INFO  impl.RaftServerImpl (RaftServerImpl.java:setRole(184)) - ad4d83c7-0f96-47bc-a4e8-7e5d9f844896@group-24C785E9A0FC: changes role from CANDIDATE to FOLLOWER at term 69 for DISCOVERED_A_NEW_TERM
2019-10-23 12:13:27,117 [ad4d83c7-0f96-47bc-a4e8-7e5d9f844896@group-24C785E9A0FC-LeaderElection80] INFO  impl.RoleInfo (RoleInfo.java:shutdownLeaderElection(134)) - ad4d83c7-0f96-47bc-a4e8-7e5d9f844896: shutdown LeaderElection
2019-10-23 12:13:27,117 [ad4d83c7-0f96-47bc-a4e8-7e5d9f844896@group-24C785E9A0FC-LeaderElection80] INFO  impl.RoleInfo (RoleInfo.java:updateAndGet(143)) - ad4d83c7-0f96-47bc-a4e8-7e5d9f844896: start FollowerState
2019-10-23 12:13:27,211 [Thread-931] INFO  impl.FollowerState (FollowerState.java:run(108)) - ad4d83c7-0f96-47bc-a4e8-7e5d9f844896@group-24C785E9A0FC-FollowerState: change to CANDIDATE, lastRpcTime:94ms, electionTimeout:94ms
2019-10-23 12:13:27,211 [Thread-931] INFO  impl.RoleInfo (RoleInfo.java:shutdownFollowerState(121)) - ad4d83c7-0f96-47bc-a4e8-7e5d9f844896: shutdown FollowerState
2019-10-23 12:13:27,212 [Thread-931] INFO  impl.RaftServerImpl (RaftServerImpl.java:setRole(184)) - ad4d83c7-0f96-47bc-a4e8-7e5d9f844896@group-24C785E9A0FC: changes role from  FOLLOWER to CANDIDATE at term 69 for changeToCandidate
2019-10-23 12:13:27,212 [Thread-931] INFO  impl.RoleInfo (RoleInfo.java:updateAndGet(143)) - ad4d83c7-0f96-47bc-a4e8-7e5d9f844896: start LeaderElection
2019-10-23 12:13:27,226 [ad4d83c7-0f96-47bc-a4e8-7e5d9f844896@group-24C785E9A0FC-LeaderElection81] INFO  impl.LeaderElection (LeaderElection.java:askForVotes(178)) - ad4d83c7-0f96-47bc-a4e8-7e5d9f844896@group-24C785E9A0FC-LeaderElection81: begin an election at term 70 for -1: [3b749b59-de2a-419b-9a26-261692f5c83c:192.168.69.118:39205, ad4d83c7-0f96-47bc-a4e8-7e5d9f844896:192.168.69.118:41688, 02863277-f564-4bc6-8337-fb22627f6f1a:192.168.69.118:36850], old=null
2019-10-23 12:13:27,229 [grpc-default-executor-3] INFO  impl.RaftServerImpl (RaftServerImpl.java:setRole(184)) - 02863277-f564-4bc6-8337-fb22627f6f1a@group-24C785E9A0FC: changes role from  FOLLOWER to FOLLOWER at term 70 for recognizeCandidate:ad4d83c7-0f96-47bc-a4e8-7e5d9f844896
2019-10-23 12:13:27,229 [grpc-default-executor-3] INFO  impl.RoleInfo (RoleInfo.java:shutdownFollowerState(121)) - 02863277-f564-4bc6-8337-fb22627f6f1a: shutdown FollowerState
2019-10-23 12:13:27,229 [grpc-default-executor-3] INFO  impl.RoleInfo (RoleInfo.java:updateAndGet(143)) - 02863277-f564-4bc6-8337-fb22627f6f1a: start FollowerState
2019-10-23 12:13:27,229 [grpc-default-executor-4] INFO  impl.RaftServerImpl (RaftServerImpl.java:setRole(184)) - 3b749b59-de2a-419b-9a26-261692f5c83c@group-24C785E9A0FC: changes role from  FOLLOWER to FOLLOWER at term 70 for recognizeCandidate:ad4d83c7-0f96-47bc-a4e8-7e5d9f844896
2019-10-23 12:13:27,229 [Thread-930] INFO  impl.FollowerState (FollowerState.java:run(117)) - 02863277-f564-4bc6-8337-fb22627f6f1a@group-24C785E9A0FC-FollowerState was interrupted: java.lang.InterruptedException: sleep interrupted
2019-10-23 12:13:27,230 [grpc-default-executor-4] INFO  impl.RoleInfo (RoleInfo.java:shutdownFollowerState(121)) - 3b749b59-de2a-419b-9a26-261692f5c83c: shutdown FollowerState
2019-10-23 12:13:27,230 [grpc-default-executor-4] INFO  impl.RoleInfo (RoleInfo.java:updateAndGet(143)) - 3b749b59-de2a-419b-9a26-261692f5c83c: start FollowerState
2019-10-23 12:13:27,230 [Thread-929] INFO  impl.FollowerState (FollowerState.java:run(117)) - 3b749b59-de2a-419b-9a26-261692f5c83c@group-24C785E9A0FC-FollowerState was interrupted: java.lang.InterruptedException: sleep interrupted
2019-10-23 12:13:27,249 [ad4d83c7-0f96-47bc-a4e8-7e5d9f844896@group-24C785E9A0FC-LeaderElection81] INFO  impl.LeaderElection (LeaderElection.java:logAndReturn(56)) - ad4d83c7-0f96-47bc-a4e8-7e5d9f844896@group-24C785E9A0FC-LeaderElection81: Election REJECTED; received 2 response(s) [ad4d83c7-0f96-47bc-a4e8-7e5d9f844896<-3b749b59-de2a-419b-9a26-261692f5c83c#0:FAIL-t70, ad4d83c7-0f96-47bc-a4e8-7e5d9f844896<-02863277-f564-4bc6-8337-fb22627f6f1a#0:FAIL-t70] and 0 exception(s); ad4d83c7-0f96-47bc-a4e8-7e5d9f844896@group-24C785E9A0FC:t70, leader=null, voted=ad4d83c7-0f96-47bc-a4e8-7e5d9f844896, raftlog=ad4d83c7-0f96-47bc-a4e8-7e5d9f844896@group-24C785E9A0FC-SegmentedRaftLog:OPENED:c-1,f-1,i0, conf=-1: [3b749b59-de2a-419b-9a26-261692f5c83c:192.168.69.118:39205, ad4d83c7-0f96-47bc-a4e8-7e5d9f844896:192.168.69.118:41688, 02863277-f564-4bc6-8337-fb22627f6f1a:192.168.69.118:36850], old=null
2019-10-23 12:13:27,249 [ad4d83c7-0f96-47bc-a4e8-7e5d9f844896@group-24C785E9A0FC-LeaderElection81] INFO  impl.RaftServerImpl (RaftServerImpl.java:setRole(184)) - ad4d83c7-0f96-47bc-a4e8-7e5d9f844896@group-24C785E9A0FC: changes role from CANDIDATE to FOLLOWER at term 70 for DISCOVERED_A_NEW_TERM
2019-10-23 12:13:27,249 [ad4d83c7-0f96-47bc-a4e8-7e5d9f844896@group-24C785E9A0FC-LeaderElection81] INFO  impl.RoleInfo (RoleInfo.java:shutdownLeaderElection(134)) - ad4d83c7-0f96-47bc-a4e8-7e5d9f844896: shutdown LeaderElection
2019-10-23 12:13:27,249 [ad4d83c7-0f96-47bc-a4e8-7e5d9f844896@group-24C785E9A0FC-LeaderElection81] INFO  impl.RoleInfo (RoleInfo.java:updateAndGet(143)) - ad4d83c7-0f96-47bc-a4e8-7e5d9f844896: start FollowerState
2019-10-23 12:13:27,370 [Thread-937] INFO  impl.FollowerState (FollowerState.java:run(108)) - ad4d83c7-0f96-47bc-a4e8-7e5d9f844896@group-24C785E9A0FC-FollowerState: change to CANDIDATE, lastRpcTime:120ms, electionTimeout:120ms
2019-10-23 12:13:27,370 [Thread-937] INFO  impl.RoleInfo (RoleInfo.java:shutdownFollowerState(121)) - ad4d83c7-0f96-47bc-a4e8-7e5d9f844896: shutdown FollowerState
2019-10-23 12:13:27,370 [Thread-937] INFO  impl.RaftServerImpl (RaftServerImpl.java:setRole(184)) - ad4d83c7-0f96-47bc-a4e8-7e5d9f844896@group-24C785E9A0FC: changes role from  FOLLOWER to CANDIDATE at term 70 for changeToCandidate
2019-10-23 12:13:27,370 [Thread-937] INFO  impl.RoleInfo (RoleInfo.java:updateAndGet(143)) - ad4d83c7-0f96-47bc-a4e8-7e5d9f844896: start LeaderElection
2019-10-23 12:13:27,384 [ad4d83c7-0f96-47bc-a4e8-7e5d9f844896@group-24C785E9A0FC-LeaderElection82] INFO  impl.LeaderElection (LeaderElection.java:askForVotes(178)) - ad4d83c7-0f96-47bc-a4e8-7e5d9f844896@group-24C785E9A0FC-LeaderElection82: begin an election at term 71 for -1: [3b749b59-de2a-419b-9a26-261692f5c83c:192.168.69.118:39205, ad4d83c7-0f96-47bc-a4e8-7e5d9f844896:192.168.69.118:41688, 02863277-f564-4bc6-8337-fb22627f6f1a:192.168.69.118:36850], old=null
2019-10-23 12:13:27,387 [grpc-default-executor-4] INFO  impl.RaftServerImpl (RaftServerImpl.java:setRole(184)) - 3b749b59-de2a-419b-9a26-261692f5c83c@group-24C785E9A0FC: changes role from  FOLLOWER to FOLLOWER at term 71 for recognizeCandidate:ad4d83c7-0f96-47bc-a4e8-7e5d9f844896
2019-10-23 12:13:27,387 [grpc-default-executor-4] INFO  impl.RoleInfo (RoleInfo.java:shutdownFollowerState(121)) - 3b749b59-de2a-419b-9a26-261692f5c83c: shutdown FollowerState
2019-10-23 12:13:27,387 [grpc-default-executor-4] INFO  impl.RoleInfo (RoleInfo.java:updateAndGet(143)) - 3b749b59-de2a-419b-9a26-261692f5c83c: start FollowerState
2019-10-23 12:13:27,387 [Thread-936] INFO  impl.FollowerState (FollowerState.java:run(117)) - 3b749b59-de2a-419b-9a26-261692f5c83c@group-24C785E9A0FC-FollowerState was interrupted: java.lang.InterruptedException: sleep interrupted
2019-10-23 12:13:27,387 [grpc-default-executor-3] INFO  impl.RaftServerImpl (RaftServerImpl.java:setRole(184)) - 02863277-f564-4bc6-8337-fb22627f6f1a@group-24C785E9A0FC: changes role from  FOLLOWER to FOLLOWER at term 71 for recognizeCandidate:ad4d83c7-0f96-47bc-a4e8-7e5d9f844896
2019-10-23 12:13:27,388 [grpc-default-executor-3] INFO  impl.RoleInfo (RoleInfo.java:shutdownFollowerState(121)) - 02863277-f564-4bc6-8337-fb22627f6f1a: shutdown FollowerState
2019-10-23 12:13:27,388 [Thread-935] INFO  impl.FollowerState (FollowerState.java:run(117)) - 02863277-f564-4bc6-8337-fb22627f6f1a@group-24C785E9A0FC-FollowerState was interrupted: java.lang.InterruptedException: sleep interrupted
2019-10-23 12:13:27,388 [grpc-default-executor-3] INFO  impl.RoleInfo (RoleInfo.java:updateAndGet(143)) - 02863277-f564-4bc6-8337-fb22627f6f1a: start FollowerState
2019-10-23 12:13:27,403 [ad4d83c7-0f96-47bc-a4e8-7e5d9f844896@group-24C785E9A0FC-LeaderElection82] INFO  impl.LeaderElection (LeaderElection.java:logAndReturn(56)) - ad4d83c7-0f96-47bc-a4e8-7e5d9f844896@group-24C785E9A0FC-LeaderElection82: Election REJECTED; received 2 response(s) [ad4d83c7-0f96-47bc-a4e8-7e5d9f844896<-3b749b59-de2a-419b-9a26-261692f5c83c#0:FAIL-t71, ad4d83c7-0f96-47bc-a4e8-7e5d9f844896<-02863277-f564-4bc6-8337-fb22627f6f1a#0:FAIL-t71] and 0 exception(s); ad4d83c7-0f96-47bc-a4e8-7e5d9f844896@group-24C785E9A0FC:t71, leader=null, voted=ad4d83c7-0f96-47bc-a4e8-7e5d9f844896, raftlog=ad4d83c7-0f96-47bc-a4e8-7e5d9f844896@group-24C785E9A0FC-SegmentedRaftLog:OPENED:c-1,f-1,i0, conf=-1: [3b749b59-de2a-419b-9a26-261692f5c83c:192.168.69.118:39205, ad4d83c7-0f96-47bc-a4e8-7e5d9f844896:192.168.69.118:41688, 02863277-f564-4bc6-8337-fb22627f6f1a:192.168.69.118:36850], old=null
2019-10-23 12:13:27,404 [ad4d83c7-0f96-47bc-a4e8-7e5d9f844896@group-24C785E9A0FC-LeaderElection82] INFO  impl.RaftServerImpl (RaftServerImpl.java:setRole(184)) - ad4d83c7-0f96-47bc-a4e8-7e5d9f844896@group-24C785E9A0FC: changes role from CANDIDATE to FOLLOWER at term 71 for DISCOVERED_A_NEW_TERM
2019-10-23 12:13:27,404 [ad4d83c7-0f96-47bc-a4e8-7e5d9f844896@group-24C785E9A0FC-LeaderElection82] INFO  impl.RoleInfo (RoleInfo.java:shutdownLeaderElection(134)) - ad4d83c7-0f96-47bc-a4e8-7e5d9f844896: shutdown LeaderElection
2019-10-23 12:13:27,404 [ad4d83c7-0f96-47bc-a4e8-7e5d9f844896@group-24C785E9A0FC-LeaderElection82] INFO  impl.RoleInfo (RoleInfo.java:updateAndGet(143)) - ad4d83c7-0f96-47bc-a4e8-7e5d9f844896: start FollowerState
2019-10-23 12:13:27,476 [Thread-945] INFO  impl.FollowerState (FollowerState.java:run(108)) - ad4d83c7-0f96-47bc-a4e8-7e5d9f844896@group-24C785E9A0FC-FollowerState: change to CANDIDATE, lastRpcTime:72ms, electionTimeout:72ms
2019-10-23 12:13:27,477 [Thread-945] INFO  impl.RoleInfo (RoleInfo.java:shutdownFollowerState(121)) - ad4d83c7-0f96-47bc-a4e8-7e5d9f844896: shutdown FollowerState
2019-10-23 12:13:27,477 [Thread-945] INFO  impl.RaftServerImpl (RaftServerImpl.java:setRole(184)) - ad4d83c7-0f96-47bc-a4e8-7e5d9f844896@group-24C785E9A0FC: changes role from  FOLLOWER to CANDIDATE at term 71 for changeToCandidate
2019-10-23 12:13:27,477 [Thread-945] INFO  impl.RoleInfo (RoleInfo.java:updateAndGet(143)) - ad4d83c7-0f96-47bc-a4e8-7e5d9f844896: start LeaderElection
2019-10-23 12:13:27,491 [ad4d83c7-0f96-47bc-a4e8-7e5d9f844896@group-24C785E9A0FC-LeaderElection83] INFO  impl.LeaderElection (LeaderElection.java:askForVotes(178)) - ad4d83c7-0f96-47bc-a4e8-7e5d9f844896@group-24C785E9A0FC-LeaderElection83: begin an election at term 72 for -1: [3b749b59-de2a-419b-9a26-261692f5c83c:192.168.69.118:39205, ad4d83c7-0f96-47bc-a4e8-7e5d9f844896:192.168.69.118:41688, 02863277-f564-4bc6-8337-fb22627f6f1a:192.168.69.118:36850], old=null
2019-10-23 12:13:27,493 [grpc-default-executor-4] INFO  impl.RaftServerImpl (RaftServerImpl.java:setRole(184)) - 3b749b59-de2a-419b-9a26-261692f5c83c@group-24C785E9A0FC: changes role from  FOLLOWER to FOLLOWER at term 72 for recognizeCandidate:ad4d83c7-0f96-47bc-a4e8-7e5d9f844896
2019-10-23 12:13:27,493 [grpc-default-executor-4] INFO  impl.RoleInfo (RoleInfo.java:shutdownFollowerState(121)) - 3b749b59-de2a-419b-9a26-261692f5c83c: shutdown FollowerState
2019-10-23 12:13:27,493 [grpc-default-executor-4] INFO  impl.RoleInfo (RoleInfo.java:updateAndGet(143)) - 3b749b59-de2a-419b-9a26-261692f5c83c: start FollowerState
2019-10-23 12:13:27,493 [Thread-942] INFO  impl.FollowerState (FollowerState.java:run(117)) - 3b749b59-de2a-419b-9a26-261692f5c83c@group-24C785E9A0FC-FollowerState was interrupted: java.lang.InterruptedException: sleep interrupted
2019-10-23 12:13:27,493 [grpc-default-executor-3] INFO  impl.RaftServerImpl (RaftServerImpl.java:setRole(184)) - 02863277-f564-4bc6-8337-fb22627f6f1a@group-24C785E9A0FC: changes role from  FOLLOWER to FOLLOWER at term 72 for recognizeCandidate:ad4d83c7-0f96-47bc-a4e8-7e5d9f844896
2019-10-23 12:13:27,494 [grpc-default-executor-3] INFO  impl.RoleInfo (RoleInfo.java:shutdownFollowerState(121)) - 02863277-f564-4bc6-8337-fb22627f6f1a: shutdown FollowerState
2019-10-23 12:13:27,494 [grpc-default-executor-3] INFO  impl.RoleInfo (RoleInfo.java:updateAndGet(143)) - 02863277-f564-4bc6-8337-fb22627f6f1a: start FollowerState
2019-10-23 12:13:27,494 [Thread-943] INFO  impl.FollowerState (FollowerState.java:run(117)) - 02863277-f564-4bc6-8337-fb22627f6f1a@group-24C785E9A0FC-FollowerState was interrupted: java.lang.InterruptedException: sleep interrupted
2019-10-23 12:13:27,508 [ad4d83c7-0f96-47bc-a4e8-7e5d9f844896@group-24C785E9A0FC-LeaderElection83] INFO  impl.LeaderElection (LeaderElection.java:logAndReturn(56)) - ad4d83c7-0f96-47bc-a4e8-7e5d9f844896@group-24C785E9A0FC-LeaderElection83: Election REJECTED; received 2 response(s) [ad4d83c7-0f96-47bc-a4e8-7e5d9f844896<-3b749b59-de2a-419b-9a26-261692f5c83c#0:FAIL-t72, ad4d83c7-0f96-47bc-a4e8-7e5d9f844896<-02863277-f564-4bc6-8337-fb22627f6f1a#0:FAIL-t72] and 0 exception(s); ad4d83c7-0f96-47bc-a4e8-7e5d9f844896@group-24C785E9A0FC:t72, leader=null, voted=ad4d83c7-0f96-47bc-a4e8-7e5d9f844896, raftlog=ad4d83c7-0f96-47bc-a4e8-7e5d9f844896@group-24C785E9A0FC-SegmentedRaftLog:OPENED:c-1,f-1,i0, conf=-1: [3b749b59-de2a-419b-9a26-261692f5c83c:192.168.69.118:39205, ad4d83c7-0f96-47bc-a4e8-7e5d9f844896:192.168.69.118:41688, 02863277-f564-4bc6-8337-fb22627f6f1a:192.168.69.118:36850], old=null
2019-10-23 12:13:27,508 [ad4d83c7-0f96-47bc-a4e8-7e5d9f844896@group-24C785E9A0FC-LeaderElection83] INFO  impl.RaftServerImpl (RaftServerImpl.java:setRole(184)) - ad4d83c7-0f96-47bc-a4e8-7e5d9f844896@group-24C785E9A0FC: changes role from CANDIDATE to FOLLOWER at term 72 for DISCOVERED_A_NEW_TERM
2019-10-23 12:13:27,508 [ad4d83c7-0f96-47bc-a4e8-7e5d9f844896@group-24C785E9A0FC-LeaderElection83] INFO  impl.RoleInfo (RoleInfo.java:shutdownLeaderElection(134)) - ad4d83c7-0f96-47bc-a4e8-7e5d9f844896: shutdown LeaderElection
2019-10-23 12:13:27,509 [ad4d83c7-0f96-47bc-a4e8-7e5d9f844896@group-24C785E9A0FC-LeaderElection83] INFO  impl.RoleInfo (RoleInfo.java:updateAndGet(143)) - ad4d83c7-0f96-47bc-a4e8-7e5d9f844896: start FollowerState
2019-10-23 12:13:27,549 [Thread-953] INFO  impl.FollowerState (FollowerState.java:run(108)) - ad4d83c7-0f96-47bc-a4e8-7e5d9f844896@group-24C785E9A0FC-FollowerState: change to CANDIDATE, lastRpcTime:40ms, electionTimeout:40ms
2019-10-23 12:13:27,549 [Thread-953] INFO  impl.RoleInfo (RoleInfo.java:shutdownFollowerState(121)) - ad4d83c7-0f96-47bc-a4e8-7e5d9f844896: shutdown FollowerState
2019-10-23 12:13:27,549 [Thread-953] INFO  impl.RaftServerImpl (RaftServerImpl.java:setRole(184)) - ad4d83c7-0f96-47bc-a4e8-7e5d9f844896@group-24C785E9A0FC: changes role from  FOLLOWER to CANDIDATE at term 72 for changeToCandidate
2019-10-23 12:13:27,549 [Thread-953] INFO  impl.RoleInfo (RoleInfo.java:updateAndGet(143)) - ad4d83c7-0f96-47bc-a4e8-7e5d9f844896: start LeaderElection
2019-10-23 12:13:27,563 [ad4d83c7-0f96-47bc-a4e8-7e5d9f844896@group-24C785E9A0FC-LeaderElection84] INFO  impl.LeaderElection (LeaderElection.java:askForVotes(178)) - ad4d83c7-0f96-47bc-a4e8-7e5d9f844896@group-24C785E9A0FC-LeaderElection84: begin an election at term 73 for -1: [3b749b59-de2a-419b-9a26-261692f5c83c:192.168.69.118:39205, ad4d83c7-0f96-47bc-a4e8-7e5d9f844896:192.168.69.118:41688, 02863277-f564-4bc6-8337-fb22627f6f1a:192.168.69.118:36850], old=null
2019-10-23 12:13:27,566 [grpc-default-executor-3] INFO  impl.RaftServerImpl (RaftServerImpl.java:setRole(184)) - 3b749b59-de2a-419b-9a26-261692f5c83c@group-24C785E9A0FC: changes role from  FOLLOWER to FOLLOWER at term 73 for recognizeCandidate:ad4d83c7-0f96-47bc-a4e8-7e5d9f844896
2019-10-23 12:13:27,566 [grpc-default-executor-4] INFO  impl.RaftServerImpl (RaftServerImpl.java:setRole(184)) - 02863277-f564-4bc6-8337-fb22627f6f1a@group-24C785E9A0FC: changes role from  FOLLOWER to FOLLOWER at term 73 for recognizeCandidate:ad4d83c7-0f96-47bc-a4e8-7e5d9f844896
2019-10-23 12:13:27,566 [grpc-default-executor-3] INFO  impl.RoleInfo (RoleInfo.java:shutdownFollowerState(121)) - 3b749b59-de2a-419b-9a26-261692f5c83c: shutdown FollowerState
2019-10-23 12:13:27,566 [grpc-default-executor-4] INFO  impl.RoleInfo (RoleInfo.java:shutdownFollowerState(121)) - 02863277-f564-4bc6-8337-fb22627f6f1a: shutdown FollowerState
2019-10-23 12:13:27,566 [Thread-951] INFO  impl.FollowerState (FollowerState.java:run(117)) - 3b749b59-de2a-419b-9a26-261692f5c83c@group-24C785E9A0FC-FollowerState was interrupted: java.lang.InterruptedException: sleep interrupted
2019-10-23 12:13:27,566 [grpc-default-executor-3] INFO  impl.RoleInfo (RoleInfo.java:updateAndGet(143)) - 3b749b59-de2a-419b-9a26-261692f5c83c: start FollowerState
2019-10-23 12:13:27,566 [Thread-952] INFO  impl.FollowerState (FollowerState.java:run(117)) - 02863277-f564-4bc6-8337-fb22627f6f1a@group-24C785E9A0FC-FollowerState was interrupted: java.lang.InterruptedException: sleep interrupted
2019-10-23 12:13:27,566 [grpc-default-executor-4] INFO  impl.RoleInfo (RoleInfo.java:updateAndGet(143)) - 02863277-f564-4bc6-8337-fb22627f6f1a: start FollowerState
2019-10-23 12:13:27,581 [ad4d83c7-0f96-47bc-a4e8-7e5d9f844896@group-24C785E9A0FC-LeaderElection84] INFO  impl.LeaderElection (LeaderElection.java:logAndReturn(56)) - ad4d83c7-0f96-47bc-a4e8-7e5d9f844896@group-24C785E9A0FC-LeaderElection84: Election REJECTED; received 2 response(s) [ad4d83c7-0f96-47bc-a4e8-7e5d9f844896<-3b749b59-de2a-419b-9a26-261692f5c83c#0:FAIL-t73, ad4d83c7-0f96-47bc-a4e8-7e5d9f844896<-02863277-f564-4bc6-8337-fb22627f6f1a#0:FAIL-t73] and 0 exception(s); ad4d83c7-0f96-47bc-a4e8-7e5d9f844896@group-24C785E9A0FC:t73, leader=null, voted=ad4d83c7-0f96-47bc-a4e8-7e5d9f844896, raftlog=ad4d83c7-0f96-47bc-a4e8-7e5d9f844896@group-24C785E9A0FC-SegmentedRaftLog:OPENED:c-1,f-1,i0, conf=-1: [3b749b59-de2a-419b-9a26-261692f5c83c:192.168.69.118:39205, ad4d83c7-0f96-47bc-a4e8-7e5d9f844896:192.168.69.118:41688, 02863277-f564-4bc6-8337-fb22627f6f1a:192.168.69.118:36850], old=null
2019-10-23 12:13:27,581 [ad4d83c7-0f96-47bc-a4e8-7e5d9f844896@group-24C785E9A0FC-LeaderElection84] INFO  impl.RaftServerImpl (RaftServerImpl.java:setRole(184)) - ad4d83c7-0f96-47bc-a4e8-7e5d9f844896@group-24C785E9A0FC: changes role from CANDIDATE to FOLLOWER at term 73 for DISCOVERED_A_NEW_TERM
2019-10-23 12:13:27,581 [ad4d83c7-0f96-47bc-a4e8-7e5d9f844896@group-24C785E9A0FC-LeaderElection84] INFO  impl.RoleInfo (RoleInfo.java:shutdownLeaderElection(134)) - ad4d83c7-0f96-47bc-a4e8-7e5d9f844896: shutdown LeaderElection
2019-10-23 12:13:27,581 [ad4d83c7-0f96-47bc-a4e8-7e5d9f844896@group-24C785E9A0FC-LeaderElection84] INFO  impl.RoleInfo (RoleInfo.java:updateAndGet(143)) - ad4d83c7-0f96-47bc-a4e8-7e5d9f844896: start FollowerState
2019-10-23 12:13:27,665 [Thread-959] INFO  impl.FollowerState (FollowerState.java:run(108)) - ad4d83c7-0f96-47bc-a4e8-7e5d9f844896@group-24C785E9A0FC-FollowerState: change to CANDIDATE, lastRpcTime:83ms, electionTimeout:83ms
2019-10-23 12:13:27,665 [Thread-959] INFO  impl.RoleInfo (RoleInfo.java:shutdownFollowerState(121)) - ad4d83c7-0f96-47bc-a4e8-7e5d9f844896: shutdown FollowerState
2019-10-23 12:13:27,665 [Thread-959] INFO  impl.RaftServerImpl (RaftServerImpl.java:setRole(184)) - ad4d83c7-0f96-47bc-a4e8-7e5d9f844896@group-24C785E9A0FC: changes role from  FOLLOWER to CANDIDATE at term 73 for changeToCandidate
2019-10-23 12:13:27,665 [Thread-959] INFO  impl.RoleInfo (RoleInfo.java:updateAndGet(143)) - ad4d83c7-0f96-47bc-a4e8-7e5d9f844896: start LeaderElection
2019-10-23 12:13:27,670 [ad4d83c7-0f96-47bc-a4e8-7e5d9f844896@group-24C785E9A0FC-LeaderElection85] INFO  impl.LeaderElection (LeaderElection.java:askForVotes(178)) - ad4d83c7-0f96-47bc-a4e8-7e5d9f844896@group-24C785E9A0FC-LeaderElection85: begin an election at term 74 for -1: [3b749b59-de2a-419b-9a26-261692f5c83c:192.168.69.118:39205, ad4d83c7-0f96-47bc-a4e8-7e5d9f844896:192.168.69.118:41688, 02863277-f564-4bc6-8337-fb22627f6f1a:192.168.69.118:36850], old=null
2019-10-23 12:13:27,673 [ad4d83c7-0f96-47bc-a4e8-7e5d9f844896@group-24C785E9A0FC-LeaderElection85] INFO  impl.LeaderElection (LeaderElection.java:logAndReturn(56)) - ad4d83c7-0f96-47bc-a4e8-7e5d9f844896@group-24C785E9A0FC-LeaderElection85: Election TIMEOUT; received 0 response(s) [] and 0 exception(s); ad4d83c7-0f96-47bc-a4e8-7e5d9f844896@group-24C785E9A0FC:t74, leader=null, voted=ad4d83c7-0f96-47bc-a4e8-7e5d9f844896, raftlog=ad4d83c7-0f96-47bc-a4e8-7e5d9f844896@group-24C785E9A0FC-SegmentedRaftLog:OPENED:c-1,f-1,i0, conf=-1: [3b749b59-de2a-419b-9a26-261692f5c83c:192.168.69.118:39205, ad4d83c7-0f96-47bc-a4e8-7e5d9f844896:192.168.69.118:41688, 02863277-f564-4bc6-8337-fb22627f6f1a:192.168.69.118:36850], old=null
2019-10-23 12:13:27,673 [grpc-default-executor-4] INFO  impl.RaftServerImpl (RaftServerImpl.java:setRole(184)) - 3b749b59-de2a-419b-9a26-261692f5c83c@group-24C785E9A0FC: changes role from  FOLLOWER to FOLLOWER at term 74 for recognizeCandidate:ad4d83c7-0f96-47bc-a4e8-7e5d9f844896
2019-10-23 12:13:27,673 [grpc-default-executor-4] INFO  impl.RoleInfo (RoleInfo.java:shutdownFollowerState(121)) - 3b749b59-de2a-419b-9a26-261692f5c83c: shutdown FollowerState
2019-10-23 12:13:27,673 [grpc-default-executor-3] INFO  impl.RaftServerImpl (RaftServerImpl.java:setRole(184)) - 02863277-f564-4bc6-8337-fb22627f6f1a@group-24C785E9A0FC: changes role from  FOLLOWER to FOLLOWER at term 74 for recognizeCandidate:ad4d83c7-0f96-47bc-a4e8-7e5d9f844896
2019-10-23 12:13:27,674 [Thread-957] INFO  impl.FollowerState (FollowerState.java:run(117)) - 3b749b59-de2a-419b-9a26-261692f5c83c@group-24C785E9A0FC-FollowerState was interrupted: java.lang.InterruptedException: sleep interrupted
2019-10-23 12:13:27,674 [grpc-default-executor-4] INFO  impl.RoleInfo (RoleInfo.java:updateAndGet(143)) - 3b749b59-de2a-419b-9a26-261692f5c83c: start FollowerState
2019-10-23 12:13:27,674 [grpc-default-executor-3] INFO  impl.RoleInfo (RoleInfo.java:shutdownFollowerState(121)) - 02863277-f564-4bc6-8337-fb22627f6f1a: shutdown FollowerState
2019-10-23 12:13:27,674 [grpc-default-executor-3] INFO  impl.RoleInfo (RoleInfo.java:updateAndGet(143)) - 02863277-f564-4bc6-8337-fb22627f6f1a: start FollowerState
2019-10-23 12:13:27,675 [Thread-958] INFO  impl.FollowerState (FollowerState.java:run(117)) - 02863277-f564-4bc6-8337-fb22627f6f1a@group-24C785E9A0FC-FollowerState was interrupted: java.lang.InterruptedException: sleep interrupted
2019-10-23 12:13:27,683 [ad4d83c7-0f96-47bc-a4e8-7e5d9f844896@group-24C785E9A0FC-LeaderElection85] INFO  impl.LeaderElection (LeaderElection.java:askForVotes(178)) - ad4d83c7-0f96-47bc-a4e8-7e5d9f844896@group-24C785E9A0FC-LeaderElection85: begin an election at term 75 for -1: [3b749b59-de2a-419b-9a26-261692f5c83c:192.168.69.118:39205, ad4d83c7-0f96-47bc-a4e8-7e5d9f844896:192.168.69.118:41688, 02863277-f564-4bc6-8337-fb22627f6f1a:192.168.69.118:36850], old=null
2019-10-23 12:13:27,685 [grpc-default-executor-4] INFO  impl.RaftServerImpl (RaftServerImpl.java:setRole(184)) - 3b749b59-de2a-419b-9a26-261692f5c83c@group-24C785E9A0FC: changes role from  FOLLOWER to FOLLOWER at term 75 for recognizeCandidate:ad4d83c7-0f96-47bc-a4e8-7e5d9f844896
2019-10-23 12:13:27,685 [grpc-default-executor-4] INFO  impl.RoleInfo (RoleInfo.java:shutdownFollowerState(121)) - 3b749b59-de2a-419b-9a26-261692f5c83c: shutdown FollowerState
2019-10-23 12:13:27,685 [Thread-963] INFO  impl.FollowerState (FollowerState.java:run(117)) - 3b749b59-de2a-419b-9a26-261692f5c83c@group-24C785E9A0FC-FollowerState was interrupted: java.lang.InterruptedException: sleep interrupted
2019-10-23 12:13:27,685 [grpc-default-executor-4] INFO  impl.RoleInfo (RoleInfo.java:updateAndGet(143)) - 3b749b59-de2a-419b-9a26-261692f5c83c: start FollowerState
2019-10-23 12:13:27,686 [grpc-default-executor-3] INFO  impl.RaftServerImpl (RaftServerImpl.java:setRole(184)) - 02863277-f564-4bc6-8337-fb22627f6f1a@group-24C785E9A0FC: changes role from  FOLLOWER to FOLLOWER at term 75 for recognizeCandidate:ad4d83c7-0f96-47bc-a4e8-7e5d9f844896
2019-10-23 12:13:27,686 [grpc-default-executor-3] INFO  impl.RoleInfo (RoleInfo.java:shutdownFollowerState(121)) - 02863277-f564-4bc6-8337-fb22627f6f1a: shutdown FollowerState
2019-10-23 12:13:27,686 [grpc-default-executor-3] INFO  impl.RoleInfo (RoleInfo.java:updateAndGet(143)) - 02863277-f564-4bc6-8337-fb22627f6f1a: start FollowerState
2019-10-23 12:13:27,686 [Thread-964] INFO  impl.FollowerState (FollowerState.java:run(117)) - 02863277-f564-4bc6-8337-fb22627f6f1a@group-24C785E9A0FC-FollowerState was interrupted: java.lang.InterruptedException: sleep interrupted
2019-10-23 12:13:27,709 [ad4d83c7-0f96-47bc-a4e8-7e5d9f844896@group-24C785E9A0FC-LeaderElection85] INFO  impl.LeaderElection (LeaderElection.java:logAndReturn(56)) - ad4d83c7-0f96-47bc-a4e8-7e5d9f844896@group-24C785E9A0FC-LeaderElection85: Election REJECTED; received 2 response(s) [ad4d83c7-0f96-47bc-a4e8-7e5d9f844896<-3b749b59-de2a-419b-9a26-261692f5c83c#0:FAIL-t75, ad4d83c7-0f96-47bc-a4e8-7e5d9f844896<-02863277-f564-4bc6-8337-fb22627f6f1a#0:FAIL-t75] and 0 exception(s); ad4d83c7-0f96-47bc-a4e8-7e5d9f844896@group-24C785E9A0FC:t75, leader=null, voted=ad4d83c7-0f96-47bc-a4e8-7e5d9f844896, raftlog=ad4d83c7-0f96-47bc-a4e8-7e5d9f844896@group-24C785E9A0FC-SegmentedRaftLog:OPENED:c-1,f-1,i0, conf=-1: [3b749b59-de2a-419b-9a26-261692f5c83c:192.168.69.118:39205, ad4d83c7-0f96-47bc-a4e8-7e5d9f844896:192.168.69.118:41688, 02863277-f564-4bc6-8337-fb22627f6f1a:192.168.69.118:36850], old=null
2019-10-23 12:13:27,709 [ad4d83c7-0f96-47bc-a4e8-7e5d9f844896@group-24C785E9A0FC-LeaderElection85] INFO  impl.RaftServerImpl (RaftServerImpl.java:setRole(184)) - ad4d83c7-0f96-47bc-a4e8-7e5d9f844896@group-24C785E9A0FC: changes role from CANDIDATE to FOLLOWER at term 75 for DISCOVERED_A_NEW_TERM
2019-10-23 12:13:27,709 [ad4d83c7-0f96-47bc-a4e8-7e5d9f844896@group-24C785E9A0FC-LeaderElection85] INFO  impl.RoleInfo (RoleInfo.java:shutdownLeaderElection(134)) - ad4d83c7-0f96-47bc-a4e8-7e5d9f844896: shutdown LeaderElection
2019-10-23 12:13:27,709 [ad4d83c7-0f96-47bc-a4e8-7e5d9f844896@group-24C785E9A0FC-LeaderElection85] INFO  impl.RoleInfo (RoleInfo.java:updateAndGet(143)) - ad4d83c7-0f96-47bc-a4e8-7e5d9f844896: start FollowerState
2019-10-23 12:13:27,795 [Thread-969] INFO  impl.FollowerState (FollowerState.java:run(108)) - ad4d83c7-0f96-47bc-a4e8-7e5d9f844896@group-24C785E9A0FC-FollowerState: change to CANDIDATE, lastRpcTime:85ms, electionTimeout:85ms
2019-10-23 12:13:27,795 [Thread-969] INFO  impl.RoleInfo (RoleInfo.java:shutdownFollowerState(121)) - ad4d83c7-0f96-47bc-a4e8-7e5d9f844896: shutdown FollowerState
2019-10-23 12:13:27,795 [Thread-969] INFO  impl.RaftServerImpl (RaftServerImpl.java:setRole(184)) - ad4d83c7-0f96-47bc-a4e8-7e5d9f844896@group-24C785E9A0FC: changes role from  FOLLOWER to CANDIDATE at term 75 for changeToCandidate
2019-10-23 12:13:27,796 [Thread-969] INFO  impl.RoleInfo (RoleInfo.java:updateAndGet(143)) - ad4d83c7-0f96-47bc-a4e8-7e5d9f844896: start LeaderElection
2019-10-23 12:13:27,811 [ad4d83c7-0f96-47bc-a4e8-7e5d9f844896@group-24C785E9A0FC-LeaderElection86] INFO  impl.LeaderElection (LeaderElection.java:askForVotes(178)) - ad4d83c7-0f96-47bc-a4e8-7e5d9f844896@group-24C785E9A0FC-LeaderElection86: begin an election at term 76 for -1: [3b749b59-de2a-419b-9a26-261692f5c83c:192.168.69.118:39205, ad4d83c7-0f96-47bc-a4e8-7e5d9f844896:192.168.69.118:41688, 02863277-f564-4bc6-8337-fb22627f6f1a:192.168.69.118:36850], old=null
2019-10-23 12:13:27,816 [grpc-default-executor-4] INFO  impl.RaftServerImpl (RaftServerImpl.java:setRole(184)) - 02863277-f564-4bc6-8337-fb22627f6f1a@group-24C785E9A0FC: changes role from  FOLLOWER to FOLLOWER at term 76 for recognizeCandidate:ad4d83c7-0f96-47bc-a4e8-7e5d9f844896
2019-10-23 12:13:27,816 [grpc-default-executor-3] INFO  impl.RaftServerImpl (RaftServerImpl.java:setRole(184)) - 3b749b59-de2a-419b-9a26-261692f5c83c@group-24C785E9A0FC: changes role from  FOLLOWER to FOLLOWER at term 76 for recognizeCandidate:ad4d83c7-0f96-47bc-a4e8-7e5d9f844896
2019-10-23 12:13:27,816 [grpc-default-executor-4] INFO  impl.RoleInfo (RoleInfo.java:shutdownFollowerState(121)) - 02863277-f564-4bc6-8337-fb22627f6f1a: shutdown FollowerState
2019-10-23 12:13:27,816 [grpc-default-executor-3] INFO  impl.RoleInfo (RoleInfo.java:shutdownFollowerState(121)) - 3b749b59-de2a-419b-9a26-261692f5c83c: shutdown FollowerState
2019-10-23 12:13:27,816 [Thread-968] INFO  impl.FollowerState (FollowerState.java:run(117)) - 02863277-f564-4bc6-8337-fb22627f6f1a@group-24C785E9A0FC-FollowerState was interrupted: java.lang.InterruptedException: sleep interrupted
2019-10-23 12:13:27,816 [grpc-default-executor-4] INFO  impl.RoleInfo (RoleInfo.java:updateAndGet(143)) - 02863277-f564-4bc6-8337-fb22627f6f1a: start FollowerState
2019-10-23 12:13:27,816 [Thread-967] INFO  impl.FollowerState (FollowerState.java:run(117)) - 3b749b59-de2a-419b-9a26-261692f5c83c@group-24C785E9A0FC-FollowerState was interrupted: java.lang.InterruptedException: sleep interrupted
2019-10-23 12:13:27,816 [grpc-default-executor-3] INFO  impl.RoleInfo (RoleInfo.java:updateAndGet(143)) - 3b749b59-de2a-419b-9a26-261692f5c83c: start FollowerState
2019-10-23 12:13:27,833 [ad4d83c7-0f96-47bc-a4e8-7e5d9f844896@group-24C785E9A0FC-LeaderElection86] INFO  impl.LeaderElection (LeaderElection.java:logAndReturn(56)) - ad4d83c7-0f96-47bc-a4e8-7e5d9f844896@group-24C785E9A0FC-LeaderElection86: Election REJECTED; received 2 response(s) [ad4d83c7-0f96-47bc-a4e8-7e5d9f844896<-3b749b59-de2a-419b-9a26-261692f5c83c#0:FAIL-t76, ad4d83c7-0f96-47bc-a4e8-7e5d9f844896<-02863277-f564-4bc6-8337-fb22627f6f1a#0:FAIL-t76] and 0 exception(s); ad4d83c7-0f96-47bc-a4e8-7e5d9f844896@group-24C785E9A0FC:t76, leader=null, voted=ad4d83c7-0f96-47bc-a4e8-7e5d9f844896, raftlog=ad4d83c7-0f96-47bc-a4e8-7e5d9f844896@group-24C785E9A0FC-SegmentedRaftLog:OPENED:c-1,f-1,i0, conf=-1: [3b749b59-de2a-419b-9a26-261692f5c83c:192.168.69.118:39205, ad4d83c7-0f96-47bc-a4e8-7e5d9f844896:192.168.69.118:41688, 02863277-f564-4bc6-8337-fb22627f6f1a:192.168.69.118:36850], old=null
2019-10-23 12:13:27,833 [ad4d83c7-0f96-47bc-a4e8-7e5d9f844896@group-24C785E9A0FC-LeaderElection86] INFO  impl.RaftServerImpl (RaftServerImpl.java:setRole(184)) - ad4d83c7-0f96-47bc-a4e8-7e5d9f844896@group-24C785E9A0FC: changes role from CANDIDATE to FOLLOWER at term 76 for DISCOVERED_A_NEW_TERM
2019-10-23 12:13:27,833 [ad4d83c7-0f96-47bc-a4e8-7e5d9f844896@group-24C785E9A0FC-LeaderElection86] INFO  impl.RoleInfo (RoleInfo.java:shutdownLeaderElection(134)) - ad4d83c7-0f96-47bc-a4e8-7e5d9f844896: shutdown LeaderElection
2019-10-23 12:13:27,833 [ad4d83c7-0f96-47bc-a4e8-7e5d9f844896@group-24C785E9A0FC-LeaderElection86] INFO  impl.RoleInfo (RoleInfo.java:updateAndGet(143)) - ad4d83c7-0f96-47bc-a4e8-7e5d9f844896: start FollowerState
2019-10-23 12:13:27,989 [Thread-975] INFO  impl.FollowerState (FollowerState.java:run(108)) - ad4d83c7-0f96-47bc-a4e8-7e5d9f844896@group-24C785E9A0FC-FollowerState: change to CANDIDATE, lastRpcTime:155ms, electionTimeout:155ms
2019-10-23 12:13:27,989 [Thread-975] INFO  impl.RoleInfo (RoleInfo.java:shutdownFollowerState(121)) - ad4d83c7-0f96-47bc-a4e8-7e5d9f844896: shutdown FollowerState
2019-10-23 12:13:27,989 [Thread-975] INFO  impl.RaftServerImpl (RaftServerImpl.java:setRole(184)) - ad4d83c7-0f96-47bc-a4e8-7e5d9f844896@group-24C785E9A0FC: changes role from  FOLLOWER to CANDIDATE at term 76 for changeToCandidate
2019-10-23 12:13:27,989 [Thread-975] INFO  impl.RoleInfo (RoleInfo.java:updateAndGet(143)) - ad4d83c7-0f96-47bc-a4e8-7e5d9f844896: start LeaderElection
2019-10-23 12:13:27,993 [ad4d83c7-0f96-47bc-a4e8-7e5d9f844896@group-24C785E9A0FC-LeaderElection87] INFO  impl.LeaderElection (LeaderElection.java:askForVotes(178)) - ad4d83c7-0f96-47bc-a4e8-7e5d9f844896@group-24C785E9A0FC-LeaderElection87: begin an election at term 77 for -1: [3b749b59-de2a-419b-9a26-261692f5c83c:192.168.69.118:39205, ad4d83c7-0f96-47bc-a4e8-7e5d9f844896:192.168.69.118:41688, 02863277-f564-4bc6-8337-fb22627f6f1a:192.168.69.118:36850], old=null
2019-10-23 12:13:27,996 [grpc-default-executor-3] INFO  impl.RaftServerImpl (RaftServerImpl.java:setRole(184)) - 02863277-f564-4bc6-8337-fb22627f6f1a@group-24C785E9A0FC: changes role from  FOLLOWER to FOLLOWER at term 77 for recognizeCandidate:ad4d83c7-0f96-47bc-a4e8-7e5d9f844896
2019-10-23 12:13:27,996 [grpc-default-executor-4] INFO  impl.RaftServerImpl (RaftServerImpl.java:setRole(184)) - 3b749b59-de2a-419b-9a26-261692f5c83c@group-24C785E9A0FC: changes role from  FOLLOWER to FOLLOWER at term 77 for recognizeCandidate:ad4d83c7-0f96-47bc-a4e8-7e5d9f844896
2019-10-23 12:13:27,996 [grpc-default-executor-3] INFO  impl.RoleInfo (RoleInfo.java:shutdownFollowerState(121)) - 02863277-f564-4bc6-8337-fb22627f6f1a: shutdown FollowerState
2019-10-23 12:13:27,996 [grpc-default-executor-4] INFO  impl.RoleInfo (RoleInfo.java:shutdownFollowerState(121)) - 3b749b59-de2a-419b-9a26-261692f5c83c: shutdown FollowerState
2019-10-23 12:13:27,996 [grpc-default-executor-3] INFO  impl.RoleInfo (RoleInfo.java:updateAndGet(143)) - 02863277-f564-4bc6-8337-fb22627f6f1a: start FollowerState
2019-10-23 12:13:27,996 [Thread-973] INFO  impl.FollowerState (FollowerState.java:run(117)) - 02863277-f564-4bc6-8337-fb22627f6f1a@group-24C785E9A0FC-FollowerState was interrupted: java.lang.InterruptedException: sleep interrupted
2019-10-23 12:13:27,996 [Thread-974] INFO  impl.FollowerState (FollowerState.java:run(117)) - 3b749b59-de2a-419b-9a26-261692f5c83c@group-24C785E9A0FC-FollowerState was interrupted: java.lang.InterruptedException: sleep interrupted
2019-10-23 12:13:27,996 [grpc-default-executor-4] INFO  impl.RoleInfo (RoleInfo.java:updateAndGet(143)) - 3b749b59-de2a-419b-9a26-261692f5c83c: start FollowerState
2019-10-23 12:13:28,013 [ad4d83c7-0f96-47bc-a4e8-7e5d9f844896@group-24C785E9A0FC-LeaderElection87] INFO  impl.LeaderElection (LeaderElection.java:logAndReturn(56)) - ad4d83c7-0f96-47bc-a4e8-7e5d9f844896@group-24C785E9A0FC-LeaderElection87: Election REJECTED; received 2 response(s) [ad4d83c7-0f96-47bc-a4e8-7e5d9f844896<-3b749b59-de2a-419b-9a26-261692f5c83c#0:FAIL-t77, ad4d83c7-0f96-47bc-a4e8-7e5d9f844896<-02863277-f564-4bc6-8337-fb22627f6f1a#0:FAIL-t77] and 0 exception(s); ad4d83c7-0f96-47bc-a4e8-7e5d9f844896@group-24C785E9A0FC:t77, leader=null, voted=ad4d83c7-0f96-47bc-a4e8-7e5d9f844896, raftlog=ad4d83c7-0f96-47bc-a4e8-7e5d9f844896@group-24C785E9A0FC-SegmentedRaftLog:OPENED:c-1,f-1,i0, conf=-1: [3b749b59-de2a-419b-9a26-261692f5c83c:192.168.69.118:39205, ad4d83c7-0f96-47bc-a4e8-7e5d9f844896:192.168.69.118:41688, 02863277-f564-4bc6-8337-fb22627f6f1a:192.168.69.118:36850], old=null
2019-10-23 12:13:28,013 [ad4d83c7-0f96-47bc-a4e8-7e5d9f844896@group-24C785E9A0FC-LeaderElection87] INFO  impl.RaftServerImpl (RaftServerImpl.java:setRole(184)) - ad4d83c7-0f96-47bc-a4e8-7e5d9f844896@group-24C785E9A0FC: changes role from CANDIDATE to FOLLOWER at term 77 for DISCOVERED_A_NEW_TERM
2019-10-23 12:13:28,014 [ad4d83c7-0f96-47bc-a4e8-7e5d9f844896@group-24C785E9A0FC-LeaderElection87] INFO  impl.RoleInfo (RoleInfo.java:shutdownLeaderElection(134)) - ad4d83c7-0f96-47bc-a4e8-7e5d9f844896: shutdown LeaderElection
2019-10-23 12:13:28,014 [ad4d83c7-0f96-47bc-a4e8-7e5d9f844896@group-24C785E9A0FC-LeaderElection87] INFO  impl.RoleInfo (RoleInfo.java:updateAndGet(143)) - ad4d83c7-0f96-47bc-a4e8-7e5d9f844896: start FollowerState
2019-10-23 12:13:28,099 [Thread-987] INFO  impl.FollowerState (FollowerState.java:run(108)) - ad4d83c7-0f96-47bc-a4e8-7e5d9f844896@group-24C785E9A0FC-FollowerState: change to CANDIDATE, lastRpcTime:84ms, electionTimeout:84ms
2019-10-23 12:13:28,099 [Thread-987] INFO  impl.RoleInfo (RoleInfo.java:shutdownFollowerState(121)) - ad4d83c7-0f96-47bc-a4e8-7e5d9f844896: shutdown FollowerState
2019-10-23 12:13:28,099 [Thread-987] INFO  impl.RaftServerImpl (RaftServerImpl.java:setRole(184)) - ad4d83c7-0f96-47bc-a4e8-7e5d9f844896@group-24C785E9A0FC: changes role from  FOLLOWER to CANDIDATE at term 77 for changeToCandidate
2019-10-23 12:13:28,109 [Thread-987] INFO  impl.RoleInfo (RoleInfo.java:updateAndGet(143)) - ad4d83c7-0f96-47bc-a4e8-7e5d9f844896: start LeaderElection
2019-10-23 12:13:28,114 [main] WARN  io.KeyOutputStream (KeyOutputStream.java:handleException(274)) - Encountered exception java.io.IOException: Unexpected Storage Container Exception: java.util.concurrent.CompletionException: java.util.concurrent.CompletionException: org.apache.ratis.protocol.RaftRetryFailureException: Failed RaftClientRequest:client-E01B175B9D93->ad4d83c7-0f96-47bc-a4e8-7e5d9f844896@group-24C785E9A0FC, cid=19, seq=1*, RW, cmdType: WriteChunk
traceID: "3b4c06e2b87e6d5e:3b4c06e2b87e6d5e:0:0"
containerID: 1
datanodeUuid: "02863277-f564-4bc6-8337-fb22627f6f1a"
writeChunk {
  blockID {
    containerID: 1
    localID: 103011634253856768
    blockCommitSequenceId: 0
  }
  chunkData {
    chunkName: "103011634253856768_chunk_1"
    offset: 0
    len: 1048576
    checksumData {
      type: CRC32
      bytesPerChecksum: 1048576
      checksums: "\361\003\002\247"
    }
  }
}
, data.size=1048576 for 10 attempts with RetryLimited(maxAttempts=10, sleepTime=1000ms) on the pipeline Pipeline[ Id: cb4ec3de-4b82-45da-a5a1-24c785e9a0fc, Nodes: 02863277-f564-4bc6-8337-fb22627f6f1a{ip: 192.168.69.118, host: pr-hdds1643-t2fz7-3136866267, networkLocation: /default-rack, certSerialId: null}3b749b59-de2a-419b-9a26-261692f5c83c{ip: 192.168.69.118, host: pr-hdds1643-t2fz7-3136866267, networkLocation: /default-rack, certSerialId: null}ad4d83c7-0f96-47bc-a4e8-7e5d9f844896{ip: 192.168.69.118, host: pr-hdds1643-t2fz7-3136866267, networkLocation: /default-rack, certSerialId: null}, Type:RATIS, Factor:THREE, State:OPEN]. The last committed block length is 0, uncommitted data length is 2097152 retry count 0
2019-10-23 12:13:28,131 [ad4d83c7-0f96-47bc-a4e8-7e5d9f844896@group-24C785E9A0FC-LeaderElection88] INFO  impl.LeaderElection (LeaderElection.java:askForVotes(178)) - ad4d83c7-0f96-47bc-a4e8-7e5d9f844896@group-24C785E9A0FC-LeaderElection88: begin an election at term 78 for -1: [3b749b59-de2a-419b-9a26-261692f5c83c:192.168.69.118:39205, ad4d83c7-0f96-47bc-a4e8-7e5d9f844896:192.168.69.118:41688, 02863277-f564-4bc6-8337-fb22627f6f1a:192.168.69.118:36850], old=null
2019-10-23 12:13:28,147 [grpc-default-executor-5] INFO  impl.RaftServerImpl (RaftServerImpl.java:setRole(184)) - 02863277-f564-4bc6-8337-fb22627f6f1a@group-24C785E9A0FC: changes role from  FOLLOWER to FOLLOWER at term 78 for recognizeCandidate:ad4d83c7-0f96-47bc-a4e8-7e5d9f844896
2019-10-23 12:13:28,148 [grpc-default-executor-4] INFO  impl.RaftServerImpl (RaftServerImpl.java:setRole(184)) - 3b749b59-de2a-419b-9a26-261692f5c83c@group-24C785E9A0FC: changes role from  FOLLOWER to FOLLOWER at term 78 for recognizeCandidate:ad4d83c7-0f96-47bc-a4e8-7e5d9f844896
2019-10-23 12:13:28,148 [grpc-default-executor-4] INFO  impl.RoleInfo (RoleInfo.java:shutdownFollowerState(121)) - 3b749b59-de2a-419b-9a26-261692f5c83c: shutdown FollowerState
2019-10-23 12:13:28,148 [grpc-default-executor-5] INFO  impl.RoleInfo (RoleInfo.java:shutdownFollowerState(121)) - 02863277-f564-4bc6-8337-fb22627f6f1a: shutdown FollowerState
2019-10-23 12:13:28,168 [grpc-default-executor-5] INFO  impl.RoleInfo (RoleInfo.java:updateAndGet(143)) - 02863277-f564-4bc6-8337-fb22627f6f1a: start FollowerState
2019-10-23 12:13:28,168 [Thread-986] INFO  impl.FollowerState (FollowerState.java:run(117)) - 3b749b59-de2a-419b-9a26-261692f5c83c@group-24C785E9A0FC-FollowerState was interrupted: java.lang.InterruptedException: sleep interrupted
2019-10-23 12:13:28,168 [grpc-default-executor-4] INFO  impl.RoleInfo (RoleInfo.java:updateAndGet(143)) - 3b749b59-de2a-419b-9a26-261692f5c83c: start FollowerState
2019-10-23 12:13:28,171 [Thread-985] INFO  impl.FollowerState (FollowerState.java:run(117)) - 02863277-f564-4bc6-8337-fb22627f6f1a@group-24C785E9A0FC-FollowerState was interrupted: java.lang.InterruptedException: sleep interrupted
2019-10-23 12:13:28,189 [ad4d83c7-0f96-47bc-a4e8-7e5d9f844896@group-24C785E9A0FC-LeaderElection88] INFO  impl.LeaderElection (LeaderElection.java:logAndReturn(56)) - ad4d83c7-0f96-47bc-a4e8-7e5d9f844896@group-24C785E9A0FC-LeaderElection88: Election TIMEOUT; received 1 response(s) [ad4d83c7-0f96-47bc-a4e8-7e5d9f844896<-02863277-f564-4bc6-8337-fb22627f6f1a#0:FAIL-t78] and 0 exception(s); ad4d83c7-0f96-47bc-a4e8-7e5d9f844896@group-24C785E9A0FC:t78, leader=null, voted=ad4d83c7-0f96-47bc-a4e8-7e5d9f844896, raftlog=ad4d83c7-0f96-47bc-a4e8-7e5d9f844896@group-24C785E9A0FC-SegmentedRaftLog:OPENED:c-1,f-1,i0, conf=-1: [3b749b59-de2a-419b-9a26-261692f5c83c:192.168.69.118:39205, ad4d83c7-0f96-47bc-a4e8-7e5d9f844896:192.168.69.118:41688, 02863277-f564-4bc6-8337-fb22627f6f1a:192.168.69.118:36850], old=null
2019-10-23 12:13:28,216 [ad4d83c7-0f96-47bc-a4e8-7e5d9f844896@group-24C785E9A0FC-LeaderElection88] INFO  impl.LeaderElection (LeaderElection.java:askForVotes(178)) - ad4d83c7-0f96-47bc-a4e8-7e5d9f844896@group-24C785E9A0FC-LeaderElection88: begin an election at term 79 for -1: [3b749b59-de2a-419b-9a26-261692f5c83c:192.168.69.118:39205, ad4d83c7-0f96-47bc-a4e8-7e5d9f844896:192.168.69.118:41688, 02863277-f564-4bc6-8337-fb22627f6f1a:192.168.69.118:36850], old=null
2019-10-23 12:13:28,247 [grpc-default-executor-5] INFO  impl.RaftServerImpl (RaftServerImpl.java:setRole(184)) - 02863277-f564-4bc6-8337-fb22627f6f1a@group-24C785E9A0FC: changes role from  FOLLOWER to FOLLOWER at term 79 for recognizeCandidate:ad4d83c7-0f96-47bc-a4e8-7e5d9f844896
2019-10-23 12:13:28,247 [grpc-default-executor-4] INFO  impl.RaftServerImpl (RaftServerImpl.java:setRole(184)) - 3b749b59-de2a-419b-9a26-261692f5c83c@group-24C785E9A0FC: changes role from  FOLLOWER to FOLLOWER at term 79 for recognizeCandidate:ad4d83c7-0f96-47bc-a4e8-7e5d9f844896
2019-10-23 12:13:28,247 [grpc-default-executor-5] INFO  impl.RoleInfo (RoleInfo.java:shutdownFollowerState(121)) - 02863277-f564-4bc6-8337-fb22627f6f1a: shutdown FollowerState
2019-10-23 12:13:28,248 [grpc-default-executor-4] INFO  impl.RoleInfo (RoleInfo.java:shutdownFollowerState(121)) - 3b749b59-de2a-419b-9a26-261692f5c83c: shutdown FollowerState
2019-10-23 12:13:28,248 [grpc-default-executor-5] INFO  impl.RoleInfo (RoleInfo.java:updateAndGet(143)) - 02863277-f564-4bc6-8337-fb22627f6f1a: start FollowerState
2019-10-23 12:13:28,248 [grpc-default-executor-4] INFO  impl.RoleInfo (RoleInfo.java:updateAndGet(143)) - 3b749b59-de2a-419b-9a26-261692f5c83c: start FollowerState
2019-10-23 12:13:28,248 [Thread-993] INFO  impl.FollowerState (FollowerState.java:run(117)) - 02863277-f564-4bc6-8337-fb22627f6f1a@group-24C785E9A0FC-FollowerState was interrupted: java.lang.InterruptedException: sleep interrupted
2019-10-23 12:13:28,248 [Thread-994] INFO  impl.FollowerState (FollowerState.java:run(117)) - 3b749b59-de2a-419b-9a26-261692f5c83c@group-24C785E9A0FC-FollowerState was interrupted: java.lang.InterruptedException: sleep interrupted
2019-10-23 12:13:28,274 [ad4d83c7-0f96-47bc-a4e8-7e5d9f844896@group-24C785E9A0FC-LeaderElection88] INFO  impl.LeaderElection (LeaderElection.java:logAndReturn(56)) - ad4d83c7-0f96-47bc-a4e8-7e5d9f844896@group-24C785E9A0FC-LeaderElection88: Election REJECTED; received 2 response(s) [ad4d83c7-0f96-47bc-a4e8-7e5d9f844896<-3b749b59-de2a-419b-9a26-261692f5c83c#0:FAIL-t79, ad4d83c7-0f96-47bc-a4e8-7e5d9f844896<-02863277-f564-4bc6-8337-fb22627f6f1a#0:FAIL-t79] and 0 exception(s); ad4d83c7-0f96-47bc-a4e8-7e5d9f844896@group-24C785E9A0FC:t79, leader=null, voted=ad4d83c7-0f96-47bc-a4e8-7e5d9f844896, raftlog=ad4d83c7-0f96-47bc-a4e8-7e5d9f844896@group-24C785E9A0FC-SegmentedRaftLog:OPENED:c-1,f-1,i0, conf=-1: [3b749b59-de2a-419b-9a26-261692f5c83c:192.168.69.118:39205, ad4d83c7-0f96-47bc-a4e8-7e5d9f844896:192.168.69.118:41688, 02863277-f564-4bc6-8337-fb22627f6f1a:192.168.69.118:36850], old=null
2019-10-23 12:13:28,274 [ad4d83c7-0f96-47bc-a4e8-7e5d9f844896@group-24C785E9A0FC-LeaderElection88] INFO  impl.RaftServerImpl (RaftServerImpl.java:setRole(184)) - ad4d83c7-0f96-47bc-a4e8-7e5d9f844896@group-24C785E9A0FC: changes role from CANDIDATE to FOLLOWER at term 79 for DISCOVERED_A_NEW_TERM
2019-10-23 12:13:28,274 [ad4d83c7-0f96-47bc-a4e8-7e5d9f844896@group-24C785E9A0FC-LeaderElection88] INFO  impl.RoleInfo (RoleInfo.java:shutdownLeaderElection(134)) - ad4d83c7-0f96-47bc-a4e8-7e5d9f844896: shutdown LeaderElection
2019-10-23 12:13:28,274 [ad4d83c7-0f96-47bc-a4e8-7e5d9f844896@group-24C785E9A0FC-LeaderElection88] INFO  impl.RoleInfo (RoleInfo.java:updateAndGet(143)) - ad4d83c7-0f96-47bc-a4e8-7e5d9f844896: start FollowerState
2019-10-23 12:13:28,331 [Thread-1001] INFO  impl.FollowerState (FollowerState.java:run(108)) - ad4d83c7-0f96-47bc-a4e8-7e5d9f844896@group-24C785E9A0FC-FollowerState: change to CANDIDATE, lastRpcTime:56ms, electionTimeout:56ms
2019-10-23 12:13:28,331 [Thread-1001] INFO  impl.RoleInfo (RoleInfo.java:shutdownFollowerState(121)) - ad4d83c7-0f96-47bc-a4e8-7e5d9f844896: shutdown FollowerState
2019-10-23 12:13:28,331 [Thread-1001] INFO  impl.RaftServerImpl (RaftServerImpl.java:setRole(184)) - ad4d83c7-0f96-47bc-a4e8-7e5d9f844896@group-24C785E9A0FC: changes role from  FOLLOWER to CANDIDATE at term 79 for changeToCandidate
2019-10-23 12:13:28,342 [Thread-1001] INFO  impl.RoleInfo (RoleInfo.java:updateAndGet(143)) - ad4d83c7-0f96-47bc-a4e8-7e5d9f844896: start LeaderElection
2019-10-23 12:13:28,352 [ad4d83c7-0f96-47bc-a4e8-7e5d9f844896@group-24C785E9A0FC-LeaderElection89] INFO  impl.LeaderElection (LeaderElection.java:askForVotes(178)) - ad4d83c7-0f96-47bc-a4e8-7e5d9f844896@group-24C785E9A0FC-LeaderElection89: begin an election at term 80 for -1: [3b749b59-de2a-419b-9a26-261692f5c83c:192.168.69.118:39205, ad4d83c7-0f96-47bc-a4e8-7e5d9f844896:192.168.69.118:41688, 02863277-f564-4bc6-8337-fb22627f6f1a:192.168.69.118:36850], old=null
2019-10-23 12:13:28,374 [ad4d83c7-0f96-47bc-a4e8-7e5d9f844896@group-24C785E9A0FC-LeaderElection89] INFO  impl.LeaderElection (LeaderElection.java:logAndReturn(56)) - ad4d83c7-0f96-47bc-a4e8-7e5d9f844896@group-24C785E9A0FC-LeaderElection89: Election TIMEOUT; received 0 response(s) [] and 0 exception(s); ad4d83c7-0f96-47bc-a4e8-7e5d9f844896@group-24C785E9A0FC:t80, leader=null, voted=ad4d83c7-0f96-47bc-a4e8-7e5d9f844896, raftlog=ad4d83c7-0f96-47bc-a4e8-7e5d9f844896@group-24C785E9A0FC-SegmentedRaftLog:OPENED:c-1,f-1,i0, conf=-1: [3b749b59-de2a-419b-9a26-261692f5c83c:192.168.69.118:39205, ad4d83c7-0f96-47bc-a4e8-7e5d9f844896:192.168.69.118:41688, 02863277-f564-4bc6-8337-fb22627f6f1a:192.168.69.118:36850], old=null
2019-10-23 12:13:28,374 [grpc-default-executor-5] INFO  impl.RaftServerImpl (RaftServerImpl.java:setRole(184)) - 3b749b59-de2a-419b-9a26-261692f5c83c@group-24C785E9A0FC: changes role from  FOLLOWER to FOLLOWER at term 80 for recognizeCandidate:ad4d83c7-0f96-47bc-a4e8-7e5d9f844896
2019-10-23 12:13:28,374 [grpc-default-executor-4] INFO  impl.RaftServerImpl (RaftServerImpl.java:setRole(184)) - 02863277-f564-4bc6-8337-fb22627f6f1a@group-24C785E9A0FC: changes role from  FOLLOWER to FOLLOWER at term 80 for recognizeCandidate:ad4d83c7-0f96-47bc-a4e8-7e5d9f844896
2019-10-23 12:13:28,374 [grpc-default-executor-5] INFO  impl.RoleInfo (RoleInfo.java:shutdownFollowerState(121)) - 3b749b59-de2a-419b-9a26-261692f5c83c: shutdown FollowerState
2019-10-23 12:13:28,374 [grpc-default-executor-4] INFO  impl.RoleInfo (RoleInfo.java:shutdownFollowerState(121)) - 02863277-f564-4bc6-8337-fb22627f6f1a: shutdown FollowerState
2019-10-23 12:13:28,375 [grpc-default-executor-5] INFO  impl.RoleInfo (RoleInfo.java:updateAndGet(143)) - 3b749b59-de2a-419b-9a26-261692f5c83c: start FollowerState
2019-10-23 12:13:28,375 [Thread-1000] INFO  impl.FollowerState (FollowerState.java:run(117)) - 3b749b59-de2a-419b-9a26-261692f5c83c@group-24C785E9A0FC-FollowerState was interrupted: java.lang.InterruptedException: sleep interrupted
2019-10-23 12:13:28,375 [grpc-default-executor-4] INFO  impl.RoleInfo (RoleInfo.java:updateAndGet(143)) - 02863277-f564-4bc6-8337-fb22627f6f1a: start FollowerState
2019-10-23 12:13:28,375 [Thread-999] INFO  impl.FollowerState (FollowerState.java:run(117)) - 02863277-f564-4bc6-8337-fb22627f6f1a@group-24C785E9A0FC-FollowerState was interrupted: java.lang.InterruptedException: sleep interrupted
2019-10-23 12:13:28,407 [ad4d83c7-0f96-47bc-a4e8-7e5d9f844896@group-24C785E9A0FC-LeaderElection89] INFO  impl.LeaderElection (LeaderElection.java:askForVotes(178)) - ad4d83c7-0f96-47bc-a4e8-7e5d9f844896@group-24C785E9A0FC-LeaderElection89: begin an election at term 81 for -1: [3b749b59-de2a-419b-9a26-261692f5c83c:192.168.69.118:39205, ad4d83c7-0f96-47bc-a4e8-7e5d9f844896:192.168.69.118:41688, 02863277-f564-4bc6-8337-fb22627f6f1a:192.168.69.118:36850], old=null
2019-10-23 12:13:28,412 [grpc-default-executor-5] INFO  impl.RaftServerImpl (RaftServerImpl.java:setRole(184)) - 3b749b59-de2a-419b-9a26-261692f5c83c@group-24C785E9A0FC: changes role from  FOLLOWER to FOLLOWER at term 81 for recognizeCandidate:ad4d83c7-0f96-47bc-a4e8-7e5d9f844896
2019-10-23 12:13:28,412 [grpc-default-executor-5] INFO  impl.RoleInfo (RoleInfo.java:shutdownFollowerState(121)) - 3b749b59-de2a-419b-9a26-261692f5c83c: shutdown FollowerState
2019-10-23 12:13:28,412 [grpc-default-executor-5] INFO  impl.RoleInfo (RoleInfo.java:updateAndGet(143)) - 3b749b59-de2a-419b-9a26-261692f5c83c: start FollowerState
2019-10-23 12:13:28,412 [Thread-1005] INFO  impl.FollowerState (FollowerState.java:run(117)) - 3b749b59-de2a-419b-9a26-261692f5c83c@group-24C785E9A0FC-FollowerState was interrupted: java.lang.InterruptedException: sleep interrupted
2019-10-23 12:13:28,412 [grpc-default-executor-1] INFO  impl.RaftServerImpl (RaftServerImpl.java:setRole(184)) - 02863277-f564-4bc6-8337-fb22627f6f1a@group-24C785E9A0FC: changes role from  FOLLOWER to FOLLOWER at term 81 for recognizeCandidate:ad4d83c7-0f96-47bc-a4e8-7e5d9f844896
2019-10-23 12:13:28,412 [grpc-default-executor-1] INFO  impl.RoleInfo (RoleInfo.java:shutdownFollowerState(121)) - 02863277-f564-4bc6-8337-fb22627f6f1a: shutdown FollowerState
2019-10-23 12:13:28,413 [grpc-default-executor-1] INFO  impl.RoleInfo (RoleInfo.java:updateAndGet(143)) - 02863277-f564-4bc6-8337-fb22627f6f1a: start FollowerState
2019-10-23 12:13:28,413 [Thread-1006] INFO  impl.FollowerState (FollowerState.java:run(117)) - 02863277-f564-4bc6-8337-fb22627f6f1a@group-24C785E9A0FC-FollowerState was interrupted: java.lang.InterruptedException: sleep interrupted
2019-10-23 12:13:28,419 [ad4d83c7-0f96-47bc-a4e8-7e5d9f844896@group-24C785E9A0FC-LeaderElection89] INFO  impl.LeaderElection (LeaderElection.java:logAndReturn(56)) - ad4d83c7-0f96-47bc-a4e8-7e5d9f844896@group-24C785E9A0FC-LeaderElection89: Election REJECTED; received 2 response(s) [ad4d83c7-0f96-47bc-a4e8-7e5d9f844896<-3b749b59-de2a-419b-9a26-261692f5c83c#0:FAIL-t81, ad4d83c7-0f96-47bc-a4e8-7e5d9f844896<-02863277-f564-4bc6-8337-fb22627f6f1a#0:FAIL-t81] and 0 exception(s); ad4d83c7-0f96-47bc-a4e8-7e5d9f844896@group-24C785E9A0FC:t81, leader=null, voted=ad4d83c7-0f96-47bc-a4e8-7e5d9f844896, raftlog=ad4d83c7-0f96-47bc-a4e8-7e5d9f844896@group-24C785E9A0FC-SegmentedRaftLog:OPENED:c-1,f-1,i0, conf=-1: [3b749b59-de2a-419b-9a26-261692f5c83c:192.168.69.118:39205, ad4d83c7-0f96-47bc-a4e8-7e5d9f844896:192.168.69.118:41688, 02863277-f564-4bc6-8337-fb22627f6f1a:192.168.69.118:36850], old=null
2019-10-23 12:13:28,419 [ad4d83c7-0f96-47bc-a4e8-7e5d9f844896@group-24C785E9A0FC-LeaderElection89] INFO  impl.RaftServerImpl (RaftServerImpl.java:setRole(184)) - ad4d83c7-0f96-47bc-a4e8-7e5d9f844896@group-24C785E9A0FC: changes role from CANDIDATE to FOLLOWER at term 81 for DISCOVERED_A_NEW_TERM
2019-10-23 12:13:28,419 [ad4d83c7-0f96-47bc-a4e8-7e5d9f844896@group-24C785E9A0FC-LeaderElection89] INFO  impl.RoleInfo (RoleInfo.java:shutdownLeaderElection(134)) - ad4d83c7-0f96-47bc-a4e8-7e5d9f844896: shutdown LeaderElection
2019-10-23 12:13:28,419 [ad4d83c7-0f96-47bc-a4e8-7e5d9f844896@group-24C785E9A0FC-LeaderElection89] INFO  impl.RoleInfo (RoleInfo.java:updateAndGet(143)) - ad4d83c7-0f96-47bc-a4e8-7e5d9f844896: start FollowerState
2019-10-23 12:13:28,432 [Thread-1014] INFO  impl.FollowerState (FollowerState.java:run(108)) - ad4d83c7-0f96-47bc-a4e8-7e5d9f844896@group-24C785E9A0FC-FollowerState: change to CANDIDATE, lastRpcTime:12ms, electionTimeout:12ms
2019-10-23 12:13:28,432 [Thread-1014] INFO  impl.RoleInfo (RoleInfo.java:shutdownFollowerState(121)) - ad4d83c7-0f96-47bc-a4e8-7e5d9f844896: shutdown FollowerState
2019-10-23 12:13:28,432 [Thread-1014] INFO  impl.RaftServerImpl (RaftServerImpl.java:setRole(184)) - ad4d83c7-0f96-47bc-a4e8-7e5d9f844896@group-24C785E9A0FC: changes role from  FOLLOWER to CANDIDATE at term 81 for changeToCandidate
2019-10-23 12:13:28,432 [Thread-1014] INFO  impl.RoleInfo (RoleInfo.java:updateAndGet(143)) - ad4d83c7-0f96-47bc-a4e8-7e5d9f844896: start LeaderElection
2019-10-23 12:13:28,446 [ad4d83c7-0f96-47bc-a4e8-7e5d9f844896@group-24C785E9A0FC-LeaderElection90] INFO  impl.LeaderElection (LeaderElection.java:askForVotes(178)) - ad4d83c7-0f96-47bc-a4e8-7e5d9f844896@group-24C785E9A0FC-LeaderElection90: begin an election at term 82 for -1: [3b749b59-de2a-419b-9a26-261692f5c83c:192.168.69.118:39205, ad4d83c7-0f96-47bc-a4e8-7e5d9f844896:192.168.69.118:41688, 02863277-f564-4bc6-8337-fb22627f6f1a:192.168.69.118:36850], old=null
2019-10-23 12:13:28,448 [grpc-default-executor-1] INFO  impl.RaftServerImpl (RaftServerImpl.java:setRole(184)) - 02863277-f564-4bc6-8337-fb22627f6f1a@group-24C785E9A0FC: changes role from  FOLLOWER to FOLLOWER at term 82 for recognizeCandidate:ad4d83c7-0f96-47bc-a4e8-7e5d9f844896
2019-10-23 12:13:28,448 [grpc-default-executor-5] INFO  impl.RaftServerImpl (RaftServerImpl.java:setRole(184)) - 3b749b59-de2a-419b-9a26-261692f5c83c@group-24C785E9A0FC: changes role from  FOLLOWER to FOLLOWER at term 82 for recognizeCandidate:ad4d83c7-0f96-47bc-a4e8-7e5d9f844896
2019-10-23 12:13:28,448 [grpc-default-executor-1] INFO  impl.RoleInfo (RoleInfo.java:shutdownFollowerState(121)) - 02863277-f564-4bc6-8337-fb22627f6f1a: shutdown FollowerState
2019-10-23 12:13:28,448 [grpc-default-executor-5] INFO  impl.RoleInfo (RoleInfo.java:shutdownFollowerState(121)) - 3b749b59-de2a-419b-9a26-261692f5c83c: shutdown FollowerState
2019-10-23 12:13:28,448 [Thread-1013] INFO  impl.FollowerState (FollowerState.java:run(117)) - 02863277-f564-4bc6-8337-fb22627f6f1a@group-24C785E9A0FC-FollowerState was interrupted: java.lang.InterruptedException: sleep interrupted
2019-10-23 12:13:28,448 [Thread-1012] INFO  impl.FollowerState (FollowerState.java:run(117)) - 3b749b59-de2a-419b-9a26-261692f5c83c@group-24C785E9A0FC-FollowerState was interrupted: java.lang.InterruptedException: sleep interrupted
2019-10-23 12:13:28,448 [grpc-default-executor-1] INFO  impl.RoleInfo (RoleInfo.java:updateAndGet(143)) - 02863277-f564-4bc6-8337-fb22627f6f1a: start FollowerState
2019-10-23 12:13:28,448 [grpc-default-executor-5] INFO  impl.RoleInfo (RoleInfo.java:updateAndGet(143)) - 3b749b59-de2a-419b-9a26-261692f5c83c: start FollowerState
2019-10-23 12:13:28,461 [ad4d83c7-0f96-47bc-a4e8-7e5d9f844896@group-24C785E9A0FC-LeaderElection90] INFO  impl.LeaderElection (LeaderElection.java:logAndReturn(56)) - ad4d83c7-0f96-47bc-a4e8-7e5d9f844896@group-24C785E9A0FC-LeaderElection90: Election REJECTED; received 2 response(s) [ad4d83c7-0f96-47bc-a4e8-7e5d9f844896<-3b749b59-de2a-419b-9a26-261692f5c83c#0:FAIL-t82, ad4d83c7-0f96-47bc-a4e8-7e5d9f844896<-02863277-f564-4bc6-8337-fb22627f6f1a#0:FAIL-t82] and 0 exception(s); ad4d83c7-0f96-47bc-a4e8-7e5d9f844896@group-24C785E9A0FC:t82, leader=null, voted=ad4d83c7-0f96-47bc-a4e8-7e5d9f844896, raftlog=ad4d83c7-0f96-47bc-a4e8-7e5d9f844896@group-24C785E9A0FC-SegmentedRaftLog:OPENED:c-1,f-1,i0, conf=-1: [3b749b59-de2a-419b-9a26-261692f5c83c:192.168.69.118:39205, ad4d83c7-0f96-47bc-a4e8-7e5d9f844896:192.168.69.118:41688, 02863277-f564-4bc6-8337-fb22627f6f1a:192.168.69.118:36850], old=null
2019-10-23 12:13:28,461 [ad4d83c7-0f96-47bc-a4e8-7e5d9f844896@group-24C785E9A0FC-LeaderElection90] INFO  impl.RaftServerImpl (RaftServerImpl.java:setRole(184)) - ad4d83c7-0f96-47bc-a4e8-7e5d9f844896@group-24C785E9A0FC: changes role from CANDIDATE to FOLLOWER at term 82 for DISCOVERED_A_NEW_TERM
2019-10-23 12:13:28,464 [ad4d83c7-0f96-47bc-a4e8-7e5d9f844896@group-24C785E9A0FC-LeaderElection90] INFO  impl.RoleInfo (RoleInfo.java:shutdownLeaderElection(134)) - ad4d83c7-0f96-47bc-a4e8-7e5d9f844896: shutdown LeaderElection
2019-10-23 12:13:28,464 [ad4d83c7-0f96-47bc-a4e8-7e5d9f844896@group-24C785E9A0FC-LeaderElection90] INFO  impl.RoleInfo (RoleInfo.java:updateAndGet(143)) - ad4d83c7-0f96-47bc-a4e8-7e5d9f844896: start FollowerState
2019-10-23 12:13:28,650 [Thread-1022] INFO  impl.FollowerState (FollowerState.java:run(108)) - ad4d83c7-0f96-47bc-a4e8-7e5d9f844896@group-24C785E9A0FC-FollowerState: change to CANDIDATE, lastRpcTime:186ms, electionTimeout:186ms
2019-10-23 12:13:28,651 [Thread-1022] INFO  impl.RoleInfo (RoleInfo.java:shutdownFollowerState(121)) - ad4d83c7-0f96-47bc-a4e8-7e5d9f844896: shutdown FollowerState
2019-10-23 12:13:28,651 [Thread-1022] INFO  impl.RaftServerImpl (RaftServerImpl.java:setRole(184)) - ad4d83c7-0f96-47bc-a4e8-7e5d9f844896@group-24C785E9A0FC: changes role from  FOLLOWER to CANDIDATE at term 82 for changeToCandidate
2019-10-23 12:13:28,651 [Thread-1022] INFO  impl.RoleInfo (RoleInfo.java:updateAndGet(143)) - ad4d83c7-0f96-47bc-a4e8-7e5d9f844896: start LeaderElection
2019-10-23 12:13:28,665 [ad4d83c7-0f96-47bc-a4e8-7e5d9f844896@group-24C785E9A0FC-LeaderElection91] INFO  impl.LeaderElection (LeaderElection.java:askForVotes(178)) - ad4d83c7-0f96-47bc-a4e8-7e5d9f844896@group-24C785E9A0FC-LeaderElection91: begin an election at term 83 for -1: [3b749b59-de2a-419b-9a26-261692f5c83c:192.168.69.118:39205, ad4d83c7-0f96-47bc-a4e8-7e5d9f844896:192.168.69.118:41688, 02863277-f564-4bc6-8337-fb22627f6f1a:192.168.69.118:36850], old=null
2019-10-23 12:13:28,678 [grpc-default-executor-3] INFO  impl.RaftServerImpl (RaftServerImpl.java:setRole(184)) - 3b749b59-de2a-419b-9a26-261692f5c83c@group-24C785E9A0FC: changes role from  FOLLOWER to FOLLOWER at term 83 for recognizeCandidate:ad4d83c7-0f96-47bc-a4e8-7e5d9f844896
2019-10-23 12:13:28,679 [grpc-default-executor-3] INFO  impl.RoleInfo (RoleInfo.java:shutdownFollowerState(121)) - 3b749b59-de2a-419b-9a26-261692f5c83c: shutdown FollowerState
2019-10-23 12:13:28,679 [grpc-default-executor-3] INFO  impl.RoleInfo (RoleInfo.java:updateAndGet(143)) - 3b749b59-de2a-419b-9a26-261692f5c83c: start FollowerState
2019-10-23 12:13:28,679 [Thread-1019] INFO  impl.FollowerState (FollowerState.java:run(117)) - 3b749b59-de2a-419b-9a26-261692f5c83c@group-24C785E9A0FC-FollowerState was interrupted: java.lang.InterruptedException: sleep interrupted
2019-10-23 12:13:28,679 [grpc-default-executor-5] INFO  impl.RaftServerImpl (RaftServerImpl.java:setRole(184)) - 02863277-f564-4bc6-8337-fb22627f6f1a@group-24C785E9A0FC: changes role from  FOLLOWER to FOLLOWER at term 83 for recognizeCandidate:ad4d83c7-0f96-47bc-a4e8-7e5d9f844896
2019-10-23 12:13:28,679 [grpc-default-executor-5] INFO  impl.RoleInfo (RoleInfo.java:shutdownFollowerState(121)) - 02863277-f564-4bc6-8337-fb22627f6f1a: shutdown FollowerState
2019-10-23 12:13:28,680 [grpc-default-executor-5] INFO  impl.RoleInfo (RoleInfo.java:updateAndGet(143)) - 02863277-f564-4bc6-8337-fb22627f6f1a: start FollowerState
2019-10-23 12:13:28,680 [Thread-1018] INFO  impl.FollowerState (FollowerState.java:run(117)) - 02863277-f564-4bc6-8337-fb22627f6f1a@group-24C785E9A0FC-FollowerState was interrupted: java.lang.InterruptedException: sleep interrupted
2019-10-23 12:13:28,684 [ad4d83c7-0f96-47bc-a4e8-7e5d9f844896@group-24C785E9A0FC-LeaderElection91] INFO  impl.LeaderElection (LeaderElection.java:logAndReturn(56)) - ad4d83c7-0f96-47bc-a4e8-7e5d9f844896@group-24C785E9A0FC-LeaderElection91: Election TIMEOUT; received 0 response(s) [] and 0 exception(s); ad4d83c7-0f96-47bc-a4e8-7e5d9f844896@group-24C785E9A0FC:t83, leader=null, voted=ad4d83c7-0f96-47bc-a4e8-7e5d9f844896, raftlog=ad4d83c7-0f96-47bc-a4e8-7e5d9f844896@group-24C785E9A0FC-SegmentedRaftLog:OPENED:c-1,f-1,i0, conf=-1: [3b749b59-de2a-419b-9a26-261692f5c83c:192.168.69.118:39205, ad4d83c7-0f96-47bc-a4e8-7e5d9f844896:192.168.69.118:41688, 02863277-f564-4bc6-8337-fb22627f6f1a:192.168.69.118:36850], old=null
2019-10-23 12:13:28,693 [ad4d83c7-0f96-47bc-a4e8-7e5d9f844896@group-24C785E9A0FC-LeaderElection91] INFO  impl.LeaderElection (LeaderElection.java:askForVotes(178)) - ad4d83c7-0f96-47bc-a4e8-7e5d9f844896@group-24C785E9A0FC-LeaderElection91: begin an election at term 84 for -1: [3b749b59-de2a-419b-9a26-261692f5c83c:192.168.69.118:39205, ad4d83c7-0f96-47bc-a4e8-7e5d9f844896:192.168.69.118:41688, 02863277-f564-4bc6-8337-fb22627f6f1a:192.168.69.118:36850], old=null
2019-10-23 12:13:28,694 [grpc-default-executor-5] INFO  impl.RaftServerImpl (RaftServerImpl.java:setRole(184)) - 02863277-f564-4bc6-8337-fb22627f6f1a@group-24C785E9A0FC: changes role from  FOLLOWER to FOLLOWER at term 84 for recognizeCandidate:ad4d83c7-0f96-47bc-a4e8-7e5d9f844896
2019-10-23 12:13:28,694 [grpc-default-executor-5] INFO  impl.RoleInfo (RoleInfo.java:shutdownFollowerState(121)) - 02863277-f564-4bc6-8337-fb22627f6f1a: shutdown FollowerState
2019-10-23 12:13:28,694 [grpc-default-executor-5] INFO  impl.RoleInfo (RoleInfo.java:updateAndGet(143)) - 02863277-f564-4bc6-8337-fb22627f6f1a: start FollowerState
2019-10-23 12:13:28,694 [Thread-1066] INFO  impl.FollowerState (FollowerState.java:run(117)) - 02863277-f564-4bc6-8337-fb22627f6f1a@group-24C785E9A0FC-FollowerState was interrupted: java.lang.InterruptedException: sleep interrupted
2019-10-23 12:13:28,694 [grpc-default-executor-3] INFO  impl.RaftServerImpl (RaftServerImpl.java:setRole(184)) - 3b749b59-de2a-419b-9a26-261692f5c83c@group-24C785E9A0FC: changes role from  FOLLOWER to FOLLOWER at term 84 for recognizeCandidate:ad4d83c7-0f96-47bc-a4e8-7e5d9f844896
2019-10-23 12:13:28,695 [grpc-default-executor-3] INFO  impl.RoleInfo (RoleInfo.java:shutdownFollowerState(121)) - 3b749b59-de2a-419b-9a26-261692f5c83c: shutdown FollowerState
2019-10-23 12:13:28,695 [grpc-default-executor-3] INFO  impl.RoleInfo (RoleInfo.java:updateAndGet(143)) - 3b749b59-de2a-419b-9a26-261692f5c83c: start FollowerState
2019-10-23 12:13:28,695 [Thread-1065] INFO  impl.FollowerState (FollowerState.java:run(117)) - 3b749b59-de2a-419b-9a26-261692f5c83c@group-24C785E9A0FC-FollowerState was interrupted: java.lang.InterruptedException: sleep interrupted
2019-10-23 12:13:28,696 [main] INFO  ozone.MiniOzoneClusterImpl (MiniOzoneClusterImpl.java:shutdown(314)) - Shutting down the Mini Ozone Cluster
2019-10-23 12:13:28,696 [main] INFO  ozone.MiniOzoneClusterImpl (MiniOzoneClusterImpl.java:stop(330)) - Stopping the Mini Ozone Cluster
2019-10-23 12:13:28,696 [main] INFO  ozone.MiniOzoneClusterImpl (MiniOzoneClusterImpl.java:stopOM(400)) - Stopping the OzoneManager
2019-10-23 12:13:28,696 [main] INFO  ipc.Server (Server.java:stop(3082)) - Stopping server on 40393
2019-10-23 12:13:28,698 [IPC Server listener on 40393] INFO  ipc.Server (Server.java:run(1185)) - Stopping IPC Server listener on 40393
2019-10-23 12:13:28,698 [main] INFO  ratis.OzoneManagerDoubleBuffer (OzoneManagerDoubleBuffer.java:stop(250)) - Stopping OMDoubleBuffer flush thread
2019-10-23 12:13:28,698 [IPC Server Responder] INFO  ipc.Server (Server.java:run(1319)) - Stopping IPC Server Responder
2019-10-23 12:13:28,698 [OMDoubleBufferFlushThread] INFO  ratis.OzoneManagerDoubleBuffer (OzoneManagerDoubleBuffer.java:flushTransactions(193)) - OMDoubleBuffer flush thread OMDoubleBufferFlushThread is interrupted and will exit. OMDoubleBufferFlushThread
2019-10-23 12:13:28,699 [main] INFO  utils.BackgroundService (BackgroundService.java:shutdown(151)) - Shutting down service KeyDeletingService
2019-10-23 12:13:28,720 [main] INFO  handler.ContextHandler (ContextHandler.java:doStop(910)) - Stopped o.e.j.w.WebAppContext@71391b3f{/,null,UNAVAILABLE}{/ozoneManager}
2019-10-23 12:13:28,722 [ad4d83c7-0f96-47bc-a4e8-7e5d9f844896@group-24C785E9A0FC-LeaderElection91] INFO  impl.LeaderElection (LeaderElection.java:logAndReturn(56)) - ad4d83c7-0f96-47bc-a4e8-7e5d9f844896@group-24C785E9A0FC-LeaderElection91: Election REJECTED; received 2 response(s) [ad4d83c7-0f96-47bc-a4e8-7e5d9f844896<-3b749b59-de2a-419b-9a26-261692f5c83c#0:FAIL-t84, ad4d83c7-0f96-47bc-a4e8-7e5d9f844896<-02863277-f564-4bc6-8337-fb22627f6f1a#0:FAIL-t84] and 0 exception(s); ad4d83c7-0f96-47bc-a4e8-7e5d9f844896@group-24C785E9A0FC:t84, leader=null, voted=ad4d83c7-0f96-47bc-a4e8-7e5d9f844896, raftlog=ad4d83c7-0f96-47bc-a4e8-7e5d9f844896@group-24C785E9A0FC-SegmentedRaftLog:OPENED:c-1,f-1,i0, conf=-1: [3b749b59-de2a-419b-9a26-261692f5c83c:192.168.69.118:39205, ad4d83c7-0f96-47bc-a4e8-7e5d9f844896:192.168.69.118:41688, 02863277-f564-4bc6-8337-fb22627f6f1a:192.168.69.118:36850], old=null
2019-10-23 12:13:28,723 [ad4d83c7-0f96-47bc-a4e8-7e5d9f844896@group-24C785E9A0FC-LeaderElection91] INFO  impl.RaftServerImpl (RaftServerImpl.java:setRole(184)) - ad4d83c7-0f96-47bc-a4e8-7e5d9f844896@group-24C785E9A0FC: changes role from CANDIDATE to FOLLOWER at term 84 for DISCOVERED_A_NEW_TERM
2019-10-23 12:13:28,723 [ad4d83c7-0f96-47bc-a4e8-7e5d9f844896@group-24C785E9A0FC-LeaderElection91] INFO  impl.RoleInfo (RoleInfo.java:shutdownLeaderElection(134)) - ad4d83c7-0f96-47bc-a4e8-7e5d9f844896: shutdown LeaderElection
2019-10-23 12:13:28,723 [ad4d83c7-0f96-47bc-a4e8-7e5d9f844896@group-24C785E9A0FC-LeaderElection91] INFO  impl.RoleInfo (RoleInfo.java:updateAndGet(143)) - ad4d83c7-0f96-47bc-a4e8-7e5d9f844896: start FollowerState
2019-10-23 12:13:28,728 [main] INFO  server.AbstractConnector (AbstractConnector.java:doStop(318)) - Stopped ServerConnector@2cfbeac4{HTTP/1.1,[http/1.1]}{0.0.0.0:0}
2019-10-23 12:13:28,729 [main] INFO  handler.ContextHandler (ContextHandler.java:doStop(910)) - Stopped o.e.j.s.ServletContextHandler@6b63d445{/static,file:///workdir/hadoop-ozone/integration-test/target/test-classes/webapps/static,UNAVAILABLE}
2019-10-23 12:13:28,729 [main] INFO  handler.ContextHandler (ContextHandler.java:doStop(910)) - Stopped o.e.j.s.ServletContextHandler@43826ec{/logs,file:///workdir/hadoop-ozone/integration-test/target/log,UNAVAILABLE}
2019-10-23 12:13:28,733 [main] INFO  ozone.MiniOzoneClusterImpl (MiniOzoneClusterImpl.java:stopDatanodes(377)) - Stopping the HddsDatanodes
2019-10-23 12:13:28,771 [Thread-1078] INFO  impl.FollowerState (FollowerState.java:run(108)) - ad4d83c7-0f96-47bc-a4e8-7e5d9f844896@group-24C785E9A0FC-FollowerState: change to CANDIDATE, lastRpcTime:48ms, electionTimeout:48ms
2019-10-23 12:13:28,772 [Thread-1078] INFO  impl.RoleInfo (RoleInfo.java:shutdownFollowerState(121)) - ad4d83c7-0f96-47bc-a4e8-7e5d9f844896: shutdown FollowerState
2019-10-23 12:13:28,772 [Thread-1078] INFO  impl.RaftServerImpl (RaftServerImpl.java:setRole(184)) - ad4d83c7-0f96-47bc-a4e8-7e5d9f844896@group-24C785E9A0FC: changes role from  FOLLOWER to CANDIDATE at term 84 for changeToCandidate
2019-10-23 12:13:28,772 [Thread-1078] INFO  impl.RoleInfo (RoleInfo.java:updateAndGet(143)) - ad4d83c7-0f96-47bc-a4e8-7e5d9f844896: start LeaderElection
2019-10-23 12:13:28,787 [ad4d83c7-0f96-47bc-a4e8-7e5d9f844896@group-24C785E9A0FC-LeaderElection92] INFO  impl.LeaderElection (LeaderElection.java:askForVotes(178)) - ad4d83c7-0f96-47bc-a4e8-7e5d9f844896@group-24C785E9A0FC-LeaderElection92: begin an election at term 85 for -1: [3b749b59-de2a-419b-9a26-261692f5c83c:192.168.69.118:39205, ad4d83c7-0f96-47bc-a4e8-7e5d9f844896:192.168.69.118:41688, 02863277-f564-4bc6-8337-fb22627f6f1a:192.168.69.118:36850], old=null
2019-10-23 12:13:28,789 [grpc-default-executor-3] INFO  impl.RaftServerImpl (RaftServerImpl.java:setRole(184)) - 3b749b59-de2a-419b-9a26-261692f5c83c@group-24C785E9A0FC: changes role from  FOLLOWER to FOLLOWER at term 85 for recognizeCandidate:ad4d83c7-0f96-47bc-a4e8-7e5d9f844896
2019-10-23 12:13:28,789 [grpc-default-executor-3] INFO  impl.RoleInfo (RoleInfo.java:shutdownFollowerState(121)) - 3b749b59-de2a-419b-9a26-261692f5c83c: shutdown FollowerState
2019-10-23 12:13:28,789 [grpc-default-executor-3] INFO  impl.RoleInfo (RoleInfo.java:updateAndGet(143)) - 3b749b59-de2a-419b-9a26-261692f5c83c: start FollowerState
2019-10-23 12:13:28,789 [Thread-1074] INFO  impl.FollowerState (FollowerState.java:run(117)) - 3b749b59-de2a-419b-9a26-261692f5c83c@group-24C785E9A0FC-FollowerState was interrupted: java.lang.InterruptedException: sleep interrupted
2019-10-23 12:13:28,789 [grpc-default-executor-4] INFO  impl.RaftServerImpl (RaftServerImpl.java:setRole(184)) - 02863277-f564-4bc6-8337-fb22627f6f1a@group-24C785E9A0FC: changes role from  FOLLOWER to FOLLOWER at term 85 for recognizeCandidate:ad4d83c7-0f96-47bc-a4e8-7e5d9f844896
2019-10-23 12:13:28,790 [grpc-default-executor-4] INFO  impl.RoleInfo (RoleInfo.java:shutdownFollowerState(121)) - 02863277-f564-4bc6-8337-fb22627f6f1a: shutdown FollowerState
2019-10-23 12:13:28,790 [grpc-default-executor-4] INFO  impl.RoleInfo (RoleInfo.java:updateAndGet(143)) - 02863277-f564-4bc6-8337-fb22627f6f1a: start FollowerState
2019-10-23 12:13:28,790 [Thread-1073] INFO  impl.FollowerState (FollowerState.java:run(117)) - 02863277-f564-4bc6-8337-fb22627f6f1a@group-24C785E9A0FC-FollowerState was interrupted: java.lang.InterruptedException: sleep interrupted
2019-10-23 12:13:28,802 [ad4d83c7-0f96-47bc-a4e8-7e5d9f844896@group-24C785E9A0FC-LeaderElection92] INFO  impl.LeaderElection (LeaderElection.java:logAndReturn(56)) - ad4d83c7-0f96-47bc-a4e8-7e5d9f844896@group-24C785E9A0FC-LeaderElection92: Election REJECTED; received 2 response(s) [ad4d83c7-0f96-47bc-a4e8-7e5d9f844896<-3b749b59-de2a-419b-9a26-261692f5c83c#0:FAIL-t85, ad4d83c7-0f96-47bc-a4e8-7e5d9f844896<-02863277-f564-4bc6-8337-fb22627f6f1a#0:FAIL-t85] and 0 exception(s); ad4d83c7-0f96-47bc-a4e8-7e5d9f844896@group-24C785E9A0FC:t85, leader=null, voted=ad4d83c7-0f96-47bc-a4e8-7e5d9f844896, raftlog=ad4d83c7-0f96-47bc-a4e8-7e5d9f844896@group-24C785E9A0FC-SegmentedRaftLog:OPENED:c-1,f-1,i0, conf=-1: [3b749b59-de2a-419b-9a26-261692f5c83c:192.168.69.118:39205, ad4d83c7-0f96-47bc-a4e8-7e5d9f844896:192.168.69.118:41688, 02863277-f564-4bc6-8337-fb22627f6f1a:192.168.69.118:36850], old=null
2019-10-23 12:13:28,802 [ad4d83c7-0f96-47bc-a4e8-7e5d9f844896@group-24C785E9A0FC-LeaderElection92] INFO  impl.RaftServerImpl (RaftServerImpl.java:setRole(184)) - ad4d83c7-0f96-47bc-a4e8-7e5d9f844896@group-24C785E9A0FC: changes role from CANDIDATE to FOLLOWER at term 85 for DISCOVERED_A_NEW_TERM
2019-10-23 12:13:28,802 [ad4d83c7-0f96-47bc-a4e8-7e5d9f844896@group-24C785E9A0FC-LeaderElection92] INFO  impl.RoleInfo (RoleInfo.java:shutdownLeaderElection(134)) - ad4d83c7-0f96-47bc-a4e8-7e5d9f844896: shutdown LeaderElection
2019-10-23 12:13:28,802 [ad4d83c7-0f96-47bc-a4e8-7e5d9f844896@group-24C785E9A0FC-LeaderElection92] INFO  impl.RoleInfo (RoleInfo.java:updateAndGet(143)) - ad4d83c7-0f96-47bc-a4e8-7e5d9f844896: start FollowerState
2019-10-23 12:13:28,955 [Datanode State Machine Thread - 0] INFO  statemachine.DatanodeStateMachine (DatanodeStateMachine.java:lambda$startDaemon$0(350)) - Ozone container server started.
2019-10-23 12:13:29,003 [Thread-1085] INFO  impl.FollowerState (FollowerState.java:run(108)) - ad4d83c7-0f96-47bc-a4e8-7e5d9f844896@group-24C785E9A0FC-FollowerState: change to CANDIDATE, lastRpcTime:200ms, electionTimeout:200ms
2019-10-23 12:13:29,003 [Thread-1085] INFO  impl.RoleInfo (RoleInfo.java:shutdownFollowerState(121)) - ad4d83c7-0f96-47bc-a4e8-7e5d9f844896: shutdown FollowerState
2019-10-23 12:13:29,003 [Thread-1085] INFO  impl.RaftServerImpl (RaftServerImpl.java:setRole(184)) - ad4d83c7-0f96-47bc-a4e8-7e5d9f844896@group-24C785E9A0FC: changes role from  FOLLOWER to CANDIDATE at term 85 for changeToCandidate
2019-10-23 12:13:29,003 [Thread-1085] INFO  impl.RoleInfo (RoleInfo.java:updateAndGet(143)) - ad4d83c7-0f96-47bc-a4e8-7e5d9f844896: start LeaderElection
2019-10-23 12:13:29,300 [ad4d83c7-0f96-47bc-a4e8-7e5d9f844896@group-24C785E9A0FC-LeaderElection93] INFO  impl.LeaderElection (LeaderElection.java:askForVotes(178)) - ad4d83c7-0f96-47bc-a4e8-7e5d9f844896@group-24C785E9A0FC-LeaderElection93: begin an election at term 86 for -1: [3b749b59-de2a-419b-9a26-261692f5c83c:192.168.69.118:39205, ad4d83c7-0f96-47bc-a4e8-7e5d9f844896:192.168.69.118:41688, 02863277-f564-4bc6-8337-fb22627f6f1a:192.168.69.118:36850], old=null
2019-10-23 12:13:29,303 [grpc-default-executor-3] INFO  impl.RaftServerImpl (RaftServerImpl.java:setRole(184)) - 3b749b59-de2a-419b-9a26-261692f5c83c@group-24C785E9A0FC: changes role from  FOLLOWER to FOLLOWER at term 86 for recognizeCandidate:ad4d83c7-0f96-47bc-a4e8-7e5d9f844896
2019-10-23 12:13:29,303 [grpc-default-executor-4] INFO  impl.RaftServerImpl (RaftServerImpl.java:setRole(184)) - 02863277-f564-4bc6-8337-fb22627f6f1a@group-24C785E9A0FC: changes role from  FOLLOWER to FOLLOWER at term 86 for recognizeCandidate:ad4d83c7-0f96-47bc-a4e8-7e5d9f844896
2019-10-23 12:13:29,303 [grpc-default-executor-3] INFO  impl.RoleInfo (RoleInfo.java:shutdownFollowerState(121)) - 3b749b59-de2a-419b-9a26-261692f5c83c: shutdown FollowerState
2019-10-23 12:13:29,303 [grpc-default-executor-4] INFO  impl.RoleInfo (RoleInfo.java:shutdownFollowerState(121)) - 02863277-f564-4bc6-8337-fb22627f6f1a: shutdown FollowerState
2019-10-23 12:13:29,303 [Thread-1083] INFO  impl.FollowerState (FollowerState.java:run(117)) - 3b749b59-de2a-419b-9a26-261692f5c83c@group-24C785E9A0FC-FollowerState was interrupted: java.lang.InterruptedException: sleep interrupted
2019-10-23 12:13:29,303 [grpc-default-executor-3] INFO  impl.RoleInfo (RoleInfo.java:updateAndGet(143)) - 3b749b59-de2a-419b-9a26-261692f5c83c: start FollowerState
2019-10-23 12:13:29,304 [Thread-1084] INFO  impl.FollowerState (FollowerState.java:run(117)) - 02863277-f564-4bc6-8337-fb22627f6f1a@group-24C785E9A0FC-FollowerState was interrupted: java.lang.InterruptedException: sleep interrupted
2019-10-23 12:13:29,304 [grpc-default-executor-4] INFO  impl.RoleInfo (RoleInfo.java:updateAndGet(143)) - 02863277-f564-4bc6-8337-fb22627f6f1a: start FollowerState
2019-10-23 12:13:29,315 [ad4d83c7-0f96-47bc-a4e8-7e5d9f844896@group-24C785E9A0FC-LeaderElection93] INFO  impl.LeaderElection (LeaderElection.java:logAndReturn(56)) - ad4d83c7-0f96-47bc-a4e8-7e5d9f844896@group-24C785E9A0FC-LeaderElection93: Election REJECTED; received 2 response(s) [ad4d83c7-0f96-47bc-a4e8-7e5d9f844896<-3b749b59-de2a-419b-9a26-261692f5c83c#0:FAIL-t86, ad4d83c7-0f96-47bc-a4e8-7e5d9f844896<-02863277-f564-4bc6-8337-fb22627f6f1a#0:FAIL-t86] and 0 exception(s); ad4d83c7-0f96-47bc-a4e8-7e5d9f844896@group-24C785E9A0FC:t86, leader=null, voted=ad4d83c7-0f96-47bc-a4e8-7e5d9f844896, raftlog=ad4d83c7-0f96-47bc-a4e8-7e5d9f844896@group-24C785E9A0FC-SegmentedRaftLog:OPENED:c-1,f-1,i0, conf=-1: [3b749b59-de2a-419b-9a26-261692f5c83c:192.168.69.118:39205, ad4d83c7-0f96-47bc-a4e8-7e5d9f844896:192.168.69.118:41688, 02863277-f564-4bc6-8337-fb22627f6f1a:192.168.69.118:36850], old=null
2019-10-23 12:13:29,315 [ad4d83c7-0f96-47bc-a4e8-7e5d9f844896@group-24C785E9A0FC-LeaderElection93] INFO  impl.RaftServerImpl (RaftServerImpl.java:setRole(184)) - ad4d83c7-0f96-47bc-a4e8-7e5d9f844896@group-24C785E9A0FC: changes role from CANDIDATE to FOLLOWER at term 86 for DISCOVERED_A_NEW_TERM
2019-10-23 12:13:29,315 [ad4d83c7-0f96-47bc-a4e8-7e5d9f844896@group-24C785E9A0FC-LeaderElection93] INFO  impl.RoleInfo (RoleInfo.java:shutdownLeaderElection(134)) - ad4d83c7-0f96-47bc-a4e8-7e5d9f844896: shutdown LeaderElection
2019-10-23 12:13:29,315 [ad4d83c7-0f96-47bc-a4e8-7e5d9f844896@group-24C785E9A0FC-LeaderElection93] INFO  impl.RoleInfo (RoleInfo.java:updateAndGet(143)) - ad4d83c7-0f96-47bc-a4e8-7e5d9f844896: start FollowerState
2019-10-23 12:13:29,320 [Thread-1106] INFO  impl.FollowerState (FollowerState.java:run(108)) - ad4d83c7-0f96-47bc-a4e8-7e5d9f844896@group-24C785E9A0FC-FollowerState: change to CANDIDATE, lastRpcTime:4ms, electionTimeout:4ms
2019-10-23 12:13:29,320 [Thread-1106] INFO  impl.RoleInfo (RoleInfo.java:shutdownFollowerState(121)) - ad4d83c7-0f96-47bc-a4e8-7e5d9f844896: shutdown FollowerState
2019-10-23 12:13:29,320 [Thread-1106] INFO  impl.RaftServerImpl (RaftServerImpl.java:setRole(184)) - ad4d83c7-0f96-47bc-a4e8-7e5d9f844896@group-24C785E9A0FC: changes role from  FOLLOWER to CANDIDATE at term 86 for changeToCandidate
2019-10-23 12:13:29,320 [Thread-1106] INFO  impl.RoleInfo (RoleInfo.java:updateAndGet(143)) - ad4d83c7-0f96-47bc-a4e8-7e5d9f844896: start LeaderElection
2019-10-23 12:13:29,331 [ad4d83c7-0f96-47bc-a4e8-7e5d9f844896@group-24C785E9A0FC-LeaderElection94] INFO  impl.LeaderElection (LeaderElection.java:askForVotes(178)) - ad4d83c7-0f96-47bc-a4e8-7e5d9f844896@group-24C785E9A0FC-LeaderElection94: begin an election at term 87 for -1: [3b749b59-de2a-419b-9a26-261692f5c83c:192.168.69.118:39205, ad4d83c7-0f96-47bc-a4e8-7e5d9f844896:192.168.69.118:41688, 02863277-f564-4bc6-8337-fb22627f6f1a:192.168.69.118:36850], old=null
2019-10-23 12:13:29,334 [grpc-default-executor-4] INFO  impl.RaftServerImpl (RaftServerImpl.java:setRole(184)) - 3b749b59-de2a-419b-9a26-261692f5c83c@group-24C785E9A0FC: changes role from  FOLLOWER to FOLLOWER at term 87 for recognizeCandidate:ad4d83c7-0f96-47bc-a4e8-7e5d9f844896
2019-10-23 12:13:29,334 [grpc-default-executor-4] INFO  impl.RoleInfo (RoleInfo.java:shutdownFollowerState(121)) - 3b749b59-de2a-419b-9a26-261692f5c83c: shutdown FollowerState
2019-10-23 12:13:29,334 [grpc-default-executor-4] INFO  impl.RoleInfo (RoleInfo.java:updateAndGet(143)) - 3b749b59-de2a-419b-9a26-261692f5c83c: start FollowerState
2019-10-23 12:13:29,334 [Thread-1104] INFO  impl.FollowerState (FollowerState.java:run(117)) - 3b749b59-de2a-419b-9a26-261692f5c83c@group-24C785E9A0FC-FollowerState was interrupted: java.lang.InterruptedException: sleep interrupted
2019-10-23 12:13:29,335 [grpc-default-executor-3] INFO  impl.RaftServerImpl (RaftServerImpl.java:setRole(184)) - 02863277-f564-4bc6-8337-fb22627f6f1a@group-24C785E9A0FC: changes role from  FOLLOWER to FOLLOWER at term 87 for recognizeCandidate:ad4d83c7-0f96-47bc-a4e8-7e5d9f844896
2019-10-23 12:13:29,335 [grpc-default-executor-3] INFO  impl.RoleInfo (RoleInfo.java:shutdownFollowerState(121)) - 02863277-f564-4bc6-8337-fb22627f6f1a: shutdown FollowerState
2019-10-23 12:13:29,335 [grpc-default-executor-3] INFO  impl.RoleInfo (RoleInfo.java:updateAndGet(143)) - 02863277-f564-4bc6-8337-fb22627f6f1a: start FollowerState
2019-10-23 12:13:29,335 [Thread-1105] INFO  impl.FollowerState (FollowerState.java:run(117)) - 02863277-f564-4bc6-8337-fb22627f6f1a@group-24C785E9A0FC-FollowerState was interrupted: java.lang.InterruptedException: sleep interrupted
2019-10-23 12:13:29,374 [ad4d83c7-0f96-47bc-a4e8-7e5d9f844896@group-24C785E9A0FC-LeaderElection94] INFO  impl.LeaderElection (LeaderElection.java:logAndReturn(56)) - ad4d83c7-0f96-47bc-a4e8-7e5d9f844896@group-24C785E9A0FC-LeaderElection94: Election REJECTED; received 2 response(s) [ad4d83c7-0f96-47bc-a4e8-7e5d9f844896<-3b749b59-de2a-419b-9a26-261692f5c83c#0:FAIL-t87, ad4d83c7-0f96-47bc-a4e8-7e5d9f844896<-02863277-f564-4bc6-8337-fb22627f6f1a#0:FAIL-t87] and 0 exception(s); ad4d83c7-0f96-47bc-a4e8-7e5d9f844896@group-24C785E9A0FC:t87, leader=null, voted=ad4d83c7-0f96-47bc-a4e8-7e5d9f844896, raftlog=ad4d83c7-0f96-47bc-a4e8-7e5d9f844896@group-24C785E9A0FC-SegmentedRaftLog:OPENED:c-1,f-1,i0, conf=-1: [3b749b59-de2a-419b-9a26-261692f5c83c:192.168.69.118:39205, ad4d83c7-0f96-47bc-a4e8-7e5d9f844896:192.168.69.118:41688, 02863277-f564-4bc6-8337-fb22627f6f1a:192.168.69.118:36850], old=null
2019-10-23 12:13:29,374 [ad4d83c7-0f96-47bc-a4e8-7e5d9f844896@group-24C785E9A0FC-LeaderElection94] INFO  impl.RaftServerImpl (RaftServerImpl.java:setRole(184)) - ad4d83c7-0f96-47bc-a4e8-7e5d9f844896@group-24C785E9A0FC: changes role from CANDIDATE to FOLLOWER at term 87 for DISCOVERED_A_NEW_TERM
2019-10-23 12:13:29,374 [ad4d83c7-0f96-47bc-a4e8-7e5d9f844896@group-24C785E9A0FC-LeaderElection94] INFO  impl.RoleInfo (RoleInfo.java:shutdownLeaderElection(134)) - ad4d83c7-0f96-47bc-a4e8-7e5d9f844896: shutdown LeaderElection
2019-10-23 12:13:29,374 [ad4d83c7-0f96-47bc-a4e8-7e5d9f844896@group-24C785E9A0FC-LeaderElection94] INFO  impl.RoleInfo (RoleInfo.java:updateAndGet(143)) - ad4d83c7-0f96-47bc-a4e8-7e5d9f844896: start FollowerState
2019-10-23 12:13:29,555 [Thread-1114] INFO  impl.FollowerState (FollowerState.java:run(108)) - ad4d83c7-0f96-47bc-a4e8-7e5d9f844896@group-24C785E9A0FC-FollowerState: change to CANDIDATE, lastRpcTime:181ms, electionTimeout:181ms
2019-10-23 12:13:29,556 [Thread-1114] INFO  impl.RoleInfo (RoleInfo.java:shutdownFollowerState(121)) - ad4d83c7-0f96-47bc-a4e8-7e5d9f844896: shutdown FollowerState
2019-10-23 12:13:29,556 [Thread-1114] INFO  impl.RaftServerImpl (RaftServerImpl.java:setRole(184)) - ad4d83c7-0f96-47bc-a4e8-7e5d9f844896@group-24C785E9A0FC: changes role from  FOLLOWER to CANDIDATE at term 87 for changeToCandidate
2019-10-23 12:13:29,556 [Thread-1114] INFO  impl.RoleInfo (RoleInfo.java:updateAndGet(143)) - ad4d83c7-0f96-47bc-a4e8-7e5d9f844896: start LeaderElection
2019-10-23 12:13:29,565 [ad4d83c7-0f96-47bc-a4e8-7e5d9f844896@group-24C785E9A0FC-LeaderElection95] INFO  impl.LeaderElection (LeaderElection.java:askForVotes(178)) - ad4d83c7-0f96-47bc-a4e8-7e5d9f844896@group-24C785E9A0FC-LeaderElection95: begin an election at term 88 for -1: [3b749b59-de2a-419b-9a26-261692f5c83c:192.168.69.118:39205, ad4d83c7-0f96-47bc-a4e8-7e5d9f844896:192.168.69.118:41688, 02863277-f564-4bc6-8337-fb22627f6f1a:192.168.69.118:36850], old=null
2019-10-23 12:13:29,566 [ad4d83c7-0f96-47bc-a4e8-7e5d9f844896@group-24C785E9A0FC-LeaderElection95] INFO  impl.LeaderElection (LeaderElection.java:logAndReturn(56)) - ad4d83c7-0f96-47bc-a4e8-7e5d9f844896@group-24C785E9A0FC-LeaderElection95: Election TIMEOUT; received 0 response(s) [] and 0 exception(s); ad4d83c7-0f96-47bc-a4e8-7e5d9f844896@group-24C785E9A0FC:t88, leader=null, voted=ad4d83c7-0f96-47bc-a4e8-7e5d9f844896, raftlog=ad4d83c7-0f96-47bc-a4e8-7e5d9f844896@group-24C785E9A0FC-SegmentedRaftLog:OPENED:c-1,f-1,i0, conf=-1: [3b749b59-de2a-419b-9a26-261692f5c83c:192.168.69.118:39205, ad4d83c7-0f96-47bc-a4e8-7e5d9f844896:192.168.69.118:41688, 02863277-f564-4bc6-8337-fb22627f6f1a:192.168.69.118:36850], old=null
2019-10-23 12:13:29,567 [grpc-default-executor-4] INFO  impl.RaftServerImpl (RaftServerImpl.java:setRole(184)) - 02863277-f564-4bc6-8337-fb22627f6f1a@group-24C785E9A0FC: changes role from  FOLLOWER to FOLLOWER at term 88 for recognizeCandidate:ad4d83c7-0f96-47bc-a4e8-7e5d9f844896
2019-10-23 12:13:29,567 [grpc-default-executor-4] INFO  impl.RoleInfo (RoleInfo.java:shutdownFollowerState(121)) - 02863277-f564-4bc6-8337-fb22627f6f1a: shutdown FollowerState
2019-10-23 12:13:29,568 [grpc-default-executor-4] INFO  impl.RoleInfo (RoleInfo.java:updateAndGet(143)) - 02863277-f564-4bc6-8337-fb22627f6f1a: start FollowerState
2019-10-23 12:13:29,568 [Thread-1111] INFO  impl.FollowerState (FollowerState.java:run(117)) - 02863277-f564-4bc6-8337-fb22627f6f1a@group-24C785E9A0FC-FollowerState was interrupted: java.lang.InterruptedException: sleep interrupted
2019-10-23 12:13:29,568 [grpc-default-executor-3] INFO  impl.RaftServerImpl (RaftServerImpl.java:setRole(184)) - 3b749b59-de2a-419b-9a26-261692f5c83c@group-24C785E9A0FC: changes role from  FOLLOWER to FOLLOWER at term 88 for recognizeCandidate:ad4d83c7-0f96-47bc-a4e8-7e5d9f844896
2019-10-23 12:13:29,568 [grpc-default-executor-3] INFO  impl.RoleInfo (RoleInfo.java:shutdownFollowerState(121)) - 3b749b59-de2a-419b-9a26-261692f5c83c: shutdown FollowerState
2019-10-23 12:13:29,569 [grpc-default-executor-3] INFO  impl.RoleInfo (RoleInfo.java:updateAndGet(143)) - 3b749b59-de2a-419b-9a26-261692f5c83c: start FollowerState
2019-10-23 12:13:29,569 [Thread-1110] INFO  impl.FollowerState (FollowerState.java:run(117)) - 3b749b59-de2a-419b-9a26-261692f5c83c@group-24C785E9A0FC-FollowerState was interrupted: java.lang.InterruptedException: sleep interrupted
2019-10-23 12:13:29,574 [ad4d83c7-0f96-47bc-a4e8-7e5d9f844896@group-24C785E9A0FC-LeaderElection95] INFO  impl.LeaderElection (LeaderElection.java:askForVotes(178)) - ad4d83c7-0f96-47bc-a4e8-7e5d9f844896@group-24C785E9A0FC-LeaderElection95: begin an election at term 89 for -1: [3b749b59-de2a-419b-9a26-261692f5c83c:192.168.69.118:39205, ad4d83c7-0f96-47bc-a4e8-7e5d9f844896:192.168.69.118:41688, 02863277-f564-4bc6-8337-fb22627f6f1a:192.168.69.118:36850], old=null
2019-10-23 12:13:29,576 [grpc-default-executor-4] INFO  impl.RaftServerImpl (RaftServerImpl.java:setRole(184)) - 02863277-f564-4bc6-8337-fb22627f6f1a@group-24C785E9A0FC: changes role from  FOLLOWER to FOLLOWER at term 89 for recognizeCandidate:ad4d83c7-0f96-47bc-a4e8-7e5d9f844896
2019-10-23 12:13:29,577 [grpc-default-executor-4] INFO  impl.RoleInfo (RoleInfo.java:shutdownFollowerState(121)) - 02863277-f564-4bc6-8337-fb22627f6f1a: shutdown FollowerState
2019-10-23 12:13:29,577 [grpc-default-executor-4] INFO  impl.RoleInfo (RoleInfo.java:updateAndGet(143)) - 02863277-f564-4bc6-8337-fb22627f6f1a: start FollowerState
2019-10-23 12:13:29,577 [grpc-default-executor-3] INFO  impl.RaftServerImpl (RaftServerImpl.java:setRole(184)) - 3b749b59-de2a-419b-9a26-261692f5c83c@group-24C785E9A0FC: changes role from  FOLLOWER to FOLLOWER at term 89 for recognizeCandidate:ad4d83c7-0f96-47bc-a4e8-7e5d9f844896
2019-10-23 12:13:29,577 [Thread-1118] INFO  impl.FollowerState (FollowerState.java:run(117)) - 02863277-f564-4bc6-8337-fb22627f6f1a@group-24C785E9A0FC-FollowerState was interrupted: java.lang.InterruptedException: sleep interrupted
2019-10-23 12:13:29,577 [grpc-default-executor-3] INFO  impl.RoleInfo (RoleInfo.java:shutdownFollowerState(121)) - 3b749b59-de2a-419b-9a26-261692f5c83c: shutdown FollowerState
2019-10-23 12:13:29,578 [Thread-1119] INFO  impl.FollowerState (FollowerState.java:run(117)) - 3b749b59-de2a-419b-9a26-261692f5c83c@group-24C785E9A0FC-FollowerState was interrupted: java.lang.InterruptedException: sleep interrupted
2019-10-23 12:13:29,578 [grpc-default-executor-3] INFO  impl.RoleInfo (RoleInfo.java:updateAndGet(143)) - 3b749b59-de2a-419b-9a26-261692f5c83c: start FollowerState
2019-10-23 12:13:29,586 [ad4d83c7-0f96-47bc-a4e8-7e5d9f844896@group-24C785E9A0FC-LeaderElection95] INFO  impl.LeaderElection (LeaderElection.java:logAndReturn(56)) - ad4d83c7-0f96-47bc-a4e8-7e5d9f844896@group-24C785E9A0FC-LeaderElection95: Election REJECTED; received 2 response(s) [ad4d83c7-0f96-47bc-a4e8-7e5d9f844896<-3b749b59-de2a-419b-9a26-261692f5c83c#0:FAIL-t89, ad4d83c7-0f96-47bc-a4e8-7e5d9f844896<-02863277-f564-4bc6-8337-fb22627f6f1a#0:FAIL-t89] and 0 exception(s); ad4d83c7-0f96-47bc-a4e8-7e5d9f844896@group-24C785E9A0FC:t89, leader=null, voted=ad4d83c7-0f96-47bc-a4e8-7e5d9f844896, raftlog=ad4d83c7-0f96-47bc-a4e8-7e5d9f844896@group-24C785E9A0FC-SegmentedRaftLog:OPENED:c-1,f-1,i0, conf=-1: [3b749b59-de2a-419b-9a26-261692f5c83c:192.168.69.118:39205, ad4d83c7-0f96-47bc-a4e8-7e5d9f844896:192.168.69.118:41688, 02863277-f564-4bc6-8337-fb22627f6f1a:192.168.69.118:36850], old=null
2019-10-23 12:13:29,586 [ad4d83c7-0f96-47bc-a4e8-7e5d9f844896@group-24C785E9A0FC-LeaderElection95] INFO  impl.RaftServerImpl (RaftServerImpl.java:setRole(184)) - ad4d83c7-0f96-47bc-a4e8-7e5d9f844896@group-24C785E9A0FC: changes role from CANDIDATE to FOLLOWER at term 89 for DISCOVERED_A_NEW_TERM
2019-10-23 12:13:29,586 [ad4d83c7-0f96-47bc-a4e8-7e5d9f844896@group-24C785E9A0FC-LeaderElection95] INFO  impl.RoleInfo (RoleInfo.java:shutdownLeaderElection(134)) - ad4d83c7-0f96-47bc-a4e8-7e5d9f844896: shutdown LeaderElection
2019-10-23 12:13:29,586 [ad4d83c7-0f96-47bc-a4e8-7e5d9f844896@group-24C785E9A0FC-LeaderElection95] INFO  impl.RoleInfo (RoleInfo.java:updateAndGet(143)) - ad4d83c7-0f96-47bc-a4e8-7e5d9f844896: start FollowerState
2019-10-23 12:13:29,650 [Datanode State Machine Thread - 0] INFO  statemachine.DatanodeStateMachine (DatanodeStateMachine.java:lambda$startDaemon$0(350)) - Ozone container server started.
2019-10-23 12:13:29,675 [Thread-1124] INFO  impl.FollowerState (FollowerState.java:run(108)) - ad4d83c7-0f96-47bc-a4e8-7e5d9f844896@group-24C785E9A0FC-FollowerState: change to CANDIDATE, lastRpcTime:88ms, electionTimeout:88ms
2019-10-23 12:13:29,675 [Thread-1124] INFO  impl.RoleInfo (RoleInfo.java:shutdownFollowerState(121)) - ad4d83c7-0f96-47bc-a4e8-7e5d9f844896: shutdown FollowerState
2019-10-23 12:13:29,675 [Thread-1124] INFO  impl.RaftServerImpl (RaftServerImpl.java:setRole(184)) - ad4d83c7-0f96-47bc-a4e8-7e5d9f844896@group-24C785E9A0FC: changes role from  FOLLOWER to CANDIDATE at term 89 for changeToCandidate
2019-10-23 12:13:29,675 [Thread-1124] INFO  impl.RoleInfo (RoleInfo.java:updateAndGet(143)) - ad4d83c7-0f96-47bc-a4e8-7e5d9f844896: start LeaderElection
2019-10-23 12:13:29,684 [ad4d83c7-0f96-47bc-a4e8-7e5d9f844896@group-24C785E9A0FC-LeaderElection96] INFO  impl.LeaderElection (LeaderElection.java:askForVotes(178)) - ad4d83c7-0f96-47bc-a4e8-7e5d9f844896@group-24C785E9A0FC-LeaderElection96: begin an election at term 90 for -1: [3b749b59-de2a-419b-9a26-261692f5c83c:192.168.69.118:39205, ad4d83c7-0f96-47bc-a4e8-7e5d9f844896:192.168.69.118:41688, 02863277-f564-4bc6-8337-fb22627f6f1a:192.168.69.118:36850], old=null
2019-10-23 12:13:29,686 [grpc-default-executor-3] INFO  impl.RaftServerImpl (RaftServerImpl.java:setRole(184)) - 3b749b59-de2a-419b-9a26-261692f5c83c@group-24C785E9A0FC: changes role from  FOLLOWER to FOLLOWER at term 90 for recognizeCandidate:ad4d83c7-0f96-47bc-a4e8-7e5d9f844896
2019-10-23 12:13:29,686 [grpc-default-executor-4] INFO  impl.RaftServerImpl (RaftServerImpl.java:setRole(184)) - 02863277-f564-4bc6-8337-fb22627f6f1a@group-24C785E9A0FC: changes role from  FOLLOWER to FOLLOWER at term 90 for recognizeCandidate:ad4d83c7-0f96-47bc-a4e8-7e5d9f844896
2019-10-23 12:13:29,686 [grpc-default-executor-4] INFO  impl.RoleInfo (RoleInfo.java:shutdownFollowerState(121)) - 02863277-f564-4bc6-8337-fb22627f6f1a: shutdown FollowerState
2019-10-23 12:13:29,686 [grpc-default-executor-3] INFO  impl.RoleInfo (RoleInfo.java:shutdownFollowerState(121)) - 3b749b59-de2a-419b-9a26-261692f5c83c: shutdown FollowerState
2019-10-23 12:13:29,687 [Thread-1122] INFO  impl.FollowerState (FollowerState.java:run(117)) - 02863277-f564-4bc6-8337-fb22627f6f1a@group-24C785E9A0FC-FollowerState was interrupted: java.lang.InterruptedException: sleep interrupted
2019-10-23 12:13:29,687 [grpc-default-executor-4] INFO  impl.RoleInfo (RoleInfo.java:updateAndGet(143)) - 02863277-f564-4bc6-8337-fb22627f6f1a: start FollowerState
2019-10-23 12:13:29,687 [grpc-default-executor-3] INFO  impl.RoleInfo (RoleInfo.java:updateAndGet(143)) - 3b749b59-de2a-419b-9a26-261692f5c83c: start FollowerState
2019-10-23 12:13:29,687 [Thread-1123] INFO  impl.FollowerState (FollowerState.java:run(117)) - 3b749b59-de2a-419b-9a26-261692f5c83c@group-24C785E9A0FC-FollowerState was interrupted: java.lang.InterruptedException: sleep interrupted
2019-10-23 12:13:29,692 [ad4d83c7-0f96-47bc-a4e8-7e5d9f844896@group-24C785E9A0FC-LeaderElection96] INFO  impl.LeaderElection (LeaderElection.java:logAndReturn(56)) - ad4d83c7-0f96-47bc-a4e8-7e5d9f844896@group-24C785E9A0FC-LeaderElection96: Election REJECTED; received 2 response(s) [ad4d83c7-0f96-47bc-a4e8-7e5d9f844896<-3b749b59-de2a-419b-9a26-261692f5c83c#0:FAIL-t90, ad4d83c7-0f96-47bc-a4e8-7e5d9f844896<-02863277-f564-4bc6-8337-fb22627f6f1a#0:FAIL-t90] and 0 exception(s); ad4d83c7-0f96-47bc-a4e8-7e5d9f844896@group-24C785E9A0FC:t90, leader=null, voted=ad4d83c7-0f96-47bc-a4e8-7e5d9f844896, raftlog=ad4d83c7-0f96-47bc-a4e8-7e5d9f844896@group-24C785E9A0FC-SegmentedRaftLog:OPENED:c-1,f-1,i0, conf=-1: [3b749b59-de2a-419b-9a26-261692f5c83c:192.168.69.118:39205, ad4d83c7-0f96-47bc-a4e8-7e5d9f844896:192.168.69.118:41688, 02863277-f564-4bc6-8337-fb22627f6f1a:192.168.69.118:36850], old=null
2019-10-23 12:13:29,692 [ad4d83c7-0f96-47bc-a4e8-7e5d9f844896@group-24C785E9A0FC-LeaderElection96] INFO  impl.RaftServerImpl (RaftServerImpl.java:setRole(184)) - ad4d83c7-0f96-47bc-a4e8-7e5d9f844896@group-24C785E9A0FC: changes role from CANDIDATE to FOLLOWER at term 90 for DISCOVERED_A_NEW_TERM
2019-10-23 12:13:29,693 [ad4d83c7-0f96-47bc-a4e8-7e5d9f844896@group-24C785E9A0FC-LeaderElection96] INFO  impl.RoleInfo (RoleInfo.java:shutdownLeaderElection(134)) - ad4d83c7-0f96-47bc-a4e8-7e5d9f844896: shutdown LeaderElection
2019-10-23 12:13:29,693 [ad4d83c7-0f96-47bc-a4e8-7e5d9f844896@group-24C785E9A0FC-LeaderElection96] INFO  impl.RoleInfo (RoleInfo.java:updateAndGet(143)) - ad4d83c7-0f96-47bc-a4e8-7e5d9f844896: start FollowerState
2019-10-23 12:13:29,757 [Thread-1132] INFO  impl.FollowerState (FollowerState.java:run(108)) - ad4d83c7-0f96-47bc-a4e8-7e5d9f844896@group-24C785E9A0FC-FollowerState: change to CANDIDATE, lastRpcTime:64ms, electionTimeout:64ms
2019-10-23 12:13:29,757 [Thread-1132] INFO  impl.RoleInfo (RoleInfo.java:shutdownFollowerState(121)) - ad4d83c7-0f96-47bc-a4e8-7e5d9f844896: shutdown FollowerState
2019-10-23 12:13:29,757 [Thread-1132] INFO  impl.RaftServerImpl (RaftServerImpl.java:setRole(184)) - ad4d83c7-0f96-47bc-a4e8-7e5d9f844896@group-24C785E9A0FC: changes role from  FOLLOWER to CANDIDATE at term 90 for changeToCandidate
2019-10-23 12:13:29,757 [Thread-1132] INFO  impl.RoleInfo (RoleInfo.java:updateAndGet(143)) - ad4d83c7-0f96-47bc-a4e8-7e5d9f844896: start LeaderElection
2019-10-23 12:13:29,761 [ad4d83c7-0f96-47bc-a4e8-7e5d9f844896@group-24C785E9A0FC-LeaderElection97] INFO  impl.LeaderElection (LeaderElection.java:askForVotes(178)) - ad4d83c7-0f96-47bc-a4e8-7e5d9f844896@group-24C785E9A0FC-LeaderElection97: begin an election at term 91 for -1: [3b749b59-de2a-419b-9a26-261692f5c83c:192.168.69.118:39205, ad4d83c7-0f96-47bc-a4e8-7e5d9f844896:192.168.69.118:41688, 02863277-f564-4bc6-8337-fb22627f6f1a:192.168.69.118:36850], old=null
2019-10-23 12:13:29,764 [grpc-default-executor-4] INFO  impl.RaftServerImpl (RaftServerImpl.java:setRole(184)) - 3b749b59-de2a-419b-9a26-261692f5c83c@group-24C785E9A0FC: changes role from  FOLLOWER to FOLLOWER at term 91 for recognizeCandidate:ad4d83c7-0f96-47bc-a4e8-7e5d9f844896
2019-10-23 12:13:29,764 [grpc-default-executor-3] INFO  impl.RaftServerImpl (RaftServerImpl.java:setRole(184)) - 02863277-f564-4bc6-8337-fb22627f6f1a@group-24C785E9A0FC: changes role from  FOLLOWER to FOLLOWER at term 91 for recognizeCandidate:ad4d83c7-0f96-47bc-a4e8-7e5d9f844896
2019-10-23 12:13:29,764 [grpc-default-executor-4] INFO  impl.RoleInfo (RoleInfo.java:shutdownFollowerState(121)) - 3b749b59-de2a-419b-9a26-261692f5c83c: shutdown FollowerState
2019-10-23 12:13:29,765 [grpc-default-executor-3] INFO  impl.RoleInfo (RoleInfo.java:shutdownFollowerState(121)) - 02863277-f564-4bc6-8337-fb22627f6f1a: shutdown FollowerState
2019-10-23 12:13:29,765 [Thread-1131] INFO  impl.FollowerState (FollowerState.java:run(117)) - 3b749b59-de2a-419b-9a26-261692f5c83c@group-24C785E9A0FC-FollowerState was interrupted: java.lang.InterruptedException: sleep interrupted
2019-10-23 12:13:29,765 [grpc-default-executor-4] INFO  impl.RoleInfo (RoleInfo.java:updateAndGet(143)) - 3b749b59-de2a-419b-9a26-261692f5c83c: start FollowerState
2019-10-23 12:13:29,765 [Thread-1130] INFO  impl.FollowerState (FollowerState.java:run(117)) - 02863277-f564-4bc6-8337-fb22627f6f1a@group-24C785E9A0FC-FollowerState was interrupted: java.lang.InterruptedException: sleep interrupted
2019-10-23 12:13:29,765 [grpc-default-executor-3] INFO  impl.RoleInfo (RoleInfo.java:updateAndGet(143)) - 02863277-f564-4bc6-8337-fb22627f6f1a: start FollowerState
2019-10-23 12:13:29,784 [ad4d83c7-0f96-47bc-a4e8-7e5d9f844896@group-24C785E9A0FC-LeaderElection97] INFO  impl.LeaderElection (LeaderElection.java:logAndReturn(56)) - ad4d83c7-0f96-47bc-a4e8-7e5d9f844896@group-24C785E9A0FC-LeaderElection97: Election REJECTED; received 2 response(s) [ad4d83c7-0f96-47bc-a4e8-7e5d9f844896<-3b749b59-de2a-419b-9a26-261692f5c83c#0:FAIL-t91, ad4d83c7-0f96-47bc-a4e8-7e5d9f844896<-02863277-f564-4bc6-8337-fb22627f6f1a#0:FAIL-t91] and 0 exception(s); ad4d83c7-0f96-47bc-a4e8-7e5d9f844896@group-24C785E9A0FC:t91, leader=null, voted=ad4d83c7-0f96-47bc-a4e8-7e5d9f844896, raftlog=ad4d83c7-0f96-47bc-a4e8-7e5d9f844896@group-24C785E9A0FC-SegmentedRaftLog:OPENED:c-1,f-1,i0, conf=-1: [3b749b59-de2a-419b-9a26-261692f5c83c:192.168.69.118:39205, ad4d83c7-0f96-47bc-a4e8-7e5d9f844896:192.168.69.118:41688, 02863277-f564-4bc6-8337-fb22627f6f1a:192.168.69.118:36850], old=null
2019-10-23 12:13:29,784 [ad4d83c7-0f96-47bc-a4e8-7e5d9f844896@group-24C785E9A0FC-LeaderElection97] INFO  impl.RaftServerImpl (RaftServerImpl.java:setRole(184)) - ad4d83c7-0f96-47bc-a4e8-7e5d9f844896@group-24C785E9A0FC: changes role from CANDIDATE to FOLLOWER at term 91 for DISCOVERED_A_NEW_TERM
2019-10-23 12:13:29,784 [ad4d83c7-0f96-47bc-a4e8-7e5d9f844896@group-24C785E9A0FC-LeaderElection97] INFO  impl.RoleInfo (RoleInfo.java:shutdownLeaderElection(134)) - ad4d83c7-0f96-47bc-a4e8-7e5d9f844896: shutdown LeaderElection
2019-10-23 12:13:29,784 [ad4d83c7-0f96-47bc-a4e8-7e5d9f844896@group-24C785E9A0FC-LeaderElection97] INFO  impl.RoleInfo (RoleInfo.java:updateAndGet(143)) - ad4d83c7-0f96-47bc-a4e8-7e5d9f844896: start FollowerState
2019-10-23 12:13:29,962 [Thread-1138] INFO  impl.FollowerState (FollowerState.java:run(108)) - ad4d83c7-0f96-47bc-a4e8-7e5d9f844896@group-24C785E9A0FC-FollowerState: change to CANDIDATE, lastRpcTime:177ms, electionTimeout:177ms
2019-10-23 12:13:29,962 [Thread-1138] INFO  impl.RoleInfo (RoleInfo.java:shutdownFollowerState(121)) - ad4d83c7-0f96-47bc-a4e8-7e5d9f844896: shutdown FollowerState
2019-10-23 12:13:29,962 [Thread-1138] INFO  impl.RaftServerImpl (RaftServerImpl.java:setRole(184)) - ad4d83c7-0f96-47bc-a4e8-7e5d9f844896@group-24C785E9A0FC: changes role from  FOLLOWER to CANDIDATE at term 91 for changeToCandidate
2019-10-23 12:13:29,963 [Thread-1138] INFO  impl.RoleInfo (RoleInfo.java:updateAndGet(143)) - ad4d83c7-0f96-47bc-a4e8-7e5d9f844896: start LeaderElection
2019-10-23 12:13:29,972 [ad4d83c7-0f96-47bc-a4e8-7e5d9f844896@group-24C785E9A0FC-LeaderElection98] INFO  impl.LeaderElection (LeaderElection.java:askForVotes(178)) - ad4d83c7-0f96-47bc-a4e8-7e5d9f844896@group-24C785E9A0FC-LeaderElection98: begin an election at term 92 for -1: [3b749b59-de2a-419b-9a26-261692f5c83c:192.168.69.118:39205, ad4d83c7-0f96-47bc-a4e8-7e5d9f844896:192.168.69.118:41688, 02863277-f564-4bc6-8337-fb22627f6f1a:192.168.69.118:36850], old=null
2019-10-23 12:13:29,974 [grpc-default-executor-3] INFO  impl.RaftServerImpl (RaftServerImpl.java:setRole(184)) - 02863277-f564-4bc6-8337-fb22627f6f1a@group-24C785E9A0FC: changes role from  FOLLOWER to FOLLOWER at term 92 for recognizeCandidate:ad4d83c7-0f96-47bc-a4e8-7e5d9f844896
2019-10-23 12:13:29,974 [grpc-default-executor-4] INFO  impl.RaftServerImpl (RaftServerImpl.java:setRole(184)) - 3b749b59-de2a-419b-9a26-261692f5c83c@group-24C785E9A0FC: changes role from  FOLLOWER to FOLLOWER at term 92 for recognizeCandidate:ad4d83c7-0f96-47bc-a4e8-7e5d9f844896
2019-10-23 12:13:29,974 [grpc-default-executor-3] INFO  impl.RoleInfo (RoleInfo.java:shutdownFollowerState(121)) - 02863277-f564-4bc6-8337-fb22627f6f1a: shutdown FollowerState
2019-10-23 12:13:29,974 [grpc-default-executor-4] INFO  impl.RoleInfo (RoleInfo.java:shutdownFollowerState(121)) - 3b749b59-de2a-419b-9a26-261692f5c83c: shutdown FollowerState
2019-10-23 12:13:29,975 [Thread-1137] INFO  impl.FollowerState (FollowerState.java:run(117)) - 02863277-f564-4bc6-8337-fb22627f6f1a@group-24C785E9A0FC-FollowerState was interrupted: java.lang.InterruptedException: sleep interrupted
2019-10-23 12:13:29,975 [grpc-default-executor-3] INFO  impl.RoleInfo (RoleInfo.java:updateAndGet(143)) - 02863277-f564-4bc6-8337-fb22627f6f1a: start FollowerState
2019-10-23 12:13:29,975 [Thread-1136] INFO  impl.FollowerState (FollowerState.java:run(117)) - 3b749b59-de2a-419b-9a26-261692f5c83c@group-24C785E9A0FC-FollowerState was interrupted: java.lang.InterruptedException: sleep interrupted
2019-10-23 12:13:29,975 [grpc-default-executor-4] INFO  impl.RoleInfo (RoleInfo.java:updateAndGet(143)) - 3b749b59-de2a-419b-9a26-261692f5c83c: start FollowerState
2019-10-23 12:13:29,990 [ad4d83c7-0f96-47bc-a4e8-7e5d9f844896@group-24C785E9A0FC-LeaderElection98] INFO  impl.LeaderElection (LeaderElection.java:logAndReturn(56)) - ad4d83c7-0f96-47bc-a4e8-7e5d9f844896@group-24C785E9A0FC-LeaderElection98: Election REJECTED; received 2 response(s) [ad4d83c7-0f96-47bc-a4e8-7e5d9f844896<-3b749b59-de2a-419b-9a26-261692f5c83c#0:FAIL-t92, ad4d83c7-0f96-47bc-a4e8-7e5d9f844896<-02863277-f564-4bc6-8337-fb22627f6f1a#0:FAIL-t92] and 0 exception(s); ad4d83c7-0f96-47bc-a4e8-7e5d9f844896@group-24C785E9A0FC:t92, leader=null, voted=ad4d83c7-0f96-47bc-a4e8-7e5d9f844896, raftlog=ad4d83c7-0f96-47bc-a4e8-7e5d9f844896@group-24C785E9A0FC-SegmentedRaftLog:OPENED:c-1,f-1,i0, conf=-1: [3b749b59-de2a-419b-9a26-261692f5c83c:192.168.69.118:39205, ad4d83c7-0f96-47bc-a4e8-7e5d9f844896:192.168.69.118:41688, 02863277-f564-4bc6-8337-fb22627f6f1a:192.168.69.118:36850], old=null
2019-10-23 12:13:29,991 [ad4d83c7-0f96-47bc-a4e8-7e5d9f844896@group-24C785E9A0FC-LeaderElection98] INFO  impl.RaftServerImpl (RaftServerImpl.java:setRole(184)) - ad4d83c7-0f96-47bc-a4e8-7e5d9f844896@group-24C785E9A0FC: changes role from CANDIDATE to FOLLOWER at term 92 for DISCOVERED_A_NEW_TERM
2019-10-23 12:13:29,991 [ad4d83c7-0f96-47bc-a4e8-7e5d9f844896@group-24C785E9A0FC-LeaderElection98] INFO  impl.RoleInfo (RoleInfo.java:shutdownLeaderElection(134)) - ad4d83c7-0f96-47bc-a4e8-7e5d9f844896: shutdown LeaderElection
2019-10-23 12:13:29,991 [ad4d83c7-0f96-47bc-a4e8-7e5d9f844896@group-24C785E9A0FC-LeaderElection98] INFO  impl.RoleInfo (RoleInfo.java:updateAndGet(143)) - ad4d83c7-0f96-47bc-a4e8-7e5d9f844896: start FollowerState
2019-10-23 12:13:30,172 [Thread-1146] INFO  impl.FollowerState (FollowerState.java:run(108)) - ad4d83c7-0f96-47bc-a4e8-7e5d9f844896@group-24C785E9A0FC-FollowerState: change to CANDIDATE, lastRpcTime:181ms, electionTimeout:181ms
2019-10-23 12:13:30,173 [Thread-1146] INFO  impl.RoleInfo (RoleInfo.java:shutdownFollowerState(121)) - ad4d83c7-0f96-47bc-a4e8-7e5d9f844896: shutdown FollowerState
2019-10-23 12:13:30,173 [Thread-1146] INFO  impl.RaftServerImpl (RaftServerImpl.java:setRole(184)) - ad4d83c7-0f96-47bc-a4e8-7e5d9f844896@group-24C785E9A0FC: changes role from  FOLLOWER to CANDIDATE at term 92 for changeToCandidate
2019-10-23 12:13:30,173 [Thread-1146] INFO  impl.RoleInfo (RoleInfo.java:updateAndGet(143)) - ad4d83c7-0f96-47bc-a4e8-7e5d9f844896: start LeaderElection
2019-10-23 12:13:30,177 [ad4d83c7-0f96-47bc-a4e8-7e5d9f844896@group-24C785E9A0FC-LeaderElection99] INFO  impl.LeaderElection (LeaderElection.java:askForVotes(178)) - ad4d83c7-0f96-47bc-a4e8-7e5d9f844896@group-24C785E9A0FC-LeaderElection99: begin an election at term 93 for -1: [3b749b59-de2a-419b-9a26-261692f5c83c:192.168.69.118:39205, ad4d83c7-0f96-47bc-a4e8-7e5d9f844896:192.168.69.118:41688, 02863277-f564-4bc6-8337-fb22627f6f1a:192.168.69.118:36850], old=null
2019-10-23 12:13:30,180 [grpc-default-executor-3] INFO  impl.RaftServerImpl (RaftServerImpl.java:setRole(184)) - 02863277-f564-4bc6-8337-fb22627f6f1a@group-24C785E9A0FC: changes role from  FOLLOWER to FOLLOWER at term 93 for recognizeCandidate:ad4d83c7-0f96-47bc-a4e8-7e5d9f844896
2019-10-23 12:13:30,180 [grpc-default-executor-4] INFO  impl.RaftServerImpl (RaftServerImpl.java:setRole(184)) - 3b749b59-de2a-419b-9a26-261692f5c83c@group-24C785E9A0FC: changes role from  FOLLOWER to FOLLOWER at term 93 for recognizeCandidate:ad4d83c7-0f96-47bc-a4e8-7e5d9f844896
2019-10-23 12:13:30,180 [grpc-default-executor-3] INFO  impl.RoleInfo (RoleInfo.java:shutdownFollowerState(121)) - 02863277-f564-4bc6-8337-fb22627f6f1a: shutdown FollowerState
2019-10-23 12:13:30,180 [grpc-default-executor-4] INFO  impl.RoleInfo (RoleInfo.java:shutdownFollowerState(121)) - 3b749b59-de2a-419b-9a26-261692f5c83c: shutdown FollowerState
2019-10-23 12:13:30,180 [grpc-default-executor-3] INFO  impl.RoleInfo (RoleInfo.java:updateAndGet(143)) - 02863277-f564-4bc6-8337-fb22627f6f1a: start FollowerState
2019-10-23 12:13:30,180 [Thread-1144] INFO  impl.FollowerState (FollowerState.java:run(117)) - 02863277-f564-4bc6-8337-fb22627f6f1a@group-24C785E9A0FC-FollowerState was interrupted: java.lang.InterruptedException: sleep interrupted
2019-10-23 12:13:30,180 [grpc-default-executor-4] INFO  impl.RoleInfo (RoleInfo.java:updateAndGet(143)) - 3b749b59-de2a-419b-9a26-261692f5c83c: start FollowerState
2019-10-23 12:13:30,180 [Thread-1145] INFO  impl.FollowerState (FollowerState.java:run(117)) - 3b749b59-de2a-419b-9a26-261692f5c83c@group-24C785E9A0FC-FollowerState was interrupted: java.lang.InterruptedException: sleep interrupted
2019-10-23 12:13:30,188 [ad4d83c7-0f96-47bc-a4e8-7e5d9f844896@group-24C785E9A0FC-LeaderElection99] INFO  impl.LeaderElection (LeaderElection.java:logAndReturn(56)) - ad4d83c7-0f96-47bc-a4e8-7e5d9f844896@group-24C785E9A0FC-LeaderElection99: Election REJECTED; received 2 response(s) [ad4d83c7-0f96-47bc-a4e8-7e5d9f844896<-3b749b59-de2a-419b-9a26-261692f5c83c#0:FAIL-t93, ad4d83c7-0f96-47bc-a4e8-7e5d9f844896<-02863277-f564-4bc6-8337-fb22627f6f1a#0:FAIL-t93] and 0 exception(s); ad4d83c7-0f96-47bc-a4e8-7e5d9f844896@group-24C785E9A0FC:t93, leader=null, voted=ad4d83c7-0f96-47bc-a4e8-7e5d9f844896, raftlog=ad4d83c7-0f96-47bc-a4e8-7e5d9f844896@group-24C785E9A0FC-SegmentedRaftLog:OPENED:c-1,f-1,i0, conf=-1: [3b749b59-de2a-419b-9a26-261692f5c83c:192.168.69.118:39205, ad4d83c7-0f96-47bc-a4e8-7e5d9f844896:192.168.69.118:41688, 02863277-f564-4bc6-8337-fb22627f6f1a:192.168.69.118:36850], old=null
2019-10-23 12:13:30,188 [ad4d83c7-0f96-47bc-a4e8-7e5d9f844896@group-24C785E9A0FC-LeaderElection99] INFO  impl.RaftServerImpl (RaftServerImpl.java:setRole(184)) - ad4d83c7-0f96-47bc-a4e8-7e5d9f844896@group-24C785E9A0FC: changes role from CANDIDATE to FOLLOWER at term 93 for DISCOVERED_A_NEW_TERM
2019-10-23 12:13:30,188 [ad4d83c7-0f96-47bc-a4e8-7e5d9f844896@group-24C785E9A0FC-LeaderElection99] INFO  impl.RoleInfo (RoleInfo.java:shutdownLeaderElection(134)) - ad4d83c7-0f96-47bc-a4e8-7e5d9f844896: shutdown LeaderElection
2019-10-23 12:13:30,189 [ad4d83c7-0f96-47bc-a4e8-7e5d9f844896@group-24C785E9A0FC-LeaderElection99] INFO  impl.RoleInfo (RoleInfo.java:updateAndGet(143)) - ad4d83c7-0f96-47bc-a4e8-7e5d9f844896: start FollowerState
2019-10-23 12:13:30,340 [Thread-1154] INFO  impl.FollowerState (FollowerState.java:run(108)) - ad4d83c7-0f96-47bc-a4e8-7e5d9f844896@group-24C785E9A0FC-FollowerState: change to CANDIDATE, lastRpcTime:151ms, electionTimeout:151ms
2019-10-23 12:13:30,340 [Thread-1154] INFO  impl.RoleInfo (RoleInfo.java:shutdownFollowerState(121)) - ad4d83c7-0f96-47bc-a4e8-7e5d9f844896: shutdown FollowerState
2019-10-23 12:13:30,340 [Thread-1154] INFO  impl.RaftServerImpl (RaftServerImpl.java:setRole(184)) - ad4d83c7-0f96-47bc-a4e8-7e5d9f844896@group-24C785E9A0FC: changes role from  FOLLOWER to CANDIDATE at term 93 for changeToCandidate
2019-10-23 12:13:30,340 [Thread-1154] INFO  impl.RoleInfo (RoleInfo.java:updateAndGet(143)) - ad4d83c7-0f96-47bc-a4e8-7e5d9f844896: start LeaderElection
2019-10-23 12:13:30,363 [ad4d83c7-0f96-47bc-a4e8-7e5d9f844896@group-24C785E9A0FC-LeaderElection100] INFO  impl.LeaderElection (LeaderElection.java:askForVotes(178)) - ad4d83c7-0f96-47bc-a4e8-7e5d9f844896@group-24C785E9A0FC-LeaderElection100: begin an election at term 94 for -1: [3b749b59-de2a-419b-9a26-261692f5c83c:192.168.69.118:39205, ad4d83c7-0f96-47bc-a4e8-7e5d9f844896:192.168.69.118:41688, 02863277-f564-4bc6-8337-fb22627f6f1a:192.168.69.118:36850], old=null
2019-10-23 12:13:30,366 [grpc-default-executor-0] INFO  impl.RaftServerImpl (RaftServerImpl.java:setRole(184)) - 3b749b59-de2a-419b-9a26-261692f5c83c@group-24C785E9A0FC: changes role from  FOLLOWER to FOLLOWER at term 94 for recognizeCandidate:ad4d83c7-0f96-47bc-a4e8-7e5d9f844896
2019-10-23 12:13:30,366 [grpc-default-executor-4] INFO  impl.RaftServerImpl (RaftServerImpl.java:setRole(184)) - 02863277-f564-4bc6-8337-fb22627f6f1a@group-24C785E9A0FC: changes role from  FOLLOWER to FOLLOWER at term 94 for recognizeCandidate:ad4d83c7-0f96-47bc-a4e8-7e5d9f844896
2019-10-23 12:13:30,366 [grpc-default-executor-0] INFO  impl.RoleInfo (RoleInfo.java:shutdownFollowerState(121)) - 3b749b59-de2a-419b-9a26-261692f5c83c: shutdown FollowerState
2019-10-23 12:13:30,366 [grpc-default-executor-4] INFO  impl.RoleInfo (RoleInfo.java:shutdownFollowerState(121)) - 02863277-f564-4bc6-8337-fb22627f6f1a: shutdown FollowerState
2019-10-23 12:13:30,367 [Thread-1151] INFO  impl.FollowerState (FollowerState.java:run(117)) - 3b749b59-de2a-419b-9a26-261692f5c83c@group-24C785E9A0FC-FollowerState was interrupted: java.lang.InterruptedException: sleep interrupted
2019-10-23 12:13:30,366 [grpc-default-executor-0] INFO  impl.RoleInfo (RoleInfo.java:updateAndGet(143)) - 3b749b59-de2a-419b-9a26-261692f5c83c: start FollowerState
2019-10-23 12:13:30,367 [Thread-1150] INFO  impl.FollowerState (FollowerState.java:run(117)) - 02863277-f564-4bc6-8337-fb22627f6f1a@group-24C785E9A0FC-FollowerState was interrupted: java.lang.InterruptedException: sleep interrupted
2019-10-23 12:13:30,367 [grpc-default-executor-4] INFO  impl.RoleInfo (RoleInfo.java:updateAndGet(143)) - 02863277-f564-4bc6-8337-fb22627f6f1a: start FollowerState
2019-10-23 12:13:30,382 [ad4d83c7-0f96-47bc-a4e8-7e5d9f844896@group-24C785E9A0FC-LeaderElection100] INFO  impl.LeaderElection (LeaderElection.java:logAndReturn(56)) - ad4d83c7-0f96-47bc-a4e8-7e5d9f844896@group-24C785E9A0FC-LeaderElection100: Election REJECTED; received 2 response(s) [ad4d83c7-0f96-47bc-a4e8-7e5d9f844896<-3b749b59-de2a-419b-9a26-261692f5c83c#0:FAIL-t94, ad4d83c7-0f96-47bc-a4e8-7e5d9f844896<-02863277-f564-4bc6-8337-fb22627f6f1a#0:FAIL-t94] and 0 exception(s); ad4d83c7-0f96-47bc-a4e8-7e5d9f844896@group-24C785E9A0FC:t94, leader=null, voted=ad4d83c7-0f96-47bc-a4e8-7e5d9f844896, raftlog=ad4d83c7-0f96-47bc-a4e8-7e5d9f844896@group-24C785E9A0FC-SegmentedRaftLog:OPENED:c-1,f-1,i0, conf=-1: [3b749b59-de2a-419b-9a26-261692f5c83c:192.168.69.118:39205, ad4d83c7-0f96-47bc-a4e8-7e5d9f844896:192.168.69.118:41688, 02863277-f564-4bc6-8337-fb22627f6f1a:192.168.69.118:36850], old=null
2019-10-23 12:13:30,382 [ad4d83c7-0f96-47bc-a4e8-7e5d9f844896@group-24C785E9A0FC-LeaderElection100] INFO  impl.RaftServerImpl (RaftServerImpl.java:setRole(184)) - ad4d83c7-0f96-47bc-a4e8-7e5d9f844896@group-24C785E9A0FC: changes role from CANDIDATE to FOLLOWER at term 94 for DISCOVERED_A_NEW_TERM
2019-10-23 12:13:30,382 [ad4d83c7-0f96-47bc-a4e8-7e5d9f844896@group-24C785E9A0FC-LeaderElection100] INFO  impl.RoleInfo (RoleInfo.java:shutdownLeaderElection(134)) - ad4d83c7-0f96-47bc-a4e8-7e5d9f844896: shutdown LeaderElection
2019-10-23 12:13:30,382 [ad4d83c7-0f96-47bc-a4e8-7e5d9f844896@group-24C785E9A0FC-LeaderElection100] INFO  impl.RoleInfo (RoleInfo.java:updateAndGet(143)) - ad4d83c7-0f96-47bc-a4e8-7e5d9f844896: start FollowerState
2019-10-23 12:13:30,494 [Thread-1162] INFO  impl.FollowerState (FollowerState.java:run(108)) - ad4d83c7-0f96-47bc-a4e8-7e5d9f844896@group-24C785E9A0FC-FollowerState: change to CANDIDATE, lastRpcTime:111ms, electionTimeout:111ms
2019-10-23 12:13:30,494 [Thread-1162] INFO  impl.RoleInfo (RoleInfo.java:shutdownFollowerState(121)) - ad4d83c7-0f96-47bc-a4e8-7e5d9f844896: shutdown FollowerState
2019-10-23 12:13:30,494 [Thread-1162] INFO  impl.RaftServerImpl (RaftServerImpl.java:setRole(184)) - ad4d83c7-0f96-47bc-a4e8-7e5d9f844896@group-24C785E9A0FC: changes role from  FOLLOWER to CANDIDATE at term 94 for changeToCandidate
2019-10-23 12:13:30,494 [Thread-1162] INFO  impl.RoleInfo (RoleInfo.java:updateAndGet(143)) - ad4d83c7-0f96-47bc-a4e8-7e5d9f844896: start LeaderElection
2019-10-23 12:13:30,508 [ad4d83c7-0f96-47bc-a4e8-7e5d9f844896@group-24C785E9A0FC-LeaderElection101] INFO  impl.LeaderElection (LeaderElection.java:askForVotes(178)) - ad4d83c7-0f96-47bc-a4e8-7e5d9f844896@group-24C785E9A0FC-LeaderElection101: begin an election at term 95 for -1: [3b749b59-de2a-419b-9a26-261692f5c83c:192.168.69.118:39205, ad4d83c7-0f96-47bc-a4e8-7e5d9f844896:192.168.69.118:41688, 02863277-f564-4bc6-8337-fb22627f6f1a:192.168.69.118:36850], old=null
2019-10-23 12:13:30,511 [grpc-default-executor-0] INFO  impl.RaftServerImpl (RaftServerImpl.java:setRole(184)) - 02863277-f564-4bc6-8337-fb22627f6f1a@group-24C785E9A0FC: changes role from  FOLLOWER to FOLLOWER at term 95 for recognizeCandidate:ad4d83c7-0f96-47bc-a4e8-7e5d9f844896
2019-10-23 12:13:30,511 [grpc-default-executor-0] INFO  impl.RoleInfo (RoleInfo.java:shutdownFollowerState(121)) - 02863277-f564-4bc6-8337-fb22627f6f1a: shutdown FollowerState
2019-10-23 12:13:30,512 [grpc-default-executor-0] INFO  impl.RoleInfo (RoleInfo.java:updateAndGet(143)) - 02863277-f564-4bc6-8337-fb22627f6f1a: start FollowerState
2019-10-23 12:13:30,512 [grpc-default-executor-4] INFO  impl.RaftServerImpl (RaftServerImpl.java:setRole(184)) - 3b749b59-de2a-419b-9a26-261692f5c83c@group-24C785E9A0FC: changes role from  FOLLOWER to FOLLOWER at term 95 for recognizeCandidate:ad4d83c7-0f96-47bc-a4e8-7e5d9f844896
2019-10-23 12:13:30,512 [Thread-1161] INFO  impl.FollowerState (FollowerState.java:run(117)) - 02863277-f564-4bc6-8337-fb22627f6f1a@group-24C785E9A0FC-FollowerState was interrupted: java.lang.InterruptedException: sleep interrupted
2019-10-23 12:13:30,512 [grpc-default-executor-4] INFO  impl.RoleInfo (RoleInfo.java:shutdownFollowerState(121)) - 3b749b59-de2a-419b-9a26-261692f5c83c: shutdown FollowerState
2019-10-23 12:13:30,512 [grpc-default-executor-4] INFO  impl.RoleInfo (RoleInfo.java:updateAndGet(143)) - 3b749b59-de2a-419b-9a26-261692f5c83c: start FollowerState
2019-10-23 12:13:30,512 [Thread-1160] INFO  impl.FollowerState (FollowerState.java:run(117)) - 3b749b59-de2a-419b-9a26-261692f5c83c@group-24C785E9A0FC-FollowerState was interrupted: java.lang.InterruptedException: sleep interrupted
2019-10-23 12:13:30,526 [ad4d83c7-0f96-47bc-a4e8-7e5d9f844896@group-24C785E9A0FC-LeaderElection101] INFO  impl.LeaderElection (LeaderElection.java:logAndReturn(56)) - ad4d83c7-0f96-47bc-a4e8-7e5d9f844896@group-24C785E9A0FC-LeaderElection101: Election REJECTED; received 2 response(s) [ad4d83c7-0f96-47bc-a4e8-7e5d9f844896<-3b749b59-de2a-419b-9a26-261692f5c83c#0:FAIL-t95, ad4d83c7-0f96-47bc-a4e8-7e5d9f844896<-02863277-f564-4bc6-8337-fb22627f6f1a#0:FAIL-t95] and 0 exception(s); ad4d83c7-0f96-47bc-a4e8-7e5d9f844896@group-24C785E9A0FC:t95, leader=null, voted=ad4d83c7-0f96-47bc-a4e8-7e5d9f844896, raftlog=ad4d83c7-0f96-47bc-a4e8-7e5d9f844896@group-24C785E9A0FC-SegmentedRaftLog:OPENED:c-1,f-1,i0, conf=-1: [3b749b59-de2a-419b-9a26-261692f5c83c:192.168.69.118:39205, ad4d83c7-0f96-47bc-a4e8-7e5d9f844896:192.168.69.118:41688, 02863277-f564-4bc6-8337-fb22627f6f1a:192.168.69.118:36850], old=null
2019-10-23 12:13:30,526 [ad4d83c7-0f96-47bc-a4e8-7e5d9f844896@group-24C785E9A0FC-LeaderElection101] INFO  impl.RaftServerImpl (RaftServerImpl.java:setRole(184)) - ad4d83c7-0f96-47bc-a4e8-7e5d9f844896@group-24C785E9A0FC: changes role from CANDIDATE to FOLLOWER at term 95 for DISCOVERED_A_NEW_TERM
2019-10-23 12:13:30,526 [ad4d83c7-0f96-47bc-a4e8-7e5d9f844896@group-24C785E9A0FC-LeaderElection101] INFO  impl.RoleInfo (RoleInfo.java:shutdownLeaderElection(134)) - ad4d83c7-0f96-47bc-a4e8-7e5d9f844896: shutdown LeaderElection
2019-10-23 12:13:30,527 [ad4d83c7-0f96-47bc-a4e8-7e5d9f844896@group-24C785E9A0FC-LeaderElection101] INFO  impl.RoleInfo (RoleInfo.java:updateAndGet(143)) - ad4d83c7-0f96-47bc-a4e8-7e5d9f844896: start FollowerState
2019-10-23 12:13:30,557 [Thread-1168] INFO  impl.FollowerState (FollowerState.java:run(108)) - ad4d83c7-0f96-47bc-a4e8-7e5d9f844896@group-24C785E9A0FC-FollowerState: change to CANDIDATE, lastRpcTime:30ms, electionTimeout:30ms
2019-10-23 12:13:30,557 [Thread-1168] INFO  impl.RoleInfo (RoleInfo.java:shutdownFollowerState(121)) - ad4d83c7-0f96-47bc-a4e8-7e5d9f844896: shutdown FollowerState
2019-10-23 12:13:30,557 [Thread-1168] INFO  impl.RaftServerImpl (RaftServerImpl.java:setRole(184)) - ad4d83c7-0f96-47bc-a4e8-7e5d9f844896@group-24C785E9A0FC: changes role from  FOLLOWER to CANDIDATE at term 95 for changeToCandidate
2019-10-23 12:13:30,557 [Thread-1168] INFO  impl.RoleInfo (RoleInfo.java:updateAndGet(143)) - ad4d83c7-0f96-47bc-a4e8-7e5d9f844896: start LeaderElection
2019-10-23 12:13:30,571 [ad4d83c7-0f96-47bc-a4e8-7e5d9f844896@group-24C785E9A0FC-LeaderElection102] INFO  impl.LeaderElection (LeaderElection.java:askForVotes(178)) - ad4d83c7-0f96-47bc-a4e8-7e5d9f844896@group-24C785E9A0FC-LeaderElection102: begin an election at term 96 for -1: [3b749b59-de2a-419b-9a26-261692f5c83c:192.168.69.118:39205, ad4d83c7-0f96-47bc-a4e8-7e5d9f844896:192.168.69.118:41688, 02863277-f564-4bc6-8337-fb22627f6f1a:192.168.69.118:36850], old=null
2019-10-23 12:13:30,573 [grpc-default-executor-4] INFO  impl.RaftServerImpl (RaftServerImpl.java:setRole(184)) - 02863277-f564-4bc6-8337-fb22627f6f1a@group-24C785E9A0FC: changes role from  FOLLOWER to FOLLOWER at term 96 for recognizeCandidate:ad4d83c7-0f96-47bc-a4e8-7e5d9f844896
2019-10-23 12:13:30,573 [grpc-default-executor-4] INFO  impl.RoleInfo (RoleInfo.java:shutdownFollowerState(121)) - 02863277-f564-4bc6-8337-fb22627f6f1a: shutdown FollowerState
2019-10-23 12:13:30,573 [grpc-default-executor-4] INFO  impl.RoleInfo (RoleInfo.java:updateAndGet(143)) - 02863277-f564-4bc6-8337-fb22627f6f1a: start FollowerState
2019-10-23 12:13:30,573 [Thread-1166] INFO  impl.FollowerState (FollowerState.java:run(117)) - 02863277-f564-4bc6-8337-fb22627f6f1a@group-24C785E9A0FC-FollowerState was interrupted: java.lang.InterruptedException: sleep interrupted
2019-10-23 12:13:30,574 [grpc-default-executor-0] INFO  impl.RaftServerImpl (RaftServerImpl.java:setRole(184)) - 3b749b59-de2a-419b-9a26-261692f5c83c@group-24C785E9A0FC: changes role from  FOLLOWER to FOLLOWER at term 96 for recognizeCandidate:ad4d83c7-0f96-47bc-a4e8-7e5d9f844896
2019-10-23 12:13:30,574 [grpc-default-executor-0] INFO  impl.RoleInfo (RoleInfo.java:shutdownFollowerState(121)) - 3b749b59-de2a-419b-9a26-261692f5c83c: shutdown FollowerState
2019-10-23 12:13:30,574 [grpc-default-executor-0] INFO  impl.RoleInfo (RoleInfo.java:updateAndGet(143)) - 3b749b59-de2a-419b-9a26-261692f5c83c: start FollowerState
2019-10-23 12:13:30,574 [Thread-1167] INFO  impl.FollowerState (FollowerState.java:run(117)) - 3b749b59-de2a-419b-9a26-261692f5c83c@group-24C785E9A0FC-FollowerState was interrupted: java.lang.InterruptedException: sleep interrupted
2019-10-23 12:13:30,588 [ad4d83c7-0f96-47bc-a4e8-7e5d9f844896@group-24C785E9A0FC-LeaderElection102] INFO  impl.LeaderElection (LeaderElection.java:logAndReturn(56)) - ad4d83c7-0f96-47bc-a4e8-7e5d9f844896@group-24C785E9A0FC-LeaderElection102: Election REJECTED; received 2 response(s) [ad4d83c7-0f96-47bc-a4e8-7e5d9f844896<-3b749b59-de2a-419b-9a26-261692f5c83c#0:FAIL-t96, ad4d83c7-0f96-47bc-a4e8-7e5d9f844896<-02863277-f564-4bc6-8337-fb22627f6f1a#0:FAIL-t96] and 0 exception(s); ad4d83c7-0f96-47bc-a4e8-7e5d9f844896@group-24C785E9A0FC:t96, leader=null, voted=ad4d83c7-0f96-47bc-a4e8-7e5d9f844896, raftlog=ad4d83c7-0f96-47bc-a4e8-7e5d9f844896@group-24C785E9A0FC-SegmentedRaftLog:OPENED:c-1,f-1,i0, conf=-1: [3b749b59-de2a-419b-9a26-261692f5c83c:192.168.69.118:39205, ad4d83c7-0f96-47bc-a4e8-7e5d9f844896:192.168.69.118:41688, 02863277-f564-4bc6-8337-fb22627f6f1a:192.168.69.118:36850], old=null
2019-10-23 12:13:30,588 [ad4d83c7-0f96-47bc-a4e8-7e5d9f844896@group-24C785E9A0FC-LeaderElection102] INFO  impl.RaftServerImpl (RaftServerImpl.java:setRole(184)) - ad4d83c7-0f96-47bc-a4e8-7e5d9f844896@group-24C785E9A0FC: changes role from CANDIDATE to FOLLOWER at term 96 for DISCOVERED_A_NEW_TERM
2019-10-23 12:13:30,588 [ad4d83c7-0f96-47bc-a4e8-7e5d9f844896@group-24C785E9A0FC-LeaderElection102] INFO  impl.RoleInfo (RoleInfo.java:shutdownLeaderElection(134)) - ad4d83c7-0f96-47bc-a4e8-7e5d9f844896: shutdown LeaderElection
2019-10-23 12:13:30,588 [ad4d83c7-0f96-47bc-a4e8-7e5d9f844896@group-24C785E9A0FC-LeaderElection102] INFO  impl.RoleInfo (RoleInfo.java:updateAndGet(143)) - ad4d83c7-0f96-47bc-a4e8-7e5d9f844896: start FollowerState
2019-10-23 12:13:30,642 [Thread-1174] INFO  impl.FollowerState (FollowerState.java:run(108)) - ad4d83c7-0f96-47bc-a4e8-7e5d9f844896@group-24C785E9A0FC-FollowerState: change to CANDIDATE, lastRpcTime:53ms, electionTimeout:53ms
2019-10-23 12:13:30,642 [Thread-1174] INFO  impl.RoleInfo (RoleInfo.java:shutdownFollowerState(121)) - ad4d83c7-0f96-47bc-a4e8-7e5d9f844896: shutdown FollowerState
2019-10-23 12:13:30,642 [Thread-1174] INFO  impl.RaftServerImpl (RaftServerImpl.java:setRole(184)) - ad4d83c7-0f96-47bc-a4e8-7e5d9f844896@group-24C785E9A0FC: changes role from  FOLLOWER to CANDIDATE at term 96 for changeToCandidate
2019-10-23 12:13:30,642 [Thread-1174] INFO  impl.RoleInfo (RoleInfo.java:updateAndGet(143)) - ad4d83c7-0f96-47bc-a4e8-7e5d9f844896: start LeaderElection
2019-10-23 12:13:30,657 [ad4d83c7-0f96-47bc-a4e8-7e5d9f844896@group-24C785E9A0FC-LeaderElection103] INFO  impl.LeaderElection (LeaderElection.java:askForVotes(178)) - ad4d83c7-0f96-47bc-a4e8-7e5d9f844896@group-24C785E9A0FC-LeaderElection103: begin an election at term 97 for -1: [3b749b59-de2a-419b-9a26-261692f5c83c:192.168.69.118:39205, ad4d83c7-0f96-47bc-a4e8-7e5d9f844896:192.168.69.118:41688, 02863277-f564-4bc6-8337-fb22627f6f1a:192.168.69.118:36850], old=null
2019-10-23 12:13:30,660 [grpc-default-executor-0] INFO  impl.RaftServerImpl (RaftServerImpl.java:setRole(184)) - 3b749b59-de2a-419b-9a26-261692f5c83c@group-24C785E9A0FC: changes role from  FOLLOWER to FOLLOWER at term 97 for recognizeCandidate:ad4d83c7-0f96-47bc-a4e8-7e5d9f844896
2019-10-23 12:13:30,660 [grpc-default-executor-4] INFO  impl.RaftServerImpl (RaftServerImpl.java:setRole(184)) - 02863277-f564-4bc6-8337-fb22627f6f1a@group-24C785E9A0FC: changes role from  FOLLOWER to FOLLOWER at term 97 for recognizeCandidate:ad4d83c7-0f96-47bc-a4e8-7e5d9f844896
2019-10-23 12:13:30,660 [grpc-default-executor-0] INFO  impl.RoleInfo (RoleInfo.java:shutdownFollowerState(121)) - 3b749b59-de2a-419b-9a26-261692f5c83c: shutdown FollowerState
2019-10-23 12:13:30,660 [grpc-default-executor-4] INFO  impl.RoleInfo (RoleInfo.java:shutdownFollowerState(121)) - 02863277-f564-4bc6-8337-fb22627f6f1a: shutdown FollowerState
2019-10-23 12:13:30,660 [Thread-1173] INFO  impl.FollowerState (FollowerState.java:run(117)) - 3b749b59-de2a-419b-9a26-261692f5c83c@group-24C785E9A0FC-FollowerState was interrupted: java.lang.InterruptedException: sleep interrupted
2019-10-23 12:13:30,660 [grpc-default-executor-0] INFO  impl.RoleInfo (RoleInfo.java:updateAndGet(143)) - 3b749b59-de2a-419b-9a26-261692f5c83c: start FollowerState
2019-10-23 12:13:30,660 [grpc-default-executor-4] INFO  impl.RoleInfo (RoleInfo.java:updateAndGet(143)) - 02863277-f564-4bc6-8337-fb22627f6f1a: start FollowerState
2019-10-23 12:13:30,660 [Thread-1172] INFO  impl.FollowerState (FollowerState.java:run(117)) - 02863277-f564-4bc6-8337-fb22627f6f1a@group-24C785E9A0FC-FollowerState was interrupted: java.lang.InterruptedException: sleep interrupted
2019-10-23 12:13:30,675 [ad4d83c7-0f96-47bc-a4e8-7e5d9f844896@group-24C785E9A0FC-LeaderElection103] INFO  impl.LeaderElection (LeaderElection.java:logAndReturn(56)) - ad4d83c7-0f96-47bc-a4e8-7e5d9f844896@group-24C785E9A0FC-LeaderElection103: Election REJECTED; received 2 response(s) [ad4d83c7-0f96-47bc-a4e8-7e5d9f844896<-3b749b59-de2a-419b-9a26-261692f5c83c#0:FAIL-t97, ad4d83c7-0f96-47bc-a4e8-7e5d9f844896<-02863277-f564-4bc6-8337-fb22627f6f1a#0:FAIL-t97] and 0 exception(s); ad4d83c7-0f96-47bc-a4e8-7e5d9f844896@group-24C785E9A0FC:t97, leader=null, voted=ad4d83c7-0f96-47bc-a4e8-7e5d9f844896, raftlog=ad4d83c7-0f96-47bc-a4e8-7e5d9f844896@group-24C785E9A0FC-SegmentedRaftLog:OPENED:c-1,f-1,i0, conf=-1: [3b749b59-de2a-419b-9a26-261692f5c83c:192.168.69.118:39205, ad4d83c7-0f96-47bc-a4e8-7e5d9f844896:192.168.69.118:41688, 02863277-f564-4bc6-8337-fb22627f6f1a:192.168.69.118:36850], old=null
2019-10-23 12:13:30,675 [ad4d83c7-0f96-47bc-a4e8-7e5d9f844896@group-24C785E9A0FC-LeaderElection103] INFO  impl.RaftServerImpl (RaftServerImpl.java:setRole(184)) - ad4d83c7-0f96-47bc-a4e8-7e5d9f844896@group-24C785E9A0FC: changes role from CANDIDATE to FOLLOWER at term 97 for DISCOVERED_A_NEW_TERM
2019-10-23 12:13:30,676 [ad4d83c7-0f96-47bc-a4e8-7e5d9f844896@group-24C785E9A0FC-LeaderElection103] INFO  impl.RoleInfo (RoleInfo.java:shutdownLeaderElection(134)) - ad4d83c7-0f96-47bc-a4e8-7e5d9f844896: shutdown LeaderElection
2019-10-23 12:13:30,676 [ad4d83c7-0f96-47bc-a4e8-7e5d9f844896@group-24C785E9A0FC-LeaderElection103] INFO  impl.RoleInfo (RoleInfo.java:updateAndGet(143)) - ad4d83c7-0f96-47bc-a4e8-7e5d9f844896: start FollowerState
2019-10-23 12:13:30,755 [Thread-1180] INFO  impl.FollowerState (FollowerState.java:run(108)) - ad4d83c7-0f96-47bc-a4e8-7e5d9f844896@group-24C785E9A0FC-FollowerState: change to CANDIDATE, lastRpcTime:79ms, electionTimeout:79ms
2019-10-23 12:13:30,755 [Thread-1180] INFO  impl.RoleInfo (RoleInfo.java:shutdownFollowerState(121)) - ad4d83c7-0f96-47bc-a4e8-7e5d9f844896: shutdown FollowerState
2019-10-23 12:13:30,755 [Thread-1180] INFO  impl.RaftServerImpl (RaftServerImpl.java:setRole(184)) - ad4d83c7-0f96-47bc-a4e8-7e5d9f844896@group-24C785E9A0FC: changes role from  FOLLOWER to CANDIDATE at term 97 for changeToCandidate
2019-10-23 12:13:30,755 [Thread-1180] INFO  impl.RoleInfo (RoleInfo.java:updateAndGet(143)) - ad4d83c7-0f96-47bc-a4e8-7e5d9f844896: start LeaderElection
2019-10-23 12:13:30,770 [ad4d83c7-0f96-47bc-a4e8-7e5d9f844896@group-24C785E9A0FC-LeaderElection104] INFO  impl.LeaderElection (LeaderElection.java:askForVotes(178)) - ad4d83c7-0f96-47bc-a4e8-7e5d9f844896@group-24C785E9A0FC-LeaderElection104: begin an election at term 98 for -1: [3b749b59-de2a-419b-9a26-261692f5c83c:192.168.69.118:39205, ad4d83c7-0f96-47bc-a4e8-7e5d9f844896:192.168.69.118:41688, 02863277-f564-4bc6-8337-fb22627f6f1a:192.168.69.118:36850], old=null
2019-10-23 12:13:30,773 [grpc-default-executor-0] INFO  impl.RaftServerImpl (RaftServerImpl.java:setRole(184)) - 3b749b59-de2a-419b-9a26-261692f5c83c@group-24C785E9A0FC: changes role from  FOLLOWER to FOLLOWER at term 98 for recognizeCandidate:ad4d83c7-0f96-47bc-a4e8-7e5d9f844896
2019-10-23 12:13:30,773 [grpc-default-executor-4] INFO  impl.RaftServerImpl (RaftServerImpl.java:setRole(184)) - 02863277-f564-4bc6-8337-fb22627f6f1a@group-24C785E9A0FC: changes role from  FOLLOWER to FOLLOWER at term 98 for recognizeCandidate:ad4d83c7-0f96-47bc-a4e8-7e5d9f844896
2019-10-23 12:13:30,773 [grpc-default-executor-0] INFO  impl.RoleInfo (RoleInfo.java:shutdownFollowerState(121)) - 3b749b59-de2a-419b-9a26-261692f5c83c: shutdown FollowerState
2019-10-23 12:13:30,773 [grpc-default-executor-4] INFO  impl.RoleInfo (RoleInfo.java:shutdownFollowerState(121)) - 02863277-f564-4bc6-8337-fb22627f6f1a: shutdown FollowerState
2019-10-23 12:13:30,773 [Thread-1178] INFO  impl.FollowerState (FollowerState.java:run(117)) - 3b749b59-de2a-419b-9a26-261692f5c83c@group-24C785E9A0FC-FollowerState was interrupted: java.lang.InterruptedException: sleep interrupted
2019-10-23 12:13:30,773 [grpc-default-executor-0] INFO  impl.RoleInfo (RoleInfo.java:updateAndGet(143)) - 3b749b59-de2a-419b-9a26-261692f5c83c: start FollowerState
2019-10-23 12:13:30,774 [Thread-1179] INFO  impl.FollowerState (FollowerState.java:run(117)) - 02863277-f564-4bc6-8337-fb22627f6f1a@group-24C785E9A0FC-FollowerState was interrupted: java.lang.InterruptedException: sleep interrupted
2019-10-23 12:13:30,774 [grpc-default-executor-4] INFO  impl.RoleInfo (RoleInfo.java:updateAndGet(143)) - 02863277-f564-4bc6-8337-fb22627f6f1a: start FollowerState
2019-10-23 12:13:30,790 [ad4d83c7-0f96-47bc-a4e8-7e5d9f844896@group-24C785E9A0FC-LeaderElection104] INFO  impl.LeaderElection (LeaderElection.java:logAndReturn(56)) - ad4d83c7-0f96-47bc-a4e8-7e5d9f844896@group-24C785E9A0FC-LeaderElection104: Election REJECTED; received 2 response(s) [ad4d83c7-0f96-47bc-a4e8-7e5d9f844896<-3b749b59-de2a-419b-9a26-261692f5c83c#0:FAIL-t98, ad4d83c7-0f96-47bc-a4e8-7e5d9f844896<-02863277-f564-4bc6-8337-fb22627f6f1a#0:FAIL-t98] and 0 exception(s); ad4d83c7-0f96-47bc-a4e8-7e5d9f844896@group-24C785E9A0FC:t98, leader=null, voted=ad4d83c7-0f96-47bc-a4e8-7e5d9f844896, raftlog=ad4d83c7-0f96-47bc-a4e8-7e5d9f844896@group-24C785E9A0FC-SegmentedRaftLog:OPENED:c-1,f-1,i0, conf=-1: [3b749b59-de2a-419b-9a26-261692f5c83c:192.168.69.118:39205, ad4d83c7-0f96-47bc-a4e8-7e5d9f844896:192.168.69.118:41688, 02863277-f564-4bc6-8337-fb22627f6f1a:192.168.69.118:36850], old=null
2019-10-23 12:13:30,790 [ad4d83c7-0f96-47bc-a4e8-7e5d9f844896@group-24C785E9A0FC-LeaderElection104] INFO  impl.RaftServerImpl (RaftServerImpl.java:setRole(184)) - ad4d83c7-0f96-47bc-a4e8-7e5d9f844896@group-24C785E9A0FC: changes role from CANDIDATE to FOLLOWER at term 98 for DISCOVERED_A_NEW_TERM
2019-10-23 12:13:30,791 [ad4d83c7-0f96-47bc-a4e8-7e5d9f844896@group-24C785E9A0FC-LeaderElection104] INFO  impl.RoleInfo (RoleInfo.java:shutdownLeaderElection(134)) - ad4d83c7-0f96-47bc-a4e8-7e5d9f844896: shutdown LeaderElection
2019-10-23 12:13:30,791 [ad4d83c7-0f96-47bc-a4e8-7e5d9f844896@group-24C785E9A0FC-LeaderElection104] INFO  impl.RoleInfo (RoleInfo.java:updateAndGet(143)) - ad4d83c7-0f96-47bc-a4e8-7e5d9f844896: start FollowerState
2019-10-23 12:13:30,847 [Thread-1188] INFO  impl.FollowerState (FollowerState.java:run(108)) - ad4d83c7-0f96-47bc-a4e8-7e5d9f844896@group-24C785E9A0FC-FollowerState: change to CANDIDATE, lastRpcTime:56ms, electionTimeout:56ms
2019-10-23 12:13:30,847 [Thread-1188] INFO  impl.RoleInfo (RoleInfo.java:shutdownFollowerState(121)) - ad4d83c7-0f96-47bc-a4e8-7e5d9f844896: shutdown FollowerState
2019-10-23 12:13:30,847 [Thread-1188] INFO  impl.RaftServerImpl (RaftServerImpl.java:setRole(184)) - ad4d83c7-0f96-47bc-a4e8-7e5d9f844896@group-24C785E9A0FC: changes role from  FOLLOWER to CANDIDATE at term 98 for changeToCandidate
2019-10-23 12:13:30,848 [Thread-1188] INFO  impl.RoleInfo (RoleInfo.java:updateAndGet(143)) - ad4d83c7-0f96-47bc-a4e8-7e5d9f844896: start LeaderElection
2019-10-23 12:13:30,862 [ad4d83c7-0f96-47bc-a4e8-7e5d9f844896@group-24C785E9A0FC-LeaderElection105] INFO  impl.LeaderElection (LeaderElection.java:askForVotes(178)) - ad4d83c7-0f96-47bc-a4e8-7e5d9f844896@group-24C785E9A0FC-LeaderElection105: begin an election at term 99 for -1: [3b749b59-de2a-419b-9a26-261692f5c83c:192.168.69.118:39205, ad4d83c7-0f96-47bc-a4e8-7e5d9f844896:192.168.69.118:41688, 02863277-f564-4bc6-8337-fb22627f6f1a:192.168.69.118:36850], old=null
2019-10-23 12:13:30,864 [grpc-default-executor-4] INFO  impl.RaftServerImpl (RaftServerImpl.java:setRole(184)) - 3b749b59-de2a-419b-9a26-261692f5c83c@group-24C785E9A0FC: changes role from  FOLLOWER to FOLLOWER at term 99 for recognizeCandidate:ad4d83c7-0f96-47bc-a4e8-7e5d9f844896
2019-10-23 12:13:30,864 [grpc-default-executor-0] INFO  impl.RaftServerImpl (RaftServerImpl.java:setRole(184)) - 02863277-f564-4bc6-8337-fb22627f6f1a@group-24C785E9A0FC: changes role from  FOLLOWER to FOLLOWER at term 99 for recognizeCandidate:ad4d83c7-0f96-47bc-a4e8-7e5d9f844896
2019-10-23 12:13:30,864 [grpc-default-executor-4] INFO  impl.RoleInfo (RoleInfo.java:shutdownFollowerState(121)) - 3b749b59-de2a-419b-9a26-261692f5c83c: shutdown FollowerState
2019-10-23 12:13:30,864 [grpc-default-executor-0] INFO  impl.RoleInfo (RoleInfo.java:shutdownFollowerState(121)) - 02863277-f564-4bc6-8337-fb22627f6f1a: shutdown FollowerState
2019-10-23 12:13:30,864 [Thread-1186] INFO  impl.FollowerState (FollowerState.java:run(117)) - 3b749b59-de2a-419b-9a26-261692f5c83c@group-24C785E9A0FC-FollowerState was interrupted: java.lang.InterruptedException: sleep interrupted
2019-10-23 12:13:30,864 [grpc-default-executor-4] INFO  impl.RoleInfo (RoleInfo.java:updateAndGet(143)) - 3b749b59-de2a-419b-9a26-261692f5c83c: start FollowerState
2019-10-23 12:13:30,864 [Thread-1187] INFO  impl.FollowerState (FollowerState.java:run(117)) - 02863277-f564-4bc6-8337-fb22627f6f1a@group-24C785E9A0FC-FollowerState was interrupted: java.lang.InterruptedException: sleep interrupted
2019-10-23 12:13:30,864 [grpc-default-executor-0] INFO  impl.RoleInfo (RoleInfo.java:updateAndGet(143)) - 02863277-f564-4bc6-8337-fb22627f6f1a: start FollowerState
2019-10-23 12:13:30,876 [ad4d83c7-0f96-47bc-a4e8-7e5d9f844896@group-24C785E9A0FC-LeaderElection105] INFO  impl.LeaderElection (LeaderElection.java:logAndReturn(56)) - ad4d83c7-0f96-47bc-a4e8-7e5d9f844896@group-24C785E9A0FC-LeaderElection105: Election TIMEOUT; received 0 response(s) [] and 0 exception(s); ad4d83c7-0f96-47bc-a4e8-7e5d9f844896@group-24C785E9A0FC:t99, leader=null, voted=ad4d83c7-0f96-47bc-a4e8-7e5d9f844896, raftlog=ad4d83c7-0f96-47bc-a4e8-7e5d9f844896@group-24C785E9A0FC-SegmentedRaftLog:OPENED:c-1,f-1,i0, conf=-1: [3b749b59-de2a-419b-9a26-261692f5c83c:192.168.69.118:39205, ad4d83c7-0f96-47bc-a4e8-7e5d9f844896:192.168.69.118:41688, 02863277-f564-4bc6-8337-fb22627f6f1a:192.168.69.118:36850], old=null
2019-10-23 12:13:30,881 [ad4d83c7-0f96-47bc-a4e8-7e5d9f844896@group-24C785E9A0FC-LeaderElection105] INFO  impl.LeaderElection (LeaderElection.java:askForVotes(178)) - ad4d83c7-0f96-47bc-a4e8-7e5d9f844896@group-24C785E9A0FC-LeaderElection105: begin an election at term 100 for -1: [3b749b59-de2a-419b-9a26-261692f5c83c:192.168.69.118:39205, ad4d83c7-0f96-47bc-a4e8-7e5d9f844896:192.168.69.118:41688, 02863277-f564-4bc6-8337-fb22627f6f1a:192.168.69.118:36850], old=null
2019-10-23 12:13:30,882 [grpc-default-executor-4] INFO  impl.RaftServerImpl (RaftServerImpl.java:setRole(184)) - 3b749b59-de2a-419b-9a26-261692f5c83c@group-24C785E9A0FC: changes role from  FOLLOWER to FOLLOWER at term 100 for recognizeCandidate:ad4d83c7-0f96-47bc-a4e8-7e5d9f844896
2019-10-23 12:13:30,882 [grpc-default-executor-0] INFO  impl.RaftServerImpl (RaftServerImpl.java:setRole(184)) - 02863277-f564-4bc6-8337-fb22627f6f1a@group-24C785E9A0FC: changes role from  FOLLOWER to FOLLOWER at term 100 for recognizeCandidate:ad4d83c7-0f96-47bc-a4e8-7e5d9f844896
2019-10-23 12:13:30,882 [grpc-default-executor-4] INFO  impl.RoleInfo (RoleInfo.java:shutdownFollowerState(121)) - 3b749b59-de2a-419b-9a26-261692f5c83c: shutdown FollowerState
2019-10-23 12:13:30,882 [grpc-default-executor-0] INFO  impl.RoleInfo (RoleInfo.java:shutdownFollowerState(121)) - 02863277-f564-4bc6-8337-fb22627f6f1a: shutdown FollowerState
2019-10-23 12:13:30,883 [Thread-1192] INFO  impl.FollowerState (FollowerState.java:run(117)) - 3b749b59-de2a-419b-9a26-261692f5c83c@group-24C785E9A0FC-FollowerState was interrupted: java.lang.InterruptedException: sleep interrupted
2019-10-23 12:13:30,883 [grpc-default-executor-4] INFO  impl.RoleInfo (RoleInfo.java:updateAndGet(143)) - 3b749b59-de2a-419b-9a26-261692f5c83c: start FollowerState
2019-10-23 12:13:30,883 [Thread-1194] INFO  impl.FollowerState (FollowerState.java:run(117)) - 02863277-f564-4bc6-8337-fb22627f6f1a@group-24C785E9A0FC-FollowerState was interrupted: java.lang.InterruptedException: sleep interrupted
2019-10-23 12:13:30,883 [grpc-default-executor-0] INFO  impl.RoleInfo (RoleInfo.java:updateAndGet(143)) - 02863277-f564-4bc6-8337-fb22627f6f1a: start FollowerState
2019-10-23 12:13:30,891 [ad4d83c7-0f96-47bc-a4e8-7e5d9f844896@group-24C785E9A0FC-LeaderElection105] INFO  impl.LeaderElection (LeaderElection.java:logAndReturn(56)) - ad4d83c7-0f96-47bc-a4e8-7e5d9f844896@group-24C785E9A0FC-LeaderElection105: Election REJECTED; received 2 response(s) [ad4d83c7-0f96-47bc-a4e8-7e5d9f844896<-3b749b59-de2a-419b-9a26-261692f5c83c#0:FAIL-t100, ad4d83c7-0f96-47bc-a4e8-7e5d9f844896<-02863277-f564-4bc6-8337-fb22627f6f1a#0:FAIL-t100] and 0 exception(s); ad4d83c7-0f96-47bc-a4e8-7e5d9f844896@group-24C785E9A0FC:t100, leader=null, voted=ad4d83c7-0f96-47bc-a4e8-7e5d9f844896, raftlog=ad4d83c7-0f96-47bc-a4e8-7e5d9f844896@group-24C785E9A0FC-SegmentedRaftLog:OPENED:c-1,f-1,i0, conf=-1: [3b749b59-de2a-419b-9a26-261692f5c83c:192.168.69.118:39205, ad4d83c7-0f96-47bc-a4e8-7e5d9f844896:192.168.69.118:41688, 02863277-f564-4bc6-8337-fb22627f6f1a:192.168.69.118:36850], old=null
2019-10-23 12:13:30,891 [ad4d83c7-0f96-47bc-a4e8-7e5d9f844896@group-24C785E9A0FC-LeaderElection105] INFO  impl.RaftServerImpl (RaftServerImpl.java:setRole(184)) - ad4d83c7-0f96-47bc-a4e8-7e5d9f844896@group-24C785E9A0FC: changes role from CANDIDATE to FOLLOWER at term 100 for DISCOVERED_A_NEW_TERM
2019-10-23 12:13:30,891 [ad4d83c7-0f96-47bc-a4e8-7e5d9f844896@group-24C785E9A0FC-LeaderElection105] INFO  impl.RoleInfo (RoleInfo.java:shutdownLeaderElection(134)) - ad4d83c7-0f96-47bc-a4e8-7e5d9f844896: shutdown LeaderElection
2019-10-23 12:13:30,892 [ad4d83c7-0f96-47bc-a4e8-7e5d9f844896@group-24C785E9A0FC-LeaderElection105] INFO  impl.RoleInfo (RoleInfo.java:updateAndGet(143)) - ad4d83c7-0f96-47bc-a4e8-7e5d9f844896: start FollowerState
2019-10-23 12:13:30,904 [Thread-1200] INFO  impl.FollowerState (FollowerState.java:run(108)) - ad4d83c7-0f96-47bc-a4e8-7e5d9f844896@group-24C785E9A0FC-FollowerState: change to CANDIDATE, lastRpcTime:12ms, electionTimeout:12ms
2019-10-23 12:13:30,904 [Thread-1200] INFO  impl.RoleInfo (RoleInfo.java:shutdownFollowerState(121)) - ad4d83c7-0f96-47bc-a4e8-7e5d9f844896: shutdown FollowerState
2019-10-23 12:13:30,904 [Thread-1200] INFO  impl.RaftServerImpl (RaftServerImpl.java:setRole(184)) - ad4d83c7-0f96-47bc-a4e8-7e5d9f844896@group-24C785E9A0FC: changes role from  FOLLOWER to CANDIDATE at term 100 for changeToCandidate
2019-10-23 12:13:30,904 [Thread-1200] INFO  impl.RoleInfo (RoleInfo.java:updateAndGet(143)) - ad4d83c7-0f96-47bc-a4e8-7e5d9f844896: start LeaderElection
2019-10-23 12:13:30,914 [ad4d83c7-0f96-47bc-a4e8-7e5d9f844896@group-24C785E9A0FC-LeaderElection106] INFO  impl.LeaderElection (LeaderElection.java:askForVotes(178)) - ad4d83c7-0f96-47bc-a4e8-7e5d9f844896@group-24C785E9A0FC-LeaderElection106: begin an election at term 101 for -1: [3b749b59-de2a-419b-9a26-261692f5c83c:192.168.69.118:39205, ad4d83c7-0f96-47bc-a4e8-7e5d9f844896:192.168.69.118:41688, 02863277-f564-4bc6-8337-fb22627f6f1a:192.168.69.118:36850], old=null
2019-10-23 12:13:30,916 [grpc-default-executor-4] INFO  impl.RaftServerImpl (RaftServerImpl.java:setRole(184)) - 3b749b59-de2a-419b-9a26-261692f5c83c@group-24C785E9A0FC: changes role from  FOLLOWER to FOLLOWER at term 101 for recognizeCandidate:ad4d83c7-0f96-47bc-a4e8-7e5d9f844896
2019-10-23 12:13:30,916 [grpc-default-executor-0] INFO  impl.RaftServerImpl (RaftServerImpl.java:setRole(184)) - 02863277-f564-4bc6-8337-fb22627f6f1a@group-24C785E9A0FC: changes role from  FOLLOWER to FOLLOWER at term 101 for recognizeCandidate:ad4d83c7-0f96-47bc-a4e8-7e5d9f844896
2019-10-23 12:13:30,916 [grpc-default-executor-4] INFO  impl.RoleInfo (RoleInfo.java:shutdownFollowerState(121)) - 3b749b59-de2a-419b-9a26-261692f5c83c: shutdown FollowerState
2019-10-23 12:13:30,916 [grpc-default-executor-0] INFO  impl.RoleInfo (RoleInfo.java:shutdownFollowerState(121)) - 02863277-f564-4bc6-8337-fb22627f6f1a: shutdown FollowerState
2019-10-23 12:13:30,916 [Thread-1198] INFO  impl.FollowerState (FollowerState.java:run(117)) - 3b749b59-de2a-419b-9a26-261692f5c83c@group-24C785E9A0FC-FollowerState was interrupted: java.lang.InterruptedException: sleep interrupted
2019-10-23 12:13:30,916 [Thread-1199] INFO  impl.FollowerState (FollowerState.java:run(117)) - 02863277-f564-4bc6-8337-fb22627f6f1a@group-24C785E9A0FC-FollowerState was interrupted: java.lang.InterruptedException: sleep interrupted
2019-10-23 12:13:30,916 [grpc-default-executor-4] INFO  impl.RoleInfo (RoleInfo.java:updateAndGet(143)) - 3b749b59-de2a-419b-9a26-261692f5c83c: start FollowerState
2019-10-23 12:13:30,916 [grpc-default-executor-0] INFO  impl.RoleInfo (RoleInfo.java:updateAndGet(143)) - 02863277-f564-4bc6-8337-fb22627f6f1a: start FollowerState
2019-10-23 12:13:30,924 [ad4d83c7-0f96-47bc-a4e8-7e5d9f844896@group-24C785E9A0FC-LeaderElection106] INFO  impl.LeaderElection (LeaderElection.java:logAndReturn(56)) - ad4d83c7-0f96-47bc-a4e8-7e5d9f844896@group-24C785E9A0FC-LeaderElection106: Election REJECTED; received 2 response(s) [ad4d83c7-0f96-47bc-a4e8-7e5d9f844896<-3b749b59-de2a-419b-9a26-261692f5c83c#0:FAIL-t101, ad4d83c7-0f96-47bc-a4e8-7e5d9f844896<-02863277-f564-4bc6-8337-fb22627f6f1a#0:FAIL-t101] and 0 exception(s); ad4d83c7-0f96-47bc-a4e8-7e5d9f844896@group-24C785E9A0FC:t101, leader=null, voted=ad4d83c7-0f96-47bc-a4e8-7e5d9f844896, raftlog=ad4d83c7-0f96-47bc-a4e8-7e5d9f844896@group-24C785E9A0FC-SegmentedRaftLog:OPENED:c-1,f-1,i0, conf=-1: [3b749b59-de2a-419b-9a26-261692f5c83c:192.168.69.118:39205, ad4d83c7-0f96-47bc-a4e8-7e5d9f844896:192.168.69.118:41688, 02863277-f564-4bc6-8337-fb22627f6f1a:192.168.69.118:36850], old=null
2019-10-23 12:13:30,925 [ad4d83c7-0f96-47bc-a4e8-7e5d9f844896@group-24C785E9A0FC-LeaderElection106] INFO  impl.RaftServerImpl (RaftServerImpl.java:setRole(184)) - ad4d83c7-0f96-47bc-a4e8-7e5d9f844896@group-24C785E9A0FC: changes role from CANDIDATE to FOLLOWER at term 101 for DISCOVERED_A_NEW_TERM
2019-10-23 12:13:30,925 [ad4d83c7-0f96-47bc-a4e8-7e5d9f844896@group-24C785E9A0FC-LeaderElection106] INFO  impl.RoleInfo (RoleInfo.java:shutdownLeaderElection(134)) - ad4d83c7-0f96-47bc-a4e8-7e5d9f844896: shutdown LeaderElection
2019-10-23 12:13:30,925 [ad4d83c7-0f96-47bc-a4e8-7e5d9f844896@group-24C785E9A0FC-LeaderElection106] INFO  impl.RoleInfo (RoleInfo.java:updateAndGet(143)) - ad4d83c7-0f96-47bc-a4e8-7e5d9f844896: start FollowerState
2019-10-23 12:13:30,966 [Thread-1206] INFO  impl.FollowerState (FollowerState.java:run(108)) - ad4d83c7-0f96-47bc-a4e8-7e5d9f844896@group-24C785E9A0FC-FollowerState: change to CANDIDATE, lastRpcTime:41ms, electionTimeout:41ms
2019-10-23 12:13:30,967 [Thread-1206] INFO  impl.RoleInfo (RoleInfo.java:shutdownFollowerState(121)) - ad4d83c7-0f96-47bc-a4e8-7e5d9f844896: shutdown FollowerState
2019-10-23 12:13:30,967 [Thread-1206] INFO  impl.RaftServerImpl (RaftServerImpl.java:setRole(184)) - ad4d83c7-0f96-47bc-a4e8-7e5d9f844896@group-24C785E9A0FC: changes role from  FOLLOWER to CANDIDATE at term 101 for changeToCandidate
2019-10-23 12:13:30,967 [Thread-1206] INFO  impl.RoleInfo (RoleInfo.java:updateAndGet(143)) - ad4d83c7-0f96-47bc-a4e8-7e5d9f844896: start LeaderElection
2019-10-23 12:13:30,981 [ad4d83c7-0f96-47bc-a4e8-7e5d9f844896@group-24C785E9A0FC-LeaderElection107] INFO  impl.LeaderElection (LeaderElection.java:askForVotes(178)) - ad4d83c7-0f96-47bc-a4e8-7e5d9f844896@group-24C785E9A0FC-LeaderElection107: begin an election at term 102 for -1: [3b749b59-de2a-419b-9a26-261692f5c83c:192.168.69.118:39205, ad4d83c7-0f96-47bc-a4e8-7e5d9f844896:192.168.69.118:41688, 02863277-f564-4bc6-8337-fb22627f6f1a:192.168.69.118:36850], old=null
2019-10-23 12:13:30,984 [grpc-default-executor-4] INFO  impl.RaftServerImpl (RaftServerImpl.java:setRole(184)) - 02863277-f564-4bc6-8337-fb22627f6f1a@group-24C785E9A0FC: changes role from  FOLLOWER to FOLLOWER at term 102 for recognizeCandidate:ad4d83c7-0f96-47bc-a4e8-7e5d9f844896
2019-10-23 12:13:30,984 [grpc-default-executor-0] INFO  impl.RaftServerImpl (RaftServerImpl.java:setRole(184)) - 3b749b59-de2a-419b-9a26-261692f5c83c@group-24C785E9A0FC: changes role from  FOLLOWER to FOLLOWER at term 102 for recognizeCandidate:ad4d83c7-0f96-47bc-a4e8-7e5d9f844896
2019-10-23 12:13:30,984 [grpc-default-executor-4] INFO  impl.RoleInfo (RoleInfo.java:shutdownFollowerState(121)) - 02863277-f564-4bc6-8337-fb22627f6f1a: shutdown FollowerState
2019-10-23 12:13:30,984 [grpc-default-executor-0] INFO  impl.RoleInfo (RoleInfo.java:shutdownFollowerState(121)) - 3b749b59-de2a-419b-9a26-261692f5c83c: shutdown FollowerState
2019-10-23 12:13:30,984 [Thread-1205] INFO  impl.FollowerState (FollowerState.java:run(117)) - 02863277-f564-4bc6-8337-fb22627f6f1a@group-24C785E9A0FC-FollowerState was interrupted: java.lang.InterruptedException: sleep interrupted
2019-10-23 12:13:30,984 [grpc-default-executor-4] INFO  impl.RoleInfo (RoleInfo.java:updateAndGet(143)) - 02863277-f564-4bc6-8337-fb22627f6f1a: start FollowerState
2019-10-23 12:13:30,984 [Thread-1204] INFO  impl.FollowerState (FollowerState.java:run(117)) - 3b749b59-de2a-419b-9a26-261692f5c83c@group-24C785E9A0FC-FollowerState was interrupted: java.lang.InterruptedException: sleep interrupted
2019-10-23 12:13:30,984 [grpc-default-executor-0] INFO  impl.RoleInfo (RoleInfo.java:updateAndGet(143)) - 3b749b59-de2a-419b-9a26-261692f5c83c: start FollowerState
2019-10-23 12:13:30,998 [ad4d83c7-0f96-47bc-a4e8-7e5d9f844896@group-24C785E9A0FC-LeaderElection107] INFO  impl.LeaderElection (LeaderElection.java:logAndReturn(56)) - ad4d83c7-0f96-47bc-a4e8-7e5d9f844896@group-24C785E9A0FC-LeaderElection107: Election REJECTED; received 2 response(s) [ad4d83c7-0f96-47bc-a4e8-7e5d9f844896<-3b749b59-de2a-419b-9a26-261692f5c83c#0:FAIL-t102, ad4d83c7-0f96-47bc-a4e8-7e5d9f844896<-02863277-f564-4bc6-8337-fb22627f6f1a#0:FAIL-t102] and 0 exception(s); ad4d83c7-0f96-47bc-a4e8-7e5d9f844896@group-24C785E9A0FC:t102, leader=null, voted=ad4d83c7-0f96-47bc-a4e8-7e5d9f844896, raftlog=ad4d83c7-0f96-47bc-a4e8-7e5d9f844896@group-24C785E9A0FC-SegmentedRaftLog:OPENED:c-1,f-1,i0, conf=-1: [3b749b59-de2a-419b-9a26-261692f5c83c:192.168.69.118:39205, ad4d83c7-0f96-47bc-a4e8-7e5d9f844896:192.168.69.118:41688, 02863277-f564-4bc6-8337-fb22627f6f1a:192.168.69.118:36850], old=null
2019-10-23 12:13:30,999 [ad4d83c7-0f96-47bc-a4e8-7e5d9f844896@group-24C785E9A0FC-LeaderElection107] INFO  impl.RaftServerImpl (RaftServerImpl.java:setRole(184)) - ad4d83c7-0f96-47bc-a4e8-7e5d9f844896@group-24C785E9A0FC: changes role from CANDIDATE to FOLLOWER at term 102 for DISCOVERED_A_NEW_TERM
2019-10-23 12:13:30,999 [ad4d83c7-0f96-47bc-a4e8-7e5d9f844896@group-24C785E9A0FC-LeaderElection107] INFO  impl.RoleInfo (RoleInfo.java:shutdownLeaderElection(134)) - ad4d83c7-0f96-47bc-a4e8-7e5d9f844896: shutdown LeaderElection
2019-10-23 12:13:30,999 [ad4d83c7-0f96-47bc-a4e8-7e5d9f844896@group-24C785E9A0FC-LeaderElection107] INFO  impl.RoleInfo (RoleInfo.java:updateAndGet(143)) - ad4d83c7-0f96-47bc-a4e8-7e5d9f844896: start FollowerState
2019-10-23 12:13:31,122 [Thread-1212] INFO  impl.FollowerState (FollowerState.java:run(108)) - ad4d83c7-0f96-47bc-a4e8-7e5d9f844896@group-24C785E9A0FC-FollowerState: change to CANDIDATE, lastRpcTime:123ms, electionTimeout:123ms
2019-10-23 12:13:31,122 [Thread-1212] INFO  impl.RoleInfo (RoleInfo.java:shutdownFollowerState(121)) - ad4d83c7-0f96-47bc-a4e8-7e5d9f844896: shutdown FollowerState
2019-10-23 12:13:31,122 [Thread-1212] INFO  impl.RaftServerImpl (RaftServerImpl.java:setRole(184)) - ad4d83c7-0f96-47bc-a4e8-7e5d9f844896@group-24C785E9A0FC: changes role from  FOLLOWER to CANDIDATE at term 102 for changeToCandidate
2019-10-23 12:13:31,123 [Thread-1212] INFO  impl.RoleInfo (RoleInfo.java:updateAndGet(143)) - ad4d83c7-0f96-47bc-a4e8-7e5d9f844896: start LeaderElection
2019-10-23 12:13:31,135 [ad4d83c7-0f96-47bc-a4e8-7e5d9f844896@group-24C785E9A0FC-LeaderElection108] INFO  impl.LeaderElection (LeaderElection.java:askForVotes(178)) - ad4d83c7-0f96-47bc-a4e8-7e5d9f844896@group-24C785E9A0FC-LeaderElection108: begin an election at term 103 for -1: [3b749b59-de2a-419b-9a26-261692f5c83c:192.168.69.118:39205, ad4d83c7-0f96-47bc-a4e8-7e5d9f844896:192.168.69.118:41688, 02863277-f564-4bc6-8337-fb22627f6f1a:192.168.69.118:36850], old=null
2019-10-23 12:13:31,137 [grpc-default-executor-4] INFO  impl.RaftServerImpl (RaftServerImpl.java:setRole(184)) - 3b749b59-de2a-419b-9a26-261692f5c83c@group-24C785E9A0FC: changes role from  FOLLOWER to FOLLOWER at term 103 for recognizeCandidate:ad4d83c7-0f96-47bc-a4e8-7e5d9f844896
2019-10-23 12:13:31,138 [grpc-default-executor-4] INFO  impl.RoleInfo (RoleInfo.java:shutdownFollowerState(121)) - 3b749b59-de2a-419b-9a26-261692f5c83c: shutdown FollowerState
2019-10-23 12:13:31,138 [grpc-default-executor-4] INFO  impl.RoleInfo (RoleInfo.java:updateAndGet(143)) - 3b749b59-de2a-419b-9a26-261692f5c83c: start FollowerState
2019-10-23 12:13:31,138 [Thread-1211] INFO  impl.FollowerState (FollowerState.java:run(117)) - 3b749b59-de2a-419b-9a26-261692f5c83c@group-24C785E9A0FC-FollowerState was interrupted: java.lang.InterruptedException: sleep interrupted
2019-10-23 12:13:31,138 [grpc-default-executor-0] INFO  impl.RaftServerImpl (RaftServerImpl.java:setRole(184)) - 02863277-f564-4bc6-8337-fb22627f6f1a@group-24C785E9A0FC: changes role from  FOLLOWER to FOLLOWER at term 103 for recognizeCandidate:ad4d83c7-0f96-47bc-a4e8-7e5d9f844896
2019-10-23 12:13:31,138 [grpc-default-executor-0] INFO  impl.RoleInfo (RoleInfo.java:shutdownFollowerState(121)) - 02863277-f564-4bc6-8337-fb22627f6f1a: shutdown FollowerState
2019-10-23 12:13:31,138 [grpc-default-executor-0] INFO  impl.RoleInfo (RoleInfo.java:updateAndGet(143)) - 02863277-f564-4bc6-8337-fb22627f6f1a: start FollowerState
2019-10-23 12:13:31,138 [Thread-1210] INFO  impl.FollowerState (FollowerState.java:run(117)) - 02863277-f564-4bc6-8337-fb22627f6f1a@group-24C785E9A0FC-FollowerState was interrupted: java.lang.InterruptedException: sleep interrupted
2019-10-23 12:13:31,150 [ad4d83c7-0f96-47bc-a4e8-7e5d9f844896@group-24C785E9A0FC-LeaderElection108] INFO  impl.LeaderElection (LeaderElection.java:logAndReturn(56)) - ad4d83c7-0f96-47bc-a4e8-7e5d9f844896@group-24C785E9A0FC-LeaderElection108: Election REJECTED; received 2 response(s) [ad4d83c7-0f96-47bc-a4e8-7e5d9f844896<-3b749b59-de2a-419b-9a26-261692f5c83c#0:FAIL-t103, ad4d83c7-0f96-47bc-a4e8-7e5d9f844896<-02863277-f564-4bc6-8337-fb22627f6f1a#0:FAIL-t103] and 0 exception(s); ad4d83c7-0f96-47bc-a4e8-7e5d9f844896@group-24C785E9A0FC:t103, leader=null, voted=ad4d83c7-0f96-47bc-a4e8-7e5d9f844896, raftlog=ad4d83c7-0f96-47bc-a4e8-7e5d9f844896@group-24C785E9A0FC-SegmentedRaftLog:OPENED:c-1,f-1,i0, conf=-1: [3b749b59-de2a-419b-9a26-261692f5c83c:192.168.69.118:39205, ad4d83c7-0f96-47bc-a4e8-7e5d9f844896:192.168.69.118:41688, 02863277-f564-4bc6-8337-fb22627f6f1a:192.168.69.118:36850], old=null
2019-10-23 12:13:31,150 [ad4d83c7-0f96-47bc-a4e8-7e5d9f844896@group-24C785E9A0FC-LeaderElection108] INFO  impl.RaftServerImpl (RaftServerImpl.java:setRole(184)) - ad4d83c7-0f96-47bc-a4e8-7e5d9f844896@group-24C785E9A0FC: changes role from CANDIDATE to FOLLOWER at term 103 for DISCOVERED_A_NEW_TERM
2019-10-23 12:13:31,151 [ad4d83c7-0f96-47bc-a4e8-7e5d9f844896@group-24C785E9A0FC-LeaderElection108] INFO  impl.RoleInfo (RoleInfo.java:shutdownLeaderElection(134)) - ad4d83c7-0f96-47bc-a4e8-7e5d9f844896: shutdown LeaderElection
2019-10-23 12:13:31,151 [ad4d83c7-0f96-47bc-a4e8-7e5d9f844896@group-24C785E9A0FC-LeaderElection108] INFO  impl.RoleInfo (RoleInfo.java:updateAndGet(143)) - ad4d83c7-0f96-47bc-a4e8-7e5d9f844896: start FollowerState
2019-10-23 12:13:31,224 [Thread-1218] INFO  impl.FollowerState (FollowerState.java:run(108)) - ad4d83c7-0f96-47bc-a4e8-7e5d9f844896@group-24C785E9A0FC-FollowerState: change to CANDIDATE, lastRpcTime:72ms, electionTimeout:72ms
2019-10-23 12:13:31,224 [Thread-1218] INFO  impl.RoleInfo (RoleInfo.java:shutdownFollowerState(121)) - ad4d83c7-0f96-47bc-a4e8-7e5d9f844896: shutdown FollowerState
2019-10-23 12:13:31,224 [Thread-1218] INFO  impl.RaftServerImpl (RaftServerImpl.java:setRole(184)) - ad4d83c7-0f96-47bc-a4e8-7e5d9f844896@group-24C785E9A0FC: changes role from  FOLLOWER to CANDIDATE at term 103 for changeToCandidate
2019-10-23 12:13:31,224 [Thread-1218] INFO  impl.RoleInfo (RoleInfo.java:updateAndGet(143)) - ad4d83c7-0f96-47bc-a4e8-7e5d9f844896: start LeaderElection
2019-10-23 12:13:31,230 [ad4d83c7-0f96-47bc-a4e8-7e5d9f844896@group-24C785E9A0FC-LeaderElection109] INFO  impl.LeaderElection (LeaderElection.java:askForVotes(178)) - ad4d83c7-0f96-47bc-a4e8-7e5d9f844896@group-24C785E9A0FC-LeaderElection109: begin an election at term 104 for -1: [3b749b59-de2a-419b-9a26-261692f5c83c:192.168.69.118:39205, ad4d83c7-0f96-47bc-a4e8-7e5d9f844896:192.168.69.118:41688, 02863277-f564-4bc6-8337-fb22627f6f1a:192.168.69.118:36850], old=null
2019-10-23 12:13:31,232 [grpc-default-executor-0] INFO  impl.RaftServerImpl (RaftServerImpl.java:setRole(184)) - 3b749b59-de2a-419b-9a26-261692f5c83c@group-24C785E9A0FC: changes role from  FOLLOWER to FOLLOWER at term 104 for recognizeCandidate:ad4d83c7-0f96-47bc-a4e8-7e5d9f844896
2019-10-23 12:13:31,233 [grpc-default-executor-0] INFO  impl.RoleInfo (RoleInfo.java:shutdownFollowerState(121)) - 3b749b59-de2a-419b-9a26-261692f5c83c: shutdown FollowerState
2019-10-23 12:13:31,233 [grpc-default-executor-4] INFO  impl.RaftServerImpl (RaftServerImpl.java:setRole(184)) - 02863277-f564-4bc6-8337-fb22627f6f1a@group-24C785E9A0FC: changes role from  FOLLOWER to FOLLOWER at term 104 for recognizeCandidate:ad4d83c7-0f96-47bc-a4e8-7e5d9f844896
2019-10-23 12:13:31,233 [Thread-1216] INFO  impl.FollowerState (FollowerState.java:run(117)) - 3b749b59-de2a-419b-9a26-261692f5c83c@group-24C785E9A0FC-FollowerState was interrupted: java.lang.InterruptedException: sleep interrupted
2019-10-23 12:13:31,233 [grpc-default-executor-0] INFO  impl.RoleInfo (RoleInfo.java:updateAndGet(143)) - 3b749b59-de2a-419b-9a26-261692f5c83c: start FollowerState
2019-10-23 12:13:31,233 [grpc-default-executor-4] INFO  impl.RoleInfo (RoleInfo.java:shutdownFollowerState(121)) - 02863277-f564-4bc6-8337-fb22627f6f1a: shutdown FollowerState
2019-10-23 12:13:31,233 [grpc-default-executor-4] INFO  impl.RoleInfo (RoleInfo.java:updateAndGet(143)) - 02863277-f564-4bc6-8337-fb22627f6f1a: start FollowerState
2019-10-23 12:13:31,234 [Thread-1217] INFO  impl.FollowerState (FollowerState.java:run(117)) - 02863277-f564-4bc6-8337-fb22627f6f1a@group-24C785E9A0FC-FollowerState was interrupted: java.lang.InterruptedException: sleep interrupted
2019-10-23 12:13:31,256 [ad4d83c7-0f96-47bc-a4e8-7e5d9f844896@group-24C785E9A0FC-LeaderElection109] INFO  impl.LeaderElection (LeaderElection.java:logAndReturn(56)) - ad4d83c7-0f96-47bc-a4e8-7e5d9f844896@group-24C785E9A0FC-LeaderElection109: Election REJECTED; received 2 response(s) [ad4d83c7-0f96-47bc-a4e8-7e5d9f844896<-3b749b59-de2a-419b-9a26-261692f5c83c#0:FAIL-t104, ad4d83c7-0f96-47bc-a4e8-7e5d9f844896<-02863277-f564-4bc6-8337-fb22627f6f1a#0:FAIL-t104] and 0 exception(s); ad4d83c7-0f96-47bc-a4e8-7e5d9f844896@group-24C785E9A0FC:t104, leader=null, voted=ad4d83c7-0f96-47bc-a4e8-7e5d9f844896, raftlog=ad4d83c7-0f96-47bc-a4e8-7e5d9f844896@group-24C785E9A0FC-SegmentedRaftLog:OPENED:c-1,f-1,i0, conf=-1: [3b749b59-de2a-419b-9a26-261692f5c83c:192.168.69.118:39205, ad4d83c7-0f96-47bc-a4e8-7e5d9f844896:192.168.69.118:41688, 02863277-f564-4bc6-8337-fb22627f6f1a:192.168.69.118:36850], old=null
2019-10-23 12:13:31,256 [ad4d83c7-0f96-47bc-a4e8-7e5d9f844896@group-24C785E9A0FC-LeaderElection109] INFO  impl.RaftServerImpl (RaftServerImpl.java:setRole(184)) - ad4d83c7-0f96-47bc-a4e8-7e5d9f844896@group-24C785E9A0FC: changes role from CANDIDATE to FOLLOWER at term 104 for DISCOVERED_A_NEW_TERM
2019-10-23 12:13:31,256 [ad4d83c7-0f96-47bc-a4e8-7e5d9f844896@group-24C785E9A0FC-LeaderElection109] INFO  impl.RoleInfo (RoleInfo.java:shutdownLeaderElection(134)) - ad4d83c7-0f96-47bc-a4e8-7e5d9f844896: shutdown LeaderElection
2019-10-23 12:13:31,257 [ad4d83c7-0f96-47bc-a4e8-7e5d9f844896@group-24C785E9A0FC-LeaderElection109] INFO  impl.RoleInfo (RoleInfo.java:updateAndGet(143)) - ad4d83c7-0f96-47bc-a4e8-7e5d9f844896: start FollowerState
2019-10-23 12:13:31,333 [Thread-1226] INFO  impl.FollowerState (FollowerState.java:run(108)) - ad4d83c7-0f96-47bc-a4e8-7e5d9f844896@group-24C785E9A0FC-FollowerState: change to CANDIDATE, lastRpcTime:76ms, electionTimeout:76ms
2019-10-23 12:13:31,333 [Thread-1226] INFO  impl.RoleInfo (RoleInfo.java:shutdownFollowerState(121)) - ad4d83c7-0f96-47bc-a4e8-7e5d9f844896: shutdown FollowerState
2019-10-23 12:13:31,333 [Thread-1226] INFO  impl.RaftServerImpl (RaftServerImpl.java:setRole(184)) - ad4d83c7-0f96-47bc-a4e8-7e5d9f844896@group-24C785E9A0FC: changes role from  FOLLOWER to CANDIDATE at term 104 for changeToCandidate
2019-10-23 12:13:31,334 [Thread-1226] INFO  impl.RoleInfo (RoleInfo.java:updateAndGet(143)) - ad4d83c7-0f96-47bc-a4e8-7e5d9f844896: start LeaderElection
2019-10-23 12:13:31,368 [ad4d83c7-0f96-47bc-a4e8-7e5d9f844896@group-24C785E9A0FC-LeaderElection110] INFO  impl.LeaderElection (LeaderElection.java:askForVotes(178)) - ad4d83c7-0f96-47bc-a4e8-7e5d9f844896@group-24C785E9A0FC-LeaderElection110: begin an election at term 105 for -1: [3b749b59-de2a-419b-9a26-261692f5c83c:192.168.69.118:39205, ad4d83c7-0f96-47bc-a4e8-7e5d9f844896:192.168.69.118:41688, 02863277-f564-4bc6-8337-fb22627f6f1a:192.168.69.118:36850], old=null
2019-10-23 12:13:31,371 [grpc-default-executor-4] INFO  impl.RaftServerImpl (RaftServerImpl.java:setRole(184)) - 02863277-f564-4bc6-8337-fb22627f6f1a@group-24C785E9A0FC: changes role from  FOLLOWER to FOLLOWER at term 105 for recognizeCandidate:ad4d83c7-0f96-47bc-a4e8-7e5d9f844896
2019-10-23 12:13:31,371 [grpc-default-executor-0] INFO  impl.RaftServerImpl (RaftServerImpl.java:setRole(184)) - 3b749b59-de2a-419b-9a26-261692f5c83c@group-24C785E9A0FC: changes role from  FOLLOWER to FOLLOWER at term 105 for recognizeCandidate:ad4d83c7-0f96-47bc-a4e8-7e5d9f844896
2019-10-23 12:13:31,371 [grpc-default-executor-4] INFO  impl.RoleInfo (RoleInfo.java:shutdownFollowerState(121)) - 02863277-f564-4bc6-8337-fb22627f6f1a: shutdown FollowerState
2019-10-23 12:13:31,371 [grpc-default-executor-0] INFO  impl.RoleInfo (RoleInfo.java:shutdownFollowerState(121)) - 3b749b59-de2a-419b-9a26-261692f5c83c: shutdown FollowerState
2019-10-23 12:13:31,372 [Thread-1225] INFO  impl.FollowerState (FollowerState.java:run(117)) - 02863277-f564-4bc6-8337-fb22627f6f1a@group-24C785E9A0FC-FollowerState was interrupted: java.lang.InterruptedException: sleep interrupted
2019-10-23 12:13:31,372 [Thread-1224] INFO  impl.FollowerState (FollowerState.java:run(117)) - 3b749b59-de2a-419b-9a26-261692f5c83c@group-24C785E9A0FC-FollowerState was interrupted: java.lang.InterruptedException: sleep interrupted
2019-10-23 12:13:31,371 [grpc-default-executor-4] INFO  impl.RoleInfo (RoleInfo.java:updateAndGet(143)) - 02863277-f564-4bc6-8337-fb22627f6f1a: start FollowerState
2019-10-23 12:13:31,372 [grpc-default-executor-0] INFO  impl.RoleInfo (RoleInfo.java:updateAndGet(143)) - 3b749b59-de2a-419b-9a26-261692f5c83c: start FollowerState
2019-10-23 12:13:31,383 [ad4d83c7-0f96-47bc-a4e8-7e5d9f844896@group-24C785E9A0FC-LeaderElection110] INFO  impl.LeaderElection (LeaderElection.java:logAndReturn(56)) - ad4d83c7-0f96-47bc-a4e8-7e5d9f844896@group-24C785E9A0FC-LeaderElection110: Election REJECTED; received 2 response(s) [ad4d83c7-0f96-47bc-a4e8-7e5d9f844896<-3b749b59-de2a-419b-9a26-261692f5c83c#0:FAIL-t105, ad4d83c7-0f96-47bc-a4e8-7e5d9f844896<-02863277-f564-4bc6-8337-fb22627f6f1a#0:FAIL-t105] and 0 exception(s); ad4d83c7-0f96-47bc-a4e8-7e5d9f844896@group-24C785E9A0FC:t105, leader=null, voted=ad4d83c7-0f96-47bc-a4e8-7e5d9f844896, raftlog=ad4d83c7-0f96-47bc-a4e8-7e5d9f844896@group-24C785E9A0FC-SegmentedRaftLog:OPENED:c-1,f-1,i0, conf=-1: [3b749b59-de2a-419b-9a26-261692f5c83c:192.168.69.118:39205, ad4d83c7-0f96-47bc-a4e8-7e5d9f844896:192.168.69.118:41688, 02863277-f564-4bc6-8337-fb22627f6f1a:192.168.69.118:36850], old=null
2019-10-23 12:13:31,383 [ad4d83c7-0f96-47bc-a4e8-7e5d9f844896@group-24C785E9A0FC-LeaderElection110] INFO  impl.RaftServerImpl (RaftServerImpl.java:setRole(184)) - ad4d83c7-0f96-47bc-a4e8-7e5d9f844896@group-24C785E9A0FC: changes role from CANDIDATE to FOLLOWER at term 105 for DISCOVERED_A_NEW_TERM
2019-10-23 12:13:31,383 [ad4d83c7-0f96-47bc-a4e8-7e5d9f844896@group-24C785E9A0FC-LeaderElection110] INFO  impl.RoleInfo (RoleInfo.java:shutdownLeaderElection(134)) - ad4d83c7-0f96-47bc-a4e8-7e5d9f844896: shutdown LeaderElection
2019-10-23 12:13:31,383 [ad4d83c7-0f96-47bc-a4e8-7e5d9f844896@group-24C785E9A0FC-LeaderElection110] INFO  impl.RoleInfo (RoleInfo.java:updateAndGet(143)) - ad4d83c7-0f96-47bc-a4e8-7e5d9f844896: start FollowerState
2019-10-23 12:13:31,411 [Thread-1234] INFO  impl.FollowerState (FollowerState.java:run(108)) - ad4d83c7-0f96-47bc-a4e8-7e5d9f844896@group-24C785E9A0FC-FollowerState: change to CANDIDATE, lastRpcTime:27ms, electionTimeout:27ms
2019-10-23 12:13:31,411 [Thread-1234] INFO  impl.RoleInfo (RoleInfo.java:shutdownFollowerState(121)) - ad4d83c7-0f96-47bc-a4e8-7e5d9f844896: shutdown FollowerState
2019-10-23 12:13:31,411 [Thread-1234] INFO  impl.RaftServerImpl (RaftServerImpl.java:setRole(184)) - ad4d83c7-0f96-47bc-a4e8-7e5d9f844896@group-24C785E9A0FC: changes role from  FOLLOWER to CANDIDATE at term 105 for changeToCandidate
2019-10-23 12:13:31,411 [Thread-1234] INFO  impl.RoleInfo (RoleInfo.java:updateAndGet(143)) - ad4d83c7-0f96-47bc-a4e8-7e5d9f844896: start LeaderElection
2019-10-23 12:13:31,420 [ad4d83c7-0f96-47bc-a4e8-7e5d9f844896@group-24C785E9A0FC-LeaderElection111] INFO  impl.LeaderElection (LeaderElection.java:askForVotes(178)) - ad4d83c7-0f96-47bc-a4e8-7e5d9f844896@group-24C785E9A0FC-LeaderElection111: begin an election at term 106 for -1: [3b749b59-de2a-419b-9a26-261692f5c83c:192.168.69.118:39205, ad4d83c7-0f96-47bc-a4e8-7e5d9f844896:192.168.69.118:41688, 02863277-f564-4bc6-8337-fb22627f6f1a:192.168.69.118:36850], old=null
2019-10-23 12:13:31,423 [grpc-default-executor-4] INFO  impl.RaftServerImpl (RaftServerImpl.java:setRole(184)) - 3b749b59-de2a-419b-9a26-261692f5c83c@group-24C785E9A0FC: changes role from  FOLLOWER to FOLLOWER at term 106 for recognizeCandidate:ad4d83c7-0f96-47bc-a4e8-7e5d9f844896
2019-10-23 12:13:31,423 [grpc-default-executor-0] INFO  impl.RaftServerImpl (RaftServerImpl.java:setRole(184)) - 02863277-f564-4bc6-8337-fb22627f6f1a@group-24C785E9A0FC: changes role from  FOLLOWER to FOLLOWER at term 106 for recognizeCandidate:ad4d83c7-0f96-47bc-a4e8-7e5d9f844896
2019-10-23 12:13:31,424 [grpc-default-executor-0] INFO  impl.RoleInfo (RoleInfo.java:shutdownFollowerState(121)) - 02863277-f564-4bc6-8337-fb22627f6f1a: shutdown FollowerState
2019-10-23 12:13:31,423 [grpc-default-executor-4] INFO  impl.RoleInfo (RoleInfo.java:shutdownFollowerState(121)) - 3b749b59-de2a-419b-9a26-261692f5c83c: shutdown FollowerState
2019-10-23 12:13:31,424 [Thread-1232] INFO  impl.FollowerState (FollowerState.java:run(117)) - 02863277-f564-4bc6-8337-fb22627f6f1a@group-24C785E9A0FC-FollowerState was interrupted: java.lang.InterruptedException: sleep interrupted
2019-10-23 12:13:31,424 [grpc-default-executor-0] INFO  impl.RoleInfo (RoleInfo.java:updateAndGet(143)) - 02863277-f564-4bc6-8337-fb22627f6f1a: start FollowerState
2019-10-23 12:13:31,424 [Thread-1233] INFO  impl.FollowerState (FollowerState.java:run(117)) - 3b749b59-de2a-419b-9a26-261692f5c83c@group-24C785E9A0FC-FollowerState was interrupted: java.lang.InterruptedException: sleep interrupted
2019-10-23 12:13:31,424 [grpc-default-executor-4] INFO  impl.RoleInfo (RoleInfo.java:updateAndGet(143)) - 3b749b59-de2a-419b-9a26-261692f5c83c: start FollowerState
2019-10-23 12:13:31,452 [ad4d83c7-0f96-47bc-a4e8-7e5d9f844896@group-24C785E9A0FC-LeaderElection111] INFO  impl.LeaderElection (LeaderElection.java:logAndReturn(56)) - ad4d83c7-0f96-47bc-a4e8-7e5d9f844896@group-24C785E9A0FC-LeaderElection111: Election REJECTED; received 2 response(s) [ad4d83c7-0f96-47bc-a4e8-7e5d9f844896<-3b749b59-de2a-419b-9a26-261692f5c83c#0:FAIL-t106, ad4d83c7-0f96-47bc-a4e8-7e5d9f844896<-02863277-f564-4bc6-8337-fb22627f6f1a#0:FAIL-t106] and 0 exception(s); ad4d83c7-0f96-47bc-a4e8-7e5d9f844896@group-24C785E9A0FC:t106, leader=null, voted=ad4d83c7-0f96-47bc-a4e8-7e5d9f844896, raftlog=ad4d83c7-0f96-47bc-a4e8-7e5d9f844896@group-24C785E9A0FC-SegmentedRaftLog:OPENED:c-1,f-1,i0, conf=-1: [3b749b59-de2a-419b-9a26-261692f5c83c:192.168.69.118:39205, ad4d83c7-0f96-47bc-a4e8-7e5d9f844896:192.168.69.118:41688, 02863277-f564-4bc6-8337-fb22627f6f1a:192.168.69.118:36850], old=null
2019-10-23 12:13:31,452 [ad4d83c7-0f96-47bc-a4e8-7e5d9f844896@group-24C785E9A0FC-LeaderElection111] INFO  impl.RaftServerImpl (RaftServerImpl.java:setRole(184)) - ad4d83c7-0f96-47bc-a4e8-7e5d9f844896@group-24C785E9A0FC: changes role from CANDIDATE to FOLLOWER at term 106 for DISCOVERED_A_NEW_TERM
2019-10-23 12:13:31,452 [ad4d83c7-0f96-47bc-a4e8-7e5d9f844896@group-24C785E9A0FC-LeaderElection111] INFO  impl.RoleInfo (RoleInfo.java:shutdownLeaderElection(134)) - ad4d83c7-0f96-47bc-a4e8-7e5d9f844896: shutdown LeaderElection
2019-10-23 12:13:31,452 [ad4d83c7-0f96-47bc-a4e8-7e5d9f844896@group-24C785E9A0FC-LeaderElection111] INFO  impl.RoleInfo (RoleInfo.java:updateAndGet(143)) - ad4d83c7-0f96-47bc-a4e8-7e5d9f844896: start FollowerState
2019-10-23 12:13:31,478 [Thread-1240] INFO  impl.FollowerState (FollowerState.java:run(108)) - ad4d83c7-0f96-47bc-a4e8-7e5d9f844896@group-24C785E9A0FC-FollowerState: change to CANDIDATE, lastRpcTime:25ms, electionTimeout:25ms
2019-10-23 12:13:31,478 [Thread-1240] INFO  impl.RoleInfo (RoleInfo.java:shutdownFollowerState(121)) - ad4d83c7-0f96-47bc-a4e8-7e5d9f844896: shutdown FollowerState
2019-10-23 12:13:31,478 [Thread-1240] INFO  impl.RaftServerImpl (RaftServerImpl.java:setRole(184)) - ad4d83c7-0f96-47bc-a4e8-7e5d9f844896@group-24C785E9A0FC: changes role from  FOLLOWER to CANDIDATE at term 106 for changeToCandidate
2019-10-23 12:13:31,478 [Thread-1240] INFO  impl.RoleInfo (RoleInfo.java:updateAndGet(143)) - ad4d83c7-0f96-47bc-a4e8-7e5d9f844896: start LeaderElection
2019-10-23 12:13:31,488 [ad4d83c7-0f96-47bc-a4e8-7e5d9f844896@group-24C785E9A0FC-LeaderElection112] INFO  impl.LeaderElection (LeaderElection.java:askForVotes(178)) - ad4d83c7-0f96-47bc-a4e8-7e5d9f844896@group-24C785E9A0FC-LeaderElection112: begin an election at term 107 for -1: [3b749b59-de2a-419b-9a26-261692f5c83c:192.168.69.118:39205, ad4d83c7-0f96-47bc-a4e8-7e5d9f844896:192.168.69.118:41688, 02863277-f564-4bc6-8337-fb22627f6f1a:192.168.69.118:36850], old=null
2019-10-23 12:13:31,492 [grpc-default-executor-0] INFO  impl.RaftServerImpl (RaftServerImpl.java:setRole(184)) - 02863277-f564-4bc6-8337-fb22627f6f1a@group-24C785E9A0FC: changes role from  FOLLOWER to FOLLOWER at term 107 for recognizeCandidate:ad4d83c7-0f96-47bc-a4e8-7e5d9f844896
2019-10-23 12:13:31,492 [grpc-default-executor-0] INFO  impl.RoleInfo (RoleInfo.java:shutdownFollowerState(121)) - 02863277-f564-4bc6-8337-fb22627f6f1a: shutdown FollowerState
2019-10-23 12:13:31,492 [grpc-default-executor-0] INFO  impl.RoleInfo (RoleInfo.java:updateAndGet(143)) - 02863277-f564-4bc6-8337-fb22627f6f1a: start FollowerState
2019-10-23 12:13:31,492 [Thread-1238] INFO  impl.FollowerState (FollowerState.java:run(117)) - 02863277-f564-4bc6-8337-fb22627f6f1a@group-24C785E9A0FC-FollowerState was interrupted: java.lang.InterruptedException: sleep interrupted
2019-10-23 12:13:31,492 [grpc-default-executor-4] INFO  impl.RaftServerImpl (RaftServerImpl.java:setRole(184)) - 3b749b59-de2a-419b-9a26-261692f5c83c@group-24C785E9A0FC: changes role from  FOLLOWER to FOLLOWER at term 107 for recognizeCandidate:ad4d83c7-0f96-47bc-a4e8-7e5d9f844896
2019-10-23 12:13:31,492 [grpc-default-executor-4] INFO  impl.RoleInfo (RoleInfo.java:shutdownFollowerState(121)) - 3b749b59-de2a-419b-9a26-261692f5c83c: shutdown FollowerState
2019-10-23 12:13:31,492 [grpc-default-executor-4] INFO  impl.RoleInfo (RoleInfo.java:updateAndGet(143)) - 3b749b59-de2a-419b-9a26-261692f5c83c: start FollowerState
2019-10-23 12:13:31,492 [Thread-1239] INFO  impl.FollowerState (FollowerState.java:run(117)) - 3b749b59-de2a-419b-9a26-261692f5c83c@group-24C785E9A0FC-FollowerState was interrupted: java.lang.InterruptedException: sleep interrupted
2019-10-23 12:13:31,506 [ad4d83c7-0f96-47bc-a4e8-7e5d9f844896@group-24C785E9A0FC-LeaderElection112] INFO  impl.LeaderElection (LeaderElection.java:logAndReturn(56)) - ad4d83c7-0f96-47bc-a4e8-7e5d9f844896@group-24C785E9A0FC-LeaderElection112: Election REJECTED; received 2 response(s) [ad4d83c7-0f96-47bc-a4e8-7e5d9f844896<-3b749b59-de2a-419b-9a26-261692f5c83c#0:FAIL-t107, ad4d83c7-0f96-47bc-a4e8-7e5d9f844896<-02863277-f564-4bc6-8337-fb22627f6f1a#0:FAIL-t107] and 0 exception(s); ad4d83c7-0f96-47bc-a4e8-7e5d9f844896@group-24C785E9A0FC:t107, leader=null, voted=ad4d83c7-0f96-47bc-a4e8-7e5d9f844896, raftlog=ad4d83c7-0f96-47bc-a4e8-7e5d9f844896@group-24C785E9A0FC-SegmentedRaftLog:OPENED:c-1,f-1,i0, conf=-1: [3b749b59-de2a-419b-9a26-261692f5c83c:192.168.69.118:39205, ad4d83c7-0f96-47bc-a4e8-7e5d9f844896:192.168.69.118:41688, 02863277-f564-4bc6-8337-fb22627f6f1a:192.168.69.118:36850], old=null
2019-10-23 12:13:31,507 [ad4d83c7-0f96-47bc-a4e8-7e5d9f844896@group-24C785E9A0FC-LeaderElection112] INFO  impl.RaftServerImpl (RaftServerImpl.java:setRole(184)) - ad4d83c7-0f96-47bc-a4e8-7e5d9f844896@group-24C785E9A0FC: changes role from CANDIDATE to FOLLOWER at term 107 for DISCOVERED_A_NEW_TERM
2019-10-23 12:13:31,507 [ad4d83c7-0f96-47bc-a4e8-7e5d9f844896@group-24C785E9A0FC-LeaderElection112] INFO  impl.RoleInfo (RoleInfo.java:shutdownLeaderElection(134)) - ad4d83c7-0f96-47bc-a4e8-7e5d9f844896: shutdown LeaderElection
2019-10-23 12:13:31,507 [ad4d83c7-0f96-47bc-a4e8-7e5d9f844896@group-24C785E9A0FC-LeaderElection112] INFO  impl.RoleInfo (RoleInfo.java:updateAndGet(143)) - ad4d83c7-0f96-47bc-a4e8-7e5d9f844896: start FollowerState
2019-10-23 12:13:31,609 [Thread-1246] INFO  impl.FollowerState (FollowerState.java:run(108)) - ad4d83c7-0f96-47bc-a4e8-7e5d9f844896@group-24C785E9A0FC-FollowerState: change to CANDIDATE, lastRpcTime:102ms, electionTimeout:102ms
2019-10-23 12:13:31,609 [Thread-1246] INFO  impl.RoleInfo (RoleInfo.java:shutdownFollowerState(121)) - ad4d83c7-0f96-47bc-a4e8-7e5d9f844896: shutdown FollowerState
2019-10-23 12:13:31,610 [Thread-1246] INFO  impl.RaftServerImpl (RaftServerImpl.java:setRole(184)) - ad4d83c7-0f96-47bc-a4e8-7e5d9f844896@group-24C785E9A0FC: changes role from  FOLLOWER to CANDIDATE at term 107 for changeToCandidate
2019-10-23 12:13:31,610 [Thread-1246] INFO  impl.RoleInfo (RoleInfo.java:updateAndGet(143)) - ad4d83c7-0f96-47bc-a4e8-7e5d9f844896: start LeaderElection
2019-10-23 12:13:31,626 [ad4d83c7-0f96-47bc-a4e8-7e5d9f844896@group-24C785E9A0FC-LeaderElection113] INFO  impl.LeaderElection (LeaderElection.java:askForVotes(178)) - ad4d83c7-0f96-47bc-a4e8-7e5d9f844896@group-24C785E9A0FC-LeaderElection113: begin an election at term 108 for -1: [3b749b59-de2a-419b-9a26-261692f5c83c:192.168.69.118:39205, ad4d83c7-0f96-47bc-a4e8-7e5d9f844896:192.168.69.118:41688, 02863277-f564-4bc6-8337-fb22627f6f1a:192.168.69.118:36850], old=null
2019-10-23 12:13:31,628 [grpc-default-executor-4] INFO  impl.RaftServerImpl (RaftServerImpl.java:setRole(184)) - 3b749b59-de2a-419b-9a26-261692f5c83c@group-24C785E9A0FC: changes role from  FOLLOWER to FOLLOWER at term 108 for recognizeCandidate:ad4d83c7-0f96-47bc-a4e8-7e5d9f844896
2019-10-23 12:13:31,628 [grpc-default-executor-4] INFO  impl.RoleInfo (RoleInfo.java:shutdownFollowerState(121)) - 3b749b59-de2a-419b-9a26-261692f5c83c: shutdown FollowerState
2019-10-23 12:13:31,628 [grpc-default-executor-0] INFO  impl.RaftServerImpl (RaftServerImpl.java:setRole(184)) - 02863277-f564-4bc6-8337-fb22627f6f1a@group-24C785E9A0FC: changes role from  FOLLOWER to FOLLOWER at term 108 for recognizeCandidate:ad4d83c7-0f96-47bc-a4e8-7e5d9f844896
2019-10-23 12:13:31,628 [Thread-1245] INFO  impl.FollowerState (FollowerState.java:run(117)) - 3b749b59-de2a-419b-9a26-261692f5c83c@group-24C785E9A0FC-FollowerState was interrupted: java.lang.InterruptedException: sleep interrupted
2019-10-23 12:13:31,628 [grpc-default-executor-4] INFO  impl.RoleInfo (RoleInfo.java:updateAndGet(143)) - 3b749b59-de2a-419b-9a26-261692f5c83c: start FollowerState
2019-10-23 12:13:31,629 [grpc-default-executor-0] INFO  impl.RoleInfo (RoleInfo.java:shutdownFollowerState(121)) - 02863277-f564-4bc6-8337-fb22627f6f1a: shutdown FollowerState
2019-10-23 12:13:31,629 [grpc-default-executor-0] INFO  impl.RoleInfo (RoleInfo.java:updateAndGet(143)) - 02863277-f564-4bc6-8337-fb22627f6f1a: start FollowerState
2019-10-23 12:13:31,629 [Thread-1244] INFO  impl.FollowerState (FollowerState.java:run(117)) - 02863277-f564-4bc6-8337-fb22627f6f1a@group-24C785E9A0FC-FollowerState was interrupted: java.lang.InterruptedException: sleep interrupted
2019-10-23 12:13:31,636 [ad4d83c7-0f96-47bc-a4e8-7e5d9f844896@group-24C785E9A0FC-LeaderElection113] INFO  impl.LeaderElection (LeaderElection.java:logAndReturn(56)) - ad4d83c7-0f96-47bc-a4e8-7e5d9f844896@group-24C785E9A0FC-LeaderElection113: Election REJECTED; received 2 response(s) [ad4d83c7-0f96-47bc-a4e8-7e5d9f844896<-3b749b59-de2a-419b-9a26-261692f5c83c#0:FAIL-t108, ad4d83c7-0f96-47bc-a4e8-7e5d9f844896<-02863277-f564-4bc6-8337-fb22627f6f1a#0:FAIL-t108] and 0 exception(s); ad4d83c7-0f96-47bc-a4e8-7e5d9f844896@group-24C785E9A0FC:t108, leader=null, voted=ad4d83c7-0f96-47bc-a4e8-7e5d9f844896, raftlog=ad4d83c7-0f96-47bc-a4e8-7e5d9f844896@group-24C785E9A0FC-SegmentedRaftLog:OPENED:c-1,f-1,i0, conf=-1: [3b749b59-de2a-419b-9a26-261692f5c83c:192.168.69.118:39205, ad4d83c7-0f96-47bc-a4e8-7e5d9f844896:192.168.69.118:41688, 02863277-f564-4bc6-8337-fb22627f6f1a:192.168.69.118:36850], old=null
2019-10-23 12:13:31,636 [ad4d83c7-0f96-47bc-a4e8-7e5d9f844896@group-24C785E9A0FC-LeaderElection113] INFO  impl.RaftServerImpl (RaftServerImpl.java:setRole(184)) - ad4d83c7-0f96-47bc-a4e8-7e5d9f844896@group-24C785E9A0FC: changes role from CANDIDATE to FOLLOWER at term 108 for DISCOVERED_A_NEW_TERM
2019-10-23 12:13:31,636 [ad4d83c7-0f96-47bc-a4e8-7e5d9f844896@group-24C785E9A0FC-LeaderElection113] INFO  impl.RoleInfo (RoleInfo.java:shutdownLeaderElection(134)) - ad4d83c7-0f96-47bc-a4e8-7e5d9f844896: shutdown LeaderElection
2019-10-23 12:13:31,637 [ad4d83c7-0f96-47bc-a4e8-7e5d9f844896@group-24C785E9A0FC-LeaderElection113] INFO  impl.RoleInfo (RoleInfo.java:updateAndGet(143)) - ad4d83c7-0f96-47bc-a4e8-7e5d9f844896: start FollowerState
2019-10-23 12:13:31,799 [Thread-1252] INFO  impl.FollowerState (FollowerState.java:run(108)) - ad4d83c7-0f96-47bc-a4e8-7e5d9f844896@group-24C785E9A0FC-FollowerState: change to CANDIDATE, lastRpcTime:162ms, electionTimeout:162ms
2019-10-23 12:13:31,799 [Thread-1252] INFO  impl.RoleInfo (RoleInfo.java:shutdownFollowerState(121)) - ad4d83c7-0f96-47bc-a4e8-7e5d9f844896: shutdown FollowerState
2019-10-23 12:13:31,799 [Thread-1252] INFO  impl.RaftServerImpl (RaftServerImpl.java:setRole(184)) - ad4d83c7-0f96-47bc-a4e8-7e5d9f844896@group-24C785E9A0FC: changes role from  FOLLOWER to CANDIDATE at term 108 for changeToCandidate
2019-10-23 12:13:31,800 [Thread-1252] INFO  impl.RoleInfo (RoleInfo.java:updateAndGet(143)) - ad4d83c7-0f96-47bc-a4e8-7e5d9f844896: start LeaderElection
2019-10-23 12:13:31,908 [ad4d83c7-0f96-47bc-a4e8-7e5d9f844896@group-24C785E9A0FC-LeaderElection114] INFO  impl.LeaderElection (LeaderElection.java:askForVotes(178)) - ad4d83c7-0f96-47bc-a4e8-7e5d9f844896@group-24C785E9A0FC-LeaderElection114: begin an election at term 109 for -1: [3b749b59-de2a-419b-9a26-261692f5c83c:192.168.69.118:39205, ad4d83c7-0f96-47bc-a4e8-7e5d9f844896:192.168.69.118:41688, 02863277-f564-4bc6-8337-fb22627f6f1a:192.168.69.118:36850], old=null
2019-10-23 12:13:31,912 [grpc-default-executor-4] INFO  impl.RaftServerImpl (RaftServerImpl.java:setRole(184)) - 3b749b59-de2a-419b-9a26-261692f5c83c@group-24C785E9A0FC: changes role from  FOLLOWER to FOLLOWER at term 109 for recognizeCandidate:ad4d83c7-0f96-47bc-a4e8-7e5d9f844896
2019-10-23 12:13:31,912 [grpc-default-executor-0] INFO  impl.RaftServerImpl (RaftServerImpl.java:setRole(184)) - 02863277-f564-4bc6-8337-fb22627f6f1a@group-24C785E9A0FC: changes role from  FOLLOWER to FOLLOWER at term 109 for recognizeCandidate:ad4d83c7-0f96-47bc-a4e8-7e5d9f844896
2019-10-23 12:13:31,912 [grpc-default-executor-4] INFO  impl.RoleInfo (RoleInfo.java:shutdownFollowerState(121)) - 3b749b59-de2a-419b-9a26-261692f5c83c: shutdown FollowerState
2019-10-23 12:13:31,912 [grpc-default-executor-0] INFO  impl.RoleInfo (RoleInfo.java:shutdownFollowerState(121)) - 02863277-f564-4bc6-8337-fb22627f6f1a: shutdown FollowerState
2019-10-23 12:13:31,912 [grpc-default-executor-4] INFO  impl.RoleInfo (RoleInfo.java:updateAndGet(143)) - 3b749b59-de2a-419b-9a26-261692f5c83c: start FollowerState
2019-10-23 12:13:31,912 [Thread-1251] INFO  impl.FollowerState (FollowerState.java:run(117)) - 02863277-f564-4bc6-8337-fb22627f6f1a@group-24C785E9A0FC-FollowerState was interrupted: java.lang.InterruptedException: sleep interrupted
2019-10-23 12:13:31,912 [grpc-default-executor-0] INFO  impl.RoleInfo (RoleInfo.java:updateAndGet(143)) - 02863277-f564-4bc6-8337-fb22627f6f1a: start FollowerState
2019-10-23 12:13:31,912 [Thread-1250] INFO  impl.FollowerState (FollowerState.java:run(117)) - 3b749b59-de2a-419b-9a26-261692f5c83c@group-24C785E9A0FC-FollowerState was interrupted: java.lang.InterruptedException: sleep interrupted
2019-10-23 12:13:31,924 [ad4d83c7-0f96-47bc-a4e8-7e5d9f844896@group-24C785E9A0FC-LeaderElection114] INFO  impl.LeaderElection (LeaderElection.java:logAndReturn(56)) - ad4d83c7-0f96-47bc-a4e8-7e5d9f844896@group-24C785E9A0FC-LeaderElection114: Election REJECTED; received 2 response(s) [ad4d83c7-0f96-47bc-a4e8-7e5d9f844896<-3b749b59-de2a-419b-9a26-261692f5c83c#0:FAIL-t109, ad4d83c7-0f96-47bc-a4e8-7e5d9f844896<-02863277-f564-4bc6-8337-fb22627f6f1a#0:FAIL-t109] and 0 exception(s); ad4d83c7-0f96-47bc-a4e8-7e5d9f844896@group-24C785E9A0FC:t109, leader=null, voted=ad4d83c7-0f96-47bc-a4e8-7e5d9f844896, raftlog=ad4d83c7-0f96-47bc-a4e8-7e5d9f844896@group-24C785E9A0FC-SegmentedRaftLog:OPENED:c-1,f-1,i0, conf=-1: [3b749b59-de2a-419b-9a26-261692f5c83c:192.168.69.118:39205, ad4d83c7-0f96-47bc-a4e8-7e5d9f844896:192.168.69.118:41688, 02863277-f564-4bc6-8337-fb22627f6f1a:192.168.69.118:36850], old=null
2019-10-23 12:13:31,924 [ad4d83c7-0f96-47bc-a4e8-7e5d9f844896@group-24C785E9A0FC-LeaderElection114] INFO  impl.RaftServerImpl (RaftServerImpl.java:setRole(184)) - ad4d83c7-0f96-47bc-a4e8-7e5d9f844896@group-24C785E9A0FC: changes role from CANDIDATE to FOLLOWER at term 109 for DISCOVERED_A_NEW_TERM
2019-10-23 12:13:31,924 [ad4d83c7-0f96-47bc-a4e8-7e5d9f844896@group-24C785E9A0FC-LeaderElection114] INFO  impl.RoleInfo (RoleInfo.java:shutdownLeaderElection(134)) - ad4d83c7-0f96-47bc-a4e8-7e5d9f844896: shutdown LeaderElection
2019-10-23 12:13:31,924 [ad4d83c7-0f96-47bc-a4e8-7e5d9f844896@group-24C785E9A0FC-LeaderElection114] INFO  impl.RoleInfo (RoleInfo.java:updateAndGet(143)) - ad4d83c7-0f96-47bc-a4e8-7e5d9f844896: start FollowerState
2019-10-23 12:13:32,033 [Thread-1262] INFO  impl.FollowerState (FollowerState.java:run(108)) - ad4d83c7-0f96-47bc-a4e8-7e5d9f844896@group-24C785E9A0FC-FollowerState: change to CANDIDATE, lastRpcTime:108ms, electionTimeout:108ms
2019-10-23 12:13:32,033 [Thread-1262] INFO  impl.RoleInfo (RoleInfo.java:shutdownFollowerState(121)) - ad4d83c7-0f96-47bc-a4e8-7e5d9f844896: shutdown FollowerState
2019-10-23 12:13:32,033 [Thread-1262] INFO  impl.RaftServerImpl (RaftServerImpl.java:setRole(184)) - ad4d83c7-0f96-47bc-a4e8-7e5d9f844896@group-24C785E9A0FC: changes role from  FOLLOWER to CANDIDATE at term 109 for changeToCandidate
2019-10-23 12:13:32,033 [Thread-1262] INFO  impl.RoleInfo (RoleInfo.java:updateAndGet(143)) - ad4d83c7-0f96-47bc-a4e8-7e5d9f844896: start LeaderElection
2019-10-23 12:13:32,039 [ad4d83c7-0f96-47bc-a4e8-7e5d9f844896@group-24C785E9A0FC-LeaderElection115] INFO  impl.LeaderElection (LeaderElection.java:askForVotes(178)) - ad4d83c7-0f96-47bc-a4e8-7e5d9f844896@group-24C785E9A0FC-LeaderElection115: begin an election at term 110 for -1: [3b749b59-de2a-419b-9a26-261692f5c83c:192.168.69.118:39205, ad4d83c7-0f96-47bc-a4e8-7e5d9f844896:192.168.69.118:41688, 02863277-f564-4bc6-8337-fb22627f6f1a:192.168.69.118:36850], old=null
2019-10-23 12:13:32,041 [grpc-default-executor-4] INFO  impl.RaftServerImpl (RaftServerImpl.java:setRole(184)) - 3b749b59-de2a-419b-9a26-261692f5c83c@group-24C785E9A0FC: changes role from  FOLLOWER to FOLLOWER at term 110 for recognizeCandidate:ad4d83c7-0f96-47bc-a4e8-7e5d9f844896
2019-10-23 12:13:32,041 [grpc-default-executor-0] INFO  impl.RaftServerImpl (RaftServerImpl.java:setRole(184)) - 02863277-f564-4bc6-8337-fb22627f6f1a@group-24C785E9A0FC: changes role from  FOLLOWER to FOLLOWER at term 110 for recognizeCandidate:ad4d83c7-0f96-47bc-a4e8-7e5d9f844896
2019-10-23 12:13:32,041 [grpc-default-executor-4] INFO  impl.RoleInfo (RoleInfo.java:shutdownFollowerState(121)) - 3b749b59-de2a-419b-9a26-261692f5c83c: shutdown FollowerState
2019-10-23 12:13:32,042 [grpc-default-executor-0] INFO  impl.RoleInfo (RoleInfo.java:shutdownFollowerState(121)) - 02863277-f564-4bc6-8337-fb22627f6f1a: shutdown FollowerState
2019-10-23 12:13:32,042 [Thread-1260] INFO  impl.FollowerState (FollowerState.java:run(117)) - 3b749b59-de2a-419b-9a26-261692f5c83c@group-24C785E9A0FC-FollowerState was interrupted: java.lang.InterruptedException: sleep interrupted
2019-10-23 12:13:32,042 [grpc-default-executor-4] INFO  impl.RoleInfo (RoleInfo.java:updateAndGet(143)) - 3b749b59-de2a-419b-9a26-261692f5c83c: start FollowerState
2019-10-23 12:13:32,042 [grpc-default-executor-0] INFO  impl.RoleInfo (RoleInfo.java:updateAndGet(143)) - 02863277-f564-4bc6-8337-fb22627f6f1a: start FollowerState
2019-10-23 12:13:32,042 [Thread-1261] INFO  impl.FollowerState (FollowerState.java:run(117)) - 02863277-f564-4bc6-8337-fb22627f6f1a@group-24C785E9A0FC-FollowerState was interrupted: java.lang.InterruptedException: sleep interrupted
2019-10-23 12:13:32,064 [ad4d83c7-0f96-47bc-a4e8-7e5d9f844896@group-24C785E9A0FC-LeaderElection115] INFO  impl.LeaderElection (LeaderElection.java:logAndReturn(56)) - ad4d83c7-0f96-47bc-a4e8-7e5d9f844896@group-24C785E9A0FC-LeaderElection115: Election REJECTED; received 2 response(s) [ad4d83c7-0f96-47bc-a4e8-7e5d9f844896<-3b749b59-de2a-419b-9a26-261692f5c83c#0:FAIL-t110, ad4d83c7-0f96-47bc-a4e8-7e5d9f844896<-02863277-f564-4bc6-8337-fb22627f6f1a#0:FAIL-t110] and 0 exception(s); ad4d83c7-0f96-47bc-a4e8-7e5d9f844896@group-24C785E9A0FC:t110, leader=null, voted=ad4d83c7-0f96-47bc-a4e8-7e5d9f844896, raftlog=ad4d83c7-0f96-47bc-a4e8-7e5d9f844896@group-24C785E9A0FC-SegmentedRaftLog:OPENED:c-1,f-1,i0, conf=-1: [3b749b59-de2a-419b-9a26-261692f5c83c:192.168.69.118:39205, ad4d83c7-0f96-47bc-a4e8-7e5d9f844896:192.168.69.118:41688, 02863277-f564-4bc6-8337-fb22627f6f1a:192.168.69.118:36850], old=null
2019-10-23 12:13:32,065 [ad4d83c7-0f96-47bc-a4e8-7e5d9f844896@group-24C785E9A0FC-LeaderElection115] INFO  impl.RaftServerImpl (RaftServerImpl.java:setRole(184)) - ad4d83c7-0f96-47bc-a4e8-7e5d9f844896@group-24C785E9A0FC: changes role from CANDIDATE to FOLLOWER at term 110 for DISCOVERED_A_NEW_TERM
2019-10-23 12:13:32,065 [ad4d83c7-0f96-47bc-a4e8-7e5d9f844896@group-24C785E9A0FC-LeaderElection115] INFO  impl.RoleInfo (RoleInfo.java:shutdownLeaderElection(134)) - ad4d83c7-0f96-47bc-a4e8-7e5d9f844896: shutdown LeaderElection
2019-10-23 12:13:32,065 [ad4d83c7-0f96-47bc-a4e8-7e5d9f844896@group-24C785E9A0FC-LeaderElection115] INFO  impl.RoleInfo (RoleInfo.java:updateAndGet(143)) - ad4d83c7-0f96-47bc-a4e8-7e5d9f844896: start FollowerState
2019-10-23 12:13:32,127 [Thread-1268] INFO  impl.FollowerState (FollowerState.java:run(108)) - ad4d83c7-0f96-47bc-a4e8-7e5d9f844896@group-24C785E9A0FC-FollowerState: change to CANDIDATE, lastRpcTime:62ms, electionTimeout:62ms
2019-10-23 12:13:32,127 [Thread-1268] INFO  impl.RoleInfo (RoleInfo.java:shutdownFollowerState(121)) - ad4d83c7-0f96-47bc-a4e8-7e5d9f844896: shutdown FollowerState
2019-10-23 12:13:32,128 [Thread-1268] INFO  impl.RaftServerImpl (RaftServerImpl.java:setRole(184)) - ad4d83c7-0f96-47bc-a4e8-7e5d9f844896@group-24C785E9A0FC: changes role from  FOLLOWER to CANDIDATE at term 110 for changeToCandidate
2019-10-23 12:13:32,128 [Thread-1268] INFO  impl.RoleInfo (RoleInfo.java:updateAndGet(143)) - ad4d83c7-0f96-47bc-a4e8-7e5d9f844896: start LeaderElection
2019-10-23 12:13:32,141 [ad4d83c7-0f96-47bc-a4e8-7e5d9f844896@group-24C785E9A0FC-LeaderElection116] INFO  impl.LeaderElection (LeaderElection.java:askForVotes(178)) - ad4d83c7-0f96-47bc-a4e8-7e5d9f844896@group-24C785E9A0FC-LeaderElection116: begin an election at term 111 for -1: [3b749b59-de2a-419b-9a26-261692f5c83c:192.168.69.118:39205, ad4d83c7-0f96-47bc-a4e8-7e5d9f844896:192.168.69.118:41688, 02863277-f564-4bc6-8337-fb22627f6f1a:192.168.69.118:36850], old=null
2019-10-23 12:13:32,143 [grpc-default-executor-0] INFO  impl.RaftServerImpl (RaftServerImpl.java:setRole(184)) - 3b749b59-de2a-419b-9a26-261692f5c83c@group-24C785E9A0FC: changes role from  FOLLOWER to FOLLOWER at term 111 for recognizeCandidate:ad4d83c7-0f96-47bc-a4e8-7e5d9f844896
2019-10-23 12:13:32,143 [grpc-default-executor-0] INFO  impl.RoleInfo (RoleInfo.java:shutdownFollowerState(121)) - 3b749b59-de2a-419b-9a26-261692f5c83c: shutdown FollowerState
2019-10-23 12:13:32,143 [grpc-default-executor-4] INFO  impl.RaftServerImpl (RaftServerImpl.java:setRole(184)) - 02863277-f564-4bc6-8337-fb22627f6f1a@group-24C785E9A0FC: changes role from  FOLLOWER to FOLLOWER at term 111 for recognizeCandidate:ad4d83c7-0f96-47bc-a4e8-7e5d9f844896
2019-10-23 12:13:32,143 [grpc-default-executor-4] INFO  impl.RoleInfo (RoleInfo.java:shutdownFollowerState(121)) - 02863277-f564-4bc6-8337-fb22627f6f1a: shutdown FollowerState
2019-10-23 12:13:32,143 [Thread-1266] INFO  impl.FollowerState (FollowerState.java:run(117)) - 3b749b59-de2a-419b-9a26-261692f5c83c@group-24C785E9A0FC-FollowerState was interrupted: java.lang.InterruptedException: sleep interrupted
2019-10-23 12:13:32,143 [grpc-default-executor-0] INFO  impl.RoleInfo (RoleInfo.java:updateAndGet(143)) - 3b749b59-de2a-419b-9a26-261692f5c83c: start FollowerState
2019-10-23 12:13:32,144 [Thread-1267] INFO  impl.FollowerState (FollowerState.java:run(117)) - 02863277-f564-4bc6-8337-fb22627f6f1a@group-24C785E9A0FC-FollowerState was interrupted: java.lang.InterruptedException: sleep interrupted
2019-10-23 12:13:32,144 [grpc-default-executor-4] INFO  impl.RoleInfo (RoleInfo.java:updateAndGet(143)) - 02863277-f564-4bc6-8337-fb22627f6f1a: start FollowerState
2019-10-23 12:13:32,150 [ad4d83c7-0f96-47bc-a4e8-7e5d9f844896@group-24C785E9A0FC-LeaderElection116] INFO  impl.LeaderElection (LeaderElection.java:logAndReturn(56)) - ad4d83c7-0f96-47bc-a4e8-7e5d9f844896@group-24C785E9A0FC-LeaderElection116: Election REJECTED; received 2 response(s) [ad4d83c7-0f96-47bc-a4e8-7e5d9f844896<-3b749b59-de2a-419b-9a26-261692f5c83c#0:FAIL-t111, ad4d83c7-0f96-47bc-a4e8-7e5d9f844896<-02863277-f564-4bc6-8337-fb22627f6f1a#0:FAIL-t111] and 0 exception(s); ad4d83c7-0f96-47bc-a4e8-7e5d9f844896@group-24C785E9A0FC:t111, leader=null, voted=ad4d83c7-0f96-47bc-a4e8-7e5d9f844896, raftlog=ad4d83c7-0f96-47bc-a4e8-7e5d9f844896@group-24C785E9A0FC-SegmentedRaftLog:OPENED:c-1,f-1,i0, conf=-1: [3b749b59-de2a-419b-9a26-261692f5c83c:192.168.69.118:39205, ad4d83c7-0f96-47bc-a4e8-7e5d9f844896:192.168.69.118:41688, 02863277-f564-4bc6-8337-fb22627f6f1a:192.168.69.118:36850], old=null
2019-10-23 12:13:32,151 [ad4d83c7-0f96-47bc-a4e8-7e5d9f844896@group-24C785E9A0FC-LeaderElection116] INFO  impl.RaftServerImpl (RaftServerImpl.java:setRole(184)) - ad4d83c7-0f96-47bc-a4e8-7e5d9f844896@group-24C785E9A0FC: changes role from CANDIDATE to FOLLOWER at term 111 for DISCOVERED_A_NEW_TERM
2019-10-23 12:13:32,151 [ad4d83c7-0f96-47bc-a4e8-7e5d9f844896@group-24C785E9A0FC-LeaderElection116] INFO  impl.RoleInfo (RoleInfo.java:shutdownLeaderElection(134)) - ad4d83c7-0f96-47bc-a4e8-7e5d9f844896: shutdown LeaderElection
2019-10-23 12:13:32,151 [ad4d83c7-0f96-47bc-a4e8-7e5d9f844896@group-24C785E9A0FC-LeaderElection116] INFO  impl.RoleInfo (RoleInfo.java:updateAndGet(143)) - ad4d83c7-0f96-47bc-a4e8-7e5d9f844896: start FollowerState
2019-10-23 12:13:32,321 [Thread-1274] INFO  impl.FollowerState (FollowerState.java:run(108)) - ad4d83c7-0f96-47bc-a4e8-7e5d9f844896@group-24C785E9A0FC-FollowerState: change to CANDIDATE, lastRpcTime:170ms, electionTimeout:170ms
2019-10-23 12:13:32,322 [Thread-1274] INFO  impl.RoleInfo (RoleInfo.java:shutdownFollowerState(121)) - ad4d83c7-0f96-47bc-a4e8-7e5d9f844896: shutdown FollowerState
2019-10-23 12:13:32,322 [Thread-1274] INFO  impl.RaftServerImpl (RaftServerImpl.java:setRole(184)) - ad4d83c7-0f96-47bc-a4e8-7e5d9f844896@group-24C785E9A0FC: changes role from  FOLLOWER to CANDIDATE at term 111 for changeToCandidate
2019-10-23 12:13:32,322 [Thread-1274] INFO  impl.RoleInfo (RoleInfo.java:updateAndGet(143)) - ad4d83c7-0f96-47bc-a4e8-7e5d9f844896: start LeaderElection
2019-10-23 12:13:32,328 [ad4d83c7-0f96-47bc-a4e8-7e5d9f844896@group-24C785E9A0FC-LeaderElection117] INFO  impl.LeaderElection (LeaderElection.java:askForVotes(178)) - ad4d83c7-0f96-47bc-a4e8-7e5d9f844896@group-24C785E9A0FC-LeaderElection117: begin an election at term 112 for -1: [3b749b59-de2a-419b-9a26-261692f5c83c:192.168.69.118:39205, ad4d83c7-0f96-47bc-a4e8-7e5d9f844896:192.168.69.118:41688, 02863277-f564-4bc6-8337-fb22627f6f1a:192.168.69.118:36850], old=null
2019-10-23 12:13:32,517 [ad4d83c7-0f96-47bc-a4e8-7e5d9f844896@group-24C785E9A0FC-LeaderElection117] INFO  impl.LeaderElection (LeaderElection.java:logAndReturn(56)) - ad4d83c7-0f96-47bc-a4e8-7e5d9f844896@group-24C785E9A0FC-LeaderElection117: Election TIMEOUT; received 0 response(s) [] and 0 exception(s); ad4d83c7-0f96-47bc-a4e8-7e5d9f844896@group-24C785E9A0FC:t112, leader=null, voted=ad4d83c7-0f96-47bc-a4e8-7e5d9f844896, raftlog=ad4d83c7-0f96-47bc-a4e8-7e5d9f844896@group-24C785E9A0FC-SegmentedRaftLog:OPENED:c-1,f-1,i0, conf=-1: [3b749b59-de2a-419b-9a26-261692f5c83c:192.168.69.118:39205, ad4d83c7-0f96-47bc-a4e8-7e5d9f844896:192.168.69.118:41688, 02863277-f564-4bc6-8337-fb22627f6f1a:192.168.69.118:36850], old=null
2019-10-23 12:13:32,524 [grpc-default-executor-3] INFO  impl.RaftServerImpl (RaftServerImpl.java:setRole(184)) - 3b749b59-de2a-419b-9a26-261692f5c83c@group-24C785E9A0FC: changes role from  FOLLOWER to FOLLOWER at term 112 for recognizeCandidate:ad4d83c7-0f96-47bc-a4e8-7e5d9f844896
2019-10-23 12:13:32,524 [grpc-default-executor-5] INFO  impl.RaftServerImpl (RaftServerImpl.java:setRole(184)) - 02863277-f564-4bc6-8337-fb22627f6f1a@group-24C785E9A0FC: changes role from  FOLLOWER to FOLLOWER at term 112 for recognizeCandidate:ad4d83c7-0f96-47bc-a4e8-7e5d9f844896
2019-10-23 12:13:32,525 [grpc-default-executor-3] INFO  impl.RoleInfo (RoleInfo.java:shutdownFollowerState(121)) - 3b749b59-de2a-419b-9a26-261692f5c83c: shutdown FollowerState
2019-10-23 12:13:32,525 [grpc-default-executor-5] INFO  impl.RoleInfo (RoleInfo.java:shutdownFollowerState(121)) - 02863277-f564-4bc6-8337-fb22627f6f1a: shutdown FollowerState
2019-10-23 12:13:32,525 [grpc-default-executor-3] INFO  impl.RoleInfo (RoleInfo.java:updateAndGet(143)) - 3b749b59-de2a-419b-9a26-261692f5c83c: start FollowerState
2019-10-23 12:13:32,525 [Thread-1273] INFO  impl.FollowerState (FollowerState.java:run(117)) - 02863277-f564-4bc6-8337-fb22627f6f1a@group-24C785E9A0FC-FollowerState was interrupted: java.lang.InterruptedException: sleep interrupted
2019-10-23 12:13:32,525 [grpc-default-executor-5] INFO  impl.RoleInfo (RoleInfo.java:updateAndGet(143)) - 02863277-f564-4bc6-8337-fb22627f6f1a: start FollowerState
2019-10-23 12:13:32,525 [Thread-1272] INFO  impl.FollowerState (FollowerState.java:run(117)) - 3b749b59-de2a-419b-9a26-261692f5c83c@group-24C785E9A0FC-FollowerState was interrupted: java.lang.InterruptedException: sleep interrupted
2019-10-23 12:13:32,532 [ad4d83c7-0f96-47bc-a4e8-7e5d9f844896@group-24C785E9A0FC-LeaderElection117] INFO  impl.LeaderElection (LeaderElection.java:askForVotes(178)) - ad4d83c7-0f96-47bc-a4e8-7e5d9f844896@group-24C785E9A0FC-LeaderElection117: begin an election at term 113 for -1: [3b749b59-de2a-419b-9a26-261692f5c83c:192.168.69.118:39205, ad4d83c7-0f96-47bc-a4e8-7e5d9f844896:192.168.69.118:41688, 02863277-f564-4bc6-8337-fb22627f6f1a:192.168.69.118:36850], old=null
2019-10-23 12:13:32,534 [grpc-default-executor-5] INFO  impl.RaftServerImpl (RaftServerImpl.java:setRole(184)) - 3b749b59-de2a-419b-9a26-261692f5c83c@group-24C785E9A0FC: changes role from  FOLLOWER to FOLLOWER at term 113 for recognizeCandidate:ad4d83c7-0f96-47bc-a4e8-7e5d9f844896
2019-10-23 12:13:32,534 [grpc-default-executor-5] INFO  impl.RoleInfo (RoleInfo.java:shutdownFollowerState(121)) - 3b749b59-de2a-419b-9a26-261692f5c83c: shutdown FollowerState
2019-10-23 12:13:32,534 [grpc-default-executor-3] INFO  impl.RaftServerImpl (RaftServerImpl.java:setRole(184)) - 02863277-f564-4bc6-8337-fb22627f6f1a@group-24C785E9A0FC: changes role from  FOLLOWER to FOLLOWER at term 113 for recognizeCandidate:ad4d83c7-0f96-47bc-a4e8-7e5d9f844896
2019-10-23 12:13:32,534 [grpc-default-executor-5] INFO  impl.RoleInfo (RoleInfo.java:updateAndGet(143)) - 3b749b59-de2a-419b-9a26-261692f5c83c: start FollowerState
2019-10-23 12:13:32,534 [Thread-1282] INFO  impl.FollowerState (FollowerState.java:run(117)) - 3b749b59-de2a-419b-9a26-261692f5c83c@group-24C785E9A0FC-FollowerState was interrupted: java.lang.InterruptedException: sleep interrupted
2019-10-23 12:13:32,534 [grpc-default-executor-3] INFO  impl.RoleInfo (RoleInfo.java:shutdownFollowerState(121)) - 02863277-f564-4bc6-8337-fb22627f6f1a: shutdown FollowerState
2019-10-23 12:13:32,535 [grpc-default-executor-3] INFO  impl.RoleInfo (RoleInfo.java:updateAndGet(143)) - 02863277-f564-4bc6-8337-fb22627f6f1a: start FollowerState
2019-10-23 12:13:32,535 [Thread-1283] INFO  impl.FollowerState (FollowerState.java:run(117)) - 02863277-f564-4bc6-8337-fb22627f6f1a@group-24C785E9A0FC-FollowerState was interrupted: java.lang.InterruptedException: sleep interrupted
2019-10-23 12:13:32,545 [ad4d83c7-0f96-47bc-a4e8-7e5d9f844896@group-24C785E9A0FC-LeaderElection117] INFO  impl.LeaderElection (LeaderElection.java:logAndReturn(56)) - ad4d83c7-0f96-47bc-a4e8-7e5d9f844896@group-24C785E9A0FC-LeaderElection117: Election TIMEOUT; received 0 response(s) [] and 0 exception(s); ad4d83c7-0f96-47bc-a4e8-7e5d9f844896@group-24C785E9A0FC:t113, leader=null, voted=ad4d83c7-0f96-47bc-a4e8-7e5d9f844896, raftlog=ad4d83c7-0f96-47bc-a4e8-7e5d9f844896@group-24C785E9A0FC-SegmentedRaftLog:OPENED:c-1,f-1,i0, conf=-1: [3b749b59-de2a-419b-9a26-261692f5c83c:192.168.69.118:39205, ad4d83c7-0f96-47bc-a4e8-7e5d9f844896:192.168.69.118:41688, 02863277-f564-4bc6-8337-fb22627f6f1a:192.168.69.118:36850], old=null
2019-10-23 12:13:32,549 [ad4d83c7-0f96-47bc-a4e8-7e5d9f844896@group-24C785E9A0FC-LeaderElection117] INFO  impl.LeaderElection (LeaderElection.java:askForVotes(178)) - ad4d83c7-0f96-47bc-a4e8-7e5d9f844896@group-24C785E9A0FC-LeaderElection117: begin an election at term 114 for -1: [3b749b59-de2a-419b-9a26-261692f5c83c:192.168.69.118:39205, ad4d83c7-0f96-47bc-a4e8-7e5d9f844896:192.168.69.118:41688, 02863277-f564-4bc6-8337-fb22627f6f1a:192.168.69.118:36850], old=null
2019-10-23 12:13:32,550 [grpc-default-executor-5] INFO  impl.RaftServerImpl (RaftServerImpl.java:setRole(184)) - 3b749b59-de2a-419b-9a26-261692f5c83c@group-24C785E9A0FC: changes role from  FOLLOWER to FOLLOWER at term 114 for recognizeCandidate:ad4d83c7-0f96-47bc-a4e8-7e5d9f844896
2019-10-23 12:13:32,550 [grpc-default-executor-5] INFO  impl.RoleInfo (RoleInfo.java:shutdownFollowerState(121)) - 3b749b59-de2a-419b-9a26-261692f5c83c: shutdown FollowerState
2019-10-23 12:13:32,551 [grpc-default-executor-3] INFO  impl.RaftServerImpl (RaftServerImpl.java:setRole(184)) - 02863277-f564-4bc6-8337-fb22627f6f1a@group-24C785E9A0FC: changes role from  FOLLOWER to FOLLOWER at term 114 for recognizeCandidate:ad4d83c7-0f96-47bc-a4e8-7e5d9f844896
2019-10-23 12:13:32,551 [grpc-default-executor-3] INFO  impl.RoleInfo (RoleInfo.java:shutdownFollowerState(121)) - 02863277-f564-4bc6-8337-fb22627f6f1a: shutdown FollowerState
2019-10-23 12:13:32,551 [Thread-1286] INFO  impl.FollowerState (FollowerState.java:run(117)) - 3b749b59-de2a-419b-9a26-261692f5c83c@group-24C785E9A0FC-FollowerState was interrupted: java.lang.InterruptedException: sleep interrupted
2019-10-23 12:13:32,551 [grpc-default-executor-5] INFO  impl.RoleInfo (RoleInfo.java:updateAndGet(143)) - 3b749b59-de2a-419b-9a26-261692f5c83c: start FollowerState
2019-10-23 12:13:32,551 [Thread-1287] INFO  impl.FollowerState (FollowerState.java:run(117)) - 02863277-f564-4bc6-8337-fb22627f6f1a@group-24C785E9A0FC-FollowerState was interrupted: java.lang.InterruptedException: sleep interrupted
2019-10-23 12:13:32,551 [grpc-default-executor-3] INFO  impl.RoleInfo (RoleInfo.java:updateAndGet(143)) - 02863277-f564-4bc6-8337-fb22627f6f1a: start FollowerState
2019-10-23 12:13:32,569 [ad4d83c7-0f96-47bc-a4e8-7e5d9f844896@group-24C785E9A0FC-LeaderElection117] INFO  impl.LeaderElection (LeaderElection.java:logAndReturn(56)) - ad4d83c7-0f96-47bc-a4e8-7e5d9f844896@group-24C785E9A0FC-LeaderElection117: Election REJECTED; received 2 response(s) [ad4d83c7-0f96-47bc-a4e8-7e5d9f844896<-3b749b59-de2a-419b-9a26-261692f5c83c#0:FAIL-t114, ad4d83c7-0f96-47bc-a4e8-7e5d9f844896<-02863277-f564-4bc6-8337-fb22627f6f1a#0:FAIL-t114] and 0 exception(s); ad4d83c7-0f96-47bc-a4e8-7e5d9f844896@group-24C785E9A0FC:t114, leader=null, voted=ad4d83c7-0f96-47bc-a4e8-7e5d9f844896, raftlog=ad4d83c7-0f96-47bc-a4e8-7e5d9f844896@group-24C785E9A0FC-SegmentedRaftLog:OPENED:c-1,f-1,i0, conf=-1: [3b749b59-de2a-419b-9a26-261692f5c83c:192.168.69.118:39205, ad4d83c7-0f96-47bc-a4e8-7e5d9f844896:192.168.69.118:41688, 02863277-f564-4bc6-8337-fb22627f6f1a:192.168.69.118:36850], old=null
2019-10-23 12:13:32,569 [ad4d83c7-0f96-47bc-a4e8-7e5d9f844896@group-24C785E9A0FC-LeaderElection117] INFO  impl.RaftServerImpl (RaftServerImpl.java:setRole(184)) - ad4d83c7-0f96-47bc-a4e8-7e5d9f844896@group-24C785E9A0FC: changes role from CANDIDATE to FOLLOWER at term 114 for DISCOVERED_A_NEW_TERM
2019-10-23 12:13:32,570 [ad4d83c7-0f96-47bc-a4e8-7e5d9f844896@group-24C785E9A0FC-LeaderElection117] INFO  impl.RoleInfo (RoleInfo.java:shutdownLeaderElection(134)) - ad4d83c7-0f96-47bc-a4e8-7e5d9f844896: shutdown LeaderElection
2019-10-23 12:13:32,570 [ad4d83c7-0f96-47bc-a4e8-7e5d9f844896@group-24C785E9A0FC-LeaderElection117] INFO  impl.RoleInfo (RoleInfo.java:updateAndGet(143)) - ad4d83c7-0f96-47bc-a4e8-7e5d9f844896: start FollowerState
2019-10-23 12:13:32,602 [Thread-1292] INFO  impl.FollowerState (FollowerState.java:run(108)) - ad4d83c7-0f96-47bc-a4e8-7e5d9f844896@group-24C785E9A0FC-FollowerState: change to CANDIDATE, lastRpcTime:32ms, electionTimeout:32ms
2019-10-23 12:13:32,602 [Thread-1292] INFO  impl.RoleInfo (RoleInfo.java:shutdownFollowerState(121)) - ad4d83c7-0f96-47bc-a4e8-7e5d9f844896: shutdown FollowerState
2019-10-23 12:13:32,602 [Thread-1292] INFO  impl.RaftServerImpl (RaftServerImpl.java:setRole(184)) - ad4d83c7-0f96-47bc-a4e8-7e5d9f844896@group-24C785E9A0FC: changes role from  FOLLOWER to CANDIDATE at term 114 for changeToCandidate
2019-10-23 12:13:32,602 [Thread-1292] INFO  impl.RoleInfo (RoleInfo.java:updateAndGet(143)) - ad4d83c7-0f96-47bc-a4e8-7e5d9f844896: start LeaderElection
2019-10-23 12:13:32,616 [ad4d83c7-0f96-47bc-a4e8-7e5d9f844896@group-24C785E9A0FC-LeaderElection118] INFO  impl.LeaderElection (LeaderElection.java:askForVotes(178)) - ad4d83c7-0f96-47bc-a4e8-7e5d9f844896@group-24C785E9A0FC-LeaderElection118: begin an election at term 115 for -1: [3b749b59-de2a-419b-9a26-261692f5c83c:192.168.69.118:39205, ad4d83c7-0f96-47bc-a4e8-7e5d9f844896:192.168.69.118:41688, 02863277-f564-4bc6-8337-fb22627f6f1a:192.168.69.118:36850], old=null
2019-10-23 12:13:32,618 [grpc-default-executor-3] INFO  impl.RaftServerImpl (RaftServerImpl.java:setRole(184)) - 3b749b59-de2a-419b-9a26-261692f5c83c@group-24C785E9A0FC: changes role from  FOLLOWER to FOLLOWER at term 115 for recognizeCandidate:ad4d83c7-0f96-47bc-a4e8-7e5d9f844896
2019-10-23 12:13:32,618 [grpc-default-executor-3] INFO  impl.RoleInfo (RoleInfo.java:shutdownFollowerState(121)) - 3b749b59-de2a-419b-9a26-261692f5c83c: shutdown FollowerState
2019-10-23 12:13:32,619 [grpc-default-executor-5] INFO  impl.RaftServerImpl (RaftServerImpl.java:setRole(184)) - 02863277-f564-4bc6-8337-fb22627f6f1a@group-24C785E9A0FC: changes role from  FOLLOWER to FOLLOWER at term 115 for recognizeCandidate:ad4d83c7-0f96-47bc-a4e8-7e5d9f844896
2019-10-23 12:13:32,619 [Thread-1290] INFO  impl.FollowerState (FollowerState.java:run(117)) - 3b749b59-de2a-419b-9a26-261692f5c83c@group-24C785E9A0FC-FollowerState was interrupted: java.lang.InterruptedException: sleep interrupted
2019-10-23 12:13:32,619 [grpc-default-executor-3] INFO  impl.RoleInfo (RoleInfo.java:updateAndGet(143)) - 3b749b59-de2a-419b-9a26-261692f5c83c: start FollowerState
2019-10-23 12:13:32,619 [grpc-default-executor-5] INFO  impl.RoleInfo (RoleInfo.java:shutdownFollowerState(121)) - 02863277-f564-4bc6-8337-fb22627f6f1a: shutdown FollowerState
2019-10-23 12:13:32,619 [Thread-1291] INFO  impl.FollowerState (FollowerState.java:run(117)) - 02863277-f564-4bc6-8337-fb22627f6f1a@group-24C785E9A0FC-FollowerState was interrupted: java.lang.InterruptedException: sleep interrupted
2019-10-23 12:13:32,619 [grpc-default-executor-5] INFO  impl.RoleInfo (RoleInfo.java:updateAndGet(143)) - 02863277-f564-4bc6-8337-fb22627f6f1a: start FollowerState
2019-10-23 12:13:32,644 [ad4d83c7-0f96-47bc-a4e8-7e5d9f844896@group-24C785E9A0FC-LeaderElection118] INFO  impl.LeaderElection (LeaderElection.java:logAndReturn(56)) - ad4d83c7-0f96-47bc-a4e8-7e5d9f844896@group-24C785E9A0FC-LeaderElection118: Election REJECTED; received 2 response(s) [ad4d83c7-0f96-47bc-a4e8-7e5d9f844896<-3b749b59-de2a-419b-9a26-261692f5c83c#0:FAIL-t115, ad4d83c7-0f96-47bc-a4e8-7e5d9f844896<-02863277-f564-4bc6-8337-fb22627f6f1a#0:FAIL-t115] and 0 exception(s); ad4d83c7-0f96-47bc-a4e8-7e5d9f844896@group-24C785E9A0FC:t115, leader=null, voted=ad4d83c7-0f96-47bc-a4e8-7e5d9f844896, raftlog=ad4d83c7-0f96-47bc-a4e8-7e5d9f844896@group-24C785E9A0FC-SegmentedRaftLog:OPENED:c-1,f-1,i0, conf=-1: [3b749b59-de2a-419b-9a26-261692f5c83c:192.168.69.118:39205, ad4d83c7-0f96-47bc-a4e8-7e5d9f844896:192.168.69.118:41688, 02863277-f564-4bc6-8337-fb22627f6f1a:192.168.69.118:36850], old=null
2019-10-23 12:13:32,644 [ad4d83c7-0f96-47bc-a4e8-7e5d9f844896@group-24C785E9A0FC-LeaderElection118] INFO  impl.RaftServerImpl (RaftServerImpl.java:setRole(184)) - ad4d83c7-0f96-47bc-a4e8-7e5d9f844896@group-24C785E9A0FC: changes role from CANDIDATE to FOLLOWER at term 115 for DISCOVERED_A_NEW_TERM
2019-10-23 12:13:32,644 [ad4d83c7-0f96-47bc-a4e8-7e5d9f844896@group-24C785E9A0FC-LeaderElection118] INFO  impl.RoleInfo (RoleInfo.java:shutdownLeaderElection(134)) - ad4d83c7-0f96-47bc-a4e8-7e5d9f844896: shutdown LeaderElection
2019-10-23 12:13:32,644 [ad4d83c7-0f96-47bc-a4e8-7e5d9f844896@group-24C785E9A0FC-LeaderElection118] INFO  impl.RoleInfo (RoleInfo.java:updateAndGet(143)) - ad4d83c7-0f96-47bc-a4e8-7e5d9f844896: start FollowerState
2019-10-23 12:13:32,837 [Thread-1298] INFO  impl.FollowerState (FollowerState.java:run(108)) - ad4d83c7-0f96-47bc-a4e8-7e5d9f844896@group-24C785E9A0FC-FollowerState: change to CANDIDATE, lastRpcTime:192ms, electionTimeout:192ms
2019-10-23 12:13:32,837 [Thread-1298] INFO  impl.RoleInfo (RoleInfo.java:shutdownFollowerState(121)) - ad4d83c7-0f96-47bc-a4e8-7e5d9f844896: shutdown FollowerState
2019-10-23 12:13:32,837 [Thread-1298] INFO  impl.RaftServerImpl (RaftServerImpl.java:setRole(184)) - ad4d83c7-0f96-47bc-a4e8-7e5d9f844896@group-24C785E9A0FC: changes role from  FOLLOWER to CANDIDATE at term 115 for changeToCandidate
2019-10-23 12:13:32,837 [Thread-1298] INFO  impl.RoleInfo (RoleInfo.java:updateAndGet(143)) - ad4d83c7-0f96-47bc-a4e8-7e5d9f844896: start LeaderElection
2019-10-23 12:13:32,875 [ad4d83c7-0f96-47bc-a4e8-7e5d9f844896@group-24C785E9A0FC-LeaderElection119] INFO  impl.LeaderElection (LeaderElection.java:askForVotes(178)) - ad4d83c7-0f96-47bc-a4e8-7e5d9f844896@group-24C785E9A0FC-LeaderElection119: begin an election at term 116 for -1: [3b749b59-de2a-419b-9a26-261692f5c83c:192.168.69.118:39205, ad4d83c7-0f96-47bc-a4e8-7e5d9f844896:192.168.69.118:41688, 02863277-f564-4bc6-8337-fb22627f6f1a:192.168.69.118:36850], old=null
2019-10-23 12:13:32,878 [grpc-default-executor-3] INFO  impl.RaftServerImpl (RaftServerImpl.java:setRole(184)) - 3b749b59-de2a-419b-9a26-261692f5c83c@group-24C785E9A0FC: changes role from  FOLLOWER to FOLLOWER at term 116 for recognizeCandidate:ad4d83c7-0f96-47bc-a4e8-7e5d9f844896
2019-10-23 12:13:32,878 [grpc-default-executor-3] INFO  impl.RoleInfo (RoleInfo.java:shutdownFollowerState(121)) - 3b749b59-de2a-419b-9a26-261692f5c83c: shutdown FollowerState
2019-10-23 12:13:32,878 [grpc-default-executor-3] INFO  impl.RoleInfo (RoleInfo.java:updateAndGet(143)) - 3b749b59-de2a-419b-9a26-261692f5c83c: start FollowerState
2019-10-23 12:13:32,878 [Thread-1296] INFO  impl.FollowerState (FollowerState.java:run(117)) - 3b749b59-de2a-419b-9a26-261692f5c83c@group-24C785E9A0FC-FollowerState was interrupted: java.lang.InterruptedException: sleep interrupted
2019-10-23 12:13:32,878 [grpc-default-executor-5] INFO  impl.RaftServerImpl (RaftServerImpl.java:setRole(184)) - 02863277-f564-4bc6-8337-fb22627f6f1a@group-24C785E9A0FC: changes role from  FOLLOWER to FOLLOWER at term 116 for recognizeCandidate:ad4d83c7-0f96-47bc-a4e8-7e5d9f844896
2019-10-23 12:13:32,879 [grpc-default-executor-5] INFO  impl.RoleInfo (RoleInfo.java:shutdownFollowerState(121)) - 02863277-f564-4bc6-8337-fb22627f6f1a: shutdown FollowerState
2019-10-23 12:13:32,879 [Thread-1297] INFO  impl.FollowerState (FollowerState.java:run(117)) - 02863277-f564-4bc6-8337-fb22627f6f1a@group-24C785E9A0FC-FollowerState was interrupted: java.lang.InterruptedException: sleep interrupted
2019-10-23 12:13:32,879 [grpc-default-executor-5] INFO  impl.RoleInfo (RoleInfo.java:updateAndGet(143)) - 02863277-f564-4bc6-8337-fb22627f6f1a: start FollowerState
2019-10-23 12:13:32,892 [ad4d83c7-0f96-47bc-a4e8-7e5d9f844896@group-24C785E9A0FC-LeaderElection119] INFO  impl.LeaderElection (LeaderElection.java:logAndReturn(56)) - ad4d83c7-0f96-47bc-a4e8-7e5d9f844896@group-24C785E9A0FC-LeaderElection119: Election REJECTED; received 2 response(s) [ad4d83c7-0f96-47bc-a4e8-7e5d9f844896<-3b749b59-de2a-419b-9a26-261692f5c83c#0:FAIL-t116, ad4d83c7-0f96-47bc-a4e8-7e5d9f844896<-02863277-f564-4bc6-8337-fb22627f6f1a#0:FAIL-t116] and 0 exception(s); ad4d83c7-0f96-47bc-a4e8-7e5d9f844896@group-24C785E9A0FC:t116, leader=null, voted=ad4d83c7-0f96-47bc-a4e8-7e5d9f844896, raftlog=ad4d83c7-0f96-47bc-a4e8-7e5d9f844896@group-24C785E9A0FC-SegmentedRaftLog:OPENED:c-1,f-1,i0, conf=-1: [3b749b59-de2a-419b-9a26-261692f5c83c:192.168.69.118:39205, ad4d83c7-0f96-47bc-a4e8-7e5d9f844896:192.168.69.118:41688, 02863277-f564-4bc6-8337-fb22627f6f1a:192.168.69.118:36850], old=null
2019-10-23 12:13:32,892 [ad4d83c7-0f96-47bc-a4e8-7e5d9f844896@group-24C785E9A0FC-LeaderElection119] INFO  impl.RaftServerImpl (RaftServerImpl.java:setRole(184)) - ad4d83c7-0f96-47bc-a4e8-7e5d9f844896@group-24C785E9A0FC: changes role from CANDIDATE to FOLLOWER at term 116 for DISCOVERED_A_NEW_TERM
2019-10-23 12:13:32,892 [ad4d83c7-0f96-47bc-a4e8-7e5d9f844896@group-24C785E9A0FC-LeaderElection119] INFO  impl.RoleInfo (RoleInfo.java:shutdownLeaderElection(134)) - ad4d83c7-0f96-47bc-a4e8-7e5d9f844896: shutdown LeaderElection
2019-10-23 12:13:32,893 [ad4d83c7-0f96-47bc-a4e8-7e5d9f844896@group-24C785E9A0FC-LeaderElection119] INFO  impl.RoleInfo (RoleInfo.java:updateAndGet(143)) - ad4d83c7-0f96-47bc-a4e8-7e5d9f844896: start FollowerState
2019-10-23 12:13:32,978 [Thread-1306] INFO  impl.FollowerState (FollowerState.java:run(108)) - ad4d83c7-0f96-47bc-a4e8-7e5d9f844896@group-24C785E9A0FC-FollowerState: change to CANDIDATE, lastRpcTime:85ms, electionTimeout:85ms
2019-10-23 12:13:32,978 [Thread-1306] INFO  impl.RoleInfo (RoleInfo.java:shutdownFollowerState(121)) - ad4d83c7-0f96-47bc-a4e8-7e5d9f844896: shutdown FollowerState
2019-10-23 12:13:32,978 [Thread-1306] INFO  impl.RaftServerImpl (RaftServerImpl.java:setRole(184)) - ad4d83c7-0f96-47bc-a4e8-7e5d9f844896@group-24C785E9A0FC: changes role from  FOLLOWER to CANDIDATE at term 116 for changeToCandidate
2019-10-23 12:13:32,978 [Thread-1306] INFO  impl.RoleInfo (RoleInfo.java:updateAndGet(143)) - ad4d83c7-0f96-47bc-a4e8-7e5d9f844896: start LeaderElection
2019-10-23 12:13:32,987 [ad4d83c7-0f96-47bc-a4e8-7e5d9f844896@group-24C785E9A0FC-LeaderElection120] INFO  impl.LeaderElection (LeaderElection.java:askForVotes(178)) - ad4d83c7-0f96-47bc-a4e8-7e5d9f844896@group-24C785E9A0FC-LeaderElection120: begin an election at term 117 for -1: [3b749b59-de2a-419b-9a26-261692f5c83c:192.168.69.118:39205, ad4d83c7-0f96-47bc-a4e8-7e5d9f844896:192.168.69.118:41688, 02863277-f564-4bc6-8337-fb22627f6f1a:192.168.69.118:36850], old=null
2019-10-23 12:13:32,989 [grpc-default-executor-5] INFO  impl.RaftServerImpl (RaftServerImpl.java:setRole(184)) - 3b749b59-de2a-419b-9a26-261692f5c83c@group-24C785E9A0FC: changes role from  FOLLOWER to FOLLOWER at term 117 for recognizeCandidate:ad4d83c7-0f96-47bc-a4e8-7e5d9f844896
2019-10-23 12:13:32,989 [grpc-default-executor-3] INFO  impl.RaftServerImpl (RaftServerImpl.java:setRole(184)) - 02863277-f564-4bc6-8337-fb22627f6f1a@group-24C785E9A0FC: changes role from  FOLLOWER to FOLLOWER at term 117 for recognizeCandidate:ad4d83c7-0f96-47bc-a4e8-7e5d9f844896
2019-10-23 12:13:32,989 [grpc-default-executor-5] INFO  impl.RoleInfo (RoleInfo.java:shutdownFollowerState(121)) - 3b749b59-de2a-419b-9a26-261692f5c83c: shutdown FollowerState
2019-10-23 12:13:32,990 [grpc-default-executor-3] INFO  impl.RoleInfo (RoleInfo.java:shutdownFollowerState(121)) - 02863277-f564-4bc6-8337-fb22627f6f1a: shutdown FollowerState
2019-10-23 12:13:32,990 [Thread-1304] INFO  impl.FollowerState (FollowerState.java:run(117)) - 3b749b59-de2a-419b-9a26-261692f5c83c@group-24C785E9A0FC-FollowerState was interrupted: java.lang.InterruptedException: sleep interrupted
2019-10-23 12:13:32,990 [Thread-1305] INFO  impl.FollowerState (FollowerState.java:run(117)) - 02863277-f564-4bc6-8337-fb22627f6f1a@group-24C785E9A0FC-FollowerState was interrupted: java.lang.InterruptedException: sleep interrupted
2019-10-23 12:13:32,990 [grpc-default-executor-5] INFO  impl.RoleInfo (RoleInfo.java:updateAndGet(143)) - 3b749b59-de2a-419b-9a26-261692f5c83c: start FollowerState
2019-10-23 12:13:32,990 [grpc-default-executor-3] INFO  impl.RoleInfo (RoleInfo.java:updateAndGet(143)) - 02863277-f564-4bc6-8337-fb22627f6f1a: start FollowerState
2019-10-23 12:13:33,005 [ad4d83c7-0f96-47bc-a4e8-7e5d9f844896@group-24C785E9A0FC-LeaderElection120] INFO  impl.LeaderElection (LeaderElection.java:logAndReturn(56)) - ad4d83c7-0f96-47bc-a4e8-7e5d9f844896@group-24C785E9A0FC-LeaderElection120: Election REJECTED; received 2 response(s) [ad4d83c7-0f96-47bc-a4e8-7e5d9f844896<-3b749b59-de2a-419b-9a26-261692f5c83c#0:FAIL-t117, ad4d83c7-0f96-47bc-a4e8-7e5d9f844896<-02863277-f564-4bc6-8337-fb22627f6f1a#0:FAIL-t117] and 0 exception(s); ad4d83c7-0f96-47bc-a4e8-7e5d9f844896@group-24C785E9A0FC:t117, leader=null, voted=ad4d83c7-0f96-47bc-a4e8-7e5d9f844896, raftlog=ad4d83c7-0f96-47bc-a4e8-7e5d9f844896@group-24C785E9A0FC-SegmentedRaftLog:OPENED:c-1,f-1,i0, conf=-1: [3b749b59-de2a-419b-9a26-261692f5c83c:192.168.69.118:39205, ad4d83c7-0f96-47bc-a4e8-7e5d9f844896:192.168.69.118:41688, 02863277-f564-4bc6-8337-fb22627f6f1a:192.168.69.118:36850], old=null
2019-10-23 12:13:33,005 [ad4d83c7-0f96-47bc-a4e8-7e5d9f844896@group-24C785E9A0FC-LeaderElection120] INFO  impl.RaftServerImpl (RaftServerImpl.java:setRole(184)) - ad4d83c7-0f96-47bc-a4e8-7e5d9f844896@group-24C785E9A0FC: changes role from CANDIDATE to FOLLOWER at term 117 for DISCOVERED_A_NEW_TERM
2019-10-23 12:13:33,005 [ad4d83c7-0f96-47bc-a4e8-7e5d9f844896@group-24C785E9A0FC-LeaderElection120] INFO  impl.RoleInfo (RoleInfo.java:shutdownLeaderElection(134)) - ad4d83c7-0f96-47bc-a4e8-7e5d9f844896: shutdown LeaderElection
2019-10-23 12:13:33,006 [ad4d83c7-0f96-47bc-a4e8-7e5d9f844896@group-24C785E9A0FC-LeaderElection120] INFO  impl.RoleInfo (RoleInfo.java:updateAndGet(143)) - ad4d83c7-0f96-47bc-a4e8-7e5d9f844896: start FollowerState
2019-10-23 12:13:33,149 [Thread-1312] INFO  impl.FollowerState (FollowerState.java:run(108)) - ad4d83c7-0f96-47bc-a4e8-7e5d9f844896@group-24C785E9A0FC-FollowerState: change to CANDIDATE, lastRpcTime:143ms, electionTimeout:143ms
2019-10-23 12:13:33,149 [Thread-1312] INFO  impl.RoleInfo (RoleInfo.java:shutdownFollowerState(121)) - ad4d83c7-0f96-47bc-a4e8-7e5d9f844896: shutdown FollowerState
2019-10-23 12:13:33,149 [Thread-1312] INFO  impl.RaftServerImpl (RaftServerImpl.java:setRole(184)) - ad4d83c7-0f96-47bc-a4e8-7e5d9f844896@group-24C785E9A0FC: changes role from  FOLLOWER to CANDIDATE at term 117 for changeToCandidate
2019-10-23 12:13:33,149 [Thread-1312] INFO  impl.RoleInfo (RoleInfo.java:updateAndGet(143)) - ad4d83c7-0f96-47bc-a4e8-7e5d9f844896: start LeaderElection
2019-10-23 12:13:33,163 [ad4d83c7-0f96-47bc-a4e8-7e5d9f844896@group-24C785E9A0FC-LeaderElection121] INFO  impl.LeaderElection (LeaderElection.java:askForVotes(178)) - ad4d83c7-0f96-47bc-a4e8-7e5d9f844896@group-24C785E9A0FC-LeaderElection121: begin an election at term 118 for -1: [3b749b59-de2a-419b-9a26-261692f5c83c:192.168.69.118:39205, ad4d83c7-0f96-47bc-a4e8-7e5d9f844896:192.168.69.118:41688, 02863277-f564-4bc6-8337-fb22627f6f1a:192.168.69.118:36850], old=null
2019-10-23 12:13:33,165 [grpc-default-executor-5] INFO  impl.RaftServerImpl (RaftServerImpl.java:setRole(184)) - 3b749b59-de2a-419b-9a26-261692f5c83c@group-24C785E9A0FC: changes role from  FOLLOWER to FOLLOWER at term 118 for recognizeCandidate:ad4d83c7-0f96-47bc-a4e8-7e5d9f844896
2019-10-23 12:13:33,165 [grpc-default-executor-5] INFO  impl.RoleInfo (RoleInfo.java:shutdownFollowerState(121)) - 3b749b59-de2a-419b-9a26-261692f5c83c: shutdown FollowerState
2019-10-23 12:13:33,165 [grpc-default-executor-5] INFO  impl.RoleInfo (RoleInfo.java:updateAndGet(143)) - 3b749b59-de2a-419b-9a26-261692f5c83c: start FollowerState
2019-10-23 12:13:33,165 [grpc-default-executor-3] INFO  impl.RaftServerImpl (RaftServerImpl.java:setRole(184)) - 02863277-f564-4bc6-8337-fb22627f6f1a@group-24C785E9A0FC: changes role from  FOLLOWER to FOLLOWER at term 118 for recognizeCandidate:ad4d83c7-0f96-47bc-a4e8-7e5d9f844896
2019-10-23 12:13:33,165 [grpc-default-executor-3] INFO  impl.RoleInfo (RoleInfo.java:shutdownFollowerState(121)) - 02863277-f564-4bc6-8337-fb22627f6f1a: shutdown FollowerState
2019-10-23 12:13:33,165 [Thread-1310] INFO  impl.FollowerState (FollowerState.java:run(117)) - 3b749b59-de2a-419b-9a26-261692f5c83c@group-24C785E9A0FC-FollowerState was interrupted: java.lang.InterruptedException: sleep interrupted
2019-10-23 12:13:33,165 [Thread-1311] INFO  impl.FollowerState (FollowerState.java:run(117)) - 02863277-f564-4bc6-8337-fb22627f6f1a@group-24C785E9A0FC-FollowerState was interrupted: java.lang.InterruptedException: sleep interrupted
2019-10-23 12:13:33,165 [grpc-default-executor-3] INFO  impl.RoleInfo (RoleInfo.java:updateAndGet(143)) - 02863277-f564-4bc6-8337-fb22627f6f1a: start FollowerState
2019-10-23 12:13:33,180 [ad4d83c7-0f96-47bc-a4e8-7e5d9f844896@group-24C785E9A0FC-LeaderElection121] INFO  impl.LeaderElection (LeaderElection.java:logAndReturn(56)) - ad4d83c7-0f96-47bc-a4e8-7e5d9f844896@group-24C785E9A0FC-LeaderElection121: Election REJECTED; received 2 response(s) [ad4d83c7-0f96-47bc-a4e8-7e5d9f844896<-3b749b59-de2a-419b-9a26-261692f5c83c#0:FAIL-t118, ad4d83c7-0f96-47bc-a4e8-7e5d9f844896<-02863277-f564-4bc6-8337-fb22627f6f1a#0:FAIL-t118] and 0 exception(s); ad4d83c7-0f96-47bc-a4e8-7e5d9f844896@group-24C785E9A0FC:t118, leader=null, voted=ad4d83c7-0f96-47bc-a4e8-7e5d9f844896, raftlog=ad4d83c7-0f96-47bc-a4e8-7e5d9f844896@group-24C785E9A0FC-SegmentedRaftLog:OPENED:c-1,f-1,i0, conf=-1: [3b749b59-de2a-419b-9a26-261692f5c83c:192.168.69.118:39205, ad4d83c7-0f96-47bc-a4e8-7e5d9f844896:192.168.69.118:41688, 02863277-f564-4bc6-8337-fb22627f6f1a:192.168.69.118:36850], old=null
2019-10-23 12:13:33,180 [ad4d83c7-0f96-47bc-a4e8-7e5d9f844896@group-24C785E9A0FC-LeaderElection121] INFO  impl.RaftServerImpl (RaftServerImpl.java:setRole(184)) - ad4d83c7-0f96-47bc-a4e8-7e5d9f844896@group-24C785E9A0FC: changes role from CANDIDATE to FOLLOWER at term 118 for DISCOVERED_A_NEW_TERM
2019-10-23 12:13:33,180 [ad4d83c7-0f96-47bc-a4e8-7e5d9f844896@group-24C785E9A0FC-LeaderElection121] INFO  impl.RoleInfo (RoleInfo.java:shutdownLeaderElection(134)) - ad4d83c7-0f96-47bc-a4e8-7e5d9f844896: shutdown LeaderElection
2019-10-23 12:13:33,180 [ad4d83c7-0f96-47bc-a4e8-7e5d9f844896@group-24C785E9A0FC-LeaderElection121] INFO  impl.RoleInfo (RoleInfo.java:updateAndGet(143)) - ad4d83c7-0f96-47bc-a4e8-7e5d9f844896: start FollowerState
2019-10-23 12:13:33,315 [Thread-1320] INFO  impl.FollowerState (FollowerState.java:run(108)) - ad4d83c7-0f96-47bc-a4e8-7e5d9f844896@group-24C785E9A0FC-FollowerState: change to CANDIDATE, lastRpcTime:135ms, electionTimeout:135ms
2019-10-23 12:13:33,315 [Thread-1320] INFO  impl.RoleInfo (RoleInfo.java:shutdownFollowerState(121)) - ad4d83c7-0f96-47bc-a4e8-7e5d9f844896: shutdown FollowerState
2019-10-23 12:13:33,315 [Thread-1320] INFO  impl.RaftServerImpl (RaftServerImpl.java:setRole(184)) - ad4d83c7-0f96-47bc-a4e8-7e5d9f844896@group-24C785E9A0FC: changes role from  FOLLOWER to CANDIDATE at term 118 for changeToCandidate
2019-10-23 12:13:33,316 [Thread-1320] INFO  impl.RoleInfo (RoleInfo.java:updateAndGet(143)) - ad4d83c7-0f96-47bc-a4e8-7e5d9f844896: start LeaderElection
2019-10-23 12:13:33,320 [ad4d83c7-0f96-47bc-a4e8-7e5d9f844896@group-24C785E9A0FC-LeaderElection122] INFO  impl.LeaderElection (LeaderElection.java:askForVotes(178)) - ad4d83c7-0f96-47bc-a4e8-7e5d9f844896@group-24C785E9A0FC-LeaderElection122: begin an election at term 119 for -1: [3b749b59-de2a-419b-9a26-261692f5c83c:192.168.69.118:39205, ad4d83c7-0f96-47bc-a4e8-7e5d9f844896:192.168.69.118:41688, 02863277-f564-4bc6-8337-fb22627f6f1a:192.168.69.118:36850], old=null
2019-10-23 12:13:33,322 [grpc-default-executor-5] INFO  impl.RaftServerImpl (RaftServerImpl.java:setRole(184)) - 3b749b59-de2a-419b-9a26-261692f5c83c@group-24C785E9A0FC: changes role from  FOLLOWER to FOLLOWER at term 119 for recognizeCandidate:ad4d83c7-0f96-47bc-a4e8-7e5d9f844896
2019-10-23 12:13:33,322 [grpc-default-executor-3] INFO  impl.RaftServerImpl (RaftServerImpl.java:setRole(184)) - 02863277-f564-4bc6-8337-fb22627f6f1a@group-24C785E9A0FC: changes role from  FOLLOWER to FOLLOWER at term 119 for recognizeCandidate:ad4d83c7-0f96-47bc-a4e8-7e5d9f844896
2019-10-23 12:13:33,322 [grpc-default-executor-5] INFO  impl.RoleInfo (RoleInfo.java:shutdownFollowerState(121)) - 3b749b59-de2a-419b-9a26-261692f5c83c: shutdown FollowerState
2019-10-23 12:13:33,322 [grpc-default-executor-3] INFO  impl.RoleInfo (RoleInfo.java:shutdownFollowerState(121)) - 02863277-f564-4bc6-8337-fb22627f6f1a: shutdown FollowerState
2019-10-23 12:13:33,322 [Thread-1318] INFO  impl.FollowerState (FollowerState.java:run(117)) - 3b749b59-de2a-419b-9a26-261692f5c83c@group-24C785E9A0FC-FollowerState was interrupted: java.lang.InterruptedException: sleep interrupted
2019-10-23 12:13:33,322 [grpc-default-executor-5] INFO  impl.RoleInfo (RoleInfo.java:updateAndGet(143)) - 3b749b59-de2a-419b-9a26-261692f5c83c: start FollowerState
2019-10-23 12:13:33,322 [Thread-1319] INFO  impl.FollowerState (FollowerState.java:run(117)) - 02863277-f564-4bc6-8337-fb22627f6f1a@group-24C785E9A0FC-FollowerState was interrupted: java.lang.InterruptedException: sleep interrupted
2019-10-23 12:13:33,322 [grpc-default-executor-3] INFO  impl.RoleInfo (RoleInfo.java:updateAndGet(143)) - 02863277-f564-4bc6-8337-fb22627f6f1a: start FollowerState
2019-10-23 12:13:33,350 [ad4d83c7-0f96-47bc-a4e8-7e5d9f844896@group-24C785E9A0FC-LeaderElection122] INFO  impl.LeaderElection (LeaderElection.java:logAndReturn(56)) - ad4d83c7-0f96-47bc-a4e8-7e5d9f844896@group-24C785E9A0FC-LeaderElection122: Election REJECTED; received 2 response(s) [ad4d83c7-0f96-47bc-a4e8-7e5d9f844896<-3b749b59-de2a-419b-9a26-261692f5c83c#0:FAIL-t119, ad4d83c7-0f96-47bc-a4e8-7e5d9f844896<-02863277-f564-4bc6-8337-fb22627f6f1a#0:FAIL-t119] and 0 exception(s); ad4d83c7-0f96-47bc-a4e8-7e5d9f844896@group-24C785E9A0FC:t119, leader=null, voted=ad4d83c7-0f96-47bc-a4e8-7e5d9f844896, raftlog=ad4d83c7-0f96-47bc-a4e8-7e5d9f844896@group-24C785E9A0FC-SegmentedRaftLog:OPENED:c-1,f-1,i0, conf=-1: [3b749b59-de2a-419b-9a26-261692f5c83c:192.168.69.118:39205, ad4d83c7-0f96-47bc-a4e8-7e5d9f844896:192.168.69.118:41688, 02863277-f564-4bc6-8337-fb22627f6f1a:192.168.69.118:36850], old=null
2019-10-23 12:13:33,350 [ad4d83c7-0f96-47bc-a4e8-7e5d9f844896@group-24C785E9A0FC-LeaderElection122] INFO  impl.RaftServerImpl (RaftServerImpl.java:setRole(184)) - ad4d83c7-0f96-47bc-a4e8-7e5d9f844896@group-24C785E9A0FC: changes role from CANDIDATE to FOLLOWER at term 119 for DISCOVERED_A_NEW_TERM
2019-10-23 12:13:33,350 [ad4d83c7-0f96-47bc-a4e8-7e5d9f844896@group-24C785E9A0FC-LeaderElection122] INFO  impl.RoleInfo (RoleInfo.java:shutdownLeaderElection(134)) - ad4d83c7-0f96-47bc-a4e8-7e5d9f844896: shutdown LeaderElection
2019-10-23 12:13:33,351 [ad4d83c7-0f96-47bc-a4e8-7e5d9f844896@group-24C785E9A0FC-LeaderElection122] INFO  impl.RoleInfo (RoleInfo.java:updateAndGet(143)) - ad4d83c7-0f96-47bc-a4e8-7e5d9f844896: start FollowerState
2019-10-23 12:13:33,432 [Thread-1328] INFO  impl.FollowerState (FollowerState.java:run(108)) - ad4d83c7-0f96-47bc-a4e8-7e5d9f844896@group-24C785E9A0FC-FollowerState: change to CANDIDATE, lastRpcTime:81ms, electionTimeout:81ms
2019-10-23 12:13:33,432 [Thread-1328] INFO  impl.RoleInfo (RoleInfo.java:shutdownFollowerState(121)) - ad4d83c7-0f96-47bc-a4e8-7e5d9f844896: shutdown FollowerState
2019-10-23 12:13:33,432 [Thread-1328] INFO  impl.RaftServerImpl (RaftServerImpl.java:setRole(184)) - ad4d83c7-0f96-47bc-a4e8-7e5d9f844896@group-24C785E9A0FC: changes role from  FOLLOWER to CANDIDATE at term 119 for changeToCandidate
2019-10-23 12:13:33,432 [Thread-1328] INFO  impl.RoleInfo (RoleInfo.java:updateAndGet(143)) - ad4d83c7-0f96-47bc-a4e8-7e5d9f844896: start LeaderElection
2019-10-23 12:13:33,438 [ad4d83c7-0f96-47bc-a4e8-7e5d9f844896@group-24C785E9A0FC-LeaderElection123] INFO  impl.LeaderElection (LeaderElection.java:askForVotes(178)) - ad4d83c7-0f96-47bc-a4e8-7e5d9f844896@group-24C785E9A0FC-LeaderElection123: begin an election at term 120 for -1: [3b749b59-de2a-419b-9a26-261692f5c83c:192.168.69.118:39205, ad4d83c7-0f96-47bc-a4e8-7e5d9f844896:192.168.69.118:41688, 02863277-f564-4bc6-8337-fb22627f6f1a:192.168.69.118:36850], old=null
2019-10-23 12:13:33,440 [grpc-default-executor-3] INFO  impl.RaftServerImpl (RaftServerImpl.java:setRole(184)) - 02863277-f564-4bc6-8337-fb22627f6f1a@group-24C785E9A0FC: changes role from  FOLLOWER to FOLLOWER at term 120 for recognizeCandidate:ad4d83c7-0f96-47bc-a4e8-7e5d9f844896
2019-10-23 12:13:33,440 [grpc-default-executor-5] INFO  impl.RaftServerImpl (RaftServerImpl.java:setRole(184)) - 3b749b59-de2a-419b-9a26-261692f5c83c@group-24C785E9A0FC: changes role from  FOLLOWER to FOLLOWER at term 120 for recognizeCandidate:ad4d83c7-0f96-47bc-a4e8-7e5d9f844896
2019-10-23 12:13:33,440 [grpc-default-executor-3] INFO  impl.RoleInfo (RoleInfo.java:shutdownFollowerState(121)) - 02863277-f564-4bc6-8337-fb22627f6f1a: shutdown FollowerState
2019-10-23 12:13:33,440 [grpc-default-executor-5] INFO  impl.RoleInfo (RoleInfo.java:shutdownFollowerState(121)) - 3b749b59-de2a-419b-9a26-261692f5c83c: shutdown FollowerState
2019-10-23 12:13:33,440 [Thread-1327] INFO  impl.FollowerState (FollowerState.java:run(117)) - 02863277-f564-4bc6-8337-fb22627f6f1a@group-24C785E9A0FC-FollowerState was interrupted: java.lang.InterruptedException: sleep interrupted
2019-10-23 12:13:33,440 [grpc-default-executor-3] INFO  impl.RoleInfo (RoleInfo.java:updateAndGet(143)) - 02863277-f564-4bc6-8337-fb22627f6f1a: start FollowerState
2019-10-23 12:13:33,440 [Thread-1326] INFO  impl.FollowerState (FollowerState.java:run(117)) - 3b749b59-de2a-419b-9a26-261692f5c83c@group-24C785E9A0FC-FollowerState was interrupted: java.lang.InterruptedException: sleep interrupted
2019-10-23 12:13:33,440 [grpc-default-executor-5] INFO  impl.RoleInfo (RoleInfo.java:updateAndGet(143)) - 3b749b59-de2a-419b-9a26-261692f5c83c: start FollowerState
2019-10-23 12:13:33,456 [ad4d83c7-0f96-47bc-a4e8-7e5d9f844896@group-24C785E9A0FC-LeaderElection123] INFO  impl.LeaderElection (LeaderElection.java:logAndReturn(56)) - ad4d83c7-0f96-47bc-a4e8-7e5d9f844896@group-24C785E9A0FC-LeaderElection123: Election REJECTED; received 2 response(s) [ad4d83c7-0f96-47bc-a4e8-7e5d9f844896<-3b749b59-de2a-419b-9a26-261692f5c83c#0:FAIL-t120, ad4d83c7-0f96-47bc-a4e8-7e5d9f844896<-02863277-f564-4bc6-8337-fb22627f6f1a#0:FAIL-t120] and 0 exception(s); ad4d83c7-0f96-47bc-a4e8-7e5d9f844896@group-24C785E9A0FC:t120, leader=null, voted=ad4d83c7-0f96-47bc-a4e8-7e5d9f844896, raftlog=ad4d83c7-0f96-47bc-a4e8-7e5d9f844896@group-24C785E9A0FC-SegmentedRaftLog:OPENED:c-1,f-1,i0, conf=-1: [3b749b59-de2a-419b-9a26-261692f5c83c:192.168.69.118:39205, ad4d83c7-0f96-47bc-a4e8-7e5d9f844896:192.168.69.118:41688, 02863277-f564-4bc6-8337-fb22627f6f1a:192.168.69.118:36850], old=null
2019-10-23 12:13:33,456 [ad4d83c7-0f96-47bc-a4e8-7e5d9f844896@group-24C785E9A0FC-LeaderElection123] INFO  impl.RaftServerImpl (RaftServerImpl.java:setRole(184)) - ad4d83c7-0f96-47bc-a4e8-7e5d9f844896@group-24C785E9A0FC: changes role from CANDIDATE to FOLLOWER at term 120 for DISCOVERED_A_NEW_TERM
2019-10-23 12:13:33,457 [ad4d83c7-0f96-47bc-a4e8-7e5d9f844896@group-24C785E9A0FC-LeaderElection123] INFO  impl.RoleInfo (RoleInfo.java:shutdownLeaderElection(134)) - ad4d83c7-0f96-47bc-a4e8-7e5d9f844896: shutdown LeaderElection
2019-10-23 12:13:33,457 [ad4d83c7-0f96-47bc-a4e8-7e5d9f844896@group-24C785E9A0FC-LeaderElection123] INFO  impl.RoleInfo (RoleInfo.java:updateAndGet(143)) - ad4d83c7-0f96-47bc-a4e8-7e5d9f844896: start FollowerState
2019-10-23 12:13:33,556 [Thread-1334] INFO  impl.FollowerState (FollowerState.java:run(108)) - ad4d83c7-0f96-47bc-a4e8-7e5d9f844896@group-24C785E9A0FC-FollowerState: change to CANDIDATE, lastRpcTime:99ms, electionTimeout:99ms
2019-10-23 12:13:33,556 [Thread-1334] INFO  impl.RoleInfo (RoleInfo.java:shutdownFollowerState(121)) - ad4d83c7-0f96-47bc-a4e8-7e5d9f844896: shutdown FollowerState
2019-10-23 12:13:33,556 [Thread-1334] INFO  impl.RaftServerImpl (RaftServerImpl.java:setRole(184)) - ad4d83c7-0f96-47bc-a4e8-7e5d9f844896@group-24C785E9A0FC: changes role from  FOLLOWER to CANDIDATE at term 120 for changeToCandidate
2019-10-23 12:13:33,556 [Thread-1334] INFO  impl.RoleInfo (RoleInfo.java:updateAndGet(143)) - ad4d83c7-0f96-47bc-a4e8-7e5d9f844896: start LeaderElection
2019-10-23 12:13:33,561 [ad4d83c7-0f96-47bc-a4e8-7e5d9f844896@group-24C785E9A0FC-LeaderElection124] INFO  impl.LeaderElection (LeaderElection.java:askForVotes(178)) - ad4d83c7-0f96-47bc-a4e8-7e5d9f844896@group-24C785E9A0FC-LeaderElection124: begin an election at term 121 for -1: [3b749b59-de2a-419b-9a26-261692f5c83c:192.168.69.118:39205, ad4d83c7-0f96-47bc-a4e8-7e5d9f844896:192.168.69.118:41688, 02863277-f564-4bc6-8337-fb22627f6f1a:192.168.69.118:36850], old=null
2019-10-23 12:13:33,563 [grpc-default-executor-3] INFO  impl.RaftServerImpl (RaftServerImpl.java:setRole(184)) - 02863277-f564-4bc6-8337-fb22627f6f1a@group-24C785E9A0FC: changes role from  FOLLOWER to FOLLOWER at term 121 for recognizeCandidate:ad4d83c7-0f96-47bc-a4e8-7e5d9f844896
2019-10-23 12:13:33,563 [grpc-default-executor-5] INFO  impl.RaftServerImpl (RaftServerImpl.java:setRole(184)) - 3b749b59-de2a-419b-9a26-261692f5c83c@group-24C785E9A0FC: changes role from  FOLLOWER to FOLLOWER at term 121 for recognizeCandidate:ad4d83c7-0f96-47bc-a4e8-7e5d9f844896
2019-10-23 12:13:33,563 [grpc-default-executor-3] INFO  impl.RoleInfo (RoleInfo.java:shutdownFollowerState(121)) - 02863277-f564-4bc6-8337-fb22627f6f1a: shutdown FollowerState
2019-10-23 12:13:33,563 [grpc-default-executor-5] INFO  impl.RoleInfo (RoleInfo.java:shutdownFollowerState(121)) - 3b749b59-de2a-419b-9a26-261692f5c83c: shutdown FollowerState
2019-10-23 12:13:33,563 [Thread-1332] INFO  impl.FollowerState (FollowerState.java:run(117)) - 02863277-f564-4bc6-8337-fb22627f6f1a@group-24C785E9A0FC-FollowerState was interrupted: java.lang.InterruptedException: sleep interrupted
2019-10-23 12:13:33,563 [grpc-default-executor-3] INFO  impl.RoleInfo (RoleInfo.java:updateAndGet(143)) - 02863277-f564-4bc6-8337-fb22627f6f1a: start FollowerState
2019-10-23 12:13:33,563 [Thread-1333] INFO  impl.FollowerState (FollowerState.java:run(117)) - 3b749b59-de2a-419b-9a26-261692f5c83c@group-24C785E9A0FC-FollowerState was interrupted: java.lang.InterruptedException: sleep interrupted
2019-10-23 12:13:33,563 [grpc-default-executor-5] INFO  impl.RoleInfo (RoleInfo.java:updateAndGet(143)) - 3b749b59-de2a-419b-9a26-261692f5c83c: start FollowerState
2019-10-23 12:13:33,569 [ad4d83c7-0f96-47bc-a4e8-7e5d9f844896@group-24C785E9A0FC-LeaderElection124] INFO  impl.LeaderElection (LeaderElection.java:logAndReturn(56)) - ad4d83c7-0f96-47bc-a4e8-7e5d9f844896@group-24C785E9A0FC-LeaderElection124: Election REJECTED; received 2 response(s) [ad4d83c7-0f96-47bc-a4e8-7e5d9f844896<-3b749b59-de2a-419b-9a26-261692f5c83c#0:FAIL-t121, ad4d83c7-0f96-47bc-a4e8-7e5d9f844896<-02863277-f564-4bc6-8337-fb22627f6f1a#0:FAIL-t121] and 0 exception(s); ad4d83c7-0f96-47bc-a4e8-7e5d9f844896@group-24C785E9A0FC:t121, leader=null, voted=ad4d83c7-0f96-47bc-a4e8-7e5d9f844896, raftlog=ad4d83c7-0f96-47bc-a4e8-7e5d9f844896@group-24C785E9A0FC-SegmentedRaftLog:OPENED:c-1,f-1,i0, conf=-1: [3b749b59-de2a-419b-9a26-261692f5c83c:192.168.69.118:39205, ad4d83c7-0f96-47bc-a4e8-7e5d9f844896:192.168.69.118:41688, 02863277-f564-4bc6-8337-fb22627f6f1a:192.168.69.118:36850], old=null
2019-10-23 12:13:33,569 [ad4d83c7-0f96-47bc-a4e8-7e5d9f844896@group-24C785E9A0FC-LeaderElection124] INFO  impl.RaftServerImpl (RaftServerImpl.java:setRole(184)) - ad4d83c7-0f96-47bc-a4e8-7e5d9f844896@group-24C785E9A0FC: changes role from CANDIDATE to FOLLOWER at term 121 for DISCOVERED_A_NEW_TERM
2019-10-23 12:13:33,569 [ad4d83c7-0f96-47bc-a4e8-7e5d9f844896@group-24C785E9A0FC-LeaderElection124] INFO  impl.RoleInfo (RoleInfo.java:shutdownLeaderElection(134)) - ad4d83c7-0f96-47bc-a4e8-7e5d9f844896: shutdown LeaderElection
2019-10-23 12:13:33,570 [ad4d83c7-0f96-47bc-a4e8-7e5d9f844896@group-24C785E9A0FC-LeaderElection124] INFO  impl.RoleInfo (RoleInfo.java:updateAndGet(143)) - ad4d83c7-0f96-47bc-a4e8-7e5d9f844896: start FollowerState
2019-10-23 12:13:33,718 [Thread-1342] INFO  impl.FollowerState (FollowerState.java:run(108)) - ad4d83c7-0f96-47bc-a4e8-7e5d9f844896@group-24C785E9A0FC-FollowerState: change to CANDIDATE, lastRpcTime:148ms, electionTimeout:148ms
2019-10-23 12:13:33,718 [Thread-1342] INFO  impl.RoleInfo (RoleInfo.java:shutdownFollowerState(121)) - ad4d83c7-0f96-47bc-a4e8-7e5d9f844896: shutdown FollowerState
2019-10-23 12:13:33,718 [Thread-1342] INFO  impl.RaftServerImpl (RaftServerImpl.java:setRole(184)) - ad4d83c7-0f96-47bc-a4e8-7e5d9f844896@group-24C785E9A0FC: changes role from  FOLLOWER to CANDIDATE at term 121 for changeToCandidate
2019-10-23 12:13:33,718 [Thread-1342] INFO  impl.RoleInfo (RoleInfo.java:updateAndGet(143)) - ad4d83c7-0f96-47bc-a4e8-7e5d9f844896: start LeaderElection
2019-10-23 12:13:33,729 [ad4d83c7-0f96-47bc-a4e8-7e5d9f844896@group-24C785E9A0FC-LeaderElection125] INFO  impl.LeaderElection (LeaderElection.java:askForVotes(178)) - ad4d83c7-0f96-47bc-a4e8-7e5d9f844896@group-24C785E9A0FC-LeaderElection125: begin an election at term 122 for -1: [3b749b59-de2a-419b-9a26-261692f5c83c:192.168.69.118:39205, ad4d83c7-0f96-47bc-a4e8-7e5d9f844896:192.168.69.118:41688, 02863277-f564-4bc6-8337-fb22627f6f1a:192.168.69.118:36850], old=null
2019-10-23 12:13:33,731 [grpc-default-executor-3] INFO  impl.RaftServerImpl (RaftServerImpl.java:setRole(184)) - 02863277-f564-4bc6-8337-fb22627f6f1a@group-24C785E9A0FC: changes role from  FOLLOWER to FOLLOWER at term 122 for recognizeCandidate:ad4d83c7-0f96-47bc-a4e8-7e5d9f844896
2019-10-23 12:13:33,731 [grpc-default-executor-5] INFO  impl.RaftServerImpl (RaftServerImpl.java:setRole(184)) - 3b749b59-de2a-419b-9a26-261692f5c83c@group-24C785E9A0FC: changes role from  FOLLOWER to FOLLOWER at term 122 for recognizeCandidate:ad4d83c7-0f96-47bc-a4e8-7e5d9f844896
2019-10-23 12:13:33,731 [grpc-default-executor-3] INFO  impl.RoleInfo (RoleInfo.java:shutdownFollowerState(121)) - 02863277-f564-4bc6-8337-fb22627f6f1a: shutdown FollowerState
2019-10-23 12:13:33,731 [grpc-default-executor-5] INFO  impl.RoleInfo (RoleInfo.java:shutdownFollowerState(121)) - 3b749b59-de2a-419b-9a26-261692f5c83c: shutdown FollowerState
2019-10-23 12:13:33,731 [Thread-1340] INFO  impl.FollowerState (FollowerState.java:run(117)) - 02863277-f564-4bc6-8337-fb22627f6f1a@group-24C785E9A0FC-FollowerState was interrupted: java.lang.InterruptedException: sleep interrupted
2019-10-23 12:13:33,731 [grpc-default-executor-3] INFO  impl.RoleInfo (RoleInfo.java:updateAndGet(143)) - 02863277-f564-4bc6-8337-fb22627f6f1a: start FollowerState
2019-10-23 12:13:33,731 [Thread-1341] INFO  impl.FollowerState (FollowerState.java:run(117)) - 3b749b59-de2a-419b-9a26-261692f5c83c@group-24C785E9A0FC-FollowerState was interrupted: java.lang.InterruptedException: sleep interrupted
2019-10-23 12:13:33,731 [grpc-default-executor-5] INFO  impl.RoleInfo (RoleInfo.java:updateAndGet(143)) - 3b749b59-de2a-419b-9a26-261692f5c83c: start FollowerState
2019-10-23 12:13:33,736 [ForkJoinPool.commonPool-worker-0] INFO  ozoneimpl.OzoneContainer (OzoneContainer.java:stop(227)) - Attempting to stop container services.
2019-10-23 12:13:33,736 [main] INFO  ozoneimpl.OzoneContainer (OzoneContainer.java:stop(227)) - Attempting to stop container services.
2019-10-23 12:13:33,737 [main] INFO  impl.RaftServerProxy (RaftServerProxy.java:lambda$close$4(314)) - b95be875-0b26-40f0-bf55-f911878fa74d: close
2019-10-23 12:13:33,737 [ForkJoinPool.commonPool-worker-0] INFO  impl.RaftServerProxy (RaftServerProxy.java:lambda$close$4(314)) - 3b749b59-de2a-419b-9a26-261692f5c83c: close
2019-10-23 12:13:33,738 [ForkJoinPool.commonPool-worker-0] INFO  impl.RaftServerImpl (RaftServerImpl.java:lambda$shutdown$3(261)) - 3b749b59-de2a-419b-9a26-261692f5c83c@group-24C785E9A0FC: shutdown
2019-10-23 12:13:33,738 [main] INFO  impl.RaftServerImpl (RaftServerImpl.java:lambda$shutdown$3(261)) - b95be875-0b26-40f0-bf55-f911878fa74d@group-BD3C9ACB36CB: shutdown
2019-10-23 12:13:33,738 [ForkJoinPool.commonPool-worker-0] INFO  util.JmxRegister (JmxRegister.java:unregister(73)) - Successfully un-registered JMX Bean with object name Ratis:service=RaftServer,group=group-24C785E9A0FC,id=3b749b59-de2a-419b-9a26-261692f5c83c
2019-10-23 12:13:33,738 [main] INFO  util.JmxRegister (JmxRegister.java:unregister(73)) - Successfully un-registered JMX Bean with object name Ratis:service=RaftServer,group=group-BD3C9ACB36CB,id=b95be875-0b26-40f0-bf55-f911878fa74d
2019-10-23 12:13:33,738 [ForkJoinPool.commonPool-worker-0] INFO  impl.RoleInfo (RoleInfo.java:shutdownFollowerState(121)) - 3b749b59-de2a-419b-9a26-261692f5c83c: shutdown FollowerState
2019-10-23 12:13:33,739 [main] INFO  impl.RoleInfo (RoleInfo.java:shutdownLeaderState(104)) - b95be875-0b26-40f0-bf55-f911878fa74d: shutdown LeaderState
2019-10-23 12:13:33,739 [ForkJoinPool.commonPool-worker-0] INFO  impl.StateMachineUpdater (StateMachineUpdater.java:stopAndJoin(136)) - 3b749b59-de2a-419b-9a26-261692f5c83c@group-24C785E9A0FC-StateMachineUpdater: set stopIndex = -1
2019-10-23 12:13:33,739 [Thread-1349] INFO  impl.FollowerState (FollowerState.java:run(117)) - 3b749b59-de2a-419b-9a26-261692f5c83c@group-24C785E9A0FC-FollowerState was interrupted: java.lang.InterruptedException: sleep interrupted
2019-10-23 12:13:33,739 [ForkJoinPool.commonPool-worker-0] INFO  impl.RaftServerImpl (ServerState.java:close(388)) - 3b749b59-de2a-419b-9a26-261692f5c83c@group-24C785E9A0FC: closes. applyIndex: -1
2019-10-23 12:13:33,739 [main] INFO  impl.PendingRequests (PendingRequests.java:sendNotLeaderResponses(202)) - b95be875-0b26-40f0-bf55-f911878fa74d@group-BD3C9ACB36CB-PendingRequests: sendNotLeaderResponses
2019-10-23 12:13:33,740 [main] INFO  impl.StateMachineUpdater (StateMachineUpdater.java:stopAndJoin(136)) - b95be875-0b26-40f0-bf55-f911878fa74d@group-BD3C9ACB36CB-StateMachineUpdater: set stopIndex = 0
2019-10-23 12:13:33,742 [main] INFO  impl.RaftServerImpl (ServerState.java:close(388)) - b95be875-0b26-40f0-bf55-f911878fa74d@group-BD3C9ACB36CB: closes. applyIndex: 0
2019-10-23 12:13:33,743 [3b749b59-de2a-419b-9a26-261692f5c83c@group-24C785E9A0FC-SegmentedRaftLogWorker] INFO  segmented.SegmentedRaftLogWorker (SegmentedRaftLogWorker.java:run(316)) - 3b749b59-de2a-419b-9a26-261692f5c83c@group-24C785E9A0FC-SegmentedRaftLogWorker was interrupted, exiting. There are 0 tasks remaining in the queue.
2019-10-23 12:13:33,743 [ad4d83c7-0f96-47bc-a4e8-7e5d9f844896@group-24C785E9A0FC-LeaderElection125] INFO  impl.LeaderElection (LeaderElection.java:logAndReturn(56)) - ad4d83c7-0f96-47bc-a4e8-7e5d9f844896@group-24C785E9A0FC-LeaderElection125: Election TIMEOUT; received 0 response(s) [] and 0 exception(s); ad4d83c7-0f96-47bc-a4e8-7e5d9f844896@group-24C785E9A0FC:t122, leader=null, voted=ad4d83c7-0f96-47bc-a4e8-7e5d9f844896, raftlog=ad4d83c7-0f96-47bc-a4e8-7e5d9f844896@group-24C785E9A0FC-SegmentedRaftLog:OPENED:c-1,f-1,i0, conf=-1: [3b749b59-de2a-419b-9a26-261692f5c83c:192.168.69.118:39205, ad4d83c7-0f96-47bc-a4e8-7e5d9f844896:192.168.69.118:41688, 02863277-f564-4bc6-8337-fb22627f6f1a:192.168.69.118:36850], old=null
2019-10-23 12:13:33,743 [b95be875-0b26-40f0-bf55-f911878fa74d@group-BD3C9ACB36CB-SegmentedRaftLogWorker] INFO  segmented.SegmentedRaftLogWorker (SegmentedRaftLogWorker.java:run(316)) - b95be875-0b26-40f0-bf55-f911878fa74d@group-BD3C9ACB36CB-SegmentedRaftLogWorker was interrupted, exiting. There are 0 tasks remaining in the queue.
2019-10-23 12:13:33,752 [ForkJoinPool.commonPool-worker-0] INFO  segmented.SegmentedRaftLogWorker (SegmentedRaftLogWorker.java:close(224)) - 3b749b59-de2a-419b-9a26-261692f5c83c@group-24C785E9A0FC-SegmentedRaftLogWorker close()
2019-10-23 12:13:33,752 [main] INFO  segmented.SegmentedRaftLogWorker (SegmentedRaftLogWorker.java:close(224)) - b95be875-0b26-40f0-bf55-f911878fa74d@group-BD3C9ACB36CB-SegmentedRaftLogWorker close()
2019-10-23 12:13:33,754 [ForkJoinPool.commonPool-worker-0] INFO  impl.RaftServerImpl (RaftServerImpl.java:lambda$shutdown$3(261)) - 3b749b59-de2a-419b-9a26-261692f5c83c@group-0B78FD578A07: shutdown
2019-10-23 12:13:33,756 [ad4d83c7-0f96-47bc-a4e8-7e5d9f844896@group-24C785E9A0FC-LeaderElection125] INFO  impl.LeaderElection (LeaderElection.java:askForVotes(178)) - ad4d83c7-0f96-47bc-a4e8-7e5d9f844896@group-24C785E9A0FC-LeaderElection125: begin an election at term 123 for -1: [3b749b59-de2a-419b-9a26-261692f5c83c:192.168.69.118:39205, ad4d83c7-0f96-47bc-a4e8-7e5d9f844896:192.168.69.118:41688, 02863277-f564-4bc6-8337-fb22627f6f1a:192.168.69.118:36850], old=null
2019-10-23 12:13:33,757 [ForkJoinPool.commonPool-worker-0] INFO  util.JmxRegister (JmxRegister.java:unregister(73)) - Successfully un-registered JMX Bean with object name Ratis:service=RaftServer,group=group-0B78FD578A07,id=3b749b59-de2a-419b-9a26-261692f5c83c
2019-10-23 12:13:33,757 [main] INFO  server.GrpcService (GrpcService.java:closeImpl(164)) - b95be875-0b26-40f0-bf55-f911878fa74d: shutdown server with port 38666 now
2019-10-23 12:13:33,757 [ForkJoinPool.commonPool-worker-0] INFO  impl.RoleInfo (RoleInfo.java:shutdownLeaderState(104)) - 3b749b59-de2a-419b-9a26-261692f5c83c: shutdown LeaderState
2019-10-23 12:13:33,757 [ForkJoinPool.commonPool-worker-0] INFO  impl.PendingRequests (PendingRequests.java:sendNotLeaderResponses(202)) - 3b749b59-de2a-419b-9a26-261692f5c83c@group-0B78FD578A07-PendingRequests: sendNotLeaderResponses
2019-10-23 12:13:33,757 [ForkJoinPool.commonPool-worker-0] INFO  impl.StateMachineUpdater (StateMachineUpdater.java:stopAndJoin(136)) - 3b749b59-de2a-419b-9a26-261692f5c83c@group-0B78FD578A07-StateMachineUpdater: set stopIndex = 0
2019-10-23 12:13:33,758 [ForkJoinPool.commonPool-worker-0] INFO  impl.RaftServerImpl (ServerState.java:close(388)) - 3b749b59-de2a-419b-9a26-261692f5c83c@group-0B78FD578A07: closes. applyIndex: 0
2019-10-23 12:13:33,758 [3b749b59-de2a-419b-9a26-261692f5c83c@group-0B78FD578A07-SegmentedRaftLogWorker] INFO  segmented.SegmentedRaftLogWorker (SegmentedRaftLogWorker.java:run(316)) - 3b749b59-de2a-419b-9a26-261692f5c83c@group-0B78FD578A07-SegmentedRaftLogWorker was interrupted, exiting. There are 0 tasks remaining in the queue.
2019-10-23 12:13:33,759 [ForkJoinPool.commonPool-worker-0] INFO  segmented.SegmentedRaftLogWorker (SegmentedRaftLogWorker.java:close(224)) - 3b749b59-de2a-419b-9a26-261692f5c83c@group-0B78FD578A07-SegmentedRaftLogWorker close()
2019-10-23 12:13:33,760 [grpc-default-executor-3] INFO  impl.RaftServerImpl (RaftServerImpl.java:setRole(184)) - 02863277-f564-4bc6-8337-fb22627f6f1a@group-24C785E9A0FC: changes role from  FOLLOWER to FOLLOWER at term 123 for recognizeCandidate:ad4d83c7-0f96-47bc-a4e8-7e5d9f844896
2019-10-23 12:13:33,763 [grpc-default-executor-3] INFO  impl.RoleInfo (RoleInfo.java:shutdownFollowerState(121)) - 02863277-f564-4bc6-8337-fb22627f6f1a: shutdown FollowerState
2019-10-23 12:13:33,762 [ForkJoinPool.commonPool-worker-0] INFO  server.GrpcService (GrpcService.java:closeImpl(164)) - 3b749b59-de2a-419b-9a26-261692f5c83c: shutdown server with port 39205 now
2019-10-23 12:13:33,764 [Thread-1348] INFO  impl.FollowerState (FollowerState.java:run(117)) - 02863277-f564-4bc6-8337-fb22627f6f1a@group-24C785E9A0FC-FollowerState was interrupted: java.lang.InterruptedException: sleep interrupted
2019-10-23 12:13:33,764 [grpc-default-executor-3] INFO  impl.RoleInfo (RoleInfo.java:updateAndGet(143)) - 02863277-f564-4bc6-8337-fb22627f6f1a: start FollowerState
2019-10-23 12:13:33,764 [main] INFO  server.GrpcService (GrpcService.java:closeImpl(172)) - b95be875-0b26-40f0-bf55-f911878fa74d: shutdown server with port 38666 successfully
2019-10-23 12:13:33,763 [grpc-default-executor-5] WARN  server.GrpcServerProtocolService (LogUtils.java:warn(134)) - 3b749b59-de2a-419b-9a26-261692f5c83c: Failed requestVote ad4d83c7-0f96-47bc-a4e8-7e5d9f844896->3b749b59-de2a-419b-9a26-261692f5c83c#0: org.apache.ratis.protocol.ServerNotReadyException: 3b749b59-de2a-419b-9a26-261692f5c83c@group-24C785E9A0FC is not in [RUNNING]: current state is CLOSED
2019-10-23 12:13:33,766 [refreshUsed-/workdir/hadoop-ozone/integration-test/target/test-dir/MiniOzoneClusterImpl-f0805996-b414-4d96-aefa-ea3288852db6/datanode-5/data/containers] WARN  fs.CachingGetSpaceUsed (CachingGetSpaceUsed.java:run(183)) - Thread Interrupted waiting to refresh disk information: sleep interrupted
2019-10-23 12:13:33,769 [ForkJoinPool.commonPool-worker-0] INFO  server.GrpcService (GrpcService.java:closeImpl(172)) - 3b749b59-de2a-419b-9a26-261692f5c83c: shutdown server with port 39205 successfully
2019-10-23 12:13:33,772 [refreshUsed-/workdir/hadoop-ozone/integration-test/target/test-dir/MiniOzoneClusterImpl-f0805996-b414-4d96-aefa-ea3288852db6/datanode-2/data/containers] WARN  fs.CachingGetSpaceUsed (CachingGetSpaceUsed.java:run(183)) - Thread Interrupted waiting to refresh disk information: sleep interrupted
2019-10-23 12:13:33,778 [ad4d83c7-0f96-47bc-a4e8-7e5d9f844896@group-24C785E9A0FC-LeaderElection125] INFO  impl.LeaderElection (LogUtils.java:infoOrTrace(149)) - ad4d83c7-0f96-47bc-a4e8-7e5d9f844896@group-24C785E9A0FC-LeaderElection125 got exception when requesting votes: {}
java.util.concurrent.ExecutionException: org.apache.ratis.thirdparty.io.grpc.StatusRuntimeException: CANCELLED: HTTP/2 error code: CANCEL
Received Rst Stream
	at java.util.concurrent.FutureTask.report(FutureTask.java:122)
	at java.util.concurrent.FutureTask.get(FutureTask.java:192)
	at org.apache.ratis.server.impl.LeaderElection.waitForResults(LeaderElection.java:259)
	at org.apache.ratis.server.impl.LeaderElection.askForVotes(LeaderElection.java:197)
	at org.apache.ratis.server.impl.LeaderElection.run(LeaderElection.java:133)
	at java.lang.Thread.run(Thread.java:748)
Caused by: org.apache.ratis.thirdparty.io.grpc.StatusRuntimeException: CANCELLED: HTTP/2 error code: CANCEL
Received Rst Stream
	at org.apache.ratis.thirdparty.io.grpc.stub.ClientCalls.toStatusRuntimeException(ClientCalls.java:233)
	at org.apache.ratis.thirdparty.io.grpc.stub.ClientCalls.getUnchecked(ClientCalls.java:214)
	at org.apache.ratis.thirdparty.io.grpc.stub.ClientCalls.blockingUnaryCall(ClientCalls.java:139)
	at org.apache.ratis.proto.grpc.RaftServerProtocolServiceGrpc$RaftServerProtocolServiceBlockingStub.requestVote(RaftServerProtocolServiceGrpc.java:265)
	at org.apache.ratis.grpc.server.GrpcServerProtocolClient.requestVote(GrpcServerProtocolClient.java:99)
	at org.apache.ratis.grpc.server.GrpcService.requestVote(GrpcService.java:204)
	at org.apache.ratis.server.impl.LeaderElection.lambda$submitRequests$1(LeaderElection.java:234)
	at java.util.concurrent.FutureTask.run(FutureTask.java:266)
	at java.util.concurrent.Executors$RunnableAdapter.call(Executors.java:511)
	at java.util.concurrent.FutureTask.run(FutureTask.java:266)
	at java.util.concurrent.ThreadPoolExecutor.runWorker(ThreadPoolExecutor.java:1149)
	at java.util.concurrent.ThreadPoolExecutor$Worker.run(ThreadPoolExecutor.java:624)
	... 1 more
2019-10-23 12:13:33,784 [ad4d83c7-0f96-47bc-a4e8-7e5d9f844896@group-24C785E9A0FC-LeaderElection125] INFO  impl.LeaderElection (LeaderElection.java:logAndReturn(56)) - ad4d83c7-0f96-47bc-a4e8-7e5d9f844896@group-24C785E9A0FC-LeaderElection125: Election REJECTED; received 1 response(s) [ad4d83c7-0f96-47bc-a4e8-7e5d9f844896<-02863277-f564-4bc6-8337-fb22627f6f1a#0:FAIL-t123] and 1 exception(s); ad4d83c7-0f96-47bc-a4e8-7e5d9f844896@group-24C785E9A0FC:t123, leader=null, voted=ad4d83c7-0f96-47bc-a4e8-7e5d9f844896, raftlog=ad4d83c7-0f96-47bc-a4e8-7e5d9f844896@group-24C785E9A0FC-SegmentedRaftLog:OPENED:c-1,f-1,i0, conf=-1: [3b749b59-de2a-419b-9a26-261692f5c83c:192.168.69.118:39205, ad4d83c7-0f96-47bc-a4e8-7e5d9f844896:192.168.69.118:41688, 02863277-f564-4bc6-8337-fb22627f6f1a:192.168.69.118:36850], old=null
2019-10-23 12:13:33,784 [ad4d83c7-0f96-47bc-a4e8-7e5d9f844896@group-24C785E9A0FC-LeaderElection125] INFO  impl.LeaderElection (LogUtils.java:infoOrTrace(149)) -   Exception 0: {}
java.util.concurrent.ExecutionException: org.apache.ratis.thirdparty.io.grpc.StatusRuntimeException: CANCELLED: HTTP/2 error code: CANCEL
Received Rst Stream
	at java.util.concurrent.FutureTask.report(FutureTask.java:122)
	at java.util.concurrent.FutureTask.get(FutureTask.java:192)
	at org.apache.ratis.server.impl.LeaderElection.waitForResults(LeaderElection.java:259)
	at org.apache.ratis.server.impl.LeaderElection.askForVotes(LeaderElection.java:197)
	at org.apache.ratis.server.impl.LeaderElection.run(LeaderElection.java:133)
	at java.lang.Thread.run(Thread.java:748)
Caused by: org.apache.ratis.thirdparty.io.grpc.StatusRuntimeException: CANCELLED: HTTP/2 error code: CANCEL
Received Rst Stream
	at org.apache.ratis.thirdparty.io.grpc.stub.ClientCalls.toStatusRuntimeException(ClientCalls.java:233)
	at org.apache.ratis.thirdparty.io.grpc.stub.ClientCalls.getUnchecked(ClientCalls.java:214)
	at org.apache.ratis.thirdparty.io.grpc.stub.ClientCalls.blockingUnaryCall(ClientCalls.java:139)
	at org.apache.ratis.proto.grpc.RaftServerProtocolServiceGrpc$RaftServerProtocolServiceBlockingStub.requestVote(RaftServerProtocolServiceGrpc.java:265)
	at org.apache.ratis.grpc.server.GrpcServerProtocolClient.requestVote(GrpcServerProtocolClient.java:99)
	at org.apache.ratis.grpc.server.GrpcService.requestVote(GrpcService.java:204)
	at org.apache.ratis.server.impl.LeaderElection.lambda$submitRequests$1(LeaderElection.java:234)
	at java.util.concurrent.FutureTask.run(FutureTask.java:266)
	at java.util.concurrent.Executors$RunnableAdapter.call(Executors.java:511)
	at java.util.concurrent.FutureTask.run(FutureTask.java:266)
	at java.util.concurrent.ThreadPoolExecutor.runWorker(ThreadPoolExecutor.java:1149)
	at java.util.concurrent.ThreadPoolExecutor$Worker.run(ThreadPoolExecutor.java:624)
	... 1 more
2019-10-23 12:13:33,785 [ad4d83c7-0f96-47bc-a4e8-7e5d9f844896@group-24C785E9A0FC-LeaderElection125] INFO  impl.RaftServerImpl (RaftServerImpl.java:setRole(184)) - ad4d83c7-0f96-47bc-a4e8-7e5d9f844896@group-24C785E9A0FC: changes role from CANDIDATE to FOLLOWER at term 123 for DISCOVERED_A_NEW_TERM
2019-10-23 12:13:33,785 [ad4d83c7-0f96-47bc-a4e8-7e5d9f844896@group-24C785E9A0FC-LeaderElection125] INFO  impl.RoleInfo (RoleInfo.java:shutdownLeaderElection(134)) - ad4d83c7-0f96-47bc-a4e8-7e5d9f844896: shutdown LeaderElection
2019-10-23 12:13:33,785 [ad4d83c7-0f96-47bc-a4e8-7e5d9f844896@group-24C785E9A0FC-LeaderElection125] INFO  impl.RoleInfo (RoleInfo.java:updateAndGet(143)) - ad4d83c7-0f96-47bc-a4e8-7e5d9f844896: start FollowerState
2019-10-23 12:13:33,792 [main] INFO  utils.BackgroundService (BackgroundService.java:shutdown(151)) - Shutting down service BlockDeletingService
2019-10-23 12:13:33,792 [ForkJoinPool.commonPool-worker-0] INFO  utils.BackgroundService (BackgroundService.java:shutdown(151)) - Shutting down service BlockDeletingService
2019-10-23 12:13:33,797 [main] INFO  statemachine.DatanodeStateMachine (DatanodeStateMachine.java:stopDaemon(395)) - Ozone container server stopped.
2019-10-23 12:13:33,799 [ForkJoinPool.commonPool-worker-0] INFO  statemachine.DatanodeStateMachine (DatanodeStateMachine.java:stopDaemon(395)) - Ozone container server stopped.
2019-10-23 12:13:33,804 [ForkJoinPool.commonPool-worker-0] INFO  handler.ContextHandler (ContextHandler.java:doStop(910)) - Stopped o.e.j.w.WebAppContext@80bfdc6{/,null,UNAVAILABLE}{/hddsDatanode}
2019-10-23 12:13:33,804 [main] INFO  handler.ContextHandler (ContextHandler.java:doStop(910)) - Stopped o.e.j.w.WebAppContext@56dfab87{/,null,UNAVAILABLE}{/hddsDatanode}
2019-10-23 12:13:33,804 [ForkJoinPool.commonPool-worker-0] INFO  server.AbstractConnector (AbstractConnector.java:doStop(318)) - Stopped ServerConnector@6edcad64{HTTP/1.1,[http/1.1]}{0.0.0.0:0}
2019-10-23 12:13:33,805 [main] INFO  server.AbstractConnector (AbstractConnector.java:doStop(318)) - Stopped ServerConnector@715b886f{HTTP/1.1,[http/1.1]}{0.0.0.0:0}
2019-10-23 12:13:33,805 [main] INFO  handler.ContextHandler (ContextHandler.java:doStop(910)) - Stopped o.e.j.s.ServletContextHandler@72f9f27c{/static,jar:file:/home/user/.m2/repository/org/apache/hadoop/hadoop-hdds-container-service/0.5.0-SNAPSHOT/hadoop-hdds-container-service-0.5.0-SNAPSHOT.jar!/webapps/static,UNAVAILABLE}
2019-10-23 12:13:33,806 [main] INFO  handler.ContextHandler (ContextHandler.java:doStop(910)) - Stopped o.e.j.s.ServletContextHandler@43af351a{/logs,file:///workdir/hadoop-ozone/integration-test/target/log,UNAVAILABLE}
2019-10-23 12:13:33,807 [ForkJoinPool.commonPool-worker-0] INFO  handler.ContextHandler (ContextHandler.java:doStop(910)) - Stopped o.e.j.s.ServletContextHandler@d109c4f{/static,jar:file:/home/user/.m2/repository/org/apache/hadoop/hadoop-hdds-container-service/0.5.0-SNAPSHOT/hadoop-hdds-container-service-0.5.0-SNAPSHOT.jar!/webapps/static,UNAVAILABLE}
2019-10-23 12:13:33,810 [ForkJoinPool.commonPool-worker-0] INFO  handler.ContextHandler (ContextHandler.java:doStop(910)) - Stopped o.e.j.s.ServletContextHandler@4eba373c{/logs,file:///workdir/hadoop-ozone/integration-test/target/log,UNAVAILABLE}
2019-10-23 12:13:33,872 [Thread-1353] INFO  impl.FollowerState (FollowerState.java:run(108)) - ad4d83c7-0f96-47bc-a4e8-7e5d9f844896@group-24C785E9A0FC-FollowerState: change to CANDIDATE, lastRpcTime:87ms, electionTimeout:87ms
2019-10-23 12:13:33,872 [Thread-1353] INFO  impl.RoleInfo (RoleInfo.java:shutdownFollowerState(121)) - ad4d83c7-0f96-47bc-a4e8-7e5d9f844896: shutdown FollowerState
2019-10-23 12:13:33,872 [Thread-1353] INFO  impl.RaftServerImpl (RaftServerImpl.java:setRole(184)) - ad4d83c7-0f96-47bc-a4e8-7e5d9f844896@group-24C785E9A0FC: changes role from  FOLLOWER to CANDIDATE at term 123 for changeToCandidate
2019-10-23 12:13:33,873 [Thread-1353] INFO  impl.RoleInfo (RoleInfo.java:updateAndGet(143)) - ad4d83c7-0f96-47bc-a4e8-7e5d9f844896: start LeaderElection
2019-10-23 12:13:33,879 [ad4d83c7-0f96-47bc-a4e8-7e5d9f844896@group-24C785E9A0FC-LeaderElection126] INFO  impl.LeaderElection (LeaderElection.java:askForVotes(178)) - ad4d83c7-0f96-47bc-a4e8-7e5d9f844896@group-24C785E9A0FC-LeaderElection126: begin an election at term 124 for -1: [3b749b59-de2a-419b-9a26-261692f5c83c:192.168.69.118:39205, ad4d83c7-0f96-47bc-a4e8-7e5d9f844896:192.168.69.118:41688, 02863277-f564-4bc6-8337-fb22627f6f1a:192.168.69.118:36850], old=null
2019-10-23 12:13:33,888 [grpc-default-executor-5] INFO  impl.RaftServerImpl (RaftServerImpl.java:setRole(184)) - 02863277-f564-4bc6-8337-fb22627f6f1a@group-24C785E9A0FC: changes role from  FOLLOWER to FOLLOWER at term 124 for recognizeCandidate:ad4d83c7-0f96-47bc-a4e8-7e5d9f844896
2019-10-23 12:13:33,888 [grpc-default-executor-5] INFO  impl.RoleInfo (RoleInfo.java:shutdownFollowerState(121)) - 02863277-f564-4bc6-8337-fb22627f6f1a: shutdown FollowerState
2019-10-23 12:13:33,891 [Thread-1352] INFO  impl.FollowerState (FollowerState.java:run(117)) - 02863277-f564-4bc6-8337-fb22627f6f1a@group-24C785E9A0FC-FollowerState was interrupted: java.lang.InterruptedException: sleep interrupted
2019-10-23 12:13:33,891 [grpc-default-executor-5] INFO  impl.RoleInfo (RoleInfo.java:updateAndGet(143)) - 02863277-f564-4bc6-8337-fb22627f6f1a: start FollowerState
2019-10-23 12:13:33,900 [ad4d83c7-0f96-47bc-a4e8-7e5d9f844896@group-24C785E9A0FC-LeaderElection126] INFO  impl.LeaderElection (LogUtils.java:infoOrTrace(149)) - ad4d83c7-0f96-47bc-a4e8-7e5d9f844896@group-24C785E9A0FC-LeaderElection126 got exception when requesting votes: {}
java.util.concurrent.ExecutionException: org.apache.ratis.thirdparty.io.grpc.StatusRuntimeException: UNAVAILABLE: io exception
	at java.util.concurrent.FutureTask.report(FutureTask.java:122)
	at java.util.concurrent.FutureTask.get(FutureTask.java:192)
	at org.apache.ratis.server.impl.LeaderElection.waitForResults(LeaderElection.java:259)
	at org.apache.ratis.server.impl.LeaderElection.askForVotes(LeaderElection.java:197)
	at org.apache.ratis.server.impl.LeaderElection.run(LeaderElection.java:133)
	at java.lang.Thread.run(Thread.java:748)
Caused by: org.apache.ratis.thirdparty.io.grpc.StatusRuntimeException: UNAVAILABLE: io exception
	at org.apache.ratis.thirdparty.io.grpc.stub.ClientCalls.toStatusRuntimeException(ClientCalls.java:233)
	at org.apache.ratis.thirdparty.io.grpc.stub.ClientCalls.getUnchecked(ClientCalls.java:214)
	at org.apache.ratis.thirdparty.io.grpc.stub.ClientCalls.blockingUnaryCall(ClientCalls.java:139)
	at org.apache.ratis.proto.grpc.RaftServerProtocolServiceGrpc$RaftServerProtocolServiceBlockingStub.requestVote(RaftServerProtocolServiceGrpc.java:265)
	at org.apache.ratis.grpc.server.GrpcServerProtocolClient.requestVote(GrpcServerProtocolClient.java:99)
	at org.apache.ratis.grpc.server.GrpcService.requestVote(GrpcService.java:204)
	at org.apache.ratis.server.impl.LeaderElection.lambda$submitRequests$1(LeaderElection.java:234)
	at java.util.concurrent.FutureTask.run(FutureTask.java:266)
	at java.util.concurrent.Executors$RunnableAdapter.call(Executors.java:511)
	at java.util.concurrent.FutureTask.run(FutureTask.java:266)
	at java.util.concurrent.ThreadPoolExecutor.runWorker(ThreadPoolExecutor.java:1149)
	at java.util.concurrent.ThreadPoolExecutor$Worker.run(ThreadPoolExecutor.java:624)
	... 1 more
Caused by: org.apache.ratis.thirdparty.io.netty.channel.AbstractChannel$AnnotatedConnectException: Connection refused: /192.168.69.118:39205
	at sun.nio.ch.SocketChannelImpl.checkConnect(Native Method)
	at sun.nio.ch.SocketChannelImpl.finishConnect(SocketChannelImpl.java:717)
	at org.apache.ratis.thirdparty.io.netty.channel.socket.nio.NioSocketChannel.doFinishConnect(NioSocketChannel.java:327)
	at org.apache.ratis.thirdparty.io.netty.channel.nio.AbstractNioChannel$AbstractNioUnsafe.finishConnect(AbstractNioChannel.java:340)
	at org.apache.ratis.thirdparty.io.netty.channel.nio.NioEventLoop.processSelectedKey(NioEventLoop.java:632)
	at org.apache.ratis.thirdparty.io.netty.channel.nio.NioEventLoop.processSelectedKeysOptimized(NioEventLoop.java:579)
	at org.apache.ratis.thirdparty.io.netty.channel.nio.NioEventLoop.processSelectedKeys(NioEventLoop.java:496)
	at org.apache.ratis.thirdparty.io.netty.channel.nio.NioEventLoop.run(NioEventLoop.java:458)
	at org.apache.ratis.thirdparty.io.netty.util.concurrent.SingleThreadEventExecutor$5.run(SingleThreadEventExecutor.java:897)
	at org.apache.ratis.thirdparty.io.netty.util.concurrent.FastThreadLocalRunnable.run(FastThreadLocalRunnable.java:30)
	... 1 more
Caused by: java.net.ConnectException: Connection refused
	... 11 more
2019-10-23 12:13:33,902 [ad4d83c7-0f96-47bc-a4e8-7e5d9f844896@group-24C785E9A0FC-LeaderElection126] INFO  impl.LeaderElection (LeaderElection.java:logAndReturn(56)) - ad4d83c7-0f96-47bc-a4e8-7e5d9f844896@group-24C785E9A0FC-LeaderElection126: Election REJECTED; received 1 response(s) [ad4d83c7-0f96-47bc-a4e8-7e5d9f844896<-02863277-f564-4bc6-8337-fb22627f6f1a#0:FAIL-t124] and 1 exception(s); ad4d83c7-0f96-47bc-a4e8-7e5d9f844896@group-24C785E9A0FC:t124, leader=null, voted=ad4d83c7-0f96-47bc-a4e8-7e5d9f844896, raftlog=ad4d83c7-0f96-47bc-a4e8-7e5d9f844896@group-24C785E9A0FC-SegmentedRaftLog:OPENED:c-1,f-1,i0, conf=-1: [3b749b59-de2a-419b-9a26-261692f5c83c:192.168.69.118:39205, ad4d83c7-0f96-47bc-a4e8-7e5d9f844896:192.168.69.118:41688, 02863277-f564-4bc6-8337-fb22627f6f1a:192.168.69.118:36850], old=null
2019-10-23 12:13:33,902 [ad4d83c7-0f96-47bc-a4e8-7e5d9f844896@group-24C785E9A0FC-LeaderElection126] INFO  impl.LeaderElection (LogUtils.java:infoOrTrace(149)) -   Exception 0: {}
java.util.concurrent.ExecutionException: org.apache.ratis.thirdparty.io.grpc.StatusRuntimeException: UNAVAILABLE: io exception
	at java.util.concurrent.FutureTask.report(FutureTask.java:122)
	at java.util.concurrent.FutureTask.get(FutureTask.java:192)
	at org.apache.ratis.server.impl.LeaderElection.waitForResults(LeaderElection.java:259)
	at org.apache.ratis.server.impl.LeaderElection.askForVotes(LeaderElection.java:197)
	at org.apache.ratis.server.impl.LeaderElection.run(LeaderElection.java:133)
	at java.lang.Thread.run(Thread.java:748)
Caused by: org.apache.ratis.thirdparty.io.grpc.StatusRuntimeException: UNAVAILABLE: io exception
	at org.apache.ratis.thirdparty.io.grpc.stub.ClientCalls.toStatusRuntimeException(ClientCalls.java:233)
	at org.apache.ratis.thirdparty.io.grpc.stub.ClientCalls.getUnchecked(ClientCalls.java:214)
	at org.apache.ratis.thirdparty.io.grpc.stub.ClientCalls.blockingUnaryCall(ClientCalls.java:139)
	at org.apache.ratis.proto.grpc.RaftServerProtocolServiceGrpc$RaftServerProtocolServiceBlockingStub.requestVote(RaftServerProtocolServiceGrpc.java:265)
	at org.apache.ratis.grpc.server.GrpcServerProtocolClient.requestVote(GrpcServerProtocolClient.java:99)
	at org.apache.ratis.grpc.server.GrpcService.requestVote(GrpcService.java:204)
	at org.apache.ratis.server.impl.LeaderElection.lambda$submitRequests$1(LeaderElection.java:234)
	at java.util.concurrent.FutureTask.run(FutureTask.java:266)
	at java.util.concurrent.Executors$RunnableAdapter.call(Executors.java:511)
	at java.util.concurrent.FutureTask.run(FutureTask.java:266)
	at java.util.concurrent.ThreadPoolExecutor.runWorker(ThreadPoolExecutor.java:1149)
	at java.util.concurrent.ThreadPoolExecutor$Worker.run(ThreadPoolExecutor.java:624)
	... 1 more
Caused by: org.apache.ratis.thirdparty.io.netty.channel.AbstractChannel$AnnotatedConnectException: Connection refused: /192.168.69.118:39205
	at sun.nio.ch.SocketChannelImpl.checkConnect(Native Method)
	at sun.nio.ch.SocketChannelImpl.finishConnect(SocketChannelImpl.java:717)
	at org.apache.ratis.thirdparty.io.netty.channel.socket.nio.NioSocketChannel.doFinishConnect(NioSocketChannel.java:327)
	at org.apache.ratis.thirdparty.io.netty.channel.nio.AbstractNioChannel$AbstractNioUnsafe.finishConnect(AbstractNioChannel.java:340)
	at org.apache.ratis.thirdparty.io.netty.channel.nio.NioEventLoop.processSelectedKey(NioEventLoop.java:632)
	at org.apache.ratis.thirdparty.io.netty.channel.nio.NioEventLoop.processSelectedKeysOptimized(NioEventLoop.java:579)
	at org.apache.ratis.thirdparty.io.netty.channel.nio.NioEventLoop.processSelectedKeys(NioEventLoop.java:496)
	at org.apache.ratis.thirdparty.io.netty.channel.nio.NioEventLoop.run(NioEventLoop.java:458)
	at org.apache.ratis.thirdparty.io.netty.util.concurrent.SingleThreadEventExecutor$5.run(SingleThreadEventExecutor.java:897)
	at org.apache.ratis.thirdparty.io.netty.util.concurrent.FastThreadLocalRunnable.run(FastThreadLocalRunnable.java:30)
	... 1 more
Caused by: java.net.ConnectException: Connection refused
	... 11 more
2019-10-23 12:13:33,903 [ad4d83c7-0f96-47bc-a4e8-7e5d9f844896@group-24C785E9A0FC-LeaderElection126] INFO  impl.RaftServerImpl (RaftServerImpl.java:setRole(184)) - ad4d83c7-0f96-47bc-a4e8-7e5d9f844896@group-24C785E9A0FC: changes role from CANDIDATE to FOLLOWER at term 124 for DISCOVERED_A_NEW_TERM
2019-10-23 12:13:33,903 [ad4d83c7-0f96-47bc-a4e8-7e5d9f844896@group-24C785E9A0FC-LeaderElection126] INFO  impl.RoleInfo (RoleInfo.java:shutdownLeaderElection(134)) - ad4d83c7-0f96-47bc-a4e8-7e5d9f844896: shutdown LeaderElection
2019-10-23 12:13:33,903 [ad4d83c7-0f96-47bc-a4e8-7e5d9f844896@group-24C785E9A0FC-LeaderElection126] INFO  impl.RoleInfo (RoleInfo.java:updateAndGet(143)) - ad4d83c7-0f96-47bc-a4e8-7e5d9f844896: start FollowerState
2019-10-23 12:13:34,009 [Thread-1358] INFO  impl.FollowerState (FollowerState.java:run(108)) - ad4d83c7-0f96-47bc-a4e8-7e5d9f844896@group-24C785E9A0FC-FollowerState: change to CANDIDATE, lastRpcTime:106ms, electionTimeout:106ms
2019-10-23 12:13:34,009 [Thread-1358] INFO  impl.RoleInfo (RoleInfo.java:shutdownFollowerState(121)) - ad4d83c7-0f96-47bc-a4e8-7e5d9f844896: shutdown FollowerState
2019-10-23 12:13:34,010 [Thread-1358] INFO  impl.RaftServerImpl (RaftServerImpl.java:setRole(184)) - ad4d83c7-0f96-47bc-a4e8-7e5d9f844896@group-24C785E9A0FC: changes role from  FOLLOWER to CANDIDATE at term 124 for changeToCandidate
2019-10-23 12:13:34,010 [Thread-1358] INFO  impl.RoleInfo (RoleInfo.java:updateAndGet(143)) - ad4d83c7-0f96-47bc-a4e8-7e5d9f844896: start LeaderElection
2019-10-23 12:13:34,024 [ad4d83c7-0f96-47bc-a4e8-7e5d9f844896@group-24C785E9A0FC-LeaderElection127] INFO  impl.LeaderElection (LeaderElection.java:askForVotes(178)) - ad4d83c7-0f96-47bc-a4e8-7e5d9f844896@group-24C785E9A0FC-LeaderElection127: begin an election at term 125 for -1: [3b749b59-de2a-419b-9a26-261692f5c83c:192.168.69.118:39205, ad4d83c7-0f96-47bc-a4e8-7e5d9f844896:192.168.69.118:41688, 02863277-f564-4bc6-8337-fb22627f6f1a:192.168.69.118:36850], old=null
2019-10-23 12:13:34,025 [ad4d83c7-0f96-47bc-a4e8-7e5d9f844896@group-24C785E9A0FC-LeaderElection127] INFO  impl.LeaderElection (LogUtils.java:infoOrTrace(149)) - ad4d83c7-0f96-47bc-a4e8-7e5d9f844896@group-24C785E9A0FC-LeaderElection127 got exception when requesting votes: {}
java.util.concurrent.ExecutionException: org.apache.ratis.thirdparty.io.grpc.StatusRuntimeException: UNAVAILABLE: io exception
	at java.util.concurrent.FutureTask.report(FutureTask.java:122)
	at java.util.concurrent.FutureTask.get(FutureTask.java:192)
	at org.apache.ratis.server.impl.LeaderElection.waitForResults(LeaderElection.java:259)
	at org.apache.ratis.server.impl.LeaderElection.askForVotes(LeaderElection.java:197)
	at org.apache.ratis.server.impl.LeaderElection.run(LeaderElection.java:133)
	at java.lang.Thread.run(Thread.java:748)
Caused by: org.apache.ratis.thirdparty.io.grpc.StatusRuntimeException: UNAVAILABLE: io exception
	at org.apache.ratis.thirdparty.io.grpc.stub.ClientCalls.toStatusRuntimeException(ClientCalls.java:233)
	at org.apache.ratis.thirdparty.io.grpc.stub.ClientCalls.getUnchecked(ClientCalls.java:214)
	at org.apache.ratis.thirdparty.io.grpc.stub.ClientCalls.blockingUnaryCall(ClientCalls.java:139)
	at org.apache.ratis.proto.grpc.RaftServerProtocolServiceGrpc$RaftServerProtocolServiceBlockingStub.requestVote(RaftServerProtocolServiceGrpc.java:265)
	at org.apache.ratis.grpc.server.GrpcServerProtocolClient.requestVote(GrpcServerProtocolClient.java:99)
	at org.apache.ratis.grpc.server.GrpcService.requestVote(GrpcService.java:204)
	at org.apache.ratis.server.impl.LeaderElection.lambda$submitRequests$1(LeaderElection.java:234)
	at java.util.concurrent.FutureTask.run(FutureTask.java:266)
	at java.util.concurrent.Executors$RunnableAdapter.call(Executors.java:511)
	at java.util.concurrent.FutureTask.run(FutureTask.java:266)
	at java.util.concurrent.ThreadPoolExecutor.runWorker(ThreadPoolExecutor.java:1149)
	at java.util.concurrent.ThreadPoolExecutor$Worker.run(ThreadPoolExecutor.java:624)
	... 1 more
Caused by: org.apache.ratis.thirdparty.io.netty.channel.AbstractChannel$AnnotatedConnectException: Connection refused: /192.168.69.118:39205
	at sun.nio.ch.SocketChannelImpl.checkConnect(Native Method)
	at sun.nio.ch.SocketChannelImpl.finishConnect(SocketChannelImpl.java:717)
	at org.apache.ratis.thirdparty.io.netty.channel.socket.nio.NioSocketChannel.doFinishConnect(NioSocketChannel.java:327)
	at org.apache.ratis.thirdparty.io.netty.channel.nio.AbstractNioChannel$AbstractNioUnsafe.finishConnect(AbstractNioChannel.java:340)
	at org.apache.ratis.thirdparty.io.netty.channel.nio.NioEventLoop.processSelectedKey(NioEventLoop.java:632)
	at org.apache.ratis.thirdparty.io.netty.channel.nio.NioEventLoop.processSelectedKeysOptimized(NioEventLoop.java:579)
	at org.apache.ratis.thirdparty.io.netty.channel.nio.NioEventLoop.processSelectedKeys(NioEventLoop.java:496)
	at org.apache.ratis.thirdparty.io.netty.channel.nio.NioEventLoop.run(NioEventLoop.java:458)
	at org.apache.ratis.thirdparty.io.netty.util.concurrent.SingleThreadEventExecutor$5.run(SingleThreadEventExecutor.java:897)
	at org.apache.ratis.thirdparty.io.netty.util.concurrent.FastThreadLocalRunnable.run(FastThreadLocalRunnable.java:30)
	... 1 more
Caused by: java.net.ConnectException: Connection refused
	... 11 more
2019-10-23 12:13:34,029 [grpc-default-executor-5] INFO  impl.RaftServerImpl (RaftServerImpl.java:setRole(184)) - 02863277-f564-4bc6-8337-fb22627f6f1a@group-24C785E9A0FC: changes role from  FOLLOWER to FOLLOWER at term 125 for recognizeCandidate:ad4d83c7-0f96-47bc-a4e8-7e5d9f844896
2019-10-23 12:13:34,029 [grpc-default-executor-5] INFO  impl.RoleInfo (RoleInfo.java:shutdownFollowerState(121)) - 02863277-f564-4bc6-8337-fb22627f6f1a: shutdown FollowerState
2019-10-23 12:13:34,029 [grpc-default-executor-5] INFO  impl.RoleInfo (RoleInfo.java:updateAndGet(143)) - 02863277-f564-4bc6-8337-fb22627f6f1a: start FollowerState
2019-10-23 12:13:34,029 [Thread-1357] INFO  impl.FollowerState (FollowerState.java:run(117)) - 02863277-f564-4bc6-8337-fb22627f6f1a@group-24C785E9A0FC-FollowerState was interrupted: java.lang.InterruptedException: sleep interrupted
2019-10-23 12:13:34,041 [ad4d83c7-0f96-47bc-a4e8-7e5d9f844896@group-24C785E9A0FC-LeaderElection127] INFO  impl.LeaderElection (LeaderElection.java:logAndReturn(56)) - ad4d83c7-0f96-47bc-a4e8-7e5d9f844896@group-24C785E9A0FC-LeaderElection127: Election REJECTED; received 1 response(s) [ad4d83c7-0f96-47bc-a4e8-7e5d9f844896<-02863277-f564-4bc6-8337-fb22627f6f1a#0:FAIL-t125] and 1 exception(s); ad4d83c7-0f96-47bc-a4e8-7e5d9f844896@group-24C785E9A0FC:t125, leader=null, voted=ad4d83c7-0f96-47bc-a4e8-7e5d9f844896, raftlog=ad4d83c7-0f96-47bc-a4e8-7e5d9f844896@group-24C785E9A0FC-SegmentedRaftLog:OPENED:c-1,f-1,i0, conf=-1: [3b749b59-de2a-419b-9a26-261692f5c83c:192.168.69.118:39205, ad4d83c7-0f96-47bc-a4e8-7e5d9f844896:192.168.69.118:41688, 02863277-f564-4bc6-8337-fb22627f6f1a:192.168.69.118:36850], old=null
2019-10-23 12:13:34,041 [ad4d83c7-0f96-47bc-a4e8-7e5d9f844896@group-24C785E9A0FC-LeaderElection127] INFO  impl.LeaderElection (LogUtils.java:infoOrTrace(149)) -   Exception 0: {}
java.util.concurrent.ExecutionException: org.apache.ratis.thirdparty.io.grpc.StatusRuntimeException: UNAVAILABLE: io exception
	at java.util.concurrent.FutureTask.report(FutureTask.java:122)
	at java.util.concurrent.FutureTask.get(FutureTask.java:192)
	at org.apache.ratis.server.impl.LeaderElection.waitForResults(LeaderElection.java:259)
	at org.apache.ratis.server.impl.LeaderElection.askForVotes(LeaderElection.java:197)
	at org.apache.ratis.server.impl.LeaderElection.run(LeaderElection.java:133)
	at java.lang.Thread.run(Thread.java:748)
Caused by: org.apache.ratis.thirdparty.io.grpc.StatusRuntimeException: UNAVAILABLE: io exception
	at org.apache.ratis.thirdparty.io.grpc.stub.ClientCalls.toStatusRuntimeException(ClientCalls.java:233)
	at org.apache.ratis.thirdparty.io.grpc.stub.ClientCalls.getUnchecked(ClientCalls.java:214)
	at org.apache.ratis.thirdparty.io.grpc.stub.ClientCalls.blockingUnaryCall(ClientCalls.java:139)
	at org.apache.ratis.proto.grpc.RaftServerProtocolServiceGrpc$RaftServerProtocolServiceBlockingStub.requestVote(RaftServerProtocolServiceGrpc.java:265)
	at org.apache.ratis.grpc.server.GrpcServerProtocolClient.requestVote(GrpcServerProtocolClient.java:99)
	at org.apache.ratis.grpc.server.GrpcService.requestVote(GrpcService.java:204)
	at org.apache.ratis.server.impl.LeaderElection.lambda$submitRequests$1(LeaderElection.java:234)
	at java.util.concurrent.FutureTask.run(FutureTask.java:266)
	at java.util.concurrent.Executors$RunnableAdapter.call(Executors.java:511)
	at java.util.concurrent.FutureTask.run(FutureTask.java:266)
	at java.util.concurrent.ThreadPoolExecutor.runWorker(ThreadPoolExecutor.java:1149)
	at java.util.concurrent.ThreadPoolExecutor$Worker.run(ThreadPoolExecutor.java:624)
	... 1 more
Caused by: org.apache.ratis.thirdparty.io.netty.channel.AbstractChannel$AnnotatedConnectException: Connection refused: /192.168.69.118:39205
	at sun.nio.ch.SocketChannelImpl.checkConnect(Native Method)
	at sun.nio.ch.SocketChannelImpl.finishConnect(SocketChannelImpl.java:717)
	at org.apache.ratis.thirdparty.io.netty.channel.socket.nio.NioSocketChannel.doFinishConnect(NioSocketChannel.java:327)
	at org.apache.ratis.thirdparty.io.netty.channel.nio.AbstractNioChannel$AbstractNioUnsafe.finishConnect(AbstractNioChannel.java:340)
	at org.apache.ratis.thirdparty.io.netty.channel.nio.NioEventLoop.processSelectedKey(NioEventLoop.java:632)
	at org.apache.ratis.thirdparty.io.netty.channel.nio.NioEventLoop.processSelectedKeysOptimized(NioEventLoop.java:579)
	at org.apache.ratis.thirdparty.io.netty.channel.nio.NioEventLoop.processSelectedKeys(NioEventLoop.java:496)
	at org.apache.ratis.thirdparty.io.netty.channel.nio.NioEventLoop.run(NioEventLoop.java:458)
	at org.apache.ratis.thirdparty.io.netty.util.concurrent.SingleThreadEventExecutor$5.run(SingleThreadEventExecutor.java:897)
	at org.apache.ratis.thirdparty.io.netty.util.concurrent.FastThreadLocalRunnable.run(FastThreadLocalRunnable.java:30)
	... 1 more
Caused by: java.net.ConnectException: Connection refused
	... 11 more
2019-10-23 12:13:34,042 [ad4d83c7-0f96-47bc-a4e8-7e5d9f844896@group-24C785E9A0FC-LeaderElection127] INFO  impl.RaftServerImpl (RaftServerImpl.java:setRole(184)) - ad4d83c7-0f96-47bc-a4e8-7e5d9f844896@group-24C785E9A0FC: changes role from CANDIDATE to FOLLOWER at term 125 for DISCOVERED_A_NEW_TERM
2019-10-23 12:13:34,042 [ad4d83c7-0f96-47bc-a4e8-7e5d9f844896@group-24C785E9A0FC-LeaderElection127] INFO  impl.RoleInfo (RoleInfo.java:shutdownLeaderElection(134)) - ad4d83c7-0f96-47bc-a4e8-7e5d9f844896: shutdown LeaderElection
2019-10-23 12:13:34,042 [ad4d83c7-0f96-47bc-a4e8-7e5d9f844896@group-24C785E9A0FC-LeaderElection127] INFO  impl.RoleInfo (RoleInfo.java:updateAndGet(143)) - ad4d83c7-0f96-47bc-a4e8-7e5d9f844896: start FollowerState
2019-10-23 12:13:34,085 [Thread-1365] INFO  impl.FollowerState (FollowerState.java:run(108)) - ad4d83c7-0f96-47bc-a4e8-7e5d9f844896@group-24C785E9A0FC-FollowerState: change to CANDIDATE, lastRpcTime:43ms, electionTimeout:43ms
2019-10-23 12:13:34,085 [Thread-1365] INFO  impl.RoleInfo (RoleInfo.java:shutdownFollowerState(121)) - ad4d83c7-0f96-47bc-a4e8-7e5d9f844896: shutdown FollowerState
2019-10-23 12:13:34,085 [Thread-1365] INFO  impl.RaftServerImpl (RaftServerImpl.java:setRole(184)) - ad4d83c7-0f96-47bc-a4e8-7e5d9f844896@group-24C785E9A0FC: changes role from  FOLLOWER to CANDIDATE at term 125 for changeToCandidate
2019-10-23 12:13:34,085 [Thread-1365] INFO  impl.RoleInfo (RoleInfo.java:updateAndGet(143)) - ad4d83c7-0f96-47bc-a4e8-7e5d9f844896: start LeaderElection
2019-10-23 12:13:34,098 [ad4d83c7-0f96-47bc-a4e8-7e5d9f844896@group-24C785E9A0FC-LeaderElection128] INFO  impl.LeaderElection (LeaderElection.java:askForVotes(178)) - ad4d83c7-0f96-47bc-a4e8-7e5d9f844896@group-24C785E9A0FC-LeaderElection128: begin an election at term 126 for -1: [3b749b59-de2a-419b-9a26-261692f5c83c:192.168.69.118:39205, ad4d83c7-0f96-47bc-a4e8-7e5d9f844896:192.168.69.118:41688, 02863277-f564-4bc6-8337-fb22627f6f1a:192.168.69.118:36850], old=null
2019-10-23 12:13:34,099 [ad4d83c7-0f96-47bc-a4e8-7e5d9f844896@group-24C785E9A0FC-LeaderElection128] INFO  impl.LeaderElection (LogUtils.java:infoOrTrace(149)) - ad4d83c7-0f96-47bc-a4e8-7e5d9f844896@group-24C785E9A0FC-LeaderElection128 got exception when requesting votes: {}
java.util.concurrent.ExecutionException: org.apache.ratis.thirdparty.io.grpc.StatusRuntimeException: UNAVAILABLE: io exception
	at java.util.concurrent.FutureTask.report(FutureTask.java:122)
	at java.util.concurrent.FutureTask.get(FutureTask.java:192)
	at org.apache.ratis.server.impl.LeaderElection.waitForResults(LeaderElection.java:259)
	at org.apache.ratis.server.impl.LeaderElection.askForVotes(LeaderElection.java:197)
	at org.apache.ratis.server.impl.LeaderElection.run(LeaderElection.java:133)
	at java.lang.Thread.run(Thread.java:748)
Caused by: org.apache.ratis.thirdparty.io.grpc.StatusRuntimeException: UNAVAILABLE: io exception
	at org.apache.ratis.thirdparty.io.grpc.stub.ClientCalls.toStatusRuntimeException(ClientCalls.java:233)
	at org.apache.ratis.thirdparty.io.grpc.stub.ClientCalls.getUnchecked(ClientCalls.java:214)
	at org.apache.ratis.thirdparty.io.grpc.stub.ClientCalls.blockingUnaryCall(ClientCalls.java:139)
	at org.apache.ratis.proto.grpc.RaftServerProtocolServiceGrpc$RaftServerProtocolServiceBlockingStub.requestVote(RaftServerProtocolServiceGrpc.java:265)
	at org.apache.ratis.grpc.server.GrpcServerProtocolClient.requestVote(GrpcServerProtocolClient.java:99)
	at org.apache.ratis.grpc.server.GrpcService.requestVote(GrpcService.java:204)
	at org.apache.ratis.server.impl.LeaderElection.lambda$submitRequests$1(LeaderElection.java:234)
	at java.util.concurrent.FutureTask.run(FutureTask.java:266)
	at java.util.concurrent.Executors$RunnableAdapter.call(Executors.java:511)
	at java.util.concurrent.FutureTask.run(FutureTask.java:266)
	at java.util.concurrent.ThreadPoolExecutor.runWorker(ThreadPoolExecutor.java:1149)
	at java.util.concurrent.ThreadPoolExecutor$Worker.run(ThreadPoolExecutor.java:624)
	... 1 more
Caused by: org.apache.ratis.thirdparty.io.netty.channel.AbstractChannel$AnnotatedConnectException: Connection refused: /192.168.69.118:39205
	at sun.nio.ch.SocketChannelImpl.checkConnect(Native Method)
	at sun.nio.ch.SocketChannelImpl.finishConnect(SocketChannelImpl.java:717)
	at org.apache.ratis.thirdparty.io.netty.channel.socket.nio.NioSocketChannel.doFinishConnect(NioSocketChannel.java:327)
	at org.apache.ratis.thirdparty.io.netty.channel.nio.AbstractNioChannel$AbstractNioUnsafe.finishConnect(AbstractNioChannel.java:340)
	at org.apache.ratis.thirdparty.io.netty.channel.nio.NioEventLoop.processSelectedKey(NioEventLoop.java:632)
	at org.apache.ratis.thirdparty.io.netty.channel.nio.NioEventLoop.processSelectedKeysOptimized(NioEventLoop.java:579)
	at org.apache.ratis.thirdparty.io.netty.channel.nio.NioEventLoop.processSelectedKeys(NioEventLoop.java:496)
	at org.apache.ratis.thirdparty.io.netty.channel.nio.NioEventLoop.run(NioEventLoop.java:458)
	at org.apache.ratis.thirdparty.io.netty.util.concurrent.SingleThreadEventExecutor$5.run(SingleThreadEventExecutor.java:897)
	at org.apache.ratis.thirdparty.io.netty.util.concurrent.FastThreadLocalRunnable.run(FastThreadLocalRunnable.java:30)
	... 1 more
Caused by: java.net.ConnectException: Connection refused
	... 11 more
2019-10-23 12:13:34,102 [grpc-default-executor-5] INFO  impl.RaftServerImpl (RaftServerImpl.java:setRole(184)) - 02863277-f564-4bc6-8337-fb22627f6f1a@group-24C785E9A0FC: changes role from  FOLLOWER to FOLLOWER at term 126 for recognizeCandidate:ad4d83c7-0f96-47bc-a4e8-7e5d9f844896
2019-10-23 12:13:34,102 [grpc-default-executor-5] INFO  impl.RoleInfo (RoleInfo.java:shutdownFollowerState(121)) - 02863277-f564-4bc6-8337-fb22627f6f1a: shutdown FollowerState
2019-10-23 12:13:34,102 [grpc-default-executor-5] INFO  impl.RoleInfo (RoleInfo.java:updateAndGet(143)) - 02863277-f564-4bc6-8337-fb22627f6f1a: start FollowerState
2019-10-23 12:13:34,103 [Thread-1362] INFO  impl.FollowerState (FollowerState.java:run(117)) - 02863277-f564-4bc6-8337-fb22627f6f1a@group-24C785E9A0FC-FollowerState was interrupted: java.lang.InterruptedException: sleep interrupted
2019-10-23 12:13:34,116 [ad4d83c7-0f96-47bc-a4e8-7e5d9f844896@group-24C785E9A0FC-LeaderElection128] INFO  impl.LeaderElection (LeaderElection.java:logAndReturn(56)) - ad4d83c7-0f96-47bc-a4e8-7e5d9f844896@group-24C785E9A0FC-LeaderElection128: Election REJECTED; received 1 response(s) [ad4d83c7-0f96-47bc-a4e8-7e5d9f844896<-02863277-f564-4bc6-8337-fb22627f6f1a#0:FAIL-t126] and 1 exception(s); ad4d83c7-0f96-47bc-a4e8-7e5d9f844896@group-24C785E9A0FC:t126, leader=null, voted=ad4d83c7-0f96-47bc-a4e8-7e5d9f844896, raftlog=ad4d83c7-0f96-47bc-a4e8-7e5d9f844896@group-24C785E9A0FC-SegmentedRaftLog:OPENED:c-1,f-1,i0, conf=-1: [3b749b59-de2a-419b-9a26-261692f5c83c:192.168.69.118:39205, ad4d83c7-0f96-47bc-a4e8-7e5d9f844896:192.168.69.118:41688, 02863277-f564-4bc6-8337-fb22627f6f1a:192.168.69.118:36850], old=null
2019-10-23 12:13:34,116 [ad4d83c7-0f96-47bc-a4e8-7e5d9f844896@group-24C785E9A0FC-LeaderElection128] INFO  impl.LeaderElection (LogUtils.java:infoOrTrace(149)) -   Exception 0: {}
java.util.concurrent.ExecutionException: org.apache.ratis.thirdparty.io.grpc.StatusRuntimeException: UNAVAILABLE: io exception
	at java.util.concurrent.FutureTask.report(FutureTask.java:122)
	at java.util.concurrent.FutureTask.get(FutureTask.java:192)
	at org.apache.ratis.server.impl.LeaderElection.waitForResults(LeaderElection.java:259)
	at org.apache.ratis.server.impl.LeaderElection.askForVotes(LeaderElection.java:197)
	at org.apache.ratis.server.impl.LeaderElection.run(LeaderElection.java:133)
	at java.lang.Thread.run(Thread.java:748)
Caused by: org.apache.ratis.thirdparty.io.grpc.StatusRuntimeException: UNAVAILABLE: io exception
	at org.apache.ratis.thirdparty.io.grpc.stub.ClientCalls.toStatusRuntimeException(ClientCalls.java:233)
	at org.apache.ratis.thirdparty.io.grpc.stub.ClientCalls.getUnchecked(ClientCalls.java:214)
	at org.apache.ratis.thirdparty.io.grpc.stub.ClientCalls.blockingUnaryCall(ClientCalls.java:139)
	at org.apache.ratis.proto.grpc.RaftServerProtocolServiceGrpc$RaftServerProtocolServiceBlockingStub.requestVote(RaftServerProtocolServiceGrpc.java:265)
	at org.apache.ratis.grpc.server.GrpcServerProtocolClient.requestVote(GrpcServerProtocolClient.java:99)
	at org.apache.ratis.grpc.server.GrpcService.requestVote(GrpcService.java:204)
	at org.apache.ratis.server.impl.LeaderElection.lambda$submitRequests$1(LeaderElection.java:234)
	at java.util.concurrent.FutureTask.run(FutureTask.java:266)
	at java.util.concurrent.Executors$RunnableAdapter.call(Executors.java:511)
	at java.util.concurrent.FutureTask.run(FutureTask.java:266)
	at java.util.concurrent.ThreadPoolExecutor.runWorker(ThreadPoolExecutor.java:1149)
	at java.util.concurrent.ThreadPoolExecutor$Worker.run(ThreadPoolExecutor.java:624)
	... 1 more
Caused by: org.apache.ratis.thirdparty.io.netty.channel.AbstractChannel$AnnotatedConnectException: Connection refused: /192.168.69.118:39205
	at sun.nio.ch.SocketChannelImpl.checkConnect(Native Method)
	at sun.nio.ch.SocketChannelImpl.finishConnect(SocketChannelImpl.java:717)
	at org.apache.ratis.thirdparty.io.netty.channel.socket.nio.NioSocketChannel.doFinishConnect(NioSocketChannel.java:327)
	at org.apache.ratis.thirdparty.io.netty.channel.nio.AbstractNioChannel$AbstractNioUnsafe.finishConnect(AbstractNioChannel.java:340)
	at org.apache.ratis.thirdparty.io.netty.channel.nio.NioEventLoop.processSelectedKey(NioEventLoop.java:632)
	at org.apache.ratis.thirdparty.io.netty.channel.nio.NioEventLoop.processSelectedKeysOptimized(NioEventLoop.java:579)
	at org.apache.ratis.thirdparty.io.netty.channel.nio.NioEventLoop.processSelectedKeys(NioEventLoop.java:496)
	at org.apache.ratis.thirdparty.io.netty.channel.nio.NioEventLoop.run(NioEventLoop.java:458)
	at org.apache.ratis.thirdparty.io.netty.util.concurrent.SingleThreadEventExecutor$5.run(SingleThreadEventExecutor.java:897)
	at org.apache.ratis.thirdparty.io.netty.util.concurrent.FastThreadLocalRunnable.run(FastThreadLocalRunnable.java:30)
	... 1 more
Caused by: java.net.ConnectException: Connection refused
	... 11 more
2019-10-23 12:13:34,116 [ad4d83c7-0f96-47bc-a4e8-7e5d9f844896@group-24C785E9A0FC-LeaderElection128] INFO  impl.RaftServerImpl (RaftServerImpl.java:setRole(184)) - ad4d83c7-0f96-47bc-a4e8-7e5d9f844896@group-24C785E9A0FC: changes role from CANDIDATE to FOLLOWER at term 126 for DISCOVERED_A_NEW_TERM
2019-10-23 12:13:34,116 [ad4d83c7-0f96-47bc-a4e8-7e5d9f844896@group-24C785E9A0FC-LeaderElection128] INFO  impl.RoleInfo (RoleInfo.java:shutdownLeaderElection(134)) - ad4d83c7-0f96-47bc-a4e8-7e5d9f844896: shutdown LeaderElection
2019-10-23 12:13:34,117 [ad4d83c7-0f96-47bc-a4e8-7e5d9f844896@group-24C785E9A0FC-LeaderElection128] INFO  impl.RoleInfo (RoleInfo.java:updateAndGet(143)) - ad4d83c7-0f96-47bc-a4e8-7e5d9f844896: start FollowerState
2019-10-23 12:13:34,301 [Thread-1370] INFO  impl.FollowerState (FollowerState.java:run(108)) - ad4d83c7-0f96-47bc-a4e8-7e5d9f844896@group-24C785E9A0FC-FollowerState: change to CANDIDATE, lastRpcTime:184ms, electionTimeout:184ms
2019-10-23 12:13:34,301 [Thread-1370] INFO  impl.RoleInfo (RoleInfo.java:shutdownFollowerState(121)) - ad4d83c7-0f96-47bc-a4e8-7e5d9f844896: shutdown FollowerState
2019-10-23 12:13:34,301 [Thread-1370] INFO  impl.RaftServerImpl (RaftServerImpl.java:setRole(184)) - ad4d83c7-0f96-47bc-a4e8-7e5d9f844896@group-24C785E9A0FC: changes role from  FOLLOWER to CANDIDATE at term 126 for changeToCandidate
2019-10-23 12:13:34,301 [Thread-1370] INFO  impl.RoleInfo (RoleInfo.java:updateAndGet(143)) - ad4d83c7-0f96-47bc-a4e8-7e5d9f844896: start LeaderElection
2019-10-23 12:13:34,522 [Datanode State Machine Thread - 0] INFO  statemachine.DatanodeStateMachine (DatanodeStateMachine.java:lambda$startDaemon$0(350)) - Ozone container server started.
2019-10-23 12:13:34,522 [Datanode State Machine Thread - 0] INFO  statemachine.DatanodeStateMachine (DatanodeStateMachine.java:lambda$startDaemon$0(350)) - Ozone container server started.
2019-10-23 12:13:34,524 [ad4d83c7-0f96-47bc-a4e8-7e5d9f844896@group-24C785E9A0FC-LeaderElection129] INFO  impl.LeaderElection (LeaderElection.java:askForVotes(178)) - ad4d83c7-0f96-47bc-a4e8-7e5d9f844896@group-24C785E9A0FC-LeaderElection129: begin an election at term 127 for -1: [3b749b59-de2a-419b-9a26-261692f5c83c:192.168.69.118:39205, ad4d83c7-0f96-47bc-a4e8-7e5d9f844896:192.168.69.118:41688, 02863277-f564-4bc6-8337-fb22627f6f1a:192.168.69.118:36850], old=null
2019-10-23 12:13:34,525 [ad4d83c7-0f96-47bc-a4e8-7e5d9f844896@group-24C785E9A0FC-LeaderElection129] INFO  impl.LeaderElection (LogUtils.java:infoOrTrace(149)) - ad4d83c7-0f96-47bc-a4e8-7e5d9f844896@group-24C785E9A0FC-LeaderElection129 got exception when requesting votes: {}
java.util.concurrent.ExecutionException: org.apache.ratis.thirdparty.io.grpc.StatusRuntimeException: UNAVAILABLE: io exception
	at java.util.concurrent.FutureTask.report(FutureTask.java:122)
	at java.util.concurrent.FutureTask.get(FutureTask.java:192)
	at org.apache.ratis.server.impl.LeaderElection.waitForResults(LeaderElection.java:259)
	at org.apache.ratis.server.impl.LeaderElection.askForVotes(LeaderElection.java:197)
	at org.apache.ratis.server.impl.LeaderElection.run(LeaderElection.java:133)
	at java.lang.Thread.run(Thread.java:748)
Caused by: org.apache.ratis.thirdparty.io.grpc.StatusRuntimeException: UNAVAILABLE: io exception
	at org.apache.ratis.thirdparty.io.grpc.stub.ClientCalls.toStatusRuntimeException(ClientCalls.java:233)
	at org.apache.ratis.thirdparty.io.grpc.stub.ClientCalls.getUnchecked(ClientCalls.java:214)
	at org.apache.ratis.thirdparty.io.grpc.stub.ClientCalls.blockingUnaryCall(ClientCalls.java:139)
	at org.apache.ratis.proto.grpc.RaftServerProtocolServiceGrpc$RaftServerProtocolServiceBlockingStub.requestVote(RaftServerProtocolServiceGrpc.java:265)
	at org.apache.ratis.grpc.server.GrpcServerProtocolClient.requestVote(GrpcServerProtocolClient.java:99)
	at org.apache.ratis.grpc.server.GrpcService.requestVote(GrpcService.java:204)
	at org.apache.ratis.server.impl.LeaderElection.lambda$submitRequests$1(LeaderElection.java:234)
	at java.util.concurrent.FutureTask.run(FutureTask.java:266)
	at java.util.concurrent.Executors$RunnableAdapter.call(Executors.java:511)
	at java.util.concurrent.FutureTask.run(FutureTask.java:266)
	at java.util.concurrent.ThreadPoolExecutor.runWorker(ThreadPoolExecutor.java:1149)
	at java.util.concurrent.ThreadPoolExecutor$Worker.run(ThreadPoolExecutor.java:624)
	... 1 more
Caused by: org.apache.ratis.thirdparty.io.netty.channel.AbstractChannel$AnnotatedConnectException: Connection refused: /192.168.69.118:39205
	at sun.nio.ch.SocketChannelImpl.checkConnect(Native Method)
	at sun.nio.ch.SocketChannelImpl.finishConnect(SocketChannelImpl.java:717)
	at org.apache.ratis.thirdparty.io.netty.channel.socket.nio.NioSocketChannel.doFinishConnect(NioSocketChannel.java:327)
	at org.apache.ratis.thirdparty.io.netty.channel.nio.AbstractNioChannel$AbstractNioUnsafe.finishConnect(AbstractNioChannel.java:340)
	at org.apache.ratis.thirdparty.io.netty.channel.nio.NioEventLoop.processSelectedKey(NioEventLoop.java:632)
	at org.apache.ratis.thirdparty.io.netty.channel.nio.NioEventLoop.processSelectedKeysOptimized(NioEventLoop.java:579)
	at org.apache.ratis.thirdparty.io.netty.channel.nio.NioEventLoop.processSelectedKeys(NioEventLoop.java:496)
	at org.apache.ratis.thirdparty.io.netty.channel.nio.NioEventLoop.run(NioEventLoop.java:458)
	at org.apache.ratis.thirdparty.io.netty.util.concurrent.SingleThreadEventExecutor$5.run(SingleThreadEventExecutor.java:897)
	at org.apache.ratis.thirdparty.io.netty.util.concurrent.FastThreadLocalRunnable.run(FastThreadLocalRunnable.java:30)
	... 1 more
Caused by: java.net.ConnectException: Connection refused
	... 11 more
2019-10-23 12:13:34,528 [grpc-default-executor-5] INFO  impl.RaftServerImpl (RaftServerImpl.java:setRole(184)) - 02863277-f564-4bc6-8337-fb22627f6f1a@group-24C785E9A0FC: changes role from  FOLLOWER to FOLLOWER at term 127 for recognizeCandidate:ad4d83c7-0f96-47bc-a4e8-7e5d9f844896
2019-10-23 12:13:34,529 [grpc-default-executor-5] INFO  impl.RoleInfo (RoleInfo.java:shutdownFollowerState(121)) - 02863277-f564-4bc6-8337-fb22627f6f1a: shutdown FollowerState
2019-10-23 12:13:34,529 [grpc-default-executor-5] INFO  impl.RoleInfo (RoleInfo.java:updateAndGet(143)) - 02863277-f564-4bc6-8337-fb22627f6f1a: start FollowerState
2019-10-23 12:13:34,529 [Thread-1369] INFO  impl.FollowerState (FollowerState.java:run(117)) - 02863277-f564-4bc6-8337-fb22627f6f1a@group-24C785E9A0FC-FollowerState was interrupted: java.lang.InterruptedException: sleep interrupted
2019-10-23 12:13:34,536 [ad4d83c7-0f96-47bc-a4e8-7e5d9f844896@group-24C785E9A0FC-LeaderElection129] INFO  impl.LeaderElection (LeaderElection.java:logAndReturn(56)) - ad4d83c7-0f96-47bc-a4e8-7e5d9f844896@group-24C785E9A0FC-LeaderElection129: Election REJECTED; received 1 response(s) [ad4d83c7-0f96-47bc-a4e8-7e5d9f844896<-02863277-f564-4bc6-8337-fb22627f6f1a#0:FAIL-t127] and 1 exception(s); ad4d83c7-0f96-47bc-a4e8-7e5d9f844896@group-24C785E9A0FC:t127, leader=null, voted=ad4d83c7-0f96-47bc-a4e8-7e5d9f844896, raftlog=ad4d83c7-0f96-47bc-a4e8-7e5d9f844896@group-24C785E9A0FC-SegmentedRaftLog:OPENED:c-1,f-1,i0, conf=-1: [3b749b59-de2a-419b-9a26-261692f5c83c:192.168.69.118:39205, ad4d83c7-0f96-47bc-a4e8-7e5d9f844896:192.168.69.118:41688, 02863277-f564-4bc6-8337-fb22627f6f1a:192.168.69.118:36850], old=null
2019-10-23 12:13:34,536 [ad4d83c7-0f96-47bc-a4e8-7e5d9f844896@group-24C785E9A0FC-LeaderElection129] INFO  impl.LeaderElection (LogUtils.java:infoOrTrace(149)) -   Exception 0: {}
java.util.concurrent.ExecutionException: org.apache.ratis.thirdparty.io.grpc.StatusRuntimeException: UNAVAILABLE: io exception
	at java.util.concurrent.FutureTask.report(FutureTask.java:122)
	at java.util.concurrent.FutureTask.get(FutureTask.java:192)
	at org.apache.ratis.server.impl.LeaderElection.waitForResults(LeaderElection.java:259)
	at org.apache.ratis.server.impl.LeaderElection.askForVotes(LeaderElection.java:197)
	at org.apache.ratis.server.impl.LeaderElection.run(LeaderElection.java:133)
	at java.lang.Thread.run(Thread.java:748)
Caused by: org.apache.ratis.thirdparty.io.grpc.StatusRuntimeException: UNAVAILABLE: io exception
	at org.apache.ratis.thirdparty.io.grpc.stub.ClientCalls.toStatusRuntimeException(ClientCalls.java:233)
	at org.apache.ratis.thirdparty.io.grpc.stub.ClientCalls.getUnchecked(ClientCalls.java:214)
	at org.apache.ratis.thirdparty.io.grpc.stub.ClientCalls.blockingUnaryCall(ClientCalls.java:139)
	at org.apache.ratis.proto.grpc.RaftServerProtocolServiceGrpc$RaftServerProtocolServiceBlockingStub.requestVote(RaftServerProtocolServiceGrpc.java:265)
	at org.apache.ratis.grpc.server.GrpcServerProtocolClient.requestVote(GrpcServerProtocolClient.java:99)
	at org.apache.ratis.grpc.server.GrpcService.requestVote(GrpcService.java:204)
	at org.apache.ratis.server.impl.LeaderElection.lambda$submitRequests$1(LeaderElection.java:234)
	at java.util.concurrent.FutureTask.run(FutureTask.java:266)
	at java.util.concurrent.Executors$RunnableAdapter.call(Executors.java:511)
	at java.util.concurrent.FutureTask.run(FutureTask.java:266)
	at java.util.concurrent.ThreadPoolExecutor.runWorker(ThreadPoolExecutor.java:1149)
	at java.util.concurrent.ThreadPoolExecutor$Worker.run(ThreadPoolExecutor.java:624)
	... 1 more
Caused by: org.apache.ratis.thirdparty.io.netty.channel.AbstractChannel$AnnotatedConnectException: Connection refused: /192.168.69.118:39205
	at sun.nio.ch.SocketChannelImpl.checkConnect(Native Method)
	at sun.nio.ch.SocketChannelImpl.finishConnect(SocketChannelImpl.java:717)
	at org.apache.ratis.thirdparty.io.netty.channel.socket.nio.NioSocketChannel.doFinishConnect(NioSocketChannel.java:327)
	at org.apache.ratis.thirdparty.io.netty.channel.nio.AbstractNioChannel$AbstractNioUnsafe.finishConnect(AbstractNioChannel.java:340)
	at org.apache.ratis.thirdparty.io.netty.channel.nio.NioEventLoop.processSelectedKey(NioEventLoop.java:632)
	at org.apache.ratis.thirdparty.io.netty.channel.nio.NioEventLoop.processSelectedKeysOptimized(NioEventLoop.java:579)
	at org.apache.ratis.thirdparty.io.netty.channel.nio.NioEventLoop.processSelectedKeys(NioEventLoop.java:496)
	at org.apache.ratis.thirdparty.io.netty.channel.nio.NioEventLoop.run(NioEventLoop.java:458)
	at org.apache.ratis.thirdparty.io.netty.util.concurrent.SingleThreadEventExecutor$5.run(SingleThreadEventExecutor.java:897)
	at org.apache.ratis.thirdparty.io.netty.util.concurrent.FastThreadLocalRunnable.run(FastThreadLocalRunnable.java:30)
	... 1 more
Caused by: java.net.ConnectException: Connection refused
	... 11 more
2019-10-23 12:13:34,537 [ad4d83c7-0f96-47bc-a4e8-7e5d9f844896@group-24C785E9A0FC-LeaderElection129] INFO  impl.RaftServerImpl (RaftServerImpl.java:setRole(184)) - ad4d83c7-0f96-47bc-a4e8-7e5d9f844896@group-24C785E9A0FC: changes role from CANDIDATE to FOLLOWER at term 127 for DISCOVERED_A_NEW_TERM
2019-10-23 12:13:34,537 [ad4d83c7-0f96-47bc-a4e8-7e5d9f844896@group-24C785E9A0FC-LeaderElection129] INFO  impl.RoleInfo (RoleInfo.java:shutdownLeaderElection(134)) - ad4d83c7-0f96-47bc-a4e8-7e5d9f844896: shutdown LeaderElection
2019-10-23 12:13:34,537 [ad4d83c7-0f96-47bc-a4e8-7e5d9f844896@group-24C785E9A0FC-LeaderElection129] INFO  impl.RoleInfo (RoleInfo.java:updateAndGet(143)) - ad4d83c7-0f96-47bc-a4e8-7e5d9f844896: start FollowerState
2019-10-23 12:13:34,558 [Thread-1377] INFO  impl.FollowerState (FollowerState.java:run(108)) - ad4d83c7-0f96-47bc-a4e8-7e5d9f844896@group-24C785E9A0FC-FollowerState: change to CANDIDATE, lastRpcTime:21ms, electionTimeout:21ms
2019-10-23 12:13:34,558 [Thread-1377] INFO  impl.RoleInfo (RoleInfo.java:shutdownFollowerState(121)) - ad4d83c7-0f96-47bc-a4e8-7e5d9f844896: shutdown FollowerState
2019-10-23 12:13:34,559 [Thread-1377] INFO  impl.RaftServerImpl (RaftServerImpl.java:setRole(184)) - ad4d83c7-0f96-47bc-a4e8-7e5d9f844896@group-24C785E9A0FC: changes role from  FOLLOWER to CANDIDATE at term 127 for changeToCandidate
2019-10-23 12:13:34,559 [Thread-1377] INFO  impl.RoleInfo (RoleInfo.java:updateAndGet(143)) - ad4d83c7-0f96-47bc-a4e8-7e5d9f844896: start LeaderElection
2019-10-23 12:13:34,569 [ad4d83c7-0f96-47bc-a4e8-7e5d9f844896@group-24C785E9A0FC-LeaderElection130] INFO  impl.LeaderElection (LeaderElection.java:askForVotes(178)) - ad4d83c7-0f96-47bc-a4e8-7e5d9f844896@group-24C785E9A0FC-LeaderElection130: begin an election at term 128 for -1: [3b749b59-de2a-419b-9a26-261692f5c83c:192.168.69.118:39205, ad4d83c7-0f96-47bc-a4e8-7e5d9f844896:192.168.69.118:41688, 02863277-f564-4bc6-8337-fb22627f6f1a:192.168.69.118:36850], old=null
2019-10-23 12:13:34,569 [ad4d83c7-0f96-47bc-a4e8-7e5d9f844896@group-24C785E9A0FC-LeaderElection130] INFO  impl.LeaderElection (LogUtils.java:infoOrTrace(149)) - ad4d83c7-0f96-47bc-a4e8-7e5d9f844896@group-24C785E9A0FC-LeaderElection130 got exception when requesting votes: {}
java.util.concurrent.ExecutionException: org.apache.ratis.thirdparty.io.grpc.StatusRuntimeException: UNAVAILABLE: io exception
	at java.util.concurrent.FutureTask.report(FutureTask.java:122)
	at java.util.concurrent.FutureTask.get(FutureTask.java:192)
	at org.apache.ratis.server.impl.LeaderElection.waitForResults(LeaderElection.java:259)
	at org.apache.ratis.server.impl.LeaderElection.askForVotes(LeaderElection.java:197)
	at org.apache.ratis.server.impl.LeaderElection.run(LeaderElection.java:133)
	at java.lang.Thread.run(Thread.java:748)
Caused by: org.apache.ratis.thirdparty.io.grpc.StatusRuntimeException: UNAVAILABLE: io exception
	at org.apache.ratis.thirdparty.io.grpc.stub.ClientCalls.toStatusRuntimeException(ClientCalls.java:233)
	at org.apache.ratis.thirdparty.io.grpc.stub.ClientCalls.getUnchecked(ClientCalls.java:214)
	at org.apache.ratis.thirdparty.io.grpc.stub.ClientCalls.blockingUnaryCall(ClientCalls.java:139)
	at org.apache.ratis.proto.grpc.RaftServerProtocolServiceGrpc$RaftServerProtocolServiceBlockingStub.requestVote(RaftServerProtocolServiceGrpc.java:265)
	at org.apache.ratis.grpc.server.GrpcServerProtocolClient.requestVote(GrpcServerProtocolClient.java:99)
	at org.apache.ratis.grpc.server.GrpcService.requestVote(GrpcService.java:204)
	at org.apache.ratis.server.impl.LeaderElection.lambda$submitRequests$1(LeaderElection.java:234)
	at java.util.concurrent.FutureTask.run(FutureTask.java:266)
	at java.util.concurrent.Executors$RunnableAdapter.call(Executors.java:511)
	at java.util.concurrent.FutureTask.run(FutureTask.java:266)
	at java.util.concurrent.ThreadPoolExecutor.runWorker(ThreadPoolExecutor.java:1149)
	at java.util.concurrent.ThreadPoolExecutor$Worker.run(ThreadPoolExecutor.java:624)
	... 1 more
Caused by: org.apache.ratis.thirdparty.io.netty.channel.AbstractChannel$AnnotatedConnectException: Connection refused: /192.168.69.118:39205
	at sun.nio.ch.SocketChannelImpl.checkConnect(Native Method)
	at sun.nio.ch.SocketChannelImpl.finishConnect(SocketChannelImpl.java:717)
	at org.apache.ratis.thirdparty.io.netty.channel.socket.nio.NioSocketChannel.doFinishConnect(NioSocketChannel.java:327)
	at org.apache.ratis.thirdparty.io.netty.channel.nio.AbstractNioChannel$AbstractNioUnsafe.finishConnect(AbstractNioChannel.java:340)
	at org.apache.ratis.thirdparty.io.netty.channel.nio.NioEventLoop.processSelectedKey(NioEventLoop.java:632)
	at org.apache.ratis.thirdparty.io.netty.channel.nio.NioEventLoop.processSelectedKeysOptimized(NioEventLoop.java:579)
	at org.apache.ratis.thirdparty.io.netty.channel.nio.NioEventLoop.processSelectedKeys(NioEventLoop.java:496)
	at org.apache.ratis.thirdparty.io.netty.channel.nio.NioEventLoop.run(NioEventLoop.java:458)
	at org.apache.ratis.thirdparty.io.netty.util.concurrent.SingleThreadEventExecutor$5.run(SingleThreadEventExecutor.java:897)
	at org.apache.ratis.thirdparty.io.netty.util.concurrent.FastThreadLocalRunnable.run(FastThreadLocalRunnable.java:30)
	... 1 more
Caused by: java.net.ConnectException: Connection refused
	... 11 more
2019-10-23 12:13:34,574 [grpc-default-executor-5] INFO  impl.RaftServerImpl (RaftServerImpl.java:setRole(184)) - 02863277-f564-4bc6-8337-fb22627f6f1a@group-24C785E9A0FC: changes role from  FOLLOWER to FOLLOWER at term 128 for recognizeCandidate:ad4d83c7-0f96-47bc-a4e8-7e5d9f844896
2019-10-23 12:13:34,574 [grpc-default-executor-5] INFO  impl.RoleInfo (RoleInfo.java:shutdownFollowerState(121)) - 02863277-f564-4bc6-8337-fb22627f6f1a: shutdown FollowerState
2019-10-23 12:13:34,574 [grpc-default-executor-5] INFO  impl.RoleInfo (RoleInfo.java:updateAndGet(143)) - 02863277-f564-4bc6-8337-fb22627f6f1a: start FollowerState
2019-10-23 12:13:34,574 [Thread-1376] INFO  impl.FollowerState (FollowerState.java:run(117)) - 02863277-f564-4bc6-8337-fb22627f6f1a@group-24C785E9A0FC-FollowerState was interrupted: java.lang.InterruptedException: sleep interrupted
2019-10-23 12:13:34,582 [ad4d83c7-0f96-47bc-a4e8-7e5d9f844896@group-24C785E9A0FC-LeaderElection130] INFO  impl.LeaderElection (LeaderElection.java:logAndReturn(56)) - ad4d83c7-0f96-47bc-a4e8-7e5d9f844896@group-24C785E9A0FC-LeaderElection130: Election REJECTED; received 1 response(s) [ad4d83c7-0f96-47bc-a4e8-7e5d9f844896<-02863277-f564-4bc6-8337-fb22627f6f1a#0:FAIL-t128] and 1 exception(s); ad4d83c7-0f96-47bc-a4e8-7e5d9f844896@group-24C785E9A0FC:t128, leader=null, voted=ad4d83c7-0f96-47bc-a4e8-7e5d9f844896, raftlog=ad4d83c7-0f96-47bc-a4e8-7e5d9f844896@group-24C785E9A0FC-SegmentedRaftLog:OPENED:c-1,f-1,i0, conf=-1: [3b749b59-de2a-419b-9a26-261692f5c83c:192.168.69.118:39205, ad4d83c7-0f96-47bc-a4e8-7e5d9f844896:192.168.69.118:41688, 02863277-f564-4bc6-8337-fb22627f6f1a:192.168.69.118:36850], old=null
2019-10-23 12:13:34,582 [ad4d83c7-0f96-47bc-a4e8-7e5d9f844896@group-24C785E9A0FC-LeaderElection130] INFO  impl.LeaderElection (LogUtils.java:infoOrTrace(149)) -   Exception 0: {}
java.util.concurrent.ExecutionException: org.apache.ratis.thirdparty.io.grpc.StatusRuntimeException: UNAVAILABLE: io exception
	at java.util.concurrent.FutureTask.report(FutureTask.java:122)
	at java.util.concurrent.FutureTask.get(FutureTask.java:192)
	at org.apache.ratis.server.impl.LeaderElection.waitForResults(LeaderElection.java:259)
	at org.apache.ratis.server.impl.LeaderElection.askForVotes(LeaderElection.java:197)
	at org.apache.ratis.server.impl.LeaderElection.run(LeaderElection.java:133)
	at java.lang.Thread.run(Thread.java:748)
Caused by: org.apache.ratis.thirdparty.io.grpc.StatusRuntimeException: UNAVAILABLE: io exception
	at org.apache.ratis.thirdparty.io.grpc.stub.ClientCalls.toStatusRuntimeException(ClientCalls.java:233)
	at org.apache.ratis.thirdparty.io.grpc.stub.ClientCalls.getUnchecked(ClientCalls.java:214)
	at org.apache.ratis.thirdparty.io.grpc.stub.ClientCalls.blockingUnaryCall(ClientCalls.java:139)
	at org.apache.ratis.proto.grpc.RaftServerProtocolServiceGrpc$RaftServerProtocolServiceBlockingStub.requestVote(RaftServerProtocolServiceGrpc.java:265)
	at org.apache.ratis.grpc.server.GrpcServerProtocolClient.requestVote(GrpcServerProtocolClient.java:99)
	at org.apache.ratis.grpc.server.GrpcService.requestVote(GrpcService.java:204)
	at org.apache.ratis.server.impl.LeaderElection.lambda$submitRequests$1(LeaderElection.java:234)
	at java.util.concurrent.FutureTask.run(FutureTask.java:266)
	at java.util.concurrent.Executors$RunnableAdapter.call(Executors.java:511)
	at java.util.concurrent.FutureTask.run(FutureTask.java:266)
	at java.util.concurrent.ThreadPoolExecutor.runWorker(ThreadPoolExecutor.java:1149)
	at java.util.concurrent.ThreadPoolExecutor$Worker.run(ThreadPoolExecutor.java:624)
	... 1 more
Caused by: org.apache.ratis.thirdparty.io.netty.channel.AbstractChannel$AnnotatedConnectException: Connection refused: /192.168.69.118:39205
	at sun.nio.ch.SocketChannelImpl.checkConnect(Native Method)
	at sun.nio.ch.SocketChannelImpl.finishConnect(SocketChannelImpl.java:717)
	at org.apache.ratis.thirdparty.io.netty.channel.socket.nio.NioSocketChannel.doFinishConnect(NioSocketChannel.java:327)
	at org.apache.ratis.thirdparty.io.netty.channel.nio.AbstractNioChannel$AbstractNioUnsafe.finishConnect(AbstractNioChannel.java:340)
	at org.apache.ratis.thirdparty.io.netty.channel.nio.NioEventLoop.processSelectedKey(NioEventLoop.java:632)
	at org.apache.ratis.thirdparty.io.netty.channel.nio.NioEventLoop.processSelectedKeysOptimized(NioEventLoop.java:579)
	at org.apache.ratis.thirdparty.io.netty.channel.nio.NioEventLoop.processSelectedKeys(NioEventLoop.java:496)
	at org.apache.ratis.thirdparty.io.netty.channel.nio.NioEventLoop.run(NioEventLoop.java:458)
	at org.apache.ratis.thirdparty.io.netty.util.concurrent.SingleThreadEventExecutor$5.run(SingleThreadEventExecutor.java:897)
	at org.apache.ratis.thirdparty.io.netty.util.concurrent.FastThreadLocalRunnable.run(FastThreadLocalRunnable.java:30)
	... 1 more
Caused by: java.net.ConnectException: Connection refused
	... 11 more
2019-10-23 12:13:34,583 [ad4d83c7-0f96-47bc-a4e8-7e5d9f844896@group-24C785E9A0FC-LeaderElection130] INFO  impl.RaftServerImpl (RaftServerImpl.java:setRole(184)) - ad4d83c7-0f96-47bc-a4e8-7e5d9f844896@group-24C785E9A0FC: changes role from CANDIDATE to FOLLOWER at term 128 for DISCOVERED_A_NEW_TERM
2019-10-23 12:13:34,583 [ad4d83c7-0f96-47bc-a4e8-7e5d9f844896@group-24C785E9A0FC-LeaderElection130] INFO  impl.RoleInfo (RoleInfo.java:shutdownLeaderElection(134)) - ad4d83c7-0f96-47bc-a4e8-7e5d9f844896: shutdown LeaderElection
2019-10-23 12:13:34,583 [ad4d83c7-0f96-47bc-a4e8-7e5d9f844896@group-24C785E9A0FC-LeaderElection130] INFO  impl.RoleInfo (RoleInfo.java:updateAndGet(143)) - ad4d83c7-0f96-47bc-a4e8-7e5d9f844896: start FollowerState
2019-10-23 12:13:34,719 [Thread-1384] INFO  impl.FollowerState (FollowerState.java:run(108)) - ad4d83c7-0f96-47bc-a4e8-7e5d9f844896@group-24C785E9A0FC-FollowerState: change to CANDIDATE, lastRpcTime:136ms, electionTimeout:136ms
2019-10-23 12:13:34,719 [Thread-1384] INFO  impl.RoleInfo (RoleInfo.java:shutdownFollowerState(121)) - ad4d83c7-0f96-47bc-a4e8-7e5d9f844896: shutdown FollowerState
2019-10-23 12:13:34,720 [Thread-1384] INFO  impl.RaftServerImpl (RaftServerImpl.java:setRole(184)) - ad4d83c7-0f96-47bc-a4e8-7e5d9f844896@group-24C785E9A0FC: changes role from  FOLLOWER to CANDIDATE at term 128 for changeToCandidate
2019-10-23 12:13:34,720 [Thread-1384] INFO  impl.RoleInfo (RoleInfo.java:updateAndGet(143)) - ad4d83c7-0f96-47bc-a4e8-7e5d9f844896: start LeaderElection
2019-10-23 12:13:34,728 [ad4d83c7-0f96-47bc-a4e8-7e5d9f844896@group-24C785E9A0FC-LeaderElection131] INFO  impl.LeaderElection (LeaderElection.java:askForVotes(178)) - ad4d83c7-0f96-47bc-a4e8-7e5d9f844896@group-24C785E9A0FC-LeaderElection131: begin an election at term 129 for -1: [3b749b59-de2a-419b-9a26-261692f5c83c:192.168.69.118:39205, ad4d83c7-0f96-47bc-a4e8-7e5d9f844896:192.168.69.118:41688, 02863277-f564-4bc6-8337-fb22627f6f1a:192.168.69.118:36850], old=null
2019-10-23 12:13:34,729 [ad4d83c7-0f96-47bc-a4e8-7e5d9f844896@group-24C785E9A0FC-LeaderElection131] INFO  impl.LeaderElection (LogUtils.java:infoOrTrace(149)) - ad4d83c7-0f96-47bc-a4e8-7e5d9f844896@group-24C785E9A0FC-LeaderElection131 got exception when requesting votes: {}
java.util.concurrent.ExecutionException: org.apache.ratis.thirdparty.io.grpc.StatusRuntimeException: UNAVAILABLE: io exception
	at java.util.concurrent.FutureTask.report(FutureTask.java:122)
	at java.util.concurrent.FutureTask.get(FutureTask.java:192)
	at org.apache.ratis.server.impl.LeaderElection.waitForResults(LeaderElection.java:259)
	at org.apache.ratis.server.impl.LeaderElection.askForVotes(LeaderElection.java:197)
	at org.apache.ratis.server.impl.LeaderElection.run(LeaderElection.java:133)
	at java.lang.Thread.run(Thread.java:748)
Caused by: org.apache.ratis.thirdparty.io.grpc.StatusRuntimeException: UNAVAILABLE: io exception
	at org.apache.ratis.thirdparty.io.grpc.stub.ClientCalls.toStatusRuntimeException(ClientCalls.java:233)
	at org.apache.ratis.thirdparty.io.grpc.stub.ClientCalls.getUnchecked(ClientCalls.java:214)
	at org.apache.ratis.thirdparty.io.grpc.stub.ClientCalls.blockingUnaryCall(ClientCalls.java:139)
	at org.apache.ratis.proto.grpc.RaftServerProtocolServiceGrpc$RaftServerProtocolServiceBlockingStub.requestVote(RaftServerProtocolServiceGrpc.java:265)
	at org.apache.ratis.grpc.server.GrpcServerProtocolClient.requestVote(GrpcServerProtocolClient.java:99)
	at org.apache.ratis.grpc.server.GrpcService.requestVote(GrpcService.java:204)
	at org.apache.ratis.server.impl.LeaderElection.lambda$submitRequests$1(LeaderElection.java:234)
	at java.util.concurrent.FutureTask.run(FutureTask.java:266)
	at java.util.concurrent.Executors$RunnableAdapter.call(Executors.java:511)
	at java.util.concurrent.FutureTask.run(FutureTask.java:266)
	at java.util.concurrent.ThreadPoolExecutor.runWorker(ThreadPoolExecutor.java:1149)
	at java.util.concurrent.ThreadPoolExecutor$Worker.run(ThreadPoolExecutor.java:624)
	... 1 more
Caused by: org.apache.ratis.thirdparty.io.netty.channel.AbstractChannel$AnnotatedConnectException: Connection refused: /192.168.69.118:39205
	at sun.nio.ch.SocketChannelImpl.checkConnect(Native Method)
	at sun.nio.ch.SocketChannelImpl.finishConnect(SocketChannelImpl.java:717)
	at org.apache.ratis.thirdparty.io.netty.channel.socket.nio.NioSocketChannel.doFinishConnect(NioSocketChannel.java:327)
	at org.apache.ratis.thirdparty.io.netty.channel.nio.AbstractNioChannel$AbstractNioUnsafe.finishConnect(AbstractNioChannel.java:340)
	at org.apache.ratis.thirdparty.io.netty.channel.nio.NioEventLoop.processSelectedKey(NioEventLoop.java:632)
	at org.apache.ratis.thirdparty.io.netty.channel.nio.NioEventLoop.processSelectedKeysOptimized(NioEventLoop.java:579)
	at org.apache.ratis.thirdparty.io.netty.channel.nio.NioEventLoop.processSelectedKeys(NioEventLoop.java:496)
	at org.apache.ratis.thirdparty.io.netty.channel.nio.NioEventLoop.run(NioEventLoop.java:458)
	at org.apache.ratis.thirdparty.io.netty.util.concurrent.SingleThreadEventExecutor$5.run(SingleThreadEventExecutor.java:897)
	at org.apache.ratis.thirdparty.io.netty.util.concurrent.FastThreadLocalRunnable.run(FastThreadLocalRunnable.java:30)
	... 1 more
Caused by: java.net.ConnectException: Connection refused
	... 11 more
2019-10-23 12:13:34,732 [grpc-default-executor-3] INFO  impl.RaftServerImpl (RaftServerImpl.java:setRole(184)) - 02863277-f564-4bc6-8337-fb22627f6f1a@group-24C785E9A0FC: changes role from  FOLLOWER to FOLLOWER at term 129 for recognizeCandidate:ad4d83c7-0f96-47bc-a4e8-7e5d9f844896
2019-10-23 12:13:34,732 [grpc-default-executor-3] INFO  impl.RoleInfo (RoleInfo.java:shutdownFollowerState(121)) - 02863277-f564-4bc6-8337-fb22627f6f1a: shutdown FollowerState
2019-10-23 12:13:34,733 [grpc-default-executor-3] INFO  impl.RoleInfo (RoleInfo.java:updateAndGet(143)) - 02863277-f564-4bc6-8337-fb22627f6f1a: start FollowerState
2019-10-23 12:13:34,733 [Thread-1383] INFO  impl.FollowerState (FollowerState.java:run(117)) - 02863277-f564-4bc6-8337-fb22627f6f1a@group-24C785E9A0FC-FollowerState was interrupted: java.lang.InterruptedException: sleep interrupted
2019-10-23 12:13:34,742 [ad4d83c7-0f96-47bc-a4e8-7e5d9f844896@group-24C785E9A0FC-LeaderElection131] INFO  impl.LeaderElection (LeaderElection.java:logAndReturn(56)) - ad4d83c7-0f96-47bc-a4e8-7e5d9f844896@group-24C785E9A0FC-LeaderElection131: Election REJECTED; received 1 response(s) [ad4d83c7-0f96-47bc-a4e8-7e5d9f844896<-02863277-f564-4bc6-8337-fb22627f6f1a#0:FAIL-t129] and 1 exception(s); ad4d83c7-0f96-47bc-a4e8-7e5d9f844896@group-24C785E9A0FC:t129, leader=null, voted=ad4d83c7-0f96-47bc-a4e8-7e5d9f844896, raftlog=ad4d83c7-0f96-47bc-a4e8-7e5d9f844896@group-24C785E9A0FC-SegmentedRaftLog:OPENED:c-1,f-1,i0, conf=-1: [3b749b59-de2a-419b-9a26-261692f5c83c:192.168.69.118:39205, ad4d83c7-0f96-47bc-a4e8-7e5d9f844896:192.168.69.118:41688, 02863277-f564-4bc6-8337-fb22627f6f1a:192.168.69.118:36850], old=null
2019-10-23 12:13:34,742 [ad4d83c7-0f96-47bc-a4e8-7e5d9f844896@group-24C785E9A0FC-LeaderElection131] INFO  impl.LeaderElection (LogUtils.java:infoOrTrace(149)) -   Exception 0: {}
java.util.concurrent.ExecutionException: org.apache.ratis.thirdparty.io.grpc.StatusRuntimeException: UNAVAILABLE: io exception
	at java.util.concurrent.FutureTask.report(FutureTask.java:122)
	at java.util.concurrent.FutureTask.get(FutureTask.java:192)
	at org.apache.ratis.server.impl.LeaderElection.waitForResults(LeaderElection.java:259)
	at org.apache.ratis.server.impl.LeaderElection.askForVotes(LeaderElection.java:197)
	at org.apache.ratis.server.impl.LeaderElection.run(LeaderElection.java:133)
	at java.lang.Thread.run(Thread.java:748)
Caused by: org.apache.ratis.thirdparty.io.grpc.StatusRuntimeException: UNAVAILABLE: io exception
	at org.apache.ratis.thirdparty.io.grpc.stub.ClientCalls.toStatusRuntimeException(ClientCalls.java:233)
	at org.apache.ratis.thirdparty.io.grpc.stub.ClientCalls.getUnchecked(ClientCalls.java:214)
	at org.apache.ratis.thirdparty.io.grpc.stub.ClientCalls.blockingUnaryCall(ClientCalls.java:139)
	at org.apache.ratis.proto.grpc.RaftServerProtocolServiceGrpc$RaftServerProtocolServiceBlockingStub.requestVote(RaftServerProtocolServiceGrpc.java:265)
	at org.apache.ratis.grpc.server.GrpcServerProtocolClient.requestVote(GrpcServerProtocolClient.java:99)
	at org.apache.ratis.grpc.server.GrpcService.requestVote(GrpcService.java:204)
	at org.apache.ratis.server.impl.LeaderElection.lambda$submitRequests$1(LeaderElection.java:234)
	at java.util.concurrent.FutureTask.run(FutureTask.java:266)
	at java.util.concurrent.Executors$RunnableAdapter.call(Executors.java:511)
	at java.util.concurrent.FutureTask.run(FutureTask.java:266)
	at java.util.concurrent.ThreadPoolExecutor.runWorker(ThreadPoolExecutor.java:1149)
	at java.util.concurrent.ThreadPoolExecutor$Worker.run(ThreadPoolExecutor.java:624)
	... 1 more
Caused by: org.apache.ratis.thirdparty.io.netty.channel.AbstractChannel$AnnotatedConnectException: Connection refused: /192.168.69.118:39205
	at sun.nio.ch.SocketChannelImpl.checkConnect(Native Method)
	at sun.nio.ch.SocketChannelImpl.finishConnect(SocketChannelImpl.java:717)
	at org.apache.ratis.thirdparty.io.netty.channel.socket.nio.NioSocketChannel.doFinishConnect(NioSocketChannel.java:327)
	at org.apache.ratis.thirdparty.io.netty.channel.nio.AbstractNioChannel$AbstractNioUnsafe.finishConnect(AbstractNioChannel.java:340)
	at org.apache.ratis.thirdparty.io.netty.channel.nio.NioEventLoop.processSelectedKey(NioEventLoop.java:632)
	at org.apache.ratis.thirdparty.io.netty.channel.nio.NioEventLoop.processSelectedKeysOptimized(NioEventLoop.java:579)
	at org.apache.ratis.thirdparty.io.netty.channel.nio.NioEventLoop.processSelectedKeys(NioEventLoop.java:496)
	at org.apache.ratis.thirdparty.io.netty.channel.nio.NioEventLoop.run(NioEventLoop.java:458)
	at org.apache.ratis.thirdparty.io.netty.util.concurrent.SingleThreadEventExecutor$5.run(SingleThreadEventExecutor.java:897)
	at org.apache.ratis.thirdparty.io.netty.util.concurrent.FastThreadLocalRunnable.run(FastThreadLocalRunnable.java:30)
	... 1 more
Caused by: java.net.ConnectException: Connection refused
	... 11 more
2019-10-23 12:13:34,742 [ad4d83c7-0f96-47bc-a4e8-7e5d9f844896@group-24C785E9A0FC-LeaderElection131] INFO  impl.RaftServerImpl (RaftServerImpl.java:setRole(184)) - ad4d83c7-0f96-47bc-a4e8-7e5d9f844896@group-24C785E9A0FC: changes role from CANDIDATE to FOLLOWER at term 129 for DISCOVERED_A_NEW_TERM
2019-10-23 12:13:34,742 [ad4d83c7-0f96-47bc-a4e8-7e5d9f844896@group-24C785E9A0FC-LeaderElection131] INFO  impl.RoleInfo (RoleInfo.java:shutdownLeaderElection(134)) - ad4d83c7-0f96-47bc-a4e8-7e5d9f844896: shutdown LeaderElection
2019-10-23 12:13:34,743 [ad4d83c7-0f96-47bc-a4e8-7e5d9f844896@group-24C785E9A0FC-LeaderElection131] INFO  impl.RoleInfo (RoleInfo.java:updateAndGet(143)) - ad4d83c7-0f96-47bc-a4e8-7e5d9f844896: start FollowerState
2019-10-23 12:13:34,894 [Thread-1391] INFO  impl.FollowerState (FollowerState.java:run(108)) - ad4d83c7-0f96-47bc-a4e8-7e5d9f844896@group-24C785E9A0FC-FollowerState: change to CANDIDATE, lastRpcTime:151ms, electionTimeout:151ms
2019-10-23 12:13:34,894 [Thread-1391] INFO  impl.RoleInfo (RoleInfo.java:shutdownFollowerState(121)) - ad4d83c7-0f96-47bc-a4e8-7e5d9f844896: shutdown FollowerState
2019-10-23 12:13:34,894 [Thread-1391] INFO  impl.RaftServerImpl (RaftServerImpl.java:setRole(184)) - ad4d83c7-0f96-47bc-a4e8-7e5d9f844896@group-24C785E9A0FC: changes role from  FOLLOWER to CANDIDATE at term 129 for changeToCandidate
2019-10-23 12:13:34,894 [Thread-1391] INFO  impl.RoleInfo (RoleInfo.java:updateAndGet(143)) - ad4d83c7-0f96-47bc-a4e8-7e5d9f844896: start LeaderElection
2019-10-23 12:13:34,901 [ad4d83c7-0f96-47bc-a4e8-7e5d9f844896@group-24C785E9A0FC-LeaderElection132] INFO  impl.LeaderElection (LeaderElection.java:askForVotes(178)) - ad4d83c7-0f96-47bc-a4e8-7e5d9f844896@group-24C785E9A0FC-LeaderElection132: begin an election at term 130 for -1: [3b749b59-de2a-419b-9a26-261692f5c83c:192.168.69.118:39205, ad4d83c7-0f96-47bc-a4e8-7e5d9f844896:192.168.69.118:41688, 02863277-f564-4bc6-8337-fb22627f6f1a:192.168.69.118:36850], old=null
2019-10-23 12:13:34,902 [ad4d83c7-0f96-47bc-a4e8-7e5d9f844896@group-24C785E9A0FC-LeaderElection132] INFO  impl.LeaderElection (LogUtils.java:infoOrTrace(149)) - ad4d83c7-0f96-47bc-a4e8-7e5d9f844896@group-24C785E9A0FC-LeaderElection132 got exception when requesting votes: {}
java.util.concurrent.ExecutionException: org.apache.ratis.thirdparty.io.grpc.StatusRuntimeException: UNAVAILABLE: io exception
	at java.util.concurrent.FutureTask.report(FutureTask.java:122)
	at java.util.concurrent.FutureTask.get(FutureTask.java:192)
	at org.apache.ratis.server.impl.LeaderElection.waitForResults(LeaderElection.java:259)
	at org.apache.ratis.server.impl.LeaderElection.askForVotes(LeaderElection.java:197)
	at org.apache.ratis.server.impl.LeaderElection.run(LeaderElection.java:133)
	at java.lang.Thread.run(Thread.java:748)
Caused by: org.apache.ratis.thirdparty.io.grpc.StatusRuntimeException: UNAVAILABLE: io exception
	at org.apache.ratis.thirdparty.io.grpc.stub.ClientCalls.toStatusRuntimeException(ClientCalls.java:233)
	at org.apache.ratis.thirdparty.io.grpc.stub.ClientCalls.getUnchecked(ClientCalls.java:214)
	at org.apache.ratis.thirdparty.io.grpc.stub.ClientCalls.blockingUnaryCall(ClientCalls.java:139)
	at org.apache.ratis.proto.grpc.RaftServerProtocolServiceGrpc$RaftServerProtocolServiceBlockingStub.requestVote(RaftServerProtocolServiceGrpc.java:265)
	at org.apache.ratis.grpc.server.GrpcServerProtocolClient.requestVote(GrpcServerProtocolClient.java:99)
	at org.apache.ratis.grpc.server.GrpcService.requestVote(GrpcService.java:204)
	at org.apache.ratis.server.impl.LeaderElection.lambda$submitRequests$1(LeaderElection.java:234)
	at java.util.concurrent.FutureTask.run(FutureTask.java:266)
	at java.util.concurrent.Executors$RunnableAdapter.call(Executors.java:511)
	at java.util.concurrent.FutureTask.run(FutureTask.java:266)
	at java.util.concurrent.ThreadPoolExecutor.runWorker(ThreadPoolExecutor.java:1149)
	at java.util.concurrent.ThreadPoolExecutor$Worker.run(ThreadPoolExecutor.java:624)
	... 1 more
Caused by: org.apache.ratis.thirdparty.io.netty.channel.AbstractChannel$AnnotatedConnectException: Connection refused: /192.168.69.118:39205
	at sun.nio.ch.SocketChannelImpl.checkConnect(Native Method)
	at sun.nio.ch.SocketChannelImpl.finishConnect(SocketChannelImpl.java:717)
	at org.apache.ratis.thirdparty.io.netty.channel.socket.nio.NioSocketChannel.doFinishConnect(NioSocketChannel.java:327)
	at org.apache.ratis.thirdparty.io.netty.channel.nio.AbstractNioChannel$AbstractNioUnsafe.finishConnect(AbstractNioChannel.java:340)
	at org.apache.ratis.thirdparty.io.netty.channel.nio.NioEventLoop.processSelectedKey(NioEventLoop.java:632)
	at org.apache.ratis.thirdparty.io.netty.channel.nio.NioEventLoop.processSelectedKeysOptimized(NioEventLoop.java:579)
	at org.apache.ratis.thirdparty.io.netty.channel.nio.NioEventLoop.processSelectedKeys(NioEventLoop.java:496)
	at org.apache.ratis.thirdparty.io.netty.channel.nio.NioEventLoop.run(NioEventLoop.java:458)
	at org.apache.ratis.thirdparty.io.netty.util.concurrent.SingleThreadEventExecutor$5.run(SingleThreadEventExecutor.java:897)
	at org.apache.ratis.thirdparty.io.netty.util.concurrent.FastThreadLocalRunnable.run(FastThreadLocalRunnable.java:30)
	... 1 more
Caused by: java.net.ConnectException: Connection refused
	... 11 more
2019-10-23 12:13:34,906 [grpc-default-executor-3] INFO  impl.RaftServerImpl (RaftServerImpl.java:setRole(184)) - 02863277-f564-4bc6-8337-fb22627f6f1a@group-24C785E9A0FC: changes role from  FOLLOWER to FOLLOWER at term 130 for recognizeCandidate:ad4d83c7-0f96-47bc-a4e8-7e5d9f844896
2019-10-23 12:13:34,906 [grpc-default-executor-3] INFO  impl.RoleInfo (RoleInfo.java:shutdownFollowerState(121)) - 02863277-f564-4bc6-8337-fb22627f6f1a: shutdown FollowerState
2019-10-23 12:13:34,906 [grpc-default-executor-3] INFO  impl.RoleInfo (RoleInfo.java:updateAndGet(143)) - 02863277-f564-4bc6-8337-fb22627f6f1a: start FollowerState
2019-10-23 12:13:34,906 [Thread-1390] INFO  impl.FollowerState (FollowerState.java:run(117)) - 02863277-f564-4bc6-8337-fb22627f6f1a@group-24C785E9A0FC-FollowerState was interrupted: java.lang.InterruptedException: sleep interrupted
2019-10-23 12:13:34,912 [ad4d83c7-0f96-47bc-a4e8-7e5d9f844896@group-24C785E9A0FC-LeaderElection132] INFO  impl.LeaderElection (LeaderElection.java:logAndReturn(56)) - ad4d83c7-0f96-47bc-a4e8-7e5d9f844896@group-24C785E9A0FC-LeaderElection132: Election REJECTED; received 1 response(s) [ad4d83c7-0f96-47bc-a4e8-7e5d9f844896<-02863277-f564-4bc6-8337-fb22627f6f1a#0:FAIL-t130] and 1 exception(s); ad4d83c7-0f96-47bc-a4e8-7e5d9f844896@group-24C785E9A0FC:t130, leader=null, voted=ad4d83c7-0f96-47bc-a4e8-7e5d9f844896, raftlog=ad4d83c7-0f96-47bc-a4e8-7e5d9f844896@group-24C785E9A0FC-SegmentedRaftLog:OPENED:c-1,f-1,i0, conf=-1: [3b749b59-de2a-419b-9a26-261692f5c83c:192.168.69.118:39205, ad4d83c7-0f96-47bc-a4e8-7e5d9f844896:192.168.69.118:41688, 02863277-f564-4bc6-8337-fb22627f6f1a:192.168.69.118:36850], old=null
2019-10-23 12:13:34,912 [ad4d83c7-0f96-47bc-a4e8-7e5d9f844896@group-24C785E9A0FC-LeaderElection132] INFO  impl.LeaderElection (LogUtils.java:infoOrTrace(149)) -   Exception 0: {}
java.util.concurrent.ExecutionException: org.apache.ratis.thirdparty.io.grpc.StatusRuntimeException: UNAVAILABLE: io exception
	at java.util.concurrent.FutureTask.report(FutureTask.java:122)
	at java.util.concurrent.FutureTask.get(FutureTask.java:192)
	at org.apache.ratis.server.impl.LeaderElection.waitForResults(LeaderElection.java:259)
	at org.apache.ratis.server.impl.LeaderElection.askForVotes(LeaderElection.java:197)
	at org.apache.ratis.server.impl.LeaderElection.run(LeaderElection.java:133)
	at java.lang.Thread.run(Thread.java:748)
Caused by: org.apache.ratis.thirdparty.io.grpc.StatusRuntimeException: UNAVAILABLE: io exception
	at org.apache.ratis.thirdparty.io.grpc.stub.ClientCalls.toStatusRuntimeException(ClientCalls.java:233)
	at org.apache.ratis.thirdparty.io.grpc.stub.ClientCalls.getUnchecked(ClientCalls.java:214)
	at org.apache.ratis.thirdparty.io.grpc.stub.ClientCalls.blockingUnaryCall(ClientCalls.java:139)
	at org.apache.ratis.proto.grpc.RaftServerProtocolServiceGrpc$RaftServerProtocolServiceBlockingStub.requestVote(RaftServerProtocolServiceGrpc.java:265)
	at org.apache.ratis.grpc.server.GrpcServerProtocolClient.requestVote(GrpcServerProtocolClient.java:99)
	at org.apache.ratis.grpc.server.GrpcService.requestVote(GrpcService.java:204)
	at org.apache.ratis.server.impl.LeaderElection.lambda$submitRequests$1(LeaderElection.java:234)
	at java.util.concurrent.FutureTask.run(FutureTask.java:266)
	at java.util.concurrent.Executors$RunnableAdapter.call(Executors.java:511)
	at java.util.concurrent.FutureTask.run(FutureTask.java:266)
	at java.util.concurrent.ThreadPoolExecutor.runWorker(ThreadPoolExecutor.java:1149)
	at java.util.concurrent.ThreadPoolExecutor$Worker.run(ThreadPoolExecutor.java:624)
	... 1 more
Caused by: org.apache.ratis.thirdparty.io.netty.channel.AbstractChannel$AnnotatedConnectException: Connection refused: /192.168.69.118:39205
	at sun.nio.ch.SocketChannelImpl.checkConnect(Native Method)
	at sun.nio.ch.SocketChannelImpl.finishConnect(SocketChannelImpl.java:717)
	at org.apache.ratis.thirdparty.io.netty.channel.socket.nio.NioSocketChannel.doFinishConnect(NioSocketChannel.java:327)
	at org.apache.ratis.thirdparty.io.netty.channel.nio.AbstractNioChannel$AbstractNioUnsafe.finishConnect(AbstractNioChannel.java:340)
	at org.apache.ratis.thirdparty.io.netty.channel.nio.NioEventLoop.processSelectedKey(NioEventLoop.java:632)
	at org.apache.ratis.thirdparty.io.netty.channel.nio.NioEventLoop.processSelectedKeysOptimized(NioEventLoop.java:579)
	at org.apache.ratis.thirdparty.io.netty.channel.nio.NioEventLoop.processSelectedKeys(NioEventLoop.java:496)
	at org.apache.ratis.thirdparty.io.netty.channel.nio.NioEventLoop.run(NioEventLoop.java:458)
	at org.apache.ratis.thirdparty.io.netty.util.concurrent.SingleThreadEventExecutor$5.run(SingleThreadEventExecutor.java:897)
	at org.apache.ratis.thirdparty.io.netty.util.concurrent.FastThreadLocalRunnable.run(FastThreadLocalRunnable.java:30)
	... 1 more
Caused by: java.net.ConnectException: Connection refused
	... 11 more
2019-10-23 12:13:34,913 [ad4d83c7-0f96-47bc-a4e8-7e5d9f844896@group-24C785E9A0FC-LeaderElection132] INFO  impl.RaftServerImpl (RaftServerImpl.java:setRole(184)) - ad4d83c7-0f96-47bc-a4e8-7e5d9f844896@group-24C785E9A0FC: changes role from CANDIDATE to FOLLOWER at term 130 for DISCOVERED_A_NEW_TERM
2019-10-23 12:13:34,913 [ad4d83c7-0f96-47bc-a4e8-7e5d9f844896@group-24C785E9A0FC-LeaderElection132] INFO  impl.RoleInfo (RoleInfo.java:shutdownLeaderElection(134)) - ad4d83c7-0f96-47bc-a4e8-7e5d9f844896: shutdown LeaderElection
2019-10-23 12:13:34,913 [ad4d83c7-0f96-47bc-a4e8-7e5d9f844896@group-24C785E9A0FC-LeaderElection132] INFO  impl.RoleInfo (RoleInfo.java:updateAndGet(143)) - ad4d83c7-0f96-47bc-a4e8-7e5d9f844896: start FollowerState
2019-10-23 12:13:35,098 [Thread-1396] INFO  impl.FollowerState (FollowerState.java:run(108)) - ad4d83c7-0f96-47bc-a4e8-7e5d9f844896@group-24C785E9A0FC-FollowerState: change to CANDIDATE, lastRpcTime:185ms, electionTimeout:185ms
2019-10-23 12:13:35,098 [Thread-1396] INFO  impl.RoleInfo (RoleInfo.java:shutdownFollowerState(121)) - ad4d83c7-0f96-47bc-a4e8-7e5d9f844896: shutdown FollowerState
2019-10-23 12:13:35,099 [Thread-1396] INFO  impl.RaftServerImpl (RaftServerImpl.java:setRole(184)) - ad4d83c7-0f96-47bc-a4e8-7e5d9f844896@group-24C785E9A0FC: changes role from  FOLLOWER to CANDIDATE at term 130 for changeToCandidate
2019-10-23 12:13:35,099 [Thread-1396] INFO  impl.RoleInfo (RoleInfo.java:updateAndGet(143)) - ad4d83c7-0f96-47bc-a4e8-7e5d9f844896: start LeaderElection
2019-10-23 12:13:35,112 [ad4d83c7-0f96-47bc-a4e8-7e5d9f844896@group-24C785E9A0FC-LeaderElection133] INFO  impl.LeaderElection (LeaderElection.java:askForVotes(178)) - ad4d83c7-0f96-47bc-a4e8-7e5d9f844896@group-24C785E9A0FC-LeaderElection133: begin an election at term 131 for -1: [3b749b59-de2a-419b-9a26-261692f5c83c:192.168.69.118:39205, ad4d83c7-0f96-47bc-a4e8-7e5d9f844896:192.168.69.118:41688, 02863277-f564-4bc6-8337-fb22627f6f1a:192.168.69.118:36850], old=null
2019-10-23 12:13:35,113 [ad4d83c7-0f96-47bc-a4e8-7e5d9f844896@group-24C785E9A0FC-LeaderElection133] INFO  impl.LeaderElection (LogUtils.java:infoOrTrace(149)) - ad4d83c7-0f96-47bc-a4e8-7e5d9f844896@group-24C785E9A0FC-LeaderElection133 got exception when requesting votes: {}
java.util.concurrent.ExecutionException: org.apache.ratis.thirdparty.io.grpc.StatusRuntimeException: UNAVAILABLE: io exception
	at java.util.concurrent.FutureTask.report(FutureTask.java:122)
	at java.util.concurrent.FutureTask.get(FutureTask.java:192)
	at org.apache.ratis.server.impl.LeaderElection.waitForResults(LeaderElection.java:259)
	at org.apache.ratis.server.impl.LeaderElection.askForVotes(LeaderElection.java:197)
	at org.apache.ratis.server.impl.LeaderElection.run(LeaderElection.java:133)
	at java.lang.Thread.run(Thread.java:748)
Caused by: org.apache.ratis.thirdparty.io.grpc.StatusRuntimeException: UNAVAILABLE: io exception
	at org.apache.ratis.thirdparty.io.grpc.stub.ClientCalls.toStatusRuntimeException(ClientCalls.java:233)
	at org.apache.ratis.thirdparty.io.grpc.stub.ClientCalls.getUnchecked(ClientCalls.java:214)
	at org.apache.ratis.thirdparty.io.grpc.stub.ClientCalls.blockingUnaryCall(ClientCalls.java:139)
	at org.apache.ratis.proto.grpc.RaftServerProtocolServiceGrpc$RaftServerProtocolServiceBlockingStub.requestVote(RaftServerProtocolServiceGrpc.java:265)
	at org.apache.ratis.grpc.server.GrpcServerProtocolClient.requestVote(GrpcServerProtocolClient.java:99)
	at org.apache.ratis.grpc.server.GrpcService.requestVote(GrpcService.java:204)
	at org.apache.ratis.server.impl.LeaderElection.lambda$submitRequests$1(LeaderElection.java:234)
	at java.util.concurrent.FutureTask.run(FutureTask.java:266)
	at java.util.concurrent.Executors$RunnableAdapter.call(Executors.java:511)
	at java.util.concurrent.FutureTask.run(FutureTask.java:266)
	at java.util.concurrent.ThreadPoolExecutor.runWorker(ThreadPoolExecutor.java:1149)
	at java.util.concurrent.ThreadPoolExecutor$Worker.run(ThreadPoolExecutor.java:624)
	... 1 more
Caused by: org.apache.ratis.thirdparty.io.netty.channel.AbstractChannel$AnnotatedConnectException: Connection refused: /192.168.69.118:39205
	at sun.nio.ch.SocketChannelImpl.checkConnect(Native Method)
	at sun.nio.ch.SocketChannelImpl.finishConnect(SocketChannelImpl.java:717)
	at org.apache.ratis.thirdparty.io.netty.channel.socket.nio.NioSocketChannel.doFinishConnect(NioSocketChannel.java:327)
	at org.apache.ratis.thirdparty.io.netty.channel.nio.AbstractNioChannel$AbstractNioUnsafe.finishConnect(AbstractNioChannel.java:340)
	at org.apache.ratis.thirdparty.io.netty.channel.nio.NioEventLoop.processSelectedKey(NioEventLoop.java:632)
	at org.apache.ratis.thirdparty.io.netty.channel.nio.NioEventLoop.processSelectedKeysOptimized(NioEventLoop.java:579)
	at org.apache.ratis.thirdparty.io.netty.channel.nio.NioEventLoop.processSelectedKeys(NioEventLoop.java:496)
	at org.apache.ratis.thirdparty.io.netty.channel.nio.NioEventLoop.run(NioEventLoop.java:458)
	at org.apache.ratis.thirdparty.io.netty.util.concurrent.SingleThreadEventExecutor$5.run(SingleThreadEventExecutor.java:897)
	at org.apache.ratis.thirdparty.io.netty.util.concurrent.FastThreadLocalRunnable.run(FastThreadLocalRunnable.java:30)
	... 1 more
Caused by: java.net.ConnectException: Connection refused
	... 11 more
2019-10-23 12:13:35,116 [grpc-default-executor-3] INFO  impl.RaftServerImpl (RaftServerImpl.java:setRole(184)) - 02863277-f564-4bc6-8337-fb22627f6f1a@group-24C785E9A0FC: changes role from  FOLLOWER to FOLLOWER at term 131 for recognizeCandidate:ad4d83c7-0f96-47bc-a4e8-7e5d9f844896
2019-10-23 12:13:35,117 [grpc-default-executor-3] INFO  impl.RoleInfo (RoleInfo.java:shutdownFollowerState(121)) - 02863277-f564-4bc6-8337-fb22627f6f1a: shutdown FollowerState
2019-10-23 12:13:35,117 [grpc-default-executor-3] INFO  impl.RoleInfo (RoleInfo.java:updateAndGet(143)) - 02863277-f564-4bc6-8337-fb22627f6f1a: start FollowerState
2019-10-23 12:13:35,117 [Thread-1395] INFO  impl.FollowerState (FollowerState.java:run(117)) - 02863277-f564-4bc6-8337-fb22627f6f1a@group-24C785E9A0FC-FollowerState was interrupted: java.lang.InterruptedException: sleep interrupted
2019-10-23 12:13:35,131 [ad4d83c7-0f96-47bc-a4e8-7e5d9f844896@group-24C785E9A0FC-LeaderElection133] INFO  impl.LeaderElection (LeaderElection.java:logAndReturn(56)) - ad4d83c7-0f96-47bc-a4e8-7e5d9f844896@group-24C785E9A0FC-LeaderElection133: Election REJECTED; received 1 response(s) [ad4d83c7-0f96-47bc-a4e8-7e5d9f844896<-02863277-f564-4bc6-8337-fb22627f6f1a#0:FAIL-t131] and 1 exception(s); ad4d83c7-0f96-47bc-a4e8-7e5d9f844896@group-24C785E9A0FC:t131, leader=null, voted=ad4d83c7-0f96-47bc-a4e8-7e5d9f844896, raftlog=ad4d83c7-0f96-47bc-a4e8-7e5d9f844896@group-24C785E9A0FC-SegmentedRaftLog:OPENED:c-1,f-1,i0, conf=-1: [3b749b59-de2a-419b-9a26-261692f5c83c:192.168.69.118:39205, ad4d83c7-0f96-47bc-a4e8-7e5d9f844896:192.168.69.118:41688, 02863277-f564-4bc6-8337-fb22627f6f1a:192.168.69.118:36850], old=null
2019-10-23 12:13:35,131 [ad4d83c7-0f96-47bc-a4e8-7e5d9f844896@group-24C785E9A0FC-LeaderElection133] INFO  impl.LeaderElection (LogUtils.java:infoOrTrace(149)) -   Exception 0: {}
java.util.concurrent.ExecutionException: org.apache.ratis.thirdparty.io.grpc.StatusRuntimeException: UNAVAILABLE: io exception
	at java.util.concurrent.FutureTask.report(FutureTask.java:122)
	at java.util.concurrent.FutureTask.get(FutureTask.java:192)
	at org.apache.ratis.server.impl.LeaderElection.waitForResults(LeaderElection.java:259)
	at org.apache.ratis.server.impl.LeaderElection.askForVotes(LeaderElection.java:197)
	at org.apache.ratis.server.impl.LeaderElection.run(LeaderElection.java:133)
	at java.lang.Thread.run(Thread.java:748)
Caused by: org.apache.ratis.thirdparty.io.grpc.StatusRuntimeException: UNAVAILABLE: io exception
	at org.apache.ratis.thirdparty.io.grpc.stub.ClientCalls.toStatusRuntimeException(ClientCalls.java:233)
	at org.apache.ratis.thirdparty.io.grpc.stub.ClientCalls.getUnchecked(ClientCalls.java:214)
	at org.apache.ratis.thirdparty.io.grpc.stub.ClientCalls.blockingUnaryCall(ClientCalls.java:139)
	at org.apache.ratis.proto.grpc.RaftServerProtocolServiceGrpc$RaftServerProtocolServiceBlockingStub.requestVote(RaftServerProtocolServiceGrpc.java:265)
	at org.apache.ratis.grpc.server.GrpcServerProtocolClient.requestVote(GrpcServerProtocolClient.java:99)
	at org.apache.ratis.grpc.server.GrpcService.requestVote(GrpcService.java:204)
	at org.apache.ratis.server.impl.LeaderElection.lambda$submitRequests$1(LeaderElection.java:234)
	at java.util.concurrent.FutureTask.run(FutureTask.java:266)
	at java.util.concurrent.Executors$RunnableAdapter.call(Executors.java:511)
	at java.util.concurrent.FutureTask.run(FutureTask.java:266)
	at java.util.concurrent.ThreadPoolExecutor.runWorker(ThreadPoolExecutor.java:1149)
	at java.util.concurrent.ThreadPoolExecutor$Worker.run(ThreadPoolExecutor.java:624)
	... 1 more
Caused by: org.apache.ratis.thirdparty.io.netty.channel.AbstractChannel$AnnotatedConnectException: Connection refused: /192.168.69.118:39205
	at sun.nio.ch.SocketChannelImpl.checkConnect(Native Method)
	at sun.nio.ch.SocketChannelImpl.finishConnect(SocketChannelImpl.java:717)
	at org.apache.ratis.thirdparty.io.netty.channel.socket.nio.NioSocketChannel.doFinishConnect(NioSocketChannel.java:327)
	at org.apache.ratis.thirdparty.io.netty.channel.nio.AbstractNioChannel$AbstractNioUnsafe.finishConnect(AbstractNioChannel.java:340)
	at org.apache.ratis.thirdparty.io.netty.channel.nio.NioEventLoop.processSelectedKey(NioEventLoop.java:632)
	at org.apache.ratis.thirdparty.io.netty.channel.nio.NioEventLoop.processSelectedKeysOptimized(NioEventLoop.java:579)
	at org.apache.ratis.thirdparty.io.netty.channel.nio.NioEventLoop.processSelectedKeys(NioEventLoop.java:496)
	at org.apache.ratis.thirdparty.io.netty.channel.nio.NioEventLoop.run(NioEventLoop.java:458)
	at org.apache.ratis.thirdparty.io.netty.util.concurrent.SingleThreadEventExecutor$5.run(SingleThreadEventExecutor.java:897)
	at org.apache.ratis.thirdparty.io.netty.util.concurrent.FastThreadLocalRunnable.run(FastThreadLocalRunnable.java:30)
	... 1 more
Caused by: java.net.ConnectException: Connection refused
	... 11 more
2019-10-23 12:13:35,132 [ad4d83c7-0f96-47bc-a4e8-7e5d9f844896@group-24C785E9A0FC-LeaderElection133] INFO  impl.RaftServerImpl (RaftServerImpl.java:setRole(184)) - ad4d83c7-0f96-47bc-a4e8-7e5d9f844896@group-24C785E9A0FC: changes role from CANDIDATE to FOLLOWER at term 131 for DISCOVERED_A_NEW_TERM
2019-10-23 12:13:35,132 [ad4d83c7-0f96-47bc-a4e8-7e5d9f844896@group-24C785E9A0FC-LeaderElection133] INFO  impl.RoleInfo (RoleInfo.java:shutdownLeaderElection(134)) - ad4d83c7-0f96-47bc-a4e8-7e5d9f844896: shutdown LeaderElection
2019-10-23 12:13:35,132 [ad4d83c7-0f96-47bc-a4e8-7e5d9f844896@group-24C785E9A0FC-LeaderElection133] INFO  impl.RoleInfo (RoleInfo.java:updateAndGet(143)) - ad4d83c7-0f96-47bc-a4e8-7e5d9f844896: start FollowerState
2019-10-23 12:13:35,149 [Thread-1403] INFO  impl.FollowerState (FollowerState.java:run(108)) - ad4d83c7-0f96-47bc-a4e8-7e5d9f844896@group-24C785E9A0FC-FollowerState: change to CANDIDATE, lastRpcTime:17ms, electionTimeout:17ms
2019-10-23 12:13:35,149 [Thread-1403] INFO  impl.RoleInfo (RoleInfo.java:shutdownFollowerState(121)) - ad4d83c7-0f96-47bc-a4e8-7e5d9f844896: shutdown FollowerState
2019-10-23 12:13:35,149 [Thread-1403] INFO  impl.RaftServerImpl (RaftServerImpl.java:setRole(184)) - ad4d83c7-0f96-47bc-a4e8-7e5d9f844896@group-24C785E9A0FC: changes role from  FOLLOWER to CANDIDATE at term 131 for changeToCandidate
2019-10-23 12:13:35,149 [Thread-1403] INFO  impl.RoleInfo (RoleInfo.java:updateAndGet(143)) - ad4d83c7-0f96-47bc-a4e8-7e5d9f844896: start LeaderElection
2019-10-23 12:13:35,163 [ad4d83c7-0f96-47bc-a4e8-7e5d9f844896@group-24C785E9A0FC-LeaderElection134] INFO  impl.LeaderElection (LeaderElection.java:askForVotes(178)) - ad4d83c7-0f96-47bc-a4e8-7e5d9f844896@group-24C785E9A0FC-LeaderElection134: begin an election at term 132 for -1: [3b749b59-de2a-419b-9a26-261692f5c83c:192.168.69.118:39205, ad4d83c7-0f96-47bc-a4e8-7e5d9f844896:192.168.69.118:41688, 02863277-f564-4bc6-8337-fb22627f6f1a:192.168.69.118:36850], old=null
2019-10-23 12:13:35,164 [ad4d83c7-0f96-47bc-a4e8-7e5d9f844896@group-24C785E9A0FC-LeaderElection134] INFO  impl.LeaderElection (LogUtils.java:infoOrTrace(149)) - ad4d83c7-0f96-47bc-a4e8-7e5d9f844896@group-24C785E9A0FC-LeaderElection134 got exception when requesting votes: {}
java.util.concurrent.ExecutionException: org.apache.ratis.thirdparty.io.grpc.StatusRuntimeException: UNAVAILABLE: io exception
	at java.util.concurrent.FutureTask.report(FutureTask.java:122)
	at java.util.concurrent.FutureTask.get(FutureTask.java:192)
	at org.apache.ratis.server.impl.LeaderElection.waitForResults(LeaderElection.java:259)
	at org.apache.ratis.server.impl.LeaderElection.askForVotes(LeaderElection.java:197)
	at org.apache.ratis.server.impl.LeaderElection.run(LeaderElection.java:133)
	at java.lang.Thread.run(Thread.java:748)
Caused by: org.apache.ratis.thirdparty.io.grpc.StatusRuntimeException: UNAVAILABLE: io exception
	at org.apache.ratis.thirdparty.io.grpc.stub.ClientCalls.toStatusRuntimeException(ClientCalls.java:233)
	at org.apache.ratis.thirdparty.io.grpc.stub.ClientCalls.getUnchecked(ClientCalls.java:214)
	at org.apache.ratis.thirdparty.io.grpc.stub.ClientCalls.blockingUnaryCall(ClientCalls.java:139)
	at org.apache.ratis.proto.grpc.RaftServerProtocolServiceGrpc$RaftServerProtocolServiceBlockingStub.requestVote(RaftServerProtocolServiceGrpc.java:265)
	at org.apache.ratis.grpc.server.GrpcServerProtocolClient.requestVote(GrpcServerProtocolClient.java:99)
	at org.apache.ratis.grpc.server.GrpcService.requestVote(GrpcService.java:204)
	at org.apache.ratis.server.impl.LeaderElection.lambda$submitRequests$1(LeaderElection.java:234)
	at java.util.concurrent.FutureTask.run(FutureTask.java:266)
	at java.util.concurrent.Executors$RunnableAdapter.call(Executors.java:511)
	at java.util.concurrent.FutureTask.run(FutureTask.java:266)
	at java.util.concurrent.ThreadPoolExecutor.runWorker(ThreadPoolExecutor.java:1149)
	at java.util.concurrent.ThreadPoolExecutor$Worker.run(ThreadPoolExecutor.java:624)
	... 1 more
Caused by: org.apache.ratis.thirdparty.io.netty.channel.AbstractChannel$AnnotatedConnectException: Connection refused: /192.168.69.118:39205
	at sun.nio.ch.SocketChannelImpl.checkConnect(Native Method)
	at sun.nio.ch.SocketChannelImpl.finishConnect(SocketChannelImpl.java:717)
	at org.apache.ratis.thirdparty.io.netty.channel.socket.nio.NioSocketChannel.doFinishConnect(NioSocketChannel.java:327)
	at org.apache.ratis.thirdparty.io.netty.channel.nio.AbstractNioChannel$AbstractNioUnsafe.finishConnect(AbstractNioChannel.java:340)
	at org.apache.ratis.thirdparty.io.netty.channel.nio.NioEventLoop.processSelectedKey(NioEventLoop.java:632)
	at org.apache.ratis.thirdparty.io.netty.channel.nio.NioEventLoop.processSelectedKeysOptimized(NioEventLoop.java:579)
	at org.apache.ratis.thirdparty.io.netty.channel.nio.NioEventLoop.processSelectedKeys(NioEventLoop.java:496)
	at org.apache.ratis.thirdparty.io.netty.channel.nio.NioEventLoop.run(NioEventLoop.java:458)
	at org.apache.ratis.thirdparty.io.netty.util.concurrent.SingleThreadEventExecutor$5.run(SingleThreadEventExecutor.java:897)
	at org.apache.ratis.thirdparty.io.netty.util.concurrent.FastThreadLocalRunnable.run(FastThreadLocalRunnable.java:30)
	... 1 more
Caused by: java.net.ConnectException: Connection refused
	... 11 more
2019-10-23 12:13:35,167 [grpc-default-executor-3] INFO  impl.RaftServerImpl (RaftServerImpl.java:setRole(184)) - 02863277-f564-4bc6-8337-fb22627f6f1a@group-24C785E9A0FC: changes role from  FOLLOWER to FOLLOWER at term 132 for recognizeCandidate:ad4d83c7-0f96-47bc-a4e8-7e5d9f844896
2019-10-23 12:13:35,167 [grpc-default-executor-3] INFO  impl.RoleInfo (RoleInfo.java:shutdownFollowerState(121)) - 02863277-f564-4bc6-8337-fb22627f6f1a: shutdown FollowerState
2019-10-23 12:13:35,167 [grpc-default-executor-3] INFO  impl.RoleInfo (RoleInfo.java:updateAndGet(143)) - 02863277-f564-4bc6-8337-fb22627f6f1a: start FollowerState
2019-10-23 12:13:35,167 [Thread-1402] INFO  impl.FollowerState (FollowerState.java:run(117)) - 02863277-f564-4bc6-8337-fb22627f6f1a@group-24C785E9A0FC-FollowerState was interrupted: java.lang.InterruptedException: sleep interrupted
2019-10-23 12:13:35,180 [ad4d83c7-0f96-47bc-a4e8-7e5d9f844896@group-24C785E9A0FC-LeaderElection134] INFO  impl.LeaderElection (LeaderElection.java:logAndReturn(56)) - ad4d83c7-0f96-47bc-a4e8-7e5d9f844896@group-24C785E9A0FC-LeaderElection134: Election REJECTED; received 1 response(s) [ad4d83c7-0f96-47bc-a4e8-7e5d9f844896<-02863277-f564-4bc6-8337-fb22627f6f1a#0:FAIL-t132] and 1 exception(s); ad4d83c7-0f96-47bc-a4e8-7e5d9f844896@group-24C785E9A0FC:t132, leader=null, voted=ad4d83c7-0f96-47bc-a4e8-7e5d9f844896, raftlog=ad4d83c7-0f96-47bc-a4e8-7e5d9f844896@group-24C785E9A0FC-SegmentedRaftLog:OPENED:c-1,f-1,i0, conf=-1: [3b749b59-de2a-419b-9a26-261692f5c83c:192.168.69.118:39205, ad4d83c7-0f96-47bc-a4e8-7e5d9f844896:192.168.69.118:41688, 02863277-f564-4bc6-8337-fb22627f6f1a:192.168.69.118:36850], old=null
2019-10-23 12:13:35,180 [ad4d83c7-0f96-47bc-a4e8-7e5d9f844896@group-24C785E9A0FC-LeaderElection134] INFO  impl.LeaderElection (LogUtils.java:infoOrTrace(149)) -   Exception 0: {}
java.util.concurrent.ExecutionException: org.apache.ratis.thirdparty.io.grpc.StatusRuntimeException: UNAVAILABLE: io exception
	at java.util.concurrent.FutureTask.report(FutureTask.java:122)
	at java.util.concurrent.FutureTask.get(FutureTask.java:192)
	at org.apache.ratis.server.impl.LeaderElection.waitForResults(LeaderElection.java:259)
	at org.apache.ratis.server.impl.LeaderElection.askForVotes(LeaderElection.java:197)
	at org.apache.ratis.server.impl.LeaderElection.run(LeaderElection.java:133)
	at java.lang.Thread.run(Thread.java:748)
Caused by: org.apache.ratis.thirdparty.io.grpc.StatusRuntimeException: UNAVAILABLE: io exception
	at org.apache.ratis.thirdparty.io.grpc.stub.ClientCalls.toStatusRuntimeException(ClientCalls.java:233)
	at org.apache.ratis.thirdparty.io.grpc.stub.ClientCalls.getUnchecked(ClientCalls.java:214)
	at org.apache.ratis.thirdparty.io.grpc.stub.ClientCalls.blockingUnaryCall(ClientCalls.java:139)
	at org.apache.ratis.proto.grpc.RaftServerProtocolServiceGrpc$RaftServerProtocolServiceBlockingStub.requestVote(RaftServerProtocolServiceGrpc.java:265)
	at org.apache.ratis.grpc.server.GrpcServerProtocolClient.requestVote(GrpcServerProtocolClient.java:99)
	at org.apache.ratis.grpc.server.GrpcService.requestVote(GrpcService.java:204)
	at org.apache.ratis.server.impl.LeaderElection.lambda$submitRequests$1(LeaderElection.java:234)
	at java.util.concurrent.FutureTask.run(FutureTask.java:266)
	at java.util.concurrent.Executors$RunnableAdapter.call(Executors.java:511)
	at java.util.concurrent.FutureTask.run(FutureTask.java:266)
	at java.util.concurrent.ThreadPoolExecutor.runWorker(ThreadPoolExecutor.java:1149)
	at java.util.concurrent.ThreadPoolExecutor$Worker.run(ThreadPoolExecutor.java:624)
	... 1 more
Caused by: org.apache.ratis.thirdparty.io.netty.channel.AbstractChannel$AnnotatedConnectException: Connection refused: /192.168.69.118:39205
	at sun.nio.ch.SocketChannelImpl.checkConnect(Native Method)
	at sun.nio.ch.SocketChannelImpl.finishConnect(SocketChannelImpl.java:717)
	at org.apache.ratis.thirdparty.io.netty.channel.socket.nio.NioSocketChannel.doFinishConnect(NioSocketChannel.java:327)
	at org.apache.ratis.thirdparty.io.netty.channel.nio.AbstractNioChannel$AbstractNioUnsafe.finishConnect(AbstractNioChannel.java:340)
	at org.apache.ratis.thirdparty.io.netty.channel.nio.NioEventLoop.processSelectedKey(NioEventLoop.java:632)
	at org.apache.ratis.thirdparty.io.netty.channel.nio.NioEventLoop.processSelectedKeysOptimized(NioEventLoop.java:579)
	at org.apache.ratis.thirdparty.io.netty.channel.nio.NioEventLoop.processSelectedKeys(NioEventLoop.java:496)
	at org.apache.ratis.thirdparty.io.netty.channel.nio.NioEventLoop.run(NioEventLoop.java:458)
	at org.apache.ratis.thirdparty.io.netty.util.concurrent.SingleThreadEventExecutor$5.run(SingleThreadEventExecutor.java:897)
	at org.apache.ratis.thirdparty.io.netty.util.concurrent.FastThreadLocalRunnable.run(FastThreadLocalRunnable.java:30)
	... 1 more
Caused by: java.net.ConnectException: Connection refused
	... 11 more
2019-10-23 12:13:35,181 [ad4d83c7-0f96-47bc-a4e8-7e5d9f844896@group-24C785E9A0FC-LeaderElection134] INFO  impl.RaftServerImpl (RaftServerImpl.java:setRole(184)) - ad4d83c7-0f96-47bc-a4e8-7e5d9f844896@group-24C785E9A0FC: changes role from CANDIDATE to FOLLOWER at term 132 for DISCOVERED_A_NEW_TERM
2019-10-23 12:13:35,181 [ad4d83c7-0f96-47bc-a4e8-7e5d9f844896@group-24C785E9A0FC-LeaderElection134] INFO  impl.RoleInfo (RoleInfo.java:shutdownLeaderElection(134)) - ad4d83c7-0f96-47bc-a4e8-7e5d9f844896: shutdown LeaderElection
2019-10-23 12:13:35,181 [ad4d83c7-0f96-47bc-a4e8-7e5d9f844896@group-24C785E9A0FC-LeaderElection134] INFO  impl.RoleInfo (RoleInfo.java:updateAndGet(143)) - ad4d83c7-0f96-47bc-a4e8-7e5d9f844896: start FollowerState
2019-10-23 12:13:35,189 [Thread-1408] INFO  impl.FollowerState (FollowerState.java:run(108)) - ad4d83c7-0f96-47bc-a4e8-7e5d9f844896@group-24C785E9A0FC-FollowerState: change to CANDIDATE, lastRpcTime:8ms, electionTimeout:8ms
2019-10-23 12:13:35,189 [Thread-1408] INFO  impl.RoleInfo (RoleInfo.java:shutdownFollowerState(121)) - ad4d83c7-0f96-47bc-a4e8-7e5d9f844896: shutdown FollowerState
2019-10-23 12:13:35,189 [Thread-1408] INFO  impl.RaftServerImpl (RaftServerImpl.java:setRole(184)) - ad4d83c7-0f96-47bc-a4e8-7e5d9f844896@group-24C785E9A0FC: changes role from  FOLLOWER to CANDIDATE at term 132 for changeToCandidate
2019-10-23 12:13:35,189 [Thread-1408] INFO  impl.RoleInfo (RoleInfo.java:updateAndGet(143)) - ad4d83c7-0f96-47bc-a4e8-7e5d9f844896: start LeaderElection
2019-10-23 12:13:35,202 [ad4d83c7-0f96-47bc-a4e8-7e5d9f844896@group-24C785E9A0FC-LeaderElection135] INFO  impl.LeaderElection (LeaderElection.java:askForVotes(178)) - ad4d83c7-0f96-47bc-a4e8-7e5d9f844896@group-24C785E9A0FC-LeaderElection135: begin an election at term 133 for -1: [3b749b59-de2a-419b-9a26-261692f5c83c:192.168.69.118:39205, ad4d83c7-0f96-47bc-a4e8-7e5d9f844896:192.168.69.118:41688, 02863277-f564-4bc6-8337-fb22627f6f1a:192.168.69.118:36850], old=null
2019-10-23 12:13:35,203 [ad4d83c7-0f96-47bc-a4e8-7e5d9f844896@group-24C785E9A0FC-LeaderElection135] INFO  impl.LeaderElection (LogUtils.java:infoOrTrace(149)) - ad4d83c7-0f96-47bc-a4e8-7e5d9f844896@group-24C785E9A0FC-LeaderElection135 got exception when requesting votes: {}
java.util.concurrent.ExecutionException: org.apache.ratis.thirdparty.io.grpc.StatusRuntimeException: UNAVAILABLE: io exception
	at java.util.concurrent.FutureTask.report(FutureTask.java:122)
	at java.util.concurrent.FutureTask.get(FutureTask.java:192)
	at org.apache.ratis.server.impl.LeaderElection.waitForResults(LeaderElection.java:259)
	at org.apache.ratis.server.impl.LeaderElection.askForVotes(LeaderElection.java:197)
	at org.apache.ratis.server.impl.LeaderElection.run(LeaderElection.java:133)
	at java.lang.Thread.run(Thread.java:748)
Caused by: org.apache.ratis.thirdparty.io.grpc.StatusRuntimeException: UNAVAILABLE: io exception
	at org.apache.ratis.thirdparty.io.grpc.stub.ClientCalls.toStatusRuntimeException(ClientCalls.java:233)
	at org.apache.ratis.thirdparty.io.grpc.stub.ClientCalls.getUnchecked(ClientCalls.java:214)
	at org.apache.ratis.thirdparty.io.grpc.stub.ClientCalls.blockingUnaryCall(ClientCalls.java:139)
	at org.apache.ratis.proto.grpc.RaftServerProtocolServiceGrpc$RaftServerProtocolServiceBlockingStub.requestVote(RaftServerProtocolServiceGrpc.java:265)
	at org.apache.ratis.grpc.server.GrpcServerProtocolClient.requestVote(GrpcServerProtocolClient.java:99)
	at org.apache.ratis.grpc.server.GrpcService.requestVote(GrpcService.java:204)
	at org.apache.ratis.server.impl.LeaderElection.lambda$submitRequests$1(LeaderElection.java:234)
	at java.util.concurrent.FutureTask.run(FutureTask.java:266)
	at java.util.concurrent.Executors$RunnableAdapter.call(Executors.java:511)
	at java.util.concurrent.FutureTask.run(FutureTask.java:266)
	at java.util.concurrent.ThreadPoolExecutor.runWorker(ThreadPoolExecutor.java:1149)
	at java.util.concurrent.ThreadPoolExecutor$Worker.run(ThreadPoolExecutor.java:624)
	... 1 more
Caused by: org.apache.ratis.thirdparty.io.netty.channel.AbstractChannel$AnnotatedConnectException: Connection refused: /192.168.69.118:39205
	at sun.nio.ch.SocketChannelImpl.checkConnect(Native Method)
	at sun.nio.ch.SocketChannelImpl.finishConnect(SocketChannelImpl.java:717)
	at org.apache.ratis.thirdparty.io.netty.channel.socket.nio.NioSocketChannel.doFinishConnect(NioSocketChannel.java:327)
	at org.apache.ratis.thirdparty.io.netty.channel.nio.AbstractNioChannel$AbstractNioUnsafe.finishConnect(AbstractNioChannel.java:340)
	at org.apache.ratis.thirdparty.io.netty.channel.nio.NioEventLoop.processSelectedKey(NioEventLoop.java:632)
	at org.apache.ratis.thirdparty.io.netty.channel.nio.NioEventLoop.processSelectedKeysOptimized(NioEventLoop.java:579)
	at org.apache.ratis.thirdparty.io.netty.channel.nio.NioEventLoop.processSelectedKeys(NioEventLoop.java:496)
	at org.apache.ratis.thirdparty.io.netty.channel.nio.NioEventLoop.run(NioEventLoop.java:458)
	at org.apache.ratis.thirdparty.io.netty.util.concurrent.SingleThreadEventExecutor$5.run(SingleThreadEventExecutor.java:897)
	at org.apache.ratis.thirdparty.io.netty.util.concurrent.FastThreadLocalRunnable.run(FastThreadLocalRunnable.java:30)
	... 1 more
Caused by: java.net.ConnectException: Connection refused
	... 11 more
2019-10-23 12:13:35,204 [grpc-default-executor-3] INFO  impl.RaftServerImpl (RaftServerImpl.java:setRole(184)) - 02863277-f564-4bc6-8337-fb22627f6f1a@group-24C785E9A0FC: changes role from  FOLLOWER to FOLLOWER at term 133 for recognizeCandidate:ad4d83c7-0f96-47bc-a4e8-7e5d9f844896
2019-10-23 12:13:35,204 [grpc-default-executor-3] INFO  impl.RoleInfo (RoleInfo.java:shutdownFollowerState(121)) - 02863277-f564-4bc6-8337-fb22627f6f1a: shutdown FollowerState
2019-10-23 12:13:35,204 [grpc-default-executor-3] INFO  impl.RoleInfo (RoleInfo.java:updateAndGet(143)) - 02863277-f564-4bc6-8337-fb22627f6f1a: start FollowerState
2019-10-23 12:13:35,205 [Thread-1407] INFO  impl.FollowerState (FollowerState.java:run(117)) - 02863277-f564-4bc6-8337-fb22627f6f1a@group-24C785E9A0FC-FollowerState was interrupted: java.lang.InterruptedException: sleep interrupted
2019-10-23 12:13:35,218 [ad4d83c7-0f96-47bc-a4e8-7e5d9f844896@group-24C785E9A0FC-LeaderElection135] INFO  impl.LeaderElection (LeaderElection.java:logAndReturn(56)) - ad4d83c7-0f96-47bc-a4e8-7e5d9f844896@group-24C785E9A0FC-LeaderElection135: Election REJECTED; received 1 response(s) [ad4d83c7-0f96-47bc-a4e8-7e5d9f844896<-02863277-f564-4bc6-8337-fb22627f6f1a#0:FAIL-t133] and 1 exception(s); ad4d83c7-0f96-47bc-a4e8-7e5d9f844896@group-24C785E9A0FC:t133, leader=null, voted=ad4d83c7-0f96-47bc-a4e8-7e5d9f844896, raftlog=ad4d83c7-0f96-47bc-a4e8-7e5d9f844896@group-24C785E9A0FC-SegmentedRaftLog:OPENED:c-1,f-1,i0, conf=-1: [3b749b59-de2a-419b-9a26-261692f5c83c:192.168.69.118:39205, ad4d83c7-0f96-47bc-a4e8-7e5d9f844896:192.168.69.118:41688, 02863277-f564-4bc6-8337-fb22627f6f1a:192.168.69.118:36850], old=null
2019-10-23 12:13:35,218 [ad4d83c7-0f96-47bc-a4e8-7e5d9f844896@group-24C785E9A0FC-LeaderElection135] INFO  impl.LeaderElection (LogUtils.java:infoOrTrace(149)) -   Exception 0: {}
java.util.concurrent.ExecutionException: org.apache.ratis.thirdparty.io.grpc.StatusRuntimeException: UNAVAILABLE: io exception
	at java.util.concurrent.FutureTask.report(FutureTask.java:122)
	at java.util.concurrent.FutureTask.get(FutureTask.java:192)
	at org.apache.ratis.server.impl.LeaderElection.waitForResults(LeaderElection.java:259)
	at org.apache.ratis.server.impl.LeaderElection.askForVotes(LeaderElection.java:197)
	at org.apache.ratis.server.impl.LeaderElection.run(LeaderElection.java:133)
	at java.lang.Thread.run(Thread.java:748)
Caused by: org.apache.ratis.thirdparty.io.grpc.StatusRuntimeException: UNAVAILABLE: io exception
	at org.apache.ratis.thirdparty.io.grpc.stub.ClientCalls.toStatusRuntimeException(ClientCalls.java:233)
	at org.apache.ratis.thirdparty.io.grpc.stub.ClientCalls.getUnchecked(ClientCalls.java:214)
	at org.apache.ratis.thirdparty.io.grpc.stub.ClientCalls.blockingUnaryCall(ClientCalls.java:139)
	at org.apache.ratis.proto.grpc.RaftServerProtocolServiceGrpc$RaftServerProtocolServiceBlockingStub.requestVote(RaftServerProtocolServiceGrpc.java:265)
	at org.apache.ratis.grpc.server.GrpcServerProtocolClient.requestVote(GrpcServerProtocolClient.java:99)
	at org.apache.ratis.grpc.server.GrpcService.requestVote(GrpcService.java:204)
	at org.apache.ratis.server.impl.LeaderElection.lambda$submitRequests$1(LeaderElection.java:234)
	at java.util.concurrent.FutureTask.run(FutureTask.java:266)
	at java.util.concurrent.Executors$RunnableAdapter.call(Executors.java:511)
	at java.util.concurrent.FutureTask.run(FutureTask.java:266)
	at java.util.concurrent.ThreadPoolExecutor.runWorker(ThreadPoolExecutor.java:1149)
	at java.util.concurrent.ThreadPoolExecutor$Worker.run(ThreadPoolExecutor.java:624)
	... 1 more
Caused by: org.apache.ratis.thirdparty.io.netty.channel.AbstractChannel$AnnotatedConnectException: Connection refused: /192.168.69.118:39205
	at sun.nio.ch.SocketChannelImpl.checkConnect(Native Method)
	at sun.nio.ch.SocketChannelImpl.finishConnect(SocketChannelImpl.java:717)
	at org.apache.ratis.thirdparty.io.netty.channel.socket.nio.NioSocketChannel.doFinishConnect(NioSocketChannel.java:327)
	at org.apache.ratis.thirdparty.io.netty.channel.nio.AbstractNioChannel$AbstractNioUnsafe.finishConnect(AbstractNioChannel.java:340)
	at org.apache.ratis.thirdparty.io.netty.channel.nio.NioEventLoop.processSelectedKey(NioEventLoop.java:632)
	at org.apache.ratis.thirdparty.io.netty.channel.nio.NioEventLoop.processSelectedKeysOptimized(NioEventLoop.java:579)
	at org.apache.ratis.thirdparty.io.netty.channel.nio.NioEventLoop.processSelectedKeys(NioEventLoop.java:496)
	at org.apache.ratis.thirdparty.io.netty.channel.nio.NioEventLoop.run(NioEventLoop.java:458)
	at org.apache.ratis.thirdparty.io.netty.util.concurrent.SingleThreadEventExecutor$5.run(SingleThreadEventExecutor.java:897)
	at org.apache.ratis.thirdparty.io.netty.util.concurrent.FastThreadLocalRunnable.run(FastThreadLocalRunnable.java:30)
	... 1 more
Caused by: java.net.ConnectException: Connection refused
	... 11 more
2019-10-23 12:13:35,218 [ad4d83c7-0f96-47bc-a4e8-7e5d9f844896@group-24C785E9A0FC-LeaderElection135] INFO  impl.RaftServerImpl (RaftServerImpl.java:setRole(184)) - ad4d83c7-0f96-47bc-a4e8-7e5d9f844896@group-24C785E9A0FC: changes role from CANDIDATE to FOLLOWER at term 133 for DISCOVERED_A_NEW_TERM
2019-10-23 12:13:35,218 [ad4d83c7-0f96-47bc-a4e8-7e5d9f844896@group-24C785E9A0FC-LeaderElection135] INFO  impl.RoleInfo (RoleInfo.java:shutdownLeaderElection(134)) - ad4d83c7-0f96-47bc-a4e8-7e5d9f844896: shutdown LeaderElection
2019-10-23 12:13:35,218 [ad4d83c7-0f96-47bc-a4e8-7e5d9f844896@group-24C785E9A0FC-LeaderElection135] INFO  impl.RoleInfo (RoleInfo.java:updateAndGet(143)) - ad4d83c7-0f96-47bc-a4e8-7e5d9f844896: start FollowerState
2019-10-23 12:13:35,374 [Thread-1415] INFO  impl.FollowerState (FollowerState.java:run(108)) - ad4d83c7-0f96-47bc-a4e8-7e5d9f844896@group-24C785E9A0FC-FollowerState: change to CANDIDATE, lastRpcTime:155ms, electionTimeout:155ms
2019-10-23 12:13:35,374 [Thread-1415] INFO  impl.RoleInfo (RoleInfo.java:shutdownFollowerState(121)) - ad4d83c7-0f96-47bc-a4e8-7e5d9f844896: shutdown FollowerState
2019-10-23 12:13:35,374 [Thread-1415] INFO  impl.RaftServerImpl (RaftServerImpl.java:setRole(184)) - ad4d83c7-0f96-47bc-a4e8-7e5d9f844896@group-24C785E9A0FC: changes role from  FOLLOWER to CANDIDATE at term 133 for changeToCandidate
2019-10-23 12:13:35,375 [Thread-1415] INFO  impl.RoleInfo (RoleInfo.java:updateAndGet(143)) - ad4d83c7-0f96-47bc-a4e8-7e5d9f844896: start LeaderElection
2019-10-23 12:13:35,403 [ad4d83c7-0f96-47bc-a4e8-7e5d9f844896@group-24C785E9A0FC-LeaderElection136] INFO  impl.LeaderElection (LeaderElection.java:askForVotes(178)) - ad4d83c7-0f96-47bc-a4e8-7e5d9f844896@group-24C785E9A0FC-LeaderElection136: begin an election at term 134 for -1: [3b749b59-de2a-419b-9a26-261692f5c83c:192.168.69.118:39205, ad4d83c7-0f96-47bc-a4e8-7e5d9f844896:192.168.69.118:41688, 02863277-f564-4bc6-8337-fb22627f6f1a:192.168.69.118:36850], old=null
2019-10-23 12:13:35,403 [ad4d83c7-0f96-47bc-a4e8-7e5d9f844896@group-24C785E9A0FC-LeaderElection136] INFO  impl.LeaderElection (LogUtils.java:infoOrTrace(149)) - ad4d83c7-0f96-47bc-a4e8-7e5d9f844896@group-24C785E9A0FC-LeaderElection136 got exception when requesting votes: {}
java.util.concurrent.ExecutionException: org.apache.ratis.thirdparty.io.grpc.StatusRuntimeException: UNAVAILABLE: io exception
	at java.util.concurrent.FutureTask.report(FutureTask.java:122)
	at java.util.concurrent.FutureTask.get(FutureTask.java:192)
	at org.apache.ratis.server.impl.LeaderElection.waitForResults(LeaderElection.java:259)
	at org.apache.ratis.server.impl.LeaderElection.askForVotes(LeaderElection.java:197)
	at org.apache.ratis.server.impl.LeaderElection.run(LeaderElection.java:133)
	at java.lang.Thread.run(Thread.java:748)
Caused by: org.apache.ratis.thirdparty.io.grpc.StatusRuntimeException: UNAVAILABLE: io exception
	at org.apache.ratis.thirdparty.io.grpc.stub.ClientCalls.toStatusRuntimeException(ClientCalls.java:233)
	at org.apache.ratis.thirdparty.io.grpc.stub.ClientCalls.getUnchecked(ClientCalls.java:214)
	at org.apache.ratis.thirdparty.io.grpc.stub.ClientCalls.blockingUnaryCall(ClientCalls.java:139)
	at org.apache.ratis.proto.grpc.RaftServerProtocolServiceGrpc$RaftServerProtocolServiceBlockingStub.requestVote(RaftServerProtocolServiceGrpc.java:265)
	at org.apache.ratis.grpc.server.GrpcServerProtocolClient.requestVote(GrpcServerProtocolClient.java:99)
	at org.apache.ratis.grpc.server.GrpcService.requestVote(GrpcService.java:204)
	at org.apache.ratis.server.impl.LeaderElection.lambda$submitRequests$1(LeaderElection.java:234)
	at java.util.concurrent.FutureTask.run(FutureTask.java:266)
	at java.util.concurrent.Executors$RunnableAdapter.call(Executors.java:511)
	at java.util.concurrent.FutureTask.run(FutureTask.java:266)
	at java.util.concurrent.ThreadPoolExecutor.runWorker(ThreadPoolExecutor.java:1149)
	at java.util.concurrent.ThreadPoolExecutor$Worker.run(ThreadPoolExecutor.java:624)
	... 1 more
Caused by: org.apache.ratis.thirdparty.io.netty.channel.AbstractChannel$AnnotatedConnectException: Connection refused: /192.168.69.118:39205
	at sun.nio.ch.SocketChannelImpl.checkConnect(Native Method)
	at sun.nio.ch.SocketChannelImpl.finishConnect(SocketChannelImpl.java:717)
	at org.apache.ratis.thirdparty.io.netty.channel.socket.nio.NioSocketChannel.doFinishConnect(NioSocketChannel.java:327)
	at org.apache.ratis.thirdparty.io.netty.channel.nio.AbstractNioChannel$AbstractNioUnsafe.finishConnect(AbstractNioChannel.java:340)
	at org.apache.ratis.thirdparty.io.netty.channel.nio.NioEventLoop.processSelectedKey(NioEventLoop.java:632)
	at org.apache.ratis.thirdparty.io.netty.channel.nio.NioEventLoop.processSelectedKeysOptimized(NioEventLoop.java:579)
	at org.apache.ratis.thirdparty.io.netty.channel.nio.NioEventLoop.processSelectedKeys(NioEventLoop.java:496)
	at org.apache.ratis.thirdparty.io.netty.channel.nio.NioEventLoop.run(NioEventLoop.java:458)
	at org.apache.ratis.thirdparty.io.netty.util.concurrent.SingleThreadEventExecutor$5.run(SingleThreadEventExecutor.java:897)
	at org.apache.ratis.thirdparty.io.netty.util.concurrent.FastThreadLocalRunnable.run(FastThreadLocalRunnable.java:30)
	... 1 more
Caused by: java.net.ConnectException: Connection refused
	... 11 more
2019-10-23 12:13:35,407 [grpc-default-executor-3] INFO  impl.RaftServerImpl (RaftServerImpl.java:setRole(184)) - 02863277-f564-4bc6-8337-fb22627f6f1a@group-24C785E9A0FC: changes role from  FOLLOWER to FOLLOWER at term 134 for recognizeCandidate:ad4d83c7-0f96-47bc-a4e8-7e5d9f844896
2019-10-23 12:13:35,407 [grpc-default-executor-3] INFO  impl.RoleInfo (RoleInfo.java:shutdownFollowerState(121)) - 02863277-f564-4bc6-8337-fb22627f6f1a: shutdown FollowerState
2019-10-23 12:13:35,407 [grpc-default-executor-3] INFO  impl.RoleInfo (RoleInfo.java:updateAndGet(143)) - 02863277-f564-4bc6-8337-fb22627f6f1a: start FollowerState
2019-10-23 12:13:35,408 [Thread-1412] INFO  impl.FollowerState (FollowerState.java:run(117)) - 02863277-f564-4bc6-8337-fb22627f6f1a@group-24C785E9A0FC-FollowerState was interrupted: java.lang.InterruptedException: sleep interrupted
2019-10-23 12:13:35,421 [ad4d83c7-0f96-47bc-a4e8-7e5d9f844896@group-24C785E9A0FC-LeaderElection136] INFO  impl.LeaderElection (LeaderElection.java:logAndReturn(56)) - ad4d83c7-0f96-47bc-a4e8-7e5d9f844896@group-24C785E9A0FC-LeaderElection136: Election REJECTED; received 1 response(s) [ad4d83c7-0f96-47bc-a4e8-7e5d9f844896<-02863277-f564-4bc6-8337-fb22627f6f1a#0:FAIL-t134] and 1 exception(s); ad4d83c7-0f96-47bc-a4e8-7e5d9f844896@group-24C785E9A0FC:t134, leader=null, voted=ad4d83c7-0f96-47bc-a4e8-7e5d9f844896, raftlog=ad4d83c7-0f96-47bc-a4e8-7e5d9f844896@group-24C785E9A0FC-SegmentedRaftLog:OPENED:c-1,f-1,i0, conf=-1: [3b749b59-de2a-419b-9a26-261692f5c83c:192.168.69.118:39205, ad4d83c7-0f96-47bc-a4e8-7e5d9f844896:192.168.69.118:41688, 02863277-f564-4bc6-8337-fb22627f6f1a:192.168.69.118:36850], old=null
2019-10-23 12:13:35,421 [ad4d83c7-0f96-47bc-a4e8-7e5d9f844896@group-24C785E9A0FC-LeaderElection136] INFO  impl.LeaderElection (LogUtils.java:infoOrTrace(149)) -   Exception 0: {}
java.util.concurrent.ExecutionException: org.apache.ratis.thirdparty.io.grpc.StatusRuntimeException: UNAVAILABLE: io exception
	at java.util.concurrent.FutureTask.report(FutureTask.java:122)
	at java.util.concurrent.FutureTask.get(FutureTask.java:192)
	at org.apache.ratis.server.impl.LeaderElection.waitForResults(LeaderElection.java:259)
	at org.apache.ratis.server.impl.LeaderElection.askForVotes(LeaderElection.java:197)
	at org.apache.ratis.server.impl.LeaderElection.run(LeaderElection.java:133)
	at java.lang.Thread.run(Thread.java:748)
Caused by: org.apache.ratis.thirdparty.io.grpc.StatusRuntimeException: UNAVAILABLE: io exception
	at org.apache.ratis.thirdparty.io.grpc.stub.ClientCalls.toStatusRuntimeException(ClientCalls.java:233)
	at org.apache.ratis.thirdparty.io.grpc.stub.ClientCalls.getUnchecked(ClientCalls.java:214)
	at org.apache.ratis.thirdparty.io.grpc.stub.ClientCalls.blockingUnaryCall(ClientCalls.java:139)
	at org.apache.ratis.proto.grpc.RaftServerProtocolServiceGrpc$RaftServerProtocolServiceBlockingStub.requestVote(RaftServerProtocolServiceGrpc.java:265)
	at org.apache.ratis.grpc.server.GrpcServerProtocolClient.requestVote(GrpcServerProtocolClient.java:99)
	at org.apache.ratis.grpc.server.GrpcService.requestVote(GrpcService.java:204)
	at org.apache.ratis.server.impl.LeaderElection.lambda$submitRequests$1(LeaderElection.java:234)
	at java.util.concurrent.FutureTask.run(FutureTask.java:266)
	at java.util.concurrent.Executors$RunnableAdapter.call(Executors.java:511)
	at java.util.concurrent.FutureTask.run(FutureTask.java:266)
	at java.util.concurrent.ThreadPoolExecutor.runWorker(ThreadPoolExecutor.java:1149)
	at java.util.concurrent.ThreadPoolExecutor$Worker.run(ThreadPoolExecutor.java:624)
	... 1 more
Caused by: org.apache.ratis.thirdparty.io.netty.channel.AbstractChannel$AnnotatedConnectException: Connection refused: /192.168.69.118:39205
	at sun.nio.ch.SocketChannelImpl.checkConnect(Native Method)
	at sun.nio.ch.SocketChannelImpl.finishConnect(SocketChannelImpl.java:717)
	at org.apache.ratis.thirdparty.io.netty.channel.socket.nio.NioSocketChannel.doFinishConnect(NioSocketChannel.java:327)
	at org.apache.ratis.thirdparty.io.netty.channel.nio.AbstractNioChannel$AbstractNioUnsafe.finishConnect(AbstractNioChannel.java:340)
	at org.apache.ratis.thirdparty.io.netty.channel.nio.NioEventLoop.processSelectedKey(NioEventLoop.java:632)
	at org.apache.ratis.thirdparty.io.netty.channel.nio.NioEventLoop.processSelectedKeysOptimized(NioEventLoop.java:579)
	at org.apache.ratis.thirdparty.io.netty.channel.nio.NioEventLoop.processSelectedKeys(NioEventLoop.java:496)
	at org.apache.ratis.thirdparty.io.netty.channel.nio.NioEventLoop.run(NioEventLoop.java:458)
	at org.apache.ratis.thirdparty.io.netty.util.concurrent.SingleThreadEventExecutor$5.run(SingleThreadEventExecutor.java:897)
	at org.apache.ratis.thirdparty.io.netty.util.concurrent.FastThreadLocalRunnable.run(FastThreadLocalRunnable.java:30)
	... 1 more
Caused by: java.net.ConnectException: Connection refused
	... 11 more
2019-10-23 12:13:35,422 [ad4d83c7-0f96-47bc-a4e8-7e5d9f844896@group-24C785E9A0FC-LeaderElection136] INFO  impl.RaftServerImpl (RaftServerImpl.java:setRole(184)) - ad4d83c7-0f96-47bc-a4e8-7e5d9f844896@group-24C785E9A0FC: changes role from CANDIDATE to FOLLOWER at term 134 for DISCOVERED_A_NEW_TERM
2019-10-23 12:13:35,422 [ad4d83c7-0f96-47bc-a4e8-7e5d9f844896@group-24C785E9A0FC-LeaderElection136] INFO  impl.RoleInfo (RoleInfo.java:shutdownLeaderElection(134)) - ad4d83c7-0f96-47bc-a4e8-7e5d9f844896: shutdown LeaderElection
2019-10-23 12:13:35,422 [ad4d83c7-0f96-47bc-a4e8-7e5d9f844896@group-24C785E9A0FC-LeaderElection136] INFO  impl.RoleInfo (RoleInfo.java:updateAndGet(143)) - ad4d83c7-0f96-47bc-a4e8-7e5d9f844896: start FollowerState
2019-10-23 12:13:35,538 [Thread-1420] INFO  impl.FollowerState (FollowerState.java:run(108)) - ad4d83c7-0f96-47bc-a4e8-7e5d9f844896@group-24C785E9A0FC-FollowerState: change to CANDIDATE, lastRpcTime:116ms, electionTimeout:116ms
2019-10-23 12:13:35,538 [Thread-1420] INFO  impl.RoleInfo (RoleInfo.java:shutdownFollowerState(121)) - ad4d83c7-0f96-47bc-a4e8-7e5d9f844896: shutdown FollowerState
2019-10-23 12:13:35,538 [Thread-1420] INFO  impl.RaftServerImpl (RaftServerImpl.java:setRole(184)) - ad4d83c7-0f96-47bc-a4e8-7e5d9f844896@group-24C785E9A0FC: changes role from  FOLLOWER to CANDIDATE at term 134 for changeToCandidate
2019-10-23 12:13:35,539 [Thread-1420] INFO  impl.RoleInfo (RoleInfo.java:updateAndGet(143)) - ad4d83c7-0f96-47bc-a4e8-7e5d9f844896: start LeaderElection
2019-10-23 12:13:35,552 [ad4d83c7-0f96-47bc-a4e8-7e5d9f844896@group-24C785E9A0FC-LeaderElection137] INFO  impl.LeaderElection (LeaderElection.java:askForVotes(178)) - ad4d83c7-0f96-47bc-a4e8-7e5d9f844896@group-24C785E9A0FC-LeaderElection137: begin an election at term 135 for -1: [3b749b59-de2a-419b-9a26-261692f5c83c:192.168.69.118:39205, ad4d83c7-0f96-47bc-a4e8-7e5d9f844896:192.168.69.118:41688, 02863277-f564-4bc6-8337-fb22627f6f1a:192.168.69.118:36850], old=null
2019-10-23 12:13:35,553 [ad4d83c7-0f96-47bc-a4e8-7e5d9f844896@group-24C785E9A0FC-LeaderElection137] INFO  impl.LeaderElection (LogUtils.java:infoOrTrace(149)) - ad4d83c7-0f96-47bc-a4e8-7e5d9f844896@group-24C785E9A0FC-LeaderElection137 got exception when requesting votes: {}
java.util.concurrent.ExecutionException: org.apache.ratis.thirdparty.io.grpc.StatusRuntimeException: UNAVAILABLE: io exception
	at java.util.concurrent.FutureTask.report(FutureTask.java:122)
	at java.util.concurrent.FutureTask.get(FutureTask.java:192)
	at org.apache.ratis.server.impl.LeaderElection.waitForResults(LeaderElection.java:259)
	at org.apache.ratis.server.impl.LeaderElection.askForVotes(LeaderElection.java:197)
	at org.apache.ratis.server.impl.LeaderElection.run(LeaderElection.java:133)
	at java.lang.Thread.run(Thread.java:748)
Caused by: org.apache.ratis.thirdparty.io.grpc.StatusRuntimeException: UNAVAILABLE: io exception
	at org.apache.ratis.thirdparty.io.grpc.stub.ClientCalls.toStatusRuntimeException(ClientCalls.java:233)
	at org.apache.ratis.thirdparty.io.grpc.stub.ClientCalls.getUnchecked(ClientCalls.java:214)
	at org.apache.ratis.thirdparty.io.grpc.stub.ClientCalls.blockingUnaryCall(ClientCalls.java:139)
	at org.apache.ratis.proto.grpc.RaftServerProtocolServiceGrpc$RaftServerProtocolServiceBlockingStub.requestVote(RaftServerProtocolServiceGrpc.java:265)
	at org.apache.ratis.grpc.server.GrpcServerProtocolClient.requestVote(GrpcServerProtocolClient.java:99)
	at org.apache.ratis.grpc.server.GrpcService.requestVote(GrpcService.java:204)
	at org.apache.ratis.server.impl.LeaderElection.lambda$submitRequests$1(LeaderElection.java:234)
	at java.util.concurrent.FutureTask.run(FutureTask.java:266)
	at java.util.concurrent.Executors$RunnableAdapter.call(Executors.java:511)
	at java.util.concurrent.FutureTask.run(FutureTask.java:266)
	at java.util.concurrent.ThreadPoolExecutor.runWorker(ThreadPoolExecutor.java:1149)
	at java.util.concurrent.ThreadPoolExecutor$Worker.run(ThreadPoolExecutor.java:624)
	... 1 more
Caused by: org.apache.ratis.thirdparty.io.netty.channel.AbstractChannel$AnnotatedConnectException: Connection refused: /192.168.69.118:39205
	at sun.nio.ch.SocketChannelImpl.checkConnect(Native Method)
	at sun.nio.ch.SocketChannelImpl.finishConnect(SocketChannelImpl.java:717)
	at org.apache.ratis.thirdparty.io.netty.channel.socket.nio.NioSocketChannel.doFinishConnect(NioSocketChannel.java:327)
	at org.apache.ratis.thirdparty.io.netty.channel.nio.AbstractNioChannel$AbstractNioUnsafe.finishConnect(AbstractNioChannel.java:340)
	at org.apache.ratis.thirdparty.io.netty.channel.nio.NioEventLoop.processSelectedKey(NioEventLoop.java:632)
	at org.apache.ratis.thirdparty.io.netty.channel.nio.NioEventLoop.processSelectedKeysOptimized(NioEventLoop.java:579)
	at org.apache.ratis.thirdparty.io.netty.channel.nio.NioEventLoop.processSelectedKeys(NioEventLoop.java:496)
	at org.apache.ratis.thirdparty.io.netty.channel.nio.NioEventLoop.run(NioEventLoop.java:458)
	at org.apache.ratis.thirdparty.io.netty.util.concurrent.SingleThreadEventExecutor$5.run(SingleThreadEventExecutor.java:897)
	at org.apache.ratis.thirdparty.io.netty.util.concurrent.FastThreadLocalRunnable.run(FastThreadLocalRunnable.java:30)
	... 1 more
Caused by: java.net.ConnectException: Connection refused
	... 11 more
2019-10-23 12:13:35,556 [grpc-default-executor-4] INFO  impl.RaftServerImpl (RaftServerImpl.java:setRole(184)) - 02863277-f564-4bc6-8337-fb22627f6f1a@group-24C785E9A0FC: changes role from  FOLLOWER to FOLLOWER at term 135 for recognizeCandidate:ad4d83c7-0f96-47bc-a4e8-7e5d9f844896
2019-10-23 12:13:35,557 [grpc-default-executor-4] INFO  impl.RoleInfo (RoleInfo.java:shutdownFollowerState(121)) - 02863277-f564-4bc6-8337-fb22627f6f1a: shutdown FollowerState
2019-10-23 12:13:35,557 [grpc-default-executor-4] INFO  impl.RoleInfo (RoleInfo.java:updateAndGet(143)) - 02863277-f564-4bc6-8337-fb22627f6f1a: start FollowerState
2019-10-23 12:13:35,557 [Thread-1419] INFO  impl.FollowerState (FollowerState.java:run(117)) - 02863277-f564-4bc6-8337-fb22627f6f1a@group-24C785E9A0FC-FollowerState was interrupted: java.lang.InterruptedException: sleep interrupted
2019-10-23 12:13:35,571 [ad4d83c7-0f96-47bc-a4e8-7e5d9f844896@group-24C785E9A0FC-LeaderElection137] INFO  impl.LeaderElection (LeaderElection.java:logAndReturn(56)) - ad4d83c7-0f96-47bc-a4e8-7e5d9f844896@group-24C785E9A0FC-LeaderElection137: Election REJECTED; received 1 response(s) [ad4d83c7-0f96-47bc-a4e8-7e5d9f844896<-02863277-f564-4bc6-8337-fb22627f6f1a#0:FAIL-t135] and 1 exception(s); ad4d83c7-0f96-47bc-a4e8-7e5d9f844896@group-24C785E9A0FC:t135, leader=null, voted=ad4d83c7-0f96-47bc-a4e8-7e5d9f844896, raftlog=ad4d83c7-0f96-47bc-a4e8-7e5d9f844896@group-24C785E9A0FC-SegmentedRaftLog:OPENED:c-1,f-1,i0, conf=-1: [3b749b59-de2a-419b-9a26-261692f5c83c:192.168.69.118:39205, ad4d83c7-0f96-47bc-a4e8-7e5d9f844896:192.168.69.118:41688, 02863277-f564-4bc6-8337-fb22627f6f1a:192.168.69.118:36850], old=null
2019-10-23 12:13:35,571 [ad4d83c7-0f96-47bc-a4e8-7e5d9f844896@group-24C785E9A0FC-LeaderElection137] INFO  impl.LeaderElection (LogUtils.java:infoOrTrace(149)) -   Exception 0: {}
java.util.concurrent.ExecutionException: org.apache.ratis.thirdparty.io.grpc.StatusRuntimeException: UNAVAILABLE: io exception
	at java.util.concurrent.FutureTask.report(FutureTask.java:122)
	at java.util.concurrent.FutureTask.get(FutureTask.java:192)
	at org.apache.ratis.server.impl.LeaderElection.waitForResults(LeaderElection.java:259)
	at org.apache.ratis.server.impl.LeaderElection.askForVotes(LeaderElection.java:197)
	at org.apache.ratis.server.impl.LeaderElection.run(LeaderElection.java:133)
	at java.lang.Thread.run(Thread.java:748)
Caused by: org.apache.ratis.thirdparty.io.grpc.StatusRuntimeException: UNAVAILABLE: io exception
	at org.apache.ratis.thirdparty.io.grpc.stub.ClientCalls.toStatusRuntimeException(ClientCalls.java:233)
	at org.apache.ratis.thirdparty.io.grpc.stub.ClientCalls.getUnchecked(ClientCalls.java:214)
	at org.apache.ratis.thirdparty.io.grpc.stub.ClientCalls.blockingUnaryCall(ClientCalls.java:139)
	at org.apache.ratis.proto.grpc.RaftServerProtocolServiceGrpc$RaftServerProtocolServiceBlockingStub.requestVote(RaftServerProtocolServiceGrpc.java:265)
	at org.apache.ratis.grpc.server.GrpcServerProtocolClient.requestVote(GrpcServerProtocolClient.java:99)
	at org.apache.ratis.grpc.server.GrpcService.requestVote(GrpcService.java:204)
	at org.apache.ratis.server.impl.LeaderElection.lambda$submitRequests$1(LeaderElection.java:234)
	at java.util.concurrent.FutureTask.run(FutureTask.java:266)
	at java.util.concurrent.Executors$RunnableAdapter.call(Executors.java:511)
	at java.util.concurrent.FutureTask.run(FutureTask.java:266)
	at java.util.concurrent.ThreadPoolExecutor.runWorker(ThreadPoolExecutor.java:1149)
	at java.util.concurrent.ThreadPoolExecutor$Worker.run(ThreadPoolExecutor.java:624)
	... 1 more
Caused by: org.apache.ratis.thirdparty.io.netty.channel.AbstractChannel$AnnotatedConnectException: Connection refused: /192.168.69.118:39205
	at sun.nio.ch.SocketChannelImpl.checkConnect(Native Method)
	at sun.nio.ch.SocketChannelImpl.finishConnect(SocketChannelImpl.java:717)
	at org.apache.ratis.thirdparty.io.netty.channel.socket.nio.NioSocketChannel.doFinishConnect(NioSocketChannel.java:327)
	at org.apache.ratis.thirdparty.io.netty.channel.nio.AbstractNioChannel$AbstractNioUnsafe.finishConnect(AbstractNioChannel.java:340)
	at org.apache.ratis.thirdparty.io.netty.channel.nio.NioEventLoop.processSelectedKey(NioEventLoop.java:632)
	at org.apache.ratis.thirdparty.io.netty.channel.nio.NioEventLoop.processSelectedKeysOptimized(NioEventLoop.java:579)
	at org.apache.ratis.thirdparty.io.netty.channel.nio.NioEventLoop.processSelectedKeys(NioEventLoop.java:496)
	at org.apache.ratis.thirdparty.io.netty.channel.nio.NioEventLoop.run(NioEventLoop.java:458)
	at org.apache.ratis.thirdparty.io.netty.util.concurrent.SingleThreadEventExecutor$5.run(SingleThreadEventExecutor.java:897)
	at org.apache.ratis.thirdparty.io.netty.util.concurrent.FastThreadLocalRunnable.run(FastThreadLocalRunnable.java:30)
	... 1 more
Caused by: java.net.ConnectException: Connection refused
	... 11 more
2019-10-23 12:13:35,571 [ad4d83c7-0f96-47bc-a4e8-7e5d9f844896@group-24C785E9A0FC-LeaderElection137] INFO  impl.RaftServerImpl (RaftServerImpl.java:setRole(184)) - ad4d83c7-0f96-47bc-a4e8-7e5d9f844896@group-24C785E9A0FC: changes role from CANDIDATE to FOLLOWER at term 135 for DISCOVERED_A_NEW_TERM
2019-10-23 12:13:35,571 [ad4d83c7-0f96-47bc-a4e8-7e5d9f844896@group-24C785E9A0FC-LeaderElection137] INFO  impl.RoleInfo (RoleInfo.java:shutdownLeaderElection(134)) - ad4d83c7-0f96-47bc-a4e8-7e5d9f844896: shutdown LeaderElection
2019-10-23 12:13:35,572 [ad4d83c7-0f96-47bc-a4e8-7e5d9f844896@group-24C785E9A0FC-LeaderElection137] INFO  impl.RoleInfo (RoleInfo.java:updateAndGet(143)) - ad4d83c7-0f96-47bc-a4e8-7e5d9f844896: start FollowerState
2019-10-23 12:13:35,601 [Thread-1427] INFO  impl.FollowerState (FollowerState.java:run(108)) - ad4d83c7-0f96-47bc-a4e8-7e5d9f844896@group-24C785E9A0FC-FollowerState: change to CANDIDATE, lastRpcTime:29ms, electionTimeout:29ms
2019-10-23 12:13:35,601 [Thread-1427] INFO  impl.RoleInfo (RoleInfo.java:shutdownFollowerState(121)) - ad4d83c7-0f96-47bc-a4e8-7e5d9f844896: shutdown FollowerState
2019-10-23 12:13:35,601 [Thread-1427] INFO  impl.RaftServerImpl (RaftServerImpl.java:setRole(184)) - ad4d83c7-0f96-47bc-a4e8-7e5d9f844896@group-24C785E9A0FC: changes role from  FOLLOWER to CANDIDATE at term 135 for changeToCandidate
2019-10-23 12:13:35,601 [Thread-1427] INFO  impl.RoleInfo (RoleInfo.java:updateAndGet(143)) - ad4d83c7-0f96-47bc-a4e8-7e5d9f844896: start LeaderElection
2019-10-23 12:13:35,615 [ad4d83c7-0f96-47bc-a4e8-7e5d9f844896@group-24C785E9A0FC-LeaderElection138] INFO  impl.LeaderElection (LeaderElection.java:askForVotes(178)) - ad4d83c7-0f96-47bc-a4e8-7e5d9f844896@group-24C785E9A0FC-LeaderElection138: begin an election at term 136 for -1: [3b749b59-de2a-419b-9a26-261692f5c83c:192.168.69.118:39205, ad4d83c7-0f96-47bc-a4e8-7e5d9f844896:192.168.69.118:41688, 02863277-f564-4bc6-8337-fb22627f6f1a:192.168.69.118:36850], old=null
2019-10-23 12:13:35,615 [ad4d83c7-0f96-47bc-a4e8-7e5d9f844896@group-24C785E9A0FC-LeaderElection138] INFO  impl.LeaderElection (LogUtils.java:infoOrTrace(149)) - ad4d83c7-0f96-47bc-a4e8-7e5d9f844896@group-24C785E9A0FC-LeaderElection138 got exception when requesting votes: {}
java.util.concurrent.ExecutionException: org.apache.ratis.thirdparty.io.grpc.StatusRuntimeException: UNAVAILABLE: io exception
	at java.util.concurrent.FutureTask.report(FutureTask.java:122)
	at java.util.concurrent.FutureTask.get(FutureTask.java:192)
	at org.apache.ratis.server.impl.LeaderElection.waitForResults(LeaderElection.java:259)
	at org.apache.ratis.server.impl.LeaderElection.askForVotes(LeaderElection.java:197)
	at org.apache.ratis.server.impl.LeaderElection.run(LeaderElection.java:133)
	at java.lang.Thread.run(Thread.java:748)
Caused by: org.apache.ratis.thirdparty.io.grpc.StatusRuntimeException: UNAVAILABLE: io exception
	at org.apache.ratis.thirdparty.io.grpc.stub.ClientCalls.toStatusRuntimeException(ClientCalls.java:233)
	at org.apache.ratis.thirdparty.io.grpc.stub.ClientCalls.getUnchecked(ClientCalls.java:214)
	at org.apache.ratis.thirdparty.io.grpc.stub.ClientCalls.blockingUnaryCall(ClientCalls.java:139)
	at org.apache.ratis.proto.grpc.RaftServerProtocolServiceGrpc$RaftServerProtocolServiceBlockingStub.requestVote(RaftServerProtocolServiceGrpc.java:265)
	at org.apache.ratis.grpc.server.GrpcServerProtocolClient.requestVote(GrpcServerProtocolClient.java:99)
	at org.apache.ratis.grpc.server.GrpcService.requestVote(GrpcService.java:204)
	at org.apache.ratis.server.impl.LeaderElection.lambda$submitRequests$1(LeaderElection.java:234)
	at java.util.concurrent.FutureTask.run(FutureTask.java:266)
	at java.util.concurrent.Executors$RunnableAdapter.call(Executors.java:511)
	at java.util.concurrent.FutureTask.run(FutureTask.java:266)
	at java.util.concurrent.ThreadPoolExecutor.runWorker(ThreadPoolExecutor.java:1149)
	at java.util.concurrent.ThreadPoolExecutor$Worker.run(ThreadPoolExecutor.java:624)
	... 1 more
Caused by: org.apache.ratis.thirdparty.io.netty.channel.AbstractChannel$AnnotatedConnectException: Connection refused: /192.168.69.118:39205
	at sun.nio.ch.SocketChannelImpl.checkConnect(Native Method)
	at sun.nio.ch.SocketChannelImpl.finishConnect(SocketChannelImpl.java:717)
	at org.apache.ratis.thirdparty.io.netty.channel.socket.nio.NioSocketChannel.doFinishConnect(NioSocketChannel.java:327)
	at org.apache.ratis.thirdparty.io.netty.channel.nio.AbstractNioChannel$AbstractNioUnsafe.finishConnect(AbstractNioChannel.java:340)
	at org.apache.ratis.thirdparty.io.netty.channel.nio.NioEventLoop.processSelectedKey(NioEventLoop.java:632)
	at org.apache.ratis.thirdparty.io.netty.channel.nio.NioEventLoop.processSelectedKeysOptimized(NioEventLoop.java:579)
	at org.apache.ratis.thirdparty.io.netty.channel.nio.NioEventLoop.processSelectedKeys(NioEventLoop.java:496)
	at org.apache.ratis.thirdparty.io.netty.channel.nio.NioEventLoop.run(NioEventLoop.java:458)
	at org.apache.ratis.thirdparty.io.netty.util.concurrent.SingleThreadEventExecutor$5.run(SingleThreadEventExecutor.java:897)
	at org.apache.ratis.thirdparty.io.netty.util.concurrent.FastThreadLocalRunnable.run(FastThreadLocalRunnable.java:30)
	... 1 more
Caused by: java.net.ConnectException: Connection refused
	... 11 more
2019-10-23 12:13:35,618 [grpc-default-executor-4] INFO  impl.RaftServerImpl (RaftServerImpl.java:setRole(184)) - 02863277-f564-4bc6-8337-fb22627f6f1a@group-24C785E9A0FC: changes role from  FOLLOWER to FOLLOWER at term 136 for recognizeCandidate:ad4d83c7-0f96-47bc-a4e8-7e5d9f844896
2019-10-23 12:13:35,618 [grpc-default-executor-4] INFO  impl.RoleInfo (RoleInfo.java:shutdownFollowerState(121)) - 02863277-f564-4bc6-8337-fb22627f6f1a: shutdown FollowerState
2019-10-23 12:13:35,618 [grpc-default-executor-4] INFO  impl.RoleInfo (RoleInfo.java:updateAndGet(143)) - 02863277-f564-4bc6-8337-fb22627f6f1a: start FollowerState
2019-10-23 12:13:35,618 [Thread-1426] INFO  impl.FollowerState (FollowerState.java:run(117)) - 02863277-f564-4bc6-8337-fb22627f6f1a@group-24C785E9A0FC-FollowerState was interrupted: java.lang.InterruptedException: sleep interrupted
2019-10-23 12:13:35,632 [ad4d83c7-0f96-47bc-a4e8-7e5d9f844896@group-24C785E9A0FC-LeaderElection138] INFO  impl.LeaderElection (LeaderElection.java:logAndReturn(56)) - ad4d83c7-0f96-47bc-a4e8-7e5d9f844896@group-24C785E9A0FC-LeaderElection138: Election REJECTED; received 1 response(s) [ad4d83c7-0f96-47bc-a4e8-7e5d9f844896<-02863277-f564-4bc6-8337-fb22627f6f1a#0:FAIL-t136] and 1 exception(s); ad4d83c7-0f96-47bc-a4e8-7e5d9f844896@group-24C785E9A0FC:t136, leader=null, voted=ad4d83c7-0f96-47bc-a4e8-7e5d9f844896, raftlog=ad4d83c7-0f96-47bc-a4e8-7e5d9f844896@group-24C785E9A0FC-SegmentedRaftLog:OPENED:c-1,f-1,i0, conf=-1: [3b749b59-de2a-419b-9a26-261692f5c83c:192.168.69.118:39205, ad4d83c7-0f96-47bc-a4e8-7e5d9f844896:192.168.69.118:41688, 02863277-f564-4bc6-8337-fb22627f6f1a:192.168.69.118:36850], old=null
2019-10-23 12:13:35,632 [ad4d83c7-0f96-47bc-a4e8-7e5d9f844896@group-24C785E9A0FC-LeaderElection138] INFO  impl.LeaderElection (LogUtils.java:infoOrTrace(149)) -   Exception 0: {}
java.util.concurrent.ExecutionException: org.apache.ratis.thirdparty.io.grpc.StatusRuntimeException: UNAVAILABLE: io exception
	at java.util.concurrent.FutureTask.report(FutureTask.java:122)
	at java.util.concurrent.FutureTask.get(FutureTask.java:192)
	at org.apache.ratis.server.impl.LeaderElection.waitForResults(LeaderElection.java:259)
	at org.apache.ratis.server.impl.LeaderElection.askForVotes(LeaderElection.java:197)
	at org.apache.ratis.server.impl.LeaderElection.run(LeaderElection.java:133)
	at java.lang.Thread.run(Thread.java:748)
Caused by: org.apache.ratis.thirdparty.io.grpc.StatusRuntimeException: UNAVAILABLE: io exception
	at org.apache.ratis.thirdparty.io.grpc.stub.ClientCalls.toStatusRuntimeException(ClientCalls.java:233)
	at org.apache.ratis.thirdparty.io.grpc.stub.ClientCalls.getUnchecked(ClientCalls.java:214)
	at org.apache.ratis.thirdparty.io.grpc.stub.ClientCalls.blockingUnaryCall(ClientCalls.java:139)
	at org.apache.ratis.proto.grpc.RaftServerProtocolServiceGrpc$RaftServerProtocolServiceBlockingStub.requestVote(RaftServerProtocolServiceGrpc.java:265)
	at org.apache.ratis.grpc.server.GrpcServerProtocolClient.requestVote(GrpcServerProtocolClient.java:99)
	at org.apache.ratis.grpc.server.GrpcService.requestVote(GrpcService.java:204)
	at org.apache.ratis.server.impl.LeaderElection.lambda$submitRequests$1(LeaderElection.java:234)
	at java.util.concurrent.FutureTask.run(FutureTask.java:266)
	at java.util.concurrent.Executors$RunnableAdapter.call(Executors.java:511)
	at java.util.concurrent.FutureTask.run(FutureTask.java:266)
	at java.util.concurrent.ThreadPoolExecutor.runWorker(ThreadPoolExecutor.java:1149)
	at java.util.concurrent.ThreadPoolExecutor$Worker.run(ThreadPoolExecutor.java:624)
	... 1 more
Caused by: org.apache.ratis.thirdparty.io.netty.channel.AbstractChannel$AnnotatedConnectException: Connection refused: /192.168.69.118:39205
	at sun.nio.ch.SocketChannelImpl.checkConnect(Native Method)
	at sun.nio.ch.SocketChannelImpl.finishConnect(SocketChannelImpl.java:717)
	at org.apache.ratis.thirdparty.io.netty.channel.socket.nio.NioSocketChannel.doFinishConnect(NioSocketChannel.java:327)
	at org.apache.ratis.thirdparty.io.netty.channel.nio.AbstractNioChannel$AbstractNioUnsafe.finishConnect(AbstractNioChannel.java:340)
	at org.apache.ratis.thirdparty.io.netty.channel.nio.NioEventLoop.processSelectedKey(NioEventLoop.java:632)
	at org.apache.ratis.thirdparty.io.netty.channel.nio.NioEventLoop.processSelectedKeysOptimized(NioEventLoop.java:579)
	at org.apache.ratis.thirdparty.io.netty.channel.nio.NioEventLoop.processSelectedKeys(NioEventLoop.java:496)
	at org.apache.ratis.thirdparty.io.netty.channel.nio.NioEventLoop.run(NioEventLoop.java:458)
	at org.apache.ratis.thirdparty.io.netty.util.concurrent.SingleThreadEventExecutor$5.run(SingleThreadEventExecutor.java:897)
	at org.apache.ratis.thirdparty.io.netty.util.concurrent.FastThreadLocalRunnable.run(FastThreadLocalRunnable.java:30)
	... 1 more
Caused by: java.net.ConnectException: Connection refused
	... 11 more
2019-10-23 12:13:35,632 [ad4d83c7-0f96-47bc-a4e8-7e5d9f844896@group-24C785E9A0FC-LeaderElection138] INFO  impl.RaftServerImpl (RaftServerImpl.java:setRole(184)) - ad4d83c7-0f96-47bc-a4e8-7e5d9f844896@group-24C785E9A0FC: changes role from CANDIDATE to FOLLOWER at term 136 for DISCOVERED_A_NEW_TERM
2019-10-23 12:13:35,632 [ad4d83c7-0f96-47bc-a4e8-7e5d9f844896@group-24C785E9A0FC-LeaderElection138] INFO  impl.RoleInfo (RoleInfo.java:shutdownLeaderElection(134)) - ad4d83c7-0f96-47bc-a4e8-7e5d9f844896: shutdown LeaderElection
2019-10-23 12:13:35,632 [ad4d83c7-0f96-47bc-a4e8-7e5d9f844896@group-24C785E9A0FC-LeaderElection138] INFO  impl.RoleInfo (RoleInfo.java:updateAndGet(143)) - ad4d83c7-0f96-47bc-a4e8-7e5d9f844896: start FollowerState
2019-10-23 12:13:35,821 [Thread-1432] INFO  impl.FollowerState (FollowerState.java:run(108)) - ad4d83c7-0f96-47bc-a4e8-7e5d9f844896@group-24C785E9A0FC-FollowerState: change to CANDIDATE, lastRpcTime:189ms, electionTimeout:189ms
2019-10-23 12:13:35,822 [Thread-1432] INFO  impl.RoleInfo (RoleInfo.java:shutdownFollowerState(121)) - ad4d83c7-0f96-47bc-a4e8-7e5d9f844896: shutdown FollowerState
2019-10-23 12:13:35,822 [Thread-1432] INFO  impl.RaftServerImpl (RaftServerImpl.java:setRole(184)) - ad4d83c7-0f96-47bc-a4e8-7e5d9f844896@group-24C785E9A0FC: changes role from  FOLLOWER to CANDIDATE at term 136 for changeToCandidate
2019-10-23 12:13:35,822 [Thread-1432] INFO  impl.RoleInfo (RoleInfo.java:updateAndGet(143)) - ad4d83c7-0f96-47bc-a4e8-7e5d9f844896: start LeaderElection
2019-10-23 12:13:35,829 [ad4d83c7-0f96-47bc-a4e8-7e5d9f844896@group-24C785E9A0FC-LeaderElection139] INFO  impl.LeaderElection (LeaderElection.java:askForVotes(178)) - ad4d83c7-0f96-47bc-a4e8-7e5d9f844896@group-24C785E9A0FC-LeaderElection139: begin an election at term 137 for -1: [3b749b59-de2a-419b-9a26-261692f5c83c:192.168.69.118:39205, ad4d83c7-0f96-47bc-a4e8-7e5d9f844896:192.168.69.118:41688, 02863277-f564-4bc6-8337-fb22627f6f1a:192.168.69.118:36850], old=null
2019-10-23 12:13:35,829 [ad4d83c7-0f96-47bc-a4e8-7e5d9f844896@group-24C785E9A0FC-LeaderElection139] INFO  impl.LeaderElection (LogUtils.java:infoOrTrace(149)) - ad4d83c7-0f96-47bc-a4e8-7e5d9f844896@group-24C785E9A0FC-LeaderElection139 got exception when requesting votes: {}
java.util.concurrent.ExecutionException: org.apache.ratis.thirdparty.io.grpc.StatusRuntimeException: UNAVAILABLE: io exception
	at java.util.concurrent.FutureTask.report(FutureTask.java:122)
	at java.util.concurrent.FutureTask.get(FutureTask.java:192)
	at org.apache.ratis.server.impl.LeaderElection.waitForResults(LeaderElection.java:259)
	at org.apache.ratis.server.impl.LeaderElection.askForVotes(LeaderElection.java:197)
	at org.apache.ratis.server.impl.LeaderElection.run(LeaderElection.java:133)
	at java.lang.Thread.run(Thread.java:748)
Caused by: org.apache.ratis.thirdparty.io.grpc.StatusRuntimeException: UNAVAILABLE: io exception
	at org.apache.ratis.thirdparty.io.grpc.stub.ClientCalls.toStatusRuntimeException(ClientCalls.java:233)
	at org.apache.ratis.thirdparty.io.grpc.stub.ClientCalls.getUnchecked(ClientCalls.java:214)
	at org.apache.ratis.thirdparty.io.grpc.stub.ClientCalls.blockingUnaryCall(ClientCalls.java:139)
	at org.apache.ratis.proto.grpc.RaftServerProtocolServiceGrpc$RaftServerProtocolServiceBlockingStub.requestVote(RaftServerProtocolServiceGrpc.java:265)
	at org.apache.ratis.grpc.server.GrpcServerProtocolClient.requestVote(GrpcServerProtocolClient.java:99)
	at org.apache.ratis.grpc.server.GrpcService.requestVote(GrpcService.java:204)
	at org.apache.ratis.server.impl.LeaderElection.lambda$submitRequests$1(LeaderElection.java:234)
	at java.util.concurrent.FutureTask.run(FutureTask.java:266)
	at java.util.concurrent.Executors$RunnableAdapter.call(Executors.java:511)
	at java.util.concurrent.FutureTask.run(FutureTask.java:266)
	at java.util.concurrent.ThreadPoolExecutor.runWorker(ThreadPoolExecutor.java:1149)
	at java.util.concurrent.ThreadPoolExecutor$Worker.run(ThreadPoolExecutor.java:624)
	... 1 more
Caused by: org.apache.ratis.thirdparty.io.netty.channel.AbstractChannel$AnnotatedConnectException: Connection refused: /192.168.69.118:39205
	at sun.nio.ch.SocketChannelImpl.checkConnect(Native Method)
	at sun.nio.ch.SocketChannelImpl.finishConnect(SocketChannelImpl.java:717)
	at org.apache.ratis.thirdparty.io.netty.channel.socket.nio.NioSocketChannel.doFinishConnect(NioSocketChannel.java:327)
	at org.apache.ratis.thirdparty.io.netty.channel.nio.AbstractNioChannel$AbstractNioUnsafe.finishConnect(AbstractNioChannel.java:340)
	at org.apache.ratis.thirdparty.io.netty.channel.nio.NioEventLoop.processSelectedKey(NioEventLoop.java:632)
	at org.apache.ratis.thirdparty.io.netty.channel.nio.NioEventLoop.processSelectedKeysOptimized(NioEventLoop.java:579)
	at org.apache.ratis.thirdparty.io.netty.channel.nio.NioEventLoop.processSelectedKeys(NioEventLoop.java:496)
	at org.apache.ratis.thirdparty.io.netty.channel.nio.NioEventLoop.run(NioEventLoop.java:458)
	at org.apache.ratis.thirdparty.io.netty.util.concurrent.SingleThreadEventExecutor$5.run(SingleThreadEventExecutor.java:897)
	at org.apache.ratis.thirdparty.io.netty.util.concurrent.FastThreadLocalRunnable.run(FastThreadLocalRunnable.java:30)
	... 1 more
Caused by: java.net.ConnectException: Connection refused
	... 11 more
2019-10-23 12:13:35,832 [grpc-default-executor-3] INFO  impl.RaftServerImpl (RaftServerImpl.java:setRole(184)) - 02863277-f564-4bc6-8337-fb22627f6f1a@group-24C785E9A0FC: changes role from  FOLLOWER to FOLLOWER at term 137 for recognizeCandidate:ad4d83c7-0f96-47bc-a4e8-7e5d9f844896
2019-10-23 12:13:35,832 [grpc-default-executor-3] INFO  impl.RoleInfo (RoleInfo.java:shutdownFollowerState(121)) - 02863277-f564-4bc6-8337-fb22627f6f1a: shutdown FollowerState
2019-10-23 12:13:35,832 [grpc-default-executor-3] INFO  impl.RoleInfo (RoleInfo.java:updateAndGet(143)) - 02863277-f564-4bc6-8337-fb22627f6f1a: start FollowerState
2019-10-23 12:13:35,833 [Thread-1431] INFO  impl.FollowerState (FollowerState.java:run(117)) - 02863277-f564-4bc6-8337-fb22627f6f1a@group-24C785E9A0FC-FollowerState was interrupted: java.lang.InterruptedException: sleep interrupted
2019-10-23 12:13:35,846 [ad4d83c7-0f96-47bc-a4e8-7e5d9f844896@group-24C785E9A0FC-LeaderElection139] INFO  impl.LeaderElection (LeaderElection.java:logAndReturn(56)) - ad4d83c7-0f96-47bc-a4e8-7e5d9f844896@group-24C785E9A0FC-LeaderElection139: Election REJECTED; received 1 response(s) [ad4d83c7-0f96-47bc-a4e8-7e5d9f844896<-02863277-f564-4bc6-8337-fb22627f6f1a#0:FAIL-t137] and 1 exception(s); ad4d83c7-0f96-47bc-a4e8-7e5d9f844896@group-24C785E9A0FC:t137, leader=null, voted=ad4d83c7-0f96-47bc-a4e8-7e5d9f844896, raftlog=ad4d83c7-0f96-47bc-a4e8-7e5d9f844896@group-24C785E9A0FC-SegmentedRaftLog:OPENED:c-1,f-1,i0, conf=-1: [3b749b59-de2a-419b-9a26-261692f5c83c:192.168.69.118:39205, ad4d83c7-0f96-47bc-a4e8-7e5d9f844896:192.168.69.118:41688, 02863277-f564-4bc6-8337-fb22627f6f1a:192.168.69.118:36850], old=null
2019-10-23 12:13:35,846 [ad4d83c7-0f96-47bc-a4e8-7e5d9f844896@group-24C785E9A0FC-LeaderElection139] INFO  impl.LeaderElection (LogUtils.java:infoOrTrace(149)) -   Exception 0: {}
java.util.concurrent.ExecutionException: org.apache.ratis.thirdparty.io.grpc.StatusRuntimeException: UNAVAILABLE: io exception
	at java.util.concurrent.FutureTask.report(FutureTask.java:122)
	at java.util.concurrent.FutureTask.get(FutureTask.java:192)
	at org.apache.ratis.server.impl.LeaderElection.waitForResults(LeaderElection.java:259)
	at org.apache.ratis.server.impl.LeaderElection.askForVotes(LeaderElection.java:197)
	at org.apache.ratis.server.impl.LeaderElection.run(LeaderElection.java:133)
	at java.lang.Thread.run(Thread.java:748)
Caused by: org.apache.ratis.thirdparty.io.grpc.StatusRuntimeException: UNAVAILABLE: io exception
	at org.apache.ratis.thirdparty.io.grpc.stub.ClientCalls.toStatusRuntimeException(ClientCalls.java:233)
	at org.apache.ratis.thirdparty.io.grpc.stub.ClientCalls.getUnchecked(ClientCalls.java:214)
	at org.apache.ratis.thirdparty.io.grpc.stub.ClientCalls.blockingUnaryCall(ClientCalls.java:139)
	at org.apache.ratis.proto.grpc.RaftServerProtocolServiceGrpc$RaftServerProtocolServiceBlockingStub.requestVote(RaftServerProtocolServiceGrpc.java:265)
	at org.apache.ratis.grpc.server.GrpcServerProtocolClient.requestVote(GrpcServerProtocolClient.java:99)
	at org.apache.ratis.grpc.server.GrpcService.requestVote(GrpcService.java:204)
	at org.apache.ratis.server.impl.LeaderElection.lambda$submitRequests$1(LeaderElection.java:234)
	at java.util.concurrent.FutureTask.run(FutureTask.java:266)
	at java.util.concurrent.Executors$RunnableAdapter.call(Executors.java:511)
	at java.util.concurrent.FutureTask.run(FutureTask.java:266)
	at java.util.concurrent.ThreadPoolExecutor.runWorker(ThreadPoolExecutor.java:1149)
	at java.util.concurrent.ThreadPoolExecutor$Worker.run(ThreadPoolExecutor.java:624)
	... 1 more
Caused by: org.apache.ratis.thirdparty.io.netty.channel.AbstractChannel$AnnotatedConnectException: Connection refused: /192.168.69.118:39205
	at sun.nio.ch.SocketChannelImpl.checkConnect(Native Method)
	at sun.nio.ch.SocketChannelImpl.finishConnect(SocketChannelImpl.java:717)
	at org.apache.ratis.thirdparty.io.netty.channel.socket.nio.NioSocketChannel.doFinishConnect(NioSocketChannel.java:327)
	at org.apache.ratis.thirdparty.io.netty.channel.nio.AbstractNioChannel$AbstractNioUnsafe.finishConnect(AbstractNioChannel.java:340)
	at org.apache.ratis.thirdparty.io.netty.channel.nio.NioEventLoop.processSelectedKey(NioEventLoop.java:632)
	at org.apache.ratis.thirdparty.io.netty.channel.nio.NioEventLoop.processSelectedKeysOptimized(NioEventLoop.java:579)
	at org.apache.ratis.thirdparty.io.netty.channel.nio.NioEventLoop.processSelectedKeys(NioEventLoop.java:496)
	at org.apache.ratis.thirdparty.io.netty.channel.nio.NioEventLoop.run(NioEventLoop.java:458)
	at org.apache.ratis.thirdparty.io.netty.util.concurrent.SingleThreadEventExecutor$5.run(SingleThreadEventExecutor.java:897)
	at org.apache.ratis.thirdparty.io.netty.util.concurrent.FastThreadLocalRunnable.run(FastThreadLocalRunnable.java:30)
	... 1 more
Caused by: java.net.ConnectException: Connection refused
	... 11 more
2019-10-23 12:13:35,846 [ad4d83c7-0f96-47bc-a4e8-7e5d9f844896@group-24C785E9A0FC-LeaderElection139] INFO  impl.RaftServerImpl (RaftServerImpl.java:setRole(184)) - ad4d83c7-0f96-47bc-a4e8-7e5d9f844896@group-24C785E9A0FC: changes role from CANDIDATE to FOLLOWER at term 137 for DISCOVERED_A_NEW_TERM
2019-10-23 12:13:35,846 [ad4d83c7-0f96-47bc-a4e8-7e5d9f844896@group-24C785E9A0FC-LeaderElection139] INFO  impl.RoleInfo (RoleInfo.java:shutdownLeaderElection(134)) - ad4d83c7-0f96-47bc-a4e8-7e5d9f844896: shutdown LeaderElection
2019-10-23 12:13:35,846 [ad4d83c7-0f96-47bc-a4e8-7e5d9f844896@group-24C785E9A0FC-LeaderElection139] INFO  impl.RoleInfo (RoleInfo.java:updateAndGet(143)) - ad4d83c7-0f96-47bc-a4e8-7e5d9f844896: start FollowerState
2019-10-23 12:13:36,021 [Thread-1439] INFO  impl.FollowerState (FollowerState.java:run(108)) - ad4d83c7-0f96-47bc-a4e8-7e5d9f844896@group-24C785E9A0FC-FollowerState: change to CANDIDATE, lastRpcTime:174ms, electionTimeout:174ms
2019-10-23 12:13:36,021 [Thread-1439] INFO  impl.RoleInfo (RoleInfo.java:shutdownFollowerState(121)) - ad4d83c7-0f96-47bc-a4e8-7e5d9f844896: shutdown FollowerState
2019-10-23 12:13:36,021 [Thread-1439] INFO  impl.RaftServerImpl (RaftServerImpl.java:setRole(184)) - ad4d83c7-0f96-47bc-a4e8-7e5d9f844896@group-24C785E9A0FC: changes role from  FOLLOWER to CANDIDATE at term 137 for changeToCandidate
2019-10-23 12:13:36,021 [Thread-1439] INFO  impl.RoleInfo (RoleInfo.java:updateAndGet(143)) - ad4d83c7-0f96-47bc-a4e8-7e5d9f844896: start LeaderElection
2019-10-23 12:13:36,035 [ad4d83c7-0f96-47bc-a4e8-7e5d9f844896@group-24C785E9A0FC-LeaderElection140] INFO  impl.LeaderElection (LeaderElection.java:askForVotes(178)) - ad4d83c7-0f96-47bc-a4e8-7e5d9f844896@group-24C785E9A0FC-LeaderElection140: begin an election at term 138 for -1: [3b749b59-de2a-419b-9a26-261692f5c83c:192.168.69.118:39205, ad4d83c7-0f96-47bc-a4e8-7e5d9f844896:192.168.69.118:41688, 02863277-f564-4bc6-8337-fb22627f6f1a:192.168.69.118:36850], old=null
2019-10-23 12:13:36,036 [ad4d83c7-0f96-47bc-a4e8-7e5d9f844896@group-24C785E9A0FC-LeaderElection140] INFO  impl.LeaderElection (LogUtils.java:infoOrTrace(149)) - ad4d83c7-0f96-47bc-a4e8-7e5d9f844896@group-24C785E9A0FC-LeaderElection140 got exception when requesting votes: {}
java.util.concurrent.ExecutionException: org.apache.ratis.thirdparty.io.grpc.StatusRuntimeException: UNAVAILABLE: io exception
	at java.util.concurrent.FutureTask.report(FutureTask.java:122)
	at java.util.concurrent.FutureTask.get(FutureTask.java:192)
	at org.apache.ratis.server.impl.LeaderElection.waitForResults(LeaderElection.java:259)
	at org.apache.ratis.server.impl.LeaderElection.askForVotes(LeaderElection.java:197)
	at org.apache.ratis.server.impl.LeaderElection.run(LeaderElection.java:133)
	at java.lang.Thread.run(Thread.java:748)
Caused by: org.apache.ratis.thirdparty.io.grpc.StatusRuntimeException: UNAVAILABLE: io exception
	at org.apache.ratis.thirdparty.io.grpc.stub.ClientCalls.toStatusRuntimeException(ClientCalls.java:233)
	at org.apache.ratis.thirdparty.io.grpc.stub.ClientCalls.getUnchecked(ClientCalls.java:214)
	at org.apache.ratis.thirdparty.io.grpc.stub.ClientCalls.blockingUnaryCall(ClientCalls.java:139)
	at org.apache.ratis.proto.grpc.RaftServerProtocolServiceGrpc$RaftServerProtocolServiceBlockingStub.requestVote(RaftServerProtocolServiceGrpc.java:265)
	at org.apache.ratis.grpc.server.GrpcServerProtocolClient.requestVote(GrpcServerProtocolClient.java:99)
	at org.apache.ratis.grpc.server.GrpcService.requestVote(GrpcService.java:204)
	at org.apache.ratis.server.impl.LeaderElection.lambda$submitRequests$1(LeaderElection.java:234)
	at java.util.concurrent.FutureTask.run(FutureTask.java:266)
	at java.util.concurrent.Executors$RunnableAdapter.call(Executors.java:511)
	at java.util.concurrent.FutureTask.run(FutureTask.java:266)
	at java.util.concurrent.ThreadPoolExecutor.runWorker(ThreadPoolExecutor.java:1149)
	at java.util.concurrent.ThreadPoolExecutor$Worker.run(ThreadPoolExecutor.java:624)
	... 1 more
Caused by: org.apache.ratis.thirdparty.io.netty.channel.AbstractChannel$AnnotatedConnectException: Connection refused: /192.168.69.118:39205
	at sun.nio.ch.SocketChannelImpl.checkConnect(Native Method)
	at sun.nio.ch.SocketChannelImpl.finishConnect(SocketChannelImpl.java:717)
	at org.apache.ratis.thirdparty.io.netty.channel.socket.nio.NioSocketChannel.doFinishConnect(NioSocketChannel.java:327)
	at org.apache.ratis.thirdparty.io.netty.channel.nio.AbstractNioChannel$AbstractNioUnsafe.finishConnect(AbstractNioChannel.java:340)
	at org.apache.ratis.thirdparty.io.netty.channel.nio.NioEventLoop.processSelectedKey(NioEventLoop.java:632)
	at org.apache.ratis.thirdparty.io.netty.channel.nio.NioEventLoop.processSelectedKeysOptimized(NioEventLoop.java:579)
	at org.apache.ratis.thirdparty.io.netty.channel.nio.NioEventLoop.processSelectedKeys(NioEventLoop.java:496)
	at org.apache.ratis.thirdparty.io.netty.channel.nio.NioEventLoop.run(NioEventLoop.java:458)
	at org.apache.ratis.thirdparty.io.netty.util.concurrent.SingleThreadEventExecutor$5.run(SingleThreadEventExecutor.java:897)
	at org.apache.ratis.thirdparty.io.netty.util.concurrent.FastThreadLocalRunnable.run(FastThreadLocalRunnable.java:30)
	... 1 more
Caused by: java.net.ConnectException: Connection refused
	... 11 more
2019-10-23 12:13:36,040 [grpc-default-executor-3] INFO  impl.RaftServerImpl (RaftServerImpl.java:setRole(184)) - 02863277-f564-4bc6-8337-fb22627f6f1a@group-24C785E9A0FC: changes role from  FOLLOWER to FOLLOWER at term 138 for recognizeCandidate:ad4d83c7-0f96-47bc-a4e8-7e5d9f844896
2019-10-23 12:13:36,041 [grpc-default-executor-3] INFO  impl.RoleInfo (RoleInfo.java:shutdownFollowerState(121)) - 02863277-f564-4bc6-8337-fb22627f6f1a: shutdown FollowerState
2019-10-23 12:13:36,041 [grpc-default-executor-3] INFO  impl.RoleInfo (RoleInfo.java:updateAndGet(143)) - 02863277-f564-4bc6-8337-fb22627f6f1a: start FollowerState
2019-10-23 12:13:36,041 [Thread-1438] INFO  impl.FollowerState (FollowerState.java:run(117)) - 02863277-f564-4bc6-8337-fb22627f6f1a@group-24C785E9A0FC-FollowerState was interrupted: java.lang.InterruptedException: sleep interrupted
2019-10-23 12:13:36,055 [ad4d83c7-0f96-47bc-a4e8-7e5d9f844896@group-24C785E9A0FC-LeaderElection140] INFO  impl.LeaderElection (LeaderElection.java:logAndReturn(56)) - ad4d83c7-0f96-47bc-a4e8-7e5d9f844896@group-24C785E9A0FC-LeaderElection140: Election REJECTED; received 1 response(s) [ad4d83c7-0f96-47bc-a4e8-7e5d9f844896<-02863277-f564-4bc6-8337-fb22627f6f1a#0:FAIL-t138] and 1 exception(s); ad4d83c7-0f96-47bc-a4e8-7e5d9f844896@group-24C785E9A0FC:t138, leader=null, voted=ad4d83c7-0f96-47bc-a4e8-7e5d9f844896, raftlog=ad4d83c7-0f96-47bc-a4e8-7e5d9f844896@group-24C785E9A0FC-SegmentedRaftLog:OPENED:c-1,f-1,i0, conf=-1: [3b749b59-de2a-419b-9a26-261692f5c83c:192.168.69.118:39205, ad4d83c7-0f96-47bc-a4e8-7e5d9f844896:192.168.69.118:41688, 02863277-f564-4bc6-8337-fb22627f6f1a:192.168.69.118:36850], old=null
2019-10-23 12:13:36,055 [ad4d83c7-0f96-47bc-a4e8-7e5d9f844896@group-24C785E9A0FC-LeaderElection140] INFO  impl.LeaderElection (LogUtils.java:infoOrTrace(149)) -   Exception 0: {}
java.util.concurrent.ExecutionException: org.apache.ratis.thirdparty.io.grpc.StatusRuntimeException: UNAVAILABLE: io exception
	at java.util.concurrent.FutureTask.report(FutureTask.java:122)
	at java.util.concurrent.FutureTask.get(FutureTask.java:192)
	at org.apache.ratis.server.impl.LeaderElection.waitForResults(LeaderElection.java:259)
	at org.apache.ratis.server.impl.LeaderElection.askForVotes(LeaderElection.java:197)
	at org.apache.ratis.server.impl.LeaderElection.run(LeaderElection.java:133)
	at java.lang.Thread.run(Thread.java:748)
Caused by: org.apache.ratis.thirdparty.io.grpc.StatusRuntimeException: UNAVAILABLE: io exception
	at org.apache.ratis.thirdparty.io.grpc.stub.ClientCalls.toStatusRuntimeException(ClientCalls.java:233)
	at org.apache.ratis.thirdparty.io.grpc.stub.ClientCalls.getUnchecked(ClientCalls.java:214)
	at org.apache.ratis.thirdparty.io.grpc.stub.ClientCalls.blockingUnaryCall(ClientCalls.java:139)
	at org.apache.ratis.proto.grpc.RaftServerProtocolServiceGrpc$RaftServerProtocolServiceBlockingStub.requestVote(RaftServerProtocolServiceGrpc.java:265)
	at org.apache.ratis.grpc.server.GrpcServerProtocolClient.requestVote(GrpcServerProtocolClient.java:99)
	at org.apache.ratis.grpc.server.GrpcService.requestVote(GrpcService.java:204)
	at org.apache.ratis.server.impl.LeaderElection.lambda$submitRequests$1(LeaderElection.java:234)
	at java.util.concurrent.FutureTask.run(FutureTask.java:266)
	at java.util.concurrent.Executors$RunnableAdapter.call(Executors.java:511)
	at java.util.concurrent.FutureTask.run(FutureTask.java:266)
	at java.util.concurrent.ThreadPoolExecutor.runWorker(ThreadPoolExecutor.java:1149)
	at java.util.concurrent.ThreadPoolExecutor$Worker.run(ThreadPoolExecutor.java:624)
	... 1 more
Caused by: org.apache.ratis.thirdparty.io.netty.channel.AbstractChannel$AnnotatedConnectException: Connection refused: /192.168.69.118:39205
	at sun.nio.ch.SocketChannelImpl.checkConnect(Native Method)
	at sun.nio.ch.SocketChannelImpl.finishConnect(SocketChannelImpl.java:717)
	at org.apache.ratis.thirdparty.io.netty.channel.socket.nio.NioSocketChannel.doFinishConnect(NioSocketChannel.java:327)
	at org.apache.ratis.thirdparty.io.netty.channel.nio.AbstractNioChannel$AbstractNioUnsafe.finishConnect(AbstractNioChannel.java:340)
	at org.apache.ratis.thirdparty.io.netty.channel.nio.NioEventLoop.processSelectedKey(NioEventLoop.java:632)
	at org.apache.ratis.thirdparty.io.netty.channel.nio.NioEventLoop.processSelectedKeysOptimized(NioEventLoop.java:579)
	at org.apache.ratis.thirdparty.io.netty.channel.nio.NioEventLoop.processSelectedKeys(NioEventLoop.java:496)
	at org.apache.ratis.thirdparty.io.netty.channel.nio.NioEventLoop.run(NioEventLoop.java:458)
	at org.apache.ratis.thirdparty.io.netty.util.concurrent.SingleThreadEventExecutor$5.run(SingleThreadEventExecutor.java:897)
	at org.apache.ratis.thirdparty.io.netty.util.concurrent.FastThreadLocalRunnable.run(FastThreadLocalRunnable.java:30)
	... 1 more
Caused by: java.net.ConnectException: Connection refused
	... 11 more
2019-10-23 12:13:36,055 [ad4d83c7-0f96-47bc-a4e8-7e5d9f844896@group-24C785E9A0FC-LeaderElection140] INFO  impl.RaftServerImpl (RaftServerImpl.java:setRole(184)) - ad4d83c7-0f96-47bc-a4e8-7e5d9f844896@group-24C785E9A0FC: changes role from CANDIDATE to FOLLOWER at term 138 for DISCOVERED_A_NEW_TERM
2019-10-23 12:13:36,055 [ad4d83c7-0f96-47bc-a4e8-7e5d9f844896@group-24C785E9A0FC-LeaderElection140] INFO  impl.RoleInfo (RoleInfo.java:shutdownLeaderElection(134)) - ad4d83c7-0f96-47bc-a4e8-7e5d9f844896: shutdown LeaderElection
2019-10-23 12:13:36,056 [ad4d83c7-0f96-47bc-a4e8-7e5d9f844896@group-24C785E9A0FC-LeaderElection140] INFO  impl.RoleInfo (RoleInfo.java:updateAndGet(143)) - ad4d83c7-0f96-47bc-a4e8-7e5d9f844896: start FollowerState
2019-10-23 12:13:36,063 [Thread-1446] INFO  impl.FollowerState (FollowerState.java:run(108)) - ad4d83c7-0f96-47bc-a4e8-7e5d9f844896@group-24C785E9A0FC-FollowerState: change to CANDIDATE, lastRpcTime:7ms, electionTimeout:7ms
2019-10-23 12:13:36,063 [Thread-1446] INFO  impl.RoleInfo (RoleInfo.java:shutdownFollowerState(121)) - ad4d83c7-0f96-47bc-a4e8-7e5d9f844896: shutdown FollowerState
2019-10-23 12:13:36,063 [Thread-1446] INFO  impl.RaftServerImpl (RaftServerImpl.java:setRole(184)) - ad4d83c7-0f96-47bc-a4e8-7e5d9f844896@group-24C785E9A0FC: changes role from  FOLLOWER to CANDIDATE at term 138 for changeToCandidate
2019-10-23 12:13:36,063 [Thread-1446] INFO  impl.RoleInfo (RoleInfo.java:updateAndGet(143)) - ad4d83c7-0f96-47bc-a4e8-7e5d9f844896: start LeaderElection
2019-10-23 12:13:36,076 [ad4d83c7-0f96-47bc-a4e8-7e5d9f844896@group-24C785E9A0FC-LeaderElection141] INFO  impl.LeaderElection (LeaderElection.java:askForVotes(178)) - ad4d83c7-0f96-47bc-a4e8-7e5d9f844896@group-24C785E9A0FC-LeaderElection141: begin an election at term 139 for -1: [3b749b59-de2a-419b-9a26-261692f5c83c:192.168.69.118:39205, ad4d83c7-0f96-47bc-a4e8-7e5d9f844896:192.168.69.118:41688, 02863277-f564-4bc6-8337-fb22627f6f1a:192.168.69.118:36850], old=null
2019-10-23 12:13:36,077 [ad4d83c7-0f96-47bc-a4e8-7e5d9f844896@group-24C785E9A0FC-LeaderElection141] INFO  impl.LeaderElection (LogUtils.java:infoOrTrace(149)) - ad4d83c7-0f96-47bc-a4e8-7e5d9f844896@group-24C785E9A0FC-LeaderElection141 got exception when requesting votes: {}
java.util.concurrent.ExecutionException: org.apache.ratis.thirdparty.io.grpc.StatusRuntimeException: UNAVAILABLE: io exception
	at java.util.concurrent.FutureTask.report(FutureTask.java:122)
	at java.util.concurrent.FutureTask.get(FutureTask.java:192)
	at org.apache.ratis.server.impl.LeaderElection.waitForResults(LeaderElection.java:259)
	at org.apache.ratis.server.impl.LeaderElection.askForVotes(LeaderElection.java:197)
	at org.apache.ratis.server.impl.LeaderElection.run(LeaderElection.java:133)
	at java.lang.Thread.run(Thread.java:748)
Caused by: org.apache.ratis.thirdparty.io.grpc.StatusRuntimeException: UNAVAILABLE: io exception
	at org.apache.ratis.thirdparty.io.grpc.stub.ClientCalls.toStatusRuntimeException(ClientCalls.java:233)
	at org.apache.ratis.thirdparty.io.grpc.stub.ClientCalls.getUnchecked(ClientCalls.java:214)
	at org.apache.ratis.thirdparty.io.grpc.stub.ClientCalls.blockingUnaryCall(ClientCalls.java:139)
	at org.apache.ratis.proto.grpc.RaftServerProtocolServiceGrpc$RaftServerProtocolServiceBlockingStub.requestVote(RaftServerProtocolServiceGrpc.java:265)
	at org.apache.ratis.grpc.server.GrpcServerProtocolClient.requestVote(GrpcServerProtocolClient.java:99)
	at org.apache.ratis.grpc.server.GrpcService.requestVote(GrpcService.java:204)
	at org.apache.ratis.server.impl.LeaderElection.lambda$submitRequests$1(LeaderElection.java:234)
	at java.util.concurrent.FutureTask.run(FutureTask.java:266)
	at java.util.concurrent.Executors$RunnableAdapter.call(Executors.java:511)
	at java.util.concurrent.FutureTask.run(FutureTask.java:266)
	at java.util.concurrent.ThreadPoolExecutor.runWorker(ThreadPoolExecutor.java:1149)
	at java.util.concurrent.ThreadPoolExecutor$Worker.run(ThreadPoolExecutor.java:624)
	... 1 more
Caused by: org.apache.ratis.thirdparty.io.netty.channel.AbstractChannel$AnnotatedConnectException: Connection refused: /192.168.69.118:39205
	at sun.nio.ch.SocketChannelImpl.checkConnect(Native Method)
	at sun.nio.ch.SocketChannelImpl.finishConnect(SocketChannelImpl.java:717)
	at org.apache.ratis.thirdparty.io.netty.channel.socket.nio.NioSocketChannel.doFinishConnect(NioSocketChannel.java:327)
	at org.apache.ratis.thirdparty.io.netty.channel.nio.AbstractNioChannel$AbstractNioUnsafe.finishConnect(AbstractNioChannel.java:340)
	at org.apache.ratis.thirdparty.io.netty.channel.nio.NioEventLoop.processSelectedKey(NioEventLoop.java:632)
	at org.apache.ratis.thirdparty.io.netty.channel.nio.NioEventLoop.processSelectedKeysOptimized(NioEventLoop.java:579)
	at org.apache.ratis.thirdparty.io.netty.channel.nio.NioEventLoop.processSelectedKeys(NioEventLoop.java:496)
	at org.apache.ratis.thirdparty.io.netty.channel.nio.NioEventLoop.run(NioEventLoop.java:458)
	at org.apache.ratis.thirdparty.io.netty.util.concurrent.SingleThreadEventExecutor$5.run(SingleThreadEventExecutor.java:897)
	at org.apache.ratis.thirdparty.io.netty.util.concurrent.FastThreadLocalRunnable.run(FastThreadLocalRunnable.java:30)
	... 1 more
Caused by: java.net.ConnectException: Connection refused
	... 11 more
2019-10-23 12:13:36,080 [grpc-default-executor-3] INFO  impl.RaftServerImpl (RaftServerImpl.java:setRole(184)) - 02863277-f564-4bc6-8337-fb22627f6f1a@group-24C785E9A0FC: changes role from  FOLLOWER to FOLLOWER at term 139 for recognizeCandidate:ad4d83c7-0f96-47bc-a4e8-7e5d9f844896
2019-10-23 12:13:36,080 [grpc-default-executor-3] INFO  impl.RoleInfo (RoleInfo.java:shutdownFollowerState(121)) - 02863277-f564-4bc6-8337-fb22627f6f1a: shutdown FollowerState
2019-10-23 12:13:36,080 [grpc-default-executor-3] INFO  impl.RoleInfo (RoleInfo.java:updateAndGet(143)) - 02863277-f564-4bc6-8337-fb22627f6f1a: start FollowerState
2019-10-23 12:13:36,080 [Thread-1443] INFO  impl.FollowerState (FollowerState.java:run(117)) - 02863277-f564-4bc6-8337-fb22627f6f1a@group-24C785E9A0FC-FollowerState was interrupted: java.lang.InterruptedException: sleep interrupted
2019-10-23 12:13:36,090 [ad4d83c7-0f96-47bc-a4e8-7e5d9f844896@group-24C785E9A0FC-LeaderElection141] INFO  impl.LeaderElection (LeaderElection.java:logAndReturn(56)) - ad4d83c7-0f96-47bc-a4e8-7e5d9f844896@group-24C785E9A0FC-LeaderElection141: Election TIMEOUT; received 0 response(s) [] and 1 exception(s); ad4d83c7-0f96-47bc-a4e8-7e5d9f844896@group-24C785E9A0FC:t139, leader=null, voted=ad4d83c7-0f96-47bc-a4e8-7e5d9f844896, raftlog=ad4d83c7-0f96-47bc-a4e8-7e5d9f844896@group-24C785E9A0FC-SegmentedRaftLog:OPENED:c-1,f-1,i0, conf=-1: [3b749b59-de2a-419b-9a26-261692f5c83c:192.168.69.118:39205, ad4d83c7-0f96-47bc-a4e8-7e5d9f844896:192.168.69.118:41688, 02863277-f564-4bc6-8337-fb22627f6f1a:192.168.69.118:36850], old=null
2019-10-23 12:13:36,090 [ad4d83c7-0f96-47bc-a4e8-7e5d9f844896@group-24C785E9A0FC-LeaderElection141] INFO  impl.LeaderElection (LogUtils.java:infoOrTrace(149)) -   Exception 0: {}
java.util.concurrent.ExecutionException: org.apache.ratis.thirdparty.io.grpc.StatusRuntimeException: UNAVAILABLE: io exception
	at java.util.concurrent.FutureTask.report(FutureTask.java:122)
	at java.util.concurrent.FutureTask.get(FutureTask.java:192)
	at org.apache.ratis.server.impl.LeaderElection.waitForResults(LeaderElection.java:259)
	at org.apache.ratis.server.impl.LeaderElection.askForVotes(LeaderElection.java:197)
	at org.apache.ratis.server.impl.LeaderElection.run(LeaderElection.java:133)
	at java.lang.Thread.run(Thread.java:748)
Caused by: org.apache.ratis.thirdparty.io.grpc.StatusRuntimeException: UNAVAILABLE: io exception
	at org.apache.ratis.thirdparty.io.grpc.stub.ClientCalls.toStatusRuntimeException(ClientCalls.java:233)
	at org.apache.ratis.thirdparty.io.grpc.stub.ClientCalls.getUnchecked(ClientCalls.java:214)
	at org.apache.ratis.thirdparty.io.grpc.stub.ClientCalls.blockingUnaryCall(ClientCalls.java:139)
	at org.apache.ratis.proto.grpc.RaftServerProtocolServiceGrpc$RaftServerProtocolServiceBlockingStub.requestVote(RaftServerProtocolServiceGrpc.java:265)
	at org.apache.ratis.grpc.server.GrpcServerProtocolClient.requestVote(GrpcServerProtocolClient.java:99)
	at org.apache.ratis.grpc.server.GrpcService.requestVote(GrpcService.java:204)
	at org.apache.ratis.server.impl.LeaderElection.lambda$submitRequests$1(LeaderElection.java:234)
	at java.util.concurrent.FutureTask.run(FutureTask.java:266)
	at java.util.concurrent.Executors$RunnableAdapter.call(Executors.java:511)
	at java.util.concurrent.FutureTask.run(FutureTask.java:266)
	at java.util.concurrent.ThreadPoolExecutor.runWorker(ThreadPoolExecutor.java:1149)
	at java.util.concurrent.ThreadPoolExecutor$Worker.run(ThreadPoolExecutor.java:624)
	... 1 more
Caused by: org.apache.ratis.thirdparty.io.netty.channel.AbstractChannel$AnnotatedConnectException: Connection refused: /192.168.69.118:39205
	at sun.nio.ch.SocketChannelImpl.checkConnect(Native Method)
	at sun.nio.ch.SocketChannelImpl.finishConnect(SocketChannelImpl.java:717)
	at org.apache.ratis.thirdparty.io.netty.channel.socket.nio.NioSocketChannel.doFinishConnect(NioSocketChannel.java:327)
	at org.apache.ratis.thirdparty.io.netty.channel.nio.AbstractNioChannel$AbstractNioUnsafe.finishConnect(AbstractNioChannel.java:340)
	at org.apache.ratis.thirdparty.io.netty.channel.nio.NioEventLoop.processSelectedKey(NioEventLoop.java:632)
	at org.apache.ratis.thirdparty.io.netty.channel.nio.NioEventLoop.processSelectedKeysOptimized(NioEventLoop.java:579)
	at org.apache.ratis.thirdparty.io.netty.channel.nio.NioEventLoop.processSelectedKeys(NioEventLoop.java:496)
	at org.apache.ratis.thirdparty.io.netty.channel.nio.NioEventLoop.run(NioEventLoop.java:458)
	at org.apache.ratis.thirdparty.io.netty.util.concurrent.SingleThreadEventExecutor$5.run(SingleThreadEventExecutor.java:897)
	at org.apache.ratis.thirdparty.io.netty.util.concurrent.FastThreadLocalRunnable.run(FastThreadLocalRunnable.java:30)
	... 1 more
Caused by: java.net.ConnectException: Connection refused
	... 11 more
2019-10-23 12:13:36,095 [ad4d83c7-0f96-47bc-a4e8-7e5d9f844896@group-24C785E9A0FC-LeaderElection141] INFO  impl.LeaderElection (LeaderElection.java:askForVotes(178)) - ad4d83c7-0f96-47bc-a4e8-7e5d9f844896@group-24C785E9A0FC-LeaderElection141: begin an election at term 140 for -1: [3b749b59-de2a-419b-9a26-261692f5c83c:192.168.69.118:39205, ad4d83c7-0f96-47bc-a4e8-7e5d9f844896:192.168.69.118:41688, 02863277-f564-4bc6-8337-fb22627f6f1a:192.168.69.118:36850], old=null
2019-10-23 12:13:36,095 [ad4d83c7-0f96-47bc-a4e8-7e5d9f844896@group-24C785E9A0FC-LeaderElection141] INFO  impl.LeaderElection (LogUtils.java:infoOrTrace(149)) - ad4d83c7-0f96-47bc-a4e8-7e5d9f844896@group-24C785E9A0FC-LeaderElection141 got exception when requesting votes: {}
java.util.concurrent.ExecutionException: org.apache.ratis.thirdparty.io.grpc.StatusRuntimeException: UNAVAILABLE: io exception
	at java.util.concurrent.FutureTask.report(FutureTask.java:122)
	at java.util.concurrent.FutureTask.get(FutureTask.java:192)
	at org.apache.ratis.server.impl.LeaderElection.waitForResults(LeaderElection.java:259)
	at org.apache.ratis.server.impl.LeaderElection.askForVotes(LeaderElection.java:197)
	at org.apache.ratis.server.impl.LeaderElection.run(LeaderElection.java:133)
	at java.lang.Thread.run(Thread.java:748)
Caused by: org.apache.ratis.thirdparty.io.grpc.StatusRuntimeException: UNAVAILABLE: io exception
	at org.apache.ratis.thirdparty.io.grpc.stub.ClientCalls.toStatusRuntimeException(ClientCalls.java:233)
	at org.apache.ratis.thirdparty.io.grpc.stub.ClientCalls.getUnchecked(ClientCalls.java:214)
	at org.apache.ratis.thirdparty.io.grpc.stub.ClientCalls.blockingUnaryCall(ClientCalls.java:139)
	at org.apache.ratis.proto.grpc.RaftServerProtocolServiceGrpc$RaftServerProtocolServiceBlockingStub.requestVote(RaftServerProtocolServiceGrpc.java:265)
	at org.apache.ratis.grpc.server.GrpcServerProtocolClient.requestVote(GrpcServerProtocolClient.java:99)
	at org.apache.ratis.grpc.server.GrpcService.requestVote(GrpcService.java:204)
	at org.apache.ratis.server.impl.LeaderElection.lambda$submitRequests$1(LeaderElection.java:234)
	at java.util.concurrent.FutureTask.run(FutureTask.java:266)
	at java.util.concurrent.Executors$RunnableAdapter.call(Executors.java:511)
	at java.util.concurrent.FutureTask.run(FutureTask.java:266)
	at java.util.concurrent.ThreadPoolExecutor.runWorker(ThreadPoolExecutor.java:1149)
	at java.util.concurrent.ThreadPoolExecutor$Worker.run(ThreadPoolExecutor.java:624)
	... 1 more
Caused by: org.apache.ratis.thirdparty.io.netty.channel.AbstractChannel$AnnotatedConnectException: Connection refused: /192.168.69.118:39205
	at sun.nio.ch.SocketChannelImpl.checkConnect(Native Method)
	at sun.nio.ch.SocketChannelImpl.finishConnect(SocketChannelImpl.java:717)
	at org.apache.ratis.thirdparty.io.netty.channel.socket.nio.NioSocketChannel.doFinishConnect(NioSocketChannel.java:327)
	at org.apache.ratis.thirdparty.io.netty.channel.nio.AbstractNioChannel$AbstractNioUnsafe.finishConnect(AbstractNioChannel.java:340)
	at org.apache.ratis.thirdparty.io.netty.channel.nio.NioEventLoop.processSelectedKey(NioEventLoop.java:632)
	at org.apache.ratis.thirdparty.io.netty.channel.nio.NioEventLoop.processSelectedKeysOptimized(NioEventLoop.java:579)
	at org.apache.ratis.thirdparty.io.netty.channel.nio.NioEventLoop.processSelectedKeys(NioEventLoop.java:496)
	at org.apache.ratis.thirdparty.io.netty.channel.nio.NioEventLoop.run(NioEventLoop.java:458)
	at org.apache.ratis.thirdparty.io.netty.util.concurrent.SingleThreadEventExecutor$5.run(SingleThreadEventExecutor.java:897)
	at org.apache.ratis.thirdparty.io.netty.util.concurrent.FastThreadLocalRunnable.run(FastThreadLocalRunnable.java:30)
	... 1 more
Caused by: java.net.ConnectException: Connection refused
	... 11 more
2019-10-23 12:13:36,097 [grpc-default-executor-3] INFO  impl.RaftServerImpl (RaftServerImpl.java:setRole(184)) - 02863277-f564-4bc6-8337-fb22627f6f1a@group-24C785E9A0FC: changes role from  FOLLOWER to FOLLOWER at term 140 for recognizeCandidate:ad4d83c7-0f96-47bc-a4e8-7e5d9f844896
2019-10-23 12:13:36,098 [grpc-default-executor-3] INFO  impl.RoleInfo (RoleInfo.java:shutdownFollowerState(121)) - 02863277-f564-4bc6-8337-fb22627f6f1a: shutdown FollowerState
2019-10-23 12:13:36,098 [grpc-default-executor-3] INFO  impl.RoleInfo (RoleInfo.java:updateAndGet(143)) - 02863277-f564-4bc6-8337-fb22627f6f1a: start FollowerState
2019-10-23 12:13:36,098 [Thread-1450] INFO  impl.FollowerState (FollowerState.java:run(117)) - 02863277-f564-4bc6-8337-fb22627f6f1a@group-24C785E9A0FC-FollowerState was interrupted: java.lang.InterruptedException: sleep interrupted
2019-10-23 12:13:36,112 [ad4d83c7-0f96-47bc-a4e8-7e5d9f844896@group-24C785E9A0FC-LeaderElection141] INFO  impl.LeaderElection (LeaderElection.java:logAndReturn(56)) - ad4d83c7-0f96-47bc-a4e8-7e5d9f844896@group-24C785E9A0FC-LeaderElection141: Election REJECTED; received 1 response(s) [ad4d83c7-0f96-47bc-a4e8-7e5d9f844896<-02863277-f564-4bc6-8337-fb22627f6f1a#0:FAIL-t140] and 1 exception(s); ad4d83c7-0f96-47bc-a4e8-7e5d9f844896@group-24C785E9A0FC:t140, leader=null, voted=ad4d83c7-0f96-47bc-a4e8-7e5d9f844896, raftlog=ad4d83c7-0f96-47bc-a4e8-7e5d9f844896@group-24C785E9A0FC-SegmentedRaftLog:OPENED:c-1,f-1,i0, conf=-1: [3b749b59-de2a-419b-9a26-261692f5c83c:192.168.69.118:39205, ad4d83c7-0f96-47bc-a4e8-7e5d9f844896:192.168.69.118:41688, 02863277-f564-4bc6-8337-fb22627f6f1a:192.168.69.118:36850], old=null
2019-10-23 12:13:36,112 [ad4d83c7-0f96-47bc-a4e8-7e5d9f844896@group-24C785E9A0FC-LeaderElection141] INFO  impl.LeaderElection (LogUtils.java:infoOrTrace(149)) -   Exception 0: {}
java.util.concurrent.ExecutionException: org.apache.ratis.thirdparty.io.grpc.StatusRuntimeException: UNAVAILABLE: io exception
	at java.util.concurrent.FutureTask.report(FutureTask.java:122)
	at java.util.concurrent.FutureTask.get(FutureTask.java:192)
	at org.apache.ratis.server.impl.LeaderElection.waitForResults(LeaderElection.java:259)
	at org.apache.ratis.server.impl.LeaderElection.askForVotes(LeaderElection.java:197)
	at org.apache.ratis.server.impl.LeaderElection.run(LeaderElection.java:133)
	at java.lang.Thread.run(Thread.java:748)
Caused by: org.apache.ratis.thirdparty.io.grpc.StatusRuntimeException: UNAVAILABLE: io exception
	at org.apache.ratis.thirdparty.io.grpc.stub.ClientCalls.toStatusRuntimeException(ClientCalls.java:233)
	at org.apache.ratis.thirdparty.io.grpc.stub.ClientCalls.getUnchecked(ClientCalls.java:214)
	at org.apache.ratis.thirdparty.io.grpc.stub.ClientCalls.blockingUnaryCall(ClientCalls.java:139)
	at org.apache.ratis.proto.grpc.RaftServerProtocolServiceGrpc$RaftServerProtocolServiceBlockingStub.requestVote(RaftServerProtocolServiceGrpc.java:265)
	at org.apache.ratis.grpc.server.GrpcServerProtocolClient.requestVote(GrpcServerProtocolClient.java:99)
	at org.apache.ratis.grpc.server.GrpcService.requestVote(GrpcService.java:204)
	at org.apache.ratis.server.impl.LeaderElection.lambda$submitRequests$1(LeaderElection.java:234)
	at java.util.concurrent.FutureTask.run(FutureTask.java:266)
	at java.util.concurrent.Executors$RunnableAdapter.call(Executors.java:511)
	at java.util.concurrent.FutureTask.run(FutureTask.java:266)
	at java.util.concurrent.ThreadPoolExecutor.runWorker(ThreadPoolExecutor.java:1149)
	at java.util.concurrent.ThreadPoolExecutor$Worker.run(ThreadPoolExecutor.java:624)
	... 1 more
Caused by: org.apache.ratis.thirdparty.io.netty.channel.AbstractChannel$AnnotatedConnectException: Connection refused: /192.168.69.118:39205
	at sun.nio.ch.SocketChannelImpl.checkConnect(Native Method)
	at sun.nio.ch.SocketChannelImpl.finishConnect(SocketChannelImpl.java:717)
	at org.apache.ratis.thirdparty.io.netty.channel.socket.nio.NioSocketChannel.doFinishConnect(NioSocketChannel.java:327)
	at org.apache.ratis.thirdparty.io.netty.channel.nio.AbstractNioChannel$AbstractNioUnsafe.finishConnect(AbstractNioChannel.java:340)
	at org.apache.ratis.thirdparty.io.netty.channel.nio.NioEventLoop.processSelectedKey(NioEventLoop.java:632)
	at org.apache.ratis.thirdparty.io.netty.channel.nio.NioEventLoop.processSelectedKeysOptimized(NioEventLoop.java:579)
	at org.apache.ratis.thirdparty.io.netty.channel.nio.NioEventLoop.processSelectedKeys(NioEventLoop.java:496)
	at org.apache.ratis.thirdparty.io.netty.channel.nio.NioEventLoop.run(NioEventLoop.java:458)
	at org.apache.ratis.thirdparty.io.netty.util.concurrent.SingleThreadEventExecutor$5.run(SingleThreadEventExecutor.java:897)
	at org.apache.ratis.thirdparty.io.netty.util.concurrent.FastThreadLocalRunnable.run(FastThreadLocalRunnable.java:30)
	... 1 more
Caused by: java.net.ConnectException: Connection refused
	... 11 more
2019-10-23 12:13:36,112 [ad4d83c7-0f96-47bc-a4e8-7e5d9f844896@group-24C785E9A0FC-LeaderElection141] INFO  impl.RaftServerImpl (RaftServerImpl.java:setRole(184)) - ad4d83c7-0f96-47bc-a4e8-7e5d9f844896@group-24C785E9A0FC: changes role from CANDIDATE to FOLLOWER at term 140 for DISCOVERED_A_NEW_TERM
2019-10-23 12:13:36,112 [ad4d83c7-0f96-47bc-a4e8-7e5d9f844896@group-24C785E9A0FC-LeaderElection141] INFO  impl.RoleInfo (RoleInfo.java:shutdownLeaderElection(134)) - ad4d83c7-0f96-47bc-a4e8-7e5d9f844896: shutdown LeaderElection
2019-10-23 12:13:36,112 [ad4d83c7-0f96-47bc-a4e8-7e5d9f844896@group-24C785E9A0FC-LeaderElection141] INFO  impl.RoleInfo (RoleInfo.java:updateAndGet(143)) - ad4d83c7-0f96-47bc-a4e8-7e5d9f844896: start FollowerState
2019-10-23 12:13:36,210 [Thread-1454] INFO  impl.FollowerState (FollowerState.java:run(108)) - ad4d83c7-0f96-47bc-a4e8-7e5d9f844896@group-24C785E9A0FC-FollowerState: change to CANDIDATE, lastRpcTime:97ms, electionTimeout:97ms
2019-10-23 12:13:36,210 [Thread-1454] INFO  impl.RoleInfo (RoleInfo.java:shutdownFollowerState(121)) - ad4d83c7-0f96-47bc-a4e8-7e5d9f844896: shutdown FollowerState
2019-10-23 12:13:36,210 [Thread-1454] INFO  impl.RaftServerImpl (RaftServerImpl.java:setRole(184)) - ad4d83c7-0f96-47bc-a4e8-7e5d9f844896@group-24C785E9A0FC: changes role from  FOLLOWER to CANDIDATE at term 140 for changeToCandidate
2019-10-23 12:13:36,210 [Thread-1454] INFO  impl.RoleInfo (RoleInfo.java:updateAndGet(143)) - ad4d83c7-0f96-47bc-a4e8-7e5d9f844896: start LeaderElection
2019-10-23 12:13:36,223 [ad4d83c7-0f96-47bc-a4e8-7e5d9f844896@group-24C785E9A0FC-LeaderElection142] INFO  impl.LeaderElection (LeaderElection.java:askForVotes(178)) - ad4d83c7-0f96-47bc-a4e8-7e5d9f844896@group-24C785E9A0FC-LeaderElection142: begin an election at term 141 for -1: [3b749b59-de2a-419b-9a26-261692f5c83c:192.168.69.118:39205, ad4d83c7-0f96-47bc-a4e8-7e5d9f844896:192.168.69.118:41688, 02863277-f564-4bc6-8337-fb22627f6f1a:192.168.69.118:36850], old=null
2019-10-23 12:13:36,223 [ad4d83c7-0f96-47bc-a4e8-7e5d9f844896@group-24C785E9A0FC-LeaderElection142] INFO  impl.LeaderElection (LogUtils.java:infoOrTrace(149)) - ad4d83c7-0f96-47bc-a4e8-7e5d9f844896@group-24C785E9A0FC-LeaderElection142 got exception when requesting votes: {}
java.util.concurrent.ExecutionException: org.apache.ratis.thirdparty.io.grpc.StatusRuntimeException: UNAVAILABLE: io exception
	at java.util.concurrent.FutureTask.report(FutureTask.java:122)
	at java.util.concurrent.FutureTask.get(FutureTask.java:192)
	at org.apache.ratis.server.impl.LeaderElection.waitForResults(LeaderElection.java:259)
	at org.apache.ratis.server.impl.LeaderElection.askForVotes(LeaderElection.java:197)
	at org.apache.ratis.server.impl.LeaderElection.run(LeaderElection.java:133)
	at java.lang.Thread.run(Thread.java:748)
Caused by: org.apache.ratis.thirdparty.io.grpc.StatusRuntimeException: UNAVAILABLE: io exception
	at org.apache.ratis.thirdparty.io.grpc.stub.ClientCalls.toStatusRuntimeException(ClientCalls.java:233)
	at org.apache.ratis.thirdparty.io.grpc.stub.ClientCalls.getUnchecked(ClientCalls.java:214)
	at org.apache.ratis.thirdparty.io.grpc.stub.ClientCalls.blockingUnaryCall(ClientCalls.java:139)
	at org.apache.ratis.proto.grpc.RaftServerProtocolServiceGrpc$RaftServerProtocolServiceBlockingStub.requestVote(RaftServerProtocolServiceGrpc.java:265)
	at org.apache.ratis.grpc.server.GrpcServerProtocolClient.requestVote(GrpcServerProtocolClient.java:99)
	at org.apache.ratis.grpc.server.GrpcService.requestVote(GrpcService.java:204)
	at org.apache.ratis.server.impl.LeaderElection.lambda$submitRequests$1(LeaderElection.java:234)
	at java.util.concurrent.FutureTask.run(FutureTask.java:266)
	at java.util.concurrent.Executors$RunnableAdapter.call(Executors.java:511)
	at java.util.concurrent.FutureTask.run(FutureTask.java:266)
	at java.util.concurrent.ThreadPoolExecutor.runWorker(ThreadPoolExecutor.java:1149)
	at java.util.concurrent.ThreadPoolExecutor$Worker.run(ThreadPoolExecutor.java:624)
	... 1 more
Caused by: org.apache.ratis.thirdparty.io.netty.channel.AbstractChannel$AnnotatedConnectException: Connection refused: /192.168.69.118:39205
	at sun.nio.ch.SocketChannelImpl.checkConnect(Native Method)
	at sun.nio.ch.SocketChannelImpl.finishConnect(SocketChannelImpl.java:717)
	at org.apache.ratis.thirdparty.io.netty.channel.socket.nio.NioSocketChannel.doFinishConnect(NioSocketChannel.java:327)
	at org.apache.ratis.thirdparty.io.netty.channel.nio.AbstractNioChannel$AbstractNioUnsafe.finishConnect(AbstractNioChannel.java:340)
	at org.apache.ratis.thirdparty.io.netty.channel.nio.NioEventLoop.processSelectedKey(NioEventLoop.java:632)
	at org.apache.ratis.thirdparty.io.netty.channel.nio.NioEventLoop.processSelectedKeysOptimized(NioEventLoop.java:579)
	at org.apache.ratis.thirdparty.io.netty.channel.nio.NioEventLoop.processSelectedKeys(NioEventLoop.java:496)
	at org.apache.ratis.thirdparty.io.netty.channel.nio.NioEventLoop.run(NioEventLoop.java:458)
	at org.apache.ratis.thirdparty.io.netty.util.concurrent.SingleThreadEventExecutor$5.run(SingleThreadEventExecutor.java:897)
	at org.apache.ratis.thirdparty.io.netty.util.concurrent.FastThreadLocalRunnable.run(FastThreadLocalRunnable.java:30)
	... 1 more
Caused by: java.net.ConnectException: Connection refused
	... 11 more
2019-10-23 12:13:36,226 [grpc-default-executor-3] INFO  impl.RaftServerImpl (RaftServerImpl.java:setRole(184)) - 02863277-f564-4bc6-8337-fb22627f6f1a@group-24C785E9A0FC: changes role from  FOLLOWER to FOLLOWER at term 141 for recognizeCandidate:ad4d83c7-0f96-47bc-a4e8-7e5d9f844896
2019-10-23 12:13:36,226 [grpc-default-executor-3] INFO  impl.RoleInfo (RoleInfo.java:shutdownFollowerState(121)) - 02863277-f564-4bc6-8337-fb22627f6f1a: shutdown FollowerState
2019-10-23 12:13:36,226 [grpc-default-executor-3] INFO  impl.RoleInfo (RoleInfo.java:updateAndGet(143)) - 02863277-f564-4bc6-8337-fb22627f6f1a: start FollowerState
2019-10-23 12:13:36,226 [Thread-1453] INFO  impl.FollowerState (FollowerState.java:run(117)) - 02863277-f564-4bc6-8337-fb22627f6f1a@group-24C785E9A0FC-FollowerState was interrupted: java.lang.InterruptedException: sleep interrupted
2019-10-23 12:13:36,237 [ad4d83c7-0f96-47bc-a4e8-7e5d9f844896@group-24C785E9A0FC-LeaderElection142] INFO  impl.LeaderElection (LeaderElection.java:logAndReturn(56)) - ad4d83c7-0f96-47bc-a4e8-7e5d9f844896@group-24C785E9A0FC-LeaderElection142: Election REJECTED; received 1 response(s) [ad4d83c7-0f96-47bc-a4e8-7e5d9f844896<-02863277-f564-4bc6-8337-fb22627f6f1a#0:FAIL-t141] and 1 exception(s); ad4d83c7-0f96-47bc-a4e8-7e5d9f844896@group-24C785E9A0FC:t141, leader=null, voted=ad4d83c7-0f96-47bc-a4e8-7e5d9f844896, raftlog=ad4d83c7-0f96-47bc-a4e8-7e5d9f844896@group-24C785E9A0FC-SegmentedRaftLog:OPENED:c-1,f-1,i0, conf=-1: [3b749b59-de2a-419b-9a26-261692f5c83c:192.168.69.118:39205, ad4d83c7-0f96-47bc-a4e8-7e5d9f844896:192.168.69.118:41688, 02863277-f564-4bc6-8337-fb22627f6f1a:192.168.69.118:36850], old=null
2019-10-23 12:13:36,237 [ad4d83c7-0f96-47bc-a4e8-7e5d9f844896@group-24C785E9A0FC-LeaderElection142] INFO  impl.LeaderElection (LogUtils.java:infoOrTrace(149)) -   Exception 0: {}
java.util.concurrent.ExecutionException: org.apache.ratis.thirdparty.io.grpc.StatusRuntimeException: UNAVAILABLE: io exception
	at java.util.concurrent.FutureTask.report(FutureTask.java:122)
	at java.util.concurrent.FutureTask.get(FutureTask.java:192)
	at org.apache.ratis.server.impl.LeaderElection.waitForResults(LeaderElection.java:259)
	at org.apache.ratis.server.impl.LeaderElection.askForVotes(LeaderElection.java:197)
	at org.apache.ratis.server.impl.LeaderElection.run(LeaderElection.java:133)
	at java.lang.Thread.run(Thread.java:748)
Caused by: org.apache.ratis.thirdparty.io.grpc.StatusRuntimeException: UNAVAILABLE: io exception
	at org.apache.ratis.thirdparty.io.grpc.stub.ClientCalls.toStatusRuntimeException(ClientCalls.java:233)
	at org.apache.ratis.thirdparty.io.grpc.stub.ClientCalls.getUnchecked(ClientCalls.java:214)
	at org.apache.ratis.thirdparty.io.grpc.stub.ClientCalls.blockingUnaryCall(ClientCalls.java:139)
	at org.apache.ratis.proto.grpc.RaftServerProtocolServiceGrpc$RaftServerProtocolServiceBlockingStub.requestVote(RaftServerProtocolServiceGrpc.java:265)
	at org.apache.ratis.grpc.server.GrpcServerProtocolClient.requestVote(GrpcServerProtocolClient.java:99)
	at org.apache.ratis.grpc.server.GrpcService.requestVote(GrpcService.java:204)
	at org.apache.ratis.server.impl.LeaderElection.lambda$submitRequests$1(LeaderElection.java:234)
	at java.util.concurrent.FutureTask.run(FutureTask.java:266)
	at java.util.concurrent.Executors$RunnableAdapter.call(Executors.java:511)
	at java.util.concurrent.FutureTask.run(FutureTask.java:266)
	at java.util.concurrent.ThreadPoolExecutor.runWorker(ThreadPoolExecutor.java:1149)
	at java.util.concurrent.ThreadPoolExecutor$Worker.run(ThreadPoolExecutor.java:624)
	... 1 more
Caused by: org.apache.ratis.thirdparty.io.netty.channel.AbstractChannel$AnnotatedConnectException: Connection refused: /192.168.69.118:39205
	at sun.nio.ch.SocketChannelImpl.checkConnect(Native Method)
	at sun.nio.ch.SocketChannelImpl.finishConnect(SocketChannelImpl.java:717)
	at org.apache.ratis.thirdparty.io.netty.channel.socket.nio.NioSocketChannel.doFinishConnect(NioSocketChannel.java:327)
	at org.apache.ratis.thirdparty.io.netty.channel.nio.AbstractNioChannel$AbstractNioUnsafe.finishConnect(AbstractNioChannel.java:340)
	at org.apache.ratis.thirdparty.io.netty.channel.nio.NioEventLoop.processSelectedKey(NioEventLoop.java:632)
	at org.apache.ratis.thirdparty.io.netty.channel.nio.NioEventLoop.processSelectedKeysOptimized(NioEventLoop.java:579)
	at org.apache.ratis.thirdparty.io.netty.channel.nio.NioEventLoop.processSelectedKeys(NioEventLoop.java:496)
	at org.apache.ratis.thirdparty.io.netty.channel.nio.NioEventLoop.run(NioEventLoop.java:458)
	at org.apache.ratis.thirdparty.io.netty.util.concurrent.SingleThreadEventExecutor$5.run(SingleThreadEventExecutor.java:897)
	at org.apache.ratis.thirdparty.io.netty.util.concurrent.FastThreadLocalRunnable.run(FastThreadLocalRunnable.java:30)
	... 1 more
Caused by: java.net.ConnectException: Connection refused
	... 11 more
2019-10-23 12:13:36,238 [ad4d83c7-0f96-47bc-a4e8-7e5d9f844896@group-24C785E9A0FC-LeaderElection142] INFO  impl.RaftServerImpl (RaftServerImpl.java:setRole(184)) - ad4d83c7-0f96-47bc-a4e8-7e5d9f844896@group-24C785E9A0FC: changes role from CANDIDATE to FOLLOWER at term 141 for DISCOVERED_A_NEW_TERM
2019-10-23 12:13:36,238 [ad4d83c7-0f96-47bc-a4e8-7e5d9f844896@group-24C785E9A0FC-LeaderElection142] INFO  impl.RoleInfo (RoleInfo.java:shutdownLeaderElection(134)) - ad4d83c7-0f96-47bc-a4e8-7e5d9f844896: shutdown LeaderElection
2019-10-23 12:13:36,238 [ad4d83c7-0f96-47bc-a4e8-7e5d9f844896@group-24C785E9A0FC-LeaderElection142] INFO  impl.RoleInfo (RoleInfo.java:updateAndGet(143)) - ad4d83c7-0f96-47bc-a4e8-7e5d9f844896: start FollowerState
2019-10-23 12:13:36,340 [Thread-1461] INFO  impl.FollowerState (FollowerState.java:run(108)) - ad4d83c7-0f96-47bc-a4e8-7e5d9f844896@group-24C785E9A0FC-FollowerState: change to CANDIDATE, lastRpcTime:102ms, electionTimeout:102ms
2019-10-23 12:13:36,340 [Thread-1461] INFO  impl.RoleInfo (RoleInfo.java:shutdownFollowerState(121)) - ad4d83c7-0f96-47bc-a4e8-7e5d9f844896: shutdown FollowerState
2019-10-23 12:13:36,340 [Thread-1461] INFO  impl.RaftServerImpl (RaftServerImpl.java:setRole(184)) - ad4d83c7-0f96-47bc-a4e8-7e5d9f844896@group-24C785E9A0FC: changes role from  FOLLOWER to CANDIDATE at term 141 for changeToCandidate
2019-10-23 12:13:36,341 [Thread-1461] INFO  impl.RoleInfo (RoleInfo.java:updateAndGet(143)) - ad4d83c7-0f96-47bc-a4e8-7e5d9f844896: start LeaderElection
2019-10-23 12:13:36,354 [ad4d83c7-0f96-47bc-a4e8-7e5d9f844896@group-24C785E9A0FC-LeaderElection143] INFO  impl.LeaderElection (LeaderElection.java:askForVotes(178)) - ad4d83c7-0f96-47bc-a4e8-7e5d9f844896@group-24C785E9A0FC-LeaderElection143: begin an election at term 142 for -1: [3b749b59-de2a-419b-9a26-261692f5c83c:192.168.69.118:39205, ad4d83c7-0f96-47bc-a4e8-7e5d9f844896:192.168.69.118:41688, 02863277-f564-4bc6-8337-fb22627f6f1a:192.168.69.118:36850], old=null
2019-10-23 12:13:36,354 [ad4d83c7-0f96-47bc-a4e8-7e5d9f844896@group-24C785E9A0FC-LeaderElection143] INFO  impl.LeaderElection (LogUtils.java:infoOrTrace(149)) - ad4d83c7-0f96-47bc-a4e8-7e5d9f844896@group-24C785E9A0FC-LeaderElection143 got exception when requesting votes: {}
java.util.concurrent.ExecutionException: org.apache.ratis.thirdparty.io.grpc.StatusRuntimeException: UNAVAILABLE: io exception
	at java.util.concurrent.FutureTask.report(FutureTask.java:122)
	at java.util.concurrent.FutureTask.get(FutureTask.java:192)
	at org.apache.ratis.server.impl.LeaderElection.waitForResults(LeaderElection.java:259)
	at org.apache.ratis.server.impl.LeaderElection.askForVotes(LeaderElection.java:197)
	at org.apache.ratis.server.impl.LeaderElection.run(LeaderElection.java:133)
	at java.lang.Thread.run(Thread.java:748)
Caused by: org.apache.ratis.thirdparty.io.grpc.StatusRuntimeException: UNAVAILABLE: io exception
	at org.apache.ratis.thirdparty.io.grpc.stub.ClientCalls.toStatusRuntimeException(ClientCalls.java:233)
	at org.apache.ratis.thirdparty.io.grpc.stub.ClientCalls.getUnchecked(ClientCalls.java:214)
	at org.apache.ratis.thirdparty.io.grpc.stub.ClientCalls.blockingUnaryCall(ClientCalls.java:139)
	at org.apache.ratis.proto.grpc.RaftServerProtocolServiceGrpc$RaftServerProtocolServiceBlockingStub.requestVote(RaftServerProtocolServiceGrpc.java:265)
	at org.apache.ratis.grpc.server.GrpcServerProtocolClient.requestVote(GrpcServerProtocolClient.java:99)
	at org.apache.ratis.grpc.server.GrpcService.requestVote(GrpcService.java:204)
	at org.apache.ratis.server.impl.LeaderElection.lambda$submitRequests$1(LeaderElection.java:234)
	at java.util.concurrent.FutureTask.run(FutureTask.java:266)
	at java.util.concurrent.Executors$RunnableAdapter.call(Executors.java:511)
	at java.util.concurrent.FutureTask.run(FutureTask.java:266)
	at java.util.concurrent.ThreadPoolExecutor.runWorker(ThreadPoolExecutor.java:1149)
	at java.util.concurrent.ThreadPoolExecutor$Worker.run(ThreadPoolExecutor.java:624)
	... 1 more
Caused by: org.apache.ratis.thirdparty.io.netty.channel.AbstractChannel$AnnotatedConnectException: Connection refused: /192.168.69.118:39205
	at sun.nio.ch.SocketChannelImpl.checkConnect(Native Method)
	at sun.nio.ch.SocketChannelImpl.finishConnect(SocketChannelImpl.java:717)
	at org.apache.ratis.thirdparty.io.netty.channel.socket.nio.NioSocketChannel.doFinishConnect(NioSocketChannel.java:327)
	at org.apache.ratis.thirdparty.io.netty.channel.nio.AbstractNioChannel$AbstractNioUnsafe.finishConnect(AbstractNioChannel.java:340)
	at org.apache.ratis.thirdparty.io.netty.channel.nio.NioEventLoop.processSelectedKey(NioEventLoop.java:632)
	at org.apache.ratis.thirdparty.io.netty.channel.nio.NioEventLoop.processSelectedKeysOptimized(NioEventLoop.java:579)
	at org.apache.ratis.thirdparty.io.netty.channel.nio.NioEventLoop.processSelectedKeys(NioEventLoop.java:496)
	at org.apache.ratis.thirdparty.io.netty.channel.nio.NioEventLoop.run(NioEventLoop.java:458)
	at org.apache.ratis.thirdparty.io.netty.util.concurrent.SingleThreadEventExecutor$5.run(SingleThreadEventExecutor.java:897)
	at org.apache.ratis.thirdparty.io.netty.util.concurrent.FastThreadLocalRunnable.run(FastThreadLocalRunnable.java:30)
	... 1 more
Caused by: java.net.ConnectException: Connection refused
	... 11 more
2019-10-23 12:13:36,371 [grpc-default-executor-3] INFO  impl.RaftServerImpl (RaftServerImpl.java:setRole(184)) - 02863277-f564-4bc6-8337-fb22627f6f1a@group-24C785E9A0FC: changes role from  FOLLOWER to FOLLOWER at term 142 for recognizeCandidate:ad4d83c7-0f96-47bc-a4e8-7e5d9f844896
2019-10-23 12:13:36,371 [grpc-default-executor-3] INFO  impl.RoleInfo (RoleInfo.java:shutdownFollowerState(121)) - 02863277-f564-4bc6-8337-fb22627f6f1a: shutdown FollowerState
2019-10-23 12:13:36,371 [grpc-default-executor-3] INFO  impl.RoleInfo (RoleInfo.java:updateAndGet(143)) - 02863277-f564-4bc6-8337-fb22627f6f1a: start FollowerState
2019-10-23 12:13:36,371 [Thread-1460] INFO  impl.FollowerState (FollowerState.java:run(117)) - 02863277-f564-4bc6-8337-fb22627f6f1a@group-24C785E9A0FC-FollowerState was interrupted: java.lang.InterruptedException: sleep interrupted
2019-10-23 12:13:36,385 [ad4d83c7-0f96-47bc-a4e8-7e5d9f844896@group-24C785E9A0FC-LeaderElection143] INFO  impl.LeaderElection (LeaderElection.java:logAndReturn(56)) - ad4d83c7-0f96-47bc-a4e8-7e5d9f844896@group-24C785E9A0FC-LeaderElection143: Election REJECTED; received 1 response(s) [ad4d83c7-0f96-47bc-a4e8-7e5d9f844896<-02863277-f564-4bc6-8337-fb22627f6f1a#0:FAIL-t142] and 1 exception(s); ad4d83c7-0f96-47bc-a4e8-7e5d9f844896@group-24C785E9A0FC:t142, leader=null, voted=ad4d83c7-0f96-47bc-a4e8-7e5d9f844896, raftlog=ad4d83c7-0f96-47bc-a4e8-7e5d9f844896@group-24C785E9A0FC-SegmentedRaftLog:OPENED:c-1,f-1,i0, conf=-1: [3b749b59-de2a-419b-9a26-261692f5c83c:192.168.69.118:39205, ad4d83c7-0f96-47bc-a4e8-7e5d9f844896:192.168.69.118:41688, 02863277-f564-4bc6-8337-fb22627f6f1a:192.168.69.118:36850], old=null
2019-10-23 12:13:36,385 [ad4d83c7-0f96-47bc-a4e8-7e5d9f844896@group-24C785E9A0FC-LeaderElection143] INFO  impl.LeaderElection (LogUtils.java:infoOrTrace(149)) -   Exception 0: {}
java.util.concurrent.ExecutionException: org.apache.ratis.thirdparty.io.grpc.StatusRuntimeException: UNAVAILABLE: io exception
	at java.util.concurrent.FutureTask.report(FutureTask.java:122)
	at java.util.concurrent.FutureTask.get(FutureTask.java:192)
	at org.apache.ratis.server.impl.LeaderElection.waitForResults(LeaderElection.java:259)
	at org.apache.ratis.server.impl.LeaderElection.askForVotes(LeaderElection.java:197)
	at org.apache.ratis.server.impl.LeaderElection.run(LeaderElection.java:133)
	at java.lang.Thread.run(Thread.java:748)
Caused by: org.apache.ratis.thirdparty.io.grpc.StatusRuntimeException: UNAVAILABLE: io exception
	at org.apache.ratis.thirdparty.io.grpc.stub.ClientCalls.toStatusRuntimeException(ClientCalls.java:233)
	at org.apache.ratis.thirdparty.io.grpc.stub.ClientCalls.getUnchecked(ClientCalls.java:214)
	at org.apache.ratis.thirdparty.io.grpc.stub.ClientCalls.blockingUnaryCall(ClientCalls.java:139)
	at org.apache.ratis.proto.grpc.RaftServerProtocolServiceGrpc$RaftServerProtocolServiceBlockingStub.requestVote(RaftServerProtocolServiceGrpc.java:265)
	at org.apache.ratis.grpc.server.GrpcServerProtocolClient.requestVote(GrpcServerProtocolClient.java:99)
	at org.apache.ratis.grpc.server.GrpcService.requestVote(GrpcService.java:204)
	at org.apache.ratis.server.impl.LeaderElection.lambda$submitRequests$1(LeaderElection.java:234)
	at java.util.concurrent.FutureTask.run(FutureTask.java:266)
	at java.util.concurrent.Executors$RunnableAdapter.call(Executors.java:511)
	at java.util.concurrent.FutureTask.run(FutureTask.java:266)
	at java.util.concurrent.ThreadPoolExecutor.runWorker(ThreadPoolExecutor.java:1149)
	at java.util.concurrent.ThreadPoolExecutor$Worker.run(ThreadPoolExecutor.java:624)
	... 1 more
Caused by: org.apache.ratis.thirdparty.io.netty.channel.AbstractChannel$AnnotatedConnectException: Connection refused: /192.168.69.118:39205
	at sun.nio.ch.SocketChannelImpl.checkConnect(Native Method)
	at sun.nio.ch.SocketChannelImpl.finishConnect(SocketChannelImpl.java:717)
	at org.apache.ratis.thirdparty.io.netty.channel.socket.nio.NioSocketChannel.doFinishConnect(NioSocketChannel.java:327)
	at org.apache.ratis.thirdparty.io.netty.channel.nio.AbstractNioChannel$AbstractNioUnsafe.finishConnect(AbstractNioChannel.java:340)
	at org.apache.ratis.thirdparty.io.netty.channel.nio.NioEventLoop.processSelectedKey(NioEventLoop.java:632)
	at org.apache.ratis.thirdparty.io.netty.channel.nio.NioEventLoop.processSelectedKeysOptimized(NioEventLoop.java:579)
	at org.apache.ratis.thirdparty.io.netty.channel.nio.NioEventLoop.processSelectedKeys(NioEventLoop.java:496)
	at org.apache.ratis.thirdparty.io.netty.channel.nio.NioEventLoop.run(NioEventLoop.java:458)
	at org.apache.ratis.thirdparty.io.netty.util.concurrent.SingleThreadEventExecutor$5.run(SingleThreadEventExecutor.java:897)
	at org.apache.ratis.thirdparty.io.netty.util.concurrent.FastThreadLocalRunnable.run(FastThreadLocalRunnable.java:30)
	... 1 more
Caused by: java.net.ConnectException: Connection refused
	... 11 more
2019-10-23 12:13:36,385 [ad4d83c7-0f96-47bc-a4e8-7e5d9f844896@group-24C785E9A0FC-LeaderElection143] INFO  impl.RaftServerImpl (RaftServerImpl.java:setRole(184)) - ad4d83c7-0f96-47bc-a4e8-7e5d9f844896@group-24C785E9A0FC: changes role from CANDIDATE to FOLLOWER at term 142 for DISCOVERED_A_NEW_TERM
2019-10-23 12:13:36,385 [ad4d83c7-0f96-47bc-a4e8-7e5d9f844896@group-24C785E9A0FC-LeaderElection143] INFO  impl.RoleInfo (RoleInfo.java:shutdownLeaderElection(134)) - ad4d83c7-0f96-47bc-a4e8-7e5d9f844896: shutdown LeaderElection
2019-10-23 12:13:36,385 [ad4d83c7-0f96-47bc-a4e8-7e5d9f844896@group-24C785E9A0FC-LeaderElection143] INFO  impl.RoleInfo (RoleInfo.java:updateAndGet(143)) - ad4d83c7-0f96-47bc-a4e8-7e5d9f844896: start FollowerState
2019-10-23 12:13:36,569 [Thread-1466] INFO  impl.FollowerState (FollowerState.java:run(108)) - ad4d83c7-0f96-47bc-a4e8-7e5d9f844896@group-24C785E9A0FC-FollowerState: change to CANDIDATE, lastRpcTime:183ms, electionTimeout:183ms
2019-10-23 12:13:36,569 [Thread-1466] INFO  impl.RoleInfo (RoleInfo.java:shutdownFollowerState(121)) - ad4d83c7-0f96-47bc-a4e8-7e5d9f844896: shutdown FollowerState
2019-10-23 12:13:36,569 [Thread-1466] INFO  impl.RaftServerImpl (RaftServerImpl.java:setRole(184)) - ad4d83c7-0f96-47bc-a4e8-7e5d9f844896@group-24C785E9A0FC: changes role from  FOLLOWER to CANDIDATE at term 142 for changeToCandidate
2019-10-23 12:13:36,569 [Thread-1466] INFO  impl.RoleInfo (RoleInfo.java:updateAndGet(143)) - ad4d83c7-0f96-47bc-a4e8-7e5d9f844896: start LeaderElection
2019-10-23 12:13:36,574 [ad4d83c7-0f96-47bc-a4e8-7e5d9f844896@group-24C785E9A0FC-LeaderElection144] INFO  impl.LeaderElection (LeaderElection.java:askForVotes(178)) - ad4d83c7-0f96-47bc-a4e8-7e5d9f844896@group-24C785E9A0FC-LeaderElection144: begin an election at term 143 for -1: [3b749b59-de2a-419b-9a26-261692f5c83c:192.168.69.118:39205, ad4d83c7-0f96-47bc-a4e8-7e5d9f844896:192.168.69.118:41688, 02863277-f564-4bc6-8337-fb22627f6f1a:192.168.69.118:36850], old=null
2019-10-23 12:13:36,579 [ad4d83c7-0f96-47bc-a4e8-7e5d9f844896@group-24C785E9A0FC-LeaderElection144] INFO  impl.LeaderElection (LogUtils.java:infoOrTrace(149)) - ad4d83c7-0f96-47bc-a4e8-7e5d9f844896@group-24C785E9A0FC-LeaderElection144 got exception when requesting votes: {}
java.util.concurrent.ExecutionException: org.apache.ratis.thirdparty.io.grpc.StatusRuntimeException: UNAVAILABLE: io exception
	at java.util.concurrent.FutureTask.report(FutureTask.java:122)
	at java.util.concurrent.FutureTask.get(FutureTask.java:192)
	at org.apache.ratis.server.impl.LeaderElection.waitForResults(LeaderElection.java:259)
	at org.apache.ratis.server.impl.LeaderElection.askForVotes(LeaderElection.java:197)
	at org.apache.ratis.server.impl.LeaderElection.run(LeaderElection.java:133)
	at java.lang.Thread.run(Thread.java:748)
Caused by: org.apache.ratis.thirdparty.io.grpc.StatusRuntimeException: UNAVAILABLE: io exception
	at org.apache.ratis.thirdparty.io.grpc.stub.ClientCalls.toStatusRuntimeException(ClientCalls.java:233)
	at org.apache.ratis.thirdparty.io.grpc.stub.ClientCalls.getUnchecked(ClientCalls.java:214)
	at org.apache.ratis.thirdparty.io.grpc.stub.ClientCalls.blockingUnaryCall(ClientCalls.java:139)
	at org.apache.ratis.proto.grpc.RaftServerProtocolServiceGrpc$RaftServerProtocolServiceBlockingStub.requestVote(RaftServerProtocolServiceGrpc.java:265)
	at org.apache.ratis.grpc.server.GrpcServerProtocolClient.requestVote(GrpcServerProtocolClient.java:99)
	at org.apache.ratis.grpc.server.GrpcService.requestVote(GrpcService.java:204)
	at org.apache.ratis.server.impl.LeaderElection.lambda$submitRequests$1(LeaderElection.java:234)
	at java.util.concurrent.FutureTask.run(FutureTask.java:266)
	at java.util.concurrent.Executors$RunnableAdapter.call(Executors.java:511)
	at java.util.concurrent.FutureTask.run(FutureTask.java:266)
	at java.util.concurrent.ThreadPoolExecutor.runWorker(ThreadPoolExecutor.java:1149)
	at java.util.concurrent.ThreadPoolExecutor$Worker.run(ThreadPoolExecutor.java:624)
	... 1 more
Caused by: org.apache.ratis.thirdparty.io.netty.channel.AbstractChannel$AnnotatedConnectException: Connection refused: /192.168.69.118:39205
	at sun.nio.ch.SocketChannelImpl.checkConnect(Native Method)
	at sun.nio.ch.SocketChannelImpl.finishConnect(SocketChannelImpl.java:717)
	at org.apache.ratis.thirdparty.io.netty.channel.socket.nio.NioSocketChannel.doFinishConnect(NioSocketChannel.java:327)
	at org.apache.ratis.thirdparty.io.netty.channel.nio.AbstractNioChannel$AbstractNioUnsafe.finishConnect(AbstractNioChannel.java:340)
	at org.apache.ratis.thirdparty.io.netty.channel.nio.NioEventLoop.processSelectedKey(NioEventLoop.java:632)
	at org.apache.ratis.thirdparty.io.netty.channel.nio.NioEventLoop.processSelectedKeysOptimized(NioEventLoop.java:579)
	at org.apache.ratis.thirdparty.io.netty.channel.nio.NioEventLoop.processSelectedKeys(NioEventLoop.java:496)
	at org.apache.ratis.thirdparty.io.netty.channel.nio.NioEventLoop.run(NioEventLoop.java:458)
	at org.apache.ratis.thirdparty.io.netty.util.concurrent.SingleThreadEventExecutor$5.run(SingleThreadEventExecutor.java:897)
	at org.apache.ratis.thirdparty.io.netty.util.concurrent.FastThreadLocalRunnable.run(FastThreadLocalRunnable.java:30)
	... 1 more
Caused by: java.net.ConnectException: Connection refused
	... 11 more
2019-10-23 12:13:36,582 [grpc-default-executor-3] INFO  impl.RaftServerImpl (RaftServerImpl.java:setRole(184)) - 02863277-f564-4bc6-8337-fb22627f6f1a@group-24C785E9A0FC: changes role from  FOLLOWER to FOLLOWER at term 143 for recognizeCandidate:ad4d83c7-0f96-47bc-a4e8-7e5d9f844896
2019-10-23 12:13:36,582 [grpc-default-executor-3] INFO  impl.RoleInfo (RoleInfo.java:shutdownFollowerState(121)) - 02863277-f564-4bc6-8337-fb22627f6f1a: shutdown FollowerState
2019-10-23 12:13:36,582 [grpc-default-executor-3] INFO  impl.RoleInfo (RoleInfo.java:updateAndGet(143)) - 02863277-f564-4bc6-8337-fb22627f6f1a: start FollowerState
2019-10-23 12:13:36,582 [Thread-1465] INFO  impl.FollowerState (FollowerState.java:run(117)) - 02863277-f564-4bc6-8337-fb22627f6f1a@group-24C785E9A0FC-FollowerState was interrupted: java.lang.InterruptedException: sleep interrupted
2019-10-23 12:13:36,596 [ad4d83c7-0f96-47bc-a4e8-7e5d9f844896@group-24C785E9A0FC-LeaderElection144] INFO  impl.LeaderElection (LeaderElection.java:logAndReturn(56)) - ad4d83c7-0f96-47bc-a4e8-7e5d9f844896@group-24C785E9A0FC-LeaderElection144: Election REJECTED; received 1 response(s) [ad4d83c7-0f96-47bc-a4e8-7e5d9f844896<-02863277-f564-4bc6-8337-fb22627f6f1a#0:FAIL-t143] and 1 exception(s); ad4d83c7-0f96-47bc-a4e8-7e5d9f844896@group-24C785E9A0FC:t143, leader=null, voted=ad4d83c7-0f96-47bc-a4e8-7e5d9f844896, raftlog=ad4d83c7-0f96-47bc-a4e8-7e5d9f844896@group-24C785E9A0FC-SegmentedRaftLog:OPENED:c-1,f-1,i0, conf=-1: [3b749b59-de2a-419b-9a26-261692f5c83c:192.168.69.118:39205, ad4d83c7-0f96-47bc-a4e8-7e5d9f844896:192.168.69.118:41688, 02863277-f564-4bc6-8337-fb22627f6f1a:192.168.69.118:36850], old=null
2019-10-23 12:13:36,596 [ad4d83c7-0f96-47bc-a4e8-7e5d9f844896@group-24C785E9A0FC-LeaderElection144] INFO  impl.LeaderElection (LogUtils.java:infoOrTrace(149)) -   Exception 0: {}
java.util.concurrent.ExecutionException: org.apache.ratis.thirdparty.io.grpc.StatusRuntimeException: UNAVAILABLE: io exception
	at java.util.concurrent.FutureTask.report(FutureTask.java:122)
	at java.util.concurrent.FutureTask.get(FutureTask.java:192)
	at org.apache.ratis.server.impl.LeaderElection.waitForResults(LeaderElection.java:259)
	at org.apache.ratis.server.impl.LeaderElection.askForVotes(LeaderElection.java:197)
	at org.apache.ratis.server.impl.LeaderElection.run(LeaderElection.java:133)
	at java.lang.Thread.run(Thread.java:748)
Caused by: org.apache.ratis.thirdparty.io.grpc.StatusRuntimeException: UNAVAILABLE: io exception
	at org.apache.ratis.thirdparty.io.grpc.stub.ClientCalls.toStatusRuntimeException(ClientCalls.java:233)
	at org.apache.ratis.thirdparty.io.grpc.stub.ClientCalls.getUnchecked(ClientCalls.java:214)
	at org.apache.ratis.thirdparty.io.grpc.stub.ClientCalls.blockingUnaryCall(ClientCalls.java:139)
	at org.apache.ratis.proto.grpc.RaftServerProtocolServiceGrpc$RaftServerProtocolServiceBlockingStub.requestVote(RaftServerProtocolServiceGrpc.java:265)
	at org.apache.ratis.grpc.server.GrpcServerProtocolClient.requestVote(GrpcServerProtocolClient.java:99)
	at org.apache.ratis.grpc.server.GrpcService.requestVote(GrpcService.java:204)
	at org.apache.ratis.server.impl.LeaderElection.lambda$submitRequests$1(LeaderElection.java:234)
	at java.util.concurrent.FutureTask.run(FutureTask.java:266)
	at java.util.concurrent.Executors$RunnableAdapter.call(Executors.java:511)
	at java.util.concurrent.FutureTask.run(FutureTask.java:266)
	at java.util.concurrent.ThreadPoolExecutor.runWorker(ThreadPoolExecutor.java:1149)
	at java.util.concurrent.ThreadPoolExecutor$Worker.run(ThreadPoolExecutor.java:624)
	... 1 more
Caused by: org.apache.ratis.thirdparty.io.netty.channel.AbstractChannel$AnnotatedConnectException: Connection refused: /192.168.69.118:39205
	at sun.nio.ch.SocketChannelImpl.checkConnect(Native Method)
	at sun.nio.ch.SocketChannelImpl.finishConnect(SocketChannelImpl.java:717)
	at org.apache.ratis.thirdparty.io.netty.channel.socket.nio.NioSocketChannel.doFinishConnect(NioSocketChannel.java:327)
	at org.apache.ratis.thirdparty.io.netty.channel.nio.AbstractNioChannel$AbstractNioUnsafe.finishConnect(AbstractNioChannel.java:340)
	at org.apache.ratis.thirdparty.io.netty.channel.nio.NioEventLoop.processSelectedKey(NioEventLoop.java:632)
	at org.apache.ratis.thirdparty.io.netty.channel.nio.NioEventLoop.processSelectedKeysOptimized(NioEventLoop.java:579)
	at org.apache.ratis.thirdparty.io.netty.channel.nio.NioEventLoop.processSelectedKeys(NioEventLoop.java:496)
	at org.apache.ratis.thirdparty.io.netty.channel.nio.NioEventLoop.run(NioEventLoop.java:458)
	at org.apache.ratis.thirdparty.io.netty.util.concurrent.SingleThreadEventExecutor$5.run(SingleThreadEventExecutor.java:897)
	at org.apache.ratis.thirdparty.io.netty.util.concurrent.FastThreadLocalRunnable.run(FastThreadLocalRunnable.java:30)
	... 1 more
Caused by: java.net.ConnectException: Connection refused
	... 11 more
2019-10-23 12:13:36,596 [ad4d83c7-0f96-47bc-a4e8-7e5d9f844896@group-24C785E9A0FC-LeaderElection144] INFO  impl.RaftServerImpl (RaftServerImpl.java:setRole(184)) - ad4d83c7-0f96-47bc-a4e8-7e5d9f844896@group-24C785E9A0FC: changes role from CANDIDATE to FOLLOWER at term 143 for DISCOVERED_A_NEW_TERM
2019-10-23 12:13:36,597 [ad4d83c7-0f96-47bc-a4e8-7e5d9f844896@group-24C785E9A0FC-LeaderElection144] INFO  impl.RoleInfo (RoleInfo.java:shutdownLeaderElection(134)) - ad4d83c7-0f96-47bc-a4e8-7e5d9f844896: shutdown LeaderElection
2019-10-23 12:13:36,597 [ad4d83c7-0f96-47bc-a4e8-7e5d9f844896@group-24C785E9A0FC-LeaderElection144] INFO  impl.RoleInfo (RoleInfo.java:updateAndGet(143)) - ad4d83c7-0f96-47bc-a4e8-7e5d9f844896: start FollowerState
2019-10-23 12:13:36,610 [Thread-1473] INFO  impl.FollowerState (FollowerState.java:run(108)) - ad4d83c7-0f96-47bc-a4e8-7e5d9f844896@group-24C785E9A0FC-FollowerState: change to CANDIDATE, lastRpcTime:13ms, electionTimeout:13ms
2019-10-23 12:13:36,610 [Thread-1473] INFO  impl.RoleInfo (RoleInfo.java:shutdownFollowerState(121)) - ad4d83c7-0f96-47bc-a4e8-7e5d9f844896: shutdown FollowerState
2019-10-23 12:13:36,610 [Thread-1473] INFO  impl.RaftServerImpl (RaftServerImpl.java:setRole(184)) - ad4d83c7-0f96-47bc-a4e8-7e5d9f844896@group-24C785E9A0FC: changes role from  FOLLOWER to CANDIDATE at term 143 for changeToCandidate
2019-10-23 12:13:36,610 [Thread-1473] INFO  impl.RoleInfo (RoleInfo.java:updateAndGet(143)) - ad4d83c7-0f96-47bc-a4e8-7e5d9f844896: start LeaderElection
2019-10-23 12:13:36,614 [ad4d83c7-0f96-47bc-a4e8-7e5d9f844896@group-24C785E9A0FC-LeaderElection145] INFO  impl.LeaderElection (LeaderElection.java:askForVotes(178)) - ad4d83c7-0f96-47bc-a4e8-7e5d9f844896@group-24C785E9A0FC-LeaderElection145: begin an election at term 144 for -1: [3b749b59-de2a-419b-9a26-261692f5c83c:192.168.69.118:39205, ad4d83c7-0f96-47bc-a4e8-7e5d9f844896:192.168.69.118:41688, 02863277-f564-4bc6-8337-fb22627f6f1a:192.168.69.118:36850], old=null
2019-10-23 12:13:36,615 [ad4d83c7-0f96-47bc-a4e8-7e5d9f844896@group-24C785E9A0FC-LeaderElection145] INFO  impl.LeaderElection (LogUtils.java:infoOrTrace(149)) - ad4d83c7-0f96-47bc-a4e8-7e5d9f844896@group-24C785E9A0FC-LeaderElection145 got exception when requesting votes: {}
java.util.concurrent.ExecutionException: org.apache.ratis.thirdparty.io.grpc.StatusRuntimeException: UNAVAILABLE: io exception
	at java.util.concurrent.FutureTask.report(FutureTask.java:122)
	at java.util.concurrent.FutureTask.get(FutureTask.java:192)
	at org.apache.ratis.server.impl.LeaderElection.waitForResults(LeaderElection.java:259)
	at org.apache.ratis.server.impl.LeaderElection.askForVotes(LeaderElection.java:197)
	at org.apache.ratis.server.impl.LeaderElection.run(LeaderElection.java:133)
	at java.lang.Thread.run(Thread.java:748)
Caused by: org.apache.ratis.thirdparty.io.grpc.StatusRuntimeException: UNAVAILABLE: io exception
	at org.apache.ratis.thirdparty.io.grpc.stub.ClientCalls.toStatusRuntimeException(ClientCalls.java:233)
	at org.apache.ratis.thirdparty.io.grpc.stub.ClientCalls.getUnchecked(ClientCalls.java:214)
	at org.apache.ratis.thirdparty.io.grpc.stub.ClientCalls.blockingUnaryCall(ClientCalls.java:139)
	at org.apache.ratis.proto.grpc.RaftServerProtocolServiceGrpc$RaftServerProtocolServiceBlockingStub.requestVote(RaftServerProtocolServiceGrpc.java:265)
	at org.apache.ratis.grpc.server.GrpcServerProtocolClient.requestVote(GrpcServerProtocolClient.java:99)
	at org.apache.ratis.grpc.server.GrpcService.requestVote(GrpcService.java:204)
	at org.apache.ratis.server.impl.LeaderElection.lambda$submitRequests$1(LeaderElection.java:234)
	at java.util.concurrent.FutureTask.run(FutureTask.java:266)
	at java.util.concurrent.Executors$RunnableAdapter.call(Executors.java:511)
	at java.util.concurrent.FutureTask.run(FutureTask.java:266)
	at java.util.concurrent.ThreadPoolExecutor.runWorker(ThreadPoolExecutor.java:1149)
	at java.util.concurrent.ThreadPoolExecutor$Worker.run(ThreadPoolExecutor.java:624)
	... 1 more
Caused by: org.apache.ratis.thirdparty.io.netty.channel.AbstractChannel$AnnotatedConnectException: Connection refused: /192.168.69.118:39205
	at sun.nio.ch.SocketChannelImpl.checkConnect(Native Method)
	at sun.nio.ch.SocketChannelImpl.finishConnect(SocketChannelImpl.java:717)
	at org.apache.ratis.thirdparty.io.netty.channel.socket.nio.NioSocketChannel.doFinishConnect(NioSocketChannel.java:327)
	at org.apache.ratis.thirdparty.io.netty.channel.nio.AbstractNioChannel$AbstractNioUnsafe.finishConnect(AbstractNioChannel.java:340)
	at org.apache.ratis.thirdparty.io.netty.channel.nio.NioEventLoop.processSelectedKey(NioEventLoop.java:632)
	at org.apache.ratis.thirdparty.io.netty.channel.nio.NioEventLoop.processSelectedKeysOptimized(NioEventLoop.java:579)
	at org.apache.ratis.thirdparty.io.netty.channel.nio.NioEventLoop.processSelectedKeys(NioEventLoop.java:496)
	at org.apache.ratis.thirdparty.io.netty.channel.nio.NioEventLoop.run(NioEventLoop.java:458)
	at org.apache.ratis.thirdparty.io.netty.util.concurrent.SingleThreadEventExecutor$5.run(SingleThreadEventExecutor.java:897)
	at org.apache.ratis.thirdparty.io.netty.util.concurrent.FastThreadLocalRunnable.run(FastThreadLocalRunnable.java:30)
	... 1 more
Caused by: java.net.ConnectException: Connection refused
	... 11 more
2019-10-23 12:13:36,617 [grpc-default-executor-3] INFO  impl.RaftServerImpl (RaftServerImpl.java:setRole(184)) - 02863277-f564-4bc6-8337-fb22627f6f1a@group-24C785E9A0FC: changes role from  FOLLOWER to FOLLOWER at term 144 for recognizeCandidate:ad4d83c7-0f96-47bc-a4e8-7e5d9f844896
2019-10-23 12:13:36,617 [grpc-default-executor-3] INFO  impl.RoleInfo (RoleInfo.java:shutdownFollowerState(121)) - 02863277-f564-4bc6-8337-fb22627f6f1a: shutdown FollowerState
2019-10-23 12:13:36,617 [grpc-default-executor-3] INFO  impl.RoleInfo (RoleInfo.java:updateAndGet(143)) - 02863277-f564-4bc6-8337-fb22627f6f1a: start FollowerState
2019-10-23 12:13:36,618 [Thread-1472] INFO  impl.FollowerState (FollowerState.java:run(117)) - 02863277-f564-4bc6-8337-fb22627f6f1a@group-24C785E9A0FC-FollowerState was interrupted: java.lang.InterruptedException: sleep interrupted
2019-10-23 12:13:36,622 [ad4d83c7-0f96-47bc-a4e8-7e5d9f844896@group-24C785E9A0FC-LeaderElection145] INFO  impl.LeaderElection (LeaderElection.java:logAndReturn(56)) - ad4d83c7-0f96-47bc-a4e8-7e5d9f844896@group-24C785E9A0FC-LeaderElection145: Election REJECTED; received 1 response(s) [ad4d83c7-0f96-47bc-a4e8-7e5d9f844896<-02863277-f564-4bc6-8337-fb22627f6f1a#0:FAIL-t144] and 1 exception(s); ad4d83c7-0f96-47bc-a4e8-7e5d9f844896@group-24C785E9A0FC:t144, leader=null, voted=ad4d83c7-0f96-47bc-a4e8-7e5d9f844896, raftlog=ad4d83c7-0f96-47bc-a4e8-7e5d9f844896@group-24C785E9A0FC-SegmentedRaftLog:OPENED:c-1,f-1,i0, conf=-1: [3b749b59-de2a-419b-9a26-261692f5c83c:192.168.69.118:39205, ad4d83c7-0f96-47bc-a4e8-7e5d9f844896:192.168.69.118:41688, 02863277-f564-4bc6-8337-fb22627f6f1a:192.168.69.118:36850], old=null
2019-10-23 12:13:36,622 [ad4d83c7-0f96-47bc-a4e8-7e5d9f844896@group-24C785E9A0FC-LeaderElection145] INFO  impl.LeaderElection (LogUtils.java:infoOrTrace(149)) -   Exception 0: {}
java.util.concurrent.ExecutionException: org.apache.ratis.thirdparty.io.grpc.StatusRuntimeException: UNAVAILABLE: io exception
	at java.util.concurrent.FutureTask.report(FutureTask.java:122)
	at java.util.concurrent.FutureTask.get(FutureTask.java:192)
	at org.apache.ratis.server.impl.LeaderElection.waitForResults(LeaderElection.java:259)
	at org.apache.ratis.server.impl.LeaderElection.askForVotes(LeaderElection.java:197)
	at org.apache.ratis.server.impl.LeaderElection.run(LeaderElection.java:133)
	at java.lang.Thread.run(Thread.java:748)
Caused by: org.apache.ratis.thirdparty.io.grpc.StatusRuntimeException: UNAVAILABLE: io exception
	at org.apache.ratis.thirdparty.io.grpc.stub.ClientCalls.toStatusRuntimeException(ClientCalls.java:233)
	at org.apache.ratis.thirdparty.io.grpc.stub.ClientCalls.getUnchecked(ClientCalls.java:214)
	at org.apache.ratis.thirdparty.io.grpc.stub.ClientCalls.blockingUnaryCall(ClientCalls.java:139)
	at org.apache.ratis.proto.grpc.RaftServerProtocolServiceGrpc$RaftServerProtocolServiceBlockingStub.requestVote(RaftServerProtocolServiceGrpc.java:265)
	at org.apache.ratis.grpc.server.GrpcServerProtocolClient.requestVote(GrpcServerProtocolClient.java:99)
	at org.apache.ratis.grpc.server.GrpcService.requestVote(GrpcService.java:204)
	at org.apache.ratis.server.impl.LeaderElection.lambda$submitRequests$1(LeaderElection.java:234)
	at java.util.concurrent.FutureTask.run(FutureTask.java:266)
	at java.util.concurrent.Executors$RunnableAdapter.call(Executors.java:511)
	at java.util.concurrent.FutureTask.run(FutureTask.java:266)
	at java.util.concurrent.ThreadPoolExecutor.runWorker(ThreadPoolExecutor.java:1149)
	at java.util.concurrent.ThreadPoolExecutor$Worker.run(ThreadPoolExecutor.java:624)
	... 1 more
Caused by: org.apache.ratis.thirdparty.io.netty.channel.AbstractChannel$AnnotatedConnectException: Connection refused: /192.168.69.118:39205
	at sun.nio.ch.SocketChannelImpl.checkConnect(Native Method)
	at sun.nio.ch.SocketChannelImpl.finishConnect(SocketChannelImpl.java:717)
	at org.apache.ratis.thirdparty.io.netty.channel.socket.nio.NioSocketChannel.doFinishConnect(NioSocketChannel.java:327)
	at org.apache.ratis.thirdparty.io.netty.channel.nio.AbstractNioChannel$AbstractNioUnsafe.finishConnect(AbstractNioChannel.java:340)
	at org.apache.ratis.thirdparty.io.netty.channel.nio.NioEventLoop.processSelectedKey(NioEventLoop.java:632)
	at org.apache.ratis.thirdparty.io.netty.channel.nio.NioEventLoop.processSelectedKeysOptimized(NioEventLoop.java:579)
	at org.apache.ratis.thirdparty.io.netty.channel.nio.NioEventLoop.processSelectedKeys(NioEventLoop.java:496)
	at org.apache.ratis.thirdparty.io.netty.channel.nio.NioEventLoop.run(NioEventLoop.java:458)
	at org.apache.ratis.thirdparty.io.netty.util.concurrent.SingleThreadEventExecutor$5.run(SingleThreadEventExecutor.java:897)
	at org.apache.ratis.thirdparty.io.netty.util.concurrent.FastThreadLocalRunnable.run(FastThreadLocalRunnable.java:30)
	... 1 more
Caused by: java.net.ConnectException: Connection refused
	... 11 more
2019-10-23 12:13:36,622 [ad4d83c7-0f96-47bc-a4e8-7e5d9f844896@group-24C785E9A0FC-LeaderElection145] INFO  impl.RaftServerImpl (RaftServerImpl.java:setRole(184)) - ad4d83c7-0f96-47bc-a4e8-7e5d9f844896@group-24C785E9A0FC: changes role from CANDIDATE to FOLLOWER at term 144 for DISCOVERED_A_NEW_TERM
2019-10-23 12:13:36,622 [ad4d83c7-0f96-47bc-a4e8-7e5d9f844896@group-24C785E9A0FC-LeaderElection145] INFO  impl.RoleInfo (RoleInfo.java:shutdownLeaderElection(134)) - ad4d83c7-0f96-47bc-a4e8-7e5d9f844896: shutdown LeaderElection
2019-10-23 12:13:36,623 [ad4d83c7-0f96-47bc-a4e8-7e5d9f844896@group-24C785E9A0FC-LeaderElection145] INFO  impl.RoleInfo (RoleInfo.java:updateAndGet(143)) - ad4d83c7-0f96-47bc-a4e8-7e5d9f844896: start FollowerState
2019-10-23 12:13:36,781 [Thread-1478] INFO  impl.FollowerState (FollowerState.java:run(108)) - ad4d83c7-0f96-47bc-a4e8-7e5d9f844896@group-24C785E9A0FC-FollowerState: change to CANDIDATE, lastRpcTime:158ms, electionTimeout:158ms
2019-10-23 12:13:36,781 [Thread-1478] INFO  impl.RoleInfo (RoleInfo.java:shutdownFollowerState(121)) - ad4d83c7-0f96-47bc-a4e8-7e5d9f844896: shutdown FollowerState
2019-10-23 12:13:36,781 [Thread-1478] INFO  impl.RaftServerImpl (RaftServerImpl.java:setRole(184)) - ad4d83c7-0f96-47bc-a4e8-7e5d9f844896@group-24C785E9A0FC: changes role from  FOLLOWER to CANDIDATE at term 144 for changeToCandidate
2019-10-23 12:13:36,781 [Thread-1478] INFO  impl.RoleInfo (RoleInfo.java:updateAndGet(143)) - ad4d83c7-0f96-47bc-a4e8-7e5d9f844896: start LeaderElection
2019-10-23 12:13:36,795 [ad4d83c7-0f96-47bc-a4e8-7e5d9f844896@group-24C785E9A0FC-LeaderElection146] INFO  impl.LeaderElection (LeaderElection.java:askForVotes(178)) - ad4d83c7-0f96-47bc-a4e8-7e5d9f844896@group-24C785E9A0FC-LeaderElection146: begin an election at term 145 for -1: [3b749b59-de2a-419b-9a26-261692f5c83c:192.168.69.118:39205, ad4d83c7-0f96-47bc-a4e8-7e5d9f844896:192.168.69.118:41688, 02863277-f564-4bc6-8337-fb22627f6f1a:192.168.69.118:36850], old=null
2019-10-23 12:13:36,796 [ad4d83c7-0f96-47bc-a4e8-7e5d9f844896@group-24C785E9A0FC-LeaderElection146] INFO  impl.LeaderElection (LogUtils.java:infoOrTrace(149)) - ad4d83c7-0f96-47bc-a4e8-7e5d9f844896@group-24C785E9A0FC-LeaderElection146 got exception when requesting votes: {}
java.util.concurrent.ExecutionException: org.apache.ratis.thirdparty.io.grpc.StatusRuntimeException: UNAVAILABLE: io exception
	at java.util.concurrent.FutureTask.report(FutureTask.java:122)
	at java.util.concurrent.FutureTask.get(FutureTask.java:192)
	at org.apache.ratis.server.impl.LeaderElection.waitForResults(LeaderElection.java:259)
	at org.apache.ratis.server.impl.LeaderElection.askForVotes(LeaderElection.java:197)
	at org.apache.ratis.server.impl.LeaderElection.run(LeaderElection.java:133)
	at java.lang.Thread.run(Thread.java:748)
Caused by: org.apache.ratis.thirdparty.io.grpc.StatusRuntimeException: UNAVAILABLE: io exception
	at org.apache.ratis.thirdparty.io.grpc.stub.ClientCalls.toStatusRuntimeException(ClientCalls.java:233)
	at org.apache.ratis.thirdparty.io.grpc.stub.ClientCalls.getUnchecked(ClientCalls.java:214)
	at org.apache.ratis.thirdparty.io.grpc.stub.ClientCalls.blockingUnaryCall(ClientCalls.java:139)
	at org.apache.ratis.proto.grpc.RaftServerProtocolServiceGrpc$RaftServerProtocolServiceBlockingStub.requestVote(RaftServerProtocolServiceGrpc.java:265)
	at org.apache.ratis.grpc.server.GrpcServerProtocolClient.requestVote(GrpcServerProtocolClient.java:99)
	at org.apache.ratis.grpc.server.GrpcService.requestVote(GrpcService.java:204)
	at org.apache.ratis.server.impl.LeaderElection.lambda$submitRequests$1(LeaderElection.java:234)
	at java.util.concurrent.FutureTask.run(FutureTask.java:266)
	at java.util.concurrent.Executors$RunnableAdapter.call(Executors.java:511)
	at java.util.concurrent.FutureTask.run(FutureTask.java:266)
	at java.util.concurrent.ThreadPoolExecutor.runWorker(ThreadPoolExecutor.java:1149)
	at java.util.concurrent.ThreadPoolExecutor$Worker.run(ThreadPoolExecutor.java:624)
	... 1 more
Caused by: org.apache.ratis.thirdparty.io.netty.channel.AbstractChannel$AnnotatedConnectException: Connection refused: /192.168.69.118:39205
	at sun.nio.ch.SocketChannelImpl.checkConnect(Native Method)
	at sun.nio.ch.SocketChannelImpl.finishConnect(SocketChannelImpl.java:717)
	at org.apache.ratis.thirdparty.io.netty.channel.socket.nio.NioSocketChannel.doFinishConnect(NioSocketChannel.java:327)
	at org.apache.ratis.thirdparty.io.netty.channel.nio.AbstractNioChannel$AbstractNioUnsafe.finishConnect(AbstractNioChannel.java:340)
	at org.apache.ratis.thirdparty.io.netty.channel.nio.NioEventLoop.processSelectedKey(NioEventLoop.java:632)
	at org.apache.ratis.thirdparty.io.netty.channel.nio.NioEventLoop.processSelectedKeysOptimized(NioEventLoop.java:579)
	at org.apache.ratis.thirdparty.io.netty.channel.nio.NioEventLoop.processSelectedKeys(NioEventLoop.java:496)
	at org.apache.ratis.thirdparty.io.netty.channel.nio.NioEventLoop.run(NioEventLoop.java:458)
	at org.apache.ratis.thirdparty.io.netty.util.concurrent.SingleThreadEventExecutor$5.run(SingleThreadEventExecutor.java:897)
	at org.apache.ratis.thirdparty.io.netty.util.concurrent.FastThreadLocalRunnable.run(FastThreadLocalRunnable.java:30)
	... 1 more
Caused by: java.net.ConnectException: Connection refused
	... 11 more
2019-10-23 12:13:36,800 [grpc-default-executor-5] INFO  impl.RaftServerImpl (RaftServerImpl.java:setRole(184)) - 02863277-f564-4bc6-8337-fb22627f6f1a@group-24C785E9A0FC: changes role from  FOLLOWER to FOLLOWER at term 145 for recognizeCandidate:ad4d83c7-0f96-47bc-a4e8-7e5d9f844896
2019-10-23 12:13:36,800 [grpc-default-executor-5] INFO  impl.RoleInfo (RoleInfo.java:shutdownFollowerState(121)) - 02863277-f564-4bc6-8337-fb22627f6f1a: shutdown FollowerState
2019-10-23 12:13:36,800 [grpc-default-executor-5] INFO  impl.RoleInfo (RoleInfo.java:updateAndGet(143)) - 02863277-f564-4bc6-8337-fb22627f6f1a: start FollowerState
2019-10-23 12:13:36,800 [Thread-1477] INFO  impl.FollowerState (FollowerState.java:run(117)) - 02863277-f564-4bc6-8337-fb22627f6f1a@group-24C785E9A0FC-FollowerState was interrupted: java.lang.InterruptedException: sleep interrupted
2019-10-23 12:13:36,814 [ad4d83c7-0f96-47bc-a4e8-7e5d9f844896@group-24C785E9A0FC-LeaderElection146] INFO  impl.LeaderElection (LeaderElection.java:logAndReturn(56)) - ad4d83c7-0f96-47bc-a4e8-7e5d9f844896@group-24C785E9A0FC-LeaderElection146: Election REJECTED; received 1 response(s) [ad4d83c7-0f96-47bc-a4e8-7e5d9f844896<-02863277-f564-4bc6-8337-fb22627f6f1a#0:FAIL-t145] and 1 exception(s); ad4d83c7-0f96-47bc-a4e8-7e5d9f844896@group-24C785E9A0FC:t145, leader=null, voted=ad4d83c7-0f96-47bc-a4e8-7e5d9f844896, raftlog=ad4d83c7-0f96-47bc-a4e8-7e5d9f844896@group-24C785E9A0FC-SegmentedRaftLog:OPENED:c-1,f-1,i0, conf=-1: [3b749b59-de2a-419b-9a26-261692f5c83c:192.168.69.118:39205, ad4d83c7-0f96-47bc-a4e8-7e5d9f844896:192.168.69.118:41688, 02863277-f564-4bc6-8337-fb22627f6f1a:192.168.69.118:36850], old=null
2019-10-23 12:13:36,814 [ad4d83c7-0f96-47bc-a4e8-7e5d9f844896@group-24C785E9A0FC-LeaderElection146] INFO  impl.LeaderElection (LogUtils.java:infoOrTrace(149)) -   Exception 0: {}
java.util.concurrent.ExecutionException: org.apache.ratis.thirdparty.io.grpc.StatusRuntimeException: UNAVAILABLE: io exception
	at java.util.concurrent.FutureTask.report(FutureTask.java:122)
	at java.util.concurrent.FutureTask.get(FutureTask.java:192)
	at org.apache.ratis.server.impl.LeaderElection.waitForResults(LeaderElection.java:259)
	at org.apache.ratis.server.impl.LeaderElection.askForVotes(LeaderElection.java:197)
	at org.apache.ratis.server.impl.LeaderElection.run(LeaderElection.java:133)
	at java.lang.Thread.run(Thread.java:748)
Caused by: org.apache.ratis.thirdparty.io.grpc.StatusRuntimeException: UNAVAILABLE: io exception
	at org.apache.ratis.thirdparty.io.grpc.stub.ClientCalls.toStatusRuntimeException(ClientCalls.java:233)
	at org.apache.ratis.thirdparty.io.grpc.stub.ClientCalls.getUnchecked(ClientCalls.java:214)
	at org.apache.ratis.thirdparty.io.grpc.stub.ClientCalls.blockingUnaryCall(ClientCalls.java:139)
	at org.apache.ratis.proto.grpc.RaftServerProtocolServiceGrpc$RaftServerProtocolServiceBlockingStub.requestVote(RaftServerProtocolServiceGrpc.java:265)
	at org.apache.ratis.grpc.server.GrpcServerProtocolClient.requestVote(GrpcServerProtocolClient.java:99)
	at org.apache.ratis.grpc.server.GrpcService.requestVote(GrpcService.java:204)
	at org.apache.ratis.server.impl.LeaderElection.lambda$submitRequests$1(LeaderElection.java:234)
	at java.util.concurrent.FutureTask.run(FutureTask.java:266)
	at java.util.concurrent.Executors$RunnableAdapter.call(Executors.java:511)
	at java.util.concurrent.FutureTask.run(FutureTask.java:266)
	at java.util.concurrent.ThreadPoolExecutor.runWorker(ThreadPoolExecutor.java:1149)
	at java.util.concurrent.ThreadPoolExecutor$Worker.run(ThreadPoolExecutor.java:624)
	... 1 more
Caused by: org.apache.ratis.thirdparty.io.netty.channel.AbstractChannel$AnnotatedConnectException: Connection refused: /192.168.69.118:39205
	at sun.nio.ch.SocketChannelImpl.checkConnect(Native Method)
	at sun.nio.ch.SocketChannelImpl.finishConnect(SocketChannelImpl.java:717)
	at org.apache.ratis.thirdparty.io.netty.channel.socket.nio.NioSocketChannel.doFinishConnect(NioSocketChannel.java:327)
	at org.apache.ratis.thirdparty.io.netty.channel.nio.AbstractNioChannel$AbstractNioUnsafe.finishConnect(AbstractNioChannel.java:340)
	at org.apache.ratis.thirdparty.io.netty.channel.nio.NioEventLoop.processSelectedKey(NioEventLoop.java:632)
	at org.apache.ratis.thirdparty.io.netty.channel.nio.NioEventLoop.processSelectedKeysOptimized(NioEventLoop.java:579)
	at org.apache.ratis.thirdparty.io.netty.channel.nio.NioEventLoop.processSelectedKeys(NioEventLoop.java:496)
	at org.apache.ratis.thirdparty.io.netty.channel.nio.NioEventLoop.run(NioEventLoop.java:458)
	at org.apache.ratis.thirdparty.io.netty.util.concurrent.SingleThreadEventExecutor$5.run(SingleThreadEventExecutor.java:897)
	at org.apache.ratis.thirdparty.io.netty.util.concurrent.FastThreadLocalRunnable.run(FastThreadLocalRunnable.java:30)
	... 1 more
Caused by: java.net.ConnectException: Connection refused
	... 11 more
2019-10-23 12:13:36,815 [ad4d83c7-0f96-47bc-a4e8-7e5d9f844896@group-24C785E9A0FC-LeaderElection146] INFO  impl.RaftServerImpl (RaftServerImpl.java:setRole(184)) - ad4d83c7-0f96-47bc-a4e8-7e5d9f844896@group-24C785E9A0FC: changes role from CANDIDATE to FOLLOWER at term 145 for DISCOVERED_A_NEW_TERM
2019-10-23 12:13:36,815 [ad4d83c7-0f96-47bc-a4e8-7e5d9f844896@group-24C785E9A0FC-LeaderElection146] INFO  impl.RoleInfo (RoleInfo.java:shutdownLeaderElection(134)) - ad4d83c7-0f96-47bc-a4e8-7e5d9f844896: shutdown LeaderElection
2019-10-23 12:13:36,815 [ad4d83c7-0f96-47bc-a4e8-7e5d9f844896@group-24C785E9A0FC-LeaderElection146] INFO  impl.RoleInfo (RoleInfo.java:updateAndGet(143)) - ad4d83c7-0f96-47bc-a4e8-7e5d9f844896: start FollowerState
2019-10-23 12:13:36,988 [Thread-1485] INFO  impl.FollowerState (FollowerState.java:run(108)) - ad4d83c7-0f96-47bc-a4e8-7e5d9f844896@group-24C785E9A0FC-FollowerState: change to CANDIDATE, lastRpcTime:173ms, electionTimeout:173ms
2019-10-23 12:13:36,988 [Thread-1485] INFO  impl.RoleInfo (RoleInfo.java:shutdownFollowerState(121)) - ad4d83c7-0f96-47bc-a4e8-7e5d9f844896: shutdown FollowerState
2019-10-23 12:13:36,989 [Thread-1485] INFO  impl.RaftServerImpl (RaftServerImpl.java:setRole(184)) - ad4d83c7-0f96-47bc-a4e8-7e5d9f844896@group-24C785E9A0FC: changes role from  FOLLOWER to CANDIDATE at term 145 for changeToCandidate
2019-10-23 12:13:36,989 [Thread-1485] INFO  impl.RoleInfo (RoleInfo.java:updateAndGet(143)) - ad4d83c7-0f96-47bc-a4e8-7e5d9f844896: start LeaderElection
2019-10-23 12:13:37,191 [ad4d83c7-0f96-47bc-a4e8-7e5d9f844896@group-24C785E9A0FC-LeaderElection147] INFO  impl.LeaderElection (LeaderElection.java:askForVotes(178)) - ad4d83c7-0f96-47bc-a4e8-7e5d9f844896@group-24C785E9A0FC-LeaderElection147: begin an election at term 146 for -1: [3b749b59-de2a-419b-9a26-261692f5c83c:192.168.69.118:39205, ad4d83c7-0f96-47bc-a4e8-7e5d9f844896:192.168.69.118:41688, 02863277-f564-4bc6-8337-fb22627f6f1a:192.168.69.118:36850], old=null
2019-10-23 12:13:37,193 [ad4d83c7-0f96-47bc-a4e8-7e5d9f844896@group-24C785E9A0FC-LeaderElection147] INFO  impl.LeaderElection (LogUtils.java:infoOrTrace(149)) - ad4d83c7-0f96-47bc-a4e8-7e5d9f844896@group-24C785E9A0FC-LeaderElection147 got exception when requesting votes: {}
java.util.concurrent.ExecutionException: org.apache.ratis.thirdparty.io.grpc.StatusRuntimeException: UNAVAILABLE: io exception
	at java.util.concurrent.FutureTask.report(FutureTask.java:122)
	at java.util.concurrent.FutureTask.get(FutureTask.java:192)
	at org.apache.ratis.server.impl.LeaderElection.waitForResults(LeaderElection.java:259)
	at org.apache.ratis.server.impl.LeaderElection.askForVotes(LeaderElection.java:197)
	at org.apache.ratis.server.impl.LeaderElection.run(LeaderElection.java:133)
	at java.lang.Thread.run(Thread.java:748)
Caused by: org.apache.ratis.thirdparty.io.grpc.StatusRuntimeException: UNAVAILABLE: io exception
	at org.apache.ratis.thirdparty.io.grpc.stub.ClientCalls.toStatusRuntimeException(ClientCalls.java:233)
	at org.apache.ratis.thirdparty.io.grpc.stub.ClientCalls.getUnchecked(ClientCalls.java:214)
	at org.apache.ratis.thirdparty.io.grpc.stub.ClientCalls.blockingUnaryCall(ClientCalls.java:139)
	at org.apache.ratis.proto.grpc.RaftServerProtocolServiceGrpc$RaftServerProtocolServiceBlockingStub.requestVote(RaftServerProtocolServiceGrpc.java:265)
	at org.apache.ratis.grpc.server.GrpcServerProtocolClient.requestVote(GrpcServerProtocolClient.java:99)
	at org.apache.ratis.grpc.server.GrpcService.requestVote(GrpcService.java:204)
	at org.apache.ratis.server.impl.LeaderElection.lambda$submitRequests$1(LeaderElection.java:234)
	at java.util.concurrent.FutureTask.run(FutureTask.java:266)
	at java.util.concurrent.Executors$RunnableAdapter.call(Executors.java:511)
	at java.util.concurrent.FutureTask.run(FutureTask.java:266)
	at java.util.concurrent.ThreadPoolExecutor.runWorker(ThreadPoolExecutor.java:1149)
	at java.util.concurrent.ThreadPoolExecutor$Worker.run(ThreadPoolExecutor.java:624)
	... 1 more
Caused by: org.apache.ratis.thirdparty.io.netty.channel.AbstractChannel$AnnotatedConnectException: Connection refused: /192.168.69.118:39205
	at sun.nio.ch.SocketChannelImpl.checkConnect(Native Method)
	at sun.nio.ch.SocketChannelImpl.finishConnect(SocketChannelImpl.java:717)
	at org.apache.ratis.thirdparty.io.netty.channel.socket.nio.NioSocketChannel.doFinishConnect(NioSocketChannel.java:327)
	at org.apache.ratis.thirdparty.io.netty.channel.nio.AbstractNioChannel$AbstractNioUnsafe.finishConnect(AbstractNioChannel.java:340)
	at org.apache.ratis.thirdparty.io.netty.channel.nio.NioEventLoop.processSelectedKey(NioEventLoop.java:632)
	at org.apache.ratis.thirdparty.io.netty.channel.nio.NioEventLoop.processSelectedKeysOptimized(NioEventLoop.java:579)
	at org.apache.ratis.thirdparty.io.netty.channel.nio.NioEventLoop.processSelectedKeys(NioEventLoop.java:496)
	at org.apache.ratis.thirdparty.io.netty.channel.nio.NioEventLoop.run(NioEventLoop.java:458)
	at org.apache.ratis.thirdparty.io.netty.util.concurrent.SingleThreadEventExecutor$5.run(SingleThreadEventExecutor.java:897)
	at org.apache.ratis.thirdparty.io.netty.util.concurrent.FastThreadLocalRunnable.run(FastThreadLocalRunnable.java:30)
	... 1 more
Caused by: java.net.ConnectException: Connection refused
	... 11 more
2019-10-23 12:13:37,197 [grpc-default-executor-5] INFO  impl.RaftServerImpl (RaftServerImpl.java:setRole(184)) - 02863277-f564-4bc6-8337-fb22627f6f1a@group-24C785E9A0FC: changes role from  FOLLOWER to FOLLOWER at term 146 for recognizeCandidate:ad4d83c7-0f96-47bc-a4e8-7e5d9f844896
2019-10-23 12:13:37,197 [grpc-default-executor-5] INFO  impl.RoleInfo (RoleInfo.java:shutdownFollowerState(121)) - 02863277-f564-4bc6-8337-fb22627f6f1a: shutdown FollowerState
2019-10-23 12:13:37,197 [grpc-default-executor-5] INFO  impl.RoleInfo (RoleInfo.java:updateAndGet(143)) - 02863277-f564-4bc6-8337-fb22627f6f1a: start FollowerState
2019-10-23 12:13:37,197 [Thread-1484] INFO  impl.FollowerState (FollowerState.java:run(117)) - 02863277-f564-4bc6-8337-fb22627f6f1a@group-24C785E9A0FC-FollowerState was interrupted: java.lang.InterruptedException: sleep interrupted
2019-10-23 12:13:37,217 [ad4d83c7-0f96-47bc-a4e8-7e5d9f844896@group-24C785E9A0FC-LeaderElection147] INFO  impl.LeaderElection (LeaderElection.java:logAndReturn(56)) - ad4d83c7-0f96-47bc-a4e8-7e5d9f844896@group-24C785E9A0FC-LeaderElection147: Election REJECTED; received 1 response(s) [ad4d83c7-0f96-47bc-a4e8-7e5d9f844896<-02863277-f564-4bc6-8337-fb22627f6f1a#0:FAIL-t146] and 1 exception(s); ad4d83c7-0f96-47bc-a4e8-7e5d9f844896@group-24C785E9A0FC:t146, leader=null, voted=ad4d83c7-0f96-47bc-a4e8-7e5d9f844896, raftlog=ad4d83c7-0f96-47bc-a4e8-7e5d9f844896@group-24C785E9A0FC-SegmentedRaftLog:OPENED:c-1,f-1,i0, conf=-1: [3b749b59-de2a-419b-9a26-261692f5c83c:192.168.69.118:39205, ad4d83c7-0f96-47bc-a4e8-7e5d9f844896:192.168.69.118:41688, 02863277-f564-4bc6-8337-fb22627f6f1a:192.168.69.118:36850], old=null
2019-10-23 12:13:37,217 [ad4d83c7-0f96-47bc-a4e8-7e5d9f844896@group-24C785E9A0FC-LeaderElection147] INFO  impl.LeaderElection (LogUtils.java:infoOrTrace(149)) -   Exception 0: {}
java.util.concurrent.ExecutionException: org.apache.ratis.thirdparty.io.grpc.StatusRuntimeException: UNAVAILABLE: io exception
	at java.util.concurrent.FutureTask.report(FutureTask.java:122)
	at java.util.concurrent.FutureTask.get(FutureTask.java:192)
	at org.apache.ratis.server.impl.LeaderElection.waitForResults(LeaderElection.java:259)
	at org.apache.ratis.server.impl.LeaderElection.askForVotes(LeaderElection.java:197)
	at org.apache.ratis.server.impl.LeaderElection.run(LeaderElection.java:133)
	at java.lang.Thread.run(Thread.java:748)
Caused by: org.apache.ratis.thirdparty.io.grpc.StatusRuntimeException: UNAVAILABLE: io exception
	at org.apache.ratis.thirdparty.io.grpc.stub.ClientCalls.toStatusRuntimeException(ClientCalls.java:233)
	at org.apache.ratis.thirdparty.io.grpc.stub.ClientCalls.getUnchecked(ClientCalls.java:214)
	at org.apache.ratis.thirdparty.io.grpc.stub.ClientCalls.blockingUnaryCall(ClientCalls.java:139)
	at org.apache.ratis.proto.grpc.RaftServerProtocolServiceGrpc$RaftServerProtocolServiceBlockingStub.requestVote(RaftServerProtocolServiceGrpc.java:265)
	at org.apache.ratis.grpc.server.GrpcServerProtocolClient.requestVote(GrpcServerProtocolClient.java:99)
	at org.apache.ratis.grpc.server.GrpcService.requestVote(GrpcService.java:204)
	at org.apache.ratis.server.impl.LeaderElection.lambda$submitRequests$1(LeaderElection.java:234)
	at java.util.concurrent.FutureTask.run(FutureTask.java:266)
	at java.util.concurrent.Executors$RunnableAdapter.call(Executors.java:511)
	at java.util.concurrent.FutureTask.run(FutureTask.java:266)
	at java.util.concurrent.ThreadPoolExecutor.runWorker(ThreadPoolExecutor.java:1149)
	at java.util.concurrent.ThreadPoolExecutor$Worker.run(ThreadPoolExecutor.java:624)
	... 1 more
Caused by: org.apache.ratis.thirdparty.io.netty.channel.AbstractChannel$AnnotatedConnectException: Connection refused: /192.168.69.118:39205
	at sun.nio.ch.SocketChannelImpl.checkConnect(Native Method)
	at sun.nio.ch.SocketChannelImpl.finishConnect(SocketChannelImpl.java:717)
	at org.apache.ratis.thirdparty.io.netty.channel.socket.nio.NioSocketChannel.doFinishConnect(NioSocketChannel.java:327)
	at org.apache.ratis.thirdparty.io.netty.channel.nio.AbstractNioChannel$AbstractNioUnsafe.finishConnect(AbstractNioChannel.java:340)
	at org.apache.ratis.thirdparty.io.netty.channel.nio.NioEventLoop.processSelectedKey(NioEventLoop.java:632)
	at org.apache.ratis.thirdparty.io.netty.channel.nio.NioEventLoop.processSelectedKeysOptimized(NioEventLoop.java:579)
	at org.apache.ratis.thirdparty.io.netty.channel.nio.NioEventLoop.processSelectedKeys(NioEventLoop.java:496)
	at org.apache.ratis.thirdparty.io.netty.channel.nio.NioEventLoop.run(NioEventLoop.java:458)
	at org.apache.ratis.thirdparty.io.netty.util.concurrent.SingleThreadEventExecutor$5.run(SingleThreadEventExecutor.java:897)
	at org.apache.ratis.thirdparty.io.netty.util.concurrent.FastThreadLocalRunnable.run(FastThreadLocalRunnable.java:30)
	... 1 more
Caused by: java.net.ConnectException: Connection refused
	... 11 more
2019-10-23 12:13:37,217 [ad4d83c7-0f96-47bc-a4e8-7e5d9f844896@group-24C785E9A0FC-LeaderElection147] INFO  impl.RaftServerImpl (RaftServerImpl.java:setRole(184)) - ad4d83c7-0f96-47bc-a4e8-7e5d9f844896@group-24C785E9A0FC: changes role from CANDIDATE to FOLLOWER at term 146 for DISCOVERED_A_NEW_TERM
2019-10-23 12:13:37,217 [ad4d83c7-0f96-47bc-a4e8-7e5d9f844896@group-24C785E9A0FC-LeaderElection147] INFO  impl.RoleInfo (RoleInfo.java:shutdownLeaderElection(134)) - ad4d83c7-0f96-47bc-a4e8-7e5d9f844896: shutdown LeaderElection
2019-10-23 12:13:37,217 [ad4d83c7-0f96-47bc-a4e8-7e5d9f844896@group-24C785E9A0FC-LeaderElection147] INFO  impl.RoleInfo (RoleInfo.java:updateAndGet(143)) - ad4d83c7-0f96-47bc-a4e8-7e5d9f844896: start FollowerState
2019-10-23 12:13:37,415 [Thread-1494] INFO  impl.FollowerState (FollowerState.java:run(108)) - ad4d83c7-0f96-47bc-a4e8-7e5d9f844896@group-24C785E9A0FC-FollowerState: change to CANDIDATE, lastRpcTime:197ms, electionTimeout:197ms
2019-10-23 12:13:37,415 [Thread-1494] INFO  impl.RoleInfo (RoleInfo.java:shutdownFollowerState(121)) - ad4d83c7-0f96-47bc-a4e8-7e5d9f844896: shutdown FollowerState
2019-10-23 12:13:37,415 [Thread-1494] INFO  impl.RaftServerImpl (RaftServerImpl.java:setRole(184)) - ad4d83c7-0f96-47bc-a4e8-7e5d9f844896@group-24C785E9A0FC: changes role from  FOLLOWER to CANDIDATE at term 146 for changeToCandidate
2019-10-23 12:13:37,415 [Thread-1494] INFO  impl.RoleInfo (RoleInfo.java:updateAndGet(143)) - ad4d83c7-0f96-47bc-a4e8-7e5d9f844896: start LeaderElection
2019-10-23 12:13:37,422 [ad4d83c7-0f96-47bc-a4e8-7e5d9f844896@group-24C785E9A0FC-LeaderElection148] INFO  impl.LeaderElection (LeaderElection.java:askForVotes(178)) - ad4d83c7-0f96-47bc-a4e8-7e5d9f844896@group-24C785E9A0FC-LeaderElection148: begin an election at term 147 for -1: [3b749b59-de2a-419b-9a26-261692f5c83c:192.168.69.118:39205, ad4d83c7-0f96-47bc-a4e8-7e5d9f844896:192.168.69.118:41688, 02863277-f564-4bc6-8337-fb22627f6f1a:192.168.69.118:36850], old=null
2019-10-23 12:13:37,423 [ad4d83c7-0f96-47bc-a4e8-7e5d9f844896@group-24C785E9A0FC-LeaderElection148] INFO  impl.LeaderElection (LogUtils.java:infoOrTrace(149)) - ad4d83c7-0f96-47bc-a4e8-7e5d9f844896@group-24C785E9A0FC-LeaderElection148 got exception when requesting votes: {}
java.util.concurrent.ExecutionException: org.apache.ratis.thirdparty.io.grpc.StatusRuntimeException: UNAVAILABLE: io exception
	at java.util.concurrent.FutureTask.report(FutureTask.java:122)
	at java.util.concurrent.FutureTask.get(FutureTask.java:192)
	at org.apache.ratis.server.impl.LeaderElection.waitForResults(LeaderElection.java:259)
	at org.apache.ratis.server.impl.LeaderElection.askForVotes(LeaderElection.java:197)
	at org.apache.ratis.server.impl.LeaderElection.run(LeaderElection.java:133)
	at java.lang.Thread.run(Thread.java:748)
Caused by: org.apache.ratis.thirdparty.io.grpc.StatusRuntimeException: UNAVAILABLE: io exception
	at org.apache.ratis.thirdparty.io.grpc.stub.ClientCalls.toStatusRuntimeException(ClientCalls.java:233)
	at org.apache.ratis.thirdparty.io.grpc.stub.ClientCalls.getUnchecked(ClientCalls.java:214)
	at org.apache.ratis.thirdparty.io.grpc.stub.ClientCalls.blockingUnaryCall(ClientCalls.java:139)
	at org.apache.ratis.proto.grpc.RaftServerProtocolServiceGrpc$RaftServerProtocolServiceBlockingStub.requestVote(RaftServerProtocolServiceGrpc.java:265)
	at org.apache.ratis.grpc.server.GrpcServerProtocolClient.requestVote(GrpcServerProtocolClient.java:99)
	at org.apache.ratis.grpc.server.GrpcService.requestVote(GrpcService.java:204)
	at org.apache.ratis.server.impl.LeaderElection.lambda$submitRequests$1(LeaderElection.java:234)
	at java.util.concurrent.FutureTask.run(FutureTask.java:266)
	at java.util.concurrent.Executors$RunnableAdapter.call(Executors.java:511)
	at java.util.concurrent.FutureTask.run(FutureTask.java:266)
	at java.util.concurrent.ThreadPoolExecutor.runWorker(ThreadPoolExecutor.java:1149)
	at java.util.concurrent.ThreadPoolExecutor$Worker.run(ThreadPoolExecutor.java:624)
	... 1 more
Caused by: org.apache.ratis.thirdparty.io.netty.channel.AbstractChannel$AnnotatedConnectException: Connection refused: /192.168.69.118:39205
	at sun.nio.ch.SocketChannelImpl.checkConnect(Native Method)
	at sun.nio.ch.SocketChannelImpl.finishConnect(SocketChannelImpl.java:717)
	at org.apache.ratis.thirdparty.io.netty.channel.socket.nio.NioSocketChannel.doFinishConnect(NioSocketChannel.java:327)
	at org.apache.ratis.thirdparty.io.netty.channel.nio.AbstractNioChannel$AbstractNioUnsafe.finishConnect(AbstractNioChannel.java:340)
	at org.apache.ratis.thirdparty.io.netty.channel.nio.NioEventLoop.processSelectedKey(NioEventLoop.java:632)
	at org.apache.ratis.thirdparty.io.netty.channel.nio.NioEventLoop.processSelectedKeysOptimized(NioEventLoop.java:579)
	at org.apache.ratis.thirdparty.io.netty.channel.nio.NioEventLoop.processSelectedKeys(NioEventLoop.java:496)
	at org.apache.ratis.thirdparty.io.netty.channel.nio.NioEventLoop.run(NioEventLoop.java:458)
	at org.apache.ratis.thirdparty.io.netty.util.concurrent.SingleThreadEventExecutor$5.run(SingleThreadEventExecutor.java:897)
	at org.apache.ratis.thirdparty.io.netty.util.concurrent.FastThreadLocalRunnable.run(FastThreadLocalRunnable.java:30)
	... 1 more
Caused by: java.net.ConnectException: Connection refused
	... 11 more
2019-10-23 12:13:37,427 [grpc-default-executor-4] INFO  impl.RaftServerImpl (RaftServerImpl.java:setRole(184)) - 02863277-f564-4bc6-8337-fb22627f6f1a@group-24C785E9A0FC: changes role from  FOLLOWER to FOLLOWER at term 147 for recognizeCandidate:ad4d83c7-0f96-47bc-a4e8-7e5d9f844896
2019-10-23 12:13:37,427 [grpc-default-executor-4] INFO  impl.RoleInfo (RoleInfo.java:shutdownFollowerState(121)) - 02863277-f564-4bc6-8337-fb22627f6f1a: shutdown FollowerState
2019-10-23 12:13:37,427 [grpc-default-executor-4] INFO  impl.RoleInfo (RoleInfo.java:updateAndGet(143)) - 02863277-f564-4bc6-8337-fb22627f6f1a: start FollowerState
2019-10-23 12:13:37,427 [Thread-1491] INFO  impl.FollowerState (FollowerState.java:run(117)) - 02863277-f564-4bc6-8337-fb22627f6f1a@group-24C785E9A0FC-FollowerState was interrupted: java.lang.InterruptedException: sleep interrupted
2019-10-23 12:13:37,434 [ad4d83c7-0f96-47bc-a4e8-7e5d9f844896@group-24C785E9A0FC-LeaderElection148] INFO  impl.LeaderElection (LeaderElection.java:logAndReturn(56)) - ad4d83c7-0f96-47bc-a4e8-7e5d9f844896@group-24C785E9A0FC-LeaderElection148: Election REJECTED; received 1 response(s) [ad4d83c7-0f96-47bc-a4e8-7e5d9f844896<-02863277-f564-4bc6-8337-fb22627f6f1a#0:FAIL-t147] and 1 exception(s); ad4d83c7-0f96-47bc-a4e8-7e5d9f844896@group-24C785E9A0FC:t147, leader=null, voted=ad4d83c7-0f96-47bc-a4e8-7e5d9f844896, raftlog=ad4d83c7-0f96-47bc-a4e8-7e5d9f844896@group-24C785E9A0FC-SegmentedRaftLog:OPENED:c-1,f-1,i0, conf=-1: [3b749b59-de2a-419b-9a26-261692f5c83c:192.168.69.118:39205, ad4d83c7-0f96-47bc-a4e8-7e5d9f844896:192.168.69.118:41688, 02863277-f564-4bc6-8337-fb22627f6f1a:192.168.69.118:36850], old=null
2019-10-23 12:13:37,434 [ad4d83c7-0f96-47bc-a4e8-7e5d9f844896@group-24C785E9A0FC-LeaderElection148] INFO  impl.LeaderElection (LogUtils.java:infoOrTrace(149)) -   Exception 0: {}
java.util.concurrent.ExecutionException: org.apache.ratis.thirdparty.io.grpc.StatusRuntimeException: UNAVAILABLE: io exception
	at java.util.concurrent.FutureTask.report(FutureTask.java:122)
	at java.util.concurrent.FutureTask.get(FutureTask.java:192)
	at org.apache.ratis.server.impl.LeaderElection.waitForResults(LeaderElection.java:259)
	at org.apache.ratis.server.impl.LeaderElection.askForVotes(LeaderElection.java:197)
	at org.apache.ratis.server.impl.LeaderElection.run(LeaderElection.java:133)
	at java.lang.Thread.run(Thread.java:748)
Caused by: org.apache.ratis.thirdparty.io.grpc.StatusRuntimeException: UNAVAILABLE: io exception
	at org.apache.ratis.thirdparty.io.grpc.stub.ClientCalls.toStatusRuntimeException(ClientCalls.java:233)
	at org.apache.ratis.thirdparty.io.grpc.stub.ClientCalls.getUnchecked(ClientCalls.java:214)
	at org.apache.ratis.thirdparty.io.grpc.stub.ClientCalls.blockingUnaryCall(ClientCalls.java:139)
	at org.apache.ratis.proto.grpc.RaftServerProtocolServiceGrpc$RaftServerProtocolServiceBlockingStub.requestVote(RaftServerProtocolServiceGrpc.java:265)
	at org.apache.ratis.grpc.server.GrpcServerProtocolClient.requestVote(GrpcServerProtocolClient.java:99)
	at org.apache.ratis.grpc.server.GrpcService.requestVote(GrpcService.java:204)
	at org.apache.ratis.server.impl.LeaderElection.lambda$submitRequests$1(LeaderElection.java:234)
	at java.util.concurrent.FutureTask.run(FutureTask.java:266)
	at java.util.concurrent.Executors$RunnableAdapter.call(Executors.java:511)
	at java.util.concurrent.FutureTask.run(FutureTask.java:266)
	at java.util.concurrent.ThreadPoolExecutor.runWorker(ThreadPoolExecutor.java:1149)
	at java.util.concurrent.ThreadPoolExecutor$Worker.run(ThreadPoolExecutor.java:624)
	... 1 more
Caused by: org.apache.ratis.thirdparty.io.netty.channel.AbstractChannel$AnnotatedConnectException: Connection refused: /192.168.69.118:39205
	at sun.nio.ch.SocketChannelImpl.checkConnect(Native Method)
	at sun.nio.ch.SocketChannelImpl.finishConnect(SocketChannelImpl.java:717)
	at org.apache.ratis.thirdparty.io.netty.channel.socket.nio.NioSocketChannel.doFinishConnect(NioSocketChannel.java:327)
	at org.apache.ratis.thirdparty.io.netty.channel.nio.AbstractNioChannel$AbstractNioUnsafe.finishConnect(AbstractNioChannel.java:340)
	at org.apache.ratis.thirdparty.io.netty.channel.nio.NioEventLoop.processSelectedKey(NioEventLoop.java:632)
	at org.apache.ratis.thirdparty.io.netty.channel.nio.NioEventLoop.processSelectedKeysOptimized(NioEventLoop.java:579)
	at org.apache.ratis.thirdparty.io.netty.channel.nio.NioEventLoop.processSelectedKeys(NioEventLoop.java:496)
	at org.apache.ratis.thirdparty.io.netty.channel.nio.NioEventLoop.run(NioEventLoop.java:458)
	at org.apache.ratis.thirdparty.io.netty.util.concurrent.SingleThreadEventExecutor$5.run(SingleThreadEventExecutor.java:897)
	at org.apache.ratis.thirdparty.io.netty.util.concurrent.FastThreadLocalRunnable.run(FastThreadLocalRunnable.java:30)
	... 1 more
Caused by: java.net.ConnectException: Connection refused
	... 11 more
2019-10-23 12:13:37,435 [ad4d83c7-0f96-47bc-a4e8-7e5d9f844896@group-24C785E9A0FC-LeaderElection148] INFO  impl.RaftServerImpl (RaftServerImpl.java:setRole(184)) - ad4d83c7-0f96-47bc-a4e8-7e5d9f844896@group-24C785E9A0FC: changes role from CANDIDATE to FOLLOWER at term 147 for DISCOVERED_A_NEW_TERM
2019-10-23 12:13:37,435 [ad4d83c7-0f96-47bc-a4e8-7e5d9f844896@group-24C785E9A0FC-LeaderElection148] INFO  impl.RoleInfo (RoleInfo.java:shutdownLeaderElection(134)) - ad4d83c7-0f96-47bc-a4e8-7e5d9f844896: shutdown LeaderElection
2019-10-23 12:13:37,435 [ad4d83c7-0f96-47bc-a4e8-7e5d9f844896@group-24C785E9A0FC-LeaderElection148] INFO  impl.RoleInfo (RoleInfo.java:updateAndGet(143)) - ad4d83c7-0f96-47bc-a4e8-7e5d9f844896: start FollowerState
2019-10-23 12:13:37,522 [Thread-1499] INFO  impl.FollowerState (FollowerState.java:run(108)) - ad4d83c7-0f96-47bc-a4e8-7e5d9f844896@group-24C785E9A0FC-FollowerState: change to CANDIDATE, lastRpcTime:86ms, electionTimeout:86ms
2019-10-23 12:13:37,522 [Thread-1499] INFO  impl.RoleInfo (RoleInfo.java:shutdownFollowerState(121)) - ad4d83c7-0f96-47bc-a4e8-7e5d9f844896: shutdown FollowerState
2019-10-23 12:13:37,522 [Thread-1499] INFO  impl.RaftServerImpl (RaftServerImpl.java:setRole(184)) - ad4d83c7-0f96-47bc-a4e8-7e5d9f844896@group-24C785E9A0FC: changes role from  FOLLOWER to CANDIDATE at term 147 for changeToCandidate
2019-10-23 12:13:37,522 [Thread-1499] INFO  impl.RoleInfo (RoleInfo.java:updateAndGet(143)) - ad4d83c7-0f96-47bc-a4e8-7e5d9f844896: start LeaderElection
2019-10-23 12:13:37,528 [ad4d83c7-0f96-47bc-a4e8-7e5d9f844896@group-24C785E9A0FC-LeaderElection149] INFO  impl.LeaderElection (LeaderElection.java:askForVotes(178)) - ad4d83c7-0f96-47bc-a4e8-7e5d9f844896@group-24C785E9A0FC-LeaderElection149: begin an election at term 148 for -1: [3b749b59-de2a-419b-9a26-261692f5c83c:192.168.69.118:39205, ad4d83c7-0f96-47bc-a4e8-7e5d9f844896:192.168.69.118:41688, 02863277-f564-4bc6-8337-fb22627f6f1a:192.168.69.118:36850], old=null
2019-10-23 12:13:37,529 [ad4d83c7-0f96-47bc-a4e8-7e5d9f844896@group-24C785E9A0FC-LeaderElection149] INFO  impl.LeaderElection (LogUtils.java:infoOrTrace(149)) - ad4d83c7-0f96-47bc-a4e8-7e5d9f844896@group-24C785E9A0FC-LeaderElection149 got exception when requesting votes: {}
java.util.concurrent.ExecutionException: org.apache.ratis.thirdparty.io.grpc.StatusRuntimeException: UNAVAILABLE: io exception
	at java.util.concurrent.FutureTask.report(FutureTask.java:122)
	at java.util.concurrent.FutureTask.get(FutureTask.java:192)
	at org.apache.ratis.server.impl.LeaderElection.waitForResults(LeaderElection.java:259)
	at org.apache.ratis.server.impl.LeaderElection.askForVotes(LeaderElection.java:197)
	at org.apache.ratis.server.impl.LeaderElection.run(LeaderElection.java:133)
	at java.lang.Thread.run(Thread.java:748)
Caused by: org.apache.ratis.thirdparty.io.grpc.StatusRuntimeException: UNAVAILABLE: io exception
	at org.apache.ratis.thirdparty.io.grpc.stub.ClientCalls.toStatusRuntimeException(ClientCalls.java:233)
	at org.apache.ratis.thirdparty.io.grpc.stub.ClientCalls.getUnchecked(ClientCalls.java:214)
	at org.apache.ratis.thirdparty.io.grpc.stub.ClientCalls.blockingUnaryCall(ClientCalls.java:139)
	at org.apache.ratis.proto.grpc.RaftServerProtocolServiceGrpc$RaftServerProtocolServiceBlockingStub.requestVote(RaftServerProtocolServiceGrpc.java:265)
	at org.apache.ratis.grpc.server.GrpcServerProtocolClient.requestVote(GrpcServerProtocolClient.java:99)
	at org.apache.ratis.grpc.server.GrpcService.requestVote(GrpcService.java:204)
	at org.apache.ratis.server.impl.LeaderElection.lambda$submitRequests$1(LeaderElection.java:234)
	at java.util.concurrent.FutureTask.run(FutureTask.java:266)
	at java.util.concurrent.Executors$RunnableAdapter.call(Executors.java:511)
	at java.util.concurrent.FutureTask.run(FutureTask.java:266)
	at java.util.concurrent.ThreadPoolExecutor.runWorker(ThreadPoolExecutor.java:1149)
	at java.util.concurrent.ThreadPoolExecutor$Worker.run(ThreadPoolExecutor.java:624)
	... 1 more
Caused by: org.apache.ratis.thirdparty.io.netty.channel.AbstractChannel$AnnotatedConnectException: Connection refused: /192.168.69.118:39205
	at sun.nio.ch.SocketChannelImpl.checkConnect(Native Method)
	at sun.nio.ch.SocketChannelImpl.finishConnect(SocketChannelImpl.java:717)
	at org.apache.ratis.thirdparty.io.netty.channel.socket.nio.NioSocketChannel.doFinishConnect(NioSocketChannel.java:327)
	at org.apache.ratis.thirdparty.io.netty.channel.nio.AbstractNioChannel$AbstractNioUnsafe.finishConnect(AbstractNioChannel.java:340)
	at org.apache.ratis.thirdparty.io.netty.channel.nio.NioEventLoop.processSelectedKey(NioEventLoop.java:632)
	at org.apache.ratis.thirdparty.io.netty.channel.nio.NioEventLoop.processSelectedKeysOptimized(NioEventLoop.java:579)
	at org.apache.ratis.thirdparty.io.netty.channel.nio.NioEventLoop.processSelectedKeys(NioEventLoop.java:496)
	at org.apache.ratis.thirdparty.io.netty.channel.nio.NioEventLoop.run(NioEventLoop.java:458)
	at org.apache.ratis.thirdparty.io.netty.util.concurrent.SingleThreadEventExecutor$5.run(SingleThreadEventExecutor.java:897)
	at org.apache.ratis.thirdparty.io.netty.util.concurrent.FastThreadLocalRunnable.run(FastThreadLocalRunnable.java:30)
	... 1 more
Caused by: java.net.ConnectException: Connection refused
	... 11 more
2019-10-23 12:13:37,532 [grpc-default-executor-4] INFO  impl.RaftServerImpl (RaftServerImpl.java:setRole(184)) - 02863277-f564-4bc6-8337-fb22627f6f1a@group-24C785E9A0FC: changes role from  FOLLOWER to FOLLOWER at term 148 for recognizeCandidate:ad4d83c7-0f96-47bc-a4e8-7e5d9f844896
2019-10-23 12:13:37,532 [grpc-default-executor-4] INFO  impl.RoleInfo (RoleInfo.java:shutdownFollowerState(121)) - 02863277-f564-4bc6-8337-fb22627f6f1a: shutdown FollowerState
2019-10-23 12:13:37,533 [grpc-default-executor-4] INFO  impl.RoleInfo (RoleInfo.java:updateAndGet(143)) - 02863277-f564-4bc6-8337-fb22627f6f1a: start FollowerState
2019-10-23 12:13:37,533 [Thread-1498] INFO  impl.FollowerState (FollowerState.java:run(117)) - 02863277-f564-4bc6-8337-fb22627f6f1a@group-24C785E9A0FC-FollowerState was interrupted: java.lang.InterruptedException: sleep interrupted
2019-10-23 12:13:37,539 [ad4d83c7-0f96-47bc-a4e8-7e5d9f844896@group-24C785E9A0FC-LeaderElection149] INFO  impl.LeaderElection (LeaderElection.java:logAndReturn(56)) - ad4d83c7-0f96-47bc-a4e8-7e5d9f844896@group-24C785E9A0FC-LeaderElection149: Election REJECTED; received 1 response(s) [ad4d83c7-0f96-47bc-a4e8-7e5d9f844896<-02863277-f564-4bc6-8337-fb22627f6f1a#0:FAIL-t148] and 1 exception(s); ad4d83c7-0f96-47bc-a4e8-7e5d9f844896@group-24C785E9A0FC:t148, leader=null, voted=ad4d83c7-0f96-47bc-a4e8-7e5d9f844896, raftlog=ad4d83c7-0f96-47bc-a4e8-7e5d9f844896@group-24C785E9A0FC-SegmentedRaftLog:OPENED:c-1,f-1,i0, conf=-1: [3b749b59-de2a-419b-9a26-261692f5c83c:192.168.69.118:39205, ad4d83c7-0f96-47bc-a4e8-7e5d9f844896:192.168.69.118:41688, 02863277-f564-4bc6-8337-fb22627f6f1a:192.168.69.118:36850], old=null
2019-10-23 12:13:37,539 [ad4d83c7-0f96-47bc-a4e8-7e5d9f844896@group-24C785E9A0FC-LeaderElection149] INFO  impl.LeaderElection (LogUtils.java:infoOrTrace(149)) -   Exception 0: {}
java.util.concurrent.ExecutionException: org.apache.ratis.thirdparty.io.grpc.StatusRuntimeException: UNAVAILABLE: io exception
	at java.util.concurrent.FutureTask.report(FutureTask.java:122)
	at java.util.concurrent.FutureTask.get(FutureTask.java:192)
	at org.apache.ratis.server.impl.LeaderElection.waitForResults(LeaderElection.java:259)
	at org.apache.ratis.server.impl.LeaderElection.askForVotes(LeaderElection.java:197)
	at org.apache.ratis.server.impl.LeaderElection.run(LeaderElection.java:133)
	at java.lang.Thread.run(Thread.java:748)
Caused by: org.apache.ratis.thirdparty.io.grpc.StatusRuntimeException: UNAVAILABLE: io exception
	at org.apache.ratis.thirdparty.io.grpc.stub.ClientCalls.toStatusRuntimeException(ClientCalls.java:233)
	at org.apache.ratis.thirdparty.io.grpc.stub.ClientCalls.getUnchecked(ClientCalls.java:214)
	at org.apache.ratis.thirdparty.io.grpc.stub.ClientCalls.blockingUnaryCall(ClientCalls.java:139)
	at org.apache.ratis.proto.grpc.RaftServerProtocolServiceGrpc$RaftServerProtocolServiceBlockingStub.requestVote(RaftServerProtocolServiceGrpc.java:265)
	at org.apache.ratis.grpc.server.GrpcServerProtocolClient.requestVote(GrpcServerProtocolClient.java:99)
	at org.apache.ratis.grpc.server.GrpcService.requestVote(GrpcService.java:204)
	at org.apache.ratis.server.impl.LeaderElection.lambda$submitRequests$1(LeaderElection.java:234)
	at java.util.concurrent.FutureTask.run(FutureTask.java:266)
	at java.util.concurrent.Executors$RunnableAdapter.call(Executors.java:511)
	at java.util.concurrent.FutureTask.run(FutureTask.java:266)
	at java.util.concurrent.ThreadPoolExecutor.runWorker(ThreadPoolExecutor.java:1149)
	at java.util.concurrent.ThreadPoolExecutor$Worker.run(ThreadPoolExecutor.java:624)
	... 1 more
Caused by: org.apache.ratis.thirdparty.io.netty.channel.AbstractChannel$AnnotatedConnectException: Connection refused: /192.168.69.118:39205
	at sun.nio.ch.SocketChannelImpl.checkConnect(Native Method)
	at sun.nio.ch.SocketChannelImpl.finishConnect(SocketChannelImpl.java:717)
	at org.apache.ratis.thirdparty.io.netty.channel.socket.nio.NioSocketChannel.doFinishConnect(NioSocketChannel.java:327)
	at org.apache.ratis.thirdparty.io.netty.channel.nio.AbstractNioChannel$AbstractNioUnsafe.finishConnect(AbstractNioChannel.java:340)
	at org.apache.ratis.thirdparty.io.netty.channel.nio.NioEventLoop.processSelectedKey(NioEventLoop.java:632)
	at org.apache.ratis.thirdparty.io.netty.channel.nio.NioEventLoop.processSelectedKeysOptimized(NioEventLoop.java:579)
	at org.apache.ratis.thirdparty.io.netty.channel.nio.NioEventLoop.processSelectedKeys(NioEventLoop.java:496)
	at org.apache.ratis.thirdparty.io.netty.channel.nio.NioEventLoop.run(NioEventLoop.java:458)
	at org.apache.ratis.thirdparty.io.netty.util.concurrent.SingleThreadEventExecutor$5.run(SingleThreadEventExecutor.java:897)
	at org.apache.ratis.thirdparty.io.netty.util.concurrent.FastThreadLocalRunnable.run(FastThreadLocalRunnable.java:30)
	... 1 more
Caused by: java.net.ConnectException: Connection refused
	... 11 more
2019-10-23 12:13:37,540 [ad4d83c7-0f96-47bc-a4e8-7e5d9f844896@group-24C785E9A0FC-LeaderElection149] INFO  impl.RaftServerImpl (RaftServerImpl.java:setRole(184)) - ad4d83c7-0f96-47bc-a4e8-7e5d9f844896@group-24C785E9A0FC: changes role from CANDIDATE to FOLLOWER at term 148 for DISCOVERED_A_NEW_TERM
2019-10-23 12:13:37,540 [ad4d83c7-0f96-47bc-a4e8-7e5d9f844896@group-24C785E9A0FC-LeaderElection149] INFO  impl.RoleInfo (RoleInfo.java:shutdownLeaderElection(134)) - ad4d83c7-0f96-47bc-a4e8-7e5d9f844896: shutdown LeaderElection
2019-10-23 12:13:37,540 [ad4d83c7-0f96-47bc-a4e8-7e5d9f844896@group-24C785E9A0FC-LeaderElection149] INFO  impl.RoleInfo (RoleInfo.java:updateAndGet(143)) - ad4d83c7-0f96-47bc-a4e8-7e5d9f844896: start FollowerState
2019-10-23 12:13:37,632 [Thread-1504] INFO  impl.FollowerState (FollowerState.java:run(108)) - ad4d83c7-0f96-47bc-a4e8-7e5d9f844896@group-24C785E9A0FC-FollowerState: change to CANDIDATE, lastRpcTime:92ms, electionTimeout:92ms
2019-10-23 12:13:37,632 [Thread-1504] INFO  impl.RoleInfo (RoleInfo.java:shutdownFollowerState(121)) - ad4d83c7-0f96-47bc-a4e8-7e5d9f844896: shutdown FollowerState
2019-10-23 12:13:37,632 [Thread-1504] INFO  impl.RaftServerImpl (RaftServerImpl.java:setRole(184)) - ad4d83c7-0f96-47bc-a4e8-7e5d9f844896@group-24C785E9A0FC: changes role from  FOLLOWER to CANDIDATE at term 148 for changeToCandidate
2019-10-23 12:13:37,633 [Thread-1504] INFO  impl.RoleInfo (RoleInfo.java:updateAndGet(143)) - ad4d83c7-0f96-47bc-a4e8-7e5d9f844896: start LeaderElection
2019-10-23 12:13:37,638 [ad4d83c7-0f96-47bc-a4e8-7e5d9f844896@group-24C785E9A0FC-LeaderElection150] INFO  impl.LeaderElection (LeaderElection.java:askForVotes(178)) - ad4d83c7-0f96-47bc-a4e8-7e5d9f844896@group-24C785E9A0FC-LeaderElection150: begin an election at term 149 for -1: [3b749b59-de2a-419b-9a26-261692f5c83c:192.168.69.118:39205, ad4d83c7-0f96-47bc-a4e8-7e5d9f844896:192.168.69.118:41688, 02863277-f564-4bc6-8337-fb22627f6f1a:192.168.69.118:36850], old=null
2019-10-23 12:13:37,639 [ad4d83c7-0f96-47bc-a4e8-7e5d9f844896@group-24C785E9A0FC-LeaderElection150] INFO  impl.LeaderElection (LogUtils.java:infoOrTrace(149)) - ad4d83c7-0f96-47bc-a4e8-7e5d9f844896@group-24C785E9A0FC-LeaderElection150 got exception when requesting votes: {}
java.util.concurrent.ExecutionException: org.apache.ratis.thirdparty.io.grpc.StatusRuntimeException: UNAVAILABLE: io exception
	at java.util.concurrent.FutureTask.report(FutureTask.java:122)
	at java.util.concurrent.FutureTask.get(FutureTask.java:192)
	at org.apache.ratis.server.impl.LeaderElection.waitForResults(LeaderElection.java:259)
	at org.apache.ratis.server.impl.LeaderElection.askForVotes(LeaderElection.java:197)
	at org.apache.ratis.server.impl.LeaderElection.run(LeaderElection.java:133)
	at java.lang.Thread.run(Thread.java:748)
Caused by: org.apache.ratis.thirdparty.io.grpc.StatusRuntimeException: UNAVAILABLE: io exception
	at org.apache.ratis.thirdparty.io.grpc.stub.ClientCalls.toStatusRuntimeException(ClientCalls.java:233)
	at org.apache.ratis.thirdparty.io.grpc.stub.ClientCalls.getUnchecked(ClientCalls.java:214)
	at org.apache.ratis.thirdparty.io.grpc.stub.ClientCalls.blockingUnaryCall(ClientCalls.java:139)
	at org.apache.ratis.proto.grpc.RaftServerProtocolServiceGrpc$RaftServerProtocolServiceBlockingStub.requestVote(RaftServerProtocolServiceGrpc.java:265)
	at org.apache.ratis.grpc.server.GrpcServerProtocolClient.requestVote(GrpcServerProtocolClient.java:99)
	at org.apache.ratis.grpc.server.GrpcService.requestVote(GrpcService.java:204)
	at org.apache.ratis.server.impl.LeaderElection.lambda$submitRequests$1(LeaderElection.java:234)
	at java.util.concurrent.FutureTask.run(FutureTask.java:266)
	at java.util.concurrent.Executors$RunnableAdapter.call(Executors.java:511)
	at java.util.concurrent.FutureTask.run(FutureTask.java:266)
	at java.util.concurrent.ThreadPoolExecutor.runWorker(ThreadPoolExecutor.java:1149)
	at java.util.concurrent.ThreadPoolExecutor$Worker.run(ThreadPoolExecutor.java:624)
	... 1 more
Caused by: org.apache.ratis.thirdparty.io.netty.channel.AbstractChannel$AnnotatedConnectException: Connection refused: /192.168.69.118:39205
	at sun.nio.ch.SocketChannelImpl.checkConnect(Native Method)
	at sun.nio.ch.SocketChannelImpl.finishConnect(SocketChannelImpl.java:717)
	at org.apache.ratis.thirdparty.io.netty.channel.socket.nio.NioSocketChannel.doFinishConnect(NioSocketChannel.java:327)
	at org.apache.ratis.thirdparty.io.netty.channel.nio.AbstractNioChannel$AbstractNioUnsafe.finishConnect(AbstractNioChannel.java:340)
	at org.apache.ratis.thirdparty.io.netty.channel.nio.NioEventLoop.processSelectedKey(NioEventLoop.java:632)
	at org.apache.ratis.thirdparty.io.netty.channel.nio.NioEventLoop.processSelectedKeysOptimized(NioEventLoop.java:579)
	at org.apache.ratis.thirdparty.io.netty.channel.nio.NioEventLoop.processSelectedKeys(NioEventLoop.java:496)
	at org.apache.ratis.thirdparty.io.netty.channel.nio.NioEventLoop.run(NioEventLoop.java:458)
	at org.apache.ratis.thirdparty.io.netty.util.concurrent.SingleThreadEventExecutor$5.run(SingleThreadEventExecutor.java:897)
	at org.apache.ratis.thirdparty.io.netty.util.concurrent.FastThreadLocalRunnable.run(FastThreadLocalRunnable.java:30)
	... 1 more
Caused by: java.net.ConnectException: Connection refused
	... 11 more
2019-10-23 12:13:37,642 [grpc-default-executor-5] INFO  impl.RaftServerImpl (RaftServerImpl.java:setRole(184)) - 02863277-f564-4bc6-8337-fb22627f6f1a@group-24C785E9A0FC: changes role from  FOLLOWER to FOLLOWER at term 149 for recognizeCandidate:ad4d83c7-0f96-47bc-a4e8-7e5d9f844896
2019-10-23 12:13:37,642 [grpc-default-executor-5] INFO  impl.RoleInfo (RoleInfo.java:shutdownFollowerState(121)) - 02863277-f564-4bc6-8337-fb22627f6f1a: shutdown FollowerState
2019-10-23 12:13:37,642 [grpc-default-executor-5] INFO  impl.RoleInfo (RoleInfo.java:updateAndGet(143)) - 02863277-f564-4bc6-8337-fb22627f6f1a: start FollowerState
2019-10-23 12:13:37,642 [Thread-1503] INFO  impl.FollowerState (FollowerState.java:run(117)) - 02863277-f564-4bc6-8337-fb22627f6f1a@group-24C785E9A0FC-FollowerState was interrupted: java.lang.InterruptedException: sleep interrupted
2019-10-23 12:13:37,657 [ad4d83c7-0f96-47bc-a4e8-7e5d9f844896@group-24C785E9A0FC-LeaderElection150] INFO  impl.LeaderElection (LeaderElection.java:logAndReturn(56)) - ad4d83c7-0f96-47bc-a4e8-7e5d9f844896@group-24C785E9A0FC-LeaderElection150: Election REJECTED; received 1 response(s) [ad4d83c7-0f96-47bc-a4e8-7e5d9f844896<-02863277-f564-4bc6-8337-fb22627f6f1a#0:FAIL-t149] and 1 exception(s); ad4d83c7-0f96-47bc-a4e8-7e5d9f844896@group-24C785E9A0FC:t149, leader=null, voted=ad4d83c7-0f96-47bc-a4e8-7e5d9f844896, raftlog=ad4d83c7-0f96-47bc-a4e8-7e5d9f844896@group-24C785E9A0FC-SegmentedRaftLog:OPENED:c-1,f-1,i0, conf=-1: [3b749b59-de2a-419b-9a26-261692f5c83c:192.168.69.118:39205, ad4d83c7-0f96-47bc-a4e8-7e5d9f844896:192.168.69.118:41688, 02863277-f564-4bc6-8337-fb22627f6f1a:192.168.69.118:36850], old=null
2019-10-23 12:13:37,657 [ad4d83c7-0f96-47bc-a4e8-7e5d9f844896@group-24C785E9A0FC-LeaderElection150] INFO  impl.LeaderElection (LogUtils.java:infoOrTrace(149)) -   Exception 0: {}
java.util.concurrent.ExecutionException: org.apache.ratis.thirdparty.io.grpc.StatusRuntimeException: UNAVAILABLE: io exception
	at java.util.concurrent.FutureTask.report(FutureTask.java:122)
	at java.util.concurrent.FutureTask.get(FutureTask.java:192)
	at org.apache.ratis.server.impl.LeaderElection.waitForResults(LeaderElection.java:259)
	at org.apache.ratis.server.impl.LeaderElection.askForVotes(LeaderElection.java:197)
	at org.apache.ratis.server.impl.LeaderElection.run(LeaderElection.java:133)
	at java.lang.Thread.run(Thread.java:748)
Caused by: org.apache.ratis.thirdparty.io.grpc.StatusRuntimeException: UNAVAILABLE: io exception
	at org.apache.ratis.thirdparty.io.grpc.stub.ClientCalls.toStatusRuntimeException(ClientCalls.java:233)
	at org.apache.ratis.thirdparty.io.grpc.stub.ClientCalls.getUnchecked(ClientCalls.java:214)
	at org.apache.ratis.thirdparty.io.grpc.stub.ClientCalls.blockingUnaryCall(ClientCalls.java:139)
	at org.apache.ratis.proto.grpc.RaftServerProtocolServiceGrpc$RaftServerProtocolServiceBlockingStub.requestVote(RaftServerProtocolServiceGrpc.java:265)
	at org.apache.ratis.grpc.server.GrpcServerProtocolClient.requestVote(GrpcServerProtocolClient.java:99)
	at org.apache.ratis.grpc.server.GrpcService.requestVote(GrpcService.java:204)
	at org.apache.ratis.server.impl.LeaderElection.lambda$submitRequests$1(LeaderElection.java:234)
	at java.util.concurrent.FutureTask.run(FutureTask.java:266)
	at java.util.concurrent.Executors$RunnableAdapter.call(Executors.java:511)
	at java.util.concurrent.FutureTask.run(FutureTask.java:266)
	at java.util.concurrent.ThreadPoolExecutor.runWorker(ThreadPoolExecutor.java:1149)
	at java.util.concurrent.ThreadPoolExecutor$Worker.run(ThreadPoolExecutor.java:624)
	... 1 more
Caused by: org.apache.ratis.thirdparty.io.netty.channel.AbstractChannel$AnnotatedConnectException: Connection refused: /192.168.69.118:39205
	at sun.nio.ch.SocketChannelImpl.checkConnect(Native Method)
	at sun.nio.ch.SocketChannelImpl.finishConnect(SocketChannelImpl.java:717)
	at org.apache.ratis.thirdparty.io.netty.channel.socket.nio.NioSocketChannel.doFinishConnect(NioSocketChannel.java:327)
	at org.apache.ratis.thirdparty.io.netty.channel.nio.AbstractNioChannel$AbstractNioUnsafe.finishConnect(AbstractNioChannel.java:340)
	at org.apache.ratis.thirdparty.io.netty.channel.nio.NioEventLoop.processSelectedKey(NioEventLoop.java:632)
	at org.apache.ratis.thirdparty.io.netty.channel.nio.NioEventLoop.processSelectedKeysOptimized(NioEventLoop.java:579)
	at org.apache.ratis.thirdparty.io.netty.channel.nio.NioEventLoop.processSelectedKeys(NioEventLoop.java:496)
	at org.apache.ratis.thirdparty.io.netty.channel.nio.NioEventLoop.run(NioEventLoop.java:458)
	at org.apache.ratis.thirdparty.io.netty.util.concurrent.SingleThreadEventExecutor$5.run(SingleThreadEventExecutor.java:897)
	at org.apache.ratis.thirdparty.io.netty.util.concurrent.FastThreadLocalRunnable.run(FastThreadLocalRunnable.java:30)
	... 1 more
Caused by: java.net.ConnectException: Connection refused
	... 11 more
2019-10-23 12:13:37,657 [ad4d83c7-0f96-47bc-a4e8-7e5d9f844896@group-24C785E9A0FC-LeaderElection150] INFO  impl.RaftServerImpl (RaftServerImpl.java:setRole(184)) - ad4d83c7-0f96-47bc-a4e8-7e5d9f844896@group-24C785E9A0FC: changes role from CANDIDATE to FOLLOWER at term 149 for DISCOVERED_A_NEW_TERM
2019-10-23 12:13:37,657 [ad4d83c7-0f96-47bc-a4e8-7e5d9f844896@group-24C785E9A0FC-LeaderElection150] INFO  impl.RoleInfo (RoleInfo.java:shutdownLeaderElection(134)) - ad4d83c7-0f96-47bc-a4e8-7e5d9f844896: shutdown LeaderElection
2019-10-23 12:13:37,657 [ad4d83c7-0f96-47bc-a4e8-7e5d9f844896@group-24C785E9A0FC-LeaderElection150] INFO  impl.RoleInfo (RoleInfo.java:updateAndGet(143)) - ad4d83c7-0f96-47bc-a4e8-7e5d9f844896: start FollowerState
2019-10-23 12:13:37,793 [Thread-1511] INFO  impl.FollowerState (FollowerState.java:run(108)) - ad4d83c7-0f96-47bc-a4e8-7e5d9f844896@group-24C785E9A0FC-FollowerState: change to CANDIDATE, lastRpcTime:136ms, electionTimeout:136ms
2019-10-23 12:13:37,794 [Thread-1511] INFO  impl.RoleInfo (RoleInfo.java:shutdownFollowerState(121)) - ad4d83c7-0f96-47bc-a4e8-7e5d9f844896: shutdown FollowerState
2019-10-23 12:13:37,794 [Thread-1511] INFO  impl.RaftServerImpl (RaftServerImpl.java:setRole(184)) - ad4d83c7-0f96-47bc-a4e8-7e5d9f844896@group-24C785E9A0FC: changes role from  FOLLOWER to CANDIDATE at term 149 for changeToCandidate
2019-10-23 12:13:37,794 [Thread-1511] INFO  impl.RoleInfo (RoleInfo.java:updateAndGet(143)) - ad4d83c7-0f96-47bc-a4e8-7e5d9f844896: start LeaderElection
2019-10-23 12:13:37,807 [ad4d83c7-0f96-47bc-a4e8-7e5d9f844896@group-24C785E9A0FC-LeaderElection151] INFO  impl.LeaderElection (LeaderElection.java:askForVotes(178)) - ad4d83c7-0f96-47bc-a4e8-7e5d9f844896@group-24C785E9A0FC-LeaderElection151: begin an election at term 150 for -1: [3b749b59-de2a-419b-9a26-261692f5c83c:192.168.69.118:39205, ad4d83c7-0f96-47bc-a4e8-7e5d9f844896:192.168.69.118:41688, 02863277-f564-4bc6-8337-fb22627f6f1a:192.168.69.118:36850], old=null
2019-10-23 12:13:37,808 [ad4d83c7-0f96-47bc-a4e8-7e5d9f844896@group-24C785E9A0FC-LeaderElection151] INFO  impl.LeaderElection (LogUtils.java:infoOrTrace(149)) - ad4d83c7-0f96-47bc-a4e8-7e5d9f844896@group-24C785E9A0FC-LeaderElection151 got exception when requesting votes: {}
java.util.concurrent.ExecutionException: org.apache.ratis.thirdparty.io.grpc.StatusRuntimeException: UNAVAILABLE: io exception
	at java.util.concurrent.FutureTask.report(FutureTask.java:122)
	at java.util.concurrent.FutureTask.get(FutureTask.java:192)
	at org.apache.ratis.server.impl.LeaderElection.waitForResults(LeaderElection.java:259)
	at org.apache.ratis.server.impl.LeaderElection.askForVotes(LeaderElection.java:197)
	at org.apache.ratis.server.impl.LeaderElection.run(LeaderElection.java:133)
	at java.lang.Thread.run(Thread.java:748)
Caused by: org.apache.ratis.thirdparty.io.grpc.StatusRuntimeException: UNAVAILABLE: io exception
	at org.apache.ratis.thirdparty.io.grpc.stub.ClientCalls.toStatusRuntimeException(ClientCalls.java:233)
	at org.apache.ratis.thirdparty.io.grpc.stub.ClientCalls.getUnchecked(ClientCalls.java:214)
	at org.apache.ratis.thirdparty.io.grpc.stub.ClientCalls.blockingUnaryCall(ClientCalls.java:139)
	at org.apache.ratis.proto.grpc.RaftServerProtocolServiceGrpc$RaftServerProtocolServiceBlockingStub.requestVote(RaftServerProtocolServiceGrpc.java:265)
	at org.apache.ratis.grpc.server.GrpcServerProtocolClient.requestVote(GrpcServerProtocolClient.java:99)
	at org.apache.ratis.grpc.server.GrpcService.requestVote(GrpcService.java:204)
	at org.apache.ratis.server.impl.LeaderElection.lambda$submitRequests$1(LeaderElection.java:234)
	at java.util.concurrent.FutureTask.run(FutureTask.java:266)
	at java.util.concurrent.Executors$RunnableAdapter.call(Executors.java:511)
	at java.util.concurrent.FutureTask.run(FutureTask.java:266)
	at java.util.concurrent.ThreadPoolExecutor.runWorker(ThreadPoolExecutor.java:1149)
	at java.util.concurrent.ThreadPoolExecutor$Worker.run(ThreadPoolExecutor.java:624)
	... 1 more
Caused by: org.apache.ratis.thirdparty.io.netty.channel.AbstractChannel$AnnotatedConnectException: Connection refused: /192.168.69.118:39205
	at sun.nio.ch.SocketChannelImpl.checkConnect(Native Method)
	at sun.nio.ch.SocketChannelImpl.finishConnect(SocketChannelImpl.java:717)
	at org.apache.ratis.thirdparty.io.netty.channel.socket.nio.NioSocketChannel.doFinishConnect(NioSocketChannel.java:327)
	at org.apache.ratis.thirdparty.io.netty.channel.nio.AbstractNioChannel$AbstractNioUnsafe.finishConnect(AbstractNioChannel.java:340)
	at org.apache.ratis.thirdparty.io.netty.channel.nio.NioEventLoop.processSelectedKey(NioEventLoop.java:632)
	at org.apache.ratis.thirdparty.io.netty.channel.nio.NioEventLoop.processSelectedKeysOptimized(NioEventLoop.java:579)
	at org.apache.ratis.thirdparty.io.netty.channel.nio.NioEventLoop.processSelectedKeys(NioEventLoop.java:496)
	at org.apache.ratis.thirdparty.io.netty.channel.nio.NioEventLoop.run(NioEventLoop.java:458)
	at org.apache.ratis.thirdparty.io.netty.util.concurrent.SingleThreadEventExecutor$5.run(SingleThreadEventExecutor.java:897)
	at org.apache.ratis.thirdparty.io.netty.util.concurrent.FastThreadLocalRunnable.run(FastThreadLocalRunnable.java:30)
	... 1 more
Caused by: java.net.ConnectException: Connection refused
	... 11 more
2019-10-23 12:13:37,812 [grpc-default-executor-5] INFO  impl.RaftServerImpl (RaftServerImpl.java:setRole(184)) - 02863277-f564-4bc6-8337-fb22627f6f1a@group-24C785E9A0FC: changes role from  FOLLOWER to FOLLOWER at term 150 for recognizeCandidate:ad4d83c7-0f96-47bc-a4e8-7e5d9f844896
2019-10-23 12:13:37,812 [grpc-default-executor-5] INFO  impl.RoleInfo (RoleInfo.java:shutdownFollowerState(121)) - 02863277-f564-4bc6-8337-fb22627f6f1a: shutdown FollowerState
2019-10-23 12:13:37,812 [grpc-default-executor-5] INFO  impl.RoleInfo (RoleInfo.java:updateAndGet(143)) - 02863277-f564-4bc6-8337-fb22627f6f1a: start FollowerState
2019-10-23 12:13:37,812 [Thread-1510] INFO  impl.FollowerState (FollowerState.java:run(117)) - 02863277-f564-4bc6-8337-fb22627f6f1a@group-24C785E9A0FC-FollowerState was interrupted: java.lang.InterruptedException: sleep interrupted
2019-10-23 12:13:37,827 [ad4d83c7-0f96-47bc-a4e8-7e5d9f844896@group-24C785E9A0FC-LeaderElection151] INFO  impl.LeaderElection (LeaderElection.java:logAndReturn(56)) - ad4d83c7-0f96-47bc-a4e8-7e5d9f844896@group-24C785E9A0FC-LeaderElection151: Election REJECTED; received 1 response(s) [ad4d83c7-0f96-47bc-a4e8-7e5d9f844896<-02863277-f564-4bc6-8337-fb22627f6f1a#0:FAIL-t150] and 1 exception(s); ad4d83c7-0f96-47bc-a4e8-7e5d9f844896@group-24C785E9A0FC:t150, leader=null, voted=ad4d83c7-0f96-47bc-a4e8-7e5d9f844896, raftlog=ad4d83c7-0f96-47bc-a4e8-7e5d9f844896@group-24C785E9A0FC-SegmentedRaftLog:OPENED:c-1,f-1,i0, conf=-1: [3b749b59-de2a-419b-9a26-261692f5c83c:192.168.69.118:39205, ad4d83c7-0f96-47bc-a4e8-7e5d9f844896:192.168.69.118:41688, 02863277-f564-4bc6-8337-fb22627f6f1a:192.168.69.118:36850], old=null
2019-10-23 12:13:37,827 [ad4d83c7-0f96-47bc-a4e8-7e5d9f844896@group-24C785E9A0FC-LeaderElection151] INFO  impl.LeaderElection (LogUtils.java:infoOrTrace(149)) -   Exception 0: {}
java.util.concurrent.ExecutionException: org.apache.ratis.thirdparty.io.grpc.StatusRuntimeException: UNAVAILABLE: io exception
	at java.util.concurrent.FutureTask.report(FutureTask.java:122)
	at java.util.concurrent.FutureTask.get(FutureTask.java:192)
	at org.apache.ratis.server.impl.LeaderElection.waitForResults(LeaderElection.java:259)
	at org.apache.ratis.server.impl.LeaderElection.askForVotes(LeaderElection.java:197)
	at org.apache.ratis.server.impl.LeaderElection.run(LeaderElection.java:133)
	at java.lang.Thread.run(Thread.java:748)
Caused by: org.apache.ratis.thirdparty.io.grpc.StatusRuntimeException: UNAVAILABLE: io exception
	at org.apache.ratis.thirdparty.io.grpc.stub.ClientCalls.toStatusRuntimeException(ClientCalls.java:233)
	at org.apache.ratis.thirdparty.io.grpc.stub.ClientCalls.getUnchecked(ClientCalls.java:214)
	at org.apache.ratis.thirdparty.io.grpc.stub.ClientCalls.blockingUnaryCall(ClientCalls.java:139)
	at org.apache.ratis.proto.grpc.RaftServerProtocolServiceGrpc$RaftServerProtocolServiceBlockingStub.requestVote(RaftServerProtocolServiceGrpc.java:265)
	at org.apache.ratis.grpc.server.GrpcServerProtocolClient.requestVote(GrpcServerProtocolClient.java:99)
	at org.apache.ratis.grpc.server.GrpcService.requestVote(GrpcService.java:204)
	at org.apache.ratis.server.impl.LeaderElection.lambda$submitRequests$1(LeaderElection.java:234)
	at java.util.concurrent.FutureTask.run(FutureTask.java:266)
	at java.util.concurrent.Executors$RunnableAdapter.call(Executors.java:511)
	at java.util.concurrent.FutureTask.run(FutureTask.java:266)
	at java.util.concurrent.ThreadPoolExecutor.runWorker(ThreadPoolExecutor.java:1149)
	at java.util.concurrent.ThreadPoolExecutor$Worker.run(ThreadPoolExecutor.java:624)
	... 1 more
Caused by: org.apache.ratis.thirdparty.io.netty.channel.AbstractChannel$AnnotatedConnectException: Connection refused: /192.168.69.118:39205
	at sun.nio.ch.SocketChannelImpl.checkConnect(Native Method)
	at sun.nio.ch.SocketChannelImpl.finishConnect(SocketChannelImpl.java:717)
	at org.apache.ratis.thirdparty.io.netty.channel.socket.nio.NioSocketChannel.doFinishConnect(NioSocketChannel.java:327)
	at org.apache.ratis.thirdparty.io.netty.channel.nio.AbstractNioChannel$AbstractNioUnsafe.finishConnect(AbstractNioChannel.java:340)
	at org.apache.ratis.thirdparty.io.netty.channel.nio.NioEventLoop.processSelectedKey(NioEventLoop.java:632)
	at org.apache.ratis.thirdparty.io.netty.channel.nio.NioEventLoop.processSelectedKeysOptimized(NioEventLoop.java:579)
	at org.apache.ratis.thirdparty.io.netty.channel.nio.NioEventLoop.processSelectedKeys(NioEventLoop.java:496)
	at org.apache.ratis.thirdparty.io.netty.channel.nio.NioEventLoop.run(NioEventLoop.java:458)
	at org.apache.ratis.thirdparty.io.netty.util.concurrent.SingleThreadEventExecutor$5.run(SingleThreadEventExecutor.java:897)
	at org.apache.ratis.thirdparty.io.netty.util.concurrent.FastThreadLocalRunnable.run(FastThreadLocalRunnable.java:30)
	... 1 more
Caused by: java.net.ConnectException: Connection refused
	... 11 more
2019-10-23 12:13:37,828 [ad4d83c7-0f96-47bc-a4e8-7e5d9f844896@group-24C785E9A0FC-LeaderElection151] INFO  impl.RaftServerImpl (RaftServerImpl.java:setRole(184)) - ad4d83c7-0f96-47bc-a4e8-7e5d9f844896@group-24C785E9A0FC: changes role from CANDIDATE to FOLLOWER at term 150 for DISCOVERED_A_NEW_TERM
2019-10-23 12:13:37,828 [ad4d83c7-0f96-47bc-a4e8-7e5d9f844896@group-24C785E9A0FC-LeaderElection151] INFO  impl.RoleInfo (RoleInfo.java:shutdownLeaderElection(134)) - ad4d83c7-0f96-47bc-a4e8-7e5d9f844896: shutdown LeaderElection
2019-10-23 12:13:37,828 [ad4d83c7-0f96-47bc-a4e8-7e5d9f844896@group-24C785E9A0FC-LeaderElection151] INFO  impl.RoleInfo (RoleInfo.java:updateAndGet(143)) - ad4d83c7-0f96-47bc-a4e8-7e5d9f844896: start FollowerState
2019-10-23 12:13:38,010 [Thread-1518] INFO  impl.FollowerState (FollowerState.java:run(108)) - ad4d83c7-0f96-47bc-a4e8-7e5d9f844896@group-24C785E9A0FC-FollowerState: change to CANDIDATE, lastRpcTime:182ms, electionTimeout:182ms
2019-10-23 12:13:38,011 [Thread-1518] INFO  impl.RoleInfo (RoleInfo.java:shutdownFollowerState(121)) - ad4d83c7-0f96-47bc-a4e8-7e5d9f844896: shutdown FollowerState
2019-10-23 12:13:38,011 [Thread-1518] INFO  impl.RaftServerImpl (RaftServerImpl.java:setRole(184)) - ad4d83c7-0f96-47bc-a4e8-7e5d9f844896@group-24C785E9A0FC: changes role from  FOLLOWER to CANDIDATE at term 150 for changeToCandidate
2019-10-23 12:13:38,011 [Thread-1518] INFO  impl.RoleInfo (RoleInfo.java:updateAndGet(143)) - ad4d83c7-0f96-47bc-a4e8-7e5d9f844896: start LeaderElection
2019-10-23 12:13:38,025 [ad4d83c7-0f96-47bc-a4e8-7e5d9f844896@group-24C785E9A0FC-LeaderElection152] INFO  impl.LeaderElection (LeaderElection.java:askForVotes(178)) - ad4d83c7-0f96-47bc-a4e8-7e5d9f844896@group-24C785E9A0FC-LeaderElection152: begin an election at term 151 for -1: [3b749b59-de2a-419b-9a26-261692f5c83c:192.168.69.118:39205, ad4d83c7-0f96-47bc-a4e8-7e5d9f844896:192.168.69.118:41688, 02863277-f564-4bc6-8337-fb22627f6f1a:192.168.69.118:36850], old=null
2019-10-23 12:13:38,025 [ad4d83c7-0f96-47bc-a4e8-7e5d9f844896@group-24C785E9A0FC-LeaderElection152] INFO  impl.LeaderElection (LogUtils.java:infoOrTrace(149)) - ad4d83c7-0f96-47bc-a4e8-7e5d9f844896@group-24C785E9A0FC-LeaderElection152 got exception when requesting votes: {}
java.util.concurrent.ExecutionException: org.apache.ratis.thirdparty.io.grpc.StatusRuntimeException: UNAVAILABLE: io exception
	at java.util.concurrent.FutureTask.report(FutureTask.java:122)
	at java.util.concurrent.FutureTask.get(FutureTask.java:192)
	at org.apache.ratis.server.impl.LeaderElection.waitForResults(LeaderElection.java:259)
	at org.apache.ratis.server.impl.LeaderElection.askForVotes(LeaderElection.java:197)
	at org.apache.ratis.server.impl.LeaderElection.run(LeaderElection.java:133)
	at java.lang.Thread.run(Thread.java:748)
Caused by: org.apache.ratis.thirdparty.io.grpc.StatusRuntimeException: UNAVAILABLE: io exception
	at org.apache.ratis.thirdparty.io.grpc.stub.ClientCalls.toStatusRuntimeException(ClientCalls.java:233)
	at org.apache.ratis.thirdparty.io.grpc.stub.ClientCalls.getUnchecked(ClientCalls.java:214)
	at org.apache.ratis.thirdparty.io.grpc.stub.ClientCalls.blockingUnaryCall(ClientCalls.java:139)
	at org.apache.ratis.proto.grpc.RaftServerProtocolServiceGrpc$RaftServerProtocolServiceBlockingStub.requestVote(RaftServerProtocolServiceGrpc.java:265)
	at org.apache.ratis.grpc.server.GrpcServerProtocolClient.requestVote(GrpcServerProtocolClient.java:99)
	at org.apache.ratis.grpc.server.GrpcService.requestVote(GrpcService.java:204)
	at org.apache.ratis.server.impl.LeaderElection.lambda$submitRequests$1(LeaderElection.java:234)
	at java.util.concurrent.FutureTask.run(FutureTask.java:266)
	at java.util.concurrent.Executors$RunnableAdapter.call(Executors.java:511)
	at java.util.concurrent.FutureTask.run(FutureTask.java:266)
	at java.util.concurrent.ThreadPoolExecutor.runWorker(ThreadPoolExecutor.java:1149)
	at java.util.concurrent.ThreadPoolExecutor$Worker.run(ThreadPoolExecutor.java:624)
	... 1 more
Caused by: org.apache.ratis.thirdparty.io.netty.channel.AbstractChannel$AnnotatedConnectException: Connection refused: /192.168.69.118:39205
	at sun.nio.ch.SocketChannelImpl.checkConnect(Native Method)
	at sun.nio.ch.SocketChannelImpl.finishConnect(SocketChannelImpl.java:717)
	at org.apache.ratis.thirdparty.io.netty.channel.socket.nio.NioSocketChannel.doFinishConnect(NioSocketChannel.java:327)
	at org.apache.ratis.thirdparty.io.netty.channel.nio.AbstractNioChannel$AbstractNioUnsafe.finishConnect(AbstractNioChannel.java:340)
	at org.apache.ratis.thirdparty.io.netty.channel.nio.NioEventLoop.processSelectedKey(NioEventLoop.java:632)
	at org.apache.ratis.thirdparty.io.netty.channel.nio.NioEventLoop.processSelectedKeysOptimized(NioEventLoop.java:579)
	at org.apache.ratis.thirdparty.io.netty.channel.nio.NioEventLoop.processSelectedKeys(NioEventLoop.java:496)
	at org.apache.ratis.thirdparty.io.netty.channel.nio.NioEventLoop.run(NioEventLoop.java:458)
	at org.apache.ratis.thirdparty.io.netty.util.concurrent.SingleThreadEventExecutor$5.run(SingleThreadEventExecutor.java:897)
	at org.apache.ratis.thirdparty.io.netty.util.concurrent.FastThreadLocalRunnable.run(FastThreadLocalRunnable.java:30)
	... 1 more
Caused by: java.net.ConnectException: Connection refused
	... 11 more
2019-10-23 12:13:38,030 [grpc-default-executor-5] INFO  impl.RaftServerImpl (RaftServerImpl.java:setRole(184)) - 02863277-f564-4bc6-8337-fb22627f6f1a@group-24C785E9A0FC: changes role from  FOLLOWER to FOLLOWER at term 151 for recognizeCandidate:ad4d83c7-0f96-47bc-a4e8-7e5d9f844896
2019-10-23 12:13:38,030 [grpc-default-executor-5] INFO  impl.RoleInfo (RoleInfo.java:shutdownFollowerState(121)) - 02863277-f564-4bc6-8337-fb22627f6f1a: shutdown FollowerState
2019-10-23 12:13:38,031 [grpc-default-executor-5] INFO  impl.RoleInfo (RoleInfo.java:updateAndGet(143)) - 02863277-f564-4bc6-8337-fb22627f6f1a: start FollowerState
2019-10-23 12:13:38,031 [Thread-1517] INFO  impl.FollowerState (FollowerState.java:run(117)) - 02863277-f564-4bc6-8337-fb22627f6f1a@group-24C785E9A0FC-FollowerState was interrupted: java.lang.InterruptedException: sleep interrupted
2019-10-23 12:13:38,044 [ad4d83c7-0f96-47bc-a4e8-7e5d9f844896@group-24C785E9A0FC-LeaderElection152] INFO  impl.LeaderElection (LeaderElection.java:logAndReturn(56)) - ad4d83c7-0f96-47bc-a4e8-7e5d9f844896@group-24C785E9A0FC-LeaderElection152: Election REJECTED; received 1 response(s) [ad4d83c7-0f96-47bc-a4e8-7e5d9f844896<-02863277-f564-4bc6-8337-fb22627f6f1a#0:FAIL-t151] and 1 exception(s); ad4d83c7-0f96-47bc-a4e8-7e5d9f844896@group-24C785E9A0FC:t151, leader=null, voted=ad4d83c7-0f96-47bc-a4e8-7e5d9f844896, raftlog=ad4d83c7-0f96-47bc-a4e8-7e5d9f844896@group-24C785E9A0FC-SegmentedRaftLog:OPENED:c-1,f-1,i0, conf=-1: [3b749b59-de2a-419b-9a26-261692f5c83c:192.168.69.118:39205, ad4d83c7-0f96-47bc-a4e8-7e5d9f844896:192.168.69.118:41688, 02863277-f564-4bc6-8337-fb22627f6f1a:192.168.69.118:36850], old=null
2019-10-23 12:13:38,045 [ad4d83c7-0f96-47bc-a4e8-7e5d9f844896@group-24C785E9A0FC-LeaderElection152] INFO  impl.LeaderElection (LogUtils.java:infoOrTrace(149)) -   Exception 0: {}
java.util.concurrent.ExecutionException: org.apache.ratis.thirdparty.io.grpc.StatusRuntimeException: UNAVAILABLE: io exception
	at java.util.concurrent.FutureTask.report(FutureTask.java:122)
	at java.util.concurrent.FutureTask.get(FutureTask.java:192)
	at org.apache.ratis.server.impl.LeaderElection.waitForResults(LeaderElection.java:259)
	at org.apache.ratis.server.impl.LeaderElection.askForVotes(LeaderElection.java:197)
	at org.apache.ratis.server.impl.LeaderElection.run(LeaderElection.java:133)
	at java.lang.Thread.run(Thread.java:748)
Caused by: org.apache.ratis.thirdparty.io.grpc.StatusRuntimeException: UNAVAILABLE: io exception
	at org.apache.ratis.thirdparty.io.grpc.stub.ClientCalls.toStatusRuntimeException(ClientCalls.java:233)
	at org.apache.ratis.thirdparty.io.grpc.stub.ClientCalls.getUnchecked(ClientCalls.java:214)
	at org.apache.ratis.thirdparty.io.grpc.stub.ClientCalls.blockingUnaryCall(ClientCalls.java:139)
	at org.apache.ratis.proto.grpc.RaftServerProtocolServiceGrpc$RaftServerProtocolServiceBlockingStub.requestVote(RaftServerProtocolServiceGrpc.java:265)
	at org.apache.ratis.grpc.server.GrpcServerProtocolClient.requestVote(GrpcServerProtocolClient.java:99)
	at org.apache.ratis.grpc.server.GrpcService.requestVote(GrpcService.java:204)
	at org.apache.ratis.server.impl.LeaderElection.lambda$submitRequests$1(LeaderElection.java:234)
	at java.util.concurrent.FutureTask.run(FutureTask.java:266)
	at java.util.concurrent.Executors$RunnableAdapter.call(Executors.java:511)
	at java.util.concurrent.FutureTask.run(FutureTask.java:266)
	at java.util.concurrent.ThreadPoolExecutor.runWorker(ThreadPoolExecutor.java:1149)
	at java.util.concurrent.ThreadPoolExecutor$Worker.run(ThreadPoolExecutor.java:624)
	... 1 more
Caused by: org.apache.ratis.thirdparty.io.netty.channel.AbstractChannel$AnnotatedConnectException: Connection refused: /192.168.69.118:39205
	at sun.nio.ch.SocketChannelImpl.checkConnect(Native Method)
	at sun.nio.ch.SocketChannelImpl.finishConnect(SocketChannelImpl.java:717)
	at org.apache.ratis.thirdparty.io.netty.channel.socket.nio.NioSocketChannel.doFinishConnect(NioSocketChannel.java:327)
	at org.apache.ratis.thirdparty.io.netty.channel.nio.AbstractNioChannel$AbstractNioUnsafe.finishConnect(AbstractNioChannel.java:340)
	at org.apache.ratis.thirdparty.io.netty.channel.nio.NioEventLoop.processSelectedKey(NioEventLoop.java:632)
	at org.apache.ratis.thirdparty.io.netty.channel.nio.NioEventLoop.processSelectedKeysOptimized(NioEventLoop.java:579)
	at org.apache.ratis.thirdparty.io.netty.channel.nio.NioEventLoop.processSelectedKeys(NioEventLoop.java:496)
	at org.apache.ratis.thirdparty.io.netty.channel.nio.NioEventLoop.run(NioEventLoop.java:458)
	at org.apache.ratis.thirdparty.io.netty.util.concurrent.SingleThreadEventExecutor$5.run(SingleThreadEventExecutor.java:897)
	at org.apache.ratis.thirdparty.io.netty.util.concurrent.FastThreadLocalRunnable.run(FastThreadLocalRunnable.java:30)
	... 1 more
Caused by: java.net.ConnectException: Connection refused
	... 11 more
2019-10-23 12:13:38,055 [ad4d83c7-0f96-47bc-a4e8-7e5d9f844896@group-24C785E9A0FC-LeaderElection152] INFO  impl.RaftServerImpl (RaftServerImpl.java:setRole(184)) - ad4d83c7-0f96-47bc-a4e8-7e5d9f844896@group-24C785E9A0FC: changes role from CANDIDATE to FOLLOWER at term 151 for DISCOVERED_A_NEW_TERM
2019-10-23 12:13:38,055 [ad4d83c7-0f96-47bc-a4e8-7e5d9f844896@group-24C785E9A0FC-LeaderElection152] INFO  impl.RoleInfo (RoleInfo.java:shutdownLeaderElection(134)) - ad4d83c7-0f96-47bc-a4e8-7e5d9f844896: shutdown LeaderElection
2019-10-23 12:13:38,055 [ad4d83c7-0f96-47bc-a4e8-7e5d9f844896@group-24C785E9A0FC-LeaderElection152] INFO  impl.RoleInfo (RoleInfo.java:updateAndGet(143)) - ad4d83c7-0f96-47bc-a4e8-7e5d9f844896: start FollowerState
2019-10-23 12:13:38,254 [Thread-1525] INFO  impl.FollowerState (FollowerState.java:run(108)) - ad4d83c7-0f96-47bc-a4e8-7e5d9f844896@group-24C785E9A0FC-FollowerState: change to CANDIDATE, lastRpcTime:199ms, electionTimeout:199ms
2019-10-23 12:13:38,255 [Thread-1525] INFO  impl.RoleInfo (RoleInfo.java:shutdownFollowerState(121)) - ad4d83c7-0f96-47bc-a4e8-7e5d9f844896: shutdown FollowerState
2019-10-23 12:13:38,255 [Thread-1525] INFO  impl.RaftServerImpl (RaftServerImpl.java:setRole(184)) - ad4d83c7-0f96-47bc-a4e8-7e5d9f844896@group-24C785E9A0FC: changes role from  FOLLOWER to CANDIDATE at term 151 for changeToCandidate
2019-10-23 12:13:38,255 [Thread-1525] INFO  impl.RoleInfo (RoleInfo.java:updateAndGet(143)) - ad4d83c7-0f96-47bc-a4e8-7e5d9f844896: start LeaderElection
2019-10-23 12:13:38,276 [ad4d83c7-0f96-47bc-a4e8-7e5d9f844896@group-24C785E9A0FC-LeaderElection153] INFO  impl.LeaderElection (LeaderElection.java:askForVotes(178)) - ad4d83c7-0f96-47bc-a4e8-7e5d9f844896@group-24C785E9A0FC-LeaderElection153: begin an election at term 152 for -1: [3b749b59-de2a-419b-9a26-261692f5c83c:192.168.69.118:39205, ad4d83c7-0f96-47bc-a4e8-7e5d9f844896:192.168.69.118:41688, 02863277-f564-4bc6-8337-fb22627f6f1a:192.168.69.118:36850], old=null
2019-10-23 12:13:38,277 [ad4d83c7-0f96-47bc-a4e8-7e5d9f844896@group-24C785E9A0FC-LeaderElection153] INFO  impl.LeaderElection (LogUtils.java:infoOrTrace(149)) - ad4d83c7-0f96-47bc-a4e8-7e5d9f844896@group-24C785E9A0FC-LeaderElection153 got exception when requesting votes: {}
java.util.concurrent.ExecutionException: org.apache.ratis.thirdparty.io.grpc.StatusRuntimeException: UNAVAILABLE: io exception
	at java.util.concurrent.FutureTask.report(FutureTask.java:122)
	at java.util.concurrent.FutureTask.get(FutureTask.java:192)
	at org.apache.ratis.server.impl.LeaderElection.waitForResults(LeaderElection.java:259)
	at org.apache.ratis.server.impl.LeaderElection.askForVotes(LeaderElection.java:197)
	at org.apache.ratis.server.impl.LeaderElection.run(LeaderElection.java:133)
	at java.lang.Thread.run(Thread.java:748)
Caused by: org.apache.ratis.thirdparty.io.grpc.StatusRuntimeException: UNAVAILABLE: io exception
	at org.apache.ratis.thirdparty.io.grpc.stub.ClientCalls.toStatusRuntimeException(ClientCalls.java:233)
	at org.apache.ratis.thirdparty.io.grpc.stub.ClientCalls.getUnchecked(ClientCalls.java:214)
	at org.apache.ratis.thirdparty.io.grpc.stub.ClientCalls.blockingUnaryCall(ClientCalls.java:139)
	at org.apache.ratis.proto.grpc.RaftServerProtocolServiceGrpc$RaftServerProtocolServiceBlockingStub.requestVote(RaftServerProtocolServiceGrpc.java:265)
	at org.apache.ratis.grpc.server.GrpcServerProtocolClient.requestVote(GrpcServerProtocolClient.java:99)
	at org.apache.ratis.grpc.server.GrpcService.requestVote(GrpcService.java:204)
	at org.apache.ratis.server.impl.LeaderElection.lambda$submitRequests$1(LeaderElection.java:234)
	at java.util.concurrent.FutureTask.run(FutureTask.java:266)
	at java.util.concurrent.Executors$RunnableAdapter.call(Executors.java:511)
	at java.util.concurrent.FutureTask.run(FutureTask.java:266)
	at java.util.concurrent.ThreadPoolExecutor.runWorker(ThreadPoolExecutor.java:1149)
	at java.util.concurrent.ThreadPoolExecutor$Worker.run(ThreadPoolExecutor.java:624)
	... 1 more
Caused by: org.apache.ratis.thirdparty.io.netty.channel.AbstractChannel$AnnotatedConnectException: Connection refused: /192.168.69.118:39205
	at sun.nio.ch.SocketChannelImpl.checkConnect(Native Method)
	at sun.nio.ch.SocketChannelImpl.finishConnect(SocketChannelImpl.java:717)
	at org.apache.ratis.thirdparty.io.netty.channel.socket.nio.NioSocketChannel.doFinishConnect(NioSocketChannel.java:327)
	at org.apache.ratis.thirdparty.io.netty.channel.nio.AbstractNioChannel$AbstractNioUnsafe.finishConnect(AbstractNioChannel.java:340)
	at org.apache.ratis.thirdparty.io.netty.channel.nio.NioEventLoop.processSelectedKey(NioEventLoop.java:632)
	at org.apache.ratis.thirdparty.io.netty.channel.nio.NioEventLoop.processSelectedKeysOptimized(NioEventLoop.java:579)
	at org.apache.ratis.thirdparty.io.netty.channel.nio.NioEventLoop.processSelectedKeys(NioEventLoop.java:496)
	at org.apache.ratis.thirdparty.io.netty.channel.nio.NioEventLoop.run(NioEventLoop.java:458)
	at org.apache.ratis.thirdparty.io.netty.util.concurrent.SingleThreadEventExecutor$5.run(SingleThreadEventExecutor.java:897)
	at org.apache.ratis.thirdparty.io.netty.util.concurrent.FastThreadLocalRunnable.run(FastThreadLocalRunnable.java:30)
	... 1 more
Caused by: java.net.ConnectException: Connection refused
	... 11 more
2019-10-23 12:13:38,281 [grpc-default-executor-4] INFO  impl.RaftServerImpl (RaftServerImpl.java:setRole(184)) - 02863277-f564-4bc6-8337-fb22627f6f1a@group-24C785E9A0FC: changes role from  FOLLOWER to FOLLOWER at term 152 for recognizeCandidate:ad4d83c7-0f96-47bc-a4e8-7e5d9f844896
2019-10-23 12:13:38,281 [grpc-default-executor-4] INFO  impl.RoleInfo (RoleInfo.java:shutdownFollowerState(121)) - 02863277-f564-4bc6-8337-fb22627f6f1a: shutdown FollowerState
2019-10-23 12:13:38,281 [grpc-default-executor-4] INFO  impl.RoleInfo (RoleInfo.java:updateAndGet(143)) - 02863277-f564-4bc6-8337-fb22627f6f1a: start FollowerState
2019-10-23 12:13:38,281 [Thread-1522] INFO  impl.FollowerState (FollowerState.java:run(117)) - 02863277-f564-4bc6-8337-fb22627f6f1a@group-24C785E9A0FC-FollowerState was interrupted: java.lang.InterruptedException: sleep interrupted
2019-10-23 12:13:38,286 [ad4d83c7-0f96-47bc-a4e8-7e5d9f844896@group-24C785E9A0FC-LeaderElection153] INFO  impl.LeaderElection (LeaderElection.java:logAndReturn(56)) - ad4d83c7-0f96-47bc-a4e8-7e5d9f844896@group-24C785E9A0FC-LeaderElection153: Election REJECTED; received 1 response(s) [ad4d83c7-0f96-47bc-a4e8-7e5d9f844896<-02863277-f564-4bc6-8337-fb22627f6f1a#0:FAIL-t152] and 1 exception(s); ad4d83c7-0f96-47bc-a4e8-7e5d9f844896@group-24C785E9A0FC:t152, leader=null, voted=ad4d83c7-0f96-47bc-a4e8-7e5d9f844896, raftlog=ad4d83c7-0f96-47bc-a4e8-7e5d9f844896@group-24C785E9A0FC-SegmentedRaftLog:OPENED:c-1,f-1,i0, conf=-1: [3b749b59-de2a-419b-9a26-261692f5c83c:192.168.69.118:39205, ad4d83c7-0f96-47bc-a4e8-7e5d9f844896:192.168.69.118:41688, 02863277-f564-4bc6-8337-fb22627f6f1a:192.168.69.118:36850], old=null
2019-10-23 12:13:38,286 [ad4d83c7-0f96-47bc-a4e8-7e5d9f844896@group-24C785E9A0FC-LeaderElection153] INFO  impl.LeaderElection (LogUtils.java:infoOrTrace(149)) -   Exception 0: {}
java.util.concurrent.ExecutionException: org.apache.ratis.thirdparty.io.grpc.StatusRuntimeException: UNAVAILABLE: io exception
	at java.util.concurrent.FutureTask.report(FutureTask.java:122)
	at java.util.concurrent.FutureTask.get(FutureTask.java:192)
	at org.apache.ratis.server.impl.LeaderElection.waitForResults(LeaderElection.java:259)
	at org.apache.ratis.server.impl.LeaderElection.askForVotes(LeaderElection.java:197)
	at org.apache.ratis.server.impl.LeaderElection.run(LeaderElection.java:133)
	at java.lang.Thread.run(Thread.java:748)
Caused by: org.apache.ratis.thirdparty.io.grpc.StatusRuntimeException: UNAVAILABLE: io exception
	at org.apache.ratis.thirdparty.io.grpc.stub.ClientCalls.toStatusRuntimeException(ClientCalls.java:233)
	at org.apache.ratis.thirdparty.io.grpc.stub.ClientCalls.getUnchecked(ClientCalls.java:214)
	at org.apache.ratis.thirdparty.io.grpc.stub.ClientCalls.blockingUnaryCall(ClientCalls.java:139)
	at org.apache.ratis.proto.grpc.RaftServerProtocolServiceGrpc$RaftServerProtocolServiceBlockingStub.requestVote(RaftServerProtocolServiceGrpc.java:265)
	at org.apache.ratis.grpc.server.GrpcServerProtocolClient.requestVote(GrpcServerProtocolClient.java:99)
	at org.apache.ratis.grpc.server.GrpcService.requestVote(GrpcService.java:204)
	at org.apache.ratis.server.impl.LeaderElection.lambda$submitRequests$1(LeaderElection.java:234)
	at java.util.concurrent.FutureTask.run(FutureTask.java:266)
	at java.util.concurrent.Executors$RunnableAdapter.call(Executors.java:511)
	at java.util.concurrent.FutureTask.run(FutureTask.java:266)
	at java.util.concurrent.ThreadPoolExecutor.runWorker(ThreadPoolExecutor.java:1149)
	at java.util.concurrent.ThreadPoolExecutor$Worker.run(ThreadPoolExecutor.java:624)
	... 1 more
Caused by: org.apache.ratis.thirdparty.io.netty.channel.AbstractChannel$AnnotatedConnectException: Connection refused: /192.168.69.118:39205
	at sun.nio.ch.SocketChannelImpl.checkConnect(Native Method)
	at sun.nio.ch.SocketChannelImpl.finishConnect(SocketChannelImpl.java:717)
	at org.apache.ratis.thirdparty.io.netty.channel.socket.nio.NioSocketChannel.doFinishConnect(NioSocketChannel.java:327)
	at org.apache.ratis.thirdparty.io.netty.channel.nio.AbstractNioChannel$AbstractNioUnsafe.finishConnect(AbstractNioChannel.java:340)
	at org.apache.ratis.thirdparty.io.netty.channel.nio.NioEventLoop.processSelectedKey(NioEventLoop.java:632)
	at org.apache.ratis.thirdparty.io.netty.channel.nio.NioEventLoop.processSelectedKeysOptimized(NioEventLoop.java:579)
	at org.apache.ratis.thirdparty.io.netty.channel.nio.NioEventLoop.processSelectedKeys(NioEventLoop.java:496)
	at org.apache.ratis.thirdparty.io.netty.channel.nio.NioEventLoop.run(NioEventLoop.java:458)
	at org.apache.ratis.thirdparty.io.netty.util.concurrent.SingleThreadEventExecutor$5.run(SingleThreadEventExecutor.java:897)
	at org.apache.ratis.thirdparty.io.netty.util.concurrent.FastThreadLocalRunnable.run(FastThreadLocalRunnable.java:30)
	... 1 more
Caused by: java.net.ConnectException: Connection refused
	... 11 more
2019-10-23 12:13:38,286 [ad4d83c7-0f96-47bc-a4e8-7e5d9f844896@group-24C785E9A0FC-LeaderElection153] INFO  impl.RaftServerImpl (RaftServerImpl.java:setRole(184)) - ad4d83c7-0f96-47bc-a4e8-7e5d9f844896@group-24C785E9A0FC: changes role from CANDIDATE to FOLLOWER at term 152 for DISCOVERED_A_NEW_TERM
2019-10-23 12:13:38,286 [ad4d83c7-0f96-47bc-a4e8-7e5d9f844896@group-24C785E9A0FC-LeaderElection153] INFO  impl.RoleInfo (RoleInfo.java:shutdownLeaderElection(134)) - ad4d83c7-0f96-47bc-a4e8-7e5d9f844896: shutdown LeaderElection
2019-10-23 12:13:38,286 [ad4d83c7-0f96-47bc-a4e8-7e5d9f844896@group-24C785E9A0FC-LeaderElection153] INFO  impl.RoleInfo (RoleInfo.java:updateAndGet(143)) - ad4d83c7-0f96-47bc-a4e8-7e5d9f844896: start FollowerState
2019-10-23 12:13:38,480 [Thread-1532] INFO  impl.FollowerState (FollowerState.java:run(108)) - ad4d83c7-0f96-47bc-a4e8-7e5d9f844896@group-24C785E9A0FC-FollowerState: change to CANDIDATE, lastRpcTime:193ms, electionTimeout:193ms
2019-10-23 12:13:38,480 [Thread-1532] INFO  impl.RoleInfo (RoleInfo.java:shutdownFollowerState(121)) - ad4d83c7-0f96-47bc-a4e8-7e5d9f844896: shutdown FollowerState
2019-10-23 12:13:38,480 [Thread-1532] INFO  impl.RaftServerImpl (RaftServerImpl.java:setRole(184)) - ad4d83c7-0f96-47bc-a4e8-7e5d9f844896@group-24C785E9A0FC: changes role from  FOLLOWER to CANDIDATE at term 152 for changeToCandidate
2019-10-23 12:13:38,480 [Thread-1532] INFO  impl.RoleInfo (RoleInfo.java:updateAndGet(143)) - ad4d83c7-0f96-47bc-a4e8-7e5d9f844896: start LeaderElection
2019-10-23 12:13:38,494 [ad4d83c7-0f96-47bc-a4e8-7e5d9f844896@group-24C785E9A0FC-LeaderElection154] INFO  impl.LeaderElection (LeaderElection.java:askForVotes(178)) - ad4d83c7-0f96-47bc-a4e8-7e5d9f844896@group-24C785E9A0FC-LeaderElection154: begin an election at term 153 for -1: [3b749b59-de2a-419b-9a26-261692f5c83c:192.168.69.118:39205, ad4d83c7-0f96-47bc-a4e8-7e5d9f844896:192.168.69.118:41688, 02863277-f564-4bc6-8337-fb22627f6f1a:192.168.69.118:36850], old=null
2019-10-23 12:13:38,496 [ad4d83c7-0f96-47bc-a4e8-7e5d9f844896@group-24C785E9A0FC-LeaderElection154] INFO  impl.LeaderElection (LogUtils.java:infoOrTrace(149)) - ad4d83c7-0f96-47bc-a4e8-7e5d9f844896@group-24C785E9A0FC-LeaderElection154 got exception when requesting votes: {}
java.util.concurrent.ExecutionException: org.apache.ratis.thirdparty.io.grpc.StatusRuntimeException: UNAVAILABLE: io exception
	at java.util.concurrent.FutureTask.report(FutureTask.java:122)
	at java.util.concurrent.FutureTask.get(FutureTask.java:192)
	at org.apache.ratis.server.impl.LeaderElection.waitForResults(LeaderElection.java:259)
	at org.apache.ratis.server.impl.LeaderElection.askForVotes(LeaderElection.java:197)
	at org.apache.ratis.server.impl.LeaderElection.run(LeaderElection.java:133)
	at java.lang.Thread.run(Thread.java:748)
Caused by: org.apache.ratis.thirdparty.io.grpc.StatusRuntimeException: UNAVAILABLE: io exception
	at org.apache.ratis.thirdparty.io.grpc.stub.ClientCalls.toStatusRuntimeException(ClientCalls.java:233)
	at org.apache.ratis.thirdparty.io.grpc.stub.ClientCalls.getUnchecked(ClientCalls.java:214)
	at org.apache.ratis.thirdparty.io.grpc.stub.ClientCalls.blockingUnaryCall(ClientCalls.java:139)
	at org.apache.ratis.proto.grpc.RaftServerProtocolServiceGrpc$RaftServerProtocolServiceBlockingStub.requestVote(RaftServerProtocolServiceGrpc.java:265)
	at org.apache.ratis.grpc.server.GrpcServerProtocolClient.requestVote(GrpcServerProtocolClient.java:99)
	at org.apache.ratis.grpc.server.GrpcService.requestVote(GrpcService.java:204)
	at org.apache.ratis.server.impl.LeaderElection.lambda$submitRequests$1(LeaderElection.java:234)
	at java.util.concurrent.FutureTask.run(FutureTask.java:266)
	at java.util.concurrent.Executors$RunnableAdapter.call(Executors.java:511)
	at java.util.concurrent.FutureTask.run(FutureTask.java:266)
	at java.util.concurrent.ThreadPoolExecutor.runWorker(ThreadPoolExecutor.java:1149)
	at java.util.concurrent.ThreadPoolExecutor$Worker.run(ThreadPoolExecutor.java:624)
	... 1 more
Caused by: org.apache.ratis.thirdparty.io.netty.channel.AbstractChannel$AnnotatedConnectException: Connection refused: /192.168.69.118:39205
	at sun.nio.ch.SocketChannelImpl.checkConnect(Native Method)
	at sun.nio.ch.SocketChannelImpl.finishConnect(SocketChannelImpl.java:717)
	at org.apache.ratis.thirdparty.io.netty.channel.socket.nio.NioSocketChannel.doFinishConnect(NioSocketChannel.java:327)
	at org.apache.ratis.thirdparty.io.netty.channel.nio.AbstractNioChannel$AbstractNioUnsafe.finishConnect(AbstractNioChannel.java:340)
	at org.apache.ratis.thirdparty.io.netty.channel.nio.NioEventLoop.processSelectedKey(NioEventLoop.java:632)
	at org.apache.ratis.thirdparty.io.netty.channel.nio.NioEventLoop.processSelectedKeysOptimized(NioEventLoop.java:579)
	at org.apache.ratis.thirdparty.io.netty.channel.nio.NioEventLoop.processSelectedKeys(NioEventLoop.java:496)
	at org.apache.ratis.thirdparty.io.netty.channel.nio.NioEventLoop.run(NioEventLoop.java:458)
	at org.apache.ratis.thirdparty.io.netty.util.concurrent.SingleThreadEventExecutor$5.run(SingleThreadEventExecutor.java:897)
	at org.apache.ratis.thirdparty.io.netty.util.concurrent.FastThreadLocalRunnable.run(FastThreadLocalRunnable.java:30)
	... 1 more
Caused by: java.net.ConnectException: Connection refused
	... 11 more
2019-10-23 12:13:38,501 [grpc-default-executor-4] INFO  impl.RaftServerImpl (RaftServerImpl.java:setRole(184)) - 02863277-f564-4bc6-8337-fb22627f6f1a@group-24C785E9A0FC: changes role from  FOLLOWER to FOLLOWER at term 153 for recognizeCandidate:ad4d83c7-0f96-47bc-a4e8-7e5d9f844896
2019-10-23 12:13:38,502 [grpc-default-executor-4] INFO  impl.RoleInfo (RoleInfo.java:shutdownFollowerState(121)) - 02863277-f564-4bc6-8337-fb22627f6f1a: shutdown FollowerState
2019-10-23 12:13:38,502 [grpc-default-executor-4] INFO  impl.RoleInfo (RoleInfo.java:updateAndGet(143)) - 02863277-f564-4bc6-8337-fb22627f6f1a: start FollowerState
2019-10-23 12:13:38,502 [Thread-1531] INFO  impl.FollowerState (FollowerState.java:run(117)) - 02863277-f564-4bc6-8337-fb22627f6f1a@group-24C785E9A0FC-FollowerState was interrupted: java.lang.InterruptedException: sleep interrupted
2019-10-23 12:13:38,516 [ad4d83c7-0f96-47bc-a4e8-7e5d9f844896@group-24C785E9A0FC-LeaderElection154] INFO  impl.LeaderElection (LeaderElection.java:logAndReturn(56)) - ad4d83c7-0f96-47bc-a4e8-7e5d9f844896@group-24C785E9A0FC-LeaderElection154: Election REJECTED; received 1 response(s) [ad4d83c7-0f96-47bc-a4e8-7e5d9f844896<-02863277-f564-4bc6-8337-fb22627f6f1a#0:FAIL-t153] and 1 exception(s); ad4d83c7-0f96-47bc-a4e8-7e5d9f844896@group-24C785E9A0FC:t153, leader=null, voted=ad4d83c7-0f96-47bc-a4e8-7e5d9f844896, raftlog=ad4d83c7-0f96-47bc-a4e8-7e5d9f844896@group-24C785E9A0FC-SegmentedRaftLog:OPENED:c-1,f-1,i0, conf=-1: [3b749b59-de2a-419b-9a26-261692f5c83c:192.168.69.118:39205, ad4d83c7-0f96-47bc-a4e8-7e5d9f844896:192.168.69.118:41688, 02863277-f564-4bc6-8337-fb22627f6f1a:192.168.69.118:36850], old=null
2019-10-23 12:13:38,516 [ad4d83c7-0f96-47bc-a4e8-7e5d9f844896@group-24C785E9A0FC-LeaderElection154] INFO  impl.LeaderElection (LogUtils.java:infoOrTrace(149)) -   Exception 0: {}
java.util.concurrent.ExecutionException: org.apache.ratis.thirdparty.io.grpc.StatusRuntimeException: UNAVAILABLE: io exception
	at java.util.concurrent.FutureTask.report(FutureTask.java:122)
	at java.util.concurrent.FutureTask.get(FutureTask.java:192)
	at org.apache.ratis.server.impl.LeaderElection.waitForResults(LeaderElection.java:259)
	at org.apache.ratis.server.impl.LeaderElection.askForVotes(LeaderElection.java:197)
	at org.apache.ratis.server.impl.LeaderElection.run(LeaderElection.java:133)
	at java.lang.Thread.run(Thread.java:748)
Caused by: org.apache.ratis.thirdparty.io.grpc.StatusRuntimeException: UNAVAILABLE: io exception
	at org.apache.ratis.thirdparty.io.grpc.stub.ClientCalls.toStatusRuntimeException(ClientCalls.java:233)
	at org.apache.ratis.thirdparty.io.grpc.stub.ClientCalls.getUnchecked(ClientCalls.java:214)
	at org.apache.ratis.thirdparty.io.grpc.stub.ClientCalls.blockingUnaryCall(ClientCalls.java:139)
	at org.apache.ratis.proto.grpc.RaftServerProtocolServiceGrpc$RaftServerProtocolServiceBlockingStub.requestVote(RaftServerProtocolServiceGrpc.java:265)
	at org.apache.ratis.grpc.server.GrpcServerProtocolClient.requestVote(GrpcServerProtocolClient.java:99)
	at org.apache.ratis.grpc.server.GrpcService.requestVote(GrpcService.java:204)
	at org.apache.ratis.server.impl.LeaderElection.lambda$submitRequests$1(LeaderElection.java:234)
	at java.util.concurrent.FutureTask.run(FutureTask.java:266)
	at java.util.concurrent.Executors$RunnableAdapter.call(Executors.java:511)
	at java.util.concurrent.FutureTask.run(FutureTask.java:266)
	at java.util.concurrent.ThreadPoolExecutor.runWorker(ThreadPoolExecutor.java:1149)
	at java.util.concurrent.ThreadPoolExecutor$Worker.run(ThreadPoolExecutor.java:624)
	... 1 more
Caused by: org.apache.ratis.thirdparty.io.netty.channel.AbstractChannel$AnnotatedConnectException: Connection refused: /192.168.69.118:39205
	at sun.nio.ch.SocketChannelImpl.checkConnect(Native Method)
	at sun.nio.ch.SocketChannelImpl.finishConnect(SocketChannelImpl.java:717)
	at org.apache.ratis.thirdparty.io.netty.channel.socket.nio.NioSocketChannel.doFinishConnect(NioSocketChannel.java:327)
	at org.apache.ratis.thirdparty.io.netty.channel.nio.AbstractNioChannel$AbstractNioUnsafe.finishConnect(AbstractNioChannel.java:340)
	at org.apache.ratis.thirdparty.io.netty.channel.nio.NioEventLoop.processSelectedKey(NioEventLoop.java:632)
	at org.apache.ratis.thirdparty.io.netty.channel.nio.NioEventLoop.processSelectedKeysOptimized(NioEventLoop.java:579)
	at org.apache.ratis.thirdparty.io.netty.channel.nio.NioEventLoop.processSelectedKeys(NioEventLoop.java:496)
	at org.apache.ratis.thirdparty.io.netty.channel.nio.NioEventLoop.run(NioEventLoop.java:458)
	at org.apache.ratis.thirdparty.io.netty.util.concurrent.SingleThreadEventExecutor$5.run(SingleThreadEventExecutor.java:897)
	at org.apache.ratis.thirdparty.io.netty.util.concurrent.FastThreadLocalRunnable.run(FastThreadLocalRunnable.java:30)
	... 1 more
Caused by: java.net.ConnectException: Connection refused
	... 11 more
2019-10-23 12:13:38,517 [ad4d83c7-0f96-47bc-a4e8-7e5d9f844896@group-24C785E9A0FC-LeaderElection154] INFO  impl.RaftServerImpl (RaftServerImpl.java:setRole(184)) - ad4d83c7-0f96-47bc-a4e8-7e5d9f844896@group-24C785E9A0FC: changes role from CANDIDATE to FOLLOWER at term 153 for DISCOVERED_A_NEW_TERM
2019-10-23 12:13:38,517 [ad4d83c7-0f96-47bc-a4e8-7e5d9f844896@group-24C785E9A0FC-LeaderElection154] INFO  impl.RoleInfo (RoleInfo.java:shutdownLeaderElection(134)) - ad4d83c7-0f96-47bc-a4e8-7e5d9f844896: shutdown LeaderElection
2019-10-23 12:13:38,517 [ad4d83c7-0f96-47bc-a4e8-7e5d9f844896@group-24C785E9A0FC-LeaderElection154] INFO  impl.RoleInfo (RoleInfo.java:updateAndGet(143)) - ad4d83c7-0f96-47bc-a4e8-7e5d9f844896: start FollowerState
2019-10-23 12:13:38,670 [Thread-1537] INFO  impl.FollowerState (FollowerState.java:run(108)) - ad4d83c7-0f96-47bc-a4e8-7e5d9f844896@group-24C785E9A0FC-FollowerState: change to CANDIDATE, lastRpcTime:153ms, electionTimeout:153ms
2019-10-23 12:13:38,671 [Thread-1537] INFO  impl.RoleInfo (RoleInfo.java:shutdownFollowerState(121)) - ad4d83c7-0f96-47bc-a4e8-7e5d9f844896: shutdown FollowerState
2019-10-23 12:13:38,671 [Thread-1537] INFO  impl.RaftServerImpl (RaftServerImpl.java:setRole(184)) - ad4d83c7-0f96-47bc-a4e8-7e5d9f844896@group-24C785E9A0FC: changes role from  FOLLOWER to CANDIDATE at term 153 for changeToCandidate
2019-10-23 12:13:38,671 [Thread-1537] INFO  impl.RoleInfo (RoleInfo.java:updateAndGet(143)) - ad4d83c7-0f96-47bc-a4e8-7e5d9f844896: start LeaderElection
2019-10-23 12:13:38,685 [ad4d83c7-0f96-47bc-a4e8-7e5d9f844896@group-24C785E9A0FC-LeaderElection155] INFO  impl.LeaderElection (LeaderElection.java:askForVotes(178)) - ad4d83c7-0f96-47bc-a4e8-7e5d9f844896@group-24C785E9A0FC-LeaderElection155: begin an election at term 154 for -1: [3b749b59-de2a-419b-9a26-261692f5c83c:192.168.69.118:39205, ad4d83c7-0f96-47bc-a4e8-7e5d9f844896:192.168.69.118:41688, 02863277-f564-4bc6-8337-fb22627f6f1a:192.168.69.118:36850], old=null
2019-10-23 12:13:38,686 [ad4d83c7-0f96-47bc-a4e8-7e5d9f844896@group-24C785E9A0FC-LeaderElection155] INFO  impl.LeaderElection (LogUtils.java:infoOrTrace(149)) - ad4d83c7-0f96-47bc-a4e8-7e5d9f844896@group-24C785E9A0FC-LeaderElection155 got exception when requesting votes: {}
java.util.concurrent.ExecutionException: org.apache.ratis.thirdparty.io.grpc.StatusRuntimeException: UNAVAILABLE: io exception
	at java.util.concurrent.FutureTask.report(FutureTask.java:122)
	at java.util.concurrent.FutureTask.get(FutureTask.java:192)
	at org.apache.ratis.server.impl.LeaderElection.waitForResults(LeaderElection.java:259)
	at org.apache.ratis.server.impl.LeaderElection.askForVotes(LeaderElection.java:197)
	at org.apache.ratis.server.impl.LeaderElection.run(LeaderElection.java:133)
	at java.lang.Thread.run(Thread.java:748)
Caused by: org.apache.ratis.thirdparty.io.grpc.StatusRuntimeException: UNAVAILABLE: io exception
	at org.apache.ratis.thirdparty.io.grpc.stub.ClientCalls.toStatusRuntimeException(ClientCalls.java:233)
	at org.apache.ratis.thirdparty.io.grpc.stub.ClientCalls.getUnchecked(ClientCalls.java:214)
	at org.apache.ratis.thirdparty.io.grpc.stub.ClientCalls.blockingUnaryCall(ClientCalls.java:139)
	at org.apache.ratis.proto.grpc.RaftServerProtocolServiceGrpc$RaftServerProtocolServiceBlockingStub.requestVote(RaftServerProtocolServiceGrpc.java:265)
	at org.apache.ratis.grpc.server.GrpcServerProtocolClient.requestVote(GrpcServerProtocolClient.java:99)
	at org.apache.ratis.grpc.server.GrpcService.requestVote(GrpcService.java:204)
	at org.apache.ratis.server.impl.LeaderElection.lambda$submitRequests$1(LeaderElection.java:234)
	at java.util.concurrent.FutureTask.run(FutureTask.java:266)
	at java.util.concurrent.Executors$RunnableAdapter.call(Executors.java:511)
	at java.util.concurrent.FutureTask.run(FutureTask.java:266)
	at java.util.concurrent.ThreadPoolExecutor.runWorker(ThreadPoolExecutor.java:1149)
	at java.util.concurrent.ThreadPoolExecutor$Worker.run(ThreadPoolExecutor.java:624)
	... 1 more
Caused by: org.apache.ratis.thirdparty.io.netty.channel.AbstractChannel$AnnotatedConnectException: Connection refused: /192.168.69.118:39205
	at sun.nio.ch.SocketChannelImpl.checkConnect(Native Method)
	at sun.nio.ch.SocketChannelImpl.finishConnect(SocketChannelImpl.java:717)
	at org.apache.ratis.thirdparty.io.netty.channel.socket.nio.NioSocketChannel.doFinishConnect(NioSocketChannel.java:327)
	at org.apache.ratis.thirdparty.io.netty.channel.nio.AbstractNioChannel$AbstractNioUnsafe.finishConnect(AbstractNioChannel.java:340)
	at org.apache.ratis.thirdparty.io.netty.channel.nio.NioEventLoop.processSelectedKey(NioEventLoop.java:632)
	at org.apache.ratis.thirdparty.io.netty.channel.nio.NioEventLoop.processSelectedKeysOptimized(NioEventLoop.java:579)
	at org.apache.ratis.thirdparty.io.netty.channel.nio.NioEventLoop.processSelectedKeys(NioEventLoop.java:496)
	at org.apache.ratis.thirdparty.io.netty.channel.nio.NioEventLoop.run(NioEventLoop.java:458)
	at org.apache.ratis.thirdparty.io.netty.util.concurrent.SingleThreadEventExecutor$5.run(SingleThreadEventExecutor.java:897)
	at org.apache.ratis.thirdparty.io.netty.util.concurrent.FastThreadLocalRunnable.run(FastThreadLocalRunnable.java:30)
	... 1 more
Caused by: java.net.ConnectException: Connection refused
	... 11 more
2019-10-23 12:13:38,690 [grpc-default-executor-5] INFO  impl.RaftServerImpl (RaftServerImpl.java:setRole(184)) - 02863277-f564-4bc6-8337-fb22627f6f1a@group-24C785E9A0FC: changes role from  FOLLOWER to FOLLOWER at term 154 for recognizeCandidate:ad4d83c7-0f96-47bc-a4e8-7e5d9f844896
2019-10-23 12:13:38,690 [grpc-default-executor-5] INFO  impl.RoleInfo (RoleInfo.java:shutdownFollowerState(121)) - 02863277-f564-4bc6-8337-fb22627f6f1a: shutdown FollowerState
2019-10-23 12:13:38,690 [grpc-default-executor-5] INFO  impl.RoleInfo (RoleInfo.java:updateAndGet(143)) - 02863277-f564-4bc6-8337-fb22627f6f1a: start FollowerState
2019-10-23 12:13:38,690 [Thread-1536] INFO  impl.FollowerState (FollowerState.java:run(117)) - 02863277-f564-4bc6-8337-fb22627f6f1a@group-24C785E9A0FC-FollowerState was interrupted: java.lang.InterruptedException: sleep interrupted
2019-10-23 12:13:38,698 [ad4d83c7-0f96-47bc-a4e8-7e5d9f844896@group-24C785E9A0FC-LeaderElection155] INFO  impl.LeaderElection (LeaderElection.java:logAndReturn(56)) - ad4d83c7-0f96-47bc-a4e8-7e5d9f844896@group-24C785E9A0FC-LeaderElection155: Election REJECTED; received 1 response(s) [ad4d83c7-0f96-47bc-a4e8-7e5d9f844896<-02863277-f564-4bc6-8337-fb22627f6f1a#0:FAIL-t154] and 1 exception(s); ad4d83c7-0f96-47bc-a4e8-7e5d9f844896@group-24C785E9A0FC:t154, leader=null, voted=ad4d83c7-0f96-47bc-a4e8-7e5d9f844896, raftlog=ad4d83c7-0f96-47bc-a4e8-7e5d9f844896@group-24C785E9A0FC-SegmentedRaftLog:OPENED:c-1,f-1,i0, conf=-1: [3b749b59-de2a-419b-9a26-261692f5c83c:192.168.69.118:39205, ad4d83c7-0f96-47bc-a4e8-7e5d9f844896:192.168.69.118:41688, 02863277-f564-4bc6-8337-fb22627f6f1a:192.168.69.118:36850], old=null
2019-10-23 12:13:38,698 [ad4d83c7-0f96-47bc-a4e8-7e5d9f844896@group-24C785E9A0FC-LeaderElection155] INFO  impl.LeaderElection (LogUtils.java:infoOrTrace(149)) -   Exception 0: {}
java.util.concurrent.ExecutionException: org.apache.ratis.thirdparty.io.grpc.StatusRuntimeException: UNAVAILABLE: io exception
	at java.util.concurrent.FutureTask.report(FutureTask.java:122)
	at java.util.concurrent.FutureTask.get(FutureTask.java:192)
	at org.apache.ratis.server.impl.LeaderElection.waitForResults(LeaderElection.java:259)
	at org.apache.ratis.server.impl.LeaderElection.askForVotes(LeaderElection.java:197)
	at org.apache.ratis.server.impl.LeaderElection.run(LeaderElection.java:133)
	at java.lang.Thread.run(Thread.java:748)
Caused by: org.apache.ratis.thirdparty.io.grpc.StatusRuntimeException: UNAVAILABLE: io exception
	at org.apache.ratis.thirdparty.io.grpc.stub.ClientCalls.toStatusRuntimeException(ClientCalls.java:233)
	at org.apache.ratis.thirdparty.io.grpc.stub.ClientCalls.getUnchecked(ClientCalls.java:214)
	at org.apache.ratis.thirdparty.io.grpc.stub.ClientCalls.blockingUnaryCall(ClientCalls.java:139)
	at org.apache.ratis.proto.grpc.RaftServerProtocolServiceGrpc$RaftServerProtocolServiceBlockingStub.requestVote(RaftServerProtocolServiceGrpc.java:265)
	at org.apache.ratis.grpc.server.GrpcServerProtocolClient.requestVote(GrpcServerProtocolClient.java:99)
	at org.apache.ratis.grpc.server.GrpcService.requestVote(GrpcService.java:204)
	at org.apache.ratis.server.impl.LeaderElection.lambda$submitRequests$1(LeaderElection.java:234)
	at java.util.concurrent.FutureTask.run(FutureTask.java:266)
	at java.util.concurrent.Executors$RunnableAdapter.call(Executors.java:511)
	at java.util.concurrent.FutureTask.run(FutureTask.java:266)
	at java.util.concurrent.ThreadPoolExecutor.runWorker(ThreadPoolExecutor.java:1149)
	at java.util.concurrent.ThreadPoolExecutor$Worker.run(ThreadPoolExecutor.java:624)
	... 1 more
Caused by: org.apache.ratis.thirdparty.io.netty.channel.AbstractChannel$AnnotatedConnectException: Connection refused: /192.168.69.118:39205
	at sun.nio.ch.SocketChannelImpl.checkConnect(Native Method)
	at sun.nio.ch.SocketChannelImpl.finishConnect(SocketChannelImpl.java:717)
	at org.apache.ratis.thirdparty.io.netty.channel.socket.nio.NioSocketChannel.doFinishConnect(NioSocketChannel.java:327)
	at org.apache.ratis.thirdparty.io.netty.channel.nio.AbstractNioChannel$AbstractNioUnsafe.finishConnect(AbstractNioChannel.java:340)
	at org.apache.ratis.thirdparty.io.netty.channel.nio.NioEventLoop.processSelectedKey(NioEventLoop.java:632)
	at org.apache.ratis.thirdparty.io.netty.channel.nio.NioEventLoop.processSelectedKeysOptimized(NioEventLoop.java:579)
	at org.apache.ratis.thirdparty.io.netty.channel.nio.NioEventLoop.processSelectedKeys(NioEventLoop.java:496)
	at org.apache.ratis.thirdparty.io.netty.channel.nio.NioEventLoop.run(NioEventLoop.java:458)
	at org.apache.ratis.thirdparty.io.netty.util.concurrent.SingleThreadEventExecutor$5.run(SingleThreadEventExecutor.java:897)
	at org.apache.ratis.thirdparty.io.netty.util.concurrent.FastThreadLocalRunnable.run(FastThreadLocalRunnable.java:30)
	... 1 more
Caused by: java.net.ConnectException: Connection refused
	... 11 more
2019-10-23 12:13:38,698 [ad4d83c7-0f96-47bc-a4e8-7e5d9f844896@group-24C785E9A0FC-LeaderElection155] INFO  impl.RaftServerImpl (RaftServerImpl.java:setRole(184)) - ad4d83c7-0f96-47bc-a4e8-7e5d9f844896@group-24C785E9A0FC: changes role from CANDIDATE to FOLLOWER at term 154 for DISCOVERED_A_NEW_TERM
2019-10-23 12:13:38,698 [ad4d83c7-0f96-47bc-a4e8-7e5d9f844896@group-24C785E9A0FC-LeaderElection155] INFO  impl.RoleInfo (RoleInfo.java:shutdownLeaderElection(134)) - ad4d83c7-0f96-47bc-a4e8-7e5d9f844896: shutdown LeaderElection
2019-10-23 12:13:38,699 [ad4d83c7-0f96-47bc-a4e8-7e5d9f844896@group-24C785E9A0FC-LeaderElection155] INFO  impl.RoleInfo (RoleInfo.java:updateAndGet(143)) - ad4d83c7-0f96-47bc-a4e8-7e5d9f844896: start FollowerState
2019-10-23 12:13:38,811 [main] INFO  ozoneimpl.OzoneContainer (OzoneContainer.java:stop(227)) - Attempting to stop container services.
2019-10-23 12:13:38,812 [ForkJoinPool.commonPool-worker-0] INFO  ozoneimpl.OzoneContainer (OzoneContainer.java:stop(227)) - Attempting to stop container services.
2019-10-23 12:13:38,812 [main] INFO  impl.RaftServerProxy (RaftServerProxy.java:lambda$close$4(314)) - 736d60a2-feff-478b-9de2-63399c9845c9: close
2019-10-23 12:13:38,812 [ForkJoinPool.commonPool-worker-0] INFO  impl.RaftServerProxy (RaftServerProxy.java:lambda$close$4(314)) - d21719ef-fad3-4f0e-b494-842eeedea460: close
2019-10-23 12:13:38,812 [main] INFO  impl.RaftServerImpl (RaftServerImpl.java:lambda$shutdown$3(261)) - 736d60a2-feff-478b-9de2-63399c9845c9@group-55CA4A6792A0: shutdown
2019-10-23 12:13:38,813 [ForkJoinPool.commonPool-worker-0] INFO  impl.RaftServerImpl (RaftServerImpl.java:lambda$shutdown$3(261)) - d21719ef-fad3-4f0e-b494-842eeedea460@group-55CA4A6792A0: shutdown
2019-10-23 12:13:38,813 [main] INFO  util.JmxRegister (JmxRegister.java:unregister(73)) - Successfully un-registered JMX Bean with object name Ratis:service=RaftServer,group=group-55CA4A6792A0,id=736d60a2-feff-478b-9de2-63399c9845c9
2019-10-23 12:13:38,813 [ForkJoinPool.commonPool-worker-0] INFO  util.JmxRegister (JmxRegister.java:unregister(73)) - Successfully un-registered JMX Bean with object name Ratis:service=RaftServer,group=group-55CA4A6792A0,id=d21719ef-fad3-4f0e-b494-842eeedea460
2019-10-23 12:13:38,813 [main] INFO  impl.RoleInfo (RoleInfo.java:shutdownFollowerState(121)) - 736d60a2-feff-478b-9de2-63399c9845c9: shutdown FollowerState
2019-10-23 12:13:38,814 [ForkJoinPool.commonPool-worker-0] INFO  impl.RoleInfo (RoleInfo.java:shutdownLeaderState(104)) - d21719ef-fad3-4f0e-b494-842eeedea460: shutdown LeaderState
2019-10-23 12:13:38,814 [main] INFO  impl.StateMachineUpdater (StateMachineUpdater.java:stopAndJoin(136)) - 736d60a2-feff-478b-9de2-63399c9845c9@group-55CA4A6792A0-StateMachineUpdater: set stopIndex = 15
2019-10-23 12:13:38,814 [Thread-443] INFO  impl.FollowerState (FollowerState.java:run(117)) - 736d60a2-feff-478b-9de2-63399c9845c9@group-55CA4A6792A0-FollowerState was interrupted: java.lang.InterruptedException: sleep interrupted
2019-10-23 12:13:38,819 [org.apache.ratis.server.impl.LogAppender$AppenderDaemon$$Lambda$429/155081647@1f9b994e] WARN  server.GrpcLogAppender (GrpcLogAppender.java:mayWait(149)) - d21719ef-fad3-4f0e-b494-842eeedea460@group-55CA4A6792A0->736d60a2-feff-478b-9de2-63399c9845c9-GrpcLogAppender: Wait interrupted by java.lang.InterruptedException
2019-10-23 12:13:38,817 [736d60a2-feff-478b-9de2-63399c9845c9@group-55CA4A6792A0-StateMachineUpdater] INFO  ratis.ContainerStateMachine (ContainerStateMachine.java:takeSnapshot(294)) - group-55CA4A6792A0: Taking a snapshot at:(t:5, i:11) file /workdir/hadoop-ozone/integration-test/target/test-dir/MiniOzoneClusterImpl-f0805996-b414-4d96-aefa-ea3288852db6/datanode-6/data/ratis/463d6cb1-c5cc-4ba0-afed-55ca4a6792a0/sm/snapshot.5_11
2019-10-23 12:13:38,819 [ForkJoinPool.commonPool-worker-0] INFO  impl.PendingRequests (PendingRequests.java:sendNotLeaderResponses(202)) - d21719ef-fad3-4f0e-b494-842eeedea460@group-55CA4A6792A0-PendingRequests: sendNotLeaderResponses
2019-10-23 12:13:38,819 [org.apache.ratis.server.impl.LogAppender$AppenderDaemon$$Lambda$429/155081647@2ece6256] WARN  server.GrpcLogAppender (GrpcLogAppender.java:mayWait(149)) - d21719ef-fad3-4f0e-b494-842eeedea460@group-55CA4A6792A0->4949cace-0585-430c-97a7-3db1e354cdac-GrpcLogAppender: Wait interrupted by java.lang.InterruptedException
2019-10-23 12:13:38,820 [grpc-default-executor-4] INFO  server.GrpcServerProtocolService (GrpcServerProtocolService.java:onCompleted(113)) - 736d60a2-feff-478b-9de2-63399c9845c9: Completed APPEND_ENTRIES, lastRequest: d21719ef-fad3-4f0e-b494-842eeedea460->736d60a2-feff-478b-9de2-63399c9845c9#56-t5, previous=(t:5, i:15), leaderCommit=15, initializing? false, entries: <empty>
2019-10-23 12:13:38,825 [grpc-default-executor-5] INFO  server.GrpcServerProtocolService (GrpcServerProtocolService.java:onCompleted(113)) - 4949cace-0585-430c-97a7-3db1e354cdac: Completed APPEND_ENTRIES, lastRequest: d21719ef-fad3-4f0e-b494-842eeedea460->4949cace-0585-430c-97a7-3db1e354cdac#56-t5, previous=(t:5, i:15), leaderCommit=15, initializing? false, entries: <empty>
2019-10-23 12:13:38,825 [ForkJoinPool.commonPool-worker-0] INFO  impl.StateMachineUpdater (StateMachineUpdater.java:stopAndJoin(136)) - d21719ef-fad3-4f0e-b494-842eeedea460@group-55CA4A6792A0-StateMachineUpdater: set stopIndex = 15
2019-10-23 12:13:38,825 [d21719ef-fad3-4f0e-b494-842eeedea460@group-55CA4A6792A0-StateMachineUpdater] INFO  ratis.ContainerStateMachine (ContainerStateMachine.java:takeSnapshot(294)) - group-55CA4A6792A0: Taking a snapshot at:(t:5, i:13) file /workdir/hadoop-ozone/integration-test/target/test-dir/MiniOzoneClusterImpl-f0805996-b414-4d96-aefa-ea3288852db6/datanode-3/data/ratis/463d6cb1-c5cc-4ba0-afed-55ca4a6792a0/sm/snapshot.5_13
2019-10-23 12:13:38,825 [grpc-default-executor-5] INFO  server.GrpcLogAppender (GrpcLogAppender.java:onCompleted(308)) - d21719ef-fad3-4f0e-b494-842eeedea460@group-55CA4A6792A0->736d60a2-feff-478b-9de2-63399c9845c9-AppendLogResponseHandler: follower responses appendEntries COMPLETED
2019-10-23 12:13:38,827 [grpc-default-executor-4] INFO  server.GrpcLogAppender (GrpcLogAppender.java:onCompleted(308)) - d21719ef-fad3-4f0e-b494-842eeedea460@group-55CA4A6792A0->4949cace-0585-430c-97a7-3db1e354cdac-AppendLogResponseHandler: follower responses appendEntries COMPLETED
2019-10-23 12:13:38,840 [grpc-default-executor-5] INFO  impl.FollowerInfo (FollowerInfo.java:lambda$new$0(51)) - d21719ef-fad3-4f0e-b494-842eeedea460@group-55CA4A6792A0->736d60a2-feff-478b-9de2-63399c9845c9: nextIndex: updateUnconditionally 16 -> 15
2019-10-23 12:13:38,847 [grpc-default-executor-4] INFO  impl.FollowerInfo (FollowerInfo.java:lambda$new$0(51)) - d21719ef-fad3-4f0e-b494-842eeedea460@group-55CA4A6792A0->4949cace-0585-430c-97a7-3db1e354cdac: nextIndex: updateUnconditionally 16 -> 15
2019-10-23 12:13:38,873 [736d60a2-feff-478b-9de2-63399c9845c9@group-55CA4A6792A0-StateMachineUpdater] INFO  ratis.ContainerStateMachine (ContainerStateMachine.java:takeSnapshot(305)) - group-55CA4A6792A0: Finished taking a snapshot at:(t:5, i:11) file:/workdir/hadoop-ozone/integration-test/target/test-dir/MiniOzoneClusterImpl-f0805996-b414-4d96-aefa-ea3288852db6/datanode-6/data/ratis/463d6cb1-c5cc-4ba0-afed-55ca4a6792a0/sm/snapshot.5_11 time:58
2019-10-23 12:13:38,873 [d21719ef-fad3-4f0e-b494-842eeedea460@group-55CA4A6792A0-StateMachineUpdater] INFO  ratis.ContainerStateMachine (ContainerStateMachine.java:takeSnapshot(305)) - group-55CA4A6792A0: Finished taking a snapshot at:(t:5, i:13) file:/workdir/hadoop-ozone/integration-test/target/test-dir/MiniOzoneClusterImpl-f0805996-b414-4d96-aefa-ea3288852db6/datanode-3/data/ratis/463d6cb1-c5cc-4ba0-afed-55ca4a6792a0/sm/snapshot.5_13 time:48
2019-10-23 12:13:38,874 [736d60a2-feff-478b-9de2-63399c9845c9@group-55CA4A6792A0-StateMachineUpdater] INFO  impl.StateMachineUpdater (StateMachineUpdater.java:takeSnapshot(269)) - 736d60a2-feff-478b-9de2-63399c9845c9@group-55CA4A6792A0-StateMachineUpdater: Took a snapshot at index 11
2019-10-23 12:13:38,874 [d21719ef-fad3-4f0e-b494-842eeedea460@group-55CA4A6792A0-StateMachineUpdater] INFO  impl.StateMachineUpdater (StateMachineUpdater.java:takeSnapshot(269)) - d21719ef-fad3-4f0e-b494-842eeedea460@group-55CA4A6792A0-StateMachineUpdater: Took a snapshot at index 13
2019-10-23 12:13:38,874 [736d60a2-feff-478b-9de2-63399c9845c9@group-55CA4A6792A0-StateMachineUpdater] INFO  impl.StateMachineUpdater (StateMachineUpdater.java:lambda$new$0(84)) - 736d60a2-feff-478b-9de2-63399c9845c9@group-55CA4A6792A0-StateMachineUpdater: snapshotIndex: updateIncreasingly -1 -> 11
2019-10-23 12:13:38,874 [d21719ef-fad3-4f0e-b494-842eeedea460@group-55CA4A6792A0-StateMachineUpdater] INFO  impl.StateMachineUpdater (StateMachineUpdater.java:lambda$new$0(84)) - d21719ef-fad3-4f0e-b494-842eeedea460@group-55CA4A6792A0-StateMachineUpdater: snapshotIndex: updateIncreasingly -1 -> 13
2019-10-23 12:13:38,879 [d21719ef-fad3-4f0e-b494-842eeedea460@group-55CA4A6792A0-StateMachineUpdater] INFO  ratis.ContainerStateMachine (ContainerStateMachine.java:takeSnapshot(294)) - group-55CA4A6792A0: Taking a snapshot at:(t:5, i:13) file /workdir/hadoop-ozone/integration-test/target/test-dir/MiniOzoneClusterImpl-f0805996-b414-4d96-aefa-ea3288852db6/datanode-3/data/ratis/463d6cb1-c5cc-4ba0-afed-55ca4a6792a0/sm/snapshot.5_13
2019-10-23 12:13:38,879 [736d60a2-feff-478b-9de2-63399c9845c9@group-55CA4A6792A0-StateMachineUpdater] INFO  ratis.ContainerStateMachine (ContainerStateMachine.java:takeSnapshot(294)) - group-55CA4A6792A0: Taking a snapshot at:(t:5, i:11) file /workdir/hadoop-ozone/integration-test/target/test-dir/MiniOzoneClusterImpl-f0805996-b414-4d96-aefa-ea3288852db6/datanode-6/data/ratis/463d6cb1-c5cc-4ba0-afed-55ca4a6792a0/sm/snapshot.5_11
2019-10-23 12:13:38,892 [d21719ef-fad3-4f0e-b494-842eeedea460@group-55CA4A6792A0-StateMachineUpdater] INFO  ratis.ContainerStateMachine (ContainerStateMachine.java:takeSnapshot(305)) - group-55CA4A6792A0: Finished taking a snapshot at:(t:5, i:13) file:/workdir/hadoop-ozone/integration-test/target/test-dir/MiniOzoneClusterImpl-f0805996-b414-4d96-aefa-ea3288852db6/datanode-3/data/ratis/463d6cb1-c5cc-4ba0-afed-55ca4a6792a0/sm/snapshot.5_13 time:13
2019-10-23 12:13:38,892 [736d60a2-feff-478b-9de2-63399c9845c9@group-55CA4A6792A0-StateMachineUpdater] INFO  ratis.ContainerStateMachine (ContainerStateMachine.java:takeSnapshot(305)) - group-55CA4A6792A0: Finished taking a snapshot at:(t:5, i:11) file:/workdir/hadoop-ozone/integration-test/target/test-dir/MiniOzoneClusterImpl-f0805996-b414-4d96-aefa-ea3288852db6/datanode-6/data/ratis/463d6cb1-c5cc-4ba0-afed-55ca4a6792a0/sm/snapshot.5_11 time:13
2019-10-23 12:13:38,892 [d21719ef-fad3-4f0e-b494-842eeedea460@group-55CA4A6792A0-StateMachineUpdater] INFO  impl.StateMachineUpdater (StateMachineUpdater.java:takeSnapshot(269)) - d21719ef-fad3-4f0e-b494-842eeedea460@group-55CA4A6792A0-StateMachineUpdater: Took a snapshot at index 13
2019-10-23 12:13:38,892 [736d60a2-feff-478b-9de2-63399c9845c9@group-55CA4A6792A0-StateMachineUpdater] INFO  impl.StateMachineUpdater (StateMachineUpdater.java:takeSnapshot(269)) - 736d60a2-feff-478b-9de2-63399c9845c9@group-55CA4A6792A0-StateMachineUpdater: Took a snapshot at index 11
2019-10-23 12:13:38,892 [d21719ef-fad3-4f0e-b494-842eeedea460@group-55CA4A6792A0-StateMachineUpdater] INFO  impl.StateMachineUpdater (StateMachineUpdater.java:lambda$new$0(84)) - d21719ef-fad3-4f0e-b494-842eeedea460@group-55CA4A6792A0-StateMachineUpdater: snapshotIndex: updateIncreasingly 13 -> 13
2019-10-23 12:13:38,892 [736d60a2-feff-478b-9de2-63399c9845c9@group-55CA4A6792A0-StateMachineUpdater] INFO  impl.StateMachineUpdater (StateMachineUpdater.java:lambda$new$0(84)) - 736d60a2-feff-478b-9de2-63399c9845c9@group-55CA4A6792A0-StateMachineUpdater: snapshotIndex: updateIncreasingly 11 -> 11
2019-10-23 12:13:38,892 [ForkJoinPool.commonPool-worker-0] INFO  impl.RaftServerImpl (ServerState.java:close(388)) - d21719ef-fad3-4f0e-b494-842eeedea460@group-55CA4A6792A0: closes. applyIndex: 15
2019-10-23 12:13:38,892 [main] INFO  impl.RaftServerImpl (ServerState.java:close(388)) - 736d60a2-feff-478b-9de2-63399c9845c9@group-55CA4A6792A0: closes. applyIndex: 15
2019-10-23 12:13:38,893 [d21719ef-fad3-4f0e-b494-842eeedea460@group-55CA4A6792A0-SegmentedRaftLogWorker] INFO  segmented.SegmentedRaftLogWorker (SegmentedRaftLogWorker.java:run(316)) - d21719ef-fad3-4f0e-b494-842eeedea460@group-55CA4A6792A0-SegmentedRaftLogWorker was interrupted, exiting. There are 0 tasks remaining in the queue.
2019-10-23 12:13:38,893 [736d60a2-feff-478b-9de2-63399c9845c9@group-55CA4A6792A0-SegmentedRaftLogWorker] INFO  segmented.SegmentedRaftLogWorker (SegmentedRaftLogWorker.java:run(316)) - 736d60a2-feff-478b-9de2-63399c9845c9@group-55CA4A6792A0-SegmentedRaftLogWorker was interrupted, exiting. There are 0 tasks remaining in the queue.
2019-10-23 12:13:38,895 [ForkJoinPool.commonPool-worker-0] INFO  segmented.SegmentedRaftLogWorker (SegmentedRaftLogWorker.java:close(224)) - d21719ef-fad3-4f0e-b494-842eeedea460@group-55CA4A6792A0-SegmentedRaftLogWorker close()
2019-10-23 12:13:38,897 [main] INFO  segmented.SegmentedRaftLogWorker (SegmentedRaftLogWorker.java:close(224)) - 736d60a2-feff-478b-9de2-63399c9845c9@group-55CA4A6792A0-SegmentedRaftLogWorker close()
2019-10-23 12:13:38,901 [ForkJoinPool.commonPool-worker-0] INFO  impl.RaftServerImpl (RaftServerImpl.java:lambda$shutdown$3(261)) - d21719ef-fad3-4f0e-b494-842eeedea460@group-8A82B02DA3A4: shutdown
2019-10-23 12:13:38,897 [Thread-1544] INFO  impl.FollowerState (FollowerState.java:run(108)) - ad4d83c7-0f96-47bc-a4e8-7e5d9f844896@group-24C785E9A0FC-FollowerState: change to CANDIDATE, lastRpcTime:198ms, electionTimeout:197ms
2019-10-23 12:13:38,904 [ForkJoinPool.commonPool-worker-0] INFO  util.JmxRegister (JmxRegister.java:unregister(73)) - Successfully un-registered JMX Bean with object name Ratis:service=RaftServer,group=group-8A82B02DA3A4,id=d21719ef-fad3-4f0e-b494-842eeedea460
2019-10-23 12:13:38,904 [main] INFO  impl.RaftServerImpl (RaftServerImpl.java:lambda$shutdown$3(261)) - 736d60a2-feff-478b-9de2-63399c9845c9@group-FDE07787AAC0: shutdown
2019-10-23 12:13:38,905 [ForkJoinPool.commonPool-worker-0] INFO  impl.RoleInfo (RoleInfo.java:shutdownLeaderState(104)) - d21719ef-fad3-4f0e-b494-842eeedea460: shutdown LeaderState
2019-10-23 12:13:38,904 [Thread-1544] INFO  impl.RoleInfo (RoleInfo.java:shutdownFollowerState(121)) - ad4d83c7-0f96-47bc-a4e8-7e5d9f844896: shutdown FollowerState
2019-10-23 12:13:38,905 [ForkJoinPool.commonPool-worker-0] INFO  impl.PendingRequests (PendingRequests.java:sendNotLeaderResponses(202)) - d21719ef-fad3-4f0e-b494-842eeedea460@group-8A82B02DA3A4-PendingRequests: sendNotLeaderResponses
2019-10-23 12:13:38,905 [main] INFO  util.JmxRegister (JmxRegister.java:unregister(73)) - Successfully un-registered JMX Bean with object name Ratis:service=RaftServer,group=group-FDE07787AAC0,id=736d60a2-feff-478b-9de2-63399c9845c9
2019-10-23 12:13:38,906 [ForkJoinPool.commonPool-worker-0] INFO  impl.StateMachineUpdater (StateMachineUpdater.java:stopAndJoin(136)) - d21719ef-fad3-4f0e-b494-842eeedea460@group-8A82B02DA3A4-StateMachineUpdater: set stopIndex = 0
2019-10-23 12:13:38,905 [Thread-1544] INFO  impl.RaftServerImpl (RaftServerImpl.java:setRole(184)) - ad4d83c7-0f96-47bc-a4e8-7e5d9f844896@group-24C785E9A0FC: changes role from  FOLLOWER to CANDIDATE at term 154 for changeToCandidate
2019-10-23 12:13:38,906 [ForkJoinPool.commonPool-worker-0] INFO  impl.RaftServerImpl (ServerState.java:close(388)) - d21719ef-fad3-4f0e-b494-842eeedea460@group-8A82B02DA3A4: closes. applyIndex: 0
2019-10-23 12:13:38,906 [main] INFO  impl.RoleInfo (RoleInfo.java:shutdownLeaderState(104)) - 736d60a2-feff-478b-9de2-63399c9845c9: shutdown LeaderState
2019-10-23 12:13:38,907 [d21719ef-fad3-4f0e-b494-842eeedea460@group-8A82B02DA3A4-SegmentedRaftLogWorker] INFO  segmented.SegmentedRaftLogWorker (SegmentedRaftLogWorker.java:run(316)) - d21719ef-fad3-4f0e-b494-842eeedea460@group-8A82B02DA3A4-SegmentedRaftLogWorker was interrupted, exiting. There are 0 tasks remaining in the queue.
2019-10-23 12:13:38,906 [Thread-1544] INFO  impl.RoleInfo (RoleInfo.java:updateAndGet(143)) - ad4d83c7-0f96-47bc-a4e8-7e5d9f844896: start LeaderElection
2019-10-23 12:13:38,907 [main] INFO  impl.PendingRequests (PendingRequests.java:sendNotLeaderResponses(202)) - 736d60a2-feff-478b-9de2-63399c9845c9@group-FDE07787AAC0-PendingRequests: sendNotLeaderResponses
2019-10-23 12:13:38,909 [ForkJoinPool.commonPool-worker-0] INFO  segmented.SegmentedRaftLogWorker (SegmentedRaftLogWorker.java:close(224)) - d21719ef-fad3-4f0e-b494-842eeedea460@group-8A82B02DA3A4-SegmentedRaftLogWorker close()
2019-10-23 12:13:38,909 [main] INFO  impl.StateMachineUpdater (StateMachineUpdater.java:stopAndJoin(136)) - 736d60a2-feff-478b-9de2-63399c9845c9@group-FDE07787AAC0-StateMachineUpdater: set stopIndex = 0
2019-10-23 12:13:38,912 [ForkJoinPool.commonPool-worker-0] INFO  server.GrpcService (GrpcService.java:closeImpl(164)) - d21719ef-fad3-4f0e-b494-842eeedea460: shutdown server with port 45836 now
2019-10-23 12:13:38,913 [main] INFO  impl.RaftServerImpl (ServerState.java:close(388)) - 736d60a2-feff-478b-9de2-63399c9845c9@group-FDE07787AAC0: closes. applyIndex: 0
2019-10-23 12:13:38,913 [736d60a2-feff-478b-9de2-63399c9845c9@group-FDE07787AAC0-SegmentedRaftLogWorker] INFO  segmented.SegmentedRaftLogWorker (SegmentedRaftLogWorker.java:run(316)) - 736d60a2-feff-478b-9de2-63399c9845c9@group-FDE07787AAC0-SegmentedRaftLogWorker was interrupted, exiting. There are 0 tasks remaining in the queue.
2019-10-23 12:13:38,915 [main] INFO  segmented.SegmentedRaftLogWorker (SegmentedRaftLogWorker.java:close(224)) - 736d60a2-feff-478b-9de2-63399c9845c9@group-FDE07787AAC0-SegmentedRaftLogWorker close()
2019-10-23 12:13:38,919 [main] INFO  server.GrpcService (GrpcService.java:closeImpl(164)) - 736d60a2-feff-478b-9de2-63399c9845c9: shutdown server with port 36235 now
2019-10-23 12:13:38,920 [ForkJoinPool.commonPool-worker-0] INFO  server.GrpcService (GrpcService.java:closeImpl(172)) - d21719ef-fad3-4f0e-b494-842eeedea460: shutdown server with port 45836 successfully
2019-10-23 12:13:38,920 [grpc-default-executor-3] WARN  client.GrpcClientProtocolService (LogUtils.java:warn(134)) - 1-UnorderedRequestStreamObserver1: onError: org.apache.ratis.thirdparty.io.grpc.StatusRuntimeException: CANCELLED: cancelled before receiving half close
2019-10-23 12:13:38,921 [main] INFO  server.GrpcService (GrpcService.java:closeImpl(172)) - 736d60a2-feff-478b-9de2-63399c9845c9: shutdown server with port 36235 successfully
2019-10-23 12:13:38,922 [refreshUsed-/workdir/hadoop-ozone/integration-test/target/test-dir/MiniOzoneClusterImpl-f0805996-b414-4d96-aefa-ea3288852db6/datanode-3/data/containers] WARN  fs.CachingGetSpaceUsed (CachingGetSpaceUsed.java:run(183)) - Thread Interrupted waiting to refresh disk information: sleep interrupted
2019-10-23 12:13:38,922 [ad4d83c7-0f96-47bc-a4e8-7e5d9f844896@group-24C785E9A0FC-LeaderElection156] INFO  impl.LeaderElection (LeaderElection.java:askForVotes(178)) - ad4d83c7-0f96-47bc-a4e8-7e5d9f844896@group-24C785E9A0FC-LeaderElection156: begin an election at term 155 for -1: [3b749b59-de2a-419b-9a26-261692f5c83c:192.168.69.118:39205, ad4d83c7-0f96-47bc-a4e8-7e5d9f844896:192.168.69.118:41688, 02863277-f564-4bc6-8337-fb22627f6f1a:192.168.69.118:36850], old=null
2019-10-23 12:13:38,923 [ad4d83c7-0f96-47bc-a4e8-7e5d9f844896@group-24C785E9A0FC-LeaderElection156] INFO  impl.LeaderElection (LogUtils.java:infoOrTrace(149)) - ad4d83c7-0f96-47bc-a4e8-7e5d9f844896@group-24C785E9A0FC-LeaderElection156 got exception when requesting votes: {}
java.util.concurrent.ExecutionException: org.apache.ratis.thirdparty.io.grpc.StatusRuntimeException: UNAVAILABLE: io exception
	at java.util.concurrent.FutureTask.report(FutureTask.java:122)
	at java.util.concurrent.FutureTask.get(FutureTask.java:192)
	at org.apache.ratis.server.impl.LeaderElection.waitForResults(LeaderElection.java:259)
	at org.apache.ratis.server.impl.LeaderElection.askForVotes(LeaderElection.java:197)
	at org.apache.ratis.server.impl.LeaderElection.run(LeaderElection.java:133)
	at java.lang.Thread.run(Thread.java:748)
Caused by: org.apache.ratis.thirdparty.io.grpc.StatusRuntimeException: UNAVAILABLE: io exception
	at org.apache.ratis.thirdparty.io.grpc.stub.ClientCalls.toStatusRuntimeException(ClientCalls.java:233)
	at org.apache.ratis.thirdparty.io.grpc.stub.ClientCalls.getUnchecked(ClientCalls.java:214)
	at org.apache.ratis.thirdparty.io.grpc.stub.ClientCalls.blockingUnaryCall(ClientCalls.java:139)
	at org.apache.ratis.proto.grpc.RaftServerProtocolServiceGrpc$RaftServerProtocolServiceBlockingStub.requestVote(RaftServerProtocolServiceGrpc.java:265)
	at org.apache.ratis.grpc.server.GrpcServerProtocolClient.requestVote(GrpcServerProtocolClient.java:99)
	at org.apache.ratis.grpc.server.GrpcService.requestVote(GrpcService.java:204)
	at org.apache.ratis.server.impl.LeaderElection.lambda$submitRequests$1(LeaderElection.java:234)
	at java.util.concurrent.FutureTask.run(FutureTask.java:266)
	at java.util.concurrent.Executors$RunnableAdapter.call(Executors.java:511)
	at java.util.concurrent.FutureTask.run(FutureTask.java:266)
	at java.util.concurrent.ThreadPoolExecutor.runWorker(ThreadPoolExecutor.java:1149)
	at java.util.concurrent.ThreadPoolExecutor$Worker.run(ThreadPoolExecutor.java:624)
	... 1 more
Caused by: org.apache.ratis.thirdparty.io.netty.channel.AbstractChannel$AnnotatedConnectException: Connection refused: /192.168.69.118:39205
	at sun.nio.ch.SocketChannelImpl.checkConnect(Native Method)
	at sun.nio.ch.SocketChannelImpl.finishConnect(SocketChannelImpl.java:717)
	at org.apache.ratis.thirdparty.io.netty.channel.socket.nio.NioSocketChannel.doFinishConnect(NioSocketChannel.java:327)
	at org.apache.ratis.thirdparty.io.netty.channel.nio.AbstractNioChannel$AbstractNioUnsafe.finishConnect(AbstractNioChannel.java:340)
	at org.apache.ratis.thirdparty.io.netty.channel.nio.NioEventLoop.processSelectedKey(NioEventLoop.java:632)
	at org.apache.ratis.thirdparty.io.netty.channel.nio.NioEventLoop.processSelectedKeysOptimized(NioEventLoop.java:579)
	at org.apache.ratis.thirdparty.io.netty.channel.nio.NioEventLoop.processSelectedKeys(NioEventLoop.java:496)
	at org.apache.ratis.thirdparty.io.netty.channel.nio.NioEventLoop.run(NioEventLoop.java:458)
	at org.apache.ratis.thirdparty.io.netty.util.concurrent.SingleThreadEventExecutor$5.run(SingleThreadEventExecutor.java:897)
	at org.apache.ratis.thirdparty.io.netty.util.concurrent.FastThreadLocalRunnable.run(FastThreadLocalRunnable.java:30)
	... 1 more
Caused by: java.net.ConnectException: Connection refused
	... 11 more
2019-10-23 12:13:38,926 [grpc-default-executor-3] INFO  impl.RaftServerImpl (RaftServerImpl.java:setRole(184)) - 02863277-f564-4bc6-8337-fb22627f6f1a@group-24C785E9A0FC: changes role from  FOLLOWER to FOLLOWER at term 155 for recognizeCandidate:ad4d83c7-0f96-47bc-a4e8-7e5d9f844896
2019-10-23 12:13:38,926 [grpc-default-executor-3] INFO  impl.RoleInfo (RoleInfo.java:shutdownFollowerState(121)) - 02863277-f564-4bc6-8337-fb22627f6f1a: shutdown FollowerState
2019-10-23 12:13:38,926 [refreshUsed-/workdir/hadoop-ozone/integration-test/target/test-dir/MiniOzoneClusterImpl-f0805996-b414-4d96-aefa-ea3288852db6/datanode-6/data/containers] WARN  fs.CachingGetSpaceUsed (CachingGetSpaceUsed.java:run(183)) - Thread Interrupted waiting to refresh disk information: sleep interrupted
2019-10-23 12:13:38,926 [grpc-default-executor-3] INFO  impl.RoleInfo (RoleInfo.java:updateAndGet(143)) - 02863277-f564-4bc6-8337-fb22627f6f1a: start FollowerState
2019-10-23 12:13:38,927 [Thread-1543] INFO  impl.FollowerState (FollowerState.java:run(117)) - 02863277-f564-4bc6-8337-fb22627f6f1a@group-24C785E9A0FC-FollowerState was interrupted: java.lang.InterruptedException: sleep interrupted
2019-10-23 12:13:38,943 [main] INFO  utils.BackgroundService (BackgroundService.java:shutdown(151)) - Shutting down service BlockDeletingService
2019-10-23 12:13:38,947 [ad4d83c7-0f96-47bc-a4e8-7e5d9f844896@group-24C785E9A0FC-LeaderElection156] INFO  impl.LeaderElection (LeaderElection.java:logAndReturn(56)) - ad4d83c7-0f96-47bc-a4e8-7e5d9f844896@group-24C785E9A0FC-LeaderElection156: Election REJECTED; received 1 response(s) [ad4d83c7-0f96-47bc-a4e8-7e5d9f844896<-02863277-f564-4bc6-8337-fb22627f6f1a#0:FAIL-t155] and 1 exception(s); ad4d83c7-0f96-47bc-a4e8-7e5d9f844896@group-24C785E9A0FC:t155, leader=null, voted=ad4d83c7-0f96-47bc-a4e8-7e5d9f844896, raftlog=ad4d83c7-0f96-47bc-a4e8-7e5d9f844896@group-24C785E9A0FC-SegmentedRaftLog:OPENED:c-1,f-1,i0, conf=-1: [3b749b59-de2a-419b-9a26-261692f5c83c:192.168.69.118:39205, ad4d83c7-0f96-47bc-a4e8-7e5d9f844896:192.168.69.118:41688, 02863277-f564-4bc6-8337-fb22627f6f1a:192.168.69.118:36850], old=null
2019-10-23 12:13:38,947 [ad4d83c7-0f96-47bc-a4e8-7e5d9f844896@group-24C785E9A0FC-LeaderElection156] INFO  impl.LeaderElection (LogUtils.java:infoOrTrace(149)) -   Exception 0: {}
java.util.concurrent.ExecutionException: org.apache.ratis.thirdparty.io.grpc.StatusRuntimeException: UNAVAILABLE: io exception
	at java.util.concurrent.FutureTask.report(FutureTask.java:122)
	at java.util.concurrent.FutureTask.get(FutureTask.java:192)
	at org.apache.ratis.server.impl.LeaderElection.waitForResults(LeaderElection.java:259)
	at org.apache.ratis.server.impl.LeaderElection.askForVotes(LeaderElection.java:197)
	at org.apache.ratis.server.impl.LeaderElection.run(LeaderElection.java:133)
	at java.lang.Thread.run(Thread.java:748)
Caused by: org.apache.ratis.thirdparty.io.grpc.StatusRuntimeException: UNAVAILABLE: io exception
	at org.apache.ratis.thirdparty.io.grpc.stub.ClientCalls.toStatusRuntimeException(ClientCalls.java:233)
	at org.apache.ratis.thirdparty.io.grpc.stub.ClientCalls.getUnchecked(ClientCalls.java:214)
	at org.apache.ratis.thirdparty.io.grpc.stub.ClientCalls.blockingUnaryCall(ClientCalls.java:139)
	at org.apache.ratis.proto.grpc.RaftServerProtocolServiceGrpc$RaftServerProtocolServiceBlockingStub.requestVote(RaftServerProtocolServiceGrpc.java:265)
	at org.apache.ratis.grpc.server.GrpcServerProtocolClient.requestVote(GrpcServerProtocolClient.java:99)
	at org.apache.ratis.grpc.server.GrpcService.requestVote(GrpcService.java:204)
	at org.apache.ratis.server.impl.LeaderElection.lambda$submitRequests$1(LeaderElection.java:234)
	at java.util.concurrent.FutureTask.run(FutureTask.java:266)
	at java.util.concurrent.Executors$RunnableAdapter.call(Executors.java:511)
	at java.util.concurrent.FutureTask.run(FutureTask.java:266)
	at java.util.concurrent.ThreadPoolExecutor.runWorker(ThreadPoolExecutor.java:1149)
	at java.util.concurrent.ThreadPoolExecutor$Worker.run(ThreadPoolExecutor.java:624)
	... 1 more
Caused by: org.apache.ratis.thirdparty.io.netty.channel.AbstractChannel$AnnotatedConnectException: Connection refused: /192.168.69.118:39205
	at sun.nio.ch.SocketChannelImpl.checkConnect(Native Method)
	at sun.nio.ch.SocketChannelImpl.finishConnect(SocketChannelImpl.java:717)
	at org.apache.ratis.thirdparty.io.netty.channel.socket.nio.NioSocketChannel.doFinishConnect(NioSocketChannel.java:327)
	at org.apache.ratis.thirdparty.io.netty.channel.nio.AbstractNioChannel$AbstractNioUnsafe.finishConnect(AbstractNioChannel.java:340)
	at org.apache.ratis.thirdparty.io.netty.channel.nio.NioEventLoop.processSelectedKey(NioEventLoop.java:632)
	at org.apache.ratis.thirdparty.io.netty.channel.nio.NioEventLoop.processSelectedKeysOptimized(NioEventLoop.java:579)
	at org.apache.ratis.thirdparty.io.netty.channel.nio.NioEventLoop.processSelectedKeys(NioEventLoop.java:496)
	at org.apache.ratis.thirdparty.io.netty.channel.nio.NioEventLoop.run(NioEventLoop.java:458)
	at org.apache.ratis.thirdparty.io.netty.util.concurrent.SingleThreadEventExecutor$5.run(SingleThreadEventExecutor.java:897)
	at org.apache.ratis.thirdparty.io.netty.util.concurrent.FastThreadLocalRunnable.run(FastThreadLocalRunnable.java:30)
	... 1 more
Caused by: java.net.ConnectException: Connection refused
	... 11 more
2019-10-23 12:13:38,948 [main] INFO  statemachine.DatanodeStateMachine (DatanodeStateMachine.java:stopDaemon(395)) - Ozone container server stopped.
2019-10-23 12:13:38,949 [ad4d83c7-0f96-47bc-a4e8-7e5d9f844896@group-24C785E9A0FC-LeaderElection156] INFO  impl.RaftServerImpl (RaftServerImpl.java:setRole(184)) - ad4d83c7-0f96-47bc-a4e8-7e5d9f844896@group-24C785E9A0FC: changes role from CANDIDATE to FOLLOWER at term 155 for DISCOVERED_A_NEW_TERM
2019-10-23 12:13:38,949 [ad4d83c7-0f96-47bc-a4e8-7e5d9f844896@group-24C785E9A0FC-LeaderElection156] INFO  impl.RoleInfo (RoleInfo.java:shutdownLeaderElection(134)) - ad4d83c7-0f96-47bc-a4e8-7e5d9f844896: shutdown LeaderElection
2019-10-23 12:13:38,949 [ForkJoinPool.commonPool-worker-0] INFO  utils.BackgroundService (BackgroundService.java:shutdown(151)) - Shutting down service BlockDeletingService
2019-10-23 12:13:38,949 [ad4d83c7-0f96-47bc-a4e8-7e5d9f844896@group-24C785E9A0FC-LeaderElection156] INFO  impl.RoleInfo (RoleInfo.java:updateAndGet(143)) - ad4d83c7-0f96-47bc-a4e8-7e5d9f844896: start FollowerState
2019-10-23 12:13:38,953 [ForkJoinPool.commonPool-worker-0] INFO  statemachine.DatanodeStateMachine (DatanodeStateMachine.java:stopDaemon(395)) - Ozone container server stopped.
2019-10-23 12:13:38,955 [main] INFO  handler.ContextHandler (ContextHandler.java:doStop(910)) - Stopped o.e.j.w.WebAppContext@142213d5{/,null,UNAVAILABLE}{/hddsDatanode}
2019-10-23 12:13:38,956 [main] INFO  server.AbstractConnector (AbstractConnector.java:doStop(318)) - Stopped ServerConnector@934b52f{HTTP/1.1,[http/1.1]}{0.0.0.0:0}
2019-10-23 12:13:38,956 [main] INFO  handler.ContextHandler (ContextHandler.java:doStop(910)) - Stopped o.e.j.s.ServletContextHandler@17fa1336{/static,jar:file:/home/user/.m2/repository/org/apache/hadoop/hadoop-hdds-container-service/0.5.0-SNAPSHOT/hadoop-hdds-container-service-0.5.0-SNAPSHOT.jar!/webapps/static,UNAVAILABLE}
2019-10-23 12:13:38,957 [main] INFO  handler.ContextHandler (ContextHandler.java:doStop(910)) - Stopped o.e.j.s.ServletContextHandler@1457fde{/logs,file:///workdir/hadoop-ozone/integration-test/target/log,UNAVAILABLE}
2019-10-23 12:13:38,972 [ForkJoinPool.commonPool-worker-0] INFO  handler.ContextHandler (ContextHandler.java:doStop(910)) - Stopped o.e.j.w.WebAppContext@337bbfdf{/,null,UNAVAILABLE}{/hddsDatanode}
2019-10-23 12:13:38,973 [ForkJoinPool.commonPool-worker-0] INFO  server.AbstractConnector (AbstractConnector.java:doStop(318)) - Stopped ServerConnector@52d97ab6{HTTP/1.1,[http/1.1]}{0.0.0.0:0}
2019-10-23 12:13:38,974 [ForkJoinPool.commonPool-worker-0] INFO  handler.ContextHandler (ContextHandler.java:doStop(910)) - Stopped o.e.j.s.ServletContextHandler@4b200971{/static,jar:file:/home/user/.m2/repository/org/apache/hadoop/hadoop-hdds-container-service/0.5.0-SNAPSHOT/hadoop-hdds-container-service-0.5.0-SNAPSHOT.jar!/webapps/static,UNAVAILABLE}
2019-10-23 12:13:38,975 [ForkJoinPool.commonPool-worker-0] INFO  handler.ContextHandler (ContextHandler.java:doStop(910)) - Stopped o.e.j.s.ServletContextHandler@a9f023e{/logs,file:///workdir/hadoop-ozone/integration-test/target/log,UNAVAILABLE}
2019-10-23 12:13:39,113 [Thread-1551] INFO  impl.FollowerState (FollowerState.java:run(108)) - ad4d83c7-0f96-47bc-a4e8-7e5d9f844896@group-24C785E9A0FC-FollowerState: change to CANDIDATE, lastRpcTime:163ms, electionTimeout:163ms
2019-10-23 12:13:39,113 [Thread-1551] INFO  impl.RoleInfo (RoleInfo.java:shutdownFollowerState(121)) - ad4d83c7-0f96-47bc-a4e8-7e5d9f844896: shutdown FollowerState
2019-10-23 12:13:39,113 [Thread-1551] INFO  impl.RaftServerImpl (RaftServerImpl.java:setRole(184)) - ad4d83c7-0f96-47bc-a4e8-7e5d9f844896@group-24C785E9A0FC: changes role from  FOLLOWER to CANDIDATE at term 155 for changeToCandidate
2019-10-23 12:13:39,113 [Thread-1551] INFO  impl.RoleInfo (RoleInfo.java:updateAndGet(143)) - ad4d83c7-0f96-47bc-a4e8-7e5d9f844896: start LeaderElection
2019-10-23 12:13:39,126 [ad4d83c7-0f96-47bc-a4e8-7e5d9f844896@group-24C785E9A0FC-LeaderElection157] INFO  impl.LeaderElection (LeaderElection.java:askForVotes(178)) - ad4d83c7-0f96-47bc-a4e8-7e5d9f844896@group-24C785E9A0FC-LeaderElection157: begin an election at term 156 for -1: [3b749b59-de2a-419b-9a26-261692f5c83c:192.168.69.118:39205, ad4d83c7-0f96-47bc-a4e8-7e5d9f844896:192.168.69.118:41688, 02863277-f564-4bc6-8337-fb22627f6f1a:192.168.69.118:36850], old=null
2019-10-23 12:13:39,128 [ad4d83c7-0f96-47bc-a4e8-7e5d9f844896@group-24C785E9A0FC-LeaderElection157] INFO  impl.LeaderElection (LogUtils.java:infoOrTrace(149)) - ad4d83c7-0f96-47bc-a4e8-7e5d9f844896@group-24C785E9A0FC-LeaderElection157 got exception when requesting votes: {}
java.util.concurrent.ExecutionException: org.apache.ratis.thirdparty.io.grpc.StatusRuntimeException: UNAVAILABLE: io exception
	at java.util.concurrent.FutureTask.report(FutureTask.java:122)
	at java.util.concurrent.FutureTask.get(FutureTask.java:192)
	at org.apache.ratis.server.impl.LeaderElection.waitForResults(LeaderElection.java:259)
	at org.apache.ratis.server.impl.LeaderElection.askForVotes(LeaderElection.java:197)
	at org.apache.ratis.server.impl.LeaderElection.run(LeaderElection.java:133)
	at java.lang.Thread.run(Thread.java:748)
Caused by: org.apache.ratis.thirdparty.io.grpc.StatusRuntimeException: UNAVAILABLE: io exception
	at org.apache.ratis.thirdparty.io.grpc.stub.ClientCalls.toStatusRuntimeException(ClientCalls.java:233)
	at org.apache.ratis.thirdparty.io.grpc.stub.ClientCalls.getUnchecked(ClientCalls.java:214)
	at org.apache.ratis.thirdparty.io.grpc.stub.ClientCalls.blockingUnaryCall(ClientCalls.java:139)
	at org.apache.ratis.proto.grpc.RaftServerProtocolServiceGrpc$RaftServerProtocolServiceBlockingStub.requestVote(RaftServerProtocolServiceGrpc.java:265)
	at org.apache.ratis.grpc.server.GrpcServerProtocolClient.requestVote(GrpcServerProtocolClient.java:99)
	at org.apache.ratis.grpc.server.GrpcService.requestVote(GrpcService.java:204)
	at org.apache.ratis.server.impl.LeaderElection.lambda$submitRequests$1(LeaderElection.java:234)
	at java.util.concurrent.FutureTask.run(FutureTask.java:266)
	at java.util.concurrent.Executors$RunnableAdapter.call(Executors.java:511)
	at java.util.concurrent.FutureTask.run(FutureTask.java:266)
	at java.util.concurrent.ThreadPoolExecutor.runWorker(ThreadPoolExecutor.java:1149)
	at java.util.concurrent.ThreadPoolExecutor$Worker.run(ThreadPoolExecutor.java:624)
	... 1 more
Caused by: org.apache.ratis.thirdparty.io.netty.channel.AbstractChannel$AnnotatedConnectException: Connection refused: /192.168.69.118:39205
	at sun.nio.ch.SocketChannelImpl.checkConnect(Native Method)
	at sun.nio.ch.SocketChannelImpl.finishConnect(SocketChannelImpl.java:717)
	at org.apache.ratis.thirdparty.io.netty.channel.socket.nio.NioSocketChannel.doFinishConnect(NioSocketChannel.java:327)
	at org.apache.ratis.thirdparty.io.netty.channel.nio.AbstractNioChannel$AbstractNioUnsafe.finishConnect(AbstractNioChannel.java:340)
	at org.apache.ratis.thirdparty.io.netty.channel.nio.NioEventLoop.processSelectedKey(NioEventLoop.java:632)
	at org.apache.ratis.thirdparty.io.netty.channel.nio.NioEventLoop.processSelectedKeysOptimized(NioEventLoop.java:579)
	at org.apache.ratis.thirdparty.io.netty.channel.nio.NioEventLoop.processSelectedKeys(NioEventLoop.java:496)
	at org.apache.ratis.thirdparty.io.netty.channel.nio.NioEventLoop.run(NioEventLoop.java:458)
	at org.apache.ratis.thirdparty.io.netty.util.concurrent.SingleThreadEventExecutor$5.run(SingleThreadEventExecutor.java:897)
	at org.apache.ratis.thirdparty.io.netty.util.concurrent.FastThreadLocalRunnable.run(FastThreadLocalRunnable.java:30)
	... 1 more
Caused by: java.net.ConnectException: Connection refused
	... 11 more
2019-10-23 12:13:39,131 [grpc-default-executor-3] INFO  impl.RaftServerImpl (RaftServerImpl.java:setRole(184)) - 02863277-f564-4bc6-8337-fb22627f6f1a@group-24C785E9A0FC: changes role from  FOLLOWER to FOLLOWER at term 156 for recognizeCandidate:ad4d83c7-0f96-47bc-a4e8-7e5d9f844896
2019-10-23 12:13:39,131 [grpc-default-executor-3] INFO  impl.RoleInfo (RoleInfo.java:shutdownFollowerState(121)) - 02863277-f564-4bc6-8337-fb22627f6f1a: shutdown FollowerState
2019-10-23 12:13:39,131 [grpc-default-executor-3] INFO  impl.RoleInfo (RoleInfo.java:updateAndGet(143)) - 02863277-f564-4bc6-8337-fb22627f6f1a: start FollowerState
2019-10-23 12:13:39,131 [Thread-1550] INFO  impl.FollowerState (FollowerState.java:run(117)) - 02863277-f564-4bc6-8337-fb22627f6f1a@group-24C785E9A0FC-FollowerState was interrupted: java.lang.InterruptedException: sleep interrupted
2019-10-23 12:13:39,140 [ad4d83c7-0f96-47bc-a4e8-7e5d9f844896@group-24C785E9A0FC-LeaderElection157] INFO  impl.LeaderElection (LeaderElection.java:logAndReturn(56)) - ad4d83c7-0f96-47bc-a4e8-7e5d9f844896@group-24C785E9A0FC-LeaderElection157: Election REJECTED; received 1 response(s) [ad4d83c7-0f96-47bc-a4e8-7e5d9f844896<-02863277-f564-4bc6-8337-fb22627f6f1a#0:FAIL-t156] and 1 exception(s); ad4d83c7-0f96-47bc-a4e8-7e5d9f844896@group-24C785E9A0FC:t156, leader=null, voted=ad4d83c7-0f96-47bc-a4e8-7e5d9f844896, raftlog=ad4d83c7-0f96-47bc-a4e8-7e5d9f844896@group-24C785E9A0FC-SegmentedRaftLog:OPENED:c-1,f-1,i0, conf=-1: [3b749b59-de2a-419b-9a26-261692f5c83c:192.168.69.118:39205, ad4d83c7-0f96-47bc-a4e8-7e5d9f844896:192.168.69.118:41688, 02863277-f564-4bc6-8337-fb22627f6f1a:192.168.69.118:36850], old=null
2019-10-23 12:13:39,140 [ad4d83c7-0f96-47bc-a4e8-7e5d9f844896@group-24C785E9A0FC-LeaderElection157] INFO  impl.LeaderElection (LogUtils.java:infoOrTrace(149)) -   Exception 0: {}
java.util.concurrent.ExecutionException: org.apache.ratis.thirdparty.io.grpc.StatusRuntimeException: UNAVAILABLE: io exception
	at java.util.concurrent.FutureTask.report(FutureTask.java:122)
	at java.util.concurrent.FutureTask.get(FutureTask.java:192)
	at org.apache.ratis.server.impl.LeaderElection.waitForResults(LeaderElection.java:259)
	at org.apache.ratis.server.impl.LeaderElection.askForVotes(LeaderElection.java:197)
	at org.apache.ratis.server.impl.LeaderElection.run(LeaderElection.java:133)
	at java.lang.Thread.run(Thread.java:748)
Caused by: org.apache.ratis.thirdparty.io.grpc.StatusRuntimeException: UNAVAILABLE: io exception
	at org.apache.ratis.thirdparty.io.grpc.stub.ClientCalls.toStatusRuntimeException(ClientCalls.java:233)
	at org.apache.ratis.thirdparty.io.grpc.stub.ClientCalls.getUnchecked(ClientCalls.java:214)
	at org.apache.ratis.thirdparty.io.grpc.stub.ClientCalls.blockingUnaryCall(ClientCalls.java:139)
	at org.apache.ratis.proto.grpc.RaftServerProtocolServiceGrpc$RaftServerProtocolServiceBlockingStub.requestVote(RaftServerProtocolServiceGrpc.java:265)
	at org.apache.ratis.grpc.server.GrpcServerProtocolClient.requestVote(GrpcServerProtocolClient.java:99)
	at org.apache.ratis.grpc.server.GrpcService.requestVote(GrpcService.java:204)
	at org.apache.ratis.server.impl.LeaderElection.lambda$submitRequests$1(LeaderElection.java:234)
	at java.util.concurrent.FutureTask.run(FutureTask.java:266)
	at java.util.concurrent.Executors$RunnableAdapter.call(Executors.java:511)
	at java.util.concurrent.FutureTask.run(FutureTask.java:266)
	at java.util.concurrent.ThreadPoolExecutor.runWorker(ThreadPoolExecutor.java:1149)
	at java.util.concurrent.ThreadPoolExecutor$Worker.run(ThreadPoolExecutor.java:624)
	... 1 more
Caused by: org.apache.ratis.thirdparty.io.netty.channel.AbstractChannel$AnnotatedConnectException: Connection refused: /192.168.69.118:39205
	at sun.nio.ch.SocketChannelImpl.checkConnect(Native Method)
	at sun.nio.ch.SocketChannelImpl.finishConnect(SocketChannelImpl.java:717)
	at org.apache.ratis.thirdparty.io.netty.channel.socket.nio.NioSocketChannel.doFinishConnect(NioSocketChannel.java:327)
	at org.apache.ratis.thirdparty.io.netty.channel.nio.AbstractNioChannel$AbstractNioUnsafe.finishConnect(AbstractNioChannel.java:340)
	at org.apache.ratis.thirdparty.io.netty.channel.nio.NioEventLoop.processSelectedKey(NioEventLoop.java:632)
	at org.apache.ratis.thirdparty.io.netty.channel.nio.NioEventLoop.processSelectedKeysOptimized(NioEventLoop.java:579)
	at org.apache.ratis.thirdparty.io.netty.channel.nio.NioEventLoop.processSelectedKeys(NioEventLoop.java:496)
	at org.apache.ratis.thirdparty.io.netty.channel.nio.NioEventLoop.run(NioEventLoop.java:458)
	at org.apache.ratis.thirdparty.io.netty.util.concurrent.SingleThreadEventExecutor$5.run(SingleThreadEventExecutor.java:897)
	at org.apache.ratis.thirdparty.io.netty.util.concurrent.FastThreadLocalRunnable.run(FastThreadLocalRunnable.java:30)
	... 1 more
Caused by: java.net.ConnectException: Connection refused
	... 11 more
2019-10-23 12:13:39,141 [ad4d83c7-0f96-47bc-a4e8-7e5d9f844896@group-24C785E9A0FC-LeaderElection157] INFO  impl.RaftServerImpl (RaftServerImpl.java:setRole(184)) - ad4d83c7-0f96-47bc-a4e8-7e5d9f844896@group-24C785E9A0FC: changes role from CANDIDATE to FOLLOWER at term 156 for DISCOVERED_A_NEW_TERM
2019-10-23 12:13:39,141 [ad4d83c7-0f96-47bc-a4e8-7e5d9f844896@group-24C785E9A0FC-LeaderElection157] INFO  impl.RoleInfo (RoleInfo.java:shutdownLeaderElection(134)) - ad4d83c7-0f96-47bc-a4e8-7e5d9f844896: shutdown LeaderElection
2019-10-23 12:13:39,141 [ad4d83c7-0f96-47bc-a4e8-7e5d9f844896@group-24C785E9A0FC-LeaderElection157] INFO  impl.RoleInfo (RoleInfo.java:updateAndGet(143)) - ad4d83c7-0f96-47bc-a4e8-7e5d9f844896: start FollowerState
2019-10-23 12:13:39,188 [Thread-1558] INFO  impl.FollowerState (FollowerState.java:run(108)) - ad4d83c7-0f96-47bc-a4e8-7e5d9f844896@group-24C785E9A0FC-FollowerState: change to CANDIDATE, lastRpcTime:46ms, electionTimeout:46ms
2019-10-23 12:13:39,188 [Thread-1558] INFO  impl.RoleInfo (RoleInfo.java:shutdownFollowerState(121)) - ad4d83c7-0f96-47bc-a4e8-7e5d9f844896: shutdown FollowerState
2019-10-23 12:13:39,188 [Thread-1558] INFO  impl.RaftServerImpl (RaftServerImpl.java:setRole(184)) - ad4d83c7-0f96-47bc-a4e8-7e5d9f844896@group-24C785E9A0FC: changes role from  FOLLOWER to CANDIDATE at term 156 for changeToCandidate
2019-10-23 12:13:39,188 [Thread-1558] INFO  impl.RoleInfo (RoleInfo.java:updateAndGet(143)) - ad4d83c7-0f96-47bc-a4e8-7e5d9f844896: start LeaderElection
2019-10-23 12:13:39,201 [ad4d83c7-0f96-47bc-a4e8-7e5d9f844896@group-24C785E9A0FC-LeaderElection158] INFO  impl.LeaderElection (LeaderElection.java:askForVotes(178)) - ad4d83c7-0f96-47bc-a4e8-7e5d9f844896@group-24C785E9A0FC-LeaderElection158: begin an election at term 157 for -1: [3b749b59-de2a-419b-9a26-261692f5c83c:192.168.69.118:39205, ad4d83c7-0f96-47bc-a4e8-7e5d9f844896:192.168.69.118:41688, 02863277-f564-4bc6-8337-fb22627f6f1a:192.168.69.118:36850], old=null
2019-10-23 12:13:39,202 [ad4d83c7-0f96-47bc-a4e8-7e5d9f844896@group-24C785E9A0FC-LeaderElection158] INFO  impl.LeaderElection (LogUtils.java:infoOrTrace(149)) - ad4d83c7-0f96-47bc-a4e8-7e5d9f844896@group-24C785E9A0FC-LeaderElection158 got exception when requesting votes: {}
java.util.concurrent.ExecutionException: org.apache.ratis.thirdparty.io.grpc.StatusRuntimeException: UNAVAILABLE: io exception
	at java.util.concurrent.FutureTask.report(FutureTask.java:122)
	at java.util.concurrent.FutureTask.get(FutureTask.java:192)
	at org.apache.ratis.server.impl.LeaderElection.waitForResults(LeaderElection.java:259)
	at org.apache.ratis.server.impl.LeaderElection.askForVotes(LeaderElection.java:197)
	at org.apache.ratis.server.impl.LeaderElection.run(LeaderElection.java:133)
	at java.lang.Thread.run(Thread.java:748)
Caused by: org.apache.ratis.thirdparty.io.grpc.StatusRuntimeException: UNAVAILABLE: io exception
	at org.apache.ratis.thirdparty.io.grpc.stub.ClientCalls.toStatusRuntimeException(ClientCalls.java:233)
	at org.apache.ratis.thirdparty.io.grpc.stub.ClientCalls.getUnchecked(ClientCalls.java:214)
	at org.apache.ratis.thirdparty.io.grpc.stub.ClientCalls.blockingUnaryCall(ClientCalls.java:139)
	at org.apache.ratis.proto.grpc.RaftServerProtocolServiceGrpc$RaftServerProtocolServiceBlockingStub.requestVote(RaftServerProtocolServiceGrpc.java:265)
	at org.apache.ratis.grpc.server.GrpcServerProtocolClient.requestVote(GrpcServerProtocolClient.java:99)
	at org.apache.ratis.grpc.server.GrpcService.requestVote(GrpcService.java:204)
	at org.apache.ratis.server.impl.LeaderElection.lambda$submitRequests$1(LeaderElection.java:234)
	at java.util.concurrent.FutureTask.run(FutureTask.java:266)
	at java.util.concurrent.Executors$RunnableAdapter.call(Executors.java:511)
	at java.util.concurrent.FutureTask.run(FutureTask.java:266)
	at java.util.concurrent.ThreadPoolExecutor.runWorker(ThreadPoolExecutor.java:1149)
	at java.util.concurrent.ThreadPoolExecutor$Worker.run(ThreadPoolExecutor.java:624)
	... 1 more
Caused by: org.apache.ratis.thirdparty.io.netty.channel.AbstractChannel$AnnotatedConnectException: Connection refused: /192.168.69.118:39205
	at sun.nio.ch.SocketChannelImpl.checkConnect(Native Method)
	at sun.nio.ch.SocketChannelImpl.finishConnect(SocketChannelImpl.java:717)
	at org.apache.ratis.thirdparty.io.netty.channel.socket.nio.NioSocketChannel.doFinishConnect(NioSocketChannel.java:327)
	at org.apache.ratis.thirdparty.io.netty.channel.nio.AbstractNioChannel$AbstractNioUnsafe.finishConnect(AbstractNioChannel.java:340)
	at org.apache.ratis.thirdparty.io.netty.channel.nio.NioEventLoop.processSelectedKey(NioEventLoop.java:632)
	at org.apache.ratis.thirdparty.io.netty.channel.nio.NioEventLoop.processSelectedKeysOptimized(NioEventLoop.java:579)
	at org.apache.ratis.thirdparty.io.netty.channel.nio.NioEventLoop.processSelectedKeys(NioEventLoop.java:496)
	at org.apache.ratis.thirdparty.io.netty.channel.nio.NioEventLoop.run(NioEventLoop.java:458)
	at org.apache.ratis.thirdparty.io.netty.util.concurrent.SingleThreadEventExecutor$5.run(SingleThreadEventExecutor.java:897)
	at org.apache.ratis.thirdparty.io.netty.util.concurrent.FastThreadLocalRunnable.run(FastThreadLocalRunnable.java:30)
	... 1 more
Caused by: java.net.ConnectException: Connection refused
	... 11 more
2019-10-23 12:13:39,206 [grpc-default-executor-3] INFO  impl.RaftServerImpl (RaftServerImpl.java:setRole(184)) - 02863277-f564-4bc6-8337-fb22627f6f1a@group-24C785E9A0FC: changes role from  FOLLOWER to FOLLOWER at term 157 for recognizeCandidate:ad4d83c7-0f96-47bc-a4e8-7e5d9f844896
2019-10-23 12:13:39,206 [grpc-default-executor-3] INFO  impl.RoleInfo (RoleInfo.java:shutdownFollowerState(121)) - 02863277-f564-4bc6-8337-fb22627f6f1a: shutdown FollowerState
2019-10-23 12:13:39,206 [grpc-default-executor-3] INFO  impl.RoleInfo (RoleInfo.java:updateAndGet(143)) - 02863277-f564-4bc6-8337-fb22627f6f1a: start FollowerState
2019-10-23 12:13:39,206 [Thread-1557] INFO  impl.FollowerState (FollowerState.java:run(117)) - 02863277-f564-4bc6-8337-fb22627f6f1a@group-24C785E9A0FC-FollowerState was interrupted: java.lang.InterruptedException: sleep interrupted
2019-10-23 12:13:39,220 [ad4d83c7-0f96-47bc-a4e8-7e5d9f844896@group-24C785E9A0FC-LeaderElection158] INFO  impl.LeaderElection (LeaderElection.java:logAndReturn(56)) - ad4d83c7-0f96-47bc-a4e8-7e5d9f844896@group-24C785E9A0FC-LeaderElection158: Election REJECTED; received 1 response(s) [ad4d83c7-0f96-47bc-a4e8-7e5d9f844896<-02863277-f564-4bc6-8337-fb22627f6f1a#0:FAIL-t157] and 1 exception(s); ad4d83c7-0f96-47bc-a4e8-7e5d9f844896@group-24C785E9A0FC:t157, leader=null, voted=ad4d83c7-0f96-47bc-a4e8-7e5d9f844896, raftlog=ad4d83c7-0f96-47bc-a4e8-7e5d9f844896@group-24C785E9A0FC-SegmentedRaftLog:OPENED:c-1,f-1,i0, conf=-1: [3b749b59-de2a-419b-9a26-261692f5c83c:192.168.69.118:39205, ad4d83c7-0f96-47bc-a4e8-7e5d9f844896:192.168.69.118:41688, 02863277-f564-4bc6-8337-fb22627f6f1a:192.168.69.118:36850], old=null
2019-10-23 12:13:39,220 [ad4d83c7-0f96-47bc-a4e8-7e5d9f844896@group-24C785E9A0FC-LeaderElection158] INFO  impl.LeaderElection (LogUtils.java:infoOrTrace(149)) -   Exception 0: {}
java.util.concurrent.ExecutionException: org.apache.ratis.thirdparty.io.grpc.StatusRuntimeException: UNAVAILABLE: io exception
	at java.util.concurrent.FutureTask.report(FutureTask.java:122)
	at java.util.concurrent.FutureTask.get(FutureTask.java:192)
	at org.apache.ratis.server.impl.LeaderElection.waitForResults(LeaderElection.java:259)
	at org.apache.ratis.server.impl.LeaderElection.askForVotes(LeaderElection.java:197)
	at org.apache.ratis.server.impl.LeaderElection.run(LeaderElection.java:133)
	at java.lang.Thread.run(Thread.java:748)
Caused by: org.apache.ratis.thirdparty.io.grpc.StatusRuntimeException: UNAVAILABLE: io exception
	at org.apache.ratis.thirdparty.io.grpc.stub.ClientCalls.toStatusRuntimeException(ClientCalls.java:233)
	at org.apache.ratis.thirdparty.io.grpc.stub.ClientCalls.getUnchecked(ClientCalls.java:214)
	at org.apache.ratis.thirdparty.io.grpc.stub.ClientCalls.blockingUnaryCall(ClientCalls.java:139)
	at org.apache.ratis.proto.grpc.RaftServerProtocolServiceGrpc$RaftServerProtocolServiceBlockingStub.requestVote(RaftServerProtocolServiceGrpc.java:265)
	at org.apache.ratis.grpc.server.GrpcServerProtocolClient.requestVote(GrpcServerProtocolClient.java:99)
	at org.apache.ratis.grpc.server.GrpcService.requestVote(GrpcService.java:204)
	at org.apache.ratis.server.impl.LeaderElection.lambda$submitRequests$1(LeaderElection.java:234)
	at java.util.concurrent.FutureTask.run(FutureTask.java:266)
	at java.util.concurrent.Executors$RunnableAdapter.call(Executors.java:511)
	at java.util.concurrent.FutureTask.run(FutureTask.java:266)
	at java.util.concurrent.ThreadPoolExecutor.runWorker(ThreadPoolExecutor.java:1149)
	at java.util.concurrent.ThreadPoolExecutor$Worker.run(ThreadPoolExecutor.java:624)
	... 1 more
Caused by: org.apache.ratis.thirdparty.io.netty.channel.AbstractChannel$AnnotatedConnectException: Connection refused: /192.168.69.118:39205
	at sun.nio.ch.SocketChannelImpl.checkConnect(Native Method)
	at sun.nio.ch.SocketChannelImpl.finishConnect(SocketChannelImpl.java:717)
	at org.apache.ratis.thirdparty.io.netty.channel.socket.nio.NioSocketChannel.doFinishConnect(NioSocketChannel.java:327)
	at org.apache.ratis.thirdparty.io.netty.channel.nio.AbstractNioChannel$AbstractNioUnsafe.finishConnect(AbstractNioChannel.java:340)
	at org.apache.ratis.thirdparty.io.netty.channel.nio.NioEventLoop.processSelectedKey(NioEventLoop.java:632)
	at org.apache.ratis.thirdparty.io.netty.channel.nio.NioEventLoop.processSelectedKeysOptimized(NioEventLoop.java:579)
	at org.apache.ratis.thirdparty.io.netty.channel.nio.NioEventLoop.processSelectedKeys(NioEventLoop.java:496)
	at org.apache.ratis.thirdparty.io.netty.channel.nio.NioEventLoop.run(NioEventLoop.java:458)
	at org.apache.ratis.thirdparty.io.netty.util.concurrent.SingleThreadEventExecutor$5.run(SingleThreadEventExecutor.java:897)
	at org.apache.ratis.thirdparty.io.netty.util.concurrent.FastThreadLocalRunnable.run(FastThreadLocalRunnable.java:30)
	... 1 more
Caused by: java.net.ConnectException: Connection refused
	... 11 more
2019-10-23 12:13:39,220 [ad4d83c7-0f96-47bc-a4e8-7e5d9f844896@group-24C785E9A0FC-LeaderElection158] INFO  impl.RaftServerImpl (RaftServerImpl.java:setRole(184)) - ad4d83c7-0f96-47bc-a4e8-7e5d9f844896@group-24C785E9A0FC: changes role from CANDIDATE to FOLLOWER at term 157 for DISCOVERED_A_NEW_TERM
2019-10-23 12:13:39,220 [ad4d83c7-0f96-47bc-a4e8-7e5d9f844896@group-24C785E9A0FC-LeaderElection158] INFO  impl.RoleInfo (RoleInfo.java:shutdownLeaderElection(134)) - ad4d83c7-0f96-47bc-a4e8-7e5d9f844896: shutdown LeaderElection
2019-10-23 12:13:39,220 [ad4d83c7-0f96-47bc-a4e8-7e5d9f844896@group-24C785E9A0FC-LeaderElection158] INFO  impl.RoleInfo (RoleInfo.java:updateAndGet(143)) - ad4d83c7-0f96-47bc-a4e8-7e5d9f844896: start FollowerState
2019-10-23 12:13:39,243 [Thread-1563] INFO  impl.FollowerState (FollowerState.java:run(108)) - ad4d83c7-0f96-47bc-a4e8-7e5d9f844896@group-24C785E9A0FC-FollowerState: change to CANDIDATE, lastRpcTime:22ms, electionTimeout:22ms
2019-10-23 12:13:39,243 [Thread-1563] INFO  impl.RoleInfo (RoleInfo.java:shutdownFollowerState(121)) - ad4d83c7-0f96-47bc-a4e8-7e5d9f844896: shutdown FollowerState
2019-10-23 12:13:39,243 [Thread-1563] INFO  impl.RaftServerImpl (RaftServerImpl.java:setRole(184)) - ad4d83c7-0f96-47bc-a4e8-7e5d9f844896@group-24C785E9A0FC: changes role from  FOLLOWER to CANDIDATE at term 157 for changeToCandidate
2019-10-23 12:13:39,243 [Thread-1563] INFO  impl.RoleInfo (RoleInfo.java:updateAndGet(143)) - ad4d83c7-0f96-47bc-a4e8-7e5d9f844896: start LeaderElection
2019-10-23 12:13:39,257 [ad4d83c7-0f96-47bc-a4e8-7e5d9f844896@group-24C785E9A0FC-LeaderElection159] INFO  impl.LeaderElection (LeaderElection.java:askForVotes(178)) - ad4d83c7-0f96-47bc-a4e8-7e5d9f844896@group-24C785E9A0FC-LeaderElection159: begin an election at term 158 for -1: [3b749b59-de2a-419b-9a26-261692f5c83c:192.168.69.118:39205, ad4d83c7-0f96-47bc-a4e8-7e5d9f844896:192.168.69.118:41688, 02863277-f564-4bc6-8337-fb22627f6f1a:192.168.69.118:36850], old=null
2019-10-23 12:13:39,258 [ad4d83c7-0f96-47bc-a4e8-7e5d9f844896@group-24C785E9A0FC-LeaderElection159] INFO  impl.LeaderElection (LogUtils.java:infoOrTrace(149)) - ad4d83c7-0f96-47bc-a4e8-7e5d9f844896@group-24C785E9A0FC-LeaderElection159 got exception when requesting votes: {}
java.util.concurrent.ExecutionException: org.apache.ratis.thirdparty.io.grpc.StatusRuntimeException: UNAVAILABLE: io exception
	at java.util.concurrent.FutureTask.report(FutureTask.java:122)
	at java.util.concurrent.FutureTask.get(FutureTask.java:192)
	at org.apache.ratis.server.impl.LeaderElection.waitForResults(LeaderElection.java:259)
	at org.apache.ratis.server.impl.LeaderElection.askForVotes(LeaderElection.java:197)
	at org.apache.ratis.server.impl.LeaderElection.run(LeaderElection.java:133)
	at java.lang.Thread.run(Thread.java:748)
Caused by: org.apache.ratis.thirdparty.io.grpc.StatusRuntimeException: UNAVAILABLE: io exception
	at org.apache.ratis.thirdparty.io.grpc.stub.ClientCalls.toStatusRuntimeException(ClientCalls.java:233)
	at org.apache.ratis.thirdparty.io.grpc.stub.ClientCalls.getUnchecked(ClientCalls.java:214)
	at org.apache.ratis.thirdparty.io.grpc.stub.ClientCalls.blockingUnaryCall(ClientCalls.java:139)
	at org.apache.ratis.proto.grpc.RaftServerProtocolServiceGrpc$RaftServerProtocolServiceBlockingStub.requestVote(RaftServerProtocolServiceGrpc.java:265)
	at org.apache.ratis.grpc.server.GrpcServerProtocolClient.requestVote(GrpcServerProtocolClient.java:99)
	at org.apache.ratis.grpc.server.GrpcService.requestVote(GrpcService.java:204)
	at org.apache.ratis.server.impl.LeaderElection.lambda$submitRequests$1(LeaderElection.java:234)
	at java.util.concurrent.FutureTask.run(FutureTask.java:266)
	at java.util.concurrent.Executors$RunnableAdapter.call(Executors.java:511)
	at java.util.concurrent.FutureTask.run(FutureTask.java:266)
	at java.util.concurrent.ThreadPoolExecutor.runWorker(ThreadPoolExecutor.java:1149)
	at java.util.concurrent.ThreadPoolExecutor$Worker.run(ThreadPoolExecutor.java:624)
	... 1 more
Caused by: org.apache.ratis.thirdparty.io.netty.channel.AbstractChannel$AnnotatedConnectException: Connection refused: /192.168.69.118:39205
	at sun.nio.ch.SocketChannelImpl.checkConnect(Native Method)
	at sun.nio.ch.SocketChannelImpl.finishConnect(SocketChannelImpl.java:717)
	at org.apache.ratis.thirdparty.io.netty.channel.socket.nio.NioSocketChannel.doFinishConnect(NioSocketChannel.java:327)
	at org.apache.ratis.thirdparty.io.netty.channel.nio.AbstractNioChannel$AbstractNioUnsafe.finishConnect(AbstractNioChannel.java:340)
	at org.apache.ratis.thirdparty.io.netty.channel.nio.NioEventLoop.processSelectedKey(NioEventLoop.java:632)
	at org.apache.ratis.thirdparty.io.netty.channel.nio.NioEventLoop.processSelectedKeysOptimized(NioEventLoop.java:579)
	at org.apache.ratis.thirdparty.io.netty.channel.nio.NioEventLoop.processSelectedKeys(NioEventLoop.java:496)
	at org.apache.ratis.thirdparty.io.netty.channel.nio.NioEventLoop.run(NioEventLoop.java:458)
	at org.apache.ratis.thirdparty.io.netty.util.concurrent.SingleThreadEventExecutor$5.run(SingleThreadEventExecutor.java:897)
	at org.apache.ratis.thirdparty.io.netty.util.concurrent.FastThreadLocalRunnable.run(FastThreadLocalRunnable.java:30)
	... 1 more
Caused by: java.net.ConnectException: Connection refused
	... 11 more
2019-10-23 12:13:39,260 [grpc-default-executor-3] INFO  impl.RaftServerImpl (RaftServerImpl.java:setRole(184)) - 02863277-f564-4bc6-8337-fb22627f6f1a@group-24C785E9A0FC: changes role from  FOLLOWER to FOLLOWER at term 158 for recognizeCandidate:ad4d83c7-0f96-47bc-a4e8-7e5d9f844896
2019-10-23 12:13:39,260 [grpc-default-executor-3] INFO  impl.RoleInfo (RoleInfo.java:shutdownFollowerState(121)) - 02863277-f564-4bc6-8337-fb22627f6f1a: shutdown FollowerState
2019-10-23 12:13:39,260 [grpc-default-executor-3] INFO  impl.RoleInfo (RoleInfo.java:updateAndGet(143)) - 02863277-f564-4bc6-8337-fb22627f6f1a: start FollowerState
2019-10-23 12:13:39,260 [Thread-1562] INFO  impl.FollowerState (FollowerState.java:run(117)) - 02863277-f564-4bc6-8337-fb22627f6f1a@group-24C785E9A0FC-FollowerState was interrupted: java.lang.InterruptedException: sleep interrupted
2019-10-23 12:13:39,273 [ad4d83c7-0f96-47bc-a4e8-7e5d9f844896@group-24C785E9A0FC-LeaderElection159] INFO  impl.LeaderElection (LeaderElection.java:logAndReturn(56)) - ad4d83c7-0f96-47bc-a4e8-7e5d9f844896@group-24C785E9A0FC-LeaderElection159: Election REJECTED; received 1 response(s) [ad4d83c7-0f96-47bc-a4e8-7e5d9f844896<-02863277-f564-4bc6-8337-fb22627f6f1a#0:FAIL-t158] and 1 exception(s); ad4d83c7-0f96-47bc-a4e8-7e5d9f844896@group-24C785E9A0FC:t158, leader=null, voted=ad4d83c7-0f96-47bc-a4e8-7e5d9f844896, raftlog=ad4d83c7-0f96-47bc-a4e8-7e5d9f844896@group-24C785E9A0FC-SegmentedRaftLog:OPENED:c-1,f-1,i0, conf=-1: [3b749b59-de2a-419b-9a26-261692f5c83c:192.168.69.118:39205, ad4d83c7-0f96-47bc-a4e8-7e5d9f844896:192.168.69.118:41688, 02863277-f564-4bc6-8337-fb22627f6f1a:192.168.69.118:36850], old=null
2019-10-23 12:13:39,273 [ad4d83c7-0f96-47bc-a4e8-7e5d9f844896@group-24C785E9A0FC-LeaderElection159] INFO  impl.LeaderElection (LogUtils.java:infoOrTrace(149)) -   Exception 0: {}
java.util.concurrent.ExecutionException: org.apache.ratis.thirdparty.io.grpc.StatusRuntimeException: UNAVAILABLE: io exception
	at java.util.concurrent.FutureTask.report(FutureTask.java:122)
	at java.util.concurrent.FutureTask.get(FutureTask.java:192)
	at org.apache.ratis.server.impl.LeaderElection.waitForResults(LeaderElection.java:259)
	at org.apache.ratis.server.impl.LeaderElection.askForVotes(LeaderElection.java:197)
	at org.apache.ratis.server.impl.LeaderElection.run(LeaderElection.java:133)
	at java.lang.Thread.run(Thread.java:748)
Caused by: org.apache.ratis.thirdparty.io.grpc.StatusRuntimeException: UNAVAILABLE: io exception
	at org.apache.ratis.thirdparty.io.grpc.stub.ClientCalls.toStatusRuntimeException(ClientCalls.java:233)
	at org.apache.ratis.thirdparty.io.grpc.stub.ClientCalls.getUnchecked(ClientCalls.java:214)
	at org.apache.ratis.thirdparty.io.grpc.stub.ClientCalls.blockingUnaryCall(ClientCalls.java:139)
	at org.apache.ratis.proto.grpc.RaftServerProtocolServiceGrpc$RaftServerProtocolServiceBlockingStub.requestVote(RaftServerProtocolServiceGrpc.java:265)
	at org.apache.ratis.grpc.server.GrpcServerProtocolClient.requestVote(GrpcServerProtocolClient.java:99)
	at org.apache.ratis.grpc.server.GrpcService.requestVote(GrpcService.java:204)
	at org.apache.ratis.server.impl.LeaderElection.lambda$submitRequests$1(LeaderElection.java:234)
	at java.util.concurrent.FutureTask.run(FutureTask.java:266)
	at java.util.concurrent.Executors$RunnableAdapter.call(Executors.java:511)
	at java.util.concurrent.FutureTask.run(FutureTask.java:266)
	at java.util.concurrent.ThreadPoolExecutor.runWorker(ThreadPoolExecutor.java:1149)
	at java.util.concurrent.ThreadPoolExecutor$Worker.run(ThreadPoolExecutor.java:624)
	... 1 more
Caused by: org.apache.ratis.thirdparty.io.netty.channel.AbstractChannel$AnnotatedConnectException: Connection refused: /192.168.69.118:39205
	at sun.nio.ch.SocketChannelImpl.checkConnect(Native Method)
	at sun.nio.ch.SocketChannelImpl.finishConnect(SocketChannelImpl.java:717)
	at org.apache.ratis.thirdparty.io.netty.channel.socket.nio.NioSocketChannel.doFinishConnect(NioSocketChannel.java:327)
	at org.apache.ratis.thirdparty.io.netty.channel.nio.AbstractNioChannel$AbstractNioUnsafe.finishConnect(AbstractNioChannel.java:340)
	at org.apache.ratis.thirdparty.io.netty.channel.nio.NioEventLoop.processSelectedKey(NioEventLoop.java:632)
	at org.apache.ratis.thirdparty.io.netty.channel.nio.NioEventLoop.processSelectedKeysOptimized(NioEventLoop.java:579)
	at org.apache.ratis.thirdparty.io.netty.channel.nio.NioEventLoop.processSelectedKeys(NioEventLoop.java:496)
	at org.apache.ratis.thirdparty.io.netty.channel.nio.NioEventLoop.run(NioEventLoop.java:458)
	at org.apache.ratis.thirdparty.io.netty.util.concurrent.SingleThreadEventExecutor$5.run(SingleThreadEventExecutor.java:897)
	at org.apache.ratis.thirdparty.io.netty.util.concurrent.FastThreadLocalRunnable.run(FastThreadLocalRunnable.java:30)
	... 1 more
Caused by: java.net.ConnectException: Connection refused
	... 11 more
2019-10-23 12:13:39,274 [ad4d83c7-0f96-47bc-a4e8-7e5d9f844896@group-24C785E9A0FC-LeaderElection159] INFO  impl.RaftServerImpl (RaftServerImpl.java:setRole(184)) - ad4d83c7-0f96-47bc-a4e8-7e5d9f844896@group-24C785E9A0FC: changes role from CANDIDATE to FOLLOWER at term 158 for DISCOVERED_A_NEW_TERM
2019-10-23 12:13:39,274 [ad4d83c7-0f96-47bc-a4e8-7e5d9f844896@group-24C785E9A0FC-LeaderElection159] INFO  impl.RoleInfo (RoleInfo.java:shutdownLeaderElection(134)) - ad4d83c7-0f96-47bc-a4e8-7e5d9f844896: shutdown LeaderElection
2019-10-23 12:13:39,274 [ad4d83c7-0f96-47bc-a4e8-7e5d9f844896@group-24C785E9A0FC-LeaderElection159] INFO  impl.RoleInfo (RoleInfo.java:updateAndGet(143)) - ad4d83c7-0f96-47bc-a4e8-7e5d9f844896: start FollowerState
2019-10-23 12:13:39,328 [Thread-1568] INFO  impl.FollowerState (FollowerState.java:run(108)) - ad4d83c7-0f96-47bc-a4e8-7e5d9f844896@group-24C785E9A0FC-FollowerState: change to CANDIDATE, lastRpcTime:54ms, electionTimeout:54ms
2019-10-23 12:13:39,328 [Thread-1568] INFO  impl.RoleInfo (RoleInfo.java:shutdownFollowerState(121)) - ad4d83c7-0f96-47bc-a4e8-7e5d9f844896: shutdown FollowerState
2019-10-23 12:13:39,328 [Thread-1568] INFO  impl.RaftServerImpl (RaftServerImpl.java:setRole(184)) - ad4d83c7-0f96-47bc-a4e8-7e5d9f844896@group-24C785E9A0FC: changes role from  FOLLOWER to CANDIDATE at term 158 for changeToCandidate
2019-10-23 12:13:39,329 [Thread-1568] INFO  impl.RoleInfo (RoleInfo.java:updateAndGet(143)) - ad4d83c7-0f96-47bc-a4e8-7e5d9f844896: start LeaderElection
2019-10-23 12:13:39,342 [ad4d83c7-0f96-47bc-a4e8-7e5d9f844896@group-24C785E9A0FC-LeaderElection160] INFO  impl.LeaderElection (LeaderElection.java:askForVotes(178)) - ad4d83c7-0f96-47bc-a4e8-7e5d9f844896@group-24C785E9A0FC-LeaderElection160: begin an election at term 159 for -1: [3b749b59-de2a-419b-9a26-261692f5c83c:192.168.69.118:39205, ad4d83c7-0f96-47bc-a4e8-7e5d9f844896:192.168.69.118:41688, 02863277-f564-4bc6-8337-fb22627f6f1a:192.168.69.118:36850], old=null
2019-10-23 12:13:39,343 [ad4d83c7-0f96-47bc-a4e8-7e5d9f844896@group-24C785E9A0FC-LeaderElection160] INFO  impl.LeaderElection (LogUtils.java:infoOrTrace(149)) - ad4d83c7-0f96-47bc-a4e8-7e5d9f844896@group-24C785E9A0FC-LeaderElection160 got exception when requesting votes: {}
java.util.concurrent.ExecutionException: org.apache.ratis.thirdparty.io.grpc.StatusRuntimeException: UNAVAILABLE: io exception
	at java.util.concurrent.FutureTask.report(FutureTask.java:122)
	at java.util.concurrent.FutureTask.get(FutureTask.java:192)
	at org.apache.ratis.server.impl.LeaderElection.waitForResults(LeaderElection.java:259)
	at org.apache.ratis.server.impl.LeaderElection.askForVotes(LeaderElection.java:197)
	at org.apache.ratis.server.impl.LeaderElection.run(LeaderElection.java:133)
	at java.lang.Thread.run(Thread.java:748)
Caused by: org.apache.ratis.thirdparty.io.grpc.StatusRuntimeException: UNAVAILABLE: io exception
	at org.apache.ratis.thirdparty.io.grpc.stub.ClientCalls.toStatusRuntimeException(ClientCalls.java:233)
	at org.apache.ratis.thirdparty.io.grpc.stub.ClientCalls.getUnchecked(ClientCalls.java:214)
	at org.apache.ratis.thirdparty.io.grpc.stub.ClientCalls.blockingUnaryCall(ClientCalls.java:139)
	at org.apache.ratis.proto.grpc.RaftServerProtocolServiceGrpc$RaftServerProtocolServiceBlockingStub.requestVote(RaftServerProtocolServiceGrpc.java:265)
	at org.apache.ratis.grpc.server.GrpcServerProtocolClient.requestVote(GrpcServerProtocolClient.java:99)
	at org.apache.ratis.grpc.server.GrpcService.requestVote(GrpcService.java:204)
	at org.apache.ratis.server.impl.LeaderElection.lambda$submitRequests$1(LeaderElection.java:234)
	at java.util.concurrent.FutureTask.run(FutureTask.java:266)
	at java.util.concurrent.Executors$RunnableAdapter.call(Executors.java:511)
	at java.util.concurrent.FutureTask.run(FutureTask.java:266)
	at java.util.concurrent.ThreadPoolExecutor.runWorker(ThreadPoolExecutor.java:1149)
	at java.util.concurrent.ThreadPoolExecutor$Worker.run(ThreadPoolExecutor.java:624)
	... 1 more
Caused by: org.apache.ratis.thirdparty.io.netty.channel.AbstractChannel$AnnotatedConnectException: Connection refused: /192.168.69.118:39205
	at sun.nio.ch.SocketChannelImpl.checkConnect(Native Method)
	at sun.nio.ch.SocketChannelImpl.finishConnect(SocketChannelImpl.java:717)
	at org.apache.ratis.thirdparty.io.netty.channel.socket.nio.NioSocketChannel.doFinishConnect(NioSocketChannel.java:327)
	at org.apache.ratis.thirdparty.io.netty.channel.nio.AbstractNioChannel$AbstractNioUnsafe.finishConnect(AbstractNioChannel.java:340)
	at org.apache.ratis.thirdparty.io.netty.channel.nio.NioEventLoop.processSelectedKey(NioEventLoop.java:632)
	at org.apache.ratis.thirdparty.io.netty.channel.nio.NioEventLoop.processSelectedKeysOptimized(NioEventLoop.java:579)
	at org.apache.ratis.thirdparty.io.netty.channel.nio.NioEventLoop.processSelectedKeys(NioEventLoop.java:496)
	at org.apache.ratis.thirdparty.io.netty.channel.nio.NioEventLoop.run(NioEventLoop.java:458)
	at org.apache.ratis.thirdparty.io.netty.util.concurrent.SingleThreadEventExecutor$5.run(SingleThreadEventExecutor.java:897)
	at org.apache.ratis.thirdparty.io.netty.util.concurrent.FastThreadLocalRunnable.run(FastThreadLocalRunnable.java:30)
	... 1 more
Caused by: java.net.ConnectException: Connection refused
	... 11 more
2019-10-23 12:13:39,348 [grpc-default-executor-3] INFO  impl.RaftServerImpl (RaftServerImpl.java:setRole(184)) - 02863277-f564-4bc6-8337-fb22627f6f1a@group-24C785E9A0FC: changes role from  FOLLOWER to FOLLOWER at term 159 for recognizeCandidate:ad4d83c7-0f96-47bc-a4e8-7e5d9f844896
2019-10-23 12:13:39,348 [grpc-default-executor-3] INFO  impl.RoleInfo (RoleInfo.java:shutdownFollowerState(121)) - 02863277-f564-4bc6-8337-fb22627f6f1a: shutdown FollowerState
2019-10-23 12:13:39,348 [grpc-default-executor-3] INFO  impl.RoleInfo (RoleInfo.java:updateAndGet(143)) - 02863277-f564-4bc6-8337-fb22627f6f1a: start FollowerState
2019-10-23 12:13:39,348 [Thread-1567] INFO  impl.FollowerState (FollowerState.java:run(117)) - 02863277-f564-4bc6-8337-fb22627f6f1a@group-24C785E9A0FC-FollowerState was interrupted: java.lang.InterruptedException: sleep interrupted
2019-10-23 12:13:39,363 [ad4d83c7-0f96-47bc-a4e8-7e5d9f844896@group-24C785E9A0FC-LeaderElection160] INFO  impl.LeaderElection (LeaderElection.java:logAndReturn(56)) - ad4d83c7-0f96-47bc-a4e8-7e5d9f844896@group-24C785E9A0FC-LeaderElection160: Election REJECTED; received 1 response(s) [ad4d83c7-0f96-47bc-a4e8-7e5d9f844896<-02863277-f564-4bc6-8337-fb22627f6f1a#0:FAIL-t159] and 1 exception(s); ad4d83c7-0f96-47bc-a4e8-7e5d9f844896@group-24C785E9A0FC:t159, leader=null, voted=ad4d83c7-0f96-47bc-a4e8-7e5d9f844896, raftlog=ad4d83c7-0f96-47bc-a4e8-7e5d9f844896@group-24C785E9A0FC-SegmentedRaftLog:OPENED:c-1,f-1,i0, conf=-1: [3b749b59-de2a-419b-9a26-261692f5c83c:192.168.69.118:39205, ad4d83c7-0f96-47bc-a4e8-7e5d9f844896:192.168.69.118:41688, 02863277-f564-4bc6-8337-fb22627f6f1a:192.168.69.118:36850], old=null
2019-10-23 12:13:39,363 [ad4d83c7-0f96-47bc-a4e8-7e5d9f844896@group-24C785E9A0FC-LeaderElection160] INFO  impl.LeaderElection (LogUtils.java:infoOrTrace(149)) -   Exception 0: {}
java.util.concurrent.ExecutionException: org.apache.ratis.thirdparty.io.grpc.StatusRuntimeException: UNAVAILABLE: io exception
	at java.util.concurrent.FutureTask.report(FutureTask.java:122)
	at java.util.concurrent.FutureTask.get(FutureTask.java:192)
	at org.apache.ratis.server.impl.LeaderElection.waitForResults(LeaderElection.java:259)
	at org.apache.ratis.server.impl.LeaderElection.askForVotes(LeaderElection.java:197)
	at org.apache.ratis.server.impl.LeaderElection.run(LeaderElection.java:133)
	at java.lang.Thread.run(Thread.java:748)
Caused by: org.apache.ratis.thirdparty.io.grpc.StatusRuntimeException: UNAVAILABLE: io exception
	at org.apache.ratis.thirdparty.io.grpc.stub.ClientCalls.toStatusRuntimeException(ClientCalls.java:233)
	at org.apache.ratis.thirdparty.io.grpc.stub.ClientCalls.getUnchecked(ClientCalls.java:214)
	at org.apache.ratis.thirdparty.io.grpc.stub.ClientCalls.blockingUnaryCall(ClientCalls.java:139)
	at org.apache.ratis.proto.grpc.RaftServerProtocolServiceGrpc$RaftServerProtocolServiceBlockingStub.requestVote(RaftServerProtocolServiceGrpc.java:265)
	at org.apache.ratis.grpc.server.GrpcServerProtocolClient.requestVote(GrpcServerProtocolClient.java:99)
	at org.apache.ratis.grpc.server.GrpcService.requestVote(GrpcService.java:204)
	at org.apache.ratis.server.impl.LeaderElection.lambda$submitRequests$1(LeaderElection.java:234)
	at java.util.concurrent.FutureTask.run(FutureTask.java:266)
	at java.util.concurrent.Executors$RunnableAdapter.call(Executors.java:511)
	at java.util.concurrent.FutureTask.run(FutureTask.java:266)
	at java.util.concurrent.ThreadPoolExecutor.runWorker(ThreadPoolExecutor.java:1149)
	at java.util.concurrent.ThreadPoolExecutor$Worker.run(ThreadPoolExecutor.java:624)
	... 1 more
Caused by: org.apache.ratis.thirdparty.io.netty.channel.AbstractChannel$AnnotatedConnectException: Connection refused: /192.168.69.118:39205
	at sun.nio.ch.SocketChannelImpl.checkConnect(Native Method)
	at sun.nio.ch.SocketChannelImpl.finishConnect(SocketChannelImpl.java:717)
	at org.apache.ratis.thirdparty.io.netty.channel.socket.nio.NioSocketChannel.doFinishConnect(NioSocketChannel.java:327)
	at org.apache.ratis.thirdparty.io.netty.channel.nio.AbstractNioChannel$AbstractNioUnsafe.finishConnect(AbstractNioChannel.java:340)
	at org.apache.ratis.thirdparty.io.netty.channel.nio.NioEventLoop.processSelectedKey(NioEventLoop.java:632)
	at org.apache.ratis.thirdparty.io.netty.channel.nio.NioEventLoop.processSelectedKeysOptimized(NioEventLoop.java:579)
	at org.apache.ratis.thirdparty.io.netty.channel.nio.NioEventLoop.processSelectedKeys(NioEventLoop.java:496)
	at org.apache.ratis.thirdparty.io.netty.channel.nio.NioEventLoop.run(NioEventLoop.java:458)
	at org.apache.ratis.thirdparty.io.netty.util.concurrent.SingleThreadEventExecutor$5.run(SingleThreadEventExecutor.java:897)
	at org.apache.ratis.thirdparty.io.netty.util.concurrent.FastThreadLocalRunnable.run(FastThreadLocalRunnable.java:30)
	... 1 more
Caused by: java.net.ConnectException: Connection refused
	... 11 more
2019-10-23 12:13:39,364 [ad4d83c7-0f96-47bc-a4e8-7e5d9f844896@group-24C785E9A0FC-LeaderElection160] INFO  impl.RaftServerImpl (RaftServerImpl.java:setRole(184)) - ad4d83c7-0f96-47bc-a4e8-7e5d9f844896@group-24C785E9A0FC: changes role from CANDIDATE to FOLLOWER at term 159 for DISCOVERED_A_NEW_TERM
2019-10-23 12:13:39,364 [ad4d83c7-0f96-47bc-a4e8-7e5d9f844896@group-24C785E9A0FC-LeaderElection160] INFO  impl.RoleInfo (RoleInfo.java:shutdownLeaderElection(134)) - ad4d83c7-0f96-47bc-a4e8-7e5d9f844896: shutdown LeaderElection
2019-10-23 12:13:39,364 [ad4d83c7-0f96-47bc-a4e8-7e5d9f844896@group-24C785E9A0FC-LeaderElection160] INFO  impl.RoleInfo (RoleInfo.java:updateAndGet(143)) - ad4d83c7-0f96-47bc-a4e8-7e5d9f844896: start FollowerState
2019-10-23 12:13:39,450 [Thread-1573] INFO  impl.FollowerState (FollowerState.java:run(108)) - ad4d83c7-0f96-47bc-a4e8-7e5d9f844896@group-24C785E9A0FC-FollowerState: change to CANDIDATE, lastRpcTime:86ms, electionTimeout:86ms
2019-10-23 12:13:39,450 [Thread-1573] INFO  impl.RoleInfo (RoleInfo.java:shutdownFollowerState(121)) - ad4d83c7-0f96-47bc-a4e8-7e5d9f844896: shutdown FollowerState
2019-10-23 12:13:39,451 [Thread-1573] INFO  impl.RaftServerImpl (RaftServerImpl.java:setRole(184)) - ad4d83c7-0f96-47bc-a4e8-7e5d9f844896@group-24C785E9A0FC: changes role from  FOLLOWER to CANDIDATE at term 159 for changeToCandidate
2019-10-23 12:13:39,451 [Thread-1573] INFO  impl.RoleInfo (RoleInfo.java:updateAndGet(143)) - ad4d83c7-0f96-47bc-a4e8-7e5d9f844896: start LeaderElection
2019-10-23 12:13:39,464 [ad4d83c7-0f96-47bc-a4e8-7e5d9f844896@group-24C785E9A0FC-LeaderElection161] INFO  impl.LeaderElection (LeaderElection.java:askForVotes(178)) - ad4d83c7-0f96-47bc-a4e8-7e5d9f844896@group-24C785E9A0FC-LeaderElection161: begin an election at term 160 for -1: [3b749b59-de2a-419b-9a26-261692f5c83c:192.168.69.118:39205, ad4d83c7-0f96-47bc-a4e8-7e5d9f844896:192.168.69.118:41688, 02863277-f564-4bc6-8337-fb22627f6f1a:192.168.69.118:36850], old=null
2019-10-23 12:13:39,465 [ad4d83c7-0f96-47bc-a4e8-7e5d9f844896@group-24C785E9A0FC-LeaderElection161] INFO  impl.LeaderElection (LogUtils.java:infoOrTrace(149)) - ad4d83c7-0f96-47bc-a4e8-7e5d9f844896@group-24C785E9A0FC-LeaderElection161 got exception when requesting votes: {}
java.util.concurrent.ExecutionException: org.apache.ratis.thirdparty.io.grpc.StatusRuntimeException: UNAVAILABLE: io exception
	at java.util.concurrent.FutureTask.report(FutureTask.java:122)
	at java.util.concurrent.FutureTask.get(FutureTask.java:192)
	at org.apache.ratis.server.impl.LeaderElection.waitForResults(LeaderElection.java:259)
	at org.apache.ratis.server.impl.LeaderElection.askForVotes(LeaderElection.java:197)
	at org.apache.ratis.server.impl.LeaderElection.run(LeaderElection.java:133)
	at java.lang.Thread.run(Thread.java:748)
Caused by: org.apache.ratis.thirdparty.io.grpc.StatusRuntimeException: UNAVAILABLE: io exception
	at org.apache.ratis.thirdparty.io.grpc.stub.ClientCalls.toStatusRuntimeException(ClientCalls.java:233)
	at org.apache.ratis.thirdparty.io.grpc.stub.ClientCalls.getUnchecked(ClientCalls.java:214)
	at org.apache.ratis.thirdparty.io.grpc.stub.ClientCalls.blockingUnaryCall(ClientCalls.java:139)
	at org.apache.ratis.proto.grpc.RaftServerProtocolServiceGrpc$RaftServerProtocolServiceBlockingStub.requestVote(RaftServerProtocolServiceGrpc.java:265)
	at org.apache.ratis.grpc.server.GrpcServerProtocolClient.requestVote(GrpcServerProtocolClient.java:99)
	at org.apache.ratis.grpc.server.GrpcService.requestVote(GrpcService.java:204)
	at org.apache.ratis.server.impl.LeaderElection.lambda$submitRequests$1(LeaderElection.java:234)
	at java.util.concurrent.FutureTask.run(FutureTask.java:266)
	at java.util.concurrent.Executors$RunnableAdapter.call(Executors.java:511)
	at java.util.concurrent.FutureTask.run(FutureTask.java:266)
	at java.util.concurrent.ThreadPoolExecutor.runWorker(ThreadPoolExecutor.java:1149)
	at java.util.concurrent.ThreadPoolExecutor$Worker.run(ThreadPoolExecutor.java:624)
	... 1 more
Caused by: org.apache.ratis.thirdparty.io.netty.channel.AbstractChannel$AnnotatedConnectException: Connection refused: /192.168.69.118:39205
	at sun.nio.ch.SocketChannelImpl.checkConnect(Native Method)
	at sun.nio.ch.SocketChannelImpl.finishConnect(SocketChannelImpl.java:717)
	at org.apache.ratis.thirdparty.io.netty.channel.socket.nio.NioSocketChannel.doFinishConnect(NioSocketChannel.java:327)
	at org.apache.ratis.thirdparty.io.netty.channel.nio.AbstractNioChannel$AbstractNioUnsafe.finishConnect(AbstractNioChannel.java:340)
	at org.apache.ratis.thirdparty.io.netty.channel.nio.NioEventLoop.processSelectedKey(NioEventLoop.java:632)
	at org.apache.ratis.thirdparty.io.netty.channel.nio.NioEventLoop.processSelectedKeysOptimized(NioEventLoop.java:579)
	at org.apache.ratis.thirdparty.io.netty.channel.nio.NioEventLoop.processSelectedKeys(NioEventLoop.java:496)
	at org.apache.ratis.thirdparty.io.netty.channel.nio.NioEventLoop.run(NioEventLoop.java:458)
	at org.apache.ratis.thirdparty.io.netty.util.concurrent.SingleThreadEventExecutor$5.run(SingleThreadEventExecutor.java:897)
	at org.apache.ratis.thirdparty.io.netty.util.concurrent.FastThreadLocalRunnable.run(FastThreadLocalRunnable.java:30)
	... 1 more
Caused by: java.net.ConnectException: Connection refused
	... 11 more
2019-10-23 12:13:39,469 [grpc-default-executor-3] INFO  impl.RaftServerImpl (RaftServerImpl.java:setRole(184)) - 02863277-f564-4bc6-8337-fb22627f6f1a@group-24C785E9A0FC: changes role from  FOLLOWER to FOLLOWER at term 160 for recognizeCandidate:ad4d83c7-0f96-47bc-a4e8-7e5d9f844896
2019-10-23 12:13:39,469 [grpc-default-executor-3] INFO  impl.RoleInfo (RoleInfo.java:shutdownFollowerState(121)) - 02863277-f564-4bc6-8337-fb22627f6f1a: shutdown FollowerState
2019-10-23 12:13:39,469 [grpc-default-executor-3] INFO  impl.RoleInfo (RoleInfo.java:updateAndGet(143)) - 02863277-f564-4bc6-8337-fb22627f6f1a: start FollowerState
2019-10-23 12:13:39,469 [Thread-1572] INFO  impl.FollowerState (FollowerState.java:run(117)) - 02863277-f564-4bc6-8337-fb22627f6f1a@group-24C785E9A0FC-FollowerState was interrupted: java.lang.InterruptedException: sleep interrupted
2019-10-23 12:13:39,483 [ad4d83c7-0f96-47bc-a4e8-7e5d9f844896@group-24C785E9A0FC-LeaderElection161] INFO  impl.LeaderElection (LeaderElection.java:logAndReturn(56)) - ad4d83c7-0f96-47bc-a4e8-7e5d9f844896@group-24C785E9A0FC-LeaderElection161: Election REJECTED; received 1 response(s) [ad4d83c7-0f96-47bc-a4e8-7e5d9f844896<-02863277-f564-4bc6-8337-fb22627f6f1a#0:FAIL-t160] and 1 exception(s); ad4d83c7-0f96-47bc-a4e8-7e5d9f844896@group-24C785E9A0FC:t160, leader=null, voted=ad4d83c7-0f96-47bc-a4e8-7e5d9f844896, raftlog=ad4d83c7-0f96-47bc-a4e8-7e5d9f844896@group-24C785E9A0FC-SegmentedRaftLog:OPENED:c-1,f-1,i0, conf=-1: [3b749b59-de2a-419b-9a26-261692f5c83c:192.168.69.118:39205, ad4d83c7-0f96-47bc-a4e8-7e5d9f844896:192.168.69.118:41688, 02863277-f564-4bc6-8337-fb22627f6f1a:192.168.69.118:36850], old=null
2019-10-23 12:13:39,483 [ad4d83c7-0f96-47bc-a4e8-7e5d9f844896@group-24C785E9A0FC-LeaderElection161] INFO  impl.LeaderElection (LogUtils.java:infoOrTrace(149)) -   Exception 0: {}
java.util.concurrent.ExecutionException: org.apache.ratis.thirdparty.io.grpc.StatusRuntimeException: UNAVAILABLE: io exception
	at java.util.concurrent.FutureTask.report(FutureTask.java:122)
	at java.util.concurrent.FutureTask.get(FutureTask.java:192)
	at org.apache.ratis.server.impl.LeaderElection.waitForResults(LeaderElection.java:259)
	at org.apache.ratis.server.impl.LeaderElection.askForVotes(LeaderElection.java:197)
	at org.apache.ratis.server.impl.LeaderElection.run(LeaderElection.java:133)
	at java.lang.Thread.run(Thread.java:748)
Caused by: org.apache.ratis.thirdparty.io.grpc.StatusRuntimeException: UNAVAILABLE: io exception
	at org.apache.ratis.thirdparty.io.grpc.stub.ClientCalls.toStatusRuntimeException(ClientCalls.java:233)
	at org.apache.ratis.thirdparty.io.grpc.stub.ClientCalls.getUnchecked(ClientCalls.java:214)
	at org.apache.ratis.thirdparty.io.grpc.stub.ClientCalls.blockingUnaryCall(ClientCalls.java:139)
	at org.apache.ratis.proto.grpc.RaftServerProtocolServiceGrpc$RaftServerProtocolServiceBlockingStub.requestVote(RaftServerProtocolServiceGrpc.java:265)
	at org.apache.ratis.grpc.server.GrpcServerProtocolClient.requestVote(GrpcServerProtocolClient.java:99)
	at org.apache.ratis.grpc.server.GrpcService.requestVote(GrpcService.java:204)
	at org.apache.ratis.server.impl.LeaderElection.lambda$submitRequests$1(LeaderElection.java:234)
	at java.util.concurrent.FutureTask.run(FutureTask.java:266)
	at java.util.concurrent.Executors$RunnableAdapter.call(Executors.java:511)
	at java.util.concurrent.FutureTask.run(FutureTask.java:266)
	at java.util.concurrent.ThreadPoolExecutor.runWorker(ThreadPoolExecutor.java:1149)
	at java.util.concurrent.ThreadPoolExecutor$Worker.run(ThreadPoolExecutor.java:624)
	... 1 more
Caused by: org.apache.ratis.thirdparty.io.netty.channel.AbstractChannel$AnnotatedConnectException: Connection refused: /192.168.69.118:39205
	at sun.nio.ch.SocketChannelImpl.checkConnect(Native Method)
	at sun.nio.ch.SocketChannelImpl.finishConnect(SocketChannelImpl.java:717)
	at org.apache.ratis.thirdparty.io.netty.channel.socket.nio.NioSocketChannel.doFinishConnect(NioSocketChannel.java:327)
	at org.apache.ratis.thirdparty.io.netty.channel.nio.AbstractNioChannel$AbstractNioUnsafe.finishConnect(AbstractNioChannel.java:340)
	at org.apache.ratis.thirdparty.io.netty.channel.nio.NioEventLoop.processSelectedKey(NioEventLoop.java:632)
	at org.apache.ratis.thirdparty.io.netty.channel.nio.NioEventLoop.processSelectedKeysOptimized(NioEventLoop.java:579)
	at org.apache.ratis.thirdparty.io.netty.channel.nio.NioEventLoop.processSelectedKeys(NioEventLoop.java:496)
	at org.apache.ratis.thirdparty.io.netty.channel.nio.NioEventLoop.run(NioEventLoop.java:458)
	at org.apache.ratis.thirdparty.io.netty.util.concurrent.SingleThreadEventExecutor$5.run(SingleThreadEventExecutor.java:897)
	at org.apache.ratis.thirdparty.io.netty.util.concurrent.FastThreadLocalRunnable.run(FastThreadLocalRunnable.java:30)
	... 1 more
Caused by: java.net.ConnectException: Connection refused
	... 11 more
2019-10-23 12:13:39,483 [ad4d83c7-0f96-47bc-a4e8-7e5d9f844896@group-24C785E9A0FC-LeaderElection161] INFO  impl.RaftServerImpl (RaftServerImpl.java:setRole(184)) - ad4d83c7-0f96-47bc-a4e8-7e5d9f844896@group-24C785E9A0FC: changes role from CANDIDATE to FOLLOWER at term 160 for DISCOVERED_A_NEW_TERM
2019-10-23 12:13:39,483 [ad4d83c7-0f96-47bc-a4e8-7e5d9f844896@group-24C785E9A0FC-LeaderElection161] INFO  impl.RoleInfo (RoleInfo.java:shutdownLeaderElection(134)) - ad4d83c7-0f96-47bc-a4e8-7e5d9f844896: shutdown LeaderElection
2019-10-23 12:13:39,484 [ad4d83c7-0f96-47bc-a4e8-7e5d9f844896@group-24C785E9A0FC-LeaderElection161] INFO  impl.RoleInfo (RoleInfo.java:updateAndGet(143)) - ad4d83c7-0f96-47bc-a4e8-7e5d9f844896: start FollowerState
2019-10-23 12:13:39,539 [Thread-1578] INFO  impl.FollowerState (FollowerState.java:run(108)) - ad4d83c7-0f96-47bc-a4e8-7e5d9f844896@group-24C785E9A0FC-FollowerState: change to CANDIDATE, lastRpcTime:55ms, electionTimeout:55ms
2019-10-23 12:13:39,539 [Thread-1578] INFO  impl.RoleInfo (RoleInfo.java:shutdownFollowerState(121)) - ad4d83c7-0f96-47bc-a4e8-7e5d9f844896: shutdown FollowerState
2019-10-23 12:13:39,539 [Thread-1578] INFO  impl.RaftServerImpl (RaftServerImpl.java:setRole(184)) - ad4d83c7-0f96-47bc-a4e8-7e5d9f844896@group-24C785E9A0FC: changes role from  FOLLOWER to CANDIDATE at term 160 for changeToCandidate
2019-10-23 12:13:39,539 [Thread-1578] INFO  impl.RoleInfo (RoleInfo.java:updateAndGet(143)) - ad4d83c7-0f96-47bc-a4e8-7e5d9f844896: start LeaderElection
2019-10-23 12:13:39,553 [ad4d83c7-0f96-47bc-a4e8-7e5d9f844896@group-24C785E9A0FC-LeaderElection162] INFO  impl.LeaderElection (LeaderElection.java:askForVotes(178)) - ad4d83c7-0f96-47bc-a4e8-7e5d9f844896@group-24C785E9A0FC-LeaderElection162: begin an election at term 161 for -1: [3b749b59-de2a-419b-9a26-261692f5c83c:192.168.69.118:39205, ad4d83c7-0f96-47bc-a4e8-7e5d9f844896:192.168.69.118:41688, 02863277-f564-4bc6-8337-fb22627f6f1a:192.168.69.118:36850], old=null
2019-10-23 12:13:39,554 [ad4d83c7-0f96-47bc-a4e8-7e5d9f844896@group-24C785E9A0FC-LeaderElection162] INFO  impl.LeaderElection (LogUtils.java:infoOrTrace(149)) - ad4d83c7-0f96-47bc-a4e8-7e5d9f844896@group-24C785E9A0FC-LeaderElection162 got exception when requesting votes: {}
java.util.concurrent.ExecutionException: org.apache.ratis.thirdparty.io.grpc.StatusRuntimeException: UNAVAILABLE: io exception
	at java.util.concurrent.FutureTask.report(FutureTask.java:122)
	at java.util.concurrent.FutureTask.get(FutureTask.java:192)
	at org.apache.ratis.server.impl.LeaderElection.waitForResults(LeaderElection.java:259)
	at org.apache.ratis.server.impl.LeaderElection.askForVotes(LeaderElection.java:197)
	at org.apache.ratis.server.impl.LeaderElection.run(LeaderElection.java:133)
	at java.lang.Thread.run(Thread.java:748)
Caused by: org.apache.ratis.thirdparty.io.grpc.StatusRuntimeException: UNAVAILABLE: io exception
	at org.apache.ratis.thirdparty.io.grpc.stub.ClientCalls.toStatusRuntimeException(ClientCalls.java:233)
	at org.apache.ratis.thirdparty.io.grpc.stub.ClientCalls.getUnchecked(ClientCalls.java:214)
	at org.apache.ratis.thirdparty.io.grpc.stub.ClientCalls.blockingUnaryCall(ClientCalls.java:139)
	at org.apache.ratis.proto.grpc.RaftServerProtocolServiceGrpc$RaftServerProtocolServiceBlockingStub.requestVote(RaftServerProtocolServiceGrpc.java:265)
	at org.apache.ratis.grpc.server.GrpcServerProtocolClient.requestVote(GrpcServerProtocolClient.java:99)
	at org.apache.ratis.grpc.server.GrpcService.requestVote(GrpcService.java:204)
	at org.apache.ratis.server.impl.LeaderElection.lambda$submitRequests$1(LeaderElection.java:234)
	at java.util.concurrent.FutureTask.run(FutureTask.java:266)
	at java.util.concurrent.Executors$RunnableAdapter.call(Executors.java:511)
	at java.util.concurrent.FutureTask.run(FutureTask.java:266)
	at java.util.concurrent.ThreadPoolExecutor.runWorker(ThreadPoolExecutor.java:1149)
	at java.util.concurrent.ThreadPoolExecutor$Worker.run(ThreadPoolExecutor.java:624)
	... 1 more
Caused by: org.apache.ratis.thirdparty.io.netty.channel.AbstractChannel$AnnotatedConnectException: Connection refused: /192.168.69.118:39205
	at sun.nio.ch.SocketChannelImpl.checkConnect(Native Method)
	at sun.nio.ch.SocketChannelImpl.finishConnect(SocketChannelImpl.java:717)
	at org.apache.ratis.thirdparty.io.netty.channel.socket.nio.NioSocketChannel.doFinishConnect(NioSocketChannel.java:327)
	at org.apache.ratis.thirdparty.io.netty.channel.nio.AbstractNioChannel$AbstractNioUnsafe.finishConnect(AbstractNioChannel.java:340)
	at org.apache.ratis.thirdparty.io.netty.channel.nio.NioEventLoop.processSelectedKey(NioEventLoop.java:632)
	at org.apache.ratis.thirdparty.io.netty.channel.nio.NioEventLoop.processSelectedKeysOptimized(NioEventLoop.java:579)
	at org.apache.ratis.thirdparty.io.netty.channel.nio.NioEventLoop.processSelectedKeys(NioEventLoop.java:496)
	at org.apache.ratis.thirdparty.io.netty.channel.nio.NioEventLoop.run(NioEventLoop.java:458)
	at org.apache.ratis.thirdparty.io.netty.util.concurrent.SingleThreadEventExecutor$5.run(SingleThreadEventExecutor.java:897)
	at org.apache.ratis.thirdparty.io.netty.util.concurrent.FastThreadLocalRunnable.run(FastThreadLocalRunnable.java:30)
	... 1 more
Caused by: java.net.ConnectException: Connection refused
	... 11 more
2019-10-23 12:13:39,556 [grpc-default-executor-3] INFO  impl.RaftServerImpl (RaftServerImpl.java:setRole(184)) - 02863277-f564-4bc6-8337-fb22627f6f1a@group-24C785E9A0FC: changes role from  FOLLOWER to FOLLOWER at term 161 for recognizeCandidate:ad4d83c7-0f96-47bc-a4e8-7e5d9f844896
2019-10-23 12:13:39,557 [grpc-default-executor-3] INFO  impl.RoleInfo (RoleInfo.java:shutdownFollowerState(121)) - 02863277-f564-4bc6-8337-fb22627f6f1a: shutdown FollowerState
2019-10-23 12:13:39,557 [grpc-default-executor-3] INFO  impl.RoleInfo (RoleInfo.java:updateAndGet(143)) - 02863277-f564-4bc6-8337-fb22627f6f1a: start FollowerState
2019-10-23 12:13:39,557 [Thread-1577] INFO  impl.FollowerState (FollowerState.java:run(117)) - 02863277-f564-4bc6-8337-fb22627f6f1a@group-24C785E9A0FC-FollowerState was interrupted: java.lang.InterruptedException: sleep interrupted
2019-10-23 12:13:39,574 [ad4d83c7-0f96-47bc-a4e8-7e5d9f844896@group-24C785E9A0FC-LeaderElection162] INFO  impl.LeaderElection (LeaderElection.java:logAndReturn(56)) - ad4d83c7-0f96-47bc-a4e8-7e5d9f844896@group-24C785E9A0FC-LeaderElection162: Election REJECTED; received 1 response(s) [ad4d83c7-0f96-47bc-a4e8-7e5d9f844896<-02863277-f564-4bc6-8337-fb22627f6f1a#0:FAIL-t161] and 1 exception(s); ad4d83c7-0f96-47bc-a4e8-7e5d9f844896@group-24C785E9A0FC:t161, leader=null, voted=ad4d83c7-0f96-47bc-a4e8-7e5d9f844896, raftlog=ad4d83c7-0f96-47bc-a4e8-7e5d9f844896@group-24C785E9A0FC-SegmentedRaftLog:OPENED:c-1,f-1,i0, conf=-1: [3b749b59-de2a-419b-9a26-261692f5c83c:192.168.69.118:39205, ad4d83c7-0f96-47bc-a4e8-7e5d9f844896:192.168.69.118:41688, 02863277-f564-4bc6-8337-fb22627f6f1a:192.168.69.118:36850], old=null
2019-10-23 12:13:39,574 [ad4d83c7-0f96-47bc-a4e8-7e5d9f844896@group-24C785E9A0FC-LeaderElection162] INFO  impl.LeaderElection (LogUtils.java:infoOrTrace(149)) -   Exception 0: {}
java.util.concurrent.ExecutionException: org.apache.ratis.thirdparty.io.grpc.StatusRuntimeException: UNAVAILABLE: io exception
	at java.util.concurrent.FutureTask.report(FutureTask.java:122)
	at java.util.concurrent.FutureTask.get(FutureTask.java:192)
	at org.apache.ratis.server.impl.LeaderElection.waitForResults(LeaderElection.java:259)
	at org.apache.ratis.server.impl.LeaderElection.askForVotes(LeaderElection.java:197)
	at org.apache.ratis.server.impl.LeaderElection.run(LeaderElection.java:133)
	at java.lang.Thread.run(Thread.java:748)
Caused by: org.apache.ratis.thirdparty.io.grpc.StatusRuntimeException: UNAVAILABLE: io exception
	at org.apache.ratis.thirdparty.io.grpc.stub.ClientCalls.toStatusRuntimeException(ClientCalls.java:233)
	at org.apache.ratis.thirdparty.io.grpc.stub.ClientCalls.getUnchecked(ClientCalls.java:214)
	at org.apache.ratis.thirdparty.io.grpc.stub.ClientCalls.blockingUnaryCall(ClientCalls.java:139)
	at org.apache.ratis.proto.grpc.RaftServerProtocolServiceGrpc$RaftServerProtocolServiceBlockingStub.requestVote(RaftServerProtocolServiceGrpc.java:265)
	at org.apache.ratis.grpc.server.GrpcServerProtocolClient.requestVote(GrpcServerProtocolClient.java:99)
	at org.apache.ratis.grpc.server.GrpcService.requestVote(GrpcService.java:204)
	at org.apache.ratis.server.impl.LeaderElection.lambda$submitRequests$1(LeaderElection.java:234)
	at java.util.concurrent.FutureTask.run(FutureTask.java:266)
	at java.util.concurrent.Executors$RunnableAdapter.call(Executors.java:511)
	at java.util.concurrent.FutureTask.run(FutureTask.java:266)
	at java.util.concurrent.ThreadPoolExecutor.runWorker(ThreadPoolExecutor.java:1149)
	at java.util.concurrent.ThreadPoolExecutor$Worker.run(ThreadPoolExecutor.java:624)
	... 1 more
Caused by: org.apache.ratis.thirdparty.io.netty.channel.AbstractChannel$AnnotatedConnectException: Connection refused: /192.168.69.118:39205
	at sun.nio.ch.SocketChannelImpl.checkConnect(Native Method)
	at sun.nio.ch.SocketChannelImpl.finishConnect(SocketChannelImpl.java:717)
	at org.apache.ratis.thirdparty.io.netty.channel.socket.nio.NioSocketChannel.doFinishConnect(NioSocketChannel.java:327)
	at org.apache.ratis.thirdparty.io.netty.channel.nio.AbstractNioChannel$AbstractNioUnsafe.finishConnect(AbstractNioChannel.java:340)
	at org.apache.ratis.thirdparty.io.netty.channel.nio.NioEventLoop.processSelectedKey(NioEventLoop.java:632)
	at org.apache.ratis.thirdparty.io.netty.channel.nio.NioEventLoop.processSelectedKeysOptimized(NioEventLoop.java:579)
	at org.apache.ratis.thirdparty.io.netty.channel.nio.NioEventLoop.processSelectedKeys(NioEventLoop.java:496)
	at org.apache.ratis.thirdparty.io.netty.channel.nio.NioEventLoop.run(NioEventLoop.java:458)
	at org.apache.ratis.thirdparty.io.netty.util.concurrent.SingleThreadEventExecutor$5.run(SingleThreadEventExecutor.java:897)
	at org.apache.ratis.thirdparty.io.netty.util.concurrent.FastThreadLocalRunnable.run(FastThreadLocalRunnable.java:30)
	... 1 more
Caused by: java.net.ConnectException: Connection refused
	... 11 more
2019-10-23 12:13:39,574 [ad4d83c7-0f96-47bc-a4e8-7e5d9f844896@group-24C785E9A0FC-LeaderElection162] INFO  impl.RaftServerImpl (RaftServerImpl.java:setRole(184)) - ad4d83c7-0f96-47bc-a4e8-7e5d9f844896@group-24C785E9A0FC: changes role from CANDIDATE to FOLLOWER at term 161 for DISCOVERED_A_NEW_TERM
2019-10-23 12:13:39,575 [ad4d83c7-0f96-47bc-a4e8-7e5d9f844896@group-24C785E9A0FC-LeaderElection162] INFO  impl.RoleInfo (RoleInfo.java:shutdownLeaderElection(134)) - ad4d83c7-0f96-47bc-a4e8-7e5d9f844896: shutdown LeaderElection
2019-10-23 12:13:39,575 [ad4d83c7-0f96-47bc-a4e8-7e5d9f844896@group-24C785E9A0FC-LeaderElection162] INFO  impl.RoleInfo (RoleInfo.java:updateAndGet(143)) - ad4d83c7-0f96-47bc-a4e8-7e5d9f844896: start FollowerState
2019-10-23 12:13:39,738 [Thread-1585] INFO  impl.FollowerState (FollowerState.java:run(108)) - ad4d83c7-0f96-47bc-a4e8-7e5d9f844896@group-24C785E9A0FC-FollowerState: change to CANDIDATE, lastRpcTime:163ms, electionTimeout:163ms
2019-10-23 12:13:39,738 [Thread-1585] INFO  impl.RoleInfo (RoleInfo.java:shutdownFollowerState(121)) - ad4d83c7-0f96-47bc-a4e8-7e5d9f844896: shutdown FollowerState
2019-10-23 12:13:39,738 [Thread-1585] INFO  impl.RaftServerImpl (RaftServerImpl.java:setRole(184)) - ad4d83c7-0f96-47bc-a4e8-7e5d9f844896@group-24C785E9A0FC: changes role from  FOLLOWER to CANDIDATE at term 161 for changeToCandidate
2019-10-23 12:13:39,738 [Thread-1585] INFO  impl.RoleInfo (RoleInfo.java:updateAndGet(143)) - ad4d83c7-0f96-47bc-a4e8-7e5d9f844896: start LeaderElection
2019-10-23 12:13:39,753 [ad4d83c7-0f96-47bc-a4e8-7e5d9f844896@group-24C785E9A0FC-LeaderElection163] INFO  impl.LeaderElection (LeaderElection.java:askForVotes(178)) - ad4d83c7-0f96-47bc-a4e8-7e5d9f844896@group-24C785E9A0FC-LeaderElection163: begin an election at term 162 for -1: [3b749b59-de2a-419b-9a26-261692f5c83c:192.168.69.118:39205, ad4d83c7-0f96-47bc-a4e8-7e5d9f844896:192.168.69.118:41688, 02863277-f564-4bc6-8337-fb22627f6f1a:192.168.69.118:36850], old=null
2019-10-23 12:13:39,754 [ad4d83c7-0f96-47bc-a4e8-7e5d9f844896@group-24C785E9A0FC-LeaderElection163] INFO  impl.LeaderElection (LogUtils.java:infoOrTrace(149)) - ad4d83c7-0f96-47bc-a4e8-7e5d9f844896@group-24C785E9A0FC-LeaderElection163 got exception when requesting votes: {}
java.util.concurrent.ExecutionException: org.apache.ratis.thirdparty.io.grpc.StatusRuntimeException: UNAVAILABLE: io exception
	at java.util.concurrent.FutureTask.report(FutureTask.java:122)
	at java.util.concurrent.FutureTask.get(FutureTask.java:192)
	at org.apache.ratis.server.impl.LeaderElection.waitForResults(LeaderElection.java:259)
	at org.apache.ratis.server.impl.LeaderElection.askForVotes(LeaderElection.java:197)
	at org.apache.ratis.server.impl.LeaderElection.run(LeaderElection.java:133)
	at java.lang.Thread.run(Thread.java:748)
Caused by: org.apache.ratis.thirdparty.io.grpc.StatusRuntimeException: UNAVAILABLE: io exception
	at org.apache.ratis.thirdparty.io.grpc.stub.ClientCalls.toStatusRuntimeException(ClientCalls.java:233)
	at org.apache.ratis.thirdparty.io.grpc.stub.ClientCalls.getUnchecked(ClientCalls.java:214)
	at org.apache.ratis.thirdparty.io.grpc.stub.ClientCalls.blockingUnaryCall(ClientCalls.java:139)
	at org.apache.ratis.proto.grpc.RaftServerProtocolServiceGrpc$RaftServerProtocolServiceBlockingStub.requestVote(RaftServerProtocolServiceGrpc.java:265)
	at org.apache.ratis.grpc.server.GrpcServerProtocolClient.requestVote(GrpcServerProtocolClient.java:99)
	at org.apache.ratis.grpc.server.GrpcService.requestVote(GrpcService.java:204)
	at org.apache.ratis.server.impl.LeaderElection.lambda$submitRequests$1(LeaderElection.java:234)
	at java.util.concurrent.FutureTask.run(FutureTask.java:266)
	at java.util.concurrent.Executors$RunnableAdapter.call(Executors.java:511)
	at java.util.concurrent.FutureTask.run(FutureTask.java:266)
	at java.util.concurrent.ThreadPoolExecutor.runWorker(ThreadPoolExecutor.java:1149)
	at java.util.concurrent.ThreadPoolExecutor$Worker.run(ThreadPoolExecutor.java:624)
	... 1 more
Caused by: org.apache.ratis.thirdparty.io.netty.channel.AbstractChannel$AnnotatedConnectException: Connection refused: /192.168.69.118:39205
	at sun.nio.ch.SocketChannelImpl.checkConnect(Native Method)
	at sun.nio.ch.SocketChannelImpl.finishConnect(SocketChannelImpl.java:717)
	at org.apache.ratis.thirdparty.io.netty.channel.socket.nio.NioSocketChannel.doFinishConnect(NioSocketChannel.java:327)
	at org.apache.ratis.thirdparty.io.netty.channel.nio.AbstractNioChannel$AbstractNioUnsafe.finishConnect(AbstractNioChannel.java:340)
	at org.apache.ratis.thirdparty.io.netty.channel.nio.NioEventLoop.processSelectedKey(NioEventLoop.java:632)
	at org.apache.ratis.thirdparty.io.netty.channel.nio.NioEventLoop.processSelectedKeysOptimized(NioEventLoop.java:579)
	at org.apache.ratis.thirdparty.io.netty.channel.nio.NioEventLoop.processSelectedKeys(NioEventLoop.java:496)
	at org.apache.ratis.thirdparty.io.netty.channel.nio.NioEventLoop.run(NioEventLoop.java:458)
	at org.apache.ratis.thirdparty.io.netty.util.concurrent.SingleThreadEventExecutor$5.run(SingleThreadEventExecutor.java:897)
	at org.apache.ratis.thirdparty.io.netty.util.concurrent.FastThreadLocalRunnable.run(FastThreadLocalRunnable.java:30)
	... 1 more
Caused by: java.net.ConnectException: Connection refused
	... 11 more
2019-10-23 12:13:39,767 [ad4d83c7-0f96-47bc-a4e8-7e5d9f844896@group-24C785E9A0FC-LeaderElection163] INFO  impl.LeaderElection (LeaderElection.java:logAndReturn(56)) - ad4d83c7-0f96-47bc-a4e8-7e5d9f844896@group-24C785E9A0FC-LeaderElection163: Election TIMEOUT; received 0 response(s) [] and 1 exception(s); ad4d83c7-0f96-47bc-a4e8-7e5d9f844896@group-24C785E9A0FC:t162, leader=null, voted=ad4d83c7-0f96-47bc-a4e8-7e5d9f844896, raftlog=ad4d83c7-0f96-47bc-a4e8-7e5d9f844896@group-24C785E9A0FC-SegmentedRaftLog:OPENED:c-1,f-1,i0, conf=-1: [3b749b59-de2a-419b-9a26-261692f5c83c:192.168.69.118:39205, ad4d83c7-0f96-47bc-a4e8-7e5d9f844896:192.168.69.118:41688, 02863277-f564-4bc6-8337-fb22627f6f1a:192.168.69.118:36850], old=null
2019-10-23 12:13:39,767 [ad4d83c7-0f96-47bc-a4e8-7e5d9f844896@group-24C785E9A0FC-LeaderElection163] INFO  impl.LeaderElection (LogUtils.java:infoOrTrace(149)) -   Exception 0: {}
java.util.concurrent.ExecutionException: org.apache.ratis.thirdparty.io.grpc.StatusRuntimeException: UNAVAILABLE: io exception
	at java.util.concurrent.FutureTask.report(FutureTask.java:122)
	at java.util.concurrent.FutureTask.get(FutureTask.java:192)
	at org.apache.ratis.server.impl.LeaderElection.waitForResults(LeaderElection.java:259)
	at org.apache.ratis.server.impl.LeaderElection.askForVotes(LeaderElection.java:197)
	at org.apache.ratis.server.impl.LeaderElection.run(LeaderElection.java:133)
	at java.lang.Thread.run(Thread.java:748)
Caused by: org.apache.ratis.thirdparty.io.grpc.StatusRuntimeException: UNAVAILABLE: io exception
	at org.apache.ratis.thirdparty.io.grpc.stub.ClientCalls.toStatusRuntimeException(ClientCalls.java:233)
	at org.apache.ratis.thirdparty.io.grpc.stub.ClientCalls.getUnchecked(ClientCalls.java:214)
	at org.apache.ratis.thirdparty.io.grpc.stub.ClientCalls.blockingUnaryCall(ClientCalls.java:139)
	at org.apache.ratis.proto.grpc.RaftServerProtocolServiceGrpc$RaftServerProtocolServiceBlockingStub.requestVote(RaftServerProtocolServiceGrpc.java:265)
	at org.apache.ratis.grpc.server.GrpcServerProtocolClient.requestVote(GrpcServerProtocolClient.java:99)
	at org.apache.ratis.grpc.server.GrpcService.requestVote(GrpcService.java:204)
	at org.apache.ratis.server.impl.LeaderElection.lambda$submitRequests$1(LeaderElection.java:234)
	at java.util.concurrent.FutureTask.run(FutureTask.java:266)
	at java.util.concurrent.Executors$RunnableAdapter.call(Executors.java:511)
	at java.util.concurrent.FutureTask.run(FutureTask.java:266)
	at java.util.concurrent.ThreadPoolExecutor.runWorker(ThreadPoolExecutor.java:1149)
	at java.util.concurrent.ThreadPoolExecutor$Worker.run(ThreadPoolExecutor.java:624)
	... 1 more
Caused by: org.apache.ratis.thirdparty.io.netty.channel.AbstractChannel$AnnotatedConnectException: Connection refused: /192.168.69.118:39205
	at sun.nio.ch.SocketChannelImpl.checkConnect(Native Method)
	at sun.nio.ch.SocketChannelImpl.finishConnect(SocketChannelImpl.java:717)
	at org.apache.ratis.thirdparty.io.netty.channel.socket.nio.NioSocketChannel.doFinishConnect(NioSocketChannel.java:327)
	at org.apache.ratis.thirdparty.io.netty.channel.nio.AbstractNioChannel$AbstractNioUnsafe.finishConnect(AbstractNioChannel.java:340)
	at org.apache.ratis.thirdparty.io.netty.channel.nio.NioEventLoop.processSelectedKey(NioEventLoop.java:632)
	at org.apache.ratis.thirdparty.io.netty.channel.nio.NioEventLoop.processSelectedKeysOptimized(NioEventLoop.java:579)
	at org.apache.ratis.thirdparty.io.netty.channel.nio.NioEventLoop.processSelectedKeys(NioEventLoop.java:496)
	at org.apache.ratis.thirdparty.io.netty.channel.nio.NioEventLoop.run(NioEventLoop.java:458)
	at org.apache.ratis.thirdparty.io.netty.util.concurrent.SingleThreadEventExecutor$5.run(SingleThreadEventExecutor.java:897)
	at org.apache.ratis.thirdparty.io.netty.util.concurrent.FastThreadLocalRunnable.run(FastThreadLocalRunnable.java:30)
	... 1 more
Caused by: java.net.ConnectException: Connection refused
	... 11 more
2019-10-23 12:13:39,768 [grpc-default-executor-3] INFO  impl.RaftServerImpl (RaftServerImpl.java:setRole(184)) - 02863277-f564-4bc6-8337-fb22627f6f1a@group-24C785E9A0FC: changes role from  FOLLOWER to FOLLOWER at term 162 for recognizeCandidate:ad4d83c7-0f96-47bc-a4e8-7e5d9f844896
2019-10-23 12:13:39,768 [grpc-default-executor-3] INFO  impl.RoleInfo (RoleInfo.java:shutdownFollowerState(121)) - 02863277-f564-4bc6-8337-fb22627f6f1a: shutdown FollowerState
2019-10-23 12:13:39,768 [grpc-default-executor-3] INFO  impl.RoleInfo (RoleInfo.java:updateAndGet(143)) - 02863277-f564-4bc6-8337-fb22627f6f1a: start FollowerState
2019-10-23 12:13:39,768 [Thread-1582] INFO  impl.FollowerState (FollowerState.java:run(117)) - 02863277-f564-4bc6-8337-fb22627f6f1a@group-24C785E9A0FC-FollowerState was interrupted: java.lang.InterruptedException: sleep interrupted
2019-10-23 12:13:39,781 [ad4d83c7-0f96-47bc-a4e8-7e5d9f844896@group-24C785E9A0FC-LeaderElection163] INFO  impl.LeaderElection (LeaderElection.java:askForVotes(178)) - ad4d83c7-0f96-47bc-a4e8-7e5d9f844896@group-24C785E9A0FC-LeaderElection163: begin an election at term 163 for -1: [3b749b59-de2a-419b-9a26-261692f5c83c:192.168.69.118:39205, ad4d83c7-0f96-47bc-a4e8-7e5d9f844896:192.168.69.118:41688, 02863277-f564-4bc6-8337-fb22627f6f1a:192.168.69.118:36850], old=null
2019-10-23 12:13:39,782 [ad4d83c7-0f96-47bc-a4e8-7e5d9f844896@group-24C785E9A0FC-LeaderElection163] INFO  impl.LeaderElection (LogUtils.java:infoOrTrace(149)) - ad4d83c7-0f96-47bc-a4e8-7e5d9f844896@group-24C785E9A0FC-LeaderElection163 got exception when requesting votes: {}
java.util.concurrent.ExecutionException: org.apache.ratis.thirdparty.io.grpc.StatusRuntimeException: UNAVAILABLE: io exception
	at java.util.concurrent.FutureTask.report(FutureTask.java:122)
	at java.util.concurrent.FutureTask.get(FutureTask.java:192)
	at org.apache.ratis.server.impl.LeaderElection.waitForResults(LeaderElection.java:259)
	at org.apache.ratis.server.impl.LeaderElection.askForVotes(LeaderElection.java:197)
	at org.apache.ratis.server.impl.LeaderElection.run(LeaderElection.java:133)
	at java.lang.Thread.run(Thread.java:748)
Caused by: org.apache.ratis.thirdparty.io.grpc.StatusRuntimeException: UNAVAILABLE: io exception
	at org.apache.ratis.thirdparty.io.grpc.stub.ClientCalls.toStatusRuntimeException(ClientCalls.java:233)
	at org.apache.ratis.thirdparty.io.grpc.stub.ClientCalls.getUnchecked(ClientCalls.java:214)
	at org.apache.ratis.thirdparty.io.grpc.stub.ClientCalls.blockingUnaryCall(ClientCalls.java:139)
	at org.apache.ratis.proto.grpc.RaftServerProtocolServiceGrpc$RaftServerProtocolServiceBlockingStub.requestVote(RaftServerProtocolServiceGrpc.java:265)
	at org.apache.ratis.grpc.server.GrpcServerProtocolClient.requestVote(GrpcServerProtocolClient.java:99)
	at org.apache.ratis.grpc.server.GrpcService.requestVote(GrpcService.java:204)
	at org.apache.ratis.server.impl.LeaderElection.lambda$submitRequests$1(LeaderElection.java:234)
	at java.util.concurrent.FutureTask.run(FutureTask.java:266)
	at java.util.concurrent.Executors$RunnableAdapter.call(Executors.java:511)
	at java.util.concurrent.FutureTask.run(FutureTask.java:266)
	at java.util.concurrent.ThreadPoolExecutor.runWorker(ThreadPoolExecutor.java:1149)
	at java.util.concurrent.ThreadPoolExecutor$Worker.run(ThreadPoolExecutor.java:624)
	... 1 more
Caused by: org.apache.ratis.thirdparty.io.netty.channel.AbstractChannel$AnnotatedConnectException: Connection refused: /192.168.69.118:39205
	at sun.nio.ch.SocketChannelImpl.checkConnect(Native Method)
	at sun.nio.ch.SocketChannelImpl.finishConnect(SocketChannelImpl.java:717)
	at org.apache.ratis.thirdparty.io.netty.channel.socket.nio.NioSocketChannel.doFinishConnect(NioSocketChannel.java:327)
	at org.apache.ratis.thirdparty.io.netty.channel.nio.AbstractNioChannel$AbstractNioUnsafe.finishConnect(AbstractNioChannel.java:340)
	at org.apache.ratis.thirdparty.io.netty.channel.nio.NioEventLoop.processSelectedKey(NioEventLoop.java:632)
	at org.apache.ratis.thirdparty.io.netty.channel.nio.NioEventLoop.processSelectedKeysOptimized(NioEventLoop.java:579)
	at org.apache.ratis.thirdparty.io.netty.channel.nio.NioEventLoop.processSelectedKeys(NioEventLoop.java:496)
	at org.apache.ratis.thirdparty.io.netty.channel.nio.NioEventLoop.run(NioEventLoop.java:458)
	at org.apache.ratis.thirdparty.io.netty.util.concurrent.SingleThreadEventExecutor$5.run(SingleThreadEventExecutor.java:897)
	at org.apache.ratis.thirdparty.io.netty.util.concurrent.FastThreadLocalRunnable.run(FastThreadLocalRunnable.java:30)
	... 1 more
Caused by: java.net.ConnectException: Connection refused
	... 11 more
2019-10-23 12:13:39,784 [grpc-default-executor-3] INFO  impl.RaftServerImpl (RaftServerImpl.java:setRole(184)) - 02863277-f564-4bc6-8337-fb22627f6f1a@group-24C785E9A0FC: changes role from  FOLLOWER to FOLLOWER at term 163 for recognizeCandidate:ad4d83c7-0f96-47bc-a4e8-7e5d9f844896
2019-10-23 12:13:39,784 [grpc-default-executor-3] INFO  impl.RoleInfo (RoleInfo.java:shutdownFollowerState(121)) - 02863277-f564-4bc6-8337-fb22627f6f1a: shutdown FollowerState
2019-10-23 12:13:39,784 [grpc-default-executor-3] INFO  impl.RoleInfo (RoleInfo.java:updateAndGet(143)) - 02863277-f564-4bc6-8337-fb22627f6f1a: start FollowerState
2019-10-23 12:13:39,784 [Thread-1589] INFO  impl.FollowerState (FollowerState.java:run(117)) - 02863277-f564-4bc6-8337-fb22627f6f1a@group-24C785E9A0FC-FollowerState was interrupted: java.lang.InterruptedException: sleep interrupted
2019-10-23 12:13:39,798 [ad4d83c7-0f96-47bc-a4e8-7e5d9f844896@group-24C785E9A0FC-LeaderElection163] INFO  impl.LeaderElection (LeaderElection.java:logAndReturn(56)) - ad4d83c7-0f96-47bc-a4e8-7e5d9f844896@group-24C785E9A0FC-LeaderElection163: Election REJECTED; received 1 response(s) [ad4d83c7-0f96-47bc-a4e8-7e5d9f844896<-02863277-f564-4bc6-8337-fb22627f6f1a#0:FAIL-t163] and 1 exception(s); ad4d83c7-0f96-47bc-a4e8-7e5d9f844896@group-24C785E9A0FC:t163, leader=null, voted=ad4d83c7-0f96-47bc-a4e8-7e5d9f844896, raftlog=ad4d83c7-0f96-47bc-a4e8-7e5d9f844896@group-24C785E9A0FC-SegmentedRaftLog:OPENED:c-1,f-1,i0, conf=-1: [3b749b59-de2a-419b-9a26-261692f5c83c:192.168.69.118:39205, ad4d83c7-0f96-47bc-a4e8-7e5d9f844896:192.168.69.118:41688, 02863277-f564-4bc6-8337-fb22627f6f1a:192.168.69.118:36850], old=null
2019-10-23 12:13:39,798 [ad4d83c7-0f96-47bc-a4e8-7e5d9f844896@group-24C785E9A0FC-LeaderElection163] INFO  impl.LeaderElection (LogUtils.java:infoOrTrace(149)) -   Exception 0: {}
java.util.concurrent.ExecutionException: org.apache.ratis.thirdparty.io.grpc.StatusRuntimeException: UNAVAILABLE: io exception
	at java.util.concurrent.FutureTask.report(FutureTask.java:122)
	at java.util.concurrent.FutureTask.get(FutureTask.java:192)
	at org.apache.ratis.server.impl.LeaderElection.waitForResults(LeaderElection.java:259)
	at org.apache.ratis.server.impl.LeaderElection.askForVotes(LeaderElection.java:197)
	at org.apache.ratis.server.impl.LeaderElection.run(LeaderElection.java:133)
	at java.lang.Thread.run(Thread.java:748)
Caused by: org.apache.ratis.thirdparty.io.grpc.StatusRuntimeException: UNAVAILABLE: io exception
	at org.apache.ratis.thirdparty.io.grpc.stub.ClientCalls.toStatusRuntimeException(ClientCalls.java:233)
	at org.apache.ratis.thirdparty.io.grpc.stub.ClientCalls.getUnchecked(ClientCalls.java:214)
	at org.apache.ratis.thirdparty.io.grpc.stub.ClientCalls.blockingUnaryCall(ClientCalls.java:139)
	at org.apache.ratis.proto.grpc.RaftServerProtocolServiceGrpc$RaftServerProtocolServiceBlockingStub.requestVote(RaftServerProtocolServiceGrpc.java:265)
	at org.apache.ratis.grpc.server.GrpcServerProtocolClient.requestVote(GrpcServerProtocolClient.java:99)
	at org.apache.ratis.grpc.server.GrpcService.requestVote(GrpcService.java:204)
	at org.apache.ratis.server.impl.LeaderElection.lambda$submitRequests$1(LeaderElection.java:234)
	at java.util.concurrent.FutureTask.run(FutureTask.java:266)
	at java.util.concurrent.Executors$RunnableAdapter.call(Executors.java:511)
	at java.util.concurrent.FutureTask.run(FutureTask.java:266)
	at java.util.concurrent.ThreadPoolExecutor.runWorker(ThreadPoolExecutor.java:1149)
	at java.util.concurrent.ThreadPoolExecutor$Worker.run(ThreadPoolExecutor.java:624)
	... 1 more
Caused by: org.apache.ratis.thirdparty.io.netty.channel.AbstractChannel$AnnotatedConnectException: Connection refused: /192.168.69.118:39205
	at sun.nio.ch.SocketChannelImpl.checkConnect(Native Method)
	at sun.nio.ch.SocketChannelImpl.finishConnect(SocketChannelImpl.java:717)
	at org.apache.ratis.thirdparty.io.netty.channel.socket.nio.NioSocketChannel.doFinishConnect(NioSocketChannel.java:327)
	at org.apache.ratis.thirdparty.io.netty.channel.nio.AbstractNioChannel$AbstractNioUnsafe.finishConnect(AbstractNioChannel.java:340)
	at org.apache.ratis.thirdparty.io.netty.channel.nio.NioEventLoop.processSelectedKey(NioEventLoop.java:632)
	at org.apache.ratis.thirdparty.io.netty.channel.nio.NioEventLoop.processSelectedKeysOptimized(NioEventLoop.java:579)
	at org.apache.ratis.thirdparty.io.netty.channel.nio.NioEventLoop.processSelectedKeys(NioEventLoop.java:496)
	at org.apache.ratis.thirdparty.io.netty.channel.nio.NioEventLoop.run(NioEventLoop.java:458)
	at org.apache.ratis.thirdparty.io.netty.util.concurrent.SingleThreadEventExecutor$5.run(SingleThreadEventExecutor.java:897)
	at org.apache.ratis.thirdparty.io.netty.util.concurrent.FastThreadLocalRunnable.run(FastThreadLocalRunnable.java:30)
	... 1 more
Caused by: java.net.ConnectException: Connection refused
	... 11 more
2019-10-23 12:13:39,798 [ad4d83c7-0f96-47bc-a4e8-7e5d9f844896@group-24C785E9A0FC-LeaderElection163] INFO  impl.RaftServerImpl (RaftServerImpl.java:setRole(184)) - ad4d83c7-0f96-47bc-a4e8-7e5d9f844896@group-24C785E9A0FC: changes role from CANDIDATE to FOLLOWER at term 163 for DISCOVERED_A_NEW_TERM
2019-10-23 12:13:39,798 [ad4d83c7-0f96-47bc-a4e8-7e5d9f844896@group-24C785E9A0FC-LeaderElection163] INFO  impl.RoleInfo (RoleInfo.java:shutdownLeaderElection(134)) - ad4d83c7-0f96-47bc-a4e8-7e5d9f844896: shutdown LeaderElection
2019-10-23 12:13:39,798 [ad4d83c7-0f96-47bc-a4e8-7e5d9f844896@group-24C785E9A0FC-LeaderElection163] INFO  impl.RoleInfo (RoleInfo.java:updateAndGet(143)) - ad4d83c7-0f96-47bc-a4e8-7e5d9f844896: start FollowerState
2019-10-23 12:13:39,820 [Datanode State Machine Thread - 0] INFO  statemachine.DatanodeStateMachine (DatanodeStateMachine.java:lambda$startDaemon$0(350)) - Ozone container server started.
2019-10-23 12:13:39,820 [Datanode State Machine Thread - 0] INFO  statemachine.DatanodeStateMachine (DatanodeStateMachine.java:lambda$startDaemon$0(350)) - Ozone container server started.
2019-10-23 12:13:39,983 [Thread-1593] INFO  impl.FollowerState (FollowerState.java:run(108)) - ad4d83c7-0f96-47bc-a4e8-7e5d9f844896@group-24C785E9A0FC-FollowerState: change to CANDIDATE, lastRpcTime:184ms, electionTimeout:184ms
2019-10-23 12:13:39,983 [Thread-1593] INFO  impl.RoleInfo (RoleInfo.java:shutdownFollowerState(121)) - ad4d83c7-0f96-47bc-a4e8-7e5d9f844896: shutdown FollowerState
2019-10-23 12:13:39,983 [Thread-1593] INFO  impl.RaftServerImpl (RaftServerImpl.java:setRole(184)) - ad4d83c7-0f96-47bc-a4e8-7e5d9f844896@group-24C785E9A0FC: changes role from  FOLLOWER to CANDIDATE at term 163 for changeToCandidate
2019-10-23 12:13:39,983 [Thread-1593] INFO  impl.RoleInfo (RoleInfo.java:updateAndGet(143)) - ad4d83c7-0f96-47bc-a4e8-7e5d9f844896: start LeaderElection
2019-10-23 12:13:39,997 [ad4d83c7-0f96-47bc-a4e8-7e5d9f844896@group-24C785E9A0FC-LeaderElection164] INFO  impl.LeaderElection (LeaderElection.java:askForVotes(178)) - ad4d83c7-0f96-47bc-a4e8-7e5d9f844896@group-24C785E9A0FC-LeaderElection164: begin an election at term 164 for -1: [3b749b59-de2a-419b-9a26-261692f5c83c:192.168.69.118:39205, ad4d83c7-0f96-47bc-a4e8-7e5d9f844896:192.168.69.118:41688, 02863277-f564-4bc6-8337-fb22627f6f1a:192.168.69.118:36850], old=null
2019-10-23 12:13:39,998 [ad4d83c7-0f96-47bc-a4e8-7e5d9f844896@group-24C785E9A0FC-LeaderElection164] INFO  impl.LeaderElection (LogUtils.java:infoOrTrace(149)) - ad4d83c7-0f96-47bc-a4e8-7e5d9f844896@group-24C785E9A0FC-LeaderElection164 got exception when requesting votes: {}
java.util.concurrent.ExecutionException: org.apache.ratis.thirdparty.io.grpc.StatusRuntimeException: UNAVAILABLE: io exception
	at java.util.concurrent.FutureTask.report(FutureTask.java:122)
	at java.util.concurrent.FutureTask.get(FutureTask.java:192)
	at org.apache.ratis.server.impl.LeaderElection.waitForResults(LeaderElection.java:259)
	at org.apache.ratis.server.impl.LeaderElection.askForVotes(LeaderElection.java:197)
	at org.apache.ratis.server.impl.LeaderElection.run(LeaderElection.java:133)
	at java.lang.Thread.run(Thread.java:748)
Caused by: org.apache.ratis.thirdparty.io.grpc.StatusRuntimeException: UNAVAILABLE: io exception
	at org.apache.ratis.thirdparty.io.grpc.stub.ClientCalls.toStatusRuntimeException(ClientCalls.java:233)
	at org.apache.ratis.thirdparty.io.grpc.stub.ClientCalls.getUnchecked(ClientCalls.java:214)
	at org.apache.ratis.thirdparty.io.grpc.stub.ClientCalls.blockingUnaryCall(ClientCalls.java:139)
	at org.apache.ratis.proto.grpc.RaftServerProtocolServiceGrpc$RaftServerProtocolServiceBlockingStub.requestVote(RaftServerProtocolServiceGrpc.java:265)
	at org.apache.ratis.grpc.server.GrpcServerProtocolClient.requestVote(GrpcServerProtocolClient.java:99)
	at org.apache.ratis.grpc.server.GrpcService.requestVote(GrpcService.java:204)
	at org.apache.ratis.server.impl.LeaderElection.lambda$submitRequests$1(LeaderElection.java:234)
	at java.util.concurrent.FutureTask.run(FutureTask.java:266)
	at java.util.concurrent.Executors$RunnableAdapter.call(Executors.java:511)
	at java.util.concurrent.FutureTask.run(FutureTask.java:266)
	at java.util.concurrent.ThreadPoolExecutor.runWorker(ThreadPoolExecutor.java:1149)
	at java.util.concurrent.ThreadPoolExecutor$Worker.run(ThreadPoolExecutor.java:624)
	... 1 more
Caused by: org.apache.ratis.thirdparty.io.netty.channel.AbstractChannel$AnnotatedConnectException: Connection refused: /192.168.69.118:39205
	at sun.nio.ch.SocketChannelImpl.checkConnect(Native Method)
	at sun.nio.ch.SocketChannelImpl.finishConnect(SocketChannelImpl.java:717)
	at org.apache.ratis.thirdparty.io.netty.channel.socket.nio.NioSocketChannel.doFinishConnect(NioSocketChannel.java:327)
	at org.apache.ratis.thirdparty.io.netty.channel.nio.AbstractNioChannel$AbstractNioUnsafe.finishConnect(AbstractNioChannel.java:340)
	at org.apache.ratis.thirdparty.io.netty.channel.nio.NioEventLoop.processSelectedKey(NioEventLoop.java:632)
	at org.apache.ratis.thirdparty.io.netty.channel.nio.NioEventLoop.processSelectedKeysOptimized(NioEventLoop.java:579)
	at org.apache.ratis.thirdparty.io.netty.channel.nio.NioEventLoop.processSelectedKeys(NioEventLoop.java:496)
	at org.apache.ratis.thirdparty.io.netty.channel.nio.NioEventLoop.run(NioEventLoop.java:458)
	at org.apache.ratis.thirdparty.io.netty.util.concurrent.SingleThreadEventExecutor$5.run(SingleThreadEventExecutor.java:897)
	at org.apache.ratis.thirdparty.io.netty.util.concurrent.FastThreadLocalRunnable.run(FastThreadLocalRunnable.java:30)
	... 1 more
Caused by: java.net.ConnectException: Connection refused
	... 11 more
2019-10-23 12:13:39,999 [grpc-default-executor-3] INFO  impl.RaftServerImpl (RaftServerImpl.java:setRole(184)) - 02863277-f564-4bc6-8337-fb22627f6f1a@group-24C785E9A0FC: changes role from  FOLLOWER to FOLLOWER at term 164 for recognizeCandidate:ad4d83c7-0f96-47bc-a4e8-7e5d9f844896
2019-10-23 12:13:40,000 [grpc-default-executor-3] INFO  impl.RoleInfo (RoleInfo.java:shutdownFollowerState(121)) - 02863277-f564-4bc6-8337-fb22627f6f1a: shutdown FollowerState
2019-10-23 12:13:40,000 [grpc-default-executor-3] INFO  impl.RoleInfo (RoleInfo.java:updateAndGet(143)) - 02863277-f564-4bc6-8337-fb22627f6f1a: start FollowerState
2019-10-23 12:13:40,000 [Thread-1592] INFO  impl.FollowerState (FollowerState.java:run(117)) - 02863277-f564-4bc6-8337-fb22627f6f1a@group-24C785E9A0FC-FollowerState was interrupted: java.lang.InterruptedException: sleep interrupted
2019-10-23 12:13:40,014 [ad4d83c7-0f96-47bc-a4e8-7e5d9f844896@group-24C785E9A0FC-LeaderElection164] INFO  impl.LeaderElection (LeaderElection.java:logAndReturn(56)) - ad4d83c7-0f96-47bc-a4e8-7e5d9f844896@group-24C785E9A0FC-LeaderElection164: Election REJECTED; received 1 response(s) [ad4d83c7-0f96-47bc-a4e8-7e5d9f844896<-02863277-f564-4bc6-8337-fb22627f6f1a#0:FAIL-t164] and 1 exception(s); ad4d83c7-0f96-47bc-a4e8-7e5d9f844896@group-24C785E9A0FC:t164, leader=null, voted=ad4d83c7-0f96-47bc-a4e8-7e5d9f844896, raftlog=ad4d83c7-0f96-47bc-a4e8-7e5d9f844896@group-24C785E9A0FC-SegmentedRaftLog:OPENED:c-1,f-1,i0, conf=-1: [3b749b59-de2a-419b-9a26-261692f5c83c:192.168.69.118:39205, ad4d83c7-0f96-47bc-a4e8-7e5d9f844896:192.168.69.118:41688, 02863277-f564-4bc6-8337-fb22627f6f1a:192.168.69.118:36850], old=null
2019-10-23 12:13:40,014 [ad4d83c7-0f96-47bc-a4e8-7e5d9f844896@group-24C785E9A0FC-LeaderElection164] INFO  impl.LeaderElection (LogUtils.java:infoOrTrace(149)) -   Exception 0: {}
java.util.concurrent.ExecutionException: org.apache.ratis.thirdparty.io.grpc.StatusRuntimeException: UNAVAILABLE: io exception
	at java.util.concurrent.FutureTask.report(FutureTask.java:122)
	at java.util.concurrent.FutureTask.get(FutureTask.java:192)
	at org.apache.ratis.server.impl.LeaderElection.waitForResults(LeaderElection.java:259)
	at org.apache.ratis.server.impl.LeaderElection.askForVotes(LeaderElection.java:197)
	at org.apache.ratis.server.impl.LeaderElection.run(LeaderElection.java:133)
	at java.lang.Thread.run(Thread.java:748)
Caused by: org.apache.ratis.thirdparty.io.grpc.StatusRuntimeException: UNAVAILABLE: io exception
	at org.apache.ratis.thirdparty.io.grpc.stub.ClientCalls.toStatusRuntimeException(ClientCalls.java:233)
	at org.apache.ratis.thirdparty.io.grpc.stub.ClientCalls.getUnchecked(ClientCalls.java:214)
	at org.apache.ratis.thirdparty.io.grpc.stub.ClientCalls.blockingUnaryCall(ClientCalls.java:139)
	at org.apache.ratis.proto.grpc.RaftServerProtocolServiceGrpc$RaftServerProtocolServiceBlockingStub.requestVote(RaftServerProtocolServiceGrpc.java:265)
	at org.apache.ratis.grpc.server.GrpcServerProtocolClient.requestVote(GrpcServerProtocolClient.java:99)
	at org.apache.ratis.grpc.server.GrpcService.requestVote(GrpcService.java:204)
	at org.apache.ratis.server.impl.LeaderElection.lambda$submitRequests$1(LeaderElection.java:234)
	at java.util.concurrent.FutureTask.run(FutureTask.java:266)
	at java.util.concurrent.Executors$RunnableAdapter.call(Executors.java:511)
	at java.util.concurrent.FutureTask.run(FutureTask.java:266)
	at java.util.concurrent.ThreadPoolExecutor.runWorker(ThreadPoolExecutor.java:1149)
	at java.util.concurrent.ThreadPoolExecutor$Worker.run(ThreadPoolExecutor.java:624)
	... 1 more
Caused by: org.apache.ratis.thirdparty.io.netty.channel.AbstractChannel$AnnotatedConnectException: Connection refused: /192.168.69.118:39205
	at sun.nio.ch.SocketChannelImpl.checkConnect(Native Method)
	at sun.nio.ch.SocketChannelImpl.finishConnect(SocketChannelImpl.java:717)
	at org.apache.ratis.thirdparty.io.netty.channel.socket.nio.NioSocketChannel.doFinishConnect(NioSocketChannel.java:327)
	at org.apache.ratis.thirdparty.io.netty.channel.nio.AbstractNioChannel$AbstractNioUnsafe.finishConnect(AbstractNioChannel.java:340)
	at org.apache.ratis.thirdparty.io.netty.channel.nio.NioEventLoop.processSelectedKey(NioEventLoop.java:632)
	at org.apache.ratis.thirdparty.io.netty.channel.nio.NioEventLoop.processSelectedKeysOptimized(NioEventLoop.java:579)
	at org.apache.ratis.thirdparty.io.netty.channel.nio.NioEventLoop.processSelectedKeys(NioEventLoop.java:496)
	at org.apache.ratis.thirdparty.io.netty.channel.nio.NioEventLoop.run(NioEventLoop.java:458)
	at org.apache.ratis.thirdparty.io.netty.util.concurrent.SingleThreadEventExecutor$5.run(SingleThreadEventExecutor.java:897)
	at org.apache.ratis.thirdparty.io.netty.util.concurrent.FastThreadLocalRunnable.run(FastThreadLocalRunnable.java:30)
	... 1 more
Caused by: java.net.ConnectException: Connection refused
	... 11 more
2019-10-23 12:13:40,014 [ad4d83c7-0f96-47bc-a4e8-7e5d9f844896@group-24C785E9A0FC-LeaderElection164] INFO  impl.RaftServerImpl (RaftServerImpl.java:setRole(184)) - ad4d83c7-0f96-47bc-a4e8-7e5d9f844896@group-24C785E9A0FC: changes role from CANDIDATE to FOLLOWER at term 164 for DISCOVERED_A_NEW_TERM
2019-10-23 12:13:40,014 [ad4d83c7-0f96-47bc-a4e8-7e5d9f844896@group-24C785E9A0FC-LeaderElection164] INFO  impl.RoleInfo (RoleInfo.java:shutdownLeaderElection(134)) - ad4d83c7-0f96-47bc-a4e8-7e5d9f844896: shutdown LeaderElection
2019-10-23 12:13:40,014 [ad4d83c7-0f96-47bc-a4e8-7e5d9f844896@group-24C785E9A0FC-LeaderElection164] INFO  impl.RoleInfo (RoleInfo.java:updateAndGet(143)) - ad4d83c7-0f96-47bc-a4e8-7e5d9f844896: start FollowerState
2019-10-23 12:13:40,136 [Thread-1598] INFO  impl.FollowerState (FollowerState.java:run(108)) - ad4d83c7-0f96-47bc-a4e8-7e5d9f844896@group-24C785E9A0FC-FollowerState: change to CANDIDATE, lastRpcTime:121ms, electionTimeout:121ms
2019-10-23 12:13:40,136 [Thread-1598] INFO  impl.RoleInfo (RoleInfo.java:shutdownFollowerState(121)) - ad4d83c7-0f96-47bc-a4e8-7e5d9f844896: shutdown FollowerState
2019-10-23 12:13:40,136 [Thread-1598] INFO  impl.RaftServerImpl (RaftServerImpl.java:setRole(184)) - ad4d83c7-0f96-47bc-a4e8-7e5d9f844896@group-24C785E9A0FC: changes role from  FOLLOWER to CANDIDATE at term 164 for changeToCandidate
2019-10-23 12:13:40,136 [Thread-1598] INFO  impl.RoleInfo (RoleInfo.java:updateAndGet(143)) - ad4d83c7-0f96-47bc-a4e8-7e5d9f844896: start LeaderElection
2019-10-23 12:13:40,150 [ad4d83c7-0f96-47bc-a4e8-7e5d9f844896@group-24C785E9A0FC-LeaderElection165] INFO  impl.LeaderElection (LeaderElection.java:askForVotes(178)) - ad4d83c7-0f96-47bc-a4e8-7e5d9f844896@group-24C785E9A0FC-LeaderElection165: begin an election at term 165 for -1: [3b749b59-de2a-419b-9a26-261692f5c83c:192.168.69.118:39205, ad4d83c7-0f96-47bc-a4e8-7e5d9f844896:192.168.69.118:41688, 02863277-f564-4bc6-8337-fb22627f6f1a:192.168.69.118:36850], old=null
2019-10-23 12:13:40,151 [ad4d83c7-0f96-47bc-a4e8-7e5d9f844896@group-24C785E9A0FC-LeaderElection165] INFO  impl.LeaderElection (LogUtils.java:infoOrTrace(149)) - ad4d83c7-0f96-47bc-a4e8-7e5d9f844896@group-24C785E9A0FC-LeaderElection165 got exception when requesting votes: {}
java.util.concurrent.ExecutionException: org.apache.ratis.thirdparty.io.grpc.StatusRuntimeException: UNAVAILABLE: io exception
	at java.util.concurrent.FutureTask.report(FutureTask.java:122)
	at java.util.concurrent.FutureTask.get(FutureTask.java:192)
	at org.apache.ratis.server.impl.LeaderElection.waitForResults(LeaderElection.java:259)
	at org.apache.ratis.server.impl.LeaderElection.askForVotes(LeaderElection.java:197)
	at org.apache.ratis.server.impl.LeaderElection.run(LeaderElection.java:133)
	at java.lang.Thread.run(Thread.java:748)
Caused by: org.apache.ratis.thirdparty.io.grpc.StatusRuntimeException: UNAVAILABLE: io exception
	at org.apache.ratis.thirdparty.io.grpc.stub.ClientCalls.toStatusRuntimeException(ClientCalls.java:233)
	at org.apache.ratis.thirdparty.io.grpc.stub.ClientCalls.getUnchecked(ClientCalls.java:214)
	at org.apache.ratis.thirdparty.io.grpc.stub.ClientCalls.blockingUnaryCall(ClientCalls.java:139)
	at org.apache.ratis.proto.grpc.RaftServerProtocolServiceGrpc$RaftServerProtocolServiceBlockingStub.requestVote(RaftServerProtocolServiceGrpc.java:265)
	at org.apache.ratis.grpc.server.GrpcServerProtocolClient.requestVote(GrpcServerProtocolClient.java:99)
	at org.apache.ratis.grpc.server.GrpcService.requestVote(GrpcService.java:204)
	at org.apache.ratis.server.impl.LeaderElection.lambda$submitRequests$1(LeaderElection.java:234)
	at java.util.concurrent.FutureTask.run(FutureTask.java:266)
	at java.util.concurrent.Executors$RunnableAdapter.call(Executors.java:511)
	at java.util.concurrent.FutureTask.run(FutureTask.java:266)
	at java.util.concurrent.ThreadPoolExecutor.runWorker(ThreadPoolExecutor.java:1149)
	at java.util.concurrent.ThreadPoolExecutor$Worker.run(ThreadPoolExecutor.java:624)
	... 1 more
Caused by: org.apache.ratis.thirdparty.io.netty.channel.AbstractChannel$AnnotatedConnectException: Connection refused: /192.168.69.118:39205
	at sun.nio.ch.SocketChannelImpl.checkConnect(Native Method)
	at sun.nio.ch.SocketChannelImpl.finishConnect(SocketChannelImpl.java:717)
	at org.apache.ratis.thirdparty.io.netty.channel.socket.nio.NioSocketChannel.doFinishConnect(NioSocketChannel.java:327)
	at org.apache.ratis.thirdparty.io.netty.channel.nio.AbstractNioChannel$AbstractNioUnsafe.finishConnect(AbstractNioChannel.java:340)
	at org.apache.ratis.thirdparty.io.netty.channel.nio.NioEventLoop.processSelectedKey(NioEventLoop.java:632)
	at org.apache.ratis.thirdparty.io.netty.channel.nio.NioEventLoop.processSelectedKeysOptimized(NioEventLoop.java:579)
	at org.apache.ratis.thirdparty.io.netty.channel.nio.NioEventLoop.processSelectedKeys(NioEventLoop.java:496)
	at org.apache.ratis.thirdparty.io.netty.channel.nio.NioEventLoop.run(NioEventLoop.java:458)
	at org.apache.ratis.thirdparty.io.netty.util.concurrent.SingleThreadEventExecutor$5.run(SingleThreadEventExecutor.java:897)
	at org.apache.ratis.thirdparty.io.netty.util.concurrent.FastThreadLocalRunnable.run(FastThreadLocalRunnable.java:30)
	... 1 more
Caused by: java.net.ConnectException: Connection refused
	... 11 more
2019-10-23 12:13:40,152 [grpc-default-executor-3] INFO  impl.RaftServerImpl (RaftServerImpl.java:setRole(184)) - 02863277-f564-4bc6-8337-fb22627f6f1a@group-24C785E9A0FC: changes role from  FOLLOWER to FOLLOWER at term 165 for recognizeCandidate:ad4d83c7-0f96-47bc-a4e8-7e5d9f844896
2019-10-23 12:13:40,152 [grpc-default-executor-3] INFO  impl.RoleInfo (RoleInfo.java:shutdownFollowerState(121)) - 02863277-f564-4bc6-8337-fb22627f6f1a: shutdown FollowerState
2019-10-23 12:13:40,153 [grpc-default-executor-3] INFO  impl.RoleInfo (RoleInfo.java:updateAndGet(143)) - 02863277-f564-4bc6-8337-fb22627f6f1a: start FollowerState
2019-10-23 12:13:40,153 [Thread-1597] INFO  impl.FollowerState (FollowerState.java:run(117)) - 02863277-f564-4bc6-8337-fb22627f6f1a@group-24C785E9A0FC-FollowerState was interrupted: java.lang.InterruptedException: sleep interrupted
2019-10-23 12:13:40,178 [ad4d83c7-0f96-47bc-a4e8-7e5d9f844896@group-24C785E9A0FC-LeaderElection165] INFO  impl.LeaderElection (LeaderElection.java:logAndReturn(56)) - ad4d83c7-0f96-47bc-a4e8-7e5d9f844896@group-24C785E9A0FC-LeaderElection165: Election REJECTED; received 1 response(s) [ad4d83c7-0f96-47bc-a4e8-7e5d9f844896<-02863277-f564-4bc6-8337-fb22627f6f1a#0:FAIL-t165] and 1 exception(s); ad4d83c7-0f96-47bc-a4e8-7e5d9f844896@group-24C785E9A0FC:t165, leader=null, voted=ad4d83c7-0f96-47bc-a4e8-7e5d9f844896, raftlog=ad4d83c7-0f96-47bc-a4e8-7e5d9f844896@group-24C785E9A0FC-SegmentedRaftLog:OPENED:c-1,f-1,i0, conf=-1: [3b749b59-de2a-419b-9a26-261692f5c83c:192.168.69.118:39205, ad4d83c7-0f96-47bc-a4e8-7e5d9f844896:192.168.69.118:41688, 02863277-f564-4bc6-8337-fb22627f6f1a:192.168.69.118:36850], old=null
2019-10-23 12:13:40,178 [ad4d83c7-0f96-47bc-a4e8-7e5d9f844896@group-24C785E9A0FC-LeaderElection165] INFO  impl.LeaderElection (LogUtils.java:infoOrTrace(149)) -   Exception 0: {}
java.util.concurrent.ExecutionException: org.apache.ratis.thirdparty.io.grpc.StatusRuntimeException: UNAVAILABLE: io exception
	at java.util.concurrent.FutureTask.report(FutureTask.java:122)
	at java.util.concurrent.FutureTask.get(FutureTask.java:192)
	at org.apache.ratis.server.impl.LeaderElection.waitForResults(LeaderElection.java:259)
	at org.apache.ratis.server.impl.LeaderElection.askForVotes(LeaderElection.java:197)
	at org.apache.ratis.server.impl.LeaderElection.run(LeaderElection.java:133)
	at java.lang.Thread.run(Thread.java:748)
Caused by: org.apache.ratis.thirdparty.io.grpc.StatusRuntimeException: UNAVAILABLE: io exception
	at org.apache.ratis.thirdparty.io.grpc.stub.ClientCalls.toStatusRuntimeException(ClientCalls.java:233)
	at org.apache.ratis.thirdparty.io.grpc.stub.ClientCalls.getUnchecked(ClientCalls.java:214)
	at org.apache.ratis.thirdparty.io.grpc.stub.ClientCalls.blockingUnaryCall(ClientCalls.java:139)
	at org.apache.ratis.proto.grpc.RaftServerProtocolServiceGrpc$RaftServerProtocolServiceBlockingStub.requestVote(RaftServerProtocolServiceGrpc.java:265)
	at org.apache.ratis.grpc.server.GrpcServerProtocolClient.requestVote(GrpcServerProtocolClient.java:99)
	at org.apache.ratis.grpc.server.GrpcService.requestVote(GrpcService.java:204)
	at org.apache.ratis.server.impl.LeaderElection.lambda$submitRequests$1(LeaderElection.java:234)
	at java.util.concurrent.FutureTask.run(FutureTask.java:266)
	at java.util.concurrent.Executors$RunnableAdapter.call(Executors.java:511)
	at java.util.concurrent.FutureTask.run(FutureTask.java:266)
	at java.util.concurrent.ThreadPoolExecutor.runWorker(ThreadPoolExecutor.java:1149)
	at java.util.concurrent.ThreadPoolExecutor$Worker.run(ThreadPoolExecutor.java:624)
	... 1 more
Caused by: org.apache.ratis.thirdparty.io.netty.channel.AbstractChannel$AnnotatedConnectException: Connection refused: /192.168.69.118:39205
	at sun.nio.ch.SocketChannelImpl.checkConnect(Native Method)
	at sun.nio.ch.SocketChannelImpl.finishConnect(SocketChannelImpl.java:717)
	at org.apache.ratis.thirdparty.io.netty.channel.socket.nio.NioSocketChannel.doFinishConnect(NioSocketChannel.java:327)
	at org.apache.ratis.thirdparty.io.netty.channel.nio.AbstractNioChannel$AbstractNioUnsafe.finishConnect(AbstractNioChannel.java:340)
	at org.apache.ratis.thirdparty.io.netty.channel.nio.NioEventLoop.processSelectedKey(NioEventLoop.java:632)
	at org.apache.ratis.thirdparty.io.netty.channel.nio.NioEventLoop.processSelectedKeysOptimized(NioEventLoop.java:579)
	at org.apache.ratis.thirdparty.io.netty.channel.nio.NioEventLoop.processSelectedKeys(NioEventLoop.java:496)
	at org.apache.ratis.thirdparty.io.netty.channel.nio.NioEventLoop.run(NioEventLoop.java:458)
	at org.apache.ratis.thirdparty.io.netty.util.concurrent.SingleThreadEventExecutor$5.run(SingleThreadEventExecutor.java:897)
	at org.apache.ratis.thirdparty.io.netty.util.concurrent.FastThreadLocalRunnable.run(FastThreadLocalRunnable.java:30)
	... 1 more
Caused by: java.net.ConnectException: Connection refused
	... 11 more
2019-10-23 12:13:40,179 [ad4d83c7-0f96-47bc-a4e8-7e5d9f844896@group-24C785E9A0FC-LeaderElection165] INFO  impl.RaftServerImpl (RaftServerImpl.java:setRole(184)) - ad4d83c7-0f96-47bc-a4e8-7e5d9f844896@group-24C785E9A0FC: changes role from CANDIDATE to FOLLOWER at term 165 for DISCOVERED_A_NEW_TERM
2019-10-23 12:13:40,179 [ad4d83c7-0f96-47bc-a4e8-7e5d9f844896@group-24C785E9A0FC-LeaderElection165] INFO  impl.RoleInfo (RoleInfo.java:shutdownLeaderElection(134)) - ad4d83c7-0f96-47bc-a4e8-7e5d9f844896: shutdown LeaderElection
2019-10-23 12:13:40,179 [ad4d83c7-0f96-47bc-a4e8-7e5d9f844896@group-24C785E9A0FC-LeaderElection165] INFO  impl.RoleInfo (RoleInfo.java:updateAndGet(143)) - ad4d83c7-0f96-47bc-a4e8-7e5d9f844896: start FollowerState
2019-10-23 12:13:40,314 [Thread-1605] INFO  impl.FollowerState (FollowerState.java:run(108)) - ad4d83c7-0f96-47bc-a4e8-7e5d9f844896@group-24C785E9A0FC-FollowerState: change to CANDIDATE, lastRpcTime:135ms, electionTimeout:135ms
2019-10-23 12:13:40,315 [Thread-1605] INFO  impl.RoleInfo (RoleInfo.java:shutdownFollowerState(121)) - ad4d83c7-0f96-47bc-a4e8-7e5d9f844896: shutdown FollowerState
2019-10-23 12:13:40,315 [Thread-1605] INFO  impl.RaftServerImpl (RaftServerImpl.java:setRole(184)) - ad4d83c7-0f96-47bc-a4e8-7e5d9f844896@group-24C785E9A0FC: changes role from  FOLLOWER to CANDIDATE at term 165 for changeToCandidate
2019-10-23 12:13:40,315 [Thread-1605] INFO  impl.RoleInfo (RoleInfo.java:updateAndGet(143)) - ad4d83c7-0f96-47bc-a4e8-7e5d9f844896: start LeaderElection
2019-10-23 12:13:40,329 [ad4d83c7-0f96-47bc-a4e8-7e5d9f844896@group-24C785E9A0FC-LeaderElection166] INFO  impl.LeaderElection (LeaderElection.java:askForVotes(178)) - ad4d83c7-0f96-47bc-a4e8-7e5d9f844896@group-24C785E9A0FC-LeaderElection166: begin an election at term 166 for -1: [3b749b59-de2a-419b-9a26-261692f5c83c:192.168.69.118:39205, ad4d83c7-0f96-47bc-a4e8-7e5d9f844896:192.168.69.118:41688, 02863277-f564-4bc6-8337-fb22627f6f1a:192.168.69.118:36850], old=null
2019-10-23 12:13:40,330 [ad4d83c7-0f96-47bc-a4e8-7e5d9f844896@group-24C785E9A0FC-LeaderElection166] INFO  impl.LeaderElection (LogUtils.java:infoOrTrace(149)) - ad4d83c7-0f96-47bc-a4e8-7e5d9f844896@group-24C785E9A0FC-LeaderElection166 got exception when requesting votes: {}
java.util.concurrent.ExecutionException: org.apache.ratis.thirdparty.io.grpc.StatusRuntimeException: UNAVAILABLE: io exception
	at java.util.concurrent.FutureTask.report(FutureTask.java:122)
	at java.util.concurrent.FutureTask.get(FutureTask.java:192)
	at org.apache.ratis.server.impl.LeaderElection.waitForResults(LeaderElection.java:259)
	at org.apache.ratis.server.impl.LeaderElection.askForVotes(LeaderElection.java:197)
	at org.apache.ratis.server.impl.LeaderElection.run(LeaderElection.java:133)
	at java.lang.Thread.run(Thread.java:748)
Caused by: org.apache.ratis.thirdparty.io.grpc.StatusRuntimeException: UNAVAILABLE: io exception
	at org.apache.ratis.thirdparty.io.grpc.stub.ClientCalls.toStatusRuntimeException(ClientCalls.java:233)
	at org.apache.ratis.thirdparty.io.grpc.stub.ClientCalls.getUnchecked(ClientCalls.java:214)
	at org.apache.ratis.thirdparty.io.grpc.stub.ClientCalls.blockingUnaryCall(ClientCalls.java:139)
	at org.apache.ratis.proto.grpc.RaftServerProtocolServiceGrpc$RaftServerProtocolServiceBlockingStub.requestVote(RaftServerProtocolServiceGrpc.java:265)
	at org.apache.ratis.grpc.server.GrpcServerProtocolClient.requestVote(GrpcServerProtocolClient.java:99)
	at org.apache.ratis.grpc.server.GrpcService.requestVote(GrpcService.java:204)
	at org.apache.ratis.server.impl.LeaderElection.lambda$submitRequests$1(LeaderElection.java:234)
	at java.util.concurrent.FutureTask.run(FutureTask.java:266)
	at java.util.concurrent.Executors$RunnableAdapter.call(Executors.java:511)
	at java.util.concurrent.FutureTask.run(FutureTask.java:266)
	at java.util.concurrent.ThreadPoolExecutor.runWorker(ThreadPoolExecutor.java:1149)
	at java.util.concurrent.ThreadPoolExecutor$Worker.run(ThreadPoolExecutor.java:624)
	... 1 more
Caused by: org.apache.ratis.thirdparty.io.netty.channel.AbstractChannel$AnnotatedConnectException: Connection refused: /192.168.69.118:39205
	at sun.nio.ch.SocketChannelImpl.checkConnect(Native Method)
	at sun.nio.ch.SocketChannelImpl.finishConnect(SocketChannelImpl.java:717)
	at org.apache.ratis.thirdparty.io.netty.channel.socket.nio.NioSocketChannel.doFinishConnect(NioSocketChannel.java:327)
	at org.apache.ratis.thirdparty.io.netty.channel.nio.AbstractNioChannel$AbstractNioUnsafe.finishConnect(AbstractNioChannel.java:340)
	at org.apache.ratis.thirdparty.io.netty.channel.nio.NioEventLoop.processSelectedKey(NioEventLoop.java:632)
	at org.apache.ratis.thirdparty.io.netty.channel.nio.NioEventLoop.processSelectedKeysOptimized(NioEventLoop.java:579)
	at org.apache.ratis.thirdparty.io.netty.channel.nio.NioEventLoop.processSelectedKeys(NioEventLoop.java:496)
	at org.apache.ratis.thirdparty.io.netty.channel.nio.NioEventLoop.run(NioEventLoop.java:458)
	at org.apache.ratis.thirdparty.io.netty.util.concurrent.SingleThreadEventExecutor$5.run(SingleThreadEventExecutor.java:897)
	at org.apache.ratis.thirdparty.io.netty.util.concurrent.FastThreadLocalRunnable.run(FastThreadLocalRunnable.java:30)
	... 1 more
Caused by: java.net.ConnectException: Connection refused
	... 11 more
2019-10-23 12:13:40,331 [grpc-default-executor-3] INFO  impl.RaftServerImpl (RaftServerImpl.java:setRole(184)) - 02863277-f564-4bc6-8337-fb22627f6f1a@group-24C785E9A0FC: changes role from  FOLLOWER to FOLLOWER at term 166 for recognizeCandidate:ad4d83c7-0f96-47bc-a4e8-7e5d9f844896
2019-10-23 12:13:40,332 [grpc-default-executor-3] INFO  impl.RoleInfo (RoleInfo.java:shutdownFollowerState(121)) - 02863277-f564-4bc6-8337-fb22627f6f1a: shutdown FollowerState
2019-10-23 12:13:40,332 [grpc-default-executor-3] INFO  impl.RoleInfo (RoleInfo.java:updateAndGet(143)) - 02863277-f564-4bc6-8337-fb22627f6f1a: start FollowerState
2019-10-23 12:13:40,332 [Thread-1604] INFO  impl.FollowerState (FollowerState.java:run(117)) - 02863277-f564-4bc6-8337-fb22627f6f1a@group-24C785E9A0FC-FollowerState was interrupted: java.lang.InterruptedException: sleep interrupted
2019-10-23 12:13:40,346 [ad4d83c7-0f96-47bc-a4e8-7e5d9f844896@group-24C785E9A0FC-LeaderElection166] INFO  impl.LeaderElection (LeaderElection.java:logAndReturn(56)) - ad4d83c7-0f96-47bc-a4e8-7e5d9f844896@group-24C785E9A0FC-LeaderElection166: Election REJECTED; received 1 response(s) [ad4d83c7-0f96-47bc-a4e8-7e5d9f844896<-02863277-f564-4bc6-8337-fb22627f6f1a#0:FAIL-t166] and 1 exception(s); ad4d83c7-0f96-47bc-a4e8-7e5d9f844896@group-24C785E9A0FC:t166, leader=null, voted=ad4d83c7-0f96-47bc-a4e8-7e5d9f844896, raftlog=ad4d83c7-0f96-47bc-a4e8-7e5d9f844896@group-24C785E9A0FC-SegmentedRaftLog:OPENED:c-1,f-1,i0, conf=-1: [3b749b59-de2a-419b-9a26-261692f5c83c:192.168.69.118:39205, ad4d83c7-0f96-47bc-a4e8-7e5d9f844896:192.168.69.118:41688, 02863277-f564-4bc6-8337-fb22627f6f1a:192.168.69.118:36850], old=null
2019-10-23 12:13:40,346 [ad4d83c7-0f96-47bc-a4e8-7e5d9f844896@group-24C785E9A0FC-LeaderElection166] INFO  impl.LeaderElection (LogUtils.java:infoOrTrace(149)) -   Exception 0: {}
java.util.concurrent.ExecutionException: org.apache.ratis.thirdparty.io.grpc.StatusRuntimeException: UNAVAILABLE: io exception
	at java.util.concurrent.FutureTask.report(FutureTask.java:122)
	at java.util.concurrent.FutureTask.get(FutureTask.java:192)
	at org.apache.ratis.server.impl.LeaderElection.waitForResults(LeaderElection.java:259)
	at org.apache.ratis.server.impl.LeaderElection.askForVotes(LeaderElection.java:197)
	at org.apache.ratis.server.impl.LeaderElection.run(LeaderElection.java:133)
	at java.lang.Thread.run(Thread.java:748)
Caused by: org.apache.ratis.thirdparty.io.grpc.StatusRuntimeException: UNAVAILABLE: io exception
	at org.apache.ratis.thirdparty.io.grpc.stub.ClientCalls.toStatusRuntimeException(ClientCalls.java:233)
	at org.apache.ratis.thirdparty.io.grpc.stub.ClientCalls.getUnchecked(ClientCalls.java:214)
	at org.apache.ratis.thirdparty.io.grpc.stub.ClientCalls.blockingUnaryCall(ClientCalls.java:139)
	at org.apache.ratis.proto.grpc.RaftServerProtocolServiceGrpc$RaftServerProtocolServiceBlockingStub.requestVote(RaftServerProtocolServiceGrpc.java:265)
	at org.apache.ratis.grpc.server.GrpcServerProtocolClient.requestVote(GrpcServerProtocolClient.java:99)
	at org.apache.ratis.grpc.server.GrpcService.requestVote(GrpcService.java:204)
	at org.apache.ratis.server.impl.LeaderElection.lambda$submitRequests$1(LeaderElection.java:234)
	at java.util.concurrent.FutureTask.run(FutureTask.java:266)
	at java.util.concurrent.Executors$RunnableAdapter.call(Executors.java:511)
	at java.util.concurrent.FutureTask.run(FutureTask.java:266)
	at java.util.concurrent.ThreadPoolExecutor.runWorker(ThreadPoolExecutor.java:1149)
	at java.util.concurrent.ThreadPoolExecutor$Worker.run(ThreadPoolExecutor.java:624)
	... 1 more
Caused by: org.apache.ratis.thirdparty.io.netty.channel.AbstractChannel$AnnotatedConnectException: Connection refused: /192.168.69.118:39205
	at sun.nio.ch.SocketChannelImpl.checkConnect(Native Method)
	at sun.nio.ch.SocketChannelImpl.finishConnect(SocketChannelImpl.java:717)
	at org.apache.ratis.thirdparty.io.netty.channel.socket.nio.NioSocketChannel.doFinishConnect(NioSocketChannel.java:327)
	at org.apache.ratis.thirdparty.io.netty.channel.nio.AbstractNioChannel$AbstractNioUnsafe.finishConnect(AbstractNioChannel.java:340)
	at org.apache.ratis.thirdparty.io.netty.channel.nio.NioEventLoop.processSelectedKey(NioEventLoop.java:632)
	at org.apache.ratis.thirdparty.io.netty.channel.nio.NioEventLoop.processSelectedKeysOptimized(NioEventLoop.java:579)
	at org.apache.ratis.thirdparty.io.netty.channel.nio.NioEventLoop.processSelectedKeys(NioEventLoop.java:496)
	at org.apache.ratis.thirdparty.io.netty.channel.nio.NioEventLoop.run(NioEventLoop.java:458)
	at org.apache.ratis.thirdparty.io.netty.util.concurrent.SingleThreadEventExecutor$5.run(SingleThreadEventExecutor.java:897)
	at org.apache.ratis.thirdparty.io.netty.util.concurrent.FastThreadLocalRunnable.run(FastThreadLocalRunnable.java:30)
	... 1 more
Caused by: java.net.ConnectException: Connection refused
	... 11 more
2019-10-23 12:13:40,346 [ad4d83c7-0f96-47bc-a4e8-7e5d9f844896@group-24C785E9A0FC-LeaderElection166] INFO  impl.RaftServerImpl (RaftServerImpl.java:setRole(184)) - ad4d83c7-0f96-47bc-a4e8-7e5d9f844896@group-24C785E9A0FC: changes role from CANDIDATE to FOLLOWER at term 166 for DISCOVERED_A_NEW_TERM
2019-10-23 12:13:40,346 [ad4d83c7-0f96-47bc-a4e8-7e5d9f844896@group-24C785E9A0FC-LeaderElection166] INFO  impl.RoleInfo (RoleInfo.java:shutdownLeaderElection(134)) - ad4d83c7-0f96-47bc-a4e8-7e5d9f844896: shutdown LeaderElection
2019-10-23 12:13:40,346 [ad4d83c7-0f96-47bc-a4e8-7e5d9f844896@group-24C785E9A0FC-LeaderElection166] INFO  impl.RoleInfo (RoleInfo.java:updateAndGet(143)) - ad4d83c7-0f96-47bc-a4e8-7e5d9f844896: start FollowerState
2019-10-23 12:13:40,460 [Thread-1610] INFO  impl.FollowerState (FollowerState.java:run(108)) - ad4d83c7-0f96-47bc-a4e8-7e5d9f844896@group-24C785E9A0FC-FollowerState: change to CANDIDATE, lastRpcTime:113ms, electionTimeout:113ms
2019-10-23 12:13:40,460 [Thread-1610] INFO  impl.RoleInfo (RoleInfo.java:shutdownFollowerState(121)) - ad4d83c7-0f96-47bc-a4e8-7e5d9f844896: shutdown FollowerState
2019-10-23 12:13:40,460 [Thread-1610] INFO  impl.RaftServerImpl (RaftServerImpl.java:setRole(184)) - ad4d83c7-0f96-47bc-a4e8-7e5d9f844896@group-24C785E9A0FC: changes role from  FOLLOWER to CANDIDATE at term 166 for changeToCandidate
2019-10-23 12:13:40,460 [Thread-1610] INFO  impl.RoleInfo (RoleInfo.java:updateAndGet(143)) - ad4d83c7-0f96-47bc-a4e8-7e5d9f844896: start LeaderElection
2019-10-23 12:13:40,474 [ad4d83c7-0f96-47bc-a4e8-7e5d9f844896@group-24C785E9A0FC-LeaderElection167] INFO  impl.LeaderElection (LeaderElection.java:askForVotes(178)) - ad4d83c7-0f96-47bc-a4e8-7e5d9f844896@group-24C785E9A0FC-LeaderElection167: begin an election at term 167 for -1: [3b749b59-de2a-419b-9a26-261692f5c83c:192.168.69.118:39205, ad4d83c7-0f96-47bc-a4e8-7e5d9f844896:192.168.69.118:41688, 02863277-f564-4bc6-8337-fb22627f6f1a:192.168.69.118:36850], old=null
2019-10-23 12:13:40,474 [ad4d83c7-0f96-47bc-a4e8-7e5d9f844896@group-24C785E9A0FC-LeaderElection167] INFO  impl.LeaderElection (LogUtils.java:infoOrTrace(149)) - ad4d83c7-0f96-47bc-a4e8-7e5d9f844896@group-24C785E9A0FC-LeaderElection167 got exception when requesting votes: {}
java.util.concurrent.ExecutionException: org.apache.ratis.thirdparty.io.grpc.StatusRuntimeException: UNAVAILABLE: io exception
	at java.util.concurrent.FutureTask.report(FutureTask.java:122)
	at java.util.concurrent.FutureTask.get(FutureTask.java:192)
	at org.apache.ratis.server.impl.LeaderElection.waitForResults(LeaderElection.java:259)
	at org.apache.ratis.server.impl.LeaderElection.askForVotes(LeaderElection.java:197)
	at org.apache.ratis.server.impl.LeaderElection.run(LeaderElection.java:133)
	at java.lang.Thread.run(Thread.java:748)
Caused by: org.apache.ratis.thirdparty.io.grpc.StatusRuntimeException: UNAVAILABLE: io exception
	at org.apache.ratis.thirdparty.io.grpc.stub.ClientCalls.toStatusRuntimeException(ClientCalls.java:233)
	at org.apache.ratis.thirdparty.io.grpc.stub.ClientCalls.getUnchecked(ClientCalls.java:214)
	at org.apache.ratis.thirdparty.io.grpc.stub.ClientCalls.blockingUnaryCall(ClientCalls.java:139)
	at org.apache.ratis.proto.grpc.RaftServerProtocolServiceGrpc$RaftServerProtocolServiceBlockingStub.requestVote(RaftServerProtocolServiceGrpc.java:265)
	at org.apache.ratis.grpc.server.GrpcServerProtocolClient.requestVote(GrpcServerProtocolClient.java:99)
	at org.apache.ratis.grpc.server.GrpcService.requestVote(GrpcService.java:204)
	at org.apache.ratis.server.impl.LeaderElection.lambda$submitRequests$1(LeaderElection.java:234)
	at java.util.concurrent.FutureTask.run(FutureTask.java:266)
	at java.util.concurrent.Executors$RunnableAdapter.call(Executors.java:511)
	at java.util.concurrent.FutureTask.run(FutureTask.java:266)
	at java.util.concurrent.ThreadPoolExecutor.runWorker(ThreadPoolExecutor.java:1149)
	at java.util.concurrent.ThreadPoolExecutor$Worker.run(ThreadPoolExecutor.java:624)
	... 1 more
Caused by: org.apache.ratis.thirdparty.io.netty.channel.AbstractChannel$AnnotatedConnectException: Connection refused: /192.168.69.118:39205
	at sun.nio.ch.SocketChannelImpl.checkConnect(Native Method)
	at sun.nio.ch.SocketChannelImpl.finishConnect(SocketChannelImpl.java:717)
	at org.apache.ratis.thirdparty.io.netty.channel.socket.nio.NioSocketChannel.doFinishConnect(NioSocketChannel.java:327)
	at org.apache.ratis.thirdparty.io.netty.channel.nio.AbstractNioChannel$AbstractNioUnsafe.finishConnect(AbstractNioChannel.java:340)
	at org.apache.ratis.thirdparty.io.netty.channel.nio.NioEventLoop.processSelectedKey(NioEventLoop.java:632)
	at org.apache.ratis.thirdparty.io.netty.channel.nio.NioEventLoop.processSelectedKeysOptimized(NioEventLoop.java:579)
	at org.apache.ratis.thirdparty.io.netty.channel.nio.NioEventLoop.processSelectedKeys(NioEventLoop.java:496)
	at org.apache.ratis.thirdparty.io.netty.channel.nio.NioEventLoop.run(NioEventLoop.java:458)
	at org.apache.ratis.thirdparty.io.netty.util.concurrent.SingleThreadEventExecutor$5.run(SingleThreadEventExecutor.java:897)
	at org.apache.ratis.thirdparty.io.netty.util.concurrent.FastThreadLocalRunnable.run(FastThreadLocalRunnable.java:30)
	... 1 more
Caused by: java.net.ConnectException: Connection refused
	... 11 more
2019-10-23 12:13:40,476 [grpc-default-executor-3] INFO  impl.RaftServerImpl (RaftServerImpl.java:setRole(184)) - 02863277-f564-4bc6-8337-fb22627f6f1a@group-24C785E9A0FC: changes role from  FOLLOWER to FOLLOWER at term 167 for recognizeCandidate:ad4d83c7-0f96-47bc-a4e8-7e5d9f844896
2019-10-23 12:13:40,476 [grpc-default-executor-3] INFO  impl.RoleInfo (RoleInfo.java:shutdownFollowerState(121)) - 02863277-f564-4bc6-8337-fb22627f6f1a: shutdown FollowerState
2019-10-23 12:13:40,477 [grpc-default-executor-3] INFO  impl.RoleInfo (RoleInfo.java:updateAndGet(143)) - 02863277-f564-4bc6-8337-fb22627f6f1a: start FollowerState
2019-10-23 12:13:40,477 [Thread-1609] INFO  impl.FollowerState (FollowerState.java:run(117)) - 02863277-f564-4bc6-8337-fb22627f6f1a@group-24C785E9A0FC-FollowerState was interrupted: java.lang.InterruptedException: sleep interrupted
2019-10-23 12:13:40,491 [ad4d83c7-0f96-47bc-a4e8-7e5d9f844896@group-24C785E9A0FC-LeaderElection167] INFO  impl.LeaderElection (LeaderElection.java:logAndReturn(56)) - ad4d83c7-0f96-47bc-a4e8-7e5d9f844896@group-24C785E9A0FC-LeaderElection167: Election REJECTED; received 1 response(s) [ad4d83c7-0f96-47bc-a4e8-7e5d9f844896<-02863277-f564-4bc6-8337-fb22627f6f1a#0:FAIL-t167] and 1 exception(s); ad4d83c7-0f96-47bc-a4e8-7e5d9f844896@group-24C785E9A0FC:t167, leader=null, voted=ad4d83c7-0f96-47bc-a4e8-7e5d9f844896, raftlog=ad4d83c7-0f96-47bc-a4e8-7e5d9f844896@group-24C785E9A0FC-SegmentedRaftLog:OPENED:c-1,f-1,i0, conf=-1: [3b749b59-de2a-419b-9a26-261692f5c83c:192.168.69.118:39205, ad4d83c7-0f96-47bc-a4e8-7e5d9f844896:192.168.69.118:41688, 02863277-f564-4bc6-8337-fb22627f6f1a:192.168.69.118:36850], old=null
2019-10-23 12:13:40,491 [ad4d83c7-0f96-47bc-a4e8-7e5d9f844896@group-24C785E9A0FC-LeaderElection167] INFO  impl.LeaderElection (LogUtils.java:infoOrTrace(149)) -   Exception 0: {}
java.util.concurrent.ExecutionException: org.apache.ratis.thirdparty.io.grpc.StatusRuntimeException: UNAVAILABLE: io exception
	at java.util.concurrent.FutureTask.report(FutureTask.java:122)
	at java.util.concurrent.FutureTask.get(FutureTask.java:192)
	at org.apache.ratis.server.impl.LeaderElection.waitForResults(LeaderElection.java:259)
	at org.apache.ratis.server.impl.LeaderElection.askForVotes(LeaderElection.java:197)
	at org.apache.ratis.server.impl.LeaderElection.run(LeaderElection.java:133)
	at java.lang.Thread.run(Thread.java:748)
Caused by: org.apache.ratis.thirdparty.io.grpc.StatusRuntimeException: UNAVAILABLE: io exception
	at org.apache.ratis.thirdparty.io.grpc.stub.ClientCalls.toStatusRuntimeException(ClientCalls.java:233)
	at org.apache.ratis.thirdparty.io.grpc.stub.ClientCalls.getUnchecked(ClientCalls.java:214)
	at org.apache.ratis.thirdparty.io.grpc.stub.ClientCalls.blockingUnaryCall(ClientCalls.java:139)
	at org.apache.ratis.proto.grpc.RaftServerProtocolServiceGrpc$RaftServerProtocolServiceBlockingStub.requestVote(RaftServerProtocolServiceGrpc.java:265)
	at org.apache.ratis.grpc.server.GrpcServerProtocolClient.requestVote(GrpcServerProtocolClient.java:99)
	at org.apache.ratis.grpc.server.GrpcService.requestVote(GrpcService.java:204)
	at org.apache.ratis.server.impl.LeaderElection.lambda$submitRequests$1(LeaderElection.java:234)
	at java.util.concurrent.FutureTask.run(FutureTask.java:266)
	at java.util.concurrent.Executors$RunnableAdapter.call(Executors.java:511)
	at java.util.concurrent.FutureTask.run(FutureTask.java:266)
	at java.util.concurrent.ThreadPoolExecutor.runWorker(ThreadPoolExecutor.java:1149)
	at java.util.concurrent.ThreadPoolExecutor$Worker.run(ThreadPoolExecutor.java:624)
	... 1 more
Caused by: org.apache.ratis.thirdparty.io.netty.channel.AbstractChannel$AnnotatedConnectException: Connection refused: /192.168.69.118:39205
	at sun.nio.ch.SocketChannelImpl.checkConnect(Native Method)
	at sun.nio.ch.SocketChannelImpl.finishConnect(SocketChannelImpl.java:717)
	at org.apache.ratis.thirdparty.io.netty.channel.socket.nio.NioSocketChannel.doFinishConnect(NioSocketChannel.java:327)
	at org.apache.ratis.thirdparty.io.netty.channel.nio.AbstractNioChannel$AbstractNioUnsafe.finishConnect(AbstractNioChannel.java:340)
	at org.apache.ratis.thirdparty.io.netty.channel.nio.NioEventLoop.processSelectedKey(NioEventLoop.java:632)
	at org.apache.ratis.thirdparty.io.netty.channel.nio.NioEventLoop.processSelectedKeysOptimized(NioEventLoop.java:579)
	at org.apache.ratis.thirdparty.io.netty.channel.nio.NioEventLoop.processSelectedKeys(NioEventLoop.java:496)
	at org.apache.ratis.thirdparty.io.netty.channel.nio.NioEventLoop.run(NioEventLoop.java:458)
	at org.apache.ratis.thirdparty.io.netty.util.concurrent.SingleThreadEventExecutor$5.run(SingleThreadEventExecutor.java:897)
	at org.apache.ratis.thirdparty.io.netty.util.concurrent.FastThreadLocalRunnable.run(FastThreadLocalRunnable.java:30)
	... 1 more
Caused by: java.net.ConnectException: Connection refused
	... 11 more
2019-10-23 12:13:40,491 [ad4d83c7-0f96-47bc-a4e8-7e5d9f844896@group-24C785E9A0FC-LeaderElection167] INFO  impl.RaftServerImpl (RaftServerImpl.java:setRole(184)) - ad4d83c7-0f96-47bc-a4e8-7e5d9f844896@group-24C785E9A0FC: changes role from CANDIDATE to FOLLOWER at term 167 for DISCOVERED_A_NEW_TERM
2019-10-23 12:13:40,491 [ad4d83c7-0f96-47bc-a4e8-7e5d9f844896@group-24C785E9A0FC-LeaderElection167] INFO  impl.RoleInfo (RoleInfo.java:shutdownLeaderElection(134)) - ad4d83c7-0f96-47bc-a4e8-7e5d9f844896: shutdown LeaderElection
2019-10-23 12:13:40,491 [ad4d83c7-0f96-47bc-a4e8-7e5d9f844896@group-24C785E9A0FC-LeaderElection167] INFO  impl.RoleInfo (RoleInfo.java:updateAndGet(143)) - ad4d83c7-0f96-47bc-a4e8-7e5d9f844896: start FollowerState
2019-10-23 12:13:40,569 [Thread-1615] INFO  impl.FollowerState (FollowerState.java:run(108)) - ad4d83c7-0f96-47bc-a4e8-7e5d9f844896@group-24C785E9A0FC-FollowerState: change to CANDIDATE, lastRpcTime:77ms, electionTimeout:77ms
2019-10-23 12:13:40,569 [Thread-1615] INFO  impl.RoleInfo (RoleInfo.java:shutdownFollowerState(121)) - ad4d83c7-0f96-47bc-a4e8-7e5d9f844896: shutdown FollowerState
2019-10-23 12:13:40,569 [Thread-1615] INFO  impl.RaftServerImpl (RaftServerImpl.java:setRole(184)) - ad4d83c7-0f96-47bc-a4e8-7e5d9f844896@group-24C785E9A0FC: changes role from  FOLLOWER to CANDIDATE at term 167 for changeToCandidate
2019-10-23 12:13:40,569 [Thread-1615] INFO  impl.RoleInfo (RoleInfo.java:updateAndGet(143)) - ad4d83c7-0f96-47bc-a4e8-7e5d9f844896: start LeaderElection
2019-10-23 12:13:40,583 [ad4d83c7-0f96-47bc-a4e8-7e5d9f844896@group-24C785E9A0FC-LeaderElection168] INFO  impl.LeaderElection (LeaderElection.java:askForVotes(178)) - ad4d83c7-0f96-47bc-a4e8-7e5d9f844896@group-24C785E9A0FC-LeaderElection168: begin an election at term 168 for -1: [3b749b59-de2a-419b-9a26-261692f5c83c:192.168.69.118:39205, ad4d83c7-0f96-47bc-a4e8-7e5d9f844896:192.168.69.118:41688, 02863277-f564-4bc6-8337-fb22627f6f1a:192.168.69.118:36850], old=null
2019-10-23 12:13:40,583 [ad4d83c7-0f96-47bc-a4e8-7e5d9f844896@group-24C785E9A0FC-LeaderElection168] INFO  impl.LeaderElection (LogUtils.java:infoOrTrace(149)) - ad4d83c7-0f96-47bc-a4e8-7e5d9f844896@group-24C785E9A0FC-LeaderElection168 got exception when requesting votes: {}
java.util.concurrent.ExecutionException: org.apache.ratis.thirdparty.io.grpc.StatusRuntimeException: UNAVAILABLE: io exception
	at java.util.concurrent.FutureTask.report(FutureTask.java:122)
	at java.util.concurrent.FutureTask.get(FutureTask.java:192)
	at org.apache.ratis.server.impl.LeaderElection.waitForResults(LeaderElection.java:259)
	at org.apache.ratis.server.impl.LeaderElection.askForVotes(LeaderElection.java:197)
	at org.apache.ratis.server.impl.LeaderElection.run(LeaderElection.java:133)
	at java.lang.Thread.run(Thread.java:748)
Caused by: org.apache.ratis.thirdparty.io.grpc.StatusRuntimeException: UNAVAILABLE: io exception
	at org.apache.ratis.thirdparty.io.grpc.stub.ClientCalls.toStatusRuntimeException(ClientCalls.java:233)
	at org.apache.ratis.thirdparty.io.grpc.stub.ClientCalls.getUnchecked(ClientCalls.java:214)
	at org.apache.ratis.thirdparty.io.grpc.stub.ClientCalls.blockingUnaryCall(ClientCalls.java:139)
	at org.apache.ratis.proto.grpc.RaftServerProtocolServiceGrpc$RaftServerProtocolServiceBlockingStub.requestVote(RaftServerProtocolServiceGrpc.java:265)
	at org.apache.ratis.grpc.server.GrpcServerProtocolClient.requestVote(GrpcServerProtocolClient.java:99)
	at org.apache.ratis.grpc.server.GrpcService.requestVote(GrpcService.java:204)
	at org.apache.ratis.server.impl.LeaderElection.lambda$submitRequests$1(LeaderElection.java:234)
	at java.util.concurrent.FutureTask.run(FutureTask.java:266)
	at java.util.concurrent.Executors$RunnableAdapter.call(Executors.java:511)
	at java.util.concurrent.FutureTask.run(FutureTask.java:266)
	at java.util.concurrent.ThreadPoolExecutor.runWorker(ThreadPoolExecutor.java:1149)
	at java.util.concurrent.ThreadPoolExecutor$Worker.run(ThreadPoolExecutor.java:624)
	... 1 more
Caused by: org.apache.ratis.thirdparty.io.netty.channel.AbstractChannel$AnnotatedConnectException: Connection refused: /192.168.69.118:39205
	at sun.nio.ch.SocketChannelImpl.checkConnect(Native Method)
	at sun.nio.ch.SocketChannelImpl.finishConnect(SocketChannelImpl.java:717)
	at org.apache.ratis.thirdparty.io.netty.channel.socket.nio.NioSocketChannel.doFinishConnect(NioSocketChannel.java:327)
	at org.apache.ratis.thirdparty.io.netty.channel.nio.AbstractNioChannel$AbstractNioUnsafe.finishConnect(AbstractNioChannel.java:340)
	at org.apache.ratis.thirdparty.io.netty.channel.nio.NioEventLoop.processSelectedKey(NioEventLoop.java:632)
	at org.apache.ratis.thirdparty.io.netty.channel.nio.NioEventLoop.processSelectedKeysOptimized(NioEventLoop.java:579)
	at org.apache.ratis.thirdparty.io.netty.channel.nio.NioEventLoop.processSelectedKeys(NioEventLoop.java:496)
	at org.apache.ratis.thirdparty.io.netty.channel.nio.NioEventLoop.run(NioEventLoop.java:458)
	at org.apache.ratis.thirdparty.io.netty.util.concurrent.SingleThreadEventExecutor$5.run(SingleThreadEventExecutor.java:897)
	at org.apache.ratis.thirdparty.io.netty.util.concurrent.FastThreadLocalRunnable.run(FastThreadLocalRunnable.java:30)
	... 1 more
Caused by: java.net.ConnectException: Connection refused
	... 11 more
2019-10-23 12:13:40,585 [grpc-default-executor-5] INFO  impl.RaftServerImpl (RaftServerImpl.java:setRole(184)) - 02863277-f564-4bc6-8337-fb22627f6f1a@group-24C785E9A0FC: changes role from  FOLLOWER to FOLLOWER at term 168 for recognizeCandidate:ad4d83c7-0f96-47bc-a4e8-7e5d9f844896
2019-10-23 12:13:40,585 [grpc-default-executor-5] INFO  impl.RoleInfo (RoleInfo.java:shutdownFollowerState(121)) - 02863277-f564-4bc6-8337-fb22627f6f1a: shutdown FollowerState
2019-10-23 12:13:40,585 [grpc-default-executor-5] INFO  impl.RoleInfo (RoleInfo.java:updateAndGet(143)) - 02863277-f564-4bc6-8337-fb22627f6f1a: start FollowerState
2019-10-23 12:13:40,585 [Thread-1614] INFO  impl.FollowerState (FollowerState.java:run(117)) - 02863277-f564-4bc6-8337-fb22627f6f1a@group-24C785E9A0FC-FollowerState was interrupted: java.lang.InterruptedException: sleep interrupted
2019-10-23 12:13:40,598 [Thread-442] INFO  impl.FollowerState (FollowerState.java:run(108)) - 4949cace-0585-430c-97a7-3db1e354cdac@group-55CA4A6792A0-FollowerState: change to CANDIDATE, lastRpcTime:1875ms, electionTimeout:1178ms
2019-10-23 12:13:40,599 [Thread-442] INFO  impl.RoleInfo (RoleInfo.java:shutdownFollowerState(121)) - 4949cace-0585-430c-97a7-3db1e354cdac: shutdown FollowerState
2019-10-23 12:13:40,599 [Thread-442] INFO  impl.RaftServerImpl (RaftServerImpl.java:setRole(184)) - 4949cace-0585-430c-97a7-3db1e354cdac@group-55CA4A6792A0: changes role from  FOLLOWER to CANDIDATE at term 5 for changeToCandidate
2019-10-23 12:13:40,599 [Thread-442] INFO  impl.RoleInfo (RoleInfo.java:updateAndGet(143)) - 4949cace-0585-430c-97a7-3db1e354cdac: start LeaderElection
2019-10-23 12:13:40,599 [4949cace-0585-430c-97a7-3db1e354cdac@group-55CA4A6792A0-LeaderElection169] INFO  impl.RaftServerImpl (ServerState.java:setLeader(256)) - 4949cace-0585-430c-97a7-3db1e354cdac@group-55CA4A6792A0: change Leader from d21719ef-fad3-4f0e-b494-842eeedea460 to null at term 5 for initElection
2019-10-23 12:13:40,600 [ad4d83c7-0f96-47bc-a4e8-7e5d9f844896@group-24C785E9A0FC-LeaderElection168] INFO  impl.LeaderElection (LeaderElection.java:logAndReturn(56)) - ad4d83c7-0f96-47bc-a4e8-7e5d9f844896@group-24C785E9A0FC-LeaderElection168: Election REJECTED; received 1 response(s) [ad4d83c7-0f96-47bc-a4e8-7e5d9f844896<-02863277-f564-4bc6-8337-fb22627f6f1a#0:FAIL-t168] and 1 exception(s); ad4d83c7-0f96-47bc-a4e8-7e5d9f844896@group-24C785E9A0FC:t168, leader=null, voted=ad4d83c7-0f96-47bc-a4e8-7e5d9f844896, raftlog=ad4d83c7-0f96-47bc-a4e8-7e5d9f844896@group-24C785E9A0FC-SegmentedRaftLog:OPENED:c-1,f-1,i0, conf=-1: [3b749b59-de2a-419b-9a26-261692f5c83c:192.168.69.118:39205, ad4d83c7-0f96-47bc-a4e8-7e5d9f844896:192.168.69.118:41688, 02863277-f564-4bc6-8337-fb22627f6f1a:192.168.69.118:36850], old=null
2019-10-23 12:13:40,600 [ad4d83c7-0f96-47bc-a4e8-7e5d9f844896@group-24C785E9A0FC-LeaderElection168] INFO  impl.LeaderElection (LogUtils.java:infoOrTrace(149)) -   Exception 0: {}
java.util.concurrent.ExecutionException: org.apache.ratis.thirdparty.io.grpc.StatusRuntimeException: UNAVAILABLE: io exception
	at java.util.concurrent.FutureTask.report(FutureTask.java:122)
	at java.util.concurrent.FutureTask.get(FutureTask.java:192)
	at org.apache.ratis.server.impl.LeaderElection.waitForResults(LeaderElection.java:259)
	at org.apache.ratis.server.impl.LeaderElection.askForVotes(LeaderElection.java:197)
	at org.apache.ratis.server.impl.LeaderElection.run(LeaderElection.java:133)
	at java.lang.Thread.run(Thread.java:748)
Caused by: org.apache.ratis.thirdparty.io.grpc.StatusRuntimeException: UNAVAILABLE: io exception
	at org.apache.ratis.thirdparty.io.grpc.stub.ClientCalls.toStatusRuntimeException(ClientCalls.java:233)
	at org.apache.ratis.thirdparty.io.grpc.stub.ClientCalls.getUnchecked(ClientCalls.java:214)
	at org.apache.ratis.thirdparty.io.grpc.stub.ClientCalls.blockingUnaryCall(ClientCalls.java:139)
	at org.apache.ratis.proto.grpc.RaftServerProtocolServiceGrpc$RaftServerProtocolServiceBlockingStub.requestVote(RaftServerProtocolServiceGrpc.java:265)
	at org.apache.ratis.grpc.server.GrpcServerProtocolClient.requestVote(GrpcServerProtocolClient.java:99)
	at org.apache.ratis.grpc.server.GrpcService.requestVote(GrpcService.java:204)
	at org.apache.ratis.server.impl.LeaderElection.lambda$submitRequests$1(LeaderElection.java:234)
	at java.util.concurrent.FutureTask.run(FutureTask.java:266)
	at java.util.concurrent.Executors$RunnableAdapter.call(Executors.java:511)
	at java.util.concurrent.FutureTask.run(FutureTask.java:266)
	at java.util.concurrent.ThreadPoolExecutor.runWorker(ThreadPoolExecutor.java:1149)
	at java.util.concurrent.ThreadPoolExecutor$Worker.run(ThreadPoolExecutor.java:624)
	... 1 more
Caused by: org.apache.ratis.thirdparty.io.netty.channel.AbstractChannel$AnnotatedConnectException: Connection refused: /192.168.69.118:39205
	at sun.nio.ch.SocketChannelImpl.checkConnect(Native Method)
	at sun.nio.ch.SocketChannelImpl.finishConnect(SocketChannelImpl.java:717)
	at org.apache.ratis.thirdparty.io.netty.channel.socket.nio.NioSocketChannel.doFinishConnect(NioSocketChannel.java:327)
	at org.apache.ratis.thirdparty.io.netty.channel.nio.AbstractNioChannel$AbstractNioUnsafe.finishConnect(AbstractNioChannel.java:340)
	at org.apache.ratis.thirdparty.io.netty.channel.nio.NioEventLoop.processSelectedKey(NioEventLoop.java:632)
	at org.apache.ratis.thirdparty.io.netty.channel.nio.NioEventLoop.processSelectedKeysOptimized(NioEventLoop.java:579)
	at org.apache.ratis.thirdparty.io.netty.channel.nio.NioEventLoop.processSelectedKeys(NioEventLoop.java:496)
	at org.apache.ratis.thirdparty.io.netty.channel.nio.NioEventLoop.run(NioEventLoop.java:458)
	at org.apache.ratis.thirdparty.io.netty.util.concurrent.SingleThreadEventExecutor$5.run(SingleThreadEventExecutor.java:897)
	at org.apache.ratis.thirdparty.io.netty.util.concurrent.FastThreadLocalRunnable.run(FastThreadLocalRunnable.java:30)
	... 1 more
Caused by: java.net.ConnectException: Connection refused
	... 11 more
2019-10-23 12:13:40,601 [ad4d83c7-0f96-47bc-a4e8-7e5d9f844896@group-24C785E9A0FC-LeaderElection168] INFO  impl.RaftServerImpl (RaftServerImpl.java:setRole(184)) - ad4d83c7-0f96-47bc-a4e8-7e5d9f844896@group-24C785E9A0FC: changes role from CANDIDATE to FOLLOWER at term 168 for DISCOVERED_A_NEW_TERM
2019-10-23 12:13:40,601 [ad4d83c7-0f96-47bc-a4e8-7e5d9f844896@group-24C785E9A0FC-LeaderElection168] INFO  impl.RoleInfo (RoleInfo.java:shutdownLeaderElection(134)) - ad4d83c7-0f96-47bc-a4e8-7e5d9f844896: shutdown LeaderElection
2019-10-23 12:13:40,601 [ad4d83c7-0f96-47bc-a4e8-7e5d9f844896@group-24C785E9A0FC-LeaderElection168] INFO  impl.RoleInfo (RoleInfo.java:updateAndGet(143)) - ad4d83c7-0f96-47bc-a4e8-7e5d9f844896: start FollowerState
2019-10-23 12:13:40,602 [4949cace-0585-430c-97a7-3db1e354cdac@group-55CA4A6792A0-LeaderElection169] INFO  impl.LeaderElection (LeaderElection.java:askForVotes(178)) - 4949cace-0585-430c-97a7-3db1e354cdac@group-55CA4A6792A0-LeaderElection169: begin an election at term 6 for 0: [736d60a2-feff-478b-9de2-63399c9845c9:192.168.69.118:36235, d21719ef-fad3-4f0e-b494-842eeedea460:192.168.69.118:45836, 4949cace-0585-430c-97a7-3db1e354cdac:192.168.69.118:33911], old=null
2019-10-23 12:13:40,605 [4949cace-0585-430c-97a7-3db1e354cdac@group-55CA4A6792A0-LeaderElection169] INFO  impl.LeaderElection (LogUtils.java:infoOrTrace(149)) - 4949cace-0585-430c-97a7-3db1e354cdac@group-55CA4A6792A0-LeaderElection169 got exception when requesting votes: {}
java.util.concurrent.ExecutionException: org.apache.ratis.thirdparty.io.grpc.StatusRuntimeException: UNAVAILABLE: io exception
	at java.util.concurrent.FutureTask.report(FutureTask.java:122)
	at java.util.concurrent.FutureTask.get(FutureTask.java:192)
	at org.apache.ratis.server.impl.LeaderElection.waitForResults(LeaderElection.java:259)
	at org.apache.ratis.server.impl.LeaderElection.askForVotes(LeaderElection.java:197)
	at org.apache.ratis.server.impl.LeaderElection.run(LeaderElection.java:133)
	at java.lang.Thread.run(Thread.java:748)
Caused by: org.apache.ratis.thirdparty.io.grpc.StatusRuntimeException: UNAVAILABLE: io exception
	at org.apache.ratis.thirdparty.io.grpc.stub.ClientCalls.toStatusRuntimeException(ClientCalls.java:233)
	at org.apache.ratis.thirdparty.io.grpc.stub.ClientCalls.getUnchecked(ClientCalls.java:214)
	at org.apache.ratis.thirdparty.io.grpc.stub.ClientCalls.blockingUnaryCall(ClientCalls.java:139)
	at org.apache.ratis.proto.grpc.RaftServerProtocolServiceGrpc$RaftServerProtocolServiceBlockingStub.requestVote(RaftServerProtocolServiceGrpc.java:265)
	at org.apache.ratis.grpc.server.GrpcServerProtocolClient.requestVote(GrpcServerProtocolClient.java:99)
	at org.apache.ratis.grpc.server.GrpcService.requestVote(GrpcService.java:204)
	at org.apache.ratis.server.impl.LeaderElection.lambda$submitRequests$1(LeaderElection.java:234)
	at java.util.concurrent.FutureTask.run(FutureTask.java:266)
	at java.util.concurrent.Executors$RunnableAdapter.call(Executors.java:511)
	at java.util.concurrent.FutureTask.run(FutureTask.java:266)
	at java.util.concurrent.ThreadPoolExecutor.runWorker(ThreadPoolExecutor.java:1149)
	at java.util.concurrent.ThreadPoolExecutor$Worker.run(ThreadPoolExecutor.java:624)
	... 1 more
Caused by: org.apache.ratis.thirdparty.io.netty.channel.AbstractChannel$AnnotatedConnectException: Connection refused: /192.168.69.118:36235
	at sun.nio.ch.SocketChannelImpl.checkConnect(Native Method)
	at sun.nio.ch.SocketChannelImpl.finishConnect(SocketChannelImpl.java:717)
	at org.apache.ratis.thirdparty.io.netty.channel.socket.nio.NioSocketChannel.doFinishConnect(NioSocketChannel.java:327)
	at org.apache.ratis.thirdparty.io.netty.channel.nio.AbstractNioChannel$AbstractNioUnsafe.finishConnect(AbstractNioChannel.java:340)
	at org.apache.ratis.thirdparty.io.netty.channel.nio.NioEventLoop.processSelectedKey(NioEventLoop.java:632)
	at org.apache.ratis.thirdparty.io.netty.channel.nio.NioEventLoop.processSelectedKeysOptimized(NioEventLoop.java:579)
	at org.apache.ratis.thirdparty.io.netty.channel.nio.NioEventLoop.processSelectedKeys(NioEventLoop.java:496)
	at org.apache.ratis.thirdparty.io.netty.channel.nio.NioEventLoop.run(NioEventLoop.java:458)
	at org.apache.ratis.thirdparty.io.netty.util.concurrent.SingleThreadEventExecutor$5.run(SingleThreadEventExecutor.java:897)
	at org.apache.ratis.thirdparty.io.netty.util.concurrent.FastThreadLocalRunnable.run(FastThreadLocalRunnable.java:30)
	... 1 more
Caused by: java.net.ConnectException: Connection refused
	... 11 more
2019-10-23 12:13:40,605 [4949cace-0585-430c-97a7-3db1e354cdac@group-55CA4A6792A0-LeaderElection169] INFO  impl.LeaderElection (LogUtils.java:infoOrTrace(149)) - 4949cace-0585-430c-97a7-3db1e354cdac@group-55CA4A6792A0-LeaderElection169 got exception when requesting votes: {}
java.util.concurrent.ExecutionException: org.apache.ratis.thirdparty.io.grpc.StatusRuntimeException: UNAVAILABLE: io exception
	at java.util.concurrent.FutureTask.report(FutureTask.java:122)
	at java.util.concurrent.FutureTask.get(FutureTask.java:192)
	at org.apache.ratis.server.impl.LeaderElection.waitForResults(LeaderElection.java:259)
	at org.apache.ratis.server.impl.LeaderElection.askForVotes(LeaderElection.java:197)
	at org.apache.ratis.server.impl.LeaderElection.run(LeaderElection.java:133)
	at java.lang.Thread.run(Thread.java:748)
Caused by: org.apache.ratis.thirdparty.io.grpc.StatusRuntimeException: UNAVAILABLE: io exception
	at org.apache.ratis.thirdparty.io.grpc.stub.ClientCalls.toStatusRuntimeException(ClientCalls.java:233)
	at org.apache.ratis.thirdparty.io.grpc.stub.ClientCalls.getUnchecked(ClientCalls.java:214)
	at org.apache.ratis.thirdparty.io.grpc.stub.ClientCalls.blockingUnaryCall(ClientCalls.java:139)
	at org.apache.ratis.proto.grpc.RaftServerProtocolServiceGrpc$RaftServerProtocolServiceBlockingStub.requestVote(RaftServerProtocolServiceGrpc.java:265)
	at org.apache.ratis.grpc.server.GrpcServerProtocolClient.requestVote(GrpcServerProtocolClient.java:99)
	at org.apache.ratis.grpc.server.GrpcService.requestVote(GrpcService.java:204)
	at org.apache.ratis.server.impl.LeaderElection.lambda$submitRequests$1(LeaderElection.java:234)
	at java.util.concurrent.FutureTask.run(FutureTask.java:266)
	at java.util.concurrent.Executors$RunnableAdapter.call(Executors.java:511)
	at java.util.concurrent.FutureTask.run(FutureTask.java:266)
	at java.util.concurrent.ThreadPoolExecutor.runWorker(ThreadPoolExecutor.java:1149)
	at java.util.concurrent.ThreadPoolExecutor$Worker.run(ThreadPoolExecutor.java:624)
	... 1 more
Caused by: org.apache.ratis.thirdparty.io.netty.channel.AbstractChannel$AnnotatedConnectException: Connection refused: /192.168.69.118:45836
	at sun.nio.ch.SocketChannelImpl.checkConnect(Native Method)
	at sun.nio.ch.SocketChannelImpl.finishConnect(SocketChannelImpl.java:717)
	at org.apache.ratis.thirdparty.io.netty.channel.socket.nio.NioSocketChannel.doFinishConnect(NioSocketChannel.java:327)
	at org.apache.ratis.thirdparty.io.netty.channel.nio.AbstractNioChannel$AbstractNioUnsafe.finishConnect(AbstractNioChannel.java:340)
	at org.apache.ratis.thirdparty.io.netty.channel.nio.NioEventLoop.processSelectedKey(NioEventLoop.java:632)
	at org.apache.ratis.thirdparty.io.netty.channel.nio.NioEventLoop.processSelectedKeysOptimized(NioEventLoop.java:579)
	at org.apache.ratis.thirdparty.io.netty.channel.nio.NioEventLoop.processSelectedKeys(NioEventLoop.java:496)
	at org.apache.ratis.thirdparty.io.netty.channel.nio.NioEventLoop.run(NioEventLoop.java:458)
	at org.apache.ratis.thirdparty.io.netty.util.concurrent.SingleThreadEventExecutor$5.run(SingleThreadEventExecutor.java:897)
	at org.apache.ratis.thirdparty.io.netty.util.concurrent.FastThreadLocalRunnable.run(FastThreadLocalRunnable.java:30)
	... 1 more
Caused by: java.net.ConnectException: Connection refused
	... 11 more
2019-10-23 12:13:40,606 [4949cace-0585-430c-97a7-3db1e354cdac@group-55CA4A6792A0-LeaderElection169] INFO  impl.LeaderElection (LeaderElection.java:logAndReturn(56)) - 4949cace-0585-430c-97a7-3db1e354cdac@group-55CA4A6792A0-LeaderElection169: Election REJECTED; received 0 response(s) [] and 2 exception(s); 4949cace-0585-430c-97a7-3db1e354cdac@group-55CA4A6792A0:t6, leader=null, voted=4949cace-0585-430c-97a7-3db1e354cdac, raftlog=4949cace-0585-430c-97a7-3db1e354cdac@group-55CA4A6792A0-SegmentedRaftLog:OPENED:c15,f15,i15, conf=0: [736d60a2-feff-478b-9de2-63399c9845c9:192.168.69.118:36235, d21719ef-fad3-4f0e-b494-842eeedea460:192.168.69.118:45836, 4949cace-0585-430c-97a7-3db1e354cdac:192.168.69.118:33911], old=null
2019-10-23 12:13:40,606 [4949cace-0585-430c-97a7-3db1e354cdac@group-55CA4A6792A0-LeaderElection169] INFO  impl.LeaderElection (LogUtils.java:infoOrTrace(149)) -   Exception 0: {}
java.util.concurrent.ExecutionException: org.apache.ratis.thirdparty.io.grpc.StatusRuntimeException: UNAVAILABLE: io exception
	at java.util.concurrent.FutureTask.report(FutureTask.java:122)
	at java.util.concurrent.FutureTask.get(FutureTask.java:192)
	at org.apache.ratis.server.impl.LeaderElection.waitForResults(LeaderElection.java:259)
	at org.apache.ratis.server.impl.LeaderElection.askForVotes(LeaderElection.java:197)
	at org.apache.ratis.server.impl.LeaderElection.run(LeaderElection.java:133)
	at java.lang.Thread.run(Thread.java:748)
Caused by: org.apache.ratis.thirdparty.io.grpc.StatusRuntimeException: UNAVAILABLE: io exception
	at org.apache.ratis.thirdparty.io.grpc.stub.ClientCalls.toStatusRuntimeException(ClientCalls.java:233)
	at org.apache.ratis.thirdparty.io.grpc.stub.ClientCalls.getUnchecked(ClientCalls.java:214)
	at org.apache.ratis.thirdparty.io.grpc.stub.ClientCalls.blockingUnaryCall(ClientCalls.java:139)
	at org.apache.ratis.proto.grpc.RaftServerProtocolServiceGrpc$RaftServerProtocolServiceBlockingStub.requestVote(RaftServerProtocolServiceGrpc.java:265)
	at org.apache.ratis.grpc.server.GrpcServerProtocolClient.requestVote(GrpcServerProtocolClient.java:99)
	at org.apache.ratis.grpc.server.GrpcService.requestVote(GrpcService.java:204)
	at org.apache.ratis.server.impl.LeaderElection.lambda$submitRequests$1(LeaderElection.java:234)
	at java.util.concurrent.FutureTask.run(FutureTask.java:266)
	at java.util.concurrent.Executors$RunnableAdapter.call(Executors.java:511)
	at java.util.concurrent.FutureTask.run(FutureTask.java:266)
	at java.util.concurrent.ThreadPoolExecutor.runWorker(ThreadPoolExecutor.java:1149)
	at java.util.concurrent.ThreadPoolExecutor$Worker.run(ThreadPoolExecutor.java:624)
	... 1 more
Caused by: org.apache.ratis.thirdparty.io.netty.channel.AbstractChannel$AnnotatedConnectException: Connection refused: /192.168.69.118:36235
	at sun.nio.ch.SocketChannelImpl.checkConnect(Native Method)
	at sun.nio.ch.SocketChannelImpl.finishConnect(SocketChannelImpl.java:717)
	at org.apache.ratis.thirdparty.io.netty.channel.socket.nio.NioSocketChannel.doFinishConnect(NioSocketChannel.java:327)
	at org.apache.ratis.thirdparty.io.netty.channel.nio.AbstractNioChannel$AbstractNioUnsafe.finishConnect(AbstractNioChannel.java:340)
	at org.apache.ratis.thirdparty.io.netty.channel.nio.NioEventLoop.processSelectedKey(NioEventLoop.java:632)
	at org.apache.ratis.thirdparty.io.netty.channel.nio.NioEventLoop.processSelectedKeysOptimized(NioEventLoop.java:579)
	at org.apache.ratis.thirdparty.io.netty.channel.nio.NioEventLoop.processSelectedKeys(NioEventLoop.java:496)
	at org.apache.ratis.thirdparty.io.netty.channel.nio.NioEventLoop.run(NioEventLoop.java:458)
	at org.apache.ratis.thirdparty.io.netty.util.concurrent.SingleThreadEventExecutor$5.run(SingleThreadEventExecutor.java:897)
	at org.apache.ratis.thirdparty.io.netty.util.concurrent.FastThreadLocalRunnable.run(FastThreadLocalRunnable.java:30)
	... 1 more
Caused by: java.net.ConnectException: Connection refused
	... 11 more
2019-10-23 12:13:40,606 [4949cace-0585-430c-97a7-3db1e354cdac@group-55CA4A6792A0-LeaderElection169] INFO  impl.LeaderElection (LogUtils.java:infoOrTrace(149)) -   Exception 1: {}
java.util.concurrent.ExecutionException: org.apache.ratis.thirdparty.io.grpc.StatusRuntimeException: UNAVAILABLE: io exception
	at java.util.concurrent.FutureTask.report(FutureTask.java:122)
	at java.util.concurrent.FutureTask.get(FutureTask.java:192)
	at org.apache.ratis.server.impl.LeaderElection.waitForResults(LeaderElection.java:259)
	at org.apache.ratis.server.impl.LeaderElection.askForVotes(LeaderElection.java:197)
	at org.apache.ratis.server.impl.LeaderElection.run(LeaderElection.java:133)
	at java.lang.Thread.run(Thread.java:748)
Caused by: org.apache.ratis.thirdparty.io.grpc.StatusRuntimeException: UNAVAILABLE: io exception
	at org.apache.ratis.thirdparty.io.grpc.stub.ClientCalls.toStatusRuntimeException(ClientCalls.java:233)
	at org.apache.ratis.thirdparty.io.grpc.stub.ClientCalls.getUnchecked(ClientCalls.java:214)
	at org.apache.ratis.thirdparty.io.grpc.stub.ClientCalls.blockingUnaryCall(ClientCalls.java:139)
	at org.apache.ratis.proto.grpc.RaftServerProtocolServiceGrpc$RaftServerProtocolServiceBlockingStub.requestVote(RaftServerProtocolServiceGrpc.java:265)
	at org.apache.ratis.grpc.server.GrpcServerProtocolClient.requestVote(GrpcServerProtocolClient.java:99)
	at org.apache.ratis.grpc.server.GrpcService.requestVote(GrpcService.java:204)
	at org.apache.ratis.server.impl.LeaderElection.lambda$submitRequests$1(LeaderElection.java:234)
	at java.util.concurrent.FutureTask.run(FutureTask.java:266)
	at java.util.concurrent.Executors$RunnableAdapter.call(Executors.java:511)
	at java.util.concurrent.FutureTask.run(FutureTask.java:266)
	at java.util.concurrent.ThreadPoolExecutor.runWorker(ThreadPoolExecutor.java:1149)
	at java.util.concurrent.ThreadPoolExecutor$Worker.run(ThreadPoolExecutor.java:624)
	... 1 more
Caused by: org.apache.ratis.thirdparty.io.netty.channel.AbstractChannel$AnnotatedConnectException: Connection refused: /192.168.69.118:45836
	at sun.nio.ch.SocketChannelImpl.checkConnect(Native Method)
	at sun.nio.ch.SocketChannelImpl.finishConnect(SocketChannelImpl.java:717)
	at org.apache.ratis.thirdparty.io.netty.channel.socket.nio.NioSocketChannel.doFinishConnect(NioSocketChannel.java:327)
	at org.apache.ratis.thirdparty.io.netty.channel.nio.AbstractNioChannel$AbstractNioUnsafe.finishConnect(AbstractNioChannel.java:340)
	at org.apache.ratis.thirdparty.io.netty.channel.nio.NioEventLoop.processSelectedKey(NioEventLoop.java:632)
	at org.apache.ratis.thirdparty.io.netty.channel.nio.NioEventLoop.processSelectedKeysOptimized(NioEventLoop.java:579)
	at org.apache.ratis.thirdparty.io.netty.channel.nio.NioEventLoop.processSelectedKeys(NioEventLoop.java:496)
	at org.apache.ratis.thirdparty.io.netty.channel.nio.NioEventLoop.run(NioEventLoop.java:458)
	at org.apache.ratis.thirdparty.io.netty.util.concurrent.SingleThreadEventExecutor$5.run(SingleThreadEventExecutor.java:897)
	at org.apache.ratis.thirdparty.io.netty.util.concurrent.FastThreadLocalRunnable.run(FastThreadLocalRunnable.java:30)
	... 1 more
Caused by: java.net.ConnectException: Connection refused
	... 11 more
2019-10-23 12:13:40,606 [4949cace-0585-430c-97a7-3db1e354cdac@group-55CA4A6792A0-LeaderElection169] INFO  impl.RaftServerImpl (RaftServerImpl.java:setRole(184)) - 4949cace-0585-430c-97a7-3db1e354cdac@group-55CA4A6792A0: changes role from CANDIDATE to FOLLOWER at term 6 for DISCOVERED_A_NEW_TERM
2019-10-23 12:13:40,606 [4949cace-0585-430c-97a7-3db1e354cdac@group-55CA4A6792A0-LeaderElection169] INFO  impl.RoleInfo (RoleInfo.java:shutdownLeaderElection(134)) - 4949cace-0585-430c-97a7-3db1e354cdac: shutdown LeaderElection
2019-10-23 12:13:40,606 [4949cace-0585-430c-97a7-3db1e354cdac@group-55CA4A6792A0-LeaderElection169] INFO  impl.RoleInfo (RoleInfo.java:updateAndGet(143)) - 4949cace-0585-430c-97a7-3db1e354cdac: start FollowerState
2019-10-23 12:13:40,716 [Thread-1623] INFO  impl.FollowerState (FollowerState.java:run(108)) - ad4d83c7-0f96-47bc-a4e8-7e5d9f844896@group-24C785E9A0FC-FollowerState: change to CANDIDATE, lastRpcTime:115ms, electionTimeout:115ms
2019-10-23 12:13:40,716 [Thread-1623] INFO  impl.RoleInfo (RoleInfo.java:shutdownFollowerState(121)) - ad4d83c7-0f96-47bc-a4e8-7e5d9f844896: shutdown FollowerState
2019-10-23 12:13:40,716 [Thread-1623] INFO  impl.RaftServerImpl (RaftServerImpl.java:setRole(184)) - ad4d83c7-0f96-47bc-a4e8-7e5d9f844896@group-24C785E9A0FC: changes role from  FOLLOWER to CANDIDATE at term 168 for changeToCandidate
2019-10-23 12:13:40,717 [Thread-1623] INFO  impl.RoleInfo (RoleInfo.java:updateAndGet(143)) - ad4d83c7-0f96-47bc-a4e8-7e5d9f844896: start LeaderElection
2019-10-23 12:13:40,730 [ad4d83c7-0f96-47bc-a4e8-7e5d9f844896@group-24C785E9A0FC-LeaderElection170] INFO  impl.LeaderElection (LeaderElection.java:askForVotes(178)) - ad4d83c7-0f96-47bc-a4e8-7e5d9f844896@group-24C785E9A0FC-LeaderElection170: begin an election at term 169 for -1: [3b749b59-de2a-419b-9a26-261692f5c83c:192.168.69.118:39205, ad4d83c7-0f96-47bc-a4e8-7e5d9f844896:192.168.69.118:41688, 02863277-f564-4bc6-8337-fb22627f6f1a:192.168.69.118:36850], old=null
2019-10-23 12:13:40,731 [ad4d83c7-0f96-47bc-a4e8-7e5d9f844896@group-24C785E9A0FC-LeaderElection170] INFO  impl.LeaderElection (LogUtils.java:infoOrTrace(149)) - ad4d83c7-0f96-47bc-a4e8-7e5d9f844896@group-24C785E9A0FC-LeaderElection170 got exception when requesting votes: {}
java.util.concurrent.ExecutionException: org.apache.ratis.thirdparty.io.grpc.StatusRuntimeException: UNAVAILABLE: io exception
	at java.util.concurrent.FutureTask.report(FutureTask.java:122)
	at java.util.concurrent.FutureTask.get(FutureTask.java:192)
	at org.apache.ratis.server.impl.LeaderElection.waitForResults(LeaderElection.java:259)
	at org.apache.ratis.server.impl.LeaderElection.askForVotes(LeaderElection.java:197)
	at org.apache.ratis.server.impl.LeaderElection.run(LeaderElection.java:133)
	at java.lang.Thread.run(Thread.java:748)
Caused by: org.apache.ratis.thirdparty.io.grpc.StatusRuntimeException: UNAVAILABLE: io exception
	at org.apache.ratis.thirdparty.io.grpc.stub.ClientCalls.toStatusRuntimeException(ClientCalls.java:233)
	at org.apache.ratis.thirdparty.io.grpc.stub.ClientCalls.getUnchecked(ClientCalls.java:214)
	at org.apache.ratis.thirdparty.io.grpc.stub.ClientCalls.blockingUnaryCall(ClientCalls.java:139)
	at org.apache.ratis.proto.grpc.RaftServerProtocolServiceGrpc$RaftServerProtocolServiceBlockingStub.requestVote(RaftServerProtocolServiceGrpc.java:265)
	at org.apache.ratis.grpc.server.GrpcServerProtocolClient.requestVote(GrpcServerProtocolClient.java:99)
	at org.apache.ratis.grpc.server.GrpcService.requestVote(GrpcService.java:204)
	at org.apache.ratis.server.impl.LeaderElection.lambda$submitRequests$1(LeaderElection.java:234)
	at java.util.concurrent.FutureTask.run(FutureTask.java:266)
	at java.util.concurrent.Executors$RunnableAdapter.call(Executors.java:511)
	at java.util.concurrent.FutureTask.run(FutureTask.java:266)
	at java.util.concurrent.ThreadPoolExecutor.runWorker(ThreadPoolExecutor.java:1149)
	at java.util.concurrent.ThreadPoolExecutor$Worker.run(ThreadPoolExecutor.java:624)
	... 1 more
Caused by: org.apache.ratis.thirdparty.io.netty.channel.AbstractChannel$AnnotatedConnectException: Connection refused: /192.168.69.118:39205
	at sun.nio.ch.SocketChannelImpl.checkConnect(Native Method)
	at sun.nio.ch.SocketChannelImpl.finishConnect(SocketChannelImpl.java:717)
	at org.apache.ratis.thirdparty.io.netty.channel.socket.nio.NioSocketChannel.doFinishConnect(NioSocketChannel.java:327)
	at org.apache.ratis.thirdparty.io.netty.channel.nio.AbstractNioChannel$AbstractNioUnsafe.finishConnect(AbstractNioChannel.java:340)
	at org.apache.ratis.thirdparty.io.netty.channel.nio.NioEventLoop.processSelectedKey(NioEventLoop.java:632)
	at org.apache.ratis.thirdparty.io.netty.channel.nio.NioEventLoop.processSelectedKeysOptimized(NioEventLoop.java:579)
	at org.apache.ratis.thirdparty.io.netty.channel.nio.NioEventLoop.processSelectedKeys(NioEventLoop.java:496)
	at org.apache.ratis.thirdparty.io.netty.channel.nio.NioEventLoop.run(NioEventLoop.java:458)
	at org.apache.ratis.thirdparty.io.netty.util.concurrent.SingleThreadEventExecutor$5.run(SingleThreadEventExecutor.java:897)
	at org.apache.ratis.thirdparty.io.netty.util.concurrent.FastThreadLocalRunnable.run(FastThreadLocalRunnable.java:30)
	... 1 more
Caused by: java.net.ConnectException: Connection refused
	... 11 more
2019-10-23 12:13:40,732 [grpc-default-executor-3] INFO  impl.RaftServerImpl (RaftServerImpl.java:setRole(184)) - 02863277-f564-4bc6-8337-fb22627f6f1a@group-24C785E9A0FC: changes role from  FOLLOWER to FOLLOWER at term 169 for recognizeCandidate:ad4d83c7-0f96-47bc-a4e8-7e5d9f844896
2019-10-23 12:13:40,732 [grpc-default-executor-3] INFO  impl.RoleInfo (RoleInfo.java:shutdownFollowerState(121)) - 02863277-f564-4bc6-8337-fb22627f6f1a: shutdown FollowerState
2019-10-23 12:13:40,732 [grpc-default-executor-3] INFO  impl.RoleInfo (RoleInfo.java:updateAndGet(143)) - 02863277-f564-4bc6-8337-fb22627f6f1a: start FollowerState
2019-10-23 12:13:40,732 [Thread-1621] INFO  impl.FollowerState (FollowerState.java:run(117)) - 02863277-f564-4bc6-8337-fb22627f6f1a@group-24C785E9A0FC-FollowerState was interrupted: java.lang.InterruptedException: sleep interrupted
2019-10-23 12:13:40,746 [ad4d83c7-0f96-47bc-a4e8-7e5d9f844896@group-24C785E9A0FC-LeaderElection170] INFO  impl.LeaderElection (LeaderElection.java:logAndReturn(56)) - ad4d83c7-0f96-47bc-a4e8-7e5d9f844896@group-24C785E9A0FC-LeaderElection170: Election REJECTED; received 1 response(s) [ad4d83c7-0f96-47bc-a4e8-7e5d9f844896<-02863277-f564-4bc6-8337-fb22627f6f1a#0:FAIL-t169] and 1 exception(s); ad4d83c7-0f96-47bc-a4e8-7e5d9f844896@group-24C785E9A0FC:t169, leader=null, voted=ad4d83c7-0f96-47bc-a4e8-7e5d9f844896, raftlog=ad4d83c7-0f96-47bc-a4e8-7e5d9f844896@group-24C785E9A0FC-SegmentedRaftLog:OPENED:c-1,f-1,i0, conf=-1: [3b749b59-de2a-419b-9a26-261692f5c83c:192.168.69.118:39205, ad4d83c7-0f96-47bc-a4e8-7e5d9f844896:192.168.69.118:41688, 02863277-f564-4bc6-8337-fb22627f6f1a:192.168.69.118:36850], old=null
2019-10-23 12:13:40,746 [ad4d83c7-0f96-47bc-a4e8-7e5d9f844896@group-24C785E9A0FC-LeaderElection170] INFO  impl.LeaderElection (LogUtils.java:infoOrTrace(149)) -   Exception 0: {}
java.util.concurrent.ExecutionException: org.apache.ratis.thirdparty.io.grpc.StatusRuntimeException: UNAVAILABLE: io exception
	at java.util.concurrent.FutureTask.report(FutureTask.java:122)
	at java.util.concurrent.FutureTask.get(FutureTask.java:192)
	at org.apache.ratis.server.impl.LeaderElection.waitForResults(LeaderElection.java:259)
	at org.apache.ratis.server.impl.LeaderElection.askForVotes(LeaderElection.java:197)
	at org.apache.ratis.server.impl.LeaderElection.run(LeaderElection.java:133)
	at java.lang.Thread.run(Thread.java:748)
Caused by: org.apache.ratis.thirdparty.io.grpc.StatusRuntimeException: UNAVAILABLE: io exception
	at org.apache.ratis.thirdparty.io.grpc.stub.ClientCalls.toStatusRuntimeException(ClientCalls.java:233)
	at org.apache.ratis.thirdparty.io.grpc.stub.ClientCalls.getUnchecked(ClientCalls.java:214)
	at org.apache.ratis.thirdparty.io.grpc.stub.ClientCalls.blockingUnaryCall(ClientCalls.java:139)
	at org.apache.ratis.proto.grpc.RaftServerProtocolServiceGrpc$RaftServerProtocolServiceBlockingStub.requestVote(RaftServerProtocolServiceGrpc.java:265)
	at org.apache.ratis.grpc.server.GrpcServerProtocolClient.requestVote(GrpcServerProtocolClient.java:99)
	at org.apache.ratis.grpc.server.GrpcService.requestVote(GrpcService.java:204)
	at org.apache.ratis.server.impl.LeaderElection.lambda$submitRequests$1(LeaderElection.java:234)
	at java.util.concurrent.FutureTask.run(FutureTask.java:266)
	at java.util.concurrent.Executors$RunnableAdapter.call(Executors.java:511)
	at java.util.concurrent.FutureTask.run(FutureTask.java:266)
	at java.util.concurrent.ThreadPoolExecutor.runWorker(ThreadPoolExecutor.java:1149)
	at java.util.concurrent.ThreadPoolExecutor$Worker.run(ThreadPoolExecutor.java:624)
	... 1 more
Caused by: org.apache.ratis.thirdparty.io.netty.channel.AbstractChannel$AnnotatedConnectException: Connection refused: /192.168.69.118:39205
	at sun.nio.ch.SocketChannelImpl.checkConnect(Native Method)
	at sun.nio.ch.SocketChannelImpl.finishConnect(SocketChannelImpl.java:717)
	at org.apache.ratis.thirdparty.io.netty.channel.socket.nio.NioSocketChannel.doFinishConnect(NioSocketChannel.java:327)
	at org.apache.ratis.thirdparty.io.netty.channel.nio.AbstractNioChannel$AbstractNioUnsafe.finishConnect(AbstractNioChannel.java:340)
	at org.apache.ratis.thirdparty.io.netty.channel.nio.NioEventLoop.processSelectedKey(NioEventLoop.java:632)
	at org.apache.ratis.thirdparty.io.netty.channel.nio.NioEventLoop.processSelectedKeysOptimized(NioEventLoop.java:579)
	at org.apache.ratis.thirdparty.io.netty.channel.nio.NioEventLoop.processSelectedKeys(NioEventLoop.java:496)
	at org.apache.ratis.thirdparty.io.netty.channel.nio.NioEventLoop.run(NioEventLoop.java:458)
	at org.apache.ratis.thirdparty.io.netty.util.concurrent.SingleThreadEventExecutor$5.run(SingleThreadEventExecutor.java:897)
	at org.apache.ratis.thirdparty.io.netty.util.concurrent.FastThreadLocalRunnable.run(FastThreadLocalRunnable.java:30)
	... 1 more
Caused by: java.net.ConnectException: Connection refused
	... 11 more
2019-10-23 12:13:40,747 [ad4d83c7-0f96-47bc-a4e8-7e5d9f844896@group-24C785E9A0FC-LeaderElection170] INFO  impl.RaftServerImpl (RaftServerImpl.java:setRole(184)) - ad4d83c7-0f96-47bc-a4e8-7e5d9f844896@group-24C785E9A0FC: changes role from CANDIDATE to FOLLOWER at term 169 for DISCOVERED_A_NEW_TERM
2019-10-23 12:13:40,747 [ad4d83c7-0f96-47bc-a4e8-7e5d9f844896@group-24C785E9A0FC-LeaderElection170] INFO  impl.RoleInfo (RoleInfo.java:shutdownLeaderElection(134)) - ad4d83c7-0f96-47bc-a4e8-7e5d9f844896: shutdown LeaderElection
2019-10-23 12:13:40,747 [ad4d83c7-0f96-47bc-a4e8-7e5d9f844896@group-24C785E9A0FC-LeaderElection170] INFO  impl.RoleInfo (RoleInfo.java:updateAndGet(143)) - ad4d83c7-0f96-47bc-a4e8-7e5d9f844896: start FollowerState
2019-10-23 12:13:40,914 [Thread-1631] INFO  impl.FollowerState (FollowerState.java:run(108)) - ad4d83c7-0f96-47bc-a4e8-7e5d9f844896@group-24C785E9A0FC-FollowerState: change to CANDIDATE, lastRpcTime:167ms, electionTimeout:167ms
2019-10-23 12:13:40,914 [Thread-1631] INFO  impl.RoleInfo (RoleInfo.java:shutdownFollowerState(121)) - ad4d83c7-0f96-47bc-a4e8-7e5d9f844896: shutdown FollowerState
2019-10-23 12:13:40,914 [Thread-1631] INFO  impl.RaftServerImpl (RaftServerImpl.java:setRole(184)) - ad4d83c7-0f96-47bc-a4e8-7e5d9f844896@group-24C785E9A0FC: changes role from  FOLLOWER to CANDIDATE at term 169 for changeToCandidate
2019-10-23 12:13:40,915 [Thread-1631] INFO  impl.RoleInfo (RoleInfo.java:updateAndGet(143)) - ad4d83c7-0f96-47bc-a4e8-7e5d9f844896: start LeaderElection
2019-10-23 12:13:40,929 [ad4d83c7-0f96-47bc-a4e8-7e5d9f844896@group-24C785E9A0FC-LeaderElection171] INFO  impl.LeaderElection (LeaderElection.java:askForVotes(178)) - ad4d83c7-0f96-47bc-a4e8-7e5d9f844896@group-24C785E9A0FC-LeaderElection171: begin an election at term 170 for -1: [3b749b59-de2a-419b-9a26-261692f5c83c:192.168.69.118:39205, ad4d83c7-0f96-47bc-a4e8-7e5d9f844896:192.168.69.118:41688, 02863277-f564-4bc6-8337-fb22627f6f1a:192.168.69.118:36850], old=null
2019-10-23 12:13:40,930 [ad4d83c7-0f96-47bc-a4e8-7e5d9f844896@group-24C785E9A0FC-LeaderElection171] INFO  impl.LeaderElection (LogUtils.java:infoOrTrace(149)) - ad4d83c7-0f96-47bc-a4e8-7e5d9f844896@group-24C785E9A0FC-LeaderElection171 got exception when requesting votes: {}
java.util.concurrent.ExecutionException: org.apache.ratis.thirdparty.io.grpc.StatusRuntimeException: UNAVAILABLE: io exception
	at java.util.concurrent.FutureTask.report(FutureTask.java:122)
	at java.util.concurrent.FutureTask.get(FutureTask.java:192)
	at org.apache.ratis.server.impl.LeaderElection.waitForResults(LeaderElection.java:259)
	at org.apache.ratis.server.impl.LeaderElection.askForVotes(LeaderElection.java:197)
	at org.apache.ratis.server.impl.LeaderElection.run(LeaderElection.java:133)
	at java.lang.Thread.run(Thread.java:748)
Caused by: org.apache.ratis.thirdparty.io.grpc.StatusRuntimeException: UNAVAILABLE: io exception
	at org.apache.ratis.thirdparty.io.grpc.stub.ClientCalls.toStatusRuntimeException(ClientCalls.java:233)
	at org.apache.ratis.thirdparty.io.grpc.stub.ClientCalls.getUnchecked(ClientCalls.java:214)
	at org.apache.ratis.thirdparty.io.grpc.stub.ClientCalls.blockingUnaryCall(ClientCalls.java:139)
	at org.apache.ratis.proto.grpc.RaftServerProtocolServiceGrpc$RaftServerProtocolServiceBlockingStub.requestVote(RaftServerProtocolServiceGrpc.java:265)
	at org.apache.ratis.grpc.server.GrpcServerProtocolClient.requestVote(GrpcServerProtocolClient.java:99)
	at org.apache.ratis.grpc.server.GrpcService.requestVote(GrpcService.java:204)
	at org.apache.ratis.server.impl.LeaderElection.lambda$submitRequests$1(LeaderElection.java:234)
	at java.util.concurrent.FutureTask.run(FutureTask.java:266)
	at java.util.concurrent.Executors$RunnableAdapter.call(Executors.java:511)
	at java.util.concurrent.FutureTask.run(FutureTask.java:266)
	at java.util.concurrent.ThreadPoolExecutor.runWorker(ThreadPoolExecutor.java:1149)
	at java.util.concurrent.ThreadPoolExecutor$Worker.run(ThreadPoolExecutor.java:624)
	... 1 more
Caused by: org.apache.ratis.thirdparty.io.netty.channel.AbstractChannel$AnnotatedConnectException: Connection refused: /192.168.69.118:39205
	at sun.nio.ch.SocketChannelImpl.checkConnect(Native Method)
	at sun.nio.ch.SocketChannelImpl.finishConnect(SocketChannelImpl.java:717)
	at org.apache.ratis.thirdparty.io.netty.channel.socket.nio.NioSocketChannel.doFinishConnect(NioSocketChannel.java:327)
	at org.apache.ratis.thirdparty.io.netty.channel.nio.AbstractNioChannel$AbstractNioUnsafe.finishConnect(AbstractNioChannel.java:340)
	at org.apache.ratis.thirdparty.io.netty.channel.nio.NioEventLoop.processSelectedKey(NioEventLoop.java:632)
	at org.apache.ratis.thirdparty.io.netty.channel.nio.NioEventLoop.processSelectedKeysOptimized(NioEventLoop.java:579)
	at org.apache.ratis.thirdparty.io.netty.channel.nio.NioEventLoop.processSelectedKeys(NioEventLoop.java:496)
	at org.apache.ratis.thirdparty.io.netty.channel.nio.NioEventLoop.run(NioEventLoop.java:458)
	at org.apache.ratis.thirdparty.io.netty.util.concurrent.SingleThreadEventExecutor$5.run(SingleThreadEventExecutor.java:897)
	at org.apache.ratis.thirdparty.io.netty.util.concurrent.FastThreadLocalRunnable.run(FastThreadLocalRunnable.java:30)
	... 1 more
Caused by: java.net.ConnectException: Connection refused
	... 11 more
2019-10-23 12:13:40,931 [grpc-default-executor-3] INFO  impl.RaftServerImpl (RaftServerImpl.java:setRole(184)) - 02863277-f564-4bc6-8337-fb22627f6f1a@group-24C785E9A0FC: changes role from  FOLLOWER to FOLLOWER at term 170 for recognizeCandidate:ad4d83c7-0f96-47bc-a4e8-7e5d9f844896
2019-10-23 12:13:40,932 [grpc-default-executor-3] INFO  impl.RoleInfo (RoleInfo.java:shutdownFollowerState(121)) - 02863277-f564-4bc6-8337-fb22627f6f1a: shutdown FollowerState
2019-10-23 12:13:40,932 [grpc-default-executor-3] INFO  impl.RoleInfo (RoleInfo.java:updateAndGet(143)) - 02863277-f564-4bc6-8337-fb22627f6f1a: start FollowerState
2019-10-23 12:13:40,932 [Thread-1630] INFO  impl.FollowerState (FollowerState.java:run(117)) - 02863277-f564-4bc6-8337-fb22627f6f1a@group-24C785E9A0FC-FollowerState was interrupted: java.lang.InterruptedException: sleep interrupted
2019-10-23 12:13:40,945 [ad4d83c7-0f96-47bc-a4e8-7e5d9f844896@group-24C785E9A0FC-LeaderElection171] INFO  impl.LeaderElection (LeaderElection.java:logAndReturn(56)) - ad4d83c7-0f96-47bc-a4e8-7e5d9f844896@group-24C785E9A0FC-LeaderElection171: Election REJECTED; received 1 response(s) [ad4d83c7-0f96-47bc-a4e8-7e5d9f844896<-02863277-f564-4bc6-8337-fb22627f6f1a#0:FAIL-t170] and 1 exception(s); ad4d83c7-0f96-47bc-a4e8-7e5d9f844896@group-24C785E9A0FC:t170, leader=null, voted=ad4d83c7-0f96-47bc-a4e8-7e5d9f844896, raftlog=ad4d83c7-0f96-47bc-a4e8-7e5d9f844896@group-24C785E9A0FC-SegmentedRaftLog:OPENED:c-1,f-1,i0, conf=-1: [3b749b59-de2a-419b-9a26-261692f5c83c:192.168.69.118:39205, ad4d83c7-0f96-47bc-a4e8-7e5d9f844896:192.168.69.118:41688, 02863277-f564-4bc6-8337-fb22627f6f1a:192.168.69.118:36850], old=null
2019-10-23 12:13:40,945 [ad4d83c7-0f96-47bc-a4e8-7e5d9f844896@group-24C785E9A0FC-LeaderElection171] INFO  impl.LeaderElection (LogUtils.java:infoOrTrace(149)) -   Exception 0: {}
java.util.concurrent.ExecutionException: org.apache.ratis.thirdparty.io.grpc.StatusRuntimeException: UNAVAILABLE: io exception
	at java.util.concurrent.FutureTask.report(FutureTask.java:122)
	at java.util.concurrent.FutureTask.get(FutureTask.java:192)
	at org.apache.ratis.server.impl.LeaderElection.waitForResults(LeaderElection.java:259)
	at org.apache.ratis.server.impl.LeaderElection.askForVotes(LeaderElection.java:197)
	at org.apache.ratis.server.impl.LeaderElection.run(LeaderElection.java:133)
	at java.lang.Thread.run(Thread.java:748)
Caused by: org.apache.ratis.thirdparty.io.grpc.StatusRuntimeException: UNAVAILABLE: io exception
	at org.apache.ratis.thirdparty.io.grpc.stub.ClientCalls.toStatusRuntimeException(ClientCalls.java:233)
	at org.apache.ratis.thirdparty.io.grpc.stub.ClientCalls.getUnchecked(ClientCalls.java:214)
	at org.apache.ratis.thirdparty.io.grpc.stub.ClientCalls.blockingUnaryCall(ClientCalls.java:139)
	at org.apache.ratis.proto.grpc.RaftServerProtocolServiceGrpc$RaftServerProtocolServiceBlockingStub.requestVote(RaftServerProtocolServiceGrpc.java:265)
	at org.apache.ratis.grpc.server.GrpcServerProtocolClient.requestVote(GrpcServerProtocolClient.java:99)
	at org.apache.ratis.grpc.server.GrpcService.requestVote(GrpcService.java:204)
	at org.apache.ratis.server.impl.LeaderElection.lambda$submitRequests$1(LeaderElection.java:234)
	at java.util.concurrent.FutureTask.run(FutureTask.java:266)
	at java.util.concurrent.Executors$RunnableAdapter.call(Executors.java:511)
	at java.util.concurrent.FutureTask.run(FutureTask.java:266)
	at java.util.concurrent.ThreadPoolExecutor.runWorker(ThreadPoolExecutor.java:1149)
	at java.util.concurrent.ThreadPoolExecutor$Worker.run(ThreadPoolExecutor.java:624)
	... 1 more
Caused by: org.apache.ratis.thirdparty.io.netty.channel.AbstractChannel$AnnotatedConnectException: Connection refused: /192.168.69.118:39205
	at sun.nio.ch.SocketChannelImpl.checkConnect(Native Method)
	at sun.nio.ch.SocketChannelImpl.finishConnect(SocketChannelImpl.java:717)
	at org.apache.ratis.thirdparty.io.netty.channel.socket.nio.NioSocketChannel.doFinishConnect(NioSocketChannel.java:327)
	at org.apache.ratis.thirdparty.io.netty.channel.nio.AbstractNioChannel$AbstractNioUnsafe.finishConnect(AbstractNioChannel.java:340)
	at org.apache.ratis.thirdparty.io.netty.channel.nio.NioEventLoop.processSelectedKey(NioEventLoop.java:632)
	at org.apache.ratis.thirdparty.io.netty.channel.nio.NioEventLoop.processSelectedKeysOptimized(NioEventLoop.java:579)
	at org.apache.ratis.thirdparty.io.netty.channel.nio.NioEventLoop.processSelectedKeys(NioEventLoop.java:496)
	at org.apache.ratis.thirdparty.io.netty.channel.nio.NioEventLoop.run(NioEventLoop.java:458)
	at org.apache.ratis.thirdparty.io.netty.util.concurrent.SingleThreadEventExecutor$5.run(SingleThreadEventExecutor.java:897)
	at org.apache.ratis.thirdparty.io.netty.util.concurrent.FastThreadLocalRunnable.run(FastThreadLocalRunnable.java:30)
	... 1 more
Caused by: java.net.ConnectException: Connection refused
	... 11 more
2019-10-23 12:13:40,946 [ad4d83c7-0f96-47bc-a4e8-7e5d9f844896@group-24C785E9A0FC-LeaderElection171] INFO  impl.RaftServerImpl (RaftServerImpl.java:setRole(184)) - ad4d83c7-0f96-47bc-a4e8-7e5d9f844896@group-24C785E9A0FC: changes role from CANDIDATE to FOLLOWER at term 170 for DISCOVERED_A_NEW_TERM
2019-10-23 12:13:40,946 [ad4d83c7-0f96-47bc-a4e8-7e5d9f844896@group-24C785E9A0FC-LeaderElection171] INFO  impl.RoleInfo (RoleInfo.java:shutdownLeaderElection(134)) - ad4d83c7-0f96-47bc-a4e8-7e5d9f844896: shutdown LeaderElection
2019-10-23 12:13:40,946 [ad4d83c7-0f96-47bc-a4e8-7e5d9f844896@group-24C785E9A0FC-LeaderElection171] INFO  impl.RoleInfo (RoleInfo.java:updateAndGet(143)) - ad4d83c7-0f96-47bc-a4e8-7e5d9f844896: start FollowerState
2019-10-23 12:13:41,028 [Thread-1636] INFO  impl.FollowerState (FollowerState.java:run(108)) - ad4d83c7-0f96-47bc-a4e8-7e5d9f844896@group-24C785E9A0FC-FollowerState: change to CANDIDATE, lastRpcTime:81ms, electionTimeout:81ms
2019-10-23 12:13:41,028 [Thread-1636] INFO  impl.RoleInfo (RoleInfo.java:shutdownFollowerState(121)) - ad4d83c7-0f96-47bc-a4e8-7e5d9f844896: shutdown FollowerState
2019-10-23 12:13:41,028 [Thread-1636] INFO  impl.RaftServerImpl (RaftServerImpl.java:setRole(184)) - ad4d83c7-0f96-47bc-a4e8-7e5d9f844896@group-24C785E9A0FC: changes role from  FOLLOWER to CANDIDATE at term 170 for changeToCandidate
2019-10-23 12:13:41,028 [Thread-1636] INFO  impl.RoleInfo (RoleInfo.java:updateAndGet(143)) - ad4d83c7-0f96-47bc-a4e8-7e5d9f844896: start LeaderElection
2019-10-23 12:13:41,041 [ad4d83c7-0f96-47bc-a4e8-7e5d9f844896@group-24C785E9A0FC-LeaderElection172] INFO  impl.LeaderElection (LeaderElection.java:askForVotes(178)) - ad4d83c7-0f96-47bc-a4e8-7e5d9f844896@group-24C785E9A0FC-LeaderElection172: begin an election at term 171 for -1: [3b749b59-de2a-419b-9a26-261692f5c83c:192.168.69.118:39205, ad4d83c7-0f96-47bc-a4e8-7e5d9f844896:192.168.69.118:41688, 02863277-f564-4bc6-8337-fb22627f6f1a:192.168.69.118:36850], old=null
2019-10-23 12:13:41,042 [ad4d83c7-0f96-47bc-a4e8-7e5d9f844896@group-24C785E9A0FC-LeaderElection172] INFO  impl.LeaderElection (LogUtils.java:infoOrTrace(149)) - ad4d83c7-0f96-47bc-a4e8-7e5d9f844896@group-24C785E9A0FC-LeaderElection172 got exception when requesting votes: {}
java.util.concurrent.ExecutionException: org.apache.ratis.thirdparty.io.grpc.StatusRuntimeException: UNAVAILABLE: io exception
	at java.util.concurrent.FutureTask.report(FutureTask.java:122)
	at java.util.concurrent.FutureTask.get(FutureTask.java:192)
	at org.apache.ratis.server.impl.LeaderElection.waitForResults(LeaderElection.java:259)
	at org.apache.ratis.server.impl.LeaderElection.askForVotes(LeaderElection.java:197)
	at org.apache.ratis.server.impl.LeaderElection.run(LeaderElection.java:133)
	at java.lang.Thread.run(Thread.java:748)
Caused by: org.apache.ratis.thirdparty.io.grpc.StatusRuntimeException: UNAVAILABLE: io exception
	at org.apache.ratis.thirdparty.io.grpc.stub.ClientCalls.toStatusRuntimeException(ClientCalls.java:233)
	at org.apache.ratis.thirdparty.io.grpc.stub.ClientCalls.getUnchecked(ClientCalls.java:214)
	at org.apache.ratis.thirdparty.io.grpc.stub.ClientCalls.blockingUnaryCall(ClientCalls.java:139)
	at org.apache.ratis.proto.grpc.RaftServerProtocolServiceGrpc$RaftServerProtocolServiceBlockingStub.requestVote(RaftServerProtocolServiceGrpc.java:265)
	at org.apache.ratis.grpc.server.GrpcServerProtocolClient.requestVote(GrpcServerProtocolClient.java:99)
	at org.apache.ratis.grpc.server.GrpcService.requestVote(GrpcService.java:204)
	at org.apache.ratis.server.impl.LeaderElection.lambda$submitRequests$1(LeaderElection.java:234)
	at java.util.concurrent.FutureTask.run(FutureTask.java:266)
	at java.util.concurrent.Executors$RunnableAdapter.call(Executors.java:511)
	at java.util.concurrent.FutureTask.run(FutureTask.java:266)
	at java.util.concurrent.ThreadPoolExecutor.runWorker(ThreadPoolExecutor.java:1149)
	at java.util.concurrent.ThreadPoolExecutor$Worker.run(ThreadPoolExecutor.java:624)
	... 1 more
Caused by: org.apache.ratis.thirdparty.io.netty.channel.AbstractChannel$AnnotatedConnectException: Connection refused: /192.168.69.118:39205
	at sun.nio.ch.SocketChannelImpl.checkConnect(Native Method)
	at sun.nio.ch.SocketChannelImpl.finishConnect(SocketChannelImpl.java:717)
	at org.apache.ratis.thirdparty.io.netty.channel.socket.nio.NioSocketChannel.doFinishConnect(NioSocketChannel.java:327)
	at org.apache.ratis.thirdparty.io.netty.channel.nio.AbstractNioChannel$AbstractNioUnsafe.finishConnect(AbstractNioChannel.java:340)
	at org.apache.ratis.thirdparty.io.netty.channel.nio.NioEventLoop.processSelectedKey(NioEventLoop.java:632)
	at org.apache.ratis.thirdparty.io.netty.channel.nio.NioEventLoop.processSelectedKeysOptimized(NioEventLoop.java:579)
	at org.apache.ratis.thirdparty.io.netty.channel.nio.NioEventLoop.processSelectedKeys(NioEventLoop.java:496)
	at org.apache.ratis.thirdparty.io.netty.channel.nio.NioEventLoop.run(NioEventLoop.java:458)
	at org.apache.ratis.thirdparty.io.netty.util.concurrent.SingleThreadEventExecutor$5.run(SingleThreadEventExecutor.java:897)
	at org.apache.ratis.thirdparty.io.netty.util.concurrent.FastThreadLocalRunnable.run(FastThreadLocalRunnable.java:30)
	... 1 more
Caused by: java.net.ConnectException: Connection refused
	... 11 more
2019-10-23 12:13:41,043 [grpc-default-executor-3] INFO  impl.RaftServerImpl (RaftServerImpl.java:setRole(184)) - 02863277-f564-4bc6-8337-fb22627f6f1a@group-24C785E9A0FC: changes role from  FOLLOWER to FOLLOWER at term 171 for recognizeCandidate:ad4d83c7-0f96-47bc-a4e8-7e5d9f844896
2019-10-23 12:13:41,043 [grpc-default-executor-3] INFO  impl.RoleInfo (RoleInfo.java:shutdownFollowerState(121)) - 02863277-f564-4bc6-8337-fb22627f6f1a: shutdown FollowerState
2019-10-23 12:13:41,044 [grpc-default-executor-3] INFO  impl.RoleInfo (RoleInfo.java:updateAndGet(143)) - 02863277-f564-4bc6-8337-fb22627f6f1a: start FollowerState
2019-10-23 12:13:41,044 [Thread-1635] INFO  impl.FollowerState (FollowerState.java:run(117)) - 02863277-f564-4bc6-8337-fb22627f6f1a@group-24C785E9A0FC-FollowerState was interrupted: java.lang.InterruptedException: sleep interrupted
2019-10-23 12:13:41,057 [ad4d83c7-0f96-47bc-a4e8-7e5d9f844896@group-24C785E9A0FC-LeaderElection172] INFO  impl.LeaderElection (LeaderElection.java:logAndReturn(56)) - ad4d83c7-0f96-47bc-a4e8-7e5d9f844896@group-24C785E9A0FC-LeaderElection172: Election REJECTED; received 1 response(s) [ad4d83c7-0f96-47bc-a4e8-7e5d9f844896<-02863277-f564-4bc6-8337-fb22627f6f1a#0:FAIL-t171] and 1 exception(s); ad4d83c7-0f96-47bc-a4e8-7e5d9f844896@group-24C785E9A0FC:t171, leader=null, voted=ad4d83c7-0f96-47bc-a4e8-7e5d9f844896, raftlog=ad4d83c7-0f96-47bc-a4e8-7e5d9f844896@group-24C785E9A0FC-SegmentedRaftLog:OPENED:c-1,f-1,i0, conf=-1: [3b749b59-de2a-419b-9a26-261692f5c83c:192.168.69.118:39205, ad4d83c7-0f96-47bc-a4e8-7e5d9f844896:192.168.69.118:41688, 02863277-f564-4bc6-8337-fb22627f6f1a:192.168.69.118:36850], old=null
2019-10-23 12:13:41,057 [ad4d83c7-0f96-47bc-a4e8-7e5d9f844896@group-24C785E9A0FC-LeaderElection172] INFO  impl.LeaderElection (LogUtils.java:infoOrTrace(149)) -   Exception 0: {}
java.util.concurrent.ExecutionException: org.apache.ratis.thirdparty.io.grpc.StatusRuntimeException: UNAVAILABLE: io exception
	at java.util.concurrent.FutureTask.report(FutureTask.java:122)
	at java.util.concurrent.FutureTask.get(FutureTask.java:192)
	at org.apache.ratis.server.impl.LeaderElection.waitForResults(LeaderElection.java:259)
	at org.apache.ratis.server.impl.LeaderElection.askForVotes(LeaderElection.java:197)
	at org.apache.ratis.server.impl.LeaderElection.run(LeaderElection.java:133)
	at java.lang.Thread.run(Thread.java:748)
Caused by: org.apache.ratis.thirdparty.io.grpc.StatusRuntimeException: UNAVAILABLE: io exception
	at org.apache.ratis.thirdparty.io.grpc.stub.ClientCalls.toStatusRuntimeException(ClientCalls.java:233)
	at org.apache.ratis.thirdparty.io.grpc.stub.ClientCalls.getUnchecked(ClientCalls.java:214)
	at org.apache.ratis.thirdparty.io.grpc.stub.ClientCalls.blockingUnaryCall(ClientCalls.java:139)
	at org.apache.ratis.proto.grpc.RaftServerProtocolServiceGrpc$RaftServerProtocolServiceBlockingStub.requestVote(RaftServerProtocolServiceGrpc.java:265)
	at org.apache.ratis.grpc.server.GrpcServerProtocolClient.requestVote(GrpcServerProtocolClient.java:99)
	at org.apache.ratis.grpc.server.GrpcService.requestVote(GrpcService.java:204)
	at org.apache.ratis.server.impl.LeaderElection.lambda$submitRequests$1(LeaderElection.java:234)
	at java.util.concurrent.FutureTask.run(FutureTask.java:266)
	at java.util.concurrent.Executors$RunnableAdapter.call(Executors.java:511)
	at java.util.concurrent.FutureTask.run(FutureTask.java:266)
	at java.util.concurrent.ThreadPoolExecutor.runWorker(ThreadPoolExecutor.java:1149)
	at java.util.concurrent.ThreadPoolExecutor$Worker.run(ThreadPoolExecutor.java:624)
	... 1 more
Caused by: org.apache.ratis.thirdparty.io.netty.channel.AbstractChannel$AnnotatedConnectException: Connection refused: /192.168.69.118:39205
	at sun.nio.ch.SocketChannelImpl.checkConnect(Native Method)
	at sun.nio.ch.SocketChannelImpl.finishConnect(SocketChannelImpl.java:717)
	at org.apache.ratis.thirdparty.io.netty.channel.socket.nio.NioSocketChannel.doFinishConnect(NioSocketChannel.java:327)
	at org.apache.ratis.thirdparty.io.netty.channel.nio.AbstractNioChannel$AbstractNioUnsafe.finishConnect(AbstractNioChannel.java:340)
	at org.apache.ratis.thirdparty.io.netty.channel.nio.NioEventLoop.processSelectedKey(NioEventLoop.java:632)
	at org.apache.ratis.thirdparty.io.netty.channel.nio.NioEventLoop.processSelectedKeysOptimized(NioEventLoop.java:579)
	at org.apache.ratis.thirdparty.io.netty.channel.nio.NioEventLoop.processSelectedKeys(NioEventLoop.java:496)
	at org.apache.ratis.thirdparty.io.netty.channel.nio.NioEventLoop.run(NioEventLoop.java:458)
	at org.apache.ratis.thirdparty.io.netty.util.concurrent.SingleThreadEventExecutor$5.run(SingleThreadEventExecutor.java:897)
	at org.apache.ratis.thirdparty.io.netty.util.concurrent.FastThreadLocalRunnable.run(FastThreadLocalRunnable.java:30)
	... 1 more
Caused by: java.net.ConnectException: Connection refused
	... 11 more
2019-10-23 12:13:41,058 [ad4d83c7-0f96-47bc-a4e8-7e5d9f844896@group-24C785E9A0FC-LeaderElection172] INFO  impl.RaftServerImpl (RaftServerImpl.java:setRole(184)) - ad4d83c7-0f96-47bc-a4e8-7e5d9f844896@group-24C785E9A0FC: changes role from CANDIDATE to FOLLOWER at term 171 for DISCOVERED_A_NEW_TERM
2019-10-23 12:13:41,058 [ad4d83c7-0f96-47bc-a4e8-7e5d9f844896@group-24C785E9A0FC-LeaderElection172] INFO  impl.RoleInfo (RoleInfo.java:shutdownLeaderElection(134)) - ad4d83c7-0f96-47bc-a4e8-7e5d9f844896: shutdown LeaderElection
2019-10-23 12:13:41,058 [ad4d83c7-0f96-47bc-a4e8-7e5d9f844896@group-24C785E9A0FC-LeaderElection172] INFO  impl.RoleInfo (RoleInfo.java:updateAndGet(143)) - ad4d83c7-0f96-47bc-a4e8-7e5d9f844896: start FollowerState
2019-10-23 12:13:41,073 [Thread-1641] INFO  impl.FollowerState (FollowerState.java:run(108)) - ad4d83c7-0f96-47bc-a4e8-7e5d9f844896@group-24C785E9A0FC-FollowerState: change to CANDIDATE, lastRpcTime:15ms, electionTimeout:15ms
2019-10-23 12:13:41,074 [Thread-1641] INFO  impl.RoleInfo (RoleInfo.java:shutdownFollowerState(121)) - ad4d83c7-0f96-47bc-a4e8-7e5d9f844896: shutdown FollowerState
2019-10-23 12:13:41,074 [Thread-1641] INFO  impl.RaftServerImpl (RaftServerImpl.java:setRole(184)) - ad4d83c7-0f96-47bc-a4e8-7e5d9f844896@group-24C785E9A0FC: changes role from  FOLLOWER to CANDIDATE at term 171 for changeToCandidate
2019-10-23 12:13:41,074 [Thread-1641] INFO  impl.RoleInfo (RoleInfo.java:updateAndGet(143)) - ad4d83c7-0f96-47bc-a4e8-7e5d9f844896: start LeaderElection
2019-10-23 12:13:41,087 [ad4d83c7-0f96-47bc-a4e8-7e5d9f844896@group-24C785E9A0FC-LeaderElection173] INFO  impl.LeaderElection (LeaderElection.java:askForVotes(178)) - ad4d83c7-0f96-47bc-a4e8-7e5d9f844896@group-24C785E9A0FC-LeaderElection173: begin an election at term 172 for -1: [3b749b59-de2a-419b-9a26-261692f5c83c:192.168.69.118:39205, ad4d83c7-0f96-47bc-a4e8-7e5d9f844896:192.168.69.118:41688, 02863277-f564-4bc6-8337-fb22627f6f1a:192.168.69.118:36850], old=null
2019-10-23 12:13:41,087 [ad4d83c7-0f96-47bc-a4e8-7e5d9f844896@group-24C785E9A0FC-LeaderElection173] INFO  impl.LeaderElection (LogUtils.java:infoOrTrace(149)) - ad4d83c7-0f96-47bc-a4e8-7e5d9f844896@group-24C785E9A0FC-LeaderElection173 got exception when requesting votes: {}
java.util.concurrent.ExecutionException: org.apache.ratis.thirdparty.io.grpc.StatusRuntimeException: UNAVAILABLE: io exception
	at java.util.concurrent.FutureTask.report(FutureTask.java:122)
	at java.util.concurrent.FutureTask.get(FutureTask.java:192)
	at org.apache.ratis.server.impl.LeaderElection.waitForResults(LeaderElection.java:259)
	at org.apache.ratis.server.impl.LeaderElection.askForVotes(LeaderElection.java:197)
	at org.apache.ratis.server.impl.LeaderElection.run(LeaderElection.java:133)
	at java.lang.Thread.run(Thread.java:748)
Caused by: org.apache.ratis.thirdparty.io.grpc.StatusRuntimeException: UNAVAILABLE: io exception
	at org.apache.ratis.thirdparty.io.grpc.stub.ClientCalls.toStatusRuntimeException(ClientCalls.java:233)
	at org.apache.ratis.thirdparty.io.grpc.stub.ClientCalls.getUnchecked(ClientCalls.java:214)
	at org.apache.ratis.thirdparty.io.grpc.stub.ClientCalls.blockingUnaryCall(ClientCalls.java:139)
	at org.apache.ratis.proto.grpc.RaftServerProtocolServiceGrpc$RaftServerProtocolServiceBlockingStub.requestVote(RaftServerProtocolServiceGrpc.java:265)
	at org.apache.ratis.grpc.server.GrpcServerProtocolClient.requestVote(GrpcServerProtocolClient.java:99)
	at org.apache.ratis.grpc.server.GrpcService.requestVote(GrpcService.java:204)
	at org.apache.ratis.server.impl.LeaderElection.lambda$submitRequests$1(LeaderElection.java:234)
	at java.util.concurrent.FutureTask.run(FutureTask.java:266)
	at java.util.concurrent.Executors$RunnableAdapter.call(Executors.java:511)
	at java.util.concurrent.FutureTask.run(FutureTask.java:266)
	at java.util.concurrent.ThreadPoolExecutor.runWorker(ThreadPoolExecutor.java:1149)
	at java.util.concurrent.ThreadPoolExecutor$Worker.run(ThreadPoolExecutor.java:624)
	... 1 more
Caused by: org.apache.ratis.thirdparty.io.netty.channel.AbstractChannel$AnnotatedConnectException: Connection refused: /192.168.69.118:39205
	at sun.nio.ch.SocketChannelImpl.checkConnect(Native Method)
	at sun.nio.ch.SocketChannelImpl.finishConnect(SocketChannelImpl.java:717)
	at org.apache.ratis.thirdparty.io.netty.channel.socket.nio.NioSocketChannel.doFinishConnect(NioSocketChannel.java:327)
	at org.apache.ratis.thirdparty.io.netty.channel.nio.AbstractNioChannel$AbstractNioUnsafe.finishConnect(AbstractNioChannel.java:340)
	at org.apache.ratis.thirdparty.io.netty.channel.nio.NioEventLoop.processSelectedKey(NioEventLoop.java:632)
	at org.apache.ratis.thirdparty.io.netty.channel.nio.NioEventLoop.processSelectedKeysOptimized(NioEventLoop.java:579)
	at org.apache.ratis.thirdparty.io.netty.channel.nio.NioEventLoop.processSelectedKeys(NioEventLoop.java:496)
	at org.apache.ratis.thirdparty.io.netty.channel.nio.NioEventLoop.run(NioEventLoop.java:458)
	at org.apache.ratis.thirdparty.io.netty.util.concurrent.SingleThreadEventExecutor$5.run(SingleThreadEventExecutor.java:897)
	at org.apache.ratis.thirdparty.io.netty.util.concurrent.FastThreadLocalRunnable.run(FastThreadLocalRunnable.java:30)
	... 1 more
Caused by: java.net.ConnectException: Connection refused
	... 11 more
2019-10-23 12:13:41,088 [grpc-default-executor-3] INFO  impl.RaftServerImpl (RaftServerImpl.java:setRole(184)) - 02863277-f564-4bc6-8337-fb22627f6f1a@group-24C785E9A0FC: changes role from  FOLLOWER to FOLLOWER at term 172 for recognizeCandidate:ad4d83c7-0f96-47bc-a4e8-7e5d9f844896
2019-10-23 12:13:41,089 [grpc-default-executor-3] INFO  impl.RoleInfo (RoleInfo.java:shutdownFollowerState(121)) - 02863277-f564-4bc6-8337-fb22627f6f1a: shutdown FollowerState
2019-10-23 12:13:41,089 [grpc-default-executor-3] INFO  impl.RoleInfo (RoleInfo.java:updateAndGet(143)) - 02863277-f564-4bc6-8337-fb22627f6f1a: start FollowerState
2019-10-23 12:13:41,089 [Thread-1640] INFO  impl.FollowerState (FollowerState.java:run(117)) - 02863277-f564-4bc6-8337-fb22627f6f1a@group-24C785E9A0FC-FollowerState was interrupted: java.lang.InterruptedException: sleep interrupted
2019-10-23 12:13:41,103 [ad4d83c7-0f96-47bc-a4e8-7e5d9f844896@group-24C785E9A0FC-LeaderElection173] INFO  impl.LeaderElection (LeaderElection.java:logAndReturn(56)) - ad4d83c7-0f96-47bc-a4e8-7e5d9f844896@group-24C785E9A0FC-LeaderElection173: Election REJECTED; received 1 response(s) [ad4d83c7-0f96-47bc-a4e8-7e5d9f844896<-02863277-f564-4bc6-8337-fb22627f6f1a#0:FAIL-t172] and 1 exception(s); ad4d83c7-0f96-47bc-a4e8-7e5d9f844896@group-24C785E9A0FC:t172, leader=null, voted=ad4d83c7-0f96-47bc-a4e8-7e5d9f844896, raftlog=ad4d83c7-0f96-47bc-a4e8-7e5d9f844896@group-24C785E9A0FC-SegmentedRaftLog:OPENED:c-1,f-1,i0, conf=-1: [3b749b59-de2a-419b-9a26-261692f5c83c:192.168.69.118:39205, ad4d83c7-0f96-47bc-a4e8-7e5d9f844896:192.168.69.118:41688, 02863277-f564-4bc6-8337-fb22627f6f1a:192.168.69.118:36850], old=null
2019-10-23 12:13:41,103 [ad4d83c7-0f96-47bc-a4e8-7e5d9f844896@group-24C785E9A0FC-LeaderElection173] INFO  impl.LeaderElection (LogUtils.java:infoOrTrace(149)) -   Exception 0: {}
java.util.concurrent.ExecutionException: org.apache.ratis.thirdparty.io.grpc.StatusRuntimeException: UNAVAILABLE: io exception
	at java.util.concurrent.FutureTask.report(FutureTask.java:122)
	at java.util.concurrent.FutureTask.get(FutureTask.java:192)
	at org.apache.ratis.server.impl.LeaderElection.waitForResults(LeaderElection.java:259)
	at org.apache.ratis.server.impl.LeaderElection.askForVotes(LeaderElection.java:197)
	at org.apache.ratis.server.impl.LeaderElection.run(LeaderElection.java:133)
	at java.lang.Thread.run(Thread.java:748)
Caused by: org.apache.ratis.thirdparty.io.grpc.StatusRuntimeException: UNAVAILABLE: io exception
	at org.apache.ratis.thirdparty.io.grpc.stub.ClientCalls.toStatusRuntimeException(ClientCalls.java:233)
	at org.apache.ratis.thirdparty.io.grpc.stub.ClientCalls.getUnchecked(ClientCalls.java:214)
	at org.apache.ratis.thirdparty.io.grpc.stub.ClientCalls.blockingUnaryCall(ClientCalls.java:139)
	at org.apache.ratis.proto.grpc.RaftServerProtocolServiceGrpc$RaftServerProtocolServiceBlockingStub.requestVote(RaftServerProtocolServiceGrpc.java:265)
	at org.apache.ratis.grpc.server.GrpcServerProtocolClient.requestVote(GrpcServerProtocolClient.java:99)
	at org.apache.ratis.grpc.server.GrpcService.requestVote(GrpcService.java:204)
	at org.apache.ratis.server.impl.LeaderElection.lambda$submitRequests$1(LeaderElection.java:234)
	at java.util.concurrent.FutureTask.run(FutureTask.java:266)
	at java.util.concurrent.Executors$RunnableAdapter.call(Executors.java:511)
	at java.util.concurrent.FutureTask.run(FutureTask.java:266)
	at java.util.concurrent.ThreadPoolExecutor.runWorker(ThreadPoolExecutor.java:1149)
	at java.util.concurrent.ThreadPoolExecutor$Worker.run(ThreadPoolExecutor.java:624)
	... 1 more
Caused by: org.apache.ratis.thirdparty.io.netty.channel.AbstractChannel$AnnotatedConnectException: Connection refused: /192.168.69.118:39205
	at sun.nio.ch.SocketChannelImpl.checkConnect(Native Method)
	at sun.nio.ch.SocketChannelImpl.finishConnect(SocketChannelImpl.java:717)
	at org.apache.ratis.thirdparty.io.netty.channel.socket.nio.NioSocketChannel.doFinishConnect(NioSocketChannel.java:327)
	at org.apache.ratis.thirdparty.io.netty.channel.nio.AbstractNioChannel$AbstractNioUnsafe.finishConnect(AbstractNioChannel.java:340)
	at org.apache.ratis.thirdparty.io.netty.channel.nio.NioEventLoop.processSelectedKey(NioEventLoop.java:632)
	at org.apache.ratis.thirdparty.io.netty.channel.nio.NioEventLoop.processSelectedKeysOptimized(NioEventLoop.java:579)
	at org.apache.ratis.thirdparty.io.netty.channel.nio.NioEventLoop.processSelectedKeys(NioEventLoop.java:496)
	at org.apache.ratis.thirdparty.io.netty.channel.nio.NioEventLoop.run(NioEventLoop.java:458)
	at org.apache.ratis.thirdparty.io.netty.util.concurrent.SingleThreadEventExecutor$5.run(SingleThreadEventExecutor.java:897)
	at org.apache.ratis.thirdparty.io.netty.util.concurrent.FastThreadLocalRunnable.run(FastThreadLocalRunnable.java:30)
	... 1 more
Caused by: java.net.ConnectException: Connection refused
	... 11 more
2019-10-23 12:13:41,103 [ad4d83c7-0f96-47bc-a4e8-7e5d9f844896@group-24C785E9A0FC-LeaderElection173] INFO  impl.RaftServerImpl (RaftServerImpl.java:setRole(184)) - ad4d83c7-0f96-47bc-a4e8-7e5d9f844896@group-24C785E9A0FC: changes role from CANDIDATE to FOLLOWER at term 172 for DISCOVERED_A_NEW_TERM
2019-10-23 12:13:41,103 [ad4d83c7-0f96-47bc-a4e8-7e5d9f844896@group-24C785E9A0FC-LeaderElection173] INFO  impl.RoleInfo (RoleInfo.java:shutdownLeaderElection(134)) - ad4d83c7-0f96-47bc-a4e8-7e5d9f844896: shutdown LeaderElection
2019-10-23 12:13:41,103 [ad4d83c7-0f96-47bc-a4e8-7e5d9f844896@group-24C785E9A0FC-LeaderElection173] INFO  impl.RoleInfo (RoleInfo.java:updateAndGet(143)) - ad4d83c7-0f96-47bc-a4e8-7e5d9f844896: start FollowerState
2019-10-23 12:13:41,283 [Thread-1648] INFO  impl.FollowerState (FollowerState.java:run(108)) - ad4d83c7-0f96-47bc-a4e8-7e5d9f844896@group-24C785E9A0FC-FollowerState: change to CANDIDATE, lastRpcTime:179ms, electionTimeout:179ms
2019-10-23 12:13:41,283 [Thread-1648] INFO  impl.RoleInfo (RoleInfo.java:shutdownFollowerState(121)) - ad4d83c7-0f96-47bc-a4e8-7e5d9f844896: shutdown FollowerState
2019-10-23 12:13:41,283 [Thread-1648] INFO  impl.RaftServerImpl (RaftServerImpl.java:setRole(184)) - ad4d83c7-0f96-47bc-a4e8-7e5d9f844896@group-24C785E9A0FC: changes role from  FOLLOWER to CANDIDATE at term 172 for changeToCandidate
2019-10-23 12:13:41,283 [Thread-1648] INFO  impl.RoleInfo (RoleInfo.java:updateAndGet(143)) - ad4d83c7-0f96-47bc-a4e8-7e5d9f844896: start LeaderElection
2019-10-23 12:13:41,296 [ad4d83c7-0f96-47bc-a4e8-7e5d9f844896@group-24C785E9A0FC-LeaderElection174] INFO  impl.LeaderElection (LeaderElection.java:askForVotes(178)) - ad4d83c7-0f96-47bc-a4e8-7e5d9f844896@group-24C785E9A0FC-LeaderElection174: begin an election at term 173 for -1: [3b749b59-de2a-419b-9a26-261692f5c83c:192.168.69.118:39205, ad4d83c7-0f96-47bc-a4e8-7e5d9f844896:192.168.69.118:41688, 02863277-f564-4bc6-8337-fb22627f6f1a:192.168.69.118:36850], old=null
2019-10-23 12:13:41,297 [ad4d83c7-0f96-47bc-a4e8-7e5d9f844896@group-24C785E9A0FC-LeaderElection174] INFO  impl.LeaderElection (LogUtils.java:infoOrTrace(149)) - ad4d83c7-0f96-47bc-a4e8-7e5d9f844896@group-24C785E9A0FC-LeaderElection174 got exception when requesting votes: {}
java.util.concurrent.ExecutionException: org.apache.ratis.thirdparty.io.grpc.StatusRuntimeException: UNAVAILABLE: io exception
	at java.util.concurrent.FutureTask.report(FutureTask.java:122)
	at java.util.concurrent.FutureTask.get(FutureTask.java:192)
	at org.apache.ratis.server.impl.LeaderElection.waitForResults(LeaderElection.java:259)
	at org.apache.ratis.server.impl.LeaderElection.askForVotes(LeaderElection.java:197)
	at org.apache.ratis.server.impl.LeaderElection.run(LeaderElection.java:133)
	at java.lang.Thread.run(Thread.java:748)
Caused by: org.apache.ratis.thirdparty.io.grpc.StatusRuntimeException: UNAVAILABLE: io exception
	at org.apache.ratis.thirdparty.io.grpc.stub.ClientCalls.toStatusRuntimeException(ClientCalls.java:233)
	at org.apache.ratis.thirdparty.io.grpc.stub.ClientCalls.getUnchecked(ClientCalls.java:214)
	at org.apache.ratis.thirdparty.io.grpc.stub.ClientCalls.blockingUnaryCall(ClientCalls.java:139)
	at org.apache.ratis.proto.grpc.RaftServerProtocolServiceGrpc$RaftServerProtocolServiceBlockingStub.requestVote(RaftServerProtocolServiceGrpc.java:265)
	at org.apache.ratis.grpc.server.GrpcServerProtocolClient.requestVote(GrpcServerProtocolClient.java:99)
	at org.apache.ratis.grpc.server.GrpcService.requestVote(GrpcService.java:204)
	at org.apache.ratis.server.impl.LeaderElection.lambda$submitRequests$1(LeaderElection.java:234)
	at java.util.concurrent.FutureTask.run(FutureTask.java:266)
	at java.util.concurrent.Executors$RunnableAdapter.call(Executors.java:511)
	at java.util.concurrent.FutureTask.run(FutureTask.java:266)
	at java.util.concurrent.ThreadPoolExecutor.runWorker(ThreadPoolExecutor.java:1149)
	at java.util.concurrent.ThreadPoolExecutor$Worker.run(ThreadPoolExecutor.java:624)
	... 1 more
Caused by: org.apache.ratis.thirdparty.io.netty.channel.AbstractChannel$AnnotatedConnectException: Connection refused: /192.168.69.118:39205
	at sun.nio.ch.SocketChannelImpl.checkConnect(Native Method)
	at sun.nio.ch.SocketChannelImpl.finishConnect(SocketChannelImpl.java:717)
	at org.apache.ratis.thirdparty.io.netty.channel.socket.nio.NioSocketChannel.doFinishConnect(NioSocketChannel.java:327)
	at org.apache.ratis.thirdparty.io.netty.channel.nio.AbstractNioChannel$AbstractNioUnsafe.finishConnect(AbstractNioChannel.java:340)
	at org.apache.ratis.thirdparty.io.netty.channel.nio.NioEventLoop.processSelectedKey(NioEventLoop.java:632)
	at org.apache.ratis.thirdparty.io.netty.channel.nio.NioEventLoop.processSelectedKeysOptimized(NioEventLoop.java:579)
	at org.apache.ratis.thirdparty.io.netty.channel.nio.NioEventLoop.processSelectedKeys(NioEventLoop.java:496)
	at org.apache.ratis.thirdparty.io.netty.channel.nio.NioEventLoop.run(NioEventLoop.java:458)
	at org.apache.ratis.thirdparty.io.netty.util.concurrent.SingleThreadEventExecutor$5.run(SingleThreadEventExecutor.java:897)
	at org.apache.ratis.thirdparty.io.netty.util.concurrent.FastThreadLocalRunnable.run(FastThreadLocalRunnable.java:30)
	... 1 more
Caused by: java.net.ConnectException: Connection refused
	... 11 more
2019-10-23 12:13:41,298 [grpc-default-executor-3] INFO  impl.RaftServerImpl (RaftServerImpl.java:setRole(184)) - 02863277-f564-4bc6-8337-fb22627f6f1a@group-24C785E9A0FC: changes role from  FOLLOWER to FOLLOWER at term 173 for recognizeCandidate:ad4d83c7-0f96-47bc-a4e8-7e5d9f844896
2019-10-23 12:13:41,299 [grpc-default-executor-3] INFO  impl.RoleInfo (RoleInfo.java:shutdownFollowerState(121)) - 02863277-f564-4bc6-8337-fb22627f6f1a: shutdown FollowerState
2019-10-23 12:13:41,299 [grpc-default-executor-3] INFO  impl.RoleInfo (RoleInfo.java:updateAndGet(143)) - 02863277-f564-4bc6-8337-fb22627f6f1a: start FollowerState
2019-10-23 12:13:41,299 [Thread-1647] INFO  impl.FollowerState (FollowerState.java:run(117)) - 02863277-f564-4bc6-8337-fb22627f6f1a@group-24C785E9A0FC-FollowerState was interrupted: java.lang.InterruptedException: sleep interrupted
2019-10-23 12:13:41,313 [ad4d83c7-0f96-47bc-a4e8-7e5d9f844896@group-24C785E9A0FC-LeaderElection174] INFO  impl.LeaderElection (LeaderElection.java:logAndReturn(56)) - ad4d83c7-0f96-47bc-a4e8-7e5d9f844896@group-24C785E9A0FC-LeaderElection174: Election REJECTED; received 1 response(s) [ad4d83c7-0f96-47bc-a4e8-7e5d9f844896<-02863277-f564-4bc6-8337-fb22627f6f1a#0:FAIL-t173] and 1 exception(s); ad4d83c7-0f96-47bc-a4e8-7e5d9f844896@group-24C785E9A0FC:t173, leader=null, voted=ad4d83c7-0f96-47bc-a4e8-7e5d9f844896, raftlog=ad4d83c7-0f96-47bc-a4e8-7e5d9f844896@group-24C785E9A0FC-SegmentedRaftLog:OPENED:c-1,f-1,i0, conf=-1: [3b749b59-de2a-419b-9a26-261692f5c83c:192.168.69.118:39205, ad4d83c7-0f96-47bc-a4e8-7e5d9f844896:192.168.69.118:41688, 02863277-f564-4bc6-8337-fb22627f6f1a:192.168.69.118:36850], old=null
2019-10-23 12:13:41,313 [ad4d83c7-0f96-47bc-a4e8-7e5d9f844896@group-24C785E9A0FC-LeaderElection174] INFO  impl.LeaderElection (LogUtils.java:infoOrTrace(149)) -   Exception 0: {}
java.util.concurrent.ExecutionException: org.apache.ratis.thirdparty.io.grpc.StatusRuntimeException: UNAVAILABLE: io exception
	at java.util.concurrent.FutureTask.report(FutureTask.java:122)
	at java.util.concurrent.FutureTask.get(FutureTask.java:192)
	at org.apache.ratis.server.impl.LeaderElection.waitForResults(LeaderElection.java:259)
	at org.apache.ratis.server.impl.LeaderElection.askForVotes(LeaderElection.java:197)
	at org.apache.ratis.server.impl.LeaderElection.run(LeaderElection.java:133)
	at java.lang.Thread.run(Thread.java:748)
Caused by: org.apache.ratis.thirdparty.io.grpc.StatusRuntimeException: UNAVAILABLE: io exception
	at org.apache.ratis.thirdparty.io.grpc.stub.ClientCalls.toStatusRuntimeException(ClientCalls.java:233)
	at org.apache.ratis.thirdparty.io.grpc.stub.ClientCalls.getUnchecked(ClientCalls.java:214)
	at org.apache.ratis.thirdparty.io.grpc.stub.ClientCalls.blockingUnaryCall(ClientCalls.java:139)
	at org.apache.ratis.proto.grpc.RaftServerProtocolServiceGrpc$RaftServerProtocolServiceBlockingStub.requestVote(RaftServerProtocolServiceGrpc.java:265)
	at org.apache.ratis.grpc.server.GrpcServerProtocolClient.requestVote(GrpcServerProtocolClient.java:99)
	at org.apache.ratis.grpc.server.GrpcService.requestVote(GrpcService.java:204)
	at org.apache.ratis.server.impl.LeaderElection.lambda$submitRequests$1(LeaderElection.java:234)
	at java.util.concurrent.FutureTask.run(FutureTask.java:266)
	at java.util.concurrent.Executors$RunnableAdapter.call(Executors.java:511)
	at java.util.concurrent.FutureTask.run(FutureTask.java:266)
	at java.util.concurrent.ThreadPoolExecutor.runWorker(ThreadPoolExecutor.java:1149)
	at java.util.concurrent.ThreadPoolExecutor$Worker.run(ThreadPoolExecutor.java:624)
	... 1 more
Caused by: org.apache.ratis.thirdparty.io.netty.channel.AbstractChannel$AnnotatedConnectException: Connection refused: /192.168.69.118:39205
	at sun.nio.ch.SocketChannelImpl.checkConnect(Native Method)
	at sun.nio.ch.SocketChannelImpl.finishConnect(SocketChannelImpl.java:717)
	at org.apache.ratis.thirdparty.io.netty.channel.socket.nio.NioSocketChannel.doFinishConnect(NioSocketChannel.java:327)
	at org.apache.ratis.thirdparty.io.netty.channel.nio.AbstractNioChannel$AbstractNioUnsafe.finishConnect(AbstractNioChannel.java:340)
	at org.apache.ratis.thirdparty.io.netty.channel.nio.NioEventLoop.processSelectedKey(NioEventLoop.java:632)
	at org.apache.ratis.thirdparty.io.netty.channel.nio.NioEventLoop.processSelectedKeysOptimized(NioEventLoop.java:579)
	at org.apache.ratis.thirdparty.io.netty.channel.nio.NioEventLoop.processSelectedKeys(NioEventLoop.java:496)
	at org.apache.ratis.thirdparty.io.netty.channel.nio.NioEventLoop.run(NioEventLoop.java:458)
	at org.apache.ratis.thirdparty.io.netty.util.concurrent.SingleThreadEventExecutor$5.run(SingleThreadEventExecutor.java:897)
	at org.apache.ratis.thirdparty.io.netty.util.concurrent.FastThreadLocalRunnable.run(FastThreadLocalRunnable.java:30)
	... 1 more
Caused by: java.net.ConnectException: Connection refused
	... 11 more
2019-10-23 12:13:41,313 [ad4d83c7-0f96-47bc-a4e8-7e5d9f844896@group-24C785E9A0FC-LeaderElection174] INFO  impl.RaftServerImpl (RaftServerImpl.java:setRole(184)) - ad4d83c7-0f96-47bc-a4e8-7e5d9f844896@group-24C785E9A0FC: changes role from CANDIDATE to FOLLOWER at term 173 for DISCOVERED_A_NEW_TERM
2019-10-23 12:13:41,314 [ad4d83c7-0f96-47bc-a4e8-7e5d9f844896@group-24C785E9A0FC-LeaderElection174] INFO  impl.RoleInfo (RoleInfo.java:shutdownLeaderElection(134)) - ad4d83c7-0f96-47bc-a4e8-7e5d9f844896: shutdown LeaderElection
2019-10-23 12:13:41,314 [ad4d83c7-0f96-47bc-a4e8-7e5d9f844896@group-24C785E9A0FC-LeaderElection174] INFO  impl.RoleInfo (RoleInfo.java:updateAndGet(143)) - ad4d83c7-0f96-47bc-a4e8-7e5d9f844896: start FollowerState
2019-10-23 12:13:41,429 [Thread-1653] INFO  impl.FollowerState (FollowerState.java:run(108)) - ad4d83c7-0f96-47bc-a4e8-7e5d9f844896@group-24C785E9A0FC-FollowerState: change to CANDIDATE, lastRpcTime:115ms, electionTimeout:115ms
2019-10-23 12:13:41,429 [Thread-1653] INFO  impl.RoleInfo (RoleInfo.java:shutdownFollowerState(121)) - ad4d83c7-0f96-47bc-a4e8-7e5d9f844896: shutdown FollowerState
2019-10-23 12:13:41,429 [Thread-1653] INFO  impl.RaftServerImpl (RaftServerImpl.java:setRole(184)) - ad4d83c7-0f96-47bc-a4e8-7e5d9f844896@group-24C785E9A0FC: changes role from  FOLLOWER to CANDIDATE at term 173 for changeToCandidate
2019-10-23 12:13:41,429 [Thread-1653] INFO  impl.RoleInfo (RoleInfo.java:updateAndGet(143)) - ad4d83c7-0f96-47bc-a4e8-7e5d9f844896: start LeaderElection
2019-10-23 12:13:41,443 [ad4d83c7-0f96-47bc-a4e8-7e5d9f844896@group-24C785E9A0FC-LeaderElection175] INFO  impl.LeaderElection (LeaderElection.java:askForVotes(178)) - ad4d83c7-0f96-47bc-a4e8-7e5d9f844896@group-24C785E9A0FC-LeaderElection175: begin an election at term 174 for -1: [3b749b59-de2a-419b-9a26-261692f5c83c:192.168.69.118:39205, ad4d83c7-0f96-47bc-a4e8-7e5d9f844896:192.168.69.118:41688, 02863277-f564-4bc6-8337-fb22627f6f1a:192.168.69.118:36850], old=null
2019-10-23 12:13:41,444 [ad4d83c7-0f96-47bc-a4e8-7e5d9f844896@group-24C785E9A0FC-LeaderElection175] INFO  impl.LeaderElection (LogUtils.java:infoOrTrace(149)) - ad4d83c7-0f96-47bc-a4e8-7e5d9f844896@group-24C785E9A0FC-LeaderElection175 got exception when requesting votes: {}
java.util.concurrent.ExecutionException: org.apache.ratis.thirdparty.io.grpc.StatusRuntimeException: UNAVAILABLE: io exception
	at java.util.concurrent.FutureTask.report(FutureTask.java:122)
	at java.util.concurrent.FutureTask.get(FutureTask.java:192)
	at org.apache.ratis.server.impl.LeaderElection.waitForResults(LeaderElection.java:259)
	at org.apache.ratis.server.impl.LeaderElection.askForVotes(LeaderElection.java:197)
	at org.apache.ratis.server.impl.LeaderElection.run(LeaderElection.java:133)
	at java.lang.Thread.run(Thread.java:748)
Caused by: org.apache.ratis.thirdparty.io.grpc.StatusRuntimeException: UNAVAILABLE: io exception
	at org.apache.ratis.thirdparty.io.grpc.stub.ClientCalls.toStatusRuntimeException(ClientCalls.java:233)
	at org.apache.ratis.thirdparty.io.grpc.stub.ClientCalls.getUnchecked(ClientCalls.java:214)
	at org.apache.ratis.thirdparty.io.grpc.stub.ClientCalls.blockingUnaryCall(ClientCalls.java:139)
	at org.apache.ratis.proto.grpc.RaftServerProtocolServiceGrpc$RaftServerProtocolServiceBlockingStub.requestVote(RaftServerProtocolServiceGrpc.java:265)
	at org.apache.ratis.grpc.server.GrpcServerProtocolClient.requestVote(GrpcServerProtocolClient.java:99)
	at org.apache.ratis.grpc.server.GrpcService.requestVote(GrpcService.java:204)
	at org.apache.ratis.server.impl.LeaderElection.lambda$submitRequests$1(LeaderElection.java:234)
	at java.util.concurrent.FutureTask.run(FutureTask.java:266)
	at java.util.concurrent.Executors$RunnableAdapter.call(Executors.java:511)
	at java.util.concurrent.FutureTask.run(FutureTask.java:266)
	at java.util.concurrent.ThreadPoolExecutor.runWorker(ThreadPoolExecutor.java:1149)
	at java.util.concurrent.ThreadPoolExecutor$Worker.run(ThreadPoolExecutor.java:624)
	... 1 more
Caused by: org.apache.ratis.thirdparty.io.netty.channel.AbstractChannel$AnnotatedConnectException: Connection refused: /192.168.69.118:39205
	at sun.nio.ch.SocketChannelImpl.checkConnect(Native Method)
	at sun.nio.ch.SocketChannelImpl.finishConnect(SocketChannelImpl.java:717)
	at org.apache.ratis.thirdparty.io.netty.channel.socket.nio.NioSocketChannel.doFinishConnect(NioSocketChannel.java:327)
	at org.apache.ratis.thirdparty.io.netty.channel.nio.AbstractNioChannel$AbstractNioUnsafe.finishConnect(AbstractNioChannel.java:340)
	at org.apache.ratis.thirdparty.io.netty.channel.nio.NioEventLoop.processSelectedKey(NioEventLoop.java:632)
	at org.apache.ratis.thirdparty.io.netty.channel.nio.NioEventLoop.processSelectedKeysOptimized(NioEventLoop.java:579)
	at org.apache.ratis.thirdparty.io.netty.channel.nio.NioEventLoop.processSelectedKeys(NioEventLoop.java:496)
	at org.apache.ratis.thirdparty.io.netty.channel.nio.NioEventLoop.run(NioEventLoop.java:458)
	at org.apache.ratis.thirdparty.io.netty.util.concurrent.SingleThreadEventExecutor$5.run(SingleThreadEventExecutor.java:897)
	at org.apache.ratis.thirdparty.io.netty.util.concurrent.FastThreadLocalRunnable.run(FastThreadLocalRunnable.java:30)
	... 1 more
Caused by: java.net.ConnectException: Connection refused
	... 11 more
2019-10-23 12:13:41,446 [grpc-default-executor-3] INFO  impl.RaftServerImpl (RaftServerImpl.java:setRole(184)) - 02863277-f564-4bc6-8337-fb22627f6f1a@group-24C785E9A0FC: changes role from  FOLLOWER to FOLLOWER at term 174 for recognizeCandidate:ad4d83c7-0f96-47bc-a4e8-7e5d9f844896
2019-10-23 12:13:41,446 [grpc-default-executor-3] INFO  impl.RoleInfo (RoleInfo.java:shutdownFollowerState(121)) - 02863277-f564-4bc6-8337-fb22627f6f1a: shutdown FollowerState
2019-10-23 12:13:41,446 [grpc-default-executor-3] INFO  impl.RoleInfo (RoleInfo.java:updateAndGet(143)) - 02863277-f564-4bc6-8337-fb22627f6f1a: start FollowerState
2019-10-23 12:13:41,446 [Thread-1652] INFO  impl.FollowerState (FollowerState.java:run(117)) - 02863277-f564-4bc6-8337-fb22627f6f1a@group-24C785E9A0FC-FollowerState was interrupted: java.lang.InterruptedException: sleep interrupted
2019-10-23 12:13:41,450 [ad4d83c7-0f96-47bc-a4e8-7e5d9f844896@group-24C785E9A0FC-LeaderElection175] INFO  impl.LeaderElection (LeaderElection.java:logAndReturn(56)) - ad4d83c7-0f96-47bc-a4e8-7e5d9f844896@group-24C785E9A0FC-LeaderElection175: Election TIMEOUT; received 0 response(s) [] and 1 exception(s); ad4d83c7-0f96-47bc-a4e8-7e5d9f844896@group-24C785E9A0FC:t174, leader=null, voted=ad4d83c7-0f96-47bc-a4e8-7e5d9f844896, raftlog=ad4d83c7-0f96-47bc-a4e8-7e5d9f844896@group-24C785E9A0FC-SegmentedRaftLog:OPENED:c-1,f-1,i0, conf=-1: [3b749b59-de2a-419b-9a26-261692f5c83c:192.168.69.118:39205, ad4d83c7-0f96-47bc-a4e8-7e5d9f844896:192.168.69.118:41688, 02863277-f564-4bc6-8337-fb22627f6f1a:192.168.69.118:36850], old=null
2019-10-23 12:13:41,450 [ad4d83c7-0f96-47bc-a4e8-7e5d9f844896@group-24C785E9A0FC-LeaderElection175] INFO  impl.LeaderElection (LogUtils.java:infoOrTrace(149)) -   Exception 0: {}
java.util.concurrent.ExecutionException: org.apache.ratis.thirdparty.io.grpc.StatusRuntimeException: UNAVAILABLE: io exception
	at java.util.concurrent.FutureTask.report(FutureTask.java:122)
	at java.util.concurrent.FutureTask.get(FutureTask.java:192)
	at org.apache.ratis.server.impl.LeaderElection.waitForResults(LeaderElection.java:259)
	at org.apache.ratis.server.impl.LeaderElection.askForVotes(LeaderElection.java:197)
	at org.apache.ratis.server.impl.LeaderElection.run(LeaderElection.java:133)
	at java.lang.Thread.run(Thread.java:748)
Caused by: org.apache.ratis.thirdparty.io.grpc.StatusRuntimeException: UNAVAILABLE: io exception
	at org.apache.ratis.thirdparty.io.grpc.stub.ClientCalls.toStatusRuntimeException(ClientCalls.java:233)
	at org.apache.ratis.thirdparty.io.grpc.stub.ClientCalls.getUnchecked(ClientCalls.java:214)
	at org.apache.ratis.thirdparty.io.grpc.stub.ClientCalls.blockingUnaryCall(ClientCalls.java:139)
	at org.apache.ratis.proto.grpc.RaftServerProtocolServiceGrpc$RaftServerProtocolServiceBlockingStub.requestVote(RaftServerProtocolServiceGrpc.java:265)
	at org.apache.ratis.grpc.server.GrpcServerProtocolClient.requestVote(GrpcServerProtocolClient.java:99)
	at org.apache.ratis.grpc.server.GrpcService.requestVote(GrpcService.java:204)
	at org.apache.ratis.server.impl.LeaderElection.lambda$submitRequests$1(LeaderElection.java:234)
	at java.util.concurrent.FutureTask.run(FutureTask.java:266)
	at java.util.concurrent.Executors$RunnableAdapter.call(Executors.java:511)
	at java.util.concurrent.FutureTask.run(FutureTask.java:266)
	at java.util.concurrent.ThreadPoolExecutor.runWorker(ThreadPoolExecutor.java:1149)
	at java.util.concurrent.ThreadPoolExecutor$Worker.run(ThreadPoolExecutor.java:624)
	... 1 more
Caused by: org.apache.ratis.thirdparty.io.netty.channel.AbstractChannel$AnnotatedConnectException: Connection refused: /192.168.69.118:39205
	at sun.nio.ch.SocketChannelImpl.checkConnect(Native Method)
	at sun.nio.ch.SocketChannelImpl.finishConnect(SocketChannelImpl.java:717)
	at org.apache.ratis.thirdparty.io.netty.channel.socket.nio.NioSocketChannel.doFinishConnect(NioSocketChannel.java:327)
	at org.apache.ratis.thirdparty.io.netty.channel.nio.AbstractNioChannel$AbstractNioUnsafe.finishConnect(AbstractNioChannel.java:340)
	at org.apache.ratis.thirdparty.io.netty.channel.nio.NioEventLoop.processSelectedKey(NioEventLoop.java:632)
	at org.apache.ratis.thirdparty.io.netty.channel.nio.NioEventLoop.processSelectedKeysOptimized(NioEventLoop.java:579)
	at org.apache.ratis.thirdparty.io.netty.channel.nio.NioEventLoop.processSelectedKeys(NioEventLoop.java:496)
	at org.apache.ratis.thirdparty.io.netty.channel.nio.NioEventLoop.run(NioEventLoop.java:458)
	at org.apache.ratis.thirdparty.io.netty.util.concurrent.SingleThreadEventExecutor$5.run(SingleThreadEventExecutor.java:897)
	at org.apache.ratis.thirdparty.io.netty.util.concurrent.FastThreadLocalRunnable.run(FastThreadLocalRunnable.java:30)
	... 1 more
Caused by: java.net.ConnectException: Connection refused
	... 11 more
2019-10-23 12:13:41,460 [ad4d83c7-0f96-47bc-a4e8-7e5d9f844896@group-24C785E9A0FC-LeaderElection175] INFO  impl.LeaderElection (LeaderElection.java:askForVotes(178)) - ad4d83c7-0f96-47bc-a4e8-7e5d9f844896@group-24C785E9A0FC-LeaderElection175: begin an election at term 175 for -1: [3b749b59-de2a-419b-9a26-261692f5c83c:192.168.69.118:39205, ad4d83c7-0f96-47bc-a4e8-7e5d9f844896:192.168.69.118:41688, 02863277-f564-4bc6-8337-fb22627f6f1a:192.168.69.118:36850], old=null
2019-10-23 12:13:41,460 [ad4d83c7-0f96-47bc-a4e8-7e5d9f844896@group-24C785E9A0FC-LeaderElection175] INFO  impl.LeaderElection (LogUtils.java:infoOrTrace(149)) - ad4d83c7-0f96-47bc-a4e8-7e5d9f844896@group-24C785E9A0FC-LeaderElection175 got exception when requesting votes: {}
java.util.concurrent.ExecutionException: org.apache.ratis.thirdparty.io.grpc.StatusRuntimeException: UNAVAILABLE: io exception
	at java.util.concurrent.FutureTask.report(FutureTask.java:122)
	at java.util.concurrent.FutureTask.get(FutureTask.java:192)
	at org.apache.ratis.server.impl.LeaderElection.waitForResults(LeaderElection.java:259)
	at org.apache.ratis.server.impl.LeaderElection.askForVotes(LeaderElection.java:197)
	at org.apache.ratis.server.impl.LeaderElection.run(LeaderElection.java:133)
	at java.lang.Thread.run(Thread.java:748)
Caused by: org.apache.ratis.thirdparty.io.grpc.StatusRuntimeException: UNAVAILABLE: io exception
	at org.apache.ratis.thirdparty.io.grpc.stub.ClientCalls.toStatusRuntimeException(ClientCalls.java:233)
	at org.apache.ratis.thirdparty.io.grpc.stub.ClientCalls.getUnchecked(ClientCalls.java:214)
	at org.apache.ratis.thirdparty.io.grpc.stub.ClientCalls.blockingUnaryCall(ClientCalls.java:139)
	at org.apache.ratis.proto.grpc.RaftServerProtocolServiceGrpc$RaftServerProtocolServiceBlockingStub.requestVote(RaftServerProtocolServiceGrpc.java:265)
	at org.apache.ratis.grpc.server.GrpcServerProtocolClient.requestVote(GrpcServerProtocolClient.java:99)
	at org.apache.ratis.grpc.server.GrpcService.requestVote(GrpcService.java:204)
	at org.apache.ratis.server.impl.LeaderElection.lambda$submitRequests$1(LeaderElection.java:234)
	at java.util.concurrent.FutureTask.run(FutureTask.java:266)
	at java.util.concurrent.Executors$RunnableAdapter.call(Executors.java:511)
	at java.util.concurrent.FutureTask.run(FutureTask.java:266)
	at java.util.concurrent.ThreadPoolExecutor.runWorker(ThreadPoolExecutor.java:1149)
	at java.util.concurrent.ThreadPoolExecutor$Worker.run(ThreadPoolExecutor.java:624)
	... 1 more
Caused by: org.apache.ratis.thirdparty.io.netty.channel.AbstractChannel$AnnotatedConnectException: Connection refused: /192.168.69.118:39205
	at sun.nio.ch.SocketChannelImpl.checkConnect(Native Method)
	at sun.nio.ch.SocketChannelImpl.finishConnect(SocketChannelImpl.java:717)
	at org.apache.ratis.thirdparty.io.netty.channel.socket.nio.NioSocketChannel.doFinishConnect(NioSocketChannel.java:327)
	at org.apache.ratis.thirdparty.io.netty.channel.nio.AbstractNioChannel$AbstractNioUnsafe.finishConnect(AbstractNioChannel.java:340)
	at org.apache.ratis.thirdparty.io.netty.channel.nio.NioEventLoop.processSelectedKey(NioEventLoop.java:632)
	at org.apache.ratis.thirdparty.io.netty.channel.nio.NioEventLoop.processSelectedKeysOptimized(NioEventLoop.java:579)
	at org.apache.ratis.thirdparty.io.netty.channel.nio.NioEventLoop.processSelectedKeys(NioEventLoop.java:496)
	at org.apache.ratis.thirdparty.io.netty.channel.nio.NioEventLoop.run(NioEventLoop.java:458)
	at org.apache.ratis.thirdparty.io.netty.util.concurrent.SingleThreadEventExecutor$5.run(SingleThreadEventExecutor.java:897)
	at org.apache.ratis.thirdparty.io.netty.util.concurrent.FastThreadLocalRunnable.run(FastThreadLocalRunnable.java:30)
	... 1 more
Caused by: java.net.ConnectException: Connection refused
	... 11 more
2019-10-23 12:13:41,461 [grpc-default-executor-3] INFO  impl.RaftServerImpl (RaftServerImpl.java:setRole(184)) - 02863277-f564-4bc6-8337-fb22627f6f1a@group-24C785E9A0FC: changes role from  FOLLOWER to FOLLOWER at term 175 for recognizeCandidate:ad4d83c7-0f96-47bc-a4e8-7e5d9f844896
2019-10-23 12:13:41,461 [grpc-default-executor-3] INFO  impl.RoleInfo (RoleInfo.java:shutdownFollowerState(121)) - 02863277-f564-4bc6-8337-fb22627f6f1a: shutdown FollowerState
2019-10-23 12:13:41,461 [grpc-default-executor-3] INFO  impl.RoleInfo (RoleInfo.java:updateAndGet(143)) - 02863277-f564-4bc6-8337-fb22627f6f1a: start FollowerState
2019-10-23 12:13:41,461 [Thread-1657] INFO  impl.FollowerState (FollowerState.java:run(117)) - 02863277-f564-4bc6-8337-fb22627f6f1a@group-24C785E9A0FC-FollowerState was interrupted: java.lang.InterruptedException: sleep interrupted
2019-10-23 12:13:41,481 [ad4d83c7-0f96-47bc-a4e8-7e5d9f844896@group-24C785E9A0FC-LeaderElection175] INFO  impl.LeaderElection (LeaderElection.java:logAndReturn(56)) - ad4d83c7-0f96-47bc-a4e8-7e5d9f844896@group-24C785E9A0FC-LeaderElection175: Election REJECTED; received 1 response(s) [ad4d83c7-0f96-47bc-a4e8-7e5d9f844896<-02863277-f564-4bc6-8337-fb22627f6f1a#0:FAIL-t175] and 1 exception(s); ad4d83c7-0f96-47bc-a4e8-7e5d9f844896@group-24C785E9A0FC:t175, leader=null, voted=ad4d83c7-0f96-47bc-a4e8-7e5d9f844896, raftlog=ad4d83c7-0f96-47bc-a4e8-7e5d9f844896@group-24C785E9A0FC-SegmentedRaftLog:OPENED:c-1,f-1,i0, conf=-1: [3b749b59-de2a-419b-9a26-261692f5c83c:192.168.69.118:39205, ad4d83c7-0f96-47bc-a4e8-7e5d9f844896:192.168.69.118:41688, 02863277-f564-4bc6-8337-fb22627f6f1a:192.168.69.118:36850], old=null
2019-10-23 12:13:41,481 [ad4d83c7-0f96-47bc-a4e8-7e5d9f844896@group-24C785E9A0FC-LeaderElection175] INFO  impl.LeaderElection (LogUtils.java:infoOrTrace(149)) -   Exception 0: {}
java.util.concurrent.ExecutionException: org.apache.ratis.thirdparty.io.grpc.StatusRuntimeException: UNAVAILABLE: io exception
	at java.util.concurrent.FutureTask.report(FutureTask.java:122)
	at java.util.concurrent.FutureTask.get(FutureTask.java:192)
	at org.apache.ratis.server.impl.LeaderElection.waitForResults(LeaderElection.java:259)
	at org.apache.ratis.server.impl.LeaderElection.askForVotes(LeaderElection.java:197)
	at org.apache.ratis.server.impl.LeaderElection.run(LeaderElection.java:133)
	at java.lang.Thread.run(Thread.java:748)
Caused by: org.apache.ratis.thirdparty.io.grpc.StatusRuntimeException: UNAVAILABLE: io exception
	at org.apache.ratis.thirdparty.io.grpc.stub.ClientCalls.toStatusRuntimeException(ClientCalls.java:233)
	at org.apache.ratis.thirdparty.io.grpc.stub.ClientCalls.getUnchecked(ClientCalls.java:214)
	at org.apache.ratis.thirdparty.io.grpc.stub.ClientCalls.blockingUnaryCall(ClientCalls.java:139)
	at org.apache.ratis.proto.grpc.RaftServerProtocolServiceGrpc$RaftServerProtocolServiceBlockingStub.requestVote(RaftServerProtocolServiceGrpc.java:265)
	at org.apache.ratis.grpc.server.GrpcServerProtocolClient.requestVote(GrpcServerProtocolClient.java:99)
	at org.apache.ratis.grpc.server.GrpcService.requestVote(GrpcService.java:204)
	at org.apache.ratis.server.impl.LeaderElection.lambda$submitRequests$1(LeaderElection.java:234)
	at java.util.concurrent.FutureTask.run(FutureTask.java:266)
	at java.util.concurrent.Executors$RunnableAdapter.call(Executors.java:511)
	at java.util.concurrent.FutureTask.run(FutureTask.java:266)
	at java.util.concurrent.ThreadPoolExecutor.runWorker(ThreadPoolExecutor.java:1149)
	at java.util.concurrent.ThreadPoolExecutor$Worker.run(ThreadPoolExecutor.java:624)
	... 1 more
Caused by: org.apache.ratis.thirdparty.io.netty.channel.AbstractChannel$AnnotatedConnectException: Connection refused: /192.168.69.118:39205
	at sun.nio.ch.SocketChannelImpl.checkConnect(Native Method)
	at sun.nio.ch.SocketChannelImpl.finishConnect(SocketChannelImpl.java:717)
	at org.apache.ratis.thirdparty.io.netty.channel.socket.nio.NioSocketChannel.doFinishConnect(NioSocketChannel.java:327)
	at org.apache.ratis.thirdparty.io.netty.channel.nio.AbstractNioChannel$AbstractNioUnsafe.finishConnect(AbstractNioChannel.java:340)
	at org.apache.ratis.thirdparty.io.netty.channel.nio.NioEventLoop.processSelectedKey(NioEventLoop.java:632)
	at org.apache.ratis.thirdparty.io.netty.channel.nio.NioEventLoop.processSelectedKeysOptimized(NioEventLoop.java:579)
	at org.apache.ratis.thirdparty.io.netty.channel.nio.NioEventLoop.processSelectedKeys(NioEventLoop.java:496)
	at org.apache.ratis.thirdparty.io.netty.channel.nio.NioEventLoop.run(NioEventLoop.java:458)
	at org.apache.ratis.thirdparty.io.netty.util.concurrent.SingleThreadEventExecutor$5.run(SingleThreadEventExecutor.java:897)
	at org.apache.ratis.thirdparty.io.netty.util.concurrent.FastThreadLocalRunnable.run(FastThreadLocalRunnable.java:30)
	... 1 more
Caused by: java.net.ConnectException: Connection refused
	... 11 more
2019-10-23 12:13:41,482 [ad4d83c7-0f96-47bc-a4e8-7e5d9f844896@group-24C785E9A0FC-LeaderElection175] INFO  impl.RaftServerImpl (RaftServerImpl.java:setRole(184)) - ad4d83c7-0f96-47bc-a4e8-7e5d9f844896@group-24C785E9A0FC: changes role from CANDIDATE to FOLLOWER at term 175 for DISCOVERED_A_NEW_TERM
2019-10-23 12:13:41,482 [ad4d83c7-0f96-47bc-a4e8-7e5d9f844896@group-24C785E9A0FC-LeaderElection175] INFO  impl.RoleInfo (RoleInfo.java:shutdownLeaderElection(134)) - ad4d83c7-0f96-47bc-a4e8-7e5d9f844896: shutdown LeaderElection
2019-10-23 12:13:41,482 [ad4d83c7-0f96-47bc-a4e8-7e5d9f844896@group-24C785E9A0FC-LeaderElection175] INFO  impl.RoleInfo (RoleInfo.java:updateAndGet(143)) - ad4d83c7-0f96-47bc-a4e8-7e5d9f844896: start FollowerState
2019-10-23 12:13:41,492 [Thread-1661] INFO  impl.FollowerState (FollowerState.java:run(108)) - ad4d83c7-0f96-47bc-a4e8-7e5d9f844896@group-24C785E9A0FC-FollowerState: change to CANDIDATE, lastRpcTime:10ms, electionTimeout:10ms
2019-10-23 12:13:41,492 [Thread-1661] INFO  impl.RoleInfo (RoleInfo.java:shutdownFollowerState(121)) - ad4d83c7-0f96-47bc-a4e8-7e5d9f844896: shutdown FollowerState
2019-10-23 12:13:41,492 [Thread-1661] INFO  impl.RaftServerImpl (RaftServerImpl.java:setRole(184)) - ad4d83c7-0f96-47bc-a4e8-7e5d9f844896@group-24C785E9A0FC: changes role from  FOLLOWER to CANDIDATE at term 175 for changeToCandidate
2019-10-23 12:13:41,492 [Thread-1661] INFO  impl.RoleInfo (RoleInfo.java:updateAndGet(143)) - ad4d83c7-0f96-47bc-a4e8-7e5d9f844896: start LeaderElection
2019-10-23 12:13:41,506 [ad4d83c7-0f96-47bc-a4e8-7e5d9f844896@group-24C785E9A0FC-LeaderElection176] INFO  impl.LeaderElection (LeaderElection.java:askForVotes(178)) - ad4d83c7-0f96-47bc-a4e8-7e5d9f844896@group-24C785E9A0FC-LeaderElection176: begin an election at term 176 for -1: [3b749b59-de2a-419b-9a26-261692f5c83c:192.168.69.118:39205, ad4d83c7-0f96-47bc-a4e8-7e5d9f844896:192.168.69.118:41688, 02863277-f564-4bc6-8337-fb22627f6f1a:192.168.69.118:36850], old=null
2019-10-23 12:13:41,506 [ad4d83c7-0f96-47bc-a4e8-7e5d9f844896@group-24C785E9A0FC-LeaderElection176] INFO  impl.LeaderElection (LogUtils.java:infoOrTrace(149)) - ad4d83c7-0f96-47bc-a4e8-7e5d9f844896@group-24C785E9A0FC-LeaderElection176 got exception when requesting votes: {}
java.util.concurrent.ExecutionException: org.apache.ratis.thirdparty.io.grpc.StatusRuntimeException: UNAVAILABLE: io exception
	at java.util.concurrent.FutureTask.report(FutureTask.java:122)
	at java.util.concurrent.FutureTask.get(FutureTask.java:192)
	at org.apache.ratis.server.impl.LeaderElection.waitForResults(LeaderElection.java:259)
	at org.apache.ratis.server.impl.LeaderElection.askForVotes(LeaderElection.java:197)
	at org.apache.ratis.server.impl.LeaderElection.run(LeaderElection.java:133)
	at java.lang.Thread.run(Thread.java:748)
Caused by: org.apache.ratis.thirdparty.io.grpc.StatusRuntimeException: UNAVAILABLE: io exception
	at org.apache.ratis.thirdparty.io.grpc.stub.ClientCalls.toStatusRuntimeException(ClientCalls.java:233)
	at org.apache.ratis.thirdparty.io.grpc.stub.ClientCalls.getUnchecked(ClientCalls.java:214)
	at org.apache.ratis.thirdparty.io.grpc.stub.ClientCalls.blockingUnaryCall(ClientCalls.java:139)
	at org.apache.ratis.proto.grpc.RaftServerProtocolServiceGrpc$RaftServerProtocolServiceBlockingStub.requestVote(RaftServerProtocolServiceGrpc.java:265)
	at org.apache.ratis.grpc.server.GrpcServerProtocolClient.requestVote(GrpcServerProtocolClient.java:99)
	at org.apache.ratis.grpc.server.GrpcService.requestVote(GrpcService.java:204)
	at org.apache.ratis.server.impl.LeaderElection.lambda$submitRequests$1(LeaderElection.java:234)
	at java.util.concurrent.FutureTask.run(FutureTask.java:266)
	at java.util.concurrent.Executors$RunnableAdapter.call(Executors.java:511)
	at java.util.concurrent.FutureTask.run(FutureTask.java:266)
	at java.util.concurrent.ThreadPoolExecutor.runWorker(ThreadPoolExecutor.java:1149)
	at java.util.concurrent.ThreadPoolExecutor$Worker.run(ThreadPoolExecutor.java:624)
	... 1 more
Caused by: org.apache.ratis.thirdparty.io.netty.channel.AbstractChannel$AnnotatedConnectException: Connection refused: /192.168.69.118:39205
	at sun.nio.ch.SocketChannelImpl.checkConnect(Native Method)
	at sun.nio.ch.SocketChannelImpl.finishConnect(SocketChannelImpl.java:717)
	at org.apache.ratis.thirdparty.io.netty.channel.socket.nio.NioSocketChannel.doFinishConnect(NioSocketChannel.java:327)
	at org.apache.ratis.thirdparty.io.netty.channel.nio.AbstractNioChannel$AbstractNioUnsafe.finishConnect(AbstractNioChannel.java:340)
	at org.apache.ratis.thirdparty.io.netty.channel.nio.NioEventLoop.processSelectedKey(NioEventLoop.java:632)
	at org.apache.ratis.thirdparty.io.netty.channel.nio.NioEventLoop.processSelectedKeysOptimized(NioEventLoop.java:579)
	at org.apache.ratis.thirdparty.io.netty.channel.nio.NioEventLoop.processSelectedKeys(NioEventLoop.java:496)
	at org.apache.ratis.thirdparty.io.netty.channel.nio.NioEventLoop.run(NioEventLoop.java:458)
	at org.apache.ratis.thirdparty.io.netty.util.concurrent.SingleThreadEventExecutor$5.run(SingleThreadEventExecutor.java:897)
	at org.apache.ratis.thirdparty.io.netty.util.concurrent.FastThreadLocalRunnable.run(FastThreadLocalRunnable.java:30)
	... 1 more
Caused by: java.net.ConnectException: Connection refused
	... 11 more
2019-10-23 12:13:41,507 [grpc-default-executor-3] INFO  impl.RaftServerImpl (RaftServerImpl.java:setRole(184)) - 02863277-f564-4bc6-8337-fb22627f6f1a@group-24C785E9A0FC: changes role from  FOLLOWER to FOLLOWER at term 176 for recognizeCandidate:ad4d83c7-0f96-47bc-a4e8-7e5d9f844896
2019-10-23 12:13:41,507 [grpc-default-executor-3] INFO  impl.RoleInfo (RoleInfo.java:shutdownFollowerState(121)) - 02863277-f564-4bc6-8337-fb22627f6f1a: shutdown FollowerState
2019-10-23 12:13:41,507 [grpc-default-executor-3] INFO  impl.RoleInfo (RoleInfo.java:updateAndGet(143)) - 02863277-f564-4bc6-8337-fb22627f6f1a: start FollowerState
2019-10-23 12:13:41,507 [Thread-1660] INFO  impl.FollowerState (FollowerState.java:run(117)) - 02863277-f564-4bc6-8337-fb22627f6f1a@group-24C785E9A0FC-FollowerState was interrupted: java.lang.InterruptedException: sleep interrupted
2019-10-23 12:13:41,522 [ad4d83c7-0f96-47bc-a4e8-7e5d9f844896@group-24C785E9A0FC-LeaderElection176] INFO  impl.LeaderElection (LeaderElection.java:logAndReturn(56)) - ad4d83c7-0f96-47bc-a4e8-7e5d9f844896@group-24C785E9A0FC-LeaderElection176: Election REJECTED; received 1 response(s) [ad4d83c7-0f96-47bc-a4e8-7e5d9f844896<-02863277-f564-4bc6-8337-fb22627f6f1a#0:FAIL-t176] and 1 exception(s); ad4d83c7-0f96-47bc-a4e8-7e5d9f844896@group-24C785E9A0FC:t176, leader=null, voted=ad4d83c7-0f96-47bc-a4e8-7e5d9f844896, raftlog=ad4d83c7-0f96-47bc-a4e8-7e5d9f844896@group-24C785E9A0FC-SegmentedRaftLog:OPENED:c-1,f-1,i0, conf=-1: [3b749b59-de2a-419b-9a26-261692f5c83c:192.168.69.118:39205, ad4d83c7-0f96-47bc-a4e8-7e5d9f844896:192.168.69.118:41688, 02863277-f564-4bc6-8337-fb22627f6f1a:192.168.69.118:36850], old=null
2019-10-23 12:13:41,522 [ad4d83c7-0f96-47bc-a4e8-7e5d9f844896@group-24C785E9A0FC-LeaderElection176] INFO  impl.LeaderElection (LogUtils.java:infoOrTrace(149)) -   Exception 0: {}
java.util.concurrent.ExecutionException: org.apache.ratis.thirdparty.io.grpc.StatusRuntimeException: UNAVAILABLE: io exception
	at java.util.concurrent.FutureTask.report(FutureTask.java:122)
	at java.util.concurrent.FutureTask.get(FutureTask.java:192)
	at org.apache.ratis.server.impl.LeaderElection.waitForResults(LeaderElection.java:259)
	at org.apache.ratis.server.impl.LeaderElection.askForVotes(LeaderElection.java:197)
	at org.apache.ratis.server.impl.LeaderElection.run(LeaderElection.java:133)
	at java.lang.Thread.run(Thread.java:748)
Caused by: org.apache.ratis.thirdparty.io.grpc.StatusRuntimeException: UNAVAILABLE: io exception
	at org.apache.ratis.thirdparty.io.grpc.stub.ClientCalls.toStatusRuntimeException(ClientCalls.java:233)
	at org.apache.ratis.thirdparty.io.grpc.stub.ClientCalls.getUnchecked(ClientCalls.java:214)
	at org.apache.ratis.thirdparty.io.grpc.stub.ClientCalls.blockingUnaryCall(ClientCalls.java:139)
	at org.apache.ratis.proto.grpc.RaftServerProtocolServiceGrpc$RaftServerProtocolServiceBlockingStub.requestVote(RaftServerProtocolServiceGrpc.java:265)
	at org.apache.ratis.grpc.server.GrpcServerProtocolClient.requestVote(GrpcServerProtocolClient.java:99)
	at org.apache.ratis.grpc.server.GrpcService.requestVote(GrpcService.java:204)
	at org.apache.ratis.server.impl.LeaderElection.lambda$submitRequests$1(LeaderElection.java:234)
	at java.util.concurrent.FutureTask.run(FutureTask.java:266)
	at java.util.concurrent.Executors$RunnableAdapter.call(Executors.java:511)
	at java.util.concurrent.FutureTask.run(FutureTask.java:266)
	at java.util.concurrent.ThreadPoolExecutor.runWorker(ThreadPoolExecutor.java:1149)
	at java.util.concurrent.ThreadPoolExecutor$Worker.run(ThreadPoolExecutor.java:624)
	... 1 more
Caused by: org.apache.ratis.thirdparty.io.netty.channel.AbstractChannel$AnnotatedConnectException: Connection refused: /192.168.69.118:39205
	at sun.nio.ch.SocketChannelImpl.checkConnect(Native Method)
	at sun.nio.ch.SocketChannelImpl.finishConnect(SocketChannelImpl.java:717)
	at org.apache.ratis.thirdparty.io.netty.channel.socket.nio.NioSocketChannel.doFinishConnect(NioSocketChannel.java:327)
	at org.apache.ratis.thirdparty.io.netty.channel.nio.AbstractNioChannel$AbstractNioUnsafe.finishConnect(AbstractNioChannel.java:340)
	at org.apache.ratis.thirdparty.io.netty.channel.nio.NioEventLoop.processSelectedKey(NioEventLoop.java:632)
	at org.apache.ratis.thirdparty.io.netty.channel.nio.NioEventLoop.processSelectedKeysOptimized(NioEventLoop.java:579)
	at org.apache.ratis.thirdparty.io.netty.channel.nio.NioEventLoop.processSelectedKeys(NioEventLoop.java:496)
	at org.apache.ratis.thirdparty.io.netty.channel.nio.NioEventLoop.run(NioEventLoop.java:458)
	at org.apache.ratis.thirdparty.io.netty.util.concurrent.SingleThreadEventExecutor$5.run(SingleThreadEventExecutor.java:897)
	at org.apache.ratis.thirdparty.io.netty.util.concurrent.FastThreadLocalRunnable.run(FastThreadLocalRunnable.java:30)
	... 1 more
Caused by: java.net.ConnectException: Connection refused
	... 11 more
2019-10-23 12:13:41,522 [ad4d83c7-0f96-47bc-a4e8-7e5d9f844896@group-24C785E9A0FC-LeaderElection176] INFO  impl.RaftServerImpl (RaftServerImpl.java:setRole(184)) - ad4d83c7-0f96-47bc-a4e8-7e5d9f844896@group-24C785E9A0FC: changes role from CANDIDATE to FOLLOWER at term 176 for DISCOVERED_A_NEW_TERM
2019-10-23 12:13:41,522 [ad4d83c7-0f96-47bc-a4e8-7e5d9f844896@group-24C785E9A0FC-LeaderElection176] INFO  impl.RoleInfo (RoleInfo.java:shutdownLeaderElection(134)) - ad4d83c7-0f96-47bc-a4e8-7e5d9f844896: shutdown LeaderElection
2019-10-23 12:13:41,522 [ad4d83c7-0f96-47bc-a4e8-7e5d9f844896@group-24C785E9A0FC-LeaderElection176] INFO  impl.RoleInfo (RoleInfo.java:updateAndGet(143)) - ad4d83c7-0f96-47bc-a4e8-7e5d9f844896: start FollowerState
2019-10-23 12:13:41,566 [Thread-1666] INFO  impl.FollowerState (FollowerState.java:run(108)) - ad4d83c7-0f96-47bc-a4e8-7e5d9f844896@group-24C785E9A0FC-FollowerState: change to CANDIDATE, lastRpcTime:43ms, electionTimeout:43ms
2019-10-23 12:13:41,566 [Thread-1666] INFO  impl.RoleInfo (RoleInfo.java:shutdownFollowerState(121)) - ad4d83c7-0f96-47bc-a4e8-7e5d9f844896: shutdown FollowerState
2019-10-23 12:13:41,566 [Thread-1666] INFO  impl.RaftServerImpl (RaftServerImpl.java:setRole(184)) - ad4d83c7-0f96-47bc-a4e8-7e5d9f844896@group-24C785E9A0FC: changes role from  FOLLOWER to CANDIDATE at term 176 for changeToCandidate
2019-10-23 12:13:41,566 [Thread-1666] INFO  impl.RoleInfo (RoleInfo.java:updateAndGet(143)) - ad4d83c7-0f96-47bc-a4e8-7e5d9f844896: start LeaderElection
2019-10-23 12:13:41,580 [ad4d83c7-0f96-47bc-a4e8-7e5d9f844896@group-24C785E9A0FC-LeaderElection177] INFO  impl.LeaderElection (LeaderElection.java:askForVotes(178)) - ad4d83c7-0f96-47bc-a4e8-7e5d9f844896@group-24C785E9A0FC-LeaderElection177: begin an election at term 177 for -1: [3b749b59-de2a-419b-9a26-261692f5c83c:192.168.69.118:39205, ad4d83c7-0f96-47bc-a4e8-7e5d9f844896:192.168.69.118:41688, 02863277-f564-4bc6-8337-fb22627f6f1a:192.168.69.118:36850], old=null
2019-10-23 12:13:41,580 [ad4d83c7-0f96-47bc-a4e8-7e5d9f844896@group-24C785E9A0FC-LeaderElection177] INFO  impl.LeaderElection (LogUtils.java:infoOrTrace(149)) - ad4d83c7-0f96-47bc-a4e8-7e5d9f844896@group-24C785E9A0FC-LeaderElection177 got exception when requesting votes: {}
java.util.concurrent.ExecutionException: org.apache.ratis.thirdparty.io.grpc.StatusRuntimeException: UNAVAILABLE: io exception
	at java.util.concurrent.FutureTask.report(FutureTask.java:122)
	at java.util.concurrent.FutureTask.get(FutureTask.java:192)
	at org.apache.ratis.server.impl.LeaderElection.waitForResults(LeaderElection.java:259)
	at org.apache.ratis.server.impl.LeaderElection.askForVotes(LeaderElection.java:197)
	at org.apache.ratis.server.impl.LeaderElection.run(LeaderElection.java:133)
	at java.lang.Thread.run(Thread.java:748)
Caused by: org.apache.ratis.thirdparty.io.grpc.StatusRuntimeException: UNAVAILABLE: io exception
	at org.apache.ratis.thirdparty.io.grpc.stub.ClientCalls.toStatusRuntimeException(ClientCalls.java:233)
	at org.apache.ratis.thirdparty.io.grpc.stub.ClientCalls.getUnchecked(ClientCalls.java:214)
	at org.apache.ratis.thirdparty.io.grpc.stub.ClientCalls.blockingUnaryCall(ClientCalls.java:139)
	at org.apache.ratis.proto.grpc.RaftServerProtocolServiceGrpc$RaftServerProtocolServiceBlockingStub.requestVote(RaftServerProtocolServiceGrpc.java:265)
	at org.apache.ratis.grpc.server.GrpcServerProtocolClient.requestVote(GrpcServerProtocolClient.java:99)
	at org.apache.ratis.grpc.server.GrpcService.requestVote(GrpcService.java:204)
	at org.apache.ratis.server.impl.LeaderElection.lambda$submitRequests$1(LeaderElection.java:234)
	at java.util.concurrent.FutureTask.run(FutureTask.java:266)
	at java.util.concurrent.Executors$RunnableAdapter.call(Executors.java:511)
	at java.util.concurrent.FutureTask.run(FutureTask.java:266)
	at java.util.concurrent.ThreadPoolExecutor.runWorker(ThreadPoolExecutor.java:1149)
	at java.util.concurrent.ThreadPoolExecutor$Worker.run(ThreadPoolExecutor.java:624)
	... 1 more
Caused by: org.apache.ratis.thirdparty.io.netty.channel.AbstractChannel$AnnotatedConnectException: Connection refused: /192.168.69.118:39205
	at sun.nio.ch.SocketChannelImpl.checkConnect(Native Method)
	at sun.nio.ch.SocketChannelImpl.finishConnect(SocketChannelImpl.java:717)
	at org.apache.ratis.thirdparty.io.netty.channel.socket.nio.NioSocketChannel.doFinishConnect(NioSocketChannel.java:327)
	at org.apache.ratis.thirdparty.io.netty.channel.nio.AbstractNioChannel$AbstractNioUnsafe.finishConnect(AbstractNioChannel.java:340)
	at org.apache.ratis.thirdparty.io.netty.channel.nio.NioEventLoop.processSelectedKey(NioEventLoop.java:632)
	at org.apache.ratis.thirdparty.io.netty.channel.nio.NioEventLoop.processSelectedKeysOptimized(NioEventLoop.java:579)
	at org.apache.ratis.thirdparty.io.netty.channel.nio.NioEventLoop.processSelectedKeys(NioEventLoop.java:496)
	at org.apache.ratis.thirdparty.io.netty.channel.nio.NioEventLoop.run(NioEventLoop.java:458)
	at org.apache.ratis.thirdparty.io.netty.util.concurrent.SingleThreadEventExecutor$5.run(SingleThreadEventExecutor.java:897)
	at org.apache.ratis.thirdparty.io.netty.util.concurrent.FastThreadLocalRunnable.run(FastThreadLocalRunnable.java:30)
	... 1 more
Caused by: java.net.ConnectException: Connection refused
	... 11 more
2019-10-23 12:13:41,581 [grpc-default-executor-5] INFO  impl.RaftServerImpl (RaftServerImpl.java:setRole(184)) - 02863277-f564-4bc6-8337-fb22627f6f1a@group-24C785E9A0FC: changes role from  FOLLOWER to FOLLOWER at term 177 for recognizeCandidate:ad4d83c7-0f96-47bc-a4e8-7e5d9f844896
2019-10-23 12:13:41,581 [grpc-default-executor-5] INFO  impl.RoleInfo (RoleInfo.java:shutdownFollowerState(121)) - 02863277-f564-4bc6-8337-fb22627f6f1a: shutdown FollowerState
2019-10-23 12:13:41,581 [grpc-default-executor-5] INFO  impl.RoleInfo (RoleInfo.java:updateAndGet(143)) - 02863277-f564-4bc6-8337-fb22627f6f1a: start FollowerState
2019-10-23 12:13:41,581 [Thread-1665] INFO  impl.FollowerState (FollowerState.java:run(117)) - 02863277-f564-4bc6-8337-fb22627f6f1a@group-24C785E9A0FC-FollowerState was interrupted: java.lang.InterruptedException: sleep interrupted
2019-10-23 12:13:41,595 [ad4d83c7-0f96-47bc-a4e8-7e5d9f844896@group-24C785E9A0FC-LeaderElection177] INFO  impl.LeaderElection (LeaderElection.java:logAndReturn(56)) - ad4d83c7-0f96-47bc-a4e8-7e5d9f844896@group-24C785E9A0FC-LeaderElection177: Election REJECTED; received 1 response(s) [ad4d83c7-0f96-47bc-a4e8-7e5d9f844896<-02863277-f564-4bc6-8337-fb22627f6f1a#0:FAIL-t177] and 1 exception(s); ad4d83c7-0f96-47bc-a4e8-7e5d9f844896@group-24C785E9A0FC:t177, leader=null, voted=ad4d83c7-0f96-47bc-a4e8-7e5d9f844896, raftlog=ad4d83c7-0f96-47bc-a4e8-7e5d9f844896@group-24C785E9A0FC-SegmentedRaftLog:OPENED:c-1,f-1,i0, conf=-1: [3b749b59-de2a-419b-9a26-261692f5c83c:192.168.69.118:39205, ad4d83c7-0f96-47bc-a4e8-7e5d9f844896:192.168.69.118:41688, 02863277-f564-4bc6-8337-fb22627f6f1a:192.168.69.118:36850], old=null
2019-10-23 12:13:41,595 [ad4d83c7-0f96-47bc-a4e8-7e5d9f844896@group-24C785E9A0FC-LeaderElection177] INFO  impl.LeaderElection (LogUtils.java:infoOrTrace(149)) -   Exception 0: {}
java.util.concurrent.ExecutionException: org.apache.ratis.thirdparty.io.grpc.StatusRuntimeException: UNAVAILABLE: io exception
	at java.util.concurrent.FutureTask.report(FutureTask.java:122)
	at java.util.concurrent.FutureTask.get(FutureTask.java:192)
	at org.apache.ratis.server.impl.LeaderElection.waitForResults(LeaderElection.java:259)
	at org.apache.ratis.server.impl.LeaderElection.askForVotes(LeaderElection.java:197)
	at org.apache.ratis.server.impl.LeaderElection.run(LeaderElection.java:133)
	at java.lang.Thread.run(Thread.java:748)
Caused by: org.apache.ratis.thirdparty.io.grpc.StatusRuntimeException: UNAVAILABLE: io exception
	at org.apache.ratis.thirdparty.io.grpc.stub.ClientCalls.toStatusRuntimeException(ClientCalls.java:233)
	at org.apache.ratis.thirdparty.io.grpc.stub.ClientCalls.getUnchecked(ClientCalls.java:214)
	at org.apache.ratis.thirdparty.io.grpc.stub.ClientCalls.blockingUnaryCall(ClientCalls.java:139)
	at org.apache.ratis.proto.grpc.RaftServerProtocolServiceGrpc$RaftServerProtocolServiceBlockingStub.requestVote(RaftServerProtocolServiceGrpc.java:265)
	at org.apache.ratis.grpc.server.GrpcServerProtocolClient.requestVote(GrpcServerProtocolClient.java:99)
	at org.apache.ratis.grpc.server.GrpcService.requestVote(GrpcService.java:204)
	at org.apache.ratis.server.impl.LeaderElection.lambda$submitRequests$1(LeaderElection.java:234)
	at java.util.concurrent.FutureTask.run(FutureTask.java:266)
	at java.util.concurrent.Executors$RunnableAdapter.call(Executors.java:511)
	at java.util.concurrent.FutureTask.run(FutureTask.java:266)
	at java.util.concurrent.ThreadPoolExecutor.runWorker(ThreadPoolExecutor.java:1149)
	at java.util.concurrent.ThreadPoolExecutor$Worker.run(ThreadPoolExecutor.java:624)
	... 1 more
Caused by: org.apache.ratis.thirdparty.io.netty.channel.AbstractChannel$AnnotatedConnectException: Connection refused: /192.168.69.118:39205
	at sun.nio.ch.SocketChannelImpl.checkConnect(Native Method)
	at sun.nio.ch.SocketChannelImpl.finishConnect(SocketChannelImpl.java:717)
	at org.apache.ratis.thirdparty.io.netty.channel.socket.nio.NioSocketChannel.doFinishConnect(NioSocketChannel.java:327)
	at org.apache.ratis.thirdparty.io.netty.channel.nio.AbstractNioChannel$AbstractNioUnsafe.finishConnect(AbstractNioChannel.java:340)
	at org.apache.ratis.thirdparty.io.netty.channel.nio.NioEventLoop.processSelectedKey(NioEventLoop.java:632)
	at org.apache.ratis.thirdparty.io.netty.channel.nio.NioEventLoop.processSelectedKeysOptimized(NioEventLoop.java:579)
	at org.apache.ratis.thirdparty.io.netty.channel.nio.NioEventLoop.processSelectedKeys(NioEventLoop.java:496)
	at org.apache.ratis.thirdparty.io.netty.channel.nio.NioEventLoop.run(NioEventLoop.java:458)
	at org.apache.ratis.thirdparty.io.netty.util.concurrent.SingleThreadEventExecutor$5.run(SingleThreadEventExecutor.java:897)
	at org.apache.ratis.thirdparty.io.netty.util.concurrent.FastThreadLocalRunnable.run(FastThreadLocalRunnable.java:30)
	... 1 more
Caused by: java.net.ConnectException: Connection refused
	... 11 more
2019-10-23 12:13:41,595 [ad4d83c7-0f96-47bc-a4e8-7e5d9f844896@group-24C785E9A0FC-LeaderElection177] INFO  impl.RaftServerImpl (RaftServerImpl.java:setRole(184)) - ad4d83c7-0f96-47bc-a4e8-7e5d9f844896@group-24C785E9A0FC: changes role from CANDIDATE to FOLLOWER at term 177 for DISCOVERED_A_NEW_TERM
2019-10-23 12:13:41,595 [ad4d83c7-0f96-47bc-a4e8-7e5d9f844896@group-24C785E9A0FC-LeaderElection177] INFO  impl.RoleInfo (RoleInfo.java:shutdownLeaderElection(134)) - ad4d83c7-0f96-47bc-a4e8-7e5d9f844896: shutdown LeaderElection
2019-10-23 12:13:41,595 [ad4d83c7-0f96-47bc-a4e8-7e5d9f844896@group-24C785E9A0FC-LeaderElection177] INFO  impl.RoleInfo (RoleInfo.java:updateAndGet(143)) - ad4d83c7-0f96-47bc-a4e8-7e5d9f844896: start FollowerState
2019-10-23 12:13:41,669 [Thread-1673] INFO  impl.FollowerState (FollowerState.java:run(108)) - ad4d83c7-0f96-47bc-a4e8-7e5d9f844896@group-24C785E9A0FC-FollowerState: change to CANDIDATE, lastRpcTime:74ms, electionTimeout:74ms
2019-10-23 12:13:41,670 [Thread-1673] INFO  impl.RoleInfo (RoleInfo.java:shutdownFollowerState(121)) - ad4d83c7-0f96-47bc-a4e8-7e5d9f844896: shutdown FollowerState
2019-10-23 12:13:41,670 [Thread-1673] INFO  impl.RaftServerImpl (RaftServerImpl.java:setRole(184)) - ad4d83c7-0f96-47bc-a4e8-7e5d9f844896@group-24C785E9A0FC: changes role from  FOLLOWER to CANDIDATE at term 177 for changeToCandidate
2019-10-23 12:13:41,670 [Thread-1673] INFO  impl.RoleInfo (RoleInfo.java:updateAndGet(143)) - ad4d83c7-0f96-47bc-a4e8-7e5d9f844896: start LeaderElection
2019-10-23 12:13:41,683 [ad4d83c7-0f96-47bc-a4e8-7e5d9f844896@group-24C785E9A0FC-LeaderElection178] INFO  impl.LeaderElection (LeaderElection.java:askForVotes(178)) - ad4d83c7-0f96-47bc-a4e8-7e5d9f844896@group-24C785E9A0FC-LeaderElection178: begin an election at term 178 for -1: [3b749b59-de2a-419b-9a26-261692f5c83c:192.168.69.118:39205, ad4d83c7-0f96-47bc-a4e8-7e5d9f844896:192.168.69.118:41688, 02863277-f564-4bc6-8337-fb22627f6f1a:192.168.69.118:36850], old=null
2019-10-23 12:13:41,684 [ad4d83c7-0f96-47bc-a4e8-7e5d9f844896@group-24C785E9A0FC-LeaderElection178] INFO  impl.LeaderElection (LogUtils.java:infoOrTrace(149)) - ad4d83c7-0f96-47bc-a4e8-7e5d9f844896@group-24C785E9A0FC-LeaderElection178 got exception when requesting votes: {}
java.util.concurrent.ExecutionException: org.apache.ratis.thirdparty.io.grpc.StatusRuntimeException: UNAVAILABLE: io exception
	at java.util.concurrent.FutureTask.report(FutureTask.java:122)
	at java.util.concurrent.FutureTask.get(FutureTask.java:192)
	at org.apache.ratis.server.impl.LeaderElection.waitForResults(LeaderElection.java:259)
	at org.apache.ratis.server.impl.LeaderElection.askForVotes(LeaderElection.java:197)
	at org.apache.ratis.server.impl.LeaderElection.run(LeaderElection.java:133)
	at java.lang.Thread.run(Thread.java:748)
Caused by: org.apache.ratis.thirdparty.io.grpc.StatusRuntimeException: UNAVAILABLE: io exception
	at org.apache.ratis.thirdparty.io.grpc.stub.ClientCalls.toStatusRuntimeException(ClientCalls.java:233)
	at org.apache.ratis.thirdparty.io.grpc.stub.ClientCalls.getUnchecked(ClientCalls.java:214)
	at org.apache.ratis.thirdparty.io.grpc.stub.ClientCalls.blockingUnaryCall(ClientCalls.java:139)
	at org.apache.ratis.proto.grpc.RaftServerProtocolServiceGrpc$RaftServerProtocolServiceBlockingStub.requestVote(RaftServerProtocolServiceGrpc.java:265)
	at org.apache.ratis.grpc.server.GrpcServerProtocolClient.requestVote(GrpcServerProtocolClient.java:99)
	at org.apache.ratis.grpc.server.GrpcService.requestVote(GrpcService.java:204)
	at org.apache.ratis.server.impl.LeaderElection.lambda$submitRequests$1(LeaderElection.java:234)
	at java.util.concurrent.FutureTask.run(FutureTask.java:266)
	at java.util.concurrent.Executors$RunnableAdapter.call(Executors.java:511)
	at java.util.concurrent.FutureTask.run(FutureTask.java:266)
	at java.util.concurrent.ThreadPoolExecutor.runWorker(ThreadPoolExecutor.java:1149)
	at java.util.concurrent.ThreadPoolExecutor$Worker.run(ThreadPoolExecutor.java:624)
	... 1 more
Caused by: org.apache.ratis.thirdparty.io.netty.channel.AbstractChannel$AnnotatedConnectException: Connection refused: /192.168.69.118:39205
	at sun.nio.ch.SocketChannelImpl.checkConnect(Native Method)
	at sun.nio.ch.SocketChannelImpl.finishConnect(SocketChannelImpl.java:717)
	at org.apache.ratis.thirdparty.io.netty.channel.socket.nio.NioSocketChannel.doFinishConnect(NioSocketChannel.java:327)
	at org.apache.ratis.thirdparty.io.netty.channel.nio.AbstractNioChannel$AbstractNioUnsafe.finishConnect(AbstractNioChannel.java:340)
	at org.apache.ratis.thirdparty.io.netty.channel.nio.NioEventLoop.processSelectedKey(NioEventLoop.java:632)
	at org.apache.ratis.thirdparty.io.netty.channel.nio.NioEventLoop.processSelectedKeysOptimized(NioEventLoop.java:579)
	at org.apache.ratis.thirdparty.io.netty.channel.nio.NioEventLoop.processSelectedKeys(NioEventLoop.java:496)
	at org.apache.ratis.thirdparty.io.netty.channel.nio.NioEventLoop.run(NioEventLoop.java:458)
	at org.apache.ratis.thirdparty.io.netty.util.concurrent.SingleThreadEventExecutor$5.run(SingleThreadEventExecutor.java:897)
	at org.apache.ratis.thirdparty.io.netty.util.concurrent.FastThreadLocalRunnable.run(FastThreadLocalRunnable.java:30)
	... 1 more
Caused by: java.net.ConnectException: Connection refused
	... 11 more
2019-10-23 12:13:41,684 [grpc-default-executor-5] INFO  impl.RaftServerImpl (RaftServerImpl.java:setRole(184)) - 02863277-f564-4bc6-8337-fb22627f6f1a@group-24C785E9A0FC: changes role from  FOLLOWER to FOLLOWER at term 178 for recognizeCandidate:ad4d83c7-0f96-47bc-a4e8-7e5d9f844896
2019-10-23 12:13:41,685 [grpc-default-executor-5] INFO  impl.RoleInfo (RoleInfo.java:shutdownFollowerState(121)) - 02863277-f564-4bc6-8337-fb22627f6f1a: shutdown FollowerState
2019-10-23 12:13:41,685 [grpc-default-executor-5] INFO  impl.RoleInfo (RoleInfo.java:updateAndGet(143)) - 02863277-f564-4bc6-8337-fb22627f6f1a: start FollowerState
2019-10-23 12:13:41,685 [Thread-1672] INFO  impl.FollowerState (FollowerState.java:run(117)) - 02863277-f564-4bc6-8337-fb22627f6f1a@group-24C785E9A0FC-FollowerState was interrupted: java.lang.InterruptedException: sleep interrupted
2019-10-23 12:13:41,698 [ad4d83c7-0f96-47bc-a4e8-7e5d9f844896@group-24C785E9A0FC-LeaderElection178] INFO  impl.LeaderElection (LeaderElection.java:logAndReturn(56)) - ad4d83c7-0f96-47bc-a4e8-7e5d9f844896@group-24C785E9A0FC-LeaderElection178: Election REJECTED; received 1 response(s) [ad4d83c7-0f96-47bc-a4e8-7e5d9f844896<-02863277-f564-4bc6-8337-fb22627f6f1a#0:FAIL-t178] and 1 exception(s); ad4d83c7-0f96-47bc-a4e8-7e5d9f844896@group-24C785E9A0FC:t178, leader=null, voted=ad4d83c7-0f96-47bc-a4e8-7e5d9f844896, raftlog=ad4d83c7-0f96-47bc-a4e8-7e5d9f844896@group-24C785E9A0FC-SegmentedRaftLog:OPENED:c-1,f-1,i0, conf=-1: [3b749b59-de2a-419b-9a26-261692f5c83c:192.168.69.118:39205, ad4d83c7-0f96-47bc-a4e8-7e5d9f844896:192.168.69.118:41688, 02863277-f564-4bc6-8337-fb22627f6f1a:192.168.69.118:36850], old=null
2019-10-23 12:13:41,698 [ad4d83c7-0f96-47bc-a4e8-7e5d9f844896@group-24C785E9A0FC-LeaderElection178] INFO  impl.LeaderElection (LogUtils.java:infoOrTrace(149)) -   Exception 0: {}
java.util.concurrent.ExecutionException: org.apache.ratis.thirdparty.io.grpc.StatusRuntimeException: UNAVAILABLE: io exception
	at java.util.concurrent.FutureTask.report(FutureTask.java:122)
	at java.util.concurrent.FutureTask.get(FutureTask.java:192)
	at org.apache.ratis.server.impl.LeaderElection.waitForResults(LeaderElection.java:259)
	at org.apache.ratis.server.impl.LeaderElection.askForVotes(LeaderElection.java:197)
	at org.apache.ratis.server.impl.LeaderElection.run(LeaderElection.java:133)
	at java.lang.Thread.run(Thread.java:748)
Caused by: org.apache.ratis.thirdparty.io.grpc.StatusRuntimeException: UNAVAILABLE: io exception
	at org.apache.ratis.thirdparty.io.grpc.stub.ClientCalls.toStatusRuntimeException(ClientCalls.java:233)
	at org.apache.ratis.thirdparty.io.grpc.stub.ClientCalls.getUnchecked(ClientCalls.java:214)
	at org.apache.ratis.thirdparty.io.grpc.stub.ClientCalls.blockingUnaryCall(ClientCalls.java:139)
	at org.apache.ratis.proto.grpc.RaftServerProtocolServiceGrpc$RaftServerProtocolServiceBlockingStub.requestVote(RaftServerProtocolServiceGrpc.java:265)
	at org.apache.ratis.grpc.server.GrpcServerProtocolClient.requestVote(GrpcServerProtocolClient.java:99)
	at org.apache.ratis.grpc.server.GrpcService.requestVote(GrpcService.java:204)
	at org.apache.ratis.server.impl.LeaderElection.lambda$submitRequests$1(LeaderElection.java:234)
	at java.util.concurrent.FutureTask.run(FutureTask.java:266)
	at java.util.concurrent.Executors$RunnableAdapter.call(Executors.java:511)
	at java.util.concurrent.FutureTask.run(FutureTask.java:266)
	at java.util.concurrent.ThreadPoolExecutor.runWorker(ThreadPoolExecutor.java:1149)
	at java.util.concurrent.ThreadPoolExecutor$Worker.run(ThreadPoolExecutor.java:624)
	... 1 more
Caused by: org.apache.ratis.thirdparty.io.netty.channel.AbstractChannel$AnnotatedConnectException: Connection refused: /192.168.69.118:39205
	at sun.nio.ch.SocketChannelImpl.checkConnect(Native Method)
	at sun.nio.ch.SocketChannelImpl.finishConnect(SocketChannelImpl.java:717)
	at org.apache.ratis.thirdparty.io.netty.channel.socket.nio.NioSocketChannel.doFinishConnect(NioSocketChannel.java:327)
	at org.apache.ratis.thirdparty.io.netty.channel.nio.AbstractNioChannel$AbstractNioUnsafe.finishConnect(AbstractNioChannel.java:340)
	at org.apache.ratis.thirdparty.io.netty.channel.nio.NioEventLoop.processSelectedKey(NioEventLoop.java:632)
	at org.apache.ratis.thirdparty.io.netty.channel.nio.NioEventLoop.processSelectedKeysOptimized(NioEventLoop.java:579)
	at org.apache.ratis.thirdparty.io.netty.channel.nio.NioEventLoop.processSelectedKeys(NioEventLoop.java:496)
	at org.apache.ratis.thirdparty.io.netty.channel.nio.NioEventLoop.run(NioEventLoop.java:458)
	at org.apache.ratis.thirdparty.io.netty.util.concurrent.SingleThreadEventExecutor$5.run(SingleThreadEventExecutor.java:897)
	at org.apache.ratis.thirdparty.io.netty.util.concurrent.FastThreadLocalRunnable.run(FastThreadLocalRunnable.java:30)
	... 1 more
Caused by: java.net.ConnectException: Connection refused
	... 11 more
2019-10-23 12:13:41,698 [ad4d83c7-0f96-47bc-a4e8-7e5d9f844896@group-24C785E9A0FC-LeaderElection178] INFO  impl.RaftServerImpl (RaftServerImpl.java:setRole(184)) - ad4d83c7-0f96-47bc-a4e8-7e5d9f844896@group-24C785E9A0FC: changes role from CANDIDATE to FOLLOWER at term 178 for DISCOVERED_A_NEW_TERM
2019-10-23 12:13:41,698 [ad4d83c7-0f96-47bc-a4e8-7e5d9f844896@group-24C785E9A0FC-LeaderElection178] INFO  impl.RoleInfo (RoleInfo.java:shutdownLeaderElection(134)) - ad4d83c7-0f96-47bc-a4e8-7e5d9f844896: shutdown LeaderElection
2019-10-23 12:13:41,698 [ad4d83c7-0f96-47bc-a4e8-7e5d9f844896@group-24C785E9A0FC-LeaderElection178] INFO  impl.RoleInfo (RoleInfo.java:updateAndGet(143)) - ad4d83c7-0f96-47bc-a4e8-7e5d9f844896: start FollowerState
2019-10-23 12:13:41,735 [Thread-1678] INFO  impl.FollowerState (FollowerState.java:run(108)) - ad4d83c7-0f96-47bc-a4e8-7e5d9f844896@group-24C785E9A0FC-FollowerState: change to CANDIDATE, lastRpcTime:37ms, electionTimeout:37ms
2019-10-23 12:13:41,736 [Thread-1678] INFO  impl.RoleInfo (RoleInfo.java:shutdownFollowerState(121)) - ad4d83c7-0f96-47bc-a4e8-7e5d9f844896: shutdown FollowerState
2019-10-23 12:13:41,736 [Thread-1678] INFO  impl.RaftServerImpl (RaftServerImpl.java:setRole(184)) - ad4d83c7-0f96-47bc-a4e8-7e5d9f844896@group-24C785E9A0FC: changes role from  FOLLOWER to CANDIDATE at term 178 for changeToCandidate
2019-10-23 12:13:41,736 [Thread-1678] INFO  impl.RoleInfo (RoleInfo.java:updateAndGet(143)) - ad4d83c7-0f96-47bc-a4e8-7e5d9f844896: start LeaderElection
2019-10-23 12:13:41,748 [ad4d83c7-0f96-47bc-a4e8-7e5d9f844896@group-24C785E9A0FC-LeaderElection179] INFO  impl.LeaderElection (LeaderElection.java:askForVotes(178)) - ad4d83c7-0f96-47bc-a4e8-7e5d9f844896@group-24C785E9A0FC-LeaderElection179: begin an election at term 179 for -1: [3b749b59-de2a-419b-9a26-261692f5c83c:192.168.69.118:39205, ad4d83c7-0f96-47bc-a4e8-7e5d9f844896:192.168.69.118:41688, 02863277-f564-4bc6-8337-fb22627f6f1a:192.168.69.118:36850], old=null
2019-10-23 12:13:41,749 [ad4d83c7-0f96-47bc-a4e8-7e5d9f844896@group-24C785E9A0FC-LeaderElection179] INFO  impl.LeaderElection (LogUtils.java:infoOrTrace(149)) - ad4d83c7-0f96-47bc-a4e8-7e5d9f844896@group-24C785E9A0FC-LeaderElection179 got exception when requesting votes: {}
java.util.concurrent.ExecutionException: org.apache.ratis.thirdparty.io.grpc.StatusRuntimeException: UNAVAILABLE: io exception
	at java.util.concurrent.FutureTask.report(FutureTask.java:122)
	at java.util.concurrent.FutureTask.get(FutureTask.java:192)
	at org.apache.ratis.server.impl.LeaderElection.waitForResults(LeaderElection.java:259)
	at org.apache.ratis.server.impl.LeaderElection.askForVotes(LeaderElection.java:197)
	at org.apache.ratis.server.impl.LeaderElection.run(LeaderElection.java:133)
	at java.lang.Thread.run(Thread.java:748)
Caused by: org.apache.ratis.thirdparty.io.grpc.StatusRuntimeException: UNAVAILABLE: io exception
	at org.apache.ratis.thirdparty.io.grpc.stub.ClientCalls.toStatusRuntimeException(ClientCalls.java:233)
	at org.apache.ratis.thirdparty.io.grpc.stub.ClientCalls.getUnchecked(ClientCalls.java:214)
	at org.apache.ratis.thirdparty.io.grpc.stub.ClientCalls.blockingUnaryCall(ClientCalls.java:139)
	at org.apache.ratis.proto.grpc.RaftServerProtocolServiceGrpc$RaftServerProtocolServiceBlockingStub.requestVote(RaftServerProtocolServiceGrpc.java:265)
	at org.apache.ratis.grpc.server.GrpcServerProtocolClient.requestVote(GrpcServerProtocolClient.java:99)
	at org.apache.ratis.grpc.server.GrpcService.requestVote(GrpcService.java:204)
	at org.apache.ratis.server.impl.LeaderElection.lambda$submitRequests$1(LeaderElection.java:234)
	at java.util.concurrent.FutureTask.run(FutureTask.java:266)
	at java.util.concurrent.Executors$RunnableAdapter.call(Executors.java:511)
	at java.util.concurrent.FutureTask.run(FutureTask.java:266)
	at java.util.concurrent.ThreadPoolExecutor.runWorker(ThreadPoolExecutor.java:1149)
	at java.util.concurrent.ThreadPoolExecutor$Worker.run(ThreadPoolExecutor.java:624)
	... 1 more
Caused by: org.apache.ratis.thirdparty.io.netty.channel.AbstractChannel$AnnotatedConnectException: Connection refused: /192.168.69.118:39205
	at sun.nio.ch.SocketChannelImpl.checkConnect(Native Method)
	at sun.nio.ch.SocketChannelImpl.finishConnect(SocketChannelImpl.java:717)
	at org.apache.ratis.thirdparty.io.netty.channel.socket.nio.NioSocketChannel.doFinishConnect(NioSocketChannel.java:327)
	at org.apache.ratis.thirdparty.io.netty.channel.nio.AbstractNioChannel$AbstractNioUnsafe.finishConnect(AbstractNioChannel.java:340)
	at org.apache.ratis.thirdparty.io.netty.channel.nio.NioEventLoop.processSelectedKey(NioEventLoop.java:632)
	at org.apache.ratis.thirdparty.io.netty.channel.nio.NioEventLoop.processSelectedKeysOptimized(NioEventLoop.java:579)
	at org.apache.ratis.thirdparty.io.netty.channel.nio.NioEventLoop.processSelectedKeys(NioEventLoop.java:496)
	at org.apache.ratis.thirdparty.io.netty.channel.nio.NioEventLoop.run(NioEventLoop.java:458)
	at org.apache.ratis.thirdparty.io.netty.util.concurrent.SingleThreadEventExecutor$5.run(SingleThreadEventExecutor.java:897)
	at org.apache.ratis.thirdparty.io.netty.util.concurrent.FastThreadLocalRunnable.run(FastThreadLocalRunnable.java:30)
	... 1 more
Caused by: java.net.ConnectException: Connection refused
	... 11 more
2019-10-23 12:13:41,750 [grpc-default-executor-5] INFO  impl.RaftServerImpl (RaftServerImpl.java:setRole(184)) - 02863277-f564-4bc6-8337-fb22627f6f1a@group-24C785E9A0FC: changes role from  FOLLOWER to FOLLOWER at term 179 for recognizeCandidate:ad4d83c7-0f96-47bc-a4e8-7e5d9f844896
2019-10-23 12:13:41,750 [grpc-default-executor-5] INFO  impl.RoleInfo (RoleInfo.java:shutdownFollowerState(121)) - 02863277-f564-4bc6-8337-fb22627f6f1a: shutdown FollowerState
2019-10-23 12:13:41,750 [grpc-default-executor-5] INFO  impl.RoleInfo (RoleInfo.java:updateAndGet(143)) - 02863277-f564-4bc6-8337-fb22627f6f1a: start FollowerState
2019-10-23 12:13:41,750 [Thread-1677] INFO  impl.FollowerState (FollowerState.java:run(117)) - 02863277-f564-4bc6-8337-fb22627f6f1a@group-24C785E9A0FC-FollowerState was interrupted: java.lang.InterruptedException: sleep interrupted
2019-10-23 12:13:41,764 [ad4d83c7-0f96-47bc-a4e8-7e5d9f844896@group-24C785E9A0FC-LeaderElection179] INFO  impl.LeaderElection (LeaderElection.java:logAndReturn(56)) - ad4d83c7-0f96-47bc-a4e8-7e5d9f844896@group-24C785E9A0FC-LeaderElection179: Election REJECTED; received 1 response(s) [ad4d83c7-0f96-47bc-a4e8-7e5d9f844896<-02863277-f564-4bc6-8337-fb22627f6f1a#0:FAIL-t179] and 1 exception(s); ad4d83c7-0f96-47bc-a4e8-7e5d9f844896@group-24C785E9A0FC:t179, leader=null, voted=ad4d83c7-0f96-47bc-a4e8-7e5d9f844896, raftlog=ad4d83c7-0f96-47bc-a4e8-7e5d9f844896@group-24C785E9A0FC-SegmentedRaftLog:OPENED:c-1,f-1,i0, conf=-1: [3b749b59-de2a-419b-9a26-261692f5c83c:192.168.69.118:39205, ad4d83c7-0f96-47bc-a4e8-7e5d9f844896:192.168.69.118:41688, 02863277-f564-4bc6-8337-fb22627f6f1a:192.168.69.118:36850], old=null
2019-10-23 12:13:41,764 [ad4d83c7-0f96-47bc-a4e8-7e5d9f844896@group-24C785E9A0FC-LeaderElection179] INFO  impl.LeaderElection (LogUtils.java:infoOrTrace(149)) -   Exception 0: {}
java.util.concurrent.ExecutionException: org.apache.ratis.thirdparty.io.grpc.StatusRuntimeException: UNAVAILABLE: io exception
	at java.util.concurrent.FutureTask.report(FutureTask.java:122)
	at java.util.concurrent.FutureTask.get(FutureTask.java:192)
	at org.apache.ratis.server.impl.LeaderElection.waitForResults(LeaderElection.java:259)
	at org.apache.ratis.server.impl.LeaderElection.askForVotes(LeaderElection.java:197)
	at org.apache.ratis.server.impl.LeaderElection.run(LeaderElection.java:133)
	at java.lang.Thread.run(Thread.java:748)
Caused by: org.apache.ratis.thirdparty.io.grpc.StatusRuntimeException: UNAVAILABLE: io exception
	at org.apache.ratis.thirdparty.io.grpc.stub.ClientCalls.toStatusRuntimeException(ClientCalls.java:233)
	at org.apache.ratis.thirdparty.io.grpc.stub.ClientCalls.getUnchecked(ClientCalls.java:214)
	at org.apache.ratis.thirdparty.io.grpc.stub.ClientCalls.blockingUnaryCall(ClientCalls.java:139)
	at org.apache.ratis.proto.grpc.RaftServerProtocolServiceGrpc$RaftServerProtocolServiceBlockingStub.requestVote(RaftServerProtocolServiceGrpc.java:265)
	at org.apache.ratis.grpc.server.GrpcServerProtocolClient.requestVote(GrpcServerProtocolClient.java:99)
	at org.apache.ratis.grpc.server.GrpcService.requestVote(GrpcService.java:204)
	at org.apache.ratis.server.impl.LeaderElection.lambda$submitRequests$1(LeaderElection.java:234)
	at java.util.concurrent.FutureTask.run(FutureTask.java:266)
	at java.util.concurrent.Executors$RunnableAdapter.call(Executors.java:511)
	at java.util.concurrent.FutureTask.run(FutureTask.java:266)
	at java.util.concurrent.ThreadPoolExecutor.runWorker(ThreadPoolExecutor.java:1149)
	at java.util.concurrent.ThreadPoolExecutor$Worker.run(ThreadPoolExecutor.java:624)
	... 1 more
Caused by: org.apache.ratis.thirdparty.io.netty.channel.AbstractChannel$AnnotatedConnectException: Connection refused: /192.168.69.118:39205
	at sun.nio.ch.SocketChannelImpl.checkConnect(Native Method)
	at sun.nio.ch.SocketChannelImpl.finishConnect(SocketChannelImpl.java:717)
	at org.apache.ratis.thirdparty.io.netty.channel.socket.nio.NioSocketChannel.doFinishConnect(NioSocketChannel.java:327)
	at org.apache.ratis.thirdparty.io.netty.channel.nio.AbstractNioChannel$AbstractNioUnsafe.finishConnect(AbstractNioChannel.java:340)
	at org.apache.ratis.thirdparty.io.netty.channel.nio.NioEventLoop.processSelectedKey(NioEventLoop.java:632)
	at org.apache.ratis.thirdparty.io.netty.channel.nio.NioEventLoop.processSelectedKeysOptimized(NioEventLoop.java:579)
	at org.apache.ratis.thirdparty.io.netty.channel.nio.NioEventLoop.processSelectedKeys(NioEventLoop.java:496)
	at org.apache.ratis.thirdparty.io.netty.channel.nio.NioEventLoop.run(NioEventLoop.java:458)
	at org.apache.ratis.thirdparty.io.netty.util.concurrent.SingleThreadEventExecutor$5.run(SingleThreadEventExecutor.java:897)
	at org.apache.ratis.thirdparty.io.netty.util.concurrent.FastThreadLocalRunnable.run(FastThreadLocalRunnable.java:30)
	... 1 more
Caused by: java.net.ConnectException: Connection refused
	... 11 more
2019-10-23 12:13:41,764 [ad4d83c7-0f96-47bc-a4e8-7e5d9f844896@group-24C785E9A0FC-LeaderElection179] INFO  impl.RaftServerImpl (RaftServerImpl.java:setRole(184)) - ad4d83c7-0f96-47bc-a4e8-7e5d9f844896@group-24C785E9A0FC: changes role from CANDIDATE to FOLLOWER at term 179 for DISCOVERED_A_NEW_TERM
2019-10-23 12:13:41,764 [ad4d83c7-0f96-47bc-a4e8-7e5d9f844896@group-24C785E9A0FC-LeaderElection179] INFO  impl.RoleInfo (RoleInfo.java:shutdownLeaderElection(134)) - ad4d83c7-0f96-47bc-a4e8-7e5d9f844896: shutdown LeaderElection
2019-10-23 12:13:41,765 [ad4d83c7-0f96-47bc-a4e8-7e5d9f844896@group-24C785E9A0FC-LeaderElection179] INFO  impl.RoleInfo (RoleInfo.java:updateAndGet(143)) - ad4d83c7-0f96-47bc-a4e8-7e5d9f844896: start FollowerState
2019-10-23 12:13:41,767 [Thread-1626] INFO  impl.FollowerState (FollowerState.java:run(108)) - 4949cace-0585-430c-97a7-3db1e354cdac@group-55CA4A6792A0-FollowerState: change to CANDIDATE, lastRpcTime:1160ms, electionTimeout:1160ms
2019-10-23 12:13:41,767 [Thread-1626] INFO  impl.RoleInfo (RoleInfo.java:shutdownFollowerState(121)) - 4949cace-0585-430c-97a7-3db1e354cdac: shutdown FollowerState
2019-10-23 12:13:41,767 [Thread-1626] INFO  impl.RaftServerImpl (RaftServerImpl.java:setRole(184)) - 4949cace-0585-430c-97a7-3db1e354cdac@group-55CA4A6792A0: changes role from  FOLLOWER to CANDIDATE at term 6 for changeToCandidate
2019-10-23 12:13:41,767 [Thread-1626] INFO  impl.RoleInfo (RoleInfo.java:updateAndGet(143)) - 4949cace-0585-430c-97a7-3db1e354cdac: start LeaderElection
2019-10-23 12:13:41,777 [Thread-1683] INFO  impl.FollowerState (FollowerState.java:run(108)) - ad4d83c7-0f96-47bc-a4e8-7e5d9f844896@group-24C785E9A0FC-FollowerState: change to CANDIDATE, lastRpcTime:12ms, electionTimeout:12ms
2019-10-23 12:13:41,777 [Thread-1683] INFO  impl.RoleInfo (RoleInfo.java:shutdownFollowerState(121)) - ad4d83c7-0f96-47bc-a4e8-7e5d9f844896: shutdown FollowerState
2019-10-23 12:13:41,777 [Thread-1683] INFO  impl.RaftServerImpl (RaftServerImpl.java:setRole(184)) - ad4d83c7-0f96-47bc-a4e8-7e5d9f844896@group-24C785E9A0FC: changes role from  FOLLOWER to CANDIDATE at term 179 for changeToCandidate
2019-10-23 12:13:41,777 [Thread-1683] INFO  impl.RoleInfo (RoleInfo.java:updateAndGet(143)) - ad4d83c7-0f96-47bc-a4e8-7e5d9f844896: start LeaderElection
2019-10-23 12:13:41,781 [4949cace-0585-430c-97a7-3db1e354cdac@group-55CA4A6792A0-LeaderElection180] INFO  impl.LeaderElection (LeaderElection.java:askForVotes(178)) - 4949cace-0585-430c-97a7-3db1e354cdac@group-55CA4A6792A0-LeaderElection180: begin an election at term 7 for 0: [736d60a2-feff-478b-9de2-63399c9845c9:192.168.69.118:36235, d21719ef-fad3-4f0e-b494-842eeedea460:192.168.69.118:45836, 4949cace-0585-430c-97a7-3db1e354cdac:192.168.69.118:33911], old=null
2019-10-23 12:13:41,781 [ad4d83c7-0f96-47bc-a4e8-7e5d9f844896@group-24C785E9A0FC-LeaderElection181] INFO  impl.LeaderElection (LeaderElection.java:askForVotes(178)) - ad4d83c7-0f96-47bc-a4e8-7e5d9f844896@group-24C785E9A0FC-LeaderElection181: begin an election at term 180 for -1: [3b749b59-de2a-419b-9a26-261692f5c83c:192.168.69.118:39205, ad4d83c7-0f96-47bc-a4e8-7e5d9f844896:192.168.69.118:41688, 02863277-f564-4bc6-8337-fb22627f6f1a:192.168.69.118:36850], old=null
2019-10-23 12:13:41,781 [ad4d83c7-0f96-47bc-a4e8-7e5d9f844896@group-24C785E9A0FC-LeaderElection181] INFO  impl.LeaderElection (LogUtils.java:infoOrTrace(149)) - ad4d83c7-0f96-47bc-a4e8-7e5d9f844896@group-24C785E9A0FC-LeaderElection181 got exception when requesting votes: {}
java.util.concurrent.ExecutionException: org.apache.ratis.thirdparty.io.grpc.StatusRuntimeException: UNAVAILABLE: io exception
	at java.util.concurrent.FutureTask.report(FutureTask.java:122)
	at java.util.concurrent.FutureTask.get(FutureTask.java:192)
	at org.apache.ratis.server.impl.LeaderElection.waitForResults(LeaderElection.java:259)
	at org.apache.ratis.server.impl.LeaderElection.askForVotes(LeaderElection.java:197)
	at org.apache.ratis.server.impl.LeaderElection.run(LeaderElection.java:133)
	at java.lang.Thread.run(Thread.java:748)
Caused by: org.apache.ratis.thirdparty.io.grpc.StatusRuntimeException: UNAVAILABLE: io exception
	at org.apache.ratis.thirdparty.io.grpc.stub.ClientCalls.toStatusRuntimeException(ClientCalls.java:233)
	at org.apache.ratis.thirdparty.io.grpc.stub.ClientCalls.getUnchecked(ClientCalls.java:214)
	at org.apache.ratis.thirdparty.io.grpc.stub.ClientCalls.blockingUnaryCall(ClientCalls.java:139)
	at org.apache.ratis.proto.grpc.RaftServerProtocolServiceGrpc$RaftServerProtocolServiceBlockingStub.requestVote(RaftServerProtocolServiceGrpc.java:265)
	at org.apache.ratis.grpc.server.GrpcServerProtocolClient.requestVote(GrpcServerProtocolClient.java:99)
	at org.apache.ratis.grpc.server.GrpcService.requestVote(GrpcService.java:204)
	at org.apache.ratis.server.impl.LeaderElection.lambda$submitRequests$1(LeaderElection.java:234)
	at java.util.concurrent.FutureTask.run(FutureTask.java:266)
	at java.util.concurrent.Executors$RunnableAdapter.call(Executors.java:511)
	at java.util.concurrent.FutureTask.run(FutureTask.java:266)
	at java.util.concurrent.ThreadPoolExecutor.runWorker(ThreadPoolExecutor.java:1149)
	at java.util.concurrent.ThreadPoolExecutor$Worker.run(ThreadPoolExecutor.java:624)
	... 1 more
Caused by: org.apache.ratis.thirdparty.io.netty.channel.AbstractChannel$AnnotatedConnectException: Connection refused: /192.168.69.118:39205
	at sun.nio.ch.SocketChannelImpl.checkConnect(Native Method)
	at sun.nio.ch.SocketChannelImpl.finishConnect(SocketChannelImpl.java:717)
	at org.apache.ratis.thirdparty.io.netty.channel.socket.nio.NioSocketChannel.doFinishConnect(NioSocketChannel.java:327)
	at org.apache.ratis.thirdparty.io.netty.channel.nio.AbstractNioChannel$AbstractNioUnsafe.finishConnect(AbstractNioChannel.java:340)
	at org.apache.ratis.thirdparty.io.netty.channel.nio.NioEventLoop.processSelectedKey(NioEventLoop.java:632)
	at org.apache.ratis.thirdparty.io.netty.channel.nio.NioEventLoop.processSelectedKeysOptimized(NioEventLoop.java:579)
	at org.apache.ratis.thirdparty.io.netty.channel.nio.NioEventLoop.processSelectedKeys(NioEventLoop.java:496)
	at org.apache.ratis.thirdparty.io.netty.channel.nio.NioEventLoop.run(NioEventLoop.java:458)
	at org.apache.ratis.thirdparty.io.netty.util.concurrent.SingleThreadEventExecutor$5.run(SingleThreadEventExecutor.java:897)
	at org.apache.ratis.thirdparty.io.netty.util.concurrent.FastThreadLocalRunnable.run(FastThreadLocalRunnable.java:30)
	... 1 more
Caused by: java.net.ConnectException: Connection refused
	... 11 more
2019-10-23 12:13:41,781 [4949cace-0585-430c-97a7-3db1e354cdac@group-55CA4A6792A0-LeaderElection180] INFO  impl.LeaderElection (LogUtils.java:infoOrTrace(149)) - 4949cace-0585-430c-97a7-3db1e354cdac@group-55CA4A6792A0-LeaderElection180 got exception when requesting votes: {}
java.util.concurrent.ExecutionException: org.apache.ratis.thirdparty.io.grpc.StatusRuntimeException: UNAVAILABLE: io exception
	at java.util.concurrent.FutureTask.report(FutureTask.java:122)
	at java.util.concurrent.FutureTask.get(FutureTask.java:192)
	at org.apache.ratis.server.impl.LeaderElection.waitForResults(LeaderElection.java:259)
	at org.apache.ratis.server.impl.LeaderElection.askForVotes(LeaderElection.java:197)
	at org.apache.ratis.server.impl.LeaderElection.run(LeaderElection.java:133)
	at java.lang.Thread.run(Thread.java:748)
Caused by: org.apache.ratis.thirdparty.io.grpc.StatusRuntimeException: UNAVAILABLE: io exception
	at org.apache.ratis.thirdparty.io.grpc.stub.ClientCalls.toStatusRuntimeException(ClientCalls.java:233)
	at org.apache.ratis.thirdparty.io.grpc.stub.ClientCalls.getUnchecked(ClientCalls.java:214)
	at org.apache.ratis.thirdparty.io.grpc.stub.ClientCalls.blockingUnaryCall(ClientCalls.java:139)
	at org.apache.ratis.proto.grpc.RaftServerProtocolServiceGrpc$RaftServerProtocolServiceBlockingStub.requestVote(RaftServerProtocolServiceGrpc.java:265)
	at org.apache.ratis.grpc.server.GrpcServerProtocolClient.requestVote(GrpcServerProtocolClient.java:99)
	at org.apache.ratis.grpc.server.GrpcService.requestVote(GrpcService.java:204)
	at org.apache.ratis.server.impl.LeaderElection.lambda$submitRequests$1(LeaderElection.java:234)
	at java.util.concurrent.FutureTask.run(FutureTask.java:266)
	at java.util.concurrent.Executors$RunnableAdapter.call(Executors.java:511)
	at java.util.concurrent.FutureTask.run(FutureTask.java:266)
	at java.util.concurrent.ThreadPoolExecutor.runWorker(ThreadPoolExecutor.java:1149)
	at java.util.concurrent.ThreadPoolExecutor$Worker.run(ThreadPoolExecutor.java:624)
	... 1 more
Caused by: org.apache.ratis.thirdparty.io.netty.channel.AbstractChannel$AnnotatedConnectException: Connection refused: /192.168.69.118:36235
	at sun.nio.ch.SocketChannelImpl.checkConnect(Native Method)
	at sun.nio.ch.SocketChannelImpl.finishConnect(SocketChannelImpl.java:717)
	at org.apache.ratis.thirdparty.io.netty.channel.socket.nio.NioSocketChannel.doFinishConnect(NioSocketChannel.java:327)
	at org.apache.ratis.thirdparty.io.netty.channel.nio.AbstractNioChannel$AbstractNioUnsafe.finishConnect(AbstractNioChannel.java:340)
	at org.apache.ratis.thirdparty.io.netty.channel.nio.NioEventLoop.processSelectedKey(NioEventLoop.java:632)
	at org.apache.ratis.thirdparty.io.netty.channel.nio.NioEventLoop.processSelectedKeysOptimized(NioEventLoop.java:579)
	at org.apache.ratis.thirdparty.io.netty.channel.nio.NioEventLoop.processSelectedKeys(NioEventLoop.java:496)
	at org.apache.ratis.thirdparty.io.netty.channel.nio.NioEventLoop.run(NioEventLoop.java:458)
	at org.apache.ratis.thirdparty.io.netty.util.concurrent.SingleThreadEventExecutor$5.run(SingleThreadEventExecutor.java:897)
	at org.apache.ratis.thirdparty.io.netty.util.concurrent.FastThreadLocalRunnable.run(FastThreadLocalRunnable.java:30)
	... 1 more
Caused by: java.net.ConnectException: Connection refused
	... 11 more
2019-10-23 12:13:41,782 [4949cace-0585-430c-97a7-3db1e354cdac@group-55CA4A6792A0-LeaderElection180] INFO  impl.LeaderElection (LogUtils.java:infoOrTrace(149)) - 4949cace-0585-430c-97a7-3db1e354cdac@group-55CA4A6792A0-LeaderElection180 got exception when requesting votes: {}
java.util.concurrent.ExecutionException: org.apache.ratis.thirdparty.io.grpc.StatusRuntimeException: UNAVAILABLE: io exception
	at java.util.concurrent.FutureTask.report(FutureTask.java:122)
	at java.util.concurrent.FutureTask.get(FutureTask.java:192)
	at org.apache.ratis.server.impl.LeaderElection.waitForResults(LeaderElection.java:259)
	at org.apache.ratis.server.impl.LeaderElection.askForVotes(LeaderElection.java:197)
	at org.apache.ratis.server.impl.LeaderElection.run(LeaderElection.java:133)
	at java.lang.Thread.run(Thread.java:748)
Caused by: org.apache.ratis.thirdparty.io.grpc.StatusRuntimeException: UNAVAILABLE: io exception
	at org.apache.ratis.thirdparty.io.grpc.stub.ClientCalls.toStatusRuntimeException(ClientCalls.java:233)
	at org.apache.ratis.thirdparty.io.grpc.stub.ClientCalls.getUnchecked(ClientCalls.java:214)
	at org.apache.ratis.thirdparty.io.grpc.stub.ClientCalls.blockingUnaryCall(ClientCalls.java:139)
	at org.apache.ratis.proto.grpc.RaftServerProtocolServiceGrpc$RaftServerProtocolServiceBlockingStub.requestVote(RaftServerProtocolServiceGrpc.java:265)
	at org.apache.ratis.grpc.server.GrpcServerProtocolClient.requestVote(GrpcServerProtocolClient.java:99)
	at org.apache.ratis.grpc.server.GrpcService.requestVote(GrpcService.java:204)
	at org.apache.ratis.server.impl.LeaderElection.lambda$submitRequests$1(LeaderElection.java:234)
	at java.util.concurrent.FutureTask.run(FutureTask.java:266)
	at java.util.concurrent.Executors$RunnableAdapter.call(Executors.java:511)
	at java.util.concurrent.FutureTask.run(FutureTask.java:266)
	at java.util.concurrent.ThreadPoolExecutor.runWorker(ThreadPoolExecutor.java:1149)
	at java.util.concurrent.ThreadPoolExecutor$Worker.run(ThreadPoolExecutor.java:624)
	... 1 more
Caused by: org.apache.ratis.thirdparty.io.netty.channel.AbstractChannel$AnnotatedConnectException: Connection refused: /192.168.69.118:45836
	at sun.nio.ch.SocketChannelImpl.checkConnect(Native Method)
	at sun.nio.ch.SocketChannelImpl.finishConnect(SocketChannelImpl.java:717)
	at org.apache.ratis.thirdparty.io.netty.channel.socket.nio.NioSocketChannel.doFinishConnect(NioSocketChannel.java:327)
	at org.apache.ratis.thirdparty.io.netty.channel.nio.AbstractNioChannel$AbstractNioUnsafe.finishConnect(AbstractNioChannel.java:340)
	at org.apache.ratis.thirdparty.io.netty.channel.nio.NioEventLoop.processSelectedKey(NioEventLoop.java:632)
	at org.apache.ratis.thirdparty.io.netty.channel.nio.NioEventLoop.processSelectedKeysOptimized(NioEventLoop.java:579)
	at org.apache.ratis.thirdparty.io.netty.channel.nio.NioEventLoop.processSelectedKeys(NioEventLoop.java:496)
	at org.apache.ratis.thirdparty.io.netty.channel.nio.NioEventLoop.run(NioEventLoop.java:458)
	at org.apache.ratis.thirdparty.io.netty.util.concurrent.SingleThreadEventExecutor$5.run(SingleThreadEventExecutor.java:897)
	at org.apache.ratis.thirdparty.io.netty.util.concurrent.FastThreadLocalRunnable.run(FastThreadLocalRunnable.java:30)
	... 1 more
Caused by: java.net.ConnectException: Connection refused
	... 11 more
2019-10-23 12:13:41,782 [grpc-default-executor-5] INFO  impl.RaftServerImpl (RaftServerImpl.java:setRole(184)) - 02863277-f564-4bc6-8337-fb22627f6f1a@group-24C785E9A0FC: changes role from  FOLLOWER to FOLLOWER at term 180 for recognizeCandidate:ad4d83c7-0f96-47bc-a4e8-7e5d9f844896
2019-10-23 12:13:41,782 [4949cace-0585-430c-97a7-3db1e354cdac@group-55CA4A6792A0-LeaderElection180] INFO  impl.LeaderElection (LeaderElection.java:logAndReturn(56)) - 4949cace-0585-430c-97a7-3db1e354cdac@group-55CA4A6792A0-LeaderElection180: Election REJECTED; received 0 response(s) [] and 2 exception(s); 4949cace-0585-430c-97a7-3db1e354cdac@group-55CA4A6792A0:t7, leader=null, voted=4949cace-0585-430c-97a7-3db1e354cdac, raftlog=4949cace-0585-430c-97a7-3db1e354cdac@group-55CA4A6792A0-SegmentedRaftLog:OPENED:c15,f15,i15, conf=0: [736d60a2-feff-478b-9de2-63399c9845c9:192.168.69.118:36235, d21719ef-fad3-4f0e-b494-842eeedea460:192.168.69.118:45836, 4949cace-0585-430c-97a7-3db1e354cdac:192.168.69.118:33911], old=null
2019-10-23 12:13:41,782 [grpc-default-executor-5] INFO  impl.RoleInfo (RoleInfo.java:shutdownFollowerState(121)) - 02863277-f564-4bc6-8337-fb22627f6f1a: shutdown FollowerState
2019-10-23 12:13:41,782 [4949cace-0585-430c-97a7-3db1e354cdac@group-55CA4A6792A0-LeaderElection180] INFO  impl.LeaderElection (LogUtils.java:infoOrTrace(149)) -   Exception 0: {}
java.util.concurrent.ExecutionException: org.apache.ratis.thirdparty.io.grpc.StatusRuntimeException: UNAVAILABLE: io exception
	at java.util.concurrent.FutureTask.report(FutureTask.java:122)
	at java.util.concurrent.FutureTask.get(FutureTask.java:192)
	at org.apache.ratis.server.impl.LeaderElection.waitForResults(LeaderElection.java:259)
	at org.apache.ratis.server.impl.LeaderElection.askForVotes(LeaderElection.java:197)
	at org.apache.ratis.server.impl.LeaderElection.run(LeaderElection.java:133)
	at java.lang.Thread.run(Thread.java:748)
Caused by: org.apache.ratis.thirdparty.io.grpc.StatusRuntimeException: UNAVAILABLE: io exception
	at org.apache.ratis.thirdparty.io.grpc.stub.ClientCalls.toStatusRuntimeException(ClientCalls.java:233)
	at org.apache.ratis.thirdparty.io.grpc.stub.ClientCalls.getUnchecked(ClientCalls.java:214)
	at org.apache.ratis.thirdparty.io.grpc.stub.ClientCalls.blockingUnaryCall(ClientCalls.java:139)
	at org.apache.ratis.proto.grpc.RaftServerProtocolServiceGrpc$RaftServerProtocolServiceBlockingStub.requestVote(RaftServerProtocolServiceGrpc.java:265)
	at org.apache.ratis.grpc.server.GrpcServerProtocolClient.requestVote(GrpcServerProtocolClient.java:99)
	at org.apache.ratis.grpc.server.GrpcService.requestVote(GrpcService.java:204)
	at org.apache.ratis.server.impl.LeaderElection.lambda$submitRequests$1(LeaderElection.java:234)
	at java.util.concurrent.FutureTask.run(FutureTask.java:266)
	at java.util.concurrent.Executors$RunnableAdapter.call(Executors.java:511)
	at java.util.concurrent.FutureTask.run(FutureTask.java:266)
	at java.util.concurrent.ThreadPoolExecutor.runWorker(ThreadPoolExecutor.java:1149)
	at java.util.concurrent.ThreadPoolExecutor$Worker.run(ThreadPoolExecutor.java:624)
	... 1 more
Caused by: org.apache.ratis.thirdparty.io.netty.channel.AbstractChannel$AnnotatedConnectException: Connection refused: /192.168.69.118:36235
	at sun.nio.ch.SocketChannelImpl.checkConnect(Native Method)
	at sun.nio.ch.SocketChannelImpl.finishConnect(SocketChannelImpl.java:717)
	at org.apache.ratis.thirdparty.io.netty.channel.socket.nio.NioSocketChannel.doFinishConnect(NioSocketChannel.java:327)
	at org.apache.ratis.thirdparty.io.netty.channel.nio.AbstractNioChannel$AbstractNioUnsafe.finishConnect(AbstractNioChannel.java:340)
	at org.apache.ratis.thirdparty.io.netty.channel.nio.NioEventLoop.processSelectedKey(NioEventLoop.java:632)
	at org.apache.ratis.thirdparty.io.netty.channel.nio.NioEventLoop.processSelectedKeysOptimized(NioEventLoop.java:579)
	at org.apache.ratis.thirdparty.io.netty.channel.nio.NioEventLoop.processSelectedKeys(NioEventLoop.java:496)
	at org.apache.ratis.thirdparty.io.netty.channel.nio.NioEventLoop.run(NioEventLoop.java:458)
	at org.apache.ratis.thirdparty.io.netty.util.concurrent.SingleThreadEventExecutor$5.run(SingleThreadEventExecutor.java:897)
	at org.apache.ratis.thirdparty.io.netty.util.concurrent.FastThreadLocalRunnable.run(FastThreadLocalRunnable.java:30)
	... 1 more
Caused by: java.net.ConnectException: Connection refused
	... 11 more
2019-10-23 12:13:41,783 [Thread-1682] INFO  impl.FollowerState (FollowerState.java:run(117)) - 02863277-f564-4bc6-8337-fb22627f6f1a@group-24C785E9A0FC-FollowerState was interrupted: java.lang.InterruptedException: sleep interrupted
2019-10-23 12:13:41,783 [grpc-default-executor-5] INFO  impl.RoleInfo (RoleInfo.java:updateAndGet(143)) - 02863277-f564-4bc6-8337-fb22627f6f1a: start FollowerState
2019-10-23 12:13:41,783 [4949cace-0585-430c-97a7-3db1e354cdac@group-55CA4A6792A0-LeaderElection180] INFO  impl.LeaderElection (LogUtils.java:infoOrTrace(149)) -   Exception 1: {}
java.util.concurrent.ExecutionException: org.apache.ratis.thirdparty.io.grpc.StatusRuntimeException: UNAVAILABLE: io exception
	at java.util.concurrent.FutureTask.report(FutureTask.java:122)
	at java.util.concurrent.FutureTask.get(FutureTask.java:192)
	at org.apache.ratis.server.impl.LeaderElection.waitForResults(LeaderElection.java:259)
	at org.apache.ratis.server.impl.LeaderElection.askForVotes(LeaderElection.java:197)
	at org.apache.ratis.server.impl.LeaderElection.run(LeaderElection.java:133)
	at java.lang.Thread.run(Thread.java:748)
Caused by: org.apache.ratis.thirdparty.io.grpc.StatusRuntimeException: UNAVAILABLE: io exception
	at org.apache.ratis.thirdparty.io.grpc.stub.ClientCalls.toStatusRuntimeException(ClientCalls.java:233)
	at org.apache.ratis.thirdparty.io.grpc.stub.ClientCalls.getUnchecked(ClientCalls.java:214)
	at org.apache.ratis.thirdparty.io.grpc.stub.ClientCalls.blockingUnaryCall(ClientCalls.java:139)
	at org.apache.ratis.proto.grpc.RaftServerProtocolServiceGrpc$RaftServerProtocolServiceBlockingStub.requestVote(RaftServerProtocolServiceGrpc.java:265)
	at org.apache.ratis.grpc.server.GrpcServerProtocolClient.requestVote(GrpcServerProtocolClient.java:99)
	at org.apache.ratis.grpc.server.GrpcService.requestVote(GrpcService.java:204)
	at org.apache.ratis.server.impl.LeaderElection.lambda$submitRequests$1(LeaderElection.java:234)
	at java.util.concurrent.FutureTask.run(FutureTask.java:266)
	at java.util.concurrent.Executors$RunnableAdapter.call(Executors.java:511)
	at java.util.concurrent.FutureTask.run(FutureTask.java:266)
	at java.util.concurrent.ThreadPoolExecutor.runWorker(ThreadPoolExecutor.java:1149)
	at java.util.concurrent.ThreadPoolExecutor$Worker.run(ThreadPoolExecutor.java:624)
	... 1 more
Caused by: org.apache.ratis.thirdparty.io.netty.channel.AbstractChannel$AnnotatedConnectException: Connection refused: /192.168.69.118:45836
	at sun.nio.ch.SocketChannelImpl.checkConnect(Native Method)
	at sun.nio.ch.SocketChannelImpl.finishConnect(SocketChannelImpl.java:717)
	at org.apache.ratis.thirdparty.io.netty.channel.socket.nio.NioSocketChannel.doFinishConnect(NioSocketChannel.java:327)
	at org.apache.ratis.thirdparty.io.netty.channel.nio.AbstractNioChannel$AbstractNioUnsafe.finishConnect(AbstractNioChannel.java:340)
	at org.apache.ratis.thirdparty.io.netty.channel.nio.NioEventLoop.processSelectedKey(NioEventLoop.java:632)
	at org.apache.ratis.thirdparty.io.netty.channel.nio.NioEventLoop.processSelectedKeysOptimized(NioEventLoop.java:579)
	at org.apache.ratis.thirdparty.io.netty.channel.nio.NioEventLoop.processSelectedKeys(NioEventLoop.java:496)
	at org.apache.ratis.thirdparty.io.netty.channel.nio.NioEventLoop.run(NioEventLoop.java:458)
	at org.apache.ratis.thirdparty.io.netty.util.concurrent.SingleThreadEventExecutor$5.run(SingleThreadEventExecutor.java:897)
	at org.apache.ratis.thirdparty.io.netty.util.concurrent.FastThreadLocalRunnable.run(FastThreadLocalRunnable.java:30)
	... 1 more
Caused by: java.net.ConnectException: Connection refused
	... 11 more
2019-10-23 12:13:41,783 [4949cace-0585-430c-97a7-3db1e354cdac@group-55CA4A6792A0-LeaderElection180] INFO  impl.RaftServerImpl (RaftServerImpl.java:setRole(184)) - 4949cace-0585-430c-97a7-3db1e354cdac@group-55CA4A6792A0: changes role from CANDIDATE to FOLLOWER at term 7 for DISCOVERED_A_NEW_TERM
2019-10-23 12:13:41,783 [4949cace-0585-430c-97a7-3db1e354cdac@group-55CA4A6792A0-LeaderElection180] INFO  impl.RoleInfo (RoleInfo.java:shutdownLeaderElection(134)) - 4949cace-0585-430c-97a7-3db1e354cdac: shutdown LeaderElection
2019-10-23 12:13:41,783 [4949cace-0585-430c-97a7-3db1e354cdac@group-55CA4A6792A0-LeaderElection180] INFO  impl.RoleInfo (RoleInfo.java:updateAndGet(143)) - 4949cace-0585-430c-97a7-3db1e354cdac: start FollowerState
2019-10-23 12:13:41,796 [ad4d83c7-0f96-47bc-a4e8-7e5d9f844896@group-24C785E9A0FC-LeaderElection181] INFO  impl.LeaderElection (LeaderElection.java:logAndReturn(56)) - ad4d83c7-0f96-47bc-a4e8-7e5d9f844896@group-24C785E9A0FC-LeaderElection181: Election REJECTED; received 1 response(s) [ad4d83c7-0f96-47bc-a4e8-7e5d9f844896<-02863277-f564-4bc6-8337-fb22627f6f1a#0:FAIL-t180] and 1 exception(s); ad4d83c7-0f96-47bc-a4e8-7e5d9f844896@group-24C785E9A0FC:t180, leader=null, voted=ad4d83c7-0f96-47bc-a4e8-7e5d9f844896, raftlog=ad4d83c7-0f96-47bc-a4e8-7e5d9f844896@group-24C785E9A0FC-SegmentedRaftLog:OPENED:c-1,f-1,i0, conf=-1: [3b749b59-de2a-419b-9a26-261692f5c83c:192.168.69.118:39205, ad4d83c7-0f96-47bc-a4e8-7e5d9f844896:192.168.69.118:41688, 02863277-f564-4bc6-8337-fb22627f6f1a:192.168.69.118:36850], old=null
2019-10-23 12:13:41,796 [ad4d83c7-0f96-47bc-a4e8-7e5d9f844896@group-24C785E9A0FC-LeaderElection181] INFO  impl.LeaderElection (LogUtils.java:infoOrTrace(149)) -   Exception 0: {}
java.util.concurrent.ExecutionException: org.apache.ratis.thirdparty.io.grpc.StatusRuntimeException: UNAVAILABLE: io exception
	at java.util.concurrent.FutureTask.report(FutureTask.java:122)
	at java.util.concurrent.FutureTask.get(FutureTask.java:192)
	at org.apache.ratis.server.impl.LeaderElection.waitForResults(LeaderElection.java:259)
	at org.apache.ratis.server.impl.LeaderElection.askForVotes(LeaderElection.java:197)
	at org.apache.ratis.server.impl.LeaderElection.run(LeaderElection.java:133)
	at java.lang.Thread.run(Thread.java:748)
Caused by: org.apache.ratis.thirdparty.io.grpc.StatusRuntimeException: UNAVAILABLE: io exception
	at org.apache.ratis.thirdparty.io.grpc.stub.ClientCalls.toStatusRuntimeException(ClientCalls.java:233)
	at org.apache.ratis.thirdparty.io.grpc.stub.ClientCalls.getUnchecked(ClientCalls.java:214)
	at org.apache.ratis.thirdparty.io.grpc.stub.ClientCalls.blockingUnaryCall(ClientCalls.java:139)
	at org.apache.ratis.proto.grpc.RaftServerProtocolServiceGrpc$RaftServerProtocolServiceBlockingStub.requestVote(RaftServerProtocolServiceGrpc.java:265)
	at org.apache.ratis.grpc.server.GrpcServerProtocolClient.requestVote(GrpcServerProtocolClient.java:99)
	at org.apache.ratis.grpc.server.GrpcService.requestVote(GrpcService.java:204)
	at org.apache.ratis.server.impl.LeaderElection.lambda$submitRequests$1(LeaderElection.java:234)
	at java.util.concurrent.FutureTask.run(FutureTask.java:266)
	at java.util.concurrent.Executors$RunnableAdapter.call(Executors.java:511)
	at java.util.concurrent.FutureTask.run(FutureTask.java:266)
	at java.util.concurrent.ThreadPoolExecutor.runWorker(ThreadPoolExecutor.java:1149)
	at java.util.concurrent.ThreadPoolExecutor$Worker.run(ThreadPoolExecutor.java:624)
	... 1 more
Caused by: org.apache.ratis.thirdparty.io.netty.channel.AbstractChannel$AnnotatedConnectException: Connection refused: /192.168.69.118:39205
	at sun.nio.ch.SocketChannelImpl.checkConnect(Native Method)
	at sun.nio.ch.SocketChannelImpl.finishConnect(SocketChannelImpl.java:717)
	at org.apache.ratis.thirdparty.io.netty.channel.socket.nio.NioSocketChannel.doFinishConnect(NioSocketChannel.java:327)
	at org.apache.ratis.thirdparty.io.netty.channel.nio.AbstractNioChannel$AbstractNioUnsafe.finishConnect(AbstractNioChannel.java:340)
	at org.apache.ratis.thirdparty.io.netty.channel.nio.NioEventLoop.processSelectedKey(NioEventLoop.java:632)
	at org.apache.ratis.thirdparty.io.netty.channel.nio.NioEventLoop.processSelectedKeysOptimized(NioEventLoop.java:579)
	at org.apache.ratis.thirdparty.io.netty.channel.nio.NioEventLoop.processSelectedKeys(NioEventLoop.java:496)
	at org.apache.ratis.thirdparty.io.netty.channel.nio.NioEventLoop.run(NioEventLoop.java:458)
	at org.apache.ratis.thirdparty.io.netty.util.concurrent.SingleThreadEventExecutor$5.run(SingleThreadEventExecutor.java:897)
	at org.apache.ratis.thirdparty.io.netty.util.concurrent.FastThreadLocalRunnable.run(FastThreadLocalRunnable.java:30)
	... 1 more
Caused by: java.net.ConnectException: Connection refused
	... 11 more
2019-10-23 12:13:41,796 [ad4d83c7-0f96-47bc-a4e8-7e5d9f844896@group-24C785E9A0FC-LeaderElection181] INFO  impl.RaftServerImpl (RaftServerImpl.java:setRole(184)) - ad4d83c7-0f96-47bc-a4e8-7e5d9f844896@group-24C785E9A0FC: changes role from CANDIDATE to FOLLOWER at term 180 for DISCOVERED_A_NEW_TERM
2019-10-23 12:13:41,797 [ad4d83c7-0f96-47bc-a4e8-7e5d9f844896@group-24C785E9A0FC-LeaderElection181] INFO  impl.RoleInfo (RoleInfo.java:shutdownLeaderElection(134)) - ad4d83c7-0f96-47bc-a4e8-7e5d9f844896: shutdown LeaderElection
2019-10-23 12:13:41,797 [ad4d83c7-0f96-47bc-a4e8-7e5d9f844896@group-24C785E9A0FC-LeaderElection181] INFO  impl.RoleInfo (RoleInfo.java:updateAndGet(143)) - ad4d83c7-0f96-47bc-a4e8-7e5d9f844896: start FollowerState
2019-10-23 12:13:41,817 [Thread-1692] INFO  impl.FollowerState (FollowerState.java:run(108)) - ad4d83c7-0f96-47bc-a4e8-7e5d9f844896@group-24C785E9A0FC-FollowerState: change to CANDIDATE, lastRpcTime:20ms, electionTimeout:20ms
2019-10-23 12:13:41,817 [Thread-1692] INFO  impl.RoleInfo (RoleInfo.java:shutdownFollowerState(121)) - ad4d83c7-0f96-47bc-a4e8-7e5d9f844896: shutdown FollowerState
2019-10-23 12:13:41,817 [Thread-1692] INFO  impl.RaftServerImpl (RaftServerImpl.java:setRole(184)) - ad4d83c7-0f96-47bc-a4e8-7e5d9f844896@group-24C785E9A0FC: changes role from  FOLLOWER to CANDIDATE at term 180 for changeToCandidate
2019-10-23 12:13:41,817 [Thread-1692] INFO  impl.RoleInfo (RoleInfo.java:updateAndGet(143)) - ad4d83c7-0f96-47bc-a4e8-7e5d9f844896: start LeaderElection
2019-10-23 12:13:41,830 [ad4d83c7-0f96-47bc-a4e8-7e5d9f844896@group-24C785E9A0FC-LeaderElection182] INFO  impl.LeaderElection (LeaderElection.java:askForVotes(178)) - ad4d83c7-0f96-47bc-a4e8-7e5d9f844896@group-24C785E9A0FC-LeaderElection182: begin an election at term 181 for -1: [3b749b59-de2a-419b-9a26-261692f5c83c:192.168.69.118:39205, ad4d83c7-0f96-47bc-a4e8-7e5d9f844896:192.168.69.118:41688, 02863277-f564-4bc6-8337-fb22627f6f1a:192.168.69.118:36850], old=null
2019-10-23 12:13:41,830 [ad4d83c7-0f96-47bc-a4e8-7e5d9f844896@group-24C785E9A0FC-LeaderElection182] INFO  impl.LeaderElection (LogUtils.java:infoOrTrace(149)) - ad4d83c7-0f96-47bc-a4e8-7e5d9f844896@group-24C785E9A0FC-LeaderElection182 got exception when requesting votes: {}
java.util.concurrent.ExecutionException: org.apache.ratis.thirdparty.io.grpc.StatusRuntimeException: UNAVAILABLE: io exception
	at java.util.concurrent.FutureTask.report(FutureTask.java:122)
	at java.util.concurrent.FutureTask.get(FutureTask.java:192)
	at org.apache.ratis.server.impl.LeaderElection.waitForResults(LeaderElection.java:259)
	at org.apache.ratis.server.impl.LeaderElection.askForVotes(LeaderElection.java:197)
	at org.apache.ratis.server.impl.LeaderElection.run(LeaderElection.java:133)
	at java.lang.Thread.run(Thread.java:748)
Caused by: org.apache.ratis.thirdparty.io.grpc.StatusRuntimeException: UNAVAILABLE: io exception
	at org.apache.ratis.thirdparty.io.grpc.stub.ClientCalls.toStatusRuntimeException(ClientCalls.java:233)
	at org.apache.ratis.thirdparty.io.grpc.stub.ClientCalls.getUnchecked(ClientCalls.java:214)
	at org.apache.ratis.thirdparty.io.grpc.stub.ClientCalls.blockingUnaryCall(ClientCalls.java:139)
	at org.apache.ratis.proto.grpc.RaftServerProtocolServiceGrpc$RaftServerProtocolServiceBlockingStub.requestVote(RaftServerProtocolServiceGrpc.java:265)
	at org.apache.ratis.grpc.server.GrpcServerProtocolClient.requestVote(GrpcServerProtocolClient.java:99)
	at org.apache.ratis.grpc.server.GrpcService.requestVote(GrpcService.java:204)
	at org.apache.ratis.server.impl.LeaderElection.lambda$submitRequests$1(LeaderElection.java:234)
	at java.util.concurrent.FutureTask.run(FutureTask.java:266)
	at java.util.concurrent.Executors$RunnableAdapter.call(Executors.java:511)
	at java.util.concurrent.FutureTask.run(FutureTask.java:266)
	at java.util.concurrent.ThreadPoolExecutor.runWorker(ThreadPoolExecutor.java:1149)
	at java.util.concurrent.ThreadPoolExecutor$Worker.run(ThreadPoolExecutor.java:624)
	... 1 more
Caused by: org.apache.ratis.thirdparty.io.netty.channel.AbstractChannel$AnnotatedConnectException: Connection refused: /192.168.69.118:39205
	at sun.nio.ch.SocketChannelImpl.checkConnect(Native Method)
	at sun.nio.ch.SocketChannelImpl.finishConnect(SocketChannelImpl.java:717)
	at org.apache.ratis.thirdparty.io.netty.channel.socket.nio.NioSocketChannel.doFinishConnect(NioSocketChannel.java:327)
	at org.apache.ratis.thirdparty.io.netty.channel.nio.AbstractNioChannel$AbstractNioUnsafe.finishConnect(AbstractNioChannel.java:340)
	at org.apache.ratis.thirdparty.io.netty.channel.nio.NioEventLoop.processSelectedKey(NioEventLoop.java:632)
	at org.apache.ratis.thirdparty.io.netty.channel.nio.NioEventLoop.processSelectedKeysOptimized(NioEventLoop.java:579)
	at org.apache.ratis.thirdparty.io.netty.channel.nio.NioEventLoop.processSelectedKeys(NioEventLoop.java:496)
	at org.apache.ratis.thirdparty.io.netty.channel.nio.NioEventLoop.run(NioEventLoop.java:458)
	at org.apache.ratis.thirdparty.io.netty.util.concurrent.SingleThreadEventExecutor$5.run(SingleThreadEventExecutor.java:897)
	at org.apache.ratis.thirdparty.io.netty.util.concurrent.FastThreadLocalRunnable.run(FastThreadLocalRunnable.java:30)
	... 1 more
Caused by: java.net.ConnectException: Connection refused
	... 11 more
2019-10-23 12:13:41,831 [grpc-default-executor-5] INFO  impl.RaftServerImpl (RaftServerImpl.java:setRole(184)) - 02863277-f564-4bc6-8337-fb22627f6f1a@group-24C785E9A0FC: changes role from  FOLLOWER to FOLLOWER at term 181 for recognizeCandidate:ad4d83c7-0f96-47bc-a4e8-7e5d9f844896
2019-10-23 12:13:41,831 [grpc-default-executor-5] INFO  impl.RoleInfo (RoleInfo.java:shutdownFollowerState(121)) - 02863277-f564-4bc6-8337-fb22627f6f1a: shutdown FollowerState
2019-10-23 12:13:41,831 [grpc-default-executor-5] INFO  impl.RoleInfo (RoleInfo.java:updateAndGet(143)) - 02863277-f564-4bc6-8337-fb22627f6f1a: start FollowerState
2019-10-23 12:13:41,832 [Thread-1690] INFO  impl.FollowerState (FollowerState.java:run(117)) - 02863277-f564-4bc6-8337-fb22627f6f1a@group-24C785E9A0FC-FollowerState was interrupted: java.lang.InterruptedException: sleep interrupted
2019-10-23 12:13:41,845 [ad4d83c7-0f96-47bc-a4e8-7e5d9f844896@group-24C785E9A0FC-LeaderElection182] INFO  impl.LeaderElection (LeaderElection.java:logAndReturn(56)) - ad4d83c7-0f96-47bc-a4e8-7e5d9f844896@group-24C785E9A0FC-LeaderElection182: Election REJECTED; received 1 response(s) [ad4d83c7-0f96-47bc-a4e8-7e5d9f844896<-02863277-f564-4bc6-8337-fb22627f6f1a#0:FAIL-t181] and 1 exception(s); ad4d83c7-0f96-47bc-a4e8-7e5d9f844896@group-24C785E9A0FC:t181, leader=null, voted=ad4d83c7-0f96-47bc-a4e8-7e5d9f844896, raftlog=ad4d83c7-0f96-47bc-a4e8-7e5d9f844896@group-24C785E9A0FC-SegmentedRaftLog:OPENED:c-1,f-1,i0, conf=-1: [3b749b59-de2a-419b-9a26-261692f5c83c:192.168.69.118:39205, ad4d83c7-0f96-47bc-a4e8-7e5d9f844896:192.168.69.118:41688, 02863277-f564-4bc6-8337-fb22627f6f1a:192.168.69.118:36850], old=null
2019-10-23 12:13:41,845 [ad4d83c7-0f96-47bc-a4e8-7e5d9f844896@group-24C785E9A0FC-LeaderElection182] INFO  impl.LeaderElection (LogUtils.java:infoOrTrace(149)) -   Exception 0: {}
java.util.concurrent.ExecutionException: org.apache.ratis.thirdparty.io.grpc.StatusRuntimeException: UNAVAILABLE: io exception
	at java.util.concurrent.FutureTask.report(FutureTask.java:122)
	at java.util.concurrent.FutureTask.get(FutureTask.java:192)
	at org.apache.ratis.server.impl.LeaderElection.waitForResults(LeaderElection.java:259)
	at org.apache.ratis.server.impl.LeaderElection.askForVotes(LeaderElection.java:197)
	at org.apache.ratis.server.impl.LeaderElection.run(LeaderElection.java:133)
	at java.lang.Thread.run(Thread.java:748)
Caused by: org.apache.ratis.thirdparty.io.grpc.StatusRuntimeException: UNAVAILABLE: io exception
	at org.apache.ratis.thirdparty.io.grpc.stub.ClientCalls.toStatusRuntimeException(ClientCalls.java:233)
	at org.apache.ratis.thirdparty.io.grpc.stub.ClientCalls.getUnchecked(ClientCalls.java:214)
	at org.apache.ratis.thirdparty.io.grpc.stub.ClientCalls.blockingUnaryCall(ClientCalls.java:139)
	at org.apache.ratis.proto.grpc.RaftServerProtocolServiceGrpc$RaftServerProtocolServiceBlockingStub.requestVote(RaftServerProtocolServiceGrpc.java:265)
	at org.apache.ratis.grpc.server.GrpcServerProtocolClient.requestVote(GrpcServerProtocolClient.java:99)
	at org.apache.ratis.grpc.server.GrpcService.requestVote(GrpcService.java:204)
	at org.apache.ratis.server.impl.LeaderElection.lambda$submitRequests$1(LeaderElection.java:234)
	at java.util.concurrent.FutureTask.run(FutureTask.java:266)
	at java.util.concurrent.Executors$RunnableAdapter.call(Executors.java:511)
	at java.util.concurrent.FutureTask.run(FutureTask.java:266)
	at java.util.concurrent.ThreadPoolExecutor.runWorker(ThreadPoolExecutor.java:1149)
	at java.util.concurrent.ThreadPoolExecutor$Worker.run(ThreadPoolExecutor.java:624)
	... 1 more
Caused by: org.apache.ratis.thirdparty.io.netty.channel.AbstractChannel$AnnotatedConnectException: Connection refused: /192.168.69.118:39205
	at sun.nio.ch.SocketChannelImpl.checkConnect(Native Method)
	at sun.nio.ch.SocketChannelImpl.finishConnect(SocketChannelImpl.java:717)
	at org.apache.ratis.thirdparty.io.netty.channel.socket.nio.NioSocketChannel.doFinishConnect(NioSocketChannel.java:327)
	at org.apache.ratis.thirdparty.io.netty.channel.nio.AbstractNioChannel$AbstractNioUnsafe.finishConnect(AbstractNioChannel.java:340)
	at org.apache.ratis.thirdparty.io.netty.channel.nio.NioEventLoop.processSelectedKey(NioEventLoop.java:632)
	at org.apache.ratis.thirdparty.io.netty.channel.nio.NioEventLoop.processSelectedKeysOptimized(NioEventLoop.java:579)
	at org.apache.ratis.thirdparty.io.netty.channel.nio.NioEventLoop.processSelectedKeys(NioEventLoop.java:496)
	at org.apache.ratis.thirdparty.io.netty.channel.nio.NioEventLoop.run(NioEventLoop.java:458)
	at org.apache.ratis.thirdparty.io.netty.util.concurrent.SingleThreadEventExecutor$5.run(SingleThreadEventExecutor.java:897)
	at org.apache.ratis.thirdparty.io.netty.util.concurrent.FastThreadLocalRunnable.run(FastThreadLocalRunnable.java:30)
	... 1 more
Caused by: java.net.ConnectException: Connection refused
	... 11 more
2019-10-23 12:13:41,845 [ad4d83c7-0f96-47bc-a4e8-7e5d9f844896@group-24C785E9A0FC-LeaderElection182] INFO  impl.RaftServerImpl (RaftServerImpl.java:setRole(184)) - ad4d83c7-0f96-47bc-a4e8-7e5d9f844896@group-24C785E9A0FC: changes role from CANDIDATE to FOLLOWER at term 181 for DISCOVERED_A_NEW_TERM
2019-10-23 12:13:41,845 [ad4d83c7-0f96-47bc-a4e8-7e5d9f844896@group-24C785E9A0FC-LeaderElection182] INFO  impl.RoleInfo (RoleInfo.java:shutdownLeaderElection(134)) - ad4d83c7-0f96-47bc-a4e8-7e5d9f844896: shutdown LeaderElection
2019-10-23 12:13:41,845 [ad4d83c7-0f96-47bc-a4e8-7e5d9f844896@group-24C785E9A0FC-LeaderElection182] INFO  impl.RoleInfo (RoleInfo.java:updateAndGet(143)) - ad4d83c7-0f96-47bc-a4e8-7e5d9f844896: start FollowerState
2019-10-23 12:13:41,877 [Thread-1697] INFO  impl.FollowerState (FollowerState.java:run(108)) - ad4d83c7-0f96-47bc-a4e8-7e5d9f844896@group-24C785E9A0FC-FollowerState: change to CANDIDATE, lastRpcTime:31ms, electionTimeout:31ms
2019-10-23 12:13:41,877 [Thread-1697] INFO  impl.RoleInfo (RoleInfo.java:shutdownFollowerState(121)) - ad4d83c7-0f96-47bc-a4e8-7e5d9f844896: shutdown FollowerState
2019-10-23 12:13:41,877 [Thread-1697] INFO  impl.RaftServerImpl (RaftServerImpl.java:setRole(184)) - ad4d83c7-0f96-47bc-a4e8-7e5d9f844896@group-24C785E9A0FC: changes role from  FOLLOWER to CANDIDATE at term 181 for changeToCandidate
2019-10-23 12:13:41,877 [Thread-1697] INFO  impl.RoleInfo (RoleInfo.java:updateAndGet(143)) - ad4d83c7-0f96-47bc-a4e8-7e5d9f844896: start LeaderElection
2019-10-23 12:13:41,888 [ad4d83c7-0f96-47bc-a4e8-7e5d9f844896@group-24C785E9A0FC-LeaderElection183] INFO  impl.LeaderElection (LeaderElection.java:askForVotes(178)) - ad4d83c7-0f96-47bc-a4e8-7e5d9f844896@group-24C785E9A0FC-LeaderElection183: begin an election at term 182 for -1: [3b749b59-de2a-419b-9a26-261692f5c83c:192.168.69.118:39205, ad4d83c7-0f96-47bc-a4e8-7e5d9f844896:192.168.69.118:41688, 02863277-f564-4bc6-8337-fb22627f6f1a:192.168.69.118:36850], old=null
2019-10-23 12:13:41,889 [ad4d83c7-0f96-47bc-a4e8-7e5d9f844896@group-24C785E9A0FC-LeaderElection183] INFO  impl.LeaderElection (LogUtils.java:infoOrTrace(149)) - ad4d83c7-0f96-47bc-a4e8-7e5d9f844896@group-24C785E9A0FC-LeaderElection183 got exception when requesting votes: {}
java.util.concurrent.ExecutionException: org.apache.ratis.thirdparty.io.grpc.StatusRuntimeException: UNAVAILABLE: io exception
	at java.util.concurrent.FutureTask.report(FutureTask.java:122)
	at java.util.concurrent.FutureTask.get(FutureTask.java:192)
	at org.apache.ratis.server.impl.LeaderElection.waitForResults(LeaderElection.java:259)
	at org.apache.ratis.server.impl.LeaderElection.askForVotes(LeaderElection.java:197)
	at org.apache.ratis.server.impl.LeaderElection.run(LeaderElection.java:133)
	at java.lang.Thread.run(Thread.java:748)
Caused by: org.apache.ratis.thirdparty.io.grpc.StatusRuntimeException: UNAVAILABLE: io exception
	at org.apache.ratis.thirdparty.io.grpc.stub.ClientCalls.toStatusRuntimeException(ClientCalls.java:233)
	at org.apache.ratis.thirdparty.io.grpc.stub.ClientCalls.getUnchecked(ClientCalls.java:214)
	at org.apache.ratis.thirdparty.io.grpc.stub.ClientCalls.blockingUnaryCall(ClientCalls.java:139)
	at org.apache.ratis.proto.grpc.RaftServerProtocolServiceGrpc$RaftServerProtocolServiceBlockingStub.requestVote(RaftServerProtocolServiceGrpc.java:265)
	at org.apache.ratis.grpc.server.GrpcServerProtocolClient.requestVote(GrpcServerProtocolClient.java:99)
	at org.apache.ratis.grpc.server.GrpcService.requestVote(GrpcService.java:204)
	at org.apache.ratis.server.impl.LeaderElection.lambda$submitRequests$1(LeaderElection.java:234)
	at java.util.concurrent.FutureTask.run(FutureTask.java:266)
	at java.util.concurrent.Executors$RunnableAdapter.call(Executors.java:511)
	at java.util.concurrent.FutureTask.run(FutureTask.java:266)
	at java.util.concurrent.ThreadPoolExecutor.runWorker(ThreadPoolExecutor.java:1149)
	at java.util.concurrent.ThreadPoolExecutor$Worker.run(ThreadPoolExecutor.java:624)
	... 1 more
Caused by: org.apache.ratis.thirdparty.io.netty.channel.AbstractChannel$AnnotatedConnectException: Connection refused: /192.168.69.118:39205
	at sun.nio.ch.SocketChannelImpl.checkConnect(Native Method)
	at sun.nio.ch.SocketChannelImpl.finishConnect(SocketChannelImpl.java:717)
	at org.apache.ratis.thirdparty.io.netty.channel.socket.nio.NioSocketChannel.doFinishConnect(NioSocketChannel.java:327)
	at org.apache.ratis.thirdparty.io.netty.channel.nio.AbstractNioChannel$AbstractNioUnsafe.finishConnect(AbstractNioChannel.java:340)
	at org.apache.ratis.thirdparty.io.netty.channel.nio.NioEventLoop.processSelectedKey(NioEventLoop.java:632)
	at org.apache.ratis.thirdparty.io.netty.channel.nio.NioEventLoop.processSelectedKeysOptimized(NioEventLoop.java:579)
	at org.apache.ratis.thirdparty.io.netty.channel.nio.NioEventLoop.processSelectedKeys(NioEventLoop.java:496)
	at org.apache.ratis.thirdparty.io.netty.channel.nio.NioEventLoop.run(NioEventLoop.java:458)
	at org.apache.ratis.thirdparty.io.netty.util.concurrent.SingleThreadEventExecutor$5.run(SingleThreadEventExecutor.java:897)
	at org.apache.ratis.thirdparty.io.netty.util.concurrent.FastThreadLocalRunnable.run(FastThreadLocalRunnable.java:30)
	... 1 more
Caused by: java.net.ConnectException: Connection refused
	... 11 more
2019-10-23 12:13:41,890 [grpc-default-executor-5] INFO  impl.RaftServerImpl (RaftServerImpl.java:setRole(184)) - 02863277-f564-4bc6-8337-fb22627f6f1a@group-24C785E9A0FC: changes role from  FOLLOWER to FOLLOWER at term 182 for recognizeCandidate:ad4d83c7-0f96-47bc-a4e8-7e5d9f844896
2019-10-23 12:13:41,890 [grpc-default-executor-5] INFO  impl.RoleInfo (RoleInfo.java:shutdownFollowerState(121)) - 02863277-f564-4bc6-8337-fb22627f6f1a: shutdown FollowerState
2019-10-23 12:13:41,890 [grpc-default-executor-5] INFO  impl.RoleInfo (RoleInfo.java:updateAndGet(143)) - 02863277-f564-4bc6-8337-fb22627f6f1a: start FollowerState
2019-10-23 12:13:41,890 [Thread-1696] INFO  impl.FollowerState (FollowerState.java:run(117)) - 02863277-f564-4bc6-8337-fb22627f6f1a@group-24C785E9A0FC-FollowerState was interrupted: java.lang.InterruptedException: sleep interrupted
2019-10-23 12:13:41,894 [ad4d83c7-0f96-47bc-a4e8-7e5d9f844896@group-24C785E9A0FC-LeaderElection183] INFO  impl.LeaderElection (LeaderElection.java:logAndReturn(56)) - ad4d83c7-0f96-47bc-a4e8-7e5d9f844896@group-24C785E9A0FC-LeaderElection183: Election REJECTED; received 1 response(s) [ad4d83c7-0f96-47bc-a4e8-7e5d9f844896<-02863277-f564-4bc6-8337-fb22627f6f1a#0:FAIL-t182] and 1 exception(s); ad4d83c7-0f96-47bc-a4e8-7e5d9f844896@group-24C785E9A0FC:t182, leader=null, voted=ad4d83c7-0f96-47bc-a4e8-7e5d9f844896, raftlog=ad4d83c7-0f96-47bc-a4e8-7e5d9f844896@group-24C785E9A0FC-SegmentedRaftLog:OPENED:c-1,f-1,i0, conf=-1: [3b749b59-de2a-419b-9a26-261692f5c83c:192.168.69.118:39205, ad4d83c7-0f96-47bc-a4e8-7e5d9f844896:192.168.69.118:41688, 02863277-f564-4bc6-8337-fb22627f6f1a:192.168.69.118:36850], old=null
2019-10-23 12:13:41,894 [ad4d83c7-0f96-47bc-a4e8-7e5d9f844896@group-24C785E9A0FC-LeaderElection183] INFO  impl.LeaderElection (LogUtils.java:infoOrTrace(149)) -   Exception 0: {}
java.util.concurrent.ExecutionException: org.apache.ratis.thirdparty.io.grpc.StatusRuntimeException: UNAVAILABLE: io exception
	at java.util.concurrent.FutureTask.report(FutureTask.java:122)
	at java.util.concurrent.FutureTask.get(FutureTask.java:192)
	at org.apache.ratis.server.impl.LeaderElection.waitForResults(LeaderElection.java:259)
	at org.apache.ratis.server.impl.LeaderElection.askForVotes(LeaderElection.java:197)
	at org.apache.ratis.server.impl.LeaderElection.run(LeaderElection.java:133)
	at java.lang.Thread.run(Thread.java:748)
Caused by: org.apache.ratis.thirdparty.io.grpc.StatusRuntimeException: UNAVAILABLE: io exception
	at org.apache.ratis.thirdparty.io.grpc.stub.ClientCalls.toStatusRuntimeException(ClientCalls.java:233)
	at org.apache.ratis.thirdparty.io.grpc.stub.ClientCalls.getUnchecked(ClientCalls.java:214)
	at org.apache.ratis.thirdparty.io.grpc.stub.ClientCalls.blockingUnaryCall(ClientCalls.java:139)
	at org.apache.ratis.proto.grpc.RaftServerProtocolServiceGrpc$RaftServerProtocolServiceBlockingStub.requestVote(RaftServerProtocolServiceGrpc.java:265)
	at org.apache.ratis.grpc.server.GrpcServerProtocolClient.requestVote(GrpcServerProtocolClient.java:99)
	at org.apache.ratis.grpc.server.GrpcService.requestVote(GrpcService.java:204)
	at org.apache.ratis.server.impl.LeaderElection.lambda$submitRequests$1(LeaderElection.java:234)
	at java.util.concurrent.FutureTask.run(FutureTask.java:266)
	at java.util.concurrent.Executors$RunnableAdapter.call(Executors.java:511)
	at java.util.concurrent.FutureTask.run(FutureTask.java:266)
	at java.util.concurrent.ThreadPoolExecutor.runWorker(ThreadPoolExecutor.java:1149)
	at java.util.concurrent.ThreadPoolExecutor$Worker.run(ThreadPoolExecutor.java:624)
	... 1 more
Caused by: org.apache.ratis.thirdparty.io.netty.channel.AbstractChannel$AnnotatedConnectException: Connection refused: /192.168.69.118:39205
	at sun.nio.ch.SocketChannelImpl.checkConnect(Native Method)
	at sun.nio.ch.SocketChannelImpl.finishConnect(SocketChannelImpl.java:717)
	at org.apache.ratis.thirdparty.io.netty.channel.socket.nio.NioSocketChannel.doFinishConnect(NioSocketChannel.java:327)
	at org.apache.ratis.thirdparty.io.netty.channel.nio.AbstractNioChannel$AbstractNioUnsafe.finishConnect(AbstractNioChannel.java:340)
	at org.apache.ratis.thirdparty.io.netty.channel.nio.NioEventLoop.processSelectedKey(NioEventLoop.java:632)
	at org.apache.ratis.thirdparty.io.netty.channel.nio.NioEventLoop.processSelectedKeysOptimized(NioEventLoop.java:579)
	at org.apache.ratis.thirdparty.io.netty.channel.nio.NioEventLoop.processSelectedKeys(NioEventLoop.java:496)
	at org.apache.ratis.thirdparty.io.netty.channel.nio.NioEventLoop.run(NioEventLoop.java:458)
	at org.apache.ratis.thirdparty.io.netty.util.concurrent.SingleThreadEventExecutor$5.run(SingleThreadEventExecutor.java:897)
	at org.apache.ratis.thirdparty.io.netty.util.concurrent.FastThreadLocalRunnable.run(FastThreadLocalRunnable.java:30)
	... 1 more
Caused by: java.net.ConnectException: Connection refused
	... 11 more
2019-10-23 12:13:41,895 [ad4d83c7-0f96-47bc-a4e8-7e5d9f844896@group-24C785E9A0FC-LeaderElection183] INFO  impl.RaftServerImpl (RaftServerImpl.java:setRole(184)) - ad4d83c7-0f96-47bc-a4e8-7e5d9f844896@group-24C785E9A0FC: changes role from CANDIDATE to FOLLOWER at term 182 for DISCOVERED_A_NEW_TERM
2019-10-23 12:13:41,895 [ad4d83c7-0f96-47bc-a4e8-7e5d9f844896@group-24C785E9A0FC-LeaderElection183] INFO  impl.RoleInfo (RoleInfo.java:shutdownLeaderElection(134)) - ad4d83c7-0f96-47bc-a4e8-7e5d9f844896: shutdown LeaderElection
2019-10-23 12:13:41,895 [ad4d83c7-0f96-47bc-a4e8-7e5d9f844896@group-24C785E9A0FC-LeaderElection183] INFO  impl.RoleInfo (RoleInfo.java:updateAndGet(143)) - ad4d83c7-0f96-47bc-a4e8-7e5d9f844896: start FollowerState
2019-10-23 12:13:41,938 [Thread-1702] INFO  impl.FollowerState (FollowerState.java:run(108)) - ad4d83c7-0f96-47bc-a4e8-7e5d9f844896@group-24C785E9A0FC-FollowerState: change to CANDIDATE, lastRpcTime:43ms, electionTimeout:43ms
2019-10-23 12:13:41,938 [Thread-1702] INFO  impl.RoleInfo (RoleInfo.java:shutdownFollowerState(121)) - ad4d83c7-0f96-47bc-a4e8-7e5d9f844896: shutdown FollowerState
2019-10-23 12:13:41,938 [Thread-1702] INFO  impl.RaftServerImpl (RaftServerImpl.java:setRole(184)) - ad4d83c7-0f96-47bc-a4e8-7e5d9f844896@group-24C785E9A0FC: changes role from  FOLLOWER to CANDIDATE at term 182 for changeToCandidate
2019-10-23 12:13:41,938 [Thread-1702] INFO  impl.RoleInfo (RoleInfo.java:updateAndGet(143)) - ad4d83c7-0f96-47bc-a4e8-7e5d9f844896: start LeaderElection
2019-10-23 12:13:41,951 [ad4d83c7-0f96-47bc-a4e8-7e5d9f844896@group-24C785E9A0FC-LeaderElection184] INFO  impl.LeaderElection (LeaderElection.java:askForVotes(178)) - ad4d83c7-0f96-47bc-a4e8-7e5d9f844896@group-24C785E9A0FC-LeaderElection184: begin an election at term 183 for -1: [3b749b59-de2a-419b-9a26-261692f5c83c:192.168.69.118:39205, ad4d83c7-0f96-47bc-a4e8-7e5d9f844896:192.168.69.118:41688, 02863277-f564-4bc6-8337-fb22627f6f1a:192.168.69.118:36850], old=null
2019-10-23 12:13:41,951 [ad4d83c7-0f96-47bc-a4e8-7e5d9f844896@group-24C785E9A0FC-LeaderElection184] INFO  impl.LeaderElection (LogUtils.java:infoOrTrace(149)) - ad4d83c7-0f96-47bc-a4e8-7e5d9f844896@group-24C785E9A0FC-LeaderElection184 got exception when requesting votes: {}
java.util.concurrent.ExecutionException: org.apache.ratis.thirdparty.io.grpc.StatusRuntimeException: UNAVAILABLE: io exception
	at java.util.concurrent.FutureTask.report(FutureTask.java:122)
	at java.util.concurrent.FutureTask.get(FutureTask.java:192)
	at org.apache.ratis.server.impl.LeaderElection.waitForResults(LeaderElection.java:259)
	at org.apache.ratis.server.impl.LeaderElection.askForVotes(LeaderElection.java:197)
	at org.apache.ratis.server.impl.LeaderElection.run(LeaderElection.java:133)
	at java.lang.Thread.run(Thread.java:748)
Caused by: org.apache.ratis.thirdparty.io.grpc.StatusRuntimeException: UNAVAILABLE: io exception
	at org.apache.ratis.thirdparty.io.grpc.stub.ClientCalls.toStatusRuntimeException(ClientCalls.java:233)
	at org.apache.ratis.thirdparty.io.grpc.stub.ClientCalls.getUnchecked(ClientCalls.java:214)
	at org.apache.ratis.thirdparty.io.grpc.stub.ClientCalls.blockingUnaryCall(ClientCalls.java:139)
	at org.apache.ratis.proto.grpc.RaftServerProtocolServiceGrpc$RaftServerProtocolServiceBlockingStub.requestVote(RaftServerProtocolServiceGrpc.java:265)
	at org.apache.ratis.grpc.server.GrpcServerProtocolClient.requestVote(GrpcServerProtocolClient.java:99)
	at org.apache.ratis.grpc.server.GrpcService.requestVote(GrpcService.java:204)
	at org.apache.ratis.server.impl.LeaderElection.lambda$submitRequests$1(LeaderElection.java:234)
	at java.util.concurrent.FutureTask.run(FutureTask.java:266)
	at java.util.concurrent.Executors$RunnableAdapter.call(Executors.java:511)
	at java.util.concurrent.FutureTask.run(FutureTask.java:266)
	at java.util.concurrent.ThreadPoolExecutor.runWorker(ThreadPoolExecutor.java:1149)
	at java.util.concurrent.ThreadPoolExecutor$Worker.run(ThreadPoolExecutor.java:624)
	... 1 more
Caused by: org.apache.ratis.thirdparty.io.netty.channel.AbstractChannel$AnnotatedConnectException: Connection refused: /192.168.69.118:39205
	at sun.nio.ch.SocketChannelImpl.checkConnect(Native Method)
	at sun.nio.ch.SocketChannelImpl.finishConnect(SocketChannelImpl.java:717)
	at org.apache.ratis.thirdparty.io.netty.channel.socket.nio.NioSocketChannel.doFinishConnect(NioSocketChannel.java:327)
	at org.apache.ratis.thirdparty.io.netty.channel.nio.AbstractNioChannel$AbstractNioUnsafe.finishConnect(AbstractNioChannel.java:340)
	at org.apache.ratis.thirdparty.io.netty.channel.nio.NioEventLoop.processSelectedKey(NioEventLoop.java:632)
	at org.apache.ratis.thirdparty.io.netty.channel.nio.NioEventLoop.processSelectedKeysOptimized(NioEventLoop.java:579)
	at org.apache.ratis.thirdparty.io.netty.channel.nio.NioEventLoop.processSelectedKeys(NioEventLoop.java:496)
	at org.apache.ratis.thirdparty.io.netty.channel.nio.NioEventLoop.run(NioEventLoop.java:458)
	at org.apache.ratis.thirdparty.io.netty.util.concurrent.SingleThreadEventExecutor$5.run(SingleThreadEventExecutor.java:897)
	at org.apache.ratis.thirdparty.io.netty.util.concurrent.FastThreadLocalRunnable.run(FastThreadLocalRunnable.java:30)
	... 1 more
Caused by: java.net.ConnectException: Connection refused
	... 11 more
2019-10-23 12:13:41,952 [grpc-default-executor-5] INFO  impl.RaftServerImpl (RaftServerImpl.java:setRole(184)) - 02863277-f564-4bc6-8337-fb22627f6f1a@group-24C785E9A0FC: changes role from  FOLLOWER to FOLLOWER at term 183 for recognizeCandidate:ad4d83c7-0f96-47bc-a4e8-7e5d9f844896
2019-10-23 12:13:41,952 [grpc-default-executor-5] INFO  impl.RoleInfo (RoleInfo.java:shutdownFollowerState(121)) - 02863277-f564-4bc6-8337-fb22627f6f1a: shutdown FollowerState
2019-10-23 12:13:41,952 [grpc-default-executor-5] INFO  impl.RoleInfo (RoleInfo.java:updateAndGet(143)) - 02863277-f564-4bc6-8337-fb22627f6f1a: start FollowerState
2019-10-23 12:13:41,953 [Thread-1701] INFO  impl.FollowerState (FollowerState.java:run(117)) - 02863277-f564-4bc6-8337-fb22627f6f1a@group-24C785E9A0FC-FollowerState was interrupted: java.lang.InterruptedException: sleep interrupted
2019-10-23 12:13:41,968 [ad4d83c7-0f96-47bc-a4e8-7e5d9f844896@group-24C785E9A0FC-LeaderElection184] INFO  impl.LeaderElection (LeaderElection.java:logAndReturn(56)) - ad4d83c7-0f96-47bc-a4e8-7e5d9f844896@group-24C785E9A0FC-LeaderElection184: Election REJECTED; received 1 response(s) [ad4d83c7-0f96-47bc-a4e8-7e5d9f844896<-02863277-f564-4bc6-8337-fb22627f6f1a#0:FAIL-t183] and 1 exception(s); ad4d83c7-0f96-47bc-a4e8-7e5d9f844896@group-24C785E9A0FC:t183, leader=null, voted=ad4d83c7-0f96-47bc-a4e8-7e5d9f844896, raftlog=ad4d83c7-0f96-47bc-a4e8-7e5d9f844896@group-24C785E9A0FC-SegmentedRaftLog:OPENED:c-1,f-1,i0, conf=-1: [3b749b59-de2a-419b-9a26-261692f5c83c:192.168.69.118:39205, ad4d83c7-0f96-47bc-a4e8-7e5d9f844896:192.168.69.118:41688, 02863277-f564-4bc6-8337-fb22627f6f1a:192.168.69.118:36850], old=null
2019-10-23 12:13:41,968 [ad4d83c7-0f96-47bc-a4e8-7e5d9f844896@group-24C785E9A0FC-LeaderElection184] INFO  impl.LeaderElection (LogUtils.java:infoOrTrace(149)) -   Exception 0: {}
java.util.concurrent.ExecutionException: org.apache.ratis.thirdparty.io.grpc.StatusRuntimeException: UNAVAILABLE: io exception
	at java.util.concurrent.FutureTask.report(FutureTask.java:122)
	at java.util.concurrent.FutureTask.get(FutureTask.java:192)
	at org.apache.ratis.server.impl.LeaderElection.waitForResults(LeaderElection.java:259)
	at org.apache.ratis.server.impl.LeaderElection.askForVotes(LeaderElection.java:197)
	at org.apache.ratis.server.impl.LeaderElection.run(LeaderElection.java:133)
	at java.lang.Thread.run(Thread.java:748)
Caused by: org.apache.ratis.thirdparty.io.grpc.StatusRuntimeException: UNAVAILABLE: io exception
	at org.apache.ratis.thirdparty.io.grpc.stub.ClientCalls.toStatusRuntimeException(ClientCalls.java:233)
	at org.apache.ratis.thirdparty.io.grpc.stub.ClientCalls.getUnchecked(ClientCalls.java:214)
	at org.apache.ratis.thirdparty.io.grpc.stub.ClientCalls.blockingUnaryCall(ClientCalls.java:139)
	at org.apache.ratis.proto.grpc.RaftServerProtocolServiceGrpc$RaftServerProtocolServiceBlockingStub.requestVote(RaftServerProtocolServiceGrpc.java:265)
	at org.apache.ratis.grpc.server.GrpcServerProtocolClient.requestVote(GrpcServerProtocolClient.java:99)
	at org.apache.ratis.grpc.server.GrpcService.requestVote(GrpcService.java:204)
	at org.apache.ratis.server.impl.LeaderElection.lambda$submitRequests$1(LeaderElection.java:234)
	at java.util.concurrent.FutureTask.run(FutureTask.java:266)
	at java.util.concurrent.Executors$RunnableAdapter.call(Executors.java:511)
	at java.util.concurrent.FutureTask.run(FutureTask.java:266)
	at java.util.concurrent.ThreadPoolExecutor.runWorker(ThreadPoolExecutor.java:1149)
	at java.util.concurrent.ThreadPoolExecutor$Worker.run(ThreadPoolExecutor.java:624)
	... 1 more
Caused by: org.apache.ratis.thirdparty.io.netty.channel.AbstractChannel$AnnotatedConnectException: Connection refused: /192.168.69.118:39205
	at sun.nio.ch.SocketChannelImpl.checkConnect(Native Method)
	at sun.nio.ch.SocketChannelImpl.finishConnect(SocketChannelImpl.java:717)
	at org.apache.ratis.thirdparty.io.netty.channel.socket.nio.NioSocketChannel.doFinishConnect(NioSocketChannel.java:327)
	at org.apache.ratis.thirdparty.io.netty.channel.nio.AbstractNioChannel$AbstractNioUnsafe.finishConnect(AbstractNioChannel.java:340)
	at org.apache.ratis.thirdparty.io.netty.channel.nio.NioEventLoop.processSelectedKey(NioEventLoop.java:632)
	at org.apache.ratis.thirdparty.io.netty.channel.nio.NioEventLoop.processSelectedKeysOptimized(NioEventLoop.java:579)
	at org.apache.ratis.thirdparty.io.netty.channel.nio.NioEventLoop.processSelectedKeys(NioEventLoop.java:496)
	at org.apache.ratis.thirdparty.io.netty.channel.nio.NioEventLoop.run(NioEventLoop.java:458)
	at org.apache.ratis.thirdparty.io.netty.util.concurrent.SingleThreadEventExecutor$5.run(SingleThreadEventExecutor.java:897)
	at org.apache.ratis.thirdparty.io.netty.util.concurrent.FastThreadLocalRunnable.run(FastThreadLocalRunnable.java:30)
	... 1 more
Caused by: java.net.ConnectException: Connection refused
	... 11 more
2019-10-23 12:13:41,968 [ad4d83c7-0f96-47bc-a4e8-7e5d9f844896@group-24C785E9A0FC-LeaderElection184] INFO  impl.RaftServerImpl (RaftServerImpl.java:setRole(184)) - ad4d83c7-0f96-47bc-a4e8-7e5d9f844896@group-24C785E9A0FC: changes role from CANDIDATE to FOLLOWER at term 183 for DISCOVERED_A_NEW_TERM
2019-10-23 12:13:41,969 [ad4d83c7-0f96-47bc-a4e8-7e5d9f844896@group-24C785E9A0FC-LeaderElection184] INFO  impl.RoleInfo (RoleInfo.java:shutdownLeaderElection(134)) - ad4d83c7-0f96-47bc-a4e8-7e5d9f844896: shutdown LeaderElection
2019-10-23 12:13:41,969 [ad4d83c7-0f96-47bc-a4e8-7e5d9f844896@group-24C785E9A0FC-LeaderElection184] INFO  impl.RoleInfo (RoleInfo.java:updateAndGet(143)) - ad4d83c7-0f96-47bc-a4e8-7e5d9f844896: start FollowerState
2019-10-23 12:13:42,027 [Thread-1707] INFO  impl.FollowerState (FollowerState.java:run(108)) - ad4d83c7-0f96-47bc-a4e8-7e5d9f844896@group-24C785E9A0FC-FollowerState: change to CANDIDATE, lastRpcTime:58ms, electionTimeout:58ms
2019-10-23 12:13:42,027 [Thread-1707] INFO  impl.RoleInfo (RoleInfo.java:shutdownFollowerState(121)) - ad4d83c7-0f96-47bc-a4e8-7e5d9f844896: shutdown FollowerState
2019-10-23 12:13:42,027 [Thread-1707] INFO  impl.RaftServerImpl (RaftServerImpl.java:setRole(184)) - ad4d83c7-0f96-47bc-a4e8-7e5d9f844896@group-24C785E9A0FC: changes role from  FOLLOWER to CANDIDATE at term 183 for changeToCandidate
2019-10-23 12:13:42,027 [Thread-1707] INFO  impl.RoleInfo (RoleInfo.java:updateAndGet(143)) - ad4d83c7-0f96-47bc-a4e8-7e5d9f844896: start LeaderElection
2019-10-23 12:13:42,041 [ad4d83c7-0f96-47bc-a4e8-7e5d9f844896@group-24C785E9A0FC-LeaderElection185] INFO  impl.LeaderElection (LeaderElection.java:askForVotes(178)) - ad4d83c7-0f96-47bc-a4e8-7e5d9f844896@group-24C785E9A0FC-LeaderElection185: begin an election at term 184 for -1: [3b749b59-de2a-419b-9a26-261692f5c83c:192.168.69.118:39205, ad4d83c7-0f96-47bc-a4e8-7e5d9f844896:192.168.69.118:41688, 02863277-f564-4bc6-8337-fb22627f6f1a:192.168.69.118:36850], old=null
2019-10-23 12:13:42,042 [ad4d83c7-0f96-47bc-a4e8-7e5d9f844896@group-24C785E9A0FC-LeaderElection185] INFO  impl.LeaderElection (LogUtils.java:infoOrTrace(149)) - ad4d83c7-0f96-47bc-a4e8-7e5d9f844896@group-24C785E9A0FC-LeaderElection185 got exception when requesting votes: {}
java.util.concurrent.ExecutionException: org.apache.ratis.thirdparty.io.grpc.StatusRuntimeException: UNAVAILABLE: io exception
	at java.util.concurrent.FutureTask.report(FutureTask.java:122)
	at java.util.concurrent.FutureTask.get(FutureTask.java:192)
	at org.apache.ratis.server.impl.LeaderElection.waitForResults(LeaderElection.java:259)
	at org.apache.ratis.server.impl.LeaderElection.askForVotes(LeaderElection.java:197)
	at org.apache.ratis.server.impl.LeaderElection.run(LeaderElection.java:133)
	at java.lang.Thread.run(Thread.java:748)
Caused by: org.apache.ratis.thirdparty.io.grpc.StatusRuntimeException: UNAVAILABLE: io exception
	at org.apache.ratis.thirdparty.io.grpc.stub.ClientCalls.toStatusRuntimeException(ClientCalls.java:233)
	at org.apache.ratis.thirdparty.io.grpc.stub.ClientCalls.getUnchecked(ClientCalls.java:214)
	at org.apache.ratis.thirdparty.io.grpc.stub.ClientCalls.blockingUnaryCall(ClientCalls.java:139)
	at org.apache.ratis.proto.grpc.RaftServerProtocolServiceGrpc$RaftServerProtocolServiceBlockingStub.requestVote(RaftServerProtocolServiceGrpc.java:265)
	at org.apache.ratis.grpc.server.GrpcServerProtocolClient.requestVote(GrpcServerProtocolClient.java:99)
	at org.apache.ratis.grpc.server.GrpcService.requestVote(GrpcService.java:204)
	at org.apache.ratis.server.impl.LeaderElection.lambda$submitRequests$1(LeaderElection.java:234)
	at java.util.concurrent.FutureTask.run(FutureTask.java:266)
	at java.util.concurrent.Executors$RunnableAdapter.call(Executors.java:511)
	at java.util.concurrent.FutureTask.run(FutureTask.java:266)
	at java.util.concurrent.ThreadPoolExecutor.runWorker(ThreadPoolExecutor.java:1149)
	at java.util.concurrent.ThreadPoolExecutor$Worker.run(ThreadPoolExecutor.java:624)
	... 1 more
Caused by: org.apache.ratis.thirdparty.io.netty.channel.AbstractChannel$AnnotatedConnectException: Connection refused: /192.168.69.118:39205
	at sun.nio.ch.SocketChannelImpl.checkConnect(Native Method)
	at sun.nio.ch.SocketChannelImpl.finishConnect(SocketChannelImpl.java:717)
	at org.apache.ratis.thirdparty.io.netty.channel.socket.nio.NioSocketChannel.doFinishConnect(NioSocketChannel.java:327)
	at org.apache.ratis.thirdparty.io.netty.channel.nio.AbstractNioChannel$AbstractNioUnsafe.finishConnect(AbstractNioChannel.java:340)
	at org.apache.ratis.thirdparty.io.netty.channel.nio.NioEventLoop.processSelectedKey(NioEventLoop.java:632)
	at org.apache.ratis.thirdparty.io.netty.channel.nio.NioEventLoop.processSelectedKeysOptimized(NioEventLoop.java:579)
	at org.apache.ratis.thirdparty.io.netty.channel.nio.NioEventLoop.processSelectedKeys(NioEventLoop.java:496)
	at org.apache.ratis.thirdparty.io.netty.channel.nio.NioEventLoop.run(NioEventLoop.java:458)
	at org.apache.ratis.thirdparty.io.netty.util.concurrent.SingleThreadEventExecutor$5.run(SingleThreadEventExecutor.java:897)
	at org.apache.ratis.thirdparty.io.netty.util.concurrent.FastThreadLocalRunnable.run(FastThreadLocalRunnable.java:30)
	... 1 more
Caused by: java.net.ConnectException: Connection refused
	... 11 more
2019-10-23 12:13:42,043 [grpc-default-executor-5] INFO  impl.RaftServerImpl (RaftServerImpl.java:setRole(184)) - 02863277-f564-4bc6-8337-fb22627f6f1a@group-24C785E9A0FC: changes role from  FOLLOWER to FOLLOWER at term 184 for recognizeCandidate:ad4d83c7-0f96-47bc-a4e8-7e5d9f844896
2019-10-23 12:13:42,043 [grpc-default-executor-5] INFO  impl.RoleInfo (RoleInfo.java:shutdownFollowerState(121)) - 02863277-f564-4bc6-8337-fb22627f6f1a: shutdown FollowerState
2019-10-23 12:13:42,043 [grpc-default-executor-5] INFO  impl.RoleInfo (RoleInfo.java:updateAndGet(143)) - 02863277-f564-4bc6-8337-fb22627f6f1a: start FollowerState
2019-10-23 12:13:42,043 [Thread-1706] INFO  impl.FollowerState (FollowerState.java:run(117)) - 02863277-f564-4bc6-8337-fb22627f6f1a@group-24C785E9A0FC-FollowerState was interrupted: java.lang.InterruptedException: sleep interrupted
2019-10-23 12:13:42,057 [ad4d83c7-0f96-47bc-a4e8-7e5d9f844896@group-24C785E9A0FC-LeaderElection185] INFO  impl.LeaderElection (LeaderElection.java:logAndReturn(56)) - ad4d83c7-0f96-47bc-a4e8-7e5d9f844896@group-24C785E9A0FC-LeaderElection185: Election REJECTED; received 1 response(s) [ad4d83c7-0f96-47bc-a4e8-7e5d9f844896<-02863277-f564-4bc6-8337-fb22627f6f1a#0:FAIL-t184] and 1 exception(s); ad4d83c7-0f96-47bc-a4e8-7e5d9f844896@group-24C785E9A0FC:t184, leader=null, voted=ad4d83c7-0f96-47bc-a4e8-7e5d9f844896, raftlog=ad4d83c7-0f96-47bc-a4e8-7e5d9f844896@group-24C785E9A0FC-SegmentedRaftLog:OPENED:c-1,f-1,i0, conf=-1: [3b749b59-de2a-419b-9a26-261692f5c83c:192.168.69.118:39205, ad4d83c7-0f96-47bc-a4e8-7e5d9f844896:192.168.69.118:41688, 02863277-f564-4bc6-8337-fb22627f6f1a:192.168.69.118:36850], old=null
2019-10-23 12:13:42,057 [ad4d83c7-0f96-47bc-a4e8-7e5d9f844896@group-24C785E9A0FC-LeaderElection185] INFO  impl.LeaderElection (LogUtils.java:infoOrTrace(149)) -   Exception 0: {}
java.util.concurrent.ExecutionException: org.apache.ratis.thirdparty.io.grpc.StatusRuntimeException: UNAVAILABLE: io exception
	at java.util.concurrent.FutureTask.report(FutureTask.java:122)
	at java.util.concurrent.FutureTask.get(FutureTask.java:192)
	at org.apache.ratis.server.impl.LeaderElection.waitForResults(LeaderElection.java:259)
	at org.apache.ratis.server.impl.LeaderElection.askForVotes(LeaderElection.java:197)
	at org.apache.ratis.server.impl.LeaderElection.run(LeaderElection.java:133)
	at java.lang.Thread.run(Thread.java:748)
Caused by: org.apache.ratis.thirdparty.io.grpc.StatusRuntimeException: UNAVAILABLE: io exception
	at org.apache.ratis.thirdparty.io.grpc.stub.ClientCalls.toStatusRuntimeException(ClientCalls.java:233)
	at org.apache.ratis.thirdparty.io.grpc.stub.ClientCalls.getUnchecked(ClientCalls.java:214)
	at org.apache.ratis.thirdparty.io.grpc.stub.ClientCalls.blockingUnaryCall(ClientCalls.java:139)
	at org.apache.ratis.proto.grpc.RaftServerProtocolServiceGrpc$RaftServerProtocolServiceBlockingStub.requestVote(RaftServerProtocolServiceGrpc.java:265)
	at org.apache.ratis.grpc.server.GrpcServerProtocolClient.requestVote(GrpcServerProtocolClient.java:99)
	at org.apache.ratis.grpc.server.GrpcService.requestVote(GrpcService.java:204)
	at org.apache.ratis.server.impl.LeaderElection.lambda$submitRequests$1(LeaderElection.java:234)
	at java.util.concurrent.FutureTask.run(FutureTask.java:266)
	at java.util.concurrent.Executors$RunnableAdapter.call(Executors.java:511)
	at java.util.concurrent.FutureTask.run(FutureTask.java:266)
	at java.util.concurrent.ThreadPoolExecutor.runWorker(ThreadPoolExecutor.java:1149)
	at java.util.concurrent.ThreadPoolExecutor$Worker.run(ThreadPoolExecutor.java:624)
	... 1 more
Caused by: org.apache.ratis.thirdparty.io.netty.channel.AbstractChannel$AnnotatedConnectException: Connection refused: /192.168.69.118:39205
	at sun.nio.ch.SocketChannelImpl.checkConnect(Native Method)
	at sun.nio.ch.SocketChannelImpl.finishConnect(SocketChannelImpl.java:717)
	at org.apache.ratis.thirdparty.io.netty.channel.socket.nio.NioSocketChannel.doFinishConnect(NioSocketChannel.java:327)
	at org.apache.ratis.thirdparty.io.netty.channel.nio.AbstractNioChannel$AbstractNioUnsafe.finishConnect(AbstractNioChannel.java:340)
	at org.apache.ratis.thirdparty.io.netty.channel.nio.NioEventLoop.processSelectedKey(NioEventLoop.java:632)
	at org.apache.ratis.thirdparty.io.netty.channel.nio.NioEventLoop.processSelectedKeysOptimized(NioEventLoop.java:579)
	at org.apache.ratis.thirdparty.io.netty.channel.nio.NioEventLoop.processSelectedKeys(NioEventLoop.java:496)
	at org.apache.ratis.thirdparty.io.netty.channel.nio.NioEventLoop.run(NioEventLoop.java:458)
	at org.apache.ratis.thirdparty.io.netty.util.concurrent.SingleThreadEventExecutor$5.run(SingleThreadEventExecutor.java:897)
	at org.apache.ratis.thirdparty.io.netty.util.concurrent.FastThreadLocalRunnable.run(FastThreadLocalRunnable.java:30)
	... 1 more
Caused by: java.net.ConnectException: Connection refused
	... 11 more
2019-10-23 12:13:42,058 [ad4d83c7-0f96-47bc-a4e8-7e5d9f844896@group-24C785E9A0FC-LeaderElection185] INFO  impl.RaftServerImpl (RaftServerImpl.java:setRole(184)) - ad4d83c7-0f96-47bc-a4e8-7e5d9f844896@group-24C785E9A0FC: changes role from CANDIDATE to FOLLOWER at term 184 for DISCOVERED_A_NEW_TERM
2019-10-23 12:13:42,058 [ad4d83c7-0f96-47bc-a4e8-7e5d9f844896@group-24C785E9A0FC-LeaderElection185] INFO  impl.RoleInfo (RoleInfo.java:shutdownLeaderElection(134)) - ad4d83c7-0f96-47bc-a4e8-7e5d9f844896: shutdown LeaderElection
2019-10-23 12:13:42,058 [ad4d83c7-0f96-47bc-a4e8-7e5d9f844896@group-24C785E9A0FC-LeaderElection185] INFO  impl.RoleInfo (RoleInfo.java:updateAndGet(143)) - ad4d83c7-0f96-47bc-a4e8-7e5d9f844896: start FollowerState
2019-10-23 12:13:42,175 [Thread-1712] INFO  impl.FollowerState (FollowerState.java:run(108)) - ad4d83c7-0f96-47bc-a4e8-7e5d9f844896@group-24C785E9A0FC-FollowerState: change to CANDIDATE, lastRpcTime:117ms, electionTimeout:117ms
2019-10-23 12:13:42,175 [Thread-1712] INFO  impl.RoleInfo (RoleInfo.java:shutdownFollowerState(121)) - ad4d83c7-0f96-47bc-a4e8-7e5d9f844896: shutdown FollowerState
2019-10-23 12:13:42,175 [Thread-1712] INFO  impl.RaftServerImpl (RaftServerImpl.java:setRole(184)) - ad4d83c7-0f96-47bc-a4e8-7e5d9f844896@group-24C785E9A0FC: changes role from  FOLLOWER to CANDIDATE at term 184 for changeToCandidate
2019-10-23 12:13:42,176 [Thread-1712] INFO  impl.RoleInfo (RoleInfo.java:updateAndGet(143)) - ad4d83c7-0f96-47bc-a4e8-7e5d9f844896: start LeaderElection
2019-10-23 12:13:42,189 [ad4d83c7-0f96-47bc-a4e8-7e5d9f844896@group-24C785E9A0FC-LeaderElection186] INFO  impl.LeaderElection (LeaderElection.java:askForVotes(178)) - ad4d83c7-0f96-47bc-a4e8-7e5d9f844896@group-24C785E9A0FC-LeaderElection186: begin an election at term 185 for -1: [3b749b59-de2a-419b-9a26-261692f5c83c:192.168.69.118:39205, ad4d83c7-0f96-47bc-a4e8-7e5d9f844896:192.168.69.118:41688, 02863277-f564-4bc6-8337-fb22627f6f1a:192.168.69.118:36850], old=null
2019-10-23 12:13:42,190 [ad4d83c7-0f96-47bc-a4e8-7e5d9f844896@group-24C785E9A0FC-LeaderElection186] INFO  impl.LeaderElection (LogUtils.java:infoOrTrace(149)) - ad4d83c7-0f96-47bc-a4e8-7e5d9f844896@group-24C785E9A0FC-LeaderElection186 got exception when requesting votes: {}
java.util.concurrent.ExecutionException: org.apache.ratis.thirdparty.io.grpc.StatusRuntimeException: UNAVAILABLE: io exception
	at java.util.concurrent.FutureTask.report(FutureTask.java:122)
	at java.util.concurrent.FutureTask.get(FutureTask.java:192)
	at org.apache.ratis.server.impl.LeaderElection.waitForResults(LeaderElection.java:259)
	at org.apache.ratis.server.impl.LeaderElection.askForVotes(LeaderElection.java:197)
	at org.apache.ratis.server.impl.LeaderElection.run(LeaderElection.java:133)
	at java.lang.Thread.run(Thread.java:748)
Caused by: org.apache.ratis.thirdparty.io.grpc.StatusRuntimeException: UNAVAILABLE: io exception
	at org.apache.ratis.thirdparty.io.grpc.stub.ClientCalls.toStatusRuntimeException(ClientCalls.java:233)
	at org.apache.ratis.thirdparty.io.grpc.stub.ClientCalls.getUnchecked(ClientCalls.java:214)
	at org.apache.ratis.thirdparty.io.grpc.stub.ClientCalls.blockingUnaryCall(ClientCalls.java:139)
	at org.apache.ratis.proto.grpc.RaftServerProtocolServiceGrpc$RaftServerProtocolServiceBlockingStub.requestVote(RaftServerProtocolServiceGrpc.java:265)
	at org.apache.ratis.grpc.server.GrpcServerProtocolClient.requestVote(GrpcServerProtocolClient.java:99)
	at org.apache.ratis.grpc.server.GrpcService.requestVote(GrpcService.java:204)
	at org.apache.ratis.server.impl.LeaderElection.lambda$submitRequests$1(LeaderElection.java:234)
	at java.util.concurrent.FutureTask.run(FutureTask.java:266)
	at java.util.concurrent.Executors$RunnableAdapter.call(Executors.java:511)
	at java.util.concurrent.FutureTask.run(FutureTask.java:266)
	at java.util.concurrent.ThreadPoolExecutor.runWorker(ThreadPoolExecutor.java:1149)
	at java.util.concurrent.ThreadPoolExecutor$Worker.run(ThreadPoolExecutor.java:624)
	... 1 more
Caused by: org.apache.ratis.thirdparty.io.netty.channel.AbstractChannel$AnnotatedConnectException: Connection refused: /192.168.69.118:39205
	at sun.nio.ch.SocketChannelImpl.checkConnect(Native Method)
	at sun.nio.ch.SocketChannelImpl.finishConnect(SocketChannelImpl.java:717)
	at org.apache.ratis.thirdparty.io.netty.channel.socket.nio.NioSocketChannel.doFinishConnect(NioSocketChannel.java:327)
	at org.apache.ratis.thirdparty.io.netty.channel.nio.AbstractNioChannel$AbstractNioUnsafe.finishConnect(AbstractNioChannel.java:340)
	at org.apache.ratis.thirdparty.io.netty.channel.nio.NioEventLoop.processSelectedKey(NioEventLoop.java:632)
	at org.apache.ratis.thirdparty.io.netty.channel.nio.NioEventLoop.processSelectedKeysOptimized(NioEventLoop.java:579)
	at org.apache.ratis.thirdparty.io.netty.channel.nio.NioEventLoop.processSelectedKeys(NioEventLoop.java:496)
	at org.apache.ratis.thirdparty.io.netty.channel.nio.NioEventLoop.run(NioEventLoop.java:458)
	at org.apache.ratis.thirdparty.io.netty.util.concurrent.SingleThreadEventExecutor$5.run(SingleThreadEventExecutor.java:897)
	at org.apache.ratis.thirdparty.io.netty.util.concurrent.FastThreadLocalRunnable.run(FastThreadLocalRunnable.java:30)
	... 1 more
Caused by: java.net.ConnectException: Connection refused
	... 11 more
2019-10-23 12:13:42,192 [grpc-default-executor-5] INFO  impl.RaftServerImpl (RaftServerImpl.java:setRole(184)) - 02863277-f564-4bc6-8337-fb22627f6f1a@group-24C785E9A0FC: changes role from  FOLLOWER to FOLLOWER at term 185 for recognizeCandidate:ad4d83c7-0f96-47bc-a4e8-7e5d9f844896
2019-10-23 12:13:42,192 [grpc-default-executor-5] INFO  impl.RoleInfo (RoleInfo.java:shutdownFollowerState(121)) - 02863277-f564-4bc6-8337-fb22627f6f1a: shutdown FollowerState
2019-10-23 12:13:42,192 [grpc-default-executor-5] INFO  impl.RoleInfo (RoleInfo.java:updateAndGet(143)) - 02863277-f564-4bc6-8337-fb22627f6f1a: start FollowerState
2019-10-23 12:13:42,192 [Thread-1711] INFO  impl.FollowerState (FollowerState.java:run(117)) - 02863277-f564-4bc6-8337-fb22627f6f1a@group-24C785E9A0FC-FollowerState was interrupted: java.lang.InterruptedException: sleep interrupted
2019-10-23 12:13:42,253 [ad4d83c7-0f96-47bc-a4e8-7e5d9f844896@group-24C785E9A0FC-LeaderElection186] INFO  impl.LeaderElection (LeaderElection.java:logAndReturn(56)) - ad4d83c7-0f96-47bc-a4e8-7e5d9f844896@group-24C785E9A0FC-LeaderElection186: Election REJECTED; received 1 response(s) [ad4d83c7-0f96-47bc-a4e8-7e5d9f844896<-02863277-f564-4bc6-8337-fb22627f6f1a#0:FAIL-t185] and 1 exception(s); ad4d83c7-0f96-47bc-a4e8-7e5d9f844896@group-24C785E9A0FC:t185, leader=null, voted=ad4d83c7-0f96-47bc-a4e8-7e5d9f844896, raftlog=ad4d83c7-0f96-47bc-a4e8-7e5d9f844896@group-24C785E9A0FC-SegmentedRaftLog:OPENED:c-1,f-1,i0, conf=-1: [3b749b59-de2a-419b-9a26-261692f5c83c:192.168.69.118:39205, ad4d83c7-0f96-47bc-a4e8-7e5d9f844896:192.168.69.118:41688, 02863277-f564-4bc6-8337-fb22627f6f1a:192.168.69.118:36850], old=null
2019-10-23 12:13:42,254 [ad4d83c7-0f96-47bc-a4e8-7e5d9f844896@group-24C785E9A0FC-LeaderElection186] INFO  impl.LeaderElection (LogUtils.java:infoOrTrace(149)) -   Exception 0: {}
java.util.concurrent.ExecutionException: org.apache.ratis.thirdparty.io.grpc.StatusRuntimeException: UNAVAILABLE: io exception
	at java.util.concurrent.FutureTask.report(FutureTask.java:122)
	at java.util.concurrent.FutureTask.get(FutureTask.java:192)
	at org.apache.ratis.server.impl.LeaderElection.waitForResults(LeaderElection.java:259)
	at org.apache.ratis.server.impl.LeaderElection.askForVotes(LeaderElection.java:197)
	at org.apache.ratis.server.impl.LeaderElection.run(LeaderElection.java:133)
	at java.lang.Thread.run(Thread.java:748)
Caused by: org.apache.ratis.thirdparty.io.grpc.StatusRuntimeException: UNAVAILABLE: io exception
	at org.apache.ratis.thirdparty.io.grpc.stub.ClientCalls.toStatusRuntimeException(ClientCalls.java:233)
	at org.apache.ratis.thirdparty.io.grpc.stub.ClientCalls.getUnchecked(ClientCalls.java:214)
	at org.apache.ratis.thirdparty.io.grpc.stub.ClientCalls.blockingUnaryCall(ClientCalls.java:139)
	at org.apache.ratis.proto.grpc.RaftServerProtocolServiceGrpc$RaftServerProtocolServiceBlockingStub.requestVote(RaftServerProtocolServiceGrpc.java:265)
	at org.apache.ratis.grpc.server.GrpcServerProtocolClient.requestVote(GrpcServerProtocolClient.java:99)
	at org.apache.ratis.grpc.server.GrpcService.requestVote(GrpcService.java:204)
	at org.apache.ratis.server.impl.LeaderElection.lambda$submitRequests$1(LeaderElection.java:234)
	at java.util.concurrent.FutureTask.run(FutureTask.java:266)
	at java.util.concurrent.Executors$RunnableAdapter.call(Executors.java:511)
	at java.util.concurrent.FutureTask.run(FutureTask.java:266)
	at java.util.concurrent.ThreadPoolExecutor.runWorker(ThreadPoolExecutor.java:1149)
	at java.util.concurrent.ThreadPoolExecutor$Worker.run(ThreadPoolExecutor.java:624)
	... 1 more
Caused by: org.apache.ratis.thirdparty.io.netty.channel.AbstractChannel$AnnotatedConnectException: Connection refused: /192.168.69.118:39205
	at sun.nio.ch.SocketChannelImpl.checkConnect(Native Method)
	at sun.nio.ch.SocketChannelImpl.finishConnect(SocketChannelImpl.java:717)
	at org.apache.ratis.thirdparty.io.netty.channel.socket.nio.NioSocketChannel.doFinishConnect(NioSocketChannel.java:327)
	at org.apache.ratis.thirdparty.io.netty.channel.nio.AbstractNioChannel$AbstractNioUnsafe.finishConnect(AbstractNioChannel.java:340)
	at org.apache.ratis.thirdparty.io.netty.channel.nio.NioEventLoop.processSelectedKey(NioEventLoop.java:632)
	at org.apache.ratis.thirdparty.io.netty.channel.nio.NioEventLoop.processSelectedKeysOptimized(NioEventLoop.java:579)
	at org.apache.ratis.thirdparty.io.netty.channel.nio.NioEventLoop.processSelectedKeys(NioEventLoop.java:496)
	at org.apache.ratis.thirdparty.io.netty.channel.nio.NioEventLoop.run(NioEventLoop.java:458)
	at org.apache.ratis.thirdparty.io.netty.util.concurrent.SingleThreadEventExecutor$5.run(SingleThreadEventExecutor.java:897)
	at org.apache.ratis.thirdparty.io.netty.util.concurrent.FastThreadLocalRunnable.run(FastThreadLocalRunnable.java:30)
	... 1 more
Caused by: java.net.ConnectException: Connection refused
	... 11 more
2019-10-23 12:13:42,254 [ad4d83c7-0f96-47bc-a4e8-7e5d9f844896@group-24C785E9A0FC-LeaderElection186] INFO  impl.RaftServerImpl (RaftServerImpl.java:setRole(184)) - ad4d83c7-0f96-47bc-a4e8-7e5d9f844896@group-24C785E9A0FC: changes role from CANDIDATE to FOLLOWER at term 185 for DISCOVERED_A_NEW_TERM
2019-10-23 12:13:42,254 [ad4d83c7-0f96-47bc-a4e8-7e5d9f844896@group-24C785E9A0FC-LeaderElection186] INFO  impl.RoleInfo (RoleInfo.java:shutdownLeaderElection(134)) - ad4d83c7-0f96-47bc-a4e8-7e5d9f844896: shutdown LeaderElection
2019-10-23 12:13:42,255 [ad4d83c7-0f96-47bc-a4e8-7e5d9f844896@group-24C785E9A0FC-LeaderElection186] INFO  impl.RoleInfo (RoleInfo.java:updateAndGet(143)) - ad4d83c7-0f96-47bc-a4e8-7e5d9f844896: start FollowerState
2019-10-23 12:13:42,273 [Thread-1719] INFO  impl.FollowerState (FollowerState.java:run(108)) - ad4d83c7-0f96-47bc-a4e8-7e5d9f844896@group-24C785E9A0FC-FollowerState: change to CANDIDATE, lastRpcTime:18ms, electionTimeout:18ms
2019-10-23 12:13:42,273 [Thread-1719] INFO  impl.RoleInfo (RoleInfo.java:shutdownFollowerState(121)) - ad4d83c7-0f96-47bc-a4e8-7e5d9f844896: shutdown FollowerState
2019-10-23 12:13:42,273 [Thread-1719] INFO  impl.RaftServerImpl (RaftServerImpl.java:setRole(184)) - ad4d83c7-0f96-47bc-a4e8-7e5d9f844896@group-24C785E9A0FC: changes role from  FOLLOWER to CANDIDATE at term 185 for changeToCandidate
2019-10-23 12:13:42,273 [Thread-1719] INFO  impl.RoleInfo (RoleInfo.java:updateAndGet(143)) - ad4d83c7-0f96-47bc-a4e8-7e5d9f844896: start LeaderElection
2019-10-23 12:13:42,283 [ad4d83c7-0f96-47bc-a4e8-7e5d9f844896@group-24C785E9A0FC-LeaderElection187] INFO  impl.LeaderElection (LeaderElection.java:askForVotes(178)) - ad4d83c7-0f96-47bc-a4e8-7e5d9f844896@group-24C785E9A0FC-LeaderElection187: begin an election at term 186 for -1: [3b749b59-de2a-419b-9a26-261692f5c83c:192.168.69.118:39205, ad4d83c7-0f96-47bc-a4e8-7e5d9f844896:192.168.69.118:41688, 02863277-f564-4bc6-8337-fb22627f6f1a:192.168.69.118:36850], old=null
2019-10-23 12:13:42,284 [ad4d83c7-0f96-47bc-a4e8-7e5d9f844896@group-24C785E9A0FC-LeaderElection187] INFO  impl.LeaderElection (LogUtils.java:infoOrTrace(149)) - ad4d83c7-0f96-47bc-a4e8-7e5d9f844896@group-24C785E9A0FC-LeaderElection187 got exception when requesting votes: {}
java.util.concurrent.ExecutionException: org.apache.ratis.thirdparty.io.grpc.StatusRuntimeException: UNAVAILABLE: io exception
	at java.util.concurrent.FutureTask.report(FutureTask.java:122)
	at java.util.concurrent.FutureTask.get(FutureTask.java:192)
	at org.apache.ratis.server.impl.LeaderElection.waitForResults(LeaderElection.java:259)
	at org.apache.ratis.server.impl.LeaderElection.askForVotes(LeaderElection.java:197)
	at org.apache.ratis.server.impl.LeaderElection.run(LeaderElection.java:133)
	at java.lang.Thread.run(Thread.java:748)
Caused by: org.apache.ratis.thirdparty.io.grpc.StatusRuntimeException: UNAVAILABLE: io exception
	at org.apache.ratis.thirdparty.io.grpc.stub.ClientCalls.toStatusRuntimeException(ClientCalls.java:233)
	at org.apache.ratis.thirdparty.io.grpc.stub.ClientCalls.getUnchecked(ClientCalls.java:214)
	at org.apache.ratis.thirdparty.io.grpc.stub.ClientCalls.blockingUnaryCall(ClientCalls.java:139)
	at org.apache.ratis.proto.grpc.RaftServerProtocolServiceGrpc$RaftServerProtocolServiceBlockingStub.requestVote(RaftServerProtocolServiceGrpc.java:265)
	at org.apache.ratis.grpc.server.GrpcServerProtocolClient.requestVote(GrpcServerProtocolClient.java:99)
	at org.apache.ratis.grpc.server.GrpcService.requestVote(GrpcService.java:204)
	at org.apache.ratis.server.impl.LeaderElection.lambda$submitRequests$1(LeaderElection.java:234)
	at java.util.concurrent.FutureTask.run(FutureTask.java:266)
	at java.util.concurrent.Executors$RunnableAdapter.call(Executors.java:511)
	at java.util.concurrent.FutureTask.run(FutureTask.java:266)
	at java.util.concurrent.ThreadPoolExecutor.runWorker(ThreadPoolExecutor.java:1149)
	at java.util.concurrent.ThreadPoolExecutor$Worker.run(ThreadPoolExecutor.java:624)
	... 1 more
Caused by: org.apache.ratis.thirdparty.io.netty.channel.AbstractChannel$AnnotatedConnectException: Connection refused: /192.168.69.118:39205
	at sun.nio.ch.SocketChannelImpl.checkConnect(Native Method)
	at sun.nio.ch.SocketChannelImpl.finishConnect(SocketChannelImpl.java:717)
	at org.apache.ratis.thirdparty.io.netty.channel.socket.nio.NioSocketChannel.doFinishConnect(NioSocketChannel.java:327)
	at org.apache.ratis.thirdparty.io.netty.channel.nio.AbstractNioChannel$AbstractNioUnsafe.finishConnect(AbstractNioChannel.java:340)
	at org.apache.ratis.thirdparty.io.netty.channel.nio.NioEventLoop.processSelectedKey(NioEventLoop.java:632)
	at org.apache.ratis.thirdparty.io.netty.channel.nio.NioEventLoop.processSelectedKeysOptimized(NioEventLoop.java:579)
	at org.apache.ratis.thirdparty.io.netty.channel.nio.NioEventLoop.processSelectedKeys(NioEventLoop.java:496)
	at org.apache.ratis.thirdparty.io.netty.channel.nio.NioEventLoop.run(NioEventLoop.java:458)
	at org.apache.ratis.thirdparty.io.netty.util.concurrent.SingleThreadEventExecutor$5.run(SingleThreadEventExecutor.java:897)
	at org.apache.ratis.thirdparty.io.netty.util.concurrent.FastThreadLocalRunnable.run(FastThreadLocalRunnable.java:30)
	... 1 more
Caused by: java.net.ConnectException: Connection refused
	... 11 more
2019-10-23 12:13:42,285 [grpc-default-executor-5] INFO  impl.RaftServerImpl (RaftServerImpl.java:setRole(184)) - 02863277-f564-4bc6-8337-fb22627f6f1a@group-24C785E9A0FC: changes role from  FOLLOWER to FOLLOWER at term 186 for recognizeCandidate:ad4d83c7-0f96-47bc-a4e8-7e5d9f844896
2019-10-23 12:13:42,285 [grpc-default-executor-5] INFO  impl.RoleInfo (RoleInfo.java:shutdownFollowerState(121)) - 02863277-f564-4bc6-8337-fb22627f6f1a: shutdown FollowerState
2019-10-23 12:13:42,285 [grpc-default-executor-5] INFO  impl.RoleInfo (RoleInfo.java:updateAndGet(143)) - 02863277-f564-4bc6-8337-fb22627f6f1a: start FollowerState
2019-10-23 12:13:42,285 [Thread-1718] INFO  impl.FollowerState (FollowerState.java:run(117)) - 02863277-f564-4bc6-8337-fb22627f6f1a@group-24C785E9A0FC-FollowerState was interrupted: java.lang.InterruptedException: sleep interrupted
2019-10-23 12:13:42,293 [ad4d83c7-0f96-47bc-a4e8-7e5d9f844896@group-24C785E9A0FC-LeaderElection187] INFO  impl.LeaderElection (LeaderElection.java:logAndReturn(56)) - ad4d83c7-0f96-47bc-a4e8-7e5d9f844896@group-24C785E9A0FC-LeaderElection187: Election REJECTED; received 1 response(s) [ad4d83c7-0f96-47bc-a4e8-7e5d9f844896<-02863277-f564-4bc6-8337-fb22627f6f1a#0:FAIL-t186] and 1 exception(s); ad4d83c7-0f96-47bc-a4e8-7e5d9f844896@group-24C785E9A0FC:t186, leader=null, voted=ad4d83c7-0f96-47bc-a4e8-7e5d9f844896, raftlog=ad4d83c7-0f96-47bc-a4e8-7e5d9f844896@group-24C785E9A0FC-SegmentedRaftLog:OPENED:c-1,f-1,i0, conf=-1: [3b749b59-de2a-419b-9a26-261692f5c83c:192.168.69.118:39205, ad4d83c7-0f96-47bc-a4e8-7e5d9f844896:192.168.69.118:41688, 02863277-f564-4bc6-8337-fb22627f6f1a:192.168.69.118:36850], old=null
2019-10-23 12:13:42,293 [ad4d83c7-0f96-47bc-a4e8-7e5d9f844896@group-24C785E9A0FC-LeaderElection187] INFO  impl.LeaderElection (LogUtils.java:infoOrTrace(149)) -   Exception 0: {}
java.util.concurrent.ExecutionException: org.apache.ratis.thirdparty.io.grpc.StatusRuntimeException: UNAVAILABLE: io exception
	at java.util.concurrent.FutureTask.report(FutureTask.java:122)
	at java.util.concurrent.FutureTask.get(FutureTask.java:192)
	at org.apache.ratis.server.impl.LeaderElection.waitForResults(LeaderElection.java:259)
	at org.apache.ratis.server.impl.LeaderElection.askForVotes(LeaderElection.java:197)
	at org.apache.ratis.server.impl.LeaderElection.run(LeaderElection.java:133)
	at java.lang.Thread.run(Thread.java:748)
Caused by: org.apache.ratis.thirdparty.io.grpc.StatusRuntimeException: UNAVAILABLE: io exception
	at org.apache.ratis.thirdparty.io.grpc.stub.ClientCalls.toStatusRuntimeException(ClientCalls.java:233)
	at org.apache.ratis.thirdparty.io.grpc.stub.ClientCalls.getUnchecked(ClientCalls.java:214)
	at org.apache.ratis.thirdparty.io.grpc.stub.ClientCalls.blockingUnaryCall(ClientCalls.java:139)
	at org.apache.ratis.proto.grpc.RaftServerProtocolServiceGrpc$RaftServerProtocolServiceBlockingStub.requestVote(RaftServerProtocolServiceGrpc.java:265)
	at org.apache.ratis.grpc.server.GrpcServerProtocolClient.requestVote(GrpcServerProtocolClient.java:99)
	at org.apache.ratis.grpc.server.GrpcService.requestVote(GrpcService.java:204)
	at org.apache.ratis.server.impl.LeaderElection.lambda$submitRequests$1(LeaderElection.java:234)
	at java.util.concurrent.FutureTask.run(FutureTask.java:266)
	at java.util.concurrent.Executors$RunnableAdapter.call(Executors.java:511)
	at java.util.concurrent.FutureTask.run(FutureTask.java:266)
	at java.util.concurrent.ThreadPoolExecutor.runWorker(ThreadPoolExecutor.java:1149)
	at java.util.concurrent.ThreadPoolExecutor$Worker.run(ThreadPoolExecutor.java:624)
	... 1 more
Caused by: org.apache.ratis.thirdparty.io.netty.channel.AbstractChannel$AnnotatedConnectException: Connection refused: /192.168.69.118:39205
	at sun.nio.ch.SocketChannelImpl.checkConnect(Native Method)
	at sun.nio.ch.SocketChannelImpl.finishConnect(SocketChannelImpl.java:717)
	at org.apache.ratis.thirdparty.io.netty.channel.socket.nio.NioSocketChannel.doFinishConnect(NioSocketChannel.java:327)
	at org.apache.ratis.thirdparty.io.netty.channel.nio.AbstractNioChannel$AbstractNioUnsafe.finishConnect(AbstractNioChannel.java:340)
	at org.apache.ratis.thirdparty.io.netty.channel.nio.NioEventLoop.processSelectedKey(NioEventLoop.java:632)
	at org.apache.ratis.thirdparty.io.netty.channel.nio.NioEventLoop.processSelectedKeysOptimized(NioEventLoop.java:579)
	at org.apache.ratis.thirdparty.io.netty.channel.nio.NioEventLoop.processSelectedKeys(NioEventLoop.java:496)
	at org.apache.ratis.thirdparty.io.netty.channel.nio.NioEventLoop.run(NioEventLoop.java:458)
	at org.apache.ratis.thirdparty.io.netty.util.concurrent.SingleThreadEventExecutor$5.run(SingleThreadEventExecutor.java:897)
	at org.apache.ratis.thirdparty.io.netty.util.concurrent.FastThreadLocalRunnable.run(FastThreadLocalRunnable.java:30)
	... 1 more
Caused by: java.net.ConnectException: Connection refused
	... 11 more
2019-10-23 12:13:42,294 [ad4d83c7-0f96-47bc-a4e8-7e5d9f844896@group-24C785E9A0FC-LeaderElection187] INFO  impl.RaftServerImpl (RaftServerImpl.java:setRole(184)) - ad4d83c7-0f96-47bc-a4e8-7e5d9f844896@group-24C785E9A0FC: changes role from CANDIDATE to FOLLOWER at term 186 for DISCOVERED_A_NEW_TERM
2019-10-23 12:13:42,294 [ad4d83c7-0f96-47bc-a4e8-7e5d9f844896@group-24C785E9A0FC-LeaderElection187] INFO  impl.RoleInfo (RoleInfo.java:shutdownLeaderElection(134)) - ad4d83c7-0f96-47bc-a4e8-7e5d9f844896: shutdown LeaderElection
2019-10-23 12:13:42,294 [ad4d83c7-0f96-47bc-a4e8-7e5d9f844896@group-24C785E9A0FC-LeaderElection187] INFO  impl.RoleInfo (RoleInfo.java:updateAndGet(143)) - ad4d83c7-0f96-47bc-a4e8-7e5d9f844896: start FollowerState
2019-10-23 12:13:42,446 [Thread-1724] INFO  impl.FollowerState (FollowerState.java:run(108)) - ad4d83c7-0f96-47bc-a4e8-7e5d9f844896@group-24C785E9A0FC-FollowerState: change to CANDIDATE, lastRpcTime:152ms, electionTimeout:152ms
2019-10-23 12:13:42,446 [Thread-1724] INFO  impl.RoleInfo (RoleInfo.java:shutdownFollowerState(121)) - ad4d83c7-0f96-47bc-a4e8-7e5d9f844896: shutdown FollowerState
2019-10-23 12:13:42,447 [Thread-1724] INFO  impl.RaftServerImpl (RaftServerImpl.java:setRole(184)) - ad4d83c7-0f96-47bc-a4e8-7e5d9f844896@group-24C785E9A0FC: changes role from  FOLLOWER to CANDIDATE at term 186 for changeToCandidate
2019-10-23 12:13:42,447 [Thread-1724] INFO  impl.RoleInfo (RoleInfo.java:updateAndGet(143)) - ad4d83c7-0f96-47bc-a4e8-7e5d9f844896: start LeaderElection
2019-10-23 12:13:42,461 [ad4d83c7-0f96-47bc-a4e8-7e5d9f844896@group-24C785E9A0FC-LeaderElection188] INFO  impl.LeaderElection (LeaderElection.java:askForVotes(178)) - ad4d83c7-0f96-47bc-a4e8-7e5d9f844896@group-24C785E9A0FC-LeaderElection188: begin an election at term 187 for -1: [3b749b59-de2a-419b-9a26-261692f5c83c:192.168.69.118:39205, ad4d83c7-0f96-47bc-a4e8-7e5d9f844896:192.168.69.118:41688, 02863277-f564-4bc6-8337-fb22627f6f1a:192.168.69.118:36850], old=null
2019-10-23 12:13:42,461 [ad4d83c7-0f96-47bc-a4e8-7e5d9f844896@group-24C785E9A0FC-LeaderElection188] INFO  impl.LeaderElection (LogUtils.java:infoOrTrace(149)) - ad4d83c7-0f96-47bc-a4e8-7e5d9f844896@group-24C785E9A0FC-LeaderElection188 got exception when requesting votes: {}
java.util.concurrent.ExecutionException: org.apache.ratis.thirdparty.io.grpc.StatusRuntimeException: UNAVAILABLE: io exception
	at java.util.concurrent.FutureTask.report(FutureTask.java:122)
	at java.util.concurrent.FutureTask.get(FutureTask.java:192)
	at org.apache.ratis.server.impl.LeaderElection.waitForResults(LeaderElection.java:259)
	at org.apache.ratis.server.impl.LeaderElection.askForVotes(LeaderElection.java:197)
	at org.apache.ratis.server.impl.LeaderElection.run(LeaderElection.java:133)
	at java.lang.Thread.run(Thread.java:748)
Caused by: org.apache.ratis.thirdparty.io.grpc.StatusRuntimeException: UNAVAILABLE: io exception
	at org.apache.ratis.thirdparty.io.grpc.stub.ClientCalls.toStatusRuntimeException(ClientCalls.java:233)
	at org.apache.ratis.thirdparty.io.grpc.stub.ClientCalls.getUnchecked(ClientCalls.java:214)
	at org.apache.ratis.thirdparty.io.grpc.stub.ClientCalls.blockingUnaryCall(ClientCalls.java:139)
	at org.apache.ratis.proto.grpc.RaftServerProtocolServiceGrpc$RaftServerProtocolServiceBlockingStub.requestVote(RaftServerProtocolServiceGrpc.java:265)
	at org.apache.ratis.grpc.server.GrpcServerProtocolClient.requestVote(GrpcServerProtocolClient.java:99)
	at org.apache.ratis.grpc.server.GrpcService.requestVote(GrpcService.java:204)
	at org.apache.ratis.server.impl.LeaderElection.lambda$submitRequests$1(LeaderElection.java:234)
	at java.util.concurrent.FutureTask.run(FutureTask.java:266)
	at java.util.concurrent.Executors$RunnableAdapter.call(Executors.java:511)
	at java.util.concurrent.FutureTask.run(FutureTask.java:266)
	at java.util.concurrent.ThreadPoolExecutor.runWorker(ThreadPoolExecutor.java:1149)
	at java.util.concurrent.ThreadPoolExecutor$Worker.run(ThreadPoolExecutor.java:624)
	... 1 more
Caused by: org.apache.ratis.thirdparty.io.netty.channel.AbstractChannel$AnnotatedConnectException: Connection refused: /192.168.69.118:39205
	at sun.nio.ch.SocketChannelImpl.checkConnect(Native Method)
	at sun.nio.ch.SocketChannelImpl.finishConnect(SocketChannelImpl.java:717)
	at org.apache.ratis.thirdparty.io.netty.channel.socket.nio.NioSocketChannel.doFinishConnect(NioSocketChannel.java:327)
	at org.apache.ratis.thirdparty.io.netty.channel.nio.AbstractNioChannel$AbstractNioUnsafe.finishConnect(AbstractNioChannel.java:340)
	at org.apache.ratis.thirdparty.io.netty.channel.nio.NioEventLoop.processSelectedKey(NioEventLoop.java:632)
	at org.apache.ratis.thirdparty.io.netty.channel.nio.NioEventLoop.processSelectedKeysOptimized(NioEventLoop.java:579)
	at org.apache.ratis.thirdparty.io.netty.channel.nio.NioEventLoop.processSelectedKeys(NioEventLoop.java:496)
	at org.apache.ratis.thirdparty.io.netty.channel.nio.NioEventLoop.run(NioEventLoop.java:458)
	at org.apache.ratis.thirdparty.io.netty.util.concurrent.SingleThreadEventExecutor$5.run(SingleThreadEventExecutor.java:897)
	at org.apache.ratis.thirdparty.io.netty.util.concurrent.FastThreadLocalRunnable.run(FastThreadLocalRunnable.java:30)
	... 1 more
Caused by: java.net.ConnectException: Connection refused
	... 11 more
2019-10-23 12:13:42,463 [grpc-default-executor-5] INFO  impl.RaftServerImpl (RaftServerImpl.java:setRole(184)) - 02863277-f564-4bc6-8337-fb22627f6f1a@group-24C785E9A0FC: changes role from  FOLLOWER to FOLLOWER at term 187 for recognizeCandidate:ad4d83c7-0f96-47bc-a4e8-7e5d9f844896
2019-10-23 12:13:42,463 [grpc-default-executor-5] INFO  impl.RoleInfo (RoleInfo.java:shutdownFollowerState(121)) - 02863277-f564-4bc6-8337-fb22627f6f1a: shutdown FollowerState
2019-10-23 12:13:42,463 [grpc-default-executor-5] INFO  impl.RoleInfo (RoleInfo.java:updateAndGet(143)) - 02863277-f564-4bc6-8337-fb22627f6f1a: start FollowerState
2019-10-23 12:13:42,463 [Thread-1723] INFO  impl.FollowerState (FollowerState.java:run(117)) - 02863277-f564-4bc6-8337-fb22627f6f1a@group-24C785E9A0FC-FollowerState was interrupted: java.lang.InterruptedException: sleep interrupted
2019-10-23 12:13:42,471 [ad4d83c7-0f96-47bc-a4e8-7e5d9f844896@group-24C785E9A0FC-LeaderElection188] INFO  impl.LeaderElection (LeaderElection.java:logAndReturn(56)) - ad4d83c7-0f96-47bc-a4e8-7e5d9f844896@group-24C785E9A0FC-LeaderElection188: Election TIMEOUT; received 0 response(s) [] and 1 exception(s); ad4d83c7-0f96-47bc-a4e8-7e5d9f844896@group-24C785E9A0FC:t187, leader=null, voted=ad4d83c7-0f96-47bc-a4e8-7e5d9f844896, raftlog=ad4d83c7-0f96-47bc-a4e8-7e5d9f844896@group-24C785E9A0FC-SegmentedRaftLog:OPENED:c-1,f-1,i0, conf=-1: [3b749b59-de2a-419b-9a26-261692f5c83c:192.168.69.118:39205, ad4d83c7-0f96-47bc-a4e8-7e5d9f844896:192.168.69.118:41688, 02863277-f564-4bc6-8337-fb22627f6f1a:192.168.69.118:36850], old=null
2019-10-23 12:13:42,471 [ad4d83c7-0f96-47bc-a4e8-7e5d9f844896@group-24C785E9A0FC-LeaderElection188] INFO  impl.LeaderElection (LogUtils.java:infoOrTrace(149)) -   Exception 0: {}
java.util.concurrent.ExecutionException: org.apache.ratis.thirdparty.io.grpc.StatusRuntimeException: UNAVAILABLE: io exception
	at java.util.concurrent.FutureTask.report(FutureTask.java:122)
	at java.util.concurrent.FutureTask.get(FutureTask.java:192)
	at org.apache.ratis.server.impl.LeaderElection.waitForResults(LeaderElection.java:259)
	at org.apache.ratis.server.impl.LeaderElection.askForVotes(LeaderElection.java:197)
	at org.apache.ratis.server.impl.LeaderElection.run(LeaderElection.java:133)
	at java.lang.Thread.run(Thread.java:748)
Caused by: org.apache.ratis.thirdparty.io.grpc.StatusRuntimeException: UNAVAILABLE: io exception
	at org.apache.ratis.thirdparty.io.grpc.stub.ClientCalls.toStatusRuntimeException(ClientCalls.java:233)
	at org.apache.ratis.thirdparty.io.grpc.stub.ClientCalls.getUnchecked(ClientCalls.java:214)
	at org.apache.ratis.thirdparty.io.grpc.stub.ClientCalls.blockingUnaryCall(ClientCalls.java:139)
	at org.apache.ratis.proto.grpc.RaftServerProtocolServiceGrpc$RaftServerProtocolServiceBlockingStub.requestVote(RaftServerProtocolServiceGrpc.java:265)
	at org.apache.ratis.grpc.server.GrpcServerProtocolClient.requestVote(GrpcServerProtocolClient.java:99)
	at org.apache.ratis.grpc.server.GrpcService.requestVote(GrpcService.java:204)
	at org.apache.ratis.server.impl.LeaderElection.lambda$submitRequests$1(LeaderElection.java:234)
	at java.util.concurrent.FutureTask.run(FutureTask.java:266)
	at java.util.concurrent.Executors$RunnableAdapter.call(Executors.java:511)
	at java.util.concurrent.FutureTask.run(FutureTask.java:266)
	at java.util.concurrent.ThreadPoolExecutor.runWorker(ThreadPoolExecutor.java:1149)
	at java.util.concurrent.ThreadPoolExecutor$Worker.run(ThreadPoolExecutor.java:624)
	... 1 more
Caused by: org.apache.ratis.thirdparty.io.netty.channel.AbstractChannel$AnnotatedConnectException: Connection refused: /192.168.69.118:39205
	at sun.nio.ch.SocketChannelImpl.checkConnect(Native Method)
	at sun.nio.ch.SocketChannelImpl.finishConnect(SocketChannelImpl.java:717)
	at org.apache.ratis.thirdparty.io.netty.channel.socket.nio.NioSocketChannel.doFinishConnect(NioSocketChannel.java:327)
	at org.apache.ratis.thirdparty.io.netty.channel.nio.AbstractNioChannel$AbstractNioUnsafe.finishConnect(AbstractNioChannel.java:340)
	at org.apache.ratis.thirdparty.io.netty.channel.nio.NioEventLoop.processSelectedKey(NioEventLoop.java:632)
	at org.apache.ratis.thirdparty.io.netty.channel.nio.NioEventLoop.processSelectedKeysOptimized(NioEventLoop.java:579)
	at org.apache.ratis.thirdparty.io.netty.channel.nio.NioEventLoop.processSelectedKeys(NioEventLoop.java:496)
	at org.apache.ratis.thirdparty.io.netty.channel.nio.NioEventLoop.run(NioEventLoop.java:458)
	at org.apache.ratis.thirdparty.io.netty.util.concurrent.SingleThreadEventExecutor$5.run(SingleThreadEventExecutor.java:897)
	at org.apache.ratis.thirdparty.io.netty.util.concurrent.FastThreadLocalRunnable.run(FastThreadLocalRunnable.java:30)
	... 1 more
Caused by: java.net.ConnectException: Connection refused
	... 11 more
2019-10-23 12:13:42,476 [ad4d83c7-0f96-47bc-a4e8-7e5d9f844896@group-24C785E9A0FC-LeaderElection188] INFO  impl.LeaderElection (LeaderElection.java:askForVotes(178)) - ad4d83c7-0f96-47bc-a4e8-7e5d9f844896@group-24C785E9A0FC-LeaderElection188: begin an election at term 188 for -1: [3b749b59-de2a-419b-9a26-261692f5c83c:192.168.69.118:39205, ad4d83c7-0f96-47bc-a4e8-7e5d9f844896:192.168.69.118:41688, 02863277-f564-4bc6-8337-fb22627f6f1a:192.168.69.118:36850], old=null
2019-10-23 12:13:42,477 [ad4d83c7-0f96-47bc-a4e8-7e5d9f844896@group-24C785E9A0FC-LeaderElection188] INFO  impl.LeaderElection (LogUtils.java:infoOrTrace(149)) - ad4d83c7-0f96-47bc-a4e8-7e5d9f844896@group-24C785E9A0FC-LeaderElection188 got exception when requesting votes: {}
java.util.concurrent.ExecutionException: org.apache.ratis.thirdparty.io.grpc.StatusRuntimeException: UNAVAILABLE: io exception
	at java.util.concurrent.FutureTask.report(FutureTask.java:122)
	at java.util.concurrent.FutureTask.get(FutureTask.java:192)
	at org.apache.ratis.server.impl.LeaderElection.waitForResults(LeaderElection.java:259)
	at org.apache.ratis.server.impl.LeaderElection.askForVotes(LeaderElection.java:197)
	at org.apache.ratis.server.impl.LeaderElection.run(LeaderElection.java:133)
	at java.lang.Thread.run(Thread.java:748)
Caused by: org.apache.ratis.thirdparty.io.grpc.StatusRuntimeException: UNAVAILABLE: io exception
	at org.apache.ratis.thirdparty.io.grpc.stub.ClientCalls.toStatusRuntimeException(ClientCalls.java:233)
	at org.apache.ratis.thirdparty.io.grpc.stub.ClientCalls.getUnchecked(ClientCalls.java:214)
	at org.apache.ratis.thirdparty.io.grpc.stub.ClientCalls.blockingUnaryCall(ClientCalls.java:139)
	at org.apache.ratis.proto.grpc.RaftServerProtocolServiceGrpc$RaftServerProtocolServiceBlockingStub.requestVote(RaftServerProtocolServiceGrpc.java:265)
	at org.apache.ratis.grpc.server.GrpcServerProtocolClient.requestVote(GrpcServerProtocolClient.java:99)
	at org.apache.ratis.grpc.server.GrpcService.requestVote(GrpcService.java:204)
	at org.apache.ratis.server.impl.LeaderElection.lambda$submitRequests$1(LeaderElection.java:234)
	at java.util.concurrent.FutureTask.run(FutureTask.java:266)
	at java.util.concurrent.Executors$RunnableAdapter.call(Executors.java:511)
	at java.util.concurrent.FutureTask.run(FutureTask.java:266)
	at java.util.concurrent.ThreadPoolExecutor.runWorker(ThreadPoolExecutor.java:1149)
	at java.util.concurrent.ThreadPoolExecutor$Worker.run(ThreadPoolExecutor.java:624)
	... 1 more
Caused by: org.apache.ratis.thirdparty.io.netty.channel.AbstractChannel$AnnotatedConnectException: Connection refused: /192.168.69.118:39205
	at sun.nio.ch.SocketChannelImpl.checkConnect(Native Method)
	at sun.nio.ch.SocketChannelImpl.finishConnect(SocketChannelImpl.java:717)
	at org.apache.ratis.thirdparty.io.netty.channel.socket.nio.NioSocketChannel.doFinishConnect(NioSocketChannel.java:327)
	at org.apache.ratis.thirdparty.io.netty.channel.nio.AbstractNioChannel$AbstractNioUnsafe.finishConnect(AbstractNioChannel.java:340)
	at org.apache.ratis.thirdparty.io.netty.channel.nio.NioEventLoop.processSelectedKey(NioEventLoop.java:632)
	at org.apache.ratis.thirdparty.io.netty.channel.nio.NioEventLoop.processSelectedKeysOptimized(NioEventLoop.java:579)
	at org.apache.ratis.thirdparty.io.netty.channel.nio.NioEventLoop.processSelectedKeys(NioEventLoop.java:496)
	at org.apache.ratis.thirdparty.io.netty.channel.nio.NioEventLoop.run(NioEventLoop.java:458)
	at org.apache.ratis.thirdparty.io.netty.util.concurrent.SingleThreadEventExecutor$5.run(SingleThreadEventExecutor.java:897)
	at org.apache.ratis.thirdparty.io.netty.util.concurrent.FastThreadLocalRunnable.run(FastThreadLocalRunnable.java:30)
	... 1 more
Caused by: java.net.ConnectException: Connection refused
	... 11 more
2019-10-23 12:13:42,478 [grpc-default-executor-5] INFO  impl.RaftServerImpl (RaftServerImpl.java:setRole(184)) - 02863277-f564-4bc6-8337-fb22627f6f1a@group-24C785E9A0FC: changes role from  FOLLOWER to FOLLOWER at term 188 for recognizeCandidate:ad4d83c7-0f96-47bc-a4e8-7e5d9f844896
2019-10-23 12:13:42,479 [grpc-default-executor-5] INFO  impl.RoleInfo (RoleInfo.java:shutdownFollowerState(121)) - 02863277-f564-4bc6-8337-fb22627f6f1a: shutdown FollowerState
2019-10-23 12:13:42,479 [grpc-default-executor-5] INFO  impl.RoleInfo (RoleInfo.java:updateAndGet(143)) - 02863277-f564-4bc6-8337-fb22627f6f1a: start FollowerState
2019-10-23 12:13:42,479 [Thread-1728] INFO  impl.FollowerState (FollowerState.java:run(117)) - 02863277-f564-4bc6-8337-fb22627f6f1a@group-24C785E9A0FC-FollowerState was interrupted: java.lang.InterruptedException: sleep interrupted
2019-10-23 12:13:42,492 [ad4d83c7-0f96-47bc-a4e8-7e5d9f844896@group-24C785E9A0FC-LeaderElection188] INFO  impl.LeaderElection (LeaderElection.java:logAndReturn(56)) - ad4d83c7-0f96-47bc-a4e8-7e5d9f844896@group-24C785E9A0FC-LeaderElection188: Election REJECTED; received 1 response(s) [ad4d83c7-0f96-47bc-a4e8-7e5d9f844896<-02863277-f564-4bc6-8337-fb22627f6f1a#0:FAIL-t188] and 1 exception(s); ad4d83c7-0f96-47bc-a4e8-7e5d9f844896@group-24C785E9A0FC:t188, leader=null, voted=ad4d83c7-0f96-47bc-a4e8-7e5d9f844896, raftlog=ad4d83c7-0f96-47bc-a4e8-7e5d9f844896@group-24C785E9A0FC-SegmentedRaftLog:OPENED:c-1,f-1,i0, conf=-1: [3b749b59-de2a-419b-9a26-261692f5c83c:192.168.69.118:39205, ad4d83c7-0f96-47bc-a4e8-7e5d9f844896:192.168.69.118:41688, 02863277-f564-4bc6-8337-fb22627f6f1a:192.168.69.118:36850], old=null
2019-10-23 12:13:42,493 [ad4d83c7-0f96-47bc-a4e8-7e5d9f844896@group-24C785E9A0FC-LeaderElection188] INFO  impl.LeaderElection (LogUtils.java:infoOrTrace(149)) -   Exception 0: {}
java.util.concurrent.ExecutionException: org.apache.ratis.thirdparty.io.grpc.StatusRuntimeException: UNAVAILABLE: io exception
	at java.util.concurrent.FutureTask.report(FutureTask.java:122)
	at java.util.concurrent.FutureTask.get(FutureTask.java:192)
	at org.apache.ratis.server.impl.LeaderElection.waitForResults(LeaderElection.java:259)
	at org.apache.ratis.server.impl.LeaderElection.askForVotes(LeaderElection.java:197)
	at org.apache.ratis.server.impl.LeaderElection.run(LeaderElection.java:133)
	at java.lang.Thread.run(Thread.java:748)
Caused by: org.apache.ratis.thirdparty.io.grpc.StatusRuntimeException: UNAVAILABLE: io exception
	at org.apache.ratis.thirdparty.io.grpc.stub.ClientCalls.toStatusRuntimeException(ClientCalls.java:233)
	at org.apache.ratis.thirdparty.io.grpc.stub.ClientCalls.getUnchecked(ClientCalls.java:214)
	at org.apache.ratis.thirdparty.io.grpc.stub.ClientCalls.blockingUnaryCall(ClientCalls.java:139)
	at org.apache.ratis.proto.grpc.RaftServerProtocolServiceGrpc$RaftServerProtocolServiceBlockingStub.requestVote(RaftServerProtocolServiceGrpc.java:265)
	at org.apache.ratis.grpc.server.GrpcServerProtocolClient.requestVote(GrpcServerProtocolClient.java:99)
	at org.apache.ratis.grpc.server.GrpcService.requestVote(GrpcService.java:204)
	at org.apache.ratis.server.impl.LeaderElection.lambda$submitRequests$1(LeaderElection.java:234)
	at java.util.concurrent.FutureTask.run(FutureTask.java:266)
	at java.util.concurrent.Executors$RunnableAdapter.call(Executors.java:511)
	at java.util.concurrent.FutureTask.run(FutureTask.java:266)
	at java.util.concurrent.ThreadPoolExecutor.runWorker(ThreadPoolExecutor.java:1149)
	at java.util.concurrent.ThreadPoolExecutor$Worker.run(ThreadPoolExecutor.java:624)
	... 1 more
Caused by: org.apache.ratis.thirdparty.io.netty.channel.AbstractChannel$AnnotatedConnectException: Connection refused: /192.168.69.118:39205
	at sun.nio.ch.SocketChannelImpl.checkConnect(Native Method)
	at sun.nio.ch.SocketChannelImpl.finishConnect(SocketChannelImpl.java:717)
	at org.apache.ratis.thirdparty.io.netty.channel.socket.nio.NioSocketChannel.doFinishConnect(NioSocketChannel.java:327)
	at org.apache.ratis.thirdparty.io.netty.channel.nio.AbstractNioChannel$AbstractNioUnsafe.finishConnect(AbstractNioChannel.java:340)
	at org.apache.ratis.thirdparty.io.netty.channel.nio.NioEventLoop.processSelectedKey(NioEventLoop.java:632)
	at org.apache.ratis.thirdparty.io.netty.channel.nio.NioEventLoop.processSelectedKeysOptimized(NioEventLoop.java:579)
	at org.apache.ratis.thirdparty.io.netty.channel.nio.NioEventLoop.processSelectedKeys(NioEventLoop.java:496)
	at org.apache.ratis.thirdparty.io.netty.channel.nio.NioEventLoop.run(NioEventLoop.java:458)
	at org.apache.ratis.thirdparty.io.netty.util.concurrent.SingleThreadEventExecutor$5.run(SingleThreadEventExecutor.java:897)
	at org.apache.ratis.thirdparty.io.netty.util.concurrent.FastThreadLocalRunnable.run(FastThreadLocalRunnable.java:30)
	... 1 more
Caused by: java.net.ConnectException: Connection refused
	... 11 more
2019-10-23 12:13:42,493 [ad4d83c7-0f96-47bc-a4e8-7e5d9f844896@group-24C785E9A0FC-LeaderElection188] INFO  impl.RaftServerImpl (RaftServerImpl.java:setRole(184)) - ad4d83c7-0f96-47bc-a4e8-7e5d9f844896@group-24C785E9A0FC: changes role from CANDIDATE to FOLLOWER at term 188 for DISCOVERED_A_NEW_TERM
2019-10-23 12:13:42,493 [ad4d83c7-0f96-47bc-a4e8-7e5d9f844896@group-24C785E9A0FC-LeaderElection188] INFO  impl.RoleInfo (RoleInfo.java:shutdownLeaderElection(134)) - ad4d83c7-0f96-47bc-a4e8-7e5d9f844896: shutdown LeaderElection
2019-10-23 12:13:42,493 [ad4d83c7-0f96-47bc-a4e8-7e5d9f844896@group-24C785E9A0FC-LeaderElection188] INFO  impl.RoleInfo (RoleInfo.java:updateAndGet(143)) - ad4d83c7-0f96-47bc-a4e8-7e5d9f844896: start FollowerState
2019-10-23 12:13:42,512 [Thread-1732] INFO  impl.FollowerState (FollowerState.java:run(108)) - ad4d83c7-0f96-47bc-a4e8-7e5d9f844896@group-24C785E9A0FC-FollowerState: change to CANDIDATE, lastRpcTime:18ms, electionTimeout:18ms
2019-10-23 12:13:42,512 [Thread-1732] INFO  impl.RoleInfo (RoleInfo.java:shutdownFollowerState(121)) - ad4d83c7-0f96-47bc-a4e8-7e5d9f844896: shutdown FollowerState
2019-10-23 12:13:42,512 [Thread-1732] INFO  impl.RaftServerImpl (RaftServerImpl.java:setRole(184)) - ad4d83c7-0f96-47bc-a4e8-7e5d9f844896@group-24C785E9A0FC: changes role from  FOLLOWER to CANDIDATE at term 188 for changeToCandidate
2019-10-23 12:13:42,512 [Thread-1732] INFO  impl.RoleInfo (RoleInfo.java:updateAndGet(143)) - ad4d83c7-0f96-47bc-a4e8-7e5d9f844896: start LeaderElection
2019-10-23 12:13:42,525 [ad4d83c7-0f96-47bc-a4e8-7e5d9f844896@group-24C785E9A0FC-LeaderElection189] INFO  impl.LeaderElection (LeaderElection.java:askForVotes(178)) - ad4d83c7-0f96-47bc-a4e8-7e5d9f844896@group-24C785E9A0FC-LeaderElection189: begin an election at term 189 for -1: [3b749b59-de2a-419b-9a26-261692f5c83c:192.168.69.118:39205, ad4d83c7-0f96-47bc-a4e8-7e5d9f844896:192.168.69.118:41688, 02863277-f564-4bc6-8337-fb22627f6f1a:192.168.69.118:36850], old=null
2019-10-23 12:13:42,526 [ad4d83c7-0f96-47bc-a4e8-7e5d9f844896@group-24C785E9A0FC-LeaderElection189] INFO  impl.LeaderElection (LogUtils.java:infoOrTrace(149)) - ad4d83c7-0f96-47bc-a4e8-7e5d9f844896@group-24C785E9A0FC-LeaderElection189 got exception when requesting votes: {}
java.util.concurrent.ExecutionException: org.apache.ratis.thirdparty.io.grpc.StatusRuntimeException: UNAVAILABLE: io exception
	at java.util.concurrent.FutureTask.report(FutureTask.java:122)
	at java.util.concurrent.FutureTask.get(FutureTask.java:192)
	at org.apache.ratis.server.impl.LeaderElection.waitForResults(LeaderElection.java:259)
	at org.apache.ratis.server.impl.LeaderElection.askForVotes(LeaderElection.java:197)
	at org.apache.ratis.server.impl.LeaderElection.run(LeaderElection.java:133)
	at java.lang.Thread.run(Thread.java:748)
Caused by: org.apache.ratis.thirdparty.io.grpc.StatusRuntimeException: UNAVAILABLE: io exception
	at org.apache.ratis.thirdparty.io.grpc.stub.ClientCalls.toStatusRuntimeException(ClientCalls.java:233)
	at org.apache.ratis.thirdparty.io.grpc.stub.ClientCalls.getUnchecked(ClientCalls.java:214)
	at org.apache.ratis.thirdparty.io.grpc.stub.ClientCalls.blockingUnaryCall(ClientCalls.java:139)
	at org.apache.ratis.proto.grpc.RaftServerProtocolServiceGrpc$RaftServerProtocolServiceBlockingStub.requestVote(RaftServerProtocolServiceGrpc.java:265)
	at org.apache.ratis.grpc.server.GrpcServerProtocolClient.requestVote(GrpcServerProtocolClient.java:99)
	at org.apache.ratis.grpc.server.GrpcService.requestVote(GrpcService.java:204)
	at org.apache.ratis.server.impl.LeaderElection.lambda$submitRequests$1(LeaderElection.java:234)
	at java.util.concurrent.FutureTask.run(FutureTask.java:266)
	at java.util.concurrent.Executors$RunnableAdapter.call(Executors.java:511)
	at java.util.concurrent.FutureTask.run(FutureTask.java:266)
	at java.util.concurrent.ThreadPoolExecutor.runWorker(ThreadPoolExecutor.java:1149)
	at java.util.concurrent.ThreadPoolExecutor$Worker.run(ThreadPoolExecutor.java:624)
	... 1 more
Caused by: org.apache.ratis.thirdparty.io.netty.channel.AbstractChannel$AnnotatedConnectException: Connection refused: /192.168.69.118:39205
	at sun.nio.ch.SocketChannelImpl.checkConnect(Native Method)
	at sun.nio.ch.SocketChannelImpl.finishConnect(SocketChannelImpl.java:717)
	at org.apache.ratis.thirdparty.io.netty.channel.socket.nio.NioSocketChannel.doFinishConnect(NioSocketChannel.java:327)
	at org.apache.ratis.thirdparty.io.netty.channel.nio.AbstractNioChannel$AbstractNioUnsafe.finishConnect(AbstractNioChannel.java:340)
	at org.apache.ratis.thirdparty.io.netty.channel.nio.NioEventLoop.processSelectedKey(NioEventLoop.java:632)
	at org.apache.ratis.thirdparty.io.netty.channel.nio.NioEventLoop.processSelectedKeysOptimized(NioEventLoop.java:579)
	at org.apache.ratis.thirdparty.io.netty.channel.nio.NioEventLoop.processSelectedKeys(NioEventLoop.java:496)
	at org.apache.ratis.thirdparty.io.netty.channel.nio.NioEventLoop.run(NioEventLoop.java:458)
	at org.apache.ratis.thirdparty.io.netty.util.concurrent.SingleThreadEventExecutor$5.run(SingleThreadEventExecutor.java:897)
	at org.apache.ratis.thirdparty.io.netty.util.concurrent.FastThreadLocalRunnable.run(FastThreadLocalRunnable.java:30)
	... 1 more
Caused by: java.net.ConnectException: Connection refused
	... 11 more
2019-10-23 12:13:42,528 [grpc-default-executor-5] INFO  impl.RaftServerImpl (RaftServerImpl.java:setRole(184)) - 02863277-f564-4bc6-8337-fb22627f6f1a@group-24C785E9A0FC: changes role from  FOLLOWER to FOLLOWER at term 189 for recognizeCandidate:ad4d83c7-0f96-47bc-a4e8-7e5d9f844896
2019-10-23 12:13:42,528 [grpc-default-executor-5] INFO  impl.RoleInfo (RoleInfo.java:shutdownFollowerState(121)) - 02863277-f564-4bc6-8337-fb22627f6f1a: shutdown FollowerState
2019-10-23 12:13:42,528 [grpc-default-executor-5] INFO  impl.RoleInfo (RoleInfo.java:updateAndGet(143)) - 02863277-f564-4bc6-8337-fb22627f6f1a: start FollowerState
2019-10-23 12:13:42,528 [Thread-1731] INFO  impl.FollowerState (FollowerState.java:run(117)) - 02863277-f564-4bc6-8337-fb22627f6f1a@group-24C785E9A0FC-FollowerState was interrupted: java.lang.InterruptedException: sleep interrupted
2019-10-23 12:13:42,548 [ad4d83c7-0f96-47bc-a4e8-7e5d9f844896@group-24C785E9A0FC-LeaderElection189] INFO  impl.LeaderElection (LeaderElection.java:logAndReturn(56)) - ad4d83c7-0f96-47bc-a4e8-7e5d9f844896@group-24C785E9A0FC-LeaderElection189: Election REJECTED; received 1 response(s) [ad4d83c7-0f96-47bc-a4e8-7e5d9f844896<-02863277-f564-4bc6-8337-fb22627f6f1a#0:FAIL-t189] and 1 exception(s); ad4d83c7-0f96-47bc-a4e8-7e5d9f844896@group-24C785E9A0FC:t189, leader=null, voted=ad4d83c7-0f96-47bc-a4e8-7e5d9f844896, raftlog=ad4d83c7-0f96-47bc-a4e8-7e5d9f844896@group-24C785E9A0FC-SegmentedRaftLog:OPENED:c-1,f-1,i0, conf=-1: [3b749b59-de2a-419b-9a26-261692f5c83c:192.168.69.118:39205, ad4d83c7-0f96-47bc-a4e8-7e5d9f844896:192.168.69.118:41688, 02863277-f564-4bc6-8337-fb22627f6f1a:192.168.69.118:36850], old=null
2019-10-23 12:13:42,548 [ad4d83c7-0f96-47bc-a4e8-7e5d9f844896@group-24C785E9A0FC-LeaderElection189] INFO  impl.LeaderElection (LogUtils.java:infoOrTrace(149)) -   Exception 0: {}
java.util.concurrent.ExecutionException: org.apache.ratis.thirdparty.io.grpc.StatusRuntimeException: UNAVAILABLE: io exception
	at java.util.concurrent.FutureTask.report(FutureTask.java:122)
	at java.util.concurrent.FutureTask.get(FutureTask.java:192)
	at org.apache.ratis.server.impl.LeaderElection.waitForResults(LeaderElection.java:259)
	at org.apache.ratis.server.impl.LeaderElection.askForVotes(LeaderElection.java:197)
	at org.apache.ratis.server.impl.LeaderElection.run(LeaderElection.java:133)
	at java.lang.Thread.run(Thread.java:748)
Caused by: org.apache.ratis.thirdparty.io.grpc.StatusRuntimeException: UNAVAILABLE: io exception
	at org.apache.ratis.thirdparty.io.grpc.stub.ClientCalls.toStatusRuntimeException(ClientCalls.java:233)
	at org.apache.ratis.thirdparty.io.grpc.stub.ClientCalls.getUnchecked(ClientCalls.java:214)
	at org.apache.ratis.thirdparty.io.grpc.stub.ClientCalls.blockingUnaryCall(ClientCalls.java:139)
	at org.apache.ratis.proto.grpc.RaftServerProtocolServiceGrpc$RaftServerProtocolServiceBlockingStub.requestVote(RaftServerProtocolServiceGrpc.java:265)
	at org.apache.ratis.grpc.server.GrpcServerProtocolClient.requestVote(GrpcServerProtocolClient.java:99)
	at org.apache.ratis.grpc.server.GrpcService.requestVote(GrpcService.java:204)
	at org.apache.ratis.server.impl.LeaderElection.lambda$submitRequests$1(LeaderElection.java:234)
	at java.util.concurrent.FutureTask.run(FutureTask.java:266)
	at java.util.concurrent.Executors$RunnableAdapter.call(Executors.java:511)
	at java.util.concurrent.FutureTask.run(FutureTask.java:266)
	at java.util.concurrent.ThreadPoolExecutor.runWorker(ThreadPoolExecutor.java:1149)
	at java.util.concurrent.ThreadPoolExecutor$Worker.run(ThreadPoolExecutor.java:624)
	... 1 more
Caused by: org.apache.ratis.thirdparty.io.netty.channel.AbstractChannel$AnnotatedConnectException: Connection refused: /192.168.69.118:39205
	at sun.nio.ch.SocketChannelImpl.checkConnect(Native Method)
	at sun.nio.ch.SocketChannelImpl.finishConnect(SocketChannelImpl.java:717)
	at org.apache.ratis.thirdparty.io.netty.channel.socket.nio.NioSocketChannel.doFinishConnect(NioSocketChannel.java:327)
	at org.apache.ratis.thirdparty.io.netty.channel.nio.AbstractNioChannel$AbstractNioUnsafe.finishConnect(AbstractNioChannel.java:340)
	at org.apache.ratis.thirdparty.io.netty.channel.nio.NioEventLoop.processSelectedKey(NioEventLoop.java:632)
	at org.apache.ratis.thirdparty.io.netty.channel.nio.NioEventLoop.processSelectedKeysOptimized(NioEventLoop.java:579)
	at org.apache.ratis.thirdparty.io.netty.channel.nio.NioEventLoop.processSelectedKeys(NioEventLoop.java:496)
	at org.apache.ratis.thirdparty.io.netty.channel.nio.NioEventLoop.run(NioEventLoop.java:458)
	at org.apache.ratis.thirdparty.io.netty.util.concurrent.SingleThreadEventExecutor$5.run(SingleThreadEventExecutor.java:897)
	at org.apache.ratis.thirdparty.io.netty.util.concurrent.FastThreadLocalRunnable.run(FastThreadLocalRunnable.java:30)
	... 1 more
Caused by: java.net.ConnectException: Connection refused
	... 11 more
2019-10-23 12:13:42,549 [ad4d83c7-0f96-47bc-a4e8-7e5d9f844896@group-24C785E9A0FC-LeaderElection189] INFO  impl.RaftServerImpl (RaftServerImpl.java:setRole(184)) - ad4d83c7-0f96-47bc-a4e8-7e5d9f844896@group-24C785E9A0FC: changes role from CANDIDATE to FOLLOWER at term 189 for DISCOVERED_A_NEW_TERM
2019-10-23 12:13:42,549 [ad4d83c7-0f96-47bc-a4e8-7e5d9f844896@group-24C785E9A0FC-LeaderElection189] INFO  impl.RoleInfo (RoleInfo.java:shutdownLeaderElection(134)) - ad4d83c7-0f96-47bc-a4e8-7e5d9f844896: shutdown LeaderElection
2019-10-23 12:13:42,549 [ad4d83c7-0f96-47bc-a4e8-7e5d9f844896@group-24C785E9A0FC-LeaderElection189] INFO  impl.RoleInfo (RoleInfo.java:updateAndGet(143)) - ad4d83c7-0f96-47bc-a4e8-7e5d9f844896: start FollowerState
2019-10-23 12:13:42,655 [Thread-1737] INFO  impl.FollowerState (FollowerState.java:run(108)) - ad4d83c7-0f96-47bc-a4e8-7e5d9f844896@group-24C785E9A0FC-FollowerState: change to CANDIDATE, lastRpcTime:106ms, electionTimeout:106ms
2019-10-23 12:13:42,656 [Thread-1737] INFO  impl.RoleInfo (RoleInfo.java:shutdownFollowerState(121)) - ad4d83c7-0f96-47bc-a4e8-7e5d9f844896: shutdown FollowerState
2019-10-23 12:13:42,656 [Thread-1737] INFO  impl.RaftServerImpl (RaftServerImpl.java:setRole(184)) - ad4d83c7-0f96-47bc-a4e8-7e5d9f844896@group-24C785E9A0FC: changes role from  FOLLOWER to CANDIDATE at term 189 for changeToCandidate
2019-10-23 12:13:42,656 [Thread-1737] INFO  impl.RoleInfo (RoleInfo.java:updateAndGet(143)) - ad4d83c7-0f96-47bc-a4e8-7e5d9f844896: start LeaderElection
2019-10-23 12:13:42,670 [ad4d83c7-0f96-47bc-a4e8-7e5d9f844896@group-24C785E9A0FC-LeaderElection190] INFO  impl.LeaderElection (LeaderElection.java:askForVotes(178)) - ad4d83c7-0f96-47bc-a4e8-7e5d9f844896@group-24C785E9A0FC-LeaderElection190: begin an election at term 190 for -1: [3b749b59-de2a-419b-9a26-261692f5c83c:192.168.69.118:39205, ad4d83c7-0f96-47bc-a4e8-7e5d9f844896:192.168.69.118:41688, 02863277-f564-4bc6-8337-fb22627f6f1a:192.168.69.118:36850], old=null
2019-10-23 12:13:42,671 [ad4d83c7-0f96-47bc-a4e8-7e5d9f844896@group-24C785E9A0FC-LeaderElection190] INFO  impl.LeaderElection (LogUtils.java:infoOrTrace(149)) - ad4d83c7-0f96-47bc-a4e8-7e5d9f844896@group-24C785E9A0FC-LeaderElection190 got exception when requesting votes: {}
java.util.concurrent.ExecutionException: org.apache.ratis.thirdparty.io.grpc.StatusRuntimeException: UNAVAILABLE: io exception
	at java.util.concurrent.FutureTask.report(FutureTask.java:122)
	at java.util.concurrent.FutureTask.get(FutureTask.java:192)
	at org.apache.ratis.server.impl.LeaderElection.waitForResults(LeaderElection.java:259)
	at org.apache.ratis.server.impl.LeaderElection.askForVotes(LeaderElection.java:197)
	at org.apache.ratis.server.impl.LeaderElection.run(LeaderElection.java:133)
	at java.lang.Thread.run(Thread.java:748)
Caused by: org.apache.ratis.thirdparty.io.grpc.StatusRuntimeException: UNAVAILABLE: io exception
	at org.apache.ratis.thirdparty.io.grpc.stub.ClientCalls.toStatusRuntimeException(ClientCalls.java:233)
	at org.apache.ratis.thirdparty.io.grpc.stub.ClientCalls.getUnchecked(ClientCalls.java:214)
	at org.apache.ratis.thirdparty.io.grpc.stub.ClientCalls.blockingUnaryCall(ClientCalls.java:139)
	at org.apache.ratis.proto.grpc.RaftServerProtocolServiceGrpc$RaftServerProtocolServiceBlockingStub.requestVote(RaftServerProtocolServiceGrpc.java:265)
	at org.apache.ratis.grpc.server.GrpcServerProtocolClient.requestVote(GrpcServerProtocolClient.java:99)
	at org.apache.ratis.grpc.server.GrpcService.requestVote(GrpcService.java:204)
	at org.apache.ratis.server.impl.LeaderElection.lambda$submitRequests$1(LeaderElection.java:234)
	at java.util.concurrent.FutureTask.run(FutureTask.java:266)
	at java.util.concurrent.Executors$RunnableAdapter.call(Executors.java:511)
	at java.util.concurrent.FutureTask.run(FutureTask.java:266)
	at java.util.concurrent.ThreadPoolExecutor.runWorker(ThreadPoolExecutor.java:1149)
	at java.util.concurrent.ThreadPoolExecutor$Worker.run(ThreadPoolExecutor.java:624)
	... 1 more
Caused by: org.apache.ratis.thirdparty.io.netty.channel.AbstractChannel$AnnotatedConnectException: Connection refused: /192.168.69.118:39205
	at sun.nio.ch.SocketChannelImpl.checkConnect(Native Method)
	at sun.nio.ch.SocketChannelImpl.finishConnect(SocketChannelImpl.java:717)
	at org.apache.ratis.thirdparty.io.netty.channel.socket.nio.NioSocketChannel.doFinishConnect(NioSocketChannel.java:327)
	at org.apache.ratis.thirdparty.io.netty.channel.nio.AbstractNioChannel$AbstractNioUnsafe.finishConnect(AbstractNioChannel.java:340)
	at org.apache.ratis.thirdparty.io.netty.channel.nio.NioEventLoop.processSelectedKey(NioEventLoop.java:632)
	at org.apache.ratis.thirdparty.io.netty.channel.nio.NioEventLoop.processSelectedKeysOptimized(NioEventLoop.java:579)
	at org.apache.ratis.thirdparty.io.netty.channel.nio.NioEventLoop.processSelectedKeys(NioEventLoop.java:496)
	at org.apache.ratis.thirdparty.io.netty.channel.nio.NioEventLoop.run(NioEventLoop.java:458)
	at org.apache.ratis.thirdparty.io.netty.util.concurrent.SingleThreadEventExecutor$5.run(SingleThreadEventExecutor.java:897)
	at org.apache.ratis.thirdparty.io.netty.util.concurrent.FastThreadLocalRunnable.run(FastThreadLocalRunnable.java:30)
	... 1 more
Caused by: java.net.ConnectException: Connection refused
	... 11 more
2019-10-23 12:13:42,672 [grpc-default-executor-5] INFO  impl.RaftServerImpl (RaftServerImpl.java:setRole(184)) - 02863277-f564-4bc6-8337-fb22627f6f1a@group-24C785E9A0FC: changes role from  FOLLOWER to FOLLOWER at term 190 for recognizeCandidate:ad4d83c7-0f96-47bc-a4e8-7e5d9f844896
2019-10-23 12:13:42,672 [grpc-default-executor-5] INFO  impl.RoleInfo (RoleInfo.java:shutdownFollowerState(121)) - 02863277-f564-4bc6-8337-fb22627f6f1a: shutdown FollowerState
2019-10-23 12:13:42,673 [grpc-default-executor-5] INFO  impl.RoleInfo (RoleInfo.java:updateAndGet(143)) - 02863277-f564-4bc6-8337-fb22627f6f1a: start FollowerState
2019-10-23 12:13:42,673 [Thread-1736] INFO  impl.FollowerState (FollowerState.java:run(117)) - 02863277-f564-4bc6-8337-fb22627f6f1a@group-24C785E9A0FC-FollowerState was interrupted: java.lang.InterruptedException: sleep interrupted
2019-10-23 12:13:42,687 [ad4d83c7-0f96-47bc-a4e8-7e5d9f844896@group-24C785E9A0FC-LeaderElection190] INFO  impl.LeaderElection (LeaderElection.java:logAndReturn(56)) - ad4d83c7-0f96-47bc-a4e8-7e5d9f844896@group-24C785E9A0FC-LeaderElection190: Election REJECTED; received 1 response(s) [ad4d83c7-0f96-47bc-a4e8-7e5d9f844896<-02863277-f564-4bc6-8337-fb22627f6f1a#0:FAIL-t190] and 1 exception(s); ad4d83c7-0f96-47bc-a4e8-7e5d9f844896@group-24C785E9A0FC:t190, leader=null, voted=ad4d83c7-0f96-47bc-a4e8-7e5d9f844896, raftlog=ad4d83c7-0f96-47bc-a4e8-7e5d9f844896@group-24C785E9A0FC-SegmentedRaftLog:OPENED:c-1,f-1,i0, conf=-1: [3b749b59-de2a-419b-9a26-261692f5c83c:192.168.69.118:39205, ad4d83c7-0f96-47bc-a4e8-7e5d9f844896:192.168.69.118:41688, 02863277-f564-4bc6-8337-fb22627f6f1a:192.168.69.118:36850], old=null
2019-10-23 12:13:42,687 [ad4d83c7-0f96-47bc-a4e8-7e5d9f844896@group-24C785E9A0FC-LeaderElection190] INFO  impl.LeaderElection (LogUtils.java:infoOrTrace(149)) -   Exception 0: {}
java.util.concurrent.ExecutionException: org.apache.ratis.thirdparty.io.grpc.StatusRuntimeException: UNAVAILABLE: io exception
	at java.util.concurrent.FutureTask.report(FutureTask.java:122)
	at java.util.concurrent.FutureTask.get(FutureTask.java:192)
	at org.apache.ratis.server.impl.LeaderElection.waitForResults(LeaderElection.java:259)
	at org.apache.ratis.server.impl.LeaderElection.askForVotes(LeaderElection.java:197)
	at org.apache.ratis.server.impl.LeaderElection.run(LeaderElection.java:133)
	at java.lang.Thread.run(Thread.java:748)
Caused by: org.apache.ratis.thirdparty.io.grpc.StatusRuntimeException: UNAVAILABLE: io exception
	at org.apache.ratis.thirdparty.io.grpc.stub.ClientCalls.toStatusRuntimeException(ClientCalls.java:233)
	at org.apache.ratis.thirdparty.io.grpc.stub.ClientCalls.getUnchecked(ClientCalls.java:214)
	at org.apache.ratis.thirdparty.io.grpc.stub.ClientCalls.blockingUnaryCall(ClientCalls.java:139)
	at org.apache.ratis.proto.grpc.RaftServerProtocolServiceGrpc$RaftServerProtocolServiceBlockingStub.requestVote(RaftServerProtocolServiceGrpc.java:265)
	at org.apache.ratis.grpc.server.GrpcServerProtocolClient.requestVote(GrpcServerProtocolClient.java:99)
	at org.apache.ratis.grpc.server.GrpcService.requestVote(GrpcService.java:204)
	at org.apache.ratis.server.impl.LeaderElection.lambda$submitRequests$1(LeaderElection.java:234)
	at java.util.concurrent.FutureTask.run(FutureTask.java:266)
	at java.util.concurrent.Executors$RunnableAdapter.call(Executors.java:511)
	at java.util.concurrent.FutureTask.run(FutureTask.java:266)
	at java.util.concurrent.ThreadPoolExecutor.runWorker(ThreadPoolExecutor.java:1149)
	at java.util.concurrent.ThreadPoolExecutor$Worker.run(ThreadPoolExecutor.java:624)
	... 1 more
Caused by: org.apache.ratis.thirdparty.io.netty.channel.AbstractChannel$AnnotatedConnectException: Connection refused: /192.168.69.118:39205
	at sun.nio.ch.SocketChannelImpl.checkConnect(Native Method)
	at sun.nio.ch.SocketChannelImpl.finishConnect(SocketChannelImpl.java:717)
	at org.apache.ratis.thirdparty.io.netty.channel.socket.nio.NioSocketChannel.doFinishConnect(NioSocketChannel.java:327)
	at org.apache.ratis.thirdparty.io.netty.channel.nio.AbstractNioChannel$AbstractNioUnsafe.finishConnect(AbstractNioChannel.java:340)
	at org.apache.ratis.thirdparty.io.netty.channel.nio.NioEventLoop.processSelectedKey(NioEventLoop.java:632)
	at org.apache.ratis.thirdparty.io.netty.channel.nio.NioEventLoop.processSelectedKeysOptimized(NioEventLoop.java:579)
	at org.apache.ratis.thirdparty.io.netty.channel.nio.NioEventLoop.processSelectedKeys(NioEventLoop.java:496)
	at org.apache.ratis.thirdparty.io.netty.channel.nio.NioEventLoop.run(NioEventLoop.java:458)
	at org.apache.ratis.thirdparty.io.netty.util.concurrent.SingleThreadEventExecutor$5.run(SingleThreadEventExecutor.java:897)
	at org.apache.ratis.thirdparty.io.netty.util.concurrent.FastThreadLocalRunnable.run(FastThreadLocalRunnable.java:30)
	... 1 more
Caused by: java.net.ConnectException: Connection refused
	... 11 more
2019-10-23 12:13:42,687 [ad4d83c7-0f96-47bc-a4e8-7e5d9f844896@group-24C785E9A0FC-LeaderElection190] INFO  impl.RaftServerImpl (RaftServerImpl.java:setRole(184)) - ad4d83c7-0f96-47bc-a4e8-7e5d9f844896@group-24C785E9A0FC: changes role from CANDIDATE to FOLLOWER at term 190 for DISCOVERED_A_NEW_TERM
2019-10-23 12:13:42,687 [ad4d83c7-0f96-47bc-a4e8-7e5d9f844896@group-24C785E9A0FC-LeaderElection190] INFO  impl.RoleInfo (RoleInfo.java:shutdownLeaderElection(134)) - ad4d83c7-0f96-47bc-a4e8-7e5d9f844896: shutdown LeaderElection
2019-10-23 12:13:42,687 [ad4d83c7-0f96-47bc-a4e8-7e5d9f844896@group-24C785E9A0FC-LeaderElection190] INFO  impl.RoleInfo (RoleInfo.java:updateAndGet(143)) - ad4d83c7-0f96-47bc-a4e8-7e5d9f844896: start FollowerState
2019-10-23 12:13:42,753 [Thread-1744] INFO  impl.FollowerState (FollowerState.java:run(108)) - ad4d83c7-0f96-47bc-a4e8-7e5d9f844896@group-24C785E9A0FC-FollowerState: change to CANDIDATE, lastRpcTime:65ms, electionTimeout:65ms
2019-10-23 12:13:42,753 [Thread-1744] INFO  impl.RoleInfo (RoleInfo.java:shutdownFollowerState(121)) - ad4d83c7-0f96-47bc-a4e8-7e5d9f844896: shutdown FollowerState
2019-10-23 12:13:42,753 [Thread-1744] INFO  impl.RaftServerImpl (RaftServerImpl.java:setRole(184)) - ad4d83c7-0f96-47bc-a4e8-7e5d9f844896@group-24C785E9A0FC: changes role from  FOLLOWER to CANDIDATE at term 190 for changeToCandidate
2019-10-23 12:13:42,753 [Thread-1744] INFO  impl.RoleInfo (RoleInfo.java:updateAndGet(143)) - ad4d83c7-0f96-47bc-a4e8-7e5d9f844896: start LeaderElection
2019-10-23 12:13:42,767 [ad4d83c7-0f96-47bc-a4e8-7e5d9f844896@group-24C785E9A0FC-LeaderElection191] INFO  impl.LeaderElection (LeaderElection.java:askForVotes(178)) - ad4d83c7-0f96-47bc-a4e8-7e5d9f844896@group-24C785E9A0FC-LeaderElection191: begin an election at term 191 for -1: [3b749b59-de2a-419b-9a26-261692f5c83c:192.168.69.118:39205, ad4d83c7-0f96-47bc-a4e8-7e5d9f844896:192.168.69.118:41688, 02863277-f564-4bc6-8337-fb22627f6f1a:192.168.69.118:36850], old=null
2019-10-23 12:13:42,767 [ad4d83c7-0f96-47bc-a4e8-7e5d9f844896@group-24C785E9A0FC-LeaderElection191] INFO  impl.LeaderElection (LogUtils.java:infoOrTrace(149)) - ad4d83c7-0f96-47bc-a4e8-7e5d9f844896@group-24C785E9A0FC-LeaderElection191 got exception when requesting votes: {}
java.util.concurrent.ExecutionException: org.apache.ratis.thirdparty.io.grpc.StatusRuntimeException: UNAVAILABLE: io exception
	at java.util.concurrent.FutureTask.report(FutureTask.java:122)
	at java.util.concurrent.FutureTask.get(FutureTask.java:192)
	at org.apache.ratis.server.impl.LeaderElection.waitForResults(LeaderElection.java:259)
	at org.apache.ratis.server.impl.LeaderElection.askForVotes(LeaderElection.java:197)
	at org.apache.ratis.server.impl.LeaderElection.run(LeaderElection.java:133)
	at java.lang.Thread.run(Thread.java:748)
Caused by: org.apache.ratis.thirdparty.io.grpc.StatusRuntimeException: UNAVAILABLE: io exception
	at org.apache.ratis.thirdparty.io.grpc.stub.ClientCalls.toStatusRuntimeException(ClientCalls.java:233)
	at org.apache.ratis.thirdparty.io.grpc.stub.ClientCalls.getUnchecked(ClientCalls.java:214)
	at org.apache.ratis.thirdparty.io.grpc.stub.ClientCalls.blockingUnaryCall(ClientCalls.java:139)
	at org.apache.ratis.proto.grpc.RaftServerProtocolServiceGrpc$RaftServerProtocolServiceBlockingStub.requestVote(RaftServerProtocolServiceGrpc.java:265)
	at org.apache.ratis.grpc.server.GrpcServerProtocolClient.requestVote(GrpcServerProtocolClient.java:99)
	at org.apache.ratis.grpc.server.GrpcService.requestVote(GrpcService.java:204)
	at org.apache.ratis.server.impl.LeaderElection.lambda$submitRequests$1(LeaderElection.java:234)
	at java.util.concurrent.FutureTask.run(FutureTask.java:266)
	at java.util.concurrent.Executors$RunnableAdapter.call(Executors.java:511)
	at java.util.concurrent.FutureTask.run(FutureTask.java:266)
	at java.util.concurrent.ThreadPoolExecutor.runWorker(ThreadPoolExecutor.java:1149)
	at java.util.concurrent.ThreadPoolExecutor$Worker.run(ThreadPoolExecutor.java:624)
	... 1 more
Caused by: org.apache.ratis.thirdparty.io.netty.channel.AbstractChannel$AnnotatedConnectException: Connection refused: /192.168.69.118:39205
	at sun.nio.ch.SocketChannelImpl.checkConnect(Native Method)
	at sun.nio.ch.SocketChannelImpl.finishConnect(SocketChannelImpl.java:717)
	at org.apache.ratis.thirdparty.io.netty.channel.socket.nio.NioSocketChannel.doFinishConnect(NioSocketChannel.java:327)
	at org.apache.ratis.thirdparty.io.netty.channel.nio.AbstractNioChannel$AbstractNioUnsafe.finishConnect(AbstractNioChannel.java:340)
	at org.apache.ratis.thirdparty.io.netty.channel.nio.NioEventLoop.processSelectedKey(NioEventLoop.java:632)
	at org.apache.ratis.thirdparty.io.netty.channel.nio.NioEventLoop.processSelectedKeysOptimized(NioEventLoop.java:579)
	at org.apache.ratis.thirdparty.io.netty.channel.nio.NioEventLoop.processSelectedKeys(NioEventLoop.java:496)
	at org.apache.ratis.thirdparty.io.netty.channel.nio.NioEventLoop.run(NioEventLoop.java:458)
	at org.apache.ratis.thirdparty.io.netty.util.concurrent.SingleThreadEventExecutor$5.run(SingleThreadEventExecutor.java:897)
	at org.apache.ratis.thirdparty.io.netty.util.concurrent.FastThreadLocalRunnable.run(FastThreadLocalRunnable.java:30)
	... 1 more
Caused by: java.net.ConnectException: Connection refused
	... 11 more
2019-10-23 12:13:42,769 [grpc-default-executor-5] INFO  impl.RaftServerImpl (RaftServerImpl.java:setRole(184)) - 02863277-f564-4bc6-8337-fb22627f6f1a@group-24C785E9A0FC: changes role from  FOLLOWER to FOLLOWER at term 191 for recognizeCandidate:ad4d83c7-0f96-47bc-a4e8-7e5d9f844896
2019-10-23 12:13:42,769 [grpc-default-executor-5] INFO  impl.RoleInfo (RoleInfo.java:shutdownFollowerState(121)) - 02863277-f564-4bc6-8337-fb22627f6f1a: shutdown FollowerState
2019-10-23 12:13:42,769 [Thread-1743] INFO  impl.FollowerState (FollowerState.java:run(117)) - 02863277-f564-4bc6-8337-fb22627f6f1a@group-24C785E9A0FC-FollowerState was interrupted: java.lang.InterruptedException: sleep interrupted
2019-10-23 12:13:42,769 [grpc-default-executor-5] INFO  impl.RoleInfo (RoleInfo.java:updateAndGet(143)) - 02863277-f564-4bc6-8337-fb22627f6f1a: start FollowerState
2019-10-23 12:13:42,784 [ad4d83c7-0f96-47bc-a4e8-7e5d9f844896@group-24C785E9A0FC-LeaderElection191] INFO  impl.LeaderElection (LeaderElection.java:logAndReturn(56)) - ad4d83c7-0f96-47bc-a4e8-7e5d9f844896@group-24C785E9A0FC-LeaderElection191: Election REJECTED; received 1 response(s) [ad4d83c7-0f96-47bc-a4e8-7e5d9f844896<-02863277-f564-4bc6-8337-fb22627f6f1a#0:FAIL-t191] and 1 exception(s); ad4d83c7-0f96-47bc-a4e8-7e5d9f844896@group-24C785E9A0FC:t191, leader=null, voted=ad4d83c7-0f96-47bc-a4e8-7e5d9f844896, raftlog=ad4d83c7-0f96-47bc-a4e8-7e5d9f844896@group-24C785E9A0FC-SegmentedRaftLog:OPENED:c-1,f-1,i0, conf=-1: [3b749b59-de2a-419b-9a26-261692f5c83c:192.168.69.118:39205, ad4d83c7-0f96-47bc-a4e8-7e5d9f844896:192.168.69.118:41688, 02863277-f564-4bc6-8337-fb22627f6f1a:192.168.69.118:36850], old=null
2019-10-23 12:13:42,784 [ad4d83c7-0f96-47bc-a4e8-7e5d9f844896@group-24C785E9A0FC-LeaderElection191] INFO  impl.LeaderElection (LogUtils.java:infoOrTrace(149)) -   Exception 0: {}
java.util.concurrent.ExecutionException: org.apache.ratis.thirdparty.io.grpc.StatusRuntimeException: UNAVAILABLE: io exception
	at java.util.concurrent.FutureTask.report(FutureTask.java:122)
	at java.util.concurrent.FutureTask.get(FutureTask.java:192)
	at org.apache.ratis.server.impl.LeaderElection.waitForResults(LeaderElection.java:259)
	at org.apache.ratis.server.impl.LeaderElection.askForVotes(LeaderElection.java:197)
	at org.apache.ratis.server.impl.LeaderElection.run(LeaderElection.java:133)
	at java.lang.Thread.run(Thread.java:748)
Caused by: org.apache.ratis.thirdparty.io.grpc.StatusRuntimeException: UNAVAILABLE: io exception
	at org.apache.ratis.thirdparty.io.grpc.stub.ClientCalls.toStatusRuntimeException(ClientCalls.java:233)
	at org.apache.ratis.thirdparty.io.grpc.stub.ClientCalls.getUnchecked(ClientCalls.java:214)
	at org.apache.ratis.thirdparty.io.grpc.stub.ClientCalls.blockingUnaryCall(ClientCalls.java:139)
	at org.apache.ratis.proto.grpc.RaftServerProtocolServiceGrpc$RaftServerProtocolServiceBlockingStub.requestVote(RaftServerProtocolServiceGrpc.java:265)
	at org.apache.ratis.grpc.server.GrpcServerProtocolClient.requestVote(GrpcServerProtocolClient.java:99)
	at org.apache.ratis.grpc.server.GrpcService.requestVote(GrpcService.java:204)
	at org.apache.ratis.server.impl.LeaderElection.lambda$submitRequests$1(LeaderElection.java:234)
	at java.util.concurrent.FutureTask.run(FutureTask.java:266)
	at java.util.concurrent.Executors$RunnableAdapter.call(Executors.java:511)
	at java.util.concurrent.FutureTask.run(FutureTask.java:266)
	at java.util.concurrent.ThreadPoolExecutor.runWorker(ThreadPoolExecutor.java:1149)
	at java.util.concurrent.ThreadPoolExecutor$Worker.run(ThreadPoolExecutor.java:624)
	... 1 more
Caused by: org.apache.ratis.thirdparty.io.netty.channel.AbstractChannel$AnnotatedConnectException: Connection refused: /192.168.69.118:39205
	at sun.nio.ch.SocketChannelImpl.checkConnect(Native Method)
	at sun.nio.ch.SocketChannelImpl.finishConnect(SocketChannelImpl.java:717)
	at org.apache.ratis.thirdparty.io.netty.channel.socket.nio.NioSocketChannel.doFinishConnect(NioSocketChannel.java:327)
	at org.apache.ratis.thirdparty.io.netty.channel.nio.AbstractNioChannel$AbstractNioUnsafe.finishConnect(AbstractNioChannel.java:340)
	at org.apache.ratis.thirdparty.io.netty.channel.nio.NioEventLoop.processSelectedKey(NioEventLoop.java:632)
	at org.apache.ratis.thirdparty.io.netty.channel.nio.NioEventLoop.processSelectedKeysOptimized(NioEventLoop.java:579)
	at org.apache.ratis.thirdparty.io.netty.channel.nio.NioEventLoop.processSelectedKeys(NioEventLoop.java:496)
	at org.apache.ratis.thirdparty.io.netty.channel.nio.NioEventLoop.run(NioEventLoop.java:458)
	at org.apache.ratis.thirdparty.io.netty.util.concurrent.SingleThreadEventExecutor$5.run(SingleThreadEventExecutor.java:897)
	at org.apache.ratis.thirdparty.io.netty.util.concurrent.FastThreadLocalRunnable.run(FastThreadLocalRunnable.java:30)
	... 1 more
Caused by: java.net.ConnectException: Connection refused
	... 11 more
2019-10-23 12:13:42,784 [ad4d83c7-0f96-47bc-a4e8-7e5d9f844896@group-24C785E9A0FC-LeaderElection191] INFO  impl.RaftServerImpl (RaftServerImpl.java:setRole(184)) - ad4d83c7-0f96-47bc-a4e8-7e5d9f844896@group-24C785E9A0FC: changes role from CANDIDATE to FOLLOWER at term 191 for DISCOVERED_A_NEW_TERM
2019-10-23 12:13:42,784 [ad4d83c7-0f96-47bc-a4e8-7e5d9f844896@group-24C785E9A0FC-LeaderElection191] INFO  impl.RoleInfo (RoleInfo.java:shutdownLeaderElection(134)) - ad4d83c7-0f96-47bc-a4e8-7e5d9f844896: shutdown LeaderElection
2019-10-23 12:13:42,784 [ad4d83c7-0f96-47bc-a4e8-7e5d9f844896@group-24C785E9A0FC-LeaderElection191] INFO  impl.RoleInfo (RoleInfo.java:updateAndGet(143)) - ad4d83c7-0f96-47bc-a4e8-7e5d9f844896: start FollowerState
2019-10-23 12:13:42,924 [Thread-1691] INFO  impl.FollowerState (FollowerState.java:run(108)) - 4949cace-0585-430c-97a7-3db1e354cdac@group-55CA4A6792A0-FollowerState: change to CANDIDATE, lastRpcTime:1140ms, electionTimeout:1140ms
2019-10-23 12:13:42,924 [Thread-1691] INFO  impl.RoleInfo (RoleInfo.java:shutdownFollowerState(121)) - 4949cace-0585-430c-97a7-3db1e354cdac: shutdown FollowerState
2019-10-23 12:13:42,924 [Thread-1691] INFO  impl.RaftServerImpl (RaftServerImpl.java:setRole(184)) - 4949cace-0585-430c-97a7-3db1e354cdac@group-55CA4A6792A0: changes role from  FOLLOWER to CANDIDATE at term 7 for changeToCandidate
2019-10-23 12:13:42,924 [Thread-1691] INFO  impl.RoleInfo (RoleInfo.java:updateAndGet(143)) - 4949cace-0585-430c-97a7-3db1e354cdac: start LeaderElection
2019-10-23 12:13:42,938 [4949cace-0585-430c-97a7-3db1e354cdac@group-55CA4A6792A0-LeaderElection192] INFO  impl.LeaderElection (LeaderElection.java:askForVotes(178)) - 4949cace-0585-430c-97a7-3db1e354cdac@group-55CA4A6792A0-LeaderElection192: begin an election at term 8 for 0: [736d60a2-feff-478b-9de2-63399c9845c9:192.168.69.118:36235, d21719ef-fad3-4f0e-b494-842eeedea460:192.168.69.118:45836, 4949cace-0585-430c-97a7-3db1e354cdac:192.168.69.118:33911], old=null
2019-10-23 12:13:42,938 [4949cace-0585-430c-97a7-3db1e354cdac@group-55CA4A6792A0-LeaderElection192] INFO  impl.LeaderElection (LogUtils.java:infoOrTrace(149)) - 4949cace-0585-430c-97a7-3db1e354cdac@group-55CA4A6792A0-LeaderElection192 got exception when requesting votes: {}
java.util.concurrent.ExecutionException: org.apache.ratis.thirdparty.io.grpc.StatusRuntimeException: UNAVAILABLE: io exception
	at java.util.concurrent.FutureTask.report(FutureTask.java:122)
	at java.util.concurrent.FutureTask.get(FutureTask.java:192)
	at org.apache.ratis.server.impl.LeaderElection.waitForResults(LeaderElection.java:259)
	at org.apache.ratis.server.impl.LeaderElection.askForVotes(LeaderElection.java:197)
	at org.apache.ratis.server.impl.LeaderElection.run(LeaderElection.java:133)
	at java.lang.Thread.run(Thread.java:748)
Caused by: org.apache.ratis.thirdparty.io.grpc.StatusRuntimeException: UNAVAILABLE: io exception
	at org.apache.ratis.thirdparty.io.grpc.stub.ClientCalls.toStatusRuntimeException(ClientCalls.java:233)
	at org.apache.ratis.thirdparty.io.grpc.stub.ClientCalls.getUnchecked(ClientCalls.java:214)
	at org.apache.ratis.thirdparty.io.grpc.stub.ClientCalls.blockingUnaryCall(ClientCalls.java:139)
	at org.apache.ratis.proto.grpc.RaftServerProtocolServiceGrpc$RaftServerProtocolServiceBlockingStub.requestVote(RaftServerProtocolServiceGrpc.java:265)
	at org.apache.ratis.grpc.server.GrpcServerProtocolClient.requestVote(GrpcServerProtocolClient.java:99)
	at org.apache.ratis.grpc.server.GrpcService.requestVote(GrpcService.java:204)
	at org.apache.ratis.server.impl.LeaderElection.lambda$submitRequests$1(LeaderElection.java:234)
	at java.util.concurrent.FutureTask.run(FutureTask.java:266)
	at java.util.concurrent.Executors$RunnableAdapter.call(Executors.java:511)
	at java.util.concurrent.FutureTask.run(FutureTask.java:266)
	at java.util.concurrent.ThreadPoolExecutor.runWorker(ThreadPoolExecutor.java:1149)
	at java.util.concurrent.ThreadPoolExecutor$Worker.run(ThreadPoolExecutor.java:624)
	... 1 more
Caused by: org.apache.ratis.thirdparty.io.netty.channel.AbstractChannel$AnnotatedConnectException: Connection refused: /192.168.69.118:36235
	at sun.nio.ch.SocketChannelImpl.checkConnect(Native Method)
	at sun.nio.ch.SocketChannelImpl.finishConnect(SocketChannelImpl.java:717)
	at org.apache.ratis.thirdparty.io.netty.channel.socket.nio.NioSocketChannel.doFinishConnect(NioSocketChannel.java:327)
	at org.apache.ratis.thirdparty.io.netty.channel.nio.AbstractNioChannel$AbstractNioUnsafe.finishConnect(AbstractNioChannel.java:340)
	at org.apache.ratis.thirdparty.io.netty.channel.nio.NioEventLoop.processSelectedKey(NioEventLoop.java:632)
	at org.apache.ratis.thirdparty.io.netty.channel.nio.NioEventLoop.processSelectedKeysOptimized(NioEventLoop.java:579)
	at org.apache.ratis.thirdparty.io.netty.channel.nio.NioEventLoop.processSelectedKeys(NioEventLoop.java:496)
	at org.apache.ratis.thirdparty.io.netty.channel.nio.NioEventLoop.run(NioEventLoop.java:458)
	at org.apache.ratis.thirdparty.io.netty.util.concurrent.SingleThreadEventExecutor$5.run(SingleThreadEventExecutor.java:897)
	at org.apache.ratis.thirdparty.io.netty.util.concurrent.FastThreadLocalRunnable.run(FastThreadLocalRunnable.java:30)
	... 1 more
Caused by: java.net.ConnectException: Connection refused
	... 11 more
2019-10-23 12:13:42,939 [4949cace-0585-430c-97a7-3db1e354cdac@group-55CA4A6792A0-LeaderElection192] INFO  impl.LeaderElection (LogUtils.java:infoOrTrace(149)) - 4949cace-0585-430c-97a7-3db1e354cdac@group-55CA4A6792A0-LeaderElection192 got exception when requesting votes: {}
java.util.concurrent.ExecutionException: org.apache.ratis.thirdparty.io.grpc.StatusRuntimeException: UNAVAILABLE: io exception
	at java.util.concurrent.FutureTask.report(FutureTask.java:122)
	at java.util.concurrent.FutureTask.get(FutureTask.java:192)
	at org.apache.ratis.server.impl.LeaderElection.waitForResults(LeaderElection.java:259)
	at org.apache.ratis.server.impl.LeaderElection.askForVotes(LeaderElection.java:197)
	at org.apache.ratis.server.impl.LeaderElection.run(LeaderElection.java:133)
	at java.lang.Thread.run(Thread.java:748)
Caused by: org.apache.ratis.thirdparty.io.grpc.StatusRuntimeException: UNAVAILABLE: io exception
	at org.apache.ratis.thirdparty.io.grpc.stub.ClientCalls.toStatusRuntimeException(ClientCalls.java:233)
	at org.apache.ratis.thirdparty.io.grpc.stub.ClientCalls.getUnchecked(ClientCalls.java:214)
	at org.apache.ratis.thirdparty.io.grpc.stub.ClientCalls.blockingUnaryCall(ClientCalls.java:139)
	at org.apache.ratis.proto.grpc.RaftServerProtocolServiceGrpc$RaftServerProtocolServiceBlockingStub.requestVote(RaftServerProtocolServiceGrpc.java:265)
	at org.apache.ratis.grpc.server.GrpcServerProtocolClient.requestVote(GrpcServerProtocolClient.java:99)
	at org.apache.ratis.grpc.server.GrpcService.requestVote(GrpcService.java:204)
	at org.apache.ratis.server.impl.LeaderElection.lambda$submitRequests$1(LeaderElection.java:234)
	at java.util.concurrent.FutureTask.run(FutureTask.java:266)
	at java.util.concurrent.Executors$RunnableAdapter.call(Executors.java:511)
	at java.util.concurrent.FutureTask.run(FutureTask.java:266)
	at java.util.concurrent.ThreadPoolExecutor.runWorker(ThreadPoolExecutor.java:1149)
	at java.util.concurrent.ThreadPoolExecutor$Worker.run(ThreadPoolExecutor.java:624)
	... 1 more
Caused by: org.apache.ratis.thirdparty.io.netty.channel.AbstractChannel$AnnotatedConnectException: Connection refused: /192.168.69.118:45836
	at sun.nio.ch.SocketChannelImpl.checkConnect(Native Method)
	at sun.nio.ch.SocketChannelImpl.finishConnect(SocketChannelImpl.java:717)
	at org.apache.ratis.thirdparty.io.netty.channel.socket.nio.NioSocketChannel.doFinishConnect(NioSocketChannel.java:327)
	at org.apache.ratis.thirdparty.io.netty.channel.nio.AbstractNioChannel$AbstractNioUnsafe.finishConnect(AbstractNioChannel.java:340)
	at org.apache.ratis.thirdparty.io.netty.channel.nio.NioEventLoop.processSelectedKey(NioEventLoop.java:632)
	at org.apache.ratis.thirdparty.io.netty.channel.nio.NioEventLoop.processSelectedKeysOptimized(NioEventLoop.java:579)
	at org.apache.ratis.thirdparty.io.netty.channel.nio.NioEventLoop.processSelectedKeys(NioEventLoop.java:496)
	at org.apache.ratis.thirdparty.io.netty.channel.nio.NioEventLoop.run(NioEventLoop.java:458)
	at org.apache.ratis.thirdparty.io.netty.util.concurrent.SingleThreadEventExecutor$5.run(SingleThreadEventExecutor.java:897)
	at org.apache.ratis.thirdparty.io.netty.util.concurrent.FastThreadLocalRunnable.run(FastThreadLocalRunnable.java:30)
	... 1 more
Caused by: java.net.ConnectException: Connection refused
	... 11 more
2019-10-23 12:13:42,939 [4949cace-0585-430c-97a7-3db1e354cdac@group-55CA4A6792A0-LeaderElection192] INFO  impl.LeaderElection (LeaderElection.java:logAndReturn(56)) - 4949cace-0585-430c-97a7-3db1e354cdac@group-55CA4A6792A0-LeaderElection192: Election REJECTED; received 0 response(s) [] and 2 exception(s); 4949cace-0585-430c-97a7-3db1e354cdac@group-55CA4A6792A0:t8, leader=null, voted=4949cace-0585-430c-97a7-3db1e354cdac, raftlog=4949cace-0585-430c-97a7-3db1e354cdac@group-55CA4A6792A0-SegmentedRaftLog:OPENED:c15,f15,i15, conf=0: [736d60a2-feff-478b-9de2-63399c9845c9:192.168.69.118:36235, d21719ef-fad3-4f0e-b494-842eeedea460:192.168.69.118:45836, 4949cace-0585-430c-97a7-3db1e354cdac:192.168.69.118:33911], old=null
2019-10-23 12:13:42,939 [4949cace-0585-430c-97a7-3db1e354cdac@group-55CA4A6792A0-LeaderElection192] INFO  impl.LeaderElection (LogUtils.java:infoOrTrace(149)) -   Exception 0: {}
java.util.concurrent.ExecutionException: org.apache.ratis.thirdparty.io.grpc.StatusRuntimeException: UNAVAILABLE: io exception
	at java.util.concurrent.FutureTask.report(FutureTask.java:122)
	at java.util.concurrent.FutureTask.get(FutureTask.java:192)
	at org.apache.ratis.server.impl.LeaderElection.waitForResults(LeaderElection.java:259)
	at org.apache.ratis.server.impl.LeaderElection.askForVotes(LeaderElection.java:197)
	at org.apache.ratis.server.impl.LeaderElection.run(LeaderElection.java:133)
	at java.lang.Thread.run(Thread.java:748)
Caused by: org.apache.ratis.thirdparty.io.grpc.StatusRuntimeException: UNAVAILABLE: io exception
	at org.apache.ratis.thirdparty.io.grpc.stub.ClientCalls.toStatusRuntimeException(ClientCalls.java:233)
	at org.apache.ratis.thirdparty.io.grpc.stub.ClientCalls.getUnchecked(ClientCalls.java:214)
	at org.apache.ratis.thirdparty.io.grpc.stub.ClientCalls.blockingUnaryCall(ClientCalls.java:139)
	at org.apache.ratis.proto.grpc.RaftServerProtocolServiceGrpc$RaftServerProtocolServiceBlockingStub.requestVote(RaftServerProtocolServiceGrpc.java:265)
	at org.apache.ratis.grpc.server.GrpcServerProtocolClient.requestVote(GrpcServerProtocolClient.java:99)
	at org.apache.ratis.grpc.server.GrpcService.requestVote(GrpcService.java:204)
	at org.apache.ratis.server.impl.LeaderElection.lambda$submitRequests$1(LeaderElection.java:234)
	at java.util.concurrent.FutureTask.run(FutureTask.java:266)
	at java.util.concurrent.Executors$RunnableAdapter.call(Executors.java:511)
	at java.util.concurrent.FutureTask.run(FutureTask.java:266)
	at java.util.concurrent.ThreadPoolExecutor.runWorker(ThreadPoolExecutor.java:1149)
	at java.util.concurrent.ThreadPoolExecutor$Worker.run(ThreadPoolExecutor.java:624)
	... 1 more
Caused by: org.apache.ratis.thirdparty.io.netty.channel.AbstractChannel$AnnotatedConnectException: Connection refused: /192.168.69.118:36235
	at sun.nio.ch.SocketChannelImpl.checkConnect(Native Method)
	at sun.nio.ch.SocketChannelImpl.finishConnect(SocketChannelImpl.java:717)
	at org.apache.ratis.thirdparty.io.netty.channel.socket.nio.NioSocketChannel.doFinishConnect(NioSocketChannel.java:327)
	at org.apache.ratis.thirdparty.io.netty.channel.nio.AbstractNioChannel$AbstractNioUnsafe.finishConnect(AbstractNioChannel.java:340)
	at org.apache.ratis.thirdparty.io.netty.channel.nio.NioEventLoop.processSelectedKey(NioEventLoop.java:632)
	at org.apache.ratis.thirdparty.io.netty.channel.nio.NioEventLoop.processSelectedKeysOptimized(NioEventLoop.java:579)
	at org.apache.ratis.thirdparty.io.netty.channel.nio.NioEventLoop.processSelectedKeys(NioEventLoop.java:496)
	at org.apache.ratis.thirdparty.io.netty.channel.nio.NioEventLoop.run(NioEventLoop.java:458)
	at org.apache.ratis.thirdparty.io.netty.util.concurrent.SingleThreadEventExecutor$5.run(SingleThreadEventExecutor.java:897)
	at org.apache.ratis.thirdparty.io.netty.util.concurrent.FastThreadLocalRunnable.run(FastThreadLocalRunnable.java:30)
	... 1 more
Caused by: java.net.ConnectException: Connection refused
	... 11 more
2019-10-23 12:13:42,939 [4949cace-0585-430c-97a7-3db1e354cdac@group-55CA4A6792A0-LeaderElection192] INFO  impl.LeaderElection (LogUtils.java:infoOrTrace(149)) -   Exception 1: {}
java.util.concurrent.ExecutionException: org.apache.ratis.thirdparty.io.grpc.StatusRuntimeException: UNAVAILABLE: io exception
	at java.util.concurrent.FutureTask.report(FutureTask.java:122)
	at java.util.concurrent.FutureTask.get(FutureTask.java:192)
	at org.apache.ratis.server.impl.LeaderElection.waitForResults(LeaderElection.java:259)
	at org.apache.ratis.server.impl.LeaderElection.askForVotes(LeaderElection.java:197)
	at org.apache.ratis.server.impl.LeaderElection.run(LeaderElection.java:133)
	at java.lang.Thread.run(Thread.java:748)
Caused by: org.apache.ratis.thirdparty.io.grpc.StatusRuntimeException: UNAVAILABLE: io exception
	at org.apache.ratis.thirdparty.io.grpc.stub.ClientCalls.toStatusRuntimeException(ClientCalls.java:233)
	at org.apache.ratis.thirdparty.io.grpc.stub.ClientCalls.getUnchecked(ClientCalls.java:214)
	at org.apache.ratis.thirdparty.io.grpc.stub.ClientCalls.blockingUnaryCall(ClientCalls.java:139)
	at org.apache.ratis.proto.grpc.RaftServerProtocolServiceGrpc$RaftServerProtocolServiceBlockingStub.requestVote(RaftServerProtocolServiceGrpc.java:265)
	at org.apache.ratis.grpc.server.GrpcServerProtocolClient.requestVote(GrpcServerProtocolClient.java:99)
	at org.apache.ratis.grpc.server.GrpcService.requestVote(GrpcService.java:204)
	at org.apache.ratis.server.impl.LeaderElection.lambda$submitRequests$1(LeaderElection.java:234)
	at java.util.concurrent.FutureTask.run(FutureTask.java:266)
	at java.util.concurrent.Executors$RunnableAdapter.call(Executors.java:511)
	at java.util.concurrent.FutureTask.run(FutureTask.java:266)
	at java.util.concurrent.ThreadPoolExecutor.runWorker(ThreadPoolExecutor.java:1149)
	at java.util.concurrent.ThreadPoolExecutor$Worker.run(ThreadPoolExecutor.java:624)
	... 1 more
Caused by: org.apache.ratis.thirdparty.io.netty.channel.AbstractChannel$AnnotatedConnectException: Connection refused: /192.168.69.118:45836
	at sun.nio.ch.SocketChannelImpl.checkConnect(Native Method)
	at sun.nio.ch.SocketChannelImpl.finishConnect(SocketChannelImpl.java:717)
	at org.apache.ratis.thirdparty.io.netty.channel.socket.nio.NioSocketChannel.doFinishConnect(NioSocketChannel.java:327)
	at org.apache.ratis.thirdparty.io.netty.channel.nio.AbstractNioChannel$AbstractNioUnsafe.finishConnect(AbstractNioChannel.java:340)
	at org.apache.ratis.thirdparty.io.netty.channel.nio.NioEventLoop.processSelectedKey(NioEventLoop.java:632)
	at org.apache.ratis.thirdparty.io.netty.channel.nio.NioEventLoop.processSelectedKeysOptimized(NioEventLoop.java:579)
	at org.apache.ratis.thirdparty.io.netty.channel.nio.NioEventLoop.processSelectedKeys(NioEventLoop.java:496)
	at org.apache.ratis.thirdparty.io.netty.channel.nio.NioEventLoop.run(NioEventLoop.java:458)
	at org.apache.ratis.thirdparty.io.netty.util.concurrent.SingleThreadEventExecutor$5.run(SingleThreadEventExecutor.java:897)
	at org.apache.ratis.thirdparty.io.netty.util.concurrent.FastThreadLocalRunnable.run(FastThreadLocalRunnable.java:30)
	... 1 more
Caused by: java.net.ConnectException: Connection refused
	... 11 more
2019-10-23 12:13:42,940 [4949cace-0585-430c-97a7-3db1e354cdac@group-55CA4A6792A0-LeaderElection192] INFO  impl.RaftServerImpl (RaftServerImpl.java:setRole(184)) - 4949cace-0585-430c-97a7-3db1e354cdac@group-55CA4A6792A0: changes role from CANDIDATE to FOLLOWER at term 8 for DISCOVERED_A_NEW_TERM
2019-10-23 12:13:42,940 [4949cace-0585-430c-97a7-3db1e354cdac@group-55CA4A6792A0-LeaderElection192] INFO  impl.RoleInfo (RoleInfo.java:shutdownLeaderElection(134)) - 4949cace-0585-430c-97a7-3db1e354cdac: shutdown LeaderElection
2019-10-23 12:13:42,940 [4949cace-0585-430c-97a7-3db1e354cdac@group-55CA4A6792A0-LeaderElection192] INFO  impl.RoleInfo (RoleInfo.java:updateAndGet(143)) - 4949cace-0585-430c-97a7-3db1e354cdac: start FollowerState
2019-10-23 12:13:42,969 [Thread-1749] INFO  impl.FollowerState (FollowerState.java:run(108)) - ad4d83c7-0f96-47bc-a4e8-7e5d9f844896@group-24C785E9A0FC-FollowerState: change to CANDIDATE, lastRpcTime:184ms, electionTimeout:184ms
2019-10-23 12:13:42,969 [Thread-1749] INFO  impl.RoleInfo (RoleInfo.java:shutdownFollowerState(121)) - ad4d83c7-0f96-47bc-a4e8-7e5d9f844896: shutdown FollowerState
2019-10-23 12:13:42,969 [Thread-1749] INFO  impl.RaftServerImpl (RaftServerImpl.java:setRole(184)) - ad4d83c7-0f96-47bc-a4e8-7e5d9f844896@group-24C785E9A0FC: changes role from  FOLLOWER to CANDIDATE at term 191 for changeToCandidate
2019-10-23 12:13:42,969 [Thread-1749] INFO  impl.RoleInfo (RoleInfo.java:updateAndGet(143)) - ad4d83c7-0f96-47bc-a4e8-7e5d9f844896: start LeaderElection
2019-10-23 12:13:42,983 [ad4d83c7-0f96-47bc-a4e8-7e5d9f844896@group-24C785E9A0FC-LeaderElection193] INFO  impl.LeaderElection (LeaderElection.java:askForVotes(178)) - ad4d83c7-0f96-47bc-a4e8-7e5d9f844896@group-24C785E9A0FC-LeaderElection193: begin an election at term 192 for -1: [3b749b59-de2a-419b-9a26-261692f5c83c:192.168.69.118:39205, ad4d83c7-0f96-47bc-a4e8-7e5d9f844896:192.168.69.118:41688, 02863277-f564-4bc6-8337-fb22627f6f1a:192.168.69.118:36850], old=null
2019-10-23 12:13:42,983 [ad4d83c7-0f96-47bc-a4e8-7e5d9f844896@group-24C785E9A0FC-LeaderElection193] INFO  impl.LeaderElection (LogUtils.java:infoOrTrace(149)) - ad4d83c7-0f96-47bc-a4e8-7e5d9f844896@group-24C785E9A0FC-LeaderElection193 got exception when requesting votes: {}
java.util.concurrent.ExecutionException: org.apache.ratis.thirdparty.io.grpc.StatusRuntimeException: UNAVAILABLE: io exception
	at java.util.concurrent.FutureTask.report(FutureTask.java:122)
	at java.util.concurrent.FutureTask.get(FutureTask.java:192)
	at org.apache.ratis.server.impl.LeaderElection.waitForResults(LeaderElection.java:259)
	at org.apache.ratis.server.impl.LeaderElection.askForVotes(LeaderElection.java:197)
	at org.apache.ratis.server.impl.LeaderElection.run(LeaderElection.java:133)
	at java.lang.Thread.run(Thread.java:748)
Caused by: org.apache.ratis.thirdparty.io.grpc.StatusRuntimeException: UNAVAILABLE: io exception
	at org.apache.ratis.thirdparty.io.grpc.stub.ClientCalls.toStatusRuntimeException(ClientCalls.java:233)
	at org.apache.ratis.thirdparty.io.grpc.stub.ClientCalls.getUnchecked(ClientCalls.java:214)
	at org.apache.ratis.thirdparty.io.grpc.stub.ClientCalls.blockingUnaryCall(ClientCalls.java:139)
	at org.apache.ratis.proto.grpc.RaftServerProtocolServiceGrpc$RaftServerProtocolServiceBlockingStub.requestVote(RaftServerProtocolServiceGrpc.java:265)
	at org.apache.ratis.grpc.server.GrpcServerProtocolClient.requestVote(GrpcServerProtocolClient.java:99)
	at org.apache.ratis.grpc.server.GrpcService.requestVote(GrpcService.java:204)
	at org.apache.ratis.server.impl.LeaderElection.lambda$submitRequests$1(LeaderElection.java:234)
	at java.util.concurrent.FutureTask.run(FutureTask.java:266)
	at java.util.concurrent.Executors$RunnableAdapter.call(Executors.java:511)
	at java.util.concurrent.FutureTask.run(FutureTask.java:266)
	at java.util.concurrent.ThreadPoolExecutor.runWorker(ThreadPoolExecutor.java:1149)
	at java.util.concurrent.ThreadPoolExecutor$Worker.run(ThreadPoolExecutor.java:624)
	... 1 more
Caused by: org.apache.ratis.thirdparty.io.netty.channel.AbstractChannel$AnnotatedConnectException: Connection refused: /192.168.69.118:39205
	at sun.nio.ch.SocketChannelImpl.checkConnect(Native Method)
	at sun.nio.ch.SocketChannelImpl.finishConnect(SocketChannelImpl.java:717)
	at org.apache.ratis.thirdparty.io.netty.channel.socket.nio.NioSocketChannel.doFinishConnect(NioSocketChannel.java:327)
	at org.apache.ratis.thirdparty.io.netty.channel.nio.AbstractNioChannel$AbstractNioUnsafe.finishConnect(AbstractNioChannel.java:340)
	at org.apache.ratis.thirdparty.io.netty.channel.nio.NioEventLoop.processSelectedKey(NioEventLoop.java:632)
	at org.apache.ratis.thirdparty.io.netty.channel.nio.NioEventLoop.processSelectedKeysOptimized(NioEventLoop.java:579)
	at org.apache.ratis.thirdparty.io.netty.channel.nio.NioEventLoop.processSelectedKeys(NioEventLoop.java:496)
	at org.apache.ratis.thirdparty.io.netty.channel.nio.NioEventLoop.run(NioEventLoop.java:458)
	at org.apache.ratis.thirdparty.io.netty.util.concurrent.SingleThreadEventExecutor$5.run(SingleThreadEventExecutor.java:897)
	at org.apache.ratis.thirdparty.io.netty.util.concurrent.FastThreadLocalRunnable.run(FastThreadLocalRunnable.java:30)
	... 1 more
Caused by: java.net.ConnectException: Connection refused
	... 11 more
2019-10-23 12:13:42,985 [grpc-default-executor-5] INFO  impl.RaftServerImpl (RaftServerImpl.java:setRole(184)) - 02863277-f564-4bc6-8337-fb22627f6f1a@group-24C785E9A0FC: changes role from  FOLLOWER to FOLLOWER at term 192 for recognizeCandidate:ad4d83c7-0f96-47bc-a4e8-7e5d9f844896
2019-10-23 12:13:42,986 [grpc-default-executor-5] INFO  impl.RoleInfo (RoleInfo.java:shutdownFollowerState(121)) - 02863277-f564-4bc6-8337-fb22627f6f1a: shutdown FollowerState
2019-10-23 12:13:42,986 [grpc-default-executor-5] INFO  impl.RoleInfo (RoleInfo.java:updateAndGet(143)) - 02863277-f564-4bc6-8337-fb22627f6f1a: start FollowerState
2019-10-23 12:13:42,986 [Thread-1748] INFO  impl.FollowerState (FollowerState.java:run(117)) - 02863277-f564-4bc6-8337-fb22627f6f1a@group-24C785E9A0FC-FollowerState was interrupted: java.lang.InterruptedException: sleep interrupted
2019-10-23 12:13:42,999 [ad4d83c7-0f96-47bc-a4e8-7e5d9f844896@group-24C785E9A0FC-LeaderElection193] INFO  impl.LeaderElection (LeaderElection.java:logAndReturn(56)) - ad4d83c7-0f96-47bc-a4e8-7e5d9f844896@group-24C785E9A0FC-LeaderElection193: Election REJECTED; received 1 response(s) [ad4d83c7-0f96-47bc-a4e8-7e5d9f844896<-02863277-f564-4bc6-8337-fb22627f6f1a#0:FAIL-t192] and 1 exception(s); ad4d83c7-0f96-47bc-a4e8-7e5d9f844896@group-24C785E9A0FC:t192, leader=null, voted=ad4d83c7-0f96-47bc-a4e8-7e5d9f844896, raftlog=ad4d83c7-0f96-47bc-a4e8-7e5d9f844896@group-24C785E9A0FC-SegmentedRaftLog:OPENED:c-1,f-1,i0, conf=-1: [3b749b59-de2a-419b-9a26-261692f5c83c:192.168.69.118:39205, ad4d83c7-0f96-47bc-a4e8-7e5d9f844896:192.168.69.118:41688, 02863277-f564-4bc6-8337-fb22627f6f1a:192.168.69.118:36850], old=null
2019-10-23 12:13:42,999 [ad4d83c7-0f96-47bc-a4e8-7e5d9f844896@group-24C785E9A0FC-LeaderElection193] INFO  impl.LeaderElection (LogUtils.java:infoOrTrace(149)) -   Exception 0: {}
java.util.concurrent.ExecutionException: org.apache.ratis.thirdparty.io.grpc.StatusRuntimeException: UNAVAILABLE: io exception
	at java.util.concurrent.FutureTask.report(FutureTask.java:122)
	at java.util.concurrent.FutureTask.get(FutureTask.java:192)
	at org.apache.ratis.server.impl.LeaderElection.waitForResults(LeaderElection.java:259)
	at org.apache.ratis.server.impl.LeaderElection.askForVotes(LeaderElection.java:197)
	at org.apache.ratis.server.impl.LeaderElection.run(LeaderElection.java:133)
	at java.lang.Thread.run(Thread.java:748)
Caused by: org.apache.ratis.thirdparty.io.grpc.StatusRuntimeException: UNAVAILABLE: io exception
	at org.apache.ratis.thirdparty.io.grpc.stub.ClientCalls.toStatusRuntimeException(ClientCalls.java:233)
	at org.apache.ratis.thirdparty.io.grpc.stub.ClientCalls.getUnchecked(ClientCalls.java:214)
	at org.apache.ratis.thirdparty.io.grpc.stub.ClientCalls.blockingUnaryCall(ClientCalls.java:139)
	at org.apache.ratis.proto.grpc.RaftServerProtocolServiceGrpc$RaftServerProtocolServiceBlockingStub.requestVote(RaftServerProtocolServiceGrpc.java:265)
	at org.apache.ratis.grpc.server.GrpcServerProtocolClient.requestVote(GrpcServerProtocolClient.java:99)
	at org.apache.ratis.grpc.server.GrpcService.requestVote(GrpcService.java:204)
	at org.apache.ratis.server.impl.LeaderElection.lambda$submitRequests$1(LeaderElection.java:234)
	at java.util.concurrent.FutureTask.run(FutureTask.java:266)
	at java.util.concurrent.Executors$RunnableAdapter.call(Executors.java:511)
	at java.util.concurrent.FutureTask.run(FutureTask.java:266)
	at java.util.concurrent.ThreadPoolExecutor.runWorker(ThreadPoolExecutor.java:1149)
	at java.util.concurrent.ThreadPoolExecutor$Worker.run(ThreadPoolExecutor.java:624)
	... 1 more
Caused by: org.apache.ratis.thirdparty.io.netty.channel.AbstractChannel$AnnotatedConnectException: Connection refused: /192.168.69.118:39205
	at sun.nio.ch.SocketChannelImpl.checkConnect(Native Method)
	at sun.nio.ch.SocketChannelImpl.finishConnect(SocketChannelImpl.java:717)
	at org.apache.ratis.thirdparty.io.netty.channel.socket.nio.NioSocketChannel.doFinishConnect(NioSocketChannel.java:327)
	at org.apache.ratis.thirdparty.io.netty.channel.nio.AbstractNioChannel$AbstractNioUnsafe.finishConnect(AbstractNioChannel.java:340)
	at org.apache.ratis.thirdparty.io.netty.channel.nio.NioEventLoop.processSelectedKey(NioEventLoop.java:632)
	at org.apache.ratis.thirdparty.io.netty.channel.nio.NioEventLoop.processSelectedKeysOptimized(NioEventLoop.java:579)
	at org.apache.ratis.thirdparty.io.netty.channel.nio.NioEventLoop.processSelectedKeys(NioEventLoop.java:496)
	at org.apache.ratis.thirdparty.io.netty.channel.nio.NioEventLoop.run(NioEventLoop.java:458)
	at org.apache.ratis.thirdparty.io.netty.util.concurrent.SingleThreadEventExecutor$5.run(SingleThreadEventExecutor.java:897)
	at org.apache.ratis.thirdparty.io.netty.util.concurrent.FastThreadLocalRunnable.run(FastThreadLocalRunnable.java:30)
	... 1 more
Caused by: java.net.ConnectException: Connection refused
	... 11 more
2019-10-23 12:13:43,000 [ad4d83c7-0f96-47bc-a4e8-7e5d9f844896@group-24C785E9A0FC-LeaderElection193] INFO  impl.RaftServerImpl (RaftServerImpl.java:setRole(184)) - ad4d83c7-0f96-47bc-a4e8-7e5d9f844896@group-24C785E9A0FC: changes role from CANDIDATE to FOLLOWER at term 192 for DISCOVERED_A_NEW_TERM
2019-10-23 12:13:43,000 [ad4d83c7-0f96-47bc-a4e8-7e5d9f844896@group-24C785E9A0FC-LeaderElection193] INFO  impl.RoleInfo (RoleInfo.java:shutdownLeaderElection(134)) - ad4d83c7-0f96-47bc-a4e8-7e5d9f844896: shutdown LeaderElection
2019-10-23 12:13:43,000 [ad4d83c7-0f96-47bc-a4e8-7e5d9f844896@group-24C785E9A0FC-LeaderElection193] INFO  impl.RoleInfo (RoleInfo.java:updateAndGet(143)) - ad4d83c7-0f96-47bc-a4e8-7e5d9f844896: start FollowerState
2019-10-23 12:13:43,006 [Thread-1758] INFO  impl.FollowerState (FollowerState.java:run(108)) - ad4d83c7-0f96-47bc-a4e8-7e5d9f844896@group-24C785E9A0FC-FollowerState: change to CANDIDATE, lastRpcTime:6ms, electionTimeout:6ms
2019-10-23 12:13:43,006 [Thread-1758] INFO  impl.RoleInfo (RoleInfo.java:shutdownFollowerState(121)) - ad4d83c7-0f96-47bc-a4e8-7e5d9f844896: shutdown FollowerState
2019-10-23 12:13:43,007 [Thread-1758] INFO  impl.RaftServerImpl (RaftServerImpl.java:setRole(184)) - ad4d83c7-0f96-47bc-a4e8-7e5d9f844896@group-24C785E9A0FC: changes role from  FOLLOWER to CANDIDATE at term 192 for changeToCandidate
2019-10-23 12:13:43,007 [Thread-1758] INFO  impl.RoleInfo (RoleInfo.java:updateAndGet(143)) - ad4d83c7-0f96-47bc-a4e8-7e5d9f844896: start LeaderElection
2019-10-23 12:13:43,020 [ad4d83c7-0f96-47bc-a4e8-7e5d9f844896@group-24C785E9A0FC-LeaderElection194] INFO  impl.LeaderElection (LeaderElection.java:askForVotes(178)) - ad4d83c7-0f96-47bc-a4e8-7e5d9f844896@group-24C785E9A0FC-LeaderElection194: begin an election at term 193 for -1: [3b749b59-de2a-419b-9a26-261692f5c83c:192.168.69.118:39205, ad4d83c7-0f96-47bc-a4e8-7e5d9f844896:192.168.69.118:41688, 02863277-f564-4bc6-8337-fb22627f6f1a:192.168.69.118:36850], old=null
2019-10-23 12:13:43,021 [ad4d83c7-0f96-47bc-a4e8-7e5d9f844896@group-24C785E9A0FC-LeaderElection194] INFO  impl.LeaderElection (LogUtils.java:infoOrTrace(149)) - ad4d83c7-0f96-47bc-a4e8-7e5d9f844896@group-24C785E9A0FC-LeaderElection194 got exception when requesting votes: {}
java.util.concurrent.ExecutionException: org.apache.ratis.thirdparty.io.grpc.StatusRuntimeException: UNAVAILABLE: io exception
	at java.util.concurrent.FutureTask.report(FutureTask.java:122)
	at java.util.concurrent.FutureTask.get(FutureTask.java:192)
	at org.apache.ratis.server.impl.LeaderElection.waitForResults(LeaderElection.java:259)
	at org.apache.ratis.server.impl.LeaderElection.askForVotes(LeaderElection.java:197)
	at org.apache.ratis.server.impl.LeaderElection.run(LeaderElection.java:133)
	at java.lang.Thread.run(Thread.java:748)
Caused by: org.apache.ratis.thirdparty.io.grpc.StatusRuntimeException: UNAVAILABLE: io exception
	at org.apache.ratis.thirdparty.io.grpc.stub.ClientCalls.toStatusRuntimeException(ClientCalls.java:233)
	at org.apache.ratis.thirdparty.io.grpc.stub.ClientCalls.getUnchecked(ClientCalls.java:214)
	at org.apache.ratis.thirdparty.io.grpc.stub.ClientCalls.blockingUnaryCall(ClientCalls.java:139)
	at org.apache.ratis.proto.grpc.RaftServerProtocolServiceGrpc$RaftServerProtocolServiceBlockingStub.requestVote(RaftServerProtocolServiceGrpc.java:265)
	at org.apache.ratis.grpc.server.GrpcServerProtocolClient.requestVote(GrpcServerProtocolClient.java:99)
	at org.apache.ratis.grpc.server.GrpcService.requestVote(GrpcService.java:204)
	at org.apache.ratis.server.impl.LeaderElection.lambda$submitRequests$1(LeaderElection.java:234)
	at java.util.concurrent.FutureTask.run(FutureTask.java:266)
	at java.util.concurrent.Executors$RunnableAdapter.call(Executors.java:511)
	at java.util.concurrent.FutureTask.run(FutureTask.java:266)
	at java.util.concurrent.ThreadPoolExecutor.runWorker(ThreadPoolExecutor.java:1149)
	at java.util.concurrent.ThreadPoolExecutor$Worker.run(ThreadPoolExecutor.java:624)
	... 1 more
Caused by: org.apache.ratis.thirdparty.io.netty.channel.AbstractChannel$AnnotatedConnectException: Connection refused: /192.168.69.118:39205
	at sun.nio.ch.SocketChannelImpl.checkConnect(Native Method)
	at sun.nio.ch.SocketChannelImpl.finishConnect(SocketChannelImpl.java:717)
	at org.apache.ratis.thirdparty.io.netty.channel.socket.nio.NioSocketChannel.doFinishConnect(NioSocketChannel.java:327)
	at org.apache.ratis.thirdparty.io.netty.channel.nio.AbstractNioChannel$AbstractNioUnsafe.finishConnect(AbstractNioChannel.java:340)
	at org.apache.ratis.thirdparty.io.netty.channel.nio.NioEventLoop.processSelectedKey(NioEventLoop.java:632)
	at org.apache.ratis.thirdparty.io.netty.channel.nio.NioEventLoop.processSelectedKeysOptimized(NioEventLoop.java:579)
	at org.apache.ratis.thirdparty.io.netty.channel.nio.NioEventLoop.processSelectedKeys(NioEventLoop.java:496)
	at org.apache.ratis.thirdparty.io.netty.channel.nio.NioEventLoop.run(NioEventLoop.java:458)
	at org.apache.ratis.thirdparty.io.netty.util.concurrent.SingleThreadEventExecutor$5.run(SingleThreadEventExecutor.java:897)
	at org.apache.ratis.thirdparty.io.netty.util.concurrent.FastThreadLocalRunnable.run(FastThreadLocalRunnable.java:30)
	... 1 more
Caused by: java.net.ConnectException: Connection refused
	... 11 more
2019-10-23 12:13:43,022 [grpc-default-executor-5] INFO  impl.RaftServerImpl (RaftServerImpl.java:setRole(184)) - 02863277-f564-4bc6-8337-fb22627f6f1a@group-24C785E9A0FC: changes role from  FOLLOWER to FOLLOWER at term 193 for recognizeCandidate:ad4d83c7-0f96-47bc-a4e8-7e5d9f844896
2019-10-23 12:13:43,022 [grpc-default-executor-5] INFO  impl.RoleInfo (RoleInfo.java:shutdownFollowerState(121)) - 02863277-f564-4bc6-8337-fb22627f6f1a: shutdown FollowerState
2019-10-23 12:13:43,022 [grpc-default-executor-5] INFO  impl.RoleInfo (RoleInfo.java:updateAndGet(143)) - 02863277-f564-4bc6-8337-fb22627f6f1a: start FollowerState
2019-10-23 12:13:43,022 [Thread-1757] INFO  impl.FollowerState (FollowerState.java:run(117)) - 02863277-f564-4bc6-8337-fb22627f6f1a@group-24C785E9A0FC-FollowerState was interrupted: java.lang.InterruptedException: sleep interrupted
2019-10-23 12:13:43,036 [ad4d83c7-0f96-47bc-a4e8-7e5d9f844896@group-24C785E9A0FC-LeaderElection194] INFO  impl.LeaderElection (LeaderElection.java:logAndReturn(56)) - ad4d83c7-0f96-47bc-a4e8-7e5d9f844896@group-24C785E9A0FC-LeaderElection194: Election REJECTED; received 1 response(s) [ad4d83c7-0f96-47bc-a4e8-7e5d9f844896<-02863277-f564-4bc6-8337-fb22627f6f1a#0:FAIL-t193] and 1 exception(s); ad4d83c7-0f96-47bc-a4e8-7e5d9f844896@group-24C785E9A0FC:t193, leader=null, voted=ad4d83c7-0f96-47bc-a4e8-7e5d9f844896, raftlog=ad4d83c7-0f96-47bc-a4e8-7e5d9f844896@group-24C785E9A0FC-SegmentedRaftLog:OPENED:c-1,f-1,i0, conf=-1: [3b749b59-de2a-419b-9a26-261692f5c83c:192.168.69.118:39205, ad4d83c7-0f96-47bc-a4e8-7e5d9f844896:192.168.69.118:41688, 02863277-f564-4bc6-8337-fb22627f6f1a:192.168.69.118:36850], old=null
2019-10-23 12:13:43,036 [ad4d83c7-0f96-47bc-a4e8-7e5d9f844896@group-24C785E9A0FC-LeaderElection194] INFO  impl.LeaderElection (LogUtils.java:infoOrTrace(149)) -   Exception 0: {}
java.util.concurrent.ExecutionException: org.apache.ratis.thirdparty.io.grpc.StatusRuntimeException: UNAVAILABLE: io exception
	at java.util.concurrent.FutureTask.report(FutureTask.java:122)
	at java.util.concurrent.FutureTask.get(FutureTask.java:192)
	at org.apache.ratis.server.impl.LeaderElection.waitForResults(LeaderElection.java:259)
	at org.apache.ratis.server.impl.LeaderElection.askForVotes(LeaderElection.java:197)
	at org.apache.ratis.server.impl.LeaderElection.run(LeaderElection.java:133)
	at java.lang.Thread.run(Thread.java:748)
Caused by: org.apache.ratis.thirdparty.io.grpc.StatusRuntimeException: UNAVAILABLE: io exception
	at org.apache.ratis.thirdparty.io.grpc.stub.ClientCalls.toStatusRuntimeException(ClientCalls.java:233)
	at org.apache.ratis.thirdparty.io.grpc.stub.ClientCalls.getUnchecked(ClientCalls.java:214)
	at org.apache.ratis.thirdparty.io.grpc.stub.ClientCalls.blockingUnaryCall(ClientCalls.java:139)
	at org.apache.ratis.proto.grpc.RaftServerProtocolServiceGrpc$RaftServerProtocolServiceBlockingStub.requestVote(RaftServerProtocolServiceGrpc.java:265)
	at org.apache.ratis.grpc.server.GrpcServerProtocolClient.requestVote(GrpcServerProtocolClient.java:99)
	at org.apache.ratis.grpc.server.GrpcService.requestVote(GrpcService.java:204)
	at org.apache.ratis.server.impl.LeaderElection.lambda$submitRequests$1(LeaderElection.java:234)
	at java.util.concurrent.FutureTask.run(FutureTask.java:266)
	at java.util.concurrent.Executors$RunnableAdapter.call(Executors.java:511)
	at java.util.concurrent.FutureTask.run(FutureTask.java:266)
	at java.util.concurrent.ThreadPoolExecutor.runWorker(ThreadPoolExecutor.java:1149)
	at java.util.concurrent.ThreadPoolExecutor$Worker.run(ThreadPoolExecutor.java:624)
	... 1 more
Caused by: org.apache.ratis.thirdparty.io.netty.channel.AbstractChannel$AnnotatedConnectException: Connection refused: /192.168.69.118:39205
	at sun.nio.ch.SocketChannelImpl.checkConnect(Native Method)
	at sun.nio.ch.SocketChannelImpl.finishConnect(SocketChannelImpl.java:717)
	at org.apache.ratis.thirdparty.io.netty.channel.socket.nio.NioSocketChannel.doFinishConnect(NioSocketChannel.java:327)
	at org.apache.ratis.thirdparty.io.netty.channel.nio.AbstractNioChannel$AbstractNioUnsafe.finishConnect(AbstractNioChannel.java:340)
	at org.apache.ratis.thirdparty.io.netty.channel.nio.NioEventLoop.processSelectedKey(NioEventLoop.java:632)
	at org.apache.ratis.thirdparty.io.netty.channel.nio.NioEventLoop.processSelectedKeysOptimized(NioEventLoop.java:579)
	at org.apache.ratis.thirdparty.io.netty.channel.nio.NioEventLoop.processSelectedKeys(NioEventLoop.java:496)
	at org.apache.ratis.thirdparty.io.netty.channel.nio.NioEventLoop.run(NioEventLoop.java:458)
	at org.apache.ratis.thirdparty.io.netty.util.concurrent.SingleThreadEventExecutor$5.run(SingleThreadEventExecutor.java:897)
	at org.apache.ratis.thirdparty.io.netty.util.concurrent.FastThreadLocalRunnable.run(FastThreadLocalRunnable.java:30)
	... 1 more
Caused by: java.net.ConnectException: Connection refused
	... 11 more
2019-10-23 12:13:43,036 [ad4d83c7-0f96-47bc-a4e8-7e5d9f844896@group-24C785E9A0FC-LeaderElection194] INFO  impl.RaftServerImpl (RaftServerImpl.java:setRole(184)) - ad4d83c7-0f96-47bc-a4e8-7e5d9f844896@group-24C785E9A0FC: changes role from CANDIDATE to FOLLOWER at term 193 for DISCOVERED_A_NEW_TERM
2019-10-23 12:13:43,036 [ad4d83c7-0f96-47bc-a4e8-7e5d9f844896@group-24C785E9A0FC-LeaderElection194] INFO  impl.RoleInfo (RoleInfo.java:shutdownLeaderElection(134)) - ad4d83c7-0f96-47bc-a4e8-7e5d9f844896: shutdown LeaderElection
2019-10-23 12:13:43,036 [ad4d83c7-0f96-47bc-a4e8-7e5d9f844896@group-24C785E9A0FC-LeaderElection194] INFO  impl.RoleInfo (RoleInfo.java:updateAndGet(143)) - ad4d83c7-0f96-47bc-a4e8-7e5d9f844896: start FollowerState
2019-10-23 12:13:43,055 [Thread-1763] INFO  impl.FollowerState (FollowerState.java:run(108)) - ad4d83c7-0f96-47bc-a4e8-7e5d9f844896@group-24C785E9A0FC-FollowerState: change to CANDIDATE, lastRpcTime:19ms, electionTimeout:19ms
2019-10-23 12:13:43,055 [Thread-1763] INFO  impl.RoleInfo (RoleInfo.java:shutdownFollowerState(121)) - ad4d83c7-0f96-47bc-a4e8-7e5d9f844896: shutdown FollowerState
2019-10-23 12:13:43,055 [Thread-1763] INFO  impl.RaftServerImpl (RaftServerImpl.java:setRole(184)) - ad4d83c7-0f96-47bc-a4e8-7e5d9f844896@group-24C785E9A0FC: changes role from  FOLLOWER to CANDIDATE at term 193 for changeToCandidate
2019-10-23 12:13:43,056 [Thread-1763] INFO  impl.RoleInfo (RoleInfo.java:updateAndGet(143)) - ad4d83c7-0f96-47bc-a4e8-7e5d9f844896: start LeaderElection
2019-10-23 12:13:43,069 [ad4d83c7-0f96-47bc-a4e8-7e5d9f844896@group-24C785E9A0FC-LeaderElection195] INFO  impl.LeaderElection (LeaderElection.java:askForVotes(178)) - ad4d83c7-0f96-47bc-a4e8-7e5d9f844896@group-24C785E9A0FC-LeaderElection195: begin an election at term 194 for -1: [3b749b59-de2a-419b-9a26-261692f5c83c:192.168.69.118:39205, ad4d83c7-0f96-47bc-a4e8-7e5d9f844896:192.168.69.118:41688, 02863277-f564-4bc6-8337-fb22627f6f1a:192.168.69.118:36850], old=null
2019-10-23 12:13:43,070 [ad4d83c7-0f96-47bc-a4e8-7e5d9f844896@group-24C785E9A0FC-LeaderElection195] INFO  impl.LeaderElection (LogUtils.java:infoOrTrace(149)) - ad4d83c7-0f96-47bc-a4e8-7e5d9f844896@group-24C785E9A0FC-LeaderElection195 got exception when requesting votes: {}
java.util.concurrent.ExecutionException: org.apache.ratis.thirdparty.io.grpc.StatusRuntimeException: UNAVAILABLE: io exception
	at java.util.concurrent.FutureTask.report(FutureTask.java:122)
	at java.util.concurrent.FutureTask.get(FutureTask.java:192)
	at org.apache.ratis.server.impl.LeaderElection.waitForResults(LeaderElection.java:259)
	at org.apache.ratis.server.impl.LeaderElection.askForVotes(LeaderElection.java:197)
	at org.apache.ratis.server.impl.LeaderElection.run(LeaderElection.java:133)
	at java.lang.Thread.run(Thread.java:748)
Caused by: org.apache.ratis.thirdparty.io.grpc.StatusRuntimeException: UNAVAILABLE: io exception
	at org.apache.ratis.thirdparty.io.grpc.stub.ClientCalls.toStatusRuntimeException(ClientCalls.java:233)
	at org.apache.ratis.thirdparty.io.grpc.stub.ClientCalls.getUnchecked(ClientCalls.java:214)
	at org.apache.ratis.thirdparty.io.grpc.stub.ClientCalls.blockingUnaryCall(ClientCalls.java:139)
	at org.apache.ratis.proto.grpc.RaftServerProtocolServiceGrpc$RaftServerProtocolServiceBlockingStub.requestVote(RaftServerProtocolServiceGrpc.java:265)
	at org.apache.ratis.grpc.server.GrpcServerProtocolClient.requestVote(GrpcServerProtocolClient.java:99)
	at org.apache.ratis.grpc.server.GrpcService.requestVote(GrpcService.java:204)
	at org.apache.ratis.server.impl.LeaderElection.lambda$submitRequests$1(LeaderElection.java:234)
	at java.util.concurrent.FutureTask.run(FutureTask.java:266)
	at java.util.concurrent.Executors$RunnableAdapter.call(Executors.java:511)
	at java.util.concurrent.FutureTask.run(FutureTask.java:266)
	at java.util.concurrent.ThreadPoolExecutor.runWorker(ThreadPoolExecutor.java:1149)
	at java.util.concurrent.ThreadPoolExecutor$Worker.run(ThreadPoolExecutor.java:624)
	... 1 more
Caused by: org.apache.ratis.thirdparty.io.netty.channel.AbstractChannel$AnnotatedConnectException: Connection refused: /192.168.69.118:39205
	at sun.nio.ch.SocketChannelImpl.checkConnect(Native Method)
	at sun.nio.ch.SocketChannelImpl.finishConnect(SocketChannelImpl.java:717)
	at org.apache.ratis.thirdparty.io.netty.channel.socket.nio.NioSocketChannel.doFinishConnect(NioSocketChannel.java:327)
	at org.apache.ratis.thirdparty.io.netty.channel.nio.AbstractNioChannel$AbstractNioUnsafe.finishConnect(AbstractNioChannel.java:340)
	at org.apache.ratis.thirdparty.io.netty.channel.nio.NioEventLoop.processSelectedKey(NioEventLoop.java:632)
	at org.apache.ratis.thirdparty.io.netty.channel.nio.NioEventLoop.processSelectedKeysOptimized(NioEventLoop.java:579)
	at org.apache.ratis.thirdparty.io.netty.channel.nio.NioEventLoop.processSelectedKeys(NioEventLoop.java:496)
	at org.apache.ratis.thirdparty.io.netty.channel.nio.NioEventLoop.run(NioEventLoop.java:458)
	at org.apache.ratis.thirdparty.io.netty.util.concurrent.SingleThreadEventExecutor$5.run(SingleThreadEventExecutor.java:897)
	at org.apache.ratis.thirdparty.io.netty.util.concurrent.FastThreadLocalRunnable.run(FastThreadLocalRunnable.java:30)
	... 1 more
Caused by: java.net.ConnectException: Connection refused
	... 11 more
2019-10-23 12:13:43,071 [grpc-default-executor-5] INFO  impl.RaftServerImpl (RaftServerImpl.java:setRole(184)) - 02863277-f564-4bc6-8337-fb22627f6f1a@group-24C785E9A0FC: changes role from  FOLLOWER to FOLLOWER at term 194 for recognizeCandidate:ad4d83c7-0f96-47bc-a4e8-7e5d9f844896
2019-10-23 12:13:43,071 [grpc-default-executor-5] INFO  impl.RoleInfo (RoleInfo.java:shutdownFollowerState(121)) - 02863277-f564-4bc6-8337-fb22627f6f1a: shutdown FollowerState
2019-10-23 12:13:43,071 [grpc-default-executor-5] INFO  impl.RoleInfo (RoleInfo.java:updateAndGet(143)) - 02863277-f564-4bc6-8337-fb22627f6f1a: start FollowerState
2019-10-23 12:13:43,071 [Thread-1762] INFO  impl.FollowerState (FollowerState.java:run(117)) - 02863277-f564-4bc6-8337-fb22627f6f1a@group-24C785E9A0FC-FollowerState was interrupted: java.lang.InterruptedException: sleep interrupted
2019-10-23 12:13:43,085 [ad4d83c7-0f96-47bc-a4e8-7e5d9f844896@group-24C785E9A0FC-LeaderElection195] INFO  impl.LeaderElection (LeaderElection.java:logAndReturn(56)) - ad4d83c7-0f96-47bc-a4e8-7e5d9f844896@group-24C785E9A0FC-LeaderElection195: Election REJECTED; received 1 response(s) [ad4d83c7-0f96-47bc-a4e8-7e5d9f844896<-02863277-f564-4bc6-8337-fb22627f6f1a#0:FAIL-t194] and 1 exception(s); ad4d83c7-0f96-47bc-a4e8-7e5d9f844896@group-24C785E9A0FC:t194, leader=null, voted=ad4d83c7-0f96-47bc-a4e8-7e5d9f844896, raftlog=ad4d83c7-0f96-47bc-a4e8-7e5d9f844896@group-24C785E9A0FC-SegmentedRaftLog:OPENED:c-1,f-1,i0, conf=-1: [3b749b59-de2a-419b-9a26-261692f5c83c:192.168.69.118:39205, ad4d83c7-0f96-47bc-a4e8-7e5d9f844896:192.168.69.118:41688, 02863277-f564-4bc6-8337-fb22627f6f1a:192.168.69.118:36850], old=null
2019-10-23 12:13:43,085 [ad4d83c7-0f96-47bc-a4e8-7e5d9f844896@group-24C785E9A0FC-LeaderElection195] INFO  impl.LeaderElection (LogUtils.java:infoOrTrace(149)) -   Exception 0: {}
java.util.concurrent.ExecutionException: org.apache.ratis.thirdparty.io.grpc.StatusRuntimeException: UNAVAILABLE: io exception
	at java.util.concurrent.FutureTask.report(FutureTask.java:122)
	at java.util.concurrent.FutureTask.get(FutureTask.java:192)
	at org.apache.ratis.server.impl.LeaderElection.waitForResults(LeaderElection.java:259)
	at org.apache.ratis.server.impl.LeaderElection.askForVotes(LeaderElection.java:197)
	at org.apache.ratis.server.impl.LeaderElection.run(LeaderElection.java:133)
	at java.lang.Thread.run(Thread.java:748)
Caused by: org.apache.ratis.thirdparty.io.grpc.StatusRuntimeException: UNAVAILABLE: io exception
	at org.apache.ratis.thirdparty.io.grpc.stub.ClientCalls.toStatusRuntimeException(ClientCalls.java:233)
	at org.apache.ratis.thirdparty.io.grpc.stub.ClientCalls.getUnchecked(ClientCalls.java:214)
	at org.apache.ratis.thirdparty.io.grpc.stub.ClientCalls.blockingUnaryCall(ClientCalls.java:139)
	at org.apache.ratis.proto.grpc.RaftServerProtocolServiceGrpc$RaftServerProtocolServiceBlockingStub.requestVote(RaftServerProtocolServiceGrpc.java:265)
	at org.apache.ratis.grpc.server.GrpcServerProtocolClient.requestVote(GrpcServerProtocolClient.java:99)
	at org.apache.ratis.grpc.server.GrpcService.requestVote(GrpcService.java:204)
	at org.apache.ratis.server.impl.LeaderElection.lambda$submitRequests$1(LeaderElection.java:234)
	at java.util.concurrent.FutureTask.run(FutureTask.java:266)
	at java.util.concurrent.Executors$RunnableAdapter.call(Executors.java:511)
	at java.util.concurrent.FutureTask.run(FutureTask.java:266)
	at java.util.concurrent.ThreadPoolExecutor.runWorker(ThreadPoolExecutor.java:1149)
	at java.util.concurrent.ThreadPoolExecutor$Worker.run(ThreadPoolExecutor.java:624)
	... 1 more
Caused by: org.apache.ratis.thirdparty.io.netty.channel.AbstractChannel$AnnotatedConnectException: Connection refused: /192.168.69.118:39205
	at sun.nio.ch.SocketChannelImpl.checkConnect(Native Method)
	at sun.nio.ch.SocketChannelImpl.finishConnect(SocketChannelImpl.java:717)
	at org.apache.ratis.thirdparty.io.netty.channel.socket.nio.NioSocketChannel.doFinishConnect(NioSocketChannel.java:327)
	at org.apache.ratis.thirdparty.io.netty.channel.nio.AbstractNioChannel$AbstractNioUnsafe.finishConnect(AbstractNioChannel.java:340)
	at org.apache.ratis.thirdparty.io.netty.channel.nio.NioEventLoop.processSelectedKey(NioEventLoop.java:632)
	at org.apache.ratis.thirdparty.io.netty.channel.nio.NioEventLoop.processSelectedKeysOptimized(NioEventLoop.java:579)
	at org.apache.ratis.thirdparty.io.netty.channel.nio.NioEventLoop.processSelectedKeys(NioEventLoop.java:496)
	at org.apache.ratis.thirdparty.io.netty.channel.nio.NioEventLoop.run(NioEventLoop.java:458)
	at org.apache.ratis.thirdparty.io.netty.util.concurrent.SingleThreadEventExecutor$5.run(SingleThreadEventExecutor.java:897)
	at org.apache.ratis.thirdparty.io.netty.util.concurrent.FastThreadLocalRunnable.run(FastThreadLocalRunnable.java:30)
	... 1 more
Caused by: java.net.ConnectException: Connection refused
	... 11 more
2019-10-23 12:13:43,086 [ad4d83c7-0f96-47bc-a4e8-7e5d9f844896@group-24C785E9A0FC-LeaderElection195] INFO  impl.RaftServerImpl (RaftServerImpl.java:setRole(184)) - ad4d83c7-0f96-47bc-a4e8-7e5d9f844896@group-24C785E9A0FC: changes role from CANDIDATE to FOLLOWER at term 194 for DISCOVERED_A_NEW_TERM
2019-10-23 12:13:43,086 [ad4d83c7-0f96-47bc-a4e8-7e5d9f844896@group-24C785E9A0FC-LeaderElection195] INFO  impl.RoleInfo (RoleInfo.java:shutdownLeaderElection(134)) - ad4d83c7-0f96-47bc-a4e8-7e5d9f844896: shutdown LeaderElection
2019-10-23 12:13:43,086 [ad4d83c7-0f96-47bc-a4e8-7e5d9f844896@group-24C785E9A0FC-LeaderElection195] INFO  impl.RoleInfo (RoleInfo.java:updateAndGet(143)) - ad4d83c7-0f96-47bc-a4e8-7e5d9f844896: start FollowerState
2019-10-23 12:13:43,211 [Thread-1770] INFO  impl.FollowerState (FollowerState.java:run(108)) - ad4d83c7-0f96-47bc-a4e8-7e5d9f844896@group-24C785E9A0FC-FollowerState: change to CANDIDATE, lastRpcTime:125ms, electionTimeout:125ms
2019-10-23 12:13:43,212 [Thread-1770] INFO  impl.RoleInfo (RoleInfo.java:shutdownFollowerState(121)) - ad4d83c7-0f96-47bc-a4e8-7e5d9f844896: shutdown FollowerState
2019-10-23 12:13:43,212 [Thread-1770] INFO  impl.RaftServerImpl (RaftServerImpl.java:setRole(184)) - ad4d83c7-0f96-47bc-a4e8-7e5d9f844896@group-24C785E9A0FC: changes role from  FOLLOWER to CANDIDATE at term 194 for changeToCandidate
2019-10-23 12:13:43,212 [Thread-1770] INFO  impl.RoleInfo (RoleInfo.java:updateAndGet(143)) - ad4d83c7-0f96-47bc-a4e8-7e5d9f844896: start LeaderElection
2019-10-23 12:13:43,225 [ad4d83c7-0f96-47bc-a4e8-7e5d9f844896@group-24C785E9A0FC-LeaderElection196] INFO  impl.LeaderElection (LeaderElection.java:askForVotes(178)) - ad4d83c7-0f96-47bc-a4e8-7e5d9f844896@group-24C785E9A0FC-LeaderElection196: begin an election at term 195 for -1: [3b749b59-de2a-419b-9a26-261692f5c83c:192.168.69.118:39205, ad4d83c7-0f96-47bc-a4e8-7e5d9f844896:192.168.69.118:41688, 02863277-f564-4bc6-8337-fb22627f6f1a:192.168.69.118:36850], old=null
2019-10-23 12:13:43,226 [ad4d83c7-0f96-47bc-a4e8-7e5d9f844896@group-24C785E9A0FC-LeaderElection196] INFO  impl.LeaderElection (LogUtils.java:infoOrTrace(149)) - ad4d83c7-0f96-47bc-a4e8-7e5d9f844896@group-24C785E9A0FC-LeaderElection196 got exception when requesting votes: {}
java.util.concurrent.ExecutionException: org.apache.ratis.thirdparty.io.grpc.StatusRuntimeException: UNAVAILABLE: io exception
	at java.util.concurrent.FutureTask.report(FutureTask.java:122)
	at java.util.concurrent.FutureTask.get(FutureTask.java:192)
	at org.apache.ratis.server.impl.LeaderElection.waitForResults(LeaderElection.java:259)
	at org.apache.ratis.server.impl.LeaderElection.askForVotes(LeaderElection.java:197)
	at org.apache.ratis.server.impl.LeaderElection.run(LeaderElection.java:133)
	at java.lang.Thread.run(Thread.java:748)
Caused by: org.apache.ratis.thirdparty.io.grpc.StatusRuntimeException: UNAVAILABLE: io exception
	at org.apache.ratis.thirdparty.io.grpc.stub.ClientCalls.toStatusRuntimeException(ClientCalls.java:233)
	at org.apache.ratis.thirdparty.io.grpc.stub.ClientCalls.getUnchecked(ClientCalls.java:214)
	at org.apache.ratis.thirdparty.io.grpc.stub.ClientCalls.blockingUnaryCall(ClientCalls.java:139)
	at org.apache.ratis.proto.grpc.RaftServerProtocolServiceGrpc$RaftServerProtocolServiceBlockingStub.requestVote(RaftServerProtocolServiceGrpc.java:265)
	at org.apache.ratis.grpc.server.GrpcServerProtocolClient.requestVote(GrpcServerProtocolClient.java:99)
	at org.apache.ratis.grpc.server.GrpcService.requestVote(GrpcService.java:204)
	at org.apache.ratis.server.impl.LeaderElection.lambda$submitRequests$1(LeaderElection.java:234)
	at java.util.concurrent.FutureTask.run(FutureTask.java:266)
	at java.util.concurrent.Executors$RunnableAdapter.call(Executors.java:511)
	at java.util.concurrent.FutureTask.run(FutureTask.java:266)
	at java.util.concurrent.ThreadPoolExecutor.runWorker(ThreadPoolExecutor.java:1149)
	at java.util.concurrent.ThreadPoolExecutor$Worker.run(ThreadPoolExecutor.java:624)
	... 1 more
Caused by: org.apache.ratis.thirdparty.io.netty.channel.AbstractChannel$AnnotatedConnectException: Connection refused: /192.168.69.118:39205
	at sun.nio.ch.SocketChannelImpl.checkConnect(Native Method)
	at sun.nio.ch.SocketChannelImpl.finishConnect(SocketChannelImpl.java:717)
	at org.apache.ratis.thirdparty.io.netty.channel.socket.nio.NioSocketChannel.doFinishConnect(NioSocketChannel.java:327)
	at org.apache.ratis.thirdparty.io.netty.channel.nio.AbstractNioChannel$AbstractNioUnsafe.finishConnect(AbstractNioChannel.java:340)
	at org.apache.ratis.thirdparty.io.netty.channel.nio.NioEventLoop.processSelectedKey(NioEventLoop.java:632)
	at org.apache.ratis.thirdparty.io.netty.channel.nio.NioEventLoop.processSelectedKeysOptimized(NioEventLoop.java:579)
	at org.apache.ratis.thirdparty.io.netty.channel.nio.NioEventLoop.processSelectedKeys(NioEventLoop.java:496)
	at org.apache.ratis.thirdparty.io.netty.channel.nio.NioEventLoop.run(NioEventLoop.java:458)
	at org.apache.ratis.thirdparty.io.netty.util.concurrent.SingleThreadEventExecutor$5.run(SingleThreadEventExecutor.java:897)
	at org.apache.ratis.thirdparty.io.netty.util.concurrent.FastThreadLocalRunnable.run(FastThreadLocalRunnable.java:30)
	... 1 more
Caused by: java.net.ConnectException: Connection refused
	... 11 more
2019-10-23 12:13:43,227 [grpc-default-executor-5] INFO  impl.RaftServerImpl (RaftServerImpl.java:setRole(184)) - 02863277-f564-4bc6-8337-fb22627f6f1a@group-24C785E9A0FC: changes role from  FOLLOWER to FOLLOWER at term 195 for recognizeCandidate:ad4d83c7-0f96-47bc-a4e8-7e5d9f844896
2019-10-23 12:13:43,227 [grpc-default-executor-5] INFO  impl.RoleInfo (RoleInfo.java:shutdownFollowerState(121)) - 02863277-f564-4bc6-8337-fb22627f6f1a: shutdown FollowerState
2019-10-23 12:13:43,227 [grpc-default-executor-5] INFO  impl.RoleInfo (RoleInfo.java:updateAndGet(143)) - 02863277-f564-4bc6-8337-fb22627f6f1a: start FollowerState
2019-10-23 12:13:43,227 [Thread-1767] INFO  impl.FollowerState (FollowerState.java:run(117)) - 02863277-f564-4bc6-8337-fb22627f6f1a@group-24C785E9A0FC-FollowerState was interrupted: java.lang.InterruptedException: sleep interrupted
2019-10-23 12:13:43,288 [ad4d83c7-0f96-47bc-a4e8-7e5d9f844896@group-24C785E9A0FC-LeaderElection196] INFO  impl.LeaderElection (LeaderElection.java:logAndReturn(56)) - ad4d83c7-0f96-47bc-a4e8-7e5d9f844896@group-24C785E9A0FC-LeaderElection196: Election REJECTED; received 1 response(s) [ad4d83c7-0f96-47bc-a4e8-7e5d9f844896<-02863277-f564-4bc6-8337-fb22627f6f1a#0:FAIL-t195] and 1 exception(s); ad4d83c7-0f96-47bc-a4e8-7e5d9f844896@group-24C785E9A0FC:t195, leader=null, voted=ad4d83c7-0f96-47bc-a4e8-7e5d9f844896, raftlog=ad4d83c7-0f96-47bc-a4e8-7e5d9f844896@group-24C785E9A0FC-SegmentedRaftLog:OPENED:c-1,f-1,i0, conf=-1: [3b749b59-de2a-419b-9a26-261692f5c83c:192.168.69.118:39205, ad4d83c7-0f96-47bc-a4e8-7e5d9f844896:192.168.69.118:41688, 02863277-f564-4bc6-8337-fb22627f6f1a:192.168.69.118:36850], old=null
2019-10-23 12:13:43,288 [ad4d83c7-0f96-47bc-a4e8-7e5d9f844896@group-24C785E9A0FC-LeaderElection196] INFO  impl.LeaderElection (LogUtils.java:infoOrTrace(149)) -   Exception 0: {}
java.util.concurrent.ExecutionException: org.apache.ratis.thirdparty.io.grpc.StatusRuntimeException: UNAVAILABLE: io exception
	at java.util.concurrent.FutureTask.report(FutureTask.java:122)
	at java.util.concurrent.FutureTask.get(FutureTask.java:192)
	at org.apache.ratis.server.impl.LeaderElection.waitForResults(LeaderElection.java:259)
	at org.apache.ratis.server.impl.LeaderElection.askForVotes(LeaderElection.java:197)
	at org.apache.ratis.server.impl.LeaderElection.run(LeaderElection.java:133)
	at java.lang.Thread.run(Thread.java:748)
Caused by: org.apache.ratis.thirdparty.io.grpc.StatusRuntimeException: UNAVAILABLE: io exception
	at org.apache.ratis.thirdparty.io.grpc.stub.ClientCalls.toStatusRuntimeException(ClientCalls.java:233)
	at org.apache.ratis.thirdparty.io.grpc.stub.ClientCalls.getUnchecked(ClientCalls.java:214)
	at org.apache.ratis.thirdparty.io.grpc.stub.ClientCalls.blockingUnaryCall(ClientCalls.java:139)
	at org.apache.ratis.proto.grpc.RaftServerProtocolServiceGrpc$RaftServerProtocolServiceBlockingStub.requestVote(RaftServerProtocolServiceGrpc.java:265)
	at org.apache.ratis.grpc.server.GrpcServerProtocolClient.requestVote(GrpcServerProtocolClient.java:99)
	at org.apache.ratis.grpc.server.GrpcService.requestVote(GrpcService.java:204)
	at org.apache.ratis.server.impl.LeaderElection.lambda$submitRequests$1(LeaderElection.java:234)
	at java.util.concurrent.FutureTask.run(FutureTask.java:266)
	at java.util.concurrent.Executors$RunnableAdapter.call(Executors.java:511)
	at java.util.concurrent.FutureTask.run(FutureTask.java:266)
	at java.util.concurrent.ThreadPoolExecutor.runWorker(ThreadPoolExecutor.java:1149)
	at java.util.concurrent.ThreadPoolExecutor$Worker.run(ThreadPoolExecutor.java:624)
	... 1 more
Caused by: org.apache.ratis.thirdparty.io.netty.channel.AbstractChannel$AnnotatedConnectException: Connection refused: /192.168.69.118:39205
	at sun.nio.ch.SocketChannelImpl.checkConnect(Native Method)
	at sun.nio.ch.SocketChannelImpl.finishConnect(SocketChannelImpl.java:717)
	at org.apache.ratis.thirdparty.io.netty.channel.socket.nio.NioSocketChannel.doFinishConnect(NioSocketChannel.java:327)
	at org.apache.ratis.thirdparty.io.netty.channel.nio.AbstractNioChannel$AbstractNioUnsafe.finishConnect(AbstractNioChannel.java:340)
	at org.apache.ratis.thirdparty.io.netty.channel.nio.NioEventLoop.processSelectedKey(NioEventLoop.java:632)
	at org.apache.ratis.thirdparty.io.netty.channel.nio.NioEventLoop.processSelectedKeysOptimized(NioEventLoop.java:579)
	at org.apache.ratis.thirdparty.io.netty.channel.nio.NioEventLoop.processSelectedKeys(NioEventLoop.java:496)
	at org.apache.ratis.thirdparty.io.netty.channel.nio.NioEventLoop.run(NioEventLoop.java:458)
	at org.apache.ratis.thirdparty.io.netty.util.concurrent.SingleThreadEventExecutor$5.run(SingleThreadEventExecutor.java:897)
	at org.apache.ratis.thirdparty.io.netty.util.concurrent.FastThreadLocalRunnable.run(FastThreadLocalRunnable.java:30)
	... 1 more
Caused by: java.net.ConnectException: Connection refused
	... 11 more
2019-10-23 12:13:43,288 [ad4d83c7-0f96-47bc-a4e8-7e5d9f844896@group-24C785E9A0FC-LeaderElection196] INFO  impl.RaftServerImpl (RaftServerImpl.java:setRole(184)) - ad4d83c7-0f96-47bc-a4e8-7e5d9f844896@group-24C785E9A0FC: changes role from CANDIDATE to FOLLOWER at term 195 for DISCOVERED_A_NEW_TERM
2019-10-23 12:13:43,289 [ad4d83c7-0f96-47bc-a4e8-7e5d9f844896@group-24C785E9A0FC-LeaderElection196] INFO  impl.RoleInfo (RoleInfo.java:shutdownLeaderElection(134)) - ad4d83c7-0f96-47bc-a4e8-7e5d9f844896: shutdown LeaderElection
2019-10-23 12:13:43,289 [ad4d83c7-0f96-47bc-a4e8-7e5d9f844896@group-24C785E9A0FC-LeaderElection196] INFO  impl.RoleInfo (RoleInfo.java:updateAndGet(143)) - ad4d83c7-0f96-47bc-a4e8-7e5d9f844896: start FollowerState
2019-10-23 12:13:43,326 [Thread-1775] INFO  impl.FollowerState (FollowerState.java:run(108)) - ad4d83c7-0f96-47bc-a4e8-7e5d9f844896@group-24C785E9A0FC-FollowerState: change to CANDIDATE, lastRpcTime:37ms, electionTimeout:37ms
2019-10-23 12:13:43,326 [Thread-1775] INFO  impl.RoleInfo (RoleInfo.java:shutdownFollowerState(121)) - ad4d83c7-0f96-47bc-a4e8-7e5d9f844896: shutdown FollowerState
2019-10-23 12:13:43,326 [Thread-1775] INFO  impl.RaftServerImpl (RaftServerImpl.java:setRole(184)) - ad4d83c7-0f96-47bc-a4e8-7e5d9f844896@group-24C785E9A0FC: changes role from  FOLLOWER to CANDIDATE at term 195 for changeToCandidate
2019-10-23 12:13:43,327 [Thread-1775] INFO  impl.RoleInfo (RoleInfo.java:updateAndGet(143)) - ad4d83c7-0f96-47bc-a4e8-7e5d9f844896: start LeaderElection
2019-10-23 12:13:43,338 [ad4d83c7-0f96-47bc-a4e8-7e5d9f844896@group-24C785E9A0FC-LeaderElection197] INFO  impl.LeaderElection (LeaderElection.java:askForVotes(178)) - ad4d83c7-0f96-47bc-a4e8-7e5d9f844896@group-24C785E9A0FC-LeaderElection197: begin an election at term 196 for -1: [3b749b59-de2a-419b-9a26-261692f5c83c:192.168.69.118:39205, ad4d83c7-0f96-47bc-a4e8-7e5d9f844896:192.168.69.118:41688, 02863277-f564-4bc6-8337-fb22627f6f1a:192.168.69.118:36850], old=null
2019-10-23 12:13:43,339 [ad4d83c7-0f96-47bc-a4e8-7e5d9f844896@group-24C785E9A0FC-LeaderElection197] INFO  impl.LeaderElection (LogUtils.java:infoOrTrace(149)) - ad4d83c7-0f96-47bc-a4e8-7e5d9f844896@group-24C785E9A0FC-LeaderElection197 got exception when requesting votes: {}
java.util.concurrent.ExecutionException: org.apache.ratis.thirdparty.io.grpc.StatusRuntimeException: UNAVAILABLE: io exception
	at java.util.concurrent.FutureTask.report(FutureTask.java:122)
	at java.util.concurrent.FutureTask.get(FutureTask.java:192)
	at org.apache.ratis.server.impl.LeaderElection.waitForResults(LeaderElection.java:259)
	at org.apache.ratis.server.impl.LeaderElection.askForVotes(LeaderElection.java:197)
	at org.apache.ratis.server.impl.LeaderElection.run(LeaderElection.java:133)
	at java.lang.Thread.run(Thread.java:748)
Caused by: org.apache.ratis.thirdparty.io.grpc.StatusRuntimeException: UNAVAILABLE: io exception
	at org.apache.ratis.thirdparty.io.grpc.stub.ClientCalls.toStatusRuntimeException(ClientCalls.java:233)
	at org.apache.ratis.thirdparty.io.grpc.stub.ClientCalls.getUnchecked(ClientCalls.java:214)
	at org.apache.ratis.thirdparty.io.grpc.stub.ClientCalls.blockingUnaryCall(ClientCalls.java:139)
	at org.apache.ratis.proto.grpc.RaftServerProtocolServiceGrpc$RaftServerProtocolServiceBlockingStub.requestVote(RaftServerProtocolServiceGrpc.java:265)
	at org.apache.ratis.grpc.server.GrpcServerProtocolClient.requestVote(GrpcServerProtocolClient.java:99)
	at org.apache.ratis.grpc.server.GrpcService.requestVote(GrpcService.java:204)
	at org.apache.ratis.server.impl.LeaderElection.lambda$submitRequests$1(LeaderElection.java:234)
	at java.util.concurrent.FutureTask.run(FutureTask.java:266)
	at java.util.concurrent.Executors$RunnableAdapter.call(Executors.java:511)
	at java.util.concurrent.FutureTask.run(FutureTask.java:266)
	at java.util.concurrent.ThreadPoolExecutor.runWorker(ThreadPoolExecutor.java:1149)
	at java.util.concurrent.ThreadPoolExecutor$Worker.run(ThreadPoolExecutor.java:624)
	... 1 more
Caused by: org.apache.ratis.thirdparty.io.netty.channel.AbstractChannel$AnnotatedConnectException: Connection refused: /192.168.69.118:39205
	at sun.nio.ch.SocketChannelImpl.checkConnect(Native Method)
	at sun.nio.ch.SocketChannelImpl.finishConnect(SocketChannelImpl.java:717)
	at org.apache.ratis.thirdparty.io.netty.channel.socket.nio.NioSocketChannel.doFinishConnect(NioSocketChannel.java:327)
	at org.apache.ratis.thirdparty.io.netty.channel.nio.AbstractNioChannel$AbstractNioUnsafe.finishConnect(AbstractNioChannel.java:340)
	at org.apache.ratis.thirdparty.io.netty.channel.nio.NioEventLoop.processSelectedKey(NioEventLoop.java:632)
	at org.apache.ratis.thirdparty.io.netty.channel.nio.NioEventLoop.processSelectedKeysOptimized(NioEventLoop.java:579)
	at org.apache.ratis.thirdparty.io.netty.channel.nio.NioEventLoop.processSelectedKeys(NioEventLoop.java:496)
	at org.apache.ratis.thirdparty.io.netty.channel.nio.NioEventLoop.run(NioEventLoop.java:458)
	at org.apache.ratis.thirdparty.io.netty.util.concurrent.SingleThreadEventExecutor$5.run(SingleThreadEventExecutor.java:897)
	at org.apache.ratis.thirdparty.io.netty.util.concurrent.FastThreadLocalRunnable.run(FastThreadLocalRunnable.java:30)
	... 1 more
Caused by: java.net.ConnectException: Connection refused
	... 11 more
2019-10-23 12:13:43,340 [grpc-default-executor-5] INFO  impl.RaftServerImpl (RaftServerImpl.java:setRole(184)) - 02863277-f564-4bc6-8337-fb22627f6f1a@group-24C785E9A0FC: changes role from  FOLLOWER to FOLLOWER at term 196 for recognizeCandidate:ad4d83c7-0f96-47bc-a4e8-7e5d9f844896
2019-10-23 12:13:43,340 [grpc-default-executor-5] INFO  impl.RoleInfo (RoleInfo.java:shutdownFollowerState(121)) - 02863277-f564-4bc6-8337-fb22627f6f1a: shutdown FollowerState
2019-10-23 12:13:43,340 [grpc-default-executor-5] INFO  impl.RoleInfo (RoleInfo.java:updateAndGet(143)) - 02863277-f564-4bc6-8337-fb22627f6f1a: start FollowerState
2019-10-23 12:13:43,340 [Thread-1774] INFO  impl.FollowerState (FollowerState.java:run(117)) - 02863277-f564-4bc6-8337-fb22627f6f1a@group-24C785E9A0FC-FollowerState was interrupted: java.lang.InterruptedException: sleep interrupted
2019-10-23 12:13:43,348 [ad4d83c7-0f96-47bc-a4e8-7e5d9f844896@group-24C785E9A0FC-LeaderElection197] INFO  impl.LeaderElection (LeaderElection.java:logAndReturn(56)) - ad4d83c7-0f96-47bc-a4e8-7e5d9f844896@group-24C785E9A0FC-LeaderElection197: Election TIMEOUT; received 0 response(s) [] and 1 exception(s); ad4d83c7-0f96-47bc-a4e8-7e5d9f844896@group-24C785E9A0FC:t196, leader=null, voted=ad4d83c7-0f96-47bc-a4e8-7e5d9f844896, raftlog=ad4d83c7-0f96-47bc-a4e8-7e5d9f844896@group-24C785E9A0FC-SegmentedRaftLog:OPENED:c-1,f-1,i0, conf=-1: [3b749b59-de2a-419b-9a26-261692f5c83c:192.168.69.118:39205, ad4d83c7-0f96-47bc-a4e8-7e5d9f844896:192.168.69.118:41688, 02863277-f564-4bc6-8337-fb22627f6f1a:192.168.69.118:36850], old=null
2019-10-23 12:13:43,349 [ad4d83c7-0f96-47bc-a4e8-7e5d9f844896@group-24C785E9A0FC-LeaderElection197] INFO  impl.LeaderElection (LogUtils.java:infoOrTrace(149)) -   Exception 0: {}
java.util.concurrent.ExecutionException: org.apache.ratis.thirdparty.io.grpc.StatusRuntimeException: UNAVAILABLE: io exception
	at java.util.concurrent.FutureTask.report(FutureTask.java:122)
	at java.util.concurrent.FutureTask.get(FutureTask.java:192)
	at org.apache.ratis.server.impl.LeaderElection.waitForResults(LeaderElection.java:259)
	at org.apache.ratis.server.impl.LeaderElection.askForVotes(LeaderElection.java:197)
	at org.apache.ratis.server.impl.LeaderElection.run(LeaderElection.java:133)
	at java.lang.Thread.run(Thread.java:748)
Caused by: org.apache.ratis.thirdparty.io.grpc.StatusRuntimeException: UNAVAILABLE: io exception
	at org.apache.ratis.thirdparty.io.grpc.stub.ClientCalls.toStatusRuntimeException(ClientCalls.java:233)
	at org.apache.ratis.thirdparty.io.grpc.stub.ClientCalls.getUnchecked(ClientCalls.java:214)
	at org.apache.ratis.thirdparty.io.grpc.stub.ClientCalls.blockingUnaryCall(ClientCalls.java:139)
	at org.apache.ratis.proto.grpc.RaftServerProtocolServiceGrpc$RaftServerProtocolServiceBlockingStub.requestVote(RaftServerProtocolServiceGrpc.java:265)
	at org.apache.ratis.grpc.server.GrpcServerProtocolClient.requestVote(GrpcServerProtocolClient.java:99)
	at org.apache.ratis.grpc.server.GrpcService.requestVote(GrpcService.java:204)
	at org.apache.ratis.server.impl.LeaderElection.lambda$submitRequests$1(LeaderElection.java:234)
	at java.util.concurrent.FutureTask.run(FutureTask.java:266)
	at java.util.concurrent.Executors$RunnableAdapter.call(Executors.java:511)
	at java.util.concurrent.FutureTask.run(FutureTask.java:266)
	at java.util.concurrent.ThreadPoolExecutor.runWorker(ThreadPoolExecutor.java:1149)
	at java.util.concurrent.ThreadPoolExecutor$Worker.run(ThreadPoolExecutor.java:624)
	... 1 more
Caused by: org.apache.ratis.thirdparty.io.netty.channel.AbstractChannel$AnnotatedConnectException: Connection refused: /192.168.69.118:39205
	at sun.nio.ch.SocketChannelImpl.checkConnect(Native Method)
	at sun.nio.ch.SocketChannelImpl.finishConnect(SocketChannelImpl.java:717)
	at org.apache.ratis.thirdparty.io.netty.channel.socket.nio.NioSocketChannel.doFinishConnect(NioSocketChannel.java:327)
	at org.apache.ratis.thirdparty.io.netty.channel.nio.AbstractNioChannel$AbstractNioUnsafe.finishConnect(AbstractNioChannel.java:340)
	at org.apache.ratis.thirdparty.io.netty.channel.nio.NioEventLoop.processSelectedKey(NioEventLoop.java:632)
	at org.apache.ratis.thirdparty.io.netty.channel.nio.NioEventLoop.processSelectedKeysOptimized(NioEventLoop.java:579)
	at org.apache.ratis.thirdparty.io.netty.channel.nio.NioEventLoop.processSelectedKeys(NioEventLoop.java:496)
	at org.apache.ratis.thirdparty.io.netty.channel.nio.NioEventLoop.run(NioEventLoop.java:458)
	at org.apache.ratis.thirdparty.io.netty.util.concurrent.SingleThreadEventExecutor$5.run(SingleThreadEventExecutor.java:897)
	at org.apache.ratis.thirdparty.io.netty.util.concurrent.FastThreadLocalRunnable.run(FastThreadLocalRunnable.java:30)
	... 1 more
Caused by: java.net.ConnectException: Connection refused
	... 11 more
2019-10-23 12:13:43,353 [ad4d83c7-0f96-47bc-a4e8-7e5d9f844896@group-24C785E9A0FC-LeaderElection197] INFO  impl.LeaderElection (LeaderElection.java:askForVotes(178)) - ad4d83c7-0f96-47bc-a4e8-7e5d9f844896@group-24C785E9A0FC-LeaderElection197: begin an election at term 197 for -1: [3b749b59-de2a-419b-9a26-261692f5c83c:192.168.69.118:39205, ad4d83c7-0f96-47bc-a4e8-7e5d9f844896:192.168.69.118:41688, 02863277-f564-4bc6-8337-fb22627f6f1a:192.168.69.118:36850], old=null
2019-10-23 12:13:43,354 [ad4d83c7-0f96-47bc-a4e8-7e5d9f844896@group-24C785E9A0FC-LeaderElection197] INFO  impl.LeaderElection (LogUtils.java:infoOrTrace(149)) - ad4d83c7-0f96-47bc-a4e8-7e5d9f844896@group-24C785E9A0FC-LeaderElection197 got exception when requesting votes: {}
java.util.concurrent.ExecutionException: org.apache.ratis.thirdparty.io.grpc.StatusRuntimeException: UNAVAILABLE: io exception
	at java.util.concurrent.FutureTask.report(FutureTask.java:122)
	at java.util.concurrent.FutureTask.get(FutureTask.java:192)
	at org.apache.ratis.server.impl.LeaderElection.waitForResults(LeaderElection.java:259)
	at org.apache.ratis.server.impl.LeaderElection.askForVotes(LeaderElection.java:197)
	at org.apache.ratis.server.impl.LeaderElection.run(LeaderElection.java:133)
	at java.lang.Thread.run(Thread.java:748)
Caused by: org.apache.ratis.thirdparty.io.grpc.StatusRuntimeException: UNAVAILABLE: io exception
	at org.apache.ratis.thirdparty.io.grpc.stub.ClientCalls.toStatusRuntimeException(ClientCalls.java:233)
	at org.apache.ratis.thirdparty.io.grpc.stub.ClientCalls.getUnchecked(ClientCalls.java:214)
	at org.apache.ratis.thirdparty.io.grpc.stub.ClientCalls.blockingUnaryCall(ClientCalls.java:139)
	at org.apache.ratis.proto.grpc.RaftServerProtocolServiceGrpc$RaftServerProtocolServiceBlockingStub.requestVote(RaftServerProtocolServiceGrpc.java:265)
	at org.apache.ratis.grpc.server.GrpcServerProtocolClient.requestVote(GrpcServerProtocolClient.java:99)
	at org.apache.ratis.grpc.server.GrpcService.requestVote(GrpcService.java:204)
	at org.apache.ratis.server.impl.LeaderElection.lambda$submitRequests$1(LeaderElection.java:234)
	at java.util.concurrent.FutureTask.run(FutureTask.java:266)
	at java.util.concurrent.Executors$RunnableAdapter.call(Executors.java:511)
	at java.util.concurrent.FutureTask.run(FutureTask.java:266)
	at java.util.concurrent.ThreadPoolExecutor.runWorker(ThreadPoolExecutor.java:1149)
	at java.util.concurrent.ThreadPoolExecutor$Worker.run(ThreadPoolExecutor.java:624)
	... 1 more
Caused by: org.apache.ratis.thirdparty.io.netty.channel.AbstractChannel$AnnotatedConnectException: Connection refused: /192.168.69.118:39205
	at sun.nio.ch.SocketChannelImpl.checkConnect(Native Method)
	at sun.nio.ch.SocketChannelImpl.finishConnect(SocketChannelImpl.java:717)
	at org.apache.ratis.thirdparty.io.netty.channel.socket.nio.NioSocketChannel.doFinishConnect(NioSocketChannel.java:327)
	at org.apache.ratis.thirdparty.io.netty.channel.nio.AbstractNioChannel$AbstractNioUnsafe.finishConnect(AbstractNioChannel.java:340)
	at org.apache.ratis.thirdparty.io.netty.channel.nio.NioEventLoop.processSelectedKey(NioEventLoop.java:632)
	at org.apache.ratis.thirdparty.io.netty.channel.nio.NioEventLoop.processSelectedKeysOptimized(NioEventLoop.java:579)
	at org.apache.ratis.thirdparty.io.netty.channel.nio.NioEventLoop.processSelectedKeys(NioEventLoop.java:496)
	at org.apache.ratis.thirdparty.io.netty.channel.nio.NioEventLoop.run(NioEventLoop.java:458)
	at org.apache.ratis.thirdparty.io.netty.util.concurrent.SingleThreadEventExecutor$5.run(SingleThreadEventExecutor.java:897)
	at org.apache.ratis.thirdparty.io.netty.util.concurrent.FastThreadLocalRunnable.run(FastThreadLocalRunnable.java:30)
	... 1 more
Caused by: java.net.ConnectException: Connection refused
	... 11 more
2019-10-23 12:13:43,355 [grpc-default-executor-5] INFO  impl.RaftServerImpl (RaftServerImpl.java:setRole(184)) - 02863277-f564-4bc6-8337-fb22627f6f1a@group-24C785E9A0FC: changes role from  FOLLOWER to FOLLOWER at term 197 for recognizeCandidate:ad4d83c7-0f96-47bc-a4e8-7e5d9f844896
2019-10-23 12:13:43,355 [grpc-default-executor-5] INFO  impl.RoleInfo (RoleInfo.java:shutdownFollowerState(121)) - 02863277-f564-4bc6-8337-fb22627f6f1a: shutdown FollowerState
2019-10-23 12:13:43,355 [grpc-default-executor-5] INFO  impl.RoleInfo (RoleInfo.java:updateAndGet(143)) - 02863277-f564-4bc6-8337-fb22627f6f1a: start FollowerState
2019-10-23 12:13:43,355 [Thread-1779] INFO  impl.FollowerState (FollowerState.java:run(117)) - 02863277-f564-4bc6-8337-fb22627f6f1a@group-24C785E9A0FC-FollowerState was interrupted: java.lang.InterruptedException: sleep interrupted
2019-10-23 12:13:43,369 [ad4d83c7-0f96-47bc-a4e8-7e5d9f844896@group-24C785E9A0FC-LeaderElection197] INFO  impl.LeaderElection (LeaderElection.java:logAndReturn(56)) - ad4d83c7-0f96-47bc-a4e8-7e5d9f844896@group-24C785E9A0FC-LeaderElection197: Election REJECTED; received 1 response(s) [ad4d83c7-0f96-47bc-a4e8-7e5d9f844896<-02863277-f564-4bc6-8337-fb22627f6f1a#0:FAIL-t197] and 1 exception(s); ad4d83c7-0f96-47bc-a4e8-7e5d9f844896@group-24C785E9A0FC:t197, leader=null, voted=ad4d83c7-0f96-47bc-a4e8-7e5d9f844896, raftlog=ad4d83c7-0f96-47bc-a4e8-7e5d9f844896@group-24C785E9A0FC-SegmentedRaftLog:OPENED:c-1,f-1,i0, conf=-1: [3b749b59-de2a-419b-9a26-261692f5c83c:192.168.69.118:39205, ad4d83c7-0f96-47bc-a4e8-7e5d9f844896:192.168.69.118:41688, 02863277-f564-4bc6-8337-fb22627f6f1a:192.168.69.118:36850], old=null
2019-10-23 12:13:43,369 [ad4d83c7-0f96-47bc-a4e8-7e5d9f844896@group-24C785E9A0FC-LeaderElection197] INFO  impl.LeaderElection (LogUtils.java:infoOrTrace(149)) -   Exception 0: {}
java.util.concurrent.ExecutionException: org.apache.ratis.thirdparty.io.grpc.StatusRuntimeException: UNAVAILABLE: io exception
	at java.util.concurrent.FutureTask.report(FutureTask.java:122)
	at java.util.concurrent.FutureTask.get(FutureTask.java:192)
	at org.apache.ratis.server.impl.LeaderElection.waitForResults(LeaderElection.java:259)
	at org.apache.ratis.server.impl.LeaderElection.askForVotes(LeaderElection.java:197)
	at org.apache.ratis.server.impl.LeaderElection.run(LeaderElection.java:133)
	at java.lang.Thread.run(Thread.java:748)
Caused by: org.apache.ratis.thirdparty.io.grpc.StatusRuntimeException: UNAVAILABLE: io exception
	at org.apache.ratis.thirdparty.io.grpc.stub.ClientCalls.toStatusRuntimeException(ClientCalls.java:233)
	at org.apache.ratis.thirdparty.io.grpc.stub.ClientCalls.getUnchecked(ClientCalls.java:214)
	at org.apache.ratis.thirdparty.io.grpc.stub.ClientCalls.blockingUnaryCall(ClientCalls.java:139)
	at org.apache.ratis.proto.grpc.RaftServerProtocolServiceGrpc$RaftServerProtocolServiceBlockingStub.requestVote(RaftServerProtocolServiceGrpc.java:265)
	at org.apache.ratis.grpc.server.GrpcServerProtocolClient.requestVote(GrpcServerProtocolClient.java:99)
	at org.apache.ratis.grpc.server.GrpcService.requestVote(GrpcService.java:204)
	at org.apache.ratis.server.impl.LeaderElection.lambda$submitRequests$1(LeaderElection.java:234)
	at java.util.concurrent.FutureTask.run(FutureTask.java:266)
	at java.util.concurrent.Executors$RunnableAdapter.call(Executors.java:511)
	at java.util.concurrent.FutureTask.run(FutureTask.java:266)
	at java.util.concurrent.ThreadPoolExecutor.runWorker(ThreadPoolExecutor.java:1149)
	at java.util.concurrent.ThreadPoolExecutor$Worker.run(ThreadPoolExecutor.java:624)
	... 1 more
Caused by: org.apache.ratis.thirdparty.io.netty.channel.AbstractChannel$AnnotatedConnectException: Connection refused: /192.168.69.118:39205
	at sun.nio.ch.SocketChannelImpl.checkConnect(Native Method)
	at sun.nio.ch.SocketChannelImpl.finishConnect(SocketChannelImpl.java:717)
	at org.apache.ratis.thirdparty.io.netty.channel.socket.nio.NioSocketChannel.doFinishConnect(NioSocketChannel.java:327)
	at org.apache.ratis.thirdparty.io.netty.channel.nio.AbstractNioChannel$AbstractNioUnsafe.finishConnect(AbstractNioChannel.java:340)
	at org.apache.ratis.thirdparty.io.netty.channel.nio.NioEventLoop.processSelectedKey(NioEventLoop.java:632)
	at org.apache.ratis.thirdparty.io.netty.channel.nio.NioEventLoop.processSelectedKeysOptimized(NioEventLoop.java:579)
	at org.apache.ratis.thirdparty.io.netty.channel.nio.NioEventLoop.processSelectedKeys(NioEventLoop.java:496)
	at org.apache.ratis.thirdparty.io.netty.channel.nio.NioEventLoop.run(NioEventLoop.java:458)
	at org.apache.ratis.thirdparty.io.netty.util.concurrent.SingleThreadEventExecutor$5.run(SingleThreadEventExecutor.java:897)
	at org.apache.ratis.thirdparty.io.netty.util.concurrent.FastThreadLocalRunnable.run(FastThreadLocalRunnable.java:30)
	... 1 more
Caused by: java.net.ConnectException: Connection refused
	... 11 more
2019-10-23 12:13:43,369 [ad4d83c7-0f96-47bc-a4e8-7e5d9f844896@group-24C785E9A0FC-LeaderElection197] INFO  impl.RaftServerImpl (RaftServerImpl.java:setRole(184)) - ad4d83c7-0f96-47bc-a4e8-7e5d9f844896@group-24C785E9A0FC: changes role from CANDIDATE to FOLLOWER at term 197 for DISCOVERED_A_NEW_TERM
2019-10-23 12:13:43,369 [ad4d83c7-0f96-47bc-a4e8-7e5d9f844896@group-24C785E9A0FC-LeaderElection197] INFO  impl.RoleInfo (RoleInfo.java:shutdownLeaderElection(134)) - ad4d83c7-0f96-47bc-a4e8-7e5d9f844896: shutdown LeaderElection
2019-10-23 12:13:43,369 [ad4d83c7-0f96-47bc-a4e8-7e5d9f844896@group-24C785E9A0FC-LeaderElection197] INFO  impl.RoleInfo (RoleInfo.java:updateAndGet(143)) - ad4d83c7-0f96-47bc-a4e8-7e5d9f844896: start FollowerState
2019-10-23 12:13:43,431 [Thread-1783] INFO  impl.FollowerState (FollowerState.java:run(108)) - ad4d83c7-0f96-47bc-a4e8-7e5d9f844896@group-24C785E9A0FC-FollowerState: change to CANDIDATE, lastRpcTime:61ms, electionTimeout:61ms
2019-10-23 12:13:43,432 [Thread-1783] INFO  impl.RoleInfo (RoleInfo.java:shutdownFollowerState(121)) - ad4d83c7-0f96-47bc-a4e8-7e5d9f844896: shutdown FollowerState
2019-10-23 12:13:43,433 [Thread-1783] INFO  impl.RaftServerImpl (RaftServerImpl.java:setRole(184)) - ad4d83c7-0f96-47bc-a4e8-7e5d9f844896@group-24C785E9A0FC: changes role from  FOLLOWER to CANDIDATE at term 197 for changeToCandidate
2019-10-23 12:13:43,433 [Thread-1783] INFO  impl.RoleInfo (RoleInfo.java:updateAndGet(143)) - ad4d83c7-0f96-47bc-a4e8-7e5d9f844896: start LeaderElection
2019-10-23 12:13:43,449 [ad4d83c7-0f96-47bc-a4e8-7e5d9f844896@group-24C785E9A0FC-LeaderElection198] INFO  impl.LeaderElection (LeaderElection.java:askForVotes(178)) - ad4d83c7-0f96-47bc-a4e8-7e5d9f844896@group-24C785E9A0FC-LeaderElection198: begin an election at term 198 for -1: [3b749b59-de2a-419b-9a26-261692f5c83c:192.168.69.118:39205, ad4d83c7-0f96-47bc-a4e8-7e5d9f844896:192.168.69.118:41688, 02863277-f564-4bc6-8337-fb22627f6f1a:192.168.69.118:36850], old=null
2019-10-23 12:13:43,452 [ad4d83c7-0f96-47bc-a4e8-7e5d9f844896@group-24C785E9A0FC-LeaderElection198] INFO  impl.LeaderElection (LogUtils.java:infoOrTrace(149)) - ad4d83c7-0f96-47bc-a4e8-7e5d9f844896@group-24C785E9A0FC-LeaderElection198 got exception when requesting votes: {}
java.util.concurrent.ExecutionException: org.apache.ratis.thirdparty.io.grpc.StatusRuntimeException: UNAVAILABLE: io exception
	at java.util.concurrent.FutureTask.report(FutureTask.java:122)
	at java.util.concurrent.FutureTask.get(FutureTask.java:192)
	at org.apache.ratis.server.impl.LeaderElection.waitForResults(LeaderElection.java:259)
	at org.apache.ratis.server.impl.LeaderElection.askForVotes(LeaderElection.java:197)
	at org.apache.ratis.server.impl.LeaderElection.run(LeaderElection.java:133)
	at java.lang.Thread.run(Thread.java:748)
Caused by: org.apache.ratis.thirdparty.io.grpc.StatusRuntimeException: UNAVAILABLE: io exception
	at org.apache.ratis.thirdparty.io.grpc.stub.ClientCalls.toStatusRuntimeException(ClientCalls.java:233)
	at org.apache.ratis.thirdparty.io.grpc.stub.ClientCalls.getUnchecked(ClientCalls.java:214)
	at org.apache.ratis.thirdparty.io.grpc.stub.ClientCalls.blockingUnaryCall(ClientCalls.java:139)
	at org.apache.ratis.proto.grpc.RaftServerProtocolServiceGrpc$RaftServerProtocolServiceBlockingStub.requestVote(RaftServerProtocolServiceGrpc.java:265)
	at org.apache.ratis.grpc.server.GrpcServerProtocolClient.requestVote(GrpcServerProtocolClient.java:99)
	at org.apache.ratis.grpc.server.GrpcService.requestVote(GrpcService.java:204)
	at org.apache.ratis.server.impl.LeaderElection.lambda$submitRequests$1(LeaderElection.java:234)
	at java.util.concurrent.FutureTask.run(FutureTask.java:266)
	at java.util.concurrent.Executors$RunnableAdapter.call(Executors.java:511)
	at java.util.concurrent.FutureTask.run(FutureTask.java:266)
	at java.util.concurrent.ThreadPoolExecutor.runWorker(ThreadPoolExecutor.java:1149)
	at java.util.concurrent.ThreadPoolExecutor$Worker.run(ThreadPoolExecutor.java:624)
	... 1 more
Caused by: org.apache.ratis.thirdparty.io.netty.channel.AbstractChannel$AnnotatedConnectException: Connection refused: /192.168.69.118:39205
	at sun.nio.ch.SocketChannelImpl.checkConnect(Native Method)
	at sun.nio.ch.SocketChannelImpl.finishConnect(SocketChannelImpl.java:717)
	at org.apache.ratis.thirdparty.io.netty.channel.socket.nio.NioSocketChannel.doFinishConnect(NioSocketChannel.java:327)
	at org.apache.ratis.thirdparty.io.netty.channel.nio.AbstractNioChannel$AbstractNioUnsafe.finishConnect(AbstractNioChannel.java:340)
	at org.apache.ratis.thirdparty.io.netty.channel.nio.NioEventLoop.processSelectedKey(NioEventLoop.java:632)
	at org.apache.ratis.thirdparty.io.netty.channel.nio.NioEventLoop.processSelectedKeysOptimized(NioEventLoop.java:579)
	at org.apache.ratis.thirdparty.io.netty.channel.nio.NioEventLoop.processSelectedKeys(NioEventLoop.java:496)
	at org.apache.ratis.thirdparty.io.netty.channel.nio.NioEventLoop.run(NioEventLoop.java:458)
	at org.apache.ratis.thirdparty.io.netty.util.concurrent.SingleThreadEventExecutor$5.run(SingleThreadEventExecutor.java:897)
	at org.apache.ratis.thirdparty.io.netty.util.concurrent.FastThreadLocalRunnable.run(FastThreadLocalRunnable.java:30)
	... 1 more
Caused by: java.net.ConnectException: Connection refused
	... 11 more
2019-10-23 12:13:43,462 [grpc-default-executor-5] INFO  impl.RaftServerImpl (RaftServerImpl.java:setRole(184)) - 02863277-f564-4bc6-8337-fb22627f6f1a@group-24C785E9A0FC: changes role from  FOLLOWER to FOLLOWER at term 198 for recognizeCandidate:ad4d83c7-0f96-47bc-a4e8-7e5d9f844896
2019-10-23 12:13:43,462 [grpc-default-executor-5] INFO  impl.RoleInfo (RoleInfo.java:shutdownFollowerState(121)) - 02863277-f564-4bc6-8337-fb22627f6f1a: shutdown FollowerState
2019-10-23 12:13:43,462 [grpc-default-executor-5] INFO  impl.RoleInfo (RoleInfo.java:updateAndGet(143)) - 02863277-f564-4bc6-8337-fb22627f6f1a: start FollowerState
2019-10-23 12:13:43,462 [Thread-1782] INFO  impl.FollowerState (FollowerState.java:run(117)) - 02863277-f564-4bc6-8337-fb22627f6f1a@group-24C785E9A0FC-FollowerState was interrupted: java.lang.InterruptedException: sleep interrupted
2019-10-23 12:13:43,477 [ad4d83c7-0f96-47bc-a4e8-7e5d9f844896@group-24C785E9A0FC-LeaderElection198] INFO  impl.LeaderElection (LeaderElection.java:logAndReturn(56)) - ad4d83c7-0f96-47bc-a4e8-7e5d9f844896@group-24C785E9A0FC-LeaderElection198: Election REJECTED; received 1 response(s) [ad4d83c7-0f96-47bc-a4e8-7e5d9f844896<-02863277-f564-4bc6-8337-fb22627f6f1a#0:FAIL-t198] and 1 exception(s); ad4d83c7-0f96-47bc-a4e8-7e5d9f844896@group-24C785E9A0FC:t198, leader=null, voted=ad4d83c7-0f96-47bc-a4e8-7e5d9f844896, raftlog=ad4d83c7-0f96-47bc-a4e8-7e5d9f844896@group-24C785E9A0FC-SegmentedRaftLog:OPENED:c-1,f-1,i0, conf=-1: [3b749b59-de2a-419b-9a26-261692f5c83c:192.168.69.118:39205, ad4d83c7-0f96-47bc-a4e8-7e5d9f844896:192.168.69.118:41688, 02863277-f564-4bc6-8337-fb22627f6f1a:192.168.69.118:36850], old=null
2019-10-23 12:13:43,477 [ad4d83c7-0f96-47bc-a4e8-7e5d9f844896@group-24C785E9A0FC-LeaderElection198] INFO  impl.LeaderElection (LogUtils.java:infoOrTrace(149)) -   Exception 0: {}
java.util.concurrent.ExecutionException: org.apache.ratis.thirdparty.io.grpc.StatusRuntimeException: UNAVAILABLE: io exception
	at java.util.concurrent.FutureTask.report(FutureTask.java:122)
	at java.util.concurrent.FutureTask.get(FutureTask.java:192)
	at org.apache.ratis.server.impl.LeaderElection.waitForResults(LeaderElection.java:259)
	at org.apache.ratis.server.impl.LeaderElection.askForVotes(LeaderElection.java:197)
	at org.apache.ratis.server.impl.LeaderElection.run(LeaderElection.java:133)
	at java.lang.Thread.run(Thread.java:748)
Caused by: org.apache.ratis.thirdparty.io.grpc.StatusRuntimeException: UNAVAILABLE: io exception
	at org.apache.ratis.thirdparty.io.grpc.stub.ClientCalls.toStatusRuntimeException(ClientCalls.java:233)
	at org.apache.ratis.thirdparty.io.grpc.stub.ClientCalls.getUnchecked(ClientCalls.java:214)
	at org.apache.ratis.thirdparty.io.grpc.stub.ClientCalls.blockingUnaryCall(ClientCalls.java:139)
	at org.apache.ratis.proto.grpc.RaftServerProtocolServiceGrpc$RaftServerProtocolServiceBlockingStub.requestVote(RaftServerProtocolServiceGrpc.java:265)
	at org.apache.ratis.grpc.server.GrpcServerProtocolClient.requestVote(GrpcServerProtocolClient.java:99)
	at org.apache.ratis.grpc.server.GrpcService.requestVote(GrpcService.java:204)
	at org.apache.ratis.server.impl.LeaderElection.lambda$submitRequests$1(LeaderElection.java:234)
	at java.util.concurrent.FutureTask.run(FutureTask.java:266)
	at java.util.concurrent.Executors$RunnableAdapter.call(Executors.java:511)
	at java.util.concurrent.FutureTask.run(FutureTask.java:266)
	at java.util.concurrent.ThreadPoolExecutor.runWorker(ThreadPoolExecutor.java:1149)
	at java.util.concurrent.ThreadPoolExecutor$Worker.run(ThreadPoolExecutor.java:624)
	... 1 more
Caused by: org.apache.ratis.thirdparty.io.netty.channel.AbstractChannel$AnnotatedConnectException: Connection refused: /192.168.69.118:39205
	at sun.nio.ch.SocketChannelImpl.checkConnect(Native Method)
	at sun.nio.ch.SocketChannelImpl.finishConnect(SocketChannelImpl.java:717)
	at org.apache.ratis.thirdparty.io.netty.channel.socket.nio.NioSocketChannel.doFinishConnect(NioSocketChannel.java:327)
	at org.apache.ratis.thirdparty.io.netty.channel.nio.AbstractNioChannel$AbstractNioUnsafe.finishConnect(AbstractNioChannel.java:340)
	at org.apache.ratis.thirdparty.io.netty.channel.nio.NioEventLoop.processSelectedKey(NioEventLoop.java:632)
	at org.apache.ratis.thirdparty.io.netty.channel.nio.NioEventLoop.processSelectedKeysOptimized(NioEventLoop.java:579)
	at org.apache.ratis.thirdparty.io.netty.channel.nio.NioEventLoop.processSelectedKeys(NioEventLoop.java:496)
	at org.apache.ratis.thirdparty.io.netty.channel.nio.NioEventLoop.run(NioEventLoop.java:458)
	at org.apache.ratis.thirdparty.io.netty.util.concurrent.SingleThreadEventExecutor$5.run(SingleThreadEventExecutor.java:897)
	at org.apache.ratis.thirdparty.io.netty.util.concurrent.FastThreadLocalRunnable.run(FastThreadLocalRunnable.java:30)
	... 1 more
Caused by: java.net.ConnectException: Connection refused
	... 11 more
2019-10-23 12:13:43,477 [ad4d83c7-0f96-47bc-a4e8-7e5d9f844896@group-24C785E9A0FC-LeaderElection198] INFO  impl.RaftServerImpl (RaftServerImpl.java:setRole(184)) - ad4d83c7-0f96-47bc-a4e8-7e5d9f844896@group-24C785E9A0FC: changes role from CANDIDATE to FOLLOWER at term 198 for DISCOVERED_A_NEW_TERM
2019-10-23 12:13:43,477 [ad4d83c7-0f96-47bc-a4e8-7e5d9f844896@group-24C785E9A0FC-LeaderElection198] INFO  impl.RoleInfo (RoleInfo.java:shutdownLeaderElection(134)) - ad4d83c7-0f96-47bc-a4e8-7e5d9f844896: shutdown LeaderElection
2019-10-23 12:13:43,477 [ad4d83c7-0f96-47bc-a4e8-7e5d9f844896@group-24C785E9A0FC-LeaderElection198] INFO  impl.RoleInfo (RoleInfo.java:updateAndGet(143)) - ad4d83c7-0f96-47bc-a4e8-7e5d9f844896: start FollowerState
2019-10-23 12:13:43,502 [Thread-1788] INFO  impl.FollowerState (FollowerState.java:run(108)) - ad4d83c7-0f96-47bc-a4e8-7e5d9f844896@group-24C785E9A0FC-FollowerState: change to CANDIDATE, lastRpcTime:24ms, electionTimeout:24ms
2019-10-23 12:13:43,502 [Thread-1788] INFO  impl.RoleInfo (RoleInfo.java:shutdownFollowerState(121)) - ad4d83c7-0f96-47bc-a4e8-7e5d9f844896: shutdown FollowerState
2019-10-23 12:13:43,502 [Thread-1788] INFO  impl.RaftServerImpl (RaftServerImpl.java:setRole(184)) - ad4d83c7-0f96-47bc-a4e8-7e5d9f844896@group-24C785E9A0FC: changes role from  FOLLOWER to CANDIDATE at term 198 for changeToCandidate
2019-10-23 12:13:43,502 [Thread-1788] INFO  impl.RoleInfo (RoleInfo.java:updateAndGet(143)) - ad4d83c7-0f96-47bc-a4e8-7e5d9f844896: start LeaderElection
2019-10-23 12:13:43,515 [ad4d83c7-0f96-47bc-a4e8-7e5d9f844896@group-24C785E9A0FC-LeaderElection199] INFO  impl.LeaderElection (LeaderElection.java:askForVotes(178)) - ad4d83c7-0f96-47bc-a4e8-7e5d9f844896@group-24C785E9A0FC-LeaderElection199: begin an election at term 199 for -1: [3b749b59-de2a-419b-9a26-261692f5c83c:192.168.69.118:39205, ad4d83c7-0f96-47bc-a4e8-7e5d9f844896:192.168.69.118:41688, 02863277-f564-4bc6-8337-fb22627f6f1a:192.168.69.118:36850], old=null
2019-10-23 12:13:43,516 [ad4d83c7-0f96-47bc-a4e8-7e5d9f844896@group-24C785E9A0FC-LeaderElection199] INFO  impl.LeaderElection (LogUtils.java:infoOrTrace(149)) - ad4d83c7-0f96-47bc-a4e8-7e5d9f844896@group-24C785E9A0FC-LeaderElection199 got exception when requesting votes: {}
java.util.concurrent.ExecutionException: org.apache.ratis.thirdparty.io.grpc.StatusRuntimeException: UNAVAILABLE: io exception
	at java.util.concurrent.FutureTask.report(FutureTask.java:122)
	at java.util.concurrent.FutureTask.get(FutureTask.java:192)
	at org.apache.ratis.server.impl.LeaderElection.waitForResults(LeaderElection.java:259)
	at org.apache.ratis.server.impl.LeaderElection.askForVotes(LeaderElection.java:197)
	at org.apache.ratis.server.impl.LeaderElection.run(LeaderElection.java:133)
	at java.lang.Thread.run(Thread.java:748)
Caused by: org.apache.ratis.thirdparty.io.grpc.StatusRuntimeException: UNAVAILABLE: io exception
	at org.apache.ratis.thirdparty.io.grpc.stub.ClientCalls.toStatusRuntimeException(ClientCalls.java:233)
	at org.apache.ratis.thirdparty.io.grpc.stub.ClientCalls.getUnchecked(ClientCalls.java:214)
	at org.apache.ratis.thirdparty.io.grpc.stub.ClientCalls.blockingUnaryCall(ClientCalls.java:139)
	at org.apache.ratis.proto.grpc.RaftServerProtocolServiceGrpc$RaftServerProtocolServiceBlockingStub.requestVote(RaftServerProtocolServiceGrpc.java:265)
	at org.apache.ratis.grpc.server.GrpcServerProtocolClient.requestVote(GrpcServerProtocolClient.java:99)
	at org.apache.ratis.grpc.server.GrpcService.requestVote(GrpcService.java:204)
	at org.apache.ratis.server.impl.LeaderElection.lambda$submitRequests$1(LeaderElection.java:234)
	at java.util.concurrent.FutureTask.run(FutureTask.java:266)
	at java.util.concurrent.Executors$RunnableAdapter.call(Executors.java:511)
	at java.util.concurrent.FutureTask.run(FutureTask.java:266)
	at java.util.concurrent.ThreadPoolExecutor.runWorker(ThreadPoolExecutor.java:1149)
	at java.util.concurrent.ThreadPoolExecutor$Worker.run(ThreadPoolExecutor.java:624)
	... 1 more
Caused by: org.apache.ratis.thirdparty.io.netty.channel.AbstractChannel$AnnotatedConnectException: Connection refused: /192.168.69.118:39205
	at sun.nio.ch.SocketChannelImpl.checkConnect(Native Method)
	at sun.nio.ch.SocketChannelImpl.finishConnect(SocketChannelImpl.java:717)
	at org.apache.ratis.thirdparty.io.netty.channel.socket.nio.NioSocketChannel.doFinishConnect(NioSocketChannel.java:327)
	at org.apache.ratis.thirdparty.io.netty.channel.nio.AbstractNioChannel$AbstractNioUnsafe.finishConnect(AbstractNioChannel.java:340)
	at org.apache.ratis.thirdparty.io.netty.channel.nio.NioEventLoop.processSelectedKey(NioEventLoop.java:632)
	at org.apache.ratis.thirdparty.io.netty.channel.nio.NioEventLoop.processSelectedKeysOptimized(NioEventLoop.java:579)
	at org.apache.ratis.thirdparty.io.netty.channel.nio.NioEventLoop.processSelectedKeys(NioEventLoop.java:496)
	at org.apache.ratis.thirdparty.io.netty.channel.nio.NioEventLoop.run(NioEventLoop.java:458)
	at org.apache.ratis.thirdparty.io.netty.util.concurrent.SingleThreadEventExecutor$5.run(SingleThreadEventExecutor.java:897)
	at org.apache.ratis.thirdparty.io.netty.util.concurrent.FastThreadLocalRunnable.run(FastThreadLocalRunnable.java:30)
	... 1 more
Caused by: java.net.ConnectException: Connection refused
	... 11 more
2019-10-23 12:13:43,517 [grpc-default-executor-5] INFO  impl.RaftServerImpl (RaftServerImpl.java:setRole(184)) - 02863277-f564-4bc6-8337-fb22627f6f1a@group-24C785E9A0FC: changes role from  FOLLOWER to FOLLOWER at term 199 for recognizeCandidate:ad4d83c7-0f96-47bc-a4e8-7e5d9f844896
2019-10-23 12:13:43,517 [grpc-default-executor-5] INFO  impl.RoleInfo (RoleInfo.java:shutdownFollowerState(121)) - 02863277-f564-4bc6-8337-fb22627f6f1a: shutdown FollowerState
2019-10-23 12:13:43,517 [grpc-default-executor-5] INFO  impl.RoleInfo (RoleInfo.java:updateAndGet(143)) - 02863277-f564-4bc6-8337-fb22627f6f1a: start FollowerState
2019-10-23 12:13:43,517 [Thread-1787] INFO  impl.FollowerState (FollowerState.java:run(117)) - 02863277-f564-4bc6-8337-fb22627f6f1a@group-24C785E9A0FC-FollowerState was interrupted: java.lang.InterruptedException: sleep interrupted
2019-10-23 12:13:43,531 [ad4d83c7-0f96-47bc-a4e8-7e5d9f844896@group-24C785E9A0FC-LeaderElection199] INFO  impl.LeaderElection (LeaderElection.java:logAndReturn(56)) - ad4d83c7-0f96-47bc-a4e8-7e5d9f844896@group-24C785E9A0FC-LeaderElection199: Election REJECTED; received 1 response(s) [ad4d83c7-0f96-47bc-a4e8-7e5d9f844896<-02863277-f564-4bc6-8337-fb22627f6f1a#0:FAIL-t199] and 1 exception(s); ad4d83c7-0f96-47bc-a4e8-7e5d9f844896@group-24C785E9A0FC:t199, leader=null, voted=ad4d83c7-0f96-47bc-a4e8-7e5d9f844896, raftlog=ad4d83c7-0f96-47bc-a4e8-7e5d9f844896@group-24C785E9A0FC-SegmentedRaftLog:OPENED:c-1,f-1,i0, conf=-1: [3b749b59-de2a-419b-9a26-261692f5c83c:192.168.69.118:39205, ad4d83c7-0f96-47bc-a4e8-7e5d9f844896:192.168.69.118:41688, 02863277-f564-4bc6-8337-fb22627f6f1a:192.168.69.118:36850], old=null
2019-10-23 12:13:43,531 [ad4d83c7-0f96-47bc-a4e8-7e5d9f844896@group-24C785E9A0FC-LeaderElection199] INFO  impl.LeaderElection (LogUtils.java:infoOrTrace(149)) -   Exception 0: {}
java.util.concurrent.ExecutionException: org.apache.ratis.thirdparty.io.grpc.StatusRuntimeException: UNAVAILABLE: io exception
	at java.util.concurrent.FutureTask.report(FutureTask.java:122)
	at java.util.concurrent.FutureTask.get(FutureTask.java:192)
	at org.apache.ratis.server.impl.LeaderElection.waitForResults(LeaderElection.java:259)
	at org.apache.ratis.server.impl.LeaderElection.askForVotes(LeaderElection.java:197)
	at org.apache.ratis.server.impl.LeaderElection.run(LeaderElection.java:133)
	at java.lang.Thread.run(Thread.java:748)
Caused by: org.apache.ratis.thirdparty.io.grpc.StatusRuntimeException: UNAVAILABLE: io exception
	at org.apache.ratis.thirdparty.io.grpc.stub.ClientCalls.toStatusRuntimeException(ClientCalls.java:233)
	at org.apache.ratis.thirdparty.io.grpc.stub.ClientCalls.getUnchecked(ClientCalls.java:214)
	at org.apache.ratis.thirdparty.io.grpc.stub.ClientCalls.blockingUnaryCall(ClientCalls.java:139)
	at org.apache.ratis.proto.grpc.RaftServerProtocolServiceGrpc$RaftServerProtocolServiceBlockingStub.requestVote(RaftServerProtocolServiceGrpc.java:265)
	at org.apache.ratis.grpc.server.GrpcServerProtocolClient.requestVote(GrpcServerProtocolClient.java:99)
	at org.apache.ratis.grpc.server.GrpcService.requestVote(GrpcService.java:204)
	at org.apache.ratis.server.impl.LeaderElection.lambda$submitRequests$1(LeaderElection.java:234)
	at java.util.concurrent.FutureTask.run(FutureTask.java:266)
	at java.util.concurrent.Executors$RunnableAdapter.call(Executors.java:511)
	at java.util.concurrent.FutureTask.run(FutureTask.java:266)
	at java.util.concurrent.ThreadPoolExecutor.runWorker(ThreadPoolExecutor.java:1149)
	at java.util.concurrent.ThreadPoolExecutor$Worker.run(ThreadPoolExecutor.java:624)
	... 1 more
Caused by: org.apache.ratis.thirdparty.io.netty.channel.AbstractChannel$AnnotatedConnectException: Connection refused: /192.168.69.118:39205
	at sun.nio.ch.SocketChannelImpl.checkConnect(Native Method)
	at sun.nio.ch.SocketChannelImpl.finishConnect(SocketChannelImpl.java:717)
	at org.apache.ratis.thirdparty.io.netty.channel.socket.nio.NioSocketChannel.doFinishConnect(NioSocketChannel.java:327)
	at org.apache.ratis.thirdparty.io.netty.channel.nio.AbstractNioChannel$AbstractNioUnsafe.finishConnect(AbstractNioChannel.java:340)
	at org.apache.ratis.thirdparty.io.netty.channel.nio.NioEventLoop.processSelectedKey(NioEventLoop.java:632)
	at org.apache.ratis.thirdparty.io.netty.channel.nio.NioEventLoop.processSelectedKeysOptimized(NioEventLoop.java:579)
	at org.apache.ratis.thirdparty.io.netty.channel.nio.NioEventLoop.processSelectedKeys(NioEventLoop.java:496)
	at org.apache.ratis.thirdparty.io.netty.channel.nio.NioEventLoop.run(NioEventLoop.java:458)
	at org.apache.ratis.thirdparty.io.netty.util.concurrent.SingleThreadEventExecutor$5.run(SingleThreadEventExecutor.java:897)
	at org.apache.ratis.thirdparty.io.netty.util.concurrent.FastThreadLocalRunnable.run(FastThreadLocalRunnable.java:30)
	... 1 more
Caused by: java.net.ConnectException: Connection refused
	... 11 more
2019-10-23 12:13:43,532 [ad4d83c7-0f96-47bc-a4e8-7e5d9f844896@group-24C785E9A0FC-LeaderElection199] INFO  impl.RaftServerImpl (RaftServerImpl.java:setRole(184)) - ad4d83c7-0f96-47bc-a4e8-7e5d9f844896@group-24C785E9A0FC: changes role from CANDIDATE to FOLLOWER at term 199 for DISCOVERED_A_NEW_TERM
2019-10-23 12:13:43,532 [ad4d83c7-0f96-47bc-a4e8-7e5d9f844896@group-24C785E9A0FC-LeaderElection199] INFO  impl.RoleInfo (RoleInfo.java:shutdownLeaderElection(134)) - ad4d83c7-0f96-47bc-a4e8-7e5d9f844896: shutdown LeaderElection
2019-10-23 12:13:43,532 [ad4d83c7-0f96-47bc-a4e8-7e5d9f844896@group-24C785E9A0FC-LeaderElection199] INFO  impl.RoleInfo (RoleInfo.java:updateAndGet(143)) - ad4d83c7-0f96-47bc-a4e8-7e5d9f844896: start FollowerState
2019-10-23 12:13:43,583 [Thread-1793] INFO  impl.FollowerState (FollowerState.java:run(108)) - ad4d83c7-0f96-47bc-a4e8-7e5d9f844896@group-24C785E9A0FC-FollowerState: change to CANDIDATE, lastRpcTime:50ms, electionTimeout:50ms
2019-10-23 12:13:43,583 [Thread-1793] INFO  impl.RoleInfo (RoleInfo.java:shutdownFollowerState(121)) - ad4d83c7-0f96-47bc-a4e8-7e5d9f844896: shutdown FollowerState
2019-10-23 12:13:43,583 [Thread-1793] INFO  impl.RaftServerImpl (RaftServerImpl.java:setRole(184)) - ad4d83c7-0f96-47bc-a4e8-7e5d9f844896@group-24C785E9A0FC: changes role from  FOLLOWER to CANDIDATE at term 199 for changeToCandidate
2019-10-23 12:13:43,583 [Thread-1793] INFO  impl.RoleInfo (RoleInfo.java:updateAndGet(143)) - ad4d83c7-0f96-47bc-a4e8-7e5d9f844896: start LeaderElection
2019-10-23 12:13:43,596 [ad4d83c7-0f96-47bc-a4e8-7e5d9f844896@group-24C785E9A0FC-LeaderElection200] INFO  impl.LeaderElection (LeaderElection.java:askForVotes(178)) - ad4d83c7-0f96-47bc-a4e8-7e5d9f844896@group-24C785E9A0FC-LeaderElection200: begin an election at term 200 for -1: [3b749b59-de2a-419b-9a26-261692f5c83c:192.168.69.118:39205, ad4d83c7-0f96-47bc-a4e8-7e5d9f844896:192.168.69.118:41688, 02863277-f564-4bc6-8337-fb22627f6f1a:192.168.69.118:36850], old=null
2019-10-23 12:13:43,597 [ad4d83c7-0f96-47bc-a4e8-7e5d9f844896@group-24C785E9A0FC-LeaderElection200] INFO  impl.LeaderElection (LogUtils.java:infoOrTrace(149)) - ad4d83c7-0f96-47bc-a4e8-7e5d9f844896@group-24C785E9A0FC-LeaderElection200 got exception when requesting votes: {}
java.util.concurrent.ExecutionException: org.apache.ratis.thirdparty.io.grpc.StatusRuntimeException: UNAVAILABLE: io exception
	at java.util.concurrent.FutureTask.report(FutureTask.java:122)
	at java.util.concurrent.FutureTask.get(FutureTask.java:192)
	at org.apache.ratis.server.impl.LeaderElection.waitForResults(LeaderElection.java:259)
	at org.apache.ratis.server.impl.LeaderElection.askForVotes(LeaderElection.java:197)
	at org.apache.ratis.server.impl.LeaderElection.run(LeaderElection.java:133)
	at java.lang.Thread.run(Thread.java:748)
Caused by: org.apache.ratis.thirdparty.io.grpc.StatusRuntimeException: UNAVAILABLE: io exception
	at org.apache.ratis.thirdparty.io.grpc.stub.ClientCalls.toStatusRuntimeException(ClientCalls.java:233)
	at org.apache.ratis.thirdparty.io.grpc.stub.ClientCalls.getUnchecked(ClientCalls.java:214)
	at org.apache.ratis.thirdparty.io.grpc.stub.ClientCalls.blockingUnaryCall(ClientCalls.java:139)
	at org.apache.ratis.proto.grpc.RaftServerProtocolServiceGrpc$RaftServerProtocolServiceBlockingStub.requestVote(RaftServerProtocolServiceGrpc.java:265)
	at org.apache.ratis.grpc.server.GrpcServerProtocolClient.requestVote(GrpcServerProtocolClient.java:99)
	at org.apache.ratis.grpc.server.GrpcService.requestVote(GrpcService.java:204)
	at org.apache.ratis.server.impl.LeaderElection.lambda$submitRequests$1(LeaderElection.java:234)
	at java.util.concurrent.FutureTask.run(FutureTask.java:266)
	at java.util.concurrent.Executors$RunnableAdapter.call(Executors.java:511)
	at java.util.concurrent.FutureTask.run(FutureTask.java:266)
	at java.util.concurrent.ThreadPoolExecutor.runWorker(ThreadPoolExecutor.java:1149)
	at java.util.concurrent.ThreadPoolExecutor$Worker.run(ThreadPoolExecutor.java:624)
	... 1 more
Caused by: org.apache.ratis.thirdparty.io.netty.channel.AbstractChannel$AnnotatedConnectException: Connection refused: /192.168.69.118:39205
	at sun.nio.ch.SocketChannelImpl.checkConnect(Native Method)
	at sun.nio.ch.SocketChannelImpl.finishConnect(SocketChannelImpl.java:717)
	at org.apache.ratis.thirdparty.io.netty.channel.socket.nio.NioSocketChannel.doFinishConnect(NioSocketChannel.java:327)
	at org.apache.ratis.thirdparty.io.netty.channel.nio.AbstractNioChannel$AbstractNioUnsafe.finishConnect(AbstractNioChannel.java:340)
	at org.apache.ratis.thirdparty.io.netty.channel.nio.NioEventLoop.processSelectedKey(NioEventLoop.java:632)
	at org.apache.ratis.thirdparty.io.netty.channel.nio.NioEventLoop.processSelectedKeysOptimized(NioEventLoop.java:579)
	at org.apache.ratis.thirdparty.io.netty.channel.nio.NioEventLoop.processSelectedKeys(NioEventLoop.java:496)
	at org.apache.ratis.thirdparty.io.netty.channel.nio.NioEventLoop.run(NioEventLoop.java:458)
	at org.apache.ratis.thirdparty.io.netty.util.concurrent.SingleThreadEventExecutor$5.run(SingleThreadEventExecutor.java:897)
	at org.apache.ratis.thirdparty.io.netty.util.concurrent.FastThreadLocalRunnable.run(FastThreadLocalRunnable.java:30)
	... 1 more
Caused by: java.net.ConnectException: Connection refused
	... 11 more
2019-10-23 12:13:43,598 [grpc-default-executor-4] INFO  impl.RaftServerImpl (RaftServerImpl.java:setRole(184)) - 02863277-f564-4bc6-8337-fb22627f6f1a@group-24C785E9A0FC: changes role from  FOLLOWER to FOLLOWER at term 200 for recognizeCandidate:ad4d83c7-0f96-47bc-a4e8-7e5d9f844896
2019-10-23 12:13:43,598 [grpc-default-executor-4] INFO  impl.RoleInfo (RoleInfo.java:shutdownFollowerState(121)) - 02863277-f564-4bc6-8337-fb22627f6f1a: shutdown FollowerState
2019-10-23 12:13:43,598 [grpc-default-executor-4] INFO  impl.RoleInfo (RoleInfo.java:updateAndGet(143)) - 02863277-f564-4bc6-8337-fb22627f6f1a: start FollowerState
2019-10-23 12:13:43,598 [Thread-1792] INFO  impl.FollowerState (FollowerState.java:run(117)) - 02863277-f564-4bc6-8337-fb22627f6f1a@group-24C785E9A0FC-FollowerState was interrupted: java.lang.InterruptedException: sleep interrupted
2019-10-23 12:13:43,612 [ad4d83c7-0f96-47bc-a4e8-7e5d9f844896@group-24C785E9A0FC-LeaderElection200] INFO  impl.LeaderElection (LeaderElection.java:logAndReturn(56)) - ad4d83c7-0f96-47bc-a4e8-7e5d9f844896@group-24C785E9A0FC-LeaderElection200: Election REJECTED; received 1 response(s) [ad4d83c7-0f96-47bc-a4e8-7e5d9f844896<-02863277-f564-4bc6-8337-fb22627f6f1a#0:FAIL-t200] and 1 exception(s); ad4d83c7-0f96-47bc-a4e8-7e5d9f844896@group-24C785E9A0FC:t200, leader=null, voted=ad4d83c7-0f96-47bc-a4e8-7e5d9f844896, raftlog=ad4d83c7-0f96-47bc-a4e8-7e5d9f844896@group-24C785E9A0FC-SegmentedRaftLog:OPENED:c-1,f-1,i0, conf=-1: [3b749b59-de2a-419b-9a26-261692f5c83c:192.168.69.118:39205, ad4d83c7-0f96-47bc-a4e8-7e5d9f844896:192.168.69.118:41688, 02863277-f564-4bc6-8337-fb22627f6f1a:192.168.69.118:36850], old=null
2019-10-23 12:13:43,612 [ad4d83c7-0f96-47bc-a4e8-7e5d9f844896@group-24C785E9A0FC-LeaderElection200] INFO  impl.LeaderElection (LogUtils.java:infoOrTrace(149)) -   Exception 0: {}
java.util.concurrent.ExecutionException: org.apache.ratis.thirdparty.io.grpc.StatusRuntimeException: UNAVAILABLE: io exception
	at java.util.concurrent.FutureTask.report(FutureTask.java:122)
	at java.util.concurrent.FutureTask.get(FutureTask.java:192)
	at org.apache.ratis.server.impl.LeaderElection.waitForResults(LeaderElection.java:259)
	at org.apache.ratis.server.impl.LeaderElection.askForVotes(LeaderElection.java:197)
	at org.apache.ratis.server.impl.LeaderElection.run(LeaderElection.java:133)
	at java.lang.Thread.run(Thread.java:748)
Caused by: org.apache.ratis.thirdparty.io.grpc.StatusRuntimeException: UNAVAILABLE: io exception
	at org.apache.ratis.thirdparty.io.grpc.stub.ClientCalls.toStatusRuntimeException(ClientCalls.java:233)
	at org.apache.ratis.thirdparty.io.grpc.stub.ClientCalls.getUnchecked(ClientCalls.java:214)
	at org.apache.ratis.thirdparty.io.grpc.stub.ClientCalls.blockingUnaryCall(ClientCalls.java:139)
	at org.apache.ratis.proto.grpc.RaftServerProtocolServiceGrpc$RaftServerProtocolServiceBlockingStub.requestVote(RaftServerProtocolServiceGrpc.java:265)
	at org.apache.ratis.grpc.server.GrpcServerProtocolClient.requestVote(GrpcServerProtocolClient.java:99)
	at org.apache.ratis.grpc.server.GrpcService.requestVote(GrpcService.java:204)
	at org.apache.ratis.server.impl.LeaderElection.lambda$submitRequests$1(LeaderElection.java:234)
	at java.util.concurrent.FutureTask.run(FutureTask.java:266)
	at java.util.concurrent.Executors$RunnableAdapter.call(Executors.java:511)
	at java.util.concurrent.FutureTask.run(FutureTask.java:266)
	at java.util.concurrent.ThreadPoolExecutor.runWorker(ThreadPoolExecutor.java:1149)
	at java.util.concurrent.ThreadPoolExecutor$Worker.run(ThreadPoolExecutor.java:624)
	... 1 more
Caused by: org.apache.ratis.thirdparty.io.netty.channel.AbstractChannel$AnnotatedConnectException: Connection refused: /192.168.69.118:39205
	at sun.nio.ch.SocketChannelImpl.checkConnect(Native Method)
	at sun.nio.ch.SocketChannelImpl.finishConnect(SocketChannelImpl.java:717)
	at org.apache.ratis.thirdparty.io.netty.channel.socket.nio.NioSocketChannel.doFinishConnect(NioSocketChannel.java:327)
	at org.apache.ratis.thirdparty.io.netty.channel.nio.AbstractNioChannel$AbstractNioUnsafe.finishConnect(AbstractNioChannel.java:340)
	at org.apache.ratis.thirdparty.io.netty.channel.nio.NioEventLoop.processSelectedKey(NioEventLoop.java:632)
	at org.apache.ratis.thirdparty.io.netty.channel.nio.NioEventLoop.processSelectedKeysOptimized(NioEventLoop.java:579)
	at org.apache.ratis.thirdparty.io.netty.channel.nio.NioEventLoop.processSelectedKeys(NioEventLoop.java:496)
	at org.apache.ratis.thirdparty.io.netty.channel.nio.NioEventLoop.run(NioEventLoop.java:458)
	at org.apache.ratis.thirdparty.io.netty.util.concurrent.SingleThreadEventExecutor$5.run(SingleThreadEventExecutor.java:897)
	at org.apache.ratis.thirdparty.io.netty.util.concurrent.FastThreadLocalRunnable.run(FastThreadLocalRunnable.java:30)
	... 1 more
Caused by: java.net.ConnectException: Connection refused
	... 11 more
2019-10-23 12:13:43,613 [ad4d83c7-0f96-47bc-a4e8-7e5d9f844896@group-24C785E9A0FC-LeaderElection200] INFO  impl.RaftServerImpl (RaftServerImpl.java:setRole(184)) - ad4d83c7-0f96-47bc-a4e8-7e5d9f844896@group-24C785E9A0FC: changes role from CANDIDATE to FOLLOWER at term 200 for DISCOVERED_A_NEW_TERM
2019-10-23 12:13:43,613 [ad4d83c7-0f96-47bc-a4e8-7e5d9f844896@group-24C785E9A0FC-LeaderElection200] INFO  impl.RoleInfo (RoleInfo.java:shutdownLeaderElection(134)) - ad4d83c7-0f96-47bc-a4e8-7e5d9f844896: shutdown LeaderElection
2019-10-23 12:13:43,613 [ad4d83c7-0f96-47bc-a4e8-7e5d9f844896@group-24C785E9A0FC-LeaderElection200] INFO  impl.RoleInfo (RoleInfo.java:updateAndGet(143)) - ad4d83c7-0f96-47bc-a4e8-7e5d9f844896: start FollowerState
2019-10-23 12:13:43,747 [Thread-1800] INFO  impl.FollowerState (FollowerState.java:run(108)) - ad4d83c7-0f96-47bc-a4e8-7e5d9f844896@group-24C785E9A0FC-FollowerState: change to CANDIDATE, lastRpcTime:133ms, electionTimeout:133ms
2019-10-23 12:13:43,747 [Thread-1800] INFO  impl.RoleInfo (RoleInfo.java:shutdownFollowerState(121)) - ad4d83c7-0f96-47bc-a4e8-7e5d9f844896: shutdown FollowerState
2019-10-23 12:13:43,747 [Thread-1800] INFO  impl.RaftServerImpl (RaftServerImpl.java:setRole(184)) - ad4d83c7-0f96-47bc-a4e8-7e5d9f844896@group-24C785E9A0FC: changes role from  FOLLOWER to CANDIDATE at term 200 for changeToCandidate
2019-10-23 12:13:43,747 [Thread-1800] INFO  impl.RoleInfo (RoleInfo.java:updateAndGet(143)) - ad4d83c7-0f96-47bc-a4e8-7e5d9f844896: start LeaderElection
2019-10-23 12:13:43,761 [ad4d83c7-0f96-47bc-a4e8-7e5d9f844896@group-24C785E9A0FC-LeaderElection201] INFO  impl.LeaderElection (LeaderElection.java:askForVotes(178)) - ad4d83c7-0f96-47bc-a4e8-7e5d9f844896@group-24C785E9A0FC-LeaderElection201: begin an election at term 201 for -1: [3b749b59-de2a-419b-9a26-261692f5c83c:192.168.69.118:39205, ad4d83c7-0f96-47bc-a4e8-7e5d9f844896:192.168.69.118:41688, 02863277-f564-4bc6-8337-fb22627f6f1a:192.168.69.118:36850], old=null
2019-10-23 12:13:43,762 [ad4d83c7-0f96-47bc-a4e8-7e5d9f844896@group-24C785E9A0FC-LeaderElection201] INFO  impl.LeaderElection (LogUtils.java:infoOrTrace(149)) - ad4d83c7-0f96-47bc-a4e8-7e5d9f844896@group-24C785E9A0FC-LeaderElection201 got exception when requesting votes: {}
java.util.concurrent.ExecutionException: org.apache.ratis.thirdparty.io.grpc.StatusRuntimeException: UNAVAILABLE: io exception
	at java.util.concurrent.FutureTask.report(FutureTask.java:122)
	at java.util.concurrent.FutureTask.get(FutureTask.java:192)
	at org.apache.ratis.server.impl.LeaderElection.waitForResults(LeaderElection.java:259)
	at org.apache.ratis.server.impl.LeaderElection.askForVotes(LeaderElection.java:197)
	at org.apache.ratis.server.impl.LeaderElection.run(LeaderElection.java:133)
	at java.lang.Thread.run(Thread.java:748)
Caused by: org.apache.ratis.thirdparty.io.grpc.StatusRuntimeException: UNAVAILABLE: io exception
	at org.apache.ratis.thirdparty.io.grpc.stub.ClientCalls.toStatusRuntimeException(ClientCalls.java:233)
	at org.apache.ratis.thirdparty.io.grpc.stub.ClientCalls.getUnchecked(ClientCalls.java:214)
	at org.apache.ratis.thirdparty.io.grpc.stub.ClientCalls.blockingUnaryCall(ClientCalls.java:139)
	at org.apache.ratis.proto.grpc.RaftServerProtocolServiceGrpc$RaftServerProtocolServiceBlockingStub.requestVote(RaftServerProtocolServiceGrpc.java:265)
	at org.apache.ratis.grpc.server.GrpcServerProtocolClient.requestVote(GrpcServerProtocolClient.java:99)
	at org.apache.ratis.grpc.server.GrpcService.requestVote(GrpcService.java:204)
	at org.apache.ratis.server.impl.LeaderElection.lambda$submitRequests$1(LeaderElection.java:234)
	at java.util.concurrent.FutureTask.run(FutureTask.java:266)
	at java.util.concurrent.Executors$RunnableAdapter.call(Executors.java:511)
	at java.util.concurrent.FutureTask.run(FutureTask.java:266)
	at java.util.concurrent.ThreadPoolExecutor.runWorker(ThreadPoolExecutor.java:1149)
	at java.util.concurrent.ThreadPoolExecutor$Worker.run(ThreadPoolExecutor.java:624)
	... 1 more
Caused by: org.apache.ratis.thirdparty.io.netty.channel.AbstractChannel$AnnotatedConnectException: Connection refused: /192.168.69.118:39205
	at sun.nio.ch.SocketChannelImpl.checkConnect(Native Method)
	at sun.nio.ch.SocketChannelImpl.finishConnect(SocketChannelImpl.java:717)
	at org.apache.ratis.thirdparty.io.netty.channel.socket.nio.NioSocketChannel.doFinishConnect(NioSocketChannel.java:327)
	at org.apache.ratis.thirdparty.io.netty.channel.nio.AbstractNioChannel$AbstractNioUnsafe.finishConnect(AbstractNioChannel.java:340)
	at org.apache.ratis.thirdparty.io.netty.channel.nio.NioEventLoop.processSelectedKey(NioEventLoop.java:632)
	at org.apache.ratis.thirdparty.io.netty.channel.nio.NioEventLoop.processSelectedKeysOptimized(NioEventLoop.java:579)
	at org.apache.ratis.thirdparty.io.netty.channel.nio.NioEventLoop.processSelectedKeys(NioEventLoop.java:496)
	at org.apache.ratis.thirdparty.io.netty.channel.nio.NioEventLoop.run(NioEventLoop.java:458)
	at org.apache.ratis.thirdparty.io.netty.util.concurrent.SingleThreadEventExecutor$5.run(SingleThreadEventExecutor.java:897)
	at org.apache.ratis.thirdparty.io.netty.util.concurrent.FastThreadLocalRunnable.run(FastThreadLocalRunnable.java:30)
	... 1 more
Caused by: java.net.ConnectException: Connection refused
	... 11 more
2019-10-23 12:13:43,763 [grpc-default-executor-4] INFO  impl.RaftServerImpl (RaftServerImpl.java:setRole(184)) - 02863277-f564-4bc6-8337-fb22627f6f1a@group-24C785E9A0FC: changes role from  FOLLOWER to FOLLOWER at term 201 for recognizeCandidate:ad4d83c7-0f96-47bc-a4e8-7e5d9f844896
2019-10-23 12:13:43,763 [grpc-default-executor-4] INFO  impl.RoleInfo (RoleInfo.java:shutdownFollowerState(121)) - 02863277-f564-4bc6-8337-fb22627f6f1a: shutdown FollowerState
2019-10-23 12:13:43,763 [grpc-default-executor-4] INFO  impl.RoleInfo (RoleInfo.java:updateAndGet(143)) - 02863277-f564-4bc6-8337-fb22627f6f1a: start FollowerState
2019-10-23 12:13:43,763 [Thread-1799] INFO  impl.FollowerState (FollowerState.java:run(117)) - 02863277-f564-4bc6-8337-fb22627f6f1a@group-24C785E9A0FC-FollowerState was interrupted: java.lang.InterruptedException: sleep interrupted
2019-10-23 12:13:43,777 [ad4d83c7-0f96-47bc-a4e8-7e5d9f844896@group-24C785E9A0FC-LeaderElection201] INFO  impl.LeaderElection (LeaderElection.java:logAndReturn(56)) - ad4d83c7-0f96-47bc-a4e8-7e5d9f844896@group-24C785E9A0FC-LeaderElection201: Election REJECTED; received 1 response(s) [ad4d83c7-0f96-47bc-a4e8-7e5d9f844896<-02863277-f564-4bc6-8337-fb22627f6f1a#0:FAIL-t201] and 1 exception(s); ad4d83c7-0f96-47bc-a4e8-7e5d9f844896@group-24C785E9A0FC:t201, leader=null, voted=ad4d83c7-0f96-47bc-a4e8-7e5d9f844896, raftlog=ad4d83c7-0f96-47bc-a4e8-7e5d9f844896@group-24C785E9A0FC-SegmentedRaftLog:OPENED:c-1,f-1,i0, conf=-1: [3b749b59-de2a-419b-9a26-261692f5c83c:192.168.69.118:39205, ad4d83c7-0f96-47bc-a4e8-7e5d9f844896:192.168.69.118:41688, 02863277-f564-4bc6-8337-fb22627f6f1a:192.168.69.118:36850], old=null
2019-10-23 12:13:43,777 [ad4d83c7-0f96-47bc-a4e8-7e5d9f844896@group-24C785E9A0FC-LeaderElection201] INFO  impl.LeaderElection (LogUtils.java:infoOrTrace(149)) -   Exception 0: {}
java.util.concurrent.ExecutionException: org.apache.ratis.thirdparty.io.grpc.StatusRuntimeException: UNAVAILABLE: io exception
	at java.util.concurrent.FutureTask.report(FutureTask.java:122)
	at java.util.concurrent.FutureTask.get(FutureTask.java:192)
	at org.apache.ratis.server.impl.LeaderElection.waitForResults(LeaderElection.java:259)
	at org.apache.ratis.server.impl.LeaderElection.askForVotes(LeaderElection.java:197)
	at org.apache.ratis.server.impl.LeaderElection.run(LeaderElection.java:133)
	at java.lang.Thread.run(Thread.java:748)
Caused by: org.apache.ratis.thirdparty.io.grpc.StatusRuntimeException: UNAVAILABLE: io exception
	at org.apache.ratis.thirdparty.io.grpc.stub.ClientCalls.toStatusRuntimeException(ClientCalls.java:233)
	at org.apache.ratis.thirdparty.io.grpc.stub.ClientCalls.getUnchecked(ClientCalls.java:214)
	at org.apache.ratis.thirdparty.io.grpc.stub.ClientCalls.blockingUnaryCall(ClientCalls.java:139)
	at org.apache.ratis.proto.grpc.RaftServerProtocolServiceGrpc$RaftServerProtocolServiceBlockingStub.requestVote(RaftServerProtocolServiceGrpc.java:265)
	at org.apache.ratis.grpc.server.GrpcServerProtocolClient.requestVote(GrpcServerProtocolClient.java:99)
	at org.apache.ratis.grpc.server.GrpcService.requestVote(GrpcService.java:204)
	at org.apache.ratis.server.impl.LeaderElection.lambda$submitRequests$1(LeaderElection.java:234)
	at java.util.concurrent.FutureTask.run(FutureTask.java:266)
	at java.util.concurrent.Executors$RunnableAdapter.call(Executors.java:511)
	at java.util.concurrent.FutureTask.run(FutureTask.java:266)
	at java.util.concurrent.ThreadPoolExecutor.runWorker(ThreadPoolExecutor.java:1149)
	at java.util.concurrent.ThreadPoolExecutor$Worker.run(ThreadPoolExecutor.java:624)
	... 1 more
Caused by: org.apache.ratis.thirdparty.io.netty.channel.AbstractChannel$AnnotatedConnectException: Connection refused: /192.168.69.118:39205
	at sun.nio.ch.SocketChannelImpl.checkConnect(Native Method)
	at sun.nio.ch.SocketChannelImpl.finishConnect(SocketChannelImpl.java:717)
	at org.apache.ratis.thirdparty.io.netty.channel.socket.nio.NioSocketChannel.doFinishConnect(NioSocketChannel.java:327)
	at org.apache.ratis.thirdparty.io.netty.channel.nio.AbstractNioChannel$AbstractNioUnsafe.finishConnect(AbstractNioChannel.java:340)
	at org.apache.ratis.thirdparty.io.netty.channel.nio.NioEventLoop.processSelectedKey(NioEventLoop.java:632)
	at org.apache.ratis.thirdparty.io.netty.channel.nio.NioEventLoop.processSelectedKeysOptimized(NioEventLoop.java:579)
	at org.apache.ratis.thirdparty.io.netty.channel.nio.NioEventLoop.processSelectedKeys(NioEventLoop.java:496)
	at org.apache.ratis.thirdparty.io.netty.channel.nio.NioEventLoop.run(NioEventLoop.java:458)
	at org.apache.ratis.thirdparty.io.netty.util.concurrent.SingleThreadEventExecutor$5.run(SingleThreadEventExecutor.java:897)
	at org.apache.ratis.thirdparty.io.netty.util.concurrent.FastThreadLocalRunnable.run(FastThreadLocalRunnable.java:30)
	... 1 more
Caused by: java.net.ConnectException: Connection refused
	... 11 more
2019-10-23 12:13:43,778 [ad4d83c7-0f96-47bc-a4e8-7e5d9f844896@group-24C785E9A0FC-LeaderElection201] INFO  impl.RaftServerImpl (RaftServerImpl.java:setRole(184)) - ad4d83c7-0f96-47bc-a4e8-7e5d9f844896@group-24C785E9A0FC: changes role from CANDIDATE to FOLLOWER at term 201 for DISCOVERED_A_NEW_TERM
2019-10-23 12:13:43,778 [ad4d83c7-0f96-47bc-a4e8-7e5d9f844896@group-24C785E9A0FC-LeaderElection201] INFO  impl.RoleInfo (RoleInfo.java:shutdownLeaderElection(134)) - ad4d83c7-0f96-47bc-a4e8-7e5d9f844896: shutdown LeaderElection
2019-10-23 12:13:43,778 [ad4d83c7-0f96-47bc-a4e8-7e5d9f844896@group-24C785E9A0FC-LeaderElection201] INFO  impl.RoleInfo (RoleInfo.java:updateAndGet(143)) - ad4d83c7-0f96-47bc-a4e8-7e5d9f844896: start FollowerState
2019-10-23 12:13:43,822 [Thread-1805] INFO  impl.FollowerState (FollowerState.java:run(108)) - ad4d83c7-0f96-47bc-a4e8-7e5d9f844896@group-24C785E9A0FC-FollowerState: change to CANDIDATE, lastRpcTime:44ms, electionTimeout:44ms
2019-10-23 12:13:43,822 [Thread-1805] INFO  impl.RoleInfo (RoleInfo.java:shutdownFollowerState(121)) - ad4d83c7-0f96-47bc-a4e8-7e5d9f844896: shutdown FollowerState
2019-10-23 12:13:43,822 [Thread-1805] INFO  impl.RaftServerImpl (RaftServerImpl.java:setRole(184)) - ad4d83c7-0f96-47bc-a4e8-7e5d9f844896@group-24C785E9A0FC: changes role from  FOLLOWER to CANDIDATE at term 201 for changeToCandidate
2019-10-23 12:13:43,823 [Thread-1805] INFO  impl.RoleInfo (RoleInfo.java:updateAndGet(143)) - ad4d83c7-0f96-47bc-a4e8-7e5d9f844896: start LeaderElection
2019-10-23 12:13:43,837 [ad4d83c7-0f96-47bc-a4e8-7e5d9f844896@group-24C785E9A0FC-LeaderElection202] INFO  impl.LeaderElection (LeaderElection.java:askForVotes(178)) - ad4d83c7-0f96-47bc-a4e8-7e5d9f844896@group-24C785E9A0FC-LeaderElection202: begin an election at term 202 for -1: [3b749b59-de2a-419b-9a26-261692f5c83c:192.168.69.118:39205, ad4d83c7-0f96-47bc-a4e8-7e5d9f844896:192.168.69.118:41688, 02863277-f564-4bc6-8337-fb22627f6f1a:192.168.69.118:36850], old=null
2019-10-23 12:13:43,837 [ad4d83c7-0f96-47bc-a4e8-7e5d9f844896@group-24C785E9A0FC-LeaderElection202] INFO  impl.LeaderElection (LogUtils.java:infoOrTrace(149)) - ad4d83c7-0f96-47bc-a4e8-7e5d9f844896@group-24C785E9A0FC-LeaderElection202 got exception when requesting votes: {}
java.util.concurrent.ExecutionException: org.apache.ratis.thirdparty.io.grpc.StatusRuntimeException: UNAVAILABLE: io exception
	at java.util.concurrent.FutureTask.report(FutureTask.java:122)
	at java.util.concurrent.FutureTask.get(FutureTask.java:192)
	at org.apache.ratis.server.impl.LeaderElection.waitForResults(LeaderElection.java:259)
	at org.apache.ratis.server.impl.LeaderElection.askForVotes(LeaderElection.java:197)
	at org.apache.ratis.server.impl.LeaderElection.run(LeaderElection.java:133)
	at java.lang.Thread.run(Thread.java:748)
Caused by: org.apache.ratis.thirdparty.io.grpc.StatusRuntimeException: UNAVAILABLE: io exception
	at org.apache.ratis.thirdparty.io.grpc.stub.ClientCalls.toStatusRuntimeException(ClientCalls.java:233)
	at org.apache.ratis.thirdparty.io.grpc.stub.ClientCalls.getUnchecked(ClientCalls.java:214)
	at org.apache.ratis.thirdparty.io.grpc.stub.ClientCalls.blockingUnaryCall(ClientCalls.java:139)
	at org.apache.ratis.proto.grpc.RaftServerProtocolServiceGrpc$RaftServerProtocolServiceBlockingStub.requestVote(RaftServerProtocolServiceGrpc.java:265)
	at org.apache.ratis.grpc.server.GrpcServerProtocolClient.requestVote(GrpcServerProtocolClient.java:99)
	at org.apache.ratis.grpc.server.GrpcService.requestVote(GrpcService.java:204)
	at org.apache.ratis.server.impl.LeaderElection.lambda$submitRequests$1(LeaderElection.java:234)
	at java.util.concurrent.FutureTask.run(FutureTask.java:266)
	at java.util.concurrent.Executors$RunnableAdapter.call(Executors.java:511)
	at java.util.concurrent.FutureTask.run(FutureTask.java:266)
	at java.util.concurrent.ThreadPoolExecutor.runWorker(ThreadPoolExecutor.java:1149)
	at java.util.concurrent.ThreadPoolExecutor$Worker.run(ThreadPoolExecutor.java:624)
	... 1 more
Caused by: org.apache.ratis.thirdparty.io.netty.channel.AbstractChannel$AnnotatedConnectException: Connection refused: /192.168.69.118:39205
	at sun.nio.ch.SocketChannelImpl.checkConnect(Native Method)
	at sun.nio.ch.SocketChannelImpl.finishConnect(SocketChannelImpl.java:717)
	at org.apache.ratis.thirdparty.io.netty.channel.socket.nio.NioSocketChannel.doFinishConnect(NioSocketChannel.java:327)
	at org.apache.ratis.thirdparty.io.netty.channel.nio.AbstractNioChannel$AbstractNioUnsafe.finishConnect(AbstractNioChannel.java:340)
	at org.apache.ratis.thirdparty.io.netty.channel.nio.NioEventLoop.processSelectedKey(NioEventLoop.java:632)
	at org.apache.ratis.thirdparty.io.netty.channel.nio.NioEventLoop.processSelectedKeysOptimized(NioEventLoop.java:579)
	at org.apache.ratis.thirdparty.io.netty.channel.nio.NioEventLoop.processSelectedKeys(NioEventLoop.java:496)
	at org.apache.ratis.thirdparty.io.netty.channel.nio.NioEventLoop.run(NioEventLoop.java:458)
	at org.apache.ratis.thirdparty.io.netty.util.concurrent.SingleThreadEventExecutor$5.run(SingleThreadEventExecutor.java:897)
	at org.apache.ratis.thirdparty.io.netty.util.concurrent.FastThreadLocalRunnable.run(FastThreadLocalRunnable.java:30)
	... 1 more
Caused by: java.net.ConnectException: Connection refused
	... 11 more
2019-10-23 12:13:43,839 [grpc-default-executor-4] INFO  impl.RaftServerImpl (RaftServerImpl.java:setRole(184)) - 02863277-f564-4bc6-8337-fb22627f6f1a@group-24C785E9A0FC: changes role from  FOLLOWER to FOLLOWER at term 202 for recognizeCandidate:ad4d83c7-0f96-47bc-a4e8-7e5d9f844896
2019-10-23 12:13:43,839 [grpc-default-executor-4] INFO  impl.RoleInfo (RoleInfo.java:shutdownFollowerState(121)) - 02863277-f564-4bc6-8337-fb22627f6f1a: shutdown FollowerState
2019-10-23 12:13:43,839 [grpc-default-executor-4] INFO  impl.RoleInfo (RoleInfo.java:updateAndGet(143)) - 02863277-f564-4bc6-8337-fb22627f6f1a: start FollowerState
2019-10-23 12:13:43,839 [Thread-1804] INFO  impl.FollowerState (FollowerState.java:run(117)) - 02863277-f564-4bc6-8337-fb22627f6f1a@group-24C785E9A0FC-FollowerState was interrupted: java.lang.InterruptedException: sleep interrupted
2019-10-23 12:13:43,853 [ad4d83c7-0f96-47bc-a4e8-7e5d9f844896@group-24C785E9A0FC-LeaderElection202] INFO  impl.LeaderElection (LeaderElection.java:logAndReturn(56)) - ad4d83c7-0f96-47bc-a4e8-7e5d9f844896@group-24C785E9A0FC-LeaderElection202: Election REJECTED; received 1 response(s) [ad4d83c7-0f96-47bc-a4e8-7e5d9f844896<-02863277-f564-4bc6-8337-fb22627f6f1a#0:FAIL-t202] and 1 exception(s); ad4d83c7-0f96-47bc-a4e8-7e5d9f844896@group-24C785E9A0FC:t202, leader=null, voted=ad4d83c7-0f96-47bc-a4e8-7e5d9f844896, raftlog=ad4d83c7-0f96-47bc-a4e8-7e5d9f844896@group-24C785E9A0FC-SegmentedRaftLog:OPENED:c-1,f-1,i0, conf=-1: [3b749b59-de2a-419b-9a26-261692f5c83c:192.168.69.118:39205, ad4d83c7-0f96-47bc-a4e8-7e5d9f844896:192.168.69.118:41688, 02863277-f564-4bc6-8337-fb22627f6f1a:192.168.69.118:36850], old=null
2019-10-23 12:13:43,853 [ad4d83c7-0f96-47bc-a4e8-7e5d9f844896@group-24C785E9A0FC-LeaderElection202] INFO  impl.LeaderElection (LogUtils.java:infoOrTrace(149)) -   Exception 0: {}
java.util.concurrent.ExecutionException: org.apache.ratis.thirdparty.io.grpc.StatusRuntimeException: UNAVAILABLE: io exception
	at java.util.concurrent.FutureTask.report(FutureTask.java:122)
	at java.util.concurrent.FutureTask.get(FutureTask.java:192)
	at org.apache.ratis.server.impl.LeaderElection.waitForResults(LeaderElection.java:259)
	at org.apache.ratis.server.impl.LeaderElection.askForVotes(LeaderElection.java:197)
	at org.apache.ratis.server.impl.LeaderElection.run(LeaderElection.java:133)
	at java.lang.Thread.run(Thread.java:748)
Caused by: org.apache.ratis.thirdparty.io.grpc.StatusRuntimeException: UNAVAILABLE: io exception
	at org.apache.ratis.thirdparty.io.grpc.stub.ClientCalls.toStatusRuntimeException(ClientCalls.java:233)
	at org.apache.ratis.thirdparty.io.grpc.stub.ClientCalls.getUnchecked(ClientCalls.java:214)
	at org.apache.ratis.thirdparty.io.grpc.stub.ClientCalls.blockingUnaryCall(ClientCalls.java:139)
	at org.apache.ratis.proto.grpc.RaftServerProtocolServiceGrpc$RaftServerProtocolServiceBlockingStub.requestVote(RaftServerProtocolServiceGrpc.java:265)
	at org.apache.ratis.grpc.server.GrpcServerProtocolClient.requestVote(GrpcServerProtocolClient.java:99)
	at org.apache.ratis.grpc.server.GrpcService.requestVote(GrpcService.java:204)
	at org.apache.ratis.server.impl.LeaderElection.lambda$submitRequests$1(LeaderElection.java:234)
	at java.util.concurrent.FutureTask.run(FutureTask.java:266)
	at java.util.concurrent.Executors$RunnableAdapter.call(Executors.java:511)
	at java.util.concurrent.FutureTask.run(FutureTask.java:266)
	at java.util.concurrent.ThreadPoolExecutor.runWorker(ThreadPoolExecutor.java:1149)
	at java.util.concurrent.ThreadPoolExecutor$Worker.run(ThreadPoolExecutor.java:624)
	... 1 more
Caused by: org.apache.ratis.thirdparty.io.netty.channel.AbstractChannel$AnnotatedConnectException: Connection refused: /192.168.69.118:39205
	at sun.nio.ch.SocketChannelImpl.checkConnect(Native Method)
	at sun.nio.ch.SocketChannelImpl.finishConnect(SocketChannelImpl.java:717)
	at org.apache.ratis.thirdparty.io.netty.channel.socket.nio.NioSocketChannel.doFinishConnect(NioSocketChannel.java:327)
	at org.apache.ratis.thirdparty.io.netty.channel.nio.AbstractNioChannel$AbstractNioUnsafe.finishConnect(AbstractNioChannel.java:340)
	at org.apache.ratis.thirdparty.io.netty.channel.nio.NioEventLoop.processSelectedKey(NioEventLoop.java:632)
	at org.apache.ratis.thirdparty.io.netty.channel.nio.NioEventLoop.processSelectedKeysOptimized(NioEventLoop.java:579)
	at org.apache.ratis.thirdparty.io.netty.channel.nio.NioEventLoop.processSelectedKeys(NioEventLoop.java:496)
	at org.apache.ratis.thirdparty.io.netty.channel.nio.NioEventLoop.run(NioEventLoop.java:458)
	at org.apache.ratis.thirdparty.io.netty.util.concurrent.SingleThreadEventExecutor$5.run(SingleThreadEventExecutor.java:897)
	at org.apache.ratis.thirdparty.io.netty.util.concurrent.FastThreadLocalRunnable.run(FastThreadLocalRunnable.java:30)
	... 1 more
Caused by: java.net.ConnectException: Connection refused
	... 11 more
2019-10-23 12:13:43,853 [ad4d83c7-0f96-47bc-a4e8-7e5d9f844896@group-24C785E9A0FC-LeaderElection202] INFO  impl.RaftServerImpl (RaftServerImpl.java:setRole(184)) - ad4d83c7-0f96-47bc-a4e8-7e5d9f844896@group-24C785E9A0FC: changes role from CANDIDATE to FOLLOWER at term 202 for DISCOVERED_A_NEW_TERM
2019-10-23 12:13:43,853 [ad4d83c7-0f96-47bc-a4e8-7e5d9f844896@group-24C785E9A0FC-LeaderElection202] INFO  impl.RoleInfo (RoleInfo.java:shutdownLeaderElection(134)) - ad4d83c7-0f96-47bc-a4e8-7e5d9f844896: shutdown LeaderElection
2019-10-23 12:13:43,853 [ad4d83c7-0f96-47bc-a4e8-7e5d9f844896@group-24C785E9A0FC-LeaderElection202] INFO  impl.RoleInfo (RoleInfo.java:updateAndGet(143)) - ad4d83c7-0f96-47bc-a4e8-7e5d9f844896: start FollowerState
2019-10-23 12:13:43,958 [main] INFO  ozoneimpl.OzoneContainer (OzoneContainer.java:stop(227)) - Attempting to stop container services.
2019-10-23 12:13:43,959 [main] INFO  impl.RaftServerProxy (RaftServerProxy.java:lambda$close$4(314)) - 7b74cae2-68bb-403f-9342-7e82e321628a: close
2019-10-23 12:13:43,960 [main] INFO  impl.RaftServerImpl (RaftServerImpl.java:lambda$shutdown$3(261)) - 7b74cae2-68bb-403f-9342-7e82e321628a@group-28A1D14BA9E7: shutdown
2019-10-23 12:13:43,960 [main] INFO  util.JmxRegister (JmxRegister.java:unregister(73)) - Successfully un-registered JMX Bean with object name Ratis:service=RaftServer,group=group-28A1D14BA9E7,id=7b74cae2-68bb-403f-9342-7e82e321628a
2019-10-23 12:13:43,960 [main] INFO  impl.RoleInfo (RoleInfo.java:shutdownLeaderState(104)) - 7b74cae2-68bb-403f-9342-7e82e321628a: shutdown LeaderState
2019-10-23 12:13:43,960 [main] INFO  impl.PendingRequests (PendingRequests.java:sendNotLeaderResponses(202)) - 7b74cae2-68bb-403f-9342-7e82e321628a@group-28A1D14BA9E7-PendingRequests: sendNotLeaderResponses
2019-10-23 12:13:43,961 [main] INFO  impl.StateMachineUpdater (StateMachineUpdater.java:stopAndJoin(136)) - 7b74cae2-68bb-403f-9342-7e82e321628a@group-28A1D14BA9E7-StateMachineUpdater: set stopIndex = 0
2019-10-23 12:13:43,961 [main] INFO  impl.RaftServerImpl (ServerState.java:close(388)) - 7b74cae2-68bb-403f-9342-7e82e321628a@group-28A1D14BA9E7: closes. applyIndex: 0
2019-10-23 12:13:43,962 [7b74cae2-68bb-403f-9342-7e82e321628a@group-28A1D14BA9E7-SegmentedRaftLogWorker] INFO  segmented.SegmentedRaftLogWorker (SegmentedRaftLogWorker.java:run(316)) - 7b74cae2-68bb-403f-9342-7e82e321628a@group-28A1D14BA9E7-SegmentedRaftLogWorker was interrupted, exiting. There are 0 tasks remaining in the queue.
2019-10-23 12:13:43,964 [main] INFO  segmented.SegmentedRaftLogWorker (SegmentedRaftLogWorker.java:close(224)) - 7b74cae2-68bb-403f-9342-7e82e321628a@group-28A1D14BA9E7-SegmentedRaftLogWorker close()
2019-10-23 12:13:43,967 [main] INFO  impl.RaftServerImpl (RaftServerImpl.java:lambda$shutdown$3(261)) - 7b74cae2-68bb-403f-9342-7e82e321628a@group-0F120BA276DC: shutdown
2019-10-23 12:13:43,968 [main] INFO  util.JmxRegister (JmxRegister.java:unregister(73)) - Successfully un-registered JMX Bean with object name Ratis:service=RaftServer,group=group-0F120BA276DC,id=7b74cae2-68bb-403f-9342-7e82e321628a
2019-10-23 12:13:43,968 [main] INFO  impl.RoleInfo (RoleInfo.java:shutdownFollowerState(121)) - 7b74cae2-68bb-403f-9342-7e82e321628a: shutdown FollowerState
2019-10-23 12:13:43,968 [main] INFO  impl.StateMachineUpdater (StateMachineUpdater.java:stopAndJoin(136)) - 7b74cae2-68bb-403f-9342-7e82e321628a@group-0F120BA276DC-StateMachineUpdater: set stopIndex = 4
2019-10-23 12:13:43,968 [Thread-431] INFO  impl.FollowerState (FollowerState.java:run(117)) - 7b74cae2-68bb-403f-9342-7e82e321628a@group-0F120BA276DC-FollowerState was interrupted: java.lang.InterruptedException: sleep interrupted
2019-10-23 12:13:43,969 [7b74cae2-68bb-403f-9342-7e82e321628a@group-0F120BA276DC-StateMachineUpdater] INFO  ratis.ContainerStateMachine (ContainerStateMachine.java:takeSnapshot(294)) - group-0F120BA276DC: Taking a snapshot at:(t:2, i:3) file /workdir/hadoop-ozone/integration-test/target/test-dir/MiniOzoneClusterImpl-f0805996-b414-4d96-aefa-ea3288852db6/datanode-8/data/ratis/929a5c7a-1fa8-4211-83d2-0f120ba276dc/sm/snapshot.2_3
2019-10-23 12:13:43,977 [ForkJoinPool.commonPool-worker-0] INFO  ozoneimpl.OzoneContainer (OzoneContainer.java:stop(227)) - Attempting to stop container services.
2019-10-23 12:13:43,977 [ForkJoinPool.commonPool-worker-0] INFO  impl.RaftServerProxy (RaftServerProxy.java:lambda$close$4(314)) - 1d5d0298-6e55-4fca-8e63-ae12c20f52e9: close
2019-10-23 12:13:43,977 [ForkJoinPool.commonPool-worker-0] INFO  impl.RaftServerImpl (RaftServerImpl.java:lambda$shutdown$3(261)) - 1d5d0298-6e55-4fca-8e63-ae12c20f52e9@group-0F120BA276DC: shutdown
2019-10-23 12:13:43,978 [ForkJoinPool.commonPool-worker-0] INFO  util.JmxRegister (JmxRegister.java:unregister(73)) - Successfully un-registered JMX Bean with object name Ratis:service=RaftServer,group=group-0F120BA276DC,id=1d5d0298-6e55-4fca-8e63-ae12c20f52e9
2019-10-23 12:13:43,978 [ForkJoinPool.commonPool-worker-0] INFO  impl.RoleInfo (RoleInfo.java:shutdownFollowerState(121)) - 1d5d0298-6e55-4fca-8e63-ae12c20f52e9: shutdown FollowerState
2019-10-23 12:13:43,978 [ForkJoinPool.commonPool-worker-0] INFO  impl.StateMachineUpdater (StateMachineUpdater.java:stopAndJoin(136)) - 1d5d0298-6e55-4fca-8e63-ae12c20f52e9@group-0F120BA276DC-StateMachineUpdater: set stopIndex = 4
2019-10-23 12:13:43,978 [1d5d0298-6e55-4fca-8e63-ae12c20f52e9@group-0F120BA276DC-StateMachineUpdater] INFO  ratis.ContainerStateMachine (ContainerStateMachine.java:takeSnapshot(294)) - group-0F120BA276DC: Taking a snapshot at:(t:2, i:3) file /workdir/hadoop-ozone/integration-test/target/test-dir/MiniOzoneClusterImpl-f0805996-b414-4d96-aefa-ea3288852db6/datanode-4/data/ratis/929a5c7a-1fa8-4211-83d2-0f120ba276dc/sm/snapshot.2_3
2019-10-23 12:13:43,978 [Thread-430] INFO  impl.FollowerState (FollowerState.java:run(117)) - 1d5d0298-6e55-4fca-8e63-ae12c20f52e9@group-0F120BA276DC-FollowerState was interrupted: java.lang.InterruptedException: sleep interrupted
2019-10-23 12:13:43,982 [Thread-1753] INFO  impl.FollowerState (FollowerState.java:run(108)) - 4949cace-0585-430c-97a7-3db1e354cdac@group-55CA4A6792A0-FollowerState: change to CANDIDATE, lastRpcTime:1042ms, electionTimeout:1042ms
2019-10-23 12:13:43,983 [Thread-1753] INFO  impl.RoleInfo (RoleInfo.java:shutdownFollowerState(121)) - 4949cace-0585-430c-97a7-3db1e354cdac: shutdown FollowerState
2019-10-23 12:13:43,983 [Thread-1753] INFO  impl.RaftServerImpl (RaftServerImpl.java:setRole(184)) - 4949cace-0585-430c-97a7-3db1e354cdac@group-55CA4A6792A0: changes role from  FOLLOWER to CANDIDATE at term 8 for changeToCandidate
2019-10-23 12:13:43,983 [Thread-1753] INFO  impl.RoleInfo (RoleInfo.java:updateAndGet(143)) - 4949cace-0585-430c-97a7-3db1e354cdac: start LeaderElection
2019-10-23 12:13:43,983 [7b74cae2-68bb-403f-9342-7e82e321628a@group-0F120BA276DC-StateMachineUpdater] INFO  ratis.ContainerStateMachine (ContainerStateMachine.java:takeSnapshot(305)) - group-0F120BA276DC: Finished taking a snapshot at:(t:2, i:3) file:/workdir/hadoop-ozone/integration-test/target/test-dir/MiniOzoneClusterImpl-f0805996-b414-4d96-aefa-ea3288852db6/datanode-8/data/ratis/929a5c7a-1fa8-4211-83d2-0f120ba276dc/sm/snapshot.2_3 time:15
2019-10-23 12:13:43,983 [1d5d0298-6e55-4fca-8e63-ae12c20f52e9@group-0F120BA276DC-StateMachineUpdater] INFO  ratis.ContainerStateMachine (ContainerStateMachine.java:takeSnapshot(305)) - group-0F120BA276DC: Finished taking a snapshot at:(t:2, i:3) file:/workdir/hadoop-ozone/integration-test/target/test-dir/MiniOzoneClusterImpl-f0805996-b414-4d96-aefa-ea3288852db6/datanode-4/data/ratis/929a5c7a-1fa8-4211-83d2-0f120ba276dc/sm/snapshot.2_3 time:6
2019-10-23 12:13:43,984 [7b74cae2-68bb-403f-9342-7e82e321628a@group-0F120BA276DC-StateMachineUpdater] INFO  impl.StateMachineUpdater (StateMachineUpdater.java:takeSnapshot(269)) - 7b74cae2-68bb-403f-9342-7e82e321628a@group-0F120BA276DC-StateMachineUpdater: Took a snapshot at index 3
2019-10-23 12:13:43,984 [1d5d0298-6e55-4fca-8e63-ae12c20f52e9@group-0F120BA276DC-StateMachineUpdater] INFO  impl.StateMachineUpdater (StateMachineUpdater.java:takeSnapshot(269)) - 1d5d0298-6e55-4fca-8e63-ae12c20f52e9@group-0F120BA276DC-StateMachineUpdater: Took a snapshot at index 3
2019-10-23 12:13:43,984 [7b74cae2-68bb-403f-9342-7e82e321628a@group-0F120BA276DC-StateMachineUpdater] INFO  impl.StateMachineUpdater (StateMachineUpdater.java:lambda$new$0(84)) - 7b74cae2-68bb-403f-9342-7e82e321628a@group-0F120BA276DC-StateMachineUpdater: snapshotIndex: updateIncreasingly -1 -> 3
2019-10-23 12:13:43,984 [1d5d0298-6e55-4fca-8e63-ae12c20f52e9@group-0F120BA276DC-StateMachineUpdater] INFO  impl.StateMachineUpdater (StateMachineUpdater.java:lambda$new$0(84)) - 1d5d0298-6e55-4fca-8e63-ae12c20f52e9@group-0F120BA276DC-StateMachineUpdater: snapshotIndex: updateIncreasingly -1 -> 3
2019-10-23 12:13:43,984 [7b74cae2-68bb-403f-9342-7e82e321628a@group-0F120BA276DC-StateMachineUpdater] INFO  ratis.ContainerStateMachine (ContainerStateMachine.java:takeSnapshot(294)) - group-0F120BA276DC: Taking a snapshot at:(t:2, i:3) file /workdir/hadoop-ozone/integration-test/target/test-dir/MiniOzoneClusterImpl-f0805996-b414-4d96-aefa-ea3288852db6/datanode-8/data/ratis/929a5c7a-1fa8-4211-83d2-0f120ba276dc/sm/snapshot.2_3
2019-10-23 12:13:43,984 [1d5d0298-6e55-4fca-8e63-ae12c20f52e9@group-0F120BA276DC-StateMachineUpdater] INFO  ratis.ContainerStateMachine (ContainerStateMachine.java:takeSnapshot(294)) - group-0F120BA276DC: Taking a snapshot at:(t:2, i:3) file /workdir/hadoop-ozone/integration-test/target/test-dir/MiniOzoneClusterImpl-f0805996-b414-4d96-aefa-ea3288852db6/datanode-4/data/ratis/929a5c7a-1fa8-4211-83d2-0f120ba276dc/sm/snapshot.2_3
2019-10-23 12:13:43,997 [1d5d0298-6e55-4fca-8e63-ae12c20f52e9@group-0F120BA276DC-StateMachineUpdater] INFO  ratis.ContainerStateMachine (ContainerStateMachine.java:takeSnapshot(305)) - group-0F120BA276DC: Finished taking a snapshot at:(t:2, i:3) file:/workdir/hadoop-ozone/integration-test/target/test-dir/MiniOzoneClusterImpl-f0805996-b414-4d96-aefa-ea3288852db6/datanode-4/data/ratis/929a5c7a-1fa8-4211-83d2-0f120ba276dc/sm/snapshot.2_3 time:13
2019-10-23 12:13:43,997 [7b74cae2-68bb-403f-9342-7e82e321628a@group-0F120BA276DC-StateMachineUpdater] INFO  ratis.ContainerStateMachine (ContainerStateMachine.java:takeSnapshot(305)) - group-0F120BA276DC: Finished taking a snapshot at:(t:2, i:3) file:/workdir/hadoop-ozone/integration-test/target/test-dir/MiniOzoneClusterImpl-f0805996-b414-4d96-aefa-ea3288852db6/datanode-8/data/ratis/929a5c7a-1fa8-4211-83d2-0f120ba276dc/sm/snapshot.2_3 time:13
2019-10-23 12:13:43,998 [1d5d0298-6e55-4fca-8e63-ae12c20f52e9@group-0F120BA276DC-StateMachineUpdater] INFO  impl.StateMachineUpdater (StateMachineUpdater.java:takeSnapshot(269)) - 1d5d0298-6e55-4fca-8e63-ae12c20f52e9@group-0F120BA276DC-StateMachineUpdater: Took a snapshot at index 3
2019-10-23 12:13:43,998 [1d5d0298-6e55-4fca-8e63-ae12c20f52e9@group-0F120BA276DC-StateMachineUpdater] INFO  impl.StateMachineUpdater (StateMachineUpdater.java:lambda$new$0(84)) - 1d5d0298-6e55-4fca-8e63-ae12c20f52e9@group-0F120BA276DC-StateMachineUpdater: snapshotIndex: updateIncreasingly 3 -> 3
2019-10-23 12:13:43,998 [4949cace-0585-430c-97a7-3db1e354cdac@group-55CA4A6792A0-LeaderElection203] INFO  impl.LeaderElection (LeaderElection.java:askForVotes(178)) - 4949cace-0585-430c-97a7-3db1e354cdac@group-55CA4A6792A0-LeaderElection203: begin an election at term 9 for 0: [736d60a2-feff-478b-9de2-63399c9845c9:192.168.69.118:36235, d21719ef-fad3-4f0e-b494-842eeedea460:192.168.69.118:45836, 4949cace-0585-430c-97a7-3db1e354cdac:192.168.69.118:33911], old=null
2019-10-23 12:13:43,998 [7b74cae2-68bb-403f-9342-7e82e321628a@group-0F120BA276DC-StateMachineUpdater] INFO  impl.StateMachineUpdater (StateMachineUpdater.java:takeSnapshot(269)) - 7b74cae2-68bb-403f-9342-7e82e321628a@group-0F120BA276DC-StateMachineUpdater: Took a snapshot at index 3
2019-10-23 12:13:43,998 [ForkJoinPool.commonPool-worker-0] INFO  impl.RaftServerImpl (ServerState.java:close(388)) - 1d5d0298-6e55-4fca-8e63-ae12c20f52e9@group-0F120BA276DC: closes. applyIndex: 4
2019-10-23 12:13:43,998 [7b74cae2-68bb-403f-9342-7e82e321628a@group-0F120BA276DC-StateMachineUpdater] INFO  impl.StateMachineUpdater (StateMachineUpdater.java:lambda$new$0(84)) - 7b74cae2-68bb-403f-9342-7e82e321628a@group-0F120BA276DC-StateMachineUpdater: snapshotIndex: updateIncreasingly 3 -> 3
2019-10-23 12:13:43,998 [main] INFO  impl.RaftServerImpl (ServerState.java:close(388)) - 7b74cae2-68bb-403f-9342-7e82e321628a@group-0F120BA276DC: closes. applyIndex: 4
2019-10-23 12:13:43,998 [1d5d0298-6e55-4fca-8e63-ae12c20f52e9@group-0F120BA276DC-SegmentedRaftLogWorker] INFO  segmented.SegmentedRaftLogWorker (SegmentedRaftLogWorker.java:run(316)) - 1d5d0298-6e55-4fca-8e63-ae12c20f52e9@group-0F120BA276DC-SegmentedRaftLogWorker was interrupted, exiting. There are 0 tasks remaining in the queue.
2019-10-23 12:13:43,999 [7b74cae2-68bb-403f-9342-7e82e321628a@group-0F120BA276DC-SegmentedRaftLogWorker] INFO  segmented.SegmentedRaftLogWorker (SegmentedRaftLogWorker.java:run(316)) - 7b74cae2-68bb-403f-9342-7e82e321628a@group-0F120BA276DC-SegmentedRaftLogWorker was interrupted, exiting. There are 0 tasks remaining in the queue.
2019-10-23 12:13:43,999 [4949cace-0585-430c-97a7-3db1e354cdac@group-55CA4A6792A0-LeaderElection203] INFO  impl.LeaderElection (LogUtils.java:infoOrTrace(149)) - 4949cace-0585-430c-97a7-3db1e354cdac@group-55CA4A6792A0-LeaderElection203 got exception when requesting votes: {}
java.util.concurrent.ExecutionException: org.apache.ratis.thirdparty.io.grpc.StatusRuntimeException: UNAVAILABLE: io exception
	at java.util.concurrent.FutureTask.report(FutureTask.java:122)
	at java.util.concurrent.FutureTask.get(FutureTask.java:192)
	at org.apache.ratis.server.impl.LeaderElection.waitForResults(LeaderElection.java:259)
	at org.apache.ratis.server.impl.LeaderElection.askForVotes(LeaderElection.java:197)
	at org.apache.ratis.server.impl.LeaderElection.run(LeaderElection.java:133)
	at java.lang.Thread.run(Thread.java:748)
Caused by: org.apache.ratis.thirdparty.io.grpc.StatusRuntimeException: UNAVAILABLE: io exception
	at org.apache.ratis.thirdparty.io.grpc.stub.ClientCalls.toStatusRuntimeException(ClientCalls.java:233)
	at org.apache.ratis.thirdparty.io.grpc.stub.ClientCalls.getUnchecked(ClientCalls.java:214)
	at org.apache.ratis.thirdparty.io.grpc.stub.ClientCalls.blockingUnaryCall(ClientCalls.java:139)
	at org.apache.ratis.proto.grpc.RaftServerProtocolServiceGrpc$RaftServerProtocolServiceBlockingStub.requestVote(RaftServerProtocolServiceGrpc.java:265)
	at org.apache.ratis.grpc.server.GrpcServerProtocolClient.requestVote(GrpcServerProtocolClient.java:99)
	at org.apache.ratis.grpc.server.GrpcService.requestVote(GrpcService.java:204)
	at org.apache.ratis.server.impl.LeaderElection.lambda$submitRequests$1(LeaderElection.java:234)
	at java.util.concurrent.FutureTask.run(FutureTask.java:266)
	at java.util.concurrent.Executors$RunnableAdapter.call(Executors.java:511)
	at java.util.concurrent.FutureTask.run(FutureTask.java:266)
	at java.util.concurrent.ThreadPoolExecutor.runWorker(ThreadPoolExecutor.java:1149)
	at java.util.concurrent.ThreadPoolExecutor$Worker.run(ThreadPoolExecutor.java:624)
	... 1 more
Caused by: org.apache.ratis.thirdparty.io.netty.channel.AbstractChannel$AnnotatedConnectException: Connection refused: /192.168.69.118:45836
	at sun.nio.ch.SocketChannelImpl.checkConnect(Native Method)
	at sun.nio.ch.SocketChannelImpl.finishConnect(SocketChannelImpl.java:717)
	at org.apache.ratis.thirdparty.io.netty.channel.socket.nio.NioSocketChannel.doFinishConnect(NioSocketChannel.java:327)
	at org.apache.ratis.thirdparty.io.netty.channel.nio.AbstractNioChannel$AbstractNioUnsafe.finishConnect(AbstractNioChannel.java:340)
	at org.apache.ratis.thirdparty.io.netty.channel.nio.NioEventLoop.processSelectedKey(NioEventLoop.java:632)
	at org.apache.ratis.thirdparty.io.netty.channel.nio.NioEventLoop.processSelectedKeysOptimized(NioEventLoop.java:579)
	at org.apache.ratis.thirdparty.io.netty.channel.nio.NioEventLoop.processSelectedKeys(NioEventLoop.java:496)
	at org.apache.ratis.thirdparty.io.netty.channel.nio.NioEventLoop.run(NioEventLoop.java:458)
	at org.apache.ratis.thirdparty.io.netty.util.concurrent.SingleThreadEventExecutor$5.run(SingleThreadEventExecutor.java:897)
	at org.apache.ratis.thirdparty.io.netty.util.concurrent.FastThreadLocalRunnable.run(FastThreadLocalRunnable.java:30)
	... 1 more
Caused by: java.net.ConnectException: Connection refused
	... 11 more
2019-10-23 12:13:44,001 [main] INFO  segmented.SegmentedRaftLogWorker (SegmentedRaftLogWorker.java:close(224)) - 7b74cae2-68bb-403f-9342-7e82e321628a@group-0F120BA276DC-SegmentedRaftLogWorker close()
2019-10-23 12:13:44,000 [Thread-1810] INFO  impl.FollowerState (FollowerState.java:run(108)) - ad4d83c7-0f96-47bc-a4e8-7e5d9f844896@group-24C785E9A0FC-FollowerState: change to CANDIDATE, lastRpcTime:146ms, electionTimeout:146ms
2019-10-23 12:13:44,000 [ForkJoinPool.commonPool-worker-0] INFO  segmented.SegmentedRaftLogWorker (SegmentedRaftLogWorker.java:close(224)) - 1d5d0298-6e55-4fca-8e63-ae12c20f52e9@group-0F120BA276DC-SegmentedRaftLogWorker close()
2019-10-23 12:13:44,003 [Thread-1810] INFO  impl.RoleInfo (RoleInfo.java:shutdownFollowerState(121)) - ad4d83c7-0f96-47bc-a4e8-7e5d9f844896: shutdown FollowerState
2019-10-23 12:13:44,003 [main] INFO  server.GrpcService (GrpcService.java:closeImpl(164)) - 7b74cae2-68bb-403f-9342-7e82e321628a: shutdown server with port 46444 now
2019-10-23 12:13:44,001 [4949cace-0585-430c-97a7-3db1e354cdac@group-55CA4A6792A0-LeaderElection203] INFO  impl.LeaderElection (LogUtils.java:infoOrTrace(149)) - 4949cace-0585-430c-97a7-3db1e354cdac@group-55CA4A6792A0-LeaderElection203 got exception when requesting votes: {}
java.util.concurrent.ExecutionException: org.apache.ratis.thirdparty.io.grpc.StatusRuntimeException: UNAVAILABLE: io exception
	at java.util.concurrent.FutureTask.report(FutureTask.java:122)
	at java.util.concurrent.FutureTask.get(FutureTask.java:192)
	at org.apache.ratis.server.impl.LeaderElection.waitForResults(LeaderElection.java:259)
	at org.apache.ratis.server.impl.LeaderElection.askForVotes(LeaderElection.java:197)
	at org.apache.ratis.server.impl.LeaderElection.run(LeaderElection.java:133)
	at java.lang.Thread.run(Thread.java:748)
Caused by: org.apache.ratis.thirdparty.io.grpc.StatusRuntimeException: UNAVAILABLE: io exception
	at org.apache.ratis.thirdparty.io.grpc.stub.ClientCalls.toStatusRuntimeException(ClientCalls.java:233)
	at org.apache.ratis.thirdparty.io.grpc.stub.ClientCalls.getUnchecked(ClientCalls.java:214)
	at org.apache.ratis.thirdparty.io.grpc.stub.ClientCalls.blockingUnaryCall(ClientCalls.java:139)
	at org.apache.ratis.proto.grpc.RaftServerProtocolServiceGrpc$RaftServerProtocolServiceBlockingStub.requestVote(RaftServerProtocolServiceGrpc.java:265)
	at org.apache.ratis.grpc.server.GrpcServerProtocolClient.requestVote(GrpcServerProtocolClient.java:99)
	at org.apache.ratis.grpc.server.GrpcService.requestVote(GrpcService.java:204)
	at org.apache.ratis.server.impl.LeaderElection.lambda$submitRequests$1(LeaderElection.java:234)
	at java.util.concurrent.FutureTask.run(FutureTask.java:266)
	at java.util.concurrent.Executors$RunnableAdapter.call(Executors.java:511)
	at java.util.concurrent.FutureTask.run(FutureTask.java:266)
	at java.util.concurrent.ThreadPoolExecutor.runWorker(ThreadPoolExecutor.java:1149)
	at java.util.concurrent.ThreadPoolExecutor$Worker.run(ThreadPoolExecutor.java:624)
	... 1 more
Caused by: org.apache.ratis.thirdparty.io.netty.channel.AbstractChannel$AnnotatedConnectException: Connection refused: /192.168.69.118:36235
	at sun.nio.ch.SocketChannelImpl.checkConnect(Native Method)
	at sun.nio.ch.SocketChannelImpl.finishConnect(SocketChannelImpl.java:717)
	at org.apache.ratis.thirdparty.io.netty.channel.socket.nio.NioSocketChannel.doFinishConnect(NioSocketChannel.java:327)
	at org.apache.ratis.thirdparty.io.netty.channel.nio.AbstractNioChannel$AbstractNioUnsafe.finishConnect(AbstractNioChannel.java:340)
	at org.apache.ratis.thirdparty.io.netty.channel.nio.NioEventLoop.processSelectedKey(NioEventLoop.java:632)
	at org.apache.ratis.thirdparty.io.netty.channel.nio.NioEventLoop.processSelectedKeysOptimized(NioEventLoop.java:579)
	at org.apache.ratis.thirdparty.io.netty.channel.nio.NioEventLoop.processSelectedKeys(NioEventLoop.java:496)
	at org.apache.ratis.thirdparty.io.netty.channel.nio.NioEventLoop.run(NioEventLoop.java:458)
	at org.apache.ratis.thirdparty.io.netty.util.concurrent.SingleThreadEventExecutor$5.run(SingleThreadEventExecutor.java:897)
	at org.apache.ratis.thirdparty.io.netty.util.concurrent.FastThreadLocalRunnable.run(FastThreadLocalRunnable.java:30)
	... 1 more
Caused by: java.net.ConnectException: Connection refused
	... 11 more
2019-10-23 12:13:44,008 [Thread-1810] INFO  impl.RaftServerImpl (RaftServerImpl.java:setRole(184)) - ad4d83c7-0f96-47bc-a4e8-7e5d9f844896@group-24C785E9A0FC: changes role from  FOLLOWER to CANDIDATE at term 202 for changeToCandidate
2019-10-23 12:13:44,008 [ForkJoinPool.commonPool-worker-0] INFO  impl.RaftServerImpl (RaftServerImpl.java:lambda$shutdown$3(261)) - 1d5d0298-6e55-4fca-8e63-ae12c20f52e9@group-DE81EE7BC2BC: shutdown
2019-10-23 12:13:44,009 [4949cace-0585-430c-97a7-3db1e354cdac@group-55CA4A6792A0-LeaderElection203] INFO  impl.LeaderElection (LeaderElection.java:logAndReturn(56)) - 4949cace-0585-430c-97a7-3db1e354cdac@group-55CA4A6792A0-LeaderElection203: Election REJECTED; received 0 response(s) [] and 2 exception(s); 4949cace-0585-430c-97a7-3db1e354cdac@group-55CA4A6792A0:t9, leader=null, voted=4949cace-0585-430c-97a7-3db1e354cdac, raftlog=4949cace-0585-430c-97a7-3db1e354cdac@group-55CA4A6792A0-SegmentedRaftLog:OPENED:c15,f15,i15, conf=0: [736d60a2-feff-478b-9de2-63399c9845c9:192.168.69.118:36235, d21719ef-fad3-4f0e-b494-842eeedea460:192.168.69.118:45836, 4949cace-0585-430c-97a7-3db1e354cdac:192.168.69.118:33911], old=null
2019-10-23 12:13:44,009 [Thread-1810] INFO  impl.RoleInfo (RoleInfo.java:updateAndGet(143)) - ad4d83c7-0f96-47bc-a4e8-7e5d9f844896: start LeaderElection
2019-10-23 12:13:44,010 [main] INFO  server.GrpcService (GrpcService.java:closeImpl(172)) - 7b74cae2-68bb-403f-9342-7e82e321628a: shutdown server with port 46444 successfully
2019-10-23 12:13:44,010 [4949cace-0585-430c-97a7-3db1e354cdac@group-55CA4A6792A0-LeaderElection203] INFO  impl.LeaderElection (LogUtils.java:infoOrTrace(149)) -   Exception 0: {}
java.util.concurrent.ExecutionException: org.apache.ratis.thirdparty.io.grpc.StatusRuntimeException: UNAVAILABLE: io exception
	at java.util.concurrent.FutureTask.report(FutureTask.java:122)
	at java.util.concurrent.FutureTask.get(FutureTask.java:192)
	at org.apache.ratis.server.impl.LeaderElection.waitForResults(LeaderElection.java:259)
	at org.apache.ratis.server.impl.LeaderElection.askForVotes(LeaderElection.java:197)
	at org.apache.ratis.server.impl.LeaderElection.run(LeaderElection.java:133)
	at java.lang.Thread.run(Thread.java:748)
Caused by: org.apache.ratis.thirdparty.io.grpc.StatusRuntimeException: UNAVAILABLE: io exception
	at org.apache.ratis.thirdparty.io.grpc.stub.ClientCalls.toStatusRuntimeException(ClientCalls.java:233)
	at org.apache.ratis.thirdparty.io.grpc.stub.ClientCalls.getUnchecked(ClientCalls.java:214)
	at org.apache.ratis.thirdparty.io.grpc.stub.ClientCalls.blockingUnaryCall(ClientCalls.java:139)
	at org.apache.ratis.proto.grpc.RaftServerProtocolServiceGrpc$RaftServerProtocolServiceBlockingStub.requestVote(RaftServerProtocolServiceGrpc.java:265)
	at org.apache.ratis.grpc.server.GrpcServerProtocolClient.requestVote(GrpcServerProtocolClient.java:99)
	at org.apache.ratis.grpc.server.GrpcService.requestVote(GrpcService.java:204)
	at org.apache.ratis.server.impl.LeaderElection.lambda$submitRequests$1(LeaderElection.java:234)
	at java.util.concurrent.FutureTask.run(FutureTask.java:266)
	at java.util.concurrent.Executors$RunnableAdapter.call(Executors.java:511)
	at java.util.concurrent.FutureTask.run(FutureTask.java:266)
	at java.util.concurrent.ThreadPoolExecutor.runWorker(ThreadPoolExecutor.java:1149)
	at java.util.concurrent.ThreadPoolExecutor$Worker.run(ThreadPoolExecutor.java:624)
	... 1 more
Caused by: org.apache.ratis.thirdparty.io.netty.channel.AbstractChannel$AnnotatedConnectException: Connection refused: /192.168.69.118:45836
	at sun.nio.ch.SocketChannelImpl.checkConnect(Native Method)
	at sun.nio.ch.SocketChannelImpl.finishConnect(SocketChannelImpl.java:717)
	at org.apache.ratis.thirdparty.io.netty.channel.socket.nio.NioSocketChannel.doFinishConnect(NioSocketChannel.java:327)
	at org.apache.ratis.thirdparty.io.netty.channel.nio.AbstractNioChannel$AbstractNioUnsafe.finishConnect(AbstractNioChannel.java:340)
	at org.apache.ratis.thirdparty.io.netty.channel.nio.NioEventLoop.processSelectedKey(NioEventLoop.java:632)
	at org.apache.ratis.thirdparty.io.netty.channel.nio.NioEventLoop.processSelectedKeysOptimized(NioEventLoop.java:579)
	at org.apache.ratis.thirdparty.io.netty.channel.nio.NioEventLoop.processSelectedKeys(NioEventLoop.java:496)
	at org.apache.ratis.thirdparty.io.netty.channel.nio.NioEventLoop.run(NioEventLoop.java:458)
	at org.apache.ratis.thirdparty.io.netty.util.concurrent.SingleThreadEventExecutor$5.run(SingleThreadEventExecutor.java:897)
	at org.apache.ratis.thirdparty.io.netty.util.concurrent.FastThreadLocalRunnable.run(FastThreadLocalRunnable.java:30)
	... 1 more
Caused by: java.net.ConnectException: Connection refused
	... 11 more
2019-10-23 12:13:44,009 [ForkJoinPool.commonPool-worker-0] INFO  util.JmxRegister (JmxRegister.java:unregister(73)) - Successfully un-registered JMX Bean with object name Ratis:service=RaftServer,group=group-DE81EE7BC2BC,id=1d5d0298-6e55-4fca-8e63-ae12c20f52e9
2019-10-23 12:13:44,011 [4949cace-0585-430c-97a7-3db1e354cdac@group-55CA4A6792A0-LeaderElection203] INFO  impl.LeaderElection (LogUtils.java:infoOrTrace(149)) -   Exception 1: {}
java.util.concurrent.ExecutionException: org.apache.ratis.thirdparty.io.grpc.StatusRuntimeException: UNAVAILABLE: io exception
	at java.util.concurrent.FutureTask.report(FutureTask.java:122)
	at java.util.concurrent.FutureTask.get(FutureTask.java:192)
	at org.apache.ratis.server.impl.LeaderElection.waitForResults(LeaderElection.java:259)
	at org.apache.ratis.server.impl.LeaderElection.askForVotes(LeaderElection.java:197)
	at org.apache.ratis.server.impl.LeaderElection.run(LeaderElection.java:133)
	at java.lang.Thread.run(Thread.java:748)
Caused by: org.apache.ratis.thirdparty.io.grpc.StatusRuntimeException: UNAVAILABLE: io exception
	at org.apache.ratis.thirdparty.io.grpc.stub.ClientCalls.toStatusRuntimeException(ClientCalls.java:233)
	at org.apache.ratis.thirdparty.io.grpc.stub.ClientCalls.getUnchecked(ClientCalls.java:214)
	at org.apache.ratis.thirdparty.io.grpc.stub.ClientCalls.blockingUnaryCall(ClientCalls.java:139)
	at org.apache.ratis.proto.grpc.RaftServerProtocolServiceGrpc$RaftServerProtocolServiceBlockingStub.requestVote(RaftServerProtocolServiceGrpc.java:265)
	at org.apache.ratis.grpc.server.GrpcServerProtocolClient.requestVote(GrpcServerProtocolClient.java:99)
	at org.apache.ratis.grpc.server.GrpcService.requestVote(GrpcService.java:204)
	at org.apache.ratis.server.impl.LeaderElection.lambda$submitRequests$1(LeaderElection.java:234)
	at java.util.concurrent.FutureTask.run(FutureTask.java:266)
	at java.util.concurrent.Executors$RunnableAdapter.call(Executors.java:511)
	at java.util.concurrent.FutureTask.run(FutureTask.java:266)
	at java.util.concurrent.ThreadPoolExecutor.runWorker(ThreadPoolExecutor.java:1149)
	at java.util.concurrent.ThreadPoolExecutor$Worker.run(ThreadPoolExecutor.java:624)
	... 1 more
Caused by: org.apache.ratis.thirdparty.io.netty.channel.AbstractChannel$AnnotatedConnectException: Connection refused: /192.168.69.118:36235
	at sun.nio.ch.SocketChannelImpl.checkConnect(Native Method)
	at sun.nio.ch.SocketChannelImpl.finishConnect(SocketChannelImpl.java:717)
	at org.apache.ratis.thirdparty.io.netty.channel.socket.nio.NioSocketChannel.doFinishConnect(NioSocketChannel.java:327)
	at org.apache.ratis.thirdparty.io.netty.channel.nio.AbstractNioChannel$AbstractNioUnsafe.finishConnect(AbstractNioChannel.java:340)
	at org.apache.ratis.thirdparty.io.netty.channel.nio.NioEventLoop.processSelectedKey(NioEventLoop.java:632)
	at org.apache.ratis.thirdparty.io.netty.channel.nio.NioEventLoop.processSelectedKeysOptimized(NioEventLoop.java:579)
	at org.apache.ratis.thirdparty.io.netty.channel.nio.NioEventLoop.processSelectedKeys(NioEventLoop.java:496)
	at org.apache.ratis.thirdparty.io.netty.channel.nio.NioEventLoop.run(NioEventLoop.java:458)
	at org.apache.ratis.thirdparty.io.netty.util.concurrent.SingleThreadEventExecutor$5.run(SingleThreadEventExecutor.java:897)
	at org.apache.ratis.thirdparty.io.netty.util.concurrent.FastThreadLocalRunnable.run(FastThreadLocalRunnable.java:30)
	... 1 more
Caused by: java.net.ConnectException: Connection refused
	... 11 more
2019-10-23 12:13:44,011 [grpc-default-executor-3] WARN  server.GrpcServerProtocolService (LogUtils.java:warn(134)) - 7b74cae2-68bb-403f-9342-7e82e321628a: installSnapshot onError, lastRequest: 787770cd-56b0-4d21-897f-e9f49f0f8295->7b74cae2-68bb-403f-9342-7e82e321628a#55-t2, previous=(t:2, i:4), leaderCommit=4, initializing? false, entries: <empty>: org.apache.ratis.thirdparty.io.grpc.StatusRuntimeException: CANCELLED: cancelled before receiving half close
2019-10-23 12:13:44,012 [4949cace-0585-430c-97a7-3db1e354cdac@group-55CA4A6792A0-LeaderElection203] INFO  impl.RaftServerImpl (RaftServerImpl.java:setRole(184)) - 4949cace-0585-430c-97a7-3db1e354cdac@group-55CA4A6792A0: changes role from CANDIDATE to FOLLOWER at term 9 for DISCOVERED_A_NEW_TERM
2019-10-23 12:13:44,011 [grpc-default-executor-1] WARN  server.GrpcLogAppender (LogUtils.java:warn(134)) - 787770cd-56b0-4d21-897f-e9f49f0f8295@group-0F120BA276DC->7b74cae2-68bb-403f-9342-7e82e321628a-AppendLogResponseHandler: Failed appendEntries: org.apache.ratis.thirdparty.io.grpc.StatusRuntimeException: CANCELLED: HTTP/2 error code: CANCEL
Received Rst Stream
2019-10-23 12:13:44,011 [ForkJoinPool.commonPool-worker-0] INFO  impl.RoleInfo (RoleInfo.java:shutdownLeaderState(104)) - 1d5d0298-6e55-4fca-8e63-ae12c20f52e9: shutdown LeaderState
2019-10-23 12:13:44,012 [4949cace-0585-430c-97a7-3db1e354cdac@group-55CA4A6792A0-LeaderElection203] INFO  impl.RoleInfo (RoleInfo.java:shutdownLeaderElection(134)) - 4949cace-0585-430c-97a7-3db1e354cdac: shutdown LeaderElection
2019-10-23 12:13:44,012 [ForkJoinPool.commonPool-worker-0] INFO  impl.PendingRequests (PendingRequests.java:sendNotLeaderResponses(202)) - 1d5d0298-6e55-4fca-8e63-ae12c20f52e9@group-DE81EE7BC2BC-PendingRequests: sendNotLeaderResponses
2019-10-23 12:13:44,012 [4949cace-0585-430c-97a7-3db1e354cdac@group-55CA4A6792A0-LeaderElection203] INFO  impl.RoleInfo (RoleInfo.java:updateAndGet(143)) - 4949cace-0585-430c-97a7-3db1e354cdac: start FollowerState
2019-10-23 12:13:44,013 [ForkJoinPool.commonPool-worker-0] INFO  impl.StateMachineUpdater (StateMachineUpdater.java:stopAndJoin(136)) - 1d5d0298-6e55-4fca-8e63-ae12c20f52e9@group-DE81EE7BC2BC-StateMachineUpdater: set stopIndex = 0
2019-10-23 12:13:44,013 [ForkJoinPool.commonPool-worker-0] INFO  impl.RaftServerImpl (ServerState.java:close(388)) - 1d5d0298-6e55-4fca-8e63-ae12c20f52e9@group-DE81EE7BC2BC: closes. applyIndex: 0
2019-10-23 12:13:44,014 [1d5d0298-6e55-4fca-8e63-ae12c20f52e9@group-DE81EE7BC2BC-SegmentedRaftLogWorker] INFO  segmented.SegmentedRaftLogWorker (SegmentedRaftLogWorker.java:run(316)) - 1d5d0298-6e55-4fca-8e63-ae12c20f52e9@group-DE81EE7BC2BC-SegmentedRaftLogWorker was interrupted, exiting. There are 0 tasks remaining in the queue.
2019-10-23 12:13:44,014 [ForkJoinPool.commonPool-worker-0] INFO  segmented.SegmentedRaftLogWorker (SegmentedRaftLogWorker.java:close(224)) - 1d5d0298-6e55-4fca-8e63-ae12c20f52e9@group-DE81EE7BC2BC-SegmentedRaftLogWorker close()
2019-10-23 12:13:44,015 [ForkJoinPool.commonPool-worker-0] INFO  server.GrpcService (GrpcService.java:closeImpl(164)) - 1d5d0298-6e55-4fca-8e63-ae12c20f52e9: shutdown server with port 39259 now
2019-10-23 12:13:44,018 [refreshUsed-/workdir/hadoop-ozone/integration-test/target/test-dir/MiniOzoneClusterImpl-f0805996-b414-4d96-aefa-ea3288852db6/datanode-8/data/containers] WARN  fs.CachingGetSpaceUsed (CachingGetSpaceUsed.java:run(183)) - Thread Interrupted waiting to refresh disk information: sleep interrupted
2019-10-23 12:13:44,018 [grpc-default-executor-4] WARN  server.GrpcServerProtocolService (LogUtils.java:warn(134)) - 1d5d0298-6e55-4fca-8e63-ae12c20f52e9: installSnapshot onError, lastRequest: 787770cd-56b0-4d21-897f-e9f49f0f8295->1d5d0298-6e55-4fca-8e63-ae12c20f52e9#55-t2, previous=(t:2, i:4), leaderCommit=4, initializing? false, entries: <empty>: org.apache.ratis.thirdparty.io.grpc.StatusRuntimeException: CANCELLED: cancelled before receiving half close
2019-10-23 12:13:44,019 [ForkJoinPool.commonPool-worker-0] INFO  server.GrpcService (GrpcService.java:closeImpl(172)) - 1d5d0298-6e55-4fca-8e63-ae12c20f52e9: shutdown server with port 39259 successfully
2019-10-23 12:13:44,019 [grpc-default-executor-5] WARN  server.GrpcLogAppender (LogUtils.java:warn(134)) - 787770cd-56b0-4d21-897f-e9f49f0f8295@group-0F120BA276DC->1d5d0298-6e55-4fca-8e63-ae12c20f52e9-AppendLogResponseHandler: Failed appendEntries: org.apache.ratis.thirdparty.io.grpc.StatusRuntimeException: CANCELLED: HTTP/2 error code: CANCEL
Received Rst Stream
2019-10-23 12:13:44,021 [refreshUsed-/workdir/hadoop-ozone/integration-test/target/test-dir/MiniOzoneClusterImpl-f0805996-b414-4d96-aefa-ea3288852db6/datanode-4/data/containers] WARN  fs.CachingGetSpaceUsed (CachingGetSpaceUsed.java:run(183)) - Thread Interrupted waiting to refresh disk information: sleep interrupted
2019-10-23 12:13:44,037 [ad4d83c7-0f96-47bc-a4e8-7e5d9f844896@group-24C785E9A0FC-LeaderElection204] INFO  impl.LeaderElection (LeaderElection.java:askForVotes(178)) - ad4d83c7-0f96-47bc-a4e8-7e5d9f844896@group-24C785E9A0FC-LeaderElection204: begin an election at term 203 for -1: [3b749b59-de2a-419b-9a26-261692f5c83c:192.168.69.118:39205, ad4d83c7-0f96-47bc-a4e8-7e5d9f844896:192.168.69.118:41688, 02863277-f564-4bc6-8337-fb22627f6f1a:192.168.69.118:36850], old=null
2019-10-23 12:13:44,037 [ad4d83c7-0f96-47bc-a4e8-7e5d9f844896@group-24C785E9A0FC-LeaderElection204] INFO  impl.LeaderElection (LogUtils.java:infoOrTrace(149)) - ad4d83c7-0f96-47bc-a4e8-7e5d9f844896@group-24C785E9A0FC-LeaderElection204 got exception when requesting votes: {}
java.util.concurrent.ExecutionException: org.apache.ratis.thirdparty.io.grpc.StatusRuntimeException: UNAVAILABLE: io exception
	at java.util.concurrent.FutureTask.report(FutureTask.java:122)
	at java.util.concurrent.FutureTask.get(FutureTask.java:192)
	at org.apache.ratis.server.impl.LeaderElection.waitForResults(LeaderElection.java:259)
	at org.apache.ratis.server.impl.LeaderElection.askForVotes(LeaderElection.java:197)
	at org.apache.ratis.server.impl.LeaderElection.run(LeaderElection.java:133)
	at java.lang.Thread.run(Thread.java:748)
Caused by: org.apache.ratis.thirdparty.io.grpc.StatusRuntimeException: UNAVAILABLE: io exception
	at org.apache.ratis.thirdparty.io.grpc.stub.ClientCalls.toStatusRuntimeException(ClientCalls.java:233)
	at org.apache.ratis.thirdparty.io.grpc.stub.ClientCalls.getUnchecked(ClientCalls.java:214)
	at org.apache.ratis.thirdparty.io.grpc.stub.ClientCalls.blockingUnaryCall(ClientCalls.java:139)
	at org.apache.ratis.proto.grpc.RaftServerProtocolServiceGrpc$RaftServerProtocolServiceBlockingStub.requestVote(RaftServerProtocolServiceGrpc.java:265)
	at org.apache.ratis.grpc.server.GrpcServerProtocolClient.requestVote(GrpcServerProtocolClient.java:99)
	at org.apache.ratis.grpc.server.GrpcService.requestVote(GrpcService.java:204)
	at org.apache.ratis.server.impl.LeaderElection.lambda$submitRequests$1(LeaderElection.java:234)
	at java.util.concurrent.FutureTask.run(FutureTask.java:266)
	at java.util.concurrent.Executors$RunnableAdapter.call(Executors.java:511)
	at java.util.concurrent.FutureTask.run(FutureTask.java:266)
	at java.util.concurrent.ThreadPoolExecutor.runWorker(ThreadPoolExecutor.java:1149)
	at java.util.concurrent.ThreadPoolExecutor$Worker.run(ThreadPoolExecutor.java:624)
	... 1 more
Caused by: org.apache.ratis.thirdparty.io.netty.channel.AbstractChannel$AnnotatedConnectException: Connection refused: /192.168.69.118:39205
	at sun.nio.ch.SocketChannelImpl.checkConnect(Native Method)
	at sun.nio.ch.SocketChannelImpl.finishConnect(SocketChannelImpl.java:717)
	at org.apache.ratis.thirdparty.io.netty.channel.socket.nio.NioSocketChannel.doFinishConnect(NioSocketChannel.java:327)
	at org.apache.ratis.thirdparty.io.netty.channel.nio.AbstractNioChannel$AbstractNioUnsafe.finishConnect(AbstractNioChannel.java:340)
	at org.apache.ratis.thirdparty.io.netty.channel.nio.NioEventLoop.processSelectedKey(NioEventLoop.java:632)
	at org.apache.ratis.thirdparty.io.netty.channel.nio.NioEventLoop.processSelectedKeysOptimized(NioEventLoop.java:579)
	at org.apache.ratis.thirdparty.io.netty.channel.nio.NioEventLoop.processSelectedKeys(NioEventLoop.java:496)
	at org.apache.ratis.thirdparty.io.netty.channel.nio.NioEventLoop.run(NioEventLoop.java:458)
	at org.apache.ratis.thirdparty.io.netty.util.concurrent.SingleThreadEventExecutor$5.run(SingleThreadEventExecutor.java:897)
	at org.apache.ratis.thirdparty.io.netty.util.concurrent.FastThreadLocalRunnable.run(FastThreadLocalRunnable.java:30)
	... 1 more
Caused by: java.net.ConnectException: Connection refused
	... 11 more
2019-10-23 12:13:44,039 [grpc-default-executor-4] INFO  impl.RaftServerImpl (RaftServerImpl.java:setRole(184)) - 02863277-f564-4bc6-8337-fb22627f6f1a@group-24C785E9A0FC: changes role from  FOLLOWER to FOLLOWER at term 203 for recognizeCandidate:ad4d83c7-0f96-47bc-a4e8-7e5d9f844896
2019-10-23 12:13:44,039 [grpc-default-executor-4] INFO  impl.RoleInfo (RoleInfo.java:shutdownFollowerState(121)) - 02863277-f564-4bc6-8337-fb22627f6f1a: shutdown FollowerState
2019-10-23 12:13:44,039 [grpc-default-executor-4] INFO  impl.RoleInfo (RoleInfo.java:updateAndGet(143)) - 02863277-f564-4bc6-8337-fb22627f6f1a: start FollowerState
2019-10-23 12:13:44,039 [Thread-1809] INFO  impl.FollowerState (FollowerState.java:run(117)) - 02863277-f564-4bc6-8337-fb22627f6f1a@group-24C785E9A0FC-FollowerState was interrupted: java.lang.InterruptedException: sleep interrupted
2019-10-23 12:13:44,040 [main] INFO  utils.BackgroundService (BackgroundService.java:shutdown(151)) - Shutting down service BlockDeletingService
2019-10-23 12:13:44,043 [main] INFO  statemachine.DatanodeStateMachine (DatanodeStateMachine.java:stopDaemon(395)) - Ozone container server stopped.
2019-10-23 12:13:44,044 [main] INFO  handler.ContextHandler (ContextHandler.java:doStop(910)) - Stopped o.e.j.w.WebAppContext@5a08efdc{/,null,UNAVAILABLE}{/hddsDatanode}
2019-10-23 12:13:44,045 [main] INFO  server.AbstractConnector (AbstractConnector.java:doStop(318)) - Stopped ServerConnector@57272109{HTTP/1.1,[http/1.1]}{0.0.0.0:0}
2019-10-23 12:13:44,045 [main] INFO  handler.ContextHandler (ContextHandler.java:doStop(910)) - Stopped o.e.j.s.ServletContextHandler@79a04e5f{/static,jar:file:/home/user/.m2/repository/org/apache/hadoop/hadoop-hdds-container-service/0.5.0-SNAPSHOT/hadoop-hdds-container-service-0.5.0-SNAPSHOT.jar!/webapps/static,UNAVAILABLE}
2019-10-23 12:13:44,046 [main] INFO  handler.ContextHandler (ContextHandler.java:doStop(910)) - Stopped o.e.j.s.ServletContextHandler@1ab5f08a{/logs,file:///workdir/hadoop-ozone/integration-test/target/log,UNAVAILABLE}
2019-10-23 12:13:44,046 [ForkJoinPool.commonPool-worker-0] INFO  utils.BackgroundService (BackgroundService.java:shutdown(151)) - Shutting down service BlockDeletingService
2019-10-23 12:13:44,049 [ForkJoinPool.commonPool-worker-0] INFO  statemachine.DatanodeStateMachine (DatanodeStateMachine.java:stopDaemon(395)) - Ozone container server stopped.
2019-10-23 12:13:44,052 [ForkJoinPool.commonPool-worker-0] INFO  handler.ContextHandler (ContextHandler.java:doStop(910)) - Stopped o.e.j.w.WebAppContext@7ecec90d{/,null,UNAVAILABLE}{/hddsDatanode}
2019-10-23 12:13:44,052 [ad4d83c7-0f96-47bc-a4e8-7e5d9f844896@group-24C785E9A0FC-LeaderElection204] INFO  impl.LeaderElection (LeaderElection.java:logAndReturn(56)) - ad4d83c7-0f96-47bc-a4e8-7e5d9f844896@group-24C785E9A0FC-LeaderElection204: Election REJECTED; received 1 response(s) [ad4d83c7-0f96-47bc-a4e8-7e5d9f844896<-02863277-f564-4bc6-8337-fb22627f6f1a#0:FAIL-t203] and 1 exception(s); ad4d83c7-0f96-47bc-a4e8-7e5d9f844896@group-24C785E9A0FC:t203, leader=null, voted=ad4d83c7-0f96-47bc-a4e8-7e5d9f844896, raftlog=ad4d83c7-0f96-47bc-a4e8-7e5d9f844896@group-24C785E9A0FC-SegmentedRaftLog:OPENED:c-1,f-1,i0, conf=-1: [3b749b59-de2a-419b-9a26-261692f5c83c:192.168.69.118:39205, ad4d83c7-0f96-47bc-a4e8-7e5d9f844896:192.168.69.118:41688, 02863277-f564-4bc6-8337-fb22627f6f1a:192.168.69.118:36850], old=null
2019-10-23 12:13:44,052 [ad4d83c7-0f96-47bc-a4e8-7e5d9f844896@group-24C785E9A0FC-LeaderElection204] INFO  impl.LeaderElection (LogUtils.java:infoOrTrace(149)) -   Exception 0: {}
java.util.concurrent.ExecutionException: org.apache.ratis.thirdparty.io.grpc.StatusRuntimeException: UNAVAILABLE: io exception
	at java.util.concurrent.FutureTask.report(FutureTask.java:122)
	at java.util.concurrent.FutureTask.get(FutureTask.java:192)
	at org.apache.ratis.server.impl.LeaderElection.waitForResults(LeaderElection.java:259)
	at org.apache.ratis.server.impl.LeaderElection.askForVotes(LeaderElection.java:197)
	at org.apache.ratis.server.impl.LeaderElection.run(LeaderElection.java:133)
	at java.lang.Thread.run(Thread.java:748)
Caused by: org.apache.ratis.thirdparty.io.grpc.StatusRuntimeException: UNAVAILABLE: io exception
	at org.apache.ratis.thirdparty.io.grpc.stub.ClientCalls.toStatusRuntimeException(ClientCalls.java:233)
	at org.apache.ratis.thirdparty.io.grpc.stub.ClientCalls.getUnchecked(ClientCalls.java:214)
	at org.apache.ratis.thirdparty.io.grpc.stub.ClientCalls.blockingUnaryCall(ClientCalls.java:139)
	at org.apache.ratis.proto.grpc.RaftServerProtocolServiceGrpc$RaftServerProtocolServiceBlockingStub.requestVote(RaftServerProtocolServiceGrpc.java:265)
	at org.apache.ratis.grpc.server.GrpcServerProtocolClient.requestVote(GrpcServerProtocolClient.java:99)
	at org.apache.ratis.grpc.server.GrpcService.requestVote(GrpcService.java:204)
	at org.apache.ratis.server.impl.LeaderElection.lambda$submitRequests$1(LeaderElection.java:234)
	at java.util.concurrent.FutureTask.run(FutureTask.java:266)
	at java.util.concurrent.Executors$RunnableAdapter.call(Executors.java:511)
	at java.util.concurrent.FutureTask.run(FutureTask.java:266)
	at java.util.concurrent.ThreadPoolExecutor.runWorker(ThreadPoolExecutor.java:1149)
	at java.util.concurrent.ThreadPoolExecutor$Worker.run(ThreadPoolExecutor.java:624)
	... 1 more
Caused by: org.apache.ratis.thirdparty.io.netty.channel.AbstractChannel$AnnotatedConnectException: Connection refused: /192.168.69.118:39205
	at sun.nio.ch.SocketChannelImpl.checkConnect(Native Method)
	at sun.nio.ch.SocketChannelImpl.finishConnect(SocketChannelImpl.java:717)
	at org.apache.ratis.thirdparty.io.netty.channel.socket.nio.NioSocketChannel.doFinishConnect(NioSocketChannel.java:327)
	at org.apache.ratis.thirdparty.io.netty.channel.nio.AbstractNioChannel$AbstractNioUnsafe.finishConnect(AbstractNioChannel.java:340)
	at org.apache.ratis.thirdparty.io.netty.channel.nio.NioEventLoop.processSelectedKey(NioEventLoop.java:632)
	at org.apache.ratis.thirdparty.io.netty.channel.nio.NioEventLoop.processSelectedKeysOptimized(NioEventLoop.java:579)
	at org.apache.ratis.thirdparty.io.netty.channel.nio.NioEventLoop.processSelectedKeys(NioEventLoop.java:496)
	at org.apache.ratis.thirdparty.io.netty.channel.nio.NioEventLoop.run(NioEventLoop.java:458)
	at org.apache.ratis.thirdparty.io.netty.util.concurrent.SingleThreadEventExecutor$5.run(SingleThreadEventExecutor.java:897)
	at org.apache.ratis.thirdparty.io.netty.util.concurrent.FastThreadLocalRunnable.run(FastThreadLocalRunnable.java:30)
	... 1 more
Caused by: java.net.ConnectException: Connection refused
	... 11 more
2019-10-23 12:13:44,052 [ad4d83c7-0f96-47bc-a4e8-7e5d9f844896@group-24C785E9A0FC-LeaderElection204] INFO  impl.RaftServerImpl (RaftServerImpl.java:setRole(184)) - ad4d83c7-0f96-47bc-a4e8-7e5d9f844896@group-24C785E9A0FC: changes role from CANDIDATE to FOLLOWER at term 203 for DISCOVERED_A_NEW_TERM
2019-10-23 12:13:44,053 [ad4d83c7-0f96-47bc-a4e8-7e5d9f844896@group-24C785E9A0FC-LeaderElection204] INFO  impl.RoleInfo (RoleInfo.java:shutdownLeaderElection(134)) - ad4d83c7-0f96-47bc-a4e8-7e5d9f844896: shutdown LeaderElection
2019-10-23 12:13:44,053 [ForkJoinPool.commonPool-worker-0] INFO  server.AbstractConnector (AbstractConnector.java:doStop(318)) - Stopped ServerConnector@588f63c{HTTP/1.1,[http/1.1]}{0.0.0.0:0}
2019-10-23 12:13:44,053 [ad4d83c7-0f96-47bc-a4e8-7e5d9f844896@group-24C785E9A0FC-LeaderElection204] INFO  impl.RoleInfo (RoleInfo.java:updateAndGet(143)) - ad4d83c7-0f96-47bc-a4e8-7e5d9f844896: start FollowerState
2019-10-23 12:13:44,054 [ForkJoinPool.commonPool-worker-0] INFO  handler.ContextHandler (ContextHandler.java:doStop(910)) - Stopped o.e.j.s.ServletContextHandler@712cfb63{/static,jar:file:/home/user/.m2/repository/org/apache/hadoop/hadoop-hdds-container-service/0.5.0-SNAPSHOT/hadoop-hdds-container-service-0.5.0-SNAPSHOT.jar!/webapps/static,UNAVAILABLE}
2019-10-23 12:13:44,055 [ForkJoinPool.commonPool-worker-0] INFO  handler.ContextHandler (ContextHandler.java:doStop(910)) - Stopped o.e.j.s.ServletContextHandler@726aa968{/logs,file:///workdir/hadoop-ozone/integration-test/target/log,UNAVAILABLE}
2019-10-23 12:13:44,226 [Thread-1819] INFO  impl.FollowerState (FollowerState.java:run(108)) - ad4d83c7-0f96-47bc-a4e8-7e5d9f844896@group-24C785E9A0FC-FollowerState: change to CANDIDATE, lastRpcTime:173ms, electionTimeout:172ms
2019-10-23 12:13:44,226 [Thread-1819] INFO  impl.RoleInfo (RoleInfo.java:shutdownFollowerState(121)) - ad4d83c7-0f96-47bc-a4e8-7e5d9f844896: shutdown FollowerState
2019-10-23 12:13:44,226 [Thread-1819] INFO  impl.RaftServerImpl (RaftServerImpl.java:setRole(184)) - ad4d83c7-0f96-47bc-a4e8-7e5d9f844896@group-24C785E9A0FC: changes role from  FOLLOWER to CANDIDATE at term 203 for changeToCandidate
2019-10-23 12:13:44,226 [Thread-1819] INFO  impl.RoleInfo (RoleInfo.java:updateAndGet(143)) - ad4d83c7-0f96-47bc-a4e8-7e5d9f844896: start LeaderElection
2019-10-23 12:13:44,240 [ad4d83c7-0f96-47bc-a4e8-7e5d9f844896@group-24C785E9A0FC-LeaderElection205] INFO  impl.LeaderElection (LeaderElection.java:askForVotes(178)) - ad4d83c7-0f96-47bc-a4e8-7e5d9f844896@group-24C785E9A0FC-LeaderElection205: begin an election at term 204 for -1: [3b749b59-de2a-419b-9a26-261692f5c83c:192.168.69.118:39205, ad4d83c7-0f96-47bc-a4e8-7e5d9f844896:192.168.69.118:41688, 02863277-f564-4bc6-8337-fb22627f6f1a:192.168.69.118:36850], old=null
2019-10-23 12:13:44,241 [ad4d83c7-0f96-47bc-a4e8-7e5d9f844896@group-24C785E9A0FC-LeaderElection205] INFO  impl.LeaderElection (LogUtils.java:infoOrTrace(149)) - ad4d83c7-0f96-47bc-a4e8-7e5d9f844896@group-24C785E9A0FC-LeaderElection205 got exception when requesting votes: {}
java.util.concurrent.ExecutionException: org.apache.ratis.thirdparty.io.grpc.StatusRuntimeException: UNAVAILABLE: io exception
	at java.util.concurrent.FutureTask.report(FutureTask.java:122)
	at java.util.concurrent.FutureTask.get(FutureTask.java:192)
	at org.apache.ratis.server.impl.LeaderElection.waitForResults(LeaderElection.java:259)
	at org.apache.ratis.server.impl.LeaderElection.askForVotes(LeaderElection.java:197)
	at org.apache.ratis.server.impl.LeaderElection.run(LeaderElection.java:133)
	at java.lang.Thread.run(Thread.java:748)
Caused by: org.apache.ratis.thirdparty.io.grpc.StatusRuntimeException: UNAVAILABLE: io exception
	at org.apache.ratis.thirdparty.io.grpc.stub.ClientCalls.toStatusRuntimeException(ClientCalls.java:233)
	at org.apache.ratis.thirdparty.io.grpc.stub.ClientCalls.getUnchecked(ClientCalls.java:214)
	at org.apache.ratis.thirdparty.io.grpc.stub.ClientCalls.blockingUnaryCall(ClientCalls.java:139)
	at org.apache.ratis.proto.grpc.RaftServerProtocolServiceGrpc$RaftServerProtocolServiceBlockingStub.requestVote(RaftServerProtocolServiceGrpc.java:265)
	at org.apache.ratis.grpc.server.GrpcServerProtocolClient.requestVote(GrpcServerProtocolClient.java:99)
	at org.apache.ratis.grpc.server.GrpcService.requestVote(GrpcService.java:204)
	at org.apache.ratis.server.impl.LeaderElection.lambda$submitRequests$1(LeaderElection.java:234)
	at java.util.concurrent.FutureTask.run(FutureTask.java:266)
	at java.util.concurrent.Executors$RunnableAdapter.call(Executors.java:511)
	at java.util.concurrent.FutureTask.run(FutureTask.java:266)
	at java.util.concurrent.ThreadPoolExecutor.runWorker(ThreadPoolExecutor.java:1149)
	at java.util.concurrent.ThreadPoolExecutor$Worker.run(ThreadPoolExecutor.java:624)
	... 1 more
Caused by: org.apache.ratis.thirdparty.io.netty.channel.AbstractChannel$AnnotatedConnectException: Connection refused: /192.168.69.118:39205
	at sun.nio.ch.SocketChannelImpl.checkConnect(Native Method)
	at sun.nio.ch.SocketChannelImpl.finishConnect(SocketChannelImpl.java:717)
	at org.apache.ratis.thirdparty.io.netty.channel.socket.nio.NioSocketChannel.doFinishConnect(NioSocketChannel.java:327)
	at org.apache.ratis.thirdparty.io.netty.channel.nio.AbstractNioChannel$AbstractNioUnsafe.finishConnect(AbstractNioChannel.java:340)
	at org.apache.ratis.thirdparty.io.netty.channel.nio.NioEventLoop.processSelectedKey(NioEventLoop.java:632)
	at org.apache.ratis.thirdparty.io.netty.channel.nio.NioEventLoop.processSelectedKeysOptimized(NioEventLoop.java:579)
	at org.apache.ratis.thirdparty.io.netty.channel.nio.NioEventLoop.processSelectedKeys(NioEventLoop.java:496)
	at org.apache.ratis.thirdparty.io.netty.channel.nio.NioEventLoop.run(NioEventLoop.java:458)
	at org.apache.ratis.thirdparty.io.netty.util.concurrent.SingleThreadEventExecutor$5.run(SingleThreadEventExecutor.java:897)
	at org.apache.ratis.thirdparty.io.netty.util.concurrent.FastThreadLocalRunnable.run(FastThreadLocalRunnable.java:30)
	... 1 more
Caused by: java.net.ConnectException: Connection refused
	... 11 more
2019-10-23 12:13:44,242 [grpc-default-executor-4] INFO  impl.RaftServerImpl (RaftServerImpl.java:setRole(184)) - 02863277-f564-4bc6-8337-fb22627f6f1a@group-24C785E9A0FC: changes role from  FOLLOWER to FOLLOWER at term 204 for recognizeCandidate:ad4d83c7-0f96-47bc-a4e8-7e5d9f844896
2019-10-23 12:13:44,242 [grpc-default-executor-4] INFO  impl.RoleInfo (RoleInfo.java:shutdownFollowerState(121)) - 02863277-f564-4bc6-8337-fb22627f6f1a: shutdown FollowerState
2019-10-23 12:13:44,242 [grpc-default-executor-4] INFO  impl.RoleInfo (RoleInfo.java:updateAndGet(143)) - 02863277-f564-4bc6-8337-fb22627f6f1a: start FollowerState
2019-10-23 12:13:44,242 [Thread-1818] INFO  impl.FollowerState (FollowerState.java:run(117)) - 02863277-f564-4bc6-8337-fb22627f6f1a@group-24C785E9A0FC-FollowerState was interrupted: java.lang.InterruptedException: sleep interrupted
2019-10-23 12:13:44,256 [ad4d83c7-0f96-47bc-a4e8-7e5d9f844896@group-24C785E9A0FC-LeaderElection205] INFO  impl.LeaderElection (LeaderElection.java:logAndReturn(56)) - ad4d83c7-0f96-47bc-a4e8-7e5d9f844896@group-24C785E9A0FC-LeaderElection205: Election REJECTED; received 1 response(s) [ad4d83c7-0f96-47bc-a4e8-7e5d9f844896<-02863277-f564-4bc6-8337-fb22627f6f1a#0:FAIL-t204] and 1 exception(s); ad4d83c7-0f96-47bc-a4e8-7e5d9f844896@group-24C785E9A0FC:t204, leader=null, voted=ad4d83c7-0f96-47bc-a4e8-7e5d9f844896, raftlog=ad4d83c7-0f96-47bc-a4e8-7e5d9f844896@group-24C785E9A0FC-SegmentedRaftLog:OPENED:c-1,f-1,i0, conf=-1: [3b749b59-de2a-419b-9a26-261692f5c83c:192.168.69.118:39205, ad4d83c7-0f96-47bc-a4e8-7e5d9f844896:192.168.69.118:41688, 02863277-f564-4bc6-8337-fb22627f6f1a:192.168.69.118:36850], old=null
2019-10-23 12:13:44,256 [ad4d83c7-0f96-47bc-a4e8-7e5d9f844896@group-24C785E9A0FC-LeaderElection205] INFO  impl.LeaderElection (LogUtils.java:infoOrTrace(149)) -   Exception 0: {}
java.util.concurrent.ExecutionException: org.apache.ratis.thirdparty.io.grpc.StatusRuntimeException: UNAVAILABLE: io exception
	at java.util.concurrent.FutureTask.report(FutureTask.java:122)
	at java.util.concurrent.FutureTask.get(FutureTask.java:192)
	at org.apache.ratis.server.impl.LeaderElection.waitForResults(LeaderElection.java:259)
	at org.apache.ratis.server.impl.LeaderElection.askForVotes(LeaderElection.java:197)
	at org.apache.ratis.server.impl.LeaderElection.run(LeaderElection.java:133)
	at java.lang.Thread.run(Thread.java:748)
Caused by: org.apache.ratis.thirdparty.io.grpc.StatusRuntimeException: UNAVAILABLE: io exception
	at org.apache.ratis.thirdparty.io.grpc.stub.ClientCalls.toStatusRuntimeException(ClientCalls.java:233)
	at org.apache.ratis.thirdparty.io.grpc.stub.ClientCalls.getUnchecked(ClientCalls.java:214)
	at org.apache.ratis.thirdparty.io.grpc.stub.ClientCalls.blockingUnaryCall(ClientCalls.java:139)
	at org.apache.ratis.proto.grpc.RaftServerProtocolServiceGrpc$RaftServerProtocolServiceBlockingStub.requestVote(RaftServerProtocolServiceGrpc.java:265)
	at org.apache.ratis.grpc.server.GrpcServerProtocolClient.requestVote(GrpcServerProtocolClient.java:99)
	at org.apache.ratis.grpc.server.GrpcService.requestVote(GrpcService.java:204)
	at org.apache.ratis.server.impl.LeaderElection.lambda$submitRequests$1(LeaderElection.java:234)
	at java.util.concurrent.FutureTask.run(FutureTask.java:266)
	at java.util.concurrent.Executors$RunnableAdapter.call(Executors.java:511)
	at java.util.concurrent.FutureTask.run(FutureTask.java:266)
	at java.util.concurrent.ThreadPoolExecutor.runWorker(ThreadPoolExecutor.java:1149)
	at java.util.concurrent.ThreadPoolExecutor$Worker.run(ThreadPoolExecutor.java:624)
	... 1 more
Caused by: org.apache.ratis.thirdparty.io.netty.channel.AbstractChannel$AnnotatedConnectException: Connection refused: /192.168.69.118:39205
	at sun.nio.ch.SocketChannelImpl.checkConnect(Native Method)
	at sun.nio.ch.SocketChannelImpl.finishConnect(SocketChannelImpl.java:717)
	at org.apache.ratis.thirdparty.io.netty.channel.socket.nio.NioSocketChannel.doFinishConnect(NioSocketChannel.java:327)
	at org.apache.ratis.thirdparty.io.netty.channel.nio.AbstractNioChannel$AbstractNioUnsafe.finishConnect(AbstractNioChannel.java:340)
	at org.apache.ratis.thirdparty.io.netty.channel.nio.NioEventLoop.processSelectedKey(NioEventLoop.java:632)
	at org.apache.ratis.thirdparty.io.netty.channel.nio.NioEventLoop.processSelectedKeysOptimized(NioEventLoop.java:579)
	at org.apache.ratis.thirdparty.io.netty.channel.nio.NioEventLoop.processSelectedKeys(NioEventLoop.java:496)
	at org.apache.ratis.thirdparty.io.netty.channel.nio.NioEventLoop.run(NioEventLoop.java:458)
	at org.apache.ratis.thirdparty.io.netty.util.concurrent.SingleThreadEventExecutor$5.run(SingleThreadEventExecutor.java:897)
	at org.apache.ratis.thirdparty.io.netty.util.concurrent.FastThreadLocalRunnable.run(FastThreadLocalRunnable.java:30)
	... 1 more
Caused by: java.net.ConnectException: Connection refused
	... 11 more
2019-10-23 12:13:44,257 [ad4d83c7-0f96-47bc-a4e8-7e5d9f844896@group-24C785E9A0FC-LeaderElection205] INFO  impl.RaftServerImpl (RaftServerImpl.java:setRole(184)) - ad4d83c7-0f96-47bc-a4e8-7e5d9f844896@group-24C785E9A0FC: changes role from CANDIDATE to FOLLOWER at term 204 for DISCOVERED_A_NEW_TERM
2019-10-23 12:13:44,257 [ad4d83c7-0f96-47bc-a4e8-7e5d9f844896@group-24C785E9A0FC-LeaderElection205] INFO  impl.RoleInfo (RoleInfo.java:shutdownLeaderElection(134)) - ad4d83c7-0f96-47bc-a4e8-7e5d9f844896: shutdown LeaderElection
2019-10-23 12:13:44,257 [ad4d83c7-0f96-47bc-a4e8-7e5d9f844896@group-24C785E9A0FC-LeaderElection205] INFO  impl.RoleInfo (RoleInfo.java:updateAndGet(143)) - ad4d83c7-0f96-47bc-a4e8-7e5d9f844896: start FollowerState
2019-10-23 12:13:44,443 [Thread-1824] INFO  impl.FollowerState (FollowerState.java:run(108)) - ad4d83c7-0f96-47bc-a4e8-7e5d9f844896@group-24C785E9A0FC-FollowerState: change to CANDIDATE, lastRpcTime:186ms, electionTimeout:186ms
2019-10-23 12:13:44,443 [Thread-1824] INFO  impl.RoleInfo (RoleInfo.java:shutdownFollowerState(121)) - ad4d83c7-0f96-47bc-a4e8-7e5d9f844896: shutdown FollowerState
2019-10-23 12:13:44,444 [Thread-1824] INFO  impl.RaftServerImpl (RaftServerImpl.java:setRole(184)) - ad4d83c7-0f96-47bc-a4e8-7e5d9f844896@group-24C785E9A0FC: changes role from  FOLLOWER to CANDIDATE at term 204 for changeToCandidate
2019-10-23 12:13:44,444 [Thread-1824] INFO  impl.RoleInfo (RoleInfo.java:updateAndGet(143)) - ad4d83c7-0f96-47bc-a4e8-7e5d9f844896: start LeaderElection
2019-10-23 12:13:44,458 [ad4d83c7-0f96-47bc-a4e8-7e5d9f844896@group-24C785E9A0FC-LeaderElection206] INFO  impl.LeaderElection (LeaderElection.java:askForVotes(178)) - ad4d83c7-0f96-47bc-a4e8-7e5d9f844896@group-24C785E9A0FC-LeaderElection206: begin an election at term 205 for -1: [3b749b59-de2a-419b-9a26-261692f5c83c:192.168.69.118:39205, ad4d83c7-0f96-47bc-a4e8-7e5d9f844896:192.168.69.118:41688, 02863277-f564-4bc6-8337-fb22627f6f1a:192.168.69.118:36850], old=null
2019-10-23 12:13:44,459 [ad4d83c7-0f96-47bc-a4e8-7e5d9f844896@group-24C785E9A0FC-LeaderElection206] INFO  impl.LeaderElection (LogUtils.java:infoOrTrace(149)) - ad4d83c7-0f96-47bc-a4e8-7e5d9f844896@group-24C785E9A0FC-LeaderElection206 got exception when requesting votes: {}
java.util.concurrent.ExecutionException: org.apache.ratis.thirdparty.io.grpc.StatusRuntimeException: UNAVAILABLE: io exception
	at java.util.concurrent.FutureTask.report(FutureTask.java:122)
	at java.util.concurrent.FutureTask.get(FutureTask.java:192)
	at org.apache.ratis.server.impl.LeaderElection.waitForResults(LeaderElection.java:259)
	at org.apache.ratis.server.impl.LeaderElection.askForVotes(LeaderElection.java:197)
	at org.apache.ratis.server.impl.LeaderElection.run(LeaderElection.java:133)
	at java.lang.Thread.run(Thread.java:748)
Caused by: org.apache.ratis.thirdparty.io.grpc.StatusRuntimeException: UNAVAILABLE: io exception
	at org.apache.ratis.thirdparty.io.grpc.stub.ClientCalls.toStatusRuntimeException(ClientCalls.java:233)
	at org.apache.ratis.thirdparty.io.grpc.stub.ClientCalls.getUnchecked(ClientCalls.java:214)
	at org.apache.ratis.thirdparty.io.grpc.stub.ClientCalls.blockingUnaryCall(ClientCalls.java:139)
	at org.apache.ratis.proto.grpc.RaftServerProtocolServiceGrpc$RaftServerProtocolServiceBlockingStub.requestVote(RaftServerProtocolServiceGrpc.java:265)
	at org.apache.ratis.grpc.server.GrpcServerProtocolClient.requestVote(GrpcServerProtocolClient.java:99)
	at org.apache.ratis.grpc.server.GrpcService.requestVote(GrpcService.java:204)
	at org.apache.ratis.server.impl.LeaderElection.lambda$submitRequests$1(LeaderElection.java:234)
	at java.util.concurrent.FutureTask.run(FutureTask.java:266)
	at java.util.concurrent.Executors$RunnableAdapter.call(Executors.java:511)
	at java.util.concurrent.FutureTask.run(FutureTask.java:266)
	at java.util.concurrent.ThreadPoolExecutor.runWorker(ThreadPoolExecutor.java:1149)
	at java.util.concurrent.ThreadPoolExecutor$Worker.run(ThreadPoolExecutor.java:624)
	... 1 more
Caused by: org.apache.ratis.thirdparty.io.netty.channel.AbstractChannel$AnnotatedConnectException: Connection refused: /192.168.69.118:39205
	at sun.nio.ch.SocketChannelImpl.checkConnect(Native Method)
	at sun.nio.ch.SocketChannelImpl.finishConnect(SocketChannelImpl.java:717)
	at org.apache.ratis.thirdparty.io.netty.channel.socket.nio.NioSocketChannel.doFinishConnect(NioSocketChannel.java:327)
	at org.apache.ratis.thirdparty.io.netty.channel.nio.AbstractNioChannel$AbstractNioUnsafe.finishConnect(AbstractNioChannel.java:340)
	at org.apache.ratis.thirdparty.io.netty.channel.nio.NioEventLoop.processSelectedKey(NioEventLoop.java:632)
	at org.apache.ratis.thirdparty.io.netty.channel.nio.NioEventLoop.processSelectedKeysOptimized(NioEventLoop.java:579)
	at org.apache.ratis.thirdparty.io.netty.channel.nio.NioEventLoop.processSelectedKeys(NioEventLoop.java:496)
	at org.apache.ratis.thirdparty.io.netty.channel.nio.NioEventLoop.run(NioEventLoop.java:458)
	at org.apache.ratis.thirdparty.io.netty.util.concurrent.SingleThreadEventExecutor$5.run(SingleThreadEventExecutor.java:897)
	at org.apache.ratis.thirdparty.io.netty.util.concurrent.FastThreadLocalRunnable.run(FastThreadLocalRunnable.java:30)
	... 1 more
Caused by: java.net.ConnectException: Connection refused
	... 11 more
2019-10-23 12:13:44,460 [grpc-default-executor-4] INFO  impl.RaftServerImpl (RaftServerImpl.java:setRole(184)) - 02863277-f564-4bc6-8337-fb22627f6f1a@group-24C785E9A0FC: changes role from  FOLLOWER to FOLLOWER at term 205 for recognizeCandidate:ad4d83c7-0f96-47bc-a4e8-7e5d9f844896
2019-10-23 12:13:44,460 [grpc-default-executor-4] INFO  impl.RoleInfo (RoleInfo.java:shutdownFollowerState(121)) - 02863277-f564-4bc6-8337-fb22627f6f1a: shutdown FollowerState
2019-10-23 12:13:44,461 [grpc-default-executor-4] INFO  impl.RoleInfo (RoleInfo.java:updateAndGet(143)) - 02863277-f564-4bc6-8337-fb22627f6f1a: start FollowerState
2019-10-23 12:13:44,461 [Thread-1823] INFO  impl.FollowerState (FollowerState.java:run(117)) - 02863277-f564-4bc6-8337-fb22627f6f1a@group-24C785E9A0FC-FollowerState was interrupted: java.lang.InterruptedException: sleep interrupted
2019-10-23 12:13:44,475 [ad4d83c7-0f96-47bc-a4e8-7e5d9f844896@group-24C785E9A0FC-LeaderElection206] INFO  impl.LeaderElection (LeaderElection.java:logAndReturn(56)) - ad4d83c7-0f96-47bc-a4e8-7e5d9f844896@group-24C785E9A0FC-LeaderElection206: Election REJECTED; received 1 response(s) [ad4d83c7-0f96-47bc-a4e8-7e5d9f844896<-02863277-f564-4bc6-8337-fb22627f6f1a#0:FAIL-t205] and 1 exception(s); ad4d83c7-0f96-47bc-a4e8-7e5d9f844896@group-24C785E9A0FC:t205, leader=null, voted=ad4d83c7-0f96-47bc-a4e8-7e5d9f844896, raftlog=ad4d83c7-0f96-47bc-a4e8-7e5d9f844896@group-24C785E9A0FC-SegmentedRaftLog:OPENED:c-1,f-1,i0, conf=-1: [3b749b59-de2a-419b-9a26-261692f5c83c:192.168.69.118:39205, ad4d83c7-0f96-47bc-a4e8-7e5d9f844896:192.168.69.118:41688, 02863277-f564-4bc6-8337-fb22627f6f1a:192.168.69.118:36850], old=null
2019-10-23 12:13:44,475 [ad4d83c7-0f96-47bc-a4e8-7e5d9f844896@group-24C785E9A0FC-LeaderElection206] INFO  impl.LeaderElection (LogUtils.java:infoOrTrace(149)) -   Exception 0: {}
java.util.concurrent.ExecutionException: org.apache.ratis.thirdparty.io.grpc.StatusRuntimeException: UNAVAILABLE: io exception
	at java.util.concurrent.FutureTask.report(FutureTask.java:122)
	at java.util.concurrent.FutureTask.get(FutureTask.java:192)
	at org.apache.ratis.server.impl.LeaderElection.waitForResults(LeaderElection.java:259)
	at org.apache.ratis.server.impl.LeaderElection.askForVotes(LeaderElection.java:197)
	at org.apache.ratis.server.impl.LeaderElection.run(LeaderElection.java:133)
	at java.lang.Thread.run(Thread.java:748)
Caused by: org.apache.ratis.thirdparty.io.grpc.StatusRuntimeException: UNAVAILABLE: io exception
	at org.apache.ratis.thirdparty.io.grpc.stub.ClientCalls.toStatusRuntimeException(ClientCalls.java:233)
	at org.apache.ratis.thirdparty.io.grpc.stub.ClientCalls.getUnchecked(ClientCalls.java:214)
	at org.apache.ratis.thirdparty.io.grpc.stub.ClientCalls.blockingUnaryCall(ClientCalls.java:139)
	at org.apache.ratis.proto.grpc.RaftServerProtocolServiceGrpc$RaftServerProtocolServiceBlockingStub.requestVote(RaftServerProtocolServiceGrpc.java:265)
	at org.apache.ratis.grpc.server.GrpcServerProtocolClient.requestVote(GrpcServerProtocolClient.java:99)
	at org.apache.ratis.grpc.server.GrpcService.requestVote(GrpcService.java:204)
	at org.apache.ratis.server.impl.LeaderElection.lambda$submitRequests$1(LeaderElection.java:234)
	at java.util.concurrent.FutureTask.run(FutureTask.java:266)
	at java.util.concurrent.Executors$RunnableAdapter.call(Executors.java:511)
	at java.util.concurrent.FutureTask.run(FutureTask.java:266)
	at java.util.concurrent.ThreadPoolExecutor.runWorker(ThreadPoolExecutor.java:1149)
	at java.util.concurrent.ThreadPoolExecutor$Worker.run(ThreadPoolExecutor.java:624)
	... 1 more
Caused by: org.apache.ratis.thirdparty.io.netty.channel.AbstractChannel$AnnotatedConnectException: Connection refused: /192.168.69.118:39205
	at sun.nio.ch.SocketChannelImpl.checkConnect(Native Method)
	at sun.nio.ch.SocketChannelImpl.finishConnect(SocketChannelImpl.java:717)
	at org.apache.ratis.thirdparty.io.netty.channel.socket.nio.NioSocketChannel.doFinishConnect(NioSocketChannel.java:327)
	at org.apache.ratis.thirdparty.io.netty.channel.nio.AbstractNioChannel$AbstractNioUnsafe.finishConnect(AbstractNioChannel.java:340)
	at org.apache.ratis.thirdparty.io.netty.channel.nio.NioEventLoop.processSelectedKey(NioEventLoop.java:632)
	at org.apache.ratis.thirdparty.io.netty.channel.nio.NioEventLoop.processSelectedKeysOptimized(NioEventLoop.java:579)
	at org.apache.ratis.thirdparty.io.netty.channel.nio.NioEventLoop.processSelectedKeys(NioEventLoop.java:496)
	at org.apache.ratis.thirdparty.io.netty.channel.nio.NioEventLoop.run(NioEventLoop.java:458)
	at org.apache.ratis.thirdparty.io.netty.util.concurrent.SingleThreadEventExecutor$5.run(SingleThreadEventExecutor.java:897)
	at org.apache.ratis.thirdparty.io.netty.util.concurrent.FastThreadLocalRunnable.run(FastThreadLocalRunnable.java:30)
	... 1 more
Caused by: java.net.ConnectException: Connection refused
	... 11 more
2019-10-23 12:13:44,476 [ad4d83c7-0f96-47bc-a4e8-7e5d9f844896@group-24C785E9A0FC-LeaderElection206] INFO  impl.RaftServerImpl (RaftServerImpl.java:setRole(184)) - ad4d83c7-0f96-47bc-a4e8-7e5d9f844896@group-24C785E9A0FC: changes role from CANDIDATE to FOLLOWER at term 205 for DISCOVERED_A_NEW_TERM
2019-10-23 12:13:44,476 [ad4d83c7-0f96-47bc-a4e8-7e5d9f844896@group-24C785E9A0FC-LeaderElection206] INFO  impl.RoleInfo (RoleInfo.java:shutdownLeaderElection(134)) - ad4d83c7-0f96-47bc-a4e8-7e5d9f844896: shutdown LeaderElection
2019-10-23 12:13:44,476 [ad4d83c7-0f96-47bc-a4e8-7e5d9f844896@group-24C785E9A0FC-LeaderElection206] INFO  impl.RoleInfo (RoleInfo.java:updateAndGet(143)) - ad4d83c7-0f96-47bc-a4e8-7e5d9f844896: start FollowerState
2019-10-23 12:13:44,522 [Datanode State Machine Thread - 0] INFO  statemachine.DatanodeStateMachine (DatanodeStateMachine.java:lambda$startDaemon$0(350)) - Ozone container server started.
2019-10-23 12:13:44,523 [Datanode State Machine Thread - 0] INFO  statemachine.DatanodeStateMachine (DatanodeStateMachine.java:lambda$startDaemon$0(350)) - Ozone container server started.
2019-10-23 12:13:44,633 [Thread-1829] INFO  impl.FollowerState (FollowerState.java:run(108)) - ad4d83c7-0f96-47bc-a4e8-7e5d9f844896@group-24C785E9A0FC-FollowerState: change to CANDIDATE, lastRpcTime:157ms, electionTimeout:157ms
2019-10-23 12:13:44,634 [Thread-1829] INFO  impl.RoleInfo (RoleInfo.java:shutdownFollowerState(121)) - ad4d83c7-0f96-47bc-a4e8-7e5d9f844896: shutdown FollowerState
2019-10-23 12:13:44,634 [Thread-1829] INFO  impl.RaftServerImpl (RaftServerImpl.java:setRole(184)) - ad4d83c7-0f96-47bc-a4e8-7e5d9f844896@group-24C785E9A0FC: changes role from  FOLLOWER to CANDIDATE at term 205 for changeToCandidate
2019-10-23 12:13:44,634 [Thread-1829] INFO  impl.RoleInfo (RoleInfo.java:updateAndGet(143)) - ad4d83c7-0f96-47bc-a4e8-7e5d9f844896: start LeaderElection
2019-10-23 12:13:44,648 [ad4d83c7-0f96-47bc-a4e8-7e5d9f844896@group-24C785E9A0FC-LeaderElection207] INFO  impl.LeaderElection (LeaderElection.java:askForVotes(178)) - ad4d83c7-0f96-47bc-a4e8-7e5d9f844896@group-24C785E9A0FC-LeaderElection207: begin an election at term 206 for -1: [3b749b59-de2a-419b-9a26-261692f5c83c:192.168.69.118:39205, ad4d83c7-0f96-47bc-a4e8-7e5d9f844896:192.168.69.118:41688, 02863277-f564-4bc6-8337-fb22627f6f1a:192.168.69.118:36850], old=null
2019-10-23 12:13:44,649 [ad4d83c7-0f96-47bc-a4e8-7e5d9f844896@group-24C785E9A0FC-LeaderElection207] INFO  impl.LeaderElection (LogUtils.java:infoOrTrace(149)) - ad4d83c7-0f96-47bc-a4e8-7e5d9f844896@group-24C785E9A0FC-LeaderElection207 got exception when requesting votes: {}
java.util.concurrent.ExecutionException: org.apache.ratis.thirdparty.io.grpc.StatusRuntimeException: UNAVAILABLE: io exception
	at java.util.concurrent.FutureTask.report(FutureTask.java:122)
	at java.util.concurrent.FutureTask.get(FutureTask.java:192)
	at org.apache.ratis.server.impl.LeaderElection.waitForResults(LeaderElection.java:259)
	at org.apache.ratis.server.impl.LeaderElection.askForVotes(LeaderElection.java:197)
	at org.apache.ratis.server.impl.LeaderElection.run(LeaderElection.java:133)
	at java.lang.Thread.run(Thread.java:748)
Caused by: org.apache.ratis.thirdparty.io.grpc.StatusRuntimeException: UNAVAILABLE: io exception
	at org.apache.ratis.thirdparty.io.grpc.stub.ClientCalls.toStatusRuntimeException(ClientCalls.java:233)
	at org.apache.ratis.thirdparty.io.grpc.stub.ClientCalls.getUnchecked(ClientCalls.java:214)
	at org.apache.ratis.thirdparty.io.grpc.stub.ClientCalls.blockingUnaryCall(ClientCalls.java:139)
	at org.apache.ratis.proto.grpc.RaftServerProtocolServiceGrpc$RaftServerProtocolServiceBlockingStub.requestVote(RaftServerProtocolServiceGrpc.java:265)
	at org.apache.ratis.grpc.server.GrpcServerProtocolClient.requestVote(GrpcServerProtocolClient.java:99)
	at org.apache.ratis.grpc.server.GrpcService.requestVote(GrpcService.java:204)
	at org.apache.ratis.server.impl.LeaderElection.lambda$submitRequests$1(LeaderElection.java:234)
	at java.util.concurrent.FutureTask.run(FutureTask.java:266)
	at java.util.concurrent.Executors$RunnableAdapter.call(Executors.java:511)
	at java.util.concurrent.FutureTask.run(FutureTask.java:266)
	at java.util.concurrent.ThreadPoolExecutor.runWorker(ThreadPoolExecutor.java:1149)
	at java.util.concurrent.ThreadPoolExecutor$Worker.run(ThreadPoolExecutor.java:624)
	... 1 more
Caused by: org.apache.ratis.thirdparty.io.netty.channel.AbstractChannel$AnnotatedConnectException: Connection refused: /192.168.69.118:39205
	at sun.nio.ch.SocketChannelImpl.checkConnect(Native Method)
	at sun.nio.ch.SocketChannelImpl.finishConnect(SocketChannelImpl.java:717)
	at org.apache.ratis.thirdparty.io.netty.channel.socket.nio.NioSocketChannel.doFinishConnect(NioSocketChannel.java:327)
	at org.apache.ratis.thirdparty.io.netty.channel.nio.AbstractNioChannel$AbstractNioUnsafe.finishConnect(AbstractNioChannel.java:340)
	at org.apache.ratis.thirdparty.io.netty.channel.nio.NioEventLoop.processSelectedKey(NioEventLoop.java:632)
	at org.apache.ratis.thirdparty.io.netty.channel.nio.NioEventLoop.processSelectedKeysOptimized(NioEventLoop.java:579)
	at org.apache.ratis.thirdparty.io.netty.channel.nio.NioEventLoop.processSelectedKeys(NioEventLoop.java:496)
	at org.apache.ratis.thirdparty.io.netty.channel.nio.NioEventLoop.run(NioEventLoop.java:458)
	at org.apache.ratis.thirdparty.io.netty.util.concurrent.SingleThreadEventExecutor$5.run(SingleThreadEventExecutor.java:897)
	at org.apache.ratis.thirdparty.io.netty.util.concurrent.FastThreadLocalRunnable.run(FastThreadLocalRunnable.java:30)
	... 1 more
Caused by: java.net.ConnectException: Connection refused
	... 11 more
2019-10-23 12:13:44,650 [grpc-default-executor-4] INFO  impl.RaftServerImpl (RaftServerImpl.java:setRole(184)) - 02863277-f564-4bc6-8337-fb22627f6f1a@group-24C785E9A0FC: changes role from  FOLLOWER to FOLLOWER at term 206 for recognizeCandidate:ad4d83c7-0f96-47bc-a4e8-7e5d9f844896
2019-10-23 12:13:44,650 [grpc-default-executor-4] INFO  impl.RoleInfo (RoleInfo.java:shutdownFollowerState(121)) - 02863277-f564-4bc6-8337-fb22627f6f1a: shutdown FollowerState
2019-10-23 12:13:44,651 [grpc-default-executor-4] INFO  impl.RoleInfo (RoleInfo.java:updateAndGet(143)) - 02863277-f564-4bc6-8337-fb22627f6f1a: start FollowerState
2019-10-23 12:13:44,651 [Thread-1828] INFO  impl.FollowerState (FollowerState.java:run(117)) - 02863277-f564-4bc6-8337-fb22627f6f1a@group-24C785E9A0FC-FollowerState was interrupted: java.lang.InterruptedException: sleep interrupted
2019-10-23 12:13:44,665 [ad4d83c7-0f96-47bc-a4e8-7e5d9f844896@group-24C785E9A0FC-LeaderElection207] INFO  impl.LeaderElection (LeaderElection.java:logAndReturn(56)) - ad4d83c7-0f96-47bc-a4e8-7e5d9f844896@group-24C785E9A0FC-LeaderElection207: Election REJECTED; received 1 response(s) [ad4d83c7-0f96-47bc-a4e8-7e5d9f844896<-02863277-f564-4bc6-8337-fb22627f6f1a#0:FAIL-t206] and 1 exception(s); ad4d83c7-0f96-47bc-a4e8-7e5d9f844896@group-24C785E9A0FC:t206, leader=null, voted=ad4d83c7-0f96-47bc-a4e8-7e5d9f844896, raftlog=ad4d83c7-0f96-47bc-a4e8-7e5d9f844896@group-24C785E9A0FC-SegmentedRaftLog:OPENED:c-1,f-1,i0, conf=-1: [3b749b59-de2a-419b-9a26-261692f5c83c:192.168.69.118:39205, ad4d83c7-0f96-47bc-a4e8-7e5d9f844896:192.168.69.118:41688, 02863277-f564-4bc6-8337-fb22627f6f1a:192.168.69.118:36850], old=null
2019-10-23 12:13:44,665 [ad4d83c7-0f96-47bc-a4e8-7e5d9f844896@group-24C785E9A0FC-LeaderElection207] INFO  impl.LeaderElection (LogUtils.java:infoOrTrace(149)) -   Exception 0: {}
java.util.concurrent.ExecutionException: org.apache.ratis.thirdparty.io.grpc.StatusRuntimeException: UNAVAILABLE: io exception
	at java.util.concurrent.FutureTask.report(FutureTask.java:122)
	at java.util.concurrent.FutureTask.get(FutureTask.java:192)
	at org.apache.ratis.server.impl.LeaderElection.waitForResults(LeaderElection.java:259)
	at org.apache.ratis.server.impl.LeaderElection.askForVotes(LeaderElection.java:197)
	at org.apache.ratis.server.impl.LeaderElection.run(LeaderElection.java:133)
	at java.lang.Thread.run(Thread.java:748)
Caused by: org.apache.ratis.thirdparty.io.grpc.StatusRuntimeException: UNAVAILABLE: io exception
	at org.apache.ratis.thirdparty.io.grpc.stub.ClientCalls.toStatusRuntimeException(ClientCalls.java:233)
	at org.apache.ratis.thirdparty.io.grpc.stub.ClientCalls.getUnchecked(ClientCalls.java:214)
	at org.apache.ratis.thirdparty.io.grpc.stub.ClientCalls.blockingUnaryCall(ClientCalls.java:139)
	at org.apache.ratis.proto.grpc.RaftServerProtocolServiceGrpc$RaftServerProtocolServiceBlockingStub.requestVote(RaftServerProtocolServiceGrpc.java:265)
	at org.apache.ratis.grpc.server.GrpcServerProtocolClient.requestVote(GrpcServerProtocolClient.java:99)
	at org.apache.ratis.grpc.server.GrpcService.requestVote(GrpcService.java:204)
	at org.apache.ratis.server.impl.LeaderElection.lambda$submitRequests$1(LeaderElection.java:234)
	at java.util.concurrent.FutureTask.run(FutureTask.java:266)
	at java.util.concurrent.Executors$RunnableAdapter.call(Executors.java:511)
	at java.util.concurrent.FutureTask.run(FutureTask.java:266)
	at java.util.concurrent.ThreadPoolExecutor.runWorker(ThreadPoolExecutor.java:1149)
	at java.util.concurrent.ThreadPoolExecutor$Worker.run(ThreadPoolExecutor.java:624)
	... 1 more
Caused by: org.apache.ratis.thirdparty.io.netty.channel.AbstractChannel$AnnotatedConnectException: Connection refused: /192.168.69.118:39205
	at sun.nio.ch.SocketChannelImpl.checkConnect(Native Method)
	at sun.nio.ch.SocketChannelImpl.finishConnect(SocketChannelImpl.java:717)
	at org.apache.ratis.thirdparty.io.netty.channel.socket.nio.NioSocketChannel.doFinishConnect(NioSocketChannel.java:327)
	at org.apache.ratis.thirdparty.io.netty.channel.nio.AbstractNioChannel$AbstractNioUnsafe.finishConnect(AbstractNioChannel.java:340)
	at org.apache.ratis.thirdparty.io.netty.channel.nio.NioEventLoop.processSelectedKey(NioEventLoop.java:632)
	at org.apache.ratis.thirdparty.io.netty.channel.nio.NioEventLoop.processSelectedKeysOptimized(NioEventLoop.java:579)
	at org.apache.ratis.thirdparty.io.netty.channel.nio.NioEventLoop.processSelectedKeys(NioEventLoop.java:496)
	at org.apache.ratis.thirdparty.io.netty.channel.nio.NioEventLoop.run(NioEventLoop.java:458)
	at org.apache.ratis.thirdparty.io.netty.util.concurrent.SingleThreadEventExecutor$5.run(SingleThreadEventExecutor.java:897)
	at org.apache.ratis.thirdparty.io.netty.util.concurrent.FastThreadLocalRunnable.run(FastThreadLocalRunnable.java:30)
	... 1 more
Caused by: java.net.ConnectException: Connection refused
	... 11 more
2019-10-23 12:13:44,666 [ad4d83c7-0f96-47bc-a4e8-7e5d9f844896@group-24C785E9A0FC-LeaderElection207] INFO  impl.RaftServerImpl (RaftServerImpl.java:setRole(184)) - ad4d83c7-0f96-47bc-a4e8-7e5d9f844896@group-24C785E9A0FC: changes role from CANDIDATE to FOLLOWER at term 206 for DISCOVERED_A_NEW_TERM
2019-10-23 12:13:44,666 [ad4d83c7-0f96-47bc-a4e8-7e5d9f844896@group-24C785E9A0FC-LeaderElection207] INFO  impl.RoleInfo (RoleInfo.java:shutdownLeaderElection(134)) - ad4d83c7-0f96-47bc-a4e8-7e5d9f844896: shutdown LeaderElection
2019-10-23 12:13:44,667 [ad4d83c7-0f96-47bc-a4e8-7e5d9f844896@group-24C785E9A0FC-LeaderElection207] INFO  impl.RoleInfo (RoleInfo.java:updateAndGet(143)) - ad4d83c7-0f96-47bc-a4e8-7e5d9f844896: start FollowerState
2019-10-23 12:13:44,714 [Thread-1834] INFO  impl.FollowerState (FollowerState.java:run(108)) - ad4d83c7-0f96-47bc-a4e8-7e5d9f844896@group-24C785E9A0FC-FollowerState: change to CANDIDATE, lastRpcTime:47ms, electionTimeout:47ms
2019-10-23 12:13:44,714 [Thread-1834] INFO  impl.RoleInfo (RoleInfo.java:shutdownFollowerState(121)) - ad4d83c7-0f96-47bc-a4e8-7e5d9f844896: shutdown FollowerState
2019-10-23 12:13:44,715 [Thread-1834] INFO  impl.RaftServerImpl (RaftServerImpl.java:setRole(184)) - ad4d83c7-0f96-47bc-a4e8-7e5d9f844896@group-24C785E9A0FC: changes role from  FOLLOWER to CANDIDATE at term 206 for changeToCandidate
2019-10-23 12:13:44,715 [Thread-1834] INFO  impl.RoleInfo (RoleInfo.java:updateAndGet(143)) - ad4d83c7-0f96-47bc-a4e8-7e5d9f844896: start LeaderElection
2019-10-23 12:13:44,728 [ad4d83c7-0f96-47bc-a4e8-7e5d9f844896@group-24C785E9A0FC-LeaderElection208] INFO  impl.LeaderElection (LeaderElection.java:askForVotes(178)) - ad4d83c7-0f96-47bc-a4e8-7e5d9f844896@group-24C785E9A0FC-LeaderElection208: begin an election at term 207 for -1: [3b749b59-de2a-419b-9a26-261692f5c83c:192.168.69.118:39205, ad4d83c7-0f96-47bc-a4e8-7e5d9f844896:192.168.69.118:41688, 02863277-f564-4bc6-8337-fb22627f6f1a:192.168.69.118:36850], old=null
2019-10-23 12:13:44,729 [ad4d83c7-0f96-47bc-a4e8-7e5d9f844896@group-24C785E9A0FC-LeaderElection208] INFO  impl.LeaderElection (LogUtils.java:infoOrTrace(149)) - ad4d83c7-0f96-47bc-a4e8-7e5d9f844896@group-24C785E9A0FC-LeaderElection208 got exception when requesting votes: {}
java.util.concurrent.ExecutionException: org.apache.ratis.thirdparty.io.grpc.StatusRuntimeException: UNAVAILABLE: io exception
	at java.util.concurrent.FutureTask.report(FutureTask.java:122)
	at java.util.concurrent.FutureTask.get(FutureTask.java:192)
	at org.apache.ratis.server.impl.LeaderElection.waitForResults(LeaderElection.java:259)
	at org.apache.ratis.server.impl.LeaderElection.askForVotes(LeaderElection.java:197)
	at org.apache.ratis.server.impl.LeaderElection.run(LeaderElection.java:133)
	at java.lang.Thread.run(Thread.java:748)
Caused by: org.apache.ratis.thirdparty.io.grpc.StatusRuntimeException: UNAVAILABLE: io exception
	at org.apache.ratis.thirdparty.io.grpc.stub.ClientCalls.toStatusRuntimeException(ClientCalls.java:233)
	at org.apache.ratis.thirdparty.io.grpc.stub.ClientCalls.getUnchecked(ClientCalls.java:214)
	at org.apache.ratis.thirdparty.io.grpc.stub.ClientCalls.blockingUnaryCall(ClientCalls.java:139)
	at org.apache.ratis.proto.grpc.RaftServerProtocolServiceGrpc$RaftServerProtocolServiceBlockingStub.requestVote(RaftServerProtocolServiceGrpc.java:265)
	at org.apache.ratis.grpc.server.GrpcServerProtocolClient.requestVote(GrpcServerProtocolClient.java:99)
	at org.apache.ratis.grpc.server.GrpcService.requestVote(GrpcService.java:204)
	at org.apache.ratis.server.impl.LeaderElection.lambda$submitRequests$1(LeaderElection.java:234)
	at java.util.concurrent.FutureTask.run(FutureTask.java:266)
	at java.util.concurrent.Executors$RunnableAdapter.call(Executors.java:511)
	at java.util.concurrent.FutureTask.run(FutureTask.java:266)
	at java.util.concurrent.ThreadPoolExecutor.runWorker(ThreadPoolExecutor.java:1149)
	at java.util.concurrent.ThreadPoolExecutor$Worker.run(ThreadPoolExecutor.java:624)
	... 1 more
Caused by: org.apache.ratis.thirdparty.io.netty.channel.AbstractChannel$AnnotatedConnectException: Connection refused: /192.168.69.118:39205
	at sun.nio.ch.SocketChannelImpl.checkConnect(Native Method)
	at sun.nio.ch.SocketChannelImpl.finishConnect(SocketChannelImpl.java:717)
	at org.apache.ratis.thirdparty.io.netty.channel.socket.nio.NioSocketChannel.doFinishConnect(NioSocketChannel.java:327)
	at org.apache.ratis.thirdparty.io.netty.channel.nio.AbstractNioChannel$AbstractNioUnsafe.finishConnect(AbstractNioChannel.java:340)
	at org.apache.ratis.thirdparty.io.netty.channel.nio.NioEventLoop.processSelectedKey(NioEventLoop.java:632)
	at org.apache.ratis.thirdparty.io.netty.channel.nio.NioEventLoop.processSelectedKeysOptimized(NioEventLoop.java:579)
	at org.apache.ratis.thirdparty.io.netty.channel.nio.NioEventLoop.processSelectedKeys(NioEventLoop.java:496)
	at org.apache.ratis.thirdparty.io.netty.channel.nio.NioEventLoop.run(NioEventLoop.java:458)
	at org.apache.ratis.thirdparty.io.netty.util.concurrent.SingleThreadEventExecutor$5.run(SingleThreadEventExecutor.java:897)
	at org.apache.ratis.thirdparty.io.netty.util.concurrent.FastThreadLocalRunnable.run(FastThreadLocalRunnable.java:30)
	... 1 more
Caused by: java.net.ConnectException: Connection refused
	... 11 more
2019-10-23 12:13:44,730 [grpc-default-executor-4] INFO  impl.RaftServerImpl (RaftServerImpl.java:setRole(184)) - 02863277-f564-4bc6-8337-fb22627f6f1a@group-24C785E9A0FC: changes role from  FOLLOWER to FOLLOWER at term 207 for recognizeCandidate:ad4d83c7-0f96-47bc-a4e8-7e5d9f844896
2019-10-23 12:13:44,731 [grpc-default-executor-4] INFO  impl.RoleInfo (RoleInfo.java:shutdownFollowerState(121)) - 02863277-f564-4bc6-8337-fb22627f6f1a: shutdown FollowerState
2019-10-23 12:13:44,731 [grpc-default-executor-4] INFO  impl.RoleInfo (RoleInfo.java:updateAndGet(143)) - 02863277-f564-4bc6-8337-fb22627f6f1a: start FollowerState
2019-10-23 12:13:44,731 [Thread-1833] INFO  impl.FollowerState (FollowerState.java:run(117)) - 02863277-f564-4bc6-8337-fb22627f6f1a@group-24C785E9A0FC-FollowerState was interrupted: java.lang.InterruptedException: sleep interrupted
2019-10-23 12:13:44,745 [ad4d83c7-0f96-47bc-a4e8-7e5d9f844896@group-24C785E9A0FC-LeaderElection208] INFO  impl.LeaderElection (LeaderElection.java:logAndReturn(56)) - ad4d83c7-0f96-47bc-a4e8-7e5d9f844896@group-24C785E9A0FC-LeaderElection208: Election REJECTED; received 1 response(s) [ad4d83c7-0f96-47bc-a4e8-7e5d9f844896<-02863277-f564-4bc6-8337-fb22627f6f1a#0:FAIL-t207] and 1 exception(s); ad4d83c7-0f96-47bc-a4e8-7e5d9f844896@group-24C785E9A0FC:t207, leader=null, voted=ad4d83c7-0f96-47bc-a4e8-7e5d9f844896, raftlog=ad4d83c7-0f96-47bc-a4e8-7e5d9f844896@group-24C785E9A0FC-SegmentedRaftLog:OPENED:c-1,f-1,i0, conf=-1: [3b749b59-de2a-419b-9a26-261692f5c83c:192.168.69.118:39205, ad4d83c7-0f96-47bc-a4e8-7e5d9f844896:192.168.69.118:41688, 02863277-f564-4bc6-8337-fb22627f6f1a:192.168.69.118:36850], old=null
2019-10-23 12:13:44,745 [ad4d83c7-0f96-47bc-a4e8-7e5d9f844896@group-24C785E9A0FC-LeaderElection208] INFO  impl.LeaderElection (LogUtils.java:infoOrTrace(149)) -   Exception 0: {}
java.util.concurrent.ExecutionException: org.apache.ratis.thirdparty.io.grpc.StatusRuntimeException: UNAVAILABLE: io exception
	at java.util.concurrent.FutureTask.report(FutureTask.java:122)
	at java.util.concurrent.FutureTask.get(FutureTask.java:192)
	at org.apache.ratis.server.impl.LeaderElection.waitForResults(LeaderElection.java:259)
	at org.apache.ratis.server.impl.LeaderElection.askForVotes(LeaderElection.java:197)
	at org.apache.ratis.server.impl.LeaderElection.run(LeaderElection.java:133)
	at java.lang.Thread.run(Thread.java:748)
Caused by: org.apache.ratis.thirdparty.io.grpc.StatusRuntimeException: UNAVAILABLE: io exception
	at org.apache.ratis.thirdparty.io.grpc.stub.ClientCalls.toStatusRuntimeException(ClientCalls.java:233)
	at org.apache.ratis.thirdparty.io.grpc.stub.ClientCalls.getUnchecked(ClientCalls.java:214)
	at org.apache.ratis.thirdparty.io.grpc.stub.ClientCalls.blockingUnaryCall(ClientCalls.java:139)
	at org.apache.ratis.proto.grpc.RaftServerProtocolServiceGrpc$RaftServerProtocolServiceBlockingStub.requestVote(RaftServerProtocolServiceGrpc.java:265)
	at org.apache.ratis.grpc.server.GrpcServerProtocolClient.requestVote(GrpcServerProtocolClient.java:99)
	at org.apache.ratis.grpc.server.GrpcService.requestVote(GrpcService.java:204)
	at org.apache.ratis.server.impl.LeaderElection.lambda$submitRequests$1(LeaderElection.java:234)
	at java.util.concurrent.FutureTask.run(FutureTask.java:266)
	at java.util.concurrent.Executors$RunnableAdapter.call(Executors.java:511)
	at java.util.concurrent.FutureTask.run(FutureTask.java:266)
	at java.util.concurrent.ThreadPoolExecutor.runWorker(ThreadPoolExecutor.java:1149)
	at java.util.concurrent.ThreadPoolExecutor$Worker.run(ThreadPoolExecutor.java:624)
	... 1 more
Caused by: org.apache.ratis.thirdparty.io.netty.channel.AbstractChannel$AnnotatedConnectException: Connection refused: /192.168.69.118:39205
	at sun.nio.ch.SocketChannelImpl.checkConnect(Native Method)
	at sun.nio.ch.SocketChannelImpl.finishConnect(SocketChannelImpl.java:717)
	at org.apache.ratis.thirdparty.io.netty.channel.socket.nio.NioSocketChannel.doFinishConnect(NioSocketChannel.java:327)
	at org.apache.ratis.thirdparty.io.netty.channel.nio.AbstractNioChannel$AbstractNioUnsafe.finishConnect(AbstractNioChannel.java:340)
	at org.apache.ratis.thirdparty.io.netty.channel.nio.NioEventLoop.processSelectedKey(NioEventLoop.java:632)
	at org.apache.ratis.thirdparty.io.netty.channel.nio.NioEventLoop.processSelectedKeysOptimized(NioEventLoop.java:579)
	at org.apache.ratis.thirdparty.io.netty.channel.nio.NioEventLoop.processSelectedKeys(NioEventLoop.java:496)
	at org.apache.ratis.thirdparty.io.netty.channel.nio.NioEventLoop.run(NioEventLoop.java:458)
	at org.apache.ratis.thirdparty.io.netty.util.concurrent.SingleThreadEventExecutor$5.run(SingleThreadEventExecutor.java:897)
	at org.apache.ratis.thirdparty.io.netty.util.concurrent.FastThreadLocalRunnable.run(FastThreadLocalRunnable.java:30)
	... 1 more
Caused by: java.net.ConnectException: Connection refused
	... 11 more
2019-10-23 12:13:44,745 [ad4d83c7-0f96-47bc-a4e8-7e5d9f844896@group-24C785E9A0FC-LeaderElection208] INFO  impl.RaftServerImpl (RaftServerImpl.java:setRole(184)) - ad4d83c7-0f96-47bc-a4e8-7e5d9f844896@group-24C785E9A0FC: changes role from CANDIDATE to FOLLOWER at term 207 for DISCOVERED_A_NEW_TERM
2019-10-23 12:13:44,746 [ad4d83c7-0f96-47bc-a4e8-7e5d9f844896@group-24C785E9A0FC-LeaderElection208] INFO  impl.RoleInfo (RoleInfo.java:shutdownLeaderElection(134)) - ad4d83c7-0f96-47bc-a4e8-7e5d9f844896: shutdown LeaderElection
2019-10-23 12:13:44,746 [ad4d83c7-0f96-47bc-a4e8-7e5d9f844896@group-24C785E9A0FC-LeaderElection208] INFO  impl.RoleInfo (RoleInfo.java:updateAndGet(143)) - ad4d83c7-0f96-47bc-a4e8-7e5d9f844896: start FollowerState
2019-10-23 12:13:44,861 [Thread-1839] INFO  impl.FollowerState (FollowerState.java:run(108)) - ad4d83c7-0f96-47bc-a4e8-7e5d9f844896@group-24C785E9A0FC-FollowerState: change to CANDIDATE, lastRpcTime:115ms, electionTimeout:115ms
2019-10-23 12:13:44,861 [Thread-1839] INFO  impl.RoleInfo (RoleInfo.java:shutdownFollowerState(121)) - ad4d83c7-0f96-47bc-a4e8-7e5d9f844896: shutdown FollowerState
2019-10-23 12:13:44,862 [Thread-1839] INFO  impl.RaftServerImpl (RaftServerImpl.java:setRole(184)) - ad4d83c7-0f96-47bc-a4e8-7e5d9f844896@group-24C785E9A0FC: changes role from  FOLLOWER to CANDIDATE at term 207 for changeToCandidate
2019-10-23 12:13:44,862 [Thread-1839] INFO  impl.RoleInfo (RoleInfo.java:updateAndGet(143)) - ad4d83c7-0f96-47bc-a4e8-7e5d9f844896: start LeaderElection
2019-10-23 12:13:44,875 [ad4d83c7-0f96-47bc-a4e8-7e5d9f844896@group-24C785E9A0FC-LeaderElection209] INFO  impl.LeaderElection (LeaderElection.java:askForVotes(178)) - ad4d83c7-0f96-47bc-a4e8-7e5d9f844896@group-24C785E9A0FC-LeaderElection209: begin an election at term 208 for -1: [3b749b59-de2a-419b-9a26-261692f5c83c:192.168.69.118:39205, ad4d83c7-0f96-47bc-a4e8-7e5d9f844896:192.168.69.118:41688, 02863277-f564-4bc6-8337-fb22627f6f1a:192.168.69.118:36850], old=null
2019-10-23 12:13:44,876 [ad4d83c7-0f96-47bc-a4e8-7e5d9f844896@group-24C785E9A0FC-LeaderElection209] INFO  impl.LeaderElection (LogUtils.java:infoOrTrace(149)) - ad4d83c7-0f96-47bc-a4e8-7e5d9f844896@group-24C785E9A0FC-LeaderElection209 got exception when requesting votes: {}
java.util.concurrent.ExecutionException: org.apache.ratis.thirdparty.io.grpc.StatusRuntimeException: UNAVAILABLE: io exception
	at java.util.concurrent.FutureTask.report(FutureTask.java:122)
	at java.util.concurrent.FutureTask.get(FutureTask.java:192)
	at org.apache.ratis.server.impl.LeaderElection.waitForResults(LeaderElection.java:259)
	at org.apache.ratis.server.impl.LeaderElection.askForVotes(LeaderElection.java:197)
	at org.apache.ratis.server.impl.LeaderElection.run(LeaderElection.java:133)
	at java.lang.Thread.run(Thread.java:748)
Caused by: org.apache.ratis.thirdparty.io.grpc.StatusRuntimeException: UNAVAILABLE: io exception
	at org.apache.ratis.thirdparty.io.grpc.stub.ClientCalls.toStatusRuntimeException(ClientCalls.java:233)
	at org.apache.ratis.thirdparty.io.grpc.stub.ClientCalls.getUnchecked(ClientCalls.java:214)
	at org.apache.ratis.thirdparty.io.grpc.stub.ClientCalls.blockingUnaryCall(ClientCalls.java:139)
	at org.apache.ratis.proto.grpc.RaftServerProtocolServiceGrpc$RaftServerProtocolServiceBlockingStub.requestVote(RaftServerProtocolServiceGrpc.java:265)
	at org.apache.ratis.grpc.server.GrpcServerProtocolClient.requestVote(GrpcServerProtocolClient.java:99)
	at org.apache.ratis.grpc.server.GrpcService.requestVote(GrpcService.java:204)
	at org.apache.ratis.server.impl.LeaderElection.lambda$submitRequests$1(LeaderElection.java:234)
	at java.util.concurrent.FutureTask.run(FutureTask.java:266)
	at java.util.concurrent.Executors$RunnableAdapter.call(Executors.java:511)
	at java.util.concurrent.FutureTask.run(FutureTask.java:266)
	at java.util.concurrent.ThreadPoolExecutor.runWorker(ThreadPoolExecutor.java:1149)
	at java.util.concurrent.ThreadPoolExecutor$Worker.run(ThreadPoolExecutor.java:624)
	... 1 more
Caused by: org.apache.ratis.thirdparty.io.netty.channel.AbstractChannel$AnnotatedConnectException: Connection refused: /192.168.69.118:39205
	at sun.nio.ch.SocketChannelImpl.checkConnect(Native Method)
	at sun.nio.ch.SocketChannelImpl.finishConnect(SocketChannelImpl.java:717)
	at org.apache.ratis.thirdparty.io.netty.channel.socket.nio.NioSocketChannel.doFinishConnect(NioSocketChannel.java:327)
	at org.apache.ratis.thirdparty.io.netty.channel.nio.AbstractNioChannel$AbstractNioUnsafe.finishConnect(AbstractNioChannel.java:340)
	at org.apache.ratis.thirdparty.io.netty.channel.nio.NioEventLoop.processSelectedKey(NioEventLoop.java:632)
	at org.apache.ratis.thirdparty.io.netty.channel.nio.NioEventLoop.processSelectedKeysOptimized(NioEventLoop.java:579)
	at org.apache.ratis.thirdparty.io.netty.channel.nio.NioEventLoop.processSelectedKeys(NioEventLoop.java:496)
	at org.apache.ratis.thirdparty.io.netty.channel.nio.NioEventLoop.run(NioEventLoop.java:458)
	at org.apache.ratis.thirdparty.io.netty.util.concurrent.SingleThreadEventExecutor$5.run(SingleThreadEventExecutor.java:897)
	at org.apache.ratis.thirdparty.io.netty.util.concurrent.FastThreadLocalRunnable.run(FastThreadLocalRunnable.java:30)
	... 1 more
Caused by: java.net.ConnectException: Connection refused
	... 11 more
2019-10-23 12:13:44,878 [grpc-default-executor-4] INFO  impl.RaftServerImpl (RaftServerImpl.java:setRole(184)) - 02863277-f564-4bc6-8337-fb22627f6f1a@group-24C785E9A0FC: changes role from  FOLLOWER to FOLLOWER at term 208 for recognizeCandidate:ad4d83c7-0f96-47bc-a4e8-7e5d9f844896
2019-10-23 12:13:44,878 [grpc-default-executor-4] INFO  impl.RoleInfo (RoleInfo.java:shutdownFollowerState(121)) - 02863277-f564-4bc6-8337-fb22627f6f1a: shutdown FollowerState
2019-10-23 12:13:44,878 [grpc-default-executor-4] INFO  impl.RoleInfo (RoleInfo.java:updateAndGet(143)) - 02863277-f564-4bc6-8337-fb22627f6f1a: start FollowerState
2019-10-23 12:13:44,878 [Thread-1838] INFO  impl.FollowerState (FollowerState.java:run(117)) - 02863277-f564-4bc6-8337-fb22627f6f1a@group-24C785E9A0FC-FollowerState was interrupted: java.lang.InterruptedException: sleep interrupted
2019-10-23 12:13:44,892 [ad4d83c7-0f96-47bc-a4e8-7e5d9f844896@group-24C785E9A0FC-LeaderElection209] INFO  impl.LeaderElection (LeaderElection.java:logAndReturn(56)) - ad4d83c7-0f96-47bc-a4e8-7e5d9f844896@group-24C785E9A0FC-LeaderElection209: Election REJECTED; received 1 response(s) [ad4d83c7-0f96-47bc-a4e8-7e5d9f844896<-02863277-f564-4bc6-8337-fb22627f6f1a#0:FAIL-t208] and 1 exception(s); ad4d83c7-0f96-47bc-a4e8-7e5d9f844896@group-24C785E9A0FC:t208, leader=null, voted=ad4d83c7-0f96-47bc-a4e8-7e5d9f844896, raftlog=ad4d83c7-0f96-47bc-a4e8-7e5d9f844896@group-24C785E9A0FC-SegmentedRaftLog:OPENED:c-1,f-1,i0, conf=-1: [3b749b59-de2a-419b-9a26-261692f5c83c:192.168.69.118:39205, ad4d83c7-0f96-47bc-a4e8-7e5d9f844896:192.168.69.118:41688, 02863277-f564-4bc6-8337-fb22627f6f1a:192.168.69.118:36850], old=null
2019-10-23 12:13:44,893 [ad4d83c7-0f96-47bc-a4e8-7e5d9f844896@group-24C785E9A0FC-LeaderElection209] INFO  impl.LeaderElection (LogUtils.java:infoOrTrace(149)) -   Exception 0: {}
java.util.concurrent.ExecutionException: org.apache.ratis.thirdparty.io.grpc.StatusRuntimeException: UNAVAILABLE: io exception
	at java.util.concurrent.FutureTask.report(FutureTask.java:122)
	at java.util.concurrent.FutureTask.get(FutureTask.java:192)
	at org.apache.ratis.server.impl.LeaderElection.waitForResults(LeaderElection.java:259)
	at org.apache.ratis.server.impl.LeaderElection.askForVotes(LeaderElection.java:197)
	at org.apache.ratis.server.impl.LeaderElection.run(LeaderElection.java:133)
	at java.lang.Thread.run(Thread.java:748)
Caused by: org.apache.ratis.thirdparty.io.grpc.StatusRuntimeException: UNAVAILABLE: io exception
	at org.apache.ratis.thirdparty.io.grpc.stub.ClientCalls.toStatusRuntimeException(ClientCalls.java:233)
	at org.apache.ratis.thirdparty.io.grpc.stub.ClientCalls.getUnchecked(ClientCalls.java:214)
	at org.apache.ratis.thirdparty.io.grpc.stub.ClientCalls.blockingUnaryCall(ClientCalls.java:139)
	at org.apache.ratis.proto.grpc.RaftServerProtocolServiceGrpc$RaftServerProtocolServiceBlockingStub.requestVote(RaftServerProtocolServiceGrpc.java:265)
	at org.apache.ratis.grpc.server.GrpcServerProtocolClient.requestVote(GrpcServerProtocolClient.java:99)
	at org.apache.ratis.grpc.server.GrpcService.requestVote(GrpcService.java:204)
	at org.apache.ratis.server.impl.LeaderElection.lambda$submitRequests$1(LeaderElection.java:234)
	at java.util.concurrent.FutureTask.run(FutureTask.java:266)
	at java.util.concurrent.Executors$RunnableAdapter.call(Executors.java:511)
	at java.util.concurrent.FutureTask.run(FutureTask.java:266)
	at java.util.concurrent.ThreadPoolExecutor.runWorker(ThreadPoolExecutor.java:1149)
	at java.util.concurrent.ThreadPoolExecutor$Worker.run(ThreadPoolExecutor.java:624)
	... 1 more
Caused by: org.apache.ratis.thirdparty.io.netty.channel.AbstractChannel$AnnotatedConnectException: Connection refused: /192.168.69.118:39205
	at sun.nio.ch.SocketChannelImpl.checkConnect(Native Method)
	at sun.nio.ch.SocketChannelImpl.finishConnect(SocketChannelImpl.java:717)
	at org.apache.ratis.thirdparty.io.netty.channel.socket.nio.NioSocketChannel.doFinishConnect(NioSocketChannel.java:327)
	at org.apache.ratis.thirdparty.io.netty.channel.nio.AbstractNioChannel$AbstractNioUnsafe.finishConnect(AbstractNioChannel.java:340)
	at org.apache.ratis.thirdparty.io.netty.channel.nio.NioEventLoop.processSelectedKey(NioEventLoop.java:632)
	at org.apache.ratis.thirdparty.io.netty.channel.nio.NioEventLoop.processSelectedKeysOptimized(NioEventLoop.java:579)
	at org.apache.ratis.thirdparty.io.netty.channel.nio.NioEventLoop.processSelectedKeys(NioEventLoop.java:496)
	at org.apache.ratis.thirdparty.io.netty.channel.nio.NioEventLoop.run(NioEventLoop.java:458)
	at org.apache.ratis.thirdparty.io.netty.util.concurrent.SingleThreadEventExecutor$5.run(SingleThreadEventExecutor.java:897)
	at org.apache.ratis.thirdparty.io.netty.util.concurrent.FastThreadLocalRunnable.run(FastThreadLocalRunnable.java:30)
	... 1 more
Caused by: java.net.ConnectException: Connection refused
	... 11 more
2019-10-23 12:13:44,893 [ad4d83c7-0f96-47bc-a4e8-7e5d9f844896@group-24C785E9A0FC-LeaderElection209] INFO  impl.RaftServerImpl (RaftServerImpl.java:setRole(184)) - ad4d83c7-0f96-47bc-a4e8-7e5d9f844896@group-24C785E9A0FC: changes role from CANDIDATE to FOLLOWER at term 208 for DISCOVERED_A_NEW_TERM
2019-10-23 12:13:44,893 [ad4d83c7-0f96-47bc-a4e8-7e5d9f844896@group-24C785E9A0FC-LeaderElection209] INFO  impl.RoleInfo (RoleInfo.java:shutdownLeaderElection(134)) - ad4d83c7-0f96-47bc-a4e8-7e5d9f844896: shutdown LeaderElection
2019-10-23 12:13:44,893 [ad4d83c7-0f96-47bc-a4e8-7e5d9f844896@group-24C785E9A0FC-LeaderElection209] INFO  impl.RoleInfo (RoleInfo.java:updateAndGet(143)) - ad4d83c7-0f96-47bc-a4e8-7e5d9f844896: start FollowerState
2019-10-23 12:13:45,018 [Thread-1815] INFO  impl.FollowerState (FollowerState.java:run(108)) - 4949cace-0585-430c-97a7-3db1e354cdac@group-55CA4A6792A0-FollowerState: change to CANDIDATE, lastRpcTime:1005ms, electionTimeout:1005ms
2019-10-23 12:13:45,019 [Thread-1815] INFO  impl.RoleInfo (RoleInfo.java:shutdownFollowerState(121)) - 4949cace-0585-430c-97a7-3db1e354cdac: shutdown FollowerState
2019-10-23 12:13:45,019 [Thread-1815] INFO  impl.RaftServerImpl (RaftServerImpl.java:setRole(184)) - 4949cace-0585-430c-97a7-3db1e354cdac@group-55CA4A6792A0: changes role from  FOLLOWER to CANDIDATE at term 9 for changeToCandidate
2019-10-23 12:13:45,019 [Thread-1815] INFO  impl.RoleInfo (RoleInfo.java:updateAndGet(143)) - 4949cace-0585-430c-97a7-3db1e354cdac: start LeaderElection
2019-10-23 12:13:45,030 [4949cace-0585-430c-97a7-3db1e354cdac@group-55CA4A6792A0-LeaderElection210] INFO  impl.LeaderElection (LeaderElection.java:askForVotes(178)) - 4949cace-0585-430c-97a7-3db1e354cdac@group-55CA4A6792A0-LeaderElection210: begin an election at term 10 for 0: [736d60a2-feff-478b-9de2-63399c9845c9:192.168.69.118:36235, d21719ef-fad3-4f0e-b494-842eeedea460:192.168.69.118:45836, 4949cace-0585-430c-97a7-3db1e354cdac:192.168.69.118:33911], old=null
2019-10-23 12:13:45,031 [4949cace-0585-430c-97a7-3db1e354cdac@group-55CA4A6792A0-LeaderElection210] INFO  impl.LeaderElection (LogUtils.java:infoOrTrace(149)) - 4949cace-0585-430c-97a7-3db1e354cdac@group-55CA4A6792A0-LeaderElection210 got exception when requesting votes: {}
java.util.concurrent.ExecutionException: org.apache.ratis.thirdparty.io.grpc.StatusRuntimeException: UNAVAILABLE: io exception
	at java.util.concurrent.FutureTask.report(FutureTask.java:122)
	at java.util.concurrent.FutureTask.get(FutureTask.java:192)
	at org.apache.ratis.server.impl.LeaderElection.waitForResults(LeaderElection.java:259)
	at org.apache.ratis.server.impl.LeaderElection.askForVotes(LeaderElection.java:197)
	at org.apache.ratis.server.impl.LeaderElection.run(LeaderElection.java:133)
	at java.lang.Thread.run(Thread.java:748)
Caused by: org.apache.ratis.thirdparty.io.grpc.StatusRuntimeException: UNAVAILABLE: io exception
	at org.apache.ratis.thirdparty.io.grpc.stub.ClientCalls.toStatusRuntimeException(ClientCalls.java:233)
	at org.apache.ratis.thirdparty.io.grpc.stub.ClientCalls.getUnchecked(ClientCalls.java:214)
	at org.apache.ratis.thirdparty.io.grpc.stub.ClientCalls.blockingUnaryCall(ClientCalls.java:139)
	at org.apache.ratis.proto.grpc.RaftServerProtocolServiceGrpc$RaftServerProtocolServiceBlockingStub.requestVote(RaftServerProtocolServiceGrpc.java:265)
	at org.apache.ratis.grpc.server.GrpcServerProtocolClient.requestVote(GrpcServerProtocolClient.java:99)
	at org.apache.ratis.grpc.server.GrpcService.requestVote(GrpcService.java:204)
	at org.apache.ratis.server.impl.LeaderElection.lambda$submitRequests$1(LeaderElection.java:234)
	at java.util.concurrent.FutureTask.run(FutureTask.java:266)
	at java.util.concurrent.Executors$RunnableAdapter.call(Executors.java:511)
	at java.util.concurrent.FutureTask.run(FutureTask.java:266)
	at java.util.concurrent.ThreadPoolExecutor.runWorker(ThreadPoolExecutor.java:1149)
	at java.util.concurrent.ThreadPoolExecutor$Worker.run(ThreadPoolExecutor.java:624)
	... 1 more
Caused by: org.apache.ratis.thirdparty.io.netty.channel.AbstractChannel$AnnotatedConnectException: Connection refused: /192.168.69.118:45836
	at sun.nio.ch.SocketChannelImpl.checkConnect(Native Method)
	at sun.nio.ch.SocketChannelImpl.finishConnect(SocketChannelImpl.java:717)
	at org.apache.ratis.thirdparty.io.netty.channel.socket.nio.NioSocketChannel.doFinishConnect(NioSocketChannel.java:327)
	at org.apache.ratis.thirdparty.io.netty.channel.nio.AbstractNioChannel$AbstractNioUnsafe.finishConnect(AbstractNioChannel.java:340)
	at org.apache.ratis.thirdparty.io.netty.channel.nio.NioEventLoop.processSelectedKey(NioEventLoop.java:632)
	at org.apache.ratis.thirdparty.io.netty.channel.nio.NioEventLoop.processSelectedKeysOptimized(NioEventLoop.java:579)
	at org.apache.ratis.thirdparty.io.netty.channel.nio.NioEventLoop.processSelectedKeys(NioEventLoop.java:496)
	at org.apache.ratis.thirdparty.io.netty.channel.nio.NioEventLoop.run(NioEventLoop.java:458)
	at org.apache.ratis.thirdparty.io.netty.util.concurrent.SingleThreadEventExecutor$5.run(SingleThreadEventExecutor.java:897)
	at org.apache.ratis.thirdparty.io.netty.util.concurrent.FastThreadLocalRunnable.run(FastThreadLocalRunnable.java:30)
	... 1 more
Caused by: java.net.ConnectException: Connection refused
	... 11 more
2019-10-23 12:13:45,031 [4949cace-0585-430c-97a7-3db1e354cdac@group-55CA4A6792A0-LeaderElection210] INFO  impl.LeaderElection (LogUtils.java:infoOrTrace(149)) - 4949cace-0585-430c-97a7-3db1e354cdac@group-55CA4A6792A0-LeaderElection210 got exception when requesting votes: {}
java.util.concurrent.ExecutionException: org.apache.ratis.thirdparty.io.grpc.StatusRuntimeException: UNAVAILABLE: io exception
	at java.util.concurrent.FutureTask.report(FutureTask.java:122)
	at java.util.concurrent.FutureTask.get(FutureTask.java:192)
	at org.apache.ratis.server.impl.LeaderElection.waitForResults(LeaderElection.java:259)
	at org.apache.ratis.server.impl.LeaderElection.askForVotes(LeaderElection.java:197)
	at org.apache.ratis.server.impl.LeaderElection.run(LeaderElection.java:133)
	at java.lang.Thread.run(Thread.java:748)
Caused by: org.apache.ratis.thirdparty.io.grpc.StatusRuntimeException: UNAVAILABLE: io exception
	at org.apache.ratis.thirdparty.io.grpc.stub.ClientCalls.toStatusRuntimeException(ClientCalls.java:233)
	at org.apache.ratis.thirdparty.io.grpc.stub.ClientCalls.getUnchecked(ClientCalls.java:214)
	at org.apache.ratis.thirdparty.io.grpc.stub.ClientCalls.blockingUnaryCall(ClientCalls.java:139)
	at org.apache.ratis.proto.grpc.RaftServerProtocolServiceGrpc$RaftServerProtocolServiceBlockingStub.requestVote(RaftServerProtocolServiceGrpc.java:265)
	at org.apache.ratis.grpc.server.GrpcServerProtocolClient.requestVote(GrpcServerProtocolClient.java:99)
	at org.apache.ratis.grpc.server.GrpcService.requestVote(GrpcService.java:204)
	at org.apache.ratis.server.impl.LeaderElection.lambda$submitRequests$1(LeaderElection.java:234)
	at java.util.concurrent.FutureTask.run(FutureTask.java:266)
	at java.util.concurrent.Executors$RunnableAdapter.call(Executors.java:511)
	at java.util.concurrent.FutureTask.run(FutureTask.java:266)
	at java.util.concurrent.ThreadPoolExecutor.runWorker(ThreadPoolExecutor.java:1149)
	at java.util.concurrent.ThreadPoolExecutor$Worker.run(ThreadPoolExecutor.java:624)
	... 1 more
Caused by: org.apache.ratis.thirdparty.io.netty.channel.AbstractChannel$AnnotatedConnectException: Connection refused: /192.168.69.118:36235
	at sun.nio.ch.SocketChannelImpl.checkConnect(Native Method)
	at sun.nio.ch.SocketChannelImpl.finishConnect(SocketChannelImpl.java:717)
	at org.apache.ratis.thirdparty.io.netty.channel.socket.nio.NioSocketChannel.doFinishConnect(NioSocketChannel.java:327)
	at org.apache.ratis.thirdparty.io.netty.channel.nio.AbstractNioChannel$AbstractNioUnsafe.finishConnect(AbstractNioChannel.java:340)
	at org.apache.ratis.thirdparty.io.netty.channel.nio.NioEventLoop.processSelectedKey(NioEventLoop.java:632)
	at org.apache.ratis.thirdparty.io.netty.channel.nio.NioEventLoop.processSelectedKeysOptimized(NioEventLoop.java:579)
	at org.apache.ratis.thirdparty.io.netty.channel.nio.NioEventLoop.processSelectedKeys(NioEventLoop.java:496)
	at org.apache.ratis.thirdparty.io.netty.channel.nio.NioEventLoop.run(NioEventLoop.java:458)
	at org.apache.ratis.thirdparty.io.netty.util.concurrent.SingleThreadEventExecutor$5.run(SingleThreadEventExecutor.java:897)
	at org.apache.ratis.thirdparty.io.netty.util.concurrent.FastThreadLocalRunnable.run(FastThreadLocalRunnable.java:30)
	... 1 more
Caused by: java.net.ConnectException: Connection refused
	... 11 more
2019-10-23 12:13:45,031 [4949cace-0585-430c-97a7-3db1e354cdac@group-55CA4A6792A0-LeaderElection210] INFO  impl.LeaderElection (LeaderElection.java:logAndReturn(56)) - 4949cace-0585-430c-97a7-3db1e354cdac@group-55CA4A6792A0-LeaderElection210: Election REJECTED; received 0 response(s) [] and 2 exception(s); 4949cace-0585-430c-97a7-3db1e354cdac@group-55CA4A6792A0:t10, leader=null, voted=4949cace-0585-430c-97a7-3db1e354cdac, raftlog=4949cace-0585-430c-97a7-3db1e354cdac@group-55CA4A6792A0-SegmentedRaftLog:OPENED:c15,f15,i15, conf=0: [736d60a2-feff-478b-9de2-63399c9845c9:192.168.69.118:36235, d21719ef-fad3-4f0e-b494-842eeedea460:192.168.69.118:45836, 4949cace-0585-430c-97a7-3db1e354cdac:192.168.69.118:33911], old=null
2019-10-23 12:13:45,032 [4949cace-0585-430c-97a7-3db1e354cdac@group-55CA4A6792A0-LeaderElection210] INFO  impl.LeaderElection (LogUtils.java:infoOrTrace(149)) -   Exception 0: {}
java.util.concurrent.ExecutionException: org.apache.ratis.thirdparty.io.grpc.StatusRuntimeException: UNAVAILABLE: io exception
	at java.util.concurrent.FutureTask.report(FutureTask.java:122)
	at java.util.concurrent.FutureTask.get(FutureTask.java:192)
	at org.apache.ratis.server.impl.LeaderElection.waitForResults(LeaderElection.java:259)
	at org.apache.ratis.server.impl.LeaderElection.askForVotes(LeaderElection.java:197)
	at org.apache.ratis.server.impl.LeaderElection.run(LeaderElection.java:133)
	at java.lang.Thread.run(Thread.java:748)
Caused by: org.apache.ratis.thirdparty.io.grpc.StatusRuntimeException: UNAVAILABLE: io exception
	at org.apache.ratis.thirdparty.io.grpc.stub.ClientCalls.toStatusRuntimeException(ClientCalls.java:233)
	at org.apache.ratis.thirdparty.io.grpc.stub.ClientCalls.getUnchecked(ClientCalls.java:214)
	at org.apache.ratis.thirdparty.io.grpc.stub.ClientCalls.blockingUnaryCall(ClientCalls.java:139)
	at org.apache.ratis.proto.grpc.RaftServerProtocolServiceGrpc$RaftServerProtocolServiceBlockingStub.requestVote(RaftServerProtocolServiceGrpc.java:265)
	at org.apache.ratis.grpc.server.GrpcServerProtocolClient.requestVote(GrpcServerProtocolClient.java:99)
	at org.apache.ratis.grpc.server.GrpcService.requestVote(GrpcService.java:204)
	at org.apache.ratis.server.impl.LeaderElection.lambda$submitRequests$1(LeaderElection.java:234)
	at java.util.concurrent.FutureTask.run(FutureTask.java:266)
	at java.util.concurrent.Executors$RunnableAdapter.call(Executors.java:511)
	at java.util.concurrent.FutureTask.run(FutureTask.java:266)
	at java.util.concurrent.ThreadPoolExecutor.runWorker(ThreadPoolExecutor.java:1149)
	at java.util.concurrent.ThreadPoolExecutor$Worker.run(ThreadPoolExecutor.java:624)
	... 1 more
Caused by: org.apache.ratis.thirdparty.io.netty.channel.AbstractChannel$AnnotatedConnectException: Connection refused: /192.168.69.118:45836
	at sun.nio.ch.SocketChannelImpl.checkConnect(Native Method)
	at sun.nio.ch.SocketChannelImpl.finishConnect(SocketChannelImpl.java:717)
	at org.apache.ratis.thirdparty.io.netty.channel.socket.nio.NioSocketChannel.doFinishConnect(NioSocketChannel.java:327)
	at org.apache.ratis.thirdparty.io.netty.channel.nio.AbstractNioChannel$AbstractNioUnsafe.finishConnect(AbstractNioChannel.java:340)
	at org.apache.ratis.thirdparty.io.netty.channel.nio.NioEventLoop.processSelectedKey(NioEventLoop.java:632)
	at org.apache.ratis.thirdparty.io.netty.channel.nio.NioEventLoop.processSelectedKeysOptimized(NioEventLoop.java:579)
	at org.apache.ratis.thirdparty.io.netty.channel.nio.NioEventLoop.processSelectedKeys(NioEventLoop.java:496)
	at org.apache.ratis.thirdparty.io.netty.channel.nio.NioEventLoop.run(NioEventLoop.java:458)
	at org.apache.ratis.thirdparty.io.netty.util.concurrent.SingleThreadEventExecutor$5.run(SingleThreadEventExecutor.java:897)
	at org.apache.ratis.thirdparty.io.netty.util.concurrent.FastThreadLocalRunnable.run(FastThreadLocalRunnable.java:30)
	... 1 more
Caused by: java.net.ConnectException: Connection refused
	... 11 more
2019-10-23 12:13:45,032 [4949cace-0585-430c-97a7-3db1e354cdac@group-55CA4A6792A0-LeaderElection210] INFO  impl.LeaderElection (LogUtils.java:infoOrTrace(149)) -   Exception 1: {}
java.util.concurrent.ExecutionException: org.apache.ratis.thirdparty.io.grpc.StatusRuntimeException: UNAVAILABLE: io exception
	at java.util.concurrent.FutureTask.report(FutureTask.java:122)
	at java.util.concurrent.FutureTask.get(FutureTask.java:192)
	at org.apache.ratis.server.impl.LeaderElection.waitForResults(LeaderElection.java:259)
	at org.apache.ratis.server.impl.LeaderElection.askForVotes(LeaderElection.java:197)
	at org.apache.ratis.server.impl.LeaderElection.run(LeaderElection.java:133)
	at java.lang.Thread.run(Thread.java:748)
Caused by: org.apache.ratis.thirdparty.io.grpc.StatusRuntimeException: UNAVAILABLE: io exception
	at org.apache.ratis.thirdparty.io.grpc.stub.ClientCalls.toStatusRuntimeException(ClientCalls.java:233)
	at org.apache.ratis.thirdparty.io.grpc.stub.ClientCalls.getUnchecked(ClientCalls.java:214)
	at org.apache.ratis.thirdparty.io.grpc.stub.ClientCalls.blockingUnaryCall(ClientCalls.java:139)
	at org.apache.ratis.proto.grpc.RaftServerProtocolServiceGrpc$RaftServerProtocolServiceBlockingStub.requestVote(RaftServerProtocolServiceGrpc.java:265)
	at org.apache.ratis.grpc.server.GrpcServerProtocolClient.requestVote(GrpcServerProtocolClient.java:99)
	at org.apache.ratis.grpc.server.GrpcService.requestVote(GrpcService.java:204)
	at org.apache.ratis.server.impl.LeaderElection.lambda$submitRequests$1(LeaderElection.java:234)
	at java.util.concurrent.FutureTask.run(FutureTask.java:266)
	at java.util.concurrent.Executors$RunnableAdapter.call(Executors.java:511)
	at java.util.concurrent.FutureTask.run(FutureTask.java:266)
	at java.util.concurrent.ThreadPoolExecutor.runWorker(ThreadPoolExecutor.java:1149)
	at java.util.concurrent.ThreadPoolExecutor$Worker.run(ThreadPoolExecutor.java:624)
	... 1 more
Caused by: org.apache.ratis.thirdparty.io.netty.channel.AbstractChannel$AnnotatedConnectException: Connection refused: /192.168.69.118:36235
	at sun.nio.ch.SocketChannelImpl.checkConnect(Native Method)
	at sun.nio.ch.SocketChannelImpl.finishConnect(SocketChannelImpl.java:717)
	at org.apache.ratis.thirdparty.io.netty.channel.socket.nio.NioSocketChannel.doFinishConnect(NioSocketChannel.java:327)
	at org.apache.ratis.thirdparty.io.netty.channel.nio.AbstractNioChannel$AbstractNioUnsafe.finishConnect(AbstractNioChannel.java:340)
	at org.apache.ratis.thirdparty.io.netty.channel.nio.NioEventLoop.processSelectedKey(NioEventLoop.java:632)
	at org.apache.ratis.thirdparty.io.netty.channel.nio.NioEventLoop.processSelectedKeysOptimized(NioEventLoop.java:579)
	at org.apache.ratis.thirdparty.io.netty.channel.nio.NioEventLoop.processSelectedKeys(NioEventLoop.java:496)
	at org.apache.ratis.thirdparty.io.netty.channel.nio.NioEventLoop.run(NioEventLoop.java:458)
	at org.apache.ratis.thirdparty.io.netty.util.concurrent.SingleThreadEventExecutor$5.run(SingleThreadEventExecutor.java:897)
	at org.apache.ratis.thirdparty.io.netty.util.concurrent.FastThreadLocalRunnable.run(FastThreadLocalRunnable.java:30)
	... 1 more
Caused by: java.net.ConnectException: Connection refused
	... 11 more
2019-10-23 12:13:45,032 [4949cace-0585-430c-97a7-3db1e354cdac@group-55CA4A6792A0-LeaderElection210] INFO  impl.RaftServerImpl (RaftServerImpl.java:setRole(184)) - 4949cace-0585-430c-97a7-3db1e354cdac@group-55CA4A6792A0: changes role from CANDIDATE to FOLLOWER at term 10 for DISCOVERED_A_NEW_TERM
2019-10-23 12:13:45,033 [4949cace-0585-430c-97a7-3db1e354cdac@group-55CA4A6792A0-LeaderElection210] INFO  impl.RoleInfo (RoleInfo.java:shutdownLeaderElection(134)) - 4949cace-0585-430c-97a7-3db1e354cdac: shutdown LeaderElection
2019-10-23 12:13:45,033 [4949cace-0585-430c-97a7-3db1e354cdac@group-55CA4A6792A0-LeaderElection210] INFO  impl.RoleInfo (RoleInfo.java:updateAndGet(143)) - 4949cace-0585-430c-97a7-3db1e354cdac: start FollowerState
2019-10-23 12:13:45,072 [Thread-1844] INFO  impl.FollowerState (FollowerState.java:run(108)) - ad4d83c7-0f96-47bc-a4e8-7e5d9f844896@group-24C785E9A0FC-FollowerState: change to CANDIDATE, lastRpcTime:179ms, electionTimeout:179ms
2019-10-23 12:13:45,073 [Thread-1844] INFO  impl.RoleInfo (RoleInfo.java:shutdownFollowerState(121)) - ad4d83c7-0f96-47bc-a4e8-7e5d9f844896: shutdown FollowerState
2019-10-23 12:13:45,073 [Thread-1844] INFO  impl.RaftServerImpl (RaftServerImpl.java:setRole(184)) - ad4d83c7-0f96-47bc-a4e8-7e5d9f844896@group-24C785E9A0FC: changes role from  FOLLOWER to CANDIDATE at term 208 for changeToCandidate
2019-10-23 12:13:45,073 [Thread-1844] INFO  impl.RoleInfo (RoleInfo.java:updateAndGet(143)) - ad4d83c7-0f96-47bc-a4e8-7e5d9f844896: start LeaderElection
2019-10-23 12:13:45,087 [ad4d83c7-0f96-47bc-a4e8-7e5d9f844896@group-24C785E9A0FC-LeaderElection211] INFO  impl.LeaderElection (LeaderElection.java:askForVotes(178)) - ad4d83c7-0f96-47bc-a4e8-7e5d9f844896@group-24C785E9A0FC-LeaderElection211: begin an election at term 209 for -1: [3b749b59-de2a-419b-9a26-261692f5c83c:192.168.69.118:39205, ad4d83c7-0f96-47bc-a4e8-7e5d9f844896:192.168.69.118:41688, 02863277-f564-4bc6-8337-fb22627f6f1a:192.168.69.118:36850], old=null
2019-10-23 12:13:45,088 [ad4d83c7-0f96-47bc-a4e8-7e5d9f844896@group-24C785E9A0FC-LeaderElection211] INFO  impl.LeaderElection (LogUtils.java:infoOrTrace(149)) - ad4d83c7-0f96-47bc-a4e8-7e5d9f844896@group-24C785E9A0FC-LeaderElection211 got exception when requesting votes: {}
java.util.concurrent.ExecutionException: org.apache.ratis.thirdparty.io.grpc.StatusRuntimeException: UNAVAILABLE: io exception
	at java.util.concurrent.FutureTask.report(FutureTask.java:122)
	at java.util.concurrent.FutureTask.get(FutureTask.java:192)
	at org.apache.ratis.server.impl.LeaderElection.waitForResults(LeaderElection.java:259)
	at org.apache.ratis.server.impl.LeaderElection.askForVotes(LeaderElection.java:197)
	at org.apache.ratis.server.impl.LeaderElection.run(LeaderElection.java:133)
	at java.lang.Thread.run(Thread.java:748)
Caused by: org.apache.ratis.thirdparty.io.grpc.StatusRuntimeException: UNAVAILABLE: io exception
	at org.apache.ratis.thirdparty.io.grpc.stub.ClientCalls.toStatusRuntimeException(ClientCalls.java:233)
	at org.apache.ratis.thirdparty.io.grpc.stub.ClientCalls.getUnchecked(ClientCalls.java:214)
	at org.apache.ratis.thirdparty.io.grpc.stub.ClientCalls.blockingUnaryCall(ClientCalls.java:139)
	at org.apache.ratis.proto.grpc.RaftServerProtocolServiceGrpc$RaftServerProtocolServiceBlockingStub.requestVote(RaftServerProtocolServiceGrpc.java:265)
	at org.apache.ratis.grpc.server.GrpcServerProtocolClient.requestVote(GrpcServerProtocolClient.java:99)
	at org.apache.ratis.grpc.server.GrpcService.requestVote(GrpcService.java:204)
	at org.apache.ratis.server.impl.LeaderElection.lambda$submitRequests$1(LeaderElection.java:234)
	at java.util.concurrent.FutureTask.run(FutureTask.java:266)
	at java.util.concurrent.Executors$RunnableAdapter.call(Executors.java:511)
	at java.util.concurrent.FutureTask.run(FutureTask.java:266)
	at java.util.concurrent.ThreadPoolExecutor.runWorker(ThreadPoolExecutor.java:1149)
	at java.util.concurrent.ThreadPoolExecutor$Worker.run(ThreadPoolExecutor.java:624)
	... 1 more
Caused by: org.apache.ratis.thirdparty.io.netty.channel.AbstractChannel$AnnotatedConnectException: Connection refused: /192.168.69.118:39205
	at sun.nio.ch.SocketChannelImpl.checkConnect(Native Method)
	at sun.nio.ch.SocketChannelImpl.finishConnect(SocketChannelImpl.java:717)
	at org.apache.ratis.thirdparty.io.netty.channel.socket.nio.NioSocketChannel.doFinishConnect(NioSocketChannel.java:327)
	at org.apache.ratis.thirdparty.io.netty.channel.nio.AbstractNioChannel$AbstractNioUnsafe.finishConnect(AbstractNioChannel.java:340)
	at org.apache.ratis.thirdparty.io.netty.channel.nio.NioEventLoop.processSelectedKey(NioEventLoop.java:632)
	at org.apache.ratis.thirdparty.io.netty.channel.nio.NioEventLoop.processSelectedKeysOptimized(NioEventLoop.java:579)
	at org.apache.ratis.thirdparty.io.netty.channel.nio.NioEventLoop.processSelectedKeys(NioEventLoop.java:496)
	at org.apache.ratis.thirdparty.io.netty.channel.nio.NioEventLoop.run(NioEventLoop.java:458)
	at org.apache.ratis.thirdparty.io.netty.util.concurrent.SingleThreadEventExecutor$5.run(SingleThreadEventExecutor.java:897)
	at org.apache.ratis.thirdparty.io.netty.util.concurrent.FastThreadLocalRunnable.run(FastThreadLocalRunnable.java:30)
	... 1 more
Caused by: java.net.ConnectException: Connection refused
	... 11 more
2019-10-23 12:13:45,091 [grpc-default-executor-4] INFO  impl.RaftServerImpl (RaftServerImpl.java:setRole(184)) - 02863277-f564-4bc6-8337-fb22627f6f1a@group-24C785E9A0FC: changes role from  FOLLOWER to FOLLOWER at term 209 for recognizeCandidate:ad4d83c7-0f96-47bc-a4e8-7e5d9f844896
2019-10-23 12:13:45,091 [grpc-default-executor-4] INFO  impl.RoleInfo (RoleInfo.java:shutdownFollowerState(121)) - 02863277-f564-4bc6-8337-fb22627f6f1a: shutdown FollowerState
2019-10-23 12:13:45,091 [grpc-default-executor-4] INFO  impl.RoleInfo (RoleInfo.java:updateAndGet(143)) - 02863277-f564-4bc6-8337-fb22627f6f1a: start FollowerState
2019-10-23 12:13:45,091 [Thread-1843] INFO  impl.FollowerState (FollowerState.java:run(117)) - 02863277-f564-4bc6-8337-fb22627f6f1a@group-24C785E9A0FC-FollowerState was interrupted: java.lang.InterruptedException: sleep interrupted
2019-10-23 12:13:45,107 [ad4d83c7-0f96-47bc-a4e8-7e5d9f844896@group-24C785E9A0FC-LeaderElection211] INFO  impl.LeaderElection (LeaderElection.java:logAndReturn(56)) - ad4d83c7-0f96-47bc-a4e8-7e5d9f844896@group-24C785E9A0FC-LeaderElection211: Election REJECTED; received 1 response(s) [ad4d83c7-0f96-47bc-a4e8-7e5d9f844896<-02863277-f564-4bc6-8337-fb22627f6f1a#0:FAIL-t209] and 1 exception(s); ad4d83c7-0f96-47bc-a4e8-7e5d9f844896@group-24C785E9A0FC:t209, leader=null, voted=ad4d83c7-0f96-47bc-a4e8-7e5d9f844896, raftlog=ad4d83c7-0f96-47bc-a4e8-7e5d9f844896@group-24C785E9A0FC-SegmentedRaftLog:OPENED:c-1,f-1,i0, conf=-1: [3b749b59-de2a-419b-9a26-261692f5c83c:192.168.69.118:39205, ad4d83c7-0f96-47bc-a4e8-7e5d9f844896:192.168.69.118:41688, 02863277-f564-4bc6-8337-fb22627f6f1a:192.168.69.118:36850], old=null
2019-10-23 12:13:45,107 [ad4d83c7-0f96-47bc-a4e8-7e5d9f844896@group-24C785E9A0FC-LeaderElection211] INFO  impl.LeaderElection (LogUtils.java:infoOrTrace(149)) -   Exception 0: {}
java.util.concurrent.ExecutionException: org.apache.ratis.thirdparty.io.grpc.StatusRuntimeException: UNAVAILABLE: io exception
	at java.util.concurrent.FutureTask.report(FutureTask.java:122)
	at java.util.concurrent.FutureTask.get(FutureTask.java:192)
	at org.apache.ratis.server.impl.LeaderElection.waitForResults(LeaderElection.java:259)
	at org.apache.ratis.server.impl.LeaderElection.askForVotes(LeaderElection.java:197)
	at org.apache.ratis.server.impl.LeaderElection.run(LeaderElection.java:133)
	at java.lang.Thread.run(Thread.java:748)
Caused by: org.apache.ratis.thirdparty.io.grpc.StatusRuntimeException: UNAVAILABLE: io exception
	at org.apache.ratis.thirdparty.io.grpc.stub.ClientCalls.toStatusRuntimeException(ClientCalls.java:233)
	at org.apache.ratis.thirdparty.io.grpc.stub.ClientCalls.getUnchecked(ClientCalls.java:214)
	at org.apache.ratis.thirdparty.io.grpc.stub.ClientCalls.blockingUnaryCall(ClientCalls.java:139)
	at org.apache.ratis.proto.grpc.RaftServerProtocolServiceGrpc$RaftServerProtocolServiceBlockingStub.requestVote(RaftServerProtocolServiceGrpc.java:265)
	at org.apache.ratis.grpc.server.GrpcServerProtocolClient.requestVote(GrpcServerProtocolClient.java:99)
	at org.apache.ratis.grpc.server.GrpcService.requestVote(GrpcService.java:204)
	at org.apache.ratis.server.impl.LeaderElection.lambda$submitRequests$1(LeaderElection.java:234)
	at java.util.concurrent.FutureTask.run(FutureTask.java:266)
	at java.util.concurrent.Executors$RunnableAdapter.call(Executors.java:511)
	at java.util.concurrent.FutureTask.run(FutureTask.java:266)
	at java.util.concurrent.ThreadPoolExecutor.runWorker(ThreadPoolExecutor.java:1149)
	at java.util.concurrent.ThreadPoolExecutor$Worker.run(ThreadPoolExecutor.java:624)
	... 1 more
Caused by: org.apache.ratis.thirdparty.io.netty.channel.AbstractChannel$AnnotatedConnectException: Connection refused: /192.168.69.118:39205
	at sun.nio.ch.SocketChannelImpl.checkConnect(Native Method)
	at sun.nio.ch.SocketChannelImpl.finishConnect(SocketChannelImpl.java:717)
	at org.apache.ratis.thirdparty.io.netty.channel.socket.nio.NioSocketChannel.doFinishConnect(NioSocketChannel.java:327)
	at org.apache.ratis.thirdparty.io.netty.channel.nio.AbstractNioChannel$AbstractNioUnsafe.finishConnect(AbstractNioChannel.java:340)
	at org.apache.ratis.thirdparty.io.netty.channel.nio.NioEventLoop.processSelectedKey(NioEventLoop.java:632)
	at org.apache.ratis.thirdparty.io.netty.channel.nio.NioEventLoop.processSelectedKeysOptimized(NioEventLoop.java:579)
	at org.apache.ratis.thirdparty.io.netty.channel.nio.NioEventLoop.processSelectedKeys(NioEventLoop.java:496)
	at org.apache.ratis.thirdparty.io.netty.channel.nio.NioEventLoop.run(NioEventLoop.java:458)
	at org.apache.ratis.thirdparty.io.netty.util.concurrent.SingleThreadEventExecutor$5.run(SingleThreadEventExecutor.java:897)
	at org.apache.ratis.thirdparty.io.netty.util.concurrent.FastThreadLocalRunnable.run(FastThreadLocalRunnable.java:30)
	... 1 more
Caused by: java.net.ConnectException: Connection refused
	... 11 more
2019-10-23 12:13:45,108 [ad4d83c7-0f96-47bc-a4e8-7e5d9f844896@group-24C785E9A0FC-LeaderElection211] INFO  impl.RaftServerImpl (RaftServerImpl.java:setRole(184)) - ad4d83c7-0f96-47bc-a4e8-7e5d9f844896@group-24C785E9A0FC: changes role from CANDIDATE to FOLLOWER at term 209 for DISCOVERED_A_NEW_TERM
2019-10-23 12:13:45,108 [ad4d83c7-0f96-47bc-a4e8-7e5d9f844896@group-24C785E9A0FC-LeaderElection211] INFO  impl.RoleInfo (RoleInfo.java:shutdownLeaderElection(134)) - ad4d83c7-0f96-47bc-a4e8-7e5d9f844896: shutdown LeaderElection
2019-10-23 12:13:45,108 [ad4d83c7-0f96-47bc-a4e8-7e5d9f844896@group-24C785E9A0FC-LeaderElection211] INFO  impl.RoleInfo (RoleInfo.java:updateAndGet(143)) - ad4d83c7-0f96-47bc-a4e8-7e5d9f844896: start FollowerState
2019-10-23 12:13:45,141 [Thread-1853] INFO  impl.FollowerState (FollowerState.java:run(108)) - ad4d83c7-0f96-47bc-a4e8-7e5d9f844896@group-24C785E9A0FC-FollowerState: change to CANDIDATE, lastRpcTime:33ms, electionTimeout:33ms
2019-10-23 12:13:45,142 [Thread-1853] INFO  impl.RoleInfo (RoleInfo.java:shutdownFollowerState(121)) - ad4d83c7-0f96-47bc-a4e8-7e5d9f844896: shutdown FollowerState
2019-10-23 12:13:45,142 [Thread-1853] INFO  impl.RaftServerImpl (RaftServerImpl.java:setRole(184)) - ad4d83c7-0f96-47bc-a4e8-7e5d9f844896@group-24C785E9A0FC: changes role from  FOLLOWER to CANDIDATE at term 209 for changeToCandidate
2019-10-23 12:13:45,142 [Thread-1853] INFO  impl.RoleInfo (RoleInfo.java:updateAndGet(143)) - ad4d83c7-0f96-47bc-a4e8-7e5d9f844896: start LeaderElection
2019-10-23 12:13:45,155 [ad4d83c7-0f96-47bc-a4e8-7e5d9f844896@group-24C785E9A0FC-LeaderElection212] INFO  impl.LeaderElection (LeaderElection.java:askForVotes(178)) - ad4d83c7-0f96-47bc-a4e8-7e5d9f844896@group-24C785E9A0FC-LeaderElection212: begin an election at term 210 for -1: [3b749b59-de2a-419b-9a26-261692f5c83c:192.168.69.118:39205, ad4d83c7-0f96-47bc-a4e8-7e5d9f844896:192.168.69.118:41688, 02863277-f564-4bc6-8337-fb22627f6f1a:192.168.69.118:36850], old=null
2019-10-23 12:13:45,156 [ad4d83c7-0f96-47bc-a4e8-7e5d9f844896@group-24C785E9A0FC-LeaderElection212] INFO  impl.LeaderElection (LogUtils.java:infoOrTrace(149)) - ad4d83c7-0f96-47bc-a4e8-7e5d9f844896@group-24C785E9A0FC-LeaderElection212 got exception when requesting votes: {}
java.util.concurrent.ExecutionException: org.apache.ratis.thirdparty.io.grpc.StatusRuntimeException: UNAVAILABLE: io exception
	at java.util.concurrent.FutureTask.report(FutureTask.java:122)
	at java.util.concurrent.FutureTask.get(FutureTask.java:192)
	at org.apache.ratis.server.impl.LeaderElection.waitForResults(LeaderElection.java:259)
	at org.apache.ratis.server.impl.LeaderElection.askForVotes(LeaderElection.java:197)
	at org.apache.ratis.server.impl.LeaderElection.run(LeaderElection.java:133)
	at java.lang.Thread.run(Thread.java:748)
Caused by: org.apache.ratis.thirdparty.io.grpc.StatusRuntimeException: UNAVAILABLE: io exception
	at org.apache.ratis.thirdparty.io.grpc.stub.ClientCalls.toStatusRuntimeException(ClientCalls.java:233)
	at org.apache.ratis.thirdparty.io.grpc.stub.ClientCalls.getUnchecked(ClientCalls.java:214)
	at org.apache.ratis.thirdparty.io.grpc.stub.ClientCalls.blockingUnaryCall(ClientCalls.java:139)
	at org.apache.ratis.proto.grpc.RaftServerProtocolServiceGrpc$RaftServerProtocolServiceBlockingStub.requestVote(RaftServerProtocolServiceGrpc.java:265)
	at org.apache.ratis.grpc.server.GrpcServerProtocolClient.requestVote(GrpcServerProtocolClient.java:99)
	at org.apache.ratis.grpc.server.GrpcService.requestVote(GrpcService.java:204)
	at org.apache.ratis.server.impl.LeaderElection.lambda$submitRequests$1(LeaderElection.java:234)
	at java.util.concurrent.FutureTask.run(FutureTask.java:266)
	at java.util.concurrent.Executors$RunnableAdapter.call(Executors.java:511)
	at java.util.concurrent.FutureTask.run(FutureTask.java:266)
	at java.util.concurrent.ThreadPoolExecutor.runWorker(ThreadPoolExecutor.java:1149)
	at java.util.concurrent.ThreadPoolExecutor$Worker.run(ThreadPoolExecutor.java:624)
	... 1 more
Caused by: org.apache.ratis.thirdparty.io.netty.channel.AbstractChannel$AnnotatedConnectException: Connection refused: /192.168.69.118:39205
	at sun.nio.ch.SocketChannelImpl.checkConnect(Native Method)
	at sun.nio.ch.SocketChannelImpl.finishConnect(SocketChannelImpl.java:717)
	at org.apache.ratis.thirdparty.io.netty.channel.socket.nio.NioSocketChannel.doFinishConnect(NioSocketChannel.java:327)
	at org.apache.ratis.thirdparty.io.netty.channel.nio.AbstractNioChannel$AbstractNioUnsafe.finishConnect(AbstractNioChannel.java:340)
	at org.apache.ratis.thirdparty.io.netty.channel.nio.NioEventLoop.processSelectedKey(NioEventLoop.java:632)
	at org.apache.ratis.thirdparty.io.netty.channel.nio.NioEventLoop.processSelectedKeysOptimized(NioEventLoop.java:579)
	at org.apache.ratis.thirdparty.io.netty.channel.nio.NioEventLoop.processSelectedKeys(NioEventLoop.java:496)
	at org.apache.ratis.thirdparty.io.netty.channel.nio.NioEventLoop.run(NioEventLoop.java:458)
	at org.apache.ratis.thirdparty.io.netty.util.concurrent.SingleThreadEventExecutor$5.run(SingleThreadEventExecutor.java:897)
	at org.apache.ratis.thirdparty.io.netty.util.concurrent.FastThreadLocalRunnable.run(FastThreadLocalRunnable.java:30)
	... 1 more
Caused by: java.net.ConnectException: Connection refused
	... 11 more
2019-10-23 12:13:45,157 [grpc-default-executor-4] INFO  impl.RaftServerImpl (RaftServerImpl.java:setRole(184)) - 02863277-f564-4bc6-8337-fb22627f6f1a@group-24C785E9A0FC: changes role from  FOLLOWER to FOLLOWER at term 210 for recognizeCandidate:ad4d83c7-0f96-47bc-a4e8-7e5d9f844896
2019-10-23 12:13:45,157 [grpc-default-executor-4] INFO  impl.RoleInfo (RoleInfo.java:shutdownFollowerState(121)) - 02863277-f564-4bc6-8337-fb22627f6f1a: shutdown FollowerState
2019-10-23 12:13:45,157 [grpc-default-executor-4] INFO  impl.RoleInfo (RoleInfo.java:updateAndGet(143)) - 02863277-f564-4bc6-8337-fb22627f6f1a: start FollowerState
2019-10-23 12:13:45,157 [Thread-1852] INFO  impl.FollowerState (FollowerState.java:run(117)) - 02863277-f564-4bc6-8337-fb22627f6f1a@group-24C785E9A0FC-FollowerState was interrupted: java.lang.InterruptedException: sleep interrupted
2019-10-23 12:13:45,172 [ad4d83c7-0f96-47bc-a4e8-7e5d9f844896@group-24C785E9A0FC-LeaderElection212] INFO  impl.LeaderElection (LeaderElection.java:logAndReturn(56)) - ad4d83c7-0f96-47bc-a4e8-7e5d9f844896@group-24C785E9A0FC-LeaderElection212: Election REJECTED; received 1 response(s) [ad4d83c7-0f96-47bc-a4e8-7e5d9f844896<-02863277-f564-4bc6-8337-fb22627f6f1a#0:FAIL-t210] and 1 exception(s); ad4d83c7-0f96-47bc-a4e8-7e5d9f844896@group-24C785E9A0FC:t210, leader=null, voted=ad4d83c7-0f96-47bc-a4e8-7e5d9f844896, raftlog=ad4d83c7-0f96-47bc-a4e8-7e5d9f844896@group-24C785E9A0FC-SegmentedRaftLog:OPENED:c-1,f-1,i0, conf=-1: [3b749b59-de2a-419b-9a26-261692f5c83c:192.168.69.118:39205, ad4d83c7-0f96-47bc-a4e8-7e5d9f844896:192.168.69.118:41688, 02863277-f564-4bc6-8337-fb22627f6f1a:192.168.69.118:36850], old=null
2019-10-23 12:13:45,172 [ad4d83c7-0f96-47bc-a4e8-7e5d9f844896@group-24C785E9A0FC-LeaderElection212] INFO  impl.LeaderElection (LogUtils.java:infoOrTrace(149)) -   Exception 0: {}
java.util.concurrent.ExecutionException: org.apache.ratis.thirdparty.io.grpc.StatusRuntimeException: UNAVAILABLE: io exception
	at java.util.concurrent.FutureTask.report(FutureTask.java:122)
	at java.util.concurrent.FutureTask.get(FutureTask.java:192)
	at org.apache.ratis.server.impl.LeaderElection.waitForResults(LeaderElection.java:259)
	at org.apache.ratis.server.impl.LeaderElection.askForVotes(LeaderElection.java:197)
	at org.apache.ratis.server.impl.LeaderElection.run(LeaderElection.java:133)
	at java.lang.Thread.run(Thread.java:748)
Caused by: org.apache.ratis.thirdparty.io.grpc.StatusRuntimeException: UNAVAILABLE: io exception
	at org.apache.ratis.thirdparty.io.grpc.stub.ClientCalls.toStatusRuntimeException(ClientCalls.java:233)
	at org.apache.ratis.thirdparty.io.grpc.stub.ClientCalls.getUnchecked(ClientCalls.java:214)
	at org.apache.ratis.thirdparty.io.grpc.stub.ClientCalls.blockingUnaryCall(ClientCalls.java:139)
	at org.apache.ratis.proto.grpc.RaftServerProtocolServiceGrpc$RaftServerProtocolServiceBlockingStub.requestVote(RaftServerProtocolServiceGrpc.java:265)
	at org.apache.ratis.grpc.server.GrpcServerProtocolClient.requestVote(GrpcServerProtocolClient.java:99)
	at org.apache.ratis.grpc.server.GrpcService.requestVote(GrpcService.java:204)
	at org.apache.ratis.server.impl.LeaderElection.lambda$submitRequests$1(LeaderElection.java:234)
	at java.util.concurrent.FutureTask.run(FutureTask.java:266)
	at java.util.concurrent.Executors$RunnableAdapter.call(Executors.java:511)
	at java.util.concurrent.FutureTask.run(FutureTask.java:266)
	at java.util.concurrent.ThreadPoolExecutor.runWorker(ThreadPoolExecutor.java:1149)
	at java.util.concurrent.ThreadPoolExecutor$Worker.run(ThreadPoolExecutor.java:624)
	... 1 more
Caused by: org.apache.ratis.thirdparty.io.netty.channel.AbstractChannel$AnnotatedConnectException: Connection refused: /192.168.69.118:39205
	at sun.nio.ch.SocketChannelImpl.checkConnect(Native Method)
	at sun.nio.ch.SocketChannelImpl.finishConnect(SocketChannelImpl.java:717)
	at org.apache.ratis.thirdparty.io.netty.channel.socket.nio.NioSocketChannel.doFinishConnect(NioSocketChannel.java:327)
	at org.apache.ratis.thirdparty.io.netty.channel.nio.AbstractNioChannel$AbstractNioUnsafe.finishConnect(AbstractNioChannel.java:340)
	at org.apache.ratis.thirdparty.io.netty.channel.nio.NioEventLoop.processSelectedKey(NioEventLoop.java:632)
	at org.apache.ratis.thirdparty.io.netty.channel.nio.NioEventLoop.processSelectedKeysOptimized(NioEventLoop.java:579)
	at org.apache.ratis.thirdparty.io.netty.channel.nio.NioEventLoop.processSelectedKeys(NioEventLoop.java:496)
	at org.apache.ratis.thirdparty.io.netty.channel.nio.NioEventLoop.run(NioEventLoop.java:458)
	at org.apache.ratis.thirdparty.io.netty.util.concurrent.SingleThreadEventExecutor$5.run(SingleThreadEventExecutor.java:897)
	at org.apache.ratis.thirdparty.io.netty.util.concurrent.FastThreadLocalRunnable.run(FastThreadLocalRunnable.java:30)
	... 1 more
Caused by: java.net.ConnectException: Connection refused
	... 11 more
2019-10-23 12:13:45,172 [ad4d83c7-0f96-47bc-a4e8-7e5d9f844896@group-24C785E9A0FC-LeaderElection212] INFO  impl.RaftServerImpl (RaftServerImpl.java:setRole(184)) - ad4d83c7-0f96-47bc-a4e8-7e5d9f844896@group-24C785E9A0FC: changes role from CANDIDATE to FOLLOWER at term 210 for DISCOVERED_A_NEW_TERM
2019-10-23 12:13:45,172 [ad4d83c7-0f96-47bc-a4e8-7e5d9f844896@group-24C785E9A0FC-LeaderElection212] INFO  impl.RoleInfo (RoleInfo.java:shutdownLeaderElection(134)) - ad4d83c7-0f96-47bc-a4e8-7e5d9f844896: shutdown LeaderElection
2019-10-23 12:13:45,172 [ad4d83c7-0f96-47bc-a4e8-7e5d9f844896@group-24C785E9A0FC-LeaderElection212] INFO  impl.RoleInfo (RoleInfo.java:updateAndGet(143)) - ad4d83c7-0f96-47bc-a4e8-7e5d9f844896: start FollowerState
2019-10-23 12:13:45,337 [Thread-1858] INFO  impl.FollowerState (FollowerState.java:run(108)) - ad4d83c7-0f96-47bc-a4e8-7e5d9f844896@group-24C785E9A0FC-FollowerState: change to CANDIDATE, lastRpcTime:164ms, electionTimeout:164ms
2019-10-23 12:13:45,337 [Thread-1858] INFO  impl.RoleInfo (RoleInfo.java:shutdownFollowerState(121)) - ad4d83c7-0f96-47bc-a4e8-7e5d9f844896: shutdown FollowerState
2019-10-23 12:13:45,337 [Thread-1858] INFO  impl.RaftServerImpl (RaftServerImpl.java:setRole(184)) - ad4d83c7-0f96-47bc-a4e8-7e5d9f844896@group-24C785E9A0FC: changes role from  FOLLOWER to CANDIDATE at term 210 for changeToCandidate
2019-10-23 12:13:45,337 [Thread-1858] INFO  impl.RoleInfo (RoleInfo.java:updateAndGet(143)) - ad4d83c7-0f96-47bc-a4e8-7e5d9f844896: start LeaderElection
2019-10-23 12:13:45,349 [ad4d83c7-0f96-47bc-a4e8-7e5d9f844896@group-24C785E9A0FC-LeaderElection213] INFO  impl.LeaderElection (LeaderElection.java:askForVotes(178)) - ad4d83c7-0f96-47bc-a4e8-7e5d9f844896@group-24C785E9A0FC-LeaderElection213: begin an election at term 211 for -1: [3b749b59-de2a-419b-9a26-261692f5c83c:192.168.69.118:39205, ad4d83c7-0f96-47bc-a4e8-7e5d9f844896:192.168.69.118:41688, 02863277-f564-4bc6-8337-fb22627f6f1a:192.168.69.118:36850], old=null
2019-10-23 12:13:45,352 [ad4d83c7-0f96-47bc-a4e8-7e5d9f844896@group-24C785E9A0FC-LeaderElection213] INFO  impl.LeaderElection (LogUtils.java:infoOrTrace(149)) - ad4d83c7-0f96-47bc-a4e8-7e5d9f844896@group-24C785E9A0FC-LeaderElection213 got exception when requesting votes: {}
java.util.concurrent.ExecutionException: org.apache.ratis.thirdparty.io.grpc.StatusRuntimeException: UNAVAILABLE: io exception
	at java.util.concurrent.FutureTask.report(FutureTask.java:122)
	at java.util.concurrent.FutureTask.get(FutureTask.java:192)
	at org.apache.ratis.server.impl.LeaderElection.waitForResults(LeaderElection.java:259)
	at org.apache.ratis.server.impl.LeaderElection.askForVotes(LeaderElection.java:197)
	at org.apache.ratis.server.impl.LeaderElection.run(LeaderElection.java:133)
	at java.lang.Thread.run(Thread.java:748)
Caused by: org.apache.ratis.thirdparty.io.grpc.StatusRuntimeException: UNAVAILABLE: io exception
	at org.apache.ratis.thirdparty.io.grpc.stub.ClientCalls.toStatusRuntimeException(ClientCalls.java:233)
	at org.apache.ratis.thirdparty.io.grpc.stub.ClientCalls.getUnchecked(ClientCalls.java:214)
	at org.apache.ratis.thirdparty.io.grpc.stub.ClientCalls.blockingUnaryCall(ClientCalls.java:139)
	at org.apache.ratis.proto.grpc.RaftServerProtocolServiceGrpc$RaftServerProtocolServiceBlockingStub.requestVote(RaftServerProtocolServiceGrpc.java:265)
	at org.apache.ratis.grpc.server.GrpcServerProtocolClient.requestVote(GrpcServerProtocolClient.java:99)
	at org.apache.ratis.grpc.server.GrpcService.requestVote(GrpcService.java:204)
	at org.apache.ratis.server.impl.LeaderElection.lambda$submitRequests$1(LeaderElection.java:234)
	at java.util.concurrent.FutureTask.run(FutureTask.java:266)
	at java.util.concurrent.Executors$RunnableAdapter.call(Executors.java:511)
	at java.util.concurrent.FutureTask.run(FutureTask.java:266)
	at java.util.concurrent.ThreadPoolExecutor.runWorker(ThreadPoolExecutor.java:1149)
	at java.util.concurrent.ThreadPoolExecutor$Worker.run(ThreadPoolExecutor.java:624)
	... 1 more
Caused by: org.apache.ratis.thirdparty.io.netty.channel.AbstractChannel$AnnotatedConnectException: Connection refused: /192.168.69.118:39205
	at sun.nio.ch.SocketChannelImpl.checkConnect(Native Method)
	at sun.nio.ch.SocketChannelImpl.finishConnect(SocketChannelImpl.java:717)
	at org.apache.ratis.thirdparty.io.netty.channel.socket.nio.NioSocketChannel.doFinishConnect(NioSocketChannel.java:327)
	at org.apache.ratis.thirdparty.io.netty.channel.nio.AbstractNioChannel$AbstractNioUnsafe.finishConnect(AbstractNioChannel.java:340)
	at org.apache.ratis.thirdparty.io.netty.channel.nio.NioEventLoop.processSelectedKey(NioEventLoop.java:632)
	at org.apache.ratis.thirdparty.io.netty.channel.nio.NioEventLoop.processSelectedKeysOptimized(NioEventLoop.java:579)
	at org.apache.ratis.thirdparty.io.netty.channel.nio.NioEventLoop.processSelectedKeys(NioEventLoop.java:496)
	at org.apache.ratis.thirdparty.io.netty.channel.nio.NioEventLoop.run(NioEventLoop.java:458)
	at org.apache.ratis.thirdparty.io.netty.util.concurrent.SingleThreadEventExecutor$5.run(SingleThreadEventExecutor.java:897)
	at org.apache.ratis.thirdparty.io.netty.util.concurrent.FastThreadLocalRunnable.run(FastThreadLocalRunnable.java:30)
	... 1 more
Caused by: java.net.ConnectException: Connection refused
	... 11 more
2019-10-23 12:13:45,353 [grpc-default-executor-4] INFO  impl.RaftServerImpl (RaftServerImpl.java:setRole(184)) - 02863277-f564-4bc6-8337-fb22627f6f1a@group-24C785E9A0FC: changes role from  FOLLOWER to FOLLOWER at term 211 for recognizeCandidate:ad4d83c7-0f96-47bc-a4e8-7e5d9f844896
2019-10-23 12:13:45,353 [grpc-default-executor-4] INFO  impl.RoleInfo (RoleInfo.java:shutdownFollowerState(121)) - 02863277-f564-4bc6-8337-fb22627f6f1a: shutdown FollowerState
2019-10-23 12:13:45,354 [grpc-default-executor-4] INFO  impl.RoleInfo (RoleInfo.java:updateAndGet(143)) - 02863277-f564-4bc6-8337-fb22627f6f1a: start FollowerState
2019-10-23 12:13:45,354 [Thread-1857] INFO  impl.FollowerState (FollowerState.java:run(117)) - 02863277-f564-4bc6-8337-fb22627f6f1a@group-24C785E9A0FC-FollowerState was interrupted: java.lang.InterruptedException: sleep interrupted
2019-10-23 12:13:45,368 [ad4d83c7-0f96-47bc-a4e8-7e5d9f844896@group-24C785E9A0FC-LeaderElection213] INFO  impl.LeaderElection (LeaderElection.java:logAndReturn(56)) - ad4d83c7-0f96-47bc-a4e8-7e5d9f844896@group-24C785E9A0FC-LeaderElection213: Election REJECTED; received 1 response(s) [ad4d83c7-0f96-47bc-a4e8-7e5d9f844896<-02863277-f564-4bc6-8337-fb22627f6f1a#0:FAIL-t211] and 1 exception(s); ad4d83c7-0f96-47bc-a4e8-7e5d9f844896@group-24C785E9A0FC:t211, leader=null, voted=ad4d83c7-0f96-47bc-a4e8-7e5d9f844896, raftlog=ad4d83c7-0f96-47bc-a4e8-7e5d9f844896@group-24C785E9A0FC-SegmentedRaftLog:OPENED:c-1,f-1,i0, conf=-1: [3b749b59-de2a-419b-9a26-261692f5c83c:192.168.69.118:39205, ad4d83c7-0f96-47bc-a4e8-7e5d9f844896:192.168.69.118:41688, 02863277-f564-4bc6-8337-fb22627f6f1a:192.168.69.118:36850], old=null
2019-10-23 12:13:45,368 [ad4d83c7-0f96-47bc-a4e8-7e5d9f844896@group-24C785E9A0FC-LeaderElection213] INFO  impl.LeaderElection (LogUtils.java:infoOrTrace(149)) -   Exception 0: {}
java.util.concurrent.ExecutionException: org.apache.ratis.thirdparty.io.grpc.StatusRuntimeException: UNAVAILABLE: io exception
	at java.util.concurrent.FutureTask.report(FutureTask.java:122)
	at java.util.concurrent.FutureTask.get(FutureTask.java:192)
	at org.apache.ratis.server.impl.LeaderElection.waitForResults(LeaderElection.java:259)
	at org.apache.ratis.server.impl.LeaderElection.askForVotes(LeaderElection.java:197)
	at org.apache.ratis.server.impl.LeaderElection.run(LeaderElection.java:133)
	at java.lang.Thread.run(Thread.java:748)
Caused by: org.apache.ratis.thirdparty.io.grpc.StatusRuntimeException: UNAVAILABLE: io exception
	at org.apache.ratis.thirdparty.io.grpc.stub.ClientCalls.toStatusRuntimeException(ClientCalls.java:233)
	at org.apache.ratis.thirdparty.io.grpc.stub.ClientCalls.getUnchecked(ClientCalls.java:214)
	at org.apache.ratis.thirdparty.io.grpc.stub.ClientCalls.blockingUnaryCall(ClientCalls.java:139)
	at org.apache.ratis.proto.grpc.RaftServerProtocolServiceGrpc$RaftServerProtocolServiceBlockingStub.requestVote(RaftServerProtocolServiceGrpc.java:265)
	at org.apache.ratis.grpc.server.GrpcServerProtocolClient.requestVote(GrpcServerProtocolClient.java:99)
	at org.apache.ratis.grpc.server.GrpcService.requestVote(GrpcService.java:204)
	at org.apache.ratis.server.impl.LeaderElection.lambda$submitRequests$1(LeaderElection.java:234)
	at java.util.concurrent.FutureTask.run(FutureTask.java:266)
	at java.util.concurrent.Executors$RunnableAdapter.call(Executors.java:511)
	at java.util.concurrent.FutureTask.run(FutureTask.java:266)
	at java.util.concurrent.ThreadPoolExecutor.runWorker(ThreadPoolExecutor.java:1149)
	at java.util.concurrent.ThreadPoolExecutor$Worker.run(ThreadPoolExecutor.java:624)
	... 1 more
Caused by: org.apache.ratis.thirdparty.io.netty.channel.AbstractChannel$AnnotatedConnectException: Connection refused: /192.168.69.118:39205
	at sun.nio.ch.SocketChannelImpl.checkConnect(Native Method)
	at sun.nio.ch.SocketChannelImpl.finishConnect(SocketChannelImpl.java:717)
	at org.apache.ratis.thirdparty.io.netty.channel.socket.nio.NioSocketChannel.doFinishConnect(NioSocketChannel.java:327)
	at org.apache.ratis.thirdparty.io.netty.channel.nio.AbstractNioChannel$AbstractNioUnsafe.finishConnect(AbstractNioChannel.java:340)
	at org.apache.ratis.thirdparty.io.netty.channel.nio.NioEventLoop.processSelectedKey(NioEventLoop.java:632)
	at org.apache.ratis.thirdparty.io.netty.channel.nio.NioEventLoop.processSelectedKeysOptimized(NioEventLoop.java:579)
	at org.apache.ratis.thirdparty.io.netty.channel.nio.NioEventLoop.processSelectedKeys(NioEventLoop.java:496)
	at org.apache.ratis.thirdparty.io.netty.channel.nio.NioEventLoop.run(NioEventLoop.java:458)
	at org.apache.ratis.thirdparty.io.netty.util.concurrent.SingleThreadEventExecutor$5.run(SingleThreadEventExecutor.java:897)
	at org.apache.ratis.thirdparty.io.netty.util.concurrent.FastThreadLocalRunnable.run(FastThreadLocalRunnable.java:30)
	... 1 more
Caused by: java.net.ConnectException: Connection refused
	... 11 more
2019-10-23 12:13:45,369 [ad4d83c7-0f96-47bc-a4e8-7e5d9f844896@group-24C785E9A0FC-LeaderElection213] INFO  impl.RaftServerImpl (RaftServerImpl.java:setRole(184)) - ad4d83c7-0f96-47bc-a4e8-7e5d9f844896@group-24C785E9A0FC: changes role from CANDIDATE to FOLLOWER at term 211 for DISCOVERED_A_NEW_TERM
2019-10-23 12:13:45,369 [ad4d83c7-0f96-47bc-a4e8-7e5d9f844896@group-24C785E9A0FC-LeaderElection213] INFO  impl.RoleInfo (RoleInfo.java:shutdownLeaderElection(134)) - ad4d83c7-0f96-47bc-a4e8-7e5d9f844896: shutdown LeaderElection
2019-10-23 12:13:45,369 [ad4d83c7-0f96-47bc-a4e8-7e5d9f844896@group-24C785E9A0FC-LeaderElection213] INFO  impl.RoleInfo (RoleInfo.java:updateAndGet(143)) - ad4d83c7-0f96-47bc-a4e8-7e5d9f844896: start FollowerState
2019-10-23 12:13:45,428 [Thread-1863] INFO  impl.FollowerState (FollowerState.java:run(108)) - ad4d83c7-0f96-47bc-a4e8-7e5d9f844896@group-24C785E9A0FC-FollowerState: change to CANDIDATE, lastRpcTime:59ms, electionTimeout:59ms
2019-10-23 12:13:45,428 [Thread-1863] INFO  impl.RoleInfo (RoleInfo.java:shutdownFollowerState(121)) - ad4d83c7-0f96-47bc-a4e8-7e5d9f844896: shutdown FollowerState
2019-10-23 12:13:45,428 [Thread-1863] INFO  impl.RaftServerImpl (RaftServerImpl.java:setRole(184)) - ad4d83c7-0f96-47bc-a4e8-7e5d9f844896@group-24C785E9A0FC: changes role from  FOLLOWER to CANDIDATE at term 211 for changeToCandidate
2019-10-23 12:13:45,429 [Thread-1863] INFO  impl.RoleInfo (RoleInfo.java:updateAndGet(143)) - ad4d83c7-0f96-47bc-a4e8-7e5d9f844896: start LeaderElection
2019-10-23 12:13:45,442 [ad4d83c7-0f96-47bc-a4e8-7e5d9f844896@group-24C785E9A0FC-LeaderElection214] INFO  impl.LeaderElection (LeaderElection.java:askForVotes(178)) - ad4d83c7-0f96-47bc-a4e8-7e5d9f844896@group-24C785E9A0FC-LeaderElection214: begin an election at term 212 for -1: [3b749b59-de2a-419b-9a26-261692f5c83c:192.168.69.118:39205, ad4d83c7-0f96-47bc-a4e8-7e5d9f844896:192.168.69.118:41688, 02863277-f564-4bc6-8337-fb22627f6f1a:192.168.69.118:36850], old=null
2019-10-23 12:13:45,443 [ad4d83c7-0f96-47bc-a4e8-7e5d9f844896@group-24C785E9A0FC-LeaderElection214] INFO  impl.LeaderElection (LogUtils.java:infoOrTrace(149)) - ad4d83c7-0f96-47bc-a4e8-7e5d9f844896@group-24C785E9A0FC-LeaderElection214 got exception when requesting votes: {}
java.util.concurrent.ExecutionException: org.apache.ratis.thirdparty.io.grpc.StatusRuntimeException: UNAVAILABLE: io exception
	at java.util.concurrent.FutureTask.report(FutureTask.java:122)
	at java.util.concurrent.FutureTask.get(FutureTask.java:192)
	at org.apache.ratis.server.impl.LeaderElection.waitForResults(LeaderElection.java:259)
	at org.apache.ratis.server.impl.LeaderElection.askForVotes(LeaderElection.java:197)
	at org.apache.ratis.server.impl.LeaderElection.run(LeaderElection.java:133)
	at java.lang.Thread.run(Thread.java:748)
Caused by: org.apache.ratis.thirdparty.io.grpc.StatusRuntimeException: UNAVAILABLE: io exception
	at org.apache.ratis.thirdparty.io.grpc.stub.ClientCalls.toStatusRuntimeException(ClientCalls.java:233)
	at org.apache.ratis.thirdparty.io.grpc.stub.ClientCalls.getUnchecked(ClientCalls.java:214)
	at org.apache.ratis.thirdparty.io.grpc.stub.ClientCalls.blockingUnaryCall(ClientCalls.java:139)
	at org.apache.ratis.proto.grpc.RaftServerProtocolServiceGrpc$RaftServerProtocolServiceBlockingStub.requestVote(RaftServerProtocolServiceGrpc.java:265)
	at org.apache.ratis.grpc.server.GrpcServerProtocolClient.requestVote(GrpcServerProtocolClient.java:99)
	at org.apache.ratis.grpc.server.GrpcService.requestVote(GrpcService.java:204)
	at org.apache.ratis.server.impl.LeaderElection.lambda$submitRequests$1(LeaderElection.java:234)
	at java.util.concurrent.FutureTask.run(FutureTask.java:266)
	at java.util.concurrent.Executors$RunnableAdapter.call(Executors.java:511)
	at java.util.concurrent.FutureTask.run(FutureTask.java:266)
	at java.util.concurrent.ThreadPoolExecutor.runWorker(ThreadPoolExecutor.java:1149)
	at java.util.concurrent.ThreadPoolExecutor$Worker.run(ThreadPoolExecutor.java:624)
	... 1 more
Caused by: org.apache.ratis.thirdparty.io.netty.channel.AbstractChannel$AnnotatedConnectException: Connection refused: /192.168.69.118:39205
	at sun.nio.ch.SocketChannelImpl.checkConnect(Native Method)
	at sun.nio.ch.SocketChannelImpl.finishConnect(SocketChannelImpl.java:717)
	at org.apache.ratis.thirdparty.io.netty.channel.socket.nio.NioSocketChannel.doFinishConnect(NioSocketChannel.java:327)
	at org.apache.ratis.thirdparty.io.netty.channel.nio.AbstractNioChannel$AbstractNioUnsafe.finishConnect(AbstractNioChannel.java:340)
	at org.apache.ratis.thirdparty.io.netty.channel.nio.NioEventLoop.processSelectedKey(NioEventLoop.java:632)
	at org.apache.ratis.thirdparty.io.netty.channel.nio.NioEventLoop.processSelectedKeysOptimized(NioEventLoop.java:579)
	at org.apache.ratis.thirdparty.io.netty.channel.nio.NioEventLoop.processSelectedKeys(NioEventLoop.java:496)
	at org.apache.ratis.thirdparty.io.netty.channel.nio.NioEventLoop.run(NioEventLoop.java:458)
	at org.apache.ratis.thirdparty.io.netty.util.concurrent.SingleThreadEventExecutor$5.run(SingleThreadEventExecutor.java:897)
	at org.apache.ratis.thirdparty.io.netty.util.concurrent.FastThreadLocalRunnable.run(FastThreadLocalRunnable.java:30)
	... 1 more
Caused by: java.net.ConnectException: Connection refused
	... 11 more
2019-10-23 12:13:45,444 [grpc-default-executor-4] INFO  impl.RaftServerImpl (RaftServerImpl.java:setRole(184)) - 02863277-f564-4bc6-8337-fb22627f6f1a@group-24C785E9A0FC: changes role from  FOLLOWER to FOLLOWER at term 212 for recognizeCandidate:ad4d83c7-0f96-47bc-a4e8-7e5d9f844896
2019-10-23 12:13:45,444 [grpc-default-executor-4] INFO  impl.RoleInfo (RoleInfo.java:shutdownFollowerState(121)) - 02863277-f564-4bc6-8337-fb22627f6f1a: shutdown FollowerState
2019-10-23 12:13:45,445 [grpc-default-executor-4] INFO  impl.RoleInfo (RoleInfo.java:updateAndGet(143)) - 02863277-f564-4bc6-8337-fb22627f6f1a: start FollowerState
2019-10-23 12:13:45,445 [Thread-1862] INFO  impl.FollowerState (FollowerState.java:run(117)) - 02863277-f564-4bc6-8337-fb22627f6f1a@group-24C785E9A0FC-FollowerState was interrupted: java.lang.InterruptedException: sleep interrupted
2019-10-23 12:13:45,459 [ad4d83c7-0f96-47bc-a4e8-7e5d9f844896@group-24C785E9A0FC-LeaderElection214] INFO  impl.LeaderElection (LeaderElection.java:logAndReturn(56)) - ad4d83c7-0f96-47bc-a4e8-7e5d9f844896@group-24C785E9A0FC-LeaderElection214: Election REJECTED; received 1 response(s) [ad4d83c7-0f96-47bc-a4e8-7e5d9f844896<-02863277-f564-4bc6-8337-fb22627f6f1a#0:FAIL-t212] and 1 exception(s); ad4d83c7-0f96-47bc-a4e8-7e5d9f844896@group-24C785E9A0FC:t212, leader=null, voted=ad4d83c7-0f96-47bc-a4e8-7e5d9f844896, raftlog=ad4d83c7-0f96-47bc-a4e8-7e5d9f844896@group-24C785E9A0FC-SegmentedRaftLog:OPENED:c-1,f-1,i0, conf=-1: [3b749b59-de2a-419b-9a26-261692f5c83c:192.168.69.118:39205, ad4d83c7-0f96-47bc-a4e8-7e5d9f844896:192.168.69.118:41688, 02863277-f564-4bc6-8337-fb22627f6f1a:192.168.69.118:36850], old=null
2019-10-23 12:13:45,459 [ad4d83c7-0f96-47bc-a4e8-7e5d9f844896@group-24C785E9A0FC-LeaderElection214] INFO  impl.LeaderElection (LogUtils.java:infoOrTrace(149)) -   Exception 0: {}
java.util.concurrent.ExecutionException: org.apache.ratis.thirdparty.io.grpc.StatusRuntimeException: UNAVAILABLE: io exception
	at java.util.concurrent.FutureTask.report(FutureTask.java:122)
	at java.util.concurrent.FutureTask.get(FutureTask.java:192)
	at org.apache.ratis.server.impl.LeaderElection.waitForResults(LeaderElection.java:259)
	at org.apache.ratis.server.impl.LeaderElection.askForVotes(LeaderElection.java:197)
	at org.apache.ratis.server.impl.LeaderElection.run(LeaderElection.java:133)
	at java.lang.Thread.run(Thread.java:748)
Caused by: org.apache.ratis.thirdparty.io.grpc.StatusRuntimeException: UNAVAILABLE: io exception
	at org.apache.ratis.thirdparty.io.grpc.stub.ClientCalls.toStatusRuntimeException(ClientCalls.java:233)
	at org.apache.ratis.thirdparty.io.grpc.stub.ClientCalls.getUnchecked(ClientCalls.java:214)
	at org.apache.ratis.thirdparty.io.grpc.stub.ClientCalls.blockingUnaryCall(ClientCalls.java:139)
	at org.apache.ratis.proto.grpc.RaftServerProtocolServiceGrpc$RaftServerProtocolServiceBlockingStub.requestVote(RaftServerProtocolServiceGrpc.java:265)
	at org.apache.ratis.grpc.server.GrpcServerProtocolClient.requestVote(GrpcServerProtocolClient.java:99)
	at org.apache.ratis.grpc.server.GrpcService.requestVote(GrpcService.java:204)
	at org.apache.ratis.server.impl.LeaderElection.lambda$submitRequests$1(LeaderElection.java:234)
	at java.util.concurrent.FutureTask.run(FutureTask.java:266)
	at java.util.concurrent.Executors$RunnableAdapter.call(Executors.java:511)
	at java.util.concurrent.FutureTask.run(FutureTask.java:266)
	at java.util.concurrent.ThreadPoolExecutor.runWorker(ThreadPoolExecutor.java:1149)
	at java.util.concurrent.ThreadPoolExecutor$Worker.run(ThreadPoolExecutor.java:624)
	... 1 more
Caused by: org.apache.ratis.thirdparty.io.netty.channel.AbstractChannel$AnnotatedConnectException: Connection refused: /192.168.69.118:39205
	at sun.nio.ch.SocketChannelImpl.checkConnect(Native Method)
	at sun.nio.ch.SocketChannelImpl.finishConnect(SocketChannelImpl.java:717)
	at org.apache.ratis.thirdparty.io.netty.channel.socket.nio.NioSocketChannel.doFinishConnect(NioSocketChannel.java:327)
	at org.apache.ratis.thirdparty.io.netty.channel.nio.AbstractNioChannel$AbstractNioUnsafe.finishConnect(AbstractNioChannel.java:340)
	at org.apache.ratis.thirdparty.io.netty.channel.nio.NioEventLoop.processSelectedKey(NioEventLoop.java:632)
	at org.apache.ratis.thirdparty.io.netty.channel.nio.NioEventLoop.processSelectedKeysOptimized(NioEventLoop.java:579)
	at org.apache.ratis.thirdparty.io.netty.channel.nio.NioEventLoop.processSelectedKeys(NioEventLoop.java:496)
	at org.apache.ratis.thirdparty.io.netty.channel.nio.NioEventLoop.run(NioEventLoop.java:458)
	at org.apache.ratis.thirdparty.io.netty.util.concurrent.SingleThreadEventExecutor$5.run(SingleThreadEventExecutor.java:897)
	at org.apache.ratis.thirdparty.io.netty.util.concurrent.FastThreadLocalRunnable.run(FastThreadLocalRunnable.java:30)
	... 1 more
Caused by: java.net.ConnectException: Connection refused
	... 11 more
2019-10-23 12:13:45,459 [ad4d83c7-0f96-47bc-a4e8-7e5d9f844896@group-24C785E9A0FC-LeaderElection214] INFO  impl.RaftServerImpl (RaftServerImpl.java:setRole(184)) - ad4d83c7-0f96-47bc-a4e8-7e5d9f844896@group-24C785E9A0FC: changes role from CANDIDATE to FOLLOWER at term 212 for DISCOVERED_A_NEW_TERM
2019-10-23 12:13:45,459 [ad4d83c7-0f96-47bc-a4e8-7e5d9f844896@group-24C785E9A0FC-LeaderElection214] INFO  impl.RoleInfo (RoleInfo.java:shutdownLeaderElection(134)) - ad4d83c7-0f96-47bc-a4e8-7e5d9f844896: shutdown LeaderElection
2019-10-23 12:13:45,460 [ad4d83c7-0f96-47bc-a4e8-7e5d9f844896@group-24C785E9A0FC-LeaderElection214] INFO  impl.RoleInfo (RoleInfo.java:updateAndGet(143)) - ad4d83c7-0f96-47bc-a4e8-7e5d9f844896: start FollowerState
2019-10-23 12:13:45,520 [Thread-1868] INFO  impl.FollowerState (FollowerState.java:run(108)) - ad4d83c7-0f96-47bc-a4e8-7e5d9f844896@group-24C785E9A0FC-FollowerState: change to CANDIDATE, lastRpcTime:60ms, electionTimeout:60ms
2019-10-23 12:13:45,520 [Thread-1868] INFO  impl.RoleInfo (RoleInfo.java:shutdownFollowerState(121)) - ad4d83c7-0f96-47bc-a4e8-7e5d9f844896: shutdown FollowerState
2019-10-23 12:13:45,520 [Thread-1868] INFO  impl.RaftServerImpl (RaftServerImpl.java:setRole(184)) - ad4d83c7-0f96-47bc-a4e8-7e5d9f844896@group-24C785E9A0FC: changes role from  FOLLOWER to CANDIDATE at term 212 for changeToCandidate
2019-10-23 12:13:45,520 [Thread-1868] INFO  impl.RoleInfo (RoleInfo.java:updateAndGet(143)) - ad4d83c7-0f96-47bc-a4e8-7e5d9f844896: start LeaderElection
2019-10-23 12:13:45,534 [ad4d83c7-0f96-47bc-a4e8-7e5d9f844896@group-24C785E9A0FC-LeaderElection215] INFO  impl.LeaderElection (LeaderElection.java:askForVotes(178)) - ad4d83c7-0f96-47bc-a4e8-7e5d9f844896@group-24C785E9A0FC-LeaderElection215: begin an election at term 213 for -1: [3b749b59-de2a-419b-9a26-261692f5c83c:192.168.69.118:39205, ad4d83c7-0f96-47bc-a4e8-7e5d9f844896:192.168.69.118:41688, 02863277-f564-4bc6-8337-fb22627f6f1a:192.168.69.118:36850], old=null
2019-10-23 12:13:45,535 [ad4d83c7-0f96-47bc-a4e8-7e5d9f844896@group-24C785E9A0FC-LeaderElection215] INFO  impl.LeaderElection (LogUtils.java:infoOrTrace(149)) - ad4d83c7-0f96-47bc-a4e8-7e5d9f844896@group-24C785E9A0FC-LeaderElection215 got exception when requesting votes: {}
java.util.concurrent.ExecutionException: org.apache.ratis.thirdparty.io.grpc.StatusRuntimeException: UNAVAILABLE: io exception
	at java.util.concurrent.FutureTask.report(FutureTask.java:122)
	at java.util.concurrent.FutureTask.get(FutureTask.java:192)
	at org.apache.ratis.server.impl.LeaderElection.waitForResults(LeaderElection.java:259)
	at org.apache.ratis.server.impl.LeaderElection.askForVotes(LeaderElection.java:197)
	at org.apache.ratis.server.impl.LeaderElection.run(LeaderElection.java:133)
	at java.lang.Thread.run(Thread.java:748)
Caused by: org.apache.ratis.thirdparty.io.grpc.StatusRuntimeException: UNAVAILABLE: io exception
	at org.apache.ratis.thirdparty.io.grpc.stub.ClientCalls.toStatusRuntimeException(ClientCalls.java:233)
	at org.apache.ratis.thirdparty.io.grpc.stub.ClientCalls.getUnchecked(ClientCalls.java:214)
	at org.apache.ratis.thirdparty.io.grpc.stub.ClientCalls.blockingUnaryCall(ClientCalls.java:139)
	at org.apache.ratis.proto.grpc.RaftServerProtocolServiceGrpc$RaftServerProtocolServiceBlockingStub.requestVote(RaftServerProtocolServiceGrpc.java:265)
	at org.apache.ratis.grpc.server.GrpcServerProtocolClient.requestVote(GrpcServerProtocolClient.java:99)
	at org.apache.ratis.grpc.server.GrpcService.requestVote(GrpcService.java:204)
	at org.apache.ratis.server.impl.LeaderElection.lambda$submitRequests$1(LeaderElection.java:234)
	at java.util.concurrent.FutureTask.run(FutureTask.java:266)
	at java.util.concurrent.Executors$RunnableAdapter.call(Executors.java:511)
	at java.util.concurrent.FutureTask.run(FutureTask.java:266)
	at java.util.concurrent.ThreadPoolExecutor.runWorker(ThreadPoolExecutor.java:1149)
	at java.util.concurrent.ThreadPoolExecutor$Worker.run(ThreadPoolExecutor.java:624)
	... 1 more
Caused by: org.apache.ratis.thirdparty.io.netty.channel.AbstractChannel$AnnotatedConnectException: Connection refused: /192.168.69.118:39205
	at sun.nio.ch.SocketChannelImpl.checkConnect(Native Method)
	at sun.nio.ch.SocketChannelImpl.finishConnect(SocketChannelImpl.java:717)
	at org.apache.ratis.thirdparty.io.netty.channel.socket.nio.NioSocketChannel.doFinishConnect(NioSocketChannel.java:327)
	at org.apache.ratis.thirdparty.io.netty.channel.nio.AbstractNioChannel$AbstractNioUnsafe.finishConnect(AbstractNioChannel.java:340)
	at org.apache.ratis.thirdparty.io.netty.channel.nio.NioEventLoop.processSelectedKey(NioEventLoop.java:632)
	at org.apache.ratis.thirdparty.io.netty.channel.nio.NioEventLoop.processSelectedKeysOptimized(NioEventLoop.java:579)
	at org.apache.ratis.thirdparty.io.netty.channel.nio.NioEventLoop.processSelectedKeys(NioEventLoop.java:496)
	at org.apache.ratis.thirdparty.io.netty.channel.nio.NioEventLoop.run(NioEventLoop.java:458)
	at org.apache.ratis.thirdparty.io.netty.util.concurrent.SingleThreadEventExecutor$5.run(SingleThreadEventExecutor.java:897)
	at org.apache.ratis.thirdparty.io.netty.util.concurrent.FastThreadLocalRunnable.run(FastThreadLocalRunnable.java:30)
	... 1 more
Caused by: java.net.ConnectException: Connection refused
	... 11 more
2019-10-23 12:13:45,536 [grpc-default-executor-4] INFO  impl.RaftServerImpl (RaftServerImpl.java:setRole(184)) - 02863277-f564-4bc6-8337-fb22627f6f1a@group-24C785E9A0FC: changes role from  FOLLOWER to FOLLOWER at term 213 for recognizeCandidate:ad4d83c7-0f96-47bc-a4e8-7e5d9f844896
2019-10-23 12:13:45,536 [grpc-default-executor-4] INFO  impl.RoleInfo (RoleInfo.java:shutdownFollowerState(121)) - 02863277-f564-4bc6-8337-fb22627f6f1a: shutdown FollowerState
2019-10-23 12:13:45,537 [grpc-default-executor-4] INFO  impl.RoleInfo (RoleInfo.java:updateAndGet(143)) - 02863277-f564-4bc6-8337-fb22627f6f1a: start FollowerState
2019-10-23 12:13:45,537 [Thread-1867] INFO  impl.FollowerState (FollowerState.java:run(117)) - 02863277-f564-4bc6-8337-fb22627f6f1a@group-24C785E9A0FC-FollowerState was interrupted: java.lang.InterruptedException: sleep interrupted
2019-10-23 12:13:45,550 [ad4d83c7-0f96-47bc-a4e8-7e5d9f844896@group-24C785E9A0FC-LeaderElection215] INFO  impl.LeaderElection (LeaderElection.java:logAndReturn(56)) - ad4d83c7-0f96-47bc-a4e8-7e5d9f844896@group-24C785E9A0FC-LeaderElection215: Election REJECTED; received 1 response(s) [ad4d83c7-0f96-47bc-a4e8-7e5d9f844896<-02863277-f564-4bc6-8337-fb22627f6f1a#0:FAIL-t213] and 1 exception(s); ad4d83c7-0f96-47bc-a4e8-7e5d9f844896@group-24C785E9A0FC:t213, leader=null, voted=ad4d83c7-0f96-47bc-a4e8-7e5d9f844896, raftlog=ad4d83c7-0f96-47bc-a4e8-7e5d9f844896@group-24C785E9A0FC-SegmentedRaftLog:OPENED:c-1,f-1,i0, conf=-1: [3b749b59-de2a-419b-9a26-261692f5c83c:192.168.69.118:39205, ad4d83c7-0f96-47bc-a4e8-7e5d9f844896:192.168.69.118:41688, 02863277-f564-4bc6-8337-fb22627f6f1a:192.168.69.118:36850], old=null
2019-10-23 12:13:45,550 [ad4d83c7-0f96-47bc-a4e8-7e5d9f844896@group-24C785E9A0FC-LeaderElection215] INFO  impl.LeaderElection (LogUtils.java:infoOrTrace(149)) -   Exception 0: {}
java.util.concurrent.ExecutionException: org.apache.ratis.thirdparty.io.grpc.StatusRuntimeException: UNAVAILABLE: io exception
	at java.util.concurrent.FutureTask.report(FutureTask.java:122)
	at java.util.concurrent.FutureTask.get(FutureTask.java:192)
	at org.apache.ratis.server.impl.LeaderElection.waitForResults(LeaderElection.java:259)
	at org.apache.ratis.server.impl.LeaderElection.askForVotes(LeaderElection.java:197)
	at org.apache.ratis.server.impl.LeaderElection.run(LeaderElection.java:133)
	at java.lang.Thread.run(Thread.java:748)
Caused by: org.apache.ratis.thirdparty.io.grpc.StatusRuntimeException: UNAVAILABLE: io exception
	at org.apache.ratis.thirdparty.io.grpc.stub.ClientCalls.toStatusRuntimeException(ClientCalls.java:233)
	at org.apache.ratis.thirdparty.io.grpc.stub.ClientCalls.getUnchecked(ClientCalls.java:214)
	at org.apache.ratis.thirdparty.io.grpc.stub.ClientCalls.blockingUnaryCall(ClientCalls.java:139)
	at org.apache.ratis.proto.grpc.RaftServerProtocolServiceGrpc$RaftServerProtocolServiceBlockingStub.requestVote(RaftServerProtocolServiceGrpc.java:265)
	at org.apache.ratis.grpc.server.GrpcServerProtocolClient.requestVote(GrpcServerProtocolClient.java:99)
	at org.apache.ratis.grpc.server.GrpcService.requestVote(GrpcService.java:204)
	at org.apache.ratis.server.impl.LeaderElection.lambda$submitRequests$1(LeaderElection.java:234)
	at java.util.concurrent.FutureTask.run(FutureTask.java:266)
	at java.util.concurrent.Executors$RunnableAdapter.call(Executors.java:511)
	at java.util.concurrent.FutureTask.run(FutureTask.java:266)
	at java.util.concurrent.ThreadPoolExecutor.runWorker(ThreadPoolExecutor.java:1149)
	at java.util.concurrent.ThreadPoolExecutor$Worker.run(ThreadPoolExecutor.java:624)
	... 1 more
Caused by: org.apache.ratis.thirdparty.io.netty.channel.AbstractChannel$AnnotatedConnectException: Connection refused: /192.168.69.118:39205
	at sun.nio.ch.SocketChannelImpl.checkConnect(Native Method)
	at sun.nio.ch.SocketChannelImpl.finishConnect(SocketChannelImpl.java:717)
	at org.apache.ratis.thirdparty.io.netty.channel.socket.nio.NioSocketChannel.doFinishConnect(NioSocketChannel.java:327)
	at org.apache.ratis.thirdparty.io.netty.channel.nio.AbstractNioChannel$AbstractNioUnsafe.finishConnect(AbstractNioChannel.java:340)
	at org.apache.ratis.thirdparty.io.netty.channel.nio.NioEventLoop.processSelectedKey(NioEventLoop.java:632)
	at org.apache.ratis.thirdparty.io.netty.channel.nio.NioEventLoop.processSelectedKeysOptimized(NioEventLoop.java:579)
	at org.apache.ratis.thirdparty.io.netty.channel.nio.NioEventLoop.processSelectedKeys(NioEventLoop.java:496)
	at org.apache.ratis.thirdparty.io.netty.channel.nio.NioEventLoop.run(NioEventLoop.java:458)
	at org.apache.ratis.thirdparty.io.netty.util.concurrent.SingleThreadEventExecutor$5.run(SingleThreadEventExecutor.java:897)
	at org.apache.ratis.thirdparty.io.netty.util.concurrent.FastThreadLocalRunnable.run(FastThreadLocalRunnable.java:30)
	... 1 more
Caused by: java.net.ConnectException: Connection refused
	... 11 more
2019-10-23 12:13:45,550 [ad4d83c7-0f96-47bc-a4e8-7e5d9f844896@group-24C785E9A0FC-LeaderElection215] INFO  impl.RaftServerImpl (RaftServerImpl.java:setRole(184)) - ad4d83c7-0f96-47bc-a4e8-7e5d9f844896@group-24C785E9A0FC: changes role from CANDIDATE to FOLLOWER at term 213 for DISCOVERED_A_NEW_TERM
2019-10-23 12:13:45,550 [ad4d83c7-0f96-47bc-a4e8-7e5d9f844896@group-24C785E9A0FC-LeaderElection215] INFO  impl.RoleInfo (RoleInfo.java:shutdownLeaderElection(134)) - ad4d83c7-0f96-47bc-a4e8-7e5d9f844896: shutdown LeaderElection
2019-10-23 12:13:45,551 [ad4d83c7-0f96-47bc-a4e8-7e5d9f844896@group-24C785E9A0FC-LeaderElection215] INFO  impl.RoleInfo (RoleInfo.java:updateAndGet(143)) - ad4d83c7-0f96-47bc-a4e8-7e5d9f844896: start FollowerState
2019-10-23 12:13:45,635 [Thread-1873] INFO  impl.FollowerState (FollowerState.java:run(108)) - ad4d83c7-0f96-47bc-a4e8-7e5d9f844896@group-24C785E9A0FC-FollowerState: change to CANDIDATE, lastRpcTime:84ms, electionTimeout:84ms
2019-10-23 12:13:45,635 [Thread-1873] INFO  impl.RoleInfo (RoleInfo.java:shutdownFollowerState(121)) - ad4d83c7-0f96-47bc-a4e8-7e5d9f844896: shutdown FollowerState
2019-10-23 12:13:45,635 [Thread-1873] INFO  impl.RaftServerImpl (RaftServerImpl.java:setRole(184)) - ad4d83c7-0f96-47bc-a4e8-7e5d9f844896@group-24C785E9A0FC: changes role from  FOLLOWER to CANDIDATE at term 213 for changeToCandidate
2019-10-23 12:13:45,635 [Thread-1873] INFO  impl.RoleInfo (RoleInfo.java:updateAndGet(143)) - ad4d83c7-0f96-47bc-a4e8-7e5d9f844896: start LeaderElection
2019-10-23 12:13:45,649 [ad4d83c7-0f96-47bc-a4e8-7e5d9f844896@group-24C785E9A0FC-LeaderElection216] INFO  impl.LeaderElection (LeaderElection.java:askForVotes(178)) - ad4d83c7-0f96-47bc-a4e8-7e5d9f844896@group-24C785E9A0FC-LeaderElection216: begin an election at term 214 for -1: [3b749b59-de2a-419b-9a26-261692f5c83c:192.168.69.118:39205, ad4d83c7-0f96-47bc-a4e8-7e5d9f844896:192.168.69.118:41688, 02863277-f564-4bc6-8337-fb22627f6f1a:192.168.69.118:36850], old=null
2019-10-23 12:13:45,650 [ad4d83c7-0f96-47bc-a4e8-7e5d9f844896@group-24C785E9A0FC-LeaderElection216] INFO  impl.LeaderElection (LogUtils.java:infoOrTrace(149)) - ad4d83c7-0f96-47bc-a4e8-7e5d9f844896@group-24C785E9A0FC-LeaderElection216 got exception when requesting votes: {}
java.util.concurrent.ExecutionException: org.apache.ratis.thirdparty.io.grpc.StatusRuntimeException: UNAVAILABLE: io exception
	at java.util.concurrent.FutureTask.report(FutureTask.java:122)
	at java.util.concurrent.FutureTask.get(FutureTask.java:192)
	at org.apache.ratis.server.impl.LeaderElection.waitForResults(LeaderElection.java:259)
	at org.apache.ratis.server.impl.LeaderElection.askForVotes(LeaderElection.java:197)
	at org.apache.ratis.server.impl.LeaderElection.run(LeaderElection.java:133)
	at java.lang.Thread.run(Thread.java:748)
Caused by: org.apache.ratis.thirdparty.io.grpc.StatusRuntimeException: UNAVAILABLE: io exception
	at org.apache.ratis.thirdparty.io.grpc.stub.ClientCalls.toStatusRuntimeException(ClientCalls.java:233)
	at org.apache.ratis.thirdparty.io.grpc.stub.ClientCalls.getUnchecked(ClientCalls.java:214)
	at org.apache.ratis.thirdparty.io.grpc.stub.ClientCalls.blockingUnaryCall(ClientCalls.java:139)
	at org.apache.ratis.proto.grpc.RaftServerProtocolServiceGrpc$RaftServerProtocolServiceBlockingStub.requestVote(RaftServerProtocolServiceGrpc.java:265)
	at org.apache.ratis.grpc.server.GrpcServerProtocolClient.requestVote(GrpcServerProtocolClient.java:99)
	at org.apache.ratis.grpc.server.GrpcService.requestVote(GrpcService.java:204)
	at org.apache.ratis.server.impl.LeaderElection.lambda$submitRequests$1(LeaderElection.java:234)
	at java.util.concurrent.FutureTask.run(FutureTask.java:266)
	at java.util.concurrent.Executors$RunnableAdapter.call(Executors.java:511)
	at java.util.concurrent.FutureTask.run(FutureTask.java:266)
	at java.util.concurrent.ThreadPoolExecutor.runWorker(ThreadPoolExecutor.java:1149)
	at java.util.concurrent.ThreadPoolExecutor$Worker.run(ThreadPoolExecutor.java:624)
	... 1 more
Caused by: org.apache.ratis.thirdparty.io.netty.channel.AbstractChannel$AnnotatedConnectException: Connection refused: /192.168.69.118:39205
	at sun.nio.ch.SocketChannelImpl.checkConnect(Native Method)
	at sun.nio.ch.SocketChannelImpl.finishConnect(SocketChannelImpl.java:717)
	at org.apache.ratis.thirdparty.io.netty.channel.socket.nio.NioSocketChannel.doFinishConnect(NioSocketChannel.java:327)
	at org.apache.ratis.thirdparty.io.netty.channel.nio.AbstractNioChannel$AbstractNioUnsafe.finishConnect(AbstractNioChannel.java:340)
	at org.apache.ratis.thirdparty.io.netty.channel.nio.NioEventLoop.processSelectedKey(NioEventLoop.java:632)
	at org.apache.ratis.thirdparty.io.netty.channel.nio.NioEventLoop.processSelectedKeysOptimized(NioEventLoop.java:579)
	at org.apache.ratis.thirdparty.io.netty.channel.nio.NioEventLoop.processSelectedKeys(NioEventLoop.java:496)
	at org.apache.ratis.thirdparty.io.netty.channel.nio.NioEventLoop.run(NioEventLoop.java:458)
	at org.apache.ratis.thirdparty.io.netty.util.concurrent.SingleThreadEventExecutor$5.run(SingleThreadEventExecutor.java:897)
	at org.apache.ratis.thirdparty.io.netty.util.concurrent.FastThreadLocalRunnable.run(FastThreadLocalRunnable.java:30)
	... 1 more
Caused by: java.net.ConnectException: Connection refused
	... 11 more
2019-10-23 12:13:45,651 [grpc-default-executor-4] INFO  impl.RaftServerImpl (RaftServerImpl.java:setRole(184)) - 02863277-f564-4bc6-8337-fb22627f6f1a@group-24C785E9A0FC: changes role from  FOLLOWER to FOLLOWER at term 214 for recognizeCandidate:ad4d83c7-0f96-47bc-a4e8-7e5d9f844896
2019-10-23 12:13:45,651 [grpc-default-executor-4] INFO  impl.RoleInfo (RoleInfo.java:shutdownFollowerState(121)) - 02863277-f564-4bc6-8337-fb22627f6f1a: shutdown FollowerState
2019-10-23 12:13:45,651 [grpc-default-executor-4] INFO  impl.RoleInfo (RoleInfo.java:updateAndGet(143)) - 02863277-f564-4bc6-8337-fb22627f6f1a: start FollowerState
2019-10-23 12:13:45,651 [Thread-1872] INFO  impl.FollowerState (FollowerState.java:run(117)) - 02863277-f564-4bc6-8337-fb22627f6f1a@group-24C785E9A0FC-FollowerState was interrupted: java.lang.InterruptedException: sleep interrupted
2019-10-23 12:13:45,669 [ad4d83c7-0f96-47bc-a4e8-7e5d9f844896@group-24C785E9A0FC-LeaderElection216] INFO  impl.LeaderElection (LeaderElection.java:logAndReturn(56)) - ad4d83c7-0f96-47bc-a4e8-7e5d9f844896@group-24C785E9A0FC-LeaderElection216: Election REJECTED; received 1 response(s) [ad4d83c7-0f96-47bc-a4e8-7e5d9f844896<-02863277-f564-4bc6-8337-fb22627f6f1a#0:FAIL-t214] and 1 exception(s); ad4d83c7-0f96-47bc-a4e8-7e5d9f844896@group-24C785E9A0FC:t214, leader=null, voted=ad4d83c7-0f96-47bc-a4e8-7e5d9f844896, raftlog=ad4d83c7-0f96-47bc-a4e8-7e5d9f844896@group-24C785E9A0FC-SegmentedRaftLog:OPENED:c-1,f-1,i0, conf=-1: [3b749b59-de2a-419b-9a26-261692f5c83c:192.168.69.118:39205, ad4d83c7-0f96-47bc-a4e8-7e5d9f844896:192.168.69.118:41688, 02863277-f564-4bc6-8337-fb22627f6f1a:192.168.69.118:36850], old=null
2019-10-23 12:13:45,669 [ad4d83c7-0f96-47bc-a4e8-7e5d9f844896@group-24C785E9A0FC-LeaderElection216] INFO  impl.LeaderElection (LogUtils.java:infoOrTrace(149)) -   Exception 0: {}
java.util.concurrent.ExecutionException: org.apache.ratis.thirdparty.io.grpc.StatusRuntimeException: UNAVAILABLE: io exception
	at java.util.concurrent.FutureTask.report(FutureTask.java:122)
	at java.util.concurrent.FutureTask.get(FutureTask.java:192)
	at org.apache.ratis.server.impl.LeaderElection.waitForResults(LeaderElection.java:259)
	at org.apache.ratis.server.impl.LeaderElection.askForVotes(LeaderElection.java:197)
	at org.apache.ratis.server.impl.LeaderElection.run(LeaderElection.java:133)
	at java.lang.Thread.run(Thread.java:748)
Caused by: org.apache.ratis.thirdparty.io.grpc.StatusRuntimeException: UNAVAILABLE: io exception
	at org.apache.ratis.thirdparty.io.grpc.stub.ClientCalls.toStatusRuntimeException(ClientCalls.java:233)
	at org.apache.ratis.thirdparty.io.grpc.stub.ClientCalls.getUnchecked(ClientCalls.java:214)
	at org.apache.ratis.thirdparty.io.grpc.stub.ClientCalls.blockingUnaryCall(ClientCalls.java:139)
	at org.apache.ratis.proto.grpc.RaftServerProtocolServiceGrpc$RaftServerProtocolServiceBlockingStub.requestVote(RaftServerProtocolServiceGrpc.java:265)
	at org.apache.ratis.grpc.server.GrpcServerProtocolClient.requestVote(GrpcServerProtocolClient.java:99)
	at org.apache.ratis.grpc.server.GrpcService.requestVote(GrpcService.java:204)
	at org.apache.ratis.server.impl.LeaderElection.lambda$submitRequests$1(LeaderElection.java:234)
	at java.util.concurrent.FutureTask.run(FutureTask.java:266)
	at java.util.concurrent.Executors$RunnableAdapter.call(Executors.java:511)
	at java.util.concurrent.FutureTask.run(FutureTask.java:266)
	at java.util.concurrent.ThreadPoolExecutor.runWorker(ThreadPoolExecutor.java:1149)
	at java.util.concurrent.ThreadPoolExecutor$Worker.run(ThreadPoolExecutor.java:624)
	... 1 more
Caused by: org.apache.ratis.thirdparty.io.netty.channel.AbstractChannel$AnnotatedConnectException: Connection refused: /192.168.69.118:39205
	at sun.nio.ch.SocketChannelImpl.checkConnect(Native Method)
	at sun.nio.ch.SocketChannelImpl.finishConnect(SocketChannelImpl.java:717)
	at org.apache.ratis.thirdparty.io.netty.channel.socket.nio.NioSocketChannel.doFinishConnect(NioSocketChannel.java:327)
	at org.apache.ratis.thirdparty.io.netty.channel.nio.AbstractNioChannel$AbstractNioUnsafe.finishConnect(AbstractNioChannel.java:340)
	at org.apache.ratis.thirdparty.io.netty.channel.nio.NioEventLoop.processSelectedKey(NioEventLoop.java:632)
	at org.apache.ratis.thirdparty.io.netty.channel.nio.NioEventLoop.processSelectedKeysOptimized(NioEventLoop.java:579)
	at org.apache.ratis.thirdparty.io.netty.channel.nio.NioEventLoop.processSelectedKeys(NioEventLoop.java:496)
	at org.apache.ratis.thirdparty.io.netty.channel.nio.NioEventLoop.run(NioEventLoop.java:458)
	at org.apache.ratis.thirdparty.io.netty.util.concurrent.SingleThreadEventExecutor$5.run(SingleThreadEventExecutor.java:897)
	at org.apache.ratis.thirdparty.io.netty.util.concurrent.FastThreadLocalRunnable.run(FastThreadLocalRunnable.java:30)
	... 1 more
Caused by: java.net.ConnectException: Connection refused
	... 11 more
2019-10-23 12:13:45,670 [ad4d83c7-0f96-47bc-a4e8-7e5d9f844896@group-24C785E9A0FC-LeaderElection216] INFO  impl.RaftServerImpl (RaftServerImpl.java:setRole(184)) - ad4d83c7-0f96-47bc-a4e8-7e5d9f844896@group-24C785E9A0FC: changes role from CANDIDATE to FOLLOWER at term 214 for DISCOVERED_A_NEW_TERM
2019-10-23 12:13:45,670 [ad4d83c7-0f96-47bc-a4e8-7e5d9f844896@group-24C785E9A0FC-LeaderElection216] INFO  impl.RoleInfo (RoleInfo.java:shutdownLeaderElection(134)) - ad4d83c7-0f96-47bc-a4e8-7e5d9f844896: shutdown LeaderElection
2019-10-23 12:13:45,670 [ad4d83c7-0f96-47bc-a4e8-7e5d9f844896@group-24C785E9A0FC-LeaderElection216] INFO  impl.RoleInfo (RoleInfo.java:updateAndGet(143)) - ad4d83c7-0f96-47bc-a4e8-7e5d9f844896: start FollowerState
2019-10-23 12:13:45,758 [Thread-1878] INFO  impl.FollowerState (FollowerState.java:run(108)) - ad4d83c7-0f96-47bc-a4e8-7e5d9f844896@group-24C785E9A0FC-FollowerState: change to CANDIDATE, lastRpcTime:88ms, electionTimeout:88ms
2019-10-23 12:13:45,758 [Thread-1878] INFO  impl.RoleInfo (RoleInfo.java:shutdownFollowerState(121)) - ad4d83c7-0f96-47bc-a4e8-7e5d9f844896: shutdown FollowerState
2019-10-23 12:13:45,758 [Thread-1878] INFO  impl.RaftServerImpl (RaftServerImpl.java:setRole(184)) - ad4d83c7-0f96-47bc-a4e8-7e5d9f844896@group-24C785E9A0FC: changes role from  FOLLOWER to CANDIDATE at term 214 for changeToCandidate
2019-10-23 12:13:45,758 [Thread-1878] INFO  impl.RoleInfo (RoleInfo.java:updateAndGet(143)) - ad4d83c7-0f96-47bc-a4e8-7e5d9f844896: start LeaderElection
2019-10-23 12:13:45,772 [ad4d83c7-0f96-47bc-a4e8-7e5d9f844896@group-24C785E9A0FC-LeaderElection217] INFO  impl.LeaderElection (LeaderElection.java:askForVotes(178)) - ad4d83c7-0f96-47bc-a4e8-7e5d9f844896@group-24C785E9A0FC-LeaderElection217: begin an election at term 215 for -1: [3b749b59-de2a-419b-9a26-261692f5c83c:192.168.69.118:39205, ad4d83c7-0f96-47bc-a4e8-7e5d9f844896:192.168.69.118:41688, 02863277-f564-4bc6-8337-fb22627f6f1a:192.168.69.118:36850], old=null
2019-10-23 12:13:45,773 [ad4d83c7-0f96-47bc-a4e8-7e5d9f844896@group-24C785E9A0FC-LeaderElection217] INFO  impl.LeaderElection (LogUtils.java:infoOrTrace(149)) - ad4d83c7-0f96-47bc-a4e8-7e5d9f844896@group-24C785E9A0FC-LeaderElection217 got exception when requesting votes: {}
java.util.concurrent.ExecutionException: org.apache.ratis.thirdparty.io.grpc.StatusRuntimeException: UNAVAILABLE: io exception
	at java.util.concurrent.FutureTask.report(FutureTask.java:122)
	at java.util.concurrent.FutureTask.get(FutureTask.java:192)
	at org.apache.ratis.server.impl.LeaderElection.waitForResults(LeaderElection.java:259)
	at org.apache.ratis.server.impl.LeaderElection.askForVotes(LeaderElection.java:197)
	at org.apache.ratis.server.impl.LeaderElection.run(LeaderElection.java:133)
	at java.lang.Thread.run(Thread.java:748)
Caused by: org.apache.ratis.thirdparty.io.grpc.StatusRuntimeException: UNAVAILABLE: io exception
	at org.apache.ratis.thirdparty.io.grpc.stub.ClientCalls.toStatusRuntimeException(ClientCalls.java:233)
	at org.apache.ratis.thirdparty.io.grpc.stub.ClientCalls.getUnchecked(ClientCalls.java:214)
	at org.apache.ratis.thirdparty.io.grpc.stub.ClientCalls.blockingUnaryCall(ClientCalls.java:139)
	at org.apache.ratis.proto.grpc.RaftServerProtocolServiceGrpc$RaftServerProtocolServiceBlockingStub.requestVote(RaftServerProtocolServiceGrpc.java:265)
	at org.apache.ratis.grpc.server.GrpcServerProtocolClient.requestVote(GrpcServerProtocolClient.java:99)
	at org.apache.ratis.grpc.server.GrpcService.requestVote(GrpcService.java:204)
	at org.apache.ratis.server.impl.LeaderElection.lambda$submitRequests$1(LeaderElection.java:234)
	at java.util.concurrent.FutureTask.run(FutureTask.java:266)
	at java.util.concurrent.Executors$RunnableAdapter.call(Executors.java:511)
	at java.util.concurrent.FutureTask.run(FutureTask.java:266)
	at java.util.concurrent.ThreadPoolExecutor.runWorker(ThreadPoolExecutor.java:1149)
	at java.util.concurrent.ThreadPoolExecutor$Worker.run(ThreadPoolExecutor.java:624)
	... 1 more
Caused by: org.apache.ratis.thirdparty.io.netty.channel.AbstractChannel$AnnotatedConnectException: Connection refused: /192.168.69.118:39205
	at sun.nio.ch.SocketChannelImpl.checkConnect(Native Method)
	at sun.nio.ch.SocketChannelImpl.finishConnect(SocketChannelImpl.java:717)
	at org.apache.ratis.thirdparty.io.netty.channel.socket.nio.NioSocketChannel.doFinishConnect(NioSocketChannel.java:327)
	at org.apache.ratis.thirdparty.io.netty.channel.nio.AbstractNioChannel$AbstractNioUnsafe.finishConnect(AbstractNioChannel.java:340)
	at org.apache.ratis.thirdparty.io.netty.channel.nio.NioEventLoop.processSelectedKey(NioEventLoop.java:632)
	at org.apache.ratis.thirdparty.io.netty.channel.nio.NioEventLoop.processSelectedKeysOptimized(NioEventLoop.java:579)
	at org.apache.ratis.thirdparty.io.netty.channel.nio.NioEventLoop.processSelectedKeys(NioEventLoop.java:496)
	at org.apache.ratis.thirdparty.io.netty.channel.nio.NioEventLoop.run(NioEventLoop.java:458)
	at org.apache.ratis.thirdparty.io.netty.util.concurrent.SingleThreadEventExecutor$5.run(SingleThreadEventExecutor.java:897)
	at org.apache.ratis.thirdparty.io.netty.util.concurrent.FastThreadLocalRunnable.run(FastThreadLocalRunnable.java:30)
	... 1 more
Caused by: java.net.ConnectException: Connection refused
	... 11 more
2019-10-23 12:13:45,774 [grpc-default-executor-4] INFO  impl.RaftServerImpl (RaftServerImpl.java:setRole(184)) - 02863277-f564-4bc6-8337-fb22627f6f1a@group-24C785E9A0FC: changes role from  FOLLOWER to FOLLOWER at term 215 for recognizeCandidate:ad4d83c7-0f96-47bc-a4e8-7e5d9f844896
2019-10-23 12:13:45,774 [grpc-default-executor-4] INFO  impl.RoleInfo (RoleInfo.java:shutdownFollowerState(121)) - 02863277-f564-4bc6-8337-fb22627f6f1a: shutdown FollowerState
2019-10-23 12:13:45,775 [grpc-default-executor-4] INFO  impl.RoleInfo (RoleInfo.java:updateAndGet(143)) - 02863277-f564-4bc6-8337-fb22627f6f1a: start FollowerState
2019-10-23 12:13:45,775 [Thread-1877] INFO  impl.FollowerState (FollowerState.java:run(117)) - 02863277-f564-4bc6-8337-fb22627f6f1a@group-24C785E9A0FC-FollowerState was interrupted: java.lang.InterruptedException: sleep interrupted
2019-10-23 12:13:45,789 [ad4d83c7-0f96-47bc-a4e8-7e5d9f844896@group-24C785E9A0FC-LeaderElection217] INFO  impl.LeaderElection (LeaderElection.java:logAndReturn(56)) - ad4d83c7-0f96-47bc-a4e8-7e5d9f844896@group-24C785E9A0FC-LeaderElection217: Election REJECTED; received 1 response(s) [ad4d83c7-0f96-47bc-a4e8-7e5d9f844896<-02863277-f564-4bc6-8337-fb22627f6f1a#0:FAIL-t215] and 1 exception(s); ad4d83c7-0f96-47bc-a4e8-7e5d9f844896@group-24C785E9A0FC:t215, leader=null, voted=ad4d83c7-0f96-47bc-a4e8-7e5d9f844896, raftlog=ad4d83c7-0f96-47bc-a4e8-7e5d9f844896@group-24C785E9A0FC-SegmentedRaftLog:OPENED:c-1,f-1,i0, conf=-1: [3b749b59-de2a-419b-9a26-261692f5c83c:192.168.69.118:39205, ad4d83c7-0f96-47bc-a4e8-7e5d9f844896:192.168.69.118:41688, 02863277-f564-4bc6-8337-fb22627f6f1a:192.168.69.118:36850], old=null
2019-10-23 12:13:45,789 [ad4d83c7-0f96-47bc-a4e8-7e5d9f844896@group-24C785E9A0FC-LeaderElection217] INFO  impl.LeaderElection (LogUtils.java:infoOrTrace(149)) -   Exception 0: {}
java.util.concurrent.ExecutionException: org.apache.ratis.thirdparty.io.grpc.StatusRuntimeException: UNAVAILABLE: io exception
	at java.util.concurrent.FutureTask.report(FutureTask.java:122)
	at java.util.concurrent.FutureTask.get(FutureTask.java:192)
	at org.apache.ratis.server.impl.LeaderElection.waitForResults(LeaderElection.java:259)
	at org.apache.ratis.server.impl.LeaderElection.askForVotes(LeaderElection.java:197)
	at org.apache.ratis.server.impl.LeaderElection.run(LeaderElection.java:133)
	at java.lang.Thread.run(Thread.java:748)
Caused by: org.apache.ratis.thirdparty.io.grpc.StatusRuntimeException: UNAVAILABLE: io exception
	at org.apache.ratis.thirdparty.io.grpc.stub.ClientCalls.toStatusRuntimeException(ClientCalls.java:233)
	at org.apache.ratis.thirdparty.io.grpc.stub.ClientCalls.getUnchecked(ClientCalls.java:214)
	at org.apache.ratis.thirdparty.io.grpc.stub.ClientCalls.blockingUnaryCall(ClientCalls.java:139)
	at org.apache.ratis.proto.grpc.RaftServerProtocolServiceGrpc$RaftServerProtocolServiceBlockingStub.requestVote(RaftServerProtocolServiceGrpc.java:265)
	at org.apache.ratis.grpc.server.GrpcServerProtocolClient.requestVote(GrpcServerProtocolClient.java:99)
	at org.apache.ratis.grpc.server.GrpcService.requestVote(GrpcService.java:204)
	at org.apache.ratis.server.impl.LeaderElection.lambda$submitRequests$1(LeaderElection.java:234)
	at java.util.concurrent.FutureTask.run(FutureTask.java:266)
	at java.util.concurrent.Executors$RunnableAdapter.call(Executors.java:511)
	at java.util.concurrent.FutureTask.run(FutureTask.java:266)
	at java.util.concurrent.ThreadPoolExecutor.runWorker(ThreadPoolExecutor.java:1149)
	at java.util.concurrent.ThreadPoolExecutor$Worker.run(ThreadPoolExecutor.java:624)
	... 1 more
Caused by: org.apache.ratis.thirdparty.io.netty.channel.AbstractChannel$AnnotatedConnectException: Connection refused: /192.168.69.118:39205
	at sun.nio.ch.SocketChannelImpl.checkConnect(Native Method)
	at sun.nio.ch.SocketChannelImpl.finishConnect(SocketChannelImpl.java:717)
	at org.apache.ratis.thirdparty.io.netty.channel.socket.nio.NioSocketChannel.doFinishConnect(NioSocketChannel.java:327)
	at org.apache.ratis.thirdparty.io.netty.channel.nio.AbstractNioChannel$AbstractNioUnsafe.finishConnect(AbstractNioChannel.java:340)
	at org.apache.ratis.thirdparty.io.netty.channel.nio.NioEventLoop.processSelectedKey(NioEventLoop.java:632)
	at org.apache.ratis.thirdparty.io.netty.channel.nio.NioEventLoop.processSelectedKeysOptimized(NioEventLoop.java:579)
	at org.apache.ratis.thirdparty.io.netty.channel.nio.NioEventLoop.processSelectedKeys(NioEventLoop.java:496)
	at org.apache.ratis.thirdparty.io.netty.channel.nio.NioEventLoop.run(NioEventLoop.java:458)
	at org.apache.ratis.thirdparty.io.netty.util.concurrent.SingleThreadEventExecutor$5.run(SingleThreadEventExecutor.java:897)
	at org.apache.ratis.thirdparty.io.netty.util.concurrent.FastThreadLocalRunnable.run(FastThreadLocalRunnable.java:30)
	... 1 more
Caused by: java.net.ConnectException: Connection refused
	... 11 more
2019-10-23 12:13:45,789 [ad4d83c7-0f96-47bc-a4e8-7e5d9f844896@group-24C785E9A0FC-LeaderElection217] INFO  impl.RaftServerImpl (RaftServerImpl.java:setRole(184)) - ad4d83c7-0f96-47bc-a4e8-7e5d9f844896@group-24C785E9A0FC: changes role from CANDIDATE to FOLLOWER at term 215 for DISCOVERED_A_NEW_TERM
2019-10-23 12:13:45,789 [ad4d83c7-0f96-47bc-a4e8-7e5d9f844896@group-24C785E9A0FC-LeaderElection217] INFO  impl.RoleInfo (RoleInfo.java:shutdownLeaderElection(134)) - ad4d83c7-0f96-47bc-a4e8-7e5d9f844896: shutdown LeaderElection
2019-10-23 12:13:45,789 [ad4d83c7-0f96-47bc-a4e8-7e5d9f844896@group-24C785E9A0FC-LeaderElection217] INFO  impl.RoleInfo (RoleInfo.java:updateAndGet(143)) - ad4d83c7-0f96-47bc-a4e8-7e5d9f844896: start FollowerState
2019-10-23 12:13:45,838 [Thread-1883] INFO  impl.FollowerState (FollowerState.java:run(108)) - ad4d83c7-0f96-47bc-a4e8-7e5d9f844896@group-24C785E9A0FC-FollowerState: change to CANDIDATE, lastRpcTime:49ms, electionTimeout:49ms
2019-10-23 12:13:45,839 [Thread-1883] INFO  impl.RoleInfo (RoleInfo.java:shutdownFollowerState(121)) - ad4d83c7-0f96-47bc-a4e8-7e5d9f844896: shutdown FollowerState
2019-10-23 12:13:45,839 [Thread-1883] INFO  impl.RaftServerImpl (RaftServerImpl.java:setRole(184)) - ad4d83c7-0f96-47bc-a4e8-7e5d9f844896@group-24C785E9A0FC: changes role from  FOLLOWER to CANDIDATE at term 215 for changeToCandidate
2019-10-23 12:13:45,839 [Thread-1883] INFO  impl.RoleInfo (RoleInfo.java:updateAndGet(143)) - ad4d83c7-0f96-47bc-a4e8-7e5d9f844896: start LeaderElection
2019-10-23 12:13:45,846 [ad4d83c7-0f96-47bc-a4e8-7e5d9f844896@group-24C785E9A0FC-LeaderElection218] INFO  impl.LeaderElection (LeaderElection.java:askForVotes(178)) - ad4d83c7-0f96-47bc-a4e8-7e5d9f844896@group-24C785E9A0FC-LeaderElection218: begin an election at term 216 for -1: [3b749b59-de2a-419b-9a26-261692f5c83c:192.168.69.118:39205, ad4d83c7-0f96-47bc-a4e8-7e5d9f844896:192.168.69.118:41688, 02863277-f564-4bc6-8337-fb22627f6f1a:192.168.69.118:36850], old=null
2019-10-23 12:13:45,847 [ad4d83c7-0f96-47bc-a4e8-7e5d9f844896@group-24C785E9A0FC-LeaderElection218] INFO  impl.LeaderElection (LogUtils.java:infoOrTrace(149)) - ad4d83c7-0f96-47bc-a4e8-7e5d9f844896@group-24C785E9A0FC-LeaderElection218 got exception when requesting votes: {}
java.util.concurrent.ExecutionException: org.apache.ratis.thirdparty.io.grpc.StatusRuntimeException: UNAVAILABLE: io exception
	at java.util.concurrent.FutureTask.report(FutureTask.java:122)
	at java.util.concurrent.FutureTask.get(FutureTask.java:192)
	at org.apache.ratis.server.impl.LeaderElection.waitForResults(LeaderElection.java:259)
	at org.apache.ratis.server.impl.LeaderElection.askForVotes(LeaderElection.java:197)
	at org.apache.ratis.server.impl.LeaderElection.run(LeaderElection.java:133)
	at java.lang.Thread.run(Thread.java:748)
Caused by: org.apache.ratis.thirdparty.io.grpc.StatusRuntimeException: UNAVAILABLE: io exception
	at org.apache.ratis.thirdparty.io.grpc.stub.ClientCalls.toStatusRuntimeException(ClientCalls.java:233)
	at org.apache.ratis.thirdparty.io.grpc.stub.ClientCalls.getUnchecked(ClientCalls.java:214)
	at org.apache.ratis.thirdparty.io.grpc.stub.ClientCalls.blockingUnaryCall(ClientCalls.java:139)
	at org.apache.ratis.proto.grpc.RaftServerProtocolServiceGrpc$RaftServerProtocolServiceBlockingStub.requestVote(RaftServerProtocolServiceGrpc.java:265)
	at org.apache.ratis.grpc.server.GrpcServerProtocolClient.requestVote(GrpcServerProtocolClient.java:99)
	at org.apache.ratis.grpc.server.GrpcService.requestVote(GrpcService.java:204)
	at org.apache.ratis.server.impl.LeaderElection.lambda$submitRequests$1(LeaderElection.java:234)
	at java.util.concurrent.FutureTask.run(FutureTask.java:266)
	at java.util.concurrent.Executors$RunnableAdapter.call(Executors.java:511)
	at java.util.concurrent.FutureTask.run(FutureTask.java:266)
	at java.util.concurrent.ThreadPoolExecutor.runWorker(ThreadPoolExecutor.java:1149)
	at java.util.concurrent.ThreadPoolExecutor$Worker.run(ThreadPoolExecutor.java:624)
	... 1 more
Caused by: org.apache.ratis.thirdparty.io.netty.channel.AbstractChannel$AnnotatedConnectException: Connection refused: /192.168.69.118:39205
	at sun.nio.ch.SocketChannelImpl.checkConnect(Native Method)
	at sun.nio.ch.SocketChannelImpl.finishConnect(SocketChannelImpl.java:717)
	at org.apache.ratis.thirdparty.io.netty.channel.socket.nio.NioSocketChannel.doFinishConnect(NioSocketChannel.java:327)
	at org.apache.ratis.thirdparty.io.netty.channel.nio.AbstractNioChannel$AbstractNioUnsafe.finishConnect(AbstractNioChannel.java:340)
	at org.apache.ratis.thirdparty.io.netty.channel.nio.NioEventLoop.processSelectedKey(NioEventLoop.java:632)
	at org.apache.ratis.thirdparty.io.netty.channel.nio.NioEventLoop.processSelectedKeysOptimized(NioEventLoop.java:579)
	at org.apache.ratis.thirdparty.io.netty.channel.nio.NioEventLoop.processSelectedKeys(NioEventLoop.java:496)
	at org.apache.ratis.thirdparty.io.netty.channel.nio.NioEventLoop.run(NioEventLoop.java:458)
	at org.apache.ratis.thirdparty.io.netty.util.concurrent.SingleThreadEventExecutor$5.run(SingleThreadEventExecutor.java:897)
	at org.apache.ratis.thirdparty.io.netty.util.concurrent.FastThreadLocalRunnable.run(FastThreadLocalRunnable.java:30)
	... 1 more
Caused by: java.net.ConnectException: Connection refused
	... 11 more
2019-10-23 12:13:45,848 [grpc-default-executor-4] INFO  impl.RaftServerImpl (RaftServerImpl.java:setRole(184)) - 02863277-f564-4bc6-8337-fb22627f6f1a@group-24C785E9A0FC: changes role from  FOLLOWER to FOLLOWER at term 216 for recognizeCandidate:ad4d83c7-0f96-47bc-a4e8-7e5d9f844896
2019-10-23 12:13:45,848 [grpc-default-executor-4] INFO  impl.RoleInfo (RoleInfo.java:shutdownFollowerState(121)) - 02863277-f564-4bc6-8337-fb22627f6f1a: shutdown FollowerState
2019-10-23 12:13:45,848 [grpc-default-executor-4] INFO  impl.RoleInfo (RoleInfo.java:updateAndGet(143)) - 02863277-f564-4bc6-8337-fb22627f6f1a: start FollowerState
2019-10-23 12:13:45,848 [Thread-1882] INFO  impl.FollowerState (FollowerState.java:run(117)) - 02863277-f564-4bc6-8337-fb22627f6f1a@group-24C785E9A0FC-FollowerState was interrupted: java.lang.InterruptedException: sleep interrupted
2019-10-23 12:13:45,862 [ad4d83c7-0f96-47bc-a4e8-7e5d9f844896@group-24C785E9A0FC-LeaderElection218] INFO  impl.LeaderElection (LeaderElection.java:logAndReturn(56)) - ad4d83c7-0f96-47bc-a4e8-7e5d9f844896@group-24C785E9A0FC-LeaderElection218: Election REJECTED; received 1 response(s) [ad4d83c7-0f96-47bc-a4e8-7e5d9f844896<-02863277-f564-4bc6-8337-fb22627f6f1a#0:FAIL-t216] and 1 exception(s); ad4d83c7-0f96-47bc-a4e8-7e5d9f844896@group-24C785E9A0FC:t216, leader=null, voted=ad4d83c7-0f96-47bc-a4e8-7e5d9f844896, raftlog=ad4d83c7-0f96-47bc-a4e8-7e5d9f844896@group-24C785E9A0FC-SegmentedRaftLog:OPENED:c-1,f-1,i0, conf=-1: [3b749b59-de2a-419b-9a26-261692f5c83c:192.168.69.118:39205, ad4d83c7-0f96-47bc-a4e8-7e5d9f844896:192.168.69.118:41688, 02863277-f564-4bc6-8337-fb22627f6f1a:192.168.69.118:36850], old=null
2019-10-23 12:13:45,862 [ad4d83c7-0f96-47bc-a4e8-7e5d9f844896@group-24C785E9A0FC-LeaderElection218] INFO  impl.LeaderElection (LogUtils.java:infoOrTrace(149)) -   Exception 0: {}
java.util.concurrent.ExecutionException: org.apache.ratis.thirdparty.io.grpc.StatusRuntimeException: UNAVAILABLE: io exception
	at java.util.concurrent.FutureTask.report(FutureTask.java:122)
	at java.util.concurrent.FutureTask.get(FutureTask.java:192)
	at org.apache.ratis.server.impl.LeaderElection.waitForResults(LeaderElection.java:259)
	at org.apache.ratis.server.impl.LeaderElection.askForVotes(LeaderElection.java:197)
	at org.apache.ratis.server.impl.LeaderElection.run(LeaderElection.java:133)
	at java.lang.Thread.run(Thread.java:748)
Caused by: org.apache.ratis.thirdparty.io.grpc.StatusRuntimeException: UNAVAILABLE: io exception
	at org.apache.ratis.thirdparty.io.grpc.stub.ClientCalls.toStatusRuntimeException(ClientCalls.java:233)
	at org.apache.ratis.thirdparty.io.grpc.stub.ClientCalls.getUnchecked(ClientCalls.java:214)
	at org.apache.ratis.thirdparty.io.grpc.stub.ClientCalls.blockingUnaryCall(ClientCalls.java:139)
	at org.apache.ratis.proto.grpc.RaftServerProtocolServiceGrpc$RaftServerProtocolServiceBlockingStub.requestVote(RaftServerProtocolServiceGrpc.java:265)
	at org.apache.ratis.grpc.server.GrpcServerProtocolClient.requestVote(GrpcServerProtocolClient.java:99)
	at org.apache.ratis.grpc.server.GrpcService.requestVote(GrpcService.java:204)
	at org.apache.ratis.server.impl.LeaderElection.lambda$submitRequests$1(LeaderElection.java:234)
	at java.util.concurrent.FutureTask.run(FutureTask.java:266)
	at java.util.concurrent.Executors$RunnableAdapter.call(Executors.java:511)
	at java.util.concurrent.FutureTask.run(FutureTask.java:266)
	at java.util.concurrent.ThreadPoolExecutor.runWorker(ThreadPoolExecutor.java:1149)
	at java.util.concurrent.ThreadPoolExecutor$Worker.run(ThreadPoolExecutor.java:624)
	... 1 more
Caused by: org.apache.ratis.thirdparty.io.netty.channel.AbstractChannel$AnnotatedConnectException: Connection refused: /192.168.69.118:39205
	at sun.nio.ch.SocketChannelImpl.checkConnect(Native Method)
	at sun.nio.ch.SocketChannelImpl.finishConnect(SocketChannelImpl.java:717)
	at org.apache.ratis.thirdparty.io.netty.channel.socket.nio.NioSocketChannel.doFinishConnect(NioSocketChannel.java:327)
	at org.apache.ratis.thirdparty.io.netty.channel.nio.AbstractNioChannel$AbstractNioUnsafe.finishConnect(AbstractNioChannel.java:340)
	at org.apache.ratis.thirdparty.io.netty.channel.nio.NioEventLoop.processSelectedKey(NioEventLoop.java:632)
	at org.apache.ratis.thirdparty.io.netty.channel.nio.NioEventLoop.processSelectedKeysOptimized(NioEventLoop.java:579)
	at org.apache.ratis.thirdparty.io.netty.channel.nio.NioEventLoop.processSelectedKeys(NioEventLoop.java:496)
	at org.apache.ratis.thirdparty.io.netty.channel.nio.NioEventLoop.run(NioEventLoop.java:458)
	at org.apache.ratis.thirdparty.io.netty.util.concurrent.SingleThreadEventExecutor$5.run(SingleThreadEventExecutor.java:897)
	at org.apache.ratis.thirdparty.io.netty.util.concurrent.FastThreadLocalRunnable.run(FastThreadLocalRunnable.java:30)
	... 1 more
Caused by: java.net.ConnectException: Connection refused
	... 11 more
2019-10-23 12:13:45,863 [ad4d83c7-0f96-47bc-a4e8-7e5d9f844896@group-24C785E9A0FC-LeaderElection218] INFO  impl.RaftServerImpl (RaftServerImpl.java:setRole(184)) - ad4d83c7-0f96-47bc-a4e8-7e5d9f844896@group-24C785E9A0FC: changes role from CANDIDATE to FOLLOWER at term 216 for DISCOVERED_A_NEW_TERM
2019-10-23 12:13:45,863 [ad4d83c7-0f96-47bc-a4e8-7e5d9f844896@group-24C785E9A0FC-LeaderElection218] INFO  impl.RoleInfo (RoleInfo.java:shutdownLeaderElection(134)) - ad4d83c7-0f96-47bc-a4e8-7e5d9f844896: shutdown LeaderElection
2019-10-23 12:13:45,863 [ad4d83c7-0f96-47bc-a4e8-7e5d9f844896@group-24C785E9A0FC-LeaderElection218] INFO  impl.RoleInfo (RoleInfo.java:updateAndGet(143)) - ad4d83c7-0f96-47bc-a4e8-7e5d9f844896: start FollowerState
2019-10-23 12:13:45,957 [Thread-1888] INFO  impl.FollowerState (FollowerState.java:run(108)) - ad4d83c7-0f96-47bc-a4e8-7e5d9f844896@group-24C785E9A0FC-FollowerState: change to CANDIDATE, lastRpcTime:94ms, electionTimeout:94ms
2019-10-23 12:13:45,957 [Thread-1888] INFO  impl.RoleInfo (RoleInfo.java:shutdownFollowerState(121)) - ad4d83c7-0f96-47bc-a4e8-7e5d9f844896: shutdown FollowerState
2019-10-23 12:13:45,957 [Thread-1888] INFO  impl.RaftServerImpl (RaftServerImpl.java:setRole(184)) - ad4d83c7-0f96-47bc-a4e8-7e5d9f844896@group-24C785E9A0FC: changes role from  FOLLOWER to CANDIDATE at term 216 for changeToCandidate
2019-10-23 12:13:45,957 [Thread-1888] INFO  impl.RoleInfo (RoleInfo.java:updateAndGet(143)) - ad4d83c7-0f96-47bc-a4e8-7e5d9f844896: start LeaderElection
2019-10-23 12:13:45,972 [ad4d83c7-0f96-47bc-a4e8-7e5d9f844896@group-24C785E9A0FC-LeaderElection219] INFO  impl.LeaderElection (LeaderElection.java:askForVotes(178)) - ad4d83c7-0f96-47bc-a4e8-7e5d9f844896@group-24C785E9A0FC-LeaderElection219: begin an election at term 217 for -1: [3b749b59-de2a-419b-9a26-261692f5c83c:192.168.69.118:39205, ad4d83c7-0f96-47bc-a4e8-7e5d9f844896:192.168.69.118:41688, 02863277-f564-4bc6-8337-fb22627f6f1a:192.168.69.118:36850], old=null
2019-10-23 12:13:45,973 [ad4d83c7-0f96-47bc-a4e8-7e5d9f844896@group-24C785E9A0FC-LeaderElection219] INFO  impl.LeaderElection (LogUtils.java:infoOrTrace(149)) - ad4d83c7-0f96-47bc-a4e8-7e5d9f844896@group-24C785E9A0FC-LeaderElection219 got exception when requesting votes: {}
java.util.concurrent.ExecutionException: org.apache.ratis.thirdparty.io.grpc.StatusRuntimeException: UNAVAILABLE: io exception
	at java.util.concurrent.FutureTask.report(FutureTask.java:122)
	at java.util.concurrent.FutureTask.get(FutureTask.java:192)
	at org.apache.ratis.server.impl.LeaderElection.waitForResults(LeaderElection.java:259)
	at org.apache.ratis.server.impl.LeaderElection.askForVotes(LeaderElection.java:197)
	at org.apache.ratis.server.impl.LeaderElection.run(LeaderElection.java:133)
	at java.lang.Thread.run(Thread.java:748)
Caused by: org.apache.ratis.thirdparty.io.grpc.StatusRuntimeException: UNAVAILABLE: io exception
	at org.apache.ratis.thirdparty.io.grpc.stub.ClientCalls.toStatusRuntimeException(ClientCalls.java:233)
	at org.apache.ratis.thirdparty.io.grpc.stub.ClientCalls.getUnchecked(ClientCalls.java:214)
	at org.apache.ratis.thirdparty.io.grpc.stub.ClientCalls.blockingUnaryCall(ClientCalls.java:139)
	at org.apache.ratis.proto.grpc.RaftServerProtocolServiceGrpc$RaftServerProtocolServiceBlockingStub.requestVote(RaftServerProtocolServiceGrpc.java:265)
	at org.apache.ratis.grpc.server.GrpcServerProtocolClient.requestVote(GrpcServerProtocolClient.java:99)
	at org.apache.ratis.grpc.server.GrpcService.requestVote(GrpcService.java:204)
	at org.apache.ratis.server.impl.LeaderElection.lambda$submitRequests$1(LeaderElection.java:234)
	at java.util.concurrent.FutureTask.run(FutureTask.java:266)
	at java.util.concurrent.Executors$RunnableAdapter.call(Executors.java:511)
	at java.util.concurrent.FutureTask.run(FutureTask.java:266)
	at java.util.concurrent.ThreadPoolExecutor.runWorker(ThreadPoolExecutor.java:1149)
	at java.util.concurrent.ThreadPoolExecutor$Worker.run(ThreadPoolExecutor.java:624)
	... 1 more
Caused by: org.apache.ratis.thirdparty.io.netty.channel.AbstractChannel$AnnotatedConnectException: Connection refused: /192.168.69.118:39205
	at sun.nio.ch.SocketChannelImpl.checkConnect(Native Method)
	at sun.nio.ch.SocketChannelImpl.finishConnect(SocketChannelImpl.java:717)
	at org.apache.ratis.thirdparty.io.netty.channel.socket.nio.NioSocketChannel.doFinishConnect(NioSocketChannel.java:327)
	at org.apache.ratis.thirdparty.io.netty.channel.nio.AbstractNioChannel$AbstractNioUnsafe.finishConnect(AbstractNioChannel.java:340)
	at org.apache.ratis.thirdparty.io.netty.channel.nio.NioEventLoop.processSelectedKey(NioEventLoop.java:632)
	at org.apache.ratis.thirdparty.io.netty.channel.nio.NioEventLoop.processSelectedKeysOptimized(NioEventLoop.java:579)
	at org.apache.ratis.thirdparty.io.netty.channel.nio.NioEventLoop.processSelectedKeys(NioEventLoop.java:496)
	at org.apache.ratis.thirdparty.io.netty.channel.nio.NioEventLoop.run(NioEventLoop.java:458)
	at org.apache.ratis.thirdparty.io.netty.util.concurrent.SingleThreadEventExecutor$5.run(SingleThreadEventExecutor.java:897)
	at org.apache.ratis.thirdparty.io.netty.util.concurrent.FastThreadLocalRunnable.run(FastThreadLocalRunnable.java:30)
	... 1 more
Caused by: java.net.ConnectException: Connection refused
	... 11 more
2019-10-23 12:13:45,974 [grpc-default-executor-4] INFO  impl.RaftServerImpl (RaftServerImpl.java:setRole(184)) - 02863277-f564-4bc6-8337-fb22627f6f1a@group-24C785E9A0FC: changes role from  FOLLOWER to FOLLOWER at term 217 for recognizeCandidate:ad4d83c7-0f96-47bc-a4e8-7e5d9f844896
2019-10-23 12:13:45,974 [grpc-default-executor-4] INFO  impl.RoleInfo (RoleInfo.java:shutdownFollowerState(121)) - 02863277-f564-4bc6-8337-fb22627f6f1a: shutdown FollowerState
2019-10-23 12:13:45,974 [grpc-default-executor-4] INFO  impl.RoleInfo (RoleInfo.java:updateAndGet(143)) - 02863277-f564-4bc6-8337-fb22627f6f1a: start FollowerState
2019-10-23 12:13:45,974 [Thread-1887] INFO  impl.FollowerState (FollowerState.java:run(117)) - 02863277-f564-4bc6-8337-fb22627f6f1a@group-24C785E9A0FC-FollowerState was interrupted: java.lang.InterruptedException: sleep interrupted
2019-10-23 12:13:45,990 [ad4d83c7-0f96-47bc-a4e8-7e5d9f844896@group-24C785E9A0FC-LeaderElection219] INFO  impl.LeaderElection (LeaderElection.java:logAndReturn(56)) - ad4d83c7-0f96-47bc-a4e8-7e5d9f844896@group-24C785E9A0FC-LeaderElection219: Election REJECTED; received 1 response(s) [ad4d83c7-0f96-47bc-a4e8-7e5d9f844896<-02863277-f564-4bc6-8337-fb22627f6f1a#0:FAIL-t217] and 1 exception(s); ad4d83c7-0f96-47bc-a4e8-7e5d9f844896@group-24C785E9A0FC:t217, leader=null, voted=ad4d83c7-0f96-47bc-a4e8-7e5d9f844896, raftlog=ad4d83c7-0f96-47bc-a4e8-7e5d9f844896@group-24C785E9A0FC-SegmentedRaftLog:OPENED:c-1,f-1,i0, conf=-1: [3b749b59-de2a-419b-9a26-261692f5c83c:192.168.69.118:39205, ad4d83c7-0f96-47bc-a4e8-7e5d9f844896:192.168.69.118:41688, 02863277-f564-4bc6-8337-fb22627f6f1a:192.168.69.118:36850], old=null
2019-10-23 12:13:45,990 [ad4d83c7-0f96-47bc-a4e8-7e5d9f844896@group-24C785E9A0FC-LeaderElection219] INFO  impl.LeaderElection (LogUtils.java:infoOrTrace(149)) -   Exception 0: {}
java.util.concurrent.ExecutionException: org.apache.ratis.thirdparty.io.grpc.StatusRuntimeException: UNAVAILABLE: io exception
	at java.util.concurrent.FutureTask.report(FutureTask.java:122)
	at java.util.concurrent.FutureTask.get(FutureTask.java:192)
	at org.apache.ratis.server.impl.LeaderElection.waitForResults(LeaderElection.java:259)
	at org.apache.ratis.server.impl.LeaderElection.askForVotes(LeaderElection.java:197)
	at org.apache.ratis.server.impl.LeaderElection.run(LeaderElection.java:133)
	at java.lang.Thread.run(Thread.java:748)
Caused by: org.apache.ratis.thirdparty.io.grpc.StatusRuntimeException: UNAVAILABLE: io exception
	at org.apache.ratis.thirdparty.io.grpc.stub.ClientCalls.toStatusRuntimeException(ClientCalls.java:233)
	at org.apache.ratis.thirdparty.io.grpc.stub.ClientCalls.getUnchecked(ClientCalls.java:214)
	at org.apache.ratis.thirdparty.io.grpc.stub.ClientCalls.blockingUnaryCall(ClientCalls.java:139)
	at org.apache.ratis.proto.grpc.RaftServerProtocolServiceGrpc$RaftServerProtocolServiceBlockingStub.requestVote(RaftServerProtocolServiceGrpc.java:265)
	at org.apache.ratis.grpc.server.GrpcServerProtocolClient.requestVote(GrpcServerProtocolClient.java:99)
	at org.apache.ratis.grpc.server.GrpcService.requestVote(GrpcService.java:204)
	at org.apache.ratis.server.impl.LeaderElection.lambda$submitRequests$1(LeaderElection.java:234)
	at java.util.concurrent.FutureTask.run(FutureTask.java:266)
	at java.util.concurrent.Executors$RunnableAdapter.call(Executors.java:511)
	at java.util.concurrent.FutureTask.run(FutureTask.java:266)
	at java.util.concurrent.ThreadPoolExecutor.runWorker(ThreadPoolExecutor.java:1149)
	at java.util.concurrent.ThreadPoolExecutor$Worker.run(ThreadPoolExecutor.java:624)
	... 1 more
Caused by: org.apache.ratis.thirdparty.io.netty.channel.AbstractChannel$AnnotatedConnectException: Connection refused: /192.168.69.118:39205
	at sun.nio.ch.SocketChannelImpl.checkConnect(Native Method)
	at sun.nio.ch.SocketChannelImpl.finishConnect(SocketChannelImpl.java:717)
	at org.apache.ratis.thirdparty.io.netty.channel.socket.nio.NioSocketChannel.doFinishConnect(NioSocketChannel.java:327)
	at org.apache.ratis.thirdparty.io.netty.channel.nio.AbstractNioChannel$AbstractNioUnsafe.finishConnect(AbstractNioChannel.java:340)
	at org.apache.ratis.thirdparty.io.netty.channel.nio.NioEventLoop.processSelectedKey(NioEventLoop.java:632)
	at org.apache.ratis.thirdparty.io.netty.channel.nio.NioEventLoop.processSelectedKeysOptimized(NioEventLoop.java:579)
	at org.apache.ratis.thirdparty.io.netty.channel.nio.NioEventLoop.processSelectedKeys(NioEventLoop.java:496)
	at org.apache.ratis.thirdparty.io.netty.channel.nio.NioEventLoop.run(NioEventLoop.java:458)
	at org.apache.ratis.thirdparty.io.netty.util.concurrent.SingleThreadEventExecutor$5.run(SingleThreadEventExecutor.java:897)
	at org.apache.ratis.thirdparty.io.netty.util.concurrent.FastThreadLocalRunnable.run(FastThreadLocalRunnable.java:30)
	... 1 more
Caused by: java.net.ConnectException: Connection refused
	... 11 more
2019-10-23 12:13:45,990 [ad4d83c7-0f96-47bc-a4e8-7e5d9f844896@group-24C785E9A0FC-LeaderElection219] INFO  impl.RaftServerImpl (RaftServerImpl.java:setRole(184)) - ad4d83c7-0f96-47bc-a4e8-7e5d9f844896@group-24C785E9A0FC: changes role from CANDIDATE to FOLLOWER at term 217 for DISCOVERED_A_NEW_TERM
2019-10-23 12:13:45,990 [ad4d83c7-0f96-47bc-a4e8-7e5d9f844896@group-24C785E9A0FC-LeaderElection219] INFO  impl.RoleInfo (RoleInfo.java:shutdownLeaderElection(134)) - ad4d83c7-0f96-47bc-a4e8-7e5d9f844896: shutdown LeaderElection
2019-10-23 12:13:45,991 [ad4d83c7-0f96-47bc-a4e8-7e5d9f844896@group-24C785E9A0FC-LeaderElection219] INFO  impl.RoleInfo (RoleInfo.java:updateAndGet(143)) - ad4d83c7-0f96-47bc-a4e8-7e5d9f844896: start FollowerState
2019-10-23 12:13:46,112 [Thread-1893] INFO  impl.FollowerState (FollowerState.java:run(108)) - ad4d83c7-0f96-47bc-a4e8-7e5d9f844896@group-24C785E9A0FC-FollowerState: change to CANDIDATE, lastRpcTime:121ms, electionTimeout:121ms
2019-10-23 12:13:46,112 [Thread-1893] INFO  impl.RoleInfo (RoleInfo.java:shutdownFollowerState(121)) - ad4d83c7-0f96-47bc-a4e8-7e5d9f844896: shutdown FollowerState
2019-10-23 12:13:46,112 [Thread-1893] INFO  impl.RaftServerImpl (RaftServerImpl.java:setRole(184)) - ad4d83c7-0f96-47bc-a4e8-7e5d9f844896@group-24C785E9A0FC: changes role from  FOLLOWER to CANDIDATE at term 217 for changeToCandidate
2019-10-23 12:13:46,113 [Thread-1893] INFO  impl.RoleInfo (RoleInfo.java:updateAndGet(143)) - ad4d83c7-0f96-47bc-a4e8-7e5d9f844896: start LeaderElection
2019-10-23 12:13:46,127 [ad4d83c7-0f96-47bc-a4e8-7e5d9f844896@group-24C785E9A0FC-LeaderElection220] INFO  impl.LeaderElection (LeaderElection.java:askForVotes(178)) - ad4d83c7-0f96-47bc-a4e8-7e5d9f844896@group-24C785E9A0FC-LeaderElection220: begin an election at term 218 for -1: [3b749b59-de2a-419b-9a26-261692f5c83c:192.168.69.118:39205, ad4d83c7-0f96-47bc-a4e8-7e5d9f844896:192.168.69.118:41688, 02863277-f564-4bc6-8337-fb22627f6f1a:192.168.69.118:36850], old=null
2019-10-23 12:13:46,128 [ad4d83c7-0f96-47bc-a4e8-7e5d9f844896@group-24C785E9A0FC-LeaderElection220] INFO  impl.LeaderElection (LogUtils.java:infoOrTrace(149)) - ad4d83c7-0f96-47bc-a4e8-7e5d9f844896@group-24C785E9A0FC-LeaderElection220 got exception when requesting votes: {}
java.util.concurrent.ExecutionException: org.apache.ratis.thirdparty.io.grpc.StatusRuntimeException: UNAVAILABLE: io exception
	at java.util.concurrent.FutureTask.report(FutureTask.java:122)
	at java.util.concurrent.FutureTask.get(FutureTask.java:192)
	at org.apache.ratis.server.impl.LeaderElection.waitForResults(LeaderElection.java:259)
	at org.apache.ratis.server.impl.LeaderElection.askForVotes(LeaderElection.java:197)
	at org.apache.ratis.server.impl.LeaderElection.run(LeaderElection.java:133)
	at java.lang.Thread.run(Thread.java:748)
Caused by: org.apache.ratis.thirdparty.io.grpc.StatusRuntimeException: UNAVAILABLE: io exception
	at org.apache.ratis.thirdparty.io.grpc.stub.ClientCalls.toStatusRuntimeException(ClientCalls.java:233)
	at org.apache.ratis.thirdparty.io.grpc.stub.ClientCalls.getUnchecked(ClientCalls.java:214)
	at org.apache.ratis.thirdparty.io.grpc.stub.ClientCalls.blockingUnaryCall(ClientCalls.java:139)
	at org.apache.ratis.proto.grpc.RaftServerProtocolServiceGrpc$RaftServerProtocolServiceBlockingStub.requestVote(RaftServerProtocolServiceGrpc.java:265)
	at org.apache.ratis.grpc.server.GrpcServerProtocolClient.requestVote(GrpcServerProtocolClient.java:99)
	at org.apache.ratis.grpc.server.GrpcService.requestVote(GrpcService.java:204)
	at org.apache.ratis.server.impl.LeaderElection.lambda$submitRequests$1(LeaderElection.java:234)
	at java.util.concurrent.FutureTask.run(FutureTask.java:266)
	at java.util.concurrent.Executors$RunnableAdapter.call(Executors.java:511)
	at java.util.concurrent.FutureTask.run(FutureTask.java:266)
	at java.util.concurrent.ThreadPoolExecutor.runWorker(ThreadPoolExecutor.java:1149)
	at java.util.concurrent.ThreadPoolExecutor$Worker.run(ThreadPoolExecutor.java:624)
	... 1 more
Caused by: org.apache.ratis.thirdparty.io.netty.channel.AbstractChannel$AnnotatedConnectException: Connection refused: /192.168.69.118:39205
	at sun.nio.ch.SocketChannelImpl.checkConnect(Native Method)
	at sun.nio.ch.SocketChannelImpl.finishConnect(SocketChannelImpl.java:717)
	at org.apache.ratis.thirdparty.io.netty.channel.socket.nio.NioSocketChannel.doFinishConnect(NioSocketChannel.java:327)
	at org.apache.ratis.thirdparty.io.netty.channel.nio.AbstractNioChannel$AbstractNioUnsafe.finishConnect(AbstractNioChannel.java:340)
	at org.apache.ratis.thirdparty.io.netty.channel.nio.NioEventLoop.processSelectedKey(NioEventLoop.java:632)
	at org.apache.ratis.thirdparty.io.netty.channel.nio.NioEventLoop.processSelectedKeysOptimized(NioEventLoop.java:579)
	at org.apache.ratis.thirdparty.io.netty.channel.nio.NioEventLoop.processSelectedKeys(NioEventLoop.java:496)
	at org.apache.ratis.thirdparty.io.netty.channel.nio.NioEventLoop.run(NioEventLoop.java:458)
	at org.apache.ratis.thirdparty.io.netty.util.concurrent.SingleThreadEventExecutor$5.run(SingleThreadEventExecutor.java:897)
	at org.apache.ratis.thirdparty.io.netty.util.concurrent.FastThreadLocalRunnable.run(FastThreadLocalRunnable.java:30)
	... 1 more
Caused by: java.net.ConnectException: Connection refused
	... 11 more
2019-10-23 12:13:46,129 [grpc-default-executor-4] INFO  impl.RaftServerImpl (RaftServerImpl.java:setRole(184)) - 02863277-f564-4bc6-8337-fb22627f6f1a@group-24C785E9A0FC: changes role from  FOLLOWER to FOLLOWER at term 218 for recognizeCandidate:ad4d83c7-0f96-47bc-a4e8-7e5d9f844896
2019-10-23 12:13:46,129 [grpc-default-executor-4] INFO  impl.RoleInfo (RoleInfo.java:shutdownFollowerState(121)) - 02863277-f564-4bc6-8337-fb22627f6f1a: shutdown FollowerState
2019-10-23 12:13:46,130 [grpc-default-executor-4] INFO  impl.RoleInfo (RoleInfo.java:updateAndGet(143)) - 02863277-f564-4bc6-8337-fb22627f6f1a: start FollowerState
2019-10-23 12:13:46,130 [Thread-1892] INFO  impl.FollowerState (FollowerState.java:run(117)) - 02863277-f564-4bc6-8337-fb22627f6f1a@group-24C785E9A0FC-FollowerState was interrupted: java.lang.InterruptedException: sleep interrupted
2019-10-23 12:13:46,144 [ad4d83c7-0f96-47bc-a4e8-7e5d9f844896@group-24C785E9A0FC-LeaderElection220] INFO  impl.LeaderElection (LeaderElection.java:logAndReturn(56)) - ad4d83c7-0f96-47bc-a4e8-7e5d9f844896@group-24C785E9A0FC-LeaderElection220: Election REJECTED; received 1 response(s) [ad4d83c7-0f96-47bc-a4e8-7e5d9f844896<-02863277-f564-4bc6-8337-fb22627f6f1a#0:FAIL-t218] and 1 exception(s); ad4d83c7-0f96-47bc-a4e8-7e5d9f844896@group-24C785E9A0FC:t218, leader=null, voted=ad4d83c7-0f96-47bc-a4e8-7e5d9f844896, raftlog=ad4d83c7-0f96-47bc-a4e8-7e5d9f844896@group-24C785E9A0FC-SegmentedRaftLog:OPENED:c-1,f-1,i0, conf=-1: [3b749b59-de2a-419b-9a26-261692f5c83c:192.168.69.118:39205, ad4d83c7-0f96-47bc-a4e8-7e5d9f844896:192.168.69.118:41688, 02863277-f564-4bc6-8337-fb22627f6f1a:192.168.69.118:36850], old=null
2019-10-23 12:13:46,144 [ad4d83c7-0f96-47bc-a4e8-7e5d9f844896@group-24C785E9A0FC-LeaderElection220] INFO  impl.LeaderElection (LogUtils.java:infoOrTrace(149)) -   Exception 0: {}
java.util.concurrent.ExecutionException: org.apache.ratis.thirdparty.io.grpc.StatusRuntimeException: UNAVAILABLE: io exception
	at java.util.concurrent.FutureTask.report(FutureTask.java:122)
	at java.util.concurrent.FutureTask.get(FutureTask.java:192)
	at org.apache.ratis.server.impl.LeaderElection.waitForResults(LeaderElection.java:259)
	at org.apache.ratis.server.impl.LeaderElection.askForVotes(LeaderElection.java:197)
	at org.apache.ratis.server.impl.LeaderElection.run(LeaderElection.java:133)
	at java.lang.Thread.run(Thread.java:748)
Caused by: org.apache.ratis.thirdparty.io.grpc.StatusRuntimeException: UNAVAILABLE: io exception
	at org.apache.ratis.thirdparty.io.grpc.stub.ClientCalls.toStatusRuntimeException(ClientCalls.java:233)
	at org.apache.ratis.thirdparty.io.grpc.stub.ClientCalls.getUnchecked(ClientCalls.java:214)
	at org.apache.ratis.thirdparty.io.grpc.stub.ClientCalls.blockingUnaryCall(ClientCalls.java:139)
	at org.apache.ratis.proto.grpc.RaftServerProtocolServiceGrpc$RaftServerProtocolServiceBlockingStub.requestVote(RaftServerProtocolServiceGrpc.java:265)
	at org.apache.ratis.grpc.server.GrpcServerProtocolClient.requestVote(GrpcServerProtocolClient.java:99)
	at org.apache.ratis.grpc.server.GrpcService.requestVote(GrpcService.java:204)
	at org.apache.ratis.server.impl.LeaderElection.lambda$submitRequests$1(LeaderElection.java:234)
	at java.util.concurrent.FutureTask.run(FutureTask.java:266)
	at java.util.concurrent.Executors$RunnableAdapter.call(Executors.java:511)
	at java.util.concurrent.FutureTask.run(FutureTask.java:266)
	at java.util.concurrent.ThreadPoolExecutor.runWorker(ThreadPoolExecutor.java:1149)
	at java.util.concurrent.ThreadPoolExecutor$Worker.run(ThreadPoolExecutor.java:624)
	... 1 more
Caused by: org.apache.ratis.thirdparty.io.netty.channel.AbstractChannel$AnnotatedConnectException: Connection refused: /192.168.69.118:39205
	at sun.nio.ch.SocketChannelImpl.checkConnect(Native Method)
	at sun.nio.ch.SocketChannelImpl.finishConnect(SocketChannelImpl.java:717)
	at org.apache.ratis.thirdparty.io.netty.channel.socket.nio.NioSocketChannel.doFinishConnect(NioSocketChannel.java:327)
	at org.apache.ratis.thirdparty.io.netty.channel.nio.AbstractNioChannel$AbstractNioUnsafe.finishConnect(AbstractNioChannel.java:340)
	at org.apache.ratis.thirdparty.io.netty.channel.nio.NioEventLoop.processSelectedKey(NioEventLoop.java:632)
	at org.apache.ratis.thirdparty.io.netty.channel.nio.NioEventLoop.processSelectedKeysOptimized(NioEventLoop.java:579)
	at org.apache.ratis.thirdparty.io.netty.channel.nio.NioEventLoop.processSelectedKeys(NioEventLoop.java:496)
	at org.apache.ratis.thirdparty.io.netty.channel.nio.NioEventLoop.run(NioEventLoop.java:458)
	at org.apache.ratis.thirdparty.io.netty.util.concurrent.SingleThreadEventExecutor$5.run(SingleThreadEventExecutor.java:897)
	at org.apache.ratis.thirdparty.io.netty.util.concurrent.FastThreadLocalRunnable.run(FastThreadLocalRunnable.java:30)
	... 1 more
Caused by: java.net.ConnectException: Connection refused
	... 11 more
2019-10-23 12:13:46,145 [ad4d83c7-0f96-47bc-a4e8-7e5d9f844896@group-24C785E9A0FC-LeaderElection220] INFO  impl.RaftServerImpl (RaftServerImpl.java:setRole(184)) - ad4d83c7-0f96-47bc-a4e8-7e5d9f844896@group-24C785E9A0FC: changes role from CANDIDATE to FOLLOWER at term 218 for DISCOVERED_A_NEW_TERM
2019-10-23 12:13:46,145 [ad4d83c7-0f96-47bc-a4e8-7e5d9f844896@group-24C785E9A0FC-LeaderElection220] INFO  impl.RoleInfo (RoleInfo.java:shutdownLeaderElection(134)) - ad4d83c7-0f96-47bc-a4e8-7e5d9f844896: shutdown LeaderElection
2019-10-23 12:13:46,145 [ad4d83c7-0f96-47bc-a4e8-7e5d9f844896@group-24C785E9A0FC-LeaderElection220] INFO  impl.RoleInfo (RoleInfo.java:updateAndGet(143)) - ad4d83c7-0f96-47bc-a4e8-7e5d9f844896: start FollowerState
2019-10-23 12:13:46,167 [Thread-1848] INFO  impl.FollowerState (FollowerState.java:run(108)) - 4949cace-0585-430c-97a7-3db1e354cdac@group-55CA4A6792A0-FollowerState: change to CANDIDATE, lastRpcTime:1134ms, electionTimeout:1134ms
2019-10-23 12:13:46,167 [Thread-1848] INFO  impl.RoleInfo (RoleInfo.java:shutdownFollowerState(121)) - 4949cace-0585-430c-97a7-3db1e354cdac: shutdown FollowerState
2019-10-23 12:13:46,167 [Thread-1848] INFO  impl.RaftServerImpl (RaftServerImpl.java:setRole(184)) - 4949cace-0585-430c-97a7-3db1e354cdac@group-55CA4A6792A0: changes role from  FOLLOWER to CANDIDATE at term 10 for changeToCandidate
2019-10-23 12:13:46,167 [Thread-1848] INFO  impl.RoleInfo (RoleInfo.java:updateAndGet(143)) - 4949cace-0585-430c-97a7-3db1e354cdac: start LeaderElection
2019-10-23 12:13:46,181 [4949cace-0585-430c-97a7-3db1e354cdac@group-55CA4A6792A0-LeaderElection221] INFO  impl.LeaderElection (LeaderElection.java:askForVotes(178)) - 4949cace-0585-430c-97a7-3db1e354cdac@group-55CA4A6792A0-LeaderElection221: begin an election at term 11 for 0: [736d60a2-feff-478b-9de2-63399c9845c9:192.168.69.118:36235, d21719ef-fad3-4f0e-b494-842eeedea460:192.168.69.118:45836, 4949cace-0585-430c-97a7-3db1e354cdac:192.168.69.118:33911], old=null
2019-10-23 12:13:46,182 [4949cace-0585-430c-97a7-3db1e354cdac@group-55CA4A6792A0-LeaderElection221] INFO  impl.LeaderElection (LogUtils.java:infoOrTrace(149)) - 4949cace-0585-430c-97a7-3db1e354cdac@group-55CA4A6792A0-LeaderElection221 got exception when requesting votes: {}
java.util.concurrent.ExecutionException: org.apache.ratis.thirdparty.io.grpc.StatusRuntimeException: UNAVAILABLE: io exception
	at java.util.concurrent.FutureTask.report(FutureTask.java:122)
	at java.util.concurrent.FutureTask.get(FutureTask.java:192)
	at org.apache.ratis.server.impl.LeaderElection.waitForResults(LeaderElection.java:259)
	at org.apache.ratis.server.impl.LeaderElection.askForVotes(LeaderElection.java:197)
	at org.apache.ratis.server.impl.LeaderElection.run(LeaderElection.java:133)
	at java.lang.Thread.run(Thread.java:748)
Caused by: org.apache.ratis.thirdparty.io.grpc.StatusRuntimeException: UNAVAILABLE: io exception
	at org.apache.ratis.thirdparty.io.grpc.stub.ClientCalls.toStatusRuntimeException(ClientCalls.java:233)
	at org.apache.ratis.thirdparty.io.grpc.stub.ClientCalls.getUnchecked(ClientCalls.java:214)
	at org.apache.ratis.thirdparty.io.grpc.stub.ClientCalls.blockingUnaryCall(ClientCalls.java:139)
	at org.apache.ratis.proto.grpc.RaftServerProtocolServiceGrpc$RaftServerProtocolServiceBlockingStub.requestVote(RaftServerProtocolServiceGrpc.java:265)
	at org.apache.ratis.grpc.server.GrpcServerProtocolClient.requestVote(GrpcServerProtocolClient.java:99)
	at org.apache.ratis.grpc.server.GrpcService.requestVote(GrpcService.java:204)
	at org.apache.ratis.server.impl.LeaderElection.lambda$submitRequests$1(LeaderElection.java:234)
	at java.util.concurrent.FutureTask.run(FutureTask.java:266)
	at java.util.concurrent.Executors$RunnableAdapter.call(Executors.java:511)
	at java.util.concurrent.FutureTask.run(FutureTask.java:266)
	at java.util.concurrent.ThreadPoolExecutor.runWorker(ThreadPoolExecutor.java:1149)
	at java.util.concurrent.ThreadPoolExecutor$Worker.run(ThreadPoolExecutor.java:624)
	... 1 more
Caused by: org.apache.ratis.thirdparty.io.netty.channel.AbstractChannel$AnnotatedConnectException: Connection refused: /192.168.69.118:36235
	at sun.nio.ch.SocketChannelImpl.checkConnect(Native Method)
	at sun.nio.ch.SocketChannelImpl.finishConnect(SocketChannelImpl.java:717)
	at org.apache.ratis.thirdparty.io.netty.channel.socket.nio.NioSocketChannel.doFinishConnect(NioSocketChannel.java:327)
	at org.apache.ratis.thirdparty.io.netty.channel.nio.AbstractNioChannel$AbstractNioUnsafe.finishConnect(AbstractNioChannel.java:340)
	at org.apache.ratis.thirdparty.io.netty.channel.nio.NioEventLoop.processSelectedKey(NioEventLoop.java:632)
	at org.apache.ratis.thirdparty.io.netty.channel.nio.NioEventLoop.processSelectedKeysOptimized(NioEventLoop.java:579)
	at org.apache.ratis.thirdparty.io.netty.channel.nio.NioEventLoop.processSelectedKeys(NioEventLoop.java:496)
	at org.apache.ratis.thirdparty.io.netty.channel.nio.NioEventLoop.run(NioEventLoop.java:458)
	at org.apache.ratis.thirdparty.io.netty.util.concurrent.SingleThreadEventExecutor$5.run(SingleThreadEventExecutor.java:897)
	at org.apache.ratis.thirdparty.io.netty.util.concurrent.FastThreadLocalRunnable.run(FastThreadLocalRunnable.java:30)
	... 1 more
Caused by: java.net.ConnectException: Connection refused
	... 11 more
2019-10-23 12:13:46,182 [4949cace-0585-430c-97a7-3db1e354cdac@group-55CA4A6792A0-LeaderElection221] INFO  impl.LeaderElection (LogUtils.java:infoOrTrace(149)) - 4949cace-0585-430c-97a7-3db1e354cdac@group-55CA4A6792A0-LeaderElection221 got exception when requesting votes: {}
java.util.concurrent.ExecutionException: org.apache.ratis.thirdparty.io.grpc.StatusRuntimeException: UNAVAILABLE: io exception
	at java.util.concurrent.FutureTask.report(FutureTask.java:122)
	at java.util.concurrent.FutureTask.get(FutureTask.java:192)
	at org.apache.ratis.server.impl.LeaderElection.waitForResults(LeaderElection.java:259)
	at org.apache.ratis.server.impl.LeaderElection.askForVotes(LeaderElection.java:197)
	at org.apache.ratis.server.impl.LeaderElection.run(LeaderElection.java:133)
	at java.lang.Thread.run(Thread.java:748)
Caused by: org.apache.ratis.thirdparty.io.grpc.StatusRuntimeException: UNAVAILABLE: io exception
	at org.apache.ratis.thirdparty.io.grpc.stub.ClientCalls.toStatusRuntimeException(ClientCalls.java:233)
	at org.apache.ratis.thirdparty.io.grpc.stub.ClientCalls.getUnchecked(ClientCalls.java:214)
	at org.apache.ratis.thirdparty.io.grpc.stub.ClientCalls.blockingUnaryCall(ClientCalls.java:139)
	at org.apache.ratis.proto.grpc.RaftServerProtocolServiceGrpc$RaftServerProtocolServiceBlockingStub.requestVote(RaftServerProtocolServiceGrpc.java:265)
	at org.apache.ratis.grpc.server.GrpcServerProtocolClient.requestVote(GrpcServerProtocolClient.java:99)
	at org.apache.ratis.grpc.server.GrpcService.requestVote(GrpcService.java:204)
	at org.apache.ratis.server.impl.LeaderElection.lambda$submitRequests$1(LeaderElection.java:234)
	at java.util.concurrent.FutureTask.run(FutureTask.java:266)
	at java.util.concurrent.Executors$RunnableAdapter.call(Executors.java:511)
	at java.util.concurrent.FutureTask.run(FutureTask.java:266)
	at java.util.concurrent.ThreadPoolExecutor.runWorker(ThreadPoolExecutor.java:1149)
	at java.util.concurrent.ThreadPoolExecutor$Worker.run(ThreadPoolExecutor.java:624)
	... 1 more
Caused by: org.apache.ratis.thirdparty.io.netty.channel.AbstractChannel$AnnotatedConnectException: Connection refused: /192.168.69.118:45836
	at sun.nio.ch.SocketChannelImpl.checkConnect(Native Method)
	at sun.nio.ch.SocketChannelImpl.finishConnect(SocketChannelImpl.java:717)
	at org.apache.ratis.thirdparty.io.netty.channel.socket.nio.NioSocketChannel.doFinishConnect(NioSocketChannel.java:327)
	at org.apache.ratis.thirdparty.io.netty.channel.nio.AbstractNioChannel$AbstractNioUnsafe.finishConnect(AbstractNioChannel.java:340)
	at org.apache.ratis.thirdparty.io.netty.channel.nio.NioEventLoop.processSelectedKey(NioEventLoop.java:632)
	at org.apache.ratis.thirdparty.io.netty.channel.nio.NioEventLoop.processSelectedKeysOptimized(NioEventLoop.java:579)
	at org.apache.ratis.thirdparty.io.netty.channel.nio.NioEventLoop.processSelectedKeys(NioEventLoop.java:496)
	at org.apache.ratis.thirdparty.io.netty.channel.nio.NioEventLoop.run(NioEventLoop.java:458)
	at org.apache.ratis.thirdparty.io.netty.util.concurrent.SingleThreadEventExecutor$5.run(SingleThreadEventExecutor.java:897)
	at org.apache.ratis.thirdparty.io.netty.util.concurrent.FastThreadLocalRunnable.run(FastThreadLocalRunnable.java:30)
	... 1 more
Caused by: java.net.ConnectException: Connection refused
	... 11 more
2019-10-23 12:13:46,182 [4949cace-0585-430c-97a7-3db1e354cdac@group-55CA4A6792A0-LeaderElection221] INFO  impl.LeaderElection (LeaderElection.java:logAndReturn(56)) - 4949cace-0585-430c-97a7-3db1e354cdac@group-55CA4A6792A0-LeaderElection221: Election REJECTED; received 0 response(s) [] and 2 exception(s); 4949cace-0585-430c-97a7-3db1e354cdac@group-55CA4A6792A0:t11, leader=null, voted=4949cace-0585-430c-97a7-3db1e354cdac, raftlog=4949cace-0585-430c-97a7-3db1e354cdac@group-55CA4A6792A0-SegmentedRaftLog:OPENED:c15,f15,i15, conf=0: [736d60a2-feff-478b-9de2-63399c9845c9:192.168.69.118:36235, d21719ef-fad3-4f0e-b494-842eeedea460:192.168.69.118:45836, 4949cace-0585-430c-97a7-3db1e354cdac:192.168.69.118:33911], old=null
2019-10-23 12:13:46,182 [4949cace-0585-430c-97a7-3db1e354cdac@group-55CA4A6792A0-LeaderElection221] INFO  impl.LeaderElection (LogUtils.java:infoOrTrace(149)) -   Exception 0: {}
java.util.concurrent.ExecutionException: org.apache.ratis.thirdparty.io.grpc.StatusRuntimeException: UNAVAILABLE: io exception
	at java.util.concurrent.FutureTask.report(FutureTask.java:122)
	at java.util.concurrent.FutureTask.get(FutureTask.java:192)
	at org.apache.ratis.server.impl.LeaderElection.waitForResults(LeaderElection.java:259)
	at org.apache.ratis.server.impl.LeaderElection.askForVotes(LeaderElection.java:197)
	at org.apache.ratis.server.impl.LeaderElection.run(LeaderElection.java:133)
	at java.lang.Thread.run(Thread.java:748)
Caused by: org.apache.ratis.thirdparty.io.grpc.StatusRuntimeException: UNAVAILABLE: io exception
	at org.apache.ratis.thirdparty.io.grpc.stub.ClientCalls.toStatusRuntimeException(ClientCalls.java:233)
	at org.apache.ratis.thirdparty.io.grpc.stub.ClientCalls.getUnchecked(ClientCalls.java:214)
	at org.apache.ratis.thirdparty.io.grpc.stub.ClientCalls.blockingUnaryCall(ClientCalls.java:139)
	at org.apache.ratis.proto.grpc.RaftServerProtocolServiceGrpc$RaftServerProtocolServiceBlockingStub.requestVote(RaftServerProtocolServiceGrpc.java:265)
	at org.apache.ratis.grpc.server.GrpcServerProtocolClient.requestVote(GrpcServerProtocolClient.java:99)
	at org.apache.ratis.grpc.server.GrpcService.requestVote(GrpcService.java:204)
	at org.apache.ratis.server.impl.LeaderElection.lambda$submitRequests$1(LeaderElection.java:234)
	at java.util.concurrent.FutureTask.run(FutureTask.java:266)
	at java.util.concurrent.Executors$RunnableAdapter.call(Executors.java:511)
	at java.util.concurrent.FutureTask.run(FutureTask.java:266)
	at java.util.concurrent.ThreadPoolExecutor.runWorker(ThreadPoolExecutor.java:1149)
	at java.util.concurrent.ThreadPoolExecutor$Worker.run(ThreadPoolExecutor.java:624)
	... 1 more
Caused by: org.apache.ratis.thirdparty.io.netty.channel.AbstractChannel$AnnotatedConnectException: Connection refused: /192.168.69.118:36235
	at sun.nio.ch.SocketChannelImpl.checkConnect(Native Method)
	at sun.nio.ch.SocketChannelImpl.finishConnect(SocketChannelImpl.java:717)
	at org.apache.ratis.thirdparty.io.netty.channel.socket.nio.NioSocketChannel.doFinishConnect(NioSocketChannel.java:327)
	at org.apache.ratis.thirdparty.io.netty.channel.nio.AbstractNioChannel$AbstractNioUnsafe.finishConnect(AbstractNioChannel.java:340)
	at org.apache.ratis.thirdparty.io.netty.channel.nio.NioEventLoop.processSelectedKey(NioEventLoop.java:632)
	at org.apache.ratis.thirdparty.io.netty.channel.nio.NioEventLoop.processSelectedKeysOptimized(NioEventLoop.java:579)
	at org.apache.ratis.thirdparty.io.netty.channel.nio.NioEventLoop.processSelectedKeys(NioEventLoop.java:496)
	at org.apache.ratis.thirdparty.io.netty.channel.nio.NioEventLoop.run(NioEventLoop.java:458)
	at org.apache.ratis.thirdparty.io.netty.util.concurrent.SingleThreadEventExecutor$5.run(SingleThreadEventExecutor.java:897)
	at org.apache.ratis.thirdparty.io.netty.util.concurrent.FastThreadLocalRunnable.run(FastThreadLocalRunnable.java:30)
	... 1 more
Caused by: java.net.ConnectException: Connection refused
	... 11 more
2019-10-23 12:13:46,183 [4949cace-0585-430c-97a7-3db1e354cdac@group-55CA4A6792A0-LeaderElection221] INFO  impl.LeaderElection (LogUtils.java:infoOrTrace(149)) -   Exception 1: {}
java.util.concurrent.ExecutionException: org.apache.ratis.thirdparty.io.grpc.StatusRuntimeException: UNAVAILABLE: io exception
	at java.util.concurrent.FutureTask.report(FutureTask.java:122)
	at java.util.concurrent.FutureTask.get(FutureTask.java:192)
	at org.apache.ratis.server.impl.LeaderElection.waitForResults(LeaderElection.java:259)
	at org.apache.ratis.server.impl.LeaderElection.askForVotes(LeaderElection.java:197)
	at org.apache.ratis.server.impl.LeaderElection.run(LeaderElection.java:133)
	at java.lang.Thread.run(Thread.java:748)
Caused by: org.apache.ratis.thirdparty.io.grpc.StatusRuntimeException: UNAVAILABLE: io exception
	at org.apache.ratis.thirdparty.io.grpc.stub.ClientCalls.toStatusRuntimeException(ClientCalls.java:233)
	at org.apache.ratis.thirdparty.io.grpc.stub.ClientCalls.getUnchecked(ClientCalls.java:214)
	at org.apache.ratis.thirdparty.io.grpc.stub.ClientCalls.blockingUnaryCall(ClientCalls.java:139)
	at org.apache.ratis.proto.grpc.RaftServerProtocolServiceGrpc$RaftServerProtocolServiceBlockingStub.requestVote(RaftServerProtocolServiceGrpc.java:265)
	at org.apache.ratis.grpc.server.GrpcServerProtocolClient.requestVote(GrpcServerProtocolClient.java:99)
	at org.apache.ratis.grpc.server.GrpcService.requestVote(GrpcService.java:204)
	at org.apache.ratis.server.impl.LeaderElection.lambda$submitRequests$1(LeaderElection.java:234)
	at java.util.concurrent.FutureTask.run(FutureTask.java:266)
	at java.util.concurrent.Executors$RunnableAdapter.call(Executors.java:511)
	at java.util.concurrent.FutureTask.run(FutureTask.java:266)
	at java.util.concurrent.ThreadPoolExecutor.runWorker(ThreadPoolExecutor.java:1149)
	at java.util.concurrent.ThreadPoolExecutor$Worker.run(ThreadPoolExecutor.java:624)
	... 1 more
Caused by: org.apache.ratis.thirdparty.io.netty.channel.AbstractChannel$AnnotatedConnectException: Connection refused: /192.168.69.118:45836
	at sun.nio.ch.SocketChannelImpl.checkConnect(Native Method)
	at sun.nio.ch.SocketChannelImpl.finishConnect(SocketChannelImpl.java:717)
	at org.apache.ratis.thirdparty.io.netty.channel.socket.nio.NioSocketChannel.doFinishConnect(NioSocketChannel.java:327)
	at org.apache.ratis.thirdparty.io.netty.channel.nio.AbstractNioChannel$AbstractNioUnsafe.finishConnect(AbstractNioChannel.java:340)
	at org.apache.ratis.thirdparty.io.netty.channel.nio.NioEventLoop.processSelectedKey(NioEventLoop.java:632)
	at org.apache.ratis.thirdparty.io.netty.channel.nio.NioEventLoop.processSelectedKeysOptimized(NioEventLoop.java:579)
	at org.apache.ratis.thirdparty.io.netty.channel.nio.NioEventLoop.processSelectedKeys(NioEventLoop.java:496)
	at org.apache.ratis.thirdparty.io.netty.channel.nio.NioEventLoop.run(NioEventLoop.java:458)
	at org.apache.ratis.thirdparty.io.netty.util.concurrent.SingleThreadEventExecutor$5.run(SingleThreadEventExecutor.java:897)
	at org.apache.ratis.thirdparty.io.netty.util.concurrent.FastThreadLocalRunnable.run(FastThreadLocalRunnable.java:30)
	... 1 more
Caused by: java.net.ConnectException: Connection refused
	... 11 more
2019-10-23 12:13:46,183 [4949cace-0585-430c-97a7-3db1e354cdac@group-55CA4A6792A0-LeaderElection221] INFO  impl.RaftServerImpl (RaftServerImpl.java:setRole(184)) - 4949cace-0585-430c-97a7-3db1e354cdac@group-55CA4A6792A0: changes role from CANDIDATE to FOLLOWER at term 11 for DISCOVERED_A_NEW_TERM
2019-10-23 12:13:46,183 [4949cace-0585-430c-97a7-3db1e354cdac@group-55CA4A6792A0-LeaderElection221] INFO  impl.RoleInfo (RoleInfo.java:shutdownLeaderElection(134)) - 4949cace-0585-430c-97a7-3db1e354cdac: shutdown LeaderElection
2019-10-23 12:13:46,183 [4949cace-0585-430c-97a7-3db1e354cdac@group-55CA4A6792A0-LeaderElection221] INFO  impl.RoleInfo (RoleInfo.java:updateAndGet(143)) - 4949cace-0585-430c-97a7-3db1e354cdac: start FollowerState
2019-10-23 12:13:46,267 [Thread-1898] INFO  impl.FollowerState (FollowerState.java:run(108)) - ad4d83c7-0f96-47bc-a4e8-7e5d9f844896@group-24C785E9A0FC-FollowerState: change to CANDIDATE, lastRpcTime:122ms, electionTimeout:122ms
2019-10-23 12:13:46,268 [Thread-1898] INFO  impl.RoleInfo (RoleInfo.java:shutdownFollowerState(121)) - ad4d83c7-0f96-47bc-a4e8-7e5d9f844896: shutdown FollowerState
2019-10-23 12:13:46,268 [Thread-1898] INFO  impl.RaftServerImpl (RaftServerImpl.java:setRole(184)) - ad4d83c7-0f96-47bc-a4e8-7e5d9f844896@group-24C785E9A0FC: changes role from  FOLLOWER to CANDIDATE at term 218 for changeToCandidate
2019-10-23 12:13:46,268 [Thread-1898] INFO  impl.RoleInfo (RoleInfo.java:updateAndGet(143)) - ad4d83c7-0f96-47bc-a4e8-7e5d9f844896: start LeaderElection
2019-10-23 12:13:46,281 [ad4d83c7-0f96-47bc-a4e8-7e5d9f844896@group-24C785E9A0FC-LeaderElection222] INFO  impl.LeaderElection (LeaderElection.java:askForVotes(178)) - ad4d83c7-0f96-47bc-a4e8-7e5d9f844896@group-24C785E9A0FC-LeaderElection222: begin an election at term 219 for -1: [3b749b59-de2a-419b-9a26-261692f5c83c:192.168.69.118:39205, ad4d83c7-0f96-47bc-a4e8-7e5d9f844896:192.168.69.118:41688, 02863277-f564-4bc6-8337-fb22627f6f1a:192.168.69.118:36850], old=null
2019-10-23 12:13:46,282 [ad4d83c7-0f96-47bc-a4e8-7e5d9f844896@group-24C785E9A0FC-LeaderElection222] INFO  impl.LeaderElection (LogUtils.java:infoOrTrace(149)) - ad4d83c7-0f96-47bc-a4e8-7e5d9f844896@group-24C785E9A0FC-LeaderElection222 got exception when requesting votes: {}
java.util.concurrent.ExecutionException: org.apache.ratis.thirdparty.io.grpc.StatusRuntimeException: UNAVAILABLE: io exception
	at java.util.concurrent.FutureTask.report(FutureTask.java:122)
	at java.util.concurrent.FutureTask.get(FutureTask.java:192)
	at org.apache.ratis.server.impl.LeaderElection.waitForResults(LeaderElection.java:259)
	at org.apache.ratis.server.impl.LeaderElection.askForVotes(LeaderElection.java:197)
	at org.apache.ratis.server.impl.LeaderElection.run(LeaderElection.java:133)
	at java.lang.Thread.run(Thread.java:748)
Caused by: org.apache.ratis.thirdparty.io.grpc.StatusRuntimeException: UNAVAILABLE: io exception
	at org.apache.ratis.thirdparty.io.grpc.stub.ClientCalls.toStatusRuntimeException(ClientCalls.java:233)
	at org.apache.ratis.thirdparty.io.grpc.stub.ClientCalls.getUnchecked(ClientCalls.java:214)
	at org.apache.ratis.thirdparty.io.grpc.stub.ClientCalls.blockingUnaryCall(ClientCalls.java:139)
	at org.apache.ratis.proto.grpc.RaftServerProtocolServiceGrpc$RaftServerProtocolServiceBlockingStub.requestVote(RaftServerProtocolServiceGrpc.java:265)
	at org.apache.ratis.grpc.server.GrpcServerProtocolClient.requestVote(GrpcServerProtocolClient.java:99)
	at org.apache.ratis.grpc.server.GrpcService.requestVote(GrpcService.java:204)
	at org.apache.ratis.server.impl.LeaderElection.lambda$submitRequests$1(LeaderElection.java:234)
	at java.util.concurrent.FutureTask.run(FutureTask.java:266)
	at java.util.concurrent.Executors$RunnableAdapter.call(Executors.java:511)
	at java.util.concurrent.FutureTask.run(FutureTask.java:266)
	at java.util.concurrent.ThreadPoolExecutor.runWorker(ThreadPoolExecutor.java:1149)
	at java.util.concurrent.ThreadPoolExecutor$Worker.run(ThreadPoolExecutor.java:624)
	... 1 more
Caused by: org.apache.ratis.thirdparty.io.netty.channel.AbstractChannel$AnnotatedConnectException: Connection refused: /192.168.69.118:39205
	at sun.nio.ch.SocketChannelImpl.checkConnect(Native Method)
	at sun.nio.ch.SocketChannelImpl.finishConnect(SocketChannelImpl.java:717)
	at org.apache.ratis.thirdparty.io.netty.channel.socket.nio.NioSocketChannel.doFinishConnect(NioSocketChannel.java:327)
	at org.apache.ratis.thirdparty.io.netty.channel.nio.AbstractNioChannel$AbstractNioUnsafe.finishConnect(AbstractNioChannel.java:340)
	at org.apache.ratis.thirdparty.io.netty.channel.nio.NioEventLoop.processSelectedKey(NioEventLoop.java:632)
	at org.apache.ratis.thirdparty.io.netty.channel.nio.NioEventLoop.processSelectedKeysOptimized(NioEventLoop.java:579)
	at org.apache.ratis.thirdparty.io.netty.channel.nio.NioEventLoop.processSelectedKeys(NioEventLoop.java:496)
	at org.apache.ratis.thirdparty.io.netty.channel.nio.NioEventLoop.run(NioEventLoop.java:458)
	at org.apache.ratis.thirdparty.io.netty.util.concurrent.SingleThreadEventExecutor$5.run(SingleThreadEventExecutor.java:897)
	at org.apache.ratis.thirdparty.io.netty.util.concurrent.FastThreadLocalRunnable.run(FastThreadLocalRunnable.java:30)
	... 1 more
Caused by: java.net.ConnectException: Connection refused
	... 11 more
2019-10-23 12:13:46,283 [grpc-default-executor-4] INFO  impl.RaftServerImpl (RaftServerImpl.java:setRole(184)) - 02863277-f564-4bc6-8337-fb22627f6f1a@group-24C785E9A0FC: changes role from  FOLLOWER to FOLLOWER at term 219 for recognizeCandidate:ad4d83c7-0f96-47bc-a4e8-7e5d9f844896
2019-10-23 12:13:46,283 [grpc-default-executor-4] INFO  impl.RoleInfo (RoleInfo.java:shutdownFollowerState(121)) - 02863277-f564-4bc6-8337-fb22627f6f1a: shutdown FollowerState
2019-10-23 12:13:46,284 [grpc-default-executor-4] INFO  impl.RoleInfo (RoleInfo.java:updateAndGet(143)) - 02863277-f564-4bc6-8337-fb22627f6f1a: start FollowerState
2019-10-23 12:13:46,284 [Thread-1897] INFO  impl.FollowerState (FollowerState.java:run(117)) - 02863277-f564-4bc6-8337-fb22627f6f1a@group-24C785E9A0FC-FollowerState was interrupted: java.lang.InterruptedException: sleep interrupted
2019-10-23 12:13:46,299 [ad4d83c7-0f96-47bc-a4e8-7e5d9f844896@group-24C785E9A0FC-LeaderElection222] INFO  impl.LeaderElection (LeaderElection.java:logAndReturn(56)) - ad4d83c7-0f96-47bc-a4e8-7e5d9f844896@group-24C785E9A0FC-LeaderElection222: Election REJECTED; received 1 response(s) [ad4d83c7-0f96-47bc-a4e8-7e5d9f844896<-02863277-f564-4bc6-8337-fb22627f6f1a#0:FAIL-t219] and 1 exception(s); ad4d83c7-0f96-47bc-a4e8-7e5d9f844896@group-24C785E9A0FC:t219, leader=null, voted=ad4d83c7-0f96-47bc-a4e8-7e5d9f844896, raftlog=ad4d83c7-0f96-47bc-a4e8-7e5d9f844896@group-24C785E9A0FC-SegmentedRaftLog:OPENED:c-1,f-1,i0, conf=-1: [3b749b59-de2a-419b-9a26-261692f5c83c:192.168.69.118:39205, ad4d83c7-0f96-47bc-a4e8-7e5d9f844896:192.168.69.118:41688, 02863277-f564-4bc6-8337-fb22627f6f1a:192.168.69.118:36850], old=null
2019-10-23 12:13:46,299 [ad4d83c7-0f96-47bc-a4e8-7e5d9f844896@group-24C785E9A0FC-LeaderElection222] INFO  impl.LeaderElection (LogUtils.java:infoOrTrace(149)) -   Exception 0: {}
java.util.concurrent.ExecutionException: org.apache.ratis.thirdparty.io.grpc.StatusRuntimeException: UNAVAILABLE: io exception
	at java.util.concurrent.FutureTask.report(FutureTask.java:122)
	at java.util.concurrent.FutureTask.get(FutureTask.java:192)
	at org.apache.ratis.server.impl.LeaderElection.waitForResults(LeaderElection.java:259)
	at org.apache.ratis.server.impl.LeaderElection.askForVotes(LeaderElection.java:197)
	at org.apache.ratis.server.impl.LeaderElection.run(LeaderElection.java:133)
	at java.lang.Thread.run(Thread.java:748)
Caused by: org.apache.ratis.thirdparty.io.grpc.StatusRuntimeException: UNAVAILABLE: io exception
	at org.apache.ratis.thirdparty.io.grpc.stub.ClientCalls.toStatusRuntimeException(ClientCalls.java:233)
	at org.apache.ratis.thirdparty.io.grpc.stub.ClientCalls.getUnchecked(ClientCalls.java:214)
	at org.apache.ratis.thirdparty.io.grpc.stub.ClientCalls.blockingUnaryCall(ClientCalls.java:139)
	at org.apache.ratis.proto.grpc.RaftServerProtocolServiceGrpc$RaftServerProtocolServiceBlockingStub.requestVote(RaftServerProtocolServiceGrpc.java:265)
	at org.apache.ratis.grpc.server.GrpcServerProtocolClient.requestVote(GrpcServerProtocolClient.java:99)
	at org.apache.ratis.grpc.server.GrpcService.requestVote(GrpcService.java:204)
	at org.apache.ratis.server.impl.LeaderElection.lambda$submitRequests$1(LeaderElection.java:234)
	at java.util.concurrent.FutureTask.run(FutureTask.java:266)
	at java.util.concurrent.Executors$RunnableAdapter.call(Executors.java:511)
	at java.util.concurrent.FutureTask.run(FutureTask.java:266)
	at java.util.concurrent.ThreadPoolExecutor.runWorker(ThreadPoolExecutor.java:1149)
	at java.util.concurrent.ThreadPoolExecutor$Worker.run(ThreadPoolExecutor.java:624)
	... 1 more
Caused by: org.apache.ratis.thirdparty.io.netty.channel.AbstractChannel$AnnotatedConnectException: Connection refused: /192.168.69.118:39205
	at sun.nio.ch.SocketChannelImpl.checkConnect(Native Method)
	at sun.nio.ch.SocketChannelImpl.finishConnect(SocketChannelImpl.java:717)
	at org.apache.ratis.thirdparty.io.netty.channel.socket.nio.NioSocketChannel.doFinishConnect(NioSocketChannel.java:327)
	at org.apache.ratis.thirdparty.io.netty.channel.nio.AbstractNioChannel$AbstractNioUnsafe.finishConnect(AbstractNioChannel.java:340)
	at org.apache.ratis.thirdparty.io.netty.channel.nio.NioEventLoop.processSelectedKey(NioEventLoop.java:632)
	at org.apache.ratis.thirdparty.io.netty.channel.nio.NioEventLoop.processSelectedKeysOptimized(NioEventLoop.java:579)
	at org.apache.ratis.thirdparty.io.netty.channel.nio.NioEventLoop.processSelectedKeys(NioEventLoop.java:496)
	at org.apache.ratis.thirdparty.io.netty.channel.nio.NioEventLoop.run(NioEventLoop.java:458)
	at org.apache.ratis.thirdparty.io.netty.util.concurrent.SingleThreadEventExecutor$5.run(SingleThreadEventExecutor.java:897)
	at org.apache.ratis.thirdparty.io.netty.util.concurrent.FastThreadLocalRunnable.run(FastThreadLocalRunnable.java:30)
	... 1 more
Caused by: java.net.ConnectException: Connection refused
	... 11 more
2019-10-23 12:13:46,299 [ad4d83c7-0f96-47bc-a4e8-7e5d9f844896@group-24C785E9A0FC-LeaderElection222] INFO  impl.RaftServerImpl (RaftServerImpl.java:setRole(184)) - ad4d83c7-0f96-47bc-a4e8-7e5d9f844896@group-24C785E9A0FC: changes role from CANDIDATE to FOLLOWER at term 219 for DISCOVERED_A_NEW_TERM
2019-10-23 12:13:46,299 [ad4d83c7-0f96-47bc-a4e8-7e5d9f844896@group-24C785E9A0FC-LeaderElection222] INFO  impl.RoleInfo (RoleInfo.java:shutdownLeaderElection(134)) - ad4d83c7-0f96-47bc-a4e8-7e5d9f844896: shutdown LeaderElection
2019-10-23 12:13:46,299 [ad4d83c7-0f96-47bc-a4e8-7e5d9f844896@group-24C785E9A0FC-LeaderElection222] INFO  impl.RoleInfo (RoleInfo.java:updateAndGet(143)) - ad4d83c7-0f96-47bc-a4e8-7e5d9f844896: start FollowerState
2019-10-23 12:13:46,378 [Thread-1907] INFO  impl.FollowerState (FollowerState.java:run(108)) - ad4d83c7-0f96-47bc-a4e8-7e5d9f844896@group-24C785E9A0FC-FollowerState: change to CANDIDATE, lastRpcTime:78ms, electionTimeout:78ms
2019-10-23 12:13:46,378 [Thread-1907] INFO  impl.RoleInfo (RoleInfo.java:shutdownFollowerState(121)) - ad4d83c7-0f96-47bc-a4e8-7e5d9f844896: shutdown FollowerState
2019-10-23 12:13:46,378 [Thread-1907] INFO  impl.RaftServerImpl (RaftServerImpl.java:setRole(184)) - ad4d83c7-0f96-47bc-a4e8-7e5d9f844896@group-24C785E9A0FC: changes role from  FOLLOWER to CANDIDATE at term 219 for changeToCandidate
2019-10-23 12:13:46,378 [Thread-1907] INFO  impl.RoleInfo (RoleInfo.java:updateAndGet(143)) - ad4d83c7-0f96-47bc-a4e8-7e5d9f844896: start LeaderElection
2019-10-23 12:13:46,392 [ad4d83c7-0f96-47bc-a4e8-7e5d9f844896@group-24C785E9A0FC-LeaderElection223] INFO  impl.LeaderElection (LeaderElection.java:askForVotes(178)) - ad4d83c7-0f96-47bc-a4e8-7e5d9f844896@group-24C785E9A0FC-LeaderElection223: begin an election at term 220 for -1: [3b749b59-de2a-419b-9a26-261692f5c83c:192.168.69.118:39205, ad4d83c7-0f96-47bc-a4e8-7e5d9f844896:192.168.69.118:41688, 02863277-f564-4bc6-8337-fb22627f6f1a:192.168.69.118:36850], old=null
2019-10-23 12:13:46,393 [ad4d83c7-0f96-47bc-a4e8-7e5d9f844896@group-24C785E9A0FC-LeaderElection223] INFO  impl.LeaderElection (LogUtils.java:infoOrTrace(149)) - ad4d83c7-0f96-47bc-a4e8-7e5d9f844896@group-24C785E9A0FC-LeaderElection223 got exception when requesting votes: {}
java.util.concurrent.ExecutionException: org.apache.ratis.thirdparty.io.grpc.StatusRuntimeException: UNAVAILABLE: io exception
	at java.util.concurrent.FutureTask.report(FutureTask.java:122)
	at java.util.concurrent.FutureTask.get(FutureTask.java:192)
	at org.apache.ratis.server.impl.LeaderElection.waitForResults(LeaderElection.java:259)
	at org.apache.ratis.server.impl.LeaderElection.askForVotes(LeaderElection.java:197)
	at org.apache.ratis.server.impl.LeaderElection.run(LeaderElection.java:133)
	at java.lang.Thread.run(Thread.java:748)
Caused by: org.apache.ratis.thirdparty.io.grpc.StatusRuntimeException: UNAVAILABLE: io exception
	at org.apache.ratis.thirdparty.io.grpc.stub.ClientCalls.toStatusRuntimeException(ClientCalls.java:233)
	at org.apache.ratis.thirdparty.io.grpc.stub.ClientCalls.getUnchecked(ClientCalls.java:214)
	at org.apache.ratis.thirdparty.io.grpc.stub.ClientCalls.blockingUnaryCall(ClientCalls.java:139)
	at org.apache.ratis.proto.grpc.RaftServerProtocolServiceGrpc$RaftServerProtocolServiceBlockingStub.requestVote(RaftServerProtocolServiceGrpc.java:265)
	at org.apache.ratis.grpc.server.GrpcServerProtocolClient.requestVote(GrpcServerProtocolClient.java:99)
	at org.apache.ratis.grpc.server.GrpcService.requestVote(GrpcService.java:204)
	at org.apache.ratis.server.impl.LeaderElection.lambda$submitRequests$1(LeaderElection.java:234)
	at java.util.concurrent.FutureTask.run(FutureTask.java:266)
	at java.util.concurrent.Executors$RunnableAdapter.call(Executors.java:511)
	at java.util.concurrent.FutureTask.run(FutureTask.java:266)
	at java.util.concurrent.ThreadPoolExecutor.runWorker(ThreadPoolExecutor.java:1149)
	at java.util.concurrent.ThreadPoolExecutor$Worker.run(ThreadPoolExecutor.java:624)
	... 1 more
Caused by: org.apache.ratis.thirdparty.io.netty.channel.AbstractChannel$AnnotatedConnectException: Connection refused: /192.168.69.118:39205
	at sun.nio.ch.SocketChannelImpl.checkConnect(Native Method)
	at sun.nio.ch.SocketChannelImpl.finishConnect(SocketChannelImpl.java:717)
	at org.apache.ratis.thirdparty.io.netty.channel.socket.nio.NioSocketChannel.doFinishConnect(NioSocketChannel.java:327)
	at org.apache.ratis.thirdparty.io.netty.channel.nio.AbstractNioChannel$AbstractNioUnsafe.finishConnect(AbstractNioChannel.java:340)
	at org.apache.ratis.thirdparty.io.netty.channel.nio.NioEventLoop.processSelectedKey(NioEventLoop.java:632)
	at org.apache.ratis.thirdparty.io.netty.channel.nio.NioEventLoop.processSelectedKeysOptimized(NioEventLoop.java:579)
	at org.apache.ratis.thirdparty.io.netty.channel.nio.NioEventLoop.processSelectedKeys(NioEventLoop.java:496)
	at org.apache.ratis.thirdparty.io.netty.channel.nio.NioEventLoop.run(NioEventLoop.java:458)
	at org.apache.ratis.thirdparty.io.netty.util.concurrent.SingleThreadEventExecutor$5.run(SingleThreadEventExecutor.java:897)
	at org.apache.ratis.thirdparty.io.netty.util.concurrent.FastThreadLocalRunnable.run(FastThreadLocalRunnable.java:30)
	... 1 more
Caused by: java.net.ConnectException: Connection refused
	... 11 more
2019-10-23 12:13:46,394 [grpc-default-executor-4] INFO  impl.RaftServerImpl (RaftServerImpl.java:setRole(184)) - 02863277-f564-4bc6-8337-fb22627f6f1a@group-24C785E9A0FC: changes role from  FOLLOWER to FOLLOWER at term 220 for recognizeCandidate:ad4d83c7-0f96-47bc-a4e8-7e5d9f844896
2019-10-23 12:13:46,394 [grpc-default-executor-4] INFO  impl.RoleInfo (RoleInfo.java:shutdownFollowerState(121)) - 02863277-f564-4bc6-8337-fb22627f6f1a: shutdown FollowerState
2019-10-23 12:13:46,394 [grpc-default-executor-4] INFO  impl.RoleInfo (RoleInfo.java:updateAndGet(143)) - 02863277-f564-4bc6-8337-fb22627f6f1a: start FollowerState
2019-10-23 12:13:46,394 [Thread-1906] INFO  impl.FollowerState (FollowerState.java:run(117)) - 02863277-f564-4bc6-8337-fb22627f6f1a@group-24C785E9A0FC-FollowerState was interrupted: java.lang.InterruptedException: sleep interrupted
2019-10-23 12:13:46,408 [ad4d83c7-0f96-47bc-a4e8-7e5d9f844896@group-24C785E9A0FC-LeaderElection223] INFO  impl.LeaderElection (LeaderElection.java:logAndReturn(56)) - ad4d83c7-0f96-47bc-a4e8-7e5d9f844896@group-24C785E9A0FC-LeaderElection223: Election REJECTED; received 1 response(s) [ad4d83c7-0f96-47bc-a4e8-7e5d9f844896<-02863277-f564-4bc6-8337-fb22627f6f1a#0:FAIL-t220] and 1 exception(s); ad4d83c7-0f96-47bc-a4e8-7e5d9f844896@group-24C785E9A0FC:t220, leader=null, voted=ad4d83c7-0f96-47bc-a4e8-7e5d9f844896, raftlog=ad4d83c7-0f96-47bc-a4e8-7e5d9f844896@group-24C785E9A0FC-SegmentedRaftLog:OPENED:c-1,f-1,i0, conf=-1: [3b749b59-de2a-419b-9a26-261692f5c83c:192.168.69.118:39205, ad4d83c7-0f96-47bc-a4e8-7e5d9f844896:192.168.69.118:41688, 02863277-f564-4bc6-8337-fb22627f6f1a:192.168.69.118:36850], old=null
2019-10-23 12:13:46,408 [ad4d83c7-0f96-47bc-a4e8-7e5d9f844896@group-24C785E9A0FC-LeaderElection223] INFO  impl.LeaderElection (LogUtils.java:infoOrTrace(149)) -   Exception 0: {}
java.util.concurrent.ExecutionException: org.apache.ratis.thirdparty.io.grpc.StatusRuntimeException: UNAVAILABLE: io exception
	at java.util.concurrent.FutureTask.report(FutureTask.java:122)
	at java.util.concurrent.FutureTask.get(FutureTask.java:192)
	at org.apache.ratis.server.impl.LeaderElection.waitForResults(LeaderElection.java:259)
	at org.apache.ratis.server.impl.LeaderElection.askForVotes(LeaderElection.java:197)
	at org.apache.ratis.server.impl.LeaderElection.run(LeaderElection.java:133)
	at java.lang.Thread.run(Thread.java:748)
Caused by: org.apache.ratis.thirdparty.io.grpc.StatusRuntimeException: UNAVAILABLE: io exception
	at org.apache.ratis.thirdparty.io.grpc.stub.ClientCalls.toStatusRuntimeException(ClientCalls.java:233)
	at org.apache.ratis.thirdparty.io.grpc.stub.ClientCalls.getUnchecked(ClientCalls.java:214)
	at org.apache.ratis.thirdparty.io.grpc.stub.ClientCalls.blockingUnaryCall(ClientCalls.java:139)
	at org.apache.ratis.proto.grpc.RaftServerProtocolServiceGrpc$RaftServerProtocolServiceBlockingStub.requestVote(RaftServerProtocolServiceGrpc.java:265)
	at org.apache.ratis.grpc.server.GrpcServerProtocolClient.requestVote(GrpcServerProtocolClient.java:99)
	at org.apache.ratis.grpc.server.GrpcService.requestVote(GrpcService.java:204)
	at org.apache.ratis.server.impl.LeaderElection.lambda$submitRequests$1(LeaderElection.java:234)
	at java.util.concurrent.FutureTask.run(FutureTask.java:266)
	at java.util.concurrent.Executors$RunnableAdapter.call(Executors.java:511)
	at java.util.concurrent.FutureTask.run(FutureTask.java:266)
	at java.util.concurrent.ThreadPoolExecutor.runWorker(ThreadPoolExecutor.java:1149)
	at java.util.concurrent.ThreadPoolExecutor$Worker.run(ThreadPoolExecutor.java:624)
	... 1 more
Caused by: org.apache.ratis.thirdparty.io.netty.channel.AbstractChannel$AnnotatedConnectException: Connection refused: /192.168.69.118:39205
	at sun.nio.ch.SocketChannelImpl.checkConnect(Native Method)
	at sun.nio.ch.SocketChannelImpl.finishConnect(SocketChannelImpl.java:717)
	at org.apache.ratis.thirdparty.io.netty.channel.socket.nio.NioSocketChannel.doFinishConnect(NioSocketChannel.java:327)
	at org.apache.ratis.thirdparty.io.netty.channel.nio.AbstractNioChannel$AbstractNioUnsafe.finishConnect(AbstractNioChannel.java:340)
	at org.apache.ratis.thirdparty.io.netty.channel.nio.NioEventLoop.processSelectedKey(NioEventLoop.java:632)
	at org.apache.ratis.thirdparty.io.netty.channel.nio.NioEventLoop.processSelectedKeysOptimized(NioEventLoop.java:579)
	at org.apache.ratis.thirdparty.io.netty.channel.nio.NioEventLoop.processSelectedKeys(NioEventLoop.java:496)
	at org.apache.ratis.thirdparty.io.netty.channel.nio.NioEventLoop.run(NioEventLoop.java:458)
	at org.apache.ratis.thirdparty.io.netty.util.concurrent.SingleThreadEventExecutor$5.run(SingleThreadEventExecutor.java:897)
	at org.apache.ratis.thirdparty.io.netty.util.concurrent.FastThreadLocalRunnable.run(FastThreadLocalRunnable.java:30)
	... 1 more
Caused by: java.net.ConnectException: Connection refused
	... 11 more
2019-10-23 12:13:46,409 [ad4d83c7-0f96-47bc-a4e8-7e5d9f844896@group-24C785E9A0FC-LeaderElection223] INFO  impl.RaftServerImpl (RaftServerImpl.java:setRole(184)) - ad4d83c7-0f96-47bc-a4e8-7e5d9f844896@group-24C785E9A0FC: changes role from CANDIDATE to FOLLOWER at term 220 for DISCOVERED_A_NEW_TERM
2019-10-23 12:13:46,409 [ad4d83c7-0f96-47bc-a4e8-7e5d9f844896@group-24C785E9A0FC-LeaderElection223] INFO  impl.RoleInfo (RoleInfo.java:shutdownLeaderElection(134)) - ad4d83c7-0f96-47bc-a4e8-7e5d9f844896: shutdown LeaderElection
2019-10-23 12:13:46,409 [ad4d83c7-0f96-47bc-a4e8-7e5d9f844896@group-24C785E9A0FC-LeaderElection223] INFO  impl.RoleInfo (RoleInfo.java:updateAndGet(143)) - ad4d83c7-0f96-47bc-a4e8-7e5d9f844896: start FollowerState
2019-10-23 12:13:46,481 [Thread-1912] INFO  impl.FollowerState (FollowerState.java:run(108)) - ad4d83c7-0f96-47bc-a4e8-7e5d9f844896@group-24C785E9A0FC-FollowerState: change to CANDIDATE, lastRpcTime:72ms, electionTimeout:72ms
2019-10-23 12:13:46,481 [Thread-1912] INFO  impl.RoleInfo (RoleInfo.java:shutdownFollowerState(121)) - ad4d83c7-0f96-47bc-a4e8-7e5d9f844896: shutdown FollowerState
2019-10-23 12:13:46,481 [Thread-1912] INFO  impl.RaftServerImpl (RaftServerImpl.java:setRole(184)) - ad4d83c7-0f96-47bc-a4e8-7e5d9f844896@group-24C785E9A0FC: changes role from  FOLLOWER to CANDIDATE at term 220 for changeToCandidate
2019-10-23 12:13:46,482 [Thread-1912] INFO  impl.RoleInfo (RoleInfo.java:updateAndGet(143)) - ad4d83c7-0f96-47bc-a4e8-7e5d9f844896: start LeaderElection
2019-10-23 12:13:46,489 [ad4d83c7-0f96-47bc-a4e8-7e5d9f844896@group-24C785E9A0FC-LeaderElection224] INFO  impl.LeaderElection (LeaderElection.java:askForVotes(178)) - ad4d83c7-0f96-47bc-a4e8-7e5d9f844896@group-24C785E9A0FC-LeaderElection224: begin an election at term 221 for -1: [3b749b59-de2a-419b-9a26-261692f5c83c:192.168.69.118:39205, ad4d83c7-0f96-47bc-a4e8-7e5d9f844896:192.168.69.118:41688, 02863277-f564-4bc6-8337-fb22627f6f1a:192.168.69.118:36850], old=null
2019-10-23 12:13:46,490 [ad4d83c7-0f96-47bc-a4e8-7e5d9f844896@group-24C785E9A0FC-LeaderElection224] INFO  impl.LeaderElection (LogUtils.java:infoOrTrace(149)) - ad4d83c7-0f96-47bc-a4e8-7e5d9f844896@group-24C785E9A0FC-LeaderElection224 got exception when requesting votes: {}
java.util.concurrent.ExecutionException: org.apache.ratis.thirdparty.io.grpc.StatusRuntimeException: UNAVAILABLE: io exception
	at java.util.concurrent.FutureTask.report(FutureTask.java:122)
	at java.util.concurrent.FutureTask.get(FutureTask.java:192)
	at org.apache.ratis.server.impl.LeaderElection.waitForResults(LeaderElection.java:259)
	at org.apache.ratis.server.impl.LeaderElection.askForVotes(LeaderElection.java:197)
	at org.apache.ratis.server.impl.LeaderElection.run(LeaderElection.java:133)
	at java.lang.Thread.run(Thread.java:748)
Caused by: org.apache.ratis.thirdparty.io.grpc.StatusRuntimeException: UNAVAILABLE: io exception
	at org.apache.ratis.thirdparty.io.grpc.stub.ClientCalls.toStatusRuntimeException(ClientCalls.java:233)
	at org.apache.ratis.thirdparty.io.grpc.stub.ClientCalls.getUnchecked(ClientCalls.java:214)
	at org.apache.ratis.thirdparty.io.grpc.stub.ClientCalls.blockingUnaryCall(ClientCalls.java:139)
	at org.apache.ratis.proto.grpc.RaftServerProtocolServiceGrpc$RaftServerProtocolServiceBlockingStub.requestVote(RaftServerProtocolServiceGrpc.java:265)
	at org.apache.ratis.grpc.server.GrpcServerProtocolClient.requestVote(GrpcServerProtocolClient.java:99)
	at org.apache.ratis.grpc.server.GrpcService.requestVote(GrpcService.java:204)
	at org.apache.ratis.server.impl.LeaderElection.lambda$submitRequests$1(LeaderElection.java:234)
	at java.util.concurrent.FutureTask.run(FutureTask.java:266)
	at java.util.concurrent.Executors$RunnableAdapter.call(Executors.java:511)
	at java.util.concurrent.FutureTask.run(FutureTask.java:266)
	at java.util.concurrent.ThreadPoolExecutor.runWorker(ThreadPoolExecutor.java:1149)
	at java.util.concurrent.ThreadPoolExecutor$Worker.run(ThreadPoolExecutor.java:624)
	... 1 more
Caused by: org.apache.ratis.thirdparty.io.netty.channel.AbstractChannel$AnnotatedConnectException: Connection refused: /192.168.69.118:39205
	at sun.nio.ch.SocketChannelImpl.checkConnect(Native Method)
	at sun.nio.ch.SocketChannelImpl.finishConnect(SocketChannelImpl.java:717)
	at org.apache.ratis.thirdparty.io.netty.channel.socket.nio.NioSocketChannel.doFinishConnect(NioSocketChannel.java:327)
	at org.apache.ratis.thirdparty.io.netty.channel.nio.AbstractNioChannel$AbstractNioUnsafe.finishConnect(AbstractNioChannel.java:340)
	at org.apache.ratis.thirdparty.io.netty.channel.nio.NioEventLoop.processSelectedKey(NioEventLoop.java:632)
	at org.apache.ratis.thirdparty.io.netty.channel.nio.NioEventLoop.processSelectedKeysOptimized(NioEventLoop.java:579)
	at org.apache.ratis.thirdparty.io.netty.channel.nio.NioEventLoop.processSelectedKeys(NioEventLoop.java:496)
	at org.apache.ratis.thirdparty.io.netty.channel.nio.NioEventLoop.run(NioEventLoop.java:458)
	at org.apache.ratis.thirdparty.io.netty.util.concurrent.SingleThreadEventExecutor$5.run(SingleThreadEventExecutor.java:897)
	at org.apache.ratis.thirdparty.io.netty.util.concurrent.FastThreadLocalRunnable.run(FastThreadLocalRunnable.java:30)
	... 1 more
Caused by: java.net.ConnectException: Connection refused
	... 11 more
2019-10-23 12:13:46,491 [grpc-default-executor-4] INFO  impl.RaftServerImpl (RaftServerImpl.java:setRole(184)) - 02863277-f564-4bc6-8337-fb22627f6f1a@group-24C785E9A0FC: changes role from  FOLLOWER to FOLLOWER at term 221 for recognizeCandidate:ad4d83c7-0f96-47bc-a4e8-7e5d9f844896
2019-10-23 12:13:46,491 [grpc-default-executor-4] INFO  impl.RoleInfo (RoleInfo.java:shutdownFollowerState(121)) - 02863277-f564-4bc6-8337-fb22627f6f1a: shutdown FollowerState
2019-10-23 12:13:46,491 [Thread-1911] INFO  impl.FollowerState (FollowerState.java:run(117)) - 02863277-f564-4bc6-8337-fb22627f6f1a@group-24C785E9A0FC-FollowerState was interrupted: java.lang.InterruptedException: sleep interrupted
2019-10-23 12:13:46,491 [grpc-default-executor-4] INFO  impl.RoleInfo (RoleInfo.java:updateAndGet(143)) - 02863277-f564-4bc6-8337-fb22627f6f1a: start FollowerState
2019-10-23 12:13:46,506 [ad4d83c7-0f96-47bc-a4e8-7e5d9f844896@group-24C785E9A0FC-LeaderElection224] INFO  impl.LeaderElection (LeaderElection.java:logAndReturn(56)) - ad4d83c7-0f96-47bc-a4e8-7e5d9f844896@group-24C785E9A0FC-LeaderElection224: Election REJECTED; received 1 response(s) [ad4d83c7-0f96-47bc-a4e8-7e5d9f844896<-02863277-f564-4bc6-8337-fb22627f6f1a#0:FAIL-t221] and 1 exception(s); ad4d83c7-0f96-47bc-a4e8-7e5d9f844896@group-24C785E9A0FC:t221, leader=null, voted=ad4d83c7-0f96-47bc-a4e8-7e5d9f844896, raftlog=ad4d83c7-0f96-47bc-a4e8-7e5d9f844896@group-24C785E9A0FC-SegmentedRaftLog:OPENED:c-1,f-1,i0, conf=-1: [3b749b59-de2a-419b-9a26-261692f5c83c:192.168.69.118:39205, ad4d83c7-0f96-47bc-a4e8-7e5d9f844896:192.168.69.118:41688, 02863277-f564-4bc6-8337-fb22627f6f1a:192.168.69.118:36850], old=null
2019-10-23 12:13:46,506 [ad4d83c7-0f96-47bc-a4e8-7e5d9f844896@group-24C785E9A0FC-LeaderElection224] INFO  impl.LeaderElection (LogUtils.java:infoOrTrace(149)) -   Exception 0: {}
java.util.concurrent.ExecutionException: org.apache.ratis.thirdparty.io.grpc.StatusRuntimeException: UNAVAILABLE: io exception
	at java.util.concurrent.FutureTask.report(FutureTask.java:122)
	at java.util.concurrent.FutureTask.get(FutureTask.java:192)
	at org.apache.ratis.server.impl.LeaderElection.waitForResults(LeaderElection.java:259)
	at org.apache.ratis.server.impl.LeaderElection.askForVotes(LeaderElection.java:197)
	at org.apache.ratis.server.impl.LeaderElection.run(LeaderElection.java:133)
	at java.lang.Thread.run(Thread.java:748)
Caused by: org.apache.ratis.thirdparty.io.grpc.StatusRuntimeException: UNAVAILABLE: io exception
	at org.apache.ratis.thirdparty.io.grpc.stub.ClientCalls.toStatusRuntimeException(ClientCalls.java:233)
	at org.apache.ratis.thirdparty.io.grpc.stub.ClientCalls.getUnchecked(ClientCalls.java:214)
	at org.apache.ratis.thirdparty.io.grpc.stub.ClientCalls.blockingUnaryCall(ClientCalls.java:139)
	at org.apache.ratis.proto.grpc.RaftServerProtocolServiceGrpc$RaftServerProtocolServiceBlockingStub.requestVote(RaftServerProtocolServiceGrpc.java:265)
	at org.apache.ratis.grpc.server.GrpcServerProtocolClient.requestVote(GrpcServerProtocolClient.java:99)
	at org.apache.ratis.grpc.server.GrpcService.requestVote(GrpcService.java:204)
	at org.apache.ratis.server.impl.LeaderElection.lambda$submitRequests$1(LeaderElection.java:234)
	at java.util.concurrent.FutureTask.run(FutureTask.java:266)
	at java.util.concurrent.Executors$RunnableAdapter.call(Executors.java:511)
	at java.util.concurrent.FutureTask.run(FutureTask.java:266)
	at java.util.concurrent.ThreadPoolExecutor.runWorker(ThreadPoolExecutor.java:1149)
	at java.util.concurrent.ThreadPoolExecutor$Worker.run(ThreadPoolExecutor.java:624)
	... 1 more
Caused by: org.apache.ratis.thirdparty.io.netty.channel.AbstractChannel$AnnotatedConnectException: Connection refused: /192.168.69.118:39205
	at sun.nio.ch.SocketChannelImpl.checkConnect(Native Method)
	at sun.nio.ch.SocketChannelImpl.finishConnect(SocketChannelImpl.java:717)
	at org.apache.ratis.thirdparty.io.netty.channel.socket.nio.NioSocketChannel.doFinishConnect(NioSocketChannel.java:327)
	at org.apache.ratis.thirdparty.io.netty.channel.nio.AbstractNioChannel$AbstractNioUnsafe.finishConnect(AbstractNioChannel.java:340)
	at org.apache.ratis.thirdparty.io.netty.channel.nio.NioEventLoop.processSelectedKey(NioEventLoop.java:632)
	at org.apache.ratis.thirdparty.io.netty.channel.nio.NioEventLoop.processSelectedKeysOptimized(NioEventLoop.java:579)
	at org.apache.ratis.thirdparty.io.netty.channel.nio.NioEventLoop.processSelectedKeys(NioEventLoop.java:496)
	at org.apache.ratis.thirdparty.io.netty.channel.nio.NioEventLoop.run(NioEventLoop.java:458)
	at org.apache.ratis.thirdparty.io.netty.util.concurrent.SingleThreadEventExecutor$5.run(SingleThreadEventExecutor.java:897)
	at org.apache.ratis.thirdparty.io.netty.util.concurrent.FastThreadLocalRunnable.run(FastThreadLocalRunnable.java:30)
	... 1 more
Caused by: java.net.ConnectException: Connection refused
	... 11 more
2019-10-23 12:13:46,506 [ad4d83c7-0f96-47bc-a4e8-7e5d9f844896@group-24C785E9A0FC-LeaderElection224] INFO  impl.RaftServerImpl (RaftServerImpl.java:setRole(184)) - ad4d83c7-0f96-47bc-a4e8-7e5d9f844896@group-24C785E9A0FC: changes role from CANDIDATE to FOLLOWER at term 221 for DISCOVERED_A_NEW_TERM
2019-10-23 12:13:46,506 [ad4d83c7-0f96-47bc-a4e8-7e5d9f844896@group-24C785E9A0FC-LeaderElection224] INFO  impl.RoleInfo (RoleInfo.java:shutdownLeaderElection(134)) - ad4d83c7-0f96-47bc-a4e8-7e5d9f844896: shutdown LeaderElection
2019-10-23 12:13:46,506 [ad4d83c7-0f96-47bc-a4e8-7e5d9f844896@group-24C785E9A0FC-LeaderElection224] INFO  impl.RoleInfo (RoleInfo.java:updateAndGet(143)) - ad4d83c7-0f96-47bc-a4e8-7e5d9f844896: start FollowerState
2019-10-23 12:13:46,610 [Thread-1917] INFO  impl.FollowerState (FollowerState.java:run(108)) - ad4d83c7-0f96-47bc-a4e8-7e5d9f844896@group-24C785E9A0FC-FollowerState: change to CANDIDATE, lastRpcTime:103ms, electionTimeout:103ms
2019-10-23 12:13:46,610 [Thread-1917] INFO  impl.RoleInfo (RoleInfo.java:shutdownFollowerState(121)) - ad4d83c7-0f96-47bc-a4e8-7e5d9f844896: shutdown FollowerState
2019-10-23 12:13:46,610 [Thread-1917] INFO  impl.RaftServerImpl (RaftServerImpl.java:setRole(184)) - ad4d83c7-0f96-47bc-a4e8-7e5d9f844896@group-24C785E9A0FC: changes role from  FOLLOWER to CANDIDATE at term 221 for changeToCandidate
2019-10-23 12:13:46,610 [Thread-1917] INFO  impl.RoleInfo (RoleInfo.java:updateAndGet(143)) - ad4d83c7-0f96-47bc-a4e8-7e5d9f844896: start LeaderElection
2019-10-23 12:13:46,624 [ad4d83c7-0f96-47bc-a4e8-7e5d9f844896@group-24C785E9A0FC-LeaderElection225] INFO  impl.LeaderElection (LeaderElection.java:askForVotes(178)) - ad4d83c7-0f96-47bc-a4e8-7e5d9f844896@group-24C785E9A0FC-LeaderElection225: begin an election at term 222 for -1: [3b749b59-de2a-419b-9a26-261692f5c83c:192.168.69.118:39205, ad4d83c7-0f96-47bc-a4e8-7e5d9f844896:192.168.69.118:41688, 02863277-f564-4bc6-8337-fb22627f6f1a:192.168.69.118:36850], old=null
2019-10-23 12:13:46,625 [ad4d83c7-0f96-47bc-a4e8-7e5d9f844896@group-24C785E9A0FC-LeaderElection225] INFO  impl.LeaderElection (LogUtils.java:infoOrTrace(149)) - ad4d83c7-0f96-47bc-a4e8-7e5d9f844896@group-24C785E9A0FC-LeaderElection225 got exception when requesting votes: {}
java.util.concurrent.ExecutionException: org.apache.ratis.thirdparty.io.grpc.StatusRuntimeException: UNAVAILABLE: io exception
	at java.util.concurrent.FutureTask.report(FutureTask.java:122)
	at java.util.concurrent.FutureTask.get(FutureTask.java:192)
	at org.apache.ratis.server.impl.LeaderElection.waitForResults(LeaderElection.java:259)
	at org.apache.ratis.server.impl.LeaderElection.askForVotes(LeaderElection.java:197)
	at org.apache.ratis.server.impl.LeaderElection.run(LeaderElection.java:133)
	at java.lang.Thread.run(Thread.java:748)
Caused by: org.apache.ratis.thirdparty.io.grpc.StatusRuntimeException: UNAVAILABLE: io exception
	at org.apache.ratis.thirdparty.io.grpc.stub.ClientCalls.toStatusRuntimeException(ClientCalls.java:233)
	at org.apache.ratis.thirdparty.io.grpc.stub.ClientCalls.getUnchecked(ClientCalls.java:214)
	at org.apache.ratis.thirdparty.io.grpc.stub.ClientCalls.blockingUnaryCall(ClientCalls.java:139)
	at org.apache.ratis.proto.grpc.RaftServerProtocolServiceGrpc$RaftServerProtocolServiceBlockingStub.requestVote(RaftServerProtocolServiceGrpc.java:265)
	at org.apache.ratis.grpc.server.GrpcServerProtocolClient.requestVote(GrpcServerProtocolClient.java:99)
	at org.apache.ratis.grpc.server.GrpcService.requestVote(GrpcService.java:204)
	at org.apache.ratis.server.impl.LeaderElection.lambda$submitRequests$1(LeaderElection.java:234)
	at java.util.concurrent.FutureTask.run(FutureTask.java:266)
	at java.util.concurrent.Executors$RunnableAdapter.call(Executors.java:511)
	at java.util.concurrent.FutureTask.run(FutureTask.java:266)
	at java.util.concurrent.ThreadPoolExecutor.runWorker(ThreadPoolExecutor.java:1149)
	at java.util.concurrent.ThreadPoolExecutor$Worker.run(ThreadPoolExecutor.java:624)
	... 1 more
Caused by: org.apache.ratis.thirdparty.io.netty.channel.AbstractChannel$AnnotatedConnectException: Connection refused: /192.168.69.118:39205
	at sun.nio.ch.SocketChannelImpl.checkConnect(Native Method)
	at sun.nio.ch.SocketChannelImpl.finishConnect(SocketChannelImpl.java:717)
	at org.apache.ratis.thirdparty.io.netty.channel.socket.nio.NioSocketChannel.doFinishConnect(NioSocketChannel.java:327)
	at org.apache.ratis.thirdparty.io.netty.channel.nio.AbstractNioChannel$AbstractNioUnsafe.finishConnect(AbstractNioChannel.java:340)
	at org.apache.ratis.thirdparty.io.netty.channel.nio.NioEventLoop.processSelectedKey(NioEventLoop.java:632)
	at org.apache.ratis.thirdparty.io.netty.channel.nio.NioEventLoop.processSelectedKeysOptimized(NioEventLoop.java:579)
	at org.apache.ratis.thirdparty.io.netty.channel.nio.NioEventLoop.processSelectedKeys(NioEventLoop.java:496)
	at org.apache.ratis.thirdparty.io.netty.channel.nio.NioEventLoop.run(NioEventLoop.java:458)
	at org.apache.ratis.thirdparty.io.netty.util.concurrent.SingleThreadEventExecutor$5.run(SingleThreadEventExecutor.java:897)
	at org.apache.ratis.thirdparty.io.netty.util.concurrent.FastThreadLocalRunnable.run(FastThreadLocalRunnable.java:30)
	... 1 more
Caused by: java.net.ConnectException: Connection refused
	... 11 more
2019-10-23 12:13:46,626 [grpc-default-executor-4] INFO  impl.RaftServerImpl (RaftServerImpl.java:setRole(184)) - 02863277-f564-4bc6-8337-fb22627f6f1a@group-24C785E9A0FC: changes role from  FOLLOWER to FOLLOWER at term 222 for recognizeCandidate:ad4d83c7-0f96-47bc-a4e8-7e5d9f844896
2019-10-23 12:13:46,626 [grpc-default-executor-4] INFO  impl.RoleInfo (RoleInfo.java:shutdownFollowerState(121)) - 02863277-f564-4bc6-8337-fb22627f6f1a: shutdown FollowerState
2019-10-23 12:13:46,626 [grpc-default-executor-4] INFO  impl.RoleInfo (RoleInfo.java:updateAndGet(143)) - 02863277-f564-4bc6-8337-fb22627f6f1a: start FollowerState
2019-10-23 12:13:46,626 [Thread-1916] INFO  impl.FollowerState (FollowerState.java:run(117)) - 02863277-f564-4bc6-8337-fb22627f6f1a@group-24C785E9A0FC-FollowerState was interrupted: java.lang.InterruptedException: sleep interrupted
2019-10-23 12:13:46,640 [ad4d83c7-0f96-47bc-a4e8-7e5d9f844896@group-24C785E9A0FC-LeaderElection225] INFO  impl.LeaderElection (LeaderElection.java:logAndReturn(56)) - ad4d83c7-0f96-47bc-a4e8-7e5d9f844896@group-24C785E9A0FC-LeaderElection225: Election REJECTED; received 1 response(s) [ad4d83c7-0f96-47bc-a4e8-7e5d9f844896<-02863277-f564-4bc6-8337-fb22627f6f1a#0:FAIL-t222] and 1 exception(s); ad4d83c7-0f96-47bc-a4e8-7e5d9f844896@group-24C785E9A0FC:t222, leader=null, voted=ad4d83c7-0f96-47bc-a4e8-7e5d9f844896, raftlog=ad4d83c7-0f96-47bc-a4e8-7e5d9f844896@group-24C785E9A0FC-SegmentedRaftLog:OPENED:c-1,f-1,i0, conf=-1: [3b749b59-de2a-419b-9a26-261692f5c83c:192.168.69.118:39205, ad4d83c7-0f96-47bc-a4e8-7e5d9f844896:192.168.69.118:41688, 02863277-f564-4bc6-8337-fb22627f6f1a:192.168.69.118:36850], old=null
2019-10-23 12:13:46,640 [ad4d83c7-0f96-47bc-a4e8-7e5d9f844896@group-24C785E9A0FC-LeaderElection225] INFO  impl.LeaderElection (LogUtils.java:infoOrTrace(149)) -   Exception 0: {}
java.util.concurrent.ExecutionException: org.apache.ratis.thirdparty.io.grpc.StatusRuntimeException: UNAVAILABLE: io exception
	at java.util.concurrent.FutureTask.report(FutureTask.java:122)
	at java.util.concurrent.FutureTask.get(FutureTask.java:192)
	at org.apache.ratis.server.impl.LeaderElection.waitForResults(LeaderElection.java:259)
	at org.apache.ratis.server.impl.LeaderElection.askForVotes(LeaderElection.java:197)
	at org.apache.ratis.server.impl.LeaderElection.run(LeaderElection.java:133)
	at java.lang.Thread.run(Thread.java:748)
Caused by: org.apache.ratis.thirdparty.io.grpc.StatusRuntimeException: UNAVAILABLE: io exception
	at org.apache.ratis.thirdparty.io.grpc.stub.ClientCalls.toStatusRuntimeException(ClientCalls.java:233)
	at org.apache.ratis.thirdparty.io.grpc.stub.ClientCalls.getUnchecked(ClientCalls.java:214)
	at org.apache.ratis.thirdparty.io.grpc.stub.ClientCalls.blockingUnaryCall(ClientCalls.java:139)
	at org.apache.ratis.proto.grpc.RaftServerProtocolServiceGrpc$RaftServerProtocolServiceBlockingStub.requestVote(RaftServerProtocolServiceGrpc.java:265)
	at org.apache.ratis.grpc.server.GrpcServerProtocolClient.requestVote(GrpcServerProtocolClient.java:99)
	at org.apache.ratis.grpc.server.GrpcService.requestVote(GrpcService.java:204)
	at org.apache.ratis.server.impl.LeaderElection.lambda$submitRequests$1(LeaderElection.java:234)
	at java.util.concurrent.FutureTask.run(FutureTask.java:266)
	at java.util.concurrent.Executors$RunnableAdapter.call(Executors.java:511)
	at java.util.concurrent.FutureTask.run(FutureTask.java:266)
	at java.util.concurrent.ThreadPoolExecutor.runWorker(ThreadPoolExecutor.java:1149)
	at java.util.concurrent.ThreadPoolExecutor$Worker.run(ThreadPoolExecutor.java:624)
	... 1 more
Caused by: org.apache.ratis.thirdparty.io.netty.channel.AbstractChannel$AnnotatedConnectException: Connection refused: /192.168.69.118:39205
	at sun.nio.ch.SocketChannelImpl.checkConnect(Native Method)
	at sun.nio.ch.SocketChannelImpl.finishConnect(SocketChannelImpl.java:717)
	at org.apache.ratis.thirdparty.io.netty.channel.socket.nio.NioSocketChannel.doFinishConnect(NioSocketChannel.java:327)
	at org.apache.ratis.thirdparty.io.netty.channel.nio.AbstractNioChannel$AbstractNioUnsafe.finishConnect(AbstractNioChannel.java:340)
	at org.apache.ratis.thirdparty.io.netty.channel.nio.NioEventLoop.processSelectedKey(NioEventLoop.java:632)
	at org.apache.ratis.thirdparty.io.netty.channel.nio.NioEventLoop.processSelectedKeysOptimized(NioEventLoop.java:579)
	at org.apache.ratis.thirdparty.io.netty.channel.nio.NioEventLoop.processSelectedKeys(NioEventLoop.java:496)
	at org.apache.ratis.thirdparty.io.netty.channel.nio.NioEventLoop.run(NioEventLoop.java:458)
	at org.apache.ratis.thirdparty.io.netty.util.concurrent.SingleThreadEventExecutor$5.run(SingleThreadEventExecutor.java:897)
	at org.apache.ratis.thirdparty.io.netty.util.concurrent.FastThreadLocalRunnable.run(FastThreadLocalRunnable.java:30)
	... 1 more
Caused by: java.net.ConnectException: Connection refused
	... 11 more
2019-10-23 12:13:46,641 [ad4d83c7-0f96-47bc-a4e8-7e5d9f844896@group-24C785E9A0FC-LeaderElection225] INFO  impl.RaftServerImpl (RaftServerImpl.java:setRole(184)) - ad4d83c7-0f96-47bc-a4e8-7e5d9f844896@group-24C785E9A0FC: changes role from CANDIDATE to FOLLOWER at term 222 for DISCOVERED_A_NEW_TERM
2019-10-23 12:13:46,641 [ad4d83c7-0f96-47bc-a4e8-7e5d9f844896@group-24C785E9A0FC-LeaderElection225] INFO  impl.RoleInfo (RoleInfo.java:shutdownLeaderElection(134)) - ad4d83c7-0f96-47bc-a4e8-7e5d9f844896: shutdown LeaderElection
2019-10-23 12:13:46,641 [ad4d83c7-0f96-47bc-a4e8-7e5d9f844896@group-24C785E9A0FC-LeaderElection225] INFO  impl.RoleInfo (RoleInfo.java:updateAndGet(143)) - ad4d83c7-0f96-47bc-a4e8-7e5d9f844896: start FollowerState
2019-10-23 12:13:46,674 [Thread-1922] INFO  impl.FollowerState (FollowerState.java:run(108)) - ad4d83c7-0f96-47bc-a4e8-7e5d9f844896@group-24C785E9A0FC-FollowerState: change to CANDIDATE, lastRpcTime:33ms, electionTimeout:33ms
2019-10-23 12:13:46,674 [Thread-1922] INFO  impl.RoleInfo (RoleInfo.java:shutdownFollowerState(121)) - ad4d83c7-0f96-47bc-a4e8-7e5d9f844896: shutdown FollowerState
2019-10-23 12:13:46,674 [Thread-1922] INFO  impl.RaftServerImpl (RaftServerImpl.java:setRole(184)) - ad4d83c7-0f96-47bc-a4e8-7e5d9f844896@group-24C785E9A0FC: changes role from  FOLLOWER to CANDIDATE at term 222 for changeToCandidate
2019-10-23 12:13:46,675 [Thread-1922] INFO  impl.RoleInfo (RoleInfo.java:updateAndGet(143)) - ad4d83c7-0f96-47bc-a4e8-7e5d9f844896: start LeaderElection
2019-10-23 12:13:46,684 [ad4d83c7-0f96-47bc-a4e8-7e5d9f844896@group-24C785E9A0FC-LeaderElection226] INFO  impl.LeaderElection (LeaderElection.java:askForVotes(178)) - ad4d83c7-0f96-47bc-a4e8-7e5d9f844896@group-24C785E9A0FC-LeaderElection226: begin an election at term 223 for -1: [3b749b59-de2a-419b-9a26-261692f5c83c:192.168.69.118:39205, ad4d83c7-0f96-47bc-a4e8-7e5d9f844896:192.168.69.118:41688, 02863277-f564-4bc6-8337-fb22627f6f1a:192.168.69.118:36850], old=null
2019-10-23 12:13:46,685 [ad4d83c7-0f96-47bc-a4e8-7e5d9f844896@group-24C785E9A0FC-LeaderElection226] INFO  impl.LeaderElection (LogUtils.java:infoOrTrace(149)) - ad4d83c7-0f96-47bc-a4e8-7e5d9f844896@group-24C785E9A0FC-LeaderElection226 got exception when requesting votes: {}
java.util.concurrent.ExecutionException: org.apache.ratis.thirdparty.io.grpc.StatusRuntimeException: UNAVAILABLE: io exception
	at java.util.concurrent.FutureTask.report(FutureTask.java:122)
	at java.util.concurrent.FutureTask.get(FutureTask.java:192)
	at org.apache.ratis.server.impl.LeaderElection.waitForResults(LeaderElection.java:259)
	at org.apache.ratis.server.impl.LeaderElection.askForVotes(LeaderElection.java:197)
	at org.apache.ratis.server.impl.LeaderElection.run(LeaderElection.java:133)
	at java.lang.Thread.run(Thread.java:748)
Caused by: org.apache.ratis.thirdparty.io.grpc.StatusRuntimeException: UNAVAILABLE: io exception
	at org.apache.ratis.thirdparty.io.grpc.stub.ClientCalls.toStatusRuntimeException(ClientCalls.java:233)
	at org.apache.ratis.thirdparty.io.grpc.stub.ClientCalls.getUnchecked(ClientCalls.java:214)
	at org.apache.ratis.thirdparty.io.grpc.stub.ClientCalls.blockingUnaryCall(ClientCalls.java:139)
	at org.apache.ratis.proto.grpc.RaftServerProtocolServiceGrpc$RaftServerProtocolServiceBlockingStub.requestVote(RaftServerProtocolServiceGrpc.java:265)
	at org.apache.ratis.grpc.server.GrpcServerProtocolClient.requestVote(GrpcServerProtocolClient.java:99)
	at org.apache.ratis.grpc.server.GrpcService.requestVote(GrpcService.java:204)
	at org.apache.ratis.server.impl.LeaderElection.lambda$submitRequests$1(LeaderElection.java:234)
	at java.util.concurrent.FutureTask.run(FutureTask.java:266)
	at java.util.concurrent.Executors$RunnableAdapter.call(Executors.java:511)
	at java.util.concurrent.FutureTask.run(FutureTask.java:266)
	at java.util.concurrent.ThreadPoolExecutor.runWorker(ThreadPoolExecutor.java:1149)
	at java.util.concurrent.ThreadPoolExecutor$Worker.run(ThreadPoolExecutor.java:624)
	... 1 more
Caused by: org.apache.ratis.thirdparty.io.netty.channel.AbstractChannel$AnnotatedConnectException: Connection refused: /192.168.69.118:39205
	at sun.nio.ch.SocketChannelImpl.checkConnect(Native Method)
	at sun.nio.ch.SocketChannelImpl.finishConnect(SocketChannelImpl.java:717)
	at org.apache.ratis.thirdparty.io.netty.channel.socket.nio.NioSocketChannel.doFinishConnect(NioSocketChannel.java:327)
	at org.apache.ratis.thirdparty.io.netty.channel.nio.AbstractNioChannel$AbstractNioUnsafe.finishConnect(AbstractNioChannel.java:340)
	at org.apache.ratis.thirdparty.io.netty.channel.nio.NioEventLoop.processSelectedKey(NioEventLoop.java:632)
	at org.apache.ratis.thirdparty.io.netty.channel.nio.NioEventLoop.processSelectedKeysOptimized(NioEventLoop.java:579)
	at org.apache.ratis.thirdparty.io.netty.channel.nio.NioEventLoop.processSelectedKeys(NioEventLoop.java:496)
	at org.apache.ratis.thirdparty.io.netty.channel.nio.NioEventLoop.run(NioEventLoop.java:458)
	at org.apache.ratis.thirdparty.io.netty.util.concurrent.SingleThreadEventExecutor$5.run(SingleThreadEventExecutor.java:897)
	at org.apache.ratis.thirdparty.io.netty.util.concurrent.FastThreadLocalRunnable.run(FastThreadLocalRunnable.java:30)
	... 1 more
Caused by: java.net.ConnectException: Connection refused
	... 11 more
2019-10-23 12:13:46,686 [grpc-default-executor-4] INFO  impl.RaftServerImpl (RaftServerImpl.java:setRole(184)) - 02863277-f564-4bc6-8337-fb22627f6f1a@group-24C785E9A0FC: changes role from  FOLLOWER to FOLLOWER at term 223 for recognizeCandidate:ad4d83c7-0f96-47bc-a4e8-7e5d9f844896
2019-10-23 12:13:46,686 [grpc-default-executor-4] INFO  impl.RoleInfo (RoleInfo.java:shutdownFollowerState(121)) - 02863277-f564-4bc6-8337-fb22627f6f1a: shutdown FollowerState
2019-10-23 12:13:46,686 [grpc-default-executor-4] INFO  impl.RoleInfo (RoleInfo.java:updateAndGet(143)) - 02863277-f564-4bc6-8337-fb22627f6f1a: start FollowerState
2019-10-23 12:13:46,686 [Thread-1921] INFO  impl.FollowerState (FollowerState.java:run(117)) - 02863277-f564-4bc6-8337-fb22627f6f1a@group-24C785E9A0FC-FollowerState was interrupted: java.lang.InterruptedException: sleep interrupted
2019-10-23 12:13:46,690 [ad4d83c7-0f96-47bc-a4e8-7e5d9f844896@group-24C785E9A0FC-LeaderElection226] INFO  impl.LeaderElection (LeaderElection.java:logAndReturn(56)) - ad4d83c7-0f96-47bc-a4e8-7e5d9f844896@group-24C785E9A0FC-LeaderElection226: Election TIMEOUT; received 0 response(s) [] and 1 exception(s); ad4d83c7-0f96-47bc-a4e8-7e5d9f844896@group-24C785E9A0FC:t223, leader=null, voted=ad4d83c7-0f96-47bc-a4e8-7e5d9f844896, raftlog=ad4d83c7-0f96-47bc-a4e8-7e5d9f844896@group-24C785E9A0FC-SegmentedRaftLog:OPENED:c-1,f-1,i0, conf=-1: [3b749b59-de2a-419b-9a26-261692f5c83c:192.168.69.118:39205, ad4d83c7-0f96-47bc-a4e8-7e5d9f844896:192.168.69.118:41688, 02863277-f564-4bc6-8337-fb22627f6f1a:192.168.69.118:36850], old=null
2019-10-23 12:13:46,690 [ad4d83c7-0f96-47bc-a4e8-7e5d9f844896@group-24C785E9A0FC-LeaderElection226] INFO  impl.LeaderElection (LogUtils.java:infoOrTrace(149)) -   Exception 0: {}
java.util.concurrent.ExecutionException: org.apache.ratis.thirdparty.io.grpc.StatusRuntimeException: UNAVAILABLE: io exception
	at java.util.concurrent.FutureTask.report(FutureTask.java:122)
	at java.util.concurrent.FutureTask.get(FutureTask.java:192)
	at org.apache.ratis.server.impl.LeaderElection.waitForResults(LeaderElection.java:259)
	at org.apache.ratis.server.impl.LeaderElection.askForVotes(LeaderElection.java:197)
	at org.apache.ratis.server.impl.LeaderElection.run(LeaderElection.java:133)
	at java.lang.Thread.run(Thread.java:748)
Caused by: org.apache.ratis.thirdparty.io.grpc.StatusRuntimeException: UNAVAILABLE: io exception
	at org.apache.ratis.thirdparty.io.grpc.stub.ClientCalls.toStatusRuntimeException(ClientCalls.java:233)
	at org.apache.ratis.thirdparty.io.grpc.stub.ClientCalls.getUnchecked(ClientCalls.java:214)
	at org.apache.ratis.thirdparty.io.grpc.stub.ClientCalls.blockingUnaryCall(ClientCalls.java:139)
	at org.apache.ratis.proto.grpc.RaftServerProtocolServiceGrpc$RaftServerProtocolServiceBlockingStub.requestVote(RaftServerProtocolServiceGrpc.java:265)
	at org.apache.ratis.grpc.server.GrpcServerProtocolClient.requestVote(GrpcServerProtocolClient.java:99)
	at org.apache.ratis.grpc.server.GrpcService.requestVote(GrpcService.java:204)
	at org.apache.ratis.server.impl.LeaderElection.lambda$submitRequests$1(LeaderElection.java:234)
	at java.util.concurrent.FutureTask.run(FutureTask.java:266)
	at java.util.concurrent.Executors$RunnableAdapter.call(Executors.java:511)
	at java.util.concurrent.FutureTask.run(FutureTask.java:266)
	at java.util.concurrent.ThreadPoolExecutor.runWorker(ThreadPoolExecutor.java:1149)
	at java.util.concurrent.ThreadPoolExecutor$Worker.run(ThreadPoolExecutor.java:624)
	... 1 more
Caused by: org.apache.ratis.thirdparty.io.netty.channel.AbstractChannel$AnnotatedConnectException: Connection refused: /192.168.69.118:39205
	at sun.nio.ch.SocketChannelImpl.checkConnect(Native Method)
	at sun.nio.ch.SocketChannelImpl.finishConnect(SocketChannelImpl.java:717)
	at org.apache.ratis.thirdparty.io.netty.channel.socket.nio.NioSocketChannel.doFinishConnect(NioSocketChannel.java:327)
	at org.apache.ratis.thirdparty.io.netty.channel.nio.AbstractNioChannel$AbstractNioUnsafe.finishConnect(AbstractNioChannel.java:340)
	at org.apache.ratis.thirdparty.io.netty.channel.nio.NioEventLoop.processSelectedKey(NioEventLoop.java:632)
	at org.apache.ratis.thirdparty.io.netty.channel.nio.NioEventLoop.processSelectedKeysOptimized(NioEventLoop.java:579)
	at org.apache.ratis.thirdparty.io.netty.channel.nio.NioEventLoop.processSelectedKeys(NioEventLoop.java:496)
	at org.apache.ratis.thirdparty.io.netty.channel.nio.NioEventLoop.run(NioEventLoop.java:458)
	at org.apache.ratis.thirdparty.io.netty.util.concurrent.SingleThreadEventExecutor$5.run(SingleThreadEventExecutor.java:897)
	at org.apache.ratis.thirdparty.io.netty.util.concurrent.FastThreadLocalRunnable.run(FastThreadLocalRunnable.java:30)
	... 1 more
Caused by: java.net.ConnectException: Connection refused
	... 11 more
2019-10-23 12:13:46,699 [ad4d83c7-0f96-47bc-a4e8-7e5d9f844896@group-24C785E9A0FC-LeaderElection226] INFO  impl.LeaderElection (LeaderElection.java:askForVotes(178)) - ad4d83c7-0f96-47bc-a4e8-7e5d9f844896@group-24C785E9A0FC-LeaderElection226: begin an election at term 224 for -1: [3b749b59-de2a-419b-9a26-261692f5c83c:192.168.69.118:39205, ad4d83c7-0f96-47bc-a4e8-7e5d9f844896:192.168.69.118:41688, 02863277-f564-4bc6-8337-fb22627f6f1a:192.168.69.118:36850], old=null
2019-10-23 12:13:46,700 [ad4d83c7-0f96-47bc-a4e8-7e5d9f844896@group-24C785E9A0FC-LeaderElection226] INFO  impl.LeaderElection (LogUtils.java:infoOrTrace(149)) - ad4d83c7-0f96-47bc-a4e8-7e5d9f844896@group-24C785E9A0FC-LeaderElection226 got exception when requesting votes: {}
java.util.concurrent.ExecutionException: org.apache.ratis.thirdparty.io.grpc.StatusRuntimeException: UNAVAILABLE: io exception
	at java.util.concurrent.FutureTask.report(FutureTask.java:122)
	at java.util.concurrent.FutureTask.get(FutureTask.java:192)
	at org.apache.ratis.server.impl.LeaderElection.waitForResults(LeaderElection.java:259)
	at org.apache.ratis.server.impl.LeaderElection.askForVotes(LeaderElection.java:197)
	at org.apache.ratis.server.impl.LeaderElection.run(LeaderElection.java:133)
	at java.lang.Thread.run(Thread.java:748)
Caused by: org.apache.ratis.thirdparty.io.grpc.StatusRuntimeException: UNAVAILABLE: io exception
	at org.apache.ratis.thirdparty.io.grpc.stub.ClientCalls.toStatusRuntimeException(ClientCalls.java:233)
	at org.apache.ratis.thirdparty.io.grpc.stub.ClientCalls.getUnchecked(ClientCalls.java:214)
	at org.apache.ratis.thirdparty.io.grpc.stub.ClientCalls.blockingUnaryCall(ClientCalls.java:139)
	at org.apache.ratis.proto.grpc.RaftServerProtocolServiceGrpc$RaftServerProtocolServiceBlockingStub.requestVote(RaftServerProtocolServiceGrpc.java:265)
	at org.apache.ratis.grpc.server.GrpcServerProtocolClient.requestVote(GrpcServerProtocolClient.java:99)
	at org.apache.ratis.grpc.server.GrpcService.requestVote(GrpcService.java:204)
	at org.apache.ratis.server.impl.LeaderElection.lambda$submitRequests$1(LeaderElection.java:234)
	at java.util.concurrent.FutureTask.run(FutureTask.java:266)
	at java.util.concurrent.Executors$RunnableAdapter.call(Executors.java:511)
	at java.util.concurrent.FutureTask.run(FutureTask.java:266)
	at java.util.concurrent.ThreadPoolExecutor.runWorker(ThreadPoolExecutor.java:1149)
	at java.util.concurrent.ThreadPoolExecutor$Worker.run(ThreadPoolExecutor.java:624)
	... 1 more
Caused by: org.apache.ratis.thirdparty.io.netty.channel.AbstractChannel$AnnotatedConnectException: Connection refused: /192.168.69.118:39205
	at sun.nio.ch.SocketChannelImpl.checkConnect(Native Method)
	at sun.nio.ch.SocketChannelImpl.finishConnect(SocketChannelImpl.java:717)
	at org.apache.ratis.thirdparty.io.netty.channel.socket.nio.NioSocketChannel.doFinishConnect(NioSocketChannel.java:327)
	at org.apache.ratis.thirdparty.io.netty.channel.nio.AbstractNioChannel$AbstractNioUnsafe.finishConnect(AbstractNioChannel.java:340)
	at org.apache.ratis.thirdparty.io.netty.channel.nio.NioEventLoop.processSelectedKey(NioEventLoop.java:632)
	at org.apache.ratis.thirdparty.io.netty.channel.nio.NioEventLoop.processSelectedKeysOptimized(NioEventLoop.java:579)
	at org.apache.ratis.thirdparty.io.netty.channel.nio.NioEventLoop.processSelectedKeys(NioEventLoop.java:496)
	at org.apache.ratis.thirdparty.io.netty.channel.nio.NioEventLoop.run(NioEventLoop.java:458)
	at org.apache.ratis.thirdparty.io.netty.util.concurrent.SingleThreadEventExecutor$5.run(SingleThreadEventExecutor.java:897)
	at org.apache.ratis.thirdparty.io.netty.util.concurrent.FastThreadLocalRunnable.run(FastThreadLocalRunnable.java:30)
	... 1 more
Caused by: java.net.ConnectException: Connection refused
	... 11 more
2019-10-23 12:13:46,701 [grpc-default-executor-4] INFO  impl.RaftServerImpl (RaftServerImpl.java:setRole(184)) - 02863277-f564-4bc6-8337-fb22627f6f1a@group-24C785E9A0FC: changes role from  FOLLOWER to FOLLOWER at term 224 for recognizeCandidate:ad4d83c7-0f96-47bc-a4e8-7e5d9f844896
2019-10-23 12:13:46,701 [grpc-default-executor-4] INFO  impl.RoleInfo (RoleInfo.java:shutdownFollowerState(121)) - 02863277-f564-4bc6-8337-fb22627f6f1a: shutdown FollowerState
2019-10-23 12:13:46,701 [grpc-default-executor-4] INFO  impl.RoleInfo (RoleInfo.java:updateAndGet(143)) - 02863277-f564-4bc6-8337-fb22627f6f1a: start FollowerState
2019-10-23 12:13:46,701 [Thread-1926] INFO  impl.FollowerState (FollowerState.java:run(117)) - 02863277-f564-4bc6-8337-fb22627f6f1a@group-24C785E9A0FC-FollowerState was interrupted: java.lang.InterruptedException: sleep interrupted
2019-10-23 12:13:46,715 [ad4d83c7-0f96-47bc-a4e8-7e5d9f844896@group-24C785E9A0FC-LeaderElection226] INFO  impl.LeaderElection (LeaderElection.java:logAndReturn(56)) - ad4d83c7-0f96-47bc-a4e8-7e5d9f844896@group-24C785E9A0FC-LeaderElection226: Election REJECTED; received 1 response(s) [ad4d83c7-0f96-47bc-a4e8-7e5d9f844896<-02863277-f564-4bc6-8337-fb22627f6f1a#0:FAIL-t224] and 1 exception(s); ad4d83c7-0f96-47bc-a4e8-7e5d9f844896@group-24C785E9A0FC:t224, leader=null, voted=ad4d83c7-0f96-47bc-a4e8-7e5d9f844896, raftlog=ad4d83c7-0f96-47bc-a4e8-7e5d9f844896@group-24C785E9A0FC-SegmentedRaftLog:OPENED:c-1,f-1,i0, conf=-1: [3b749b59-de2a-419b-9a26-261692f5c83c:192.168.69.118:39205, ad4d83c7-0f96-47bc-a4e8-7e5d9f844896:192.168.69.118:41688, 02863277-f564-4bc6-8337-fb22627f6f1a:192.168.69.118:36850], old=null
2019-10-23 12:13:46,716 [ad4d83c7-0f96-47bc-a4e8-7e5d9f844896@group-24C785E9A0FC-LeaderElection226] INFO  impl.LeaderElection (LogUtils.java:infoOrTrace(149)) -   Exception 0: {}
java.util.concurrent.ExecutionException: org.apache.ratis.thirdparty.io.grpc.StatusRuntimeException: UNAVAILABLE: io exception
	at java.util.concurrent.FutureTask.report(FutureTask.java:122)
	at java.util.concurrent.FutureTask.get(FutureTask.java:192)
	at org.apache.ratis.server.impl.LeaderElection.waitForResults(LeaderElection.java:259)
	at org.apache.ratis.server.impl.LeaderElection.askForVotes(LeaderElection.java:197)
	at org.apache.ratis.server.impl.LeaderElection.run(LeaderElection.java:133)
	at java.lang.Thread.run(Thread.java:748)
Caused by: org.apache.ratis.thirdparty.io.grpc.StatusRuntimeException: UNAVAILABLE: io exception
	at org.apache.ratis.thirdparty.io.grpc.stub.ClientCalls.toStatusRuntimeException(ClientCalls.java:233)
	at org.apache.ratis.thirdparty.io.grpc.stub.ClientCalls.getUnchecked(ClientCalls.java:214)
	at org.apache.ratis.thirdparty.io.grpc.stub.ClientCalls.blockingUnaryCall(ClientCalls.java:139)
	at org.apache.ratis.proto.grpc.RaftServerProtocolServiceGrpc$RaftServerProtocolServiceBlockingStub.requestVote(RaftServerProtocolServiceGrpc.java:265)
	at org.apache.ratis.grpc.server.GrpcServerProtocolClient.requestVote(GrpcServerProtocolClient.java:99)
	at org.apache.ratis.grpc.server.GrpcService.requestVote(GrpcService.java:204)
	at org.apache.ratis.server.impl.LeaderElection.lambda$submitRequests$1(LeaderElection.java:234)
	at java.util.concurrent.FutureTask.run(FutureTask.java:266)
	at java.util.concurrent.Executors$RunnableAdapter.call(Executors.java:511)
	at java.util.concurrent.FutureTask.run(FutureTask.java:266)
	at java.util.concurrent.ThreadPoolExecutor.runWorker(ThreadPoolExecutor.java:1149)
	at java.util.concurrent.ThreadPoolExecutor$Worker.run(ThreadPoolExecutor.java:624)
	... 1 more
Caused by: org.apache.ratis.thirdparty.io.netty.channel.AbstractChannel$AnnotatedConnectException: Connection refused: /192.168.69.118:39205
	at sun.nio.ch.SocketChannelImpl.checkConnect(Native Method)
	at sun.nio.ch.SocketChannelImpl.finishConnect(SocketChannelImpl.java:717)
	at org.apache.ratis.thirdparty.io.netty.channel.socket.nio.NioSocketChannel.doFinishConnect(NioSocketChannel.java:327)
	at org.apache.ratis.thirdparty.io.netty.channel.nio.AbstractNioChannel$AbstractNioUnsafe.finishConnect(AbstractNioChannel.java:340)
	at org.apache.ratis.thirdparty.io.netty.channel.nio.NioEventLoop.processSelectedKey(NioEventLoop.java:632)
	at org.apache.ratis.thirdparty.io.netty.channel.nio.NioEventLoop.processSelectedKeysOptimized(NioEventLoop.java:579)
	at org.apache.ratis.thirdparty.io.netty.channel.nio.NioEventLoop.processSelectedKeys(NioEventLoop.java:496)
	at org.apache.ratis.thirdparty.io.netty.channel.nio.NioEventLoop.run(NioEventLoop.java:458)
	at org.apache.ratis.thirdparty.io.netty.util.concurrent.SingleThreadEventExecutor$5.run(SingleThreadEventExecutor.java:897)
	at org.apache.ratis.thirdparty.io.netty.util.concurrent.FastThreadLocalRunnable.run(FastThreadLocalRunnable.java:30)
	... 1 more
Caused by: java.net.ConnectException: Connection refused
	... 11 more
2019-10-23 12:13:46,716 [ad4d83c7-0f96-47bc-a4e8-7e5d9f844896@group-24C785E9A0FC-LeaderElection226] INFO  impl.RaftServerImpl (RaftServerImpl.java:setRole(184)) - ad4d83c7-0f96-47bc-a4e8-7e5d9f844896@group-24C785E9A0FC: changes role from CANDIDATE to FOLLOWER at term 224 for DISCOVERED_A_NEW_TERM
2019-10-23 12:13:46,716 [ad4d83c7-0f96-47bc-a4e8-7e5d9f844896@group-24C785E9A0FC-LeaderElection226] INFO  impl.RoleInfo (RoleInfo.java:shutdownLeaderElection(134)) - ad4d83c7-0f96-47bc-a4e8-7e5d9f844896: shutdown LeaderElection
2019-10-23 12:13:46,716 [ad4d83c7-0f96-47bc-a4e8-7e5d9f844896@group-24C785E9A0FC-LeaderElection226] INFO  impl.RoleInfo (RoleInfo.java:updateAndGet(143)) - ad4d83c7-0f96-47bc-a4e8-7e5d9f844896: start FollowerState
2019-10-23 12:13:46,913 [Thread-1930] INFO  impl.FollowerState (FollowerState.java:run(108)) - ad4d83c7-0f96-47bc-a4e8-7e5d9f844896@group-24C785E9A0FC-FollowerState: change to CANDIDATE, lastRpcTime:197ms, electionTimeout:197ms
2019-10-23 12:13:46,913 [Thread-1930] INFO  impl.RoleInfo (RoleInfo.java:shutdownFollowerState(121)) - ad4d83c7-0f96-47bc-a4e8-7e5d9f844896: shutdown FollowerState
2019-10-23 12:13:46,914 [Thread-1930] INFO  impl.RaftServerImpl (RaftServerImpl.java:setRole(184)) - ad4d83c7-0f96-47bc-a4e8-7e5d9f844896@group-24C785E9A0FC: changes role from  FOLLOWER to CANDIDATE at term 224 for changeToCandidate
2019-10-23 12:13:46,914 [Thread-1930] INFO  impl.RoleInfo (RoleInfo.java:updateAndGet(143)) - ad4d83c7-0f96-47bc-a4e8-7e5d9f844896: start LeaderElection
2019-10-23 12:13:46,917 [ad4d83c7-0f96-47bc-a4e8-7e5d9f844896@group-24C785E9A0FC-LeaderElection227] INFO  impl.LeaderElection (LeaderElection.java:askForVotes(178)) - ad4d83c7-0f96-47bc-a4e8-7e5d9f844896@group-24C785E9A0FC-LeaderElection227: begin an election at term 225 for -1: [3b749b59-de2a-419b-9a26-261692f5c83c:192.168.69.118:39205, ad4d83c7-0f96-47bc-a4e8-7e5d9f844896:192.168.69.118:41688, 02863277-f564-4bc6-8337-fb22627f6f1a:192.168.69.118:36850], old=null
2019-10-23 12:13:46,918 [ad4d83c7-0f96-47bc-a4e8-7e5d9f844896@group-24C785E9A0FC-LeaderElection227] INFO  impl.LeaderElection (LogUtils.java:infoOrTrace(149)) - ad4d83c7-0f96-47bc-a4e8-7e5d9f844896@group-24C785E9A0FC-LeaderElection227 got exception when requesting votes: {}
java.util.concurrent.ExecutionException: org.apache.ratis.thirdparty.io.grpc.StatusRuntimeException: UNAVAILABLE: io exception
	at java.util.concurrent.FutureTask.report(FutureTask.java:122)
	at java.util.concurrent.FutureTask.get(FutureTask.java:192)
	at org.apache.ratis.server.impl.LeaderElection.waitForResults(LeaderElection.java:259)
	at org.apache.ratis.server.impl.LeaderElection.askForVotes(LeaderElection.java:197)
	at org.apache.ratis.server.impl.LeaderElection.run(LeaderElection.java:133)
	at java.lang.Thread.run(Thread.java:748)
Caused by: org.apache.ratis.thirdparty.io.grpc.StatusRuntimeException: UNAVAILABLE: io exception
	at org.apache.ratis.thirdparty.io.grpc.stub.ClientCalls.toStatusRuntimeException(ClientCalls.java:233)
	at org.apache.ratis.thirdparty.io.grpc.stub.ClientCalls.getUnchecked(ClientCalls.java:214)
	at org.apache.ratis.thirdparty.io.grpc.stub.ClientCalls.blockingUnaryCall(ClientCalls.java:139)
	at org.apache.ratis.proto.grpc.RaftServerProtocolServiceGrpc$RaftServerProtocolServiceBlockingStub.requestVote(RaftServerProtocolServiceGrpc.java:265)
	at org.apache.ratis.grpc.server.GrpcServerProtocolClient.requestVote(GrpcServerProtocolClient.java:99)
	at org.apache.ratis.grpc.server.GrpcService.requestVote(GrpcService.java:204)
	at org.apache.ratis.server.impl.LeaderElection.lambda$submitRequests$1(LeaderElection.java:234)
	at java.util.concurrent.FutureTask.run(FutureTask.java:266)
	at java.util.concurrent.Executors$RunnableAdapter.call(Executors.java:511)
	at java.util.concurrent.FutureTask.run(FutureTask.java:266)
	at java.util.concurrent.ThreadPoolExecutor.runWorker(ThreadPoolExecutor.java:1149)
	at java.util.concurrent.ThreadPoolExecutor$Worker.run(ThreadPoolExecutor.java:624)
	... 1 more
Caused by: org.apache.ratis.thirdparty.io.netty.channel.AbstractChannel$AnnotatedConnectException: Connection refused: /192.168.69.118:39205
	at sun.nio.ch.SocketChannelImpl.checkConnect(Native Method)
	at sun.nio.ch.SocketChannelImpl.finishConnect(SocketChannelImpl.java:717)
	at org.apache.ratis.thirdparty.io.netty.channel.socket.nio.NioSocketChannel.doFinishConnect(NioSocketChannel.java:327)
	at org.apache.ratis.thirdparty.io.netty.channel.nio.AbstractNioChannel$AbstractNioUnsafe.finishConnect(AbstractNioChannel.java:340)
	at org.apache.ratis.thirdparty.io.netty.channel.nio.NioEventLoop.processSelectedKey(NioEventLoop.java:632)
	at org.apache.ratis.thirdparty.io.netty.channel.nio.NioEventLoop.processSelectedKeysOptimized(NioEventLoop.java:579)
	at org.apache.ratis.thirdparty.io.netty.channel.nio.NioEventLoop.processSelectedKeys(NioEventLoop.java:496)
	at org.apache.ratis.thirdparty.io.netty.channel.nio.NioEventLoop.run(NioEventLoop.java:458)
	at org.apache.ratis.thirdparty.io.netty.util.concurrent.SingleThreadEventExecutor$5.run(SingleThreadEventExecutor.java:897)
	at org.apache.ratis.thirdparty.io.netty.util.concurrent.FastThreadLocalRunnable.run(FastThreadLocalRunnable.java:30)
	... 1 more
Caused by: java.net.ConnectException: Connection refused
	... 11 more
2019-10-23 12:13:46,920 [grpc-default-executor-4] INFO  impl.RaftServerImpl (RaftServerImpl.java:setRole(184)) - 02863277-f564-4bc6-8337-fb22627f6f1a@group-24C785E9A0FC: changes role from  FOLLOWER to FOLLOWER at term 225 for recognizeCandidate:ad4d83c7-0f96-47bc-a4e8-7e5d9f844896
2019-10-23 12:13:46,920 [grpc-default-executor-4] INFO  impl.RoleInfo (RoleInfo.java:shutdownFollowerState(121)) - 02863277-f564-4bc6-8337-fb22627f6f1a: shutdown FollowerState
2019-10-23 12:13:46,920 [grpc-default-executor-4] INFO  impl.RoleInfo (RoleInfo.java:updateAndGet(143)) - 02863277-f564-4bc6-8337-fb22627f6f1a: start FollowerState
2019-10-23 12:13:46,920 [Thread-1929] INFO  impl.FollowerState (FollowerState.java:run(117)) - 02863277-f564-4bc6-8337-fb22627f6f1a@group-24C785E9A0FC-FollowerState was interrupted: java.lang.InterruptedException: sleep interrupted
2019-10-23 12:13:46,923 [ad4d83c7-0f96-47bc-a4e8-7e5d9f844896@group-24C785E9A0FC-LeaderElection227] INFO  impl.LeaderElection (LeaderElection.java:logAndReturn(56)) - ad4d83c7-0f96-47bc-a4e8-7e5d9f844896@group-24C785E9A0FC-LeaderElection227: Election TIMEOUT; received 0 response(s) [] and 1 exception(s); ad4d83c7-0f96-47bc-a4e8-7e5d9f844896@group-24C785E9A0FC:t225, leader=null, voted=ad4d83c7-0f96-47bc-a4e8-7e5d9f844896, raftlog=ad4d83c7-0f96-47bc-a4e8-7e5d9f844896@group-24C785E9A0FC-SegmentedRaftLog:OPENED:c-1,f-1,i0, conf=-1: [3b749b59-de2a-419b-9a26-261692f5c83c:192.168.69.118:39205, ad4d83c7-0f96-47bc-a4e8-7e5d9f844896:192.168.69.118:41688, 02863277-f564-4bc6-8337-fb22627f6f1a:192.168.69.118:36850], old=null
2019-10-23 12:13:46,923 [ad4d83c7-0f96-47bc-a4e8-7e5d9f844896@group-24C785E9A0FC-LeaderElection227] INFO  impl.LeaderElection (LogUtils.java:infoOrTrace(149)) -   Exception 0: {}
java.util.concurrent.ExecutionException: org.apache.ratis.thirdparty.io.grpc.StatusRuntimeException: UNAVAILABLE: io exception
	at java.util.concurrent.FutureTask.report(FutureTask.java:122)
	at java.util.concurrent.FutureTask.get(FutureTask.java:192)
	at org.apache.ratis.server.impl.LeaderElection.waitForResults(LeaderElection.java:259)
	at org.apache.ratis.server.impl.LeaderElection.askForVotes(LeaderElection.java:197)
	at org.apache.ratis.server.impl.LeaderElection.run(LeaderElection.java:133)
	at java.lang.Thread.run(Thread.java:748)
Caused by: org.apache.ratis.thirdparty.io.grpc.StatusRuntimeException: UNAVAILABLE: io exception
	at org.apache.ratis.thirdparty.io.grpc.stub.ClientCalls.toStatusRuntimeException(ClientCalls.java:233)
	at org.apache.ratis.thirdparty.io.grpc.stub.ClientCalls.getUnchecked(ClientCalls.java:214)
	at org.apache.ratis.thirdparty.io.grpc.stub.ClientCalls.blockingUnaryCall(ClientCalls.java:139)
	at org.apache.ratis.proto.grpc.RaftServerProtocolServiceGrpc$RaftServerProtocolServiceBlockingStub.requestVote(RaftServerProtocolServiceGrpc.java:265)
	at org.apache.ratis.grpc.server.GrpcServerProtocolClient.requestVote(GrpcServerProtocolClient.java:99)
	at org.apache.ratis.grpc.server.GrpcService.requestVote(GrpcService.java:204)
	at org.apache.ratis.server.impl.LeaderElection.lambda$submitRequests$1(LeaderElection.java:234)
	at java.util.concurrent.FutureTask.run(FutureTask.java:266)
	at java.util.concurrent.Executors$RunnableAdapter.call(Executors.java:511)
	at java.util.concurrent.FutureTask.run(FutureTask.java:266)
	at java.util.concurrent.ThreadPoolExecutor.runWorker(ThreadPoolExecutor.java:1149)
	at java.util.concurrent.ThreadPoolExecutor$Worker.run(ThreadPoolExecutor.java:624)
	... 1 more
Caused by: org.apache.ratis.thirdparty.io.netty.channel.AbstractChannel$AnnotatedConnectException: Connection refused: /192.168.69.118:39205
	at sun.nio.ch.SocketChannelImpl.checkConnect(Native Method)
	at sun.nio.ch.SocketChannelImpl.finishConnect(SocketChannelImpl.java:717)
	at org.apache.ratis.thirdparty.io.netty.channel.socket.nio.NioSocketChannel.doFinishConnect(NioSocketChannel.java:327)
	at org.apache.ratis.thirdparty.io.netty.channel.nio.AbstractNioChannel$AbstractNioUnsafe.finishConnect(AbstractNioChannel.java:340)
	at org.apache.ratis.thirdparty.io.netty.channel.nio.NioEventLoop.processSelectedKey(NioEventLoop.java:632)
	at org.apache.ratis.thirdparty.io.netty.channel.nio.NioEventLoop.processSelectedKeysOptimized(NioEventLoop.java:579)
	at org.apache.ratis.thirdparty.io.netty.channel.nio.NioEventLoop.processSelectedKeys(NioEventLoop.java:496)
	at org.apache.ratis.thirdparty.io.netty.channel.nio.NioEventLoop.run(NioEventLoop.java:458)
	at org.apache.ratis.thirdparty.io.netty.util.concurrent.SingleThreadEventExecutor$5.run(SingleThreadEventExecutor.java:897)
	at org.apache.ratis.thirdparty.io.netty.util.concurrent.FastThreadLocalRunnable.run(FastThreadLocalRunnable.java:30)
	... 1 more
Caused by: java.net.ConnectException: Connection refused
	... 11 more
2019-10-23 12:13:46,937 [ad4d83c7-0f96-47bc-a4e8-7e5d9f844896@group-24C785E9A0FC-LeaderElection227] INFO  impl.LeaderElection (LeaderElection.java:askForVotes(178)) - ad4d83c7-0f96-47bc-a4e8-7e5d9f844896@group-24C785E9A0FC-LeaderElection227: begin an election at term 226 for -1: [3b749b59-de2a-419b-9a26-261692f5c83c:192.168.69.118:39205, ad4d83c7-0f96-47bc-a4e8-7e5d9f844896:192.168.69.118:41688, 02863277-f564-4bc6-8337-fb22627f6f1a:192.168.69.118:36850], old=null
2019-10-23 12:13:46,938 [ad4d83c7-0f96-47bc-a4e8-7e5d9f844896@group-24C785E9A0FC-LeaderElection227] INFO  impl.LeaderElection (LogUtils.java:infoOrTrace(149)) - ad4d83c7-0f96-47bc-a4e8-7e5d9f844896@group-24C785E9A0FC-LeaderElection227 got exception when requesting votes: {}
java.util.concurrent.ExecutionException: org.apache.ratis.thirdparty.io.grpc.StatusRuntimeException: UNAVAILABLE: io exception
	at java.util.concurrent.FutureTask.report(FutureTask.java:122)
	at java.util.concurrent.FutureTask.get(FutureTask.java:192)
	at org.apache.ratis.server.impl.LeaderElection.waitForResults(LeaderElection.java:259)
	at org.apache.ratis.server.impl.LeaderElection.askForVotes(LeaderElection.java:197)
	at org.apache.ratis.server.impl.LeaderElection.run(LeaderElection.java:133)
	at java.lang.Thread.run(Thread.java:748)
Caused by: org.apache.ratis.thirdparty.io.grpc.StatusRuntimeException: UNAVAILABLE: io exception
	at org.apache.ratis.thirdparty.io.grpc.stub.ClientCalls.toStatusRuntimeException(ClientCalls.java:233)
	at org.apache.ratis.thirdparty.io.grpc.stub.ClientCalls.getUnchecked(ClientCalls.java:214)
	at org.apache.ratis.thirdparty.io.grpc.stub.ClientCalls.blockingUnaryCall(ClientCalls.java:139)
	at org.apache.ratis.proto.grpc.RaftServerProtocolServiceGrpc$RaftServerProtocolServiceBlockingStub.requestVote(RaftServerProtocolServiceGrpc.java:265)
	at org.apache.ratis.grpc.server.GrpcServerProtocolClient.requestVote(GrpcServerProtocolClient.java:99)
	at org.apache.ratis.grpc.server.GrpcService.requestVote(GrpcService.java:204)
	at org.apache.ratis.server.impl.LeaderElection.lambda$submitRequests$1(LeaderElection.java:234)
	at java.util.concurrent.FutureTask.run(FutureTask.java:266)
	at java.util.concurrent.Executors$RunnableAdapter.call(Executors.java:511)
	at java.util.concurrent.FutureTask.run(FutureTask.java:266)
	at java.util.concurrent.ThreadPoolExecutor.runWorker(ThreadPoolExecutor.java:1149)
	at java.util.concurrent.ThreadPoolExecutor$Worker.run(ThreadPoolExecutor.java:624)
	... 1 more
Caused by: org.apache.ratis.thirdparty.io.netty.channel.AbstractChannel$AnnotatedConnectException: Connection refused: /192.168.69.118:39205
	at sun.nio.ch.SocketChannelImpl.checkConnect(Native Method)
	at sun.nio.ch.SocketChannelImpl.finishConnect(SocketChannelImpl.java:717)
	at org.apache.ratis.thirdparty.io.netty.channel.socket.nio.NioSocketChannel.doFinishConnect(NioSocketChannel.java:327)
	at org.apache.ratis.thirdparty.io.netty.channel.nio.AbstractNioChannel$AbstractNioUnsafe.finishConnect(AbstractNioChannel.java:340)
	at org.apache.ratis.thirdparty.io.netty.channel.nio.NioEventLoop.processSelectedKey(NioEventLoop.java:632)
	at org.apache.ratis.thirdparty.io.netty.channel.nio.NioEventLoop.processSelectedKeysOptimized(NioEventLoop.java:579)
	at org.apache.ratis.thirdparty.io.netty.channel.nio.NioEventLoop.processSelectedKeys(NioEventLoop.java:496)
	at org.apache.ratis.thirdparty.io.netty.channel.nio.NioEventLoop.run(NioEventLoop.java:458)
	at org.apache.ratis.thirdparty.io.netty.util.concurrent.SingleThreadEventExecutor$5.run(SingleThreadEventExecutor.java:897)
	at org.apache.ratis.thirdparty.io.netty.util.concurrent.FastThreadLocalRunnable.run(FastThreadLocalRunnable.java:30)
	... 1 more
Caused by: java.net.ConnectException: Connection refused
	... 11 more
2019-10-23 12:13:46,938 [grpc-default-executor-4] INFO  impl.RaftServerImpl (RaftServerImpl.java:setRole(184)) - 02863277-f564-4bc6-8337-fb22627f6f1a@group-24C785E9A0FC: changes role from  FOLLOWER to FOLLOWER at term 226 for recognizeCandidate:ad4d83c7-0f96-47bc-a4e8-7e5d9f844896
2019-10-23 12:13:46,938 [grpc-default-executor-4] INFO  impl.RoleInfo (RoleInfo.java:shutdownFollowerState(121)) - 02863277-f564-4bc6-8337-fb22627f6f1a: shutdown FollowerState
2019-10-23 12:13:46,939 [grpc-default-executor-4] INFO  impl.RoleInfo (RoleInfo.java:updateAndGet(143)) - 02863277-f564-4bc6-8337-fb22627f6f1a: start FollowerState
2019-10-23 12:13:46,939 [Thread-1934] INFO  impl.FollowerState (FollowerState.java:run(117)) - 02863277-f564-4bc6-8337-fb22627f6f1a@group-24C785E9A0FC-FollowerState was interrupted: java.lang.InterruptedException: sleep interrupted
2019-10-23 12:13:46,973 [ad4d83c7-0f96-47bc-a4e8-7e5d9f844896@group-24C785E9A0FC-LeaderElection227] INFO  impl.LeaderElection (LeaderElection.java:logAndReturn(56)) - ad4d83c7-0f96-47bc-a4e8-7e5d9f844896@group-24C785E9A0FC-LeaderElection227: Election REJECTED; received 1 response(s) [ad4d83c7-0f96-47bc-a4e8-7e5d9f844896<-02863277-f564-4bc6-8337-fb22627f6f1a#0:FAIL-t226] and 1 exception(s); ad4d83c7-0f96-47bc-a4e8-7e5d9f844896@group-24C785E9A0FC:t226, leader=null, voted=ad4d83c7-0f96-47bc-a4e8-7e5d9f844896, raftlog=ad4d83c7-0f96-47bc-a4e8-7e5d9f844896@group-24C785E9A0FC-SegmentedRaftLog:OPENED:c-1,f-1,i0, conf=-1: [3b749b59-de2a-419b-9a26-261692f5c83c:192.168.69.118:39205, ad4d83c7-0f96-47bc-a4e8-7e5d9f844896:192.168.69.118:41688, 02863277-f564-4bc6-8337-fb22627f6f1a:192.168.69.118:36850], old=null
2019-10-23 12:13:46,973 [ad4d83c7-0f96-47bc-a4e8-7e5d9f844896@group-24C785E9A0FC-LeaderElection227] INFO  impl.LeaderElection (LogUtils.java:infoOrTrace(149)) -   Exception 0: {}
java.util.concurrent.ExecutionException: org.apache.ratis.thirdparty.io.grpc.StatusRuntimeException: UNAVAILABLE: io exception
	at java.util.concurrent.FutureTask.report(FutureTask.java:122)
	at java.util.concurrent.FutureTask.get(FutureTask.java:192)
	at org.apache.ratis.server.impl.LeaderElection.waitForResults(LeaderElection.java:259)
	at org.apache.ratis.server.impl.LeaderElection.askForVotes(LeaderElection.java:197)
	at org.apache.ratis.server.impl.LeaderElection.run(LeaderElection.java:133)
	at java.lang.Thread.run(Thread.java:748)
Caused by: org.apache.ratis.thirdparty.io.grpc.StatusRuntimeException: UNAVAILABLE: io exception
	at org.apache.ratis.thirdparty.io.grpc.stub.ClientCalls.toStatusRuntimeException(ClientCalls.java:233)
	at org.apache.ratis.thirdparty.io.grpc.stub.ClientCalls.getUnchecked(ClientCalls.java:214)
	at org.apache.ratis.thirdparty.io.grpc.stub.ClientCalls.blockingUnaryCall(ClientCalls.java:139)
	at org.apache.ratis.proto.grpc.RaftServerProtocolServiceGrpc$RaftServerProtocolServiceBlockingStub.requestVote(RaftServerProtocolServiceGrpc.java:265)
	at org.apache.ratis.grpc.server.GrpcServerProtocolClient.requestVote(GrpcServerProtocolClient.java:99)
	at org.apache.ratis.grpc.server.GrpcService.requestVote(GrpcService.java:204)
	at org.apache.ratis.server.impl.LeaderElection.lambda$submitRequests$1(LeaderElection.java:234)
	at java.util.concurrent.FutureTask.run(FutureTask.java:266)
	at java.util.concurrent.Executors$RunnableAdapter.call(Executors.java:511)
	at java.util.concurrent.FutureTask.run(FutureTask.java:266)
	at java.util.concurrent.ThreadPoolExecutor.runWorker(ThreadPoolExecutor.java:1149)
	at java.util.concurrent.ThreadPoolExecutor$Worker.run(ThreadPoolExecutor.java:624)
	... 1 more
Caused by: org.apache.ratis.thirdparty.io.netty.channel.AbstractChannel$AnnotatedConnectException: Connection refused: /192.168.69.118:39205
	at sun.nio.ch.SocketChannelImpl.checkConnect(Native Method)
	at sun.nio.ch.SocketChannelImpl.finishConnect(SocketChannelImpl.java:717)
	at org.apache.ratis.thirdparty.io.netty.channel.socket.nio.NioSocketChannel.doFinishConnect(NioSocketChannel.java:327)
	at org.apache.ratis.thirdparty.io.netty.channel.nio.AbstractNioChannel$AbstractNioUnsafe.finishConnect(AbstractNioChannel.java:340)
	at org.apache.ratis.thirdparty.io.netty.channel.nio.NioEventLoop.processSelectedKey(NioEventLoop.java:632)
	at org.apache.ratis.thirdparty.io.netty.channel.nio.NioEventLoop.processSelectedKeysOptimized(NioEventLoop.java:579)
	at org.apache.ratis.thirdparty.io.netty.channel.nio.NioEventLoop.processSelectedKeys(NioEventLoop.java:496)
	at org.apache.ratis.thirdparty.io.netty.channel.nio.NioEventLoop.run(NioEventLoop.java:458)
	at org.apache.ratis.thirdparty.io.netty.util.concurrent.SingleThreadEventExecutor$5.run(SingleThreadEventExecutor.java:897)
	at org.apache.ratis.thirdparty.io.netty.util.concurrent.FastThreadLocalRunnable.run(FastThreadLocalRunnable.java:30)
	... 1 more
Caused by: java.net.ConnectException: Connection refused
	... 11 more
2019-10-23 12:13:46,973 [ad4d83c7-0f96-47bc-a4e8-7e5d9f844896@group-24C785E9A0FC-LeaderElection227] INFO  impl.RaftServerImpl (RaftServerImpl.java:setRole(184)) - ad4d83c7-0f96-47bc-a4e8-7e5d9f844896@group-24C785E9A0FC: changes role from CANDIDATE to FOLLOWER at term 226 for DISCOVERED_A_NEW_TERM
2019-10-23 12:13:46,973 [ad4d83c7-0f96-47bc-a4e8-7e5d9f844896@group-24C785E9A0FC-LeaderElection227] INFO  impl.RoleInfo (RoleInfo.java:shutdownLeaderElection(134)) - ad4d83c7-0f96-47bc-a4e8-7e5d9f844896: shutdown LeaderElection
2019-10-23 12:13:46,974 [ad4d83c7-0f96-47bc-a4e8-7e5d9f844896@group-24C785E9A0FC-LeaderElection227] INFO  impl.RoleInfo (RoleInfo.java:updateAndGet(143)) - ad4d83c7-0f96-47bc-a4e8-7e5d9f844896: start FollowerState
2019-10-23 12:13:46,981 [Thread-1938] INFO  impl.FollowerState (FollowerState.java:run(108)) - ad4d83c7-0f96-47bc-a4e8-7e5d9f844896@group-24C785E9A0FC-FollowerState: change to CANDIDATE, lastRpcTime:7ms, electionTimeout:7ms
2019-10-23 12:13:46,981 [Thread-1938] INFO  impl.RoleInfo (RoleInfo.java:shutdownFollowerState(121)) - ad4d83c7-0f96-47bc-a4e8-7e5d9f844896: shutdown FollowerState
2019-10-23 12:13:46,981 [Thread-1938] INFO  impl.RaftServerImpl (RaftServerImpl.java:setRole(184)) - ad4d83c7-0f96-47bc-a4e8-7e5d9f844896@group-24C785E9A0FC: changes role from  FOLLOWER to CANDIDATE at term 226 for changeToCandidate
2019-10-23 12:13:46,981 [Thread-1938] INFO  impl.RoleInfo (RoleInfo.java:updateAndGet(143)) - ad4d83c7-0f96-47bc-a4e8-7e5d9f844896: start LeaderElection
2019-10-23 12:13:46,995 [ad4d83c7-0f96-47bc-a4e8-7e5d9f844896@group-24C785E9A0FC-LeaderElection228] INFO  impl.LeaderElection (LeaderElection.java:askForVotes(178)) - ad4d83c7-0f96-47bc-a4e8-7e5d9f844896@group-24C785E9A0FC-LeaderElection228: begin an election at term 227 for -1: [3b749b59-de2a-419b-9a26-261692f5c83c:192.168.69.118:39205, ad4d83c7-0f96-47bc-a4e8-7e5d9f844896:192.168.69.118:41688, 02863277-f564-4bc6-8337-fb22627f6f1a:192.168.69.118:36850], old=null
2019-10-23 12:13:46,996 [ad4d83c7-0f96-47bc-a4e8-7e5d9f844896@group-24C785E9A0FC-LeaderElection228] INFO  impl.LeaderElection (LogUtils.java:infoOrTrace(149)) - ad4d83c7-0f96-47bc-a4e8-7e5d9f844896@group-24C785E9A0FC-LeaderElection228 got exception when requesting votes: {}
java.util.concurrent.ExecutionException: org.apache.ratis.thirdparty.io.grpc.StatusRuntimeException: UNAVAILABLE: io exception
	at java.util.concurrent.FutureTask.report(FutureTask.java:122)
	at java.util.concurrent.FutureTask.get(FutureTask.java:192)
	at org.apache.ratis.server.impl.LeaderElection.waitForResults(LeaderElection.java:259)
	at org.apache.ratis.server.impl.LeaderElection.askForVotes(LeaderElection.java:197)
	at org.apache.ratis.server.impl.LeaderElection.run(LeaderElection.java:133)
	at java.lang.Thread.run(Thread.java:748)
Caused by: org.apache.ratis.thirdparty.io.grpc.StatusRuntimeException: UNAVAILABLE: io exception
	at org.apache.ratis.thirdparty.io.grpc.stub.ClientCalls.toStatusRuntimeException(ClientCalls.java:233)
	at org.apache.ratis.thirdparty.io.grpc.stub.ClientCalls.getUnchecked(ClientCalls.java:214)
	at org.apache.ratis.thirdparty.io.grpc.stub.ClientCalls.blockingUnaryCall(ClientCalls.java:139)
	at org.apache.ratis.proto.grpc.RaftServerProtocolServiceGrpc$RaftServerProtocolServiceBlockingStub.requestVote(RaftServerProtocolServiceGrpc.java:265)
	at org.apache.ratis.grpc.server.GrpcServerProtocolClient.requestVote(GrpcServerProtocolClient.java:99)
	at org.apache.ratis.grpc.server.GrpcService.requestVote(GrpcService.java:204)
	at org.apache.ratis.server.impl.LeaderElection.lambda$submitRequests$1(LeaderElection.java:234)
	at java.util.concurrent.FutureTask.run(FutureTask.java:266)
	at java.util.concurrent.Executors$RunnableAdapter.call(Executors.java:511)
	at java.util.concurrent.FutureTask.run(FutureTask.java:266)
	at java.util.concurrent.ThreadPoolExecutor.runWorker(ThreadPoolExecutor.java:1149)
	at java.util.concurrent.ThreadPoolExecutor$Worker.run(ThreadPoolExecutor.java:624)
	... 1 more
Caused by: org.apache.ratis.thirdparty.io.netty.channel.AbstractChannel$AnnotatedConnectException: Connection refused: /192.168.69.118:39205
	at sun.nio.ch.SocketChannelImpl.checkConnect(Native Method)
	at sun.nio.ch.SocketChannelImpl.finishConnect(SocketChannelImpl.java:717)
	at org.apache.ratis.thirdparty.io.netty.channel.socket.nio.NioSocketChannel.doFinishConnect(NioSocketChannel.java:327)
	at org.apache.ratis.thirdparty.io.netty.channel.nio.AbstractNioChannel$AbstractNioUnsafe.finishConnect(AbstractNioChannel.java:340)
	at org.apache.ratis.thirdparty.io.netty.channel.nio.NioEventLoop.processSelectedKey(NioEventLoop.java:632)
	at org.apache.ratis.thirdparty.io.netty.channel.nio.NioEventLoop.processSelectedKeysOptimized(NioEventLoop.java:579)
	at org.apache.ratis.thirdparty.io.netty.channel.nio.NioEventLoop.processSelectedKeys(NioEventLoop.java:496)
	at org.apache.ratis.thirdparty.io.netty.channel.nio.NioEventLoop.run(NioEventLoop.java:458)
	at org.apache.ratis.thirdparty.io.netty.util.concurrent.SingleThreadEventExecutor$5.run(SingleThreadEventExecutor.java:897)
	at org.apache.ratis.thirdparty.io.netty.util.concurrent.FastThreadLocalRunnable.run(FastThreadLocalRunnable.java:30)
	... 1 more
Caused by: java.net.ConnectException: Connection refused
	... 11 more
2019-10-23 12:13:46,997 [grpc-default-executor-4] INFO  impl.RaftServerImpl (RaftServerImpl.java:setRole(184)) - 02863277-f564-4bc6-8337-fb22627f6f1a@group-24C785E9A0FC: changes role from  FOLLOWER to FOLLOWER at term 227 for recognizeCandidate:ad4d83c7-0f96-47bc-a4e8-7e5d9f844896
2019-10-23 12:13:46,997 [grpc-default-executor-4] INFO  impl.RoleInfo (RoleInfo.java:shutdownFollowerState(121)) - 02863277-f564-4bc6-8337-fb22627f6f1a: shutdown FollowerState
2019-10-23 12:13:46,997 [grpc-default-executor-4] INFO  impl.RoleInfo (RoleInfo.java:updateAndGet(143)) - 02863277-f564-4bc6-8337-fb22627f6f1a: start FollowerState
2019-10-23 12:13:46,997 [Thread-1937] INFO  impl.FollowerState (FollowerState.java:run(117)) - 02863277-f564-4bc6-8337-fb22627f6f1a@group-24C785E9A0FC-FollowerState was interrupted: java.lang.InterruptedException: sleep interrupted
2019-10-23 12:13:47,010 [ad4d83c7-0f96-47bc-a4e8-7e5d9f844896@group-24C785E9A0FC-LeaderElection228] INFO  impl.LeaderElection (LeaderElection.java:logAndReturn(56)) - ad4d83c7-0f96-47bc-a4e8-7e5d9f844896@group-24C785E9A0FC-LeaderElection228: Election REJECTED; received 1 response(s) [ad4d83c7-0f96-47bc-a4e8-7e5d9f844896<-02863277-f564-4bc6-8337-fb22627f6f1a#0:FAIL-t227] and 1 exception(s); ad4d83c7-0f96-47bc-a4e8-7e5d9f844896@group-24C785E9A0FC:t227, leader=null, voted=ad4d83c7-0f96-47bc-a4e8-7e5d9f844896, raftlog=ad4d83c7-0f96-47bc-a4e8-7e5d9f844896@group-24C785E9A0FC-SegmentedRaftLog:OPENED:c-1,f-1,i0, conf=-1: [3b749b59-de2a-419b-9a26-261692f5c83c:192.168.69.118:39205, ad4d83c7-0f96-47bc-a4e8-7e5d9f844896:192.168.69.118:41688, 02863277-f564-4bc6-8337-fb22627f6f1a:192.168.69.118:36850], old=null
2019-10-23 12:13:47,010 [ad4d83c7-0f96-47bc-a4e8-7e5d9f844896@group-24C785E9A0FC-LeaderElection228] INFO  impl.LeaderElection (LogUtils.java:infoOrTrace(149)) -   Exception 0: {}
java.util.concurrent.ExecutionException: org.apache.ratis.thirdparty.io.grpc.StatusRuntimeException: UNAVAILABLE: io exception
	at java.util.concurrent.FutureTask.report(FutureTask.java:122)
	at java.util.concurrent.FutureTask.get(FutureTask.java:192)
	at org.apache.ratis.server.impl.LeaderElection.waitForResults(LeaderElection.java:259)
	at org.apache.ratis.server.impl.LeaderElection.askForVotes(LeaderElection.java:197)
	at org.apache.ratis.server.impl.LeaderElection.run(LeaderElection.java:133)
	at java.lang.Thread.run(Thread.java:748)
Caused by: org.apache.ratis.thirdparty.io.grpc.StatusRuntimeException: UNAVAILABLE: io exception
	at org.apache.ratis.thirdparty.io.grpc.stub.ClientCalls.toStatusRuntimeException(ClientCalls.java:233)
	at org.apache.ratis.thirdparty.io.grpc.stub.ClientCalls.getUnchecked(ClientCalls.java:214)
	at org.apache.ratis.thirdparty.io.grpc.stub.ClientCalls.blockingUnaryCall(ClientCalls.java:139)
	at org.apache.ratis.proto.grpc.RaftServerProtocolServiceGrpc$RaftServerProtocolServiceBlockingStub.requestVote(RaftServerProtocolServiceGrpc.java:265)
	at org.apache.ratis.grpc.server.GrpcServerProtocolClient.requestVote(GrpcServerProtocolClient.java:99)
	at org.apache.ratis.grpc.server.GrpcService.requestVote(GrpcService.java:204)
	at org.apache.ratis.server.impl.LeaderElection.lambda$submitRequests$1(LeaderElection.java:234)
	at java.util.concurrent.FutureTask.run(FutureTask.java:266)
	at java.util.concurrent.Executors$RunnableAdapter.call(Executors.java:511)
	at java.util.concurrent.FutureTask.run(FutureTask.java:266)
	at java.util.concurrent.ThreadPoolExecutor.runWorker(ThreadPoolExecutor.java:1149)
	at java.util.concurrent.ThreadPoolExecutor$Worker.run(ThreadPoolExecutor.java:624)
	... 1 more
Caused by: org.apache.ratis.thirdparty.io.netty.channel.AbstractChannel$AnnotatedConnectException: Connection refused: /192.168.69.118:39205
	at sun.nio.ch.SocketChannelImpl.checkConnect(Native Method)
	at sun.nio.ch.SocketChannelImpl.finishConnect(SocketChannelImpl.java:717)
	at org.apache.ratis.thirdparty.io.netty.channel.socket.nio.NioSocketChannel.doFinishConnect(NioSocketChannel.java:327)
	at org.apache.ratis.thirdparty.io.netty.channel.nio.AbstractNioChannel$AbstractNioUnsafe.finishConnect(AbstractNioChannel.java:340)
	at org.apache.ratis.thirdparty.io.netty.channel.nio.NioEventLoop.processSelectedKey(NioEventLoop.java:632)
	at org.apache.ratis.thirdparty.io.netty.channel.nio.NioEventLoop.processSelectedKeysOptimized(NioEventLoop.java:579)
	at org.apache.ratis.thirdparty.io.netty.channel.nio.NioEventLoop.processSelectedKeys(NioEventLoop.java:496)
	at org.apache.ratis.thirdparty.io.netty.channel.nio.NioEventLoop.run(NioEventLoop.java:458)
	at org.apache.ratis.thirdparty.io.netty.util.concurrent.SingleThreadEventExecutor$5.run(SingleThreadEventExecutor.java:897)
	at org.apache.ratis.thirdparty.io.netty.util.concurrent.FastThreadLocalRunnable.run(FastThreadLocalRunnable.java:30)
	... 1 more
Caused by: java.net.ConnectException: Connection refused
	... 11 more
2019-10-23 12:13:47,010 [ad4d83c7-0f96-47bc-a4e8-7e5d9f844896@group-24C785E9A0FC-LeaderElection228] INFO  impl.RaftServerImpl (RaftServerImpl.java:setRole(184)) - ad4d83c7-0f96-47bc-a4e8-7e5d9f844896@group-24C785E9A0FC: changes role from CANDIDATE to FOLLOWER at term 227 for DISCOVERED_A_NEW_TERM
2019-10-23 12:13:47,010 [ad4d83c7-0f96-47bc-a4e8-7e5d9f844896@group-24C785E9A0FC-LeaderElection228] INFO  impl.RoleInfo (RoleInfo.java:shutdownLeaderElection(134)) - ad4d83c7-0f96-47bc-a4e8-7e5d9f844896: shutdown LeaderElection
2019-10-23 12:13:47,010 [ad4d83c7-0f96-47bc-a4e8-7e5d9f844896@group-24C785E9A0FC-LeaderElection228] INFO  impl.RoleInfo (RoleInfo.java:updateAndGet(143)) - ad4d83c7-0f96-47bc-a4e8-7e5d9f844896: start FollowerState
2019-10-23 12:13:47,079 [java.util.concurrent.ThreadPoolExecutor$Worker@d45e495[State = -1, empty queue]] WARN  server.GrpcLogAppender (GrpcLogAppender.java:timeoutAppendRequest(209)) - 787770cd-56b0-4d21-897f-e9f49f0f8295@group-0F120BA276DC->7b74cae2-68bb-403f-9342-7e82e321628a-GrpcLogAppender: appendEntries Timeout, request=787770cd-56b0-4d21-897f-e9f49f0f8295->7b74cae2-68bb-403f-9342-7e82e321628a#56-t2, previous=(t:2, i:4), leaderCommit=4, initializing? false, entries: <empty>
2019-10-23 12:13:47,079 [java.util.concurrent.ThreadPoolExecutor$Worker@5376dd6[State = -1, empty queue]] WARN  server.GrpcLogAppender (GrpcLogAppender.java:timeoutAppendRequest(209)) - 787770cd-56b0-4d21-897f-e9f49f0f8295@group-0F120BA276DC->1d5d0298-6e55-4fca-8e63-ae12c20f52e9-GrpcLogAppender: appendEntries Timeout, request=787770cd-56b0-4d21-897f-e9f49f0f8295->1d5d0298-6e55-4fca-8e63-ae12c20f52e9#56-t2, previous=(t:2, i:4), leaderCommit=4, initializing? false, entries: <empty>
2019-10-23 12:13:47,140 [Thread-1943] INFO  impl.FollowerState (FollowerState.java:run(108)) - ad4d83c7-0f96-47bc-a4e8-7e5d9f844896@group-24C785E9A0FC-FollowerState: change to CANDIDATE, lastRpcTime:129ms, electionTimeout:129ms
2019-10-23 12:13:47,140 [Thread-1943] INFO  impl.RoleInfo (RoleInfo.java:shutdownFollowerState(121)) - ad4d83c7-0f96-47bc-a4e8-7e5d9f844896: shutdown FollowerState
2019-10-23 12:13:47,140 [Thread-1943] INFO  impl.RaftServerImpl (RaftServerImpl.java:setRole(184)) - ad4d83c7-0f96-47bc-a4e8-7e5d9f844896@group-24C785E9A0FC: changes role from  FOLLOWER to CANDIDATE at term 227 for changeToCandidate
2019-10-23 12:13:47,140 [Thread-1943] INFO  impl.RoleInfo (RoleInfo.java:updateAndGet(143)) - ad4d83c7-0f96-47bc-a4e8-7e5d9f844896: start LeaderElection
2019-10-23 12:13:47,147 [ad4d83c7-0f96-47bc-a4e8-7e5d9f844896@group-24C785E9A0FC-LeaderElection229] INFO  impl.LeaderElection (LeaderElection.java:askForVotes(178)) - ad4d83c7-0f96-47bc-a4e8-7e5d9f844896@group-24C785E9A0FC-LeaderElection229: begin an election at term 228 for -1: [3b749b59-de2a-419b-9a26-261692f5c83c:192.168.69.118:39205, ad4d83c7-0f96-47bc-a4e8-7e5d9f844896:192.168.69.118:41688, 02863277-f564-4bc6-8337-fb22627f6f1a:192.168.69.118:36850], old=null
2019-10-23 12:13:47,148 [ad4d83c7-0f96-47bc-a4e8-7e5d9f844896@group-24C785E9A0FC-LeaderElection229] INFO  impl.LeaderElection (LogUtils.java:infoOrTrace(149)) - ad4d83c7-0f96-47bc-a4e8-7e5d9f844896@group-24C785E9A0FC-LeaderElection229 got exception when requesting votes: {}
java.util.concurrent.ExecutionException: org.apache.ratis.thirdparty.io.grpc.StatusRuntimeException: UNAVAILABLE: io exception
	at java.util.concurrent.FutureTask.report(FutureTask.java:122)
	at java.util.concurrent.FutureTask.get(FutureTask.java:192)
	at org.apache.ratis.server.impl.LeaderElection.waitForResults(LeaderElection.java:259)
	at org.apache.ratis.server.impl.LeaderElection.askForVotes(LeaderElection.java:197)
	at org.apache.ratis.server.impl.LeaderElection.run(LeaderElection.java:133)
	at java.lang.Thread.run(Thread.java:748)
Caused by: org.apache.ratis.thirdparty.io.grpc.StatusRuntimeException: UNAVAILABLE: io exception
	at org.apache.ratis.thirdparty.io.grpc.stub.ClientCalls.toStatusRuntimeException(ClientCalls.java:233)
	at org.apache.ratis.thirdparty.io.grpc.stub.ClientCalls.getUnchecked(ClientCalls.java:214)
	at org.apache.ratis.thirdparty.io.grpc.stub.ClientCalls.blockingUnaryCall(ClientCalls.java:139)
	at org.apache.ratis.proto.grpc.RaftServerProtocolServiceGrpc$RaftServerProtocolServiceBlockingStub.requestVote(RaftServerProtocolServiceGrpc.java:265)
	at org.apache.ratis.grpc.server.GrpcServerProtocolClient.requestVote(GrpcServerProtocolClient.java:99)
	at org.apache.ratis.grpc.server.GrpcService.requestVote(GrpcService.java:204)
	at org.apache.ratis.server.impl.LeaderElection.lambda$submitRequests$1(LeaderElection.java:234)
	at java.util.concurrent.FutureTask.run(FutureTask.java:266)
	at java.util.concurrent.Executors$RunnableAdapter.call(Executors.java:511)
	at java.util.concurrent.FutureTask.run(FutureTask.java:266)
	at java.util.concurrent.ThreadPoolExecutor.runWorker(ThreadPoolExecutor.java:1149)
	at java.util.concurrent.ThreadPoolExecutor$Worker.run(ThreadPoolExecutor.java:624)
	... 1 more
Caused by: org.apache.ratis.thirdparty.io.netty.channel.AbstractChannel$AnnotatedConnectException: Connection refused: /192.168.69.118:39205
	at sun.nio.ch.SocketChannelImpl.checkConnect(Native Method)
	at sun.nio.ch.SocketChannelImpl.finishConnect(SocketChannelImpl.java:717)
	at org.apache.ratis.thirdparty.io.netty.channel.socket.nio.NioSocketChannel.doFinishConnect(NioSocketChannel.java:327)
	at org.apache.ratis.thirdparty.io.netty.channel.nio.AbstractNioChannel$AbstractNioUnsafe.finishConnect(AbstractNioChannel.java:340)
	at org.apache.ratis.thirdparty.io.netty.channel.nio.NioEventLoop.processSelectedKey(NioEventLoop.java:632)
	at org.apache.ratis.thirdparty.io.netty.channel.nio.NioEventLoop.processSelectedKeysOptimized(NioEventLoop.java:579)
	at org.apache.ratis.thirdparty.io.netty.channel.nio.NioEventLoop.processSelectedKeys(NioEventLoop.java:496)
	at org.apache.ratis.thirdparty.io.netty.channel.nio.NioEventLoop.run(NioEventLoop.java:458)
	at org.apache.ratis.thirdparty.io.netty.util.concurrent.SingleThreadEventExecutor$5.run(SingleThreadEventExecutor.java:897)
	at org.apache.ratis.thirdparty.io.netty.util.concurrent.FastThreadLocalRunnable.run(FastThreadLocalRunnable.java:30)
	... 1 more
Caused by: java.net.ConnectException: Connection refused
	... 11 more
2019-10-23 12:13:47,149 [grpc-default-executor-4] INFO  impl.RaftServerImpl (RaftServerImpl.java:setRole(184)) - 02863277-f564-4bc6-8337-fb22627f6f1a@group-24C785E9A0FC: changes role from  FOLLOWER to FOLLOWER at term 228 for recognizeCandidate:ad4d83c7-0f96-47bc-a4e8-7e5d9f844896
2019-10-23 12:13:47,149 [grpc-default-executor-4] INFO  impl.RoleInfo (RoleInfo.java:shutdownFollowerState(121)) - 02863277-f564-4bc6-8337-fb22627f6f1a: shutdown FollowerState
2019-10-23 12:13:47,149 [grpc-default-executor-4] INFO  impl.RoleInfo (RoleInfo.java:updateAndGet(143)) - 02863277-f564-4bc6-8337-fb22627f6f1a: start FollowerState
2019-10-23 12:13:47,149 [Thread-1942] INFO  impl.FollowerState (FollowerState.java:run(117)) - 02863277-f564-4bc6-8337-fb22627f6f1a@group-24C785E9A0FC-FollowerState was interrupted: java.lang.InterruptedException: sleep interrupted
2019-10-23 12:13:47,163 [ad4d83c7-0f96-47bc-a4e8-7e5d9f844896@group-24C785E9A0FC-LeaderElection229] INFO  impl.LeaderElection (LeaderElection.java:logAndReturn(56)) - ad4d83c7-0f96-47bc-a4e8-7e5d9f844896@group-24C785E9A0FC-LeaderElection229: Election REJECTED; received 1 response(s) [ad4d83c7-0f96-47bc-a4e8-7e5d9f844896<-02863277-f564-4bc6-8337-fb22627f6f1a#0:FAIL-t228] and 1 exception(s); ad4d83c7-0f96-47bc-a4e8-7e5d9f844896@group-24C785E9A0FC:t228, leader=null, voted=ad4d83c7-0f96-47bc-a4e8-7e5d9f844896, raftlog=ad4d83c7-0f96-47bc-a4e8-7e5d9f844896@group-24C785E9A0FC-SegmentedRaftLog:OPENED:c-1,f-1,i0, conf=-1: [3b749b59-de2a-419b-9a26-261692f5c83c:192.168.69.118:39205, ad4d83c7-0f96-47bc-a4e8-7e5d9f844896:192.168.69.118:41688, 02863277-f564-4bc6-8337-fb22627f6f1a:192.168.69.118:36850], old=null
2019-10-23 12:13:47,163 [ad4d83c7-0f96-47bc-a4e8-7e5d9f844896@group-24C785E9A0FC-LeaderElection229] INFO  impl.LeaderElection (LogUtils.java:infoOrTrace(149)) -   Exception 0: {}
java.util.concurrent.ExecutionException: org.apache.ratis.thirdparty.io.grpc.StatusRuntimeException: UNAVAILABLE: io exception
	at java.util.concurrent.FutureTask.report(FutureTask.java:122)
	at java.util.concurrent.FutureTask.get(FutureTask.java:192)
	at org.apache.ratis.server.impl.LeaderElection.waitForResults(LeaderElection.java:259)
	at org.apache.ratis.server.impl.LeaderElection.askForVotes(LeaderElection.java:197)
	at org.apache.ratis.server.impl.LeaderElection.run(LeaderElection.java:133)
	at java.lang.Thread.run(Thread.java:748)
Caused by: org.apache.ratis.thirdparty.io.grpc.StatusRuntimeException: UNAVAILABLE: io exception
	at org.apache.ratis.thirdparty.io.grpc.stub.ClientCalls.toStatusRuntimeException(ClientCalls.java:233)
	at org.apache.ratis.thirdparty.io.grpc.stub.ClientCalls.getUnchecked(ClientCalls.java:214)
	at org.apache.ratis.thirdparty.io.grpc.stub.ClientCalls.blockingUnaryCall(ClientCalls.java:139)
	at org.apache.ratis.proto.grpc.RaftServerProtocolServiceGrpc$RaftServerProtocolServiceBlockingStub.requestVote(RaftServerProtocolServiceGrpc.java:265)
	at org.apache.ratis.grpc.server.GrpcServerProtocolClient.requestVote(GrpcServerProtocolClient.java:99)
	at org.apache.ratis.grpc.server.GrpcService.requestVote(GrpcService.java:204)
	at org.apache.ratis.server.impl.LeaderElection.lambda$submitRequests$1(LeaderElection.java:234)
	at java.util.concurrent.FutureTask.run(FutureTask.java:266)
	at java.util.concurrent.Executors$RunnableAdapter.call(Executors.java:511)
	at java.util.concurrent.FutureTask.run(FutureTask.java:266)
	at java.util.concurrent.ThreadPoolExecutor.runWorker(ThreadPoolExecutor.java:1149)
	at java.util.concurrent.ThreadPoolExecutor$Worker.run(ThreadPoolExecutor.java:624)
	... 1 more
Caused by: org.apache.ratis.thirdparty.io.netty.channel.AbstractChannel$AnnotatedConnectException: Connection refused: /192.168.69.118:39205
	at sun.nio.ch.SocketChannelImpl.checkConnect(Native Method)
	at sun.nio.ch.SocketChannelImpl.finishConnect(SocketChannelImpl.java:717)
	at org.apache.ratis.thirdparty.io.netty.channel.socket.nio.NioSocketChannel.doFinishConnect(NioSocketChannel.java:327)
	at org.apache.ratis.thirdparty.io.netty.channel.nio.AbstractNioChannel$AbstractNioUnsafe.finishConnect(AbstractNioChannel.java:340)
	at org.apache.ratis.thirdparty.io.netty.channel.nio.NioEventLoop.processSelectedKey(NioEventLoop.java:632)
	at org.apache.ratis.thirdparty.io.netty.channel.nio.NioEventLoop.processSelectedKeysOptimized(NioEventLoop.java:579)
	at org.apache.ratis.thirdparty.io.netty.channel.nio.NioEventLoop.processSelectedKeys(NioEventLoop.java:496)
	at org.apache.ratis.thirdparty.io.netty.channel.nio.NioEventLoop.run(NioEventLoop.java:458)
	at org.apache.ratis.thirdparty.io.netty.util.concurrent.SingleThreadEventExecutor$5.run(SingleThreadEventExecutor.java:897)
	at org.apache.ratis.thirdparty.io.netty.util.concurrent.FastThreadLocalRunnable.run(FastThreadLocalRunnable.java:30)
	... 1 more
Caused by: java.net.ConnectException: Connection refused
	... 11 more
2019-10-23 12:13:47,163 [ad4d83c7-0f96-47bc-a4e8-7e5d9f844896@group-24C785E9A0FC-LeaderElection229] INFO  impl.RaftServerImpl (RaftServerImpl.java:setRole(184)) - ad4d83c7-0f96-47bc-a4e8-7e5d9f844896@group-24C785E9A0FC: changes role from CANDIDATE to FOLLOWER at term 228 for DISCOVERED_A_NEW_TERM
2019-10-23 12:13:47,164 [ad4d83c7-0f96-47bc-a4e8-7e5d9f844896@group-24C785E9A0FC-LeaderElection229] INFO  impl.RoleInfo (RoleInfo.java:shutdownLeaderElection(134)) - ad4d83c7-0f96-47bc-a4e8-7e5d9f844896: shutdown LeaderElection
2019-10-23 12:13:47,164 [ad4d83c7-0f96-47bc-a4e8-7e5d9f844896@group-24C785E9A0FC-LeaderElection229] INFO  impl.RoleInfo (RoleInfo.java:updateAndGet(143)) - ad4d83c7-0f96-47bc-a4e8-7e5d9f844896: start FollowerState
2019-10-23 12:13:47,308 [Thread-1948] INFO  impl.FollowerState (FollowerState.java:run(108)) - ad4d83c7-0f96-47bc-a4e8-7e5d9f844896@group-24C785E9A0FC-FollowerState: change to CANDIDATE, lastRpcTime:144ms, electionTimeout:144ms
2019-10-23 12:13:47,308 [Thread-1948] INFO  impl.RoleInfo (RoleInfo.java:shutdownFollowerState(121)) - ad4d83c7-0f96-47bc-a4e8-7e5d9f844896: shutdown FollowerState
2019-10-23 12:13:47,309 [Thread-1948] INFO  impl.RaftServerImpl (RaftServerImpl.java:setRole(184)) - ad4d83c7-0f96-47bc-a4e8-7e5d9f844896@group-24C785E9A0FC: changes role from  FOLLOWER to CANDIDATE at term 228 for changeToCandidate
2019-10-23 12:13:47,309 [Thread-1948] INFO  impl.RoleInfo (RoleInfo.java:updateAndGet(143)) - ad4d83c7-0f96-47bc-a4e8-7e5d9f844896: start LeaderElection
2019-10-23 12:13:47,323 [ad4d83c7-0f96-47bc-a4e8-7e5d9f844896@group-24C785E9A0FC-LeaderElection230] INFO  impl.LeaderElection (LeaderElection.java:askForVotes(178)) - ad4d83c7-0f96-47bc-a4e8-7e5d9f844896@group-24C785E9A0FC-LeaderElection230: begin an election at term 229 for -1: [3b749b59-de2a-419b-9a26-261692f5c83c:192.168.69.118:39205, ad4d83c7-0f96-47bc-a4e8-7e5d9f844896:192.168.69.118:41688, 02863277-f564-4bc6-8337-fb22627f6f1a:192.168.69.118:36850], old=null
2019-10-23 12:13:47,324 [ad4d83c7-0f96-47bc-a4e8-7e5d9f844896@group-24C785E9A0FC-LeaderElection230] INFO  impl.LeaderElection (LogUtils.java:infoOrTrace(149)) - ad4d83c7-0f96-47bc-a4e8-7e5d9f844896@group-24C785E9A0FC-LeaderElection230 got exception when requesting votes: {}
java.util.concurrent.ExecutionException: org.apache.ratis.thirdparty.io.grpc.StatusRuntimeException: UNAVAILABLE: io exception
	at java.util.concurrent.FutureTask.report(FutureTask.java:122)
	at java.util.concurrent.FutureTask.get(FutureTask.java:192)
	at org.apache.ratis.server.impl.LeaderElection.waitForResults(LeaderElection.java:259)
	at org.apache.ratis.server.impl.LeaderElection.askForVotes(LeaderElection.java:197)
	at org.apache.ratis.server.impl.LeaderElection.run(LeaderElection.java:133)
	at java.lang.Thread.run(Thread.java:748)
Caused by: org.apache.ratis.thirdparty.io.grpc.StatusRuntimeException: UNAVAILABLE: io exception
	at org.apache.ratis.thirdparty.io.grpc.stub.ClientCalls.toStatusRuntimeException(ClientCalls.java:233)
	at org.apache.ratis.thirdparty.io.grpc.stub.ClientCalls.getUnchecked(ClientCalls.java:214)
	at org.apache.ratis.thirdparty.io.grpc.stub.ClientCalls.blockingUnaryCall(ClientCalls.java:139)
	at org.apache.ratis.proto.grpc.RaftServerProtocolServiceGrpc$RaftServerProtocolServiceBlockingStub.requestVote(RaftServerProtocolServiceGrpc.java:265)
	at org.apache.ratis.grpc.server.GrpcServerProtocolClient.requestVote(GrpcServerProtocolClient.java:99)
	at org.apache.ratis.grpc.server.GrpcService.requestVote(GrpcService.java:204)
	at org.apache.ratis.server.impl.LeaderElection.lambda$submitRequests$1(LeaderElection.java:234)
	at java.util.concurrent.FutureTask.run(FutureTask.java:266)
	at java.util.concurrent.Executors$RunnableAdapter.call(Executors.java:511)
	at java.util.concurrent.FutureTask.run(FutureTask.java:266)
	at java.util.concurrent.ThreadPoolExecutor.runWorker(ThreadPoolExecutor.java:1149)
	at java.util.concurrent.ThreadPoolExecutor$Worker.run(ThreadPoolExecutor.java:624)
	... 1 more
Caused by: org.apache.ratis.thirdparty.io.netty.channel.AbstractChannel$AnnotatedConnectException: Connection refused: /192.168.69.118:39205
	at sun.nio.ch.SocketChannelImpl.checkConnect(Native Method)
	at sun.nio.ch.SocketChannelImpl.finishConnect(SocketChannelImpl.java:717)
	at org.apache.ratis.thirdparty.io.netty.channel.socket.nio.NioSocketChannel.doFinishConnect(NioSocketChannel.java:327)
	at org.apache.ratis.thirdparty.io.netty.channel.nio.AbstractNioChannel$AbstractNioUnsafe.finishConnect(AbstractNioChannel.java:340)
	at org.apache.ratis.thirdparty.io.netty.channel.nio.NioEventLoop.processSelectedKey(NioEventLoop.java:632)
	at org.apache.ratis.thirdparty.io.netty.channel.nio.NioEventLoop.processSelectedKeysOptimized(NioEventLoop.java:579)
	at org.apache.ratis.thirdparty.io.netty.channel.nio.NioEventLoop.processSelectedKeys(NioEventLoop.java:496)
	at org.apache.ratis.thirdparty.io.netty.channel.nio.NioEventLoop.run(NioEventLoop.java:458)
	at org.apache.ratis.thirdparty.io.netty.util.concurrent.SingleThreadEventExecutor$5.run(SingleThreadEventExecutor.java:897)
	at org.apache.ratis.thirdparty.io.netty.util.concurrent.FastThreadLocalRunnable.run(FastThreadLocalRunnable.java:30)
	... 1 more
Caused by: java.net.ConnectException: Connection refused
	... 11 more
2019-10-23 12:13:47,326 [grpc-default-executor-4] INFO  impl.RaftServerImpl (RaftServerImpl.java:setRole(184)) - 02863277-f564-4bc6-8337-fb22627f6f1a@group-24C785E9A0FC: changes role from  FOLLOWER to FOLLOWER at term 229 for recognizeCandidate:ad4d83c7-0f96-47bc-a4e8-7e5d9f844896
2019-10-23 12:13:47,326 [grpc-default-executor-4] INFO  impl.RoleInfo (RoleInfo.java:shutdownFollowerState(121)) - 02863277-f564-4bc6-8337-fb22627f6f1a: shutdown FollowerState
2019-10-23 12:13:47,326 [grpc-default-executor-4] INFO  impl.RoleInfo (RoleInfo.java:updateAndGet(143)) - 02863277-f564-4bc6-8337-fb22627f6f1a: start FollowerState
2019-10-23 12:13:47,326 [Thread-1947] INFO  impl.FollowerState (FollowerState.java:run(117)) - 02863277-f564-4bc6-8337-fb22627f6f1a@group-24C785E9A0FC-FollowerState was interrupted: java.lang.InterruptedException: sleep interrupted
2019-10-23 12:13:47,341 [ad4d83c7-0f96-47bc-a4e8-7e5d9f844896@group-24C785E9A0FC-LeaderElection230] INFO  impl.LeaderElection (LeaderElection.java:logAndReturn(56)) - ad4d83c7-0f96-47bc-a4e8-7e5d9f844896@group-24C785E9A0FC-LeaderElection230: Election REJECTED; received 1 response(s) [ad4d83c7-0f96-47bc-a4e8-7e5d9f844896<-02863277-f564-4bc6-8337-fb22627f6f1a#0:FAIL-t229] and 1 exception(s); ad4d83c7-0f96-47bc-a4e8-7e5d9f844896@group-24C785E9A0FC:t229, leader=null, voted=ad4d83c7-0f96-47bc-a4e8-7e5d9f844896, raftlog=ad4d83c7-0f96-47bc-a4e8-7e5d9f844896@group-24C785E9A0FC-SegmentedRaftLog:OPENED:c-1,f-1,i0, conf=-1: [3b749b59-de2a-419b-9a26-261692f5c83c:192.168.69.118:39205, ad4d83c7-0f96-47bc-a4e8-7e5d9f844896:192.168.69.118:41688, 02863277-f564-4bc6-8337-fb22627f6f1a:192.168.69.118:36850], old=null
2019-10-23 12:13:47,341 [ad4d83c7-0f96-47bc-a4e8-7e5d9f844896@group-24C785E9A0FC-LeaderElection230] INFO  impl.LeaderElection (LogUtils.java:infoOrTrace(149)) -   Exception 0: {}
java.util.concurrent.ExecutionException: org.apache.ratis.thirdparty.io.grpc.StatusRuntimeException: UNAVAILABLE: io exception
	at java.util.concurrent.FutureTask.report(FutureTask.java:122)
	at java.util.concurrent.FutureTask.get(FutureTask.java:192)
	at org.apache.ratis.server.impl.LeaderElection.waitForResults(LeaderElection.java:259)
	at org.apache.ratis.server.impl.LeaderElection.askForVotes(LeaderElection.java:197)
	at org.apache.ratis.server.impl.LeaderElection.run(LeaderElection.java:133)
	at java.lang.Thread.run(Thread.java:748)
Caused by: org.apache.ratis.thirdparty.io.grpc.StatusRuntimeException: UNAVAILABLE: io exception
	at org.apache.ratis.thirdparty.io.grpc.stub.ClientCalls.toStatusRuntimeException(ClientCalls.java:233)
	at org.apache.ratis.thirdparty.io.grpc.stub.ClientCalls.getUnchecked(ClientCalls.java:214)
	at org.apache.ratis.thirdparty.io.grpc.stub.ClientCalls.blockingUnaryCall(ClientCalls.java:139)
	at org.apache.ratis.proto.grpc.RaftServerProtocolServiceGrpc$RaftServerProtocolServiceBlockingStub.requestVote(RaftServerProtocolServiceGrpc.java:265)
	at org.apache.ratis.grpc.server.GrpcServerProtocolClient.requestVote(GrpcServerProtocolClient.java:99)
	at org.apache.ratis.grpc.server.GrpcService.requestVote(GrpcService.java:204)
	at org.apache.ratis.server.impl.LeaderElection.lambda$submitRequests$1(LeaderElection.java:234)
	at java.util.concurrent.FutureTask.run(FutureTask.java:266)
	at java.util.concurrent.Executors$RunnableAdapter.call(Executors.java:511)
	at java.util.concurrent.FutureTask.run(FutureTask.java:266)
	at java.util.concurrent.ThreadPoolExecutor.runWorker(ThreadPoolExecutor.java:1149)
	at java.util.concurrent.ThreadPoolExecutor$Worker.run(ThreadPoolExecutor.java:624)
	... 1 more
Caused by: org.apache.ratis.thirdparty.io.netty.channel.AbstractChannel$AnnotatedConnectException: Connection refused: /192.168.69.118:39205
	at sun.nio.ch.SocketChannelImpl.checkConnect(Native Method)
	at sun.nio.ch.SocketChannelImpl.finishConnect(SocketChannelImpl.java:717)
	at org.apache.ratis.thirdparty.io.netty.channel.socket.nio.NioSocketChannel.doFinishConnect(NioSocketChannel.java:327)
	at org.apache.ratis.thirdparty.io.netty.channel.nio.AbstractNioChannel$AbstractNioUnsafe.finishConnect(AbstractNioChannel.java:340)
	at org.apache.ratis.thirdparty.io.netty.channel.nio.NioEventLoop.processSelectedKey(NioEventLoop.java:632)
	at org.apache.ratis.thirdparty.io.netty.channel.nio.NioEventLoop.processSelectedKeysOptimized(NioEventLoop.java:579)
	at org.apache.ratis.thirdparty.io.netty.channel.nio.NioEventLoop.processSelectedKeys(NioEventLoop.java:496)
	at org.apache.ratis.thirdparty.io.netty.channel.nio.NioEventLoop.run(NioEventLoop.java:458)
	at org.apache.ratis.thirdparty.io.netty.util.concurrent.SingleThreadEventExecutor$5.run(SingleThreadEventExecutor.java:897)
	at org.apache.ratis.thirdparty.io.netty.util.concurrent.FastThreadLocalRunnable.run(FastThreadLocalRunnable.java:30)
	... 1 more
Caused by: java.net.ConnectException: Connection refused
	... 11 more
2019-10-23 12:13:47,341 [ad4d83c7-0f96-47bc-a4e8-7e5d9f844896@group-24C785E9A0FC-LeaderElection230] INFO  impl.RaftServerImpl (RaftServerImpl.java:setRole(184)) - ad4d83c7-0f96-47bc-a4e8-7e5d9f844896@group-24C785E9A0FC: changes role from CANDIDATE to FOLLOWER at term 229 for DISCOVERED_A_NEW_TERM
2019-10-23 12:13:47,341 [ad4d83c7-0f96-47bc-a4e8-7e5d9f844896@group-24C785E9A0FC-LeaderElection230] INFO  impl.RoleInfo (RoleInfo.java:shutdownLeaderElection(134)) - ad4d83c7-0f96-47bc-a4e8-7e5d9f844896: shutdown LeaderElection
2019-10-23 12:13:47,341 [ad4d83c7-0f96-47bc-a4e8-7e5d9f844896@group-24C785E9A0FC-LeaderElection230] INFO  impl.RoleInfo (RoleInfo.java:updateAndGet(143)) - ad4d83c7-0f96-47bc-a4e8-7e5d9f844896: start FollowerState
2019-10-23 12:13:47,381 [Thread-1902] INFO  impl.FollowerState (FollowerState.java:run(108)) - 4949cace-0585-430c-97a7-3db1e354cdac@group-55CA4A6792A0-FollowerState: change to CANDIDATE, lastRpcTime:1198ms, electionTimeout:1198ms
2019-10-23 12:13:47,382 [Thread-1902] INFO  impl.RoleInfo (RoleInfo.java:shutdownFollowerState(121)) - 4949cace-0585-430c-97a7-3db1e354cdac: shutdown FollowerState
2019-10-23 12:13:47,382 [Thread-1902] INFO  impl.RaftServerImpl (RaftServerImpl.java:setRole(184)) - 4949cace-0585-430c-97a7-3db1e354cdac@group-55CA4A6792A0: changes role from  FOLLOWER to CANDIDATE at term 11 for changeToCandidate
2019-10-23 12:13:47,382 [Thread-1902] INFO  impl.RoleInfo (RoleInfo.java:updateAndGet(143)) - 4949cace-0585-430c-97a7-3db1e354cdac: start LeaderElection
2019-10-23 12:13:47,395 [4949cace-0585-430c-97a7-3db1e354cdac@group-55CA4A6792A0-LeaderElection231] INFO  impl.LeaderElection (LeaderElection.java:askForVotes(178)) - 4949cace-0585-430c-97a7-3db1e354cdac@group-55CA4A6792A0-LeaderElection231: begin an election at term 12 for 0: [736d60a2-feff-478b-9de2-63399c9845c9:192.168.69.118:36235, d21719ef-fad3-4f0e-b494-842eeedea460:192.168.69.118:45836, 4949cace-0585-430c-97a7-3db1e354cdac:192.168.69.118:33911], old=null
2019-10-23 12:13:47,396 [4949cace-0585-430c-97a7-3db1e354cdac@group-55CA4A6792A0-LeaderElection231] INFO  impl.LeaderElection (LogUtils.java:infoOrTrace(149)) - 4949cace-0585-430c-97a7-3db1e354cdac@group-55CA4A6792A0-LeaderElection231 got exception when requesting votes: {}
java.util.concurrent.ExecutionException: org.apache.ratis.thirdparty.io.grpc.StatusRuntimeException: UNAVAILABLE: io exception
	at java.util.concurrent.FutureTask.report(FutureTask.java:122)
	at java.util.concurrent.FutureTask.get(FutureTask.java:192)
	at org.apache.ratis.server.impl.LeaderElection.waitForResults(LeaderElection.java:259)
	at org.apache.ratis.server.impl.LeaderElection.askForVotes(LeaderElection.java:197)
	at org.apache.ratis.server.impl.LeaderElection.run(LeaderElection.java:133)
	at java.lang.Thread.run(Thread.java:748)
Caused by: org.apache.ratis.thirdparty.io.grpc.StatusRuntimeException: UNAVAILABLE: io exception
	at org.apache.ratis.thirdparty.io.grpc.stub.ClientCalls.toStatusRuntimeException(ClientCalls.java:233)
	at org.apache.ratis.thirdparty.io.grpc.stub.ClientCalls.getUnchecked(ClientCalls.java:214)
	at org.apache.ratis.thirdparty.io.grpc.stub.ClientCalls.blockingUnaryCall(ClientCalls.java:139)
	at org.apache.ratis.proto.grpc.RaftServerProtocolServiceGrpc$RaftServerProtocolServiceBlockingStub.requestVote(RaftServerProtocolServiceGrpc.java:265)
	at org.apache.ratis.grpc.server.GrpcServerProtocolClient.requestVote(GrpcServerProtocolClient.java:99)
	at org.apache.ratis.grpc.server.GrpcService.requestVote(GrpcService.java:204)
	at org.apache.ratis.server.impl.LeaderElection.lambda$submitRequests$1(LeaderElection.java:234)
	at java.util.concurrent.FutureTask.run(FutureTask.java:266)
	at java.util.concurrent.Executors$RunnableAdapter.call(Executors.java:511)
	at java.util.concurrent.FutureTask.run(FutureTask.java:266)
	at java.util.concurrent.ThreadPoolExecutor.runWorker(ThreadPoolExecutor.java:1149)
	at java.util.concurrent.ThreadPoolExecutor$Worker.run(ThreadPoolExecutor.java:624)
	... 1 more
Caused by: org.apache.ratis.thirdparty.io.netty.channel.AbstractChannel$AnnotatedConnectException: Connection refused: /192.168.69.118:36235
	at sun.nio.ch.SocketChannelImpl.checkConnect(Native Method)
	at sun.nio.ch.SocketChannelImpl.finishConnect(SocketChannelImpl.java:717)
	at org.apache.ratis.thirdparty.io.netty.channel.socket.nio.NioSocketChannel.doFinishConnect(NioSocketChannel.java:327)
	at org.apache.ratis.thirdparty.io.netty.channel.nio.AbstractNioChannel$AbstractNioUnsafe.finishConnect(AbstractNioChannel.java:340)
	at org.apache.ratis.thirdparty.io.netty.channel.nio.NioEventLoop.processSelectedKey(NioEventLoop.java:632)
	at org.apache.ratis.thirdparty.io.netty.channel.nio.NioEventLoop.processSelectedKeysOptimized(NioEventLoop.java:579)
	at org.apache.ratis.thirdparty.io.netty.channel.nio.NioEventLoop.processSelectedKeys(NioEventLoop.java:496)
	at org.apache.ratis.thirdparty.io.netty.channel.nio.NioEventLoop.run(NioEventLoop.java:458)
	at org.apache.ratis.thirdparty.io.netty.util.concurrent.SingleThreadEventExecutor$5.run(SingleThreadEventExecutor.java:897)
	at org.apache.ratis.thirdparty.io.netty.util.concurrent.FastThreadLocalRunnable.run(FastThreadLocalRunnable.java:30)
	... 1 more
Caused by: java.net.ConnectException: Connection refused
	... 11 more
2019-10-23 12:13:47,397 [4949cace-0585-430c-97a7-3db1e354cdac@group-55CA4A6792A0-LeaderElection231] INFO  impl.LeaderElection (LogUtils.java:infoOrTrace(149)) - 4949cace-0585-430c-97a7-3db1e354cdac@group-55CA4A6792A0-LeaderElection231 got exception when requesting votes: {}
java.util.concurrent.ExecutionException: org.apache.ratis.thirdparty.io.grpc.StatusRuntimeException: UNAVAILABLE: io exception
	at java.util.concurrent.FutureTask.report(FutureTask.java:122)
	at java.util.concurrent.FutureTask.get(FutureTask.java:192)
	at org.apache.ratis.server.impl.LeaderElection.waitForResults(LeaderElection.java:259)
	at org.apache.ratis.server.impl.LeaderElection.askForVotes(LeaderElection.java:197)
	at org.apache.ratis.server.impl.LeaderElection.run(LeaderElection.java:133)
	at java.lang.Thread.run(Thread.java:748)
Caused by: org.apache.ratis.thirdparty.io.grpc.StatusRuntimeException: UNAVAILABLE: io exception
	at org.apache.ratis.thirdparty.io.grpc.stub.ClientCalls.toStatusRuntimeException(ClientCalls.java:233)
	at org.apache.ratis.thirdparty.io.grpc.stub.ClientCalls.getUnchecked(ClientCalls.java:214)
	at org.apache.ratis.thirdparty.io.grpc.stub.ClientCalls.blockingUnaryCall(ClientCalls.java:139)
	at org.apache.ratis.proto.grpc.RaftServerProtocolServiceGrpc$RaftServerProtocolServiceBlockingStub.requestVote(RaftServerProtocolServiceGrpc.java:265)
	at org.apache.ratis.grpc.server.GrpcServerProtocolClient.requestVote(GrpcServerProtocolClient.java:99)
	at org.apache.ratis.grpc.server.GrpcService.requestVote(GrpcService.java:204)
	at org.apache.ratis.server.impl.LeaderElection.lambda$submitRequests$1(LeaderElection.java:234)
	at java.util.concurrent.FutureTask.run(FutureTask.java:266)
	at java.util.concurrent.Executors$RunnableAdapter.call(Executors.java:511)
	at java.util.concurrent.FutureTask.run(FutureTask.java:266)
	at java.util.concurrent.ThreadPoolExecutor.runWorker(ThreadPoolExecutor.java:1149)
	at java.util.concurrent.ThreadPoolExecutor$Worker.run(ThreadPoolExecutor.java:624)
	... 1 more
Caused by: org.apache.ratis.thirdparty.io.netty.channel.AbstractChannel$AnnotatedConnectException: Connection refused: /192.168.69.118:45836
	at sun.nio.ch.SocketChannelImpl.checkConnect(Native Method)
	at sun.nio.ch.SocketChannelImpl.finishConnect(SocketChannelImpl.java:717)
	at org.apache.ratis.thirdparty.io.netty.channel.socket.nio.NioSocketChannel.doFinishConnect(NioSocketChannel.java:327)
	at org.apache.ratis.thirdparty.io.netty.channel.nio.AbstractNioChannel$AbstractNioUnsafe.finishConnect(AbstractNioChannel.java:340)
	at org.apache.ratis.thirdparty.io.netty.channel.nio.NioEventLoop.processSelectedKey(NioEventLoop.java:632)
	at org.apache.ratis.thirdparty.io.netty.channel.nio.NioEventLoop.processSelectedKeysOptimized(NioEventLoop.java:579)
	at org.apache.ratis.thirdparty.io.netty.channel.nio.NioEventLoop.processSelectedKeys(NioEventLoop.java:496)
	at org.apache.ratis.thirdparty.io.netty.channel.nio.NioEventLoop.run(NioEventLoop.java:458)
	at org.apache.ratis.thirdparty.io.netty.util.concurrent.SingleThreadEventExecutor$5.run(SingleThreadEventExecutor.java:897)
	at org.apache.ratis.thirdparty.io.netty.util.concurrent.FastThreadLocalRunnable.run(FastThreadLocalRunnable.java:30)
	... 1 more
Caused by: java.net.ConnectException: Connection refused
	... 11 more
2019-10-23 12:13:47,397 [4949cace-0585-430c-97a7-3db1e354cdac@group-55CA4A6792A0-LeaderElection231] INFO  impl.LeaderElection (LeaderElection.java:logAndReturn(56)) - 4949cace-0585-430c-97a7-3db1e354cdac@group-55CA4A6792A0-LeaderElection231: Election REJECTED; received 0 response(s) [] and 2 exception(s); 4949cace-0585-430c-97a7-3db1e354cdac@group-55CA4A6792A0:t12, leader=null, voted=4949cace-0585-430c-97a7-3db1e354cdac, raftlog=4949cace-0585-430c-97a7-3db1e354cdac@group-55CA4A6792A0-SegmentedRaftLog:OPENED:c15,f15,i15, conf=0: [736d60a2-feff-478b-9de2-63399c9845c9:192.168.69.118:36235, d21719ef-fad3-4f0e-b494-842eeedea460:192.168.69.118:45836, 4949cace-0585-430c-97a7-3db1e354cdac:192.168.69.118:33911], old=null
2019-10-23 12:13:47,397 [4949cace-0585-430c-97a7-3db1e354cdac@group-55CA4A6792A0-LeaderElection231] INFO  impl.LeaderElection (LogUtils.java:infoOrTrace(149)) -   Exception 0: {}
java.util.concurrent.ExecutionException: org.apache.ratis.thirdparty.io.grpc.StatusRuntimeException: UNAVAILABLE: io exception
	at java.util.concurrent.FutureTask.report(FutureTask.java:122)
	at java.util.concurrent.FutureTask.get(FutureTask.java:192)
	at org.apache.ratis.server.impl.LeaderElection.waitForResults(LeaderElection.java:259)
	at org.apache.ratis.server.impl.LeaderElection.askForVotes(LeaderElection.java:197)
	at org.apache.ratis.server.impl.LeaderElection.run(LeaderElection.java:133)
	at java.lang.Thread.run(Thread.java:748)
Caused by: org.apache.ratis.thirdparty.io.grpc.StatusRuntimeException: UNAVAILABLE: io exception
	at org.apache.ratis.thirdparty.io.grpc.stub.ClientCalls.toStatusRuntimeException(ClientCalls.java:233)
	at org.apache.ratis.thirdparty.io.grpc.stub.ClientCalls.getUnchecked(ClientCalls.java:214)
	at org.apache.ratis.thirdparty.io.grpc.stub.ClientCalls.blockingUnaryCall(ClientCalls.java:139)
	at org.apache.ratis.proto.grpc.RaftServerProtocolServiceGrpc$RaftServerProtocolServiceBlockingStub.requestVote(RaftServerProtocolServiceGrpc.java:265)
	at org.apache.ratis.grpc.server.GrpcServerProtocolClient.requestVote(GrpcServerProtocolClient.java:99)
	at org.apache.ratis.grpc.server.GrpcService.requestVote(GrpcService.java:204)
	at org.apache.ratis.server.impl.LeaderElection.lambda$submitRequests$1(LeaderElection.java:234)
	at java.util.concurrent.FutureTask.run(FutureTask.java:266)
	at java.util.concurrent.Executors$RunnableAdapter.call(Executors.java:511)
	at java.util.concurrent.FutureTask.run(FutureTask.java:266)
	at java.util.concurrent.ThreadPoolExecutor.runWorker(ThreadPoolExecutor.java:1149)
	at java.util.concurrent.ThreadPoolExecutor$Worker.run(ThreadPoolExecutor.java:624)
	... 1 more
Caused by: org.apache.ratis.thirdparty.io.netty.channel.AbstractChannel$AnnotatedConnectException: Connection refused: /192.168.69.118:36235
	at sun.nio.ch.SocketChannelImpl.checkConnect(Native Method)
	at sun.nio.ch.SocketChannelImpl.finishConnect(SocketChannelImpl.java:717)
	at org.apache.ratis.thirdparty.io.netty.channel.socket.nio.NioSocketChannel.doFinishConnect(NioSocketChannel.java:327)
	at org.apache.ratis.thirdparty.io.netty.channel.nio.AbstractNioChannel$AbstractNioUnsafe.finishConnect(AbstractNioChannel.java:340)
	at org.apache.ratis.thirdparty.io.netty.channel.nio.NioEventLoop.processSelectedKey(NioEventLoop.java:632)
	at org.apache.ratis.thirdparty.io.netty.channel.nio.NioEventLoop.processSelectedKeysOptimized(NioEventLoop.java:579)
	at org.apache.ratis.thirdparty.io.netty.channel.nio.NioEventLoop.processSelectedKeys(NioEventLoop.java:496)
	at org.apache.ratis.thirdparty.io.netty.channel.nio.NioEventLoop.run(NioEventLoop.java:458)
	at org.apache.ratis.thirdparty.io.netty.util.concurrent.SingleThreadEventExecutor$5.run(SingleThreadEventExecutor.java:897)
	at org.apache.ratis.thirdparty.io.netty.util.concurrent.FastThreadLocalRunnable.run(FastThreadLocalRunnable.java:30)
	... 1 more
Caused by: java.net.ConnectException: Connection refused
	... 11 more
2019-10-23 12:13:47,397 [4949cace-0585-430c-97a7-3db1e354cdac@group-55CA4A6792A0-LeaderElection231] INFO  impl.LeaderElection (LogUtils.java:infoOrTrace(149)) -   Exception 1: {}
java.util.concurrent.ExecutionException: org.apache.ratis.thirdparty.io.grpc.StatusRuntimeException: UNAVAILABLE: io exception
	at java.util.concurrent.FutureTask.report(FutureTask.java:122)
	at java.util.concurrent.FutureTask.get(FutureTask.java:192)
	at org.apache.ratis.server.impl.LeaderElection.waitForResults(LeaderElection.java:259)
	at org.apache.ratis.server.impl.LeaderElection.askForVotes(LeaderElection.java:197)
	at org.apache.ratis.server.impl.LeaderElection.run(LeaderElection.java:133)
	at java.lang.Thread.run(Thread.java:748)
Caused by: org.apache.ratis.thirdparty.io.grpc.StatusRuntimeException: UNAVAILABLE: io exception
	at org.apache.ratis.thirdparty.io.grpc.stub.ClientCalls.toStatusRuntimeException(ClientCalls.java:233)
	at org.apache.ratis.thirdparty.io.grpc.stub.ClientCalls.getUnchecked(ClientCalls.java:214)
	at org.apache.ratis.thirdparty.io.grpc.stub.ClientCalls.blockingUnaryCall(ClientCalls.java:139)
	at org.apache.ratis.proto.grpc.RaftServerProtocolServiceGrpc$RaftServerProtocolServiceBlockingStub.requestVote(RaftServerProtocolServiceGrpc.java:265)
	at org.apache.ratis.grpc.server.GrpcServerProtocolClient.requestVote(GrpcServerProtocolClient.java:99)
	at org.apache.ratis.grpc.server.GrpcService.requestVote(GrpcService.java:204)
	at org.apache.ratis.server.impl.LeaderElection.lambda$submitRequests$1(LeaderElection.java:234)
	at java.util.concurrent.FutureTask.run(FutureTask.java:266)
	at java.util.concurrent.Executors$RunnableAdapter.call(Executors.java:511)
	at java.util.concurrent.FutureTask.run(FutureTask.java:266)
	at java.util.concurrent.ThreadPoolExecutor.runWorker(ThreadPoolExecutor.java:1149)
	at java.util.concurrent.ThreadPoolExecutor$Worker.run(ThreadPoolExecutor.java:624)
	... 1 more
Caused by: org.apache.ratis.thirdparty.io.netty.channel.AbstractChannel$AnnotatedConnectException: Connection refused: /192.168.69.118:45836
	at sun.nio.ch.SocketChannelImpl.checkConnect(Native Method)
	at sun.nio.ch.SocketChannelImpl.finishConnect(SocketChannelImpl.java:717)
	at org.apache.ratis.thirdparty.io.netty.channel.socket.nio.NioSocketChannel.doFinishConnect(NioSocketChannel.java:327)
	at org.apache.ratis.thirdparty.io.netty.channel.nio.AbstractNioChannel$AbstractNioUnsafe.finishConnect(AbstractNioChannel.java:340)
	at org.apache.ratis.thirdparty.io.netty.channel.nio.NioEventLoop.processSelectedKey(NioEventLoop.java:632)
	at org.apache.ratis.thirdparty.io.netty.channel.nio.NioEventLoop.processSelectedKeysOptimized(NioEventLoop.java:579)
	at org.apache.ratis.thirdparty.io.netty.channel.nio.NioEventLoop.processSelectedKeys(NioEventLoop.java:496)
	at org.apache.ratis.thirdparty.io.netty.channel.nio.NioEventLoop.run(NioEventLoop.java:458)
	at org.apache.ratis.thirdparty.io.netty.util.concurrent.SingleThreadEventExecutor$5.run(SingleThreadEventExecutor.java:897)
	at org.apache.ratis.thirdparty.io.netty.util.concurrent.FastThreadLocalRunnable.run(FastThreadLocalRunnable.java:30)
	... 1 more
Caused by: java.net.ConnectException: Connection refused
	... 11 more
2019-10-23 12:13:47,398 [4949cace-0585-430c-97a7-3db1e354cdac@group-55CA4A6792A0-LeaderElection231] INFO  impl.RaftServerImpl (RaftServerImpl.java:setRole(184)) - 4949cace-0585-430c-97a7-3db1e354cdac@group-55CA4A6792A0: changes role from CANDIDATE to FOLLOWER at term 12 for DISCOVERED_A_NEW_TERM
2019-10-23 12:13:47,398 [4949cace-0585-430c-97a7-3db1e354cdac@group-55CA4A6792A0-LeaderElection231] INFO  impl.RoleInfo (RoleInfo.java:shutdownLeaderElection(134)) - 4949cace-0585-430c-97a7-3db1e354cdac: shutdown LeaderElection
2019-10-23 12:13:47,398 [4949cace-0585-430c-97a7-3db1e354cdac@group-55CA4A6792A0-LeaderElection231] INFO  impl.RoleInfo (RoleInfo.java:updateAndGet(143)) - 4949cace-0585-430c-97a7-3db1e354cdac: start FollowerState
2019-10-23 12:13:47,435 [Thread-1953] INFO  impl.FollowerState (FollowerState.java:run(108)) - ad4d83c7-0f96-47bc-a4e8-7e5d9f844896@group-24C785E9A0FC-FollowerState: change to CANDIDATE, lastRpcTime:93ms, electionTimeout:93ms
2019-10-23 12:13:47,435 [Thread-1953] INFO  impl.RoleInfo (RoleInfo.java:shutdownFollowerState(121)) - ad4d83c7-0f96-47bc-a4e8-7e5d9f844896: shutdown FollowerState
2019-10-23 12:13:47,435 [Thread-1953] INFO  impl.RaftServerImpl (RaftServerImpl.java:setRole(184)) - ad4d83c7-0f96-47bc-a4e8-7e5d9f844896@group-24C785E9A0FC: changes role from  FOLLOWER to CANDIDATE at term 229 for changeToCandidate
2019-10-23 12:13:47,435 [Thread-1953] INFO  impl.RoleInfo (RoleInfo.java:updateAndGet(143)) - ad4d83c7-0f96-47bc-a4e8-7e5d9f844896: start LeaderElection
2019-10-23 12:13:47,442 [ad4d83c7-0f96-47bc-a4e8-7e5d9f844896@group-24C785E9A0FC-LeaderElection232] INFO  impl.LeaderElection (LeaderElection.java:askForVotes(178)) - ad4d83c7-0f96-47bc-a4e8-7e5d9f844896@group-24C785E9A0FC-LeaderElection232: begin an election at term 230 for -1: [3b749b59-de2a-419b-9a26-261692f5c83c:192.168.69.118:39205, ad4d83c7-0f96-47bc-a4e8-7e5d9f844896:192.168.69.118:41688, 02863277-f564-4bc6-8337-fb22627f6f1a:192.168.69.118:36850], old=null
2019-10-23 12:13:47,443 [ad4d83c7-0f96-47bc-a4e8-7e5d9f844896@group-24C785E9A0FC-LeaderElection232] INFO  impl.LeaderElection (LogUtils.java:infoOrTrace(149)) - ad4d83c7-0f96-47bc-a4e8-7e5d9f844896@group-24C785E9A0FC-LeaderElection232 got exception when requesting votes: {}
java.util.concurrent.ExecutionException: org.apache.ratis.thirdparty.io.grpc.StatusRuntimeException: UNAVAILABLE: io exception
	at java.util.concurrent.FutureTask.report(FutureTask.java:122)
	at java.util.concurrent.FutureTask.get(FutureTask.java:192)
	at org.apache.ratis.server.impl.LeaderElection.waitForResults(LeaderElection.java:259)
	at org.apache.ratis.server.impl.LeaderElection.askForVotes(LeaderElection.java:197)
	at org.apache.ratis.server.impl.LeaderElection.run(LeaderElection.java:133)
	at java.lang.Thread.run(Thread.java:748)
Caused by: org.apache.ratis.thirdparty.io.grpc.StatusRuntimeException: UNAVAILABLE: io exception
	at org.apache.ratis.thirdparty.io.grpc.stub.ClientCalls.toStatusRuntimeException(ClientCalls.java:233)
	at org.apache.ratis.thirdparty.io.grpc.stub.ClientCalls.getUnchecked(ClientCalls.java:214)
	at org.apache.ratis.thirdparty.io.grpc.stub.ClientCalls.blockingUnaryCall(ClientCalls.java:139)
	at org.apache.ratis.proto.grpc.RaftServerProtocolServiceGrpc$RaftServerProtocolServiceBlockingStub.requestVote(RaftServerProtocolServiceGrpc.java:265)
	at org.apache.ratis.grpc.server.GrpcServerProtocolClient.requestVote(GrpcServerProtocolClient.java:99)
	at org.apache.ratis.grpc.server.GrpcService.requestVote(GrpcService.java:204)
	at org.apache.ratis.server.impl.LeaderElection.lambda$submitRequests$1(LeaderElection.java:234)
	at java.util.concurrent.FutureTask.run(FutureTask.java:266)
	at java.util.concurrent.Executors$RunnableAdapter.call(Executors.java:511)
	at java.util.concurrent.FutureTask.run(FutureTask.java:266)
	at java.util.concurrent.ThreadPoolExecutor.runWorker(ThreadPoolExecutor.java:1149)
	at java.util.concurrent.ThreadPoolExecutor$Worker.run(ThreadPoolExecutor.java:624)
	... 1 more
Caused by: org.apache.ratis.thirdparty.io.netty.channel.AbstractChannel$AnnotatedConnectException: Connection refused: /192.168.69.118:39205
	at sun.nio.ch.SocketChannelImpl.checkConnect(Native Method)
	at sun.nio.ch.SocketChannelImpl.finishConnect(SocketChannelImpl.java:717)
	at org.apache.ratis.thirdparty.io.netty.channel.socket.nio.NioSocketChannel.doFinishConnect(NioSocketChannel.java:327)
	at org.apache.ratis.thirdparty.io.netty.channel.nio.AbstractNioChannel$AbstractNioUnsafe.finishConnect(AbstractNioChannel.java:340)
	at org.apache.ratis.thirdparty.io.netty.channel.nio.NioEventLoop.processSelectedKey(NioEventLoop.java:632)
	at org.apache.ratis.thirdparty.io.netty.channel.nio.NioEventLoop.processSelectedKeysOptimized(NioEventLoop.java:579)
	at org.apache.ratis.thirdparty.io.netty.channel.nio.NioEventLoop.processSelectedKeys(NioEventLoop.java:496)
	at org.apache.ratis.thirdparty.io.netty.channel.nio.NioEventLoop.run(NioEventLoop.java:458)
	at org.apache.ratis.thirdparty.io.netty.util.concurrent.SingleThreadEventExecutor$5.run(SingleThreadEventExecutor.java:897)
	at org.apache.ratis.thirdparty.io.netty.util.concurrent.FastThreadLocalRunnable.run(FastThreadLocalRunnable.java:30)
	... 1 more
Caused by: java.net.ConnectException: Connection refused
	... 11 more
2019-10-23 12:13:47,444 [grpc-default-executor-4] INFO  impl.RaftServerImpl (RaftServerImpl.java:setRole(184)) - 02863277-f564-4bc6-8337-fb22627f6f1a@group-24C785E9A0FC: changes role from  FOLLOWER to FOLLOWER at term 230 for recognizeCandidate:ad4d83c7-0f96-47bc-a4e8-7e5d9f844896
2019-10-23 12:13:47,444 [grpc-default-executor-4] INFO  impl.RoleInfo (RoleInfo.java:shutdownFollowerState(121)) - 02863277-f564-4bc6-8337-fb22627f6f1a: shutdown FollowerState
2019-10-23 12:13:47,444 [grpc-default-executor-4] INFO  impl.RoleInfo (RoleInfo.java:updateAndGet(143)) - 02863277-f564-4bc6-8337-fb22627f6f1a: start FollowerState
2019-10-23 12:13:47,444 [Thread-1952] INFO  impl.FollowerState (FollowerState.java:run(117)) - 02863277-f564-4bc6-8337-fb22627f6f1a@group-24C785E9A0FC-FollowerState was interrupted: java.lang.InterruptedException: sleep interrupted
2019-10-23 12:13:47,458 [ad4d83c7-0f96-47bc-a4e8-7e5d9f844896@group-24C785E9A0FC-LeaderElection232] INFO  impl.LeaderElection (LeaderElection.java:logAndReturn(56)) - ad4d83c7-0f96-47bc-a4e8-7e5d9f844896@group-24C785E9A0FC-LeaderElection232: Election REJECTED; received 1 response(s) [ad4d83c7-0f96-47bc-a4e8-7e5d9f844896<-02863277-f564-4bc6-8337-fb22627f6f1a#0:FAIL-t230] and 1 exception(s); ad4d83c7-0f96-47bc-a4e8-7e5d9f844896@group-24C785E9A0FC:t230, leader=null, voted=ad4d83c7-0f96-47bc-a4e8-7e5d9f844896, raftlog=ad4d83c7-0f96-47bc-a4e8-7e5d9f844896@group-24C785E9A0FC-SegmentedRaftLog:OPENED:c-1,f-1,i0, conf=-1: [3b749b59-de2a-419b-9a26-261692f5c83c:192.168.69.118:39205, ad4d83c7-0f96-47bc-a4e8-7e5d9f844896:192.168.69.118:41688, 02863277-f564-4bc6-8337-fb22627f6f1a:192.168.69.118:36850], old=null
2019-10-23 12:13:47,458 [ad4d83c7-0f96-47bc-a4e8-7e5d9f844896@group-24C785E9A0FC-LeaderElection232] INFO  impl.LeaderElection (LogUtils.java:infoOrTrace(149)) -   Exception 0: {}
java.util.concurrent.ExecutionException: org.apache.ratis.thirdparty.io.grpc.StatusRuntimeException: UNAVAILABLE: io exception
	at java.util.concurrent.FutureTask.report(FutureTask.java:122)
	at java.util.concurrent.FutureTask.get(FutureTask.java:192)
	at org.apache.ratis.server.impl.LeaderElection.waitForResults(LeaderElection.java:259)
	at org.apache.ratis.server.impl.LeaderElection.askForVotes(LeaderElection.java:197)
	at org.apache.ratis.server.impl.LeaderElection.run(LeaderElection.java:133)
	at java.lang.Thread.run(Thread.java:748)
Caused by: org.apache.ratis.thirdparty.io.grpc.StatusRuntimeException: UNAVAILABLE: io exception
	at org.apache.ratis.thirdparty.io.grpc.stub.ClientCalls.toStatusRuntimeException(ClientCalls.java:233)
	at org.apache.ratis.thirdparty.io.grpc.stub.ClientCalls.getUnchecked(ClientCalls.java:214)
	at org.apache.ratis.thirdparty.io.grpc.stub.ClientCalls.blockingUnaryCall(ClientCalls.java:139)
	at org.apache.ratis.proto.grpc.RaftServerProtocolServiceGrpc$RaftServerProtocolServiceBlockingStub.requestVote(RaftServerProtocolServiceGrpc.java:265)
	at org.apache.ratis.grpc.server.GrpcServerProtocolClient.requestVote(GrpcServerProtocolClient.java:99)
	at org.apache.ratis.grpc.server.GrpcService.requestVote(GrpcService.java:204)
	at org.apache.ratis.server.impl.LeaderElection.lambda$submitRequests$1(LeaderElection.java:234)
	at java.util.concurrent.FutureTask.run(FutureTask.java:266)
	at java.util.concurrent.Executors$RunnableAdapter.call(Executors.java:511)
	at java.util.concurrent.FutureTask.run(FutureTask.java:266)
	at java.util.concurrent.ThreadPoolExecutor.runWorker(ThreadPoolExecutor.java:1149)
	at java.util.concurrent.ThreadPoolExecutor$Worker.run(ThreadPoolExecutor.java:624)
	... 1 more
Caused by: org.apache.ratis.thirdparty.io.netty.channel.AbstractChannel$AnnotatedConnectException: Connection refused: /192.168.69.118:39205
	at sun.nio.ch.SocketChannelImpl.checkConnect(Native Method)
	at sun.nio.ch.SocketChannelImpl.finishConnect(SocketChannelImpl.java:717)
	at org.apache.ratis.thirdparty.io.netty.channel.socket.nio.NioSocketChannel.doFinishConnect(NioSocketChannel.java:327)
	at org.apache.ratis.thirdparty.io.netty.channel.nio.AbstractNioChannel$AbstractNioUnsafe.finishConnect(AbstractNioChannel.java:340)
	at org.apache.ratis.thirdparty.io.netty.channel.nio.NioEventLoop.processSelectedKey(NioEventLoop.java:632)
	at org.apache.ratis.thirdparty.io.netty.channel.nio.NioEventLoop.processSelectedKeysOptimized(NioEventLoop.java:579)
	at org.apache.ratis.thirdparty.io.netty.channel.nio.NioEventLoop.processSelectedKeys(NioEventLoop.java:496)
	at org.apache.ratis.thirdparty.io.netty.channel.nio.NioEventLoop.run(NioEventLoop.java:458)
	at org.apache.ratis.thirdparty.io.netty.util.concurrent.SingleThreadEventExecutor$5.run(SingleThreadEventExecutor.java:897)
	at org.apache.ratis.thirdparty.io.netty.util.concurrent.FastThreadLocalRunnable.run(FastThreadLocalRunnable.java:30)
	... 1 more
Caused by: java.net.ConnectException: Connection refused
	... 11 more
2019-10-23 12:13:47,458 [ad4d83c7-0f96-47bc-a4e8-7e5d9f844896@group-24C785E9A0FC-LeaderElection232] INFO  impl.RaftServerImpl (RaftServerImpl.java:setRole(184)) - ad4d83c7-0f96-47bc-a4e8-7e5d9f844896@group-24C785E9A0FC: changes role from CANDIDATE to FOLLOWER at term 230 for DISCOVERED_A_NEW_TERM
2019-10-23 12:13:47,458 [ad4d83c7-0f96-47bc-a4e8-7e5d9f844896@group-24C785E9A0FC-LeaderElection232] INFO  impl.RoleInfo (RoleInfo.java:shutdownLeaderElection(134)) - ad4d83c7-0f96-47bc-a4e8-7e5d9f844896: shutdown LeaderElection
2019-10-23 12:13:47,458 [ad4d83c7-0f96-47bc-a4e8-7e5d9f844896@group-24C785E9A0FC-LeaderElection232] INFO  impl.RoleInfo (RoleInfo.java:updateAndGet(143)) - ad4d83c7-0f96-47bc-a4e8-7e5d9f844896: start FollowerState
2019-10-23 12:13:47,579 [java.util.concurrent.ThreadPoolExecutor$Worker@d45e495[State = -1, empty queue]] WARN  server.GrpcLogAppender (GrpcLogAppender.java:timeoutAppendRequest(209)) - 787770cd-56b0-4d21-897f-e9f49f0f8295@group-0F120BA276DC->7b74cae2-68bb-403f-9342-7e82e321628a-GrpcLogAppender: appendEntries Timeout, request=787770cd-56b0-4d21-897f-e9f49f0f8295->7b74cae2-68bb-403f-9342-7e82e321628a#57-t2, previous=(t:2, i:4), leaderCommit=4, initializing? false, entries: <empty>
2019-10-23 12:13:47,580 [java.util.concurrent.ThreadPoolExecutor$Worker@5376dd6[State = -1, empty queue]] WARN  server.GrpcLogAppender (GrpcLogAppender.java:timeoutAppendRequest(209)) - 787770cd-56b0-4d21-897f-e9f49f0f8295@group-0F120BA276DC->1d5d0298-6e55-4fca-8e63-ae12c20f52e9-GrpcLogAppender: appendEntries Timeout, request=787770cd-56b0-4d21-897f-e9f49f0f8295->1d5d0298-6e55-4fca-8e63-ae12c20f52e9#57-t2, previous=(t:2, i:4), leaderCommit=4, initializing? false, entries: <empty>
2019-10-23 12:13:47,619 [Thread-1962] INFO  impl.FollowerState (FollowerState.java:run(108)) - ad4d83c7-0f96-47bc-a4e8-7e5d9f844896@group-24C785E9A0FC-FollowerState: change to CANDIDATE, lastRpcTime:160ms, electionTimeout:160ms
2019-10-23 12:13:47,619 [Thread-1962] INFO  impl.RoleInfo (RoleInfo.java:shutdownFollowerState(121)) - ad4d83c7-0f96-47bc-a4e8-7e5d9f844896: shutdown FollowerState
2019-10-23 12:13:47,619 [Thread-1962] INFO  impl.RaftServerImpl (RaftServerImpl.java:setRole(184)) - ad4d83c7-0f96-47bc-a4e8-7e5d9f844896@group-24C785E9A0FC: changes role from  FOLLOWER to CANDIDATE at term 230 for changeToCandidate
2019-10-23 12:13:47,619 [Thread-1962] INFO  impl.RoleInfo (RoleInfo.java:updateAndGet(143)) - ad4d83c7-0f96-47bc-a4e8-7e5d9f844896: start LeaderElection
2019-10-23 12:13:47,633 [ad4d83c7-0f96-47bc-a4e8-7e5d9f844896@group-24C785E9A0FC-LeaderElection233] INFO  impl.LeaderElection (LeaderElection.java:askForVotes(178)) - ad4d83c7-0f96-47bc-a4e8-7e5d9f844896@group-24C785E9A0FC-LeaderElection233: begin an election at term 231 for -1: [3b749b59-de2a-419b-9a26-261692f5c83c:192.168.69.118:39205, ad4d83c7-0f96-47bc-a4e8-7e5d9f844896:192.168.69.118:41688, 02863277-f564-4bc6-8337-fb22627f6f1a:192.168.69.118:36850], old=null
2019-10-23 12:13:47,634 [ad4d83c7-0f96-47bc-a4e8-7e5d9f844896@group-24C785E9A0FC-LeaderElection233] INFO  impl.LeaderElection (LogUtils.java:infoOrTrace(149)) - ad4d83c7-0f96-47bc-a4e8-7e5d9f844896@group-24C785E9A0FC-LeaderElection233 got exception when requesting votes: {}
java.util.concurrent.ExecutionException: org.apache.ratis.thirdparty.io.grpc.StatusRuntimeException: UNAVAILABLE: io exception
	at java.util.concurrent.FutureTask.report(FutureTask.java:122)
	at java.util.concurrent.FutureTask.get(FutureTask.java:192)
	at org.apache.ratis.server.impl.LeaderElection.waitForResults(LeaderElection.java:259)
	at org.apache.ratis.server.impl.LeaderElection.askForVotes(LeaderElection.java:197)
	at org.apache.ratis.server.impl.LeaderElection.run(LeaderElection.java:133)
	at java.lang.Thread.run(Thread.java:748)
Caused by: org.apache.ratis.thirdparty.io.grpc.StatusRuntimeException: UNAVAILABLE: io exception
	at org.apache.ratis.thirdparty.io.grpc.stub.ClientCalls.toStatusRuntimeException(ClientCalls.java:233)
	at org.apache.ratis.thirdparty.io.grpc.stub.ClientCalls.getUnchecked(ClientCalls.java:214)
	at org.apache.ratis.thirdparty.io.grpc.stub.ClientCalls.blockingUnaryCall(ClientCalls.java:139)
	at org.apache.ratis.proto.grpc.RaftServerProtocolServiceGrpc$RaftServerProtocolServiceBlockingStub.requestVote(RaftServerProtocolServiceGrpc.java:265)
	at org.apache.ratis.grpc.server.GrpcServerProtocolClient.requestVote(GrpcServerProtocolClient.java:99)
	at org.apache.ratis.grpc.server.GrpcService.requestVote(GrpcService.java:204)
	at org.apache.ratis.server.impl.LeaderElection.lambda$submitRequests$1(LeaderElection.java:234)
	at java.util.concurrent.FutureTask.run(FutureTask.java:266)
	at java.util.concurrent.Executors$RunnableAdapter.call(Executors.java:511)
	at java.util.concurrent.FutureTask.run(FutureTask.java:266)
	at java.util.concurrent.ThreadPoolExecutor.runWorker(ThreadPoolExecutor.java:1149)
	at java.util.concurrent.ThreadPoolExecutor$Worker.run(ThreadPoolExecutor.java:624)
	... 1 more
Caused by: org.apache.ratis.thirdparty.io.netty.channel.AbstractChannel$AnnotatedConnectException: Connection refused: /192.168.69.118:39205
	at sun.nio.ch.SocketChannelImpl.checkConnect(Native Method)
	at sun.nio.ch.SocketChannelImpl.finishConnect(SocketChannelImpl.java:717)
	at org.apache.ratis.thirdparty.io.netty.channel.socket.nio.NioSocketChannel.doFinishConnect(NioSocketChannel.java:327)
	at org.apache.ratis.thirdparty.io.netty.channel.nio.AbstractNioChannel$AbstractNioUnsafe.finishConnect(AbstractNioChannel.java:340)
	at org.apache.ratis.thirdparty.io.netty.channel.nio.NioEventLoop.processSelectedKey(NioEventLoop.java:632)
	at org.apache.ratis.thirdparty.io.netty.channel.nio.NioEventLoop.processSelectedKeysOptimized(NioEventLoop.java:579)
	at org.apache.ratis.thirdparty.io.netty.channel.nio.NioEventLoop.processSelectedKeys(NioEventLoop.java:496)
	at org.apache.ratis.thirdparty.io.netty.channel.nio.NioEventLoop.run(NioEventLoop.java:458)
	at org.apache.ratis.thirdparty.io.netty.util.concurrent.SingleThreadEventExecutor$5.run(SingleThreadEventExecutor.java:897)
	at org.apache.ratis.thirdparty.io.netty.util.concurrent.FastThreadLocalRunnable.run(FastThreadLocalRunnable.java:30)
	... 1 more
Caused by: java.net.ConnectException: Connection refused
	... 11 more
2019-10-23 12:13:47,634 [grpc-default-executor-4] INFO  impl.RaftServerImpl (RaftServerImpl.java:setRole(184)) - 02863277-f564-4bc6-8337-fb22627f6f1a@group-24C785E9A0FC: changes role from  FOLLOWER to FOLLOWER at term 231 for recognizeCandidate:ad4d83c7-0f96-47bc-a4e8-7e5d9f844896
2019-10-23 12:13:47,635 [grpc-default-executor-4] INFO  impl.RoleInfo (RoleInfo.java:shutdownFollowerState(121)) - 02863277-f564-4bc6-8337-fb22627f6f1a: shutdown FollowerState
2019-10-23 12:13:47,635 [grpc-default-executor-4] INFO  impl.RoleInfo (RoleInfo.java:updateAndGet(143)) - 02863277-f564-4bc6-8337-fb22627f6f1a: start FollowerState
2019-10-23 12:13:47,635 [Thread-1961] INFO  impl.FollowerState (FollowerState.java:run(117)) - 02863277-f564-4bc6-8337-fb22627f6f1a@group-24C785E9A0FC-FollowerState was interrupted: java.lang.InterruptedException: sleep interrupted
2019-10-23 12:13:47,646 [ad4d83c7-0f96-47bc-a4e8-7e5d9f844896@group-24C785E9A0FC-LeaderElection233] INFO  impl.LeaderElection (LeaderElection.java:logAndReturn(56)) - ad4d83c7-0f96-47bc-a4e8-7e5d9f844896@group-24C785E9A0FC-LeaderElection233: Election TIMEOUT; received 0 response(s) [] and 1 exception(s); ad4d83c7-0f96-47bc-a4e8-7e5d9f844896@group-24C785E9A0FC:t231, leader=null, voted=ad4d83c7-0f96-47bc-a4e8-7e5d9f844896, raftlog=ad4d83c7-0f96-47bc-a4e8-7e5d9f844896@group-24C785E9A0FC-SegmentedRaftLog:OPENED:c-1,f-1,i0, conf=-1: [3b749b59-de2a-419b-9a26-261692f5c83c:192.168.69.118:39205, ad4d83c7-0f96-47bc-a4e8-7e5d9f844896:192.168.69.118:41688, 02863277-f564-4bc6-8337-fb22627f6f1a:192.168.69.118:36850], old=null
2019-10-23 12:13:47,646 [ad4d83c7-0f96-47bc-a4e8-7e5d9f844896@group-24C785E9A0FC-LeaderElection233] INFO  impl.LeaderElection (LogUtils.java:infoOrTrace(149)) -   Exception 0: {}
java.util.concurrent.ExecutionException: org.apache.ratis.thirdparty.io.grpc.StatusRuntimeException: UNAVAILABLE: io exception
	at java.util.concurrent.FutureTask.report(FutureTask.java:122)
	at java.util.concurrent.FutureTask.get(FutureTask.java:192)
	at org.apache.ratis.server.impl.LeaderElection.waitForResults(LeaderElection.java:259)
	at org.apache.ratis.server.impl.LeaderElection.askForVotes(LeaderElection.java:197)
	at org.apache.ratis.server.impl.LeaderElection.run(LeaderElection.java:133)
	at java.lang.Thread.run(Thread.java:748)
Caused by: org.apache.ratis.thirdparty.io.grpc.StatusRuntimeException: UNAVAILABLE: io exception
	at org.apache.ratis.thirdparty.io.grpc.stub.ClientCalls.toStatusRuntimeException(ClientCalls.java:233)
	at org.apache.ratis.thirdparty.io.grpc.stub.ClientCalls.getUnchecked(ClientCalls.java:214)
	at org.apache.ratis.thirdparty.io.grpc.stub.ClientCalls.blockingUnaryCall(ClientCalls.java:139)
	at org.apache.ratis.proto.grpc.RaftServerProtocolServiceGrpc$RaftServerProtocolServiceBlockingStub.requestVote(RaftServerProtocolServiceGrpc.java:265)
	at org.apache.ratis.grpc.server.GrpcServerProtocolClient.requestVote(GrpcServerProtocolClient.java:99)
	at org.apache.ratis.grpc.server.GrpcService.requestVote(GrpcService.java:204)
	at org.apache.ratis.server.impl.LeaderElection.lambda$submitRequests$1(LeaderElection.java:234)
	at java.util.concurrent.FutureTask.run(FutureTask.java:266)
	at java.util.concurrent.Executors$RunnableAdapter.call(Executors.java:511)
	at java.util.concurrent.FutureTask.run(FutureTask.java:266)
	at java.util.concurrent.ThreadPoolExecutor.runWorker(ThreadPoolExecutor.java:1149)
	at java.util.concurrent.ThreadPoolExecutor$Worker.run(ThreadPoolExecutor.java:624)
	... 1 more
Caused by: org.apache.ratis.thirdparty.io.netty.channel.AbstractChannel$AnnotatedConnectException: Connection refused: /192.168.69.118:39205
	at sun.nio.ch.SocketChannelImpl.checkConnect(Native Method)
	at sun.nio.ch.SocketChannelImpl.finishConnect(SocketChannelImpl.java:717)
	at org.apache.ratis.thirdparty.io.netty.channel.socket.nio.NioSocketChannel.doFinishConnect(NioSocketChannel.java:327)
	at org.apache.ratis.thirdparty.io.netty.channel.nio.AbstractNioChannel$AbstractNioUnsafe.finishConnect(AbstractNioChannel.java:340)
	at org.apache.ratis.thirdparty.io.netty.channel.nio.NioEventLoop.processSelectedKey(NioEventLoop.java:632)
	at org.apache.ratis.thirdparty.io.netty.channel.nio.NioEventLoop.processSelectedKeysOptimized(NioEventLoop.java:579)
	at org.apache.ratis.thirdparty.io.netty.channel.nio.NioEventLoop.processSelectedKeys(NioEventLoop.java:496)
	at org.apache.ratis.thirdparty.io.netty.channel.nio.NioEventLoop.run(NioEventLoop.java:458)
	at org.apache.ratis.thirdparty.io.netty.util.concurrent.SingleThreadEventExecutor$5.run(SingleThreadEventExecutor.java:897)
	at org.apache.ratis.thirdparty.io.netty.util.concurrent.FastThreadLocalRunnable.run(FastThreadLocalRunnable.java:30)
	... 1 more
Caused by: java.net.ConnectException: Connection refused
	... 11 more
2019-10-23 12:13:47,648 [ad4d83c7-0f96-47bc-a4e8-7e5d9f844896@group-24C785E9A0FC-LeaderElection233] INFO  impl.LeaderElection (LeaderElection.java:askForVotes(178)) - ad4d83c7-0f96-47bc-a4e8-7e5d9f844896@group-24C785E9A0FC-LeaderElection233: begin an election at term 232 for -1: [3b749b59-de2a-419b-9a26-261692f5c83c:192.168.69.118:39205, ad4d83c7-0f96-47bc-a4e8-7e5d9f844896:192.168.69.118:41688, 02863277-f564-4bc6-8337-fb22627f6f1a:192.168.69.118:36850], old=null
2019-10-23 12:13:47,649 [ad4d83c7-0f96-47bc-a4e8-7e5d9f844896@group-24C785E9A0FC-LeaderElection233] INFO  impl.LeaderElection (LogUtils.java:infoOrTrace(149)) - ad4d83c7-0f96-47bc-a4e8-7e5d9f844896@group-24C785E9A0FC-LeaderElection233 got exception when requesting votes: {}
java.util.concurrent.ExecutionException: org.apache.ratis.thirdparty.io.grpc.StatusRuntimeException: UNAVAILABLE: io exception
	at java.util.concurrent.FutureTask.report(FutureTask.java:122)
	at java.util.concurrent.FutureTask.get(FutureTask.java:192)
	at org.apache.ratis.server.impl.LeaderElection.waitForResults(LeaderElection.java:259)
	at org.apache.ratis.server.impl.LeaderElection.askForVotes(LeaderElection.java:197)
	at org.apache.ratis.server.impl.LeaderElection.run(LeaderElection.java:133)
	at java.lang.Thread.run(Thread.java:748)
Caused by: org.apache.ratis.thirdparty.io.grpc.StatusRuntimeException: UNAVAILABLE: io exception
	at org.apache.ratis.thirdparty.io.grpc.stub.ClientCalls.toStatusRuntimeException(ClientCalls.java:233)
	at org.apache.ratis.thirdparty.io.grpc.stub.ClientCalls.getUnchecked(ClientCalls.java:214)
	at org.apache.ratis.thirdparty.io.grpc.stub.ClientCalls.blockingUnaryCall(ClientCalls.java:139)
	at org.apache.ratis.proto.grpc.RaftServerProtocolServiceGrpc$RaftServerProtocolServiceBlockingStub.requestVote(RaftServerProtocolServiceGrpc.java:265)
	at org.apache.ratis.grpc.server.GrpcServerProtocolClient.requestVote(GrpcServerProtocolClient.java:99)
	at org.apache.ratis.grpc.server.GrpcService.requestVote(GrpcService.java:204)
	at org.apache.ratis.server.impl.LeaderElection.lambda$submitRequests$1(LeaderElection.java:234)
	at java.util.concurrent.FutureTask.run(FutureTask.java:266)
	at java.util.concurrent.Executors$RunnableAdapter.call(Executors.java:511)
	at java.util.concurrent.FutureTask.run(FutureTask.java:266)
	at java.util.concurrent.ThreadPoolExecutor.runWorker(ThreadPoolExecutor.java:1149)
	at java.util.concurrent.ThreadPoolExecutor$Worker.run(ThreadPoolExecutor.java:624)
	... 1 more
Caused by: org.apache.ratis.thirdparty.io.netty.channel.AbstractChannel$AnnotatedConnectException: Connection refused: /192.168.69.118:39205
	at sun.nio.ch.SocketChannelImpl.checkConnect(Native Method)
	at sun.nio.ch.SocketChannelImpl.finishConnect(SocketChannelImpl.java:717)
	at org.apache.ratis.thirdparty.io.netty.channel.socket.nio.NioSocketChannel.doFinishConnect(NioSocketChannel.java:327)
	at org.apache.ratis.thirdparty.io.netty.channel.nio.AbstractNioChannel$AbstractNioUnsafe.finishConnect(AbstractNioChannel.java:340)
	at org.apache.ratis.thirdparty.io.netty.channel.nio.NioEventLoop.processSelectedKey(NioEventLoop.java:632)
	at org.apache.ratis.thirdparty.io.netty.channel.nio.NioEventLoop.processSelectedKeysOptimized(NioEventLoop.java:579)
	at org.apache.ratis.thirdparty.io.netty.channel.nio.NioEventLoop.processSelectedKeys(NioEventLoop.java:496)
	at org.apache.ratis.thirdparty.io.netty.channel.nio.NioEventLoop.run(NioEventLoop.java:458)
	at org.apache.ratis.thirdparty.io.netty.util.concurrent.SingleThreadEventExecutor$5.run(SingleThreadEventExecutor.java:897)
	at org.apache.ratis.thirdparty.io.netty.util.concurrent.FastThreadLocalRunnable.run(FastThreadLocalRunnable.java:30)
	... 1 more
Caused by: java.net.ConnectException: Connection refused
	... 11 more
2019-10-23 12:13:47,650 [grpc-default-executor-4] INFO  impl.RaftServerImpl (RaftServerImpl.java:setRole(184)) - 02863277-f564-4bc6-8337-fb22627f6f1a@group-24C785E9A0FC: changes role from  FOLLOWER to FOLLOWER at term 232 for recognizeCandidate:ad4d83c7-0f96-47bc-a4e8-7e5d9f844896
2019-10-23 12:13:47,650 [grpc-default-executor-4] INFO  impl.RoleInfo (RoleInfo.java:shutdownFollowerState(121)) - 02863277-f564-4bc6-8337-fb22627f6f1a: shutdown FollowerState
2019-10-23 12:13:47,650 [grpc-default-executor-4] INFO  impl.RoleInfo (RoleInfo.java:updateAndGet(143)) - 02863277-f564-4bc6-8337-fb22627f6f1a: start FollowerState
2019-10-23 12:13:47,650 [Thread-1966] INFO  impl.FollowerState (FollowerState.java:run(117)) - 02863277-f564-4bc6-8337-fb22627f6f1a@group-24C785E9A0FC-FollowerState was interrupted: java.lang.InterruptedException: sleep interrupted
2019-10-23 12:13:47,664 [ad4d83c7-0f96-47bc-a4e8-7e5d9f844896@group-24C785E9A0FC-LeaderElection233] INFO  impl.LeaderElection (LeaderElection.java:logAndReturn(56)) - ad4d83c7-0f96-47bc-a4e8-7e5d9f844896@group-24C785E9A0FC-LeaderElection233: Election REJECTED; received 1 response(s) [ad4d83c7-0f96-47bc-a4e8-7e5d9f844896<-02863277-f564-4bc6-8337-fb22627f6f1a#0:FAIL-t232] and 1 exception(s); ad4d83c7-0f96-47bc-a4e8-7e5d9f844896@group-24C785E9A0FC:t232, leader=null, voted=ad4d83c7-0f96-47bc-a4e8-7e5d9f844896, raftlog=ad4d83c7-0f96-47bc-a4e8-7e5d9f844896@group-24C785E9A0FC-SegmentedRaftLog:OPENED:c-1,f-1,i0, conf=-1: [3b749b59-de2a-419b-9a26-261692f5c83c:192.168.69.118:39205, ad4d83c7-0f96-47bc-a4e8-7e5d9f844896:192.168.69.118:41688, 02863277-f564-4bc6-8337-fb22627f6f1a:192.168.69.118:36850], old=null
2019-10-23 12:13:47,664 [ad4d83c7-0f96-47bc-a4e8-7e5d9f844896@group-24C785E9A0FC-LeaderElection233] INFO  impl.LeaderElection (LogUtils.java:infoOrTrace(149)) -   Exception 0: {}
java.util.concurrent.ExecutionException: org.apache.ratis.thirdparty.io.grpc.StatusRuntimeException: UNAVAILABLE: io exception
	at java.util.concurrent.FutureTask.report(FutureTask.java:122)
	at java.util.concurrent.FutureTask.get(FutureTask.java:192)
	at org.apache.ratis.server.impl.LeaderElection.waitForResults(LeaderElection.java:259)
	at org.apache.ratis.server.impl.LeaderElection.askForVotes(LeaderElection.java:197)
	at org.apache.ratis.server.impl.LeaderElection.run(LeaderElection.java:133)
	at java.lang.Thread.run(Thread.java:748)
Caused by: org.apache.ratis.thirdparty.io.grpc.StatusRuntimeException: UNAVAILABLE: io exception
	at org.apache.ratis.thirdparty.io.grpc.stub.ClientCalls.toStatusRuntimeException(ClientCalls.java:233)
	at org.apache.ratis.thirdparty.io.grpc.stub.ClientCalls.getUnchecked(ClientCalls.java:214)
	at org.apache.ratis.thirdparty.io.grpc.stub.ClientCalls.blockingUnaryCall(ClientCalls.java:139)
	at org.apache.ratis.proto.grpc.RaftServerProtocolServiceGrpc$RaftServerProtocolServiceBlockingStub.requestVote(RaftServerProtocolServiceGrpc.java:265)
	at org.apache.ratis.grpc.server.GrpcServerProtocolClient.requestVote(GrpcServerProtocolClient.java:99)
	at org.apache.ratis.grpc.server.GrpcService.requestVote(GrpcService.java:204)
	at org.apache.ratis.server.impl.LeaderElection.lambda$submitRequests$1(LeaderElection.java:234)
	at java.util.concurrent.FutureTask.run(FutureTask.java:266)
	at java.util.concurrent.Executors$RunnableAdapter.call(Executors.java:511)
	at java.util.concurrent.FutureTask.run(FutureTask.java:266)
	at java.util.concurrent.ThreadPoolExecutor.runWorker(ThreadPoolExecutor.java:1149)
	at java.util.concurrent.ThreadPoolExecutor$Worker.run(ThreadPoolExecutor.java:624)
	... 1 more
Caused by: org.apache.ratis.thirdparty.io.netty.channel.AbstractChannel$AnnotatedConnectException: Connection refused: /192.168.69.118:39205
	at sun.nio.ch.SocketChannelImpl.checkConnect(Native Method)
	at sun.nio.ch.SocketChannelImpl.finishConnect(SocketChannelImpl.java:717)
	at org.apache.ratis.thirdparty.io.netty.channel.socket.nio.NioSocketChannel.doFinishConnect(NioSocketChannel.java:327)
	at org.apache.ratis.thirdparty.io.netty.channel.nio.AbstractNioChannel$AbstractNioUnsafe.finishConnect(AbstractNioChannel.java:340)
	at org.apache.ratis.thirdparty.io.netty.channel.nio.NioEventLoop.processSelectedKey(NioEventLoop.java:632)
	at org.apache.ratis.thirdparty.io.netty.channel.nio.NioEventLoop.processSelectedKeysOptimized(NioEventLoop.java:579)
	at org.apache.ratis.thirdparty.io.netty.channel.nio.NioEventLoop.processSelectedKeys(NioEventLoop.java:496)
	at org.apache.ratis.thirdparty.io.netty.channel.nio.NioEventLoop.run(NioEventLoop.java:458)
	at org.apache.ratis.thirdparty.io.netty.util.concurrent.SingleThreadEventExecutor$5.run(SingleThreadEventExecutor.java:897)
	at org.apache.ratis.thirdparty.io.netty.util.concurrent.FastThreadLocalRunnable.run(FastThreadLocalRunnable.java:30)
	... 1 more
Caused by: java.net.ConnectException: Connection refused
	... 11 more
2019-10-23 12:13:47,665 [ad4d83c7-0f96-47bc-a4e8-7e5d9f844896@group-24C785E9A0FC-LeaderElection233] INFO  impl.RaftServerImpl (RaftServerImpl.java:setRole(184)) - ad4d83c7-0f96-47bc-a4e8-7e5d9f844896@group-24C785E9A0FC: changes role from CANDIDATE to FOLLOWER at term 232 for DISCOVERED_A_NEW_TERM
2019-10-23 12:13:47,665 [ad4d83c7-0f96-47bc-a4e8-7e5d9f844896@group-24C785E9A0FC-LeaderElection233] INFO  impl.RoleInfo (RoleInfo.java:shutdownLeaderElection(134)) - ad4d83c7-0f96-47bc-a4e8-7e5d9f844896: shutdown LeaderElection
2019-10-23 12:13:47,665 [ad4d83c7-0f96-47bc-a4e8-7e5d9f844896@group-24C785E9A0FC-LeaderElection233] INFO  impl.RoleInfo (RoleInfo.java:updateAndGet(143)) - ad4d83c7-0f96-47bc-a4e8-7e5d9f844896: start FollowerState
2019-10-23 12:13:47,798 [Thread-1970] INFO  impl.FollowerState (FollowerState.java:run(108)) - ad4d83c7-0f96-47bc-a4e8-7e5d9f844896@group-24C785E9A0FC-FollowerState: change to CANDIDATE, lastRpcTime:133ms, electionTimeout:133ms
2019-10-23 12:13:47,799 [Thread-1970] INFO  impl.RoleInfo (RoleInfo.java:shutdownFollowerState(121)) - ad4d83c7-0f96-47bc-a4e8-7e5d9f844896: shutdown FollowerState
2019-10-23 12:13:47,799 [Thread-1970] INFO  impl.RaftServerImpl (RaftServerImpl.java:setRole(184)) - ad4d83c7-0f96-47bc-a4e8-7e5d9f844896@group-24C785E9A0FC: changes role from  FOLLOWER to CANDIDATE at term 232 for changeToCandidate
2019-10-23 12:13:47,800 [Thread-1970] INFO  impl.RoleInfo (RoleInfo.java:updateAndGet(143)) - ad4d83c7-0f96-47bc-a4e8-7e5d9f844896: start LeaderElection
2019-10-23 12:13:47,805 [ad4d83c7-0f96-47bc-a4e8-7e5d9f844896@group-24C785E9A0FC-LeaderElection234] INFO  impl.LeaderElection (LeaderElection.java:askForVotes(178)) - ad4d83c7-0f96-47bc-a4e8-7e5d9f844896@group-24C785E9A0FC-LeaderElection234: begin an election at term 233 for -1: [3b749b59-de2a-419b-9a26-261692f5c83c:192.168.69.118:39205, ad4d83c7-0f96-47bc-a4e8-7e5d9f844896:192.168.69.118:41688, 02863277-f564-4bc6-8337-fb22627f6f1a:192.168.69.118:36850], old=null
2019-10-23 12:13:47,806 [ad4d83c7-0f96-47bc-a4e8-7e5d9f844896@group-24C785E9A0FC-LeaderElection234] INFO  impl.LeaderElection (LogUtils.java:infoOrTrace(149)) - ad4d83c7-0f96-47bc-a4e8-7e5d9f844896@group-24C785E9A0FC-LeaderElection234 got exception when requesting votes: {}
java.util.concurrent.ExecutionException: org.apache.ratis.thirdparty.io.grpc.StatusRuntimeException: UNAVAILABLE: io exception
	at java.util.concurrent.FutureTask.report(FutureTask.java:122)
	at java.util.concurrent.FutureTask.get(FutureTask.java:192)
	at org.apache.ratis.server.impl.LeaderElection.waitForResults(LeaderElection.java:259)
	at org.apache.ratis.server.impl.LeaderElection.askForVotes(LeaderElection.java:197)
	at org.apache.ratis.server.impl.LeaderElection.run(LeaderElection.java:133)
	at java.lang.Thread.run(Thread.java:748)
Caused by: org.apache.ratis.thirdparty.io.grpc.StatusRuntimeException: UNAVAILABLE: io exception
	at org.apache.ratis.thirdparty.io.grpc.stub.ClientCalls.toStatusRuntimeException(ClientCalls.java:233)
	at org.apache.ratis.thirdparty.io.grpc.stub.ClientCalls.getUnchecked(ClientCalls.java:214)
	at org.apache.ratis.thirdparty.io.grpc.stub.ClientCalls.blockingUnaryCall(ClientCalls.java:139)
	at org.apache.ratis.proto.grpc.RaftServerProtocolServiceGrpc$RaftServerProtocolServiceBlockingStub.requestVote(RaftServerProtocolServiceGrpc.java:265)
	at org.apache.ratis.grpc.server.GrpcServerProtocolClient.requestVote(GrpcServerProtocolClient.java:99)
	at org.apache.ratis.grpc.server.GrpcService.requestVote(GrpcService.java:204)
	at org.apache.ratis.server.impl.LeaderElection.lambda$submitRequests$1(LeaderElection.java:234)
	at java.util.concurrent.FutureTask.run(FutureTask.java:266)
	at java.util.concurrent.Executors$RunnableAdapter.call(Executors.java:511)
	at java.util.concurrent.FutureTask.run(FutureTask.java:266)
	at java.util.concurrent.ThreadPoolExecutor.runWorker(ThreadPoolExecutor.java:1149)
	at java.util.concurrent.ThreadPoolExecutor$Worker.run(ThreadPoolExecutor.java:624)
	... 1 more
Caused by: org.apache.ratis.thirdparty.io.netty.channel.AbstractChannel$AnnotatedConnectException: Connection refused: /192.168.69.118:39205
	at sun.nio.ch.SocketChannelImpl.checkConnect(Native Method)
	at sun.nio.ch.SocketChannelImpl.finishConnect(SocketChannelImpl.java:717)
	at org.apache.ratis.thirdparty.io.netty.channel.socket.nio.NioSocketChannel.doFinishConnect(NioSocketChannel.java:327)
	at org.apache.ratis.thirdparty.io.netty.channel.nio.AbstractNioChannel$AbstractNioUnsafe.finishConnect(AbstractNioChannel.java:340)
	at org.apache.ratis.thirdparty.io.netty.channel.nio.NioEventLoop.processSelectedKey(NioEventLoop.java:632)
	at org.apache.ratis.thirdparty.io.netty.channel.nio.NioEventLoop.processSelectedKeysOptimized(NioEventLoop.java:579)
	at org.apache.ratis.thirdparty.io.netty.channel.nio.NioEventLoop.processSelectedKeys(NioEventLoop.java:496)
	at org.apache.ratis.thirdparty.io.netty.channel.nio.NioEventLoop.run(NioEventLoop.java:458)
	at org.apache.ratis.thirdparty.io.netty.util.concurrent.SingleThreadEventExecutor$5.run(SingleThreadEventExecutor.java:897)
	at org.apache.ratis.thirdparty.io.netty.util.concurrent.FastThreadLocalRunnable.run(FastThreadLocalRunnable.java:30)
	... 1 more
Caused by: java.net.ConnectException: Connection refused
	... 11 more
2019-10-23 12:13:47,808 [grpc-default-executor-4] INFO  impl.RaftServerImpl (RaftServerImpl.java:setRole(184)) - 02863277-f564-4bc6-8337-fb22627f6f1a@group-24C785E9A0FC: changes role from  FOLLOWER to FOLLOWER at term 233 for recognizeCandidate:ad4d83c7-0f96-47bc-a4e8-7e5d9f844896
2019-10-23 12:13:47,808 [grpc-default-executor-4] INFO  impl.RoleInfo (RoleInfo.java:shutdownFollowerState(121)) - 02863277-f564-4bc6-8337-fb22627f6f1a: shutdown FollowerState
2019-10-23 12:13:47,809 [grpc-default-executor-4] INFO  impl.RoleInfo (RoleInfo.java:updateAndGet(143)) - 02863277-f564-4bc6-8337-fb22627f6f1a: start FollowerState
2019-10-23 12:13:47,809 [Thread-1969] INFO  impl.FollowerState (FollowerState.java:run(117)) - 02863277-f564-4bc6-8337-fb22627f6f1a@group-24C785E9A0FC-FollowerState was interrupted: java.lang.InterruptedException: sleep interrupted
2019-10-23 12:13:47,823 [ad4d83c7-0f96-47bc-a4e8-7e5d9f844896@group-24C785E9A0FC-LeaderElection234] INFO  impl.LeaderElection (LeaderElection.java:logAndReturn(56)) - ad4d83c7-0f96-47bc-a4e8-7e5d9f844896@group-24C785E9A0FC-LeaderElection234: Election REJECTED; received 1 response(s) [ad4d83c7-0f96-47bc-a4e8-7e5d9f844896<-02863277-f564-4bc6-8337-fb22627f6f1a#0:FAIL-t233] and 1 exception(s); ad4d83c7-0f96-47bc-a4e8-7e5d9f844896@group-24C785E9A0FC:t233, leader=null, voted=ad4d83c7-0f96-47bc-a4e8-7e5d9f844896, raftlog=ad4d83c7-0f96-47bc-a4e8-7e5d9f844896@group-24C785E9A0FC-SegmentedRaftLog:OPENED:c-1,f-1,i0, conf=-1: [3b749b59-de2a-419b-9a26-261692f5c83c:192.168.69.118:39205, ad4d83c7-0f96-47bc-a4e8-7e5d9f844896:192.168.69.118:41688, 02863277-f564-4bc6-8337-fb22627f6f1a:192.168.69.118:36850], old=null
2019-10-23 12:13:47,823 [ad4d83c7-0f96-47bc-a4e8-7e5d9f844896@group-24C785E9A0FC-LeaderElection234] INFO  impl.LeaderElection (LogUtils.java:infoOrTrace(149)) -   Exception 0: {}
java.util.concurrent.ExecutionException: org.apache.ratis.thirdparty.io.grpc.StatusRuntimeException: UNAVAILABLE: io exception
	at java.util.concurrent.FutureTask.report(FutureTask.java:122)
	at java.util.concurrent.FutureTask.get(FutureTask.java:192)
	at org.apache.ratis.server.impl.LeaderElection.waitForResults(LeaderElection.java:259)
	at org.apache.ratis.server.impl.LeaderElection.askForVotes(LeaderElection.java:197)
	at org.apache.ratis.server.impl.LeaderElection.run(LeaderElection.java:133)
	at java.lang.Thread.run(Thread.java:748)
Caused by: org.apache.ratis.thirdparty.io.grpc.StatusRuntimeException: UNAVAILABLE: io exception
	at org.apache.ratis.thirdparty.io.grpc.stub.ClientCalls.toStatusRuntimeException(ClientCalls.java:233)
	at org.apache.ratis.thirdparty.io.grpc.stub.ClientCalls.getUnchecked(ClientCalls.java:214)
	at org.apache.ratis.thirdparty.io.grpc.stub.ClientCalls.blockingUnaryCall(ClientCalls.java:139)
	at org.apache.ratis.proto.grpc.RaftServerProtocolServiceGrpc$RaftServerProtocolServiceBlockingStub.requestVote(RaftServerProtocolServiceGrpc.java:265)
	at org.apache.ratis.grpc.server.GrpcServerProtocolClient.requestVote(GrpcServerProtocolClient.java:99)
	at org.apache.ratis.grpc.server.GrpcService.requestVote(GrpcService.java:204)
	at org.apache.ratis.server.impl.LeaderElection.lambda$submitRequests$1(LeaderElection.java:234)
	at java.util.concurrent.FutureTask.run(FutureTask.java:266)
	at java.util.concurrent.Executors$RunnableAdapter.call(Executors.java:511)
	at java.util.concurrent.FutureTask.run(FutureTask.java:266)
	at java.util.concurrent.ThreadPoolExecutor.runWorker(ThreadPoolExecutor.java:1149)
	at java.util.concurrent.ThreadPoolExecutor$Worker.run(ThreadPoolExecutor.java:624)
	... 1 more
Caused by: org.apache.ratis.thirdparty.io.netty.channel.AbstractChannel$AnnotatedConnectException: Connection refused: /192.168.69.118:39205
	at sun.nio.ch.SocketChannelImpl.checkConnect(Native Method)
	at sun.nio.ch.SocketChannelImpl.finishConnect(SocketChannelImpl.java:717)
	at org.apache.ratis.thirdparty.io.netty.channel.socket.nio.NioSocketChannel.doFinishConnect(NioSocketChannel.java:327)
	at org.apache.ratis.thirdparty.io.netty.channel.nio.AbstractNioChannel$AbstractNioUnsafe.finishConnect(AbstractNioChannel.java:340)
	at org.apache.ratis.thirdparty.io.netty.channel.nio.NioEventLoop.processSelectedKey(NioEventLoop.java:632)
	at org.apache.ratis.thirdparty.io.netty.channel.nio.NioEventLoop.processSelectedKeysOptimized(NioEventLoop.java:579)
	at org.apache.ratis.thirdparty.io.netty.channel.nio.NioEventLoop.processSelectedKeys(NioEventLoop.java:496)
	at org.apache.ratis.thirdparty.io.netty.channel.nio.NioEventLoop.run(NioEventLoop.java:458)
	at org.apache.ratis.thirdparty.io.netty.util.concurrent.SingleThreadEventExecutor$5.run(SingleThreadEventExecutor.java:897)
	at org.apache.ratis.thirdparty.io.netty.util.concurrent.FastThreadLocalRunnable.run(FastThreadLocalRunnable.java:30)
	... 1 more
Caused by: java.net.ConnectException: Connection refused
	... 11 more
2019-10-23 12:13:47,823 [ad4d83c7-0f96-47bc-a4e8-7e5d9f844896@group-24C785E9A0FC-LeaderElection234] INFO  impl.RaftServerImpl (RaftServerImpl.java:setRole(184)) - ad4d83c7-0f96-47bc-a4e8-7e5d9f844896@group-24C785E9A0FC: changes role from CANDIDATE to FOLLOWER at term 233 for DISCOVERED_A_NEW_TERM
2019-10-23 12:13:47,824 [ad4d83c7-0f96-47bc-a4e8-7e5d9f844896@group-24C785E9A0FC-LeaderElection234] INFO  impl.RoleInfo (RoleInfo.java:shutdownLeaderElection(134)) - ad4d83c7-0f96-47bc-a4e8-7e5d9f844896: shutdown LeaderElection
2019-10-23 12:13:47,824 [ad4d83c7-0f96-47bc-a4e8-7e5d9f844896@group-24C785E9A0FC-LeaderElection234] INFO  impl.RoleInfo (RoleInfo.java:updateAndGet(143)) - ad4d83c7-0f96-47bc-a4e8-7e5d9f844896: start FollowerState
2019-10-23 12:13:47,843 [Thread-1975] INFO  impl.FollowerState (FollowerState.java:run(108)) - ad4d83c7-0f96-47bc-a4e8-7e5d9f844896@group-24C785E9A0FC-FollowerState: change to CANDIDATE, lastRpcTime:19ms, electionTimeout:19ms
2019-10-23 12:13:47,843 [Thread-1975] INFO  impl.RoleInfo (RoleInfo.java:shutdownFollowerState(121)) - ad4d83c7-0f96-47bc-a4e8-7e5d9f844896: shutdown FollowerState
2019-10-23 12:13:47,843 [Thread-1975] INFO  impl.RaftServerImpl (RaftServerImpl.java:setRole(184)) - ad4d83c7-0f96-47bc-a4e8-7e5d9f844896@group-24C785E9A0FC: changes role from  FOLLOWER to CANDIDATE at term 233 for changeToCandidate
2019-10-23 12:13:47,844 [Thread-1975] INFO  impl.RoleInfo (RoleInfo.java:updateAndGet(143)) - ad4d83c7-0f96-47bc-a4e8-7e5d9f844896: start LeaderElection
2019-10-23 12:13:47,857 [ad4d83c7-0f96-47bc-a4e8-7e5d9f844896@group-24C785E9A0FC-LeaderElection235] INFO  impl.LeaderElection (LeaderElection.java:askForVotes(178)) - ad4d83c7-0f96-47bc-a4e8-7e5d9f844896@group-24C785E9A0FC-LeaderElection235: begin an election at term 234 for -1: [3b749b59-de2a-419b-9a26-261692f5c83c:192.168.69.118:39205, ad4d83c7-0f96-47bc-a4e8-7e5d9f844896:192.168.69.118:41688, 02863277-f564-4bc6-8337-fb22627f6f1a:192.168.69.118:36850], old=null
2019-10-23 12:13:47,858 [ad4d83c7-0f96-47bc-a4e8-7e5d9f844896@group-24C785E9A0FC-LeaderElection235] INFO  impl.LeaderElection (LogUtils.java:infoOrTrace(149)) - ad4d83c7-0f96-47bc-a4e8-7e5d9f844896@group-24C785E9A0FC-LeaderElection235 got exception when requesting votes: {}
java.util.concurrent.ExecutionException: org.apache.ratis.thirdparty.io.grpc.StatusRuntimeException: UNAVAILABLE: io exception
	at java.util.concurrent.FutureTask.report(FutureTask.java:122)
	at java.util.concurrent.FutureTask.get(FutureTask.java:192)
	at org.apache.ratis.server.impl.LeaderElection.waitForResults(LeaderElection.java:259)
	at org.apache.ratis.server.impl.LeaderElection.askForVotes(LeaderElection.java:197)
	at org.apache.ratis.server.impl.LeaderElection.run(LeaderElection.java:133)
	at java.lang.Thread.run(Thread.java:748)
Caused by: org.apache.ratis.thirdparty.io.grpc.StatusRuntimeException: UNAVAILABLE: io exception
	at org.apache.ratis.thirdparty.io.grpc.stub.ClientCalls.toStatusRuntimeException(ClientCalls.java:233)
	at org.apache.ratis.thirdparty.io.grpc.stub.ClientCalls.getUnchecked(ClientCalls.java:214)
	at org.apache.ratis.thirdparty.io.grpc.stub.ClientCalls.blockingUnaryCall(ClientCalls.java:139)
	at org.apache.ratis.proto.grpc.RaftServerProtocolServiceGrpc$RaftServerProtocolServiceBlockingStub.requestVote(RaftServerProtocolServiceGrpc.java:265)
	at org.apache.ratis.grpc.server.GrpcServerProtocolClient.requestVote(GrpcServerProtocolClient.java:99)
	at org.apache.ratis.grpc.server.GrpcService.requestVote(GrpcService.java:204)
	at org.apache.ratis.server.impl.LeaderElection.lambda$submitRequests$1(LeaderElection.java:234)
	at java.util.concurrent.FutureTask.run(FutureTask.java:266)
	at java.util.concurrent.Executors$RunnableAdapter.call(Executors.java:511)
	at java.util.concurrent.FutureTask.run(FutureTask.java:266)
	at java.util.concurrent.ThreadPoolExecutor.runWorker(ThreadPoolExecutor.java:1149)
	at java.util.concurrent.ThreadPoolExecutor$Worker.run(ThreadPoolExecutor.java:624)
	... 1 more
Caused by: org.apache.ratis.thirdparty.io.netty.channel.AbstractChannel$AnnotatedConnectException: Connection refused: /192.168.69.118:39205
	at sun.nio.ch.SocketChannelImpl.checkConnect(Native Method)
	at sun.nio.ch.SocketChannelImpl.finishConnect(SocketChannelImpl.java:717)
	at org.apache.ratis.thirdparty.io.netty.channel.socket.nio.NioSocketChannel.doFinishConnect(NioSocketChannel.java:327)
	at org.apache.ratis.thirdparty.io.netty.channel.nio.AbstractNioChannel$AbstractNioUnsafe.finishConnect(AbstractNioChannel.java:340)
	at org.apache.ratis.thirdparty.io.netty.channel.nio.NioEventLoop.processSelectedKey(NioEventLoop.java:632)
	at org.apache.ratis.thirdparty.io.netty.channel.nio.NioEventLoop.processSelectedKeysOptimized(NioEventLoop.java:579)
	at org.apache.ratis.thirdparty.io.netty.channel.nio.NioEventLoop.processSelectedKeys(NioEventLoop.java:496)
	at org.apache.ratis.thirdparty.io.netty.channel.nio.NioEventLoop.run(NioEventLoop.java:458)
	at org.apache.ratis.thirdparty.io.netty.util.concurrent.SingleThreadEventExecutor$5.run(SingleThreadEventExecutor.java:897)
	at org.apache.ratis.thirdparty.io.netty.util.concurrent.FastThreadLocalRunnable.run(FastThreadLocalRunnable.java:30)
	... 1 more
Caused by: java.net.ConnectException: Connection refused
	... 11 more
2019-10-23 12:13:47,859 [grpc-default-executor-4] INFO  impl.RaftServerImpl (RaftServerImpl.java:setRole(184)) - 02863277-f564-4bc6-8337-fb22627f6f1a@group-24C785E9A0FC: changes role from  FOLLOWER to FOLLOWER at term 234 for recognizeCandidate:ad4d83c7-0f96-47bc-a4e8-7e5d9f844896
2019-10-23 12:13:47,859 [grpc-default-executor-4] INFO  impl.RoleInfo (RoleInfo.java:shutdownFollowerState(121)) - 02863277-f564-4bc6-8337-fb22627f6f1a: shutdown FollowerState
2019-10-23 12:13:47,859 [grpc-default-executor-4] INFO  impl.RoleInfo (RoleInfo.java:updateAndGet(143)) - 02863277-f564-4bc6-8337-fb22627f6f1a: start FollowerState
2019-10-23 12:13:47,859 [Thread-1974] INFO  impl.FollowerState (FollowerState.java:run(117)) - 02863277-f564-4bc6-8337-fb22627f6f1a@group-24C785E9A0FC-FollowerState was interrupted: java.lang.InterruptedException: sleep interrupted
2019-10-23 12:13:47,874 [ad4d83c7-0f96-47bc-a4e8-7e5d9f844896@group-24C785E9A0FC-LeaderElection235] INFO  impl.LeaderElection (LeaderElection.java:logAndReturn(56)) - ad4d83c7-0f96-47bc-a4e8-7e5d9f844896@group-24C785E9A0FC-LeaderElection235: Election REJECTED; received 1 response(s) [ad4d83c7-0f96-47bc-a4e8-7e5d9f844896<-02863277-f564-4bc6-8337-fb22627f6f1a#0:FAIL-t234] and 1 exception(s); ad4d83c7-0f96-47bc-a4e8-7e5d9f844896@group-24C785E9A0FC:t234, leader=null, voted=ad4d83c7-0f96-47bc-a4e8-7e5d9f844896, raftlog=ad4d83c7-0f96-47bc-a4e8-7e5d9f844896@group-24C785E9A0FC-SegmentedRaftLog:OPENED:c-1,f-1,i0, conf=-1: [3b749b59-de2a-419b-9a26-261692f5c83c:192.168.69.118:39205, ad4d83c7-0f96-47bc-a4e8-7e5d9f844896:192.168.69.118:41688, 02863277-f564-4bc6-8337-fb22627f6f1a:192.168.69.118:36850], old=null
2019-10-23 12:13:47,874 [ad4d83c7-0f96-47bc-a4e8-7e5d9f844896@group-24C785E9A0FC-LeaderElection235] INFO  impl.LeaderElection (LogUtils.java:infoOrTrace(149)) -   Exception 0: {}
java.util.concurrent.ExecutionException: org.apache.ratis.thirdparty.io.grpc.StatusRuntimeException: UNAVAILABLE: io exception
	at java.util.concurrent.FutureTask.report(FutureTask.java:122)
	at java.util.concurrent.FutureTask.get(FutureTask.java:192)
	at org.apache.ratis.server.impl.LeaderElection.waitForResults(LeaderElection.java:259)
	at org.apache.ratis.server.impl.LeaderElection.askForVotes(LeaderElection.java:197)
	at org.apache.ratis.server.impl.LeaderElection.run(LeaderElection.java:133)
	at java.lang.Thread.run(Thread.java:748)
Caused by: org.apache.ratis.thirdparty.io.grpc.StatusRuntimeException: UNAVAILABLE: io exception
	at org.apache.ratis.thirdparty.io.grpc.stub.ClientCalls.toStatusRuntimeException(ClientCalls.java:233)
	at org.apache.ratis.thirdparty.io.grpc.stub.ClientCalls.getUnchecked(ClientCalls.java:214)
	at org.apache.ratis.thirdparty.io.grpc.stub.ClientCalls.blockingUnaryCall(ClientCalls.java:139)
	at org.apache.ratis.proto.grpc.RaftServerProtocolServiceGrpc$RaftServerProtocolServiceBlockingStub.requestVote(RaftServerProtocolServiceGrpc.java:265)
	at org.apache.ratis.grpc.server.GrpcServerProtocolClient.requestVote(GrpcServerProtocolClient.java:99)
	at org.apache.ratis.grpc.server.GrpcService.requestVote(GrpcService.java:204)
	at org.apache.ratis.server.impl.LeaderElection.lambda$submitRequests$1(LeaderElection.java:234)
	at java.util.concurrent.FutureTask.run(FutureTask.java:266)
	at java.util.concurrent.Executors$RunnableAdapter.call(Executors.java:511)
	at java.util.concurrent.FutureTask.run(FutureTask.java:266)
	at java.util.concurrent.ThreadPoolExecutor.runWorker(ThreadPoolExecutor.java:1149)
	at java.util.concurrent.ThreadPoolExecutor$Worker.run(ThreadPoolExecutor.java:624)
	... 1 more
Caused by: org.apache.ratis.thirdparty.io.netty.channel.AbstractChannel$AnnotatedConnectException: Connection refused: /192.168.69.118:39205
	at sun.nio.ch.SocketChannelImpl.checkConnect(Native Method)
	at sun.nio.ch.SocketChannelImpl.finishConnect(SocketChannelImpl.java:717)
	at org.apache.ratis.thirdparty.io.netty.channel.socket.nio.NioSocketChannel.doFinishConnect(NioSocketChannel.java:327)
	at org.apache.ratis.thirdparty.io.netty.channel.nio.AbstractNioChannel$AbstractNioUnsafe.finishConnect(AbstractNioChannel.java:340)
	at org.apache.ratis.thirdparty.io.netty.channel.nio.NioEventLoop.processSelectedKey(NioEventLoop.java:632)
	at org.apache.ratis.thirdparty.io.netty.channel.nio.NioEventLoop.processSelectedKeysOptimized(NioEventLoop.java:579)
	at org.apache.ratis.thirdparty.io.netty.channel.nio.NioEventLoop.processSelectedKeys(NioEventLoop.java:496)
	at org.apache.ratis.thirdparty.io.netty.channel.nio.NioEventLoop.run(NioEventLoop.java:458)
	at org.apache.ratis.thirdparty.io.netty.util.concurrent.SingleThreadEventExecutor$5.run(SingleThreadEventExecutor.java:897)
	at org.apache.ratis.thirdparty.io.netty.util.concurrent.FastThreadLocalRunnable.run(FastThreadLocalRunnable.java:30)
	... 1 more
Caused by: java.net.ConnectException: Connection refused
	... 11 more
2019-10-23 12:13:47,874 [ad4d83c7-0f96-47bc-a4e8-7e5d9f844896@group-24C785E9A0FC-LeaderElection235] INFO  impl.RaftServerImpl (RaftServerImpl.java:setRole(184)) - ad4d83c7-0f96-47bc-a4e8-7e5d9f844896@group-24C785E9A0FC: changes role from CANDIDATE to FOLLOWER at term 234 for DISCOVERED_A_NEW_TERM
2019-10-23 12:13:47,874 [ad4d83c7-0f96-47bc-a4e8-7e5d9f844896@group-24C785E9A0FC-LeaderElection235] INFO  impl.RoleInfo (RoleInfo.java:shutdownLeaderElection(134)) - ad4d83c7-0f96-47bc-a4e8-7e5d9f844896: shutdown LeaderElection
2019-10-23 12:13:47,874 [ad4d83c7-0f96-47bc-a4e8-7e5d9f844896@group-24C785E9A0FC-LeaderElection235] INFO  impl.RoleInfo (RoleInfo.java:updateAndGet(143)) - ad4d83c7-0f96-47bc-a4e8-7e5d9f844896: start FollowerState
2019-10-23 12:13:47,879 [Thread-1980] INFO  impl.FollowerState (FollowerState.java:run(108)) - ad4d83c7-0f96-47bc-a4e8-7e5d9f844896@group-24C785E9A0FC-FollowerState: change to CANDIDATE, lastRpcTime:4ms, electionTimeout:4ms
2019-10-23 12:13:47,879 [Thread-1980] INFO  impl.RoleInfo (RoleInfo.java:shutdownFollowerState(121)) - ad4d83c7-0f96-47bc-a4e8-7e5d9f844896: shutdown FollowerState
2019-10-23 12:13:47,879 [Thread-1980] INFO  impl.RaftServerImpl (RaftServerImpl.java:setRole(184)) - ad4d83c7-0f96-47bc-a4e8-7e5d9f844896@group-24C785E9A0FC: changes role from  FOLLOWER to CANDIDATE at term 234 for changeToCandidate
2019-10-23 12:13:47,879 [Thread-1980] INFO  impl.RoleInfo (RoleInfo.java:updateAndGet(143)) - ad4d83c7-0f96-47bc-a4e8-7e5d9f844896: start LeaderElection
2019-10-23 12:13:47,892 [ad4d83c7-0f96-47bc-a4e8-7e5d9f844896@group-24C785E9A0FC-LeaderElection236] INFO  impl.LeaderElection (LeaderElection.java:askForVotes(178)) - ad4d83c7-0f96-47bc-a4e8-7e5d9f844896@group-24C785E9A0FC-LeaderElection236: begin an election at term 235 for -1: [3b749b59-de2a-419b-9a26-261692f5c83c:192.168.69.118:39205, ad4d83c7-0f96-47bc-a4e8-7e5d9f844896:192.168.69.118:41688, 02863277-f564-4bc6-8337-fb22627f6f1a:192.168.69.118:36850], old=null
2019-10-23 12:13:47,893 [ad4d83c7-0f96-47bc-a4e8-7e5d9f844896@group-24C785E9A0FC-LeaderElection236] INFO  impl.LeaderElection (LogUtils.java:infoOrTrace(149)) - ad4d83c7-0f96-47bc-a4e8-7e5d9f844896@group-24C785E9A0FC-LeaderElection236 got exception when requesting votes: {}
java.util.concurrent.ExecutionException: org.apache.ratis.thirdparty.io.grpc.StatusRuntimeException: UNAVAILABLE: io exception
	at java.util.concurrent.FutureTask.report(FutureTask.java:122)
	at java.util.concurrent.FutureTask.get(FutureTask.java:192)
	at org.apache.ratis.server.impl.LeaderElection.waitForResults(LeaderElection.java:259)
	at org.apache.ratis.server.impl.LeaderElection.askForVotes(LeaderElection.java:197)
	at org.apache.ratis.server.impl.LeaderElection.run(LeaderElection.java:133)
	at java.lang.Thread.run(Thread.java:748)
Caused by: org.apache.ratis.thirdparty.io.grpc.StatusRuntimeException: UNAVAILABLE: io exception
	at org.apache.ratis.thirdparty.io.grpc.stub.ClientCalls.toStatusRuntimeException(ClientCalls.java:233)
	at org.apache.ratis.thirdparty.io.grpc.stub.ClientCalls.getUnchecked(ClientCalls.java:214)
	at org.apache.ratis.thirdparty.io.grpc.stub.ClientCalls.blockingUnaryCall(ClientCalls.java:139)
	at org.apache.ratis.proto.grpc.RaftServerProtocolServiceGrpc$RaftServerProtocolServiceBlockingStub.requestVote(RaftServerProtocolServiceGrpc.java:265)
	at org.apache.ratis.grpc.server.GrpcServerProtocolClient.requestVote(GrpcServerProtocolClient.java:99)
	at org.apache.ratis.grpc.server.GrpcService.requestVote(GrpcService.java:204)
	at org.apache.ratis.server.impl.LeaderElection.lambda$submitRequests$1(LeaderElection.java:234)
	at java.util.concurrent.FutureTask.run(FutureTask.java:266)
	at java.util.concurrent.Executors$RunnableAdapter.call(Executors.java:511)
	at java.util.concurrent.FutureTask.run(FutureTask.java:266)
	at java.util.concurrent.ThreadPoolExecutor.runWorker(ThreadPoolExecutor.java:1149)
	at java.util.concurrent.ThreadPoolExecutor$Worker.run(ThreadPoolExecutor.java:624)
	... 1 more
Caused by: org.apache.ratis.thirdparty.io.netty.channel.AbstractChannel$AnnotatedConnectException: Connection refused: /192.168.69.118:39205
	at sun.nio.ch.SocketChannelImpl.checkConnect(Native Method)
	at sun.nio.ch.SocketChannelImpl.finishConnect(SocketChannelImpl.java:717)
	at org.apache.ratis.thirdparty.io.netty.channel.socket.nio.NioSocketChannel.doFinishConnect(NioSocketChannel.java:327)
	at org.apache.ratis.thirdparty.io.netty.channel.nio.AbstractNioChannel$AbstractNioUnsafe.finishConnect(AbstractNioChannel.java:340)
	at org.apache.ratis.thirdparty.io.netty.channel.nio.NioEventLoop.processSelectedKey(NioEventLoop.java:632)
	at org.apache.ratis.thirdparty.io.netty.channel.nio.NioEventLoop.processSelectedKeysOptimized(NioEventLoop.java:579)
	at org.apache.ratis.thirdparty.io.netty.channel.nio.NioEventLoop.processSelectedKeys(NioEventLoop.java:496)
	at org.apache.ratis.thirdparty.io.netty.channel.nio.NioEventLoop.run(NioEventLoop.java:458)
	at org.apache.ratis.thirdparty.io.netty.util.concurrent.SingleThreadEventExecutor$5.run(SingleThreadEventExecutor.java:897)
	at org.apache.ratis.thirdparty.io.netty.util.concurrent.FastThreadLocalRunnable.run(FastThreadLocalRunnable.java:30)
	... 1 more
Caused by: java.net.ConnectException: Connection refused
	... 11 more
2019-10-23 12:13:47,894 [grpc-default-executor-4] INFO  impl.RaftServerImpl (RaftServerImpl.java:setRole(184)) - 02863277-f564-4bc6-8337-fb22627f6f1a@group-24C785E9A0FC: changes role from  FOLLOWER to FOLLOWER at term 235 for recognizeCandidate:ad4d83c7-0f96-47bc-a4e8-7e5d9f844896
2019-10-23 12:13:47,894 [grpc-default-executor-4] INFO  impl.RoleInfo (RoleInfo.java:shutdownFollowerState(121)) - 02863277-f564-4bc6-8337-fb22627f6f1a: shutdown FollowerState
2019-10-23 12:13:47,894 [grpc-default-executor-4] INFO  impl.RoleInfo (RoleInfo.java:updateAndGet(143)) - 02863277-f564-4bc6-8337-fb22627f6f1a: start FollowerState
2019-10-23 12:13:47,894 [Thread-1979] INFO  impl.FollowerState (FollowerState.java:run(117)) - 02863277-f564-4bc6-8337-fb22627f6f1a@group-24C785E9A0FC-FollowerState was interrupted: java.lang.InterruptedException: sleep interrupted
2019-10-23 12:13:47,907 [ad4d83c7-0f96-47bc-a4e8-7e5d9f844896@group-24C785E9A0FC-LeaderElection236] INFO  impl.LeaderElection (LeaderElection.java:logAndReturn(56)) - ad4d83c7-0f96-47bc-a4e8-7e5d9f844896@group-24C785E9A0FC-LeaderElection236: Election REJECTED; received 1 response(s) [ad4d83c7-0f96-47bc-a4e8-7e5d9f844896<-02863277-f564-4bc6-8337-fb22627f6f1a#0:FAIL-t235] and 1 exception(s); ad4d83c7-0f96-47bc-a4e8-7e5d9f844896@group-24C785E9A0FC:t235, leader=null, voted=ad4d83c7-0f96-47bc-a4e8-7e5d9f844896, raftlog=ad4d83c7-0f96-47bc-a4e8-7e5d9f844896@group-24C785E9A0FC-SegmentedRaftLog:OPENED:c-1,f-1,i0, conf=-1: [3b749b59-de2a-419b-9a26-261692f5c83c:192.168.69.118:39205, ad4d83c7-0f96-47bc-a4e8-7e5d9f844896:192.168.69.118:41688, 02863277-f564-4bc6-8337-fb22627f6f1a:192.168.69.118:36850], old=null
2019-10-23 12:13:47,907 [ad4d83c7-0f96-47bc-a4e8-7e5d9f844896@group-24C785E9A0FC-LeaderElection236] INFO  impl.LeaderElection (LogUtils.java:infoOrTrace(149)) -   Exception 0: {}
java.util.concurrent.ExecutionException: org.apache.ratis.thirdparty.io.grpc.StatusRuntimeException: UNAVAILABLE: io exception
	at java.util.concurrent.FutureTask.report(FutureTask.java:122)
	at java.util.concurrent.FutureTask.get(FutureTask.java:192)
	at org.apache.ratis.server.impl.LeaderElection.waitForResults(LeaderElection.java:259)
	at org.apache.ratis.server.impl.LeaderElection.askForVotes(LeaderElection.java:197)
	at org.apache.ratis.server.impl.LeaderElection.run(LeaderElection.java:133)
	at java.lang.Thread.run(Thread.java:748)
Caused by: org.apache.ratis.thirdparty.io.grpc.StatusRuntimeException: UNAVAILABLE: io exception
	at org.apache.ratis.thirdparty.io.grpc.stub.ClientCalls.toStatusRuntimeException(ClientCalls.java:233)
	at org.apache.ratis.thirdparty.io.grpc.stub.ClientCalls.getUnchecked(ClientCalls.java:214)
	at org.apache.ratis.thirdparty.io.grpc.stub.ClientCalls.blockingUnaryCall(ClientCalls.java:139)
	at org.apache.ratis.proto.grpc.RaftServerProtocolServiceGrpc$RaftServerProtocolServiceBlockingStub.requestVote(RaftServerProtocolServiceGrpc.java:265)
	at org.apache.ratis.grpc.server.GrpcServerProtocolClient.requestVote(GrpcServerProtocolClient.java:99)
	at org.apache.ratis.grpc.server.GrpcService.requestVote(GrpcService.java:204)
	at org.apache.ratis.server.impl.LeaderElection.lambda$submitRequests$1(LeaderElection.java:234)
	at java.util.concurrent.FutureTask.run(FutureTask.java:266)
	at java.util.concurrent.Executors$RunnableAdapter.call(Executors.java:511)
	at java.util.concurrent.FutureTask.run(FutureTask.java:266)
	at java.util.concurrent.ThreadPoolExecutor.runWorker(ThreadPoolExecutor.java:1149)
	at java.util.concurrent.ThreadPoolExecutor$Worker.run(ThreadPoolExecutor.java:624)
	... 1 more
Caused by: org.apache.ratis.thirdparty.io.netty.channel.AbstractChannel$AnnotatedConnectException: Connection refused: /192.168.69.118:39205
	at sun.nio.ch.SocketChannelImpl.checkConnect(Native Method)
	at sun.nio.ch.SocketChannelImpl.finishConnect(SocketChannelImpl.java:717)
	at org.apache.ratis.thirdparty.io.netty.channel.socket.nio.NioSocketChannel.doFinishConnect(NioSocketChannel.java:327)
	at org.apache.ratis.thirdparty.io.netty.channel.nio.AbstractNioChannel$AbstractNioUnsafe.finishConnect(AbstractNioChannel.java:340)
	at org.apache.ratis.thirdparty.io.netty.channel.nio.NioEventLoop.processSelectedKey(NioEventLoop.java:632)
	at org.apache.ratis.thirdparty.io.netty.channel.nio.NioEventLoop.processSelectedKeysOptimized(NioEventLoop.java:579)
	at org.apache.ratis.thirdparty.io.netty.channel.nio.NioEventLoop.processSelectedKeys(NioEventLoop.java:496)
	at org.apache.ratis.thirdparty.io.netty.channel.nio.NioEventLoop.run(NioEventLoop.java:458)
	at org.apache.ratis.thirdparty.io.netty.util.concurrent.SingleThreadEventExecutor$5.run(SingleThreadEventExecutor.java:897)
	at org.apache.ratis.thirdparty.io.netty.util.concurrent.FastThreadLocalRunnable.run(FastThreadLocalRunnable.java:30)
	... 1 more
Caused by: java.net.ConnectException: Connection refused
	... 11 more
2019-10-23 12:13:47,907 [ad4d83c7-0f96-47bc-a4e8-7e5d9f844896@group-24C785E9A0FC-LeaderElection236] INFO  impl.RaftServerImpl (RaftServerImpl.java:setRole(184)) - ad4d83c7-0f96-47bc-a4e8-7e5d9f844896@group-24C785E9A0FC: changes role from CANDIDATE to FOLLOWER at term 235 for DISCOVERED_A_NEW_TERM
2019-10-23 12:13:47,908 [ad4d83c7-0f96-47bc-a4e8-7e5d9f844896@group-24C785E9A0FC-LeaderElection236] INFO  impl.RoleInfo (RoleInfo.java:shutdownLeaderElection(134)) - ad4d83c7-0f96-47bc-a4e8-7e5d9f844896: shutdown LeaderElection
2019-10-23 12:13:47,908 [ad4d83c7-0f96-47bc-a4e8-7e5d9f844896@group-24C785E9A0FC-LeaderElection236] INFO  impl.RoleInfo (RoleInfo.java:updateAndGet(143)) - ad4d83c7-0f96-47bc-a4e8-7e5d9f844896: start FollowerState
2019-10-23 12:13:47,987 [Thread-1985] INFO  impl.FollowerState (FollowerState.java:run(108)) - ad4d83c7-0f96-47bc-a4e8-7e5d9f844896@group-24C785E9A0FC-FollowerState: change to CANDIDATE, lastRpcTime:79ms, electionTimeout:79ms
2019-10-23 12:13:47,987 [Thread-1985] INFO  impl.RoleInfo (RoleInfo.java:shutdownFollowerState(121)) - ad4d83c7-0f96-47bc-a4e8-7e5d9f844896: shutdown FollowerState
2019-10-23 12:13:47,987 [Thread-1985] INFO  impl.RaftServerImpl (RaftServerImpl.java:setRole(184)) - ad4d83c7-0f96-47bc-a4e8-7e5d9f844896@group-24C785E9A0FC: changes role from  FOLLOWER to CANDIDATE at term 235 for changeToCandidate
2019-10-23 12:13:47,987 [Thread-1985] INFO  impl.RoleInfo (RoleInfo.java:updateAndGet(143)) - ad4d83c7-0f96-47bc-a4e8-7e5d9f844896: start LeaderElection
2019-10-23 12:13:48,002 [ad4d83c7-0f96-47bc-a4e8-7e5d9f844896@group-24C785E9A0FC-LeaderElection237] INFO  impl.LeaderElection (LeaderElection.java:askForVotes(178)) - ad4d83c7-0f96-47bc-a4e8-7e5d9f844896@group-24C785E9A0FC-LeaderElection237: begin an election at term 236 for -1: [3b749b59-de2a-419b-9a26-261692f5c83c:192.168.69.118:39205, ad4d83c7-0f96-47bc-a4e8-7e5d9f844896:192.168.69.118:41688, 02863277-f564-4bc6-8337-fb22627f6f1a:192.168.69.118:36850], old=null
2019-10-23 12:13:48,003 [ad4d83c7-0f96-47bc-a4e8-7e5d9f844896@group-24C785E9A0FC-LeaderElection237] INFO  impl.LeaderElection (LogUtils.java:infoOrTrace(149)) - ad4d83c7-0f96-47bc-a4e8-7e5d9f844896@group-24C785E9A0FC-LeaderElection237 got exception when requesting votes: {}
java.util.concurrent.ExecutionException: org.apache.ratis.thirdparty.io.grpc.StatusRuntimeException: UNAVAILABLE: io exception
	at java.util.concurrent.FutureTask.report(FutureTask.java:122)
	at java.util.concurrent.FutureTask.get(FutureTask.java:192)
	at org.apache.ratis.server.impl.LeaderElection.waitForResults(LeaderElection.java:259)
	at org.apache.ratis.server.impl.LeaderElection.askForVotes(LeaderElection.java:197)
	at org.apache.ratis.server.impl.LeaderElection.run(LeaderElection.java:133)
	at java.lang.Thread.run(Thread.java:748)
Caused by: org.apache.ratis.thirdparty.io.grpc.StatusRuntimeException: UNAVAILABLE: io exception
	at org.apache.ratis.thirdparty.io.grpc.stub.ClientCalls.toStatusRuntimeException(ClientCalls.java:233)
	at org.apache.ratis.thirdparty.io.grpc.stub.ClientCalls.getUnchecked(ClientCalls.java:214)
	at org.apache.ratis.thirdparty.io.grpc.stub.ClientCalls.blockingUnaryCall(ClientCalls.java:139)
	at org.apache.ratis.proto.grpc.RaftServerProtocolServiceGrpc$RaftServerProtocolServiceBlockingStub.requestVote(RaftServerProtocolServiceGrpc.java:265)
	at org.apache.ratis.grpc.server.GrpcServerProtocolClient.requestVote(GrpcServerProtocolClient.java:99)
	at org.apache.ratis.grpc.server.GrpcService.requestVote(GrpcService.java:204)
	at org.apache.ratis.server.impl.LeaderElection.lambda$submitRequests$1(LeaderElection.java:234)
	at java.util.concurrent.FutureTask.run(FutureTask.java:266)
	at java.util.concurrent.Executors$RunnableAdapter.call(Executors.java:511)
	at java.util.concurrent.FutureTask.run(FutureTask.java:266)
	at java.util.concurrent.ThreadPoolExecutor.runWorker(ThreadPoolExecutor.java:1149)
	at java.util.concurrent.ThreadPoolExecutor$Worker.run(ThreadPoolExecutor.java:624)
	... 1 more
Caused by: org.apache.ratis.thirdparty.io.netty.channel.AbstractChannel$AnnotatedConnectException: Connection refused: /192.168.69.118:39205
	at sun.nio.ch.SocketChannelImpl.checkConnect(Native Method)
	at sun.nio.ch.SocketChannelImpl.finishConnect(SocketChannelImpl.java:717)
	at org.apache.ratis.thirdparty.io.netty.channel.socket.nio.NioSocketChannel.doFinishConnect(NioSocketChannel.java:327)
	at org.apache.ratis.thirdparty.io.netty.channel.nio.AbstractNioChannel$AbstractNioUnsafe.finishConnect(AbstractNioChannel.java:340)
	at org.apache.ratis.thirdparty.io.netty.channel.nio.NioEventLoop.processSelectedKey(NioEventLoop.java:632)
	at org.apache.ratis.thirdparty.io.netty.channel.nio.NioEventLoop.processSelectedKeysOptimized(NioEventLoop.java:579)
	at org.apache.ratis.thirdparty.io.netty.channel.nio.NioEventLoop.processSelectedKeys(NioEventLoop.java:496)
	at org.apache.ratis.thirdparty.io.netty.channel.nio.NioEventLoop.run(NioEventLoop.java:458)
	at org.apache.ratis.thirdparty.io.netty.util.concurrent.SingleThreadEventExecutor$5.run(SingleThreadEventExecutor.java:897)
	at org.apache.ratis.thirdparty.io.netty.util.concurrent.FastThreadLocalRunnable.run(FastThreadLocalRunnable.java:30)
	... 1 more
Caused by: java.net.ConnectException: Connection refused
	... 11 more
2019-10-23 12:13:48,004 [grpc-default-executor-4] INFO  impl.RaftServerImpl (RaftServerImpl.java:setRole(184)) - 02863277-f564-4bc6-8337-fb22627f6f1a@group-24C785E9A0FC: changes role from  FOLLOWER to FOLLOWER at term 236 for recognizeCandidate:ad4d83c7-0f96-47bc-a4e8-7e5d9f844896
2019-10-23 12:13:48,004 [grpc-default-executor-4] INFO  impl.RoleInfo (RoleInfo.java:shutdownFollowerState(121)) - 02863277-f564-4bc6-8337-fb22627f6f1a: shutdown FollowerState
2019-10-23 12:13:48,004 [grpc-default-executor-4] INFO  impl.RoleInfo (RoleInfo.java:updateAndGet(143)) - 02863277-f564-4bc6-8337-fb22627f6f1a: start FollowerState
2019-10-23 12:13:48,004 [Thread-1984] INFO  impl.FollowerState (FollowerState.java:run(117)) - 02863277-f564-4bc6-8337-fb22627f6f1a@group-24C785E9A0FC-FollowerState was interrupted: java.lang.InterruptedException: sleep interrupted
2019-10-23 12:13:48,019 [ad4d83c7-0f96-47bc-a4e8-7e5d9f844896@group-24C785E9A0FC-LeaderElection237] INFO  impl.LeaderElection (LeaderElection.java:logAndReturn(56)) - ad4d83c7-0f96-47bc-a4e8-7e5d9f844896@group-24C785E9A0FC-LeaderElection237: Election REJECTED; received 1 response(s) [ad4d83c7-0f96-47bc-a4e8-7e5d9f844896<-02863277-f564-4bc6-8337-fb22627f6f1a#0:FAIL-t236] and 1 exception(s); ad4d83c7-0f96-47bc-a4e8-7e5d9f844896@group-24C785E9A0FC:t236, leader=null, voted=ad4d83c7-0f96-47bc-a4e8-7e5d9f844896, raftlog=ad4d83c7-0f96-47bc-a4e8-7e5d9f844896@group-24C785E9A0FC-SegmentedRaftLog:OPENED:c-1,f-1,i0, conf=-1: [3b749b59-de2a-419b-9a26-261692f5c83c:192.168.69.118:39205, ad4d83c7-0f96-47bc-a4e8-7e5d9f844896:192.168.69.118:41688, 02863277-f564-4bc6-8337-fb22627f6f1a:192.168.69.118:36850], old=null
2019-10-23 12:13:48,019 [ad4d83c7-0f96-47bc-a4e8-7e5d9f844896@group-24C785E9A0FC-LeaderElection237] INFO  impl.LeaderElection (LogUtils.java:infoOrTrace(149)) -   Exception 0: {}
java.util.concurrent.ExecutionException: org.apache.ratis.thirdparty.io.grpc.StatusRuntimeException: UNAVAILABLE: io exception
	at java.util.concurrent.FutureTask.report(FutureTask.java:122)
	at java.util.concurrent.FutureTask.get(FutureTask.java:192)
	at org.apache.ratis.server.impl.LeaderElection.waitForResults(LeaderElection.java:259)
	at org.apache.ratis.server.impl.LeaderElection.askForVotes(LeaderElection.java:197)
	at org.apache.ratis.server.impl.LeaderElection.run(LeaderElection.java:133)
	at java.lang.Thread.run(Thread.java:748)
Caused by: org.apache.ratis.thirdparty.io.grpc.StatusRuntimeException: UNAVAILABLE: io exception
	at org.apache.ratis.thirdparty.io.grpc.stub.ClientCalls.toStatusRuntimeException(ClientCalls.java:233)
	at org.apache.ratis.thirdparty.io.grpc.stub.ClientCalls.getUnchecked(ClientCalls.java:214)
	at org.apache.ratis.thirdparty.io.grpc.stub.ClientCalls.blockingUnaryCall(ClientCalls.java:139)
	at org.apache.ratis.proto.grpc.RaftServerProtocolServiceGrpc$RaftServerProtocolServiceBlockingStub.requestVote(RaftServerProtocolServiceGrpc.java:265)
	at org.apache.ratis.grpc.server.GrpcServerProtocolClient.requestVote(GrpcServerProtocolClient.java:99)
	at org.apache.ratis.grpc.server.GrpcService.requestVote(GrpcService.java:204)
	at org.apache.ratis.server.impl.LeaderElection.lambda$submitRequests$1(LeaderElection.java:234)
	at java.util.concurrent.FutureTask.run(FutureTask.java:266)
	at java.util.concurrent.Executors$RunnableAdapter.call(Executors.java:511)
	at java.util.concurrent.FutureTask.run(FutureTask.java:266)
	at java.util.concurrent.ThreadPoolExecutor.runWorker(ThreadPoolExecutor.java:1149)
	at java.util.concurrent.ThreadPoolExecutor$Worker.run(ThreadPoolExecutor.java:624)
	... 1 more
Caused by: org.apache.ratis.thirdparty.io.netty.channel.AbstractChannel$AnnotatedConnectException: Connection refused: /192.168.69.118:39205
	at sun.nio.ch.SocketChannelImpl.checkConnect(Native Method)
	at sun.nio.ch.SocketChannelImpl.finishConnect(SocketChannelImpl.java:717)
	at org.apache.ratis.thirdparty.io.netty.channel.socket.nio.NioSocketChannel.doFinishConnect(NioSocketChannel.java:327)
	at org.apache.ratis.thirdparty.io.netty.channel.nio.AbstractNioChannel$AbstractNioUnsafe.finishConnect(AbstractNioChannel.java:340)
	at org.apache.ratis.thirdparty.io.netty.channel.nio.NioEventLoop.processSelectedKey(NioEventLoop.java:632)
	at org.apache.ratis.thirdparty.io.netty.channel.nio.NioEventLoop.processSelectedKeysOptimized(NioEventLoop.java:579)
	at org.apache.ratis.thirdparty.io.netty.channel.nio.NioEventLoop.processSelectedKeys(NioEventLoop.java:496)
	at org.apache.ratis.thirdparty.io.netty.channel.nio.NioEventLoop.run(NioEventLoop.java:458)
	at org.apache.ratis.thirdparty.io.netty.util.concurrent.SingleThreadEventExecutor$5.run(SingleThreadEventExecutor.java:897)
	at org.apache.ratis.thirdparty.io.netty.util.concurrent.FastThreadLocalRunnable.run(FastThreadLocalRunnable.java:30)
	... 1 more
Caused by: java.net.ConnectException: Connection refused
	... 11 more
2019-10-23 12:13:48,020 [ad4d83c7-0f96-47bc-a4e8-7e5d9f844896@group-24C785E9A0FC-LeaderElection237] INFO  impl.RaftServerImpl (RaftServerImpl.java:setRole(184)) - ad4d83c7-0f96-47bc-a4e8-7e5d9f844896@group-24C785E9A0FC: changes role from CANDIDATE to FOLLOWER at term 236 for DISCOVERED_A_NEW_TERM
2019-10-23 12:13:48,020 [ad4d83c7-0f96-47bc-a4e8-7e5d9f844896@group-24C785E9A0FC-LeaderElection237] INFO  impl.RoleInfo (RoleInfo.java:shutdownLeaderElection(134)) - ad4d83c7-0f96-47bc-a4e8-7e5d9f844896: shutdown LeaderElection
2019-10-23 12:13:48,020 [ad4d83c7-0f96-47bc-a4e8-7e5d9f844896@group-24C785E9A0FC-LeaderElection237] INFO  impl.RoleInfo (RoleInfo.java:updateAndGet(143)) - ad4d83c7-0f96-47bc-a4e8-7e5d9f844896: start FollowerState
2019-10-23 12:13:48,080 [java.util.concurrent.ThreadPoolExecutor$Worker@d45e495[State = -1, empty queue]] WARN  server.GrpcLogAppender (GrpcLogAppender.java:timeoutAppendRequest(209)) - 787770cd-56b0-4d21-897f-e9f49f0f8295@group-0F120BA276DC->7b74cae2-68bb-403f-9342-7e82e321628a-GrpcLogAppender: appendEntries Timeout, request=787770cd-56b0-4d21-897f-e9f49f0f8295->7b74cae2-68bb-403f-9342-7e82e321628a#58-t2, previous=(t:2, i:4), leaderCommit=4, initializing? false, entries: <empty>
2019-10-23 12:13:48,080 [java.util.concurrent.ThreadPoolExecutor$Worker@5376dd6[State = -1, empty queue]] WARN  server.GrpcLogAppender (GrpcLogAppender.java:timeoutAppendRequest(209)) - 787770cd-56b0-4d21-897f-e9f49f0f8295@group-0F120BA276DC->1d5d0298-6e55-4fca-8e63-ae12c20f52e9-GrpcLogAppender: appendEntries Timeout, request=787770cd-56b0-4d21-897f-e9f49f0f8295->1d5d0298-6e55-4fca-8e63-ae12c20f52e9#58-t2, previous=(t:2, i:4), leaderCommit=4, initializing? false, entries: <empty>
2019-10-23 12:13:48,145 [Thread-1990] INFO  impl.FollowerState (FollowerState.java:run(108)) - ad4d83c7-0f96-47bc-a4e8-7e5d9f844896@group-24C785E9A0FC-FollowerState: change to CANDIDATE, lastRpcTime:125ms, electionTimeout:125ms
2019-10-23 12:13:48,146 [Thread-1990] INFO  impl.RoleInfo (RoleInfo.java:shutdownFollowerState(121)) - ad4d83c7-0f96-47bc-a4e8-7e5d9f844896: shutdown FollowerState
2019-10-23 12:13:48,146 [Thread-1990] INFO  impl.RaftServerImpl (RaftServerImpl.java:setRole(184)) - ad4d83c7-0f96-47bc-a4e8-7e5d9f844896@group-24C785E9A0FC: changes role from  FOLLOWER to CANDIDATE at term 236 for changeToCandidate
2019-10-23 12:13:48,146 [Thread-1990] INFO  impl.RoleInfo (RoleInfo.java:updateAndGet(143)) - ad4d83c7-0f96-47bc-a4e8-7e5d9f844896: start LeaderElection
2019-10-23 12:13:48,159 [ad4d83c7-0f96-47bc-a4e8-7e5d9f844896@group-24C785E9A0FC-LeaderElection238] INFO  impl.LeaderElection (LeaderElection.java:askForVotes(178)) - ad4d83c7-0f96-47bc-a4e8-7e5d9f844896@group-24C785E9A0FC-LeaderElection238: begin an election at term 237 for -1: [3b749b59-de2a-419b-9a26-261692f5c83c:192.168.69.118:39205, ad4d83c7-0f96-47bc-a4e8-7e5d9f844896:192.168.69.118:41688, 02863277-f564-4bc6-8337-fb22627f6f1a:192.168.69.118:36850], old=null
2019-10-23 12:13:48,160 [ad4d83c7-0f96-47bc-a4e8-7e5d9f844896@group-24C785E9A0FC-LeaderElection238] INFO  impl.LeaderElection (LogUtils.java:infoOrTrace(149)) - ad4d83c7-0f96-47bc-a4e8-7e5d9f844896@group-24C785E9A0FC-LeaderElection238 got exception when requesting votes: {}
java.util.concurrent.ExecutionException: org.apache.ratis.thirdparty.io.grpc.StatusRuntimeException: UNAVAILABLE: io exception
	at java.util.concurrent.FutureTask.report(FutureTask.java:122)
	at java.util.concurrent.FutureTask.get(FutureTask.java:192)
	at org.apache.ratis.server.impl.LeaderElection.waitForResults(LeaderElection.java:259)
	at org.apache.ratis.server.impl.LeaderElection.askForVotes(LeaderElection.java:197)
	at org.apache.ratis.server.impl.LeaderElection.run(LeaderElection.java:133)
	at java.lang.Thread.run(Thread.java:748)
Caused by: org.apache.ratis.thirdparty.io.grpc.StatusRuntimeException: UNAVAILABLE: io exception
	at org.apache.ratis.thirdparty.io.grpc.stub.ClientCalls.toStatusRuntimeException(ClientCalls.java:233)
	at org.apache.ratis.thirdparty.io.grpc.stub.ClientCalls.getUnchecked(ClientCalls.java:214)
	at org.apache.ratis.thirdparty.io.grpc.stub.ClientCalls.blockingUnaryCall(ClientCalls.java:139)
	at org.apache.ratis.proto.grpc.RaftServerProtocolServiceGrpc$RaftServerProtocolServiceBlockingStub.requestVote(RaftServerProtocolServiceGrpc.java:265)
	at org.apache.ratis.grpc.server.GrpcServerProtocolClient.requestVote(GrpcServerProtocolClient.java:99)
	at org.apache.ratis.grpc.server.GrpcService.requestVote(GrpcService.java:204)
	at org.apache.ratis.server.impl.LeaderElection.lambda$submitRequests$1(LeaderElection.java:234)
	at java.util.concurrent.FutureTask.run(FutureTask.java:266)
	at java.util.concurrent.Executors$RunnableAdapter.call(Executors.java:511)
	at java.util.concurrent.FutureTask.run(FutureTask.java:266)
	at java.util.concurrent.ThreadPoolExecutor.runWorker(ThreadPoolExecutor.java:1149)
	at java.util.concurrent.ThreadPoolExecutor$Worker.run(ThreadPoolExecutor.java:624)
	... 1 more
Caused by: org.apache.ratis.thirdparty.io.netty.channel.AbstractChannel$AnnotatedConnectException: Connection refused: /192.168.69.118:39205
	at sun.nio.ch.SocketChannelImpl.checkConnect(Native Method)
	at sun.nio.ch.SocketChannelImpl.finishConnect(SocketChannelImpl.java:717)
	at org.apache.ratis.thirdparty.io.netty.channel.socket.nio.NioSocketChannel.doFinishConnect(NioSocketChannel.java:327)
	at org.apache.ratis.thirdparty.io.netty.channel.nio.AbstractNioChannel$AbstractNioUnsafe.finishConnect(AbstractNioChannel.java:340)
	at org.apache.ratis.thirdparty.io.netty.channel.nio.NioEventLoop.processSelectedKey(NioEventLoop.java:632)
	at org.apache.ratis.thirdparty.io.netty.channel.nio.NioEventLoop.processSelectedKeysOptimized(NioEventLoop.java:579)
	at org.apache.ratis.thirdparty.io.netty.channel.nio.NioEventLoop.processSelectedKeys(NioEventLoop.java:496)
	at org.apache.ratis.thirdparty.io.netty.channel.nio.NioEventLoop.run(NioEventLoop.java:458)
	at org.apache.ratis.thirdparty.io.netty.util.concurrent.SingleThreadEventExecutor$5.run(SingleThreadEventExecutor.java:897)
	at org.apache.ratis.thirdparty.io.netty.util.concurrent.FastThreadLocalRunnable.run(FastThreadLocalRunnable.java:30)
	... 1 more
Caused by: java.net.ConnectException: Connection refused
	... 11 more
2019-10-23 12:13:48,161 [grpc-default-executor-4] INFO  impl.RaftServerImpl (RaftServerImpl.java:setRole(184)) - 02863277-f564-4bc6-8337-fb22627f6f1a@group-24C785E9A0FC: changes role from  FOLLOWER to FOLLOWER at term 237 for recognizeCandidate:ad4d83c7-0f96-47bc-a4e8-7e5d9f844896
2019-10-23 12:13:48,161 [grpc-default-executor-4] INFO  impl.RoleInfo (RoleInfo.java:shutdownFollowerState(121)) - 02863277-f564-4bc6-8337-fb22627f6f1a: shutdown FollowerState
2019-10-23 12:13:48,161 [grpc-default-executor-4] INFO  impl.RoleInfo (RoleInfo.java:updateAndGet(143)) - 02863277-f564-4bc6-8337-fb22627f6f1a: start FollowerState
2019-10-23 12:13:48,161 [Thread-1989] INFO  impl.FollowerState (FollowerState.java:run(117)) - 02863277-f564-4bc6-8337-fb22627f6f1a@group-24C785E9A0FC-FollowerState was interrupted: java.lang.InterruptedException: sleep interrupted
2019-10-23 12:13:48,175 [ad4d83c7-0f96-47bc-a4e8-7e5d9f844896@group-24C785E9A0FC-LeaderElection238] INFO  impl.LeaderElection (LeaderElection.java:logAndReturn(56)) - ad4d83c7-0f96-47bc-a4e8-7e5d9f844896@group-24C785E9A0FC-LeaderElection238: Election REJECTED; received 1 response(s) [ad4d83c7-0f96-47bc-a4e8-7e5d9f844896<-02863277-f564-4bc6-8337-fb22627f6f1a#0:FAIL-t237] and 1 exception(s); ad4d83c7-0f96-47bc-a4e8-7e5d9f844896@group-24C785E9A0FC:t237, leader=null, voted=ad4d83c7-0f96-47bc-a4e8-7e5d9f844896, raftlog=ad4d83c7-0f96-47bc-a4e8-7e5d9f844896@group-24C785E9A0FC-SegmentedRaftLog:OPENED:c-1,f-1,i0, conf=-1: [3b749b59-de2a-419b-9a26-261692f5c83c:192.168.69.118:39205, ad4d83c7-0f96-47bc-a4e8-7e5d9f844896:192.168.69.118:41688, 02863277-f564-4bc6-8337-fb22627f6f1a:192.168.69.118:36850], old=null
2019-10-23 12:13:48,175 [ad4d83c7-0f96-47bc-a4e8-7e5d9f844896@group-24C785E9A0FC-LeaderElection238] INFO  impl.LeaderElection (LogUtils.java:infoOrTrace(149)) -   Exception 0: {}
java.util.concurrent.ExecutionException: org.apache.ratis.thirdparty.io.grpc.StatusRuntimeException: UNAVAILABLE: io exception
	at java.util.concurrent.FutureTask.report(FutureTask.java:122)
	at java.util.concurrent.FutureTask.get(FutureTask.java:192)
	at org.apache.ratis.server.impl.LeaderElection.waitForResults(LeaderElection.java:259)
	at org.apache.ratis.server.impl.LeaderElection.askForVotes(LeaderElection.java:197)
	at org.apache.ratis.server.impl.LeaderElection.run(LeaderElection.java:133)
	at java.lang.Thread.run(Thread.java:748)
Caused by: org.apache.ratis.thirdparty.io.grpc.StatusRuntimeException: UNAVAILABLE: io exception
	at org.apache.ratis.thirdparty.io.grpc.stub.ClientCalls.toStatusRuntimeException(ClientCalls.java:233)
	at org.apache.ratis.thirdparty.io.grpc.stub.ClientCalls.getUnchecked(ClientCalls.java:214)
	at org.apache.ratis.thirdparty.io.grpc.stub.ClientCalls.blockingUnaryCall(ClientCalls.java:139)
	at org.apache.ratis.proto.grpc.RaftServerProtocolServiceGrpc$RaftServerProtocolServiceBlockingStub.requestVote(RaftServerProtocolServiceGrpc.java:265)
	at org.apache.ratis.grpc.server.GrpcServerProtocolClient.requestVote(GrpcServerProtocolClient.java:99)
	at org.apache.ratis.grpc.server.GrpcService.requestVote(GrpcService.java:204)
	at org.apache.ratis.server.impl.LeaderElection.lambda$submitRequests$1(LeaderElection.java:234)
	at java.util.concurrent.FutureTask.run(FutureTask.java:266)
	at java.util.concurrent.Executors$RunnableAdapter.call(Executors.java:511)
	at java.util.concurrent.FutureTask.run(FutureTask.java:266)
	at java.util.concurrent.ThreadPoolExecutor.runWorker(ThreadPoolExecutor.java:1149)
	at java.util.concurrent.ThreadPoolExecutor$Worker.run(ThreadPoolExecutor.java:624)
	... 1 more
Caused by: org.apache.ratis.thirdparty.io.netty.channel.AbstractChannel$AnnotatedConnectException: Connection refused: /192.168.69.118:39205
	at sun.nio.ch.SocketChannelImpl.checkConnect(Native Method)
	at sun.nio.ch.SocketChannelImpl.finishConnect(SocketChannelImpl.java:717)
	at org.apache.ratis.thirdparty.io.netty.channel.socket.nio.NioSocketChannel.doFinishConnect(NioSocketChannel.java:327)
	at org.apache.ratis.thirdparty.io.netty.channel.nio.AbstractNioChannel$AbstractNioUnsafe.finishConnect(AbstractNioChannel.java:340)
	at org.apache.ratis.thirdparty.io.netty.channel.nio.NioEventLoop.processSelectedKey(NioEventLoop.java:632)
	at org.apache.ratis.thirdparty.io.netty.channel.nio.NioEventLoop.processSelectedKeysOptimized(NioEventLoop.java:579)
	at org.apache.ratis.thirdparty.io.netty.channel.nio.NioEventLoop.processSelectedKeys(NioEventLoop.java:496)
	at org.apache.ratis.thirdparty.io.netty.channel.nio.NioEventLoop.run(NioEventLoop.java:458)
	at org.apache.ratis.thirdparty.io.netty.util.concurrent.SingleThreadEventExecutor$5.run(SingleThreadEventExecutor.java:897)
	at org.apache.ratis.thirdparty.io.netty.util.concurrent.FastThreadLocalRunnable.run(FastThreadLocalRunnable.java:30)
	... 1 more
Caused by: java.net.ConnectException: Connection refused
	... 11 more
2019-10-23 12:13:48,175 [ad4d83c7-0f96-47bc-a4e8-7e5d9f844896@group-24C785E9A0FC-LeaderElection238] INFO  impl.RaftServerImpl (RaftServerImpl.java:setRole(184)) - ad4d83c7-0f96-47bc-a4e8-7e5d9f844896@group-24C785E9A0FC: changes role from CANDIDATE to FOLLOWER at term 237 for DISCOVERED_A_NEW_TERM
2019-10-23 12:13:48,175 [ad4d83c7-0f96-47bc-a4e8-7e5d9f844896@group-24C785E9A0FC-LeaderElection238] INFO  impl.RoleInfo (RoleInfo.java:shutdownLeaderElection(134)) - ad4d83c7-0f96-47bc-a4e8-7e5d9f844896: shutdown LeaderElection
2019-10-23 12:13:48,175 [ad4d83c7-0f96-47bc-a4e8-7e5d9f844896@group-24C785E9A0FC-LeaderElection238] INFO  impl.RoleInfo (RoleInfo.java:updateAndGet(143)) - ad4d83c7-0f96-47bc-a4e8-7e5d9f844896: start FollowerState
2019-10-23 12:13:48,253 [Thread-1995] INFO  impl.FollowerState (FollowerState.java:run(108)) - ad4d83c7-0f96-47bc-a4e8-7e5d9f844896@group-24C785E9A0FC-FollowerState: change to CANDIDATE, lastRpcTime:77ms, electionTimeout:77ms
2019-10-23 12:13:48,253 [Thread-1995] INFO  impl.RoleInfo (RoleInfo.java:shutdownFollowerState(121)) - ad4d83c7-0f96-47bc-a4e8-7e5d9f844896: shutdown FollowerState
2019-10-23 12:13:48,253 [Thread-1995] INFO  impl.RaftServerImpl (RaftServerImpl.java:setRole(184)) - ad4d83c7-0f96-47bc-a4e8-7e5d9f844896@group-24C785E9A0FC: changes role from  FOLLOWER to CANDIDATE at term 237 for changeToCandidate
2019-10-23 12:13:48,253 [Thread-1995] INFO  impl.RoleInfo (RoleInfo.java:updateAndGet(143)) - ad4d83c7-0f96-47bc-a4e8-7e5d9f844896: start LeaderElection
2019-10-23 12:13:48,275 [ad4d83c7-0f96-47bc-a4e8-7e5d9f844896@group-24C785E9A0FC-LeaderElection239] INFO  impl.LeaderElection (LeaderElection.java:askForVotes(178)) - ad4d83c7-0f96-47bc-a4e8-7e5d9f844896@group-24C785E9A0FC-LeaderElection239: begin an election at term 238 for -1: [3b749b59-de2a-419b-9a26-261692f5c83c:192.168.69.118:39205, ad4d83c7-0f96-47bc-a4e8-7e5d9f844896:192.168.69.118:41688, 02863277-f564-4bc6-8337-fb22627f6f1a:192.168.69.118:36850], old=null
2019-10-23 12:13:48,276 [ad4d83c7-0f96-47bc-a4e8-7e5d9f844896@group-24C785E9A0FC-LeaderElection239] INFO  impl.LeaderElection (LogUtils.java:infoOrTrace(149)) - ad4d83c7-0f96-47bc-a4e8-7e5d9f844896@group-24C785E9A0FC-LeaderElection239 got exception when requesting votes: {}
java.util.concurrent.ExecutionException: org.apache.ratis.thirdparty.io.grpc.StatusRuntimeException: UNAVAILABLE: io exception
	at java.util.concurrent.FutureTask.report(FutureTask.java:122)
	at java.util.concurrent.FutureTask.get(FutureTask.java:192)
	at org.apache.ratis.server.impl.LeaderElection.waitForResults(LeaderElection.java:259)
	at org.apache.ratis.server.impl.LeaderElection.askForVotes(LeaderElection.java:197)
	at org.apache.ratis.server.impl.LeaderElection.run(LeaderElection.java:133)
	at java.lang.Thread.run(Thread.java:748)
Caused by: org.apache.ratis.thirdparty.io.grpc.StatusRuntimeException: UNAVAILABLE: io exception
	at org.apache.ratis.thirdparty.io.grpc.stub.ClientCalls.toStatusRuntimeException(ClientCalls.java:233)
	at org.apache.ratis.thirdparty.io.grpc.stub.ClientCalls.getUnchecked(ClientCalls.java:214)
	at org.apache.ratis.thirdparty.io.grpc.stub.ClientCalls.blockingUnaryCall(ClientCalls.java:139)
	at org.apache.ratis.proto.grpc.RaftServerProtocolServiceGrpc$RaftServerProtocolServiceBlockingStub.requestVote(RaftServerProtocolServiceGrpc.java:265)
	at org.apache.ratis.grpc.server.GrpcServerProtocolClient.requestVote(GrpcServerProtocolClient.java:99)
	at org.apache.ratis.grpc.server.GrpcService.requestVote(GrpcService.java:204)
	at org.apache.ratis.server.impl.LeaderElection.lambda$submitRequests$1(LeaderElection.java:234)
	at java.util.concurrent.FutureTask.run(FutureTask.java:266)
	at java.util.concurrent.Executors$RunnableAdapter.call(Executors.java:511)
	at java.util.concurrent.FutureTask.run(FutureTask.java:266)
	at java.util.concurrent.ThreadPoolExecutor.runWorker(ThreadPoolExecutor.java:1149)
	at java.util.concurrent.ThreadPoolExecutor$Worker.run(ThreadPoolExecutor.java:624)
	... 1 more
Caused by: org.apache.ratis.thirdparty.io.netty.channel.AbstractChannel$AnnotatedConnectException: Connection refused: /192.168.69.118:39205
	at sun.nio.ch.SocketChannelImpl.checkConnect(Native Method)
	at sun.nio.ch.SocketChannelImpl.finishConnect(SocketChannelImpl.java:717)
	at org.apache.ratis.thirdparty.io.netty.channel.socket.nio.NioSocketChannel.doFinishConnect(NioSocketChannel.java:327)
	at org.apache.ratis.thirdparty.io.netty.channel.nio.AbstractNioChannel$AbstractNioUnsafe.finishConnect(AbstractNioChannel.java:340)
	at org.apache.ratis.thirdparty.io.netty.channel.nio.NioEventLoop.processSelectedKey(NioEventLoop.java:632)
	at org.apache.ratis.thirdparty.io.netty.channel.nio.NioEventLoop.processSelectedKeysOptimized(NioEventLoop.java:579)
	at org.apache.ratis.thirdparty.io.netty.channel.nio.NioEventLoop.processSelectedKeys(NioEventLoop.java:496)
	at org.apache.ratis.thirdparty.io.netty.channel.nio.NioEventLoop.run(NioEventLoop.java:458)
	at org.apache.ratis.thirdparty.io.netty.util.concurrent.SingleThreadEventExecutor$5.run(SingleThreadEventExecutor.java:897)
	at org.apache.ratis.thirdparty.io.netty.util.concurrent.FastThreadLocalRunnable.run(FastThreadLocalRunnable.java:30)
	... 1 more
Caused by: java.net.ConnectException: Connection refused
	... 11 more
2019-10-23 12:13:48,277 [grpc-default-executor-4] INFO  impl.RaftServerImpl (RaftServerImpl.java:setRole(184)) - 02863277-f564-4bc6-8337-fb22627f6f1a@group-24C785E9A0FC: changes role from  FOLLOWER to FOLLOWER at term 238 for recognizeCandidate:ad4d83c7-0f96-47bc-a4e8-7e5d9f844896
2019-10-23 12:13:48,277 [grpc-default-executor-4] INFO  impl.RoleInfo (RoleInfo.java:shutdownFollowerState(121)) - 02863277-f564-4bc6-8337-fb22627f6f1a: shutdown FollowerState
2019-10-23 12:13:48,277 [grpc-default-executor-4] INFO  impl.RoleInfo (RoleInfo.java:updateAndGet(143)) - 02863277-f564-4bc6-8337-fb22627f6f1a: start FollowerState
2019-10-23 12:13:48,277 [Thread-1994] INFO  impl.FollowerState (FollowerState.java:run(117)) - 02863277-f564-4bc6-8337-fb22627f6f1a@group-24C785E9A0FC-FollowerState was interrupted: java.lang.InterruptedException: sleep interrupted
2019-10-23 12:13:48,290 [ad4d83c7-0f96-47bc-a4e8-7e5d9f844896@group-24C785E9A0FC-LeaderElection239] INFO  impl.LeaderElection (LeaderElection.java:logAndReturn(56)) - ad4d83c7-0f96-47bc-a4e8-7e5d9f844896@group-24C785E9A0FC-LeaderElection239: Election REJECTED; received 1 response(s) [ad4d83c7-0f96-47bc-a4e8-7e5d9f844896<-02863277-f564-4bc6-8337-fb22627f6f1a#0:FAIL-t238] and 1 exception(s); ad4d83c7-0f96-47bc-a4e8-7e5d9f844896@group-24C785E9A0FC:t238, leader=null, voted=ad4d83c7-0f96-47bc-a4e8-7e5d9f844896, raftlog=ad4d83c7-0f96-47bc-a4e8-7e5d9f844896@group-24C785E9A0FC-SegmentedRaftLog:OPENED:c-1,f-1,i0, conf=-1: [3b749b59-de2a-419b-9a26-261692f5c83c:192.168.69.118:39205, ad4d83c7-0f96-47bc-a4e8-7e5d9f844896:192.168.69.118:41688, 02863277-f564-4bc6-8337-fb22627f6f1a:192.168.69.118:36850], old=null
2019-10-23 12:13:48,291 [ad4d83c7-0f96-47bc-a4e8-7e5d9f844896@group-24C785E9A0FC-LeaderElection239] INFO  impl.LeaderElection (LogUtils.java:infoOrTrace(149)) -   Exception 0: {}
java.util.concurrent.ExecutionException: org.apache.ratis.thirdparty.io.grpc.StatusRuntimeException: UNAVAILABLE: io exception
	at java.util.concurrent.FutureTask.report(FutureTask.java:122)
	at java.util.concurrent.FutureTask.get(FutureTask.java:192)
	at org.apache.ratis.server.impl.LeaderElection.waitForResults(LeaderElection.java:259)
	at org.apache.ratis.server.impl.LeaderElection.askForVotes(LeaderElection.java:197)
	at org.apache.ratis.server.impl.LeaderElection.run(LeaderElection.java:133)
	at java.lang.Thread.run(Thread.java:748)
Caused by: org.apache.ratis.thirdparty.io.grpc.StatusRuntimeException: UNAVAILABLE: io exception
	at org.apache.ratis.thirdparty.io.grpc.stub.ClientCalls.toStatusRuntimeException(ClientCalls.java:233)
	at org.apache.ratis.thirdparty.io.grpc.stub.ClientCalls.getUnchecked(ClientCalls.java:214)
	at org.apache.ratis.thirdparty.io.grpc.stub.ClientCalls.blockingUnaryCall(ClientCalls.java:139)
	at org.apache.ratis.proto.grpc.RaftServerProtocolServiceGrpc$RaftServerProtocolServiceBlockingStub.requestVote(RaftServerProtocolServiceGrpc.java:265)
	at org.apache.ratis.grpc.server.GrpcServerProtocolClient.requestVote(GrpcServerProtocolClient.java:99)
	at org.apache.ratis.grpc.server.GrpcService.requestVote(GrpcService.java:204)
	at org.apache.ratis.server.impl.LeaderElection.lambda$submitRequests$1(LeaderElection.java:234)
	at java.util.concurrent.FutureTask.run(FutureTask.java:266)
	at java.util.concurrent.Executors$RunnableAdapter.call(Executors.java:511)
	at java.util.concurrent.FutureTask.run(FutureTask.java:266)
	at java.util.concurrent.ThreadPoolExecutor.runWorker(ThreadPoolExecutor.java:1149)
	at java.util.concurrent.ThreadPoolExecutor$Worker.run(ThreadPoolExecutor.java:624)
	... 1 more
Caused by: org.apache.ratis.thirdparty.io.netty.channel.AbstractChannel$AnnotatedConnectException: Connection refused: /192.168.69.118:39205
	at sun.nio.ch.SocketChannelImpl.checkConnect(Native Method)
	at sun.nio.ch.SocketChannelImpl.finishConnect(SocketChannelImpl.java:717)
	at org.apache.ratis.thirdparty.io.netty.channel.socket.nio.NioSocketChannel.doFinishConnect(NioSocketChannel.java:327)
	at org.apache.ratis.thirdparty.io.netty.channel.nio.AbstractNioChannel$AbstractNioUnsafe.finishConnect(AbstractNioChannel.java:340)
	at org.apache.ratis.thirdparty.io.netty.channel.nio.NioEventLoop.processSelectedKey(NioEventLoop.java:632)
	at org.apache.ratis.thirdparty.io.netty.channel.nio.NioEventLoop.processSelectedKeysOptimized(NioEventLoop.java:579)
	at org.apache.ratis.thirdparty.io.netty.channel.nio.NioEventLoop.processSelectedKeys(NioEventLoop.java:496)
	at org.apache.ratis.thirdparty.io.netty.channel.nio.NioEventLoop.run(NioEventLoop.java:458)
	at org.apache.ratis.thirdparty.io.netty.util.concurrent.SingleThreadEventExecutor$5.run(SingleThreadEventExecutor.java:897)
	at org.apache.ratis.thirdparty.io.netty.util.concurrent.FastThreadLocalRunnable.run(FastThreadLocalRunnable.java:30)
	... 1 more
Caused by: java.net.ConnectException: Connection refused
	... 11 more
2019-10-23 12:13:48,291 [ad4d83c7-0f96-47bc-a4e8-7e5d9f844896@group-24C785E9A0FC-LeaderElection239] INFO  impl.RaftServerImpl (RaftServerImpl.java:setRole(184)) - ad4d83c7-0f96-47bc-a4e8-7e5d9f844896@group-24C785E9A0FC: changes role from CANDIDATE to FOLLOWER at term 238 for DISCOVERED_A_NEW_TERM
2019-10-23 12:13:48,291 [ad4d83c7-0f96-47bc-a4e8-7e5d9f844896@group-24C785E9A0FC-LeaderElection239] INFO  impl.RoleInfo (RoleInfo.java:shutdownLeaderElection(134)) - ad4d83c7-0f96-47bc-a4e8-7e5d9f844896: shutdown LeaderElection
2019-10-23 12:13:48,291 [ad4d83c7-0f96-47bc-a4e8-7e5d9f844896@group-24C785E9A0FC-LeaderElection239] INFO  impl.RoleInfo (RoleInfo.java:updateAndGet(143)) - ad4d83c7-0f96-47bc-a4e8-7e5d9f844896: start FollowerState
2019-10-23 12:13:48,404 [Thread-2000] INFO  impl.FollowerState (FollowerState.java:run(108)) - ad4d83c7-0f96-47bc-a4e8-7e5d9f844896@group-24C785E9A0FC-FollowerState: change to CANDIDATE, lastRpcTime:113ms, electionTimeout:113ms
2019-10-23 12:13:48,404 [Thread-2000] INFO  impl.RoleInfo (RoleInfo.java:shutdownFollowerState(121)) - ad4d83c7-0f96-47bc-a4e8-7e5d9f844896: shutdown FollowerState
2019-10-23 12:13:48,405 [Thread-2000] INFO  impl.RaftServerImpl (RaftServerImpl.java:setRole(184)) - ad4d83c7-0f96-47bc-a4e8-7e5d9f844896@group-24C785E9A0FC: changes role from  FOLLOWER to CANDIDATE at term 238 for changeToCandidate
2019-10-23 12:13:48,405 [Thread-2000] INFO  impl.RoleInfo (RoleInfo.java:updateAndGet(143)) - ad4d83c7-0f96-47bc-a4e8-7e5d9f844896: start LeaderElection
2019-10-23 12:13:48,414 [ad4d83c7-0f96-47bc-a4e8-7e5d9f844896@group-24C785E9A0FC-LeaderElection240] INFO  impl.LeaderElection (LeaderElection.java:askForVotes(178)) - ad4d83c7-0f96-47bc-a4e8-7e5d9f844896@group-24C785E9A0FC-LeaderElection240: begin an election at term 239 for -1: [3b749b59-de2a-419b-9a26-261692f5c83c:192.168.69.118:39205, ad4d83c7-0f96-47bc-a4e8-7e5d9f844896:192.168.69.118:41688, 02863277-f564-4bc6-8337-fb22627f6f1a:192.168.69.118:36850], old=null
2019-10-23 12:13:48,415 [ad4d83c7-0f96-47bc-a4e8-7e5d9f844896@group-24C785E9A0FC-LeaderElection240] INFO  impl.LeaderElection (LogUtils.java:infoOrTrace(149)) - ad4d83c7-0f96-47bc-a4e8-7e5d9f844896@group-24C785E9A0FC-LeaderElection240 got exception when requesting votes: {}
java.util.concurrent.ExecutionException: org.apache.ratis.thirdparty.io.grpc.StatusRuntimeException: UNAVAILABLE: io exception
	at java.util.concurrent.FutureTask.report(FutureTask.java:122)
	at java.util.concurrent.FutureTask.get(FutureTask.java:192)
	at org.apache.ratis.server.impl.LeaderElection.waitForResults(LeaderElection.java:259)
	at org.apache.ratis.server.impl.LeaderElection.askForVotes(LeaderElection.java:197)
	at org.apache.ratis.server.impl.LeaderElection.run(LeaderElection.java:133)
	at java.lang.Thread.run(Thread.java:748)
Caused by: org.apache.ratis.thirdparty.io.grpc.StatusRuntimeException: UNAVAILABLE: io exception
	at org.apache.ratis.thirdparty.io.grpc.stub.ClientCalls.toStatusRuntimeException(ClientCalls.java:233)
	at org.apache.ratis.thirdparty.io.grpc.stub.ClientCalls.getUnchecked(ClientCalls.java:214)
	at org.apache.ratis.thirdparty.io.grpc.stub.ClientCalls.blockingUnaryCall(ClientCalls.java:139)
	at org.apache.ratis.proto.grpc.RaftServerProtocolServiceGrpc$RaftServerProtocolServiceBlockingStub.requestVote(RaftServerProtocolServiceGrpc.java:265)
	at org.apache.ratis.grpc.server.GrpcServerProtocolClient.requestVote(GrpcServerProtocolClient.java:99)
	at org.apache.ratis.grpc.server.GrpcService.requestVote(GrpcService.java:204)
	at org.apache.ratis.server.impl.LeaderElection.lambda$submitRequests$1(LeaderElection.java:234)
	at java.util.concurrent.FutureTask.run(FutureTask.java:266)
	at java.util.concurrent.Executors$RunnableAdapter.call(Executors.java:511)
	at java.util.concurrent.FutureTask.run(FutureTask.java:266)
	at java.util.concurrent.ThreadPoolExecutor.runWorker(ThreadPoolExecutor.java:1149)
	at java.util.concurrent.ThreadPoolExecutor$Worker.run(ThreadPoolExecutor.java:624)
	... 1 more
Caused by: org.apache.ratis.thirdparty.io.netty.channel.AbstractChannel$AnnotatedConnectException: Connection refused: /192.168.69.118:39205
	at sun.nio.ch.SocketChannelImpl.checkConnect(Native Method)
	at sun.nio.ch.SocketChannelImpl.finishConnect(SocketChannelImpl.java:717)
	at org.apache.ratis.thirdparty.io.netty.channel.socket.nio.NioSocketChannel.doFinishConnect(NioSocketChannel.java:327)
	at org.apache.ratis.thirdparty.io.netty.channel.nio.AbstractNioChannel$AbstractNioUnsafe.finishConnect(AbstractNioChannel.java:340)
	at org.apache.ratis.thirdparty.io.netty.channel.nio.NioEventLoop.processSelectedKey(NioEventLoop.java:632)
	at org.apache.ratis.thirdparty.io.netty.channel.nio.NioEventLoop.processSelectedKeysOptimized(NioEventLoop.java:579)
	at org.apache.ratis.thirdparty.io.netty.channel.nio.NioEventLoop.processSelectedKeys(NioEventLoop.java:496)
	at org.apache.ratis.thirdparty.io.netty.channel.nio.NioEventLoop.run(NioEventLoop.java:458)
	at org.apache.ratis.thirdparty.io.netty.util.concurrent.SingleThreadEventExecutor$5.run(SingleThreadEventExecutor.java:897)
	at org.apache.ratis.thirdparty.io.netty.util.concurrent.FastThreadLocalRunnable.run(FastThreadLocalRunnable.java:30)
	... 1 more
Caused by: java.net.ConnectException: Connection refused
	... 11 more
2019-10-23 12:13:48,416 [grpc-default-executor-4] INFO  impl.RaftServerImpl (RaftServerImpl.java:setRole(184)) - 02863277-f564-4bc6-8337-fb22627f6f1a@group-24C785E9A0FC: changes role from  FOLLOWER to FOLLOWER at term 239 for recognizeCandidate:ad4d83c7-0f96-47bc-a4e8-7e5d9f844896
2019-10-23 12:13:48,416 [grpc-default-executor-4] INFO  impl.RoleInfo (RoleInfo.java:shutdownFollowerState(121)) - 02863277-f564-4bc6-8337-fb22627f6f1a: shutdown FollowerState
2019-10-23 12:13:48,416 [grpc-default-executor-4] INFO  impl.RoleInfo (RoleInfo.java:updateAndGet(143)) - 02863277-f564-4bc6-8337-fb22627f6f1a: start FollowerState
2019-10-23 12:13:48,416 [Thread-1999] INFO  impl.FollowerState (FollowerState.java:run(117)) - 02863277-f564-4bc6-8337-fb22627f6f1a@group-24C785E9A0FC-FollowerState was interrupted: java.lang.InterruptedException: sleep interrupted
2019-10-23 12:13:48,429 [Thread-1957] INFO  impl.FollowerState (FollowerState.java:run(108)) - 4949cace-0585-430c-97a7-3db1e354cdac@group-55CA4A6792A0-FollowerState: change to CANDIDATE, lastRpcTime:1031ms, electionTimeout:1031ms
2019-10-23 12:13:48,430 [Thread-1957] INFO  impl.RoleInfo (RoleInfo.java:shutdownFollowerState(121)) - 4949cace-0585-430c-97a7-3db1e354cdac: shutdown FollowerState
2019-10-23 12:13:48,430 [Thread-1957] INFO  impl.RaftServerImpl (RaftServerImpl.java:setRole(184)) - 4949cace-0585-430c-97a7-3db1e354cdac@group-55CA4A6792A0: changes role from  FOLLOWER to CANDIDATE at term 12 for changeToCandidate
2019-10-23 12:13:48,430 [Thread-1957] INFO  impl.RoleInfo (RoleInfo.java:updateAndGet(143)) - 4949cace-0585-430c-97a7-3db1e354cdac: start LeaderElection
2019-10-23 12:13:48,481 [ad4d83c7-0f96-47bc-a4e8-7e5d9f844896@group-24C785E9A0FC-LeaderElection240] INFO  impl.LeaderElection (LeaderElection.java:logAndReturn(56)) - ad4d83c7-0f96-47bc-a4e8-7e5d9f844896@group-24C785E9A0FC-LeaderElection240: Election REJECTED; received 1 response(s) [ad4d83c7-0f96-47bc-a4e8-7e5d9f844896<-02863277-f564-4bc6-8337-fb22627f6f1a#0:FAIL-t239] and 1 exception(s); ad4d83c7-0f96-47bc-a4e8-7e5d9f844896@group-24C785E9A0FC:t239, leader=null, voted=ad4d83c7-0f96-47bc-a4e8-7e5d9f844896, raftlog=ad4d83c7-0f96-47bc-a4e8-7e5d9f844896@group-24C785E9A0FC-SegmentedRaftLog:OPENED:c-1,f-1,i0, conf=-1: [3b749b59-de2a-419b-9a26-261692f5c83c:192.168.69.118:39205, ad4d83c7-0f96-47bc-a4e8-7e5d9f844896:192.168.69.118:41688, 02863277-f564-4bc6-8337-fb22627f6f1a:192.168.69.118:36850], old=null
2019-10-23 12:13:48,481 [ad4d83c7-0f96-47bc-a4e8-7e5d9f844896@group-24C785E9A0FC-LeaderElection240] INFO  impl.LeaderElection (LogUtils.java:infoOrTrace(149)) -   Exception 0: {}
java.util.concurrent.ExecutionException: org.apache.ratis.thirdparty.io.grpc.StatusRuntimeException: UNAVAILABLE: io exception
	at java.util.concurrent.FutureTask.report(FutureTask.java:122)
	at java.util.concurrent.FutureTask.get(FutureTask.java:192)
	at org.apache.ratis.server.impl.LeaderElection.waitForResults(LeaderElection.java:259)
	at org.apache.ratis.server.impl.LeaderElection.askForVotes(LeaderElection.java:197)
	at org.apache.ratis.server.impl.LeaderElection.run(LeaderElection.java:133)
	at java.lang.Thread.run(Thread.java:748)
Caused by: org.apache.ratis.thirdparty.io.grpc.StatusRuntimeException: UNAVAILABLE: io exception
	at org.apache.ratis.thirdparty.io.grpc.stub.ClientCalls.toStatusRuntimeException(ClientCalls.java:233)
	at org.apache.ratis.thirdparty.io.grpc.stub.ClientCalls.getUnchecked(ClientCalls.java:214)
	at org.apache.ratis.thirdparty.io.grpc.stub.ClientCalls.blockingUnaryCall(ClientCalls.java:139)
	at org.apache.ratis.proto.grpc.RaftServerProtocolServiceGrpc$RaftServerProtocolServiceBlockingStub.requestVote(RaftServerProtocolServiceGrpc.java:265)
	at org.apache.ratis.grpc.server.GrpcServerProtocolClient.requestVote(GrpcServerProtocolClient.java:99)
	at org.apache.ratis.grpc.server.GrpcService.requestVote(GrpcService.java:204)
	at org.apache.ratis.server.impl.LeaderElection.lambda$submitRequests$1(LeaderElection.java:234)
	at java.util.concurrent.FutureTask.run(FutureTask.java:266)
	at java.util.concurrent.Executors$RunnableAdapter.call(Executors.java:511)
	at java.util.concurrent.FutureTask.run(FutureTask.java:266)
	at java.util.concurrent.ThreadPoolExecutor.runWorker(ThreadPoolExecutor.java:1149)
	at java.util.concurrent.ThreadPoolExecutor$Worker.run(ThreadPoolExecutor.java:624)
	... 1 more
Caused by: org.apache.ratis.thirdparty.io.netty.channel.AbstractChannel$AnnotatedConnectException: Connection refused: /192.168.69.118:39205
	at sun.nio.ch.SocketChannelImpl.checkConnect(Native Method)
	at sun.nio.ch.SocketChannelImpl.finishConnect(SocketChannelImpl.java:717)
	at org.apache.ratis.thirdparty.io.netty.channel.socket.nio.NioSocketChannel.doFinishConnect(NioSocketChannel.java:327)
	at org.apache.ratis.thirdparty.io.netty.channel.nio.AbstractNioChannel$AbstractNioUnsafe.finishConnect(AbstractNioChannel.java:340)
	at org.apache.ratis.thirdparty.io.netty.channel.nio.NioEventLoop.processSelectedKey(NioEventLoop.java:632)
	at org.apache.ratis.thirdparty.io.netty.channel.nio.NioEventLoop.processSelectedKeysOptimized(NioEventLoop.java:579)
	at org.apache.ratis.thirdparty.io.netty.channel.nio.NioEventLoop.processSelectedKeys(NioEventLoop.java:496)
	at org.apache.ratis.thirdparty.io.netty.channel.nio.NioEventLoop.run(NioEventLoop.java:458)
	at org.apache.ratis.thirdparty.io.netty.util.concurrent.SingleThreadEventExecutor$5.run(SingleThreadEventExecutor.java:897)
	at org.apache.ratis.thirdparty.io.netty.util.concurrent.FastThreadLocalRunnable.run(FastThreadLocalRunnable.java:30)
	... 1 more
Caused by: java.net.ConnectException: Connection refused
	... 11 more
2019-10-23 12:13:48,482 [ad4d83c7-0f96-47bc-a4e8-7e5d9f844896@group-24C785E9A0FC-LeaderElection240] INFO  impl.RaftServerImpl (RaftServerImpl.java:setRole(184)) - ad4d83c7-0f96-47bc-a4e8-7e5d9f844896@group-24C785E9A0FC: changes role from CANDIDATE to FOLLOWER at term 239 for DISCOVERED_A_NEW_TERM
2019-10-23 12:13:48,482 [ad4d83c7-0f96-47bc-a4e8-7e5d9f844896@group-24C785E9A0FC-LeaderElection240] INFO  impl.RoleInfo (RoleInfo.java:shutdownLeaderElection(134)) - ad4d83c7-0f96-47bc-a4e8-7e5d9f844896: shutdown LeaderElection
2019-10-23 12:13:48,482 [ad4d83c7-0f96-47bc-a4e8-7e5d9f844896@group-24C785E9A0FC-LeaderElection240] INFO  impl.RoleInfo (RoleInfo.java:updateAndGet(143)) - ad4d83c7-0f96-47bc-a4e8-7e5d9f844896: start FollowerState
2019-10-23 12:13:48,482 [4949cace-0585-430c-97a7-3db1e354cdac@group-55CA4A6792A0-LeaderElection241] INFO  impl.LeaderElection (LeaderElection.java:askForVotes(178)) - 4949cace-0585-430c-97a7-3db1e354cdac@group-55CA4A6792A0-LeaderElection241: begin an election at term 13 for 0: [736d60a2-feff-478b-9de2-63399c9845c9:192.168.69.118:36235, d21719ef-fad3-4f0e-b494-842eeedea460:192.168.69.118:45836, 4949cace-0585-430c-97a7-3db1e354cdac:192.168.69.118:33911], old=null
2019-10-23 12:13:48,483 [4949cace-0585-430c-97a7-3db1e354cdac@group-55CA4A6792A0-LeaderElection241] INFO  impl.LeaderElection (LogUtils.java:infoOrTrace(149)) - 4949cace-0585-430c-97a7-3db1e354cdac@group-55CA4A6792A0-LeaderElection241 got exception when requesting votes: {}
java.util.concurrent.ExecutionException: org.apache.ratis.thirdparty.io.grpc.StatusRuntimeException: UNAVAILABLE: io exception
	at java.util.concurrent.FutureTask.report(FutureTask.java:122)
	at java.util.concurrent.FutureTask.get(FutureTask.java:192)
	at org.apache.ratis.server.impl.LeaderElection.waitForResults(LeaderElection.java:259)
	at org.apache.ratis.server.impl.LeaderElection.askForVotes(LeaderElection.java:197)
	at org.apache.ratis.server.impl.LeaderElection.run(LeaderElection.java:133)
	at java.lang.Thread.run(Thread.java:748)
Caused by: org.apache.ratis.thirdparty.io.grpc.StatusRuntimeException: UNAVAILABLE: io exception
	at org.apache.ratis.thirdparty.io.grpc.stub.ClientCalls.toStatusRuntimeException(ClientCalls.java:233)
	at org.apache.ratis.thirdparty.io.grpc.stub.ClientCalls.getUnchecked(ClientCalls.java:214)
	at org.apache.ratis.thirdparty.io.grpc.stub.ClientCalls.blockingUnaryCall(ClientCalls.java:139)
	at org.apache.ratis.proto.grpc.RaftServerProtocolServiceGrpc$RaftServerProtocolServiceBlockingStub.requestVote(RaftServerProtocolServiceGrpc.java:265)
	at org.apache.ratis.grpc.server.GrpcServerProtocolClient.requestVote(GrpcServerProtocolClient.java:99)
	at org.apache.ratis.grpc.server.GrpcService.requestVote(GrpcService.java:204)
	at org.apache.ratis.server.impl.LeaderElection.lambda$submitRequests$1(LeaderElection.java:234)
	at java.util.concurrent.FutureTask.run(FutureTask.java:266)
	at java.util.concurrent.Executors$RunnableAdapter.call(Executors.java:511)
	at java.util.concurrent.FutureTask.run(FutureTask.java:266)
	at java.util.concurrent.ThreadPoolExecutor.runWorker(ThreadPoolExecutor.java:1149)
	at java.util.concurrent.ThreadPoolExecutor$Worker.run(ThreadPoolExecutor.java:624)
	... 1 more
Caused by: org.apache.ratis.thirdparty.io.netty.channel.AbstractChannel$AnnotatedConnectException: Connection refused: /192.168.69.118:45836
	at sun.nio.ch.SocketChannelImpl.checkConnect(Native Method)
	at sun.nio.ch.SocketChannelImpl.finishConnect(SocketChannelImpl.java:717)
	at org.apache.ratis.thirdparty.io.netty.channel.socket.nio.NioSocketChannel.doFinishConnect(NioSocketChannel.java:327)
	at org.apache.ratis.thirdparty.io.netty.channel.nio.AbstractNioChannel$AbstractNioUnsafe.finishConnect(AbstractNioChannel.java:340)
	at org.apache.ratis.thirdparty.io.netty.channel.nio.NioEventLoop.processSelectedKey(NioEventLoop.java:632)
	at org.apache.ratis.thirdparty.io.netty.channel.nio.NioEventLoop.processSelectedKeysOptimized(NioEventLoop.java:579)
	at org.apache.ratis.thirdparty.io.netty.channel.nio.NioEventLoop.processSelectedKeys(NioEventLoop.java:496)
	at org.apache.ratis.thirdparty.io.netty.channel.nio.NioEventLoop.run(NioEventLoop.java:458)
	at org.apache.ratis.thirdparty.io.netty.util.concurrent.SingleThreadEventExecutor$5.run(SingleThreadEventExecutor.java:897)
	at org.apache.ratis.thirdparty.io.netty.util.concurrent.FastThreadLocalRunnable.run(FastThreadLocalRunnable.java:30)
	... 1 more
Caused by: java.net.ConnectException: Connection refused
	... 11 more
2019-10-23 12:13:48,483 [4949cace-0585-430c-97a7-3db1e354cdac@group-55CA4A6792A0-LeaderElection241] INFO  impl.LeaderElection (LogUtils.java:infoOrTrace(149)) - 4949cace-0585-430c-97a7-3db1e354cdac@group-55CA4A6792A0-LeaderElection241 got exception when requesting votes: {}
java.util.concurrent.ExecutionException: org.apache.ratis.thirdparty.io.grpc.StatusRuntimeException: UNAVAILABLE: io exception
	at java.util.concurrent.FutureTask.report(FutureTask.java:122)
	at java.util.concurrent.FutureTask.get(FutureTask.java:192)
	at org.apache.ratis.server.impl.LeaderElection.waitForResults(LeaderElection.java:259)
	at org.apache.ratis.server.impl.LeaderElection.askForVotes(LeaderElection.java:197)
	at org.apache.ratis.server.impl.LeaderElection.run(LeaderElection.java:133)
	at java.lang.Thread.run(Thread.java:748)
Caused by: org.apache.ratis.thirdparty.io.grpc.StatusRuntimeException: UNAVAILABLE: io exception
	at org.apache.ratis.thirdparty.io.grpc.stub.ClientCalls.toStatusRuntimeException(ClientCalls.java:233)
	at org.apache.ratis.thirdparty.io.grpc.stub.ClientCalls.getUnchecked(ClientCalls.java:214)
	at org.apache.ratis.thirdparty.io.grpc.stub.ClientCalls.blockingUnaryCall(ClientCalls.java:139)
	at org.apache.ratis.proto.grpc.RaftServerProtocolServiceGrpc$RaftServerProtocolServiceBlockingStub.requestVote(RaftServerProtocolServiceGrpc.java:265)
	at org.apache.ratis.grpc.server.GrpcServerProtocolClient.requestVote(GrpcServerProtocolClient.java:99)
	at org.apache.ratis.grpc.server.GrpcService.requestVote(GrpcService.java:204)
	at org.apache.ratis.server.impl.LeaderElection.lambda$submitRequests$1(LeaderElection.java:234)
	at java.util.concurrent.FutureTask.run(FutureTask.java:266)
	at java.util.concurrent.Executors$RunnableAdapter.call(Executors.java:511)
	at java.util.concurrent.FutureTask.run(FutureTask.java:266)
	at java.util.concurrent.ThreadPoolExecutor.runWorker(ThreadPoolExecutor.java:1149)
	at java.util.concurrent.ThreadPoolExecutor$Worker.run(ThreadPoolExecutor.java:624)
	... 1 more
Caused by: org.apache.ratis.thirdparty.io.netty.channel.AbstractChannel$AnnotatedConnectException: Connection refused: /192.168.69.118:36235
	at sun.nio.ch.SocketChannelImpl.checkConnect(Native Method)
	at sun.nio.ch.SocketChannelImpl.finishConnect(SocketChannelImpl.java:717)
	at org.apache.ratis.thirdparty.io.netty.channel.socket.nio.NioSocketChannel.doFinishConnect(NioSocketChannel.java:327)
	at org.apache.ratis.thirdparty.io.netty.channel.nio.AbstractNioChannel$AbstractNioUnsafe.finishConnect(AbstractNioChannel.java:340)
	at org.apache.ratis.thirdparty.io.netty.channel.nio.NioEventLoop.processSelectedKey(NioEventLoop.java:632)
	at org.apache.ratis.thirdparty.io.netty.channel.nio.NioEventLoop.processSelectedKeysOptimized(NioEventLoop.java:579)
	at org.apache.ratis.thirdparty.io.netty.channel.nio.NioEventLoop.processSelectedKeys(NioEventLoop.java:496)
	at org.apache.ratis.thirdparty.io.netty.channel.nio.NioEventLoop.run(NioEventLoop.java:458)
	at org.apache.ratis.thirdparty.io.netty.util.concurrent.SingleThreadEventExecutor$5.run(SingleThreadEventExecutor.java:897)
	at org.apache.ratis.thirdparty.io.netty.util.concurrent.FastThreadLocalRunnable.run(FastThreadLocalRunnable.java:30)
	... 1 more
Caused by: java.net.ConnectException: Connection refused
	... 11 more
2019-10-23 12:13:48,484 [4949cace-0585-430c-97a7-3db1e354cdac@group-55CA4A6792A0-LeaderElection241] INFO  impl.LeaderElection (LeaderElection.java:logAndReturn(56)) - 4949cace-0585-430c-97a7-3db1e354cdac@group-55CA4A6792A0-LeaderElection241: Election REJECTED; received 0 response(s) [] and 2 exception(s); 4949cace-0585-430c-97a7-3db1e354cdac@group-55CA4A6792A0:t13, leader=null, voted=4949cace-0585-430c-97a7-3db1e354cdac, raftlog=4949cace-0585-430c-97a7-3db1e354cdac@group-55CA4A6792A0-SegmentedRaftLog:OPENED:c15,f15,i15, conf=0: [736d60a2-feff-478b-9de2-63399c9845c9:192.168.69.118:36235, d21719ef-fad3-4f0e-b494-842eeedea460:192.168.69.118:45836, 4949cace-0585-430c-97a7-3db1e354cdac:192.168.69.118:33911], old=null
2019-10-23 12:13:48,484 [4949cace-0585-430c-97a7-3db1e354cdac@group-55CA4A6792A0-LeaderElection241] INFO  impl.LeaderElection (LogUtils.java:infoOrTrace(149)) -   Exception 0: {}
java.util.concurrent.ExecutionException: org.apache.ratis.thirdparty.io.grpc.StatusRuntimeException: UNAVAILABLE: io exception
	at java.util.concurrent.FutureTask.report(FutureTask.java:122)
	at java.util.concurrent.FutureTask.get(FutureTask.java:192)
	at org.apache.ratis.server.impl.LeaderElection.waitForResults(LeaderElection.java:259)
	at org.apache.ratis.server.impl.LeaderElection.askForVotes(LeaderElection.java:197)
	at org.apache.ratis.server.impl.LeaderElection.run(LeaderElection.java:133)
	at java.lang.Thread.run(Thread.java:748)
Caused by: org.apache.ratis.thirdparty.io.grpc.StatusRuntimeException: UNAVAILABLE: io exception
	at org.apache.ratis.thirdparty.io.grpc.stub.ClientCalls.toStatusRuntimeException(ClientCalls.java:233)
	at org.apache.ratis.thirdparty.io.grpc.stub.ClientCalls.getUnchecked(ClientCalls.java:214)
	at org.apache.ratis.thirdparty.io.grpc.stub.ClientCalls.blockingUnaryCall(ClientCalls.java:139)
	at org.apache.ratis.proto.grpc.RaftServerProtocolServiceGrpc$RaftServerProtocolServiceBlockingStub.requestVote(RaftServerProtocolServiceGrpc.java:265)
	at org.apache.ratis.grpc.server.GrpcServerProtocolClient.requestVote(GrpcServerProtocolClient.java:99)
	at org.apache.ratis.grpc.server.GrpcService.requestVote(GrpcService.java:204)
	at org.apache.ratis.server.impl.LeaderElection.lambda$submitRequests$1(LeaderElection.java:234)
	at java.util.concurrent.FutureTask.run(FutureTask.java:266)
	at java.util.concurrent.Executors$RunnableAdapter.call(Executors.java:511)
	at java.util.concurrent.FutureTask.run(FutureTask.java:266)
	at java.util.concurrent.ThreadPoolExecutor.runWorker(ThreadPoolExecutor.java:1149)
	at java.util.concurrent.ThreadPoolExecutor$Worker.run(ThreadPoolExecutor.java:624)
	... 1 more
Caused by: org.apache.ratis.thirdparty.io.netty.channel.AbstractChannel$AnnotatedConnectException: Connection refused: /192.168.69.118:45836
	at sun.nio.ch.SocketChannelImpl.checkConnect(Native Method)
	at sun.nio.ch.SocketChannelImpl.finishConnect(SocketChannelImpl.java:717)
	at org.apache.ratis.thirdparty.io.netty.channel.socket.nio.NioSocketChannel.doFinishConnect(NioSocketChannel.java:327)
	at org.apache.ratis.thirdparty.io.netty.channel.nio.AbstractNioChannel$AbstractNioUnsafe.finishConnect(AbstractNioChannel.java:340)
	at org.apache.ratis.thirdparty.io.netty.channel.nio.NioEventLoop.processSelectedKey(NioEventLoop.java:632)
	at org.apache.ratis.thirdparty.io.netty.channel.nio.NioEventLoop.processSelectedKeysOptimized(NioEventLoop.java:579)
	at org.apache.ratis.thirdparty.io.netty.channel.nio.NioEventLoop.processSelectedKeys(NioEventLoop.java:496)
	at org.apache.ratis.thirdparty.io.netty.channel.nio.NioEventLoop.run(NioEventLoop.java:458)
	at org.apache.ratis.thirdparty.io.netty.util.concurrent.SingleThreadEventExecutor$5.run(SingleThreadEventExecutor.java:897)
	at org.apache.ratis.thirdparty.io.netty.util.concurrent.FastThreadLocalRunnable.run(FastThreadLocalRunnable.java:30)
	... 1 more
Caused by: java.net.ConnectException: Connection refused
	... 11 more
2019-10-23 12:13:48,484 [4949cace-0585-430c-97a7-3db1e354cdac@group-55CA4A6792A0-LeaderElection241] INFO  impl.LeaderElection (LogUtils.java:infoOrTrace(149)) -   Exception 1: {}
java.util.concurrent.ExecutionException: org.apache.ratis.thirdparty.io.grpc.StatusRuntimeException: UNAVAILABLE: io exception
	at java.util.concurrent.FutureTask.report(FutureTask.java:122)
	at java.util.concurrent.FutureTask.get(FutureTask.java:192)
	at org.apache.ratis.server.impl.LeaderElection.waitForResults(LeaderElection.java:259)
	at org.apache.ratis.server.impl.LeaderElection.askForVotes(LeaderElection.java:197)
	at org.apache.ratis.server.impl.LeaderElection.run(LeaderElection.java:133)
	at java.lang.Thread.run(Thread.java:748)
Caused by: org.apache.ratis.thirdparty.io.grpc.StatusRuntimeException: UNAVAILABLE: io exception
	at org.apache.ratis.thirdparty.io.grpc.stub.ClientCalls.toStatusRuntimeException(ClientCalls.java:233)
	at org.apache.ratis.thirdparty.io.grpc.stub.ClientCalls.getUnchecked(ClientCalls.java:214)
	at org.apache.ratis.thirdparty.io.grpc.stub.ClientCalls.blockingUnaryCall(ClientCalls.java:139)
	at org.apache.ratis.proto.grpc.RaftServerProtocolServiceGrpc$RaftServerProtocolServiceBlockingStub.requestVote(RaftServerProtocolServiceGrpc.java:265)
	at org.apache.ratis.grpc.server.GrpcServerProtocolClient.requestVote(GrpcServerProtocolClient.java:99)
	at org.apache.ratis.grpc.server.GrpcService.requestVote(GrpcService.java:204)
	at org.apache.ratis.server.impl.LeaderElection.lambda$submitRequests$1(LeaderElection.java:234)
	at java.util.concurrent.FutureTask.run(FutureTask.java:266)
	at java.util.concurrent.Executors$RunnableAdapter.call(Executors.java:511)
	at java.util.concurrent.FutureTask.run(FutureTask.java:266)
	at java.util.concurrent.ThreadPoolExecutor.runWorker(ThreadPoolExecutor.java:1149)
	at java.util.concurrent.ThreadPoolExecutor$Worker.run(ThreadPoolExecutor.java:624)
	... 1 more
Caused by: org.apache.ratis.thirdparty.io.netty.channel.AbstractChannel$AnnotatedConnectException: Connection refused: /192.168.69.118:36235
	at sun.nio.ch.SocketChannelImpl.checkConnect(Native Method)
	at sun.nio.ch.SocketChannelImpl.finishConnect(SocketChannelImpl.java:717)
	at org.apache.ratis.thirdparty.io.netty.channel.socket.nio.NioSocketChannel.doFinishConnect(NioSocketChannel.java:327)
	at org.apache.ratis.thirdparty.io.netty.channel.nio.AbstractNioChannel$AbstractNioUnsafe.finishConnect(AbstractNioChannel.java:340)
	at org.apache.ratis.thirdparty.io.netty.channel.nio.NioEventLoop.processSelectedKey(NioEventLoop.java:632)
	at org.apache.ratis.thirdparty.io.netty.channel.nio.NioEventLoop.processSelectedKeysOptimized(NioEventLoop.java:579)
	at org.apache.ratis.thirdparty.io.netty.channel.nio.NioEventLoop.processSelectedKeys(NioEventLoop.java:496)
	at org.apache.ratis.thirdparty.io.netty.channel.nio.NioEventLoop.run(NioEventLoop.java:458)
	at org.apache.ratis.thirdparty.io.netty.util.concurrent.SingleThreadEventExecutor$5.run(SingleThreadEventExecutor.java:897)
	at org.apache.ratis.thirdparty.io.netty.util.concurrent.FastThreadLocalRunnable.run(FastThreadLocalRunnable.java:30)
	... 1 more
Caused by: java.net.ConnectException: Connection refused
	... 11 more
2019-10-23 12:13:48,484 [4949cace-0585-430c-97a7-3db1e354cdac@group-55CA4A6792A0-LeaderElection241] INFO  impl.RaftServerImpl (RaftServerImpl.java:setRole(184)) - 4949cace-0585-430c-97a7-3db1e354cdac@group-55CA4A6792A0: changes role from CANDIDATE to FOLLOWER at term 13 for DISCOVERED_A_NEW_TERM
2019-10-23 12:13:48,485 [4949cace-0585-430c-97a7-3db1e354cdac@group-55CA4A6792A0-LeaderElection241] INFO  impl.RoleInfo (RoleInfo.java:shutdownLeaderElection(134)) - 4949cace-0585-430c-97a7-3db1e354cdac: shutdown LeaderElection
2019-10-23 12:13:48,485 [4949cace-0585-430c-97a7-3db1e354cdac@group-55CA4A6792A0-LeaderElection241] INFO  impl.RoleInfo (RoleInfo.java:updateAndGet(143)) - 4949cace-0585-430c-97a7-3db1e354cdac: start FollowerState
2019-10-23 12:13:48,549 [Thread-2006] INFO  impl.FollowerState (FollowerState.java:run(108)) - ad4d83c7-0f96-47bc-a4e8-7e5d9f844896@group-24C785E9A0FC-FollowerState: change to CANDIDATE, lastRpcTime:66ms, electionTimeout:66ms
2019-10-23 12:13:48,549 [Thread-2006] INFO  impl.RoleInfo (RoleInfo.java:shutdownFollowerState(121)) - ad4d83c7-0f96-47bc-a4e8-7e5d9f844896: shutdown FollowerState
2019-10-23 12:13:48,549 [Thread-2006] INFO  impl.RaftServerImpl (RaftServerImpl.java:setRole(184)) - ad4d83c7-0f96-47bc-a4e8-7e5d9f844896@group-24C785E9A0FC: changes role from  FOLLOWER to CANDIDATE at term 239 for changeToCandidate
2019-10-23 12:13:48,549 [Thread-2006] INFO  impl.RoleInfo (RoleInfo.java:updateAndGet(143)) - ad4d83c7-0f96-47bc-a4e8-7e5d9f844896: start LeaderElection
2019-10-23 12:13:48,563 [ad4d83c7-0f96-47bc-a4e8-7e5d9f844896@group-24C785E9A0FC-LeaderElection242] INFO  impl.LeaderElection (LeaderElection.java:askForVotes(178)) - ad4d83c7-0f96-47bc-a4e8-7e5d9f844896@group-24C785E9A0FC-LeaderElection242: begin an election at term 240 for -1: [3b749b59-de2a-419b-9a26-261692f5c83c:192.168.69.118:39205, ad4d83c7-0f96-47bc-a4e8-7e5d9f844896:192.168.69.118:41688, 02863277-f564-4bc6-8337-fb22627f6f1a:192.168.69.118:36850], old=null
2019-10-23 12:13:48,564 [ad4d83c7-0f96-47bc-a4e8-7e5d9f844896@group-24C785E9A0FC-LeaderElection242] INFO  impl.LeaderElection (LogUtils.java:infoOrTrace(149)) - ad4d83c7-0f96-47bc-a4e8-7e5d9f844896@group-24C785E9A0FC-LeaderElection242 got exception when requesting votes: {}
java.util.concurrent.ExecutionException: org.apache.ratis.thirdparty.io.grpc.StatusRuntimeException: UNAVAILABLE: io exception
	at java.util.concurrent.FutureTask.report(FutureTask.java:122)
	at java.util.concurrent.FutureTask.get(FutureTask.java:192)
	at org.apache.ratis.server.impl.LeaderElection.waitForResults(LeaderElection.java:259)
	at org.apache.ratis.server.impl.LeaderElection.askForVotes(LeaderElection.java:197)
	at org.apache.ratis.server.impl.LeaderElection.run(LeaderElection.java:133)
	at java.lang.Thread.run(Thread.java:748)
Caused by: org.apache.ratis.thirdparty.io.grpc.StatusRuntimeException: UNAVAILABLE: io exception
	at org.apache.ratis.thirdparty.io.grpc.stub.ClientCalls.toStatusRuntimeException(ClientCalls.java:233)
	at org.apache.ratis.thirdparty.io.grpc.stub.ClientCalls.getUnchecked(ClientCalls.java:214)
	at org.apache.ratis.thirdparty.io.grpc.stub.ClientCalls.blockingUnaryCall(ClientCalls.java:139)
	at org.apache.ratis.proto.grpc.RaftServerProtocolServiceGrpc$RaftServerProtocolServiceBlockingStub.requestVote(RaftServerProtocolServiceGrpc.java:265)
	at org.apache.ratis.grpc.server.GrpcServerProtocolClient.requestVote(GrpcServerProtocolClient.java:99)
	at org.apache.ratis.grpc.server.GrpcService.requestVote(GrpcService.java:204)
	at org.apache.ratis.server.impl.LeaderElection.lambda$submitRequests$1(LeaderElection.java:234)
	at java.util.concurrent.FutureTask.run(FutureTask.java:266)
	at java.util.concurrent.Executors$RunnableAdapter.call(Executors.java:511)
	at java.util.concurrent.FutureTask.run(FutureTask.java:266)
	at java.util.concurrent.ThreadPoolExecutor.runWorker(ThreadPoolExecutor.java:1149)
	at java.util.concurrent.ThreadPoolExecutor$Worker.run(ThreadPoolExecutor.java:624)
	... 1 more
Caused by: org.apache.ratis.thirdparty.io.netty.channel.AbstractChannel$AnnotatedConnectException: Connection refused: /192.168.69.118:39205
	at sun.nio.ch.SocketChannelImpl.checkConnect(Native Method)
	at sun.nio.ch.SocketChannelImpl.finishConnect(SocketChannelImpl.java:717)
	at org.apache.ratis.thirdparty.io.netty.channel.socket.nio.NioSocketChannel.doFinishConnect(NioSocketChannel.java:327)
	at org.apache.ratis.thirdparty.io.netty.channel.nio.AbstractNioChannel$AbstractNioUnsafe.finishConnect(AbstractNioChannel.java:340)
	at org.apache.ratis.thirdparty.io.netty.channel.nio.NioEventLoop.processSelectedKey(NioEventLoop.java:632)
	at org.apache.ratis.thirdparty.io.netty.channel.nio.NioEventLoop.processSelectedKeysOptimized(NioEventLoop.java:579)
	at org.apache.ratis.thirdparty.io.netty.channel.nio.NioEventLoop.processSelectedKeys(NioEventLoop.java:496)
	at org.apache.ratis.thirdparty.io.netty.channel.nio.NioEventLoop.run(NioEventLoop.java:458)
	at org.apache.ratis.thirdparty.io.netty.util.concurrent.SingleThreadEventExecutor$5.run(SingleThreadEventExecutor.java:897)
	at org.apache.ratis.thirdparty.io.netty.util.concurrent.FastThreadLocalRunnable.run(FastThreadLocalRunnable.java:30)
	... 1 more
Caused by: java.net.ConnectException: Connection refused
	... 11 more
2019-10-23 12:13:48,565 [grpc-default-executor-4] INFO  impl.RaftServerImpl (RaftServerImpl.java:setRole(184)) - 02863277-f564-4bc6-8337-fb22627f6f1a@group-24C785E9A0FC: changes role from  FOLLOWER to FOLLOWER at term 240 for recognizeCandidate:ad4d83c7-0f96-47bc-a4e8-7e5d9f844896
2019-10-23 12:13:48,566 [grpc-default-executor-4] INFO  impl.RoleInfo (RoleInfo.java:shutdownFollowerState(121)) - 02863277-f564-4bc6-8337-fb22627f6f1a: shutdown FollowerState
2019-10-23 12:13:48,566 [grpc-default-executor-4] INFO  impl.RoleInfo (RoleInfo.java:updateAndGet(143)) - 02863277-f564-4bc6-8337-fb22627f6f1a: start FollowerState
2019-10-23 12:13:48,566 [Thread-2004] INFO  impl.FollowerState (FollowerState.java:run(117)) - 02863277-f564-4bc6-8337-fb22627f6f1a@group-24C785E9A0FC-FollowerState was interrupted: java.lang.InterruptedException: sleep interrupted
2019-10-23 12:13:48,579 [ad4d83c7-0f96-47bc-a4e8-7e5d9f844896@group-24C785E9A0FC-LeaderElection242] INFO  impl.LeaderElection (LeaderElection.java:logAndReturn(56)) - ad4d83c7-0f96-47bc-a4e8-7e5d9f844896@group-24C785E9A0FC-LeaderElection242: Election REJECTED; received 1 response(s) [ad4d83c7-0f96-47bc-a4e8-7e5d9f844896<-02863277-f564-4bc6-8337-fb22627f6f1a#0:FAIL-t240] and 1 exception(s); ad4d83c7-0f96-47bc-a4e8-7e5d9f844896@group-24C785E9A0FC:t240, leader=null, voted=ad4d83c7-0f96-47bc-a4e8-7e5d9f844896, raftlog=ad4d83c7-0f96-47bc-a4e8-7e5d9f844896@group-24C785E9A0FC-SegmentedRaftLog:OPENED:c-1,f-1,i0, conf=-1: [3b749b59-de2a-419b-9a26-261692f5c83c:192.168.69.118:39205, ad4d83c7-0f96-47bc-a4e8-7e5d9f844896:192.168.69.118:41688, 02863277-f564-4bc6-8337-fb22627f6f1a:192.168.69.118:36850], old=null
2019-10-23 12:13:48,579 [ad4d83c7-0f96-47bc-a4e8-7e5d9f844896@group-24C785E9A0FC-LeaderElection242] INFO  impl.LeaderElection (LogUtils.java:infoOrTrace(149)) -   Exception 0: {}
java.util.concurrent.ExecutionException: org.apache.ratis.thirdparty.io.grpc.StatusRuntimeException: UNAVAILABLE: io exception
	at java.util.concurrent.FutureTask.report(FutureTask.java:122)
	at java.util.concurrent.FutureTask.get(FutureTask.java:192)
	at org.apache.ratis.server.impl.LeaderElection.waitForResults(LeaderElection.java:259)
	at org.apache.ratis.server.impl.LeaderElection.askForVotes(LeaderElection.java:197)
	at org.apache.ratis.server.impl.LeaderElection.run(LeaderElection.java:133)
	at java.lang.Thread.run(Thread.java:748)
Caused by: org.apache.ratis.thirdparty.io.grpc.StatusRuntimeException: UNAVAILABLE: io exception
	at org.apache.ratis.thirdparty.io.grpc.stub.ClientCalls.toStatusRuntimeException(ClientCalls.java:233)
	at org.apache.ratis.thirdparty.io.grpc.stub.ClientCalls.getUnchecked(ClientCalls.java:214)
	at org.apache.ratis.thirdparty.io.grpc.stub.ClientCalls.blockingUnaryCall(ClientCalls.java:139)
	at org.apache.ratis.proto.grpc.RaftServerProtocolServiceGrpc$RaftServerProtocolServiceBlockingStub.requestVote(RaftServerProtocolServiceGrpc.java:265)
	at org.apache.ratis.grpc.server.GrpcServerProtocolClient.requestVote(GrpcServerProtocolClient.java:99)
	at org.apache.ratis.grpc.server.GrpcService.requestVote(GrpcService.java:204)
	at org.apache.ratis.server.impl.LeaderElection.lambda$submitRequests$1(LeaderElection.java:234)
	at java.util.concurrent.FutureTask.run(FutureTask.java:266)
	at java.util.concurrent.Executors$RunnableAdapter.call(Executors.java:511)
	at java.util.concurrent.FutureTask.run(FutureTask.java:266)
	at java.util.concurrent.ThreadPoolExecutor.runWorker(ThreadPoolExecutor.java:1149)
	at java.util.concurrent.ThreadPoolExecutor$Worker.run(ThreadPoolExecutor.java:624)
	... 1 more
Caused by: org.apache.ratis.thirdparty.io.netty.channel.AbstractChannel$AnnotatedConnectException: Connection refused: /192.168.69.118:39205
	at sun.nio.ch.SocketChannelImpl.checkConnect(Native Method)
	at sun.nio.ch.SocketChannelImpl.finishConnect(SocketChannelImpl.java:717)
	at org.apache.ratis.thirdparty.io.netty.channel.socket.nio.NioSocketChannel.doFinishConnect(NioSocketChannel.java:327)
	at org.apache.ratis.thirdparty.io.netty.channel.nio.AbstractNioChannel$AbstractNioUnsafe.finishConnect(AbstractNioChannel.java:340)
	at org.apache.ratis.thirdparty.io.netty.channel.nio.NioEventLoop.processSelectedKey(NioEventLoop.java:632)
	at org.apache.ratis.thirdparty.io.netty.channel.nio.NioEventLoop.processSelectedKeysOptimized(NioEventLoop.java:579)
	at org.apache.ratis.thirdparty.io.netty.channel.nio.NioEventLoop.processSelectedKeys(NioEventLoop.java:496)
	at org.apache.ratis.thirdparty.io.netty.channel.nio.NioEventLoop.run(NioEventLoop.java:458)
	at org.apache.ratis.thirdparty.io.netty.util.concurrent.SingleThreadEventExecutor$5.run(SingleThreadEventExecutor.java:897)
	at org.apache.ratis.thirdparty.io.netty.util.concurrent.FastThreadLocalRunnable.run(FastThreadLocalRunnable.java:30)
	... 1 more
Caused by: java.net.ConnectException: Connection refused
	... 11 more
2019-10-23 12:13:48,580 [java.util.concurrent.ThreadPoolExecutor$Worker@d45e495[State = -1, empty queue]] WARN  server.GrpcLogAppender (GrpcLogAppender.java:timeoutAppendRequest(209)) - 787770cd-56b0-4d21-897f-e9f49f0f8295@group-0F120BA276DC->7b74cae2-68bb-403f-9342-7e82e321628a-GrpcLogAppender: appendEntries Timeout, request=787770cd-56b0-4d21-897f-e9f49f0f8295->7b74cae2-68bb-403f-9342-7e82e321628a#59-t2, previous=(t:2, i:4), leaderCommit=4, initializing? false, entries: <empty>
2019-10-23 12:13:48,580 [java.util.concurrent.ThreadPoolExecutor$Worker@5376dd6[State = -1, empty queue]] WARN  server.GrpcLogAppender (GrpcLogAppender.java:timeoutAppendRequest(209)) - 787770cd-56b0-4d21-897f-e9f49f0f8295@group-0F120BA276DC->1d5d0298-6e55-4fca-8e63-ae12c20f52e9-GrpcLogAppender: appendEntries Timeout, request=787770cd-56b0-4d21-897f-e9f49f0f8295->1d5d0298-6e55-4fca-8e63-ae12c20f52e9#59-t2, previous=(t:2, i:4), leaderCommit=4, initializing? false, entries: <empty>
2019-10-23 12:13:48,580 [ad4d83c7-0f96-47bc-a4e8-7e5d9f844896@group-24C785E9A0FC-LeaderElection242] INFO  impl.RaftServerImpl (RaftServerImpl.java:setRole(184)) - ad4d83c7-0f96-47bc-a4e8-7e5d9f844896@group-24C785E9A0FC: changes role from CANDIDATE to FOLLOWER at term 240 for DISCOVERED_A_NEW_TERM
2019-10-23 12:13:48,580 [ad4d83c7-0f96-47bc-a4e8-7e5d9f844896@group-24C785E9A0FC-LeaderElection242] INFO  impl.RoleInfo (RoleInfo.java:shutdownLeaderElection(134)) - ad4d83c7-0f96-47bc-a4e8-7e5d9f844896: shutdown LeaderElection
2019-10-23 12:13:48,580 [ad4d83c7-0f96-47bc-a4e8-7e5d9f844896@group-24C785E9A0FC-LeaderElection242] INFO  impl.RoleInfo (RoleInfo.java:updateAndGet(143)) - ad4d83c7-0f96-47bc-a4e8-7e5d9f844896: start FollowerState
2019-10-23 12:13:48,760 [Thread-2014] INFO  impl.FollowerState (FollowerState.java:run(108)) - ad4d83c7-0f96-47bc-a4e8-7e5d9f844896@group-24C785E9A0FC-FollowerState: change to CANDIDATE, lastRpcTime:179ms, electionTimeout:179ms
2019-10-23 12:13:48,760 [Thread-2014] INFO  impl.RoleInfo (RoleInfo.java:shutdownFollowerState(121)) - ad4d83c7-0f96-47bc-a4e8-7e5d9f844896: shutdown FollowerState
2019-10-23 12:13:48,760 [Thread-2014] INFO  impl.RaftServerImpl (RaftServerImpl.java:setRole(184)) - ad4d83c7-0f96-47bc-a4e8-7e5d9f844896@group-24C785E9A0FC: changes role from  FOLLOWER to CANDIDATE at term 240 for changeToCandidate
2019-10-23 12:13:48,760 [Thread-2014] INFO  impl.RoleInfo (RoleInfo.java:updateAndGet(143)) - ad4d83c7-0f96-47bc-a4e8-7e5d9f844896: start LeaderElection
2019-10-23 12:13:48,770 [ad4d83c7-0f96-47bc-a4e8-7e5d9f844896@group-24C785E9A0FC-LeaderElection243] INFO  impl.LeaderElection (LeaderElection.java:askForVotes(178)) - ad4d83c7-0f96-47bc-a4e8-7e5d9f844896@group-24C785E9A0FC-LeaderElection243: begin an election at term 241 for -1: [3b749b59-de2a-419b-9a26-261692f5c83c:192.168.69.118:39205, ad4d83c7-0f96-47bc-a4e8-7e5d9f844896:192.168.69.118:41688, 02863277-f564-4bc6-8337-fb22627f6f1a:192.168.69.118:36850], old=null
2019-10-23 12:13:48,771 [ad4d83c7-0f96-47bc-a4e8-7e5d9f844896@group-24C785E9A0FC-LeaderElection243] INFO  impl.LeaderElection (LogUtils.java:infoOrTrace(149)) - ad4d83c7-0f96-47bc-a4e8-7e5d9f844896@group-24C785E9A0FC-LeaderElection243 got exception when requesting votes: {}
java.util.concurrent.ExecutionException: org.apache.ratis.thirdparty.io.grpc.StatusRuntimeException: UNAVAILABLE: io exception
	at java.util.concurrent.FutureTask.report(FutureTask.java:122)
	at java.util.concurrent.FutureTask.get(FutureTask.java:192)
	at org.apache.ratis.server.impl.LeaderElection.waitForResults(LeaderElection.java:259)
	at org.apache.ratis.server.impl.LeaderElection.askForVotes(LeaderElection.java:197)
	at org.apache.ratis.server.impl.LeaderElection.run(LeaderElection.java:133)
	at java.lang.Thread.run(Thread.java:748)
Caused by: org.apache.ratis.thirdparty.io.grpc.StatusRuntimeException: UNAVAILABLE: io exception
	at org.apache.ratis.thirdparty.io.grpc.stub.ClientCalls.toStatusRuntimeException(ClientCalls.java:233)
	at org.apache.ratis.thirdparty.io.grpc.stub.ClientCalls.getUnchecked(ClientCalls.java:214)
	at org.apache.ratis.thirdparty.io.grpc.stub.ClientCalls.blockingUnaryCall(ClientCalls.java:139)
	at org.apache.ratis.proto.grpc.RaftServerProtocolServiceGrpc$RaftServerProtocolServiceBlockingStub.requestVote(RaftServerProtocolServiceGrpc.java:265)
	at org.apache.ratis.grpc.server.GrpcServerProtocolClient.requestVote(GrpcServerProtocolClient.java:99)
	at org.apache.ratis.grpc.server.GrpcService.requestVote(GrpcService.java:204)
	at org.apache.ratis.server.impl.LeaderElection.lambda$submitRequests$1(LeaderElection.java:234)
	at java.util.concurrent.FutureTask.run(FutureTask.java:266)
	at java.util.concurrent.Executors$RunnableAdapter.call(Executors.java:511)
	at java.util.concurrent.FutureTask.run(FutureTask.java:266)
	at java.util.concurrent.ThreadPoolExecutor.runWorker(ThreadPoolExecutor.java:1149)
	at java.util.concurrent.ThreadPoolExecutor$Worker.run(ThreadPoolExecutor.java:624)
	... 1 more
Caused by: org.apache.ratis.thirdparty.io.netty.channel.AbstractChannel$AnnotatedConnectException: Connection refused: /192.168.69.118:39205
	at sun.nio.ch.SocketChannelImpl.checkConnect(Native Method)
	at sun.nio.ch.SocketChannelImpl.finishConnect(SocketChannelImpl.java:717)
	at org.apache.ratis.thirdparty.io.netty.channel.socket.nio.NioSocketChannel.doFinishConnect(NioSocketChannel.java:327)
	at org.apache.ratis.thirdparty.io.netty.channel.nio.AbstractNioChannel$AbstractNioUnsafe.finishConnect(AbstractNioChannel.java:340)
	at org.apache.ratis.thirdparty.io.netty.channel.nio.NioEventLoop.processSelectedKey(NioEventLoop.java:632)
	at org.apache.ratis.thirdparty.io.netty.channel.nio.NioEventLoop.processSelectedKeysOptimized(NioEventLoop.java:579)
	at org.apache.ratis.thirdparty.io.netty.channel.nio.NioEventLoop.processSelectedKeys(NioEventLoop.java:496)
	at org.apache.ratis.thirdparty.io.netty.channel.nio.NioEventLoop.run(NioEventLoop.java:458)
	at org.apache.ratis.thirdparty.io.netty.util.concurrent.SingleThreadEventExecutor$5.run(SingleThreadEventExecutor.java:897)
	at org.apache.ratis.thirdparty.io.netty.util.concurrent.FastThreadLocalRunnable.run(FastThreadLocalRunnable.java:30)
	... 1 more
Caused by: java.net.ConnectException: Connection refused
	... 11 more
2019-10-23 12:13:48,771 [grpc-default-executor-4] INFO  impl.RaftServerImpl (RaftServerImpl.java:setRole(184)) - 02863277-f564-4bc6-8337-fb22627f6f1a@group-24C785E9A0FC: changes role from  FOLLOWER to FOLLOWER at term 241 for recognizeCandidate:ad4d83c7-0f96-47bc-a4e8-7e5d9f844896
2019-10-23 12:13:48,772 [grpc-default-executor-4] INFO  impl.RoleInfo (RoleInfo.java:shutdownFollowerState(121)) - 02863277-f564-4bc6-8337-fb22627f6f1a: shutdown FollowerState
2019-10-23 12:13:48,772 [grpc-default-executor-4] INFO  impl.RoleInfo (RoleInfo.java:updateAndGet(143)) - 02863277-f564-4bc6-8337-fb22627f6f1a: start FollowerState
2019-10-23 12:13:48,772 [Thread-2013] INFO  impl.FollowerState (FollowerState.java:run(117)) - 02863277-f564-4bc6-8337-fb22627f6f1a@group-24C785E9A0FC-FollowerState was interrupted: java.lang.InterruptedException: sleep interrupted
2019-10-23 12:13:48,786 [ad4d83c7-0f96-47bc-a4e8-7e5d9f844896@group-24C785E9A0FC-LeaderElection243] INFO  impl.LeaderElection (LeaderElection.java:logAndReturn(56)) - ad4d83c7-0f96-47bc-a4e8-7e5d9f844896@group-24C785E9A0FC-LeaderElection243: Election REJECTED; received 1 response(s) [ad4d83c7-0f96-47bc-a4e8-7e5d9f844896<-02863277-f564-4bc6-8337-fb22627f6f1a#0:FAIL-t241] and 1 exception(s); ad4d83c7-0f96-47bc-a4e8-7e5d9f844896@group-24C785E9A0FC:t241, leader=null, voted=ad4d83c7-0f96-47bc-a4e8-7e5d9f844896, raftlog=ad4d83c7-0f96-47bc-a4e8-7e5d9f844896@group-24C785E9A0FC-SegmentedRaftLog:OPENED:c-1,f-1,i0, conf=-1: [3b749b59-de2a-419b-9a26-261692f5c83c:192.168.69.118:39205, ad4d83c7-0f96-47bc-a4e8-7e5d9f844896:192.168.69.118:41688, 02863277-f564-4bc6-8337-fb22627f6f1a:192.168.69.118:36850], old=null
2019-10-23 12:13:48,786 [ad4d83c7-0f96-47bc-a4e8-7e5d9f844896@group-24C785E9A0FC-LeaderElection243] INFO  impl.LeaderElection (LogUtils.java:infoOrTrace(149)) -   Exception 0: {}
java.util.concurrent.ExecutionException: org.apache.ratis.thirdparty.io.grpc.StatusRuntimeException: UNAVAILABLE: io exception
	at java.util.concurrent.FutureTask.report(FutureTask.java:122)
	at java.util.concurrent.FutureTask.get(FutureTask.java:192)
	at org.apache.ratis.server.impl.LeaderElection.waitForResults(LeaderElection.java:259)
	at org.apache.ratis.server.impl.LeaderElection.askForVotes(LeaderElection.java:197)
	at org.apache.ratis.server.impl.LeaderElection.run(LeaderElection.java:133)
	at java.lang.Thread.run(Thread.java:748)
Caused by: org.apache.ratis.thirdparty.io.grpc.StatusRuntimeException: UNAVAILABLE: io exception
	at org.apache.ratis.thirdparty.io.grpc.stub.ClientCalls.toStatusRuntimeException(ClientCalls.java:233)
	at org.apache.ratis.thirdparty.io.grpc.stub.ClientCalls.getUnchecked(ClientCalls.java:214)
	at org.apache.ratis.thirdparty.io.grpc.stub.ClientCalls.blockingUnaryCall(ClientCalls.java:139)
	at org.apache.ratis.proto.grpc.RaftServerProtocolServiceGrpc$RaftServerProtocolServiceBlockingStub.requestVote(RaftServerProtocolServiceGrpc.java:265)
	at org.apache.ratis.grpc.server.GrpcServerProtocolClient.requestVote(GrpcServerProtocolClient.java:99)
	at org.apache.ratis.grpc.server.GrpcService.requestVote(GrpcService.java:204)
	at org.apache.ratis.server.impl.LeaderElection.lambda$submitRequests$1(LeaderElection.java:234)
	at java.util.concurrent.FutureTask.run(FutureTask.java:266)
	at java.util.concurrent.Executors$RunnableAdapter.call(Executors.java:511)
	at java.util.concurrent.FutureTask.run(FutureTask.java:266)
	at java.util.concurrent.ThreadPoolExecutor.runWorker(ThreadPoolExecutor.java:1149)
	at java.util.concurrent.ThreadPoolExecutor$Worker.run(ThreadPoolExecutor.java:624)
	... 1 more
Caused by: org.apache.ratis.thirdparty.io.netty.channel.AbstractChannel$AnnotatedConnectException: Connection refused: /192.168.69.118:39205
	at sun.nio.ch.SocketChannelImpl.checkConnect(Native Method)
	at sun.nio.ch.SocketChannelImpl.finishConnect(SocketChannelImpl.java:717)
	at org.apache.ratis.thirdparty.io.netty.channel.socket.nio.NioSocketChannel.doFinishConnect(NioSocketChannel.java:327)
	at org.apache.ratis.thirdparty.io.netty.channel.nio.AbstractNioChannel$AbstractNioUnsafe.finishConnect(AbstractNioChannel.java:340)
	at org.apache.ratis.thirdparty.io.netty.channel.nio.NioEventLoop.processSelectedKey(NioEventLoop.java:632)
	at org.apache.ratis.thirdparty.io.netty.channel.nio.NioEventLoop.processSelectedKeysOptimized(NioEventLoop.java:579)
	at org.apache.ratis.thirdparty.io.netty.channel.nio.NioEventLoop.processSelectedKeys(NioEventLoop.java:496)
	at org.apache.ratis.thirdparty.io.netty.channel.nio.NioEventLoop.run(NioEventLoop.java:458)
	at org.apache.ratis.thirdparty.io.netty.util.concurrent.SingleThreadEventExecutor$5.run(SingleThreadEventExecutor.java:897)
	at org.apache.ratis.thirdparty.io.netty.util.concurrent.FastThreadLocalRunnable.run(FastThreadLocalRunnable.java:30)
	... 1 more
Caused by: java.net.ConnectException: Connection refused
	... 11 more
2019-10-23 12:13:48,787 [ad4d83c7-0f96-47bc-a4e8-7e5d9f844896@group-24C785E9A0FC-LeaderElection243] INFO  impl.RaftServerImpl (RaftServerImpl.java:setRole(184)) - ad4d83c7-0f96-47bc-a4e8-7e5d9f844896@group-24C785E9A0FC: changes role from CANDIDATE to FOLLOWER at term 241 for DISCOVERED_A_NEW_TERM
2019-10-23 12:13:48,787 [ad4d83c7-0f96-47bc-a4e8-7e5d9f844896@group-24C785E9A0FC-LeaderElection243] INFO  impl.RoleInfo (RoleInfo.java:shutdownLeaderElection(134)) - ad4d83c7-0f96-47bc-a4e8-7e5d9f844896: shutdown LeaderElection
2019-10-23 12:13:48,787 [ad4d83c7-0f96-47bc-a4e8-7e5d9f844896@group-24C785E9A0FC-LeaderElection243] INFO  impl.RoleInfo (RoleInfo.java:updateAndGet(143)) - ad4d83c7-0f96-47bc-a4e8-7e5d9f844896: start FollowerState
2019-10-23 12:13:48,979 [Thread-2019] INFO  impl.FollowerState (FollowerState.java:run(108)) - ad4d83c7-0f96-47bc-a4e8-7e5d9f844896@group-24C785E9A0FC-FollowerState: change to CANDIDATE, lastRpcTime:192ms, electionTimeout:192ms
2019-10-23 12:13:48,979 [Thread-2019] INFO  impl.RoleInfo (RoleInfo.java:shutdownFollowerState(121)) - ad4d83c7-0f96-47bc-a4e8-7e5d9f844896: shutdown FollowerState
2019-10-23 12:13:48,979 [Thread-2019] INFO  impl.RaftServerImpl (RaftServerImpl.java:setRole(184)) - ad4d83c7-0f96-47bc-a4e8-7e5d9f844896@group-24C785E9A0FC: changes role from  FOLLOWER to CANDIDATE at term 241 for changeToCandidate
2019-10-23 12:13:48,980 [Thread-2019] INFO  impl.RoleInfo (RoleInfo.java:updateAndGet(143)) - ad4d83c7-0f96-47bc-a4e8-7e5d9f844896: start LeaderElection
2019-10-23 12:13:48,990 [ad4d83c7-0f96-47bc-a4e8-7e5d9f844896@group-24C785E9A0FC-LeaderElection244] INFO  impl.LeaderElection (LeaderElection.java:askForVotes(178)) - ad4d83c7-0f96-47bc-a4e8-7e5d9f844896@group-24C785E9A0FC-LeaderElection244: begin an election at term 242 for -1: [3b749b59-de2a-419b-9a26-261692f5c83c:192.168.69.118:39205, ad4d83c7-0f96-47bc-a4e8-7e5d9f844896:192.168.69.118:41688, 02863277-f564-4bc6-8337-fb22627f6f1a:192.168.69.118:36850], old=null
2019-10-23 12:13:48,991 [ad4d83c7-0f96-47bc-a4e8-7e5d9f844896@group-24C785E9A0FC-LeaderElection244] INFO  impl.LeaderElection (LogUtils.java:infoOrTrace(149)) - ad4d83c7-0f96-47bc-a4e8-7e5d9f844896@group-24C785E9A0FC-LeaderElection244 got exception when requesting votes: {}
java.util.concurrent.ExecutionException: org.apache.ratis.thirdparty.io.grpc.StatusRuntimeException: UNAVAILABLE: io exception
	at java.util.concurrent.FutureTask.report(FutureTask.java:122)
	at java.util.concurrent.FutureTask.get(FutureTask.java:192)
	at org.apache.ratis.server.impl.LeaderElection.waitForResults(LeaderElection.java:259)
	at org.apache.ratis.server.impl.LeaderElection.askForVotes(LeaderElection.java:197)
	at org.apache.ratis.server.impl.LeaderElection.run(LeaderElection.java:133)
	at java.lang.Thread.run(Thread.java:748)
Caused by: org.apache.ratis.thirdparty.io.grpc.StatusRuntimeException: UNAVAILABLE: io exception
	at org.apache.ratis.thirdparty.io.grpc.stub.ClientCalls.toStatusRuntimeException(ClientCalls.java:233)
	at org.apache.ratis.thirdparty.io.grpc.stub.ClientCalls.getUnchecked(ClientCalls.java:214)
	at org.apache.ratis.thirdparty.io.grpc.stub.ClientCalls.blockingUnaryCall(ClientCalls.java:139)
	at org.apache.ratis.proto.grpc.RaftServerProtocolServiceGrpc$RaftServerProtocolServiceBlockingStub.requestVote(RaftServerProtocolServiceGrpc.java:265)
	at org.apache.ratis.grpc.server.GrpcServerProtocolClient.requestVote(GrpcServerProtocolClient.java:99)
	at org.apache.ratis.grpc.server.GrpcService.requestVote(GrpcService.java:204)
	at org.apache.ratis.server.impl.LeaderElection.lambda$submitRequests$1(LeaderElection.java:234)
	at java.util.concurrent.FutureTask.run(FutureTask.java:266)
	at java.util.concurrent.Executors$RunnableAdapter.call(Executors.java:511)
	at java.util.concurrent.FutureTask.run(FutureTask.java:266)
	at java.util.concurrent.ThreadPoolExecutor.runWorker(ThreadPoolExecutor.java:1149)
	at java.util.concurrent.ThreadPoolExecutor$Worker.run(ThreadPoolExecutor.java:624)
	... 1 more
Caused by: org.apache.ratis.thirdparty.io.netty.channel.AbstractChannel$AnnotatedConnectException: Connection refused: /192.168.69.118:39205
	at sun.nio.ch.SocketChannelImpl.checkConnect(Native Method)
	at sun.nio.ch.SocketChannelImpl.finishConnect(SocketChannelImpl.java:717)
	at org.apache.ratis.thirdparty.io.netty.channel.socket.nio.NioSocketChannel.doFinishConnect(NioSocketChannel.java:327)
	at org.apache.ratis.thirdparty.io.netty.channel.nio.AbstractNioChannel$AbstractNioUnsafe.finishConnect(AbstractNioChannel.java:340)
	at org.apache.ratis.thirdparty.io.netty.channel.nio.NioEventLoop.processSelectedKey(NioEventLoop.java:632)
	at org.apache.ratis.thirdparty.io.netty.channel.nio.NioEventLoop.processSelectedKeysOptimized(NioEventLoop.java:579)
	at org.apache.ratis.thirdparty.io.netty.channel.nio.NioEventLoop.processSelectedKeys(NioEventLoop.java:496)
	at org.apache.ratis.thirdparty.io.netty.channel.nio.NioEventLoop.run(NioEventLoop.java:458)
	at org.apache.ratis.thirdparty.io.netty.util.concurrent.SingleThreadEventExecutor$5.run(SingleThreadEventExecutor.java:897)
	at org.apache.ratis.thirdparty.io.netty.util.concurrent.FastThreadLocalRunnable.run(FastThreadLocalRunnable.java:30)
	... 1 more
Caused by: java.net.ConnectException: Connection refused
	... 11 more
2019-10-23 12:13:48,992 [grpc-default-executor-4] INFO  impl.RaftServerImpl (RaftServerImpl.java:setRole(184)) - 02863277-f564-4bc6-8337-fb22627f6f1a@group-24C785E9A0FC: changes role from  FOLLOWER to FOLLOWER at term 242 for recognizeCandidate:ad4d83c7-0f96-47bc-a4e8-7e5d9f844896
2019-10-23 12:13:48,992 [grpc-default-executor-4] INFO  impl.RoleInfo (RoleInfo.java:shutdownFollowerState(121)) - 02863277-f564-4bc6-8337-fb22627f6f1a: shutdown FollowerState
2019-10-23 12:13:48,992 [grpc-default-executor-4] INFO  impl.RoleInfo (RoleInfo.java:updateAndGet(143)) - 02863277-f564-4bc6-8337-fb22627f6f1a: start FollowerState
2019-10-23 12:13:48,992 [Thread-2018] INFO  impl.FollowerState (FollowerState.java:run(117)) - 02863277-f564-4bc6-8337-fb22627f6f1a@group-24C785E9A0FC-FollowerState was interrupted: java.lang.InterruptedException: sleep interrupted
2019-10-23 12:13:49,010 [ad4d83c7-0f96-47bc-a4e8-7e5d9f844896@group-24C785E9A0FC-LeaderElection244] INFO  impl.LeaderElection (LeaderElection.java:logAndReturn(56)) - ad4d83c7-0f96-47bc-a4e8-7e5d9f844896@group-24C785E9A0FC-LeaderElection244: Election REJECTED; received 1 response(s) [ad4d83c7-0f96-47bc-a4e8-7e5d9f844896<-02863277-f564-4bc6-8337-fb22627f6f1a#0:FAIL-t242] and 1 exception(s); ad4d83c7-0f96-47bc-a4e8-7e5d9f844896@group-24C785E9A0FC:t242, leader=null, voted=ad4d83c7-0f96-47bc-a4e8-7e5d9f844896, raftlog=ad4d83c7-0f96-47bc-a4e8-7e5d9f844896@group-24C785E9A0FC-SegmentedRaftLog:OPENED:c-1,f-1,i0, conf=-1: [3b749b59-de2a-419b-9a26-261692f5c83c:192.168.69.118:39205, ad4d83c7-0f96-47bc-a4e8-7e5d9f844896:192.168.69.118:41688, 02863277-f564-4bc6-8337-fb22627f6f1a:192.168.69.118:36850], old=null
2019-10-23 12:13:49,010 [ad4d83c7-0f96-47bc-a4e8-7e5d9f844896@group-24C785E9A0FC-LeaderElection244] INFO  impl.LeaderElection (LogUtils.java:infoOrTrace(149)) -   Exception 0: {}
java.util.concurrent.ExecutionException: org.apache.ratis.thirdparty.io.grpc.StatusRuntimeException: UNAVAILABLE: io exception
	at java.util.concurrent.FutureTask.report(FutureTask.java:122)
	at java.util.concurrent.FutureTask.get(FutureTask.java:192)
	at org.apache.ratis.server.impl.LeaderElection.waitForResults(LeaderElection.java:259)
	at org.apache.ratis.server.impl.LeaderElection.askForVotes(LeaderElection.java:197)
	at org.apache.ratis.server.impl.LeaderElection.run(LeaderElection.java:133)
	at java.lang.Thread.run(Thread.java:748)
Caused by: org.apache.ratis.thirdparty.io.grpc.StatusRuntimeException: UNAVAILABLE: io exception
	at org.apache.ratis.thirdparty.io.grpc.stub.ClientCalls.toStatusRuntimeException(ClientCalls.java:233)
	at org.apache.ratis.thirdparty.io.grpc.stub.ClientCalls.getUnchecked(ClientCalls.java:214)
	at org.apache.ratis.thirdparty.io.grpc.stub.ClientCalls.blockingUnaryCall(ClientCalls.java:139)
	at org.apache.ratis.proto.grpc.RaftServerProtocolServiceGrpc$RaftServerProtocolServiceBlockingStub.requestVote(RaftServerProtocolServiceGrpc.java:265)
	at org.apache.ratis.grpc.server.GrpcServerProtocolClient.requestVote(GrpcServerProtocolClient.java:99)
	at org.apache.ratis.grpc.server.GrpcService.requestVote(GrpcService.java:204)
	at org.apache.ratis.server.impl.LeaderElection.lambda$submitRequests$1(LeaderElection.java:234)
	at java.util.concurrent.FutureTask.run(FutureTask.java:266)
	at java.util.concurrent.Executors$RunnableAdapter.call(Executors.java:511)
	at java.util.concurrent.FutureTask.run(FutureTask.java:266)
	at java.util.concurrent.ThreadPoolExecutor.runWorker(ThreadPoolExecutor.java:1149)
	at java.util.concurrent.ThreadPoolExecutor$Worker.run(ThreadPoolExecutor.java:624)
	... 1 more
Caused by: org.apache.ratis.thirdparty.io.netty.channel.AbstractChannel$AnnotatedConnectException: Connection refused: /192.168.69.118:39205
	at sun.nio.ch.SocketChannelImpl.checkConnect(Native Method)
	at sun.nio.ch.SocketChannelImpl.finishConnect(SocketChannelImpl.java:717)
	at org.apache.ratis.thirdparty.io.netty.channel.socket.nio.NioSocketChannel.doFinishConnect(NioSocketChannel.java:327)
	at org.apache.ratis.thirdparty.io.netty.channel.nio.AbstractNioChannel$AbstractNioUnsafe.finishConnect(AbstractNioChannel.java:340)
	at org.apache.ratis.thirdparty.io.netty.channel.nio.NioEventLoop.processSelectedKey(NioEventLoop.java:632)
	at org.apache.ratis.thirdparty.io.netty.channel.nio.NioEventLoop.processSelectedKeysOptimized(NioEventLoop.java:579)
	at org.apache.ratis.thirdparty.io.netty.channel.nio.NioEventLoop.processSelectedKeys(NioEventLoop.java:496)
	at org.apache.ratis.thirdparty.io.netty.channel.nio.NioEventLoop.run(NioEventLoop.java:458)
	at org.apache.ratis.thirdparty.io.netty.util.concurrent.SingleThreadEventExecutor$5.run(SingleThreadEventExecutor.java:897)
	at org.apache.ratis.thirdparty.io.netty.util.concurrent.FastThreadLocalRunnable.run(FastThreadLocalRunnable.java:30)
	... 1 more
Caused by: java.net.ConnectException: Connection refused
	... 11 more
2019-10-23 12:13:49,010 [ad4d83c7-0f96-47bc-a4e8-7e5d9f844896@group-24C785E9A0FC-LeaderElection244] INFO  impl.RaftServerImpl (RaftServerImpl.java:setRole(184)) - ad4d83c7-0f96-47bc-a4e8-7e5d9f844896@group-24C785E9A0FC: changes role from CANDIDATE to FOLLOWER at term 242 for DISCOVERED_A_NEW_TERM
2019-10-23 12:13:49,010 [ad4d83c7-0f96-47bc-a4e8-7e5d9f844896@group-24C785E9A0FC-LeaderElection244] INFO  impl.RoleInfo (RoleInfo.java:shutdownLeaderElection(134)) - ad4d83c7-0f96-47bc-a4e8-7e5d9f844896: shutdown LeaderElection
2019-10-23 12:13:49,010 [ad4d83c7-0f96-47bc-a4e8-7e5d9f844896@group-24C785E9A0FC-LeaderElection244] INFO  impl.RoleInfo (RoleInfo.java:updateAndGet(143)) - ad4d83c7-0f96-47bc-a4e8-7e5d9f844896: start FollowerState
2019-10-23 12:13:49,049 [main] INFO  ozoneimpl.OzoneContainer (OzoneContainer.java:stop(227)) - Attempting to stop container services.
2019-10-23 12:13:49,049 [main] INFO  impl.RaftServerProxy (RaftServerProxy.java:lambda$close$4(314)) - 4949cace-0585-430c-97a7-3db1e354cdac: close
2019-10-23 12:13:49,050 [main] INFO  impl.RaftServerImpl (RaftServerImpl.java:lambda$shutdown$3(261)) - 4949cace-0585-430c-97a7-3db1e354cdac@group-55CA4A6792A0: shutdown
2019-10-23 12:13:49,050 [main] INFO  util.JmxRegister (JmxRegister.java:unregister(73)) - Successfully un-registered JMX Bean with object name Ratis:service=RaftServer,group=group-55CA4A6792A0,id=4949cace-0585-430c-97a7-3db1e354cdac
2019-10-23 12:13:49,050 [main] INFO  impl.RoleInfo (RoleInfo.java:shutdownFollowerState(121)) - 4949cace-0585-430c-97a7-3db1e354cdac: shutdown FollowerState
2019-10-23 12:13:49,050 [main] INFO  impl.StateMachineUpdater (StateMachineUpdater.java:stopAndJoin(136)) - 4949cace-0585-430c-97a7-3db1e354cdac@group-55CA4A6792A0-StateMachineUpdater: set stopIndex = 15
2019-10-23 12:13:49,050 [4949cace-0585-430c-97a7-3db1e354cdac@group-55CA4A6792A0-StateMachineUpdater] INFO  ratis.ContainerStateMachine (ContainerStateMachine.java:takeSnapshot(294)) - group-55CA4A6792A0: Taking a snapshot at:(t:5, i:11) file /workdir/hadoop-ozone/integration-test/target/test-dir/MiniOzoneClusterImpl-f0805996-b414-4d96-aefa-ea3288852db6/datanode-9/data/ratis/463d6cb1-c5cc-4ba0-afed-55ca4a6792a0/sm/snapshot.5_11
2019-10-23 12:13:49,050 [Thread-2009] INFO  impl.FollowerState (FollowerState.java:run(117)) - 4949cace-0585-430c-97a7-3db1e354cdac@group-55CA4A6792A0-FollowerState was interrupted: java.lang.InterruptedException: sleep interrupted
2019-10-23 12:13:49,056 [ForkJoinPool.commonPool-worker-0] INFO  ozoneimpl.OzoneContainer (OzoneContainer.java:stop(227)) - Attempting to stop container services.
2019-10-23 12:13:49,056 [ForkJoinPool.commonPool-worker-0] INFO  impl.RaftServerProxy (RaftServerProxy.java:lambda$close$4(314)) - ad4d83c7-0f96-47bc-a4e8-7e5d9f844896: close
2019-10-23 12:13:49,056 [ForkJoinPool.commonPool-worker-0] INFO  impl.RaftServerImpl (RaftServerImpl.java:lambda$shutdown$3(261)) - ad4d83c7-0f96-47bc-a4e8-7e5d9f844896@group-FCD5A883FC05: shutdown
2019-10-23 12:13:49,057 [ForkJoinPool.commonPool-worker-0] INFO  util.JmxRegister (JmxRegister.java:unregister(73)) - Successfully un-registered JMX Bean with object name Ratis:service=RaftServer,group=group-FCD5A883FC05,id=ad4d83c7-0f96-47bc-a4e8-7e5d9f844896
2019-10-23 12:13:49,057 [ForkJoinPool.commonPool-worker-0] INFO  impl.RoleInfo (RoleInfo.java:shutdownLeaderState(104)) - ad4d83c7-0f96-47bc-a4e8-7e5d9f844896: shutdown LeaderState
2019-10-23 12:13:49,057 [ForkJoinPool.commonPool-worker-0] INFO  impl.PendingRequests (PendingRequests.java:sendNotLeaderResponses(202)) - ad4d83c7-0f96-47bc-a4e8-7e5d9f844896@group-FCD5A883FC05-PendingRequests: sendNotLeaderResponses
2019-10-23 12:13:49,057 [ForkJoinPool.commonPool-worker-0] INFO  impl.StateMachineUpdater (StateMachineUpdater.java:stopAndJoin(136)) - ad4d83c7-0f96-47bc-a4e8-7e5d9f844896@group-FCD5A883FC05-StateMachineUpdater: set stopIndex = 0
2019-10-23 12:13:49,058 [ForkJoinPool.commonPool-worker-0] INFO  impl.RaftServerImpl (ServerState.java:close(388)) - ad4d83c7-0f96-47bc-a4e8-7e5d9f844896@group-FCD5A883FC05: closes. applyIndex: 0
2019-10-23 12:13:49,058 [ad4d83c7-0f96-47bc-a4e8-7e5d9f844896@group-FCD5A883FC05-SegmentedRaftLogWorker] INFO  segmented.SegmentedRaftLogWorker (SegmentedRaftLogWorker.java:run(316)) - ad4d83c7-0f96-47bc-a4e8-7e5d9f844896@group-FCD5A883FC05-SegmentedRaftLogWorker was interrupted, exiting. There are 0 tasks remaining in the queue.
2019-10-23 12:13:49,058 [ForkJoinPool.commonPool-worker-0] INFO  segmented.SegmentedRaftLogWorker (SegmentedRaftLogWorker.java:close(224)) - ad4d83c7-0f96-47bc-a4e8-7e5d9f844896@group-FCD5A883FC05-SegmentedRaftLogWorker close()
2019-10-23 12:13:49,061 [ForkJoinPool.commonPool-worker-0] INFO  impl.RaftServerImpl (RaftServerImpl.java:lambda$shutdown$3(261)) - ad4d83c7-0f96-47bc-a4e8-7e5d9f844896@group-24C785E9A0FC: shutdown
2019-10-23 12:13:49,061 [ForkJoinPool.commonPool-worker-0] INFO  util.JmxRegister (JmxRegister.java:unregister(73)) - Successfully un-registered JMX Bean with object name Ratis:service=RaftServer,group=group-24C785E9A0FC,id=ad4d83c7-0f96-47bc-a4e8-7e5d9f844896
2019-10-23 12:13:49,061 [ForkJoinPool.commonPool-worker-0] INFO  impl.RoleInfo (RoleInfo.java:shutdownFollowerState(121)) - ad4d83c7-0f96-47bc-a4e8-7e5d9f844896: shutdown FollowerState
2019-10-23 12:13:49,061 [ForkJoinPool.commonPool-worker-0] INFO  impl.StateMachineUpdater (StateMachineUpdater.java:stopAndJoin(136)) - ad4d83c7-0f96-47bc-a4e8-7e5d9f844896@group-24C785E9A0FC-StateMachineUpdater: set stopIndex = -1
2019-10-23 12:13:49,061 [Thread-2024] INFO  impl.FollowerState (FollowerState.java:run(117)) - ad4d83c7-0f96-47bc-a4e8-7e5d9f844896@group-24C785E9A0FC-FollowerState was interrupted: java.lang.InterruptedException: sleep interrupted
2019-10-23 12:13:49,061 [ForkJoinPool.commonPool-worker-0] INFO  impl.RaftServerImpl (ServerState.java:close(388)) - ad4d83c7-0f96-47bc-a4e8-7e5d9f844896@group-24C785E9A0FC: closes. applyIndex: -1
2019-10-23 12:13:49,062 [ad4d83c7-0f96-47bc-a4e8-7e5d9f844896@group-24C785E9A0FC-SegmentedRaftLogWorker] INFO  segmented.SegmentedRaftLogWorker (SegmentedRaftLogWorker.java:run(316)) - ad4d83c7-0f96-47bc-a4e8-7e5d9f844896@group-24C785E9A0FC-SegmentedRaftLogWorker was interrupted, exiting. There are 0 tasks remaining in the queue.
2019-10-23 12:13:49,062 [ForkJoinPool.commonPool-worker-0] INFO  segmented.SegmentedRaftLogWorker (SegmentedRaftLogWorker.java:close(224)) - ad4d83c7-0f96-47bc-a4e8-7e5d9f844896@group-24C785E9A0FC-SegmentedRaftLogWorker close()
2019-10-23 12:13:49,064 [ForkJoinPool.commonPool-worker-0] INFO  server.GrpcService (GrpcService.java:closeImpl(164)) - ad4d83c7-0f96-47bc-a4e8-7e5d9f844896: shutdown server with port 41688 now
2019-10-23 12:13:49,064 [ForkJoinPool.commonPool-worker-0] INFO  server.GrpcService (GrpcService.java:closeImpl(172)) - ad4d83c7-0f96-47bc-a4e8-7e5d9f844896: shutdown server with port 41688 successfully
2019-10-23 12:13:49,065 [4949cace-0585-430c-97a7-3db1e354cdac@group-55CA4A6792A0-StateMachineUpdater] INFO  ratis.ContainerStateMachine (ContainerStateMachine.java:takeSnapshot(305)) - group-55CA4A6792A0: Finished taking a snapshot at:(t:5, i:11) file:/workdir/hadoop-ozone/integration-test/target/test-dir/MiniOzoneClusterImpl-f0805996-b414-4d96-aefa-ea3288852db6/datanode-9/data/ratis/463d6cb1-c5cc-4ba0-afed-55ca4a6792a0/sm/snapshot.5_11 time:14
2019-10-23 12:13:49,065 [4949cace-0585-430c-97a7-3db1e354cdac@group-55CA4A6792A0-StateMachineUpdater] INFO  impl.StateMachineUpdater (StateMachineUpdater.java:takeSnapshot(269)) - 4949cace-0585-430c-97a7-3db1e354cdac@group-55CA4A6792A0-StateMachineUpdater: Took a snapshot at index 11
2019-10-23 12:13:49,065 [4949cace-0585-430c-97a7-3db1e354cdac@group-55CA4A6792A0-StateMachineUpdater] INFO  impl.StateMachineUpdater (StateMachineUpdater.java:lambda$new$0(84)) - 4949cace-0585-430c-97a7-3db1e354cdac@group-55CA4A6792A0-StateMachineUpdater: snapshotIndex: updateIncreasingly -1 -> 11
2019-10-23 12:13:49,065 [4949cace-0585-430c-97a7-3db1e354cdac@group-55CA4A6792A0-StateMachineUpdater] INFO  ratis.ContainerStateMachine (ContainerStateMachine.java:takeSnapshot(294)) - group-55CA4A6792A0: Taking a snapshot at:(t:5, i:11) file /workdir/hadoop-ozone/integration-test/target/test-dir/MiniOzoneClusterImpl-f0805996-b414-4d96-aefa-ea3288852db6/datanode-9/data/ratis/463d6cb1-c5cc-4ba0-afed-55ca4a6792a0/sm/snapshot.5_11
2019-10-23 12:13:49,066 [refreshUsed-/workdir/hadoop-ozone/integration-test/target/test-dir/MiniOzoneClusterImpl-f0805996-b414-4d96-aefa-ea3288852db6/datanode-0/data/containers] WARN  fs.CachingGetSpaceUsed (CachingGetSpaceUsed.java:run(183)) - Thread Interrupted waiting to refresh disk information: sleep interrupted
2019-10-23 12:13:49,079 [4949cace-0585-430c-97a7-3db1e354cdac@group-55CA4A6792A0-StateMachineUpdater] INFO  ratis.ContainerStateMachine (ContainerStateMachine.java:takeSnapshot(305)) - group-55CA4A6792A0: Finished taking a snapshot at:(t:5, i:11) file:/workdir/hadoop-ozone/integration-test/target/test-dir/MiniOzoneClusterImpl-f0805996-b414-4d96-aefa-ea3288852db6/datanode-9/data/ratis/463d6cb1-c5cc-4ba0-afed-55ca4a6792a0/sm/snapshot.5_11 time:13
2019-10-23 12:13:49,079 [4949cace-0585-430c-97a7-3db1e354cdac@group-55CA4A6792A0-StateMachineUpdater] INFO  impl.StateMachineUpdater (StateMachineUpdater.java:takeSnapshot(269)) - 4949cace-0585-430c-97a7-3db1e354cdac@group-55CA4A6792A0-StateMachineUpdater: Took a snapshot at index 11
2019-10-23 12:13:49,079 [4949cace-0585-430c-97a7-3db1e354cdac@group-55CA4A6792A0-StateMachineUpdater] INFO  impl.StateMachineUpdater (StateMachineUpdater.java:lambda$new$0(84)) - 4949cace-0585-430c-97a7-3db1e354cdac@group-55CA4A6792A0-StateMachineUpdater: snapshotIndex: updateIncreasingly 11 -> 11
2019-10-23 12:13:49,079 [main] INFO  impl.RaftServerImpl (ServerState.java:close(388)) - 4949cace-0585-430c-97a7-3db1e354cdac@group-55CA4A6792A0: closes. applyIndex: 15
2019-10-23 12:13:49,080 [4949cace-0585-430c-97a7-3db1e354cdac@group-55CA4A6792A0-SegmentedRaftLogWorker] INFO  segmented.SegmentedRaftLogWorker (SegmentedRaftLogWorker.java:run(316)) - 4949cace-0585-430c-97a7-3db1e354cdac@group-55CA4A6792A0-SegmentedRaftLogWorker was interrupted, exiting. There are 0 tasks remaining in the queue.
2019-10-23 12:13:49,080 [main] INFO  segmented.SegmentedRaftLogWorker (SegmentedRaftLogWorker.java:close(224)) - 4949cace-0585-430c-97a7-3db1e354cdac@group-55CA4A6792A0-SegmentedRaftLogWorker close()
2019-10-23 12:13:49,082 [java.util.concurrent.ThreadPoolExecutor$Worker@5376dd6[State = -1, empty queue]] WARN  server.GrpcLogAppender (GrpcLogAppender.java:timeoutAppendRequest(209)) - 787770cd-56b0-4d21-897f-e9f49f0f8295@group-0F120BA276DC->1d5d0298-6e55-4fca-8e63-ae12c20f52e9-GrpcLogAppender: appendEntries Timeout, request=787770cd-56b0-4d21-897f-e9f49f0f8295->1d5d0298-6e55-4fca-8e63-ae12c20f52e9#60-t2, previous=(t:2, i:4), leaderCommit=4, initializing? false, entries: <empty>
2019-10-23 12:13:49,082 [java.util.concurrent.ThreadPoolExecutor$Worker@d45e495[State = -1, empty queue]] WARN  server.GrpcLogAppender (GrpcLogAppender.java:timeoutAppendRequest(209)) - 787770cd-56b0-4d21-897f-e9f49f0f8295@group-0F120BA276DC->7b74cae2-68bb-403f-9342-7e82e321628a-GrpcLogAppender: appendEntries Timeout, request=787770cd-56b0-4d21-897f-e9f49f0f8295->7b74cae2-68bb-403f-9342-7e82e321628a#60-t2, previous=(t:2, i:4), leaderCommit=4, initializing? false, entries: <empty>
2019-10-23 12:13:49,082 [main] INFO  impl.RaftServerImpl (RaftServerImpl.java:lambda$shutdown$3(261)) - 4949cace-0585-430c-97a7-3db1e354cdac@group-C8E79F2C424D: shutdown
2019-10-23 12:13:49,082 [main] INFO  util.JmxRegister (JmxRegister.java:unregister(73)) - Successfully un-registered JMX Bean with object name Ratis:service=RaftServer,group=group-C8E79F2C424D,id=4949cace-0585-430c-97a7-3db1e354cdac
2019-10-23 12:13:49,082 [ForkJoinPool.commonPool-worker-0] INFO  utils.BackgroundService (BackgroundService.java:shutdown(151)) - Shutting down service BlockDeletingService
2019-10-23 12:13:49,083 [main] INFO  impl.RoleInfo (RoleInfo.java:shutdownLeaderState(104)) - 4949cace-0585-430c-97a7-3db1e354cdac: shutdown LeaderState
2019-10-23 12:13:49,083 [main] INFO  impl.PendingRequests (PendingRequests.java:sendNotLeaderResponses(202)) - 4949cace-0585-430c-97a7-3db1e354cdac@group-C8E79F2C424D-PendingRequests: sendNotLeaderResponses
2019-10-23 12:13:49,086 [ForkJoinPool.commonPool-worker-0] INFO  statemachine.DatanodeStateMachine (DatanodeStateMachine.java:stopDaemon(395)) - Ozone container server stopped.
2019-10-23 12:13:49,086 [main] INFO  impl.StateMachineUpdater (StateMachineUpdater.java:stopAndJoin(136)) - 4949cace-0585-430c-97a7-3db1e354cdac@group-C8E79F2C424D-StateMachineUpdater: set stopIndex = 0
2019-10-23 12:13:49,086 [main] INFO  impl.RaftServerImpl (ServerState.java:close(388)) - 4949cace-0585-430c-97a7-3db1e354cdac@group-C8E79F2C424D: closes. applyIndex: 0
2019-10-23 12:13:49,089 [4949cace-0585-430c-97a7-3db1e354cdac@group-C8E79F2C424D-SegmentedRaftLogWorker] INFO  segmented.SegmentedRaftLogWorker (SegmentedRaftLogWorker.java:run(316)) - 4949cace-0585-430c-97a7-3db1e354cdac@group-C8E79F2C424D-SegmentedRaftLogWorker was interrupted, exiting. There are 0 tasks remaining in the queue.
2019-10-23 12:13:49,089 [main] INFO  segmented.SegmentedRaftLogWorker (SegmentedRaftLogWorker.java:close(224)) - 4949cace-0585-430c-97a7-3db1e354cdac@group-C8E79F2C424D-SegmentedRaftLogWorker close()
2019-10-23 12:13:49,091 [main] INFO  server.GrpcService (GrpcService.java:closeImpl(164)) - 4949cace-0585-430c-97a7-3db1e354cdac: shutdown server with port 33911 now
2019-10-23 12:13:49,091 [ForkJoinPool.commonPool-worker-0] INFO  handler.ContextHandler (ContextHandler.java:doStop(910)) - Stopped o.e.j.w.WebAppContext@4339baec{/,null,UNAVAILABLE}{/hddsDatanode}
2019-10-23 12:13:49,093 [main] INFO  server.GrpcService (GrpcService.java:closeImpl(172)) - 4949cace-0585-430c-97a7-3db1e354cdac: shutdown server with port 33911 successfully
2019-10-23 12:13:49,094 [ForkJoinPool.commonPool-worker-0] INFO  server.AbstractConnector (AbstractConnector.java:doStop(318)) - Stopped ServerConnector@62db3891{HTTP/1.1,[http/1.1]}{0.0.0.0:0}
2019-10-23 12:13:49,095 [ForkJoinPool.commonPool-worker-0] INFO  handler.ContextHandler (ContextHandler.java:doStop(910)) - Stopped o.e.j.s.ServletContextHandler@644ded04{/static,jar:file:/home/user/.m2/repository/org/apache/hadoop/hadoop-hdds-container-service/0.5.0-SNAPSHOT/hadoop-hdds-container-service-0.5.0-SNAPSHOT.jar!/webapps/static,UNAVAILABLE}
2019-10-23 12:13:49,096 [ForkJoinPool.commonPool-worker-0] INFO  handler.ContextHandler (ContextHandler.java:doStop(910)) - Stopped o.e.j.s.ServletContextHandler@290d10ef{/logs,file:///workdir/hadoop-ozone/integration-test/target/log,UNAVAILABLE}
2019-10-23 12:13:49,098 [refreshUsed-/workdir/hadoop-ozone/integration-test/target/test-dir/MiniOzoneClusterImpl-f0805996-b414-4d96-aefa-ea3288852db6/datanode-9/data/containers] WARN  fs.CachingGetSpaceUsed (CachingGetSpaceUsed.java:run(183)) - Thread Interrupted waiting to refresh disk information: sleep interrupted
2019-10-23 12:13:49,109 [main] INFO  utils.BackgroundService (BackgroundService.java:shutdown(151)) - Shutting down service BlockDeletingService
2019-10-23 12:13:49,111 [main] INFO  statemachine.DatanodeStateMachine (DatanodeStateMachine.java:stopDaemon(395)) - Ozone container server stopped.
2019-10-23 12:13:49,113 [main] INFO  handler.ContextHandler (ContextHandler.java:doStop(910)) - Stopped o.e.j.w.WebAppContext@7a8b9166{/,null,UNAVAILABLE}{/hddsDatanode}
2019-10-23 12:13:49,114 [main] INFO  server.AbstractConnector (AbstractConnector.java:doStop(318)) - Stopped ServerConnector@4acc5dff{HTTP/1.1,[http/1.1]}{0.0.0.0:0}
2019-10-23 12:13:49,114 [main] INFO  handler.ContextHandler (ContextHandler.java:doStop(910)) - Stopped o.e.j.s.ServletContextHandler@6cbd0674{/static,jar:file:/home/user/.m2/repository/org/apache/hadoop/hadoop-hdds-container-service/0.5.0-SNAPSHOT/hadoop-hdds-container-service-0.5.0-SNAPSHOT.jar!/webapps/static,UNAVAILABLE}
2019-10-23 12:13:49,114 [main] INFO  handler.ContextHandler (ContextHandler.java:doStop(910)) - Stopped o.e.j.s.ServletContextHandler@6325f352{/logs,file:///workdir/hadoop-ozone/integration-test/target/log,UNAVAILABLE}
2019-10-23 12:13:49,548 [Datanode State Machine Thread - 0] INFO  statemachine.DatanodeStateMachine (DatanodeStateMachine.java:lambda$startDaemon$0(350)) - Ozone container server started.
2019-10-23 12:13:49,581 [java.util.concurrent.ThreadPoolExecutor$Worker@d45e495[State = -1, empty queue]] WARN  server.GrpcLogAppender (GrpcLogAppender.java:timeoutAppendRequest(209)) - 787770cd-56b0-4d21-897f-e9f49f0f8295@group-0F120BA276DC->7b74cae2-68bb-403f-9342-7e82e321628a-GrpcLogAppender: appendEntries Timeout, request=787770cd-56b0-4d21-897f-e9f49f0f8295->7b74cae2-68bb-403f-9342-7e82e321628a#61-t2, previous=(t:2, i:4), leaderCommit=4, initializing? false, entries: <empty>
2019-10-23 12:13:49,581 [java.util.concurrent.ThreadPoolExecutor$Worker@5376dd6[State = -1, empty queue]] WARN  server.GrpcLogAppender (GrpcLogAppender.java:timeoutAppendRequest(209)) - 787770cd-56b0-4d21-897f-e9f49f0f8295@group-0F120BA276DC->1d5d0298-6e55-4fca-8e63-ae12c20f52e9-GrpcLogAppender: appendEntries Timeout, request=787770cd-56b0-4d21-897f-e9f49f0f8295->1d5d0298-6e55-4fca-8e63-ae12c20f52e9#61-t2, previous=(t:2, i:4), leaderCommit=4, initializing? false, entries: <empty>
2019-10-23 12:13:49,821 [Datanode State Machine Thread - 0] INFO  statemachine.DatanodeStateMachine (DatanodeStateMachine.java:lambda$startDaemon$0(350)) - Ozone container server started.
2019-10-23 12:13:50,081 [java.util.concurrent.ThreadPoolExecutor$Worker@5376dd6[State = -1, empty queue]] WARN  server.GrpcLogAppender (GrpcLogAppender.java:timeoutAppendRequest(209)) - 787770cd-56b0-4d21-897f-e9f49f0f8295@group-0F120BA276DC->1d5d0298-6e55-4fca-8e63-ae12c20f52e9-GrpcLogAppender: appendEntries Timeout, request=787770cd-56b0-4d21-897f-e9f49f0f8295->1d5d0298-6e55-4fca-8e63-ae12c20f52e9#62-t2, previous=(t:2, i:4), leaderCommit=4, initializing? false, entries: <empty>
2019-10-23 12:13:50,081 [java.util.concurrent.ThreadPoolExecutor$Worker@d45e495[State = -1, empty queue]] WARN  server.GrpcLogAppender (GrpcLogAppender.java:timeoutAppendRequest(209)) - 787770cd-56b0-4d21-897f-e9f49f0f8295@group-0F120BA276DC->7b74cae2-68bb-403f-9342-7e82e321628a-GrpcLogAppender: appendEntries Timeout, request=787770cd-56b0-4d21-897f-e9f49f0f8295->7b74cae2-68bb-403f-9342-7e82e321628a#62-t2, previous=(t:2, i:4), leaderCommit=4, initializing? false, entries: <empty>
2019-10-23 12:13:50,118 [Thread-2023] INFO  impl.FollowerState (FollowerState.java:run(108)) - 02863277-f564-4bc6-8337-fb22627f6f1a@group-24C785E9A0FC-FollowerState: change to CANDIDATE, lastRpcTime:1126ms, electionTimeout:1126ms
2019-10-23 12:13:50,118 [Thread-2023] INFO  impl.RoleInfo (RoleInfo.java:shutdownFollowerState(121)) - 02863277-f564-4bc6-8337-fb22627f6f1a: shutdown FollowerState
2019-10-23 12:13:50,119 [Thread-2023] INFO  impl.RaftServerImpl (RaftServerImpl.java:setRole(184)) - 02863277-f564-4bc6-8337-fb22627f6f1a@group-24C785E9A0FC: changes role from  FOLLOWER to CANDIDATE at term 242 for changeToCandidate
2019-10-23 12:13:50,119 [Thread-2023] INFO  impl.RoleInfo (RoleInfo.java:updateAndGet(143)) - 02863277-f564-4bc6-8337-fb22627f6f1a: start LeaderElection
2019-10-23 12:13:50,123 [02863277-f564-4bc6-8337-fb22627f6f1a@group-24C785E9A0FC-LeaderElection245] INFO  impl.LeaderElection (LeaderElection.java:askForVotes(178)) - 02863277-f564-4bc6-8337-fb22627f6f1a@group-24C785E9A0FC-LeaderElection245: begin an election at term 243 for 0: [3b749b59-de2a-419b-9a26-261692f5c83c:192.168.69.118:39205, ad4d83c7-0f96-47bc-a4e8-7e5d9f844896:192.168.69.118:41688, 02863277-f564-4bc6-8337-fb22627f6f1a:192.168.69.118:36850], old=null
2019-10-23 12:13:50,126 [02863277-f564-4bc6-8337-fb22627f6f1a@group-24C785E9A0FC-LeaderElection245] INFO  impl.LeaderElection (LogUtils.java:infoOrTrace(149)) - 02863277-f564-4bc6-8337-fb22627f6f1a@group-24C785E9A0FC-LeaderElection245 got exception when requesting votes: {}
java.util.concurrent.ExecutionException: org.apache.ratis.thirdparty.io.grpc.StatusRuntimeException: UNAVAILABLE: io exception
	at java.util.concurrent.FutureTask.report(FutureTask.java:122)
	at java.util.concurrent.FutureTask.get(FutureTask.java:192)
	at org.apache.ratis.server.impl.LeaderElection.waitForResults(LeaderElection.java:259)
	at org.apache.ratis.server.impl.LeaderElection.askForVotes(LeaderElection.java:197)
	at org.apache.ratis.server.impl.LeaderElection.run(LeaderElection.java:133)
	at java.lang.Thread.run(Thread.java:748)
Caused by: org.apache.ratis.thirdparty.io.grpc.StatusRuntimeException: UNAVAILABLE: io exception
	at org.apache.ratis.thirdparty.io.grpc.stub.ClientCalls.toStatusRuntimeException(ClientCalls.java:233)
	at org.apache.ratis.thirdparty.io.grpc.stub.ClientCalls.getUnchecked(ClientCalls.java:214)
	at org.apache.ratis.thirdparty.io.grpc.stub.ClientCalls.blockingUnaryCall(ClientCalls.java:139)
	at org.apache.ratis.proto.grpc.RaftServerProtocolServiceGrpc$RaftServerProtocolServiceBlockingStub.requestVote(RaftServerProtocolServiceGrpc.java:265)
	at org.apache.ratis.grpc.server.GrpcServerProtocolClient.requestVote(GrpcServerProtocolClient.java:99)
	at org.apache.ratis.grpc.server.GrpcService.requestVote(GrpcService.java:204)
	at org.apache.ratis.server.impl.LeaderElection.lambda$submitRequests$1(LeaderElection.java:234)
	at java.util.concurrent.FutureTask.run(FutureTask.java:266)
	at java.util.concurrent.Executors$RunnableAdapter.call(Executors.java:511)
	at java.util.concurrent.FutureTask.run(FutureTask.java:266)
	at java.util.concurrent.ThreadPoolExecutor.runWorker(ThreadPoolExecutor.java:1149)
	at java.util.concurrent.ThreadPoolExecutor$Worker.run(ThreadPoolExecutor.java:624)
	... 1 more
Caused by: org.apache.ratis.thirdparty.io.netty.channel.AbstractChannel$AnnotatedConnectException: Connection refused: /192.168.69.118:39205
	at sun.nio.ch.SocketChannelImpl.checkConnect(Native Method)
	at sun.nio.ch.SocketChannelImpl.finishConnect(SocketChannelImpl.java:717)
	at org.apache.ratis.thirdparty.io.netty.channel.socket.nio.NioSocketChannel.doFinishConnect(NioSocketChannel.java:327)
	at org.apache.ratis.thirdparty.io.netty.channel.nio.AbstractNioChannel$AbstractNioUnsafe.finishConnect(AbstractNioChannel.java:340)
	at org.apache.ratis.thirdparty.io.netty.channel.nio.NioEventLoop.processSelectedKey(NioEventLoop.java:632)
	at org.apache.ratis.thirdparty.io.netty.channel.nio.NioEventLoop.processSelectedKeysOptimized(NioEventLoop.java:579)
	at org.apache.ratis.thirdparty.io.netty.channel.nio.NioEventLoop.processSelectedKeys(NioEventLoop.java:496)
	at org.apache.ratis.thirdparty.io.netty.channel.nio.NioEventLoop.run(NioEventLoop.java:458)
	at org.apache.ratis.thirdparty.io.netty.util.concurrent.SingleThreadEventExecutor$5.run(SingleThreadEventExecutor.java:897)
	at org.apache.ratis.thirdparty.io.netty.util.concurrent.FastThreadLocalRunnable.run(FastThreadLocalRunnable.java:30)
	... 1 more
Caused by: java.net.ConnectException: Connection refused
	... 11 more
2019-10-23 12:13:50,127 [02863277-f564-4bc6-8337-fb22627f6f1a@group-24C785E9A0FC-LeaderElection245] INFO  impl.LeaderElection (LogUtils.java:infoOrTrace(149)) - 02863277-f564-4bc6-8337-fb22627f6f1a@group-24C785E9A0FC-LeaderElection245 got exception when requesting votes: {}
java.util.concurrent.ExecutionException: org.apache.ratis.thirdparty.io.grpc.StatusRuntimeException: UNAVAILABLE: io exception
	at java.util.concurrent.FutureTask.report(FutureTask.java:122)
	at java.util.concurrent.FutureTask.get(FutureTask.java:192)
	at org.apache.ratis.server.impl.LeaderElection.waitForResults(LeaderElection.java:259)
	at org.apache.ratis.server.impl.LeaderElection.askForVotes(LeaderElection.java:197)
	at org.apache.ratis.server.impl.LeaderElection.run(LeaderElection.java:133)
	at java.lang.Thread.run(Thread.java:748)
Caused by: org.apache.ratis.thirdparty.io.grpc.StatusRuntimeException: UNAVAILABLE: io exception
	at org.apache.ratis.thirdparty.io.grpc.stub.ClientCalls.toStatusRuntimeException(ClientCalls.java:233)
	at org.apache.ratis.thirdparty.io.grpc.stub.ClientCalls.getUnchecked(ClientCalls.java:214)
	at org.apache.ratis.thirdparty.io.grpc.stub.ClientCalls.blockingUnaryCall(ClientCalls.java:139)
	at org.apache.ratis.proto.grpc.RaftServerProtocolServiceGrpc$RaftServerProtocolServiceBlockingStub.requestVote(RaftServerProtocolServiceGrpc.java:265)
	at org.apache.ratis.grpc.server.GrpcServerProtocolClient.requestVote(GrpcServerProtocolClient.java:99)
	at org.apache.ratis.grpc.server.GrpcService.requestVote(GrpcService.java:204)
	at org.apache.ratis.server.impl.LeaderElection.lambda$submitRequests$1(LeaderElection.java:234)
	at java.util.concurrent.FutureTask.run(FutureTask.java:266)
	at java.util.concurrent.Executors$RunnableAdapter.call(Executors.java:511)
	at java.util.concurrent.FutureTask.run(FutureTask.java:266)
	at java.util.concurrent.ThreadPoolExecutor.runWorker(ThreadPoolExecutor.java:1149)
	at java.util.concurrent.ThreadPoolExecutor$Worker.run(ThreadPoolExecutor.java:624)
	... 1 more
Caused by: org.apache.ratis.thirdparty.io.netty.channel.AbstractChannel$AnnotatedConnectException: Connection refused: /192.168.69.118:41688
	at sun.nio.ch.SocketChannelImpl.checkConnect(Native Method)
	at sun.nio.ch.SocketChannelImpl.finishConnect(SocketChannelImpl.java:717)
	at org.apache.ratis.thirdparty.io.netty.channel.socket.nio.NioSocketChannel.doFinishConnect(NioSocketChannel.java:327)
	at org.apache.ratis.thirdparty.io.netty.channel.nio.AbstractNioChannel$AbstractNioUnsafe.finishConnect(AbstractNioChannel.java:340)
	at org.apache.ratis.thirdparty.io.netty.channel.nio.NioEventLoop.processSelectedKey(NioEventLoop.java:632)
	at org.apache.ratis.thirdparty.io.netty.channel.nio.NioEventLoop.processSelectedKeysOptimized(NioEventLoop.java:579)
	at org.apache.ratis.thirdparty.io.netty.channel.nio.NioEventLoop.processSelectedKeys(NioEventLoop.java:496)
	at org.apache.ratis.thirdparty.io.netty.channel.nio.NioEventLoop.run(NioEventLoop.java:458)
	at org.apache.ratis.thirdparty.io.netty.util.concurrent.SingleThreadEventExecutor$5.run(SingleThreadEventExecutor.java:897)
	at org.apache.ratis.thirdparty.io.netty.util.concurrent.FastThreadLocalRunnable.run(FastThreadLocalRunnable.java:30)
	... 1 more
Caused by: java.net.ConnectException: Connection refused
	... 11 more
2019-10-23 12:13:50,127 [02863277-f564-4bc6-8337-fb22627f6f1a@group-24C785E9A0FC-LeaderElection245] INFO  impl.LeaderElection (LeaderElection.java:logAndReturn(56)) - 02863277-f564-4bc6-8337-fb22627f6f1a@group-24C785E9A0FC-LeaderElection245: Election REJECTED; received 0 response(s) [] and 2 exception(s); 02863277-f564-4bc6-8337-fb22627f6f1a@group-24C785E9A0FC:t243, leader=null, voted=02863277-f564-4bc6-8337-fb22627f6f1a, raftlog=02863277-f564-4bc6-8337-fb22627f6f1a@group-24C785E9A0FC-SegmentedRaftLog:OPENED:c-1,f0,i0, conf=0: [3b749b59-de2a-419b-9a26-261692f5c83c:192.168.69.118:39205, ad4d83c7-0f96-47bc-a4e8-7e5d9f844896:192.168.69.118:41688, 02863277-f564-4bc6-8337-fb22627f6f1a:192.168.69.118:36850], old=null
2019-10-23 12:13:50,127 [02863277-f564-4bc6-8337-fb22627f6f1a@group-24C785E9A0FC-LeaderElection245] INFO  impl.LeaderElection (LogUtils.java:infoOrTrace(149)) -   Exception 0: {}
java.util.concurrent.ExecutionException: org.apache.ratis.thirdparty.io.grpc.StatusRuntimeException: UNAVAILABLE: io exception
	at java.util.concurrent.FutureTask.report(FutureTask.java:122)
	at java.util.concurrent.FutureTask.get(FutureTask.java:192)
	at org.apache.ratis.server.impl.LeaderElection.waitForResults(LeaderElection.java:259)
	at org.apache.ratis.server.impl.LeaderElection.askForVotes(LeaderElection.java:197)
	at org.apache.ratis.server.impl.LeaderElection.run(LeaderElection.java:133)
	at java.lang.Thread.run(Thread.java:748)
Caused by: org.apache.ratis.thirdparty.io.grpc.StatusRuntimeException: UNAVAILABLE: io exception
	at org.apache.ratis.thirdparty.io.grpc.stub.ClientCalls.toStatusRuntimeException(ClientCalls.java:233)
	at org.apache.ratis.thirdparty.io.grpc.stub.ClientCalls.getUnchecked(ClientCalls.java:214)
	at org.apache.ratis.thirdparty.io.grpc.stub.ClientCalls.blockingUnaryCall(ClientCalls.java:139)
	at org.apache.ratis.proto.grpc.RaftServerProtocolServiceGrpc$RaftServerProtocolServiceBlockingStub.requestVote(RaftServerProtocolServiceGrpc.java:265)
	at org.apache.ratis.grpc.server.GrpcServerProtocolClient.requestVote(GrpcServerProtocolClient.java:99)
	at org.apache.ratis.grpc.server.GrpcService.requestVote(GrpcService.java:204)
	at org.apache.ratis.server.impl.LeaderElection.lambda$submitRequests$1(LeaderElection.java:234)
	at java.util.concurrent.FutureTask.run(FutureTask.java:266)
	at java.util.concurrent.Executors$RunnableAdapter.call(Executors.java:511)
	at java.util.concurrent.FutureTask.run(FutureTask.java:266)
	at java.util.concurrent.ThreadPoolExecutor.runWorker(ThreadPoolExecutor.java:1149)
	at java.util.concurrent.ThreadPoolExecutor$Worker.run(ThreadPoolExecutor.java:624)
	... 1 more
Caused by: org.apache.ratis.thirdparty.io.netty.channel.AbstractChannel$AnnotatedConnectException: Connection refused: /192.168.69.118:39205
	at sun.nio.ch.SocketChannelImpl.checkConnect(Native Method)
	at sun.nio.ch.SocketChannelImpl.finishConnect(SocketChannelImpl.java:717)
	at org.apache.ratis.thirdparty.io.netty.channel.socket.nio.NioSocketChannel.doFinishConnect(NioSocketChannel.java:327)
	at org.apache.ratis.thirdparty.io.netty.channel.nio.AbstractNioChannel$AbstractNioUnsafe.finishConnect(AbstractNioChannel.java:340)
	at org.apache.ratis.thirdparty.io.netty.channel.nio.NioEventLoop.processSelectedKey(NioEventLoop.java:632)
	at org.apache.ratis.thirdparty.io.netty.channel.nio.NioEventLoop.processSelectedKeysOptimized(NioEventLoop.java:579)
	at org.apache.ratis.thirdparty.io.netty.channel.nio.NioEventLoop.processSelectedKeys(NioEventLoop.java:496)
	at org.apache.ratis.thirdparty.io.netty.channel.nio.NioEventLoop.run(NioEventLoop.java:458)
	at org.apache.ratis.thirdparty.io.netty.util.concurrent.SingleThreadEventExecutor$5.run(SingleThreadEventExecutor.java:897)
	at org.apache.ratis.thirdparty.io.netty.util.concurrent.FastThreadLocalRunnable.run(FastThreadLocalRunnable.java:30)
	... 1 more
Caused by: java.net.ConnectException: Connection refused
	... 11 more
2019-10-23 12:13:50,128 [02863277-f564-4bc6-8337-fb22627f6f1a@group-24C785E9A0FC-LeaderElection245] INFO  impl.LeaderElection (LogUtils.java:infoOrTrace(149)) -   Exception 1: {}
java.util.concurrent.ExecutionException: org.apache.ratis.thirdparty.io.grpc.StatusRuntimeException: UNAVAILABLE: io exception
	at java.util.concurrent.FutureTask.report(FutureTask.java:122)
	at java.util.concurrent.FutureTask.get(FutureTask.java:192)
	at org.apache.ratis.server.impl.LeaderElection.waitForResults(LeaderElection.java:259)
	at org.apache.ratis.server.impl.LeaderElection.askForVotes(LeaderElection.java:197)
	at org.apache.ratis.server.impl.LeaderElection.run(LeaderElection.java:133)
	at java.lang.Thread.run(Thread.java:748)
Caused by: org.apache.ratis.thirdparty.io.grpc.StatusRuntimeException: UNAVAILABLE: io exception
	at org.apache.ratis.thirdparty.io.grpc.stub.ClientCalls.toStatusRuntimeException(ClientCalls.java:233)
	at org.apache.ratis.thirdparty.io.grpc.stub.ClientCalls.getUnchecked(ClientCalls.java:214)
	at org.apache.ratis.thirdparty.io.grpc.stub.ClientCalls.blockingUnaryCall(ClientCalls.java:139)
	at org.apache.ratis.proto.grpc.RaftServerProtocolServiceGrpc$RaftServerProtocolServiceBlockingStub.requestVote(RaftServerProtocolServiceGrpc.java:265)
	at org.apache.ratis.grpc.server.GrpcServerProtocolClient.requestVote(GrpcServerProtocolClient.java:99)
	at org.apache.ratis.grpc.server.GrpcService.requestVote(GrpcService.java:204)
	at org.apache.ratis.server.impl.LeaderElection.lambda$submitRequests$1(LeaderElection.java:234)
	at java.util.concurrent.FutureTask.run(FutureTask.java:266)
	at java.util.concurrent.Executors$RunnableAdapter.call(Executors.java:511)
	at java.util.concurrent.FutureTask.run(FutureTask.java:266)
	at java.util.concurrent.ThreadPoolExecutor.runWorker(ThreadPoolExecutor.java:1149)
	at java.util.concurrent.ThreadPoolExecutor$Worker.run(ThreadPoolExecutor.java:624)
	... 1 more
Caused by: org.apache.ratis.thirdparty.io.netty.channel.AbstractChannel$AnnotatedConnectException: Connection refused: /192.168.69.118:41688
	at sun.nio.ch.SocketChannelImpl.checkConnect(Native Method)
	at sun.nio.ch.SocketChannelImpl.finishConnect(SocketChannelImpl.java:717)
	at org.apache.ratis.thirdparty.io.netty.channel.socket.nio.NioSocketChannel.doFinishConnect(NioSocketChannel.java:327)
	at org.apache.ratis.thirdparty.io.netty.channel.nio.AbstractNioChannel$AbstractNioUnsafe.finishConnect(AbstractNioChannel.java:340)
	at org.apache.ratis.thirdparty.io.netty.channel.nio.NioEventLoop.processSelectedKey(NioEventLoop.java:632)
	at org.apache.ratis.thirdparty.io.netty.channel.nio.NioEventLoop.processSelectedKeysOptimized(NioEventLoop.java:579)
	at org.apache.ratis.thirdparty.io.netty.channel.nio.NioEventLoop.processSelectedKeys(NioEventLoop.java:496)
	at org.apache.ratis.thirdparty.io.netty.channel.nio.NioEventLoop.run(NioEventLoop.java:458)
	at org.apache.ratis.thirdparty.io.netty.util.concurrent.SingleThreadEventExecutor$5.run(SingleThreadEventExecutor.java:897)
	at org.apache.ratis.thirdparty.io.netty.util.concurrent.FastThreadLocalRunnable.run(FastThreadLocalRunnable.java:30)
	... 1 more
Caused by: java.net.ConnectException: Connection refused
	... 11 more
2019-10-23 12:13:50,128 [02863277-f564-4bc6-8337-fb22627f6f1a@group-24C785E9A0FC-LeaderElection245] INFO  impl.RaftServerImpl (RaftServerImpl.java:setRole(184)) - 02863277-f564-4bc6-8337-fb22627f6f1a@group-24C785E9A0FC: changes role from CANDIDATE to FOLLOWER at term 243 for DISCOVERED_A_NEW_TERM
2019-10-23 12:13:50,128 [02863277-f564-4bc6-8337-fb22627f6f1a@group-24C785E9A0FC-LeaderElection245] INFO  impl.RoleInfo (RoleInfo.java:shutdownLeaderElection(134)) - 02863277-f564-4bc6-8337-fb22627f6f1a: shutdown LeaderElection
2019-10-23 12:13:50,128 [02863277-f564-4bc6-8337-fb22627f6f1a@group-24C785E9A0FC-LeaderElection245] INFO  impl.RoleInfo (RoleInfo.java:updateAndGet(143)) - 02863277-f564-4bc6-8337-fb22627f6f1a: start FollowerState
2019-10-23 12:13:50,582 [java.util.concurrent.ThreadPoolExecutor$Worker@d45e495[State = -1, empty queue]] WARN  server.GrpcLogAppender (GrpcLogAppender.java:timeoutAppendRequest(209)) - 787770cd-56b0-4d21-897f-e9f49f0f8295@group-0F120BA276DC->7b74cae2-68bb-403f-9342-7e82e321628a-GrpcLogAppender: appendEntries Timeout, request=787770cd-56b0-4d21-897f-e9f49f0f8295->7b74cae2-68bb-403f-9342-7e82e321628a#63-t2, previous=(t:2, i:4), leaderCommit=4, initializing? false, entries: <empty>
2019-10-23 12:13:50,582 [java.util.concurrent.ThreadPoolExecutor$Worker@5376dd6[State = -1, empty queue]] WARN  server.GrpcLogAppender (GrpcLogAppender.java:timeoutAppendRequest(209)) - 787770cd-56b0-4d21-897f-e9f49f0f8295@group-0F120BA276DC->1d5d0298-6e55-4fca-8e63-ae12c20f52e9-GrpcLogAppender: appendEntries Timeout, request=787770cd-56b0-4d21-897f-e9f49f0f8295->1d5d0298-6e55-4fca-8e63-ae12c20f52e9#63-t2, previous=(t:2, i:4), leaderCommit=4, initializing? false, entries: <empty>
2019-10-23 12:13:51,082 [java.util.concurrent.ThreadPoolExecutor$Worker@d45e495[State = -1, empty queue]] WARN  server.GrpcLogAppender (GrpcLogAppender.java:timeoutAppendRequest(209)) - 787770cd-56b0-4d21-897f-e9f49f0f8295@group-0F120BA276DC->7b74cae2-68bb-403f-9342-7e82e321628a-GrpcLogAppender: appendEntries Timeout, request=787770cd-56b0-4d21-897f-e9f49f0f8295->7b74cae2-68bb-403f-9342-7e82e321628a#64-t2, previous=(t:2, i:4), leaderCommit=4, initializing? false, entries: <empty>
2019-10-23 12:13:51,082 [java.util.concurrent.ThreadPoolExecutor$Worker@5376dd6[State = -1, empty queue]] WARN  server.GrpcLogAppender (GrpcLogAppender.java:timeoutAppendRequest(209)) - 787770cd-56b0-4d21-897f-e9f49f0f8295@group-0F120BA276DC->1d5d0298-6e55-4fca-8e63-ae12c20f52e9-GrpcLogAppender: appendEntries Timeout, request=787770cd-56b0-4d21-897f-e9f49f0f8295->1d5d0298-6e55-4fca-8e63-ae12c20f52e9#64-t2, previous=(t:2, i:4), leaderCommit=4, initializing? false, entries: <empty>
2019-10-23 12:13:51,146 [Thread-2028] INFO  impl.FollowerState (FollowerState.java:run(108)) - 02863277-f564-4bc6-8337-fb22627f6f1a@group-24C785E9A0FC-FollowerState: change to CANDIDATE, lastRpcTime:1017ms, electionTimeout:1017ms
2019-10-23 12:13:51,146 [Thread-2028] INFO  impl.RoleInfo (RoleInfo.java:shutdownFollowerState(121)) - 02863277-f564-4bc6-8337-fb22627f6f1a: shutdown FollowerState
2019-10-23 12:13:51,146 [Thread-2028] INFO  impl.RaftServerImpl (RaftServerImpl.java:setRole(184)) - 02863277-f564-4bc6-8337-fb22627f6f1a@group-24C785E9A0FC: changes role from  FOLLOWER to CANDIDATE at term 243 for changeToCandidate
2019-10-23 12:13:51,147 [Thread-2028] INFO  impl.RoleInfo (RoleInfo.java:updateAndGet(143)) - 02863277-f564-4bc6-8337-fb22627f6f1a: start LeaderElection
2019-10-23 12:13:51,161 [02863277-f564-4bc6-8337-fb22627f6f1a@group-24C785E9A0FC-LeaderElection246] INFO  impl.LeaderElection (LeaderElection.java:askForVotes(178)) - 02863277-f564-4bc6-8337-fb22627f6f1a@group-24C785E9A0FC-LeaderElection246: begin an election at term 244 for 0: [3b749b59-de2a-419b-9a26-261692f5c83c:192.168.69.118:39205, ad4d83c7-0f96-47bc-a4e8-7e5d9f844896:192.168.69.118:41688, 02863277-f564-4bc6-8337-fb22627f6f1a:192.168.69.118:36850], old=null
2019-10-23 12:13:51,162 [02863277-f564-4bc6-8337-fb22627f6f1a@group-24C785E9A0FC-LeaderElection246] INFO  impl.LeaderElection (LogUtils.java:infoOrTrace(149)) - 02863277-f564-4bc6-8337-fb22627f6f1a@group-24C785E9A0FC-LeaderElection246 got exception when requesting votes: {}
java.util.concurrent.ExecutionException: org.apache.ratis.thirdparty.io.grpc.StatusRuntimeException: UNAVAILABLE: io exception
	at java.util.concurrent.FutureTask.report(FutureTask.java:122)
	at java.util.concurrent.FutureTask.get(FutureTask.java:192)
	at org.apache.ratis.server.impl.LeaderElection.waitForResults(LeaderElection.java:259)
	at org.apache.ratis.server.impl.LeaderElection.askForVotes(LeaderElection.java:197)
	at org.apache.ratis.server.impl.LeaderElection.run(LeaderElection.java:133)
	at java.lang.Thread.run(Thread.java:748)
Caused by: org.apache.ratis.thirdparty.io.grpc.StatusRuntimeException: UNAVAILABLE: io exception
	at org.apache.ratis.thirdparty.io.grpc.stub.ClientCalls.toStatusRuntimeException(ClientCalls.java:233)
	at org.apache.ratis.thirdparty.io.grpc.stub.ClientCalls.getUnchecked(ClientCalls.java:214)
	at org.apache.ratis.thirdparty.io.grpc.stub.ClientCalls.blockingUnaryCall(ClientCalls.java:139)
	at org.apache.ratis.proto.grpc.RaftServerProtocolServiceGrpc$RaftServerProtocolServiceBlockingStub.requestVote(RaftServerProtocolServiceGrpc.java:265)
	at org.apache.ratis.grpc.server.GrpcServerProtocolClient.requestVote(GrpcServerProtocolClient.java:99)
	at org.apache.ratis.grpc.server.GrpcService.requestVote(GrpcService.java:204)
	at org.apache.ratis.server.impl.LeaderElection.lambda$submitRequests$1(LeaderElection.java:234)
	at java.util.concurrent.FutureTask.run(FutureTask.java:266)
	at java.util.concurrent.Executors$RunnableAdapter.call(Executors.java:511)
	at java.util.concurrent.FutureTask.run(FutureTask.java:266)
	at java.util.concurrent.ThreadPoolExecutor.runWorker(ThreadPoolExecutor.java:1149)
	at java.util.concurrent.ThreadPoolExecutor$Worker.run(ThreadPoolExecutor.java:624)
	... 1 more
Caused by: org.apache.ratis.thirdparty.io.netty.channel.AbstractChannel$AnnotatedConnectException: Connection refused: /192.168.69.118:39205
	at sun.nio.ch.SocketChannelImpl.checkConnect(Native Method)
	at sun.nio.ch.SocketChannelImpl.finishConnect(SocketChannelImpl.java:717)
	at org.apache.ratis.thirdparty.io.netty.channel.socket.nio.NioSocketChannel.doFinishConnect(NioSocketChannel.java:327)
	at org.apache.ratis.thirdparty.io.netty.channel.nio.AbstractNioChannel$AbstractNioUnsafe.finishConnect(AbstractNioChannel.java:340)
	at org.apache.ratis.thirdparty.io.netty.channel.nio.NioEventLoop.processSelectedKey(NioEventLoop.java:632)
	at org.apache.ratis.thirdparty.io.netty.channel.nio.NioEventLoop.processSelectedKeysOptimized(NioEventLoop.java:579)
	at org.apache.ratis.thirdparty.io.netty.channel.nio.NioEventLoop.processSelectedKeys(NioEventLoop.java:496)
	at org.apache.ratis.thirdparty.io.netty.channel.nio.NioEventLoop.run(NioEventLoop.java:458)
	at org.apache.ratis.thirdparty.io.netty.util.concurrent.SingleThreadEventExecutor$5.run(SingleThreadEventExecutor.java:897)
	at org.apache.ratis.thirdparty.io.netty.util.concurrent.FastThreadLocalRunnable.run(FastThreadLocalRunnable.java:30)
	... 1 more
Caused by: java.net.ConnectException: Connection refused
	... 11 more
2019-10-23 12:13:51,163 [02863277-f564-4bc6-8337-fb22627f6f1a@group-24C785E9A0FC-LeaderElection246] INFO  impl.LeaderElection (LogUtils.java:infoOrTrace(149)) - 02863277-f564-4bc6-8337-fb22627f6f1a@group-24C785E9A0FC-LeaderElection246 got exception when requesting votes: {}
java.util.concurrent.ExecutionException: org.apache.ratis.thirdparty.io.grpc.StatusRuntimeException: UNAVAILABLE: io exception
	at java.util.concurrent.FutureTask.report(FutureTask.java:122)
	at java.util.concurrent.FutureTask.get(FutureTask.java:192)
	at org.apache.ratis.server.impl.LeaderElection.waitForResults(LeaderElection.java:259)
	at org.apache.ratis.server.impl.LeaderElection.askForVotes(LeaderElection.java:197)
	at org.apache.ratis.server.impl.LeaderElection.run(LeaderElection.java:133)
	at java.lang.Thread.run(Thread.java:748)
Caused by: org.apache.ratis.thirdparty.io.grpc.StatusRuntimeException: UNAVAILABLE: io exception
	at org.apache.ratis.thirdparty.io.grpc.stub.ClientCalls.toStatusRuntimeException(ClientCalls.java:233)
	at org.apache.ratis.thirdparty.io.grpc.stub.ClientCalls.getUnchecked(ClientCalls.java:214)
	at org.apache.ratis.thirdparty.io.grpc.stub.ClientCalls.blockingUnaryCall(ClientCalls.java:139)
	at org.apache.ratis.proto.grpc.RaftServerProtocolServiceGrpc$RaftServerProtocolServiceBlockingStub.requestVote(RaftServerProtocolServiceGrpc.java:265)
	at org.apache.ratis.grpc.server.GrpcServerProtocolClient.requestVote(GrpcServerProtocolClient.java:99)
	at org.apache.ratis.grpc.server.GrpcService.requestVote(GrpcService.java:204)
	at org.apache.ratis.server.impl.LeaderElection.lambda$submitRequests$1(LeaderElection.java:234)
	at java.util.concurrent.FutureTask.run(FutureTask.java:266)
	at java.util.concurrent.Executors$RunnableAdapter.call(Executors.java:511)
	at java.util.concurrent.FutureTask.run(FutureTask.java:266)
	at java.util.concurrent.ThreadPoolExecutor.runWorker(ThreadPoolExecutor.java:1149)
	at java.util.concurrent.ThreadPoolExecutor$Worker.run(ThreadPoolExecutor.java:624)
	... 1 more
Caused by: org.apache.ratis.thirdparty.io.netty.channel.AbstractChannel$AnnotatedConnectException: Connection refused: /192.168.69.118:41688
	at sun.nio.ch.SocketChannelImpl.checkConnect(Native Method)
	at sun.nio.ch.SocketChannelImpl.finishConnect(SocketChannelImpl.java:717)
	at org.apache.ratis.thirdparty.io.netty.channel.socket.nio.NioSocketChannel.doFinishConnect(NioSocketChannel.java:327)
	at org.apache.ratis.thirdparty.io.netty.channel.nio.AbstractNioChannel$AbstractNioUnsafe.finishConnect(AbstractNioChannel.java:340)
	at org.apache.ratis.thirdparty.io.netty.channel.nio.NioEventLoop.processSelectedKey(NioEventLoop.java:632)
	at org.apache.ratis.thirdparty.io.netty.channel.nio.NioEventLoop.processSelectedKeysOptimized(NioEventLoop.java:579)
	at org.apache.ratis.thirdparty.io.netty.channel.nio.NioEventLoop.processSelectedKeys(NioEventLoop.java:496)
	at org.apache.ratis.thirdparty.io.netty.channel.nio.NioEventLoop.run(NioEventLoop.java:458)
	at org.apache.ratis.thirdparty.io.netty.util.concurrent.SingleThreadEventExecutor$5.run(SingleThreadEventExecutor.java:897)
	at org.apache.ratis.thirdparty.io.netty.util.concurrent.FastThreadLocalRunnable.run(FastThreadLocalRunnable.java:30)
	... 1 more
Caused by: java.net.ConnectException: Connection refused
	... 11 more
2019-10-23 12:13:51,163 [02863277-f564-4bc6-8337-fb22627f6f1a@group-24C785E9A0FC-LeaderElection246] INFO  impl.LeaderElection (LeaderElection.java:logAndReturn(56)) - 02863277-f564-4bc6-8337-fb22627f6f1a@group-24C785E9A0FC-LeaderElection246: Election REJECTED; received 0 response(s) [] and 2 exception(s); 02863277-f564-4bc6-8337-fb22627f6f1a@group-24C785E9A0FC:t244, leader=null, voted=02863277-f564-4bc6-8337-fb22627f6f1a, raftlog=02863277-f564-4bc6-8337-fb22627f6f1a@group-24C785E9A0FC-SegmentedRaftLog:OPENED:c-1,f0,i0, conf=0: [3b749b59-de2a-419b-9a26-261692f5c83c:192.168.69.118:39205, ad4d83c7-0f96-47bc-a4e8-7e5d9f844896:192.168.69.118:41688, 02863277-f564-4bc6-8337-fb22627f6f1a:192.168.69.118:36850], old=null
2019-10-23 12:13:51,163 [02863277-f564-4bc6-8337-fb22627f6f1a@group-24C785E9A0FC-LeaderElection246] INFO  impl.LeaderElection (LogUtils.java:infoOrTrace(149)) -   Exception 0: {}
java.util.concurrent.ExecutionException: org.apache.ratis.thirdparty.io.grpc.StatusRuntimeException: UNAVAILABLE: io exception
	at java.util.concurrent.FutureTask.report(FutureTask.java:122)
	at java.util.concurrent.FutureTask.get(FutureTask.java:192)
	at org.apache.ratis.server.impl.LeaderElection.waitForResults(LeaderElection.java:259)
	at org.apache.ratis.server.impl.LeaderElection.askForVotes(LeaderElection.java:197)
	at org.apache.ratis.server.impl.LeaderElection.run(LeaderElection.java:133)
	at java.lang.Thread.run(Thread.java:748)
Caused by: org.apache.ratis.thirdparty.io.grpc.StatusRuntimeException: UNAVAILABLE: io exception
	at org.apache.ratis.thirdparty.io.grpc.stub.ClientCalls.toStatusRuntimeException(ClientCalls.java:233)
	at org.apache.ratis.thirdparty.io.grpc.stub.ClientCalls.getUnchecked(ClientCalls.java:214)
	at org.apache.ratis.thirdparty.io.grpc.stub.ClientCalls.blockingUnaryCall(ClientCalls.java:139)
	at org.apache.ratis.proto.grpc.RaftServerProtocolServiceGrpc$RaftServerProtocolServiceBlockingStub.requestVote(RaftServerProtocolServiceGrpc.java:265)
	at org.apache.ratis.grpc.server.GrpcServerProtocolClient.requestVote(GrpcServerProtocolClient.java:99)
	at org.apache.ratis.grpc.server.GrpcService.requestVote(GrpcService.java:204)
	at org.apache.ratis.server.impl.LeaderElection.lambda$submitRequests$1(LeaderElection.java:234)
	at java.util.concurrent.FutureTask.run(FutureTask.java:266)
	at java.util.concurrent.Executors$RunnableAdapter.call(Executors.java:511)
	at java.util.concurrent.FutureTask.run(FutureTask.java:266)
	at java.util.concurrent.ThreadPoolExecutor.runWorker(ThreadPoolExecutor.java:1149)
	at java.util.concurrent.ThreadPoolExecutor$Worker.run(ThreadPoolExecutor.java:624)
	... 1 more
Caused by: org.apache.ratis.thirdparty.io.netty.channel.AbstractChannel$AnnotatedConnectException: Connection refused: /192.168.69.118:39205
	at sun.nio.ch.SocketChannelImpl.checkConnect(Native Method)
	at sun.nio.ch.SocketChannelImpl.finishConnect(SocketChannelImpl.java:717)
	at org.apache.ratis.thirdparty.io.netty.channel.socket.nio.NioSocketChannel.doFinishConnect(NioSocketChannel.java:327)
	at org.apache.ratis.thirdparty.io.netty.channel.nio.AbstractNioChannel$AbstractNioUnsafe.finishConnect(AbstractNioChannel.java:340)
	at org.apache.ratis.thirdparty.io.netty.channel.nio.NioEventLoop.processSelectedKey(NioEventLoop.java:632)
	at org.apache.ratis.thirdparty.io.netty.channel.nio.NioEventLoop.processSelectedKeysOptimized(NioEventLoop.java:579)
	at org.apache.ratis.thirdparty.io.netty.channel.nio.NioEventLoop.processSelectedKeys(NioEventLoop.java:496)
	at org.apache.ratis.thirdparty.io.netty.channel.nio.NioEventLoop.run(NioEventLoop.java:458)
	at org.apache.ratis.thirdparty.io.netty.util.concurrent.SingleThreadEventExecutor$5.run(SingleThreadEventExecutor.java:897)
	at org.apache.ratis.thirdparty.io.netty.util.concurrent.FastThreadLocalRunnable.run(FastThreadLocalRunnable.java:30)
	... 1 more
Caused by: java.net.ConnectException: Connection refused
	... 11 more
2019-10-23 12:13:51,163 [02863277-f564-4bc6-8337-fb22627f6f1a@group-24C785E9A0FC-LeaderElection246] INFO  impl.LeaderElection (LogUtils.java:infoOrTrace(149)) -   Exception 1: {}
java.util.concurrent.ExecutionException: org.apache.ratis.thirdparty.io.grpc.StatusRuntimeException: UNAVAILABLE: io exception
	at java.util.concurrent.FutureTask.report(FutureTask.java:122)
	at java.util.concurrent.FutureTask.get(FutureTask.java:192)
	at org.apache.ratis.server.impl.LeaderElection.waitForResults(LeaderElection.java:259)
	at org.apache.ratis.server.impl.LeaderElection.askForVotes(LeaderElection.java:197)
	at org.apache.ratis.server.impl.LeaderElection.run(LeaderElection.java:133)
	at java.lang.Thread.run(Thread.java:748)
Caused by: org.apache.ratis.thirdparty.io.grpc.StatusRuntimeException: UNAVAILABLE: io exception
	at org.apache.ratis.thirdparty.io.grpc.stub.ClientCalls.toStatusRuntimeException(ClientCalls.java:233)
	at org.apache.ratis.thirdparty.io.grpc.stub.ClientCalls.getUnchecked(ClientCalls.java:214)
	at org.apache.ratis.thirdparty.io.grpc.stub.ClientCalls.blockingUnaryCall(ClientCalls.java:139)
	at org.apache.ratis.proto.grpc.RaftServerProtocolServiceGrpc$RaftServerProtocolServiceBlockingStub.requestVote(RaftServerProtocolServiceGrpc.java:265)
	at org.apache.ratis.grpc.server.GrpcServerProtocolClient.requestVote(GrpcServerProtocolClient.java:99)
	at org.apache.ratis.grpc.server.GrpcService.requestVote(GrpcService.java:204)
	at org.apache.ratis.server.impl.LeaderElection.lambda$submitRequests$1(LeaderElection.java:234)
	at java.util.concurrent.FutureTask.run(FutureTask.java:266)
	at java.util.concurrent.Executors$RunnableAdapter.call(Executors.java:511)
	at java.util.concurrent.FutureTask.run(FutureTask.java:266)
	at java.util.concurrent.ThreadPoolExecutor.runWorker(ThreadPoolExecutor.java:1149)
	at java.util.concurrent.ThreadPoolExecutor$Worker.run(ThreadPoolExecutor.java:624)
	... 1 more
Caused by: org.apache.ratis.thirdparty.io.netty.channel.AbstractChannel$AnnotatedConnectException: Connection refused: /192.168.69.118:41688
	at sun.nio.ch.SocketChannelImpl.checkConnect(Native Method)
	at sun.nio.ch.SocketChannelImpl.finishConnect(SocketChannelImpl.java:717)
	at org.apache.ratis.thirdparty.io.netty.channel.socket.nio.NioSocketChannel.doFinishConnect(NioSocketChannel.java:327)
	at org.apache.ratis.thirdparty.io.netty.channel.nio.AbstractNioChannel$AbstractNioUnsafe.finishConnect(AbstractNioChannel.java:340)
	at org.apache.ratis.thirdparty.io.netty.channel.nio.NioEventLoop.processSelectedKey(NioEventLoop.java:632)
	at org.apache.ratis.thirdparty.io.netty.channel.nio.NioEventLoop.processSelectedKeysOptimized(NioEventLoop.java:579)
	at org.apache.ratis.thirdparty.io.netty.channel.nio.NioEventLoop.processSelectedKeys(NioEventLoop.java:496)
	at org.apache.ratis.thirdparty.io.netty.channel.nio.NioEventLoop.run(NioEventLoop.java:458)
	at org.apache.ratis.thirdparty.io.netty.util.concurrent.SingleThreadEventExecutor$5.run(SingleThreadEventExecutor.java:897)
	at org.apache.ratis.thirdparty.io.netty.util.concurrent.FastThreadLocalRunnable.run(FastThreadLocalRunnable.java:30)
	... 1 more
Caused by: java.net.ConnectException: Connection refused
	... 11 more
2019-10-23 12:13:51,164 [02863277-f564-4bc6-8337-fb22627f6f1a@group-24C785E9A0FC-LeaderElection246] INFO  impl.RaftServerImpl (RaftServerImpl.java:setRole(184)) - 02863277-f564-4bc6-8337-fb22627f6f1a@group-24C785E9A0FC: changes role from CANDIDATE to FOLLOWER at term 244 for DISCOVERED_A_NEW_TERM
2019-10-23 12:13:51,164 [02863277-f564-4bc6-8337-fb22627f6f1a@group-24C785E9A0FC-LeaderElection246] INFO  impl.RoleInfo (RoleInfo.java:shutdownLeaderElection(134)) - 02863277-f564-4bc6-8337-fb22627f6f1a: shutdown LeaderElection
2019-10-23 12:13:51,164 [02863277-f564-4bc6-8337-fb22627f6f1a@group-24C785E9A0FC-LeaderElection246] INFO  impl.RoleInfo (RoleInfo.java:updateAndGet(143)) - 02863277-f564-4bc6-8337-fb22627f6f1a: start FollowerState
2019-10-23 12:13:51,583 [java.util.concurrent.ThreadPoolExecutor$Worker@5376dd6[State = -1, empty queue]] WARN  server.GrpcLogAppender (GrpcLogAppender.java:timeoutAppendRequest(209)) - 787770cd-56b0-4d21-897f-e9f49f0f8295@group-0F120BA276DC->1d5d0298-6e55-4fca-8e63-ae12c20f52e9-GrpcLogAppender: appendEntries Timeout, request=787770cd-56b0-4d21-897f-e9f49f0f8295->1d5d0298-6e55-4fca-8e63-ae12c20f52e9#65-t2, previous=(t:2, i:4), leaderCommit=4, initializing? false, entries: <empty>
2019-10-23 12:13:51,583 [java.util.concurrent.ThreadPoolExecutor$Worker@d45e495[State = -1, empty queue]] WARN  server.GrpcLogAppender (GrpcLogAppender.java:timeoutAppendRequest(209)) - 787770cd-56b0-4d21-897f-e9f49f0f8295@group-0F120BA276DC->7b74cae2-68bb-403f-9342-7e82e321628a-GrpcLogAppender: appendEntries Timeout, request=787770cd-56b0-4d21-897f-e9f49f0f8295->7b74cae2-68bb-403f-9342-7e82e321628a#65-t2, previous=(t:2, i:4), leaderCommit=4, initializing? false, entries: <empty>
2019-10-23 12:13:52,083 [java.util.concurrent.ThreadPoolExecutor$Worker@d45e495[State = -1, empty queue]] WARN  server.GrpcLogAppender (GrpcLogAppender.java:timeoutAppendRequest(209)) - 787770cd-56b0-4d21-897f-e9f49f0f8295@group-0F120BA276DC->7b74cae2-68bb-403f-9342-7e82e321628a-GrpcLogAppender: appendEntries Timeout, request=787770cd-56b0-4d21-897f-e9f49f0f8295->7b74cae2-68bb-403f-9342-7e82e321628a#66-t2, previous=(t:2, i:4), leaderCommit=4, initializing? false, entries: <empty>
2019-10-23 12:13:52,083 [java.util.concurrent.ThreadPoolExecutor$Worker@5376dd6[State = -1, empty queue]] WARN  server.GrpcLogAppender (GrpcLogAppender.java:timeoutAppendRequest(209)) - 787770cd-56b0-4d21-897f-e9f49f0f8295@group-0F120BA276DC->1d5d0298-6e55-4fca-8e63-ae12c20f52e9-GrpcLogAppender: appendEntries Timeout, request=787770cd-56b0-4d21-897f-e9f49f0f8295->1d5d0298-6e55-4fca-8e63-ae12c20f52e9#66-t2, previous=(t:2, i:4), leaderCommit=4, initializing? false, entries: <empty>
2019-10-23 12:13:52,214 [Thread-2032] INFO  impl.FollowerState (FollowerState.java:run(108)) - 02863277-f564-4bc6-8337-fb22627f6f1a@group-24C785E9A0FC-FollowerState: change to CANDIDATE, lastRpcTime:1050ms, electionTimeout:1050ms
2019-10-23 12:13:52,214 [Thread-2032] INFO  impl.RoleInfo (RoleInfo.java:shutdownFollowerState(121)) - 02863277-f564-4bc6-8337-fb22627f6f1a: shutdown FollowerState
2019-10-23 12:13:52,214 [Thread-2032] INFO  impl.RaftServerImpl (RaftServerImpl.java:setRole(184)) - 02863277-f564-4bc6-8337-fb22627f6f1a@group-24C785E9A0FC: changes role from  FOLLOWER to CANDIDATE at term 244 for changeToCandidate
2019-10-23 12:13:52,215 [Thread-2032] INFO  impl.RoleInfo (RoleInfo.java:updateAndGet(143)) - 02863277-f564-4bc6-8337-fb22627f6f1a: start LeaderElection
2019-10-23 12:13:52,226 [02863277-f564-4bc6-8337-fb22627f6f1a@group-24C785E9A0FC-LeaderElection247] INFO  impl.LeaderElection (LeaderElection.java:askForVotes(178)) - 02863277-f564-4bc6-8337-fb22627f6f1a@group-24C785E9A0FC-LeaderElection247: begin an election at term 245 for 0: [3b749b59-de2a-419b-9a26-261692f5c83c:192.168.69.118:39205, ad4d83c7-0f96-47bc-a4e8-7e5d9f844896:192.168.69.118:41688, 02863277-f564-4bc6-8337-fb22627f6f1a:192.168.69.118:36850], old=null
2019-10-23 12:13:52,227 [02863277-f564-4bc6-8337-fb22627f6f1a@group-24C785E9A0FC-LeaderElection247] INFO  impl.LeaderElection (LogUtils.java:infoOrTrace(149)) - 02863277-f564-4bc6-8337-fb22627f6f1a@group-24C785E9A0FC-LeaderElection247 got exception when requesting votes: {}
java.util.concurrent.ExecutionException: org.apache.ratis.thirdparty.io.grpc.StatusRuntimeException: UNAVAILABLE: io exception
	at java.util.concurrent.FutureTask.report(FutureTask.java:122)
	at java.util.concurrent.FutureTask.get(FutureTask.java:192)
	at org.apache.ratis.server.impl.LeaderElection.waitForResults(LeaderElection.java:259)
	at org.apache.ratis.server.impl.LeaderElection.askForVotes(LeaderElection.java:197)
	at org.apache.ratis.server.impl.LeaderElection.run(LeaderElection.java:133)
	at java.lang.Thread.run(Thread.java:748)
Caused by: org.apache.ratis.thirdparty.io.grpc.StatusRuntimeException: UNAVAILABLE: io exception
	at org.apache.ratis.thirdparty.io.grpc.stub.ClientCalls.toStatusRuntimeException(ClientCalls.java:233)
	at org.apache.ratis.thirdparty.io.grpc.stub.ClientCalls.getUnchecked(ClientCalls.java:214)
	at org.apache.ratis.thirdparty.io.grpc.stub.ClientCalls.blockingUnaryCall(ClientCalls.java:139)
	at org.apache.ratis.proto.grpc.RaftServerProtocolServiceGrpc$RaftServerProtocolServiceBlockingStub.requestVote(RaftServerProtocolServiceGrpc.java:265)
	at org.apache.ratis.grpc.server.GrpcServerProtocolClient.requestVote(GrpcServerProtocolClient.java:99)
	at org.apache.ratis.grpc.server.GrpcService.requestVote(GrpcService.java:204)
	at org.apache.ratis.server.impl.LeaderElection.lambda$submitRequests$1(LeaderElection.java:234)
	at java.util.concurrent.FutureTask.run(FutureTask.java:266)
	at java.util.concurrent.Executors$RunnableAdapter.call(Executors.java:511)
	at java.util.concurrent.FutureTask.run(FutureTask.java:266)
	at java.util.concurrent.ThreadPoolExecutor.runWorker(ThreadPoolExecutor.java:1149)
	at java.util.concurrent.ThreadPoolExecutor$Worker.run(ThreadPoolExecutor.java:624)
	... 1 more
Caused by: org.apache.ratis.thirdparty.io.netty.channel.AbstractChannel$AnnotatedConnectException: Connection refused: /192.168.69.118:41688
	at sun.nio.ch.SocketChannelImpl.checkConnect(Native Method)
	at sun.nio.ch.SocketChannelImpl.finishConnect(SocketChannelImpl.java:717)
	at org.apache.ratis.thirdparty.io.netty.channel.socket.nio.NioSocketChannel.doFinishConnect(NioSocketChannel.java:327)
	at org.apache.ratis.thirdparty.io.netty.channel.nio.AbstractNioChannel$AbstractNioUnsafe.finishConnect(AbstractNioChannel.java:340)
	at org.apache.ratis.thirdparty.io.netty.channel.nio.NioEventLoop.processSelectedKey(NioEventLoop.java:632)
	at org.apache.ratis.thirdparty.io.netty.channel.nio.NioEventLoop.processSelectedKeysOptimized(NioEventLoop.java:579)
	at org.apache.ratis.thirdparty.io.netty.channel.nio.NioEventLoop.processSelectedKeys(NioEventLoop.java:496)
	at org.apache.ratis.thirdparty.io.netty.channel.nio.NioEventLoop.run(NioEventLoop.java:458)
	at org.apache.ratis.thirdparty.io.netty.util.concurrent.SingleThreadEventExecutor$5.run(SingleThreadEventExecutor.java:897)
	at org.apache.ratis.thirdparty.io.netty.util.concurrent.FastThreadLocalRunnable.run(FastThreadLocalRunnable.java:30)
	... 1 more
Caused by: java.net.ConnectException: Connection refused
	... 11 more
2019-10-23 12:13:52,228 [02863277-f564-4bc6-8337-fb22627f6f1a@group-24C785E9A0FC-LeaderElection247] INFO  impl.LeaderElection (LogUtils.java:infoOrTrace(149)) - 02863277-f564-4bc6-8337-fb22627f6f1a@group-24C785E9A0FC-LeaderElection247 got exception when requesting votes: {}
java.util.concurrent.ExecutionException: org.apache.ratis.thirdparty.io.grpc.StatusRuntimeException: UNAVAILABLE: io exception
	at java.util.concurrent.FutureTask.report(FutureTask.java:122)
	at java.util.concurrent.FutureTask.get(FutureTask.java:192)
	at org.apache.ratis.server.impl.LeaderElection.waitForResults(LeaderElection.java:259)
	at org.apache.ratis.server.impl.LeaderElection.askForVotes(LeaderElection.java:197)
	at org.apache.ratis.server.impl.LeaderElection.run(LeaderElection.java:133)
	at java.lang.Thread.run(Thread.java:748)
Caused by: org.apache.ratis.thirdparty.io.grpc.StatusRuntimeException: UNAVAILABLE: io exception
	at org.apache.ratis.thirdparty.io.grpc.stub.ClientCalls.toStatusRuntimeException(ClientCalls.java:233)
	at org.apache.ratis.thirdparty.io.grpc.stub.ClientCalls.getUnchecked(ClientCalls.java:214)
	at org.apache.ratis.thirdparty.io.grpc.stub.ClientCalls.blockingUnaryCall(ClientCalls.java:139)
	at org.apache.ratis.proto.grpc.RaftServerProtocolServiceGrpc$RaftServerProtocolServiceBlockingStub.requestVote(RaftServerProtocolServiceGrpc.java:265)
	at org.apache.ratis.grpc.server.GrpcServerProtocolClient.requestVote(GrpcServerProtocolClient.java:99)
	at org.apache.ratis.grpc.server.GrpcService.requestVote(GrpcService.java:204)
	at org.apache.ratis.server.impl.LeaderElection.lambda$submitRequests$1(LeaderElection.java:234)
	at java.util.concurrent.FutureTask.run(FutureTask.java:266)
	at java.util.concurrent.Executors$RunnableAdapter.call(Executors.java:511)
	at java.util.concurrent.FutureTask.run(FutureTask.java:266)
	at java.util.concurrent.ThreadPoolExecutor.runWorker(ThreadPoolExecutor.java:1149)
	at java.util.concurrent.ThreadPoolExecutor$Worker.run(ThreadPoolExecutor.java:624)
	... 1 more
Caused by: org.apache.ratis.thirdparty.io.netty.channel.AbstractChannel$AnnotatedConnectException: Connection refused: /192.168.69.118:39205
	at sun.nio.ch.SocketChannelImpl.checkConnect(Native Method)
	at sun.nio.ch.SocketChannelImpl.finishConnect(SocketChannelImpl.java:717)
	at org.apache.ratis.thirdparty.io.netty.channel.socket.nio.NioSocketChannel.doFinishConnect(NioSocketChannel.java:327)
	at org.apache.ratis.thirdparty.io.netty.channel.nio.AbstractNioChannel$AbstractNioUnsafe.finishConnect(AbstractNioChannel.java:340)
	at org.apache.ratis.thirdparty.io.netty.channel.nio.NioEventLoop.processSelectedKey(NioEventLoop.java:632)
	at org.apache.ratis.thirdparty.io.netty.channel.nio.NioEventLoop.processSelectedKeysOptimized(NioEventLoop.java:579)
	at org.apache.ratis.thirdparty.io.netty.channel.nio.NioEventLoop.processSelectedKeys(NioEventLoop.java:496)
	at org.apache.ratis.thirdparty.io.netty.channel.nio.NioEventLoop.run(NioEventLoop.java:458)
	at org.apache.ratis.thirdparty.io.netty.util.concurrent.SingleThreadEventExecutor$5.run(SingleThreadEventExecutor.java:897)
	at org.apache.ratis.thirdparty.io.netty.util.concurrent.FastThreadLocalRunnable.run(FastThreadLocalRunnable.java:30)
	... 1 more
Caused by: java.net.ConnectException: Connection refused
	... 11 more
2019-10-23 12:13:52,228 [02863277-f564-4bc6-8337-fb22627f6f1a@group-24C785E9A0FC-LeaderElection247] INFO  impl.LeaderElection (LeaderElection.java:logAndReturn(56)) - 02863277-f564-4bc6-8337-fb22627f6f1a@group-24C785E9A0FC-LeaderElection247: Election REJECTED; received 0 response(s) [] and 2 exception(s); 02863277-f564-4bc6-8337-fb22627f6f1a@group-24C785E9A0FC:t245, leader=null, voted=02863277-f564-4bc6-8337-fb22627f6f1a, raftlog=02863277-f564-4bc6-8337-fb22627f6f1a@group-24C785E9A0FC-SegmentedRaftLog:OPENED:c-1,f0,i0, conf=0: [3b749b59-de2a-419b-9a26-261692f5c83c:192.168.69.118:39205, ad4d83c7-0f96-47bc-a4e8-7e5d9f844896:192.168.69.118:41688, 02863277-f564-4bc6-8337-fb22627f6f1a:192.168.69.118:36850], old=null
2019-10-23 12:13:52,228 [02863277-f564-4bc6-8337-fb22627f6f1a@group-24C785E9A0FC-LeaderElection247] INFO  impl.LeaderElection (LogUtils.java:infoOrTrace(149)) -   Exception 0: {}
java.util.concurrent.ExecutionException: org.apache.ratis.thirdparty.io.grpc.StatusRuntimeException: UNAVAILABLE: io exception
	at java.util.concurrent.FutureTask.report(FutureTask.java:122)
	at java.util.concurrent.FutureTask.get(FutureTask.java:192)
	at org.apache.ratis.server.impl.LeaderElection.waitForResults(LeaderElection.java:259)
	at org.apache.ratis.server.impl.LeaderElection.askForVotes(LeaderElection.java:197)
	at org.apache.ratis.server.impl.LeaderElection.run(LeaderElection.java:133)
	at java.lang.Thread.run(Thread.java:748)
Caused by: org.apache.ratis.thirdparty.io.grpc.StatusRuntimeException: UNAVAILABLE: io exception
	at org.apache.ratis.thirdparty.io.grpc.stub.ClientCalls.toStatusRuntimeException(ClientCalls.java:233)
	at org.apache.ratis.thirdparty.io.grpc.stub.ClientCalls.getUnchecked(ClientCalls.java:214)
	at org.apache.ratis.thirdparty.io.grpc.stub.ClientCalls.blockingUnaryCall(ClientCalls.java:139)
	at org.apache.ratis.proto.grpc.RaftServerProtocolServiceGrpc$RaftServerProtocolServiceBlockingStub.requestVote(RaftServerProtocolServiceGrpc.java:265)
	at org.apache.ratis.grpc.server.GrpcServerProtocolClient.requestVote(GrpcServerProtocolClient.java:99)
	at org.apache.ratis.grpc.server.GrpcService.requestVote(GrpcService.java:204)
	at org.apache.ratis.server.impl.LeaderElection.lambda$submitRequests$1(LeaderElection.java:234)
	at java.util.concurrent.FutureTask.run(FutureTask.java:266)
	at java.util.concurrent.Executors$RunnableAdapter.call(Executors.java:511)
	at java.util.concurrent.FutureTask.run(FutureTask.java:266)
	at java.util.concurrent.ThreadPoolExecutor.runWorker(ThreadPoolExecutor.java:1149)
	at java.util.concurrent.ThreadPoolExecutor$Worker.run(ThreadPoolExecutor.java:624)
	... 1 more
Caused by: org.apache.ratis.thirdparty.io.netty.channel.AbstractChannel$AnnotatedConnectException: Connection refused: /192.168.69.118:41688
	at sun.nio.ch.SocketChannelImpl.checkConnect(Native Method)
	at sun.nio.ch.SocketChannelImpl.finishConnect(SocketChannelImpl.java:717)
	at org.apache.ratis.thirdparty.io.netty.channel.socket.nio.NioSocketChannel.doFinishConnect(NioSocketChannel.java:327)
	at org.apache.ratis.thirdparty.io.netty.channel.nio.AbstractNioChannel$AbstractNioUnsafe.finishConnect(AbstractNioChannel.java:340)
	at org.apache.ratis.thirdparty.io.netty.channel.nio.NioEventLoop.processSelectedKey(NioEventLoop.java:632)
	at org.apache.ratis.thirdparty.io.netty.channel.nio.NioEventLoop.processSelectedKeysOptimized(NioEventLoop.java:579)
	at org.apache.ratis.thirdparty.io.netty.channel.nio.NioEventLoop.processSelectedKeys(NioEventLoop.java:496)
	at org.apache.ratis.thirdparty.io.netty.channel.nio.NioEventLoop.run(NioEventLoop.java:458)
	at org.apache.ratis.thirdparty.io.netty.util.concurrent.SingleThreadEventExecutor$5.run(SingleThreadEventExecutor.java:897)
	at org.apache.ratis.thirdparty.io.netty.util.concurrent.FastThreadLocalRunnable.run(FastThreadLocalRunnable.java:30)
	... 1 more
Caused by: java.net.ConnectException: Connection refused
	... 11 more
2019-10-23 12:13:52,228 [02863277-f564-4bc6-8337-fb22627f6f1a@group-24C785E9A0FC-LeaderElection247] INFO  impl.LeaderElection (LogUtils.java:infoOrTrace(149)) -   Exception 1: {}
java.util.concurrent.ExecutionException: org.apache.ratis.thirdparty.io.grpc.StatusRuntimeException: UNAVAILABLE: io exception
	at java.util.concurrent.FutureTask.report(FutureTask.java:122)
	at java.util.concurrent.FutureTask.get(FutureTask.java:192)
	at org.apache.ratis.server.impl.LeaderElection.waitForResults(LeaderElection.java:259)
	at org.apache.ratis.server.impl.LeaderElection.askForVotes(LeaderElection.java:197)
	at org.apache.ratis.server.impl.LeaderElection.run(LeaderElection.java:133)
	at java.lang.Thread.run(Thread.java:748)
Caused by: org.apache.ratis.thirdparty.io.grpc.StatusRuntimeException: UNAVAILABLE: io exception
	at org.apache.ratis.thirdparty.io.grpc.stub.ClientCalls.toStatusRuntimeException(ClientCalls.java:233)
	at org.apache.ratis.thirdparty.io.grpc.stub.ClientCalls.getUnchecked(ClientCalls.java:214)
	at org.apache.ratis.thirdparty.io.grpc.stub.ClientCalls.blockingUnaryCall(ClientCalls.java:139)
	at org.apache.ratis.proto.grpc.RaftServerProtocolServiceGrpc$RaftServerProtocolServiceBlockingStub.requestVote(RaftServerProtocolServiceGrpc.java:265)
	at org.apache.ratis.grpc.server.GrpcServerProtocolClient.requestVote(GrpcServerProtocolClient.java:99)
	at org.apache.ratis.grpc.server.GrpcService.requestVote(GrpcService.java:204)
	at org.apache.ratis.server.impl.LeaderElection.lambda$submitRequests$1(LeaderElection.java:234)
	at java.util.concurrent.FutureTask.run(FutureTask.java:266)
	at java.util.concurrent.Executors$RunnableAdapter.call(Executors.java:511)
	at java.util.concurrent.FutureTask.run(FutureTask.java:266)
	at java.util.concurrent.ThreadPoolExecutor.runWorker(ThreadPoolExecutor.java:1149)
	at java.util.concurrent.ThreadPoolExecutor$Worker.run(ThreadPoolExecutor.java:624)
	... 1 more
Caused by: org.apache.ratis.thirdparty.io.netty.channel.AbstractChannel$AnnotatedConnectException: Connection refused: /192.168.69.118:39205
	at sun.nio.ch.SocketChannelImpl.checkConnect(Native Method)
	at sun.nio.ch.SocketChannelImpl.finishConnect(SocketChannelImpl.java:717)
	at org.apache.ratis.thirdparty.io.netty.channel.socket.nio.NioSocketChannel.doFinishConnect(NioSocketChannel.java:327)
	at org.apache.ratis.thirdparty.io.netty.channel.nio.AbstractNioChannel$AbstractNioUnsafe.finishConnect(AbstractNioChannel.java:340)
	at org.apache.ratis.thirdparty.io.netty.channel.nio.NioEventLoop.processSelectedKey(NioEventLoop.java:632)
	at org.apache.ratis.thirdparty.io.netty.channel.nio.NioEventLoop.processSelectedKeysOptimized(NioEventLoop.java:579)
	at org.apache.ratis.thirdparty.io.netty.channel.nio.NioEventLoop.processSelectedKeys(NioEventLoop.java:496)
	at org.apache.ratis.thirdparty.io.netty.channel.nio.NioEventLoop.run(NioEventLoop.java:458)
	at org.apache.ratis.thirdparty.io.netty.util.concurrent.SingleThreadEventExecutor$5.run(SingleThreadEventExecutor.java:897)
	at org.apache.ratis.thirdparty.io.netty.util.concurrent.FastThreadLocalRunnable.run(FastThreadLocalRunnable.java:30)
	... 1 more
Caused by: java.net.ConnectException: Connection refused
	... 11 more
2019-10-23 12:13:52,228 [02863277-f564-4bc6-8337-fb22627f6f1a@group-24C785E9A0FC-LeaderElection247] INFO  impl.RaftServerImpl (RaftServerImpl.java:setRole(184)) - 02863277-f564-4bc6-8337-fb22627f6f1a@group-24C785E9A0FC: changes role from CANDIDATE to FOLLOWER at term 245 for DISCOVERED_A_NEW_TERM
2019-10-23 12:13:52,228 [02863277-f564-4bc6-8337-fb22627f6f1a@group-24C785E9A0FC-LeaderElection247] INFO  impl.RoleInfo (RoleInfo.java:shutdownLeaderElection(134)) - 02863277-f564-4bc6-8337-fb22627f6f1a: shutdown LeaderElection
2019-10-23 12:13:52,229 [02863277-f564-4bc6-8337-fb22627f6f1a@group-24C785E9A0FC-LeaderElection247] INFO  impl.RoleInfo (RoleInfo.java:updateAndGet(143)) - 02863277-f564-4bc6-8337-fb22627f6f1a: start FollowerState
2019-10-23 12:13:52,583 [java.util.concurrent.ThreadPoolExecutor$Worker@5376dd6[State = -1, empty queue]] WARN  server.GrpcLogAppender (GrpcLogAppender.java:timeoutAppendRequest(209)) - 787770cd-56b0-4d21-897f-e9f49f0f8295@group-0F120BA276DC->1d5d0298-6e55-4fca-8e63-ae12c20f52e9-GrpcLogAppender: appendEntries Timeout, request=787770cd-56b0-4d21-897f-e9f49f0f8295->1d5d0298-6e55-4fca-8e63-ae12c20f52e9#67-t2, previous=(t:2, i:4), leaderCommit=4, initializing? false, entries: <empty>
2019-10-23 12:13:52,583 [java.util.concurrent.ThreadPoolExecutor$Worker@d45e495[State = -1, empty queue]] WARN  server.GrpcLogAppender (GrpcLogAppender.java:timeoutAppendRequest(209)) - 787770cd-56b0-4d21-897f-e9f49f0f8295@group-0F120BA276DC->7b74cae2-68bb-403f-9342-7e82e321628a-GrpcLogAppender: appendEntries Timeout, request=787770cd-56b0-4d21-897f-e9f49f0f8295->7b74cae2-68bb-403f-9342-7e82e321628a#67-t2, previous=(t:2, i:4), leaderCommit=4, initializing? false, entries: <empty>
2019-10-23 12:13:53,084 [java.util.concurrent.ThreadPoolExecutor$Worker@d45e495[State = -1, empty queue]] WARN  server.GrpcLogAppender (GrpcLogAppender.java:timeoutAppendRequest(209)) - 787770cd-56b0-4d21-897f-e9f49f0f8295@group-0F120BA276DC->7b74cae2-68bb-403f-9342-7e82e321628a-GrpcLogAppender: appendEntries Timeout, request=787770cd-56b0-4d21-897f-e9f49f0f8295->7b74cae2-68bb-403f-9342-7e82e321628a#68-t2, previous=(t:2, i:4), leaderCommit=4, initializing? false, entries: <empty>
2019-10-23 12:13:53,084 [java.util.concurrent.ThreadPoolExecutor$Worker@5376dd6[State = -1, empty queue]] WARN  server.GrpcLogAppender (GrpcLogAppender.java:timeoutAppendRequest(209)) - 787770cd-56b0-4d21-897f-e9f49f0f8295@group-0F120BA276DC->1d5d0298-6e55-4fca-8e63-ae12c20f52e9-GrpcLogAppender: appendEntries Timeout, request=787770cd-56b0-4d21-897f-e9f49f0f8295->1d5d0298-6e55-4fca-8e63-ae12c20f52e9#68-t2, previous=(t:2, i:4), leaderCommit=4, initializing? false, entries: <empty>
2019-10-23 12:13:53,333 [Thread-2036] INFO  impl.FollowerState (FollowerState.java:run(108)) - 02863277-f564-4bc6-8337-fb22627f6f1a@group-24C785E9A0FC-FollowerState: change to CANDIDATE, lastRpcTime:1104ms, electionTimeout:1104ms
2019-10-23 12:13:53,333 [Thread-2036] INFO  impl.RoleInfo (RoleInfo.java:shutdownFollowerState(121)) - 02863277-f564-4bc6-8337-fb22627f6f1a: shutdown FollowerState
2019-10-23 12:13:53,333 [Thread-2036] INFO  impl.RaftServerImpl (RaftServerImpl.java:setRole(184)) - 02863277-f564-4bc6-8337-fb22627f6f1a@group-24C785E9A0FC: changes role from  FOLLOWER to CANDIDATE at term 245 for changeToCandidate
2019-10-23 12:13:53,333 [Thread-2036] INFO  impl.RoleInfo (RoleInfo.java:updateAndGet(143)) - 02863277-f564-4bc6-8337-fb22627f6f1a: start LeaderElection
2019-10-23 12:13:53,347 [02863277-f564-4bc6-8337-fb22627f6f1a@group-24C785E9A0FC-LeaderElection248] INFO  impl.LeaderElection (LeaderElection.java:askForVotes(178)) - 02863277-f564-4bc6-8337-fb22627f6f1a@group-24C785E9A0FC-LeaderElection248: begin an election at term 246 for 0: [3b749b59-de2a-419b-9a26-261692f5c83c:192.168.69.118:39205, ad4d83c7-0f96-47bc-a4e8-7e5d9f844896:192.168.69.118:41688, 02863277-f564-4bc6-8337-fb22627f6f1a:192.168.69.118:36850], old=null
2019-10-23 12:13:53,348 [02863277-f564-4bc6-8337-fb22627f6f1a@group-24C785E9A0FC-LeaderElection248] INFO  impl.LeaderElection (LogUtils.java:infoOrTrace(149)) - 02863277-f564-4bc6-8337-fb22627f6f1a@group-24C785E9A0FC-LeaderElection248 got exception when requesting votes: {}
java.util.concurrent.ExecutionException: org.apache.ratis.thirdparty.io.grpc.StatusRuntimeException: UNAVAILABLE: io exception
	at java.util.concurrent.FutureTask.report(FutureTask.java:122)
	at java.util.concurrent.FutureTask.get(FutureTask.java:192)
	at org.apache.ratis.server.impl.LeaderElection.waitForResults(LeaderElection.java:259)
	at org.apache.ratis.server.impl.LeaderElection.askForVotes(LeaderElection.java:197)
	at org.apache.ratis.server.impl.LeaderElection.run(LeaderElection.java:133)
	at java.lang.Thread.run(Thread.java:748)
Caused by: org.apache.ratis.thirdparty.io.grpc.StatusRuntimeException: UNAVAILABLE: io exception
	at org.apache.ratis.thirdparty.io.grpc.stub.ClientCalls.toStatusRuntimeException(ClientCalls.java:233)
	at org.apache.ratis.thirdparty.io.grpc.stub.ClientCalls.getUnchecked(ClientCalls.java:214)
	at org.apache.ratis.thirdparty.io.grpc.stub.ClientCalls.blockingUnaryCall(ClientCalls.java:139)
	at org.apache.ratis.proto.grpc.RaftServerProtocolServiceGrpc$RaftServerProtocolServiceBlockingStub.requestVote(RaftServerProtocolServiceGrpc.java:265)
	at org.apache.ratis.grpc.server.GrpcServerProtocolClient.requestVote(GrpcServerProtocolClient.java:99)
	at org.apache.ratis.grpc.server.GrpcService.requestVote(GrpcService.java:204)
	at org.apache.ratis.server.impl.LeaderElection.lambda$submitRequests$1(LeaderElection.java:234)
	at java.util.concurrent.FutureTask.run(FutureTask.java:266)
	at java.util.concurrent.Executors$RunnableAdapter.call(Executors.java:511)
	at java.util.concurrent.FutureTask.run(FutureTask.java:266)
	at java.util.concurrent.ThreadPoolExecutor.runWorker(ThreadPoolExecutor.java:1149)
	at java.util.concurrent.ThreadPoolExecutor$Worker.run(ThreadPoolExecutor.java:624)
	... 1 more
Caused by: org.apache.ratis.thirdparty.io.netty.channel.AbstractChannel$AnnotatedConnectException: Connection refused: /192.168.69.118:39205
	at sun.nio.ch.SocketChannelImpl.checkConnect(Native Method)
	at sun.nio.ch.SocketChannelImpl.finishConnect(SocketChannelImpl.java:717)
	at org.apache.ratis.thirdparty.io.netty.channel.socket.nio.NioSocketChannel.doFinishConnect(NioSocketChannel.java:327)
	at org.apache.ratis.thirdparty.io.netty.channel.nio.AbstractNioChannel$AbstractNioUnsafe.finishConnect(AbstractNioChannel.java:340)
	at org.apache.ratis.thirdparty.io.netty.channel.nio.NioEventLoop.processSelectedKey(NioEventLoop.java:632)
	at org.apache.ratis.thirdparty.io.netty.channel.nio.NioEventLoop.processSelectedKeysOptimized(NioEventLoop.java:579)
	at org.apache.ratis.thirdparty.io.netty.channel.nio.NioEventLoop.processSelectedKeys(NioEventLoop.java:496)
	at org.apache.ratis.thirdparty.io.netty.channel.nio.NioEventLoop.run(NioEventLoop.java:458)
	at org.apache.ratis.thirdparty.io.netty.util.concurrent.SingleThreadEventExecutor$5.run(SingleThreadEventExecutor.java:897)
	at org.apache.ratis.thirdparty.io.netty.util.concurrent.FastThreadLocalRunnable.run(FastThreadLocalRunnable.java:30)
	... 1 more
Caused by: java.net.ConnectException: Connection refused
	... 11 more
2019-10-23 12:13:53,348 [02863277-f564-4bc6-8337-fb22627f6f1a@group-24C785E9A0FC-LeaderElection248] INFO  impl.LeaderElection (LogUtils.java:infoOrTrace(149)) - 02863277-f564-4bc6-8337-fb22627f6f1a@group-24C785E9A0FC-LeaderElection248 got exception when requesting votes: {}
java.util.concurrent.ExecutionException: org.apache.ratis.thirdparty.io.grpc.StatusRuntimeException: UNAVAILABLE: io exception
	at java.util.concurrent.FutureTask.report(FutureTask.java:122)
	at java.util.concurrent.FutureTask.get(FutureTask.java:192)
	at org.apache.ratis.server.impl.LeaderElection.waitForResults(LeaderElection.java:259)
	at org.apache.ratis.server.impl.LeaderElection.askForVotes(LeaderElection.java:197)
	at org.apache.ratis.server.impl.LeaderElection.run(LeaderElection.java:133)
	at java.lang.Thread.run(Thread.java:748)
Caused by: org.apache.ratis.thirdparty.io.grpc.StatusRuntimeException: UNAVAILABLE: io exception
	at org.apache.ratis.thirdparty.io.grpc.stub.ClientCalls.toStatusRuntimeException(ClientCalls.java:233)
	at org.apache.ratis.thirdparty.io.grpc.stub.ClientCalls.getUnchecked(ClientCalls.java:214)
	at org.apache.ratis.thirdparty.io.grpc.stub.ClientCalls.blockingUnaryCall(ClientCalls.java:139)
	at org.apache.ratis.proto.grpc.RaftServerProtocolServiceGrpc$RaftServerProtocolServiceBlockingStub.requestVote(RaftServerProtocolServiceGrpc.java:265)
	at org.apache.ratis.grpc.server.GrpcServerProtocolClient.requestVote(GrpcServerProtocolClient.java:99)
	at org.apache.ratis.grpc.server.GrpcService.requestVote(GrpcService.java:204)
	at org.apache.ratis.server.impl.LeaderElection.lambda$submitRequests$1(LeaderElection.java:234)
	at java.util.concurrent.FutureTask.run(FutureTask.java:266)
	at java.util.concurrent.Executors$RunnableAdapter.call(Executors.java:511)
	at java.util.concurrent.FutureTask.run(FutureTask.java:266)
	at java.util.concurrent.ThreadPoolExecutor.runWorker(ThreadPoolExecutor.java:1149)
	at java.util.concurrent.ThreadPoolExecutor$Worker.run(ThreadPoolExecutor.java:624)
	... 1 more
Caused by: org.apache.ratis.thirdparty.io.netty.channel.AbstractChannel$AnnotatedConnectException: Connection refused: /192.168.69.118:41688
	at sun.nio.ch.SocketChannelImpl.checkConnect(Native Method)
	at sun.nio.ch.SocketChannelImpl.finishConnect(SocketChannelImpl.java:717)
	at org.apache.ratis.thirdparty.io.netty.channel.socket.nio.NioSocketChannel.doFinishConnect(NioSocketChannel.java:327)
	at org.apache.ratis.thirdparty.io.netty.channel.nio.AbstractNioChannel$AbstractNioUnsafe.finishConnect(AbstractNioChannel.java:340)
	at org.apache.ratis.thirdparty.io.netty.channel.nio.NioEventLoop.processSelectedKey(NioEventLoop.java:632)
	at org.apache.ratis.thirdparty.io.netty.channel.nio.NioEventLoop.processSelectedKeysOptimized(NioEventLoop.java:579)
	at org.apache.ratis.thirdparty.io.netty.channel.nio.NioEventLoop.processSelectedKeys(NioEventLoop.java:496)
	at org.apache.ratis.thirdparty.io.netty.channel.nio.NioEventLoop.run(NioEventLoop.java:458)
	at org.apache.ratis.thirdparty.io.netty.util.concurrent.SingleThreadEventExecutor$5.run(SingleThreadEventExecutor.java:897)
	at org.apache.ratis.thirdparty.io.netty.util.concurrent.FastThreadLocalRunnable.run(FastThreadLocalRunnable.java:30)
	... 1 more
Caused by: java.net.ConnectException: Connection refused
	... 11 more
2019-10-23 12:13:53,349 [02863277-f564-4bc6-8337-fb22627f6f1a@group-24C785E9A0FC-LeaderElection248] INFO  impl.LeaderElection (LeaderElection.java:logAndReturn(56)) - 02863277-f564-4bc6-8337-fb22627f6f1a@group-24C785E9A0FC-LeaderElection248: Election REJECTED; received 0 response(s) [] and 2 exception(s); 02863277-f564-4bc6-8337-fb22627f6f1a@group-24C785E9A0FC:t246, leader=null, voted=02863277-f564-4bc6-8337-fb22627f6f1a, raftlog=02863277-f564-4bc6-8337-fb22627f6f1a@group-24C785E9A0FC-SegmentedRaftLog:OPENED:c-1,f0,i0, conf=0: [3b749b59-de2a-419b-9a26-261692f5c83c:192.168.69.118:39205, ad4d83c7-0f96-47bc-a4e8-7e5d9f844896:192.168.69.118:41688, 02863277-f564-4bc6-8337-fb22627f6f1a:192.168.69.118:36850], old=null
2019-10-23 12:13:53,349 [02863277-f564-4bc6-8337-fb22627f6f1a@group-24C785E9A0FC-LeaderElection248] INFO  impl.LeaderElection (LogUtils.java:infoOrTrace(149)) -   Exception 0: {}
java.util.concurrent.ExecutionException: org.apache.ratis.thirdparty.io.grpc.StatusRuntimeException: UNAVAILABLE: io exception
	at java.util.concurrent.FutureTask.report(FutureTask.java:122)
	at java.util.concurrent.FutureTask.get(FutureTask.java:192)
	at org.apache.ratis.server.impl.LeaderElection.waitForResults(LeaderElection.java:259)
	at org.apache.ratis.server.impl.LeaderElection.askForVotes(LeaderElection.java:197)
	at org.apache.ratis.server.impl.LeaderElection.run(LeaderElection.java:133)
	at java.lang.Thread.run(Thread.java:748)
Caused by: org.apache.ratis.thirdparty.io.grpc.StatusRuntimeException: UNAVAILABLE: io exception
	at org.apache.ratis.thirdparty.io.grpc.stub.ClientCalls.toStatusRuntimeException(ClientCalls.java:233)
	at org.apache.ratis.thirdparty.io.grpc.stub.ClientCalls.getUnchecked(ClientCalls.java:214)
	at org.apache.ratis.thirdparty.io.grpc.stub.ClientCalls.blockingUnaryCall(ClientCalls.java:139)
	at org.apache.ratis.proto.grpc.RaftServerProtocolServiceGrpc$RaftServerProtocolServiceBlockingStub.requestVote(RaftServerProtocolServiceGrpc.java:265)
	at org.apache.ratis.grpc.server.GrpcServerProtocolClient.requestVote(GrpcServerProtocolClient.java:99)
	at org.apache.ratis.grpc.server.GrpcService.requestVote(GrpcService.java:204)
	at org.apache.ratis.server.impl.LeaderElection.lambda$submitRequests$1(LeaderElection.java:234)
	at java.util.concurrent.FutureTask.run(FutureTask.java:266)
	at java.util.concurrent.Executors$RunnableAdapter.call(Executors.java:511)
	at java.util.concurrent.FutureTask.run(FutureTask.java:266)
	at java.util.concurrent.ThreadPoolExecutor.runWorker(ThreadPoolExecutor.java:1149)
	at java.util.concurrent.ThreadPoolExecutor$Worker.run(ThreadPoolExecutor.java:624)
	... 1 more
Caused by: org.apache.ratis.thirdparty.io.netty.channel.AbstractChannel$AnnotatedConnectException: Connection refused: /192.168.69.118:39205
	at sun.nio.ch.SocketChannelImpl.checkConnect(Native Method)
	at sun.nio.ch.SocketChannelImpl.finishConnect(SocketChannelImpl.java:717)
	at org.apache.ratis.thirdparty.io.netty.channel.socket.nio.NioSocketChannel.doFinishConnect(NioSocketChannel.java:327)
	at org.apache.ratis.thirdparty.io.netty.channel.nio.AbstractNioChannel$AbstractNioUnsafe.finishConnect(AbstractNioChannel.java:340)
	at org.apache.ratis.thirdparty.io.netty.channel.nio.NioEventLoop.processSelectedKey(NioEventLoop.java:632)
	at org.apache.ratis.thirdparty.io.netty.channel.nio.NioEventLoop.processSelectedKeysOptimized(NioEventLoop.java:579)
	at org.apache.ratis.thirdparty.io.netty.channel.nio.NioEventLoop.processSelectedKeys(NioEventLoop.java:496)
	at org.apache.ratis.thirdparty.io.netty.channel.nio.NioEventLoop.run(NioEventLoop.java:458)
	at org.apache.ratis.thirdparty.io.netty.util.concurrent.SingleThreadEventExecutor$5.run(SingleThreadEventExecutor.java:897)
	at org.apache.ratis.thirdparty.io.netty.util.concurrent.FastThreadLocalRunnable.run(FastThreadLocalRunnable.java:30)
	... 1 more
Caused by: java.net.ConnectException: Connection refused
	... 11 more
2019-10-23 12:13:53,349 [02863277-f564-4bc6-8337-fb22627f6f1a@group-24C785E9A0FC-LeaderElection248] INFO  impl.LeaderElection (LogUtils.java:infoOrTrace(149)) -   Exception 1: {}
java.util.concurrent.ExecutionException: org.apache.ratis.thirdparty.io.grpc.StatusRuntimeException: UNAVAILABLE: io exception
	at java.util.concurrent.FutureTask.report(FutureTask.java:122)
	at java.util.concurrent.FutureTask.get(FutureTask.java:192)
	at org.apache.ratis.server.impl.LeaderElection.waitForResults(LeaderElection.java:259)
	at org.apache.ratis.server.impl.LeaderElection.askForVotes(LeaderElection.java:197)
	at org.apache.ratis.server.impl.LeaderElection.run(LeaderElection.java:133)
	at java.lang.Thread.run(Thread.java:748)
Caused by: org.apache.ratis.thirdparty.io.grpc.StatusRuntimeException: UNAVAILABLE: io exception
	at org.apache.ratis.thirdparty.io.grpc.stub.ClientCalls.toStatusRuntimeException(ClientCalls.java:233)
	at org.apache.ratis.thirdparty.io.grpc.stub.ClientCalls.getUnchecked(ClientCalls.java:214)
	at org.apache.ratis.thirdparty.io.grpc.stub.ClientCalls.blockingUnaryCall(ClientCalls.java:139)
	at org.apache.ratis.proto.grpc.RaftServerProtocolServiceGrpc$RaftServerProtocolServiceBlockingStub.requestVote(RaftServerProtocolServiceGrpc.java:265)
	at org.apache.ratis.grpc.server.GrpcServerProtocolClient.requestVote(GrpcServerProtocolClient.java:99)
	at org.apache.ratis.grpc.server.GrpcService.requestVote(GrpcService.java:204)
	at org.apache.ratis.server.impl.LeaderElection.lambda$submitRequests$1(LeaderElection.java:234)
	at java.util.concurrent.FutureTask.run(FutureTask.java:266)
	at java.util.concurrent.Executors$RunnableAdapter.call(Executors.java:511)
	at java.util.concurrent.FutureTask.run(FutureTask.java:266)
	at java.util.concurrent.ThreadPoolExecutor.runWorker(ThreadPoolExecutor.java:1149)
	at java.util.concurrent.ThreadPoolExecutor$Worker.run(ThreadPoolExecutor.java:624)
	... 1 more
Caused by: org.apache.ratis.thirdparty.io.netty.channel.AbstractChannel$AnnotatedConnectException: Connection refused: /192.168.69.118:41688
	at sun.nio.ch.SocketChannelImpl.checkConnect(Native Method)
	at sun.nio.ch.SocketChannelImpl.finishConnect(SocketChannelImpl.java:717)
	at org.apache.ratis.thirdparty.io.netty.channel.socket.nio.NioSocketChannel.doFinishConnect(NioSocketChannel.java:327)
	at org.apache.ratis.thirdparty.io.netty.channel.nio.AbstractNioChannel$AbstractNioUnsafe.finishConnect(AbstractNioChannel.java:340)
	at org.apache.ratis.thirdparty.io.netty.channel.nio.NioEventLoop.processSelectedKey(NioEventLoop.java:632)
	at org.apache.ratis.thirdparty.io.netty.channel.nio.NioEventLoop.processSelectedKeysOptimized(NioEventLoop.java:579)
	at org.apache.ratis.thirdparty.io.netty.channel.nio.NioEventLoop.processSelectedKeys(NioEventLoop.java:496)
	at org.apache.ratis.thirdparty.io.netty.channel.nio.NioEventLoop.run(NioEventLoop.java:458)
	at org.apache.ratis.thirdparty.io.netty.util.concurrent.SingleThreadEventExecutor$5.run(SingleThreadEventExecutor.java:897)
	at org.apache.ratis.thirdparty.io.netty.util.concurrent.FastThreadLocalRunnable.run(FastThreadLocalRunnable.java:30)
	... 1 more
Caused by: java.net.ConnectException: Connection refused
	... 11 more
2019-10-23 12:13:53,349 [02863277-f564-4bc6-8337-fb22627f6f1a@group-24C785E9A0FC-LeaderElection248] INFO  impl.RaftServerImpl (RaftServerImpl.java:setRole(184)) - 02863277-f564-4bc6-8337-fb22627f6f1a@group-24C785E9A0FC: changes role from CANDIDATE to FOLLOWER at term 246 for DISCOVERED_A_NEW_TERM
2019-10-23 12:13:53,349 [02863277-f564-4bc6-8337-fb22627f6f1a@group-24C785E9A0FC-LeaderElection248] INFO  impl.RoleInfo (RoleInfo.java:shutdownLeaderElection(134)) - 02863277-f564-4bc6-8337-fb22627f6f1a: shutdown LeaderElection
2019-10-23 12:13:53,349 [02863277-f564-4bc6-8337-fb22627f6f1a@group-24C785E9A0FC-LeaderElection248] INFO  impl.RoleInfo (RoleInfo.java:updateAndGet(143)) - 02863277-f564-4bc6-8337-fb22627f6f1a: start FollowerState
2019-10-23 12:13:53,584 [java.util.concurrent.ThreadPoolExecutor$Worker@d45e495[State = -1, empty queue]] WARN  server.GrpcLogAppender (GrpcLogAppender.java:timeoutAppendRequest(209)) - 787770cd-56b0-4d21-897f-e9f49f0f8295@group-0F120BA276DC->7b74cae2-68bb-403f-9342-7e82e321628a-GrpcLogAppender: appendEntries Timeout, request=787770cd-56b0-4d21-897f-e9f49f0f8295->7b74cae2-68bb-403f-9342-7e82e321628a#69-t2, previous=(t:2, i:4), leaderCommit=4, initializing? false, entries: <empty>
2019-10-23 12:13:53,584 [java.util.concurrent.ThreadPoolExecutor$Worker@5376dd6[State = -1, empty queue]] WARN  server.GrpcLogAppender (GrpcLogAppender.java:timeoutAppendRequest(209)) - 787770cd-56b0-4d21-897f-e9f49f0f8295@group-0F120BA276DC->1d5d0298-6e55-4fca-8e63-ae12c20f52e9-GrpcLogAppender: appendEntries Timeout, request=787770cd-56b0-4d21-897f-e9f49f0f8295->1d5d0298-6e55-4fca-8e63-ae12c20f52e9#69-t2, previous=(t:2, i:4), leaderCommit=4, initializing? false, entries: <empty>
2019-10-23 12:13:54,085 [java.util.concurrent.ThreadPoolExecutor$Worker@d45e495[State = -1, empty queue]] WARN  server.GrpcLogAppender (GrpcLogAppender.java:timeoutAppendRequest(209)) - 787770cd-56b0-4d21-897f-e9f49f0f8295@group-0F120BA276DC->7b74cae2-68bb-403f-9342-7e82e321628a-GrpcLogAppender: appendEntries Timeout, request=787770cd-56b0-4d21-897f-e9f49f0f8295->7b74cae2-68bb-403f-9342-7e82e321628a#70-t2, previous=(t:2, i:4), leaderCommit=4, initializing? false, entries: <empty>
2019-10-23 12:13:54,085 [java.util.concurrent.ThreadPoolExecutor$Worker@5376dd6[State = -1, empty queue]] WARN  server.GrpcLogAppender (GrpcLogAppender.java:timeoutAppendRequest(209)) - 787770cd-56b0-4d21-897f-e9f49f0f8295@group-0F120BA276DC->1d5d0298-6e55-4fca-8e63-ae12c20f52e9-GrpcLogAppender: appendEntries Timeout, request=787770cd-56b0-4d21-897f-e9f49f0f8295->1d5d0298-6e55-4fca-8e63-ae12c20f52e9#70-t2, previous=(t:2, i:4), leaderCommit=4, initializing? false, entries: <empty>
2019-10-23 12:13:54,098 [ForkJoinPool.commonPool-worker-0] INFO  ozoneimpl.OzoneContainer (OzoneContainer.java:stop(227)) - Attempting to stop container services.
2019-10-23 12:13:54,099 [ForkJoinPool.commonPool-worker-0] INFO  impl.RaftServerProxy (RaftServerProxy.java:lambda$close$4(314)) - 02863277-f564-4bc6-8337-fb22627f6f1a: close
2019-10-23 12:13:54,099 [ForkJoinPool.commonPool-worker-0] INFO  impl.RaftServerImpl (RaftServerImpl.java:lambda$shutdown$3(261)) - 02863277-f564-4bc6-8337-fb22627f6f1a@group-1FF238067AD3: shutdown
2019-10-23 12:13:54,099 [ForkJoinPool.commonPool-worker-0] INFO  util.JmxRegister (JmxRegister.java:unregister(73)) - Successfully un-registered JMX Bean with object name Ratis:service=RaftServer,group=group-1FF238067AD3,id=02863277-f564-4bc6-8337-fb22627f6f1a
2019-10-23 12:13:54,100 [ForkJoinPool.commonPool-worker-0] INFO  impl.RoleInfo (RoleInfo.java:shutdownLeaderState(104)) - 02863277-f564-4bc6-8337-fb22627f6f1a: shutdown LeaderState
2019-10-23 12:13:54,100 [ForkJoinPool.commonPool-worker-0] INFO  impl.PendingRequests (PendingRequests.java:sendNotLeaderResponses(202)) - 02863277-f564-4bc6-8337-fb22627f6f1a@group-1FF238067AD3-PendingRequests: sendNotLeaderResponses
2019-10-23 12:13:54,101 [ForkJoinPool.commonPool-worker-0] INFO  impl.StateMachineUpdater (StateMachineUpdater.java:stopAndJoin(136)) - 02863277-f564-4bc6-8337-fb22627f6f1a@group-1FF238067AD3-StateMachineUpdater: set stopIndex = 0
2019-10-23 12:13:54,102 [ForkJoinPool.commonPool-worker-0] INFO  impl.RaftServerImpl (ServerState.java:close(388)) - 02863277-f564-4bc6-8337-fb22627f6f1a@group-1FF238067AD3: closes. applyIndex: 0
2019-10-23 12:13:54,103 [02863277-f564-4bc6-8337-fb22627f6f1a@group-1FF238067AD3-SegmentedRaftLogWorker] INFO  segmented.SegmentedRaftLogWorker (SegmentedRaftLogWorker.java:run(316)) - 02863277-f564-4bc6-8337-fb22627f6f1a@group-1FF238067AD3-SegmentedRaftLogWorker was interrupted, exiting. There are 0 tasks remaining in the queue.
2019-10-23 12:13:54,104 [ForkJoinPool.commonPool-worker-0] INFO  segmented.SegmentedRaftLogWorker (SegmentedRaftLogWorker.java:close(224)) - 02863277-f564-4bc6-8337-fb22627f6f1a@group-1FF238067AD3-SegmentedRaftLogWorker close()
2019-10-23 12:13:54,105 [ForkJoinPool.commonPool-worker-0] INFO  impl.RaftServerImpl (RaftServerImpl.java:lambda$shutdown$3(261)) - 02863277-f564-4bc6-8337-fb22627f6f1a@group-24C785E9A0FC: shutdown
2019-10-23 12:13:54,106 [ForkJoinPool.commonPool-worker-0] INFO  util.JmxRegister (JmxRegister.java:unregister(73)) - Successfully un-registered JMX Bean with object name Ratis:service=RaftServer,group=group-24C785E9A0FC,id=02863277-f564-4bc6-8337-fb22627f6f1a
2019-10-23 12:13:54,106 [ForkJoinPool.commonPool-worker-0] INFO  impl.RoleInfo (RoleInfo.java:shutdownFollowerState(121)) - 02863277-f564-4bc6-8337-fb22627f6f1a: shutdown FollowerState
2019-10-23 12:13:54,106 [Thread-2040] INFO  impl.FollowerState (FollowerState.java:run(117)) - 02863277-f564-4bc6-8337-fb22627f6f1a@group-24C785E9A0FC-FollowerState was interrupted: java.lang.InterruptedException: sleep interrupted
2019-10-23 12:13:54,107 [ForkJoinPool.commonPool-worker-0] INFO  impl.StateMachineUpdater (StateMachineUpdater.java:stopAndJoin(136)) - 02863277-f564-4bc6-8337-fb22627f6f1a@group-24C785E9A0FC-StateMachineUpdater: set stopIndex = -1
2019-10-23 12:13:54,107 [ForkJoinPool.commonPool-worker-0] INFO  impl.RaftServerImpl (ServerState.java:close(388)) - 02863277-f564-4bc6-8337-fb22627f6f1a@group-24C785E9A0FC: closes. applyIndex: -1
2019-10-23 12:13:54,107 [02863277-f564-4bc6-8337-fb22627f6f1a@group-24C785E9A0FC-SegmentedRaftLogWorker] INFO  segmented.SegmentedRaftLogWorker (SegmentedRaftLogWorker.java:run(316)) - 02863277-f564-4bc6-8337-fb22627f6f1a@group-24C785E9A0FC-SegmentedRaftLogWorker was interrupted, exiting. There are 0 tasks remaining in the queue.
2019-10-23 12:13:54,108 [ForkJoinPool.commonPool-worker-0] INFO  segmented.SegmentedRaftLogWorker (SegmentedRaftLogWorker.java:close(224)) - 02863277-f564-4bc6-8337-fb22627f6f1a@group-24C785E9A0FC-SegmentedRaftLogWorker close()
2019-10-23 12:13:54,109 [ForkJoinPool.commonPool-worker-0] INFO  server.GrpcService (GrpcService.java:closeImpl(164)) - 02863277-f564-4bc6-8337-fb22627f6f1a: shutdown server with port 36850 now
2019-10-23 12:13:54,114 [ForkJoinPool.commonPool-worker-0] INFO  server.GrpcService (GrpcService.java:closeImpl(172)) - 02863277-f564-4bc6-8337-fb22627f6f1a: shutdown server with port 36850 successfully
2019-10-23 12:13:54,116 [main] INFO  ozoneimpl.OzoneContainer (OzoneContainer.java:stop(227)) - Attempting to stop container services.
2019-10-23 12:13:54,117 [refreshUsed-/workdir/hadoop-ozone/integration-test/target/test-dir/MiniOzoneClusterImpl-f0805996-b414-4d96-aefa-ea3288852db6/datanode-1/data/containers] WARN  fs.CachingGetSpaceUsed (CachingGetSpaceUsed.java:run(183)) - Thread Interrupted waiting to refresh disk information: sleep interrupted
2019-10-23 12:13:54,117 [main] INFO  impl.RaftServerProxy (RaftServerProxy.java:lambda$close$4(314)) - 787770cd-56b0-4d21-897f-e9f49f0f8295: close
2019-10-23 12:13:54,117 [main] INFO  impl.RaftServerImpl (RaftServerImpl.java:lambda$shutdown$3(261)) - 787770cd-56b0-4d21-897f-e9f49f0f8295@group-0F120BA276DC: shutdown
2019-10-23 12:13:54,118 [main] INFO  util.JmxRegister (JmxRegister.java:unregister(73)) - Successfully un-registered JMX Bean with object name Ratis:service=RaftServer,group=group-0F120BA276DC,id=787770cd-56b0-4d21-897f-e9f49f0f8295
2019-10-23 12:13:54,118 [main] INFO  impl.RoleInfo (RoleInfo.java:shutdownLeaderState(104)) - 787770cd-56b0-4d21-897f-e9f49f0f8295: shutdown LeaderState
2019-10-23 12:13:54,121 [org.apache.ratis.server.impl.LogAppender$AppenderDaemon$$Lambda$429/155081647@2da188b8] WARN  server.GrpcLogAppender (GrpcLogAppender.java:mayWait(149)) - 787770cd-56b0-4d21-897f-e9f49f0f8295@group-0F120BA276DC->7b74cae2-68bb-403f-9342-7e82e321628a-GrpcLogAppender: Wait interrupted by java.lang.InterruptedException
2019-10-23 12:13:54,122 [org.apache.ratis.server.impl.LogAppender$AppenderDaemon$$Lambda$429/155081647@7c58eb96] WARN  server.GrpcLogAppender (GrpcLogAppender.java:mayWait(149)) - 787770cd-56b0-4d21-897f-e9f49f0f8295@group-0F120BA276DC->1d5d0298-6e55-4fca-8e63-ae12c20f52e9-GrpcLogAppender: Wait interrupted by java.lang.InterruptedException
2019-10-23 12:13:54,122 [main] INFO  impl.PendingRequests (PendingRequests.java:sendNotLeaderResponses(202)) - 787770cd-56b0-4d21-897f-e9f49f0f8295@group-0F120BA276DC-PendingRequests: sendNotLeaderResponses
2019-10-23 12:13:54,135 [main] INFO  impl.StateMachineUpdater (StateMachineUpdater.java:stopAndJoin(136)) - 787770cd-56b0-4d21-897f-e9f49f0f8295@group-0F120BA276DC-StateMachineUpdater: set stopIndex = 4
2019-10-23 12:13:54,135 [787770cd-56b0-4d21-897f-e9f49f0f8295@group-0F120BA276DC-StateMachineUpdater] INFO  ratis.ContainerStateMachine (ContainerStateMachine.java:takeSnapshot(294)) - group-0F120BA276DC: Taking a snapshot at:(t:2, i:4) file /workdir/hadoop-ozone/integration-test/target/test-dir/MiniOzoneClusterImpl-f0805996-b414-4d96-aefa-ea3288852db6/datanode-7/data/ratis/929a5c7a-1fa8-4211-83d2-0f120ba276dc/sm/snapshot.2_4
2019-10-23 12:13:54,142 [787770cd-56b0-4d21-897f-e9f49f0f8295@group-0F120BA276DC-StateMachineUpdater] INFO  ratis.ContainerStateMachine (ContainerStateMachine.java:takeSnapshot(305)) - group-0F120BA276DC: Finished taking a snapshot at:(t:2, i:4) file:/workdir/hadoop-ozone/integration-test/target/test-dir/MiniOzoneClusterImpl-f0805996-b414-4d96-aefa-ea3288852db6/datanode-7/data/ratis/929a5c7a-1fa8-4211-83d2-0f120ba276dc/sm/snapshot.2_4 time:7
2019-10-23 12:13:54,143 [787770cd-56b0-4d21-897f-e9f49f0f8295@group-0F120BA276DC-StateMachineUpdater] INFO  impl.StateMachineUpdater (StateMachineUpdater.java:takeSnapshot(269)) - 787770cd-56b0-4d21-897f-e9f49f0f8295@group-0F120BA276DC-StateMachineUpdater: Took a snapshot at index 4
2019-10-23 12:13:54,143 [787770cd-56b0-4d21-897f-e9f49f0f8295@group-0F120BA276DC-StateMachineUpdater] INFO  impl.StateMachineUpdater (StateMachineUpdater.java:lambda$new$0(84)) - 787770cd-56b0-4d21-897f-e9f49f0f8295@group-0F120BA276DC-StateMachineUpdater: snapshotIndex: updateIncreasingly -1 -> 4
2019-10-23 12:13:54,143 [main] INFO  impl.RaftServerImpl (ServerState.java:close(388)) - 787770cd-56b0-4d21-897f-e9f49f0f8295@group-0F120BA276DC: closes. applyIndex: 4
2019-10-23 12:13:54,144 [787770cd-56b0-4d21-897f-e9f49f0f8295@group-0F120BA276DC-SegmentedRaftLogWorker] INFO  segmented.SegmentedRaftLogWorker (SegmentedRaftLogWorker.java:run(316)) - 787770cd-56b0-4d21-897f-e9f49f0f8295@group-0F120BA276DC-SegmentedRaftLogWorker was interrupted, exiting. There are 0 tasks remaining in the queue.
2019-10-23 12:13:54,151 [main] INFO  segmented.SegmentedRaftLogWorker (SegmentedRaftLogWorker.java:close(224)) - 787770cd-56b0-4d21-897f-e9f49f0f8295@group-0F120BA276DC-SegmentedRaftLogWorker close()
2019-10-23 12:13:54,153 [main] INFO  impl.RaftServerImpl (RaftServerImpl.java:lambda$shutdown$3(261)) - 787770cd-56b0-4d21-897f-e9f49f0f8295@group-DB822B26D020: shutdown
2019-10-23 12:13:54,153 [main] INFO  util.JmxRegister (JmxRegister.java:unregister(73)) - Successfully un-registered JMX Bean with object name Ratis:service=RaftServer,group=group-DB822B26D020,id=787770cd-56b0-4d21-897f-e9f49f0f8295
2019-10-23 12:13:54,153 [main] INFO  impl.RoleInfo (RoleInfo.java:shutdownLeaderState(104)) - 787770cd-56b0-4d21-897f-e9f49f0f8295: shutdown LeaderState
2019-10-23 12:13:54,154 [main] INFO  impl.PendingRequests (PendingRequests.java:sendNotLeaderResponses(202)) - 787770cd-56b0-4d21-897f-e9f49f0f8295@group-DB822B26D020-PendingRequests: sendNotLeaderResponses
2019-10-23 12:13:54,154 [main] INFO  impl.StateMachineUpdater (StateMachineUpdater.java:stopAndJoin(136)) - 787770cd-56b0-4d21-897f-e9f49f0f8295@group-DB822B26D020-StateMachineUpdater: set stopIndex = 0
2019-10-23 12:13:54,162 [main] INFO  impl.RaftServerImpl (ServerState.java:close(388)) - 787770cd-56b0-4d21-897f-e9f49f0f8295@group-DB822B26D020: closes. applyIndex: 0
2019-10-23 12:13:54,163 [787770cd-56b0-4d21-897f-e9f49f0f8295@group-DB822B26D020-SegmentedRaftLogWorker] INFO  segmented.SegmentedRaftLogWorker (SegmentedRaftLogWorker.java:run(316)) - 787770cd-56b0-4d21-897f-e9f49f0f8295@group-DB822B26D020-SegmentedRaftLogWorker was interrupted, exiting. There are 0 tasks remaining in the queue.
2019-10-23 12:13:54,163 [main] INFO  segmented.SegmentedRaftLogWorker (SegmentedRaftLogWorker.java:close(224)) - 787770cd-56b0-4d21-897f-e9f49f0f8295@group-DB822B26D020-SegmentedRaftLogWorker close()
2019-10-23 12:13:54,165 [main] INFO  server.GrpcService (GrpcService.java:closeImpl(164)) - 787770cd-56b0-4d21-897f-e9f49f0f8295: shutdown server with port 42931 now
2019-10-23 12:13:54,166 [main] INFO  server.GrpcService (GrpcService.java:closeImpl(172)) - 787770cd-56b0-4d21-897f-e9f49f0f8295: shutdown server with port 42931 successfully
2019-10-23 12:13:54,170 [refreshUsed-/workdir/hadoop-ozone/integration-test/target/test-dir/MiniOzoneClusterImpl-f0805996-b414-4d96-aefa-ea3288852db6/datanode-7/data/containers] WARN  fs.CachingGetSpaceUsed (CachingGetSpaceUsed.java:run(183)) - Thread Interrupted waiting to refresh disk information: sleep interrupted
2019-10-23 12:13:54,184 [ForkJoinPool.commonPool-worker-0] INFO  utils.BackgroundService (BackgroundService.java:shutdown(151)) - Shutting down service BlockDeletingService
2019-10-23 12:13:54,195 [ForkJoinPool.commonPool-worker-0] INFO  statemachine.DatanodeStateMachine (DatanodeStateMachine.java:stopDaemon(395)) - Ozone container server stopped.
2019-10-23 12:13:54,207 [ForkJoinPool.commonPool-worker-0] INFO  handler.ContextHandler (ContextHandler.java:doStop(910)) - Stopped o.e.j.w.WebAppContext@508a65bf{/,null,UNAVAILABLE}{/hddsDatanode}
2019-10-23 12:13:54,209 [ForkJoinPool.commonPool-worker-0] INFO  server.AbstractConnector (AbstractConnector.java:doStop(318)) - Stopped ServerConnector@17f2dd85{HTTP/1.1,[http/1.1]}{0.0.0.0:0}
2019-10-23 12:13:54,221 [ForkJoinPool.commonPool-worker-0] INFO  handler.ContextHandler (ContextHandler.java:doStop(910)) - Stopped o.e.j.s.ServletContextHandler@6a094db2{/static,jar:file:/home/user/.m2/repository/org/apache/hadoop/hadoop-hdds-container-service/0.5.0-SNAPSHOT/hadoop-hdds-container-service-0.5.0-SNAPSHOT.jar!/webapps/static,UNAVAILABLE}
2019-10-23 12:13:54,223 [ForkJoinPool.commonPool-worker-0] INFO  handler.ContextHandler (ContextHandler.java:doStop(910)) - Stopped o.e.j.s.ServletContextHandler@277bf091{/logs,file:///workdir/hadoop-ozone/integration-test/target/log,UNAVAILABLE}
2019-10-23 12:13:54,232 [main] INFO  utils.BackgroundService (BackgroundService.java:shutdown(151)) - Shutting down service BlockDeletingService
2019-10-23 12:13:54,238 [main] INFO  statemachine.DatanodeStateMachine (DatanodeStateMachine.java:stopDaemon(395)) - Ozone container server stopped.
2019-10-23 12:13:54,239 [main] INFO  handler.ContextHandler (ContextHandler.java:doStop(910)) - Stopped o.e.j.w.WebAppContext@2bc378f7{/,null,UNAVAILABLE}{/hddsDatanode}
2019-10-23 12:13:54,240 [main] INFO  server.AbstractConnector (AbstractConnector.java:doStop(318)) - Stopped ServerConnector@268cbb86{HTTP/1.1,[http/1.1]}{0.0.0.0:0}
2019-10-23 12:13:54,240 [main] INFO  handler.ContextHandler (ContextHandler.java:doStop(910)) - Stopped o.e.j.s.ServletContextHandler@12eedfee{/static,jar:file:/home/user/.m2/repository/org/apache/hadoop/hadoop-hdds-container-service/0.5.0-SNAPSHOT/hadoop-hdds-container-service-0.5.0-SNAPSHOT.jar!/webapps/static,UNAVAILABLE}
2019-10-23 12:13:54,242 [main] INFO  handler.ContextHandler (ContextHandler.java:doStop(910)) - Stopped o.e.j.s.ServletContextHandler@58fef7f7{/logs,file:///workdir/hadoop-ozone/integration-test/target/log,UNAVAILABLE}
2019-10-23 12:13:54,244 [main] INFO  ozone.MiniOzoneClusterImpl (MiniOzoneClusterImpl.java:stopSCM(392)) - Stopping the StorageContainerManager
2019-10-23 12:13:54,245 [main] INFO  server.StorageContainerManager (StorageContainerManager.java:stop(810)) - Stopping Replication Manager Service.
2019-10-23 12:13:54,245 [main] INFO  container.ReplicationManager (ReplicationManager.java:stop(203)) - Stopping Replication Monitor Thread.
2019-10-23 12:13:54,245 [main] INFO  server.StorageContainerManager (StorageContainerManager.java:stop(817)) - Stopping Lease Manager of the command watchers
2019-10-23 12:13:54,245 [main] INFO  server.StorageContainerManager (StorageContainerManager.java:stop(824)) - Stopping datanode service RPC server
2019-10-23 12:13:54,246 [main] INFO  server.SCMDatanodeProtocolServer (SCMDatanodeProtocolServer.java:stop(346)) - Stopping the RPC server for DataNodes
2019-10-23 12:13:54,246 [main] INFO  ipc.Server (Server.java:stop(3082)) - Stopping server on 41129
2019-10-23 12:13:54,250 [IPC Server listener on 41129] INFO  ipc.Server (Server.java:run(1185)) - Stopping IPC Server listener on 41129
2019-10-23 12:13:54,253 [IPC Server Responder] INFO  ipc.Server (Server.java:run(1319)) - Stopping IPC Server Responder
2019-10-23 12:13:54,255 [SCM Heartbeat Processing Thread - 0] WARN  node.NodeStateManager (NodeStateManager.java:scheduleNextHealthCheck(646)) - Current Thread is interrupted, shutting down HB processing thread for Node Manager.
2019-10-23 12:13:54,255 [main] INFO  server.StorageContainerManager (StorageContainerManager.java:stop(832)) - Stopping block service RPC server
2019-10-23 12:13:54,255 [main] INFO  server.SCMBlockProtocolServer (SCMBlockProtocolServer.java:stop(155)) - Stopping the RPC server for Block Protocol
2019-10-23 12:13:54,256 [main] INFO  ipc.Server (Server.java:stop(3082)) - Stopping server on 42019
2019-10-23 12:13:54,258 [IPC Server listener on 42019] INFO  ipc.Server (Server.java:run(1185)) - Stopping IPC Server listener on 42019
2019-10-23 12:13:54,258 [main] INFO  server.StorageContainerManager (StorageContainerManager.java:stop(839)) - Stopping the StorageContainerLocationProtocol RPC server
2019-10-23 12:13:54,258 [IPC Server Responder] INFO  ipc.Server (Server.java:run(1319)) - Stopping IPC Server Responder
2019-10-23 12:13:54,258 [main] INFO  server.SCMClientProtocolServer (SCMClientProtocolServer.java:stop(168)) - Stopping the RPC server for Client Protocol
2019-10-23 12:13:54,258 [main] INFO  ipc.Server (Server.java:stop(3082)) - Stopping server on 41317
2019-10-23 12:13:54,262 [IPC Server listener on 41317] INFO  ipc.Server (Server.java:run(1185)) - Stopping IPC Server listener on 41317
2019-10-23 12:13:54,262 [main] INFO  server.StorageContainerManager (StorageContainerManager.java:stop(846)) - Stopping Storage Container Manager HTTP server.
2019-10-23 12:13:54,266 [IPC Server Responder] INFO  ipc.Server (Server.java:run(1319)) - Stopping IPC Server Responder
2019-10-23 12:13:54,275 [main] INFO  handler.ContextHandler (ContextHandler.java:doStop(910)) - Stopped o.e.j.w.WebAppContext@410954b{/,null,UNAVAILABLE}{/scm}
2019-10-23 12:13:54,276 [main] INFO  server.AbstractConnector (AbstractConnector.java:doStop(318)) - Stopped ServerConnector@5f7f2382{HTTP/1.1,[http/1.1]}{0.0.0.0:0}
2019-10-23 12:13:54,277 [main] INFO  handler.ContextHandler (ContextHandler.java:doStop(910)) - Stopped o.e.j.s.ServletContextHandler@340da44c{/static,file:///workdir/hadoop-ozone/integration-test/target/test-classes/webapps/static,UNAVAILABLE}
2019-10-23 12:13:54,280 [main] INFO  handler.ContextHandler (ContextHandler.java:doStop(910)) - Stopped o.e.j.s.ServletContextHandler@180da663{/logs,file:///workdir/hadoop-ozone/integration-test/target/log,UNAVAILABLE}
2019-10-23 12:13:54,282 [main] INFO  server.StorageContainerManager (StorageContainerManager.java:stop(857)) - Stopping Block Manager Service.
2019-10-23 12:13:54,282 [main] INFO  utils.BackgroundService (BackgroundService.java:shutdown(151)) - Shutting down service SCMBlockDeletingService
2019-10-23 12:13:54,282 [main] INFO  utils.BackgroundService (BackgroundService.java:shutdown(151)) - Shutting down service SCMBlockDeletingService
2019-10-23 12:13:54,283 [main] INFO  server.StorageContainerManager (StorageContainerManager.java:stop(879)) - Stopping SCM Event Queue.
2019-10-23 12:13:54,291 [main] INFO  impl.MetricsSystemImpl (MetricsSystemImpl.java:stop(210)) - Stopping XceiverClientMetrics metrics system...
2019-10-23 12:13:54,303 [prometheus] INFO  impl.MetricsSinkAdapter (MetricsSinkAdapter.java:publishMetricsFromQueue(141)) - prometheus thread interrupted.
2019-10-23 12:13:54,303 [main] INFO  impl.MetricsSystemImpl (MetricsSystemImpl.java:stop(216)) - XceiverClientMetrics metrics system stopped.
]]></system-out>
    <system-err><![CDATA[ERROR StatusLogger No Log4j 2 configuration file found. Using default configuration (logging only errors to the console), or user programmatically provided configurations. Set system property 'log4j2.debug' to show Log4j 2 internal initialization logging. See https://logging.apache.org/log4j/2.x/manual/configuration.html for instructions on how to configure Log4j 2
Oct 23, 2019 12:13:44 PM org.apache.ratis.thirdparty.io.grpc.internal.SerializingExecutor run
SEVERE: Exception while executing runnable org.apache.ratis.thirdparty.io.grpc.internal.ClientCallImpl$ClientStreamListenerImpl$1StreamClosed@30e0f1b0
java.lang.NullPointerException
	at org.apache.ratis.grpc.server.GrpcLogAppender$AppendLogResponseHandler.onError(GrpcLogAppender.java:303)
	at org.apache.ratis.thirdparty.io.grpc.stub.ClientCalls$StreamObserverToCallListenerAdapter.onClose(ClientCalls.java:434)
	at org.apache.ratis.thirdparty.io.grpc.PartialForwardingClientCallListener.onClose(PartialForwardingClientCallListener.java:39)
	at org.apache.ratis.thirdparty.io.grpc.ForwardingClientCallListener.onClose(ForwardingClientCallListener.java:23)
	at org.apache.ratis.thirdparty.io.grpc.ForwardingClientCallListener$SimpleForwardingClientCallListener.onClose(ForwardingClientCallListener.java:40)
	at org.apache.ratis.thirdparty.io.grpc.internal.CensusStatsModule$StatsClientInterceptor$1$1.onClose(CensusStatsModule.java:678)
	at org.apache.ratis.thirdparty.io.grpc.PartialForwardingClientCallListener.onClose(PartialForwardingClientCallListener.java:39)
	at org.apache.ratis.thirdparty.io.grpc.ForwardingClientCallListener.onClose(ForwardingClientCallListener.java:23)
	at org.apache.ratis.thirdparty.io.grpc.ForwardingClientCallListener$SimpleForwardingClientCallListener.onClose(ForwardingClientCallListener.java:40)
	at org.apache.ratis.thirdparty.io.grpc.internal.CensusTracingModule$TracingClientInterceptor$1$1.onClose(CensusTracingModule.java:397)
	at org.apache.ratis.thirdparty.io.grpc.internal.ClientCallImpl.closeObserver(ClientCallImpl.java:459)
	at org.apache.ratis.thirdparty.io.grpc.internal.ClientCallImpl.access$300(ClientCallImpl.java:63)
	at org.apache.ratis.thirdparty.io.grpc.internal.ClientCallImpl$ClientStreamListenerImpl.close(ClientCallImpl.java:546)
	at org.apache.ratis.thirdparty.io.grpc.internal.ClientCallImpl$ClientStreamListenerImpl.access$600(ClientCallImpl.java:467)
	at org.apache.ratis.thirdparty.io.grpc.internal.ClientCallImpl$ClientStreamListenerImpl$1StreamClosed.runInContext(ClientCallImpl.java:584)
	at org.apache.ratis.thirdparty.io.grpc.internal.ContextRunnable.run(ContextRunnable.java:37)
	at org.apache.ratis.thirdparty.io.grpc.internal.SerializingExecutor.run(SerializingExecutor.java:123)
	at java.util.concurrent.ThreadPoolExecutor.runWorker(ThreadPoolExecutor.java:1149)
	at java.util.concurrent.ThreadPoolExecutor$Worker.run(ThreadPoolExecutor.java:624)
	at java.lang.Thread.run(Thread.java:748)

Oct 23, 2019 12:13:44 PM org.apache.ratis.thirdparty.io.grpc.internal.SerializingExecutor run
SEVERE: Exception while executing runnable org.apache.ratis.thirdparty.io.grpc.internal.ClientCallImpl$ClientStreamListenerImpl$1StreamClosed@7ba4c01f
java.lang.NullPointerException
	at org.apache.ratis.grpc.server.GrpcLogAppender$AppendLogResponseHandler.onError(GrpcLogAppender.java:303)
	at org.apache.ratis.thirdparty.io.grpc.stub.ClientCalls$StreamObserverToCallListenerAdapter.onClose(ClientCalls.java:434)
	at org.apache.ratis.thirdparty.io.grpc.PartialForwardingClientCallListener.onClose(PartialForwardingClientCallListener.java:39)
	at org.apache.ratis.thirdparty.io.grpc.ForwardingClientCallListener.onClose(ForwardingClientCallListener.java:23)
	at org.apache.ratis.thirdparty.io.grpc.ForwardingClientCallListener$SimpleForwardingClientCallListener.onClose(ForwardingClientCallListener.java:40)
	at org.apache.ratis.thirdparty.io.grpc.internal.CensusStatsModule$StatsClientInterceptor$1$1.onClose(CensusStatsModule.java:678)
	at org.apache.ratis.thirdparty.io.grpc.PartialForwardingClientCallListener.onClose(PartialForwardingClientCallListener.java:39)
	at org.apache.ratis.thirdparty.io.grpc.ForwardingClientCallListener.onClose(ForwardingClientCallListener.java:23)
	at org.apache.ratis.thirdparty.io.grpc.ForwardingClientCallListener$SimpleForwardingClientCallListener.onClose(ForwardingClientCallListener.java:40)
	at org.apache.ratis.thirdparty.io.grpc.internal.CensusTracingModule$TracingClientInterceptor$1$1.onClose(CensusTracingModule.java:397)
	at org.apache.ratis.thirdparty.io.grpc.internal.ClientCallImpl.closeObserver(ClientCallImpl.java:459)
	at org.apache.ratis.thirdparty.io.grpc.internal.ClientCallImpl.access$300(ClientCallImpl.java:63)
	at org.apache.ratis.thirdparty.io.grpc.internal.ClientCallImpl$ClientStreamListenerImpl.close(ClientCallImpl.java:546)
	at org.apache.ratis.thirdparty.io.grpc.internal.ClientCallImpl$ClientStreamListenerImpl.access$600(ClientCallImpl.java:467)
	at org.apache.ratis.thirdparty.io.grpc.internal.ClientCallImpl$ClientStreamListenerImpl$1StreamClosed.runInContext(ClientCallImpl.java:584)
	at org.apache.ratis.thirdparty.io.grpc.internal.ContextRunnable.run(ContextRunnable.java:37)
	at org.apache.ratis.thirdparty.io.grpc.internal.SerializingExecutor.run(SerializingExecutor.java:123)
	at java.util.concurrent.ThreadPoolExecutor.runWorker(ThreadPoolExecutor.java:1149)
	at java.util.concurrent.ThreadPoolExecutor$Worker.run(ThreadPoolExecutor.java:624)
	at java.lang.Thread.run(Thread.java:748)

Oct 23, 2019 12:13:44 PM org.apache.ratis.thirdparty.io.grpc.internal.SerializingExecutor run
SEVERE: Exception while executing runnable org.apache.ratis.thirdparty.io.grpc.internal.ServerImpl$JumpToApplicationThreadServerStreamListener$1Closed@553b906a
org.apache.ratis.thirdparty.io.grpc.StatusRuntimeException: CANCELLED: call already cancelled
	at org.apache.ratis.thirdparty.io.grpc.Status.asRuntimeException(Status.java:517)
	at org.apache.ratis.thirdparty.io.grpc.stub.ServerCalls$ServerCallStreamObserverImpl.onCompleted(ServerCalls.java:356)
	at org.apache.ratis.grpc.server.GrpcServerProtocolService$ServerRequestStreamObserver.onError(GrpcServerProtocolService.java:121)
	at org.apache.ratis.thirdparty.io.grpc.stub.ServerCalls$StreamingServerCallHandler$StreamingServerCallListener.onCancel(ServerCalls.java:269)
	at org.apache.ratis.thirdparty.io.grpc.internal.ServerCallImpl$ServerStreamListenerImpl.closed(ServerCallImpl.java:293)
	at org.apache.ratis.thirdparty.io.grpc.internal.ServerImpl$JumpToApplicationThreadServerStreamListener$1Closed.runInContext(ServerImpl.java:741)
	at org.apache.ratis.thirdparty.io.grpc.internal.ContextRunnable.run(ContextRunnable.java:37)
	at org.apache.ratis.thirdparty.io.grpc.internal.SerializingExecutor.run(SerializingExecutor.java:123)
	at java.util.concurrent.ThreadPoolExecutor.runWorker(ThreadPoolExecutor.java:1149)
	at java.util.concurrent.ThreadPoolExecutor$Worker.run(ThreadPoolExecutor.java:624)
	at java.lang.Thread.run(Thread.java:748)

Oct 23, 2019 12:13:44 PM org.apache.ratis.thirdparty.io.grpc.internal.SerializingExecutor run
SEVERE: Exception while executing runnable org.apache.ratis.thirdparty.io.grpc.internal.ServerImpl$JumpToApplicationThreadServerStreamListener$1Closed@64a79996
org.apache.ratis.thirdparty.io.grpc.StatusRuntimeException: CANCELLED: call already cancelled
	at org.apache.ratis.thirdparty.io.grpc.Status.asRuntimeException(Status.java:517)
	at org.apache.ratis.thirdparty.io.grpc.stub.ServerCalls$ServerCallStreamObserverImpl.onCompleted(ServerCalls.java:356)
	at org.apache.ratis.grpc.server.GrpcServerProtocolService$ServerRequestStreamObserver.onError(GrpcServerProtocolService.java:121)
	at org.apache.ratis.thirdparty.io.grpc.stub.ServerCalls$StreamingServerCallHandler$StreamingServerCallListener.onCancel(ServerCalls.java:269)
	at org.apache.ratis.thirdparty.io.grpc.internal.ServerCallImpl$ServerStreamListenerImpl.closed(ServerCallImpl.java:293)
	at org.apache.ratis.thirdparty.io.grpc.internal.ServerImpl$JumpToApplicationThreadServerStreamListener$1Closed.runInContext(ServerImpl.java:741)
	at org.apache.ratis.thirdparty.io.grpc.internal.ContextRunnable.run(ContextRunnable.java:37)
	at org.apache.ratis.thirdparty.io.grpc.internal.SerializingExecutor.run(SerializingExecutor.java:123)
	at java.util.concurrent.ThreadPoolExecutor.runWorker(ThreadPoolExecutor.java:1149)
	at java.util.concurrent.ThreadPoolExecutor$Worker.run(ThreadPoolExecutor.java:624)
	at java.lang.Thread.run(Thread.java:748)

]]></system-err>
  </testcase>
  <testcase name="testMultiBlockWritesWithDnFailures" classname="org.apache.hadoop.ozone.client.rpc.TestMultiBlockWritesWithDnFailures" time="79.197"/>
</testsuite>