<?xml version="1.0" encoding="UTF-8"?>
<testsuite xmlns:xsi="http://www.w3.org/2001/XMLSchema-instance" xsi:noNamespaceSchemaLocation="https://maven.apache.org/surefire/maven-surefire-plugin/xsd/surefire-test-report.xsd" name="org.apache.hadoop.ozone.scm.TestSCMContainerPlacementPolicyMetrics" time="81.941" tests="1" errors="1" skipped="0" failures="0">
  <properties>
    <property name="awt.toolkit" value="sun.awt.X11.XToolkit"/>
    <property name="file.encoding.pkg" value="sun.io"/>
    <property name="java.specification.version" value="1.8"/>
    <property name="sun.cpu.isalist" value=""/>
    <property name="sun.jnu.encoding" value="ANSI_X3.4-1968"/>
    <property name="java.class.path" value="/workdir/hadoop-ozone/integration-test/target/test-classes:/workdir/hadoop-ozone/integration-test/target/classes:/home/user/.m2/repository/org/apache/hadoop/hadoop-ozone-common/0.5.0-SNAPSHOT/hadoop-ozone-common-0.5.0-SNAPSHOT.jar:/home/user/.m2/repository/org/apache/commons/commons-compress/1.4.1/commons-compress-1.4.1.jar:/home/user/.m2/repository/org/tukaani/xz/1.0/xz-1.0.jar:/home/user/.m2/repository/org/apache/hadoop/hadoop-common/3.2.0/hadoop-common-3.2.0.jar:/home/user/.m2/repository/org/apache/hadoop/hadoop-hdfs/3.2.0/hadoop-hdfs-3.2.0.jar:/home/user/.m2/repository/org/apache/hadoop/hadoop-hdfs-client/3.2.0/hadoop-hdfs-client-3.2.0.jar:/home/user/.m2/repository/com/fasterxml/jackson/core/jackson-annotations/2.9.9/jackson-annotations-2.9.9.jar:/home/user/.m2/repository/org/apache/hadoop/hadoop-hdds-common/0.5.0-SNAPSHOT/hadoop-hdds-common-0.5.0-SNAPSHOT.jar:/home/user/.m2/repository/javax/annotation/javax.annotation-api/1.2/javax.annotation-api-1.2.jar:/home/user/.m2/repository/org/apache/ratis/ratis-server/0.5.0-3f446aa-SNAPSHOT/ratis-server-0.5.0-3f446aa-SNAPSHOT.jar:/home/user/.m2/repository/org/apache/ratis/ratis-thirdparty-misc/0.2.0/ratis-thirdparty-misc-0.2.0.jar:/home/user/.m2/repository/org/apache/ratis/ratis-proto/0.5.0-3f446aa-SNAPSHOT/ratis-proto-0.5.0-3f446aa-SNAPSHOT.jar:/home/user/.m2/repository/org/apache/ratis/ratis-common/0.5.0-3f446aa-SNAPSHOT/ratis-common-0.5.0-3f446aa-SNAPSHOT.jar:/home/user/.m2/repository/org/apache/ratis/ratis-client/0.5.0-3f446aa-SNAPSHOT/ratis-client-0.5.0-3f446aa-SNAPSHOT.jar:/home/user/.m2/repository/org/apache/ratis/ratis-metrics/0.5.0-3f446aa-SNAPSHOT/ratis-metrics-0.5.0-3f446aa-SNAPSHOT.jar:/home/user/.m2/repository/com/github/joshelser/dropwizard-metrics-hadoop-metrics2-reporter/0.1.2/dropwizard-metrics-hadoop-metrics2-reporter-0.1.2.jar:/home/user/.m2/repository/io/dropwizard/metrics/metrics-jvm/3.2.5/metrics-jvm-3.2.5.jar:/home/user/.m2/repository/io/dropwizard/metrics/metrics-ganglia/3.2.5/metrics-ganglia-3.2.5.jar:/home/user/.m2/repository/info/ganglia/gmetric4j/gmetric4j/1.0.7/gmetric4j-1.0.7.jar:/home/user/.m2/repository/org/apache/ratis/ratis-netty/0.5.0-3f446aa-SNAPSHOT/ratis-netty-0.5.0-3f446aa-SNAPSHOT.jar:/home/user/.m2/repository/org/apache/ratis/ratis-grpc/0.5.0-3f446aa-SNAPSHOT/ratis-grpc-0.5.0-3f446aa-SNAPSHOT.jar:/home/user/.m2/repository/org/rocksdb/rocksdbjni/6.0.1/rocksdbjni-6.0.1.jar:/home/user/.m2/repository/org/apache/logging/log4j/log4j-api/2.11.0/log4j-api-2.11.0.jar:/home/user/.m2/repository/org/apache/logging/log4j/log4j-core/2.11.0/log4j-core-2.11.0.jar:/home/user/.m2/repository/com/lmax/disruptor/3.4.2/disruptor-3.4.2.jar:/home/user/.m2/repository/org/apache/commons/commons-pool2/2.6.0/commons-pool2-2.6.0.jar:/home/user/.m2/repository/org/bouncycastle/bcpkix-jdk15on/1.60/bcpkix-jdk15on-1.60.jar:/home/user/.m2/repository/commons-validator/commons-validator/1.6/commons-validator-1.6.jar:/home/user/.m2/repository/commons-digester/commons-digester/1.8.1/commons-digester-1.8.1.jar:/home/user/.m2/repository/io/jaegertracing/jaeger-client/0.34.0/jaeger-client-0.34.0.jar:/home/user/.m2/repository/io/jaegertracing/jaeger-thrift/0.34.0/jaeger-thrift-0.34.0.jar:/home/user/.m2/repository/org/apache/thrift/libthrift/0.12.0/libthrift-0.12.0.jar:/home/user/.m2/repository/com/squareup/okhttp3/okhttp/3.9.0/okhttp-3.9.0.jar:/home/user/.m2/repository/com/squareup/okio/okio/1.13.0/okio-1.13.0.jar:/home/user/.m2/repository/io/jaegertracing/jaeger-core/0.34.0/jaeger-core-0.34.0.jar:/home/user/.m2/repository/io/jaegertracing/jaeger-tracerresolver/0.34.0/jaeger-tracerresolver-0.34.0.jar:/home/user/.m2/repository/io/opentracing/contrib/opentracing-tracerresolver/0.1.5/opentracing-tracerresolver-0.1.5.jar:/home/user/.m2/repository/io/opentracing/opentracing-util/0.31.0/opentracing-util-0.31.0.jar:/home/user/.m2/repository/io/opentracing/opentracing-api/0.31.0/opentracing-api-0.31.0.jar:/home/user/.m2/repository/io/opentracing/opentracing-noop/0.31.0/opentracing-noop-0.31.0.jar:/home/user/.m2/repository/org/apache/hadoop/hadoop-hdds-server-framework/0.5.0-SNAPSHOT/hadoop-hdds-server-framework-0.5.0-SNAPSHOT.jar:/home/user/.m2/repository/org/apache/hadoop/hadoop-hdds-container-service/0.5.0-SNAPSHOT/hadoop-hdds-container-service-0.5.0-SNAPSHOT.jar:/home/user/.m2/repository/org/apache/hadoop/hadoop-hdds-client/0.5.0-SNAPSHOT/hadoop-hdds-client-0.5.0-SNAPSHOT.jar:/home/user/.m2/repository/org/apache/hadoop/hadoop-hdds-tools/0.5.0-SNAPSHOT/hadoop-hdds-tools-0.5.0-SNAPSHOT.jar:/home/user/.m2/repository/org/apache/hadoop/hadoop-hdds-server-scm/0.5.0-SNAPSHOT/hadoop-hdds-server-scm-0.5.0-SNAPSHOT.jar:/home/user/.m2/repository/org/apache/hadoop/hadoop-hdds-docs/0.5.0-SNAPSHOT/hadoop-hdds-docs-0.5.0-SNAPSHOT.jar:/home/user/.m2/repository/io/dropwizard/metrics/metrics-core/3.2.4/metrics-core-3.2.4.jar:/home/user/.m2/repository/org/hamcrest/hamcrest-all/1.3/hamcrest-all-1.3.jar:/home/user/.m2/repository/org/bouncycastle/bcprov-jdk15on/1.60/bcprov-jdk15on-1.60.jar:/home/user/.m2/repository/info/picocli/picocli/3.9.6/picocli-3.9.6.jar:/home/user/.m2/repository/com/google/protobuf/protobuf-java/2.5.0/protobuf-java-2.5.0.jar:/home/user/.m2/repository/com/google/guava/guava/11.0.2/guava-11.0.2.jar:/home/user/.m2/repository/org/apache/hadoop/hadoop-ozone-ozone-manager/0.5.0-SNAPSHOT/hadoop-ozone-ozone-manager-0.5.0-SNAPSHOT.jar:/home/user/.m2/repository/org/apache/hadoop/hadoop-minikdc/3.2.0/hadoop-minikdc-3.2.0.jar:/home/user/.m2/repository/commons-io/commons-io/2.5/commons-io-2.5.jar:/home/user/.m2/repository/org/apache/kerby/kerb-simplekdc/1.0.1/kerb-simplekdc-1.0.1.jar:/home/user/.m2/repository/org/apache/kerby/kerb-client/1.0.1/kerb-client-1.0.1.jar:/home/user/.m2/repository/org/apache/kerby/kerby-config/1.0.1/kerby-config-1.0.1.jar:/home/user/.m2/repository/org/apache/kerby/kerb-core/1.0.1/kerb-core-1.0.1.jar:/home/user/.m2/repository/org/apache/kerby/kerby-pkix/1.0.1/kerby-pkix-1.0.1.jar:/home/user/.m2/repository/org/apache/kerby/kerby-asn1/1.0.1/kerby-asn1-1.0.1.jar:/home/user/.m2/repository/org/apache/kerby/kerby-util/1.0.1/kerby-util-1.0.1.jar:/home/user/.m2/repository/org/apache/kerby/kerb-common/1.0.1/kerb-common-1.0.1.jar:/home/user/.m2/repository/org/apache/kerby/kerb-crypto/1.0.1/kerb-crypto-1.0.1.jar:/home/user/.m2/repository/org/apache/kerby/kerb-util/1.0.1/kerb-util-1.0.1.jar:/home/user/.m2/repository/org/apache/kerby/token-provider/1.0.1/token-provider-1.0.1.jar:/home/user/.m2/repository/org/apache/kerby/kerb-admin/1.0.1/kerb-admin-1.0.1.jar:/home/user/.m2/repository/org/apache/kerby/kerb-server/1.0.1/kerb-server-1.0.1.jar:/home/user/.m2/repository/org/apache/kerby/kerb-identity/1.0.1/kerb-identity-1.0.1.jar:/home/user/.m2/repository/org/apache/kerby/kerby-xdr/1.0.1/kerby-xdr-1.0.1.jar:/home/user/.m2/repository/org/slf4j/slf4j-log4j12/1.7.25/slf4j-log4j12-1.7.25.jar:/home/user/.m2/repository/org/apache/hadoop/hadoop-ozone-s3gateway/0.5.0-SNAPSHOT/hadoop-ozone-s3gateway-0.5.0-SNAPSHOT.jar:/home/user/.m2/repository/org/jboss/weld/servlet/weld-servlet/2.4.7.Final/weld-servlet-2.4.7.Final.jar:/home/user/.m2/repository/org/glassfish/jersey/containers/jersey-container-servlet-core/2.27/jersey-container-servlet-core-2.27.jar:/home/user/.m2/repository/org/glassfish/hk2/external/javax.inject/2.5.0-b42/javax.inject-2.5.0-b42.jar:/home/user/.m2/repository/org/glassfish/jersey/core/jersey-common/2.27/jersey-common-2.27.jar:/home/user/.m2/repository/org/glassfish/hk2/osgi-resource-locator/1.0.1/osgi-resource-locator-1.0.1.jar:/home/user/.m2/repository/javax/ws/rs/javax.ws.rs-api/2.1/javax.ws.rs-api-2.1.jar:/home/user/.m2/repository/org/glassfish/jersey/ext/cdi/jersey-cdi1x/2.27/jersey-cdi1x-2.27.jar:/home/user/.m2/repository/org/glassfish/jersey/inject/jersey-hk2/2.27/jersey-hk2-2.27.jar:/home/user/.m2/repository/org/glassfish/hk2/hk2-locator/2.5.0-b42/hk2-locator-2.5.0-b42.jar:/home/user/.m2/repository/org/javassist/javassist/3.22.0-CR2/javassist-3.22.0-CR2.jar:/home/user/.m2/repository/org/glassfish/hk2/hk2-api/2.5.0/hk2-api-2.5.0.jar:/home/user/.m2/repository/org/glassfish/hk2/external/jakarta.inject/2.5.0/jakarta.inject-2.5.0.jar:/home/user/.m2/repository/org/glassfish/hk2/hk2-utils/2.5.0/hk2-utils-2.5.0.jar:/home/user/.m2/repository/jakarta/annotation/jakarta.annotation-api/1.3.4/jakarta.annotation-api-1.3.4.jar:/home/user/.m2/repository/org/glassfish/hk2/external/aopalliance-repackaged/2.5.0/aopalliance-repackaged-2.5.0.jar:/home/user/.m2/repository/com/fasterxml/jackson/dataformat/jackson-dataformat-xml/2.9.0/jackson-dataformat-xml-2.9.0.jar:/home/user/.m2/repository/com/fasterxml/jackson/core/jackson-core/2.9.9/jackson-core-2.9.9.jar:/home/user/.m2/repository/com/fasterxml/jackson/module/jackson-module-jaxb-annotations/2.9.9/jackson-module-jaxb-annotations-2.9.9.jar:/home/user/.m2/repository/javax/enterprise/cdi-api/1.2/cdi-api-1.2.jar:/home/user/.m2/repository/javax/el/javax.el-api/3.0.0/javax.el-api-3.0.0.jar:/home/user/.m2/repository/javax/interceptor/javax.interceptor-api/1.2/javax.interceptor-api-1.2.jar:/home/user/.m2/repository/javax/inject/javax.inject/1/javax.inject-1.jar:/home/user/.m2/repository/com/sun/xml/bind/jaxb-impl/2.3.0.1/jaxb-impl-2.3.0.1.jar:/home/user/.m2/repository/com/sun/xml/bind/jaxb-core/2.3.0.1/jaxb-core-2.3.0.1.jar:/home/user/.m2/repository/javax/xml/bind/jaxb-api/2.3.0/jaxb-api-2.3.0.jar:/home/user/.m2/repository/javax/activation/activation/1.1.1/activation-1.1.1.jar:/home/user/.m2/repository/org/apache/hadoop/hadoop-ozone-csi/0.5.0-SNAPSHOT/hadoop-ozone-csi-0.5.0-SNAPSHOT.jar:/home/user/.m2/repository/com/google/protobuf/protobuf-java-util/3.5.1/protobuf-java-util-3.5.1.jar:/home/user/.m2/repository/org/apache/hadoop/hadoop-hdds-config/0.5.0-SNAPSHOT/hadoop-hdds-config-0.5.0-SNAPSHOT.jar:/home/user/.m2/repository/io/grpc/grpc-netty/1.17.1/grpc-netty-1.17.1.jar:/home/user/.m2/repository/io/grpc/grpc-core/1.17.1/grpc-core-1.17.1.jar:/home/user/.m2/repository/io/grpc/grpc-context/1.17.1/grpc-context-1.17.1.jar:/home/user/.m2/repository/com/google/errorprone/error_prone_annotations/2.2.0/error_prone_annotations-2.2.0.jar:/home/user/.m2/repository/org/codehaus/mojo/animal-sniffer-annotations/1.17/animal-sniffer-annotations-1.17.jar:/home/user/.m2/repository/io/opencensus/opencensus-api/0.17.0/opencensus-api-0.17.0.jar:/home/user/.m2/repository/io/opencensus/opencensus-contrib-grpc-metrics/0.17.0/opencensus-contrib-grpc-metrics-0.17.0.jar:/home/user/.m2/repository/io/netty/netty-codec-http2/4.1.30.Final/netty-codec-http2-4.1.30.Final.jar:/home/user/.m2/repository/io/netty/netty-codec-http/4.1.30.Final/netty-codec-http-4.1.30.Final.jar:/home/user/.m2/repository/io/netty/netty-codec/4.1.30.Final/netty-codec-4.1.30.Final.jar:/home/user/.m2/repository/io/netty/netty-handler/4.1.30.Final/netty-handler-4.1.30.Final.jar:/home/user/.m2/repository/io/netty/netty-handler-proxy/4.1.30.Final/netty-handler-proxy-4.1.30.Final.jar:/home/user/.m2/repository/io/netty/netty-codec-socks/4.1.30.Final/netty-codec-socks-4.1.30.Final.jar:/home/user/.m2/repository/io/netty/netty-transport-native-epoll/4.1.30.Final/netty-transport-native-epoll-4.1.30.Final.jar:/home/user/.m2/repository/io/netty/netty-common/4.1.30.Final/netty-common-4.1.30.Final.jar:/home/user/.m2/repository/io/netty/netty-buffer/4.1.30.Final/netty-buffer-4.1.30.Final.jar:/home/user/.m2/repository/io/netty/netty-transport/4.1.30.Final/netty-transport-4.1.30.Final.jar:/home/user/.m2/repository/io/netty/netty-resolver/4.1.30.Final/netty-resolver-4.1.30.Final.jar:/home/user/.m2/repository/io/netty/netty-transport-native-unix-common/4.1.30.Final/netty-transport-native-unix-common-4.1.30.Final.jar:/home/user/.m2/repository/io/grpc/grpc-protobuf/1.17.1/grpc-protobuf-1.17.1.jar:/home/user/.m2/repository/com/google/api/grpc/proto-google-common-protos/1.0.0/proto-google-common-protos-1.0.0.jar:/home/user/.m2/repository/io/grpc/grpc-protobuf-lite/1.17.1/grpc-protobuf-lite-1.17.1.jar:/home/user/.m2/repository/io/grpc/grpc-stub/1.17.1/grpc-stub-1.17.1.jar:/home/user/.m2/repository/org/apache/hadoop/hadoop-ozone-recon/0.5.0-SNAPSHOT/hadoop-ozone-recon-0.5.0-SNAPSHOT.jar:/home/user/.m2/repository/org/apache/hadoop/hadoop-ozone-reconcodegen/0.5.0-SNAPSHOT/hadoop-ozone-reconcodegen-0.5.0-SNAPSHOT.jar:/home/user/.m2/repository/com/google/inject/extensions/guice-multibindings/4.0/guice-multibindings-4.0.jar:/home/user/.m2/repository/com/google/inject/guice/4.0/guice-4.0.jar:/home/user/.m2/repository/aopalliance/aopalliance/1.0/aopalliance-1.0.jar:/home/user/.m2/repository/com/google/inject/extensions/guice-servlet/4.0/guice-servlet-4.0.jar:/home/user/.m2/repository/org/glassfish/jersey/containers/jersey-container-servlet/2.27/jersey-container-servlet-2.27.jar:/home/user/.m2/repository/org/glassfish/hk2/guice-bridge/2.5.0/guice-bridge-2.5.0.jar:/home/user/.m2/repository/org/glassfish/jersey/core/jersey-server/2.27/jersey-server-2.27.jar:/home/user/.m2/repository/org/glassfish/jersey/core/jersey-client/2.27/jersey-client-2.27.jar:/home/user/.m2/repository/org/glassfish/jersey/media/jersey-media-jaxb/2.27/jersey-media-jaxb-2.27.jar:/home/user/.m2/repository/javax/validation/validation-api/1.1.0.Final/validation-api-1.1.0.Final.jar:/home/user/.m2/repository/org/glassfish/jersey/media/jersey-media-json-jackson/2.27/jersey-media-json-jackson-2.27.jar:/home/user/.m2/repository/org/glassfish/jersey/ext/jersey-entity-filtering/2.27/jersey-entity-filtering-2.27.jar:/home/user/.m2/repository/com/google/inject/extensions/guice-assistedinject/4.0/guice-assistedinject-4.0.jar:/home/user/.m2/repository/org/jooq/jooq/3.11.10/jooq-3.11.10.jar:/home/user/.m2/repository/org/jooq/jooq-meta/3.11.10/jooq-meta-3.11.10.jar:/home/user/.m2/repository/org/jooq/jooq-codegen/3.11.10/jooq-codegen-3.11.10.jar:/home/user/.m2/repository/com/jolbox/bonecp/0.8.0.RELEASE/bonecp-0.8.0.RELEASE.jar:/home/user/.m2/repository/org/xerial/sqlite-jdbc/3.25.2/sqlite-jdbc-3.25.2.jar:/home/user/.m2/repository/org/springframework/spring-jdbc/5.1.3.RELEASE/spring-jdbc-5.1.3.RELEASE.jar:/home/user/.m2/repository/org/springframework/spring-beans/5.1.3.RELEASE/spring-beans-5.1.3.RELEASE.jar:/home/user/.m2/repository/org/springframework/spring-core/5.1.3.RELEASE/spring-core-5.1.3.RELEASE.jar:/home/user/.m2/repository/org/springframework/spring-jcl/5.1.3.RELEASE/spring-jcl-5.1.3.RELEASE.jar:/home/user/.m2/repository/org/springframework/spring-tx/5.1.3.RELEASE/spring-tx-5.1.3.RELEASE.jar:/home/user/.m2/repository/org/apache/hadoop/hadoop-ozone-client/0.5.0-SNAPSHOT/hadoop-ozone-client-0.5.0-SNAPSHOT.jar:/home/user/.m2/repository/commons-lang/commons-lang/2.6/commons-lang-2.6.jar:/home/user/.m2/repository/org/apache/hadoop/hadoop-ozone-ozone-manager/0.5.0-SNAPSHOT/hadoop-ozone-ozone-manager-0.5.0-SNAPSHOT-tests.jar:/home/user/.m2/repository/junit/junit/4.11/junit-4.11.jar:/home/user/.m2/repository/org/hamcrest/hamcrest-core/1.3/hamcrest-core-1.3.jar:/home/user/.m2/repository/org/openjdk/jmh/jmh-core/1.19/jmh-core-1.19.jar:/home/user/.m2/repository/net/sf/jopt-simple/jopt-simple/4.6/jopt-simple-4.6.jar:/home/user/.m2/repository/org/apache/commons/commons-math3/3.1.1/commons-math3-3.1.1.jar:/home/user/.m2/repository/org/openjdk/jmh/jmh-generator-annprocess/1.19/jmh-generator-annprocess-1.19.jar:/home/user/.m2/repository/org/mockito/mockito-all/1.8.5/mockito-all-1.8.5.jar:/home/user/.m2/repository/org/apache/hadoop/hadoop-kms/3.2.0/hadoop-kms-3.2.0.jar:/home/user/.m2/repository/org/apache/hadoop/hadoop-auth/3.2.0/hadoop-auth-3.2.0.jar:/home/user/.m2/repository/com/nimbusds/nimbus-jose-jwt/4.41.1/nimbus-jose-jwt-4.41.1.jar:/home/user/.m2/repository/com/github/stephenc/jcip/jcip-annotations/1.0-1/jcip-annotations-1.0-1.jar:/home/user/.m2/repository/net/minidev/json-smart/2.3/json-smart-2.3.jar:/home/user/.m2/repository/net/minidev/accessors-smart/1.2/accessors-smart-1.2.jar:/home/user/.m2/repository/org/ow2/asm/asm/5.0.4/asm-5.0.4.jar:/home/user/.m2/repository/org/apache/curator/curator-framework/2.12.0/curator-framework-2.12.0.jar:/home/user/.m2/repository/com/sun/jersey/jersey-core/1.19/jersey-core-1.19.jar:/home/user/.m2/repository/javax/ws/rs/jsr311-api/1.1.1/jsr311-api-1.1.1.jar:/home/user/.m2/repository/com/sun/jersey/jersey-server/1.19/jersey-server-1.19.jar:/home/user/.m2/repository/javax/servlet/javax.servlet-api/3.1.0/javax.servlet-api-3.1.0.jar:/home/user/.m2/repository/org/eclipse/jetty/jetty-server/9.3.25.v20180904/jetty-server-9.3.25.v20180904.jar:/home/user/.m2/repository/org/eclipse/jetty/jetty-http/9.3.25.v20180904/jetty-http-9.3.25.v20180904.jar:/home/user/.m2/repository/org/eclipse/jetty/jetty-io/9.3.25.v20180904/jetty-io-9.3.25.v20180904.jar:/home/user/.m2/repository/org/eclipse/jetty/jetty-webapp/9.3.25.v20180904/jetty-webapp-9.3.25.v20180904.jar:/home/user/.m2/repository/org/eclipse/jetty/jetty-xml/9.3.25.v20180904/jetty-xml-9.3.25.v20180904.jar:/home/user/.m2/repository/log4j/log4j/1.2.17/log4j-1.2.17.jar:/home/user/.m2/repository/org/slf4j/slf4j-api/1.7.25/slf4j-api-1.7.25.jar:/home/user/.m2/repository/org/slf4j/jul-to-slf4j/1.7.25/jul-to-slf4j-1.7.25.jar:/home/user/.m2/repository/org/eclipse/jetty/jetty-util/9.3.25.v20180904/jetty-util-9.3.25.v20180904.jar:/home/user/.m2/repository/com/fasterxml/jackson/core/jackson-databind/2.9.9/jackson-databind-2.9.9.jar:/home/user/.m2/repository/org/apache/hadoop/hadoop-kms/3.2.0/hadoop-kms-3.2.0-tests.jar:/home/user/.m2/repository/org/apache/hadoop/hadoop-hdds-server-scm/0.5.0-SNAPSHOT/hadoop-hdds-server-scm-0.5.0-SNAPSHOT-tests.jar:/home/user/.m2/repository/org/apache/hadoop/hadoop-hdds-container-service/0.5.0-SNAPSHOT/hadoop-hdds-container-service-0.5.0-SNAPSHOT-tests.jar:/home/user/.m2/repository/org/yaml/snakeyaml/1.16/snakeyaml-1.16.jar:/home/user/.m2/repository/org/apache/hadoop/hadoop-common/3.2.0/hadoop-common-3.2.0-tests.jar:/home/user/.m2/repository/org/apache/hadoop/hadoop-annotations/3.2.0/hadoop-annotations-3.2.0.jar:/usr/lib/jvm/java-1.8.0-openjdk-1.8.0.222.b10-1.el7_7.x86_64/jre/../lib/tools.jar:/home/user/.m2/repository/commons-cli/commons-cli/1.2/commons-cli-1.2.jar:/home/user/.m2/repository/org/apache/httpcomponents/httpclient/4.5.2/httpclient-4.5.2.jar:/home/user/.m2/repository/org/apache/httpcomponents/httpcore/4.4.4/httpcore-4.4.4.jar:/home/user/.m2/repository/commons-codec/commons-codec/1.11/commons-codec-1.11.jar:/home/user/.m2/repository/commons-net/commons-net/3.6/commons-net-3.6.jar:/home/user/.m2/repository/commons-collections/commons-collections/3.2.2/commons-collections-3.2.2.jar:/home/user/.m2/repository/org/eclipse/jetty/jetty-servlet/9.3.25.v20180904/jetty-servlet-9.3.25.v20180904.jar:/home/user/.m2/repository/org/eclipse/jetty/jetty-security/9.3.25.v20180904/jetty-security-9.3.25.v20180904.jar:/home/user/.m2/repository/javax/servlet/jsp/jsp-api/2.1/jsp-api-2.1.jar:/home/user/.m2/repository/com/sun/jersey/jersey-servlet/1.19/jersey-servlet-1.19.jar:/home/user/.m2/repository/com/sun/jersey/jersey-json/1.19/jersey-json-1.19.jar:/home/user/.m2/repository/org/codehaus/jettison/jettison/1.1/jettison-1.1.jar:/home/user/.m2/repository/org/codehaus/jackson/jackson-core-asl/1.9.13/jackson-core-asl-1.9.13.jar:/home/user/.m2/repository/org/codehaus/jackson/jackson-mapper-asl/1.9.13/jackson-mapper-asl-1.9.13.jar:/home/user/.m2/repository/org/codehaus/jackson/jackson-jaxrs/1.9.13/jackson-jaxrs-1.9.13.jar:/home/user/.m2/repository/org/codehaus/jackson/jackson-xc/1.9.13/jackson-xc-1.9.13.jar:/home/user/.m2/repository/commons-logging/commons-logging/1.1.3/commons-logging-1.1.3.jar:/home/user/.m2/repository/commons-beanutils/commons-beanutils/1.9.4/commons-beanutils-1.9.4.jar:/home/user/.m2/repository/org/apache/commons/commons-configuration2/2.1.1/commons-configuration2-2.1.1.jar:/home/user/.m2/repository/org/apache/commons/commons-lang3/3.7/commons-lang3-3.7.jar:/home/user/.m2/repository/org/apache/commons/commons-text/1.4/commons-text-1.4.jar:/home/user/.m2/repository/org/apache/avro/avro/1.7.7/avro-1.7.7.jar:/home/user/.m2/repository/com/thoughtworks/paranamer/paranamer/2.3/paranamer-2.3.jar:/home/user/.m2/repository/org/xerial/snappy/snappy-java/1.0.5/snappy-java-1.0.5.jar:/home/user/.m2/repository/com/google/re2j/re2j/1.1/re2j-1.1.jar:/home/user/.m2/repository/com/google/code/gson/gson/2.2.4/gson-2.2.4.jar:/home/user/.m2/repository/com/jcraft/jsch/0.1.54/jsch-0.1.54.jar:/home/user/.m2/repository/org/apache/curator/curator-client/2.12.0/curator-client-2.12.0.jar:/home/user/.m2/repository/org/apache/curator/curator-recipes/2.12.0/curator-recipes-2.12.0.jar:/home/user/.m2/repository/com/google/code/findbugs/jsr305/3.0.0/jsr305-3.0.0.jar:/home/user/.m2/repository/org/apache/htrace/htrace-core4/4.1.0-incubating/htrace-core4-4.1.0-incubating.jar:/home/user/.m2/repository/org/apache/zookeeper/zookeeper/3.4.13/zookeeper-3.4.13.jar:/home/user/.m2/repository/jline/jline/0.9.94/jline-0.9.94.jar:/home/user/.m2/repository/org/apache/yetus/audience-annotations/0.5.0/audience-annotations-0.5.0.jar:/home/user/.m2/repository/org/codehaus/woodstox/stax2-api/3.1.4/stax2-api-3.1.4.jar:/home/user/.m2/repository/com/fasterxml/woodstox/woodstox-core/5.0.3/woodstox-core-5.0.3.jar:/home/user/.m2/repository/dnsjava/dnsjava/2.1.7/dnsjava-2.1.7.jar:/home/user/.m2/repository/org/apache/hadoop/hadoop-hdfs/3.2.0/hadoop-hdfs-3.2.0-tests.jar:/home/user/.m2/repository/org/eclipse/jetty/jetty-util-ajax/9.3.25.v20180904/jetty-util-ajax-9.3.25.v20180904.jar:/home/user/.m2/repository/commons-daemon/commons-daemon/1.0.13/commons-daemon-1.0.13.jar:/home/user/.m2/repository/io/netty/netty/3.10.5.Final/netty-3.10.5.Final.jar:/home/user/.m2/repository/io/netty/netty-all/4.0.52.Final/netty-all-4.0.52.Final.jar:/home/user/.m2/repository/org/fusesource/leveldbjni/leveldbjni-all/1.8/leveldbjni-all-1.8.jar:"/>
    <property name="java.vm.vendor" value="Oracle Corporation"/>
    <property name="sun.arch.data.model" value="64"/>
    <property name="test.build.dir" value="/workdir/hadoop-ozone/integration-test/target/test-dir"/>
    <property name="test.cache.data" value=""/>
    <property name="java.vendor.url" value="http://java.oracle.com/"/>
    <property name="user.timezone" value=""/>
    <property name="java.vm.specification.version" value="1.8"/>
    <property name="os.name" value="Linux"/>
    <property name="test.build.data" value="/workdir/hadoop-ozone/integration-test/target/test-dir"/>
    <property name="user.country" value="US"/>
    <property name="sun.java.launcher" value="SUN_STANDARD"/>
    <property name="sun.boot.library.path" value="/usr/lib/jvm/java-1.8.0-openjdk-1.8.0.222.b10-1.el7_7.x86_64/jre/lib/amd64"/>
    <property name="sun.java.command" value="/workdir/hadoop-ozone/integration-test/target/surefire/surefirebooter1337304760332792459.jar /workdir/hadoop-ozone/integration-test/target/surefire 2019-10-23T11-46-49_845-jvmRun1 surefire2227662429465469728tmp surefire_363540040853741345687tmp"/>
    <property name="surefire.test.class.path" value="/workdir/hadoop-ozone/integration-test/target/test-classes:/workdir/hadoop-ozone/integration-test/target/classes:/home/user/.m2/repository/org/apache/hadoop/hadoop-ozone-common/0.5.0-SNAPSHOT/hadoop-ozone-common-0.5.0-SNAPSHOT.jar:/home/user/.m2/repository/org/apache/commons/commons-compress/1.4.1/commons-compress-1.4.1.jar:/home/user/.m2/repository/org/tukaani/xz/1.0/xz-1.0.jar:/home/user/.m2/repository/org/apache/hadoop/hadoop-common/3.2.0/hadoop-common-3.2.0.jar:/home/user/.m2/repository/org/apache/hadoop/hadoop-hdfs/3.2.0/hadoop-hdfs-3.2.0.jar:/home/user/.m2/repository/org/apache/hadoop/hadoop-hdfs-client/3.2.0/hadoop-hdfs-client-3.2.0.jar:/home/user/.m2/repository/com/fasterxml/jackson/core/jackson-annotations/2.9.9/jackson-annotations-2.9.9.jar:/home/user/.m2/repository/org/apache/hadoop/hadoop-hdds-common/0.5.0-SNAPSHOT/hadoop-hdds-common-0.5.0-SNAPSHOT.jar:/home/user/.m2/repository/javax/annotation/javax.annotation-api/1.2/javax.annotation-api-1.2.jar:/home/user/.m2/repository/org/apache/ratis/ratis-server/0.5.0-3f446aa-SNAPSHOT/ratis-server-0.5.0-3f446aa-SNAPSHOT.jar:/home/user/.m2/repository/org/apache/ratis/ratis-thirdparty-misc/0.2.0/ratis-thirdparty-misc-0.2.0.jar:/home/user/.m2/repository/org/apache/ratis/ratis-proto/0.5.0-3f446aa-SNAPSHOT/ratis-proto-0.5.0-3f446aa-SNAPSHOT.jar:/home/user/.m2/repository/org/apache/ratis/ratis-common/0.5.0-3f446aa-SNAPSHOT/ratis-common-0.5.0-3f446aa-SNAPSHOT.jar:/home/user/.m2/repository/org/apache/ratis/ratis-client/0.5.0-3f446aa-SNAPSHOT/ratis-client-0.5.0-3f446aa-SNAPSHOT.jar:/home/user/.m2/repository/org/apache/ratis/ratis-metrics/0.5.0-3f446aa-SNAPSHOT/ratis-metrics-0.5.0-3f446aa-SNAPSHOT.jar:/home/user/.m2/repository/com/github/joshelser/dropwizard-metrics-hadoop-metrics2-reporter/0.1.2/dropwizard-metrics-hadoop-metrics2-reporter-0.1.2.jar:/home/user/.m2/repository/io/dropwizard/metrics/metrics-jvm/3.2.5/metrics-jvm-3.2.5.jar:/home/user/.m2/repository/io/dropwizard/metrics/metrics-ganglia/3.2.5/metrics-ganglia-3.2.5.jar:/home/user/.m2/repository/info/ganglia/gmetric4j/gmetric4j/1.0.7/gmetric4j-1.0.7.jar:/home/user/.m2/repository/org/apache/ratis/ratis-netty/0.5.0-3f446aa-SNAPSHOT/ratis-netty-0.5.0-3f446aa-SNAPSHOT.jar:/home/user/.m2/repository/org/apache/ratis/ratis-grpc/0.5.0-3f446aa-SNAPSHOT/ratis-grpc-0.5.0-3f446aa-SNAPSHOT.jar:/home/user/.m2/repository/org/rocksdb/rocksdbjni/6.0.1/rocksdbjni-6.0.1.jar:/home/user/.m2/repository/org/apache/logging/log4j/log4j-api/2.11.0/log4j-api-2.11.0.jar:/home/user/.m2/repository/org/apache/logging/log4j/log4j-core/2.11.0/log4j-core-2.11.0.jar:/home/user/.m2/repository/com/lmax/disruptor/3.4.2/disruptor-3.4.2.jar:/home/user/.m2/repository/org/apache/commons/commons-pool2/2.6.0/commons-pool2-2.6.0.jar:/home/user/.m2/repository/org/bouncycastle/bcpkix-jdk15on/1.60/bcpkix-jdk15on-1.60.jar:/home/user/.m2/repository/commons-validator/commons-validator/1.6/commons-validator-1.6.jar:/home/user/.m2/repository/commons-digester/commons-digester/1.8.1/commons-digester-1.8.1.jar:/home/user/.m2/repository/io/jaegertracing/jaeger-client/0.34.0/jaeger-client-0.34.0.jar:/home/user/.m2/repository/io/jaegertracing/jaeger-thrift/0.34.0/jaeger-thrift-0.34.0.jar:/home/user/.m2/repository/org/apache/thrift/libthrift/0.12.0/libthrift-0.12.0.jar:/home/user/.m2/repository/com/squareup/okhttp3/okhttp/3.9.0/okhttp-3.9.0.jar:/home/user/.m2/repository/com/squareup/okio/okio/1.13.0/okio-1.13.0.jar:/home/user/.m2/repository/io/jaegertracing/jaeger-core/0.34.0/jaeger-core-0.34.0.jar:/home/user/.m2/repository/io/jaegertracing/jaeger-tracerresolver/0.34.0/jaeger-tracerresolver-0.34.0.jar:/home/user/.m2/repository/io/opentracing/contrib/opentracing-tracerresolver/0.1.5/opentracing-tracerresolver-0.1.5.jar:/home/user/.m2/repository/io/opentracing/opentracing-util/0.31.0/opentracing-util-0.31.0.jar:/home/user/.m2/repository/io/opentracing/opentracing-api/0.31.0/opentracing-api-0.31.0.jar:/home/user/.m2/repository/io/opentracing/opentracing-noop/0.31.0/opentracing-noop-0.31.0.jar:/home/user/.m2/repository/org/apache/hadoop/hadoop-hdds-server-framework/0.5.0-SNAPSHOT/hadoop-hdds-server-framework-0.5.0-SNAPSHOT.jar:/home/user/.m2/repository/org/apache/hadoop/hadoop-hdds-container-service/0.5.0-SNAPSHOT/hadoop-hdds-container-service-0.5.0-SNAPSHOT.jar:/home/user/.m2/repository/org/apache/hadoop/hadoop-hdds-client/0.5.0-SNAPSHOT/hadoop-hdds-client-0.5.0-SNAPSHOT.jar:/home/user/.m2/repository/org/apache/hadoop/hadoop-hdds-tools/0.5.0-SNAPSHOT/hadoop-hdds-tools-0.5.0-SNAPSHOT.jar:/home/user/.m2/repository/org/apache/hadoop/hadoop-hdds-server-scm/0.5.0-SNAPSHOT/hadoop-hdds-server-scm-0.5.0-SNAPSHOT.jar:/home/user/.m2/repository/org/apache/hadoop/hadoop-hdds-docs/0.5.0-SNAPSHOT/hadoop-hdds-docs-0.5.0-SNAPSHOT.jar:/home/user/.m2/repository/io/dropwizard/metrics/metrics-core/3.2.4/metrics-core-3.2.4.jar:/home/user/.m2/repository/org/hamcrest/hamcrest-all/1.3/hamcrest-all-1.3.jar:/home/user/.m2/repository/org/bouncycastle/bcprov-jdk15on/1.60/bcprov-jdk15on-1.60.jar:/home/user/.m2/repository/info/picocli/picocli/3.9.6/picocli-3.9.6.jar:/home/user/.m2/repository/com/google/protobuf/protobuf-java/2.5.0/protobuf-java-2.5.0.jar:/home/user/.m2/repository/com/google/guava/guava/11.0.2/guava-11.0.2.jar:/home/user/.m2/repository/org/apache/hadoop/hadoop-ozone-ozone-manager/0.5.0-SNAPSHOT/hadoop-ozone-ozone-manager-0.5.0-SNAPSHOT.jar:/home/user/.m2/repository/org/apache/hadoop/hadoop-minikdc/3.2.0/hadoop-minikdc-3.2.0.jar:/home/user/.m2/repository/commons-io/commons-io/2.5/commons-io-2.5.jar:/home/user/.m2/repository/org/apache/kerby/kerb-simplekdc/1.0.1/kerb-simplekdc-1.0.1.jar:/home/user/.m2/repository/org/apache/kerby/kerb-client/1.0.1/kerb-client-1.0.1.jar:/home/user/.m2/repository/org/apache/kerby/kerby-config/1.0.1/kerby-config-1.0.1.jar:/home/user/.m2/repository/org/apache/kerby/kerb-core/1.0.1/kerb-core-1.0.1.jar:/home/user/.m2/repository/org/apache/kerby/kerby-pkix/1.0.1/kerby-pkix-1.0.1.jar:/home/user/.m2/repository/org/apache/kerby/kerby-asn1/1.0.1/kerby-asn1-1.0.1.jar:/home/user/.m2/repository/org/apache/kerby/kerby-util/1.0.1/kerby-util-1.0.1.jar:/home/user/.m2/repository/org/apache/kerby/kerb-common/1.0.1/kerb-common-1.0.1.jar:/home/user/.m2/repository/org/apache/kerby/kerb-crypto/1.0.1/kerb-crypto-1.0.1.jar:/home/user/.m2/repository/org/apache/kerby/kerb-util/1.0.1/kerb-util-1.0.1.jar:/home/user/.m2/repository/org/apache/kerby/token-provider/1.0.1/token-provider-1.0.1.jar:/home/user/.m2/repository/org/apache/kerby/kerb-admin/1.0.1/kerb-admin-1.0.1.jar:/home/user/.m2/repository/org/apache/kerby/kerb-server/1.0.1/kerb-server-1.0.1.jar:/home/user/.m2/repository/org/apache/kerby/kerb-identity/1.0.1/kerb-identity-1.0.1.jar:/home/user/.m2/repository/org/apache/kerby/kerby-xdr/1.0.1/kerby-xdr-1.0.1.jar:/home/user/.m2/repository/org/slf4j/slf4j-log4j12/1.7.25/slf4j-log4j12-1.7.25.jar:/home/user/.m2/repository/org/apache/hadoop/hadoop-ozone-s3gateway/0.5.0-SNAPSHOT/hadoop-ozone-s3gateway-0.5.0-SNAPSHOT.jar:/home/user/.m2/repository/org/jboss/weld/servlet/weld-servlet/2.4.7.Final/weld-servlet-2.4.7.Final.jar:/home/user/.m2/repository/org/glassfish/jersey/containers/jersey-container-servlet-core/2.27/jersey-container-servlet-core-2.27.jar:/home/user/.m2/repository/org/glassfish/hk2/external/javax.inject/2.5.0-b42/javax.inject-2.5.0-b42.jar:/home/user/.m2/repository/org/glassfish/jersey/core/jersey-common/2.27/jersey-common-2.27.jar:/home/user/.m2/repository/org/glassfish/hk2/osgi-resource-locator/1.0.1/osgi-resource-locator-1.0.1.jar:/home/user/.m2/repository/javax/ws/rs/javax.ws.rs-api/2.1/javax.ws.rs-api-2.1.jar:/home/user/.m2/repository/org/glassfish/jersey/ext/cdi/jersey-cdi1x/2.27/jersey-cdi1x-2.27.jar:/home/user/.m2/repository/org/glassfish/jersey/inject/jersey-hk2/2.27/jersey-hk2-2.27.jar:/home/user/.m2/repository/org/glassfish/hk2/hk2-locator/2.5.0-b42/hk2-locator-2.5.0-b42.jar:/home/user/.m2/repository/org/javassist/javassist/3.22.0-CR2/javassist-3.22.0-CR2.jar:/home/user/.m2/repository/org/glassfish/hk2/hk2-api/2.5.0/hk2-api-2.5.0.jar:/home/user/.m2/repository/org/glassfish/hk2/external/jakarta.inject/2.5.0/jakarta.inject-2.5.0.jar:/home/user/.m2/repository/org/glassfish/hk2/hk2-utils/2.5.0/hk2-utils-2.5.0.jar:/home/user/.m2/repository/jakarta/annotation/jakarta.annotation-api/1.3.4/jakarta.annotation-api-1.3.4.jar:/home/user/.m2/repository/org/glassfish/hk2/external/aopalliance-repackaged/2.5.0/aopalliance-repackaged-2.5.0.jar:/home/user/.m2/repository/com/fasterxml/jackson/dataformat/jackson-dataformat-xml/2.9.0/jackson-dataformat-xml-2.9.0.jar:/home/user/.m2/repository/com/fasterxml/jackson/core/jackson-core/2.9.9/jackson-core-2.9.9.jar:/home/user/.m2/repository/com/fasterxml/jackson/module/jackson-module-jaxb-annotations/2.9.9/jackson-module-jaxb-annotations-2.9.9.jar:/home/user/.m2/repository/javax/enterprise/cdi-api/1.2/cdi-api-1.2.jar:/home/user/.m2/repository/javax/el/javax.el-api/3.0.0/javax.el-api-3.0.0.jar:/home/user/.m2/repository/javax/interceptor/javax.interceptor-api/1.2/javax.interceptor-api-1.2.jar:/home/user/.m2/repository/javax/inject/javax.inject/1/javax.inject-1.jar:/home/user/.m2/repository/com/sun/xml/bind/jaxb-impl/2.3.0.1/jaxb-impl-2.3.0.1.jar:/home/user/.m2/repository/com/sun/xml/bind/jaxb-core/2.3.0.1/jaxb-core-2.3.0.1.jar:/home/user/.m2/repository/javax/xml/bind/jaxb-api/2.3.0/jaxb-api-2.3.0.jar:/home/user/.m2/repository/javax/activation/activation/1.1.1/activation-1.1.1.jar:/home/user/.m2/repository/org/apache/hadoop/hadoop-ozone-csi/0.5.0-SNAPSHOT/hadoop-ozone-csi-0.5.0-SNAPSHOT.jar:/home/user/.m2/repository/com/google/protobuf/protobuf-java-util/3.5.1/protobuf-java-util-3.5.1.jar:/home/user/.m2/repository/org/apache/hadoop/hadoop-hdds-config/0.5.0-SNAPSHOT/hadoop-hdds-config-0.5.0-SNAPSHOT.jar:/home/user/.m2/repository/io/grpc/grpc-netty/1.17.1/grpc-netty-1.17.1.jar:/home/user/.m2/repository/io/grpc/grpc-core/1.17.1/grpc-core-1.17.1.jar:/home/user/.m2/repository/io/grpc/grpc-context/1.17.1/grpc-context-1.17.1.jar:/home/user/.m2/repository/com/google/errorprone/error_prone_annotations/2.2.0/error_prone_annotations-2.2.0.jar:/home/user/.m2/repository/org/codehaus/mojo/animal-sniffer-annotations/1.17/animal-sniffer-annotations-1.17.jar:/home/user/.m2/repository/io/opencensus/opencensus-api/0.17.0/opencensus-api-0.17.0.jar:/home/user/.m2/repository/io/opencensus/opencensus-contrib-grpc-metrics/0.17.0/opencensus-contrib-grpc-metrics-0.17.0.jar:/home/user/.m2/repository/io/netty/netty-codec-http2/4.1.30.Final/netty-codec-http2-4.1.30.Final.jar:/home/user/.m2/repository/io/netty/netty-codec-http/4.1.30.Final/netty-codec-http-4.1.30.Final.jar:/home/user/.m2/repository/io/netty/netty-codec/4.1.30.Final/netty-codec-4.1.30.Final.jar:/home/user/.m2/repository/io/netty/netty-handler/4.1.30.Final/netty-handler-4.1.30.Final.jar:/home/user/.m2/repository/io/netty/netty-handler-proxy/4.1.30.Final/netty-handler-proxy-4.1.30.Final.jar:/home/user/.m2/repository/io/netty/netty-codec-socks/4.1.30.Final/netty-codec-socks-4.1.30.Final.jar:/home/user/.m2/repository/io/netty/netty-transport-native-epoll/4.1.30.Final/netty-transport-native-epoll-4.1.30.Final.jar:/home/user/.m2/repository/io/netty/netty-common/4.1.30.Final/netty-common-4.1.30.Final.jar:/home/user/.m2/repository/io/netty/netty-buffer/4.1.30.Final/netty-buffer-4.1.30.Final.jar:/home/user/.m2/repository/io/netty/netty-transport/4.1.30.Final/netty-transport-4.1.30.Final.jar:/home/user/.m2/repository/io/netty/netty-resolver/4.1.30.Final/netty-resolver-4.1.30.Final.jar:/home/user/.m2/repository/io/netty/netty-transport-native-unix-common/4.1.30.Final/netty-transport-native-unix-common-4.1.30.Final.jar:/home/user/.m2/repository/io/grpc/grpc-protobuf/1.17.1/grpc-protobuf-1.17.1.jar:/home/user/.m2/repository/com/google/api/grpc/proto-google-common-protos/1.0.0/proto-google-common-protos-1.0.0.jar:/home/user/.m2/repository/io/grpc/grpc-protobuf-lite/1.17.1/grpc-protobuf-lite-1.17.1.jar:/home/user/.m2/repository/io/grpc/grpc-stub/1.17.1/grpc-stub-1.17.1.jar:/home/user/.m2/repository/org/apache/hadoop/hadoop-ozone-recon/0.5.0-SNAPSHOT/hadoop-ozone-recon-0.5.0-SNAPSHOT.jar:/home/user/.m2/repository/org/apache/hadoop/hadoop-ozone-reconcodegen/0.5.0-SNAPSHOT/hadoop-ozone-reconcodegen-0.5.0-SNAPSHOT.jar:/home/user/.m2/repository/com/google/inject/extensions/guice-multibindings/4.0/guice-multibindings-4.0.jar:/home/user/.m2/repository/com/google/inject/guice/4.0/guice-4.0.jar:/home/user/.m2/repository/aopalliance/aopalliance/1.0/aopalliance-1.0.jar:/home/user/.m2/repository/com/google/inject/extensions/guice-servlet/4.0/guice-servlet-4.0.jar:/home/user/.m2/repository/org/glassfish/jersey/containers/jersey-container-servlet/2.27/jersey-container-servlet-2.27.jar:/home/user/.m2/repository/org/glassfish/hk2/guice-bridge/2.5.0/guice-bridge-2.5.0.jar:/home/user/.m2/repository/org/glassfish/jersey/core/jersey-server/2.27/jersey-server-2.27.jar:/home/user/.m2/repository/org/glassfish/jersey/core/jersey-client/2.27/jersey-client-2.27.jar:/home/user/.m2/repository/org/glassfish/jersey/media/jersey-media-jaxb/2.27/jersey-media-jaxb-2.27.jar:/home/user/.m2/repository/javax/validation/validation-api/1.1.0.Final/validation-api-1.1.0.Final.jar:/home/user/.m2/repository/org/glassfish/jersey/media/jersey-media-json-jackson/2.27/jersey-media-json-jackson-2.27.jar:/home/user/.m2/repository/org/glassfish/jersey/ext/jersey-entity-filtering/2.27/jersey-entity-filtering-2.27.jar:/home/user/.m2/repository/com/google/inject/extensions/guice-assistedinject/4.0/guice-assistedinject-4.0.jar:/home/user/.m2/repository/org/jooq/jooq/3.11.10/jooq-3.11.10.jar:/home/user/.m2/repository/org/jooq/jooq-meta/3.11.10/jooq-meta-3.11.10.jar:/home/user/.m2/repository/org/jooq/jooq-codegen/3.11.10/jooq-codegen-3.11.10.jar:/home/user/.m2/repository/com/jolbox/bonecp/0.8.0.RELEASE/bonecp-0.8.0.RELEASE.jar:/home/user/.m2/repository/org/xerial/sqlite-jdbc/3.25.2/sqlite-jdbc-3.25.2.jar:/home/user/.m2/repository/org/springframework/spring-jdbc/5.1.3.RELEASE/spring-jdbc-5.1.3.RELEASE.jar:/home/user/.m2/repository/org/springframework/spring-beans/5.1.3.RELEASE/spring-beans-5.1.3.RELEASE.jar:/home/user/.m2/repository/org/springframework/spring-core/5.1.3.RELEASE/spring-core-5.1.3.RELEASE.jar:/home/user/.m2/repository/org/springframework/spring-jcl/5.1.3.RELEASE/spring-jcl-5.1.3.RELEASE.jar:/home/user/.m2/repository/org/springframework/spring-tx/5.1.3.RELEASE/spring-tx-5.1.3.RELEASE.jar:/home/user/.m2/repository/org/apache/hadoop/hadoop-ozone-client/0.5.0-SNAPSHOT/hadoop-ozone-client-0.5.0-SNAPSHOT.jar:/home/user/.m2/repository/commons-lang/commons-lang/2.6/commons-lang-2.6.jar:/home/user/.m2/repository/org/apache/hadoop/hadoop-ozone-ozone-manager/0.5.0-SNAPSHOT/hadoop-ozone-ozone-manager-0.5.0-SNAPSHOT-tests.jar:/home/user/.m2/repository/junit/junit/4.11/junit-4.11.jar:/home/user/.m2/repository/org/hamcrest/hamcrest-core/1.3/hamcrest-core-1.3.jar:/home/user/.m2/repository/org/openjdk/jmh/jmh-core/1.19/jmh-core-1.19.jar:/home/user/.m2/repository/net/sf/jopt-simple/jopt-simple/4.6/jopt-simple-4.6.jar:/home/user/.m2/repository/org/apache/commons/commons-math3/3.1.1/commons-math3-3.1.1.jar:/home/user/.m2/repository/org/openjdk/jmh/jmh-generator-annprocess/1.19/jmh-generator-annprocess-1.19.jar:/home/user/.m2/repository/org/mockito/mockito-all/1.8.5/mockito-all-1.8.5.jar:/home/user/.m2/repository/org/apache/hadoop/hadoop-kms/3.2.0/hadoop-kms-3.2.0.jar:/home/user/.m2/repository/org/apache/hadoop/hadoop-auth/3.2.0/hadoop-auth-3.2.0.jar:/home/user/.m2/repository/com/nimbusds/nimbus-jose-jwt/4.41.1/nimbus-jose-jwt-4.41.1.jar:/home/user/.m2/repository/com/github/stephenc/jcip/jcip-annotations/1.0-1/jcip-annotations-1.0-1.jar:/home/user/.m2/repository/net/minidev/json-smart/2.3/json-smart-2.3.jar:/home/user/.m2/repository/net/minidev/accessors-smart/1.2/accessors-smart-1.2.jar:/home/user/.m2/repository/org/ow2/asm/asm/5.0.4/asm-5.0.4.jar:/home/user/.m2/repository/org/apache/curator/curator-framework/2.12.0/curator-framework-2.12.0.jar:/home/user/.m2/repository/com/sun/jersey/jersey-core/1.19/jersey-core-1.19.jar:/home/user/.m2/repository/javax/ws/rs/jsr311-api/1.1.1/jsr311-api-1.1.1.jar:/home/user/.m2/repository/com/sun/jersey/jersey-server/1.19/jersey-server-1.19.jar:/home/user/.m2/repository/javax/servlet/javax.servlet-api/3.1.0/javax.servlet-api-3.1.0.jar:/home/user/.m2/repository/org/eclipse/jetty/jetty-server/9.3.25.v20180904/jetty-server-9.3.25.v20180904.jar:/home/user/.m2/repository/org/eclipse/jetty/jetty-http/9.3.25.v20180904/jetty-http-9.3.25.v20180904.jar:/home/user/.m2/repository/org/eclipse/jetty/jetty-io/9.3.25.v20180904/jetty-io-9.3.25.v20180904.jar:/home/user/.m2/repository/org/eclipse/jetty/jetty-webapp/9.3.25.v20180904/jetty-webapp-9.3.25.v20180904.jar:/home/user/.m2/repository/org/eclipse/jetty/jetty-xml/9.3.25.v20180904/jetty-xml-9.3.25.v20180904.jar:/home/user/.m2/repository/log4j/log4j/1.2.17/log4j-1.2.17.jar:/home/user/.m2/repository/org/slf4j/slf4j-api/1.7.25/slf4j-api-1.7.25.jar:/home/user/.m2/repository/org/slf4j/jul-to-slf4j/1.7.25/jul-to-slf4j-1.7.25.jar:/home/user/.m2/repository/org/eclipse/jetty/jetty-util/9.3.25.v20180904/jetty-util-9.3.25.v20180904.jar:/home/user/.m2/repository/com/fasterxml/jackson/core/jackson-databind/2.9.9/jackson-databind-2.9.9.jar:/home/user/.m2/repository/org/apache/hadoop/hadoop-kms/3.2.0/hadoop-kms-3.2.0-tests.jar:/home/user/.m2/repository/org/apache/hadoop/hadoop-hdds-server-scm/0.5.0-SNAPSHOT/hadoop-hdds-server-scm-0.5.0-SNAPSHOT-tests.jar:/home/user/.m2/repository/org/apache/hadoop/hadoop-hdds-container-service/0.5.0-SNAPSHOT/hadoop-hdds-container-service-0.5.0-SNAPSHOT-tests.jar:/home/user/.m2/repository/org/yaml/snakeyaml/1.16/snakeyaml-1.16.jar:/home/user/.m2/repository/org/apache/hadoop/hadoop-common/3.2.0/hadoop-common-3.2.0-tests.jar:/home/user/.m2/repository/org/apache/hadoop/hadoop-annotations/3.2.0/hadoop-annotations-3.2.0.jar:/usr/lib/jvm/java-1.8.0-openjdk-1.8.0.222.b10-1.el7_7.x86_64/jre/../lib/tools.jar:/home/user/.m2/repository/commons-cli/commons-cli/1.2/commons-cli-1.2.jar:/home/user/.m2/repository/org/apache/httpcomponents/httpclient/4.5.2/httpclient-4.5.2.jar:/home/user/.m2/repository/org/apache/httpcomponents/httpcore/4.4.4/httpcore-4.4.4.jar:/home/user/.m2/repository/commons-codec/commons-codec/1.11/commons-codec-1.11.jar:/home/user/.m2/repository/commons-net/commons-net/3.6/commons-net-3.6.jar:/home/user/.m2/repository/commons-collections/commons-collections/3.2.2/commons-collections-3.2.2.jar:/home/user/.m2/repository/org/eclipse/jetty/jetty-servlet/9.3.25.v20180904/jetty-servlet-9.3.25.v20180904.jar:/home/user/.m2/repository/org/eclipse/jetty/jetty-security/9.3.25.v20180904/jetty-security-9.3.25.v20180904.jar:/home/user/.m2/repository/javax/servlet/jsp/jsp-api/2.1/jsp-api-2.1.jar:/home/user/.m2/repository/com/sun/jersey/jersey-servlet/1.19/jersey-servlet-1.19.jar:/home/user/.m2/repository/com/sun/jersey/jersey-json/1.19/jersey-json-1.19.jar:/home/user/.m2/repository/org/codehaus/jettison/jettison/1.1/jettison-1.1.jar:/home/user/.m2/repository/org/codehaus/jackson/jackson-core-asl/1.9.13/jackson-core-asl-1.9.13.jar:/home/user/.m2/repository/org/codehaus/jackson/jackson-mapper-asl/1.9.13/jackson-mapper-asl-1.9.13.jar:/home/user/.m2/repository/org/codehaus/jackson/jackson-jaxrs/1.9.13/jackson-jaxrs-1.9.13.jar:/home/user/.m2/repository/org/codehaus/jackson/jackson-xc/1.9.13/jackson-xc-1.9.13.jar:/home/user/.m2/repository/commons-logging/commons-logging/1.1.3/commons-logging-1.1.3.jar:/home/user/.m2/repository/commons-beanutils/commons-beanutils/1.9.4/commons-beanutils-1.9.4.jar:/home/user/.m2/repository/org/apache/commons/commons-configuration2/2.1.1/commons-configuration2-2.1.1.jar:/home/user/.m2/repository/org/apache/commons/commons-lang3/3.7/commons-lang3-3.7.jar:/home/user/.m2/repository/org/apache/commons/commons-text/1.4/commons-text-1.4.jar:/home/user/.m2/repository/org/apache/avro/avro/1.7.7/avro-1.7.7.jar:/home/user/.m2/repository/com/thoughtworks/paranamer/paranamer/2.3/paranamer-2.3.jar:/home/user/.m2/repository/org/xerial/snappy/snappy-java/1.0.5/snappy-java-1.0.5.jar:/home/user/.m2/repository/com/google/re2j/re2j/1.1/re2j-1.1.jar:/home/user/.m2/repository/com/google/code/gson/gson/2.2.4/gson-2.2.4.jar:/home/user/.m2/repository/com/jcraft/jsch/0.1.54/jsch-0.1.54.jar:/home/user/.m2/repository/org/apache/curator/curator-client/2.12.0/curator-client-2.12.0.jar:/home/user/.m2/repository/org/apache/curator/curator-recipes/2.12.0/curator-recipes-2.12.0.jar:/home/user/.m2/repository/com/google/code/findbugs/jsr305/3.0.0/jsr305-3.0.0.jar:/home/user/.m2/repository/org/apache/htrace/htrace-core4/4.1.0-incubating/htrace-core4-4.1.0-incubating.jar:/home/user/.m2/repository/org/apache/zookeeper/zookeeper/3.4.13/zookeeper-3.4.13.jar:/home/user/.m2/repository/jline/jline/0.9.94/jline-0.9.94.jar:/home/user/.m2/repository/org/apache/yetus/audience-annotations/0.5.0/audience-annotations-0.5.0.jar:/home/user/.m2/repository/org/codehaus/woodstox/stax2-api/3.1.4/stax2-api-3.1.4.jar:/home/user/.m2/repository/com/fasterxml/woodstox/woodstox-core/5.0.3/woodstox-core-5.0.3.jar:/home/user/.m2/repository/dnsjava/dnsjava/2.1.7/dnsjava-2.1.7.jar:/home/user/.m2/repository/org/apache/hadoop/hadoop-hdfs/3.2.0/hadoop-hdfs-3.2.0-tests.jar:/home/user/.m2/repository/org/eclipse/jetty/jetty-util-ajax/9.3.25.v20180904/jetty-util-ajax-9.3.25.v20180904.jar:/home/user/.m2/repository/commons-daemon/commons-daemon/1.0.13/commons-daemon-1.0.13.jar:/home/user/.m2/repository/io/netty/netty/3.10.5.Final/netty-3.10.5.Final.jar:/home/user/.m2/repository/io/netty/netty-all/4.0.52.Final/netty-all-4.0.52.Final.jar:/home/user/.m2/repository/org/fusesource/leveldbjni/leveldbjni-all/1.8/leveldbjni-all-1.8.jar:"/>
    <property name="sun.cpu.endian" value="little"/>
    <property name="user.home" value="/home/user"/>
    <property name="user.language" value="en"/>
    <property name="java.specification.vendor" value="Oracle Corporation"/>
    <property name="java.home" value="/usr/lib/jvm/java-1.8.0-openjdk-1.8.0.222.b10-1.el7_7.x86_64/jre"/>
    <property name="surefire.excludesFile" value="/tools/ozone-bad-unit-tests"/>
    <property name="java.security.krb5.conf" value="/workdir/hadoop-ozone/integration-test/target/test-classes/krb5.conf"/>
    <property name="basedir" value="/workdir/hadoop-ozone/integration-test"/>
    <property name="file.separator" value="/"/>
    <property name="line.separator" value="&#10;"/>
    <property name="java.vm.specification.vendor" value="Oracle Corporation"/>
    <property name="java.specification.name" value="Java Platform API Specification"/>
    <property name="java.awt.graphicsenv" value="sun.awt.X11GraphicsEnvironment"/>
    <property name="surefire.real.class.path" value="/workdir/hadoop-ozone/integration-test/target/surefire/surefirebooter1337304760332792459.jar"/>
    <property name="hadoop.log.dir" value="/workdir/hadoop-ozone/integration-test/target/log"/>
    <property name="sun.boot.class.path" value="/usr/lib/jvm/java-1.8.0-openjdk-1.8.0.222.b10-1.el7_7.x86_64/jre/lib/resources.jar:/usr/lib/jvm/java-1.8.0-openjdk-1.8.0.222.b10-1.el7_7.x86_64/jre/lib/rt.jar:/usr/lib/jvm/java-1.8.0-openjdk-1.8.0.222.b10-1.el7_7.x86_64/jre/lib/sunrsasign.jar:/usr/lib/jvm/java-1.8.0-openjdk-1.8.0.222.b10-1.el7_7.x86_64/jre/lib/jsse.jar:/usr/lib/jvm/java-1.8.0-openjdk-1.8.0.222.b10-1.el7_7.x86_64/jre/lib/jce.jar:/usr/lib/jvm/java-1.8.0-openjdk-1.8.0.222.b10-1.el7_7.x86_64/jre/lib/charsets.jar:/usr/lib/jvm/java-1.8.0-openjdk-1.8.0.222.b10-1.el7_7.x86_64/jre/lib/jfr.jar:/usr/lib/jvm/java-1.8.0-openjdk-1.8.0.222.b10-1.el7_7.x86_64/jre/classes"/>
    <property name="sun.management.compiler" value="HotSpot 64-Bit Tiered Compilers"/>
    <property name="java.runtime.version" value="1.8.0_222-b10"/>
    <property name="java.net.preferIPv4Stack" value="true"/>
    <property name="user.name" value="jenkins1000"/>
    <property name="path.separator" value=":"/>
    <property name="java.security.egd" value="file:///dev/urandom"/>
    <property name="os.version" value="3.10.0-957.12.2.el7.x86_64"/>
    <property name="java.endorsed.dirs" value="/usr/lib/jvm/java-1.8.0-openjdk-1.8.0.222.b10-1.el7_7.x86_64/jre/lib/endorsed"/>
    <property name="java.runtime.name" value="OpenJDK Runtime Environment"/>
    <property name="file.encoding" value="ANSI_X3.4-1968"/>
    <property name="java.vm.name" value="OpenJDK 64-Bit Server VM"/>
    <property name="test.build.webapps" value=""/>
    <property name="localRepository" value="/home/user/.m2/repository"/>
    <property name="java.vendor.url.bug" value="http://bugreport.sun.com/bugreport/"/>
    <property name="java.io.tmpdir" value="/tmp"/>
    <property name="require.test.libhadoop" value=""/>
    <property name="java.version" value="1.8.0_222"/>
    <property name="user.dir" value="/workdir/hadoop-ozone/integration-test"/>
    <property name="os.arch" value="amd64"/>
    <property name="java.vm.specification.name" value="Java Virtual Machine Specification"/>
    <property name="test.build.classes" value="/workdir/hadoop-ozone/integration-test/target/test-classes"/>
    <property name="java.awt.printerjob" value="sun.print.PSPrinterJob"/>
    <property name="sun.os.patch.level" value="unknown"/>
    <property name="hadoop.tmp.dir" value="/workdir/hadoop-ozone/integration-test/target/tmp"/>
    <property name="java.library.path" value="/usr/lib:/workdir/hadoop-ozone/integration-test/target/native/target/usr/local/lib:/workdir/hadoop-ozone/integration-test/../../hadoop-common-project/hadoop-common/target/native/target/usr/local/lib:/usr/java/packages/lib/amd64:/usr/lib64:/lib64:/lib:/usr/lib"/>
    <property name="java.vm.info" value="mixed mode"/>
    <property name="java.vendor" value="Oracle Corporation"/>
    <property name="java.vm.version" value="25.222-b10"/>
    <property name="java.ext.dirs" value="/usr/lib/jvm/java-1.8.0-openjdk-1.8.0.222.b10-1.el7_7.x86_64/jre/lib/ext:/usr/java/packages/lib/ext"/>
    <property name="sun.io.unicode.encoding" value="UnicodeLittle"/>
    <property name="java.class.version" value="52.0"/>
  </properties>
  <testcase name="test" classname="org.apache.hadoop.ozone.scm.TestSCMContainerPlacementPolicyMetrics" time="81.875">
    <error message="test timed out after 60000 milliseconds" type="java.lang.Exception">java.lang.Exception: test timed out after 60000 milliseconds
	at sun.misc.Unsafe.park(Native Method)
	at java.util.concurrent.locks.LockSupport.park(LockSupport.java:175)
	at java.util.concurrent.CompletableFuture$Signaller.block(CompletableFuture.java:1693)
	at java.util.concurrent.ForkJoinPool.managedBlock(ForkJoinPool.java:3323)
	at java.util.concurrent.CompletableFuture.waitingGet(CompletableFuture.java:1729)
	at java.util.concurrent.CompletableFuture.get(CompletableFuture.java:1895)
	at org.apache.hadoop.hdds.scm.storage.BlockOutputStream.waitOnFlushFutures(BlockOutputStream.java:518)
	at org.apache.hadoop.hdds.scm.storage.BlockOutputStream.handleFlush(BlockOutputStream.java:481)
	at org.apache.hadoop.hdds.scm.storage.BlockOutputStream.close(BlockOutputStream.java:496)
	at org.apache.hadoop.ozone.client.io.BlockOutputStreamEntry.close(BlockOutputStreamEntry.java:143)
	at org.apache.hadoop.ozone.client.io.KeyOutputStream.handleFlushOrClose(KeyOutputStream.java:435)
	at org.apache.hadoop.ozone.client.io.KeyOutputStream.close(KeyOutputStream.java:473)
	at org.apache.hadoop.ozone.client.io.OzoneOutputStream.close(OzoneOutputStream.java:60)
	at org.apache.hadoop.ozone.scm.TestSCMContainerPlacementPolicyMetrics.test(TestSCMContainerPlacementPolicyMetrics.java:112)
	at sun.reflect.NativeMethodAccessorImpl.invoke0(Native Method)
	at sun.reflect.NativeMethodAccessorImpl.invoke(NativeMethodAccessorImpl.java:62)
	at sun.reflect.DelegatingMethodAccessorImpl.invoke(DelegatingMethodAccessorImpl.java:43)
	at java.lang.reflect.Method.invoke(Method.java:498)
	at org.junit.runners.model.FrameworkMethod$1.runReflectiveCall(FrameworkMethod.java:47)
	at org.junit.internal.runners.model.ReflectiveCallable.run(ReflectiveCallable.java:12)
	at org.junit.runners.model.FrameworkMethod.invokeExplosively(FrameworkMethod.java:44)
	at org.junit.internal.runners.statements.InvokeMethod.evaluate(InvokeMethod.java:17)
	at org.junit.internal.runners.statements.FailOnTimeout$StatementThread.run(FailOnTimeout.java:74)
</error>
    <system-out><![CDATA[2019-10-23 12:35:55,041 [main] WARN  server.ServerUtils (ServerUtils.java:getScmDbDir(145)) - ozone.scm.db.dirs is not configured. We recommend adding this setting. Falling back to ozone.metadata.dirs instead.
2019-10-23 12:35:55,160 [main] WARN  server.ServerUtils (ServerUtils.java:getScmDbDir(145)) - ozone.scm.db.dirs is not configured. We recommend adding this setting. Falling back to ozone.metadata.dirs instead.
2019-10-23 12:35:55,164 [main] WARN  server.ServerUtils (ServerUtils.java:getScmDbDir(145)) - ozone.scm.db.dirs is not configured. We recommend adding this setting. Falling back to ozone.metadata.dirs instead.
2019-10-23 12:35:55,191 [main] INFO  util.log (Log.java:initialized(192)) - Logging initialized @925ms
2019-10-23 12:35:55,287 [main] INFO  db.DBStoreBuilder (DBStoreBuilder.java:addTable(117)) - using custom profile for table: deletedBlocks
2019-10-23 12:35:55,287 [main] INFO  db.DBStoreBuilder (DBStoreBuilder.java:processTables(168)) - Using default column profile:DBProfile.DISK for Table:deletedBlocks
2019-10-23 12:35:55,288 [main] INFO  db.DBStoreBuilder (DBStoreBuilder.java:addTable(117)) - using custom profile for table: validCerts
2019-10-23 12:35:55,288 [main] INFO  db.DBStoreBuilder (DBStoreBuilder.java:processTables(168)) - Using default column profile:DBProfile.DISK for Table:validCerts
2019-10-23 12:35:55,288 [main] INFO  db.DBStoreBuilder (DBStoreBuilder.java:addTable(117)) - using custom profile for table: revokedCerts
2019-10-23 12:35:55,288 [main] INFO  db.DBStoreBuilder (DBStoreBuilder.java:processTables(168)) - Using default column profile:DBProfile.DISK for Table:revokedCerts
2019-10-23 12:35:55,299 [main] INFO  db.DBStoreBuilder (DBStoreBuilder.java:addTable(117)) - using custom profile for table: default
2019-10-23 12:35:55,300 [main] INFO  db.DBStoreBuilder (DBStoreBuilder.java:processTables(174)) - Using default column profile:DBProfile.DISK for Table:default
2019-10-23 12:35:55,301 [main] INFO  db.DBStoreBuilder (DBStoreBuilder.java:getDbProfile(205)) - Using default options. DBProfile.DISK
2019-10-23 12:35:55,660 [main] INFO  net.NodeSchemaLoader (NodeSchemaLoader.java:loadSchemaFromFile(125)) - Loading file from sun.misc.CompoundEnumeration@75d4a5c2
2019-10-23 12:35:55,663 [main] INFO  net.NodeSchemaLoader (NodeSchemaLoader.java:loadSchema(171)) - Loading network topology layer schema file
2019-10-23 12:35:55,723 [main] WARN  server.ServerUtils (ServerUtils.java:sanitizeUserArgs(70)) - ozone.scm.stale.node.interval value = 300000 is larger than max = 100000 based on the key value of ozone.scm.heartbeat.thread.interval, reset to the max value 100000.
2019-10-23 12:35:55,725 [main] WARN  server.ServerUtils (ServerUtils.java:sanitizeUserArgs(70)) - ozone.scm.stale.node.interval value = 300000 is larger than max = 100000 based on the key value of ozone.scm.heartbeat.thread.interval, reset to the max value 100000.
2019-10-23 12:35:55,727 [main] INFO  node.SCMNodeManager (SCMNodeManager.java:<init>(116)) - Entering startup safe mode.
2019-10-23 12:35:55,783 [main] INFO  Configuration.deprecation (Configuration.java:logDeprecation(1394)) - hadoop.configured.node.mapping is deprecated. Instead, use net.topology.configured.node.mapping
2019-10-23 12:35:55,788 [main] INFO  algorithms.ContainerPlacementPolicyFactory (ContainerPlacementPolicyFactory.java:getPolicy(57)) - Create container placement policy of type org.apache.hadoop.hdds.scm.container.placement.algorithms.SCMContainerPlacementRackAware
2019-10-23 12:35:55,801 [main] WARN  server.ServerUtils (ServerUtils.java:getScmDbDir(145)) - ozone.scm.db.dirs is not configured. We recommend adding this setting. Falling back to ozone.metadata.dirs instead.
2019-10-23 12:35:55,870 [main] INFO  pipeline.SCMPipelineManager (SCMPipelineManager.java:initializePipelineState(132)) - No pipeline exists in current db
2019-10-23 12:35:55,872 [main] WARN  server.ServerUtils (ServerUtils.java:getScmDbDir(145)) - ozone.scm.db.dirs is not configured. We recommend adding this setting. Falling back to ozone.metadata.dirs instead.
2019-10-23 12:35:56,002 [main] WARN  events.EventQueue (EventQueue.java:fireEvent(183)) - No event handler registered for event TypedEvent{payloadType=SafeModeStatus, name='SafeModeStatus'}
2019-10-23 12:35:56,345 [main] INFO  ipc.CallQueueManager (CallQueueManager.java:<init>(84)) - Using callQueue: class java.util.concurrent.LinkedBlockingQueue, queueCapacity: 2000, scheduler: class org.apache.hadoop.ipc.DefaultRpcScheduler, ipcBackoff: false.
2019-10-23 12:35:56,369 [Socket Reader #1 for port 34853] INFO  ipc.Server (Server.java:run(1074)) - Starting Socket Reader #1 for port 34853
2019-10-23 12:35:56,490 [main] INFO  ipc.CallQueueManager (CallQueueManager.java:<init>(84)) - Using callQueue: class java.util.concurrent.LinkedBlockingQueue, queueCapacity: 2000, scheduler: class org.apache.hadoop.ipc.DefaultRpcScheduler, ipcBackoff: false.
2019-10-23 12:35:56,491 [Socket Reader #1 for port 42473] INFO  ipc.Server (Server.java:run(1074)) - Starting Socket Reader #1 for port 42473
2019-10-23 12:35:56,500 [main] INFO  ipc.CallQueueManager (CallQueueManager.java:<init>(84)) - Using callQueue: class java.util.concurrent.LinkedBlockingQueue, queueCapacity: 2000, scheduler: class org.apache.hadoop.ipc.DefaultRpcScheduler, ipcBackoff: false.
2019-10-23 12:35:56,501 [Socket Reader #1 for port 34369] INFO  ipc.Server (Server.java:run(1074)) - Starting Socket Reader #1 for port 34369
2019-10-23 12:35:56,525 [main] INFO  hdfs.DFSUtil (DFSUtil.java:httpServerTemplateForNNAndJN(1641)) - Starting Web-server for scm at: http://0.0.0.0:0
2019-10-23 12:35:56,691 [main] INFO  server.AuthenticationFilter (AuthenticationFilter.java:constructSecretProvider(240)) - Unable to initialize FileSignerSecretProvider, falling back to use random secrets.
2019-10-23 12:35:56,699 [main] WARN  http.HttpRequestLog (HttpRequestLog.java:getRequestLog(97)) - Jetty request log can only be enabled using Log4j
2019-10-23 12:35:56,707 [main] INFO  http.HttpServer2 (HttpServer2.java:addGlobalFilter(975)) - Added global filter 'safety' (class=org.apache.hadoop.http.HttpServer2$QuotingInputFilter)
2019-10-23 12:35:56,710 [main] INFO  http.HttpServer2 (HttpServer2.java:addFilter(948)) - Added filter static_user_filter (class=org.apache.hadoop.http.lib.StaticUserWebFilter$StaticUserFilter) to context scm
2019-10-23 12:35:56,710 [main] INFO  http.HttpServer2 (HttpServer2.java:addFilter(958)) - Added filter static_user_filter (class=org.apache.hadoop.http.lib.StaticUserWebFilter$StaticUserFilter) to context logs
2019-10-23 12:35:56,710 [main] INFO  http.HttpServer2 (HttpServer2.java:addFilter(958)) - Added filter static_user_filter (class=org.apache.hadoop.http.lib.StaticUserWebFilter$StaticUserFilter) to context static
2019-10-23 12:35:56,741 [main] INFO  server.StorageContainerManager (StorageContainerManager.java:start(772)) - StorageContainerLocationProtocol RPC server is listening at /0.0.0.0:34369
2019-10-23 12:35:56,832 [main] WARN  impl.MetricsConfig (MetricsConfig.java:loadFirst(134)) - Cannot locate configuration: tried hadoop-metrics2-storagecontainermanager.properties,hadoop-metrics2.properties
2019-10-23 12:35:56,850 [main] INFO  impl.MetricsSystemImpl (MetricsSystemImpl.java:startTimer(374)) - Scheduled Metric snapshot period at 10 second(s).
2019-10-23 12:35:56,850 [main] INFO  impl.MetricsSystemImpl (MetricsSystemImpl.java:start(191)) - StorageContainerManager metrics system started
2019-10-23 12:35:57,093 [main] INFO  server.SCMClientProtocolServer (SCMClientProtocolServer.java:start(159)) - RPC server for Client  is listening at /0.0.0.0:34369
2019-10-23 12:35:57,094 [IPC Server Responder] INFO  ipc.Server (Server.java:run(1314)) - IPC Server Responder: starting
2019-10-23 12:35:57,094 [IPC Server listener on 34369] INFO  ipc.Server (Server.java:run(1153)) - IPC Server listener on 34369: starting
2019-10-23 12:35:57,097 [main] INFO  server.StorageContainerManager (StorageContainerManager.java:start(782)) - ScmBlockLocationProtocol RPC server is listening at /0.0.0.0:42473
2019-10-23 12:35:57,098 [main] INFO  server.SCMBlockProtocolServer (SCMBlockProtocolServer.java:start(146)) - RPC server for Block Protocol is listening at /0.0.0.0:42473
2019-10-23 12:35:57,098 [IPC Server listener on 42473] INFO  ipc.Server (Server.java:run(1153)) - IPC Server listener on 42473: starting
2019-10-23 12:35:57,098 [IPC Server Responder] INFO  ipc.Server (Server.java:run(1314)) - IPC Server Responder: starting
2019-10-23 12:35:57,100 [main] INFO  server.StorageContainerManager (StorageContainerManager.java:start(786)) - ScmDatanodeProtocl RPC server is listening at /0.0.0.0:34853
2019-10-23 12:35:57,101 [main] INFO  server.SCMDatanodeProtocolServer (SCMDatanodeProtocolServer.java:start(169)) - RPC server for DataNodes is listening at /0.0.0.0:34853
2019-10-23 12:35:57,102 [IPC Server Responder] INFO  ipc.Server (Server.java:run(1314)) - IPC Server Responder: starting
2019-10-23 12:35:57,102 [IPC Server listener on 34853] INFO  ipc.Server (Server.java:run(1153)) - IPC Server listener on 34853: starting
2019-10-23 12:35:57,105 [main] INFO  http.HttpServer2 (HttpServer2.java:bindListener(1191)) - Jetty bound to port 41386
2019-10-23 12:35:57,107 [main] INFO  server.Server (Server.java:doStart(351)) - jetty-9.3.25.v20180904, build timestamp: 2018-09-04T21:11:46Z, git hash: 3ce520221d0240229c862b122d2b06c12a625732
2019-10-23 12:35:57,145 [main] INFO  handler.ContextHandler (ContextHandler.java:doStart(781)) - Started o.e.j.s.ServletContextHandler@6b53bcc2{/logs,file:///workdir/hadoop-ozone/integration-test/target/log,AVAILABLE}
2019-10-23 12:35:57,145 [main] INFO  handler.ContextHandler (ContextHandler.java:doStart(781)) - Started o.e.j.s.ServletContextHandler@a43ce46{/static,file:///workdir/hadoop-ozone/integration-test/target/test-classes/webapps/static,AVAILABLE}
2019-10-23 12:35:57,178 [main] INFO  handler.ContextHandler (ContextHandler.java:doStart(781)) - Started o.e.j.w.WebAppContext@532721fd{/,file:///workdir/hadoop-ozone/integration-test/target/test-classes/webapps/scm/,AVAILABLE}{/scm}
2019-10-23 12:35:57,184 [main] INFO  server.AbstractConnector (AbstractConnector.java:doStart(278)) - Started ServerConnector@7e1a1da6{HTTP/1.1,[http/1.1]}{0.0.0.0:41386}
2019-10-23 12:35:57,184 [main] INFO  server.Server (Server.java:doStart(419)) - Started @2919ms
2019-10-23 12:35:57,187 [main] INFO  impl.MetricsSinkAdapter (MetricsSinkAdapter.java:start(204)) - Sink prometheus started
2019-10-23 12:35:57,187 [main] INFO  impl.MetricsSystemImpl (MetricsSystemImpl.java:registerSink(301)) - Registered sink prometheus
2019-10-23 12:35:57,189 [main] INFO  server.BaseHttpServer (BaseHttpServer.java:updateConnectorAddress(215)) - HTTP server of SCM is listening at http://0.0.0.0:41386
2019-10-23 12:35:57,196 [org.apache.hadoop.util.JvmPauseMonitor$Monitor@55e7a35c] INFO  util.JvmPauseMonitor (JvmPauseMonitor.java:run(188)) - Starting JVM pause monitor
2019-10-23 12:35:57,201 [main] WARN  server.ServerUtils (ServerUtils.java:getDBPath(222)) - ozone.om.db.dirs is not configured. We recommend adding this setting. Falling back to ozone.metadata.dirs instead.
2019-10-23 12:35:57,325 [main] INFO  ha.OMHANodeDetails (OMHANodeDetails.java:loadOMHAConfig(190)) - Configuration either no ozone.om.address set. Falling back to the default OM address /127.0.0.1:0
2019-10-23 12:35:57,325 [main] INFO  ha.OMHANodeDetails (OMHANodeDetails.java:getOMNodeDetails(220)) - OM Service ID is not set. Setting it to the default ID: omServiceIdDefault
2019-10-23 12:35:57,327 [main] WARN  server.ServerUtils (ServerUtils.java:getDBPath(222)) - ozone.om.db.dirs is not configured. We recommend adding this setting. Falling back to ozone.metadata.dirs instead.
2019-10-23 12:35:57,328 [main] WARN  server.ServerUtils (ServerUtils.java:getDBPath(222)) - ozone.om.db.dirs is not configured. We recommend adding this setting. Falling back to ozone.metadata.dirs instead.
2019-10-23 12:35:58,007 [main] WARN  server.ServerUtils (ServerUtils.java:getDBPath(222)) - ozone.om.db.dirs is not configured. We recommend adding this setting. Falling back to ozone.metadata.dirs instead.
2019-10-23 12:35:58,015 [main] INFO  db.DBStoreBuilder (DBStoreBuilder.java:addTable(117)) - using custom profile for table: userTable
2019-10-23 12:35:58,016 [main] INFO  db.DBStoreBuilder (DBStoreBuilder.java:processTables(168)) - Using default column profile:DBProfile.DISK for Table:userTable
2019-10-23 12:35:58,016 [main] INFO  db.DBStoreBuilder (DBStoreBuilder.java:addTable(117)) - using custom profile for table: volumeTable
2019-10-23 12:35:58,016 [main] INFO  db.DBStoreBuilder (DBStoreBuilder.java:processTables(168)) - Using default column profile:DBProfile.DISK for Table:volumeTable
2019-10-23 12:35:58,016 [main] INFO  db.DBStoreBuilder (DBStoreBuilder.java:addTable(117)) - using custom profile for table: bucketTable
2019-10-23 12:35:58,017 [main] INFO  db.DBStoreBuilder (DBStoreBuilder.java:processTables(168)) - Using default column profile:DBProfile.DISK for Table:bucketTable
2019-10-23 12:35:58,017 [main] INFO  db.DBStoreBuilder (DBStoreBuilder.java:addTable(117)) - using custom profile for table: keyTable
2019-10-23 12:35:58,017 [main] INFO  db.DBStoreBuilder (DBStoreBuilder.java:processTables(168)) - Using default column profile:DBProfile.DISK for Table:keyTable
2019-10-23 12:35:58,017 [main] INFO  db.DBStoreBuilder (DBStoreBuilder.java:addTable(117)) - using custom profile for table: deletedTable
2019-10-23 12:35:58,018 [main] INFO  db.DBStoreBuilder (DBStoreBuilder.java:processTables(168)) - Using default column profile:DBProfile.DISK for Table:deletedTable
2019-10-23 12:35:58,018 [main] INFO  db.DBStoreBuilder (DBStoreBuilder.java:addTable(117)) - using custom profile for table: openKeyTable
2019-10-23 12:35:58,018 [main] INFO  db.DBStoreBuilder (DBStoreBuilder.java:processTables(168)) - Using default column profile:DBProfile.DISK for Table:openKeyTable
2019-10-23 12:35:58,018 [main] INFO  db.DBStoreBuilder (DBStoreBuilder.java:addTable(117)) - using custom profile for table: s3Table
2019-10-23 12:35:58,018 [main] INFO  db.DBStoreBuilder (DBStoreBuilder.java:processTables(168)) - Using default column profile:DBProfile.DISK for Table:s3Table
2019-10-23 12:35:58,019 [main] INFO  db.DBStoreBuilder (DBStoreBuilder.java:addTable(117)) - using custom profile for table: multipartInfoTable
2019-10-23 12:35:58,019 [main] INFO  db.DBStoreBuilder (DBStoreBuilder.java:processTables(168)) - Using default column profile:DBProfile.DISK for Table:multipartInfoTable
2019-10-23 12:35:58,019 [main] INFO  db.DBStoreBuilder (DBStoreBuilder.java:addTable(117)) - using custom profile for table: dTokenTable
2019-10-23 12:35:58,019 [main] INFO  db.DBStoreBuilder (DBStoreBuilder.java:processTables(168)) - Using default column profile:DBProfile.DISK for Table:dTokenTable
2019-10-23 12:35:58,020 [main] INFO  db.DBStoreBuilder (DBStoreBuilder.java:addTable(117)) - using custom profile for table: s3SecretTable
2019-10-23 12:35:58,020 [main] INFO  db.DBStoreBuilder (DBStoreBuilder.java:processTables(168)) - Using default column profile:DBProfile.DISK for Table:s3SecretTable
2019-10-23 12:35:58,020 [main] INFO  db.DBStoreBuilder (DBStoreBuilder.java:addTable(117)) - using custom profile for table: prefixTable
2019-10-23 12:35:58,020 [main] INFO  db.DBStoreBuilder (DBStoreBuilder.java:processTables(168)) - Using default column profile:DBProfile.DISK for Table:prefixTable
2019-10-23 12:35:58,021 [main] INFO  db.DBStoreBuilder (DBStoreBuilder.java:addTable(117)) - using custom profile for table: default
2019-10-23 12:35:58,021 [main] INFO  db.DBStoreBuilder (DBStoreBuilder.java:processTables(174)) - Using default column profile:DBProfile.DISK for Table:default
2019-10-23 12:35:58,021 [main] INFO  db.DBStoreBuilder (DBStoreBuilder.java:getDbProfile(205)) - Using default options. DBProfile.DISK
2019-10-23 12:35:58,441 [main] WARN  scm.HddsServerUtil (HddsServerUtil.java:getDefaultRatisDirectory(354)) - Storage directory for Ratis is not configured. It is a good idea to map this to an SSD disk. Falling back to ozone.metadata.dirs
2019-10-23 12:35:58,469 [main] INFO  ratis.OzoneManagerRatisServer (OzoneManagerRatisServer.java:<init>(243)) - Instantiating OM Ratis server with GroupID: omServiceIdDefault and Raft Peers: localhost:9872
2019-10-23 12:35:58,496 [main] INFO  impl.RaftServerProxy (ConfUtils.java:logGet(43)) - raft.rpc.type = GRPC (default)
2019-10-23 12:35:58,696 [main] INFO  grpc.GrpcFactory (GrpcFactory.java:checkPooledByteBufAllocatorUseCacheForAllThreads(45)) - PERFORMANCE WARNING: useCacheForAllThreads is true that may cause Netty to create a lot garbage objects and, as a result, trigger GC.
	It is recommended to disable useCacheForAllThreads by setting -Dorg.apache.ratis.thirdparty.io.netty.allocator.useCacheForAllThreads=false in command line.
2019-10-23 12:35:58,702 [main] INFO  grpc.GrpcConfigKeys$Server (ConfUtils.java:logGet(43)) - raft.grpc.server.port = 9872 (custom)
2019-10-23 12:35:58,703 [main] INFO  server.GrpcService (ConfUtils.java:logGet(43)) - raft.grpc.message.size.max = 33554432 (custom)
2019-10-23 12:35:58,705 [main] INFO  server.RaftServerConfigKeys (ConfUtils.java:logGet(43)) - raft.server.log.appender.buffer.byte-limit = 33554432 (custom)
2019-10-23 12:35:58,706 [main] INFO  server.GrpcService (ConfUtils.java:logGet(43)) - raft.grpc.flow.control.window = 1MB (=1048576) (default)
2019-10-23 12:35:58,707 [main] INFO  server.RaftServerConfigKeys (ConfUtils.java:logGet(43)) - raft.server.rpc.request.timeout = 3000ms (default)
2019-10-23 12:35:58,869 [main] INFO  server.RaftServerConfigKeys (ConfUtils.java:logGet(43)) - raft.server.storage.dir = [/workdir/hadoop-ozone/integration-test/target/test-dir/MiniOzoneClusterImpl-7da343b7-2e3e-4959-adfc-85e1dda11563/ozone-meta/ratis] (custom)
2019-10-23 12:35:58,876 [main] INFO  impl.RaftServerProxy (RaftServerProxy.java:addNew(89)) - e88650d1-3dbc-4b5a-aab6-0ddc9495fd88: addNew group-C5BA1605619E:[e88650d1-3dbc-4b5a-aab6-0ddc9495fd88:localhost:9872] returns group-C5BA1605619E:java.util.concurrent.CompletableFuture@299270eb[Not completed]
2019-10-23 12:35:58,877 [main] INFO  om.OzoneManager (OzoneManager.java:initializeRatisServer(1220)) - OzoneManager Ratis server initialized at port 9872
2019-10-23 12:35:58,880 [main] WARN  scm.HddsServerUtil (HddsServerUtil.java:getDefaultRatisDirectory(354)) - Storage directory for Ratis is not configured. It is a good idea to map this to an SSD disk. Falling back to ozone.metadata.dirs
2019-10-23 12:35:58,880 [main] WARN  scm.HddsServerUtil (HddsServerUtil.java:getDefaultRatisDirectory(354)) - Storage directory for Ratis is not configured. It is a good idea to map this to an SSD disk. Falling back to ozone.metadata.dirs
2019-10-23 12:35:58,887 [pool-22-thread-1] INFO  impl.RaftServerImpl (RaftServerImpl.java:<init>(104)) - e88650d1-3dbc-4b5a-aab6-0ddc9495fd88: new RaftServerImpl for group-C5BA1605619E:[e88650d1-3dbc-4b5a-aab6-0ddc9495fd88:localhost:9872] with OzoneManagerStateMachine:uninitialized
2019-10-23 12:35:58,888 [pool-22-thread-1] INFO  server.RaftServerConfigKeys (ConfUtils.java:logGet(43)) - raft.server.rpc.timeout.min = 1s (custom)
2019-10-23 12:35:58,889 [pool-22-thread-1] INFO  server.RaftServerConfigKeys (ConfUtils.java:logGet(43)) - raft.server.rpc.timeout.max = 1200ms (custom)
2019-10-23 12:35:58,889 [pool-22-thread-1] INFO  server.RaftServerConfigKeys (ConfUtils.java:logGet(43)) - raft.server.rpcslowness.timeout = 120s (custom)
2019-10-23 12:35:58,889 [pool-22-thread-1] INFO  server.RaftServerConfigKeys (ConfUtils.java:logGet(43)) - raft.server.sleep.deviation.threshold = 300 (default)
2019-10-23 12:35:58,890 [pool-22-thread-1] INFO  server.RaftServerConfigKeys (ConfUtils.java:logGet(43)) - raft.server.log.appender.install.snapshot.enabled = false (custom)
2019-10-23 12:35:58,896 [main] INFO  ipc.CallQueueManager (CallQueueManager.java:<init>(84)) - Using callQueue: class java.util.concurrent.LinkedBlockingQueue, queueCapacity: 2000, scheduler: class org.apache.hadoop.ipc.DefaultRpcScheduler, ipcBackoff: false.
2019-10-23 12:35:58,896 [pool-22-thread-1] INFO  impl.RaftServerImpl (ServerState.java:<init>(103)) - e88650d1-3dbc-4b5a-aab6-0ddc9495fd88@group-C5BA1605619E: ConfigurationManager, init=-1: [e88650d1-3dbc-4b5a-aab6-0ddc9495fd88:localhost:9872], old=null, confs=<EMPTY_MAP>
2019-10-23 12:35:58,897 [pool-22-thread-1] INFO  server.RaftServerConfigKeys (ConfUtils.java:logGet(43)) - raft.server.storage.dir = [/workdir/hadoop-ozone/integration-test/target/test-dir/MiniOzoneClusterImpl-7da343b7-2e3e-4959-adfc-85e1dda11563/ozone-meta/ratis] (custom)
2019-10-23 12:35:58,897 [Socket Reader #1 for port 40722] INFO  ipc.Server (Server.java:run(1074)) - Starting Socket Reader #1 for port 40722
2019-10-23 12:35:58,905 [pool-22-thread-1] INFO  server.RaftServerConfigKeys (ConfUtils.java:logGet(43)) - raft.server.log.corruption.policy = EXCEPTION (default)
2019-10-23 12:35:58,907 [pool-22-thread-1] INFO  storage.RaftStorageDirectory (RaftStorageDirectory.java:analyzeStorage(246)) - The storage directory /workdir/hadoop-ozone/integration-test/target/test-dir/MiniOzoneClusterImpl-7da343b7-2e3e-4959-adfc-85e1dda11563/ozone-meta/ratis/bf265839-605b-3f16-9796-c5ba1605619e does not exist. Creating ...
2019-10-23 12:35:58,917 [main] INFO  om.OzoneManager (OzoneManager.java:start(1074)) - OzoneManager RPC server is listening at localhost/127.0.0.1:40722
2019-10-23 12:35:58,917 [main] INFO  impl.MetricsSystemImpl (MetricsSystemImpl.java:init(158)) - OzoneManager metrics system started (again)
2019-10-23 12:35:58,918 [main] INFO  ratis.OzoneManagerRatisServer (OzoneManagerRatisServer.java:start(333)) - Starting OzoneManagerRatisServer e88650d1-3dbc-4b5a-aab6-0ddc9495fd88 at port 9872
2019-10-23 12:35:58,924 [pool-22-thread-1] INFO  storage.RaftStorageDirectory (RaftStorageDirectory.java:tryLock(328)) - Lock on /workdir/hadoop-ozone/integration-test/target/test-dir/MiniOzoneClusterImpl-7da343b7-2e3e-4959-adfc-85e1dda11563/ozone-meta/ratis/bf265839-605b-3f16-9796-c5ba1605619e/in_use.lock acquired by nodename 12737@pr-hdds1643-t2fz7-3136866267
2019-10-23 12:35:58,939 [pool-22-thread-1] INFO  storage.RaftStorage (RaftStorage.java:format(84)) - Storage directory /workdir/hadoop-ozone/integration-test/target/test-dir/MiniOzoneClusterImpl-7da343b7-2e3e-4959-adfc-85e1dda11563/ozone-meta/ratis/bf265839-605b-3f16-9796-c5ba1605619e has been successfully formatted.
2019-10-23 12:35:58,942 [pool-22-thread-1] INFO  server.RaftServerConfigKeys (ConfUtils.java:logGet(43)) - raft.server.notification.no-leader.timeout = 120s (custom)
2019-10-23 12:35:58,944 [pool-22-thread-1] INFO  server.RaftServerConfigKeys (ConfUtils.java:logGet(43)) - raft.server.log.use.memory = false (default)
2019-10-23 12:35:58,950 [pool-22-thread-1] INFO  server.RaftServerConfigKeys (ConfUtils.java:logGet(43)) - raft.server.log.purge.gap = 1000000 (custom)
2019-10-23 12:35:58,950 [pool-22-thread-1] INFO  server.RaftServerConfigKeys (ConfUtils.java:logGet(43)) - raft.server.log.appender.buffer.byte-limit = 33554432 (custom)
2019-10-23 12:35:58,952 [pool-22-thread-1] INFO  server.RaftServerConfigKeys (ConfUtils.java:logGet(43)) - raft.server.log.segment.size.max = 16384 (custom)
2019-10-23 12:35:58,953 [pool-22-thread-1] INFO  impl.MetricsSystemImpl (MetricsSystemImpl.java:init(158)) - ratis metrics system started (again)
2019-10-23 12:35:58,956 [pool-22-thread-1] INFO  metrics.MetricRegistries (MetricRegistriesLoader.java:load(64)) - Loaded MetricRegistries class org.apache.ratis.metrics.impl.MetricRegistriesImpl
2019-10-23 12:35:58,986 [pool-22-thread-1] INFO  server.RaftServerConfigKeys (ConfUtils.java:logGet(43)) - raft.server.log.segment.cache.num.max = 2 (custom)
2019-10-23 12:35:58,991 [pool-22-thread-1] INFO  segmented.SegmentedRaftLogWorker (SegmentedRaftLogWorker.java:<init>(173)) - new e88650d1-3dbc-4b5a-aab6-0ddc9495fd88@group-C5BA1605619E-SegmentedRaftLogWorker for RaftStorage:Storage Directory /workdir/hadoop-ozone/integration-test/target/test-dir/MiniOzoneClusterImpl-7da343b7-2e3e-4959-adfc-85e1dda11563/ozone-meta/ratis/bf265839-605b-3f16-9796-c5ba1605619e
2019-10-23 12:35:58,991 [pool-22-thread-1] INFO  server.RaftServerConfigKeys (ConfUtils.java:logGet(43)) - raft.server.log.queue.byte-limit = 64MB (=67108864) (default)
2019-10-23 12:35:58,992 [pool-22-thread-1] INFO  server.RaftServerConfigKeys (ConfUtils.java:logGet(43)) - raft.server.log.queue.element-limit = 4096 (default)
2019-10-23 12:35:58,993 [pool-22-thread-1] INFO  server.RaftServerConfigKeys (ConfUtils.java:logGet(43)) - raft.server.log.segment.size.max = 16384 (custom)
2019-10-23 12:35:58,993 [pool-22-thread-1] INFO  server.RaftServerConfigKeys (ConfUtils.java:logGet(43)) - raft.server.log.preallocated.size = 16384 (custom)
2019-10-23 12:35:58,994 [pool-22-thread-1] INFO  server.RaftServerConfigKeys (ConfUtils.java:logGet(43)) - raft.server.log.write.buffer.size = 64KB (=65536) (default)
2019-10-23 12:35:58,994 [pool-22-thread-1] INFO  server.RaftServerConfigKeys (ConfUtils.java:logGet(43)) - raft.server.log.force.sync.num = 128 (default)
2019-10-23 12:35:58,995 [pool-22-thread-1] INFO  server.RaftServerConfigKeys (ConfUtils.java:logGet(43)) - raft.server.log.statemachine.data.sync = true (default)
2019-10-23 12:35:58,996 [pool-22-thread-1] INFO  server.RaftServerConfigKeys (ConfUtils.java:logGet(43)) - raft.server.log.statemachine.data.sync.timeout = 10s (default)
2019-10-23 12:35:58,996 [pool-22-thread-1] INFO  server.RaftServerConfigKeys (ConfUtils.java:logGet(43)) - raft.server.log.statemachine.data.sync.timeout.retry = -1 (default)
2019-10-23 12:35:59,011 [pool-22-thread-1] INFO  server.RaftServerConfigKeys (ConfUtils.java:logGet(43)) - raft.server.log.statemachine.data.caching.enabled = false (default)
2019-10-23 12:35:59,021 [pool-22-thread-1] INFO  segmented.SegmentedRaftLogWorker (SegmentedRaftLogWorker.java:lambda$new$0(128)) - e88650d1-3dbc-4b5a-aab6-0ddc9495fd88@group-C5BA1605619E-SegmentedRaftLogWorker: flushIndex: setUnconditionally 0 -> -1
2019-10-23 12:35:59,035 [pool-22-thread-1] INFO  server.RaftServerConfigKeys (ConfUtils.java:logGet(43)) - raft.server.snapshot.auto.trigger.enabled = true (custom)
2019-10-23 12:35:59,037 [pool-22-thread-1] INFO  server.RaftServerConfigKeys (ConfUtils.java:logGet(43)) - raft.server.snapshot.auto.trigger.threshold = 400000 (default)
2019-10-23 12:35:59,037 [pool-22-thread-1] INFO  server.RaftServerConfigKeys (ConfUtils.java:logGet(43)) - raft.server.snapshot.retention.file.num = -1 (default)
2019-10-23 12:35:59,038 [pool-22-thread-1] INFO  server.RaftServerConfigKeys (ConfUtils.java:logGet(43)) - raft.server.retrycache.expirytime = 600000ms (custom)
2019-10-23 12:35:59,078 [main] INFO  impl.RaftServerImpl (RaftServerImpl.java:start(195)) - e88650d1-3dbc-4b5a-aab6-0ddc9495fd88@group-C5BA1605619E: start as a follower, conf=-1: [e88650d1-3dbc-4b5a-aab6-0ddc9495fd88:localhost:9872], old=null
2019-10-23 12:35:59,081 [main] INFO  impl.RaftServerImpl (RaftServerImpl.java:setRole(184)) - e88650d1-3dbc-4b5a-aab6-0ddc9495fd88@group-C5BA1605619E: changes role from      null to FOLLOWER at term 0 for startAsFollower
2019-10-23 12:35:59,083 [main] INFO  impl.RoleInfo (RoleInfo.java:updateAndGet(143)) - e88650d1-3dbc-4b5a-aab6-0ddc9495fd88: start FollowerState
2019-10-23 12:35:59,087 [main] INFO  util.JmxRegister (JmxRegister.java:tryRegister(44)) - Successfully registered JMX Bean with object name Ratis:service=RaftServer,group=group-C5BA1605619E,id=e88650d1-3dbc-4b5a-aab6-0ddc9495fd88
2019-10-23 12:35:59,110 [main] INFO  impl.RaftServerProxy (RaftServerProxy.java:lambda$start$3(299)) - e88650d1-3dbc-4b5a-aab6-0ddc9495fd88: start RPC server
2019-10-23 12:35:59,242 [main] INFO  server.GrpcService (GrpcService.java:startImpl(158)) - e88650d1-3dbc-4b5a-aab6-0ddc9495fd88: GrpcService started, listening on 0.0.0.0/0.0.0.0:9872
2019-10-23 12:35:59,258 [IPC Server Responder] INFO  ipc.Server (Server.java:run(1314)) - IPC Server Responder: starting
2019-10-23 12:35:59,258 [IPC Server listener on 40722] INFO  ipc.Server (Server.java:run(1153)) - IPC Server listener on 40722: starting
2019-10-23 12:35:59,266 [main] INFO  hdfs.DFSUtil (DFSUtil.java:httpServerTemplateForNNAndJN(1641)) - Starting Web-server for ozoneManager at: http://0.0.0.0:0
2019-10-23 12:35:59,268 [main] INFO  server.AuthenticationFilter (AuthenticationFilter.java:constructSecretProvider(240)) - Unable to initialize FileSignerSecretProvider, falling back to use random secrets.
2019-10-23 12:35:59,269 [main] WARN  http.HttpRequestLog (HttpRequestLog.java:getRequestLog(97)) - Jetty request log can only be enabled using Log4j
2019-10-23 12:35:59,272 [main] INFO  http.HttpServer2 (HttpServer2.java:addGlobalFilter(975)) - Added global filter 'safety' (class=org.apache.hadoop.http.HttpServer2$QuotingInputFilter)
2019-10-23 12:35:59,273 [main] INFO  http.HttpServer2 (HttpServer2.java:addFilter(948)) - Added filter static_user_filter (class=org.apache.hadoop.http.lib.StaticUserWebFilter$StaticUserFilter) to context ozoneManager
2019-10-23 12:35:59,273 [main] INFO  http.HttpServer2 (HttpServer2.java:addFilter(958)) - Added filter static_user_filter (class=org.apache.hadoop.http.lib.StaticUserWebFilter$StaticUserFilter) to context logs
2019-10-23 12:35:59,273 [main] INFO  http.HttpServer2 (HttpServer2.java:addFilter(958)) - Added filter static_user_filter (class=org.apache.hadoop.http.lib.StaticUserWebFilter$StaticUserFilter) to context static
2019-10-23 12:35:59,274 [Thread-93] INFO  impl.FollowerState (FollowerState.java:run(108)) - e88650d1-3dbc-4b5a-aab6-0ddc9495fd88@group-C5BA1605619E-FollowerState: change to CANDIDATE, lastRpcTime:191ms, electionTimeout:190ms
2019-10-23 12:35:59,276 [main] INFO  http.HttpServer2 (HttpServer2.java:bindListener(1191)) - Jetty bound to port 37205
2019-10-23 12:35:59,276 [main] INFO  server.Server (Server.java:doStart(351)) - jetty-9.3.25.v20180904, build timestamp: 2018-09-04T21:11:46Z, git hash: 3ce520221d0240229c862b122d2b06c12a625732
2019-10-23 12:35:59,278 [Thread-93] INFO  impl.RoleInfo (RoleInfo.java:shutdownFollowerState(121)) - e88650d1-3dbc-4b5a-aab6-0ddc9495fd88: shutdown FollowerState
2019-10-23 12:35:59,279 [Thread-93] INFO  impl.RaftServerImpl (RaftServerImpl.java:setRole(184)) - e88650d1-3dbc-4b5a-aab6-0ddc9495fd88@group-C5BA1605619E: changes role from  FOLLOWER to CANDIDATE at term 0 for changeToCandidate
2019-10-23 12:35:59,280 [main] INFO  handler.ContextHandler (ContextHandler.java:doStart(781)) - Started o.e.j.s.ServletContextHandler@65f2f9b0{/logs,file:///workdir/hadoop-ozone/integration-test/target/log,AVAILABLE}
2019-10-23 12:35:59,280 [main] INFO  handler.ContextHandler (ContextHandler.java:doStart(781)) - Started o.e.j.s.ServletContextHandler@59e43e8c{/static,file:///workdir/hadoop-ozone/integration-test/target/test-classes/webapps/static,AVAILABLE}
2019-10-23 12:35:59,283 [Thread-93] INFO  impl.RoleInfo (RoleInfo.java:updateAndGet(143)) - e88650d1-3dbc-4b5a-aab6-0ddc9495fd88: start LeaderElection
2019-10-23 12:35:59,286 [main] INFO  handler.ContextHandler (ContextHandler.java:doStart(781)) - Started o.e.j.w.WebAppContext@35764bef{/,file:///workdir/hadoop-ozone/integration-test/target/test-classes/webapps/ozoneManager/,AVAILABLE}{/ozoneManager}
2019-10-23 12:35:59,287 [main] INFO  server.AbstractConnector (AbstractConnector.java:doStart(278)) - Started ServerConnector@5633dafd{HTTP/1.1,[http/1.1]}{0.0.0.0:37205}
2019-10-23 12:35:59,288 [main] INFO  server.Server (Server.java:doStart(419)) - Started @5022ms
2019-10-23 12:35:59,288 [main] WARN  impl.MetricsSystemImpl (MetricsSystemImpl.java:register(276)) - Sink prometheus already exists!
2019-10-23 12:35:59,289 [main] INFO  server.BaseHttpServer (BaseHttpServer.java:updateConnectorAddress(215)) - HTTP server of OZONEMANAGER is listening at http://0.0.0.0:37205
2019-10-23 12:35:59,299 [e88650d1-3dbc-4b5a-aab6-0ddc9495fd88@group-C5BA1605619E-LeaderElection1] INFO  impl.LeaderElection (LeaderElection.java:askForVotes(178)) - e88650d1-3dbc-4b5a-aab6-0ddc9495fd88@group-C5BA1605619E-LeaderElection1: begin an election at term 1 for -1: [e88650d1-3dbc-4b5a-aab6-0ddc9495fd88:localhost:9872], old=null
2019-10-23 12:35:59,301 [e88650d1-3dbc-4b5a-aab6-0ddc9495fd88@group-C5BA1605619E-LeaderElection1] INFO  impl.RoleInfo (RoleInfo.java:shutdownLeaderElection(134)) - e88650d1-3dbc-4b5a-aab6-0ddc9495fd88: shutdown LeaderElection
2019-10-23 12:35:59,301 [e88650d1-3dbc-4b5a-aab6-0ddc9495fd88@group-C5BA1605619E-LeaderElection1] INFO  impl.RaftServerImpl (RaftServerImpl.java:setRole(184)) - e88650d1-3dbc-4b5a-aab6-0ddc9495fd88@group-C5BA1605619E: changes role from CANDIDATE to LEADER at term 1 for changeToLeader
2019-10-23 12:35:59,302 [e88650d1-3dbc-4b5a-aab6-0ddc9495fd88@group-C5BA1605619E-LeaderElection1] INFO  impl.RaftServerImpl (ServerState.java:setLeader(256)) - e88650d1-3dbc-4b5a-aab6-0ddc9495fd88@group-C5BA1605619E: change Leader from null to e88650d1-3dbc-4b5a-aab6-0ddc9495fd88 at term 1 for becomeLeader, leader elected after 359ms
2019-10-23 12:35:59,307 [e88650d1-3dbc-4b5a-aab6-0ddc9495fd88@group-C5BA1605619E-LeaderElection1] INFO  server.RaftServerConfigKeys (ConfUtils.java:logGet(43)) - raft.server.staging.catchup.gap = 1000 (default)
2019-10-23 12:35:59,307 [e88650d1-3dbc-4b5a-aab6-0ddc9495fd88@group-C5BA1605619E-LeaderElection1] INFO  server.RaftServerConfigKeys (ConfUtils.java:logGet(43)) - raft.server.rpc.sleep.time = 25ms (default)
2019-10-23 12:35:59,313 [e88650d1-3dbc-4b5a-aab6-0ddc9495fd88@group-C5BA1605619E-LeaderElection1] INFO  server.RaftServerConfigKeys (ConfUtils.java:logGet(43)) - raft.server.write.element-limit = 4096 (default)
2019-10-23 12:35:59,318 [e88650d1-3dbc-4b5a-aab6-0ddc9495fd88@group-C5BA1605619E-LeaderElection1] INFO  server.RaftServerConfigKeys (ConfUtils.java:logGet(43)) - raft.server.watch.timeout = 10s (default)
2019-10-23 12:35:59,318 [e88650d1-3dbc-4b5a-aab6-0ddc9495fd88@group-C5BA1605619E-LeaderElection1] INFO  server.RaftServerConfigKeys (ConfUtils.java:logGet(43)) - raft.server.watch.timeout.denomination = 1s (default)
2019-10-23 12:35:59,319 [e88650d1-3dbc-4b5a-aab6-0ddc9495fd88@group-C5BA1605619E-LeaderElection1] INFO  server.RaftServerConfigKeys (ConfUtils.java:logGet(43)) - raft.server.watch.element-limit = 65536 (default)
2019-10-23 12:35:59,341 [e88650d1-3dbc-4b5a-aab6-0ddc9495fd88@group-C5BA1605619E-LeaderElection1] INFO  impl.RoleInfo (RoleInfo.java:updateAndGet(143)) - e88650d1-3dbc-4b5a-aab6-0ddc9495fd88: start LeaderState
2019-10-23 12:35:59,362 [e88650d1-3dbc-4b5a-aab6-0ddc9495fd88@group-C5BA1605619E-LeaderElection1] INFO  segmented.SegmentedRaftLogWorker (SegmentedRaftLogWorker.java:startLogSegment(385)) - e88650d1-3dbc-4b5a-aab6-0ddc9495fd88@group-C5BA1605619E-SegmentedRaftLogWorker: Starting segment from index:0
2019-10-23 12:35:59,386 [e88650d1-3dbc-4b5a-aab6-0ddc9495fd88@group-C5BA1605619E-LeaderElection1] INFO  impl.RaftServerImpl (ServerState.java:setRaftConf(357)) - e88650d1-3dbc-4b5a-aab6-0ddc9495fd88@group-C5BA1605619E: set configuration 0: [e88650d1-3dbc-4b5a-aab6-0ddc9495fd88:localhost:9872], old=null at 0
2019-10-23 12:35:59,455 [main] INFO  impl.MetricsSystemImpl (MetricsSystemImpl.java:init(158)) - HddsDatanode metrics system started (again)
2019-10-23 12:35:59,500 [main] INFO  ozone.HddsDatanodeService (HddsDatanodeService.java:start(184)) - HddsDatanodeService host:pr-hdds1643-t2fz7-3136866267 ip:192.168.69.118
2019-10-23 12:35:59,549 [main] INFO  volume.HddsVolume (HddsVolume.java:<init>(176)) - Creating Volume: /workdir/hadoop-ozone/integration-test/target/test-dir/MiniOzoneClusterImpl-7da343b7-2e3e-4959-adfc-85e1dda11563/datanode-0/data/containers/hdds of  storage type : DISK and capacity : 1482555576320
2019-10-23 12:35:59,552 [main] INFO  volume.VolumeSet (VolumeSet.java:initializeVolumeSet(170)) - Added Volume : /workdir/hadoop-ozone/integration-test/target/test-dir/MiniOzoneClusterImpl-7da343b7-2e3e-4959-adfc-85e1dda11563/datanode-0/data/containers/hdds to VolumeSet
2019-10-23 12:35:59,556 [main] INFO  volume.ThrottledAsyncChecker (ThrottledAsyncChecker.java:schedule(141)) - Scheduling a check for /workdir/hadoop-ozone/integration-test/target/test-dir/MiniOzoneClusterImpl-7da343b7-2e3e-4959-adfc-85e1dda11563/datanode-0/data/containers/hdds
2019-10-23 12:35:59,574 [main] INFO  volume.HddsVolumeChecker (HddsVolumeChecker.java:checkAllVolumes(204)) - Scheduled health check for volume /workdir/hadoop-ozone/integration-test/target/test-dir/MiniOzoneClusterImpl-7da343b7-2e3e-4959-adfc-85e1dda11563/datanode-0/data/containers/hdds
2019-10-23 12:35:59,627 [main] INFO  impl.RaftServerProxy (ConfUtils.java:logGet(43)) - raft.rpc.type = GRPC (default)
2019-10-23 12:35:59,628 [main] INFO  grpc.GrpcFactory (GrpcFactory.java:checkPooledByteBufAllocatorUseCacheForAllThreads(45)) - PERFORMANCE WARNING: useCacheForAllThreads is true that may cause Netty to create a lot garbage objects and, as a result, trigger GC.
	It is recommended to disable useCacheForAllThreads by setting -Dorg.apache.ratis.thirdparty.io.netty.allocator.useCacheForAllThreads=false in command line.
2019-10-23 12:35:59,628 [main] INFO  grpc.GrpcConfigKeys$Server (ConfUtils.java:logGet(43)) - raft.grpc.server.port = 0 (default)
2019-10-23 12:35:59,628 [main] INFO  server.GrpcService (ConfUtils.java:logGet(43)) - raft.grpc.message.size.max = 33570816 (custom)
2019-10-23 12:35:59,628 [main] INFO  server.RaftServerConfigKeys (ConfUtils.java:logGet(43)) - raft.server.log.appender.buffer.byte-limit = 33554432 (custom)
2019-10-23 12:35:59,629 [main] INFO  server.GrpcService (ConfUtils.java:logGet(43)) - raft.grpc.flow.control.window = 1MB (=1048576) (default)
2019-10-23 12:35:59,629 [main] INFO  server.RaftServerConfigKeys (ConfUtils.java:logGet(43)) - raft.server.rpc.request.timeout = 3000ms (default)
2019-10-23 12:35:59,630 [main] INFO  server.RaftServerConfigKeys (ConfUtils.java:logGet(43)) - raft.server.storage.dir = [/workdir/hadoop-ozone/integration-test/target/test-dir/MiniOzoneClusterImpl-7da343b7-2e3e-4959-adfc-85e1dda11563/datanode-0/data/ratis] (custom)
2019-10-23 12:35:59,653 [e88650d1-3dbc-4b5a-aab6-0ddc9495fd88@group-C5BA1605619E-SegmentedRaftLogWorker] INFO  segmented.SegmentedRaftLogWorker (SegmentedRaftLogWorker.java:execute(576)) - e88650d1-3dbc-4b5a-aab6-0ddc9495fd88@group-C5BA1605619E-SegmentedRaftLogWorker: created new log segment /workdir/hadoop-ozone/integration-test/target/test-dir/MiniOzoneClusterImpl-7da343b7-2e3e-4959-adfc-85e1dda11563/ozone-meta/ratis/bf265839-605b-3f16-9796-c5ba1605619e/current/log_inprogress_0
2019-10-23 12:35:59,720 [main] INFO  hdfs.DFSUtil (DFSUtil.java:httpServerTemplateForNNAndJN(1641)) - Starting Web-server for hddsDatanode at: http://0.0.0.0:0
2019-10-23 12:35:59,722 [main] INFO  server.AuthenticationFilter (AuthenticationFilter.java:constructSecretProvider(240)) - Unable to initialize FileSignerSecretProvider, falling back to use random secrets.
2019-10-23 12:35:59,723 [main] WARN  http.HttpRequestLog (HttpRequestLog.java:getRequestLog(97)) - Jetty request log can only be enabled using Log4j
2019-10-23 12:35:59,726 [main] INFO  http.HttpServer2 (HttpServer2.java:addGlobalFilter(975)) - Added global filter 'safety' (class=org.apache.hadoop.http.HttpServer2$QuotingInputFilter)
2019-10-23 12:35:59,727 [main] INFO  http.HttpServer2 (HttpServer2.java:addFilter(948)) - Added filter static_user_filter (class=org.apache.hadoop.http.lib.StaticUserWebFilter$StaticUserFilter) to context hddsDatanode
2019-10-23 12:35:59,727 [main] INFO  http.HttpServer2 (HttpServer2.java:addFilter(958)) - Added filter static_user_filter (class=org.apache.hadoop.http.lib.StaticUserWebFilter$StaticUserFilter) to context logs
2019-10-23 12:35:59,727 [main] INFO  http.HttpServer2 (HttpServer2.java:addFilter(958)) - Added filter static_user_filter (class=org.apache.hadoop.http.lib.StaticUserWebFilter$StaticUserFilter) to context static
2019-10-23 12:35:59,729 [main] INFO  http.HttpServer2 (HttpServer2.java:bindListener(1191)) - Jetty bound to port 40524
2019-10-23 12:35:59,729 [main] INFO  server.Server (Server.java:doStart(351)) - jetty-9.3.25.v20180904, build timestamp: 2018-09-04T21:11:46Z, git hash: 3ce520221d0240229c862b122d2b06c12a625732
2019-10-23 12:35:59,733 [main] INFO  handler.ContextHandler (ContextHandler.java:doStart(781)) - Started o.e.j.s.ServletContextHandler@7c8c70d6{/logs,file:///workdir/hadoop-ozone/integration-test/target/log,AVAILABLE}
2019-10-23 12:35:59,734 [main] INFO  handler.ContextHandler (ContextHandler.java:doStart(781)) - Started o.e.j.s.ServletContextHandler@6edf29c1{/static,jar:file:/home/user/.m2/repository/org/apache/hadoop/hadoop-hdds-container-service/0.5.0-SNAPSHOT/hadoop-hdds-container-service-0.5.0-SNAPSHOT.jar!/webapps/static,AVAILABLE}
2019-10-23 12:35:59,786 [main] INFO  handler.ContextHandler (ContextHandler.java:doStart(781)) - Started o.e.j.w.WebAppContext@57272109{/,file:///tmp/jetty-0.0.0.0-40524-hddsDatanode-_-any-3685952863259560669.dir/webapp/,AVAILABLE}{/hddsDatanode}
2019-10-23 12:35:59,787 [main] INFO  server.AbstractConnector (AbstractConnector.java:doStart(278)) - Started ServerConnector@59696551{HTTP/1.1,[http/1.1]}{0.0.0.0:40524}
2019-10-23 12:35:59,790 [main] INFO  server.Server (Server.java:doStart(419)) - Started @5524ms
2019-10-23 12:35:59,790 [main] WARN  impl.MetricsSystemImpl (MetricsSystemImpl.java:register(276)) - Sink prometheus already exists!
2019-10-23 12:35:59,791 [main] INFO  server.BaseHttpServer (BaseHttpServer.java:updateConnectorAddress(215)) - HTTP server of HDDSDATANODE is listening at http://0.0.0.0:40524
2019-10-23 12:35:59,793 [main] INFO  impl.MetricsSystemImpl (MetricsSystemImpl.java:init(158)) - HddsDatanode metrics system started (again)
2019-10-23 12:35:59,796 [main] INFO  ozone.HddsDatanodeService (HddsDatanodeService.java:start(184)) - HddsDatanodeService host:pr-hdds1643-t2fz7-3136866267 ip:192.168.69.118
2019-10-23 12:35:59,799 [org.apache.hadoop.util.JvmPauseMonitor$Monitor@6a781aa5] INFO  util.JvmPauseMonitor (JvmPauseMonitor.java:run(188)) - Starting JVM pause monitor
2019-10-23 12:35:59,806 [main] INFO  volume.HddsVolume (HddsVolume.java:<init>(176)) - Creating Volume: /workdir/hadoop-ozone/integration-test/target/test-dir/MiniOzoneClusterImpl-7da343b7-2e3e-4959-adfc-85e1dda11563/datanode-1/data/containers/hdds of  storage type : DISK and capacity : 1482555576320
2019-10-23 12:35:59,807 [main] INFO  volume.VolumeSet (VolumeSet.java:initializeVolumeSet(170)) - Added Volume : /workdir/hadoop-ozone/integration-test/target/test-dir/MiniOzoneClusterImpl-7da343b7-2e3e-4959-adfc-85e1dda11563/datanode-1/data/containers/hdds to VolumeSet
2019-10-23 12:35:59,807 [main] INFO  volume.ThrottledAsyncChecker (ThrottledAsyncChecker.java:schedule(141)) - Scheduling a check for /workdir/hadoop-ozone/integration-test/target/test-dir/MiniOzoneClusterImpl-7da343b7-2e3e-4959-adfc-85e1dda11563/datanode-1/data/containers/hdds
2019-10-23 12:35:59,808 [main] INFO  volume.HddsVolumeChecker (HddsVolumeChecker.java:checkAllVolumes(204)) - Scheduled health check for volume /workdir/hadoop-ozone/integration-test/target/test-dir/MiniOzoneClusterImpl-7da343b7-2e3e-4959-adfc-85e1dda11563/datanode-1/data/containers/hdds
2019-10-23 12:35:59,827 [main] INFO  impl.RaftServerProxy (ConfUtils.java:logGet(43)) - raft.rpc.type = GRPC (default)
2019-10-23 12:35:59,827 [main] INFO  grpc.GrpcFactory (GrpcFactory.java:checkPooledByteBufAllocatorUseCacheForAllThreads(45)) - PERFORMANCE WARNING: useCacheForAllThreads is true that may cause Netty to create a lot garbage objects and, as a result, trigger GC.
	It is recommended to disable useCacheForAllThreads by setting -Dorg.apache.ratis.thirdparty.io.netty.allocator.useCacheForAllThreads=false in command line.
2019-10-23 12:35:59,827 [main] INFO  grpc.GrpcConfigKeys$Server (ConfUtils.java:logGet(43)) - raft.grpc.server.port = 0 (default)
2019-10-23 12:35:59,827 [main] INFO  server.GrpcService (ConfUtils.java:logGet(43)) - raft.grpc.message.size.max = 33570816 (custom)
2019-10-23 12:35:59,828 [main] INFO  server.RaftServerConfigKeys (ConfUtils.java:logGet(43)) - raft.server.log.appender.buffer.byte-limit = 33554432 (custom)
2019-10-23 12:35:59,828 [main] INFO  server.GrpcService (ConfUtils.java:logGet(43)) - raft.grpc.flow.control.window = 1MB (=1048576) (default)
2019-10-23 12:35:59,828 [main] INFO  server.RaftServerConfigKeys (ConfUtils.java:logGet(43)) - raft.server.rpc.request.timeout = 3000ms (default)
2019-10-23 12:35:59,829 [main] INFO  server.RaftServerConfigKeys (ConfUtils.java:logGet(43)) - raft.server.storage.dir = [/workdir/hadoop-ozone/integration-test/target/test-dir/MiniOzoneClusterImpl-7da343b7-2e3e-4959-adfc-85e1dda11563/datanode-1/data/ratis] (custom)
2019-10-23 12:35:59,831 [main] INFO  hdfs.DFSUtil (DFSUtil.java:httpServerTemplateForNNAndJN(1641)) - Starting Web-server for hddsDatanode at: http://0.0.0.0:0
2019-10-23 12:35:59,833 [main] INFO  server.AuthenticationFilter (AuthenticationFilter.java:constructSecretProvider(240)) - Unable to initialize FileSignerSecretProvider, falling back to use random secrets.
2019-10-23 12:35:59,834 [main] WARN  http.HttpRequestLog (HttpRequestLog.java:getRequestLog(97)) - Jetty request log can only be enabled using Log4j
2019-10-23 12:35:59,836 [main] INFO  http.HttpServer2 (HttpServer2.java:addGlobalFilter(975)) - Added global filter 'safety' (class=org.apache.hadoop.http.HttpServer2$QuotingInputFilter)
2019-10-23 12:35:59,837 [main] INFO  http.HttpServer2 (HttpServer2.java:addFilter(948)) - Added filter static_user_filter (class=org.apache.hadoop.http.lib.StaticUserWebFilter$StaticUserFilter) to context hddsDatanode
2019-10-23 12:35:59,837 [main] INFO  http.HttpServer2 (HttpServer2.java:addFilter(958)) - Added filter static_user_filter (class=org.apache.hadoop.http.lib.StaticUserWebFilter$StaticUserFilter) to context logs
2019-10-23 12:35:59,837 [main] INFO  http.HttpServer2 (HttpServer2.java:addFilter(958)) - Added filter static_user_filter (class=org.apache.hadoop.http.lib.StaticUserWebFilter$StaticUserFilter) to context static
2019-10-23 12:35:59,838 [main] INFO  http.HttpServer2 (HttpServer2.java:bindListener(1191)) - Jetty bound to port 42984
2019-10-23 12:35:59,838 [main] INFO  server.Server (Server.java:doStart(351)) - jetty-9.3.25.v20180904, build timestamp: 2018-09-04T21:11:46Z, git hash: 3ce520221d0240229c862b122d2b06c12a625732
2019-10-23 12:35:59,842 [main] INFO  handler.ContextHandler (ContextHandler.java:doStart(781)) - Started o.e.j.s.ServletContextHandler@29a98d9f{/logs,file:///workdir/hadoop-ozone/integration-test/target/log,AVAILABLE}
2019-10-23 12:35:59,842 [main] INFO  handler.ContextHandler (ContextHandler.java:doStart(781)) - Started o.e.j.s.ServletContextHandler@544e8149{/static,jar:file:/home/user/.m2/repository/org/apache/hadoop/hadoop-hdds-container-service/0.5.0-SNAPSHOT/hadoop-hdds-container-service-0.5.0-SNAPSHOT.jar!/webapps/static,AVAILABLE}
2019-10-23 12:35:59,878 [main] INFO  handler.ContextHandler (ContextHandler.java:doStart(781)) - Started o.e.j.w.WebAppContext@7e446d92{/,file:///tmp/jetty-0.0.0.0-42984-hddsDatanode-_-any-2401661707443744494.dir/webapp/,AVAILABLE}{/hddsDatanode}
2019-10-23 12:35:59,878 [main] INFO  server.AbstractConnector (AbstractConnector.java:doStart(278)) - Started ServerConnector@57f9b467{HTTP/1.1,[http/1.1]}{0.0.0.0:42984}
2019-10-23 12:35:59,879 [main] INFO  server.Server (Server.java:doStart(419)) - Started @5614ms
2019-10-23 12:35:59,880 [main] WARN  impl.MetricsSystemImpl (MetricsSystemImpl.java:register(276)) - Sink prometheus already exists!
2019-10-23 12:35:59,881 [main] INFO  server.BaseHttpServer (BaseHttpServer.java:updateConnectorAddress(215)) - HTTP server of HDDSDATANODE is listening at http://0.0.0.0:42984
2019-10-23 12:35:59,881 [main] INFO  impl.MetricsSystemImpl (MetricsSystemImpl.java:init(158)) - HddsDatanode metrics system started (again)
2019-10-23 12:35:59,884 [main] INFO  ozone.HddsDatanodeService (HddsDatanodeService.java:start(184)) - HddsDatanodeService host:pr-hdds1643-t2fz7-3136866267 ip:192.168.69.118
2019-10-23 12:35:59,884 [org.apache.hadoop.util.JvmPauseMonitor$Monitor@3ff0f7c5] INFO  util.JvmPauseMonitor (JvmPauseMonitor.java:run(188)) - Starting JVM pause monitor
2019-10-23 12:35:59,893 [main] INFO  volume.HddsVolume (HddsVolume.java:<init>(176)) - Creating Volume: /workdir/hadoop-ozone/integration-test/target/test-dir/MiniOzoneClusterImpl-7da343b7-2e3e-4959-adfc-85e1dda11563/datanode-2/data/containers/hdds of  storage type : DISK and capacity : 1482555576320
2019-10-23 12:35:59,893 [main] INFO  volume.VolumeSet (VolumeSet.java:initializeVolumeSet(170)) - Added Volume : /workdir/hadoop-ozone/integration-test/target/test-dir/MiniOzoneClusterImpl-7da343b7-2e3e-4959-adfc-85e1dda11563/datanode-2/data/containers/hdds to VolumeSet
2019-10-23 12:35:59,893 [main] INFO  volume.ThrottledAsyncChecker (ThrottledAsyncChecker.java:schedule(141)) - Scheduling a check for /workdir/hadoop-ozone/integration-test/target/test-dir/MiniOzoneClusterImpl-7da343b7-2e3e-4959-adfc-85e1dda11563/datanode-2/data/containers/hdds
2019-10-23 12:35:59,894 [main] INFO  volume.HddsVolumeChecker (HddsVolumeChecker.java:checkAllVolumes(204)) - Scheduled health check for volume /workdir/hadoop-ozone/integration-test/target/test-dir/MiniOzoneClusterImpl-7da343b7-2e3e-4959-adfc-85e1dda11563/datanode-2/data/containers/hdds
2019-10-23 12:35:59,909 [main] INFO  impl.RaftServerProxy (ConfUtils.java:logGet(43)) - raft.rpc.type = GRPC (default)
2019-10-23 12:35:59,909 [main] INFO  grpc.GrpcFactory (GrpcFactory.java:checkPooledByteBufAllocatorUseCacheForAllThreads(45)) - PERFORMANCE WARNING: useCacheForAllThreads is true that may cause Netty to create a lot garbage objects and, as a result, trigger GC.
	It is recommended to disable useCacheForAllThreads by setting -Dorg.apache.ratis.thirdparty.io.netty.allocator.useCacheForAllThreads=false in command line.
2019-10-23 12:35:59,909 [main] INFO  grpc.GrpcConfigKeys$Server (ConfUtils.java:logGet(43)) - raft.grpc.server.port = 0 (default)
2019-10-23 12:35:59,909 [main] INFO  server.GrpcService (ConfUtils.java:logGet(43)) - raft.grpc.message.size.max = 33570816 (custom)
2019-10-23 12:35:59,910 [main] INFO  server.RaftServerConfigKeys (ConfUtils.java:logGet(43)) - raft.server.log.appender.buffer.byte-limit = 33554432 (custom)
2019-10-23 12:35:59,910 [main] INFO  server.GrpcService (ConfUtils.java:logGet(43)) - raft.grpc.flow.control.window = 1MB (=1048576) (default)
2019-10-23 12:35:59,910 [main] INFO  server.RaftServerConfigKeys (ConfUtils.java:logGet(43)) - raft.server.rpc.request.timeout = 3000ms (default)
2019-10-23 12:35:59,911 [main] INFO  server.RaftServerConfigKeys (ConfUtils.java:logGet(43)) - raft.server.storage.dir = [/workdir/hadoop-ozone/integration-test/target/test-dir/MiniOzoneClusterImpl-7da343b7-2e3e-4959-adfc-85e1dda11563/datanode-2/data/ratis] (custom)
2019-10-23 12:35:59,913 [main] INFO  hdfs.DFSUtil (DFSUtil.java:httpServerTemplateForNNAndJN(1641)) - Starting Web-server for hddsDatanode at: http://0.0.0.0:0
2019-10-23 12:35:59,914 [main] INFO  server.AuthenticationFilter (AuthenticationFilter.java:constructSecretProvider(240)) - Unable to initialize FileSignerSecretProvider, falling back to use random secrets.
2019-10-23 12:35:59,914 [main] WARN  http.HttpRequestLog (HttpRequestLog.java:getRequestLog(97)) - Jetty request log can only be enabled using Log4j
2019-10-23 12:35:59,916 [main] INFO  http.HttpServer2 (HttpServer2.java:addGlobalFilter(975)) - Added global filter 'safety' (class=org.apache.hadoop.http.HttpServer2$QuotingInputFilter)
2019-10-23 12:35:59,917 [main] INFO  http.HttpServer2 (HttpServer2.java:addFilter(948)) - Added filter static_user_filter (class=org.apache.hadoop.http.lib.StaticUserWebFilter$StaticUserFilter) to context hddsDatanode
2019-10-23 12:35:59,917 [main] INFO  http.HttpServer2 (HttpServer2.java:addFilter(958)) - Added filter static_user_filter (class=org.apache.hadoop.http.lib.StaticUserWebFilter$StaticUserFilter) to context logs
2019-10-23 12:35:59,917 [main] INFO  http.HttpServer2 (HttpServer2.java:addFilter(958)) - Added filter static_user_filter (class=org.apache.hadoop.http.lib.StaticUserWebFilter$StaticUserFilter) to context static
2019-10-23 12:35:59,918 [main] INFO  http.HttpServer2 (HttpServer2.java:bindListener(1191)) - Jetty bound to port 34422
2019-10-23 12:35:59,918 [main] INFO  server.Server (Server.java:doStart(351)) - jetty-9.3.25.v20180904, build timestamp: 2018-09-04T21:11:46Z, git hash: 3ce520221d0240229c862b122d2b06c12a625732
2019-10-23 12:35:59,920 [main] INFO  handler.ContextHandler (ContextHandler.java:doStart(781)) - Started o.e.j.s.ServletContextHandler@51ec2856{/logs,file:///workdir/hadoop-ozone/integration-test/target/log,AVAILABLE}
2019-10-23 12:35:59,921 [main] INFO  handler.ContextHandler (ContextHandler.java:doStart(781)) - Started o.e.j.s.ServletContextHandler@1caa9eb6{/static,jar:file:/home/user/.m2/repository/org/apache/hadoop/hadoop-hdds-container-service/0.5.0-SNAPSHOT/hadoop-hdds-container-service-0.5.0-SNAPSHOT.jar!/webapps/static,AVAILABLE}
2019-10-23 12:35:59,927 [Datanode State Machine Thread - 0] INFO  datanode.InitDatanodeState (InitDatanodeState.java:persistContainerDatanodeDetails(140)) - DatanodeDetails is persisted to /workdir/hadoop-ozone/integration-test/target/test-dir/MiniOzoneClusterImpl-7da343b7-2e3e-4959-adfc-85e1dda11563/datanode-0/meta/datanode.id
2019-10-23 12:35:59,930 [Datanode State Machine Thread - 0] INFO  datanode.InitDatanodeState (InitDatanodeState.java:persistContainerDatanodeDetails(140)) - DatanodeDetails is persisted to /workdir/hadoop-ozone/integration-test/target/test-dir/MiniOzoneClusterImpl-7da343b7-2e3e-4959-adfc-85e1dda11563/datanode-1/meta/datanode.id
2019-10-23 12:35:59,953 [main] INFO  handler.ContextHandler (ContextHandler.java:doStart(781)) - Started o.e.j.w.WebAppContext@3722c145{/,file:///tmp/jetty-0.0.0.0-34422-hddsDatanode-_-any-6727973119458145691.dir/webapp/,AVAILABLE}{/hddsDatanode}
2019-10-23 12:35:59,954 [main] INFO  server.AbstractConnector (AbstractConnector.java:doStart(278)) - Started ServerConnector@4cbc2e3b{HTTP/1.1,[http/1.1]}{0.0.0.0:34422}
2019-10-23 12:35:59,955 [main] INFO  server.Server (Server.java:doStart(419)) - Started @5689ms
2019-10-23 12:35:59,955 [main] WARN  impl.MetricsSystemImpl (MetricsSystemImpl.java:register(276)) - Sink prometheus already exists!
2019-10-23 12:35:59,956 [main] INFO  server.BaseHttpServer (BaseHttpServer.java:updateConnectorAddress(215)) - HTTP server of HDDSDATANODE is listening at http://0.0.0.0:34422
2019-10-23 12:35:59,957 [main] INFO  impl.MetricsSystemImpl (MetricsSystemImpl.java:init(158)) - HddsDatanode metrics system started (again)
2019-10-23 12:35:59,959 [main] INFO  ozone.HddsDatanodeService (HddsDatanodeService.java:start(184)) - HddsDatanodeService host:pr-hdds1643-t2fz7-3136866267 ip:192.168.69.118
2019-10-23 12:35:59,960 [org.apache.hadoop.util.JvmPauseMonitor$Monitor@24d1e3ab] INFO  util.JvmPauseMonitor (JvmPauseMonitor.java:run(188)) - Starting JVM pause monitor
2019-10-23 12:35:59,963 [Datanode State Machine Thread - 0] INFO  datanode.InitDatanodeState (InitDatanodeState.java:persistContainerDatanodeDetails(140)) - DatanodeDetails is persisted to /workdir/hadoop-ozone/integration-test/target/test-dir/MiniOzoneClusterImpl-7da343b7-2e3e-4959-adfc-85e1dda11563/datanode-2/meta/datanode.id
2019-10-23 12:35:59,968 [main] INFO  volume.HddsVolume (HddsVolume.java:<init>(176)) - Creating Volume: /workdir/hadoop-ozone/integration-test/target/test-dir/MiniOzoneClusterImpl-7da343b7-2e3e-4959-adfc-85e1dda11563/datanode-3/data/containers/hdds of  storage type : DISK and capacity : 1482555576320
2019-10-23 12:35:59,968 [main] INFO  volume.VolumeSet (VolumeSet.java:initializeVolumeSet(170)) - Added Volume : /workdir/hadoop-ozone/integration-test/target/test-dir/MiniOzoneClusterImpl-7da343b7-2e3e-4959-adfc-85e1dda11563/datanode-3/data/containers/hdds to VolumeSet
2019-10-23 12:35:59,968 [main] INFO  volume.ThrottledAsyncChecker (ThrottledAsyncChecker.java:schedule(141)) - Scheduling a check for /workdir/hadoop-ozone/integration-test/target/test-dir/MiniOzoneClusterImpl-7da343b7-2e3e-4959-adfc-85e1dda11563/datanode-3/data/containers/hdds
2019-10-23 12:35:59,969 [main] INFO  volume.HddsVolumeChecker (HddsVolumeChecker.java:checkAllVolumes(204)) - Scheduled health check for volume /workdir/hadoop-ozone/integration-test/target/test-dir/MiniOzoneClusterImpl-7da343b7-2e3e-4959-adfc-85e1dda11563/datanode-3/data/containers/hdds
2019-10-23 12:35:59,983 [main] INFO  impl.RaftServerProxy (ConfUtils.java:logGet(43)) - raft.rpc.type = GRPC (default)
2019-10-23 12:35:59,983 [main] INFO  grpc.GrpcFactory (GrpcFactory.java:checkPooledByteBufAllocatorUseCacheForAllThreads(45)) - PERFORMANCE WARNING: useCacheForAllThreads is true that may cause Netty to create a lot garbage objects and, as a result, trigger GC.
	It is recommended to disable useCacheForAllThreads by setting -Dorg.apache.ratis.thirdparty.io.netty.allocator.useCacheForAllThreads=false in command line.
2019-10-23 12:35:59,983 [main] INFO  grpc.GrpcConfigKeys$Server (ConfUtils.java:logGet(43)) - raft.grpc.server.port = 0 (default)
2019-10-23 12:35:59,984 [main] INFO  server.GrpcService (ConfUtils.java:logGet(43)) - raft.grpc.message.size.max = 33570816 (custom)
2019-10-23 12:35:59,984 [main] INFO  server.RaftServerConfigKeys (ConfUtils.java:logGet(43)) - raft.server.log.appender.buffer.byte-limit = 33554432 (custom)
2019-10-23 12:35:59,984 [main] INFO  server.GrpcService (ConfUtils.java:logGet(43)) - raft.grpc.flow.control.window = 1MB (=1048576) (default)
2019-10-23 12:35:59,984 [main] INFO  server.RaftServerConfigKeys (ConfUtils.java:logGet(43)) - raft.server.rpc.request.timeout = 3000ms (default)
2019-10-23 12:35:59,985 [main] INFO  server.RaftServerConfigKeys (ConfUtils.java:logGet(43)) - raft.server.storage.dir = [/workdir/hadoop-ozone/integration-test/target/test-dir/MiniOzoneClusterImpl-7da343b7-2e3e-4959-adfc-85e1dda11563/datanode-3/data/ratis] (custom)
2019-10-23 12:35:59,987 [main] INFO  hdfs.DFSUtil (DFSUtil.java:httpServerTemplateForNNAndJN(1641)) - Starting Web-server for hddsDatanode at: http://0.0.0.0:0
2019-10-23 12:35:59,989 [main] INFO  server.AuthenticationFilter (AuthenticationFilter.java:constructSecretProvider(240)) - Unable to initialize FileSignerSecretProvider, falling back to use random secrets.
2019-10-23 12:35:59,989 [main] WARN  http.HttpRequestLog (HttpRequestLog.java:getRequestLog(97)) - Jetty request log can only be enabled using Log4j
2019-10-23 12:35:59,992 [main] INFO  http.HttpServer2 (HttpServer2.java:addGlobalFilter(975)) - Added global filter 'safety' (class=org.apache.hadoop.http.HttpServer2$QuotingInputFilter)
2019-10-23 12:35:59,993 [main] INFO  http.HttpServer2 (HttpServer2.java:addFilter(948)) - Added filter static_user_filter (class=org.apache.hadoop.http.lib.StaticUserWebFilter$StaticUserFilter) to context hddsDatanode
2019-10-23 12:35:59,993 [main] INFO  http.HttpServer2 (HttpServer2.java:addFilter(958)) - Added filter static_user_filter (class=org.apache.hadoop.http.lib.StaticUserWebFilter$StaticUserFilter) to context logs
2019-10-23 12:35:59,993 [main] INFO  http.HttpServer2 (HttpServer2.java:addFilter(958)) - Added filter static_user_filter (class=org.apache.hadoop.http.lib.StaticUserWebFilter$StaticUserFilter) to context static
2019-10-23 12:35:59,994 [main] INFO  http.HttpServer2 (HttpServer2.java:bindListener(1191)) - Jetty bound to port 39190
2019-10-23 12:35:59,994 [main] INFO  server.Server (Server.java:doStart(351)) - jetty-9.3.25.v20180904, build timestamp: 2018-09-04T21:11:46Z, git hash: 3ce520221d0240229c862b122d2b06c12a625732
2019-10-23 12:35:59,999 [main] INFO  handler.ContextHandler (ContextHandler.java:doStart(781)) - Started o.e.j.s.ServletContextHandler@3af7d855{/logs,file:///workdir/hadoop-ozone/integration-test/target/log,AVAILABLE}
2019-10-23 12:35:59,999 [main] INFO  handler.ContextHandler (ContextHandler.java:doStart(781)) - Started o.e.j.s.ServletContextHandler@f88bfbe{/static,jar:file:/home/user/.m2/repository/org/apache/hadoop/hadoop-hdds-container-service/0.5.0-SNAPSHOT/hadoop-hdds-container-service-0.5.0-SNAPSHOT.jar!/webapps/static,AVAILABLE}
2019-10-23 12:36:00,043 [main] INFO  handler.ContextHandler (ContextHandler.java:doStart(781)) - Started o.e.j.w.WebAppContext@71c17a57{/,file:///tmp/jetty-0.0.0.0-39190-hddsDatanode-_-any-6586713812545909463.dir/webapp/,AVAILABLE}{/hddsDatanode}
2019-10-23 12:36:00,045 [main] INFO  server.AbstractConnector (AbstractConnector.java:doStart(278)) - Started ServerConnector@640ab13c{HTTP/1.1,[http/1.1]}{0.0.0.0:39190}
2019-10-23 12:36:00,046 [main] INFO  server.Server (Server.java:doStart(419)) - Started @5780ms
2019-10-23 12:36:00,046 [main] WARN  impl.MetricsSystemImpl (MetricsSystemImpl.java:register(276)) - Sink prometheus already exists!
2019-10-23 12:36:00,047 [main] INFO  server.BaseHttpServer (BaseHttpServer.java:updateConnectorAddress(215)) - HTTP server of HDDSDATANODE is listening at http://0.0.0.0:39190
2019-10-23 12:36:00,050 [main] INFO  ozone.MiniOzoneClusterImpl (MiniOzoneClusterImpl.java:lambda$waitForClusterToBeReady$0(147)) - Waiting for cluster to be ready. Got 0 of 4 DN Heartbeats.
2019-10-23 12:36:00,051 [org.apache.hadoop.util.JvmPauseMonitor$Monitor@14a4c2b8] INFO  util.JvmPauseMonitor (JvmPauseMonitor.java:run(188)) - Starting JVM pause monitor
2019-10-23 12:36:00,054 [Datanode State Machine Thread - 0] INFO  datanode.InitDatanodeState (InitDatanodeState.java:persistContainerDatanodeDetails(140)) - DatanodeDetails is persisted to /workdir/hadoop-ozone/integration-test/target/test-dir/MiniOzoneClusterImpl-7da343b7-2e3e-4959-adfc-85e1dda11563/datanode-3/meta/datanode.id
2019-10-23 12:36:01,050 [main] INFO  ozone.MiniOzoneClusterImpl (MiniOzoneClusterImpl.java:lambda$waitForClusterToBeReady$0(147)) - Waiting for cluster to be ready. Got 0 of 4 DN Heartbeats.
2019-10-23 12:36:01,885 [Datanode State Machine Thread - 0] INFO  ozoneimpl.OzoneContainer (OzoneContainer.java:start(213)) - Attempting to start container services.
2019-10-23 12:36:01,889 [Datanode State Machine Thread - 0] INFO  ozoneimpl.OzoneContainer (OzoneContainer.java:startContainerScrub(177)) - Background container scanner has been disabled.
2019-10-23 12:36:01,890 [Datanode State Machine Thread - 0] INFO  ratis.XceiverServerRatis (XceiverServerRatis.java:start(418)) - Starting XceiverServerRatis daebe4f8-0ad9-4eb2-8ed7-3a8051847eb6 at port 0
2019-10-23 12:36:01,902 [Datanode State Machine Thread - 0] INFO  impl.RaftServerProxy (RaftServerProxy.java:lambda$start$3(299)) - daebe4f8-0ad9-4eb2-8ed7-3a8051847eb6: start RPC server
2019-10-23 12:36:01,906 [Datanode State Machine Thread - 0] INFO  server.GrpcService (GrpcService.java:startImpl(158)) - daebe4f8-0ad9-4eb2-8ed7-3a8051847eb6: GrpcService started, listening on 0.0.0.0/0.0.0.0:44860
2019-10-23 12:36:01,907 [Datanode State Machine Thread - 0] INFO  ratis.XceiverServerRatis (XceiverServerRatis.java:start(428)) - XceiverServerRatis daebe4f8-0ad9-4eb2-8ed7-3a8051847eb6 is started using port 44860
2019-10-23 12:36:01,910 [Datanode State Machine Thread - 0] INFO  server.XceiverServerGrpc (XceiverServerGrpc.java:start(149)) - XceiverServerGrpc daebe4f8-0ad9-4eb2-8ed7-3a8051847eb6 is started using port 36495
2019-10-23 12:36:01,911 [Datanode State Machine Thread - 0] INFO  ozoneimpl.OzoneContainer (OzoneContainer.java:start(213)) - Attempting to start container services.
2019-10-23 12:36:01,913 [Datanode State Machine Thread - 0] INFO  ozoneimpl.OzoneContainer (OzoneContainer.java:startContainerScrub(177)) - Background container scanner has been disabled.
2019-10-23 12:36:01,913 [Datanode State Machine Thread - 0] INFO  ratis.XceiverServerRatis (XceiverServerRatis.java:start(418)) - Starting XceiverServerRatis 279bca68-3e74-4690-81cf-da5ab79b92f7 at port 0
2019-10-23 12:36:01,922 [Datanode State Machine Thread - 0] INFO  impl.RaftServerProxy (RaftServerProxy.java:lambda$start$3(299)) - 279bca68-3e74-4690-81cf-da5ab79b92f7: start RPC server
2019-10-23 12:36:01,924 [Datanode State Machine Thread - 0] INFO  server.GrpcService (GrpcService.java:startImpl(158)) - 279bca68-3e74-4690-81cf-da5ab79b92f7: GrpcService started, listening on 0.0.0.0/0.0.0.0:45510
2019-10-23 12:36:01,924 [Datanode State Machine Thread - 0] INFO  ratis.XceiverServerRatis (XceiverServerRatis.java:start(428)) - XceiverServerRatis 279bca68-3e74-4690-81cf-da5ab79b92f7 is started using port 45510
2019-10-23 12:36:01,926 [Datanode State Machine Thread - 0] INFO  server.XceiverServerGrpc (XceiverServerGrpc.java:start(149)) - XceiverServerGrpc 279bca68-3e74-4690-81cf-da5ab79b92f7 is started using port 34052
2019-10-23 12:36:01,975 [Datanode State Machine Thread - 0] INFO  ozoneimpl.OzoneContainer (OzoneContainer.java:start(213)) - Attempting to start container services.
2019-10-23 12:36:01,977 [Datanode State Machine Thread - 0] INFO  ozoneimpl.OzoneContainer (OzoneContainer.java:startContainerScrub(177)) - Background container scanner has been disabled.
2019-10-23 12:36:01,977 [Datanode State Machine Thread - 0] INFO  ratis.XceiverServerRatis (XceiverServerRatis.java:start(418)) - Starting XceiverServerRatis 6ab07dc1-44de-469f-9394-eacc6d443333 at port 0
2019-10-23 12:36:01,983 [Datanode State Machine Thread - 0] INFO  impl.RaftServerProxy (RaftServerProxy.java:lambda$start$3(299)) - 6ab07dc1-44de-469f-9394-eacc6d443333: start RPC server
2019-10-23 12:36:01,985 [Datanode State Machine Thread - 0] INFO  server.GrpcService (GrpcService.java:startImpl(158)) - 6ab07dc1-44de-469f-9394-eacc6d443333: GrpcService started, listening on 0.0.0.0/0.0.0.0:36388
2019-10-23 12:36:01,985 [Datanode State Machine Thread - 0] INFO  ratis.XceiverServerRatis (XceiverServerRatis.java:start(428)) - XceiverServerRatis 6ab07dc1-44de-469f-9394-eacc6d443333 is started using port 36388
2019-10-23 12:36:01,987 [Datanode State Machine Thread - 0] INFO  server.XceiverServerGrpc (XceiverServerGrpc.java:start(149)) - XceiverServerGrpc 6ab07dc1-44de-469f-9394-eacc6d443333 is started using port 42102
2019-10-23 12:36:02,051 [main] INFO  ozone.MiniOzoneClusterImpl (MiniOzoneClusterImpl.java:lambda$waitForClusterToBeReady$0(147)) - Waiting for cluster to be ready. Got 0 of 4 DN Heartbeats.
2019-10-23 12:36:02,070 [Datanode State Machine Thread - 0] INFO  ozoneimpl.OzoneContainer (OzoneContainer.java:start(213)) - Attempting to start container services.
2019-10-23 12:36:02,072 [Datanode State Machine Thread - 0] INFO  ozoneimpl.OzoneContainer (OzoneContainer.java:startContainerScrub(177)) - Background container scanner has been disabled.
2019-10-23 12:36:02,072 [Datanode State Machine Thread - 0] INFO  ratis.XceiverServerRatis (XceiverServerRatis.java:start(418)) - Starting XceiverServerRatis 389d5540-641f-48c2-a9df-60738dbad976 at port 0
2019-10-23 12:36:02,081 [Datanode State Machine Thread - 0] INFO  impl.RaftServerProxy (RaftServerProxy.java:lambda$start$3(299)) - 389d5540-641f-48c2-a9df-60738dbad976: start RPC server
2019-10-23 12:36:02,084 [Datanode State Machine Thread - 0] INFO  server.GrpcService (GrpcService.java:startImpl(158)) - 389d5540-641f-48c2-a9df-60738dbad976: GrpcService started, listening on 0.0.0.0/0.0.0.0:45712
2019-10-23 12:36:02,084 [Datanode State Machine Thread - 0] INFO  ratis.XceiverServerRatis (XceiverServerRatis.java:start(428)) - XceiverServerRatis 389d5540-641f-48c2-a9df-60738dbad976 is started using port 45712
2019-10-23 12:36:02,087 [Datanode State Machine Thread - 0] INFO  server.XceiverServerGrpc (XceiverServerGrpc.java:start(149)) - XceiverServerGrpc 389d5540-641f-48c2-a9df-60738dbad976 is started using port 36378
2019-10-23 12:36:03,051 [main] INFO  ozone.MiniOzoneClusterImpl (MiniOzoneClusterImpl.java:lambda$waitForClusterToBeReady$0(147)) - Waiting for cluster to be ready. Got 0 of 4 DN Heartbeats.
2019-10-23 12:36:03,839 [IPC Server handler 0 on 34853] INFO  net.NetworkTopology (NetworkTopologyImpl.java:add(111)) - Added a new node: /rack1/daebe4f8-0ad9-4eb2-8ed7-3a8051847eb6
2019-10-23 12:36:03,840 [IPC Server handler 0 on 34853] INFO  node.SCMNodeManager (SCMNodeManager.java:register(268)) - Registered Data node : daebe4f8-0ad9-4eb2-8ed7-3a8051847eb6{ip: 192.168.69.118, host: pr-hdds1643-t2fz7-3136866267, networkLocation: /rack1, certSerialId: null}
2019-10-23 12:36:03,844 [EventQueue-NodeRegistrationContainerReportForDataNodeSafeModeRule] INFO  safemode.SCMSafeModeManager (DataNodeSafeModeRule.java:process(71)) - SCM in safe mode. 1 DataNodes registered, 1 required.
2019-10-23 12:36:03,844 [EventQueue-NodeRegistrationContainerReportForDataNodeSafeModeRule] INFO  safemode.SCMSafeModeManager (SCMSafeModeManager.java:validateSafeModeExitRules(177)) - ScmSafeModeManager, all rules are successfully validated
2019-10-23 12:36:03,844 [EventQueue-NodeRegistrationContainerReportForDataNodeSafeModeRule] INFO  safemode.SCMSafeModeManager (SCMSafeModeManager.java:exitSafeMode(193)) - SCM exiting safe mode.
2019-10-23 12:36:03,888 [IPC Server handler 1 on 34853] INFO  net.NetworkTopology (NetworkTopologyImpl.java:add(111)) - Added a new node: /rack1/279bca68-3e74-4690-81cf-da5ab79b92f7
2019-10-23 12:36:03,888 [IPC Server handler 1 on 34853] INFO  node.SCMNodeManager (SCMNodeManager.java:register(268)) - Registered Data node : 279bca68-3e74-4690-81cf-da5ab79b92f7{ip: 192.168.69.118, host: pr-hdds1643-t2fz7-3136866267, networkLocation: /rack1, certSerialId: null}
2019-10-23 12:36:03,964 [IPC Server handler 3 on 34853] INFO  net.NetworkTopology (NetworkTopologyImpl.java:add(111)) - Added a new node: /rack1/6ab07dc1-44de-469f-9394-eacc6d443333
2019-10-23 12:36:03,964 [IPC Server handler 3 on 34853] INFO  node.SCMNodeManager (SCMNodeManager.java:register(268)) - Registered Data node : 6ab07dc1-44de-469f-9394-eacc6d443333{ip: 192.168.69.118, host: pr-hdds1643-t2fz7-3136866267, networkLocation: /rack1, certSerialId: null}
2019-10-23 12:36:04,052 [main] INFO  ozone.MiniOzoneClusterImpl (MiniOzoneClusterImpl.java:lambda$waitForClusterToBeReady$0(147)) - Waiting for cluster to be ready. Got 3 of 4 DN Heartbeats.
2019-10-23 12:36:04,054 [IPC Server handler 4 on 34853] INFO  net.NetworkTopology (NetworkTopologyImpl.java:add(111)) - Added a new node: /rack1/389d5540-641f-48c2-a9df-60738dbad976
2019-10-23 12:36:04,055 [IPC Server handler 4 on 34853] INFO  node.SCMNodeManager (SCMNodeManager.java:register(268)) - Registered Data node : 389d5540-641f-48c2-a9df-60738dbad976{ip: 192.168.69.118, host: pr-hdds1643-t2fz7-3136866267, networkLocation: /rack1, certSerialId: null}
2019-10-23 12:36:04,341 [grpc-default-executor-0] INFO  impl.RaftServerProxy (RaftServerProxy.java:addNew(89)) - daebe4f8-0ad9-4eb2-8ed7-3a8051847eb6: addNew group-54D332E03C40:[daebe4f8-0ad9-4eb2-8ed7-3a8051847eb6:192.168.69.118:44860] returns group-54D332E03C40:java.util.concurrent.CompletableFuture@4a9691a7[Not completed]
2019-10-23 12:36:04,352 [pool-32-thread-1] INFO  impl.RaftServerImpl (RaftServerImpl.java:<init>(104)) - daebe4f8-0ad9-4eb2-8ed7-3a8051847eb6: new RaftServerImpl for group-54D332E03C40:[daebe4f8-0ad9-4eb2-8ed7-3a8051847eb6:192.168.69.118:44860] with ContainerStateMachine:uninitialized
2019-10-23 12:36:04,353 [pool-32-thread-1] INFO  server.RaftServerConfigKeys (ConfUtils.java:logGet(43)) - raft.server.rpc.timeout.min = 5s (custom)
2019-10-23 12:36:04,353 [pool-32-thread-1] INFO  server.RaftServerConfigKeys (ConfUtils.java:logGet(43)) - raft.server.rpc.timeout.max = 5200ms (custom)
2019-10-23 12:36:04,353 [pool-32-thread-1] INFO  server.RaftServerConfigKeys (ConfUtils.java:logGet(43)) - raft.server.rpcslowness.timeout = 120s (custom)
2019-10-23 12:36:04,353 [pool-32-thread-1] INFO  server.RaftServerConfigKeys (ConfUtils.java:logGet(43)) - raft.server.sleep.deviation.threshold = 300 (default)
2019-10-23 12:36:04,354 [pool-32-thread-1] INFO  server.RaftServerConfigKeys (ConfUtils.java:logGet(43)) - raft.server.log.appender.install.snapshot.enabled = false (custom)
2019-10-23 12:36:04,354 [pool-32-thread-1] INFO  impl.RaftServerImpl (ServerState.java:<init>(103)) - daebe4f8-0ad9-4eb2-8ed7-3a8051847eb6@group-54D332E03C40: ConfigurationManager, init=-1: [daebe4f8-0ad9-4eb2-8ed7-3a8051847eb6:192.168.69.118:44860], old=null, confs=<EMPTY_MAP>
2019-10-23 12:36:04,354 [pool-32-thread-1] INFO  server.RaftServerConfigKeys (ConfUtils.java:logGet(43)) - raft.server.storage.dir = [/workdir/hadoop-ozone/integration-test/target/test-dir/MiniOzoneClusterImpl-7da343b7-2e3e-4959-adfc-85e1dda11563/datanode-0/data/ratis] (custom)
2019-10-23 12:36:04,355 [pool-32-thread-1] INFO  server.RaftServerConfigKeys (ConfUtils.java:logGet(43)) - raft.server.log.corruption.policy = EXCEPTION (default)
2019-10-23 12:36:04,355 [pool-32-thread-1] INFO  storage.RaftStorageDirectory (RaftStorageDirectory.java:analyzeStorage(246)) - The storage directory /workdir/hadoop-ozone/integration-test/target/test-dir/MiniOzoneClusterImpl-7da343b7-2e3e-4959-adfc-85e1dda11563/datanode-0/data/ratis/415ac673-6fa9-4be1-ad10-54d332e03c40 does not exist. Creating ...
2019-10-23 12:36:04,370 [pool-32-thread-1] INFO  storage.RaftStorageDirectory (RaftStorageDirectory.java:tryLock(328)) - Lock on /workdir/hadoop-ozone/integration-test/target/test-dir/MiniOzoneClusterImpl-7da343b7-2e3e-4959-adfc-85e1dda11563/datanode-0/data/ratis/415ac673-6fa9-4be1-ad10-54d332e03c40/in_use.lock acquired by nodename 12737@pr-hdds1643-t2fz7-3136866267
2019-10-23 12:36:04,402 [pool-32-thread-1] INFO  storage.RaftStorage (RaftStorage.java:format(84)) - Storage directory /workdir/hadoop-ozone/integration-test/target/test-dir/MiniOzoneClusterImpl-7da343b7-2e3e-4959-adfc-85e1dda11563/datanode-0/data/ratis/415ac673-6fa9-4be1-ad10-54d332e03c40 has been successfully formatted.
2019-10-23 12:36:04,404 [pool-32-thread-1] INFO  ratis.ContainerStateMachine (ContainerStateMachine.java:loadSnapshot(231)) - group-54D332E03C40: The snapshot info is null. Setting the last applied indexto:(t:0, i:~)
2019-10-23 12:36:04,404 [pool-32-thread-1] INFO  server.RaftServerConfigKeys (ConfUtils.java:logGet(43)) - raft.server.notification.no-leader.timeout = 120s (custom)
2019-10-23 12:36:04,404 [pool-32-thread-1] INFO  server.RaftServerConfigKeys (ConfUtils.java:logGet(43)) - raft.server.log.use.memory = false (default)
2019-10-23 12:36:04,404 [pool-32-thread-1] INFO  server.RaftServerConfigKeys (ConfUtils.java:logGet(43)) - raft.server.log.purge.gap = 1000000 (custom)
2019-10-23 12:36:04,405 [pool-32-thread-1] INFO  server.RaftServerConfigKeys (ConfUtils.java:logGet(43)) - raft.server.log.appender.buffer.byte-limit = 33554432 (custom)
2019-10-23 12:36:04,405 [pool-32-thread-1] INFO  server.RaftServerConfigKeys (ConfUtils.java:logGet(43)) - raft.server.log.segment.size.max = 1048576 (custom)
2019-10-23 12:36:04,408 [pool-32-thread-1] INFO  server.RaftServerConfigKeys (ConfUtils.java:logGet(43)) - raft.server.log.segment.cache.num.max = 2 (custom)
2019-10-23 12:36:04,409 [pool-32-thread-1] INFO  segmented.SegmentedRaftLogWorker (SegmentedRaftLogWorker.java:<init>(173)) - new daebe4f8-0ad9-4eb2-8ed7-3a8051847eb6@group-54D332E03C40-SegmentedRaftLogWorker for RaftStorage:Storage Directory /workdir/hadoop-ozone/integration-test/target/test-dir/MiniOzoneClusterImpl-7da343b7-2e3e-4959-adfc-85e1dda11563/datanode-0/data/ratis/415ac673-6fa9-4be1-ad10-54d332e03c40
2019-10-23 12:36:04,409 [pool-32-thread-1] INFO  server.RaftServerConfigKeys (ConfUtils.java:logGet(43)) - raft.server.log.queue.byte-limit = 2147483647 (custom)
2019-10-23 12:36:04,409 [pool-32-thread-1] INFO  server.RaftServerConfigKeys (ConfUtils.java:logGet(43)) - raft.server.log.queue.element-limit = 1024 (custom)
2019-10-23 12:36:04,409 [pool-32-thread-1] INFO  server.RaftServerConfigKeys (ConfUtils.java:logGet(43)) - raft.server.log.segment.size.max = 1048576 (custom)
2019-10-23 12:36:04,409 [pool-32-thread-1] INFO  server.RaftServerConfigKeys (ConfUtils.java:logGet(43)) - raft.server.log.preallocated.size = 16384 (custom)
2019-10-23 12:36:04,409 [pool-32-thread-1] INFO  server.RaftServerConfigKeys (ConfUtils.java:logGet(43)) - raft.server.log.write.buffer.size = 33554432 (custom)
2019-10-23 12:36:04,409 [pool-32-thread-1] INFO  server.RaftServerConfigKeys (ConfUtils.java:logGet(43)) - raft.server.log.force.sync.num = 128 (default)
2019-10-23 12:36:04,409 [pool-32-thread-1] INFO  server.RaftServerConfigKeys (ConfUtils.java:logGet(43)) - raft.server.log.statemachine.data.sync = true (default)
2019-10-23 12:36:04,410 [pool-32-thread-1] INFO  server.RaftServerConfigKeys (ConfUtils.java:logGet(43)) - raft.server.log.statemachine.data.sync.timeout = 10s (default)
2019-10-23 12:36:04,410 [pool-32-thread-1] INFO  server.RaftServerConfigKeys (ConfUtils.java:logGet(43)) - raft.server.log.statemachine.data.sync.timeout.retry = -1 (default)
2019-10-23 12:36:04,410 [pool-32-thread-1] INFO  server.RaftServerConfigKeys (ConfUtils.java:logGet(43)) - raft.server.log.statemachine.data.caching.enabled = true (custom)
2019-10-23 12:36:04,411 [pool-32-thread-1] INFO  segmented.SegmentedRaftLogWorker (SegmentedRaftLogWorker.java:lambda$new$0(128)) - daebe4f8-0ad9-4eb2-8ed7-3a8051847eb6@group-54D332E03C40-SegmentedRaftLogWorker: flushIndex: setUnconditionally 0 -> -1
2019-10-23 12:36:04,411 [pool-32-thread-1] INFO  server.RaftServerConfigKeys (ConfUtils.java:logGet(43)) - raft.server.snapshot.auto.trigger.enabled = true (custom)
2019-10-23 12:36:04,411 [pool-32-thread-1] INFO  server.RaftServerConfigKeys (ConfUtils.java:logGet(43)) - raft.server.snapshot.auto.trigger.threshold = 10000 (custom)
2019-10-23 12:36:04,411 [pool-32-thread-1] INFO  server.RaftServerConfigKeys (ConfUtils.java:logGet(43)) - raft.server.snapshot.retention.file.num = 5 (custom)
2019-10-23 12:36:04,411 [pool-32-thread-1] INFO  server.RaftServerConfigKeys (ConfUtils.java:logGet(43)) - raft.server.retrycache.expirytime = 600000ms (custom)
2019-10-23 12:36:04,417 [pool-32-thread-1] INFO  impl.RaftServerImpl (RaftServerImpl.java:start(195)) - daebe4f8-0ad9-4eb2-8ed7-3a8051847eb6@group-54D332E03C40: start as a follower, conf=-1: [daebe4f8-0ad9-4eb2-8ed7-3a8051847eb6:192.168.69.118:44860], old=null
2019-10-23 12:36:04,418 [pool-32-thread-1] INFO  impl.RaftServerImpl (RaftServerImpl.java:setRole(184)) - daebe4f8-0ad9-4eb2-8ed7-3a8051847eb6@group-54D332E03C40: changes role from      null to FOLLOWER at term 0 for startAsFollower
2019-10-23 12:36:04,418 [pool-32-thread-1] INFO  impl.RoleInfo (RoleInfo.java:updateAndGet(143)) - daebe4f8-0ad9-4eb2-8ed7-3a8051847eb6: start FollowerState
2019-10-23 12:36:04,418 [pool-32-thread-1] INFO  util.JmxRegister (JmxRegister.java:tryRegister(44)) - Successfully registered JMX Bean with object name Ratis:service=RaftServer,group=group-54D332E03C40,id=daebe4f8-0ad9-4eb2-8ed7-3a8051847eb6
2019-10-23 12:36:04,425 [Thread-201] INFO  impl.FollowerState (FollowerState.java:run(108)) - daebe4f8-0ad9-4eb2-8ed7-3a8051847eb6@group-54D332E03C40-FollowerState: change to CANDIDATE, lastRpcTime:7ms, electionTimeout:7ms
2019-10-23 12:36:04,427 [Thread-201] INFO  impl.RoleInfo (RoleInfo.java:shutdownFollowerState(121)) - daebe4f8-0ad9-4eb2-8ed7-3a8051847eb6: shutdown FollowerState
2019-10-23 12:36:04,427 [Thread-201] INFO  impl.RaftServerImpl (RaftServerImpl.java:setRole(184)) - daebe4f8-0ad9-4eb2-8ed7-3a8051847eb6@group-54D332E03C40: changes role from  FOLLOWER to CANDIDATE at term 0 for changeToCandidate
2019-10-23 12:36:04,427 [Thread-201] INFO  impl.RoleInfo (RoleInfo.java:updateAndGet(143)) - daebe4f8-0ad9-4eb2-8ed7-3a8051847eb6: start LeaderElection
2019-10-23 12:36:04,443 [daebe4f8-0ad9-4eb2-8ed7-3a8051847eb6@group-54D332E03C40-LeaderElection2] INFO  impl.LeaderElection (LeaderElection.java:askForVotes(178)) - daebe4f8-0ad9-4eb2-8ed7-3a8051847eb6@group-54D332E03C40-LeaderElection2: begin an election at term 1 for -1: [daebe4f8-0ad9-4eb2-8ed7-3a8051847eb6:192.168.69.118:44860], old=null
2019-10-23 12:36:04,445 [daebe4f8-0ad9-4eb2-8ed7-3a8051847eb6@group-54D332E03C40-LeaderElection2] INFO  impl.RoleInfo (RoleInfo.java:shutdownLeaderElection(134)) - daebe4f8-0ad9-4eb2-8ed7-3a8051847eb6: shutdown LeaderElection
2019-10-23 12:36:04,445 [daebe4f8-0ad9-4eb2-8ed7-3a8051847eb6@group-54D332E03C40-LeaderElection2] INFO  impl.RaftServerImpl (RaftServerImpl.java:setRole(184)) - daebe4f8-0ad9-4eb2-8ed7-3a8051847eb6@group-54D332E03C40: changes role from CANDIDATE to LEADER at term 1 for changeToLeader
2019-10-23 12:36:04,445 [daebe4f8-0ad9-4eb2-8ed7-3a8051847eb6@group-54D332E03C40-LeaderElection2] INFO  impl.RaftServerImpl (ServerState.java:setLeader(256)) - daebe4f8-0ad9-4eb2-8ed7-3a8051847eb6@group-54D332E03C40: change Leader from null to daebe4f8-0ad9-4eb2-8ed7-3a8051847eb6 at term 1 for becomeLeader, leader elected after 41ms
2019-10-23 12:36:04,445 [daebe4f8-0ad9-4eb2-8ed7-3a8051847eb6@group-54D332E03C40-LeaderElection2] INFO  server.RaftServerConfigKeys (ConfUtils.java:logGet(43)) - raft.server.staging.catchup.gap = 1000 (default)
2019-10-23 12:36:04,445 [daebe4f8-0ad9-4eb2-8ed7-3a8051847eb6@group-54D332E03C40-LeaderElection2] INFO  server.RaftServerConfigKeys (ConfUtils.java:logGet(43)) - raft.server.rpc.sleep.time = 25ms (default)
2019-10-23 12:36:04,446 [daebe4f8-0ad9-4eb2-8ed7-3a8051847eb6@group-54D332E03C40-LeaderElection2] INFO  server.RaftServerConfigKeys (ConfUtils.java:logGet(43)) - raft.server.write.element-limit = 4096 (default)
2019-10-23 12:36:04,446 [daebe4f8-0ad9-4eb2-8ed7-3a8051847eb6@group-54D332E03C40-LeaderElection2] INFO  server.RaftServerConfigKeys (ConfUtils.java:logGet(43)) - raft.server.watch.timeout = 10s (default)
2019-10-23 12:36:04,446 [daebe4f8-0ad9-4eb2-8ed7-3a8051847eb6@group-54D332E03C40-LeaderElection2] INFO  server.RaftServerConfigKeys (ConfUtils.java:logGet(43)) - raft.server.watch.timeout.denomination = 1s (default)
2019-10-23 12:36:04,446 [daebe4f8-0ad9-4eb2-8ed7-3a8051847eb6@group-54D332E03C40-LeaderElection2] INFO  server.RaftServerConfigKeys (ConfUtils.java:logGet(43)) - raft.server.watch.element-limit = 65536 (default)
2019-10-23 12:36:04,453 [daebe4f8-0ad9-4eb2-8ed7-3a8051847eb6@group-54D332E03C40-LeaderElection2] INFO  impl.RoleInfo (RoleInfo.java:updateAndGet(143)) - daebe4f8-0ad9-4eb2-8ed7-3a8051847eb6: start LeaderState
2019-10-23 12:36:04,454 [daebe4f8-0ad9-4eb2-8ed7-3a8051847eb6@group-54D332E03C40-LeaderElection2] INFO  segmented.SegmentedRaftLogWorker (SegmentedRaftLogWorker.java:startLogSegment(385)) - daebe4f8-0ad9-4eb2-8ed7-3a8051847eb6@group-54D332E03C40-SegmentedRaftLogWorker: Starting segment from index:0
2019-10-23 12:36:04,455 [daebe4f8-0ad9-4eb2-8ed7-3a8051847eb6@group-54D332E03C40-LeaderElection2] INFO  impl.RaftServerImpl (ServerState.java:setRaftConf(357)) - daebe4f8-0ad9-4eb2-8ed7-3a8051847eb6@group-54D332E03C40: set configuration 0: [daebe4f8-0ad9-4eb2-8ed7-3a8051847eb6:192.168.69.118:44860], old=null at 0
2019-10-23 12:36:04,498 [daebe4f8-0ad9-4eb2-8ed7-3a8051847eb6@group-54D332E03C40-SegmentedRaftLogWorker] INFO  segmented.SegmentedRaftLogWorker (SegmentedRaftLogWorker.java:execute(576)) - daebe4f8-0ad9-4eb2-8ed7-3a8051847eb6@group-54D332E03C40-SegmentedRaftLogWorker: created new log segment /workdir/hadoop-ozone/integration-test/target/test-dir/MiniOzoneClusterImpl-7da343b7-2e3e-4959-adfc-85e1dda11563/datanode-0/data/ratis/415ac673-6fa9-4be1-ad10-54d332e03c40/current/log_inprogress_0
2019-10-23 12:36:04,516 [RatisPipelineUtilsThread] INFO  pipeline.PipelineStateManager (PipelineStateManager.java:addPipeline(56)) - Created pipeline Pipeline[ Id: 415ac673-6fa9-4be1-ad10-54d332e03c40, Nodes: daebe4f8-0ad9-4eb2-8ed7-3a8051847eb6{ip: 192.168.69.118, host: pr-hdds1643-t2fz7-3136866267, networkLocation: /rack1, certSerialId: null}, Type:RATIS, Factor:ONE, State:OPEN]
2019-10-23 12:36:04,536 [grpc-default-executor-0] INFO  impl.RaftServerProxy (RaftServerProxy.java:addNew(89)) - 389d5540-641f-48c2-a9df-60738dbad976: addNew group-47AAA6DF92E6:[389d5540-641f-48c2-a9df-60738dbad976:192.168.69.118:45712] returns group-47AAA6DF92E6:java.util.concurrent.CompletableFuture@7d40bb98[Not completed]
2019-10-23 12:36:04,548 [pool-62-thread-1] INFO  impl.RaftServerImpl (RaftServerImpl.java:<init>(104)) - 389d5540-641f-48c2-a9df-60738dbad976: new RaftServerImpl for group-47AAA6DF92E6:[389d5540-641f-48c2-a9df-60738dbad976:192.168.69.118:45712] with ContainerStateMachine:uninitialized
2019-10-23 12:36:04,551 [pool-62-thread-1] INFO  server.RaftServerConfigKeys (ConfUtils.java:logGet(43)) - raft.server.rpc.timeout.min = 5s (custom)
2019-10-23 12:36:04,551 [pool-62-thread-1] INFO  server.RaftServerConfigKeys (ConfUtils.java:logGet(43)) - raft.server.rpc.timeout.max = 5200ms (custom)
2019-10-23 12:36:04,551 [pool-62-thread-1] INFO  server.RaftServerConfigKeys (ConfUtils.java:logGet(43)) - raft.server.rpcslowness.timeout = 120s (custom)
2019-10-23 12:36:04,551 [pool-62-thread-1] INFO  server.RaftServerConfigKeys (ConfUtils.java:logGet(43)) - raft.server.sleep.deviation.threshold = 300 (default)
2019-10-23 12:36:04,552 [pool-62-thread-1] INFO  server.RaftServerConfigKeys (ConfUtils.java:logGet(43)) - raft.server.log.appender.install.snapshot.enabled = false (custom)
2019-10-23 12:36:04,552 [pool-62-thread-1] INFO  impl.RaftServerImpl (ServerState.java:<init>(103)) - 389d5540-641f-48c2-a9df-60738dbad976@group-47AAA6DF92E6: ConfigurationManager, init=-1: [389d5540-641f-48c2-a9df-60738dbad976:192.168.69.118:45712], old=null, confs=<EMPTY_MAP>
2019-10-23 12:36:04,552 [pool-62-thread-1] INFO  server.RaftServerConfigKeys (ConfUtils.java:logGet(43)) - raft.server.storage.dir = [/workdir/hadoop-ozone/integration-test/target/test-dir/MiniOzoneClusterImpl-7da343b7-2e3e-4959-adfc-85e1dda11563/datanode-3/data/ratis] (custom)
2019-10-23 12:36:04,552 [pool-62-thread-1] INFO  server.RaftServerConfigKeys (ConfUtils.java:logGet(43)) - raft.server.log.corruption.policy = EXCEPTION (default)
2019-10-23 12:36:04,553 [pool-62-thread-1] INFO  storage.RaftStorageDirectory (RaftStorageDirectory.java:analyzeStorage(246)) - The storage directory /workdir/hadoop-ozone/integration-test/target/test-dir/MiniOzoneClusterImpl-7da343b7-2e3e-4959-adfc-85e1dda11563/datanode-3/data/ratis/7d0640f8-87ab-47c8-be9e-47aaa6df92e6 does not exist. Creating ...
2019-10-23 12:36:04,566 [pool-62-thread-1] INFO  storage.RaftStorageDirectory (RaftStorageDirectory.java:tryLock(328)) - Lock on /workdir/hadoop-ozone/integration-test/target/test-dir/MiniOzoneClusterImpl-7da343b7-2e3e-4959-adfc-85e1dda11563/datanode-3/data/ratis/7d0640f8-87ab-47c8-be9e-47aaa6df92e6/in_use.lock acquired by nodename 12737@pr-hdds1643-t2fz7-3136866267
2019-10-23 12:36:04,589 [pool-62-thread-1] INFO  storage.RaftStorage (RaftStorage.java:format(84)) - Storage directory /workdir/hadoop-ozone/integration-test/target/test-dir/MiniOzoneClusterImpl-7da343b7-2e3e-4959-adfc-85e1dda11563/datanode-3/data/ratis/7d0640f8-87ab-47c8-be9e-47aaa6df92e6 has been successfully formatted.
2019-10-23 12:36:04,589 [pool-62-thread-1] INFO  ratis.ContainerStateMachine (ContainerStateMachine.java:loadSnapshot(231)) - group-47AAA6DF92E6: The snapshot info is null. Setting the last applied indexto:(t:0, i:~)
2019-10-23 12:36:04,591 [pool-62-thread-1] INFO  server.RaftServerConfigKeys (ConfUtils.java:logGet(43)) - raft.server.notification.no-leader.timeout = 120s (custom)
2019-10-23 12:36:04,591 [pool-62-thread-1] INFO  server.RaftServerConfigKeys (ConfUtils.java:logGet(43)) - raft.server.log.use.memory = false (default)
2019-10-23 12:36:04,591 [pool-62-thread-1] INFO  server.RaftServerConfigKeys (ConfUtils.java:logGet(43)) - raft.server.log.purge.gap = 1000000 (custom)
2019-10-23 12:36:04,591 [pool-62-thread-1] INFO  server.RaftServerConfigKeys (ConfUtils.java:logGet(43)) - raft.server.log.appender.buffer.byte-limit = 33554432 (custom)
2019-10-23 12:36:04,591 [pool-62-thread-1] INFO  server.RaftServerConfigKeys (ConfUtils.java:logGet(43)) - raft.server.log.segment.size.max = 1048576 (custom)
2019-10-23 12:36:04,595 [pool-62-thread-1] INFO  server.RaftServerConfigKeys (ConfUtils.java:logGet(43)) - raft.server.log.segment.cache.num.max = 2 (custom)
2019-10-23 12:36:04,595 [pool-62-thread-1] INFO  segmented.SegmentedRaftLogWorker (SegmentedRaftLogWorker.java:<init>(173)) - new 389d5540-641f-48c2-a9df-60738dbad976@group-47AAA6DF92E6-SegmentedRaftLogWorker for RaftStorage:Storage Directory /workdir/hadoop-ozone/integration-test/target/test-dir/MiniOzoneClusterImpl-7da343b7-2e3e-4959-adfc-85e1dda11563/datanode-3/data/ratis/7d0640f8-87ab-47c8-be9e-47aaa6df92e6
2019-10-23 12:36:04,596 [pool-62-thread-1] INFO  server.RaftServerConfigKeys (ConfUtils.java:logGet(43)) - raft.server.log.queue.byte-limit = 2147483647 (custom)
2019-10-23 12:36:04,596 [pool-62-thread-1] INFO  server.RaftServerConfigKeys (ConfUtils.java:logGet(43)) - raft.server.log.queue.element-limit = 1024 (custom)
2019-10-23 12:36:04,596 [pool-62-thread-1] INFO  server.RaftServerConfigKeys (ConfUtils.java:logGet(43)) - raft.server.log.segment.size.max = 1048576 (custom)
2019-10-23 12:36:04,596 [pool-62-thread-1] INFO  server.RaftServerConfigKeys (ConfUtils.java:logGet(43)) - raft.server.log.preallocated.size = 16384 (custom)
2019-10-23 12:36:04,596 [pool-62-thread-1] INFO  server.RaftServerConfigKeys (ConfUtils.java:logGet(43)) - raft.server.log.write.buffer.size = 33554432 (custom)
2019-10-23 12:36:04,596 [pool-62-thread-1] INFO  server.RaftServerConfigKeys (ConfUtils.java:logGet(43)) - raft.server.log.force.sync.num = 128 (default)
2019-10-23 12:36:04,597 [pool-62-thread-1] INFO  server.RaftServerConfigKeys (ConfUtils.java:logGet(43)) - raft.server.log.statemachine.data.sync = true (default)
2019-10-23 12:36:04,597 [pool-62-thread-1] INFO  server.RaftServerConfigKeys (ConfUtils.java:logGet(43)) - raft.server.log.statemachine.data.sync.timeout = 10s (default)
2019-10-23 12:36:04,597 [pool-62-thread-1] INFO  server.RaftServerConfigKeys (ConfUtils.java:logGet(43)) - raft.server.log.statemachine.data.sync.timeout.retry = -1 (default)
2019-10-23 12:36:04,598 [pool-62-thread-1] INFO  server.RaftServerConfigKeys (ConfUtils.java:logGet(43)) - raft.server.log.statemachine.data.caching.enabled = true (custom)
2019-10-23 12:36:04,598 [pool-62-thread-1] INFO  segmented.SegmentedRaftLogWorker (SegmentedRaftLogWorker.java:lambda$new$0(128)) - 389d5540-641f-48c2-a9df-60738dbad976@group-47AAA6DF92E6-SegmentedRaftLogWorker: flushIndex: setUnconditionally 0 -> -1
2019-10-23 12:36:04,599 [pool-62-thread-1] INFO  server.RaftServerConfigKeys (ConfUtils.java:logGet(43)) - raft.server.snapshot.auto.trigger.enabled = true (custom)
2019-10-23 12:36:04,599 [pool-62-thread-1] INFO  server.RaftServerConfigKeys (ConfUtils.java:logGet(43)) - raft.server.snapshot.auto.trigger.threshold = 10000 (custom)
2019-10-23 12:36:04,599 [pool-62-thread-1] INFO  server.RaftServerConfigKeys (ConfUtils.java:logGet(43)) - raft.server.snapshot.retention.file.num = 5 (custom)
2019-10-23 12:36:04,600 [pool-62-thread-1] INFO  server.RaftServerConfigKeys (ConfUtils.java:logGet(43)) - raft.server.retrycache.expirytime = 600000ms (custom)
2019-10-23 12:36:04,607 [pool-62-thread-1] INFO  impl.RaftServerImpl (RaftServerImpl.java:start(195)) - 389d5540-641f-48c2-a9df-60738dbad976@group-47AAA6DF92E6: start as a follower, conf=-1: [389d5540-641f-48c2-a9df-60738dbad976:192.168.69.118:45712], old=null
2019-10-23 12:36:04,607 [pool-62-thread-1] INFO  impl.RaftServerImpl (RaftServerImpl.java:setRole(184)) - 389d5540-641f-48c2-a9df-60738dbad976@group-47AAA6DF92E6: changes role from      null to FOLLOWER at term 0 for startAsFollower
2019-10-23 12:36:04,607 [pool-62-thread-1] INFO  impl.RoleInfo (RoleInfo.java:updateAndGet(143)) - 389d5540-641f-48c2-a9df-60738dbad976: start FollowerState
2019-10-23 12:36:04,608 [pool-62-thread-1] INFO  util.JmxRegister (JmxRegister.java:tryRegister(44)) - Successfully registered JMX Bean with object name Ratis:service=RaftServer,group=group-47AAA6DF92E6,id=389d5540-641f-48c2-a9df-60738dbad976
2019-10-23 12:36:04,624 [RatisPipelineUtilsThread] INFO  pipeline.PipelineStateManager (PipelineStateManager.java:addPipeline(56)) - Created pipeline Pipeline[ Id: 7d0640f8-87ab-47c8-be9e-47aaa6df92e6, Nodes: 389d5540-641f-48c2-a9df-60738dbad976{ip: 192.168.69.118, host: pr-hdds1643-t2fz7-3136866267, networkLocation: /rack1, certSerialId: null}, Type:RATIS, Factor:ONE, State:OPEN]
2019-10-23 12:36:04,644 [grpc-default-executor-0] INFO  impl.RaftServerProxy (RaftServerProxy.java:addNew(89)) - 279bca68-3e74-4690-81cf-da5ab79b92f7: addNew group-ECCFA4C9474F:[279bca68-3e74-4690-81cf-da5ab79b92f7:192.168.69.118:45510] returns group-ECCFA4C9474F:java.util.concurrent.CompletableFuture@33a4fbe9[Not completed]
2019-10-23 12:36:04,646 [pool-42-thread-1] INFO  impl.RaftServerImpl (RaftServerImpl.java:<init>(104)) - 279bca68-3e74-4690-81cf-da5ab79b92f7: new RaftServerImpl for group-ECCFA4C9474F:[279bca68-3e74-4690-81cf-da5ab79b92f7:192.168.69.118:45510] with ContainerStateMachine:uninitialized
2019-10-23 12:36:04,646 [pool-42-thread-1] INFO  server.RaftServerConfigKeys (ConfUtils.java:logGet(43)) - raft.server.rpc.timeout.min = 5s (custom)
2019-10-23 12:36:04,646 [pool-42-thread-1] INFO  server.RaftServerConfigKeys (ConfUtils.java:logGet(43)) - raft.server.rpc.timeout.max = 5200ms (custom)
2019-10-23 12:36:04,646 [pool-42-thread-1] INFO  server.RaftServerConfigKeys (ConfUtils.java:logGet(43)) - raft.server.rpcslowness.timeout = 120s (custom)
2019-10-23 12:36:04,646 [pool-42-thread-1] INFO  server.RaftServerConfigKeys (ConfUtils.java:logGet(43)) - raft.server.sleep.deviation.threshold = 300 (default)
2019-10-23 12:36:04,647 [pool-42-thread-1] INFO  server.RaftServerConfigKeys (ConfUtils.java:logGet(43)) - raft.server.log.appender.install.snapshot.enabled = false (custom)
2019-10-23 12:36:04,647 [pool-42-thread-1] INFO  impl.RaftServerImpl (ServerState.java:<init>(103)) - 279bca68-3e74-4690-81cf-da5ab79b92f7@group-ECCFA4C9474F: ConfigurationManager, init=-1: [279bca68-3e74-4690-81cf-da5ab79b92f7:192.168.69.118:45510], old=null, confs=<EMPTY_MAP>
2019-10-23 12:36:04,647 [pool-42-thread-1] INFO  server.RaftServerConfigKeys (ConfUtils.java:logGet(43)) - raft.server.storage.dir = [/workdir/hadoop-ozone/integration-test/target/test-dir/MiniOzoneClusterImpl-7da343b7-2e3e-4959-adfc-85e1dda11563/datanode-1/data/ratis] (custom)
2019-10-23 12:36:04,647 [pool-42-thread-1] INFO  server.RaftServerConfigKeys (ConfUtils.java:logGet(43)) - raft.server.log.corruption.policy = EXCEPTION (default)
2019-10-23 12:36:04,648 [pool-42-thread-1] INFO  storage.RaftStorageDirectory (RaftStorageDirectory.java:analyzeStorage(246)) - The storage directory /workdir/hadoop-ozone/integration-test/target/test-dir/MiniOzoneClusterImpl-7da343b7-2e3e-4959-adfc-85e1dda11563/datanode-1/data/ratis/feea0397-78ed-462b-a57e-eccfa4c9474f does not exist. Creating ...
2019-10-23 12:36:04,669 [pool-42-thread-1] INFO  storage.RaftStorageDirectory (RaftStorageDirectory.java:tryLock(328)) - Lock on /workdir/hadoop-ozone/integration-test/target/test-dir/MiniOzoneClusterImpl-7da343b7-2e3e-4959-adfc-85e1dda11563/datanode-1/data/ratis/feea0397-78ed-462b-a57e-eccfa4c9474f/in_use.lock acquired by nodename 12737@pr-hdds1643-t2fz7-3136866267
2019-10-23 12:36:04,683 [pool-42-thread-1] INFO  storage.RaftStorage (RaftStorage.java:format(84)) - Storage directory /workdir/hadoop-ozone/integration-test/target/test-dir/MiniOzoneClusterImpl-7da343b7-2e3e-4959-adfc-85e1dda11563/datanode-1/data/ratis/feea0397-78ed-462b-a57e-eccfa4c9474f has been successfully formatted.
2019-10-23 12:36:04,683 [pool-42-thread-1] INFO  ratis.ContainerStateMachine (ContainerStateMachine.java:loadSnapshot(231)) - group-ECCFA4C9474F: The snapshot info is null. Setting the last applied indexto:(t:0, i:~)
2019-10-23 12:36:04,683 [pool-42-thread-1] INFO  server.RaftServerConfigKeys (ConfUtils.java:logGet(43)) - raft.server.notification.no-leader.timeout = 120s (custom)
2019-10-23 12:36:04,683 [pool-42-thread-1] INFO  server.RaftServerConfigKeys (ConfUtils.java:logGet(43)) - raft.server.log.use.memory = false (default)
2019-10-23 12:36:04,683 [pool-42-thread-1] INFO  server.RaftServerConfigKeys (ConfUtils.java:logGet(43)) - raft.server.log.purge.gap = 1000000 (custom)
2019-10-23 12:36:04,684 [pool-42-thread-1] INFO  server.RaftServerConfigKeys (ConfUtils.java:logGet(43)) - raft.server.log.appender.buffer.byte-limit = 33554432 (custom)
2019-10-23 12:36:04,684 [pool-42-thread-1] INFO  server.RaftServerConfigKeys (ConfUtils.java:logGet(43)) - raft.server.log.segment.size.max = 1048576 (custom)
2019-10-23 12:36:04,687 [pool-42-thread-1] INFO  server.RaftServerConfigKeys (ConfUtils.java:logGet(43)) - raft.server.log.segment.cache.num.max = 2 (custom)
2019-10-23 12:36:04,687 [pool-42-thread-1] INFO  segmented.SegmentedRaftLogWorker (SegmentedRaftLogWorker.java:<init>(173)) - new 279bca68-3e74-4690-81cf-da5ab79b92f7@group-ECCFA4C9474F-SegmentedRaftLogWorker for RaftStorage:Storage Directory /workdir/hadoop-ozone/integration-test/target/test-dir/MiniOzoneClusterImpl-7da343b7-2e3e-4959-adfc-85e1dda11563/datanode-1/data/ratis/feea0397-78ed-462b-a57e-eccfa4c9474f
2019-10-23 12:36:04,687 [pool-42-thread-1] INFO  server.RaftServerConfigKeys (ConfUtils.java:logGet(43)) - raft.server.log.queue.byte-limit = 2147483647 (custom)
2019-10-23 12:36:04,687 [pool-42-thread-1] INFO  server.RaftServerConfigKeys (ConfUtils.java:logGet(43)) - raft.server.log.queue.element-limit = 1024 (custom)
2019-10-23 12:36:04,687 [pool-42-thread-1] INFO  server.RaftServerConfigKeys (ConfUtils.java:logGet(43)) - raft.server.log.segment.size.max = 1048576 (custom)
2019-10-23 12:36:04,688 [pool-42-thread-1] INFO  server.RaftServerConfigKeys (ConfUtils.java:logGet(43)) - raft.server.log.preallocated.size = 16384 (custom)
2019-10-23 12:36:04,688 [pool-42-thread-1] INFO  server.RaftServerConfigKeys (ConfUtils.java:logGet(43)) - raft.server.log.write.buffer.size = 33554432 (custom)
2019-10-23 12:36:04,688 [pool-42-thread-1] INFO  server.RaftServerConfigKeys (ConfUtils.java:logGet(43)) - raft.server.log.force.sync.num = 128 (default)
2019-10-23 12:36:04,688 [pool-42-thread-1] INFO  server.RaftServerConfigKeys (ConfUtils.java:logGet(43)) - raft.server.log.statemachine.data.sync = true (default)
2019-10-23 12:36:04,688 [pool-42-thread-1] INFO  server.RaftServerConfigKeys (ConfUtils.java:logGet(43)) - raft.server.log.statemachine.data.sync.timeout = 10s (default)
2019-10-23 12:36:04,688 [pool-42-thread-1] INFO  server.RaftServerConfigKeys (ConfUtils.java:logGet(43)) - raft.server.log.statemachine.data.sync.timeout.retry = -1 (default)
2019-10-23 12:36:04,689 [pool-42-thread-1] INFO  server.RaftServerConfigKeys (ConfUtils.java:logGet(43)) - raft.server.log.statemachine.data.caching.enabled = true (custom)
2019-10-23 12:36:04,689 [pool-42-thread-1] INFO  segmented.SegmentedRaftLogWorker (SegmentedRaftLogWorker.java:lambda$new$0(128)) - 279bca68-3e74-4690-81cf-da5ab79b92f7@group-ECCFA4C9474F-SegmentedRaftLogWorker: flushIndex: setUnconditionally 0 -> -1
2019-10-23 12:36:04,690 [pool-42-thread-1] INFO  server.RaftServerConfigKeys (ConfUtils.java:logGet(43)) - raft.server.snapshot.auto.trigger.enabled = true (custom)
2019-10-23 12:36:04,690 [pool-42-thread-1] INFO  server.RaftServerConfigKeys (ConfUtils.java:logGet(43)) - raft.server.snapshot.auto.trigger.threshold = 10000 (custom)
2019-10-23 12:36:04,690 [pool-42-thread-1] INFO  server.RaftServerConfigKeys (ConfUtils.java:logGet(43)) - raft.server.snapshot.retention.file.num = 5 (custom)
2019-10-23 12:36:04,690 [pool-42-thread-1] INFO  server.RaftServerConfigKeys (ConfUtils.java:logGet(43)) - raft.server.retrycache.expirytime = 600000ms (custom)
2019-10-23 12:36:04,695 [pool-42-thread-1] INFO  impl.RaftServerImpl (RaftServerImpl.java:start(195)) - 279bca68-3e74-4690-81cf-da5ab79b92f7@group-ECCFA4C9474F: start as a follower, conf=-1: [279bca68-3e74-4690-81cf-da5ab79b92f7:192.168.69.118:45510], old=null
2019-10-23 12:36:04,695 [pool-42-thread-1] INFO  impl.RaftServerImpl (RaftServerImpl.java:setRole(184)) - 279bca68-3e74-4690-81cf-da5ab79b92f7@group-ECCFA4C9474F: changes role from      null to FOLLOWER at term 0 for startAsFollower
2019-10-23 12:36:04,695 [pool-42-thread-1] INFO  impl.RoleInfo (RoleInfo.java:updateAndGet(143)) - 279bca68-3e74-4690-81cf-da5ab79b92f7: start FollowerState
2019-10-23 12:36:04,696 [pool-42-thread-1] INFO  util.JmxRegister (JmxRegister.java:tryRegister(44)) - Successfully registered JMX Bean with object name Ratis:service=RaftServer,group=group-ECCFA4C9474F,id=279bca68-3e74-4690-81cf-da5ab79b92f7
2019-10-23 12:36:04,704 [Thread-209] INFO  impl.FollowerState (FollowerState.java:run(108)) - 279bca68-3e74-4690-81cf-da5ab79b92f7@group-ECCFA4C9474F-FollowerState: change to CANDIDATE, lastRpcTime:8ms, electionTimeout:8ms
2019-10-23 12:36:04,705 [Thread-209] INFO  impl.RoleInfo (RoleInfo.java:shutdownFollowerState(121)) - 279bca68-3e74-4690-81cf-da5ab79b92f7: shutdown FollowerState
2019-10-23 12:36:04,706 [Thread-209] INFO  impl.RaftServerImpl (RaftServerImpl.java:setRole(184)) - 279bca68-3e74-4690-81cf-da5ab79b92f7@group-ECCFA4C9474F: changes role from  FOLLOWER to CANDIDATE at term 0 for changeToCandidate
2019-10-23 12:36:04,707 [Thread-209] INFO  impl.RoleInfo (RoleInfo.java:updateAndGet(143)) - 279bca68-3e74-4690-81cf-da5ab79b92f7: start LeaderElection
2019-10-23 12:36:04,711 [RatisPipelineUtilsThread] INFO  pipeline.PipelineStateManager (PipelineStateManager.java:addPipeline(56)) - Created pipeline Pipeline[ Id: feea0397-78ed-462b-a57e-eccfa4c9474f, Nodes: 279bca68-3e74-4690-81cf-da5ab79b92f7{ip: 192.168.69.118, host: pr-hdds1643-t2fz7-3136866267, networkLocation: /rack1, certSerialId: null}, Type:RATIS, Factor:ONE, State:OPEN]
2019-10-23 12:36:04,727 [grpc-default-executor-0] INFO  impl.RaftServerProxy (RaftServerProxy.java:addNew(89)) - 6ab07dc1-44de-469f-9394-eacc6d443333: addNew group-844EAE8F8DFF:[6ab07dc1-44de-469f-9394-eacc6d443333:192.168.69.118:36388] returns group-844EAE8F8DFF:java.util.concurrent.CompletableFuture@3dbcd453[Not completed]
2019-10-23 12:36:04,729 [pool-52-thread-1] INFO  impl.RaftServerImpl (RaftServerImpl.java:<init>(104)) - 6ab07dc1-44de-469f-9394-eacc6d443333: new RaftServerImpl for group-844EAE8F8DFF:[6ab07dc1-44de-469f-9394-eacc6d443333:192.168.69.118:36388] with ContainerStateMachine:uninitialized
2019-10-23 12:36:04,729 [pool-52-thread-1] INFO  server.RaftServerConfigKeys (ConfUtils.java:logGet(43)) - raft.server.rpc.timeout.min = 5s (custom)
2019-10-23 12:36:04,729 [pool-52-thread-1] INFO  server.RaftServerConfigKeys (ConfUtils.java:logGet(43)) - raft.server.rpc.timeout.max = 5200ms (custom)
2019-10-23 12:36:04,729 [pool-52-thread-1] INFO  server.RaftServerConfigKeys (ConfUtils.java:logGet(43)) - raft.server.rpcslowness.timeout = 120s (custom)
2019-10-23 12:36:04,729 [pool-52-thread-1] INFO  server.RaftServerConfigKeys (ConfUtils.java:logGet(43)) - raft.server.sleep.deviation.threshold = 300 (default)
2019-10-23 12:36:04,729 [pool-52-thread-1] INFO  server.RaftServerConfigKeys (ConfUtils.java:logGet(43)) - raft.server.log.appender.install.snapshot.enabled = false (custom)
2019-10-23 12:36:04,730 [pool-52-thread-1] INFO  impl.RaftServerImpl (ServerState.java:<init>(103)) - 6ab07dc1-44de-469f-9394-eacc6d443333@group-844EAE8F8DFF: ConfigurationManager, init=-1: [6ab07dc1-44de-469f-9394-eacc6d443333:192.168.69.118:36388], old=null, confs=<EMPTY_MAP>
2019-10-23 12:36:04,730 [pool-52-thread-1] INFO  server.RaftServerConfigKeys (ConfUtils.java:logGet(43)) - raft.server.storage.dir = [/workdir/hadoop-ozone/integration-test/target/test-dir/MiniOzoneClusterImpl-7da343b7-2e3e-4959-adfc-85e1dda11563/datanode-2/data/ratis] (custom)
2019-10-23 12:36:04,730 [pool-52-thread-1] INFO  server.RaftServerConfigKeys (ConfUtils.java:logGet(43)) - raft.server.log.corruption.policy = EXCEPTION (default)
2019-10-23 12:36:04,730 [pool-52-thread-1] INFO  storage.RaftStorageDirectory (RaftStorageDirectory.java:analyzeStorage(246)) - The storage directory /workdir/hadoop-ozone/integration-test/target/test-dir/MiniOzoneClusterImpl-7da343b7-2e3e-4959-adfc-85e1dda11563/datanode-2/data/ratis/53b0e880-0540-40e5-943a-844eae8f8dff does not exist. Creating ...
2019-10-23 12:36:04,734 [279bca68-3e74-4690-81cf-da5ab79b92f7@group-ECCFA4C9474F-LeaderElection3] INFO  impl.LeaderElection (LeaderElection.java:askForVotes(178)) - 279bca68-3e74-4690-81cf-da5ab79b92f7@group-ECCFA4C9474F-LeaderElection3: begin an election at term 1 for -1: [279bca68-3e74-4690-81cf-da5ab79b92f7:192.168.69.118:45510], old=null
2019-10-23 12:36:04,734 [279bca68-3e74-4690-81cf-da5ab79b92f7@group-ECCFA4C9474F-LeaderElection3] INFO  impl.RoleInfo (RoleInfo.java:shutdownLeaderElection(134)) - 279bca68-3e74-4690-81cf-da5ab79b92f7: shutdown LeaderElection
2019-10-23 12:36:04,734 [279bca68-3e74-4690-81cf-da5ab79b92f7@group-ECCFA4C9474F-LeaderElection3] INFO  impl.RaftServerImpl (RaftServerImpl.java:setRole(184)) - 279bca68-3e74-4690-81cf-da5ab79b92f7@group-ECCFA4C9474F: changes role from CANDIDATE to LEADER at term 1 for changeToLeader
2019-10-23 12:36:04,735 [279bca68-3e74-4690-81cf-da5ab79b92f7@group-ECCFA4C9474F-LeaderElection3] INFO  impl.RaftServerImpl (ServerState.java:setLeader(256)) - 279bca68-3e74-4690-81cf-da5ab79b92f7@group-ECCFA4C9474F: change Leader from null to 279bca68-3e74-4690-81cf-da5ab79b92f7 at term 1 for becomeLeader, leader elected after 51ms
2019-10-23 12:36:04,736 [279bca68-3e74-4690-81cf-da5ab79b92f7@group-ECCFA4C9474F-LeaderElection3] INFO  server.RaftServerConfigKeys (ConfUtils.java:logGet(43)) - raft.server.staging.catchup.gap = 1000 (default)
2019-10-23 12:36:04,736 [279bca68-3e74-4690-81cf-da5ab79b92f7@group-ECCFA4C9474F-LeaderElection3] INFO  server.RaftServerConfigKeys (ConfUtils.java:logGet(43)) - raft.server.rpc.sleep.time = 25ms (default)
2019-10-23 12:36:04,736 [279bca68-3e74-4690-81cf-da5ab79b92f7@group-ECCFA4C9474F-LeaderElection3] INFO  server.RaftServerConfigKeys (ConfUtils.java:logGet(43)) - raft.server.write.element-limit = 4096 (default)
2019-10-23 12:36:04,736 [279bca68-3e74-4690-81cf-da5ab79b92f7@group-ECCFA4C9474F-LeaderElection3] INFO  server.RaftServerConfigKeys (ConfUtils.java:logGet(43)) - raft.server.watch.timeout = 10s (default)
2019-10-23 12:36:04,736 [279bca68-3e74-4690-81cf-da5ab79b92f7@group-ECCFA4C9474F-LeaderElection3] INFO  server.RaftServerConfigKeys (ConfUtils.java:logGet(43)) - raft.server.watch.timeout.denomination = 1s (default)
2019-10-23 12:36:04,737 [279bca68-3e74-4690-81cf-da5ab79b92f7@group-ECCFA4C9474F-LeaderElection3] INFO  server.RaftServerConfigKeys (ConfUtils.java:logGet(43)) - raft.server.watch.element-limit = 65536 (default)
2019-10-23 12:36:04,740 [279bca68-3e74-4690-81cf-da5ab79b92f7@group-ECCFA4C9474F-LeaderElection3] INFO  impl.RoleInfo (RoleInfo.java:updateAndGet(143)) - 279bca68-3e74-4690-81cf-da5ab79b92f7: start LeaderState
2019-10-23 12:36:04,740 [279bca68-3e74-4690-81cf-da5ab79b92f7@group-ECCFA4C9474F-LeaderElection3] INFO  segmented.SegmentedRaftLogWorker (SegmentedRaftLogWorker.java:startLogSegment(385)) - 279bca68-3e74-4690-81cf-da5ab79b92f7@group-ECCFA4C9474F-SegmentedRaftLogWorker: Starting segment from index:0
2019-10-23 12:36:04,741 [279bca68-3e74-4690-81cf-da5ab79b92f7@group-ECCFA4C9474F-LeaderElection3] INFO  impl.RaftServerImpl (ServerState.java:setRaftConf(357)) - 279bca68-3e74-4690-81cf-da5ab79b92f7@group-ECCFA4C9474F: set configuration 0: [279bca68-3e74-4690-81cf-da5ab79b92f7:192.168.69.118:45510], old=null at 0
2019-10-23 12:36:04,767 [pool-52-thread-1] INFO  storage.RaftStorageDirectory (RaftStorageDirectory.java:tryLock(328)) - Lock on /workdir/hadoop-ozone/integration-test/target/test-dir/MiniOzoneClusterImpl-7da343b7-2e3e-4959-adfc-85e1dda11563/datanode-2/data/ratis/53b0e880-0540-40e5-943a-844eae8f8dff/in_use.lock acquired by nodename 12737@pr-hdds1643-t2fz7-3136866267
2019-10-23 12:36:04,767 [Thread-206] INFO  impl.FollowerState (FollowerState.java:run(108)) - 389d5540-641f-48c2-a9df-60738dbad976@group-47AAA6DF92E6-FollowerState: change to CANDIDATE, lastRpcTime:160ms, electionTimeout:145ms
2019-10-23 12:36:04,768 [Thread-206] INFO  impl.RoleInfo (RoleInfo.java:shutdownFollowerState(121)) - 389d5540-641f-48c2-a9df-60738dbad976: shutdown FollowerState
2019-10-23 12:36:04,768 [Thread-206] INFO  impl.RaftServerImpl (RaftServerImpl.java:setRole(184)) - 389d5540-641f-48c2-a9df-60738dbad976@group-47AAA6DF92E6: changes role from  FOLLOWER to CANDIDATE at term 0 for changeToCandidate
2019-10-23 12:36:04,768 [Thread-206] INFO  impl.RoleInfo (RoleInfo.java:updateAndGet(143)) - 389d5540-641f-48c2-a9df-60738dbad976: start LeaderElection
2019-10-23 12:36:04,782 [279bca68-3e74-4690-81cf-da5ab79b92f7@group-ECCFA4C9474F-SegmentedRaftLogWorker] INFO  segmented.SegmentedRaftLogWorker (SegmentedRaftLogWorker.java:execute(576)) - 279bca68-3e74-4690-81cf-da5ab79b92f7@group-ECCFA4C9474F-SegmentedRaftLogWorker: created new log segment /workdir/hadoop-ozone/integration-test/target/test-dir/MiniOzoneClusterImpl-7da343b7-2e3e-4959-adfc-85e1dda11563/datanode-1/data/ratis/feea0397-78ed-462b-a57e-eccfa4c9474f/current/log_inprogress_0
2019-10-23 12:36:04,782 [pool-52-thread-1] INFO  storage.RaftStorage (RaftStorage.java:format(84)) - Storage directory /workdir/hadoop-ozone/integration-test/target/test-dir/MiniOzoneClusterImpl-7da343b7-2e3e-4959-adfc-85e1dda11563/datanode-2/data/ratis/53b0e880-0540-40e5-943a-844eae8f8dff has been successfully formatted.
2019-10-23 12:36:04,782 [389d5540-641f-48c2-a9df-60738dbad976@group-47AAA6DF92E6-LeaderElection4] INFO  impl.LeaderElection (LeaderElection.java:askForVotes(178)) - 389d5540-641f-48c2-a9df-60738dbad976@group-47AAA6DF92E6-LeaderElection4: begin an election at term 1 for -1: [389d5540-641f-48c2-a9df-60738dbad976:192.168.69.118:45712], old=null
2019-10-23 12:36:04,783 [pool-52-thread-1] INFO  ratis.ContainerStateMachine (ContainerStateMachine.java:loadSnapshot(231)) - group-844EAE8F8DFF: The snapshot info is null. Setting the last applied indexto:(t:0, i:~)
2019-10-23 12:36:04,783 [389d5540-641f-48c2-a9df-60738dbad976@group-47AAA6DF92E6-LeaderElection4] INFO  impl.RoleInfo (RoleInfo.java:shutdownLeaderElection(134)) - 389d5540-641f-48c2-a9df-60738dbad976: shutdown LeaderElection
2019-10-23 12:36:04,783 [pool-52-thread-1] INFO  server.RaftServerConfigKeys (ConfUtils.java:logGet(43)) - raft.server.notification.no-leader.timeout = 120s (custom)
2019-10-23 12:36:04,783 [389d5540-641f-48c2-a9df-60738dbad976@group-47AAA6DF92E6-LeaderElection4] INFO  impl.RaftServerImpl (RaftServerImpl.java:setRole(184)) - 389d5540-641f-48c2-a9df-60738dbad976@group-47AAA6DF92E6: changes role from CANDIDATE to LEADER at term 1 for changeToLeader
2019-10-23 12:36:04,783 [pool-52-thread-1] INFO  server.RaftServerConfigKeys (ConfUtils.java:logGet(43)) - raft.server.log.use.memory = false (default)
2019-10-23 12:36:04,783 [389d5540-641f-48c2-a9df-60738dbad976@group-47AAA6DF92E6-LeaderElection4] INFO  impl.RaftServerImpl (ServerState.java:setLeader(256)) - 389d5540-641f-48c2-a9df-60738dbad976@group-47AAA6DF92E6: change Leader from null to 389d5540-641f-48c2-a9df-60738dbad976 at term 1 for becomeLeader, leader elected after 192ms
2019-10-23 12:36:04,783 [pool-52-thread-1] INFO  server.RaftServerConfigKeys (ConfUtils.java:logGet(43)) - raft.server.log.purge.gap = 1000000 (custom)
2019-10-23 12:36:04,784 [389d5540-641f-48c2-a9df-60738dbad976@group-47AAA6DF92E6-LeaderElection4] INFO  server.RaftServerConfigKeys (ConfUtils.java:logGet(43)) - raft.server.staging.catchup.gap = 1000 (default)
2019-10-23 12:36:04,784 [pool-52-thread-1] INFO  server.RaftServerConfigKeys (ConfUtils.java:logGet(43)) - raft.server.log.appender.buffer.byte-limit = 33554432 (custom)
2019-10-23 12:36:04,785 [389d5540-641f-48c2-a9df-60738dbad976@group-47AAA6DF92E6-LeaderElection4] INFO  server.RaftServerConfigKeys (ConfUtils.java:logGet(43)) - raft.server.rpc.sleep.time = 25ms (default)
2019-10-23 12:36:04,785 [pool-52-thread-1] INFO  server.RaftServerConfigKeys (ConfUtils.java:logGet(43)) - raft.server.log.segment.size.max = 1048576 (custom)
2019-10-23 12:36:04,785 [389d5540-641f-48c2-a9df-60738dbad976@group-47AAA6DF92E6-LeaderElection4] INFO  server.RaftServerConfigKeys (ConfUtils.java:logGet(43)) - raft.server.write.element-limit = 4096 (default)
2019-10-23 12:36:04,785 [389d5540-641f-48c2-a9df-60738dbad976@group-47AAA6DF92E6-LeaderElection4] INFO  server.RaftServerConfigKeys (ConfUtils.java:logGet(43)) - raft.server.watch.timeout = 10s (default)
2019-10-23 12:36:04,785 [389d5540-641f-48c2-a9df-60738dbad976@group-47AAA6DF92E6-LeaderElection4] INFO  server.RaftServerConfigKeys (ConfUtils.java:logGet(43)) - raft.server.watch.timeout.denomination = 1s (default)
2019-10-23 12:36:04,786 [389d5540-641f-48c2-a9df-60738dbad976@group-47AAA6DF92E6-LeaderElection4] INFO  server.RaftServerConfigKeys (ConfUtils.java:logGet(43)) - raft.server.watch.element-limit = 65536 (default)
2019-10-23 12:36:04,788 [pool-52-thread-1] INFO  server.RaftServerConfigKeys (ConfUtils.java:logGet(43)) - raft.server.log.segment.cache.num.max = 2 (custom)
2019-10-23 12:36:04,788 [pool-52-thread-1] INFO  segmented.SegmentedRaftLogWorker (SegmentedRaftLogWorker.java:<init>(173)) - new 6ab07dc1-44de-469f-9394-eacc6d443333@group-844EAE8F8DFF-SegmentedRaftLogWorker for RaftStorage:Storage Directory /workdir/hadoop-ozone/integration-test/target/test-dir/MiniOzoneClusterImpl-7da343b7-2e3e-4959-adfc-85e1dda11563/datanode-2/data/ratis/53b0e880-0540-40e5-943a-844eae8f8dff
2019-10-23 12:36:04,788 [pool-52-thread-1] INFO  server.RaftServerConfigKeys (ConfUtils.java:logGet(43)) - raft.server.log.queue.byte-limit = 2147483647 (custom)
2019-10-23 12:36:04,788 [pool-52-thread-1] INFO  server.RaftServerConfigKeys (ConfUtils.java:logGet(43)) - raft.server.log.queue.element-limit = 1024 (custom)
2019-10-23 12:36:04,788 [pool-52-thread-1] INFO  server.RaftServerConfigKeys (ConfUtils.java:logGet(43)) - raft.server.log.segment.size.max = 1048576 (custom)
2019-10-23 12:36:04,789 [pool-52-thread-1] INFO  server.RaftServerConfigKeys (ConfUtils.java:logGet(43)) - raft.server.log.preallocated.size = 16384 (custom)
2019-10-23 12:36:04,789 [pool-52-thread-1] INFO  server.RaftServerConfigKeys (ConfUtils.java:logGet(43)) - raft.server.log.write.buffer.size = 33554432 (custom)
2019-10-23 12:36:04,789 [pool-52-thread-1] INFO  server.RaftServerConfigKeys (ConfUtils.java:logGet(43)) - raft.server.log.force.sync.num = 128 (default)
2019-10-23 12:36:04,789 [pool-52-thread-1] INFO  server.RaftServerConfigKeys (ConfUtils.java:logGet(43)) - raft.server.log.statemachine.data.sync = true (default)
2019-10-23 12:36:04,789 [pool-52-thread-1] INFO  server.RaftServerConfigKeys (ConfUtils.java:logGet(43)) - raft.server.log.statemachine.data.sync.timeout = 10s (default)
2019-10-23 12:36:04,789 [pool-52-thread-1] INFO  server.RaftServerConfigKeys (ConfUtils.java:logGet(43)) - raft.server.log.statemachine.data.sync.timeout.retry = -1 (default)
2019-10-23 12:36:04,789 [389d5540-641f-48c2-a9df-60738dbad976@group-47AAA6DF92E6-LeaderElection4] INFO  impl.RoleInfo (RoleInfo.java:updateAndGet(143)) - 389d5540-641f-48c2-a9df-60738dbad976: start LeaderState
2019-10-23 12:36:04,790 [pool-52-thread-1] INFO  server.RaftServerConfigKeys (ConfUtils.java:logGet(43)) - raft.server.log.statemachine.data.caching.enabled = true (custom)
2019-10-23 12:36:04,790 [389d5540-641f-48c2-a9df-60738dbad976@group-47AAA6DF92E6-LeaderElection4] INFO  segmented.SegmentedRaftLogWorker (SegmentedRaftLogWorker.java:startLogSegment(385)) - 389d5540-641f-48c2-a9df-60738dbad976@group-47AAA6DF92E6-SegmentedRaftLogWorker: Starting segment from index:0
2019-10-23 12:36:04,790 [pool-52-thread-1] INFO  segmented.SegmentedRaftLogWorker (SegmentedRaftLogWorker.java:lambda$new$0(128)) - 6ab07dc1-44de-469f-9394-eacc6d443333@group-844EAE8F8DFF-SegmentedRaftLogWorker: flushIndex: setUnconditionally 0 -> -1
2019-10-23 12:36:04,790 [pool-52-thread-1] INFO  server.RaftServerConfigKeys (ConfUtils.java:logGet(43)) - raft.server.snapshot.auto.trigger.enabled = true (custom)
2019-10-23 12:36:04,791 [pool-52-thread-1] INFO  server.RaftServerConfigKeys (ConfUtils.java:logGet(43)) - raft.server.snapshot.auto.trigger.threshold = 10000 (custom)
2019-10-23 12:36:04,791 [pool-52-thread-1] INFO  server.RaftServerConfigKeys (ConfUtils.java:logGet(43)) - raft.server.snapshot.retention.file.num = 5 (custom)
2019-10-23 12:36:04,791 [389d5540-641f-48c2-a9df-60738dbad976@group-47AAA6DF92E6-LeaderElection4] INFO  impl.RaftServerImpl (ServerState.java:setRaftConf(357)) - 389d5540-641f-48c2-a9df-60738dbad976@group-47AAA6DF92E6: set configuration 0: [389d5540-641f-48c2-a9df-60738dbad976:192.168.69.118:45712], old=null at 0
2019-10-23 12:36:04,791 [pool-52-thread-1] INFO  server.RaftServerConfigKeys (ConfUtils.java:logGet(43)) - raft.server.retrycache.expirytime = 600000ms (custom)
2019-10-23 12:36:04,832 [pool-52-thread-1] INFO  impl.RaftServerImpl (RaftServerImpl.java:start(195)) - 6ab07dc1-44de-469f-9394-eacc6d443333@group-844EAE8F8DFF: start as a follower, conf=-1: [6ab07dc1-44de-469f-9394-eacc6d443333:192.168.69.118:36388], old=null
2019-10-23 12:36:04,832 [pool-52-thread-1] INFO  impl.RaftServerImpl (RaftServerImpl.java:setRole(184)) - 6ab07dc1-44de-469f-9394-eacc6d443333@group-844EAE8F8DFF: changes role from      null to FOLLOWER at term 0 for startAsFollower
2019-10-23 12:36:04,832 [pool-52-thread-1] INFO  impl.RoleInfo (RoleInfo.java:updateAndGet(143)) - 6ab07dc1-44de-469f-9394-eacc6d443333: start FollowerState
2019-10-23 12:36:04,833 [pool-52-thread-1] INFO  util.JmxRegister (JmxRegister.java:tryRegister(44)) - Successfully registered JMX Bean with object name Ratis:service=RaftServer,group=group-844EAE8F8DFF,id=6ab07dc1-44de-469f-9394-eacc6d443333
2019-10-23 12:36:04,849 [RatisPipelineUtilsThread] INFO  pipeline.PipelineStateManager (PipelineStateManager.java:addPipeline(56)) - Created pipeline Pipeline[ Id: 53b0e880-0540-40e5-943a-844eae8f8dff, Nodes: 6ab07dc1-44de-469f-9394-eacc6d443333{ip: 192.168.69.118, host: pr-hdds1643-t2fz7-3136866267, networkLocation: /rack1, certSerialId: null}, Type:RATIS, Factor:ONE, State:OPEN]
2019-10-23 12:36:04,850 [389d5540-641f-48c2-a9df-60738dbad976@group-47AAA6DF92E6-SegmentedRaftLogWorker] INFO  segmented.SegmentedRaftLogWorker (SegmentedRaftLogWorker.java:execute(576)) - 389d5540-641f-48c2-a9df-60738dbad976@group-47AAA6DF92E6-SegmentedRaftLogWorker: created new log segment /workdir/hadoop-ozone/integration-test/target/test-dir/MiniOzoneClusterImpl-7da343b7-2e3e-4959-adfc-85e1dda11563/datanode-3/data/ratis/7d0640f8-87ab-47c8-be9e-47aaa6df92e6/current/log_inprogress_0
2019-10-23 12:36:04,888 [grpc-default-executor-2] INFO  impl.RaftServerProxy (RaftServerProxy.java:addNew(89)) - daebe4f8-0ad9-4eb2-8ed7-3a8051847eb6: addNew group-AF49A4A4CA2A:[daebe4f8-0ad9-4eb2-8ed7-3a8051847eb6:192.168.69.118:44860, 389d5540-641f-48c2-a9df-60738dbad976:192.168.69.118:45712, 279bca68-3e74-4690-81cf-da5ab79b92f7:192.168.69.118:45510] returns group-AF49A4A4CA2A:java.util.concurrent.CompletableFuture@7f405167[Not completed]
2019-10-23 12:36:04,889 [grpc-default-executor-1] INFO  impl.RaftServerProxy (RaftServerProxy.java:addNew(89)) - 389d5540-641f-48c2-a9df-60738dbad976: addNew group-AF49A4A4CA2A:[daebe4f8-0ad9-4eb2-8ed7-3a8051847eb6:192.168.69.118:44860, 389d5540-641f-48c2-a9df-60738dbad976:192.168.69.118:45712, 279bca68-3e74-4690-81cf-da5ab79b92f7:192.168.69.118:45510] returns group-AF49A4A4CA2A:java.util.concurrent.CompletableFuture@123251d8[Not completed]
2019-10-23 12:36:04,890 [grpc-default-executor-0] INFO  impl.RaftServerProxy (RaftServerProxy.java:addNew(89)) - 279bca68-3e74-4690-81cf-da5ab79b92f7: addNew group-AF49A4A4CA2A:[daebe4f8-0ad9-4eb2-8ed7-3a8051847eb6:192.168.69.118:44860, 389d5540-641f-48c2-a9df-60738dbad976:192.168.69.118:45712, 279bca68-3e74-4690-81cf-da5ab79b92f7:192.168.69.118:45510] returns group-AF49A4A4CA2A:java.util.concurrent.CompletableFuture@628be710[Not completed]
2019-10-23 12:36:04,891 [pool-32-thread-1] INFO  impl.RaftServerImpl (RaftServerImpl.java:<init>(104)) - daebe4f8-0ad9-4eb2-8ed7-3a8051847eb6: new RaftServerImpl for group-AF49A4A4CA2A:[daebe4f8-0ad9-4eb2-8ed7-3a8051847eb6:192.168.69.118:44860, 389d5540-641f-48c2-a9df-60738dbad976:192.168.69.118:45712, 279bca68-3e74-4690-81cf-da5ab79b92f7:192.168.69.118:45510] with ContainerStateMachine:uninitialized
2019-10-23 12:36:04,892 [pool-32-thread-1] INFO  server.RaftServerConfigKeys (ConfUtils.java:logGet(43)) - raft.server.rpc.timeout.min = 5s (custom)
2019-10-23 12:36:04,892 [pool-32-thread-1] INFO  server.RaftServerConfigKeys (ConfUtils.java:logGet(43)) - raft.server.rpc.timeout.max = 5200ms (custom)
2019-10-23 12:36:04,892 [pool-32-thread-1] INFO  server.RaftServerConfigKeys (ConfUtils.java:logGet(43)) - raft.server.rpcslowness.timeout = 120s (custom)
2019-10-23 12:36:04,892 [pool-32-thread-1] INFO  server.RaftServerConfigKeys (ConfUtils.java:logGet(43)) - raft.server.sleep.deviation.threshold = 300 (default)
2019-10-23 12:36:04,892 [pool-32-thread-1] INFO  server.RaftServerConfigKeys (ConfUtils.java:logGet(43)) - raft.server.log.appender.install.snapshot.enabled = false (custom)
2019-10-23 12:36:04,893 [pool-32-thread-1] INFO  impl.RaftServerImpl (ServerState.java:<init>(103)) - daebe4f8-0ad9-4eb2-8ed7-3a8051847eb6@group-AF49A4A4CA2A: ConfigurationManager, init=-1: [daebe4f8-0ad9-4eb2-8ed7-3a8051847eb6:192.168.69.118:44860, 389d5540-641f-48c2-a9df-60738dbad976:192.168.69.118:45712, 279bca68-3e74-4690-81cf-da5ab79b92f7:192.168.69.118:45510], old=null, confs=<EMPTY_MAP>
2019-10-23 12:36:04,893 [pool-42-thread-1] INFO  impl.RaftServerImpl (RaftServerImpl.java:<init>(104)) - 279bca68-3e74-4690-81cf-da5ab79b92f7: new RaftServerImpl for group-AF49A4A4CA2A:[daebe4f8-0ad9-4eb2-8ed7-3a8051847eb6:192.168.69.118:44860, 389d5540-641f-48c2-a9df-60738dbad976:192.168.69.118:45712, 279bca68-3e74-4690-81cf-da5ab79b92f7:192.168.69.118:45510] with ContainerStateMachine:uninitialized
2019-10-23 12:36:04,893 [pool-32-thread-1] INFO  server.RaftServerConfigKeys (ConfUtils.java:logGet(43)) - raft.server.storage.dir = [/workdir/hadoop-ozone/integration-test/target/test-dir/MiniOzoneClusterImpl-7da343b7-2e3e-4959-adfc-85e1dda11563/datanode-0/data/ratis] (custom)
2019-10-23 12:36:04,893 [pool-42-thread-1] INFO  server.RaftServerConfigKeys (ConfUtils.java:logGet(43)) - raft.server.rpc.timeout.min = 5s (custom)
2019-10-23 12:36:04,893 [pool-42-thread-1] INFO  server.RaftServerConfigKeys (ConfUtils.java:logGet(43)) - raft.server.rpc.timeout.max = 5200ms (custom)
2019-10-23 12:36:04,893 [pool-32-thread-1] INFO  server.RaftServerConfigKeys (ConfUtils.java:logGet(43)) - raft.server.log.corruption.policy = EXCEPTION (default)
2019-10-23 12:36:04,893 [pool-42-thread-1] INFO  server.RaftServerConfigKeys (ConfUtils.java:logGet(43)) - raft.server.rpcslowness.timeout = 120s (custom)
2019-10-23 12:36:04,894 [pool-42-thread-1] INFO  server.RaftServerConfigKeys (ConfUtils.java:logGet(43)) - raft.server.sleep.deviation.threshold = 300 (default)
2019-10-23 12:36:04,894 [pool-32-thread-1] INFO  storage.RaftStorageDirectory (RaftStorageDirectory.java:analyzeStorage(246)) - The storage directory /workdir/hadoop-ozone/integration-test/target/test-dir/MiniOzoneClusterImpl-7da343b7-2e3e-4959-adfc-85e1dda11563/datanode-0/data/ratis/07c2703e-e062-427f-871b-af49a4a4ca2a does not exist. Creating ...
2019-10-23 12:36:04,894 [pool-42-thread-1] INFO  server.RaftServerConfigKeys (ConfUtils.java:logGet(43)) - raft.server.log.appender.install.snapshot.enabled = false (custom)
2019-10-23 12:36:04,894 [pool-62-thread-1] INFO  impl.RaftServerImpl (RaftServerImpl.java:<init>(104)) - 389d5540-641f-48c2-a9df-60738dbad976: new RaftServerImpl for group-AF49A4A4CA2A:[daebe4f8-0ad9-4eb2-8ed7-3a8051847eb6:192.168.69.118:44860, 389d5540-641f-48c2-a9df-60738dbad976:192.168.69.118:45712, 279bca68-3e74-4690-81cf-da5ab79b92f7:192.168.69.118:45510] with ContainerStateMachine:uninitialized
2019-10-23 12:36:04,894 [pool-42-thread-1] INFO  impl.RaftServerImpl (ServerState.java:<init>(103)) - 279bca68-3e74-4690-81cf-da5ab79b92f7@group-AF49A4A4CA2A: ConfigurationManager, init=-1: [daebe4f8-0ad9-4eb2-8ed7-3a8051847eb6:192.168.69.118:44860, 389d5540-641f-48c2-a9df-60738dbad976:192.168.69.118:45712, 279bca68-3e74-4690-81cf-da5ab79b92f7:192.168.69.118:45510], old=null, confs=<EMPTY_MAP>
2019-10-23 12:36:04,894 [pool-62-thread-1] INFO  server.RaftServerConfigKeys (ConfUtils.java:logGet(43)) - raft.server.rpc.timeout.min = 5s (custom)
2019-10-23 12:36:04,894 [pool-42-thread-1] INFO  server.RaftServerConfigKeys (ConfUtils.java:logGet(43)) - raft.server.storage.dir = [/workdir/hadoop-ozone/integration-test/target/test-dir/MiniOzoneClusterImpl-7da343b7-2e3e-4959-adfc-85e1dda11563/datanode-1/data/ratis] (custom)
2019-10-23 12:36:04,894 [pool-62-thread-1] INFO  server.RaftServerConfigKeys (ConfUtils.java:logGet(43)) - raft.server.rpc.timeout.max = 5200ms (custom)
2019-10-23 12:36:04,895 [pool-62-thread-1] INFO  server.RaftServerConfigKeys (ConfUtils.java:logGet(43)) - raft.server.rpcslowness.timeout = 120s (custom)
2019-10-23 12:36:04,895 [pool-42-thread-1] INFO  server.RaftServerConfigKeys (ConfUtils.java:logGet(43)) - raft.server.log.corruption.policy = EXCEPTION (default)
2019-10-23 12:36:04,895 [pool-62-thread-1] INFO  server.RaftServerConfigKeys (ConfUtils.java:logGet(43)) - raft.server.sleep.deviation.threshold = 300 (default)
2019-10-23 12:36:04,895 [pool-62-thread-1] INFO  server.RaftServerConfigKeys (ConfUtils.java:logGet(43)) - raft.server.log.appender.install.snapshot.enabled = false (custom)
2019-10-23 12:36:04,895 [pool-42-thread-1] INFO  storage.RaftStorageDirectory (RaftStorageDirectory.java:analyzeStorage(246)) - The storage directory /workdir/hadoop-ozone/integration-test/target/test-dir/MiniOzoneClusterImpl-7da343b7-2e3e-4959-adfc-85e1dda11563/datanode-1/data/ratis/07c2703e-e062-427f-871b-af49a4a4ca2a does not exist. Creating ...
2019-10-23 12:36:04,895 [pool-62-thread-1] INFO  impl.RaftServerImpl (ServerState.java:<init>(103)) - 389d5540-641f-48c2-a9df-60738dbad976@group-AF49A4A4CA2A: ConfigurationManager, init=-1: [daebe4f8-0ad9-4eb2-8ed7-3a8051847eb6:192.168.69.118:44860, 389d5540-641f-48c2-a9df-60738dbad976:192.168.69.118:45712, 279bca68-3e74-4690-81cf-da5ab79b92f7:192.168.69.118:45510], old=null, confs=<EMPTY_MAP>
2019-10-23 12:36:04,895 [pool-62-thread-1] INFO  server.RaftServerConfigKeys (ConfUtils.java:logGet(43)) - raft.server.storage.dir = [/workdir/hadoop-ozone/integration-test/target/test-dir/MiniOzoneClusterImpl-7da343b7-2e3e-4959-adfc-85e1dda11563/datanode-3/data/ratis] (custom)
2019-10-23 12:36:04,896 [pool-62-thread-1] INFO  server.RaftServerConfigKeys (ConfUtils.java:logGet(43)) - raft.server.log.corruption.policy = EXCEPTION (default)
2019-10-23 12:36:04,896 [pool-62-thread-1] INFO  storage.RaftStorageDirectory (RaftStorageDirectory.java:analyzeStorage(246)) - The storage directory /workdir/hadoop-ozone/integration-test/target/test-dir/MiniOzoneClusterImpl-7da343b7-2e3e-4959-adfc-85e1dda11563/datanode-3/data/ratis/07c2703e-e062-427f-871b-af49a4a4ca2a does not exist. Creating ...
2019-10-23 12:36:04,907 [pool-62-thread-1] INFO  storage.RaftStorageDirectory (RaftStorageDirectory.java:tryLock(328)) - Lock on /workdir/hadoop-ozone/integration-test/target/test-dir/MiniOzoneClusterImpl-7da343b7-2e3e-4959-adfc-85e1dda11563/datanode-3/data/ratis/07c2703e-e062-427f-871b-af49a4a4ca2a/in_use.lock acquired by nodename 12737@pr-hdds1643-t2fz7-3136866267
2019-10-23 12:36:04,907 [pool-32-thread-1] INFO  storage.RaftStorageDirectory (RaftStorageDirectory.java:tryLock(328)) - Lock on /workdir/hadoop-ozone/integration-test/target/test-dir/MiniOzoneClusterImpl-7da343b7-2e3e-4959-adfc-85e1dda11563/datanode-0/data/ratis/07c2703e-e062-427f-871b-af49a4a4ca2a/in_use.lock acquired by nodename 12737@pr-hdds1643-t2fz7-3136866267
2019-10-23 12:36:04,907 [pool-42-thread-1] INFO  storage.RaftStorageDirectory (RaftStorageDirectory.java:tryLock(328)) - Lock on /workdir/hadoop-ozone/integration-test/target/test-dir/MiniOzoneClusterImpl-7da343b7-2e3e-4959-adfc-85e1dda11563/datanode-1/data/ratis/07c2703e-e062-427f-871b-af49a4a4ca2a/in_use.lock acquired by nodename 12737@pr-hdds1643-t2fz7-3136866267
2019-10-23 12:36:04,927 [pool-62-thread-1] INFO  storage.RaftStorage (RaftStorage.java:format(84)) - Storage directory /workdir/hadoop-ozone/integration-test/target/test-dir/MiniOzoneClusterImpl-7da343b7-2e3e-4959-adfc-85e1dda11563/datanode-3/data/ratis/07c2703e-e062-427f-871b-af49a4a4ca2a has been successfully formatted.
2019-10-23 12:36:04,927 [pool-32-thread-1] INFO  storage.RaftStorage (RaftStorage.java:format(84)) - Storage directory /workdir/hadoop-ozone/integration-test/target/test-dir/MiniOzoneClusterImpl-7da343b7-2e3e-4959-adfc-85e1dda11563/datanode-0/data/ratis/07c2703e-e062-427f-871b-af49a4a4ca2a has been successfully formatted.
2019-10-23 12:36:04,928 [pool-62-thread-1] INFO  ratis.ContainerStateMachine (ContainerStateMachine.java:loadSnapshot(231)) - group-AF49A4A4CA2A: The snapshot info is null. Setting the last applied indexto:(t:0, i:~)
2019-10-23 12:36:04,928 [pool-42-thread-1] INFO  storage.RaftStorage (RaftStorage.java:format(84)) - Storage directory /workdir/hadoop-ozone/integration-test/target/test-dir/MiniOzoneClusterImpl-7da343b7-2e3e-4959-adfc-85e1dda11563/datanode-1/data/ratis/07c2703e-e062-427f-871b-af49a4a4ca2a has been successfully formatted.
2019-10-23 12:36:04,928 [pool-32-thread-1] INFO  ratis.ContainerStateMachine (ContainerStateMachine.java:loadSnapshot(231)) - group-AF49A4A4CA2A: The snapshot info is null. Setting the last applied indexto:(t:0, i:~)
2019-10-23 12:36:04,928 [pool-62-thread-1] INFO  server.RaftServerConfigKeys (ConfUtils.java:logGet(43)) - raft.server.notification.no-leader.timeout = 120s (custom)
2019-10-23 12:36:04,928 [pool-32-thread-1] INFO  server.RaftServerConfigKeys (ConfUtils.java:logGet(43)) - raft.server.notification.no-leader.timeout = 120s (custom)
2019-10-23 12:36:04,928 [pool-42-thread-1] INFO  ratis.ContainerStateMachine (ContainerStateMachine.java:loadSnapshot(231)) - group-AF49A4A4CA2A: The snapshot info is null. Setting the last applied indexto:(t:0, i:~)
2019-10-23 12:36:04,928 [pool-32-thread-1] INFO  server.RaftServerConfigKeys (ConfUtils.java:logGet(43)) - raft.server.log.use.memory = false (default)
2019-10-23 12:36:04,928 [pool-62-thread-1] INFO  server.RaftServerConfigKeys (ConfUtils.java:logGet(43)) - raft.server.log.use.memory = false (default)
2019-10-23 12:36:04,929 [pool-32-thread-1] INFO  server.RaftServerConfigKeys (ConfUtils.java:logGet(43)) - raft.server.log.purge.gap = 1000000 (custom)
2019-10-23 12:36:04,929 [pool-42-thread-1] INFO  server.RaftServerConfigKeys (ConfUtils.java:logGet(43)) - raft.server.notification.no-leader.timeout = 120s (custom)
2019-10-23 12:36:04,929 [pool-32-thread-1] INFO  server.RaftServerConfigKeys (ConfUtils.java:logGet(43)) - raft.server.log.appender.buffer.byte-limit = 33554432 (custom)
2019-10-23 12:36:04,929 [pool-62-thread-1] INFO  server.RaftServerConfigKeys (ConfUtils.java:logGet(43)) - raft.server.log.purge.gap = 1000000 (custom)
2019-10-23 12:36:04,929 [pool-32-thread-1] INFO  server.RaftServerConfigKeys (ConfUtils.java:logGet(43)) - raft.server.log.segment.size.max = 1048576 (custom)
2019-10-23 12:36:04,929 [pool-42-thread-1] INFO  server.RaftServerConfigKeys (ConfUtils.java:logGet(43)) - raft.server.log.use.memory = false (default)
2019-10-23 12:36:04,930 [pool-32-thread-1] INFO  server.RaftServerConfigKeys (ConfUtils.java:logGet(43)) - raft.server.log.segment.cache.num.max = 2 (custom)
2019-10-23 12:36:04,929 [pool-62-thread-1] INFO  server.RaftServerConfigKeys (ConfUtils.java:logGet(43)) - raft.server.log.appender.buffer.byte-limit = 33554432 (custom)
2019-10-23 12:36:04,930 [pool-32-thread-1] INFO  segmented.SegmentedRaftLogWorker (SegmentedRaftLogWorker.java:<init>(173)) - new daebe4f8-0ad9-4eb2-8ed7-3a8051847eb6@group-AF49A4A4CA2A-SegmentedRaftLogWorker for RaftStorage:Storage Directory /workdir/hadoop-ozone/integration-test/target/test-dir/MiniOzoneClusterImpl-7da343b7-2e3e-4959-adfc-85e1dda11563/datanode-0/data/ratis/07c2703e-e062-427f-871b-af49a4a4ca2a
2019-10-23 12:36:04,930 [pool-42-thread-1] INFO  server.RaftServerConfigKeys (ConfUtils.java:logGet(43)) - raft.server.log.purge.gap = 1000000 (custom)
2019-10-23 12:36:04,930 [pool-32-thread-1] INFO  server.RaftServerConfigKeys (ConfUtils.java:logGet(43)) - raft.server.log.queue.byte-limit = 2147483647 (custom)
2019-10-23 12:36:04,930 [pool-62-thread-1] INFO  server.RaftServerConfigKeys (ConfUtils.java:logGet(43)) - raft.server.log.segment.size.max = 1048576 (custom)
2019-10-23 12:36:04,930 [pool-32-thread-1] INFO  server.RaftServerConfigKeys (ConfUtils.java:logGet(43)) - raft.server.log.queue.element-limit = 1024 (custom)
2019-10-23 12:36:04,930 [pool-42-thread-1] INFO  server.RaftServerConfigKeys (ConfUtils.java:logGet(43)) - raft.server.log.appender.buffer.byte-limit = 33554432 (custom)
2019-10-23 12:36:04,931 [pool-32-thread-1] INFO  server.RaftServerConfigKeys (ConfUtils.java:logGet(43)) - raft.server.log.segment.size.max = 1048576 (custom)
2019-10-23 12:36:04,930 [pool-62-thread-1] INFO  server.RaftServerConfigKeys (ConfUtils.java:logGet(43)) - raft.server.log.segment.cache.num.max = 2 (custom)
2019-10-23 12:36:04,931 [pool-32-thread-1] INFO  server.RaftServerConfigKeys (ConfUtils.java:logGet(43)) - raft.server.log.preallocated.size = 16384 (custom)
2019-10-23 12:36:04,931 [pool-42-thread-1] INFO  server.RaftServerConfigKeys (ConfUtils.java:logGet(43)) - raft.server.log.segment.size.max = 1048576 (custom)
2019-10-23 12:36:04,931 [pool-32-thread-1] INFO  server.RaftServerConfigKeys (ConfUtils.java:logGet(43)) - raft.server.log.write.buffer.size = 33554432 (custom)
2019-10-23 12:36:04,931 [pool-62-thread-1] INFO  segmented.SegmentedRaftLogWorker (SegmentedRaftLogWorker.java:<init>(173)) - new 389d5540-641f-48c2-a9df-60738dbad976@group-AF49A4A4CA2A-SegmentedRaftLogWorker for RaftStorage:Storage Directory /workdir/hadoop-ozone/integration-test/target/test-dir/MiniOzoneClusterImpl-7da343b7-2e3e-4959-adfc-85e1dda11563/datanode-3/data/ratis/07c2703e-e062-427f-871b-af49a4a4ca2a
2019-10-23 12:36:04,931 [pool-32-thread-1] INFO  server.RaftServerConfigKeys (ConfUtils.java:logGet(43)) - raft.server.log.force.sync.num = 128 (default)
2019-10-23 12:36:04,931 [pool-42-thread-1] INFO  server.RaftServerConfigKeys (ConfUtils.java:logGet(43)) - raft.server.log.segment.cache.num.max = 2 (custom)
2019-10-23 12:36:04,932 [pool-32-thread-1] INFO  server.RaftServerConfigKeys (ConfUtils.java:logGet(43)) - raft.server.log.statemachine.data.sync = true (default)
2019-10-23 12:36:04,932 [pool-62-thread-1] INFO  server.RaftServerConfigKeys (ConfUtils.java:logGet(43)) - raft.server.log.queue.byte-limit = 2147483647 (custom)
2019-10-23 12:36:04,932 [pool-32-thread-1] INFO  server.RaftServerConfigKeys (ConfUtils.java:logGet(43)) - raft.server.log.statemachine.data.sync.timeout = 10s (default)
2019-10-23 12:36:04,932 [pool-32-thread-1] INFO  server.RaftServerConfigKeys (ConfUtils.java:logGet(43)) - raft.server.log.statemachine.data.sync.timeout.retry = -1 (default)
2019-10-23 12:36:04,932 [pool-42-thread-1] INFO  segmented.SegmentedRaftLogWorker (SegmentedRaftLogWorker.java:<init>(173)) - new 279bca68-3e74-4690-81cf-da5ab79b92f7@group-AF49A4A4CA2A-SegmentedRaftLogWorker for RaftStorage:Storage Directory /workdir/hadoop-ozone/integration-test/target/test-dir/MiniOzoneClusterImpl-7da343b7-2e3e-4959-adfc-85e1dda11563/datanode-1/data/ratis/07c2703e-e062-427f-871b-af49a4a4ca2a
2019-10-23 12:36:04,933 [pool-32-thread-1] INFO  server.RaftServerConfigKeys (ConfUtils.java:logGet(43)) - raft.server.log.statemachine.data.caching.enabled = true (custom)
2019-10-23 12:36:04,932 [pool-62-thread-1] INFO  server.RaftServerConfigKeys (ConfUtils.java:logGet(43)) - raft.server.log.queue.element-limit = 1024 (custom)
2019-10-23 12:36:04,933 [pool-42-thread-1] INFO  server.RaftServerConfigKeys (ConfUtils.java:logGet(43)) - raft.server.log.queue.byte-limit = 2147483647 (custom)
2019-10-23 12:36:04,933 [pool-62-thread-1] INFO  server.RaftServerConfigKeys (ConfUtils.java:logGet(43)) - raft.server.log.segment.size.max = 1048576 (custom)
2019-10-23 12:36:04,933 [pool-42-thread-1] INFO  server.RaftServerConfigKeys (ConfUtils.java:logGet(43)) - raft.server.log.queue.element-limit = 1024 (custom)
2019-10-23 12:36:04,933 [pool-32-thread-1] INFO  segmented.SegmentedRaftLogWorker (SegmentedRaftLogWorker.java:lambda$new$0(128)) - daebe4f8-0ad9-4eb2-8ed7-3a8051847eb6@group-AF49A4A4CA2A-SegmentedRaftLogWorker: flushIndex: setUnconditionally 0 -> -1
2019-10-23 12:36:04,933 [pool-42-thread-1] INFO  server.RaftServerConfigKeys (ConfUtils.java:logGet(43)) - raft.server.log.segment.size.max = 1048576 (custom)
2019-10-23 12:36:04,933 [pool-62-thread-1] INFO  server.RaftServerConfigKeys (ConfUtils.java:logGet(43)) - raft.server.log.preallocated.size = 16384 (custom)
2019-10-23 12:36:04,934 [pool-32-thread-1] INFO  server.RaftServerConfigKeys (ConfUtils.java:logGet(43)) - raft.server.snapshot.auto.trigger.enabled = true (custom)
2019-10-23 12:36:04,933 [pool-42-thread-1] INFO  server.RaftServerConfigKeys (ConfUtils.java:logGet(43)) - raft.server.log.preallocated.size = 16384 (custom)
2019-10-23 12:36:04,934 [pool-32-thread-1] INFO  server.RaftServerConfigKeys (ConfUtils.java:logGet(43)) - raft.server.snapshot.auto.trigger.threshold = 10000 (custom)
2019-10-23 12:36:04,934 [pool-62-thread-1] INFO  server.RaftServerConfigKeys (ConfUtils.java:logGet(43)) - raft.server.log.write.buffer.size = 33554432 (custom)
2019-10-23 12:36:04,934 [pool-32-thread-1] INFO  server.RaftServerConfigKeys (ConfUtils.java:logGet(43)) - raft.server.snapshot.retention.file.num = 5 (custom)
2019-10-23 12:36:04,934 [pool-42-thread-1] INFO  server.RaftServerConfigKeys (ConfUtils.java:logGet(43)) - raft.server.log.write.buffer.size = 33554432 (custom)
2019-10-23 12:36:04,934 [pool-62-thread-1] INFO  server.RaftServerConfigKeys (ConfUtils.java:logGet(43)) - raft.server.log.force.sync.num = 128 (default)
2019-10-23 12:36:04,935 [pool-42-thread-1] INFO  server.RaftServerConfigKeys (ConfUtils.java:logGet(43)) - raft.server.log.force.sync.num = 128 (default)
2019-10-23 12:36:04,935 [pool-32-thread-1] INFO  server.RaftServerConfigKeys (ConfUtils.java:logGet(43)) - raft.server.retrycache.expirytime = 600000ms (custom)
2019-10-23 12:36:04,935 [pool-42-thread-1] INFO  server.RaftServerConfigKeys (ConfUtils.java:logGet(43)) - raft.server.log.statemachine.data.sync = true (default)
2019-10-23 12:36:04,935 [pool-62-thread-1] INFO  server.RaftServerConfigKeys (ConfUtils.java:logGet(43)) - raft.server.log.statemachine.data.sync = true (default)
2019-10-23 12:36:04,935 [pool-42-thread-1] INFO  server.RaftServerConfigKeys (ConfUtils.java:logGet(43)) - raft.server.log.statemachine.data.sync.timeout = 10s (default)
2019-10-23 12:36:04,935 [pool-62-thread-1] INFO  server.RaftServerConfigKeys (ConfUtils.java:logGet(43)) - raft.server.log.statemachine.data.sync.timeout = 10s (default)
2019-10-23 12:36:04,936 [pool-42-thread-1] INFO  server.RaftServerConfigKeys (ConfUtils.java:logGet(43)) - raft.server.log.statemachine.data.sync.timeout.retry = -1 (default)
2019-10-23 12:36:04,936 [pool-62-thread-1] INFO  server.RaftServerConfigKeys (ConfUtils.java:logGet(43)) - raft.server.log.statemachine.data.sync.timeout.retry = -1 (default)
2019-10-23 12:36:04,936 [pool-42-thread-1] INFO  server.RaftServerConfigKeys (ConfUtils.java:logGet(43)) - raft.server.log.statemachine.data.caching.enabled = true (custom)
2019-10-23 12:36:04,936 [pool-62-thread-1] INFO  server.RaftServerConfigKeys (ConfUtils.java:logGet(43)) - raft.server.log.statemachine.data.caching.enabled = true (custom)
2019-10-23 12:36:04,936 [pool-42-thread-1] INFO  segmented.SegmentedRaftLogWorker (SegmentedRaftLogWorker.java:lambda$new$0(128)) - 279bca68-3e74-4690-81cf-da5ab79b92f7@group-AF49A4A4CA2A-SegmentedRaftLogWorker: flushIndex: setUnconditionally 0 -> -1
2019-10-23 12:36:04,937 [pool-62-thread-1] INFO  segmented.SegmentedRaftLogWorker (SegmentedRaftLogWorker.java:lambda$new$0(128)) - 389d5540-641f-48c2-a9df-60738dbad976@group-AF49A4A4CA2A-SegmentedRaftLogWorker: flushIndex: setUnconditionally 0 -> -1
2019-10-23 12:36:04,937 [pool-42-thread-1] INFO  server.RaftServerConfigKeys (ConfUtils.java:logGet(43)) - raft.server.snapshot.auto.trigger.enabled = true (custom)
2019-10-23 12:36:04,937 [pool-42-thread-1] INFO  server.RaftServerConfigKeys (ConfUtils.java:logGet(43)) - raft.server.snapshot.auto.trigger.threshold = 10000 (custom)
2019-10-23 12:36:04,937 [pool-62-thread-1] INFO  server.RaftServerConfigKeys (ConfUtils.java:logGet(43)) - raft.server.snapshot.auto.trigger.enabled = true (custom)
2019-10-23 12:36:04,937 [pool-42-thread-1] INFO  server.RaftServerConfigKeys (ConfUtils.java:logGet(43)) - raft.server.snapshot.retention.file.num = 5 (custom)
2019-10-23 12:36:04,937 [pool-62-thread-1] INFO  server.RaftServerConfigKeys (ConfUtils.java:logGet(43)) - raft.server.snapshot.auto.trigger.threshold = 10000 (custom)
2019-10-23 12:36:04,938 [pool-42-thread-1] INFO  server.RaftServerConfigKeys (ConfUtils.java:logGet(43)) - raft.server.retrycache.expirytime = 600000ms (custom)
2019-10-23 12:36:04,938 [pool-62-thread-1] INFO  server.RaftServerConfigKeys (ConfUtils.java:logGet(43)) - raft.server.snapshot.retention.file.num = 5 (custom)
2019-10-23 12:36:04,938 [pool-62-thread-1] INFO  server.RaftServerConfigKeys (ConfUtils.java:logGet(43)) - raft.server.retrycache.expirytime = 600000ms (custom)
2019-10-23 12:36:04,938 [pool-32-thread-1] INFO  impl.RaftServerImpl (RaftServerImpl.java:start(195)) - daebe4f8-0ad9-4eb2-8ed7-3a8051847eb6@group-AF49A4A4CA2A: start as a follower, conf=-1: [daebe4f8-0ad9-4eb2-8ed7-3a8051847eb6:192.168.69.118:44860, 389d5540-641f-48c2-a9df-60738dbad976:192.168.69.118:45712, 279bca68-3e74-4690-81cf-da5ab79b92f7:192.168.69.118:45510], old=null
2019-10-23 12:36:04,938 [pool-32-thread-1] INFO  impl.RaftServerImpl (RaftServerImpl.java:setRole(184)) - daebe4f8-0ad9-4eb2-8ed7-3a8051847eb6@group-AF49A4A4CA2A: changes role from      null to FOLLOWER at term 0 for startAsFollower
2019-10-23 12:36:04,939 [pool-32-thread-1] INFO  impl.RoleInfo (RoleInfo.java:updateAndGet(143)) - daebe4f8-0ad9-4eb2-8ed7-3a8051847eb6: start FollowerState
2019-10-23 12:36:04,939 [pool-32-thread-1] INFO  util.JmxRegister (JmxRegister.java:tryRegister(44)) - Successfully registered JMX Bean with object name Ratis:service=RaftServer,group=group-AF49A4A4CA2A,id=daebe4f8-0ad9-4eb2-8ed7-3a8051847eb6
2019-10-23 12:36:04,942 [pool-42-thread-1] INFO  impl.RaftServerImpl (RaftServerImpl.java:start(195)) - 279bca68-3e74-4690-81cf-da5ab79b92f7@group-AF49A4A4CA2A: start as a follower, conf=-1: [daebe4f8-0ad9-4eb2-8ed7-3a8051847eb6:192.168.69.118:44860, 389d5540-641f-48c2-a9df-60738dbad976:192.168.69.118:45712, 279bca68-3e74-4690-81cf-da5ab79b92f7:192.168.69.118:45510], old=null
2019-10-23 12:36:04,943 [pool-42-thread-1] INFO  impl.RaftServerImpl (RaftServerImpl.java:setRole(184)) - 279bca68-3e74-4690-81cf-da5ab79b92f7@group-AF49A4A4CA2A: changes role from      null to FOLLOWER at term 0 for startAsFollower
2019-10-23 12:36:04,943 [pool-42-thread-1] INFO  impl.RoleInfo (RoleInfo.java:updateAndGet(143)) - 279bca68-3e74-4690-81cf-da5ab79b92f7: start FollowerState
2019-10-23 12:36:04,943 [pool-62-thread-1] INFO  impl.RaftServerImpl (RaftServerImpl.java:start(195)) - 389d5540-641f-48c2-a9df-60738dbad976@group-AF49A4A4CA2A: start as a follower, conf=-1: [daebe4f8-0ad9-4eb2-8ed7-3a8051847eb6:192.168.69.118:44860, 389d5540-641f-48c2-a9df-60738dbad976:192.168.69.118:45712, 279bca68-3e74-4690-81cf-da5ab79b92f7:192.168.69.118:45510], old=null
2019-10-23 12:36:04,943 [pool-62-thread-1] INFO  impl.RaftServerImpl (RaftServerImpl.java:setRole(184)) - 389d5540-641f-48c2-a9df-60738dbad976@group-AF49A4A4CA2A: changes role from      null to FOLLOWER at term 0 for startAsFollower
2019-10-23 12:36:04,943 [pool-42-thread-1] INFO  util.JmxRegister (JmxRegister.java:tryRegister(44)) - Successfully registered JMX Bean with object name Ratis:service=RaftServer,group=group-AF49A4A4CA2A,id=279bca68-3e74-4690-81cf-da5ab79b92f7
2019-10-23 12:36:04,944 [pool-62-thread-1] INFO  impl.RoleInfo (RoleInfo.java:updateAndGet(143)) - 389d5540-641f-48c2-a9df-60738dbad976: start FollowerState
2019-10-23 12:36:04,944 [pool-62-thread-1] INFO  util.JmxRegister (JmxRegister.java:tryRegister(44)) - Successfully registered JMX Bean with object name Ratis:service=RaftServer,group=group-AF49A4A4CA2A,id=389d5540-641f-48c2-a9df-60738dbad976
2019-10-23 12:36:04,958 [Thread-216] INFO  impl.FollowerState (FollowerState.java:run(108)) - 6ab07dc1-44de-469f-9394-eacc6d443333@group-844EAE8F8DFF-FollowerState: change to CANDIDATE, lastRpcTime:125ms, electionTimeout:124ms
2019-10-23 12:36:04,958 [Thread-216] INFO  impl.RoleInfo (RoleInfo.java:shutdownFollowerState(121)) - 6ab07dc1-44de-469f-9394-eacc6d443333: shutdown FollowerState
2019-10-23 12:36:04,958 [Thread-216] INFO  impl.RaftServerImpl (RaftServerImpl.java:setRole(184)) - 6ab07dc1-44de-469f-9394-eacc6d443333@group-844EAE8F8DFF: changes role from  FOLLOWER to CANDIDATE at term 0 for changeToCandidate
2019-10-23 12:36:04,960 [Thread-216] INFO  impl.RoleInfo (RoleInfo.java:updateAndGet(143)) - 6ab07dc1-44de-469f-9394-eacc6d443333: start LeaderElection
2019-10-23 12:36:04,964 [Thread-223] INFO  impl.FollowerState (FollowerState.java:run(108)) - 389d5540-641f-48c2-a9df-60738dbad976@group-AF49A4A4CA2A-FollowerState: change to CANDIDATE, lastRpcTime:20ms, electionTimeout:18ms
2019-10-23 12:36:04,964 [Thread-223] INFO  impl.RoleInfo (RoleInfo.java:shutdownFollowerState(121)) - 389d5540-641f-48c2-a9df-60738dbad976: shutdown FollowerState
2019-10-23 12:36:04,964 [Thread-223] INFO  impl.RaftServerImpl (RaftServerImpl.java:setRole(184)) - 389d5540-641f-48c2-a9df-60738dbad976@group-AF49A4A4CA2A: changes role from  FOLLOWER to CANDIDATE at term 0 for changeToCandidate
2019-10-23 12:36:04,965 [Thread-223] INFO  impl.RoleInfo (RoleInfo.java:updateAndGet(143)) - 389d5540-641f-48c2-a9df-60738dbad976: start LeaderElection
2019-10-23 12:36:04,970 [Thread-222] INFO  impl.FollowerState (FollowerState.java:run(108)) - 279bca68-3e74-4690-81cf-da5ab79b92f7@group-AF49A4A4CA2A-FollowerState: change to CANDIDATE, lastRpcTime:26ms, electionTimeout:23ms
2019-10-23 12:36:04,971 [Thread-222] INFO  impl.RoleInfo (RoleInfo.java:shutdownFollowerState(121)) - 279bca68-3e74-4690-81cf-da5ab79b92f7: shutdown FollowerState
2019-10-23 12:36:04,971 [Thread-222] INFO  impl.RaftServerImpl (RaftServerImpl.java:setRole(184)) - 279bca68-3e74-4690-81cf-da5ab79b92f7@group-AF49A4A4CA2A: changes role from  FOLLOWER to CANDIDATE at term 0 for changeToCandidate
2019-10-23 12:36:04,971 [Thread-222] INFO  impl.RoleInfo (RoleInfo.java:updateAndGet(143)) - 279bca68-3e74-4690-81cf-da5ab79b92f7: start LeaderElection
2019-10-23 12:36:04,974 [RatisPipelineUtilsThread] INFO  pipeline.PipelineStateManager (PipelineStateManager.java:addPipeline(56)) - Created pipeline Pipeline[ Id: 07c2703e-e062-427f-871b-af49a4a4ca2a, Nodes: 389d5540-641f-48c2-a9df-60738dbad976{ip: 192.168.69.118, host: pr-hdds1643-t2fz7-3136866267, networkLocation: /rack1, certSerialId: null}daebe4f8-0ad9-4eb2-8ed7-3a8051847eb6{ip: 192.168.69.118, host: pr-hdds1643-t2fz7-3136866267, networkLocation: /rack1, certSerialId: null}279bca68-3e74-4690-81cf-da5ab79b92f7{ip: 192.168.69.118, host: pr-hdds1643-t2fz7-3136866267, networkLocation: /rack1, certSerialId: null}, Type:RATIS, Factor:THREE, State:OPEN]
2019-10-23 12:36:04,979 [6ab07dc1-44de-469f-9394-eacc6d443333@group-844EAE8F8DFF-LeaderElection5] INFO  impl.LeaderElection (LeaderElection.java:askForVotes(178)) - 6ab07dc1-44de-469f-9394-eacc6d443333@group-844EAE8F8DFF-LeaderElection5: begin an election at term 1 for -1: [6ab07dc1-44de-469f-9394-eacc6d443333:192.168.69.118:36388], old=null
2019-10-23 12:36:04,979 [389d5540-641f-48c2-a9df-60738dbad976@group-AF49A4A4CA2A-LeaderElection6] INFO  impl.LeaderElection (LeaderElection.java:askForVotes(178)) - 389d5540-641f-48c2-a9df-60738dbad976@group-AF49A4A4CA2A-LeaderElection6: begin an election at term 1 for -1: [daebe4f8-0ad9-4eb2-8ed7-3a8051847eb6:192.168.69.118:44860, 389d5540-641f-48c2-a9df-60738dbad976:192.168.69.118:45712, 279bca68-3e74-4690-81cf-da5ab79b92f7:192.168.69.118:45510], old=null
2019-10-23 12:36:04,979 [279bca68-3e74-4690-81cf-da5ab79b92f7@group-AF49A4A4CA2A-LeaderElection7] INFO  impl.LeaderElection (LeaderElection.java:askForVotes(178)) - 279bca68-3e74-4690-81cf-da5ab79b92f7@group-AF49A4A4CA2A-LeaderElection7: begin an election at term 1 for -1: [daebe4f8-0ad9-4eb2-8ed7-3a8051847eb6:192.168.69.118:44860, 389d5540-641f-48c2-a9df-60738dbad976:192.168.69.118:45712, 279bca68-3e74-4690-81cf-da5ab79b92f7:192.168.69.118:45510], old=null
2019-10-23 12:36:04,980 [6ab07dc1-44de-469f-9394-eacc6d443333@group-844EAE8F8DFF-LeaderElection5] INFO  impl.RoleInfo (RoleInfo.java:shutdownLeaderElection(134)) - 6ab07dc1-44de-469f-9394-eacc6d443333: shutdown LeaderElection
2019-10-23 12:36:04,979 [Thread-221] INFO  impl.FollowerState (FollowerState.java:run(108)) - daebe4f8-0ad9-4eb2-8ed7-3a8051847eb6@group-AF49A4A4CA2A-FollowerState: change to CANDIDATE, lastRpcTime:40ms, electionTimeout:40ms
2019-10-23 12:36:04,980 [6ab07dc1-44de-469f-9394-eacc6d443333@group-844EAE8F8DFF-LeaderElection5] INFO  impl.RaftServerImpl (RaftServerImpl.java:setRole(184)) - 6ab07dc1-44de-469f-9394-eacc6d443333@group-844EAE8F8DFF: changes role from CANDIDATE to LEADER at term 1 for changeToLeader
2019-10-23 12:36:04,980 [Thread-221] INFO  impl.RoleInfo (RoleInfo.java:shutdownFollowerState(121)) - daebe4f8-0ad9-4eb2-8ed7-3a8051847eb6: shutdown FollowerState
2019-10-23 12:36:04,981 [6ab07dc1-44de-469f-9394-eacc6d443333@group-844EAE8F8DFF-LeaderElection5] INFO  impl.RaftServerImpl (ServerState.java:setLeader(256)) - 6ab07dc1-44de-469f-9394-eacc6d443333@group-844EAE8F8DFF: change Leader from null to 6ab07dc1-44de-469f-9394-eacc6d443333 at term 1 for becomeLeader, leader elected after 197ms
2019-10-23 12:36:04,981 [Thread-221] INFO  impl.RaftServerImpl (RaftServerImpl.java:setRole(184)) - daebe4f8-0ad9-4eb2-8ed7-3a8051847eb6@group-AF49A4A4CA2A: changes role from  FOLLOWER to CANDIDATE at term 0 for changeToCandidate
2019-10-23 12:36:04,982 [Thread-221] INFO  impl.RoleInfo (RoleInfo.java:updateAndGet(143)) - daebe4f8-0ad9-4eb2-8ed7-3a8051847eb6: start LeaderElection
2019-10-23 12:36:04,982 [6ab07dc1-44de-469f-9394-eacc6d443333@group-844EAE8F8DFF-LeaderElection5] INFO  server.RaftServerConfigKeys (ConfUtils.java:logGet(43)) - raft.server.staging.catchup.gap = 1000 (default)
2019-10-23 12:36:04,982 [6ab07dc1-44de-469f-9394-eacc6d443333@group-844EAE8F8DFF-LeaderElection5] INFO  server.RaftServerConfigKeys (ConfUtils.java:logGet(43)) - raft.server.rpc.sleep.time = 25ms (default)
2019-10-23 12:36:04,984 [6ab07dc1-44de-469f-9394-eacc6d443333@group-844EAE8F8DFF-LeaderElection5] INFO  server.RaftServerConfigKeys (ConfUtils.java:logGet(43)) - raft.server.write.element-limit = 4096 (default)
2019-10-23 12:36:04,984 [6ab07dc1-44de-469f-9394-eacc6d443333@group-844EAE8F8DFF-LeaderElection5] INFO  server.RaftServerConfigKeys (ConfUtils.java:logGet(43)) - raft.server.watch.timeout = 10s (default)
2019-10-23 12:36:04,985 [6ab07dc1-44de-469f-9394-eacc6d443333@group-844EAE8F8DFF-LeaderElection5] INFO  server.RaftServerConfigKeys (ConfUtils.java:logGet(43)) - raft.server.watch.timeout.denomination = 1s (default)
2019-10-23 12:36:04,985 [6ab07dc1-44de-469f-9394-eacc6d443333@group-844EAE8F8DFF-LeaderElection5] INFO  server.RaftServerConfigKeys (ConfUtils.java:logGet(43)) - raft.server.watch.element-limit = 65536 (default)
2019-10-23 12:36:04,988 [6ab07dc1-44de-469f-9394-eacc6d443333@group-844EAE8F8DFF-LeaderElection5] INFO  impl.RoleInfo (RoleInfo.java:updateAndGet(143)) - 6ab07dc1-44de-469f-9394-eacc6d443333: start LeaderState
2019-10-23 12:36:04,989 [6ab07dc1-44de-469f-9394-eacc6d443333@group-844EAE8F8DFF-LeaderElection5] INFO  segmented.SegmentedRaftLogWorker (SegmentedRaftLogWorker.java:startLogSegment(385)) - 6ab07dc1-44de-469f-9394-eacc6d443333@group-844EAE8F8DFF-SegmentedRaftLogWorker: Starting segment from index:0
2019-10-23 12:36:04,989 [6ab07dc1-44de-469f-9394-eacc6d443333@group-844EAE8F8DFF-LeaderElection5] INFO  impl.RaftServerImpl (ServerState.java:setRaftConf(357)) - 6ab07dc1-44de-469f-9394-eacc6d443333@group-844EAE8F8DFF: set configuration 0: [6ab07dc1-44de-469f-9394-eacc6d443333:192.168.69.118:36388], old=null at 0
2019-10-23 12:36:05,021 [daebe4f8-0ad9-4eb2-8ed7-3a8051847eb6@group-AF49A4A4CA2A-LeaderElection8] INFO  impl.LeaderElection (LeaderElection.java:askForVotes(178)) - daebe4f8-0ad9-4eb2-8ed7-3a8051847eb6@group-AF49A4A4CA2A-LeaderElection8: begin an election at term 1 for -1: [daebe4f8-0ad9-4eb2-8ed7-3a8051847eb6:192.168.69.118:44860, 389d5540-641f-48c2-a9df-60738dbad976:192.168.69.118:45712, 279bca68-3e74-4690-81cf-da5ab79b92f7:192.168.69.118:45510], old=null
2019-10-23 12:36:05,027 [6ab07dc1-44de-469f-9394-eacc6d443333@group-844EAE8F8DFF-SegmentedRaftLogWorker] INFO  segmented.SegmentedRaftLogWorker (SegmentedRaftLogWorker.java:execute(576)) - 6ab07dc1-44de-469f-9394-eacc6d443333@group-844EAE8F8DFF-SegmentedRaftLogWorker: created new log segment /workdir/hadoop-ozone/integration-test/target/test-dir/MiniOzoneClusterImpl-7da343b7-2e3e-4959-adfc-85e1dda11563/datanode-2/data/ratis/53b0e880-0540-40e5-943a-844eae8f8dff/current/log_inprogress_0
2019-10-23 12:36:05,050 [daebe4f8-0ad9-4eb2-8ed7-3a8051847eb6@group-AF49A4A4CA2A-LeaderElection8] INFO  impl.LeaderElection (LeaderElection.java:logAndReturn(56)) - daebe4f8-0ad9-4eb2-8ed7-3a8051847eb6@group-AF49A4A4CA2A-LeaderElection8: Election TIMEOUT; received 0 response(s) [] and 0 exception(s); daebe4f8-0ad9-4eb2-8ed7-3a8051847eb6@group-AF49A4A4CA2A:t1, leader=null, voted=daebe4f8-0ad9-4eb2-8ed7-3a8051847eb6, raftlog=daebe4f8-0ad9-4eb2-8ed7-3a8051847eb6@group-AF49A4A4CA2A-SegmentedRaftLog:OPENED:c-1,f-1,i0, conf=-1: [daebe4f8-0ad9-4eb2-8ed7-3a8051847eb6:192.168.69.118:44860, 389d5540-641f-48c2-a9df-60738dbad976:192.168.69.118:45712, 279bca68-3e74-4690-81cf-da5ab79b92f7:192.168.69.118:45510], old=null
2019-10-23 12:36:05,053 [main] INFO  ozone.MiniOzoneClusterImpl (MiniOzoneClusterImpl.java:lambda$waitForClusterToBeReady$0(147)) - Cluster is ready. Got 4 of 4 DN Heartbeats.
2019-10-23 12:36:05,060 [daebe4f8-0ad9-4eb2-8ed7-3a8051847eb6@group-AF49A4A4CA2A-LeaderElection8] INFO  impl.LeaderElection (LeaderElection.java:askForVotes(178)) - daebe4f8-0ad9-4eb2-8ed7-3a8051847eb6@group-AF49A4A4CA2A-LeaderElection8: begin an election at term 2 for -1: [daebe4f8-0ad9-4eb2-8ed7-3a8051847eb6:192.168.69.118:44860, 389d5540-641f-48c2-a9df-60738dbad976:192.168.69.118:45712, 279bca68-3e74-4690-81cf-da5ab79b92f7:192.168.69.118:45510], old=null
2019-10-23 12:36:05,071 [389d5540-641f-48c2-a9df-60738dbad976@group-AF49A4A4CA2A-LeaderElection6] INFO  impl.LeaderElection (LeaderElection.java:logAndReturn(56)) - 389d5540-641f-48c2-a9df-60738dbad976@group-AF49A4A4CA2A-LeaderElection6: Election TIMEOUT; received 1 response(s) [389d5540-641f-48c2-a9df-60738dbad976<-279bca68-3e74-4690-81cf-da5ab79b92f7#0:FAIL-t1] and 0 exception(s); 389d5540-641f-48c2-a9df-60738dbad976@group-AF49A4A4CA2A:t1, leader=null, voted=389d5540-641f-48c2-a9df-60738dbad976, raftlog=389d5540-641f-48c2-a9df-60738dbad976@group-AF49A4A4CA2A-SegmentedRaftLog:OPENED:c-1,f-1,i0, conf=-1: [daebe4f8-0ad9-4eb2-8ed7-3a8051847eb6:192.168.69.118:44860, 389d5540-641f-48c2-a9df-60738dbad976:192.168.69.118:45712, 279bca68-3e74-4690-81cf-da5ab79b92f7:192.168.69.118:45510], old=null
2019-10-23 12:36:05,075 [279bca68-3e74-4690-81cf-da5ab79b92f7@group-AF49A4A4CA2A-LeaderElection7] INFO  impl.LeaderElection (LeaderElection.java:logAndReturn(56)) - 279bca68-3e74-4690-81cf-da5ab79b92f7@group-AF49A4A4CA2A-LeaderElection7: Election DISCOVERED_A_NEW_TERM; received 2 response(s) [279bca68-3e74-4690-81cf-da5ab79b92f7<-daebe4f8-0ad9-4eb2-8ed7-3a8051847eb6#0:FAIL-t2, 279bca68-3e74-4690-81cf-da5ab79b92f7<-389d5540-641f-48c2-a9df-60738dbad976#0:FAIL-t1] and 0 exception(s); 279bca68-3e74-4690-81cf-da5ab79b92f7@group-AF49A4A4CA2A:t1, leader=null, voted=279bca68-3e74-4690-81cf-da5ab79b92f7, raftlog=279bca68-3e74-4690-81cf-da5ab79b92f7@group-AF49A4A4CA2A-SegmentedRaftLog:OPENED:c-1,f-1,i0, conf=-1: [daebe4f8-0ad9-4eb2-8ed7-3a8051847eb6:192.168.69.118:44860, 389d5540-641f-48c2-a9df-60738dbad976:192.168.69.118:45712, 279bca68-3e74-4690-81cf-da5ab79b92f7:192.168.69.118:45510], old=null
2019-10-23 12:36:05,077 [279bca68-3e74-4690-81cf-da5ab79b92f7@group-AF49A4A4CA2A-LeaderElection7] INFO  impl.RaftServerImpl (RaftServerImpl.java:setRole(184)) - 279bca68-3e74-4690-81cf-da5ab79b92f7@group-AF49A4A4CA2A: changes role from CANDIDATE to FOLLOWER at term 2 for DISCOVERED_A_NEW_TERM
2019-10-23 12:36:05,077 [279bca68-3e74-4690-81cf-da5ab79b92f7@group-AF49A4A4CA2A-LeaderElection7] INFO  impl.RoleInfo (RoleInfo.java:shutdownLeaderElection(134)) - 279bca68-3e74-4690-81cf-da5ab79b92f7: shutdown LeaderElection
2019-10-23 12:36:05,078 [279bca68-3e74-4690-81cf-da5ab79b92f7@group-AF49A4A4CA2A-LeaderElection7] INFO  impl.RoleInfo (RoleInfo.java:updateAndGet(143)) - 279bca68-3e74-4690-81cf-da5ab79b92f7: start FollowerState
2019-10-23 12:36:05,089 [389d5540-641f-48c2-a9df-60738dbad976@group-AF49A4A4CA2A-LeaderElection6] INFO  impl.LeaderElection (LeaderElection.java:askForVotes(178)) - 389d5540-641f-48c2-a9df-60738dbad976@group-AF49A4A4CA2A-LeaderElection6: begin an election at term 2 for -1: [daebe4f8-0ad9-4eb2-8ed7-3a8051847eb6:192.168.69.118:44860, 389d5540-641f-48c2-a9df-60738dbad976:192.168.69.118:45712, 279bca68-3e74-4690-81cf-da5ab79b92f7:192.168.69.118:45510], old=null
2019-10-23 12:36:05,090 [grpc-default-executor-3] INFO  impl.RaftServerImpl (RaftServerImpl.java:setRole(184)) - 279bca68-3e74-4690-81cf-da5ab79b92f7@group-AF49A4A4CA2A: changes role from  FOLLOWER to FOLLOWER at term 2 for recognizeCandidate:daebe4f8-0ad9-4eb2-8ed7-3a8051847eb6
2019-10-23 12:36:05,091 [grpc-default-executor-3] INFO  impl.RoleInfo (RoleInfo.java:shutdownFollowerState(121)) - 279bca68-3e74-4690-81cf-da5ab79b92f7: shutdown FollowerState
2019-10-23 12:36:05,091 [Thread-240] INFO  impl.FollowerState (FollowerState.java:run(117)) - 279bca68-3e74-4690-81cf-da5ab79b92f7@group-AF49A4A4CA2A-FollowerState was interrupted: java.lang.InterruptedException: sleep interrupted
2019-10-23 12:36:05,091 [grpc-default-executor-3] INFO  impl.RoleInfo (RoleInfo.java:updateAndGet(143)) - 279bca68-3e74-4690-81cf-da5ab79b92f7: start FollowerState
2019-10-23 12:36:05,120 [389d5540-641f-48c2-a9df-60738dbad976@group-AF49A4A4CA2A-LeaderElection6] INFO  impl.LeaderElection (LeaderElection.java:logAndReturn(56)) - 389d5540-641f-48c2-a9df-60738dbad976@group-AF49A4A4CA2A-LeaderElection6: Election REJECTED; received 2 response(s) [389d5540-641f-48c2-a9df-60738dbad976<-daebe4f8-0ad9-4eb2-8ed7-3a8051847eb6#0:FAIL-t2, 389d5540-641f-48c2-a9df-60738dbad976<-279bca68-3e74-4690-81cf-da5ab79b92f7#0:FAIL-t2] and 0 exception(s); 389d5540-641f-48c2-a9df-60738dbad976@group-AF49A4A4CA2A:t2, leader=null, voted=389d5540-641f-48c2-a9df-60738dbad976, raftlog=389d5540-641f-48c2-a9df-60738dbad976@group-AF49A4A4CA2A-SegmentedRaftLog:OPENED:c-1,f-1,i0, conf=-1: [daebe4f8-0ad9-4eb2-8ed7-3a8051847eb6:192.168.69.118:44860, 389d5540-641f-48c2-a9df-60738dbad976:192.168.69.118:45712, 279bca68-3e74-4690-81cf-da5ab79b92f7:192.168.69.118:45510], old=null
2019-10-23 12:36:05,120 [daebe4f8-0ad9-4eb2-8ed7-3a8051847eb6@group-AF49A4A4CA2A-LeaderElection8] INFO  impl.LeaderElection (LeaderElection.java:logAndReturn(56)) - daebe4f8-0ad9-4eb2-8ed7-3a8051847eb6@group-AF49A4A4CA2A-LeaderElection8: Election PASSED; received 2 response(s) [daebe4f8-0ad9-4eb2-8ed7-3a8051847eb6<-389d5540-641f-48c2-a9df-60738dbad976#0:FAIL-t2, daebe4f8-0ad9-4eb2-8ed7-3a8051847eb6<-279bca68-3e74-4690-81cf-da5ab79b92f7#0:OK-t2] and 0 exception(s); daebe4f8-0ad9-4eb2-8ed7-3a8051847eb6@group-AF49A4A4CA2A:t2, leader=null, voted=daebe4f8-0ad9-4eb2-8ed7-3a8051847eb6, raftlog=daebe4f8-0ad9-4eb2-8ed7-3a8051847eb6@group-AF49A4A4CA2A-SegmentedRaftLog:OPENED:c-1,f-1,i0, conf=-1: [daebe4f8-0ad9-4eb2-8ed7-3a8051847eb6:192.168.69.118:44860, 389d5540-641f-48c2-a9df-60738dbad976:192.168.69.118:45712, 279bca68-3e74-4690-81cf-da5ab79b92f7:192.168.69.118:45510], old=null
2019-10-23 12:36:05,120 [389d5540-641f-48c2-a9df-60738dbad976@group-AF49A4A4CA2A-LeaderElection6] INFO  impl.RaftServerImpl (RaftServerImpl.java:setRole(184)) - 389d5540-641f-48c2-a9df-60738dbad976@group-AF49A4A4CA2A: changes role from CANDIDATE to FOLLOWER at term 2 for DISCOVERED_A_NEW_TERM
2019-10-23 12:36:05,121 [daebe4f8-0ad9-4eb2-8ed7-3a8051847eb6@group-AF49A4A4CA2A-LeaderElection8] INFO  impl.RoleInfo (RoleInfo.java:shutdownLeaderElection(134)) - daebe4f8-0ad9-4eb2-8ed7-3a8051847eb6: shutdown LeaderElection
2019-10-23 12:36:05,121 [389d5540-641f-48c2-a9df-60738dbad976@group-AF49A4A4CA2A-LeaderElection6] INFO  impl.RoleInfo (RoleInfo.java:shutdownLeaderElection(134)) - 389d5540-641f-48c2-a9df-60738dbad976: shutdown LeaderElection
2019-10-23 12:36:05,123 [daebe4f8-0ad9-4eb2-8ed7-3a8051847eb6@group-AF49A4A4CA2A-LeaderElection8] INFO  impl.RaftServerImpl (RaftServerImpl.java:setRole(184)) - daebe4f8-0ad9-4eb2-8ed7-3a8051847eb6@group-AF49A4A4CA2A: changes role from CANDIDATE to LEADER at term 2 for changeToLeader
2019-10-23 12:36:05,123 [389d5540-641f-48c2-a9df-60738dbad976@group-AF49A4A4CA2A-LeaderElection6] INFO  impl.RoleInfo (RoleInfo.java:updateAndGet(143)) - 389d5540-641f-48c2-a9df-60738dbad976: start FollowerState
2019-10-23 12:36:05,123 [daebe4f8-0ad9-4eb2-8ed7-3a8051847eb6@group-AF49A4A4CA2A-LeaderElection8] INFO  impl.RaftServerImpl (ServerState.java:setLeader(256)) - daebe4f8-0ad9-4eb2-8ed7-3a8051847eb6@group-AF49A4A4CA2A: change Leader from null to daebe4f8-0ad9-4eb2-8ed7-3a8051847eb6 at term 2 for becomeLeader, leader elected after 194ms
2019-10-23 12:36:05,123 [daebe4f8-0ad9-4eb2-8ed7-3a8051847eb6@group-AF49A4A4CA2A-LeaderElection8] INFO  server.RaftServerConfigKeys (ConfUtils.java:logGet(43)) - raft.server.staging.catchup.gap = 1000 (default)
2019-10-23 12:36:05,124 [daebe4f8-0ad9-4eb2-8ed7-3a8051847eb6@group-AF49A4A4CA2A-LeaderElection8] INFO  server.RaftServerConfigKeys (ConfUtils.java:logGet(43)) - raft.server.rpc.sleep.time = 25ms (default)
2019-10-23 12:36:05,125 [daebe4f8-0ad9-4eb2-8ed7-3a8051847eb6@group-AF49A4A4CA2A-LeaderElection8] INFO  server.RaftServerConfigKeys (ConfUtils.java:logGet(43)) - raft.server.write.element-limit = 4096 (default)
2019-10-23 12:36:05,125 [daebe4f8-0ad9-4eb2-8ed7-3a8051847eb6@group-AF49A4A4CA2A-LeaderElection8] INFO  server.RaftServerConfigKeys (ConfUtils.java:logGet(43)) - raft.server.watch.timeout = 10s (default)
2019-10-23 12:36:05,125 [daebe4f8-0ad9-4eb2-8ed7-3a8051847eb6@group-AF49A4A4CA2A-LeaderElection8] INFO  server.RaftServerConfigKeys (ConfUtils.java:logGet(43)) - raft.server.watch.timeout.denomination = 1s (default)
2019-10-23 12:36:05,125 [daebe4f8-0ad9-4eb2-8ed7-3a8051847eb6@group-AF49A4A4CA2A-LeaderElection8] INFO  server.RaftServerConfigKeys (ConfUtils.java:logGet(43)) - raft.server.watch.element-limit = 65536 (default)
2019-10-23 12:36:05,131 [daebe4f8-0ad9-4eb2-8ed7-3a8051847eb6@group-AF49A4A4CA2A-LeaderElection8] INFO  server.RaftServerConfigKeys (ConfUtils.java:logGet(43)) - raft.server.log.appender.snapshot.chunk.size.max = 16MB (=16777216) (default)
2019-10-23 12:36:05,132 [daebe4f8-0ad9-4eb2-8ed7-3a8051847eb6@group-AF49A4A4CA2A-LeaderElection8] INFO  server.RaftServerConfigKeys (ConfUtils.java:logGet(43)) - raft.server.log.appender.buffer.byte-limit = 33554432 (custom)
2019-10-23 12:36:05,132 [daebe4f8-0ad9-4eb2-8ed7-3a8051847eb6@group-AF49A4A4CA2A-LeaderElection8] INFO  server.RaftServerConfigKeys (ConfUtils.java:logGet(43)) - raft.server.log.appender.buffer.element-limit = 1 (custom)
2019-10-23 12:36:05,136 [daebe4f8-0ad9-4eb2-8ed7-3a8051847eb6@group-AF49A4A4CA2A-LeaderElection8] INFO  grpc.GrpcConfigKeys$Server (ConfUtils.java:logGet(43)) - raft.grpc.server.leader.outstanding.appends.max = 128 (default)
2019-10-23 12:36:05,137 [daebe4f8-0ad9-4eb2-8ed7-3a8051847eb6@group-AF49A4A4CA2A-LeaderElection8] INFO  server.RaftServerConfigKeys (ConfUtils.java:logGet(43)) - raft.server.rpc.request.timeout = 3000ms (default)
2019-10-23 12:36:05,138 [daebe4f8-0ad9-4eb2-8ed7-3a8051847eb6@group-AF49A4A4CA2A-LeaderElection8] INFO  server.RaftServerConfigKeys (ConfUtils.java:logGet(43)) - raft.server.log.appender.install.snapshot.enabled = false (custom)
2019-10-23 12:36:05,143 [daebe4f8-0ad9-4eb2-8ed7-3a8051847eb6@group-AF49A4A4CA2A-LeaderElection8] INFO  server.RaftServerConfigKeys (ConfUtils.java:logGet(43)) - raft.server.log.appender.snapshot.chunk.size.max = 16MB (=16777216) (default)
2019-10-23 12:36:05,143 [daebe4f8-0ad9-4eb2-8ed7-3a8051847eb6@group-AF49A4A4CA2A-LeaderElection8] INFO  server.RaftServerConfigKeys (ConfUtils.java:logGet(43)) - raft.server.log.appender.buffer.byte-limit = 33554432 (custom)
2019-10-23 12:36:05,143 [daebe4f8-0ad9-4eb2-8ed7-3a8051847eb6@group-AF49A4A4CA2A-LeaderElection8] INFO  server.RaftServerConfigKeys (ConfUtils.java:logGet(43)) - raft.server.log.appender.buffer.element-limit = 1 (custom)
2019-10-23 12:36:05,143 [daebe4f8-0ad9-4eb2-8ed7-3a8051847eb6@group-AF49A4A4CA2A-LeaderElection8] INFO  grpc.GrpcConfigKeys$Server (ConfUtils.java:logGet(43)) - raft.grpc.server.leader.outstanding.appends.max = 128 (default)
2019-10-23 12:36:05,144 [daebe4f8-0ad9-4eb2-8ed7-3a8051847eb6@group-AF49A4A4CA2A-LeaderElection8] INFO  server.RaftServerConfigKeys (ConfUtils.java:logGet(43)) - raft.server.rpc.request.timeout = 3000ms (default)
2019-10-23 12:36:05,144 [daebe4f8-0ad9-4eb2-8ed7-3a8051847eb6@group-AF49A4A4CA2A-LeaderElection8] INFO  server.RaftServerConfigKeys (ConfUtils.java:logGet(43)) - raft.server.log.appender.install.snapshot.enabled = false (custom)
2019-10-23 12:36:05,150 [daebe4f8-0ad9-4eb2-8ed7-3a8051847eb6@group-AF49A4A4CA2A-LeaderElection8] INFO  impl.RoleInfo (RoleInfo.java:updateAndGet(143)) - daebe4f8-0ad9-4eb2-8ed7-3a8051847eb6: start LeaderState
2019-10-23 12:36:05,150 [daebe4f8-0ad9-4eb2-8ed7-3a8051847eb6@group-AF49A4A4CA2A-LeaderElection8] INFO  segmented.SegmentedRaftLogWorker (SegmentedRaftLogWorker.java:startLogSegment(385)) - daebe4f8-0ad9-4eb2-8ed7-3a8051847eb6@group-AF49A4A4CA2A-SegmentedRaftLogWorker: Starting segment from index:0
2019-10-23 12:36:05,151 [daebe4f8-0ad9-4eb2-8ed7-3a8051847eb6@group-AF49A4A4CA2A-LeaderElection8] INFO  impl.RaftServerImpl (ServerState.java:setRaftConf(357)) - daebe4f8-0ad9-4eb2-8ed7-3a8051847eb6@group-AF49A4A4CA2A: set configuration 0: [daebe4f8-0ad9-4eb2-8ed7-3a8051847eb6:192.168.69.118:44860, 389d5540-641f-48c2-a9df-60738dbad976:192.168.69.118:45712, 279bca68-3e74-4690-81cf-da5ab79b92f7:192.168.69.118:45510], old=null at 0
2019-10-23 12:36:05,186 [Thread-244] INFO  impl.FollowerState (FollowerState.java:run(108)) - 389d5540-641f-48c2-a9df-60738dbad976@group-AF49A4A4CA2A-FollowerState: change to CANDIDATE, lastRpcTime:63ms, electionTimeout:34ms
2019-10-23 12:36:05,186 [Thread-244] INFO  impl.RoleInfo (RoleInfo.java:shutdownFollowerState(121)) - 389d5540-641f-48c2-a9df-60738dbad976: shutdown FollowerState
2019-10-23 12:36:05,187 [Thread-244] INFO  impl.RaftServerImpl (RaftServerImpl.java:setRole(184)) - 389d5540-641f-48c2-a9df-60738dbad976@group-AF49A4A4CA2A: changes role from  FOLLOWER to CANDIDATE at term 2 for changeToCandidate
2019-10-23 12:36:05,187 [Thread-244] INFO  impl.RoleInfo (RoleInfo.java:updateAndGet(143)) - 389d5540-641f-48c2-a9df-60738dbad976: start LeaderElection
2019-10-23 12:36:05,203 [daebe4f8-0ad9-4eb2-8ed7-3a8051847eb6@group-AF49A4A4CA2A-SegmentedRaftLogWorker] INFO  segmented.SegmentedRaftLogWorker (SegmentedRaftLogWorker.java:execute(576)) - daebe4f8-0ad9-4eb2-8ed7-3a8051847eb6@group-AF49A4A4CA2A-SegmentedRaftLogWorker: created new log segment /workdir/hadoop-ozone/integration-test/target/test-dir/MiniOzoneClusterImpl-7da343b7-2e3e-4959-adfc-85e1dda11563/datanode-0/data/ratis/07c2703e-e062-427f-871b-af49a4a4ca2a/current/log_inprogress_0
2019-10-23 12:36:05,204 [389d5540-641f-48c2-a9df-60738dbad976@group-AF49A4A4CA2A-LeaderElection9] INFO  impl.LeaderElection (LeaderElection.java:askForVotes(178)) - 389d5540-641f-48c2-a9df-60738dbad976@group-AF49A4A4CA2A-LeaderElection9: begin an election at term 3 for -1: [daebe4f8-0ad9-4eb2-8ed7-3a8051847eb6:192.168.69.118:44860, 389d5540-641f-48c2-a9df-60738dbad976:192.168.69.118:45712, 279bca68-3e74-4690-81cf-da5ab79b92f7:192.168.69.118:45510], old=null
2019-10-23 12:36:05,208 [grpc-default-executor-3] INFO  impl.RaftServerImpl (ServerState.java:setLeader(256)) - daebe4f8-0ad9-4eb2-8ed7-3a8051847eb6@group-AF49A4A4CA2A: change Leader from daebe4f8-0ad9-4eb2-8ed7-3a8051847eb6 to null at term 3 for updateCurrentTerm
2019-10-23 12:36:05,208 [grpc-default-executor-3] INFO  impl.RaftServerImpl (RaftServerImpl.java:setRole(184)) - daebe4f8-0ad9-4eb2-8ed7-3a8051847eb6@group-AF49A4A4CA2A: changes role from    LEADER to FOLLOWER at term 3 for recognizeCandidate:389d5540-641f-48c2-a9df-60738dbad976
2019-10-23 12:36:05,210 [grpc-default-executor-3] INFO  impl.RoleInfo (RoleInfo.java:shutdownLeaderState(104)) - daebe4f8-0ad9-4eb2-8ed7-3a8051847eb6: shutdown LeaderState
2019-10-23 12:36:05,210 [grpc-default-executor-1] INFO  impl.RaftServerImpl (RaftServerImpl.java:setRole(184)) - 279bca68-3e74-4690-81cf-da5ab79b92f7@group-AF49A4A4CA2A: changes role from  FOLLOWER to FOLLOWER at term 3 for recognizeCandidate:389d5540-641f-48c2-a9df-60738dbad976
2019-10-23 12:36:05,211 [grpc-default-executor-1] INFO  impl.RoleInfo (RoleInfo.java:shutdownFollowerState(121)) - 279bca68-3e74-4690-81cf-da5ab79b92f7: shutdown FollowerState
2019-10-23 12:36:05,213 [Thread-242] INFO  impl.FollowerState (FollowerState.java:run(117)) - 279bca68-3e74-4690-81cf-da5ab79b92f7@group-AF49A4A4CA2A-FollowerState was interrupted: java.lang.InterruptedException: sleep interrupted
2019-10-23 12:36:05,214 [grpc-default-executor-1] INFO  impl.RoleInfo (RoleInfo.java:updateAndGet(143)) - 279bca68-3e74-4690-81cf-da5ab79b92f7: start FollowerState
2019-10-23 12:36:05,215 [grpc-default-executor-3] INFO  impl.PendingRequests (PendingRequests.java:sendNotLeaderResponses(202)) - daebe4f8-0ad9-4eb2-8ed7-3a8051847eb6@group-AF49A4A4CA2A-PendingRequests: sendNotLeaderResponses
2019-10-23 12:36:05,216 [org.apache.ratis.server.impl.LogAppender$AppenderDaemon$$Lambda$392/1463055756@80df428] WARN  server.GrpcLogAppender (GrpcLogAppender.java:mayWait(149)) - daebe4f8-0ad9-4eb2-8ed7-3a8051847eb6@group-AF49A4A4CA2A->389d5540-641f-48c2-a9df-60738dbad976-GrpcLogAppender: Wait interrupted by java.lang.InterruptedException
2019-10-23 12:36:05,216 [org.apache.ratis.server.impl.LogAppender$AppenderDaemon$$Lambda$392/1463055756@1f1d8359] WARN  server.GrpcLogAppender (GrpcLogAppender.java:mayWait(149)) - daebe4f8-0ad9-4eb2-8ed7-3a8051847eb6@group-AF49A4A4CA2A->279bca68-3e74-4690-81cf-da5ab79b92f7-GrpcLogAppender: Wait interrupted by java.lang.InterruptedException
2019-10-23 12:36:05,222 [grpc-default-executor-3] INFO  impl.RoleInfo (RoleInfo.java:updateAndGet(143)) - daebe4f8-0ad9-4eb2-8ed7-3a8051847eb6: start FollowerState
2019-10-23 12:36:05,225 [389d5540-641f-48c2-a9df-60738dbad976@group-AF49A4A4CA2A-LeaderElection9] INFO  impl.LeaderElection (LeaderElection.java:logAndReturn(56)) - 389d5540-641f-48c2-a9df-60738dbad976@group-AF49A4A4CA2A-LeaderElection9: Election PASSED; received 1 response(s) [389d5540-641f-48c2-a9df-60738dbad976<-279bca68-3e74-4690-81cf-da5ab79b92f7#0:OK-t3] and 0 exception(s); 389d5540-641f-48c2-a9df-60738dbad976@group-AF49A4A4CA2A:t3, leader=null, voted=389d5540-641f-48c2-a9df-60738dbad976, raftlog=389d5540-641f-48c2-a9df-60738dbad976@group-AF49A4A4CA2A-SegmentedRaftLog:OPENED:c-1,f-1,i0, conf=-1: [daebe4f8-0ad9-4eb2-8ed7-3a8051847eb6:192.168.69.118:44860, 389d5540-641f-48c2-a9df-60738dbad976:192.168.69.118:45712, 279bca68-3e74-4690-81cf-da5ab79b92f7:192.168.69.118:45510], old=null
2019-10-23 12:36:05,226 [389d5540-641f-48c2-a9df-60738dbad976@group-AF49A4A4CA2A-LeaderElection9] INFO  impl.RoleInfo (RoleInfo.java:shutdownLeaderElection(134)) - 389d5540-641f-48c2-a9df-60738dbad976: shutdown LeaderElection
2019-10-23 12:36:05,226 [389d5540-641f-48c2-a9df-60738dbad976@group-AF49A4A4CA2A-LeaderElection9] INFO  impl.RaftServerImpl (RaftServerImpl.java:setRole(184)) - 389d5540-641f-48c2-a9df-60738dbad976@group-AF49A4A4CA2A: changes role from CANDIDATE to LEADER at term 3 for changeToLeader
2019-10-23 12:36:05,226 [389d5540-641f-48c2-a9df-60738dbad976@group-AF49A4A4CA2A-LeaderElection9] INFO  impl.RaftServerImpl (ServerState.java:setLeader(256)) - 389d5540-641f-48c2-a9df-60738dbad976@group-AF49A4A4CA2A: change Leader from null to 389d5540-641f-48c2-a9df-60738dbad976 at term 3 for becomeLeader, leader elected after 298ms
2019-10-23 12:36:05,226 [389d5540-641f-48c2-a9df-60738dbad976@group-AF49A4A4CA2A-LeaderElection9] INFO  server.RaftServerConfigKeys (ConfUtils.java:logGet(43)) - raft.server.staging.catchup.gap = 1000 (default)
2019-10-23 12:36:05,226 [389d5540-641f-48c2-a9df-60738dbad976@group-AF49A4A4CA2A-LeaderElection9] INFO  server.RaftServerConfigKeys (ConfUtils.java:logGet(43)) - raft.server.rpc.sleep.time = 25ms (default)
2019-10-23 12:36:05,227 [389d5540-641f-48c2-a9df-60738dbad976@group-AF49A4A4CA2A-LeaderElection9] INFO  server.RaftServerConfigKeys (ConfUtils.java:logGet(43)) - raft.server.write.element-limit = 4096 (default)
2019-10-23 12:36:05,227 [389d5540-641f-48c2-a9df-60738dbad976@group-AF49A4A4CA2A-LeaderElection9] INFO  server.RaftServerConfigKeys (ConfUtils.java:logGet(43)) - raft.server.watch.timeout = 10s (default)
2019-10-23 12:36:05,227 [389d5540-641f-48c2-a9df-60738dbad976@group-AF49A4A4CA2A-LeaderElection9] INFO  server.RaftServerConfigKeys (ConfUtils.java:logGet(43)) - raft.server.watch.timeout.denomination = 1s (default)
2019-10-23 12:36:05,229 [389d5540-641f-48c2-a9df-60738dbad976@group-AF49A4A4CA2A-LeaderElection9] INFO  server.RaftServerConfigKeys (ConfUtils.java:logGet(43)) - raft.server.watch.element-limit = 65536 (default)
2019-10-23 12:36:05,232 [389d5540-641f-48c2-a9df-60738dbad976@group-AF49A4A4CA2A-LeaderElection9] INFO  server.RaftServerConfigKeys (ConfUtils.java:logGet(43)) - raft.server.log.appender.snapshot.chunk.size.max = 16MB (=16777216) (default)
2019-10-23 12:36:05,232 [389d5540-641f-48c2-a9df-60738dbad976@group-AF49A4A4CA2A-LeaderElection9] INFO  server.RaftServerConfigKeys (ConfUtils.java:logGet(43)) - raft.server.log.appender.buffer.byte-limit = 33554432 (custom)
2019-10-23 12:36:05,232 [389d5540-641f-48c2-a9df-60738dbad976@group-AF49A4A4CA2A-LeaderElection9] INFO  server.RaftServerConfigKeys (ConfUtils.java:logGet(43)) - raft.server.log.appender.buffer.element-limit = 1 (custom)
2019-10-23 12:36:05,232 [389d5540-641f-48c2-a9df-60738dbad976@group-AF49A4A4CA2A-LeaderElection9] INFO  grpc.GrpcConfigKeys$Server (ConfUtils.java:logGet(43)) - raft.grpc.server.leader.outstanding.appends.max = 128 (default)
2019-10-23 12:36:05,233 [389d5540-641f-48c2-a9df-60738dbad976@group-AF49A4A4CA2A-LeaderElection9] INFO  server.RaftServerConfigKeys (ConfUtils.java:logGet(43)) - raft.server.rpc.request.timeout = 3000ms (default)
2019-10-23 12:36:05,233 [389d5540-641f-48c2-a9df-60738dbad976@group-AF49A4A4CA2A-LeaderElection9] INFO  server.RaftServerConfigKeys (ConfUtils.java:logGet(43)) - raft.server.log.appender.install.snapshot.enabled = false (custom)
2019-10-23 12:36:05,233 [Thread-251] INFO  impl.FollowerState (FollowerState.java:run(108)) - 279bca68-3e74-4690-81cf-da5ab79b92f7@group-AF49A4A4CA2A-FollowerState: change to CANDIDATE, lastRpcTime:19ms, electionTimeout:17ms
2019-10-23 12:36:05,234 [Thread-251] INFO  impl.RoleInfo (RoleInfo.java:shutdownFollowerState(121)) - 279bca68-3e74-4690-81cf-da5ab79b92f7: shutdown FollowerState
2019-10-23 12:36:05,234 [Thread-251] INFO  impl.RaftServerImpl (RaftServerImpl.java:setRole(184)) - 279bca68-3e74-4690-81cf-da5ab79b92f7@group-AF49A4A4CA2A: changes role from  FOLLOWER to CANDIDATE at term 3 for changeToCandidate
2019-10-23 12:36:05,234 [Thread-251] INFO  impl.RoleInfo (RoleInfo.java:updateAndGet(143)) - 279bca68-3e74-4690-81cf-da5ab79b92f7: start LeaderElection
2019-10-23 12:36:05,237 [grpc-default-executor-0] INFO  server.GrpcServerProtocolService (GrpcServerProtocolService.java:onCompleted(113)) - 279bca68-3e74-4690-81cf-da5ab79b92f7: Completed APPEND_ENTRIES, lastRequest: daebe4f8-0ad9-4eb2-8ed7-3a8051847eb6->279bca68-3e74-4690-81cf-da5ab79b92f7#0-t2, previous=(t:0, i:0), leaderCommit=-1, initializing? false, entries: <empty>
2019-10-23 12:36:05,237 [389d5540-641f-48c2-a9df-60738dbad976@group-AF49A4A4CA2A-LeaderElection9] INFO  server.RaftServerConfigKeys (ConfUtils.java:logGet(43)) - raft.server.log.appender.snapshot.chunk.size.max = 16MB (=16777216) (default)
2019-10-23 12:36:05,238 [389d5540-641f-48c2-a9df-60738dbad976@group-AF49A4A4CA2A-LeaderElection9] INFO  server.RaftServerConfigKeys (ConfUtils.java:logGet(43)) - raft.server.log.appender.buffer.byte-limit = 33554432 (custom)
2019-10-23 12:36:05,238 [389d5540-641f-48c2-a9df-60738dbad976@group-AF49A4A4CA2A-LeaderElection9] INFO  server.RaftServerConfigKeys (ConfUtils.java:logGet(43)) - raft.server.log.appender.buffer.element-limit = 1 (custom)
2019-10-23 12:36:05,239 [389d5540-641f-48c2-a9df-60738dbad976@group-AF49A4A4CA2A-LeaderElection9] INFO  grpc.GrpcConfigKeys$Server (ConfUtils.java:logGet(43)) - raft.grpc.server.leader.outstanding.appends.max = 128 (default)
2019-10-23 12:36:05,242 [389d5540-641f-48c2-a9df-60738dbad976@group-AF49A4A4CA2A-LeaderElection9] INFO  server.RaftServerConfigKeys (ConfUtils.java:logGet(43)) - raft.server.rpc.request.timeout = 3000ms (default)
2019-10-23 12:36:05,243 [389d5540-641f-48c2-a9df-60738dbad976@group-AF49A4A4CA2A-LeaderElection9] INFO  server.RaftServerConfigKeys (ConfUtils.java:logGet(43)) - raft.server.log.appender.install.snapshot.enabled = false (custom)
2019-10-23 12:36:05,243 [grpc-default-executor-3] INFO  server.GrpcLogAppender (GrpcLogAppender.java:onCompleted(308)) - daebe4f8-0ad9-4eb2-8ed7-3a8051847eb6@group-AF49A4A4CA2A->279bca68-3e74-4690-81cf-da5ab79b92f7-AppendLogResponseHandler: follower responses appendEntries COMPLETED
2019-10-23 12:36:05,246 [389d5540-641f-48c2-a9df-60738dbad976@group-AF49A4A4CA2A-LeaderElection9] INFO  impl.RoleInfo (RoleInfo.java:updateAndGet(143)) - 389d5540-641f-48c2-a9df-60738dbad976: start LeaderState
2019-10-23 12:36:05,246 [grpc-default-executor-3] INFO  impl.FollowerInfo (FollowerInfo.java:lambda$new$0(51)) - daebe4f8-0ad9-4eb2-8ed7-3a8051847eb6@group-AF49A4A4CA2A->279bca68-3e74-4690-81cf-da5ab79b92f7: nextIndex: updateUnconditionally 0 -> 0
2019-10-23 12:36:05,246 [389d5540-641f-48c2-a9df-60738dbad976@group-AF49A4A4CA2A-LeaderElection9] INFO  segmented.SegmentedRaftLogWorker (SegmentedRaftLogWorker.java:startLogSegment(385)) - 389d5540-641f-48c2-a9df-60738dbad976@group-AF49A4A4CA2A-SegmentedRaftLogWorker: Starting segment from index:0
2019-10-23 12:36:05,248 [389d5540-641f-48c2-a9df-60738dbad976@group-AF49A4A4CA2A-LeaderElection9] INFO  impl.RaftServerImpl (ServerState.java:setRaftConf(357)) - 389d5540-641f-48c2-a9df-60738dbad976@group-AF49A4A4CA2A: set configuration 0: [daebe4f8-0ad9-4eb2-8ed7-3a8051847eb6:192.168.69.118:44860, 389d5540-641f-48c2-a9df-60738dbad976:192.168.69.118:45712, 279bca68-3e74-4690-81cf-da5ab79b92f7:192.168.69.118:45510], old=null at 0
2019-10-23 12:36:05,248 [grpc-default-executor-4] INFO  server.GrpcServerProtocolService (GrpcServerProtocolService.java:onCompleted(113)) - 389d5540-641f-48c2-a9df-60738dbad976: Completed APPEND_ENTRIES, lastRequest: daebe4f8-0ad9-4eb2-8ed7-3a8051847eb6->389d5540-641f-48c2-a9df-60738dbad976#0-t2, previous=(t:0, i:0), leaderCommit=-1, initializing? false, entries: <empty>
2019-10-23 12:36:05,279 [279bca68-3e74-4690-81cf-da5ab79b92f7@group-AF49A4A4CA2A-LeaderElection10] INFO  impl.LeaderElection (LeaderElection.java:askForVotes(178)) - 279bca68-3e74-4690-81cf-da5ab79b92f7@group-AF49A4A4CA2A-LeaderElection10: begin an election at term 4 for -1: [daebe4f8-0ad9-4eb2-8ed7-3a8051847eb6:192.168.69.118:44860, 389d5540-641f-48c2-a9df-60738dbad976:192.168.69.118:45712, 279bca68-3e74-4690-81cf-da5ab79b92f7:192.168.69.118:45510], old=null
2019-10-23 12:36:05,285 [grpc-default-executor-4] INFO  server.GrpcLogAppender (GrpcLogAppender.java:onCompleted(308)) - daebe4f8-0ad9-4eb2-8ed7-3a8051847eb6@group-AF49A4A4CA2A->389d5540-641f-48c2-a9df-60738dbad976-AppendLogResponseHandler: follower responses appendEntries COMPLETED
2019-10-23 12:36:05,290 [grpc-default-executor-3] INFO  impl.RaftServerImpl (ServerState.java:setLeader(256)) - daebe4f8-0ad9-4eb2-8ed7-3a8051847eb6@group-AF49A4A4CA2A: change Leader from null to 389d5540-641f-48c2-a9df-60738dbad976 at term 3 for appendEntries, leader elected after 82ms
2019-10-23 12:36:05,290 [grpc-default-executor-0] INFO  impl.RaftServerImpl (ServerState.java:setLeader(256)) - 389d5540-641f-48c2-a9df-60738dbad976@group-AF49A4A4CA2A: change Leader from 389d5540-641f-48c2-a9df-60738dbad976 to null at term 4 for updateCurrentTerm
2019-10-23 12:36:05,291 [grpc-default-executor-0] INFO  impl.RaftServerImpl (RaftServerImpl.java:setRole(184)) - 389d5540-641f-48c2-a9df-60738dbad976@group-AF49A4A4CA2A: changes role from    LEADER to FOLLOWER at term 4 for recognizeCandidate:279bca68-3e74-4690-81cf-da5ab79b92f7
2019-10-23 12:36:05,291 [grpc-default-executor-0] INFO  impl.RoleInfo (RoleInfo.java:shutdownLeaderState(104)) - 389d5540-641f-48c2-a9df-60738dbad976: shutdown LeaderState
2019-10-23 12:36:05,293 [389d5540-641f-48c2-a9df-60738dbad976@group-AF49A4A4CA2A-SegmentedRaftLogWorker] INFO  segmented.SegmentedRaftLogWorker (SegmentedRaftLogWorker.java:execute(576)) - 389d5540-641f-48c2-a9df-60738dbad976@group-AF49A4A4CA2A-SegmentedRaftLogWorker: created new log segment /workdir/hadoop-ozone/integration-test/target/test-dir/MiniOzoneClusterImpl-7da343b7-2e3e-4959-adfc-85e1dda11563/datanode-3/data/ratis/07c2703e-e062-427f-871b-af49a4a4ca2a/current/log_inprogress_0
2019-10-23 12:36:05,291 [grpc-default-executor-4] INFO  impl.FollowerInfo (FollowerInfo.java:lambda$new$0(51)) - daebe4f8-0ad9-4eb2-8ed7-3a8051847eb6@group-AF49A4A4CA2A->389d5540-641f-48c2-a9df-60738dbad976: nextIndex: updateUnconditionally 0 -> 0
2019-10-23 12:36:05,295 [grpc-default-executor-0] INFO  impl.PendingRequests (PendingRequests.java:sendNotLeaderResponses(202)) - 389d5540-641f-48c2-a9df-60738dbad976@group-AF49A4A4CA2A-PendingRequests: sendNotLeaderResponses
2019-10-23 12:36:05,295 [org.apache.ratis.server.impl.LogAppender$AppenderDaemon$$Lambda$392/1463055756@4218db1d] WARN  server.GrpcLogAppender (GrpcLogAppender.java:mayWait(149)) - 389d5540-641f-48c2-a9df-60738dbad976@group-AF49A4A4CA2A->daebe4f8-0ad9-4eb2-8ed7-3a8051847eb6-GrpcLogAppender: Wait interrupted by java.lang.InterruptedException
2019-10-23 12:36:05,295 [org.apache.ratis.server.impl.LogAppender$AppenderDaemon$$Lambda$392/1463055756@7310fecf] WARN  server.GrpcLogAppender (GrpcLogAppender.java:mayWait(149)) - 389d5540-641f-48c2-a9df-60738dbad976@group-AF49A4A4CA2A->279bca68-3e74-4690-81cf-da5ab79b92f7-GrpcLogAppender: Wait interrupted by java.lang.InterruptedException
2019-10-23 12:36:05,296 [grpc-default-executor-0] INFO  impl.RoleInfo (RoleInfo.java:updateAndGet(143)) - 389d5540-641f-48c2-a9df-60738dbad976: start FollowerState
2019-10-23 12:36:05,295 [grpc-default-executor-1] INFO  impl.RaftServerImpl (ServerState.java:setLeader(256)) - daebe4f8-0ad9-4eb2-8ed7-3a8051847eb6@group-AF49A4A4CA2A: change Leader from 389d5540-641f-48c2-a9df-60738dbad976 to null at term 4 for updateCurrentTerm
2019-10-23 12:36:05,297 [grpc-default-executor-1] INFO  impl.RaftServerImpl (RaftServerImpl.java:setRole(184)) - daebe4f8-0ad9-4eb2-8ed7-3a8051847eb6@group-AF49A4A4CA2A: changes role from  FOLLOWER to FOLLOWER at term 4 for recognizeCandidate:279bca68-3e74-4690-81cf-da5ab79b92f7
2019-10-23 12:36:05,298 [grpc-default-executor-1] INFO  impl.RoleInfo (RoleInfo.java:shutdownFollowerState(121)) - daebe4f8-0ad9-4eb2-8ed7-3a8051847eb6: shutdown FollowerState
2019-10-23 12:36:05,299 [Thread-254] INFO  impl.FollowerState (FollowerState.java:run(117)) - daebe4f8-0ad9-4eb2-8ed7-3a8051847eb6@group-AF49A4A4CA2A-FollowerState was interrupted: java.lang.InterruptedException: sleep interrupted
2019-10-23 12:36:05,299 [grpc-default-executor-1] INFO  impl.RoleInfo (RoleInfo.java:updateAndGet(143)) - daebe4f8-0ad9-4eb2-8ed7-3a8051847eb6: start FollowerState
2019-10-23 12:36:05,300 [grpc-default-executor-5] INFO  server.GrpcServerProtocolService (GrpcServerProtocolService.java:onCompleted(113)) - 279bca68-3e74-4690-81cf-da5ab79b92f7: Completed APPEND_ENTRIES, lastRequest: 389d5540-641f-48c2-a9df-60738dbad976->279bca68-3e74-4690-81cf-da5ab79b92f7#0-t3, previous=(t:0, i:0), leaderCommit=-1, initializing? false, entries: <empty>
2019-10-23 12:36:05,329 [grpc-default-executor-4] INFO  server.GrpcLogAppender (GrpcLogAppender.java:onCompleted(308)) - 389d5540-641f-48c2-a9df-60738dbad976@group-AF49A4A4CA2A->279bca68-3e74-4690-81cf-da5ab79b92f7-AppendLogResponseHandler: follower responses appendEntries COMPLETED
2019-10-23 12:36:05,331 [grpc-default-executor-3] INFO  server.GrpcServerProtocolService (GrpcServerProtocolService.java:onCompleted(113)) - daebe4f8-0ad9-4eb2-8ed7-3a8051847eb6: Completed APPEND_ENTRIES, lastRequest: 389d5540-641f-48c2-a9df-60738dbad976->daebe4f8-0ad9-4eb2-8ed7-3a8051847eb6#0-t3, previous=(t:0, i:0), leaderCommit=-1, initializing? false, entries: <empty>
2019-10-23 12:36:05,331 [grpc-default-executor-4] INFO  impl.FollowerInfo (FollowerInfo.java:lambda$new$0(51)) - 389d5540-641f-48c2-a9df-60738dbad976@group-AF49A4A4CA2A->279bca68-3e74-4690-81cf-da5ab79b92f7: nextIndex: updateUnconditionally 0 -> 0
2019-10-23 12:36:05,334 [279bca68-3e74-4690-81cf-da5ab79b92f7@group-AF49A4A4CA2A-LeaderElection10] INFO  impl.LeaderElection (LeaderElection.java:logAndReturn(56)) - 279bca68-3e74-4690-81cf-da5ab79b92f7@group-AF49A4A4CA2A-LeaderElection10: Election REJECTED; received 2 response(s) [279bca68-3e74-4690-81cf-da5ab79b92f7<-daebe4f8-0ad9-4eb2-8ed7-3a8051847eb6#0:FAIL-t4, 279bca68-3e74-4690-81cf-da5ab79b92f7<-389d5540-641f-48c2-a9df-60738dbad976#0:FAIL-t4] and 0 exception(s); 279bca68-3e74-4690-81cf-da5ab79b92f7@group-AF49A4A4CA2A:t4, leader=null, voted=279bca68-3e74-4690-81cf-da5ab79b92f7, raftlog=279bca68-3e74-4690-81cf-da5ab79b92f7@group-AF49A4A4CA2A-SegmentedRaftLog:OPENED:c-1,f-1,i0, conf=-1: [daebe4f8-0ad9-4eb2-8ed7-3a8051847eb6:192.168.69.118:44860, 389d5540-641f-48c2-a9df-60738dbad976:192.168.69.118:45712, 279bca68-3e74-4690-81cf-da5ab79b92f7:192.168.69.118:45510], old=null
2019-10-23 12:36:05,334 [279bca68-3e74-4690-81cf-da5ab79b92f7@group-AF49A4A4CA2A-LeaderElection10] INFO  impl.RaftServerImpl (RaftServerImpl.java:setRole(184)) - 279bca68-3e74-4690-81cf-da5ab79b92f7@group-AF49A4A4CA2A: changes role from CANDIDATE to FOLLOWER at term 4 for DISCOVERED_A_NEW_TERM
2019-10-23 12:36:05,336 [279bca68-3e74-4690-81cf-da5ab79b92f7@group-AF49A4A4CA2A-LeaderElection10] INFO  impl.RoleInfo (RoleInfo.java:shutdownLeaderElection(134)) - 279bca68-3e74-4690-81cf-da5ab79b92f7: shutdown LeaderElection
2019-10-23 12:36:05,336 [grpc-default-executor-4] INFO  server.GrpcLogAppender (GrpcLogAppender.java:onCompleted(308)) - 389d5540-641f-48c2-a9df-60738dbad976@group-AF49A4A4CA2A->daebe4f8-0ad9-4eb2-8ed7-3a8051847eb6-AppendLogResponseHandler: follower responses appendEntries COMPLETED
2019-10-23 12:36:05,337 [279bca68-3e74-4690-81cf-da5ab79b92f7@group-AF49A4A4CA2A-LeaderElection10] INFO  impl.RoleInfo (RoleInfo.java:updateAndGet(143)) - 279bca68-3e74-4690-81cf-da5ab79b92f7: start FollowerState
2019-10-23 12:36:05,339 [grpc-default-executor-4] INFO  impl.FollowerInfo (FollowerInfo.java:lambda$new$0(51)) - 389d5540-641f-48c2-a9df-60738dbad976@group-AF49A4A4CA2A->daebe4f8-0ad9-4eb2-8ed7-3a8051847eb6: nextIndex: updateUnconditionally 0 -> 0
2019-10-23 12:36:05,518 [Thread-266] INFO  impl.FollowerState (FollowerState.java:run(108)) - 279bca68-3e74-4690-81cf-da5ab79b92f7@group-AF49A4A4CA2A-FollowerState: change to CANDIDATE, lastRpcTime:181ms, electionTimeout:179ms
2019-10-23 12:36:05,518 [Thread-266] INFO  impl.RoleInfo (RoleInfo.java:shutdownFollowerState(121)) - 279bca68-3e74-4690-81cf-da5ab79b92f7: shutdown FollowerState
2019-10-23 12:36:05,518 [Thread-266] INFO  impl.RaftServerImpl (RaftServerImpl.java:setRole(184)) - 279bca68-3e74-4690-81cf-da5ab79b92f7@group-AF49A4A4CA2A: changes role from  FOLLOWER to CANDIDATE at term 4 for changeToCandidate
2019-10-23 12:36:05,519 [Thread-266] INFO  impl.RoleInfo (RoleInfo.java:updateAndGet(143)) - 279bca68-3e74-4690-81cf-da5ab79b92f7: start LeaderElection
2019-10-23 12:36:05,534 [279bca68-3e74-4690-81cf-da5ab79b92f7@group-AF49A4A4CA2A-LeaderElection11] INFO  impl.LeaderElection (LeaderElection.java:askForVotes(178)) - 279bca68-3e74-4690-81cf-da5ab79b92f7@group-AF49A4A4CA2A-LeaderElection11: begin an election at term 5 for -1: [daebe4f8-0ad9-4eb2-8ed7-3a8051847eb6:192.168.69.118:44860, 389d5540-641f-48c2-a9df-60738dbad976:192.168.69.118:45712, 279bca68-3e74-4690-81cf-da5ab79b92f7:192.168.69.118:45510], old=null
2019-10-23 12:36:05,540 [grpc-default-executor-4] INFO  impl.RaftServerImpl (RaftServerImpl.java:setRole(184)) - daebe4f8-0ad9-4eb2-8ed7-3a8051847eb6@group-AF49A4A4CA2A: changes role from  FOLLOWER to FOLLOWER at term 5 for recognizeCandidate:279bca68-3e74-4690-81cf-da5ab79b92f7
2019-10-23 12:36:05,540 [grpc-default-executor-4] INFO  impl.RoleInfo (RoleInfo.java:shutdownFollowerState(121)) - daebe4f8-0ad9-4eb2-8ed7-3a8051847eb6: shutdown FollowerState
2019-10-23 12:36:05,541 [Thread-265] INFO  impl.FollowerState (FollowerState.java:run(117)) - daebe4f8-0ad9-4eb2-8ed7-3a8051847eb6@group-AF49A4A4CA2A-FollowerState was interrupted: java.lang.InterruptedException: sleep interrupted
2019-10-23 12:36:05,541 [grpc-default-executor-4] INFO  impl.RoleInfo (RoleInfo.java:updateAndGet(143)) - daebe4f8-0ad9-4eb2-8ed7-3a8051847eb6: start FollowerState
2019-10-23 12:36:05,542 [grpc-default-executor-3] INFO  impl.RaftServerImpl (RaftServerImpl.java:setRole(184)) - 389d5540-641f-48c2-a9df-60738dbad976@group-AF49A4A4CA2A: changes role from  FOLLOWER to FOLLOWER at term 5 for recognizeCandidate:279bca68-3e74-4690-81cf-da5ab79b92f7
2019-10-23 12:36:05,543 [grpc-default-executor-3] INFO  impl.RoleInfo (RoleInfo.java:shutdownFollowerState(121)) - 389d5540-641f-48c2-a9df-60738dbad976: shutdown FollowerState
2019-10-23 12:36:05,543 [grpc-default-executor-3] INFO  impl.RoleInfo (RoleInfo.java:updateAndGet(143)) - 389d5540-641f-48c2-a9df-60738dbad976: start FollowerState
2019-10-23 12:36:05,543 [Thread-263] INFO  impl.FollowerState (FollowerState.java:run(117)) - 389d5540-641f-48c2-a9df-60738dbad976@group-AF49A4A4CA2A-FollowerState was interrupted: java.lang.InterruptedException: sleep interrupted
2019-10-23 12:36:05,559 [279bca68-3e74-4690-81cf-da5ab79b92f7@group-AF49A4A4CA2A-LeaderElection11] INFO  impl.LeaderElection (LeaderElection.java:logAndReturn(56)) - 279bca68-3e74-4690-81cf-da5ab79b92f7@group-AF49A4A4CA2A-LeaderElection11: Election REJECTED; received 2 response(s) [279bca68-3e74-4690-81cf-da5ab79b92f7<-daebe4f8-0ad9-4eb2-8ed7-3a8051847eb6#0:FAIL-t5, 279bca68-3e74-4690-81cf-da5ab79b92f7<-389d5540-641f-48c2-a9df-60738dbad976#0:FAIL-t5] and 0 exception(s); 279bca68-3e74-4690-81cf-da5ab79b92f7@group-AF49A4A4CA2A:t5, leader=null, voted=279bca68-3e74-4690-81cf-da5ab79b92f7, raftlog=279bca68-3e74-4690-81cf-da5ab79b92f7@group-AF49A4A4CA2A-SegmentedRaftLog:OPENED:c-1,f-1,i0, conf=-1: [daebe4f8-0ad9-4eb2-8ed7-3a8051847eb6:192.168.69.118:44860, 389d5540-641f-48c2-a9df-60738dbad976:192.168.69.118:45712, 279bca68-3e74-4690-81cf-da5ab79b92f7:192.168.69.118:45510], old=null
2019-10-23 12:36:05,559 [279bca68-3e74-4690-81cf-da5ab79b92f7@group-AF49A4A4CA2A-LeaderElection11] INFO  impl.RaftServerImpl (RaftServerImpl.java:setRole(184)) - 279bca68-3e74-4690-81cf-da5ab79b92f7@group-AF49A4A4CA2A: changes role from CANDIDATE to FOLLOWER at term 5 for DISCOVERED_A_NEW_TERM
2019-10-23 12:36:05,560 [279bca68-3e74-4690-81cf-da5ab79b92f7@group-AF49A4A4CA2A-LeaderElection11] INFO  impl.RoleInfo (RoleInfo.java:shutdownLeaderElection(134)) - 279bca68-3e74-4690-81cf-da5ab79b92f7: shutdown LeaderElection
2019-10-23 12:36:05,561 [279bca68-3e74-4690-81cf-da5ab79b92f7@group-AF49A4A4CA2A-LeaderElection11] INFO  impl.RoleInfo (RoleInfo.java:updateAndGet(143)) - 279bca68-3e74-4690-81cf-da5ab79b92f7: start FollowerState
2019-10-23 12:36:05,634 [Thread-272] INFO  impl.FollowerState (FollowerState.java:run(108)) - 279bca68-3e74-4690-81cf-da5ab79b92f7@group-AF49A4A4CA2A-FollowerState: change to CANDIDATE, lastRpcTime:73ms, electionTimeout:72ms
2019-10-23 12:36:05,635 [Thread-272] INFO  impl.RoleInfo (RoleInfo.java:shutdownFollowerState(121)) - 279bca68-3e74-4690-81cf-da5ab79b92f7: shutdown FollowerState
2019-10-23 12:36:05,636 [Thread-272] INFO  impl.RaftServerImpl (RaftServerImpl.java:setRole(184)) - 279bca68-3e74-4690-81cf-da5ab79b92f7@group-AF49A4A4CA2A: changes role from  FOLLOWER to CANDIDATE at term 5 for changeToCandidate
2019-10-23 12:36:05,636 [Thread-272] INFO  impl.RoleInfo (RoleInfo.java:updateAndGet(143)) - 279bca68-3e74-4690-81cf-da5ab79b92f7: start LeaderElection
2019-10-23 12:36:05,650 [279bca68-3e74-4690-81cf-da5ab79b92f7@group-AF49A4A4CA2A-LeaderElection12] INFO  impl.LeaderElection (LeaderElection.java:askForVotes(178)) - 279bca68-3e74-4690-81cf-da5ab79b92f7@group-AF49A4A4CA2A-LeaderElection12: begin an election at term 6 for -1: [daebe4f8-0ad9-4eb2-8ed7-3a8051847eb6:192.168.69.118:44860, 389d5540-641f-48c2-a9df-60738dbad976:192.168.69.118:45712, 279bca68-3e74-4690-81cf-da5ab79b92f7:192.168.69.118:45510], old=null
2019-10-23 12:36:05,656 [grpc-default-executor-4] INFO  impl.RaftServerImpl (RaftServerImpl.java:setRole(184)) - daebe4f8-0ad9-4eb2-8ed7-3a8051847eb6@group-AF49A4A4CA2A: changes role from  FOLLOWER to FOLLOWER at term 6 for recognizeCandidate:279bca68-3e74-4690-81cf-da5ab79b92f7
2019-10-23 12:36:05,656 [grpc-default-executor-4] INFO  impl.RoleInfo (RoleInfo.java:shutdownFollowerState(121)) - daebe4f8-0ad9-4eb2-8ed7-3a8051847eb6: shutdown FollowerState
2019-10-23 12:36:05,656 [grpc-default-executor-4] INFO  impl.RoleInfo (RoleInfo.java:updateAndGet(143)) - daebe4f8-0ad9-4eb2-8ed7-3a8051847eb6: start FollowerState
2019-10-23 12:36:05,657 [Thread-270] INFO  impl.FollowerState (FollowerState.java:run(117)) - daebe4f8-0ad9-4eb2-8ed7-3a8051847eb6@group-AF49A4A4CA2A-FollowerState was interrupted: java.lang.InterruptedException: sleep interrupted
2019-10-23 12:36:05,659 [grpc-default-executor-3] INFO  impl.RaftServerImpl (RaftServerImpl.java:setRole(184)) - 389d5540-641f-48c2-a9df-60738dbad976@group-AF49A4A4CA2A: changes role from  FOLLOWER to FOLLOWER at term 6 for recognizeCandidate:279bca68-3e74-4690-81cf-da5ab79b92f7
2019-10-23 12:36:05,659 [grpc-default-executor-3] INFO  impl.RoleInfo (RoleInfo.java:shutdownFollowerState(121)) - 389d5540-641f-48c2-a9df-60738dbad976: shutdown FollowerState
2019-10-23 12:36:05,659 [grpc-default-executor-3] INFO  impl.RoleInfo (RoleInfo.java:updateAndGet(143)) - 389d5540-641f-48c2-a9df-60738dbad976: start FollowerState
2019-10-23 12:36:05,659 [Thread-271] INFO  impl.FollowerState (FollowerState.java:run(117)) - 389d5540-641f-48c2-a9df-60738dbad976@group-AF49A4A4CA2A-FollowerState was interrupted: java.lang.InterruptedException: sleep interrupted
2019-10-23 12:36:05,675 [279bca68-3e74-4690-81cf-da5ab79b92f7@group-AF49A4A4CA2A-LeaderElection12] INFO  impl.LeaderElection (LeaderElection.java:logAndReturn(56)) - 279bca68-3e74-4690-81cf-da5ab79b92f7@group-AF49A4A4CA2A-LeaderElection12: Election REJECTED; received 2 response(s) [279bca68-3e74-4690-81cf-da5ab79b92f7<-daebe4f8-0ad9-4eb2-8ed7-3a8051847eb6#0:FAIL-t6, 279bca68-3e74-4690-81cf-da5ab79b92f7<-389d5540-641f-48c2-a9df-60738dbad976#0:FAIL-t6] and 0 exception(s); 279bca68-3e74-4690-81cf-da5ab79b92f7@group-AF49A4A4CA2A:t6, leader=null, voted=279bca68-3e74-4690-81cf-da5ab79b92f7, raftlog=279bca68-3e74-4690-81cf-da5ab79b92f7@group-AF49A4A4CA2A-SegmentedRaftLog:OPENED:c-1,f-1,i0, conf=-1: [daebe4f8-0ad9-4eb2-8ed7-3a8051847eb6:192.168.69.118:44860, 389d5540-641f-48c2-a9df-60738dbad976:192.168.69.118:45712, 279bca68-3e74-4690-81cf-da5ab79b92f7:192.168.69.118:45510], old=null
2019-10-23 12:36:05,675 [279bca68-3e74-4690-81cf-da5ab79b92f7@group-AF49A4A4CA2A-LeaderElection12] INFO  impl.RaftServerImpl (RaftServerImpl.java:setRole(184)) - 279bca68-3e74-4690-81cf-da5ab79b92f7@group-AF49A4A4CA2A: changes role from CANDIDATE to FOLLOWER at term 6 for DISCOVERED_A_NEW_TERM
2019-10-23 12:36:05,677 [279bca68-3e74-4690-81cf-da5ab79b92f7@group-AF49A4A4CA2A-LeaderElection12] INFO  impl.RoleInfo (RoleInfo.java:shutdownLeaderElection(134)) - 279bca68-3e74-4690-81cf-da5ab79b92f7: shutdown LeaderElection
2019-10-23 12:36:05,677 [279bca68-3e74-4690-81cf-da5ab79b92f7@group-AF49A4A4CA2A-LeaderElection12] INFO  impl.RoleInfo (RoleInfo.java:updateAndGet(143)) - 279bca68-3e74-4690-81cf-da5ab79b92f7: start FollowerState
2019-10-23 12:36:05,985 [Thread-280] INFO  impl.FollowerState (FollowerState.java:run(108)) - 279bca68-3e74-4690-81cf-da5ab79b92f7@group-AF49A4A4CA2A-FollowerState: change to CANDIDATE, lastRpcTime:308ms, electionTimeout:185ms
2019-10-23 12:36:05,986 [Thread-280] INFO  impl.RoleInfo (RoleInfo.java:shutdownFollowerState(121)) - 279bca68-3e74-4690-81cf-da5ab79b92f7: shutdown FollowerState
2019-10-23 12:36:05,987 [Thread-280] INFO  impl.RaftServerImpl (RaftServerImpl.java:setRole(184)) - 279bca68-3e74-4690-81cf-da5ab79b92f7@group-AF49A4A4CA2A: changes role from  FOLLOWER to CANDIDATE at term 6 for changeToCandidate
2019-10-23 12:36:05,987 [Thread-280] INFO  impl.RoleInfo (RoleInfo.java:updateAndGet(143)) - 279bca68-3e74-4690-81cf-da5ab79b92f7: start LeaderElection
2019-10-23 12:36:06,016 [279bca68-3e74-4690-81cf-da5ab79b92f7@group-AF49A4A4CA2A-LeaderElection13] INFO  impl.LeaderElection (LeaderElection.java:askForVotes(178)) - 279bca68-3e74-4690-81cf-da5ab79b92f7@group-AF49A4A4CA2A-LeaderElection13: begin an election at term 7 for -1: [daebe4f8-0ad9-4eb2-8ed7-3a8051847eb6:192.168.69.118:44860, 389d5540-641f-48c2-a9df-60738dbad976:192.168.69.118:45712, 279bca68-3e74-4690-81cf-da5ab79b92f7:192.168.69.118:45510], old=null
2019-10-23 12:36:06,028 [grpc-default-executor-3] INFO  impl.RaftServerImpl (RaftServerImpl.java:setRole(184)) - daebe4f8-0ad9-4eb2-8ed7-3a8051847eb6@group-AF49A4A4CA2A: changes role from  FOLLOWER to FOLLOWER at term 7 for recognizeCandidate:279bca68-3e74-4690-81cf-da5ab79b92f7
2019-10-23 12:36:06,037 [grpc-default-executor-3] INFO  impl.RoleInfo (RoleInfo.java:shutdownFollowerState(121)) - daebe4f8-0ad9-4eb2-8ed7-3a8051847eb6: shutdown FollowerState
2019-10-23 12:36:06,037 [grpc-default-executor-3] INFO  impl.RoleInfo (RoleInfo.java:updateAndGet(143)) - daebe4f8-0ad9-4eb2-8ed7-3a8051847eb6: start FollowerState
2019-10-23 12:36:06,037 [Thread-278] INFO  impl.FollowerState (FollowerState.java:run(117)) - daebe4f8-0ad9-4eb2-8ed7-3a8051847eb6@group-AF49A4A4CA2A-FollowerState was interrupted: java.lang.InterruptedException: sleep interrupted
2019-10-23 12:36:06,037 [grpc-default-executor-4] INFO  impl.RaftServerImpl (RaftServerImpl.java:setRole(184)) - 389d5540-641f-48c2-a9df-60738dbad976@group-AF49A4A4CA2A: changes role from  FOLLOWER to FOLLOWER at term 7 for recognizeCandidate:279bca68-3e74-4690-81cf-da5ab79b92f7
2019-10-23 12:36:06,037 [grpc-default-executor-4] INFO  impl.RoleInfo (RoleInfo.java:shutdownFollowerState(121)) - 389d5540-641f-48c2-a9df-60738dbad976: shutdown FollowerState
2019-10-23 12:36:06,038 [grpc-default-executor-4] INFO  impl.RoleInfo (RoleInfo.java:updateAndGet(143)) - 389d5540-641f-48c2-a9df-60738dbad976: start FollowerState
2019-10-23 12:36:06,038 [Thread-279] INFO  impl.FollowerState (FollowerState.java:run(117)) - 389d5540-641f-48c2-a9df-60738dbad976@group-AF49A4A4CA2A-FollowerState was interrupted: java.lang.InterruptedException: sleep interrupted
2019-10-23 12:36:06,055 [279bca68-3e74-4690-81cf-da5ab79b92f7@group-AF49A4A4CA2A-LeaderElection13] INFO  impl.LeaderElection (LeaderElection.java:logAndReturn(56)) - 279bca68-3e74-4690-81cf-da5ab79b92f7@group-AF49A4A4CA2A-LeaderElection13: Election REJECTED; received 2 response(s) [279bca68-3e74-4690-81cf-da5ab79b92f7<-daebe4f8-0ad9-4eb2-8ed7-3a8051847eb6#0:FAIL-t7, 279bca68-3e74-4690-81cf-da5ab79b92f7<-389d5540-641f-48c2-a9df-60738dbad976#0:FAIL-t7] and 0 exception(s); 279bca68-3e74-4690-81cf-da5ab79b92f7@group-AF49A4A4CA2A:t7, leader=null, voted=279bca68-3e74-4690-81cf-da5ab79b92f7, raftlog=279bca68-3e74-4690-81cf-da5ab79b92f7@group-AF49A4A4CA2A-SegmentedRaftLog:OPENED:c-1,f-1,i0, conf=-1: [daebe4f8-0ad9-4eb2-8ed7-3a8051847eb6:192.168.69.118:44860, 389d5540-641f-48c2-a9df-60738dbad976:192.168.69.118:45712, 279bca68-3e74-4690-81cf-da5ab79b92f7:192.168.69.118:45510], old=null
2019-10-23 12:36:06,055 [279bca68-3e74-4690-81cf-da5ab79b92f7@group-AF49A4A4CA2A-LeaderElection13] INFO  impl.RaftServerImpl (RaftServerImpl.java:setRole(184)) - 279bca68-3e74-4690-81cf-da5ab79b92f7@group-AF49A4A4CA2A: changes role from CANDIDATE to FOLLOWER at term 7 for DISCOVERED_A_NEW_TERM
2019-10-23 12:36:06,056 [279bca68-3e74-4690-81cf-da5ab79b92f7@group-AF49A4A4CA2A-LeaderElection13] INFO  impl.RoleInfo (RoleInfo.java:shutdownLeaderElection(134)) - 279bca68-3e74-4690-81cf-da5ab79b92f7: shutdown LeaderElection
2019-10-23 12:36:06,056 [279bca68-3e74-4690-81cf-da5ab79b92f7@group-AF49A4A4CA2A-LeaderElection13] INFO  impl.RoleInfo (RoleInfo.java:updateAndGet(143)) - 279bca68-3e74-4690-81cf-da5ab79b92f7: start FollowerState
2019-10-23 12:36:06,187 [Thread-288] INFO  rpc.RpcClient (RpcClient.java:createVolume(272)) - Creating Volume: b35aaab3-b49a-4f89-9162-56a92f5c2ba7, with jenkins1000 as owner.
2019-10-23 12:36:06,208 [Thread-286] INFO  impl.FollowerState (FollowerState.java:run(108)) - 279bca68-3e74-4690-81cf-da5ab79b92f7@group-AF49A4A4CA2A-FollowerState: change to CANDIDATE, lastRpcTime:151ms, electionTimeout:150ms
2019-10-23 12:36:06,208 [Thread-286] INFO  impl.RoleInfo (RoleInfo.java:shutdownFollowerState(121)) - 279bca68-3e74-4690-81cf-da5ab79b92f7: shutdown FollowerState
2019-10-23 12:36:06,208 [Thread-286] INFO  impl.RaftServerImpl (RaftServerImpl.java:setRole(184)) - 279bca68-3e74-4690-81cf-da5ab79b92f7@group-AF49A4A4CA2A: changes role from  FOLLOWER to CANDIDATE at term 7 for changeToCandidate
2019-10-23 12:36:06,209 [Thread-286] INFO  impl.RoleInfo (RoleInfo.java:updateAndGet(143)) - 279bca68-3e74-4690-81cf-da5ab79b92f7: start LeaderElection
2019-10-23 12:36:06,224 [279bca68-3e74-4690-81cf-da5ab79b92f7@group-AF49A4A4CA2A-LeaderElection14] INFO  impl.LeaderElection (LeaderElection.java:askForVotes(178)) - 279bca68-3e74-4690-81cf-da5ab79b92f7@group-AF49A4A4CA2A-LeaderElection14: begin an election at term 8 for -1: [daebe4f8-0ad9-4eb2-8ed7-3a8051847eb6:192.168.69.118:44860, 389d5540-641f-48c2-a9df-60738dbad976:192.168.69.118:45712, 279bca68-3e74-4690-81cf-da5ab79b92f7:192.168.69.118:45510], old=null
2019-10-23 12:36:06,230 [grpc-default-executor-4] INFO  impl.RaftServerImpl (RaftServerImpl.java:setRole(184)) - 389d5540-641f-48c2-a9df-60738dbad976@group-AF49A4A4CA2A: changes role from  FOLLOWER to FOLLOWER at term 8 for recognizeCandidate:279bca68-3e74-4690-81cf-da5ab79b92f7
2019-10-23 12:36:06,230 [grpc-default-executor-4] INFO  impl.RoleInfo (RoleInfo.java:shutdownFollowerState(121)) - 389d5540-641f-48c2-a9df-60738dbad976: shutdown FollowerState
2019-10-23 12:36:06,232 [Thread-285] INFO  impl.FollowerState (FollowerState.java:run(117)) - 389d5540-641f-48c2-a9df-60738dbad976@group-AF49A4A4CA2A-FollowerState was interrupted: java.lang.InterruptedException: sleep interrupted
2019-10-23 12:36:06,232 [grpc-default-executor-4] INFO  impl.RoleInfo (RoleInfo.java:updateAndGet(143)) - 389d5540-641f-48c2-a9df-60738dbad976: start FollowerState
2019-10-23 12:36:06,233 [grpc-default-executor-3] INFO  impl.RaftServerImpl (RaftServerImpl.java:setRole(184)) - daebe4f8-0ad9-4eb2-8ed7-3a8051847eb6@group-AF49A4A4CA2A: changes role from  FOLLOWER to FOLLOWER at term 8 for recognizeCandidate:279bca68-3e74-4690-81cf-da5ab79b92f7
2019-10-23 12:36:06,233 [grpc-default-executor-3] INFO  impl.RoleInfo (RoleInfo.java:shutdownFollowerState(121)) - daebe4f8-0ad9-4eb2-8ed7-3a8051847eb6: shutdown FollowerState
2019-10-23 12:36:06,233 [Thread-284] INFO  impl.FollowerState (FollowerState.java:run(117)) - daebe4f8-0ad9-4eb2-8ed7-3a8051847eb6@group-AF49A4A4CA2A-FollowerState was interrupted: java.lang.InterruptedException: sleep interrupted
2019-10-23 12:36:06,233 [grpc-default-executor-3] INFO  impl.RoleInfo (RoleInfo.java:updateAndGet(143)) - daebe4f8-0ad9-4eb2-8ed7-3a8051847eb6: start FollowerState
2019-10-23 12:36:06,244 [279bca68-3e74-4690-81cf-da5ab79b92f7@group-AF49A4A4CA2A-LeaderElection14] INFO  impl.LeaderElection (LeaderElection.java:logAndReturn(56)) - 279bca68-3e74-4690-81cf-da5ab79b92f7@group-AF49A4A4CA2A-LeaderElection14: Election REJECTED; received 2 response(s) [279bca68-3e74-4690-81cf-da5ab79b92f7<-daebe4f8-0ad9-4eb2-8ed7-3a8051847eb6#0:FAIL-t8, 279bca68-3e74-4690-81cf-da5ab79b92f7<-389d5540-641f-48c2-a9df-60738dbad976#0:FAIL-t8] and 0 exception(s); 279bca68-3e74-4690-81cf-da5ab79b92f7@group-AF49A4A4CA2A:t8, leader=null, voted=279bca68-3e74-4690-81cf-da5ab79b92f7, raftlog=279bca68-3e74-4690-81cf-da5ab79b92f7@group-AF49A4A4CA2A-SegmentedRaftLog:OPENED:c-1,f-1,i0, conf=-1: [daebe4f8-0ad9-4eb2-8ed7-3a8051847eb6:192.168.69.118:44860, 389d5540-641f-48c2-a9df-60738dbad976:192.168.69.118:45712, 279bca68-3e74-4690-81cf-da5ab79b92f7:192.168.69.118:45510], old=null
2019-10-23 12:36:06,244 [279bca68-3e74-4690-81cf-da5ab79b92f7@group-AF49A4A4CA2A-LeaderElection14] INFO  impl.RaftServerImpl (RaftServerImpl.java:setRole(184)) - 279bca68-3e74-4690-81cf-da5ab79b92f7@group-AF49A4A4CA2A: changes role from CANDIDATE to FOLLOWER at term 8 for DISCOVERED_A_NEW_TERM
2019-10-23 12:36:06,245 [279bca68-3e74-4690-81cf-da5ab79b92f7@group-AF49A4A4CA2A-LeaderElection14] INFO  impl.RoleInfo (RoleInfo.java:shutdownLeaderElection(134)) - 279bca68-3e74-4690-81cf-da5ab79b92f7: shutdown LeaderElection
2019-10-23 12:36:06,246 [279bca68-3e74-4690-81cf-da5ab79b92f7@group-AF49A4A4CA2A-LeaderElection14] INFO  impl.RoleInfo (RoleInfo.java:updateAndGet(143)) - 279bca68-3e74-4690-81cf-da5ab79b92f7: start FollowerState
2019-10-23 12:36:06,301 [OM StateMachine ApplyTransaction Thread - 0] INFO  volume.OMVolumeCreateRequest (OMVolumeCreateRequest.java:validateAndUpdateCache(193)) - created volume:b35aaab3-b49a-4f89-9162-56a92f5c2ba7 for user:jenkins1000
2019-10-23 12:36:06,323 [Thread-288] INFO  rpc.RpcClient (RpcClient.java:createBucket(411)) - Creating Bucket: b35aaab3-b49a-4f89-9162-56a92f5c2ba7/83d98c10-f5da-4acb-9ef0-374ea148888b, with Versioning false and Storage Type set to DISK and Encryption set to false 
2019-10-23 12:36:06,392 [IPC Server handler 0 on 42473] INFO  server.SCMBlockProtocolServer (SCMBlockProtocolServer.java:allocateBlock(179)) - Allocating 1 blocks of size 4194304, with ExcludeList {datanodes = [], containerIds = [], pipelineIds = []}
2019-10-23 12:36:06,404 [Thread-295] INFO  impl.FollowerState (FollowerState.java:run(108)) - 279bca68-3e74-4690-81cf-da5ab79b92f7@group-AF49A4A4CA2A-FollowerState: change to CANDIDATE, lastRpcTime:158ms, electionTimeout:157ms
2019-10-23 12:36:06,405 [Thread-295] INFO  impl.RoleInfo (RoleInfo.java:shutdownFollowerState(121)) - 279bca68-3e74-4690-81cf-da5ab79b92f7: shutdown FollowerState
2019-10-23 12:36:06,405 [Thread-295] INFO  impl.RaftServerImpl (RaftServerImpl.java:setRole(184)) - 279bca68-3e74-4690-81cf-da5ab79b92f7@group-AF49A4A4CA2A: changes role from  FOLLOWER to CANDIDATE at term 8 for changeToCandidate
2019-10-23 12:36:06,405 [Thread-295] INFO  impl.RoleInfo (RoleInfo.java:updateAndGet(143)) - 279bca68-3e74-4690-81cf-da5ab79b92f7: start LeaderElection
2019-10-23 12:36:06,421 [279bca68-3e74-4690-81cf-da5ab79b92f7@group-AF49A4A4CA2A-LeaderElection15] INFO  impl.LeaderElection (LeaderElection.java:askForVotes(178)) - 279bca68-3e74-4690-81cf-da5ab79b92f7@group-AF49A4A4CA2A-LeaderElection15: begin an election at term 9 for -1: [daebe4f8-0ad9-4eb2-8ed7-3a8051847eb6:192.168.69.118:44860, 389d5540-641f-48c2-a9df-60738dbad976:192.168.69.118:45712, 279bca68-3e74-4690-81cf-da5ab79b92f7:192.168.69.118:45510], old=null
2019-10-23 12:36:06,428 [grpc-default-executor-4] INFO  impl.RaftServerImpl (RaftServerImpl.java:setRole(184)) - daebe4f8-0ad9-4eb2-8ed7-3a8051847eb6@group-AF49A4A4CA2A: changes role from  FOLLOWER to FOLLOWER at term 9 for recognizeCandidate:279bca68-3e74-4690-81cf-da5ab79b92f7
2019-10-23 12:36:06,428 [grpc-default-executor-4] INFO  impl.RoleInfo (RoleInfo.java:shutdownFollowerState(121)) - daebe4f8-0ad9-4eb2-8ed7-3a8051847eb6: shutdown FollowerState
2019-10-23 12:36:06,428 [Thread-294] INFO  impl.FollowerState (FollowerState.java:run(117)) - daebe4f8-0ad9-4eb2-8ed7-3a8051847eb6@group-AF49A4A4CA2A-FollowerState was interrupted: java.lang.InterruptedException: sleep interrupted
2019-10-23 12:36:06,428 [grpc-default-executor-4] INFO  impl.RoleInfo (RoleInfo.java:updateAndGet(143)) - daebe4f8-0ad9-4eb2-8ed7-3a8051847eb6: start FollowerState
2019-10-23 12:36:06,431 [grpc-default-executor-3] INFO  impl.RaftServerImpl (RaftServerImpl.java:setRole(184)) - 389d5540-641f-48c2-a9df-60738dbad976@group-AF49A4A4CA2A: changes role from  FOLLOWER to FOLLOWER at term 9 for recognizeCandidate:279bca68-3e74-4690-81cf-da5ab79b92f7
2019-10-23 12:36:06,431 [grpc-default-executor-3] INFO  impl.RoleInfo (RoleInfo.java:shutdownFollowerState(121)) - 389d5540-641f-48c2-a9df-60738dbad976: shutdown FollowerState
2019-10-23 12:36:06,431 [Thread-293] INFO  impl.FollowerState (FollowerState.java:run(117)) - 389d5540-641f-48c2-a9df-60738dbad976@group-AF49A4A4CA2A-FollowerState was interrupted: java.lang.InterruptedException: sleep interrupted
2019-10-23 12:36:06,431 [grpc-default-executor-3] INFO  impl.RoleInfo (RoleInfo.java:updateAndGet(143)) - 389d5540-641f-48c2-a9df-60738dbad976: start FollowerState
2019-10-23 12:36:06,444 [279bca68-3e74-4690-81cf-da5ab79b92f7@group-AF49A4A4CA2A-LeaderElection15] INFO  impl.LeaderElection (LeaderElection.java:logAndReturn(56)) - 279bca68-3e74-4690-81cf-da5ab79b92f7@group-AF49A4A4CA2A-LeaderElection15: Election REJECTED; received 2 response(s) [279bca68-3e74-4690-81cf-da5ab79b92f7<-daebe4f8-0ad9-4eb2-8ed7-3a8051847eb6#0:FAIL-t9, 279bca68-3e74-4690-81cf-da5ab79b92f7<-389d5540-641f-48c2-a9df-60738dbad976#0:FAIL-t9] and 0 exception(s); 279bca68-3e74-4690-81cf-da5ab79b92f7@group-AF49A4A4CA2A:t9, leader=null, voted=279bca68-3e74-4690-81cf-da5ab79b92f7, raftlog=279bca68-3e74-4690-81cf-da5ab79b92f7@group-AF49A4A4CA2A-SegmentedRaftLog:OPENED:c-1,f-1,i0, conf=-1: [daebe4f8-0ad9-4eb2-8ed7-3a8051847eb6:192.168.69.118:44860, 389d5540-641f-48c2-a9df-60738dbad976:192.168.69.118:45712, 279bca68-3e74-4690-81cf-da5ab79b92f7:192.168.69.118:45510], old=null
2019-10-23 12:36:06,444 [279bca68-3e74-4690-81cf-da5ab79b92f7@group-AF49A4A4CA2A-LeaderElection15] INFO  impl.RaftServerImpl (RaftServerImpl.java:setRole(184)) - 279bca68-3e74-4690-81cf-da5ab79b92f7@group-AF49A4A4CA2A: changes role from CANDIDATE to FOLLOWER at term 9 for DISCOVERED_A_NEW_TERM
2019-10-23 12:36:06,445 [279bca68-3e74-4690-81cf-da5ab79b92f7@group-AF49A4A4CA2A-LeaderElection15] INFO  impl.RoleInfo (RoleInfo.java:shutdownLeaderElection(134)) - 279bca68-3e74-4690-81cf-da5ab79b92f7: shutdown LeaderElection
2019-10-23 12:36:06,446 [279bca68-3e74-4690-81cf-da5ab79b92f7@group-AF49A4A4CA2A-LeaderElection15] INFO  impl.RoleInfo (RoleInfo.java:updateAndGet(143)) - 279bca68-3e74-4690-81cf-da5ab79b92f7: start FollowerState
2019-10-23 12:36:06,502 [Thread-288] INFO  impl.MetricsSystemImpl (MetricsSystemImpl.java:init(158)) - XceiverClientMetrics metrics system started (again)
2019-10-23 12:36:06,558 [Thread-301] INFO  impl.FollowerState (FollowerState.java:run(108)) - 279bca68-3e74-4690-81cf-da5ab79b92f7@group-AF49A4A4CA2A-FollowerState: change to CANDIDATE, lastRpcTime:112ms, electionTimeout:108ms
2019-10-23 12:36:06,559 [Thread-301] INFO  impl.RoleInfo (RoleInfo.java:shutdownFollowerState(121)) - 279bca68-3e74-4690-81cf-da5ab79b92f7: shutdown FollowerState
2019-10-23 12:36:06,559 [Thread-301] INFO  impl.RaftServerImpl (RaftServerImpl.java:setRole(184)) - 279bca68-3e74-4690-81cf-da5ab79b92f7@group-AF49A4A4CA2A: changes role from  FOLLOWER to CANDIDATE at term 9 for changeToCandidate
2019-10-23 12:36:06,559 [Thread-301] INFO  impl.RoleInfo (RoleInfo.java:updateAndGet(143)) - 279bca68-3e74-4690-81cf-da5ab79b92f7: start LeaderElection
2019-10-23 12:36:06,575 [279bca68-3e74-4690-81cf-da5ab79b92f7@group-AF49A4A4CA2A-LeaderElection16] INFO  impl.LeaderElection (LeaderElection.java:askForVotes(178)) - 279bca68-3e74-4690-81cf-da5ab79b92f7@group-AF49A4A4CA2A-LeaderElection16: begin an election at term 10 for -1: [daebe4f8-0ad9-4eb2-8ed7-3a8051847eb6:192.168.69.118:44860, 389d5540-641f-48c2-a9df-60738dbad976:192.168.69.118:45712, 279bca68-3e74-4690-81cf-da5ab79b92f7:192.168.69.118:45510], old=null
2019-10-23 12:36:06,581 [grpc-default-executor-4] INFO  impl.RaftServerImpl (RaftServerImpl.java:setRole(184)) - daebe4f8-0ad9-4eb2-8ed7-3a8051847eb6@group-AF49A4A4CA2A: changes role from  FOLLOWER to FOLLOWER at term 10 for recognizeCandidate:279bca68-3e74-4690-81cf-da5ab79b92f7
2019-10-23 12:36:06,581 [grpc-default-executor-4] INFO  impl.RoleInfo (RoleInfo.java:shutdownFollowerState(121)) - daebe4f8-0ad9-4eb2-8ed7-3a8051847eb6: shutdown FollowerState
2019-10-23 12:36:06,582 [Thread-299] INFO  impl.FollowerState (FollowerState.java:run(117)) - daebe4f8-0ad9-4eb2-8ed7-3a8051847eb6@group-AF49A4A4CA2A-FollowerState was interrupted: java.lang.InterruptedException: sleep interrupted
2019-10-23 12:36:06,583 [grpc-default-executor-4] INFO  impl.RoleInfo (RoleInfo.java:updateAndGet(143)) - daebe4f8-0ad9-4eb2-8ed7-3a8051847eb6: start FollowerState
2019-10-23 12:36:06,584 [grpc-default-executor-0] INFO  impl.RaftServerImpl (RaftServerImpl.java:setRole(184)) - 389d5540-641f-48c2-a9df-60738dbad976@group-AF49A4A4CA2A: changes role from  FOLLOWER to FOLLOWER at term 10 for recognizeCandidate:279bca68-3e74-4690-81cf-da5ab79b92f7
2019-10-23 12:36:06,584 [grpc-default-executor-0] INFO  impl.RoleInfo (RoleInfo.java:shutdownFollowerState(121)) - 389d5540-641f-48c2-a9df-60738dbad976: shutdown FollowerState
2019-10-23 12:36:06,584 [grpc-default-executor-0] INFO  impl.RoleInfo (RoleInfo.java:updateAndGet(143)) - 389d5540-641f-48c2-a9df-60738dbad976: start FollowerState
2019-10-23 12:36:06,584 [Thread-300] INFO  impl.FollowerState (FollowerState.java:run(117)) - 389d5540-641f-48c2-a9df-60738dbad976@group-AF49A4A4CA2A-FollowerState was interrupted: java.lang.InterruptedException: sleep interrupted
2019-10-23 12:36:06,606 [279bca68-3e74-4690-81cf-da5ab79b92f7@group-AF49A4A4CA2A-LeaderElection16] INFO  impl.LeaderElection (LeaderElection.java:logAndReturn(56)) - 279bca68-3e74-4690-81cf-da5ab79b92f7@group-AF49A4A4CA2A-LeaderElection16: Election REJECTED; received 2 response(s) [279bca68-3e74-4690-81cf-da5ab79b92f7<-daebe4f8-0ad9-4eb2-8ed7-3a8051847eb6#0:FAIL-t10, 279bca68-3e74-4690-81cf-da5ab79b92f7<-389d5540-641f-48c2-a9df-60738dbad976#0:FAIL-t10] and 0 exception(s); 279bca68-3e74-4690-81cf-da5ab79b92f7@group-AF49A4A4CA2A:t10, leader=null, voted=279bca68-3e74-4690-81cf-da5ab79b92f7, raftlog=279bca68-3e74-4690-81cf-da5ab79b92f7@group-AF49A4A4CA2A-SegmentedRaftLog:OPENED:c-1,f-1,i0, conf=-1: [daebe4f8-0ad9-4eb2-8ed7-3a8051847eb6:192.168.69.118:44860, 389d5540-641f-48c2-a9df-60738dbad976:192.168.69.118:45712, 279bca68-3e74-4690-81cf-da5ab79b92f7:192.168.69.118:45510], old=null
2019-10-23 12:36:06,607 [279bca68-3e74-4690-81cf-da5ab79b92f7@group-AF49A4A4CA2A-LeaderElection16] INFO  impl.RaftServerImpl (RaftServerImpl.java:setRole(184)) - 279bca68-3e74-4690-81cf-da5ab79b92f7@group-AF49A4A4CA2A: changes role from CANDIDATE to FOLLOWER at term 10 for DISCOVERED_A_NEW_TERM
2019-10-23 12:36:06,607 [279bca68-3e74-4690-81cf-da5ab79b92f7@group-AF49A4A4CA2A-LeaderElection16] INFO  impl.RoleInfo (RoleInfo.java:shutdownLeaderElection(134)) - 279bca68-3e74-4690-81cf-da5ab79b92f7: shutdown LeaderElection
2019-10-23 12:36:06,607 [279bca68-3e74-4690-81cf-da5ab79b92f7@group-AF49A4A4CA2A-LeaderElection16] INFO  impl.RoleInfo (RoleInfo.java:updateAndGet(143)) - 279bca68-3e74-4690-81cf-da5ab79b92f7: start FollowerState
2019-10-23 12:36:06,750 [Thread-309] INFO  impl.FollowerState (FollowerState.java:run(108)) - 279bca68-3e74-4690-81cf-da5ab79b92f7@group-AF49A4A4CA2A-FollowerState: change to CANDIDATE, lastRpcTime:142ms, electionTimeout:142ms
2019-10-23 12:36:06,752 [Thread-309] INFO  impl.RoleInfo (RoleInfo.java:shutdownFollowerState(121)) - 279bca68-3e74-4690-81cf-da5ab79b92f7: shutdown FollowerState
2019-10-23 12:36:06,752 [Thread-309] INFO  impl.RaftServerImpl (RaftServerImpl.java:setRole(184)) - 279bca68-3e74-4690-81cf-da5ab79b92f7@group-AF49A4A4CA2A: changes role from  FOLLOWER to CANDIDATE at term 10 for changeToCandidate
2019-10-23 12:36:06,752 [Thread-309] INFO  impl.RoleInfo (RoleInfo.java:updateAndGet(143)) - 279bca68-3e74-4690-81cf-da5ab79b92f7: start LeaderElection
2019-10-23 12:36:06,767 [279bca68-3e74-4690-81cf-da5ab79b92f7@group-AF49A4A4CA2A-LeaderElection17] INFO  impl.LeaderElection (LeaderElection.java:askForVotes(178)) - 279bca68-3e74-4690-81cf-da5ab79b92f7@group-AF49A4A4CA2A-LeaderElection17: begin an election at term 11 for -1: [daebe4f8-0ad9-4eb2-8ed7-3a8051847eb6:192.168.69.118:44860, 389d5540-641f-48c2-a9df-60738dbad976:192.168.69.118:45712, 279bca68-3e74-4690-81cf-da5ab79b92f7:192.168.69.118:45510], old=null
2019-10-23 12:36:06,774 [grpc-default-executor-3] INFO  impl.RaftServerImpl (RaftServerImpl.java:setRole(184)) - daebe4f8-0ad9-4eb2-8ed7-3a8051847eb6@group-AF49A4A4CA2A: changes role from  FOLLOWER to FOLLOWER at term 11 for recognizeCandidate:279bca68-3e74-4690-81cf-da5ab79b92f7
2019-10-23 12:36:06,774 [grpc-default-executor-3] INFO  impl.RoleInfo (RoleInfo.java:shutdownFollowerState(121)) - daebe4f8-0ad9-4eb2-8ed7-3a8051847eb6: shutdown FollowerState
2019-10-23 12:36:06,774 [grpc-default-executor-0] INFO  impl.RaftServerImpl (RaftServerImpl.java:setRole(184)) - 389d5540-641f-48c2-a9df-60738dbad976@group-AF49A4A4CA2A: changes role from  FOLLOWER to FOLLOWER at term 11 for recognizeCandidate:279bca68-3e74-4690-81cf-da5ab79b92f7
2019-10-23 12:36:06,774 [Thread-307] INFO  impl.FollowerState (FollowerState.java:run(117)) - daebe4f8-0ad9-4eb2-8ed7-3a8051847eb6@group-AF49A4A4CA2A-FollowerState was interrupted: java.lang.InterruptedException: sleep interrupted
2019-10-23 12:36:06,774 [grpc-default-executor-3] INFO  impl.RoleInfo (RoleInfo.java:updateAndGet(143)) - daebe4f8-0ad9-4eb2-8ed7-3a8051847eb6: start FollowerState
2019-10-23 12:36:06,774 [grpc-default-executor-0] INFO  impl.RoleInfo (RoleInfo.java:shutdownFollowerState(121)) - 389d5540-641f-48c2-a9df-60738dbad976: shutdown FollowerState
2019-10-23 12:36:06,776 [Thread-308] INFO  impl.FollowerState (FollowerState.java:run(117)) - 389d5540-641f-48c2-a9df-60738dbad976@group-AF49A4A4CA2A-FollowerState was interrupted: java.lang.InterruptedException: sleep interrupted
2019-10-23 12:36:06,776 [grpc-default-executor-0] INFO  impl.RoleInfo (RoleInfo.java:updateAndGet(143)) - 389d5540-641f-48c2-a9df-60738dbad976: start FollowerState
2019-10-23 12:36:06,789 [279bca68-3e74-4690-81cf-da5ab79b92f7@group-AF49A4A4CA2A-LeaderElection17] INFO  impl.LeaderElection (LeaderElection.java:logAndReturn(56)) - 279bca68-3e74-4690-81cf-da5ab79b92f7@group-AF49A4A4CA2A-LeaderElection17: Election REJECTED; received 2 response(s) [279bca68-3e74-4690-81cf-da5ab79b92f7<-daebe4f8-0ad9-4eb2-8ed7-3a8051847eb6#0:FAIL-t11, 279bca68-3e74-4690-81cf-da5ab79b92f7<-389d5540-641f-48c2-a9df-60738dbad976#0:FAIL-t11] and 0 exception(s); 279bca68-3e74-4690-81cf-da5ab79b92f7@group-AF49A4A4CA2A:t11, leader=null, voted=279bca68-3e74-4690-81cf-da5ab79b92f7, raftlog=279bca68-3e74-4690-81cf-da5ab79b92f7@group-AF49A4A4CA2A-SegmentedRaftLog:OPENED:c-1,f-1,i0, conf=-1: [daebe4f8-0ad9-4eb2-8ed7-3a8051847eb6:192.168.69.118:44860, 389d5540-641f-48c2-a9df-60738dbad976:192.168.69.118:45712, 279bca68-3e74-4690-81cf-da5ab79b92f7:192.168.69.118:45510], old=null
2019-10-23 12:36:06,789 [279bca68-3e74-4690-81cf-da5ab79b92f7@group-AF49A4A4CA2A-LeaderElection17] INFO  impl.RaftServerImpl (RaftServerImpl.java:setRole(184)) - 279bca68-3e74-4690-81cf-da5ab79b92f7@group-AF49A4A4CA2A: changes role from CANDIDATE to FOLLOWER at term 11 for DISCOVERED_A_NEW_TERM
2019-10-23 12:36:06,789 [279bca68-3e74-4690-81cf-da5ab79b92f7@group-AF49A4A4CA2A-LeaderElection17] INFO  impl.RoleInfo (RoleInfo.java:shutdownLeaderElection(134)) - 279bca68-3e74-4690-81cf-da5ab79b92f7: shutdown LeaderElection
2019-10-23 12:36:06,789 [279bca68-3e74-4690-81cf-da5ab79b92f7@group-AF49A4A4CA2A-LeaderElection17] INFO  impl.RoleInfo (RoleInfo.java:updateAndGet(143)) - 279bca68-3e74-4690-81cf-da5ab79b92f7: start FollowerState
2019-10-23 12:36:06,850 [Thread-199] INFO  container.ReplicationManager (ReplicationManager.java:start(162)) - Starting Replication Monitor Thread.
2019-10-23 12:36:06,860 [ReplicationMonitor] INFO  container.ReplicationManager (ReplicationManager.java:run(225)) - Replication Monitor Thread took 7 milliseconds for processing 1 containers.
2019-10-23 12:36:06,984 [Thread-316] INFO  impl.FollowerState (FollowerState.java:run(108)) - 279bca68-3e74-4690-81cf-da5ab79b92f7@group-AF49A4A4CA2A-FollowerState: change to CANDIDATE, lastRpcTime:194ms, electionTimeout:194ms
2019-10-23 12:36:06,984 [Thread-316] INFO  impl.RoleInfo (RoleInfo.java:shutdownFollowerState(121)) - 279bca68-3e74-4690-81cf-da5ab79b92f7: shutdown FollowerState
2019-10-23 12:36:06,984 [Thread-316] INFO  impl.RaftServerImpl (RaftServerImpl.java:setRole(184)) - 279bca68-3e74-4690-81cf-da5ab79b92f7@group-AF49A4A4CA2A: changes role from  FOLLOWER to CANDIDATE at term 11 for changeToCandidate
2019-10-23 12:36:06,984 [Thread-316] INFO  impl.RoleInfo (RoleInfo.java:updateAndGet(143)) - 279bca68-3e74-4690-81cf-da5ab79b92f7: start LeaderElection
2019-10-23 12:36:07,002 [279bca68-3e74-4690-81cf-da5ab79b92f7@group-AF49A4A4CA2A-LeaderElection18] INFO  impl.LeaderElection (LeaderElection.java:askForVotes(178)) - 279bca68-3e74-4690-81cf-da5ab79b92f7@group-AF49A4A4CA2A-LeaderElection18: begin an election at term 12 for -1: [daebe4f8-0ad9-4eb2-8ed7-3a8051847eb6:192.168.69.118:44860, 389d5540-641f-48c2-a9df-60738dbad976:192.168.69.118:45712, 279bca68-3e74-4690-81cf-da5ab79b92f7:192.168.69.118:45510], old=null
2019-10-23 12:36:07,011 [grpc-default-executor-0] INFO  impl.RaftServerImpl (RaftServerImpl.java:setRole(184)) - daebe4f8-0ad9-4eb2-8ed7-3a8051847eb6@group-AF49A4A4CA2A: changes role from  FOLLOWER to FOLLOWER at term 12 for recognizeCandidate:279bca68-3e74-4690-81cf-da5ab79b92f7
2019-10-23 12:36:07,011 [grpc-default-executor-0] INFO  impl.RoleInfo (RoleInfo.java:shutdownFollowerState(121)) - daebe4f8-0ad9-4eb2-8ed7-3a8051847eb6: shutdown FollowerState
2019-10-23 12:36:07,011 [grpc-default-executor-3] INFO  impl.RaftServerImpl (RaftServerImpl.java:setRole(184)) - 389d5540-641f-48c2-a9df-60738dbad976@group-AF49A4A4CA2A: changes role from  FOLLOWER to FOLLOWER at term 12 for recognizeCandidate:279bca68-3e74-4690-81cf-da5ab79b92f7
2019-10-23 12:36:07,011 [grpc-default-executor-0] INFO  impl.RoleInfo (RoleInfo.java:updateAndGet(143)) - daebe4f8-0ad9-4eb2-8ed7-3a8051847eb6: start FollowerState
2019-10-23 12:36:07,011 [grpc-default-executor-3] INFO  impl.RoleInfo (RoleInfo.java:shutdownFollowerState(121)) - 389d5540-641f-48c2-a9df-60738dbad976: shutdown FollowerState
2019-10-23 12:36:07,011 [Thread-314] INFO  impl.FollowerState (FollowerState.java:run(117)) - daebe4f8-0ad9-4eb2-8ed7-3a8051847eb6@group-AF49A4A4CA2A-FollowerState was interrupted: java.lang.InterruptedException: sleep interrupted
2019-10-23 12:36:07,012 [grpc-default-executor-3] INFO  impl.RoleInfo (RoleInfo.java:updateAndGet(143)) - 389d5540-641f-48c2-a9df-60738dbad976: start FollowerState
2019-10-23 12:36:07,012 [Thread-315] INFO  impl.FollowerState (FollowerState.java:run(117)) - 389d5540-641f-48c2-a9df-60738dbad976@group-AF49A4A4CA2A-FollowerState was interrupted: java.lang.InterruptedException: sleep interrupted
2019-10-23 12:36:07,030 [279bca68-3e74-4690-81cf-da5ab79b92f7@group-AF49A4A4CA2A-LeaderElection18] INFO  impl.LeaderElection (LeaderElection.java:logAndReturn(56)) - 279bca68-3e74-4690-81cf-da5ab79b92f7@group-AF49A4A4CA2A-LeaderElection18: Election REJECTED; received 2 response(s) [279bca68-3e74-4690-81cf-da5ab79b92f7<-daebe4f8-0ad9-4eb2-8ed7-3a8051847eb6#0:FAIL-t12, 279bca68-3e74-4690-81cf-da5ab79b92f7<-389d5540-641f-48c2-a9df-60738dbad976#0:FAIL-t12] and 0 exception(s); 279bca68-3e74-4690-81cf-da5ab79b92f7@group-AF49A4A4CA2A:t12, leader=null, voted=279bca68-3e74-4690-81cf-da5ab79b92f7, raftlog=279bca68-3e74-4690-81cf-da5ab79b92f7@group-AF49A4A4CA2A-SegmentedRaftLog:OPENED:c-1,f-1,i0, conf=-1: [daebe4f8-0ad9-4eb2-8ed7-3a8051847eb6:192.168.69.118:44860, 389d5540-641f-48c2-a9df-60738dbad976:192.168.69.118:45712, 279bca68-3e74-4690-81cf-da5ab79b92f7:192.168.69.118:45510], old=null
2019-10-23 12:36:07,030 [279bca68-3e74-4690-81cf-da5ab79b92f7@group-AF49A4A4CA2A-LeaderElection18] INFO  impl.RaftServerImpl (RaftServerImpl.java:setRole(184)) - 279bca68-3e74-4690-81cf-da5ab79b92f7@group-AF49A4A4CA2A: changes role from CANDIDATE to FOLLOWER at term 12 for DISCOVERED_A_NEW_TERM
2019-10-23 12:36:07,030 [279bca68-3e74-4690-81cf-da5ab79b92f7@group-AF49A4A4CA2A-LeaderElection18] INFO  impl.RoleInfo (RoleInfo.java:shutdownLeaderElection(134)) - 279bca68-3e74-4690-81cf-da5ab79b92f7: shutdown LeaderElection
2019-10-23 12:36:07,030 [279bca68-3e74-4690-81cf-da5ab79b92f7@group-AF49A4A4CA2A-LeaderElection18] INFO  impl.RoleInfo (RoleInfo.java:updateAndGet(143)) - 279bca68-3e74-4690-81cf-da5ab79b92f7: start FollowerState
2019-10-23 12:36:07,062 [Thread-323] INFO  impl.FollowerState (FollowerState.java:run(108)) - 279bca68-3e74-4690-81cf-da5ab79b92f7@group-AF49A4A4CA2A-FollowerState: change to CANDIDATE, lastRpcTime:32ms, electionTimeout:32ms
2019-10-23 12:36:07,063 [Thread-323] INFO  impl.RoleInfo (RoleInfo.java:shutdownFollowerState(121)) - 279bca68-3e74-4690-81cf-da5ab79b92f7: shutdown FollowerState
2019-10-23 12:36:07,063 [Thread-323] INFO  impl.RaftServerImpl (RaftServerImpl.java:setRole(184)) - 279bca68-3e74-4690-81cf-da5ab79b92f7@group-AF49A4A4CA2A: changes role from  FOLLOWER to CANDIDATE at term 12 for changeToCandidate
2019-10-23 12:36:07,063 [Thread-323] INFO  impl.RoleInfo (RoleInfo.java:updateAndGet(143)) - 279bca68-3e74-4690-81cf-da5ab79b92f7: start LeaderElection
2019-10-23 12:36:07,086 [279bca68-3e74-4690-81cf-da5ab79b92f7@group-AF49A4A4CA2A-LeaderElection19] INFO  impl.LeaderElection (LeaderElection.java:askForVotes(178)) - 279bca68-3e74-4690-81cf-da5ab79b92f7@group-AF49A4A4CA2A-LeaderElection19: begin an election at term 13 for -1: [daebe4f8-0ad9-4eb2-8ed7-3a8051847eb6:192.168.69.118:44860, 389d5540-641f-48c2-a9df-60738dbad976:192.168.69.118:45712, 279bca68-3e74-4690-81cf-da5ab79b92f7:192.168.69.118:45510], old=null
2019-10-23 12:36:07,090 [grpc-default-executor-0] INFO  impl.RaftServerImpl (RaftServerImpl.java:setRole(184)) - 389d5540-641f-48c2-a9df-60738dbad976@group-AF49A4A4CA2A: changes role from  FOLLOWER to FOLLOWER at term 13 for recognizeCandidate:279bca68-3e74-4690-81cf-da5ab79b92f7
2019-10-23 12:36:07,090 [grpc-default-executor-0] INFO  impl.RoleInfo (RoleInfo.java:shutdownFollowerState(121)) - 389d5540-641f-48c2-a9df-60738dbad976: shutdown FollowerState
2019-10-23 12:36:07,090 [Thread-322] INFO  impl.FollowerState (FollowerState.java:run(117)) - 389d5540-641f-48c2-a9df-60738dbad976@group-AF49A4A4CA2A-FollowerState was interrupted: java.lang.InterruptedException: sleep interrupted
2019-10-23 12:36:07,090 [grpc-default-executor-0] INFO  impl.RoleInfo (RoleInfo.java:updateAndGet(143)) - 389d5540-641f-48c2-a9df-60738dbad976: start FollowerState
2019-10-23 12:36:07,092 [grpc-default-executor-3] INFO  impl.RaftServerImpl (RaftServerImpl.java:setRole(184)) - daebe4f8-0ad9-4eb2-8ed7-3a8051847eb6@group-AF49A4A4CA2A: changes role from  FOLLOWER to FOLLOWER at term 13 for recognizeCandidate:279bca68-3e74-4690-81cf-da5ab79b92f7
2019-10-23 12:36:07,092 [grpc-default-executor-3] INFO  impl.RoleInfo (RoleInfo.java:shutdownFollowerState(121)) - daebe4f8-0ad9-4eb2-8ed7-3a8051847eb6: shutdown FollowerState
2019-10-23 12:36:07,092 [Thread-321] INFO  impl.FollowerState (FollowerState.java:run(117)) - daebe4f8-0ad9-4eb2-8ed7-3a8051847eb6@group-AF49A4A4CA2A-FollowerState was interrupted: java.lang.InterruptedException: sleep interrupted
2019-10-23 12:36:07,092 [grpc-default-executor-3] INFO  impl.RoleInfo (RoleInfo.java:updateAndGet(143)) - daebe4f8-0ad9-4eb2-8ed7-3a8051847eb6: start FollowerState
2019-10-23 12:36:07,109 [279bca68-3e74-4690-81cf-da5ab79b92f7@group-AF49A4A4CA2A-LeaderElection19] INFO  impl.LeaderElection (LeaderElection.java:logAndReturn(56)) - 279bca68-3e74-4690-81cf-da5ab79b92f7@group-AF49A4A4CA2A-LeaderElection19: Election REJECTED; received 2 response(s) [279bca68-3e74-4690-81cf-da5ab79b92f7<-daebe4f8-0ad9-4eb2-8ed7-3a8051847eb6#0:FAIL-t13, 279bca68-3e74-4690-81cf-da5ab79b92f7<-389d5540-641f-48c2-a9df-60738dbad976#0:FAIL-t13] and 0 exception(s); 279bca68-3e74-4690-81cf-da5ab79b92f7@group-AF49A4A4CA2A:t13, leader=null, voted=279bca68-3e74-4690-81cf-da5ab79b92f7, raftlog=279bca68-3e74-4690-81cf-da5ab79b92f7@group-AF49A4A4CA2A-SegmentedRaftLog:OPENED:c-1,f-1,i0, conf=-1: [daebe4f8-0ad9-4eb2-8ed7-3a8051847eb6:192.168.69.118:44860, 389d5540-641f-48c2-a9df-60738dbad976:192.168.69.118:45712, 279bca68-3e74-4690-81cf-da5ab79b92f7:192.168.69.118:45510], old=null
2019-10-23 12:36:07,109 [279bca68-3e74-4690-81cf-da5ab79b92f7@group-AF49A4A4CA2A-LeaderElection19] INFO  impl.RaftServerImpl (RaftServerImpl.java:setRole(184)) - 279bca68-3e74-4690-81cf-da5ab79b92f7@group-AF49A4A4CA2A: changes role from CANDIDATE to FOLLOWER at term 13 for DISCOVERED_A_NEW_TERM
2019-10-23 12:36:07,109 [279bca68-3e74-4690-81cf-da5ab79b92f7@group-AF49A4A4CA2A-LeaderElection19] INFO  impl.RoleInfo (RoleInfo.java:shutdownLeaderElection(134)) - 279bca68-3e74-4690-81cf-da5ab79b92f7: shutdown LeaderElection
2019-10-23 12:36:07,109 [279bca68-3e74-4690-81cf-da5ab79b92f7@group-AF49A4A4CA2A-LeaderElection19] INFO  impl.RoleInfo (RoleInfo.java:updateAndGet(143)) - 279bca68-3e74-4690-81cf-da5ab79b92f7: start FollowerState
2019-10-23 12:36:07,115 [Thread-329] INFO  impl.FollowerState (FollowerState.java:run(108)) - 279bca68-3e74-4690-81cf-da5ab79b92f7@group-AF49A4A4CA2A-FollowerState: change to CANDIDATE, lastRpcTime:5ms, electionTimeout:5ms
2019-10-23 12:36:07,116 [Thread-329] INFO  impl.RoleInfo (RoleInfo.java:shutdownFollowerState(121)) - 279bca68-3e74-4690-81cf-da5ab79b92f7: shutdown FollowerState
2019-10-23 12:36:07,116 [Thread-329] INFO  impl.RaftServerImpl (RaftServerImpl.java:setRole(184)) - 279bca68-3e74-4690-81cf-da5ab79b92f7@group-AF49A4A4CA2A: changes role from  FOLLOWER to CANDIDATE at term 13 for changeToCandidate
2019-10-23 12:36:07,117 [Thread-329] INFO  impl.RoleInfo (RoleInfo.java:updateAndGet(143)) - 279bca68-3e74-4690-81cf-da5ab79b92f7: start LeaderElection
2019-10-23 12:36:07,132 [279bca68-3e74-4690-81cf-da5ab79b92f7@group-AF49A4A4CA2A-LeaderElection20] INFO  impl.LeaderElection (LeaderElection.java:askForVotes(178)) - 279bca68-3e74-4690-81cf-da5ab79b92f7@group-AF49A4A4CA2A-LeaderElection20: begin an election at term 14 for -1: [daebe4f8-0ad9-4eb2-8ed7-3a8051847eb6:192.168.69.118:44860, 389d5540-641f-48c2-a9df-60738dbad976:192.168.69.118:45712, 279bca68-3e74-4690-81cf-da5ab79b92f7:192.168.69.118:45510], old=null
2019-10-23 12:36:07,134 [grpc-default-executor-0] INFO  impl.RaftServerImpl (RaftServerImpl.java:setRole(184)) - daebe4f8-0ad9-4eb2-8ed7-3a8051847eb6@group-AF49A4A4CA2A: changes role from  FOLLOWER to FOLLOWER at term 14 for recognizeCandidate:279bca68-3e74-4690-81cf-da5ab79b92f7
2019-10-23 12:36:07,134 [grpc-default-executor-0] INFO  impl.RoleInfo (RoleInfo.java:shutdownFollowerState(121)) - daebe4f8-0ad9-4eb2-8ed7-3a8051847eb6: shutdown FollowerState
2019-10-23 12:36:07,135 [Thread-328] INFO  impl.FollowerState (FollowerState.java:run(117)) - daebe4f8-0ad9-4eb2-8ed7-3a8051847eb6@group-AF49A4A4CA2A-FollowerState was interrupted: java.lang.InterruptedException: sleep interrupted
2019-10-23 12:36:07,135 [grpc-default-executor-0] INFO  impl.RoleInfo (RoleInfo.java:updateAndGet(143)) - daebe4f8-0ad9-4eb2-8ed7-3a8051847eb6: start FollowerState
2019-10-23 12:36:07,135 [grpc-default-executor-3] INFO  impl.RaftServerImpl (RaftServerImpl.java:setRole(184)) - 389d5540-641f-48c2-a9df-60738dbad976@group-AF49A4A4CA2A: changes role from  FOLLOWER to FOLLOWER at term 14 for recognizeCandidate:279bca68-3e74-4690-81cf-da5ab79b92f7
2019-10-23 12:36:07,140 [grpc-default-executor-3] INFO  impl.RoleInfo (RoleInfo.java:shutdownFollowerState(121)) - 389d5540-641f-48c2-a9df-60738dbad976: shutdown FollowerState
2019-10-23 12:36:07,140 [Thread-327] INFO  impl.FollowerState (FollowerState.java:run(117)) - 389d5540-641f-48c2-a9df-60738dbad976@group-AF49A4A4CA2A-FollowerState was interrupted: java.lang.InterruptedException: sleep interrupted
2019-10-23 12:36:07,140 [grpc-default-executor-3] INFO  impl.RoleInfo (RoleInfo.java:updateAndGet(143)) - 389d5540-641f-48c2-a9df-60738dbad976: start FollowerState
2019-10-23 12:36:07,155 [279bca68-3e74-4690-81cf-da5ab79b92f7@group-AF49A4A4CA2A-LeaderElection20] INFO  impl.LeaderElection (LeaderElection.java:logAndReturn(56)) - 279bca68-3e74-4690-81cf-da5ab79b92f7@group-AF49A4A4CA2A-LeaderElection20: Election REJECTED; received 2 response(s) [279bca68-3e74-4690-81cf-da5ab79b92f7<-daebe4f8-0ad9-4eb2-8ed7-3a8051847eb6#0:FAIL-t14, 279bca68-3e74-4690-81cf-da5ab79b92f7<-389d5540-641f-48c2-a9df-60738dbad976#0:FAIL-t14] and 0 exception(s); 279bca68-3e74-4690-81cf-da5ab79b92f7@group-AF49A4A4CA2A:t14, leader=null, voted=279bca68-3e74-4690-81cf-da5ab79b92f7, raftlog=279bca68-3e74-4690-81cf-da5ab79b92f7@group-AF49A4A4CA2A-SegmentedRaftLog:OPENED:c-1,f-1,i0, conf=-1: [daebe4f8-0ad9-4eb2-8ed7-3a8051847eb6:192.168.69.118:44860, 389d5540-641f-48c2-a9df-60738dbad976:192.168.69.118:45712, 279bca68-3e74-4690-81cf-da5ab79b92f7:192.168.69.118:45510], old=null
2019-10-23 12:36:07,155 [279bca68-3e74-4690-81cf-da5ab79b92f7@group-AF49A4A4CA2A-LeaderElection20] INFO  impl.RaftServerImpl (RaftServerImpl.java:setRole(184)) - 279bca68-3e74-4690-81cf-da5ab79b92f7@group-AF49A4A4CA2A: changes role from CANDIDATE to FOLLOWER at term 14 for DISCOVERED_A_NEW_TERM
2019-10-23 12:36:07,155 [279bca68-3e74-4690-81cf-da5ab79b92f7@group-AF49A4A4CA2A-LeaderElection20] INFO  impl.RoleInfo (RoleInfo.java:shutdownLeaderElection(134)) - 279bca68-3e74-4690-81cf-da5ab79b92f7: shutdown LeaderElection
2019-10-23 12:36:07,156 [279bca68-3e74-4690-81cf-da5ab79b92f7@group-AF49A4A4CA2A-LeaderElection20] INFO  impl.RoleInfo (RoleInfo.java:updateAndGet(143)) - 279bca68-3e74-4690-81cf-da5ab79b92f7: start FollowerState
2019-10-23 12:36:07,211 [Thread-335] INFO  impl.FollowerState (FollowerState.java:run(108)) - 279bca68-3e74-4690-81cf-da5ab79b92f7@group-AF49A4A4CA2A-FollowerState: change to CANDIDATE, lastRpcTime:55ms, electionTimeout:55ms
2019-10-23 12:36:07,213 [Thread-335] INFO  impl.RoleInfo (RoleInfo.java:shutdownFollowerState(121)) - 279bca68-3e74-4690-81cf-da5ab79b92f7: shutdown FollowerState
2019-10-23 12:36:07,213 [Thread-335] INFO  impl.RaftServerImpl (RaftServerImpl.java:setRole(184)) - 279bca68-3e74-4690-81cf-da5ab79b92f7@group-AF49A4A4CA2A: changes role from  FOLLOWER to CANDIDATE at term 14 for changeToCandidate
2019-10-23 12:36:07,213 [Thread-335] INFO  impl.RoleInfo (RoleInfo.java:updateAndGet(143)) - 279bca68-3e74-4690-81cf-da5ab79b92f7: start LeaderElection
2019-10-23 12:36:07,227 [279bca68-3e74-4690-81cf-da5ab79b92f7@group-AF49A4A4CA2A-LeaderElection21] INFO  impl.LeaderElection (LeaderElection.java:askForVotes(178)) - 279bca68-3e74-4690-81cf-da5ab79b92f7@group-AF49A4A4CA2A-LeaderElection21: begin an election at term 15 for -1: [daebe4f8-0ad9-4eb2-8ed7-3a8051847eb6:192.168.69.118:44860, 389d5540-641f-48c2-a9df-60738dbad976:192.168.69.118:45712, 279bca68-3e74-4690-81cf-da5ab79b92f7:192.168.69.118:45510], old=null
2019-10-23 12:36:07,230 [grpc-default-executor-0] INFO  impl.RaftServerImpl (RaftServerImpl.java:setRole(184)) - 389d5540-641f-48c2-a9df-60738dbad976@group-AF49A4A4CA2A: changes role from  FOLLOWER to FOLLOWER at term 15 for recognizeCandidate:279bca68-3e74-4690-81cf-da5ab79b92f7
2019-10-23 12:36:07,230 [grpc-default-executor-0] INFO  impl.RoleInfo (RoleInfo.java:shutdownFollowerState(121)) - 389d5540-641f-48c2-a9df-60738dbad976: shutdown FollowerState
2019-10-23 12:36:07,231 [grpc-default-executor-3] INFO  impl.RaftServerImpl (RaftServerImpl.java:setRole(184)) - daebe4f8-0ad9-4eb2-8ed7-3a8051847eb6@group-AF49A4A4CA2A: changes role from  FOLLOWER to FOLLOWER at term 15 for recognizeCandidate:279bca68-3e74-4690-81cf-da5ab79b92f7
2019-10-23 12:36:07,231 [grpc-default-executor-0] INFO  impl.RoleInfo (RoleInfo.java:updateAndGet(143)) - 389d5540-641f-48c2-a9df-60738dbad976: start FollowerState
2019-10-23 12:36:07,231 [Thread-334] INFO  impl.FollowerState (FollowerState.java:run(117)) - 389d5540-641f-48c2-a9df-60738dbad976@group-AF49A4A4CA2A-FollowerState was interrupted: java.lang.InterruptedException: sleep interrupted
2019-10-23 12:36:07,231 [grpc-default-executor-3] INFO  impl.RoleInfo (RoleInfo.java:shutdownFollowerState(121)) - daebe4f8-0ad9-4eb2-8ed7-3a8051847eb6: shutdown FollowerState
2019-10-23 12:36:07,231 [Thread-333] INFO  impl.FollowerState (FollowerState.java:run(117)) - daebe4f8-0ad9-4eb2-8ed7-3a8051847eb6@group-AF49A4A4CA2A-FollowerState was interrupted: java.lang.InterruptedException: sleep interrupted
2019-10-23 12:36:07,231 [grpc-default-executor-3] INFO  impl.RoleInfo (RoleInfo.java:updateAndGet(143)) - daebe4f8-0ad9-4eb2-8ed7-3a8051847eb6: start FollowerState
2019-10-23 12:36:07,254 [279bca68-3e74-4690-81cf-da5ab79b92f7@group-AF49A4A4CA2A-LeaderElection21] INFO  impl.LeaderElection (LeaderElection.java:logAndReturn(56)) - 279bca68-3e74-4690-81cf-da5ab79b92f7@group-AF49A4A4CA2A-LeaderElection21: Election REJECTED; received 2 response(s) [279bca68-3e74-4690-81cf-da5ab79b92f7<-daebe4f8-0ad9-4eb2-8ed7-3a8051847eb6#0:FAIL-t15, 279bca68-3e74-4690-81cf-da5ab79b92f7<-389d5540-641f-48c2-a9df-60738dbad976#0:FAIL-t15] and 0 exception(s); 279bca68-3e74-4690-81cf-da5ab79b92f7@group-AF49A4A4CA2A:t15, leader=null, voted=279bca68-3e74-4690-81cf-da5ab79b92f7, raftlog=279bca68-3e74-4690-81cf-da5ab79b92f7@group-AF49A4A4CA2A-SegmentedRaftLog:OPENED:c-1,f-1,i0, conf=-1: [daebe4f8-0ad9-4eb2-8ed7-3a8051847eb6:192.168.69.118:44860, 389d5540-641f-48c2-a9df-60738dbad976:192.168.69.118:45712, 279bca68-3e74-4690-81cf-da5ab79b92f7:192.168.69.118:45510], old=null
2019-10-23 12:36:07,254 [279bca68-3e74-4690-81cf-da5ab79b92f7@group-AF49A4A4CA2A-LeaderElection21] INFO  impl.RaftServerImpl (RaftServerImpl.java:setRole(184)) - 279bca68-3e74-4690-81cf-da5ab79b92f7@group-AF49A4A4CA2A: changes role from CANDIDATE to FOLLOWER at term 15 for DISCOVERED_A_NEW_TERM
2019-10-23 12:36:07,254 [279bca68-3e74-4690-81cf-da5ab79b92f7@group-AF49A4A4CA2A-LeaderElection21] INFO  impl.RoleInfo (RoleInfo.java:shutdownLeaderElection(134)) - 279bca68-3e74-4690-81cf-da5ab79b92f7: shutdown LeaderElection
2019-10-23 12:36:07,255 [279bca68-3e74-4690-81cf-da5ab79b92f7@group-AF49A4A4CA2A-LeaderElection21] INFO  impl.RoleInfo (RoleInfo.java:updateAndGet(143)) - 279bca68-3e74-4690-81cf-da5ab79b92f7: start FollowerState
2019-10-23 12:36:07,393 [Thread-341] INFO  impl.FollowerState (FollowerState.java:run(108)) - 279bca68-3e74-4690-81cf-da5ab79b92f7@group-AF49A4A4CA2A-FollowerState: change to CANDIDATE, lastRpcTime:138ms, electionTimeout:138ms
2019-10-23 12:36:07,395 [Thread-341] INFO  impl.RoleInfo (RoleInfo.java:shutdownFollowerState(121)) - 279bca68-3e74-4690-81cf-da5ab79b92f7: shutdown FollowerState
2019-10-23 12:36:07,395 [Thread-341] INFO  impl.RaftServerImpl (RaftServerImpl.java:setRole(184)) - 279bca68-3e74-4690-81cf-da5ab79b92f7@group-AF49A4A4CA2A: changes role from  FOLLOWER to CANDIDATE at term 15 for changeToCandidate
2019-10-23 12:36:07,395 [Thread-341] INFO  impl.RoleInfo (RoleInfo.java:updateAndGet(143)) - 279bca68-3e74-4690-81cf-da5ab79b92f7: start LeaderElection
2019-10-23 12:36:07,409 [279bca68-3e74-4690-81cf-da5ab79b92f7@group-AF49A4A4CA2A-LeaderElection22] INFO  impl.LeaderElection (LeaderElection.java:askForVotes(178)) - 279bca68-3e74-4690-81cf-da5ab79b92f7@group-AF49A4A4CA2A-LeaderElection22: begin an election at term 16 for -1: [daebe4f8-0ad9-4eb2-8ed7-3a8051847eb6:192.168.69.118:44860, 389d5540-641f-48c2-a9df-60738dbad976:192.168.69.118:45712, 279bca68-3e74-4690-81cf-da5ab79b92f7:192.168.69.118:45510], old=null
2019-10-23 12:36:07,413 [grpc-default-executor-0] INFO  impl.RaftServerImpl (RaftServerImpl.java:setRole(184)) - daebe4f8-0ad9-4eb2-8ed7-3a8051847eb6@group-AF49A4A4CA2A: changes role from  FOLLOWER to FOLLOWER at term 16 for recognizeCandidate:279bca68-3e74-4690-81cf-da5ab79b92f7
2019-10-23 12:36:07,414 [grpc-default-executor-0] INFO  impl.RoleInfo (RoleInfo.java:shutdownFollowerState(121)) - daebe4f8-0ad9-4eb2-8ed7-3a8051847eb6: shutdown FollowerState
2019-10-23 12:36:07,414 [grpc-default-executor-3] INFO  impl.RaftServerImpl (RaftServerImpl.java:setRole(184)) - 389d5540-641f-48c2-a9df-60738dbad976@group-AF49A4A4CA2A: changes role from  FOLLOWER to FOLLOWER at term 16 for recognizeCandidate:279bca68-3e74-4690-81cf-da5ab79b92f7
2019-10-23 12:36:07,414 [grpc-default-executor-0] INFO  impl.RoleInfo (RoleInfo.java:updateAndGet(143)) - daebe4f8-0ad9-4eb2-8ed7-3a8051847eb6: start FollowerState
2019-10-23 12:36:07,414 [Thread-340] INFO  impl.FollowerState (FollowerState.java:run(117)) - daebe4f8-0ad9-4eb2-8ed7-3a8051847eb6@group-AF49A4A4CA2A-FollowerState was interrupted: java.lang.InterruptedException: sleep interrupted
2019-10-23 12:36:07,414 [grpc-default-executor-3] INFO  impl.RoleInfo (RoleInfo.java:shutdownFollowerState(121)) - 389d5540-641f-48c2-a9df-60738dbad976: shutdown FollowerState
2019-10-23 12:36:07,414 [Thread-339] INFO  impl.FollowerState (FollowerState.java:run(117)) - 389d5540-641f-48c2-a9df-60738dbad976@group-AF49A4A4CA2A-FollowerState was interrupted: java.lang.InterruptedException: sleep interrupted
2019-10-23 12:36:07,414 [grpc-default-executor-3] INFO  impl.RoleInfo (RoleInfo.java:updateAndGet(143)) - 389d5540-641f-48c2-a9df-60738dbad976: start FollowerState
2019-10-23 12:36:07,431 [279bca68-3e74-4690-81cf-da5ab79b92f7@group-AF49A4A4CA2A-LeaderElection22] INFO  impl.LeaderElection (LeaderElection.java:logAndReturn(56)) - 279bca68-3e74-4690-81cf-da5ab79b92f7@group-AF49A4A4CA2A-LeaderElection22: Election REJECTED; received 2 response(s) [279bca68-3e74-4690-81cf-da5ab79b92f7<-daebe4f8-0ad9-4eb2-8ed7-3a8051847eb6#0:FAIL-t16, 279bca68-3e74-4690-81cf-da5ab79b92f7<-389d5540-641f-48c2-a9df-60738dbad976#0:FAIL-t16] and 0 exception(s); 279bca68-3e74-4690-81cf-da5ab79b92f7@group-AF49A4A4CA2A:t16, leader=null, voted=279bca68-3e74-4690-81cf-da5ab79b92f7, raftlog=279bca68-3e74-4690-81cf-da5ab79b92f7@group-AF49A4A4CA2A-SegmentedRaftLog:OPENED:c-1,f-1,i0, conf=-1: [daebe4f8-0ad9-4eb2-8ed7-3a8051847eb6:192.168.69.118:44860, 389d5540-641f-48c2-a9df-60738dbad976:192.168.69.118:45712, 279bca68-3e74-4690-81cf-da5ab79b92f7:192.168.69.118:45510], old=null
2019-10-23 12:36:07,431 [279bca68-3e74-4690-81cf-da5ab79b92f7@group-AF49A4A4CA2A-LeaderElection22] INFO  impl.RaftServerImpl (RaftServerImpl.java:setRole(184)) - 279bca68-3e74-4690-81cf-da5ab79b92f7@group-AF49A4A4CA2A: changes role from CANDIDATE to FOLLOWER at term 16 for DISCOVERED_A_NEW_TERM
2019-10-23 12:36:07,431 [279bca68-3e74-4690-81cf-da5ab79b92f7@group-AF49A4A4CA2A-LeaderElection22] INFO  impl.RoleInfo (RoleInfo.java:shutdownLeaderElection(134)) - 279bca68-3e74-4690-81cf-da5ab79b92f7: shutdown LeaderElection
2019-10-23 12:36:07,431 [279bca68-3e74-4690-81cf-da5ab79b92f7@group-AF49A4A4CA2A-LeaderElection22] INFO  impl.RoleInfo (RoleInfo.java:updateAndGet(143)) - 279bca68-3e74-4690-81cf-da5ab79b92f7: start FollowerState
2019-10-23 12:36:07,457 [Thread-347] INFO  impl.FollowerState (FollowerState.java:run(108)) - 279bca68-3e74-4690-81cf-da5ab79b92f7@group-AF49A4A4CA2A-FollowerState: change to CANDIDATE, lastRpcTime:26ms, electionTimeout:26ms
2019-10-23 12:36:07,459 [Thread-347] INFO  impl.RoleInfo (RoleInfo.java:shutdownFollowerState(121)) - 279bca68-3e74-4690-81cf-da5ab79b92f7: shutdown FollowerState
2019-10-23 12:36:07,459 [Thread-347] INFO  impl.RaftServerImpl (RaftServerImpl.java:setRole(184)) - 279bca68-3e74-4690-81cf-da5ab79b92f7@group-AF49A4A4CA2A: changes role from  FOLLOWER to CANDIDATE at term 16 for changeToCandidate
2019-10-23 12:36:07,459 [Thread-347] INFO  impl.RoleInfo (RoleInfo.java:updateAndGet(143)) - 279bca68-3e74-4690-81cf-da5ab79b92f7: start LeaderElection
2019-10-23 12:36:07,473 [279bca68-3e74-4690-81cf-da5ab79b92f7@group-AF49A4A4CA2A-LeaderElection23] INFO  impl.LeaderElection (LeaderElection.java:askForVotes(178)) - 279bca68-3e74-4690-81cf-da5ab79b92f7@group-AF49A4A4CA2A-LeaderElection23: begin an election at term 17 for -1: [daebe4f8-0ad9-4eb2-8ed7-3a8051847eb6:192.168.69.118:44860, 389d5540-641f-48c2-a9df-60738dbad976:192.168.69.118:45712, 279bca68-3e74-4690-81cf-da5ab79b92f7:192.168.69.118:45510], old=null
2019-10-23 12:36:07,476 [grpc-default-executor-0] INFO  impl.RaftServerImpl (RaftServerImpl.java:setRole(184)) - 389d5540-641f-48c2-a9df-60738dbad976@group-AF49A4A4CA2A: changes role from  FOLLOWER to FOLLOWER at term 17 for recognizeCandidate:279bca68-3e74-4690-81cf-da5ab79b92f7
2019-10-23 12:36:07,476 [grpc-default-executor-0] INFO  impl.RoleInfo (RoleInfo.java:shutdownFollowerState(121)) - 389d5540-641f-48c2-a9df-60738dbad976: shutdown FollowerState
2019-10-23 12:36:07,476 [grpc-default-executor-0] INFO  impl.RoleInfo (RoleInfo.java:updateAndGet(143)) - 389d5540-641f-48c2-a9df-60738dbad976: start FollowerState
2019-10-23 12:36:07,476 [Thread-346] INFO  impl.FollowerState (FollowerState.java:run(117)) - 389d5540-641f-48c2-a9df-60738dbad976@group-AF49A4A4CA2A-FollowerState was interrupted: java.lang.InterruptedException: sleep interrupted
2019-10-23 12:36:07,476 [grpc-default-executor-3] INFO  impl.RaftServerImpl (RaftServerImpl.java:setRole(184)) - daebe4f8-0ad9-4eb2-8ed7-3a8051847eb6@group-AF49A4A4CA2A: changes role from  FOLLOWER to FOLLOWER at term 17 for recognizeCandidate:279bca68-3e74-4690-81cf-da5ab79b92f7
2019-10-23 12:36:07,476 [grpc-default-executor-3] INFO  impl.RoleInfo (RoleInfo.java:shutdownFollowerState(121)) - daebe4f8-0ad9-4eb2-8ed7-3a8051847eb6: shutdown FollowerState
2019-10-23 12:36:07,476 [grpc-default-executor-3] INFO  impl.RoleInfo (RoleInfo.java:updateAndGet(143)) - daebe4f8-0ad9-4eb2-8ed7-3a8051847eb6: start FollowerState
2019-10-23 12:36:07,476 [Thread-345] INFO  impl.FollowerState (FollowerState.java:run(117)) - daebe4f8-0ad9-4eb2-8ed7-3a8051847eb6@group-AF49A4A4CA2A-FollowerState was interrupted: java.lang.InterruptedException: sleep interrupted
2019-10-23 12:36:07,491 [279bca68-3e74-4690-81cf-da5ab79b92f7@group-AF49A4A4CA2A-LeaderElection23] INFO  impl.LeaderElection (LeaderElection.java:logAndReturn(56)) - 279bca68-3e74-4690-81cf-da5ab79b92f7@group-AF49A4A4CA2A-LeaderElection23: Election REJECTED; received 2 response(s) [279bca68-3e74-4690-81cf-da5ab79b92f7<-daebe4f8-0ad9-4eb2-8ed7-3a8051847eb6#0:FAIL-t17, 279bca68-3e74-4690-81cf-da5ab79b92f7<-389d5540-641f-48c2-a9df-60738dbad976#0:FAIL-t17] and 0 exception(s); 279bca68-3e74-4690-81cf-da5ab79b92f7@group-AF49A4A4CA2A:t17, leader=null, voted=279bca68-3e74-4690-81cf-da5ab79b92f7, raftlog=279bca68-3e74-4690-81cf-da5ab79b92f7@group-AF49A4A4CA2A-SegmentedRaftLog:OPENED:c-1,f-1,i0, conf=-1: [daebe4f8-0ad9-4eb2-8ed7-3a8051847eb6:192.168.69.118:44860, 389d5540-641f-48c2-a9df-60738dbad976:192.168.69.118:45712, 279bca68-3e74-4690-81cf-da5ab79b92f7:192.168.69.118:45510], old=null
2019-10-23 12:36:07,491 [279bca68-3e74-4690-81cf-da5ab79b92f7@group-AF49A4A4CA2A-LeaderElection23] INFO  impl.RaftServerImpl (RaftServerImpl.java:setRole(184)) - 279bca68-3e74-4690-81cf-da5ab79b92f7@group-AF49A4A4CA2A: changes role from CANDIDATE to FOLLOWER at term 17 for DISCOVERED_A_NEW_TERM
2019-10-23 12:36:07,491 [279bca68-3e74-4690-81cf-da5ab79b92f7@group-AF49A4A4CA2A-LeaderElection23] INFO  impl.RoleInfo (RoleInfo.java:shutdownLeaderElection(134)) - 279bca68-3e74-4690-81cf-da5ab79b92f7: shutdown LeaderElection
2019-10-23 12:36:07,492 [279bca68-3e74-4690-81cf-da5ab79b92f7@group-AF49A4A4CA2A-LeaderElection23] INFO  impl.RoleInfo (RoleInfo.java:updateAndGet(143)) - 279bca68-3e74-4690-81cf-da5ab79b92f7: start FollowerState
2019-10-23 12:36:07,517 [Thread-353] INFO  impl.FollowerState (FollowerState.java:run(108)) - 279bca68-3e74-4690-81cf-da5ab79b92f7@group-AF49A4A4CA2A-FollowerState: change to CANDIDATE, lastRpcTime:25ms, electionTimeout:25ms
2019-10-23 12:36:07,521 [Thread-353] INFO  impl.RoleInfo (RoleInfo.java:shutdownFollowerState(121)) - 279bca68-3e74-4690-81cf-da5ab79b92f7: shutdown FollowerState
2019-10-23 12:36:07,521 [Thread-353] INFO  impl.RaftServerImpl (RaftServerImpl.java:setRole(184)) - 279bca68-3e74-4690-81cf-da5ab79b92f7@group-AF49A4A4CA2A: changes role from  FOLLOWER to CANDIDATE at term 17 for changeToCandidate
2019-10-23 12:36:07,521 [Thread-353] INFO  impl.RoleInfo (RoleInfo.java:updateAndGet(143)) - 279bca68-3e74-4690-81cf-da5ab79b92f7: start LeaderElection
2019-10-23 12:36:07,536 [279bca68-3e74-4690-81cf-da5ab79b92f7@group-AF49A4A4CA2A-LeaderElection24] INFO  impl.LeaderElection (LeaderElection.java:askForVotes(178)) - 279bca68-3e74-4690-81cf-da5ab79b92f7@group-AF49A4A4CA2A-LeaderElection24: begin an election at term 18 for -1: [daebe4f8-0ad9-4eb2-8ed7-3a8051847eb6:192.168.69.118:44860, 389d5540-641f-48c2-a9df-60738dbad976:192.168.69.118:45712, 279bca68-3e74-4690-81cf-da5ab79b92f7:192.168.69.118:45510], old=null
2019-10-23 12:36:07,539 [grpc-default-executor-0] INFO  impl.RaftServerImpl (RaftServerImpl.java:setRole(184)) - daebe4f8-0ad9-4eb2-8ed7-3a8051847eb6@group-AF49A4A4CA2A: changes role from  FOLLOWER to FOLLOWER at term 18 for recognizeCandidate:279bca68-3e74-4690-81cf-da5ab79b92f7
2019-10-23 12:36:07,539 [grpc-default-executor-0] INFO  impl.RoleInfo (RoleInfo.java:shutdownFollowerState(121)) - daebe4f8-0ad9-4eb2-8ed7-3a8051847eb6: shutdown FollowerState
2019-10-23 12:36:07,539 [grpc-default-executor-3] INFO  impl.RaftServerImpl (RaftServerImpl.java:setRole(184)) - 389d5540-641f-48c2-a9df-60738dbad976@group-AF49A4A4CA2A: changes role from  FOLLOWER to FOLLOWER at term 18 for recognizeCandidate:279bca68-3e74-4690-81cf-da5ab79b92f7
2019-10-23 12:36:07,539 [grpc-default-executor-0] INFO  impl.RoleInfo (RoleInfo.java:updateAndGet(143)) - daebe4f8-0ad9-4eb2-8ed7-3a8051847eb6: start FollowerState
2019-10-23 12:36:07,539 [Thread-352] INFO  impl.FollowerState (FollowerState.java:run(117)) - daebe4f8-0ad9-4eb2-8ed7-3a8051847eb6@group-AF49A4A4CA2A-FollowerState was interrupted: java.lang.InterruptedException: sleep interrupted
2019-10-23 12:36:07,540 [grpc-default-executor-3] INFO  impl.RoleInfo (RoleInfo.java:shutdownFollowerState(121)) - 389d5540-641f-48c2-a9df-60738dbad976: shutdown FollowerState
2019-10-23 12:36:07,540 [Thread-351] INFO  impl.FollowerState (FollowerState.java:run(117)) - 389d5540-641f-48c2-a9df-60738dbad976@group-AF49A4A4CA2A-FollowerState was interrupted: java.lang.InterruptedException: sleep interrupted
2019-10-23 12:36:07,540 [grpc-default-executor-3] INFO  impl.RoleInfo (RoleInfo.java:updateAndGet(143)) - 389d5540-641f-48c2-a9df-60738dbad976: start FollowerState
2019-10-23 12:36:07,554 [279bca68-3e74-4690-81cf-da5ab79b92f7@group-AF49A4A4CA2A-LeaderElection24] INFO  impl.LeaderElection (LeaderElection.java:logAndReturn(56)) - 279bca68-3e74-4690-81cf-da5ab79b92f7@group-AF49A4A4CA2A-LeaderElection24: Election REJECTED; received 2 response(s) [279bca68-3e74-4690-81cf-da5ab79b92f7<-daebe4f8-0ad9-4eb2-8ed7-3a8051847eb6#0:FAIL-t18, 279bca68-3e74-4690-81cf-da5ab79b92f7<-389d5540-641f-48c2-a9df-60738dbad976#0:FAIL-t18] and 0 exception(s); 279bca68-3e74-4690-81cf-da5ab79b92f7@group-AF49A4A4CA2A:t18, leader=null, voted=279bca68-3e74-4690-81cf-da5ab79b92f7, raftlog=279bca68-3e74-4690-81cf-da5ab79b92f7@group-AF49A4A4CA2A-SegmentedRaftLog:OPENED:c-1,f-1,i0, conf=-1: [daebe4f8-0ad9-4eb2-8ed7-3a8051847eb6:192.168.69.118:44860, 389d5540-641f-48c2-a9df-60738dbad976:192.168.69.118:45712, 279bca68-3e74-4690-81cf-da5ab79b92f7:192.168.69.118:45510], old=null
2019-10-23 12:36:07,555 [279bca68-3e74-4690-81cf-da5ab79b92f7@group-AF49A4A4CA2A-LeaderElection24] INFO  impl.RaftServerImpl (RaftServerImpl.java:setRole(184)) - 279bca68-3e74-4690-81cf-da5ab79b92f7@group-AF49A4A4CA2A: changes role from CANDIDATE to FOLLOWER at term 18 for DISCOVERED_A_NEW_TERM
2019-10-23 12:36:07,555 [279bca68-3e74-4690-81cf-da5ab79b92f7@group-AF49A4A4CA2A-LeaderElection24] INFO  impl.RoleInfo (RoleInfo.java:shutdownLeaderElection(134)) - 279bca68-3e74-4690-81cf-da5ab79b92f7: shutdown LeaderElection
2019-10-23 12:36:07,555 [279bca68-3e74-4690-81cf-da5ab79b92f7@group-AF49A4A4CA2A-LeaderElection24] INFO  impl.RoleInfo (RoleInfo.java:updateAndGet(143)) - 279bca68-3e74-4690-81cf-da5ab79b92f7: start FollowerState
2019-10-23 12:36:07,570 [Thread-359] INFO  impl.FollowerState (FollowerState.java:run(108)) - 279bca68-3e74-4690-81cf-da5ab79b92f7@group-AF49A4A4CA2A-FollowerState: change to CANDIDATE, lastRpcTime:15ms, electionTimeout:15ms
2019-10-23 12:36:07,571 [Thread-359] INFO  impl.RoleInfo (RoleInfo.java:shutdownFollowerState(121)) - 279bca68-3e74-4690-81cf-da5ab79b92f7: shutdown FollowerState
2019-10-23 12:36:07,571 [Thread-359] INFO  impl.RaftServerImpl (RaftServerImpl.java:setRole(184)) - 279bca68-3e74-4690-81cf-da5ab79b92f7@group-AF49A4A4CA2A: changes role from  FOLLOWER to CANDIDATE at term 18 for changeToCandidate
2019-10-23 12:36:07,571 [Thread-359] INFO  impl.RoleInfo (RoleInfo.java:updateAndGet(143)) - 279bca68-3e74-4690-81cf-da5ab79b92f7: start LeaderElection
2019-10-23 12:36:07,574 [279bca68-3e74-4690-81cf-da5ab79b92f7@group-AF49A4A4CA2A-LeaderElection25] INFO  impl.LeaderElection (LeaderElection.java:askForVotes(178)) - 279bca68-3e74-4690-81cf-da5ab79b92f7@group-AF49A4A4CA2A-LeaderElection25: begin an election at term 19 for -1: [daebe4f8-0ad9-4eb2-8ed7-3a8051847eb6:192.168.69.118:44860, 389d5540-641f-48c2-a9df-60738dbad976:192.168.69.118:45712, 279bca68-3e74-4690-81cf-da5ab79b92f7:192.168.69.118:45510], old=null
2019-10-23 12:36:07,577 [grpc-default-executor-0] INFO  impl.RaftServerImpl (RaftServerImpl.java:setRole(184)) - daebe4f8-0ad9-4eb2-8ed7-3a8051847eb6@group-AF49A4A4CA2A: changes role from  FOLLOWER to FOLLOWER at term 19 for recognizeCandidate:279bca68-3e74-4690-81cf-da5ab79b92f7
2019-10-23 12:36:07,577 [grpc-default-executor-3] INFO  impl.RaftServerImpl (RaftServerImpl.java:setRole(184)) - 389d5540-641f-48c2-a9df-60738dbad976@group-AF49A4A4CA2A: changes role from  FOLLOWER to FOLLOWER at term 19 for recognizeCandidate:279bca68-3e74-4690-81cf-da5ab79b92f7
2019-10-23 12:36:07,577 [grpc-default-executor-0] INFO  impl.RoleInfo (RoleInfo.java:shutdownFollowerState(121)) - daebe4f8-0ad9-4eb2-8ed7-3a8051847eb6: shutdown FollowerState
2019-10-23 12:36:07,577 [grpc-default-executor-3] INFO  impl.RoleInfo (RoleInfo.java:shutdownFollowerState(121)) - 389d5540-641f-48c2-a9df-60738dbad976: shutdown FollowerState
2019-10-23 12:36:07,577 [grpc-default-executor-0] INFO  impl.RoleInfo (RoleInfo.java:updateAndGet(143)) - daebe4f8-0ad9-4eb2-8ed7-3a8051847eb6: start FollowerState
2019-10-23 12:36:07,577 [Thread-357] INFO  impl.FollowerState (FollowerState.java:run(117)) - daebe4f8-0ad9-4eb2-8ed7-3a8051847eb6@group-AF49A4A4CA2A-FollowerState was interrupted: java.lang.InterruptedException: sleep interrupted
2019-10-23 12:36:07,577 [grpc-default-executor-3] INFO  impl.RoleInfo (RoleInfo.java:updateAndGet(143)) - 389d5540-641f-48c2-a9df-60738dbad976: start FollowerState
2019-10-23 12:36:07,577 [Thread-358] INFO  impl.FollowerState (FollowerState.java:run(117)) - 389d5540-641f-48c2-a9df-60738dbad976@group-AF49A4A4CA2A-FollowerState was interrupted: java.lang.InterruptedException: sleep interrupted
2019-10-23 12:36:07,582 [279bca68-3e74-4690-81cf-da5ab79b92f7@group-AF49A4A4CA2A-LeaderElection25] INFO  impl.LeaderElection (LeaderElection.java:logAndReturn(56)) - 279bca68-3e74-4690-81cf-da5ab79b92f7@group-AF49A4A4CA2A-LeaderElection25: Election REJECTED; received 2 response(s) [279bca68-3e74-4690-81cf-da5ab79b92f7<-daebe4f8-0ad9-4eb2-8ed7-3a8051847eb6#0:FAIL-t19, 279bca68-3e74-4690-81cf-da5ab79b92f7<-389d5540-641f-48c2-a9df-60738dbad976#0:FAIL-t19] and 0 exception(s); 279bca68-3e74-4690-81cf-da5ab79b92f7@group-AF49A4A4CA2A:t19, leader=null, voted=279bca68-3e74-4690-81cf-da5ab79b92f7, raftlog=279bca68-3e74-4690-81cf-da5ab79b92f7@group-AF49A4A4CA2A-SegmentedRaftLog:OPENED:c-1,f-1,i0, conf=-1: [daebe4f8-0ad9-4eb2-8ed7-3a8051847eb6:192.168.69.118:44860, 389d5540-641f-48c2-a9df-60738dbad976:192.168.69.118:45712, 279bca68-3e74-4690-81cf-da5ab79b92f7:192.168.69.118:45510], old=null
2019-10-23 12:36:07,582 [279bca68-3e74-4690-81cf-da5ab79b92f7@group-AF49A4A4CA2A-LeaderElection25] INFO  impl.RaftServerImpl (RaftServerImpl.java:setRole(184)) - 279bca68-3e74-4690-81cf-da5ab79b92f7@group-AF49A4A4CA2A: changes role from CANDIDATE to FOLLOWER at term 19 for DISCOVERED_A_NEW_TERM
2019-10-23 12:36:07,582 [279bca68-3e74-4690-81cf-da5ab79b92f7@group-AF49A4A4CA2A-LeaderElection25] INFO  impl.RoleInfo (RoleInfo.java:shutdownLeaderElection(134)) - 279bca68-3e74-4690-81cf-da5ab79b92f7: shutdown LeaderElection
2019-10-23 12:36:07,582 [279bca68-3e74-4690-81cf-da5ab79b92f7@group-AF49A4A4CA2A-LeaderElection25] INFO  impl.RoleInfo (RoleInfo.java:updateAndGet(143)) - 279bca68-3e74-4690-81cf-da5ab79b92f7: start FollowerState
2019-10-23 12:36:07,728 [Thread-365] INFO  impl.FollowerState (FollowerState.java:run(108)) - 279bca68-3e74-4690-81cf-da5ab79b92f7@group-AF49A4A4CA2A-FollowerState: change to CANDIDATE, lastRpcTime:145ms, electionTimeout:145ms
2019-10-23 12:36:07,729 [Thread-365] INFO  impl.RoleInfo (RoleInfo.java:shutdownFollowerState(121)) - 279bca68-3e74-4690-81cf-da5ab79b92f7: shutdown FollowerState
2019-10-23 12:36:07,729 [Thread-365] INFO  impl.RaftServerImpl (RaftServerImpl.java:setRole(184)) - 279bca68-3e74-4690-81cf-da5ab79b92f7@group-AF49A4A4CA2A: changes role from  FOLLOWER to CANDIDATE at term 19 for changeToCandidate
2019-10-23 12:36:07,729 [Thread-365] INFO  impl.RoleInfo (RoleInfo.java:updateAndGet(143)) - 279bca68-3e74-4690-81cf-da5ab79b92f7: start LeaderElection
2019-10-23 12:36:07,743 [279bca68-3e74-4690-81cf-da5ab79b92f7@group-AF49A4A4CA2A-LeaderElection26] INFO  impl.LeaderElection (LeaderElection.java:askForVotes(178)) - 279bca68-3e74-4690-81cf-da5ab79b92f7@group-AF49A4A4CA2A-LeaderElection26: begin an election at term 20 for -1: [daebe4f8-0ad9-4eb2-8ed7-3a8051847eb6:192.168.69.118:44860, 389d5540-641f-48c2-a9df-60738dbad976:192.168.69.118:45712, 279bca68-3e74-4690-81cf-da5ab79b92f7:192.168.69.118:45510], old=null
2019-10-23 12:36:07,745 [grpc-default-executor-0] INFO  impl.RaftServerImpl (RaftServerImpl.java:setRole(184)) - 389d5540-641f-48c2-a9df-60738dbad976@group-AF49A4A4CA2A: changes role from  FOLLOWER to FOLLOWER at term 20 for recognizeCandidate:279bca68-3e74-4690-81cf-da5ab79b92f7
2019-10-23 12:36:07,745 [grpc-default-executor-0] INFO  impl.RoleInfo (RoleInfo.java:shutdownFollowerState(121)) - 389d5540-641f-48c2-a9df-60738dbad976: shutdown FollowerState
2019-10-23 12:36:07,746 [grpc-default-executor-0] INFO  impl.RoleInfo (RoleInfo.java:updateAndGet(143)) - 389d5540-641f-48c2-a9df-60738dbad976: start FollowerState
2019-10-23 12:36:07,746 [Thread-364] INFO  impl.FollowerState (FollowerState.java:run(117)) - 389d5540-641f-48c2-a9df-60738dbad976@group-AF49A4A4CA2A-FollowerState was interrupted: java.lang.InterruptedException: sleep interrupted
2019-10-23 12:36:07,746 [grpc-default-executor-3] INFO  impl.RaftServerImpl (RaftServerImpl.java:setRole(184)) - daebe4f8-0ad9-4eb2-8ed7-3a8051847eb6@group-AF49A4A4CA2A: changes role from  FOLLOWER to FOLLOWER at term 20 for recognizeCandidate:279bca68-3e74-4690-81cf-da5ab79b92f7
2019-10-23 12:36:07,746 [grpc-default-executor-3] INFO  impl.RoleInfo (RoleInfo.java:shutdownFollowerState(121)) - daebe4f8-0ad9-4eb2-8ed7-3a8051847eb6: shutdown FollowerState
2019-10-23 12:36:07,746 [Thread-363] INFO  impl.FollowerState (FollowerState.java:run(117)) - daebe4f8-0ad9-4eb2-8ed7-3a8051847eb6@group-AF49A4A4CA2A-FollowerState was interrupted: java.lang.InterruptedException: sleep interrupted
2019-10-23 12:36:07,746 [grpc-default-executor-3] INFO  impl.RoleInfo (RoleInfo.java:updateAndGet(143)) - daebe4f8-0ad9-4eb2-8ed7-3a8051847eb6: start FollowerState
2019-10-23 12:36:07,760 [279bca68-3e74-4690-81cf-da5ab79b92f7@group-AF49A4A4CA2A-LeaderElection26] INFO  impl.LeaderElection (LeaderElection.java:logAndReturn(56)) - 279bca68-3e74-4690-81cf-da5ab79b92f7@group-AF49A4A4CA2A-LeaderElection26: Election REJECTED; received 2 response(s) [279bca68-3e74-4690-81cf-da5ab79b92f7<-daebe4f8-0ad9-4eb2-8ed7-3a8051847eb6#0:FAIL-t20, 279bca68-3e74-4690-81cf-da5ab79b92f7<-389d5540-641f-48c2-a9df-60738dbad976#0:FAIL-t20] and 0 exception(s); 279bca68-3e74-4690-81cf-da5ab79b92f7@group-AF49A4A4CA2A:t20, leader=null, voted=279bca68-3e74-4690-81cf-da5ab79b92f7, raftlog=279bca68-3e74-4690-81cf-da5ab79b92f7@group-AF49A4A4CA2A-SegmentedRaftLog:OPENED:c-1,f-1,i0, conf=-1: [daebe4f8-0ad9-4eb2-8ed7-3a8051847eb6:192.168.69.118:44860, 389d5540-641f-48c2-a9df-60738dbad976:192.168.69.118:45712, 279bca68-3e74-4690-81cf-da5ab79b92f7:192.168.69.118:45510], old=null
2019-10-23 12:36:07,760 [279bca68-3e74-4690-81cf-da5ab79b92f7@group-AF49A4A4CA2A-LeaderElection26] INFO  impl.RaftServerImpl (RaftServerImpl.java:setRole(184)) - 279bca68-3e74-4690-81cf-da5ab79b92f7@group-AF49A4A4CA2A: changes role from CANDIDATE to FOLLOWER at term 20 for DISCOVERED_A_NEW_TERM
2019-10-23 12:36:07,760 [279bca68-3e74-4690-81cf-da5ab79b92f7@group-AF49A4A4CA2A-LeaderElection26] INFO  impl.RoleInfo (RoleInfo.java:shutdownLeaderElection(134)) - 279bca68-3e74-4690-81cf-da5ab79b92f7: shutdown LeaderElection
2019-10-23 12:36:07,761 [279bca68-3e74-4690-81cf-da5ab79b92f7@group-AF49A4A4CA2A-LeaderElection26] INFO  impl.RoleInfo (RoleInfo.java:updateAndGet(143)) - 279bca68-3e74-4690-81cf-da5ab79b92f7: start FollowerState
2019-10-23 12:36:07,904 [Thread-373] INFO  impl.FollowerState (FollowerState.java:run(108)) - 279bca68-3e74-4690-81cf-da5ab79b92f7@group-AF49A4A4CA2A-FollowerState: change to CANDIDATE, lastRpcTime:143ms, electionTimeout:143ms
2019-10-23 12:36:07,905 [Thread-373] INFO  impl.RoleInfo (RoleInfo.java:shutdownFollowerState(121)) - 279bca68-3e74-4690-81cf-da5ab79b92f7: shutdown FollowerState
2019-10-23 12:36:07,905 [Thread-373] INFO  impl.RaftServerImpl (RaftServerImpl.java:setRole(184)) - 279bca68-3e74-4690-81cf-da5ab79b92f7@group-AF49A4A4CA2A: changes role from  FOLLOWER to CANDIDATE at term 20 for changeToCandidate
2019-10-23 12:36:07,905 [Thread-373] INFO  impl.RoleInfo (RoleInfo.java:updateAndGet(143)) - 279bca68-3e74-4690-81cf-da5ab79b92f7: start LeaderElection
2019-10-23 12:36:07,919 [279bca68-3e74-4690-81cf-da5ab79b92f7@group-AF49A4A4CA2A-LeaderElection27] INFO  impl.LeaderElection (LeaderElection.java:askForVotes(178)) - 279bca68-3e74-4690-81cf-da5ab79b92f7@group-AF49A4A4CA2A-LeaderElection27: begin an election at term 21 for -1: [daebe4f8-0ad9-4eb2-8ed7-3a8051847eb6:192.168.69.118:44860, 389d5540-641f-48c2-a9df-60738dbad976:192.168.69.118:45712, 279bca68-3e74-4690-81cf-da5ab79b92f7:192.168.69.118:45510], old=null
2019-10-23 12:36:07,922 [grpc-default-executor-3] INFO  impl.RaftServerImpl (RaftServerImpl.java:setRole(184)) - daebe4f8-0ad9-4eb2-8ed7-3a8051847eb6@group-AF49A4A4CA2A: changes role from  FOLLOWER to FOLLOWER at term 21 for recognizeCandidate:279bca68-3e74-4690-81cf-da5ab79b92f7
2019-10-23 12:36:07,922 [grpc-default-executor-3] INFO  impl.RoleInfo (RoleInfo.java:shutdownFollowerState(121)) - daebe4f8-0ad9-4eb2-8ed7-3a8051847eb6: shutdown FollowerState
2019-10-23 12:36:07,923 [grpc-default-executor-0] INFO  impl.RaftServerImpl (RaftServerImpl.java:setRole(184)) - 389d5540-641f-48c2-a9df-60738dbad976@group-AF49A4A4CA2A: changes role from  FOLLOWER to FOLLOWER at term 21 for recognizeCandidate:279bca68-3e74-4690-81cf-da5ab79b92f7
2019-10-23 12:36:07,923 [Thread-372] INFO  impl.FollowerState (FollowerState.java:run(117)) - daebe4f8-0ad9-4eb2-8ed7-3a8051847eb6@group-AF49A4A4CA2A-FollowerState was interrupted: java.lang.InterruptedException: sleep interrupted
2019-10-23 12:36:07,923 [grpc-default-executor-3] INFO  impl.RoleInfo (RoleInfo.java:updateAndGet(143)) - daebe4f8-0ad9-4eb2-8ed7-3a8051847eb6: start FollowerState
2019-10-23 12:36:07,923 [grpc-default-executor-0] INFO  impl.RoleInfo (RoleInfo.java:shutdownFollowerState(121)) - 389d5540-641f-48c2-a9df-60738dbad976: shutdown FollowerState
2019-10-23 12:36:07,923 [grpc-default-executor-0] INFO  impl.RoleInfo (RoleInfo.java:updateAndGet(143)) - 389d5540-641f-48c2-a9df-60738dbad976: start FollowerState
2019-10-23 12:36:07,923 [Thread-371] INFO  impl.FollowerState (FollowerState.java:run(117)) - 389d5540-641f-48c2-a9df-60738dbad976@group-AF49A4A4CA2A-FollowerState was interrupted: java.lang.InterruptedException: sleep interrupted
2019-10-23 12:36:07,926 [279bca68-3e74-4690-81cf-da5ab79b92f7@group-AF49A4A4CA2A-LeaderElection27] INFO  impl.LeaderElection (LeaderElection.java:logAndReturn(56)) - 279bca68-3e74-4690-81cf-da5ab79b92f7@group-AF49A4A4CA2A-LeaderElection27: Election TIMEOUT; received 0 response(s) [] and 0 exception(s); 279bca68-3e74-4690-81cf-da5ab79b92f7@group-AF49A4A4CA2A:t21, leader=null, voted=279bca68-3e74-4690-81cf-da5ab79b92f7, raftlog=279bca68-3e74-4690-81cf-da5ab79b92f7@group-AF49A4A4CA2A-SegmentedRaftLog:OPENED:c-1,f-1,i0, conf=-1: [daebe4f8-0ad9-4eb2-8ed7-3a8051847eb6:192.168.69.118:44860, 389d5540-641f-48c2-a9df-60738dbad976:192.168.69.118:45712, 279bca68-3e74-4690-81cf-da5ab79b92f7:192.168.69.118:45510], old=null
2019-10-23 12:36:07,947 [279bca68-3e74-4690-81cf-da5ab79b92f7@group-AF49A4A4CA2A-LeaderElection27] INFO  impl.LeaderElection (LeaderElection.java:askForVotes(178)) - 279bca68-3e74-4690-81cf-da5ab79b92f7@group-AF49A4A4CA2A-LeaderElection27: begin an election at term 22 for -1: [daebe4f8-0ad9-4eb2-8ed7-3a8051847eb6:192.168.69.118:44860, 389d5540-641f-48c2-a9df-60738dbad976:192.168.69.118:45712, 279bca68-3e74-4690-81cf-da5ab79b92f7:192.168.69.118:45510], old=null
2019-10-23 12:36:07,950 [grpc-default-executor-0] INFO  impl.RaftServerImpl (RaftServerImpl.java:setRole(184)) - daebe4f8-0ad9-4eb2-8ed7-3a8051847eb6@group-AF49A4A4CA2A: changes role from  FOLLOWER to FOLLOWER at term 22 for recognizeCandidate:279bca68-3e74-4690-81cf-da5ab79b92f7
2019-10-23 12:36:07,952 [grpc-default-executor-0] INFO  impl.RoleInfo (RoleInfo.java:shutdownFollowerState(121)) - daebe4f8-0ad9-4eb2-8ed7-3a8051847eb6: shutdown FollowerState
2019-10-23 12:36:07,952 [grpc-default-executor-3] INFO  impl.RaftServerImpl (RaftServerImpl.java:setRole(184)) - 389d5540-641f-48c2-a9df-60738dbad976@group-AF49A4A4CA2A: changes role from  FOLLOWER to FOLLOWER at term 22 for recognizeCandidate:279bca68-3e74-4690-81cf-da5ab79b92f7
2019-10-23 12:36:07,952 [grpc-default-executor-0] INFO  impl.RoleInfo (RoleInfo.java:updateAndGet(143)) - daebe4f8-0ad9-4eb2-8ed7-3a8051847eb6: start FollowerState
2019-10-23 12:36:07,952 [Thread-377] INFO  impl.FollowerState (FollowerState.java:run(117)) - daebe4f8-0ad9-4eb2-8ed7-3a8051847eb6@group-AF49A4A4CA2A-FollowerState was interrupted: java.lang.InterruptedException: sleep interrupted
2019-10-23 12:36:07,952 [grpc-default-executor-3] INFO  impl.RoleInfo (RoleInfo.java:shutdownFollowerState(121)) - 389d5540-641f-48c2-a9df-60738dbad976: shutdown FollowerState
2019-10-23 12:36:07,952 [Thread-378] INFO  impl.FollowerState (FollowerState.java:run(117)) - 389d5540-641f-48c2-a9df-60738dbad976@group-AF49A4A4CA2A-FollowerState was interrupted: java.lang.InterruptedException: sleep interrupted
2019-10-23 12:36:07,952 [grpc-default-executor-3] INFO  impl.RoleInfo (RoleInfo.java:updateAndGet(143)) - 389d5540-641f-48c2-a9df-60738dbad976: start FollowerState
2019-10-23 12:36:07,968 [279bca68-3e74-4690-81cf-da5ab79b92f7@group-AF49A4A4CA2A-LeaderElection27] INFO  impl.LeaderElection (LeaderElection.java:logAndReturn(56)) - 279bca68-3e74-4690-81cf-da5ab79b92f7@group-AF49A4A4CA2A-LeaderElection27: Election REJECTED; received 2 response(s) [279bca68-3e74-4690-81cf-da5ab79b92f7<-daebe4f8-0ad9-4eb2-8ed7-3a8051847eb6#0:FAIL-t22, 279bca68-3e74-4690-81cf-da5ab79b92f7<-389d5540-641f-48c2-a9df-60738dbad976#0:FAIL-t22] and 0 exception(s); 279bca68-3e74-4690-81cf-da5ab79b92f7@group-AF49A4A4CA2A:t22, leader=null, voted=279bca68-3e74-4690-81cf-da5ab79b92f7, raftlog=279bca68-3e74-4690-81cf-da5ab79b92f7@group-AF49A4A4CA2A-SegmentedRaftLog:OPENED:c-1,f-1,i0, conf=-1: [daebe4f8-0ad9-4eb2-8ed7-3a8051847eb6:192.168.69.118:44860, 389d5540-641f-48c2-a9df-60738dbad976:192.168.69.118:45712, 279bca68-3e74-4690-81cf-da5ab79b92f7:192.168.69.118:45510], old=null
2019-10-23 12:36:07,968 [279bca68-3e74-4690-81cf-da5ab79b92f7@group-AF49A4A4CA2A-LeaderElection27] INFO  impl.RaftServerImpl (RaftServerImpl.java:setRole(184)) - 279bca68-3e74-4690-81cf-da5ab79b92f7@group-AF49A4A4CA2A: changes role from CANDIDATE to FOLLOWER at term 22 for DISCOVERED_A_NEW_TERM
2019-10-23 12:36:07,968 [279bca68-3e74-4690-81cf-da5ab79b92f7@group-AF49A4A4CA2A-LeaderElection27] INFO  impl.RoleInfo (RoleInfo.java:shutdownLeaderElection(134)) - 279bca68-3e74-4690-81cf-da5ab79b92f7: shutdown LeaderElection
2019-10-23 12:36:07,968 [279bca68-3e74-4690-81cf-da5ab79b92f7@group-AF49A4A4CA2A-LeaderElection27] INFO  impl.RoleInfo (RoleInfo.java:updateAndGet(143)) - 279bca68-3e74-4690-81cf-da5ab79b92f7: start FollowerState
2019-10-23 12:36:08,082 [Thread-383] INFO  impl.FollowerState (FollowerState.java:run(108)) - 279bca68-3e74-4690-81cf-da5ab79b92f7@group-AF49A4A4CA2A-FollowerState: change to CANDIDATE, lastRpcTime:114ms, electionTimeout:114ms
2019-10-23 12:36:08,084 [Thread-383] INFO  impl.RoleInfo (RoleInfo.java:shutdownFollowerState(121)) - 279bca68-3e74-4690-81cf-da5ab79b92f7: shutdown FollowerState
2019-10-23 12:36:08,084 [Thread-383] INFO  impl.RaftServerImpl (RaftServerImpl.java:setRole(184)) - 279bca68-3e74-4690-81cf-da5ab79b92f7@group-AF49A4A4CA2A: changes role from  FOLLOWER to CANDIDATE at term 22 for changeToCandidate
2019-10-23 12:36:08,084 [Thread-383] INFO  impl.RoleInfo (RoleInfo.java:updateAndGet(143)) - 279bca68-3e74-4690-81cf-da5ab79b92f7: start LeaderElection
2019-10-23 12:36:08,097 [279bca68-3e74-4690-81cf-da5ab79b92f7@group-AF49A4A4CA2A-LeaderElection28] INFO  impl.LeaderElection (LeaderElection.java:askForVotes(178)) - 279bca68-3e74-4690-81cf-da5ab79b92f7@group-AF49A4A4CA2A-LeaderElection28: begin an election at term 23 for -1: [daebe4f8-0ad9-4eb2-8ed7-3a8051847eb6:192.168.69.118:44860, 389d5540-641f-48c2-a9df-60738dbad976:192.168.69.118:45712, 279bca68-3e74-4690-81cf-da5ab79b92f7:192.168.69.118:45510], old=null
2019-10-23 12:36:08,101 [grpc-default-executor-0] INFO  impl.RaftServerImpl (RaftServerImpl.java:setRole(184)) - daebe4f8-0ad9-4eb2-8ed7-3a8051847eb6@group-AF49A4A4CA2A: changes role from  FOLLOWER to FOLLOWER at term 23 for recognizeCandidate:279bca68-3e74-4690-81cf-da5ab79b92f7
2019-10-23 12:36:08,102 [grpc-default-executor-0] INFO  impl.RoleInfo (RoleInfo.java:shutdownFollowerState(121)) - daebe4f8-0ad9-4eb2-8ed7-3a8051847eb6: shutdown FollowerState
2019-10-23 12:36:08,102 [grpc-default-executor-0] INFO  impl.RoleInfo (RoleInfo.java:updateAndGet(143)) - daebe4f8-0ad9-4eb2-8ed7-3a8051847eb6: start FollowerState
2019-10-23 12:36:08,102 [Thread-381] INFO  impl.FollowerState (FollowerState.java:run(117)) - daebe4f8-0ad9-4eb2-8ed7-3a8051847eb6@group-AF49A4A4CA2A-FollowerState was interrupted: java.lang.InterruptedException: sleep interrupted
2019-10-23 12:36:08,102 [grpc-default-executor-3] INFO  impl.RaftServerImpl (RaftServerImpl.java:setRole(184)) - 389d5540-641f-48c2-a9df-60738dbad976@group-AF49A4A4CA2A: changes role from  FOLLOWER to FOLLOWER at term 23 for recognizeCandidate:279bca68-3e74-4690-81cf-da5ab79b92f7
2019-10-23 12:36:08,102 [grpc-default-executor-3] INFO  impl.RoleInfo (RoleInfo.java:shutdownFollowerState(121)) - 389d5540-641f-48c2-a9df-60738dbad976: shutdown FollowerState
2019-10-23 12:36:08,103 [Thread-382] INFO  impl.FollowerState (FollowerState.java:run(117)) - 389d5540-641f-48c2-a9df-60738dbad976@group-AF49A4A4CA2A-FollowerState was interrupted: java.lang.InterruptedException: sleep interrupted
2019-10-23 12:36:08,103 [grpc-default-executor-3] INFO  impl.RoleInfo (RoleInfo.java:updateAndGet(143)) - 389d5540-641f-48c2-a9df-60738dbad976: start FollowerState
2019-10-23 12:36:08,139 [279bca68-3e74-4690-81cf-da5ab79b92f7@group-AF49A4A4CA2A-LeaderElection28] INFO  impl.LeaderElection (LeaderElection.java:logAndReturn(56)) - 279bca68-3e74-4690-81cf-da5ab79b92f7@group-AF49A4A4CA2A-LeaderElection28: Election REJECTED; received 2 response(s) [279bca68-3e74-4690-81cf-da5ab79b92f7<-daebe4f8-0ad9-4eb2-8ed7-3a8051847eb6#0:FAIL-t23, 279bca68-3e74-4690-81cf-da5ab79b92f7<-389d5540-641f-48c2-a9df-60738dbad976#0:FAIL-t23] and 0 exception(s); 279bca68-3e74-4690-81cf-da5ab79b92f7@group-AF49A4A4CA2A:t23, leader=null, voted=279bca68-3e74-4690-81cf-da5ab79b92f7, raftlog=279bca68-3e74-4690-81cf-da5ab79b92f7@group-AF49A4A4CA2A-SegmentedRaftLog:OPENED:c-1,f-1,i0, conf=-1: [daebe4f8-0ad9-4eb2-8ed7-3a8051847eb6:192.168.69.118:44860, 389d5540-641f-48c2-a9df-60738dbad976:192.168.69.118:45712, 279bca68-3e74-4690-81cf-da5ab79b92f7:192.168.69.118:45510], old=null
2019-10-23 12:36:08,139 [279bca68-3e74-4690-81cf-da5ab79b92f7@group-AF49A4A4CA2A-LeaderElection28] INFO  impl.RaftServerImpl (RaftServerImpl.java:setRole(184)) - 279bca68-3e74-4690-81cf-da5ab79b92f7@group-AF49A4A4CA2A: changes role from CANDIDATE to FOLLOWER at term 23 for DISCOVERED_A_NEW_TERM
2019-10-23 12:36:08,139 [279bca68-3e74-4690-81cf-da5ab79b92f7@group-AF49A4A4CA2A-LeaderElection28] INFO  impl.RoleInfo (RoleInfo.java:shutdownLeaderElection(134)) - 279bca68-3e74-4690-81cf-da5ab79b92f7: shutdown LeaderElection
2019-10-23 12:36:08,139 [279bca68-3e74-4690-81cf-da5ab79b92f7@group-AF49A4A4CA2A-LeaderElection28] INFO  impl.RoleInfo (RoleInfo.java:updateAndGet(143)) - 279bca68-3e74-4690-81cf-da5ab79b92f7: start FollowerState
2019-10-23 12:36:08,166 [Thread-389] INFO  impl.FollowerState (FollowerState.java:run(108)) - 279bca68-3e74-4690-81cf-da5ab79b92f7@group-AF49A4A4CA2A-FollowerState: change to CANDIDATE, lastRpcTime:26ms, electionTimeout:26ms
2019-10-23 12:36:08,168 [Thread-389] INFO  impl.RoleInfo (RoleInfo.java:shutdownFollowerState(121)) - 279bca68-3e74-4690-81cf-da5ab79b92f7: shutdown FollowerState
2019-10-23 12:36:08,168 [Thread-389] INFO  impl.RaftServerImpl (RaftServerImpl.java:setRole(184)) - 279bca68-3e74-4690-81cf-da5ab79b92f7@group-AF49A4A4CA2A: changes role from  FOLLOWER to CANDIDATE at term 23 for changeToCandidate
2019-10-23 12:36:08,168 [Thread-389] INFO  impl.RoleInfo (RoleInfo.java:updateAndGet(143)) - 279bca68-3e74-4690-81cf-da5ab79b92f7: start LeaderElection
2019-10-23 12:36:08,194 [279bca68-3e74-4690-81cf-da5ab79b92f7@group-AF49A4A4CA2A-LeaderElection29] INFO  impl.LeaderElection (LeaderElection.java:askForVotes(178)) - 279bca68-3e74-4690-81cf-da5ab79b92f7@group-AF49A4A4CA2A-LeaderElection29: begin an election at term 24 for -1: [daebe4f8-0ad9-4eb2-8ed7-3a8051847eb6:192.168.69.118:44860, 389d5540-641f-48c2-a9df-60738dbad976:192.168.69.118:45712, 279bca68-3e74-4690-81cf-da5ab79b92f7:192.168.69.118:45510], old=null
2019-10-23 12:36:08,198 [grpc-default-executor-0] INFO  impl.RaftServerImpl (RaftServerImpl.java:setRole(184)) - 389d5540-641f-48c2-a9df-60738dbad976@group-AF49A4A4CA2A: changes role from  FOLLOWER to FOLLOWER at term 24 for recognizeCandidate:279bca68-3e74-4690-81cf-da5ab79b92f7
2019-10-23 12:36:08,198 [grpc-default-executor-3] INFO  impl.RaftServerImpl (RaftServerImpl.java:setRole(184)) - daebe4f8-0ad9-4eb2-8ed7-3a8051847eb6@group-AF49A4A4CA2A: changes role from  FOLLOWER to FOLLOWER at term 24 for recognizeCandidate:279bca68-3e74-4690-81cf-da5ab79b92f7
2019-10-23 12:36:08,199 [grpc-default-executor-0] INFO  impl.RoleInfo (RoleInfo.java:shutdownFollowerState(121)) - 389d5540-641f-48c2-a9df-60738dbad976: shutdown FollowerState
2019-10-23 12:36:08,199 [grpc-default-executor-3] INFO  impl.RoleInfo (RoleInfo.java:shutdownFollowerState(121)) - daebe4f8-0ad9-4eb2-8ed7-3a8051847eb6: shutdown FollowerState
2019-10-23 12:36:08,199 [Thread-388] INFO  impl.FollowerState (FollowerState.java:run(117)) - 389d5540-641f-48c2-a9df-60738dbad976@group-AF49A4A4CA2A-FollowerState was interrupted: java.lang.InterruptedException: sleep interrupted
2019-10-23 12:36:08,199 [grpc-default-executor-0] INFO  impl.RoleInfo (RoleInfo.java:updateAndGet(143)) - 389d5540-641f-48c2-a9df-60738dbad976: start FollowerState
2019-10-23 12:36:08,199 [Thread-387] INFO  impl.FollowerState (FollowerState.java:run(117)) - daebe4f8-0ad9-4eb2-8ed7-3a8051847eb6@group-AF49A4A4CA2A-FollowerState was interrupted: java.lang.InterruptedException: sleep interrupted
2019-10-23 12:36:08,199 [grpc-default-executor-3] INFO  impl.RoleInfo (RoleInfo.java:updateAndGet(143)) - daebe4f8-0ad9-4eb2-8ed7-3a8051847eb6: start FollowerState
2019-10-23 12:36:08,215 [279bca68-3e74-4690-81cf-da5ab79b92f7@group-AF49A4A4CA2A-LeaderElection29] INFO  impl.LeaderElection (LeaderElection.java:logAndReturn(56)) - 279bca68-3e74-4690-81cf-da5ab79b92f7@group-AF49A4A4CA2A-LeaderElection29: Election REJECTED; received 2 response(s) [279bca68-3e74-4690-81cf-da5ab79b92f7<-daebe4f8-0ad9-4eb2-8ed7-3a8051847eb6#0:FAIL-t24, 279bca68-3e74-4690-81cf-da5ab79b92f7<-389d5540-641f-48c2-a9df-60738dbad976#0:FAIL-t24] and 0 exception(s); 279bca68-3e74-4690-81cf-da5ab79b92f7@group-AF49A4A4CA2A:t24, leader=null, voted=279bca68-3e74-4690-81cf-da5ab79b92f7, raftlog=279bca68-3e74-4690-81cf-da5ab79b92f7@group-AF49A4A4CA2A-SegmentedRaftLog:OPENED:c-1,f-1,i0, conf=-1: [daebe4f8-0ad9-4eb2-8ed7-3a8051847eb6:192.168.69.118:44860, 389d5540-641f-48c2-a9df-60738dbad976:192.168.69.118:45712, 279bca68-3e74-4690-81cf-da5ab79b92f7:192.168.69.118:45510], old=null
2019-10-23 12:36:08,215 [279bca68-3e74-4690-81cf-da5ab79b92f7@group-AF49A4A4CA2A-LeaderElection29] INFO  impl.RaftServerImpl (RaftServerImpl.java:setRole(184)) - 279bca68-3e74-4690-81cf-da5ab79b92f7@group-AF49A4A4CA2A: changes role from CANDIDATE to FOLLOWER at term 24 for DISCOVERED_A_NEW_TERM
2019-10-23 12:36:08,215 [279bca68-3e74-4690-81cf-da5ab79b92f7@group-AF49A4A4CA2A-LeaderElection29] INFO  impl.RoleInfo (RoleInfo.java:shutdownLeaderElection(134)) - 279bca68-3e74-4690-81cf-da5ab79b92f7: shutdown LeaderElection
2019-10-23 12:36:08,216 [279bca68-3e74-4690-81cf-da5ab79b92f7@group-AF49A4A4CA2A-LeaderElection29] INFO  impl.RoleInfo (RoleInfo.java:updateAndGet(143)) - 279bca68-3e74-4690-81cf-da5ab79b92f7: start FollowerState
2019-10-23 12:36:08,364 [Thread-395] INFO  impl.FollowerState (FollowerState.java:run(108)) - 279bca68-3e74-4690-81cf-da5ab79b92f7@group-AF49A4A4CA2A-FollowerState: change to CANDIDATE, lastRpcTime:147ms, electionTimeout:147ms
2019-10-23 12:36:08,366 [Thread-395] INFO  impl.RoleInfo (RoleInfo.java:shutdownFollowerState(121)) - 279bca68-3e74-4690-81cf-da5ab79b92f7: shutdown FollowerState
2019-10-23 12:36:08,366 [Thread-395] INFO  impl.RaftServerImpl (RaftServerImpl.java:setRole(184)) - 279bca68-3e74-4690-81cf-da5ab79b92f7@group-AF49A4A4CA2A: changes role from  FOLLOWER to CANDIDATE at term 24 for changeToCandidate
2019-10-23 12:36:08,366 [Thread-395] INFO  impl.RoleInfo (RoleInfo.java:updateAndGet(143)) - 279bca68-3e74-4690-81cf-da5ab79b92f7: start LeaderElection
2019-10-23 12:36:08,383 [279bca68-3e74-4690-81cf-da5ab79b92f7@group-AF49A4A4CA2A-LeaderElection30] INFO  impl.LeaderElection (LeaderElection.java:askForVotes(178)) - 279bca68-3e74-4690-81cf-da5ab79b92f7@group-AF49A4A4CA2A-LeaderElection30: begin an election at term 25 for -1: [daebe4f8-0ad9-4eb2-8ed7-3a8051847eb6:192.168.69.118:44860, 389d5540-641f-48c2-a9df-60738dbad976:192.168.69.118:45712, 279bca68-3e74-4690-81cf-da5ab79b92f7:192.168.69.118:45510], old=null
2019-10-23 12:36:08,387 [grpc-default-executor-0] INFO  impl.RaftServerImpl (RaftServerImpl.java:setRole(184)) - daebe4f8-0ad9-4eb2-8ed7-3a8051847eb6@group-AF49A4A4CA2A: changes role from  FOLLOWER to FOLLOWER at term 25 for recognizeCandidate:279bca68-3e74-4690-81cf-da5ab79b92f7
2019-10-23 12:36:08,387 [grpc-default-executor-0] INFO  impl.RoleInfo (RoleInfo.java:shutdownFollowerState(121)) - daebe4f8-0ad9-4eb2-8ed7-3a8051847eb6: shutdown FollowerState
2019-10-23 12:36:08,387 [grpc-default-executor-0] INFO  impl.RoleInfo (RoleInfo.java:updateAndGet(143)) - daebe4f8-0ad9-4eb2-8ed7-3a8051847eb6: start FollowerState
2019-10-23 12:36:08,387 [Thread-394] INFO  impl.FollowerState (FollowerState.java:run(117)) - daebe4f8-0ad9-4eb2-8ed7-3a8051847eb6@group-AF49A4A4CA2A-FollowerState was interrupted: java.lang.InterruptedException: sleep interrupted
2019-10-23 12:36:08,387 [grpc-default-executor-3] INFO  impl.RaftServerImpl (RaftServerImpl.java:setRole(184)) - 389d5540-641f-48c2-a9df-60738dbad976@group-AF49A4A4CA2A: changes role from  FOLLOWER to FOLLOWER at term 25 for recognizeCandidate:279bca68-3e74-4690-81cf-da5ab79b92f7
2019-10-23 12:36:08,388 [grpc-default-executor-3] INFO  impl.RoleInfo (RoleInfo.java:shutdownFollowerState(121)) - 389d5540-641f-48c2-a9df-60738dbad976: shutdown FollowerState
2019-10-23 12:36:08,388 [Thread-393] INFO  impl.FollowerState (FollowerState.java:run(117)) - 389d5540-641f-48c2-a9df-60738dbad976@group-AF49A4A4CA2A-FollowerState was interrupted: java.lang.InterruptedException: sleep interrupted
2019-10-23 12:36:08,388 [grpc-default-executor-3] INFO  impl.RoleInfo (RoleInfo.java:updateAndGet(143)) - 389d5540-641f-48c2-a9df-60738dbad976: start FollowerState
2019-10-23 12:36:08,391 [279bca68-3e74-4690-81cf-da5ab79b92f7@group-AF49A4A4CA2A-LeaderElection30] INFO  impl.LeaderElection (LeaderElection.java:logAndReturn(56)) - 279bca68-3e74-4690-81cf-da5ab79b92f7@group-AF49A4A4CA2A-LeaderElection30: Election TIMEOUT; received 0 response(s) [] and 0 exception(s); 279bca68-3e74-4690-81cf-da5ab79b92f7@group-AF49A4A4CA2A:t25, leader=null, voted=279bca68-3e74-4690-81cf-da5ab79b92f7, raftlog=279bca68-3e74-4690-81cf-da5ab79b92f7@group-AF49A4A4CA2A-SegmentedRaftLog:OPENED:c-1,f-1,i0, conf=-1: [daebe4f8-0ad9-4eb2-8ed7-3a8051847eb6:192.168.69.118:44860, 389d5540-641f-48c2-a9df-60738dbad976:192.168.69.118:45712, 279bca68-3e74-4690-81cf-da5ab79b92f7:192.168.69.118:45510], old=null
2019-10-23 12:36:08,401 [279bca68-3e74-4690-81cf-da5ab79b92f7@group-AF49A4A4CA2A-LeaderElection30] INFO  impl.LeaderElection (LeaderElection.java:askForVotes(178)) - 279bca68-3e74-4690-81cf-da5ab79b92f7@group-AF49A4A4CA2A-LeaderElection30: begin an election at term 26 for -1: [daebe4f8-0ad9-4eb2-8ed7-3a8051847eb6:192.168.69.118:44860, 389d5540-641f-48c2-a9df-60738dbad976:192.168.69.118:45712, 279bca68-3e74-4690-81cf-da5ab79b92f7:192.168.69.118:45510], old=null
2019-10-23 12:36:08,404 [grpc-default-executor-3] INFO  impl.RaftServerImpl (RaftServerImpl.java:setRole(184)) - daebe4f8-0ad9-4eb2-8ed7-3a8051847eb6@group-AF49A4A4CA2A: changes role from  FOLLOWER to FOLLOWER at term 26 for recognizeCandidate:279bca68-3e74-4690-81cf-da5ab79b92f7
2019-10-23 12:36:08,406 [grpc-default-executor-0] INFO  impl.RaftServerImpl (RaftServerImpl.java:setRole(184)) - 389d5540-641f-48c2-a9df-60738dbad976@group-AF49A4A4CA2A: changes role from  FOLLOWER to FOLLOWER at term 26 for recognizeCandidate:279bca68-3e74-4690-81cf-da5ab79b92f7
2019-10-23 12:36:08,406 [grpc-default-executor-3] INFO  impl.RoleInfo (RoleInfo.java:shutdownFollowerState(121)) - daebe4f8-0ad9-4eb2-8ed7-3a8051847eb6: shutdown FollowerState
2019-10-23 12:36:08,406 [grpc-default-executor-0] INFO  impl.RoleInfo (RoleInfo.java:shutdownFollowerState(121)) - 389d5540-641f-48c2-a9df-60738dbad976: shutdown FollowerState
2019-10-23 12:36:08,406 [Thread-399] INFO  impl.FollowerState (FollowerState.java:run(117)) - daebe4f8-0ad9-4eb2-8ed7-3a8051847eb6@group-AF49A4A4CA2A-FollowerState was interrupted: java.lang.InterruptedException: sleep interrupted
2019-10-23 12:36:08,406 [Thread-400] INFO  impl.FollowerState (FollowerState.java:run(117)) - 389d5540-641f-48c2-a9df-60738dbad976@group-AF49A4A4CA2A-FollowerState was interrupted: java.lang.InterruptedException: sleep interrupted
2019-10-23 12:36:08,406 [grpc-default-executor-0] INFO  impl.RoleInfo (RoleInfo.java:updateAndGet(143)) - 389d5540-641f-48c2-a9df-60738dbad976: start FollowerState
2019-10-23 12:36:08,406 [grpc-default-executor-3] INFO  impl.RoleInfo (RoleInfo.java:updateAndGet(143)) - daebe4f8-0ad9-4eb2-8ed7-3a8051847eb6: start FollowerState
2019-10-23 12:36:08,423 [279bca68-3e74-4690-81cf-da5ab79b92f7@group-AF49A4A4CA2A-LeaderElection30] INFO  impl.LeaderElection (LeaderElection.java:logAndReturn(56)) - 279bca68-3e74-4690-81cf-da5ab79b92f7@group-AF49A4A4CA2A-LeaderElection30: Election REJECTED; received 2 response(s) [279bca68-3e74-4690-81cf-da5ab79b92f7<-daebe4f8-0ad9-4eb2-8ed7-3a8051847eb6#0:FAIL-t26, 279bca68-3e74-4690-81cf-da5ab79b92f7<-389d5540-641f-48c2-a9df-60738dbad976#0:FAIL-t26] and 0 exception(s); 279bca68-3e74-4690-81cf-da5ab79b92f7@group-AF49A4A4CA2A:t26, leader=null, voted=279bca68-3e74-4690-81cf-da5ab79b92f7, raftlog=279bca68-3e74-4690-81cf-da5ab79b92f7@group-AF49A4A4CA2A-SegmentedRaftLog:OPENED:c-1,f-1,i0, conf=-1: [daebe4f8-0ad9-4eb2-8ed7-3a8051847eb6:192.168.69.118:44860, 389d5540-641f-48c2-a9df-60738dbad976:192.168.69.118:45712, 279bca68-3e74-4690-81cf-da5ab79b92f7:192.168.69.118:45510], old=null
2019-10-23 12:36:08,423 [279bca68-3e74-4690-81cf-da5ab79b92f7@group-AF49A4A4CA2A-LeaderElection30] INFO  impl.RaftServerImpl (RaftServerImpl.java:setRole(184)) - 279bca68-3e74-4690-81cf-da5ab79b92f7@group-AF49A4A4CA2A: changes role from CANDIDATE to FOLLOWER at term 26 for DISCOVERED_A_NEW_TERM
2019-10-23 12:36:08,423 [279bca68-3e74-4690-81cf-da5ab79b92f7@group-AF49A4A4CA2A-LeaderElection30] INFO  impl.RoleInfo (RoleInfo.java:shutdownLeaderElection(134)) - 279bca68-3e74-4690-81cf-da5ab79b92f7: shutdown LeaderElection
2019-10-23 12:36:08,424 [279bca68-3e74-4690-81cf-da5ab79b92f7@group-AF49A4A4CA2A-LeaderElection30] INFO  impl.RoleInfo (RoleInfo.java:updateAndGet(143)) - 279bca68-3e74-4690-81cf-da5ab79b92f7: start FollowerState
2019-10-23 12:36:08,509 [Thread-405] INFO  impl.FollowerState (FollowerState.java:run(108)) - 279bca68-3e74-4690-81cf-da5ab79b92f7@group-AF49A4A4CA2A-FollowerState: change to CANDIDATE, lastRpcTime:85ms, electionTimeout:85ms
2019-10-23 12:36:08,510 [Thread-405] INFO  impl.RoleInfo (RoleInfo.java:shutdownFollowerState(121)) - 279bca68-3e74-4690-81cf-da5ab79b92f7: shutdown FollowerState
2019-10-23 12:36:08,510 [Thread-405] INFO  impl.RaftServerImpl (RaftServerImpl.java:setRole(184)) - 279bca68-3e74-4690-81cf-da5ab79b92f7@group-AF49A4A4CA2A: changes role from  FOLLOWER to CANDIDATE at term 26 for changeToCandidate
2019-10-23 12:36:08,511 [Thread-405] INFO  impl.RoleInfo (RoleInfo.java:updateAndGet(143)) - 279bca68-3e74-4690-81cf-da5ab79b92f7: start LeaderElection
2019-10-23 12:36:08,525 [279bca68-3e74-4690-81cf-da5ab79b92f7@group-AF49A4A4CA2A-LeaderElection31] INFO  impl.LeaderElection (LeaderElection.java:askForVotes(178)) - 279bca68-3e74-4690-81cf-da5ab79b92f7@group-AF49A4A4CA2A-LeaderElection31: begin an election at term 27 for -1: [daebe4f8-0ad9-4eb2-8ed7-3a8051847eb6:192.168.69.118:44860, 389d5540-641f-48c2-a9df-60738dbad976:192.168.69.118:45712, 279bca68-3e74-4690-81cf-da5ab79b92f7:192.168.69.118:45510], old=null
2019-10-23 12:36:08,528 [grpc-default-executor-3] INFO  impl.RaftServerImpl (RaftServerImpl.java:setRole(184)) - daebe4f8-0ad9-4eb2-8ed7-3a8051847eb6@group-AF49A4A4CA2A: changes role from  FOLLOWER to FOLLOWER at term 27 for recognizeCandidate:279bca68-3e74-4690-81cf-da5ab79b92f7
2019-10-23 12:36:08,528 [grpc-default-executor-3] INFO  impl.RoleInfo (RoleInfo.java:shutdownFollowerState(121)) - daebe4f8-0ad9-4eb2-8ed7-3a8051847eb6: shutdown FollowerState
2019-10-23 12:36:08,528 [Thread-403] INFO  impl.FollowerState (FollowerState.java:run(117)) - daebe4f8-0ad9-4eb2-8ed7-3a8051847eb6@group-AF49A4A4CA2A-FollowerState was interrupted: java.lang.InterruptedException: sleep interrupted
2019-10-23 12:36:08,528 [grpc-default-executor-3] INFO  impl.RoleInfo (RoleInfo.java:updateAndGet(143)) - daebe4f8-0ad9-4eb2-8ed7-3a8051847eb6: start FollowerState
2019-10-23 12:36:08,528 [grpc-default-executor-0] INFO  impl.RaftServerImpl (RaftServerImpl.java:setRole(184)) - 389d5540-641f-48c2-a9df-60738dbad976@group-AF49A4A4CA2A: changes role from  FOLLOWER to FOLLOWER at term 27 for recognizeCandidate:279bca68-3e74-4690-81cf-da5ab79b92f7
2019-10-23 12:36:08,529 [grpc-default-executor-0] INFO  impl.RoleInfo (RoleInfo.java:shutdownFollowerState(121)) - 389d5540-641f-48c2-a9df-60738dbad976: shutdown FollowerState
2019-10-23 12:36:08,529 [Thread-404] INFO  impl.FollowerState (FollowerState.java:run(117)) - 389d5540-641f-48c2-a9df-60738dbad976@group-AF49A4A4CA2A-FollowerState was interrupted: java.lang.InterruptedException: sleep interrupted
2019-10-23 12:36:08,529 [grpc-default-executor-0] INFO  impl.RoleInfo (RoleInfo.java:updateAndGet(143)) - 389d5540-641f-48c2-a9df-60738dbad976: start FollowerState
2019-10-23 12:36:08,544 [279bca68-3e74-4690-81cf-da5ab79b92f7@group-AF49A4A4CA2A-LeaderElection31] INFO  impl.LeaderElection (LeaderElection.java:logAndReturn(56)) - 279bca68-3e74-4690-81cf-da5ab79b92f7@group-AF49A4A4CA2A-LeaderElection31: Election REJECTED; received 2 response(s) [279bca68-3e74-4690-81cf-da5ab79b92f7<-daebe4f8-0ad9-4eb2-8ed7-3a8051847eb6#0:FAIL-t27, 279bca68-3e74-4690-81cf-da5ab79b92f7<-389d5540-641f-48c2-a9df-60738dbad976#0:FAIL-t27] and 0 exception(s); 279bca68-3e74-4690-81cf-da5ab79b92f7@group-AF49A4A4CA2A:t27, leader=null, voted=279bca68-3e74-4690-81cf-da5ab79b92f7, raftlog=279bca68-3e74-4690-81cf-da5ab79b92f7@group-AF49A4A4CA2A-SegmentedRaftLog:OPENED:c-1,f-1,i0, conf=-1: [daebe4f8-0ad9-4eb2-8ed7-3a8051847eb6:192.168.69.118:44860, 389d5540-641f-48c2-a9df-60738dbad976:192.168.69.118:45712, 279bca68-3e74-4690-81cf-da5ab79b92f7:192.168.69.118:45510], old=null
2019-10-23 12:36:08,544 [279bca68-3e74-4690-81cf-da5ab79b92f7@group-AF49A4A4CA2A-LeaderElection31] INFO  impl.RaftServerImpl (RaftServerImpl.java:setRole(184)) - 279bca68-3e74-4690-81cf-da5ab79b92f7@group-AF49A4A4CA2A: changes role from CANDIDATE to FOLLOWER at term 27 for DISCOVERED_A_NEW_TERM
2019-10-23 12:36:08,544 [279bca68-3e74-4690-81cf-da5ab79b92f7@group-AF49A4A4CA2A-LeaderElection31] INFO  impl.RoleInfo (RoleInfo.java:shutdownLeaderElection(134)) - 279bca68-3e74-4690-81cf-da5ab79b92f7: shutdown LeaderElection
2019-10-23 12:36:08,545 [279bca68-3e74-4690-81cf-da5ab79b92f7@group-AF49A4A4CA2A-LeaderElection31] INFO  impl.RoleInfo (RoleInfo.java:updateAndGet(143)) - 279bca68-3e74-4690-81cf-da5ab79b92f7: start FollowerState
2019-10-23 12:36:08,724 [Thread-411] INFO  impl.FollowerState (FollowerState.java:run(108)) - 279bca68-3e74-4690-81cf-da5ab79b92f7@group-AF49A4A4CA2A-FollowerState: change to CANDIDATE, lastRpcTime:179ms, electionTimeout:179ms
2019-10-23 12:36:08,725 [Thread-411] INFO  impl.RoleInfo (RoleInfo.java:shutdownFollowerState(121)) - 279bca68-3e74-4690-81cf-da5ab79b92f7: shutdown FollowerState
2019-10-23 12:36:08,726 [Thread-411] INFO  impl.RaftServerImpl (RaftServerImpl.java:setRole(184)) - 279bca68-3e74-4690-81cf-da5ab79b92f7@group-AF49A4A4CA2A: changes role from  FOLLOWER to CANDIDATE at term 27 for changeToCandidate
2019-10-23 12:36:08,726 [Thread-411] INFO  impl.RoleInfo (RoleInfo.java:updateAndGet(143)) - 279bca68-3e74-4690-81cf-da5ab79b92f7: start LeaderElection
2019-10-23 12:36:08,740 [279bca68-3e74-4690-81cf-da5ab79b92f7@group-AF49A4A4CA2A-LeaderElection32] INFO  impl.LeaderElection (LeaderElection.java:askForVotes(178)) - 279bca68-3e74-4690-81cf-da5ab79b92f7@group-AF49A4A4CA2A-LeaderElection32: begin an election at term 28 for -1: [daebe4f8-0ad9-4eb2-8ed7-3a8051847eb6:192.168.69.118:44860, 389d5540-641f-48c2-a9df-60738dbad976:192.168.69.118:45712, 279bca68-3e74-4690-81cf-da5ab79b92f7:192.168.69.118:45510], old=null
2019-10-23 12:36:08,744 [grpc-default-executor-3] INFO  impl.RaftServerImpl (RaftServerImpl.java:setRole(184)) - daebe4f8-0ad9-4eb2-8ed7-3a8051847eb6@group-AF49A4A4CA2A: changes role from  FOLLOWER to FOLLOWER at term 28 for recognizeCandidate:279bca68-3e74-4690-81cf-da5ab79b92f7
2019-10-23 12:36:08,744 [grpc-default-executor-3] INFO  impl.RoleInfo (RoleInfo.java:shutdownFollowerState(121)) - daebe4f8-0ad9-4eb2-8ed7-3a8051847eb6: shutdown FollowerState
2019-10-23 12:36:08,744 [grpc-default-executor-0] INFO  impl.RaftServerImpl (RaftServerImpl.java:setRole(184)) - 389d5540-641f-48c2-a9df-60738dbad976@group-AF49A4A4CA2A: changes role from  FOLLOWER to FOLLOWER at term 28 for recognizeCandidate:279bca68-3e74-4690-81cf-da5ab79b92f7
2019-10-23 12:36:08,744 [Thread-409] INFO  impl.FollowerState (FollowerState.java:run(117)) - daebe4f8-0ad9-4eb2-8ed7-3a8051847eb6@group-AF49A4A4CA2A-FollowerState was interrupted: java.lang.InterruptedException: sleep interrupted
2019-10-23 12:36:08,744 [grpc-default-executor-3] INFO  impl.RoleInfo (RoleInfo.java:updateAndGet(143)) - daebe4f8-0ad9-4eb2-8ed7-3a8051847eb6: start FollowerState
2019-10-23 12:36:08,744 [grpc-default-executor-0] INFO  impl.RoleInfo (RoleInfo.java:shutdownFollowerState(121)) - 389d5540-641f-48c2-a9df-60738dbad976: shutdown FollowerState
2019-10-23 12:36:08,745 [Thread-410] INFO  impl.FollowerState (FollowerState.java:run(117)) - 389d5540-641f-48c2-a9df-60738dbad976@group-AF49A4A4CA2A-FollowerState was interrupted: java.lang.InterruptedException: sleep interrupted
2019-10-23 12:36:08,745 [grpc-default-executor-0] INFO  impl.RoleInfo (RoleInfo.java:updateAndGet(143)) - 389d5540-641f-48c2-a9df-60738dbad976: start FollowerState
2019-10-23 12:36:08,761 [279bca68-3e74-4690-81cf-da5ab79b92f7@group-AF49A4A4CA2A-LeaderElection32] INFO  impl.LeaderElection (LeaderElection.java:logAndReturn(56)) - 279bca68-3e74-4690-81cf-da5ab79b92f7@group-AF49A4A4CA2A-LeaderElection32: Election REJECTED; received 2 response(s) [279bca68-3e74-4690-81cf-da5ab79b92f7<-daebe4f8-0ad9-4eb2-8ed7-3a8051847eb6#0:FAIL-t28, 279bca68-3e74-4690-81cf-da5ab79b92f7<-389d5540-641f-48c2-a9df-60738dbad976#0:FAIL-t28] and 0 exception(s); 279bca68-3e74-4690-81cf-da5ab79b92f7@group-AF49A4A4CA2A:t28, leader=null, voted=279bca68-3e74-4690-81cf-da5ab79b92f7, raftlog=279bca68-3e74-4690-81cf-da5ab79b92f7@group-AF49A4A4CA2A-SegmentedRaftLog:OPENED:c-1,f-1,i0, conf=-1: [daebe4f8-0ad9-4eb2-8ed7-3a8051847eb6:192.168.69.118:44860, 389d5540-641f-48c2-a9df-60738dbad976:192.168.69.118:45712, 279bca68-3e74-4690-81cf-da5ab79b92f7:192.168.69.118:45510], old=null
2019-10-23 12:36:08,761 [279bca68-3e74-4690-81cf-da5ab79b92f7@group-AF49A4A4CA2A-LeaderElection32] INFO  impl.RaftServerImpl (RaftServerImpl.java:setRole(184)) - 279bca68-3e74-4690-81cf-da5ab79b92f7@group-AF49A4A4CA2A: changes role from CANDIDATE to FOLLOWER at term 28 for DISCOVERED_A_NEW_TERM
2019-10-23 12:36:08,761 [279bca68-3e74-4690-81cf-da5ab79b92f7@group-AF49A4A4CA2A-LeaderElection32] INFO  impl.RoleInfo (RoleInfo.java:shutdownLeaderElection(134)) - 279bca68-3e74-4690-81cf-da5ab79b92f7: shutdown LeaderElection
2019-10-23 12:36:08,761 [279bca68-3e74-4690-81cf-da5ab79b92f7@group-AF49A4A4CA2A-LeaderElection32] INFO  impl.RoleInfo (RoleInfo.java:updateAndGet(143)) - 279bca68-3e74-4690-81cf-da5ab79b92f7: start FollowerState
2019-10-23 12:36:08,956 [Thread-419] INFO  impl.FollowerState (FollowerState.java:run(108)) - 279bca68-3e74-4690-81cf-da5ab79b92f7@group-AF49A4A4CA2A-FollowerState: change to CANDIDATE, lastRpcTime:194ms, electionTimeout:194ms
2019-10-23 12:36:08,957 [Thread-419] INFO  impl.RoleInfo (RoleInfo.java:shutdownFollowerState(121)) - 279bca68-3e74-4690-81cf-da5ab79b92f7: shutdown FollowerState
2019-10-23 12:36:08,958 [Thread-419] INFO  impl.RaftServerImpl (RaftServerImpl.java:setRole(184)) - 279bca68-3e74-4690-81cf-da5ab79b92f7@group-AF49A4A4CA2A: changes role from  FOLLOWER to CANDIDATE at term 28 for changeToCandidate
2019-10-23 12:36:08,958 [Thread-419] INFO  impl.RoleInfo (RoleInfo.java:updateAndGet(143)) - 279bca68-3e74-4690-81cf-da5ab79b92f7: start LeaderElection
2019-10-23 12:36:08,972 [279bca68-3e74-4690-81cf-da5ab79b92f7@group-AF49A4A4CA2A-LeaderElection33] INFO  impl.LeaderElection (LeaderElection.java:askForVotes(178)) - 279bca68-3e74-4690-81cf-da5ab79b92f7@group-AF49A4A4CA2A-LeaderElection33: begin an election at term 29 for -1: [daebe4f8-0ad9-4eb2-8ed7-3a8051847eb6:192.168.69.118:44860, 389d5540-641f-48c2-a9df-60738dbad976:192.168.69.118:45712, 279bca68-3e74-4690-81cf-da5ab79b92f7:192.168.69.118:45510], old=null
2019-10-23 12:36:08,975 [grpc-default-executor-3] INFO  impl.RaftServerImpl (RaftServerImpl.java:setRole(184)) - daebe4f8-0ad9-4eb2-8ed7-3a8051847eb6@group-AF49A4A4CA2A: changes role from  FOLLOWER to FOLLOWER at term 29 for recognizeCandidate:279bca68-3e74-4690-81cf-da5ab79b92f7
2019-10-23 12:36:08,976 [grpc-default-executor-3] INFO  impl.RoleInfo (RoleInfo.java:shutdownFollowerState(121)) - daebe4f8-0ad9-4eb2-8ed7-3a8051847eb6: shutdown FollowerState
2019-10-23 12:36:08,976 [grpc-default-executor-0] INFO  impl.RaftServerImpl (RaftServerImpl.java:setRole(184)) - 389d5540-641f-48c2-a9df-60738dbad976@group-AF49A4A4CA2A: changes role from  FOLLOWER to FOLLOWER at term 29 for recognizeCandidate:279bca68-3e74-4690-81cf-da5ab79b92f7
2019-10-23 12:36:08,976 [Thread-417] INFO  impl.FollowerState (FollowerState.java:run(117)) - daebe4f8-0ad9-4eb2-8ed7-3a8051847eb6@group-AF49A4A4CA2A-FollowerState was interrupted: java.lang.InterruptedException: sleep interrupted
2019-10-23 12:36:08,976 [grpc-default-executor-3] INFO  impl.RoleInfo (RoleInfo.java:updateAndGet(143)) - daebe4f8-0ad9-4eb2-8ed7-3a8051847eb6: start FollowerState
2019-10-23 12:36:08,976 [grpc-default-executor-0] INFO  impl.RoleInfo (RoleInfo.java:shutdownFollowerState(121)) - 389d5540-641f-48c2-a9df-60738dbad976: shutdown FollowerState
2019-10-23 12:36:08,976 [grpc-default-executor-0] INFO  impl.RoleInfo (RoleInfo.java:updateAndGet(143)) - 389d5540-641f-48c2-a9df-60738dbad976: start FollowerState
2019-10-23 12:36:08,976 [Thread-418] INFO  impl.FollowerState (FollowerState.java:run(117)) - 389d5540-641f-48c2-a9df-60738dbad976@group-AF49A4A4CA2A-FollowerState was interrupted: java.lang.InterruptedException: sleep interrupted
2019-10-23 12:36:08,993 [279bca68-3e74-4690-81cf-da5ab79b92f7@group-AF49A4A4CA2A-LeaderElection33] INFO  impl.LeaderElection (LeaderElection.java:logAndReturn(56)) - 279bca68-3e74-4690-81cf-da5ab79b92f7@group-AF49A4A4CA2A-LeaderElection33: Election REJECTED; received 2 response(s) [279bca68-3e74-4690-81cf-da5ab79b92f7<-daebe4f8-0ad9-4eb2-8ed7-3a8051847eb6#0:FAIL-t29, 279bca68-3e74-4690-81cf-da5ab79b92f7<-389d5540-641f-48c2-a9df-60738dbad976#0:FAIL-t29] and 0 exception(s); 279bca68-3e74-4690-81cf-da5ab79b92f7@group-AF49A4A4CA2A:t29, leader=null, voted=279bca68-3e74-4690-81cf-da5ab79b92f7, raftlog=279bca68-3e74-4690-81cf-da5ab79b92f7@group-AF49A4A4CA2A-SegmentedRaftLog:OPENED:c-1,f-1,i0, conf=-1: [daebe4f8-0ad9-4eb2-8ed7-3a8051847eb6:192.168.69.118:44860, 389d5540-641f-48c2-a9df-60738dbad976:192.168.69.118:45712, 279bca68-3e74-4690-81cf-da5ab79b92f7:192.168.69.118:45510], old=null
2019-10-23 12:36:08,993 [279bca68-3e74-4690-81cf-da5ab79b92f7@group-AF49A4A4CA2A-LeaderElection33] INFO  impl.RaftServerImpl (RaftServerImpl.java:setRole(184)) - 279bca68-3e74-4690-81cf-da5ab79b92f7@group-AF49A4A4CA2A: changes role from CANDIDATE to FOLLOWER at term 29 for DISCOVERED_A_NEW_TERM
2019-10-23 12:36:08,993 [279bca68-3e74-4690-81cf-da5ab79b92f7@group-AF49A4A4CA2A-LeaderElection33] INFO  impl.RoleInfo (RoleInfo.java:shutdownLeaderElection(134)) - 279bca68-3e74-4690-81cf-da5ab79b92f7: shutdown LeaderElection
2019-10-23 12:36:08,993 [279bca68-3e74-4690-81cf-da5ab79b92f7@group-AF49A4A4CA2A-LeaderElection33] INFO  impl.RoleInfo (RoleInfo.java:updateAndGet(143)) - 279bca68-3e74-4690-81cf-da5ab79b92f7: start FollowerState
2019-10-23 12:36:09,100 [Thread-425] INFO  impl.FollowerState (FollowerState.java:run(108)) - 279bca68-3e74-4690-81cf-da5ab79b92f7@group-AF49A4A4CA2A-FollowerState: change to CANDIDATE, lastRpcTime:106ms, electionTimeout:106ms
2019-10-23 12:36:09,101 [Thread-425] INFO  impl.RoleInfo (RoleInfo.java:shutdownFollowerState(121)) - 279bca68-3e74-4690-81cf-da5ab79b92f7: shutdown FollowerState
2019-10-23 12:36:09,101 [Thread-425] INFO  impl.RaftServerImpl (RaftServerImpl.java:setRole(184)) - 279bca68-3e74-4690-81cf-da5ab79b92f7@group-AF49A4A4CA2A: changes role from  FOLLOWER to CANDIDATE at term 29 for changeToCandidate
2019-10-23 12:36:09,101 [Thread-425] INFO  impl.RoleInfo (RoleInfo.java:updateAndGet(143)) - 279bca68-3e74-4690-81cf-da5ab79b92f7: start LeaderElection
2019-10-23 12:36:09,128 [279bca68-3e74-4690-81cf-da5ab79b92f7@group-AF49A4A4CA2A-LeaderElection34] INFO  impl.LeaderElection (LeaderElection.java:askForVotes(178)) - 279bca68-3e74-4690-81cf-da5ab79b92f7@group-AF49A4A4CA2A-LeaderElection34: begin an election at term 30 for -1: [daebe4f8-0ad9-4eb2-8ed7-3a8051847eb6:192.168.69.118:44860, 389d5540-641f-48c2-a9df-60738dbad976:192.168.69.118:45712, 279bca68-3e74-4690-81cf-da5ab79b92f7:192.168.69.118:45510], old=null
2019-10-23 12:36:09,131 [grpc-default-executor-0] INFO  impl.RaftServerImpl (RaftServerImpl.java:setRole(184)) - 389d5540-641f-48c2-a9df-60738dbad976@group-AF49A4A4CA2A: changes role from  FOLLOWER to FOLLOWER at term 30 for recognizeCandidate:279bca68-3e74-4690-81cf-da5ab79b92f7
2019-10-23 12:36:09,131 [grpc-default-executor-3] INFO  impl.RaftServerImpl (RaftServerImpl.java:setRole(184)) - daebe4f8-0ad9-4eb2-8ed7-3a8051847eb6@group-AF49A4A4CA2A: changes role from  FOLLOWER to FOLLOWER at term 30 for recognizeCandidate:279bca68-3e74-4690-81cf-da5ab79b92f7
2019-10-23 12:36:09,131 [grpc-default-executor-0] INFO  impl.RoleInfo (RoleInfo.java:shutdownFollowerState(121)) - 389d5540-641f-48c2-a9df-60738dbad976: shutdown FollowerState
2019-10-23 12:36:09,132 [grpc-default-executor-3] INFO  impl.RoleInfo (RoleInfo.java:shutdownFollowerState(121)) - daebe4f8-0ad9-4eb2-8ed7-3a8051847eb6: shutdown FollowerState
2019-10-23 12:36:09,132 [Thread-424] INFO  impl.FollowerState (FollowerState.java:run(117)) - 389d5540-641f-48c2-a9df-60738dbad976@group-AF49A4A4CA2A-FollowerState was interrupted: java.lang.InterruptedException: sleep interrupted
2019-10-23 12:36:09,132 [Thread-423] INFO  impl.FollowerState (FollowerState.java:run(117)) - daebe4f8-0ad9-4eb2-8ed7-3a8051847eb6@group-AF49A4A4CA2A-FollowerState was interrupted: java.lang.InterruptedException: sleep interrupted
2019-10-23 12:36:09,132 [grpc-default-executor-3] INFO  impl.RoleInfo (RoleInfo.java:updateAndGet(143)) - daebe4f8-0ad9-4eb2-8ed7-3a8051847eb6: start FollowerState
2019-10-23 12:36:09,133 [grpc-default-executor-0] INFO  impl.RoleInfo (RoleInfo.java:updateAndGet(143)) - 389d5540-641f-48c2-a9df-60738dbad976: start FollowerState
2019-10-23 12:36:09,151 [279bca68-3e74-4690-81cf-da5ab79b92f7@group-AF49A4A4CA2A-LeaderElection34] INFO  impl.LeaderElection (LeaderElection.java:logAndReturn(56)) - 279bca68-3e74-4690-81cf-da5ab79b92f7@group-AF49A4A4CA2A-LeaderElection34: Election REJECTED; received 2 response(s) [279bca68-3e74-4690-81cf-da5ab79b92f7<-daebe4f8-0ad9-4eb2-8ed7-3a8051847eb6#0:FAIL-t30, 279bca68-3e74-4690-81cf-da5ab79b92f7<-389d5540-641f-48c2-a9df-60738dbad976#0:FAIL-t30] and 0 exception(s); 279bca68-3e74-4690-81cf-da5ab79b92f7@group-AF49A4A4CA2A:t30, leader=null, voted=279bca68-3e74-4690-81cf-da5ab79b92f7, raftlog=279bca68-3e74-4690-81cf-da5ab79b92f7@group-AF49A4A4CA2A-SegmentedRaftLog:OPENED:c-1,f-1,i0, conf=-1: [daebe4f8-0ad9-4eb2-8ed7-3a8051847eb6:192.168.69.118:44860, 389d5540-641f-48c2-a9df-60738dbad976:192.168.69.118:45712, 279bca68-3e74-4690-81cf-da5ab79b92f7:192.168.69.118:45510], old=null
2019-10-23 12:36:09,151 [279bca68-3e74-4690-81cf-da5ab79b92f7@group-AF49A4A4CA2A-LeaderElection34] INFO  impl.RaftServerImpl (RaftServerImpl.java:setRole(184)) - 279bca68-3e74-4690-81cf-da5ab79b92f7@group-AF49A4A4CA2A: changes role from CANDIDATE to FOLLOWER at term 30 for DISCOVERED_A_NEW_TERM
2019-10-23 12:36:09,151 [279bca68-3e74-4690-81cf-da5ab79b92f7@group-AF49A4A4CA2A-LeaderElection34] INFO  impl.RoleInfo (RoleInfo.java:shutdownLeaderElection(134)) - 279bca68-3e74-4690-81cf-da5ab79b92f7: shutdown LeaderElection
2019-10-23 12:36:09,152 [279bca68-3e74-4690-81cf-da5ab79b92f7@group-AF49A4A4CA2A-LeaderElection34] INFO  impl.RoleInfo (RoleInfo.java:updateAndGet(143)) - 279bca68-3e74-4690-81cf-da5ab79b92f7: start FollowerState
2019-10-23 12:36:09,184 [Thread-431] INFO  impl.FollowerState (FollowerState.java:run(108)) - 279bca68-3e74-4690-81cf-da5ab79b92f7@group-AF49A4A4CA2A-FollowerState: change to CANDIDATE, lastRpcTime:32ms, electionTimeout:32ms
2019-10-23 12:36:09,186 [Thread-431] INFO  impl.RoleInfo (RoleInfo.java:shutdownFollowerState(121)) - 279bca68-3e74-4690-81cf-da5ab79b92f7: shutdown FollowerState
2019-10-23 12:36:09,186 [Thread-431] INFO  impl.RaftServerImpl (RaftServerImpl.java:setRole(184)) - 279bca68-3e74-4690-81cf-da5ab79b92f7@group-AF49A4A4CA2A: changes role from  FOLLOWER to CANDIDATE at term 30 for changeToCandidate
2019-10-23 12:36:09,186 [Thread-431] INFO  impl.RoleInfo (RoleInfo.java:updateAndGet(143)) - 279bca68-3e74-4690-81cf-da5ab79b92f7: start LeaderElection
2019-10-23 12:36:09,200 [279bca68-3e74-4690-81cf-da5ab79b92f7@group-AF49A4A4CA2A-LeaderElection35] INFO  impl.LeaderElection (LeaderElection.java:askForVotes(178)) - 279bca68-3e74-4690-81cf-da5ab79b92f7@group-AF49A4A4CA2A-LeaderElection35: begin an election at term 31 for -1: [daebe4f8-0ad9-4eb2-8ed7-3a8051847eb6:192.168.69.118:44860, 389d5540-641f-48c2-a9df-60738dbad976:192.168.69.118:45712, 279bca68-3e74-4690-81cf-da5ab79b92f7:192.168.69.118:45510], old=null
2019-10-23 12:36:09,203 [grpc-default-executor-0] INFO  impl.RaftServerImpl (RaftServerImpl.java:setRole(184)) - daebe4f8-0ad9-4eb2-8ed7-3a8051847eb6@group-AF49A4A4CA2A: changes role from  FOLLOWER to FOLLOWER at term 31 for recognizeCandidate:279bca68-3e74-4690-81cf-da5ab79b92f7
2019-10-23 12:36:09,203 [grpc-default-executor-0] INFO  impl.RoleInfo (RoleInfo.java:shutdownFollowerState(121)) - daebe4f8-0ad9-4eb2-8ed7-3a8051847eb6: shutdown FollowerState
2019-10-23 12:36:09,204 [Thread-430] INFO  impl.FollowerState (FollowerState.java:run(117)) - daebe4f8-0ad9-4eb2-8ed7-3a8051847eb6@group-AF49A4A4CA2A-FollowerState was interrupted: java.lang.InterruptedException: sleep interrupted
2019-10-23 12:36:09,204 [grpc-default-executor-0] INFO  impl.RoleInfo (RoleInfo.java:updateAndGet(143)) - daebe4f8-0ad9-4eb2-8ed7-3a8051847eb6: start FollowerState
2019-10-23 12:36:09,204 [grpc-default-executor-3] INFO  impl.RaftServerImpl (RaftServerImpl.java:setRole(184)) - 389d5540-641f-48c2-a9df-60738dbad976@group-AF49A4A4CA2A: changes role from  FOLLOWER to FOLLOWER at term 31 for recognizeCandidate:279bca68-3e74-4690-81cf-da5ab79b92f7
2019-10-23 12:36:09,204 [grpc-default-executor-3] INFO  impl.RoleInfo (RoleInfo.java:shutdownFollowerState(121)) - 389d5540-641f-48c2-a9df-60738dbad976: shutdown FollowerState
2019-10-23 12:36:09,204 [grpc-default-executor-3] INFO  impl.RoleInfo (RoleInfo.java:updateAndGet(143)) - 389d5540-641f-48c2-a9df-60738dbad976: start FollowerState
2019-10-23 12:36:09,204 [Thread-429] INFO  impl.FollowerState (FollowerState.java:run(117)) - 389d5540-641f-48c2-a9df-60738dbad976@group-AF49A4A4CA2A-FollowerState was interrupted: java.lang.InterruptedException: sleep interrupted
2019-10-23 12:36:09,219 [279bca68-3e74-4690-81cf-da5ab79b92f7@group-AF49A4A4CA2A-LeaderElection35] INFO  impl.LeaderElection (LeaderElection.java:logAndReturn(56)) - 279bca68-3e74-4690-81cf-da5ab79b92f7@group-AF49A4A4CA2A-LeaderElection35: Election REJECTED; received 2 response(s) [279bca68-3e74-4690-81cf-da5ab79b92f7<-daebe4f8-0ad9-4eb2-8ed7-3a8051847eb6#0:FAIL-t31, 279bca68-3e74-4690-81cf-da5ab79b92f7<-389d5540-641f-48c2-a9df-60738dbad976#0:FAIL-t31] and 0 exception(s); 279bca68-3e74-4690-81cf-da5ab79b92f7@group-AF49A4A4CA2A:t31, leader=null, voted=279bca68-3e74-4690-81cf-da5ab79b92f7, raftlog=279bca68-3e74-4690-81cf-da5ab79b92f7@group-AF49A4A4CA2A-SegmentedRaftLog:OPENED:c-1,f-1,i0, conf=-1: [daebe4f8-0ad9-4eb2-8ed7-3a8051847eb6:192.168.69.118:44860, 389d5540-641f-48c2-a9df-60738dbad976:192.168.69.118:45712, 279bca68-3e74-4690-81cf-da5ab79b92f7:192.168.69.118:45510], old=null
2019-10-23 12:36:09,219 [279bca68-3e74-4690-81cf-da5ab79b92f7@group-AF49A4A4CA2A-LeaderElection35] INFO  impl.RaftServerImpl (RaftServerImpl.java:setRole(184)) - 279bca68-3e74-4690-81cf-da5ab79b92f7@group-AF49A4A4CA2A: changes role from CANDIDATE to FOLLOWER at term 31 for DISCOVERED_A_NEW_TERM
2019-10-23 12:36:09,219 [279bca68-3e74-4690-81cf-da5ab79b92f7@group-AF49A4A4CA2A-LeaderElection35] INFO  impl.RoleInfo (RoleInfo.java:shutdownLeaderElection(134)) - 279bca68-3e74-4690-81cf-da5ab79b92f7: shutdown LeaderElection
2019-10-23 12:36:09,220 [279bca68-3e74-4690-81cf-da5ab79b92f7@group-AF49A4A4CA2A-LeaderElection35] INFO  impl.RoleInfo (RoleInfo.java:updateAndGet(143)) - 279bca68-3e74-4690-81cf-da5ab79b92f7: start FollowerState
2019-10-23 12:36:09,376 [Thread-437] INFO  impl.FollowerState (FollowerState.java:run(108)) - 279bca68-3e74-4690-81cf-da5ab79b92f7@group-AF49A4A4CA2A-FollowerState: change to CANDIDATE, lastRpcTime:156ms, electionTimeout:156ms
2019-10-23 12:36:09,378 [Thread-437] INFO  impl.RoleInfo (RoleInfo.java:shutdownFollowerState(121)) - 279bca68-3e74-4690-81cf-da5ab79b92f7: shutdown FollowerState
2019-10-23 12:36:09,378 [Thread-437] INFO  impl.RaftServerImpl (RaftServerImpl.java:setRole(184)) - 279bca68-3e74-4690-81cf-da5ab79b92f7@group-AF49A4A4CA2A: changes role from  FOLLOWER to CANDIDATE at term 31 for changeToCandidate
2019-10-23 12:36:09,378 [Thread-437] INFO  impl.RoleInfo (RoleInfo.java:updateAndGet(143)) - 279bca68-3e74-4690-81cf-da5ab79b92f7: start LeaderElection
2019-10-23 12:36:09,393 [279bca68-3e74-4690-81cf-da5ab79b92f7@group-AF49A4A4CA2A-LeaderElection36] INFO  impl.LeaderElection (LeaderElection.java:askForVotes(178)) - 279bca68-3e74-4690-81cf-da5ab79b92f7@group-AF49A4A4CA2A-LeaderElection36: begin an election at term 32 for -1: [daebe4f8-0ad9-4eb2-8ed7-3a8051847eb6:192.168.69.118:44860, 389d5540-641f-48c2-a9df-60738dbad976:192.168.69.118:45712, 279bca68-3e74-4690-81cf-da5ab79b92f7:192.168.69.118:45510], old=null
2019-10-23 12:36:09,397 [grpc-default-executor-3] INFO  impl.RaftServerImpl (RaftServerImpl.java:setRole(184)) - 389d5540-641f-48c2-a9df-60738dbad976@group-AF49A4A4CA2A: changes role from  FOLLOWER to FOLLOWER at term 32 for recognizeCandidate:279bca68-3e74-4690-81cf-da5ab79b92f7
2019-10-23 12:36:09,397 [grpc-default-executor-0] INFO  impl.RaftServerImpl (RaftServerImpl.java:setRole(184)) - daebe4f8-0ad9-4eb2-8ed7-3a8051847eb6@group-AF49A4A4CA2A: changes role from  FOLLOWER to FOLLOWER at term 32 for recognizeCandidate:279bca68-3e74-4690-81cf-da5ab79b92f7
2019-10-23 12:36:09,397 [grpc-default-executor-3] INFO  impl.RoleInfo (RoleInfo.java:shutdownFollowerState(121)) - 389d5540-641f-48c2-a9df-60738dbad976: shutdown FollowerState
2019-10-23 12:36:09,397 [grpc-default-executor-0] INFO  impl.RoleInfo (RoleInfo.java:shutdownFollowerState(121)) - daebe4f8-0ad9-4eb2-8ed7-3a8051847eb6: shutdown FollowerState
2019-10-23 12:36:09,397 [grpc-default-executor-3] INFO  impl.RoleInfo (RoleInfo.java:updateAndGet(143)) - 389d5540-641f-48c2-a9df-60738dbad976: start FollowerState
2019-10-23 12:36:09,398 [grpc-default-executor-0] INFO  impl.RoleInfo (RoleInfo.java:updateAndGet(143)) - daebe4f8-0ad9-4eb2-8ed7-3a8051847eb6: start FollowerState
2019-10-23 12:36:09,398 [Thread-435] INFO  impl.FollowerState (FollowerState.java:run(117)) - daebe4f8-0ad9-4eb2-8ed7-3a8051847eb6@group-AF49A4A4CA2A-FollowerState was interrupted: java.lang.InterruptedException: sleep interrupted
2019-10-23 12:36:09,397 [Thread-436] INFO  impl.FollowerState (FollowerState.java:run(117)) - 389d5540-641f-48c2-a9df-60738dbad976@group-AF49A4A4CA2A-FollowerState was interrupted: java.lang.InterruptedException: sleep interrupted
2019-10-23 12:36:09,425 [279bca68-3e74-4690-81cf-da5ab79b92f7@group-AF49A4A4CA2A-LeaderElection36] INFO  impl.LeaderElection (LeaderElection.java:logAndReturn(56)) - 279bca68-3e74-4690-81cf-da5ab79b92f7@group-AF49A4A4CA2A-LeaderElection36: Election REJECTED; received 2 response(s) [279bca68-3e74-4690-81cf-da5ab79b92f7<-daebe4f8-0ad9-4eb2-8ed7-3a8051847eb6#0:FAIL-t32, 279bca68-3e74-4690-81cf-da5ab79b92f7<-389d5540-641f-48c2-a9df-60738dbad976#0:FAIL-t32] and 0 exception(s); 279bca68-3e74-4690-81cf-da5ab79b92f7@group-AF49A4A4CA2A:t32, leader=null, voted=279bca68-3e74-4690-81cf-da5ab79b92f7, raftlog=279bca68-3e74-4690-81cf-da5ab79b92f7@group-AF49A4A4CA2A-SegmentedRaftLog:OPENED:c-1,f-1,i0, conf=-1: [daebe4f8-0ad9-4eb2-8ed7-3a8051847eb6:192.168.69.118:44860, 389d5540-641f-48c2-a9df-60738dbad976:192.168.69.118:45712, 279bca68-3e74-4690-81cf-da5ab79b92f7:192.168.69.118:45510], old=null
2019-10-23 12:36:09,425 [279bca68-3e74-4690-81cf-da5ab79b92f7@group-AF49A4A4CA2A-LeaderElection36] INFO  impl.RaftServerImpl (RaftServerImpl.java:setRole(184)) - 279bca68-3e74-4690-81cf-da5ab79b92f7@group-AF49A4A4CA2A: changes role from CANDIDATE to FOLLOWER at term 32 for DISCOVERED_A_NEW_TERM
2019-10-23 12:36:09,425 [279bca68-3e74-4690-81cf-da5ab79b92f7@group-AF49A4A4CA2A-LeaderElection36] INFO  impl.RoleInfo (RoleInfo.java:shutdownLeaderElection(134)) - 279bca68-3e74-4690-81cf-da5ab79b92f7: shutdown LeaderElection
2019-10-23 12:36:09,425 [279bca68-3e74-4690-81cf-da5ab79b92f7@group-AF49A4A4CA2A-LeaderElection36] INFO  impl.RoleInfo (RoleInfo.java:updateAndGet(143)) - 279bca68-3e74-4690-81cf-da5ab79b92f7: start FollowerState
2019-10-23 12:36:09,449 [Thread-443] INFO  impl.FollowerState (FollowerState.java:run(108)) - 279bca68-3e74-4690-81cf-da5ab79b92f7@group-AF49A4A4CA2A-FollowerState: change to CANDIDATE, lastRpcTime:23ms, electionTimeout:19ms
2019-10-23 12:36:09,450 [Thread-443] INFO  impl.RoleInfo (RoleInfo.java:shutdownFollowerState(121)) - 279bca68-3e74-4690-81cf-da5ab79b92f7: shutdown FollowerState
2019-10-23 12:36:09,450 [Thread-443] INFO  impl.RaftServerImpl (RaftServerImpl.java:setRole(184)) - 279bca68-3e74-4690-81cf-da5ab79b92f7@group-AF49A4A4CA2A: changes role from  FOLLOWER to CANDIDATE at term 32 for changeToCandidate
2019-10-23 12:36:09,450 [Thread-443] INFO  impl.RoleInfo (RoleInfo.java:updateAndGet(143)) - 279bca68-3e74-4690-81cf-da5ab79b92f7: start LeaderElection
2019-10-23 12:36:09,464 [279bca68-3e74-4690-81cf-da5ab79b92f7@group-AF49A4A4CA2A-LeaderElection37] INFO  impl.LeaderElection (LeaderElection.java:askForVotes(178)) - 279bca68-3e74-4690-81cf-da5ab79b92f7@group-AF49A4A4CA2A-LeaderElection37: begin an election at term 33 for -1: [daebe4f8-0ad9-4eb2-8ed7-3a8051847eb6:192.168.69.118:44860, 389d5540-641f-48c2-a9df-60738dbad976:192.168.69.118:45712, 279bca68-3e74-4690-81cf-da5ab79b92f7:192.168.69.118:45510], old=null
2019-10-23 12:36:09,466 [grpc-default-executor-0] INFO  impl.RaftServerImpl (RaftServerImpl.java:setRole(184)) - daebe4f8-0ad9-4eb2-8ed7-3a8051847eb6@group-AF49A4A4CA2A: changes role from  FOLLOWER to FOLLOWER at term 33 for recognizeCandidate:279bca68-3e74-4690-81cf-da5ab79b92f7
2019-10-23 12:36:09,467 [grpc-default-executor-0] INFO  impl.RoleInfo (RoleInfo.java:shutdownFollowerState(121)) - daebe4f8-0ad9-4eb2-8ed7-3a8051847eb6: shutdown FollowerState
2019-10-23 12:36:09,467 [grpc-default-executor-0] INFO  impl.RoleInfo (RoleInfo.java:updateAndGet(143)) - daebe4f8-0ad9-4eb2-8ed7-3a8051847eb6: start FollowerState
2019-10-23 12:36:09,467 [Thread-442] INFO  impl.FollowerState (FollowerState.java:run(117)) - daebe4f8-0ad9-4eb2-8ed7-3a8051847eb6@group-AF49A4A4CA2A-FollowerState was interrupted: java.lang.InterruptedException: sleep interrupted
2019-10-23 12:36:09,467 [grpc-default-executor-3] INFO  impl.RaftServerImpl (RaftServerImpl.java:setRole(184)) - 389d5540-641f-48c2-a9df-60738dbad976@group-AF49A4A4CA2A: changes role from  FOLLOWER to FOLLOWER at term 33 for recognizeCandidate:279bca68-3e74-4690-81cf-da5ab79b92f7
2019-10-23 12:36:09,467 [grpc-default-executor-3] INFO  impl.RoleInfo (RoleInfo.java:shutdownFollowerState(121)) - 389d5540-641f-48c2-a9df-60738dbad976: shutdown FollowerState
2019-10-23 12:36:09,468 [Thread-441] INFO  impl.FollowerState (FollowerState.java:run(117)) - 389d5540-641f-48c2-a9df-60738dbad976@group-AF49A4A4CA2A-FollowerState was interrupted: java.lang.InterruptedException: sleep interrupted
2019-10-23 12:36:09,468 [grpc-default-executor-3] INFO  impl.RoleInfo (RoleInfo.java:updateAndGet(143)) - 389d5540-641f-48c2-a9df-60738dbad976: start FollowerState
2019-10-23 12:36:09,487 [279bca68-3e74-4690-81cf-da5ab79b92f7@group-AF49A4A4CA2A-LeaderElection37] INFO  impl.LeaderElection (LeaderElection.java:logAndReturn(56)) - 279bca68-3e74-4690-81cf-da5ab79b92f7@group-AF49A4A4CA2A-LeaderElection37: Election REJECTED; received 2 response(s) [279bca68-3e74-4690-81cf-da5ab79b92f7<-daebe4f8-0ad9-4eb2-8ed7-3a8051847eb6#0:FAIL-t33, 279bca68-3e74-4690-81cf-da5ab79b92f7<-389d5540-641f-48c2-a9df-60738dbad976#0:FAIL-t33] and 0 exception(s); 279bca68-3e74-4690-81cf-da5ab79b92f7@group-AF49A4A4CA2A:t33, leader=null, voted=279bca68-3e74-4690-81cf-da5ab79b92f7, raftlog=279bca68-3e74-4690-81cf-da5ab79b92f7@group-AF49A4A4CA2A-SegmentedRaftLog:OPENED:c-1,f-1,i0, conf=-1: [daebe4f8-0ad9-4eb2-8ed7-3a8051847eb6:192.168.69.118:44860, 389d5540-641f-48c2-a9df-60738dbad976:192.168.69.118:45712, 279bca68-3e74-4690-81cf-da5ab79b92f7:192.168.69.118:45510], old=null
2019-10-23 12:36:09,487 [279bca68-3e74-4690-81cf-da5ab79b92f7@group-AF49A4A4CA2A-LeaderElection37] INFO  impl.RaftServerImpl (RaftServerImpl.java:setRole(184)) - 279bca68-3e74-4690-81cf-da5ab79b92f7@group-AF49A4A4CA2A: changes role from CANDIDATE to FOLLOWER at term 33 for DISCOVERED_A_NEW_TERM
2019-10-23 12:36:09,487 [279bca68-3e74-4690-81cf-da5ab79b92f7@group-AF49A4A4CA2A-LeaderElection37] INFO  impl.RoleInfo (RoleInfo.java:shutdownLeaderElection(134)) - 279bca68-3e74-4690-81cf-da5ab79b92f7: shutdown LeaderElection
2019-10-23 12:36:09,487 [279bca68-3e74-4690-81cf-da5ab79b92f7@group-AF49A4A4CA2A-LeaderElection37] INFO  impl.RoleInfo (RoleInfo.java:updateAndGet(143)) - 279bca68-3e74-4690-81cf-da5ab79b92f7: start FollowerState
2019-10-23 12:36:09,640 [Thread-449] INFO  impl.FollowerState (FollowerState.java:run(108)) - 279bca68-3e74-4690-81cf-da5ab79b92f7@group-AF49A4A4CA2A-FollowerState: change to CANDIDATE, lastRpcTime:152ms, electionTimeout:152ms
2019-10-23 12:36:09,641 [Thread-449] INFO  impl.RoleInfo (RoleInfo.java:shutdownFollowerState(121)) - 279bca68-3e74-4690-81cf-da5ab79b92f7: shutdown FollowerState
2019-10-23 12:36:09,641 [Thread-449] INFO  impl.RaftServerImpl (RaftServerImpl.java:setRole(184)) - 279bca68-3e74-4690-81cf-da5ab79b92f7@group-AF49A4A4CA2A: changes role from  FOLLOWER to CANDIDATE at term 33 for changeToCandidate
2019-10-23 12:36:09,641 [Thread-449] INFO  impl.RoleInfo (RoleInfo.java:updateAndGet(143)) - 279bca68-3e74-4690-81cf-da5ab79b92f7: start LeaderElection
2019-10-23 12:36:09,664 [279bca68-3e74-4690-81cf-da5ab79b92f7@group-AF49A4A4CA2A-LeaderElection38] INFO  impl.LeaderElection (LeaderElection.java:askForVotes(178)) - 279bca68-3e74-4690-81cf-da5ab79b92f7@group-AF49A4A4CA2A-LeaderElection38: begin an election at term 34 for -1: [daebe4f8-0ad9-4eb2-8ed7-3a8051847eb6:192.168.69.118:44860, 389d5540-641f-48c2-a9df-60738dbad976:192.168.69.118:45712, 279bca68-3e74-4690-81cf-da5ab79b92f7:192.168.69.118:45510], old=null
2019-10-23 12:36:09,670 [grpc-default-executor-0] INFO  impl.RaftServerImpl (RaftServerImpl.java:setRole(184)) - daebe4f8-0ad9-4eb2-8ed7-3a8051847eb6@group-AF49A4A4CA2A: changes role from  FOLLOWER to FOLLOWER at term 34 for recognizeCandidate:279bca68-3e74-4690-81cf-da5ab79b92f7
2019-10-23 12:36:09,670 [grpc-default-executor-0] INFO  impl.RoleInfo (RoleInfo.java:shutdownFollowerState(121)) - daebe4f8-0ad9-4eb2-8ed7-3a8051847eb6: shutdown FollowerState
2019-10-23 12:36:09,670 [grpc-default-executor-0] INFO  impl.RoleInfo (RoleInfo.java:updateAndGet(143)) - daebe4f8-0ad9-4eb2-8ed7-3a8051847eb6: start FollowerState
2019-10-23 12:36:09,670 [grpc-default-executor-3] INFO  impl.RaftServerImpl (RaftServerImpl.java:setRole(184)) - 389d5540-641f-48c2-a9df-60738dbad976@group-AF49A4A4CA2A: changes role from  FOLLOWER to FOLLOWER at term 34 for recognizeCandidate:279bca68-3e74-4690-81cf-da5ab79b92f7
2019-10-23 12:36:09,670 [Thread-447] INFO  impl.FollowerState (FollowerState.java:run(117)) - daebe4f8-0ad9-4eb2-8ed7-3a8051847eb6@group-AF49A4A4CA2A-FollowerState was interrupted: java.lang.InterruptedException: sleep interrupted
2019-10-23 12:36:09,670 [grpc-default-executor-3] INFO  impl.RoleInfo (RoleInfo.java:shutdownFollowerState(121)) - 389d5540-641f-48c2-a9df-60738dbad976: shutdown FollowerState
2019-10-23 12:36:09,671 [Thread-448] INFO  impl.FollowerState (FollowerState.java:run(117)) - 389d5540-641f-48c2-a9df-60738dbad976@group-AF49A4A4CA2A-FollowerState was interrupted: java.lang.InterruptedException: sleep interrupted
2019-10-23 12:36:09,671 [grpc-default-executor-3] INFO  impl.RoleInfo (RoleInfo.java:updateAndGet(143)) - 389d5540-641f-48c2-a9df-60738dbad976: start FollowerState
2019-10-23 12:36:09,686 [279bca68-3e74-4690-81cf-da5ab79b92f7@group-AF49A4A4CA2A-LeaderElection38] INFO  impl.LeaderElection (LeaderElection.java:logAndReturn(56)) - 279bca68-3e74-4690-81cf-da5ab79b92f7@group-AF49A4A4CA2A-LeaderElection38: Election REJECTED; received 2 response(s) [279bca68-3e74-4690-81cf-da5ab79b92f7<-daebe4f8-0ad9-4eb2-8ed7-3a8051847eb6#0:FAIL-t34, 279bca68-3e74-4690-81cf-da5ab79b92f7<-389d5540-641f-48c2-a9df-60738dbad976#0:FAIL-t34] and 0 exception(s); 279bca68-3e74-4690-81cf-da5ab79b92f7@group-AF49A4A4CA2A:t34, leader=null, voted=279bca68-3e74-4690-81cf-da5ab79b92f7, raftlog=279bca68-3e74-4690-81cf-da5ab79b92f7@group-AF49A4A4CA2A-SegmentedRaftLog:OPENED:c-1,f-1,i0, conf=-1: [daebe4f8-0ad9-4eb2-8ed7-3a8051847eb6:192.168.69.118:44860, 389d5540-641f-48c2-a9df-60738dbad976:192.168.69.118:45712, 279bca68-3e74-4690-81cf-da5ab79b92f7:192.168.69.118:45510], old=null
2019-10-23 12:36:09,686 [279bca68-3e74-4690-81cf-da5ab79b92f7@group-AF49A4A4CA2A-LeaderElection38] INFO  impl.RaftServerImpl (RaftServerImpl.java:setRole(184)) - 279bca68-3e74-4690-81cf-da5ab79b92f7@group-AF49A4A4CA2A: changes role from CANDIDATE to FOLLOWER at term 34 for DISCOVERED_A_NEW_TERM
2019-10-23 12:36:09,686 [279bca68-3e74-4690-81cf-da5ab79b92f7@group-AF49A4A4CA2A-LeaderElection38] INFO  impl.RoleInfo (RoleInfo.java:shutdownLeaderElection(134)) - 279bca68-3e74-4690-81cf-da5ab79b92f7: shutdown LeaderElection
2019-10-23 12:36:09,687 [279bca68-3e74-4690-81cf-da5ab79b92f7@group-AF49A4A4CA2A-LeaderElection38] INFO  impl.RoleInfo (RoleInfo.java:updateAndGet(143)) - 279bca68-3e74-4690-81cf-da5ab79b92f7: start FollowerState
2019-10-23 12:36:09,748 [Thread-457] INFO  impl.FollowerState (FollowerState.java:run(108)) - 279bca68-3e74-4690-81cf-da5ab79b92f7@group-AF49A4A4CA2A-FollowerState: change to CANDIDATE, lastRpcTime:61ms, electionTimeout:61ms
2019-10-23 12:36:09,749 [Thread-457] INFO  impl.RoleInfo (RoleInfo.java:shutdownFollowerState(121)) - 279bca68-3e74-4690-81cf-da5ab79b92f7: shutdown FollowerState
2019-10-23 12:36:09,749 [Thread-457] INFO  impl.RaftServerImpl (RaftServerImpl.java:setRole(184)) - 279bca68-3e74-4690-81cf-da5ab79b92f7@group-AF49A4A4CA2A: changes role from  FOLLOWER to CANDIDATE at term 34 for changeToCandidate
2019-10-23 12:36:09,750 [Thread-457] INFO  impl.RoleInfo (RoleInfo.java:updateAndGet(143)) - 279bca68-3e74-4690-81cf-da5ab79b92f7: start LeaderElection
2019-10-23 12:36:09,763 [279bca68-3e74-4690-81cf-da5ab79b92f7@group-AF49A4A4CA2A-LeaderElection39] INFO  impl.LeaderElection (LeaderElection.java:askForVotes(178)) - 279bca68-3e74-4690-81cf-da5ab79b92f7@group-AF49A4A4CA2A-LeaderElection39: begin an election at term 35 for -1: [daebe4f8-0ad9-4eb2-8ed7-3a8051847eb6:192.168.69.118:44860, 389d5540-641f-48c2-a9df-60738dbad976:192.168.69.118:45712, 279bca68-3e74-4690-81cf-da5ab79b92f7:192.168.69.118:45510], old=null
2019-10-23 12:36:09,766 [grpc-default-executor-0] INFO  impl.RaftServerImpl (RaftServerImpl.java:setRole(184)) - daebe4f8-0ad9-4eb2-8ed7-3a8051847eb6@group-AF49A4A4CA2A: changes role from  FOLLOWER to FOLLOWER at term 35 for recognizeCandidate:279bca68-3e74-4690-81cf-da5ab79b92f7
2019-10-23 12:36:09,766 [grpc-default-executor-0] INFO  impl.RoleInfo (RoleInfo.java:shutdownFollowerState(121)) - daebe4f8-0ad9-4eb2-8ed7-3a8051847eb6: shutdown FollowerState
2019-10-23 12:36:09,766 [grpc-default-executor-0] INFO  impl.RoleInfo (RoleInfo.java:updateAndGet(143)) - daebe4f8-0ad9-4eb2-8ed7-3a8051847eb6: start FollowerState
2019-10-23 12:36:09,767 [Thread-455] INFO  impl.FollowerState (FollowerState.java:run(117)) - daebe4f8-0ad9-4eb2-8ed7-3a8051847eb6@group-AF49A4A4CA2A-FollowerState was interrupted: java.lang.InterruptedException: sleep interrupted
2019-10-23 12:36:09,767 [grpc-default-executor-3] INFO  impl.RaftServerImpl (RaftServerImpl.java:setRole(184)) - 389d5540-641f-48c2-a9df-60738dbad976@group-AF49A4A4CA2A: changes role from  FOLLOWER to FOLLOWER at term 35 for recognizeCandidate:279bca68-3e74-4690-81cf-da5ab79b92f7
2019-10-23 12:36:09,767 [grpc-default-executor-3] INFO  impl.RoleInfo (RoleInfo.java:shutdownFollowerState(121)) - 389d5540-641f-48c2-a9df-60738dbad976: shutdown FollowerState
2019-10-23 12:36:09,767 [Thread-456] INFO  impl.FollowerState (FollowerState.java:run(117)) - 389d5540-641f-48c2-a9df-60738dbad976@group-AF49A4A4CA2A-FollowerState was interrupted: java.lang.InterruptedException: sleep interrupted
2019-10-23 12:36:09,767 [grpc-default-executor-3] INFO  impl.RoleInfo (RoleInfo.java:updateAndGet(143)) - 389d5540-641f-48c2-a9df-60738dbad976: start FollowerState
2019-10-23 12:36:09,802 [279bca68-3e74-4690-81cf-da5ab79b92f7@group-AF49A4A4CA2A-LeaderElection39] INFO  impl.LeaderElection (LeaderElection.java:logAndReturn(56)) - 279bca68-3e74-4690-81cf-da5ab79b92f7@group-AF49A4A4CA2A-LeaderElection39: Election REJECTED; received 2 response(s) [279bca68-3e74-4690-81cf-da5ab79b92f7<-daebe4f8-0ad9-4eb2-8ed7-3a8051847eb6#0:FAIL-t35, 279bca68-3e74-4690-81cf-da5ab79b92f7<-389d5540-641f-48c2-a9df-60738dbad976#0:FAIL-t35] and 0 exception(s); 279bca68-3e74-4690-81cf-da5ab79b92f7@group-AF49A4A4CA2A:t35, leader=null, voted=279bca68-3e74-4690-81cf-da5ab79b92f7, raftlog=279bca68-3e74-4690-81cf-da5ab79b92f7@group-AF49A4A4CA2A-SegmentedRaftLog:OPENED:c-1,f-1,i0, conf=-1: [daebe4f8-0ad9-4eb2-8ed7-3a8051847eb6:192.168.69.118:44860, 389d5540-641f-48c2-a9df-60738dbad976:192.168.69.118:45712, 279bca68-3e74-4690-81cf-da5ab79b92f7:192.168.69.118:45510], old=null
2019-10-23 12:36:09,802 [279bca68-3e74-4690-81cf-da5ab79b92f7@group-AF49A4A4CA2A-LeaderElection39] INFO  impl.RaftServerImpl (RaftServerImpl.java:setRole(184)) - 279bca68-3e74-4690-81cf-da5ab79b92f7@group-AF49A4A4CA2A: changes role from CANDIDATE to FOLLOWER at term 35 for DISCOVERED_A_NEW_TERM
2019-10-23 12:36:09,802 [279bca68-3e74-4690-81cf-da5ab79b92f7@group-AF49A4A4CA2A-LeaderElection39] INFO  impl.RoleInfo (RoleInfo.java:shutdownLeaderElection(134)) - 279bca68-3e74-4690-81cf-da5ab79b92f7: shutdown LeaderElection
2019-10-23 12:36:09,803 [279bca68-3e74-4690-81cf-da5ab79b92f7@group-AF49A4A4CA2A-LeaderElection39] INFO  impl.RoleInfo (RoleInfo.java:updateAndGet(143)) - 279bca68-3e74-4690-81cf-da5ab79b92f7: start FollowerState
2019-10-23 12:36:09,982 [Thread-463] INFO  impl.FollowerState (FollowerState.java:run(108)) - 279bca68-3e74-4690-81cf-da5ab79b92f7@group-AF49A4A4CA2A-FollowerState: change to CANDIDATE, lastRpcTime:179ms, electionTimeout:179ms
2019-10-23 12:36:09,983 [Thread-463] INFO  impl.RoleInfo (RoleInfo.java:shutdownFollowerState(121)) - 279bca68-3e74-4690-81cf-da5ab79b92f7: shutdown FollowerState
2019-10-23 12:36:09,983 [Thread-463] INFO  impl.RaftServerImpl (RaftServerImpl.java:setRole(184)) - 279bca68-3e74-4690-81cf-da5ab79b92f7@group-AF49A4A4CA2A: changes role from  FOLLOWER to CANDIDATE at term 35 for changeToCandidate
2019-10-23 12:36:09,984 [Thread-463] INFO  impl.RoleInfo (RoleInfo.java:updateAndGet(143)) - 279bca68-3e74-4690-81cf-da5ab79b92f7: start LeaderElection
2019-10-23 12:36:10,009 [279bca68-3e74-4690-81cf-da5ab79b92f7@group-AF49A4A4CA2A-LeaderElection40] INFO  impl.LeaderElection (LeaderElection.java:askForVotes(178)) - 279bca68-3e74-4690-81cf-da5ab79b92f7@group-AF49A4A4CA2A-LeaderElection40: begin an election at term 36 for -1: [daebe4f8-0ad9-4eb2-8ed7-3a8051847eb6:192.168.69.118:44860, 389d5540-641f-48c2-a9df-60738dbad976:192.168.69.118:45712, 279bca68-3e74-4690-81cf-da5ab79b92f7:192.168.69.118:45510], old=null
2019-10-23 12:36:10,011 [279bca68-3e74-4690-81cf-da5ab79b92f7@group-AF49A4A4CA2A-LeaderElection40] INFO  impl.LeaderElection (LeaderElection.java:logAndReturn(56)) - 279bca68-3e74-4690-81cf-da5ab79b92f7@group-AF49A4A4CA2A-LeaderElection40: Election TIMEOUT; received 0 response(s) [] and 0 exception(s); 279bca68-3e74-4690-81cf-da5ab79b92f7@group-AF49A4A4CA2A:t36, leader=null, voted=279bca68-3e74-4690-81cf-da5ab79b92f7, raftlog=279bca68-3e74-4690-81cf-da5ab79b92f7@group-AF49A4A4CA2A-SegmentedRaftLog:OPENED:c-1,f-1,i0, conf=-1: [daebe4f8-0ad9-4eb2-8ed7-3a8051847eb6:192.168.69.118:44860, 389d5540-641f-48c2-a9df-60738dbad976:192.168.69.118:45712, 279bca68-3e74-4690-81cf-da5ab79b92f7:192.168.69.118:45510], old=null
2019-10-23 12:36:10,012 [grpc-default-executor-0] INFO  impl.RaftServerImpl (RaftServerImpl.java:setRole(184)) - 389d5540-641f-48c2-a9df-60738dbad976@group-AF49A4A4CA2A: changes role from  FOLLOWER to FOLLOWER at term 36 for recognizeCandidate:279bca68-3e74-4690-81cf-da5ab79b92f7
2019-10-23 12:36:10,012 [grpc-default-executor-0] INFO  impl.RoleInfo (RoleInfo.java:shutdownFollowerState(121)) - 389d5540-641f-48c2-a9df-60738dbad976: shutdown FollowerState
2019-10-23 12:36:10,013 [grpc-default-executor-0] INFO  impl.RoleInfo (RoleInfo.java:updateAndGet(143)) - 389d5540-641f-48c2-a9df-60738dbad976: start FollowerState
2019-10-23 12:36:10,013 [Thread-462] INFO  impl.FollowerState (FollowerState.java:run(117)) - 389d5540-641f-48c2-a9df-60738dbad976@group-AF49A4A4CA2A-FollowerState was interrupted: java.lang.InterruptedException: sleep interrupted
2019-10-23 12:36:10,013 [grpc-default-executor-3] INFO  impl.RaftServerImpl (RaftServerImpl.java:setRole(184)) - daebe4f8-0ad9-4eb2-8ed7-3a8051847eb6@group-AF49A4A4CA2A: changes role from  FOLLOWER to FOLLOWER at term 36 for recognizeCandidate:279bca68-3e74-4690-81cf-da5ab79b92f7
2019-10-23 12:36:10,021 [grpc-default-executor-3] INFO  impl.RoleInfo (RoleInfo.java:shutdownFollowerState(121)) - daebe4f8-0ad9-4eb2-8ed7-3a8051847eb6: shutdown FollowerState
2019-10-23 12:36:10,021 [Thread-461] INFO  impl.FollowerState (FollowerState.java:run(117)) - daebe4f8-0ad9-4eb2-8ed7-3a8051847eb6@group-AF49A4A4CA2A-FollowerState was interrupted: java.lang.InterruptedException: sleep interrupted
2019-10-23 12:36:10,021 [grpc-default-executor-3] INFO  impl.RoleInfo (RoleInfo.java:updateAndGet(143)) - daebe4f8-0ad9-4eb2-8ed7-3a8051847eb6: start FollowerState
2019-10-23 12:36:10,032 [279bca68-3e74-4690-81cf-da5ab79b92f7@group-AF49A4A4CA2A-LeaderElection40] INFO  impl.LeaderElection (LeaderElection.java:askForVotes(178)) - 279bca68-3e74-4690-81cf-da5ab79b92f7@group-AF49A4A4CA2A-LeaderElection40: begin an election at term 37 for -1: [daebe4f8-0ad9-4eb2-8ed7-3a8051847eb6:192.168.69.118:44860, 389d5540-641f-48c2-a9df-60738dbad976:192.168.69.118:45712, 279bca68-3e74-4690-81cf-da5ab79b92f7:192.168.69.118:45510], old=null
2019-10-23 12:36:10,036 [grpc-default-executor-0] INFO  impl.RaftServerImpl (RaftServerImpl.java:setRole(184)) - daebe4f8-0ad9-4eb2-8ed7-3a8051847eb6@group-AF49A4A4CA2A: changes role from  FOLLOWER to FOLLOWER at term 37 for recognizeCandidate:279bca68-3e74-4690-81cf-da5ab79b92f7
2019-10-23 12:36:10,036 [grpc-default-executor-0] INFO  impl.RoleInfo (RoleInfo.java:shutdownFollowerState(121)) - daebe4f8-0ad9-4eb2-8ed7-3a8051847eb6: shutdown FollowerState
2019-10-23 12:36:10,036 [grpc-default-executor-3] INFO  impl.RaftServerImpl (RaftServerImpl.java:setRole(184)) - 389d5540-641f-48c2-a9df-60738dbad976@group-AF49A4A4CA2A: changes role from  FOLLOWER to FOLLOWER at term 37 for recognizeCandidate:279bca68-3e74-4690-81cf-da5ab79b92f7
2019-10-23 12:36:10,036 [grpc-default-executor-0] INFO  impl.RoleInfo (RoleInfo.java:updateAndGet(143)) - daebe4f8-0ad9-4eb2-8ed7-3a8051847eb6: start FollowerState
2019-10-23 12:36:10,036 [Thread-468] INFO  impl.FollowerState (FollowerState.java:run(117)) - daebe4f8-0ad9-4eb2-8ed7-3a8051847eb6@group-AF49A4A4CA2A-FollowerState was interrupted: java.lang.InterruptedException: sleep interrupted
2019-10-23 12:36:10,036 [grpc-default-executor-3] INFO  impl.RoleInfo (RoleInfo.java:shutdownFollowerState(121)) - 389d5540-641f-48c2-a9df-60738dbad976: shutdown FollowerState
2019-10-23 12:36:10,037 [Thread-467] INFO  impl.FollowerState (FollowerState.java:run(117)) - 389d5540-641f-48c2-a9df-60738dbad976@group-AF49A4A4CA2A-FollowerState was interrupted: java.lang.InterruptedException: sleep interrupted
2019-10-23 12:36:10,037 [grpc-default-executor-3] INFO  impl.RoleInfo (RoleInfo.java:updateAndGet(143)) - 389d5540-641f-48c2-a9df-60738dbad976: start FollowerState
2019-10-23 12:36:10,047 [279bca68-3e74-4690-81cf-da5ab79b92f7@group-AF49A4A4CA2A-LeaderElection40] INFO  impl.LeaderElection (LeaderElection.java:logAndReturn(56)) - 279bca68-3e74-4690-81cf-da5ab79b92f7@group-AF49A4A4CA2A-LeaderElection40: Election REJECTED; received 2 response(s) [279bca68-3e74-4690-81cf-da5ab79b92f7<-daebe4f8-0ad9-4eb2-8ed7-3a8051847eb6#0:FAIL-t37, 279bca68-3e74-4690-81cf-da5ab79b92f7<-389d5540-641f-48c2-a9df-60738dbad976#0:FAIL-t37] and 0 exception(s); 279bca68-3e74-4690-81cf-da5ab79b92f7@group-AF49A4A4CA2A:t37, leader=null, voted=279bca68-3e74-4690-81cf-da5ab79b92f7, raftlog=279bca68-3e74-4690-81cf-da5ab79b92f7@group-AF49A4A4CA2A-SegmentedRaftLog:OPENED:c-1,f-1,i0, conf=-1: [daebe4f8-0ad9-4eb2-8ed7-3a8051847eb6:192.168.69.118:44860, 389d5540-641f-48c2-a9df-60738dbad976:192.168.69.118:45712, 279bca68-3e74-4690-81cf-da5ab79b92f7:192.168.69.118:45510], old=null
2019-10-23 12:36:10,047 [279bca68-3e74-4690-81cf-da5ab79b92f7@group-AF49A4A4CA2A-LeaderElection40] INFO  impl.RaftServerImpl (RaftServerImpl.java:setRole(184)) - 279bca68-3e74-4690-81cf-da5ab79b92f7@group-AF49A4A4CA2A: changes role from CANDIDATE to FOLLOWER at term 37 for DISCOVERED_A_NEW_TERM
2019-10-23 12:36:10,047 [279bca68-3e74-4690-81cf-da5ab79b92f7@group-AF49A4A4CA2A-LeaderElection40] INFO  impl.RoleInfo (RoleInfo.java:shutdownLeaderElection(134)) - 279bca68-3e74-4690-81cf-da5ab79b92f7: shutdown LeaderElection
2019-10-23 12:36:10,047 [279bca68-3e74-4690-81cf-da5ab79b92f7@group-AF49A4A4CA2A-LeaderElection40] INFO  impl.RoleInfo (RoleInfo.java:updateAndGet(143)) - 279bca68-3e74-4690-81cf-da5ab79b92f7: start FollowerState
2019-10-23 12:36:10,070 [Thread-473] INFO  impl.FollowerState (FollowerState.java:run(108)) - 279bca68-3e74-4690-81cf-da5ab79b92f7@group-AF49A4A4CA2A-FollowerState: change to CANDIDATE, lastRpcTime:21ms, electionTimeout:20ms
2019-10-23 12:36:10,070 [Thread-473] INFO  impl.RoleInfo (RoleInfo.java:shutdownFollowerState(121)) - 279bca68-3e74-4690-81cf-da5ab79b92f7: shutdown FollowerState
2019-10-23 12:36:10,071 [Thread-473] INFO  impl.RaftServerImpl (RaftServerImpl.java:setRole(184)) - 279bca68-3e74-4690-81cf-da5ab79b92f7@group-AF49A4A4CA2A: changes role from  FOLLOWER to CANDIDATE at term 37 for changeToCandidate
2019-10-23 12:36:10,071 [Thread-473] INFO  impl.RoleInfo (RoleInfo.java:updateAndGet(143)) - 279bca68-3e74-4690-81cf-da5ab79b92f7: start LeaderElection
2019-10-23 12:36:10,085 [279bca68-3e74-4690-81cf-da5ab79b92f7@group-AF49A4A4CA2A-LeaderElection41] INFO  impl.LeaderElection (LeaderElection.java:askForVotes(178)) - 279bca68-3e74-4690-81cf-da5ab79b92f7@group-AF49A4A4CA2A-LeaderElection41: begin an election at term 38 for -1: [daebe4f8-0ad9-4eb2-8ed7-3a8051847eb6:192.168.69.118:44860, 389d5540-641f-48c2-a9df-60738dbad976:192.168.69.118:45712, 279bca68-3e74-4690-81cf-da5ab79b92f7:192.168.69.118:45510], old=null
2019-10-23 12:36:10,088 [grpc-default-executor-0] INFO  impl.RaftServerImpl (RaftServerImpl.java:setRole(184)) - daebe4f8-0ad9-4eb2-8ed7-3a8051847eb6@group-AF49A4A4CA2A: changes role from  FOLLOWER to FOLLOWER at term 38 for recognizeCandidate:279bca68-3e74-4690-81cf-da5ab79b92f7
2019-10-23 12:36:10,088 [grpc-default-executor-0] INFO  impl.RoleInfo (RoleInfo.java:shutdownFollowerState(121)) - daebe4f8-0ad9-4eb2-8ed7-3a8051847eb6: shutdown FollowerState
2019-10-23 12:36:10,089 [grpc-default-executor-3] INFO  impl.RaftServerImpl (RaftServerImpl.java:setRole(184)) - 389d5540-641f-48c2-a9df-60738dbad976@group-AF49A4A4CA2A: changes role from  FOLLOWER to FOLLOWER at term 38 for recognizeCandidate:279bca68-3e74-4690-81cf-da5ab79b92f7
2019-10-23 12:36:10,089 [Thread-471] INFO  impl.FollowerState (FollowerState.java:run(117)) - daebe4f8-0ad9-4eb2-8ed7-3a8051847eb6@group-AF49A4A4CA2A-FollowerState was interrupted: java.lang.InterruptedException: sleep interrupted
2019-10-23 12:36:10,089 [grpc-default-executor-3] INFO  impl.RoleInfo (RoleInfo.java:shutdownFollowerState(121)) - 389d5540-641f-48c2-a9df-60738dbad976: shutdown FollowerState
2019-10-23 12:36:10,089 [grpc-default-executor-0] INFO  impl.RoleInfo (RoleInfo.java:updateAndGet(143)) - daebe4f8-0ad9-4eb2-8ed7-3a8051847eb6: start FollowerState
2019-10-23 12:36:10,089 [grpc-default-executor-3] INFO  impl.RoleInfo (RoleInfo.java:updateAndGet(143)) - 389d5540-641f-48c2-a9df-60738dbad976: start FollowerState
2019-10-23 12:36:10,089 [Thread-472] INFO  impl.FollowerState (FollowerState.java:run(117)) - 389d5540-641f-48c2-a9df-60738dbad976@group-AF49A4A4CA2A-FollowerState was interrupted: java.lang.InterruptedException: sleep interrupted
2019-10-23 12:36:10,105 [279bca68-3e74-4690-81cf-da5ab79b92f7@group-AF49A4A4CA2A-LeaderElection41] INFO  impl.LeaderElection (LeaderElection.java:logAndReturn(56)) - 279bca68-3e74-4690-81cf-da5ab79b92f7@group-AF49A4A4CA2A-LeaderElection41: Election REJECTED; received 2 response(s) [279bca68-3e74-4690-81cf-da5ab79b92f7<-daebe4f8-0ad9-4eb2-8ed7-3a8051847eb6#0:FAIL-t38, 279bca68-3e74-4690-81cf-da5ab79b92f7<-389d5540-641f-48c2-a9df-60738dbad976#0:FAIL-t38] and 0 exception(s); 279bca68-3e74-4690-81cf-da5ab79b92f7@group-AF49A4A4CA2A:t38, leader=null, voted=279bca68-3e74-4690-81cf-da5ab79b92f7, raftlog=279bca68-3e74-4690-81cf-da5ab79b92f7@group-AF49A4A4CA2A-SegmentedRaftLog:OPENED:c-1,f-1,i0, conf=-1: [daebe4f8-0ad9-4eb2-8ed7-3a8051847eb6:192.168.69.118:44860, 389d5540-641f-48c2-a9df-60738dbad976:192.168.69.118:45712, 279bca68-3e74-4690-81cf-da5ab79b92f7:192.168.69.118:45510], old=null
2019-10-23 12:36:10,105 [279bca68-3e74-4690-81cf-da5ab79b92f7@group-AF49A4A4CA2A-LeaderElection41] INFO  impl.RaftServerImpl (RaftServerImpl.java:setRole(184)) - 279bca68-3e74-4690-81cf-da5ab79b92f7@group-AF49A4A4CA2A: changes role from CANDIDATE to FOLLOWER at term 38 for DISCOVERED_A_NEW_TERM
2019-10-23 12:36:10,105 [279bca68-3e74-4690-81cf-da5ab79b92f7@group-AF49A4A4CA2A-LeaderElection41] INFO  impl.RoleInfo (RoleInfo.java:shutdownLeaderElection(134)) - 279bca68-3e74-4690-81cf-da5ab79b92f7: shutdown LeaderElection
2019-10-23 12:36:10,106 [279bca68-3e74-4690-81cf-da5ab79b92f7@group-AF49A4A4CA2A-LeaderElection41] INFO  impl.RoleInfo (RoleInfo.java:updateAndGet(143)) - 279bca68-3e74-4690-81cf-da5ab79b92f7: start FollowerState
2019-10-23 12:36:10,274 [Thread-479] INFO  impl.FollowerState (FollowerState.java:run(108)) - 279bca68-3e74-4690-81cf-da5ab79b92f7@group-AF49A4A4CA2A-FollowerState: change to CANDIDATE, lastRpcTime:168ms, electionTimeout:168ms
2019-10-23 12:36:10,274 [Thread-479] INFO  impl.RoleInfo (RoleInfo.java:shutdownFollowerState(121)) - 279bca68-3e74-4690-81cf-da5ab79b92f7: shutdown FollowerState
2019-10-23 12:36:10,275 [Thread-479] INFO  impl.RaftServerImpl (RaftServerImpl.java:setRole(184)) - 279bca68-3e74-4690-81cf-da5ab79b92f7@group-AF49A4A4CA2A: changes role from  FOLLOWER to CANDIDATE at term 38 for changeToCandidate
2019-10-23 12:36:10,275 [Thread-479] INFO  impl.RoleInfo (RoleInfo.java:updateAndGet(143)) - 279bca68-3e74-4690-81cf-da5ab79b92f7: start LeaderElection
2019-10-23 12:36:10,297 [279bca68-3e74-4690-81cf-da5ab79b92f7@group-AF49A4A4CA2A-LeaderElection42] INFO  impl.LeaderElection (LeaderElection.java:askForVotes(178)) - 279bca68-3e74-4690-81cf-da5ab79b92f7@group-AF49A4A4CA2A-LeaderElection42: begin an election at term 39 for -1: [daebe4f8-0ad9-4eb2-8ed7-3a8051847eb6:192.168.69.118:44860, 389d5540-641f-48c2-a9df-60738dbad976:192.168.69.118:45712, 279bca68-3e74-4690-81cf-da5ab79b92f7:192.168.69.118:45510], old=null
2019-10-23 12:36:10,301 [grpc-default-executor-3] INFO  impl.RaftServerImpl (RaftServerImpl.java:setRole(184)) - daebe4f8-0ad9-4eb2-8ed7-3a8051847eb6@group-AF49A4A4CA2A: changes role from  FOLLOWER to FOLLOWER at term 39 for recognizeCandidate:279bca68-3e74-4690-81cf-da5ab79b92f7
2019-10-23 12:36:10,301 [grpc-default-executor-3] INFO  impl.RoleInfo (RoleInfo.java:shutdownFollowerState(121)) - daebe4f8-0ad9-4eb2-8ed7-3a8051847eb6: shutdown FollowerState
2019-10-23 12:36:10,301 [Thread-477] INFO  impl.FollowerState (FollowerState.java:run(117)) - daebe4f8-0ad9-4eb2-8ed7-3a8051847eb6@group-AF49A4A4CA2A-FollowerState was interrupted: java.lang.InterruptedException: sleep interrupted
2019-10-23 12:36:10,301 [grpc-default-executor-3] INFO  impl.RoleInfo (RoleInfo.java:updateAndGet(143)) - daebe4f8-0ad9-4eb2-8ed7-3a8051847eb6: start FollowerState
2019-10-23 12:36:10,301 [grpc-default-executor-0] INFO  impl.RaftServerImpl (RaftServerImpl.java:setRole(184)) - 389d5540-641f-48c2-a9df-60738dbad976@group-AF49A4A4CA2A: changes role from  FOLLOWER to FOLLOWER at term 39 for recognizeCandidate:279bca68-3e74-4690-81cf-da5ab79b92f7
2019-10-23 12:36:10,302 [grpc-default-executor-0] INFO  impl.RoleInfo (RoleInfo.java:shutdownFollowerState(121)) - 389d5540-641f-48c2-a9df-60738dbad976: shutdown FollowerState
2019-10-23 12:36:10,302 [Thread-478] INFO  impl.FollowerState (FollowerState.java:run(117)) - 389d5540-641f-48c2-a9df-60738dbad976@group-AF49A4A4CA2A-FollowerState was interrupted: java.lang.InterruptedException: sleep interrupted
2019-10-23 12:36:10,302 [grpc-default-executor-0] INFO  impl.RoleInfo (RoleInfo.java:updateAndGet(143)) - 389d5540-641f-48c2-a9df-60738dbad976: start FollowerState
2019-10-23 12:36:10,312 [279bca68-3e74-4690-81cf-da5ab79b92f7@group-AF49A4A4CA2A-LeaderElection42] INFO  impl.LeaderElection (LeaderElection.java:logAndReturn(56)) - 279bca68-3e74-4690-81cf-da5ab79b92f7@group-AF49A4A4CA2A-LeaderElection42: Election REJECTED; received 2 response(s) [279bca68-3e74-4690-81cf-da5ab79b92f7<-daebe4f8-0ad9-4eb2-8ed7-3a8051847eb6#0:FAIL-t39, 279bca68-3e74-4690-81cf-da5ab79b92f7<-389d5540-641f-48c2-a9df-60738dbad976#0:FAIL-t39] and 0 exception(s); 279bca68-3e74-4690-81cf-da5ab79b92f7@group-AF49A4A4CA2A:t39, leader=null, voted=279bca68-3e74-4690-81cf-da5ab79b92f7, raftlog=279bca68-3e74-4690-81cf-da5ab79b92f7@group-AF49A4A4CA2A-SegmentedRaftLog:OPENED:c-1,f-1,i0, conf=-1: [daebe4f8-0ad9-4eb2-8ed7-3a8051847eb6:192.168.69.118:44860, 389d5540-641f-48c2-a9df-60738dbad976:192.168.69.118:45712, 279bca68-3e74-4690-81cf-da5ab79b92f7:192.168.69.118:45510], old=null
2019-10-23 12:36:10,312 [279bca68-3e74-4690-81cf-da5ab79b92f7@group-AF49A4A4CA2A-LeaderElection42] INFO  impl.RaftServerImpl (RaftServerImpl.java:setRole(184)) - 279bca68-3e74-4690-81cf-da5ab79b92f7@group-AF49A4A4CA2A: changes role from CANDIDATE to FOLLOWER at term 39 for DISCOVERED_A_NEW_TERM
2019-10-23 12:36:10,312 [279bca68-3e74-4690-81cf-da5ab79b92f7@group-AF49A4A4CA2A-LeaderElection42] INFO  impl.RoleInfo (RoleInfo.java:shutdownLeaderElection(134)) - 279bca68-3e74-4690-81cf-da5ab79b92f7: shutdown LeaderElection
2019-10-23 12:36:10,313 [279bca68-3e74-4690-81cf-da5ab79b92f7@group-AF49A4A4CA2A-LeaderElection42] INFO  impl.RoleInfo (RoleInfo.java:updateAndGet(143)) - 279bca68-3e74-4690-81cf-da5ab79b92f7: start FollowerState
2019-10-23 12:36:10,357 [Thread-485] INFO  impl.FollowerState (FollowerState.java:run(108)) - 279bca68-3e74-4690-81cf-da5ab79b92f7@group-AF49A4A4CA2A-FollowerState: change to CANDIDATE, lastRpcTime:44ms, electionTimeout:44ms
2019-10-23 12:36:10,357 [Thread-485] INFO  impl.RoleInfo (RoleInfo.java:shutdownFollowerState(121)) - 279bca68-3e74-4690-81cf-da5ab79b92f7: shutdown FollowerState
2019-10-23 12:36:10,357 [Thread-485] INFO  impl.RaftServerImpl (RaftServerImpl.java:setRole(184)) - 279bca68-3e74-4690-81cf-da5ab79b92f7@group-AF49A4A4CA2A: changes role from  FOLLOWER to CANDIDATE at term 39 for changeToCandidate
2019-10-23 12:36:10,358 [Thread-485] INFO  impl.RoleInfo (RoleInfo.java:updateAndGet(143)) - 279bca68-3e74-4690-81cf-da5ab79b92f7: start LeaderElection
2019-10-23 12:36:10,383 [279bca68-3e74-4690-81cf-da5ab79b92f7@group-AF49A4A4CA2A-LeaderElection43] INFO  impl.LeaderElection (LeaderElection.java:askForVotes(178)) - 279bca68-3e74-4690-81cf-da5ab79b92f7@group-AF49A4A4CA2A-LeaderElection43: begin an election at term 40 for -1: [daebe4f8-0ad9-4eb2-8ed7-3a8051847eb6:192.168.69.118:44860, 389d5540-641f-48c2-a9df-60738dbad976:192.168.69.118:45712, 279bca68-3e74-4690-81cf-da5ab79b92f7:192.168.69.118:45510], old=null
2019-10-23 12:36:10,387 [grpc-default-executor-0] INFO  impl.RaftServerImpl (RaftServerImpl.java:setRole(184)) - daebe4f8-0ad9-4eb2-8ed7-3a8051847eb6@group-AF49A4A4CA2A: changes role from  FOLLOWER to FOLLOWER at term 40 for recognizeCandidate:279bca68-3e74-4690-81cf-da5ab79b92f7
2019-10-23 12:36:10,387 [grpc-default-executor-0] INFO  impl.RoleInfo (RoleInfo.java:shutdownFollowerState(121)) - daebe4f8-0ad9-4eb2-8ed7-3a8051847eb6: shutdown FollowerState
2019-10-23 12:36:10,387 [grpc-default-executor-3] INFO  impl.RaftServerImpl (RaftServerImpl.java:setRole(184)) - 389d5540-641f-48c2-a9df-60738dbad976@group-AF49A4A4CA2A: changes role from  FOLLOWER to FOLLOWER at term 40 for recognizeCandidate:279bca68-3e74-4690-81cf-da5ab79b92f7
2019-10-23 12:36:10,387 [Thread-483] INFO  impl.FollowerState (FollowerState.java:run(117)) - daebe4f8-0ad9-4eb2-8ed7-3a8051847eb6@group-AF49A4A4CA2A-FollowerState was interrupted: java.lang.InterruptedException: sleep interrupted
2019-10-23 12:36:10,388 [grpc-default-executor-3] INFO  impl.RoleInfo (RoleInfo.java:shutdownFollowerState(121)) - 389d5540-641f-48c2-a9df-60738dbad976: shutdown FollowerState
2019-10-23 12:36:10,387 [grpc-default-executor-0] INFO  impl.RoleInfo (RoleInfo.java:updateAndGet(143)) - daebe4f8-0ad9-4eb2-8ed7-3a8051847eb6: start FollowerState
2019-10-23 12:36:10,388 [grpc-default-executor-3] INFO  impl.RoleInfo (RoleInfo.java:updateAndGet(143)) - 389d5540-641f-48c2-a9df-60738dbad976: start FollowerState
2019-10-23 12:36:10,388 [Thread-484] INFO  impl.FollowerState (FollowerState.java:run(117)) - 389d5540-641f-48c2-a9df-60738dbad976@group-AF49A4A4CA2A-FollowerState was interrupted: java.lang.InterruptedException: sleep interrupted
2019-10-23 12:36:10,404 [279bca68-3e74-4690-81cf-da5ab79b92f7@group-AF49A4A4CA2A-LeaderElection43] INFO  impl.LeaderElection (LeaderElection.java:logAndReturn(56)) - 279bca68-3e74-4690-81cf-da5ab79b92f7@group-AF49A4A4CA2A-LeaderElection43: Election REJECTED; received 2 response(s) [279bca68-3e74-4690-81cf-da5ab79b92f7<-daebe4f8-0ad9-4eb2-8ed7-3a8051847eb6#0:FAIL-t40, 279bca68-3e74-4690-81cf-da5ab79b92f7<-389d5540-641f-48c2-a9df-60738dbad976#0:FAIL-t40] and 0 exception(s); 279bca68-3e74-4690-81cf-da5ab79b92f7@group-AF49A4A4CA2A:t40, leader=null, voted=279bca68-3e74-4690-81cf-da5ab79b92f7, raftlog=279bca68-3e74-4690-81cf-da5ab79b92f7@group-AF49A4A4CA2A-SegmentedRaftLog:OPENED:c-1,f-1,i0, conf=-1: [daebe4f8-0ad9-4eb2-8ed7-3a8051847eb6:192.168.69.118:44860, 389d5540-641f-48c2-a9df-60738dbad976:192.168.69.118:45712, 279bca68-3e74-4690-81cf-da5ab79b92f7:192.168.69.118:45510], old=null
2019-10-23 12:36:10,404 [279bca68-3e74-4690-81cf-da5ab79b92f7@group-AF49A4A4CA2A-LeaderElection43] INFO  impl.RaftServerImpl (RaftServerImpl.java:setRole(184)) - 279bca68-3e74-4690-81cf-da5ab79b92f7@group-AF49A4A4CA2A: changes role from CANDIDATE to FOLLOWER at term 40 for DISCOVERED_A_NEW_TERM
2019-10-23 12:36:10,404 [279bca68-3e74-4690-81cf-da5ab79b92f7@group-AF49A4A4CA2A-LeaderElection43] INFO  impl.RoleInfo (RoleInfo.java:shutdownLeaderElection(134)) - 279bca68-3e74-4690-81cf-da5ab79b92f7: shutdown LeaderElection
2019-10-23 12:36:10,404 [279bca68-3e74-4690-81cf-da5ab79b92f7@group-AF49A4A4CA2A-LeaderElection43] INFO  impl.RoleInfo (RoleInfo.java:updateAndGet(143)) - 279bca68-3e74-4690-81cf-da5ab79b92f7: start FollowerState
2019-10-23 12:36:10,527 [Thread-491] INFO  impl.FollowerState (FollowerState.java:run(108)) - 279bca68-3e74-4690-81cf-da5ab79b92f7@group-AF49A4A4CA2A-FollowerState: change to CANDIDATE, lastRpcTime:122ms, electionTimeout:121ms
2019-10-23 12:36:10,527 [Thread-491] INFO  impl.RoleInfo (RoleInfo.java:shutdownFollowerState(121)) - 279bca68-3e74-4690-81cf-da5ab79b92f7: shutdown FollowerState
2019-10-23 12:36:10,528 [Thread-491] INFO  impl.RaftServerImpl (RaftServerImpl.java:setRole(184)) - 279bca68-3e74-4690-81cf-da5ab79b92f7@group-AF49A4A4CA2A: changes role from  FOLLOWER to CANDIDATE at term 40 for changeToCandidate
2019-10-23 12:36:10,528 [Thread-491] INFO  impl.RoleInfo (RoleInfo.java:updateAndGet(143)) - 279bca68-3e74-4690-81cf-da5ab79b92f7: start LeaderElection
2019-10-23 12:36:10,541 [279bca68-3e74-4690-81cf-da5ab79b92f7@group-AF49A4A4CA2A-LeaderElection44] INFO  impl.LeaderElection (LeaderElection.java:askForVotes(178)) - 279bca68-3e74-4690-81cf-da5ab79b92f7@group-AF49A4A4CA2A-LeaderElection44: begin an election at term 41 for -1: [daebe4f8-0ad9-4eb2-8ed7-3a8051847eb6:192.168.69.118:44860, 389d5540-641f-48c2-a9df-60738dbad976:192.168.69.118:45712, 279bca68-3e74-4690-81cf-da5ab79b92f7:192.168.69.118:45510], old=null
2019-10-23 12:36:10,545 [grpc-default-executor-0] INFO  impl.RaftServerImpl (RaftServerImpl.java:setRole(184)) - daebe4f8-0ad9-4eb2-8ed7-3a8051847eb6@group-AF49A4A4CA2A: changes role from  FOLLOWER to FOLLOWER at term 41 for recognizeCandidate:279bca68-3e74-4690-81cf-da5ab79b92f7
2019-10-23 12:36:10,546 [grpc-default-executor-0] INFO  impl.RoleInfo (RoleInfo.java:shutdownFollowerState(121)) - daebe4f8-0ad9-4eb2-8ed7-3a8051847eb6: shutdown FollowerState
2019-10-23 12:36:10,546 [grpc-default-executor-0] INFO  impl.RoleInfo (RoleInfo.java:updateAndGet(143)) - daebe4f8-0ad9-4eb2-8ed7-3a8051847eb6: start FollowerState
2019-10-23 12:36:10,546 [Thread-489] INFO  impl.FollowerState (FollowerState.java:run(117)) - daebe4f8-0ad9-4eb2-8ed7-3a8051847eb6@group-AF49A4A4CA2A-FollowerState was interrupted: java.lang.InterruptedException: sleep interrupted
2019-10-23 12:36:10,546 [grpc-default-executor-3] INFO  impl.RaftServerImpl (RaftServerImpl.java:setRole(184)) - 389d5540-641f-48c2-a9df-60738dbad976@group-AF49A4A4CA2A: changes role from  FOLLOWER to FOLLOWER at term 41 for recognizeCandidate:279bca68-3e74-4690-81cf-da5ab79b92f7
2019-10-23 12:36:10,546 [grpc-default-executor-3] INFO  impl.RoleInfo (RoleInfo.java:shutdownFollowerState(121)) - 389d5540-641f-48c2-a9df-60738dbad976: shutdown FollowerState
2019-10-23 12:36:10,547 [grpc-default-executor-3] INFO  impl.RoleInfo (RoleInfo.java:updateAndGet(143)) - 389d5540-641f-48c2-a9df-60738dbad976: start FollowerState
2019-10-23 12:36:10,547 [Thread-490] INFO  impl.FollowerState (FollowerState.java:run(117)) - 389d5540-641f-48c2-a9df-60738dbad976@group-AF49A4A4CA2A-FollowerState was interrupted: java.lang.InterruptedException: sleep interrupted
2019-10-23 12:36:10,562 [279bca68-3e74-4690-81cf-da5ab79b92f7@group-AF49A4A4CA2A-LeaderElection44] INFO  impl.LeaderElection (LeaderElection.java:logAndReturn(56)) - 279bca68-3e74-4690-81cf-da5ab79b92f7@group-AF49A4A4CA2A-LeaderElection44: Election REJECTED; received 2 response(s) [279bca68-3e74-4690-81cf-da5ab79b92f7<-daebe4f8-0ad9-4eb2-8ed7-3a8051847eb6#0:FAIL-t41, 279bca68-3e74-4690-81cf-da5ab79b92f7<-389d5540-641f-48c2-a9df-60738dbad976#0:FAIL-t41] and 0 exception(s); 279bca68-3e74-4690-81cf-da5ab79b92f7@group-AF49A4A4CA2A:t41, leader=null, voted=279bca68-3e74-4690-81cf-da5ab79b92f7, raftlog=279bca68-3e74-4690-81cf-da5ab79b92f7@group-AF49A4A4CA2A-SegmentedRaftLog:OPENED:c-1,f-1,i0, conf=-1: [daebe4f8-0ad9-4eb2-8ed7-3a8051847eb6:192.168.69.118:44860, 389d5540-641f-48c2-a9df-60738dbad976:192.168.69.118:45712, 279bca68-3e74-4690-81cf-da5ab79b92f7:192.168.69.118:45510], old=null
2019-10-23 12:36:10,562 [279bca68-3e74-4690-81cf-da5ab79b92f7@group-AF49A4A4CA2A-LeaderElection44] INFO  impl.RaftServerImpl (RaftServerImpl.java:setRole(184)) - 279bca68-3e74-4690-81cf-da5ab79b92f7@group-AF49A4A4CA2A: changes role from CANDIDATE to FOLLOWER at term 41 for DISCOVERED_A_NEW_TERM
2019-10-23 12:36:10,562 [279bca68-3e74-4690-81cf-da5ab79b92f7@group-AF49A4A4CA2A-LeaderElection44] INFO  impl.RoleInfo (RoleInfo.java:shutdownLeaderElection(134)) - 279bca68-3e74-4690-81cf-da5ab79b92f7: shutdown LeaderElection
2019-10-23 12:36:10,563 [279bca68-3e74-4690-81cf-da5ab79b92f7@group-AF49A4A4CA2A-LeaderElection44] INFO  impl.RoleInfo (RoleInfo.java:updateAndGet(143)) - 279bca68-3e74-4690-81cf-da5ab79b92f7: start FollowerState
2019-10-23 12:36:10,736 [Thread-497] INFO  impl.FollowerState (FollowerState.java:run(108)) - 279bca68-3e74-4690-81cf-da5ab79b92f7@group-AF49A4A4CA2A-FollowerState: change to CANDIDATE, lastRpcTime:173ms, electionTimeout:173ms
2019-10-23 12:36:10,736 [Thread-497] INFO  impl.RoleInfo (RoleInfo.java:shutdownFollowerState(121)) - 279bca68-3e74-4690-81cf-da5ab79b92f7: shutdown FollowerState
2019-10-23 12:36:10,737 [Thread-497] INFO  impl.RaftServerImpl (RaftServerImpl.java:setRole(184)) - 279bca68-3e74-4690-81cf-da5ab79b92f7@group-AF49A4A4CA2A: changes role from  FOLLOWER to CANDIDATE at term 41 for changeToCandidate
2019-10-23 12:36:10,737 [Thread-497] INFO  impl.RoleInfo (RoleInfo.java:updateAndGet(143)) - 279bca68-3e74-4690-81cf-da5ab79b92f7: start LeaderElection
2019-10-23 12:36:10,751 [279bca68-3e74-4690-81cf-da5ab79b92f7@group-AF49A4A4CA2A-LeaderElection45] INFO  impl.LeaderElection (LeaderElection.java:askForVotes(178)) - 279bca68-3e74-4690-81cf-da5ab79b92f7@group-AF49A4A4CA2A-LeaderElection45: begin an election at term 42 for -1: [daebe4f8-0ad9-4eb2-8ed7-3a8051847eb6:192.168.69.118:44860, 389d5540-641f-48c2-a9df-60738dbad976:192.168.69.118:45712, 279bca68-3e74-4690-81cf-da5ab79b92f7:192.168.69.118:45510], old=null
2019-10-23 12:36:10,754 [grpc-default-executor-3] INFO  impl.RaftServerImpl (RaftServerImpl.java:setRole(184)) - daebe4f8-0ad9-4eb2-8ed7-3a8051847eb6@group-AF49A4A4CA2A: changes role from  FOLLOWER to FOLLOWER at term 42 for recognizeCandidate:279bca68-3e74-4690-81cf-da5ab79b92f7
2019-10-23 12:36:10,754 [grpc-default-executor-3] INFO  impl.RoleInfo (RoleInfo.java:shutdownFollowerState(121)) - daebe4f8-0ad9-4eb2-8ed7-3a8051847eb6: shutdown FollowerState
2019-10-23 12:36:10,754 [grpc-default-executor-3] INFO  impl.RoleInfo (RoleInfo.java:updateAndGet(143)) - daebe4f8-0ad9-4eb2-8ed7-3a8051847eb6: start FollowerState
2019-10-23 12:36:10,755 [Thread-495] INFO  impl.FollowerState (FollowerState.java:run(117)) - daebe4f8-0ad9-4eb2-8ed7-3a8051847eb6@group-AF49A4A4CA2A-FollowerState was interrupted: java.lang.InterruptedException: sleep interrupted
2019-10-23 12:36:10,755 [grpc-default-executor-0] INFO  impl.RaftServerImpl (RaftServerImpl.java:setRole(184)) - 389d5540-641f-48c2-a9df-60738dbad976@group-AF49A4A4CA2A: changes role from  FOLLOWER to FOLLOWER at term 42 for recognizeCandidate:279bca68-3e74-4690-81cf-da5ab79b92f7
2019-10-23 12:36:10,755 [grpc-default-executor-0] INFO  impl.RoleInfo (RoleInfo.java:shutdownFollowerState(121)) - 389d5540-641f-48c2-a9df-60738dbad976: shutdown FollowerState
2019-10-23 12:36:10,755 [Thread-496] INFO  impl.FollowerState (FollowerState.java:run(117)) - 389d5540-641f-48c2-a9df-60738dbad976@group-AF49A4A4CA2A-FollowerState was interrupted: java.lang.InterruptedException: sleep interrupted
2019-10-23 12:36:10,755 [grpc-default-executor-0] INFO  impl.RoleInfo (RoleInfo.java:updateAndGet(143)) - 389d5540-641f-48c2-a9df-60738dbad976: start FollowerState
2019-10-23 12:36:10,771 [279bca68-3e74-4690-81cf-da5ab79b92f7@group-AF49A4A4CA2A-LeaderElection45] INFO  impl.LeaderElection (LeaderElection.java:logAndReturn(56)) - 279bca68-3e74-4690-81cf-da5ab79b92f7@group-AF49A4A4CA2A-LeaderElection45: Election REJECTED; received 2 response(s) [279bca68-3e74-4690-81cf-da5ab79b92f7<-daebe4f8-0ad9-4eb2-8ed7-3a8051847eb6#0:FAIL-t42, 279bca68-3e74-4690-81cf-da5ab79b92f7<-389d5540-641f-48c2-a9df-60738dbad976#0:FAIL-t42] and 0 exception(s); 279bca68-3e74-4690-81cf-da5ab79b92f7@group-AF49A4A4CA2A:t42, leader=null, voted=279bca68-3e74-4690-81cf-da5ab79b92f7, raftlog=279bca68-3e74-4690-81cf-da5ab79b92f7@group-AF49A4A4CA2A-SegmentedRaftLog:OPENED:c-1,f-1,i0, conf=-1: [daebe4f8-0ad9-4eb2-8ed7-3a8051847eb6:192.168.69.118:44860, 389d5540-641f-48c2-a9df-60738dbad976:192.168.69.118:45712, 279bca68-3e74-4690-81cf-da5ab79b92f7:192.168.69.118:45510], old=null
2019-10-23 12:36:10,771 [279bca68-3e74-4690-81cf-da5ab79b92f7@group-AF49A4A4CA2A-LeaderElection45] INFO  impl.RaftServerImpl (RaftServerImpl.java:setRole(184)) - 279bca68-3e74-4690-81cf-da5ab79b92f7@group-AF49A4A4CA2A: changes role from CANDIDATE to FOLLOWER at term 42 for DISCOVERED_A_NEW_TERM
2019-10-23 12:36:10,771 [279bca68-3e74-4690-81cf-da5ab79b92f7@group-AF49A4A4CA2A-LeaderElection45] INFO  impl.RoleInfo (RoleInfo.java:shutdownLeaderElection(134)) - 279bca68-3e74-4690-81cf-da5ab79b92f7: shutdown LeaderElection
2019-10-23 12:36:10,771 [279bca68-3e74-4690-81cf-da5ab79b92f7@group-AF49A4A4CA2A-LeaderElection45] INFO  impl.RoleInfo (RoleInfo.java:updateAndGet(143)) - 279bca68-3e74-4690-81cf-da5ab79b92f7: start FollowerState
2019-10-23 12:36:10,889 [Thread-505] INFO  impl.FollowerState (FollowerState.java:run(108)) - 279bca68-3e74-4690-81cf-da5ab79b92f7@group-AF49A4A4CA2A-FollowerState: change to CANDIDATE, lastRpcTime:117ms, electionTimeout:117ms
2019-10-23 12:36:10,889 [Thread-505] INFO  impl.RoleInfo (RoleInfo.java:shutdownFollowerState(121)) - 279bca68-3e74-4690-81cf-da5ab79b92f7: shutdown FollowerState
2019-10-23 12:36:10,889 [Thread-505] INFO  impl.RaftServerImpl (RaftServerImpl.java:setRole(184)) - 279bca68-3e74-4690-81cf-da5ab79b92f7@group-AF49A4A4CA2A: changes role from  FOLLOWER to CANDIDATE at term 42 for changeToCandidate
2019-10-23 12:36:10,889 [Thread-505] INFO  impl.RoleInfo (RoleInfo.java:updateAndGet(143)) - 279bca68-3e74-4690-81cf-da5ab79b92f7: start LeaderElection
2019-10-23 12:36:10,915 [279bca68-3e74-4690-81cf-da5ab79b92f7@group-AF49A4A4CA2A-LeaderElection46] INFO  impl.LeaderElection (LeaderElection.java:askForVotes(178)) - 279bca68-3e74-4690-81cf-da5ab79b92f7@group-AF49A4A4CA2A-LeaderElection46: begin an election at term 43 for -1: [daebe4f8-0ad9-4eb2-8ed7-3a8051847eb6:192.168.69.118:44860, 389d5540-641f-48c2-a9df-60738dbad976:192.168.69.118:45712, 279bca68-3e74-4690-81cf-da5ab79b92f7:192.168.69.118:45510], old=null
2019-10-23 12:36:10,919 [grpc-default-executor-3] INFO  impl.RaftServerImpl (RaftServerImpl.java:setRole(184)) - daebe4f8-0ad9-4eb2-8ed7-3a8051847eb6@group-AF49A4A4CA2A: changes role from  FOLLOWER to FOLLOWER at term 43 for recognizeCandidate:279bca68-3e74-4690-81cf-da5ab79b92f7
2019-10-23 12:36:10,919 [grpc-default-executor-3] INFO  impl.RoleInfo (RoleInfo.java:shutdownFollowerState(121)) - daebe4f8-0ad9-4eb2-8ed7-3a8051847eb6: shutdown FollowerState
2019-10-23 12:36:10,920 [grpc-default-executor-0] INFO  impl.RaftServerImpl (RaftServerImpl.java:setRole(184)) - 389d5540-641f-48c2-a9df-60738dbad976@group-AF49A4A4CA2A: changes role from  FOLLOWER to FOLLOWER at term 43 for recognizeCandidate:279bca68-3e74-4690-81cf-da5ab79b92f7
2019-10-23 12:36:10,920 [grpc-default-executor-3] INFO  impl.RoleInfo (RoleInfo.java:updateAndGet(143)) - daebe4f8-0ad9-4eb2-8ed7-3a8051847eb6: start FollowerState
2019-10-23 12:36:10,920 [Thread-503] INFO  impl.FollowerState (FollowerState.java:run(117)) - daebe4f8-0ad9-4eb2-8ed7-3a8051847eb6@group-AF49A4A4CA2A-FollowerState was interrupted: java.lang.InterruptedException: sleep interrupted
2019-10-23 12:36:10,920 [grpc-default-executor-0] INFO  impl.RoleInfo (RoleInfo.java:shutdownFollowerState(121)) - 389d5540-641f-48c2-a9df-60738dbad976: shutdown FollowerState
2019-10-23 12:36:10,921 [Thread-504] INFO  impl.FollowerState (FollowerState.java:run(117)) - 389d5540-641f-48c2-a9df-60738dbad976@group-AF49A4A4CA2A-FollowerState was interrupted: java.lang.InterruptedException: sleep interrupted
2019-10-23 12:36:10,921 [grpc-default-executor-0] INFO  impl.RoleInfo (RoleInfo.java:updateAndGet(143)) - 389d5540-641f-48c2-a9df-60738dbad976: start FollowerState
2019-10-23 12:36:10,936 [279bca68-3e74-4690-81cf-da5ab79b92f7@group-AF49A4A4CA2A-LeaderElection46] INFO  impl.LeaderElection (LeaderElection.java:logAndReturn(56)) - 279bca68-3e74-4690-81cf-da5ab79b92f7@group-AF49A4A4CA2A-LeaderElection46: Election REJECTED; received 2 response(s) [279bca68-3e74-4690-81cf-da5ab79b92f7<-daebe4f8-0ad9-4eb2-8ed7-3a8051847eb6#0:FAIL-t43, 279bca68-3e74-4690-81cf-da5ab79b92f7<-389d5540-641f-48c2-a9df-60738dbad976#0:FAIL-t43] and 0 exception(s); 279bca68-3e74-4690-81cf-da5ab79b92f7@group-AF49A4A4CA2A:t43, leader=null, voted=279bca68-3e74-4690-81cf-da5ab79b92f7, raftlog=279bca68-3e74-4690-81cf-da5ab79b92f7@group-AF49A4A4CA2A-SegmentedRaftLog:OPENED:c-1,f-1,i0, conf=-1: [daebe4f8-0ad9-4eb2-8ed7-3a8051847eb6:192.168.69.118:44860, 389d5540-641f-48c2-a9df-60738dbad976:192.168.69.118:45712, 279bca68-3e74-4690-81cf-da5ab79b92f7:192.168.69.118:45510], old=null
2019-10-23 12:36:10,936 [279bca68-3e74-4690-81cf-da5ab79b92f7@group-AF49A4A4CA2A-LeaderElection46] INFO  impl.RaftServerImpl (RaftServerImpl.java:setRole(184)) - 279bca68-3e74-4690-81cf-da5ab79b92f7@group-AF49A4A4CA2A: changes role from CANDIDATE to FOLLOWER at term 43 for DISCOVERED_A_NEW_TERM
2019-10-23 12:36:10,936 [279bca68-3e74-4690-81cf-da5ab79b92f7@group-AF49A4A4CA2A-LeaderElection46] INFO  impl.RoleInfo (RoleInfo.java:shutdownLeaderElection(134)) - 279bca68-3e74-4690-81cf-da5ab79b92f7: shutdown LeaderElection
2019-10-23 12:36:10,937 [279bca68-3e74-4690-81cf-da5ab79b92f7@group-AF49A4A4CA2A-LeaderElection46] INFO  impl.RoleInfo (RoleInfo.java:updateAndGet(143)) - 279bca68-3e74-4690-81cf-da5ab79b92f7: start FollowerState
2019-10-23 12:36:11,071 [Thread-511] INFO  impl.FollowerState (FollowerState.java:run(108)) - 279bca68-3e74-4690-81cf-da5ab79b92f7@group-AF49A4A4CA2A-FollowerState: change to CANDIDATE, lastRpcTime:134ms, electionTimeout:134ms
2019-10-23 12:36:11,071 [Thread-511] INFO  impl.RoleInfo (RoleInfo.java:shutdownFollowerState(121)) - 279bca68-3e74-4690-81cf-da5ab79b92f7: shutdown FollowerState
2019-10-23 12:36:11,072 [Thread-511] INFO  impl.RaftServerImpl (RaftServerImpl.java:setRole(184)) - 279bca68-3e74-4690-81cf-da5ab79b92f7@group-AF49A4A4CA2A: changes role from  FOLLOWER to CANDIDATE at term 43 for changeToCandidate
2019-10-23 12:36:11,072 [Thread-511] INFO  impl.RoleInfo (RoleInfo.java:updateAndGet(143)) - 279bca68-3e74-4690-81cf-da5ab79b92f7: start LeaderElection
2019-10-23 12:36:11,086 [279bca68-3e74-4690-81cf-da5ab79b92f7@group-AF49A4A4CA2A-LeaderElection47] INFO  impl.LeaderElection (LeaderElection.java:askForVotes(178)) - 279bca68-3e74-4690-81cf-da5ab79b92f7@group-AF49A4A4CA2A-LeaderElection47: begin an election at term 44 for -1: [daebe4f8-0ad9-4eb2-8ed7-3a8051847eb6:192.168.69.118:44860, 389d5540-641f-48c2-a9df-60738dbad976:192.168.69.118:45712, 279bca68-3e74-4690-81cf-da5ab79b92f7:192.168.69.118:45510], old=null
2019-10-23 12:36:11,090 [grpc-default-executor-0] INFO  impl.RaftServerImpl (RaftServerImpl.java:setRole(184)) - daebe4f8-0ad9-4eb2-8ed7-3a8051847eb6@group-AF49A4A4CA2A: changes role from  FOLLOWER to FOLLOWER at term 44 for recognizeCandidate:279bca68-3e74-4690-81cf-da5ab79b92f7
2019-10-23 12:36:11,090 [grpc-default-executor-0] INFO  impl.RoleInfo (RoleInfo.java:shutdownFollowerState(121)) - daebe4f8-0ad9-4eb2-8ed7-3a8051847eb6: shutdown FollowerState
2019-10-23 12:36:11,090 [grpc-default-executor-3] INFO  impl.RaftServerImpl (RaftServerImpl.java:setRole(184)) - 389d5540-641f-48c2-a9df-60738dbad976@group-AF49A4A4CA2A: changes role from  FOLLOWER to FOLLOWER at term 44 for recognizeCandidate:279bca68-3e74-4690-81cf-da5ab79b92f7
2019-10-23 12:36:11,090 [grpc-default-executor-0] INFO  impl.RoleInfo (RoleInfo.java:updateAndGet(143)) - daebe4f8-0ad9-4eb2-8ed7-3a8051847eb6: start FollowerState
2019-10-23 12:36:11,090 [Thread-509] INFO  impl.FollowerState (FollowerState.java:run(117)) - daebe4f8-0ad9-4eb2-8ed7-3a8051847eb6@group-AF49A4A4CA2A-FollowerState was interrupted: java.lang.InterruptedException: sleep interrupted
2019-10-23 12:36:11,091 [grpc-default-executor-3] INFO  impl.RoleInfo (RoleInfo.java:shutdownFollowerState(121)) - 389d5540-641f-48c2-a9df-60738dbad976: shutdown FollowerState
2019-10-23 12:36:11,091 [grpc-default-executor-3] INFO  impl.RoleInfo (RoleInfo.java:updateAndGet(143)) - 389d5540-641f-48c2-a9df-60738dbad976: start FollowerState
2019-10-23 12:36:11,091 [Thread-510] INFO  impl.FollowerState (FollowerState.java:run(117)) - 389d5540-641f-48c2-a9df-60738dbad976@group-AF49A4A4CA2A-FollowerState was interrupted: java.lang.InterruptedException: sleep interrupted
2019-10-23 12:36:11,126 [279bca68-3e74-4690-81cf-da5ab79b92f7@group-AF49A4A4CA2A-LeaderElection47] INFO  impl.LeaderElection (LeaderElection.java:logAndReturn(56)) - 279bca68-3e74-4690-81cf-da5ab79b92f7@group-AF49A4A4CA2A-LeaderElection47: Election REJECTED; received 2 response(s) [279bca68-3e74-4690-81cf-da5ab79b92f7<-daebe4f8-0ad9-4eb2-8ed7-3a8051847eb6#0:FAIL-t44, 279bca68-3e74-4690-81cf-da5ab79b92f7<-389d5540-641f-48c2-a9df-60738dbad976#0:FAIL-t44] and 0 exception(s); 279bca68-3e74-4690-81cf-da5ab79b92f7@group-AF49A4A4CA2A:t44, leader=null, voted=279bca68-3e74-4690-81cf-da5ab79b92f7, raftlog=279bca68-3e74-4690-81cf-da5ab79b92f7@group-AF49A4A4CA2A-SegmentedRaftLog:OPENED:c-1,f-1,i0, conf=-1: [daebe4f8-0ad9-4eb2-8ed7-3a8051847eb6:192.168.69.118:44860, 389d5540-641f-48c2-a9df-60738dbad976:192.168.69.118:45712, 279bca68-3e74-4690-81cf-da5ab79b92f7:192.168.69.118:45510], old=null
2019-10-23 12:36:11,126 [279bca68-3e74-4690-81cf-da5ab79b92f7@group-AF49A4A4CA2A-LeaderElection47] INFO  impl.RaftServerImpl (RaftServerImpl.java:setRole(184)) - 279bca68-3e74-4690-81cf-da5ab79b92f7@group-AF49A4A4CA2A: changes role from CANDIDATE to FOLLOWER at term 44 for DISCOVERED_A_NEW_TERM
2019-10-23 12:36:11,126 [279bca68-3e74-4690-81cf-da5ab79b92f7@group-AF49A4A4CA2A-LeaderElection47] INFO  impl.RoleInfo (RoleInfo.java:shutdownLeaderElection(134)) - 279bca68-3e74-4690-81cf-da5ab79b92f7: shutdown LeaderElection
2019-10-23 12:36:11,127 [279bca68-3e74-4690-81cf-da5ab79b92f7@group-AF49A4A4CA2A-LeaderElection47] INFO  impl.RoleInfo (RoleInfo.java:updateAndGet(143)) - 279bca68-3e74-4690-81cf-da5ab79b92f7: start FollowerState
2019-10-23 12:36:11,205 [Thread-517] INFO  impl.FollowerState (FollowerState.java:run(108)) - 279bca68-3e74-4690-81cf-da5ab79b92f7@group-AF49A4A4CA2A-FollowerState: change to CANDIDATE, lastRpcTime:78ms, electionTimeout:78ms
2019-10-23 12:36:11,205 [Thread-517] INFO  impl.RoleInfo (RoleInfo.java:shutdownFollowerState(121)) - 279bca68-3e74-4690-81cf-da5ab79b92f7: shutdown FollowerState
2019-10-23 12:36:11,205 [Thread-517] INFO  impl.RaftServerImpl (RaftServerImpl.java:setRole(184)) - 279bca68-3e74-4690-81cf-da5ab79b92f7@group-AF49A4A4CA2A: changes role from  FOLLOWER to CANDIDATE at term 44 for changeToCandidate
2019-10-23 12:36:11,206 [Thread-517] INFO  impl.RoleInfo (RoleInfo.java:updateAndGet(143)) - 279bca68-3e74-4690-81cf-da5ab79b92f7: start LeaderElection
2019-10-23 12:36:11,232 [279bca68-3e74-4690-81cf-da5ab79b92f7@group-AF49A4A4CA2A-LeaderElection48] INFO  impl.LeaderElection (LeaderElection.java:askForVotes(178)) - 279bca68-3e74-4690-81cf-da5ab79b92f7@group-AF49A4A4CA2A-LeaderElection48: begin an election at term 45 for -1: [daebe4f8-0ad9-4eb2-8ed7-3a8051847eb6:192.168.69.118:44860, 389d5540-641f-48c2-a9df-60738dbad976:192.168.69.118:45712, 279bca68-3e74-4690-81cf-da5ab79b92f7:192.168.69.118:45510], old=null
2019-10-23 12:36:11,236 [grpc-default-executor-0] INFO  impl.RaftServerImpl (RaftServerImpl.java:setRole(184)) - daebe4f8-0ad9-4eb2-8ed7-3a8051847eb6@group-AF49A4A4CA2A: changes role from  FOLLOWER to FOLLOWER at term 45 for recognizeCandidate:279bca68-3e74-4690-81cf-da5ab79b92f7
2019-10-23 12:36:11,236 [grpc-default-executor-0] INFO  impl.RoleInfo (RoleInfo.java:shutdownFollowerState(121)) - daebe4f8-0ad9-4eb2-8ed7-3a8051847eb6: shutdown FollowerState
2019-10-23 12:36:11,236 [grpc-default-executor-3] INFO  impl.RaftServerImpl (RaftServerImpl.java:setRole(184)) - 389d5540-641f-48c2-a9df-60738dbad976@group-AF49A4A4CA2A: changes role from  FOLLOWER to FOLLOWER at term 45 for recognizeCandidate:279bca68-3e74-4690-81cf-da5ab79b92f7
2019-10-23 12:36:11,236 [grpc-default-executor-0] INFO  impl.RoleInfo (RoleInfo.java:updateAndGet(143)) - daebe4f8-0ad9-4eb2-8ed7-3a8051847eb6: start FollowerState
2019-10-23 12:36:11,236 [Thread-515] INFO  impl.FollowerState (FollowerState.java:run(117)) - daebe4f8-0ad9-4eb2-8ed7-3a8051847eb6@group-AF49A4A4CA2A-FollowerState was interrupted: java.lang.InterruptedException: sleep interrupted
2019-10-23 12:36:11,236 [grpc-default-executor-3] INFO  impl.RoleInfo (RoleInfo.java:shutdownFollowerState(121)) - 389d5540-641f-48c2-a9df-60738dbad976: shutdown FollowerState
2019-10-23 12:36:11,237 [Thread-516] INFO  impl.FollowerState (FollowerState.java:run(117)) - 389d5540-641f-48c2-a9df-60738dbad976@group-AF49A4A4CA2A-FollowerState was interrupted: java.lang.InterruptedException: sleep interrupted
2019-10-23 12:36:11,237 [grpc-default-executor-3] INFO  impl.RoleInfo (RoleInfo.java:updateAndGet(143)) - 389d5540-641f-48c2-a9df-60738dbad976: start FollowerState
2019-10-23 12:36:11,252 [279bca68-3e74-4690-81cf-da5ab79b92f7@group-AF49A4A4CA2A-LeaderElection48] INFO  impl.LeaderElection (LeaderElection.java:logAndReturn(56)) - 279bca68-3e74-4690-81cf-da5ab79b92f7@group-AF49A4A4CA2A-LeaderElection48: Election REJECTED; received 2 response(s) [279bca68-3e74-4690-81cf-da5ab79b92f7<-daebe4f8-0ad9-4eb2-8ed7-3a8051847eb6#0:FAIL-t45, 279bca68-3e74-4690-81cf-da5ab79b92f7<-389d5540-641f-48c2-a9df-60738dbad976#0:FAIL-t45] and 0 exception(s); 279bca68-3e74-4690-81cf-da5ab79b92f7@group-AF49A4A4CA2A:t45, leader=null, voted=279bca68-3e74-4690-81cf-da5ab79b92f7, raftlog=279bca68-3e74-4690-81cf-da5ab79b92f7@group-AF49A4A4CA2A-SegmentedRaftLog:OPENED:c-1,f-1,i0, conf=-1: [daebe4f8-0ad9-4eb2-8ed7-3a8051847eb6:192.168.69.118:44860, 389d5540-641f-48c2-a9df-60738dbad976:192.168.69.118:45712, 279bca68-3e74-4690-81cf-da5ab79b92f7:192.168.69.118:45510], old=null
2019-10-23 12:36:11,253 [279bca68-3e74-4690-81cf-da5ab79b92f7@group-AF49A4A4CA2A-LeaderElection48] INFO  impl.RaftServerImpl (RaftServerImpl.java:setRole(184)) - 279bca68-3e74-4690-81cf-da5ab79b92f7@group-AF49A4A4CA2A: changes role from CANDIDATE to FOLLOWER at term 45 for DISCOVERED_A_NEW_TERM
2019-10-23 12:36:11,253 [279bca68-3e74-4690-81cf-da5ab79b92f7@group-AF49A4A4CA2A-LeaderElection48] INFO  impl.RoleInfo (RoleInfo.java:shutdownLeaderElection(134)) - 279bca68-3e74-4690-81cf-da5ab79b92f7: shutdown LeaderElection
2019-10-23 12:36:11,253 [279bca68-3e74-4690-81cf-da5ab79b92f7@group-AF49A4A4CA2A-LeaderElection48] INFO  impl.RoleInfo (RoleInfo.java:updateAndGet(143)) - 279bca68-3e74-4690-81cf-da5ab79b92f7: start FollowerState
2019-10-23 12:36:11,440 [Thread-523] INFO  impl.FollowerState (FollowerState.java:run(108)) - 279bca68-3e74-4690-81cf-da5ab79b92f7@group-AF49A4A4CA2A-FollowerState: change to CANDIDATE, lastRpcTime:187ms, electionTimeout:187ms
2019-10-23 12:36:11,441 [Thread-523] INFO  impl.RoleInfo (RoleInfo.java:shutdownFollowerState(121)) - 279bca68-3e74-4690-81cf-da5ab79b92f7: shutdown FollowerState
2019-10-23 12:36:11,441 [Thread-523] INFO  impl.RaftServerImpl (RaftServerImpl.java:setRole(184)) - 279bca68-3e74-4690-81cf-da5ab79b92f7@group-AF49A4A4CA2A: changes role from  FOLLOWER to CANDIDATE at term 45 for changeToCandidate
2019-10-23 12:36:11,441 [Thread-523] INFO  impl.RoleInfo (RoleInfo.java:updateAndGet(143)) - 279bca68-3e74-4690-81cf-da5ab79b92f7: start LeaderElection
2019-10-23 12:36:11,456 [279bca68-3e74-4690-81cf-da5ab79b92f7@group-AF49A4A4CA2A-LeaderElection49] INFO  impl.LeaderElection (LeaderElection.java:askForVotes(178)) - 279bca68-3e74-4690-81cf-da5ab79b92f7@group-AF49A4A4CA2A-LeaderElection49: begin an election at term 46 for -1: [daebe4f8-0ad9-4eb2-8ed7-3a8051847eb6:192.168.69.118:44860, 389d5540-641f-48c2-a9df-60738dbad976:192.168.69.118:45712, 279bca68-3e74-4690-81cf-da5ab79b92f7:192.168.69.118:45510], old=null
2019-10-23 12:36:11,459 [grpc-default-executor-0] INFO  impl.RaftServerImpl (RaftServerImpl.java:setRole(184)) - daebe4f8-0ad9-4eb2-8ed7-3a8051847eb6@group-AF49A4A4CA2A: changes role from  FOLLOWER to FOLLOWER at term 46 for recognizeCandidate:279bca68-3e74-4690-81cf-da5ab79b92f7
2019-10-23 12:36:11,459 [grpc-default-executor-0] INFO  impl.RoleInfo (RoleInfo.java:shutdownFollowerState(121)) - daebe4f8-0ad9-4eb2-8ed7-3a8051847eb6: shutdown FollowerState
2019-10-23 12:36:11,460 [grpc-default-executor-3] INFO  impl.RaftServerImpl (RaftServerImpl.java:setRole(184)) - 389d5540-641f-48c2-a9df-60738dbad976@group-AF49A4A4CA2A: changes role from  FOLLOWER to FOLLOWER at term 46 for recognizeCandidate:279bca68-3e74-4690-81cf-da5ab79b92f7
2019-10-23 12:36:11,460 [Thread-521] INFO  impl.FollowerState (FollowerState.java:run(117)) - daebe4f8-0ad9-4eb2-8ed7-3a8051847eb6@group-AF49A4A4CA2A-FollowerState was interrupted: java.lang.InterruptedException: sleep interrupted
2019-10-23 12:36:11,460 [grpc-default-executor-0] INFO  impl.RoleInfo (RoleInfo.java:updateAndGet(143)) - daebe4f8-0ad9-4eb2-8ed7-3a8051847eb6: start FollowerState
2019-10-23 12:36:11,460 [grpc-default-executor-3] INFO  impl.RoleInfo (RoleInfo.java:shutdownFollowerState(121)) - 389d5540-641f-48c2-a9df-60738dbad976: shutdown FollowerState
2019-10-23 12:36:11,461 [Thread-522] INFO  impl.FollowerState (FollowerState.java:run(117)) - 389d5540-641f-48c2-a9df-60738dbad976@group-AF49A4A4CA2A-FollowerState was interrupted: java.lang.InterruptedException: sleep interrupted
2019-10-23 12:36:11,461 [grpc-default-executor-3] INFO  impl.RoleInfo (RoleInfo.java:updateAndGet(143)) - 389d5540-641f-48c2-a9df-60738dbad976: start FollowerState
2019-10-23 12:36:11,489 [279bca68-3e74-4690-81cf-da5ab79b92f7@group-AF49A4A4CA2A-LeaderElection49] INFO  impl.LeaderElection (LeaderElection.java:logAndReturn(56)) - 279bca68-3e74-4690-81cf-da5ab79b92f7@group-AF49A4A4CA2A-LeaderElection49: Election REJECTED; received 2 response(s) [279bca68-3e74-4690-81cf-da5ab79b92f7<-daebe4f8-0ad9-4eb2-8ed7-3a8051847eb6#0:FAIL-t46, 279bca68-3e74-4690-81cf-da5ab79b92f7<-389d5540-641f-48c2-a9df-60738dbad976#0:FAIL-t46] and 0 exception(s); 279bca68-3e74-4690-81cf-da5ab79b92f7@group-AF49A4A4CA2A:t46, leader=null, voted=279bca68-3e74-4690-81cf-da5ab79b92f7, raftlog=279bca68-3e74-4690-81cf-da5ab79b92f7@group-AF49A4A4CA2A-SegmentedRaftLog:OPENED:c-1,f-1,i0, conf=-1: [daebe4f8-0ad9-4eb2-8ed7-3a8051847eb6:192.168.69.118:44860, 389d5540-641f-48c2-a9df-60738dbad976:192.168.69.118:45712, 279bca68-3e74-4690-81cf-da5ab79b92f7:192.168.69.118:45510], old=null
2019-10-23 12:36:11,490 [279bca68-3e74-4690-81cf-da5ab79b92f7@group-AF49A4A4CA2A-LeaderElection49] INFO  impl.RaftServerImpl (RaftServerImpl.java:setRole(184)) - 279bca68-3e74-4690-81cf-da5ab79b92f7@group-AF49A4A4CA2A: changes role from CANDIDATE to FOLLOWER at term 46 for DISCOVERED_A_NEW_TERM
2019-10-23 12:36:11,490 [279bca68-3e74-4690-81cf-da5ab79b92f7@group-AF49A4A4CA2A-LeaderElection49] INFO  impl.RoleInfo (RoleInfo.java:shutdownLeaderElection(134)) - 279bca68-3e74-4690-81cf-da5ab79b92f7: shutdown LeaderElection
2019-10-23 12:36:11,490 [279bca68-3e74-4690-81cf-da5ab79b92f7@group-AF49A4A4CA2A-LeaderElection49] INFO  impl.RoleInfo (RoleInfo.java:updateAndGet(143)) - 279bca68-3e74-4690-81cf-da5ab79b92f7: start FollowerState
2019-10-23 12:36:11,620 [Thread-529] INFO  impl.FollowerState (FollowerState.java:run(108)) - 279bca68-3e74-4690-81cf-da5ab79b92f7@group-AF49A4A4CA2A-FollowerState: change to CANDIDATE, lastRpcTime:129ms, electionTimeout:129ms
2019-10-23 12:36:11,620 [Thread-529] INFO  impl.RoleInfo (RoleInfo.java:shutdownFollowerState(121)) - 279bca68-3e74-4690-81cf-da5ab79b92f7: shutdown FollowerState
2019-10-23 12:36:11,620 [Thread-529] INFO  impl.RaftServerImpl (RaftServerImpl.java:setRole(184)) - 279bca68-3e74-4690-81cf-da5ab79b92f7@group-AF49A4A4CA2A: changes role from  FOLLOWER to CANDIDATE at term 46 for changeToCandidate
2019-10-23 12:36:11,620 [Thread-529] INFO  impl.RoleInfo (RoleInfo.java:updateAndGet(143)) - 279bca68-3e74-4690-81cf-da5ab79b92f7: start LeaderElection
2019-10-23 12:36:11,634 [279bca68-3e74-4690-81cf-da5ab79b92f7@group-AF49A4A4CA2A-LeaderElection50] INFO  impl.LeaderElection (LeaderElection.java:askForVotes(178)) - 279bca68-3e74-4690-81cf-da5ab79b92f7@group-AF49A4A4CA2A-LeaderElection50: begin an election at term 47 for -1: [daebe4f8-0ad9-4eb2-8ed7-3a8051847eb6:192.168.69.118:44860, 389d5540-641f-48c2-a9df-60738dbad976:192.168.69.118:45712, 279bca68-3e74-4690-81cf-da5ab79b92f7:192.168.69.118:45510], old=null
2019-10-23 12:36:11,638 [grpc-default-executor-0] INFO  impl.RaftServerImpl (RaftServerImpl.java:setRole(184)) - daebe4f8-0ad9-4eb2-8ed7-3a8051847eb6@group-AF49A4A4CA2A: changes role from  FOLLOWER to FOLLOWER at term 47 for recognizeCandidate:279bca68-3e74-4690-81cf-da5ab79b92f7
2019-10-23 12:36:11,638 [grpc-default-executor-0] INFO  impl.RoleInfo (RoleInfo.java:shutdownFollowerState(121)) - daebe4f8-0ad9-4eb2-8ed7-3a8051847eb6: shutdown FollowerState
2019-10-23 12:36:11,638 [Thread-527] INFO  impl.FollowerState (FollowerState.java:run(117)) - daebe4f8-0ad9-4eb2-8ed7-3a8051847eb6@group-AF49A4A4CA2A-FollowerState was interrupted: java.lang.InterruptedException: sleep interrupted
2019-10-23 12:36:11,638 [grpc-default-executor-0] INFO  impl.RoleInfo (RoleInfo.java:updateAndGet(143)) - daebe4f8-0ad9-4eb2-8ed7-3a8051847eb6: start FollowerState
2019-10-23 12:36:11,639 [grpc-default-executor-3] INFO  impl.RaftServerImpl (RaftServerImpl.java:setRole(184)) - 389d5540-641f-48c2-a9df-60738dbad976@group-AF49A4A4CA2A: changes role from  FOLLOWER to FOLLOWER at term 47 for recognizeCandidate:279bca68-3e74-4690-81cf-da5ab79b92f7
2019-10-23 12:36:11,639 [grpc-default-executor-3] INFO  impl.RoleInfo (RoleInfo.java:shutdownFollowerState(121)) - 389d5540-641f-48c2-a9df-60738dbad976: shutdown FollowerState
2019-10-23 12:36:11,639 [grpc-default-executor-3] INFO  impl.RoleInfo (RoleInfo.java:updateAndGet(143)) - 389d5540-641f-48c2-a9df-60738dbad976: start FollowerState
2019-10-23 12:36:11,639 [Thread-528] INFO  impl.FollowerState (FollowerState.java:run(117)) - 389d5540-641f-48c2-a9df-60738dbad976@group-AF49A4A4CA2A-FollowerState was interrupted: java.lang.InterruptedException: sleep interrupted
2019-10-23 12:36:11,651 [279bca68-3e74-4690-81cf-da5ab79b92f7@group-AF49A4A4CA2A-LeaderElection50] INFO  impl.LeaderElection (LeaderElection.java:logAndReturn(56)) - 279bca68-3e74-4690-81cf-da5ab79b92f7@group-AF49A4A4CA2A-LeaderElection50: Election REJECTED; received 2 response(s) [279bca68-3e74-4690-81cf-da5ab79b92f7<-daebe4f8-0ad9-4eb2-8ed7-3a8051847eb6#0:FAIL-t47, 279bca68-3e74-4690-81cf-da5ab79b92f7<-389d5540-641f-48c2-a9df-60738dbad976#0:FAIL-t47] and 0 exception(s); 279bca68-3e74-4690-81cf-da5ab79b92f7@group-AF49A4A4CA2A:t47, leader=null, voted=279bca68-3e74-4690-81cf-da5ab79b92f7, raftlog=279bca68-3e74-4690-81cf-da5ab79b92f7@group-AF49A4A4CA2A-SegmentedRaftLog:OPENED:c-1,f-1,i0, conf=-1: [daebe4f8-0ad9-4eb2-8ed7-3a8051847eb6:192.168.69.118:44860, 389d5540-641f-48c2-a9df-60738dbad976:192.168.69.118:45712, 279bca68-3e74-4690-81cf-da5ab79b92f7:192.168.69.118:45510], old=null
2019-10-23 12:36:11,651 [279bca68-3e74-4690-81cf-da5ab79b92f7@group-AF49A4A4CA2A-LeaderElection50] INFO  impl.RaftServerImpl (RaftServerImpl.java:setRole(184)) - 279bca68-3e74-4690-81cf-da5ab79b92f7@group-AF49A4A4CA2A: changes role from CANDIDATE to FOLLOWER at term 47 for DISCOVERED_A_NEW_TERM
2019-10-23 12:36:11,651 [279bca68-3e74-4690-81cf-da5ab79b92f7@group-AF49A4A4CA2A-LeaderElection50] INFO  impl.RoleInfo (RoleInfo.java:shutdownLeaderElection(134)) - 279bca68-3e74-4690-81cf-da5ab79b92f7: shutdown LeaderElection
2019-10-23 12:36:11,652 [279bca68-3e74-4690-81cf-da5ab79b92f7@group-AF49A4A4CA2A-LeaderElection50] INFO  impl.RoleInfo (RoleInfo.java:updateAndGet(143)) - 279bca68-3e74-4690-81cf-da5ab79b92f7: start FollowerState
2019-10-23 12:36:11,821 [Thread-535] INFO  impl.FollowerState (FollowerState.java:run(108)) - 279bca68-3e74-4690-81cf-da5ab79b92f7@group-AF49A4A4CA2A-FollowerState: change to CANDIDATE, lastRpcTime:169ms, electionTimeout:169ms
2019-10-23 12:36:11,821 [Thread-535] INFO  impl.RoleInfo (RoleInfo.java:shutdownFollowerState(121)) - 279bca68-3e74-4690-81cf-da5ab79b92f7: shutdown FollowerState
2019-10-23 12:36:11,821 [Thread-535] INFO  impl.RaftServerImpl (RaftServerImpl.java:setRole(184)) - 279bca68-3e74-4690-81cf-da5ab79b92f7@group-AF49A4A4CA2A: changes role from  FOLLOWER to CANDIDATE at term 47 for changeToCandidate
2019-10-23 12:36:11,822 [Thread-535] INFO  impl.RoleInfo (RoleInfo.java:updateAndGet(143)) - 279bca68-3e74-4690-81cf-da5ab79b92f7: start LeaderElection
2019-10-23 12:36:11,848 [279bca68-3e74-4690-81cf-da5ab79b92f7@group-AF49A4A4CA2A-LeaderElection51] INFO  impl.LeaderElection (LeaderElection.java:askForVotes(178)) - 279bca68-3e74-4690-81cf-da5ab79b92f7@group-AF49A4A4CA2A-LeaderElection51: begin an election at term 48 for -1: [daebe4f8-0ad9-4eb2-8ed7-3a8051847eb6:192.168.69.118:44860, 389d5540-641f-48c2-a9df-60738dbad976:192.168.69.118:45712, 279bca68-3e74-4690-81cf-da5ab79b92f7:192.168.69.118:45510], old=null
2019-10-23 12:36:11,851 [grpc-default-executor-3] INFO  impl.RaftServerImpl (RaftServerImpl.java:setRole(184)) - daebe4f8-0ad9-4eb2-8ed7-3a8051847eb6@group-AF49A4A4CA2A: changes role from  FOLLOWER to FOLLOWER at term 48 for recognizeCandidate:279bca68-3e74-4690-81cf-da5ab79b92f7
2019-10-23 12:36:11,851 [grpc-default-executor-0] INFO  impl.RaftServerImpl (RaftServerImpl.java:setRole(184)) - 389d5540-641f-48c2-a9df-60738dbad976@group-AF49A4A4CA2A: changes role from  FOLLOWER to FOLLOWER at term 48 for recognizeCandidate:279bca68-3e74-4690-81cf-da5ab79b92f7
2019-10-23 12:36:11,851 [grpc-default-executor-3] INFO  impl.RoleInfo (RoleInfo.java:shutdownFollowerState(121)) - daebe4f8-0ad9-4eb2-8ed7-3a8051847eb6: shutdown FollowerState
2019-10-23 12:36:11,851 [grpc-default-executor-0] INFO  impl.RoleInfo (RoleInfo.java:shutdownFollowerState(121)) - 389d5540-641f-48c2-a9df-60738dbad976: shutdown FollowerState
2019-10-23 12:36:11,851 [Thread-533] INFO  impl.FollowerState (FollowerState.java:run(117)) - daebe4f8-0ad9-4eb2-8ed7-3a8051847eb6@group-AF49A4A4CA2A-FollowerState was interrupted: java.lang.InterruptedException: sleep interrupted
2019-10-23 12:36:11,851 [grpc-default-executor-3] INFO  impl.RoleInfo (RoleInfo.java:updateAndGet(143)) - daebe4f8-0ad9-4eb2-8ed7-3a8051847eb6: start FollowerState
2019-10-23 12:36:11,851 [Thread-534] INFO  impl.FollowerState (FollowerState.java:run(117)) - 389d5540-641f-48c2-a9df-60738dbad976@group-AF49A4A4CA2A-FollowerState was interrupted: java.lang.InterruptedException: sleep interrupted
2019-10-23 12:36:11,851 [grpc-default-executor-0] INFO  impl.RoleInfo (RoleInfo.java:updateAndGet(143)) - 389d5540-641f-48c2-a9df-60738dbad976: start FollowerState
2019-10-23 12:36:11,867 [279bca68-3e74-4690-81cf-da5ab79b92f7@group-AF49A4A4CA2A-LeaderElection51] INFO  impl.LeaderElection (LeaderElection.java:logAndReturn(56)) - 279bca68-3e74-4690-81cf-da5ab79b92f7@group-AF49A4A4CA2A-LeaderElection51: Election REJECTED; received 2 response(s) [279bca68-3e74-4690-81cf-da5ab79b92f7<-daebe4f8-0ad9-4eb2-8ed7-3a8051847eb6#0:FAIL-t48, 279bca68-3e74-4690-81cf-da5ab79b92f7<-389d5540-641f-48c2-a9df-60738dbad976#0:FAIL-t48] and 0 exception(s); 279bca68-3e74-4690-81cf-da5ab79b92f7@group-AF49A4A4CA2A:t48, leader=null, voted=279bca68-3e74-4690-81cf-da5ab79b92f7, raftlog=279bca68-3e74-4690-81cf-da5ab79b92f7@group-AF49A4A4CA2A-SegmentedRaftLog:OPENED:c-1,f-1,i0, conf=-1: [daebe4f8-0ad9-4eb2-8ed7-3a8051847eb6:192.168.69.118:44860, 389d5540-641f-48c2-a9df-60738dbad976:192.168.69.118:45712, 279bca68-3e74-4690-81cf-da5ab79b92f7:192.168.69.118:45510], old=null
2019-10-23 12:36:11,867 [279bca68-3e74-4690-81cf-da5ab79b92f7@group-AF49A4A4CA2A-LeaderElection51] INFO  impl.RaftServerImpl (RaftServerImpl.java:setRole(184)) - 279bca68-3e74-4690-81cf-da5ab79b92f7@group-AF49A4A4CA2A: changes role from CANDIDATE to FOLLOWER at term 48 for DISCOVERED_A_NEW_TERM
2019-10-23 12:36:11,867 [279bca68-3e74-4690-81cf-da5ab79b92f7@group-AF49A4A4CA2A-LeaderElection51] INFO  impl.RoleInfo (RoleInfo.java:shutdownLeaderElection(134)) - 279bca68-3e74-4690-81cf-da5ab79b92f7: shutdown LeaderElection
2019-10-23 12:36:11,868 [279bca68-3e74-4690-81cf-da5ab79b92f7@group-AF49A4A4CA2A-LeaderElection51] INFO  impl.RoleInfo (RoleInfo.java:updateAndGet(143)) - 279bca68-3e74-4690-81cf-da5ab79b92f7: start FollowerState
2019-10-23 12:36:11,901 [Thread-543] INFO  impl.FollowerState (FollowerState.java:run(108)) - 279bca68-3e74-4690-81cf-da5ab79b92f7@group-AF49A4A4CA2A-FollowerState: change to CANDIDATE, lastRpcTime:32ms, electionTimeout:32ms
2019-10-23 12:36:11,901 [Thread-543] INFO  impl.RoleInfo (RoleInfo.java:shutdownFollowerState(121)) - 279bca68-3e74-4690-81cf-da5ab79b92f7: shutdown FollowerState
2019-10-23 12:36:11,901 [Thread-543] INFO  impl.RaftServerImpl (RaftServerImpl.java:setRole(184)) - 279bca68-3e74-4690-81cf-da5ab79b92f7@group-AF49A4A4CA2A: changes role from  FOLLOWER to CANDIDATE at term 48 for changeToCandidate
2019-10-23 12:36:11,901 [Thread-543] INFO  impl.RoleInfo (RoleInfo.java:updateAndGet(143)) - 279bca68-3e74-4690-81cf-da5ab79b92f7: start LeaderElection
2019-10-23 12:36:11,927 [279bca68-3e74-4690-81cf-da5ab79b92f7@group-AF49A4A4CA2A-LeaderElection52] INFO  impl.LeaderElection (LeaderElection.java:askForVotes(178)) - 279bca68-3e74-4690-81cf-da5ab79b92f7@group-AF49A4A4CA2A-LeaderElection52: begin an election at term 49 for -1: [daebe4f8-0ad9-4eb2-8ed7-3a8051847eb6:192.168.69.118:44860, 389d5540-641f-48c2-a9df-60738dbad976:192.168.69.118:45712, 279bca68-3e74-4690-81cf-da5ab79b92f7:192.168.69.118:45510], old=null
2019-10-23 12:36:11,930 [grpc-default-executor-0] INFO  impl.RaftServerImpl (RaftServerImpl.java:setRole(184)) - daebe4f8-0ad9-4eb2-8ed7-3a8051847eb6@group-AF49A4A4CA2A: changes role from  FOLLOWER to FOLLOWER at term 49 for recognizeCandidate:279bca68-3e74-4690-81cf-da5ab79b92f7
2019-10-23 12:36:11,930 [grpc-default-executor-3] INFO  impl.RaftServerImpl (RaftServerImpl.java:setRole(184)) - 389d5540-641f-48c2-a9df-60738dbad976@group-AF49A4A4CA2A: changes role from  FOLLOWER to FOLLOWER at term 49 for recognizeCandidate:279bca68-3e74-4690-81cf-da5ab79b92f7
2019-10-23 12:36:11,930 [grpc-default-executor-0] INFO  impl.RoleInfo (RoleInfo.java:shutdownFollowerState(121)) - daebe4f8-0ad9-4eb2-8ed7-3a8051847eb6: shutdown FollowerState
2019-10-23 12:36:11,931 [grpc-default-executor-3] INFO  impl.RoleInfo (RoleInfo.java:shutdownFollowerState(121)) - 389d5540-641f-48c2-a9df-60738dbad976: shutdown FollowerState
2019-10-23 12:36:11,931 [Thread-541] INFO  impl.FollowerState (FollowerState.java:run(117)) - daebe4f8-0ad9-4eb2-8ed7-3a8051847eb6@group-AF49A4A4CA2A-FollowerState was interrupted: java.lang.InterruptedException: sleep interrupted
2019-10-23 12:36:11,931 [grpc-default-executor-0] INFO  impl.RoleInfo (RoleInfo.java:updateAndGet(143)) - daebe4f8-0ad9-4eb2-8ed7-3a8051847eb6: start FollowerState
2019-10-23 12:36:11,931 [Thread-542] INFO  impl.FollowerState (FollowerState.java:run(117)) - 389d5540-641f-48c2-a9df-60738dbad976@group-AF49A4A4CA2A-FollowerState was interrupted: java.lang.InterruptedException: sleep interrupted
2019-10-23 12:36:11,931 [grpc-default-executor-3] INFO  impl.RoleInfo (RoleInfo.java:updateAndGet(143)) - 389d5540-641f-48c2-a9df-60738dbad976: start FollowerState
2019-10-23 12:36:11,947 [279bca68-3e74-4690-81cf-da5ab79b92f7@group-AF49A4A4CA2A-LeaderElection52] INFO  impl.LeaderElection (LeaderElection.java:logAndReturn(56)) - 279bca68-3e74-4690-81cf-da5ab79b92f7@group-AF49A4A4CA2A-LeaderElection52: Election REJECTED; received 2 response(s) [279bca68-3e74-4690-81cf-da5ab79b92f7<-daebe4f8-0ad9-4eb2-8ed7-3a8051847eb6#0:FAIL-t49, 279bca68-3e74-4690-81cf-da5ab79b92f7<-389d5540-641f-48c2-a9df-60738dbad976#0:FAIL-t49] and 0 exception(s); 279bca68-3e74-4690-81cf-da5ab79b92f7@group-AF49A4A4CA2A:t49, leader=null, voted=279bca68-3e74-4690-81cf-da5ab79b92f7, raftlog=279bca68-3e74-4690-81cf-da5ab79b92f7@group-AF49A4A4CA2A-SegmentedRaftLog:OPENED:c-1,f-1,i0, conf=-1: [daebe4f8-0ad9-4eb2-8ed7-3a8051847eb6:192.168.69.118:44860, 389d5540-641f-48c2-a9df-60738dbad976:192.168.69.118:45712, 279bca68-3e74-4690-81cf-da5ab79b92f7:192.168.69.118:45510], old=null
2019-10-23 12:36:11,948 [279bca68-3e74-4690-81cf-da5ab79b92f7@group-AF49A4A4CA2A-LeaderElection52] INFO  impl.RaftServerImpl (RaftServerImpl.java:setRole(184)) - 279bca68-3e74-4690-81cf-da5ab79b92f7@group-AF49A4A4CA2A: changes role from CANDIDATE to FOLLOWER at term 49 for DISCOVERED_A_NEW_TERM
2019-10-23 12:36:11,948 [279bca68-3e74-4690-81cf-da5ab79b92f7@group-AF49A4A4CA2A-LeaderElection52] INFO  impl.RoleInfo (RoleInfo.java:shutdownLeaderElection(134)) - 279bca68-3e74-4690-81cf-da5ab79b92f7: shutdown LeaderElection
2019-10-23 12:36:11,948 [279bca68-3e74-4690-81cf-da5ab79b92f7@group-AF49A4A4CA2A-LeaderElection52] INFO  impl.RoleInfo (RoleInfo.java:updateAndGet(143)) - 279bca68-3e74-4690-81cf-da5ab79b92f7: start FollowerState
2019-10-23 12:36:11,981 [Thread-549] INFO  impl.FollowerState (FollowerState.java:run(108)) - 279bca68-3e74-4690-81cf-da5ab79b92f7@group-AF49A4A4CA2A-FollowerState: change to CANDIDATE, lastRpcTime:33ms, electionTimeout:33ms
2019-10-23 12:36:11,982 [Thread-549] INFO  impl.RoleInfo (RoleInfo.java:shutdownFollowerState(121)) - 279bca68-3e74-4690-81cf-da5ab79b92f7: shutdown FollowerState
2019-10-23 12:36:11,982 [Thread-549] INFO  impl.RaftServerImpl (RaftServerImpl.java:setRole(184)) - 279bca68-3e74-4690-81cf-da5ab79b92f7@group-AF49A4A4CA2A: changes role from  FOLLOWER to CANDIDATE at term 49 for changeToCandidate
2019-10-23 12:36:11,982 [Thread-549] INFO  impl.RoleInfo (RoleInfo.java:updateAndGet(143)) - 279bca68-3e74-4690-81cf-da5ab79b92f7: start LeaderElection
2019-10-23 12:36:11,996 [279bca68-3e74-4690-81cf-da5ab79b92f7@group-AF49A4A4CA2A-LeaderElection53] INFO  impl.LeaderElection (LeaderElection.java:askForVotes(178)) - 279bca68-3e74-4690-81cf-da5ab79b92f7@group-AF49A4A4CA2A-LeaderElection53: begin an election at term 50 for -1: [daebe4f8-0ad9-4eb2-8ed7-3a8051847eb6:192.168.69.118:44860, 389d5540-641f-48c2-a9df-60738dbad976:192.168.69.118:45712, 279bca68-3e74-4690-81cf-da5ab79b92f7:192.168.69.118:45510], old=null
2019-10-23 12:36:11,998 [grpc-default-executor-3] INFO  impl.RaftServerImpl (RaftServerImpl.java:setRole(184)) - daebe4f8-0ad9-4eb2-8ed7-3a8051847eb6@group-AF49A4A4CA2A: changes role from  FOLLOWER to FOLLOWER at term 50 for recognizeCandidate:279bca68-3e74-4690-81cf-da5ab79b92f7
2019-10-23 12:36:11,998 [grpc-default-executor-3] INFO  impl.RoleInfo (RoleInfo.java:shutdownFollowerState(121)) - daebe4f8-0ad9-4eb2-8ed7-3a8051847eb6: shutdown FollowerState
2019-10-23 12:36:11,999 [grpc-default-executor-3] INFO  impl.RoleInfo (RoleInfo.java:updateAndGet(143)) - daebe4f8-0ad9-4eb2-8ed7-3a8051847eb6: start FollowerState
2019-10-23 12:36:11,999 [Thread-547] INFO  impl.FollowerState (FollowerState.java:run(117)) - daebe4f8-0ad9-4eb2-8ed7-3a8051847eb6@group-AF49A4A4CA2A-FollowerState was interrupted: java.lang.InterruptedException: sleep interrupted
2019-10-23 12:36:11,999 [grpc-default-executor-0] INFO  impl.RaftServerImpl (RaftServerImpl.java:setRole(184)) - 389d5540-641f-48c2-a9df-60738dbad976@group-AF49A4A4CA2A: changes role from  FOLLOWER to FOLLOWER at term 50 for recognizeCandidate:279bca68-3e74-4690-81cf-da5ab79b92f7
2019-10-23 12:36:11,999 [grpc-default-executor-0] INFO  impl.RoleInfo (RoleInfo.java:shutdownFollowerState(121)) - 389d5540-641f-48c2-a9df-60738dbad976: shutdown FollowerState
2019-10-23 12:36:11,999 [grpc-default-executor-0] INFO  impl.RoleInfo (RoleInfo.java:updateAndGet(143)) - 389d5540-641f-48c2-a9df-60738dbad976: start FollowerState
2019-10-23 12:36:11,999 [Thread-548] INFO  impl.FollowerState (FollowerState.java:run(117)) - 389d5540-641f-48c2-a9df-60738dbad976@group-AF49A4A4CA2A-FollowerState was interrupted: java.lang.InterruptedException: sleep interrupted
2019-10-23 12:36:12,014 [279bca68-3e74-4690-81cf-da5ab79b92f7@group-AF49A4A4CA2A-LeaderElection53] INFO  impl.LeaderElection (LeaderElection.java:logAndReturn(56)) - 279bca68-3e74-4690-81cf-da5ab79b92f7@group-AF49A4A4CA2A-LeaderElection53: Election REJECTED; received 2 response(s) [279bca68-3e74-4690-81cf-da5ab79b92f7<-daebe4f8-0ad9-4eb2-8ed7-3a8051847eb6#0:FAIL-t50, 279bca68-3e74-4690-81cf-da5ab79b92f7<-389d5540-641f-48c2-a9df-60738dbad976#0:FAIL-t50] and 0 exception(s); 279bca68-3e74-4690-81cf-da5ab79b92f7@group-AF49A4A4CA2A:t50, leader=null, voted=279bca68-3e74-4690-81cf-da5ab79b92f7, raftlog=279bca68-3e74-4690-81cf-da5ab79b92f7@group-AF49A4A4CA2A-SegmentedRaftLog:OPENED:c-1,f-1,i0, conf=-1: [daebe4f8-0ad9-4eb2-8ed7-3a8051847eb6:192.168.69.118:44860, 389d5540-641f-48c2-a9df-60738dbad976:192.168.69.118:45712, 279bca68-3e74-4690-81cf-da5ab79b92f7:192.168.69.118:45510], old=null
2019-10-23 12:36:12,014 [279bca68-3e74-4690-81cf-da5ab79b92f7@group-AF49A4A4CA2A-LeaderElection53] INFO  impl.RaftServerImpl (RaftServerImpl.java:setRole(184)) - 279bca68-3e74-4690-81cf-da5ab79b92f7@group-AF49A4A4CA2A: changes role from CANDIDATE to FOLLOWER at term 50 for DISCOVERED_A_NEW_TERM
2019-10-23 12:36:12,014 [279bca68-3e74-4690-81cf-da5ab79b92f7@group-AF49A4A4CA2A-LeaderElection53] INFO  impl.RoleInfo (RoleInfo.java:shutdownLeaderElection(134)) - 279bca68-3e74-4690-81cf-da5ab79b92f7: shutdown LeaderElection
2019-10-23 12:36:12,014 [279bca68-3e74-4690-81cf-da5ab79b92f7@group-AF49A4A4CA2A-LeaderElection53] INFO  impl.RoleInfo (RoleInfo.java:updateAndGet(143)) - 279bca68-3e74-4690-81cf-da5ab79b92f7: start FollowerState
2019-10-23 12:36:12,064 [Thread-555] INFO  impl.FollowerState (FollowerState.java:run(108)) - 279bca68-3e74-4690-81cf-da5ab79b92f7@group-AF49A4A4CA2A-FollowerState: change to CANDIDATE, lastRpcTime:49ms, electionTimeout:49ms
2019-10-23 12:36:12,064 [Thread-555] INFO  impl.RoleInfo (RoleInfo.java:shutdownFollowerState(121)) - 279bca68-3e74-4690-81cf-da5ab79b92f7: shutdown FollowerState
2019-10-23 12:36:12,064 [Thread-555] INFO  impl.RaftServerImpl (RaftServerImpl.java:setRole(184)) - 279bca68-3e74-4690-81cf-da5ab79b92f7@group-AF49A4A4CA2A: changes role from  FOLLOWER to CANDIDATE at term 50 for changeToCandidate
2019-10-23 12:36:12,064 [Thread-555] INFO  impl.RoleInfo (RoleInfo.java:updateAndGet(143)) - 279bca68-3e74-4690-81cf-da5ab79b92f7: start LeaderElection
2019-10-23 12:36:12,078 [279bca68-3e74-4690-81cf-da5ab79b92f7@group-AF49A4A4CA2A-LeaderElection54] INFO  impl.LeaderElection (LeaderElection.java:askForVotes(178)) - 279bca68-3e74-4690-81cf-da5ab79b92f7@group-AF49A4A4CA2A-LeaderElection54: begin an election at term 51 for -1: [daebe4f8-0ad9-4eb2-8ed7-3a8051847eb6:192.168.69.118:44860, 389d5540-641f-48c2-a9df-60738dbad976:192.168.69.118:45712, 279bca68-3e74-4690-81cf-da5ab79b92f7:192.168.69.118:45510], old=null
2019-10-23 12:36:12,081 [grpc-default-executor-0] INFO  impl.RaftServerImpl (RaftServerImpl.java:setRole(184)) - daebe4f8-0ad9-4eb2-8ed7-3a8051847eb6@group-AF49A4A4CA2A: changes role from  FOLLOWER to FOLLOWER at term 51 for recognizeCandidate:279bca68-3e74-4690-81cf-da5ab79b92f7
2019-10-23 12:36:12,081 [grpc-default-executor-0] INFO  impl.RoleInfo (RoleInfo.java:shutdownFollowerState(121)) - daebe4f8-0ad9-4eb2-8ed7-3a8051847eb6: shutdown FollowerState
2019-10-23 12:36:12,081 [grpc-default-executor-3] INFO  impl.RaftServerImpl (RaftServerImpl.java:setRole(184)) - 389d5540-641f-48c2-a9df-60738dbad976@group-AF49A4A4CA2A: changes role from  FOLLOWER to FOLLOWER at term 51 for recognizeCandidate:279bca68-3e74-4690-81cf-da5ab79b92f7
2019-10-23 12:36:12,081 [Thread-553] INFO  impl.FollowerState (FollowerState.java:run(117)) - daebe4f8-0ad9-4eb2-8ed7-3a8051847eb6@group-AF49A4A4CA2A-FollowerState was interrupted: java.lang.InterruptedException: sleep interrupted
2019-10-23 12:36:12,081 [grpc-default-executor-0] INFO  impl.RoleInfo (RoleInfo.java:updateAndGet(143)) - daebe4f8-0ad9-4eb2-8ed7-3a8051847eb6: start FollowerState
2019-10-23 12:36:12,081 [grpc-default-executor-3] INFO  impl.RoleInfo (RoleInfo.java:shutdownFollowerState(121)) - 389d5540-641f-48c2-a9df-60738dbad976: shutdown FollowerState
2019-10-23 12:36:12,082 [grpc-default-executor-3] INFO  impl.RoleInfo (RoleInfo.java:updateAndGet(143)) - 389d5540-641f-48c2-a9df-60738dbad976: start FollowerState
2019-10-23 12:36:12,082 [Thread-554] INFO  impl.FollowerState (FollowerState.java:run(117)) - 389d5540-641f-48c2-a9df-60738dbad976@group-AF49A4A4CA2A-FollowerState was interrupted: java.lang.InterruptedException: sleep interrupted
2019-10-23 12:36:12,102 [279bca68-3e74-4690-81cf-da5ab79b92f7@group-AF49A4A4CA2A-LeaderElection54] INFO  impl.LeaderElection (LeaderElection.java:logAndReturn(56)) - 279bca68-3e74-4690-81cf-da5ab79b92f7@group-AF49A4A4CA2A-LeaderElection54: Election REJECTED; received 2 response(s) [279bca68-3e74-4690-81cf-da5ab79b92f7<-daebe4f8-0ad9-4eb2-8ed7-3a8051847eb6#0:FAIL-t51, 279bca68-3e74-4690-81cf-da5ab79b92f7<-389d5540-641f-48c2-a9df-60738dbad976#0:FAIL-t51] and 0 exception(s); 279bca68-3e74-4690-81cf-da5ab79b92f7@group-AF49A4A4CA2A:t51, leader=null, voted=279bca68-3e74-4690-81cf-da5ab79b92f7, raftlog=279bca68-3e74-4690-81cf-da5ab79b92f7@group-AF49A4A4CA2A-SegmentedRaftLog:OPENED:c-1,f-1,i0, conf=-1: [daebe4f8-0ad9-4eb2-8ed7-3a8051847eb6:192.168.69.118:44860, 389d5540-641f-48c2-a9df-60738dbad976:192.168.69.118:45712, 279bca68-3e74-4690-81cf-da5ab79b92f7:192.168.69.118:45510], old=null
2019-10-23 12:36:12,102 [279bca68-3e74-4690-81cf-da5ab79b92f7@group-AF49A4A4CA2A-LeaderElection54] INFO  impl.RaftServerImpl (RaftServerImpl.java:setRole(184)) - 279bca68-3e74-4690-81cf-da5ab79b92f7@group-AF49A4A4CA2A: changes role from CANDIDATE to FOLLOWER at term 51 for DISCOVERED_A_NEW_TERM
2019-10-23 12:36:12,102 [279bca68-3e74-4690-81cf-da5ab79b92f7@group-AF49A4A4CA2A-LeaderElection54] INFO  impl.RoleInfo (RoleInfo.java:shutdownLeaderElection(134)) - 279bca68-3e74-4690-81cf-da5ab79b92f7: shutdown LeaderElection
2019-10-23 12:36:12,102 [279bca68-3e74-4690-81cf-da5ab79b92f7@group-AF49A4A4CA2A-LeaderElection54] INFO  impl.RoleInfo (RoleInfo.java:updateAndGet(143)) - 279bca68-3e74-4690-81cf-da5ab79b92f7: start FollowerState
2019-10-23 12:36:12,170 [Thread-561] INFO  impl.FollowerState (FollowerState.java:run(108)) - 279bca68-3e74-4690-81cf-da5ab79b92f7@group-AF49A4A4CA2A-FollowerState: change to CANDIDATE, lastRpcTime:67ms, electionTimeout:67ms
2019-10-23 12:36:12,170 [Thread-561] INFO  impl.RoleInfo (RoleInfo.java:shutdownFollowerState(121)) - 279bca68-3e74-4690-81cf-da5ab79b92f7: shutdown FollowerState
2019-10-23 12:36:12,170 [Thread-561] INFO  impl.RaftServerImpl (RaftServerImpl.java:setRole(184)) - 279bca68-3e74-4690-81cf-da5ab79b92f7@group-AF49A4A4CA2A: changes role from  FOLLOWER to CANDIDATE at term 51 for changeToCandidate
2019-10-23 12:36:12,170 [Thread-561] INFO  impl.RoleInfo (RoleInfo.java:updateAndGet(143)) - 279bca68-3e74-4690-81cf-da5ab79b92f7: start LeaderElection
2019-10-23 12:36:12,196 [279bca68-3e74-4690-81cf-da5ab79b92f7@group-AF49A4A4CA2A-LeaderElection55] INFO  impl.LeaderElection (LeaderElection.java:askForVotes(178)) - 279bca68-3e74-4690-81cf-da5ab79b92f7@group-AF49A4A4CA2A-LeaderElection55: begin an election at term 52 for -1: [daebe4f8-0ad9-4eb2-8ed7-3a8051847eb6:192.168.69.118:44860, 389d5540-641f-48c2-a9df-60738dbad976:192.168.69.118:45712, 279bca68-3e74-4690-81cf-da5ab79b92f7:192.168.69.118:45510], old=null
2019-10-23 12:36:12,199 [grpc-default-executor-0] INFO  impl.RaftServerImpl (RaftServerImpl.java:setRole(184)) - daebe4f8-0ad9-4eb2-8ed7-3a8051847eb6@group-AF49A4A4CA2A: changes role from  FOLLOWER to FOLLOWER at term 52 for recognizeCandidate:279bca68-3e74-4690-81cf-da5ab79b92f7
2019-10-23 12:36:12,200 [grpc-default-executor-0] INFO  impl.RoleInfo (RoleInfo.java:shutdownFollowerState(121)) - daebe4f8-0ad9-4eb2-8ed7-3a8051847eb6: shutdown FollowerState
2019-10-23 12:36:12,200 [grpc-default-executor-3] INFO  impl.RaftServerImpl (RaftServerImpl.java:setRole(184)) - 389d5540-641f-48c2-a9df-60738dbad976@group-AF49A4A4CA2A: changes role from  FOLLOWER to FOLLOWER at term 52 for recognizeCandidate:279bca68-3e74-4690-81cf-da5ab79b92f7
2019-10-23 12:36:12,200 [Thread-559] INFO  impl.FollowerState (FollowerState.java:run(117)) - daebe4f8-0ad9-4eb2-8ed7-3a8051847eb6@group-AF49A4A4CA2A-FollowerState was interrupted: java.lang.InterruptedException: sleep interrupted
2019-10-23 12:36:12,200 [grpc-default-executor-3] INFO  impl.RoleInfo (RoleInfo.java:shutdownFollowerState(121)) - 389d5540-641f-48c2-a9df-60738dbad976: shutdown FollowerState
2019-10-23 12:36:12,200 [grpc-default-executor-0] INFO  impl.RoleInfo (RoleInfo.java:updateAndGet(143)) - daebe4f8-0ad9-4eb2-8ed7-3a8051847eb6: start FollowerState
2019-10-23 12:36:12,200 [Thread-560] INFO  impl.FollowerState (FollowerState.java:run(117)) - 389d5540-641f-48c2-a9df-60738dbad976@group-AF49A4A4CA2A-FollowerState was interrupted: java.lang.InterruptedException: sleep interrupted
2019-10-23 12:36:12,200 [grpc-default-executor-3] INFO  impl.RoleInfo (RoleInfo.java:updateAndGet(143)) - 389d5540-641f-48c2-a9df-60738dbad976: start FollowerState
2019-10-23 12:36:12,216 [279bca68-3e74-4690-81cf-da5ab79b92f7@group-AF49A4A4CA2A-LeaderElection55] INFO  impl.LeaderElection (LeaderElection.java:logAndReturn(56)) - 279bca68-3e74-4690-81cf-da5ab79b92f7@group-AF49A4A4CA2A-LeaderElection55: Election REJECTED; received 2 response(s) [279bca68-3e74-4690-81cf-da5ab79b92f7<-daebe4f8-0ad9-4eb2-8ed7-3a8051847eb6#0:FAIL-t52, 279bca68-3e74-4690-81cf-da5ab79b92f7<-389d5540-641f-48c2-a9df-60738dbad976#0:FAIL-t52] and 0 exception(s); 279bca68-3e74-4690-81cf-da5ab79b92f7@group-AF49A4A4CA2A:t52, leader=null, voted=279bca68-3e74-4690-81cf-da5ab79b92f7, raftlog=279bca68-3e74-4690-81cf-da5ab79b92f7@group-AF49A4A4CA2A-SegmentedRaftLog:OPENED:c-1,f-1,i0, conf=-1: [daebe4f8-0ad9-4eb2-8ed7-3a8051847eb6:192.168.69.118:44860, 389d5540-641f-48c2-a9df-60738dbad976:192.168.69.118:45712, 279bca68-3e74-4690-81cf-da5ab79b92f7:192.168.69.118:45510], old=null
2019-10-23 12:36:12,216 [279bca68-3e74-4690-81cf-da5ab79b92f7@group-AF49A4A4CA2A-LeaderElection55] INFO  impl.RaftServerImpl (RaftServerImpl.java:setRole(184)) - 279bca68-3e74-4690-81cf-da5ab79b92f7@group-AF49A4A4CA2A: changes role from CANDIDATE to FOLLOWER at term 52 for DISCOVERED_A_NEW_TERM
2019-10-23 12:36:12,216 [279bca68-3e74-4690-81cf-da5ab79b92f7@group-AF49A4A4CA2A-LeaderElection55] INFO  impl.RoleInfo (RoleInfo.java:shutdownLeaderElection(134)) - 279bca68-3e74-4690-81cf-da5ab79b92f7: shutdown LeaderElection
2019-10-23 12:36:12,216 [279bca68-3e74-4690-81cf-da5ab79b92f7@group-AF49A4A4CA2A-LeaderElection55] INFO  impl.RoleInfo (RoleInfo.java:updateAndGet(143)) - 279bca68-3e74-4690-81cf-da5ab79b92f7: start FollowerState
2019-10-23 12:36:12,358 [Thread-567] INFO  impl.FollowerState (FollowerState.java:run(108)) - 279bca68-3e74-4690-81cf-da5ab79b92f7@group-AF49A4A4CA2A-FollowerState: change to CANDIDATE, lastRpcTime:141ms, electionTimeout:141ms
2019-10-23 12:36:12,358 [Thread-567] INFO  impl.RoleInfo (RoleInfo.java:shutdownFollowerState(121)) - 279bca68-3e74-4690-81cf-da5ab79b92f7: shutdown FollowerState
2019-10-23 12:36:12,358 [Thread-567] INFO  impl.RaftServerImpl (RaftServerImpl.java:setRole(184)) - 279bca68-3e74-4690-81cf-da5ab79b92f7@group-AF49A4A4CA2A: changes role from  FOLLOWER to CANDIDATE at term 52 for changeToCandidate
2019-10-23 12:36:12,358 [Thread-567] INFO  impl.RoleInfo (RoleInfo.java:updateAndGet(143)) - 279bca68-3e74-4690-81cf-da5ab79b92f7: start LeaderElection
2019-10-23 12:36:12,385 [279bca68-3e74-4690-81cf-da5ab79b92f7@group-AF49A4A4CA2A-LeaderElection56] INFO  impl.LeaderElection (LeaderElection.java:askForVotes(178)) - 279bca68-3e74-4690-81cf-da5ab79b92f7@group-AF49A4A4CA2A-LeaderElection56: begin an election at term 53 for -1: [daebe4f8-0ad9-4eb2-8ed7-3a8051847eb6:192.168.69.118:44860, 389d5540-641f-48c2-a9df-60738dbad976:192.168.69.118:45712, 279bca68-3e74-4690-81cf-da5ab79b92f7:192.168.69.118:45510], old=null
2019-10-23 12:36:12,389 [grpc-default-executor-0] INFO  impl.RaftServerImpl (RaftServerImpl.java:setRole(184)) - daebe4f8-0ad9-4eb2-8ed7-3a8051847eb6@group-AF49A4A4CA2A: changes role from  FOLLOWER to FOLLOWER at term 53 for recognizeCandidate:279bca68-3e74-4690-81cf-da5ab79b92f7
2019-10-23 12:36:12,389 [grpc-default-executor-3] INFO  impl.RaftServerImpl (RaftServerImpl.java:setRole(184)) - 389d5540-641f-48c2-a9df-60738dbad976@group-AF49A4A4CA2A: changes role from  FOLLOWER to FOLLOWER at term 53 for recognizeCandidate:279bca68-3e74-4690-81cf-da5ab79b92f7
2019-10-23 12:36:12,389 [grpc-default-executor-0] INFO  impl.RoleInfo (RoleInfo.java:shutdownFollowerState(121)) - daebe4f8-0ad9-4eb2-8ed7-3a8051847eb6: shutdown FollowerState
2019-10-23 12:36:12,389 [grpc-default-executor-3] INFO  impl.RoleInfo (RoleInfo.java:shutdownFollowerState(121)) - 389d5540-641f-48c2-a9df-60738dbad976: shutdown FollowerState
2019-10-23 12:36:12,389 [Thread-565] INFO  impl.FollowerState (FollowerState.java:run(117)) - daebe4f8-0ad9-4eb2-8ed7-3a8051847eb6@group-AF49A4A4CA2A-FollowerState was interrupted: java.lang.InterruptedException: sleep interrupted
2019-10-23 12:36:12,389 [grpc-default-executor-0] INFO  impl.RoleInfo (RoleInfo.java:updateAndGet(143)) - daebe4f8-0ad9-4eb2-8ed7-3a8051847eb6: start FollowerState
2019-10-23 12:36:12,390 [Thread-566] INFO  impl.FollowerState (FollowerState.java:run(117)) - 389d5540-641f-48c2-a9df-60738dbad976@group-AF49A4A4CA2A-FollowerState was interrupted: java.lang.InterruptedException: sleep interrupted
2019-10-23 12:36:12,390 [grpc-default-executor-3] INFO  impl.RoleInfo (RoleInfo.java:updateAndGet(143)) - 389d5540-641f-48c2-a9df-60738dbad976: start FollowerState
2019-10-23 12:36:12,418 [279bca68-3e74-4690-81cf-da5ab79b92f7@group-AF49A4A4CA2A-LeaderElection56] INFO  impl.LeaderElection (LeaderElection.java:logAndReturn(56)) - 279bca68-3e74-4690-81cf-da5ab79b92f7@group-AF49A4A4CA2A-LeaderElection56: Election REJECTED; received 2 response(s) [279bca68-3e74-4690-81cf-da5ab79b92f7<-daebe4f8-0ad9-4eb2-8ed7-3a8051847eb6#0:FAIL-t53, 279bca68-3e74-4690-81cf-da5ab79b92f7<-389d5540-641f-48c2-a9df-60738dbad976#0:FAIL-t53] and 0 exception(s); 279bca68-3e74-4690-81cf-da5ab79b92f7@group-AF49A4A4CA2A:t53, leader=null, voted=279bca68-3e74-4690-81cf-da5ab79b92f7, raftlog=279bca68-3e74-4690-81cf-da5ab79b92f7@group-AF49A4A4CA2A-SegmentedRaftLog:OPENED:c-1,f-1,i0, conf=-1: [daebe4f8-0ad9-4eb2-8ed7-3a8051847eb6:192.168.69.118:44860, 389d5540-641f-48c2-a9df-60738dbad976:192.168.69.118:45712, 279bca68-3e74-4690-81cf-da5ab79b92f7:192.168.69.118:45510], old=null
2019-10-23 12:36:12,418 [279bca68-3e74-4690-81cf-da5ab79b92f7@group-AF49A4A4CA2A-LeaderElection56] INFO  impl.RaftServerImpl (RaftServerImpl.java:setRole(184)) - 279bca68-3e74-4690-81cf-da5ab79b92f7@group-AF49A4A4CA2A: changes role from CANDIDATE to FOLLOWER at term 53 for DISCOVERED_A_NEW_TERM
2019-10-23 12:36:12,418 [279bca68-3e74-4690-81cf-da5ab79b92f7@group-AF49A4A4CA2A-LeaderElection56] INFO  impl.RoleInfo (RoleInfo.java:shutdownLeaderElection(134)) - 279bca68-3e74-4690-81cf-da5ab79b92f7: shutdown LeaderElection
2019-10-23 12:36:12,418 [279bca68-3e74-4690-81cf-da5ab79b92f7@group-AF49A4A4CA2A-LeaderElection56] INFO  impl.RoleInfo (RoleInfo.java:updateAndGet(143)) - 279bca68-3e74-4690-81cf-da5ab79b92f7: start FollowerState
2019-10-23 12:36:12,438 [Thread-573] INFO  impl.FollowerState (FollowerState.java:run(108)) - 279bca68-3e74-4690-81cf-da5ab79b92f7@group-AF49A4A4CA2A-FollowerState: change to CANDIDATE, lastRpcTime:19ms, electionTimeout:19ms
2019-10-23 12:36:12,438 [Thread-573] INFO  impl.RoleInfo (RoleInfo.java:shutdownFollowerState(121)) - 279bca68-3e74-4690-81cf-da5ab79b92f7: shutdown FollowerState
2019-10-23 12:36:12,438 [Thread-573] INFO  impl.RaftServerImpl (RaftServerImpl.java:setRole(184)) - 279bca68-3e74-4690-81cf-da5ab79b92f7@group-AF49A4A4CA2A: changes role from  FOLLOWER to CANDIDATE at term 53 for changeToCandidate
2019-10-23 12:36:12,438 [Thread-573] INFO  impl.RoleInfo (RoleInfo.java:updateAndGet(143)) - 279bca68-3e74-4690-81cf-da5ab79b92f7: start LeaderElection
2019-10-23 12:36:12,464 [279bca68-3e74-4690-81cf-da5ab79b92f7@group-AF49A4A4CA2A-LeaderElection57] INFO  impl.LeaderElection (LeaderElection.java:askForVotes(178)) - 279bca68-3e74-4690-81cf-da5ab79b92f7@group-AF49A4A4CA2A-LeaderElection57: begin an election at term 54 for -1: [daebe4f8-0ad9-4eb2-8ed7-3a8051847eb6:192.168.69.118:44860, 389d5540-641f-48c2-a9df-60738dbad976:192.168.69.118:45712, 279bca68-3e74-4690-81cf-da5ab79b92f7:192.168.69.118:45510], old=null
2019-10-23 12:36:12,467 [grpc-default-executor-0] INFO  impl.RaftServerImpl (RaftServerImpl.java:setRole(184)) - 389d5540-641f-48c2-a9df-60738dbad976@group-AF49A4A4CA2A: changes role from  FOLLOWER to FOLLOWER at term 54 for recognizeCandidate:279bca68-3e74-4690-81cf-da5ab79b92f7
2019-10-23 12:36:12,468 [grpc-default-executor-0] INFO  impl.RoleInfo (RoleInfo.java:shutdownFollowerState(121)) - 389d5540-641f-48c2-a9df-60738dbad976: shutdown FollowerState
2019-10-23 12:36:12,468 [grpc-default-executor-0] INFO  impl.RoleInfo (RoleInfo.java:updateAndGet(143)) - 389d5540-641f-48c2-a9df-60738dbad976: start FollowerState
2019-10-23 12:36:12,468 [grpc-default-executor-3] INFO  impl.RaftServerImpl (RaftServerImpl.java:setRole(184)) - daebe4f8-0ad9-4eb2-8ed7-3a8051847eb6@group-AF49A4A4CA2A: changes role from  FOLLOWER to FOLLOWER at term 54 for recognizeCandidate:279bca68-3e74-4690-81cf-da5ab79b92f7
2019-10-23 12:36:12,468 [Thread-572] INFO  impl.FollowerState (FollowerState.java:run(117)) - 389d5540-641f-48c2-a9df-60738dbad976@group-AF49A4A4CA2A-FollowerState was interrupted: java.lang.InterruptedException: sleep interrupted
2019-10-23 12:36:12,468 [grpc-default-executor-3] INFO  impl.RoleInfo (RoleInfo.java:shutdownFollowerState(121)) - daebe4f8-0ad9-4eb2-8ed7-3a8051847eb6: shutdown FollowerState
2019-10-23 12:36:12,469 [grpc-default-executor-3] INFO  impl.RoleInfo (RoleInfo.java:updateAndGet(143)) - daebe4f8-0ad9-4eb2-8ed7-3a8051847eb6: start FollowerState
2019-10-23 12:36:12,469 [Thread-571] INFO  impl.FollowerState (FollowerState.java:run(117)) - daebe4f8-0ad9-4eb2-8ed7-3a8051847eb6@group-AF49A4A4CA2A-FollowerState was interrupted: java.lang.InterruptedException: sleep interrupted
2019-10-23 12:36:12,484 [279bca68-3e74-4690-81cf-da5ab79b92f7@group-AF49A4A4CA2A-LeaderElection57] INFO  impl.LeaderElection (LeaderElection.java:logAndReturn(56)) - 279bca68-3e74-4690-81cf-da5ab79b92f7@group-AF49A4A4CA2A-LeaderElection57: Election REJECTED; received 2 response(s) [279bca68-3e74-4690-81cf-da5ab79b92f7<-daebe4f8-0ad9-4eb2-8ed7-3a8051847eb6#0:FAIL-t54, 279bca68-3e74-4690-81cf-da5ab79b92f7<-389d5540-641f-48c2-a9df-60738dbad976#0:FAIL-t54] and 0 exception(s); 279bca68-3e74-4690-81cf-da5ab79b92f7@group-AF49A4A4CA2A:t54, leader=null, voted=279bca68-3e74-4690-81cf-da5ab79b92f7, raftlog=279bca68-3e74-4690-81cf-da5ab79b92f7@group-AF49A4A4CA2A-SegmentedRaftLog:OPENED:c-1,f-1,i0, conf=-1: [daebe4f8-0ad9-4eb2-8ed7-3a8051847eb6:192.168.69.118:44860, 389d5540-641f-48c2-a9df-60738dbad976:192.168.69.118:45712, 279bca68-3e74-4690-81cf-da5ab79b92f7:192.168.69.118:45510], old=null
2019-10-23 12:36:12,484 [279bca68-3e74-4690-81cf-da5ab79b92f7@group-AF49A4A4CA2A-LeaderElection57] INFO  impl.RaftServerImpl (RaftServerImpl.java:setRole(184)) - 279bca68-3e74-4690-81cf-da5ab79b92f7@group-AF49A4A4CA2A: changes role from CANDIDATE to FOLLOWER at term 54 for DISCOVERED_A_NEW_TERM
2019-10-23 12:36:12,484 [279bca68-3e74-4690-81cf-da5ab79b92f7@group-AF49A4A4CA2A-LeaderElection57] INFO  impl.RoleInfo (RoleInfo.java:shutdownLeaderElection(134)) - 279bca68-3e74-4690-81cf-da5ab79b92f7: shutdown LeaderElection
2019-10-23 12:36:12,485 [279bca68-3e74-4690-81cf-da5ab79b92f7@group-AF49A4A4CA2A-LeaderElection57] INFO  impl.RoleInfo (RoleInfo.java:updateAndGet(143)) - 279bca68-3e74-4690-81cf-da5ab79b92f7: start FollowerState
2019-10-23 12:36:12,529 [Thread-579] INFO  impl.FollowerState (FollowerState.java:run(108)) - 279bca68-3e74-4690-81cf-da5ab79b92f7@group-AF49A4A4CA2A-FollowerState: change to CANDIDATE, lastRpcTime:44ms, electionTimeout:44ms
2019-10-23 12:36:12,529 [Thread-579] INFO  impl.RoleInfo (RoleInfo.java:shutdownFollowerState(121)) - 279bca68-3e74-4690-81cf-da5ab79b92f7: shutdown FollowerState
2019-10-23 12:36:12,529 [Thread-579] INFO  impl.RaftServerImpl (RaftServerImpl.java:setRole(184)) - 279bca68-3e74-4690-81cf-da5ab79b92f7@group-AF49A4A4CA2A: changes role from  FOLLOWER to CANDIDATE at term 54 for changeToCandidate
2019-10-23 12:36:12,529 [Thread-579] INFO  impl.RoleInfo (RoleInfo.java:updateAndGet(143)) - 279bca68-3e74-4690-81cf-da5ab79b92f7: start LeaderElection
2019-10-23 12:36:12,555 [279bca68-3e74-4690-81cf-da5ab79b92f7@group-AF49A4A4CA2A-LeaderElection58] INFO  impl.LeaderElection (LeaderElection.java:askForVotes(178)) - 279bca68-3e74-4690-81cf-da5ab79b92f7@group-AF49A4A4CA2A-LeaderElection58: begin an election at term 55 for -1: [daebe4f8-0ad9-4eb2-8ed7-3a8051847eb6:192.168.69.118:44860, 389d5540-641f-48c2-a9df-60738dbad976:192.168.69.118:45712, 279bca68-3e74-4690-81cf-da5ab79b92f7:192.168.69.118:45510], old=null
2019-10-23 12:36:12,558 [grpc-default-executor-0] INFO  impl.RaftServerImpl (RaftServerImpl.java:setRole(184)) - daebe4f8-0ad9-4eb2-8ed7-3a8051847eb6@group-AF49A4A4CA2A: changes role from  FOLLOWER to FOLLOWER at term 55 for recognizeCandidate:279bca68-3e74-4690-81cf-da5ab79b92f7
2019-10-23 12:36:12,558 [grpc-default-executor-0] INFO  impl.RoleInfo (RoleInfo.java:shutdownFollowerState(121)) - daebe4f8-0ad9-4eb2-8ed7-3a8051847eb6: shutdown FollowerState
2019-10-23 12:36:12,558 [grpc-default-executor-0] INFO  impl.RoleInfo (RoleInfo.java:updateAndGet(143)) - daebe4f8-0ad9-4eb2-8ed7-3a8051847eb6: start FollowerState
2019-10-23 12:36:12,558 [grpc-default-executor-3] INFO  impl.RaftServerImpl (RaftServerImpl.java:setRole(184)) - 389d5540-641f-48c2-a9df-60738dbad976@group-AF49A4A4CA2A: changes role from  FOLLOWER to FOLLOWER at term 55 for recognizeCandidate:279bca68-3e74-4690-81cf-da5ab79b92f7
2019-10-23 12:36:12,558 [Thread-578] INFO  impl.FollowerState (FollowerState.java:run(117)) - daebe4f8-0ad9-4eb2-8ed7-3a8051847eb6@group-AF49A4A4CA2A-FollowerState was interrupted: java.lang.InterruptedException: sleep interrupted
2019-10-23 12:36:12,559 [grpc-default-executor-3] INFO  impl.RoleInfo (RoleInfo.java:shutdownFollowerState(121)) - 389d5540-641f-48c2-a9df-60738dbad976: shutdown FollowerState
2019-10-23 12:36:12,559 [grpc-default-executor-3] INFO  impl.RoleInfo (RoleInfo.java:updateAndGet(143)) - 389d5540-641f-48c2-a9df-60738dbad976: start FollowerState
2019-10-23 12:36:12,559 [Thread-577] INFO  impl.FollowerState (FollowerState.java:run(117)) - 389d5540-641f-48c2-a9df-60738dbad976@group-AF49A4A4CA2A-FollowerState was interrupted: java.lang.InterruptedException: sleep interrupted
2019-10-23 12:36:12,586 [279bca68-3e74-4690-81cf-da5ab79b92f7@group-AF49A4A4CA2A-LeaderElection58] INFO  impl.LeaderElection (LeaderElection.java:logAndReturn(56)) - 279bca68-3e74-4690-81cf-da5ab79b92f7@group-AF49A4A4CA2A-LeaderElection58: Election REJECTED; received 2 response(s) [279bca68-3e74-4690-81cf-da5ab79b92f7<-daebe4f8-0ad9-4eb2-8ed7-3a8051847eb6#0:FAIL-t55, 279bca68-3e74-4690-81cf-da5ab79b92f7<-389d5540-641f-48c2-a9df-60738dbad976#0:FAIL-t55] and 0 exception(s); 279bca68-3e74-4690-81cf-da5ab79b92f7@group-AF49A4A4CA2A:t55, leader=null, voted=279bca68-3e74-4690-81cf-da5ab79b92f7, raftlog=279bca68-3e74-4690-81cf-da5ab79b92f7@group-AF49A4A4CA2A-SegmentedRaftLog:OPENED:c-1,f-1,i0, conf=-1: [daebe4f8-0ad9-4eb2-8ed7-3a8051847eb6:192.168.69.118:44860, 389d5540-641f-48c2-a9df-60738dbad976:192.168.69.118:45712, 279bca68-3e74-4690-81cf-da5ab79b92f7:192.168.69.118:45510], old=null
2019-10-23 12:36:12,586 [279bca68-3e74-4690-81cf-da5ab79b92f7@group-AF49A4A4CA2A-LeaderElection58] INFO  impl.RaftServerImpl (RaftServerImpl.java:setRole(184)) - 279bca68-3e74-4690-81cf-da5ab79b92f7@group-AF49A4A4CA2A: changes role from CANDIDATE to FOLLOWER at term 55 for DISCOVERED_A_NEW_TERM
2019-10-23 12:36:12,586 [279bca68-3e74-4690-81cf-da5ab79b92f7@group-AF49A4A4CA2A-LeaderElection58] INFO  impl.RoleInfo (RoleInfo.java:shutdownLeaderElection(134)) - 279bca68-3e74-4690-81cf-da5ab79b92f7: shutdown LeaderElection
2019-10-23 12:36:12,588 [279bca68-3e74-4690-81cf-da5ab79b92f7@group-AF49A4A4CA2A-LeaderElection58] INFO  impl.RoleInfo (RoleInfo.java:updateAndGet(143)) - 279bca68-3e74-4690-81cf-da5ab79b92f7: start FollowerState
2019-10-23 12:36:12,659 [Thread-585] INFO  impl.FollowerState (FollowerState.java:run(108)) - 279bca68-3e74-4690-81cf-da5ab79b92f7@group-AF49A4A4CA2A-FollowerState: change to CANDIDATE, lastRpcTime:70ms, electionTimeout:70ms
2019-10-23 12:36:12,659 [Thread-585] INFO  impl.RoleInfo (RoleInfo.java:shutdownFollowerState(121)) - 279bca68-3e74-4690-81cf-da5ab79b92f7: shutdown FollowerState
2019-10-23 12:36:12,659 [Thread-585] INFO  impl.RaftServerImpl (RaftServerImpl.java:setRole(184)) - 279bca68-3e74-4690-81cf-da5ab79b92f7@group-AF49A4A4CA2A: changes role from  FOLLOWER to CANDIDATE at term 55 for changeToCandidate
2019-10-23 12:36:12,659 [Thread-585] INFO  impl.RoleInfo (RoleInfo.java:updateAndGet(143)) - 279bca68-3e74-4690-81cf-da5ab79b92f7: start LeaderElection
2019-10-23 12:36:12,675 [279bca68-3e74-4690-81cf-da5ab79b92f7@group-AF49A4A4CA2A-LeaderElection59] INFO  impl.LeaderElection (LeaderElection.java:askForVotes(178)) - 279bca68-3e74-4690-81cf-da5ab79b92f7@group-AF49A4A4CA2A-LeaderElection59: begin an election at term 56 for -1: [daebe4f8-0ad9-4eb2-8ed7-3a8051847eb6:192.168.69.118:44860, 389d5540-641f-48c2-a9df-60738dbad976:192.168.69.118:45712, 279bca68-3e74-4690-81cf-da5ab79b92f7:192.168.69.118:45510], old=null
2019-10-23 12:36:12,678 [grpc-default-executor-3] INFO  impl.RaftServerImpl (RaftServerImpl.java:setRole(184)) - daebe4f8-0ad9-4eb2-8ed7-3a8051847eb6@group-AF49A4A4CA2A: changes role from  FOLLOWER to FOLLOWER at term 56 for recognizeCandidate:279bca68-3e74-4690-81cf-da5ab79b92f7
2019-10-23 12:36:12,679 [grpc-default-executor-3] INFO  impl.RoleInfo (RoleInfo.java:shutdownFollowerState(121)) - daebe4f8-0ad9-4eb2-8ed7-3a8051847eb6: shutdown FollowerState
2019-10-23 12:36:12,679 [grpc-default-executor-0] INFO  impl.RaftServerImpl (RaftServerImpl.java:setRole(184)) - 389d5540-641f-48c2-a9df-60738dbad976@group-AF49A4A4CA2A: changes role from  FOLLOWER to FOLLOWER at term 56 for recognizeCandidate:279bca68-3e74-4690-81cf-da5ab79b92f7
2019-10-23 12:36:12,679 [Thread-583] INFO  impl.FollowerState (FollowerState.java:run(117)) - daebe4f8-0ad9-4eb2-8ed7-3a8051847eb6@group-AF49A4A4CA2A-FollowerState was interrupted: java.lang.InterruptedException: sleep interrupted
2019-10-23 12:36:12,679 [grpc-default-executor-3] INFO  impl.RoleInfo (RoleInfo.java:updateAndGet(143)) - daebe4f8-0ad9-4eb2-8ed7-3a8051847eb6: start FollowerState
2019-10-23 12:36:12,679 [grpc-default-executor-0] INFO  impl.RoleInfo (RoleInfo.java:shutdownFollowerState(121)) - 389d5540-641f-48c2-a9df-60738dbad976: shutdown FollowerState
2019-10-23 12:36:12,679 [grpc-default-executor-0] INFO  impl.RoleInfo (RoleInfo.java:updateAndGet(143)) - 389d5540-641f-48c2-a9df-60738dbad976: start FollowerState
2019-10-23 12:36:12,680 [Thread-584] INFO  impl.FollowerState (FollowerState.java:run(117)) - 389d5540-641f-48c2-a9df-60738dbad976@group-AF49A4A4CA2A-FollowerState was interrupted: java.lang.InterruptedException: sleep interrupted
2019-10-23 12:36:12,706 [279bca68-3e74-4690-81cf-da5ab79b92f7@group-AF49A4A4CA2A-LeaderElection59] INFO  impl.LeaderElection (LeaderElection.java:logAndReturn(56)) - 279bca68-3e74-4690-81cf-da5ab79b92f7@group-AF49A4A4CA2A-LeaderElection59: Election REJECTED; received 2 response(s) [279bca68-3e74-4690-81cf-da5ab79b92f7<-daebe4f8-0ad9-4eb2-8ed7-3a8051847eb6#0:FAIL-t56, 279bca68-3e74-4690-81cf-da5ab79b92f7<-389d5540-641f-48c2-a9df-60738dbad976#0:FAIL-t56] and 0 exception(s); 279bca68-3e74-4690-81cf-da5ab79b92f7@group-AF49A4A4CA2A:t56, leader=null, voted=279bca68-3e74-4690-81cf-da5ab79b92f7, raftlog=279bca68-3e74-4690-81cf-da5ab79b92f7@group-AF49A4A4CA2A-SegmentedRaftLog:OPENED:c-1,f-1,i0, conf=-1: [daebe4f8-0ad9-4eb2-8ed7-3a8051847eb6:192.168.69.118:44860, 389d5540-641f-48c2-a9df-60738dbad976:192.168.69.118:45712, 279bca68-3e74-4690-81cf-da5ab79b92f7:192.168.69.118:45510], old=null
2019-10-23 12:36:12,707 [279bca68-3e74-4690-81cf-da5ab79b92f7@group-AF49A4A4CA2A-LeaderElection59] INFO  impl.RaftServerImpl (RaftServerImpl.java:setRole(184)) - 279bca68-3e74-4690-81cf-da5ab79b92f7@group-AF49A4A4CA2A: changes role from CANDIDATE to FOLLOWER at term 56 for DISCOVERED_A_NEW_TERM
2019-10-23 12:36:12,707 [279bca68-3e74-4690-81cf-da5ab79b92f7@group-AF49A4A4CA2A-LeaderElection59] INFO  impl.RoleInfo (RoleInfo.java:shutdownLeaderElection(134)) - 279bca68-3e74-4690-81cf-da5ab79b92f7: shutdown LeaderElection
2019-10-23 12:36:12,707 [279bca68-3e74-4690-81cf-da5ab79b92f7@group-AF49A4A4CA2A-LeaderElection59] INFO  impl.RoleInfo (RoleInfo.java:updateAndGet(143)) - 279bca68-3e74-4690-81cf-da5ab79b92f7: start FollowerState
2019-10-23 12:36:12,794 [Thread-592] INFO  impl.FollowerState (FollowerState.java:run(108)) - 279bca68-3e74-4690-81cf-da5ab79b92f7@group-AF49A4A4CA2A-FollowerState: change to CANDIDATE, lastRpcTime:87ms, electionTimeout:87ms
2019-10-23 12:36:12,795 [Thread-592] INFO  impl.RoleInfo (RoleInfo.java:shutdownFollowerState(121)) - 279bca68-3e74-4690-81cf-da5ab79b92f7: shutdown FollowerState
2019-10-23 12:36:12,795 [Thread-592] INFO  impl.RaftServerImpl (RaftServerImpl.java:setRole(184)) - 279bca68-3e74-4690-81cf-da5ab79b92f7@group-AF49A4A4CA2A: changes role from  FOLLOWER to CANDIDATE at term 56 for changeToCandidate
2019-10-23 12:36:12,795 [Thread-592] INFO  impl.RoleInfo (RoleInfo.java:updateAndGet(143)) - 279bca68-3e74-4690-81cf-da5ab79b92f7: start LeaderElection
2019-10-23 12:36:12,821 [279bca68-3e74-4690-81cf-da5ab79b92f7@group-AF49A4A4CA2A-LeaderElection60] INFO  impl.LeaderElection (LeaderElection.java:askForVotes(178)) - 279bca68-3e74-4690-81cf-da5ab79b92f7@group-AF49A4A4CA2A-LeaderElection60: begin an election at term 57 for -1: [daebe4f8-0ad9-4eb2-8ed7-3a8051847eb6:192.168.69.118:44860, 389d5540-641f-48c2-a9df-60738dbad976:192.168.69.118:45712, 279bca68-3e74-4690-81cf-da5ab79b92f7:192.168.69.118:45510], old=null
2019-10-23 12:36:12,825 [grpc-default-executor-0] INFO  impl.RaftServerImpl (RaftServerImpl.java:setRole(184)) - daebe4f8-0ad9-4eb2-8ed7-3a8051847eb6@group-AF49A4A4CA2A: changes role from  FOLLOWER to FOLLOWER at term 57 for recognizeCandidate:279bca68-3e74-4690-81cf-da5ab79b92f7
2019-10-23 12:36:12,825 [grpc-default-executor-0] INFO  impl.RoleInfo (RoleInfo.java:shutdownFollowerState(121)) - daebe4f8-0ad9-4eb2-8ed7-3a8051847eb6: shutdown FollowerState
2019-10-23 12:36:12,825 [grpc-default-executor-0] INFO  impl.RoleInfo (RoleInfo.java:updateAndGet(143)) - daebe4f8-0ad9-4eb2-8ed7-3a8051847eb6: start FollowerState
2019-10-23 12:36:12,825 [Thread-589] INFO  impl.FollowerState (FollowerState.java:run(117)) - daebe4f8-0ad9-4eb2-8ed7-3a8051847eb6@group-AF49A4A4CA2A-FollowerState was interrupted: java.lang.InterruptedException: sleep interrupted
2019-10-23 12:36:12,825 [grpc-default-executor-3] INFO  impl.RaftServerImpl (RaftServerImpl.java:setRole(184)) - 389d5540-641f-48c2-a9df-60738dbad976@group-AF49A4A4CA2A: changes role from  FOLLOWER to FOLLOWER at term 57 for recognizeCandidate:279bca68-3e74-4690-81cf-da5ab79b92f7
2019-10-23 12:36:12,826 [grpc-default-executor-3] INFO  impl.RoleInfo (RoleInfo.java:shutdownFollowerState(121)) - 389d5540-641f-48c2-a9df-60738dbad976: shutdown FollowerState
2019-10-23 12:36:12,826 [grpc-default-executor-3] INFO  impl.RoleInfo (RoleInfo.java:updateAndGet(143)) - 389d5540-641f-48c2-a9df-60738dbad976: start FollowerState
2019-10-23 12:36:12,826 [Thread-590] INFO  impl.FollowerState (FollowerState.java:run(117)) - 389d5540-641f-48c2-a9df-60738dbad976@group-AF49A4A4CA2A-FollowerState was interrupted: java.lang.InterruptedException: sleep interrupted
2019-10-23 12:36:12,841 [279bca68-3e74-4690-81cf-da5ab79b92f7@group-AF49A4A4CA2A-LeaderElection60] INFO  impl.LeaderElection (LeaderElection.java:logAndReturn(56)) - 279bca68-3e74-4690-81cf-da5ab79b92f7@group-AF49A4A4CA2A-LeaderElection60: Election REJECTED; received 2 response(s) [279bca68-3e74-4690-81cf-da5ab79b92f7<-daebe4f8-0ad9-4eb2-8ed7-3a8051847eb6#0:FAIL-t57, 279bca68-3e74-4690-81cf-da5ab79b92f7<-389d5540-641f-48c2-a9df-60738dbad976#0:FAIL-t57] and 0 exception(s); 279bca68-3e74-4690-81cf-da5ab79b92f7@group-AF49A4A4CA2A:t57, leader=null, voted=279bca68-3e74-4690-81cf-da5ab79b92f7, raftlog=279bca68-3e74-4690-81cf-da5ab79b92f7@group-AF49A4A4CA2A-SegmentedRaftLog:OPENED:c-1,f-1,i0, conf=-1: [daebe4f8-0ad9-4eb2-8ed7-3a8051847eb6:192.168.69.118:44860, 389d5540-641f-48c2-a9df-60738dbad976:192.168.69.118:45712, 279bca68-3e74-4690-81cf-da5ab79b92f7:192.168.69.118:45510], old=null
2019-10-23 12:36:12,841 [279bca68-3e74-4690-81cf-da5ab79b92f7@group-AF49A4A4CA2A-LeaderElection60] INFO  impl.RaftServerImpl (RaftServerImpl.java:setRole(184)) - 279bca68-3e74-4690-81cf-da5ab79b92f7@group-AF49A4A4CA2A: changes role from CANDIDATE to FOLLOWER at term 57 for DISCOVERED_A_NEW_TERM
2019-10-23 12:36:12,841 [279bca68-3e74-4690-81cf-da5ab79b92f7@group-AF49A4A4CA2A-LeaderElection60] INFO  impl.RoleInfo (RoleInfo.java:shutdownLeaderElection(134)) - 279bca68-3e74-4690-81cf-da5ab79b92f7: shutdown LeaderElection
2019-10-23 12:36:12,841 [279bca68-3e74-4690-81cf-da5ab79b92f7@group-AF49A4A4CA2A-LeaderElection60] INFO  impl.RoleInfo (RoleInfo.java:updateAndGet(143)) - 279bca68-3e74-4690-81cf-da5ab79b92f7: start FollowerState
2019-10-23 12:36:12,957 [Thread-599] INFO  impl.FollowerState (FollowerState.java:run(108)) - 279bca68-3e74-4690-81cf-da5ab79b92f7@group-AF49A4A4CA2A-FollowerState: change to CANDIDATE, lastRpcTime:115ms, electionTimeout:115ms
2019-10-23 12:36:12,957 [Thread-599] INFO  impl.RoleInfo (RoleInfo.java:shutdownFollowerState(121)) - 279bca68-3e74-4690-81cf-da5ab79b92f7: shutdown FollowerState
2019-10-23 12:36:12,957 [Thread-599] INFO  impl.RaftServerImpl (RaftServerImpl.java:setRole(184)) - 279bca68-3e74-4690-81cf-da5ab79b92f7@group-AF49A4A4CA2A: changes role from  FOLLOWER to CANDIDATE at term 57 for changeToCandidate
2019-10-23 12:36:12,957 [Thread-599] INFO  impl.RoleInfo (RoleInfo.java:updateAndGet(143)) - 279bca68-3e74-4690-81cf-da5ab79b92f7: start LeaderElection
2019-10-23 12:36:12,971 [279bca68-3e74-4690-81cf-da5ab79b92f7@group-AF49A4A4CA2A-LeaderElection61] INFO  impl.LeaderElection (LeaderElection.java:askForVotes(178)) - 279bca68-3e74-4690-81cf-da5ab79b92f7@group-AF49A4A4CA2A-LeaderElection61: begin an election at term 58 for -1: [daebe4f8-0ad9-4eb2-8ed7-3a8051847eb6:192.168.69.118:44860, 389d5540-641f-48c2-a9df-60738dbad976:192.168.69.118:45712, 279bca68-3e74-4690-81cf-da5ab79b92f7:192.168.69.118:45510], old=null
2019-10-23 12:36:12,975 [grpc-default-executor-0] INFO  impl.RaftServerImpl (RaftServerImpl.java:setRole(184)) - daebe4f8-0ad9-4eb2-8ed7-3a8051847eb6@group-AF49A4A4CA2A: changes role from  FOLLOWER to FOLLOWER at term 58 for recognizeCandidate:279bca68-3e74-4690-81cf-da5ab79b92f7
2019-10-23 12:36:12,975 [grpc-default-executor-0] INFO  impl.RoleInfo (RoleInfo.java:shutdownFollowerState(121)) - daebe4f8-0ad9-4eb2-8ed7-3a8051847eb6: shutdown FollowerState
2019-10-23 12:36:12,975 [grpc-default-executor-3] INFO  impl.RaftServerImpl (RaftServerImpl.java:setRole(184)) - 389d5540-641f-48c2-a9df-60738dbad976@group-AF49A4A4CA2A: changes role from  FOLLOWER to FOLLOWER at term 58 for recognizeCandidate:279bca68-3e74-4690-81cf-da5ab79b92f7
2019-10-23 12:36:12,975 [Thread-597] INFO  impl.FollowerState (FollowerState.java:run(117)) - daebe4f8-0ad9-4eb2-8ed7-3a8051847eb6@group-AF49A4A4CA2A-FollowerState was interrupted: java.lang.InterruptedException: sleep interrupted
2019-10-23 12:36:12,975 [grpc-default-executor-0] INFO  impl.RoleInfo (RoleInfo.java:updateAndGet(143)) - daebe4f8-0ad9-4eb2-8ed7-3a8051847eb6: start FollowerState
2019-10-23 12:36:12,975 [grpc-default-executor-3] INFO  impl.RoleInfo (RoleInfo.java:shutdownFollowerState(121)) - 389d5540-641f-48c2-a9df-60738dbad976: shutdown FollowerState
2019-10-23 12:36:12,976 [grpc-default-executor-3] INFO  impl.RoleInfo (RoleInfo.java:updateAndGet(143)) - 389d5540-641f-48c2-a9df-60738dbad976: start FollowerState
2019-10-23 12:36:12,976 [Thread-598] INFO  impl.FollowerState (FollowerState.java:run(117)) - 389d5540-641f-48c2-a9df-60738dbad976@group-AF49A4A4CA2A-FollowerState was interrupted: java.lang.InterruptedException: sleep interrupted
2019-10-23 12:36:12,982 [279bca68-3e74-4690-81cf-da5ab79b92f7@group-AF49A4A4CA2A-LeaderElection61] INFO  impl.LeaderElection (LeaderElection.java:logAndReturn(56)) - 279bca68-3e74-4690-81cf-da5ab79b92f7@group-AF49A4A4CA2A-LeaderElection61: Election TIMEOUT; received 0 response(s) [] and 0 exception(s); 279bca68-3e74-4690-81cf-da5ab79b92f7@group-AF49A4A4CA2A:t58, leader=null, voted=279bca68-3e74-4690-81cf-da5ab79b92f7, raftlog=279bca68-3e74-4690-81cf-da5ab79b92f7@group-AF49A4A4CA2A-SegmentedRaftLog:OPENED:c-1,f-1,i0, conf=-1: [daebe4f8-0ad9-4eb2-8ed7-3a8051847eb6:192.168.69.118:44860, 389d5540-641f-48c2-a9df-60738dbad976:192.168.69.118:45712, 279bca68-3e74-4690-81cf-da5ab79b92f7:192.168.69.118:45510], old=null
2019-10-23 12:36:12,988 [279bca68-3e74-4690-81cf-da5ab79b92f7@group-AF49A4A4CA2A-LeaderElection61] INFO  impl.LeaderElection (LeaderElection.java:askForVotes(178)) - 279bca68-3e74-4690-81cf-da5ab79b92f7@group-AF49A4A4CA2A-LeaderElection61: begin an election at term 59 for -1: [daebe4f8-0ad9-4eb2-8ed7-3a8051847eb6:192.168.69.118:44860, 389d5540-641f-48c2-a9df-60738dbad976:192.168.69.118:45712, 279bca68-3e74-4690-81cf-da5ab79b92f7:192.168.69.118:45510], old=null
2019-10-23 12:36:12,991 [grpc-default-executor-0] INFO  impl.RaftServerImpl (RaftServerImpl.java:setRole(184)) - daebe4f8-0ad9-4eb2-8ed7-3a8051847eb6@group-AF49A4A4CA2A: changes role from  FOLLOWER to FOLLOWER at term 59 for recognizeCandidate:279bca68-3e74-4690-81cf-da5ab79b92f7
2019-10-23 12:36:12,991 [grpc-default-executor-0] INFO  impl.RoleInfo (RoleInfo.java:shutdownFollowerState(121)) - daebe4f8-0ad9-4eb2-8ed7-3a8051847eb6: shutdown FollowerState
2019-10-23 12:36:12,991 [grpc-default-executor-3] INFO  impl.RaftServerImpl (RaftServerImpl.java:setRole(184)) - 389d5540-641f-48c2-a9df-60738dbad976@group-AF49A4A4CA2A: changes role from  FOLLOWER to FOLLOWER at term 59 for recognizeCandidate:279bca68-3e74-4690-81cf-da5ab79b92f7
2019-10-23 12:36:12,991 [Thread-603] INFO  impl.FollowerState (FollowerState.java:run(117)) - daebe4f8-0ad9-4eb2-8ed7-3a8051847eb6@group-AF49A4A4CA2A-FollowerState was interrupted: java.lang.InterruptedException: sleep interrupted
2019-10-23 12:36:12,991 [grpc-default-executor-0] INFO  impl.RoleInfo (RoleInfo.java:updateAndGet(143)) - daebe4f8-0ad9-4eb2-8ed7-3a8051847eb6: start FollowerState
2019-10-23 12:36:12,991 [grpc-default-executor-3] INFO  impl.RoleInfo (RoleInfo.java:shutdownFollowerState(121)) - 389d5540-641f-48c2-a9df-60738dbad976: shutdown FollowerState
2019-10-23 12:36:12,992 [Thread-604] INFO  impl.FollowerState (FollowerState.java:run(117)) - 389d5540-641f-48c2-a9df-60738dbad976@group-AF49A4A4CA2A-FollowerState was interrupted: java.lang.InterruptedException: sleep interrupted
2019-10-23 12:36:12,992 [grpc-default-executor-3] INFO  impl.RoleInfo (RoleInfo.java:updateAndGet(143)) - 389d5540-641f-48c2-a9df-60738dbad976: start FollowerState
2019-10-23 12:36:13,000 [279bca68-3e74-4690-81cf-da5ab79b92f7@group-AF49A4A4CA2A-LeaderElection61] INFO  impl.LeaderElection (LeaderElection.java:logAndReturn(56)) - 279bca68-3e74-4690-81cf-da5ab79b92f7@group-AF49A4A4CA2A-LeaderElection61: Election REJECTED; received 2 response(s) [279bca68-3e74-4690-81cf-da5ab79b92f7<-daebe4f8-0ad9-4eb2-8ed7-3a8051847eb6#0:FAIL-t59, 279bca68-3e74-4690-81cf-da5ab79b92f7<-389d5540-641f-48c2-a9df-60738dbad976#0:FAIL-t59] and 0 exception(s); 279bca68-3e74-4690-81cf-da5ab79b92f7@group-AF49A4A4CA2A:t59, leader=null, voted=279bca68-3e74-4690-81cf-da5ab79b92f7, raftlog=279bca68-3e74-4690-81cf-da5ab79b92f7@group-AF49A4A4CA2A-SegmentedRaftLog:OPENED:c-1,f-1,i0, conf=-1: [daebe4f8-0ad9-4eb2-8ed7-3a8051847eb6:192.168.69.118:44860, 389d5540-641f-48c2-a9df-60738dbad976:192.168.69.118:45712, 279bca68-3e74-4690-81cf-da5ab79b92f7:192.168.69.118:45510], old=null
2019-10-23 12:36:13,001 [279bca68-3e74-4690-81cf-da5ab79b92f7@group-AF49A4A4CA2A-LeaderElection61] INFO  impl.RaftServerImpl (RaftServerImpl.java:setRole(184)) - 279bca68-3e74-4690-81cf-da5ab79b92f7@group-AF49A4A4CA2A: changes role from CANDIDATE to FOLLOWER at term 59 for DISCOVERED_A_NEW_TERM
2019-10-23 12:36:13,001 [279bca68-3e74-4690-81cf-da5ab79b92f7@group-AF49A4A4CA2A-LeaderElection61] INFO  impl.RoleInfo (RoleInfo.java:shutdownLeaderElection(134)) - 279bca68-3e74-4690-81cf-da5ab79b92f7: shutdown LeaderElection
2019-10-23 12:36:13,001 [279bca68-3e74-4690-81cf-da5ab79b92f7@group-AF49A4A4CA2A-LeaderElection61] INFO  impl.RoleInfo (RoleInfo.java:updateAndGet(143)) - 279bca68-3e74-4690-81cf-da5ab79b92f7: start FollowerState
2019-10-23 12:36:13,043 [Thread-609] INFO  impl.FollowerState (FollowerState.java:run(108)) - 279bca68-3e74-4690-81cf-da5ab79b92f7@group-AF49A4A4CA2A-FollowerState: change to CANDIDATE, lastRpcTime:42ms, electionTimeout:42ms
2019-10-23 12:36:13,044 [Thread-609] INFO  impl.RoleInfo (RoleInfo.java:shutdownFollowerState(121)) - 279bca68-3e74-4690-81cf-da5ab79b92f7: shutdown FollowerState
2019-10-23 12:36:13,044 [Thread-609] INFO  impl.RaftServerImpl (RaftServerImpl.java:setRole(184)) - 279bca68-3e74-4690-81cf-da5ab79b92f7@group-AF49A4A4CA2A: changes role from  FOLLOWER to CANDIDATE at term 59 for changeToCandidate
2019-10-23 12:36:13,044 [Thread-609] INFO  impl.RoleInfo (RoleInfo.java:updateAndGet(143)) - 279bca68-3e74-4690-81cf-da5ab79b92f7: start LeaderElection
2019-10-23 12:36:13,070 [279bca68-3e74-4690-81cf-da5ab79b92f7@group-AF49A4A4CA2A-LeaderElection62] INFO  impl.LeaderElection (LeaderElection.java:askForVotes(178)) - 279bca68-3e74-4690-81cf-da5ab79b92f7@group-AF49A4A4CA2A-LeaderElection62: begin an election at term 60 for -1: [daebe4f8-0ad9-4eb2-8ed7-3a8051847eb6:192.168.69.118:44860, 389d5540-641f-48c2-a9df-60738dbad976:192.168.69.118:45712, 279bca68-3e74-4690-81cf-da5ab79b92f7:192.168.69.118:45510], old=null
2019-10-23 12:36:13,073 [grpc-default-executor-3] INFO  impl.RaftServerImpl (RaftServerImpl.java:setRole(184)) - daebe4f8-0ad9-4eb2-8ed7-3a8051847eb6@group-AF49A4A4CA2A: changes role from  FOLLOWER to FOLLOWER at term 60 for recognizeCandidate:279bca68-3e74-4690-81cf-da5ab79b92f7
2019-10-23 12:36:13,073 [grpc-default-executor-3] INFO  impl.RoleInfo (RoleInfo.java:shutdownFollowerState(121)) - daebe4f8-0ad9-4eb2-8ed7-3a8051847eb6: shutdown FollowerState
2019-10-23 12:36:13,073 [grpc-default-executor-3] INFO  impl.RoleInfo (RoleInfo.java:updateAndGet(143)) - daebe4f8-0ad9-4eb2-8ed7-3a8051847eb6: start FollowerState
2019-10-23 12:36:13,073 [grpc-default-executor-0] INFO  impl.RaftServerImpl (RaftServerImpl.java:setRole(184)) - 389d5540-641f-48c2-a9df-60738dbad976@group-AF49A4A4CA2A: changes role from  FOLLOWER to FOLLOWER at term 60 for recognizeCandidate:279bca68-3e74-4690-81cf-da5ab79b92f7
2019-10-23 12:36:13,074 [grpc-default-executor-0] INFO  impl.RoleInfo (RoleInfo.java:shutdownFollowerState(121)) - 389d5540-641f-48c2-a9df-60738dbad976: shutdown FollowerState
2019-10-23 12:36:13,073 [Thread-607] INFO  impl.FollowerState (FollowerState.java:run(117)) - daebe4f8-0ad9-4eb2-8ed7-3a8051847eb6@group-AF49A4A4CA2A-FollowerState was interrupted: java.lang.InterruptedException: sleep interrupted
2019-10-23 12:36:13,074 [Thread-608] INFO  impl.FollowerState (FollowerState.java:run(117)) - 389d5540-641f-48c2-a9df-60738dbad976@group-AF49A4A4CA2A-FollowerState was interrupted: java.lang.InterruptedException: sleep interrupted
2019-10-23 12:36:13,074 [grpc-default-executor-0] INFO  impl.RoleInfo (RoleInfo.java:updateAndGet(143)) - 389d5540-641f-48c2-a9df-60738dbad976: start FollowerState
2019-10-23 12:36:13,089 [279bca68-3e74-4690-81cf-da5ab79b92f7@group-AF49A4A4CA2A-LeaderElection62] INFO  impl.LeaderElection (LeaderElection.java:logAndReturn(56)) - 279bca68-3e74-4690-81cf-da5ab79b92f7@group-AF49A4A4CA2A-LeaderElection62: Election REJECTED; received 2 response(s) [279bca68-3e74-4690-81cf-da5ab79b92f7<-daebe4f8-0ad9-4eb2-8ed7-3a8051847eb6#0:FAIL-t60, 279bca68-3e74-4690-81cf-da5ab79b92f7<-389d5540-641f-48c2-a9df-60738dbad976#0:FAIL-t60] and 0 exception(s); 279bca68-3e74-4690-81cf-da5ab79b92f7@group-AF49A4A4CA2A:t60, leader=null, voted=279bca68-3e74-4690-81cf-da5ab79b92f7, raftlog=279bca68-3e74-4690-81cf-da5ab79b92f7@group-AF49A4A4CA2A-SegmentedRaftLog:OPENED:c-1,f-1,i0, conf=-1: [daebe4f8-0ad9-4eb2-8ed7-3a8051847eb6:192.168.69.118:44860, 389d5540-641f-48c2-a9df-60738dbad976:192.168.69.118:45712, 279bca68-3e74-4690-81cf-da5ab79b92f7:192.168.69.118:45510], old=null
2019-10-23 12:36:13,090 [279bca68-3e74-4690-81cf-da5ab79b92f7@group-AF49A4A4CA2A-LeaderElection62] INFO  impl.RaftServerImpl (RaftServerImpl.java:setRole(184)) - 279bca68-3e74-4690-81cf-da5ab79b92f7@group-AF49A4A4CA2A: changes role from CANDIDATE to FOLLOWER at term 60 for DISCOVERED_A_NEW_TERM
2019-10-23 12:36:13,090 [279bca68-3e74-4690-81cf-da5ab79b92f7@group-AF49A4A4CA2A-LeaderElection62] INFO  impl.RoleInfo (RoleInfo.java:shutdownLeaderElection(134)) - 279bca68-3e74-4690-81cf-da5ab79b92f7: shutdown LeaderElection
2019-10-23 12:36:13,090 [279bca68-3e74-4690-81cf-da5ab79b92f7@group-AF49A4A4CA2A-LeaderElection62] INFO  impl.RoleInfo (RoleInfo.java:updateAndGet(143)) - 279bca68-3e74-4690-81cf-da5ab79b92f7: start FollowerState
2019-10-23 12:36:13,175 [Thread-615] INFO  impl.FollowerState (FollowerState.java:run(108)) - 279bca68-3e74-4690-81cf-da5ab79b92f7@group-AF49A4A4CA2A-FollowerState: change to CANDIDATE, lastRpcTime:85ms, electionTimeout:85ms
2019-10-23 12:36:13,175 [Thread-615] INFO  impl.RoleInfo (RoleInfo.java:shutdownFollowerState(121)) - 279bca68-3e74-4690-81cf-da5ab79b92f7: shutdown FollowerState
2019-10-23 12:36:13,176 [Thread-615] INFO  impl.RaftServerImpl (RaftServerImpl.java:setRole(184)) - 279bca68-3e74-4690-81cf-da5ab79b92f7@group-AF49A4A4CA2A: changes role from  FOLLOWER to CANDIDATE at term 60 for changeToCandidate
2019-10-23 12:36:13,176 [Thread-615] INFO  impl.RoleInfo (RoleInfo.java:updateAndGet(143)) - 279bca68-3e74-4690-81cf-da5ab79b92f7: start LeaderElection
2019-10-23 12:36:13,203 [279bca68-3e74-4690-81cf-da5ab79b92f7@group-AF49A4A4CA2A-LeaderElection63] INFO  impl.LeaderElection (LeaderElection.java:askForVotes(178)) - 279bca68-3e74-4690-81cf-da5ab79b92f7@group-AF49A4A4CA2A-LeaderElection63: begin an election at term 61 for -1: [daebe4f8-0ad9-4eb2-8ed7-3a8051847eb6:192.168.69.118:44860, 389d5540-641f-48c2-a9df-60738dbad976:192.168.69.118:45712, 279bca68-3e74-4690-81cf-da5ab79b92f7:192.168.69.118:45510], old=null
2019-10-23 12:36:13,206 [grpc-default-executor-3] INFO  impl.RaftServerImpl (RaftServerImpl.java:setRole(184)) - daebe4f8-0ad9-4eb2-8ed7-3a8051847eb6@group-AF49A4A4CA2A: changes role from  FOLLOWER to FOLLOWER at term 61 for recognizeCandidate:279bca68-3e74-4690-81cf-da5ab79b92f7
2019-10-23 12:36:13,206 [grpc-default-executor-0] INFO  impl.RaftServerImpl (RaftServerImpl.java:setRole(184)) - 389d5540-641f-48c2-a9df-60738dbad976@group-AF49A4A4CA2A: changes role from  FOLLOWER to FOLLOWER at term 61 for recognizeCandidate:279bca68-3e74-4690-81cf-da5ab79b92f7
2019-10-23 12:36:13,206 [grpc-default-executor-3] INFO  impl.RoleInfo (RoleInfo.java:shutdownFollowerState(121)) - daebe4f8-0ad9-4eb2-8ed7-3a8051847eb6: shutdown FollowerState
2019-10-23 12:36:13,207 [grpc-default-executor-0] INFO  impl.RoleInfo (RoleInfo.java:shutdownFollowerState(121)) - 389d5540-641f-48c2-a9df-60738dbad976: shutdown FollowerState
2019-10-23 12:36:13,207 [Thread-613] INFO  impl.FollowerState (FollowerState.java:run(117)) - daebe4f8-0ad9-4eb2-8ed7-3a8051847eb6@group-AF49A4A4CA2A-FollowerState was interrupted: java.lang.InterruptedException: sleep interrupted
2019-10-23 12:36:13,207 [grpc-default-executor-3] INFO  impl.RoleInfo (RoleInfo.java:updateAndGet(143)) - daebe4f8-0ad9-4eb2-8ed7-3a8051847eb6: start FollowerState
2019-10-23 12:36:13,207 [Thread-614] INFO  impl.FollowerState (FollowerState.java:run(117)) - 389d5540-641f-48c2-a9df-60738dbad976@group-AF49A4A4CA2A-FollowerState was interrupted: java.lang.InterruptedException: sleep interrupted
2019-10-23 12:36:13,207 [grpc-default-executor-0] INFO  impl.RoleInfo (RoleInfo.java:updateAndGet(143)) - 389d5540-641f-48c2-a9df-60738dbad976: start FollowerState
2019-10-23 12:36:13,235 [279bca68-3e74-4690-81cf-da5ab79b92f7@group-AF49A4A4CA2A-LeaderElection63] INFO  impl.LeaderElection (LeaderElection.java:logAndReturn(56)) - 279bca68-3e74-4690-81cf-da5ab79b92f7@group-AF49A4A4CA2A-LeaderElection63: Election REJECTED; received 2 response(s) [279bca68-3e74-4690-81cf-da5ab79b92f7<-daebe4f8-0ad9-4eb2-8ed7-3a8051847eb6#0:FAIL-t61, 279bca68-3e74-4690-81cf-da5ab79b92f7<-389d5540-641f-48c2-a9df-60738dbad976#0:FAIL-t61] and 0 exception(s); 279bca68-3e74-4690-81cf-da5ab79b92f7@group-AF49A4A4CA2A:t61, leader=null, voted=279bca68-3e74-4690-81cf-da5ab79b92f7, raftlog=279bca68-3e74-4690-81cf-da5ab79b92f7@group-AF49A4A4CA2A-SegmentedRaftLog:OPENED:c-1,f-1,i0, conf=-1: [daebe4f8-0ad9-4eb2-8ed7-3a8051847eb6:192.168.69.118:44860, 389d5540-641f-48c2-a9df-60738dbad976:192.168.69.118:45712, 279bca68-3e74-4690-81cf-da5ab79b92f7:192.168.69.118:45510], old=null
2019-10-23 12:36:13,235 [279bca68-3e74-4690-81cf-da5ab79b92f7@group-AF49A4A4CA2A-LeaderElection63] INFO  impl.RaftServerImpl (RaftServerImpl.java:setRole(184)) - 279bca68-3e74-4690-81cf-da5ab79b92f7@group-AF49A4A4CA2A: changes role from CANDIDATE to FOLLOWER at term 61 for DISCOVERED_A_NEW_TERM
2019-10-23 12:36:13,235 [279bca68-3e74-4690-81cf-da5ab79b92f7@group-AF49A4A4CA2A-LeaderElection63] INFO  impl.RoleInfo (RoleInfo.java:shutdownLeaderElection(134)) - 279bca68-3e74-4690-81cf-da5ab79b92f7: shutdown LeaderElection
2019-10-23 12:36:13,236 [279bca68-3e74-4690-81cf-da5ab79b92f7@group-AF49A4A4CA2A-LeaderElection63] INFO  impl.RoleInfo (RoleInfo.java:updateAndGet(143)) - 279bca68-3e74-4690-81cf-da5ab79b92f7: start FollowerState
2019-10-23 12:36:13,267 [Thread-621] INFO  impl.FollowerState (FollowerState.java:run(108)) - 279bca68-3e74-4690-81cf-da5ab79b92f7@group-AF49A4A4CA2A-FollowerState: change to CANDIDATE, lastRpcTime:31ms, electionTimeout:31ms
2019-10-23 12:36:13,267 [Thread-621] INFO  impl.RoleInfo (RoleInfo.java:shutdownFollowerState(121)) - 279bca68-3e74-4690-81cf-da5ab79b92f7: shutdown FollowerState
2019-10-23 12:36:13,267 [Thread-621] INFO  impl.RaftServerImpl (RaftServerImpl.java:setRole(184)) - 279bca68-3e74-4690-81cf-da5ab79b92f7@group-AF49A4A4CA2A: changes role from  FOLLOWER to CANDIDATE at term 61 for changeToCandidate
2019-10-23 12:36:13,268 [Thread-621] INFO  impl.RoleInfo (RoleInfo.java:updateAndGet(143)) - 279bca68-3e74-4690-81cf-da5ab79b92f7: start LeaderElection
2019-10-23 12:36:13,281 [279bca68-3e74-4690-81cf-da5ab79b92f7@group-AF49A4A4CA2A-LeaderElection64] INFO  impl.LeaderElection (LeaderElection.java:askForVotes(178)) - 279bca68-3e74-4690-81cf-da5ab79b92f7@group-AF49A4A4CA2A-LeaderElection64: begin an election at term 62 for -1: [daebe4f8-0ad9-4eb2-8ed7-3a8051847eb6:192.168.69.118:44860, 389d5540-641f-48c2-a9df-60738dbad976:192.168.69.118:45712, 279bca68-3e74-4690-81cf-da5ab79b92f7:192.168.69.118:45510], old=null
2019-10-23 12:36:13,284 [grpc-default-executor-3] INFO  impl.RaftServerImpl (RaftServerImpl.java:setRole(184)) - daebe4f8-0ad9-4eb2-8ed7-3a8051847eb6@group-AF49A4A4CA2A: changes role from  FOLLOWER to FOLLOWER at term 62 for recognizeCandidate:279bca68-3e74-4690-81cf-da5ab79b92f7
2019-10-23 12:36:13,284 [grpc-default-executor-3] INFO  impl.RoleInfo (RoleInfo.java:shutdownFollowerState(121)) - daebe4f8-0ad9-4eb2-8ed7-3a8051847eb6: shutdown FollowerState
2019-10-23 12:36:13,285 [grpc-default-executor-3] INFO  impl.RoleInfo (RoleInfo.java:updateAndGet(143)) - daebe4f8-0ad9-4eb2-8ed7-3a8051847eb6: start FollowerState
2019-10-23 12:36:13,285 [grpc-default-executor-0] INFO  impl.RaftServerImpl (RaftServerImpl.java:setRole(184)) - 389d5540-641f-48c2-a9df-60738dbad976@group-AF49A4A4CA2A: changes role from  FOLLOWER to FOLLOWER at term 62 for recognizeCandidate:279bca68-3e74-4690-81cf-da5ab79b92f7
2019-10-23 12:36:13,285 [Thread-619] INFO  impl.FollowerState (FollowerState.java:run(117)) - daebe4f8-0ad9-4eb2-8ed7-3a8051847eb6@group-AF49A4A4CA2A-FollowerState was interrupted: java.lang.InterruptedException: sleep interrupted
2019-10-23 12:36:13,285 [grpc-default-executor-0] INFO  impl.RoleInfo (RoleInfo.java:shutdownFollowerState(121)) - 389d5540-641f-48c2-a9df-60738dbad976: shutdown FollowerState
2019-10-23 12:36:13,285 [grpc-default-executor-0] INFO  impl.RoleInfo (RoleInfo.java:updateAndGet(143)) - 389d5540-641f-48c2-a9df-60738dbad976: start FollowerState
2019-10-23 12:36:13,285 [Thread-620] INFO  impl.FollowerState (FollowerState.java:run(117)) - 389d5540-641f-48c2-a9df-60738dbad976@group-AF49A4A4CA2A-FollowerState was interrupted: java.lang.InterruptedException: sleep interrupted
2019-10-23 12:36:13,314 [279bca68-3e74-4690-81cf-da5ab79b92f7@group-AF49A4A4CA2A-LeaderElection64] INFO  impl.LeaderElection (LeaderElection.java:logAndReturn(56)) - 279bca68-3e74-4690-81cf-da5ab79b92f7@group-AF49A4A4CA2A-LeaderElection64: Election REJECTED; received 2 response(s) [279bca68-3e74-4690-81cf-da5ab79b92f7<-daebe4f8-0ad9-4eb2-8ed7-3a8051847eb6#0:FAIL-t62, 279bca68-3e74-4690-81cf-da5ab79b92f7<-389d5540-641f-48c2-a9df-60738dbad976#0:FAIL-t62] and 0 exception(s); 279bca68-3e74-4690-81cf-da5ab79b92f7@group-AF49A4A4CA2A:t62, leader=null, voted=279bca68-3e74-4690-81cf-da5ab79b92f7, raftlog=279bca68-3e74-4690-81cf-da5ab79b92f7@group-AF49A4A4CA2A-SegmentedRaftLog:OPENED:c-1,f-1,i0, conf=-1: [daebe4f8-0ad9-4eb2-8ed7-3a8051847eb6:192.168.69.118:44860, 389d5540-641f-48c2-a9df-60738dbad976:192.168.69.118:45712, 279bca68-3e74-4690-81cf-da5ab79b92f7:192.168.69.118:45510], old=null
2019-10-23 12:36:13,315 [279bca68-3e74-4690-81cf-da5ab79b92f7@group-AF49A4A4CA2A-LeaderElection64] INFO  impl.RaftServerImpl (RaftServerImpl.java:setRole(184)) - 279bca68-3e74-4690-81cf-da5ab79b92f7@group-AF49A4A4CA2A: changes role from CANDIDATE to FOLLOWER at term 62 for DISCOVERED_A_NEW_TERM
2019-10-23 12:36:13,315 [279bca68-3e74-4690-81cf-da5ab79b92f7@group-AF49A4A4CA2A-LeaderElection64] INFO  impl.RoleInfo (RoleInfo.java:shutdownLeaderElection(134)) - 279bca68-3e74-4690-81cf-da5ab79b92f7: shutdown LeaderElection
2019-10-23 12:36:13,315 [279bca68-3e74-4690-81cf-da5ab79b92f7@group-AF49A4A4CA2A-LeaderElection64] INFO  impl.RoleInfo (RoleInfo.java:updateAndGet(143)) - 279bca68-3e74-4690-81cf-da5ab79b92f7: start FollowerState
2019-10-23 12:36:13,359 [Thread-627] INFO  impl.FollowerState (FollowerState.java:run(108)) - 279bca68-3e74-4690-81cf-da5ab79b92f7@group-AF49A4A4CA2A-FollowerState: change to CANDIDATE, lastRpcTime:43ms, electionTimeout:43ms
2019-10-23 12:36:13,359 [Thread-627] INFO  impl.RoleInfo (RoleInfo.java:shutdownFollowerState(121)) - 279bca68-3e74-4690-81cf-da5ab79b92f7: shutdown FollowerState
2019-10-23 12:36:13,359 [Thread-627] INFO  impl.RaftServerImpl (RaftServerImpl.java:setRole(184)) - 279bca68-3e74-4690-81cf-da5ab79b92f7@group-AF49A4A4CA2A: changes role from  FOLLOWER to CANDIDATE at term 62 for changeToCandidate
2019-10-23 12:36:13,359 [Thread-627] INFO  impl.RoleInfo (RoleInfo.java:updateAndGet(143)) - 279bca68-3e74-4690-81cf-da5ab79b92f7: start LeaderElection
2019-10-23 12:36:13,375 [279bca68-3e74-4690-81cf-da5ab79b92f7@group-AF49A4A4CA2A-LeaderElection65] INFO  impl.LeaderElection (LeaderElection.java:askForVotes(178)) - 279bca68-3e74-4690-81cf-da5ab79b92f7@group-AF49A4A4CA2A-LeaderElection65: begin an election at term 63 for -1: [daebe4f8-0ad9-4eb2-8ed7-3a8051847eb6:192.168.69.118:44860, 389d5540-641f-48c2-a9df-60738dbad976:192.168.69.118:45712, 279bca68-3e74-4690-81cf-da5ab79b92f7:192.168.69.118:45510], old=null
2019-10-23 12:36:13,378 [grpc-default-executor-3] INFO  impl.RaftServerImpl (RaftServerImpl.java:setRole(184)) - 389d5540-641f-48c2-a9df-60738dbad976@group-AF49A4A4CA2A: changes role from  FOLLOWER to FOLLOWER at term 63 for recognizeCandidate:279bca68-3e74-4690-81cf-da5ab79b92f7
2019-10-23 12:36:13,378 [grpc-default-executor-3] INFO  impl.RoleInfo (RoleInfo.java:shutdownFollowerState(121)) - 389d5540-641f-48c2-a9df-60738dbad976: shutdown FollowerState
2019-10-23 12:36:13,378 [grpc-default-executor-0] INFO  impl.RaftServerImpl (RaftServerImpl.java:setRole(184)) - daebe4f8-0ad9-4eb2-8ed7-3a8051847eb6@group-AF49A4A4CA2A: changes role from  FOLLOWER to FOLLOWER at term 63 for recognizeCandidate:279bca68-3e74-4690-81cf-da5ab79b92f7
2019-10-23 12:36:13,378 [Thread-626] INFO  impl.FollowerState (FollowerState.java:run(117)) - 389d5540-641f-48c2-a9df-60738dbad976@group-AF49A4A4CA2A-FollowerState was interrupted: java.lang.InterruptedException: sleep interrupted
2019-10-23 12:36:13,378 [grpc-default-executor-3] INFO  impl.RoleInfo (RoleInfo.java:updateAndGet(143)) - 389d5540-641f-48c2-a9df-60738dbad976: start FollowerState
2019-10-23 12:36:13,378 [grpc-default-executor-0] INFO  impl.RoleInfo (RoleInfo.java:shutdownFollowerState(121)) - daebe4f8-0ad9-4eb2-8ed7-3a8051847eb6: shutdown FollowerState
2019-10-23 12:36:13,379 [grpc-default-executor-0] INFO  impl.RoleInfo (RoleInfo.java:updateAndGet(143)) - daebe4f8-0ad9-4eb2-8ed7-3a8051847eb6: start FollowerState
2019-10-23 12:36:13,379 [Thread-625] INFO  impl.FollowerState (FollowerState.java:run(117)) - daebe4f8-0ad9-4eb2-8ed7-3a8051847eb6@group-AF49A4A4CA2A-FollowerState was interrupted: java.lang.InterruptedException: sleep interrupted
2019-10-23 12:36:13,407 [279bca68-3e74-4690-81cf-da5ab79b92f7@group-AF49A4A4CA2A-LeaderElection65] INFO  impl.LeaderElection (LeaderElection.java:logAndReturn(56)) - 279bca68-3e74-4690-81cf-da5ab79b92f7@group-AF49A4A4CA2A-LeaderElection65: Election REJECTED; received 2 response(s) [279bca68-3e74-4690-81cf-da5ab79b92f7<-daebe4f8-0ad9-4eb2-8ed7-3a8051847eb6#0:FAIL-t63, 279bca68-3e74-4690-81cf-da5ab79b92f7<-389d5540-641f-48c2-a9df-60738dbad976#0:FAIL-t63] and 0 exception(s); 279bca68-3e74-4690-81cf-da5ab79b92f7@group-AF49A4A4CA2A:t63, leader=null, voted=279bca68-3e74-4690-81cf-da5ab79b92f7, raftlog=279bca68-3e74-4690-81cf-da5ab79b92f7@group-AF49A4A4CA2A-SegmentedRaftLog:OPENED:c-1,f-1,i0, conf=-1: [daebe4f8-0ad9-4eb2-8ed7-3a8051847eb6:192.168.69.118:44860, 389d5540-641f-48c2-a9df-60738dbad976:192.168.69.118:45712, 279bca68-3e74-4690-81cf-da5ab79b92f7:192.168.69.118:45510], old=null
2019-10-23 12:36:13,407 [279bca68-3e74-4690-81cf-da5ab79b92f7@group-AF49A4A4CA2A-LeaderElection65] INFO  impl.RaftServerImpl (RaftServerImpl.java:setRole(184)) - 279bca68-3e74-4690-81cf-da5ab79b92f7@group-AF49A4A4CA2A: changes role from CANDIDATE to FOLLOWER at term 63 for DISCOVERED_A_NEW_TERM
2019-10-23 12:36:13,407 [279bca68-3e74-4690-81cf-da5ab79b92f7@group-AF49A4A4CA2A-LeaderElection65] INFO  impl.RoleInfo (RoleInfo.java:shutdownLeaderElection(134)) - 279bca68-3e74-4690-81cf-da5ab79b92f7: shutdown LeaderElection
2019-10-23 12:36:13,407 [279bca68-3e74-4690-81cf-da5ab79b92f7@group-AF49A4A4CA2A-LeaderElection65] INFO  impl.RoleInfo (RoleInfo.java:updateAndGet(143)) - 279bca68-3e74-4690-81cf-da5ab79b92f7: start FollowerState
2019-10-23 12:36:13,488 [Thread-633] INFO  impl.FollowerState (FollowerState.java:run(108)) - 279bca68-3e74-4690-81cf-da5ab79b92f7@group-AF49A4A4CA2A-FollowerState: change to CANDIDATE, lastRpcTime:80ms, electionTimeout:80ms
2019-10-23 12:36:13,488 [Thread-633] INFO  impl.RoleInfo (RoleInfo.java:shutdownFollowerState(121)) - 279bca68-3e74-4690-81cf-da5ab79b92f7: shutdown FollowerState
2019-10-23 12:36:13,488 [Thread-633] INFO  impl.RaftServerImpl (RaftServerImpl.java:setRole(184)) - 279bca68-3e74-4690-81cf-da5ab79b92f7@group-AF49A4A4CA2A: changes role from  FOLLOWER to CANDIDATE at term 63 for changeToCandidate
2019-10-23 12:36:13,488 [Thread-633] INFO  impl.RoleInfo (RoleInfo.java:updateAndGet(143)) - 279bca68-3e74-4690-81cf-da5ab79b92f7: start LeaderElection
2019-10-23 12:36:13,501 [279bca68-3e74-4690-81cf-da5ab79b92f7@group-AF49A4A4CA2A-LeaderElection66] INFO  impl.LeaderElection (LeaderElection.java:askForVotes(178)) - 279bca68-3e74-4690-81cf-da5ab79b92f7@group-AF49A4A4CA2A-LeaderElection66: begin an election at term 64 for -1: [daebe4f8-0ad9-4eb2-8ed7-3a8051847eb6:192.168.69.118:44860, 389d5540-641f-48c2-a9df-60738dbad976:192.168.69.118:45712, 279bca68-3e74-4690-81cf-da5ab79b92f7:192.168.69.118:45510], old=null
2019-10-23 12:36:13,504 [grpc-default-executor-3] INFO  impl.RaftServerImpl (RaftServerImpl.java:setRole(184)) - daebe4f8-0ad9-4eb2-8ed7-3a8051847eb6@group-AF49A4A4CA2A: changes role from  FOLLOWER to FOLLOWER at term 64 for recognizeCandidate:279bca68-3e74-4690-81cf-da5ab79b92f7
2019-10-23 12:36:13,505 [grpc-default-executor-3] INFO  impl.RoleInfo (RoleInfo.java:shutdownFollowerState(121)) - daebe4f8-0ad9-4eb2-8ed7-3a8051847eb6: shutdown FollowerState
2019-10-23 12:36:13,505 [grpc-default-executor-0] INFO  impl.RaftServerImpl (RaftServerImpl.java:setRole(184)) - 389d5540-641f-48c2-a9df-60738dbad976@group-AF49A4A4CA2A: changes role from  FOLLOWER to FOLLOWER at term 64 for recognizeCandidate:279bca68-3e74-4690-81cf-da5ab79b92f7
2019-10-23 12:36:13,505 [Thread-632] INFO  impl.FollowerState (FollowerState.java:run(117)) - daebe4f8-0ad9-4eb2-8ed7-3a8051847eb6@group-AF49A4A4CA2A-FollowerState was interrupted: java.lang.InterruptedException: sleep interrupted
2019-10-23 12:36:13,505 [grpc-default-executor-3] INFO  impl.RoleInfo (RoleInfo.java:updateAndGet(143)) - daebe4f8-0ad9-4eb2-8ed7-3a8051847eb6: start FollowerState
2019-10-23 12:36:13,505 [grpc-default-executor-0] INFO  impl.RoleInfo (RoleInfo.java:shutdownFollowerState(121)) - 389d5540-641f-48c2-a9df-60738dbad976: shutdown FollowerState
2019-10-23 12:36:13,506 [grpc-default-executor-0] INFO  impl.RoleInfo (RoleInfo.java:updateAndGet(143)) - 389d5540-641f-48c2-a9df-60738dbad976: start FollowerState
2019-10-23 12:36:13,506 [Thread-631] INFO  impl.FollowerState (FollowerState.java:run(117)) - 389d5540-641f-48c2-a9df-60738dbad976@group-AF49A4A4CA2A-FollowerState was interrupted: java.lang.InterruptedException: sleep interrupted
2019-10-23 12:36:13,517 [279bca68-3e74-4690-81cf-da5ab79b92f7@group-AF49A4A4CA2A-LeaderElection66] INFO  impl.LeaderElection (LeaderElection.java:logAndReturn(56)) - 279bca68-3e74-4690-81cf-da5ab79b92f7@group-AF49A4A4CA2A-LeaderElection66: Election REJECTED; received 2 response(s) [279bca68-3e74-4690-81cf-da5ab79b92f7<-daebe4f8-0ad9-4eb2-8ed7-3a8051847eb6#0:FAIL-t64, 279bca68-3e74-4690-81cf-da5ab79b92f7<-389d5540-641f-48c2-a9df-60738dbad976#0:FAIL-t64] and 0 exception(s); 279bca68-3e74-4690-81cf-da5ab79b92f7@group-AF49A4A4CA2A:t64, leader=null, voted=279bca68-3e74-4690-81cf-da5ab79b92f7, raftlog=279bca68-3e74-4690-81cf-da5ab79b92f7@group-AF49A4A4CA2A-SegmentedRaftLog:OPENED:c-1,f-1,i0, conf=-1: [daebe4f8-0ad9-4eb2-8ed7-3a8051847eb6:192.168.69.118:44860, 389d5540-641f-48c2-a9df-60738dbad976:192.168.69.118:45712, 279bca68-3e74-4690-81cf-da5ab79b92f7:192.168.69.118:45510], old=null
2019-10-23 12:36:13,517 [279bca68-3e74-4690-81cf-da5ab79b92f7@group-AF49A4A4CA2A-LeaderElection66] INFO  impl.RaftServerImpl (RaftServerImpl.java:setRole(184)) - 279bca68-3e74-4690-81cf-da5ab79b92f7@group-AF49A4A4CA2A: changes role from CANDIDATE to FOLLOWER at term 64 for DISCOVERED_A_NEW_TERM
2019-10-23 12:36:13,517 [279bca68-3e74-4690-81cf-da5ab79b92f7@group-AF49A4A4CA2A-LeaderElection66] INFO  impl.RoleInfo (RoleInfo.java:shutdownLeaderElection(134)) - 279bca68-3e74-4690-81cf-da5ab79b92f7: shutdown LeaderElection
2019-10-23 12:36:13,517 [279bca68-3e74-4690-81cf-da5ab79b92f7@group-AF49A4A4CA2A-LeaderElection66] INFO  impl.RoleInfo (RoleInfo.java:updateAndGet(143)) - 279bca68-3e74-4690-81cf-da5ab79b92f7: start FollowerState
2019-10-23 12:36:13,539 [Thread-639] INFO  impl.FollowerState (FollowerState.java:run(108)) - 279bca68-3e74-4690-81cf-da5ab79b92f7@group-AF49A4A4CA2A-FollowerState: change to CANDIDATE, lastRpcTime:21ms, electionTimeout:21ms
2019-10-23 12:36:13,539 [Thread-639] INFO  impl.RoleInfo (RoleInfo.java:shutdownFollowerState(121)) - 279bca68-3e74-4690-81cf-da5ab79b92f7: shutdown FollowerState
2019-10-23 12:36:13,539 [Thread-639] INFO  impl.RaftServerImpl (RaftServerImpl.java:setRole(184)) - 279bca68-3e74-4690-81cf-da5ab79b92f7@group-AF49A4A4CA2A: changes role from  FOLLOWER to CANDIDATE at term 64 for changeToCandidate
2019-10-23 12:36:13,539 [Thread-639] INFO  impl.RoleInfo (RoleInfo.java:updateAndGet(143)) - 279bca68-3e74-4690-81cf-da5ab79b92f7: start LeaderElection
2019-10-23 12:36:13,561 [279bca68-3e74-4690-81cf-da5ab79b92f7@group-AF49A4A4CA2A-LeaderElection67] INFO  impl.LeaderElection (LeaderElection.java:askForVotes(178)) - 279bca68-3e74-4690-81cf-da5ab79b92f7@group-AF49A4A4CA2A-LeaderElection67: begin an election at term 65 for -1: [daebe4f8-0ad9-4eb2-8ed7-3a8051847eb6:192.168.69.118:44860, 389d5540-641f-48c2-a9df-60738dbad976:192.168.69.118:45712, 279bca68-3e74-4690-81cf-da5ab79b92f7:192.168.69.118:45510], old=null
2019-10-23 12:36:13,564 [grpc-default-executor-3] INFO  impl.RaftServerImpl (RaftServerImpl.java:setRole(184)) - daebe4f8-0ad9-4eb2-8ed7-3a8051847eb6@group-AF49A4A4CA2A: changes role from  FOLLOWER to FOLLOWER at term 65 for recognizeCandidate:279bca68-3e74-4690-81cf-da5ab79b92f7
2019-10-23 12:36:13,564 [grpc-default-executor-3] INFO  impl.RoleInfo (RoleInfo.java:shutdownFollowerState(121)) - daebe4f8-0ad9-4eb2-8ed7-3a8051847eb6: shutdown FollowerState
2019-10-23 12:36:13,564 [grpc-default-executor-0] INFO  impl.RaftServerImpl (RaftServerImpl.java:setRole(184)) - 389d5540-641f-48c2-a9df-60738dbad976@group-AF49A4A4CA2A: changes role from  FOLLOWER to FOLLOWER at term 65 for recognizeCandidate:279bca68-3e74-4690-81cf-da5ab79b92f7
2019-10-23 12:36:13,564 [Thread-637] INFO  impl.FollowerState (FollowerState.java:run(117)) - daebe4f8-0ad9-4eb2-8ed7-3a8051847eb6@group-AF49A4A4CA2A-FollowerState was interrupted: java.lang.InterruptedException: sleep interrupted
2019-10-23 12:36:13,564 [grpc-default-executor-3] INFO  impl.RoleInfo (RoleInfo.java:updateAndGet(143)) - daebe4f8-0ad9-4eb2-8ed7-3a8051847eb6: start FollowerState
2019-10-23 12:36:13,564 [grpc-default-executor-0] INFO  impl.RoleInfo (RoleInfo.java:shutdownFollowerState(121)) - 389d5540-641f-48c2-a9df-60738dbad976: shutdown FollowerState
2019-10-23 12:36:13,565 [grpc-default-executor-0] INFO  impl.RoleInfo (RoleInfo.java:updateAndGet(143)) - 389d5540-641f-48c2-a9df-60738dbad976: start FollowerState
2019-10-23 12:36:13,565 [Thread-638] INFO  impl.FollowerState (FollowerState.java:run(117)) - 389d5540-641f-48c2-a9df-60738dbad976@group-AF49A4A4CA2A-FollowerState was interrupted: java.lang.InterruptedException: sleep interrupted
2019-10-23 12:36:13,592 [279bca68-3e74-4690-81cf-da5ab79b92f7@group-AF49A4A4CA2A-LeaderElection67] INFO  impl.LeaderElection (LeaderElection.java:logAndReturn(56)) - 279bca68-3e74-4690-81cf-da5ab79b92f7@group-AF49A4A4CA2A-LeaderElection67: Election REJECTED; received 2 response(s) [279bca68-3e74-4690-81cf-da5ab79b92f7<-daebe4f8-0ad9-4eb2-8ed7-3a8051847eb6#0:FAIL-t65, 279bca68-3e74-4690-81cf-da5ab79b92f7<-389d5540-641f-48c2-a9df-60738dbad976#0:FAIL-t65] and 0 exception(s); 279bca68-3e74-4690-81cf-da5ab79b92f7@group-AF49A4A4CA2A:t65, leader=null, voted=279bca68-3e74-4690-81cf-da5ab79b92f7, raftlog=279bca68-3e74-4690-81cf-da5ab79b92f7@group-AF49A4A4CA2A-SegmentedRaftLog:OPENED:c-1,f-1,i0, conf=-1: [daebe4f8-0ad9-4eb2-8ed7-3a8051847eb6:192.168.69.118:44860, 389d5540-641f-48c2-a9df-60738dbad976:192.168.69.118:45712, 279bca68-3e74-4690-81cf-da5ab79b92f7:192.168.69.118:45510], old=null
2019-10-23 12:36:13,593 [279bca68-3e74-4690-81cf-da5ab79b92f7@group-AF49A4A4CA2A-LeaderElection67] INFO  impl.RaftServerImpl (RaftServerImpl.java:setRole(184)) - 279bca68-3e74-4690-81cf-da5ab79b92f7@group-AF49A4A4CA2A: changes role from CANDIDATE to FOLLOWER at term 65 for DISCOVERED_A_NEW_TERM
2019-10-23 12:36:13,593 [279bca68-3e74-4690-81cf-da5ab79b92f7@group-AF49A4A4CA2A-LeaderElection67] INFO  impl.RoleInfo (RoleInfo.java:shutdownLeaderElection(134)) - 279bca68-3e74-4690-81cf-da5ab79b92f7: shutdown LeaderElection
2019-10-23 12:36:13,593 [279bca68-3e74-4690-81cf-da5ab79b92f7@group-AF49A4A4CA2A-LeaderElection67] INFO  impl.RoleInfo (RoleInfo.java:updateAndGet(143)) - 279bca68-3e74-4690-81cf-da5ab79b92f7: start FollowerState
2019-10-23 12:36:13,642 [Thread-645] INFO  impl.FollowerState (FollowerState.java:run(108)) - 279bca68-3e74-4690-81cf-da5ab79b92f7@group-AF49A4A4CA2A-FollowerState: change to CANDIDATE, lastRpcTime:49ms, electionTimeout:49ms
2019-10-23 12:36:13,643 [Thread-645] INFO  impl.RoleInfo (RoleInfo.java:shutdownFollowerState(121)) - 279bca68-3e74-4690-81cf-da5ab79b92f7: shutdown FollowerState
2019-10-23 12:36:13,643 [Thread-645] INFO  impl.RaftServerImpl (RaftServerImpl.java:setRole(184)) - 279bca68-3e74-4690-81cf-da5ab79b92f7@group-AF49A4A4CA2A: changes role from  FOLLOWER to CANDIDATE at term 65 for changeToCandidate
2019-10-23 12:36:13,643 [Thread-645] INFO  impl.RoleInfo (RoleInfo.java:updateAndGet(143)) - 279bca68-3e74-4690-81cf-da5ab79b92f7: start LeaderElection
2019-10-23 12:36:13,657 [279bca68-3e74-4690-81cf-da5ab79b92f7@group-AF49A4A4CA2A-LeaderElection68] INFO  impl.LeaderElection (LeaderElection.java:askForVotes(178)) - 279bca68-3e74-4690-81cf-da5ab79b92f7@group-AF49A4A4CA2A-LeaderElection68: begin an election at term 66 for -1: [daebe4f8-0ad9-4eb2-8ed7-3a8051847eb6:192.168.69.118:44860, 389d5540-641f-48c2-a9df-60738dbad976:192.168.69.118:45712, 279bca68-3e74-4690-81cf-da5ab79b92f7:192.168.69.118:45510], old=null
2019-10-23 12:36:13,660 [grpc-default-executor-3] INFO  impl.RaftServerImpl (RaftServerImpl.java:setRole(184)) - daebe4f8-0ad9-4eb2-8ed7-3a8051847eb6@group-AF49A4A4CA2A: changes role from  FOLLOWER to FOLLOWER at term 66 for recognizeCandidate:279bca68-3e74-4690-81cf-da5ab79b92f7
2019-10-23 12:36:13,660 [grpc-default-executor-0] INFO  impl.RaftServerImpl (RaftServerImpl.java:setRole(184)) - 389d5540-641f-48c2-a9df-60738dbad976@group-AF49A4A4CA2A: changes role from  FOLLOWER to FOLLOWER at term 66 for recognizeCandidate:279bca68-3e74-4690-81cf-da5ab79b92f7
2019-10-23 12:36:13,660 [grpc-default-executor-3] INFO  impl.RoleInfo (RoleInfo.java:shutdownFollowerState(121)) - daebe4f8-0ad9-4eb2-8ed7-3a8051847eb6: shutdown FollowerState
2019-10-23 12:36:13,660 [grpc-default-executor-0] INFO  impl.RoleInfo (RoleInfo.java:shutdownFollowerState(121)) - 389d5540-641f-48c2-a9df-60738dbad976: shutdown FollowerState
2019-10-23 12:36:13,660 [Thread-643] INFO  impl.FollowerState (FollowerState.java:run(117)) - daebe4f8-0ad9-4eb2-8ed7-3a8051847eb6@group-AF49A4A4CA2A-FollowerState was interrupted: java.lang.InterruptedException: sleep interrupted
2019-10-23 12:36:13,660 [grpc-default-executor-3] INFO  impl.RoleInfo (RoleInfo.java:updateAndGet(143)) - daebe4f8-0ad9-4eb2-8ed7-3a8051847eb6: start FollowerState
2019-10-23 12:36:13,660 [Thread-644] INFO  impl.FollowerState (FollowerState.java:run(117)) - 389d5540-641f-48c2-a9df-60738dbad976@group-AF49A4A4CA2A-FollowerState was interrupted: java.lang.InterruptedException: sleep interrupted
2019-10-23 12:36:13,660 [grpc-default-executor-0] INFO  impl.RoleInfo (RoleInfo.java:updateAndGet(143)) - 389d5540-641f-48c2-a9df-60738dbad976: start FollowerState
2019-10-23 12:36:13,677 [279bca68-3e74-4690-81cf-da5ab79b92f7@group-AF49A4A4CA2A-LeaderElection68] INFO  impl.LeaderElection (LeaderElection.java:logAndReturn(56)) - 279bca68-3e74-4690-81cf-da5ab79b92f7@group-AF49A4A4CA2A-LeaderElection68: Election REJECTED; received 2 response(s) [279bca68-3e74-4690-81cf-da5ab79b92f7<-daebe4f8-0ad9-4eb2-8ed7-3a8051847eb6#0:FAIL-t66, 279bca68-3e74-4690-81cf-da5ab79b92f7<-389d5540-641f-48c2-a9df-60738dbad976#0:FAIL-t66] and 0 exception(s); 279bca68-3e74-4690-81cf-da5ab79b92f7@group-AF49A4A4CA2A:t66, leader=null, voted=279bca68-3e74-4690-81cf-da5ab79b92f7, raftlog=279bca68-3e74-4690-81cf-da5ab79b92f7@group-AF49A4A4CA2A-SegmentedRaftLog:OPENED:c-1,f-1,i0, conf=-1: [daebe4f8-0ad9-4eb2-8ed7-3a8051847eb6:192.168.69.118:44860, 389d5540-641f-48c2-a9df-60738dbad976:192.168.69.118:45712, 279bca68-3e74-4690-81cf-da5ab79b92f7:192.168.69.118:45510], old=null
2019-10-23 12:36:13,678 [279bca68-3e74-4690-81cf-da5ab79b92f7@group-AF49A4A4CA2A-LeaderElection68] INFO  impl.RaftServerImpl (RaftServerImpl.java:setRole(184)) - 279bca68-3e74-4690-81cf-da5ab79b92f7@group-AF49A4A4CA2A: changes role from CANDIDATE to FOLLOWER at term 66 for DISCOVERED_A_NEW_TERM
2019-10-23 12:36:13,678 [279bca68-3e74-4690-81cf-da5ab79b92f7@group-AF49A4A4CA2A-LeaderElection68] INFO  impl.RoleInfo (RoleInfo.java:shutdownLeaderElection(134)) - 279bca68-3e74-4690-81cf-da5ab79b92f7: shutdown LeaderElection
2019-10-23 12:36:13,678 [279bca68-3e74-4690-81cf-da5ab79b92f7@group-AF49A4A4CA2A-LeaderElection68] INFO  impl.RoleInfo (RoleInfo.java:updateAndGet(143)) - 279bca68-3e74-4690-81cf-da5ab79b92f7: start FollowerState
2019-10-23 12:36:13,846 [Thread-651] INFO  impl.FollowerState (FollowerState.java:run(108)) - 279bca68-3e74-4690-81cf-da5ab79b92f7@group-AF49A4A4CA2A-FollowerState: change to CANDIDATE, lastRpcTime:168ms, electionTimeout:168ms
2019-10-23 12:36:13,847 [Thread-651] INFO  impl.RoleInfo (RoleInfo.java:shutdownFollowerState(121)) - 279bca68-3e74-4690-81cf-da5ab79b92f7: shutdown FollowerState
2019-10-23 12:36:13,847 [Thread-651] INFO  impl.RaftServerImpl (RaftServerImpl.java:setRole(184)) - 279bca68-3e74-4690-81cf-da5ab79b92f7@group-AF49A4A4CA2A: changes role from  FOLLOWER to CANDIDATE at term 66 for changeToCandidate
2019-10-23 12:36:13,847 [Thread-651] INFO  impl.RoleInfo (RoleInfo.java:updateAndGet(143)) - 279bca68-3e74-4690-81cf-da5ab79b92f7: start LeaderElection
2019-10-23 12:36:13,862 [279bca68-3e74-4690-81cf-da5ab79b92f7@group-AF49A4A4CA2A-LeaderElection69] INFO  impl.LeaderElection (LeaderElection.java:askForVotes(178)) - 279bca68-3e74-4690-81cf-da5ab79b92f7@group-AF49A4A4CA2A-LeaderElection69: begin an election at term 67 for -1: [daebe4f8-0ad9-4eb2-8ed7-3a8051847eb6:192.168.69.118:44860, 389d5540-641f-48c2-a9df-60738dbad976:192.168.69.118:45712, 279bca68-3e74-4690-81cf-da5ab79b92f7:192.168.69.118:45510], old=null
2019-10-23 12:36:13,865 [grpc-default-executor-3] INFO  impl.RaftServerImpl (RaftServerImpl.java:setRole(184)) - 389d5540-641f-48c2-a9df-60738dbad976@group-AF49A4A4CA2A: changes role from  FOLLOWER to FOLLOWER at term 67 for recognizeCandidate:279bca68-3e74-4690-81cf-da5ab79b92f7
2019-10-23 12:36:13,865 [grpc-default-executor-0] INFO  impl.RaftServerImpl (RaftServerImpl.java:setRole(184)) - daebe4f8-0ad9-4eb2-8ed7-3a8051847eb6@group-AF49A4A4CA2A: changes role from  FOLLOWER to FOLLOWER at term 67 for recognizeCandidate:279bca68-3e74-4690-81cf-da5ab79b92f7
2019-10-23 12:36:13,865 [grpc-default-executor-3] INFO  impl.RoleInfo (RoleInfo.java:shutdownFollowerState(121)) - 389d5540-641f-48c2-a9df-60738dbad976: shutdown FollowerState
2019-10-23 12:36:13,866 [grpc-default-executor-0] INFO  impl.RoleInfo (RoleInfo.java:shutdownFollowerState(121)) - daebe4f8-0ad9-4eb2-8ed7-3a8051847eb6: shutdown FollowerState
2019-10-23 12:36:13,866 [Thread-650] INFO  impl.FollowerState (FollowerState.java:run(117)) - 389d5540-641f-48c2-a9df-60738dbad976@group-AF49A4A4CA2A-FollowerState was interrupted: java.lang.InterruptedException: sleep interrupted
2019-10-23 12:36:13,866 [grpc-default-executor-3] INFO  impl.RoleInfo (RoleInfo.java:updateAndGet(143)) - 389d5540-641f-48c2-a9df-60738dbad976: start FollowerState
2019-10-23 12:36:13,866 [Thread-649] INFO  impl.FollowerState (FollowerState.java:run(117)) - daebe4f8-0ad9-4eb2-8ed7-3a8051847eb6@group-AF49A4A4CA2A-FollowerState was interrupted: java.lang.InterruptedException: sleep interrupted
2019-10-23 12:36:13,866 [grpc-default-executor-0] INFO  impl.RoleInfo (RoleInfo.java:updateAndGet(143)) - daebe4f8-0ad9-4eb2-8ed7-3a8051847eb6: start FollowerState
2019-10-23 12:36:13,895 [279bca68-3e74-4690-81cf-da5ab79b92f7@group-AF49A4A4CA2A-LeaderElection69] INFO  impl.LeaderElection (LeaderElection.java:logAndReturn(56)) - 279bca68-3e74-4690-81cf-da5ab79b92f7@group-AF49A4A4CA2A-LeaderElection69: Election REJECTED; received 2 response(s) [279bca68-3e74-4690-81cf-da5ab79b92f7<-daebe4f8-0ad9-4eb2-8ed7-3a8051847eb6#0:FAIL-t67, 279bca68-3e74-4690-81cf-da5ab79b92f7<-389d5540-641f-48c2-a9df-60738dbad976#0:FAIL-t67] and 0 exception(s); 279bca68-3e74-4690-81cf-da5ab79b92f7@group-AF49A4A4CA2A:t67, leader=null, voted=279bca68-3e74-4690-81cf-da5ab79b92f7, raftlog=279bca68-3e74-4690-81cf-da5ab79b92f7@group-AF49A4A4CA2A-SegmentedRaftLog:OPENED:c-1,f-1,i0, conf=-1: [daebe4f8-0ad9-4eb2-8ed7-3a8051847eb6:192.168.69.118:44860, 389d5540-641f-48c2-a9df-60738dbad976:192.168.69.118:45712, 279bca68-3e74-4690-81cf-da5ab79b92f7:192.168.69.118:45510], old=null
2019-10-23 12:36:13,895 [279bca68-3e74-4690-81cf-da5ab79b92f7@group-AF49A4A4CA2A-LeaderElection69] INFO  impl.RaftServerImpl (RaftServerImpl.java:setRole(184)) - 279bca68-3e74-4690-81cf-da5ab79b92f7@group-AF49A4A4CA2A: changes role from CANDIDATE to FOLLOWER at term 67 for DISCOVERED_A_NEW_TERM
2019-10-23 12:36:13,895 [279bca68-3e74-4690-81cf-da5ab79b92f7@group-AF49A4A4CA2A-LeaderElection69] INFO  impl.RoleInfo (RoleInfo.java:shutdownLeaderElection(134)) - 279bca68-3e74-4690-81cf-da5ab79b92f7: shutdown LeaderElection
2019-10-23 12:36:13,896 [279bca68-3e74-4690-81cf-da5ab79b92f7@group-AF49A4A4CA2A-LeaderElection69] INFO  impl.RoleInfo (RoleInfo.java:updateAndGet(143)) - 279bca68-3e74-4690-81cf-da5ab79b92f7: start FollowerState
2019-10-23 12:36:14,087 [Thread-659] INFO  impl.FollowerState (FollowerState.java:run(108)) - 279bca68-3e74-4690-81cf-da5ab79b92f7@group-AF49A4A4CA2A-FollowerState: change to CANDIDATE, lastRpcTime:191ms, electionTimeout:191ms
2019-10-23 12:36:14,087 [Thread-659] INFO  impl.RoleInfo (RoleInfo.java:shutdownFollowerState(121)) - 279bca68-3e74-4690-81cf-da5ab79b92f7: shutdown FollowerState
2019-10-23 12:36:14,088 [Thread-659] INFO  impl.RaftServerImpl (RaftServerImpl.java:setRole(184)) - 279bca68-3e74-4690-81cf-da5ab79b92f7@group-AF49A4A4CA2A: changes role from  FOLLOWER to CANDIDATE at term 67 for changeToCandidate
2019-10-23 12:36:14,088 [Thread-659] INFO  impl.RoleInfo (RoleInfo.java:updateAndGet(143)) - 279bca68-3e74-4690-81cf-da5ab79b92f7: start LeaderElection
2019-10-23 12:36:14,114 [279bca68-3e74-4690-81cf-da5ab79b92f7@group-AF49A4A4CA2A-LeaderElection70] INFO  impl.LeaderElection (LeaderElection.java:askForVotes(178)) - 279bca68-3e74-4690-81cf-da5ab79b92f7@group-AF49A4A4CA2A-LeaderElection70: begin an election at term 68 for -1: [daebe4f8-0ad9-4eb2-8ed7-3a8051847eb6:192.168.69.118:44860, 389d5540-641f-48c2-a9df-60738dbad976:192.168.69.118:45712, 279bca68-3e74-4690-81cf-da5ab79b92f7:192.168.69.118:45510], old=null
2019-10-23 12:36:14,117 [grpc-default-executor-0] INFO  impl.RaftServerImpl (RaftServerImpl.java:setRole(184)) - 389d5540-641f-48c2-a9df-60738dbad976@group-AF49A4A4CA2A: changes role from  FOLLOWER to FOLLOWER at term 68 for recognizeCandidate:279bca68-3e74-4690-81cf-da5ab79b92f7
2019-10-23 12:36:14,117 [grpc-default-executor-3] INFO  impl.RaftServerImpl (RaftServerImpl.java:setRole(184)) - daebe4f8-0ad9-4eb2-8ed7-3a8051847eb6@group-AF49A4A4CA2A: changes role from  FOLLOWER to FOLLOWER at term 68 for recognizeCandidate:279bca68-3e74-4690-81cf-da5ab79b92f7
2019-10-23 12:36:14,118 [grpc-default-executor-3] INFO  impl.RoleInfo (RoleInfo.java:shutdownFollowerState(121)) - daebe4f8-0ad9-4eb2-8ed7-3a8051847eb6: shutdown FollowerState
2019-10-23 12:36:14,117 [grpc-default-executor-0] INFO  impl.RoleInfo (RoleInfo.java:shutdownFollowerState(121)) - 389d5540-641f-48c2-a9df-60738dbad976: shutdown FollowerState
2019-10-23 12:36:14,118 [Thread-658] INFO  impl.FollowerState (FollowerState.java:run(117)) - daebe4f8-0ad9-4eb2-8ed7-3a8051847eb6@group-AF49A4A4CA2A-FollowerState was interrupted: java.lang.InterruptedException: sleep interrupted
2019-10-23 12:36:14,118 [Thread-657] INFO  impl.FollowerState (FollowerState.java:run(117)) - 389d5540-641f-48c2-a9df-60738dbad976@group-AF49A4A4CA2A-FollowerState was interrupted: java.lang.InterruptedException: sleep interrupted
2019-10-23 12:36:14,118 [grpc-default-executor-3] INFO  impl.RoleInfo (RoleInfo.java:updateAndGet(143)) - daebe4f8-0ad9-4eb2-8ed7-3a8051847eb6: start FollowerState
2019-10-23 12:36:14,118 [grpc-default-executor-0] INFO  impl.RoleInfo (RoleInfo.java:updateAndGet(143)) - 389d5540-641f-48c2-a9df-60738dbad976: start FollowerState
2019-10-23 12:36:14,145 [279bca68-3e74-4690-81cf-da5ab79b92f7@group-AF49A4A4CA2A-LeaderElection70] INFO  impl.LeaderElection (LeaderElection.java:logAndReturn(56)) - 279bca68-3e74-4690-81cf-da5ab79b92f7@group-AF49A4A4CA2A-LeaderElection70: Election REJECTED; received 2 response(s) [279bca68-3e74-4690-81cf-da5ab79b92f7<-daebe4f8-0ad9-4eb2-8ed7-3a8051847eb6#0:FAIL-t68, 279bca68-3e74-4690-81cf-da5ab79b92f7<-389d5540-641f-48c2-a9df-60738dbad976#0:FAIL-t68] and 0 exception(s); 279bca68-3e74-4690-81cf-da5ab79b92f7@group-AF49A4A4CA2A:t68, leader=null, voted=279bca68-3e74-4690-81cf-da5ab79b92f7, raftlog=279bca68-3e74-4690-81cf-da5ab79b92f7@group-AF49A4A4CA2A-SegmentedRaftLog:OPENED:c-1,f-1,i0, conf=-1: [daebe4f8-0ad9-4eb2-8ed7-3a8051847eb6:192.168.69.118:44860, 389d5540-641f-48c2-a9df-60738dbad976:192.168.69.118:45712, 279bca68-3e74-4690-81cf-da5ab79b92f7:192.168.69.118:45510], old=null
2019-10-23 12:36:14,145 [279bca68-3e74-4690-81cf-da5ab79b92f7@group-AF49A4A4CA2A-LeaderElection70] INFO  impl.RaftServerImpl (RaftServerImpl.java:setRole(184)) - 279bca68-3e74-4690-81cf-da5ab79b92f7@group-AF49A4A4CA2A: changes role from CANDIDATE to FOLLOWER at term 68 for DISCOVERED_A_NEW_TERM
2019-10-23 12:36:14,145 [279bca68-3e74-4690-81cf-da5ab79b92f7@group-AF49A4A4CA2A-LeaderElection70] INFO  impl.RoleInfo (RoleInfo.java:shutdownLeaderElection(134)) - 279bca68-3e74-4690-81cf-da5ab79b92f7: shutdown LeaderElection
2019-10-23 12:36:14,145 [279bca68-3e74-4690-81cf-da5ab79b92f7@group-AF49A4A4CA2A-LeaderElection70] INFO  impl.RoleInfo (RoleInfo.java:updateAndGet(143)) - 279bca68-3e74-4690-81cf-da5ab79b92f7: start FollowerState
2019-10-23 12:36:14,322 [Thread-665] INFO  impl.FollowerState (FollowerState.java:run(108)) - 279bca68-3e74-4690-81cf-da5ab79b92f7@group-AF49A4A4CA2A-FollowerState: change to CANDIDATE, lastRpcTime:176ms, electionTimeout:176ms
2019-10-23 12:36:14,322 [Thread-665] INFO  impl.RoleInfo (RoleInfo.java:shutdownFollowerState(121)) - 279bca68-3e74-4690-81cf-da5ab79b92f7: shutdown FollowerState
2019-10-23 12:36:14,322 [Thread-665] INFO  impl.RaftServerImpl (RaftServerImpl.java:setRole(184)) - 279bca68-3e74-4690-81cf-da5ab79b92f7@group-AF49A4A4CA2A: changes role from  FOLLOWER to CANDIDATE at term 68 for changeToCandidate
2019-10-23 12:36:14,323 [Thread-665] INFO  impl.RoleInfo (RoleInfo.java:updateAndGet(143)) - 279bca68-3e74-4690-81cf-da5ab79b92f7: start LeaderElection
2019-10-23 12:36:14,348 [279bca68-3e74-4690-81cf-da5ab79b92f7@group-AF49A4A4CA2A-LeaderElection71] INFO  impl.LeaderElection (LeaderElection.java:askForVotes(178)) - 279bca68-3e74-4690-81cf-da5ab79b92f7@group-AF49A4A4CA2A-LeaderElection71: begin an election at term 69 for -1: [daebe4f8-0ad9-4eb2-8ed7-3a8051847eb6:192.168.69.118:44860, 389d5540-641f-48c2-a9df-60738dbad976:192.168.69.118:45712, 279bca68-3e74-4690-81cf-da5ab79b92f7:192.168.69.118:45510], old=null
2019-10-23 12:36:14,351 [grpc-default-executor-0] INFO  impl.RaftServerImpl (RaftServerImpl.java:setRole(184)) - daebe4f8-0ad9-4eb2-8ed7-3a8051847eb6@group-AF49A4A4CA2A: changes role from  FOLLOWER to FOLLOWER at term 69 for recognizeCandidate:279bca68-3e74-4690-81cf-da5ab79b92f7
2019-10-23 12:36:14,351 [grpc-default-executor-3] INFO  impl.RaftServerImpl (RaftServerImpl.java:setRole(184)) - 389d5540-641f-48c2-a9df-60738dbad976@group-AF49A4A4CA2A: changes role from  FOLLOWER to FOLLOWER at term 69 for recognizeCandidate:279bca68-3e74-4690-81cf-da5ab79b92f7
2019-10-23 12:36:14,351 [grpc-default-executor-0] INFO  impl.RoleInfo (RoleInfo.java:shutdownFollowerState(121)) - daebe4f8-0ad9-4eb2-8ed7-3a8051847eb6: shutdown FollowerState
2019-10-23 12:36:14,352 [grpc-default-executor-3] INFO  impl.RoleInfo (RoleInfo.java:shutdownFollowerState(121)) - 389d5540-641f-48c2-a9df-60738dbad976: shutdown FollowerState
2019-10-23 12:36:14,352 [Thread-663] INFO  impl.FollowerState (FollowerState.java:run(117)) - daebe4f8-0ad9-4eb2-8ed7-3a8051847eb6@group-AF49A4A4CA2A-FollowerState was interrupted: java.lang.InterruptedException: sleep interrupted
2019-10-23 12:36:14,352 [Thread-664] INFO  impl.FollowerState (FollowerState.java:run(117)) - 389d5540-641f-48c2-a9df-60738dbad976@group-AF49A4A4CA2A-FollowerState was interrupted: java.lang.InterruptedException: sleep interrupted
2019-10-23 12:36:14,352 [grpc-default-executor-0] INFO  impl.RoleInfo (RoleInfo.java:updateAndGet(143)) - daebe4f8-0ad9-4eb2-8ed7-3a8051847eb6: start FollowerState
2019-10-23 12:36:14,352 [grpc-default-executor-3] INFO  impl.RoleInfo (RoleInfo.java:updateAndGet(143)) - 389d5540-641f-48c2-a9df-60738dbad976: start FollowerState
2019-10-23 12:36:14,366 [279bca68-3e74-4690-81cf-da5ab79b92f7@group-AF49A4A4CA2A-LeaderElection71] INFO  impl.LeaderElection (LeaderElection.java:logAndReturn(56)) - 279bca68-3e74-4690-81cf-da5ab79b92f7@group-AF49A4A4CA2A-LeaderElection71: Election REJECTED; received 2 response(s) [279bca68-3e74-4690-81cf-da5ab79b92f7<-daebe4f8-0ad9-4eb2-8ed7-3a8051847eb6#0:FAIL-t69, 279bca68-3e74-4690-81cf-da5ab79b92f7<-389d5540-641f-48c2-a9df-60738dbad976#0:FAIL-t69] and 0 exception(s); 279bca68-3e74-4690-81cf-da5ab79b92f7@group-AF49A4A4CA2A:t69, leader=null, voted=279bca68-3e74-4690-81cf-da5ab79b92f7, raftlog=279bca68-3e74-4690-81cf-da5ab79b92f7@group-AF49A4A4CA2A-SegmentedRaftLog:OPENED:c-1,f-1,i0, conf=-1: [daebe4f8-0ad9-4eb2-8ed7-3a8051847eb6:192.168.69.118:44860, 389d5540-641f-48c2-a9df-60738dbad976:192.168.69.118:45712, 279bca68-3e74-4690-81cf-da5ab79b92f7:192.168.69.118:45510], old=null
2019-10-23 12:36:14,366 [279bca68-3e74-4690-81cf-da5ab79b92f7@group-AF49A4A4CA2A-LeaderElection71] INFO  impl.RaftServerImpl (RaftServerImpl.java:setRole(184)) - 279bca68-3e74-4690-81cf-da5ab79b92f7@group-AF49A4A4CA2A: changes role from CANDIDATE to FOLLOWER at term 69 for DISCOVERED_A_NEW_TERM
2019-10-23 12:36:14,367 [279bca68-3e74-4690-81cf-da5ab79b92f7@group-AF49A4A4CA2A-LeaderElection71] INFO  impl.RoleInfo (RoleInfo.java:shutdownLeaderElection(134)) - 279bca68-3e74-4690-81cf-da5ab79b92f7: shutdown LeaderElection
2019-10-23 12:36:14,367 [279bca68-3e74-4690-81cf-da5ab79b92f7@group-AF49A4A4CA2A-LeaderElection71] INFO  impl.RoleInfo (RoleInfo.java:updateAndGet(143)) - 279bca68-3e74-4690-81cf-da5ab79b92f7: start FollowerState
2019-10-23 12:36:14,458 [Thread-671] INFO  impl.FollowerState (FollowerState.java:run(108)) - 279bca68-3e74-4690-81cf-da5ab79b92f7@group-AF49A4A4CA2A-FollowerState: change to CANDIDATE, lastRpcTime:91ms, electionTimeout:91ms
2019-10-23 12:36:14,458 [Thread-671] INFO  impl.RoleInfo (RoleInfo.java:shutdownFollowerState(121)) - 279bca68-3e74-4690-81cf-da5ab79b92f7: shutdown FollowerState
2019-10-23 12:36:14,458 [Thread-671] INFO  impl.RaftServerImpl (RaftServerImpl.java:setRole(184)) - 279bca68-3e74-4690-81cf-da5ab79b92f7@group-AF49A4A4CA2A: changes role from  FOLLOWER to CANDIDATE at term 69 for changeToCandidate
2019-10-23 12:36:14,459 [Thread-671] INFO  impl.RoleInfo (RoleInfo.java:updateAndGet(143)) - 279bca68-3e74-4690-81cf-da5ab79b92f7: start LeaderElection
2019-10-23 12:36:14,484 [279bca68-3e74-4690-81cf-da5ab79b92f7@group-AF49A4A4CA2A-LeaderElection72] INFO  impl.LeaderElection (LeaderElection.java:askForVotes(178)) - 279bca68-3e74-4690-81cf-da5ab79b92f7@group-AF49A4A4CA2A-LeaderElection72: begin an election at term 70 for -1: [daebe4f8-0ad9-4eb2-8ed7-3a8051847eb6:192.168.69.118:44860, 389d5540-641f-48c2-a9df-60738dbad976:192.168.69.118:45712, 279bca68-3e74-4690-81cf-da5ab79b92f7:192.168.69.118:45510], old=null
2019-10-23 12:36:14,487 [grpc-default-executor-3] INFO  impl.RaftServerImpl (RaftServerImpl.java:setRole(184)) - daebe4f8-0ad9-4eb2-8ed7-3a8051847eb6@group-AF49A4A4CA2A: changes role from  FOLLOWER to FOLLOWER at term 70 for recognizeCandidate:279bca68-3e74-4690-81cf-da5ab79b92f7
2019-10-23 12:36:14,487 [grpc-default-executor-3] INFO  impl.RoleInfo (RoleInfo.java:shutdownFollowerState(121)) - daebe4f8-0ad9-4eb2-8ed7-3a8051847eb6: shutdown FollowerState
2019-10-23 12:36:14,487 [grpc-default-executor-3] INFO  impl.RoleInfo (RoleInfo.java:updateAndGet(143)) - daebe4f8-0ad9-4eb2-8ed7-3a8051847eb6: start FollowerState
2019-10-23 12:36:14,487 [grpc-default-executor-0] INFO  impl.RaftServerImpl (RaftServerImpl.java:setRole(184)) - 389d5540-641f-48c2-a9df-60738dbad976@group-AF49A4A4CA2A: changes role from  FOLLOWER to FOLLOWER at term 70 for recognizeCandidate:279bca68-3e74-4690-81cf-da5ab79b92f7
2019-10-23 12:36:14,487 [Thread-669] INFO  impl.FollowerState (FollowerState.java:run(117)) - daebe4f8-0ad9-4eb2-8ed7-3a8051847eb6@group-AF49A4A4CA2A-FollowerState was interrupted: java.lang.InterruptedException: sleep interrupted
2019-10-23 12:36:14,487 [grpc-default-executor-0] INFO  impl.RoleInfo (RoleInfo.java:shutdownFollowerState(121)) - 389d5540-641f-48c2-a9df-60738dbad976: shutdown FollowerState
2019-10-23 12:36:14,488 [grpc-default-executor-0] INFO  impl.RoleInfo (RoleInfo.java:updateAndGet(143)) - 389d5540-641f-48c2-a9df-60738dbad976: start FollowerState
2019-10-23 12:36:14,488 [Thread-670] INFO  impl.FollowerState (FollowerState.java:run(117)) - 389d5540-641f-48c2-a9df-60738dbad976@group-AF49A4A4CA2A-FollowerState was interrupted: java.lang.InterruptedException: sleep interrupted
2019-10-23 12:36:14,503 [279bca68-3e74-4690-81cf-da5ab79b92f7@group-AF49A4A4CA2A-LeaderElection72] INFO  impl.LeaderElection (LeaderElection.java:logAndReturn(56)) - 279bca68-3e74-4690-81cf-da5ab79b92f7@group-AF49A4A4CA2A-LeaderElection72: Election REJECTED; received 2 response(s) [279bca68-3e74-4690-81cf-da5ab79b92f7<-daebe4f8-0ad9-4eb2-8ed7-3a8051847eb6#0:FAIL-t70, 279bca68-3e74-4690-81cf-da5ab79b92f7<-389d5540-641f-48c2-a9df-60738dbad976#0:FAIL-t70] and 0 exception(s); 279bca68-3e74-4690-81cf-da5ab79b92f7@group-AF49A4A4CA2A:t70, leader=null, voted=279bca68-3e74-4690-81cf-da5ab79b92f7, raftlog=279bca68-3e74-4690-81cf-da5ab79b92f7@group-AF49A4A4CA2A-SegmentedRaftLog:OPENED:c-1,f-1,i0, conf=-1: [daebe4f8-0ad9-4eb2-8ed7-3a8051847eb6:192.168.69.118:44860, 389d5540-641f-48c2-a9df-60738dbad976:192.168.69.118:45712, 279bca68-3e74-4690-81cf-da5ab79b92f7:192.168.69.118:45510], old=null
2019-10-23 12:36:14,504 [279bca68-3e74-4690-81cf-da5ab79b92f7@group-AF49A4A4CA2A-LeaderElection72] INFO  impl.RaftServerImpl (RaftServerImpl.java:setRole(184)) - 279bca68-3e74-4690-81cf-da5ab79b92f7@group-AF49A4A4CA2A: changes role from CANDIDATE to FOLLOWER at term 70 for DISCOVERED_A_NEW_TERM
2019-10-23 12:36:14,504 [279bca68-3e74-4690-81cf-da5ab79b92f7@group-AF49A4A4CA2A-LeaderElection72] INFO  impl.RoleInfo (RoleInfo.java:shutdownLeaderElection(134)) - 279bca68-3e74-4690-81cf-da5ab79b92f7: shutdown LeaderElection
2019-10-23 12:36:14,504 [279bca68-3e74-4690-81cf-da5ab79b92f7@group-AF49A4A4CA2A-LeaderElection72] INFO  impl.RoleInfo (RoleInfo.java:updateAndGet(143)) - 279bca68-3e74-4690-81cf-da5ab79b92f7: start FollowerState
2019-10-23 12:36:14,601 [Thread-677] INFO  impl.FollowerState (FollowerState.java:run(108)) - 279bca68-3e74-4690-81cf-da5ab79b92f7@group-AF49A4A4CA2A-FollowerState: change to CANDIDATE, lastRpcTime:96ms, electionTimeout:96ms
2019-10-23 12:36:14,601 [Thread-677] INFO  impl.RoleInfo (RoleInfo.java:shutdownFollowerState(121)) - 279bca68-3e74-4690-81cf-da5ab79b92f7: shutdown FollowerState
2019-10-23 12:36:14,601 [Thread-677] INFO  impl.RaftServerImpl (RaftServerImpl.java:setRole(184)) - 279bca68-3e74-4690-81cf-da5ab79b92f7@group-AF49A4A4CA2A: changes role from  FOLLOWER to CANDIDATE at term 70 for changeToCandidate
2019-10-23 12:36:14,601 [Thread-677] INFO  impl.RoleInfo (RoleInfo.java:updateAndGet(143)) - 279bca68-3e74-4690-81cf-da5ab79b92f7: start LeaderElection
2019-10-23 12:36:14,700 [279bca68-3e74-4690-81cf-da5ab79b92f7@group-AF49A4A4CA2A-LeaderElection73] INFO  impl.LeaderElection (LeaderElection.java:askForVotes(178)) - 279bca68-3e74-4690-81cf-da5ab79b92f7@group-AF49A4A4CA2A-LeaderElection73: begin an election at term 71 for -1: [daebe4f8-0ad9-4eb2-8ed7-3a8051847eb6:192.168.69.118:44860, 389d5540-641f-48c2-a9df-60738dbad976:192.168.69.118:45712, 279bca68-3e74-4690-81cf-da5ab79b92f7:192.168.69.118:45510], old=null
2019-10-23 12:36:14,703 [grpc-default-executor-0] INFO  impl.RaftServerImpl (RaftServerImpl.java:setRole(184)) - daebe4f8-0ad9-4eb2-8ed7-3a8051847eb6@group-AF49A4A4CA2A: changes role from  FOLLOWER to FOLLOWER at term 71 for recognizeCandidate:279bca68-3e74-4690-81cf-da5ab79b92f7
2019-10-23 12:36:14,703 [grpc-default-executor-0] INFO  impl.RoleInfo (RoleInfo.java:shutdownFollowerState(121)) - daebe4f8-0ad9-4eb2-8ed7-3a8051847eb6: shutdown FollowerState
2019-10-23 12:36:14,703 [grpc-default-executor-0] INFO  impl.RoleInfo (RoleInfo.java:updateAndGet(143)) - daebe4f8-0ad9-4eb2-8ed7-3a8051847eb6: start FollowerState
2019-10-23 12:36:14,703 [Thread-675] INFO  impl.FollowerState (FollowerState.java:run(117)) - daebe4f8-0ad9-4eb2-8ed7-3a8051847eb6@group-AF49A4A4CA2A-FollowerState was interrupted: java.lang.InterruptedException: sleep interrupted
2019-10-23 12:36:14,703 [grpc-default-executor-3] INFO  impl.RaftServerImpl (RaftServerImpl.java:setRole(184)) - 389d5540-641f-48c2-a9df-60738dbad976@group-AF49A4A4CA2A: changes role from  FOLLOWER to FOLLOWER at term 71 for recognizeCandidate:279bca68-3e74-4690-81cf-da5ab79b92f7
2019-10-23 12:36:14,704 [grpc-default-executor-3] INFO  impl.RoleInfo (RoleInfo.java:shutdownFollowerState(121)) - 389d5540-641f-48c2-a9df-60738dbad976: shutdown FollowerState
2019-10-23 12:36:14,704 [grpc-default-executor-3] INFO  impl.RoleInfo (RoleInfo.java:updateAndGet(143)) - 389d5540-641f-48c2-a9df-60738dbad976: start FollowerState
2019-10-23 12:36:14,704 [Thread-676] INFO  impl.FollowerState (FollowerState.java:run(117)) - 389d5540-641f-48c2-a9df-60738dbad976@group-AF49A4A4CA2A-FollowerState was interrupted: java.lang.InterruptedException: sleep interrupted
2019-10-23 12:36:14,722 [279bca68-3e74-4690-81cf-da5ab79b92f7@group-AF49A4A4CA2A-LeaderElection73] INFO  impl.LeaderElection (LeaderElection.java:logAndReturn(56)) - 279bca68-3e74-4690-81cf-da5ab79b92f7@group-AF49A4A4CA2A-LeaderElection73: Election REJECTED; received 2 response(s) [279bca68-3e74-4690-81cf-da5ab79b92f7<-daebe4f8-0ad9-4eb2-8ed7-3a8051847eb6#0:FAIL-t71, 279bca68-3e74-4690-81cf-da5ab79b92f7<-389d5540-641f-48c2-a9df-60738dbad976#0:FAIL-t71] and 0 exception(s); 279bca68-3e74-4690-81cf-da5ab79b92f7@group-AF49A4A4CA2A:t71, leader=null, voted=279bca68-3e74-4690-81cf-da5ab79b92f7, raftlog=279bca68-3e74-4690-81cf-da5ab79b92f7@group-AF49A4A4CA2A-SegmentedRaftLog:OPENED:c-1,f-1,i0, conf=-1: [daebe4f8-0ad9-4eb2-8ed7-3a8051847eb6:192.168.69.118:44860, 389d5540-641f-48c2-a9df-60738dbad976:192.168.69.118:45712, 279bca68-3e74-4690-81cf-da5ab79b92f7:192.168.69.118:45510], old=null
2019-10-23 12:36:14,722 [279bca68-3e74-4690-81cf-da5ab79b92f7@group-AF49A4A4CA2A-LeaderElection73] INFO  impl.RaftServerImpl (RaftServerImpl.java:setRole(184)) - 279bca68-3e74-4690-81cf-da5ab79b92f7@group-AF49A4A4CA2A: changes role from CANDIDATE to FOLLOWER at term 71 for DISCOVERED_A_NEW_TERM
2019-10-23 12:36:14,722 [279bca68-3e74-4690-81cf-da5ab79b92f7@group-AF49A4A4CA2A-LeaderElection73] INFO  impl.RoleInfo (RoleInfo.java:shutdownLeaderElection(134)) - 279bca68-3e74-4690-81cf-da5ab79b92f7: shutdown LeaderElection
2019-10-23 12:36:14,723 [279bca68-3e74-4690-81cf-da5ab79b92f7@group-AF49A4A4CA2A-LeaderElection73] INFO  impl.RoleInfo (RoleInfo.java:updateAndGet(143)) - 279bca68-3e74-4690-81cf-da5ab79b92f7: start FollowerState
2019-10-23 12:36:14,871 [Thread-683] INFO  impl.FollowerState (FollowerState.java:run(108)) - 279bca68-3e74-4690-81cf-da5ab79b92f7@group-AF49A4A4CA2A-FollowerState: change to CANDIDATE, lastRpcTime:148ms, electionTimeout:148ms
2019-10-23 12:36:14,871 [Thread-683] INFO  impl.RoleInfo (RoleInfo.java:shutdownFollowerState(121)) - 279bca68-3e74-4690-81cf-da5ab79b92f7: shutdown FollowerState
2019-10-23 12:36:14,872 [Thread-683] INFO  impl.RaftServerImpl (RaftServerImpl.java:setRole(184)) - 279bca68-3e74-4690-81cf-da5ab79b92f7@group-AF49A4A4CA2A: changes role from  FOLLOWER to CANDIDATE at term 71 for changeToCandidate
2019-10-23 12:36:14,872 [Thread-683] INFO  impl.RoleInfo (RoleInfo.java:updateAndGet(143)) - 279bca68-3e74-4690-81cf-da5ab79b92f7: start LeaderElection
2019-10-23 12:36:14,885 [279bca68-3e74-4690-81cf-da5ab79b92f7@group-AF49A4A4CA2A-LeaderElection74] INFO  impl.LeaderElection (LeaderElection.java:askForVotes(178)) - 279bca68-3e74-4690-81cf-da5ab79b92f7@group-AF49A4A4CA2A-LeaderElection74: begin an election at term 72 for -1: [daebe4f8-0ad9-4eb2-8ed7-3a8051847eb6:192.168.69.118:44860, 389d5540-641f-48c2-a9df-60738dbad976:192.168.69.118:45712, 279bca68-3e74-4690-81cf-da5ab79b92f7:192.168.69.118:45510], old=null
2019-10-23 12:36:14,888 [grpc-default-executor-0] INFO  impl.RaftServerImpl (RaftServerImpl.java:setRole(184)) - daebe4f8-0ad9-4eb2-8ed7-3a8051847eb6@group-AF49A4A4CA2A: changes role from  FOLLOWER to FOLLOWER at term 72 for recognizeCandidate:279bca68-3e74-4690-81cf-da5ab79b92f7
2019-10-23 12:36:14,888 [grpc-default-executor-0] INFO  impl.RoleInfo (RoleInfo.java:shutdownFollowerState(121)) - daebe4f8-0ad9-4eb2-8ed7-3a8051847eb6: shutdown FollowerState
2019-10-23 12:36:14,888 [grpc-default-executor-3] INFO  impl.RaftServerImpl (RaftServerImpl.java:setRole(184)) - 389d5540-641f-48c2-a9df-60738dbad976@group-AF49A4A4CA2A: changes role from  FOLLOWER to FOLLOWER at term 72 for recognizeCandidate:279bca68-3e74-4690-81cf-da5ab79b92f7
2019-10-23 12:36:14,888 [Thread-681] INFO  impl.FollowerState (FollowerState.java:run(117)) - daebe4f8-0ad9-4eb2-8ed7-3a8051847eb6@group-AF49A4A4CA2A-FollowerState was interrupted: java.lang.InterruptedException: sleep interrupted
2019-10-23 12:36:14,888 [grpc-default-executor-0] INFO  impl.RoleInfo (RoleInfo.java:updateAndGet(143)) - daebe4f8-0ad9-4eb2-8ed7-3a8051847eb6: start FollowerState
2019-10-23 12:36:14,888 [grpc-default-executor-3] INFO  impl.RoleInfo (RoleInfo.java:shutdownFollowerState(121)) - 389d5540-641f-48c2-a9df-60738dbad976: shutdown FollowerState
2019-10-23 12:36:14,889 [grpc-default-executor-3] INFO  impl.RoleInfo (RoleInfo.java:updateAndGet(143)) - 389d5540-641f-48c2-a9df-60738dbad976: start FollowerState
2019-10-23 12:36:14,889 [Thread-682] INFO  impl.FollowerState (FollowerState.java:run(117)) - 389d5540-641f-48c2-a9df-60738dbad976@group-AF49A4A4CA2A-FollowerState was interrupted: java.lang.InterruptedException: sleep interrupted
2019-10-23 12:36:14,916 [279bca68-3e74-4690-81cf-da5ab79b92f7@group-AF49A4A4CA2A-LeaderElection74] INFO  impl.LeaderElection (LeaderElection.java:logAndReturn(56)) - 279bca68-3e74-4690-81cf-da5ab79b92f7@group-AF49A4A4CA2A-LeaderElection74: Election REJECTED; received 2 response(s) [279bca68-3e74-4690-81cf-da5ab79b92f7<-daebe4f8-0ad9-4eb2-8ed7-3a8051847eb6#0:FAIL-t72, 279bca68-3e74-4690-81cf-da5ab79b92f7<-389d5540-641f-48c2-a9df-60738dbad976#0:FAIL-t72] and 0 exception(s); 279bca68-3e74-4690-81cf-da5ab79b92f7@group-AF49A4A4CA2A:t72, leader=null, voted=279bca68-3e74-4690-81cf-da5ab79b92f7, raftlog=279bca68-3e74-4690-81cf-da5ab79b92f7@group-AF49A4A4CA2A-SegmentedRaftLog:OPENED:c-1,f-1,i0, conf=-1: [daebe4f8-0ad9-4eb2-8ed7-3a8051847eb6:192.168.69.118:44860, 389d5540-641f-48c2-a9df-60738dbad976:192.168.69.118:45712, 279bca68-3e74-4690-81cf-da5ab79b92f7:192.168.69.118:45510], old=null
2019-10-23 12:36:14,916 [279bca68-3e74-4690-81cf-da5ab79b92f7@group-AF49A4A4CA2A-LeaderElection74] INFO  impl.RaftServerImpl (RaftServerImpl.java:setRole(184)) - 279bca68-3e74-4690-81cf-da5ab79b92f7@group-AF49A4A4CA2A: changes role from CANDIDATE to FOLLOWER at term 72 for DISCOVERED_A_NEW_TERM
2019-10-23 12:36:14,916 [279bca68-3e74-4690-81cf-da5ab79b92f7@group-AF49A4A4CA2A-LeaderElection74] INFO  impl.RoleInfo (RoleInfo.java:shutdownLeaderElection(134)) - 279bca68-3e74-4690-81cf-da5ab79b92f7: shutdown LeaderElection
2019-10-23 12:36:14,916 [279bca68-3e74-4690-81cf-da5ab79b92f7@group-AF49A4A4CA2A-LeaderElection74] INFO  impl.RoleInfo (RoleInfo.java:updateAndGet(143)) - 279bca68-3e74-4690-81cf-da5ab79b92f7: start FollowerState
2019-10-23 12:36:15,007 [Thread-692] INFO  impl.FollowerState (FollowerState.java:run(108)) - 279bca68-3e74-4690-81cf-da5ab79b92f7@group-AF49A4A4CA2A-FollowerState: change to CANDIDATE, lastRpcTime:90ms, electionTimeout:90ms
2019-10-23 12:36:15,007 [Thread-692] INFO  impl.RoleInfo (RoleInfo.java:shutdownFollowerState(121)) - 279bca68-3e74-4690-81cf-da5ab79b92f7: shutdown FollowerState
2019-10-23 12:36:15,007 [Thread-692] INFO  impl.RaftServerImpl (RaftServerImpl.java:setRole(184)) - 279bca68-3e74-4690-81cf-da5ab79b92f7@group-AF49A4A4CA2A: changes role from  FOLLOWER to CANDIDATE at term 72 for changeToCandidate
2019-10-23 12:36:15,007 [Thread-692] INFO  impl.RoleInfo (RoleInfo.java:updateAndGet(143)) - 279bca68-3e74-4690-81cf-da5ab79b92f7: start LeaderElection
2019-10-23 12:36:15,011 [279bca68-3e74-4690-81cf-da5ab79b92f7@group-AF49A4A4CA2A-LeaderElection75] INFO  impl.LeaderElection (LeaderElection.java:askForVotes(178)) - 279bca68-3e74-4690-81cf-da5ab79b92f7@group-AF49A4A4CA2A-LeaderElection75: begin an election at term 73 for -1: [daebe4f8-0ad9-4eb2-8ed7-3a8051847eb6:192.168.69.118:44860, 389d5540-641f-48c2-a9df-60738dbad976:192.168.69.118:45712, 279bca68-3e74-4690-81cf-da5ab79b92f7:192.168.69.118:45510], old=null
2019-10-23 12:36:15,014 [grpc-default-executor-0] INFO  impl.RaftServerImpl (RaftServerImpl.java:setRole(184)) - daebe4f8-0ad9-4eb2-8ed7-3a8051847eb6@group-AF49A4A4CA2A: changes role from  FOLLOWER to FOLLOWER at term 73 for recognizeCandidate:279bca68-3e74-4690-81cf-da5ab79b92f7
2019-10-23 12:36:15,014 [grpc-default-executor-0] INFO  impl.RoleInfo (RoleInfo.java:shutdownFollowerState(121)) - daebe4f8-0ad9-4eb2-8ed7-3a8051847eb6: shutdown FollowerState
2019-10-23 12:36:15,014 [grpc-default-executor-0] INFO  impl.RoleInfo (RoleInfo.java:updateAndGet(143)) - daebe4f8-0ad9-4eb2-8ed7-3a8051847eb6: start FollowerState
2019-10-23 12:36:15,015 [Thread-690] INFO  impl.FollowerState (FollowerState.java:run(117)) - daebe4f8-0ad9-4eb2-8ed7-3a8051847eb6@group-AF49A4A4CA2A-FollowerState was interrupted: java.lang.InterruptedException: sleep interrupted
2019-10-23 12:36:15,015 [grpc-default-executor-3] INFO  impl.RaftServerImpl (RaftServerImpl.java:setRole(184)) - 389d5540-641f-48c2-a9df-60738dbad976@group-AF49A4A4CA2A: changes role from  FOLLOWER to FOLLOWER at term 73 for recognizeCandidate:279bca68-3e74-4690-81cf-da5ab79b92f7
2019-10-23 12:36:15,015 [grpc-default-executor-3] INFO  impl.RoleInfo (RoleInfo.java:shutdownFollowerState(121)) - 389d5540-641f-48c2-a9df-60738dbad976: shutdown FollowerState
2019-10-23 12:36:15,015 [grpc-default-executor-3] INFO  impl.RoleInfo (RoleInfo.java:updateAndGet(143)) - 389d5540-641f-48c2-a9df-60738dbad976: start FollowerState
2019-10-23 12:36:15,015 [Thread-691] INFO  impl.FollowerState (FollowerState.java:run(117)) - 389d5540-641f-48c2-a9df-60738dbad976@group-AF49A4A4CA2A-FollowerState was interrupted: java.lang.InterruptedException: sleep interrupted
2019-10-23 12:36:15,022 [279bca68-3e74-4690-81cf-da5ab79b92f7@group-AF49A4A4CA2A-LeaderElection75] INFO  impl.LeaderElection (LeaderElection.java:logAndReturn(56)) - 279bca68-3e74-4690-81cf-da5ab79b92f7@group-AF49A4A4CA2A-LeaderElection75: Election REJECTED; received 2 response(s) [279bca68-3e74-4690-81cf-da5ab79b92f7<-daebe4f8-0ad9-4eb2-8ed7-3a8051847eb6#0:FAIL-t73, 279bca68-3e74-4690-81cf-da5ab79b92f7<-389d5540-641f-48c2-a9df-60738dbad976#0:FAIL-t73] and 0 exception(s); 279bca68-3e74-4690-81cf-da5ab79b92f7@group-AF49A4A4CA2A:t73, leader=null, voted=279bca68-3e74-4690-81cf-da5ab79b92f7, raftlog=279bca68-3e74-4690-81cf-da5ab79b92f7@group-AF49A4A4CA2A-SegmentedRaftLog:OPENED:c-1,f-1,i0, conf=-1: [daebe4f8-0ad9-4eb2-8ed7-3a8051847eb6:192.168.69.118:44860, 389d5540-641f-48c2-a9df-60738dbad976:192.168.69.118:45712, 279bca68-3e74-4690-81cf-da5ab79b92f7:192.168.69.118:45510], old=null
2019-10-23 12:36:15,022 [279bca68-3e74-4690-81cf-da5ab79b92f7@group-AF49A4A4CA2A-LeaderElection75] INFO  impl.RaftServerImpl (RaftServerImpl.java:setRole(184)) - 279bca68-3e74-4690-81cf-da5ab79b92f7@group-AF49A4A4CA2A: changes role from CANDIDATE to FOLLOWER at term 73 for DISCOVERED_A_NEW_TERM
2019-10-23 12:36:15,022 [279bca68-3e74-4690-81cf-da5ab79b92f7@group-AF49A4A4CA2A-LeaderElection75] INFO  impl.RoleInfo (RoleInfo.java:shutdownLeaderElection(134)) - 279bca68-3e74-4690-81cf-da5ab79b92f7: shutdown LeaderElection
2019-10-23 12:36:15,022 [279bca68-3e74-4690-81cf-da5ab79b92f7@group-AF49A4A4CA2A-LeaderElection75] INFO  impl.RoleInfo (RoleInfo.java:updateAndGet(143)) - 279bca68-3e74-4690-81cf-da5ab79b92f7: start FollowerState
2019-10-23 12:36:15,139 [Thread-698] INFO  impl.FollowerState (FollowerState.java:run(108)) - 279bca68-3e74-4690-81cf-da5ab79b92f7@group-AF49A4A4CA2A-FollowerState: change to CANDIDATE, lastRpcTime:116ms, electionTimeout:116ms
2019-10-23 12:36:15,139 [Thread-698] INFO  impl.RoleInfo (RoleInfo.java:shutdownFollowerState(121)) - 279bca68-3e74-4690-81cf-da5ab79b92f7: shutdown FollowerState
2019-10-23 12:36:15,139 [Thread-698] INFO  impl.RaftServerImpl (RaftServerImpl.java:setRole(184)) - 279bca68-3e74-4690-81cf-da5ab79b92f7@group-AF49A4A4CA2A: changes role from  FOLLOWER to CANDIDATE at term 73 for changeToCandidate
2019-10-23 12:36:15,139 [Thread-698] INFO  impl.RoleInfo (RoleInfo.java:updateAndGet(143)) - 279bca68-3e74-4690-81cf-da5ab79b92f7: start LeaderElection
2019-10-23 12:36:15,147 [279bca68-3e74-4690-81cf-da5ab79b92f7@group-AF49A4A4CA2A-LeaderElection76] INFO  impl.LeaderElection (LeaderElection.java:askForVotes(178)) - 279bca68-3e74-4690-81cf-da5ab79b92f7@group-AF49A4A4CA2A-LeaderElection76: begin an election at term 74 for -1: [daebe4f8-0ad9-4eb2-8ed7-3a8051847eb6:192.168.69.118:44860, 389d5540-641f-48c2-a9df-60738dbad976:192.168.69.118:45712, 279bca68-3e74-4690-81cf-da5ab79b92f7:192.168.69.118:45510], old=null
2019-10-23 12:36:15,150 [grpc-default-executor-3] INFO  impl.RaftServerImpl (RaftServerImpl.java:setRole(184)) - daebe4f8-0ad9-4eb2-8ed7-3a8051847eb6@group-AF49A4A4CA2A: changes role from  FOLLOWER to FOLLOWER at term 74 for recognizeCandidate:279bca68-3e74-4690-81cf-da5ab79b92f7
2019-10-23 12:36:15,150 [grpc-default-executor-0] INFO  impl.RaftServerImpl (RaftServerImpl.java:setRole(184)) - 389d5540-641f-48c2-a9df-60738dbad976@group-AF49A4A4CA2A: changes role from  FOLLOWER to FOLLOWER at term 74 for recognizeCandidate:279bca68-3e74-4690-81cf-da5ab79b92f7
2019-10-23 12:36:15,151 [grpc-default-executor-3] INFO  impl.RoleInfo (RoleInfo.java:shutdownFollowerState(121)) - daebe4f8-0ad9-4eb2-8ed7-3a8051847eb6: shutdown FollowerState
2019-10-23 12:36:15,151 [grpc-default-executor-0] INFO  impl.RoleInfo (RoleInfo.java:shutdownFollowerState(121)) - 389d5540-641f-48c2-a9df-60738dbad976: shutdown FollowerState
2019-10-23 12:36:15,151 [Thread-696] INFO  impl.FollowerState (FollowerState.java:run(117)) - daebe4f8-0ad9-4eb2-8ed7-3a8051847eb6@group-AF49A4A4CA2A-FollowerState was interrupted: java.lang.InterruptedException: sleep interrupted
2019-10-23 12:36:15,151 [grpc-default-executor-3] INFO  impl.RoleInfo (RoleInfo.java:updateAndGet(143)) - daebe4f8-0ad9-4eb2-8ed7-3a8051847eb6: start FollowerState
2019-10-23 12:36:15,151 [grpc-default-executor-0] INFO  impl.RoleInfo (RoleInfo.java:updateAndGet(143)) - 389d5540-641f-48c2-a9df-60738dbad976: start FollowerState
2019-10-23 12:36:15,151 [Thread-697] INFO  impl.FollowerState (FollowerState.java:run(117)) - 389d5540-641f-48c2-a9df-60738dbad976@group-AF49A4A4CA2A-FollowerState was interrupted: java.lang.InterruptedException: sleep interrupted
2019-10-23 12:36:15,181 [279bca68-3e74-4690-81cf-da5ab79b92f7@group-AF49A4A4CA2A-LeaderElection76] INFO  impl.LeaderElection (LeaderElection.java:logAndReturn(56)) - 279bca68-3e74-4690-81cf-da5ab79b92f7@group-AF49A4A4CA2A-LeaderElection76: Election REJECTED; received 2 response(s) [279bca68-3e74-4690-81cf-da5ab79b92f7<-daebe4f8-0ad9-4eb2-8ed7-3a8051847eb6#0:FAIL-t74, 279bca68-3e74-4690-81cf-da5ab79b92f7<-389d5540-641f-48c2-a9df-60738dbad976#0:FAIL-t74] and 0 exception(s); 279bca68-3e74-4690-81cf-da5ab79b92f7@group-AF49A4A4CA2A:t74, leader=null, voted=279bca68-3e74-4690-81cf-da5ab79b92f7, raftlog=279bca68-3e74-4690-81cf-da5ab79b92f7@group-AF49A4A4CA2A-SegmentedRaftLog:OPENED:c-1,f-1,i0, conf=-1: [daebe4f8-0ad9-4eb2-8ed7-3a8051847eb6:192.168.69.118:44860, 389d5540-641f-48c2-a9df-60738dbad976:192.168.69.118:45712, 279bca68-3e74-4690-81cf-da5ab79b92f7:192.168.69.118:45510], old=null
2019-10-23 12:36:15,181 [279bca68-3e74-4690-81cf-da5ab79b92f7@group-AF49A4A4CA2A-LeaderElection76] INFO  impl.RaftServerImpl (RaftServerImpl.java:setRole(184)) - 279bca68-3e74-4690-81cf-da5ab79b92f7@group-AF49A4A4CA2A: changes role from CANDIDATE to FOLLOWER at term 74 for DISCOVERED_A_NEW_TERM
2019-10-23 12:36:15,181 [279bca68-3e74-4690-81cf-da5ab79b92f7@group-AF49A4A4CA2A-LeaderElection76] INFO  impl.RoleInfo (RoleInfo.java:shutdownLeaderElection(134)) - 279bca68-3e74-4690-81cf-da5ab79b92f7: shutdown LeaderElection
2019-10-23 12:36:15,181 [279bca68-3e74-4690-81cf-da5ab79b92f7@group-AF49A4A4CA2A-LeaderElection76] INFO  impl.RoleInfo (RoleInfo.java:updateAndGet(143)) - 279bca68-3e74-4690-81cf-da5ab79b92f7: start FollowerState
2019-10-23 12:36:15,313 [Thread-704] INFO  impl.FollowerState (FollowerState.java:run(108)) - 279bca68-3e74-4690-81cf-da5ab79b92f7@group-AF49A4A4CA2A-FollowerState: change to CANDIDATE, lastRpcTime:131ms, electionTimeout:131ms
2019-10-23 12:36:15,313 [Thread-704] INFO  impl.RoleInfo (RoleInfo.java:shutdownFollowerState(121)) - 279bca68-3e74-4690-81cf-da5ab79b92f7: shutdown FollowerState
2019-10-23 12:36:15,314 [Thread-704] INFO  impl.RaftServerImpl (RaftServerImpl.java:setRole(184)) - 279bca68-3e74-4690-81cf-da5ab79b92f7@group-AF49A4A4CA2A: changes role from  FOLLOWER to CANDIDATE at term 74 for changeToCandidate
2019-10-23 12:36:15,314 [Thread-704] INFO  impl.RoleInfo (RoleInfo.java:updateAndGet(143)) - 279bca68-3e74-4690-81cf-da5ab79b92f7: start LeaderElection
2019-10-23 12:36:15,341 [279bca68-3e74-4690-81cf-da5ab79b92f7@group-AF49A4A4CA2A-LeaderElection77] INFO  impl.LeaderElection (LeaderElection.java:askForVotes(178)) - 279bca68-3e74-4690-81cf-da5ab79b92f7@group-AF49A4A4CA2A-LeaderElection77: begin an election at term 75 for -1: [daebe4f8-0ad9-4eb2-8ed7-3a8051847eb6:192.168.69.118:44860, 389d5540-641f-48c2-a9df-60738dbad976:192.168.69.118:45712, 279bca68-3e74-4690-81cf-da5ab79b92f7:192.168.69.118:45510], old=null
2019-10-23 12:36:15,347 [grpc-default-executor-0] INFO  impl.RaftServerImpl (RaftServerImpl.java:setRole(184)) - 389d5540-641f-48c2-a9df-60738dbad976@group-AF49A4A4CA2A: changes role from  FOLLOWER to FOLLOWER at term 75 for recognizeCandidate:279bca68-3e74-4690-81cf-da5ab79b92f7
2019-10-23 12:36:15,347 [grpc-default-executor-0] INFO  impl.RoleInfo (RoleInfo.java:shutdownFollowerState(121)) - 389d5540-641f-48c2-a9df-60738dbad976: shutdown FollowerState
2019-10-23 12:36:15,348 [grpc-default-executor-3] INFO  impl.RaftServerImpl (RaftServerImpl.java:setRole(184)) - daebe4f8-0ad9-4eb2-8ed7-3a8051847eb6@group-AF49A4A4CA2A: changes role from  FOLLOWER to FOLLOWER at term 75 for recognizeCandidate:279bca68-3e74-4690-81cf-da5ab79b92f7
2019-10-23 12:36:15,348 [Thread-703] INFO  impl.FollowerState (FollowerState.java:run(117)) - 389d5540-641f-48c2-a9df-60738dbad976@group-AF49A4A4CA2A-FollowerState was interrupted: java.lang.InterruptedException: sleep interrupted
2019-10-23 12:36:15,348 [grpc-default-executor-0] INFO  impl.RoleInfo (RoleInfo.java:updateAndGet(143)) - 389d5540-641f-48c2-a9df-60738dbad976: start FollowerState
2019-10-23 12:36:15,348 [grpc-default-executor-3] INFO  impl.RoleInfo (RoleInfo.java:shutdownFollowerState(121)) - daebe4f8-0ad9-4eb2-8ed7-3a8051847eb6: shutdown FollowerState
2019-10-23 12:36:15,348 [grpc-default-executor-3] INFO  impl.RoleInfo (RoleInfo.java:updateAndGet(143)) - daebe4f8-0ad9-4eb2-8ed7-3a8051847eb6: start FollowerState
2019-10-23 12:36:15,348 [Thread-702] INFO  impl.FollowerState (FollowerState.java:run(117)) - daebe4f8-0ad9-4eb2-8ed7-3a8051847eb6@group-AF49A4A4CA2A-FollowerState was interrupted: java.lang.InterruptedException: sleep interrupted
2019-10-23 12:36:15,375 [279bca68-3e74-4690-81cf-da5ab79b92f7@group-AF49A4A4CA2A-LeaderElection77] INFO  impl.LeaderElection (LeaderElection.java:logAndReturn(56)) - 279bca68-3e74-4690-81cf-da5ab79b92f7@group-AF49A4A4CA2A-LeaderElection77: Election REJECTED; received 2 response(s) [279bca68-3e74-4690-81cf-da5ab79b92f7<-daebe4f8-0ad9-4eb2-8ed7-3a8051847eb6#0:FAIL-t75, 279bca68-3e74-4690-81cf-da5ab79b92f7<-389d5540-641f-48c2-a9df-60738dbad976#0:FAIL-t75] and 0 exception(s); 279bca68-3e74-4690-81cf-da5ab79b92f7@group-AF49A4A4CA2A:t75, leader=null, voted=279bca68-3e74-4690-81cf-da5ab79b92f7, raftlog=279bca68-3e74-4690-81cf-da5ab79b92f7@group-AF49A4A4CA2A-SegmentedRaftLog:OPENED:c-1,f-1,i0, conf=-1: [daebe4f8-0ad9-4eb2-8ed7-3a8051847eb6:192.168.69.118:44860, 389d5540-641f-48c2-a9df-60738dbad976:192.168.69.118:45712, 279bca68-3e74-4690-81cf-da5ab79b92f7:192.168.69.118:45510], old=null
2019-10-23 12:36:15,375 [279bca68-3e74-4690-81cf-da5ab79b92f7@group-AF49A4A4CA2A-LeaderElection77] INFO  impl.RaftServerImpl (RaftServerImpl.java:setRole(184)) - 279bca68-3e74-4690-81cf-da5ab79b92f7@group-AF49A4A4CA2A: changes role from CANDIDATE to FOLLOWER at term 75 for DISCOVERED_A_NEW_TERM
2019-10-23 12:36:15,375 [279bca68-3e74-4690-81cf-da5ab79b92f7@group-AF49A4A4CA2A-LeaderElection77] INFO  impl.RoleInfo (RoleInfo.java:shutdownLeaderElection(134)) - 279bca68-3e74-4690-81cf-da5ab79b92f7: shutdown LeaderElection
2019-10-23 12:36:15,376 [279bca68-3e74-4690-81cf-da5ab79b92f7@group-AF49A4A4CA2A-LeaderElection77] INFO  impl.RoleInfo (RoleInfo.java:updateAndGet(143)) - 279bca68-3e74-4690-81cf-da5ab79b92f7: start FollowerState
2019-10-23 12:36:15,435 [Thread-710] INFO  impl.FollowerState (FollowerState.java:run(108)) - 279bca68-3e74-4690-81cf-da5ab79b92f7@group-AF49A4A4CA2A-FollowerState: change to CANDIDATE, lastRpcTime:59ms, electionTimeout:59ms
2019-10-23 12:36:15,435 [Thread-710] INFO  impl.RoleInfo (RoleInfo.java:shutdownFollowerState(121)) - 279bca68-3e74-4690-81cf-da5ab79b92f7: shutdown FollowerState
2019-10-23 12:36:15,436 [Thread-710] INFO  impl.RaftServerImpl (RaftServerImpl.java:setRole(184)) - 279bca68-3e74-4690-81cf-da5ab79b92f7@group-AF49A4A4CA2A: changes role from  FOLLOWER to CANDIDATE at term 75 for changeToCandidate
2019-10-23 12:36:15,436 [Thread-710] INFO  impl.RoleInfo (RoleInfo.java:updateAndGet(143)) - 279bca68-3e74-4690-81cf-da5ab79b92f7: start LeaderElection
2019-10-23 12:36:15,449 [279bca68-3e74-4690-81cf-da5ab79b92f7@group-AF49A4A4CA2A-LeaderElection78] INFO  impl.LeaderElection (LeaderElection.java:askForVotes(178)) - 279bca68-3e74-4690-81cf-da5ab79b92f7@group-AF49A4A4CA2A-LeaderElection78: begin an election at term 76 for -1: [daebe4f8-0ad9-4eb2-8ed7-3a8051847eb6:192.168.69.118:44860, 389d5540-641f-48c2-a9df-60738dbad976:192.168.69.118:45712, 279bca68-3e74-4690-81cf-da5ab79b92f7:192.168.69.118:45510], old=null
2019-10-23 12:36:15,452 [279bca68-3e74-4690-81cf-da5ab79b92f7@group-AF49A4A4CA2A-LeaderElection78] INFO  impl.LeaderElection (LeaderElection.java:logAndReturn(56)) - 279bca68-3e74-4690-81cf-da5ab79b92f7@group-AF49A4A4CA2A-LeaderElection78: Election TIMEOUT; received 0 response(s) [] and 0 exception(s); 279bca68-3e74-4690-81cf-da5ab79b92f7@group-AF49A4A4CA2A:t76, leader=null, voted=279bca68-3e74-4690-81cf-da5ab79b92f7, raftlog=279bca68-3e74-4690-81cf-da5ab79b92f7@group-AF49A4A4CA2A-SegmentedRaftLog:OPENED:c-1,f-1,i0, conf=-1: [daebe4f8-0ad9-4eb2-8ed7-3a8051847eb6:192.168.69.118:44860, 389d5540-641f-48c2-a9df-60738dbad976:192.168.69.118:45712, 279bca68-3e74-4690-81cf-da5ab79b92f7:192.168.69.118:45510], old=null
2019-10-23 12:36:15,452 [grpc-default-executor-3] INFO  impl.RaftServerImpl (RaftServerImpl.java:setRole(184)) - daebe4f8-0ad9-4eb2-8ed7-3a8051847eb6@group-AF49A4A4CA2A: changes role from  FOLLOWER to FOLLOWER at term 76 for recognizeCandidate:279bca68-3e74-4690-81cf-da5ab79b92f7
2019-10-23 12:36:15,453 [grpc-default-executor-0] INFO  impl.RaftServerImpl (RaftServerImpl.java:setRole(184)) - 389d5540-641f-48c2-a9df-60738dbad976@group-AF49A4A4CA2A: changes role from  FOLLOWER to FOLLOWER at term 76 for recognizeCandidate:279bca68-3e74-4690-81cf-da5ab79b92f7
2019-10-23 12:36:15,453 [grpc-default-executor-3] INFO  impl.RoleInfo (RoleInfo.java:shutdownFollowerState(121)) - daebe4f8-0ad9-4eb2-8ed7-3a8051847eb6: shutdown FollowerState
2019-10-23 12:36:15,453 [grpc-default-executor-0] INFO  impl.RoleInfo (RoleInfo.java:shutdownFollowerState(121)) - 389d5540-641f-48c2-a9df-60738dbad976: shutdown FollowerState
2019-10-23 12:36:15,453 [Thread-709] INFO  impl.FollowerState (FollowerState.java:run(117)) - daebe4f8-0ad9-4eb2-8ed7-3a8051847eb6@group-AF49A4A4CA2A-FollowerState was interrupted: java.lang.InterruptedException: sleep interrupted
2019-10-23 12:36:15,453 [grpc-default-executor-3] INFO  impl.RoleInfo (RoleInfo.java:updateAndGet(143)) - daebe4f8-0ad9-4eb2-8ed7-3a8051847eb6: start FollowerState
2019-10-23 12:36:15,454 [Thread-708] INFO  impl.FollowerState (FollowerState.java:run(117)) - 389d5540-641f-48c2-a9df-60738dbad976@group-AF49A4A4CA2A-FollowerState was interrupted: java.lang.InterruptedException: sleep interrupted
2019-10-23 12:36:15,453 [grpc-default-executor-0] INFO  impl.RoleInfo (RoleInfo.java:updateAndGet(143)) - 389d5540-641f-48c2-a9df-60738dbad976: start FollowerState
2019-10-23 12:36:15,478 [279bca68-3e74-4690-81cf-da5ab79b92f7@group-AF49A4A4CA2A-LeaderElection78] INFO  impl.LeaderElection (LeaderElection.java:askForVotes(178)) - 279bca68-3e74-4690-81cf-da5ab79b92f7@group-AF49A4A4CA2A-LeaderElection78: begin an election at term 77 for -1: [daebe4f8-0ad9-4eb2-8ed7-3a8051847eb6:192.168.69.118:44860, 389d5540-641f-48c2-a9df-60738dbad976:192.168.69.118:45712, 279bca68-3e74-4690-81cf-da5ab79b92f7:192.168.69.118:45510], old=null
2019-10-23 12:36:15,480 [grpc-default-executor-3] INFO  impl.RaftServerImpl (RaftServerImpl.java:setRole(184)) - 389d5540-641f-48c2-a9df-60738dbad976@group-AF49A4A4CA2A: changes role from  FOLLOWER to FOLLOWER at term 77 for recognizeCandidate:279bca68-3e74-4690-81cf-da5ab79b92f7
2019-10-23 12:36:15,481 [grpc-default-executor-0] INFO  impl.RaftServerImpl (RaftServerImpl.java:setRole(184)) - daebe4f8-0ad9-4eb2-8ed7-3a8051847eb6@group-AF49A4A4CA2A: changes role from  FOLLOWER to FOLLOWER at term 77 for recognizeCandidate:279bca68-3e74-4690-81cf-da5ab79b92f7
2019-10-23 12:36:15,481 [grpc-default-executor-3] INFO  impl.RoleInfo (RoleInfo.java:shutdownFollowerState(121)) - 389d5540-641f-48c2-a9df-60738dbad976: shutdown FollowerState
2019-10-23 12:36:15,481 [grpc-default-executor-0] INFO  impl.RoleInfo (RoleInfo.java:shutdownFollowerState(121)) - daebe4f8-0ad9-4eb2-8ed7-3a8051847eb6: shutdown FollowerState
2019-10-23 12:36:15,481 [Thread-715] INFO  impl.FollowerState (FollowerState.java:run(117)) - 389d5540-641f-48c2-a9df-60738dbad976@group-AF49A4A4CA2A-FollowerState was interrupted: java.lang.InterruptedException: sleep interrupted
2019-10-23 12:36:15,481 [grpc-default-executor-3] INFO  impl.RoleInfo (RoleInfo.java:updateAndGet(143)) - 389d5540-641f-48c2-a9df-60738dbad976: start FollowerState
2019-10-23 12:36:15,481 [Thread-714] INFO  impl.FollowerState (FollowerState.java:run(117)) - daebe4f8-0ad9-4eb2-8ed7-3a8051847eb6@group-AF49A4A4CA2A-FollowerState was interrupted: java.lang.InterruptedException: sleep interrupted
2019-10-23 12:36:15,481 [grpc-default-executor-0] INFO  impl.RoleInfo (RoleInfo.java:updateAndGet(143)) - daebe4f8-0ad9-4eb2-8ed7-3a8051847eb6: start FollowerState
2019-10-23 12:36:15,498 [279bca68-3e74-4690-81cf-da5ab79b92f7@group-AF49A4A4CA2A-LeaderElection78] INFO  impl.LeaderElection (LeaderElection.java:logAndReturn(56)) - 279bca68-3e74-4690-81cf-da5ab79b92f7@group-AF49A4A4CA2A-LeaderElection78: Election REJECTED; received 2 response(s) [279bca68-3e74-4690-81cf-da5ab79b92f7<-daebe4f8-0ad9-4eb2-8ed7-3a8051847eb6#0:FAIL-t77, 279bca68-3e74-4690-81cf-da5ab79b92f7<-389d5540-641f-48c2-a9df-60738dbad976#0:FAIL-t77] and 0 exception(s); 279bca68-3e74-4690-81cf-da5ab79b92f7@group-AF49A4A4CA2A:t77, leader=null, voted=279bca68-3e74-4690-81cf-da5ab79b92f7, raftlog=279bca68-3e74-4690-81cf-da5ab79b92f7@group-AF49A4A4CA2A-SegmentedRaftLog:OPENED:c-1,f-1,i0, conf=-1: [daebe4f8-0ad9-4eb2-8ed7-3a8051847eb6:192.168.69.118:44860, 389d5540-641f-48c2-a9df-60738dbad976:192.168.69.118:45712, 279bca68-3e74-4690-81cf-da5ab79b92f7:192.168.69.118:45510], old=null
2019-10-23 12:36:15,498 [279bca68-3e74-4690-81cf-da5ab79b92f7@group-AF49A4A4CA2A-LeaderElection78] INFO  impl.RaftServerImpl (RaftServerImpl.java:setRole(184)) - 279bca68-3e74-4690-81cf-da5ab79b92f7@group-AF49A4A4CA2A: changes role from CANDIDATE to FOLLOWER at term 77 for DISCOVERED_A_NEW_TERM
2019-10-23 12:36:15,498 [279bca68-3e74-4690-81cf-da5ab79b92f7@group-AF49A4A4CA2A-LeaderElection78] INFO  impl.RoleInfo (RoleInfo.java:shutdownLeaderElection(134)) - 279bca68-3e74-4690-81cf-da5ab79b92f7: shutdown LeaderElection
2019-10-23 12:36:15,498 [279bca68-3e74-4690-81cf-da5ab79b92f7@group-AF49A4A4CA2A-LeaderElection78] INFO  impl.RoleInfo (RoleInfo.java:updateAndGet(143)) - 279bca68-3e74-4690-81cf-da5ab79b92f7: start FollowerState
2019-10-23 12:36:15,638 [Thread-720] INFO  impl.FollowerState (FollowerState.java:run(108)) - 279bca68-3e74-4690-81cf-da5ab79b92f7@group-AF49A4A4CA2A-FollowerState: change to CANDIDATE, lastRpcTime:139ms, electionTimeout:139ms
2019-10-23 12:36:15,638 [Thread-720] INFO  impl.RoleInfo (RoleInfo.java:shutdownFollowerState(121)) - 279bca68-3e74-4690-81cf-da5ab79b92f7: shutdown FollowerState
2019-10-23 12:36:15,638 [Thread-720] INFO  impl.RaftServerImpl (RaftServerImpl.java:setRole(184)) - 279bca68-3e74-4690-81cf-da5ab79b92f7@group-AF49A4A4CA2A: changes role from  FOLLOWER to CANDIDATE at term 77 for changeToCandidate
2019-10-23 12:36:15,638 [Thread-720] INFO  impl.RoleInfo (RoleInfo.java:updateAndGet(143)) - 279bca68-3e74-4690-81cf-da5ab79b92f7: start LeaderElection
2019-10-23 12:36:15,652 [279bca68-3e74-4690-81cf-da5ab79b92f7@group-AF49A4A4CA2A-LeaderElection79] INFO  impl.LeaderElection (LeaderElection.java:askForVotes(178)) - 279bca68-3e74-4690-81cf-da5ab79b92f7@group-AF49A4A4CA2A-LeaderElection79: begin an election at term 78 for -1: [daebe4f8-0ad9-4eb2-8ed7-3a8051847eb6:192.168.69.118:44860, 389d5540-641f-48c2-a9df-60738dbad976:192.168.69.118:45712, 279bca68-3e74-4690-81cf-da5ab79b92f7:192.168.69.118:45510], old=null
2019-10-23 12:36:15,655 [grpc-default-executor-0] INFO  impl.RaftServerImpl (RaftServerImpl.java:setRole(184)) - daebe4f8-0ad9-4eb2-8ed7-3a8051847eb6@group-AF49A4A4CA2A: changes role from  FOLLOWER to FOLLOWER at term 78 for recognizeCandidate:279bca68-3e74-4690-81cf-da5ab79b92f7
2019-10-23 12:36:15,655 [grpc-default-executor-0] INFO  impl.RoleInfo (RoleInfo.java:shutdownFollowerState(121)) - daebe4f8-0ad9-4eb2-8ed7-3a8051847eb6: shutdown FollowerState
2019-10-23 12:36:15,655 [grpc-default-executor-0] INFO  impl.RoleInfo (RoleInfo.java:updateAndGet(143)) - daebe4f8-0ad9-4eb2-8ed7-3a8051847eb6: start FollowerState
2019-10-23 12:36:15,655 [grpc-default-executor-3] INFO  impl.RaftServerImpl (RaftServerImpl.java:setRole(184)) - 389d5540-641f-48c2-a9df-60738dbad976@group-AF49A4A4CA2A: changes role from  FOLLOWER to FOLLOWER at term 78 for recognizeCandidate:279bca68-3e74-4690-81cf-da5ab79b92f7
2019-10-23 12:36:15,656 [grpc-default-executor-3] INFO  impl.RoleInfo (RoleInfo.java:shutdownFollowerState(121)) - 389d5540-641f-48c2-a9df-60738dbad976: shutdown FollowerState
2019-10-23 12:36:15,655 [Thread-719] INFO  impl.FollowerState (FollowerState.java:run(117)) - daebe4f8-0ad9-4eb2-8ed7-3a8051847eb6@group-AF49A4A4CA2A-FollowerState was interrupted: java.lang.InterruptedException: sleep interrupted
2019-10-23 12:36:15,656 [Thread-718] INFO  impl.FollowerState (FollowerState.java:run(117)) - 389d5540-641f-48c2-a9df-60738dbad976@group-AF49A4A4CA2A-FollowerState was interrupted: java.lang.InterruptedException: sleep interrupted
2019-10-23 12:36:15,656 [grpc-default-executor-3] INFO  impl.RoleInfo (RoleInfo.java:updateAndGet(143)) - 389d5540-641f-48c2-a9df-60738dbad976: start FollowerState
2019-10-23 12:36:15,670 [279bca68-3e74-4690-81cf-da5ab79b92f7@group-AF49A4A4CA2A-LeaderElection79] INFO  impl.LeaderElection (LeaderElection.java:logAndReturn(56)) - 279bca68-3e74-4690-81cf-da5ab79b92f7@group-AF49A4A4CA2A-LeaderElection79: Election REJECTED; received 2 response(s) [279bca68-3e74-4690-81cf-da5ab79b92f7<-daebe4f8-0ad9-4eb2-8ed7-3a8051847eb6#0:FAIL-t78, 279bca68-3e74-4690-81cf-da5ab79b92f7<-389d5540-641f-48c2-a9df-60738dbad976#0:FAIL-t78] and 0 exception(s); 279bca68-3e74-4690-81cf-da5ab79b92f7@group-AF49A4A4CA2A:t78, leader=null, voted=279bca68-3e74-4690-81cf-da5ab79b92f7, raftlog=279bca68-3e74-4690-81cf-da5ab79b92f7@group-AF49A4A4CA2A-SegmentedRaftLog:OPENED:c-1,f-1,i0, conf=-1: [daebe4f8-0ad9-4eb2-8ed7-3a8051847eb6:192.168.69.118:44860, 389d5540-641f-48c2-a9df-60738dbad976:192.168.69.118:45712, 279bca68-3e74-4690-81cf-da5ab79b92f7:192.168.69.118:45510], old=null
2019-10-23 12:36:15,671 [279bca68-3e74-4690-81cf-da5ab79b92f7@group-AF49A4A4CA2A-LeaderElection79] INFO  impl.RaftServerImpl (RaftServerImpl.java:setRole(184)) - 279bca68-3e74-4690-81cf-da5ab79b92f7@group-AF49A4A4CA2A: changes role from CANDIDATE to FOLLOWER at term 78 for DISCOVERED_A_NEW_TERM
2019-10-23 12:36:15,671 [279bca68-3e74-4690-81cf-da5ab79b92f7@group-AF49A4A4CA2A-LeaderElection79] INFO  impl.RoleInfo (RoleInfo.java:shutdownLeaderElection(134)) - 279bca68-3e74-4690-81cf-da5ab79b92f7: shutdown LeaderElection
2019-10-23 12:36:15,671 [279bca68-3e74-4690-81cf-da5ab79b92f7@group-AF49A4A4CA2A-LeaderElection79] INFO  impl.RoleInfo (RoleInfo.java:updateAndGet(143)) - 279bca68-3e74-4690-81cf-da5ab79b92f7: start FollowerState
2019-10-23 12:36:15,685 [Thread-726] INFO  impl.FollowerState (FollowerState.java:run(108)) - 279bca68-3e74-4690-81cf-da5ab79b92f7@group-AF49A4A4CA2A-FollowerState: change to CANDIDATE, lastRpcTime:14ms, electionTimeout:14ms
2019-10-23 12:36:15,686 [Thread-726] INFO  impl.RoleInfo (RoleInfo.java:shutdownFollowerState(121)) - 279bca68-3e74-4690-81cf-da5ab79b92f7: shutdown FollowerState
2019-10-23 12:36:15,686 [Thread-726] INFO  impl.RaftServerImpl (RaftServerImpl.java:setRole(184)) - 279bca68-3e74-4690-81cf-da5ab79b92f7@group-AF49A4A4CA2A: changes role from  FOLLOWER to CANDIDATE at term 78 for changeToCandidate
2019-10-23 12:36:15,686 [Thread-726] INFO  impl.RoleInfo (RoleInfo.java:updateAndGet(143)) - 279bca68-3e74-4690-81cf-da5ab79b92f7: start LeaderElection
2019-10-23 12:36:15,716 [279bca68-3e74-4690-81cf-da5ab79b92f7@group-AF49A4A4CA2A-LeaderElection80] INFO  impl.LeaderElection (LeaderElection.java:askForVotes(178)) - 279bca68-3e74-4690-81cf-da5ab79b92f7@group-AF49A4A4CA2A-LeaderElection80: begin an election at term 79 for -1: [daebe4f8-0ad9-4eb2-8ed7-3a8051847eb6:192.168.69.118:44860, 389d5540-641f-48c2-a9df-60738dbad976:192.168.69.118:45712, 279bca68-3e74-4690-81cf-da5ab79b92f7:192.168.69.118:45510], old=null
2019-10-23 12:36:15,719 [grpc-default-executor-0] INFO  impl.RaftServerImpl (RaftServerImpl.java:setRole(184)) - 389d5540-641f-48c2-a9df-60738dbad976@group-AF49A4A4CA2A: changes role from  FOLLOWER to FOLLOWER at term 79 for recognizeCandidate:279bca68-3e74-4690-81cf-da5ab79b92f7
2019-10-23 12:36:15,719 [grpc-default-executor-0] INFO  impl.RoleInfo (RoleInfo.java:shutdownFollowerState(121)) - 389d5540-641f-48c2-a9df-60738dbad976: shutdown FollowerState
2019-10-23 12:36:15,719 [grpc-default-executor-0] INFO  impl.RoleInfo (RoleInfo.java:updateAndGet(143)) - 389d5540-641f-48c2-a9df-60738dbad976: start FollowerState
2019-10-23 12:36:15,719 [grpc-default-executor-3] INFO  impl.RaftServerImpl (RaftServerImpl.java:setRole(184)) - daebe4f8-0ad9-4eb2-8ed7-3a8051847eb6@group-AF49A4A4CA2A: changes role from  FOLLOWER to FOLLOWER at term 79 for recognizeCandidate:279bca68-3e74-4690-81cf-da5ab79b92f7
2019-10-23 12:36:15,720 [grpc-default-executor-3] INFO  impl.RoleInfo (RoleInfo.java:shutdownFollowerState(121)) - daebe4f8-0ad9-4eb2-8ed7-3a8051847eb6: shutdown FollowerState
2019-10-23 12:36:15,719 [Thread-725] INFO  impl.FollowerState (FollowerState.java:run(117)) - 389d5540-641f-48c2-a9df-60738dbad976@group-AF49A4A4CA2A-FollowerState was interrupted: java.lang.InterruptedException: sleep interrupted
2019-10-23 12:36:15,720 [Thread-724] INFO  impl.FollowerState (FollowerState.java:run(117)) - daebe4f8-0ad9-4eb2-8ed7-3a8051847eb6@group-AF49A4A4CA2A-FollowerState was interrupted: java.lang.InterruptedException: sleep interrupted
2019-10-23 12:36:15,720 [grpc-default-executor-3] INFO  impl.RoleInfo (RoleInfo.java:updateAndGet(143)) - daebe4f8-0ad9-4eb2-8ed7-3a8051847eb6: start FollowerState
2019-10-23 12:36:15,735 [279bca68-3e74-4690-81cf-da5ab79b92f7@group-AF49A4A4CA2A-LeaderElection80] INFO  impl.LeaderElection (LeaderElection.java:logAndReturn(56)) - 279bca68-3e74-4690-81cf-da5ab79b92f7@group-AF49A4A4CA2A-LeaderElection80: Election REJECTED; received 2 response(s) [279bca68-3e74-4690-81cf-da5ab79b92f7<-daebe4f8-0ad9-4eb2-8ed7-3a8051847eb6#0:FAIL-t79, 279bca68-3e74-4690-81cf-da5ab79b92f7<-389d5540-641f-48c2-a9df-60738dbad976#0:FAIL-t79] and 0 exception(s); 279bca68-3e74-4690-81cf-da5ab79b92f7@group-AF49A4A4CA2A:t79, leader=null, voted=279bca68-3e74-4690-81cf-da5ab79b92f7, raftlog=279bca68-3e74-4690-81cf-da5ab79b92f7@group-AF49A4A4CA2A-SegmentedRaftLog:OPENED:c-1,f-1,i0, conf=-1: [daebe4f8-0ad9-4eb2-8ed7-3a8051847eb6:192.168.69.118:44860, 389d5540-641f-48c2-a9df-60738dbad976:192.168.69.118:45712, 279bca68-3e74-4690-81cf-da5ab79b92f7:192.168.69.118:45510], old=null
2019-10-23 12:36:15,735 [279bca68-3e74-4690-81cf-da5ab79b92f7@group-AF49A4A4CA2A-LeaderElection80] INFO  impl.RaftServerImpl (RaftServerImpl.java:setRole(184)) - 279bca68-3e74-4690-81cf-da5ab79b92f7@group-AF49A4A4CA2A: changes role from CANDIDATE to FOLLOWER at term 79 for DISCOVERED_A_NEW_TERM
2019-10-23 12:36:15,735 [279bca68-3e74-4690-81cf-da5ab79b92f7@group-AF49A4A4CA2A-LeaderElection80] INFO  impl.RoleInfo (RoleInfo.java:shutdownLeaderElection(134)) - 279bca68-3e74-4690-81cf-da5ab79b92f7: shutdown LeaderElection
2019-10-23 12:36:15,735 [279bca68-3e74-4690-81cf-da5ab79b92f7@group-AF49A4A4CA2A-LeaderElection80] INFO  impl.RoleInfo (RoleInfo.java:updateAndGet(143)) - 279bca68-3e74-4690-81cf-da5ab79b92f7: start FollowerState
2019-10-23 12:36:15,871 [Thread-732] INFO  impl.FollowerState (FollowerState.java:run(108)) - 279bca68-3e74-4690-81cf-da5ab79b92f7@group-AF49A4A4CA2A-FollowerState: change to CANDIDATE, lastRpcTime:135ms, electionTimeout:135ms
2019-10-23 12:36:15,871 [Thread-732] INFO  impl.RoleInfo (RoleInfo.java:shutdownFollowerState(121)) - 279bca68-3e74-4690-81cf-da5ab79b92f7: shutdown FollowerState
2019-10-23 12:36:15,871 [Thread-732] INFO  impl.RaftServerImpl (RaftServerImpl.java:setRole(184)) - 279bca68-3e74-4690-81cf-da5ab79b92f7@group-AF49A4A4CA2A: changes role from  FOLLOWER to CANDIDATE at term 79 for changeToCandidate
2019-10-23 12:36:15,871 [Thread-732] INFO  impl.RoleInfo (RoleInfo.java:updateAndGet(143)) - 279bca68-3e74-4690-81cf-da5ab79b92f7: start LeaderElection
2019-10-23 12:36:15,884 [279bca68-3e74-4690-81cf-da5ab79b92f7@group-AF49A4A4CA2A-LeaderElection81] INFO  impl.LeaderElection (LeaderElection.java:askForVotes(178)) - 279bca68-3e74-4690-81cf-da5ab79b92f7@group-AF49A4A4CA2A-LeaderElection81: begin an election at term 80 for -1: [daebe4f8-0ad9-4eb2-8ed7-3a8051847eb6:192.168.69.118:44860, 389d5540-641f-48c2-a9df-60738dbad976:192.168.69.118:45712, 279bca68-3e74-4690-81cf-da5ab79b92f7:192.168.69.118:45510], old=null
2019-10-23 12:36:15,887 [grpc-default-executor-0] INFO  impl.RaftServerImpl (RaftServerImpl.java:setRole(184)) - daebe4f8-0ad9-4eb2-8ed7-3a8051847eb6@group-AF49A4A4CA2A: changes role from  FOLLOWER to FOLLOWER at term 80 for recognizeCandidate:279bca68-3e74-4690-81cf-da5ab79b92f7
2019-10-23 12:36:15,887 [grpc-default-executor-0] INFO  impl.RoleInfo (RoleInfo.java:shutdownFollowerState(121)) - daebe4f8-0ad9-4eb2-8ed7-3a8051847eb6: shutdown FollowerState
2019-10-23 12:36:15,887 [grpc-default-executor-0] INFO  impl.RoleInfo (RoleInfo.java:updateAndGet(143)) - daebe4f8-0ad9-4eb2-8ed7-3a8051847eb6: start FollowerState
2019-10-23 12:36:15,887 [grpc-default-executor-3] INFO  impl.RaftServerImpl (RaftServerImpl.java:setRole(184)) - 389d5540-641f-48c2-a9df-60738dbad976@group-AF49A4A4CA2A: changes role from  FOLLOWER to FOLLOWER at term 80 for recognizeCandidate:279bca68-3e74-4690-81cf-da5ab79b92f7
2019-10-23 12:36:15,888 [grpc-default-executor-3] INFO  impl.RoleInfo (RoleInfo.java:shutdownFollowerState(121)) - 389d5540-641f-48c2-a9df-60738dbad976: shutdown FollowerState
2019-10-23 12:36:15,887 [Thread-731] INFO  impl.FollowerState (FollowerState.java:run(117)) - daebe4f8-0ad9-4eb2-8ed7-3a8051847eb6@group-AF49A4A4CA2A-FollowerState was interrupted: java.lang.InterruptedException: sleep interrupted
2019-10-23 12:36:15,888 [Thread-730] INFO  impl.FollowerState (FollowerState.java:run(117)) - 389d5540-641f-48c2-a9df-60738dbad976@group-AF49A4A4CA2A-FollowerState was interrupted: java.lang.InterruptedException: sleep interrupted
2019-10-23 12:36:15,888 [grpc-default-executor-3] INFO  impl.RoleInfo (RoleInfo.java:updateAndGet(143)) - 389d5540-641f-48c2-a9df-60738dbad976: start FollowerState
2019-10-23 12:36:15,900 [279bca68-3e74-4690-81cf-da5ab79b92f7@group-AF49A4A4CA2A-LeaderElection81] INFO  impl.LeaderElection (LeaderElection.java:logAndReturn(56)) - 279bca68-3e74-4690-81cf-da5ab79b92f7@group-AF49A4A4CA2A-LeaderElection81: Election TIMEOUT; received 0 response(s) [] and 0 exception(s); 279bca68-3e74-4690-81cf-da5ab79b92f7@group-AF49A4A4CA2A:t80, leader=null, voted=279bca68-3e74-4690-81cf-da5ab79b92f7, raftlog=279bca68-3e74-4690-81cf-da5ab79b92f7@group-AF49A4A4CA2A-SegmentedRaftLog:OPENED:c-1,f-1,i0, conf=-1: [daebe4f8-0ad9-4eb2-8ed7-3a8051847eb6:192.168.69.118:44860, 389d5540-641f-48c2-a9df-60738dbad976:192.168.69.118:45712, 279bca68-3e74-4690-81cf-da5ab79b92f7:192.168.69.118:45510], old=null
2019-10-23 12:36:15,913 [279bca68-3e74-4690-81cf-da5ab79b92f7@group-AF49A4A4CA2A-LeaderElection81] INFO  impl.LeaderElection (LeaderElection.java:askForVotes(178)) - 279bca68-3e74-4690-81cf-da5ab79b92f7@group-AF49A4A4CA2A-LeaderElection81: begin an election at term 81 for -1: [daebe4f8-0ad9-4eb2-8ed7-3a8051847eb6:192.168.69.118:44860, 389d5540-641f-48c2-a9df-60738dbad976:192.168.69.118:45712, 279bca68-3e74-4690-81cf-da5ab79b92f7:192.168.69.118:45510], old=null
2019-10-23 12:36:15,916 [grpc-default-executor-3] INFO  impl.RaftServerImpl (RaftServerImpl.java:setRole(184)) - daebe4f8-0ad9-4eb2-8ed7-3a8051847eb6@group-AF49A4A4CA2A: changes role from  FOLLOWER to FOLLOWER at term 81 for recognizeCandidate:279bca68-3e74-4690-81cf-da5ab79b92f7
2019-10-23 12:36:15,916 [grpc-default-executor-3] INFO  impl.RoleInfo (RoleInfo.java:shutdownFollowerState(121)) - daebe4f8-0ad9-4eb2-8ed7-3a8051847eb6: shutdown FollowerState
2019-10-23 12:36:15,917 [grpc-default-executor-3] INFO  impl.RoleInfo (RoleInfo.java:updateAndGet(143)) - daebe4f8-0ad9-4eb2-8ed7-3a8051847eb6: start FollowerState
2019-10-23 12:36:15,917 [Thread-738] INFO  impl.FollowerState (FollowerState.java:run(117)) - daebe4f8-0ad9-4eb2-8ed7-3a8051847eb6@group-AF49A4A4CA2A-FollowerState was interrupted: java.lang.InterruptedException: sleep interrupted
2019-10-23 12:36:15,917 [grpc-default-executor-0] INFO  impl.RaftServerImpl (RaftServerImpl.java:setRole(184)) - 389d5540-641f-48c2-a9df-60738dbad976@group-AF49A4A4CA2A: changes role from  FOLLOWER to FOLLOWER at term 81 for recognizeCandidate:279bca68-3e74-4690-81cf-da5ab79b92f7
2019-10-23 12:36:15,917 [grpc-default-executor-0] INFO  impl.RoleInfo (RoleInfo.java:shutdownFollowerState(121)) - 389d5540-641f-48c2-a9df-60738dbad976: shutdown FollowerState
2019-10-23 12:36:15,917 [Thread-739] INFO  impl.FollowerState (FollowerState.java:run(117)) - 389d5540-641f-48c2-a9df-60738dbad976@group-AF49A4A4CA2A-FollowerState was interrupted: java.lang.InterruptedException: sleep interrupted
2019-10-23 12:36:15,917 [grpc-default-executor-0] INFO  impl.RoleInfo (RoleInfo.java:updateAndGet(143)) - 389d5540-641f-48c2-a9df-60738dbad976: start FollowerState
2019-10-23 12:36:15,940 [279bca68-3e74-4690-81cf-da5ab79b92f7@group-AF49A4A4CA2A-LeaderElection81] INFO  impl.LeaderElection (LeaderElection.java:logAndReturn(56)) - 279bca68-3e74-4690-81cf-da5ab79b92f7@group-AF49A4A4CA2A-LeaderElection81: Election REJECTED; received 2 response(s) [279bca68-3e74-4690-81cf-da5ab79b92f7<-daebe4f8-0ad9-4eb2-8ed7-3a8051847eb6#0:FAIL-t81, 279bca68-3e74-4690-81cf-da5ab79b92f7<-389d5540-641f-48c2-a9df-60738dbad976#0:FAIL-t81] and 0 exception(s); 279bca68-3e74-4690-81cf-da5ab79b92f7@group-AF49A4A4CA2A:t81, leader=null, voted=279bca68-3e74-4690-81cf-da5ab79b92f7, raftlog=279bca68-3e74-4690-81cf-da5ab79b92f7@group-AF49A4A4CA2A-SegmentedRaftLog:OPENED:c-1,f-1,i0, conf=-1: [daebe4f8-0ad9-4eb2-8ed7-3a8051847eb6:192.168.69.118:44860, 389d5540-641f-48c2-a9df-60738dbad976:192.168.69.118:45712, 279bca68-3e74-4690-81cf-da5ab79b92f7:192.168.69.118:45510], old=null
2019-10-23 12:36:15,941 [279bca68-3e74-4690-81cf-da5ab79b92f7@group-AF49A4A4CA2A-LeaderElection81] INFO  impl.RaftServerImpl (RaftServerImpl.java:setRole(184)) - 279bca68-3e74-4690-81cf-da5ab79b92f7@group-AF49A4A4CA2A: changes role from CANDIDATE to FOLLOWER at term 81 for DISCOVERED_A_NEW_TERM
2019-10-23 12:36:15,941 [279bca68-3e74-4690-81cf-da5ab79b92f7@group-AF49A4A4CA2A-LeaderElection81] INFO  impl.RoleInfo (RoleInfo.java:shutdownLeaderElection(134)) - 279bca68-3e74-4690-81cf-da5ab79b92f7: shutdown LeaderElection
2019-10-23 12:36:15,941 [279bca68-3e74-4690-81cf-da5ab79b92f7@group-AF49A4A4CA2A-LeaderElection81] INFO  impl.RoleInfo (RoleInfo.java:updateAndGet(143)) - 279bca68-3e74-4690-81cf-da5ab79b92f7: start FollowerState
2019-10-23 12:36:16,052 [Thread-744] INFO  impl.FollowerState (FollowerState.java:run(108)) - 279bca68-3e74-4690-81cf-da5ab79b92f7@group-AF49A4A4CA2A-FollowerState: change to CANDIDATE, lastRpcTime:110ms, electionTimeout:110ms
2019-10-23 12:36:16,052 [Thread-744] INFO  impl.RoleInfo (RoleInfo.java:shutdownFollowerState(121)) - 279bca68-3e74-4690-81cf-da5ab79b92f7: shutdown FollowerState
2019-10-23 12:36:16,052 [Thread-744] INFO  impl.RaftServerImpl (RaftServerImpl.java:setRole(184)) - 279bca68-3e74-4690-81cf-da5ab79b92f7@group-AF49A4A4CA2A: changes role from  FOLLOWER to CANDIDATE at term 81 for changeToCandidate
2019-10-23 12:36:16,052 [Thread-744] INFO  impl.RoleInfo (RoleInfo.java:updateAndGet(143)) - 279bca68-3e74-4690-81cf-da5ab79b92f7: start LeaderElection
2019-10-23 12:36:16,065 [279bca68-3e74-4690-81cf-da5ab79b92f7@group-AF49A4A4CA2A-LeaderElection82] INFO  impl.LeaderElection (LeaderElection.java:askForVotes(178)) - 279bca68-3e74-4690-81cf-da5ab79b92f7@group-AF49A4A4CA2A-LeaderElection82: begin an election at term 82 for -1: [daebe4f8-0ad9-4eb2-8ed7-3a8051847eb6:192.168.69.118:44860, 389d5540-641f-48c2-a9df-60738dbad976:192.168.69.118:45712, 279bca68-3e74-4690-81cf-da5ab79b92f7:192.168.69.118:45510], old=null
2019-10-23 12:36:16,068 [grpc-default-executor-0] INFO  impl.RaftServerImpl (RaftServerImpl.java:setRole(184)) - daebe4f8-0ad9-4eb2-8ed7-3a8051847eb6@group-AF49A4A4CA2A: changes role from  FOLLOWER to FOLLOWER at term 82 for recognizeCandidate:279bca68-3e74-4690-81cf-da5ab79b92f7
2019-10-23 12:36:16,068 [grpc-default-executor-0] INFO  impl.RoleInfo (RoleInfo.java:shutdownFollowerState(121)) - daebe4f8-0ad9-4eb2-8ed7-3a8051847eb6: shutdown FollowerState
2019-10-23 12:36:16,069 [grpc-default-executor-3] INFO  impl.RaftServerImpl (RaftServerImpl.java:setRole(184)) - 389d5540-641f-48c2-a9df-60738dbad976@group-AF49A4A4CA2A: changes role from  FOLLOWER to FOLLOWER at term 82 for recognizeCandidate:279bca68-3e74-4690-81cf-da5ab79b92f7
2019-10-23 12:36:16,069 [Thread-742] INFO  impl.FollowerState (FollowerState.java:run(117)) - daebe4f8-0ad9-4eb2-8ed7-3a8051847eb6@group-AF49A4A4CA2A-FollowerState was interrupted: java.lang.InterruptedException: sleep interrupted
2019-10-23 12:36:16,069 [grpc-default-executor-0] INFO  impl.RoleInfo (RoleInfo.java:updateAndGet(143)) - daebe4f8-0ad9-4eb2-8ed7-3a8051847eb6: start FollowerState
2019-10-23 12:36:16,069 [grpc-default-executor-3] INFO  impl.RoleInfo (RoleInfo.java:shutdownFollowerState(121)) - 389d5540-641f-48c2-a9df-60738dbad976: shutdown FollowerState
2019-10-23 12:36:16,069 [grpc-default-executor-3] INFO  impl.RoleInfo (RoleInfo.java:updateAndGet(143)) - 389d5540-641f-48c2-a9df-60738dbad976: start FollowerState
2019-10-23 12:36:16,069 [Thread-743] INFO  impl.FollowerState (FollowerState.java:run(117)) - 389d5540-641f-48c2-a9df-60738dbad976@group-AF49A4A4CA2A-FollowerState was interrupted: java.lang.InterruptedException: sleep interrupted
2019-10-23 12:36:16,096 [279bca68-3e74-4690-81cf-da5ab79b92f7@group-AF49A4A4CA2A-LeaderElection82] INFO  impl.LeaderElection (LeaderElection.java:logAndReturn(56)) - 279bca68-3e74-4690-81cf-da5ab79b92f7@group-AF49A4A4CA2A-LeaderElection82: Election REJECTED; received 2 response(s) [279bca68-3e74-4690-81cf-da5ab79b92f7<-daebe4f8-0ad9-4eb2-8ed7-3a8051847eb6#0:FAIL-t82, 279bca68-3e74-4690-81cf-da5ab79b92f7<-389d5540-641f-48c2-a9df-60738dbad976#0:FAIL-t82] and 0 exception(s); 279bca68-3e74-4690-81cf-da5ab79b92f7@group-AF49A4A4CA2A:t82, leader=null, voted=279bca68-3e74-4690-81cf-da5ab79b92f7, raftlog=279bca68-3e74-4690-81cf-da5ab79b92f7@group-AF49A4A4CA2A-SegmentedRaftLog:OPENED:c-1,f-1,i0, conf=-1: [daebe4f8-0ad9-4eb2-8ed7-3a8051847eb6:192.168.69.118:44860, 389d5540-641f-48c2-a9df-60738dbad976:192.168.69.118:45712, 279bca68-3e74-4690-81cf-da5ab79b92f7:192.168.69.118:45510], old=null
2019-10-23 12:36:16,096 [279bca68-3e74-4690-81cf-da5ab79b92f7@group-AF49A4A4CA2A-LeaderElection82] INFO  impl.RaftServerImpl (RaftServerImpl.java:setRole(184)) - 279bca68-3e74-4690-81cf-da5ab79b92f7@group-AF49A4A4CA2A: changes role from CANDIDATE to FOLLOWER at term 82 for DISCOVERED_A_NEW_TERM
2019-10-23 12:36:16,096 [279bca68-3e74-4690-81cf-da5ab79b92f7@group-AF49A4A4CA2A-LeaderElection82] INFO  impl.RoleInfo (RoleInfo.java:shutdownLeaderElection(134)) - 279bca68-3e74-4690-81cf-da5ab79b92f7: shutdown LeaderElection
2019-10-23 12:36:16,096 [279bca68-3e74-4690-81cf-da5ab79b92f7@group-AF49A4A4CA2A-LeaderElection82] INFO  impl.RoleInfo (RoleInfo.java:updateAndGet(143)) - 279bca68-3e74-4690-81cf-da5ab79b92f7: start FollowerState
2019-10-23 12:36:16,144 [Thread-750] INFO  impl.FollowerState (FollowerState.java:run(108)) - 279bca68-3e74-4690-81cf-da5ab79b92f7@group-AF49A4A4CA2A-FollowerState: change to CANDIDATE, lastRpcTime:47ms, electionTimeout:47ms
2019-10-23 12:36:16,144 [Thread-750] INFO  impl.RoleInfo (RoleInfo.java:shutdownFollowerState(121)) - 279bca68-3e74-4690-81cf-da5ab79b92f7: shutdown FollowerState
2019-10-23 12:36:16,144 [Thread-750] INFO  impl.RaftServerImpl (RaftServerImpl.java:setRole(184)) - 279bca68-3e74-4690-81cf-da5ab79b92f7@group-AF49A4A4CA2A: changes role from  FOLLOWER to CANDIDATE at term 82 for changeToCandidate
2019-10-23 12:36:16,144 [Thread-750] INFO  impl.RoleInfo (RoleInfo.java:updateAndGet(143)) - 279bca68-3e74-4690-81cf-da5ab79b92f7: start LeaderElection
2019-10-23 12:36:16,157 [279bca68-3e74-4690-81cf-da5ab79b92f7@group-AF49A4A4CA2A-LeaderElection83] INFO  impl.LeaderElection (LeaderElection.java:askForVotes(178)) - 279bca68-3e74-4690-81cf-da5ab79b92f7@group-AF49A4A4CA2A-LeaderElection83: begin an election at term 83 for -1: [daebe4f8-0ad9-4eb2-8ed7-3a8051847eb6:192.168.69.118:44860, 389d5540-641f-48c2-a9df-60738dbad976:192.168.69.118:45712, 279bca68-3e74-4690-81cf-da5ab79b92f7:192.168.69.118:45510], old=null
2019-10-23 12:36:16,160 [grpc-default-executor-3] INFO  impl.RaftServerImpl (RaftServerImpl.java:setRole(184)) - daebe4f8-0ad9-4eb2-8ed7-3a8051847eb6@group-AF49A4A4CA2A: changes role from  FOLLOWER to FOLLOWER at term 83 for recognizeCandidate:279bca68-3e74-4690-81cf-da5ab79b92f7
2019-10-23 12:36:16,160 [grpc-default-executor-0] INFO  impl.RaftServerImpl (RaftServerImpl.java:setRole(184)) - 389d5540-641f-48c2-a9df-60738dbad976@group-AF49A4A4CA2A: changes role from  FOLLOWER to FOLLOWER at term 83 for recognizeCandidate:279bca68-3e74-4690-81cf-da5ab79b92f7
2019-10-23 12:36:16,160 [grpc-default-executor-3] INFO  impl.RoleInfo (RoleInfo.java:shutdownFollowerState(121)) - daebe4f8-0ad9-4eb2-8ed7-3a8051847eb6: shutdown FollowerState
2019-10-23 12:36:16,160 [grpc-default-executor-0] INFO  impl.RoleInfo (RoleInfo.java:shutdownFollowerState(121)) - 389d5540-641f-48c2-a9df-60738dbad976: shutdown FollowerState
2019-10-23 12:36:16,160 [Thread-748] INFO  impl.FollowerState (FollowerState.java:run(117)) - daebe4f8-0ad9-4eb2-8ed7-3a8051847eb6@group-AF49A4A4CA2A-FollowerState was interrupted: java.lang.InterruptedException: sleep interrupted
2019-10-23 12:36:16,160 [grpc-default-executor-3] INFO  impl.RoleInfo (RoleInfo.java:updateAndGet(143)) - daebe4f8-0ad9-4eb2-8ed7-3a8051847eb6: start FollowerState
2019-10-23 12:36:16,161 [Thread-749] INFO  impl.FollowerState (FollowerState.java:run(117)) - 389d5540-641f-48c2-a9df-60738dbad976@group-AF49A4A4CA2A-FollowerState was interrupted: java.lang.InterruptedException: sleep interrupted
2019-10-23 12:36:16,161 [grpc-default-executor-0] INFO  impl.RoleInfo (RoleInfo.java:updateAndGet(143)) - 389d5540-641f-48c2-a9df-60738dbad976: start FollowerState
2019-10-23 12:36:16,176 [279bca68-3e74-4690-81cf-da5ab79b92f7@group-AF49A4A4CA2A-LeaderElection83] INFO  impl.LeaderElection (LeaderElection.java:logAndReturn(56)) - 279bca68-3e74-4690-81cf-da5ab79b92f7@group-AF49A4A4CA2A-LeaderElection83: Election REJECTED; received 2 response(s) [279bca68-3e74-4690-81cf-da5ab79b92f7<-daebe4f8-0ad9-4eb2-8ed7-3a8051847eb6#0:FAIL-t83, 279bca68-3e74-4690-81cf-da5ab79b92f7<-389d5540-641f-48c2-a9df-60738dbad976#0:FAIL-t83] and 0 exception(s); 279bca68-3e74-4690-81cf-da5ab79b92f7@group-AF49A4A4CA2A:t83, leader=null, voted=279bca68-3e74-4690-81cf-da5ab79b92f7, raftlog=279bca68-3e74-4690-81cf-da5ab79b92f7@group-AF49A4A4CA2A-SegmentedRaftLog:OPENED:c-1,f-1,i0, conf=-1: [daebe4f8-0ad9-4eb2-8ed7-3a8051847eb6:192.168.69.118:44860, 389d5540-641f-48c2-a9df-60738dbad976:192.168.69.118:45712, 279bca68-3e74-4690-81cf-da5ab79b92f7:192.168.69.118:45510], old=null
2019-10-23 12:36:16,176 [279bca68-3e74-4690-81cf-da5ab79b92f7@group-AF49A4A4CA2A-LeaderElection83] INFO  impl.RaftServerImpl (RaftServerImpl.java:setRole(184)) - 279bca68-3e74-4690-81cf-da5ab79b92f7@group-AF49A4A4CA2A: changes role from CANDIDATE to FOLLOWER at term 83 for DISCOVERED_A_NEW_TERM
2019-10-23 12:36:16,176 [279bca68-3e74-4690-81cf-da5ab79b92f7@group-AF49A4A4CA2A-LeaderElection83] INFO  impl.RoleInfo (RoleInfo.java:shutdownLeaderElection(134)) - 279bca68-3e74-4690-81cf-da5ab79b92f7: shutdown LeaderElection
2019-10-23 12:36:16,176 [279bca68-3e74-4690-81cf-da5ab79b92f7@group-AF49A4A4CA2A-LeaderElection83] INFO  impl.RoleInfo (RoleInfo.java:updateAndGet(143)) - 279bca68-3e74-4690-81cf-da5ab79b92f7: start FollowerState
2019-10-23 12:36:16,319 [Thread-756] INFO  impl.FollowerState (FollowerState.java:run(108)) - 279bca68-3e74-4690-81cf-da5ab79b92f7@group-AF49A4A4CA2A-FollowerState: change to CANDIDATE, lastRpcTime:142ms, electionTimeout:142ms
2019-10-23 12:36:16,319 [Thread-756] INFO  impl.RoleInfo (RoleInfo.java:shutdownFollowerState(121)) - 279bca68-3e74-4690-81cf-da5ab79b92f7: shutdown FollowerState
2019-10-23 12:36:16,319 [Thread-756] INFO  impl.RaftServerImpl (RaftServerImpl.java:setRole(184)) - 279bca68-3e74-4690-81cf-da5ab79b92f7@group-AF49A4A4CA2A: changes role from  FOLLOWER to CANDIDATE at term 83 for changeToCandidate
2019-10-23 12:36:16,319 [Thread-756] INFO  impl.RoleInfo (RoleInfo.java:updateAndGet(143)) - 279bca68-3e74-4690-81cf-da5ab79b92f7: start LeaderElection
2019-10-23 12:36:16,332 [279bca68-3e74-4690-81cf-da5ab79b92f7@group-AF49A4A4CA2A-LeaderElection84] INFO  impl.LeaderElection (LeaderElection.java:askForVotes(178)) - 279bca68-3e74-4690-81cf-da5ab79b92f7@group-AF49A4A4CA2A-LeaderElection84: begin an election at term 84 for -1: [daebe4f8-0ad9-4eb2-8ed7-3a8051847eb6:192.168.69.118:44860, 389d5540-641f-48c2-a9df-60738dbad976:192.168.69.118:45712, 279bca68-3e74-4690-81cf-da5ab79b92f7:192.168.69.118:45510], old=null
2019-10-23 12:36:16,335 [grpc-default-executor-3] INFO  impl.RaftServerImpl (RaftServerImpl.java:setRole(184)) - daebe4f8-0ad9-4eb2-8ed7-3a8051847eb6@group-AF49A4A4CA2A: changes role from  FOLLOWER to FOLLOWER at term 84 for recognizeCandidate:279bca68-3e74-4690-81cf-da5ab79b92f7
2019-10-23 12:36:16,335 [grpc-default-executor-0] INFO  impl.RaftServerImpl (RaftServerImpl.java:setRole(184)) - 389d5540-641f-48c2-a9df-60738dbad976@group-AF49A4A4CA2A: changes role from  FOLLOWER to FOLLOWER at term 84 for recognizeCandidate:279bca68-3e74-4690-81cf-da5ab79b92f7
2019-10-23 12:36:16,335 [grpc-default-executor-3] INFO  impl.RoleInfo (RoleInfo.java:shutdownFollowerState(121)) - daebe4f8-0ad9-4eb2-8ed7-3a8051847eb6: shutdown FollowerState
2019-10-23 12:36:16,335 [grpc-default-executor-0] INFO  impl.RoleInfo (RoleInfo.java:shutdownFollowerState(121)) - 389d5540-641f-48c2-a9df-60738dbad976: shutdown FollowerState
2019-10-23 12:36:16,335 [Thread-754] INFO  impl.FollowerState (FollowerState.java:run(117)) - daebe4f8-0ad9-4eb2-8ed7-3a8051847eb6@group-AF49A4A4CA2A-FollowerState was interrupted: java.lang.InterruptedException: sleep interrupted
2019-10-23 12:36:16,335 [grpc-default-executor-3] INFO  impl.RoleInfo (RoleInfo.java:updateAndGet(143)) - daebe4f8-0ad9-4eb2-8ed7-3a8051847eb6: start FollowerState
2019-10-23 12:36:16,336 [Thread-755] INFO  impl.FollowerState (FollowerState.java:run(117)) - 389d5540-641f-48c2-a9df-60738dbad976@group-AF49A4A4CA2A-FollowerState was interrupted: java.lang.InterruptedException: sleep interrupted
2019-10-23 12:36:16,336 [grpc-default-executor-0] INFO  impl.RoleInfo (RoleInfo.java:updateAndGet(143)) - 389d5540-641f-48c2-a9df-60738dbad976: start FollowerState
2019-10-23 12:36:16,351 [279bca68-3e74-4690-81cf-da5ab79b92f7@group-AF49A4A4CA2A-LeaderElection84] INFO  impl.LeaderElection (LeaderElection.java:logAndReturn(56)) - 279bca68-3e74-4690-81cf-da5ab79b92f7@group-AF49A4A4CA2A-LeaderElection84: Election REJECTED; received 2 response(s) [279bca68-3e74-4690-81cf-da5ab79b92f7<-daebe4f8-0ad9-4eb2-8ed7-3a8051847eb6#0:FAIL-t84, 279bca68-3e74-4690-81cf-da5ab79b92f7<-389d5540-641f-48c2-a9df-60738dbad976#0:FAIL-t84] and 0 exception(s); 279bca68-3e74-4690-81cf-da5ab79b92f7@group-AF49A4A4CA2A:t84, leader=null, voted=279bca68-3e74-4690-81cf-da5ab79b92f7, raftlog=279bca68-3e74-4690-81cf-da5ab79b92f7@group-AF49A4A4CA2A-SegmentedRaftLog:OPENED:c-1,f-1,i0, conf=-1: [daebe4f8-0ad9-4eb2-8ed7-3a8051847eb6:192.168.69.118:44860, 389d5540-641f-48c2-a9df-60738dbad976:192.168.69.118:45712, 279bca68-3e74-4690-81cf-da5ab79b92f7:192.168.69.118:45510], old=null
2019-10-23 12:36:16,351 [279bca68-3e74-4690-81cf-da5ab79b92f7@group-AF49A4A4CA2A-LeaderElection84] INFO  impl.RaftServerImpl (RaftServerImpl.java:setRole(184)) - 279bca68-3e74-4690-81cf-da5ab79b92f7@group-AF49A4A4CA2A: changes role from CANDIDATE to FOLLOWER at term 84 for DISCOVERED_A_NEW_TERM
2019-10-23 12:36:16,351 [279bca68-3e74-4690-81cf-da5ab79b92f7@group-AF49A4A4CA2A-LeaderElection84] INFO  impl.RoleInfo (RoleInfo.java:shutdownLeaderElection(134)) - 279bca68-3e74-4690-81cf-da5ab79b92f7: shutdown LeaderElection
2019-10-23 12:36:16,351 [279bca68-3e74-4690-81cf-da5ab79b92f7@group-AF49A4A4CA2A-LeaderElection84] INFO  impl.RoleInfo (RoleInfo.java:updateAndGet(143)) - 279bca68-3e74-4690-81cf-da5ab79b92f7: start FollowerState
2019-10-23 12:36:16,364 [Thread-762] INFO  impl.FollowerState (FollowerState.java:run(108)) - 279bca68-3e74-4690-81cf-da5ab79b92f7@group-AF49A4A4CA2A-FollowerState: change to CANDIDATE, lastRpcTime:12ms, electionTimeout:12ms
2019-10-23 12:36:16,364 [Thread-762] INFO  impl.RoleInfo (RoleInfo.java:shutdownFollowerState(121)) - 279bca68-3e74-4690-81cf-da5ab79b92f7: shutdown FollowerState
2019-10-23 12:36:16,364 [Thread-762] INFO  impl.RaftServerImpl (RaftServerImpl.java:setRole(184)) - 279bca68-3e74-4690-81cf-da5ab79b92f7@group-AF49A4A4CA2A: changes role from  FOLLOWER to CANDIDATE at term 84 for changeToCandidate
2019-10-23 12:36:16,364 [Thread-762] INFO  impl.RoleInfo (RoleInfo.java:updateAndGet(143)) - 279bca68-3e74-4690-81cf-da5ab79b92f7: start LeaderElection
2019-10-23 12:36:16,377 [279bca68-3e74-4690-81cf-da5ab79b92f7@group-AF49A4A4CA2A-LeaderElection85] INFO  impl.LeaderElection (LeaderElection.java:askForVotes(178)) - 279bca68-3e74-4690-81cf-da5ab79b92f7@group-AF49A4A4CA2A-LeaderElection85: begin an election at term 85 for -1: [daebe4f8-0ad9-4eb2-8ed7-3a8051847eb6:192.168.69.118:44860, 389d5540-641f-48c2-a9df-60738dbad976:192.168.69.118:45712, 279bca68-3e74-4690-81cf-da5ab79b92f7:192.168.69.118:45510], old=null
2019-10-23 12:36:16,379 [grpc-default-executor-0] INFO  impl.RaftServerImpl (RaftServerImpl.java:setRole(184)) - daebe4f8-0ad9-4eb2-8ed7-3a8051847eb6@group-AF49A4A4CA2A: changes role from  FOLLOWER to FOLLOWER at term 85 for recognizeCandidate:279bca68-3e74-4690-81cf-da5ab79b92f7
2019-10-23 12:36:16,379 [grpc-default-executor-0] INFO  impl.RoleInfo (RoleInfo.java:shutdownFollowerState(121)) - daebe4f8-0ad9-4eb2-8ed7-3a8051847eb6: shutdown FollowerState
2019-10-23 12:36:16,379 [grpc-default-executor-0] INFO  impl.RoleInfo (RoleInfo.java:updateAndGet(143)) - daebe4f8-0ad9-4eb2-8ed7-3a8051847eb6: start FollowerState
2019-10-23 12:36:16,380 [grpc-default-executor-3] INFO  impl.RaftServerImpl (RaftServerImpl.java:setRole(184)) - 389d5540-641f-48c2-a9df-60738dbad976@group-AF49A4A4CA2A: changes role from  FOLLOWER to FOLLOWER at term 85 for recognizeCandidate:279bca68-3e74-4690-81cf-da5ab79b92f7
2019-10-23 12:36:16,379 [Thread-760] INFO  impl.FollowerState (FollowerState.java:run(117)) - daebe4f8-0ad9-4eb2-8ed7-3a8051847eb6@group-AF49A4A4CA2A-FollowerState was interrupted: java.lang.InterruptedException: sleep interrupted
2019-10-23 12:36:16,380 [grpc-default-executor-3] INFO  impl.RoleInfo (RoleInfo.java:shutdownFollowerState(121)) - 389d5540-641f-48c2-a9df-60738dbad976: shutdown FollowerState
2019-10-23 12:36:16,380 [grpc-default-executor-3] INFO  impl.RoleInfo (RoleInfo.java:updateAndGet(143)) - 389d5540-641f-48c2-a9df-60738dbad976: start FollowerState
2019-10-23 12:36:16,380 [Thread-761] INFO  impl.FollowerState (FollowerState.java:run(117)) - 389d5540-641f-48c2-a9df-60738dbad976@group-AF49A4A4CA2A-FollowerState was interrupted: java.lang.InterruptedException: sleep interrupted
2019-10-23 12:36:16,394 [279bca68-3e74-4690-81cf-da5ab79b92f7@group-AF49A4A4CA2A-LeaderElection85] INFO  impl.LeaderElection (LeaderElection.java:logAndReturn(56)) - 279bca68-3e74-4690-81cf-da5ab79b92f7@group-AF49A4A4CA2A-LeaderElection85: Election REJECTED; received 2 response(s) [279bca68-3e74-4690-81cf-da5ab79b92f7<-daebe4f8-0ad9-4eb2-8ed7-3a8051847eb6#0:FAIL-t85, 279bca68-3e74-4690-81cf-da5ab79b92f7<-389d5540-641f-48c2-a9df-60738dbad976#0:FAIL-t85] and 0 exception(s); 279bca68-3e74-4690-81cf-da5ab79b92f7@group-AF49A4A4CA2A:t85, leader=null, voted=279bca68-3e74-4690-81cf-da5ab79b92f7, raftlog=279bca68-3e74-4690-81cf-da5ab79b92f7@group-AF49A4A4CA2A-SegmentedRaftLog:OPENED:c-1,f-1,i0, conf=-1: [daebe4f8-0ad9-4eb2-8ed7-3a8051847eb6:192.168.69.118:44860, 389d5540-641f-48c2-a9df-60738dbad976:192.168.69.118:45712, 279bca68-3e74-4690-81cf-da5ab79b92f7:192.168.69.118:45510], old=null
2019-10-23 12:36:16,394 [279bca68-3e74-4690-81cf-da5ab79b92f7@group-AF49A4A4CA2A-LeaderElection85] INFO  impl.RaftServerImpl (RaftServerImpl.java:setRole(184)) - 279bca68-3e74-4690-81cf-da5ab79b92f7@group-AF49A4A4CA2A: changes role from CANDIDATE to FOLLOWER at term 85 for DISCOVERED_A_NEW_TERM
2019-10-23 12:36:16,395 [279bca68-3e74-4690-81cf-da5ab79b92f7@group-AF49A4A4CA2A-LeaderElection85] INFO  impl.RoleInfo (RoleInfo.java:shutdownLeaderElection(134)) - 279bca68-3e74-4690-81cf-da5ab79b92f7: shutdown LeaderElection
2019-10-23 12:36:16,395 [279bca68-3e74-4690-81cf-da5ab79b92f7@group-AF49A4A4CA2A-LeaderElection85] INFO  impl.RoleInfo (RoleInfo.java:updateAndGet(143)) - 279bca68-3e74-4690-81cf-da5ab79b92f7: start FollowerState
2019-10-23 12:36:16,421 [Thread-768] INFO  impl.FollowerState (FollowerState.java:run(108)) - 279bca68-3e74-4690-81cf-da5ab79b92f7@group-AF49A4A4CA2A-FollowerState: change to CANDIDATE, lastRpcTime:26ms, electionTimeout:26ms
2019-10-23 12:36:16,421 [Thread-768] INFO  impl.RoleInfo (RoleInfo.java:shutdownFollowerState(121)) - 279bca68-3e74-4690-81cf-da5ab79b92f7: shutdown FollowerState
2019-10-23 12:36:16,421 [Thread-768] INFO  impl.RaftServerImpl (RaftServerImpl.java:setRole(184)) - 279bca68-3e74-4690-81cf-da5ab79b92f7@group-AF49A4A4CA2A: changes role from  FOLLOWER to CANDIDATE at term 85 for changeToCandidate
2019-10-23 12:36:16,422 [Thread-768] INFO  impl.RoleInfo (RoleInfo.java:updateAndGet(143)) - 279bca68-3e74-4690-81cf-da5ab79b92f7: start LeaderElection
2019-10-23 12:36:16,435 [279bca68-3e74-4690-81cf-da5ab79b92f7@group-AF49A4A4CA2A-LeaderElection86] INFO  impl.LeaderElection (LeaderElection.java:askForVotes(178)) - 279bca68-3e74-4690-81cf-da5ab79b92f7@group-AF49A4A4CA2A-LeaderElection86: begin an election at term 86 for -1: [daebe4f8-0ad9-4eb2-8ed7-3a8051847eb6:192.168.69.118:44860, 389d5540-641f-48c2-a9df-60738dbad976:192.168.69.118:45712, 279bca68-3e74-4690-81cf-da5ab79b92f7:192.168.69.118:45510], old=null
2019-10-23 12:36:16,437 [grpc-default-executor-0] INFO  impl.RaftServerImpl (RaftServerImpl.java:setRole(184)) - daebe4f8-0ad9-4eb2-8ed7-3a8051847eb6@group-AF49A4A4CA2A: changes role from  FOLLOWER to FOLLOWER at term 86 for recognizeCandidate:279bca68-3e74-4690-81cf-da5ab79b92f7
2019-10-23 12:36:16,437 [grpc-default-executor-0] INFO  impl.RoleInfo (RoleInfo.java:shutdownFollowerState(121)) - daebe4f8-0ad9-4eb2-8ed7-3a8051847eb6: shutdown FollowerState
2019-10-23 12:36:16,437 [grpc-default-executor-0] INFO  impl.RoleInfo (RoleInfo.java:updateAndGet(143)) - daebe4f8-0ad9-4eb2-8ed7-3a8051847eb6: start FollowerState
2019-10-23 12:36:16,437 [grpc-default-executor-3] INFO  impl.RaftServerImpl (RaftServerImpl.java:setRole(184)) - 389d5540-641f-48c2-a9df-60738dbad976@group-AF49A4A4CA2A: changes role from  FOLLOWER to FOLLOWER at term 86 for recognizeCandidate:279bca68-3e74-4690-81cf-da5ab79b92f7
2019-10-23 12:36:16,438 [grpc-default-executor-3] INFO  impl.RoleInfo (RoleInfo.java:shutdownFollowerState(121)) - 389d5540-641f-48c2-a9df-60738dbad976: shutdown FollowerState
2019-10-23 12:36:16,437 [Thread-766] INFO  impl.FollowerState (FollowerState.java:run(117)) - daebe4f8-0ad9-4eb2-8ed7-3a8051847eb6@group-AF49A4A4CA2A-FollowerState was interrupted: java.lang.InterruptedException: sleep interrupted
2019-10-23 12:36:16,438 [Thread-767] INFO  impl.FollowerState (FollowerState.java:run(117)) - 389d5540-641f-48c2-a9df-60738dbad976@group-AF49A4A4CA2A-FollowerState was interrupted: java.lang.InterruptedException: sleep interrupted
2019-10-23 12:36:16,438 [grpc-default-executor-3] INFO  impl.RoleInfo (RoleInfo.java:updateAndGet(143)) - 389d5540-641f-48c2-a9df-60738dbad976: start FollowerState
2019-10-23 12:36:16,452 [279bca68-3e74-4690-81cf-da5ab79b92f7@group-AF49A4A4CA2A-LeaderElection86] INFO  impl.LeaderElection (LeaderElection.java:logAndReturn(56)) - 279bca68-3e74-4690-81cf-da5ab79b92f7@group-AF49A4A4CA2A-LeaderElection86: Election REJECTED; received 2 response(s) [279bca68-3e74-4690-81cf-da5ab79b92f7<-daebe4f8-0ad9-4eb2-8ed7-3a8051847eb6#0:FAIL-t86, 279bca68-3e74-4690-81cf-da5ab79b92f7<-389d5540-641f-48c2-a9df-60738dbad976#0:FAIL-t86] and 0 exception(s); 279bca68-3e74-4690-81cf-da5ab79b92f7@group-AF49A4A4CA2A:t86, leader=null, voted=279bca68-3e74-4690-81cf-da5ab79b92f7, raftlog=279bca68-3e74-4690-81cf-da5ab79b92f7@group-AF49A4A4CA2A-SegmentedRaftLog:OPENED:c-1,f-1,i0, conf=-1: [daebe4f8-0ad9-4eb2-8ed7-3a8051847eb6:192.168.69.118:44860, 389d5540-641f-48c2-a9df-60738dbad976:192.168.69.118:45712, 279bca68-3e74-4690-81cf-da5ab79b92f7:192.168.69.118:45510], old=null
2019-10-23 12:36:16,452 [279bca68-3e74-4690-81cf-da5ab79b92f7@group-AF49A4A4CA2A-LeaderElection86] INFO  impl.RaftServerImpl (RaftServerImpl.java:setRole(184)) - 279bca68-3e74-4690-81cf-da5ab79b92f7@group-AF49A4A4CA2A: changes role from CANDIDATE to FOLLOWER at term 86 for DISCOVERED_A_NEW_TERM
2019-10-23 12:36:16,453 [279bca68-3e74-4690-81cf-da5ab79b92f7@group-AF49A4A4CA2A-LeaderElection86] INFO  impl.RoleInfo (RoleInfo.java:shutdownLeaderElection(134)) - 279bca68-3e74-4690-81cf-da5ab79b92f7: shutdown LeaderElection
2019-10-23 12:36:16,453 [279bca68-3e74-4690-81cf-da5ab79b92f7@group-AF49A4A4CA2A-LeaderElection86] INFO  impl.RoleInfo (RoleInfo.java:updateAndGet(143)) - 279bca68-3e74-4690-81cf-da5ab79b92f7: start FollowerState
2019-10-23 12:36:16,570 [Thread-774] INFO  impl.FollowerState (FollowerState.java:run(108)) - 279bca68-3e74-4690-81cf-da5ab79b92f7@group-AF49A4A4CA2A-FollowerState: change to CANDIDATE, lastRpcTime:117ms, electionTimeout:117ms
2019-10-23 12:36:16,571 [Thread-774] INFO  impl.RoleInfo (RoleInfo.java:shutdownFollowerState(121)) - 279bca68-3e74-4690-81cf-da5ab79b92f7: shutdown FollowerState
2019-10-23 12:36:16,571 [Thread-774] INFO  impl.RaftServerImpl (RaftServerImpl.java:setRole(184)) - 279bca68-3e74-4690-81cf-da5ab79b92f7@group-AF49A4A4CA2A: changes role from  FOLLOWER to CANDIDATE at term 86 for changeToCandidate
2019-10-23 12:36:16,571 [Thread-774] INFO  impl.RoleInfo (RoleInfo.java:updateAndGet(143)) - 279bca68-3e74-4690-81cf-da5ab79b92f7: start LeaderElection
2019-10-23 12:36:16,585 [279bca68-3e74-4690-81cf-da5ab79b92f7@group-AF49A4A4CA2A-LeaderElection87] INFO  impl.LeaderElection (LeaderElection.java:askForVotes(178)) - 279bca68-3e74-4690-81cf-da5ab79b92f7@group-AF49A4A4CA2A-LeaderElection87: begin an election at term 87 for -1: [daebe4f8-0ad9-4eb2-8ed7-3a8051847eb6:192.168.69.118:44860, 389d5540-641f-48c2-a9df-60738dbad976:192.168.69.118:45712, 279bca68-3e74-4690-81cf-da5ab79b92f7:192.168.69.118:45510], old=null
2019-10-23 12:36:16,587 [grpc-default-executor-3] INFO  impl.RaftServerImpl (RaftServerImpl.java:setRole(184)) - daebe4f8-0ad9-4eb2-8ed7-3a8051847eb6@group-AF49A4A4CA2A: changes role from  FOLLOWER to FOLLOWER at term 87 for recognizeCandidate:279bca68-3e74-4690-81cf-da5ab79b92f7
2019-10-23 12:36:16,587 [grpc-default-executor-3] INFO  impl.RoleInfo (RoleInfo.java:shutdownFollowerState(121)) - daebe4f8-0ad9-4eb2-8ed7-3a8051847eb6: shutdown FollowerState
2019-10-23 12:36:16,588 [grpc-default-executor-0] INFO  impl.RaftServerImpl (RaftServerImpl.java:setRole(184)) - 389d5540-641f-48c2-a9df-60738dbad976@group-AF49A4A4CA2A: changes role from  FOLLOWER to FOLLOWER at term 87 for recognizeCandidate:279bca68-3e74-4690-81cf-da5ab79b92f7
2019-10-23 12:36:16,588 [grpc-default-executor-3] INFO  impl.RoleInfo (RoleInfo.java:updateAndGet(143)) - daebe4f8-0ad9-4eb2-8ed7-3a8051847eb6: start FollowerState
2019-10-23 12:36:16,588 [Thread-772] INFO  impl.FollowerState (FollowerState.java:run(117)) - daebe4f8-0ad9-4eb2-8ed7-3a8051847eb6@group-AF49A4A4CA2A-FollowerState was interrupted: java.lang.InterruptedException: sleep interrupted
2019-10-23 12:36:16,588 [grpc-default-executor-0] INFO  impl.RoleInfo (RoleInfo.java:shutdownFollowerState(121)) - 389d5540-641f-48c2-a9df-60738dbad976: shutdown FollowerState
2019-10-23 12:36:16,588 [grpc-default-executor-0] INFO  impl.RoleInfo (RoleInfo.java:updateAndGet(143)) - 389d5540-641f-48c2-a9df-60738dbad976: start FollowerState
2019-10-23 12:36:16,588 [Thread-773] INFO  impl.FollowerState (FollowerState.java:run(117)) - 389d5540-641f-48c2-a9df-60738dbad976@group-AF49A4A4CA2A-FollowerState was interrupted: java.lang.InterruptedException: sleep interrupted
2019-10-23 12:36:16,604 [279bca68-3e74-4690-81cf-da5ab79b92f7@group-AF49A4A4CA2A-LeaderElection87] INFO  impl.LeaderElection (LeaderElection.java:logAndReturn(56)) - 279bca68-3e74-4690-81cf-da5ab79b92f7@group-AF49A4A4CA2A-LeaderElection87: Election REJECTED; received 2 response(s) [279bca68-3e74-4690-81cf-da5ab79b92f7<-daebe4f8-0ad9-4eb2-8ed7-3a8051847eb6#0:FAIL-t87, 279bca68-3e74-4690-81cf-da5ab79b92f7<-389d5540-641f-48c2-a9df-60738dbad976#0:FAIL-t87] and 0 exception(s); 279bca68-3e74-4690-81cf-da5ab79b92f7@group-AF49A4A4CA2A:t87, leader=null, voted=279bca68-3e74-4690-81cf-da5ab79b92f7, raftlog=279bca68-3e74-4690-81cf-da5ab79b92f7@group-AF49A4A4CA2A-SegmentedRaftLog:OPENED:c-1,f-1,i0, conf=-1: [daebe4f8-0ad9-4eb2-8ed7-3a8051847eb6:192.168.69.118:44860, 389d5540-641f-48c2-a9df-60738dbad976:192.168.69.118:45712, 279bca68-3e74-4690-81cf-da5ab79b92f7:192.168.69.118:45510], old=null
2019-10-23 12:36:16,604 [279bca68-3e74-4690-81cf-da5ab79b92f7@group-AF49A4A4CA2A-LeaderElection87] INFO  impl.RaftServerImpl (RaftServerImpl.java:setRole(184)) - 279bca68-3e74-4690-81cf-da5ab79b92f7@group-AF49A4A4CA2A: changes role from CANDIDATE to FOLLOWER at term 87 for DISCOVERED_A_NEW_TERM
2019-10-23 12:36:16,604 [279bca68-3e74-4690-81cf-da5ab79b92f7@group-AF49A4A4CA2A-LeaderElection87] INFO  impl.RoleInfo (RoleInfo.java:shutdownLeaderElection(134)) - 279bca68-3e74-4690-81cf-da5ab79b92f7: shutdown LeaderElection
2019-10-23 12:36:16,604 [279bca68-3e74-4690-81cf-da5ab79b92f7@group-AF49A4A4CA2A-LeaderElection87] INFO  impl.RoleInfo (RoleInfo.java:updateAndGet(143)) - 279bca68-3e74-4690-81cf-da5ab79b92f7: start FollowerState
2019-10-23 12:36:16,745 [Thread-780] INFO  impl.FollowerState (FollowerState.java:run(108)) - 279bca68-3e74-4690-81cf-da5ab79b92f7@group-AF49A4A4CA2A-FollowerState: change to CANDIDATE, lastRpcTime:140ms, electionTimeout:140ms
2019-10-23 12:36:16,745 [Thread-780] INFO  impl.RoleInfo (RoleInfo.java:shutdownFollowerState(121)) - 279bca68-3e74-4690-81cf-da5ab79b92f7: shutdown FollowerState
2019-10-23 12:36:16,745 [Thread-780] INFO  impl.RaftServerImpl (RaftServerImpl.java:setRole(184)) - 279bca68-3e74-4690-81cf-da5ab79b92f7@group-AF49A4A4CA2A: changes role from  FOLLOWER to CANDIDATE at term 87 for changeToCandidate
2019-10-23 12:36:16,745 [Thread-780] INFO  impl.RoleInfo (RoleInfo.java:updateAndGet(143)) - 279bca68-3e74-4690-81cf-da5ab79b92f7: start LeaderElection
2019-10-23 12:36:16,759 [279bca68-3e74-4690-81cf-da5ab79b92f7@group-AF49A4A4CA2A-LeaderElection88] INFO  impl.LeaderElection (LeaderElection.java:askForVotes(178)) - 279bca68-3e74-4690-81cf-da5ab79b92f7@group-AF49A4A4CA2A-LeaderElection88: begin an election at term 88 for -1: [daebe4f8-0ad9-4eb2-8ed7-3a8051847eb6:192.168.69.118:44860, 389d5540-641f-48c2-a9df-60738dbad976:192.168.69.118:45712, 279bca68-3e74-4690-81cf-da5ab79b92f7:192.168.69.118:45510], old=null
2019-10-23 12:36:16,762 [grpc-default-executor-0] INFO  impl.RaftServerImpl (RaftServerImpl.java:setRole(184)) - 389d5540-641f-48c2-a9df-60738dbad976@group-AF49A4A4CA2A: changes role from  FOLLOWER to FOLLOWER at term 88 for recognizeCandidate:279bca68-3e74-4690-81cf-da5ab79b92f7
2019-10-23 12:36:16,762 [grpc-default-executor-0] INFO  impl.RoleInfo (RoleInfo.java:shutdownFollowerState(121)) - 389d5540-641f-48c2-a9df-60738dbad976: shutdown FollowerState
2019-10-23 12:36:16,762 [grpc-default-executor-0] INFO  impl.RoleInfo (RoleInfo.java:updateAndGet(143)) - 389d5540-641f-48c2-a9df-60738dbad976: start FollowerState
2019-10-23 12:36:16,762 [grpc-default-executor-3] INFO  impl.RaftServerImpl (RaftServerImpl.java:setRole(184)) - daebe4f8-0ad9-4eb2-8ed7-3a8051847eb6@group-AF49A4A4CA2A: changes role from  FOLLOWER to FOLLOWER at term 88 for recognizeCandidate:279bca68-3e74-4690-81cf-da5ab79b92f7
2019-10-23 12:36:16,762 [Thread-779] INFO  impl.FollowerState (FollowerState.java:run(117)) - 389d5540-641f-48c2-a9df-60738dbad976@group-AF49A4A4CA2A-FollowerState was interrupted: java.lang.InterruptedException: sleep interrupted
2019-10-23 12:36:16,762 [grpc-default-executor-3] INFO  impl.RoleInfo (RoleInfo.java:shutdownFollowerState(121)) - daebe4f8-0ad9-4eb2-8ed7-3a8051847eb6: shutdown FollowerState
2019-10-23 12:36:16,763 [grpc-default-executor-3] INFO  impl.RoleInfo (RoleInfo.java:updateAndGet(143)) - daebe4f8-0ad9-4eb2-8ed7-3a8051847eb6: start FollowerState
2019-10-23 12:36:16,763 [Thread-778] INFO  impl.FollowerState (FollowerState.java:run(117)) - daebe4f8-0ad9-4eb2-8ed7-3a8051847eb6@group-AF49A4A4CA2A-FollowerState was interrupted: java.lang.InterruptedException: sleep interrupted
2019-10-23 12:36:16,779 [279bca68-3e74-4690-81cf-da5ab79b92f7@group-AF49A4A4CA2A-LeaderElection88] INFO  impl.LeaderElection (LeaderElection.java:logAndReturn(56)) - 279bca68-3e74-4690-81cf-da5ab79b92f7@group-AF49A4A4CA2A-LeaderElection88: Election REJECTED; received 2 response(s) [279bca68-3e74-4690-81cf-da5ab79b92f7<-daebe4f8-0ad9-4eb2-8ed7-3a8051847eb6#0:FAIL-t88, 279bca68-3e74-4690-81cf-da5ab79b92f7<-389d5540-641f-48c2-a9df-60738dbad976#0:FAIL-t88] and 0 exception(s); 279bca68-3e74-4690-81cf-da5ab79b92f7@group-AF49A4A4CA2A:t88, leader=null, voted=279bca68-3e74-4690-81cf-da5ab79b92f7, raftlog=279bca68-3e74-4690-81cf-da5ab79b92f7@group-AF49A4A4CA2A-SegmentedRaftLog:OPENED:c-1,f-1,i0, conf=-1: [daebe4f8-0ad9-4eb2-8ed7-3a8051847eb6:192.168.69.118:44860, 389d5540-641f-48c2-a9df-60738dbad976:192.168.69.118:45712, 279bca68-3e74-4690-81cf-da5ab79b92f7:192.168.69.118:45510], old=null
2019-10-23 12:36:16,779 [279bca68-3e74-4690-81cf-da5ab79b92f7@group-AF49A4A4CA2A-LeaderElection88] INFO  impl.RaftServerImpl (RaftServerImpl.java:setRole(184)) - 279bca68-3e74-4690-81cf-da5ab79b92f7@group-AF49A4A4CA2A: changes role from CANDIDATE to FOLLOWER at term 88 for DISCOVERED_A_NEW_TERM
2019-10-23 12:36:16,779 [279bca68-3e74-4690-81cf-da5ab79b92f7@group-AF49A4A4CA2A-LeaderElection88] INFO  impl.RoleInfo (RoleInfo.java:shutdownLeaderElection(134)) - 279bca68-3e74-4690-81cf-da5ab79b92f7: shutdown LeaderElection
2019-10-23 12:36:16,780 [279bca68-3e74-4690-81cf-da5ab79b92f7@group-AF49A4A4CA2A-LeaderElection88] INFO  impl.RoleInfo (RoleInfo.java:updateAndGet(143)) - 279bca68-3e74-4690-81cf-da5ab79b92f7: start FollowerState
2019-10-23 12:36:16,899 [Thread-787] INFO  impl.FollowerState (FollowerState.java:run(108)) - 279bca68-3e74-4690-81cf-da5ab79b92f7@group-AF49A4A4CA2A-FollowerState: change to CANDIDATE, lastRpcTime:119ms, electionTimeout:119ms
2019-10-23 12:36:16,899 [Thread-787] INFO  impl.RoleInfo (RoleInfo.java:shutdownFollowerState(121)) - 279bca68-3e74-4690-81cf-da5ab79b92f7: shutdown FollowerState
2019-10-23 12:36:16,899 [Thread-787] INFO  impl.RaftServerImpl (RaftServerImpl.java:setRole(184)) - 279bca68-3e74-4690-81cf-da5ab79b92f7@group-AF49A4A4CA2A: changes role from  FOLLOWER to CANDIDATE at term 88 for changeToCandidate
2019-10-23 12:36:16,900 [Thread-787] INFO  impl.RoleInfo (RoleInfo.java:updateAndGet(143)) - 279bca68-3e74-4690-81cf-da5ab79b92f7: start LeaderElection
2019-10-23 12:36:16,926 [279bca68-3e74-4690-81cf-da5ab79b92f7@group-AF49A4A4CA2A-LeaderElection89] INFO  impl.LeaderElection (LeaderElection.java:askForVotes(178)) - 279bca68-3e74-4690-81cf-da5ab79b92f7@group-AF49A4A4CA2A-LeaderElection89: begin an election at term 89 for -1: [daebe4f8-0ad9-4eb2-8ed7-3a8051847eb6:192.168.69.118:44860, 389d5540-641f-48c2-a9df-60738dbad976:192.168.69.118:45712, 279bca68-3e74-4690-81cf-da5ab79b92f7:192.168.69.118:45510], old=null
2019-10-23 12:36:16,929 [grpc-default-executor-4] INFO  impl.RaftServerImpl (RaftServerImpl.java:setRole(184)) - 389d5540-641f-48c2-a9df-60738dbad976@group-AF49A4A4CA2A: changes role from  FOLLOWER to FOLLOWER at term 89 for recognizeCandidate:279bca68-3e74-4690-81cf-da5ab79b92f7
2019-10-23 12:36:16,929 [grpc-default-executor-4] INFO  impl.RoleInfo (RoleInfo.java:shutdownFollowerState(121)) - 389d5540-641f-48c2-a9df-60738dbad976: shutdown FollowerState
2019-10-23 12:36:16,929 [grpc-default-executor-4] INFO  impl.RoleInfo (RoleInfo.java:updateAndGet(143)) - 389d5540-641f-48c2-a9df-60738dbad976: start FollowerState
2019-10-23 12:36:16,929 [Thread-784] INFO  impl.FollowerState (FollowerState.java:run(117)) - 389d5540-641f-48c2-a9df-60738dbad976@group-AF49A4A4CA2A-FollowerState was interrupted: java.lang.InterruptedException: sleep interrupted
2019-10-23 12:36:16,929 [grpc-default-executor-0] INFO  impl.RaftServerImpl (RaftServerImpl.java:setRole(184)) - daebe4f8-0ad9-4eb2-8ed7-3a8051847eb6@group-AF49A4A4CA2A: changes role from  FOLLOWER to FOLLOWER at term 89 for recognizeCandidate:279bca68-3e74-4690-81cf-da5ab79b92f7
2019-10-23 12:36:16,930 [grpc-default-executor-0] INFO  impl.RoleInfo (RoleInfo.java:shutdownFollowerState(121)) - daebe4f8-0ad9-4eb2-8ed7-3a8051847eb6: shutdown FollowerState
2019-10-23 12:36:16,930 [Thread-785] INFO  impl.FollowerState (FollowerState.java:run(117)) - daebe4f8-0ad9-4eb2-8ed7-3a8051847eb6@group-AF49A4A4CA2A-FollowerState was interrupted: java.lang.InterruptedException: sleep interrupted
2019-10-23 12:36:16,930 [grpc-default-executor-0] INFO  impl.RoleInfo (RoleInfo.java:updateAndGet(143)) - daebe4f8-0ad9-4eb2-8ed7-3a8051847eb6: start FollowerState
2019-10-23 12:36:16,944 [279bca68-3e74-4690-81cf-da5ab79b92f7@group-AF49A4A4CA2A-LeaderElection89] INFO  impl.LeaderElection (LeaderElection.java:logAndReturn(56)) - 279bca68-3e74-4690-81cf-da5ab79b92f7@group-AF49A4A4CA2A-LeaderElection89: Election REJECTED; received 2 response(s) [279bca68-3e74-4690-81cf-da5ab79b92f7<-daebe4f8-0ad9-4eb2-8ed7-3a8051847eb6#0:FAIL-t89, 279bca68-3e74-4690-81cf-da5ab79b92f7<-389d5540-641f-48c2-a9df-60738dbad976#0:FAIL-t89] and 0 exception(s); 279bca68-3e74-4690-81cf-da5ab79b92f7@group-AF49A4A4CA2A:t89, leader=null, voted=279bca68-3e74-4690-81cf-da5ab79b92f7, raftlog=279bca68-3e74-4690-81cf-da5ab79b92f7@group-AF49A4A4CA2A-SegmentedRaftLog:OPENED:c-1,f-1,i0, conf=-1: [daebe4f8-0ad9-4eb2-8ed7-3a8051847eb6:192.168.69.118:44860, 389d5540-641f-48c2-a9df-60738dbad976:192.168.69.118:45712, 279bca68-3e74-4690-81cf-da5ab79b92f7:192.168.69.118:45510], old=null
2019-10-23 12:36:16,944 [279bca68-3e74-4690-81cf-da5ab79b92f7@group-AF49A4A4CA2A-LeaderElection89] INFO  impl.RaftServerImpl (RaftServerImpl.java:setRole(184)) - 279bca68-3e74-4690-81cf-da5ab79b92f7@group-AF49A4A4CA2A: changes role from CANDIDATE to FOLLOWER at term 89 for DISCOVERED_A_NEW_TERM
2019-10-23 12:36:16,944 [279bca68-3e74-4690-81cf-da5ab79b92f7@group-AF49A4A4CA2A-LeaderElection89] INFO  impl.RoleInfo (RoleInfo.java:shutdownLeaderElection(134)) - 279bca68-3e74-4690-81cf-da5ab79b92f7: shutdown LeaderElection
2019-10-23 12:36:16,944 [279bca68-3e74-4690-81cf-da5ab79b92f7@group-AF49A4A4CA2A-LeaderElection89] INFO  impl.RoleInfo (RoleInfo.java:updateAndGet(143)) - 279bca68-3e74-4690-81cf-da5ab79b92f7: start FollowerState
2019-10-23 12:36:16,961 [Thread-794] INFO  impl.FollowerState (FollowerState.java:run(108)) - 279bca68-3e74-4690-81cf-da5ab79b92f7@group-AF49A4A4CA2A-FollowerState: change to CANDIDATE, lastRpcTime:16ms, electionTimeout:16ms
2019-10-23 12:36:16,961 [Thread-794] INFO  impl.RoleInfo (RoleInfo.java:shutdownFollowerState(121)) - 279bca68-3e74-4690-81cf-da5ab79b92f7: shutdown FollowerState
2019-10-23 12:36:16,961 [Thread-794] INFO  impl.RaftServerImpl (RaftServerImpl.java:setRole(184)) - 279bca68-3e74-4690-81cf-da5ab79b92f7@group-AF49A4A4CA2A: changes role from  FOLLOWER to CANDIDATE at term 89 for changeToCandidate
2019-10-23 12:36:16,961 [Thread-794] INFO  impl.RoleInfo (RoleInfo.java:updateAndGet(143)) - 279bca68-3e74-4690-81cf-da5ab79b92f7: start LeaderElection
2019-10-23 12:36:16,975 [279bca68-3e74-4690-81cf-da5ab79b92f7@group-AF49A4A4CA2A-LeaderElection90] INFO  impl.LeaderElection (LeaderElection.java:askForVotes(178)) - 279bca68-3e74-4690-81cf-da5ab79b92f7@group-AF49A4A4CA2A-LeaderElection90: begin an election at term 90 for -1: [daebe4f8-0ad9-4eb2-8ed7-3a8051847eb6:192.168.69.118:44860, 389d5540-641f-48c2-a9df-60738dbad976:192.168.69.118:45712, 279bca68-3e74-4690-81cf-da5ab79b92f7:192.168.69.118:45510], old=null
2019-10-23 12:36:16,977 [grpc-default-executor-4] INFO  impl.RaftServerImpl (RaftServerImpl.java:setRole(184)) - daebe4f8-0ad9-4eb2-8ed7-3a8051847eb6@group-AF49A4A4CA2A: changes role from  FOLLOWER to FOLLOWER at term 90 for recognizeCandidate:279bca68-3e74-4690-81cf-da5ab79b92f7
2019-10-23 12:36:16,977 [grpc-default-executor-4] INFO  impl.RoleInfo (RoleInfo.java:shutdownFollowerState(121)) - daebe4f8-0ad9-4eb2-8ed7-3a8051847eb6: shutdown FollowerState
2019-10-23 12:36:16,977 [grpc-default-executor-4] INFO  impl.RoleInfo (RoleInfo.java:updateAndGet(143)) - daebe4f8-0ad9-4eb2-8ed7-3a8051847eb6: start FollowerState
2019-10-23 12:36:16,977 [Thread-793] INFO  impl.FollowerState (FollowerState.java:run(117)) - daebe4f8-0ad9-4eb2-8ed7-3a8051847eb6@group-AF49A4A4CA2A-FollowerState was interrupted: java.lang.InterruptedException: sleep interrupted
2019-10-23 12:36:16,978 [grpc-default-executor-0] INFO  impl.RaftServerImpl (RaftServerImpl.java:setRole(184)) - 389d5540-641f-48c2-a9df-60738dbad976@group-AF49A4A4CA2A: changes role from  FOLLOWER to FOLLOWER at term 90 for recognizeCandidate:279bca68-3e74-4690-81cf-da5ab79b92f7
2019-10-23 12:36:16,978 [grpc-default-executor-0] INFO  impl.RoleInfo (RoleInfo.java:shutdownFollowerState(121)) - 389d5540-641f-48c2-a9df-60738dbad976: shutdown FollowerState
2019-10-23 12:36:16,978 [grpc-default-executor-0] INFO  impl.RoleInfo (RoleInfo.java:updateAndGet(143)) - 389d5540-641f-48c2-a9df-60738dbad976: start FollowerState
2019-10-23 12:36:16,978 [Thread-792] INFO  impl.FollowerState (FollowerState.java:run(117)) - 389d5540-641f-48c2-a9df-60738dbad976@group-AF49A4A4CA2A-FollowerState was interrupted: java.lang.InterruptedException: sleep interrupted
2019-10-23 12:36:16,994 [279bca68-3e74-4690-81cf-da5ab79b92f7@group-AF49A4A4CA2A-LeaderElection90] INFO  impl.LeaderElection (LeaderElection.java:logAndReturn(56)) - 279bca68-3e74-4690-81cf-da5ab79b92f7@group-AF49A4A4CA2A-LeaderElection90: Election REJECTED; received 2 response(s) [279bca68-3e74-4690-81cf-da5ab79b92f7<-daebe4f8-0ad9-4eb2-8ed7-3a8051847eb6#0:FAIL-t90, 279bca68-3e74-4690-81cf-da5ab79b92f7<-389d5540-641f-48c2-a9df-60738dbad976#0:FAIL-t90] and 0 exception(s); 279bca68-3e74-4690-81cf-da5ab79b92f7@group-AF49A4A4CA2A:t90, leader=null, voted=279bca68-3e74-4690-81cf-da5ab79b92f7, raftlog=279bca68-3e74-4690-81cf-da5ab79b92f7@group-AF49A4A4CA2A-SegmentedRaftLog:OPENED:c-1,f-1,i0, conf=-1: [daebe4f8-0ad9-4eb2-8ed7-3a8051847eb6:192.168.69.118:44860, 389d5540-641f-48c2-a9df-60738dbad976:192.168.69.118:45712, 279bca68-3e74-4690-81cf-da5ab79b92f7:192.168.69.118:45510], old=null
2019-10-23 12:36:16,994 [279bca68-3e74-4690-81cf-da5ab79b92f7@group-AF49A4A4CA2A-LeaderElection90] INFO  impl.RaftServerImpl (RaftServerImpl.java:setRole(184)) - 279bca68-3e74-4690-81cf-da5ab79b92f7@group-AF49A4A4CA2A: changes role from CANDIDATE to FOLLOWER at term 90 for DISCOVERED_A_NEW_TERM
2019-10-23 12:36:16,994 [279bca68-3e74-4690-81cf-da5ab79b92f7@group-AF49A4A4CA2A-LeaderElection90] INFO  impl.RoleInfo (RoleInfo.java:shutdownLeaderElection(134)) - 279bca68-3e74-4690-81cf-da5ab79b92f7: shutdown LeaderElection
2019-10-23 12:36:16,994 [279bca68-3e74-4690-81cf-da5ab79b92f7@group-AF49A4A4CA2A-LeaderElection90] INFO  impl.RoleInfo (RoleInfo.java:updateAndGet(143)) - 279bca68-3e74-4690-81cf-da5ab79b92f7: start FollowerState
2019-10-23 12:36:17,017 [Thread-800] INFO  impl.FollowerState (FollowerState.java:run(108)) - 279bca68-3e74-4690-81cf-da5ab79b92f7@group-AF49A4A4CA2A-FollowerState: change to CANDIDATE, lastRpcTime:22ms, electionTimeout:22ms
2019-10-23 12:36:17,017 [Thread-800] INFO  impl.RoleInfo (RoleInfo.java:shutdownFollowerState(121)) - 279bca68-3e74-4690-81cf-da5ab79b92f7: shutdown FollowerState
2019-10-23 12:36:17,017 [Thread-800] INFO  impl.RaftServerImpl (RaftServerImpl.java:setRole(184)) - 279bca68-3e74-4690-81cf-da5ab79b92f7@group-AF49A4A4CA2A: changes role from  FOLLOWER to CANDIDATE at term 90 for changeToCandidate
2019-10-23 12:36:17,017 [Thread-800] INFO  impl.RoleInfo (RoleInfo.java:updateAndGet(143)) - 279bca68-3e74-4690-81cf-da5ab79b92f7: start LeaderElection
2019-10-23 12:36:17,032 [279bca68-3e74-4690-81cf-da5ab79b92f7@group-AF49A4A4CA2A-LeaderElection91] INFO  impl.LeaderElection (LeaderElection.java:askForVotes(178)) - 279bca68-3e74-4690-81cf-da5ab79b92f7@group-AF49A4A4CA2A-LeaderElection91: begin an election at term 91 for -1: [daebe4f8-0ad9-4eb2-8ed7-3a8051847eb6:192.168.69.118:44860, 389d5540-641f-48c2-a9df-60738dbad976:192.168.69.118:45712, 279bca68-3e74-4690-81cf-da5ab79b92f7:192.168.69.118:45510], old=null
2019-10-23 12:36:17,032 [279bca68-3e74-4690-81cf-da5ab79b92f7@group-AF49A4A4CA2A-LeaderElection91] INFO  impl.LeaderElection (LeaderElection.java:logAndReturn(56)) - 279bca68-3e74-4690-81cf-da5ab79b92f7@group-AF49A4A4CA2A-LeaderElection91: Election TIMEOUT; received 0 response(s) [] and 0 exception(s); 279bca68-3e74-4690-81cf-da5ab79b92f7@group-AF49A4A4CA2A:t91, leader=null, voted=279bca68-3e74-4690-81cf-da5ab79b92f7, raftlog=279bca68-3e74-4690-81cf-da5ab79b92f7@group-AF49A4A4CA2A-SegmentedRaftLog:OPENED:c-1,f-1,i0, conf=-1: [daebe4f8-0ad9-4eb2-8ed7-3a8051847eb6:192.168.69.118:44860, 389d5540-641f-48c2-a9df-60738dbad976:192.168.69.118:45712, 279bca68-3e74-4690-81cf-da5ab79b92f7:192.168.69.118:45510], old=null
2019-10-23 12:36:17,034 [grpc-default-executor-0] INFO  impl.RaftServerImpl (RaftServerImpl.java:setRole(184)) - 389d5540-641f-48c2-a9df-60738dbad976@group-AF49A4A4CA2A: changes role from  FOLLOWER to FOLLOWER at term 91 for recognizeCandidate:279bca68-3e74-4690-81cf-da5ab79b92f7
2019-10-23 12:36:17,034 [grpc-default-executor-4] INFO  impl.RaftServerImpl (RaftServerImpl.java:setRole(184)) - daebe4f8-0ad9-4eb2-8ed7-3a8051847eb6@group-AF49A4A4CA2A: changes role from  FOLLOWER to FOLLOWER at term 91 for recognizeCandidate:279bca68-3e74-4690-81cf-da5ab79b92f7
2019-10-23 12:36:17,034 [grpc-default-executor-0] INFO  impl.RoleInfo (RoleInfo.java:shutdownFollowerState(121)) - 389d5540-641f-48c2-a9df-60738dbad976: shutdown FollowerState
2019-10-23 12:36:17,034 [grpc-default-executor-4] INFO  impl.RoleInfo (RoleInfo.java:shutdownFollowerState(121)) - daebe4f8-0ad9-4eb2-8ed7-3a8051847eb6: shutdown FollowerState
2019-10-23 12:36:17,035 [grpc-default-executor-0] INFO  impl.RoleInfo (RoleInfo.java:updateAndGet(143)) - 389d5540-641f-48c2-a9df-60738dbad976: start FollowerState
2019-10-23 12:36:17,035 [Thread-798] INFO  impl.FollowerState (FollowerState.java:run(117)) - daebe4f8-0ad9-4eb2-8ed7-3a8051847eb6@group-AF49A4A4CA2A-FollowerState was interrupted: java.lang.InterruptedException: sleep interrupted
2019-10-23 12:36:17,035 [grpc-default-executor-4] INFO  impl.RoleInfo (RoleInfo.java:updateAndGet(143)) - daebe4f8-0ad9-4eb2-8ed7-3a8051847eb6: start FollowerState
2019-10-23 12:36:17,035 [Thread-799] INFO  impl.FollowerState (FollowerState.java:run(117)) - 389d5540-641f-48c2-a9df-60738dbad976@group-AF49A4A4CA2A-FollowerState was interrupted: java.lang.InterruptedException: sleep interrupted
2019-10-23 12:36:17,049 [279bca68-3e74-4690-81cf-da5ab79b92f7@group-AF49A4A4CA2A-LeaderElection91] INFO  impl.LeaderElection (LeaderElection.java:askForVotes(178)) - 279bca68-3e74-4690-81cf-da5ab79b92f7@group-AF49A4A4CA2A-LeaderElection91: begin an election at term 92 for -1: [daebe4f8-0ad9-4eb2-8ed7-3a8051847eb6:192.168.69.118:44860, 389d5540-641f-48c2-a9df-60738dbad976:192.168.69.118:45712, 279bca68-3e74-4690-81cf-da5ab79b92f7:192.168.69.118:45510], old=null
2019-10-23 12:36:17,050 [grpc-default-executor-4] INFO  impl.RaftServerImpl (RaftServerImpl.java:setRole(184)) - daebe4f8-0ad9-4eb2-8ed7-3a8051847eb6@group-AF49A4A4CA2A: changes role from  FOLLOWER to FOLLOWER at term 92 for recognizeCandidate:279bca68-3e74-4690-81cf-da5ab79b92f7
2019-10-23 12:36:17,051 [grpc-default-executor-4] INFO  impl.RoleInfo (RoleInfo.java:shutdownFollowerState(121)) - daebe4f8-0ad9-4eb2-8ed7-3a8051847eb6: shutdown FollowerState
2019-10-23 12:36:17,051 [grpc-default-executor-4] INFO  impl.RoleInfo (RoleInfo.java:updateAndGet(143)) - daebe4f8-0ad9-4eb2-8ed7-3a8051847eb6: start FollowerState
2019-10-23 12:36:17,051 [Thread-805] INFO  impl.FollowerState (FollowerState.java:run(117)) - daebe4f8-0ad9-4eb2-8ed7-3a8051847eb6@group-AF49A4A4CA2A-FollowerState was interrupted: java.lang.InterruptedException: sleep interrupted
2019-10-23 12:36:17,051 [grpc-default-executor-0] INFO  impl.RaftServerImpl (RaftServerImpl.java:setRole(184)) - 389d5540-641f-48c2-a9df-60738dbad976@group-AF49A4A4CA2A: changes role from  FOLLOWER to FOLLOWER at term 92 for recognizeCandidate:279bca68-3e74-4690-81cf-da5ab79b92f7
2019-10-23 12:36:17,051 [grpc-default-executor-0] INFO  impl.RoleInfo (RoleInfo.java:shutdownFollowerState(121)) - 389d5540-641f-48c2-a9df-60738dbad976: shutdown FollowerState
2019-10-23 12:36:17,051 [grpc-default-executor-0] INFO  impl.RoleInfo (RoleInfo.java:updateAndGet(143)) - 389d5540-641f-48c2-a9df-60738dbad976: start FollowerState
2019-10-23 12:36:17,051 [Thread-804] INFO  impl.FollowerState (FollowerState.java:run(117)) - 389d5540-641f-48c2-a9df-60738dbad976@group-AF49A4A4CA2A-FollowerState was interrupted: java.lang.InterruptedException: sleep interrupted
2019-10-23 12:36:17,061 [279bca68-3e74-4690-81cf-da5ab79b92f7@group-AF49A4A4CA2A-LeaderElection91] INFO  impl.LeaderElection (LeaderElection.java:logAndReturn(56)) - 279bca68-3e74-4690-81cf-da5ab79b92f7@group-AF49A4A4CA2A-LeaderElection91: Election REJECTED; received 2 response(s) [279bca68-3e74-4690-81cf-da5ab79b92f7<-daebe4f8-0ad9-4eb2-8ed7-3a8051847eb6#0:FAIL-t92, 279bca68-3e74-4690-81cf-da5ab79b92f7<-389d5540-641f-48c2-a9df-60738dbad976#0:FAIL-t92] and 0 exception(s); 279bca68-3e74-4690-81cf-da5ab79b92f7@group-AF49A4A4CA2A:t92, leader=null, voted=279bca68-3e74-4690-81cf-da5ab79b92f7, raftlog=279bca68-3e74-4690-81cf-da5ab79b92f7@group-AF49A4A4CA2A-SegmentedRaftLog:OPENED:c-1,f-1,i0, conf=-1: [daebe4f8-0ad9-4eb2-8ed7-3a8051847eb6:192.168.69.118:44860, 389d5540-641f-48c2-a9df-60738dbad976:192.168.69.118:45712, 279bca68-3e74-4690-81cf-da5ab79b92f7:192.168.69.118:45510], old=null
2019-10-23 12:36:17,061 [279bca68-3e74-4690-81cf-da5ab79b92f7@group-AF49A4A4CA2A-LeaderElection91] INFO  impl.RaftServerImpl (RaftServerImpl.java:setRole(184)) - 279bca68-3e74-4690-81cf-da5ab79b92f7@group-AF49A4A4CA2A: changes role from CANDIDATE to FOLLOWER at term 92 for DISCOVERED_A_NEW_TERM
2019-10-23 12:36:17,061 [279bca68-3e74-4690-81cf-da5ab79b92f7@group-AF49A4A4CA2A-LeaderElection91] INFO  impl.RoleInfo (RoleInfo.java:shutdownLeaderElection(134)) - 279bca68-3e74-4690-81cf-da5ab79b92f7: shutdown LeaderElection
2019-10-23 12:36:17,061 [279bca68-3e74-4690-81cf-da5ab79b92f7@group-AF49A4A4CA2A-LeaderElection91] INFO  impl.RoleInfo (RoleInfo.java:updateAndGet(143)) - 279bca68-3e74-4690-81cf-da5ab79b92f7: start FollowerState
2019-10-23 12:36:17,110 [Thread-810] INFO  impl.FollowerState (FollowerState.java:run(108)) - 279bca68-3e74-4690-81cf-da5ab79b92f7@group-AF49A4A4CA2A-FollowerState: change to CANDIDATE, lastRpcTime:48ms, electionTimeout:48ms
2019-10-23 12:36:17,110 [Thread-810] INFO  impl.RoleInfo (RoleInfo.java:shutdownFollowerState(121)) - 279bca68-3e74-4690-81cf-da5ab79b92f7: shutdown FollowerState
2019-10-23 12:36:17,110 [Thread-810] INFO  impl.RaftServerImpl (RaftServerImpl.java:setRole(184)) - 279bca68-3e74-4690-81cf-da5ab79b92f7@group-AF49A4A4CA2A: changes role from  FOLLOWER to CANDIDATE at term 92 for changeToCandidate
2019-10-23 12:36:17,110 [Thread-810] INFO  impl.RoleInfo (RoleInfo.java:updateAndGet(143)) - 279bca68-3e74-4690-81cf-da5ab79b92f7: start LeaderElection
2019-10-23 12:36:17,133 [279bca68-3e74-4690-81cf-da5ab79b92f7@group-AF49A4A4CA2A-LeaderElection92] INFO  impl.LeaderElection (LeaderElection.java:askForVotes(178)) - 279bca68-3e74-4690-81cf-da5ab79b92f7@group-AF49A4A4CA2A-LeaderElection92: begin an election at term 93 for -1: [daebe4f8-0ad9-4eb2-8ed7-3a8051847eb6:192.168.69.118:44860, 389d5540-641f-48c2-a9df-60738dbad976:192.168.69.118:45712, 279bca68-3e74-4690-81cf-da5ab79b92f7:192.168.69.118:45510], old=null
2019-10-23 12:36:17,135 [grpc-default-executor-0] INFO  impl.RaftServerImpl (RaftServerImpl.java:setRole(184)) - daebe4f8-0ad9-4eb2-8ed7-3a8051847eb6@group-AF49A4A4CA2A: changes role from  FOLLOWER to FOLLOWER at term 93 for recognizeCandidate:279bca68-3e74-4690-81cf-da5ab79b92f7
2019-10-23 12:36:17,135 [grpc-default-executor-0] INFO  impl.RoleInfo (RoleInfo.java:shutdownFollowerState(121)) - daebe4f8-0ad9-4eb2-8ed7-3a8051847eb6: shutdown FollowerState
2019-10-23 12:36:17,135 [grpc-default-executor-4] INFO  impl.RaftServerImpl (RaftServerImpl.java:setRole(184)) - 389d5540-641f-48c2-a9df-60738dbad976@group-AF49A4A4CA2A: changes role from  FOLLOWER to FOLLOWER at term 93 for recognizeCandidate:279bca68-3e74-4690-81cf-da5ab79b92f7
2019-10-23 12:36:17,136 [grpc-default-executor-4] INFO  impl.RoleInfo (RoleInfo.java:shutdownFollowerState(121)) - 389d5540-641f-48c2-a9df-60738dbad976: shutdown FollowerState
2019-10-23 12:36:17,136 [Thread-808] INFO  impl.FollowerState (FollowerState.java:run(117)) - daebe4f8-0ad9-4eb2-8ed7-3a8051847eb6@group-AF49A4A4CA2A-FollowerState was interrupted: java.lang.InterruptedException: sleep interrupted
2019-10-23 12:36:17,136 [Thread-809] INFO  impl.FollowerState (FollowerState.java:run(117)) - 389d5540-641f-48c2-a9df-60738dbad976@group-AF49A4A4CA2A-FollowerState was interrupted: java.lang.InterruptedException: sleep interrupted
2019-10-23 12:36:17,135 [grpc-default-executor-0] INFO  impl.RoleInfo (RoleInfo.java:updateAndGet(143)) - daebe4f8-0ad9-4eb2-8ed7-3a8051847eb6: start FollowerState
2019-10-23 12:36:17,136 [grpc-default-executor-4] INFO  impl.RoleInfo (RoleInfo.java:updateAndGet(143)) - 389d5540-641f-48c2-a9df-60738dbad976: start FollowerState
2019-10-23 12:36:17,151 [279bca68-3e74-4690-81cf-da5ab79b92f7@group-AF49A4A4CA2A-LeaderElection92] INFO  impl.LeaderElection (LeaderElection.java:logAndReturn(56)) - 279bca68-3e74-4690-81cf-da5ab79b92f7@group-AF49A4A4CA2A-LeaderElection92: Election REJECTED; received 2 response(s) [279bca68-3e74-4690-81cf-da5ab79b92f7<-daebe4f8-0ad9-4eb2-8ed7-3a8051847eb6#0:FAIL-t93, 279bca68-3e74-4690-81cf-da5ab79b92f7<-389d5540-641f-48c2-a9df-60738dbad976#0:FAIL-t93] and 0 exception(s); 279bca68-3e74-4690-81cf-da5ab79b92f7@group-AF49A4A4CA2A:t93, leader=null, voted=279bca68-3e74-4690-81cf-da5ab79b92f7, raftlog=279bca68-3e74-4690-81cf-da5ab79b92f7@group-AF49A4A4CA2A-SegmentedRaftLog:OPENED:c-1,f-1,i0, conf=-1: [daebe4f8-0ad9-4eb2-8ed7-3a8051847eb6:192.168.69.118:44860, 389d5540-641f-48c2-a9df-60738dbad976:192.168.69.118:45712, 279bca68-3e74-4690-81cf-da5ab79b92f7:192.168.69.118:45510], old=null
2019-10-23 12:36:17,151 [279bca68-3e74-4690-81cf-da5ab79b92f7@group-AF49A4A4CA2A-LeaderElection92] INFO  impl.RaftServerImpl (RaftServerImpl.java:setRole(184)) - 279bca68-3e74-4690-81cf-da5ab79b92f7@group-AF49A4A4CA2A: changes role from CANDIDATE to FOLLOWER at term 93 for DISCOVERED_A_NEW_TERM
2019-10-23 12:36:17,152 [279bca68-3e74-4690-81cf-da5ab79b92f7@group-AF49A4A4CA2A-LeaderElection92] INFO  impl.RoleInfo (RoleInfo.java:shutdownLeaderElection(134)) - 279bca68-3e74-4690-81cf-da5ab79b92f7: shutdown LeaderElection
2019-10-23 12:36:17,152 [279bca68-3e74-4690-81cf-da5ab79b92f7@group-AF49A4A4CA2A-LeaderElection92] INFO  impl.RoleInfo (RoleInfo.java:updateAndGet(143)) - 279bca68-3e74-4690-81cf-da5ab79b92f7: start FollowerState
2019-10-23 12:36:17,321 [Thread-816] INFO  impl.FollowerState (FollowerState.java:run(108)) - 279bca68-3e74-4690-81cf-da5ab79b92f7@group-AF49A4A4CA2A-FollowerState: change to CANDIDATE, lastRpcTime:169ms, electionTimeout:169ms
2019-10-23 12:36:17,321 [Thread-816] INFO  impl.RoleInfo (RoleInfo.java:shutdownFollowerState(121)) - 279bca68-3e74-4690-81cf-da5ab79b92f7: shutdown FollowerState
2019-10-23 12:36:17,322 [Thread-816] INFO  impl.RaftServerImpl (RaftServerImpl.java:setRole(184)) - 279bca68-3e74-4690-81cf-da5ab79b92f7@group-AF49A4A4CA2A: changes role from  FOLLOWER to CANDIDATE at term 93 for changeToCandidate
2019-10-23 12:36:17,322 [Thread-816] INFO  impl.RoleInfo (RoleInfo.java:updateAndGet(143)) - 279bca68-3e74-4690-81cf-da5ab79b92f7: start LeaderElection
2019-10-23 12:36:17,338 [279bca68-3e74-4690-81cf-da5ab79b92f7@group-AF49A4A4CA2A-LeaderElection93] INFO  impl.LeaderElection (LeaderElection.java:askForVotes(178)) - 279bca68-3e74-4690-81cf-da5ab79b92f7@group-AF49A4A4CA2A-LeaderElection93: begin an election at term 94 for -1: [daebe4f8-0ad9-4eb2-8ed7-3a8051847eb6:192.168.69.118:44860, 389d5540-641f-48c2-a9df-60738dbad976:192.168.69.118:45712, 279bca68-3e74-4690-81cf-da5ab79b92f7:192.168.69.118:45510], old=null
2019-10-23 12:36:17,340 [grpc-default-executor-0] INFO  impl.RaftServerImpl (RaftServerImpl.java:setRole(184)) - daebe4f8-0ad9-4eb2-8ed7-3a8051847eb6@group-AF49A4A4CA2A: changes role from  FOLLOWER to FOLLOWER at term 94 for recognizeCandidate:279bca68-3e74-4690-81cf-da5ab79b92f7
2019-10-23 12:36:17,341 [grpc-default-executor-0] INFO  impl.RoleInfo (RoleInfo.java:shutdownFollowerState(121)) - daebe4f8-0ad9-4eb2-8ed7-3a8051847eb6: shutdown FollowerState
2019-10-23 12:36:17,341 [grpc-default-executor-4] INFO  impl.RaftServerImpl (RaftServerImpl.java:setRole(184)) - 389d5540-641f-48c2-a9df-60738dbad976@group-AF49A4A4CA2A: changes role from  FOLLOWER to FOLLOWER at term 94 for recognizeCandidate:279bca68-3e74-4690-81cf-da5ab79b92f7
2019-10-23 12:36:17,341 [grpc-default-executor-0] INFO  impl.RoleInfo (RoleInfo.java:updateAndGet(143)) - daebe4f8-0ad9-4eb2-8ed7-3a8051847eb6: start FollowerState
2019-10-23 12:36:17,341 [grpc-default-executor-4] INFO  impl.RoleInfo (RoleInfo.java:shutdownFollowerState(121)) - 389d5540-641f-48c2-a9df-60738dbad976: shutdown FollowerState
2019-10-23 12:36:17,341 [Thread-814] INFO  impl.FollowerState (FollowerState.java:run(117)) - daebe4f8-0ad9-4eb2-8ed7-3a8051847eb6@group-AF49A4A4CA2A-FollowerState was interrupted: java.lang.InterruptedException: sleep interrupted
2019-10-23 12:36:17,342 [Thread-815] INFO  impl.FollowerState (FollowerState.java:run(117)) - 389d5540-641f-48c2-a9df-60738dbad976@group-AF49A4A4CA2A-FollowerState was interrupted: java.lang.InterruptedException: sleep interrupted
2019-10-23 12:36:17,341 [grpc-default-executor-4] INFO  impl.RoleInfo (RoleInfo.java:updateAndGet(143)) - 389d5540-641f-48c2-a9df-60738dbad976: start FollowerState
2019-10-23 12:36:17,357 [279bca68-3e74-4690-81cf-da5ab79b92f7@group-AF49A4A4CA2A-LeaderElection93] INFO  impl.LeaderElection (LeaderElection.java:logAndReturn(56)) - 279bca68-3e74-4690-81cf-da5ab79b92f7@group-AF49A4A4CA2A-LeaderElection93: Election REJECTED; received 2 response(s) [279bca68-3e74-4690-81cf-da5ab79b92f7<-daebe4f8-0ad9-4eb2-8ed7-3a8051847eb6#0:FAIL-t94, 279bca68-3e74-4690-81cf-da5ab79b92f7<-389d5540-641f-48c2-a9df-60738dbad976#0:FAIL-t94] and 0 exception(s); 279bca68-3e74-4690-81cf-da5ab79b92f7@group-AF49A4A4CA2A:t94, leader=null, voted=279bca68-3e74-4690-81cf-da5ab79b92f7, raftlog=279bca68-3e74-4690-81cf-da5ab79b92f7@group-AF49A4A4CA2A-SegmentedRaftLog:OPENED:c-1,f-1,i0, conf=-1: [daebe4f8-0ad9-4eb2-8ed7-3a8051847eb6:192.168.69.118:44860, 389d5540-641f-48c2-a9df-60738dbad976:192.168.69.118:45712, 279bca68-3e74-4690-81cf-da5ab79b92f7:192.168.69.118:45510], old=null
2019-10-23 12:36:17,357 [279bca68-3e74-4690-81cf-da5ab79b92f7@group-AF49A4A4CA2A-LeaderElection93] INFO  impl.RaftServerImpl (RaftServerImpl.java:setRole(184)) - 279bca68-3e74-4690-81cf-da5ab79b92f7@group-AF49A4A4CA2A: changes role from CANDIDATE to FOLLOWER at term 94 for DISCOVERED_A_NEW_TERM
2019-10-23 12:36:17,357 [279bca68-3e74-4690-81cf-da5ab79b92f7@group-AF49A4A4CA2A-LeaderElection93] INFO  impl.RoleInfo (RoleInfo.java:shutdownLeaderElection(134)) - 279bca68-3e74-4690-81cf-da5ab79b92f7: shutdown LeaderElection
2019-10-23 12:36:17,357 [279bca68-3e74-4690-81cf-da5ab79b92f7@group-AF49A4A4CA2A-LeaderElection93] INFO  impl.RoleInfo (RoleInfo.java:updateAndGet(143)) - 279bca68-3e74-4690-81cf-da5ab79b92f7: start FollowerState
2019-10-23 12:36:17,519 [Thread-822] INFO  impl.FollowerState (FollowerState.java:run(108)) - 279bca68-3e74-4690-81cf-da5ab79b92f7@group-AF49A4A4CA2A-FollowerState: change to CANDIDATE, lastRpcTime:161ms, electionTimeout:161ms
2019-10-23 12:36:17,519 [Thread-822] INFO  impl.RoleInfo (RoleInfo.java:shutdownFollowerState(121)) - 279bca68-3e74-4690-81cf-da5ab79b92f7: shutdown FollowerState
2019-10-23 12:36:17,519 [Thread-822] INFO  impl.RaftServerImpl (RaftServerImpl.java:setRole(184)) - 279bca68-3e74-4690-81cf-da5ab79b92f7@group-AF49A4A4CA2A: changes role from  FOLLOWER to CANDIDATE at term 94 for changeToCandidate
2019-10-23 12:36:17,519 [Thread-822] INFO  impl.RoleInfo (RoleInfo.java:updateAndGet(143)) - 279bca68-3e74-4690-81cf-da5ab79b92f7: start LeaderElection
2019-10-23 12:36:17,533 [279bca68-3e74-4690-81cf-da5ab79b92f7@group-AF49A4A4CA2A-LeaderElection94] INFO  impl.LeaderElection (LeaderElection.java:askForVotes(178)) - 279bca68-3e74-4690-81cf-da5ab79b92f7@group-AF49A4A4CA2A-LeaderElection94: begin an election at term 95 for -1: [daebe4f8-0ad9-4eb2-8ed7-3a8051847eb6:192.168.69.118:44860, 389d5540-641f-48c2-a9df-60738dbad976:192.168.69.118:45712, 279bca68-3e74-4690-81cf-da5ab79b92f7:192.168.69.118:45510], old=null
2019-10-23 12:36:17,536 [grpc-default-executor-4] INFO  impl.RaftServerImpl (RaftServerImpl.java:setRole(184)) - daebe4f8-0ad9-4eb2-8ed7-3a8051847eb6@group-AF49A4A4CA2A: changes role from  FOLLOWER to FOLLOWER at term 95 for recognizeCandidate:279bca68-3e74-4690-81cf-da5ab79b92f7
2019-10-23 12:36:17,536 [grpc-default-executor-0] INFO  impl.RaftServerImpl (RaftServerImpl.java:setRole(184)) - 389d5540-641f-48c2-a9df-60738dbad976@group-AF49A4A4CA2A: changes role from  FOLLOWER to FOLLOWER at term 95 for recognizeCandidate:279bca68-3e74-4690-81cf-da5ab79b92f7
2019-10-23 12:36:17,537 [grpc-default-executor-4] INFO  impl.RoleInfo (RoleInfo.java:shutdownFollowerState(121)) - daebe4f8-0ad9-4eb2-8ed7-3a8051847eb6: shutdown FollowerState
2019-10-23 12:36:17,537 [grpc-default-executor-0] INFO  impl.RoleInfo (RoleInfo.java:shutdownFollowerState(121)) - 389d5540-641f-48c2-a9df-60738dbad976: shutdown FollowerState
2019-10-23 12:36:17,537 [Thread-820] INFO  impl.FollowerState (FollowerState.java:run(117)) - daebe4f8-0ad9-4eb2-8ed7-3a8051847eb6@group-AF49A4A4CA2A-FollowerState was interrupted: java.lang.InterruptedException: sleep interrupted
2019-10-23 12:36:17,537 [grpc-default-executor-0] INFO  impl.RoleInfo (RoleInfo.java:updateAndGet(143)) - 389d5540-641f-48c2-a9df-60738dbad976: start FollowerState
2019-10-23 12:36:17,537 [grpc-default-executor-4] INFO  impl.RoleInfo (RoleInfo.java:updateAndGet(143)) - daebe4f8-0ad9-4eb2-8ed7-3a8051847eb6: start FollowerState
2019-10-23 12:36:17,537 [Thread-821] INFO  impl.FollowerState (FollowerState.java:run(117)) - 389d5540-641f-48c2-a9df-60738dbad976@group-AF49A4A4CA2A-FollowerState was interrupted: java.lang.InterruptedException: sleep interrupted
2019-10-23 12:36:17,565 [279bca68-3e74-4690-81cf-da5ab79b92f7@group-AF49A4A4CA2A-LeaderElection94] INFO  impl.LeaderElection (LeaderElection.java:logAndReturn(56)) - 279bca68-3e74-4690-81cf-da5ab79b92f7@group-AF49A4A4CA2A-LeaderElection94: Election REJECTED; received 2 response(s) [279bca68-3e74-4690-81cf-da5ab79b92f7<-daebe4f8-0ad9-4eb2-8ed7-3a8051847eb6#0:FAIL-t95, 279bca68-3e74-4690-81cf-da5ab79b92f7<-389d5540-641f-48c2-a9df-60738dbad976#0:FAIL-t95] and 0 exception(s); 279bca68-3e74-4690-81cf-da5ab79b92f7@group-AF49A4A4CA2A:t95, leader=null, voted=279bca68-3e74-4690-81cf-da5ab79b92f7, raftlog=279bca68-3e74-4690-81cf-da5ab79b92f7@group-AF49A4A4CA2A-SegmentedRaftLog:OPENED:c-1,f-1,i0, conf=-1: [daebe4f8-0ad9-4eb2-8ed7-3a8051847eb6:192.168.69.118:44860, 389d5540-641f-48c2-a9df-60738dbad976:192.168.69.118:45712, 279bca68-3e74-4690-81cf-da5ab79b92f7:192.168.69.118:45510], old=null
2019-10-23 12:36:17,565 [279bca68-3e74-4690-81cf-da5ab79b92f7@group-AF49A4A4CA2A-LeaderElection94] INFO  impl.RaftServerImpl (RaftServerImpl.java:setRole(184)) - 279bca68-3e74-4690-81cf-da5ab79b92f7@group-AF49A4A4CA2A: changes role from CANDIDATE to FOLLOWER at term 95 for DISCOVERED_A_NEW_TERM
2019-10-23 12:36:17,565 [279bca68-3e74-4690-81cf-da5ab79b92f7@group-AF49A4A4CA2A-LeaderElection94] INFO  impl.RoleInfo (RoleInfo.java:shutdownLeaderElection(134)) - 279bca68-3e74-4690-81cf-da5ab79b92f7: shutdown LeaderElection
2019-10-23 12:36:17,565 [279bca68-3e74-4690-81cf-da5ab79b92f7@group-AF49A4A4CA2A-LeaderElection94] INFO  impl.RoleInfo (RoleInfo.java:updateAndGet(143)) - 279bca68-3e74-4690-81cf-da5ab79b92f7: start FollowerState
2019-10-23 12:36:17,763 [Thread-828] INFO  impl.FollowerState (FollowerState.java:run(108)) - 279bca68-3e74-4690-81cf-da5ab79b92f7@group-AF49A4A4CA2A-FollowerState: change to CANDIDATE, lastRpcTime:198ms, electionTimeout:198ms
2019-10-23 12:36:17,764 [Thread-828] INFO  impl.RoleInfo (RoleInfo.java:shutdownFollowerState(121)) - 279bca68-3e74-4690-81cf-da5ab79b92f7: shutdown FollowerState
2019-10-23 12:36:17,764 [Thread-828] INFO  impl.RaftServerImpl (RaftServerImpl.java:setRole(184)) - 279bca68-3e74-4690-81cf-da5ab79b92f7@group-AF49A4A4CA2A: changes role from  FOLLOWER to CANDIDATE at term 95 for changeToCandidate
2019-10-23 12:36:17,764 [Thread-828] INFO  impl.RoleInfo (RoleInfo.java:updateAndGet(143)) - 279bca68-3e74-4690-81cf-da5ab79b92f7: start LeaderElection
2019-10-23 12:36:17,790 [279bca68-3e74-4690-81cf-da5ab79b92f7@group-AF49A4A4CA2A-LeaderElection95] INFO  impl.LeaderElection (LeaderElection.java:askForVotes(178)) - 279bca68-3e74-4690-81cf-da5ab79b92f7@group-AF49A4A4CA2A-LeaderElection95: begin an election at term 96 for -1: [daebe4f8-0ad9-4eb2-8ed7-3a8051847eb6:192.168.69.118:44860, 389d5540-641f-48c2-a9df-60738dbad976:192.168.69.118:45712, 279bca68-3e74-4690-81cf-da5ab79b92f7:192.168.69.118:45510], old=null
2019-10-23 12:36:17,795 [grpc-default-executor-4] INFO  impl.RaftServerImpl (RaftServerImpl.java:setRole(184)) - daebe4f8-0ad9-4eb2-8ed7-3a8051847eb6@group-AF49A4A4CA2A: changes role from  FOLLOWER to FOLLOWER at term 96 for recognizeCandidate:279bca68-3e74-4690-81cf-da5ab79b92f7
2019-10-23 12:36:17,795 [grpc-default-executor-4] INFO  impl.RoleInfo (RoleInfo.java:shutdownFollowerState(121)) - daebe4f8-0ad9-4eb2-8ed7-3a8051847eb6: shutdown FollowerState
2019-10-23 12:36:17,796 [grpc-default-executor-3] INFO  impl.RaftServerImpl (RaftServerImpl.java:setRole(184)) - 389d5540-641f-48c2-a9df-60738dbad976@group-AF49A4A4CA2A: changes role from  FOLLOWER to FOLLOWER at term 96 for recognizeCandidate:279bca68-3e74-4690-81cf-da5ab79b92f7
2019-10-23 12:36:17,796 [Thread-826] INFO  impl.FollowerState (FollowerState.java:run(117)) - daebe4f8-0ad9-4eb2-8ed7-3a8051847eb6@group-AF49A4A4CA2A-FollowerState was interrupted: java.lang.InterruptedException: sleep interrupted
2019-10-23 12:36:17,796 [grpc-default-executor-4] INFO  impl.RoleInfo (RoleInfo.java:updateAndGet(143)) - daebe4f8-0ad9-4eb2-8ed7-3a8051847eb6: start FollowerState
2019-10-23 12:36:17,796 [grpc-default-executor-3] INFO  impl.RoleInfo (RoleInfo.java:shutdownFollowerState(121)) - 389d5540-641f-48c2-a9df-60738dbad976: shutdown FollowerState
2019-10-23 12:36:17,796 [grpc-default-executor-3] INFO  impl.RoleInfo (RoleInfo.java:updateAndGet(143)) - 389d5540-641f-48c2-a9df-60738dbad976: start FollowerState
2019-10-23 12:36:17,796 [Thread-827] INFO  impl.FollowerState (FollowerState.java:run(117)) - 389d5540-641f-48c2-a9df-60738dbad976@group-AF49A4A4CA2A-FollowerState was interrupted: java.lang.InterruptedException: sleep interrupted
2019-10-23 12:36:17,811 [279bca68-3e74-4690-81cf-da5ab79b92f7@group-AF49A4A4CA2A-LeaderElection95] INFO  impl.LeaderElection (LeaderElection.java:logAndReturn(56)) - 279bca68-3e74-4690-81cf-da5ab79b92f7@group-AF49A4A4CA2A-LeaderElection95: Election REJECTED; received 2 response(s) [279bca68-3e74-4690-81cf-da5ab79b92f7<-daebe4f8-0ad9-4eb2-8ed7-3a8051847eb6#0:FAIL-t96, 279bca68-3e74-4690-81cf-da5ab79b92f7<-389d5540-641f-48c2-a9df-60738dbad976#0:FAIL-t96] and 0 exception(s); 279bca68-3e74-4690-81cf-da5ab79b92f7@group-AF49A4A4CA2A:t96, leader=null, voted=279bca68-3e74-4690-81cf-da5ab79b92f7, raftlog=279bca68-3e74-4690-81cf-da5ab79b92f7@group-AF49A4A4CA2A-SegmentedRaftLog:OPENED:c-1,f-1,i0, conf=-1: [daebe4f8-0ad9-4eb2-8ed7-3a8051847eb6:192.168.69.118:44860, 389d5540-641f-48c2-a9df-60738dbad976:192.168.69.118:45712, 279bca68-3e74-4690-81cf-da5ab79b92f7:192.168.69.118:45510], old=null
2019-10-23 12:36:17,812 [279bca68-3e74-4690-81cf-da5ab79b92f7@group-AF49A4A4CA2A-LeaderElection95] INFO  impl.RaftServerImpl (RaftServerImpl.java:setRole(184)) - 279bca68-3e74-4690-81cf-da5ab79b92f7@group-AF49A4A4CA2A: changes role from CANDIDATE to FOLLOWER at term 96 for DISCOVERED_A_NEW_TERM
2019-10-23 12:36:17,812 [279bca68-3e74-4690-81cf-da5ab79b92f7@group-AF49A4A4CA2A-LeaderElection95] INFO  impl.RoleInfo (RoleInfo.java:shutdownLeaderElection(134)) - 279bca68-3e74-4690-81cf-da5ab79b92f7: shutdown LeaderElection
2019-10-23 12:36:17,812 [279bca68-3e74-4690-81cf-da5ab79b92f7@group-AF49A4A4CA2A-LeaderElection95] INFO  impl.RoleInfo (RoleInfo.java:updateAndGet(143)) - 279bca68-3e74-4690-81cf-da5ab79b92f7: start FollowerState
2019-10-23 12:36:17,856 [Thread-836] INFO  impl.FollowerState (FollowerState.java:run(108)) - 279bca68-3e74-4690-81cf-da5ab79b92f7@group-AF49A4A4CA2A-FollowerState: change to CANDIDATE, lastRpcTime:44ms, electionTimeout:44ms
2019-10-23 12:36:17,856 [Thread-836] INFO  impl.RoleInfo (RoleInfo.java:shutdownFollowerState(121)) - 279bca68-3e74-4690-81cf-da5ab79b92f7: shutdown FollowerState
2019-10-23 12:36:17,857 [Thread-836] INFO  impl.RaftServerImpl (RaftServerImpl.java:setRole(184)) - 279bca68-3e74-4690-81cf-da5ab79b92f7@group-AF49A4A4CA2A: changes role from  FOLLOWER to CANDIDATE at term 96 for changeToCandidate
2019-10-23 12:36:17,857 [Thread-836] INFO  impl.RoleInfo (RoleInfo.java:updateAndGet(143)) - 279bca68-3e74-4690-81cf-da5ab79b92f7: start LeaderElection
2019-10-23 12:36:17,871 [279bca68-3e74-4690-81cf-da5ab79b92f7@group-AF49A4A4CA2A-LeaderElection96] INFO  impl.LeaderElection (LeaderElection.java:askForVotes(178)) - 279bca68-3e74-4690-81cf-da5ab79b92f7@group-AF49A4A4CA2A-LeaderElection96: begin an election at term 97 for -1: [daebe4f8-0ad9-4eb2-8ed7-3a8051847eb6:192.168.69.118:44860, 389d5540-641f-48c2-a9df-60738dbad976:192.168.69.118:45712, 279bca68-3e74-4690-81cf-da5ab79b92f7:192.168.69.118:45510], old=null
2019-10-23 12:36:17,873 [grpc-default-executor-3] INFO  impl.RaftServerImpl (RaftServerImpl.java:setRole(184)) - daebe4f8-0ad9-4eb2-8ed7-3a8051847eb6@group-AF49A4A4CA2A: changes role from  FOLLOWER to FOLLOWER at term 97 for recognizeCandidate:279bca68-3e74-4690-81cf-da5ab79b92f7
2019-10-23 12:36:17,873 [grpc-default-executor-3] INFO  impl.RoleInfo (RoleInfo.java:shutdownFollowerState(121)) - daebe4f8-0ad9-4eb2-8ed7-3a8051847eb6: shutdown FollowerState
2019-10-23 12:36:17,873 [grpc-default-executor-4] INFO  impl.RaftServerImpl (RaftServerImpl.java:setRole(184)) - 389d5540-641f-48c2-a9df-60738dbad976@group-AF49A4A4CA2A: changes role from  FOLLOWER to FOLLOWER at term 97 for recognizeCandidate:279bca68-3e74-4690-81cf-da5ab79b92f7
2019-10-23 12:36:17,874 [Thread-833] INFO  impl.FollowerState (FollowerState.java:run(117)) - daebe4f8-0ad9-4eb2-8ed7-3a8051847eb6@group-AF49A4A4CA2A-FollowerState was interrupted: java.lang.InterruptedException: sleep interrupted
2019-10-23 12:36:17,873 [grpc-default-executor-3] INFO  impl.RoleInfo (RoleInfo.java:updateAndGet(143)) - daebe4f8-0ad9-4eb2-8ed7-3a8051847eb6: start FollowerState
2019-10-23 12:36:17,874 [grpc-default-executor-4] INFO  impl.RoleInfo (RoleInfo.java:shutdownFollowerState(121)) - 389d5540-641f-48c2-a9df-60738dbad976: shutdown FollowerState
2019-10-23 12:36:17,874 [grpc-default-executor-4] INFO  impl.RoleInfo (RoleInfo.java:updateAndGet(143)) - 389d5540-641f-48c2-a9df-60738dbad976: start FollowerState
2019-10-23 12:36:17,874 [Thread-834] INFO  impl.FollowerState (FollowerState.java:run(117)) - 389d5540-641f-48c2-a9df-60738dbad976@group-AF49A4A4CA2A-FollowerState was interrupted: java.lang.InterruptedException: sleep interrupted
2019-10-23 12:36:17,897 [279bca68-3e74-4690-81cf-da5ab79b92f7@group-AF49A4A4CA2A-LeaderElection96] INFO  impl.LeaderElection (LeaderElection.java:logAndReturn(56)) - 279bca68-3e74-4690-81cf-da5ab79b92f7@group-AF49A4A4CA2A-LeaderElection96: Election REJECTED; received 2 response(s) [279bca68-3e74-4690-81cf-da5ab79b92f7<-daebe4f8-0ad9-4eb2-8ed7-3a8051847eb6#0:FAIL-t97, 279bca68-3e74-4690-81cf-da5ab79b92f7<-389d5540-641f-48c2-a9df-60738dbad976#0:FAIL-t97] and 0 exception(s); 279bca68-3e74-4690-81cf-da5ab79b92f7@group-AF49A4A4CA2A:t97, leader=null, voted=279bca68-3e74-4690-81cf-da5ab79b92f7, raftlog=279bca68-3e74-4690-81cf-da5ab79b92f7@group-AF49A4A4CA2A-SegmentedRaftLog:OPENED:c-1,f-1,i0, conf=-1: [daebe4f8-0ad9-4eb2-8ed7-3a8051847eb6:192.168.69.118:44860, 389d5540-641f-48c2-a9df-60738dbad976:192.168.69.118:45712, 279bca68-3e74-4690-81cf-da5ab79b92f7:192.168.69.118:45510], old=null
2019-10-23 12:36:17,897 [279bca68-3e74-4690-81cf-da5ab79b92f7@group-AF49A4A4CA2A-LeaderElection96] INFO  impl.RaftServerImpl (RaftServerImpl.java:setRole(184)) - 279bca68-3e74-4690-81cf-da5ab79b92f7@group-AF49A4A4CA2A: changes role from CANDIDATE to FOLLOWER at term 97 for DISCOVERED_A_NEW_TERM
2019-10-23 12:36:17,897 [279bca68-3e74-4690-81cf-da5ab79b92f7@group-AF49A4A4CA2A-LeaderElection96] INFO  impl.RoleInfo (RoleInfo.java:shutdownLeaderElection(134)) - 279bca68-3e74-4690-81cf-da5ab79b92f7: shutdown LeaderElection
2019-10-23 12:36:17,898 [279bca68-3e74-4690-81cf-da5ab79b92f7@group-AF49A4A4CA2A-LeaderElection96] INFO  impl.RoleInfo (RoleInfo.java:updateAndGet(143)) - 279bca68-3e74-4690-81cf-da5ab79b92f7: start FollowerState
2019-10-23 12:36:17,980 [Thread-842] INFO  impl.FollowerState (FollowerState.java:run(108)) - 279bca68-3e74-4690-81cf-da5ab79b92f7@group-AF49A4A4CA2A-FollowerState: change to CANDIDATE, lastRpcTime:82ms, electionTimeout:82ms
2019-10-23 12:36:17,980 [Thread-842] INFO  impl.RoleInfo (RoleInfo.java:shutdownFollowerState(121)) - 279bca68-3e74-4690-81cf-da5ab79b92f7: shutdown FollowerState
2019-10-23 12:36:17,980 [Thread-842] INFO  impl.RaftServerImpl (RaftServerImpl.java:setRole(184)) - 279bca68-3e74-4690-81cf-da5ab79b92f7@group-AF49A4A4CA2A: changes role from  FOLLOWER to CANDIDATE at term 97 for changeToCandidate
2019-10-23 12:36:17,980 [Thread-842] INFO  impl.RoleInfo (RoleInfo.java:updateAndGet(143)) - 279bca68-3e74-4690-81cf-da5ab79b92f7: start LeaderElection
2019-10-23 12:36:17,994 [279bca68-3e74-4690-81cf-da5ab79b92f7@group-AF49A4A4CA2A-LeaderElection97] INFO  impl.LeaderElection (LeaderElection.java:askForVotes(178)) - 279bca68-3e74-4690-81cf-da5ab79b92f7@group-AF49A4A4CA2A-LeaderElection97: begin an election at term 98 for -1: [daebe4f8-0ad9-4eb2-8ed7-3a8051847eb6:192.168.69.118:44860, 389d5540-641f-48c2-a9df-60738dbad976:192.168.69.118:45712, 279bca68-3e74-4690-81cf-da5ab79b92f7:192.168.69.118:45510], old=null
2019-10-23 12:36:17,996 [grpc-default-executor-4] INFO  impl.RaftServerImpl (RaftServerImpl.java:setRole(184)) - daebe4f8-0ad9-4eb2-8ed7-3a8051847eb6@group-AF49A4A4CA2A: changes role from  FOLLOWER to FOLLOWER at term 98 for recognizeCandidate:279bca68-3e74-4690-81cf-da5ab79b92f7
2019-10-23 12:36:17,996 [grpc-default-executor-4] INFO  impl.RoleInfo (RoleInfo.java:shutdownFollowerState(121)) - daebe4f8-0ad9-4eb2-8ed7-3a8051847eb6: shutdown FollowerState
2019-10-23 12:36:17,996 [grpc-default-executor-3] INFO  impl.RaftServerImpl (RaftServerImpl.java:setRole(184)) - 389d5540-641f-48c2-a9df-60738dbad976@group-AF49A4A4CA2A: changes role from  FOLLOWER to FOLLOWER at term 98 for recognizeCandidate:279bca68-3e74-4690-81cf-da5ab79b92f7
2019-10-23 12:36:17,996 [grpc-default-executor-3] INFO  impl.RoleInfo (RoleInfo.java:shutdownFollowerState(121)) - 389d5540-641f-48c2-a9df-60738dbad976: shutdown FollowerState
2019-10-23 12:36:17,996 [Thread-840] INFO  impl.FollowerState (FollowerState.java:run(117)) - daebe4f8-0ad9-4eb2-8ed7-3a8051847eb6@group-AF49A4A4CA2A-FollowerState was interrupted: java.lang.InterruptedException: sleep interrupted
2019-10-23 12:36:17,996 [grpc-default-executor-4] INFO  impl.RoleInfo (RoleInfo.java:updateAndGet(143)) - daebe4f8-0ad9-4eb2-8ed7-3a8051847eb6: start FollowerState
2019-10-23 12:36:17,997 [Thread-841] INFO  impl.FollowerState (FollowerState.java:run(117)) - 389d5540-641f-48c2-a9df-60738dbad976@group-AF49A4A4CA2A-FollowerState was interrupted: java.lang.InterruptedException: sleep interrupted
2019-10-23 12:36:17,997 [grpc-default-executor-3] INFO  impl.RoleInfo (RoleInfo.java:updateAndGet(143)) - 389d5540-641f-48c2-a9df-60738dbad976: start FollowerState
2019-10-23 12:36:18,012 [279bca68-3e74-4690-81cf-da5ab79b92f7@group-AF49A4A4CA2A-LeaderElection97] INFO  impl.LeaderElection (LeaderElection.java:logAndReturn(56)) - 279bca68-3e74-4690-81cf-da5ab79b92f7@group-AF49A4A4CA2A-LeaderElection97: Election REJECTED; received 2 response(s) [279bca68-3e74-4690-81cf-da5ab79b92f7<-daebe4f8-0ad9-4eb2-8ed7-3a8051847eb6#0:FAIL-t98, 279bca68-3e74-4690-81cf-da5ab79b92f7<-389d5540-641f-48c2-a9df-60738dbad976#0:FAIL-t98] and 0 exception(s); 279bca68-3e74-4690-81cf-da5ab79b92f7@group-AF49A4A4CA2A:t98, leader=null, voted=279bca68-3e74-4690-81cf-da5ab79b92f7, raftlog=279bca68-3e74-4690-81cf-da5ab79b92f7@group-AF49A4A4CA2A-SegmentedRaftLog:OPENED:c-1,f-1,i0, conf=-1: [daebe4f8-0ad9-4eb2-8ed7-3a8051847eb6:192.168.69.118:44860, 389d5540-641f-48c2-a9df-60738dbad976:192.168.69.118:45712, 279bca68-3e74-4690-81cf-da5ab79b92f7:192.168.69.118:45510], old=null
2019-10-23 12:36:18,013 [279bca68-3e74-4690-81cf-da5ab79b92f7@group-AF49A4A4CA2A-LeaderElection97] INFO  impl.RaftServerImpl (RaftServerImpl.java:setRole(184)) - 279bca68-3e74-4690-81cf-da5ab79b92f7@group-AF49A4A4CA2A: changes role from CANDIDATE to FOLLOWER at term 98 for DISCOVERED_A_NEW_TERM
2019-10-23 12:36:18,013 [279bca68-3e74-4690-81cf-da5ab79b92f7@group-AF49A4A4CA2A-LeaderElection97] INFO  impl.RoleInfo (RoleInfo.java:shutdownLeaderElection(134)) - 279bca68-3e74-4690-81cf-da5ab79b92f7: shutdown LeaderElection
2019-10-23 12:36:18,013 [279bca68-3e74-4690-81cf-da5ab79b92f7@group-AF49A4A4CA2A-LeaderElection97] INFO  impl.RoleInfo (RoleInfo.java:updateAndGet(143)) - 279bca68-3e74-4690-81cf-da5ab79b92f7: start FollowerState
2019-10-23 12:36:18,056 [Thread-848] INFO  impl.FollowerState (FollowerState.java:run(108)) - 279bca68-3e74-4690-81cf-da5ab79b92f7@group-AF49A4A4CA2A-FollowerState: change to CANDIDATE, lastRpcTime:43ms, electionTimeout:43ms
2019-10-23 12:36:18,056 [Thread-848] INFO  impl.RoleInfo (RoleInfo.java:shutdownFollowerState(121)) - 279bca68-3e74-4690-81cf-da5ab79b92f7: shutdown FollowerState
2019-10-23 12:36:18,056 [Thread-848] INFO  impl.RaftServerImpl (RaftServerImpl.java:setRole(184)) - 279bca68-3e74-4690-81cf-da5ab79b92f7@group-AF49A4A4CA2A: changes role from  FOLLOWER to CANDIDATE at term 98 for changeToCandidate
2019-10-23 12:36:18,057 [Thread-848] INFO  impl.RoleInfo (RoleInfo.java:updateAndGet(143)) - 279bca68-3e74-4690-81cf-da5ab79b92f7: start LeaderElection
2019-10-23 12:36:18,070 [279bca68-3e74-4690-81cf-da5ab79b92f7@group-AF49A4A4CA2A-LeaderElection98] INFO  impl.LeaderElection (LeaderElection.java:askForVotes(178)) - 279bca68-3e74-4690-81cf-da5ab79b92f7@group-AF49A4A4CA2A-LeaderElection98: begin an election at term 99 for -1: [daebe4f8-0ad9-4eb2-8ed7-3a8051847eb6:192.168.69.118:44860, 389d5540-641f-48c2-a9df-60738dbad976:192.168.69.118:45712, 279bca68-3e74-4690-81cf-da5ab79b92f7:192.168.69.118:45510], old=null
2019-10-23 12:36:18,072 [grpc-default-executor-4] INFO  impl.RaftServerImpl (RaftServerImpl.java:setRole(184)) - daebe4f8-0ad9-4eb2-8ed7-3a8051847eb6@group-AF49A4A4CA2A: changes role from  FOLLOWER to FOLLOWER at term 99 for recognizeCandidate:279bca68-3e74-4690-81cf-da5ab79b92f7
2019-10-23 12:36:18,072 [grpc-default-executor-3] INFO  impl.RaftServerImpl (RaftServerImpl.java:setRole(184)) - 389d5540-641f-48c2-a9df-60738dbad976@group-AF49A4A4CA2A: changes role from  FOLLOWER to FOLLOWER at term 99 for recognizeCandidate:279bca68-3e74-4690-81cf-da5ab79b92f7
2019-10-23 12:36:18,073 [grpc-default-executor-4] INFO  impl.RoleInfo (RoleInfo.java:shutdownFollowerState(121)) - daebe4f8-0ad9-4eb2-8ed7-3a8051847eb6: shutdown FollowerState
2019-10-23 12:36:18,073 [grpc-default-executor-3] INFO  impl.RoleInfo (RoleInfo.java:shutdownFollowerState(121)) - 389d5540-641f-48c2-a9df-60738dbad976: shutdown FollowerState
2019-10-23 12:36:18,073 [grpc-default-executor-4] INFO  impl.RoleInfo (RoleInfo.java:updateAndGet(143)) - daebe4f8-0ad9-4eb2-8ed7-3a8051847eb6: start FollowerState
2019-10-23 12:36:18,073 [Thread-847] INFO  impl.FollowerState (FollowerState.java:run(117)) - 389d5540-641f-48c2-a9df-60738dbad976@group-AF49A4A4CA2A-FollowerState was interrupted: java.lang.InterruptedException: sleep interrupted
2019-10-23 12:36:18,073 [grpc-default-executor-3] INFO  impl.RoleInfo (RoleInfo.java:updateAndGet(143)) - 389d5540-641f-48c2-a9df-60738dbad976: start FollowerState
2019-10-23 12:36:18,073 [Thread-846] INFO  impl.FollowerState (FollowerState.java:run(117)) - daebe4f8-0ad9-4eb2-8ed7-3a8051847eb6@group-AF49A4A4CA2A-FollowerState was interrupted: java.lang.InterruptedException: sleep interrupted
2019-10-23 12:36:18,090 [279bca68-3e74-4690-81cf-da5ab79b92f7@group-AF49A4A4CA2A-LeaderElection98] INFO  impl.LeaderElection (LeaderElection.java:logAndReturn(56)) - 279bca68-3e74-4690-81cf-da5ab79b92f7@group-AF49A4A4CA2A-LeaderElection98: Election REJECTED; received 2 response(s) [279bca68-3e74-4690-81cf-da5ab79b92f7<-daebe4f8-0ad9-4eb2-8ed7-3a8051847eb6#0:FAIL-t99, 279bca68-3e74-4690-81cf-da5ab79b92f7<-389d5540-641f-48c2-a9df-60738dbad976#0:FAIL-t99] and 0 exception(s); 279bca68-3e74-4690-81cf-da5ab79b92f7@group-AF49A4A4CA2A:t99, leader=null, voted=279bca68-3e74-4690-81cf-da5ab79b92f7, raftlog=279bca68-3e74-4690-81cf-da5ab79b92f7@group-AF49A4A4CA2A-SegmentedRaftLog:OPENED:c-1,f-1,i0, conf=-1: [daebe4f8-0ad9-4eb2-8ed7-3a8051847eb6:192.168.69.118:44860, 389d5540-641f-48c2-a9df-60738dbad976:192.168.69.118:45712, 279bca68-3e74-4690-81cf-da5ab79b92f7:192.168.69.118:45510], old=null
2019-10-23 12:36:18,090 [279bca68-3e74-4690-81cf-da5ab79b92f7@group-AF49A4A4CA2A-LeaderElection98] INFO  impl.RaftServerImpl (RaftServerImpl.java:setRole(184)) - 279bca68-3e74-4690-81cf-da5ab79b92f7@group-AF49A4A4CA2A: changes role from CANDIDATE to FOLLOWER at term 99 for DISCOVERED_A_NEW_TERM
2019-10-23 12:36:18,090 [279bca68-3e74-4690-81cf-da5ab79b92f7@group-AF49A4A4CA2A-LeaderElection98] INFO  impl.RoleInfo (RoleInfo.java:shutdownLeaderElection(134)) - 279bca68-3e74-4690-81cf-da5ab79b92f7: shutdown LeaderElection
2019-10-23 12:36:18,090 [279bca68-3e74-4690-81cf-da5ab79b92f7@group-AF49A4A4CA2A-LeaderElection98] INFO  impl.RoleInfo (RoleInfo.java:updateAndGet(143)) - 279bca68-3e74-4690-81cf-da5ab79b92f7: start FollowerState
2019-10-23 12:36:18,216 [Thread-854] INFO  impl.FollowerState (FollowerState.java:run(108)) - 279bca68-3e74-4690-81cf-da5ab79b92f7@group-AF49A4A4CA2A-FollowerState: change to CANDIDATE, lastRpcTime:126ms, electionTimeout:126ms
2019-10-23 12:36:18,217 [Thread-854] INFO  impl.RoleInfo (RoleInfo.java:shutdownFollowerState(121)) - 279bca68-3e74-4690-81cf-da5ab79b92f7: shutdown FollowerState
2019-10-23 12:36:18,217 [Thread-854] INFO  impl.RaftServerImpl (RaftServerImpl.java:setRole(184)) - 279bca68-3e74-4690-81cf-da5ab79b92f7@group-AF49A4A4CA2A: changes role from  FOLLOWER to CANDIDATE at term 99 for changeToCandidate
2019-10-23 12:36:18,217 [Thread-854] INFO  impl.RoleInfo (RoleInfo.java:updateAndGet(143)) - 279bca68-3e74-4690-81cf-da5ab79b92f7: start LeaderElection
2019-10-23 12:36:18,239 [279bca68-3e74-4690-81cf-da5ab79b92f7@group-AF49A4A4CA2A-LeaderElection99] INFO  impl.LeaderElection (LeaderElection.java:askForVotes(178)) - 279bca68-3e74-4690-81cf-da5ab79b92f7@group-AF49A4A4CA2A-LeaderElection99: begin an election at term 100 for -1: [daebe4f8-0ad9-4eb2-8ed7-3a8051847eb6:192.168.69.118:44860, 389d5540-641f-48c2-a9df-60738dbad976:192.168.69.118:45712, 279bca68-3e74-4690-81cf-da5ab79b92f7:192.168.69.118:45510], old=null
2019-10-23 12:36:18,242 [grpc-default-executor-4] INFO  impl.RaftServerImpl (RaftServerImpl.java:setRole(184)) - 389d5540-641f-48c2-a9df-60738dbad976@group-AF49A4A4CA2A: changes role from  FOLLOWER to FOLLOWER at term 100 for recognizeCandidate:279bca68-3e74-4690-81cf-da5ab79b92f7
2019-10-23 12:36:18,242 [grpc-default-executor-3] INFO  impl.RaftServerImpl (RaftServerImpl.java:setRole(184)) - daebe4f8-0ad9-4eb2-8ed7-3a8051847eb6@group-AF49A4A4CA2A: changes role from  FOLLOWER to FOLLOWER at term 100 for recognizeCandidate:279bca68-3e74-4690-81cf-da5ab79b92f7
2019-10-23 12:36:18,243 [grpc-default-executor-4] INFO  impl.RoleInfo (RoleInfo.java:shutdownFollowerState(121)) - 389d5540-641f-48c2-a9df-60738dbad976: shutdown FollowerState
2019-10-23 12:36:18,243 [grpc-default-executor-3] INFO  impl.RoleInfo (RoleInfo.java:shutdownFollowerState(121)) - daebe4f8-0ad9-4eb2-8ed7-3a8051847eb6: shutdown FollowerState
2019-10-23 12:36:18,243 [Thread-853] INFO  impl.FollowerState (FollowerState.java:run(117)) - 389d5540-641f-48c2-a9df-60738dbad976@group-AF49A4A4CA2A-FollowerState was interrupted: java.lang.InterruptedException: sleep interrupted
2019-10-23 12:36:18,243 [grpc-default-executor-4] INFO  impl.RoleInfo (RoleInfo.java:updateAndGet(143)) - 389d5540-641f-48c2-a9df-60738dbad976: start FollowerState
2019-10-23 12:36:18,243 [Thread-852] INFO  impl.FollowerState (FollowerState.java:run(117)) - daebe4f8-0ad9-4eb2-8ed7-3a8051847eb6@group-AF49A4A4CA2A-FollowerState was interrupted: java.lang.InterruptedException: sleep interrupted
2019-10-23 12:36:18,243 [grpc-default-executor-3] INFO  impl.RoleInfo (RoleInfo.java:updateAndGet(143)) - daebe4f8-0ad9-4eb2-8ed7-3a8051847eb6: start FollowerState
2019-10-23 12:36:18,259 [279bca68-3e74-4690-81cf-da5ab79b92f7@group-AF49A4A4CA2A-LeaderElection99] INFO  impl.LeaderElection (LeaderElection.java:logAndReturn(56)) - 279bca68-3e74-4690-81cf-da5ab79b92f7@group-AF49A4A4CA2A-LeaderElection99: Election REJECTED; received 2 response(s) [279bca68-3e74-4690-81cf-da5ab79b92f7<-daebe4f8-0ad9-4eb2-8ed7-3a8051847eb6#0:FAIL-t100, 279bca68-3e74-4690-81cf-da5ab79b92f7<-389d5540-641f-48c2-a9df-60738dbad976#0:FAIL-t100] and 0 exception(s); 279bca68-3e74-4690-81cf-da5ab79b92f7@group-AF49A4A4CA2A:t100, leader=null, voted=279bca68-3e74-4690-81cf-da5ab79b92f7, raftlog=279bca68-3e74-4690-81cf-da5ab79b92f7@group-AF49A4A4CA2A-SegmentedRaftLog:OPENED:c-1,f-1,i0, conf=-1: [daebe4f8-0ad9-4eb2-8ed7-3a8051847eb6:192.168.69.118:44860, 389d5540-641f-48c2-a9df-60738dbad976:192.168.69.118:45712, 279bca68-3e74-4690-81cf-da5ab79b92f7:192.168.69.118:45510], old=null
2019-10-23 12:36:18,260 [279bca68-3e74-4690-81cf-da5ab79b92f7@group-AF49A4A4CA2A-LeaderElection99] INFO  impl.RaftServerImpl (RaftServerImpl.java:setRole(184)) - 279bca68-3e74-4690-81cf-da5ab79b92f7@group-AF49A4A4CA2A: changes role from CANDIDATE to FOLLOWER at term 100 for DISCOVERED_A_NEW_TERM
2019-10-23 12:36:18,260 [279bca68-3e74-4690-81cf-da5ab79b92f7@group-AF49A4A4CA2A-LeaderElection99] INFO  impl.RoleInfo (RoleInfo.java:shutdownLeaderElection(134)) - 279bca68-3e74-4690-81cf-da5ab79b92f7: shutdown LeaderElection
2019-10-23 12:36:18,260 [279bca68-3e74-4690-81cf-da5ab79b92f7@group-AF49A4A4CA2A-LeaderElection99] INFO  impl.RoleInfo (RoleInfo.java:updateAndGet(143)) - 279bca68-3e74-4690-81cf-da5ab79b92f7: start FollowerState
2019-10-23 12:36:18,395 [Thread-860] INFO  impl.FollowerState (FollowerState.java:run(108)) - 279bca68-3e74-4690-81cf-da5ab79b92f7@group-AF49A4A4CA2A-FollowerState: change to CANDIDATE, lastRpcTime:135ms, electionTimeout:135ms
2019-10-23 12:36:18,395 [Thread-860] INFO  impl.RoleInfo (RoleInfo.java:shutdownFollowerState(121)) - 279bca68-3e74-4690-81cf-da5ab79b92f7: shutdown FollowerState
2019-10-23 12:36:18,396 [Thread-860] INFO  impl.RaftServerImpl (RaftServerImpl.java:setRole(184)) - 279bca68-3e74-4690-81cf-da5ab79b92f7@group-AF49A4A4CA2A: changes role from  FOLLOWER to CANDIDATE at term 100 for changeToCandidate
2019-10-23 12:36:18,396 [Thread-860] INFO  impl.RoleInfo (RoleInfo.java:updateAndGet(143)) - 279bca68-3e74-4690-81cf-da5ab79b92f7: start LeaderElection
2019-10-23 12:36:18,409 [279bca68-3e74-4690-81cf-da5ab79b92f7@group-AF49A4A4CA2A-LeaderElection100] INFO  impl.LeaderElection (LeaderElection.java:askForVotes(178)) - 279bca68-3e74-4690-81cf-da5ab79b92f7@group-AF49A4A4CA2A-LeaderElection100: begin an election at term 101 for -1: [daebe4f8-0ad9-4eb2-8ed7-3a8051847eb6:192.168.69.118:44860, 389d5540-641f-48c2-a9df-60738dbad976:192.168.69.118:45712, 279bca68-3e74-4690-81cf-da5ab79b92f7:192.168.69.118:45510], old=null
2019-10-23 12:36:18,412 [grpc-default-executor-4] INFO  impl.RaftServerImpl (RaftServerImpl.java:setRole(184)) - daebe4f8-0ad9-4eb2-8ed7-3a8051847eb6@group-AF49A4A4CA2A: changes role from  FOLLOWER to FOLLOWER at term 101 for recognizeCandidate:279bca68-3e74-4690-81cf-da5ab79b92f7
2019-10-23 12:36:18,412 [grpc-default-executor-3] INFO  impl.RaftServerImpl (RaftServerImpl.java:setRole(184)) - 389d5540-641f-48c2-a9df-60738dbad976@group-AF49A4A4CA2A: changes role from  FOLLOWER to FOLLOWER at term 101 for recognizeCandidate:279bca68-3e74-4690-81cf-da5ab79b92f7
2019-10-23 12:36:18,412 [grpc-default-executor-4] INFO  impl.RoleInfo (RoleInfo.java:shutdownFollowerState(121)) - daebe4f8-0ad9-4eb2-8ed7-3a8051847eb6: shutdown FollowerState
2019-10-23 12:36:18,413 [grpc-default-executor-3] INFO  impl.RoleInfo (RoleInfo.java:shutdownFollowerState(121)) - 389d5540-641f-48c2-a9df-60738dbad976: shutdown FollowerState
2019-10-23 12:36:18,413 [Thread-859] INFO  impl.FollowerState (FollowerState.java:run(117)) - daebe4f8-0ad9-4eb2-8ed7-3a8051847eb6@group-AF49A4A4CA2A-FollowerState was interrupted: java.lang.InterruptedException: sleep interrupted
2019-10-23 12:36:18,413 [grpc-default-executor-4] INFO  impl.RoleInfo (RoleInfo.java:updateAndGet(143)) - daebe4f8-0ad9-4eb2-8ed7-3a8051847eb6: start FollowerState
2019-10-23 12:36:18,413 [Thread-858] INFO  impl.FollowerState (FollowerState.java:run(117)) - 389d5540-641f-48c2-a9df-60738dbad976@group-AF49A4A4CA2A-FollowerState was interrupted: java.lang.InterruptedException: sleep interrupted
2019-10-23 12:36:18,413 [grpc-default-executor-3] INFO  impl.RoleInfo (RoleInfo.java:updateAndGet(143)) - 389d5540-641f-48c2-a9df-60738dbad976: start FollowerState
2019-10-23 12:36:18,450 [279bca68-3e74-4690-81cf-da5ab79b92f7@group-AF49A4A4CA2A-LeaderElection100] INFO  impl.LeaderElection (LeaderElection.java:logAndReturn(56)) - 279bca68-3e74-4690-81cf-da5ab79b92f7@group-AF49A4A4CA2A-LeaderElection100: Election REJECTED; received 2 response(s) [279bca68-3e74-4690-81cf-da5ab79b92f7<-daebe4f8-0ad9-4eb2-8ed7-3a8051847eb6#0:FAIL-t101, 279bca68-3e74-4690-81cf-da5ab79b92f7<-389d5540-641f-48c2-a9df-60738dbad976#0:FAIL-t101] and 0 exception(s); 279bca68-3e74-4690-81cf-da5ab79b92f7@group-AF49A4A4CA2A:t101, leader=null, voted=279bca68-3e74-4690-81cf-da5ab79b92f7, raftlog=279bca68-3e74-4690-81cf-da5ab79b92f7@group-AF49A4A4CA2A-SegmentedRaftLog:OPENED:c-1,f-1,i0, conf=-1: [daebe4f8-0ad9-4eb2-8ed7-3a8051847eb6:192.168.69.118:44860, 389d5540-641f-48c2-a9df-60738dbad976:192.168.69.118:45712, 279bca68-3e74-4690-81cf-da5ab79b92f7:192.168.69.118:45510], old=null
2019-10-23 12:36:18,450 [279bca68-3e74-4690-81cf-da5ab79b92f7@group-AF49A4A4CA2A-LeaderElection100] INFO  impl.RaftServerImpl (RaftServerImpl.java:setRole(184)) - 279bca68-3e74-4690-81cf-da5ab79b92f7@group-AF49A4A4CA2A: changes role from CANDIDATE to FOLLOWER at term 101 for DISCOVERED_A_NEW_TERM
2019-10-23 12:36:18,450 [279bca68-3e74-4690-81cf-da5ab79b92f7@group-AF49A4A4CA2A-LeaderElection100] INFO  impl.RoleInfo (RoleInfo.java:shutdownLeaderElection(134)) - 279bca68-3e74-4690-81cf-da5ab79b92f7: shutdown LeaderElection
2019-10-23 12:36:18,451 [279bca68-3e74-4690-81cf-da5ab79b92f7@group-AF49A4A4CA2A-LeaderElection100] INFO  impl.RoleInfo (RoleInfo.java:updateAndGet(143)) - 279bca68-3e74-4690-81cf-da5ab79b92f7: start FollowerState
2019-10-23 12:36:18,524 [Thread-866] INFO  impl.FollowerState (FollowerState.java:run(108)) - 279bca68-3e74-4690-81cf-da5ab79b92f7@group-AF49A4A4CA2A-FollowerState: change to CANDIDATE, lastRpcTime:73ms, electionTimeout:73ms
2019-10-23 12:36:18,524 [Thread-866] INFO  impl.RoleInfo (RoleInfo.java:shutdownFollowerState(121)) - 279bca68-3e74-4690-81cf-da5ab79b92f7: shutdown FollowerState
2019-10-23 12:36:18,524 [Thread-866] INFO  impl.RaftServerImpl (RaftServerImpl.java:setRole(184)) - 279bca68-3e74-4690-81cf-da5ab79b92f7@group-AF49A4A4CA2A: changes role from  FOLLOWER to CANDIDATE at term 101 for changeToCandidate
2019-10-23 12:36:18,525 [Thread-866] INFO  impl.RoleInfo (RoleInfo.java:updateAndGet(143)) - 279bca68-3e74-4690-81cf-da5ab79b92f7: start LeaderElection
2019-10-23 12:36:18,551 [279bca68-3e74-4690-81cf-da5ab79b92f7@group-AF49A4A4CA2A-LeaderElection101] INFO  impl.LeaderElection (LeaderElection.java:askForVotes(178)) - 279bca68-3e74-4690-81cf-da5ab79b92f7@group-AF49A4A4CA2A-LeaderElection101: begin an election at term 102 for -1: [daebe4f8-0ad9-4eb2-8ed7-3a8051847eb6:192.168.69.118:44860, 389d5540-641f-48c2-a9df-60738dbad976:192.168.69.118:45712, 279bca68-3e74-4690-81cf-da5ab79b92f7:192.168.69.118:45510], old=null
2019-10-23 12:36:18,554 [grpc-default-executor-4] INFO  impl.RaftServerImpl (RaftServerImpl.java:setRole(184)) - daebe4f8-0ad9-4eb2-8ed7-3a8051847eb6@group-AF49A4A4CA2A: changes role from  FOLLOWER to FOLLOWER at term 102 for recognizeCandidate:279bca68-3e74-4690-81cf-da5ab79b92f7
2019-10-23 12:36:18,554 [grpc-default-executor-4] INFO  impl.RoleInfo (RoleInfo.java:shutdownFollowerState(121)) - daebe4f8-0ad9-4eb2-8ed7-3a8051847eb6: shutdown FollowerState
2019-10-23 12:36:18,554 [grpc-default-executor-3] INFO  impl.RaftServerImpl (RaftServerImpl.java:setRole(184)) - 389d5540-641f-48c2-a9df-60738dbad976@group-AF49A4A4CA2A: changes role from  FOLLOWER to FOLLOWER at term 102 for recognizeCandidate:279bca68-3e74-4690-81cf-da5ab79b92f7
2019-10-23 12:36:18,554 [Thread-864] INFO  impl.FollowerState (FollowerState.java:run(117)) - daebe4f8-0ad9-4eb2-8ed7-3a8051847eb6@group-AF49A4A4CA2A-FollowerState was interrupted: java.lang.InterruptedException: sleep interrupted
2019-10-23 12:36:18,554 [grpc-default-executor-4] INFO  impl.RoleInfo (RoleInfo.java:updateAndGet(143)) - daebe4f8-0ad9-4eb2-8ed7-3a8051847eb6: start FollowerState
2019-10-23 12:36:18,554 [grpc-default-executor-3] INFO  impl.RoleInfo (RoleInfo.java:shutdownFollowerState(121)) - 389d5540-641f-48c2-a9df-60738dbad976: shutdown FollowerState
2019-10-23 12:36:18,555 [grpc-default-executor-3] INFO  impl.RoleInfo (RoleInfo.java:updateAndGet(143)) - 389d5540-641f-48c2-a9df-60738dbad976: start FollowerState
2019-10-23 12:36:18,555 [Thread-865] INFO  impl.FollowerState (FollowerState.java:run(117)) - 389d5540-641f-48c2-a9df-60738dbad976@group-AF49A4A4CA2A-FollowerState was interrupted: java.lang.InterruptedException: sleep interrupted
2019-10-23 12:36:18,583 [279bca68-3e74-4690-81cf-da5ab79b92f7@group-AF49A4A4CA2A-LeaderElection101] INFO  impl.LeaderElection (LeaderElection.java:logAndReturn(56)) - 279bca68-3e74-4690-81cf-da5ab79b92f7@group-AF49A4A4CA2A-LeaderElection101: Election REJECTED; received 2 response(s) [279bca68-3e74-4690-81cf-da5ab79b92f7<-daebe4f8-0ad9-4eb2-8ed7-3a8051847eb6#0:FAIL-t102, 279bca68-3e74-4690-81cf-da5ab79b92f7<-389d5540-641f-48c2-a9df-60738dbad976#0:FAIL-t102] and 0 exception(s); 279bca68-3e74-4690-81cf-da5ab79b92f7@group-AF49A4A4CA2A:t102, leader=null, voted=279bca68-3e74-4690-81cf-da5ab79b92f7, raftlog=279bca68-3e74-4690-81cf-da5ab79b92f7@group-AF49A4A4CA2A-SegmentedRaftLog:OPENED:c-1,f-1,i0, conf=-1: [daebe4f8-0ad9-4eb2-8ed7-3a8051847eb6:192.168.69.118:44860, 389d5540-641f-48c2-a9df-60738dbad976:192.168.69.118:45712, 279bca68-3e74-4690-81cf-da5ab79b92f7:192.168.69.118:45510], old=null
2019-10-23 12:36:18,583 [279bca68-3e74-4690-81cf-da5ab79b92f7@group-AF49A4A4CA2A-LeaderElection101] INFO  impl.RaftServerImpl (RaftServerImpl.java:setRole(184)) - 279bca68-3e74-4690-81cf-da5ab79b92f7@group-AF49A4A4CA2A: changes role from CANDIDATE to FOLLOWER at term 102 for DISCOVERED_A_NEW_TERM
2019-10-23 12:36:18,583 [279bca68-3e74-4690-81cf-da5ab79b92f7@group-AF49A4A4CA2A-LeaderElection101] INFO  impl.RoleInfo (RoleInfo.java:shutdownLeaderElection(134)) - 279bca68-3e74-4690-81cf-da5ab79b92f7: shutdown LeaderElection
2019-10-23 12:36:18,583 [279bca68-3e74-4690-81cf-da5ab79b92f7@group-AF49A4A4CA2A-LeaderElection101] INFO  impl.RoleInfo (RoleInfo.java:updateAndGet(143)) - 279bca68-3e74-4690-81cf-da5ab79b92f7: start FollowerState
2019-10-23 12:36:18,690 [Thread-872] INFO  impl.FollowerState (FollowerState.java:run(108)) - 279bca68-3e74-4690-81cf-da5ab79b92f7@group-AF49A4A4CA2A-FollowerState: change to CANDIDATE, lastRpcTime:106ms, electionTimeout:106ms
2019-10-23 12:36:18,690 [Thread-872] INFO  impl.RoleInfo (RoleInfo.java:shutdownFollowerState(121)) - 279bca68-3e74-4690-81cf-da5ab79b92f7: shutdown FollowerState
2019-10-23 12:36:18,690 [Thread-872] INFO  impl.RaftServerImpl (RaftServerImpl.java:setRole(184)) - 279bca68-3e74-4690-81cf-da5ab79b92f7@group-AF49A4A4CA2A: changes role from  FOLLOWER to CANDIDATE at term 102 for changeToCandidate
2019-10-23 12:36:18,690 [Thread-872] INFO  impl.RoleInfo (RoleInfo.java:updateAndGet(143)) - 279bca68-3e74-4690-81cf-da5ab79b92f7: start LeaderElection
2019-10-23 12:36:18,704 [279bca68-3e74-4690-81cf-da5ab79b92f7@group-AF49A4A4CA2A-LeaderElection102] INFO  impl.LeaderElection (LeaderElection.java:askForVotes(178)) - 279bca68-3e74-4690-81cf-da5ab79b92f7@group-AF49A4A4CA2A-LeaderElection102: begin an election at term 103 for -1: [daebe4f8-0ad9-4eb2-8ed7-3a8051847eb6:192.168.69.118:44860, 389d5540-641f-48c2-a9df-60738dbad976:192.168.69.118:45712, 279bca68-3e74-4690-81cf-da5ab79b92f7:192.168.69.118:45510], old=null
2019-10-23 12:36:18,707 [grpc-default-executor-3] INFO  impl.RaftServerImpl (RaftServerImpl.java:setRole(184)) - 389d5540-641f-48c2-a9df-60738dbad976@group-AF49A4A4CA2A: changes role from  FOLLOWER to FOLLOWER at term 103 for recognizeCandidate:279bca68-3e74-4690-81cf-da5ab79b92f7
2019-10-23 12:36:18,707 [grpc-default-executor-3] INFO  impl.RoleInfo (RoleInfo.java:shutdownFollowerState(121)) - 389d5540-641f-48c2-a9df-60738dbad976: shutdown FollowerState
2019-10-23 12:36:18,707 [grpc-default-executor-4] INFO  impl.RaftServerImpl (RaftServerImpl.java:setRole(184)) - daebe4f8-0ad9-4eb2-8ed7-3a8051847eb6@group-AF49A4A4CA2A: changes role from  FOLLOWER to FOLLOWER at term 103 for recognizeCandidate:279bca68-3e74-4690-81cf-da5ab79b92f7
2019-10-23 12:36:18,708 [grpc-default-executor-4] INFO  impl.RoleInfo (RoleInfo.java:shutdownFollowerState(121)) - daebe4f8-0ad9-4eb2-8ed7-3a8051847eb6: shutdown FollowerState
2019-10-23 12:36:18,708 [grpc-default-executor-3] INFO  impl.RoleInfo (RoleInfo.java:updateAndGet(143)) - 389d5540-641f-48c2-a9df-60738dbad976: start FollowerState
2019-10-23 12:36:18,708 [Thread-870] INFO  impl.FollowerState (FollowerState.java:run(117)) - daebe4f8-0ad9-4eb2-8ed7-3a8051847eb6@group-AF49A4A4CA2A-FollowerState was interrupted: java.lang.InterruptedException: sleep interrupted
2019-10-23 12:36:18,708 [grpc-default-executor-4] INFO  impl.RoleInfo (RoleInfo.java:updateAndGet(143)) - daebe4f8-0ad9-4eb2-8ed7-3a8051847eb6: start FollowerState
2019-10-23 12:36:18,708 [Thread-871] INFO  impl.FollowerState (FollowerState.java:run(117)) - 389d5540-641f-48c2-a9df-60738dbad976@group-AF49A4A4CA2A-FollowerState was interrupted: java.lang.InterruptedException: sleep interrupted
2019-10-23 12:36:18,723 [279bca68-3e74-4690-81cf-da5ab79b92f7@group-AF49A4A4CA2A-LeaderElection102] INFO  impl.LeaderElection (LeaderElection.java:logAndReturn(56)) - 279bca68-3e74-4690-81cf-da5ab79b92f7@group-AF49A4A4CA2A-LeaderElection102: Election REJECTED; received 2 response(s) [279bca68-3e74-4690-81cf-da5ab79b92f7<-daebe4f8-0ad9-4eb2-8ed7-3a8051847eb6#0:FAIL-t103, 279bca68-3e74-4690-81cf-da5ab79b92f7<-389d5540-641f-48c2-a9df-60738dbad976#0:FAIL-t103] and 0 exception(s); 279bca68-3e74-4690-81cf-da5ab79b92f7@group-AF49A4A4CA2A:t103, leader=null, voted=279bca68-3e74-4690-81cf-da5ab79b92f7, raftlog=279bca68-3e74-4690-81cf-da5ab79b92f7@group-AF49A4A4CA2A-SegmentedRaftLog:OPENED:c-1,f-1,i0, conf=-1: [daebe4f8-0ad9-4eb2-8ed7-3a8051847eb6:192.168.69.118:44860, 389d5540-641f-48c2-a9df-60738dbad976:192.168.69.118:45712, 279bca68-3e74-4690-81cf-da5ab79b92f7:192.168.69.118:45510], old=null
2019-10-23 12:36:18,723 [279bca68-3e74-4690-81cf-da5ab79b92f7@group-AF49A4A4CA2A-LeaderElection102] INFO  impl.RaftServerImpl (RaftServerImpl.java:setRole(184)) - 279bca68-3e74-4690-81cf-da5ab79b92f7@group-AF49A4A4CA2A: changes role from CANDIDATE to FOLLOWER at term 103 for DISCOVERED_A_NEW_TERM
2019-10-23 12:36:18,724 [279bca68-3e74-4690-81cf-da5ab79b92f7@group-AF49A4A4CA2A-LeaderElection102] INFO  impl.RoleInfo (RoleInfo.java:shutdownLeaderElection(134)) - 279bca68-3e74-4690-81cf-da5ab79b92f7: shutdown LeaderElection
2019-10-23 12:36:18,724 [279bca68-3e74-4690-81cf-da5ab79b92f7@group-AF49A4A4CA2A-LeaderElection102] INFO  impl.RoleInfo (RoleInfo.java:updateAndGet(143)) - 279bca68-3e74-4690-81cf-da5ab79b92f7: start FollowerState
2019-10-23 12:36:18,834 [Thread-878] INFO  impl.FollowerState (FollowerState.java:run(108)) - 279bca68-3e74-4690-81cf-da5ab79b92f7@group-AF49A4A4CA2A-FollowerState: change to CANDIDATE, lastRpcTime:110ms, electionTimeout:110ms
2019-10-23 12:36:18,834 [Thread-878] INFO  impl.RoleInfo (RoleInfo.java:shutdownFollowerState(121)) - 279bca68-3e74-4690-81cf-da5ab79b92f7: shutdown FollowerState
2019-10-23 12:36:18,834 [Thread-878] INFO  impl.RaftServerImpl (RaftServerImpl.java:setRole(184)) - 279bca68-3e74-4690-81cf-da5ab79b92f7@group-AF49A4A4CA2A: changes role from  FOLLOWER to CANDIDATE at term 103 for changeToCandidate
2019-10-23 12:36:18,834 [Thread-878] INFO  impl.RoleInfo (RoleInfo.java:updateAndGet(143)) - 279bca68-3e74-4690-81cf-da5ab79b92f7: start LeaderElection
2019-10-23 12:36:18,848 [279bca68-3e74-4690-81cf-da5ab79b92f7@group-AF49A4A4CA2A-LeaderElection103] INFO  impl.LeaderElection (LeaderElection.java:askForVotes(178)) - 279bca68-3e74-4690-81cf-da5ab79b92f7@group-AF49A4A4CA2A-LeaderElection103: begin an election at term 104 for -1: [daebe4f8-0ad9-4eb2-8ed7-3a8051847eb6:192.168.69.118:44860, 389d5540-641f-48c2-a9df-60738dbad976:192.168.69.118:45712, 279bca68-3e74-4690-81cf-da5ab79b92f7:192.168.69.118:45510], old=null
2019-10-23 12:36:18,850 [grpc-default-executor-4] INFO  impl.RaftServerImpl (RaftServerImpl.java:setRole(184)) - daebe4f8-0ad9-4eb2-8ed7-3a8051847eb6@group-AF49A4A4CA2A: changes role from  FOLLOWER to FOLLOWER at term 104 for recognizeCandidate:279bca68-3e74-4690-81cf-da5ab79b92f7
2019-10-23 12:36:18,851 [grpc-default-executor-3] INFO  impl.RaftServerImpl (RaftServerImpl.java:setRole(184)) - 389d5540-641f-48c2-a9df-60738dbad976@group-AF49A4A4CA2A: changes role from  FOLLOWER to FOLLOWER at term 104 for recognizeCandidate:279bca68-3e74-4690-81cf-da5ab79b92f7
2019-10-23 12:36:18,851 [grpc-default-executor-4] INFO  impl.RoleInfo (RoleInfo.java:shutdownFollowerState(121)) - daebe4f8-0ad9-4eb2-8ed7-3a8051847eb6: shutdown FollowerState
2019-10-23 12:36:18,851 [grpc-default-executor-3] INFO  impl.RoleInfo (RoleInfo.java:shutdownFollowerState(121)) - 389d5540-641f-48c2-a9df-60738dbad976: shutdown FollowerState
2019-10-23 12:36:18,851 [Thread-877] INFO  impl.FollowerState (FollowerState.java:run(117)) - daebe4f8-0ad9-4eb2-8ed7-3a8051847eb6@group-AF49A4A4CA2A-FollowerState was interrupted: java.lang.InterruptedException: sleep interrupted
2019-10-23 12:36:18,851 [grpc-default-executor-4] INFO  impl.RoleInfo (RoleInfo.java:updateAndGet(143)) - daebe4f8-0ad9-4eb2-8ed7-3a8051847eb6: start FollowerState
2019-10-23 12:36:18,851 [Thread-876] INFO  impl.FollowerState (FollowerState.java:run(117)) - 389d5540-641f-48c2-a9df-60738dbad976@group-AF49A4A4CA2A-FollowerState was interrupted: java.lang.InterruptedException: sleep interrupted
2019-10-23 12:36:18,851 [grpc-default-executor-3] INFO  impl.RoleInfo (RoleInfo.java:updateAndGet(143)) - 389d5540-641f-48c2-a9df-60738dbad976: start FollowerState
2019-10-23 12:36:18,878 [279bca68-3e74-4690-81cf-da5ab79b92f7@group-AF49A4A4CA2A-LeaderElection103] INFO  impl.LeaderElection (LeaderElection.java:logAndReturn(56)) - 279bca68-3e74-4690-81cf-da5ab79b92f7@group-AF49A4A4CA2A-LeaderElection103: Election REJECTED; received 2 response(s) [279bca68-3e74-4690-81cf-da5ab79b92f7<-daebe4f8-0ad9-4eb2-8ed7-3a8051847eb6#0:FAIL-t104, 279bca68-3e74-4690-81cf-da5ab79b92f7<-389d5540-641f-48c2-a9df-60738dbad976#0:FAIL-t104] and 0 exception(s); 279bca68-3e74-4690-81cf-da5ab79b92f7@group-AF49A4A4CA2A:t104, leader=null, voted=279bca68-3e74-4690-81cf-da5ab79b92f7, raftlog=279bca68-3e74-4690-81cf-da5ab79b92f7@group-AF49A4A4CA2A-SegmentedRaftLog:OPENED:c-1,f-1,i0, conf=-1: [daebe4f8-0ad9-4eb2-8ed7-3a8051847eb6:192.168.69.118:44860, 389d5540-641f-48c2-a9df-60738dbad976:192.168.69.118:45712, 279bca68-3e74-4690-81cf-da5ab79b92f7:192.168.69.118:45510], old=null
2019-10-23 12:36:18,878 [279bca68-3e74-4690-81cf-da5ab79b92f7@group-AF49A4A4CA2A-LeaderElection103] INFO  impl.RaftServerImpl (RaftServerImpl.java:setRole(184)) - 279bca68-3e74-4690-81cf-da5ab79b92f7@group-AF49A4A4CA2A: changes role from CANDIDATE to FOLLOWER at term 104 for DISCOVERED_A_NEW_TERM
2019-10-23 12:36:18,878 [279bca68-3e74-4690-81cf-da5ab79b92f7@group-AF49A4A4CA2A-LeaderElection103] INFO  impl.RoleInfo (RoleInfo.java:shutdownLeaderElection(134)) - 279bca68-3e74-4690-81cf-da5ab79b92f7: shutdown LeaderElection
2019-10-23 12:36:18,878 [279bca68-3e74-4690-81cf-da5ab79b92f7@group-AF49A4A4CA2A-LeaderElection103] INFO  impl.RoleInfo (RoleInfo.java:updateAndGet(143)) - 279bca68-3e74-4690-81cf-da5ab79b92f7: start FollowerState
2019-10-23 12:36:18,935 [Thread-886] INFO  impl.FollowerState (FollowerState.java:run(108)) - 279bca68-3e74-4690-81cf-da5ab79b92f7@group-AF49A4A4CA2A-FollowerState: change to CANDIDATE, lastRpcTime:56ms, electionTimeout:56ms
2019-10-23 12:36:18,935 [Thread-886] INFO  impl.RoleInfo (RoleInfo.java:shutdownFollowerState(121)) - 279bca68-3e74-4690-81cf-da5ab79b92f7: shutdown FollowerState
2019-10-23 12:36:18,935 [Thread-886] INFO  impl.RaftServerImpl (RaftServerImpl.java:setRole(184)) - 279bca68-3e74-4690-81cf-da5ab79b92f7@group-AF49A4A4CA2A: changes role from  FOLLOWER to CANDIDATE at term 104 for changeToCandidate
2019-10-23 12:36:18,935 [Thread-886] INFO  impl.RoleInfo (RoleInfo.java:updateAndGet(143)) - 279bca68-3e74-4690-81cf-da5ab79b92f7: start LeaderElection
2019-10-23 12:36:18,948 [279bca68-3e74-4690-81cf-da5ab79b92f7@group-AF49A4A4CA2A-LeaderElection104] INFO  impl.LeaderElection (LeaderElection.java:askForVotes(178)) - 279bca68-3e74-4690-81cf-da5ab79b92f7@group-AF49A4A4CA2A-LeaderElection104: begin an election at term 105 for -1: [daebe4f8-0ad9-4eb2-8ed7-3a8051847eb6:192.168.69.118:44860, 389d5540-641f-48c2-a9df-60738dbad976:192.168.69.118:45712, 279bca68-3e74-4690-81cf-da5ab79b92f7:192.168.69.118:45510], old=null
2019-10-23 12:36:18,951 [grpc-default-executor-4] INFO  impl.RaftServerImpl (RaftServerImpl.java:setRole(184)) - daebe4f8-0ad9-4eb2-8ed7-3a8051847eb6@group-AF49A4A4CA2A: changes role from  FOLLOWER to FOLLOWER at term 105 for recognizeCandidate:279bca68-3e74-4690-81cf-da5ab79b92f7
2019-10-23 12:36:18,951 [grpc-default-executor-3] INFO  impl.RaftServerImpl (RaftServerImpl.java:setRole(184)) - 389d5540-641f-48c2-a9df-60738dbad976@group-AF49A4A4CA2A: changes role from  FOLLOWER to FOLLOWER at term 105 for recognizeCandidate:279bca68-3e74-4690-81cf-da5ab79b92f7
2019-10-23 12:36:18,951 [grpc-default-executor-4] INFO  impl.RoleInfo (RoleInfo.java:shutdownFollowerState(121)) - daebe4f8-0ad9-4eb2-8ed7-3a8051847eb6: shutdown FollowerState
2019-10-23 12:36:18,951 [grpc-default-executor-3] INFO  impl.RoleInfo (RoleInfo.java:shutdownFollowerState(121)) - 389d5540-641f-48c2-a9df-60738dbad976: shutdown FollowerState
2019-10-23 12:36:18,951 [grpc-default-executor-4] INFO  impl.RoleInfo (RoleInfo.java:updateAndGet(143)) - daebe4f8-0ad9-4eb2-8ed7-3a8051847eb6: start FollowerState
2019-10-23 12:36:18,952 [Thread-885] INFO  impl.FollowerState (FollowerState.java:run(117)) - 389d5540-641f-48c2-a9df-60738dbad976@group-AF49A4A4CA2A-FollowerState was interrupted: java.lang.InterruptedException: sleep interrupted
2019-10-23 12:36:18,952 [grpc-default-executor-3] INFO  impl.RoleInfo (RoleInfo.java:updateAndGet(143)) - 389d5540-641f-48c2-a9df-60738dbad976: start FollowerState
2019-10-23 12:36:18,952 [Thread-884] INFO  impl.FollowerState (FollowerState.java:run(117)) - daebe4f8-0ad9-4eb2-8ed7-3a8051847eb6@group-AF49A4A4CA2A-FollowerState was interrupted: java.lang.InterruptedException: sleep interrupted
2019-10-23 12:36:18,967 [279bca68-3e74-4690-81cf-da5ab79b92f7@group-AF49A4A4CA2A-LeaderElection104] INFO  impl.LeaderElection (LeaderElection.java:logAndReturn(56)) - 279bca68-3e74-4690-81cf-da5ab79b92f7@group-AF49A4A4CA2A-LeaderElection104: Election REJECTED; received 2 response(s) [279bca68-3e74-4690-81cf-da5ab79b92f7<-daebe4f8-0ad9-4eb2-8ed7-3a8051847eb6#0:FAIL-t105, 279bca68-3e74-4690-81cf-da5ab79b92f7<-389d5540-641f-48c2-a9df-60738dbad976#0:FAIL-t105] and 0 exception(s); 279bca68-3e74-4690-81cf-da5ab79b92f7@group-AF49A4A4CA2A:t105, leader=null, voted=279bca68-3e74-4690-81cf-da5ab79b92f7, raftlog=279bca68-3e74-4690-81cf-da5ab79b92f7@group-AF49A4A4CA2A-SegmentedRaftLog:OPENED:c-1,f-1,i0, conf=-1: [daebe4f8-0ad9-4eb2-8ed7-3a8051847eb6:192.168.69.118:44860, 389d5540-641f-48c2-a9df-60738dbad976:192.168.69.118:45712, 279bca68-3e74-4690-81cf-da5ab79b92f7:192.168.69.118:45510], old=null
2019-10-23 12:36:18,967 [279bca68-3e74-4690-81cf-da5ab79b92f7@group-AF49A4A4CA2A-LeaderElection104] INFO  impl.RaftServerImpl (RaftServerImpl.java:setRole(184)) - 279bca68-3e74-4690-81cf-da5ab79b92f7@group-AF49A4A4CA2A: changes role from CANDIDATE to FOLLOWER at term 105 for DISCOVERED_A_NEW_TERM
2019-10-23 12:36:18,967 [279bca68-3e74-4690-81cf-da5ab79b92f7@group-AF49A4A4CA2A-LeaderElection104] INFO  impl.RoleInfo (RoleInfo.java:shutdownLeaderElection(134)) - 279bca68-3e74-4690-81cf-da5ab79b92f7: shutdown LeaderElection
2019-10-23 12:36:18,968 [279bca68-3e74-4690-81cf-da5ab79b92f7@group-AF49A4A4CA2A-LeaderElection104] INFO  impl.RoleInfo (RoleInfo.java:updateAndGet(143)) - 279bca68-3e74-4690-81cf-da5ab79b92f7: start FollowerState
2019-10-23 12:36:19,011 [Thread-892] INFO  impl.FollowerState (FollowerState.java:run(108)) - 279bca68-3e74-4690-81cf-da5ab79b92f7@group-AF49A4A4CA2A-FollowerState: change to CANDIDATE, lastRpcTime:43ms, electionTimeout:43ms
2019-10-23 12:36:19,011 [Thread-892] INFO  impl.RoleInfo (RoleInfo.java:shutdownFollowerState(121)) - 279bca68-3e74-4690-81cf-da5ab79b92f7: shutdown FollowerState
2019-10-23 12:36:19,011 [Thread-892] INFO  impl.RaftServerImpl (RaftServerImpl.java:setRole(184)) - 279bca68-3e74-4690-81cf-da5ab79b92f7@group-AF49A4A4CA2A: changes role from  FOLLOWER to CANDIDATE at term 105 for changeToCandidate
2019-10-23 12:36:19,011 [Thread-892] INFO  impl.RoleInfo (RoleInfo.java:updateAndGet(143)) - 279bca68-3e74-4690-81cf-da5ab79b92f7: start LeaderElection
2019-10-23 12:36:19,025 [279bca68-3e74-4690-81cf-da5ab79b92f7@group-AF49A4A4CA2A-LeaderElection105] INFO  impl.LeaderElection (LeaderElection.java:askForVotes(178)) - 279bca68-3e74-4690-81cf-da5ab79b92f7@group-AF49A4A4CA2A-LeaderElection105: begin an election at term 106 for -1: [daebe4f8-0ad9-4eb2-8ed7-3a8051847eb6:192.168.69.118:44860, 389d5540-641f-48c2-a9df-60738dbad976:192.168.69.118:45712, 279bca68-3e74-4690-81cf-da5ab79b92f7:192.168.69.118:45510], old=null
2019-10-23 12:36:19,028 [grpc-default-executor-4] INFO  impl.RaftServerImpl (RaftServerImpl.java:setRole(184)) - daebe4f8-0ad9-4eb2-8ed7-3a8051847eb6@group-AF49A4A4CA2A: changes role from  FOLLOWER to FOLLOWER at term 106 for recognizeCandidate:279bca68-3e74-4690-81cf-da5ab79b92f7
2019-10-23 12:36:19,028 [grpc-default-executor-3] INFO  impl.RaftServerImpl (RaftServerImpl.java:setRole(184)) - 389d5540-641f-48c2-a9df-60738dbad976@group-AF49A4A4CA2A: changes role from  FOLLOWER to FOLLOWER at term 106 for recognizeCandidate:279bca68-3e74-4690-81cf-da5ab79b92f7
2019-10-23 12:36:19,029 [grpc-default-executor-4] INFO  impl.RoleInfo (RoleInfo.java:shutdownFollowerState(121)) - daebe4f8-0ad9-4eb2-8ed7-3a8051847eb6: shutdown FollowerState
2019-10-23 12:36:19,029 [grpc-default-executor-3] INFO  impl.RoleInfo (RoleInfo.java:shutdownFollowerState(121)) - 389d5540-641f-48c2-a9df-60738dbad976: shutdown FollowerState
2019-10-23 12:36:19,029 [Thread-890] INFO  impl.FollowerState (FollowerState.java:run(117)) - daebe4f8-0ad9-4eb2-8ed7-3a8051847eb6@group-AF49A4A4CA2A-FollowerState was interrupted: java.lang.InterruptedException: sleep interrupted
2019-10-23 12:36:19,029 [grpc-default-executor-4] INFO  impl.RoleInfo (RoleInfo.java:updateAndGet(143)) - daebe4f8-0ad9-4eb2-8ed7-3a8051847eb6: start FollowerState
2019-10-23 12:36:19,029 [Thread-891] INFO  impl.FollowerState (FollowerState.java:run(117)) - 389d5540-641f-48c2-a9df-60738dbad976@group-AF49A4A4CA2A-FollowerState was interrupted: java.lang.InterruptedException: sleep interrupted
2019-10-23 12:36:19,029 [grpc-default-executor-3] INFO  impl.RoleInfo (RoleInfo.java:updateAndGet(143)) - 389d5540-641f-48c2-a9df-60738dbad976: start FollowerState
2019-10-23 12:36:19,041 [279bca68-3e74-4690-81cf-da5ab79b92f7@group-AF49A4A4CA2A-LeaderElection105] INFO  impl.LeaderElection (LeaderElection.java:logAndReturn(56)) - 279bca68-3e74-4690-81cf-da5ab79b92f7@group-AF49A4A4CA2A-LeaderElection105: Election TIMEOUT; received 0 response(s) [] and 0 exception(s); 279bca68-3e74-4690-81cf-da5ab79b92f7@group-AF49A4A4CA2A:t106, leader=null, voted=279bca68-3e74-4690-81cf-da5ab79b92f7, raftlog=279bca68-3e74-4690-81cf-da5ab79b92f7@group-AF49A4A4CA2A-SegmentedRaftLog:OPENED:c-1,f-1,i0, conf=-1: [daebe4f8-0ad9-4eb2-8ed7-3a8051847eb6:192.168.69.118:44860, 389d5540-641f-48c2-a9df-60738dbad976:192.168.69.118:45712, 279bca68-3e74-4690-81cf-da5ab79b92f7:192.168.69.118:45510], old=null
2019-10-23 12:36:19,046 [279bca68-3e74-4690-81cf-da5ab79b92f7@group-AF49A4A4CA2A-LeaderElection105] INFO  impl.LeaderElection (LeaderElection.java:askForVotes(178)) - 279bca68-3e74-4690-81cf-da5ab79b92f7@group-AF49A4A4CA2A-LeaderElection105: begin an election at term 107 for -1: [daebe4f8-0ad9-4eb2-8ed7-3a8051847eb6:192.168.69.118:44860, 389d5540-641f-48c2-a9df-60738dbad976:192.168.69.118:45712, 279bca68-3e74-4690-81cf-da5ab79b92f7:192.168.69.118:45510], old=null
2019-10-23 12:36:19,048 [grpc-default-executor-3] INFO  impl.RaftServerImpl (RaftServerImpl.java:setRole(184)) - daebe4f8-0ad9-4eb2-8ed7-3a8051847eb6@group-AF49A4A4CA2A: changes role from  FOLLOWER to FOLLOWER at term 107 for recognizeCandidate:279bca68-3e74-4690-81cf-da5ab79b92f7
2019-10-23 12:36:19,048 [grpc-default-executor-4] INFO  impl.RaftServerImpl (RaftServerImpl.java:setRole(184)) - 389d5540-641f-48c2-a9df-60738dbad976@group-AF49A4A4CA2A: changes role from  FOLLOWER to FOLLOWER at term 107 for recognizeCandidate:279bca68-3e74-4690-81cf-da5ab79b92f7
2019-10-23 12:36:19,048 [grpc-default-executor-3] INFO  impl.RoleInfo (RoleInfo.java:shutdownFollowerState(121)) - daebe4f8-0ad9-4eb2-8ed7-3a8051847eb6: shutdown FollowerState
2019-10-23 12:36:19,048 [grpc-default-executor-4] INFO  impl.RoleInfo (RoleInfo.java:shutdownFollowerState(121)) - 389d5540-641f-48c2-a9df-60738dbad976: shutdown FollowerState
2019-10-23 12:36:19,048 [Thread-896] INFO  impl.FollowerState (FollowerState.java:run(117)) - daebe4f8-0ad9-4eb2-8ed7-3a8051847eb6@group-AF49A4A4CA2A-FollowerState was interrupted: java.lang.InterruptedException: sleep interrupted
2019-10-23 12:36:19,048 [grpc-default-executor-3] INFO  impl.RoleInfo (RoleInfo.java:updateAndGet(143)) - daebe4f8-0ad9-4eb2-8ed7-3a8051847eb6: start FollowerState
2019-10-23 12:36:19,049 [Thread-897] INFO  impl.FollowerState (FollowerState.java:run(117)) - 389d5540-641f-48c2-a9df-60738dbad976@group-AF49A4A4CA2A-FollowerState was interrupted: java.lang.InterruptedException: sleep interrupted
2019-10-23 12:36:19,049 [grpc-default-executor-4] INFO  impl.RoleInfo (RoleInfo.java:updateAndGet(143)) - 389d5540-641f-48c2-a9df-60738dbad976: start FollowerState
2019-10-23 12:36:19,064 [279bca68-3e74-4690-81cf-da5ab79b92f7@group-AF49A4A4CA2A-LeaderElection105] INFO  impl.LeaderElection (LeaderElection.java:logAndReturn(56)) - 279bca68-3e74-4690-81cf-da5ab79b92f7@group-AF49A4A4CA2A-LeaderElection105: Election REJECTED; received 2 response(s) [279bca68-3e74-4690-81cf-da5ab79b92f7<-daebe4f8-0ad9-4eb2-8ed7-3a8051847eb6#0:FAIL-t107, 279bca68-3e74-4690-81cf-da5ab79b92f7<-389d5540-641f-48c2-a9df-60738dbad976#0:FAIL-t107] and 0 exception(s); 279bca68-3e74-4690-81cf-da5ab79b92f7@group-AF49A4A4CA2A:t107, leader=null, voted=279bca68-3e74-4690-81cf-da5ab79b92f7, raftlog=279bca68-3e74-4690-81cf-da5ab79b92f7@group-AF49A4A4CA2A-SegmentedRaftLog:OPENED:c-1,f-1,i0, conf=-1: [daebe4f8-0ad9-4eb2-8ed7-3a8051847eb6:192.168.69.118:44860, 389d5540-641f-48c2-a9df-60738dbad976:192.168.69.118:45712, 279bca68-3e74-4690-81cf-da5ab79b92f7:192.168.69.118:45510], old=null
2019-10-23 12:36:19,064 [279bca68-3e74-4690-81cf-da5ab79b92f7@group-AF49A4A4CA2A-LeaderElection105] INFO  impl.RaftServerImpl (RaftServerImpl.java:setRole(184)) - 279bca68-3e74-4690-81cf-da5ab79b92f7@group-AF49A4A4CA2A: changes role from CANDIDATE to FOLLOWER at term 107 for DISCOVERED_A_NEW_TERM
2019-10-23 12:36:19,064 [279bca68-3e74-4690-81cf-da5ab79b92f7@group-AF49A4A4CA2A-LeaderElection105] INFO  impl.RoleInfo (RoleInfo.java:shutdownLeaderElection(134)) - 279bca68-3e74-4690-81cf-da5ab79b92f7: shutdown LeaderElection
2019-10-23 12:36:19,064 [279bca68-3e74-4690-81cf-da5ab79b92f7@group-AF49A4A4CA2A-LeaderElection105] INFO  impl.RoleInfo (RoleInfo.java:updateAndGet(143)) - 279bca68-3e74-4690-81cf-da5ab79b92f7: start FollowerState
2019-10-23 12:36:19,169 [Thread-902] INFO  impl.FollowerState (FollowerState.java:run(108)) - 279bca68-3e74-4690-81cf-da5ab79b92f7@group-AF49A4A4CA2A-FollowerState: change to CANDIDATE, lastRpcTime:104ms, electionTimeout:104ms
2019-10-23 12:36:19,169 [Thread-902] INFO  impl.RoleInfo (RoleInfo.java:shutdownFollowerState(121)) - 279bca68-3e74-4690-81cf-da5ab79b92f7: shutdown FollowerState
2019-10-23 12:36:19,169 [Thread-902] INFO  impl.RaftServerImpl (RaftServerImpl.java:setRole(184)) - 279bca68-3e74-4690-81cf-da5ab79b92f7@group-AF49A4A4CA2A: changes role from  FOLLOWER to CANDIDATE at term 107 for changeToCandidate
2019-10-23 12:36:19,170 [Thread-902] INFO  impl.RoleInfo (RoleInfo.java:updateAndGet(143)) - 279bca68-3e74-4690-81cf-da5ab79b92f7: start LeaderElection
2019-10-23 12:36:19,184 [279bca68-3e74-4690-81cf-da5ab79b92f7@group-AF49A4A4CA2A-LeaderElection106] INFO  impl.LeaderElection (LeaderElection.java:askForVotes(178)) - 279bca68-3e74-4690-81cf-da5ab79b92f7@group-AF49A4A4CA2A-LeaderElection106: begin an election at term 108 for -1: [daebe4f8-0ad9-4eb2-8ed7-3a8051847eb6:192.168.69.118:44860, 389d5540-641f-48c2-a9df-60738dbad976:192.168.69.118:45712, 279bca68-3e74-4690-81cf-da5ab79b92f7:192.168.69.118:45510], old=null
2019-10-23 12:36:19,189 [grpc-default-executor-4] INFO  impl.RaftServerImpl (RaftServerImpl.java:setRole(184)) - 389d5540-641f-48c2-a9df-60738dbad976@group-AF49A4A4CA2A: changes role from  FOLLOWER to FOLLOWER at term 108 for recognizeCandidate:279bca68-3e74-4690-81cf-da5ab79b92f7
2019-10-23 12:36:19,189 [grpc-default-executor-4] INFO  impl.RoleInfo (RoleInfo.java:shutdownFollowerState(121)) - 389d5540-641f-48c2-a9df-60738dbad976: shutdown FollowerState
2019-10-23 12:36:19,189 [grpc-default-executor-4] INFO  impl.RoleInfo (RoleInfo.java:updateAndGet(143)) - 389d5540-641f-48c2-a9df-60738dbad976: start FollowerState
2019-10-23 12:36:19,189 [Thread-901] INFO  impl.FollowerState (FollowerState.java:run(117)) - 389d5540-641f-48c2-a9df-60738dbad976@group-AF49A4A4CA2A-FollowerState was interrupted: java.lang.InterruptedException: sleep interrupted
2019-10-23 12:36:19,189 [grpc-default-executor-3] INFO  impl.RaftServerImpl (RaftServerImpl.java:setRole(184)) - daebe4f8-0ad9-4eb2-8ed7-3a8051847eb6@group-AF49A4A4CA2A: changes role from  FOLLOWER to FOLLOWER at term 108 for recognizeCandidate:279bca68-3e74-4690-81cf-da5ab79b92f7
2019-10-23 12:36:19,190 [grpc-default-executor-3] INFO  impl.RoleInfo (RoleInfo.java:shutdownFollowerState(121)) - daebe4f8-0ad9-4eb2-8ed7-3a8051847eb6: shutdown FollowerState
2019-10-23 12:36:19,190 [grpc-default-executor-3] INFO  impl.RoleInfo (RoleInfo.java:updateAndGet(143)) - daebe4f8-0ad9-4eb2-8ed7-3a8051847eb6: start FollowerState
2019-10-23 12:36:19,190 [Thread-900] INFO  impl.FollowerState (FollowerState.java:run(117)) - daebe4f8-0ad9-4eb2-8ed7-3a8051847eb6@group-AF49A4A4CA2A-FollowerState was interrupted: java.lang.InterruptedException: sleep interrupted
2019-10-23 12:36:19,204 [279bca68-3e74-4690-81cf-da5ab79b92f7@group-AF49A4A4CA2A-LeaderElection106] INFO  impl.LeaderElection (LeaderElection.java:logAndReturn(56)) - 279bca68-3e74-4690-81cf-da5ab79b92f7@group-AF49A4A4CA2A-LeaderElection106: Election REJECTED; received 2 response(s) [279bca68-3e74-4690-81cf-da5ab79b92f7<-daebe4f8-0ad9-4eb2-8ed7-3a8051847eb6#0:FAIL-t108, 279bca68-3e74-4690-81cf-da5ab79b92f7<-389d5540-641f-48c2-a9df-60738dbad976#0:FAIL-t108] and 0 exception(s); 279bca68-3e74-4690-81cf-da5ab79b92f7@group-AF49A4A4CA2A:t108, leader=null, voted=279bca68-3e74-4690-81cf-da5ab79b92f7, raftlog=279bca68-3e74-4690-81cf-da5ab79b92f7@group-AF49A4A4CA2A-SegmentedRaftLog:OPENED:c-1,f-1,i0, conf=-1: [daebe4f8-0ad9-4eb2-8ed7-3a8051847eb6:192.168.69.118:44860, 389d5540-641f-48c2-a9df-60738dbad976:192.168.69.118:45712, 279bca68-3e74-4690-81cf-da5ab79b92f7:192.168.69.118:45510], old=null
2019-10-23 12:36:19,205 [279bca68-3e74-4690-81cf-da5ab79b92f7@group-AF49A4A4CA2A-LeaderElection106] INFO  impl.RaftServerImpl (RaftServerImpl.java:setRole(184)) - 279bca68-3e74-4690-81cf-da5ab79b92f7@group-AF49A4A4CA2A: changes role from CANDIDATE to FOLLOWER at term 108 for DISCOVERED_A_NEW_TERM
2019-10-23 12:36:19,205 [279bca68-3e74-4690-81cf-da5ab79b92f7@group-AF49A4A4CA2A-LeaderElection106] INFO  impl.RoleInfo (RoleInfo.java:shutdownLeaderElection(134)) - 279bca68-3e74-4690-81cf-da5ab79b92f7: shutdown LeaderElection
2019-10-23 12:36:19,205 [279bca68-3e74-4690-81cf-da5ab79b92f7@group-AF49A4A4CA2A-LeaderElection106] INFO  impl.RoleInfo (RoleInfo.java:updateAndGet(143)) - 279bca68-3e74-4690-81cf-da5ab79b92f7: start FollowerState
2019-10-23 12:36:19,294 [Thread-908] INFO  impl.FollowerState (FollowerState.java:run(108)) - 279bca68-3e74-4690-81cf-da5ab79b92f7@group-AF49A4A4CA2A-FollowerState: change to CANDIDATE, lastRpcTime:89ms, electionTimeout:89ms
2019-10-23 12:36:19,295 [Thread-908] INFO  impl.RoleInfo (RoleInfo.java:shutdownFollowerState(121)) - 279bca68-3e74-4690-81cf-da5ab79b92f7: shutdown FollowerState
2019-10-23 12:36:19,295 [Thread-908] INFO  impl.RaftServerImpl (RaftServerImpl.java:setRole(184)) - 279bca68-3e74-4690-81cf-da5ab79b92f7@group-AF49A4A4CA2A: changes role from  FOLLOWER to CANDIDATE at term 108 for changeToCandidate
2019-10-23 12:36:19,295 [Thread-908] INFO  impl.RoleInfo (RoleInfo.java:updateAndGet(143)) - 279bca68-3e74-4690-81cf-da5ab79b92f7: start LeaderElection
2019-10-23 12:36:19,309 [279bca68-3e74-4690-81cf-da5ab79b92f7@group-AF49A4A4CA2A-LeaderElection107] INFO  impl.LeaderElection (LeaderElection.java:askForVotes(178)) - 279bca68-3e74-4690-81cf-da5ab79b92f7@group-AF49A4A4CA2A-LeaderElection107: begin an election at term 109 for -1: [daebe4f8-0ad9-4eb2-8ed7-3a8051847eb6:192.168.69.118:44860, 389d5540-641f-48c2-a9df-60738dbad976:192.168.69.118:45712, 279bca68-3e74-4690-81cf-da5ab79b92f7:192.168.69.118:45510], old=null
2019-10-23 12:36:19,312 [grpc-default-executor-4] INFO  impl.RaftServerImpl (RaftServerImpl.java:setRole(184)) - 389d5540-641f-48c2-a9df-60738dbad976@group-AF49A4A4CA2A: changes role from  FOLLOWER to FOLLOWER at term 109 for recognizeCandidate:279bca68-3e74-4690-81cf-da5ab79b92f7
2019-10-23 12:36:19,312 [grpc-default-executor-3] INFO  impl.RaftServerImpl (RaftServerImpl.java:setRole(184)) - daebe4f8-0ad9-4eb2-8ed7-3a8051847eb6@group-AF49A4A4CA2A: changes role from  FOLLOWER to FOLLOWER at term 109 for recognizeCandidate:279bca68-3e74-4690-81cf-da5ab79b92f7
2019-10-23 12:36:19,312 [grpc-default-executor-4] INFO  impl.RoleInfo (RoleInfo.java:shutdownFollowerState(121)) - 389d5540-641f-48c2-a9df-60738dbad976: shutdown FollowerState
2019-10-23 12:36:19,312 [grpc-default-executor-3] INFO  impl.RoleInfo (RoleInfo.java:shutdownFollowerState(121)) - daebe4f8-0ad9-4eb2-8ed7-3a8051847eb6: shutdown FollowerState
2019-10-23 12:36:19,312 [grpc-default-executor-4] INFO  impl.RoleInfo (RoleInfo.java:updateAndGet(143)) - 389d5540-641f-48c2-a9df-60738dbad976: start FollowerState
2019-10-23 12:36:19,312 [Thread-906] INFO  impl.FollowerState (FollowerState.java:run(117)) - 389d5540-641f-48c2-a9df-60738dbad976@group-AF49A4A4CA2A-FollowerState was interrupted: java.lang.InterruptedException: sleep interrupted
2019-10-23 12:36:19,312 [grpc-default-executor-3] INFO  impl.RoleInfo (RoleInfo.java:updateAndGet(143)) - daebe4f8-0ad9-4eb2-8ed7-3a8051847eb6: start FollowerState
2019-10-23 12:36:19,312 [Thread-907] INFO  impl.FollowerState (FollowerState.java:run(117)) - daebe4f8-0ad9-4eb2-8ed7-3a8051847eb6@group-AF49A4A4CA2A-FollowerState was interrupted: java.lang.InterruptedException: sleep interrupted
2019-10-23 12:36:19,328 [279bca68-3e74-4690-81cf-da5ab79b92f7@group-AF49A4A4CA2A-LeaderElection107] INFO  impl.LeaderElection (LeaderElection.java:logAndReturn(56)) - 279bca68-3e74-4690-81cf-da5ab79b92f7@group-AF49A4A4CA2A-LeaderElection107: Election REJECTED; received 2 response(s) [279bca68-3e74-4690-81cf-da5ab79b92f7<-daebe4f8-0ad9-4eb2-8ed7-3a8051847eb6#0:FAIL-t109, 279bca68-3e74-4690-81cf-da5ab79b92f7<-389d5540-641f-48c2-a9df-60738dbad976#0:FAIL-t109] and 0 exception(s); 279bca68-3e74-4690-81cf-da5ab79b92f7@group-AF49A4A4CA2A:t109, leader=null, voted=279bca68-3e74-4690-81cf-da5ab79b92f7, raftlog=279bca68-3e74-4690-81cf-da5ab79b92f7@group-AF49A4A4CA2A-SegmentedRaftLog:OPENED:c-1,f-1,i0, conf=-1: [daebe4f8-0ad9-4eb2-8ed7-3a8051847eb6:192.168.69.118:44860, 389d5540-641f-48c2-a9df-60738dbad976:192.168.69.118:45712, 279bca68-3e74-4690-81cf-da5ab79b92f7:192.168.69.118:45510], old=null
2019-10-23 12:36:19,328 [279bca68-3e74-4690-81cf-da5ab79b92f7@group-AF49A4A4CA2A-LeaderElection107] INFO  impl.RaftServerImpl (RaftServerImpl.java:setRole(184)) - 279bca68-3e74-4690-81cf-da5ab79b92f7@group-AF49A4A4CA2A: changes role from CANDIDATE to FOLLOWER at term 109 for DISCOVERED_A_NEW_TERM
2019-10-23 12:36:19,328 [279bca68-3e74-4690-81cf-da5ab79b92f7@group-AF49A4A4CA2A-LeaderElection107] INFO  impl.RoleInfo (RoleInfo.java:shutdownLeaderElection(134)) - 279bca68-3e74-4690-81cf-da5ab79b92f7: shutdown LeaderElection
2019-10-23 12:36:19,328 [279bca68-3e74-4690-81cf-da5ab79b92f7@group-AF49A4A4CA2A-LeaderElection107] INFO  impl.RoleInfo (RoleInfo.java:updateAndGet(143)) - 279bca68-3e74-4690-81cf-da5ab79b92f7: start FollowerState
2019-10-23 12:36:19,513 [Thread-914] INFO  impl.FollowerState (FollowerState.java:run(108)) - 279bca68-3e74-4690-81cf-da5ab79b92f7@group-AF49A4A4CA2A-FollowerState: change to CANDIDATE, lastRpcTime:184ms, electionTimeout:184ms
2019-10-23 12:36:19,513 [Thread-914] INFO  impl.RoleInfo (RoleInfo.java:shutdownFollowerState(121)) - 279bca68-3e74-4690-81cf-da5ab79b92f7: shutdown FollowerState
2019-10-23 12:36:19,513 [Thread-914] INFO  impl.RaftServerImpl (RaftServerImpl.java:setRole(184)) - 279bca68-3e74-4690-81cf-da5ab79b92f7@group-AF49A4A4CA2A: changes role from  FOLLOWER to CANDIDATE at term 109 for changeToCandidate
2019-10-23 12:36:19,513 [Thread-914] INFO  impl.RoleInfo (RoleInfo.java:updateAndGet(143)) - 279bca68-3e74-4690-81cf-da5ab79b92f7: start LeaderElection
2019-10-23 12:36:19,527 [279bca68-3e74-4690-81cf-da5ab79b92f7@group-AF49A4A4CA2A-LeaderElection108] INFO  impl.LeaderElection (LeaderElection.java:askForVotes(178)) - 279bca68-3e74-4690-81cf-da5ab79b92f7@group-AF49A4A4CA2A-LeaderElection108: begin an election at term 110 for -1: [daebe4f8-0ad9-4eb2-8ed7-3a8051847eb6:192.168.69.118:44860, 389d5540-641f-48c2-a9df-60738dbad976:192.168.69.118:45712, 279bca68-3e74-4690-81cf-da5ab79b92f7:192.168.69.118:45510], old=null
2019-10-23 12:36:19,531 [grpc-default-executor-4] INFO  impl.RaftServerImpl (RaftServerImpl.java:setRole(184)) - daebe4f8-0ad9-4eb2-8ed7-3a8051847eb6@group-AF49A4A4CA2A: changes role from  FOLLOWER to FOLLOWER at term 110 for recognizeCandidate:279bca68-3e74-4690-81cf-da5ab79b92f7
2019-10-23 12:36:19,531 [grpc-default-executor-3] INFO  impl.RaftServerImpl (RaftServerImpl.java:setRole(184)) - 389d5540-641f-48c2-a9df-60738dbad976@group-AF49A4A4CA2A: changes role from  FOLLOWER to FOLLOWER at term 110 for recognizeCandidate:279bca68-3e74-4690-81cf-da5ab79b92f7
2019-10-23 12:36:19,531 [grpc-default-executor-4] INFO  impl.RoleInfo (RoleInfo.java:shutdownFollowerState(121)) - daebe4f8-0ad9-4eb2-8ed7-3a8051847eb6: shutdown FollowerState
2019-10-23 12:36:19,531 [grpc-default-executor-3] INFO  impl.RoleInfo (RoleInfo.java:shutdownFollowerState(121)) - 389d5540-641f-48c2-a9df-60738dbad976: shutdown FollowerState
2019-10-23 12:36:19,531 [grpc-default-executor-4] INFO  impl.RoleInfo (RoleInfo.java:updateAndGet(143)) - daebe4f8-0ad9-4eb2-8ed7-3a8051847eb6: start FollowerState
2019-10-23 12:36:19,532 [Thread-912] INFO  impl.FollowerState (FollowerState.java:run(117)) - 389d5540-641f-48c2-a9df-60738dbad976@group-AF49A4A4CA2A-FollowerState was interrupted: java.lang.InterruptedException: sleep interrupted
2019-10-23 12:36:19,531 [grpc-default-executor-3] INFO  impl.RoleInfo (RoleInfo.java:updateAndGet(143)) - 389d5540-641f-48c2-a9df-60738dbad976: start FollowerState
2019-10-23 12:36:19,531 [Thread-913] INFO  impl.FollowerState (FollowerState.java:run(117)) - daebe4f8-0ad9-4eb2-8ed7-3a8051847eb6@group-AF49A4A4CA2A-FollowerState was interrupted: java.lang.InterruptedException: sleep interrupted
2019-10-23 12:36:19,547 [279bca68-3e74-4690-81cf-da5ab79b92f7@group-AF49A4A4CA2A-LeaderElection108] INFO  impl.LeaderElection (LeaderElection.java:logAndReturn(56)) - 279bca68-3e74-4690-81cf-da5ab79b92f7@group-AF49A4A4CA2A-LeaderElection108: Election REJECTED; received 2 response(s) [279bca68-3e74-4690-81cf-da5ab79b92f7<-daebe4f8-0ad9-4eb2-8ed7-3a8051847eb6#0:FAIL-t110, 279bca68-3e74-4690-81cf-da5ab79b92f7<-389d5540-641f-48c2-a9df-60738dbad976#0:FAIL-t110] and 0 exception(s); 279bca68-3e74-4690-81cf-da5ab79b92f7@group-AF49A4A4CA2A:t110, leader=null, voted=279bca68-3e74-4690-81cf-da5ab79b92f7, raftlog=279bca68-3e74-4690-81cf-da5ab79b92f7@group-AF49A4A4CA2A-SegmentedRaftLog:OPENED:c-1,f-1,i0, conf=-1: [daebe4f8-0ad9-4eb2-8ed7-3a8051847eb6:192.168.69.118:44860, 389d5540-641f-48c2-a9df-60738dbad976:192.168.69.118:45712, 279bca68-3e74-4690-81cf-da5ab79b92f7:192.168.69.118:45510], old=null
2019-10-23 12:36:19,547 [279bca68-3e74-4690-81cf-da5ab79b92f7@group-AF49A4A4CA2A-LeaderElection108] INFO  impl.RaftServerImpl (RaftServerImpl.java:setRole(184)) - 279bca68-3e74-4690-81cf-da5ab79b92f7@group-AF49A4A4CA2A: changes role from CANDIDATE to FOLLOWER at term 110 for DISCOVERED_A_NEW_TERM
2019-10-23 12:36:19,547 [279bca68-3e74-4690-81cf-da5ab79b92f7@group-AF49A4A4CA2A-LeaderElection108] INFO  impl.RoleInfo (RoleInfo.java:shutdownLeaderElection(134)) - 279bca68-3e74-4690-81cf-da5ab79b92f7: shutdown LeaderElection
2019-10-23 12:36:19,548 [279bca68-3e74-4690-81cf-da5ab79b92f7@group-AF49A4A4CA2A-LeaderElection108] INFO  impl.RoleInfo (RoleInfo.java:updateAndGet(143)) - 279bca68-3e74-4690-81cf-da5ab79b92f7: start FollowerState
2019-10-23 12:36:19,610 [Thread-920] INFO  impl.FollowerState (FollowerState.java:run(108)) - 279bca68-3e74-4690-81cf-da5ab79b92f7@group-AF49A4A4CA2A-FollowerState: change to CANDIDATE, lastRpcTime:62ms, electionTimeout:62ms
2019-10-23 12:36:19,610 [Thread-920] INFO  impl.RoleInfo (RoleInfo.java:shutdownFollowerState(121)) - 279bca68-3e74-4690-81cf-da5ab79b92f7: shutdown FollowerState
2019-10-23 12:36:19,610 [Thread-920] INFO  impl.RaftServerImpl (RaftServerImpl.java:setRole(184)) - 279bca68-3e74-4690-81cf-da5ab79b92f7@group-AF49A4A4CA2A: changes role from  FOLLOWER to CANDIDATE at term 110 for changeToCandidate
2019-10-23 12:36:19,610 [Thread-920] INFO  impl.RoleInfo (RoleInfo.java:updateAndGet(143)) - 279bca68-3e74-4690-81cf-da5ab79b92f7: start LeaderElection
2019-10-23 12:36:19,624 [279bca68-3e74-4690-81cf-da5ab79b92f7@group-AF49A4A4CA2A-LeaderElection109] INFO  impl.LeaderElection (LeaderElection.java:askForVotes(178)) - 279bca68-3e74-4690-81cf-da5ab79b92f7@group-AF49A4A4CA2A-LeaderElection109: begin an election at term 111 for -1: [daebe4f8-0ad9-4eb2-8ed7-3a8051847eb6:192.168.69.118:44860, 389d5540-641f-48c2-a9df-60738dbad976:192.168.69.118:45712, 279bca68-3e74-4690-81cf-da5ab79b92f7:192.168.69.118:45510], old=null
2019-10-23 12:36:19,626 [grpc-default-executor-4] INFO  impl.RaftServerImpl (RaftServerImpl.java:setRole(184)) - daebe4f8-0ad9-4eb2-8ed7-3a8051847eb6@group-AF49A4A4CA2A: changes role from  FOLLOWER to FOLLOWER at term 111 for recognizeCandidate:279bca68-3e74-4690-81cf-da5ab79b92f7
2019-10-23 12:36:19,627 [grpc-default-executor-4] INFO  impl.RoleInfo (RoleInfo.java:shutdownFollowerState(121)) - daebe4f8-0ad9-4eb2-8ed7-3a8051847eb6: shutdown FollowerState
2019-10-23 12:36:19,627 [grpc-default-executor-4] INFO  impl.RoleInfo (RoleInfo.java:updateAndGet(143)) - daebe4f8-0ad9-4eb2-8ed7-3a8051847eb6: start FollowerState
2019-10-23 12:36:19,627 [Thread-918] INFO  impl.FollowerState (FollowerState.java:run(117)) - daebe4f8-0ad9-4eb2-8ed7-3a8051847eb6@group-AF49A4A4CA2A-FollowerState was interrupted: java.lang.InterruptedException: sleep interrupted
2019-10-23 12:36:19,627 [grpc-default-executor-3] INFO  impl.RaftServerImpl (RaftServerImpl.java:setRole(184)) - 389d5540-641f-48c2-a9df-60738dbad976@group-AF49A4A4CA2A: changes role from  FOLLOWER to FOLLOWER at term 111 for recognizeCandidate:279bca68-3e74-4690-81cf-da5ab79b92f7
2019-10-23 12:36:19,627 [grpc-default-executor-3] INFO  impl.RoleInfo (RoleInfo.java:shutdownFollowerState(121)) - 389d5540-641f-48c2-a9df-60738dbad976: shutdown FollowerState
2019-10-23 12:36:19,627 [grpc-default-executor-3] INFO  impl.RoleInfo (RoleInfo.java:updateAndGet(143)) - 389d5540-641f-48c2-a9df-60738dbad976: start FollowerState
2019-10-23 12:36:19,627 [Thread-919] INFO  impl.FollowerState (FollowerState.java:run(117)) - 389d5540-641f-48c2-a9df-60738dbad976@group-AF49A4A4CA2A-FollowerState was interrupted: java.lang.InterruptedException: sleep interrupted
2019-10-23 12:36:19,643 [279bca68-3e74-4690-81cf-da5ab79b92f7@group-AF49A4A4CA2A-LeaderElection109] INFO  impl.LeaderElection (LeaderElection.java:logAndReturn(56)) - 279bca68-3e74-4690-81cf-da5ab79b92f7@group-AF49A4A4CA2A-LeaderElection109: Election REJECTED; received 2 response(s) [279bca68-3e74-4690-81cf-da5ab79b92f7<-daebe4f8-0ad9-4eb2-8ed7-3a8051847eb6#0:FAIL-t111, 279bca68-3e74-4690-81cf-da5ab79b92f7<-389d5540-641f-48c2-a9df-60738dbad976#0:FAIL-t111] and 0 exception(s); 279bca68-3e74-4690-81cf-da5ab79b92f7@group-AF49A4A4CA2A:t111, leader=null, voted=279bca68-3e74-4690-81cf-da5ab79b92f7, raftlog=279bca68-3e74-4690-81cf-da5ab79b92f7@group-AF49A4A4CA2A-SegmentedRaftLog:OPENED:c-1,f-1,i0, conf=-1: [daebe4f8-0ad9-4eb2-8ed7-3a8051847eb6:192.168.69.118:44860, 389d5540-641f-48c2-a9df-60738dbad976:192.168.69.118:45712, 279bca68-3e74-4690-81cf-da5ab79b92f7:192.168.69.118:45510], old=null
2019-10-23 12:36:19,644 [279bca68-3e74-4690-81cf-da5ab79b92f7@group-AF49A4A4CA2A-LeaderElection109] INFO  impl.RaftServerImpl (RaftServerImpl.java:setRole(184)) - 279bca68-3e74-4690-81cf-da5ab79b92f7@group-AF49A4A4CA2A: changes role from CANDIDATE to FOLLOWER at term 111 for DISCOVERED_A_NEW_TERM
2019-10-23 12:36:19,644 [279bca68-3e74-4690-81cf-da5ab79b92f7@group-AF49A4A4CA2A-LeaderElection109] INFO  impl.RoleInfo (RoleInfo.java:shutdownLeaderElection(134)) - 279bca68-3e74-4690-81cf-da5ab79b92f7: shutdown LeaderElection
2019-10-23 12:36:19,644 [279bca68-3e74-4690-81cf-da5ab79b92f7@group-AF49A4A4CA2A-LeaderElection109] INFO  impl.RoleInfo (RoleInfo.java:updateAndGet(143)) - 279bca68-3e74-4690-81cf-da5ab79b92f7: start FollowerState
2019-10-23 12:36:19,806 [Thread-926] INFO  impl.FollowerState (FollowerState.java:run(108)) - 279bca68-3e74-4690-81cf-da5ab79b92f7@group-AF49A4A4CA2A-FollowerState: change to CANDIDATE, lastRpcTime:161ms, electionTimeout:161ms
2019-10-23 12:36:19,806 [Thread-926] INFO  impl.RoleInfo (RoleInfo.java:shutdownFollowerState(121)) - 279bca68-3e74-4690-81cf-da5ab79b92f7: shutdown FollowerState
2019-10-23 12:36:19,806 [Thread-926] INFO  impl.RaftServerImpl (RaftServerImpl.java:setRole(184)) - 279bca68-3e74-4690-81cf-da5ab79b92f7@group-AF49A4A4CA2A: changes role from  FOLLOWER to CANDIDATE at term 111 for changeToCandidate
2019-10-23 12:36:19,806 [Thread-926] INFO  impl.RoleInfo (RoleInfo.java:updateAndGet(143)) - 279bca68-3e74-4690-81cf-da5ab79b92f7: start LeaderElection
2019-10-23 12:36:19,821 [279bca68-3e74-4690-81cf-da5ab79b92f7@group-AF49A4A4CA2A-LeaderElection110] INFO  impl.LeaderElection (LeaderElection.java:askForVotes(178)) - 279bca68-3e74-4690-81cf-da5ab79b92f7@group-AF49A4A4CA2A-LeaderElection110: begin an election at term 112 for -1: [daebe4f8-0ad9-4eb2-8ed7-3a8051847eb6:192.168.69.118:44860, 389d5540-641f-48c2-a9df-60738dbad976:192.168.69.118:45712, 279bca68-3e74-4690-81cf-da5ab79b92f7:192.168.69.118:45510], old=null
2019-10-23 12:36:19,824 [grpc-default-executor-4] INFO  impl.RaftServerImpl (RaftServerImpl.java:setRole(184)) - daebe4f8-0ad9-4eb2-8ed7-3a8051847eb6@group-AF49A4A4CA2A: changes role from  FOLLOWER to FOLLOWER at term 112 for recognizeCandidate:279bca68-3e74-4690-81cf-da5ab79b92f7
2019-10-23 12:36:19,824 [grpc-default-executor-3] INFO  impl.RaftServerImpl (RaftServerImpl.java:setRole(184)) - 389d5540-641f-48c2-a9df-60738dbad976@group-AF49A4A4CA2A: changes role from  FOLLOWER to FOLLOWER at term 112 for recognizeCandidate:279bca68-3e74-4690-81cf-da5ab79b92f7
2019-10-23 12:36:19,824 [grpc-default-executor-4] INFO  impl.RoleInfo (RoleInfo.java:shutdownFollowerState(121)) - daebe4f8-0ad9-4eb2-8ed7-3a8051847eb6: shutdown FollowerState
2019-10-23 12:36:19,825 [grpc-default-executor-3] INFO  impl.RoleInfo (RoleInfo.java:shutdownFollowerState(121)) - 389d5540-641f-48c2-a9df-60738dbad976: shutdown FollowerState
2019-10-23 12:36:19,825 [grpc-default-executor-4] INFO  impl.RoleInfo (RoleInfo.java:updateAndGet(143)) - daebe4f8-0ad9-4eb2-8ed7-3a8051847eb6: start FollowerState
2019-10-23 12:36:19,825 [Thread-925] INFO  impl.FollowerState (FollowerState.java:run(117)) - 389d5540-641f-48c2-a9df-60738dbad976@group-AF49A4A4CA2A-FollowerState was interrupted: java.lang.InterruptedException: sleep interrupted
2019-10-23 12:36:19,825 [Thread-924] INFO  impl.FollowerState (FollowerState.java:run(117)) - daebe4f8-0ad9-4eb2-8ed7-3a8051847eb6@group-AF49A4A4CA2A-FollowerState was interrupted: java.lang.InterruptedException: sleep interrupted
2019-10-23 12:36:19,825 [grpc-default-executor-3] INFO  impl.RoleInfo (RoleInfo.java:updateAndGet(143)) - 389d5540-641f-48c2-a9df-60738dbad976: start FollowerState
2019-10-23 12:36:19,842 [279bca68-3e74-4690-81cf-da5ab79b92f7@group-AF49A4A4CA2A-LeaderElection110] INFO  impl.LeaderElection (LeaderElection.java:logAndReturn(56)) - 279bca68-3e74-4690-81cf-da5ab79b92f7@group-AF49A4A4CA2A-LeaderElection110: Election REJECTED; received 2 response(s) [279bca68-3e74-4690-81cf-da5ab79b92f7<-daebe4f8-0ad9-4eb2-8ed7-3a8051847eb6#0:FAIL-t112, 279bca68-3e74-4690-81cf-da5ab79b92f7<-389d5540-641f-48c2-a9df-60738dbad976#0:FAIL-t112] and 0 exception(s); 279bca68-3e74-4690-81cf-da5ab79b92f7@group-AF49A4A4CA2A:t112, leader=null, voted=279bca68-3e74-4690-81cf-da5ab79b92f7, raftlog=279bca68-3e74-4690-81cf-da5ab79b92f7@group-AF49A4A4CA2A-SegmentedRaftLog:OPENED:c-1,f-1,i0, conf=-1: [daebe4f8-0ad9-4eb2-8ed7-3a8051847eb6:192.168.69.118:44860, 389d5540-641f-48c2-a9df-60738dbad976:192.168.69.118:45712, 279bca68-3e74-4690-81cf-da5ab79b92f7:192.168.69.118:45510], old=null
2019-10-23 12:36:19,844 [279bca68-3e74-4690-81cf-da5ab79b92f7@group-AF49A4A4CA2A-LeaderElection110] INFO  impl.RaftServerImpl (RaftServerImpl.java:setRole(184)) - 279bca68-3e74-4690-81cf-da5ab79b92f7@group-AF49A4A4CA2A: changes role from CANDIDATE to FOLLOWER at term 112 for DISCOVERED_A_NEW_TERM
2019-10-23 12:36:19,844 [279bca68-3e74-4690-81cf-da5ab79b92f7@group-AF49A4A4CA2A-LeaderElection110] INFO  impl.RoleInfo (RoleInfo.java:shutdownLeaderElection(134)) - 279bca68-3e74-4690-81cf-da5ab79b92f7: shutdown LeaderElection
2019-10-23 12:36:19,844 [279bca68-3e74-4690-81cf-da5ab79b92f7@group-AF49A4A4CA2A-LeaderElection110] INFO  impl.RoleInfo (RoleInfo.java:updateAndGet(143)) - 279bca68-3e74-4690-81cf-da5ab79b92f7: start FollowerState
2019-10-23 12:36:19,996 [Thread-934] INFO  impl.FollowerState (FollowerState.java:run(108)) - 279bca68-3e74-4690-81cf-da5ab79b92f7@group-AF49A4A4CA2A-FollowerState: change to CANDIDATE, lastRpcTime:151ms, electionTimeout:150ms
2019-10-23 12:36:19,997 [Thread-934] INFO  impl.RoleInfo (RoleInfo.java:shutdownFollowerState(121)) - 279bca68-3e74-4690-81cf-da5ab79b92f7: shutdown FollowerState
2019-10-23 12:36:19,997 [Thread-934] INFO  impl.RaftServerImpl (RaftServerImpl.java:setRole(184)) - 279bca68-3e74-4690-81cf-da5ab79b92f7@group-AF49A4A4CA2A: changes role from  FOLLOWER to CANDIDATE at term 112 for changeToCandidate
2019-10-23 12:36:19,998 [Thread-934] INFO  impl.RoleInfo (RoleInfo.java:updateAndGet(143)) - 279bca68-3e74-4690-81cf-da5ab79b92f7: start LeaderElection
2019-10-23 12:36:20,013 [279bca68-3e74-4690-81cf-da5ab79b92f7@group-AF49A4A4CA2A-LeaderElection111] INFO  impl.LeaderElection (LeaderElection.java:askForVotes(178)) - 279bca68-3e74-4690-81cf-da5ab79b92f7@group-AF49A4A4CA2A-LeaderElection111: begin an election at term 113 for -1: [daebe4f8-0ad9-4eb2-8ed7-3a8051847eb6:192.168.69.118:44860, 389d5540-641f-48c2-a9df-60738dbad976:192.168.69.118:45712, 279bca68-3e74-4690-81cf-da5ab79b92f7:192.168.69.118:45510], old=null
2019-10-23 12:36:20,021 [grpc-default-executor-4] INFO  impl.RaftServerImpl (RaftServerImpl.java:setRole(184)) - daebe4f8-0ad9-4eb2-8ed7-3a8051847eb6@group-AF49A4A4CA2A: changes role from  FOLLOWER to FOLLOWER at term 113 for recognizeCandidate:279bca68-3e74-4690-81cf-da5ab79b92f7
2019-10-23 12:36:20,021 [grpc-default-executor-3] INFO  impl.RaftServerImpl (RaftServerImpl.java:setRole(184)) - 389d5540-641f-48c2-a9df-60738dbad976@group-AF49A4A4CA2A: changes role from  FOLLOWER to FOLLOWER at term 113 for recognizeCandidate:279bca68-3e74-4690-81cf-da5ab79b92f7
2019-10-23 12:36:20,021 [grpc-default-executor-4] INFO  impl.RoleInfo (RoleInfo.java:shutdownFollowerState(121)) - daebe4f8-0ad9-4eb2-8ed7-3a8051847eb6: shutdown FollowerState
2019-10-23 12:36:20,022 [grpc-default-executor-3] INFO  impl.RoleInfo (RoleInfo.java:shutdownFollowerState(121)) - 389d5540-641f-48c2-a9df-60738dbad976: shutdown FollowerState
2019-10-23 12:36:20,022 [grpc-default-executor-4] INFO  impl.RoleInfo (RoleInfo.java:updateAndGet(143)) - daebe4f8-0ad9-4eb2-8ed7-3a8051847eb6: start FollowerState
2019-10-23 12:36:20,022 [grpc-default-executor-3] INFO  impl.RoleInfo (RoleInfo.java:updateAndGet(143)) - 389d5540-641f-48c2-a9df-60738dbad976: start FollowerState
2019-10-23 12:36:20,022 [Thread-930] INFO  impl.FollowerState (FollowerState.java:run(117)) - daebe4f8-0ad9-4eb2-8ed7-3a8051847eb6@group-AF49A4A4CA2A-FollowerState was interrupted: java.lang.InterruptedException: sleep interrupted
2019-10-23 12:36:20,022 [Thread-931] INFO  impl.FollowerState (FollowerState.java:run(117)) - 389d5540-641f-48c2-a9df-60738dbad976@group-AF49A4A4CA2A-FollowerState was interrupted: java.lang.InterruptedException: sleep interrupted
2019-10-23 12:36:20,056 [279bca68-3e74-4690-81cf-da5ab79b92f7@group-AF49A4A4CA2A-LeaderElection111] INFO  impl.LeaderElection (LeaderElection.java:logAndReturn(56)) - 279bca68-3e74-4690-81cf-da5ab79b92f7@group-AF49A4A4CA2A-LeaderElection111: Election REJECTED; received 2 response(s) [279bca68-3e74-4690-81cf-da5ab79b92f7<-daebe4f8-0ad9-4eb2-8ed7-3a8051847eb6#0:FAIL-t113, 279bca68-3e74-4690-81cf-da5ab79b92f7<-389d5540-641f-48c2-a9df-60738dbad976#0:FAIL-t113] and 0 exception(s); 279bca68-3e74-4690-81cf-da5ab79b92f7@group-AF49A4A4CA2A:t113, leader=null, voted=279bca68-3e74-4690-81cf-da5ab79b92f7, raftlog=279bca68-3e74-4690-81cf-da5ab79b92f7@group-AF49A4A4CA2A-SegmentedRaftLog:OPENED:c-1,f-1,i0, conf=-1: [daebe4f8-0ad9-4eb2-8ed7-3a8051847eb6:192.168.69.118:44860, 389d5540-641f-48c2-a9df-60738dbad976:192.168.69.118:45712, 279bca68-3e74-4690-81cf-da5ab79b92f7:192.168.69.118:45510], old=null
2019-10-23 12:36:20,056 [279bca68-3e74-4690-81cf-da5ab79b92f7@group-AF49A4A4CA2A-LeaderElection111] INFO  impl.RaftServerImpl (RaftServerImpl.java:setRole(184)) - 279bca68-3e74-4690-81cf-da5ab79b92f7@group-AF49A4A4CA2A: changes role from CANDIDATE to FOLLOWER at term 113 for DISCOVERED_A_NEW_TERM
2019-10-23 12:36:20,057 [279bca68-3e74-4690-81cf-da5ab79b92f7@group-AF49A4A4CA2A-LeaderElection111] INFO  impl.RoleInfo (RoleInfo.java:shutdownLeaderElection(134)) - 279bca68-3e74-4690-81cf-da5ab79b92f7: shutdown LeaderElection
2019-10-23 12:36:20,057 [279bca68-3e74-4690-81cf-da5ab79b92f7@group-AF49A4A4CA2A-LeaderElection111] INFO  impl.RoleInfo (RoleInfo.java:updateAndGet(143)) - 279bca68-3e74-4690-81cf-da5ab79b92f7: start FollowerState
2019-10-23 12:36:20,135 [Thread-940] INFO  impl.FollowerState (FollowerState.java:run(108)) - 279bca68-3e74-4690-81cf-da5ab79b92f7@group-AF49A4A4CA2A-FollowerState: change to CANDIDATE, lastRpcTime:78ms, electionTimeout:78ms
2019-10-23 12:36:20,135 [Thread-940] INFO  impl.RoleInfo (RoleInfo.java:shutdownFollowerState(121)) - 279bca68-3e74-4690-81cf-da5ab79b92f7: shutdown FollowerState
2019-10-23 12:36:20,136 [Thread-940] INFO  impl.RaftServerImpl (RaftServerImpl.java:setRole(184)) - 279bca68-3e74-4690-81cf-da5ab79b92f7@group-AF49A4A4CA2A: changes role from  FOLLOWER to CANDIDATE at term 113 for changeToCandidate
2019-10-23 12:36:20,136 [Thread-940] INFO  impl.RoleInfo (RoleInfo.java:updateAndGet(143)) - 279bca68-3e74-4690-81cf-da5ab79b92f7: start LeaderElection
2019-10-23 12:36:20,161 [279bca68-3e74-4690-81cf-da5ab79b92f7@group-AF49A4A4CA2A-LeaderElection112] INFO  impl.LeaderElection (LeaderElection.java:askForVotes(178)) - 279bca68-3e74-4690-81cf-da5ab79b92f7@group-AF49A4A4CA2A-LeaderElection112: begin an election at term 114 for -1: [daebe4f8-0ad9-4eb2-8ed7-3a8051847eb6:192.168.69.118:44860, 389d5540-641f-48c2-a9df-60738dbad976:192.168.69.118:45712, 279bca68-3e74-4690-81cf-da5ab79b92f7:192.168.69.118:45510], old=null
2019-10-23 12:36:20,165 [grpc-default-executor-3] INFO  impl.RaftServerImpl (RaftServerImpl.java:setRole(184)) - daebe4f8-0ad9-4eb2-8ed7-3a8051847eb6@group-AF49A4A4CA2A: changes role from  FOLLOWER to FOLLOWER at term 114 for recognizeCandidate:279bca68-3e74-4690-81cf-da5ab79b92f7
2019-10-23 12:36:20,165 [grpc-default-executor-3] INFO  impl.RoleInfo (RoleInfo.java:shutdownFollowerState(121)) - daebe4f8-0ad9-4eb2-8ed7-3a8051847eb6: shutdown FollowerState
2019-10-23 12:36:20,165 [grpc-default-executor-4] INFO  impl.RaftServerImpl (RaftServerImpl.java:setRole(184)) - 389d5540-641f-48c2-a9df-60738dbad976@group-AF49A4A4CA2A: changes role from  FOLLOWER to FOLLOWER at term 114 for recognizeCandidate:279bca68-3e74-4690-81cf-da5ab79b92f7
2019-10-23 12:36:20,165 [Thread-938] INFO  impl.FollowerState (FollowerState.java:run(117)) - daebe4f8-0ad9-4eb2-8ed7-3a8051847eb6@group-AF49A4A4CA2A-FollowerState was interrupted: java.lang.InterruptedException: sleep interrupted
2019-10-23 12:36:20,165 [grpc-default-executor-3] INFO  impl.RoleInfo (RoleInfo.java:updateAndGet(143)) - daebe4f8-0ad9-4eb2-8ed7-3a8051847eb6: start FollowerState
2019-10-23 12:36:20,165 [grpc-default-executor-4] INFO  impl.RoleInfo (RoleInfo.java:shutdownFollowerState(121)) - 389d5540-641f-48c2-a9df-60738dbad976: shutdown FollowerState
2019-10-23 12:36:20,166 [grpc-default-executor-4] INFO  impl.RoleInfo (RoleInfo.java:updateAndGet(143)) - 389d5540-641f-48c2-a9df-60738dbad976: start FollowerState
2019-10-23 12:36:20,166 [Thread-939] INFO  impl.FollowerState (FollowerState.java:run(117)) - 389d5540-641f-48c2-a9df-60738dbad976@group-AF49A4A4CA2A-FollowerState was interrupted: java.lang.InterruptedException: sleep interrupted
2019-10-23 12:36:20,181 [279bca68-3e74-4690-81cf-da5ab79b92f7@group-AF49A4A4CA2A-LeaderElection112] INFO  impl.LeaderElection (LeaderElection.java:logAndReturn(56)) - 279bca68-3e74-4690-81cf-da5ab79b92f7@group-AF49A4A4CA2A-LeaderElection112: Election REJECTED; received 2 response(s) [279bca68-3e74-4690-81cf-da5ab79b92f7<-daebe4f8-0ad9-4eb2-8ed7-3a8051847eb6#0:FAIL-t114, 279bca68-3e74-4690-81cf-da5ab79b92f7<-389d5540-641f-48c2-a9df-60738dbad976#0:FAIL-t114] and 0 exception(s); 279bca68-3e74-4690-81cf-da5ab79b92f7@group-AF49A4A4CA2A:t114, leader=null, voted=279bca68-3e74-4690-81cf-da5ab79b92f7, raftlog=279bca68-3e74-4690-81cf-da5ab79b92f7@group-AF49A4A4CA2A-SegmentedRaftLog:OPENED:c-1,f-1,i0, conf=-1: [daebe4f8-0ad9-4eb2-8ed7-3a8051847eb6:192.168.69.118:44860, 389d5540-641f-48c2-a9df-60738dbad976:192.168.69.118:45712, 279bca68-3e74-4690-81cf-da5ab79b92f7:192.168.69.118:45510], old=null
2019-10-23 12:36:20,181 [279bca68-3e74-4690-81cf-da5ab79b92f7@group-AF49A4A4CA2A-LeaderElection112] INFO  impl.RaftServerImpl (RaftServerImpl.java:setRole(184)) - 279bca68-3e74-4690-81cf-da5ab79b92f7@group-AF49A4A4CA2A: changes role from CANDIDATE to FOLLOWER at term 114 for DISCOVERED_A_NEW_TERM
2019-10-23 12:36:20,181 [279bca68-3e74-4690-81cf-da5ab79b92f7@group-AF49A4A4CA2A-LeaderElection112] INFO  impl.RoleInfo (RoleInfo.java:shutdownLeaderElection(134)) - 279bca68-3e74-4690-81cf-da5ab79b92f7: shutdown LeaderElection
2019-10-23 12:36:20,181 [279bca68-3e74-4690-81cf-da5ab79b92f7@group-AF49A4A4CA2A-LeaderElection112] INFO  impl.RoleInfo (RoleInfo.java:updateAndGet(143)) - 279bca68-3e74-4690-81cf-da5ab79b92f7: start FollowerState
2019-10-23 12:36:20,296 [Thread-946] INFO  impl.FollowerState (FollowerState.java:run(108)) - 279bca68-3e74-4690-81cf-da5ab79b92f7@group-AF49A4A4CA2A-FollowerState: change to CANDIDATE, lastRpcTime:114ms, electionTimeout:114ms
2019-10-23 12:36:20,296 [Thread-946] INFO  impl.RoleInfo (RoleInfo.java:shutdownFollowerState(121)) - 279bca68-3e74-4690-81cf-da5ab79b92f7: shutdown FollowerState
2019-10-23 12:36:20,296 [Thread-946] INFO  impl.RaftServerImpl (RaftServerImpl.java:setRole(184)) - 279bca68-3e74-4690-81cf-da5ab79b92f7@group-AF49A4A4CA2A: changes role from  FOLLOWER to CANDIDATE at term 114 for changeToCandidate
2019-10-23 12:36:20,296 [Thread-946] INFO  impl.RoleInfo (RoleInfo.java:updateAndGet(143)) - 279bca68-3e74-4690-81cf-da5ab79b92f7: start LeaderElection
2019-10-23 12:36:20,310 [279bca68-3e74-4690-81cf-da5ab79b92f7@group-AF49A4A4CA2A-LeaderElection113] INFO  impl.LeaderElection (LeaderElection.java:askForVotes(178)) - 279bca68-3e74-4690-81cf-da5ab79b92f7@group-AF49A4A4CA2A-LeaderElection113: begin an election at term 115 for -1: [daebe4f8-0ad9-4eb2-8ed7-3a8051847eb6:192.168.69.118:44860, 389d5540-641f-48c2-a9df-60738dbad976:192.168.69.118:45712, 279bca68-3e74-4690-81cf-da5ab79b92f7:192.168.69.118:45510], old=null
2019-10-23 12:36:20,314 [grpc-default-executor-3] INFO  impl.RaftServerImpl (RaftServerImpl.java:setRole(184)) - daebe4f8-0ad9-4eb2-8ed7-3a8051847eb6@group-AF49A4A4CA2A: changes role from  FOLLOWER to FOLLOWER at term 115 for recognizeCandidate:279bca68-3e74-4690-81cf-da5ab79b92f7
2019-10-23 12:36:20,314 [grpc-default-executor-4] INFO  impl.RaftServerImpl (RaftServerImpl.java:setRole(184)) - 389d5540-641f-48c2-a9df-60738dbad976@group-AF49A4A4CA2A: changes role from  FOLLOWER to FOLLOWER at term 115 for recognizeCandidate:279bca68-3e74-4690-81cf-da5ab79b92f7
2019-10-23 12:36:20,314 [grpc-default-executor-3] INFO  impl.RoleInfo (RoleInfo.java:shutdownFollowerState(121)) - daebe4f8-0ad9-4eb2-8ed7-3a8051847eb6: shutdown FollowerState
2019-10-23 12:36:20,314 [grpc-default-executor-4] INFO  impl.RoleInfo (RoleInfo.java:shutdownFollowerState(121)) - 389d5540-641f-48c2-a9df-60738dbad976: shutdown FollowerState
2019-10-23 12:36:20,314 [grpc-default-executor-3] INFO  impl.RoleInfo (RoleInfo.java:updateAndGet(143)) - daebe4f8-0ad9-4eb2-8ed7-3a8051847eb6: start FollowerState
2019-10-23 12:36:20,315 [Thread-945] INFO  impl.FollowerState (FollowerState.java:run(117)) - 389d5540-641f-48c2-a9df-60738dbad976@group-AF49A4A4CA2A-FollowerState was interrupted: java.lang.InterruptedException: sleep interrupted
2019-10-23 12:36:20,315 [grpc-default-executor-4] INFO  impl.RoleInfo (RoleInfo.java:updateAndGet(143)) - 389d5540-641f-48c2-a9df-60738dbad976: start FollowerState
2019-10-23 12:36:20,315 [Thread-944] INFO  impl.FollowerState (FollowerState.java:run(117)) - daebe4f8-0ad9-4eb2-8ed7-3a8051847eb6@group-AF49A4A4CA2A-FollowerState was interrupted: java.lang.InterruptedException: sleep interrupted
2019-10-23 12:36:20,327 [279bca68-3e74-4690-81cf-da5ab79b92f7@group-AF49A4A4CA2A-LeaderElection113] INFO  impl.LeaderElection (LeaderElection.java:logAndReturn(56)) - 279bca68-3e74-4690-81cf-da5ab79b92f7@group-AF49A4A4CA2A-LeaderElection113: Election REJECTED; received 2 response(s) [279bca68-3e74-4690-81cf-da5ab79b92f7<-daebe4f8-0ad9-4eb2-8ed7-3a8051847eb6#0:FAIL-t115, 279bca68-3e74-4690-81cf-da5ab79b92f7<-389d5540-641f-48c2-a9df-60738dbad976#0:FAIL-t115] and 0 exception(s); 279bca68-3e74-4690-81cf-da5ab79b92f7@group-AF49A4A4CA2A:t115, leader=null, voted=279bca68-3e74-4690-81cf-da5ab79b92f7, raftlog=279bca68-3e74-4690-81cf-da5ab79b92f7@group-AF49A4A4CA2A-SegmentedRaftLog:OPENED:c-1,f-1,i0, conf=-1: [daebe4f8-0ad9-4eb2-8ed7-3a8051847eb6:192.168.69.118:44860, 389d5540-641f-48c2-a9df-60738dbad976:192.168.69.118:45712, 279bca68-3e74-4690-81cf-da5ab79b92f7:192.168.69.118:45510], old=null
2019-10-23 12:36:20,328 [279bca68-3e74-4690-81cf-da5ab79b92f7@group-AF49A4A4CA2A-LeaderElection113] INFO  impl.RaftServerImpl (RaftServerImpl.java:setRole(184)) - 279bca68-3e74-4690-81cf-da5ab79b92f7@group-AF49A4A4CA2A: changes role from CANDIDATE to FOLLOWER at term 115 for DISCOVERED_A_NEW_TERM
2019-10-23 12:36:20,328 [279bca68-3e74-4690-81cf-da5ab79b92f7@group-AF49A4A4CA2A-LeaderElection113] INFO  impl.RoleInfo (RoleInfo.java:shutdownLeaderElection(134)) - 279bca68-3e74-4690-81cf-da5ab79b92f7: shutdown LeaderElection
2019-10-23 12:36:20,328 [279bca68-3e74-4690-81cf-da5ab79b92f7@group-AF49A4A4CA2A-LeaderElection113] INFO  impl.RoleInfo (RoleInfo.java:updateAndGet(143)) - 279bca68-3e74-4690-81cf-da5ab79b92f7: start FollowerState
2019-10-23 12:36:20,414 [Thread-952] INFO  impl.FollowerState (FollowerState.java:run(108)) - 279bca68-3e74-4690-81cf-da5ab79b92f7@group-AF49A4A4CA2A-FollowerState: change to CANDIDATE, lastRpcTime:86ms, electionTimeout:86ms
2019-10-23 12:36:20,414 [Thread-952] INFO  impl.RoleInfo (RoleInfo.java:shutdownFollowerState(121)) - 279bca68-3e74-4690-81cf-da5ab79b92f7: shutdown FollowerState
2019-10-23 12:36:20,415 [Thread-952] INFO  impl.RaftServerImpl (RaftServerImpl.java:setRole(184)) - 279bca68-3e74-4690-81cf-da5ab79b92f7@group-AF49A4A4CA2A: changes role from  FOLLOWER to CANDIDATE at term 115 for changeToCandidate
2019-10-23 12:36:20,415 [Thread-952] INFO  impl.RoleInfo (RoleInfo.java:updateAndGet(143)) - 279bca68-3e74-4690-81cf-da5ab79b92f7: start LeaderElection
2019-10-23 12:36:20,431 [279bca68-3e74-4690-81cf-da5ab79b92f7@group-AF49A4A4CA2A-LeaderElection114] INFO  impl.LeaderElection (LeaderElection.java:askForVotes(178)) - 279bca68-3e74-4690-81cf-da5ab79b92f7@group-AF49A4A4CA2A-LeaderElection114: begin an election at term 116 for -1: [daebe4f8-0ad9-4eb2-8ed7-3a8051847eb6:192.168.69.118:44860, 389d5540-641f-48c2-a9df-60738dbad976:192.168.69.118:45712, 279bca68-3e74-4690-81cf-da5ab79b92f7:192.168.69.118:45510], old=null
2019-10-23 12:36:20,434 [grpc-default-executor-3] INFO  impl.RaftServerImpl (RaftServerImpl.java:setRole(184)) - daebe4f8-0ad9-4eb2-8ed7-3a8051847eb6@group-AF49A4A4CA2A: changes role from  FOLLOWER to FOLLOWER at term 116 for recognizeCandidate:279bca68-3e74-4690-81cf-da5ab79b92f7
2019-10-23 12:36:20,434 [grpc-default-executor-4] INFO  impl.RaftServerImpl (RaftServerImpl.java:setRole(184)) - 389d5540-641f-48c2-a9df-60738dbad976@group-AF49A4A4CA2A: changes role from  FOLLOWER to FOLLOWER at term 116 for recognizeCandidate:279bca68-3e74-4690-81cf-da5ab79b92f7
2019-10-23 12:36:20,434 [grpc-default-executor-3] INFO  impl.RoleInfo (RoleInfo.java:shutdownFollowerState(121)) - daebe4f8-0ad9-4eb2-8ed7-3a8051847eb6: shutdown FollowerState
2019-10-23 12:36:20,434 [grpc-default-executor-4] INFO  impl.RoleInfo (RoleInfo.java:shutdownFollowerState(121)) - 389d5540-641f-48c2-a9df-60738dbad976: shutdown FollowerState
2019-10-23 12:36:20,435 [grpc-default-executor-3] INFO  impl.RoleInfo (RoleInfo.java:updateAndGet(143)) - daebe4f8-0ad9-4eb2-8ed7-3a8051847eb6: start FollowerState
2019-10-23 12:36:20,435 [Thread-951] INFO  impl.FollowerState (FollowerState.java:run(117)) - 389d5540-641f-48c2-a9df-60738dbad976@group-AF49A4A4CA2A-FollowerState was interrupted: java.lang.InterruptedException: sleep interrupted
2019-10-23 12:36:20,435 [Thread-950] INFO  impl.FollowerState (FollowerState.java:run(117)) - daebe4f8-0ad9-4eb2-8ed7-3a8051847eb6@group-AF49A4A4CA2A-FollowerState was interrupted: java.lang.InterruptedException: sleep interrupted
2019-10-23 12:36:20,435 [grpc-default-executor-4] INFO  impl.RoleInfo (RoleInfo.java:updateAndGet(143)) - 389d5540-641f-48c2-a9df-60738dbad976: start FollowerState
2019-10-23 12:36:20,452 [279bca68-3e74-4690-81cf-da5ab79b92f7@group-AF49A4A4CA2A-LeaderElection114] INFO  impl.LeaderElection (LeaderElection.java:logAndReturn(56)) - 279bca68-3e74-4690-81cf-da5ab79b92f7@group-AF49A4A4CA2A-LeaderElection114: Election REJECTED; received 2 response(s) [279bca68-3e74-4690-81cf-da5ab79b92f7<-daebe4f8-0ad9-4eb2-8ed7-3a8051847eb6#0:FAIL-t116, 279bca68-3e74-4690-81cf-da5ab79b92f7<-389d5540-641f-48c2-a9df-60738dbad976#0:FAIL-t116] and 0 exception(s); 279bca68-3e74-4690-81cf-da5ab79b92f7@group-AF49A4A4CA2A:t116, leader=null, voted=279bca68-3e74-4690-81cf-da5ab79b92f7, raftlog=279bca68-3e74-4690-81cf-da5ab79b92f7@group-AF49A4A4CA2A-SegmentedRaftLog:OPENED:c-1,f-1,i0, conf=-1: [daebe4f8-0ad9-4eb2-8ed7-3a8051847eb6:192.168.69.118:44860, 389d5540-641f-48c2-a9df-60738dbad976:192.168.69.118:45712, 279bca68-3e74-4690-81cf-da5ab79b92f7:192.168.69.118:45510], old=null
2019-10-23 12:36:20,453 [279bca68-3e74-4690-81cf-da5ab79b92f7@group-AF49A4A4CA2A-LeaderElection114] INFO  impl.RaftServerImpl (RaftServerImpl.java:setRole(184)) - 279bca68-3e74-4690-81cf-da5ab79b92f7@group-AF49A4A4CA2A: changes role from CANDIDATE to FOLLOWER at term 116 for DISCOVERED_A_NEW_TERM
2019-10-23 12:36:20,453 [279bca68-3e74-4690-81cf-da5ab79b92f7@group-AF49A4A4CA2A-LeaderElection114] INFO  impl.RoleInfo (RoleInfo.java:shutdownLeaderElection(134)) - 279bca68-3e74-4690-81cf-da5ab79b92f7: shutdown LeaderElection
2019-10-23 12:36:20,453 [279bca68-3e74-4690-81cf-da5ab79b92f7@group-AF49A4A4CA2A-LeaderElection114] INFO  impl.RoleInfo (RoleInfo.java:updateAndGet(143)) - 279bca68-3e74-4690-81cf-da5ab79b92f7: start FollowerState
2019-10-23 12:36:20,586 [Thread-958] INFO  impl.FollowerState (FollowerState.java:run(108)) - 279bca68-3e74-4690-81cf-da5ab79b92f7@group-AF49A4A4CA2A-FollowerState: change to CANDIDATE, lastRpcTime:133ms, electionTimeout:133ms
2019-10-23 12:36:20,586 [Thread-958] INFO  impl.RoleInfo (RoleInfo.java:shutdownFollowerState(121)) - 279bca68-3e74-4690-81cf-da5ab79b92f7: shutdown FollowerState
2019-10-23 12:36:20,587 [Thread-958] INFO  impl.RaftServerImpl (RaftServerImpl.java:setRole(184)) - 279bca68-3e74-4690-81cf-da5ab79b92f7@group-AF49A4A4CA2A: changes role from  FOLLOWER to CANDIDATE at term 116 for changeToCandidate
2019-10-23 12:36:20,587 [Thread-958] INFO  impl.RoleInfo (RoleInfo.java:updateAndGet(143)) - 279bca68-3e74-4690-81cf-da5ab79b92f7: start LeaderElection
2019-10-23 12:36:20,599 [279bca68-3e74-4690-81cf-da5ab79b92f7@group-AF49A4A4CA2A-LeaderElection115] INFO  impl.LeaderElection (LeaderElection.java:askForVotes(178)) - 279bca68-3e74-4690-81cf-da5ab79b92f7@group-AF49A4A4CA2A-LeaderElection115: begin an election at term 117 for -1: [daebe4f8-0ad9-4eb2-8ed7-3a8051847eb6:192.168.69.118:44860, 389d5540-641f-48c2-a9df-60738dbad976:192.168.69.118:45712, 279bca68-3e74-4690-81cf-da5ab79b92f7:192.168.69.118:45510], old=null
2019-10-23 12:36:20,601 [grpc-default-executor-3] INFO  impl.RaftServerImpl (RaftServerImpl.java:setRole(184)) - daebe4f8-0ad9-4eb2-8ed7-3a8051847eb6@group-AF49A4A4CA2A: changes role from  FOLLOWER to FOLLOWER at term 117 for recognizeCandidate:279bca68-3e74-4690-81cf-da5ab79b92f7
2019-10-23 12:36:20,602 [grpc-default-executor-3] INFO  impl.RoleInfo (RoleInfo.java:shutdownFollowerState(121)) - daebe4f8-0ad9-4eb2-8ed7-3a8051847eb6: shutdown FollowerState
2019-10-23 12:36:20,601 [grpc-default-executor-4] INFO  impl.RaftServerImpl (RaftServerImpl.java:setRole(184)) - 389d5540-641f-48c2-a9df-60738dbad976@group-AF49A4A4CA2A: changes role from  FOLLOWER to FOLLOWER at term 117 for recognizeCandidate:279bca68-3e74-4690-81cf-da5ab79b92f7
2019-10-23 12:36:20,602 [grpc-default-executor-3] INFO  impl.RoleInfo (RoleInfo.java:updateAndGet(143)) - daebe4f8-0ad9-4eb2-8ed7-3a8051847eb6: start FollowerState
2019-10-23 12:36:20,602 [Thread-956] INFO  impl.FollowerState (FollowerState.java:run(117)) - daebe4f8-0ad9-4eb2-8ed7-3a8051847eb6@group-AF49A4A4CA2A-FollowerState was interrupted: java.lang.InterruptedException: sleep interrupted
2019-10-23 12:36:20,602 [grpc-default-executor-4] INFO  impl.RoleInfo (RoleInfo.java:shutdownFollowerState(121)) - 389d5540-641f-48c2-a9df-60738dbad976: shutdown FollowerState
2019-10-23 12:36:20,602 [grpc-default-executor-4] INFO  impl.RoleInfo (RoleInfo.java:updateAndGet(143)) - 389d5540-641f-48c2-a9df-60738dbad976: start FollowerState
2019-10-23 12:36:20,602 [Thread-957] INFO  impl.FollowerState (FollowerState.java:run(117)) - 389d5540-641f-48c2-a9df-60738dbad976@group-AF49A4A4CA2A-FollowerState was interrupted: java.lang.InterruptedException: sleep interrupted
2019-10-23 12:36:20,618 [279bca68-3e74-4690-81cf-da5ab79b92f7@group-AF49A4A4CA2A-LeaderElection115] INFO  impl.LeaderElection (LeaderElection.java:logAndReturn(56)) - 279bca68-3e74-4690-81cf-da5ab79b92f7@group-AF49A4A4CA2A-LeaderElection115: Election REJECTED; received 2 response(s) [279bca68-3e74-4690-81cf-da5ab79b92f7<-daebe4f8-0ad9-4eb2-8ed7-3a8051847eb6#0:FAIL-t117, 279bca68-3e74-4690-81cf-da5ab79b92f7<-389d5540-641f-48c2-a9df-60738dbad976#0:FAIL-t117] and 0 exception(s); 279bca68-3e74-4690-81cf-da5ab79b92f7@group-AF49A4A4CA2A:t117, leader=null, voted=279bca68-3e74-4690-81cf-da5ab79b92f7, raftlog=279bca68-3e74-4690-81cf-da5ab79b92f7@group-AF49A4A4CA2A-SegmentedRaftLog:OPENED:c-1,f-1,i0, conf=-1: [daebe4f8-0ad9-4eb2-8ed7-3a8051847eb6:192.168.69.118:44860, 389d5540-641f-48c2-a9df-60738dbad976:192.168.69.118:45712, 279bca68-3e74-4690-81cf-da5ab79b92f7:192.168.69.118:45510], old=null
2019-10-23 12:36:20,618 [279bca68-3e74-4690-81cf-da5ab79b92f7@group-AF49A4A4CA2A-LeaderElection115] INFO  impl.RaftServerImpl (RaftServerImpl.java:setRole(184)) - 279bca68-3e74-4690-81cf-da5ab79b92f7@group-AF49A4A4CA2A: changes role from CANDIDATE to FOLLOWER at term 117 for DISCOVERED_A_NEW_TERM
2019-10-23 12:36:20,618 [279bca68-3e74-4690-81cf-da5ab79b92f7@group-AF49A4A4CA2A-LeaderElection115] INFO  impl.RoleInfo (RoleInfo.java:shutdownLeaderElection(134)) - 279bca68-3e74-4690-81cf-da5ab79b92f7: shutdown LeaderElection
2019-10-23 12:36:20,618 [279bca68-3e74-4690-81cf-da5ab79b92f7@group-AF49A4A4CA2A-LeaderElection115] INFO  impl.RoleInfo (RoleInfo.java:updateAndGet(143)) - 279bca68-3e74-4690-81cf-da5ab79b92f7: start FollowerState
2019-10-23 12:36:20,674 [Thread-964] INFO  impl.FollowerState (FollowerState.java:run(108)) - 279bca68-3e74-4690-81cf-da5ab79b92f7@group-AF49A4A4CA2A-FollowerState: change to CANDIDATE, lastRpcTime:55ms, electionTimeout:55ms
2019-10-23 12:36:20,674 [Thread-964] INFO  impl.RoleInfo (RoleInfo.java:shutdownFollowerState(121)) - 279bca68-3e74-4690-81cf-da5ab79b92f7: shutdown FollowerState
2019-10-23 12:36:20,674 [Thread-964] INFO  impl.RaftServerImpl (RaftServerImpl.java:setRole(184)) - 279bca68-3e74-4690-81cf-da5ab79b92f7@group-AF49A4A4CA2A: changes role from  FOLLOWER to CANDIDATE at term 117 for changeToCandidate
2019-10-23 12:36:20,674 [Thread-964] INFO  impl.RoleInfo (RoleInfo.java:updateAndGet(143)) - 279bca68-3e74-4690-81cf-da5ab79b92f7: start LeaderElection
2019-10-23 12:36:20,696 [279bca68-3e74-4690-81cf-da5ab79b92f7@group-AF49A4A4CA2A-LeaderElection116] INFO  impl.LeaderElection (LeaderElection.java:askForVotes(178)) - 279bca68-3e74-4690-81cf-da5ab79b92f7@group-AF49A4A4CA2A-LeaderElection116: begin an election at term 118 for -1: [daebe4f8-0ad9-4eb2-8ed7-3a8051847eb6:192.168.69.118:44860, 389d5540-641f-48c2-a9df-60738dbad976:192.168.69.118:45712, 279bca68-3e74-4690-81cf-da5ab79b92f7:192.168.69.118:45510], old=null
2019-10-23 12:36:20,698 [grpc-default-executor-4] INFO  impl.RaftServerImpl (RaftServerImpl.java:setRole(184)) - daebe4f8-0ad9-4eb2-8ed7-3a8051847eb6@group-AF49A4A4CA2A: changes role from  FOLLOWER to FOLLOWER at term 118 for recognizeCandidate:279bca68-3e74-4690-81cf-da5ab79b92f7
2019-10-23 12:36:20,698 [grpc-default-executor-4] INFO  impl.RoleInfo (RoleInfo.java:shutdownFollowerState(121)) - daebe4f8-0ad9-4eb2-8ed7-3a8051847eb6: shutdown FollowerState
2019-10-23 12:36:20,699 [grpc-default-executor-4] INFO  impl.RoleInfo (RoleInfo.java:updateAndGet(143)) - daebe4f8-0ad9-4eb2-8ed7-3a8051847eb6: start FollowerState
2019-10-23 12:36:20,699 [grpc-default-executor-3] INFO  impl.RaftServerImpl (RaftServerImpl.java:setRole(184)) - 389d5540-641f-48c2-a9df-60738dbad976@group-AF49A4A4CA2A: changes role from  FOLLOWER to FOLLOWER at term 118 for recognizeCandidate:279bca68-3e74-4690-81cf-da5ab79b92f7
2019-10-23 12:36:20,699 [grpc-default-executor-3] INFO  impl.RoleInfo (RoleInfo.java:shutdownFollowerState(121)) - 389d5540-641f-48c2-a9df-60738dbad976: shutdown FollowerState
2019-10-23 12:36:20,699 [Thread-962] INFO  impl.FollowerState (FollowerState.java:run(117)) - daebe4f8-0ad9-4eb2-8ed7-3a8051847eb6@group-AF49A4A4CA2A-FollowerState was interrupted: java.lang.InterruptedException: sleep interrupted
2019-10-23 12:36:20,699 [grpc-default-executor-3] INFO  impl.RoleInfo (RoleInfo.java:updateAndGet(143)) - 389d5540-641f-48c2-a9df-60738dbad976: start FollowerState
2019-10-23 12:36:20,699 [Thread-963] INFO  impl.FollowerState (FollowerState.java:run(117)) - 389d5540-641f-48c2-a9df-60738dbad976@group-AF49A4A4CA2A-FollowerState was interrupted: java.lang.InterruptedException: sleep interrupted
2019-10-23 12:36:20,713 [279bca68-3e74-4690-81cf-da5ab79b92f7@group-AF49A4A4CA2A-LeaderElection116] INFO  impl.LeaderElection (LeaderElection.java:logAndReturn(56)) - 279bca68-3e74-4690-81cf-da5ab79b92f7@group-AF49A4A4CA2A-LeaderElection116: Election REJECTED; received 2 response(s) [279bca68-3e74-4690-81cf-da5ab79b92f7<-daebe4f8-0ad9-4eb2-8ed7-3a8051847eb6#0:FAIL-t118, 279bca68-3e74-4690-81cf-da5ab79b92f7<-389d5540-641f-48c2-a9df-60738dbad976#0:FAIL-t118] and 0 exception(s); 279bca68-3e74-4690-81cf-da5ab79b92f7@group-AF49A4A4CA2A:t118, leader=null, voted=279bca68-3e74-4690-81cf-da5ab79b92f7, raftlog=279bca68-3e74-4690-81cf-da5ab79b92f7@group-AF49A4A4CA2A-SegmentedRaftLog:OPENED:c-1,f-1,i0, conf=-1: [daebe4f8-0ad9-4eb2-8ed7-3a8051847eb6:192.168.69.118:44860, 389d5540-641f-48c2-a9df-60738dbad976:192.168.69.118:45712, 279bca68-3e74-4690-81cf-da5ab79b92f7:192.168.69.118:45510], old=null
2019-10-23 12:36:20,713 [279bca68-3e74-4690-81cf-da5ab79b92f7@group-AF49A4A4CA2A-LeaderElection116] INFO  impl.RaftServerImpl (RaftServerImpl.java:setRole(184)) - 279bca68-3e74-4690-81cf-da5ab79b92f7@group-AF49A4A4CA2A: changes role from CANDIDATE to FOLLOWER at term 118 for DISCOVERED_A_NEW_TERM
2019-10-23 12:36:20,714 [279bca68-3e74-4690-81cf-da5ab79b92f7@group-AF49A4A4CA2A-LeaderElection116] INFO  impl.RoleInfo (RoleInfo.java:shutdownLeaderElection(134)) - 279bca68-3e74-4690-81cf-da5ab79b92f7: shutdown LeaderElection
2019-10-23 12:36:20,714 [279bca68-3e74-4690-81cf-da5ab79b92f7@group-AF49A4A4CA2A-LeaderElection116] INFO  impl.RoleInfo (RoleInfo.java:updateAndGet(143)) - 279bca68-3e74-4690-81cf-da5ab79b92f7: start FollowerState
2019-10-23 12:36:20,874 [Thread-970] INFO  impl.FollowerState (FollowerState.java:run(108)) - 279bca68-3e74-4690-81cf-da5ab79b92f7@group-AF49A4A4CA2A-FollowerState: change to CANDIDATE, lastRpcTime:160ms, electionTimeout:160ms
2019-10-23 12:36:20,875 [Thread-970] INFO  impl.RoleInfo (RoleInfo.java:shutdownFollowerState(121)) - 279bca68-3e74-4690-81cf-da5ab79b92f7: shutdown FollowerState
2019-10-23 12:36:20,875 [Thread-970] INFO  impl.RaftServerImpl (RaftServerImpl.java:setRole(184)) - 279bca68-3e74-4690-81cf-da5ab79b92f7@group-AF49A4A4CA2A: changes role from  FOLLOWER to CANDIDATE at term 118 for changeToCandidate
2019-10-23 12:36:20,875 [Thread-970] INFO  impl.RoleInfo (RoleInfo.java:updateAndGet(143)) - 279bca68-3e74-4690-81cf-da5ab79b92f7: start LeaderElection
2019-10-23 12:36:20,889 [279bca68-3e74-4690-81cf-da5ab79b92f7@group-AF49A4A4CA2A-LeaderElection117] INFO  impl.LeaderElection (LeaderElection.java:askForVotes(178)) - 279bca68-3e74-4690-81cf-da5ab79b92f7@group-AF49A4A4CA2A-LeaderElection117: begin an election at term 119 for -1: [daebe4f8-0ad9-4eb2-8ed7-3a8051847eb6:192.168.69.118:44860, 389d5540-641f-48c2-a9df-60738dbad976:192.168.69.118:45712, 279bca68-3e74-4690-81cf-da5ab79b92f7:192.168.69.118:45510], old=null
2019-10-23 12:36:20,891 [grpc-default-executor-4] INFO  impl.RaftServerImpl (RaftServerImpl.java:setRole(184)) - daebe4f8-0ad9-4eb2-8ed7-3a8051847eb6@group-AF49A4A4CA2A: changes role from  FOLLOWER to FOLLOWER at term 119 for recognizeCandidate:279bca68-3e74-4690-81cf-da5ab79b92f7
2019-10-23 12:36:20,891 [grpc-default-executor-4] INFO  impl.RoleInfo (RoleInfo.java:shutdownFollowerState(121)) - daebe4f8-0ad9-4eb2-8ed7-3a8051847eb6: shutdown FollowerState
2019-10-23 12:36:20,892 [grpc-default-executor-4] INFO  impl.RoleInfo (RoleInfo.java:updateAndGet(143)) - daebe4f8-0ad9-4eb2-8ed7-3a8051847eb6: start FollowerState
2019-10-23 12:36:20,892 [Thread-968] INFO  impl.FollowerState (FollowerState.java:run(117)) - daebe4f8-0ad9-4eb2-8ed7-3a8051847eb6@group-AF49A4A4CA2A-FollowerState was interrupted: java.lang.InterruptedException: sleep interrupted
2019-10-23 12:36:20,892 [grpc-default-executor-3] INFO  impl.RaftServerImpl (RaftServerImpl.java:setRole(184)) - 389d5540-641f-48c2-a9df-60738dbad976@group-AF49A4A4CA2A: changes role from  FOLLOWER to FOLLOWER at term 119 for recognizeCandidate:279bca68-3e74-4690-81cf-da5ab79b92f7
2019-10-23 12:36:20,892 [grpc-default-executor-3] INFO  impl.RoleInfo (RoleInfo.java:shutdownFollowerState(121)) - 389d5540-641f-48c2-a9df-60738dbad976: shutdown FollowerState
2019-10-23 12:36:20,892 [grpc-default-executor-3] INFO  impl.RoleInfo (RoleInfo.java:updateAndGet(143)) - 389d5540-641f-48c2-a9df-60738dbad976: start FollowerState
2019-10-23 12:36:20,892 [Thread-969] INFO  impl.FollowerState (FollowerState.java:run(117)) - 389d5540-641f-48c2-a9df-60738dbad976@group-AF49A4A4CA2A-FollowerState was interrupted: java.lang.InterruptedException: sleep interrupted
2019-10-23 12:36:20,907 [279bca68-3e74-4690-81cf-da5ab79b92f7@group-AF49A4A4CA2A-LeaderElection117] INFO  impl.LeaderElection (LeaderElection.java:logAndReturn(56)) - 279bca68-3e74-4690-81cf-da5ab79b92f7@group-AF49A4A4CA2A-LeaderElection117: Election REJECTED; received 2 response(s) [279bca68-3e74-4690-81cf-da5ab79b92f7<-daebe4f8-0ad9-4eb2-8ed7-3a8051847eb6#0:FAIL-t119, 279bca68-3e74-4690-81cf-da5ab79b92f7<-389d5540-641f-48c2-a9df-60738dbad976#0:FAIL-t119] and 0 exception(s); 279bca68-3e74-4690-81cf-da5ab79b92f7@group-AF49A4A4CA2A:t119, leader=null, voted=279bca68-3e74-4690-81cf-da5ab79b92f7, raftlog=279bca68-3e74-4690-81cf-da5ab79b92f7@group-AF49A4A4CA2A-SegmentedRaftLog:OPENED:c-1,f-1,i0, conf=-1: [daebe4f8-0ad9-4eb2-8ed7-3a8051847eb6:192.168.69.118:44860, 389d5540-641f-48c2-a9df-60738dbad976:192.168.69.118:45712, 279bca68-3e74-4690-81cf-da5ab79b92f7:192.168.69.118:45510], old=null
2019-10-23 12:36:20,907 [279bca68-3e74-4690-81cf-da5ab79b92f7@group-AF49A4A4CA2A-LeaderElection117] INFO  impl.RaftServerImpl (RaftServerImpl.java:setRole(184)) - 279bca68-3e74-4690-81cf-da5ab79b92f7@group-AF49A4A4CA2A: changes role from CANDIDATE to FOLLOWER at term 119 for DISCOVERED_A_NEW_TERM
2019-10-23 12:36:20,907 [279bca68-3e74-4690-81cf-da5ab79b92f7@group-AF49A4A4CA2A-LeaderElection117] INFO  impl.RoleInfo (RoleInfo.java:shutdownLeaderElection(134)) - 279bca68-3e74-4690-81cf-da5ab79b92f7: shutdown LeaderElection
2019-10-23 12:36:20,907 [279bca68-3e74-4690-81cf-da5ab79b92f7@group-AF49A4A4CA2A-LeaderElection117] INFO  impl.RoleInfo (RoleInfo.java:updateAndGet(143)) - 279bca68-3e74-4690-81cf-da5ab79b92f7: start FollowerState
2019-10-23 12:36:20,982 [Thread-978] INFO  impl.FollowerState (FollowerState.java:run(108)) - 279bca68-3e74-4690-81cf-da5ab79b92f7@group-AF49A4A4CA2A-FollowerState: change to CANDIDATE, lastRpcTime:74ms, electionTimeout:74ms
2019-10-23 12:36:20,982 [Thread-978] INFO  impl.RoleInfo (RoleInfo.java:shutdownFollowerState(121)) - 279bca68-3e74-4690-81cf-da5ab79b92f7: shutdown FollowerState
2019-10-23 12:36:20,982 [Thread-978] INFO  impl.RaftServerImpl (RaftServerImpl.java:setRole(184)) - 279bca68-3e74-4690-81cf-da5ab79b92f7@group-AF49A4A4CA2A: changes role from  FOLLOWER to CANDIDATE at term 119 for changeToCandidate
2019-10-23 12:36:20,982 [Thread-978] INFO  impl.RoleInfo (RoleInfo.java:updateAndGet(143)) - 279bca68-3e74-4690-81cf-da5ab79b92f7: start LeaderElection
2019-10-23 12:36:21,008 [279bca68-3e74-4690-81cf-da5ab79b92f7@group-AF49A4A4CA2A-LeaderElection118] INFO  impl.LeaderElection (LeaderElection.java:askForVotes(178)) - 279bca68-3e74-4690-81cf-da5ab79b92f7@group-AF49A4A4CA2A-LeaderElection118: begin an election at term 120 for -1: [daebe4f8-0ad9-4eb2-8ed7-3a8051847eb6:192.168.69.118:44860, 389d5540-641f-48c2-a9df-60738dbad976:192.168.69.118:45712, 279bca68-3e74-4690-81cf-da5ab79b92f7:192.168.69.118:45510], old=null
2019-10-23 12:36:21,010 [grpc-default-executor-3] INFO  impl.RaftServerImpl (RaftServerImpl.java:setRole(184)) - daebe4f8-0ad9-4eb2-8ed7-3a8051847eb6@group-AF49A4A4CA2A: changes role from  FOLLOWER to FOLLOWER at term 120 for recognizeCandidate:279bca68-3e74-4690-81cf-da5ab79b92f7
2019-10-23 12:36:21,010 [grpc-default-executor-3] INFO  impl.RoleInfo (RoleInfo.java:shutdownFollowerState(121)) - daebe4f8-0ad9-4eb2-8ed7-3a8051847eb6: shutdown FollowerState
2019-10-23 12:36:21,010 [grpc-default-executor-4] INFO  impl.RaftServerImpl (RaftServerImpl.java:setRole(184)) - 389d5540-641f-48c2-a9df-60738dbad976@group-AF49A4A4CA2A: changes role from  FOLLOWER to FOLLOWER at term 120 for recognizeCandidate:279bca68-3e74-4690-81cf-da5ab79b92f7
2019-10-23 12:36:21,010 [Thread-976] INFO  impl.FollowerState (FollowerState.java:run(117)) - daebe4f8-0ad9-4eb2-8ed7-3a8051847eb6@group-AF49A4A4CA2A-FollowerState was interrupted: java.lang.InterruptedException: sleep interrupted
2019-10-23 12:36:21,010 [grpc-default-executor-3] INFO  impl.RoleInfo (RoleInfo.java:updateAndGet(143)) - daebe4f8-0ad9-4eb2-8ed7-3a8051847eb6: start FollowerState
2019-10-23 12:36:21,010 [grpc-default-executor-4] INFO  impl.RoleInfo (RoleInfo.java:shutdownFollowerState(121)) - 389d5540-641f-48c2-a9df-60738dbad976: shutdown FollowerState
2019-10-23 12:36:21,011 [grpc-default-executor-4] INFO  impl.RoleInfo (RoleInfo.java:updateAndGet(143)) - 389d5540-641f-48c2-a9df-60738dbad976: start FollowerState
2019-10-23 12:36:21,011 [Thread-977] INFO  impl.FollowerState (FollowerState.java:run(117)) - 389d5540-641f-48c2-a9df-60738dbad976@group-AF49A4A4CA2A-FollowerState was interrupted: java.lang.InterruptedException: sleep interrupted
2019-10-23 12:36:21,028 [279bca68-3e74-4690-81cf-da5ab79b92f7@group-AF49A4A4CA2A-LeaderElection118] INFO  impl.LeaderElection (LeaderElection.java:logAndReturn(56)) - 279bca68-3e74-4690-81cf-da5ab79b92f7@group-AF49A4A4CA2A-LeaderElection118: Election REJECTED; received 2 response(s) [279bca68-3e74-4690-81cf-da5ab79b92f7<-daebe4f8-0ad9-4eb2-8ed7-3a8051847eb6#0:FAIL-t120, 279bca68-3e74-4690-81cf-da5ab79b92f7<-389d5540-641f-48c2-a9df-60738dbad976#0:FAIL-t120] and 0 exception(s); 279bca68-3e74-4690-81cf-da5ab79b92f7@group-AF49A4A4CA2A:t120, leader=null, voted=279bca68-3e74-4690-81cf-da5ab79b92f7, raftlog=279bca68-3e74-4690-81cf-da5ab79b92f7@group-AF49A4A4CA2A-SegmentedRaftLog:OPENED:c-1,f-1,i0, conf=-1: [daebe4f8-0ad9-4eb2-8ed7-3a8051847eb6:192.168.69.118:44860, 389d5540-641f-48c2-a9df-60738dbad976:192.168.69.118:45712, 279bca68-3e74-4690-81cf-da5ab79b92f7:192.168.69.118:45510], old=null
2019-10-23 12:36:21,028 [279bca68-3e74-4690-81cf-da5ab79b92f7@group-AF49A4A4CA2A-LeaderElection118] INFO  impl.RaftServerImpl (RaftServerImpl.java:setRole(184)) - 279bca68-3e74-4690-81cf-da5ab79b92f7@group-AF49A4A4CA2A: changes role from CANDIDATE to FOLLOWER at term 120 for DISCOVERED_A_NEW_TERM
2019-10-23 12:36:21,028 [279bca68-3e74-4690-81cf-da5ab79b92f7@group-AF49A4A4CA2A-LeaderElection118] INFO  impl.RoleInfo (RoleInfo.java:shutdownLeaderElection(134)) - 279bca68-3e74-4690-81cf-da5ab79b92f7: shutdown LeaderElection
2019-10-23 12:36:21,028 [279bca68-3e74-4690-81cf-da5ab79b92f7@group-AF49A4A4CA2A-LeaderElection118] INFO  impl.RoleInfo (RoleInfo.java:updateAndGet(143)) - 279bca68-3e74-4690-81cf-da5ab79b92f7: start FollowerState
2019-10-23 12:36:21,045 [Thread-984] INFO  impl.FollowerState (FollowerState.java:run(108)) - 279bca68-3e74-4690-81cf-da5ab79b92f7@group-AF49A4A4CA2A-FollowerState: change to CANDIDATE, lastRpcTime:16ms, electionTimeout:16ms
2019-10-23 12:36:21,045 [Thread-984] INFO  impl.RoleInfo (RoleInfo.java:shutdownFollowerState(121)) - 279bca68-3e74-4690-81cf-da5ab79b92f7: shutdown FollowerState
2019-10-23 12:36:21,045 [Thread-984] INFO  impl.RaftServerImpl (RaftServerImpl.java:setRole(184)) - 279bca68-3e74-4690-81cf-da5ab79b92f7@group-AF49A4A4CA2A: changes role from  FOLLOWER to CANDIDATE at term 120 for changeToCandidate
2019-10-23 12:36:21,045 [Thread-984] INFO  impl.RoleInfo (RoleInfo.java:updateAndGet(143)) - 279bca68-3e74-4690-81cf-da5ab79b92f7: start LeaderElection
2019-10-23 12:36:21,058 [279bca68-3e74-4690-81cf-da5ab79b92f7@group-AF49A4A4CA2A-LeaderElection119] INFO  impl.LeaderElection (LeaderElection.java:askForVotes(178)) - 279bca68-3e74-4690-81cf-da5ab79b92f7@group-AF49A4A4CA2A-LeaderElection119: begin an election at term 121 for -1: [daebe4f8-0ad9-4eb2-8ed7-3a8051847eb6:192.168.69.118:44860, 389d5540-641f-48c2-a9df-60738dbad976:192.168.69.118:45712, 279bca68-3e74-4690-81cf-da5ab79b92f7:192.168.69.118:45510], old=null
2019-10-23 12:36:21,060 [grpc-default-executor-3] INFO  impl.RaftServerImpl (RaftServerImpl.java:setRole(184)) - daebe4f8-0ad9-4eb2-8ed7-3a8051847eb6@group-AF49A4A4CA2A: changes role from  FOLLOWER to FOLLOWER at term 121 for recognizeCandidate:279bca68-3e74-4690-81cf-da5ab79b92f7
2019-10-23 12:36:21,061 [grpc-default-executor-3] INFO  impl.RoleInfo (RoleInfo.java:shutdownFollowerState(121)) - daebe4f8-0ad9-4eb2-8ed7-3a8051847eb6: shutdown FollowerState
2019-10-23 12:36:21,061 [grpc-default-executor-3] INFO  impl.RoleInfo (RoleInfo.java:updateAndGet(143)) - daebe4f8-0ad9-4eb2-8ed7-3a8051847eb6: start FollowerState
2019-10-23 12:36:21,061 [Thread-982] INFO  impl.FollowerState (FollowerState.java:run(117)) - daebe4f8-0ad9-4eb2-8ed7-3a8051847eb6@group-AF49A4A4CA2A-FollowerState was interrupted: java.lang.InterruptedException: sleep interrupted
2019-10-23 12:36:21,061 [grpc-default-executor-4] INFO  impl.RaftServerImpl (RaftServerImpl.java:setRole(184)) - 389d5540-641f-48c2-a9df-60738dbad976@group-AF49A4A4CA2A: changes role from  FOLLOWER to FOLLOWER at term 121 for recognizeCandidate:279bca68-3e74-4690-81cf-da5ab79b92f7
2019-10-23 12:36:21,061 [grpc-default-executor-4] INFO  impl.RoleInfo (RoleInfo.java:shutdownFollowerState(121)) - 389d5540-641f-48c2-a9df-60738dbad976: shutdown FollowerState
2019-10-23 12:36:21,062 [grpc-default-executor-4] INFO  impl.RoleInfo (RoleInfo.java:updateAndGet(143)) - 389d5540-641f-48c2-a9df-60738dbad976: start FollowerState
2019-10-23 12:36:21,062 [Thread-983] INFO  impl.FollowerState (FollowerState.java:run(117)) - 389d5540-641f-48c2-a9df-60738dbad976@group-AF49A4A4CA2A-FollowerState was interrupted: java.lang.InterruptedException: sleep interrupted
2019-10-23 12:36:21,076 [279bca68-3e74-4690-81cf-da5ab79b92f7@group-AF49A4A4CA2A-LeaderElection119] INFO  impl.LeaderElection (LeaderElection.java:logAndReturn(56)) - 279bca68-3e74-4690-81cf-da5ab79b92f7@group-AF49A4A4CA2A-LeaderElection119: Election REJECTED; received 2 response(s) [279bca68-3e74-4690-81cf-da5ab79b92f7<-daebe4f8-0ad9-4eb2-8ed7-3a8051847eb6#0:FAIL-t121, 279bca68-3e74-4690-81cf-da5ab79b92f7<-389d5540-641f-48c2-a9df-60738dbad976#0:FAIL-t121] and 0 exception(s); 279bca68-3e74-4690-81cf-da5ab79b92f7@group-AF49A4A4CA2A:t121, leader=null, voted=279bca68-3e74-4690-81cf-da5ab79b92f7, raftlog=279bca68-3e74-4690-81cf-da5ab79b92f7@group-AF49A4A4CA2A-SegmentedRaftLog:OPENED:c-1,f-1,i0, conf=-1: [daebe4f8-0ad9-4eb2-8ed7-3a8051847eb6:192.168.69.118:44860, 389d5540-641f-48c2-a9df-60738dbad976:192.168.69.118:45712, 279bca68-3e74-4690-81cf-da5ab79b92f7:192.168.69.118:45510], old=null
2019-10-23 12:36:21,076 [279bca68-3e74-4690-81cf-da5ab79b92f7@group-AF49A4A4CA2A-LeaderElection119] INFO  impl.RaftServerImpl (RaftServerImpl.java:setRole(184)) - 279bca68-3e74-4690-81cf-da5ab79b92f7@group-AF49A4A4CA2A: changes role from CANDIDATE to FOLLOWER at term 121 for DISCOVERED_A_NEW_TERM
2019-10-23 12:36:21,076 [279bca68-3e74-4690-81cf-da5ab79b92f7@group-AF49A4A4CA2A-LeaderElection119] INFO  impl.RoleInfo (RoleInfo.java:shutdownLeaderElection(134)) - 279bca68-3e74-4690-81cf-da5ab79b92f7: shutdown LeaderElection
2019-10-23 12:36:21,076 [279bca68-3e74-4690-81cf-da5ab79b92f7@group-AF49A4A4CA2A-LeaderElection119] INFO  impl.RoleInfo (RoleInfo.java:updateAndGet(143)) - 279bca68-3e74-4690-81cf-da5ab79b92f7: start FollowerState
2019-10-23 12:36:21,182 [Thread-990] INFO  impl.FollowerState (FollowerState.java:run(108)) - 279bca68-3e74-4690-81cf-da5ab79b92f7@group-AF49A4A4CA2A-FollowerState: change to CANDIDATE, lastRpcTime:105ms, electionTimeout:105ms
2019-10-23 12:36:21,182 [Thread-990] INFO  impl.RoleInfo (RoleInfo.java:shutdownFollowerState(121)) - 279bca68-3e74-4690-81cf-da5ab79b92f7: shutdown FollowerState
2019-10-23 12:36:21,182 [Thread-990] INFO  impl.RaftServerImpl (RaftServerImpl.java:setRole(184)) - 279bca68-3e74-4690-81cf-da5ab79b92f7@group-AF49A4A4CA2A: changes role from  FOLLOWER to CANDIDATE at term 121 for changeToCandidate
2019-10-23 12:36:21,183 [Thread-990] INFO  impl.RoleInfo (RoleInfo.java:updateAndGet(143)) - 279bca68-3e74-4690-81cf-da5ab79b92f7: start LeaderElection
2019-10-23 12:36:21,197 [279bca68-3e74-4690-81cf-da5ab79b92f7@group-AF49A4A4CA2A-LeaderElection120] INFO  impl.LeaderElection (LeaderElection.java:askForVotes(178)) - 279bca68-3e74-4690-81cf-da5ab79b92f7@group-AF49A4A4CA2A-LeaderElection120: begin an election at term 122 for -1: [daebe4f8-0ad9-4eb2-8ed7-3a8051847eb6:192.168.69.118:44860, 389d5540-641f-48c2-a9df-60738dbad976:192.168.69.118:45712, 279bca68-3e74-4690-81cf-da5ab79b92f7:192.168.69.118:45510], old=null
2019-10-23 12:36:21,200 [grpc-default-executor-4] INFO  impl.RaftServerImpl (RaftServerImpl.java:setRole(184)) - daebe4f8-0ad9-4eb2-8ed7-3a8051847eb6@group-AF49A4A4CA2A: changes role from  FOLLOWER to FOLLOWER at term 122 for recognizeCandidate:279bca68-3e74-4690-81cf-da5ab79b92f7
2019-10-23 12:36:21,200 [grpc-default-executor-4] INFO  impl.RoleInfo (RoleInfo.java:shutdownFollowerState(121)) - daebe4f8-0ad9-4eb2-8ed7-3a8051847eb6: shutdown FollowerState
2019-10-23 12:36:21,200 [grpc-default-executor-4] INFO  impl.RoleInfo (RoleInfo.java:updateAndGet(143)) - daebe4f8-0ad9-4eb2-8ed7-3a8051847eb6: start FollowerState
2019-10-23 12:36:21,200 [Thread-988] INFO  impl.FollowerState (FollowerState.java:run(117)) - daebe4f8-0ad9-4eb2-8ed7-3a8051847eb6@group-AF49A4A4CA2A-FollowerState was interrupted: java.lang.InterruptedException: sleep interrupted
2019-10-23 12:36:21,200 [grpc-default-executor-3] INFO  impl.RaftServerImpl (RaftServerImpl.java:setRole(184)) - 389d5540-641f-48c2-a9df-60738dbad976@group-AF49A4A4CA2A: changes role from  FOLLOWER to FOLLOWER at term 122 for recognizeCandidate:279bca68-3e74-4690-81cf-da5ab79b92f7
2019-10-23 12:36:21,200 [grpc-default-executor-3] INFO  impl.RoleInfo (RoleInfo.java:shutdownFollowerState(121)) - 389d5540-641f-48c2-a9df-60738dbad976: shutdown FollowerState
2019-10-23 12:36:21,201 [grpc-default-executor-3] INFO  impl.RoleInfo (RoleInfo.java:updateAndGet(143)) - 389d5540-641f-48c2-a9df-60738dbad976: start FollowerState
2019-10-23 12:36:21,201 [Thread-989] INFO  impl.FollowerState (FollowerState.java:run(117)) - 389d5540-641f-48c2-a9df-60738dbad976@group-AF49A4A4CA2A-FollowerState was interrupted: java.lang.InterruptedException: sleep interrupted
2019-10-23 12:36:21,224 [279bca68-3e74-4690-81cf-da5ab79b92f7@group-AF49A4A4CA2A-LeaderElection120] INFO  impl.LeaderElection (LeaderElection.java:logAndReturn(56)) - 279bca68-3e74-4690-81cf-da5ab79b92f7@group-AF49A4A4CA2A-LeaderElection120: Election REJECTED; received 2 response(s) [279bca68-3e74-4690-81cf-da5ab79b92f7<-daebe4f8-0ad9-4eb2-8ed7-3a8051847eb6#0:FAIL-t122, 279bca68-3e74-4690-81cf-da5ab79b92f7<-389d5540-641f-48c2-a9df-60738dbad976#0:FAIL-t122] and 0 exception(s); 279bca68-3e74-4690-81cf-da5ab79b92f7@group-AF49A4A4CA2A:t122, leader=null, voted=279bca68-3e74-4690-81cf-da5ab79b92f7, raftlog=279bca68-3e74-4690-81cf-da5ab79b92f7@group-AF49A4A4CA2A-SegmentedRaftLog:OPENED:c-1,f-1,i0, conf=-1: [daebe4f8-0ad9-4eb2-8ed7-3a8051847eb6:192.168.69.118:44860, 389d5540-641f-48c2-a9df-60738dbad976:192.168.69.118:45712, 279bca68-3e74-4690-81cf-da5ab79b92f7:192.168.69.118:45510], old=null
2019-10-23 12:36:21,224 [279bca68-3e74-4690-81cf-da5ab79b92f7@group-AF49A4A4CA2A-LeaderElection120] INFO  impl.RaftServerImpl (RaftServerImpl.java:setRole(184)) - 279bca68-3e74-4690-81cf-da5ab79b92f7@group-AF49A4A4CA2A: changes role from CANDIDATE to FOLLOWER at term 122 for DISCOVERED_A_NEW_TERM
2019-10-23 12:36:21,224 [279bca68-3e74-4690-81cf-da5ab79b92f7@group-AF49A4A4CA2A-LeaderElection120] INFO  impl.RoleInfo (RoleInfo.java:shutdownLeaderElection(134)) - 279bca68-3e74-4690-81cf-da5ab79b92f7: shutdown LeaderElection
2019-10-23 12:36:21,224 [279bca68-3e74-4690-81cf-da5ab79b92f7@group-AF49A4A4CA2A-LeaderElection120] INFO  impl.RoleInfo (RoleInfo.java:updateAndGet(143)) - 279bca68-3e74-4690-81cf-da5ab79b92f7: start FollowerState
2019-10-23 12:36:21,332 [Thread-996] INFO  impl.FollowerState (FollowerState.java:run(108)) - 279bca68-3e74-4690-81cf-da5ab79b92f7@group-AF49A4A4CA2A-FollowerState: change to CANDIDATE, lastRpcTime:107ms, electionTimeout:107ms
2019-10-23 12:36:21,332 [Thread-996] INFO  impl.RoleInfo (RoleInfo.java:shutdownFollowerState(121)) - 279bca68-3e74-4690-81cf-da5ab79b92f7: shutdown FollowerState
2019-10-23 12:36:21,332 [Thread-996] INFO  impl.RaftServerImpl (RaftServerImpl.java:setRole(184)) - 279bca68-3e74-4690-81cf-da5ab79b92f7@group-AF49A4A4CA2A: changes role from  FOLLOWER to CANDIDATE at term 122 for changeToCandidate
2019-10-23 12:36:21,332 [Thread-996] INFO  impl.RoleInfo (RoleInfo.java:updateAndGet(143)) - 279bca68-3e74-4690-81cf-da5ab79b92f7: start LeaderElection
2019-10-23 12:36:21,347 [279bca68-3e74-4690-81cf-da5ab79b92f7@group-AF49A4A4CA2A-LeaderElection121] INFO  impl.LeaderElection (LeaderElection.java:askForVotes(178)) - 279bca68-3e74-4690-81cf-da5ab79b92f7@group-AF49A4A4CA2A-LeaderElection121: begin an election at term 123 for -1: [daebe4f8-0ad9-4eb2-8ed7-3a8051847eb6:192.168.69.118:44860, 389d5540-641f-48c2-a9df-60738dbad976:192.168.69.118:45712, 279bca68-3e74-4690-81cf-da5ab79b92f7:192.168.69.118:45510], old=null
2019-10-23 12:36:21,350 [grpc-default-executor-4] INFO  impl.RaftServerImpl (RaftServerImpl.java:setRole(184)) - daebe4f8-0ad9-4eb2-8ed7-3a8051847eb6@group-AF49A4A4CA2A: changes role from  FOLLOWER to FOLLOWER at term 123 for recognizeCandidate:279bca68-3e74-4690-81cf-da5ab79b92f7
2019-10-23 12:36:21,350 [grpc-default-executor-4] INFO  impl.RoleInfo (RoleInfo.java:shutdownFollowerState(121)) - daebe4f8-0ad9-4eb2-8ed7-3a8051847eb6: shutdown FollowerState
2019-10-23 12:36:21,350 [grpc-default-executor-3] INFO  impl.RaftServerImpl (RaftServerImpl.java:setRole(184)) - 389d5540-641f-48c2-a9df-60738dbad976@group-AF49A4A4CA2A: changes role from  FOLLOWER to FOLLOWER at term 123 for recognizeCandidate:279bca68-3e74-4690-81cf-da5ab79b92f7
2019-10-23 12:36:21,350 [Thread-994] INFO  impl.FollowerState (FollowerState.java:run(117)) - daebe4f8-0ad9-4eb2-8ed7-3a8051847eb6@group-AF49A4A4CA2A-FollowerState was interrupted: java.lang.InterruptedException: sleep interrupted
2019-10-23 12:36:21,350 [grpc-default-executor-4] INFO  impl.RoleInfo (RoleInfo.java:updateAndGet(143)) - daebe4f8-0ad9-4eb2-8ed7-3a8051847eb6: start FollowerState
2019-10-23 12:36:21,350 [grpc-default-executor-3] INFO  impl.RoleInfo (RoleInfo.java:shutdownFollowerState(121)) - 389d5540-641f-48c2-a9df-60738dbad976: shutdown FollowerState
2019-10-23 12:36:21,350 [grpc-default-executor-3] INFO  impl.RoleInfo (RoleInfo.java:updateAndGet(143)) - 389d5540-641f-48c2-a9df-60738dbad976: start FollowerState
2019-10-23 12:36:21,351 [Thread-995] INFO  impl.FollowerState (FollowerState.java:run(117)) - 389d5540-641f-48c2-a9df-60738dbad976@group-AF49A4A4CA2A-FollowerState was interrupted: java.lang.InterruptedException: sleep interrupted
2019-10-23 12:36:21,376 [279bca68-3e74-4690-81cf-da5ab79b92f7@group-AF49A4A4CA2A-LeaderElection121] INFO  impl.LeaderElection (LeaderElection.java:logAndReturn(56)) - 279bca68-3e74-4690-81cf-da5ab79b92f7@group-AF49A4A4CA2A-LeaderElection121: Election REJECTED; received 2 response(s) [279bca68-3e74-4690-81cf-da5ab79b92f7<-daebe4f8-0ad9-4eb2-8ed7-3a8051847eb6#0:FAIL-t123, 279bca68-3e74-4690-81cf-da5ab79b92f7<-389d5540-641f-48c2-a9df-60738dbad976#0:FAIL-t123] and 0 exception(s); 279bca68-3e74-4690-81cf-da5ab79b92f7@group-AF49A4A4CA2A:t123, leader=null, voted=279bca68-3e74-4690-81cf-da5ab79b92f7, raftlog=279bca68-3e74-4690-81cf-da5ab79b92f7@group-AF49A4A4CA2A-SegmentedRaftLog:OPENED:c-1,f-1,i0, conf=-1: [daebe4f8-0ad9-4eb2-8ed7-3a8051847eb6:192.168.69.118:44860, 389d5540-641f-48c2-a9df-60738dbad976:192.168.69.118:45712, 279bca68-3e74-4690-81cf-da5ab79b92f7:192.168.69.118:45510], old=null
2019-10-23 12:36:21,377 [279bca68-3e74-4690-81cf-da5ab79b92f7@group-AF49A4A4CA2A-LeaderElection121] INFO  impl.RaftServerImpl (RaftServerImpl.java:setRole(184)) - 279bca68-3e74-4690-81cf-da5ab79b92f7@group-AF49A4A4CA2A: changes role from CANDIDATE to FOLLOWER at term 123 for DISCOVERED_A_NEW_TERM
2019-10-23 12:36:21,377 [279bca68-3e74-4690-81cf-da5ab79b92f7@group-AF49A4A4CA2A-LeaderElection121] INFO  impl.RoleInfo (RoleInfo.java:shutdownLeaderElection(134)) - 279bca68-3e74-4690-81cf-da5ab79b92f7: shutdown LeaderElection
2019-10-23 12:36:21,377 [279bca68-3e74-4690-81cf-da5ab79b92f7@group-AF49A4A4CA2A-LeaderElection121] INFO  impl.RoleInfo (RoleInfo.java:updateAndGet(143)) - 279bca68-3e74-4690-81cf-da5ab79b92f7: start FollowerState
2019-10-23 12:36:21,507 [Thread-1002] INFO  impl.FollowerState (FollowerState.java:run(108)) - 279bca68-3e74-4690-81cf-da5ab79b92f7@group-AF49A4A4CA2A-FollowerState: change to CANDIDATE, lastRpcTime:130ms, electionTimeout:130ms
2019-10-23 12:36:21,508 [Thread-1002] INFO  impl.RoleInfo (RoleInfo.java:shutdownFollowerState(121)) - 279bca68-3e74-4690-81cf-da5ab79b92f7: shutdown FollowerState
2019-10-23 12:36:21,508 [Thread-1002] INFO  impl.RaftServerImpl (RaftServerImpl.java:setRole(184)) - 279bca68-3e74-4690-81cf-da5ab79b92f7@group-AF49A4A4CA2A: changes role from  FOLLOWER to CANDIDATE at term 123 for changeToCandidate
2019-10-23 12:36:21,508 [Thread-1002] INFO  impl.RoleInfo (RoleInfo.java:updateAndGet(143)) - 279bca68-3e74-4690-81cf-da5ab79b92f7: start LeaderElection
2019-10-23 12:36:21,534 [279bca68-3e74-4690-81cf-da5ab79b92f7@group-AF49A4A4CA2A-LeaderElection122] INFO  impl.LeaderElection (LeaderElection.java:askForVotes(178)) - 279bca68-3e74-4690-81cf-da5ab79b92f7@group-AF49A4A4CA2A-LeaderElection122: begin an election at term 124 for -1: [daebe4f8-0ad9-4eb2-8ed7-3a8051847eb6:192.168.69.118:44860, 389d5540-641f-48c2-a9df-60738dbad976:192.168.69.118:45712, 279bca68-3e74-4690-81cf-da5ab79b92f7:192.168.69.118:45510], old=null
2019-10-23 12:36:21,537 [grpc-default-executor-4] INFO  impl.RaftServerImpl (RaftServerImpl.java:setRole(184)) - 389d5540-641f-48c2-a9df-60738dbad976@group-AF49A4A4CA2A: changes role from  FOLLOWER to FOLLOWER at term 124 for recognizeCandidate:279bca68-3e74-4690-81cf-da5ab79b92f7
2019-10-23 12:36:21,537 [grpc-default-executor-3] INFO  impl.RaftServerImpl (RaftServerImpl.java:setRole(184)) - daebe4f8-0ad9-4eb2-8ed7-3a8051847eb6@group-AF49A4A4CA2A: changes role from  FOLLOWER to FOLLOWER at term 124 for recognizeCandidate:279bca68-3e74-4690-81cf-da5ab79b92f7
2019-10-23 12:36:21,537 [grpc-default-executor-3] INFO  impl.RoleInfo (RoleInfo.java:shutdownFollowerState(121)) - daebe4f8-0ad9-4eb2-8ed7-3a8051847eb6: shutdown FollowerState
2019-10-23 12:36:21,537 [grpc-default-executor-4] INFO  impl.RoleInfo (RoleInfo.java:shutdownFollowerState(121)) - 389d5540-641f-48c2-a9df-60738dbad976: shutdown FollowerState
2019-10-23 12:36:21,538 [Thread-1000] INFO  impl.FollowerState (FollowerState.java:run(117)) - daebe4f8-0ad9-4eb2-8ed7-3a8051847eb6@group-AF49A4A4CA2A-FollowerState was interrupted: java.lang.InterruptedException: sleep interrupted
2019-10-23 12:36:21,537 [grpc-default-executor-3] INFO  impl.RoleInfo (RoleInfo.java:updateAndGet(143)) - daebe4f8-0ad9-4eb2-8ed7-3a8051847eb6: start FollowerState
2019-10-23 12:36:21,538 [Thread-1001] INFO  impl.FollowerState (FollowerState.java:run(117)) - 389d5540-641f-48c2-a9df-60738dbad976@group-AF49A4A4CA2A-FollowerState was interrupted: java.lang.InterruptedException: sleep interrupted
2019-10-23 12:36:21,538 [grpc-default-executor-4] INFO  impl.RoleInfo (RoleInfo.java:updateAndGet(143)) - 389d5540-641f-48c2-a9df-60738dbad976: start FollowerState
2019-10-23 12:36:21,554 [279bca68-3e74-4690-81cf-da5ab79b92f7@group-AF49A4A4CA2A-LeaderElection122] INFO  impl.LeaderElection (LeaderElection.java:logAndReturn(56)) - 279bca68-3e74-4690-81cf-da5ab79b92f7@group-AF49A4A4CA2A-LeaderElection122: Election REJECTED; received 2 response(s) [279bca68-3e74-4690-81cf-da5ab79b92f7<-daebe4f8-0ad9-4eb2-8ed7-3a8051847eb6#0:FAIL-t124, 279bca68-3e74-4690-81cf-da5ab79b92f7<-389d5540-641f-48c2-a9df-60738dbad976#0:FAIL-t124] and 0 exception(s); 279bca68-3e74-4690-81cf-da5ab79b92f7@group-AF49A4A4CA2A:t124, leader=null, voted=279bca68-3e74-4690-81cf-da5ab79b92f7, raftlog=279bca68-3e74-4690-81cf-da5ab79b92f7@group-AF49A4A4CA2A-SegmentedRaftLog:OPENED:c-1,f-1,i0, conf=-1: [daebe4f8-0ad9-4eb2-8ed7-3a8051847eb6:192.168.69.118:44860, 389d5540-641f-48c2-a9df-60738dbad976:192.168.69.118:45712, 279bca68-3e74-4690-81cf-da5ab79b92f7:192.168.69.118:45510], old=null
2019-10-23 12:36:21,554 [279bca68-3e74-4690-81cf-da5ab79b92f7@group-AF49A4A4CA2A-LeaderElection122] INFO  impl.RaftServerImpl (RaftServerImpl.java:setRole(184)) - 279bca68-3e74-4690-81cf-da5ab79b92f7@group-AF49A4A4CA2A: changes role from CANDIDATE to FOLLOWER at term 124 for DISCOVERED_A_NEW_TERM
2019-10-23 12:36:21,554 [279bca68-3e74-4690-81cf-da5ab79b92f7@group-AF49A4A4CA2A-LeaderElection122] INFO  impl.RoleInfo (RoleInfo.java:shutdownLeaderElection(134)) - 279bca68-3e74-4690-81cf-da5ab79b92f7: shutdown LeaderElection
2019-10-23 12:36:21,554 [279bca68-3e74-4690-81cf-da5ab79b92f7@group-AF49A4A4CA2A-LeaderElection122] INFO  impl.RoleInfo (RoleInfo.java:updateAndGet(143)) - 279bca68-3e74-4690-81cf-da5ab79b92f7: start FollowerState
2019-10-23 12:36:21,636 [Thread-1008] INFO  impl.FollowerState (FollowerState.java:run(108)) - 279bca68-3e74-4690-81cf-da5ab79b92f7@group-AF49A4A4CA2A-FollowerState: change to CANDIDATE, lastRpcTime:81ms, electionTimeout:81ms
2019-10-23 12:36:21,636 [Thread-1008] INFO  impl.RoleInfo (RoleInfo.java:shutdownFollowerState(121)) - 279bca68-3e74-4690-81cf-da5ab79b92f7: shutdown FollowerState
2019-10-23 12:36:21,636 [Thread-1008] INFO  impl.RaftServerImpl (RaftServerImpl.java:setRole(184)) - 279bca68-3e74-4690-81cf-da5ab79b92f7@group-AF49A4A4CA2A: changes role from  FOLLOWER to CANDIDATE at term 124 for changeToCandidate
2019-10-23 12:36:21,636 [Thread-1008] INFO  impl.RoleInfo (RoleInfo.java:updateAndGet(143)) - 279bca68-3e74-4690-81cf-da5ab79b92f7: start LeaderElection
2019-10-23 12:36:21,662 [279bca68-3e74-4690-81cf-da5ab79b92f7@group-AF49A4A4CA2A-LeaderElection123] INFO  impl.LeaderElection (LeaderElection.java:askForVotes(178)) - 279bca68-3e74-4690-81cf-da5ab79b92f7@group-AF49A4A4CA2A-LeaderElection123: begin an election at term 125 for -1: [daebe4f8-0ad9-4eb2-8ed7-3a8051847eb6:192.168.69.118:44860, 389d5540-641f-48c2-a9df-60738dbad976:192.168.69.118:45712, 279bca68-3e74-4690-81cf-da5ab79b92f7:192.168.69.118:45510], old=null
2019-10-23 12:36:21,665 [grpc-default-executor-4] INFO  impl.RaftServerImpl (RaftServerImpl.java:setRole(184)) - daebe4f8-0ad9-4eb2-8ed7-3a8051847eb6@group-AF49A4A4CA2A: changes role from  FOLLOWER to FOLLOWER at term 125 for recognizeCandidate:279bca68-3e74-4690-81cf-da5ab79b92f7
2019-10-23 12:36:21,665 [grpc-default-executor-4] INFO  impl.RoleInfo (RoleInfo.java:shutdownFollowerState(121)) - daebe4f8-0ad9-4eb2-8ed7-3a8051847eb6: shutdown FollowerState
2019-10-23 12:36:21,665 [grpc-default-executor-3] INFO  impl.RaftServerImpl (RaftServerImpl.java:setRole(184)) - 389d5540-641f-48c2-a9df-60738dbad976@group-AF49A4A4CA2A: changes role from  FOLLOWER to FOLLOWER at term 125 for recognizeCandidate:279bca68-3e74-4690-81cf-da5ab79b92f7
2019-10-23 12:36:21,665 [Thread-1006] INFO  impl.FollowerState (FollowerState.java:run(117)) - daebe4f8-0ad9-4eb2-8ed7-3a8051847eb6@group-AF49A4A4CA2A-FollowerState was interrupted: java.lang.InterruptedException: sleep interrupted
2019-10-23 12:36:21,665 [grpc-default-executor-4] INFO  impl.RoleInfo (RoleInfo.java:updateAndGet(143)) - daebe4f8-0ad9-4eb2-8ed7-3a8051847eb6: start FollowerState
2019-10-23 12:36:21,665 [grpc-default-executor-3] INFO  impl.RoleInfo (RoleInfo.java:shutdownFollowerState(121)) - 389d5540-641f-48c2-a9df-60738dbad976: shutdown FollowerState
2019-10-23 12:36:21,666 [grpc-default-executor-3] INFO  impl.RoleInfo (RoleInfo.java:updateAndGet(143)) - 389d5540-641f-48c2-a9df-60738dbad976: start FollowerState
2019-10-23 12:36:21,666 [Thread-1007] INFO  impl.FollowerState (FollowerState.java:run(117)) - 389d5540-641f-48c2-a9df-60738dbad976@group-AF49A4A4CA2A-FollowerState was interrupted: java.lang.InterruptedException: sleep interrupted
2019-10-23 12:36:21,681 [279bca68-3e74-4690-81cf-da5ab79b92f7@group-AF49A4A4CA2A-LeaderElection123] INFO  impl.LeaderElection (LeaderElection.java:logAndReturn(56)) - 279bca68-3e74-4690-81cf-da5ab79b92f7@group-AF49A4A4CA2A-LeaderElection123: Election REJECTED; received 2 response(s) [279bca68-3e74-4690-81cf-da5ab79b92f7<-daebe4f8-0ad9-4eb2-8ed7-3a8051847eb6#0:FAIL-t125, 279bca68-3e74-4690-81cf-da5ab79b92f7<-389d5540-641f-48c2-a9df-60738dbad976#0:FAIL-t125] and 0 exception(s); 279bca68-3e74-4690-81cf-da5ab79b92f7@group-AF49A4A4CA2A:t125, leader=null, voted=279bca68-3e74-4690-81cf-da5ab79b92f7, raftlog=279bca68-3e74-4690-81cf-da5ab79b92f7@group-AF49A4A4CA2A-SegmentedRaftLog:OPENED:c-1,f-1,i0, conf=-1: [daebe4f8-0ad9-4eb2-8ed7-3a8051847eb6:192.168.69.118:44860, 389d5540-641f-48c2-a9df-60738dbad976:192.168.69.118:45712, 279bca68-3e74-4690-81cf-da5ab79b92f7:192.168.69.118:45510], old=null
2019-10-23 12:36:21,681 [279bca68-3e74-4690-81cf-da5ab79b92f7@group-AF49A4A4CA2A-LeaderElection123] INFO  impl.RaftServerImpl (RaftServerImpl.java:setRole(184)) - 279bca68-3e74-4690-81cf-da5ab79b92f7@group-AF49A4A4CA2A: changes role from CANDIDATE to FOLLOWER at term 125 for DISCOVERED_A_NEW_TERM
2019-10-23 12:36:21,681 [279bca68-3e74-4690-81cf-da5ab79b92f7@group-AF49A4A4CA2A-LeaderElection123] INFO  impl.RoleInfo (RoleInfo.java:shutdownLeaderElection(134)) - 279bca68-3e74-4690-81cf-da5ab79b92f7: shutdown LeaderElection
2019-10-23 12:36:21,682 [279bca68-3e74-4690-81cf-da5ab79b92f7@group-AF49A4A4CA2A-LeaderElection123] INFO  impl.RoleInfo (RoleInfo.java:updateAndGet(143)) - 279bca68-3e74-4690-81cf-da5ab79b92f7: start FollowerState
2019-10-23 12:36:21,831 [Thread-1014] INFO  impl.FollowerState (FollowerState.java:run(108)) - 279bca68-3e74-4690-81cf-da5ab79b92f7@group-AF49A4A4CA2A-FollowerState: change to CANDIDATE, lastRpcTime:149ms, electionTimeout:149ms
2019-10-23 12:36:21,831 [Thread-1014] INFO  impl.RoleInfo (RoleInfo.java:shutdownFollowerState(121)) - 279bca68-3e74-4690-81cf-da5ab79b92f7: shutdown FollowerState
2019-10-23 12:36:21,831 [Thread-1014] INFO  impl.RaftServerImpl (RaftServerImpl.java:setRole(184)) - 279bca68-3e74-4690-81cf-da5ab79b92f7@group-AF49A4A4CA2A: changes role from  FOLLOWER to CANDIDATE at term 125 for changeToCandidate
2019-10-23 12:36:21,832 [Thread-1014] INFO  impl.RoleInfo (RoleInfo.java:updateAndGet(143)) - 279bca68-3e74-4690-81cf-da5ab79b92f7: start LeaderElection
2019-10-23 12:36:21,844 [279bca68-3e74-4690-81cf-da5ab79b92f7@group-AF49A4A4CA2A-LeaderElection124] INFO  impl.LeaderElection (LeaderElection.java:askForVotes(178)) - 279bca68-3e74-4690-81cf-da5ab79b92f7@group-AF49A4A4CA2A-LeaderElection124: begin an election at term 126 for -1: [daebe4f8-0ad9-4eb2-8ed7-3a8051847eb6:192.168.69.118:44860, 389d5540-641f-48c2-a9df-60738dbad976:192.168.69.118:45712, 279bca68-3e74-4690-81cf-da5ab79b92f7:192.168.69.118:45510], old=null
2019-10-23 12:36:21,847 [grpc-default-executor-3] INFO  impl.RaftServerImpl (RaftServerImpl.java:setRole(184)) - 389d5540-641f-48c2-a9df-60738dbad976@group-AF49A4A4CA2A: changes role from  FOLLOWER to FOLLOWER at term 126 for recognizeCandidate:279bca68-3e74-4690-81cf-da5ab79b92f7
2019-10-23 12:36:21,847 [grpc-default-executor-3] INFO  impl.RoleInfo (RoleInfo.java:shutdownFollowerState(121)) - 389d5540-641f-48c2-a9df-60738dbad976: shutdown FollowerState
2019-10-23 12:36:21,847 [grpc-default-executor-3] INFO  impl.RoleInfo (RoleInfo.java:updateAndGet(143)) - 389d5540-641f-48c2-a9df-60738dbad976: start FollowerState
2019-10-23 12:36:21,847 [Thread-1013] INFO  impl.FollowerState (FollowerState.java:run(117)) - 389d5540-641f-48c2-a9df-60738dbad976@group-AF49A4A4CA2A-FollowerState was interrupted: java.lang.InterruptedException: sleep interrupted
2019-10-23 12:36:21,847 [grpc-default-executor-4] INFO  impl.RaftServerImpl (RaftServerImpl.java:setRole(184)) - daebe4f8-0ad9-4eb2-8ed7-3a8051847eb6@group-AF49A4A4CA2A: changes role from  FOLLOWER to FOLLOWER at term 126 for recognizeCandidate:279bca68-3e74-4690-81cf-da5ab79b92f7
2019-10-23 12:36:21,848 [grpc-default-executor-4] INFO  impl.RoleInfo (RoleInfo.java:shutdownFollowerState(121)) - daebe4f8-0ad9-4eb2-8ed7-3a8051847eb6: shutdown FollowerState
2019-10-23 12:36:21,848 [grpc-default-executor-4] INFO  impl.RoleInfo (RoleInfo.java:updateAndGet(143)) - daebe4f8-0ad9-4eb2-8ed7-3a8051847eb6: start FollowerState
2019-10-23 12:36:21,848 [Thread-1012] INFO  impl.FollowerState (FollowerState.java:run(117)) - daebe4f8-0ad9-4eb2-8ed7-3a8051847eb6@group-AF49A4A4CA2A-FollowerState was interrupted: java.lang.InterruptedException: sleep interrupted
2019-10-23 12:36:21,853 [279bca68-3e74-4690-81cf-da5ab79b92f7@group-AF49A4A4CA2A-LeaderElection124] INFO  impl.LeaderElection (LeaderElection.java:logAndReturn(56)) - 279bca68-3e74-4690-81cf-da5ab79b92f7@group-AF49A4A4CA2A-LeaderElection124: Election REJECTED; received 2 response(s) [279bca68-3e74-4690-81cf-da5ab79b92f7<-daebe4f8-0ad9-4eb2-8ed7-3a8051847eb6#0:FAIL-t126, 279bca68-3e74-4690-81cf-da5ab79b92f7<-389d5540-641f-48c2-a9df-60738dbad976#0:FAIL-t126] and 0 exception(s); 279bca68-3e74-4690-81cf-da5ab79b92f7@group-AF49A4A4CA2A:t126, leader=null, voted=279bca68-3e74-4690-81cf-da5ab79b92f7, raftlog=279bca68-3e74-4690-81cf-da5ab79b92f7@group-AF49A4A4CA2A-SegmentedRaftLog:OPENED:c-1,f-1,i0, conf=-1: [daebe4f8-0ad9-4eb2-8ed7-3a8051847eb6:192.168.69.118:44860, 389d5540-641f-48c2-a9df-60738dbad976:192.168.69.118:45712, 279bca68-3e74-4690-81cf-da5ab79b92f7:192.168.69.118:45510], old=null
2019-10-23 12:36:21,853 [279bca68-3e74-4690-81cf-da5ab79b92f7@group-AF49A4A4CA2A-LeaderElection124] INFO  impl.RaftServerImpl (RaftServerImpl.java:setRole(184)) - 279bca68-3e74-4690-81cf-da5ab79b92f7@group-AF49A4A4CA2A: changes role from CANDIDATE to FOLLOWER at term 126 for DISCOVERED_A_NEW_TERM
2019-10-23 12:36:21,853 [279bca68-3e74-4690-81cf-da5ab79b92f7@group-AF49A4A4CA2A-LeaderElection124] INFO  impl.RoleInfo (RoleInfo.java:shutdownLeaderElection(134)) - 279bca68-3e74-4690-81cf-da5ab79b92f7: shutdown LeaderElection
2019-10-23 12:36:21,854 [279bca68-3e74-4690-81cf-da5ab79b92f7@group-AF49A4A4CA2A-LeaderElection124] INFO  impl.RoleInfo (RoleInfo.java:updateAndGet(143)) - 279bca68-3e74-4690-81cf-da5ab79b92f7: start FollowerState
2019-10-23 12:36:21,908 [Thread-1020] INFO  impl.FollowerState (FollowerState.java:run(108)) - 279bca68-3e74-4690-81cf-da5ab79b92f7@group-AF49A4A4CA2A-FollowerState: change to CANDIDATE, lastRpcTime:54ms, electionTimeout:54ms
2019-10-23 12:36:21,908 [Thread-1020] INFO  impl.RoleInfo (RoleInfo.java:shutdownFollowerState(121)) - 279bca68-3e74-4690-81cf-da5ab79b92f7: shutdown FollowerState
2019-10-23 12:36:21,908 [Thread-1020] INFO  impl.RaftServerImpl (RaftServerImpl.java:setRole(184)) - 279bca68-3e74-4690-81cf-da5ab79b92f7@group-AF49A4A4CA2A: changes role from  FOLLOWER to CANDIDATE at term 126 for changeToCandidate
2019-10-23 12:36:21,908 [Thread-1020] INFO  impl.RoleInfo (RoleInfo.java:updateAndGet(143)) - 279bca68-3e74-4690-81cf-da5ab79b92f7: start LeaderElection
2019-10-23 12:36:21,922 [279bca68-3e74-4690-81cf-da5ab79b92f7@group-AF49A4A4CA2A-LeaderElection125] INFO  impl.LeaderElection (LeaderElection.java:askForVotes(178)) - 279bca68-3e74-4690-81cf-da5ab79b92f7@group-AF49A4A4CA2A-LeaderElection125: begin an election at term 127 for -1: [daebe4f8-0ad9-4eb2-8ed7-3a8051847eb6:192.168.69.118:44860, 389d5540-641f-48c2-a9df-60738dbad976:192.168.69.118:45712, 279bca68-3e74-4690-81cf-da5ab79b92f7:192.168.69.118:45510], old=null
2019-10-23 12:36:21,925 [grpc-default-executor-4] INFO  impl.RaftServerImpl (RaftServerImpl.java:setRole(184)) - daebe4f8-0ad9-4eb2-8ed7-3a8051847eb6@group-AF49A4A4CA2A: changes role from  FOLLOWER to FOLLOWER at term 127 for recognizeCandidate:279bca68-3e74-4690-81cf-da5ab79b92f7
2019-10-23 12:36:21,925 [grpc-default-executor-3] INFO  impl.RaftServerImpl (RaftServerImpl.java:setRole(184)) - 389d5540-641f-48c2-a9df-60738dbad976@group-AF49A4A4CA2A: changes role from  FOLLOWER to FOLLOWER at term 127 for recognizeCandidate:279bca68-3e74-4690-81cf-da5ab79b92f7
2019-10-23 12:36:21,925 [grpc-default-executor-3] INFO  impl.RoleInfo (RoleInfo.java:shutdownFollowerState(121)) - 389d5540-641f-48c2-a9df-60738dbad976: shutdown FollowerState
2019-10-23 12:36:21,925 [grpc-default-executor-4] INFO  impl.RoleInfo (RoleInfo.java:shutdownFollowerState(121)) - daebe4f8-0ad9-4eb2-8ed7-3a8051847eb6: shutdown FollowerState
2019-10-23 12:36:21,925 [Thread-1018] INFO  impl.FollowerState (FollowerState.java:run(117)) - 389d5540-641f-48c2-a9df-60738dbad976@group-AF49A4A4CA2A-FollowerState was interrupted: java.lang.InterruptedException: sleep interrupted
2019-10-23 12:36:21,925 [grpc-default-executor-3] INFO  impl.RoleInfo (RoleInfo.java:updateAndGet(143)) - 389d5540-641f-48c2-a9df-60738dbad976: start FollowerState
2019-10-23 12:36:21,925 [Thread-1019] INFO  impl.FollowerState (FollowerState.java:run(117)) - daebe4f8-0ad9-4eb2-8ed7-3a8051847eb6@group-AF49A4A4CA2A-FollowerState was interrupted: java.lang.InterruptedException: sleep interrupted
2019-10-23 12:36:21,925 [grpc-default-executor-4] INFO  impl.RoleInfo (RoleInfo.java:updateAndGet(143)) - daebe4f8-0ad9-4eb2-8ed7-3a8051847eb6: start FollowerState
2019-10-23 12:36:21,937 [279bca68-3e74-4690-81cf-da5ab79b92f7@group-AF49A4A4CA2A-LeaderElection125] INFO  impl.LeaderElection (LeaderElection.java:logAndReturn(56)) - 279bca68-3e74-4690-81cf-da5ab79b92f7@group-AF49A4A4CA2A-LeaderElection125: Election REJECTED; received 2 response(s) [279bca68-3e74-4690-81cf-da5ab79b92f7<-daebe4f8-0ad9-4eb2-8ed7-3a8051847eb6#0:FAIL-t127, 279bca68-3e74-4690-81cf-da5ab79b92f7<-389d5540-641f-48c2-a9df-60738dbad976#0:FAIL-t127] and 0 exception(s); 279bca68-3e74-4690-81cf-da5ab79b92f7@group-AF49A4A4CA2A:t127, leader=null, voted=279bca68-3e74-4690-81cf-da5ab79b92f7, raftlog=279bca68-3e74-4690-81cf-da5ab79b92f7@group-AF49A4A4CA2A-SegmentedRaftLog:OPENED:c-1,f-1,i0, conf=-1: [daebe4f8-0ad9-4eb2-8ed7-3a8051847eb6:192.168.69.118:44860, 389d5540-641f-48c2-a9df-60738dbad976:192.168.69.118:45712, 279bca68-3e74-4690-81cf-da5ab79b92f7:192.168.69.118:45510], old=null
2019-10-23 12:36:21,937 [279bca68-3e74-4690-81cf-da5ab79b92f7@group-AF49A4A4CA2A-LeaderElection125] INFO  impl.RaftServerImpl (RaftServerImpl.java:setRole(184)) - 279bca68-3e74-4690-81cf-da5ab79b92f7@group-AF49A4A4CA2A: changes role from CANDIDATE to FOLLOWER at term 127 for DISCOVERED_A_NEW_TERM
2019-10-23 12:36:21,937 [279bca68-3e74-4690-81cf-da5ab79b92f7@group-AF49A4A4CA2A-LeaderElection125] INFO  impl.RoleInfo (RoleInfo.java:shutdownLeaderElection(134)) - 279bca68-3e74-4690-81cf-da5ab79b92f7: shutdown LeaderElection
2019-10-23 12:36:21,937 [279bca68-3e74-4690-81cf-da5ab79b92f7@group-AF49A4A4CA2A-LeaderElection125] INFO  impl.RoleInfo (RoleInfo.java:updateAndGet(143)) - 279bca68-3e74-4690-81cf-da5ab79b92f7: start FollowerState
2019-10-23 12:36:22,052 [Thread-1028] INFO  impl.FollowerState (FollowerState.java:run(108)) - 279bca68-3e74-4690-81cf-da5ab79b92f7@group-AF49A4A4CA2A-FollowerState: change to CANDIDATE, lastRpcTime:114ms, electionTimeout:114ms
2019-10-23 12:36:22,052 [Thread-1028] INFO  impl.RoleInfo (RoleInfo.java:shutdownFollowerState(121)) - 279bca68-3e74-4690-81cf-da5ab79b92f7: shutdown FollowerState
2019-10-23 12:36:22,052 [Thread-1028] INFO  impl.RaftServerImpl (RaftServerImpl.java:setRole(184)) - 279bca68-3e74-4690-81cf-da5ab79b92f7@group-AF49A4A4CA2A: changes role from  FOLLOWER to CANDIDATE at term 127 for changeToCandidate
2019-10-23 12:36:22,053 [Thread-1028] INFO  impl.RoleInfo (RoleInfo.java:updateAndGet(143)) - 279bca68-3e74-4690-81cf-da5ab79b92f7: start LeaderElection
2019-10-23 12:36:22,066 [279bca68-3e74-4690-81cf-da5ab79b92f7@group-AF49A4A4CA2A-LeaderElection126] INFO  impl.LeaderElection (LeaderElection.java:askForVotes(178)) - 279bca68-3e74-4690-81cf-da5ab79b92f7@group-AF49A4A4CA2A-LeaderElection126: begin an election at term 128 for -1: [daebe4f8-0ad9-4eb2-8ed7-3a8051847eb6:192.168.69.118:44860, 389d5540-641f-48c2-a9df-60738dbad976:192.168.69.118:45712, 279bca68-3e74-4690-81cf-da5ab79b92f7:192.168.69.118:45510], old=null
2019-10-23 12:36:22,068 [grpc-default-executor-3] INFO  impl.RaftServerImpl (RaftServerImpl.java:setRole(184)) - daebe4f8-0ad9-4eb2-8ed7-3a8051847eb6@group-AF49A4A4CA2A: changes role from  FOLLOWER to FOLLOWER at term 128 for recognizeCandidate:279bca68-3e74-4690-81cf-da5ab79b92f7
2019-10-23 12:36:22,068 [grpc-default-executor-3] INFO  impl.RoleInfo (RoleInfo.java:shutdownFollowerState(121)) - daebe4f8-0ad9-4eb2-8ed7-3a8051847eb6: shutdown FollowerState
2019-10-23 12:36:22,068 [grpc-default-executor-3] INFO  impl.RoleInfo (RoleInfo.java:updateAndGet(143)) - daebe4f8-0ad9-4eb2-8ed7-3a8051847eb6: start FollowerState
2019-10-23 12:36:22,068 [Thread-1027] INFO  impl.FollowerState (FollowerState.java:run(117)) - daebe4f8-0ad9-4eb2-8ed7-3a8051847eb6@group-AF49A4A4CA2A-FollowerState was interrupted: java.lang.InterruptedException: sleep interrupted
2019-10-23 12:36:22,068 [grpc-default-executor-4] INFO  impl.RaftServerImpl (RaftServerImpl.java:setRole(184)) - 389d5540-641f-48c2-a9df-60738dbad976@group-AF49A4A4CA2A: changes role from  FOLLOWER to FOLLOWER at term 128 for recognizeCandidate:279bca68-3e74-4690-81cf-da5ab79b92f7
2019-10-23 12:36:22,068 [grpc-default-executor-4] INFO  impl.RoleInfo (RoleInfo.java:shutdownFollowerState(121)) - 389d5540-641f-48c2-a9df-60738dbad976: shutdown FollowerState
2019-10-23 12:36:22,069 [grpc-default-executor-4] INFO  impl.RoleInfo (RoleInfo.java:updateAndGet(143)) - 389d5540-641f-48c2-a9df-60738dbad976: start FollowerState
2019-10-23 12:36:22,069 [Thread-1026] INFO  impl.FollowerState (FollowerState.java:run(117)) - 389d5540-641f-48c2-a9df-60738dbad976@group-AF49A4A4CA2A-FollowerState was interrupted: java.lang.InterruptedException: sleep interrupted
2019-10-23 12:36:22,083 [279bca68-3e74-4690-81cf-da5ab79b92f7@group-AF49A4A4CA2A-LeaderElection126] INFO  impl.LeaderElection (LeaderElection.java:logAndReturn(56)) - 279bca68-3e74-4690-81cf-da5ab79b92f7@group-AF49A4A4CA2A-LeaderElection126: Election REJECTED; received 2 response(s) [279bca68-3e74-4690-81cf-da5ab79b92f7<-daebe4f8-0ad9-4eb2-8ed7-3a8051847eb6#0:FAIL-t128, 279bca68-3e74-4690-81cf-da5ab79b92f7<-389d5540-641f-48c2-a9df-60738dbad976#0:FAIL-t128] and 0 exception(s); 279bca68-3e74-4690-81cf-da5ab79b92f7@group-AF49A4A4CA2A:t128, leader=null, voted=279bca68-3e74-4690-81cf-da5ab79b92f7, raftlog=279bca68-3e74-4690-81cf-da5ab79b92f7@group-AF49A4A4CA2A-SegmentedRaftLog:OPENED:c-1,f-1,i0, conf=-1: [daebe4f8-0ad9-4eb2-8ed7-3a8051847eb6:192.168.69.118:44860, 389d5540-641f-48c2-a9df-60738dbad976:192.168.69.118:45712, 279bca68-3e74-4690-81cf-da5ab79b92f7:192.168.69.118:45510], old=null
2019-10-23 12:36:22,083 [279bca68-3e74-4690-81cf-da5ab79b92f7@group-AF49A4A4CA2A-LeaderElection126] INFO  impl.RaftServerImpl (RaftServerImpl.java:setRole(184)) - 279bca68-3e74-4690-81cf-da5ab79b92f7@group-AF49A4A4CA2A: changes role from CANDIDATE to FOLLOWER at term 128 for DISCOVERED_A_NEW_TERM
2019-10-23 12:36:22,083 [279bca68-3e74-4690-81cf-da5ab79b92f7@group-AF49A4A4CA2A-LeaderElection126] INFO  impl.RoleInfo (RoleInfo.java:shutdownLeaderElection(134)) - 279bca68-3e74-4690-81cf-da5ab79b92f7: shutdown LeaderElection
2019-10-23 12:36:22,083 [279bca68-3e74-4690-81cf-da5ab79b92f7@group-AF49A4A4CA2A-LeaderElection126] INFO  impl.RoleInfo (RoleInfo.java:updateAndGet(143)) - 279bca68-3e74-4690-81cf-da5ab79b92f7: start FollowerState
2019-10-23 12:36:22,092 [Thread-1034] INFO  impl.FollowerState (FollowerState.java:run(108)) - 279bca68-3e74-4690-81cf-da5ab79b92f7@group-AF49A4A4CA2A-FollowerState: change to CANDIDATE, lastRpcTime:8ms, electionTimeout:8ms
2019-10-23 12:36:22,092 [Thread-1034] INFO  impl.RoleInfo (RoleInfo.java:shutdownFollowerState(121)) - 279bca68-3e74-4690-81cf-da5ab79b92f7: shutdown FollowerState
2019-10-23 12:36:22,092 [Thread-1034] INFO  impl.RaftServerImpl (RaftServerImpl.java:setRole(184)) - 279bca68-3e74-4690-81cf-da5ab79b92f7@group-AF49A4A4CA2A: changes role from  FOLLOWER to CANDIDATE at term 128 for changeToCandidate
2019-10-23 12:36:22,092 [Thread-1034] INFO  impl.RoleInfo (RoleInfo.java:updateAndGet(143)) - 279bca68-3e74-4690-81cf-da5ab79b92f7: start LeaderElection
2019-10-23 12:36:22,105 [279bca68-3e74-4690-81cf-da5ab79b92f7@group-AF49A4A4CA2A-LeaderElection127] INFO  impl.LeaderElection (LeaderElection.java:askForVotes(178)) - 279bca68-3e74-4690-81cf-da5ab79b92f7@group-AF49A4A4CA2A-LeaderElection127: begin an election at term 129 for -1: [daebe4f8-0ad9-4eb2-8ed7-3a8051847eb6:192.168.69.118:44860, 389d5540-641f-48c2-a9df-60738dbad976:192.168.69.118:45712, 279bca68-3e74-4690-81cf-da5ab79b92f7:192.168.69.118:45510], old=null
2019-10-23 12:36:22,107 [grpc-default-executor-4] INFO  impl.RaftServerImpl (RaftServerImpl.java:setRole(184)) - daebe4f8-0ad9-4eb2-8ed7-3a8051847eb6@group-AF49A4A4CA2A: changes role from  FOLLOWER to FOLLOWER at term 129 for recognizeCandidate:279bca68-3e74-4690-81cf-da5ab79b92f7
2019-10-23 12:36:22,107 [grpc-default-executor-4] INFO  impl.RoleInfo (RoleInfo.java:shutdownFollowerState(121)) - daebe4f8-0ad9-4eb2-8ed7-3a8051847eb6: shutdown FollowerState
2019-10-23 12:36:22,107 [grpc-default-executor-3] INFO  impl.RaftServerImpl (RaftServerImpl.java:setRole(184)) - 389d5540-641f-48c2-a9df-60738dbad976@group-AF49A4A4CA2A: changes role from  FOLLOWER to FOLLOWER at term 129 for recognizeCandidate:279bca68-3e74-4690-81cf-da5ab79b92f7
2019-10-23 12:36:22,107 [grpc-default-executor-3] INFO  impl.RoleInfo (RoleInfo.java:shutdownFollowerState(121)) - 389d5540-641f-48c2-a9df-60738dbad976: shutdown FollowerState
2019-10-23 12:36:22,107 [grpc-default-executor-4] INFO  impl.RoleInfo (RoleInfo.java:updateAndGet(143)) - daebe4f8-0ad9-4eb2-8ed7-3a8051847eb6: start FollowerState
2019-10-23 12:36:22,107 [Thread-1033] INFO  impl.FollowerState (FollowerState.java:run(117)) - 389d5540-641f-48c2-a9df-60738dbad976@group-AF49A4A4CA2A-FollowerState was interrupted: java.lang.InterruptedException: sleep interrupted
2019-10-23 12:36:22,107 [grpc-default-executor-3] INFO  impl.RoleInfo (RoleInfo.java:updateAndGet(143)) - 389d5540-641f-48c2-a9df-60738dbad976: start FollowerState
2019-10-23 12:36:22,107 [Thread-1032] INFO  impl.FollowerState (FollowerState.java:run(117)) - daebe4f8-0ad9-4eb2-8ed7-3a8051847eb6@group-AF49A4A4CA2A-FollowerState was interrupted: java.lang.InterruptedException: sleep interrupted
2019-10-23 12:36:22,129 [279bca68-3e74-4690-81cf-da5ab79b92f7@group-AF49A4A4CA2A-LeaderElection127] INFO  impl.LeaderElection (LeaderElection.java:logAndReturn(56)) - 279bca68-3e74-4690-81cf-da5ab79b92f7@group-AF49A4A4CA2A-LeaderElection127: Election REJECTED; received 2 response(s) [279bca68-3e74-4690-81cf-da5ab79b92f7<-daebe4f8-0ad9-4eb2-8ed7-3a8051847eb6#0:FAIL-t129, 279bca68-3e74-4690-81cf-da5ab79b92f7<-389d5540-641f-48c2-a9df-60738dbad976#0:FAIL-t129] and 0 exception(s); 279bca68-3e74-4690-81cf-da5ab79b92f7@group-AF49A4A4CA2A:t129, leader=null, voted=279bca68-3e74-4690-81cf-da5ab79b92f7, raftlog=279bca68-3e74-4690-81cf-da5ab79b92f7@group-AF49A4A4CA2A-SegmentedRaftLog:OPENED:c-1,f-1,i0, conf=-1: [daebe4f8-0ad9-4eb2-8ed7-3a8051847eb6:192.168.69.118:44860, 389d5540-641f-48c2-a9df-60738dbad976:192.168.69.118:45712, 279bca68-3e74-4690-81cf-da5ab79b92f7:192.168.69.118:45510], old=null
2019-10-23 12:36:22,130 [279bca68-3e74-4690-81cf-da5ab79b92f7@group-AF49A4A4CA2A-LeaderElection127] INFO  impl.RaftServerImpl (RaftServerImpl.java:setRole(184)) - 279bca68-3e74-4690-81cf-da5ab79b92f7@group-AF49A4A4CA2A: changes role from CANDIDATE to FOLLOWER at term 129 for DISCOVERED_A_NEW_TERM
2019-10-23 12:36:22,130 [279bca68-3e74-4690-81cf-da5ab79b92f7@group-AF49A4A4CA2A-LeaderElection127] INFO  impl.RoleInfo (RoleInfo.java:shutdownLeaderElection(134)) - 279bca68-3e74-4690-81cf-da5ab79b92f7: shutdown LeaderElection
2019-10-23 12:36:22,130 [279bca68-3e74-4690-81cf-da5ab79b92f7@group-AF49A4A4CA2A-LeaderElection127] INFO  impl.RoleInfo (RoleInfo.java:updateAndGet(143)) - 279bca68-3e74-4690-81cf-da5ab79b92f7: start FollowerState
2019-10-23 12:36:22,284 [Thread-1040] INFO  impl.FollowerState (FollowerState.java:run(108)) - 279bca68-3e74-4690-81cf-da5ab79b92f7@group-AF49A4A4CA2A-FollowerState: change to CANDIDATE, lastRpcTime:154ms, electionTimeout:154ms
2019-10-23 12:36:22,285 [Thread-1040] INFO  impl.RoleInfo (RoleInfo.java:shutdownFollowerState(121)) - 279bca68-3e74-4690-81cf-da5ab79b92f7: shutdown FollowerState
2019-10-23 12:36:22,285 [Thread-1040] INFO  impl.RaftServerImpl (RaftServerImpl.java:setRole(184)) - 279bca68-3e74-4690-81cf-da5ab79b92f7@group-AF49A4A4CA2A: changes role from  FOLLOWER to CANDIDATE at term 129 for changeToCandidate
2019-10-23 12:36:22,285 [Thread-1040] INFO  impl.RoleInfo (RoleInfo.java:updateAndGet(143)) - 279bca68-3e74-4690-81cf-da5ab79b92f7: start LeaderElection
2019-10-23 12:36:22,299 [279bca68-3e74-4690-81cf-da5ab79b92f7@group-AF49A4A4CA2A-LeaderElection128] INFO  impl.LeaderElection (LeaderElection.java:askForVotes(178)) - 279bca68-3e74-4690-81cf-da5ab79b92f7@group-AF49A4A4CA2A-LeaderElection128: begin an election at term 130 for -1: [daebe4f8-0ad9-4eb2-8ed7-3a8051847eb6:192.168.69.118:44860, 389d5540-641f-48c2-a9df-60738dbad976:192.168.69.118:45712, 279bca68-3e74-4690-81cf-da5ab79b92f7:192.168.69.118:45510], old=null
2019-10-23 12:36:22,301 [grpc-default-executor-4] INFO  impl.RaftServerImpl (RaftServerImpl.java:setRole(184)) - 389d5540-641f-48c2-a9df-60738dbad976@group-AF49A4A4CA2A: changes role from  FOLLOWER to FOLLOWER at term 130 for recognizeCandidate:279bca68-3e74-4690-81cf-da5ab79b92f7
2019-10-23 12:36:22,301 [grpc-default-executor-4] INFO  impl.RoleInfo (RoleInfo.java:shutdownFollowerState(121)) - 389d5540-641f-48c2-a9df-60738dbad976: shutdown FollowerState
2019-10-23 12:36:22,301 [grpc-default-executor-3] INFO  impl.RaftServerImpl (RaftServerImpl.java:setRole(184)) - daebe4f8-0ad9-4eb2-8ed7-3a8051847eb6@group-AF49A4A4CA2A: changes role from  FOLLOWER to FOLLOWER at term 130 for recognizeCandidate:279bca68-3e74-4690-81cf-da5ab79b92f7
2019-10-23 12:36:22,302 [grpc-default-executor-3] INFO  impl.RoleInfo (RoleInfo.java:shutdownFollowerState(121)) - daebe4f8-0ad9-4eb2-8ed7-3a8051847eb6: shutdown FollowerState
2019-10-23 12:36:22,302 [grpc-default-executor-4] INFO  impl.RoleInfo (RoleInfo.java:updateAndGet(143)) - 389d5540-641f-48c2-a9df-60738dbad976: start FollowerState
2019-10-23 12:36:22,302 [Thread-1038] INFO  impl.FollowerState (FollowerState.java:run(117)) - daebe4f8-0ad9-4eb2-8ed7-3a8051847eb6@group-AF49A4A4CA2A-FollowerState was interrupted: java.lang.InterruptedException: sleep interrupted
2019-10-23 12:36:22,302 [grpc-default-executor-3] INFO  impl.RoleInfo (RoleInfo.java:updateAndGet(143)) - daebe4f8-0ad9-4eb2-8ed7-3a8051847eb6: start FollowerState
2019-10-23 12:36:22,302 [Thread-1039] INFO  impl.FollowerState (FollowerState.java:run(117)) - 389d5540-641f-48c2-a9df-60738dbad976@group-AF49A4A4CA2A-FollowerState was interrupted: java.lang.InterruptedException: sleep interrupted
2019-10-23 12:36:22,317 [279bca68-3e74-4690-81cf-da5ab79b92f7@group-AF49A4A4CA2A-LeaderElection128] INFO  impl.LeaderElection (LeaderElection.java:logAndReturn(56)) - 279bca68-3e74-4690-81cf-da5ab79b92f7@group-AF49A4A4CA2A-LeaderElection128: Election REJECTED; received 2 response(s) [279bca68-3e74-4690-81cf-da5ab79b92f7<-daebe4f8-0ad9-4eb2-8ed7-3a8051847eb6#0:FAIL-t130, 279bca68-3e74-4690-81cf-da5ab79b92f7<-389d5540-641f-48c2-a9df-60738dbad976#0:FAIL-t130] and 0 exception(s); 279bca68-3e74-4690-81cf-da5ab79b92f7@group-AF49A4A4CA2A:t130, leader=null, voted=279bca68-3e74-4690-81cf-da5ab79b92f7, raftlog=279bca68-3e74-4690-81cf-da5ab79b92f7@group-AF49A4A4CA2A-SegmentedRaftLog:OPENED:c-1,f-1,i0, conf=-1: [daebe4f8-0ad9-4eb2-8ed7-3a8051847eb6:192.168.69.118:44860, 389d5540-641f-48c2-a9df-60738dbad976:192.168.69.118:45712, 279bca68-3e74-4690-81cf-da5ab79b92f7:192.168.69.118:45510], old=null
2019-10-23 12:36:22,318 [279bca68-3e74-4690-81cf-da5ab79b92f7@group-AF49A4A4CA2A-LeaderElection128] INFO  impl.RaftServerImpl (RaftServerImpl.java:setRole(184)) - 279bca68-3e74-4690-81cf-da5ab79b92f7@group-AF49A4A4CA2A: changes role from CANDIDATE to FOLLOWER at term 130 for DISCOVERED_A_NEW_TERM
2019-10-23 12:36:22,318 [279bca68-3e74-4690-81cf-da5ab79b92f7@group-AF49A4A4CA2A-LeaderElection128] INFO  impl.RoleInfo (RoleInfo.java:shutdownLeaderElection(134)) - 279bca68-3e74-4690-81cf-da5ab79b92f7: shutdown LeaderElection
2019-10-23 12:36:22,318 [279bca68-3e74-4690-81cf-da5ab79b92f7@group-AF49A4A4CA2A-LeaderElection128] INFO  impl.RoleInfo (RoleInfo.java:updateAndGet(143)) - 279bca68-3e74-4690-81cf-da5ab79b92f7: start FollowerState
2019-10-23 12:36:22,388 [Thread-1046] INFO  impl.FollowerState (FollowerState.java:run(108)) - 279bca68-3e74-4690-81cf-da5ab79b92f7@group-AF49A4A4CA2A-FollowerState: change to CANDIDATE, lastRpcTime:70ms, electionTimeout:70ms
2019-10-23 12:36:22,388 [Thread-1046] INFO  impl.RoleInfo (RoleInfo.java:shutdownFollowerState(121)) - 279bca68-3e74-4690-81cf-da5ab79b92f7: shutdown FollowerState
2019-10-23 12:36:22,389 [Thread-1046] INFO  impl.RaftServerImpl (RaftServerImpl.java:setRole(184)) - 279bca68-3e74-4690-81cf-da5ab79b92f7@group-AF49A4A4CA2A: changes role from  FOLLOWER to CANDIDATE at term 130 for changeToCandidate
2019-10-23 12:36:22,389 [Thread-1046] INFO  impl.RoleInfo (RoleInfo.java:updateAndGet(143)) - 279bca68-3e74-4690-81cf-da5ab79b92f7: start LeaderElection
2019-10-23 12:36:22,402 [279bca68-3e74-4690-81cf-da5ab79b92f7@group-AF49A4A4CA2A-LeaderElection129] INFO  impl.LeaderElection (LeaderElection.java:askForVotes(178)) - 279bca68-3e74-4690-81cf-da5ab79b92f7@group-AF49A4A4CA2A-LeaderElection129: begin an election at term 131 for -1: [daebe4f8-0ad9-4eb2-8ed7-3a8051847eb6:192.168.69.118:44860, 389d5540-641f-48c2-a9df-60738dbad976:192.168.69.118:45712, 279bca68-3e74-4690-81cf-da5ab79b92f7:192.168.69.118:45510], old=null
2019-10-23 12:36:22,405 [grpc-default-executor-3] INFO  impl.RaftServerImpl (RaftServerImpl.java:setRole(184)) - daebe4f8-0ad9-4eb2-8ed7-3a8051847eb6@group-AF49A4A4CA2A: changes role from  FOLLOWER to FOLLOWER at term 131 for recognizeCandidate:279bca68-3e74-4690-81cf-da5ab79b92f7
2019-10-23 12:36:22,406 [grpc-default-executor-3] INFO  impl.RoleInfo (RoleInfo.java:shutdownFollowerState(121)) - daebe4f8-0ad9-4eb2-8ed7-3a8051847eb6: shutdown FollowerState
2019-10-23 12:36:22,405 [grpc-default-executor-4] INFO  impl.RaftServerImpl (RaftServerImpl.java:setRole(184)) - 389d5540-641f-48c2-a9df-60738dbad976@group-AF49A4A4CA2A: changes role from  FOLLOWER to FOLLOWER at term 131 for recognizeCandidate:279bca68-3e74-4690-81cf-da5ab79b92f7
2019-10-23 12:36:22,406 [grpc-default-executor-4] INFO  impl.RoleInfo (RoleInfo.java:shutdownFollowerState(121)) - 389d5540-641f-48c2-a9df-60738dbad976: shutdown FollowerState
2019-10-23 12:36:22,406 [grpc-default-executor-3] INFO  impl.RoleInfo (RoleInfo.java:updateAndGet(143)) - daebe4f8-0ad9-4eb2-8ed7-3a8051847eb6: start FollowerState
2019-10-23 12:36:22,406 [grpc-default-executor-4] INFO  impl.RoleInfo (RoleInfo.java:updateAndGet(143)) - 389d5540-641f-48c2-a9df-60738dbad976: start FollowerState
2019-10-23 12:36:22,406 [Thread-1044] INFO  impl.FollowerState (FollowerState.java:run(117)) - 389d5540-641f-48c2-a9df-60738dbad976@group-AF49A4A4CA2A-FollowerState was interrupted: java.lang.InterruptedException: sleep interrupted
2019-10-23 12:36:22,408 [Thread-1045] INFO  impl.FollowerState (FollowerState.java:run(117)) - daebe4f8-0ad9-4eb2-8ed7-3a8051847eb6@group-AF49A4A4CA2A-FollowerState was interrupted: java.lang.InterruptedException: sleep interrupted
2019-10-23 12:36:22,421 [279bca68-3e74-4690-81cf-da5ab79b92f7@group-AF49A4A4CA2A-LeaderElection129] INFO  impl.LeaderElection (LeaderElection.java:logAndReturn(56)) - 279bca68-3e74-4690-81cf-da5ab79b92f7@group-AF49A4A4CA2A-LeaderElection129: Election REJECTED; received 2 response(s) [279bca68-3e74-4690-81cf-da5ab79b92f7<-daebe4f8-0ad9-4eb2-8ed7-3a8051847eb6#0:FAIL-t131, 279bca68-3e74-4690-81cf-da5ab79b92f7<-389d5540-641f-48c2-a9df-60738dbad976#0:FAIL-t131] and 0 exception(s); 279bca68-3e74-4690-81cf-da5ab79b92f7@group-AF49A4A4CA2A:t131, leader=null, voted=279bca68-3e74-4690-81cf-da5ab79b92f7, raftlog=279bca68-3e74-4690-81cf-da5ab79b92f7@group-AF49A4A4CA2A-SegmentedRaftLog:OPENED:c-1,f-1,i0, conf=-1: [daebe4f8-0ad9-4eb2-8ed7-3a8051847eb6:192.168.69.118:44860, 389d5540-641f-48c2-a9df-60738dbad976:192.168.69.118:45712, 279bca68-3e74-4690-81cf-da5ab79b92f7:192.168.69.118:45510], old=null
2019-10-23 12:36:22,422 [279bca68-3e74-4690-81cf-da5ab79b92f7@group-AF49A4A4CA2A-LeaderElection129] INFO  impl.RaftServerImpl (RaftServerImpl.java:setRole(184)) - 279bca68-3e74-4690-81cf-da5ab79b92f7@group-AF49A4A4CA2A: changes role from CANDIDATE to FOLLOWER at term 131 for DISCOVERED_A_NEW_TERM
2019-10-23 12:36:22,422 [279bca68-3e74-4690-81cf-da5ab79b92f7@group-AF49A4A4CA2A-LeaderElection129] INFO  impl.RoleInfo (RoleInfo.java:shutdownLeaderElection(134)) - 279bca68-3e74-4690-81cf-da5ab79b92f7: shutdown LeaderElection
2019-10-23 12:36:22,422 [279bca68-3e74-4690-81cf-da5ab79b92f7@group-AF49A4A4CA2A-LeaderElection129] INFO  impl.RoleInfo (RoleInfo.java:updateAndGet(143)) - 279bca68-3e74-4690-81cf-da5ab79b92f7: start FollowerState
2019-10-23 12:36:22,600 [Thread-1052] INFO  impl.FollowerState (FollowerState.java:run(108)) - 279bca68-3e74-4690-81cf-da5ab79b92f7@group-AF49A4A4CA2A-FollowerState: change to CANDIDATE, lastRpcTime:178ms, electionTimeout:178ms
2019-10-23 12:36:22,600 [Thread-1052] INFO  impl.RoleInfo (RoleInfo.java:shutdownFollowerState(121)) - 279bca68-3e74-4690-81cf-da5ab79b92f7: shutdown FollowerState
2019-10-23 12:36:22,600 [Thread-1052] INFO  impl.RaftServerImpl (RaftServerImpl.java:setRole(184)) - 279bca68-3e74-4690-81cf-da5ab79b92f7@group-AF49A4A4CA2A: changes role from  FOLLOWER to CANDIDATE at term 131 for changeToCandidate
2019-10-23 12:36:22,601 [Thread-1052] INFO  impl.RoleInfo (RoleInfo.java:updateAndGet(143)) - 279bca68-3e74-4690-81cf-da5ab79b92f7: start LeaderElection
2019-10-23 12:36:22,614 [279bca68-3e74-4690-81cf-da5ab79b92f7@group-AF49A4A4CA2A-LeaderElection130] INFO  impl.LeaderElection (LeaderElection.java:askForVotes(178)) - 279bca68-3e74-4690-81cf-da5ab79b92f7@group-AF49A4A4CA2A-LeaderElection130: begin an election at term 132 for -1: [daebe4f8-0ad9-4eb2-8ed7-3a8051847eb6:192.168.69.118:44860, 389d5540-641f-48c2-a9df-60738dbad976:192.168.69.118:45712, 279bca68-3e74-4690-81cf-da5ab79b92f7:192.168.69.118:45510], old=null
2019-10-23 12:36:22,617 [grpc-default-executor-4] INFO  impl.RaftServerImpl (RaftServerImpl.java:setRole(184)) - 389d5540-641f-48c2-a9df-60738dbad976@group-AF49A4A4CA2A: changes role from  FOLLOWER to FOLLOWER at term 132 for recognizeCandidate:279bca68-3e74-4690-81cf-da5ab79b92f7
2019-10-23 12:36:22,617 [grpc-default-executor-3] INFO  impl.RaftServerImpl (RaftServerImpl.java:setRole(184)) - daebe4f8-0ad9-4eb2-8ed7-3a8051847eb6@group-AF49A4A4CA2A: changes role from  FOLLOWER to FOLLOWER at term 132 for recognizeCandidate:279bca68-3e74-4690-81cf-da5ab79b92f7
2019-10-23 12:36:22,617 [grpc-default-executor-3] INFO  impl.RoleInfo (RoleInfo.java:shutdownFollowerState(121)) - daebe4f8-0ad9-4eb2-8ed7-3a8051847eb6: shutdown FollowerState
2019-10-23 12:36:22,617 [grpc-default-executor-4] INFO  impl.RoleInfo (RoleInfo.java:shutdownFollowerState(121)) - 389d5540-641f-48c2-a9df-60738dbad976: shutdown FollowerState
2019-10-23 12:36:22,617 [Thread-1050] INFO  impl.FollowerState (FollowerState.java:run(117)) - daebe4f8-0ad9-4eb2-8ed7-3a8051847eb6@group-AF49A4A4CA2A-FollowerState was interrupted: java.lang.InterruptedException: sleep interrupted
2019-10-23 12:36:22,617 [Thread-1051] INFO  impl.FollowerState (FollowerState.java:run(117)) - 389d5540-641f-48c2-a9df-60738dbad976@group-AF49A4A4CA2A-FollowerState was interrupted: java.lang.InterruptedException: sleep interrupted
2019-10-23 12:36:22,617 [grpc-default-executor-3] INFO  impl.RoleInfo (RoleInfo.java:updateAndGet(143)) - daebe4f8-0ad9-4eb2-8ed7-3a8051847eb6: start FollowerState
2019-10-23 12:36:22,617 [grpc-default-executor-4] INFO  impl.RoleInfo (RoleInfo.java:updateAndGet(143)) - 389d5540-641f-48c2-a9df-60738dbad976: start FollowerState
2019-10-23 12:36:22,652 [279bca68-3e74-4690-81cf-da5ab79b92f7@group-AF49A4A4CA2A-LeaderElection130] INFO  impl.LeaderElection (LeaderElection.java:logAndReturn(56)) - 279bca68-3e74-4690-81cf-da5ab79b92f7@group-AF49A4A4CA2A-LeaderElection130: Election REJECTED; received 2 response(s) [279bca68-3e74-4690-81cf-da5ab79b92f7<-daebe4f8-0ad9-4eb2-8ed7-3a8051847eb6#0:FAIL-t132, 279bca68-3e74-4690-81cf-da5ab79b92f7<-389d5540-641f-48c2-a9df-60738dbad976#0:FAIL-t132] and 0 exception(s); 279bca68-3e74-4690-81cf-da5ab79b92f7@group-AF49A4A4CA2A:t132, leader=null, voted=279bca68-3e74-4690-81cf-da5ab79b92f7, raftlog=279bca68-3e74-4690-81cf-da5ab79b92f7@group-AF49A4A4CA2A-SegmentedRaftLog:OPENED:c-1,f-1,i0, conf=-1: [daebe4f8-0ad9-4eb2-8ed7-3a8051847eb6:192.168.69.118:44860, 389d5540-641f-48c2-a9df-60738dbad976:192.168.69.118:45712, 279bca68-3e74-4690-81cf-da5ab79b92f7:192.168.69.118:45510], old=null
2019-10-23 12:36:22,652 [279bca68-3e74-4690-81cf-da5ab79b92f7@group-AF49A4A4CA2A-LeaderElection130] INFO  impl.RaftServerImpl (RaftServerImpl.java:setRole(184)) - 279bca68-3e74-4690-81cf-da5ab79b92f7@group-AF49A4A4CA2A: changes role from CANDIDATE to FOLLOWER at term 132 for DISCOVERED_A_NEW_TERM
2019-10-23 12:36:22,652 [279bca68-3e74-4690-81cf-da5ab79b92f7@group-AF49A4A4CA2A-LeaderElection130] INFO  impl.RoleInfo (RoleInfo.java:shutdownLeaderElection(134)) - 279bca68-3e74-4690-81cf-da5ab79b92f7: shutdown LeaderElection
2019-10-23 12:36:22,652 [279bca68-3e74-4690-81cf-da5ab79b92f7@group-AF49A4A4CA2A-LeaderElection130] INFO  impl.RoleInfo (RoleInfo.java:updateAndGet(143)) - 279bca68-3e74-4690-81cf-da5ab79b92f7: start FollowerState
2019-10-23 12:36:22,821 [Thread-1058] INFO  impl.FollowerState (FollowerState.java:run(108)) - 279bca68-3e74-4690-81cf-da5ab79b92f7@group-AF49A4A4CA2A-FollowerState: change to CANDIDATE, lastRpcTime:168ms, electionTimeout:168ms
2019-10-23 12:36:22,821 [Thread-1058] INFO  impl.RoleInfo (RoleInfo.java:shutdownFollowerState(121)) - 279bca68-3e74-4690-81cf-da5ab79b92f7: shutdown FollowerState
2019-10-23 12:36:22,821 [Thread-1058] INFO  impl.RaftServerImpl (RaftServerImpl.java:setRole(184)) - 279bca68-3e74-4690-81cf-da5ab79b92f7@group-AF49A4A4CA2A: changes role from  FOLLOWER to CANDIDATE at term 132 for changeToCandidate
2019-10-23 12:36:22,821 [Thread-1058] INFO  impl.RoleInfo (RoleInfo.java:updateAndGet(143)) - 279bca68-3e74-4690-81cf-da5ab79b92f7: start LeaderElection
2019-10-23 12:36:22,835 [279bca68-3e74-4690-81cf-da5ab79b92f7@group-AF49A4A4CA2A-LeaderElection131] INFO  impl.LeaderElection (LeaderElection.java:askForVotes(178)) - 279bca68-3e74-4690-81cf-da5ab79b92f7@group-AF49A4A4CA2A-LeaderElection131: begin an election at term 133 for -1: [daebe4f8-0ad9-4eb2-8ed7-3a8051847eb6:192.168.69.118:44860, 389d5540-641f-48c2-a9df-60738dbad976:192.168.69.118:45712, 279bca68-3e74-4690-81cf-da5ab79b92f7:192.168.69.118:45510], old=null
2019-10-23 12:36:22,837 [grpc-default-executor-4] INFO  impl.RaftServerImpl (RaftServerImpl.java:setRole(184)) - daebe4f8-0ad9-4eb2-8ed7-3a8051847eb6@group-AF49A4A4CA2A: changes role from  FOLLOWER to FOLLOWER at term 133 for recognizeCandidate:279bca68-3e74-4690-81cf-da5ab79b92f7
2019-10-23 12:36:22,837 [grpc-default-executor-3] INFO  impl.RaftServerImpl (RaftServerImpl.java:setRole(184)) - 389d5540-641f-48c2-a9df-60738dbad976@group-AF49A4A4CA2A: changes role from  FOLLOWER to FOLLOWER at term 133 for recognizeCandidate:279bca68-3e74-4690-81cf-da5ab79b92f7
2019-10-23 12:36:22,838 [grpc-default-executor-3] INFO  impl.RoleInfo (RoleInfo.java:shutdownFollowerState(121)) - 389d5540-641f-48c2-a9df-60738dbad976: shutdown FollowerState
2019-10-23 12:36:22,837 [grpc-default-executor-4] INFO  impl.RoleInfo (RoleInfo.java:shutdownFollowerState(121)) - daebe4f8-0ad9-4eb2-8ed7-3a8051847eb6: shutdown FollowerState
2019-10-23 12:36:22,838 [Thread-1057] INFO  impl.FollowerState (FollowerState.java:run(117)) - 389d5540-641f-48c2-a9df-60738dbad976@group-AF49A4A4CA2A-FollowerState was interrupted: java.lang.InterruptedException: sleep interrupted
2019-10-23 12:36:22,838 [grpc-default-executor-3] INFO  impl.RoleInfo (RoleInfo.java:updateAndGet(143)) - 389d5540-641f-48c2-a9df-60738dbad976: start FollowerState
2019-10-23 12:36:22,838 [Thread-1056] INFO  impl.FollowerState (FollowerState.java:run(117)) - daebe4f8-0ad9-4eb2-8ed7-3a8051847eb6@group-AF49A4A4CA2A-FollowerState was interrupted: java.lang.InterruptedException: sleep interrupted
2019-10-23 12:36:22,838 [grpc-default-executor-4] INFO  impl.RoleInfo (RoleInfo.java:updateAndGet(143)) - daebe4f8-0ad9-4eb2-8ed7-3a8051847eb6: start FollowerState
2019-10-23 12:36:22,853 [279bca68-3e74-4690-81cf-da5ab79b92f7@group-AF49A4A4CA2A-LeaderElection131] INFO  impl.LeaderElection (LeaderElection.java:logAndReturn(56)) - 279bca68-3e74-4690-81cf-da5ab79b92f7@group-AF49A4A4CA2A-LeaderElection131: Election REJECTED; received 2 response(s) [279bca68-3e74-4690-81cf-da5ab79b92f7<-daebe4f8-0ad9-4eb2-8ed7-3a8051847eb6#0:FAIL-t133, 279bca68-3e74-4690-81cf-da5ab79b92f7<-389d5540-641f-48c2-a9df-60738dbad976#0:FAIL-t133] and 0 exception(s); 279bca68-3e74-4690-81cf-da5ab79b92f7@group-AF49A4A4CA2A:t133, leader=null, voted=279bca68-3e74-4690-81cf-da5ab79b92f7, raftlog=279bca68-3e74-4690-81cf-da5ab79b92f7@group-AF49A4A4CA2A-SegmentedRaftLog:OPENED:c-1,f-1,i0, conf=-1: [daebe4f8-0ad9-4eb2-8ed7-3a8051847eb6:192.168.69.118:44860, 389d5540-641f-48c2-a9df-60738dbad976:192.168.69.118:45712, 279bca68-3e74-4690-81cf-da5ab79b92f7:192.168.69.118:45510], old=null
2019-10-23 12:36:22,853 [279bca68-3e74-4690-81cf-da5ab79b92f7@group-AF49A4A4CA2A-LeaderElection131] INFO  impl.RaftServerImpl (RaftServerImpl.java:setRole(184)) - 279bca68-3e74-4690-81cf-da5ab79b92f7@group-AF49A4A4CA2A: changes role from CANDIDATE to FOLLOWER at term 133 for DISCOVERED_A_NEW_TERM
2019-10-23 12:36:22,853 [279bca68-3e74-4690-81cf-da5ab79b92f7@group-AF49A4A4CA2A-LeaderElection131] INFO  impl.RoleInfo (RoleInfo.java:shutdownLeaderElection(134)) - 279bca68-3e74-4690-81cf-da5ab79b92f7: shutdown LeaderElection
2019-10-23 12:36:22,854 [279bca68-3e74-4690-81cf-da5ab79b92f7@group-AF49A4A4CA2A-LeaderElection131] INFO  impl.RoleInfo (RoleInfo.java:updateAndGet(143)) - 279bca68-3e74-4690-81cf-da5ab79b92f7: start FollowerState
2019-10-23 12:36:22,878 [Thread-1064] INFO  impl.FollowerState (FollowerState.java:run(108)) - 279bca68-3e74-4690-81cf-da5ab79b92f7@group-AF49A4A4CA2A-FollowerState: change to CANDIDATE, lastRpcTime:24ms, electionTimeout:24ms
2019-10-23 12:36:22,878 [Thread-1064] INFO  impl.RoleInfo (RoleInfo.java:shutdownFollowerState(121)) - 279bca68-3e74-4690-81cf-da5ab79b92f7: shutdown FollowerState
2019-10-23 12:36:22,878 [Thread-1064] INFO  impl.RaftServerImpl (RaftServerImpl.java:setRole(184)) - 279bca68-3e74-4690-81cf-da5ab79b92f7@group-AF49A4A4CA2A: changes role from  FOLLOWER to CANDIDATE at term 133 for changeToCandidate
2019-10-23 12:36:22,878 [Thread-1064] INFO  impl.RoleInfo (RoleInfo.java:updateAndGet(143)) - 279bca68-3e74-4690-81cf-da5ab79b92f7: start LeaderElection
2019-10-23 12:36:22,893 [279bca68-3e74-4690-81cf-da5ab79b92f7@group-AF49A4A4CA2A-LeaderElection132] INFO  impl.LeaderElection (LeaderElection.java:askForVotes(178)) - 279bca68-3e74-4690-81cf-da5ab79b92f7@group-AF49A4A4CA2A-LeaderElection132: begin an election at term 134 for -1: [daebe4f8-0ad9-4eb2-8ed7-3a8051847eb6:192.168.69.118:44860, 389d5540-641f-48c2-a9df-60738dbad976:192.168.69.118:45712, 279bca68-3e74-4690-81cf-da5ab79b92f7:192.168.69.118:45510], old=null
2019-10-23 12:36:22,899 [grpc-default-executor-4] INFO  impl.RaftServerImpl (RaftServerImpl.java:setRole(184)) - daebe4f8-0ad9-4eb2-8ed7-3a8051847eb6@group-AF49A4A4CA2A: changes role from  FOLLOWER to FOLLOWER at term 134 for recognizeCandidate:279bca68-3e74-4690-81cf-da5ab79b92f7
2019-10-23 12:36:22,899 [grpc-default-executor-0] INFO  impl.RaftServerImpl (RaftServerImpl.java:setRole(184)) - 389d5540-641f-48c2-a9df-60738dbad976@group-AF49A4A4CA2A: changes role from  FOLLOWER to FOLLOWER at term 134 for recognizeCandidate:279bca68-3e74-4690-81cf-da5ab79b92f7
2019-10-23 12:36:22,900 [grpc-default-executor-4] INFO  impl.RoleInfo (RoleInfo.java:shutdownFollowerState(121)) - daebe4f8-0ad9-4eb2-8ed7-3a8051847eb6: shutdown FollowerState
2019-10-23 12:36:22,900 [grpc-default-executor-0] INFO  impl.RoleInfo (RoleInfo.java:shutdownFollowerState(121)) - 389d5540-641f-48c2-a9df-60738dbad976: shutdown FollowerState
2019-10-23 12:36:22,902 [Thread-1063] INFO  impl.FollowerState (FollowerState.java:run(117)) - daebe4f8-0ad9-4eb2-8ed7-3a8051847eb6@group-AF49A4A4CA2A-FollowerState was interrupted: java.lang.InterruptedException: sleep interrupted
2019-10-23 12:36:22,901 [grpc-default-executor-4] INFO  impl.RoleInfo (RoleInfo.java:updateAndGet(143)) - daebe4f8-0ad9-4eb2-8ed7-3a8051847eb6: start FollowerState
2019-10-23 12:36:22,902 [Thread-1062] INFO  impl.FollowerState (FollowerState.java:run(117)) - 389d5540-641f-48c2-a9df-60738dbad976@group-AF49A4A4CA2A-FollowerState was interrupted: java.lang.InterruptedException: sleep interrupted
2019-10-23 12:36:22,902 [grpc-default-executor-0] INFO  impl.RoleInfo (RoleInfo.java:updateAndGet(143)) - 389d5540-641f-48c2-a9df-60738dbad976: start FollowerState
2019-10-23 12:36:22,913 [279bca68-3e74-4690-81cf-da5ab79b92f7@group-AF49A4A4CA2A-LeaderElection132] INFO  impl.LeaderElection (LeaderElection.java:logAndReturn(56)) - 279bca68-3e74-4690-81cf-da5ab79b92f7@group-AF49A4A4CA2A-LeaderElection132: Election REJECTED; received 2 response(s) [279bca68-3e74-4690-81cf-da5ab79b92f7<-daebe4f8-0ad9-4eb2-8ed7-3a8051847eb6#0:FAIL-t134, 279bca68-3e74-4690-81cf-da5ab79b92f7<-389d5540-641f-48c2-a9df-60738dbad976#0:FAIL-t134] and 0 exception(s); 279bca68-3e74-4690-81cf-da5ab79b92f7@group-AF49A4A4CA2A:t134, leader=null, voted=279bca68-3e74-4690-81cf-da5ab79b92f7, raftlog=279bca68-3e74-4690-81cf-da5ab79b92f7@group-AF49A4A4CA2A-SegmentedRaftLog:OPENED:c-1,f-1,i0, conf=-1: [daebe4f8-0ad9-4eb2-8ed7-3a8051847eb6:192.168.69.118:44860, 389d5540-641f-48c2-a9df-60738dbad976:192.168.69.118:45712, 279bca68-3e74-4690-81cf-da5ab79b92f7:192.168.69.118:45510], old=null
2019-10-23 12:36:22,913 [279bca68-3e74-4690-81cf-da5ab79b92f7@group-AF49A4A4CA2A-LeaderElection132] INFO  impl.RaftServerImpl (RaftServerImpl.java:setRole(184)) - 279bca68-3e74-4690-81cf-da5ab79b92f7@group-AF49A4A4CA2A: changes role from CANDIDATE to FOLLOWER at term 134 for DISCOVERED_A_NEW_TERM
2019-10-23 12:36:22,913 [279bca68-3e74-4690-81cf-da5ab79b92f7@group-AF49A4A4CA2A-LeaderElection132] INFO  impl.RoleInfo (RoleInfo.java:shutdownLeaderElection(134)) - 279bca68-3e74-4690-81cf-da5ab79b92f7: shutdown LeaderElection
2019-10-23 12:36:22,913 [279bca68-3e74-4690-81cf-da5ab79b92f7@group-AF49A4A4CA2A-LeaderElection132] INFO  impl.RoleInfo (RoleInfo.java:updateAndGet(143)) - 279bca68-3e74-4690-81cf-da5ab79b92f7: start FollowerState
2019-10-23 12:36:23,076 [Thread-1072] INFO  impl.FollowerState (FollowerState.java:run(108)) - 279bca68-3e74-4690-81cf-da5ab79b92f7@group-AF49A4A4CA2A-FollowerState: change to CANDIDATE, lastRpcTime:163ms, electionTimeout:163ms
2019-10-23 12:36:23,077 [Thread-1072] INFO  impl.RoleInfo (RoleInfo.java:shutdownFollowerState(121)) - 279bca68-3e74-4690-81cf-da5ab79b92f7: shutdown FollowerState
2019-10-23 12:36:23,077 [Thread-1072] INFO  impl.RaftServerImpl (RaftServerImpl.java:setRole(184)) - 279bca68-3e74-4690-81cf-da5ab79b92f7@group-AF49A4A4CA2A: changes role from  FOLLOWER to CANDIDATE at term 134 for changeToCandidate
2019-10-23 12:36:23,077 [Thread-1072] INFO  impl.RoleInfo (RoleInfo.java:updateAndGet(143)) - 279bca68-3e74-4690-81cf-da5ab79b92f7: start LeaderElection
2019-10-23 12:36:23,090 [279bca68-3e74-4690-81cf-da5ab79b92f7@group-AF49A4A4CA2A-LeaderElection133] INFO  impl.LeaderElection (LeaderElection.java:askForVotes(178)) - 279bca68-3e74-4690-81cf-da5ab79b92f7@group-AF49A4A4CA2A-LeaderElection133: begin an election at term 135 for -1: [daebe4f8-0ad9-4eb2-8ed7-3a8051847eb6:192.168.69.118:44860, 389d5540-641f-48c2-a9df-60738dbad976:192.168.69.118:45712, 279bca68-3e74-4690-81cf-da5ab79b92f7:192.168.69.118:45510], old=null
2019-10-23 12:36:23,092 [grpc-default-executor-0] INFO  impl.RaftServerImpl (RaftServerImpl.java:setRole(184)) - 389d5540-641f-48c2-a9df-60738dbad976@group-AF49A4A4CA2A: changes role from  FOLLOWER to FOLLOWER at term 135 for recognizeCandidate:279bca68-3e74-4690-81cf-da5ab79b92f7
2019-10-23 12:36:23,092 [grpc-default-executor-0] INFO  impl.RoleInfo (RoleInfo.java:shutdownFollowerState(121)) - 389d5540-641f-48c2-a9df-60738dbad976: shutdown FollowerState
2019-10-23 12:36:23,092 [grpc-default-executor-0] INFO  impl.RoleInfo (RoleInfo.java:updateAndGet(143)) - 389d5540-641f-48c2-a9df-60738dbad976: start FollowerState
2019-10-23 12:36:23,092 [grpc-default-executor-4] INFO  impl.RaftServerImpl (RaftServerImpl.java:setRole(184)) - daebe4f8-0ad9-4eb2-8ed7-3a8051847eb6@group-AF49A4A4CA2A: changes role from  FOLLOWER to FOLLOWER at term 135 for recognizeCandidate:279bca68-3e74-4690-81cf-da5ab79b92f7
2019-10-23 12:36:23,092 [Thread-1071] INFO  impl.FollowerState (FollowerState.java:run(117)) - 389d5540-641f-48c2-a9df-60738dbad976@group-AF49A4A4CA2A-FollowerState was interrupted: java.lang.InterruptedException: sleep interrupted
2019-10-23 12:36:23,093 [grpc-default-executor-4] INFO  impl.RoleInfo (RoleInfo.java:shutdownFollowerState(121)) - daebe4f8-0ad9-4eb2-8ed7-3a8051847eb6: shutdown FollowerState
2019-10-23 12:36:23,093 [grpc-default-executor-4] INFO  impl.RoleInfo (RoleInfo.java:updateAndGet(143)) - daebe4f8-0ad9-4eb2-8ed7-3a8051847eb6: start FollowerState
2019-10-23 12:36:23,093 [Thread-1070] INFO  impl.FollowerState (FollowerState.java:run(117)) - daebe4f8-0ad9-4eb2-8ed7-3a8051847eb6@group-AF49A4A4CA2A-FollowerState was interrupted: java.lang.InterruptedException: sleep interrupted
2019-10-23 12:36:23,107 [279bca68-3e74-4690-81cf-da5ab79b92f7@group-AF49A4A4CA2A-LeaderElection133] INFO  impl.LeaderElection (LeaderElection.java:logAndReturn(56)) - 279bca68-3e74-4690-81cf-da5ab79b92f7@group-AF49A4A4CA2A-LeaderElection133: Election REJECTED; received 2 response(s) [279bca68-3e74-4690-81cf-da5ab79b92f7<-daebe4f8-0ad9-4eb2-8ed7-3a8051847eb6#0:FAIL-t135, 279bca68-3e74-4690-81cf-da5ab79b92f7<-389d5540-641f-48c2-a9df-60738dbad976#0:FAIL-t135] and 0 exception(s); 279bca68-3e74-4690-81cf-da5ab79b92f7@group-AF49A4A4CA2A:t135, leader=null, voted=279bca68-3e74-4690-81cf-da5ab79b92f7, raftlog=279bca68-3e74-4690-81cf-da5ab79b92f7@group-AF49A4A4CA2A-SegmentedRaftLog:OPENED:c-1,f-1,i0, conf=-1: [daebe4f8-0ad9-4eb2-8ed7-3a8051847eb6:192.168.69.118:44860, 389d5540-641f-48c2-a9df-60738dbad976:192.168.69.118:45712, 279bca68-3e74-4690-81cf-da5ab79b92f7:192.168.69.118:45510], old=null
2019-10-23 12:36:23,107 [279bca68-3e74-4690-81cf-da5ab79b92f7@group-AF49A4A4CA2A-LeaderElection133] INFO  impl.RaftServerImpl (RaftServerImpl.java:setRole(184)) - 279bca68-3e74-4690-81cf-da5ab79b92f7@group-AF49A4A4CA2A: changes role from CANDIDATE to FOLLOWER at term 135 for DISCOVERED_A_NEW_TERM
2019-10-23 12:36:23,107 [279bca68-3e74-4690-81cf-da5ab79b92f7@group-AF49A4A4CA2A-LeaderElection133] INFO  impl.RoleInfo (RoleInfo.java:shutdownLeaderElection(134)) - 279bca68-3e74-4690-81cf-da5ab79b92f7: shutdown LeaderElection
2019-10-23 12:36:23,108 [279bca68-3e74-4690-81cf-da5ab79b92f7@group-AF49A4A4CA2A-LeaderElection133] INFO  impl.RoleInfo (RoleInfo.java:updateAndGet(143)) - 279bca68-3e74-4690-81cf-da5ab79b92f7: start FollowerState
2019-10-23 12:36:23,185 [Thread-1078] INFO  impl.FollowerState (FollowerState.java:run(108)) - 279bca68-3e74-4690-81cf-da5ab79b92f7@group-AF49A4A4CA2A-FollowerState: change to CANDIDATE, lastRpcTime:77ms, electionTimeout:77ms
2019-10-23 12:36:23,185 [Thread-1078] INFO  impl.RoleInfo (RoleInfo.java:shutdownFollowerState(121)) - 279bca68-3e74-4690-81cf-da5ab79b92f7: shutdown FollowerState
2019-10-23 12:36:23,185 [Thread-1078] INFO  impl.RaftServerImpl (RaftServerImpl.java:setRole(184)) - 279bca68-3e74-4690-81cf-da5ab79b92f7@group-AF49A4A4CA2A: changes role from  FOLLOWER to CANDIDATE at term 135 for changeToCandidate
2019-10-23 12:36:23,185 [Thread-1078] INFO  impl.RoleInfo (RoleInfo.java:updateAndGet(143)) - 279bca68-3e74-4690-81cf-da5ab79b92f7: start LeaderElection
2019-10-23 12:36:23,200 [279bca68-3e74-4690-81cf-da5ab79b92f7@group-AF49A4A4CA2A-LeaderElection134] INFO  impl.LeaderElection (LeaderElection.java:askForVotes(178)) - 279bca68-3e74-4690-81cf-da5ab79b92f7@group-AF49A4A4CA2A-LeaderElection134: begin an election at term 136 for -1: [daebe4f8-0ad9-4eb2-8ed7-3a8051847eb6:192.168.69.118:44860, 389d5540-641f-48c2-a9df-60738dbad976:192.168.69.118:45712, 279bca68-3e74-4690-81cf-da5ab79b92f7:192.168.69.118:45510], old=null
2019-10-23 12:36:23,202 [grpc-default-executor-4] INFO  impl.RaftServerImpl (RaftServerImpl.java:setRole(184)) - daebe4f8-0ad9-4eb2-8ed7-3a8051847eb6@group-AF49A4A4CA2A: changes role from  FOLLOWER to FOLLOWER at term 136 for recognizeCandidate:279bca68-3e74-4690-81cf-da5ab79b92f7
2019-10-23 12:36:23,202 [grpc-default-executor-4] INFO  impl.RoleInfo (RoleInfo.java:shutdownFollowerState(121)) - daebe4f8-0ad9-4eb2-8ed7-3a8051847eb6: shutdown FollowerState
2019-10-23 12:36:23,202 [grpc-default-executor-0] INFO  impl.RaftServerImpl (RaftServerImpl.java:setRole(184)) - 389d5540-641f-48c2-a9df-60738dbad976@group-AF49A4A4CA2A: changes role from  FOLLOWER to FOLLOWER at term 136 for recognizeCandidate:279bca68-3e74-4690-81cf-da5ab79b92f7
2019-10-23 12:36:23,202 [Thread-1077] INFO  impl.FollowerState (FollowerState.java:run(117)) - daebe4f8-0ad9-4eb2-8ed7-3a8051847eb6@group-AF49A4A4CA2A-FollowerState was interrupted: java.lang.InterruptedException: sleep interrupted
2019-10-23 12:36:23,202 [grpc-default-executor-4] INFO  impl.RoleInfo (RoleInfo.java:updateAndGet(143)) - daebe4f8-0ad9-4eb2-8ed7-3a8051847eb6: start FollowerState
2019-10-23 12:36:23,202 [grpc-default-executor-0] INFO  impl.RoleInfo (RoleInfo.java:shutdownFollowerState(121)) - 389d5540-641f-48c2-a9df-60738dbad976: shutdown FollowerState
2019-10-23 12:36:23,203 [grpc-default-executor-0] INFO  impl.RoleInfo (RoleInfo.java:updateAndGet(143)) - 389d5540-641f-48c2-a9df-60738dbad976: start FollowerState
2019-10-23 12:36:23,203 [Thread-1076] INFO  impl.FollowerState (FollowerState.java:run(117)) - 389d5540-641f-48c2-a9df-60738dbad976@group-AF49A4A4CA2A-FollowerState was interrupted: java.lang.InterruptedException: sleep interrupted
2019-10-23 12:36:23,218 [279bca68-3e74-4690-81cf-da5ab79b92f7@group-AF49A4A4CA2A-LeaderElection134] INFO  impl.LeaderElection (LeaderElection.java:logAndReturn(56)) - 279bca68-3e74-4690-81cf-da5ab79b92f7@group-AF49A4A4CA2A-LeaderElection134: Election REJECTED; received 2 response(s) [279bca68-3e74-4690-81cf-da5ab79b92f7<-daebe4f8-0ad9-4eb2-8ed7-3a8051847eb6#0:FAIL-t136, 279bca68-3e74-4690-81cf-da5ab79b92f7<-389d5540-641f-48c2-a9df-60738dbad976#0:FAIL-t136] and 0 exception(s); 279bca68-3e74-4690-81cf-da5ab79b92f7@group-AF49A4A4CA2A:t136, leader=null, voted=279bca68-3e74-4690-81cf-da5ab79b92f7, raftlog=279bca68-3e74-4690-81cf-da5ab79b92f7@group-AF49A4A4CA2A-SegmentedRaftLog:OPENED:c-1,f-1,i0, conf=-1: [daebe4f8-0ad9-4eb2-8ed7-3a8051847eb6:192.168.69.118:44860, 389d5540-641f-48c2-a9df-60738dbad976:192.168.69.118:45712, 279bca68-3e74-4690-81cf-da5ab79b92f7:192.168.69.118:45510], old=null
2019-10-23 12:36:23,218 [279bca68-3e74-4690-81cf-da5ab79b92f7@group-AF49A4A4CA2A-LeaderElection134] INFO  impl.RaftServerImpl (RaftServerImpl.java:setRole(184)) - 279bca68-3e74-4690-81cf-da5ab79b92f7@group-AF49A4A4CA2A: changes role from CANDIDATE to FOLLOWER at term 136 for DISCOVERED_A_NEW_TERM
2019-10-23 12:36:23,218 [279bca68-3e74-4690-81cf-da5ab79b92f7@group-AF49A4A4CA2A-LeaderElection134] INFO  impl.RoleInfo (RoleInfo.java:shutdownLeaderElection(134)) - 279bca68-3e74-4690-81cf-da5ab79b92f7: shutdown LeaderElection
2019-10-23 12:36:23,218 [279bca68-3e74-4690-81cf-da5ab79b92f7@group-AF49A4A4CA2A-LeaderElection134] INFO  impl.RoleInfo (RoleInfo.java:updateAndGet(143)) - 279bca68-3e74-4690-81cf-da5ab79b92f7: start FollowerState
2019-10-23 12:36:23,396 [Thread-1084] INFO  impl.FollowerState (FollowerState.java:run(108)) - 279bca68-3e74-4690-81cf-da5ab79b92f7@group-AF49A4A4CA2A-FollowerState: change to CANDIDATE, lastRpcTime:177ms, electionTimeout:177ms
2019-10-23 12:36:23,396 [Thread-1084] INFO  impl.RoleInfo (RoleInfo.java:shutdownFollowerState(121)) - 279bca68-3e74-4690-81cf-da5ab79b92f7: shutdown FollowerState
2019-10-23 12:36:23,396 [Thread-1084] INFO  impl.RaftServerImpl (RaftServerImpl.java:setRole(184)) - 279bca68-3e74-4690-81cf-da5ab79b92f7@group-AF49A4A4CA2A: changes role from  FOLLOWER to CANDIDATE at term 136 for changeToCandidate
2019-10-23 12:36:23,396 [Thread-1084] INFO  impl.RoleInfo (RoleInfo.java:updateAndGet(143)) - 279bca68-3e74-4690-81cf-da5ab79b92f7: start LeaderElection
2019-10-23 12:36:23,409 [279bca68-3e74-4690-81cf-da5ab79b92f7@group-AF49A4A4CA2A-LeaderElection135] INFO  impl.LeaderElection (LeaderElection.java:askForVotes(178)) - 279bca68-3e74-4690-81cf-da5ab79b92f7@group-AF49A4A4CA2A-LeaderElection135: begin an election at term 137 for -1: [daebe4f8-0ad9-4eb2-8ed7-3a8051847eb6:192.168.69.118:44860, 389d5540-641f-48c2-a9df-60738dbad976:192.168.69.118:45712, 279bca68-3e74-4690-81cf-da5ab79b92f7:192.168.69.118:45510], old=null
2019-10-23 12:36:23,413 [grpc-default-executor-4] INFO  impl.RaftServerImpl (RaftServerImpl.java:setRole(184)) - daebe4f8-0ad9-4eb2-8ed7-3a8051847eb6@group-AF49A4A4CA2A: changes role from  FOLLOWER to FOLLOWER at term 137 for recognizeCandidate:279bca68-3e74-4690-81cf-da5ab79b92f7
2019-10-23 12:36:23,413 [grpc-default-executor-0] INFO  impl.RaftServerImpl (RaftServerImpl.java:setRole(184)) - 389d5540-641f-48c2-a9df-60738dbad976@group-AF49A4A4CA2A: changes role from  FOLLOWER to FOLLOWER at term 137 for recognizeCandidate:279bca68-3e74-4690-81cf-da5ab79b92f7
2019-10-23 12:36:23,413 [grpc-default-executor-4] INFO  impl.RoleInfo (RoleInfo.java:shutdownFollowerState(121)) - daebe4f8-0ad9-4eb2-8ed7-3a8051847eb6: shutdown FollowerState
2019-10-23 12:36:23,413 [grpc-default-executor-0] INFO  impl.RoleInfo (RoleInfo.java:shutdownFollowerState(121)) - 389d5540-641f-48c2-a9df-60738dbad976: shutdown FollowerState
2019-10-23 12:36:23,413 [Thread-1082] INFO  impl.FollowerState (FollowerState.java:run(117)) - daebe4f8-0ad9-4eb2-8ed7-3a8051847eb6@group-AF49A4A4CA2A-FollowerState was interrupted: java.lang.InterruptedException: sleep interrupted
2019-10-23 12:36:23,414 [Thread-1083] INFO  impl.FollowerState (FollowerState.java:run(117)) - 389d5540-641f-48c2-a9df-60738dbad976@group-AF49A4A4CA2A-FollowerState was interrupted: java.lang.InterruptedException: sleep interrupted
2019-10-23 12:36:23,413 [grpc-default-executor-4] INFO  impl.RoleInfo (RoleInfo.java:updateAndGet(143)) - daebe4f8-0ad9-4eb2-8ed7-3a8051847eb6: start FollowerState
2019-10-23 12:36:23,413 [grpc-default-executor-0] INFO  impl.RoleInfo (RoleInfo.java:updateAndGet(143)) - 389d5540-641f-48c2-a9df-60738dbad976: start FollowerState
2019-10-23 12:36:23,429 [279bca68-3e74-4690-81cf-da5ab79b92f7@group-AF49A4A4CA2A-LeaderElection135] INFO  impl.LeaderElection (LeaderElection.java:logAndReturn(56)) - 279bca68-3e74-4690-81cf-da5ab79b92f7@group-AF49A4A4CA2A-LeaderElection135: Election REJECTED; received 2 response(s) [279bca68-3e74-4690-81cf-da5ab79b92f7<-daebe4f8-0ad9-4eb2-8ed7-3a8051847eb6#0:FAIL-t137, 279bca68-3e74-4690-81cf-da5ab79b92f7<-389d5540-641f-48c2-a9df-60738dbad976#0:FAIL-t137] and 0 exception(s); 279bca68-3e74-4690-81cf-da5ab79b92f7@group-AF49A4A4CA2A:t137, leader=null, voted=279bca68-3e74-4690-81cf-da5ab79b92f7, raftlog=279bca68-3e74-4690-81cf-da5ab79b92f7@group-AF49A4A4CA2A-SegmentedRaftLog:OPENED:c-1,f-1,i0, conf=-1: [daebe4f8-0ad9-4eb2-8ed7-3a8051847eb6:192.168.69.118:44860, 389d5540-641f-48c2-a9df-60738dbad976:192.168.69.118:45712, 279bca68-3e74-4690-81cf-da5ab79b92f7:192.168.69.118:45510], old=null
2019-10-23 12:36:23,429 [279bca68-3e74-4690-81cf-da5ab79b92f7@group-AF49A4A4CA2A-LeaderElection135] INFO  impl.RaftServerImpl (RaftServerImpl.java:setRole(184)) - 279bca68-3e74-4690-81cf-da5ab79b92f7@group-AF49A4A4CA2A: changes role from CANDIDATE to FOLLOWER at term 137 for DISCOVERED_A_NEW_TERM
2019-10-23 12:36:23,429 [279bca68-3e74-4690-81cf-da5ab79b92f7@group-AF49A4A4CA2A-LeaderElection135] INFO  impl.RoleInfo (RoleInfo.java:shutdownLeaderElection(134)) - 279bca68-3e74-4690-81cf-da5ab79b92f7: shutdown LeaderElection
2019-10-23 12:36:23,429 [279bca68-3e74-4690-81cf-da5ab79b92f7@group-AF49A4A4CA2A-LeaderElection135] INFO  impl.RoleInfo (RoleInfo.java:updateAndGet(143)) - 279bca68-3e74-4690-81cf-da5ab79b92f7: start FollowerState
2019-10-23 12:36:23,443 [Thread-1090] INFO  impl.FollowerState (FollowerState.java:run(108)) - 279bca68-3e74-4690-81cf-da5ab79b92f7@group-AF49A4A4CA2A-FollowerState: change to CANDIDATE, lastRpcTime:13ms, electionTimeout:13ms
2019-10-23 12:36:23,443 [Thread-1090] INFO  impl.RoleInfo (RoleInfo.java:shutdownFollowerState(121)) - 279bca68-3e74-4690-81cf-da5ab79b92f7: shutdown FollowerState
2019-10-23 12:36:23,443 [Thread-1090] INFO  impl.RaftServerImpl (RaftServerImpl.java:setRole(184)) - 279bca68-3e74-4690-81cf-da5ab79b92f7@group-AF49A4A4CA2A: changes role from  FOLLOWER to CANDIDATE at term 137 for changeToCandidate
2019-10-23 12:36:23,443 [Thread-1090] INFO  impl.RoleInfo (RoleInfo.java:updateAndGet(143)) - 279bca68-3e74-4690-81cf-da5ab79b92f7: start LeaderElection
2019-10-23 12:36:23,457 [279bca68-3e74-4690-81cf-da5ab79b92f7@group-AF49A4A4CA2A-LeaderElection136] INFO  impl.LeaderElection (LeaderElection.java:askForVotes(178)) - 279bca68-3e74-4690-81cf-da5ab79b92f7@group-AF49A4A4CA2A-LeaderElection136: begin an election at term 138 for -1: [daebe4f8-0ad9-4eb2-8ed7-3a8051847eb6:192.168.69.118:44860, 389d5540-641f-48c2-a9df-60738dbad976:192.168.69.118:45712, 279bca68-3e74-4690-81cf-da5ab79b92f7:192.168.69.118:45510], old=null
2019-10-23 12:36:23,460 [grpc-default-executor-4] INFO  impl.RaftServerImpl (RaftServerImpl.java:setRole(184)) - daebe4f8-0ad9-4eb2-8ed7-3a8051847eb6@group-AF49A4A4CA2A: changes role from  FOLLOWER to FOLLOWER at term 138 for recognizeCandidate:279bca68-3e74-4690-81cf-da5ab79b92f7
2019-10-23 12:36:23,460 [grpc-default-executor-0] INFO  impl.RaftServerImpl (RaftServerImpl.java:setRole(184)) - 389d5540-641f-48c2-a9df-60738dbad976@group-AF49A4A4CA2A: changes role from  FOLLOWER to FOLLOWER at term 138 for recognizeCandidate:279bca68-3e74-4690-81cf-da5ab79b92f7
2019-10-23 12:36:23,460 [grpc-default-executor-4] INFO  impl.RoleInfo (RoleInfo.java:shutdownFollowerState(121)) - daebe4f8-0ad9-4eb2-8ed7-3a8051847eb6: shutdown FollowerState
2019-10-23 12:36:23,460 [grpc-default-executor-0] INFO  impl.RoleInfo (RoleInfo.java:shutdownFollowerState(121)) - 389d5540-641f-48c2-a9df-60738dbad976: shutdown FollowerState
2019-10-23 12:36:23,460 [grpc-default-executor-4] INFO  impl.RoleInfo (RoleInfo.java:updateAndGet(143)) - daebe4f8-0ad9-4eb2-8ed7-3a8051847eb6: start FollowerState
2019-10-23 12:36:23,460 [Thread-1089] INFO  impl.FollowerState (FollowerState.java:run(117)) - 389d5540-641f-48c2-a9df-60738dbad976@group-AF49A4A4CA2A-FollowerState was interrupted: java.lang.InterruptedException: sleep interrupted
2019-10-23 12:36:23,460 [grpc-default-executor-0] INFO  impl.RoleInfo (RoleInfo.java:updateAndGet(143)) - 389d5540-641f-48c2-a9df-60738dbad976: start FollowerState
2019-10-23 12:36:23,460 [Thread-1088] INFO  impl.FollowerState (FollowerState.java:run(117)) - daebe4f8-0ad9-4eb2-8ed7-3a8051847eb6@group-AF49A4A4CA2A-FollowerState was interrupted: java.lang.InterruptedException: sleep interrupted
2019-10-23 12:36:23,475 [279bca68-3e74-4690-81cf-da5ab79b92f7@group-AF49A4A4CA2A-LeaderElection136] INFO  impl.LeaderElection (LeaderElection.java:logAndReturn(56)) - 279bca68-3e74-4690-81cf-da5ab79b92f7@group-AF49A4A4CA2A-LeaderElection136: Election REJECTED; received 2 response(s) [279bca68-3e74-4690-81cf-da5ab79b92f7<-daebe4f8-0ad9-4eb2-8ed7-3a8051847eb6#0:FAIL-t138, 279bca68-3e74-4690-81cf-da5ab79b92f7<-389d5540-641f-48c2-a9df-60738dbad976#0:FAIL-t138] and 0 exception(s); 279bca68-3e74-4690-81cf-da5ab79b92f7@group-AF49A4A4CA2A:t138, leader=null, voted=279bca68-3e74-4690-81cf-da5ab79b92f7, raftlog=279bca68-3e74-4690-81cf-da5ab79b92f7@group-AF49A4A4CA2A-SegmentedRaftLog:OPENED:c-1,f-1,i0, conf=-1: [daebe4f8-0ad9-4eb2-8ed7-3a8051847eb6:192.168.69.118:44860, 389d5540-641f-48c2-a9df-60738dbad976:192.168.69.118:45712, 279bca68-3e74-4690-81cf-da5ab79b92f7:192.168.69.118:45510], old=null
2019-10-23 12:36:23,475 [279bca68-3e74-4690-81cf-da5ab79b92f7@group-AF49A4A4CA2A-LeaderElection136] INFO  impl.RaftServerImpl (RaftServerImpl.java:setRole(184)) - 279bca68-3e74-4690-81cf-da5ab79b92f7@group-AF49A4A4CA2A: changes role from CANDIDATE to FOLLOWER at term 138 for DISCOVERED_A_NEW_TERM
2019-10-23 12:36:23,476 [279bca68-3e74-4690-81cf-da5ab79b92f7@group-AF49A4A4CA2A-LeaderElection136] INFO  impl.RoleInfo (RoleInfo.java:shutdownLeaderElection(134)) - 279bca68-3e74-4690-81cf-da5ab79b92f7: shutdown LeaderElection
2019-10-23 12:36:23,476 [279bca68-3e74-4690-81cf-da5ab79b92f7@group-AF49A4A4CA2A-LeaderElection136] INFO  impl.RoleInfo (RoleInfo.java:updateAndGet(143)) - 279bca68-3e74-4690-81cf-da5ab79b92f7: start FollowerState
2019-10-23 12:36:23,626 [Thread-1096] INFO  impl.FollowerState (FollowerState.java:run(108)) - 279bca68-3e74-4690-81cf-da5ab79b92f7@group-AF49A4A4CA2A-FollowerState: change to CANDIDATE, lastRpcTime:150ms, electionTimeout:150ms
2019-10-23 12:36:23,626 [Thread-1096] INFO  impl.RoleInfo (RoleInfo.java:shutdownFollowerState(121)) - 279bca68-3e74-4690-81cf-da5ab79b92f7: shutdown FollowerState
2019-10-23 12:36:23,627 [Thread-1096] INFO  impl.RaftServerImpl (RaftServerImpl.java:setRole(184)) - 279bca68-3e74-4690-81cf-da5ab79b92f7@group-AF49A4A4CA2A: changes role from  FOLLOWER to CANDIDATE at term 138 for changeToCandidate
2019-10-23 12:36:23,627 [Thread-1096] INFO  impl.RoleInfo (RoleInfo.java:updateAndGet(143)) - 279bca68-3e74-4690-81cf-da5ab79b92f7: start LeaderElection
2019-10-23 12:36:23,641 [279bca68-3e74-4690-81cf-da5ab79b92f7@group-AF49A4A4CA2A-LeaderElection137] INFO  impl.LeaderElection (LeaderElection.java:askForVotes(178)) - 279bca68-3e74-4690-81cf-da5ab79b92f7@group-AF49A4A4CA2A-LeaderElection137: begin an election at term 139 for -1: [daebe4f8-0ad9-4eb2-8ed7-3a8051847eb6:192.168.69.118:44860, 389d5540-641f-48c2-a9df-60738dbad976:192.168.69.118:45712, 279bca68-3e74-4690-81cf-da5ab79b92f7:192.168.69.118:45510], old=null
2019-10-23 12:36:23,644 [279bca68-3e74-4690-81cf-da5ab79b92f7@group-AF49A4A4CA2A-LeaderElection137] INFO  impl.LeaderElection (LeaderElection.java:logAndReturn(56)) - 279bca68-3e74-4690-81cf-da5ab79b92f7@group-AF49A4A4CA2A-LeaderElection137: Election TIMEOUT; received 0 response(s) [] and 0 exception(s); 279bca68-3e74-4690-81cf-da5ab79b92f7@group-AF49A4A4CA2A:t139, leader=null, voted=279bca68-3e74-4690-81cf-da5ab79b92f7, raftlog=279bca68-3e74-4690-81cf-da5ab79b92f7@group-AF49A4A4CA2A-SegmentedRaftLog:OPENED:c-1,f-1,i0, conf=-1: [daebe4f8-0ad9-4eb2-8ed7-3a8051847eb6:192.168.69.118:44860, 389d5540-641f-48c2-a9df-60738dbad976:192.168.69.118:45712, 279bca68-3e74-4690-81cf-da5ab79b92f7:192.168.69.118:45510], old=null
2019-10-23 12:36:23,645 [grpc-default-executor-0] INFO  impl.RaftServerImpl (RaftServerImpl.java:setRole(184)) - daebe4f8-0ad9-4eb2-8ed7-3a8051847eb6@group-AF49A4A4CA2A: changes role from  FOLLOWER to FOLLOWER at term 139 for recognizeCandidate:279bca68-3e74-4690-81cf-da5ab79b92f7
2019-10-23 12:36:23,645 [grpc-default-executor-4] INFO  impl.RaftServerImpl (RaftServerImpl.java:setRole(184)) - 389d5540-641f-48c2-a9df-60738dbad976@group-AF49A4A4CA2A: changes role from  FOLLOWER to FOLLOWER at term 139 for recognizeCandidate:279bca68-3e74-4690-81cf-da5ab79b92f7
2019-10-23 12:36:23,645 [grpc-default-executor-0] INFO  impl.RoleInfo (RoleInfo.java:shutdownFollowerState(121)) - daebe4f8-0ad9-4eb2-8ed7-3a8051847eb6: shutdown FollowerState
2019-10-23 12:36:23,645 [grpc-default-executor-4] INFO  impl.RoleInfo (RoleInfo.java:shutdownFollowerState(121)) - 389d5540-641f-48c2-a9df-60738dbad976: shutdown FollowerState
2019-10-23 12:36:23,645 [grpc-default-executor-0] INFO  impl.RoleInfo (RoleInfo.java:updateAndGet(143)) - daebe4f8-0ad9-4eb2-8ed7-3a8051847eb6: start FollowerState
2019-10-23 12:36:23,645 [Thread-1095] INFO  impl.FollowerState (FollowerState.java:run(117)) - 389d5540-641f-48c2-a9df-60738dbad976@group-AF49A4A4CA2A-FollowerState was interrupted: java.lang.InterruptedException: sleep interrupted
2019-10-23 12:36:23,645 [grpc-default-executor-4] INFO  impl.RoleInfo (RoleInfo.java:updateAndGet(143)) - 389d5540-641f-48c2-a9df-60738dbad976: start FollowerState
2019-10-23 12:36:23,645 [Thread-1094] INFO  impl.FollowerState (FollowerState.java:run(117)) - daebe4f8-0ad9-4eb2-8ed7-3a8051847eb6@group-AF49A4A4CA2A-FollowerState was interrupted: java.lang.InterruptedException: sleep interrupted
2019-10-23 12:36:23,658 [279bca68-3e74-4690-81cf-da5ab79b92f7@group-AF49A4A4CA2A-LeaderElection137] INFO  impl.LeaderElection (LeaderElection.java:askForVotes(178)) - 279bca68-3e74-4690-81cf-da5ab79b92f7@group-AF49A4A4CA2A-LeaderElection137: begin an election at term 140 for -1: [daebe4f8-0ad9-4eb2-8ed7-3a8051847eb6:192.168.69.118:44860, 389d5540-641f-48c2-a9df-60738dbad976:192.168.69.118:45712, 279bca68-3e74-4690-81cf-da5ab79b92f7:192.168.69.118:45510], old=null
2019-10-23 12:36:23,660 [grpc-default-executor-0] INFO  impl.RaftServerImpl (RaftServerImpl.java:setRole(184)) - daebe4f8-0ad9-4eb2-8ed7-3a8051847eb6@group-AF49A4A4CA2A: changes role from  FOLLOWER to FOLLOWER at term 140 for recognizeCandidate:279bca68-3e74-4690-81cf-da5ab79b92f7
2019-10-23 12:36:23,661 [grpc-default-executor-0] INFO  impl.RoleInfo (RoleInfo.java:shutdownFollowerState(121)) - daebe4f8-0ad9-4eb2-8ed7-3a8051847eb6: shutdown FollowerState
2019-10-23 12:36:23,661 [grpc-default-executor-0] INFO  impl.RoleInfo (RoleInfo.java:updateAndGet(143)) - daebe4f8-0ad9-4eb2-8ed7-3a8051847eb6: start FollowerState
2019-10-23 12:36:23,661 [Thread-1100] INFO  impl.FollowerState (FollowerState.java:run(117)) - daebe4f8-0ad9-4eb2-8ed7-3a8051847eb6@group-AF49A4A4CA2A-FollowerState was interrupted: java.lang.InterruptedException: sleep interrupted
2019-10-23 12:36:23,661 [grpc-default-executor-4] INFO  impl.RaftServerImpl (RaftServerImpl.java:setRole(184)) - 389d5540-641f-48c2-a9df-60738dbad976@group-AF49A4A4CA2A: changes role from  FOLLOWER to FOLLOWER at term 140 for recognizeCandidate:279bca68-3e74-4690-81cf-da5ab79b92f7
2019-10-23 12:36:23,662 [grpc-default-executor-4] INFO  impl.RoleInfo (RoleInfo.java:shutdownFollowerState(121)) - 389d5540-641f-48c2-a9df-60738dbad976: shutdown FollowerState
2019-10-23 12:36:23,662 [grpc-default-executor-4] INFO  impl.RoleInfo (RoleInfo.java:updateAndGet(143)) - 389d5540-641f-48c2-a9df-60738dbad976: start FollowerState
2019-10-23 12:36:23,662 [Thread-1101] INFO  impl.FollowerState (FollowerState.java:run(117)) - 389d5540-641f-48c2-a9df-60738dbad976@group-AF49A4A4CA2A-FollowerState was interrupted: java.lang.InterruptedException: sleep interrupted
2019-10-23 12:36:23,675 [279bca68-3e74-4690-81cf-da5ab79b92f7@group-AF49A4A4CA2A-LeaderElection137] INFO  impl.LeaderElection (LeaderElection.java:logAndReturn(56)) - 279bca68-3e74-4690-81cf-da5ab79b92f7@group-AF49A4A4CA2A-LeaderElection137: Election REJECTED; received 2 response(s) [279bca68-3e74-4690-81cf-da5ab79b92f7<-daebe4f8-0ad9-4eb2-8ed7-3a8051847eb6#0:FAIL-t140, 279bca68-3e74-4690-81cf-da5ab79b92f7<-389d5540-641f-48c2-a9df-60738dbad976#0:FAIL-t140] and 0 exception(s); 279bca68-3e74-4690-81cf-da5ab79b92f7@group-AF49A4A4CA2A:t140, leader=null, voted=279bca68-3e74-4690-81cf-da5ab79b92f7, raftlog=279bca68-3e74-4690-81cf-da5ab79b92f7@group-AF49A4A4CA2A-SegmentedRaftLog:OPENED:c-1,f-1,i0, conf=-1: [daebe4f8-0ad9-4eb2-8ed7-3a8051847eb6:192.168.69.118:44860, 389d5540-641f-48c2-a9df-60738dbad976:192.168.69.118:45712, 279bca68-3e74-4690-81cf-da5ab79b92f7:192.168.69.118:45510], old=null
2019-10-23 12:36:23,676 [279bca68-3e74-4690-81cf-da5ab79b92f7@group-AF49A4A4CA2A-LeaderElection137] INFO  impl.RaftServerImpl (RaftServerImpl.java:setRole(184)) - 279bca68-3e74-4690-81cf-da5ab79b92f7@group-AF49A4A4CA2A: changes role from CANDIDATE to FOLLOWER at term 140 for DISCOVERED_A_NEW_TERM
2019-10-23 12:36:23,676 [279bca68-3e74-4690-81cf-da5ab79b92f7@group-AF49A4A4CA2A-LeaderElection137] INFO  impl.RoleInfo (RoleInfo.java:shutdownLeaderElection(134)) - 279bca68-3e74-4690-81cf-da5ab79b92f7: shutdown LeaderElection
2019-10-23 12:36:23,676 [279bca68-3e74-4690-81cf-da5ab79b92f7@group-AF49A4A4CA2A-LeaderElection137] INFO  impl.RoleInfo (RoleInfo.java:updateAndGet(143)) - 279bca68-3e74-4690-81cf-da5ab79b92f7: start FollowerState
2019-10-23 12:36:23,800 [Thread-1106] INFO  impl.FollowerState (FollowerState.java:run(108)) - 279bca68-3e74-4690-81cf-da5ab79b92f7@group-AF49A4A4CA2A-FollowerState: change to CANDIDATE, lastRpcTime:124ms, electionTimeout:124ms
2019-10-23 12:36:23,801 [Thread-1106] INFO  impl.RoleInfo (RoleInfo.java:shutdownFollowerState(121)) - 279bca68-3e74-4690-81cf-da5ab79b92f7: shutdown FollowerState
2019-10-23 12:36:23,801 [Thread-1106] INFO  impl.RaftServerImpl (RaftServerImpl.java:setRole(184)) - 279bca68-3e74-4690-81cf-da5ab79b92f7@group-AF49A4A4CA2A: changes role from  FOLLOWER to CANDIDATE at term 140 for changeToCandidate
2019-10-23 12:36:23,801 [Thread-1106] INFO  impl.RoleInfo (RoleInfo.java:updateAndGet(143)) - 279bca68-3e74-4690-81cf-da5ab79b92f7: start LeaderElection
2019-10-23 12:36:23,815 [279bca68-3e74-4690-81cf-da5ab79b92f7@group-AF49A4A4CA2A-LeaderElection138] INFO  impl.LeaderElection (LeaderElection.java:askForVotes(178)) - 279bca68-3e74-4690-81cf-da5ab79b92f7@group-AF49A4A4CA2A-LeaderElection138: begin an election at term 141 for -1: [daebe4f8-0ad9-4eb2-8ed7-3a8051847eb6:192.168.69.118:44860, 389d5540-641f-48c2-a9df-60738dbad976:192.168.69.118:45712, 279bca68-3e74-4690-81cf-da5ab79b92f7:192.168.69.118:45510], old=null
2019-10-23 12:36:23,817 [grpc-default-executor-4] INFO  impl.RaftServerImpl (RaftServerImpl.java:setRole(184)) - daebe4f8-0ad9-4eb2-8ed7-3a8051847eb6@group-AF49A4A4CA2A: changes role from  FOLLOWER to FOLLOWER at term 141 for recognizeCandidate:279bca68-3e74-4690-81cf-da5ab79b92f7
2019-10-23 12:36:23,817 [grpc-default-executor-0] INFO  impl.RaftServerImpl (RaftServerImpl.java:setRole(184)) - 389d5540-641f-48c2-a9df-60738dbad976@group-AF49A4A4CA2A: changes role from  FOLLOWER to FOLLOWER at term 141 for recognizeCandidate:279bca68-3e74-4690-81cf-da5ab79b92f7
2019-10-23 12:36:23,817 [grpc-default-executor-0] INFO  impl.RoleInfo (RoleInfo.java:shutdownFollowerState(121)) - 389d5540-641f-48c2-a9df-60738dbad976: shutdown FollowerState
2019-10-23 12:36:23,817 [grpc-default-executor-4] INFO  impl.RoleInfo (RoleInfo.java:shutdownFollowerState(121)) - daebe4f8-0ad9-4eb2-8ed7-3a8051847eb6: shutdown FollowerState
2019-10-23 12:36:23,818 [Thread-1105] INFO  impl.FollowerState (FollowerState.java:run(117)) - 389d5540-641f-48c2-a9df-60738dbad976@group-AF49A4A4CA2A-FollowerState was interrupted: java.lang.InterruptedException: sleep interrupted
2019-10-23 12:36:23,817 [grpc-default-executor-0] INFO  impl.RoleInfo (RoleInfo.java:updateAndGet(143)) - 389d5540-641f-48c2-a9df-60738dbad976: start FollowerState
2019-10-23 12:36:23,818 [Thread-1104] INFO  impl.FollowerState (FollowerState.java:run(117)) - daebe4f8-0ad9-4eb2-8ed7-3a8051847eb6@group-AF49A4A4CA2A-FollowerState was interrupted: java.lang.InterruptedException: sleep interrupted
2019-10-23 12:36:23,818 [grpc-default-executor-4] INFO  impl.RoleInfo (RoleInfo.java:updateAndGet(143)) - daebe4f8-0ad9-4eb2-8ed7-3a8051847eb6: start FollowerState
2019-10-23 12:36:23,833 [279bca68-3e74-4690-81cf-da5ab79b92f7@group-AF49A4A4CA2A-LeaderElection138] INFO  impl.LeaderElection (LeaderElection.java:logAndReturn(56)) - 279bca68-3e74-4690-81cf-da5ab79b92f7@group-AF49A4A4CA2A-LeaderElection138: Election REJECTED; received 2 response(s) [279bca68-3e74-4690-81cf-da5ab79b92f7<-daebe4f8-0ad9-4eb2-8ed7-3a8051847eb6#0:FAIL-t141, 279bca68-3e74-4690-81cf-da5ab79b92f7<-389d5540-641f-48c2-a9df-60738dbad976#0:FAIL-t141] and 0 exception(s); 279bca68-3e74-4690-81cf-da5ab79b92f7@group-AF49A4A4CA2A:t141, leader=null, voted=279bca68-3e74-4690-81cf-da5ab79b92f7, raftlog=279bca68-3e74-4690-81cf-da5ab79b92f7@group-AF49A4A4CA2A-SegmentedRaftLog:OPENED:c-1,f-1,i0, conf=-1: [daebe4f8-0ad9-4eb2-8ed7-3a8051847eb6:192.168.69.118:44860, 389d5540-641f-48c2-a9df-60738dbad976:192.168.69.118:45712, 279bca68-3e74-4690-81cf-da5ab79b92f7:192.168.69.118:45510], old=null
2019-10-23 12:36:23,833 [279bca68-3e74-4690-81cf-da5ab79b92f7@group-AF49A4A4CA2A-LeaderElection138] INFO  impl.RaftServerImpl (RaftServerImpl.java:setRole(184)) - 279bca68-3e74-4690-81cf-da5ab79b92f7@group-AF49A4A4CA2A: changes role from CANDIDATE to FOLLOWER at term 141 for DISCOVERED_A_NEW_TERM
2019-10-23 12:36:23,833 [279bca68-3e74-4690-81cf-da5ab79b92f7@group-AF49A4A4CA2A-LeaderElection138] INFO  impl.RoleInfo (RoleInfo.java:shutdownLeaderElection(134)) - 279bca68-3e74-4690-81cf-da5ab79b92f7: shutdown LeaderElection
2019-10-23 12:36:23,834 [279bca68-3e74-4690-81cf-da5ab79b92f7@group-AF49A4A4CA2A-LeaderElection138] INFO  impl.RoleInfo (RoleInfo.java:updateAndGet(143)) - 279bca68-3e74-4690-81cf-da5ab79b92f7: start FollowerState
2019-10-23 12:36:23,911 [Thread-1112] INFO  impl.FollowerState (FollowerState.java:run(108)) - 279bca68-3e74-4690-81cf-da5ab79b92f7@group-AF49A4A4CA2A-FollowerState: change to CANDIDATE, lastRpcTime:77ms, electionTimeout:76ms
2019-10-23 12:36:23,911 [Thread-1112] INFO  impl.RoleInfo (RoleInfo.java:shutdownFollowerState(121)) - 279bca68-3e74-4690-81cf-da5ab79b92f7: shutdown FollowerState
2019-10-23 12:36:23,911 [Thread-1112] INFO  impl.RaftServerImpl (RaftServerImpl.java:setRole(184)) - 279bca68-3e74-4690-81cf-da5ab79b92f7@group-AF49A4A4CA2A: changes role from  FOLLOWER to CANDIDATE at term 141 for changeToCandidate
2019-10-23 12:36:23,912 [Thread-1112] INFO  impl.RoleInfo (RoleInfo.java:updateAndGet(143)) - 279bca68-3e74-4690-81cf-da5ab79b92f7: start LeaderElection
2019-10-23 12:36:23,936 [279bca68-3e74-4690-81cf-da5ab79b92f7@group-AF49A4A4CA2A-LeaderElection139] INFO  impl.LeaderElection (LeaderElection.java:askForVotes(178)) - 279bca68-3e74-4690-81cf-da5ab79b92f7@group-AF49A4A4CA2A-LeaderElection139: begin an election at term 142 for -1: [daebe4f8-0ad9-4eb2-8ed7-3a8051847eb6:192.168.69.118:44860, 389d5540-641f-48c2-a9df-60738dbad976:192.168.69.118:45712, 279bca68-3e74-4690-81cf-da5ab79b92f7:192.168.69.118:45510], old=null
2019-10-23 12:36:23,939 [grpc-default-executor-0] INFO  impl.RaftServerImpl (RaftServerImpl.java:setRole(184)) - daebe4f8-0ad9-4eb2-8ed7-3a8051847eb6@group-AF49A4A4CA2A: changes role from  FOLLOWER to FOLLOWER at term 142 for recognizeCandidate:279bca68-3e74-4690-81cf-da5ab79b92f7
2019-10-23 12:36:23,939 [grpc-default-executor-0] INFO  impl.RoleInfo (RoleInfo.java:shutdownFollowerState(121)) - daebe4f8-0ad9-4eb2-8ed7-3a8051847eb6: shutdown FollowerState
2019-10-23 12:36:23,939 [grpc-default-executor-4] INFO  impl.RaftServerImpl (RaftServerImpl.java:setRole(184)) - 389d5540-641f-48c2-a9df-60738dbad976@group-AF49A4A4CA2A: changes role from  FOLLOWER to FOLLOWER at term 142 for recognizeCandidate:279bca68-3e74-4690-81cf-da5ab79b92f7
2019-10-23 12:36:23,939 [grpc-default-executor-0] INFO  impl.RoleInfo (RoleInfo.java:updateAndGet(143)) - daebe4f8-0ad9-4eb2-8ed7-3a8051847eb6: start FollowerState
2019-10-23 12:36:23,940 [Thread-1111] INFO  impl.FollowerState (FollowerState.java:run(117)) - daebe4f8-0ad9-4eb2-8ed7-3a8051847eb6@group-AF49A4A4CA2A-FollowerState was interrupted: java.lang.InterruptedException: sleep interrupted
2019-10-23 12:36:23,940 [grpc-default-executor-4] INFO  impl.RoleInfo (RoleInfo.java:shutdownFollowerState(121)) - 389d5540-641f-48c2-a9df-60738dbad976: shutdown FollowerState
2019-10-23 12:36:23,940 [grpc-default-executor-4] INFO  impl.RoleInfo (RoleInfo.java:updateAndGet(143)) - 389d5540-641f-48c2-a9df-60738dbad976: start FollowerState
2019-10-23 12:36:23,940 [Thread-1110] INFO  impl.FollowerState (FollowerState.java:run(117)) - 389d5540-641f-48c2-a9df-60738dbad976@group-AF49A4A4CA2A-FollowerState was interrupted: java.lang.InterruptedException: sleep interrupted
2019-10-23 12:36:23,953 [279bca68-3e74-4690-81cf-da5ab79b92f7@group-AF49A4A4CA2A-LeaderElection139] INFO  impl.LeaderElection (LeaderElection.java:logAndReturn(56)) - 279bca68-3e74-4690-81cf-da5ab79b92f7@group-AF49A4A4CA2A-LeaderElection139: Election REJECTED; received 2 response(s) [279bca68-3e74-4690-81cf-da5ab79b92f7<-daebe4f8-0ad9-4eb2-8ed7-3a8051847eb6#0:FAIL-t142, 279bca68-3e74-4690-81cf-da5ab79b92f7<-389d5540-641f-48c2-a9df-60738dbad976#0:FAIL-t142] and 0 exception(s); 279bca68-3e74-4690-81cf-da5ab79b92f7@group-AF49A4A4CA2A:t142, leader=null, voted=279bca68-3e74-4690-81cf-da5ab79b92f7, raftlog=279bca68-3e74-4690-81cf-da5ab79b92f7@group-AF49A4A4CA2A-SegmentedRaftLog:OPENED:c-1,f-1,i0, conf=-1: [daebe4f8-0ad9-4eb2-8ed7-3a8051847eb6:192.168.69.118:44860, 389d5540-641f-48c2-a9df-60738dbad976:192.168.69.118:45712, 279bca68-3e74-4690-81cf-da5ab79b92f7:192.168.69.118:45510], old=null
2019-10-23 12:36:23,953 [279bca68-3e74-4690-81cf-da5ab79b92f7@group-AF49A4A4CA2A-LeaderElection139] INFO  impl.RaftServerImpl (RaftServerImpl.java:setRole(184)) - 279bca68-3e74-4690-81cf-da5ab79b92f7@group-AF49A4A4CA2A: changes role from CANDIDATE to FOLLOWER at term 142 for DISCOVERED_A_NEW_TERM
2019-10-23 12:36:23,954 [279bca68-3e74-4690-81cf-da5ab79b92f7@group-AF49A4A4CA2A-LeaderElection139] INFO  impl.RoleInfo (RoleInfo.java:shutdownLeaderElection(134)) - 279bca68-3e74-4690-81cf-da5ab79b92f7: shutdown LeaderElection
2019-10-23 12:36:23,954 [279bca68-3e74-4690-81cf-da5ab79b92f7@group-AF49A4A4CA2A-LeaderElection139] INFO  impl.RoleInfo (RoleInfo.java:updateAndGet(143)) - 279bca68-3e74-4690-81cf-da5ab79b92f7: start FollowerState
2019-10-23 12:36:24,130 [Thread-1120] INFO  impl.FollowerState (FollowerState.java:run(108)) - 279bca68-3e74-4690-81cf-da5ab79b92f7@group-AF49A4A4CA2A-FollowerState: change to CANDIDATE, lastRpcTime:176ms, electionTimeout:176ms
2019-10-23 12:36:24,130 [Thread-1120] INFO  impl.RoleInfo (RoleInfo.java:shutdownFollowerState(121)) - 279bca68-3e74-4690-81cf-da5ab79b92f7: shutdown FollowerState
2019-10-23 12:36:24,131 [Thread-1120] INFO  impl.RaftServerImpl (RaftServerImpl.java:setRole(184)) - 279bca68-3e74-4690-81cf-da5ab79b92f7@group-AF49A4A4CA2A: changes role from  FOLLOWER to CANDIDATE at term 142 for changeToCandidate
2019-10-23 12:36:24,131 [Thread-1120] INFO  impl.RoleInfo (RoleInfo.java:updateAndGet(143)) - 279bca68-3e74-4690-81cf-da5ab79b92f7: start LeaderElection
2019-10-23 12:36:24,145 [279bca68-3e74-4690-81cf-da5ab79b92f7@group-AF49A4A4CA2A-LeaderElection140] INFO  impl.LeaderElection (LeaderElection.java:askForVotes(178)) - 279bca68-3e74-4690-81cf-da5ab79b92f7@group-AF49A4A4CA2A-LeaderElection140: begin an election at term 143 for -1: [daebe4f8-0ad9-4eb2-8ed7-3a8051847eb6:192.168.69.118:44860, 389d5540-641f-48c2-a9df-60738dbad976:192.168.69.118:45712, 279bca68-3e74-4690-81cf-da5ab79b92f7:192.168.69.118:45510], old=null
2019-10-23 12:36:24,147 [grpc-default-executor-0] INFO  impl.RaftServerImpl (RaftServerImpl.java:setRole(184)) - daebe4f8-0ad9-4eb2-8ed7-3a8051847eb6@group-AF49A4A4CA2A: changes role from  FOLLOWER to FOLLOWER at term 143 for recognizeCandidate:279bca68-3e74-4690-81cf-da5ab79b92f7
2019-10-23 12:36:24,147 [grpc-default-executor-0] INFO  impl.RoleInfo (RoleInfo.java:shutdownFollowerState(121)) - daebe4f8-0ad9-4eb2-8ed7-3a8051847eb6: shutdown FollowerState
2019-10-23 12:36:24,147 [grpc-default-executor-4] INFO  impl.RaftServerImpl (RaftServerImpl.java:setRole(184)) - 389d5540-641f-48c2-a9df-60738dbad976@group-AF49A4A4CA2A: changes role from  FOLLOWER to FOLLOWER at term 143 for recognizeCandidate:279bca68-3e74-4690-81cf-da5ab79b92f7
2019-10-23 12:36:24,148 [Thread-1118] INFO  impl.FollowerState (FollowerState.java:run(117)) - daebe4f8-0ad9-4eb2-8ed7-3a8051847eb6@group-AF49A4A4CA2A-FollowerState was interrupted: java.lang.InterruptedException: sleep interrupted
2019-10-23 12:36:24,148 [grpc-default-executor-4] INFO  impl.RoleInfo (RoleInfo.java:shutdownFollowerState(121)) - 389d5540-641f-48c2-a9df-60738dbad976: shutdown FollowerState
2019-10-23 12:36:24,147 [grpc-default-executor-0] INFO  impl.RoleInfo (RoleInfo.java:updateAndGet(143)) - daebe4f8-0ad9-4eb2-8ed7-3a8051847eb6: start FollowerState
2019-10-23 12:36:24,148 [Thread-1119] INFO  impl.FollowerState (FollowerState.java:run(117)) - 389d5540-641f-48c2-a9df-60738dbad976@group-AF49A4A4CA2A-FollowerState was interrupted: java.lang.InterruptedException: sleep interrupted
2019-10-23 12:36:24,148 [grpc-default-executor-4] INFO  impl.RoleInfo (RoleInfo.java:updateAndGet(143)) - 389d5540-641f-48c2-a9df-60738dbad976: start FollowerState
2019-10-23 12:36:24,163 [279bca68-3e74-4690-81cf-da5ab79b92f7@group-AF49A4A4CA2A-LeaderElection140] INFO  impl.LeaderElection (LeaderElection.java:logAndReturn(56)) - 279bca68-3e74-4690-81cf-da5ab79b92f7@group-AF49A4A4CA2A-LeaderElection140: Election REJECTED; received 2 response(s) [279bca68-3e74-4690-81cf-da5ab79b92f7<-daebe4f8-0ad9-4eb2-8ed7-3a8051847eb6#0:FAIL-t143, 279bca68-3e74-4690-81cf-da5ab79b92f7<-389d5540-641f-48c2-a9df-60738dbad976#0:FAIL-t143] and 0 exception(s); 279bca68-3e74-4690-81cf-da5ab79b92f7@group-AF49A4A4CA2A:t143, leader=null, voted=279bca68-3e74-4690-81cf-da5ab79b92f7, raftlog=279bca68-3e74-4690-81cf-da5ab79b92f7@group-AF49A4A4CA2A-SegmentedRaftLog:OPENED:c-1,f-1,i0, conf=-1: [daebe4f8-0ad9-4eb2-8ed7-3a8051847eb6:192.168.69.118:44860, 389d5540-641f-48c2-a9df-60738dbad976:192.168.69.118:45712, 279bca68-3e74-4690-81cf-da5ab79b92f7:192.168.69.118:45510], old=null
2019-10-23 12:36:24,163 [279bca68-3e74-4690-81cf-da5ab79b92f7@group-AF49A4A4CA2A-LeaderElection140] INFO  impl.RaftServerImpl (RaftServerImpl.java:setRole(184)) - 279bca68-3e74-4690-81cf-da5ab79b92f7@group-AF49A4A4CA2A: changes role from CANDIDATE to FOLLOWER at term 143 for DISCOVERED_A_NEW_TERM
2019-10-23 12:36:24,163 [279bca68-3e74-4690-81cf-da5ab79b92f7@group-AF49A4A4CA2A-LeaderElection140] INFO  impl.RoleInfo (RoleInfo.java:shutdownLeaderElection(134)) - 279bca68-3e74-4690-81cf-da5ab79b92f7: shutdown LeaderElection
2019-10-23 12:36:24,164 [279bca68-3e74-4690-81cf-da5ab79b92f7@group-AF49A4A4CA2A-LeaderElection140] INFO  impl.RoleInfo (RoleInfo.java:updateAndGet(143)) - 279bca68-3e74-4690-81cf-da5ab79b92f7: start FollowerState
2019-10-23 12:36:24,241 [Thread-1126] INFO  impl.FollowerState (FollowerState.java:run(108)) - 279bca68-3e74-4690-81cf-da5ab79b92f7@group-AF49A4A4CA2A-FollowerState: change to CANDIDATE, lastRpcTime:77ms, electionTimeout:77ms
2019-10-23 12:36:24,241 [Thread-1126] INFO  impl.RoleInfo (RoleInfo.java:shutdownFollowerState(121)) - 279bca68-3e74-4690-81cf-da5ab79b92f7: shutdown FollowerState
2019-10-23 12:36:24,241 [Thread-1126] INFO  impl.RaftServerImpl (RaftServerImpl.java:setRole(184)) - 279bca68-3e74-4690-81cf-da5ab79b92f7@group-AF49A4A4CA2A: changes role from  FOLLOWER to CANDIDATE at term 143 for changeToCandidate
2019-10-23 12:36:24,241 [Thread-1126] INFO  impl.RoleInfo (RoleInfo.java:updateAndGet(143)) - 279bca68-3e74-4690-81cf-da5ab79b92f7: start LeaderElection
2019-10-23 12:36:24,255 [279bca68-3e74-4690-81cf-da5ab79b92f7@group-AF49A4A4CA2A-LeaderElection141] INFO  impl.LeaderElection (LeaderElection.java:askForVotes(178)) - 279bca68-3e74-4690-81cf-da5ab79b92f7@group-AF49A4A4CA2A-LeaderElection141: begin an election at term 144 for -1: [daebe4f8-0ad9-4eb2-8ed7-3a8051847eb6:192.168.69.118:44860, 389d5540-641f-48c2-a9df-60738dbad976:192.168.69.118:45712, 279bca68-3e74-4690-81cf-da5ab79b92f7:192.168.69.118:45510], old=null
2019-10-23 12:36:24,258 [grpc-default-executor-4] INFO  impl.RaftServerImpl (RaftServerImpl.java:setRole(184)) - daebe4f8-0ad9-4eb2-8ed7-3a8051847eb6@group-AF49A4A4CA2A: changes role from  FOLLOWER to FOLLOWER at term 144 for recognizeCandidate:279bca68-3e74-4690-81cf-da5ab79b92f7
2019-10-23 12:36:24,258 [grpc-default-executor-4] INFO  impl.RoleInfo (RoleInfo.java:shutdownFollowerState(121)) - daebe4f8-0ad9-4eb2-8ed7-3a8051847eb6: shutdown FollowerState
2019-10-23 12:36:24,258 [grpc-default-executor-0] INFO  impl.RaftServerImpl (RaftServerImpl.java:setRole(184)) - 389d5540-641f-48c2-a9df-60738dbad976@group-AF49A4A4CA2A: changes role from  FOLLOWER to FOLLOWER at term 144 for recognizeCandidate:279bca68-3e74-4690-81cf-da5ab79b92f7
2019-10-23 12:36:24,258 [Thread-1124] INFO  impl.FollowerState (FollowerState.java:run(117)) - daebe4f8-0ad9-4eb2-8ed7-3a8051847eb6@group-AF49A4A4CA2A-FollowerState was interrupted: java.lang.InterruptedException: sleep interrupted
2019-10-23 12:36:24,258 [grpc-default-executor-4] INFO  impl.RoleInfo (RoleInfo.java:updateAndGet(143)) - daebe4f8-0ad9-4eb2-8ed7-3a8051847eb6: start FollowerState
2019-10-23 12:36:24,259 [grpc-default-executor-0] INFO  impl.RoleInfo (RoleInfo.java:shutdownFollowerState(121)) - 389d5540-641f-48c2-a9df-60738dbad976: shutdown FollowerState
2019-10-23 12:36:24,259 [grpc-default-executor-0] INFO  impl.RoleInfo (RoleInfo.java:updateAndGet(143)) - 389d5540-641f-48c2-a9df-60738dbad976: start FollowerState
2019-10-23 12:36:24,259 [Thread-1125] INFO  impl.FollowerState (FollowerState.java:run(117)) - 389d5540-641f-48c2-a9df-60738dbad976@group-AF49A4A4CA2A-FollowerState was interrupted: java.lang.InterruptedException: sleep interrupted
2019-10-23 12:36:24,274 [279bca68-3e74-4690-81cf-da5ab79b92f7@group-AF49A4A4CA2A-LeaderElection141] INFO  impl.LeaderElection (LeaderElection.java:logAndReturn(56)) - 279bca68-3e74-4690-81cf-da5ab79b92f7@group-AF49A4A4CA2A-LeaderElection141: Election REJECTED; received 2 response(s) [279bca68-3e74-4690-81cf-da5ab79b92f7<-daebe4f8-0ad9-4eb2-8ed7-3a8051847eb6#0:FAIL-t144, 279bca68-3e74-4690-81cf-da5ab79b92f7<-389d5540-641f-48c2-a9df-60738dbad976#0:FAIL-t144] and 0 exception(s); 279bca68-3e74-4690-81cf-da5ab79b92f7@group-AF49A4A4CA2A:t144, leader=null, voted=279bca68-3e74-4690-81cf-da5ab79b92f7, raftlog=279bca68-3e74-4690-81cf-da5ab79b92f7@group-AF49A4A4CA2A-SegmentedRaftLog:OPENED:c-1,f-1,i0, conf=-1: [daebe4f8-0ad9-4eb2-8ed7-3a8051847eb6:192.168.69.118:44860, 389d5540-641f-48c2-a9df-60738dbad976:192.168.69.118:45712, 279bca68-3e74-4690-81cf-da5ab79b92f7:192.168.69.118:45510], old=null
2019-10-23 12:36:24,275 [279bca68-3e74-4690-81cf-da5ab79b92f7@group-AF49A4A4CA2A-LeaderElection141] INFO  impl.RaftServerImpl (RaftServerImpl.java:setRole(184)) - 279bca68-3e74-4690-81cf-da5ab79b92f7@group-AF49A4A4CA2A: changes role from CANDIDATE to FOLLOWER at term 144 for DISCOVERED_A_NEW_TERM
2019-10-23 12:36:24,275 [279bca68-3e74-4690-81cf-da5ab79b92f7@group-AF49A4A4CA2A-LeaderElection141] INFO  impl.RoleInfo (RoleInfo.java:shutdownLeaderElection(134)) - 279bca68-3e74-4690-81cf-da5ab79b92f7: shutdown LeaderElection
2019-10-23 12:36:24,275 [279bca68-3e74-4690-81cf-da5ab79b92f7@group-AF49A4A4CA2A-LeaderElection141] INFO  impl.RoleInfo (RoleInfo.java:updateAndGet(143)) - 279bca68-3e74-4690-81cf-da5ab79b92f7: start FollowerState
2019-10-23 12:36:24,358 [Thread-1132] INFO  impl.FollowerState (FollowerState.java:run(108)) - 279bca68-3e74-4690-81cf-da5ab79b92f7@group-AF49A4A4CA2A-FollowerState: change to CANDIDATE, lastRpcTime:83ms, electionTimeout:83ms
2019-10-23 12:36:24,359 [Thread-1132] INFO  impl.RoleInfo (RoleInfo.java:shutdownFollowerState(121)) - 279bca68-3e74-4690-81cf-da5ab79b92f7: shutdown FollowerState
2019-10-23 12:36:24,359 [Thread-1132] INFO  impl.RaftServerImpl (RaftServerImpl.java:setRole(184)) - 279bca68-3e74-4690-81cf-da5ab79b92f7@group-AF49A4A4CA2A: changes role from  FOLLOWER to CANDIDATE at term 144 for changeToCandidate
2019-10-23 12:36:24,359 [Thread-1132] INFO  impl.RoleInfo (RoleInfo.java:updateAndGet(143)) - 279bca68-3e74-4690-81cf-da5ab79b92f7: start LeaderElection
2019-10-23 12:36:24,381 [279bca68-3e74-4690-81cf-da5ab79b92f7@group-AF49A4A4CA2A-LeaderElection142] INFO  impl.LeaderElection (LeaderElection.java:askForVotes(178)) - 279bca68-3e74-4690-81cf-da5ab79b92f7@group-AF49A4A4CA2A-LeaderElection142: begin an election at term 145 for -1: [daebe4f8-0ad9-4eb2-8ed7-3a8051847eb6:192.168.69.118:44860, 389d5540-641f-48c2-a9df-60738dbad976:192.168.69.118:45712, 279bca68-3e74-4690-81cf-da5ab79b92f7:192.168.69.118:45510], old=null
2019-10-23 12:36:24,386 [grpc-default-executor-4] INFO  impl.RaftServerImpl (RaftServerImpl.java:setRole(184)) - 389d5540-641f-48c2-a9df-60738dbad976@group-AF49A4A4CA2A: changes role from  FOLLOWER to FOLLOWER at term 145 for recognizeCandidate:279bca68-3e74-4690-81cf-da5ab79b92f7
2019-10-23 12:36:24,386 [grpc-default-executor-4] INFO  impl.RoleInfo (RoleInfo.java:shutdownFollowerState(121)) - 389d5540-641f-48c2-a9df-60738dbad976: shutdown FollowerState
2019-10-23 12:36:24,386 [279bca68-3e74-4690-81cf-da5ab79b92f7@group-AF49A4A4CA2A-LeaderElection142] INFO  impl.LeaderElection (LeaderElection.java:logAndReturn(56)) - 279bca68-3e74-4690-81cf-da5ab79b92f7@group-AF49A4A4CA2A-LeaderElection142: Election TIMEOUT; received 0 response(s) [] and 0 exception(s); 279bca68-3e74-4690-81cf-da5ab79b92f7@group-AF49A4A4CA2A:t145, leader=null, voted=279bca68-3e74-4690-81cf-da5ab79b92f7, raftlog=279bca68-3e74-4690-81cf-da5ab79b92f7@group-AF49A4A4CA2A-SegmentedRaftLog:OPENED:c-1,f-1,i0, conf=-1: [daebe4f8-0ad9-4eb2-8ed7-3a8051847eb6:192.168.69.118:44860, 389d5540-641f-48c2-a9df-60738dbad976:192.168.69.118:45712, 279bca68-3e74-4690-81cf-da5ab79b92f7:192.168.69.118:45510], old=null
2019-10-23 12:36:24,386 [Thread-1131] INFO  impl.FollowerState (FollowerState.java:run(117)) - 389d5540-641f-48c2-a9df-60738dbad976@group-AF49A4A4CA2A-FollowerState was interrupted: java.lang.InterruptedException: sleep interrupted
2019-10-23 12:36:24,386 [grpc-default-executor-0] INFO  impl.RaftServerImpl (RaftServerImpl.java:setRole(184)) - daebe4f8-0ad9-4eb2-8ed7-3a8051847eb6@group-AF49A4A4CA2A: changes role from  FOLLOWER to FOLLOWER at term 145 for recognizeCandidate:279bca68-3e74-4690-81cf-da5ab79b92f7
2019-10-23 12:36:24,387 [grpc-default-executor-0] INFO  impl.RoleInfo (RoleInfo.java:shutdownFollowerState(121)) - daebe4f8-0ad9-4eb2-8ed7-3a8051847eb6: shutdown FollowerState
2019-10-23 12:36:24,386 [grpc-default-executor-4] INFO  impl.RoleInfo (RoleInfo.java:updateAndGet(143)) - 389d5540-641f-48c2-a9df-60738dbad976: start FollowerState
2019-10-23 12:36:24,387 [Thread-1130] INFO  impl.FollowerState (FollowerState.java:run(117)) - daebe4f8-0ad9-4eb2-8ed7-3a8051847eb6@group-AF49A4A4CA2A-FollowerState was interrupted: java.lang.InterruptedException: sleep interrupted
2019-10-23 12:36:24,387 [grpc-default-executor-0] INFO  impl.RoleInfo (RoleInfo.java:updateAndGet(143)) - daebe4f8-0ad9-4eb2-8ed7-3a8051847eb6: start FollowerState
2019-10-23 12:36:24,391 [279bca68-3e74-4690-81cf-da5ab79b92f7@group-AF49A4A4CA2A-LeaderElection142] INFO  impl.LeaderElection (LeaderElection.java:askForVotes(178)) - 279bca68-3e74-4690-81cf-da5ab79b92f7@group-AF49A4A4CA2A-LeaderElection142: begin an election at term 146 for -1: [daebe4f8-0ad9-4eb2-8ed7-3a8051847eb6:192.168.69.118:44860, 389d5540-641f-48c2-a9df-60738dbad976:192.168.69.118:45712, 279bca68-3e74-4690-81cf-da5ab79b92f7:192.168.69.118:45510], old=null
2019-10-23 12:36:24,393 [grpc-default-executor-4] INFO  impl.RaftServerImpl (RaftServerImpl.java:setRole(184)) - daebe4f8-0ad9-4eb2-8ed7-3a8051847eb6@group-AF49A4A4CA2A: changes role from  FOLLOWER to FOLLOWER at term 146 for recognizeCandidate:279bca68-3e74-4690-81cf-da5ab79b92f7
2019-10-23 12:36:24,393 [grpc-default-executor-4] INFO  impl.RoleInfo (RoleInfo.java:shutdownFollowerState(121)) - daebe4f8-0ad9-4eb2-8ed7-3a8051847eb6: shutdown FollowerState
2019-10-23 12:36:24,393 [grpc-default-executor-4] INFO  impl.RoleInfo (RoleInfo.java:updateAndGet(143)) - daebe4f8-0ad9-4eb2-8ed7-3a8051847eb6: start FollowerState
2019-10-23 12:36:24,393 [Thread-1137] INFO  impl.FollowerState (FollowerState.java:run(117)) - daebe4f8-0ad9-4eb2-8ed7-3a8051847eb6@group-AF49A4A4CA2A-FollowerState was interrupted: java.lang.InterruptedException: sleep interrupted
2019-10-23 12:36:24,393 [grpc-default-executor-0] INFO  impl.RaftServerImpl (RaftServerImpl.java:setRole(184)) - 389d5540-641f-48c2-a9df-60738dbad976@group-AF49A4A4CA2A: changes role from  FOLLOWER to FOLLOWER at term 146 for recognizeCandidate:279bca68-3e74-4690-81cf-da5ab79b92f7
2019-10-23 12:36:24,393 [grpc-default-executor-0] INFO  impl.RoleInfo (RoleInfo.java:shutdownFollowerState(121)) - 389d5540-641f-48c2-a9df-60738dbad976: shutdown FollowerState
2019-10-23 12:36:24,394 [grpc-default-executor-0] INFO  impl.RoleInfo (RoleInfo.java:updateAndGet(143)) - 389d5540-641f-48c2-a9df-60738dbad976: start FollowerState
2019-10-23 12:36:24,394 [Thread-1136] INFO  impl.FollowerState (FollowerState.java:run(117)) - 389d5540-641f-48c2-a9df-60738dbad976@group-AF49A4A4CA2A-FollowerState was interrupted: java.lang.InterruptedException: sleep interrupted
2019-10-23 12:36:24,400 [279bca68-3e74-4690-81cf-da5ab79b92f7@group-AF49A4A4CA2A-LeaderElection142] INFO  impl.LeaderElection (LeaderElection.java:logAndReturn(56)) - 279bca68-3e74-4690-81cf-da5ab79b92f7@group-AF49A4A4CA2A-LeaderElection142: Election REJECTED; received 2 response(s) [279bca68-3e74-4690-81cf-da5ab79b92f7<-daebe4f8-0ad9-4eb2-8ed7-3a8051847eb6#0:FAIL-t146, 279bca68-3e74-4690-81cf-da5ab79b92f7<-389d5540-641f-48c2-a9df-60738dbad976#0:FAIL-t146] and 0 exception(s); 279bca68-3e74-4690-81cf-da5ab79b92f7@group-AF49A4A4CA2A:t146, leader=null, voted=279bca68-3e74-4690-81cf-da5ab79b92f7, raftlog=279bca68-3e74-4690-81cf-da5ab79b92f7@group-AF49A4A4CA2A-SegmentedRaftLog:OPENED:c-1,f-1,i0, conf=-1: [daebe4f8-0ad9-4eb2-8ed7-3a8051847eb6:192.168.69.118:44860, 389d5540-641f-48c2-a9df-60738dbad976:192.168.69.118:45712, 279bca68-3e74-4690-81cf-da5ab79b92f7:192.168.69.118:45510], old=null
2019-10-23 12:36:24,400 [279bca68-3e74-4690-81cf-da5ab79b92f7@group-AF49A4A4CA2A-LeaderElection142] INFO  impl.RaftServerImpl (RaftServerImpl.java:setRole(184)) - 279bca68-3e74-4690-81cf-da5ab79b92f7@group-AF49A4A4CA2A: changes role from CANDIDATE to FOLLOWER at term 146 for DISCOVERED_A_NEW_TERM
2019-10-23 12:36:24,401 [279bca68-3e74-4690-81cf-da5ab79b92f7@group-AF49A4A4CA2A-LeaderElection142] INFO  impl.RoleInfo (RoleInfo.java:shutdownLeaderElection(134)) - 279bca68-3e74-4690-81cf-da5ab79b92f7: shutdown LeaderElection
2019-10-23 12:36:24,401 [279bca68-3e74-4690-81cf-da5ab79b92f7@group-AF49A4A4CA2A-LeaderElection142] INFO  impl.RoleInfo (RoleInfo.java:updateAndGet(143)) - 279bca68-3e74-4690-81cf-da5ab79b92f7: start FollowerState
2019-10-23 12:36:24,472 [Thread-1142] INFO  impl.FollowerState (FollowerState.java:run(108)) - 279bca68-3e74-4690-81cf-da5ab79b92f7@group-AF49A4A4CA2A-FollowerState: change to CANDIDATE, lastRpcTime:71ms, electionTimeout:71ms
2019-10-23 12:36:24,472 [Thread-1142] INFO  impl.RoleInfo (RoleInfo.java:shutdownFollowerState(121)) - 279bca68-3e74-4690-81cf-da5ab79b92f7: shutdown FollowerState
2019-10-23 12:36:24,473 [Thread-1142] INFO  impl.RaftServerImpl (RaftServerImpl.java:setRole(184)) - 279bca68-3e74-4690-81cf-da5ab79b92f7@group-AF49A4A4CA2A: changes role from  FOLLOWER to CANDIDATE at term 146 for changeToCandidate
2019-10-23 12:36:24,473 [Thread-1142] INFO  impl.RoleInfo (RoleInfo.java:updateAndGet(143)) - 279bca68-3e74-4690-81cf-da5ab79b92f7: start LeaderElection
2019-10-23 12:36:24,485 [279bca68-3e74-4690-81cf-da5ab79b92f7@group-AF49A4A4CA2A-LeaderElection143] INFO  impl.LeaderElection (LeaderElection.java:askForVotes(178)) - 279bca68-3e74-4690-81cf-da5ab79b92f7@group-AF49A4A4CA2A-LeaderElection143: begin an election at term 147 for -1: [daebe4f8-0ad9-4eb2-8ed7-3a8051847eb6:192.168.69.118:44860, 389d5540-641f-48c2-a9df-60738dbad976:192.168.69.118:45712, 279bca68-3e74-4690-81cf-da5ab79b92f7:192.168.69.118:45510], old=null
2019-10-23 12:36:24,488 [grpc-default-executor-0] INFO  impl.RaftServerImpl (RaftServerImpl.java:setRole(184)) - daebe4f8-0ad9-4eb2-8ed7-3a8051847eb6@group-AF49A4A4CA2A: changes role from  FOLLOWER to FOLLOWER at term 147 for recognizeCandidate:279bca68-3e74-4690-81cf-da5ab79b92f7
2019-10-23 12:36:24,488 [grpc-default-executor-0] INFO  impl.RoleInfo (RoleInfo.java:shutdownFollowerState(121)) - daebe4f8-0ad9-4eb2-8ed7-3a8051847eb6: shutdown FollowerState
2019-10-23 12:36:24,488 [grpc-default-executor-0] INFO  impl.RoleInfo (RoleInfo.java:updateAndGet(143)) - daebe4f8-0ad9-4eb2-8ed7-3a8051847eb6: start FollowerState
2019-10-23 12:36:24,488 [grpc-default-executor-4] INFO  impl.RaftServerImpl (RaftServerImpl.java:setRole(184)) - 389d5540-641f-48c2-a9df-60738dbad976@group-AF49A4A4CA2A: changes role from  FOLLOWER to FOLLOWER at term 147 for recognizeCandidate:279bca68-3e74-4690-81cf-da5ab79b92f7
2019-10-23 12:36:24,489 [grpc-default-executor-4] INFO  impl.RoleInfo (RoleInfo.java:shutdownFollowerState(121)) - 389d5540-641f-48c2-a9df-60738dbad976: shutdown FollowerState
2019-10-23 12:36:24,488 [Thread-1140] INFO  impl.FollowerState (FollowerState.java:run(117)) - daebe4f8-0ad9-4eb2-8ed7-3a8051847eb6@group-AF49A4A4CA2A-FollowerState was interrupted: java.lang.InterruptedException: sleep interrupted
2019-10-23 12:36:24,489 [Thread-1141] INFO  impl.FollowerState (FollowerState.java:run(117)) - 389d5540-641f-48c2-a9df-60738dbad976@group-AF49A4A4CA2A-FollowerState was interrupted: java.lang.InterruptedException: sleep interrupted
2019-10-23 12:36:24,489 [grpc-default-executor-4] INFO  impl.RoleInfo (RoleInfo.java:updateAndGet(143)) - 389d5540-641f-48c2-a9df-60738dbad976: start FollowerState
2019-10-23 12:36:24,509 [279bca68-3e74-4690-81cf-da5ab79b92f7@group-AF49A4A4CA2A-LeaderElection143] INFO  impl.LeaderElection (LeaderElection.java:logAndReturn(56)) - 279bca68-3e74-4690-81cf-da5ab79b92f7@group-AF49A4A4CA2A-LeaderElection143: Election TIMEOUT; received 0 response(s) [] and 0 exception(s); 279bca68-3e74-4690-81cf-da5ab79b92f7@group-AF49A4A4CA2A:t147, leader=null, voted=279bca68-3e74-4690-81cf-da5ab79b92f7, raftlog=279bca68-3e74-4690-81cf-da5ab79b92f7@group-AF49A4A4CA2A-SegmentedRaftLog:OPENED:c-1,f-1,i0, conf=-1: [daebe4f8-0ad9-4eb2-8ed7-3a8051847eb6:192.168.69.118:44860, 389d5540-641f-48c2-a9df-60738dbad976:192.168.69.118:45712, 279bca68-3e74-4690-81cf-da5ab79b92f7:192.168.69.118:45510], old=null
2019-10-23 12:36:24,519 [279bca68-3e74-4690-81cf-da5ab79b92f7@group-AF49A4A4CA2A-LeaderElection143] INFO  impl.LeaderElection (LeaderElection.java:askForVotes(178)) - 279bca68-3e74-4690-81cf-da5ab79b92f7@group-AF49A4A4CA2A-LeaderElection143: begin an election at term 148 for -1: [daebe4f8-0ad9-4eb2-8ed7-3a8051847eb6:192.168.69.118:44860, 389d5540-641f-48c2-a9df-60738dbad976:192.168.69.118:45712, 279bca68-3e74-4690-81cf-da5ab79b92f7:192.168.69.118:45510], old=null
2019-10-23 12:36:24,521 [grpc-default-executor-0] INFO  impl.RaftServerImpl (RaftServerImpl.java:setRole(184)) - daebe4f8-0ad9-4eb2-8ed7-3a8051847eb6@group-AF49A4A4CA2A: changes role from  FOLLOWER to FOLLOWER at term 148 for recognizeCandidate:279bca68-3e74-4690-81cf-da5ab79b92f7
2019-10-23 12:36:24,521 [grpc-default-executor-0] INFO  impl.RoleInfo (RoleInfo.java:shutdownFollowerState(121)) - daebe4f8-0ad9-4eb2-8ed7-3a8051847eb6: shutdown FollowerState
2019-10-23 12:36:24,522 [grpc-default-executor-0] INFO  impl.RoleInfo (RoleInfo.java:updateAndGet(143)) - daebe4f8-0ad9-4eb2-8ed7-3a8051847eb6: start FollowerState
2019-10-23 12:36:24,522 [Thread-1146] INFO  impl.FollowerState (FollowerState.java:run(117)) - daebe4f8-0ad9-4eb2-8ed7-3a8051847eb6@group-AF49A4A4CA2A-FollowerState was interrupted: java.lang.InterruptedException: sleep interrupted
2019-10-23 12:36:24,522 [grpc-default-executor-4] INFO  impl.RaftServerImpl (RaftServerImpl.java:setRole(184)) - 389d5540-641f-48c2-a9df-60738dbad976@group-AF49A4A4CA2A: changes role from  FOLLOWER to FOLLOWER at term 148 for recognizeCandidate:279bca68-3e74-4690-81cf-da5ab79b92f7
2019-10-23 12:36:24,522 [grpc-default-executor-4] INFO  impl.RoleInfo (RoleInfo.java:shutdownFollowerState(121)) - 389d5540-641f-48c2-a9df-60738dbad976: shutdown FollowerState
2019-10-23 12:36:24,522 [grpc-default-executor-4] INFO  impl.RoleInfo (RoleInfo.java:updateAndGet(143)) - 389d5540-641f-48c2-a9df-60738dbad976: start FollowerState
2019-10-23 12:36:24,522 [Thread-1147] INFO  impl.FollowerState (FollowerState.java:run(117)) - 389d5540-641f-48c2-a9df-60738dbad976@group-AF49A4A4CA2A-FollowerState was interrupted: java.lang.InterruptedException: sleep interrupted
2019-10-23 12:36:24,536 [279bca68-3e74-4690-81cf-da5ab79b92f7@group-AF49A4A4CA2A-LeaderElection143] INFO  impl.LeaderElection (LeaderElection.java:logAndReturn(56)) - 279bca68-3e74-4690-81cf-da5ab79b92f7@group-AF49A4A4CA2A-LeaderElection143: Election REJECTED; received 2 response(s) [279bca68-3e74-4690-81cf-da5ab79b92f7<-daebe4f8-0ad9-4eb2-8ed7-3a8051847eb6#0:FAIL-t148, 279bca68-3e74-4690-81cf-da5ab79b92f7<-389d5540-641f-48c2-a9df-60738dbad976#0:FAIL-t148] and 0 exception(s); 279bca68-3e74-4690-81cf-da5ab79b92f7@group-AF49A4A4CA2A:t148, leader=null, voted=279bca68-3e74-4690-81cf-da5ab79b92f7, raftlog=279bca68-3e74-4690-81cf-da5ab79b92f7@group-AF49A4A4CA2A-SegmentedRaftLog:OPENED:c-1,f-1,i0, conf=-1: [daebe4f8-0ad9-4eb2-8ed7-3a8051847eb6:192.168.69.118:44860, 389d5540-641f-48c2-a9df-60738dbad976:192.168.69.118:45712, 279bca68-3e74-4690-81cf-da5ab79b92f7:192.168.69.118:45510], old=null
2019-10-23 12:36:24,536 [279bca68-3e74-4690-81cf-da5ab79b92f7@group-AF49A4A4CA2A-LeaderElection143] INFO  impl.RaftServerImpl (RaftServerImpl.java:setRole(184)) - 279bca68-3e74-4690-81cf-da5ab79b92f7@group-AF49A4A4CA2A: changes role from CANDIDATE to FOLLOWER at term 148 for DISCOVERED_A_NEW_TERM
2019-10-23 12:36:24,537 [279bca68-3e74-4690-81cf-da5ab79b92f7@group-AF49A4A4CA2A-LeaderElection143] INFO  impl.RoleInfo (RoleInfo.java:shutdownLeaderElection(134)) - 279bca68-3e74-4690-81cf-da5ab79b92f7: shutdown LeaderElection
2019-10-23 12:36:24,537 [279bca68-3e74-4690-81cf-da5ab79b92f7@group-AF49A4A4CA2A-LeaderElection143] INFO  impl.RoleInfo (RoleInfo.java:updateAndGet(143)) - 279bca68-3e74-4690-81cf-da5ab79b92f7: start FollowerState
2019-10-23 12:36:24,588 [Thread-1152] INFO  impl.FollowerState (FollowerState.java:run(108)) - 279bca68-3e74-4690-81cf-da5ab79b92f7@group-AF49A4A4CA2A-FollowerState: change to CANDIDATE, lastRpcTime:51ms, electionTimeout:51ms
2019-10-23 12:36:24,588 [Thread-1152] INFO  impl.RoleInfo (RoleInfo.java:shutdownFollowerState(121)) - 279bca68-3e74-4690-81cf-da5ab79b92f7: shutdown FollowerState
2019-10-23 12:36:24,588 [Thread-1152] INFO  impl.RaftServerImpl (RaftServerImpl.java:setRole(184)) - 279bca68-3e74-4690-81cf-da5ab79b92f7@group-AF49A4A4CA2A: changes role from  FOLLOWER to CANDIDATE at term 148 for changeToCandidate
2019-10-23 12:36:24,589 [Thread-1152] INFO  impl.RoleInfo (RoleInfo.java:updateAndGet(143)) - 279bca68-3e74-4690-81cf-da5ab79b92f7: start LeaderElection
2019-10-23 12:36:24,593 [279bca68-3e74-4690-81cf-da5ab79b92f7@group-AF49A4A4CA2A-LeaderElection144] INFO  impl.LeaderElection (LeaderElection.java:askForVotes(178)) - 279bca68-3e74-4690-81cf-da5ab79b92f7@group-AF49A4A4CA2A-LeaderElection144: begin an election at term 149 for -1: [daebe4f8-0ad9-4eb2-8ed7-3a8051847eb6:192.168.69.118:44860, 389d5540-641f-48c2-a9df-60738dbad976:192.168.69.118:45712, 279bca68-3e74-4690-81cf-da5ab79b92f7:192.168.69.118:45510], old=null
2019-10-23 12:36:24,596 [grpc-default-executor-0] INFO  impl.RaftServerImpl (RaftServerImpl.java:setRole(184)) - daebe4f8-0ad9-4eb2-8ed7-3a8051847eb6@group-AF49A4A4CA2A: changes role from  FOLLOWER to FOLLOWER at term 149 for recognizeCandidate:279bca68-3e74-4690-81cf-da5ab79b92f7
2019-10-23 12:36:24,596 [grpc-default-executor-4] INFO  impl.RaftServerImpl (RaftServerImpl.java:setRole(184)) - 389d5540-641f-48c2-a9df-60738dbad976@group-AF49A4A4CA2A: changes role from  FOLLOWER to FOLLOWER at term 149 for recognizeCandidate:279bca68-3e74-4690-81cf-da5ab79b92f7
2019-10-23 12:36:24,596 [grpc-default-executor-0] INFO  impl.RoleInfo (RoleInfo.java:shutdownFollowerState(121)) - daebe4f8-0ad9-4eb2-8ed7-3a8051847eb6: shutdown FollowerState
2019-10-23 12:36:24,596 [grpc-default-executor-4] INFO  impl.RoleInfo (RoleInfo.java:shutdownFollowerState(121)) - 389d5540-641f-48c2-a9df-60738dbad976: shutdown FollowerState
2019-10-23 12:36:24,597 [grpc-default-executor-0] INFO  impl.RoleInfo (RoleInfo.java:updateAndGet(143)) - daebe4f8-0ad9-4eb2-8ed7-3a8051847eb6: start FollowerState
2019-10-23 12:36:24,597 [Thread-1151] INFO  impl.FollowerState (FollowerState.java:run(117)) - 389d5540-641f-48c2-a9df-60738dbad976@group-AF49A4A4CA2A-FollowerState was interrupted: java.lang.InterruptedException: sleep interrupted
2019-10-23 12:36:24,597 [Thread-1150] INFO  impl.FollowerState (FollowerState.java:run(117)) - daebe4f8-0ad9-4eb2-8ed7-3a8051847eb6@group-AF49A4A4CA2A-FollowerState was interrupted: java.lang.InterruptedException: sleep interrupted
2019-10-23 12:36:24,597 [grpc-default-executor-4] INFO  impl.RoleInfo (RoleInfo.java:updateAndGet(143)) - 389d5540-641f-48c2-a9df-60738dbad976: start FollowerState
2019-10-23 12:36:24,624 [279bca68-3e74-4690-81cf-da5ab79b92f7@group-AF49A4A4CA2A-LeaderElection144] INFO  impl.LeaderElection (LeaderElection.java:logAndReturn(56)) - 279bca68-3e74-4690-81cf-da5ab79b92f7@group-AF49A4A4CA2A-LeaderElection144: Election REJECTED; received 2 response(s) [279bca68-3e74-4690-81cf-da5ab79b92f7<-daebe4f8-0ad9-4eb2-8ed7-3a8051847eb6#0:FAIL-t149, 279bca68-3e74-4690-81cf-da5ab79b92f7<-389d5540-641f-48c2-a9df-60738dbad976#0:FAIL-t149] and 0 exception(s); 279bca68-3e74-4690-81cf-da5ab79b92f7@group-AF49A4A4CA2A:t149, leader=null, voted=279bca68-3e74-4690-81cf-da5ab79b92f7, raftlog=279bca68-3e74-4690-81cf-da5ab79b92f7@group-AF49A4A4CA2A-SegmentedRaftLog:OPENED:c-1,f-1,i0, conf=-1: [daebe4f8-0ad9-4eb2-8ed7-3a8051847eb6:192.168.69.118:44860, 389d5540-641f-48c2-a9df-60738dbad976:192.168.69.118:45712, 279bca68-3e74-4690-81cf-da5ab79b92f7:192.168.69.118:45510], old=null
2019-10-23 12:36:24,624 [279bca68-3e74-4690-81cf-da5ab79b92f7@group-AF49A4A4CA2A-LeaderElection144] INFO  impl.RaftServerImpl (RaftServerImpl.java:setRole(184)) - 279bca68-3e74-4690-81cf-da5ab79b92f7@group-AF49A4A4CA2A: changes role from CANDIDATE to FOLLOWER at term 149 for DISCOVERED_A_NEW_TERM
2019-10-23 12:36:24,624 [279bca68-3e74-4690-81cf-da5ab79b92f7@group-AF49A4A4CA2A-LeaderElection144] INFO  impl.RoleInfo (RoleInfo.java:shutdownLeaderElection(134)) - 279bca68-3e74-4690-81cf-da5ab79b92f7: shutdown LeaderElection
2019-10-23 12:36:24,624 [279bca68-3e74-4690-81cf-da5ab79b92f7@group-AF49A4A4CA2A-LeaderElection144] INFO  impl.RoleInfo (RoleInfo.java:updateAndGet(143)) - 279bca68-3e74-4690-81cf-da5ab79b92f7: start FollowerState
2019-10-23 12:36:24,789 [Thread-1158] INFO  impl.FollowerState (FollowerState.java:run(108)) - 279bca68-3e74-4690-81cf-da5ab79b92f7@group-AF49A4A4CA2A-FollowerState: change to CANDIDATE, lastRpcTime:164ms, electionTimeout:164ms
2019-10-23 12:36:24,789 [Thread-1158] INFO  impl.RoleInfo (RoleInfo.java:shutdownFollowerState(121)) - 279bca68-3e74-4690-81cf-da5ab79b92f7: shutdown FollowerState
2019-10-23 12:36:24,789 [Thread-1158] INFO  impl.RaftServerImpl (RaftServerImpl.java:setRole(184)) - 279bca68-3e74-4690-81cf-da5ab79b92f7@group-AF49A4A4CA2A: changes role from  FOLLOWER to CANDIDATE at term 149 for changeToCandidate
2019-10-23 12:36:24,790 [Thread-1158] INFO  impl.RoleInfo (RoleInfo.java:updateAndGet(143)) - 279bca68-3e74-4690-81cf-da5ab79b92f7: start LeaderElection
2019-10-23 12:36:24,817 [279bca68-3e74-4690-81cf-da5ab79b92f7@group-AF49A4A4CA2A-LeaderElection145] INFO  impl.LeaderElection (LeaderElection.java:askForVotes(178)) - 279bca68-3e74-4690-81cf-da5ab79b92f7@group-AF49A4A4CA2A-LeaderElection145: begin an election at term 150 for -1: [daebe4f8-0ad9-4eb2-8ed7-3a8051847eb6:192.168.69.118:44860, 389d5540-641f-48c2-a9df-60738dbad976:192.168.69.118:45712, 279bca68-3e74-4690-81cf-da5ab79b92f7:192.168.69.118:45510], old=null
2019-10-23 12:36:24,821 [grpc-default-executor-0] INFO  impl.RaftServerImpl (RaftServerImpl.java:setRole(184)) - daebe4f8-0ad9-4eb2-8ed7-3a8051847eb6@group-AF49A4A4CA2A: changes role from  FOLLOWER to FOLLOWER at term 150 for recognizeCandidate:279bca68-3e74-4690-81cf-da5ab79b92f7
2019-10-23 12:36:24,821 [grpc-default-executor-4] INFO  impl.RaftServerImpl (RaftServerImpl.java:setRole(184)) - 389d5540-641f-48c2-a9df-60738dbad976@group-AF49A4A4CA2A: changes role from  FOLLOWER to FOLLOWER at term 150 for recognizeCandidate:279bca68-3e74-4690-81cf-da5ab79b92f7
2019-10-23 12:36:24,822 [grpc-default-executor-0] INFO  impl.RoleInfo (RoleInfo.java:shutdownFollowerState(121)) - daebe4f8-0ad9-4eb2-8ed7-3a8051847eb6: shutdown FollowerState
2019-10-23 12:36:24,822 [grpc-default-executor-4] INFO  impl.RoleInfo (RoleInfo.java:shutdownFollowerState(121)) - 389d5540-641f-48c2-a9df-60738dbad976: shutdown FollowerState
2019-10-23 12:36:24,822 [grpc-default-executor-0] INFO  impl.RoleInfo (RoleInfo.java:updateAndGet(143)) - daebe4f8-0ad9-4eb2-8ed7-3a8051847eb6: start FollowerState
2019-10-23 12:36:24,822 [Thread-1156] INFO  impl.FollowerState (FollowerState.java:run(117)) - daebe4f8-0ad9-4eb2-8ed7-3a8051847eb6@group-AF49A4A4CA2A-FollowerState was interrupted: java.lang.InterruptedException: sleep interrupted
2019-10-23 12:36:24,822 [grpc-default-executor-4] INFO  impl.RoleInfo (RoleInfo.java:updateAndGet(143)) - 389d5540-641f-48c2-a9df-60738dbad976: start FollowerState
2019-10-23 12:36:24,822 [Thread-1157] INFO  impl.FollowerState (FollowerState.java:run(117)) - 389d5540-641f-48c2-a9df-60738dbad976@group-AF49A4A4CA2A-FollowerState was interrupted: java.lang.InterruptedException: sleep interrupted
2019-10-23 12:36:24,830 [279bca68-3e74-4690-81cf-da5ab79b92f7@group-AF49A4A4CA2A-LeaderElection145] INFO  impl.LeaderElection (LeaderElection.java:logAndReturn(56)) - 279bca68-3e74-4690-81cf-da5ab79b92f7@group-AF49A4A4CA2A-LeaderElection145: Election TIMEOUT; received 0 response(s) [] and 0 exception(s); 279bca68-3e74-4690-81cf-da5ab79b92f7@group-AF49A4A4CA2A:t150, leader=null, voted=279bca68-3e74-4690-81cf-da5ab79b92f7, raftlog=279bca68-3e74-4690-81cf-da5ab79b92f7@group-AF49A4A4CA2A-SegmentedRaftLog:OPENED:c-1,f-1,i0, conf=-1: [daebe4f8-0ad9-4eb2-8ed7-3a8051847eb6:192.168.69.118:44860, 389d5540-641f-48c2-a9df-60738dbad976:192.168.69.118:45712, 279bca68-3e74-4690-81cf-da5ab79b92f7:192.168.69.118:45510], old=null
2019-10-23 12:36:24,834 [279bca68-3e74-4690-81cf-da5ab79b92f7@group-AF49A4A4CA2A-LeaderElection145] INFO  impl.LeaderElection (LeaderElection.java:askForVotes(178)) - 279bca68-3e74-4690-81cf-da5ab79b92f7@group-AF49A4A4CA2A-LeaderElection145: begin an election at term 151 for -1: [daebe4f8-0ad9-4eb2-8ed7-3a8051847eb6:192.168.69.118:44860, 389d5540-641f-48c2-a9df-60738dbad976:192.168.69.118:45712, 279bca68-3e74-4690-81cf-da5ab79b92f7:192.168.69.118:45510], old=null
2019-10-23 12:36:24,837 [grpc-default-executor-0] INFO  impl.RaftServerImpl (RaftServerImpl.java:setRole(184)) - daebe4f8-0ad9-4eb2-8ed7-3a8051847eb6@group-AF49A4A4CA2A: changes role from  FOLLOWER to FOLLOWER at term 151 for recognizeCandidate:279bca68-3e74-4690-81cf-da5ab79b92f7
2019-10-23 12:36:24,837 [grpc-default-executor-4] INFO  impl.RaftServerImpl (RaftServerImpl.java:setRole(184)) - 389d5540-641f-48c2-a9df-60738dbad976@group-AF49A4A4CA2A: changes role from  FOLLOWER to FOLLOWER at term 151 for recognizeCandidate:279bca68-3e74-4690-81cf-da5ab79b92f7
2019-10-23 12:36:24,837 [grpc-default-executor-4] INFO  impl.RoleInfo (RoleInfo.java:shutdownFollowerState(121)) - 389d5540-641f-48c2-a9df-60738dbad976: shutdown FollowerState
2019-10-23 12:36:24,837 [grpc-default-executor-0] INFO  impl.RoleInfo (RoleInfo.java:shutdownFollowerState(121)) - daebe4f8-0ad9-4eb2-8ed7-3a8051847eb6: shutdown FollowerState
2019-10-23 12:36:24,837 [grpc-default-executor-4] INFO  impl.RoleInfo (RoleInfo.java:updateAndGet(143)) - 389d5540-641f-48c2-a9df-60738dbad976: start FollowerState
2019-10-23 12:36:24,838 [Thread-1162] INFO  impl.FollowerState (FollowerState.java:run(117)) - daebe4f8-0ad9-4eb2-8ed7-3a8051847eb6@group-AF49A4A4CA2A-FollowerState was interrupted: java.lang.InterruptedException: sleep interrupted
2019-10-23 12:36:24,838 [grpc-default-executor-0] INFO  impl.RoleInfo (RoleInfo.java:updateAndGet(143)) - daebe4f8-0ad9-4eb2-8ed7-3a8051847eb6: start FollowerState
2019-10-23 12:36:24,838 [Thread-1163] INFO  impl.FollowerState (FollowerState.java:run(117)) - 389d5540-641f-48c2-a9df-60738dbad976@group-AF49A4A4CA2A-FollowerState was interrupted: java.lang.InterruptedException: sleep interrupted
2019-10-23 12:36:24,853 [279bca68-3e74-4690-81cf-da5ab79b92f7@group-AF49A4A4CA2A-LeaderElection145] INFO  impl.LeaderElection (LeaderElection.java:logAndReturn(56)) - 279bca68-3e74-4690-81cf-da5ab79b92f7@group-AF49A4A4CA2A-LeaderElection145: Election REJECTED; received 2 response(s) [279bca68-3e74-4690-81cf-da5ab79b92f7<-daebe4f8-0ad9-4eb2-8ed7-3a8051847eb6#0:FAIL-t151, 279bca68-3e74-4690-81cf-da5ab79b92f7<-389d5540-641f-48c2-a9df-60738dbad976#0:FAIL-t151] and 0 exception(s); 279bca68-3e74-4690-81cf-da5ab79b92f7@group-AF49A4A4CA2A:t151, leader=null, voted=279bca68-3e74-4690-81cf-da5ab79b92f7, raftlog=279bca68-3e74-4690-81cf-da5ab79b92f7@group-AF49A4A4CA2A-SegmentedRaftLog:OPENED:c-1,f-1,i0, conf=-1: [daebe4f8-0ad9-4eb2-8ed7-3a8051847eb6:192.168.69.118:44860, 389d5540-641f-48c2-a9df-60738dbad976:192.168.69.118:45712, 279bca68-3e74-4690-81cf-da5ab79b92f7:192.168.69.118:45510], old=null
2019-10-23 12:36:24,854 [279bca68-3e74-4690-81cf-da5ab79b92f7@group-AF49A4A4CA2A-LeaderElection145] INFO  impl.RaftServerImpl (RaftServerImpl.java:setRole(184)) - 279bca68-3e74-4690-81cf-da5ab79b92f7@group-AF49A4A4CA2A: changes role from CANDIDATE to FOLLOWER at term 151 for DISCOVERED_A_NEW_TERM
2019-10-23 12:36:24,854 [279bca68-3e74-4690-81cf-da5ab79b92f7@group-AF49A4A4CA2A-LeaderElection145] INFO  impl.RoleInfo (RoleInfo.java:shutdownLeaderElection(134)) - 279bca68-3e74-4690-81cf-da5ab79b92f7: shutdown LeaderElection
2019-10-23 12:36:24,854 [279bca68-3e74-4690-81cf-da5ab79b92f7@group-AF49A4A4CA2A-LeaderElection145] INFO  impl.RoleInfo (RoleInfo.java:updateAndGet(143)) - 279bca68-3e74-4690-81cf-da5ab79b92f7: start FollowerState
2019-10-23 12:36:25,012 [Thread-1168] INFO  impl.FollowerState (FollowerState.java:run(108)) - 279bca68-3e74-4690-81cf-da5ab79b92f7@group-AF49A4A4CA2A-FollowerState: change to CANDIDATE, lastRpcTime:158ms, electionTimeout:158ms
2019-10-23 12:36:25,013 [Thread-1168] INFO  impl.RoleInfo (RoleInfo.java:shutdownFollowerState(121)) - 279bca68-3e74-4690-81cf-da5ab79b92f7: shutdown FollowerState
2019-10-23 12:36:25,013 [Thread-1168] INFO  impl.RaftServerImpl (RaftServerImpl.java:setRole(184)) - 279bca68-3e74-4690-81cf-da5ab79b92f7@group-AF49A4A4CA2A: changes role from  FOLLOWER to CANDIDATE at term 151 for changeToCandidate
2019-10-23 12:36:25,013 [Thread-1168] INFO  impl.RoleInfo (RoleInfo.java:updateAndGet(143)) - 279bca68-3e74-4690-81cf-da5ab79b92f7: start LeaderElection
2019-10-23 12:36:25,021 [279bca68-3e74-4690-81cf-da5ab79b92f7@group-AF49A4A4CA2A-LeaderElection146] INFO  impl.LeaderElection (LeaderElection.java:askForVotes(178)) - 279bca68-3e74-4690-81cf-da5ab79b92f7@group-AF49A4A4CA2A-LeaderElection146: begin an election at term 152 for -1: [daebe4f8-0ad9-4eb2-8ed7-3a8051847eb6:192.168.69.118:44860, 389d5540-641f-48c2-a9df-60738dbad976:192.168.69.118:45712, 279bca68-3e74-4690-81cf-da5ab79b92f7:192.168.69.118:45510], old=null
2019-10-23 12:36:25,023 [grpc-default-executor-0] INFO  impl.RaftServerImpl (RaftServerImpl.java:setRole(184)) - daebe4f8-0ad9-4eb2-8ed7-3a8051847eb6@group-AF49A4A4CA2A: changes role from  FOLLOWER to FOLLOWER at term 152 for recognizeCandidate:279bca68-3e74-4690-81cf-da5ab79b92f7
2019-10-23 12:36:25,023 [grpc-default-executor-0] INFO  impl.RoleInfo (RoleInfo.java:shutdownFollowerState(121)) - daebe4f8-0ad9-4eb2-8ed7-3a8051847eb6: shutdown FollowerState
2019-10-23 12:36:25,023 [grpc-default-executor-4] INFO  impl.RaftServerImpl (RaftServerImpl.java:setRole(184)) - 389d5540-641f-48c2-a9df-60738dbad976@group-AF49A4A4CA2A: changes role from  FOLLOWER to FOLLOWER at term 152 for recognizeCandidate:279bca68-3e74-4690-81cf-da5ab79b92f7
2019-10-23 12:36:25,023 [Thread-1167] INFO  impl.FollowerState (FollowerState.java:run(117)) - daebe4f8-0ad9-4eb2-8ed7-3a8051847eb6@group-AF49A4A4CA2A-FollowerState was interrupted: java.lang.InterruptedException: sleep interrupted
2019-10-23 12:36:25,023 [grpc-default-executor-0] INFO  impl.RoleInfo (RoleInfo.java:updateAndGet(143)) - daebe4f8-0ad9-4eb2-8ed7-3a8051847eb6: start FollowerState
2019-10-23 12:36:25,023 [grpc-default-executor-4] INFO  impl.RoleInfo (RoleInfo.java:shutdownFollowerState(121)) - 389d5540-641f-48c2-a9df-60738dbad976: shutdown FollowerState
2019-10-23 12:36:25,024 [grpc-default-executor-4] INFO  impl.RoleInfo (RoleInfo.java:updateAndGet(143)) - 389d5540-641f-48c2-a9df-60738dbad976: start FollowerState
2019-10-23 12:36:25,024 [Thread-1166] INFO  impl.FollowerState (FollowerState.java:run(117)) - 389d5540-641f-48c2-a9df-60738dbad976@group-AF49A4A4CA2A-FollowerState was interrupted: java.lang.InterruptedException: sleep interrupted
2019-10-23 12:36:25,036 [279bca68-3e74-4690-81cf-da5ab79b92f7@group-AF49A4A4CA2A-LeaderElection146] INFO  impl.LeaderElection (LeaderElection.java:logAndReturn(56)) - 279bca68-3e74-4690-81cf-da5ab79b92f7@group-AF49A4A4CA2A-LeaderElection146: Election TIMEOUT; received 0 response(s) [] and 0 exception(s); 279bca68-3e74-4690-81cf-da5ab79b92f7@group-AF49A4A4CA2A:t152, leader=null, voted=279bca68-3e74-4690-81cf-da5ab79b92f7, raftlog=279bca68-3e74-4690-81cf-da5ab79b92f7@group-AF49A4A4CA2A-SegmentedRaftLog:OPENED:c-1,f-1,i0, conf=-1: [daebe4f8-0ad9-4eb2-8ed7-3a8051847eb6:192.168.69.118:44860, 389d5540-641f-48c2-a9df-60738dbad976:192.168.69.118:45712, 279bca68-3e74-4690-81cf-da5ab79b92f7:192.168.69.118:45510], old=null
2019-10-23 12:36:25,050 [279bca68-3e74-4690-81cf-da5ab79b92f7@group-AF49A4A4CA2A-LeaderElection146] INFO  impl.LeaderElection (LeaderElection.java:askForVotes(178)) - 279bca68-3e74-4690-81cf-da5ab79b92f7@group-AF49A4A4CA2A-LeaderElection146: begin an election at term 153 for -1: [daebe4f8-0ad9-4eb2-8ed7-3a8051847eb6:192.168.69.118:44860, 389d5540-641f-48c2-a9df-60738dbad976:192.168.69.118:45712, 279bca68-3e74-4690-81cf-da5ab79b92f7:192.168.69.118:45510], old=null
2019-10-23 12:36:25,052 [grpc-default-executor-4] INFO  impl.RaftServerImpl (RaftServerImpl.java:setRole(184)) - daebe4f8-0ad9-4eb2-8ed7-3a8051847eb6@group-AF49A4A4CA2A: changes role from  FOLLOWER to FOLLOWER at term 153 for recognizeCandidate:279bca68-3e74-4690-81cf-da5ab79b92f7
2019-10-23 12:36:25,052 [grpc-default-executor-4] INFO  impl.RoleInfo (RoleInfo.java:shutdownFollowerState(121)) - daebe4f8-0ad9-4eb2-8ed7-3a8051847eb6: shutdown FollowerState
2019-10-23 12:36:25,052 [grpc-default-executor-0] INFO  impl.RaftServerImpl (RaftServerImpl.java:setRole(184)) - 389d5540-641f-48c2-a9df-60738dbad976@group-AF49A4A4CA2A: changes role from  FOLLOWER to FOLLOWER at term 153 for recognizeCandidate:279bca68-3e74-4690-81cf-da5ab79b92f7
2019-10-23 12:36:25,052 [Thread-1174] INFO  impl.FollowerState (FollowerState.java:run(117)) - daebe4f8-0ad9-4eb2-8ed7-3a8051847eb6@group-AF49A4A4CA2A-FollowerState was interrupted: java.lang.InterruptedException: sleep interrupted
2019-10-23 12:36:25,052 [grpc-default-executor-4] INFO  impl.RoleInfo (RoleInfo.java:updateAndGet(143)) - daebe4f8-0ad9-4eb2-8ed7-3a8051847eb6: start FollowerState
2019-10-23 12:36:25,052 [grpc-default-executor-0] INFO  impl.RoleInfo (RoleInfo.java:shutdownFollowerState(121)) - 389d5540-641f-48c2-a9df-60738dbad976: shutdown FollowerState
2019-10-23 12:36:25,053 [grpc-default-executor-0] INFO  impl.RoleInfo (RoleInfo.java:updateAndGet(143)) - 389d5540-641f-48c2-a9df-60738dbad976: start FollowerState
2019-10-23 12:36:25,053 [Thread-1175] INFO  impl.FollowerState (FollowerState.java:run(117)) - 389d5540-641f-48c2-a9df-60738dbad976@group-AF49A4A4CA2A-FollowerState was interrupted: java.lang.InterruptedException: sleep interrupted
2019-10-23 12:36:25,068 [279bca68-3e74-4690-81cf-da5ab79b92f7@group-AF49A4A4CA2A-LeaderElection146] INFO  impl.LeaderElection (LeaderElection.java:logAndReturn(56)) - 279bca68-3e74-4690-81cf-da5ab79b92f7@group-AF49A4A4CA2A-LeaderElection146: Election REJECTED; received 2 response(s) [279bca68-3e74-4690-81cf-da5ab79b92f7<-daebe4f8-0ad9-4eb2-8ed7-3a8051847eb6#0:FAIL-t153, 279bca68-3e74-4690-81cf-da5ab79b92f7<-389d5540-641f-48c2-a9df-60738dbad976#0:FAIL-t153] and 0 exception(s); 279bca68-3e74-4690-81cf-da5ab79b92f7@group-AF49A4A4CA2A:t153, leader=null, voted=279bca68-3e74-4690-81cf-da5ab79b92f7, raftlog=279bca68-3e74-4690-81cf-da5ab79b92f7@group-AF49A4A4CA2A-SegmentedRaftLog:OPENED:c-1,f-1,i0, conf=-1: [daebe4f8-0ad9-4eb2-8ed7-3a8051847eb6:192.168.69.118:44860, 389d5540-641f-48c2-a9df-60738dbad976:192.168.69.118:45712, 279bca68-3e74-4690-81cf-da5ab79b92f7:192.168.69.118:45510], old=null
2019-10-23 12:36:25,068 [279bca68-3e74-4690-81cf-da5ab79b92f7@group-AF49A4A4CA2A-LeaderElection146] INFO  impl.RaftServerImpl (RaftServerImpl.java:setRole(184)) - 279bca68-3e74-4690-81cf-da5ab79b92f7@group-AF49A4A4CA2A: changes role from CANDIDATE to FOLLOWER at term 153 for DISCOVERED_A_NEW_TERM
2019-10-23 12:36:25,068 [279bca68-3e74-4690-81cf-da5ab79b92f7@group-AF49A4A4CA2A-LeaderElection146] INFO  impl.RoleInfo (RoleInfo.java:shutdownLeaderElection(134)) - 279bca68-3e74-4690-81cf-da5ab79b92f7: shutdown LeaderElection
2019-10-23 12:36:25,068 [279bca68-3e74-4690-81cf-da5ab79b92f7@group-AF49A4A4CA2A-LeaderElection146] INFO  impl.RoleInfo (RoleInfo.java:updateAndGet(143)) - 279bca68-3e74-4690-81cf-da5ab79b92f7: start FollowerState
2019-10-23 12:36:25,225 [Thread-1180] INFO  impl.FollowerState (FollowerState.java:run(108)) - 279bca68-3e74-4690-81cf-da5ab79b92f7@group-AF49A4A4CA2A-FollowerState: change to CANDIDATE, lastRpcTime:156ms, electionTimeout:156ms
2019-10-23 12:36:25,225 [Thread-1180] INFO  impl.RoleInfo (RoleInfo.java:shutdownFollowerState(121)) - 279bca68-3e74-4690-81cf-da5ab79b92f7: shutdown FollowerState
2019-10-23 12:36:25,225 [Thread-1180] INFO  impl.RaftServerImpl (RaftServerImpl.java:setRole(184)) - 279bca68-3e74-4690-81cf-da5ab79b92f7@group-AF49A4A4CA2A: changes role from  FOLLOWER to CANDIDATE at term 153 for changeToCandidate
2019-10-23 12:36:25,225 [Thread-1180] INFO  impl.RoleInfo (RoleInfo.java:updateAndGet(143)) - 279bca68-3e74-4690-81cf-da5ab79b92f7: start LeaderElection
2019-10-23 12:36:25,252 [279bca68-3e74-4690-81cf-da5ab79b92f7@group-AF49A4A4CA2A-LeaderElection147] INFO  impl.LeaderElection (LeaderElection.java:askForVotes(178)) - 279bca68-3e74-4690-81cf-da5ab79b92f7@group-AF49A4A4CA2A-LeaderElection147: begin an election at term 154 for -1: [daebe4f8-0ad9-4eb2-8ed7-3a8051847eb6:192.168.69.118:44860, 389d5540-641f-48c2-a9df-60738dbad976:192.168.69.118:45712, 279bca68-3e74-4690-81cf-da5ab79b92f7:192.168.69.118:45510], old=null
2019-10-23 12:36:25,255 [grpc-default-executor-0] INFO  impl.RaftServerImpl (RaftServerImpl.java:setRole(184)) - 389d5540-641f-48c2-a9df-60738dbad976@group-AF49A4A4CA2A: changes role from  FOLLOWER to FOLLOWER at term 154 for recognizeCandidate:279bca68-3e74-4690-81cf-da5ab79b92f7
2019-10-23 12:36:25,255 [grpc-default-executor-4] INFO  impl.RaftServerImpl (RaftServerImpl.java:setRole(184)) - daebe4f8-0ad9-4eb2-8ed7-3a8051847eb6@group-AF49A4A4CA2A: changes role from  FOLLOWER to FOLLOWER at term 154 for recognizeCandidate:279bca68-3e74-4690-81cf-da5ab79b92f7
2019-10-23 12:36:25,255 [grpc-default-executor-0] INFO  impl.RoleInfo (RoleInfo.java:shutdownFollowerState(121)) - 389d5540-641f-48c2-a9df-60738dbad976: shutdown FollowerState
2019-10-23 12:36:25,255 [grpc-default-executor-4] INFO  impl.RoleInfo (RoleInfo.java:shutdownFollowerState(121)) - daebe4f8-0ad9-4eb2-8ed7-3a8051847eb6: shutdown FollowerState
2019-10-23 12:36:25,255 [grpc-default-executor-0] INFO  impl.RoleInfo (RoleInfo.java:updateAndGet(143)) - 389d5540-641f-48c2-a9df-60738dbad976: start FollowerState
2019-10-23 12:36:25,256 [grpc-default-executor-4] INFO  impl.RoleInfo (RoleInfo.java:updateAndGet(143)) - daebe4f8-0ad9-4eb2-8ed7-3a8051847eb6: start FollowerState
2019-10-23 12:36:25,255 [Thread-1179] INFO  impl.FollowerState (FollowerState.java:run(117)) - 389d5540-641f-48c2-a9df-60738dbad976@group-AF49A4A4CA2A-FollowerState was interrupted: java.lang.InterruptedException: sleep interrupted
2019-10-23 12:36:25,256 [Thread-1178] INFO  impl.FollowerState (FollowerState.java:run(117)) - daebe4f8-0ad9-4eb2-8ed7-3a8051847eb6@group-AF49A4A4CA2A-FollowerState was interrupted: java.lang.InterruptedException: sleep interrupted
2019-10-23 12:36:25,274 [279bca68-3e74-4690-81cf-da5ab79b92f7@group-AF49A4A4CA2A-LeaderElection147] INFO  impl.LeaderElection (LeaderElection.java:logAndReturn(56)) - 279bca68-3e74-4690-81cf-da5ab79b92f7@group-AF49A4A4CA2A-LeaderElection147: Election REJECTED; received 2 response(s) [279bca68-3e74-4690-81cf-da5ab79b92f7<-daebe4f8-0ad9-4eb2-8ed7-3a8051847eb6#0:FAIL-t154, 279bca68-3e74-4690-81cf-da5ab79b92f7<-389d5540-641f-48c2-a9df-60738dbad976#0:FAIL-t154] and 0 exception(s); 279bca68-3e74-4690-81cf-da5ab79b92f7@group-AF49A4A4CA2A:t154, leader=null, voted=279bca68-3e74-4690-81cf-da5ab79b92f7, raftlog=279bca68-3e74-4690-81cf-da5ab79b92f7@group-AF49A4A4CA2A-SegmentedRaftLog:OPENED:c-1,f-1,i0, conf=-1: [daebe4f8-0ad9-4eb2-8ed7-3a8051847eb6:192.168.69.118:44860, 389d5540-641f-48c2-a9df-60738dbad976:192.168.69.118:45712, 279bca68-3e74-4690-81cf-da5ab79b92f7:192.168.69.118:45510], old=null
2019-10-23 12:36:25,274 [279bca68-3e74-4690-81cf-da5ab79b92f7@group-AF49A4A4CA2A-LeaderElection147] INFO  impl.RaftServerImpl (RaftServerImpl.java:setRole(184)) - 279bca68-3e74-4690-81cf-da5ab79b92f7@group-AF49A4A4CA2A: changes role from CANDIDATE to FOLLOWER at term 154 for DISCOVERED_A_NEW_TERM
2019-10-23 12:36:25,274 [279bca68-3e74-4690-81cf-da5ab79b92f7@group-AF49A4A4CA2A-LeaderElection147] INFO  impl.RoleInfo (RoleInfo.java:shutdownLeaderElection(134)) - 279bca68-3e74-4690-81cf-da5ab79b92f7: shutdown LeaderElection
2019-10-23 12:36:25,274 [279bca68-3e74-4690-81cf-da5ab79b92f7@group-AF49A4A4CA2A-LeaderElection147] INFO  impl.RoleInfo (RoleInfo.java:updateAndGet(143)) - 279bca68-3e74-4690-81cf-da5ab79b92f7: start FollowerState
2019-10-23 12:36:25,351 [Thread-1186] INFO  impl.FollowerState (FollowerState.java:run(108)) - 279bca68-3e74-4690-81cf-da5ab79b92f7@group-AF49A4A4CA2A-FollowerState: change to CANDIDATE, lastRpcTime:76ms, electionTimeout:76ms
2019-10-23 12:36:25,351 [Thread-1186] INFO  impl.RoleInfo (RoleInfo.java:shutdownFollowerState(121)) - 279bca68-3e74-4690-81cf-da5ab79b92f7: shutdown FollowerState
2019-10-23 12:36:25,351 [Thread-1186] INFO  impl.RaftServerImpl (RaftServerImpl.java:setRole(184)) - 279bca68-3e74-4690-81cf-da5ab79b92f7@group-AF49A4A4CA2A: changes role from  FOLLOWER to CANDIDATE at term 154 for changeToCandidate
2019-10-23 12:36:25,351 [Thread-1186] INFO  impl.RoleInfo (RoleInfo.java:updateAndGet(143)) - 279bca68-3e74-4690-81cf-da5ab79b92f7: start LeaderElection
2019-10-23 12:36:25,366 [279bca68-3e74-4690-81cf-da5ab79b92f7@group-AF49A4A4CA2A-LeaderElection148] INFO  impl.LeaderElection (LeaderElection.java:askForVotes(178)) - 279bca68-3e74-4690-81cf-da5ab79b92f7@group-AF49A4A4CA2A-LeaderElection148: begin an election at term 155 for -1: [daebe4f8-0ad9-4eb2-8ed7-3a8051847eb6:192.168.69.118:44860, 389d5540-641f-48c2-a9df-60738dbad976:192.168.69.118:45712, 279bca68-3e74-4690-81cf-da5ab79b92f7:192.168.69.118:45510], old=null
2019-10-23 12:36:25,368 [grpc-default-executor-4] INFO  impl.RaftServerImpl (RaftServerImpl.java:setRole(184)) - daebe4f8-0ad9-4eb2-8ed7-3a8051847eb6@group-AF49A4A4CA2A: changes role from  FOLLOWER to FOLLOWER at term 155 for recognizeCandidate:279bca68-3e74-4690-81cf-da5ab79b92f7
2019-10-23 12:36:25,368 [grpc-default-executor-4] INFO  impl.RoleInfo (RoleInfo.java:shutdownFollowerState(121)) - daebe4f8-0ad9-4eb2-8ed7-3a8051847eb6: shutdown FollowerState
2019-10-23 12:36:25,368 [grpc-default-executor-0] INFO  impl.RaftServerImpl (RaftServerImpl.java:setRole(184)) - 389d5540-641f-48c2-a9df-60738dbad976@group-AF49A4A4CA2A: changes role from  FOLLOWER to FOLLOWER at term 155 for recognizeCandidate:279bca68-3e74-4690-81cf-da5ab79b92f7
2019-10-23 12:36:25,369 [Thread-1185] INFO  impl.FollowerState (FollowerState.java:run(117)) - daebe4f8-0ad9-4eb2-8ed7-3a8051847eb6@group-AF49A4A4CA2A-FollowerState was interrupted: java.lang.InterruptedException: sleep interrupted
2019-10-23 12:36:25,369 [grpc-default-executor-4] INFO  impl.RoleInfo (RoleInfo.java:updateAndGet(143)) - daebe4f8-0ad9-4eb2-8ed7-3a8051847eb6: start FollowerState
2019-10-23 12:36:25,369 [grpc-default-executor-0] INFO  impl.RoleInfo (RoleInfo.java:shutdownFollowerState(121)) - 389d5540-641f-48c2-a9df-60738dbad976: shutdown FollowerState
2019-10-23 12:36:25,369 [grpc-default-executor-0] INFO  impl.RoleInfo (RoleInfo.java:updateAndGet(143)) - 389d5540-641f-48c2-a9df-60738dbad976: start FollowerState
2019-10-23 12:36:25,369 [Thread-1184] INFO  impl.FollowerState (FollowerState.java:run(117)) - 389d5540-641f-48c2-a9df-60738dbad976@group-AF49A4A4CA2A-FollowerState was interrupted: java.lang.InterruptedException: sleep interrupted
2019-10-23 12:36:25,385 [279bca68-3e74-4690-81cf-da5ab79b92f7@group-AF49A4A4CA2A-LeaderElection148] INFO  impl.LeaderElection (LeaderElection.java:logAndReturn(56)) - 279bca68-3e74-4690-81cf-da5ab79b92f7@group-AF49A4A4CA2A-LeaderElection148: Election REJECTED; received 2 response(s) [279bca68-3e74-4690-81cf-da5ab79b92f7<-daebe4f8-0ad9-4eb2-8ed7-3a8051847eb6#0:FAIL-t155, 279bca68-3e74-4690-81cf-da5ab79b92f7<-389d5540-641f-48c2-a9df-60738dbad976#0:FAIL-t155] and 0 exception(s); 279bca68-3e74-4690-81cf-da5ab79b92f7@group-AF49A4A4CA2A:t155, leader=null, voted=279bca68-3e74-4690-81cf-da5ab79b92f7, raftlog=279bca68-3e74-4690-81cf-da5ab79b92f7@group-AF49A4A4CA2A-SegmentedRaftLog:OPENED:c-1,f-1,i0, conf=-1: [daebe4f8-0ad9-4eb2-8ed7-3a8051847eb6:192.168.69.118:44860, 389d5540-641f-48c2-a9df-60738dbad976:192.168.69.118:45712, 279bca68-3e74-4690-81cf-da5ab79b92f7:192.168.69.118:45510], old=null
2019-10-23 12:36:25,385 [279bca68-3e74-4690-81cf-da5ab79b92f7@group-AF49A4A4CA2A-LeaderElection148] INFO  impl.RaftServerImpl (RaftServerImpl.java:setRole(184)) - 279bca68-3e74-4690-81cf-da5ab79b92f7@group-AF49A4A4CA2A: changes role from CANDIDATE to FOLLOWER at term 155 for DISCOVERED_A_NEW_TERM
2019-10-23 12:36:25,385 [279bca68-3e74-4690-81cf-da5ab79b92f7@group-AF49A4A4CA2A-LeaderElection148] INFO  impl.RoleInfo (RoleInfo.java:shutdownLeaderElection(134)) - 279bca68-3e74-4690-81cf-da5ab79b92f7: shutdown LeaderElection
2019-10-23 12:36:25,385 [279bca68-3e74-4690-81cf-da5ab79b92f7@group-AF49A4A4CA2A-LeaderElection148] INFO  impl.RoleInfo (RoleInfo.java:updateAndGet(143)) - 279bca68-3e74-4690-81cf-da5ab79b92f7: start FollowerState
2019-10-23 12:36:25,575 [Thread-1192] INFO  impl.FollowerState (FollowerState.java:run(108)) - 279bca68-3e74-4690-81cf-da5ab79b92f7@group-AF49A4A4CA2A-FollowerState: change to CANDIDATE, lastRpcTime:189ms, electionTimeout:189ms
2019-10-23 12:36:25,576 [Thread-1192] INFO  impl.RoleInfo (RoleInfo.java:shutdownFollowerState(121)) - 279bca68-3e74-4690-81cf-da5ab79b92f7: shutdown FollowerState
2019-10-23 12:36:25,576 [Thread-1192] INFO  impl.RaftServerImpl (RaftServerImpl.java:setRole(184)) - 279bca68-3e74-4690-81cf-da5ab79b92f7@group-AF49A4A4CA2A: changes role from  FOLLOWER to CANDIDATE at term 155 for changeToCandidate
2019-10-23 12:36:25,576 [Thread-1192] INFO  impl.RoleInfo (RoleInfo.java:updateAndGet(143)) - 279bca68-3e74-4690-81cf-da5ab79b92f7: start LeaderElection
2019-10-23 12:36:25,604 [279bca68-3e74-4690-81cf-da5ab79b92f7@group-AF49A4A4CA2A-LeaderElection149] INFO  impl.LeaderElection (LeaderElection.java:askForVotes(178)) - 279bca68-3e74-4690-81cf-da5ab79b92f7@group-AF49A4A4CA2A-LeaderElection149: begin an election at term 156 for -1: [daebe4f8-0ad9-4eb2-8ed7-3a8051847eb6:192.168.69.118:44860, 389d5540-641f-48c2-a9df-60738dbad976:192.168.69.118:45712, 279bca68-3e74-4690-81cf-da5ab79b92f7:192.168.69.118:45510], old=null
2019-10-23 12:36:25,611 [grpc-default-executor-0] INFO  impl.RaftServerImpl (RaftServerImpl.java:setRole(184)) - daebe4f8-0ad9-4eb2-8ed7-3a8051847eb6@group-AF49A4A4CA2A: changes role from  FOLLOWER to FOLLOWER at term 156 for recognizeCandidate:279bca68-3e74-4690-81cf-da5ab79b92f7
2019-10-23 12:36:25,611 [grpc-default-executor-4] INFO  impl.RaftServerImpl (RaftServerImpl.java:setRole(184)) - 389d5540-641f-48c2-a9df-60738dbad976@group-AF49A4A4CA2A: changes role from  FOLLOWER to FOLLOWER at term 156 for recognizeCandidate:279bca68-3e74-4690-81cf-da5ab79b92f7
2019-10-23 12:36:25,611 [grpc-default-executor-0] INFO  impl.RoleInfo (RoleInfo.java:shutdownFollowerState(121)) - daebe4f8-0ad9-4eb2-8ed7-3a8051847eb6: shutdown FollowerState
2019-10-23 12:36:25,611 [grpc-default-executor-4] INFO  impl.RoleInfo (RoleInfo.java:shutdownFollowerState(121)) - 389d5540-641f-48c2-a9df-60738dbad976: shutdown FollowerState
2019-10-23 12:36:25,612 [grpc-default-executor-0] INFO  impl.RoleInfo (RoleInfo.java:updateAndGet(143)) - daebe4f8-0ad9-4eb2-8ed7-3a8051847eb6: start FollowerState
2019-10-23 12:36:25,612 [Thread-1191] INFO  impl.FollowerState (FollowerState.java:run(117)) - 389d5540-641f-48c2-a9df-60738dbad976@group-AF49A4A4CA2A-FollowerState was interrupted: java.lang.InterruptedException: sleep interrupted
2019-10-23 12:36:25,612 [grpc-default-executor-4] INFO  impl.RoleInfo (RoleInfo.java:updateAndGet(143)) - 389d5540-641f-48c2-a9df-60738dbad976: start FollowerState
2019-10-23 12:36:25,612 [Thread-1190] INFO  impl.FollowerState (FollowerState.java:run(117)) - daebe4f8-0ad9-4eb2-8ed7-3a8051847eb6@group-AF49A4A4CA2A-FollowerState was interrupted: java.lang.InterruptedException: sleep interrupted
2019-10-23 12:36:25,625 [279bca68-3e74-4690-81cf-da5ab79b92f7@group-AF49A4A4CA2A-LeaderElection149] INFO  impl.LeaderElection (LeaderElection.java:logAndReturn(56)) - 279bca68-3e74-4690-81cf-da5ab79b92f7@group-AF49A4A4CA2A-LeaderElection149: Election TIMEOUT; received 0 response(s) [] and 0 exception(s); 279bca68-3e74-4690-81cf-da5ab79b92f7@group-AF49A4A4CA2A:t156, leader=null, voted=279bca68-3e74-4690-81cf-da5ab79b92f7, raftlog=279bca68-3e74-4690-81cf-da5ab79b92f7@group-AF49A4A4CA2A-SegmentedRaftLog:OPENED:c-1,f-1,i0, conf=-1: [daebe4f8-0ad9-4eb2-8ed7-3a8051847eb6:192.168.69.118:44860, 389d5540-641f-48c2-a9df-60738dbad976:192.168.69.118:45712, 279bca68-3e74-4690-81cf-da5ab79b92f7:192.168.69.118:45510], old=null
2019-10-23 12:36:25,676 [279bca68-3e74-4690-81cf-da5ab79b92f7@group-AF49A4A4CA2A-LeaderElection149] INFO  impl.LeaderElection (LeaderElection.java:askForVotes(178)) - 279bca68-3e74-4690-81cf-da5ab79b92f7@group-AF49A4A4CA2A-LeaderElection149: begin an election at term 157 for -1: [daebe4f8-0ad9-4eb2-8ed7-3a8051847eb6:192.168.69.118:44860, 389d5540-641f-48c2-a9df-60738dbad976:192.168.69.118:45712, 279bca68-3e74-4690-81cf-da5ab79b92f7:192.168.69.118:45510], old=null
2019-10-23 12:36:25,679 [grpc-default-executor-4] INFO  impl.RaftServerImpl (RaftServerImpl.java:setRole(184)) - daebe4f8-0ad9-4eb2-8ed7-3a8051847eb6@group-AF49A4A4CA2A: changes role from  FOLLOWER to FOLLOWER at term 157 for recognizeCandidate:279bca68-3e74-4690-81cf-da5ab79b92f7
2019-10-23 12:36:25,679 [grpc-default-executor-4] INFO  impl.RoleInfo (RoleInfo.java:shutdownFollowerState(121)) - daebe4f8-0ad9-4eb2-8ed7-3a8051847eb6: shutdown FollowerState
2019-10-23 12:36:25,680 [grpc-default-executor-4] INFO  impl.RoleInfo (RoleInfo.java:updateAndGet(143)) - daebe4f8-0ad9-4eb2-8ed7-3a8051847eb6: start FollowerState
2019-10-23 12:36:25,680 [Thread-1196] INFO  impl.FollowerState (FollowerState.java:run(117)) - daebe4f8-0ad9-4eb2-8ed7-3a8051847eb6@group-AF49A4A4CA2A-FollowerState was interrupted: java.lang.InterruptedException: sleep interrupted
2019-10-23 12:36:25,680 [grpc-default-executor-0] INFO  impl.RaftServerImpl (RaftServerImpl.java:setRole(184)) - 389d5540-641f-48c2-a9df-60738dbad976@group-AF49A4A4CA2A: changes role from  FOLLOWER to FOLLOWER at term 157 for recognizeCandidate:279bca68-3e74-4690-81cf-da5ab79b92f7
2019-10-23 12:36:25,680 [grpc-default-executor-0] INFO  impl.RoleInfo (RoleInfo.java:shutdownFollowerState(121)) - 389d5540-641f-48c2-a9df-60738dbad976: shutdown FollowerState
2019-10-23 12:36:25,680 [grpc-default-executor-0] INFO  impl.RoleInfo (RoleInfo.java:updateAndGet(143)) - 389d5540-641f-48c2-a9df-60738dbad976: start FollowerState
2019-10-23 12:36:25,681 [Thread-1197] INFO  impl.FollowerState (FollowerState.java:run(117)) - 389d5540-641f-48c2-a9df-60738dbad976@group-AF49A4A4CA2A-FollowerState was interrupted: java.lang.InterruptedException: sleep interrupted
2019-10-23 12:36:25,702 [279bca68-3e74-4690-81cf-da5ab79b92f7@group-AF49A4A4CA2A-LeaderElection149] INFO  impl.LeaderElection (LeaderElection.java:logAndReturn(56)) - 279bca68-3e74-4690-81cf-da5ab79b92f7@group-AF49A4A4CA2A-LeaderElection149: Election REJECTED; received 2 response(s) [279bca68-3e74-4690-81cf-da5ab79b92f7<-daebe4f8-0ad9-4eb2-8ed7-3a8051847eb6#0:FAIL-t157, 279bca68-3e74-4690-81cf-da5ab79b92f7<-389d5540-641f-48c2-a9df-60738dbad976#0:FAIL-t157] and 0 exception(s); 279bca68-3e74-4690-81cf-da5ab79b92f7@group-AF49A4A4CA2A:t157, leader=null, voted=279bca68-3e74-4690-81cf-da5ab79b92f7, raftlog=279bca68-3e74-4690-81cf-da5ab79b92f7@group-AF49A4A4CA2A-SegmentedRaftLog:OPENED:c-1,f-1,i0, conf=-1: [daebe4f8-0ad9-4eb2-8ed7-3a8051847eb6:192.168.69.118:44860, 389d5540-641f-48c2-a9df-60738dbad976:192.168.69.118:45712, 279bca68-3e74-4690-81cf-da5ab79b92f7:192.168.69.118:45510], old=null
2019-10-23 12:36:25,702 [279bca68-3e74-4690-81cf-da5ab79b92f7@group-AF49A4A4CA2A-LeaderElection149] INFO  impl.RaftServerImpl (RaftServerImpl.java:setRole(184)) - 279bca68-3e74-4690-81cf-da5ab79b92f7@group-AF49A4A4CA2A: changes role from CANDIDATE to FOLLOWER at term 157 for DISCOVERED_A_NEW_TERM
2019-10-23 12:36:25,702 [279bca68-3e74-4690-81cf-da5ab79b92f7@group-AF49A4A4CA2A-LeaderElection149] INFO  impl.RoleInfo (RoleInfo.java:shutdownLeaderElection(134)) - 279bca68-3e74-4690-81cf-da5ab79b92f7: shutdown LeaderElection
2019-10-23 12:36:25,702 [279bca68-3e74-4690-81cf-da5ab79b92f7@group-AF49A4A4CA2A-LeaderElection149] INFO  impl.RoleInfo (RoleInfo.java:updateAndGet(143)) - 279bca68-3e74-4690-81cf-da5ab79b92f7: start FollowerState
2019-10-23 12:36:25,821 [Thread-1202] INFO  impl.FollowerState (FollowerState.java:run(108)) - 279bca68-3e74-4690-81cf-da5ab79b92f7@group-AF49A4A4CA2A-FollowerState: change to CANDIDATE, lastRpcTime:118ms, electionTimeout:118ms
2019-10-23 12:36:25,821 [Thread-1202] INFO  impl.RoleInfo (RoleInfo.java:shutdownFollowerState(121)) - 279bca68-3e74-4690-81cf-da5ab79b92f7: shutdown FollowerState
2019-10-23 12:36:25,821 [Thread-1202] INFO  impl.RaftServerImpl (RaftServerImpl.java:setRole(184)) - 279bca68-3e74-4690-81cf-da5ab79b92f7@group-AF49A4A4CA2A: changes role from  FOLLOWER to CANDIDATE at term 157 for changeToCandidate
2019-10-23 12:36:25,822 [Thread-1202] INFO  impl.RoleInfo (RoleInfo.java:updateAndGet(143)) - 279bca68-3e74-4690-81cf-da5ab79b92f7: start LeaderElection
2019-10-23 12:36:25,833 [279bca68-3e74-4690-81cf-da5ab79b92f7@group-AF49A4A4CA2A-LeaderElection150] INFO  impl.LeaderElection (LeaderElection.java:askForVotes(178)) - 279bca68-3e74-4690-81cf-da5ab79b92f7@group-AF49A4A4CA2A-LeaderElection150: begin an election at term 158 for -1: [daebe4f8-0ad9-4eb2-8ed7-3a8051847eb6:192.168.69.118:44860, 389d5540-641f-48c2-a9df-60738dbad976:192.168.69.118:45712, 279bca68-3e74-4690-81cf-da5ab79b92f7:192.168.69.118:45510], old=null
2019-10-23 12:36:25,835 [grpc-default-executor-0] INFO  impl.RaftServerImpl (RaftServerImpl.java:setRole(184)) - daebe4f8-0ad9-4eb2-8ed7-3a8051847eb6@group-AF49A4A4CA2A: changes role from  FOLLOWER to FOLLOWER at term 158 for recognizeCandidate:279bca68-3e74-4690-81cf-da5ab79b92f7
2019-10-23 12:36:25,836 [grpc-default-executor-0] INFO  impl.RoleInfo (RoleInfo.java:shutdownFollowerState(121)) - daebe4f8-0ad9-4eb2-8ed7-3a8051847eb6: shutdown FollowerState
2019-10-23 12:36:25,836 [grpc-default-executor-4] INFO  impl.RaftServerImpl (RaftServerImpl.java:setRole(184)) - 389d5540-641f-48c2-a9df-60738dbad976@group-AF49A4A4CA2A: changes role from  FOLLOWER to FOLLOWER at term 158 for recognizeCandidate:279bca68-3e74-4690-81cf-da5ab79b92f7
2019-10-23 12:36:25,836 [grpc-default-executor-4] INFO  impl.RoleInfo (RoleInfo.java:shutdownFollowerState(121)) - 389d5540-641f-48c2-a9df-60738dbad976: shutdown FollowerState
2019-10-23 12:36:25,836 [Thread-1200] INFO  impl.FollowerState (FollowerState.java:run(117)) - daebe4f8-0ad9-4eb2-8ed7-3a8051847eb6@group-AF49A4A4CA2A-FollowerState was interrupted: java.lang.InterruptedException: sleep interrupted
2019-10-23 12:36:25,836 [grpc-default-executor-0] INFO  impl.RoleInfo (RoleInfo.java:updateAndGet(143)) - daebe4f8-0ad9-4eb2-8ed7-3a8051847eb6: start FollowerState
2019-10-23 12:36:25,836 [Thread-1201] INFO  impl.FollowerState (FollowerState.java:run(117)) - 389d5540-641f-48c2-a9df-60738dbad976@group-AF49A4A4CA2A-FollowerState was interrupted: java.lang.InterruptedException: sleep interrupted
2019-10-23 12:36:25,836 [grpc-default-executor-4] INFO  impl.RoleInfo (RoleInfo.java:updateAndGet(143)) - 389d5540-641f-48c2-a9df-60738dbad976: start FollowerState
2019-10-23 12:36:25,846 [279bca68-3e74-4690-81cf-da5ab79b92f7@group-AF49A4A4CA2A-LeaderElection150] INFO  impl.LeaderElection (LeaderElection.java:logAndReturn(56)) - 279bca68-3e74-4690-81cf-da5ab79b92f7@group-AF49A4A4CA2A-LeaderElection150: Election REJECTED; received 2 response(s) [279bca68-3e74-4690-81cf-da5ab79b92f7<-daebe4f8-0ad9-4eb2-8ed7-3a8051847eb6#0:FAIL-t158, 279bca68-3e74-4690-81cf-da5ab79b92f7<-389d5540-641f-48c2-a9df-60738dbad976#0:FAIL-t158] and 0 exception(s); 279bca68-3e74-4690-81cf-da5ab79b92f7@group-AF49A4A4CA2A:t158, leader=null, voted=279bca68-3e74-4690-81cf-da5ab79b92f7, raftlog=279bca68-3e74-4690-81cf-da5ab79b92f7@group-AF49A4A4CA2A-SegmentedRaftLog:OPENED:c-1,f-1,i0, conf=-1: [daebe4f8-0ad9-4eb2-8ed7-3a8051847eb6:192.168.69.118:44860, 389d5540-641f-48c2-a9df-60738dbad976:192.168.69.118:45712, 279bca68-3e74-4690-81cf-da5ab79b92f7:192.168.69.118:45510], old=null
2019-10-23 12:36:25,846 [279bca68-3e74-4690-81cf-da5ab79b92f7@group-AF49A4A4CA2A-LeaderElection150] INFO  impl.RaftServerImpl (RaftServerImpl.java:setRole(184)) - 279bca68-3e74-4690-81cf-da5ab79b92f7@group-AF49A4A4CA2A: changes role from CANDIDATE to FOLLOWER at term 158 for DISCOVERED_A_NEW_TERM
2019-10-23 12:36:25,846 [279bca68-3e74-4690-81cf-da5ab79b92f7@group-AF49A4A4CA2A-LeaderElection150] INFO  impl.RoleInfo (RoleInfo.java:shutdownLeaderElection(134)) - 279bca68-3e74-4690-81cf-da5ab79b92f7: shutdown LeaderElection
2019-10-23 12:36:25,847 [279bca68-3e74-4690-81cf-da5ab79b92f7@group-AF49A4A4CA2A-LeaderElection150] INFO  impl.RoleInfo (RoleInfo.java:updateAndGet(143)) - 279bca68-3e74-4690-81cf-da5ab79b92f7: start FollowerState
2019-10-23 12:36:25,934 [Thread-1208] INFO  impl.FollowerState (FollowerState.java:run(108)) - 279bca68-3e74-4690-81cf-da5ab79b92f7@group-AF49A4A4CA2A-FollowerState: change to CANDIDATE, lastRpcTime:87ms, electionTimeout:87ms
2019-10-23 12:36:25,934 [Thread-1208] INFO  impl.RoleInfo (RoleInfo.java:shutdownFollowerState(121)) - 279bca68-3e74-4690-81cf-da5ab79b92f7: shutdown FollowerState
2019-10-23 12:36:25,934 [Thread-1208] INFO  impl.RaftServerImpl (RaftServerImpl.java:setRole(184)) - 279bca68-3e74-4690-81cf-da5ab79b92f7@group-AF49A4A4CA2A: changes role from  FOLLOWER to CANDIDATE at term 158 for changeToCandidate
2019-10-23 12:36:25,935 [Thread-1208] INFO  impl.RoleInfo (RoleInfo.java:updateAndGet(143)) - 279bca68-3e74-4690-81cf-da5ab79b92f7: start LeaderElection
2019-10-23 12:36:25,960 [279bca68-3e74-4690-81cf-da5ab79b92f7@group-AF49A4A4CA2A-LeaderElection151] INFO  impl.LeaderElection (LeaderElection.java:askForVotes(178)) - 279bca68-3e74-4690-81cf-da5ab79b92f7@group-AF49A4A4CA2A-LeaderElection151: begin an election at term 159 for -1: [daebe4f8-0ad9-4eb2-8ed7-3a8051847eb6:192.168.69.118:44860, 389d5540-641f-48c2-a9df-60738dbad976:192.168.69.118:45712, 279bca68-3e74-4690-81cf-da5ab79b92f7:192.168.69.118:45510], old=null
2019-10-23 12:36:25,976 [grpc-default-executor-4] INFO  impl.RaftServerImpl (RaftServerImpl.java:setRole(184)) - daebe4f8-0ad9-4eb2-8ed7-3a8051847eb6@group-AF49A4A4CA2A: changes role from  FOLLOWER to FOLLOWER at term 159 for recognizeCandidate:279bca68-3e74-4690-81cf-da5ab79b92f7
2019-10-23 12:36:25,976 [grpc-default-executor-4] INFO  impl.RoleInfo (RoleInfo.java:shutdownFollowerState(121)) - daebe4f8-0ad9-4eb2-8ed7-3a8051847eb6: shutdown FollowerState
2019-10-23 12:36:25,976 [grpc-default-executor-0] INFO  impl.RaftServerImpl (RaftServerImpl.java:setRole(184)) - 389d5540-641f-48c2-a9df-60738dbad976@group-AF49A4A4CA2A: changes role from  FOLLOWER to FOLLOWER at term 159 for recognizeCandidate:279bca68-3e74-4690-81cf-da5ab79b92f7
2019-10-23 12:36:25,976 [grpc-default-executor-4] INFO  impl.RoleInfo (RoleInfo.java:updateAndGet(143)) - daebe4f8-0ad9-4eb2-8ed7-3a8051847eb6: start FollowerState
2019-10-23 12:36:25,977 [Thread-1206] INFO  impl.FollowerState (FollowerState.java:run(117)) - daebe4f8-0ad9-4eb2-8ed7-3a8051847eb6@group-AF49A4A4CA2A-FollowerState was interrupted: java.lang.InterruptedException: sleep interrupted
2019-10-23 12:36:25,977 [grpc-default-executor-0] INFO  impl.RoleInfo (RoleInfo.java:shutdownFollowerState(121)) - 389d5540-641f-48c2-a9df-60738dbad976: shutdown FollowerState
2019-10-23 12:36:25,977 [grpc-default-executor-0] INFO  impl.RoleInfo (RoleInfo.java:updateAndGet(143)) - 389d5540-641f-48c2-a9df-60738dbad976: start FollowerState
2019-10-23 12:36:25,977 [Thread-1207] INFO  impl.FollowerState (FollowerState.java:run(117)) - 389d5540-641f-48c2-a9df-60738dbad976@group-AF49A4A4CA2A-FollowerState was interrupted: java.lang.InterruptedException: sleep interrupted
2019-10-23 12:36:25,992 [279bca68-3e74-4690-81cf-da5ab79b92f7@group-AF49A4A4CA2A-LeaderElection151] INFO  impl.LeaderElection (LeaderElection.java:logAndReturn(56)) - 279bca68-3e74-4690-81cf-da5ab79b92f7@group-AF49A4A4CA2A-LeaderElection151: Election REJECTED; received 2 response(s) [279bca68-3e74-4690-81cf-da5ab79b92f7<-daebe4f8-0ad9-4eb2-8ed7-3a8051847eb6#0:FAIL-t159, 279bca68-3e74-4690-81cf-da5ab79b92f7<-389d5540-641f-48c2-a9df-60738dbad976#0:FAIL-t159] and 0 exception(s); 279bca68-3e74-4690-81cf-da5ab79b92f7@group-AF49A4A4CA2A:t159, leader=null, voted=279bca68-3e74-4690-81cf-da5ab79b92f7, raftlog=279bca68-3e74-4690-81cf-da5ab79b92f7@group-AF49A4A4CA2A-SegmentedRaftLog:OPENED:c-1,f-1,i0, conf=-1: [daebe4f8-0ad9-4eb2-8ed7-3a8051847eb6:192.168.69.118:44860, 389d5540-641f-48c2-a9df-60738dbad976:192.168.69.118:45712, 279bca68-3e74-4690-81cf-da5ab79b92f7:192.168.69.118:45510], old=null
2019-10-23 12:36:25,992 [279bca68-3e74-4690-81cf-da5ab79b92f7@group-AF49A4A4CA2A-LeaderElection151] INFO  impl.RaftServerImpl (RaftServerImpl.java:setRole(184)) - 279bca68-3e74-4690-81cf-da5ab79b92f7@group-AF49A4A4CA2A: changes role from CANDIDATE to FOLLOWER at term 159 for DISCOVERED_A_NEW_TERM
2019-10-23 12:36:25,993 [279bca68-3e74-4690-81cf-da5ab79b92f7@group-AF49A4A4CA2A-LeaderElection151] INFO  impl.RoleInfo (RoleInfo.java:shutdownLeaderElection(134)) - 279bca68-3e74-4690-81cf-da5ab79b92f7: shutdown LeaderElection
2019-10-23 12:36:25,993 [279bca68-3e74-4690-81cf-da5ab79b92f7@group-AF49A4A4CA2A-LeaderElection151] INFO  impl.RoleInfo (RoleInfo.java:updateAndGet(143)) - 279bca68-3e74-4690-81cf-da5ab79b92f7: start FollowerState
2019-10-23 12:36:26,010 [Thread-1216] INFO  impl.FollowerState (FollowerState.java:run(108)) - 279bca68-3e74-4690-81cf-da5ab79b92f7@group-AF49A4A4CA2A-FollowerState: change to CANDIDATE, lastRpcTime:17ms, electionTimeout:17ms
2019-10-23 12:36:26,010 [Thread-1216] INFO  impl.RoleInfo (RoleInfo.java:shutdownFollowerState(121)) - 279bca68-3e74-4690-81cf-da5ab79b92f7: shutdown FollowerState
2019-10-23 12:36:26,011 [Thread-1216] INFO  impl.RaftServerImpl (RaftServerImpl.java:setRole(184)) - 279bca68-3e74-4690-81cf-da5ab79b92f7@group-AF49A4A4CA2A: changes role from  FOLLOWER to CANDIDATE at term 159 for changeToCandidate
2019-10-23 12:36:26,011 [Thread-1216] INFO  impl.RoleInfo (RoleInfo.java:updateAndGet(143)) - 279bca68-3e74-4690-81cf-da5ab79b92f7: start LeaderElection
2019-10-23 12:36:26,037 [279bca68-3e74-4690-81cf-da5ab79b92f7@group-AF49A4A4CA2A-LeaderElection152] INFO  impl.LeaderElection (LeaderElection.java:askForVotes(178)) - 279bca68-3e74-4690-81cf-da5ab79b92f7@group-AF49A4A4CA2A-LeaderElection152: begin an election at term 160 for -1: [daebe4f8-0ad9-4eb2-8ed7-3a8051847eb6:192.168.69.118:44860, 389d5540-641f-48c2-a9df-60738dbad976:192.168.69.118:45712, 279bca68-3e74-4690-81cf-da5ab79b92f7:192.168.69.118:45510], old=null
2019-10-23 12:36:26,039 [grpc-default-executor-4] INFO  impl.RaftServerImpl (RaftServerImpl.java:setRole(184)) - daebe4f8-0ad9-4eb2-8ed7-3a8051847eb6@group-AF49A4A4CA2A: changes role from  FOLLOWER to FOLLOWER at term 160 for recognizeCandidate:279bca68-3e74-4690-81cf-da5ab79b92f7
2019-10-23 12:36:26,039 [grpc-default-executor-4] INFO  impl.RoleInfo (RoleInfo.java:shutdownFollowerState(121)) - daebe4f8-0ad9-4eb2-8ed7-3a8051847eb6: shutdown FollowerState
2019-10-23 12:36:26,039 [grpc-default-executor-0] INFO  impl.RaftServerImpl (RaftServerImpl.java:setRole(184)) - 389d5540-641f-48c2-a9df-60738dbad976@group-AF49A4A4CA2A: changes role from  FOLLOWER to FOLLOWER at term 160 for recognizeCandidate:279bca68-3e74-4690-81cf-da5ab79b92f7
2019-10-23 12:36:26,040 [Thread-1214] INFO  impl.FollowerState (FollowerState.java:run(117)) - daebe4f8-0ad9-4eb2-8ed7-3a8051847eb6@group-AF49A4A4CA2A-FollowerState was interrupted: java.lang.InterruptedException: sleep interrupted
2019-10-23 12:36:26,039 [grpc-default-executor-4] INFO  impl.RoleInfo (RoleInfo.java:updateAndGet(143)) - daebe4f8-0ad9-4eb2-8ed7-3a8051847eb6: start FollowerState
2019-10-23 12:36:26,040 [grpc-default-executor-0] INFO  impl.RoleInfo (RoleInfo.java:shutdownFollowerState(121)) - 389d5540-641f-48c2-a9df-60738dbad976: shutdown FollowerState
2019-10-23 12:36:26,040 [grpc-default-executor-0] INFO  impl.RoleInfo (RoleInfo.java:updateAndGet(143)) - 389d5540-641f-48c2-a9df-60738dbad976: start FollowerState
2019-10-23 12:36:26,040 [Thread-1215] INFO  impl.FollowerState (FollowerState.java:run(117)) - 389d5540-641f-48c2-a9df-60738dbad976@group-AF49A4A4CA2A-FollowerState was interrupted: java.lang.InterruptedException: sleep interrupted
2019-10-23 12:36:26,055 [279bca68-3e74-4690-81cf-da5ab79b92f7@group-AF49A4A4CA2A-LeaderElection152] INFO  impl.LeaderElection (LeaderElection.java:logAndReturn(56)) - 279bca68-3e74-4690-81cf-da5ab79b92f7@group-AF49A4A4CA2A-LeaderElection152: Election REJECTED; received 2 response(s) [279bca68-3e74-4690-81cf-da5ab79b92f7<-daebe4f8-0ad9-4eb2-8ed7-3a8051847eb6#0:FAIL-t160, 279bca68-3e74-4690-81cf-da5ab79b92f7<-389d5540-641f-48c2-a9df-60738dbad976#0:FAIL-t160] and 0 exception(s); 279bca68-3e74-4690-81cf-da5ab79b92f7@group-AF49A4A4CA2A:t160, leader=null, voted=279bca68-3e74-4690-81cf-da5ab79b92f7, raftlog=279bca68-3e74-4690-81cf-da5ab79b92f7@group-AF49A4A4CA2A-SegmentedRaftLog:OPENED:c-1,f-1,i0, conf=-1: [daebe4f8-0ad9-4eb2-8ed7-3a8051847eb6:192.168.69.118:44860, 389d5540-641f-48c2-a9df-60738dbad976:192.168.69.118:45712, 279bca68-3e74-4690-81cf-da5ab79b92f7:192.168.69.118:45510], old=null
2019-10-23 12:36:26,055 [279bca68-3e74-4690-81cf-da5ab79b92f7@group-AF49A4A4CA2A-LeaderElection152] INFO  impl.RaftServerImpl (RaftServerImpl.java:setRole(184)) - 279bca68-3e74-4690-81cf-da5ab79b92f7@group-AF49A4A4CA2A: changes role from CANDIDATE to FOLLOWER at term 160 for DISCOVERED_A_NEW_TERM
2019-10-23 12:36:26,055 [279bca68-3e74-4690-81cf-da5ab79b92f7@group-AF49A4A4CA2A-LeaderElection152] INFO  impl.RoleInfo (RoleInfo.java:shutdownLeaderElection(134)) - 279bca68-3e74-4690-81cf-da5ab79b92f7: shutdown LeaderElection
2019-10-23 12:36:26,055 [279bca68-3e74-4690-81cf-da5ab79b92f7@group-AF49A4A4CA2A-LeaderElection152] INFO  impl.RoleInfo (RoleInfo.java:updateAndGet(143)) - 279bca68-3e74-4690-81cf-da5ab79b92f7: start FollowerState
2019-10-23 12:36:26,071 [Thread-1222] INFO  impl.FollowerState (FollowerState.java:run(108)) - 279bca68-3e74-4690-81cf-da5ab79b92f7@group-AF49A4A4CA2A-FollowerState: change to CANDIDATE, lastRpcTime:16ms, electionTimeout:16ms
2019-10-23 12:36:26,071 [Thread-1222] INFO  impl.RoleInfo (RoleInfo.java:shutdownFollowerState(121)) - 279bca68-3e74-4690-81cf-da5ab79b92f7: shutdown FollowerState
2019-10-23 12:36:26,071 [Thread-1222] INFO  impl.RaftServerImpl (RaftServerImpl.java:setRole(184)) - 279bca68-3e74-4690-81cf-da5ab79b92f7@group-AF49A4A4CA2A: changes role from  FOLLOWER to CANDIDATE at term 160 for changeToCandidate
2019-10-23 12:36:26,072 [Thread-1222] INFO  impl.RoleInfo (RoleInfo.java:updateAndGet(143)) - 279bca68-3e74-4690-81cf-da5ab79b92f7: start LeaderElection
2019-10-23 12:36:26,084 [279bca68-3e74-4690-81cf-da5ab79b92f7@group-AF49A4A4CA2A-LeaderElection153] INFO  impl.LeaderElection (LeaderElection.java:askForVotes(178)) - 279bca68-3e74-4690-81cf-da5ab79b92f7@group-AF49A4A4CA2A-LeaderElection153: begin an election at term 161 for -1: [daebe4f8-0ad9-4eb2-8ed7-3a8051847eb6:192.168.69.118:44860, 389d5540-641f-48c2-a9df-60738dbad976:192.168.69.118:45712, 279bca68-3e74-4690-81cf-da5ab79b92f7:192.168.69.118:45510], old=null
2019-10-23 12:36:26,087 [grpc-default-executor-0] INFO  impl.RaftServerImpl (RaftServerImpl.java:setRole(184)) - daebe4f8-0ad9-4eb2-8ed7-3a8051847eb6@group-AF49A4A4CA2A: changes role from  FOLLOWER to FOLLOWER at term 161 for recognizeCandidate:279bca68-3e74-4690-81cf-da5ab79b92f7
2019-10-23 12:36:26,087 [grpc-default-executor-0] INFO  impl.RoleInfo (RoleInfo.java:shutdownFollowerState(121)) - daebe4f8-0ad9-4eb2-8ed7-3a8051847eb6: shutdown FollowerState
2019-10-23 12:36:26,087 [grpc-default-executor-4] INFO  impl.RaftServerImpl (RaftServerImpl.java:setRole(184)) - 389d5540-641f-48c2-a9df-60738dbad976@group-AF49A4A4CA2A: changes role from  FOLLOWER to FOLLOWER at term 161 for recognizeCandidate:279bca68-3e74-4690-81cf-da5ab79b92f7
2019-10-23 12:36:26,087 [Thread-1220] INFO  impl.FollowerState (FollowerState.java:run(117)) - daebe4f8-0ad9-4eb2-8ed7-3a8051847eb6@group-AF49A4A4CA2A-FollowerState was interrupted: java.lang.InterruptedException: sleep interrupted
2019-10-23 12:36:26,087 [grpc-default-executor-0] INFO  impl.RoleInfo (RoleInfo.java:updateAndGet(143)) - daebe4f8-0ad9-4eb2-8ed7-3a8051847eb6: start FollowerState
2019-10-23 12:36:26,087 [grpc-default-executor-4] INFO  impl.RoleInfo (RoleInfo.java:shutdownFollowerState(121)) - 389d5540-641f-48c2-a9df-60738dbad976: shutdown FollowerState
2019-10-23 12:36:26,088 [grpc-default-executor-4] INFO  impl.RoleInfo (RoleInfo.java:updateAndGet(143)) - 389d5540-641f-48c2-a9df-60738dbad976: start FollowerState
2019-10-23 12:36:26,088 [Thread-1221] INFO  impl.FollowerState (FollowerState.java:run(117)) - 389d5540-641f-48c2-a9df-60738dbad976@group-AF49A4A4CA2A-FollowerState was interrupted: java.lang.InterruptedException: sleep interrupted
2019-10-23 12:36:26,101 [279bca68-3e74-4690-81cf-da5ab79b92f7@group-AF49A4A4CA2A-LeaderElection153] INFO  impl.LeaderElection (LeaderElection.java:logAndReturn(56)) - 279bca68-3e74-4690-81cf-da5ab79b92f7@group-AF49A4A4CA2A-LeaderElection153: Election REJECTED; received 2 response(s) [279bca68-3e74-4690-81cf-da5ab79b92f7<-daebe4f8-0ad9-4eb2-8ed7-3a8051847eb6#0:FAIL-t161, 279bca68-3e74-4690-81cf-da5ab79b92f7<-389d5540-641f-48c2-a9df-60738dbad976#0:FAIL-t161] and 0 exception(s); 279bca68-3e74-4690-81cf-da5ab79b92f7@group-AF49A4A4CA2A:t161, leader=null, voted=279bca68-3e74-4690-81cf-da5ab79b92f7, raftlog=279bca68-3e74-4690-81cf-da5ab79b92f7@group-AF49A4A4CA2A-SegmentedRaftLog:OPENED:c-1,f-1,i0, conf=-1: [daebe4f8-0ad9-4eb2-8ed7-3a8051847eb6:192.168.69.118:44860, 389d5540-641f-48c2-a9df-60738dbad976:192.168.69.118:45712, 279bca68-3e74-4690-81cf-da5ab79b92f7:192.168.69.118:45510], old=null
2019-10-23 12:36:26,101 [279bca68-3e74-4690-81cf-da5ab79b92f7@group-AF49A4A4CA2A-LeaderElection153] INFO  impl.RaftServerImpl (RaftServerImpl.java:setRole(184)) - 279bca68-3e74-4690-81cf-da5ab79b92f7@group-AF49A4A4CA2A: changes role from CANDIDATE to FOLLOWER at term 161 for DISCOVERED_A_NEW_TERM
2019-10-23 12:36:26,101 [279bca68-3e74-4690-81cf-da5ab79b92f7@group-AF49A4A4CA2A-LeaderElection153] INFO  impl.RoleInfo (RoleInfo.java:shutdownLeaderElection(134)) - 279bca68-3e74-4690-81cf-da5ab79b92f7: shutdown LeaderElection
2019-10-23 12:36:26,101 [279bca68-3e74-4690-81cf-da5ab79b92f7@group-AF49A4A4CA2A-LeaderElection153] INFO  impl.RoleInfo (RoleInfo.java:updateAndGet(143)) - 279bca68-3e74-4690-81cf-da5ab79b92f7: start FollowerState
2019-10-23 12:36:26,221 [Thread-1228] INFO  impl.FollowerState (FollowerState.java:run(108)) - 279bca68-3e74-4690-81cf-da5ab79b92f7@group-AF49A4A4CA2A-FollowerState: change to CANDIDATE, lastRpcTime:119ms, electionTimeout:119ms
2019-10-23 12:36:26,221 [Thread-1228] INFO  impl.RoleInfo (RoleInfo.java:shutdownFollowerState(121)) - 279bca68-3e74-4690-81cf-da5ab79b92f7: shutdown FollowerState
2019-10-23 12:36:26,221 [Thread-1228] INFO  impl.RaftServerImpl (RaftServerImpl.java:setRole(184)) - 279bca68-3e74-4690-81cf-da5ab79b92f7@group-AF49A4A4CA2A: changes role from  FOLLOWER to CANDIDATE at term 161 for changeToCandidate
2019-10-23 12:36:26,221 [Thread-1228] INFO  impl.RoleInfo (RoleInfo.java:updateAndGet(143)) - 279bca68-3e74-4690-81cf-da5ab79b92f7: start LeaderElection
2019-10-23 12:36:26,247 [279bca68-3e74-4690-81cf-da5ab79b92f7@group-AF49A4A4CA2A-LeaderElection154] INFO  impl.LeaderElection (LeaderElection.java:askForVotes(178)) - 279bca68-3e74-4690-81cf-da5ab79b92f7@group-AF49A4A4CA2A-LeaderElection154: begin an election at term 162 for -1: [daebe4f8-0ad9-4eb2-8ed7-3a8051847eb6:192.168.69.118:44860, 389d5540-641f-48c2-a9df-60738dbad976:192.168.69.118:45712, 279bca68-3e74-4690-81cf-da5ab79b92f7:192.168.69.118:45510], old=null
2019-10-23 12:36:26,250 [grpc-default-executor-4] INFO  impl.RaftServerImpl (RaftServerImpl.java:setRole(184)) - 389d5540-641f-48c2-a9df-60738dbad976@group-AF49A4A4CA2A: changes role from  FOLLOWER to FOLLOWER at term 162 for recognizeCandidate:279bca68-3e74-4690-81cf-da5ab79b92f7
2019-10-23 12:36:26,250 [grpc-default-executor-0] INFO  impl.RaftServerImpl (RaftServerImpl.java:setRole(184)) - daebe4f8-0ad9-4eb2-8ed7-3a8051847eb6@group-AF49A4A4CA2A: changes role from  FOLLOWER to FOLLOWER at term 162 for recognizeCandidate:279bca68-3e74-4690-81cf-da5ab79b92f7
2019-10-23 12:36:26,251 [grpc-default-executor-0] INFO  impl.RoleInfo (RoleInfo.java:shutdownFollowerState(121)) - daebe4f8-0ad9-4eb2-8ed7-3a8051847eb6: shutdown FollowerState
2019-10-23 12:36:26,250 [grpc-default-executor-4] INFO  impl.RoleInfo (RoleInfo.java:shutdownFollowerState(121)) - 389d5540-641f-48c2-a9df-60738dbad976: shutdown FollowerState
2019-10-23 12:36:26,251 [Thread-1226] INFO  impl.FollowerState (FollowerState.java:run(117)) - daebe4f8-0ad9-4eb2-8ed7-3a8051847eb6@group-AF49A4A4CA2A-FollowerState was interrupted: java.lang.InterruptedException: sleep interrupted
2019-10-23 12:36:26,251 [grpc-default-executor-0] INFO  impl.RoleInfo (RoleInfo.java:updateAndGet(143)) - daebe4f8-0ad9-4eb2-8ed7-3a8051847eb6: start FollowerState
2019-10-23 12:36:26,251 [Thread-1227] INFO  impl.FollowerState (FollowerState.java:run(117)) - 389d5540-641f-48c2-a9df-60738dbad976@group-AF49A4A4CA2A-FollowerState was interrupted: java.lang.InterruptedException: sleep interrupted
2019-10-23 12:36:26,251 [grpc-default-executor-4] INFO  impl.RoleInfo (RoleInfo.java:updateAndGet(143)) - 389d5540-641f-48c2-a9df-60738dbad976: start FollowerState
2019-10-23 12:36:26,267 [279bca68-3e74-4690-81cf-da5ab79b92f7@group-AF49A4A4CA2A-LeaderElection154] INFO  impl.LeaderElection (LeaderElection.java:logAndReturn(56)) - 279bca68-3e74-4690-81cf-da5ab79b92f7@group-AF49A4A4CA2A-LeaderElection154: Election REJECTED; received 2 response(s) [279bca68-3e74-4690-81cf-da5ab79b92f7<-daebe4f8-0ad9-4eb2-8ed7-3a8051847eb6#0:FAIL-t162, 279bca68-3e74-4690-81cf-da5ab79b92f7<-389d5540-641f-48c2-a9df-60738dbad976#0:FAIL-t162] and 0 exception(s); 279bca68-3e74-4690-81cf-da5ab79b92f7@group-AF49A4A4CA2A:t162, leader=null, voted=279bca68-3e74-4690-81cf-da5ab79b92f7, raftlog=279bca68-3e74-4690-81cf-da5ab79b92f7@group-AF49A4A4CA2A-SegmentedRaftLog:OPENED:c-1,f-1,i0, conf=-1: [daebe4f8-0ad9-4eb2-8ed7-3a8051847eb6:192.168.69.118:44860, 389d5540-641f-48c2-a9df-60738dbad976:192.168.69.118:45712, 279bca68-3e74-4690-81cf-da5ab79b92f7:192.168.69.118:45510], old=null
2019-10-23 12:36:26,267 [279bca68-3e74-4690-81cf-da5ab79b92f7@group-AF49A4A4CA2A-LeaderElection154] INFO  impl.RaftServerImpl (RaftServerImpl.java:setRole(184)) - 279bca68-3e74-4690-81cf-da5ab79b92f7@group-AF49A4A4CA2A: changes role from CANDIDATE to FOLLOWER at term 162 for DISCOVERED_A_NEW_TERM
2019-10-23 12:36:26,267 [279bca68-3e74-4690-81cf-da5ab79b92f7@group-AF49A4A4CA2A-LeaderElection154] INFO  impl.RoleInfo (RoleInfo.java:shutdownLeaderElection(134)) - 279bca68-3e74-4690-81cf-da5ab79b92f7: shutdown LeaderElection
2019-10-23 12:36:26,267 [279bca68-3e74-4690-81cf-da5ab79b92f7@group-AF49A4A4CA2A-LeaderElection154] INFO  impl.RoleInfo (RoleInfo.java:updateAndGet(143)) - 279bca68-3e74-4690-81cf-da5ab79b92f7: start FollowerState
2019-10-23 12:36:26,456 [Thread-1234] INFO  impl.FollowerState (FollowerState.java:run(108)) - 279bca68-3e74-4690-81cf-da5ab79b92f7@group-AF49A4A4CA2A-FollowerState: change to CANDIDATE, lastRpcTime:189ms, electionTimeout:189ms
2019-10-23 12:36:26,457 [Thread-1234] INFO  impl.RoleInfo (RoleInfo.java:shutdownFollowerState(121)) - 279bca68-3e74-4690-81cf-da5ab79b92f7: shutdown FollowerState
2019-10-23 12:36:26,457 [Thread-1234] INFO  impl.RaftServerImpl (RaftServerImpl.java:setRole(184)) - 279bca68-3e74-4690-81cf-da5ab79b92f7@group-AF49A4A4CA2A: changes role from  FOLLOWER to CANDIDATE at term 162 for changeToCandidate
2019-10-23 12:36:26,457 [Thread-1234] INFO  impl.RoleInfo (RoleInfo.java:updateAndGet(143)) - 279bca68-3e74-4690-81cf-da5ab79b92f7: start LeaderElection
2019-10-23 12:36:26,470 [279bca68-3e74-4690-81cf-da5ab79b92f7@group-AF49A4A4CA2A-LeaderElection155] INFO  impl.LeaderElection (LeaderElection.java:askForVotes(178)) - 279bca68-3e74-4690-81cf-da5ab79b92f7@group-AF49A4A4CA2A-LeaderElection155: begin an election at term 163 for -1: [daebe4f8-0ad9-4eb2-8ed7-3a8051847eb6:192.168.69.118:44860, 389d5540-641f-48c2-a9df-60738dbad976:192.168.69.118:45712, 279bca68-3e74-4690-81cf-da5ab79b92f7:192.168.69.118:45510], old=null
2019-10-23 12:36:26,473 [grpc-default-executor-0] INFO  impl.RaftServerImpl (RaftServerImpl.java:setRole(184)) - daebe4f8-0ad9-4eb2-8ed7-3a8051847eb6@group-AF49A4A4CA2A: changes role from  FOLLOWER to FOLLOWER at term 163 for recognizeCandidate:279bca68-3e74-4690-81cf-da5ab79b92f7
2019-10-23 12:36:26,473 [grpc-default-executor-0] INFO  impl.RoleInfo (RoleInfo.java:shutdownFollowerState(121)) - daebe4f8-0ad9-4eb2-8ed7-3a8051847eb6: shutdown FollowerState
2019-10-23 12:36:26,473 [grpc-default-executor-0] INFO  impl.RoleInfo (RoleInfo.java:updateAndGet(143)) - daebe4f8-0ad9-4eb2-8ed7-3a8051847eb6: start FollowerState
2019-10-23 12:36:26,473 [grpc-default-executor-4] INFO  impl.RaftServerImpl (RaftServerImpl.java:setRole(184)) - 389d5540-641f-48c2-a9df-60738dbad976@group-AF49A4A4CA2A: changes role from  FOLLOWER to FOLLOWER at term 163 for recognizeCandidate:279bca68-3e74-4690-81cf-da5ab79b92f7
2019-10-23 12:36:26,473 [Thread-1232] INFO  impl.FollowerState (FollowerState.java:run(117)) - daebe4f8-0ad9-4eb2-8ed7-3a8051847eb6@group-AF49A4A4CA2A-FollowerState was interrupted: java.lang.InterruptedException: sleep interrupted
2019-10-23 12:36:26,474 [grpc-default-executor-4] INFO  impl.RoleInfo (RoleInfo.java:shutdownFollowerState(121)) - 389d5540-641f-48c2-a9df-60738dbad976: shutdown FollowerState
2019-10-23 12:36:26,474 [grpc-default-executor-4] INFO  impl.RoleInfo (RoleInfo.java:updateAndGet(143)) - 389d5540-641f-48c2-a9df-60738dbad976: start FollowerState
2019-10-23 12:36:26,474 [Thread-1233] INFO  impl.FollowerState (FollowerState.java:run(117)) - 389d5540-641f-48c2-a9df-60738dbad976@group-AF49A4A4CA2A-FollowerState was interrupted: java.lang.InterruptedException: sleep interrupted
2019-10-23 12:36:26,488 [279bca68-3e74-4690-81cf-da5ab79b92f7@group-AF49A4A4CA2A-LeaderElection155] INFO  impl.LeaderElection (LeaderElection.java:logAndReturn(56)) - 279bca68-3e74-4690-81cf-da5ab79b92f7@group-AF49A4A4CA2A-LeaderElection155: Election REJECTED; received 2 response(s) [279bca68-3e74-4690-81cf-da5ab79b92f7<-daebe4f8-0ad9-4eb2-8ed7-3a8051847eb6#0:FAIL-t163, 279bca68-3e74-4690-81cf-da5ab79b92f7<-389d5540-641f-48c2-a9df-60738dbad976#0:FAIL-t163] and 0 exception(s); 279bca68-3e74-4690-81cf-da5ab79b92f7@group-AF49A4A4CA2A:t163, leader=null, voted=279bca68-3e74-4690-81cf-da5ab79b92f7, raftlog=279bca68-3e74-4690-81cf-da5ab79b92f7@group-AF49A4A4CA2A-SegmentedRaftLog:OPENED:c-1,f-1,i0, conf=-1: [daebe4f8-0ad9-4eb2-8ed7-3a8051847eb6:192.168.69.118:44860, 389d5540-641f-48c2-a9df-60738dbad976:192.168.69.118:45712, 279bca68-3e74-4690-81cf-da5ab79b92f7:192.168.69.118:45510], old=null
2019-10-23 12:36:26,488 [279bca68-3e74-4690-81cf-da5ab79b92f7@group-AF49A4A4CA2A-LeaderElection155] INFO  impl.RaftServerImpl (RaftServerImpl.java:setRole(184)) - 279bca68-3e74-4690-81cf-da5ab79b92f7@group-AF49A4A4CA2A: changes role from CANDIDATE to FOLLOWER at term 163 for DISCOVERED_A_NEW_TERM
2019-10-23 12:36:26,488 [279bca68-3e74-4690-81cf-da5ab79b92f7@group-AF49A4A4CA2A-LeaderElection155] INFO  impl.RoleInfo (RoleInfo.java:shutdownLeaderElection(134)) - 279bca68-3e74-4690-81cf-da5ab79b92f7: shutdown LeaderElection
2019-10-23 12:36:26,488 [279bca68-3e74-4690-81cf-da5ab79b92f7@group-AF49A4A4CA2A-LeaderElection155] INFO  impl.RoleInfo (RoleInfo.java:updateAndGet(143)) - 279bca68-3e74-4690-81cf-da5ab79b92f7: start FollowerState
2019-10-23 12:36:26,502 [Thread-1240] INFO  impl.FollowerState (FollowerState.java:run(108)) - 279bca68-3e74-4690-81cf-da5ab79b92f7@group-AF49A4A4CA2A-FollowerState: change to CANDIDATE, lastRpcTime:13ms, electionTimeout:13ms
2019-10-23 12:36:26,502 [Thread-1240] INFO  impl.RoleInfo (RoleInfo.java:shutdownFollowerState(121)) - 279bca68-3e74-4690-81cf-da5ab79b92f7: shutdown FollowerState
2019-10-23 12:36:26,502 [Thread-1240] INFO  impl.RaftServerImpl (RaftServerImpl.java:setRole(184)) - 279bca68-3e74-4690-81cf-da5ab79b92f7@group-AF49A4A4CA2A: changes role from  FOLLOWER to CANDIDATE at term 163 for changeToCandidate
2019-10-23 12:36:26,502 [Thread-1240] INFO  impl.RoleInfo (RoleInfo.java:updateAndGet(143)) - 279bca68-3e74-4690-81cf-da5ab79b92f7: start LeaderElection
2019-10-23 12:36:26,520 [279bca68-3e74-4690-81cf-da5ab79b92f7@group-AF49A4A4CA2A-LeaderElection156] INFO  impl.LeaderElection (LeaderElection.java:askForVotes(178)) - 279bca68-3e74-4690-81cf-da5ab79b92f7@group-AF49A4A4CA2A-LeaderElection156: begin an election at term 164 for -1: [daebe4f8-0ad9-4eb2-8ed7-3a8051847eb6:192.168.69.118:44860, 389d5540-641f-48c2-a9df-60738dbad976:192.168.69.118:45712, 279bca68-3e74-4690-81cf-da5ab79b92f7:192.168.69.118:45510], old=null
2019-10-23 12:36:26,522 [grpc-default-executor-0] INFO  impl.RaftServerImpl (RaftServerImpl.java:setRole(184)) - daebe4f8-0ad9-4eb2-8ed7-3a8051847eb6@group-AF49A4A4CA2A: changes role from  FOLLOWER to FOLLOWER at term 164 for recognizeCandidate:279bca68-3e74-4690-81cf-da5ab79b92f7
2019-10-23 12:36:26,522 [grpc-default-executor-0] INFO  impl.RoleInfo (RoleInfo.java:shutdownFollowerState(121)) - daebe4f8-0ad9-4eb2-8ed7-3a8051847eb6: shutdown FollowerState
2019-10-23 12:36:26,522 [grpc-default-executor-0] INFO  impl.RoleInfo (RoleInfo.java:updateAndGet(143)) - daebe4f8-0ad9-4eb2-8ed7-3a8051847eb6: start FollowerState
2019-10-23 12:36:26,522 [Thread-1238] INFO  impl.FollowerState (FollowerState.java:run(117)) - daebe4f8-0ad9-4eb2-8ed7-3a8051847eb6@group-AF49A4A4CA2A-FollowerState was interrupted: java.lang.InterruptedException: sleep interrupted
2019-10-23 12:36:26,523 [grpc-default-executor-4] INFO  impl.RaftServerImpl (RaftServerImpl.java:setRole(184)) - 389d5540-641f-48c2-a9df-60738dbad976@group-AF49A4A4CA2A: changes role from  FOLLOWER to FOLLOWER at term 164 for recognizeCandidate:279bca68-3e74-4690-81cf-da5ab79b92f7
2019-10-23 12:36:26,523 [grpc-default-executor-4] INFO  impl.RoleInfo (RoleInfo.java:shutdownFollowerState(121)) - 389d5540-641f-48c2-a9df-60738dbad976: shutdown FollowerState
2019-10-23 12:36:26,523 [grpc-default-executor-4] INFO  impl.RoleInfo (RoleInfo.java:updateAndGet(143)) - 389d5540-641f-48c2-a9df-60738dbad976: start FollowerState
2019-10-23 12:36:26,523 [Thread-1239] INFO  impl.FollowerState (FollowerState.java:run(117)) - 389d5540-641f-48c2-a9df-60738dbad976@group-AF49A4A4CA2A-FollowerState was interrupted: java.lang.InterruptedException: sleep interrupted
2019-10-23 12:36:26,537 [279bca68-3e74-4690-81cf-da5ab79b92f7@group-AF49A4A4CA2A-LeaderElection156] INFO  impl.LeaderElection (LeaderElection.java:logAndReturn(56)) - 279bca68-3e74-4690-81cf-da5ab79b92f7@group-AF49A4A4CA2A-LeaderElection156: Election REJECTED; received 2 response(s) [279bca68-3e74-4690-81cf-da5ab79b92f7<-daebe4f8-0ad9-4eb2-8ed7-3a8051847eb6#0:FAIL-t164, 279bca68-3e74-4690-81cf-da5ab79b92f7<-389d5540-641f-48c2-a9df-60738dbad976#0:FAIL-t164] and 0 exception(s); 279bca68-3e74-4690-81cf-da5ab79b92f7@group-AF49A4A4CA2A:t164, leader=null, voted=279bca68-3e74-4690-81cf-da5ab79b92f7, raftlog=279bca68-3e74-4690-81cf-da5ab79b92f7@group-AF49A4A4CA2A-SegmentedRaftLog:OPENED:c-1,f-1,i0, conf=-1: [daebe4f8-0ad9-4eb2-8ed7-3a8051847eb6:192.168.69.118:44860, 389d5540-641f-48c2-a9df-60738dbad976:192.168.69.118:45712, 279bca68-3e74-4690-81cf-da5ab79b92f7:192.168.69.118:45510], old=null
2019-10-23 12:36:26,537 [279bca68-3e74-4690-81cf-da5ab79b92f7@group-AF49A4A4CA2A-LeaderElection156] INFO  impl.RaftServerImpl (RaftServerImpl.java:setRole(184)) - 279bca68-3e74-4690-81cf-da5ab79b92f7@group-AF49A4A4CA2A: changes role from CANDIDATE to FOLLOWER at term 164 for DISCOVERED_A_NEW_TERM
2019-10-23 12:36:26,537 [279bca68-3e74-4690-81cf-da5ab79b92f7@group-AF49A4A4CA2A-LeaderElection156] INFO  impl.RoleInfo (RoleInfo.java:shutdownLeaderElection(134)) - 279bca68-3e74-4690-81cf-da5ab79b92f7: shutdown LeaderElection
2019-10-23 12:36:26,537 [279bca68-3e74-4690-81cf-da5ab79b92f7@group-AF49A4A4CA2A-LeaderElection156] INFO  impl.RoleInfo (RoleInfo.java:updateAndGet(143)) - 279bca68-3e74-4690-81cf-da5ab79b92f7: start FollowerState
2019-10-23 12:36:26,569 [Thread-1246] INFO  impl.FollowerState (FollowerState.java:run(108)) - 279bca68-3e74-4690-81cf-da5ab79b92f7@group-AF49A4A4CA2A-FollowerState: change to CANDIDATE, lastRpcTime:32ms, electionTimeout:32ms
2019-10-23 12:36:26,570 [Thread-1246] INFO  impl.RoleInfo (RoleInfo.java:shutdownFollowerState(121)) - 279bca68-3e74-4690-81cf-da5ab79b92f7: shutdown FollowerState
2019-10-23 12:36:26,570 [Thread-1246] INFO  impl.RaftServerImpl (RaftServerImpl.java:setRole(184)) - 279bca68-3e74-4690-81cf-da5ab79b92f7@group-AF49A4A4CA2A: changes role from  FOLLOWER to CANDIDATE at term 164 for changeToCandidate
2019-10-23 12:36:26,570 [Thread-1246] INFO  impl.RoleInfo (RoleInfo.java:updateAndGet(143)) - 279bca68-3e74-4690-81cf-da5ab79b92f7: start LeaderElection
2019-10-23 12:36:26,584 [279bca68-3e74-4690-81cf-da5ab79b92f7@group-AF49A4A4CA2A-LeaderElection157] INFO  impl.LeaderElection (LeaderElection.java:askForVotes(178)) - 279bca68-3e74-4690-81cf-da5ab79b92f7@group-AF49A4A4CA2A-LeaderElection157: begin an election at term 165 for -1: [daebe4f8-0ad9-4eb2-8ed7-3a8051847eb6:192.168.69.118:44860, 389d5540-641f-48c2-a9df-60738dbad976:192.168.69.118:45712, 279bca68-3e74-4690-81cf-da5ab79b92f7:192.168.69.118:45510], old=null
2019-10-23 12:36:26,586 [grpc-default-executor-4] INFO  impl.RaftServerImpl (RaftServerImpl.java:setRole(184)) - 389d5540-641f-48c2-a9df-60738dbad976@group-AF49A4A4CA2A: changes role from  FOLLOWER to FOLLOWER at term 165 for recognizeCandidate:279bca68-3e74-4690-81cf-da5ab79b92f7
2019-10-23 12:36:26,586 [grpc-default-executor-0] INFO  impl.RaftServerImpl (RaftServerImpl.java:setRole(184)) - daebe4f8-0ad9-4eb2-8ed7-3a8051847eb6@group-AF49A4A4CA2A: changes role from  FOLLOWER to FOLLOWER at term 165 for recognizeCandidate:279bca68-3e74-4690-81cf-da5ab79b92f7
2019-10-23 12:36:26,586 [grpc-default-executor-4] INFO  impl.RoleInfo (RoleInfo.java:shutdownFollowerState(121)) - 389d5540-641f-48c2-a9df-60738dbad976: shutdown FollowerState
2019-10-23 12:36:26,587 [grpc-default-executor-0] INFO  impl.RoleInfo (RoleInfo.java:shutdownFollowerState(121)) - daebe4f8-0ad9-4eb2-8ed7-3a8051847eb6: shutdown FollowerState
2019-10-23 12:36:26,587 [Thread-1245] INFO  impl.FollowerState (FollowerState.java:run(117)) - 389d5540-641f-48c2-a9df-60738dbad976@group-AF49A4A4CA2A-FollowerState was interrupted: java.lang.InterruptedException: sleep interrupted
2019-10-23 12:36:26,587 [grpc-default-executor-4] INFO  impl.RoleInfo (RoleInfo.java:updateAndGet(143)) - 389d5540-641f-48c2-a9df-60738dbad976: start FollowerState
2019-10-23 12:36:26,587 [Thread-1244] INFO  impl.FollowerState (FollowerState.java:run(117)) - daebe4f8-0ad9-4eb2-8ed7-3a8051847eb6@group-AF49A4A4CA2A-FollowerState was interrupted: java.lang.InterruptedException: sleep interrupted
2019-10-23 12:36:26,587 [grpc-default-executor-0] INFO  impl.RoleInfo (RoleInfo.java:updateAndGet(143)) - daebe4f8-0ad9-4eb2-8ed7-3a8051847eb6: start FollowerState
2019-10-23 12:36:26,602 [279bca68-3e74-4690-81cf-da5ab79b92f7@group-AF49A4A4CA2A-LeaderElection157] INFO  impl.LeaderElection (LeaderElection.java:logAndReturn(56)) - 279bca68-3e74-4690-81cf-da5ab79b92f7@group-AF49A4A4CA2A-LeaderElection157: Election REJECTED; received 2 response(s) [279bca68-3e74-4690-81cf-da5ab79b92f7<-daebe4f8-0ad9-4eb2-8ed7-3a8051847eb6#0:FAIL-t165, 279bca68-3e74-4690-81cf-da5ab79b92f7<-389d5540-641f-48c2-a9df-60738dbad976#0:FAIL-t165] and 0 exception(s); 279bca68-3e74-4690-81cf-da5ab79b92f7@group-AF49A4A4CA2A:t165, leader=null, voted=279bca68-3e74-4690-81cf-da5ab79b92f7, raftlog=279bca68-3e74-4690-81cf-da5ab79b92f7@group-AF49A4A4CA2A-SegmentedRaftLog:OPENED:c-1,f-1,i0, conf=-1: [daebe4f8-0ad9-4eb2-8ed7-3a8051847eb6:192.168.69.118:44860, 389d5540-641f-48c2-a9df-60738dbad976:192.168.69.118:45712, 279bca68-3e74-4690-81cf-da5ab79b92f7:192.168.69.118:45510], old=null
2019-10-23 12:36:26,602 [279bca68-3e74-4690-81cf-da5ab79b92f7@group-AF49A4A4CA2A-LeaderElection157] INFO  impl.RaftServerImpl (RaftServerImpl.java:setRole(184)) - 279bca68-3e74-4690-81cf-da5ab79b92f7@group-AF49A4A4CA2A: changes role from CANDIDATE to FOLLOWER at term 165 for DISCOVERED_A_NEW_TERM
2019-10-23 12:36:26,603 [279bca68-3e74-4690-81cf-da5ab79b92f7@group-AF49A4A4CA2A-LeaderElection157] INFO  impl.RoleInfo (RoleInfo.java:shutdownLeaderElection(134)) - 279bca68-3e74-4690-81cf-da5ab79b92f7: shutdown LeaderElection
2019-10-23 12:36:26,603 [279bca68-3e74-4690-81cf-da5ab79b92f7@group-AF49A4A4CA2A-LeaderElection157] INFO  impl.RoleInfo (RoleInfo.java:updateAndGet(143)) - 279bca68-3e74-4690-81cf-da5ab79b92f7: start FollowerState
2019-10-23 12:36:26,752 [Thread-1252] INFO  impl.FollowerState (FollowerState.java:run(108)) - 279bca68-3e74-4690-81cf-da5ab79b92f7@group-AF49A4A4CA2A-FollowerState: change to CANDIDATE, lastRpcTime:149ms, electionTimeout:149ms
2019-10-23 12:36:26,752 [Thread-1252] INFO  impl.RoleInfo (RoleInfo.java:shutdownFollowerState(121)) - 279bca68-3e74-4690-81cf-da5ab79b92f7: shutdown FollowerState
2019-10-23 12:36:26,753 [Thread-1252] INFO  impl.RaftServerImpl (RaftServerImpl.java:setRole(184)) - 279bca68-3e74-4690-81cf-da5ab79b92f7@group-AF49A4A4CA2A: changes role from  FOLLOWER to CANDIDATE at term 165 for changeToCandidate
2019-10-23 12:36:26,753 [Thread-1252] INFO  impl.RoleInfo (RoleInfo.java:updateAndGet(143)) - 279bca68-3e74-4690-81cf-da5ab79b92f7: start LeaderElection
2019-10-23 12:36:26,768 [279bca68-3e74-4690-81cf-da5ab79b92f7@group-AF49A4A4CA2A-LeaderElection158] INFO  impl.LeaderElection (LeaderElection.java:askForVotes(178)) - 279bca68-3e74-4690-81cf-da5ab79b92f7@group-AF49A4A4CA2A-LeaderElection158: begin an election at term 166 for -1: [daebe4f8-0ad9-4eb2-8ed7-3a8051847eb6:192.168.69.118:44860, 389d5540-641f-48c2-a9df-60738dbad976:192.168.69.118:45712, 279bca68-3e74-4690-81cf-da5ab79b92f7:192.168.69.118:45510], old=null
2019-10-23 12:36:26,770 [grpc-default-executor-4] INFO  impl.RaftServerImpl (RaftServerImpl.java:setRole(184)) - daebe4f8-0ad9-4eb2-8ed7-3a8051847eb6@group-AF49A4A4CA2A: changes role from  FOLLOWER to FOLLOWER at term 166 for recognizeCandidate:279bca68-3e74-4690-81cf-da5ab79b92f7
2019-10-23 12:36:26,770 [grpc-default-executor-0] INFO  impl.RaftServerImpl (RaftServerImpl.java:setRole(184)) - 389d5540-641f-48c2-a9df-60738dbad976@group-AF49A4A4CA2A: changes role from  FOLLOWER to FOLLOWER at term 166 for recognizeCandidate:279bca68-3e74-4690-81cf-da5ab79b92f7
2019-10-23 12:36:26,770 [grpc-default-executor-4] INFO  impl.RoleInfo (RoleInfo.java:shutdownFollowerState(121)) - daebe4f8-0ad9-4eb2-8ed7-3a8051847eb6: shutdown FollowerState
2019-10-23 12:36:26,770 [grpc-default-executor-0] INFO  impl.RoleInfo (RoleInfo.java:shutdownFollowerState(121)) - 389d5540-641f-48c2-a9df-60738dbad976: shutdown FollowerState
2019-10-23 12:36:26,771 [grpc-default-executor-4] INFO  impl.RoleInfo (RoleInfo.java:updateAndGet(143)) - daebe4f8-0ad9-4eb2-8ed7-3a8051847eb6: start FollowerState
2019-10-23 12:36:26,771 [Thread-1250] INFO  impl.FollowerState (FollowerState.java:run(117)) - 389d5540-641f-48c2-a9df-60738dbad976@group-AF49A4A4CA2A-FollowerState was interrupted: java.lang.InterruptedException: sleep interrupted
2019-10-23 12:36:26,771 [grpc-default-executor-0] INFO  impl.RoleInfo (RoleInfo.java:updateAndGet(143)) - 389d5540-641f-48c2-a9df-60738dbad976: start FollowerState
2019-10-23 12:36:26,771 [Thread-1251] INFO  impl.FollowerState (FollowerState.java:run(117)) - daebe4f8-0ad9-4eb2-8ed7-3a8051847eb6@group-AF49A4A4CA2A-FollowerState was interrupted: java.lang.InterruptedException: sleep interrupted
2019-10-23 12:36:26,787 [279bca68-3e74-4690-81cf-da5ab79b92f7@group-AF49A4A4CA2A-LeaderElection158] INFO  impl.LeaderElection (LeaderElection.java:logAndReturn(56)) - 279bca68-3e74-4690-81cf-da5ab79b92f7@group-AF49A4A4CA2A-LeaderElection158: Election REJECTED; received 2 response(s) [279bca68-3e74-4690-81cf-da5ab79b92f7<-daebe4f8-0ad9-4eb2-8ed7-3a8051847eb6#0:FAIL-t166, 279bca68-3e74-4690-81cf-da5ab79b92f7<-389d5540-641f-48c2-a9df-60738dbad976#0:FAIL-t166] and 0 exception(s); 279bca68-3e74-4690-81cf-da5ab79b92f7@group-AF49A4A4CA2A:t166, leader=null, voted=279bca68-3e74-4690-81cf-da5ab79b92f7, raftlog=279bca68-3e74-4690-81cf-da5ab79b92f7@group-AF49A4A4CA2A-SegmentedRaftLog:OPENED:c-1,f-1,i0, conf=-1: [daebe4f8-0ad9-4eb2-8ed7-3a8051847eb6:192.168.69.118:44860, 389d5540-641f-48c2-a9df-60738dbad976:192.168.69.118:45712, 279bca68-3e74-4690-81cf-da5ab79b92f7:192.168.69.118:45510], old=null
2019-10-23 12:36:26,787 [279bca68-3e74-4690-81cf-da5ab79b92f7@group-AF49A4A4CA2A-LeaderElection158] INFO  impl.RaftServerImpl (RaftServerImpl.java:setRole(184)) - 279bca68-3e74-4690-81cf-da5ab79b92f7@group-AF49A4A4CA2A: changes role from CANDIDATE to FOLLOWER at term 166 for DISCOVERED_A_NEW_TERM
2019-10-23 12:36:26,787 [279bca68-3e74-4690-81cf-da5ab79b92f7@group-AF49A4A4CA2A-LeaderElection158] INFO  impl.RoleInfo (RoleInfo.java:shutdownLeaderElection(134)) - 279bca68-3e74-4690-81cf-da5ab79b92f7: shutdown LeaderElection
2019-10-23 12:36:26,787 [279bca68-3e74-4690-81cf-da5ab79b92f7@group-AF49A4A4CA2A-LeaderElection158] INFO  impl.RoleInfo (RoleInfo.java:updateAndGet(143)) - 279bca68-3e74-4690-81cf-da5ab79b92f7: start FollowerState
2019-10-23 12:36:26,928 [Thread-1258] INFO  impl.FollowerState (FollowerState.java:run(108)) - 279bca68-3e74-4690-81cf-da5ab79b92f7@group-AF49A4A4CA2A-FollowerState: change to CANDIDATE, lastRpcTime:140ms, electionTimeout:140ms
2019-10-23 12:36:26,928 [Thread-1258] INFO  impl.RoleInfo (RoleInfo.java:shutdownFollowerState(121)) - 279bca68-3e74-4690-81cf-da5ab79b92f7: shutdown FollowerState
2019-10-23 12:36:26,928 [Thread-1258] INFO  impl.RaftServerImpl (RaftServerImpl.java:setRole(184)) - 279bca68-3e74-4690-81cf-da5ab79b92f7@group-AF49A4A4CA2A: changes role from  FOLLOWER to CANDIDATE at term 166 for changeToCandidate
2019-10-23 12:36:26,929 [Thread-1258] INFO  impl.RoleInfo (RoleInfo.java:updateAndGet(143)) - 279bca68-3e74-4690-81cf-da5ab79b92f7: start LeaderElection
2019-10-23 12:36:26,943 [279bca68-3e74-4690-81cf-da5ab79b92f7@group-AF49A4A4CA2A-LeaderElection159] INFO  impl.LeaderElection (LeaderElection.java:askForVotes(178)) - 279bca68-3e74-4690-81cf-da5ab79b92f7@group-AF49A4A4CA2A-LeaderElection159: begin an election at term 167 for -1: [daebe4f8-0ad9-4eb2-8ed7-3a8051847eb6:192.168.69.118:44860, 389d5540-641f-48c2-a9df-60738dbad976:192.168.69.118:45712, 279bca68-3e74-4690-81cf-da5ab79b92f7:192.168.69.118:45510], old=null
2019-10-23 12:36:26,946 [grpc-default-executor-0] INFO  impl.RaftServerImpl (RaftServerImpl.java:setRole(184)) - daebe4f8-0ad9-4eb2-8ed7-3a8051847eb6@group-AF49A4A4CA2A: changes role from  FOLLOWER to FOLLOWER at term 167 for recognizeCandidate:279bca68-3e74-4690-81cf-da5ab79b92f7
2019-10-23 12:36:26,946 [grpc-default-executor-0] INFO  impl.RoleInfo (RoleInfo.java:shutdownFollowerState(121)) - daebe4f8-0ad9-4eb2-8ed7-3a8051847eb6: shutdown FollowerState
2019-10-23 12:36:26,947 [grpc-default-executor-4] INFO  impl.RaftServerImpl (RaftServerImpl.java:setRole(184)) - 389d5540-641f-48c2-a9df-60738dbad976@group-AF49A4A4CA2A: changes role from  FOLLOWER to FOLLOWER at term 167 for recognizeCandidate:279bca68-3e74-4690-81cf-da5ab79b92f7
2019-10-23 12:36:26,947 [Thread-1256] INFO  impl.FollowerState (FollowerState.java:run(117)) - daebe4f8-0ad9-4eb2-8ed7-3a8051847eb6@group-AF49A4A4CA2A-FollowerState was interrupted: java.lang.InterruptedException: sleep interrupted
2019-10-23 12:36:26,947 [grpc-default-executor-0] INFO  impl.RoleInfo (RoleInfo.java:updateAndGet(143)) - daebe4f8-0ad9-4eb2-8ed7-3a8051847eb6: start FollowerState
2019-10-23 12:36:26,947 [grpc-default-executor-4] INFO  impl.RoleInfo (RoleInfo.java:shutdownFollowerState(121)) - 389d5540-641f-48c2-a9df-60738dbad976: shutdown FollowerState
2019-10-23 12:36:26,947 [grpc-default-executor-4] INFO  impl.RoleInfo (RoleInfo.java:updateAndGet(143)) - 389d5540-641f-48c2-a9df-60738dbad976: start FollowerState
2019-10-23 12:36:26,947 [Thread-1257] INFO  impl.FollowerState (FollowerState.java:run(117)) - 389d5540-641f-48c2-a9df-60738dbad976@group-AF49A4A4CA2A-FollowerState was interrupted: java.lang.InterruptedException: sleep interrupted
2019-10-23 12:36:26,962 [279bca68-3e74-4690-81cf-da5ab79b92f7@group-AF49A4A4CA2A-LeaderElection159] INFO  impl.LeaderElection (LeaderElection.java:logAndReturn(56)) - 279bca68-3e74-4690-81cf-da5ab79b92f7@group-AF49A4A4CA2A-LeaderElection159: Election REJECTED; received 2 response(s) [279bca68-3e74-4690-81cf-da5ab79b92f7<-daebe4f8-0ad9-4eb2-8ed7-3a8051847eb6#0:FAIL-t167, 279bca68-3e74-4690-81cf-da5ab79b92f7<-389d5540-641f-48c2-a9df-60738dbad976#0:FAIL-t167] and 0 exception(s); 279bca68-3e74-4690-81cf-da5ab79b92f7@group-AF49A4A4CA2A:t167, leader=null, voted=279bca68-3e74-4690-81cf-da5ab79b92f7, raftlog=279bca68-3e74-4690-81cf-da5ab79b92f7@group-AF49A4A4CA2A-SegmentedRaftLog:OPENED:c-1,f-1,i0, conf=-1: [daebe4f8-0ad9-4eb2-8ed7-3a8051847eb6:192.168.69.118:44860, 389d5540-641f-48c2-a9df-60738dbad976:192.168.69.118:45712, 279bca68-3e74-4690-81cf-da5ab79b92f7:192.168.69.118:45510], old=null
2019-10-23 12:36:26,962 [279bca68-3e74-4690-81cf-da5ab79b92f7@group-AF49A4A4CA2A-LeaderElection159] INFO  impl.RaftServerImpl (RaftServerImpl.java:setRole(184)) - 279bca68-3e74-4690-81cf-da5ab79b92f7@group-AF49A4A4CA2A: changes role from CANDIDATE to FOLLOWER at term 167 for DISCOVERED_A_NEW_TERM
2019-10-23 12:36:26,963 [279bca68-3e74-4690-81cf-da5ab79b92f7@group-AF49A4A4CA2A-LeaderElection159] INFO  impl.RoleInfo (RoleInfo.java:shutdownLeaderElection(134)) - 279bca68-3e74-4690-81cf-da5ab79b92f7: shutdown LeaderElection
2019-10-23 12:36:26,963 [279bca68-3e74-4690-81cf-da5ab79b92f7@group-AF49A4A4CA2A-LeaderElection159] INFO  impl.RoleInfo (RoleInfo.java:updateAndGet(143)) - 279bca68-3e74-4690-81cf-da5ab79b92f7: start FollowerState
2019-10-23 12:36:27,155 [Thread-1264] INFO  impl.FollowerState (FollowerState.java:run(108)) - 279bca68-3e74-4690-81cf-da5ab79b92f7@group-AF49A4A4CA2A-FollowerState: change to CANDIDATE, lastRpcTime:192ms, electionTimeout:192ms
2019-10-23 12:36:27,155 [Thread-1264] INFO  impl.RoleInfo (RoleInfo.java:shutdownFollowerState(121)) - 279bca68-3e74-4690-81cf-da5ab79b92f7: shutdown FollowerState
2019-10-23 12:36:27,156 [Thread-1264] INFO  impl.RaftServerImpl (RaftServerImpl.java:setRole(184)) - 279bca68-3e74-4690-81cf-da5ab79b92f7@group-AF49A4A4CA2A: changes role from  FOLLOWER to CANDIDATE at term 167 for changeToCandidate
2019-10-23 12:36:27,156 [Thread-1264] INFO  impl.RoleInfo (RoleInfo.java:updateAndGet(143)) - 279bca68-3e74-4690-81cf-da5ab79b92f7: start LeaderElection
2019-10-23 12:36:27,165 [279bca68-3e74-4690-81cf-da5ab79b92f7@group-AF49A4A4CA2A-LeaderElection160] INFO  impl.LeaderElection (LeaderElection.java:askForVotes(178)) - 279bca68-3e74-4690-81cf-da5ab79b92f7@group-AF49A4A4CA2A-LeaderElection160: begin an election at term 168 for -1: [daebe4f8-0ad9-4eb2-8ed7-3a8051847eb6:192.168.69.118:44860, 389d5540-641f-48c2-a9df-60738dbad976:192.168.69.118:45712, 279bca68-3e74-4690-81cf-da5ab79b92f7:192.168.69.118:45510], old=null
2019-10-23 12:36:27,168 [grpc-default-executor-4] INFO  impl.RaftServerImpl (RaftServerImpl.java:setRole(184)) - daebe4f8-0ad9-4eb2-8ed7-3a8051847eb6@group-AF49A4A4CA2A: changes role from  FOLLOWER to FOLLOWER at term 168 for recognizeCandidate:279bca68-3e74-4690-81cf-da5ab79b92f7
2019-10-23 12:36:27,168 [grpc-default-executor-0] INFO  impl.RaftServerImpl (RaftServerImpl.java:setRole(184)) - 389d5540-641f-48c2-a9df-60738dbad976@group-AF49A4A4CA2A: changes role from  FOLLOWER to FOLLOWER at term 168 for recognizeCandidate:279bca68-3e74-4690-81cf-da5ab79b92f7
2019-10-23 12:36:27,168 [grpc-default-executor-4] INFO  impl.RoleInfo (RoleInfo.java:shutdownFollowerState(121)) - daebe4f8-0ad9-4eb2-8ed7-3a8051847eb6: shutdown FollowerState
2019-10-23 12:36:27,168 [grpc-default-executor-0] INFO  impl.RoleInfo (RoleInfo.java:shutdownFollowerState(121)) - 389d5540-641f-48c2-a9df-60738dbad976: shutdown FollowerState
2019-10-23 12:36:27,169 [grpc-default-executor-4] INFO  impl.RoleInfo (RoleInfo.java:updateAndGet(143)) - daebe4f8-0ad9-4eb2-8ed7-3a8051847eb6: start FollowerState
2019-10-23 12:36:27,169 [grpc-default-executor-0] INFO  impl.RoleInfo (RoleInfo.java:updateAndGet(143)) - 389d5540-641f-48c2-a9df-60738dbad976: start FollowerState
2019-10-23 12:36:27,169 [Thread-1262] INFO  impl.FollowerState (FollowerState.java:run(117)) - daebe4f8-0ad9-4eb2-8ed7-3a8051847eb6@group-AF49A4A4CA2A-FollowerState was interrupted: java.lang.InterruptedException: sleep interrupted
2019-10-23 12:36:27,169 [Thread-1263] INFO  impl.FollowerState (FollowerState.java:run(117)) - 389d5540-641f-48c2-a9df-60738dbad976@group-AF49A4A4CA2A-FollowerState was interrupted: java.lang.InterruptedException: sleep interrupted
2019-10-23 12:36:27,183 [279bca68-3e74-4690-81cf-da5ab79b92f7@group-AF49A4A4CA2A-LeaderElection160] INFO  impl.LeaderElection (LeaderElection.java:logAndReturn(56)) - 279bca68-3e74-4690-81cf-da5ab79b92f7@group-AF49A4A4CA2A-LeaderElection160: Election REJECTED; received 2 response(s) [279bca68-3e74-4690-81cf-da5ab79b92f7<-daebe4f8-0ad9-4eb2-8ed7-3a8051847eb6#0:FAIL-t168, 279bca68-3e74-4690-81cf-da5ab79b92f7<-389d5540-641f-48c2-a9df-60738dbad976#0:FAIL-t168] and 0 exception(s); 279bca68-3e74-4690-81cf-da5ab79b92f7@group-AF49A4A4CA2A:t168, leader=null, voted=279bca68-3e74-4690-81cf-da5ab79b92f7, raftlog=279bca68-3e74-4690-81cf-da5ab79b92f7@group-AF49A4A4CA2A-SegmentedRaftLog:OPENED:c-1,f-1,i0, conf=-1: [daebe4f8-0ad9-4eb2-8ed7-3a8051847eb6:192.168.69.118:44860, 389d5540-641f-48c2-a9df-60738dbad976:192.168.69.118:45712, 279bca68-3e74-4690-81cf-da5ab79b92f7:192.168.69.118:45510], old=null
2019-10-23 12:36:27,184 [279bca68-3e74-4690-81cf-da5ab79b92f7@group-AF49A4A4CA2A-LeaderElection160] INFO  impl.RaftServerImpl (RaftServerImpl.java:setRole(184)) - 279bca68-3e74-4690-81cf-da5ab79b92f7@group-AF49A4A4CA2A: changes role from CANDIDATE to FOLLOWER at term 168 for DISCOVERED_A_NEW_TERM
2019-10-23 12:36:27,184 [279bca68-3e74-4690-81cf-da5ab79b92f7@group-AF49A4A4CA2A-LeaderElection160] INFO  impl.RoleInfo (RoleInfo.java:shutdownLeaderElection(134)) - 279bca68-3e74-4690-81cf-da5ab79b92f7: shutdown LeaderElection
2019-10-23 12:36:27,184 [279bca68-3e74-4690-81cf-da5ab79b92f7@group-AF49A4A4CA2A-LeaderElection160] INFO  impl.RoleInfo (RoleInfo.java:updateAndGet(143)) - 279bca68-3e74-4690-81cf-da5ab79b92f7: start FollowerState
2019-10-23 12:36:27,311 [Thread-1272] INFO  impl.FollowerState (FollowerState.java:run(108)) - 279bca68-3e74-4690-81cf-da5ab79b92f7@group-AF49A4A4CA2A-FollowerState: change to CANDIDATE, lastRpcTime:127ms, electionTimeout:127ms
2019-10-23 12:36:27,311 [Thread-1272] INFO  impl.RoleInfo (RoleInfo.java:shutdownFollowerState(121)) - 279bca68-3e74-4690-81cf-da5ab79b92f7: shutdown FollowerState
2019-10-23 12:36:27,312 [Thread-1272] INFO  impl.RaftServerImpl (RaftServerImpl.java:setRole(184)) - 279bca68-3e74-4690-81cf-da5ab79b92f7@group-AF49A4A4CA2A: changes role from  FOLLOWER to CANDIDATE at term 168 for changeToCandidate
2019-10-23 12:36:27,312 [Thread-1272] INFO  impl.RoleInfo (RoleInfo.java:updateAndGet(143)) - 279bca68-3e74-4690-81cf-da5ab79b92f7: start LeaderElection
2019-10-23 12:36:27,325 [279bca68-3e74-4690-81cf-da5ab79b92f7@group-AF49A4A4CA2A-LeaderElection161] INFO  impl.LeaderElection (LeaderElection.java:askForVotes(178)) - 279bca68-3e74-4690-81cf-da5ab79b92f7@group-AF49A4A4CA2A-LeaderElection161: begin an election at term 169 for -1: [daebe4f8-0ad9-4eb2-8ed7-3a8051847eb6:192.168.69.118:44860, 389d5540-641f-48c2-a9df-60738dbad976:192.168.69.118:45712, 279bca68-3e74-4690-81cf-da5ab79b92f7:192.168.69.118:45510], old=null
2019-10-23 12:36:27,327 [grpc-default-executor-4] INFO  impl.RaftServerImpl (RaftServerImpl.java:setRole(184)) - daebe4f8-0ad9-4eb2-8ed7-3a8051847eb6@group-AF49A4A4CA2A: changes role from  FOLLOWER to FOLLOWER at term 169 for recognizeCandidate:279bca68-3e74-4690-81cf-da5ab79b92f7
2019-10-23 12:36:27,327 [grpc-default-executor-0] INFO  impl.RaftServerImpl (RaftServerImpl.java:setRole(184)) - 389d5540-641f-48c2-a9df-60738dbad976@group-AF49A4A4CA2A: changes role from  FOLLOWER to FOLLOWER at term 169 for recognizeCandidate:279bca68-3e74-4690-81cf-da5ab79b92f7
2019-10-23 12:36:27,328 [grpc-default-executor-4] INFO  impl.RoleInfo (RoleInfo.java:shutdownFollowerState(121)) - daebe4f8-0ad9-4eb2-8ed7-3a8051847eb6: shutdown FollowerState
2019-10-23 12:36:27,328 [grpc-default-executor-0] INFO  impl.RoleInfo (RoleInfo.java:shutdownFollowerState(121)) - 389d5540-641f-48c2-a9df-60738dbad976: shutdown FollowerState
2019-10-23 12:36:27,328 [grpc-default-executor-4] INFO  impl.RoleInfo (RoleInfo.java:updateAndGet(143)) - daebe4f8-0ad9-4eb2-8ed7-3a8051847eb6: start FollowerState
2019-10-23 12:36:27,328 [grpc-default-executor-0] INFO  impl.RoleInfo (RoleInfo.java:updateAndGet(143)) - 389d5540-641f-48c2-a9df-60738dbad976: start FollowerState
2019-10-23 12:36:27,328 [Thread-1270] INFO  impl.FollowerState (FollowerState.java:run(117)) - daebe4f8-0ad9-4eb2-8ed7-3a8051847eb6@group-AF49A4A4CA2A-FollowerState was interrupted: java.lang.InterruptedException: sleep interrupted
2019-10-23 12:36:27,328 [Thread-1271] INFO  impl.FollowerState (FollowerState.java:run(117)) - 389d5540-641f-48c2-a9df-60738dbad976@group-AF49A4A4CA2A-FollowerState was interrupted: java.lang.InterruptedException: sleep interrupted
2019-10-23 12:36:27,347 [279bca68-3e74-4690-81cf-da5ab79b92f7@group-AF49A4A4CA2A-LeaderElection161] INFO  impl.LeaderElection (LeaderElection.java:logAndReturn(56)) - 279bca68-3e74-4690-81cf-da5ab79b92f7@group-AF49A4A4CA2A-LeaderElection161: Election REJECTED; received 2 response(s) [279bca68-3e74-4690-81cf-da5ab79b92f7<-daebe4f8-0ad9-4eb2-8ed7-3a8051847eb6#0:FAIL-t169, 279bca68-3e74-4690-81cf-da5ab79b92f7<-389d5540-641f-48c2-a9df-60738dbad976#0:FAIL-t169] and 0 exception(s); 279bca68-3e74-4690-81cf-da5ab79b92f7@group-AF49A4A4CA2A:t169, leader=null, voted=279bca68-3e74-4690-81cf-da5ab79b92f7, raftlog=279bca68-3e74-4690-81cf-da5ab79b92f7@group-AF49A4A4CA2A-SegmentedRaftLog:OPENED:c-1,f-1,i0, conf=-1: [daebe4f8-0ad9-4eb2-8ed7-3a8051847eb6:192.168.69.118:44860, 389d5540-641f-48c2-a9df-60738dbad976:192.168.69.118:45712, 279bca68-3e74-4690-81cf-da5ab79b92f7:192.168.69.118:45510], old=null
2019-10-23 12:36:27,350 [279bca68-3e74-4690-81cf-da5ab79b92f7@group-AF49A4A4CA2A-LeaderElection161] INFO  impl.RaftServerImpl (RaftServerImpl.java:setRole(184)) - 279bca68-3e74-4690-81cf-da5ab79b92f7@group-AF49A4A4CA2A: changes role from CANDIDATE to FOLLOWER at term 169 for DISCOVERED_A_NEW_TERM
2019-10-23 12:36:27,350 [279bca68-3e74-4690-81cf-da5ab79b92f7@group-AF49A4A4CA2A-LeaderElection161] INFO  impl.RoleInfo (RoleInfo.java:shutdownLeaderElection(134)) - 279bca68-3e74-4690-81cf-da5ab79b92f7: shutdown LeaderElection
2019-10-23 12:36:27,350 [279bca68-3e74-4690-81cf-da5ab79b92f7@group-AF49A4A4CA2A-LeaderElection161] INFO  impl.RoleInfo (RoleInfo.java:updateAndGet(143)) - 279bca68-3e74-4690-81cf-da5ab79b92f7: start FollowerState
2019-10-23 12:36:27,367 [Thread-1278] INFO  impl.FollowerState (FollowerState.java:run(108)) - 279bca68-3e74-4690-81cf-da5ab79b92f7@group-AF49A4A4CA2A-FollowerState: change to CANDIDATE, lastRpcTime:17ms, electionTimeout:17ms
2019-10-23 12:36:27,368 [Thread-1278] INFO  impl.RoleInfo (RoleInfo.java:shutdownFollowerState(121)) - 279bca68-3e74-4690-81cf-da5ab79b92f7: shutdown FollowerState
2019-10-23 12:36:27,368 [Thread-1278] INFO  impl.RaftServerImpl (RaftServerImpl.java:setRole(184)) - 279bca68-3e74-4690-81cf-da5ab79b92f7@group-AF49A4A4CA2A: changes role from  FOLLOWER to CANDIDATE at term 169 for changeToCandidate
2019-10-23 12:36:27,368 [Thread-1278] INFO  impl.RoleInfo (RoleInfo.java:updateAndGet(143)) - 279bca68-3e74-4690-81cf-da5ab79b92f7: start LeaderElection
2019-10-23 12:36:27,394 [279bca68-3e74-4690-81cf-da5ab79b92f7@group-AF49A4A4CA2A-LeaderElection162] INFO  impl.LeaderElection (LeaderElection.java:askForVotes(178)) - 279bca68-3e74-4690-81cf-da5ab79b92f7@group-AF49A4A4CA2A-LeaderElection162: begin an election at term 170 for -1: [daebe4f8-0ad9-4eb2-8ed7-3a8051847eb6:192.168.69.118:44860, 389d5540-641f-48c2-a9df-60738dbad976:192.168.69.118:45712, 279bca68-3e74-4690-81cf-da5ab79b92f7:192.168.69.118:45510], old=null
2019-10-23 12:36:27,397 [grpc-default-executor-0] INFO  impl.RaftServerImpl (RaftServerImpl.java:setRole(184)) - daebe4f8-0ad9-4eb2-8ed7-3a8051847eb6@group-AF49A4A4CA2A: changes role from  FOLLOWER to FOLLOWER at term 170 for recognizeCandidate:279bca68-3e74-4690-81cf-da5ab79b92f7
2019-10-23 12:36:27,397 [grpc-default-executor-4] INFO  impl.RaftServerImpl (RaftServerImpl.java:setRole(184)) - 389d5540-641f-48c2-a9df-60738dbad976@group-AF49A4A4CA2A: changes role from  FOLLOWER to FOLLOWER at term 170 for recognizeCandidate:279bca68-3e74-4690-81cf-da5ab79b92f7
2019-10-23 12:36:27,397 [grpc-default-executor-0] INFO  impl.RoleInfo (RoleInfo.java:shutdownFollowerState(121)) - daebe4f8-0ad9-4eb2-8ed7-3a8051847eb6: shutdown FollowerState
2019-10-23 12:36:27,397 [grpc-default-executor-4] INFO  impl.RoleInfo (RoleInfo.java:shutdownFollowerState(121)) - 389d5540-641f-48c2-a9df-60738dbad976: shutdown FollowerState
2019-10-23 12:36:27,397 [Thread-1276] INFO  impl.FollowerState (FollowerState.java:run(117)) - daebe4f8-0ad9-4eb2-8ed7-3a8051847eb6@group-AF49A4A4CA2A-FollowerState was interrupted: java.lang.InterruptedException: sleep interrupted
2019-10-23 12:36:27,397 [grpc-default-executor-0] INFO  impl.RoleInfo (RoleInfo.java:updateAndGet(143)) - daebe4f8-0ad9-4eb2-8ed7-3a8051847eb6: start FollowerState
2019-10-23 12:36:27,398 [Thread-1277] INFO  impl.FollowerState (FollowerState.java:run(117)) - 389d5540-641f-48c2-a9df-60738dbad976@group-AF49A4A4CA2A-FollowerState was interrupted: java.lang.InterruptedException: sleep interrupted
2019-10-23 12:36:27,397 [grpc-default-executor-4] INFO  impl.RoleInfo (RoleInfo.java:updateAndGet(143)) - 389d5540-641f-48c2-a9df-60738dbad976: start FollowerState
2019-10-23 12:36:27,413 [279bca68-3e74-4690-81cf-da5ab79b92f7@group-AF49A4A4CA2A-LeaderElection162] INFO  impl.LeaderElection (LeaderElection.java:logAndReturn(56)) - 279bca68-3e74-4690-81cf-da5ab79b92f7@group-AF49A4A4CA2A-LeaderElection162: Election REJECTED; received 2 response(s) [279bca68-3e74-4690-81cf-da5ab79b92f7<-daebe4f8-0ad9-4eb2-8ed7-3a8051847eb6#0:FAIL-t170, 279bca68-3e74-4690-81cf-da5ab79b92f7<-389d5540-641f-48c2-a9df-60738dbad976#0:FAIL-t170] and 0 exception(s); 279bca68-3e74-4690-81cf-da5ab79b92f7@group-AF49A4A4CA2A:t170, leader=null, voted=279bca68-3e74-4690-81cf-da5ab79b92f7, raftlog=279bca68-3e74-4690-81cf-da5ab79b92f7@group-AF49A4A4CA2A-SegmentedRaftLog:OPENED:c-1,f-1,i0, conf=-1: [daebe4f8-0ad9-4eb2-8ed7-3a8051847eb6:192.168.69.118:44860, 389d5540-641f-48c2-a9df-60738dbad976:192.168.69.118:45712, 279bca68-3e74-4690-81cf-da5ab79b92f7:192.168.69.118:45510], old=null
2019-10-23 12:36:27,413 [279bca68-3e74-4690-81cf-da5ab79b92f7@group-AF49A4A4CA2A-LeaderElection162] INFO  impl.RaftServerImpl (RaftServerImpl.java:setRole(184)) - 279bca68-3e74-4690-81cf-da5ab79b92f7@group-AF49A4A4CA2A: changes role from CANDIDATE to FOLLOWER at term 170 for DISCOVERED_A_NEW_TERM
2019-10-23 12:36:27,413 [279bca68-3e74-4690-81cf-da5ab79b92f7@group-AF49A4A4CA2A-LeaderElection162] INFO  impl.RoleInfo (RoleInfo.java:shutdownLeaderElection(134)) - 279bca68-3e74-4690-81cf-da5ab79b92f7: shutdown LeaderElection
2019-10-23 12:36:27,414 [279bca68-3e74-4690-81cf-da5ab79b92f7@group-AF49A4A4CA2A-LeaderElection162] INFO  impl.RoleInfo (RoleInfo.java:updateAndGet(143)) - 279bca68-3e74-4690-81cf-da5ab79b92f7: start FollowerState
2019-10-23 12:36:27,459 [Thread-1284] INFO  impl.FollowerState (FollowerState.java:run(108)) - 279bca68-3e74-4690-81cf-da5ab79b92f7@group-AF49A4A4CA2A-FollowerState: change to CANDIDATE, lastRpcTime:45ms, electionTimeout:45ms
2019-10-23 12:36:27,459 [Thread-1284] INFO  impl.RoleInfo (RoleInfo.java:shutdownFollowerState(121)) - 279bca68-3e74-4690-81cf-da5ab79b92f7: shutdown FollowerState
2019-10-23 12:36:27,459 [Thread-1284] INFO  impl.RaftServerImpl (RaftServerImpl.java:setRole(184)) - 279bca68-3e74-4690-81cf-da5ab79b92f7@group-AF49A4A4CA2A: changes role from  FOLLOWER to CANDIDATE at term 170 for changeToCandidate
2019-10-23 12:36:27,459 [Thread-1284] INFO  impl.RoleInfo (RoleInfo.java:updateAndGet(143)) - 279bca68-3e74-4690-81cf-da5ab79b92f7: start LeaderElection
2019-10-23 12:36:27,473 [279bca68-3e74-4690-81cf-da5ab79b92f7@group-AF49A4A4CA2A-LeaderElection163] INFO  impl.LeaderElection (LeaderElection.java:askForVotes(178)) - 279bca68-3e74-4690-81cf-da5ab79b92f7@group-AF49A4A4CA2A-LeaderElection163: begin an election at term 171 for -1: [daebe4f8-0ad9-4eb2-8ed7-3a8051847eb6:192.168.69.118:44860, 389d5540-641f-48c2-a9df-60738dbad976:192.168.69.118:45712, 279bca68-3e74-4690-81cf-da5ab79b92f7:192.168.69.118:45510], old=null
2019-10-23 12:36:27,475 [grpc-default-executor-4] INFO  impl.RaftServerImpl (RaftServerImpl.java:setRole(184)) - daebe4f8-0ad9-4eb2-8ed7-3a8051847eb6@group-AF49A4A4CA2A: changes role from  FOLLOWER to FOLLOWER at term 171 for recognizeCandidate:279bca68-3e74-4690-81cf-da5ab79b92f7
2019-10-23 12:36:27,476 [grpc-default-executor-4] INFO  impl.RoleInfo (RoleInfo.java:shutdownFollowerState(121)) - daebe4f8-0ad9-4eb2-8ed7-3a8051847eb6: shutdown FollowerState
2019-10-23 12:36:27,476 [grpc-default-executor-0] INFO  impl.RaftServerImpl (RaftServerImpl.java:setRole(184)) - 389d5540-641f-48c2-a9df-60738dbad976@group-AF49A4A4CA2A: changes role from  FOLLOWER to FOLLOWER at term 171 for recognizeCandidate:279bca68-3e74-4690-81cf-da5ab79b92f7
2019-10-23 12:36:27,476 [grpc-default-executor-0] INFO  impl.RoleInfo (RoleInfo.java:shutdownFollowerState(121)) - 389d5540-641f-48c2-a9df-60738dbad976: shutdown FollowerState
2019-10-23 12:36:27,476 [Thread-1282] INFO  impl.FollowerState (FollowerState.java:run(117)) - daebe4f8-0ad9-4eb2-8ed7-3a8051847eb6@group-AF49A4A4CA2A-FollowerState was interrupted: java.lang.InterruptedException: sleep interrupted
2019-10-23 12:36:27,476 [Thread-1283] INFO  impl.FollowerState (FollowerState.java:run(117)) - 389d5540-641f-48c2-a9df-60738dbad976@group-AF49A4A4CA2A-FollowerState was interrupted: java.lang.InterruptedException: sleep interrupted
2019-10-23 12:36:27,476 [grpc-default-executor-4] INFO  impl.RoleInfo (RoleInfo.java:updateAndGet(143)) - daebe4f8-0ad9-4eb2-8ed7-3a8051847eb6: start FollowerState
2019-10-23 12:36:27,476 [grpc-default-executor-0] INFO  impl.RoleInfo (RoleInfo.java:updateAndGet(143)) - 389d5540-641f-48c2-a9df-60738dbad976: start FollowerState
2019-10-23 12:36:27,491 [279bca68-3e74-4690-81cf-da5ab79b92f7@group-AF49A4A4CA2A-LeaderElection163] INFO  impl.LeaderElection (LeaderElection.java:logAndReturn(56)) - 279bca68-3e74-4690-81cf-da5ab79b92f7@group-AF49A4A4CA2A-LeaderElection163: Election REJECTED; received 2 response(s) [279bca68-3e74-4690-81cf-da5ab79b92f7<-daebe4f8-0ad9-4eb2-8ed7-3a8051847eb6#0:FAIL-t171, 279bca68-3e74-4690-81cf-da5ab79b92f7<-389d5540-641f-48c2-a9df-60738dbad976#0:FAIL-t171] and 0 exception(s); 279bca68-3e74-4690-81cf-da5ab79b92f7@group-AF49A4A4CA2A:t171, leader=null, voted=279bca68-3e74-4690-81cf-da5ab79b92f7, raftlog=279bca68-3e74-4690-81cf-da5ab79b92f7@group-AF49A4A4CA2A-SegmentedRaftLog:OPENED:c-1,f-1,i0, conf=-1: [daebe4f8-0ad9-4eb2-8ed7-3a8051847eb6:192.168.69.118:44860, 389d5540-641f-48c2-a9df-60738dbad976:192.168.69.118:45712, 279bca68-3e74-4690-81cf-da5ab79b92f7:192.168.69.118:45510], old=null
2019-10-23 12:36:27,491 [279bca68-3e74-4690-81cf-da5ab79b92f7@group-AF49A4A4CA2A-LeaderElection163] INFO  impl.RaftServerImpl (RaftServerImpl.java:setRole(184)) - 279bca68-3e74-4690-81cf-da5ab79b92f7@group-AF49A4A4CA2A: changes role from CANDIDATE to FOLLOWER at term 171 for DISCOVERED_A_NEW_TERM
2019-10-23 12:36:27,491 [279bca68-3e74-4690-81cf-da5ab79b92f7@group-AF49A4A4CA2A-LeaderElection163] INFO  impl.RoleInfo (RoleInfo.java:shutdownLeaderElection(134)) - 279bca68-3e74-4690-81cf-da5ab79b92f7: shutdown LeaderElection
2019-10-23 12:36:27,491 [279bca68-3e74-4690-81cf-da5ab79b92f7@group-AF49A4A4CA2A-LeaderElection163] INFO  impl.RoleInfo (RoleInfo.java:updateAndGet(143)) - 279bca68-3e74-4690-81cf-da5ab79b92f7: start FollowerState
2019-10-23 12:36:27,546 [Thread-1290] INFO  impl.FollowerState (FollowerState.java:run(108)) - 279bca68-3e74-4690-81cf-da5ab79b92f7@group-AF49A4A4CA2A-FollowerState: change to CANDIDATE, lastRpcTime:54ms, electionTimeout:54ms
2019-10-23 12:36:27,546 [Thread-1290] INFO  impl.RoleInfo (RoleInfo.java:shutdownFollowerState(121)) - 279bca68-3e74-4690-81cf-da5ab79b92f7: shutdown FollowerState
2019-10-23 12:36:27,546 [Thread-1290] INFO  impl.RaftServerImpl (RaftServerImpl.java:setRole(184)) - 279bca68-3e74-4690-81cf-da5ab79b92f7@group-AF49A4A4CA2A: changes role from  FOLLOWER to CANDIDATE at term 171 for changeToCandidate
2019-10-23 12:36:27,546 [Thread-1290] INFO  impl.RoleInfo (RoleInfo.java:updateAndGet(143)) - 279bca68-3e74-4690-81cf-da5ab79b92f7: start LeaderElection
2019-10-23 12:36:27,560 [279bca68-3e74-4690-81cf-da5ab79b92f7@group-AF49A4A4CA2A-LeaderElection164] INFO  impl.LeaderElection (LeaderElection.java:askForVotes(178)) - 279bca68-3e74-4690-81cf-da5ab79b92f7@group-AF49A4A4CA2A-LeaderElection164: begin an election at term 172 for -1: [daebe4f8-0ad9-4eb2-8ed7-3a8051847eb6:192.168.69.118:44860, 389d5540-641f-48c2-a9df-60738dbad976:192.168.69.118:45712, 279bca68-3e74-4690-81cf-da5ab79b92f7:192.168.69.118:45510], old=null
2019-10-23 12:36:27,562 [grpc-default-executor-0] INFO  impl.RaftServerImpl (RaftServerImpl.java:setRole(184)) - daebe4f8-0ad9-4eb2-8ed7-3a8051847eb6@group-AF49A4A4CA2A: changes role from  FOLLOWER to FOLLOWER at term 172 for recognizeCandidate:279bca68-3e74-4690-81cf-da5ab79b92f7
2019-10-23 12:36:27,562 [grpc-default-executor-0] INFO  impl.RoleInfo (RoleInfo.java:shutdownFollowerState(121)) - daebe4f8-0ad9-4eb2-8ed7-3a8051847eb6: shutdown FollowerState
2019-10-23 12:36:27,563 [grpc-default-executor-4] INFO  impl.RaftServerImpl (RaftServerImpl.java:setRole(184)) - 389d5540-641f-48c2-a9df-60738dbad976@group-AF49A4A4CA2A: changes role from  FOLLOWER to FOLLOWER at term 172 for recognizeCandidate:279bca68-3e74-4690-81cf-da5ab79b92f7
2019-10-23 12:36:27,563 [grpc-default-executor-4] INFO  impl.RoleInfo (RoleInfo.java:shutdownFollowerState(121)) - 389d5540-641f-48c2-a9df-60738dbad976: shutdown FollowerState
2019-10-23 12:36:27,563 [Thread-1288] INFO  impl.FollowerState (FollowerState.java:run(117)) - daebe4f8-0ad9-4eb2-8ed7-3a8051847eb6@group-AF49A4A4CA2A-FollowerState was interrupted: java.lang.InterruptedException: sleep interrupted
2019-10-23 12:36:27,563 [grpc-default-executor-0] INFO  impl.RoleInfo (RoleInfo.java:updateAndGet(143)) - daebe4f8-0ad9-4eb2-8ed7-3a8051847eb6: start FollowerState
2019-10-23 12:36:27,563 [Thread-1289] INFO  impl.FollowerState (FollowerState.java:run(117)) - 389d5540-641f-48c2-a9df-60738dbad976@group-AF49A4A4CA2A-FollowerState was interrupted: java.lang.InterruptedException: sleep interrupted
2019-10-23 12:36:27,563 [grpc-default-executor-4] INFO  impl.RoleInfo (RoleInfo.java:updateAndGet(143)) - 389d5540-641f-48c2-a9df-60738dbad976: start FollowerState
2019-10-23 12:36:27,579 [279bca68-3e74-4690-81cf-da5ab79b92f7@group-AF49A4A4CA2A-LeaderElection164] INFO  impl.LeaderElection (LeaderElection.java:logAndReturn(56)) - 279bca68-3e74-4690-81cf-da5ab79b92f7@group-AF49A4A4CA2A-LeaderElection164: Election REJECTED; received 2 response(s) [279bca68-3e74-4690-81cf-da5ab79b92f7<-daebe4f8-0ad9-4eb2-8ed7-3a8051847eb6#0:FAIL-t172, 279bca68-3e74-4690-81cf-da5ab79b92f7<-389d5540-641f-48c2-a9df-60738dbad976#0:FAIL-t172] and 0 exception(s); 279bca68-3e74-4690-81cf-da5ab79b92f7@group-AF49A4A4CA2A:t172, leader=null, voted=279bca68-3e74-4690-81cf-da5ab79b92f7, raftlog=279bca68-3e74-4690-81cf-da5ab79b92f7@group-AF49A4A4CA2A-SegmentedRaftLog:OPENED:c-1,f-1,i0, conf=-1: [daebe4f8-0ad9-4eb2-8ed7-3a8051847eb6:192.168.69.118:44860, 389d5540-641f-48c2-a9df-60738dbad976:192.168.69.118:45712, 279bca68-3e74-4690-81cf-da5ab79b92f7:192.168.69.118:45510], old=null
2019-10-23 12:36:27,579 [279bca68-3e74-4690-81cf-da5ab79b92f7@group-AF49A4A4CA2A-LeaderElection164] INFO  impl.RaftServerImpl (RaftServerImpl.java:setRole(184)) - 279bca68-3e74-4690-81cf-da5ab79b92f7@group-AF49A4A4CA2A: changes role from CANDIDATE to FOLLOWER at term 172 for DISCOVERED_A_NEW_TERM
2019-10-23 12:36:27,579 [279bca68-3e74-4690-81cf-da5ab79b92f7@group-AF49A4A4CA2A-LeaderElection164] INFO  impl.RoleInfo (RoleInfo.java:shutdownLeaderElection(134)) - 279bca68-3e74-4690-81cf-da5ab79b92f7: shutdown LeaderElection
2019-10-23 12:36:27,579 [279bca68-3e74-4690-81cf-da5ab79b92f7@group-AF49A4A4CA2A-LeaderElection164] INFO  impl.RoleInfo (RoleInfo.java:updateAndGet(143)) - 279bca68-3e74-4690-81cf-da5ab79b92f7: start FollowerState
2019-10-23 12:36:27,769 [Thread-1296] INFO  impl.FollowerState (FollowerState.java:run(108)) - 279bca68-3e74-4690-81cf-da5ab79b92f7@group-AF49A4A4CA2A-FollowerState: change to CANDIDATE, lastRpcTime:189ms, electionTimeout:189ms
2019-10-23 12:36:27,769 [Thread-1296] INFO  impl.RoleInfo (RoleInfo.java:shutdownFollowerState(121)) - 279bca68-3e74-4690-81cf-da5ab79b92f7: shutdown FollowerState
2019-10-23 12:36:27,769 [Thread-1296] INFO  impl.RaftServerImpl (RaftServerImpl.java:setRole(184)) - 279bca68-3e74-4690-81cf-da5ab79b92f7@group-AF49A4A4CA2A: changes role from  FOLLOWER to CANDIDATE at term 172 for changeToCandidate
2019-10-23 12:36:27,769 [Thread-1296] INFO  impl.RoleInfo (RoleInfo.java:updateAndGet(143)) - 279bca68-3e74-4690-81cf-da5ab79b92f7: start LeaderElection
2019-10-23 12:36:27,795 [279bca68-3e74-4690-81cf-da5ab79b92f7@group-AF49A4A4CA2A-LeaderElection165] INFO  impl.LeaderElection (LeaderElection.java:askForVotes(178)) - 279bca68-3e74-4690-81cf-da5ab79b92f7@group-AF49A4A4CA2A-LeaderElection165: begin an election at term 173 for -1: [daebe4f8-0ad9-4eb2-8ed7-3a8051847eb6:192.168.69.118:44860, 389d5540-641f-48c2-a9df-60738dbad976:192.168.69.118:45712, 279bca68-3e74-4690-81cf-da5ab79b92f7:192.168.69.118:45510], old=null
2019-10-23 12:36:27,797 [grpc-default-executor-0] INFO  impl.RaftServerImpl (RaftServerImpl.java:setRole(184)) - daebe4f8-0ad9-4eb2-8ed7-3a8051847eb6@group-AF49A4A4CA2A: changes role from  FOLLOWER to FOLLOWER at term 173 for recognizeCandidate:279bca68-3e74-4690-81cf-da5ab79b92f7
2019-10-23 12:36:27,798 [grpc-default-executor-0] INFO  impl.RoleInfo (RoleInfo.java:shutdownFollowerState(121)) - daebe4f8-0ad9-4eb2-8ed7-3a8051847eb6: shutdown FollowerState
2019-10-23 12:36:27,798 [grpc-default-executor-4] INFO  impl.RaftServerImpl (RaftServerImpl.java:setRole(184)) - 389d5540-641f-48c2-a9df-60738dbad976@group-AF49A4A4CA2A: changes role from  FOLLOWER to FOLLOWER at term 173 for recognizeCandidate:279bca68-3e74-4690-81cf-da5ab79b92f7
2019-10-23 12:36:27,798 [grpc-default-executor-4] INFO  impl.RoleInfo (RoleInfo.java:shutdownFollowerState(121)) - 389d5540-641f-48c2-a9df-60738dbad976: shutdown FollowerState
2019-10-23 12:36:27,798 [Thread-1294] INFO  impl.FollowerState (FollowerState.java:run(117)) - daebe4f8-0ad9-4eb2-8ed7-3a8051847eb6@group-AF49A4A4CA2A-FollowerState was interrupted: java.lang.InterruptedException: sleep interrupted
2019-10-23 12:36:27,798 [grpc-default-executor-0] INFO  impl.RoleInfo (RoleInfo.java:updateAndGet(143)) - daebe4f8-0ad9-4eb2-8ed7-3a8051847eb6: start FollowerState
2019-10-23 12:36:27,798 [Thread-1295] INFO  impl.FollowerState (FollowerState.java:run(117)) - 389d5540-641f-48c2-a9df-60738dbad976@group-AF49A4A4CA2A-FollowerState was interrupted: java.lang.InterruptedException: sleep interrupted
2019-10-23 12:36:27,798 [grpc-default-executor-4] INFO  impl.RoleInfo (RoleInfo.java:updateAndGet(143)) - 389d5540-641f-48c2-a9df-60738dbad976: start FollowerState
2019-10-23 12:36:27,814 [279bca68-3e74-4690-81cf-da5ab79b92f7@group-AF49A4A4CA2A-LeaderElection165] INFO  impl.LeaderElection (LeaderElection.java:logAndReturn(56)) - 279bca68-3e74-4690-81cf-da5ab79b92f7@group-AF49A4A4CA2A-LeaderElection165: Election REJECTED; received 2 response(s) [279bca68-3e74-4690-81cf-da5ab79b92f7<-daebe4f8-0ad9-4eb2-8ed7-3a8051847eb6#0:FAIL-t173, 279bca68-3e74-4690-81cf-da5ab79b92f7<-389d5540-641f-48c2-a9df-60738dbad976#0:FAIL-t173] and 0 exception(s); 279bca68-3e74-4690-81cf-da5ab79b92f7@group-AF49A4A4CA2A:t173, leader=null, voted=279bca68-3e74-4690-81cf-da5ab79b92f7, raftlog=279bca68-3e74-4690-81cf-da5ab79b92f7@group-AF49A4A4CA2A-SegmentedRaftLog:OPENED:c-1,f-1,i0, conf=-1: [daebe4f8-0ad9-4eb2-8ed7-3a8051847eb6:192.168.69.118:44860, 389d5540-641f-48c2-a9df-60738dbad976:192.168.69.118:45712, 279bca68-3e74-4690-81cf-da5ab79b92f7:192.168.69.118:45510], old=null
2019-10-23 12:36:27,814 [279bca68-3e74-4690-81cf-da5ab79b92f7@group-AF49A4A4CA2A-LeaderElection165] INFO  impl.RaftServerImpl (RaftServerImpl.java:setRole(184)) - 279bca68-3e74-4690-81cf-da5ab79b92f7@group-AF49A4A4CA2A: changes role from CANDIDATE to FOLLOWER at term 173 for DISCOVERED_A_NEW_TERM
2019-10-23 12:36:27,814 [279bca68-3e74-4690-81cf-da5ab79b92f7@group-AF49A4A4CA2A-LeaderElection165] INFO  impl.RoleInfo (RoleInfo.java:shutdownLeaderElection(134)) - 279bca68-3e74-4690-81cf-da5ab79b92f7: shutdown LeaderElection
2019-10-23 12:36:27,814 [279bca68-3e74-4690-81cf-da5ab79b92f7@group-AF49A4A4CA2A-LeaderElection165] INFO  impl.RoleInfo (RoleInfo.java:updateAndGet(143)) - 279bca68-3e74-4690-81cf-da5ab79b92f7: start FollowerState
2019-10-23 12:36:27,835 [Thread-1302] INFO  impl.FollowerState (FollowerState.java:run(108)) - 279bca68-3e74-4690-81cf-da5ab79b92f7@group-AF49A4A4CA2A-FollowerState: change to CANDIDATE, lastRpcTime:21ms, electionTimeout:21ms
2019-10-23 12:36:27,836 [Thread-1302] INFO  impl.RoleInfo (RoleInfo.java:shutdownFollowerState(121)) - 279bca68-3e74-4690-81cf-da5ab79b92f7: shutdown FollowerState
2019-10-23 12:36:27,836 [Thread-1302] INFO  impl.RaftServerImpl (RaftServerImpl.java:setRole(184)) - 279bca68-3e74-4690-81cf-da5ab79b92f7@group-AF49A4A4CA2A: changes role from  FOLLOWER to CANDIDATE at term 173 for changeToCandidate
2019-10-23 12:36:27,836 [Thread-1302] INFO  impl.RoleInfo (RoleInfo.java:updateAndGet(143)) - 279bca68-3e74-4690-81cf-da5ab79b92f7: start LeaderElection
2019-10-23 12:36:27,849 [279bca68-3e74-4690-81cf-da5ab79b92f7@group-AF49A4A4CA2A-LeaderElection166] INFO  impl.LeaderElection (LeaderElection.java:askForVotes(178)) - 279bca68-3e74-4690-81cf-da5ab79b92f7@group-AF49A4A4CA2A-LeaderElection166: begin an election at term 174 for -1: [daebe4f8-0ad9-4eb2-8ed7-3a8051847eb6:192.168.69.118:44860, 389d5540-641f-48c2-a9df-60738dbad976:192.168.69.118:45712, 279bca68-3e74-4690-81cf-da5ab79b92f7:192.168.69.118:45510], old=null
2019-10-23 12:36:27,852 [grpc-default-executor-4] INFO  impl.RaftServerImpl (RaftServerImpl.java:setRole(184)) - 389d5540-641f-48c2-a9df-60738dbad976@group-AF49A4A4CA2A: changes role from  FOLLOWER to FOLLOWER at term 174 for recognizeCandidate:279bca68-3e74-4690-81cf-da5ab79b92f7
2019-10-23 12:36:27,852 [grpc-default-executor-0] INFO  impl.RaftServerImpl (RaftServerImpl.java:setRole(184)) - daebe4f8-0ad9-4eb2-8ed7-3a8051847eb6@group-AF49A4A4CA2A: changes role from  FOLLOWER to FOLLOWER at term 174 for recognizeCandidate:279bca68-3e74-4690-81cf-da5ab79b92f7
2019-10-23 12:36:27,852 [grpc-default-executor-0] INFO  impl.RoleInfo (RoleInfo.java:shutdownFollowerState(121)) - daebe4f8-0ad9-4eb2-8ed7-3a8051847eb6: shutdown FollowerState
2019-10-23 12:36:27,852 [grpc-default-executor-4] INFO  impl.RoleInfo (RoleInfo.java:shutdownFollowerState(121)) - 389d5540-641f-48c2-a9df-60738dbad976: shutdown FollowerState
2019-10-23 12:36:27,852 [Thread-1300] INFO  impl.FollowerState (FollowerState.java:run(117)) - daebe4f8-0ad9-4eb2-8ed7-3a8051847eb6@group-AF49A4A4CA2A-FollowerState was interrupted: java.lang.InterruptedException: sleep interrupted
2019-10-23 12:36:27,852 [grpc-default-executor-0] INFO  impl.RoleInfo (RoleInfo.java:updateAndGet(143)) - daebe4f8-0ad9-4eb2-8ed7-3a8051847eb6: start FollowerState
2019-10-23 12:36:27,852 [grpc-default-executor-4] INFO  impl.RoleInfo (RoleInfo.java:updateAndGet(143)) - 389d5540-641f-48c2-a9df-60738dbad976: start FollowerState
2019-10-23 12:36:27,852 [Thread-1301] INFO  impl.FollowerState (FollowerState.java:run(117)) - 389d5540-641f-48c2-a9df-60738dbad976@group-AF49A4A4CA2A-FollowerState was interrupted: java.lang.InterruptedException: sleep interrupted
2019-10-23 12:36:27,871 [279bca68-3e74-4690-81cf-da5ab79b92f7@group-AF49A4A4CA2A-LeaderElection166] INFO  impl.LeaderElection (LeaderElection.java:logAndReturn(56)) - 279bca68-3e74-4690-81cf-da5ab79b92f7@group-AF49A4A4CA2A-LeaderElection166: Election TIMEOUT; received 0 response(s) [] and 0 exception(s); 279bca68-3e74-4690-81cf-da5ab79b92f7@group-AF49A4A4CA2A:t174, leader=null, voted=279bca68-3e74-4690-81cf-da5ab79b92f7, raftlog=279bca68-3e74-4690-81cf-da5ab79b92f7@group-AF49A4A4CA2A-SegmentedRaftLog:OPENED:c-1,f-1,i0, conf=-1: [daebe4f8-0ad9-4eb2-8ed7-3a8051847eb6:192.168.69.118:44860, 389d5540-641f-48c2-a9df-60738dbad976:192.168.69.118:45712, 279bca68-3e74-4690-81cf-da5ab79b92f7:192.168.69.118:45510], old=null
2019-10-23 12:36:27,876 [279bca68-3e74-4690-81cf-da5ab79b92f7@group-AF49A4A4CA2A-LeaderElection166] INFO  impl.LeaderElection (LeaderElection.java:askForVotes(178)) - 279bca68-3e74-4690-81cf-da5ab79b92f7@group-AF49A4A4CA2A-LeaderElection166: begin an election at term 175 for -1: [daebe4f8-0ad9-4eb2-8ed7-3a8051847eb6:192.168.69.118:44860, 389d5540-641f-48c2-a9df-60738dbad976:192.168.69.118:45712, 279bca68-3e74-4690-81cf-da5ab79b92f7:192.168.69.118:45510], old=null
2019-10-23 12:36:27,879 [grpc-default-executor-0] INFO  impl.RaftServerImpl (RaftServerImpl.java:setRole(184)) - daebe4f8-0ad9-4eb2-8ed7-3a8051847eb6@group-AF49A4A4CA2A: changes role from  FOLLOWER to FOLLOWER at term 175 for recognizeCandidate:279bca68-3e74-4690-81cf-da5ab79b92f7
2019-10-23 12:36:27,879 [grpc-default-executor-0] INFO  impl.RoleInfo (RoleInfo.java:shutdownFollowerState(121)) - daebe4f8-0ad9-4eb2-8ed7-3a8051847eb6: shutdown FollowerState
2019-10-23 12:36:27,879 [grpc-default-executor-4] INFO  impl.RaftServerImpl (RaftServerImpl.java:setRole(184)) - 389d5540-641f-48c2-a9df-60738dbad976@group-AF49A4A4CA2A: changes role from  FOLLOWER to FOLLOWER at term 175 for recognizeCandidate:279bca68-3e74-4690-81cf-da5ab79b92f7
2019-10-23 12:36:27,879 [grpc-default-executor-4] INFO  impl.RoleInfo (RoleInfo.java:shutdownFollowerState(121)) - 389d5540-641f-48c2-a9df-60738dbad976: shutdown FollowerState
2019-10-23 12:36:27,879 [Thread-1306] INFO  impl.FollowerState (FollowerState.java:run(117)) - daebe4f8-0ad9-4eb2-8ed7-3a8051847eb6@group-AF49A4A4CA2A-FollowerState was interrupted: java.lang.InterruptedException: sleep interrupted
2019-10-23 12:36:27,879 [grpc-default-executor-0] INFO  impl.RoleInfo (RoleInfo.java:updateAndGet(143)) - daebe4f8-0ad9-4eb2-8ed7-3a8051847eb6: start FollowerState
2019-10-23 12:36:27,879 [Thread-1307] INFO  impl.FollowerState (FollowerState.java:run(117)) - 389d5540-641f-48c2-a9df-60738dbad976@group-AF49A4A4CA2A-FollowerState was interrupted: java.lang.InterruptedException: sleep interrupted
2019-10-23 12:36:27,879 [grpc-default-executor-4] INFO  impl.RoleInfo (RoleInfo.java:updateAndGet(143)) - 389d5540-641f-48c2-a9df-60738dbad976: start FollowerState
2019-10-23 12:36:27,887 [279bca68-3e74-4690-81cf-da5ab79b92f7@group-AF49A4A4CA2A-LeaderElection166] INFO  impl.LeaderElection (LeaderElection.java:logAndReturn(56)) - 279bca68-3e74-4690-81cf-da5ab79b92f7@group-AF49A4A4CA2A-LeaderElection166: Election REJECTED; received 2 response(s) [279bca68-3e74-4690-81cf-da5ab79b92f7<-daebe4f8-0ad9-4eb2-8ed7-3a8051847eb6#0:FAIL-t175, 279bca68-3e74-4690-81cf-da5ab79b92f7<-389d5540-641f-48c2-a9df-60738dbad976#0:FAIL-t175] and 0 exception(s); 279bca68-3e74-4690-81cf-da5ab79b92f7@group-AF49A4A4CA2A:t175, leader=null, voted=279bca68-3e74-4690-81cf-da5ab79b92f7, raftlog=279bca68-3e74-4690-81cf-da5ab79b92f7@group-AF49A4A4CA2A-SegmentedRaftLog:OPENED:c-1,f-1,i0, conf=-1: [daebe4f8-0ad9-4eb2-8ed7-3a8051847eb6:192.168.69.118:44860, 389d5540-641f-48c2-a9df-60738dbad976:192.168.69.118:45712, 279bca68-3e74-4690-81cf-da5ab79b92f7:192.168.69.118:45510], old=null
2019-10-23 12:36:27,887 [279bca68-3e74-4690-81cf-da5ab79b92f7@group-AF49A4A4CA2A-LeaderElection166] INFO  impl.RaftServerImpl (RaftServerImpl.java:setRole(184)) - 279bca68-3e74-4690-81cf-da5ab79b92f7@group-AF49A4A4CA2A: changes role from CANDIDATE to FOLLOWER at term 175 for DISCOVERED_A_NEW_TERM
2019-10-23 12:36:27,887 [279bca68-3e74-4690-81cf-da5ab79b92f7@group-AF49A4A4CA2A-LeaderElection166] INFO  impl.RoleInfo (RoleInfo.java:shutdownLeaderElection(134)) - 279bca68-3e74-4690-81cf-da5ab79b92f7: shutdown LeaderElection
2019-10-23 12:36:27,887 [279bca68-3e74-4690-81cf-da5ab79b92f7@group-AF49A4A4CA2A-LeaderElection166] INFO  impl.RoleInfo (RoleInfo.java:updateAndGet(143)) - 279bca68-3e74-4690-81cf-da5ab79b92f7: start FollowerState
2019-10-23 12:36:27,973 [Thread-1312] INFO  impl.FollowerState (FollowerState.java:run(108)) - 279bca68-3e74-4690-81cf-da5ab79b92f7@group-AF49A4A4CA2A-FollowerState: change to CANDIDATE, lastRpcTime:85ms, electionTimeout:85ms
2019-10-23 12:36:27,973 [Thread-1312] INFO  impl.RoleInfo (RoleInfo.java:shutdownFollowerState(121)) - 279bca68-3e74-4690-81cf-da5ab79b92f7: shutdown FollowerState
2019-10-23 12:36:27,973 [Thread-1312] INFO  impl.RaftServerImpl (RaftServerImpl.java:setRole(184)) - 279bca68-3e74-4690-81cf-da5ab79b92f7@group-AF49A4A4CA2A: changes role from  FOLLOWER to CANDIDATE at term 175 for changeToCandidate
2019-10-23 12:36:27,973 [Thread-1312] INFO  impl.RoleInfo (RoleInfo.java:updateAndGet(143)) - 279bca68-3e74-4690-81cf-da5ab79b92f7: start LeaderElection
2019-10-23 12:36:27,987 [279bca68-3e74-4690-81cf-da5ab79b92f7@group-AF49A4A4CA2A-LeaderElection167] INFO  impl.LeaderElection (LeaderElection.java:askForVotes(178)) - 279bca68-3e74-4690-81cf-da5ab79b92f7@group-AF49A4A4CA2A-LeaderElection167: begin an election at term 176 for -1: [daebe4f8-0ad9-4eb2-8ed7-3a8051847eb6:192.168.69.118:44860, 389d5540-641f-48c2-a9df-60738dbad976:192.168.69.118:45712, 279bca68-3e74-4690-81cf-da5ab79b92f7:192.168.69.118:45510], old=null
2019-10-23 12:36:27,989 [grpc-default-executor-4] INFO  impl.RaftServerImpl (RaftServerImpl.java:setRole(184)) - daebe4f8-0ad9-4eb2-8ed7-3a8051847eb6@group-AF49A4A4CA2A: changes role from  FOLLOWER to FOLLOWER at term 176 for recognizeCandidate:279bca68-3e74-4690-81cf-da5ab79b92f7
2019-10-23 12:36:27,989 [grpc-default-executor-0] INFO  impl.RaftServerImpl (RaftServerImpl.java:setRole(184)) - 389d5540-641f-48c2-a9df-60738dbad976@group-AF49A4A4CA2A: changes role from  FOLLOWER to FOLLOWER at term 176 for recognizeCandidate:279bca68-3e74-4690-81cf-da5ab79b92f7
2019-10-23 12:36:27,989 [grpc-default-executor-4] INFO  impl.RoleInfo (RoleInfo.java:shutdownFollowerState(121)) - daebe4f8-0ad9-4eb2-8ed7-3a8051847eb6: shutdown FollowerState
2019-10-23 12:36:27,989 [grpc-default-executor-0] INFO  impl.RoleInfo (RoleInfo.java:shutdownFollowerState(121)) - 389d5540-641f-48c2-a9df-60738dbad976: shutdown FollowerState
2019-10-23 12:36:27,989 [Thread-1310] INFO  impl.FollowerState (FollowerState.java:run(117)) - daebe4f8-0ad9-4eb2-8ed7-3a8051847eb6@group-AF49A4A4CA2A-FollowerState was interrupted: java.lang.InterruptedException: sleep interrupted
2019-10-23 12:36:27,989 [grpc-default-executor-4] INFO  impl.RoleInfo (RoleInfo.java:updateAndGet(143)) - daebe4f8-0ad9-4eb2-8ed7-3a8051847eb6: start FollowerState
2019-10-23 12:36:27,990 [Thread-1311] INFO  impl.FollowerState (FollowerState.java:run(117)) - 389d5540-641f-48c2-a9df-60738dbad976@group-AF49A4A4CA2A-FollowerState was interrupted: java.lang.InterruptedException: sleep interrupted
2019-10-23 12:36:27,989 [grpc-default-executor-0] INFO  impl.RoleInfo (RoleInfo.java:updateAndGet(143)) - 389d5540-641f-48c2-a9df-60738dbad976: start FollowerState
2019-10-23 12:36:28,006 [279bca68-3e74-4690-81cf-da5ab79b92f7@group-AF49A4A4CA2A-LeaderElection167] INFO  impl.LeaderElection (LeaderElection.java:logAndReturn(56)) - 279bca68-3e74-4690-81cf-da5ab79b92f7@group-AF49A4A4CA2A-LeaderElection167: Election REJECTED; received 2 response(s) [279bca68-3e74-4690-81cf-da5ab79b92f7<-daebe4f8-0ad9-4eb2-8ed7-3a8051847eb6#0:FAIL-t176, 279bca68-3e74-4690-81cf-da5ab79b92f7<-389d5540-641f-48c2-a9df-60738dbad976#0:FAIL-t176] and 0 exception(s); 279bca68-3e74-4690-81cf-da5ab79b92f7@group-AF49A4A4CA2A:t176, leader=null, voted=279bca68-3e74-4690-81cf-da5ab79b92f7, raftlog=279bca68-3e74-4690-81cf-da5ab79b92f7@group-AF49A4A4CA2A-SegmentedRaftLog:OPENED:c-1,f-1,i0, conf=-1: [daebe4f8-0ad9-4eb2-8ed7-3a8051847eb6:192.168.69.118:44860, 389d5540-641f-48c2-a9df-60738dbad976:192.168.69.118:45712, 279bca68-3e74-4690-81cf-da5ab79b92f7:192.168.69.118:45510], old=null
2019-10-23 12:36:28,006 [279bca68-3e74-4690-81cf-da5ab79b92f7@group-AF49A4A4CA2A-LeaderElection167] INFO  impl.RaftServerImpl (RaftServerImpl.java:setRole(184)) - 279bca68-3e74-4690-81cf-da5ab79b92f7@group-AF49A4A4CA2A: changes role from CANDIDATE to FOLLOWER at term 176 for DISCOVERED_A_NEW_TERM
2019-10-23 12:36:28,006 [279bca68-3e74-4690-81cf-da5ab79b92f7@group-AF49A4A4CA2A-LeaderElection167] INFO  impl.RoleInfo (RoleInfo.java:shutdownLeaderElection(134)) - 279bca68-3e74-4690-81cf-da5ab79b92f7: shutdown LeaderElection
2019-10-23 12:36:28,007 [279bca68-3e74-4690-81cf-da5ab79b92f7@group-AF49A4A4CA2A-LeaderElection167] INFO  impl.RoleInfo (RoleInfo.java:updateAndGet(143)) - 279bca68-3e74-4690-81cf-da5ab79b92f7: start FollowerState
2019-10-23 12:36:28,110 [Thread-1320] INFO  impl.FollowerState (FollowerState.java:run(108)) - 279bca68-3e74-4690-81cf-da5ab79b92f7@group-AF49A4A4CA2A-FollowerState: change to CANDIDATE, lastRpcTime:103ms, electionTimeout:103ms
2019-10-23 12:36:28,110 [Thread-1320] INFO  impl.RoleInfo (RoleInfo.java:shutdownFollowerState(121)) - 279bca68-3e74-4690-81cf-da5ab79b92f7: shutdown FollowerState
2019-10-23 12:36:28,110 [Thread-1320] INFO  impl.RaftServerImpl (RaftServerImpl.java:setRole(184)) - 279bca68-3e74-4690-81cf-da5ab79b92f7@group-AF49A4A4CA2A: changes role from  FOLLOWER to CANDIDATE at term 176 for changeToCandidate
2019-10-23 12:36:28,110 [Thread-1320] INFO  impl.RoleInfo (RoleInfo.java:updateAndGet(143)) - 279bca68-3e74-4690-81cf-da5ab79b92f7: start LeaderElection
2019-10-23 12:36:28,124 [279bca68-3e74-4690-81cf-da5ab79b92f7@group-AF49A4A4CA2A-LeaderElection168] INFO  impl.LeaderElection (LeaderElection.java:askForVotes(178)) - 279bca68-3e74-4690-81cf-da5ab79b92f7@group-AF49A4A4CA2A-LeaderElection168: begin an election at term 177 for -1: [daebe4f8-0ad9-4eb2-8ed7-3a8051847eb6:192.168.69.118:44860, 389d5540-641f-48c2-a9df-60738dbad976:192.168.69.118:45712, 279bca68-3e74-4690-81cf-da5ab79b92f7:192.168.69.118:45510], old=null
2019-10-23 12:36:28,126 [grpc-default-executor-3] INFO  impl.RaftServerImpl (RaftServerImpl.java:setRole(184)) - daebe4f8-0ad9-4eb2-8ed7-3a8051847eb6@group-AF49A4A4CA2A: changes role from  FOLLOWER to FOLLOWER at term 177 for recognizeCandidate:279bca68-3e74-4690-81cf-da5ab79b92f7
2019-10-23 12:36:28,126 [grpc-default-executor-4] INFO  impl.RaftServerImpl (RaftServerImpl.java:setRole(184)) - 389d5540-641f-48c2-a9df-60738dbad976@group-AF49A4A4CA2A: changes role from  FOLLOWER to FOLLOWER at term 177 for recognizeCandidate:279bca68-3e74-4690-81cf-da5ab79b92f7
2019-10-23 12:36:28,127 [grpc-default-executor-3] INFO  impl.RoleInfo (RoleInfo.java:shutdownFollowerState(121)) - daebe4f8-0ad9-4eb2-8ed7-3a8051847eb6: shutdown FollowerState
2019-10-23 12:36:28,127 [grpc-default-executor-4] INFO  impl.RoleInfo (RoleInfo.java:shutdownFollowerState(121)) - 389d5540-641f-48c2-a9df-60738dbad976: shutdown FollowerState
2019-10-23 12:36:28,127 [Thread-1316] INFO  impl.FollowerState (FollowerState.java:run(117)) - daebe4f8-0ad9-4eb2-8ed7-3a8051847eb6@group-AF49A4A4CA2A-FollowerState was interrupted: java.lang.InterruptedException: sleep interrupted
2019-10-23 12:36:28,127 [grpc-default-executor-3] INFO  impl.RoleInfo (RoleInfo.java:updateAndGet(143)) - daebe4f8-0ad9-4eb2-8ed7-3a8051847eb6: start FollowerState
2019-10-23 12:36:28,127 [grpc-default-executor-4] INFO  impl.RoleInfo (RoleInfo.java:updateAndGet(143)) - 389d5540-641f-48c2-a9df-60738dbad976: start FollowerState
2019-10-23 12:36:28,127 [Thread-1317] INFO  impl.FollowerState (FollowerState.java:run(117)) - 389d5540-641f-48c2-a9df-60738dbad976@group-AF49A4A4CA2A-FollowerState was interrupted: java.lang.InterruptedException: sleep interrupted
2019-10-23 12:36:28,147 [279bca68-3e74-4690-81cf-da5ab79b92f7@group-AF49A4A4CA2A-LeaderElection168] INFO  impl.LeaderElection (LeaderElection.java:logAndReturn(56)) - 279bca68-3e74-4690-81cf-da5ab79b92f7@group-AF49A4A4CA2A-LeaderElection168: Election REJECTED; received 2 response(s) [279bca68-3e74-4690-81cf-da5ab79b92f7<-daebe4f8-0ad9-4eb2-8ed7-3a8051847eb6#0:FAIL-t177, 279bca68-3e74-4690-81cf-da5ab79b92f7<-389d5540-641f-48c2-a9df-60738dbad976#0:FAIL-t177] and 0 exception(s); 279bca68-3e74-4690-81cf-da5ab79b92f7@group-AF49A4A4CA2A:t177, leader=null, voted=279bca68-3e74-4690-81cf-da5ab79b92f7, raftlog=279bca68-3e74-4690-81cf-da5ab79b92f7@group-AF49A4A4CA2A-SegmentedRaftLog:OPENED:c-1,f-1,i0, conf=-1: [daebe4f8-0ad9-4eb2-8ed7-3a8051847eb6:192.168.69.118:44860, 389d5540-641f-48c2-a9df-60738dbad976:192.168.69.118:45712, 279bca68-3e74-4690-81cf-da5ab79b92f7:192.168.69.118:45510], old=null
2019-10-23 12:36:28,147 [279bca68-3e74-4690-81cf-da5ab79b92f7@group-AF49A4A4CA2A-LeaderElection168] INFO  impl.RaftServerImpl (RaftServerImpl.java:setRole(184)) - 279bca68-3e74-4690-81cf-da5ab79b92f7@group-AF49A4A4CA2A: changes role from CANDIDATE to FOLLOWER at term 177 for DISCOVERED_A_NEW_TERM
2019-10-23 12:36:28,147 [279bca68-3e74-4690-81cf-da5ab79b92f7@group-AF49A4A4CA2A-LeaderElection168] INFO  impl.RoleInfo (RoleInfo.java:shutdownLeaderElection(134)) - 279bca68-3e74-4690-81cf-da5ab79b92f7: shutdown LeaderElection
2019-10-23 12:36:28,147 [279bca68-3e74-4690-81cf-da5ab79b92f7@group-AF49A4A4CA2A-LeaderElection168] INFO  impl.RoleInfo (RoleInfo.java:updateAndGet(143)) - 279bca68-3e74-4690-81cf-da5ab79b92f7: start FollowerState
2019-10-23 12:36:28,348 [Thread-1326] INFO  impl.FollowerState (FollowerState.java:run(108)) - 279bca68-3e74-4690-81cf-da5ab79b92f7@group-AF49A4A4CA2A-FollowerState: change to CANDIDATE, lastRpcTime:200ms, electionTimeout:200ms
2019-10-23 12:36:28,348 [Thread-1326] INFO  impl.RoleInfo (RoleInfo.java:shutdownFollowerState(121)) - 279bca68-3e74-4690-81cf-da5ab79b92f7: shutdown FollowerState
2019-10-23 12:36:28,348 [Thread-1326] INFO  impl.RaftServerImpl (RaftServerImpl.java:setRole(184)) - 279bca68-3e74-4690-81cf-da5ab79b92f7@group-AF49A4A4CA2A: changes role from  FOLLOWER to CANDIDATE at term 177 for changeToCandidate
2019-10-23 12:36:28,349 [Thread-1326] INFO  impl.RoleInfo (RoleInfo.java:updateAndGet(143)) - 279bca68-3e74-4690-81cf-da5ab79b92f7: start LeaderElection
2019-10-23 12:36:28,368 [279bca68-3e74-4690-81cf-da5ab79b92f7@group-AF49A4A4CA2A-LeaderElection169] INFO  impl.LeaderElection (LeaderElection.java:askForVotes(178)) - 279bca68-3e74-4690-81cf-da5ab79b92f7@group-AF49A4A4CA2A-LeaderElection169: begin an election at term 178 for -1: [daebe4f8-0ad9-4eb2-8ed7-3a8051847eb6:192.168.69.118:44860, 389d5540-641f-48c2-a9df-60738dbad976:192.168.69.118:45712, 279bca68-3e74-4690-81cf-da5ab79b92f7:192.168.69.118:45510], old=null
2019-10-23 12:36:28,371 [grpc-default-executor-4] INFO  impl.RaftServerImpl (RaftServerImpl.java:setRole(184)) - 389d5540-641f-48c2-a9df-60738dbad976@group-AF49A4A4CA2A: changes role from  FOLLOWER to FOLLOWER at term 178 for recognizeCandidate:279bca68-3e74-4690-81cf-da5ab79b92f7
2019-10-23 12:36:28,371 [grpc-default-executor-4] INFO  impl.RoleInfo (RoleInfo.java:shutdownFollowerState(121)) - 389d5540-641f-48c2-a9df-60738dbad976: shutdown FollowerState
2019-10-23 12:36:28,371 [grpc-default-executor-3] INFO  impl.RaftServerImpl (RaftServerImpl.java:setRole(184)) - daebe4f8-0ad9-4eb2-8ed7-3a8051847eb6@group-AF49A4A4CA2A: changes role from  FOLLOWER to FOLLOWER at term 178 for recognizeCandidate:279bca68-3e74-4690-81cf-da5ab79b92f7
2019-10-23 12:36:28,372 [Thread-1325] INFO  impl.FollowerState (FollowerState.java:run(117)) - 389d5540-641f-48c2-a9df-60738dbad976@group-AF49A4A4CA2A-FollowerState was interrupted: java.lang.InterruptedException: sleep interrupted
2019-10-23 12:36:28,372 [grpc-default-executor-4] INFO  impl.RoleInfo (RoleInfo.java:updateAndGet(143)) - 389d5540-641f-48c2-a9df-60738dbad976: start FollowerState
2019-10-23 12:36:28,372 [grpc-default-executor-3] INFO  impl.RoleInfo (RoleInfo.java:shutdownFollowerState(121)) - daebe4f8-0ad9-4eb2-8ed7-3a8051847eb6: shutdown FollowerState
2019-10-23 12:36:28,372 [grpc-default-executor-3] INFO  impl.RoleInfo (RoleInfo.java:updateAndGet(143)) - daebe4f8-0ad9-4eb2-8ed7-3a8051847eb6: start FollowerState
2019-10-23 12:36:28,372 [Thread-1324] INFO  impl.FollowerState (FollowerState.java:run(117)) - daebe4f8-0ad9-4eb2-8ed7-3a8051847eb6@group-AF49A4A4CA2A-FollowerState was interrupted: java.lang.InterruptedException: sleep interrupted
2019-10-23 12:36:28,384 [279bca68-3e74-4690-81cf-da5ab79b92f7@group-AF49A4A4CA2A-LeaderElection169] INFO  impl.LeaderElection (LeaderElection.java:logAndReturn(56)) - 279bca68-3e74-4690-81cf-da5ab79b92f7@group-AF49A4A4CA2A-LeaderElection169: Election REJECTED; received 2 response(s) [279bca68-3e74-4690-81cf-da5ab79b92f7<-daebe4f8-0ad9-4eb2-8ed7-3a8051847eb6#0:FAIL-t178, 279bca68-3e74-4690-81cf-da5ab79b92f7<-389d5540-641f-48c2-a9df-60738dbad976#0:FAIL-t178] and 0 exception(s); 279bca68-3e74-4690-81cf-da5ab79b92f7@group-AF49A4A4CA2A:t178, leader=null, voted=279bca68-3e74-4690-81cf-da5ab79b92f7, raftlog=279bca68-3e74-4690-81cf-da5ab79b92f7@group-AF49A4A4CA2A-SegmentedRaftLog:OPENED:c-1,f-1,i0, conf=-1: [daebe4f8-0ad9-4eb2-8ed7-3a8051847eb6:192.168.69.118:44860, 389d5540-641f-48c2-a9df-60738dbad976:192.168.69.118:45712, 279bca68-3e74-4690-81cf-da5ab79b92f7:192.168.69.118:45510], old=null
2019-10-23 12:36:28,385 [279bca68-3e74-4690-81cf-da5ab79b92f7@group-AF49A4A4CA2A-LeaderElection169] INFO  impl.RaftServerImpl (RaftServerImpl.java:setRole(184)) - 279bca68-3e74-4690-81cf-da5ab79b92f7@group-AF49A4A4CA2A: changes role from CANDIDATE to FOLLOWER at term 178 for DISCOVERED_A_NEW_TERM
2019-10-23 12:36:28,385 [279bca68-3e74-4690-81cf-da5ab79b92f7@group-AF49A4A4CA2A-LeaderElection169] INFO  impl.RoleInfo (RoleInfo.java:shutdownLeaderElection(134)) - 279bca68-3e74-4690-81cf-da5ab79b92f7: shutdown LeaderElection
2019-10-23 12:36:28,385 [279bca68-3e74-4690-81cf-da5ab79b92f7@group-AF49A4A4CA2A-LeaderElection169] INFO  impl.RoleInfo (RoleInfo.java:updateAndGet(143)) - 279bca68-3e74-4690-81cf-da5ab79b92f7: start FollowerState
2019-10-23 12:36:28,394 [Thread-1332] INFO  impl.FollowerState (FollowerState.java:run(108)) - 279bca68-3e74-4690-81cf-da5ab79b92f7@group-AF49A4A4CA2A-FollowerState: change to CANDIDATE, lastRpcTime:9ms, electionTimeout:9ms
2019-10-23 12:36:28,394 [Thread-1332] INFO  impl.RoleInfo (RoleInfo.java:shutdownFollowerState(121)) - 279bca68-3e74-4690-81cf-da5ab79b92f7: shutdown FollowerState
2019-10-23 12:36:28,395 [Thread-1332] INFO  impl.RaftServerImpl (RaftServerImpl.java:setRole(184)) - 279bca68-3e74-4690-81cf-da5ab79b92f7@group-AF49A4A4CA2A: changes role from  FOLLOWER to CANDIDATE at term 178 for changeToCandidate
2019-10-23 12:36:28,395 [Thread-1332] INFO  impl.RoleInfo (RoleInfo.java:updateAndGet(143)) - 279bca68-3e74-4690-81cf-da5ab79b92f7: start LeaderElection
2019-10-23 12:36:28,408 [279bca68-3e74-4690-81cf-da5ab79b92f7@group-AF49A4A4CA2A-LeaderElection170] INFO  impl.LeaderElection (LeaderElection.java:askForVotes(178)) - 279bca68-3e74-4690-81cf-da5ab79b92f7@group-AF49A4A4CA2A-LeaderElection170: begin an election at term 179 for -1: [daebe4f8-0ad9-4eb2-8ed7-3a8051847eb6:192.168.69.118:44860, 389d5540-641f-48c2-a9df-60738dbad976:192.168.69.118:45712, 279bca68-3e74-4690-81cf-da5ab79b92f7:192.168.69.118:45510], old=null
2019-10-23 12:36:28,410 [grpc-default-executor-4] INFO  impl.RaftServerImpl (RaftServerImpl.java:setRole(184)) - 389d5540-641f-48c2-a9df-60738dbad976@group-AF49A4A4CA2A: changes role from  FOLLOWER to FOLLOWER at term 179 for recognizeCandidate:279bca68-3e74-4690-81cf-da5ab79b92f7
2019-10-23 12:36:28,410 [grpc-default-executor-3] INFO  impl.RaftServerImpl (RaftServerImpl.java:setRole(184)) - daebe4f8-0ad9-4eb2-8ed7-3a8051847eb6@group-AF49A4A4CA2A: changes role from  FOLLOWER to FOLLOWER at term 179 for recognizeCandidate:279bca68-3e74-4690-81cf-da5ab79b92f7
2019-10-23 12:36:28,410 [grpc-default-executor-4] INFO  impl.RoleInfo (RoleInfo.java:shutdownFollowerState(121)) - 389d5540-641f-48c2-a9df-60738dbad976: shutdown FollowerState
2019-10-23 12:36:28,410 [grpc-default-executor-3] INFO  impl.RoleInfo (RoleInfo.java:shutdownFollowerState(121)) - daebe4f8-0ad9-4eb2-8ed7-3a8051847eb6: shutdown FollowerState
2019-10-23 12:36:28,411 [Thread-1330] INFO  impl.FollowerState (FollowerState.java:run(117)) - 389d5540-641f-48c2-a9df-60738dbad976@group-AF49A4A4CA2A-FollowerState was interrupted: java.lang.InterruptedException: sleep interrupted
2019-10-23 12:36:28,411 [grpc-default-executor-4] INFO  impl.RoleInfo (RoleInfo.java:updateAndGet(143)) - 389d5540-641f-48c2-a9df-60738dbad976: start FollowerState
2019-10-23 12:36:28,411 [Thread-1331] INFO  impl.FollowerState (FollowerState.java:run(117)) - daebe4f8-0ad9-4eb2-8ed7-3a8051847eb6@group-AF49A4A4CA2A-FollowerState was interrupted: java.lang.InterruptedException: sleep interrupted
2019-10-23 12:36:28,411 [grpc-default-executor-3] INFO  impl.RoleInfo (RoleInfo.java:updateAndGet(143)) - daebe4f8-0ad9-4eb2-8ed7-3a8051847eb6: start FollowerState
2019-10-23 12:36:28,426 [279bca68-3e74-4690-81cf-da5ab79b92f7@group-AF49A4A4CA2A-LeaderElection170] INFO  impl.LeaderElection (LeaderElection.java:logAndReturn(56)) - 279bca68-3e74-4690-81cf-da5ab79b92f7@group-AF49A4A4CA2A-LeaderElection170: Election REJECTED; received 2 response(s) [279bca68-3e74-4690-81cf-da5ab79b92f7<-daebe4f8-0ad9-4eb2-8ed7-3a8051847eb6#0:FAIL-t179, 279bca68-3e74-4690-81cf-da5ab79b92f7<-389d5540-641f-48c2-a9df-60738dbad976#0:FAIL-t179] and 0 exception(s); 279bca68-3e74-4690-81cf-da5ab79b92f7@group-AF49A4A4CA2A:t179, leader=null, voted=279bca68-3e74-4690-81cf-da5ab79b92f7, raftlog=279bca68-3e74-4690-81cf-da5ab79b92f7@group-AF49A4A4CA2A-SegmentedRaftLog:OPENED:c-1,f-1,i0, conf=-1: [daebe4f8-0ad9-4eb2-8ed7-3a8051847eb6:192.168.69.118:44860, 389d5540-641f-48c2-a9df-60738dbad976:192.168.69.118:45712, 279bca68-3e74-4690-81cf-da5ab79b92f7:192.168.69.118:45510], old=null
2019-10-23 12:36:28,426 [279bca68-3e74-4690-81cf-da5ab79b92f7@group-AF49A4A4CA2A-LeaderElection170] INFO  impl.RaftServerImpl (RaftServerImpl.java:setRole(184)) - 279bca68-3e74-4690-81cf-da5ab79b92f7@group-AF49A4A4CA2A: changes role from CANDIDATE to FOLLOWER at term 179 for DISCOVERED_A_NEW_TERM
2019-10-23 12:36:28,426 [279bca68-3e74-4690-81cf-da5ab79b92f7@group-AF49A4A4CA2A-LeaderElection170] INFO  impl.RoleInfo (RoleInfo.java:shutdownLeaderElection(134)) - 279bca68-3e74-4690-81cf-da5ab79b92f7: shutdown LeaderElection
2019-10-23 12:36:28,426 [279bca68-3e74-4690-81cf-da5ab79b92f7@group-AF49A4A4CA2A-LeaderElection170] INFO  impl.RoleInfo (RoleInfo.java:updateAndGet(143)) - 279bca68-3e74-4690-81cf-da5ab79b92f7: start FollowerState
2019-10-23 12:36:28,436 [Thread-1338] INFO  impl.FollowerState (FollowerState.java:run(108)) - 279bca68-3e74-4690-81cf-da5ab79b92f7@group-AF49A4A4CA2A-FollowerState: change to CANDIDATE, lastRpcTime:10ms, electionTimeout:10ms
2019-10-23 12:36:28,437 [Thread-1338] INFO  impl.RoleInfo (RoleInfo.java:shutdownFollowerState(121)) - 279bca68-3e74-4690-81cf-da5ab79b92f7: shutdown FollowerState
2019-10-23 12:36:28,437 [Thread-1338] INFO  impl.RaftServerImpl (RaftServerImpl.java:setRole(184)) - 279bca68-3e74-4690-81cf-da5ab79b92f7@group-AF49A4A4CA2A: changes role from  FOLLOWER to CANDIDATE at term 179 for changeToCandidate
2019-10-23 12:36:28,437 [Thread-1338] INFO  impl.RoleInfo (RoleInfo.java:updateAndGet(143)) - 279bca68-3e74-4690-81cf-da5ab79b92f7: start LeaderElection
2019-10-23 12:36:28,450 [279bca68-3e74-4690-81cf-da5ab79b92f7@group-AF49A4A4CA2A-LeaderElection171] INFO  impl.LeaderElection (LeaderElection.java:askForVotes(178)) - 279bca68-3e74-4690-81cf-da5ab79b92f7@group-AF49A4A4CA2A-LeaderElection171: begin an election at term 180 for -1: [daebe4f8-0ad9-4eb2-8ed7-3a8051847eb6:192.168.69.118:44860, 389d5540-641f-48c2-a9df-60738dbad976:192.168.69.118:45712, 279bca68-3e74-4690-81cf-da5ab79b92f7:192.168.69.118:45510], old=null
2019-10-23 12:36:28,452 [grpc-default-executor-4] INFO  impl.RaftServerImpl (RaftServerImpl.java:setRole(184)) - 389d5540-641f-48c2-a9df-60738dbad976@group-AF49A4A4CA2A: changes role from  FOLLOWER to FOLLOWER at term 180 for recognizeCandidate:279bca68-3e74-4690-81cf-da5ab79b92f7
2019-10-23 12:36:28,452 [grpc-default-executor-4] INFO  impl.RoleInfo (RoleInfo.java:shutdownFollowerState(121)) - 389d5540-641f-48c2-a9df-60738dbad976: shutdown FollowerState
2019-10-23 12:36:28,452 [grpc-default-executor-4] INFO  impl.RoleInfo (RoleInfo.java:updateAndGet(143)) - 389d5540-641f-48c2-a9df-60738dbad976: start FollowerState
2019-10-23 12:36:28,452 [Thread-1336] INFO  impl.FollowerState (FollowerState.java:run(117)) - 389d5540-641f-48c2-a9df-60738dbad976@group-AF49A4A4CA2A-FollowerState was interrupted: java.lang.InterruptedException: sleep interrupted
2019-10-23 12:36:28,453 [grpc-default-executor-3] INFO  impl.RaftServerImpl (RaftServerImpl.java:setRole(184)) - daebe4f8-0ad9-4eb2-8ed7-3a8051847eb6@group-AF49A4A4CA2A: changes role from  FOLLOWER to FOLLOWER at term 180 for recognizeCandidate:279bca68-3e74-4690-81cf-da5ab79b92f7
2019-10-23 12:36:28,453 [grpc-default-executor-3] INFO  impl.RoleInfo (RoleInfo.java:shutdownFollowerState(121)) - daebe4f8-0ad9-4eb2-8ed7-3a8051847eb6: shutdown FollowerState
2019-10-23 12:36:28,453 [grpc-default-executor-3] INFO  impl.RoleInfo (RoleInfo.java:updateAndGet(143)) - daebe4f8-0ad9-4eb2-8ed7-3a8051847eb6: start FollowerState
2019-10-23 12:36:28,453 [Thread-1337] INFO  impl.FollowerState (FollowerState.java:run(117)) - daebe4f8-0ad9-4eb2-8ed7-3a8051847eb6@group-AF49A4A4CA2A-FollowerState was interrupted: java.lang.InterruptedException: sleep interrupted
2019-10-23 12:36:28,468 [279bca68-3e74-4690-81cf-da5ab79b92f7@group-AF49A4A4CA2A-LeaderElection171] INFO  impl.LeaderElection (LeaderElection.java:logAndReturn(56)) - 279bca68-3e74-4690-81cf-da5ab79b92f7@group-AF49A4A4CA2A-LeaderElection171: Election REJECTED; received 2 response(s) [279bca68-3e74-4690-81cf-da5ab79b92f7<-daebe4f8-0ad9-4eb2-8ed7-3a8051847eb6#0:FAIL-t180, 279bca68-3e74-4690-81cf-da5ab79b92f7<-389d5540-641f-48c2-a9df-60738dbad976#0:FAIL-t180] and 0 exception(s); 279bca68-3e74-4690-81cf-da5ab79b92f7@group-AF49A4A4CA2A:t180, leader=null, voted=279bca68-3e74-4690-81cf-da5ab79b92f7, raftlog=279bca68-3e74-4690-81cf-da5ab79b92f7@group-AF49A4A4CA2A-SegmentedRaftLog:OPENED:c-1,f-1,i0, conf=-1: [daebe4f8-0ad9-4eb2-8ed7-3a8051847eb6:192.168.69.118:44860, 389d5540-641f-48c2-a9df-60738dbad976:192.168.69.118:45712, 279bca68-3e74-4690-81cf-da5ab79b92f7:192.168.69.118:45510], old=null
2019-10-23 12:36:28,468 [279bca68-3e74-4690-81cf-da5ab79b92f7@group-AF49A4A4CA2A-LeaderElection171] INFO  impl.RaftServerImpl (RaftServerImpl.java:setRole(184)) - 279bca68-3e74-4690-81cf-da5ab79b92f7@group-AF49A4A4CA2A: changes role from CANDIDATE to FOLLOWER at term 180 for DISCOVERED_A_NEW_TERM
2019-10-23 12:36:28,468 [279bca68-3e74-4690-81cf-da5ab79b92f7@group-AF49A4A4CA2A-LeaderElection171] INFO  impl.RoleInfo (RoleInfo.java:shutdownLeaderElection(134)) - 279bca68-3e74-4690-81cf-da5ab79b92f7: shutdown LeaderElection
2019-10-23 12:36:28,468 [279bca68-3e74-4690-81cf-da5ab79b92f7@group-AF49A4A4CA2A-LeaderElection171] INFO  impl.RoleInfo (RoleInfo.java:updateAndGet(143)) - 279bca68-3e74-4690-81cf-da5ab79b92f7: start FollowerState
2019-10-23 12:36:28,509 [Thread-1344] INFO  impl.FollowerState (FollowerState.java:run(108)) - 279bca68-3e74-4690-81cf-da5ab79b92f7@group-AF49A4A4CA2A-FollowerState: change to CANDIDATE, lastRpcTime:41ms, electionTimeout:41ms
2019-10-23 12:36:28,510 [Thread-1344] INFO  impl.RoleInfo (RoleInfo.java:shutdownFollowerState(121)) - 279bca68-3e74-4690-81cf-da5ab79b92f7: shutdown FollowerState
2019-10-23 12:36:28,510 [Thread-1344] INFO  impl.RaftServerImpl (RaftServerImpl.java:setRole(184)) - 279bca68-3e74-4690-81cf-da5ab79b92f7@group-AF49A4A4CA2A: changes role from  FOLLOWER to CANDIDATE at term 180 for changeToCandidate
2019-10-23 12:36:28,510 [Thread-1344] INFO  impl.RoleInfo (RoleInfo.java:updateAndGet(143)) - 279bca68-3e74-4690-81cf-da5ab79b92f7: start LeaderElection
2019-10-23 12:36:28,518 [279bca68-3e74-4690-81cf-da5ab79b92f7@group-AF49A4A4CA2A-LeaderElection172] INFO  impl.LeaderElection (LeaderElection.java:askForVotes(178)) - 279bca68-3e74-4690-81cf-da5ab79b92f7@group-AF49A4A4CA2A-LeaderElection172: begin an election at term 181 for -1: [daebe4f8-0ad9-4eb2-8ed7-3a8051847eb6:192.168.69.118:44860, 389d5540-641f-48c2-a9df-60738dbad976:192.168.69.118:45712, 279bca68-3e74-4690-81cf-da5ab79b92f7:192.168.69.118:45510], old=null
2019-10-23 12:36:28,520 [grpc-default-executor-4] INFO  impl.RaftServerImpl (RaftServerImpl.java:setRole(184)) - daebe4f8-0ad9-4eb2-8ed7-3a8051847eb6@group-AF49A4A4CA2A: changes role from  FOLLOWER to FOLLOWER at term 181 for recognizeCandidate:279bca68-3e74-4690-81cf-da5ab79b92f7
2019-10-23 12:36:28,521 [grpc-default-executor-4] INFO  impl.RoleInfo (RoleInfo.java:shutdownFollowerState(121)) - daebe4f8-0ad9-4eb2-8ed7-3a8051847eb6: shutdown FollowerState
2019-10-23 12:36:28,521 [grpc-default-executor-3] INFO  impl.RaftServerImpl (RaftServerImpl.java:setRole(184)) - 389d5540-641f-48c2-a9df-60738dbad976@group-AF49A4A4CA2A: changes role from  FOLLOWER to FOLLOWER at term 181 for recognizeCandidate:279bca68-3e74-4690-81cf-da5ab79b92f7
2019-10-23 12:36:28,521 [grpc-default-executor-3] INFO  impl.RoleInfo (RoleInfo.java:shutdownFollowerState(121)) - 389d5540-641f-48c2-a9df-60738dbad976: shutdown FollowerState
2019-10-23 12:36:28,521 [grpc-default-executor-4] INFO  impl.RoleInfo (RoleInfo.java:updateAndGet(143)) - daebe4f8-0ad9-4eb2-8ed7-3a8051847eb6: start FollowerState
2019-10-23 12:36:28,521 [Thread-1343] INFO  impl.FollowerState (FollowerState.java:run(117)) - daebe4f8-0ad9-4eb2-8ed7-3a8051847eb6@group-AF49A4A4CA2A-FollowerState was interrupted: java.lang.InterruptedException: sleep interrupted
2019-10-23 12:36:28,521 [Thread-1342] INFO  impl.FollowerState (FollowerState.java:run(117)) - 389d5540-641f-48c2-a9df-60738dbad976@group-AF49A4A4CA2A-FollowerState was interrupted: java.lang.InterruptedException: sleep interrupted
2019-10-23 12:36:28,521 [grpc-default-executor-3] INFO  impl.RoleInfo (RoleInfo.java:updateAndGet(143)) - 389d5540-641f-48c2-a9df-60738dbad976: start FollowerState
2019-10-23 12:36:28,536 [279bca68-3e74-4690-81cf-da5ab79b92f7@group-AF49A4A4CA2A-LeaderElection172] INFO  impl.LeaderElection (LeaderElection.java:logAndReturn(56)) - 279bca68-3e74-4690-81cf-da5ab79b92f7@group-AF49A4A4CA2A-LeaderElection172: Election REJECTED; received 2 response(s) [279bca68-3e74-4690-81cf-da5ab79b92f7<-daebe4f8-0ad9-4eb2-8ed7-3a8051847eb6#0:FAIL-t181, 279bca68-3e74-4690-81cf-da5ab79b92f7<-389d5540-641f-48c2-a9df-60738dbad976#0:FAIL-t181] and 0 exception(s); 279bca68-3e74-4690-81cf-da5ab79b92f7@group-AF49A4A4CA2A:t181, leader=null, voted=279bca68-3e74-4690-81cf-da5ab79b92f7, raftlog=279bca68-3e74-4690-81cf-da5ab79b92f7@group-AF49A4A4CA2A-SegmentedRaftLog:OPENED:c-1,f-1,i0, conf=-1: [daebe4f8-0ad9-4eb2-8ed7-3a8051847eb6:192.168.69.118:44860, 389d5540-641f-48c2-a9df-60738dbad976:192.168.69.118:45712, 279bca68-3e74-4690-81cf-da5ab79b92f7:192.168.69.118:45510], old=null
2019-10-23 12:36:28,536 [279bca68-3e74-4690-81cf-da5ab79b92f7@group-AF49A4A4CA2A-LeaderElection172] INFO  impl.RaftServerImpl (RaftServerImpl.java:setRole(184)) - 279bca68-3e74-4690-81cf-da5ab79b92f7@group-AF49A4A4CA2A: changes role from CANDIDATE to FOLLOWER at term 181 for DISCOVERED_A_NEW_TERM
2019-10-23 12:36:28,537 [279bca68-3e74-4690-81cf-da5ab79b92f7@group-AF49A4A4CA2A-LeaderElection172] INFO  impl.RoleInfo (RoleInfo.java:shutdownLeaderElection(134)) - 279bca68-3e74-4690-81cf-da5ab79b92f7: shutdown LeaderElection
2019-10-23 12:36:28,537 [279bca68-3e74-4690-81cf-da5ab79b92f7@group-AF49A4A4CA2A-LeaderElection172] INFO  impl.RoleInfo (RoleInfo.java:updateAndGet(143)) - 279bca68-3e74-4690-81cf-da5ab79b92f7: start FollowerState
2019-10-23 12:36:28,594 [Thread-1350] INFO  impl.FollowerState (FollowerState.java:run(108)) - 279bca68-3e74-4690-81cf-da5ab79b92f7@group-AF49A4A4CA2A-FollowerState: change to CANDIDATE, lastRpcTime:57ms, electionTimeout:57ms
2019-10-23 12:36:28,594 [Thread-1350] INFO  impl.RoleInfo (RoleInfo.java:shutdownFollowerState(121)) - 279bca68-3e74-4690-81cf-da5ab79b92f7: shutdown FollowerState
2019-10-23 12:36:28,594 [Thread-1350] INFO  impl.RaftServerImpl (RaftServerImpl.java:setRole(184)) - 279bca68-3e74-4690-81cf-da5ab79b92f7@group-AF49A4A4CA2A: changes role from  FOLLOWER to CANDIDATE at term 181 for changeToCandidate
2019-10-23 12:36:28,595 [Thread-1350] INFO  impl.RoleInfo (RoleInfo.java:updateAndGet(143)) - 279bca68-3e74-4690-81cf-da5ab79b92f7: start LeaderElection
2019-10-23 12:36:28,608 [279bca68-3e74-4690-81cf-da5ab79b92f7@group-AF49A4A4CA2A-LeaderElection173] INFO  impl.LeaderElection (LeaderElection.java:askForVotes(178)) - 279bca68-3e74-4690-81cf-da5ab79b92f7@group-AF49A4A4CA2A-LeaderElection173: begin an election at term 182 for -1: [daebe4f8-0ad9-4eb2-8ed7-3a8051847eb6:192.168.69.118:44860, 389d5540-641f-48c2-a9df-60738dbad976:192.168.69.118:45712, 279bca68-3e74-4690-81cf-da5ab79b92f7:192.168.69.118:45510], old=null
2019-10-23 12:36:28,610 [grpc-default-executor-3] INFO  impl.RaftServerImpl (RaftServerImpl.java:setRole(184)) - daebe4f8-0ad9-4eb2-8ed7-3a8051847eb6@group-AF49A4A4CA2A: changes role from  FOLLOWER to FOLLOWER at term 182 for recognizeCandidate:279bca68-3e74-4690-81cf-da5ab79b92f7
2019-10-23 12:36:28,610 [grpc-default-executor-3] INFO  impl.RoleInfo (RoleInfo.java:shutdownFollowerState(121)) - daebe4f8-0ad9-4eb2-8ed7-3a8051847eb6: shutdown FollowerState
2019-10-23 12:36:28,610 [grpc-default-executor-4] INFO  impl.RaftServerImpl (RaftServerImpl.java:setRole(184)) - 389d5540-641f-48c2-a9df-60738dbad976@group-AF49A4A4CA2A: changes role from  FOLLOWER to FOLLOWER at term 182 for recognizeCandidate:279bca68-3e74-4690-81cf-da5ab79b92f7
2019-10-23 12:36:28,611 [Thread-1348] INFO  impl.FollowerState (FollowerState.java:run(117)) - daebe4f8-0ad9-4eb2-8ed7-3a8051847eb6@group-AF49A4A4CA2A-FollowerState was interrupted: java.lang.InterruptedException: sleep interrupted
2019-10-23 12:36:28,610 [grpc-default-executor-3] INFO  impl.RoleInfo (RoleInfo.java:updateAndGet(143)) - daebe4f8-0ad9-4eb2-8ed7-3a8051847eb6: start FollowerState
2019-10-23 12:36:28,611 [grpc-default-executor-4] INFO  impl.RoleInfo (RoleInfo.java:shutdownFollowerState(121)) - 389d5540-641f-48c2-a9df-60738dbad976: shutdown FollowerState
2019-10-23 12:36:28,611 [grpc-default-executor-4] INFO  impl.RoleInfo (RoleInfo.java:updateAndGet(143)) - 389d5540-641f-48c2-a9df-60738dbad976: start FollowerState
2019-10-23 12:36:28,611 [Thread-1349] INFO  impl.FollowerState (FollowerState.java:run(117)) - 389d5540-641f-48c2-a9df-60738dbad976@group-AF49A4A4CA2A-FollowerState was interrupted: java.lang.InterruptedException: sleep interrupted
2019-10-23 12:36:28,626 [279bca68-3e74-4690-81cf-da5ab79b92f7@group-AF49A4A4CA2A-LeaderElection173] INFO  impl.LeaderElection (LeaderElection.java:logAndReturn(56)) - 279bca68-3e74-4690-81cf-da5ab79b92f7@group-AF49A4A4CA2A-LeaderElection173: Election REJECTED; received 2 response(s) [279bca68-3e74-4690-81cf-da5ab79b92f7<-daebe4f8-0ad9-4eb2-8ed7-3a8051847eb6#0:FAIL-t182, 279bca68-3e74-4690-81cf-da5ab79b92f7<-389d5540-641f-48c2-a9df-60738dbad976#0:FAIL-t182] and 0 exception(s); 279bca68-3e74-4690-81cf-da5ab79b92f7@group-AF49A4A4CA2A:t182, leader=null, voted=279bca68-3e74-4690-81cf-da5ab79b92f7, raftlog=279bca68-3e74-4690-81cf-da5ab79b92f7@group-AF49A4A4CA2A-SegmentedRaftLog:OPENED:c-1,f-1,i0, conf=-1: [daebe4f8-0ad9-4eb2-8ed7-3a8051847eb6:192.168.69.118:44860, 389d5540-641f-48c2-a9df-60738dbad976:192.168.69.118:45712, 279bca68-3e74-4690-81cf-da5ab79b92f7:192.168.69.118:45510], old=null
2019-10-23 12:36:28,626 [279bca68-3e74-4690-81cf-da5ab79b92f7@group-AF49A4A4CA2A-LeaderElection173] INFO  impl.RaftServerImpl (RaftServerImpl.java:setRole(184)) - 279bca68-3e74-4690-81cf-da5ab79b92f7@group-AF49A4A4CA2A: changes role from CANDIDATE to FOLLOWER at term 182 for DISCOVERED_A_NEW_TERM
2019-10-23 12:36:28,626 [279bca68-3e74-4690-81cf-da5ab79b92f7@group-AF49A4A4CA2A-LeaderElection173] INFO  impl.RoleInfo (RoleInfo.java:shutdownLeaderElection(134)) - 279bca68-3e74-4690-81cf-da5ab79b92f7: shutdown LeaderElection
2019-10-23 12:36:28,626 [279bca68-3e74-4690-81cf-da5ab79b92f7@group-AF49A4A4CA2A-LeaderElection173] INFO  impl.RoleInfo (RoleInfo.java:updateAndGet(143)) - 279bca68-3e74-4690-81cf-da5ab79b92f7: start FollowerState
2019-10-23 12:36:28,721 [Thread-1356] INFO  impl.FollowerState (FollowerState.java:run(108)) - 279bca68-3e74-4690-81cf-da5ab79b92f7@group-AF49A4A4CA2A-FollowerState: change to CANDIDATE, lastRpcTime:94ms, electionTimeout:94ms
2019-10-23 12:36:28,721 [Thread-1356] INFO  impl.RoleInfo (RoleInfo.java:shutdownFollowerState(121)) - 279bca68-3e74-4690-81cf-da5ab79b92f7: shutdown FollowerState
2019-10-23 12:36:28,721 [Thread-1356] INFO  impl.RaftServerImpl (RaftServerImpl.java:setRole(184)) - 279bca68-3e74-4690-81cf-da5ab79b92f7@group-AF49A4A4CA2A: changes role from  FOLLOWER to CANDIDATE at term 182 for changeToCandidate
2019-10-23 12:36:28,721 [Thread-1356] INFO  impl.RoleInfo (RoleInfo.java:updateAndGet(143)) - 279bca68-3e74-4690-81cf-da5ab79b92f7: start LeaderElection
2019-10-23 12:36:28,735 [279bca68-3e74-4690-81cf-da5ab79b92f7@group-AF49A4A4CA2A-LeaderElection174] INFO  impl.LeaderElection (LeaderElection.java:askForVotes(178)) - 279bca68-3e74-4690-81cf-da5ab79b92f7@group-AF49A4A4CA2A-LeaderElection174: begin an election at term 183 for -1: [daebe4f8-0ad9-4eb2-8ed7-3a8051847eb6:192.168.69.118:44860, 389d5540-641f-48c2-a9df-60738dbad976:192.168.69.118:45712, 279bca68-3e74-4690-81cf-da5ab79b92f7:192.168.69.118:45510], old=null
2019-10-23 12:36:28,737 [grpc-default-executor-3] INFO  impl.RaftServerImpl (RaftServerImpl.java:setRole(184)) - 389d5540-641f-48c2-a9df-60738dbad976@group-AF49A4A4CA2A: changes role from  FOLLOWER to FOLLOWER at term 183 for recognizeCandidate:279bca68-3e74-4690-81cf-da5ab79b92f7
2019-10-23 12:36:28,737 [grpc-default-executor-3] INFO  impl.RoleInfo (RoleInfo.java:shutdownFollowerState(121)) - 389d5540-641f-48c2-a9df-60738dbad976: shutdown FollowerState
2019-10-23 12:36:28,737 [grpc-default-executor-4] INFO  impl.RaftServerImpl (RaftServerImpl.java:setRole(184)) - daebe4f8-0ad9-4eb2-8ed7-3a8051847eb6@group-AF49A4A4CA2A: changes role from  FOLLOWER to FOLLOWER at term 183 for recognizeCandidate:279bca68-3e74-4690-81cf-da5ab79b92f7
2019-10-23 12:36:28,737 [Thread-1355] INFO  impl.FollowerState (FollowerState.java:run(117)) - 389d5540-641f-48c2-a9df-60738dbad976@group-AF49A4A4CA2A-FollowerState was interrupted: java.lang.InterruptedException: sleep interrupted
2019-10-23 12:36:28,737 [grpc-default-executor-3] INFO  impl.RoleInfo (RoleInfo.java:updateAndGet(143)) - 389d5540-641f-48c2-a9df-60738dbad976: start FollowerState
2019-10-23 12:36:28,738 [grpc-default-executor-4] INFO  impl.RoleInfo (RoleInfo.java:shutdownFollowerState(121)) - daebe4f8-0ad9-4eb2-8ed7-3a8051847eb6: shutdown FollowerState
2019-10-23 12:36:28,738 [grpc-default-executor-4] INFO  impl.RoleInfo (RoleInfo.java:updateAndGet(143)) - daebe4f8-0ad9-4eb2-8ed7-3a8051847eb6: start FollowerState
2019-10-23 12:36:28,738 [Thread-1354] INFO  impl.FollowerState (FollowerState.java:run(117)) - daebe4f8-0ad9-4eb2-8ed7-3a8051847eb6@group-AF49A4A4CA2A-FollowerState was interrupted: java.lang.InterruptedException: sleep interrupted
2019-10-23 12:36:28,753 [279bca68-3e74-4690-81cf-da5ab79b92f7@group-AF49A4A4CA2A-LeaderElection174] INFO  impl.LeaderElection (LeaderElection.java:logAndReturn(56)) - 279bca68-3e74-4690-81cf-da5ab79b92f7@group-AF49A4A4CA2A-LeaderElection174: Election REJECTED; received 2 response(s) [279bca68-3e74-4690-81cf-da5ab79b92f7<-daebe4f8-0ad9-4eb2-8ed7-3a8051847eb6#0:FAIL-t183, 279bca68-3e74-4690-81cf-da5ab79b92f7<-389d5540-641f-48c2-a9df-60738dbad976#0:FAIL-t183] and 0 exception(s); 279bca68-3e74-4690-81cf-da5ab79b92f7@group-AF49A4A4CA2A:t183, leader=null, voted=279bca68-3e74-4690-81cf-da5ab79b92f7, raftlog=279bca68-3e74-4690-81cf-da5ab79b92f7@group-AF49A4A4CA2A-SegmentedRaftLog:OPENED:c-1,f-1,i0, conf=-1: [daebe4f8-0ad9-4eb2-8ed7-3a8051847eb6:192.168.69.118:44860, 389d5540-641f-48c2-a9df-60738dbad976:192.168.69.118:45712, 279bca68-3e74-4690-81cf-da5ab79b92f7:192.168.69.118:45510], old=null
2019-10-23 12:36:28,753 [279bca68-3e74-4690-81cf-da5ab79b92f7@group-AF49A4A4CA2A-LeaderElection174] INFO  impl.RaftServerImpl (RaftServerImpl.java:setRole(184)) - 279bca68-3e74-4690-81cf-da5ab79b92f7@group-AF49A4A4CA2A: changes role from CANDIDATE to FOLLOWER at term 183 for DISCOVERED_A_NEW_TERM
2019-10-23 12:36:28,753 [279bca68-3e74-4690-81cf-da5ab79b92f7@group-AF49A4A4CA2A-LeaderElection174] INFO  impl.RoleInfo (RoleInfo.java:shutdownLeaderElection(134)) - 279bca68-3e74-4690-81cf-da5ab79b92f7: shutdown LeaderElection
2019-10-23 12:36:28,753 [279bca68-3e74-4690-81cf-da5ab79b92f7@group-AF49A4A4CA2A-LeaderElection174] INFO  impl.RoleInfo (RoleInfo.java:updateAndGet(143)) - 279bca68-3e74-4690-81cf-da5ab79b92f7: start FollowerState
2019-10-23 12:36:28,839 [Thread-1362] INFO  impl.FollowerState (FollowerState.java:run(108)) - 279bca68-3e74-4690-81cf-da5ab79b92f7@group-AF49A4A4CA2A-FollowerState: change to CANDIDATE, lastRpcTime:85ms, electionTimeout:85ms
2019-10-23 12:36:28,839 [Thread-1362] INFO  impl.RoleInfo (RoleInfo.java:shutdownFollowerState(121)) - 279bca68-3e74-4690-81cf-da5ab79b92f7: shutdown FollowerState
2019-10-23 12:36:28,839 [Thread-1362] INFO  impl.RaftServerImpl (RaftServerImpl.java:setRole(184)) - 279bca68-3e74-4690-81cf-da5ab79b92f7@group-AF49A4A4CA2A: changes role from  FOLLOWER to CANDIDATE at term 183 for changeToCandidate
2019-10-23 12:36:28,839 [Thread-1362] INFO  impl.RoleInfo (RoleInfo.java:updateAndGet(143)) - 279bca68-3e74-4690-81cf-da5ab79b92f7: start LeaderElection
2019-10-23 12:36:28,854 [279bca68-3e74-4690-81cf-da5ab79b92f7@group-AF49A4A4CA2A-LeaderElection175] INFO  impl.LeaderElection (LeaderElection.java:askForVotes(178)) - 279bca68-3e74-4690-81cf-da5ab79b92f7@group-AF49A4A4CA2A-LeaderElection175: begin an election at term 184 for -1: [daebe4f8-0ad9-4eb2-8ed7-3a8051847eb6:192.168.69.118:44860, 389d5540-641f-48c2-a9df-60738dbad976:192.168.69.118:45712, 279bca68-3e74-4690-81cf-da5ab79b92f7:192.168.69.118:45510], old=null
2019-10-23 12:36:28,856 [grpc-default-executor-4] INFO  impl.RaftServerImpl (RaftServerImpl.java:setRole(184)) - daebe4f8-0ad9-4eb2-8ed7-3a8051847eb6@group-AF49A4A4CA2A: changes role from  FOLLOWER to FOLLOWER at term 184 for recognizeCandidate:279bca68-3e74-4690-81cf-da5ab79b92f7
2019-10-23 12:36:28,856 [grpc-default-executor-3] INFO  impl.RaftServerImpl (RaftServerImpl.java:setRole(184)) - 389d5540-641f-48c2-a9df-60738dbad976@group-AF49A4A4CA2A: changes role from  FOLLOWER to FOLLOWER at term 184 for recognizeCandidate:279bca68-3e74-4690-81cf-da5ab79b92f7
2019-10-23 12:36:28,856 [grpc-default-executor-4] INFO  impl.RoleInfo (RoleInfo.java:shutdownFollowerState(121)) - daebe4f8-0ad9-4eb2-8ed7-3a8051847eb6: shutdown FollowerState
2019-10-23 12:36:28,857 [grpc-default-executor-3] INFO  impl.RoleInfo (RoleInfo.java:shutdownFollowerState(121)) - 389d5540-641f-48c2-a9df-60738dbad976: shutdown FollowerState
2019-10-23 12:36:28,857 [Thread-1361] INFO  impl.FollowerState (FollowerState.java:run(117)) - daebe4f8-0ad9-4eb2-8ed7-3a8051847eb6@group-AF49A4A4CA2A-FollowerState was interrupted: java.lang.InterruptedException: sleep interrupted
2019-10-23 12:36:28,857 [grpc-default-executor-4] INFO  impl.RoleInfo (RoleInfo.java:updateAndGet(143)) - daebe4f8-0ad9-4eb2-8ed7-3a8051847eb6: start FollowerState
2019-10-23 12:36:28,857 [Thread-1360] INFO  impl.FollowerState (FollowerState.java:run(117)) - 389d5540-641f-48c2-a9df-60738dbad976@group-AF49A4A4CA2A-FollowerState was interrupted: java.lang.InterruptedException: sleep interrupted
2019-10-23 12:36:28,857 [grpc-default-executor-3] INFO  impl.RoleInfo (RoleInfo.java:updateAndGet(143)) - 389d5540-641f-48c2-a9df-60738dbad976: start FollowerState
2019-10-23 12:36:28,872 [279bca68-3e74-4690-81cf-da5ab79b92f7@group-AF49A4A4CA2A-LeaderElection175] INFO  impl.LeaderElection (LeaderElection.java:logAndReturn(56)) - 279bca68-3e74-4690-81cf-da5ab79b92f7@group-AF49A4A4CA2A-LeaderElection175: Election REJECTED; received 2 response(s) [279bca68-3e74-4690-81cf-da5ab79b92f7<-daebe4f8-0ad9-4eb2-8ed7-3a8051847eb6#0:FAIL-t184, 279bca68-3e74-4690-81cf-da5ab79b92f7<-389d5540-641f-48c2-a9df-60738dbad976#0:FAIL-t184] and 0 exception(s); 279bca68-3e74-4690-81cf-da5ab79b92f7@group-AF49A4A4CA2A:t184, leader=null, voted=279bca68-3e74-4690-81cf-da5ab79b92f7, raftlog=279bca68-3e74-4690-81cf-da5ab79b92f7@group-AF49A4A4CA2A-SegmentedRaftLog:OPENED:c-1,f-1,i0, conf=-1: [daebe4f8-0ad9-4eb2-8ed7-3a8051847eb6:192.168.69.118:44860, 389d5540-641f-48c2-a9df-60738dbad976:192.168.69.118:45712, 279bca68-3e74-4690-81cf-da5ab79b92f7:192.168.69.118:45510], old=null
2019-10-23 12:36:28,872 [279bca68-3e74-4690-81cf-da5ab79b92f7@group-AF49A4A4CA2A-LeaderElection175] INFO  impl.RaftServerImpl (RaftServerImpl.java:setRole(184)) - 279bca68-3e74-4690-81cf-da5ab79b92f7@group-AF49A4A4CA2A: changes role from CANDIDATE to FOLLOWER at term 184 for DISCOVERED_A_NEW_TERM
2019-10-23 12:36:28,872 [279bca68-3e74-4690-81cf-da5ab79b92f7@group-AF49A4A4CA2A-LeaderElection175] INFO  impl.RoleInfo (RoleInfo.java:shutdownLeaderElection(134)) - 279bca68-3e74-4690-81cf-da5ab79b92f7: shutdown LeaderElection
2019-10-23 12:36:28,873 [279bca68-3e74-4690-81cf-da5ab79b92f7@group-AF49A4A4CA2A-LeaderElection175] INFO  impl.RoleInfo (RoleInfo.java:updateAndGet(143)) - 279bca68-3e74-4690-81cf-da5ab79b92f7: start FollowerState
2019-10-23 12:36:28,976 [Thread-1368] INFO  impl.FollowerState (FollowerState.java:run(108)) - 279bca68-3e74-4690-81cf-da5ab79b92f7@group-AF49A4A4CA2A-FollowerState: change to CANDIDATE, lastRpcTime:103ms, electionTimeout:103ms
2019-10-23 12:36:28,976 [Thread-1368] INFO  impl.RoleInfo (RoleInfo.java:shutdownFollowerState(121)) - 279bca68-3e74-4690-81cf-da5ab79b92f7: shutdown FollowerState
2019-10-23 12:36:28,976 [Thread-1368] INFO  impl.RaftServerImpl (RaftServerImpl.java:setRole(184)) - 279bca68-3e74-4690-81cf-da5ab79b92f7@group-AF49A4A4CA2A: changes role from  FOLLOWER to CANDIDATE at term 184 for changeToCandidate
2019-10-23 12:36:28,977 [Thread-1368] INFO  impl.RoleInfo (RoleInfo.java:updateAndGet(143)) - 279bca68-3e74-4690-81cf-da5ab79b92f7: start LeaderElection
2019-10-23 12:36:28,991 [279bca68-3e74-4690-81cf-da5ab79b92f7@group-AF49A4A4CA2A-LeaderElection176] INFO  impl.LeaderElection (LeaderElection.java:askForVotes(178)) - 279bca68-3e74-4690-81cf-da5ab79b92f7@group-AF49A4A4CA2A-LeaderElection176: begin an election at term 185 for -1: [daebe4f8-0ad9-4eb2-8ed7-3a8051847eb6:192.168.69.118:44860, 389d5540-641f-48c2-a9df-60738dbad976:192.168.69.118:45712, 279bca68-3e74-4690-81cf-da5ab79b92f7:192.168.69.118:45510], old=null
2019-10-23 12:36:28,993 [grpc-default-executor-3] INFO  impl.RaftServerImpl (RaftServerImpl.java:setRole(184)) - 389d5540-641f-48c2-a9df-60738dbad976@group-AF49A4A4CA2A: changes role from  FOLLOWER to FOLLOWER at term 185 for recognizeCandidate:279bca68-3e74-4690-81cf-da5ab79b92f7
2019-10-23 12:36:28,993 [grpc-default-executor-3] INFO  impl.RoleInfo (RoleInfo.java:shutdownFollowerState(121)) - 389d5540-641f-48c2-a9df-60738dbad976: shutdown FollowerState
2019-10-23 12:36:28,993 [grpc-default-executor-4] INFO  impl.RaftServerImpl (RaftServerImpl.java:setRole(184)) - daebe4f8-0ad9-4eb2-8ed7-3a8051847eb6@group-AF49A4A4CA2A: changes role from  FOLLOWER to FOLLOWER at term 185 for recognizeCandidate:279bca68-3e74-4690-81cf-da5ab79b92f7
2019-10-23 12:36:28,994 [grpc-default-executor-4] INFO  impl.RoleInfo (RoleInfo.java:shutdownFollowerState(121)) - daebe4f8-0ad9-4eb2-8ed7-3a8051847eb6: shutdown FollowerState
2019-10-23 12:36:28,994 [Thread-1367] INFO  impl.FollowerState (FollowerState.java:run(117)) - 389d5540-641f-48c2-a9df-60738dbad976@group-AF49A4A4CA2A-FollowerState was interrupted: java.lang.InterruptedException: sleep interrupted
2019-10-23 12:36:28,993 [grpc-default-executor-3] INFO  impl.RoleInfo (RoleInfo.java:updateAndGet(143)) - 389d5540-641f-48c2-a9df-60738dbad976: start FollowerState
2019-10-23 12:36:28,994 [Thread-1366] INFO  impl.FollowerState (FollowerState.java:run(117)) - daebe4f8-0ad9-4eb2-8ed7-3a8051847eb6@group-AF49A4A4CA2A-FollowerState was interrupted: java.lang.InterruptedException: sleep interrupted
2019-10-23 12:36:28,994 [grpc-default-executor-4] INFO  impl.RoleInfo (RoleInfo.java:updateAndGet(143)) - daebe4f8-0ad9-4eb2-8ed7-3a8051847eb6: start FollowerState
2019-10-23 12:36:29,010 [279bca68-3e74-4690-81cf-da5ab79b92f7@group-AF49A4A4CA2A-LeaderElection176] INFO  impl.LeaderElection (LeaderElection.java:logAndReturn(56)) - 279bca68-3e74-4690-81cf-da5ab79b92f7@group-AF49A4A4CA2A-LeaderElection176: Election REJECTED; received 2 response(s) [279bca68-3e74-4690-81cf-da5ab79b92f7<-daebe4f8-0ad9-4eb2-8ed7-3a8051847eb6#0:FAIL-t185, 279bca68-3e74-4690-81cf-da5ab79b92f7<-389d5540-641f-48c2-a9df-60738dbad976#0:FAIL-t185] and 0 exception(s); 279bca68-3e74-4690-81cf-da5ab79b92f7@group-AF49A4A4CA2A:t185, leader=null, voted=279bca68-3e74-4690-81cf-da5ab79b92f7, raftlog=279bca68-3e74-4690-81cf-da5ab79b92f7@group-AF49A4A4CA2A-SegmentedRaftLog:OPENED:c-1,f-1,i0, conf=-1: [daebe4f8-0ad9-4eb2-8ed7-3a8051847eb6:192.168.69.118:44860, 389d5540-641f-48c2-a9df-60738dbad976:192.168.69.118:45712, 279bca68-3e74-4690-81cf-da5ab79b92f7:192.168.69.118:45510], old=null
2019-10-23 12:36:29,011 [279bca68-3e74-4690-81cf-da5ab79b92f7@group-AF49A4A4CA2A-LeaderElection176] INFO  impl.RaftServerImpl (RaftServerImpl.java:setRole(184)) - 279bca68-3e74-4690-81cf-da5ab79b92f7@group-AF49A4A4CA2A: changes role from CANDIDATE to FOLLOWER at term 185 for DISCOVERED_A_NEW_TERM
2019-10-23 12:36:29,011 [279bca68-3e74-4690-81cf-da5ab79b92f7@group-AF49A4A4CA2A-LeaderElection176] INFO  impl.RoleInfo (RoleInfo.java:shutdownLeaderElection(134)) - 279bca68-3e74-4690-81cf-da5ab79b92f7: shutdown LeaderElection
2019-10-23 12:36:29,011 [279bca68-3e74-4690-81cf-da5ab79b92f7@group-AF49A4A4CA2A-LeaderElection176] INFO  impl.RoleInfo (RoleInfo.java:updateAndGet(143)) - 279bca68-3e74-4690-81cf-da5ab79b92f7: start FollowerState
2019-10-23 12:36:29,066 [Thread-1375] INFO  impl.FollowerState (FollowerState.java:run(108)) - 279bca68-3e74-4690-81cf-da5ab79b92f7@group-AF49A4A4CA2A-FollowerState: change to CANDIDATE, lastRpcTime:55ms, electionTimeout:55ms
2019-10-23 12:36:29,067 [Thread-1375] INFO  impl.RoleInfo (RoleInfo.java:shutdownFollowerState(121)) - 279bca68-3e74-4690-81cf-da5ab79b92f7: shutdown FollowerState
2019-10-23 12:36:29,067 [Thread-1375] INFO  impl.RaftServerImpl (RaftServerImpl.java:setRole(184)) - 279bca68-3e74-4690-81cf-da5ab79b92f7@group-AF49A4A4CA2A: changes role from  FOLLOWER to CANDIDATE at term 185 for changeToCandidate
2019-10-23 12:36:29,067 [Thread-1375] INFO  impl.RoleInfo (RoleInfo.java:updateAndGet(143)) - 279bca68-3e74-4690-81cf-da5ab79b92f7: start LeaderElection
2019-10-23 12:36:29,093 [279bca68-3e74-4690-81cf-da5ab79b92f7@group-AF49A4A4CA2A-LeaderElection177] INFO  impl.LeaderElection (LeaderElection.java:askForVotes(178)) - 279bca68-3e74-4690-81cf-da5ab79b92f7@group-AF49A4A4CA2A-LeaderElection177: begin an election at term 186 for -1: [daebe4f8-0ad9-4eb2-8ed7-3a8051847eb6:192.168.69.118:44860, 389d5540-641f-48c2-a9df-60738dbad976:192.168.69.118:45712, 279bca68-3e74-4690-81cf-da5ab79b92f7:192.168.69.118:45510], old=null
2019-10-23 12:36:29,096 [grpc-default-executor-3] INFO  impl.RaftServerImpl (RaftServerImpl.java:setRole(184)) - daebe4f8-0ad9-4eb2-8ed7-3a8051847eb6@group-AF49A4A4CA2A: changes role from  FOLLOWER to FOLLOWER at term 186 for recognizeCandidate:279bca68-3e74-4690-81cf-da5ab79b92f7
2019-10-23 12:36:29,096 [grpc-default-executor-3] INFO  impl.RoleInfo (RoleInfo.java:shutdownFollowerState(121)) - daebe4f8-0ad9-4eb2-8ed7-3a8051847eb6: shutdown FollowerState
2019-10-23 12:36:29,097 [grpc-default-executor-3] INFO  impl.RoleInfo (RoleInfo.java:updateAndGet(143)) - daebe4f8-0ad9-4eb2-8ed7-3a8051847eb6: start FollowerState
2019-10-23 12:36:29,097 [Thread-1373] INFO  impl.FollowerState (FollowerState.java:run(117)) - daebe4f8-0ad9-4eb2-8ed7-3a8051847eb6@group-AF49A4A4CA2A-FollowerState was interrupted: java.lang.InterruptedException: sleep interrupted
2019-10-23 12:36:29,097 [grpc-default-executor-0] INFO  impl.RaftServerImpl (RaftServerImpl.java:setRole(184)) - 389d5540-641f-48c2-a9df-60738dbad976@group-AF49A4A4CA2A: changes role from  FOLLOWER to FOLLOWER at term 186 for recognizeCandidate:279bca68-3e74-4690-81cf-da5ab79b92f7
2019-10-23 12:36:29,097 [grpc-default-executor-0] INFO  impl.RoleInfo (RoleInfo.java:shutdownFollowerState(121)) - 389d5540-641f-48c2-a9df-60738dbad976: shutdown FollowerState
2019-10-23 12:36:29,097 [grpc-default-executor-0] INFO  impl.RoleInfo (RoleInfo.java:updateAndGet(143)) - 389d5540-641f-48c2-a9df-60738dbad976: start FollowerState
2019-10-23 12:36:29,097 [Thread-1372] INFO  impl.FollowerState (FollowerState.java:run(117)) - 389d5540-641f-48c2-a9df-60738dbad976@group-AF49A4A4CA2A-FollowerState was interrupted: java.lang.InterruptedException: sleep interrupted
2019-10-23 12:36:29,111 [279bca68-3e74-4690-81cf-da5ab79b92f7@group-AF49A4A4CA2A-LeaderElection177] INFO  impl.LeaderElection (LeaderElection.java:logAndReturn(56)) - 279bca68-3e74-4690-81cf-da5ab79b92f7@group-AF49A4A4CA2A-LeaderElection177: Election REJECTED; received 2 response(s) [279bca68-3e74-4690-81cf-da5ab79b92f7<-daebe4f8-0ad9-4eb2-8ed7-3a8051847eb6#0:FAIL-t186, 279bca68-3e74-4690-81cf-da5ab79b92f7<-389d5540-641f-48c2-a9df-60738dbad976#0:FAIL-t186] and 0 exception(s); 279bca68-3e74-4690-81cf-da5ab79b92f7@group-AF49A4A4CA2A:t186, leader=null, voted=279bca68-3e74-4690-81cf-da5ab79b92f7, raftlog=279bca68-3e74-4690-81cf-da5ab79b92f7@group-AF49A4A4CA2A-SegmentedRaftLog:OPENED:c-1,f-1,i0, conf=-1: [daebe4f8-0ad9-4eb2-8ed7-3a8051847eb6:192.168.69.118:44860, 389d5540-641f-48c2-a9df-60738dbad976:192.168.69.118:45712, 279bca68-3e74-4690-81cf-da5ab79b92f7:192.168.69.118:45510], old=null
2019-10-23 12:36:29,112 [279bca68-3e74-4690-81cf-da5ab79b92f7@group-AF49A4A4CA2A-LeaderElection177] INFO  impl.RaftServerImpl (RaftServerImpl.java:setRole(184)) - 279bca68-3e74-4690-81cf-da5ab79b92f7@group-AF49A4A4CA2A: changes role from CANDIDATE to FOLLOWER at term 186 for DISCOVERED_A_NEW_TERM
2019-10-23 12:36:29,112 [279bca68-3e74-4690-81cf-da5ab79b92f7@group-AF49A4A4CA2A-LeaderElection177] INFO  impl.RoleInfo (RoleInfo.java:shutdownLeaderElection(134)) - 279bca68-3e74-4690-81cf-da5ab79b92f7: shutdown LeaderElection
2019-10-23 12:36:29,112 [279bca68-3e74-4690-81cf-da5ab79b92f7@group-AF49A4A4CA2A-LeaderElection177] INFO  impl.RoleInfo (RoleInfo.java:updateAndGet(143)) - 279bca68-3e74-4690-81cf-da5ab79b92f7: start FollowerState
2019-10-23 12:36:29,151 [Thread-1382] INFO  impl.FollowerState (FollowerState.java:run(108)) - 279bca68-3e74-4690-81cf-da5ab79b92f7@group-AF49A4A4CA2A-FollowerState: change to CANDIDATE, lastRpcTime:39ms, electionTimeout:39ms
2019-10-23 12:36:29,151 [Thread-1382] INFO  impl.RoleInfo (RoleInfo.java:shutdownFollowerState(121)) - 279bca68-3e74-4690-81cf-da5ab79b92f7: shutdown FollowerState
2019-10-23 12:36:29,152 [Thread-1382] INFO  impl.RaftServerImpl (RaftServerImpl.java:setRole(184)) - 279bca68-3e74-4690-81cf-da5ab79b92f7@group-AF49A4A4CA2A: changes role from  FOLLOWER to CANDIDATE at term 186 for changeToCandidate
2019-10-23 12:36:29,152 [Thread-1382] INFO  impl.RoleInfo (RoleInfo.java:updateAndGet(143)) - 279bca68-3e74-4690-81cf-da5ab79b92f7: start LeaderElection
2019-10-23 12:36:29,166 [279bca68-3e74-4690-81cf-da5ab79b92f7@group-AF49A4A4CA2A-LeaderElection178] INFO  impl.LeaderElection (LeaderElection.java:askForVotes(178)) - 279bca68-3e74-4690-81cf-da5ab79b92f7@group-AF49A4A4CA2A-LeaderElection178: begin an election at term 187 for -1: [daebe4f8-0ad9-4eb2-8ed7-3a8051847eb6:192.168.69.118:44860, 389d5540-641f-48c2-a9df-60738dbad976:192.168.69.118:45712, 279bca68-3e74-4690-81cf-da5ab79b92f7:192.168.69.118:45510], old=null
2019-10-23 12:36:29,169 [grpc-default-executor-0] INFO  impl.RaftServerImpl (RaftServerImpl.java:setRole(184)) - daebe4f8-0ad9-4eb2-8ed7-3a8051847eb6@group-AF49A4A4CA2A: changes role from  FOLLOWER to FOLLOWER at term 187 for recognizeCandidate:279bca68-3e74-4690-81cf-da5ab79b92f7
2019-10-23 12:36:29,169 [grpc-default-executor-0] INFO  impl.RoleInfo (RoleInfo.java:shutdownFollowerState(121)) - daebe4f8-0ad9-4eb2-8ed7-3a8051847eb6: shutdown FollowerState
2019-10-23 12:36:29,169 [grpc-default-executor-0] INFO  impl.RoleInfo (RoleInfo.java:updateAndGet(143)) - daebe4f8-0ad9-4eb2-8ed7-3a8051847eb6: start FollowerState
2019-10-23 12:36:29,169 [Thread-1380] INFO  impl.FollowerState (FollowerState.java:run(117)) - daebe4f8-0ad9-4eb2-8ed7-3a8051847eb6@group-AF49A4A4CA2A-FollowerState was interrupted: java.lang.InterruptedException: sleep interrupted
2019-10-23 12:36:29,169 [grpc-default-executor-3] INFO  impl.RaftServerImpl (RaftServerImpl.java:setRole(184)) - 389d5540-641f-48c2-a9df-60738dbad976@group-AF49A4A4CA2A: changes role from  FOLLOWER to FOLLOWER at term 187 for recognizeCandidate:279bca68-3e74-4690-81cf-da5ab79b92f7
2019-10-23 12:36:29,170 [grpc-default-executor-3] INFO  impl.RoleInfo (RoleInfo.java:shutdownFollowerState(121)) - 389d5540-641f-48c2-a9df-60738dbad976: shutdown FollowerState
2019-10-23 12:36:29,170 [grpc-default-executor-3] INFO  impl.RoleInfo (RoleInfo.java:updateAndGet(143)) - 389d5540-641f-48c2-a9df-60738dbad976: start FollowerState
2019-10-23 12:36:29,170 [Thread-1381] INFO  impl.FollowerState (FollowerState.java:run(117)) - 389d5540-641f-48c2-a9df-60738dbad976@group-AF49A4A4CA2A-FollowerState was interrupted: java.lang.InterruptedException: sleep interrupted
2019-10-23 12:36:29,216 [279bca68-3e74-4690-81cf-da5ab79b92f7@group-AF49A4A4CA2A-LeaderElection178] INFO  impl.LeaderElection (LeaderElection.java:logAndReturn(56)) - 279bca68-3e74-4690-81cf-da5ab79b92f7@group-AF49A4A4CA2A-LeaderElection178: Election REJECTED; received 2 response(s) [279bca68-3e74-4690-81cf-da5ab79b92f7<-daebe4f8-0ad9-4eb2-8ed7-3a8051847eb6#0:FAIL-t187, 279bca68-3e74-4690-81cf-da5ab79b92f7<-389d5540-641f-48c2-a9df-60738dbad976#0:FAIL-t187] and 0 exception(s); 279bca68-3e74-4690-81cf-da5ab79b92f7@group-AF49A4A4CA2A:t187, leader=null, voted=279bca68-3e74-4690-81cf-da5ab79b92f7, raftlog=279bca68-3e74-4690-81cf-da5ab79b92f7@group-AF49A4A4CA2A-SegmentedRaftLog:OPENED:c-1,f-1,i0, conf=-1: [daebe4f8-0ad9-4eb2-8ed7-3a8051847eb6:192.168.69.118:44860, 389d5540-641f-48c2-a9df-60738dbad976:192.168.69.118:45712, 279bca68-3e74-4690-81cf-da5ab79b92f7:192.168.69.118:45510], old=null
2019-10-23 12:36:29,216 [279bca68-3e74-4690-81cf-da5ab79b92f7@group-AF49A4A4CA2A-LeaderElection178] INFO  impl.RaftServerImpl (RaftServerImpl.java:setRole(184)) - 279bca68-3e74-4690-81cf-da5ab79b92f7@group-AF49A4A4CA2A: changes role from CANDIDATE to FOLLOWER at term 187 for DISCOVERED_A_NEW_TERM
2019-10-23 12:36:29,217 [279bca68-3e74-4690-81cf-da5ab79b92f7@group-AF49A4A4CA2A-LeaderElection178] INFO  impl.RoleInfo (RoleInfo.java:shutdownLeaderElection(134)) - 279bca68-3e74-4690-81cf-da5ab79b92f7: shutdown LeaderElection
2019-10-23 12:36:29,217 [279bca68-3e74-4690-81cf-da5ab79b92f7@group-AF49A4A4CA2A-LeaderElection178] INFO  impl.RoleInfo (RoleInfo.java:updateAndGet(143)) - 279bca68-3e74-4690-81cf-da5ab79b92f7: start FollowerState
2019-10-23 12:36:29,413 [Thread-1388] INFO  impl.FollowerState (FollowerState.java:run(108)) - 279bca68-3e74-4690-81cf-da5ab79b92f7@group-AF49A4A4CA2A-FollowerState: change to CANDIDATE, lastRpcTime:196ms, electionTimeout:196ms
2019-10-23 12:36:29,414 [Thread-1388] INFO  impl.RoleInfo (RoleInfo.java:shutdownFollowerState(121)) - 279bca68-3e74-4690-81cf-da5ab79b92f7: shutdown FollowerState
2019-10-23 12:36:29,414 [Thread-1388] INFO  impl.RaftServerImpl (RaftServerImpl.java:setRole(184)) - 279bca68-3e74-4690-81cf-da5ab79b92f7@group-AF49A4A4CA2A: changes role from  FOLLOWER to CANDIDATE at term 187 for changeToCandidate
2019-10-23 12:36:29,414 [Thread-1388] INFO  impl.RoleInfo (RoleInfo.java:updateAndGet(143)) - 279bca68-3e74-4690-81cf-da5ab79b92f7: start LeaderElection
2019-10-23 12:36:29,428 [279bca68-3e74-4690-81cf-da5ab79b92f7@group-AF49A4A4CA2A-LeaderElection179] INFO  impl.LeaderElection (LeaderElection.java:askForVotes(178)) - 279bca68-3e74-4690-81cf-da5ab79b92f7@group-AF49A4A4CA2A-LeaderElection179: begin an election at term 188 for -1: [daebe4f8-0ad9-4eb2-8ed7-3a8051847eb6:192.168.69.118:44860, 389d5540-641f-48c2-a9df-60738dbad976:192.168.69.118:45712, 279bca68-3e74-4690-81cf-da5ab79b92f7:192.168.69.118:45510], old=null
2019-10-23 12:36:29,432 [grpc-default-executor-0] INFO  impl.RaftServerImpl (RaftServerImpl.java:setRole(184)) - daebe4f8-0ad9-4eb2-8ed7-3a8051847eb6@group-AF49A4A4CA2A: changes role from  FOLLOWER to FOLLOWER at term 188 for recognizeCandidate:279bca68-3e74-4690-81cf-da5ab79b92f7
2019-10-23 12:36:29,432 [grpc-default-executor-3] INFO  impl.RaftServerImpl (RaftServerImpl.java:setRole(184)) - 389d5540-641f-48c2-a9df-60738dbad976@group-AF49A4A4CA2A: changes role from  FOLLOWER to FOLLOWER at term 188 for recognizeCandidate:279bca68-3e74-4690-81cf-da5ab79b92f7
2019-10-23 12:36:29,432 [grpc-default-executor-0] INFO  impl.RoleInfo (RoleInfo.java:shutdownFollowerState(121)) - daebe4f8-0ad9-4eb2-8ed7-3a8051847eb6: shutdown FollowerState
2019-10-23 12:36:29,432 [grpc-default-executor-3] INFO  impl.RoleInfo (RoleInfo.java:shutdownFollowerState(121)) - 389d5540-641f-48c2-a9df-60738dbad976: shutdown FollowerState
2019-10-23 12:36:29,433 [Thread-1386] INFO  impl.FollowerState (FollowerState.java:run(117)) - daebe4f8-0ad9-4eb2-8ed7-3a8051847eb6@group-AF49A4A4CA2A-FollowerState was interrupted: java.lang.InterruptedException: sleep interrupted
2019-10-23 12:36:29,433 [Thread-1387] INFO  impl.FollowerState (FollowerState.java:run(117)) - 389d5540-641f-48c2-a9df-60738dbad976@group-AF49A4A4CA2A-FollowerState was interrupted: java.lang.InterruptedException: sleep interrupted
2019-10-23 12:36:29,433 [grpc-default-executor-0] INFO  impl.RoleInfo (RoleInfo.java:updateAndGet(143)) - daebe4f8-0ad9-4eb2-8ed7-3a8051847eb6: start FollowerState
2019-10-23 12:36:29,433 [grpc-default-executor-3] INFO  impl.RoleInfo (RoleInfo.java:updateAndGet(143)) - 389d5540-641f-48c2-a9df-60738dbad976: start FollowerState
2019-10-23 12:36:29,445 [279bca68-3e74-4690-81cf-da5ab79b92f7@group-AF49A4A4CA2A-LeaderElection179] INFO  impl.LeaderElection (LeaderElection.java:logAndReturn(56)) - 279bca68-3e74-4690-81cf-da5ab79b92f7@group-AF49A4A4CA2A-LeaderElection179: Election REJECTED; received 2 response(s) [279bca68-3e74-4690-81cf-da5ab79b92f7<-daebe4f8-0ad9-4eb2-8ed7-3a8051847eb6#0:FAIL-t188, 279bca68-3e74-4690-81cf-da5ab79b92f7<-389d5540-641f-48c2-a9df-60738dbad976#0:FAIL-t188] and 0 exception(s); 279bca68-3e74-4690-81cf-da5ab79b92f7@group-AF49A4A4CA2A:t188, leader=null, voted=279bca68-3e74-4690-81cf-da5ab79b92f7, raftlog=279bca68-3e74-4690-81cf-da5ab79b92f7@group-AF49A4A4CA2A-SegmentedRaftLog:OPENED:c-1,f-1,i0, conf=-1: [daebe4f8-0ad9-4eb2-8ed7-3a8051847eb6:192.168.69.118:44860, 389d5540-641f-48c2-a9df-60738dbad976:192.168.69.118:45712, 279bca68-3e74-4690-81cf-da5ab79b92f7:192.168.69.118:45510], old=null
2019-10-23 12:36:29,446 [279bca68-3e74-4690-81cf-da5ab79b92f7@group-AF49A4A4CA2A-LeaderElection179] INFO  impl.RaftServerImpl (RaftServerImpl.java:setRole(184)) - 279bca68-3e74-4690-81cf-da5ab79b92f7@group-AF49A4A4CA2A: changes role from CANDIDATE to FOLLOWER at term 188 for DISCOVERED_A_NEW_TERM
2019-10-23 12:36:29,446 [279bca68-3e74-4690-81cf-da5ab79b92f7@group-AF49A4A4CA2A-LeaderElection179] INFO  impl.RoleInfo (RoleInfo.java:shutdownLeaderElection(134)) - 279bca68-3e74-4690-81cf-da5ab79b92f7: shutdown LeaderElection
2019-10-23 12:36:29,446 [279bca68-3e74-4690-81cf-da5ab79b92f7@group-AF49A4A4CA2A-LeaderElection179] INFO  impl.RoleInfo (RoleInfo.java:updateAndGet(143)) - 279bca68-3e74-4690-81cf-da5ab79b92f7: start FollowerState
2019-10-23 12:36:29,576 [Thread-1394] INFO  impl.FollowerState (FollowerState.java:run(108)) - 279bca68-3e74-4690-81cf-da5ab79b92f7@group-AF49A4A4CA2A-FollowerState: change to CANDIDATE, lastRpcTime:130ms, electionTimeout:130ms
2019-10-23 12:36:29,577 [Thread-1394] INFO  impl.RoleInfo (RoleInfo.java:shutdownFollowerState(121)) - 279bca68-3e74-4690-81cf-da5ab79b92f7: shutdown FollowerState
2019-10-23 12:36:29,577 [Thread-1394] INFO  impl.RaftServerImpl (RaftServerImpl.java:setRole(184)) - 279bca68-3e74-4690-81cf-da5ab79b92f7@group-AF49A4A4CA2A: changes role from  FOLLOWER to CANDIDATE at term 188 for changeToCandidate
2019-10-23 12:36:29,577 [Thread-1394] INFO  impl.RoleInfo (RoleInfo.java:updateAndGet(143)) - 279bca68-3e74-4690-81cf-da5ab79b92f7: start LeaderElection
2019-10-23 12:36:29,591 [279bca68-3e74-4690-81cf-da5ab79b92f7@group-AF49A4A4CA2A-LeaderElection180] INFO  impl.LeaderElection (LeaderElection.java:askForVotes(178)) - 279bca68-3e74-4690-81cf-da5ab79b92f7@group-AF49A4A4CA2A-LeaderElection180: begin an election at term 189 for -1: [daebe4f8-0ad9-4eb2-8ed7-3a8051847eb6:192.168.69.118:44860, 389d5540-641f-48c2-a9df-60738dbad976:192.168.69.118:45712, 279bca68-3e74-4690-81cf-da5ab79b92f7:192.168.69.118:45510], old=null
2019-10-23 12:36:29,595 [grpc-default-executor-0] INFO  impl.RaftServerImpl (RaftServerImpl.java:setRole(184)) - daebe4f8-0ad9-4eb2-8ed7-3a8051847eb6@group-AF49A4A4CA2A: changes role from  FOLLOWER to FOLLOWER at term 189 for recognizeCandidate:279bca68-3e74-4690-81cf-da5ab79b92f7
2019-10-23 12:36:29,595 [grpc-default-executor-0] INFO  impl.RoleInfo (RoleInfo.java:shutdownFollowerState(121)) - daebe4f8-0ad9-4eb2-8ed7-3a8051847eb6: shutdown FollowerState
2019-10-23 12:36:29,595 [grpc-default-executor-3] INFO  impl.RaftServerImpl (RaftServerImpl.java:setRole(184)) - 389d5540-641f-48c2-a9df-60738dbad976@group-AF49A4A4CA2A: changes role from  FOLLOWER to FOLLOWER at term 189 for recognizeCandidate:279bca68-3e74-4690-81cf-da5ab79b92f7
2019-10-23 12:36:29,595 [grpc-default-executor-3] INFO  impl.RoleInfo (RoleInfo.java:shutdownFollowerState(121)) - 389d5540-641f-48c2-a9df-60738dbad976: shutdown FollowerState
2019-10-23 12:36:29,595 [grpc-default-executor-3] INFO  impl.RoleInfo (RoleInfo.java:updateAndGet(143)) - 389d5540-641f-48c2-a9df-60738dbad976: start FollowerState
2019-10-23 12:36:29,595 [Thread-1393] INFO  impl.FollowerState (FollowerState.java:run(117)) - 389d5540-641f-48c2-a9df-60738dbad976@group-AF49A4A4CA2A-FollowerState was interrupted: java.lang.InterruptedException: sleep interrupted
2019-10-23 12:36:29,608 [Thread-1392] INFO  impl.FollowerState (FollowerState.java:run(117)) - daebe4f8-0ad9-4eb2-8ed7-3a8051847eb6@group-AF49A4A4CA2A-FollowerState was interrupted: java.lang.InterruptedException: sleep interrupted
2019-10-23 12:36:29,608 [grpc-default-executor-0] INFO  impl.RoleInfo (RoleInfo.java:updateAndGet(143)) - daebe4f8-0ad9-4eb2-8ed7-3a8051847eb6: start FollowerState
2019-10-23 12:36:29,732 [279bca68-3e74-4690-81cf-da5ab79b92f7@group-AF49A4A4CA2A-LeaderElection180] INFO  impl.LeaderElection (LeaderElection.java:logAndReturn(56)) - 279bca68-3e74-4690-81cf-da5ab79b92f7@group-AF49A4A4CA2A-LeaderElection180: Election TIMEOUT; received 0 response(s) [] and 0 exception(s); 279bca68-3e74-4690-81cf-da5ab79b92f7@group-AF49A4A4CA2A:t189, leader=null, voted=279bca68-3e74-4690-81cf-da5ab79b92f7, raftlog=279bca68-3e74-4690-81cf-da5ab79b92f7@group-AF49A4A4CA2A-SegmentedRaftLog:OPENED:c-1,f-1,i0, conf=-1: [daebe4f8-0ad9-4eb2-8ed7-3a8051847eb6:192.168.69.118:44860, 389d5540-641f-48c2-a9df-60738dbad976:192.168.69.118:45712, 279bca68-3e74-4690-81cf-da5ab79b92f7:192.168.69.118:45510], old=null
2019-10-23 12:36:29,748 [279bca68-3e74-4690-81cf-da5ab79b92f7@group-AF49A4A4CA2A-LeaderElection180] INFO  impl.LeaderElection (LeaderElection.java:askForVotes(178)) - 279bca68-3e74-4690-81cf-da5ab79b92f7@group-AF49A4A4CA2A-LeaderElection180: begin an election at term 190 for -1: [daebe4f8-0ad9-4eb2-8ed7-3a8051847eb6:192.168.69.118:44860, 389d5540-641f-48c2-a9df-60738dbad976:192.168.69.118:45712, 279bca68-3e74-4690-81cf-da5ab79b92f7:192.168.69.118:45510], old=null
2019-10-23 12:36:29,751 [grpc-default-executor-3] INFO  impl.RaftServerImpl (RaftServerImpl.java:setRole(184)) - daebe4f8-0ad9-4eb2-8ed7-3a8051847eb6@group-AF49A4A4CA2A: changes role from  FOLLOWER to FOLLOWER at term 190 for recognizeCandidate:279bca68-3e74-4690-81cf-da5ab79b92f7
2019-10-23 12:36:29,751 [grpc-default-executor-3] INFO  impl.RoleInfo (RoleInfo.java:shutdownFollowerState(121)) - daebe4f8-0ad9-4eb2-8ed7-3a8051847eb6: shutdown FollowerState
2019-10-23 12:36:29,751 [grpc-default-executor-3] INFO  impl.RoleInfo (RoleInfo.java:updateAndGet(143)) - daebe4f8-0ad9-4eb2-8ed7-3a8051847eb6: start FollowerState
2019-10-23 12:36:29,751 [Thread-1399] INFO  impl.FollowerState (FollowerState.java:run(117)) - daebe4f8-0ad9-4eb2-8ed7-3a8051847eb6@group-AF49A4A4CA2A-FollowerState was interrupted: java.lang.InterruptedException: sleep interrupted
2019-10-23 12:36:29,751 [grpc-default-executor-0] INFO  impl.RaftServerImpl (RaftServerImpl.java:setRole(184)) - 389d5540-641f-48c2-a9df-60738dbad976@group-AF49A4A4CA2A: changes role from  FOLLOWER to FOLLOWER at term 190 for recognizeCandidate:279bca68-3e74-4690-81cf-da5ab79b92f7
2019-10-23 12:36:29,752 [grpc-default-executor-0] INFO  impl.RoleInfo (RoleInfo.java:shutdownFollowerState(121)) - 389d5540-641f-48c2-a9df-60738dbad976: shutdown FollowerState
2019-10-23 12:36:29,752 [grpc-default-executor-0] INFO  impl.RoleInfo (RoleInfo.java:updateAndGet(143)) - 389d5540-641f-48c2-a9df-60738dbad976: start FollowerState
2019-10-23 12:36:29,752 [Thread-1398] INFO  impl.FollowerState (FollowerState.java:run(117)) - 389d5540-641f-48c2-a9df-60738dbad976@group-AF49A4A4CA2A-FollowerState was interrupted: java.lang.InterruptedException: sleep interrupted
2019-10-23 12:36:29,769 [279bca68-3e74-4690-81cf-da5ab79b92f7@group-AF49A4A4CA2A-LeaderElection180] INFO  impl.LeaderElection (LeaderElection.java:logAndReturn(56)) - 279bca68-3e74-4690-81cf-da5ab79b92f7@group-AF49A4A4CA2A-LeaderElection180: Election REJECTED; received 2 response(s) [279bca68-3e74-4690-81cf-da5ab79b92f7<-daebe4f8-0ad9-4eb2-8ed7-3a8051847eb6#0:FAIL-t190, 279bca68-3e74-4690-81cf-da5ab79b92f7<-389d5540-641f-48c2-a9df-60738dbad976#0:FAIL-t190] and 0 exception(s); 279bca68-3e74-4690-81cf-da5ab79b92f7@group-AF49A4A4CA2A:t190, leader=null, voted=279bca68-3e74-4690-81cf-da5ab79b92f7, raftlog=279bca68-3e74-4690-81cf-da5ab79b92f7@group-AF49A4A4CA2A-SegmentedRaftLog:OPENED:c-1,f-1,i0, conf=-1: [daebe4f8-0ad9-4eb2-8ed7-3a8051847eb6:192.168.69.118:44860, 389d5540-641f-48c2-a9df-60738dbad976:192.168.69.118:45712, 279bca68-3e74-4690-81cf-da5ab79b92f7:192.168.69.118:45510], old=null
2019-10-23 12:36:29,769 [279bca68-3e74-4690-81cf-da5ab79b92f7@group-AF49A4A4CA2A-LeaderElection180] INFO  impl.RaftServerImpl (RaftServerImpl.java:setRole(184)) - 279bca68-3e74-4690-81cf-da5ab79b92f7@group-AF49A4A4CA2A: changes role from CANDIDATE to FOLLOWER at term 190 for DISCOVERED_A_NEW_TERM
2019-10-23 12:36:29,769 [279bca68-3e74-4690-81cf-da5ab79b92f7@group-AF49A4A4CA2A-LeaderElection180] INFO  impl.RoleInfo (RoleInfo.java:shutdownLeaderElection(134)) - 279bca68-3e74-4690-81cf-da5ab79b92f7: shutdown LeaderElection
2019-10-23 12:36:29,769 [279bca68-3e74-4690-81cf-da5ab79b92f7@group-AF49A4A4CA2A-LeaderElection180] INFO  impl.RoleInfo (RoleInfo.java:updateAndGet(143)) - 279bca68-3e74-4690-81cf-da5ab79b92f7: start FollowerState
2019-10-23 12:36:29,822 [Thread-1404] INFO  impl.FollowerState (FollowerState.java:run(108)) - 279bca68-3e74-4690-81cf-da5ab79b92f7@group-AF49A4A4CA2A-FollowerState: change to CANDIDATE, lastRpcTime:52ms, electionTimeout:52ms
2019-10-23 12:36:29,822 [Thread-1404] INFO  impl.RoleInfo (RoleInfo.java:shutdownFollowerState(121)) - 279bca68-3e74-4690-81cf-da5ab79b92f7: shutdown FollowerState
2019-10-23 12:36:29,822 [Thread-1404] INFO  impl.RaftServerImpl (RaftServerImpl.java:setRole(184)) - 279bca68-3e74-4690-81cf-da5ab79b92f7@group-AF49A4A4CA2A: changes role from  FOLLOWER to CANDIDATE at term 190 for changeToCandidate
2019-10-23 12:36:29,822 [Thread-1404] INFO  impl.RoleInfo (RoleInfo.java:updateAndGet(143)) - 279bca68-3e74-4690-81cf-da5ab79b92f7: start LeaderElection
2019-10-23 12:36:29,839 [279bca68-3e74-4690-81cf-da5ab79b92f7@group-AF49A4A4CA2A-LeaderElection181] INFO  impl.LeaderElection (LeaderElection.java:askForVotes(178)) - 279bca68-3e74-4690-81cf-da5ab79b92f7@group-AF49A4A4CA2A-LeaderElection181: begin an election at term 191 for -1: [daebe4f8-0ad9-4eb2-8ed7-3a8051847eb6:192.168.69.118:44860, 389d5540-641f-48c2-a9df-60738dbad976:192.168.69.118:45712, 279bca68-3e74-4690-81cf-da5ab79b92f7:192.168.69.118:45510], old=null
2019-10-23 12:36:29,842 [grpc-default-executor-3] INFO  impl.RaftServerImpl (RaftServerImpl.java:setRole(184)) - daebe4f8-0ad9-4eb2-8ed7-3a8051847eb6@group-AF49A4A4CA2A: changes role from  FOLLOWER to FOLLOWER at term 191 for recognizeCandidate:279bca68-3e74-4690-81cf-da5ab79b92f7
2019-10-23 12:36:29,842 [grpc-default-executor-3] INFO  impl.RoleInfo (RoleInfo.java:shutdownFollowerState(121)) - daebe4f8-0ad9-4eb2-8ed7-3a8051847eb6: shutdown FollowerState
2019-10-23 12:36:29,842 [grpc-default-executor-3] INFO  impl.RoleInfo (RoleInfo.java:updateAndGet(143)) - daebe4f8-0ad9-4eb2-8ed7-3a8051847eb6: start FollowerState
2019-10-23 12:36:29,842 [grpc-default-executor-0] INFO  impl.RaftServerImpl (RaftServerImpl.java:setRole(184)) - 389d5540-641f-48c2-a9df-60738dbad976@group-AF49A4A4CA2A: changes role from  FOLLOWER to FOLLOWER at term 191 for recognizeCandidate:279bca68-3e74-4690-81cf-da5ab79b92f7
2019-10-23 12:36:29,842 [Thread-1402] INFO  impl.FollowerState (FollowerState.java:run(117)) - daebe4f8-0ad9-4eb2-8ed7-3a8051847eb6@group-AF49A4A4CA2A-FollowerState was interrupted: java.lang.InterruptedException: sleep interrupted
2019-10-23 12:36:29,842 [grpc-default-executor-0] INFO  impl.RoleInfo (RoleInfo.java:shutdownFollowerState(121)) - 389d5540-641f-48c2-a9df-60738dbad976: shutdown FollowerState
2019-10-23 12:36:29,843 [grpc-default-executor-0] INFO  impl.RoleInfo (RoleInfo.java:updateAndGet(143)) - 389d5540-641f-48c2-a9df-60738dbad976: start FollowerState
2019-10-23 12:36:29,843 [Thread-1403] INFO  impl.FollowerState (FollowerState.java:run(117)) - 389d5540-641f-48c2-a9df-60738dbad976@group-AF49A4A4CA2A-FollowerState was interrupted: java.lang.InterruptedException: sleep interrupted
2019-10-23 12:36:29,855 [279bca68-3e74-4690-81cf-da5ab79b92f7@group-AF49A4A4CA2A-LeaderElection181] INFO  impl.LeaderElection (LeaderElection.java:logAndReturn(56)) - 279bca68-3e74-4690-81cf-da5ab79b92f7@group-AF49A4A4CA2A-LeaderElection181: Election REJECTED; received 2 response(s) [279bca68-3e74-4690-81cf-da5ab79b92f7<-daebe4f8-0ad9-4eb2-8ed7-3a8051847eb6#0:FAIL-t191, 279bca68-3e74-4690-81cf-da5ab79b92f7<-389d5540-641f-48c2-a9df-60738dbad976#0:FAIL-t191] and 0 exception(s); 279bca68-3e74-4690-81cf-da5ab79b92f7@group-AF49A4A4CA2A:t191, leader=null, voted=279bca68-3e74-4690-81cf-da5ab79b92f7, raftlog=279bca68-3e74-4690-81cf-da5ab79b92f7@group-AF49A4A4CA2A-SegmentedRaftLog:OPENED:c-1,f-1,i0, conf=-1: [daebe4f8-0ad9-4eb2-8ed7-3a8051847eb6:192.168.69.118:44860, 389d5540-641f-48c2-a9df-60738dbad976:192.168.69.118:45712, 279bca68-3e74-4690-81cf-da5ab79b92f7:192.168.69.118:45510], old=null
2019-10-23 12:36:29,855 [279bca68-3e74-4690-81cf-da5ab79b92f7@group-AF49A4A4CA2A-LeaderElection181] INFO  impl.RaftServerImpl (RaftServerImpl.java:setRole(184)) - 279bca68-3e74-4690-81cf-da5ab79b92f7@group-AF49A4A4CA2A: changes role from CANDIDATE to FOLLOWER at term 191 for DISCOVERED_A_NEW_TERM
2019-10-23 12:36:29,855 [279bca68-3e74-4690-81cf-da5ab79b92f7@group-AF49A4A4CA2A-LeaderElection181] INFO  impl.RoleInfo (RoleInfo.java:shutdownLeaderElection(134)) - 279bca68-3e74-4690-81cf-da5ab79b92f7: shutdown LeaderElection
2019-10-23 12:36:29,855 [279bca68-3e74-4690-81cf-da5ab79b92f7@group-AF49A4A4CA2A-LeaderElection181] INFO  impl.RoleInfo (RoleInfo.java:updateAndGet(143)) - 279bca68-3e74-4690-81cf-da5ab79b92f7: start FollowerState
2019-10-23 12:36:29,899 [Thread-1410] INFO  impl.FollowerState (FollowerState.java:run(108)) - 279bca68-3e74-4690-81cf-da5ab79b92f7@group-AF49A4A4CA2A-FollowerState: change to CANDIDATE, lastRpcTime:43ms, electionTimeout:43ms
2019-10-23 12:36:29,899 [Thread-1410] INFO  impl.RoleInfo (RoleInfo.java:shutdownFollowerState(121)) - 279bca68-3e74-4690-81cf-da5ab79b92f7: shutdown FollowerState
2019-10-23 12:36:29,899 [Thread-1410] INFO  impl.RaftServerImpl (RaftServerImpl.java:setRole(184)) - 279bca68-3e74-4690-81cf-da5ab79b92f7@group-AF49A4A4CA2A: changes role from  FOLLOWER to CANDIDATE at term 191 for changeToCandidate
2019-10-23 12:36:29,899 [Thread-1410] INFO  impl.RoleInfo (RoleInfo.java:updateAndGet(143)) - 279bca68-3e74-4690-81cf-da5ab79b92f7: start LeaderElection
2019-10-23 12:36:29,912 [279bca68-3e74-4690-81cf-da5ab79b92f7@group-AF49A4A4CA2A-LeaderElection182] INFO  impl.LeaderElection (LeaderElection.java:askForVotes(178)) - 279bca68-3e74-4690-81cf-da5ab79b92f7@group-AF49A4A4CA2A-LeaderElection182: begin an election at term 192 for -1: [daebe4f8-0ad9-4eb2-8ed7-3a8051847eb6:192.168.69.118:44860, 389d5540-641f-48c2-a9df-60738dbad976:192.168.69.118:45712, 279bca68-3e74-4690-81cf-da5ab79b92f7:192.168.69.118:45510], old=null
2019-10-23 12:36:29,914 [grpc-default-executor-0] INFO  impl.RaftServerImpl (RaftServerImpl.java:setRole(184)) - daebe4f8-0ad9-4eb2-8ed7-3a8051847eb6@group-AF49A4A4CA2A: changes role from  FOLLOWER to FOLLOWER at term 192 for recognizeCandidate:279bca68-3e74-4690-81cf-da5ab79b92f7
2019-10-23 12:36:29,914 [grpc-default-executor-0] INFO  impl.RoleInfo (RoleInfo.java:shutdownFollowerState(121)) - daebe4f8-0ad9-4eb2-8ed7-3a8051847eb6: shutdown FollowerState
2019-10-23 12:36:29,914 [grpc-default-executor-3] INFO  impl.RaftServerImpl (RaftServerImpl.java:setRole(184)) - 389d5540-641f-48c2-a9df-60738dbad976@group-AF49A4A4CA2A: changes role from  FOLLOWER to FOLLOWER at term 192 for recognizeCandidate:279bca68-3e74-4690-81cf-da5ab79b92f7
2019-10-23 12:36:29,914 [Thread-1408] INFO  impl.FollowerState (FollowerState.java:run(117)) - daebe4f8-0ad9-4eb2-8ed7-3a8051847eb6@group-AF49A4A4CA2A-FollowerState was interrupted: java.lang.InterruptedException: sleep interrupted
2019-10-23 12:36:29,914 [grpc-default-executor-0] INFO  impl.RoleInfo (RoleInfo.java:updateAndGet(143)) - daebe4f8-0ad9-4eb2-8ed7-3a8051847eb6: start FollowerState
2019-10-23 12:36:29,914 [grpc-default-executor-3] INFO  impl.RoleInfo (RoleInfo.java:shutdownFollowerState(121)) - 389d5540-641f-48c2-a9df-60738dbad976: shutdown FollowerState
2019-10-23 12:36:29,915 [grpc-default-executor-3] INFO  impl.RoleInfo (RoleInfo.java:updateAndGet(143)) - 389d5540-641f-48c2-a9df-60738dbad976: start FollowerState
2019-10-23 12:36:29,915 [Thread-1409] INFO  impl.FollowerState (FollowerState.java:run(117)) - 389d5540-641f-48c2-a9df-60738dbad976@group-AF49A4A4CA2A-FollowerState was interrupted: java.lang.InterruptedException: sleep interrupted
2019-10-23 12:36:29,929 [279bca68-3e74-4690-81cf-da5ab79b92f7@group-AF49A4A4CA2A-LeaderElection182] INFO  impl.LeaderElection (LeaderElection.java:logAndReturn(56)) - 279bca68-3e74-4690-81cf-da5ab79b92f7@group-AF49A4A4CA2A-LeaderElection182: Election REJECTED; received 2 response(s) [279bca68-3e74-4690-81cf-da5ab79b92f7<-daebe4f8-0ad9-4eb2-8ed7-3a8051847eb6#0:FAIL-t192, 279bca68-3e74-4690-81cf-da5ab79b92f7<-389d5540-641f-48c2-a9df-60738dbad976#0:FAIL-t192] and 0 exception(s); 279bca68-3e74-4690-81cf-da5ab79b92f7@group-AF49A4A4CA2A:t192, leader=null, voted=279bca68-3e74-4690-81cf-da5ab79b92f7, raftlog=279bca68-3e74-4690-81cf-da5ab79b92f7@group-AF49A4A4CA2A-SegmentedRaftLog:OPENED:c-1,f-1,i0, conf=-1: [daebe4f8-0ad9-4eb2-8ed7-3a8051847eb6:192.168.69.118:44860, 389d5540-641f-48c2-a9df-60738dbad976:192.168.69.118:45712, 279bca68-3e74-4690-81cf-da5ab79b92f7:192.168.69.118:45510], old=null
2019-10-23 12:36:29,929 [279bca68-3e74-4690-81cf-da5ab79b92f7@group-AF49A4A4CA2A-LeaderElection182] INFO  impl.RaftServerImpl (RaftServerImpl.java:setRole(184)) - 279bca68-3e74-4690-81cf-da5ab79b92f7@group-AF49A4A4CA2A: changes role from CANDIDATE to FOLLOWER at term 192 for DISCOVERED_A_NEW_TERM
2019-10-23 12:36:29,929 [279bca68-3e74-4690-81cf-da5ab79b92f7@group-AF49A4A4CA2A-LeaderElection182] INFO  impl.RoleInfo (RoleInfo.java:shutdownLeaderElection(134)) - 279bca68-3e74-4690-81cf-da5ab79b92f7: shutdown LeaderElection
2019-10-23 12:36:29,929 [279bca68-3e74-4690-81cf-da5ab79b92f7@group-AF49A4A4CA2A-LeaderElection182] INFO  impl.RoleInfo (RoleInfo.java:updateAndGet(143)) - 279bca68-3e74-4690-81cf-da5ab79b92f7: start FollowerState
2019-10-23 12:36:30,047 [Thread-1417] INFO  impl.FollowerState (FollowerState.java:run(108)) - 279bca68-3e74-4690-81cf-da5ab79b92f7@group-AF49A4A4CA2A-FollowerState: change to CANDIDATE, lastRpcTime:118ms, electionTimeout:118ms
2019-10-23 12:36:30,048 [Thread-1417] INFO  impl.RoleInfo (RoleInfo.java:shutdownFollowerState(121)) - 279bca68-3e74-4690-81cf-da5ab79b92f7: shutdown FollowerState
2019-10-23 12:36:30,048 [Thread-1417] INFO  impl.RaftServerImpl (RaftServerImpl.java:setRole(184)) - 279bca68-3e74-4690-81cf-da5ab79b92f7@group-AF49A4A4CA2A: changes role from  FOLLOWER to CANDIDATE at term 192 for changeToCandidate
2019-10-23 12:36:30,048 [Thread-1417] INFO  impl.RoleInfo (RoleInfo.java:updateAndGet(143)) - 279bca68-3e74-4690-81cf-da5ab79b92f7: start LeaderElection
2019-10-23 12:36:30,061 [279bca68-3e74-4690-81cf-da5ab79b92f7@group-AF49A4A4CA2A-LeaderElection183] INFO  impl.LeaderElection (LeaderElection.java:askForVotes(178)) - 279bca68-3e74-4690-81cf-da5ab79b92f7@group-AF49A4A4CA2A-LeaderElection183: begin an election at term 193 for -1: [daebe4f8-0ad9-4eb2-8ed7-3a8051847eb6:192.168.69.118:44860, 389d5540-641f-48c2-a9df-60738dbad976:192.168.69.118:45712, 279bca68-3e74-4690-81cf-da5ab79b92f7:192.168.69.118:45510], old=null
2019-10-23 12:36:30,063 [grpc-default-executor-3] INFO  impl.RaftServerImpl (RaftServerImpl.java:setRole(184)) - daebe4f8-0ad9-4eb2-8ed7-3a8051847eb6@group-AF49A4A4CA2A: changes role from  FOLLOWER to FOLLOWER at term 193 for recognizeCandidate:279bca68-3e74-4690-81cf-da5ab79b92f7
2019-10-23 12:36:30,063 [grpc-default-executor-3] INFO  impl.RoleInfo (RoleInfo.java:shutdownFollowerState(121)) - daebe4f8-0ad9-4eb2-8ed7-3a8051847eb6: shutdown FollowerState
2019-10-23 12:36:30,063 [grpc-default-executor-0] INFO  impl.RaftServerImpl (RaftServerImpl.java:setRole(184)) - 389d5540-641f-48c2-a9df-60738dbad976@group-AF49A4A4CA2A: changes role from  FOLLOWER to FOLLOWER at term 193 for recognizeCandidate:279bca68-3e74-4690-81cf-da5ab79b92f7
2019-10-23 12:36:30,063 [grpc-default-executor-0] INFO  impl.RoleInfo (RoleInfo.java:shutdownFollowerState(121)) - 389d5540-641f-48c2-a9df-60738dbad976: shutdown FollowerState
2019-10-23 12:36:30,063 [grpc-default-executor-3] INFO  impl.RoleInfo (RoleInfo.java:updateAndGet(143)) - daebe4f8-0ad9-4eb2-8ed7-3a8051847eb6: start FollowerState
2019-10-23 12:36:30,063 [Thread-1415] INFO  impl.FollowerState (FollowerState.java:run(117)) - daebe4f8-0ad9-4eb2-8ed7-3a8051847eb6@group-AF49A4A4CA2A-FollowerState was interrupted: java.lang.InterruptedException: sleep interrupted
2019-10-23 12:36:30,064 [Thread-1416] INFO  impl.FollowerState (FollowerState.java:run(117)) - 389d5540-641f-48c2-a9df-60738dbad976@group-AF49A4A4CA2A-FollowerState was interrupted: java.lang.InterruptedException: sleep interrupted
2019-10-23 12:36:30,064 [grpc-default-executor-0] INFO  impl.RoleInfo (RoleInfo.java:updateAndGet(143)) - 389d5540-641f-48c2-a9df-60738dbad976: start FollowerState
2019-10-23 12:36:30,069 [279bca68-3e74-4690-81cf-da5ab79b92f7@group-AF49A4A4CA2A-LeaderElection183] INFO  impl.LeaderElection (LeaderElection.java:logAndReturn(56)) - 279bca68-3e74-4690-81cf-da5ab79b92f7@group-AF49A4A4CA2A-LeaderElection183: Election REJECTED; received 2 response(s) [279bca68-3e74-4690-81cf-da5ab79b92f7<-daebe4f8-0ad9-4eb2-8ed7-3a8051847eb6#0:FAIL-t193, 279bca68-3e74-4690-81cf-da5ab79b92f7<-389d5540-641f-48c2-a9df-60738dbad976#0:FAIL-t193] and 0 exception(s); 279bca68-3e74-4690-81cf-da5ab79b92f7@group-AF49A4A4CA2A:t193, leader=null, voted=279bca68-3e74-4690-81cf-da5ab79b92f7, raftlog=279bca68-3e74-4690-81cf-da5ab79b92f7@group-AF49A4A4CA2A-SegmentedRaftLog:OPENED:c-1,f-1,i0, conf=-1: [daebe4f8-0ad9-4eb2-8ed7-3a8051847eb6:192.168.69.118:44860, 389d5540-641f-48c2-a9df-60738dbad976:192.168.69.118:45712, 279bca68-3e74-4690-81cf-da5ab79b92f7:192.168.69.118:45510], old=null
2019-10-23 12:36:30,069 [279bca68-3e74-4690-81cf-da5ab79b92f7@group-AF49A4A4CA2A-LeaderElection183] INFO  impl.RaftServerImpl (RaftServerImpl.java:setRole(184)) - 279bca68-3e74-4690-81cf-da5ab79b92f7@group-AF49A4A4CA2A: changes role from CANDIDATE to FOLLOWER at term 193 for DISCOVERED_A_NEW_TERM
2019-10-23 12:36:30,069 [279bca68-3e74-4690-81cf-da5ab79b92f7@group-AF49A4A4CA2A-LeaderElection183] INFO  impl.RoleInfo (RoleInfo.java:shutdownLeaderElection(134)) - 279bca68-3e74-4690-81cf-da5ab79b92f7: shutdown LeaderElection
2019-10-23 12:36:30,069 [279bca68-3e74-4690-81cf-da5ab79b92f7@group-AF49A4A4CA2A-LeaderElection183] INFO  impl.RoleInfo (RoleInfo.java:updateAndGet(143)) - 279bca68-3e74-4690-81cf-da5ab79b92f7: start FollowerState
2019-10-23 12:36:30,173 [Thread-1425] INFO  impl.FollowerState (FollowerState.java:run(108)) - 279bca68-3e74-4690-81cf-da5ab79b92f7@group-AF49A4A4CA2A-FollowerState: change to CANDIDATE, lastRpcTime:103ms, electionTimeout:103ms
2019-10-23 12:36:30,173 [Thread-1425] INFO  impl.RoleInfo (RoleInfo.java:shutdownFollowerState(121)) - 279bca68-3e74-4690-81cf-da5ab79b92f7: shutdown FollowerState
2019-10-23 12:36:30,173 [Thread-1425] INFO  impl.RaftServerImpl (RaftServerImpl.java:setRole(184)) - 279bca68-3e74-4690-81cf-da5ab79b92f7@group-AF49A4A4CA2A: changes role from  FOLLOWER to CANDIDATE at term 193 for changeToCandidate
2019-10-23 12:36:30,173 [Thread-1425] INFO  impl.RoleInfo (RoleInfo.java:updateAndGet(143)) - 279bca68-3e74-4690-81cf-da5ab79b92f7: start LeaderElection
2019-10-23 12:36:30,187 [279bca68-3e74-4690-81cf-da5ab79b92f7@group-AF49A4A4CA2A-LeaderElection184] INFO  impl.LeaderElection (LeaderElection.java:askForVotes(178)) - 279bca68-3e74-4690-81cf-da5ab79b92f7@group-AF49A4A4CA2A-LeaderElection184: begin an election at term 194 for -1: [daebe4f8-0ad9-4eb2-8ed7-3a8051847eb6:192.168.69.118:44860, 389d5540-641f-48c2-a9df-60738dbad976:192.168.69.118:45712, 279bca68-3e74-4690-81cf-da5ab79b92f7:192.168.69.118:45510], old=null
2019-10-23 12:36:30,188 [grpc-default-executor-0] INFO  impl.RaftServerImpl (RaftServerImpl.java:setRole(184)) - daebe4f8-0ad9-4eb2-8ed7-3a8051847eb6@group-AF49A4A4CA2A: changes role from  FOLLOWER to FOLLOWER at term 194 for recognizeCandidate:279bca68-3e74-4690-81cf-da5ab79b92f7
2019-10-23 12:36:30,189 [grpc-default-executor-0] INFO  impl.RoleInfo (RoleInfo.java:shutdownFollowerState(121)) - daebe4f8-0ad9-4eb2-8ed7-3a8051847eb6: shutdown FollowerState
2019-10-23 12:36:30,189 [grpc-default-executor-3] INFO  impl.RaftServerImpl (RaftServerImpl.java:setRole(184)) - 389d5540-641f-48c2-a9df-60738dbad976@group-AF49A4A4CA2A: changes role from  FOLLOWER to FOLLOWER at term 194 for recognizeCandidate:279bca68-3e74-4690-81cf-da5ab79b92f7
2019-10-23 12:36:30,189 [grpc-default-executor-3] INFO  impl.RoleInfo (RoleInfo.java:shutdownFollowerState(121)) - 389d5540-641f-48c2-a9df-60738dbad976: shutdown FollowerState
2019-10-23 12:36:30,189 [Thread-1423] INFO  impl.FollowerState (FollowerState.java:run(117)) - daebe4f8-0ad9-4eb2-8ed7-3a8051847eb6@group-AF49A4A4CA2A-FollowerState was interrupted: java.lang.InterruptedException: sleep interrupted
2019-10-23 12:36:30,189 [grpc-default-executor-0] INFO  impl.RoleInfo (RoleInfo.java:updateAndGet(143)) - daebe4f8-0ad9-4eb2-8ed7-3a8051847eb6: start FollowerState
2019-10-23 12:36:30,189 [Thread-1424] INFO  impl.FollowerState (FollowerState.java:run(117)) - 389d5540-641f-48c2-a9df-60738dbad976@group-AF49A4A4CA2A-FollowerState was interrupted: java.lang.InterruptedException: sleep interrupted
2019-10-23 12:36:30,189 [grpc-default-executor-3] INFO  impl.RoleInfo (RoleInfo.java:updateAndGet(143)) - 389d5540-641f-48c2-a9df-60738dbad976: start FollowerState
2019-10-23 12:36:30,204 [279bca68-3e74-4690-81cf-da5ab79b92f7@group-AF49A4A4CA2A-LeaderElection184] INFO  impl.LeaderElection (LeaderElection.java:logAndReturn(56)) - 279bca68-3e74-4690-81cf-da5ab79b92f7@group-AF49A4A4CA2A-LeaderElection184: Election REJECTED; received 2 response(s) [279bca68-3e74-4690-81cf-da5ab79b92f7<-daebe4f8-0ad9-4eb2-8ed7-3a8051847eb6#0:FAIL-t194, 279bca68-3e74-4690-81cf-da5ab79b92f7<-389d5540-641f-48c2-a9df-60738dbad976#0:FAIL-t194] and 0 exception(s); 279bca68-3e74-4690-81cf-da5ab79b92f7@group-AF49A4A4CA2A:t194, leader=null, voted=279bca68-3e74-4690-81cf-da5ab79b92f7, raftlog=279bca68-3e74-4690-81cf-da5ab79b92f7@group-AF49A4A4CA2A-SegmentedRaftLog:OPENED:c-1,f-1,i0, conf=-1: [daebe4f8-0ad9-4eb2-8ed7-3a8051847eb6:192.168.69.118:44860, 389d5540-641f-48c2-a9df-60738dbad976:192.168.69.118:45712, 279bca68-3e74-4690-81cf-da5ab79b92f7:192.168.69.118:45510], old=null
2019-10-23 12:36:30,204 [279bca68-3e74-4690-81cf-da5ab79b92f7@group-AF49A4A4CA2A-LeaderElection184] INFO  impl.RaftServerImpl (RaftServerImpl.java:setRole(184)) - 279bca68-3e74-4690-81cf-da5ab79b92f7@group-AF49A4A4CA2A: changes role from CANDIDATE to FOLLOWER at term 194 for DISCOVERED_A_NEW_TERM
2019-10-23 12:36:30,204 [279bca68-3e74-4690-81cf-da5ab79b92f7@group-AF49A4A4CA2A-LeaderElection184] INFO  impl.RoleInfo (RoleInfo.java:shutdownLeaderElection(134)) - 279bca68-3e74-4690-81cf-da5ab79b92f7: shutdown LeaderElection
2019-10-23 12:36:30,204 [279bca68-3e74-4690-81cf-da5ab79b92f7@group-AF49A4A4CA2A-LeaderElection184] INFO  impl.RoleInfo (RoleInfo.java:updateAndGet(143)) - 279bca68-3e74-4690-81cf-da5ab79b92f7: start FollowerState
2019-10-23 12:36:30,394 [Thread-1431] INFO  impl.FollowerState (FollowerState.java:run(108)) - 279bca68-3e74-4690-81cf-da5ab79b92f7@group-AF49A4A4CA2A-FollowerState: change to CANDIDATE, lastRpcTime:190ms, electionTimeout:190ms
2019-10-23 12:36:30,395 [Thread-1431] INFO  impl.RoleInfo (RoleInfo.java:shutdownFollowerState(121)) - 279bca68-3e74-4690-81cf-da5ab79b92f7: shutdown FollowerState
2019-10-23 12:36:30,395 [Thread-1431] INFO  impl.RaftServerImpl (RaftServerImpl.java:setRole(184)) - 279bca68-3e74-4690-81cf-da5ab79b92f7@group-AF49A4A4CA2A: changes role from  FOLLOWER to CANDIDATE at term 194 for changeToCandidate
2019-10-23 12:36:30,395 [Thread-1431] INFO  impl.RoleInfo (RoleInfo.java:updateAndGet(143)) - 279bca68-3e74-4690-81cf-da5ab79b92f7: start LeaderElection
2019-10-23 12:36:30,408 [279bca68-3e74-4690-81cf-da5ab79b92f7@group-AF49A4A4CA2A-LeaderElection185] INFO  impl.LeaderElection (LeaderElection.java:askForVotes(178)) - 279bca68-3e74-4690-81cf-da5ab79b92f7@group-AF49A4A4CA2A-LeaderElection185: begin an election at term 195 for -1: [daebe4f8-0ad9-4eb2-8ed7-3a8051847eb6:192.168.69.118:44860, 389d5540-641f-48c2-a9df-60738dbad976:192.168.69.118:45712, 279bca68-3e74-4690-81cf-da5ab79b92f7:192.168.69.118:45510], old=null
2019-10-23 12:36:30,409 [279bca68-3e74-4690-81cf-da5ab79b92f7@group-AF49A4A4CA2A-LeaderElection185] INFO  impl.LeaderElection (LeaderElection.java:logAndReturn(56)) - 279bca68-3e74-4690-81cf-da5ab79b92f7@group-AF49A4A4CA2A-LeaderElection185: Election TIMEOUT; received 0 response(s) [] and 0 exception(s); 279bca68-3e74-4690-81cf-da5ab79b92f7@group-AF49A4A4CA2A:t195, leader=null, voted=279bca68-3e74-4690-81cf-da5ab79b92f7, raftlog=279bca68-3e74-4690-81cf-da5ab79b92f7@group-AF49A4A4CA2A-SegmentedRaftLog:OPENED:c-1,f-1,i0, conf=-1: [daebe4f8-0ad9-4eb2-8ed7-3a8051847eb6:192.168.69.118:44860, 389d5540-641f-48c2-a9df-60738dbad976:192.168.69.118:45712, 279bca68-3e74-4690-81cf-da5ab79b92f7:192.168.69.118:45510], old=null
2019-10-23 12:36:30,410 [grpc-default-executor-3] INFO  impl.RaftServerImpl (RaftServerImpl.java:setRole(184)) - daebe4f8-0ad9-4eb2-8ed7-3a8051847eb6@group-AF49A4A4CA2A: changes role from  FOLLOWER to FOLLOWER at term 195 for recognizeCandidate:279bca68-3e74-4690-81cf-da5ab79b92f7
2019-10-23 12:36:30,410 [grpc-default-executor-0] INFO  impl.RaftServerImpl (RaftServerImpl.java:setRole(184)) - 389d5540-641f-48c2-a9df-60738dbad976@group-AF49A4A4CA2A: changes role from  FOLLOWER to FOLLOWER at term 195 for recognizeCandidate:279bca68-3e74-4690-81cf-da5ab79b92f7
2019-10-23 12:36:30,410 [grpc-default-executor-0] INFO  impl.RoleInfo (RoleInfo.java:shutdownFollowerState(121)) - 389d5540-641f-48c2-a9df-60738dbad976: shutdown FollowerState
2019-10-23 12:36:30,410 [grpc-default-executor-3] INFO  impl.RoleInfo (RoleInfo.java:shutdownFollowerState(121)) - daebe4f8-0ad9-4eb2-8ed7-3a8051847eb6: shutdown FollowerState
2019-10-23 12:36:30,410 [Thread-1430] INFO  impl.FollowerState (FollowerState.java:run(117)) - 389d5540-641f-48c2-a9df-60738dbad976@group-AF49A4A4CA2A-FollowerState was interrupted: java.lang.InterruptedException: sleep interrupted
2019-10-23 12:36:30,410 [grpc-default-executor-0] INFO  impl.RoleInfo (RoleInfo.java:updateAndGet(143)) - 389d5540-641f-48c2-a9df-60738dbad976: start FollowerState
2019-10-23 12:36:30,410 [Thread-1429] INFO  impl.FollowerState (FollowerState.java:run(117)) - daebe4f8-0ad9-4eb2-8ed7-3a8051847eb6@group-AF49A4A4CA2A-FollowerState was interrupted: java.lang.InterruptedException: sleep interrupted
2019-10-23 12:36:30,410 [grpc-default-executor-3] INFO  impl.RoleInfo (RoleInfo.java:updateAndGet(143)) - daebe4f8-0ad9-4eb2-8ed7-3a8051847eb6: start FollowerState
2019-10-23 12:36:30,423 [279bca68-3e74-4690-81cf-da5ab79b92f7@group-AF49A4A4CA2A-LeaderElection185] INFO  impl.LeaderElection (LeaderElection.java:askForVotes(178)) - 279bca68-3e74-4690-81cf-da5ab79b92f7@group-AF49A4A4CA2A-LeaderElection185: begin an election at term 196 for -1: [daebe4f8-0ad9-4eb2-8ed7-3a8051847eb6:192.168.69.118:44860, 389d5540-641f-48c2-a9df-60738dbad976:192.168.69.118:45712, 279bca68-3e74-4690-81cf-da5ab79b92f7:192.168.69.118:45510], old=null
2019-10-23 12:36:30,424 [grpc-default-executor-3] INFO  impl.RaftServerImpl (RaftServerImpl.java:setRole(184)) - 389d5540-641f-48c2-a9df-60738dbad976@group-AF49A4A4CA2A: changes role from  FOLLOWER to FOLLOWER at term 196 for recognizeCandidate:279bca68-3e74-4690-81cf-da5ab79b92f7
2019-10-23 12:36:30,425 [grpc-default-executor-3] INFO  impl.RoleInfo (RoleInfo.java:shutdownFollowerState(121)) - 389d5540-641f-48c2-a9df-60738dbad976: shutdown FollowerState
2019-10-23 12:36:30,425 [grpc-default-executor-0] INFO  impl.RaftServerImpl (RaftServerImpl.java:setRole(184)) - daebe4f8-0ad9-4eb2-8ed7-3a8051847eb6@group-AF49A4A4CA2A: changes role from  FOLLOWER to FOLLOWER at term 196 for recognizeCandidate:279bca68-3e74-4690-81cf-da5ab79b92f7
2019-10-23 12:36:30,425 [Thread-1435] INFO  impl.FollowerState (FollowerState.java:run(117)) - 389d5540-641f-48c2-a9df-60738dbad976@group-AF49A4A4CA2A-FollowerState was interrupted: java.lang.InterruptedException: sleep interrupted
2019-10-23 12:36:30,425 [grpc-default-executor-3] INFO  impl.RoleInfo (RoleInfo.java:updateAndGet(143)) - 389d5540-641f-48c2-a9df-60738dbad976: start FollowerState
2019-10-23 12:36:30,425 [grpc-default-executor-0] INFO  impl.RoleInfo (RoleInfo.java:shutdownFollowerState(121)) - daebe4f8-0ad9-4eb2-8ed7-3a8051847eb6: shutdown FollowerState
2019-10-23 12:36:30,425 [grpc-default-executor-0] INFO  impl.RoleInfo (RoleInfo.java:updateAndGet(143)) - daebe4f8-0ad9-4eb2-8ed7-3a8051847eb6: start FollowerState
2019-10-23 12:36:30,425 [Thread-1436] INFO  impl.FollowerState (FollowerState.java:run(117)) - daebe4f8-0ad9-4eb2-8ed7-3a8051847eb6@group-AF49A4A4CA2A-FollowerState was interrupted: java.lang.InterruptedException: sleep interrupted
2019-10-23 12:36:30,441 [279bca68-3e74-4690-81cf-da5ab79b92f7@group-AF49A4A4CA2A-LeaderElection185] INFO  impl.LeaderElection (LeaderElection.java:logAndReturn(56)) - 279bca68-3e74-4690-81cf-da5ab79b92f7@group-AF49A4A4CA2A-LeaderElection185: Election REJECTED; received 2 response(s) [279bca68-3e74-4690-81cf-da5ab79b92f7<-daebe4f8-0ad9-4eb2-8ed7-3a8051847eb6#0:FAIL-t196, 279bca68-3e74-4690-81cf-da5ab79b92f7<-389d5540-641f-48c2-a9df-60738dbad976#0:FAIL-t196] and 0 exception(s); 279bca68-3e74-4690-81cf-da5ab79b92f7@group-AF49A4A4CA2A:t196, leader=null, voted=279bca68-3e74-4690-81cf-da5ab79b92f7, raftlog=279bca68-3e74-4690-81cf-da5ab79b92f7@group-AF49A4A4CA2A-SegmentedRaftLog:OPENED:c-1,f-1,i0, conf=-1: [daebe4f8-0ad9-4eb2-8ed7-3a8051847eb6:192.168.69.118:44860, 389d5540-641f-48c2-a9df-60738dbad976:192.168.69.118:45712, 279bca68-3e74-4690-81cf-da5ab79b92f7:192.168.69.118:45510], old=null
2019-10-23 12:36:30,441 [279bca68-3e74-4690-81cf-da5ab79b92f7@group-AF49A4A4CA2A-LeaderElection185] INFO  impl.RaftServerImpl (RaftServerImpl.java:setRole(184)) - 279bca68-3e74-4690-81cf-da5ab79b92f7@group-AF49A4A4CA2A: changes role from CANDIDATE to FOLLOWER at term 196 for DISCOVERED_A_NEW_TERM
2019-10-23 12:36:30,441 [279bca68-3e74-4690-81cf-da5ab79b92f7@group-AF49A4A4CA2A-LeaderElection185] INFO  impl.RoleInfo (RoleInfo.java:shutdownLeaderElection(134)) - 279bca68-3e74-4690-81cf-da5ab79b92f7: shutdown LeaderElection
2019-10-23 12:36:30,441 [279bca68-3e74-4690-81cf-da5ab79b92f7@group-AF49A4A4CA2A-LeaderElection185] INFO  impl.RoleInfo (RoleInfo.java:updateAndGet(143)) - 279bca68-3e74-4690-81cf-da5ab79b92f7: start FollowerState
2019-10-23 12:36:30,510 [Thread-1441] INFO  impl.FollowerState (FollowerState.java:run(108)) - 279bca68-3e74-4690-81cf-da5ab79b92f7@group-AF49A4A4CA2A-FollowerState: change to CANDIDATE, lastRpcTime:68ms, electionTimeout:68ms
2019-10-23 12:36:30,510 [Thread-1441] INFO  impl.RoleInfo (RoleInfo.java:shutdownFollowerState(121)) - 279bca68-3e74-4690-81cf-da5ab79b92f7: shutdown FollowerState
2019-10-23 12:36:30,510 [Thread-1441] INFO  impl.RaftServerImpl (RaftServerImpl.java:setRole(184)) - 279bca68-3e74-4690-81cf-da5ab79b92f7@group-AF49A4A4CA2A: changes role from  FOLLOWER to CANDIDATE at term 196 for changeToCandidate
2019-10-23 12:36:30,510 [Thread-1441] INFO  impl.RoleInfo (RoleInfo.java:updateAndGet(143)) - 279bca68-3e74-4690-81cf-da5ab79b92f7: start LeaderElection
2019-10-23 12:36:30,523 [279bca68-3e74-4690-81cf-da5ab79b92f7@group-AF49A4A4CA2A-LeaderElection186] INFO  impl.LeaderElection (LeaderElection.java:askForVotes(178)) - 279bca68-3e74-4690-81cf-da5ab79b92f7@group-AF49A4A4CA2A-LeaderElection186: begin an election at term 197 for -1: [daebe4f8-0ad9-4eb2-8ed7-3a8051847eb6:192.168.69.118:44860, 389d5540-641f-48c2-a9df-60738dbad976:192.168.69.118:45712, 279bca68-3e74-4690-81cf-da5ab79b92f7:192.168.69.118:45510], old=null
2019-10-23 12:36:30,526 [grpc-default-executor-3] INFO  impl.RaftServerImpl (RaftServerImpl.java:setRole(184)) - daebe4f8-0ad9-4eb2-8ed7-3a8051847eb6@group-AF49A4A4CA2A: changes role from  FOLLOWER to FOLLOWER at term 197 for recognizeCandidate:279bca68-3e74-4690-81cf-da5ab79b92f7
2019-10-23 12:36:30,526 [grpc-default-executor-3] INFO  impl.RoleInfo (RoleInfo.java:shutdownFollowerState(121)) - daebe4f8-0ad9-4eb2-8ed7-3a8051847eb6: shutdown FollowerState
2019-10-23 12:36:30,526 [grpc-default-executor-3] INFO  impl.RoleInfo (RoleInfo.java:updateAndGet(143)) - daebe4f8-0ad9-4eb2-8ed7-3a8051847eb6: start FollowerState
2019-10-23 12:36:30,526 [Thread-1440] INFO  impl.FollowerState (FollowerState.java:run(117)) - daebe4f8-0ad9-4eb2-8ed7-3a8051847eb6@group-AF49A4A4CA2A-FollowerState was interrupted: java.lang.InterruptedException: sleep interrupted
2019-10-23 12:36:30,526 [grpc-default-executor-0] INFO  impl.RaftServerImpl (RaftServerImpl.java:setRole(184)) - 389d5540-641f-48c2-a9df-60738dbad976@group-AF49A4A4CA2A: changes role from  FOLLOWER to FOLLOWER at term 197 for recognizeCandidate:279bca68-3e74-4690-81cf-da5ab79b92f7
2019-10-23 12:36:30,526 [grpc-default-executor-0] INFO  impl.RoleInfo (RoleInfo.java:shutdownFollowerState(121)) - 389d5540-641f-48c2-a9df-60738dbad976: shutdown FollowerState
2019-10-23 12:36:30,527 [grpc-default-executor-0] INFO  impl.RoleInfo (RoleInfo.java:updateAndGet(143)) - 389d5540-641f-48c2-a9df-60738dbad976: start FollowerState
2019-10-23 12:36:30,527 [Thread-1439] INFO  impl.FollowerState (FollowerState.java:run(117)) - 389d5540-641f-48c2-a9df-60738dbad976@group-AF49A4A4CA2A-FollowerState was interrupted: java.lang.InterruptedException: sleep interrupted
2019-10-23 12:36:30,531 [279bca68-3e74-4690-81cf-da5ab79b92f7@group-AF49A4A4CA2A-LeaderElection186] INFO  impl.LeaderElection (LeaderElection.java:logAndReturn(56)) - 279bca68-3e74-4690-81cf-da5ab79b92f7@group-AF49A4A4CA2A-LeaderElection186: Election REJECTED; received 2 response(s) [279bca68-3e74-4690-81cf-da5ab79b92f7<-daebe4f8-0ad9-4eb2-8ed7-3a8051847eb6#0:FAIL-t197, 279bca68-3e74-4690-81cf-da5ab79b92f7<-389d5540-641f-48c2-a9df-60738dbad976#0:FAIL-t197] and 0 exception(s); 279bca68-3e74-4690-81cf-da5ab79b92f7@group-AF49A4A4CA2A:t197, leader=null, voted=279bca68-3e74-4690-81cf-da5ab79b92f7, raftlog=279bca68-3e74-4690-81cf-da5ab79b92f7@group-AF49A4A4CA2A-SegmentedRaftLog:OPENED:c-1,f-1,i0, conf=-1: [daebe4f8-0ad9-4eb2-8ed7-3a8051847eb6:192.168.69.118:44860, 389d5540-641f-48c2-a9df-60738dbad976:192.168.69.118:45712, 279bca68-3e74-4690-81cf-da5ab79b92f7:192.168.69.118:45510], old=null
2019-10-23 12:36:30,532 [279bca68-3e74-4690-81cf-da5ab79b92f7@group-AF49A4A4CA2A-LeaderElection186] INFO  impl.RaftServerImpl (RaftServerImpl.java:setRole(184)) - 279bca68-3e74-4690-81cf-da5ab79b92f7@group-AF49A4A4CA2A: changes role from CANDIDATE to FOLLOWER at term 197 for DISCOVERED_A_NEW_TERM
2019-10-23 12:36:30,532 [279bca68-3e74-4690-81cf-da5ab79b92f7@group-AF49A4A4CA2A-LeaderElection186] INFO  impl.RoleInfo (RoleInfo.java:shutdownLeaderElection(134)) - 279bca68-3e74-4690-81cf-da5ab79b92f7: shutdown LeaderElection
2019-10-23 12:36:30,532 [279bca68-3e74-4690-81cf-da5ab79b92f7@group-AF49A4A4CA2A-LeaderElection186] INFO  impl.RoleInfo (RoleInfo.java:updateAndGet(143)) - 279bca68-3e74-4690-81cf-da5ab79b92f7: start FollowerState
2019-10-23 12:36:30,568 [Thread-1447] INFO  impl.FollowerState (FollowerState.java:run(108)) - 279bca68-3e74-4690-81cf-da5ab79b92f7@group-AF49A4A4CA2A-FollowerState: change to CANDIDATE, lastRpcTime:36ms, electionTimeout:36ms
2019-10-23 12:36:30,569 [Thread-1447] INFO  impl.RoleInfo (RoleInfo.java:shutdownFollowerState(121)) - 279bca68-3e74-4690-81cf-da5ab79b92f7: shutdown FollowerState
2019-10-23 12:36:30,569 [Thread-1447] INFO  impl.RaftServerImpl (RaftServerImpl.java:setRole(184)) - 279bca68-3e74-4690-81cf-da5ab79b92f7@group-AF49A4A4CA2A: changes role from  FOLLOWER to CANDIDATE at term 197 for changeToCandidate
2019-10-23 12:36:30,569 [Thread-1447] INFO  impl.RoleInfo (RoleInfo.java:updateAndGet(143)) - 279bca68-3e74-4690-81cf-da5ab79b92f7: start LeaderElection
2019-10-23 12:36:30,582 [279bca68-3e74-4690-81cf-da5ab79b92f7@group-AF49A4A4CA2A-LeaderElection187] INFO  impl.LeaderElection (LeaderElection.java:askForVotes(178)) - 279bca68-3e74-4690-81cf-da5ab79b92f7@group-AF49A4A4CA2A-LeaderElection187: begin an election at term 198 for -1: [daebe4f8-0ad9-4eb2-8ed7-3a8051847eb6:192.168.69.118:44860, 389d5540-641f-48c2-a9df-60738dbad976:192.168.69.118:45712, 279bca68-3e74-4690-81cf-da5ab79b92f7:192.168.69.118:45510], old=null
2019-10-23 12:36:30,584 [grpc-default-executor-3] INFO  impl.RaftServerImpl (RaftServerImpl.java:setRole(184)) - daebe4f8-0ad9-4eb2-8ed7-3a8051847eb6@group-AF49A4A4CA2A: changes role from  FOLLOWER to FOLLOWER at term 198 for recognizeCandidate:279bca68-3e74-4690-81cf-da5ab79b92f7
2019-10-23 12:36:30,584 [grpc-default-executor-3] INFO  impl.RoleInfo (RoleInfo.java:shutdownFollowerState(121)) - daebe4f8-0ad9-4eb2-8ed7-3a8051847eb6: shutdown FollowerState
2019-10-23 12:36:30,585 [grpc-default-executor-3] INFO  impl.RoleInfo (RoleInfo.java:updateAndGet(143)) - daebe4f8-0ad9-4eb2-8ed7-3a8051847eb6: start FollowerState
2019-10-23 12:36:30,585 [Thread-1445] INFO  impl.FollowerState (FollowerState.java:run(117)) - daebe4f8-0ad9-4eb2-8ed7-3a8051847eb6@group-AF49A4A4CA2A-FollowerState was interrupted: java.lang.InterruptedException: sleep interrupted
2019-10-23 12:36:30,585 [grpc-default-executor-0] INFO  impl.RaftServerImpl (RaftServerImpl.java:setRole(184)) - 389d5540-641f-48c2-a9df-60738dbad976@group-AF49A4A4CA2A: changes role from  FOLLOWER to FOLLOWER at term 198 for recognizeCandidate:279bca68-3e74-4690-81cf-da5ab79b92f7
2019-10-23 12:36:30,585 [grpc-default-executor-0] INFO  impl.RoleInfo (RoleInfo.java:shutdownFollowerState(121)) - 389d5540-641f-48c2-a9df-60738dbad976: shutdown FollowerState
2019-10-23 12:36:30,585 [grpc-default-executor-0] INFO  impl.RoleInfo (RoleInfo.java:updateAndGet(143)) - 389d5540-641f-48c2-a9df-60738dbad976: start FollowerState
2019-10-23 12:36:30,585 [Thread-1446] INFO  impl.FollowerState (FollowerState.java:run(117)) - 389d5540-641f-48c2-a9df-60738dbad976@group-AF49A4A4CA2A-FollowerState was interrupted: java.lang.InterruptedException: sleep interrupted
2019-10-23 12:36:30,596 [279bca68-3e74-4690-81cf-da5ab79b92f7@group-AF49A4A4CA2A-LeaderElection187] INFO  impl.LeaderElection (LeaderElection.java:logAndReturn(56)) - 279bca68-3e74-4690-81cf-da5ab79b92f7@group-AF49A4A4CA2A-LeaderElection187: Election TIMEOUT; received 0 response(s) [] and 0 exception(s); 279bca68-3e74-4690-81cf-da5ab79b92f7@group-AF49A4A4CA2A:t198, leader=null, voted=279bca68-3e74-4690-81cf-da5ab79b92f7, raftlog=279bca68-3e74-4690-81cf-da5ab79b92f7@group-AF49A4A4CA2A-SegmentedRaftLog:OPENED:c-1,f-1,i0, conf=-1: [daebe4f8-0ad9-4eb2-8ed7-3a8051847eb6:192.168.69.118:44860, 389d5540-641f-48c2-a9df-60738dbad976:192.168.69.118:45712, 279bca68-3e74-4690-81cf-da5ab79b92f7:192.168.69.118:45510], old=null
2019-10-23 12:36:30,600 [279bca68-3e74-4690-81cf-da5ab79b92f7@group-AF49A4A4CA2A-LeaderElection187] INFO  impl.LeaderElection (LeaderElection.java:askForVotes(178)) - 279bca68-3e74-4690-81cf-da5ab79b92f7@group-AF49A4A4CA2A-LeaderElection187: begin an election at term 199 for -1: [daebe4f8-0ad9-4eb2-8ed7-3a8051847eb6:192.168.69.118:44860, 389d5540-641f-48c2-a9df-60738dbad976:192.168.69.118:45712, 279bca68-3e74-4690-81cf-da5ab79b92f7:192.168.69.118:45510], old=null
2019-10-23 12:36:30,603 [grpc-default-executor-3] INFO  impl.RaftServerImpl (RaftServerImpl.java:setRole(184)) - 389d5540-641f-48c2-a9df-60738dbad976@group-AF49A4A4CA2A: changes role from  FOLLOWER to FOLLOWER at term 199 for recognizeCandidate:279bca68-3e74-4690-81cf-da5ab79b92f7
2019-10-23 12:36:30,603 [grpc-default-executor-3] INFO  impl.RoleInfo (RoleInfo.java:shutdownFollowerState(121)) - 389d5540-641f-48c2-a9df-60738dbad976: shutdown FollowerState
2019-10-23 12:36:30,603 [grpc-default-executor-3] INFO  impl.RoleInfo (RoleInfo.java:updateAndGet(143)) - 389d5540-641f-48c2-a9df-60738dbad976: start FollowerState
2019-10-23 12:36:30,603 [Thread-1452] INFO  impl.FollowerState (FollowerState.java:run(117)) - 389d5540-641f-48c2-a9df-60738dbad976@group-AF49A4A4CA2A-FollowerState was interrupted: java.lang.InterruptedException: sleep interrupted
2019-10-23 12:36:30,603 [grpc-default-executor-0] INFO  impl.RaftServerImpl (RaftServerImpl.java:setRole(184)) - daebe4f8-0ad9-4eb2-8ed7-3a8051847eb6@group-AF49A4A4CA2A: changes role from  FOLLOWER to FOLLOWER at term 199 for recognizeCandidate:279bca68-3e74-4690-81cf-da5ab79b92f7
2019-10-23 12:36:30,603 [grpc-default-executor-0] INFO  impl.RoleInfo (RoleInfo.java:shutdownFollowerState(121)) - daebe4f8-0ad9-4eb2-8ed7-3a8051847eb6: shutdown FollowerState
2019-10-23 12:36:30,604 [grpc-default-executor-0] INFO  impl.RoleInfo (RoleInfo.java:updateAndGet(143)) - daebe4f8-0ad9-4eb2-8ed7-3a8051847eb6: start FollowerState
2019-10-23 12:36:30,604 [Thread-1451] INFO  impl.FollowerState (FollowerState.java:run(117)) - daebe4f8-0ad9-4eb2-8ed7-3a8051847eb6@group-AF49A4A4CA2A-FollowerState was interrupted: java.lang.InterruptedException: sleep interrupted
2019-10-23 12:36:30,618 [279bca68-3e74-4690-81cf-da5ab79b92f7@group-AF49A4A4CA2A-LeaderElection187] INFO  impl.LeaderElection (LeaderElection.java:logAndReturn(56)) - 279bca68-3e74-4690-81cf-da5ab79b92f7@group-AF49A4A4CA2A-LeaderElection187: Election REJECTED; received 2 response(s) [279bca68-3e74-4690-81cf-da5ab79b92f7<-daebe4f8-0ad9-4eb2-8ed7-3a8051847eb6#0:FAIL-t199, 279bca68-3e74-4690-81cf-da5ab79b92f7<-389d5540-641f-48c2-a9df-60738dbad976#0:FAIL-t199] and 0 exception(s); 279bca68-3e74-4690-81cf-da5ab79b92f7@group-AF49A4A4CA2A:t199, leader=null, voted=279bca68-3e74-4690-81cf-da5ab79b92f7, raftlog=279bca68-3e74-4690-81cf-da5ab79b92f7@group-AF49A4A4CA2A-SegmentedRaftLog:OPENED:c-1,f-1,i0, conf=-1: [daebe4f8-0ad9-4eb2-8ed7-3a8051847eb6:192.168.69.118:44860, 389d5540-641f-48c2-a9df-60738dbad976:192.168.69.118:45712, 279bca68-3e74-4690-81cf-da5ab79b92f7:192.168.69.118:45510], old=null
2019-10-23 12:36:30,618 [279bca68-3e74-4690-81cf-da5ab79b92f7@group-AF49A4A4CA2A-LeaderElection187] INFO  impl.RaftServerImpl (RaftServerImpl.java:setRole(184)) - 279bca68-3e74-4690-81cf-da5ab79b92f7@group-AF49A4A4CA2A: changes role from CANDIDATE to FOLLOWER at term 199 for DISCOVERED_A_NEW_TERM
2019-10-23 12:36:30,618 [279bca68-3e74-4690-81cf-da5ab79b92f7@group-AF49A4A4CA2A-LeaderElection187] INFO  impl.RoleInfo (RoleInfo.java:shutdownLeaderElection(134)) - 279bca68-3e74-4690-81cf-da5ab79b92f7: shutdown LeaderElection
2019-10-23 12:36:30,618 [279bca68-3e74-4690-81cf-da5ab79b92f7@group-AF49A4A4CA2A-LeaderElection187] INFO  impl.RoleInfo (RoleInfo.java:updateAndGet(143)) - 279bca68-3e74-4690-81cf-da5ab79b92f7: start FollowerState
2019-10-23 12:36:30,666 [Thread-1457] INFO  impl.FollowerState (FollowerState.java:run(108)) - 279bca68-3e74-4690-81cf-da5ab79b92f7@group-AF49A4A4CA2A-FollowerState: change to CANDIDATE, lastRpcTime:48ms, electionTimeout:48ms
2019-10-23 12:36:30,667 [Thread-1457] INFO  impl.RoleInfo (RoleInfo.java:shutdownFollowerState(121)) - 279bca68-3e74-4690-81cf-da5ab79b92f7: shutdown FollowerState
2019-10-23 12:36:30,667 [Thread-1457] INFO  impl.RaftServerImpl (RaftServerImpl.java:setRole(184)) - 279bca68-3e74-4690-81cf-da5ab79b92f7@group-AF49A4A4CA2A: changes role from  FOLLOWER to CANDIDATE at term 199 for changeToCandidate
2019-10-23 12:36:30,667 [Thread-1457] INFO  impl.RoleInfo (RoleInfo.java:updateAndGet(143)) - 279bca68-3e74-4690-81cf-da5ab79b92f7: start LeaderElection
2019-10-23 12:36:30,680 [279bca68-3e74-4690-81cf-da5ab79b92f7@group-AF49A4A4CA2A-LeaderElection188] INFO  impl.LeaderElection (LeaderElection.java:askForVotes(178)) - 279bca68-3e74-4690-81cf-da5ab79b92f7@group-AF49A4A4CA2A-LeaderElection188: begin an election at term 200 for -1: [daebe4f8-0ad9-4eb2-8ed7-3a8051847eb6:192.168.69.118:44860, 389d5540-641f-48c2-a9df-60738dbad976:192.168.69.118:45712, 279bca68-3e74-4690-81cf-da5ab79b92f7:192.168.69.118:45510], old=null
2019-10-23 12:36:30,683 [grpc-default-executor-0] INFO  impl.RaftServerImpl (RaftServerImpl.java:setRole(184)) - daebe4f8-0ad9-4eb2-8ed7-3a8051847eb6@group-AF49A4A4CA2A: changes role from  FOLLOWER to FOLLOWER at term 200 for recognizeCandidate:279bca68-3e74-4690-81cf-da5ab79b92f7
2019-10-23 12:36:30,683 [grpc-default-executor-0] INFO  impl.RoleInfo (RoleInfo.java:shutdownFollowerState(121)) - daebe4f8-0ad9-4eb2-8ed7-3a8051847eb6: shutdown FollowerState
2019-10-23 12:36:30,683 [grpc-default-executor-0] INFO  impl.RoleInfo (RoleInfo.java:updateAndGet(143)) - daebe4f8-0ad9-4eb2-8ed7-3a8051847eb6: start FollowerState
2019-10-23 12:36:30,683 [Thread-1456] INFO  impl.FollowerState (FollowerState.java:run(117)) - daebe4f8-0ad9-4eb2-8ed7-3a8051847eb6@group-AF49A4A4CA2A-FollowerState was interrupted: java.lang.InterruptedException: sleep interrupted
2019-10-23 12:36:30,683 [grpc-default-executor-3] INFO  impl.RaftServerImpl (RaftServerImpl.java:setRole(184)) - 389d5540-641f-48c2-a9df-60738dbad976@group-AF49A4A4CA2A: changes role from  FOLLOWER to FOLLOWER at term 200 for recognizeCandidate:279bca68-3e74-4690-81cf-da5ab79b92f7
2019-10-23 12:36:30,684 [grpc-default-executor-3] INFO  impl.RoleInfo (RoleInfo.java:shutdownFollowerState(121)) - 389d5540-641f-48c2-a9df-60738dbad976: shutdown FollowerState
2019-10-23 12:36:30,684 [grpc-default-executor-3] INFO  impl.RoleInfo (RoleInfo.java:updateAndGet(143)) - 389d5540-641f-48c2-a9df-60738dbad976: start FollowerState
2019-10-23 12:36:30,684 [Thread-1455] INFO  impl.FollowerState (FollowerState.java:run(117)) - 389d5540-641f-48c2-a9df-60738dbad976@group-AF49A4A4CA2A-FollowerState was interrupted: java.lang.InterruptedException: sleep interrupted
2019-10-23 12:36:30,697 [279bca68-3e74-4690-81cf-da5ab79b92f7@group-AF49A4A4CA2A-LeaderElection188] INFO  impl.LeaderElection (LeaderElection.java:logAndReturn(56)) - 279bca68-3e74-4690-81cf-da5ab79b92f7@group-AF49A4A4CA2A-LeaderElection188: Election TIMEOUT; received 0 response(s) [] and 0 exception(s); 279bca68-3e74-4690-81cf-da5ab79b92f7@group-AF49A4A4CA2A:t200, leader=null, voted=279bca68-3e74-4690-81cf-da5ab79b92f7, raftlog=279bca68-3e74-4690-81cf-da5ab79b92f7@group-AF49A4A4CA2A-SegmentedRaftLog:OPENED:c-1,f-1,i0, conf=-1: [daebe4f8-0ad9-4eb2-8ed7-3a8051847eb6:192.168.69.118:44860, 389d5540-641f-48c2-a9df-60738dbad976:192.168.69.118:45712, 279bca68-3e74-4690-81cf-da5ab79b92f7:192.168.69.118:45510], old=null
2019-10-23 12:36:30,711 [279bca68-3e74-4690-81cf-da5ab79b92f7@group-AF49A4A4CA2A-LeaderElection188] INFO  impl.LeaderElection (LeaderElection.java:askForVotes(178)) - 279bca68-3e74-4690-81cf-da5ab79b92f7@group-AF49A4A4CA2A-LeaderElection188: begin an election at term 201 for -1: [daebe4f8-0ad9-4eb2-8ed7-3a8051847eb6:192.168.69.118:44860, 389d5540-641f-48c2-a9df-60738dbad976:192.168.69.118:45712, 279bca68-3e74-4690-81cf-da5ab79b92f7:192.168.69.118:45510], old=null
2019-10-23 12:36:30,713 [grpc-default-executor-3] INFO  impl.RaftServerImpl (RaftServerImpl.java:setRole(184)) - daebe4f8-0ad9-4eb2-8ed7-3a8051847eb6@group-AF49A4A4CA2A: changes role from  FOLLOWER to FOLLOWER at term 201 for recognizeCandidate:279bca68-3e74-4690-81cf-da5ab79b92f7
2019-10-23 12:36:30,713 [grpc-default-executor-3] INFO  impl.RoleInfo (RoleInfo.java:shutdownFollowerState(121)) - daebe4f8-0ad9-4eb2-8ed7-3a8051847eb6: shutdown FollowerState
2019-10-23 12:36:30,713 [grpc-default-executor-3] INFO  impl.RoleInfo (RoleInfo.java:updateAndGet(143)) - daebe4f8-0ad9-4eb2-8ed7-3a8051847eb6: start FollowerState
2019-10-23 12:36:30,713 [grpc-default-executor-0] INFO  impl.RaftServerImpl (RaftServerImpl.java:setRole(184)) - 389d5540-641f-48c2-a9df-60738dbad976@group-AF49A4A4CA2A: changes role from  FOLLOWER to FOLLOWER at term 201 for recognizeCandidate:279bca68-3e74-4690-81cf-da5ab79b92f7
2019-10-23 12:36:30,714 [grpc-default-executor-0] INFO  impl.RoleInfo (RoleInfo.java:shutdownFollowerState(121)) - 389d5540-641f-48c2-a9df-60738dbad976: shutdown FollowerState
2019-10-23 12:36:30,713 [Thread-1461] INFO  impl.FollowerState (FollowerState.java:run(117)) - daebe4f8-0ad9-4eb2-8ed7-3a8051847eb6@group-AF49A4A4CA2A-FollowerState was interrupted: java.lang.InterruptedException: sleep interrupted
2019-10-23 12:36:30,714 [Thread-1462] INFO  impl.FollowerState (FollowerState.java:run(117)) - 389d5540-641f-48c2-a9df-60738dbad976@group-AF49A4A4CA2A-FollowerState was interrupted: java.lang.InterruptedException: sleep interrupted
2019-10-23 12:36:30,714 [grpc-default-executor-0] INFO  impl.RoleInfo (RoleInfo.java:updateAndGet(143)) - 389d5540-641f-48c2-a9df-60738dbad976: start FollowerState
2019-10-23 12:36:30,726 [279bca68-3e74-4690-81cf-da5ab79b92f7@group-AF49A4A4CA2A-LeaderElection188] INFO  impl.LeaderElection (LeaderElection.java:logAndReturn(56)) - 279bca68-3e74-4690-81cf-da5ab79b92f7@group-AF49A4A4CA2A-LeaderElection188: Election REJECTED; received 2 response(s) [279bca68-3e74-4690-81cf-da5ab79b92f7<-daebe4f8-0ad9-4eb2-8ed7-3a8051847eb6#0:FAIL-t201, 279bca68-3e74-4690-81cf-da5ab79b92f7<-389d5540-641f-48c2-a9df-60738dbad976#0:FAIL-t201] and 0 exception(s); 279bca68-3e74-4690-81cf-da5ab79b92f7@group-AF49A4A4CA2A:t201, leader=null, voted=279bca68-3e74-4690-81cf-da5ab79b92f7, raftlog=279bca68-3e74-4690-81cf-da5ab79b92f7@group-AF49A4A4CA2A-SegmentedRaftLog:OPENED:c-1,f-1,i0, conf=-1: [daebe4f8-0ad9-4eb2-8ed7-3a8051847eb6:192.168.69.118:44860, 389d5540-641f-48c2-a9df-60738dbad976:192.168.69.118:45712, 279bca68-3e74-4690-81cf-da5ab79b92f7:192.168.69.118:45510], old=null
2019-10-23 12:36:30,726 [279bca68-3e74-4690-81cf-da5ab79b92f7@group-AF49A4A4CA2A-LeaderElection188] INFO  impl.RaftServerImpl (RaftServerImpl.java:setRole(184)) - 279bca68-3e74-4690-81cf-da5ab79b92f7@group-AF49A4A4CA2A: changes role from CANDIDATE to FOLLOWER at term 201 for DISCOVERED_A_NEW_TERM
2019-10-23 12:36:30,726 [279bca68-3e74-4690-81cf-da5ab79b92f7@group-AF49A4A4CA2A-LeaderElection188] INFO  impl.RoleInfo (RoleInfo.java:shutdownLeaderElection(134)) - 279bca68-3e74-4690-81cf-da5ab79b92f7: shutdown LeaderElection
2019-10-23 12:36:30,726 [279bca68-3e74-4690-81cf-da5ab79b92f7@group-AF49A4A4CA2A-LeaderElection188] INFO  impl.RoleInfo (RoleInfo.java:updateAndGet(143)) - 279bca68-3e74-4690-81cf-da5ab79b92f7: start FollowerState
2019-10-23 12:36:30,911 [Thread-1467] INFO  impl.FollowerState (FollowerState.java:run(108)) - 279bca68-3e74-4690-81cf-da5ab79b92f7@group-AF49A4A4CA2A-FollowerState: change to CANDIDATE, lastRpcTime:185ms, electionTimeout:185ms
2019-10-23 12:36:30,912 [Thread-1467] INFO  impl.RoleInfo (RoleInfo.java:shutdownFollowerState(121)) - 279bca68-3e74-4690-81cf-da5ab79b92f7: shutdown FollowerState
2019-10-23 12:36:30,912 [Thread-1467] INFO  impl.RaftServerImpl (RaftServerImpl.java:setRole(184)) - 279bca68-3e74-4690-81cf-da5ab79b92f7@group-AF49A4A4CA2A: changes role from  FOLLOWER to CANDIDATE at term 201 for changeToCandidate
2019-10-23 12:36:30,912 [Thread-1467] INFO  impl.RoleInfo (RoleInfo.java:updateAndGet(143)) - 279bca68-3e74-4690-81cf-da5ab79b92f7: start LeaderElection
2019-10-23 12:36:30,934 [279bca68-3e74-4690-81cf-da5ab79b92f7@group-AF49A4A4CA2A-LeaderElection189] INFO  impl.LeaderElection (LeaderElection.java:askForVotes(178)) - 279bca68-3e74-4690-81cf-da5ab79b92f7@group-AF49A4A4CA2A-LeaderElection189: begin an election at term 202 for -1: [daebe4f8-0ad9-4eb2-8ed7-3a8051847eb6:192.168.69.118:44860, 389d5540-641f-48c2-a9df-60738dbad976:192.168.69.118:45712, 279bca68-3e74-4690-81cf-da5ab79b92f7:192.168.69.118:45510], old=null
2019-10-23 12:36:30,937 [grpc-default-executor-0] INFO  impl.RaftServerImpl (RaftServerImpl.java:setRole(184)) - daebe4f8-0ad9-4eb2-8ed7-3a8051847eb6@group-AF49A4A4CA2A: changes role from  FOLLOWER to FOLLOWER at term 202 for recognizeCandidate:279bca68-3e74-4690-81cf-da5ab79b92f7
2019-10-23 12:36:30,937 [grpc-default-executor-3] INFO  impl.RaftServerImpl (RaftServerImpl.java:setRole(184)) - 389d5540-641f-48c2-a9df-60738dbad976@group-AF49A4A4CA2A: changes role from  FOLLOWER to FOLLOWER at term 202 for recognizeCandidate:279bca68-3e74-4690-81cf-da5ab79b92f7
2019-10-23 12:36:30,937 [grpc-default-executor-0] INFO  impl.RoleInfo (RoleInfo.java:shutdownFollowerState(121)) - daebe4f8-0ad9-4eb2-8ed7-3a8051847eb6: shutdown FollowerState
2019-10-23 12:36:30,937 [grpc-default-executor-3] INFO  impl.RoleInfo (RoleInfo.java:shutdownFollowerState(121)) - 389d5540-641f-48c2-a9df-60738dbad976: shutdown FollowerState
2019-10-23 12:36:30,937 [grpc-default-executor-0] INFO  impl.RoleInfo (RoleInfo.java:updateAndGet(143)) - daebe4f8-0ad9-4eb2-8ed7-3a8051847eb6: start FollowerState
2019-10-23 12:36:30,937 [Thread-1465] INFO  impl.FollowerState (FollowerState.java:run(117)) - daebe4f8-0ad9-4eb2-8ed7-3a8051847eb6@group-AF49A4A4CA2A-FollowerState was interrupted: java.lang.InterruptedException: sleep interrupted
2019-10-23 12:36:30,938 [Thread-1466] INFO  impl.FollowerState (FollowerState.java:run(117)) - 389d5540-641f-48c2-a9df-60738dbad976@group-AF49A4A4CA2A-FollowerState was interrupted: java.lang.InterruptedException: sleep interrupted
2019-10-23 12:36:30,937 [grpc-default-executor-3] INFO  impl.RoleInfo (RoleInfo.java:updateAndGet(143)) - 389d5540-641f-48c2-a9df-60738dbad976: start FollowerState
2019-10-23 12:36:30,954 [279bca68-3e74-4690-81cf-da5ab79b92f7@group-AF49A4A4CA2A-LeaderElection189] INFO  impl.LeaderElection (LeaderElection.java:logAndReturn(56)) - 279bca68-3e74-4690-81cf-da5ab79b92f7@group-AF49A4A4CA2A-LeaderElection189: Election REJECTED; received 2 response(s) [279bca68-3e74-4690-81cf-da5ab79b92f7<-daebe4f8-0ad9-4eb2-8ed7-3a8051847eb6#0:FAIL-t202, 279bca68-3e74-4690-81cf-da5ab79b92f7<-389d5540-641f-48c2-a9df-60738dbad976#0:FAIL-t202] and 0 exception(s); 279bca68-3e74-4690-81cf-da5ab79b92f7@group-AF49A4A4CA2A:t202, leader=null, voted=279bca68-3e74-4690-81cf-da5ab79b92f7, raftlog=279bca68-3e74-4690-81cf-da5ab79b92f7@group-AF49A4A4CA2A-SegmentedRaftLog:OPENED:c-1,f-1,i0, conf=-1: [daebe4f8-0ad9-4eb2-8ed7-3a8051847eb6:192.168.69.118:44860, 389d5540-641f-48c2-a9df-60738dbad976:192.168.69.118:45712, 279bca68-3e74-4690-81cf-da5ab79b92f7:192.168.69.118:45510], old=null
2019-10-23 12:36:30,954 [279bca68-3e74-4690-81cf-da5ab79b92f7@group-AF49A4A4CA2A-LeaderElection189] INFO  impl.RaftServerImpl (RaftServerImpl.java:setRole(184)) - 279bca68-3e74-4690-81cf-da5ab79b92f7@group-AF49A4A4CA2A: changes role from CANDIDATE to FOLLOWER at term 202 for DISCOVERED_A_NEW_TERM
2019-10-23 12:36:30,954 [279bca68-3e74-4690-81cf-da5ab79b92f7@group-AF49A4A4CA2A-LeaderElection189] INFO  impl.RoleInfo (RoleInfo.java:shutdownLeaderElection(134)) - 279bca68-3e74-4690-81cf-da5ab79b92f7: shutdown LeaderElection
2019-10-23 12:36:30,954 [279bca68-3e74-4690-81cf-da5ab79b92f7@group-AF49A4A4CA2A-LeaderElection189] INFO  impl.RoleInfo (RoleInfo.java:updateAndGet(143)) - 279bca68-3e74-4690-81cf-da5ab79b92f7: start FollowerState
2019-10-23 12:36:30,968 [Thread-1473] INFO  impl.FollowerState (FollowerState.java:run(108)) - 279bca68-3e74-4690-81cf-da5ab79b92f7@group-AF49A4A4CA2A-FollowerState: change to CANDIDATE, lastRpcTime:13ms, electionTimeout:13ms
2019-10-23 12:36:30,968 [Thread-1473] INFO  impl.RoleInfo (RoleInfo.java:shutdownFollowerState(121)) - 279bca68-3e74-4690-81cf-da5ab79b92f7: shutdown FollowerState
2019-10-23 12:36:30,968 [Thread-1473] INFO  impl.RaftServerImpl (RaftServerImpl.java:setRole(184)) - 279bca68-3e74-4690-81cf-da5ab79b92f7@group-AF49A4A4CA2A: changes role from  FOLLOWER to CANDIDATE at term 202 for changeToCandidate
2019-10-23 12:36:30,968 [Thread-1473] INFO  impl.RoleInfo (RoleInfo.java:updateAndGet(143)) - 279bca68-3e74-4690-81cf-da5ab79b92f7: start LeaderElection
2019-10-23 12:36:30,982 [279bca68-3e74-4690-81cf-da5ab79b92f7@group-AF49A4A4CA2A-LeaderElection190] INFO  impl.LeaderElection (LeaderElection.java:askForVotes(178)) - 279bca68-3e74-4690-81cf-da5ab79b92f7@group-AF49A4A4CA2A-LeaderElection190: begin an election at term 203 for -1: [daebe4f8-0ad9-4eb2-8ed7-3a8051847eb6:192.168.69.118:44860, 389d5540-641f-48c2-a9df-60738dbad976:192.168.69.118:45712, 279bca68-3e74-4690-81cf-da5ab79b92f7:192.168.69.118:45510], old=null
2019-10-23 12:36:30,984 [grpc-default-executor-0] INFO  impl.RaftServerImpl (RaftServerImpl.java:setRole(184)) - daebe4f8-0ad9-4eb2-8ed7-3a8051847eb6@group-AF49A4A4CA2A: changes role from  FOLLOWER to FOLLOWER at term 203 for recognizeCandidate:279bca68-3e74-4690-81cf-da5ab79b92f7
2019-10-23 12:36:30,985 [grpc-default-executor-0] INFO  impl.RoleInfo (RoleInfo.java:shutdownFollowerState(121)) - daebe4f8-0ad9-4eb2-8ed7-3a8051847eb6: shutdown FollowerState
2019-10-23 12:36:30,985 [grpc-default-executor-0] INFO  impl.RoleInfo (RoleInfo.java:updateAndGet(143)) - daebe4f8-0ad9-4eb2-8ed7-3a8051847eb6: start FollowerState
2019-10-23 12:36:30,985 [Thread-1471] INFO  impl.FollowerState (FollowerState.java:run(117)) - daebe4f8-0ad9-4eb2-8ed7-3a8051847eb6@group-AF49A4A4CA2A-FollowerState was interrupted: java.lang.InterruptedException: sleep interrupted
2019-10-23 12:36:30,985 [grpc-default-executor-3] INFO  impl.RaftServerImpl (RaftServerImpl.java:setRole(184)) - 389d5540-641f-48c2-a9df-60738dbad976@group-AF49A4A4CA2A: changes role from  FOLLOWER to FOLLOWER at term 203 for recognizeCandidate:279bca68-3e74-4690-81cf-da5ab79b92f7
2019-10-23 12:36:30,985 [grpc-default-executor-3] INFO  impl.RoleInfo (RoleInfo.java:shutdownFollowerState(121)) - 389d5540-641f-48c2-a9df-60738dbad976: shutdown FollowerState
2019-10-23 12:36:30,986 [grpc-default-executor-3] INFO  impl.RoleInfo (RoleInfo.java:updateAndGet(143)) - 389d5540-641f-48c2-a9df-60738dbad976: start FollowerState
2019-10-23 12:36:30,986 [Thread-1472] INFO  impl.FollowerState (FollowerState.java:run(117)) - 389d5540-641f-48c2-a9df-60738dbad976@group-AF49A4A4CA2A-FollowerState was interrupted: java.lang.InterruptedException: sleep interrupted
2019-10-23 12:36:31,011 [279bca68-3e74-4690-81cf-da5ab79b92f7@group-AF49A4A4CA2A-LeaderElection190] INFO  impl.LeaderElection (LeaderElection.java:logAndReturn(56)) - 279bca68-3e74-4690-81cf-da5ab79b92f7@group-AF49A4A4CA2A-LeaderElection190: Election REJECTED; received 2 response(s) [279bca68-3e74-4690-81cf-da5ab79b92f7<-daebe4f8-0ad9-4eb2-8ed7-3a8051847eb6#0:FAIL-t203, 279bca68-3e74-4690-81cf-da5ab79b92f7<-389d5540-641f-48c2-a9df-60738dbad976#0:FAIL-t203] and 0 exception(s); 279bca68-3e74-4690-81cf-da5ab79b92f7@group-AF49A4A4CA2A:t203, leader=null, voted=279bca68-3e74-4690-81cf-da5ab79b92f7, raftlog=279bca68-3e74-4690-81cf-da5ab79b92f7@group-AF49A4A4CA2A-SegmentedRaftLog:OPENED:c-1,f-1,i0, conf=-1: [daebe4f8-0ad9-4eb2-8ed7-3a8051847eb6:192.168.69.118:44860, 389d5540-641f-48c2-a9df-60738dbad976:192.168.69.118:45712, 279bca68-3e74-4690-81cf-da5ab79b92f7:192.168.69.118:45510], old=null
2019-10-23 12:36:31,012 [279bca68-3e74-4690-81cf-da5ab79b92f7@group-AF49A4A4CA2A-LeaderElection190] INFO  impl.RaftServerImpl (RaftServerImpl.java:setRole(184)) - 279bca68-3e74-4690-81cf-da5ab79b92f7@group-AF49A4A4CA2A: changes role from CANDIDATE to FOLLOWER at term 203 for DISCOVERED_A_NEW_TERM
2019-10-23 12:36:31,012 [279bca68-3e74-4690-81cf-da5ab79b92f7@group-AF49A4A4CA2A-LeaderElection190] INFO  impl.RoleInfo (RoleInfo.java:shutdownLeaderElection(134)) - 279bca68-3e74-4690-81cf-da5ab79b92f7: shutdown LeaderElection
2019-10-23 12:36:31,012 [279bca68-3e74-4690-81cf-da5ab79b92f7@group-AF49A4A4CA2A-LeaderElection190] INFO  impl.RoleInfo (RoleInfo.java:updateAndGet(143)) - 279bca68-3e74-4690-81cf-da5ab79b92f7: start FollowerState
2019-10-23 12:36:31,112 [Thread-1479] INFO  impl.FollowerState (FollowerState.java:run(108)) - 279bca68-3e74-4690-81cf-da5ab79b92f7@group-AF49A4A4CA2A-FollowerState: change to CANDIDATE, lastRpcTime:100ms, electionTimeout:100ms
2019-10-23 12:36:31,113 [Thread-1479] INFO  impl.RoleInfo (RoleInfo.java:shutdownFollowerState(121)) - 279bca68-3e74-4690-81cf-da5ab79b92f7: shutdown FollowerState
2019-10-23 12:36:31,113 [Thread-1479] INFO  impl.RaftServerImpl (RaftServerImpl.java:setRole(184)) - 279bca68-3e74-4690-81cf-da5ab79b92f7@group-AF49A4A4CA2A: changes role from  FOLLOWER to CANDIDATE at term 203 for changeToCandidate
2019-10-23 12:36:31,113 [Thread-1479] INFO  impl.RoleInfo (RoleInfo.java:updateAndGet(143)) - 279bca68-3e74-4690-81cf-da5ab79b92f7: start LeaderElection
2019-10-23 12:36:31,127 [279bca68-3e74-4690-81cf-da5ab79b92f7@group-AF49A4A4CA2A-LeaderElection191] INFO  impl.LeaderElection (LeaderElection.java:askForVotes(178)) - 279bca68-3e74-4690-81cf-da5ab79b92f7@group-AF49A4A4CA2A-LeaderElection191: begin an election at term 204 for -1: [daebe4f8-0ad9-4eb2-8ed7-3a8051847eb6:192.168.69.118:44860, 389d5540-641f-48c2-a9df-60738dbad976:192.168.69.118:45712, 279bca68-3e74-4690-81cf-da5ab79b92f7:192.168.69.118:45510], old=null
2019-10-23 12:36:31,129 [grpc-default-executor-3] INFO  impl.RaftServerImpl (RaftServerImpl.java:setRole(184)) - 389d5540-641f-48c2-a9df-60738dbad976@group-AF49A4A4CA2A: changes role from  FOLLOWER to FOLLOWER at term 204 for recognizeCandidate:279bca68-3e74-4690-81cf-da5ab79b92f7
2019-10-23 12:36:31,129 [grpc-default-executor-0] INFO  impl.RaftServerImpl (RaftServerImpl.java:setRole(184)) - daebe4f8-0ad9-4eb2-8ed7-3a8051847eb6@group-AF49A4A4CA2A: changes role from  FOLLOWER to FOLLOWER at term 204 for recognizeCandidate:279bca68-3e74-4690-81cf-da5ab79b92f7
2019-10-23 12:36:31,129 [grpc-default-executor-3] INFO  impl.RoleInfo (RoleInfo.java:shutdownFollowerState(121)) - 389d5540-641f-48c2-a9df-60738dbad976: shutdown FollowerState
2019-10-23 12:36:31,130 [grpc-default-executor-0] INFO  impl.RoleInfo (RoleInfo.java:shutdownFollowerState(121)) - daebe4f8-0ad9-4eb2-8ed7-3a8051847eb6: shutdown FollowerState
2019-10-23 12:36:31,130 [Thread-1478] INFO  impl.FollowerState (FollowerState.java:run(117)) - 389d5540-641f-48c2-a9df-60738dbad976@group-AF49A4A4CA2A-FollowerState was interrupted: java.lang.InterruptedException: sleep interrupted
2019-10-23 12:36:31,130 [grpc-default-executor-3] INFO  impl.RoleInfo (RoleInfo.java:updateAndGet(143)) - 389d5540-641f-48c2-a9df-60738dbad976: start FollowerState
2019-10-23 12:36:31,130 [Thread-1477] INFO  impl.FollowerState (FollowerState.java:run(117)) - daebe4f8-0ad9-4eb2-8ed7-3a8051847eb6@group-AF49A4A4CA2A-FollowerState was interrupted: java.lang.InterruptedException: sleep interrupted
2019-10-23 12:36:31,130 [grpc-default-executor-0] INFO  impl.RoleInfo (RoleInfo.java:updateAndGet(143)) - daebe4f8-0ad9-4eb2-8ed7-3a8051847eb6: start FollowerState
2019-10-23 12:36:31,160 [279bca68-3e74-4690-81cf-da5ab79b92f7@group-AF49A4A4CA2A-LeaderElection191] INFO  impl.LeaderElection (LeaderElection.java:logAndReturn(56)) - 279bca68-3e74-4690-81cf-da5ab79b92f7@group-AF49A4A4CA2A-LeaderElection191: Election REJECTED; received 2 response(s) [279bca68-3e74-4690-81cf-da5ab79b92f7<-daebe4f8-0ad9-4eb2-8ed7-3a8051847eb6#0:FAIL-t204, 279bca68-3e74-4690-81cf-da5ab79b92f7<-389d5540-641f-48c2-a9df-60738dbad976#0:FAIL-t204] and 0 exception(s); 279bca68-3e74-4690-81cf-da5ab79b92f7@group-AF49A4A4CA2A:t204, leader=null, voted=279bca68-3e74-4690-81cf-da5ab79b92f7, raftlog=279bca68-3e74-4690-81cf-da5ab79b92f7@group-AF49A4A4CA2A-SegmentedRaftLog:OPENED:c-1,f-1,i0, conf=-1: [daebe4f8-0ad9-4eb2-8ed7-3a8051847eb6:192.168.69.118:44860, 389d5540-641f-48c2-a9df-60738dbad976:192.168.69.118:45712, 279bca68-3e74-4690-81cf-da5ab79b92f7:192.168.69.118:45510], old=null
2019-10-23 12:36:31,161 [279bca68-3e74-4690-81cf-da5ab79b92f7@group-AF49A4A4CA2A-LeaderElection191] INFO  impl.RaftServerImpl (RaftServerImpl.java:setRole(184)) - 279bca68-3e74-4690-81cf-da5ab79b92f7@group-AF49A4A4CA2A: changes role from CANDIDATE to FOLLOWER at term 204 for DISCOVERED_A_NEW_TERM
2019-10-23 12:36:31,161 [279bca68-3e74-4690-81cf-da5ab79b92f7@group-AF49A4A4CA2A-LeaderElection191] INFO  impl.RoleInfo (RoleInfo.java:shutdownLeaderElection(134)) - 279bca68-3e74-4690-81cf-da5ab79b92f7: shutdown LeaderElection
2019-10-23 12:36:31,161 [279bca68-3e74-4690-81cf-da5ab79b92f7@group-AF49A4A4CA2A-LeaderElection191] INFO  impl.RoleInfo (RoleInfo.java:updateAndGet(143)) - 279bca68-3e74-4690-81cf-da5ab79b92f7: start FollowerState
2019-10-23 12:36:31,303 [Thread-1487] INFO  impl.FollowerState (FollowerState.java:run(108)) - 279bca68-3e74-4690-81cf-da5ab79b92f7@group-AF49A4A4CA2A-FollowerState: change to CANDIDATE, lastRpcTime:142ms, electionTimeout:142ms
2019-10-23 12:36:31,303 [Thread-1487] INFO  impl.RoleInfo (RoleInfo.java:shutdownFollowerState(121)) - 279bca68-3e74-4690-81cf-da5ab79b92f7: shutdown FollowerState
2019-10-23 12:36:31,304 [Thread-1487] INFO  impl.RaftServerImpl (RaftServerImpl.java:setRole(184)) - 279bca68-3e74-4690-81cf-da5ab79b92f7@group-AF49A4A4CA2A: changes role from  FOLLOWER to CANDIDATE at term 204 for changeToCandidate
2019-10-23 12:36:31,304 [Thread-1487] INFO  impl.RoleInfo (RoleInfo.java:updateAndGet(143)) - 279bca68-3e74-4690-81cf-da5ab79b92f7: start LeaderElection
2019-10-23 12:36:31,319 [279bca68-3e74-4690-81cf-da5ab79b92f7@group-AF49A4A4CA2A-LeaderElection192] INFO  impl.LeaderElection (LeaderElection.java:askForVotes(178)) - 279bca68-3e74-4690-81cf-da5ab79b92f7@group-AF49A4A4CA2A-LeaderElection192: begin an election at term 205 for -1: [daebe4f8-0ad9-4eb2-8ed7-3a8051847eb6:192.168.69.118:44860, 389d5540-641f-48c2-a9df-60738dbad976:192.168.69.118:45712, 279bca68-3e74-4690-81cf-da5ab79b92f7:192.168.69.118:45510], old=null
2019-10-23 12:36:31,321 [grpc-default-executor-3] INFO  impl.RaftServerImpl (RaftServerImpl.java:setRole(184)) - 389d5540-641f-48c2-a9df-60738dbad976@group-AF49A4A4CA2A: changes role from  FOLLOWER to FOLLOWER at term 205 for recognizeCandidate:279bca68-3e74-4690-81cf-da5ab79b92f7
2019-10-23 12:36:31,321 [grpc-default-executor-3] INFO  impl.RoleInfo (RoleInfo.java:shutdownFollowerState(121)) - 389d5540-641f-48c2-a9df-60738dbad976: shutdown FollowerState
2019-10-23 12:36:31,321 [grpc-default-executor-0] INFO  impl.RaftServerImpl (RaftServerImpl.java:setRole(184)) - daebe4f8-0ad9-4eb2-8ed7-3a8051847eb6@group-AF49A4A4CA2A: changes role from  FOLLOWER to FOLLOWER at term 205 for recognizeCandidate:279bca68-3e74-4690-81cf-da5ab79b92f7
2019-10-23 12:36:31,321 [Thread-1485] INFO  impl.FollowerState (FollowerState.java:run(117)) - 389d5540-641f-48c2-a9df-60738dbad976@group-AF49A4A4CA2A-FollowerState was interrupted: java.lang.InterruptedException: sleep interrupted
2019-10-23 12:36:31,321 [grpc-default-executor-3] INFO  impl.RoleInfo (RoleInfo.java:updateAndGet(143)) - 389d5540-641f-48c2-a9df-60738dbad976: start FollowerState
2019-10-23 12:36:31,322 [grpc-default-executor-0] INFO  impl.RoleInfo (RoleInfo.java:shutdownFollowerState(121)) - daebe4f8-0ad9-4eb2-8ed7-3a8051847eb6: shutdown FollowerState
2019-10-23 12:36:31,322 [grpc-default-executor-0] INFO  impl.RoleInfo (RoleInfo.java:updateAndGet(143)) - daebe4f8-0ad9-4eb2-8ed7-3a8051847eb6: start FollowerState
2019-10-23 12:36:31,322 [Thread-1486] INFO  impl.FollowerState (FollowerState.java:run(117)) - daebe4f8-0ad9-4eb2-8ed7-3a8051847eb6@group-AF49A4A4CA2A-FollowerState was interrupted: java.lang.InterruptedException: sleep interrupted
2019-10-23 12:36:31,327 [279bca68-3e74-4690-81cf-da5ab79b92f7@group-AF49A4A4CA2A-LeaderElection192] INFO  impl.LeaderElection (LeaderElection.java:logAndReturn(56)) - 279bca68-3e74-4690-81cf-da5ab79b92f7@group-AF49A4A4CA2A-LeaderElection192: Election REJECTED; received 2 response(s) [279bca68-3e74-4690-81cf-da5ab79b92f7<-daebe4f8-0ad9-4eb2-8ed7-3a8051847eb6#0:FAIL-t205, 279bca68-3e74-4690-81cf-da5ab79b92f7<-389d5540-641f-48c2-a9df-60738dbad976#0:FAIL-t205] and 0 exception(s); 279bca68-3e74-4690-81cf-da5ab79b92f7@group-AF49A4A4CA2A:t205, leader=null, voted=279bca68-3e74-4690-81cf-da5ab79b92f7, raftlog=279bca68-3e74-4690-81cf-da5ab79b92f7@group-AF49A4A4CA2A-SegmentedRaftLog:OPENED:c-1,f-1,i0, conf=-1: [daebe4f8-0ad9-4eb2-8ed7-3a8051847eb6:192.168.69.118:44860, 389d5540-641f-48c2-a9df-60738dbad976:192.168.69.118:45712, 279bca68-3e74-4690-81cf-da5ab79b92f7:192.168.69.118:45510], old=null
2019-10-23 12:36:31,327 [279bca68-3e74-4690-81cf-da5ab79b92f7@group-AF49A4A4CA2A-LeaderElection192] INFO  impl.RaftServerImpl (RaftServerImpl.java:setRole(184)) - 279bca68-3e74-4690-81cf-da5ab79b92f7@group-AF49A4A4CA2A: changes role from CANDIDATE to FOLLOWER at term 205 for DISCOVERED_A_NEW_TERM
2019-10-23 12:36:31,328 [279bca68-3e74-4690-81cf-da5ab79b92f7@group-AF49A4A4CA2A-LeaderElection192] INFO  impl.RoleInfo (RoleInfo.java:shutdownLeaderElection(134)) - 279bca68-3e74-4690-81cf-da5ab79b92f7: shutdown LeaderElection
2019-10-23 12:36:31,328 [279bca68-3e74-4690-81cf-da5ab79b92f7@group-AF49A4A4CA2A-LeaderElection192] INFO  impl.RoleInfo (RoleInfo.java:updateAndGet(143)) - 279bca68-3e74-4690-81cf-da5ab79b92f7: start FollowerState
2019-10-23 12:36:31,334 [Thread-1493] INFO  impl.FollowerState (FollowerState.java:run(108)) - 279bca68-3e74-4690-81cf-da5ab79b92f7@group-AF49A4A4CA2A-FollowerState: change to CANDIDATE, lastRpcTime:6ms, electionTimeout:6ms
2019-10-23 12:36:31,334 [Thread-1493] INFO  impl.RoleInfo (RoleInfo.java:shutdownFollowerState(121)) - 279bca68-3e74-4690-81cf-da5ab79b92f7: shutdown FollowerState
2019-10-23 12:36:31,335 [Thread-1493] INFO  impl.RaftServerImpl (RaftServerImpl.java:setRole(184)) - 279bca68-3e74-4690-81cf-da5ab79b92f7@group-AF49A4A4CA2A: changes role from  FOLLOWER to CANDIDATE at term 205 for changeToCandidate
2019-10-23 12:36:31,335 [Thread-1493] INFO  impl.RoleInfo (RoleInfo.java:updateAndGet(143)) - 279bca68-3e74-4690-81cf-da5ab79b92f7: start LeaderElection
2019-10-23 12:36:31,353 [279bca68-3e74-4690-81cf-da5ab79b92f7@group-AF49A4A4CA2A-LeaderElection193] INFO  impl.LeaderElection (LeaderElection.java:askForVotes(178)) - 279bca68-3e74-4690-81cf-da5ab79b92f7@group-AF49A4A4CA2A-LeaderElection193: begin an election at term 206 for -1: [daebe4f8-0ad9-4eb2-8ed7-3a8051847eb6:192.168.69.118:44860, 389d5540-641f-48c2-a9df-60738dbad976:192.168.69.118:45712, 279bca68-3e74-4690-81cf-da5ab79b92f7:192.168.69.118:45510], old=null
2019-10-23 12:36:31,354 [grpc-default-executor-3] INFO  impl.RaftServerImpl (RaftServerImpl.java:setRole(184)) - daebe4f8-0ad9-4eb2-8ed7-3a8051847eb6@group-AF49A4A4CA2A: changes role from  FOLLOWER to FOLLOWER at term 206 for recognizeCandidate:279bca68-3e74-4690-81cf-da5ab79b92f7
2019-10-23 12:36:31,354 [grpc-default-executor-3] INFO  impl.RoleInfo (RoleInfo.java:shutdownFollowerState(121)) - daebe4f8-0ad9-4eb2-8ed7-3a8051847eb6: shutdown FollowerState
2019-10-23 12:36:31,354 [grpc-default-executor-0] INFO  impl.RaftServerImpl (RaftServerImpl.java:setRole(184)) - 389d5540-641f-48c2-a9df-60738dbad976@group-AF49A4A4CA2A: changes role from  FOLLOWER to FOLLOWER at term 206 for recognizeCandidate:279bca68-3e74-4690-81cf-da5ab79b92f7
2019-10-23 12:36:31,355 [grpc-default-executor-0] INFO  impl.RoleInfo (RoleInfo.java:shutdownFollowerState(121)) - 389d5540-641f-48c2-a9df-60738dbad976: shutdown FollowerState
2019-10-23 12:36:31,354 [Thread-1492] INFO  impl.FollowerState (FollowerState.java:run(117)) - daebe4f8-0ad9-4eb2-8ed7-3a8051847eb6@group-AF49A4A4CA2A-FollowerState was interrupted: java.lang.InterruptedException: sleep interrupted
2019-10-23 12:36:31,354 [grpc-default-executor-3] INFO  impl.RoleInfo (RoleInfo.java:updateAndGet(143)) - daebe4f8-0ad9-4eb2-8ed7-3a8051847eb6: start FollowerState
2019-10-23 12:36:31,355 [grpc-default-executor-0] INFO  impl.RoleInfo (RoleInfo.java:updateAndGet(143)) - 389d5540-641f-48c2-a9df-60738dbad976: start FollowerState
2019-10-23 12:36:31,355 [Thread-1491] INFO  impl.FollowerState (FollowerState.java:run(117)) - 389d5540-641f-48c2-a9df-60738dbad976@group-AF49A4A4CA2A-FollowerState was interrupted: java.lang.InterruptedException: sleep interrupted
2019-10-23 12:36:31,369 [279bca68-3e74-4690-81cf-da5ab79b92f7@group-AF49A4A4CA2A-LeaderElection193] INFO  impl.LeaderElection (LeaderElection.java:logAndReturn(56)) - 279bca68-3e74-4690-81cf-da5ab79b92f7@group-AF49A4A4CA2A-LeaderElection193: Election REJECTED; received 2 response(s) [279bca68-3e74-4690-81cf-da5ab79b92f7<-daebe4f8-0ad9-4eb2-8ed7-3a8051847eb6#0:FAIL-t206, 279bca68-3e74-4690-81cf-da5ab79b92f7<-389d5540-641f-48c2-a9df-60738dbad976#0:FAIL-t206] and 0 exception(s); 279bca68-3e74-4690-81cf-da5ab79b92f7@group-AF49A4A4CA2A:t206, leader=null, voted=279bca68-3e74-4690-81cf-da5ab79b92f7, raftlog=279bca68-3e74-4690-81cf-da5ab79b92f7@group-AF49A4A4CA2A-SegmentedRaftLog:OPENED:c-1,f-1,i0, conf=-1: [daebe4f8-0ad9-4eb2-8ed7-3a8051847eb6:192.168.69.118:44860, 389d5540-641f-48c2-a9df-60738dbad976:192.168.69.118:45712, 279bca68-3e74-4690-81cf-da5ab79b92f7:192.168.69.118:45510], old=null
2019-10-23 12:36:31,369 [279bca68-3e74-4690-81cf-da5ab79b92f7@group-AF49A4A4CA2A-LeaderElection193] INFO  impl.RaftServerImpl (RaftServerImpl.java:setRole(184)) - 279bca68-3e74-4690-81cf-da5ab79b92f7@group-AF49A4A4CA2A: changes role from CANDIDATE to FOLLOWER at term 206 for DISCOVERED_A_NEW_TERM
2019-10-23 12:36:31,369 [279bca68-3e74-4690-81cf-da5ab79b92f7@group-AF49A4A4CA2A-LeaderElection193] INFO  impl.RoleInfo (RoleInfo.java:shutdownLeaderElection(134)) - 279bca68-3e74-4690-81cf-da5ab79b92f7: shutdown LeaderElection
2019-10-23 12:36:31,369 [279bca68-3e74-4690-81cf-da5ab79b92f7@group-AF49A4A4CA2A-LeaderElection193] INFO  impl.RoleInfo (RoleInfo.java:updateAndGet(143)) - 279bca68-3e74-4690-81cf-da5ab79b92f7: start FollowerState
2019-10-23 12:36:31,466 [Thread-1499] INFO  impl.FollowerState (FollowerState.java:run(108)) - 279bca68-3e74-4690-81cf-da5ab79b92f7@group-AF49A4A4CA2A-FollowerState: change to CANDIDATE, lastRpcTime:96ms, electionTimeout:96ms
2019-10-23 12:36:31,466 [Thread-1499] INFO  impl.RoleInfo (RoleInfo.java:shutdownFollowerState(121)) - 279bca68-3e74-4690-81cf-da5ab79b92f7: shutdown FollowerState
2019-10-23 12:36:31,466 [Thread-1499] INFO  impl.RaftServerImpl (RaftServerImpl.java:setRole(184)) - 279bca68-3e74-4690-81cf-da5ab79b92f7@group-AF49A4A4CA2A: changes role from  FOLLOWER to CANDIDATE at term 206 for changeToCandidate
2019-10-23 12:36:31,466 [Thread-1499] INFO  impl.RoleInfo (RoleInfo.java:updateAndGet(143)) - 279bca68-3e74-4690-81cf-da5ab79b92f7: start LeaderElection
2019-10-23 12:36:31,479 [279bca68-3e74-4690-81cf-da5ab79b92f7@group-AF49A4A4CA2A-LeaderElection194] INFO  impl.LeaderElection (LeaderElection.java:askForVotes(178)) - 279bca68-3e74-4690-81cf-da5ab79b92f7@group-AF49A4A4CA2A-LeaderElection194: begin an election at term 207 for -1: [daebe4f8-0ad9-4eb2-8ed7-3a8051847eb6:192.168.69.118:44860, 389d5540-641f-48c2-a9df-60738dbad976:192.168.69.118:45712, 279bca68-3e74-4690-81cf-da5ab79b92f7:192.168.69.118:45510], old=null
2019-10-23 12:36:31,481 [grpc-default-executor-0] INFO  impl.RaftServerImpl (RaftServerImpl.java:setRole(184)) - daebe4f8-0ad9-4eb2-8ed7-3a8051847eb6@group-AF49A4A4CA2A: changes role from  FOLLOWER to FOLLOWER at term 207 for recognizeCandidate:279bca68-3e74-4690-81cf-da5ab79b92f7
2019-10-23 12:36:31,481 [grpc-default-executor-3] INFO  impl.RaftServerImpl (RaftServerImpl.java:setRole(184)) - 389d5540-641f-48c2-a9df-60738dbad976@group-AF49A4A4CA2A: changes role from  FOLLOWER to FOLLOWER at term 207 for recognizeCandidate:279bca68-3e74-4690-81cf-da5ab79b92f7
2019-10-23 12:36:31,481 [grpc-default-executor-0] INFO  impl.RoleInfo (RoleInfo.java:shutdownFollowerState(121)) - daebe4f8-0ad9-4eb2-8ed7-3a8051847eb6: shutdown FollowerState
2019-10-23 12:36:31,482 [grpc-default-executor-3] INFO  impl.RoleInfo (RoleInfo.java:shutdownFollowerState(121)) - 389d5540-641f-48c2-a9df-60738dbad976: shutdown FollowerState
2019-10-23 12:36:31,482 [Thread-1497] INFO  impl.FollowerState (FollowerState.java:run(117)) - daebe4f8-0ad9-4eb2-8ed7-3a8051847eb6@group-AF49A4A4CA2A-FollowerState was interrupted: java.lang.InterruptedException: sleep interrupted
2019-10-23 12:36:31,482 [grpc-default-executor-0] INFO  impl.RoleInfo (RoleInfo.java:updateAndGet(143)) - daebe4f8-0ad9-4eb2-8ed7-3a8051847eb6: start FollowerState
2019-10-23 12:36:31,482 [grpc-default-executor-3] INFO  impl.RoleInfo (RoleInfo.java:updateAndGet(143)) - 389d5540-641f-48c2-a9df-60738dbad976: start FollowerState
2019-10-23 12:36:31,482 [Thread-1498] INFO  impl.FollowerState (FollowerState.java:run(117)) - 389d5540-641f-48c2-a9df-60738dbad976@group-AF49A4A4CA2A-FollowerState was interrupted: java.lang.InterruptedException: sleep interrupted
2019-10-23 12:36:31,499 [279bca68-3e74-4690-81cf-da5ab79b92f7@group-AF49A4A4CA2A-LeaderElection194] INFO  impl.LeaderElection (LeaderElection.java:logAndReturn(56)) - 279bca68-3e74-4690-81cf-da5ab79b92f7@group-AF49A4A4CA2A-LeaderElection194: Election REJECTED; received 2 response(s) [279bca68-3e74-4690-81cf-da5ab79b92f7<-daebe4f8-0ad9-4eb2-8ed7-3a8051847eb6#0:FAIL-t207, 279bca68-3e74-4690-81cf-da5ab79b92f7<-389d5540-641f-48c2-a9df-60738dbad976#0:FAIL-t207] and 0 exception(s); 279bca68-3e74-4690-81cf-da5ab79b92f7@group-AF49A4A4CA2A:t207, leader=null, voted=279bca68-3e74-4690-81cf-da5ab79b92f7, raftlog=279bca68-3e74-4690-81cf-da5ab79b92f7@group-AF49A4A4CA2A-SegmentedRaftLog:OPENED:c-1,f-1,i0, conf=-1: [daebe4f8-0ad9-4eb2-8ed7-3a8051847eb6:192.168.69.118:44860, 389d5540-641f-48c2-a9df-60738dbad976:192.168.69.118:45712, 279bca68-3e74-4690-81cf-da5ab79b92f7:192.168.69.118:45510], old=null
2019-10-23 12:36:31,499 [279bca68-3e74-4690-81cf-da5ab79b92f7@group-AF49A4A4CA2A-LeaderElection194] INFO  impl.RaftServerImpl (RaftServerImpl.java:setRole(184)) - 279bca68-3e74-4690-81cf-da5ab79b92f7@group-AF49A4A4CA2A: changes role from CANDIDATE to FOLLOWER at term 207 for DISCOVERED_A_NEW_TERM
2019-10-23 12:36:31,499 [279bca68-3e74-4690-81cf-da5ab79b92f7@group-AF49A4A4CA2A-LeaderElection194] INFO  impl.RoleInfo (RoleInfo.java:shutdownLeaderElection(134)) - 279bca68-3e74-4690-81cf-da5ab79b92f7: shutdown LeaderElection
2019-10-23 12:36:31,499 [279bca68-3e74-4690-81cf-da5ab79b92f7@group-AF49A4A4CA2A-LeaderElection194] INFO  impl.RoleInfo (RoleInfo.java:updateAndGet(143)) - 279bca68-3e74-4690-81cf-da5ab79b92f7: start FollowerState
2019-10-23 12:36:31,593 [Thread-1505] INFO  impl.FollowerState (FollowerState.java:run(108)) - 279bca68-3e74-4690-81cf-da5ab79b92f7@group-AF49A4A4CA2A-FollowerState: change to CANDIDATE, lastRpcTime:94ms, electionTimeout:94ms
2019-10-23 12:36:31,594 [Thread-1505] INFO  impl.RoleInfo (RoleInfo.java:shutdownFollowerState(121)) - 279bca68-3e74-4690-81cf-da5ab79b92f7: shutdown FollowerState
2019-10-23 12:36:31,594 [Thread-1505] INFO  impl.RaftServerImpl (RaftServerImpl.java:setRole(184)) - 279bca68-3e74-4690-81cf-da5ab79b92f7@group-AF49A4A4CA2A: changes role from  FOLLOWER to CANDIDATE at term 207 for changeToCandidate
2019-10-23 12:36:31,594 [Thread-1505] INFO  impl.RoleInfo (RoleInfo.java:updateAndGet(143)) - 279bca68-3e74-4690-81cf-da5ab79b92f7: start LeaderElection
2019-10-23 12:36:31,607 [279bca68-3e74-4690-81cf-da5ab79b92f7@group-AF49A4A4CA2A-LeaderElection195] INFO  impl.LeaderElection (LeaderElection.java:askForVotes(178)) - 279bca68-3e74-4690-81cf-da5ab79b92f7@group-AF49A4A4CA2A-LeaderElection195: begin an election at term 208 for -1: [daebe4f8-0ad9-4eb2-8ed7-3a8051847eb6:192.168.69.118:44860, 389d5540-641f-48c2-a9df-60738dbad976:192.168.69.118:45712, 279bca68-3e74-4690-81cf-da5ab79b92f7:192.168.69.118:45510], old=null
2019-10-23 12:36:31,609 [grpc-default-executor-3] INFO  impl.RaftServerImpl (RaftServerImpl.java:setRole(184)) - daebe4f8-0ad9-4eb2-8ed7-3a8051847eb6@group-AF49A4A4CA2A: changes role from  FOLLOWER to FOLLOWER at term 208 for recognizeCandidate:279bca68-3e74-4690-81cf-da5ab79b92f7
2019-10-23 12:36:31,609 [grpc-default-executor-0] INFO  impl.RaftServerImpl (RaftServerImpl.java:setRole(184)) - 389d5540-641f-48c2-a9df-60738dbad976@group-AF49A4A4CA2A: changes role from  FOLLOWER to FOLLOWER at term 208 for recognizeCandidate:279bca68-3e74-4690-81cf-da5ab79b92f7
2019-10-23 12:36:31,609 [grpc-default-executor-3] INFO  impl.RoleInfo (RoleInfo.java:shutdownFollowerState(121)) - daebe4f8-0ad9-4eb2-8ed7-3a8051847eb6: shutdown FollowerState
2019-10-23 12:36:31,610 [grpc-default-executor-0] INFO  impl.RoleInfo (RoleInfo.java:shutdownFollowerState(121)) - 389d5540-641f-48c2-a9df-60738dbad976: shutdown FollowerState
2019-10-23 12:36:31,610 [Thread-1503] INFO  impl.FollowerState (FollowerState.java:run(117)) - daebe4f8-0ad9-4eb2-8ed7-3a8051847eb6@group-AF49A4A4CA2A-FollowerState was interrupted: java.lang.InterruptedException: sleep interrupted
2019-10-23 12:36:31,610 [grpc-default-executor-3] INFO  impl.RoleInfo (RoleInfo.java:updateAndGet(143)) - daebe4f8-0ad9-4eb2-8ed7-3a8051847eb6: start FollowerState
2019-10-23 12:36:31,610 [Thread-1504] INFO  impl.FollowerState (FollowerState.java:run(117)) - 389d5540-641f-48c2-a9df-60738dbad976@group-AF49A4A4CA2A-FollowerState was interrupted: java.lang.InterruptedException: sleep interrupted
2019-10-23 12:36:31,610 [grpc-default-executor-0] INFO  impl.RoleInfo (RoleInfo.java:updateAndGet(143)) - 389d5540-641f-48c2-a9df-60738dbad976: start FollowerState
2019-10-23 12:36:31,625 [279bca68-3e74-4690-81cf-da5ab79b92f7@group-AF49A4A4CA2A-LeaderElection195] INFO  impl.LeaderElection (LeaderElection.java:logAndReturn(56)) - 279bca68-3e74-4690-81cf-da5ab79b92f7@group-AF49A4A4CA2A-LeaderElection195: Election REJECTED; received 2 response(s) [279bca68-3e74-4690-81cf-da5ab79b92f7<-daebe4f8-0ad9-4eb2-8ed7-3a8051847eb6#0:FAIL-t208, 279bca68-3e74-4690-81cf-da5ab79b92f7<-389d5540-641f-48c2-a9df-60738dbad976#0:FAIL-t208] and 0 exception(s); 279bca68-3e74-4690-81cf-da5ab79b92f7@group-AF49A4A4CA2A:t208, leader=null, voted=279bca68-3e74-4690-81cf-da5ab79b92f7, raftlog=279bca68-3e74-4690-81cf-da5ab79b92f7@group-AF49A4A4CA2A-SegmentedRaftLog:OPENED:c-1,f-1,i0, conf=-1: [daebe4f8-0ad9-4eb2-8ed7-3a8051847eb6:192.168.69.118:44860, 389d5540-641f-48c2-a9df-60738dbad976:192.168.69.118:45712, 279bca68-3e74-4690-81cf-da5ab79b92f7:192.168.69.118:45510], old=null
2019-10-23 12:36:31,625 [279bca68-3e74-4690-81cf-da5ab79b92f7@group-AF49A4A4CA2A-LeaderElection195] INFO  impl.RaftServerImpl (RaftServerImpl.java:setRole(184)) - 279bca68-3e74-4690-81cf-da5ab79b92f7@group-AF49A4A4CA2A: changes role from CANDIDATE to FOLLOWER at term 208 for DISCOVERED_A_NEW_TERM
2019-10-23 12:36:31,625 [279bca68-3e74-4690-81cf-da5ab79b92f7@group-AF49A4A4CA2A-LeaderElection195] INFO  impl.RoleInfo (RoleInfo.java:shutdownLeaderElection(134)) - 279bca68-3e74-4690-81cf-da5ab79b92f7: shutdown LeaderElection
2019-10-23 12:36:31,625 [279bca68-3e74-4690-81cf-da5ab79b92f7@group-AF49A4A4CA2A-LeaderElection195] INFO  impl.RoleInfo (RoleInfo.java:updateAndGet(143)) - 279bca68-3e74-4690-81cf-da5ab79b92f7: start FollowerState
2019-10-23 12:36:31,679 [Thread-1511] INFO  impl.FollowerState (FollowerState.java:run(108)) - 279bca68-3e74-4690-81cf-da5ab79b92f7@group-AF49A4A4CA2A-FollowerState: change to CANDIDATE, lastRpcTime:53ms, electionTimeout:53ms
2019-10-23 12:36:31,679 [Thread-1511] INFO  impl.RoleInfo (RoleInfo.java:shutdownFollowerState(121)) - 279bca68-3e74-4690-81cf-da5ab79b92f7: shutdown FollowerState
2019-10-23 12:36:31,679 [Thread-1511] INFO  impl.RaftServerImpl (RaftServerImpl.java:setRole(184)) - 279bca68-3e74-4690-81cf-da5ab79b92f7@group-AF49A4A4CA2A: changes role from  FOLLOWER to CANDIDATE at term 208 for changeToCandidate
2019-10-23 12:36:31,679 [Thread-1511] INFO  impl.RoleInfo (RoleInfo.java:updateAndGet(143)) - 279bca68-3e74-4690-81cf-da5ab79b92f7: start LeaderElection
2019-10-23 12:36:31,693 [279bca68-3e74-4690-81cf-da5ab79b92f7@group-AF49A4A4CA2A-LeaderElection196] INFO  impl.LeaderElection (LeaderElection.java:askForVotes(178)) - 279bca68-3e74-4690-81cf-da5ab79b92f7@group-AF49A4A4CA2A-LeaderElection196: begin an election at term 209 for -1: [daebe4f8-0ad9-4eb2-8ed7-3a8051847eb6:192.168.69.118:44860, 389d5540-641f-48c2-a9df-60738dbad976:192.168.69.118:45712, 279bca68-3e74-4690-81cf-da5ab79b92f7:192.168.69.118:45510], old=null
2019-10-23 12:36:31,696 [grpc-default-executor-3] INFO  impl.RaftServerImpl (RaftServerImpl.java:setRole(184)) - daebe4f8-0ad9-4eb2-8ed7-3a8051847eb6@group-AF49A4A4CA2A: changes role from  FOLLOWER to FOLLOWER at term 209 for recognizeCandidate:279bca68-3e74-4690-81cf-da5ab79b92f7
2019-10-23 12:36:31,696 [grpc-default-executor-0] INFO  impl.RaftServerImpl (RaftServerImpl.java:setRole(184)) - 389d5540-641f-48c2-a9df-60738dbad976@group-AF49A4A4CA2A: changes role from  FOLLOWER to FOLLOWER at term 209 for recognizeCandidate:279bca68-3e74-4690-81cf-da5ab79b92f7
2019-10-23 12:36:31,696 [grpc-default-executor-3] INFO  impl.RoleInfo (RoleInfo.java:shutdownFollowerState(121)) - daebe4f8-0ad9-4eb2-8ed7-3a8051847eb6: shutdown FollowerState
2019-10-23 12:36:31,696 [grpc-default-executor-0] INFO  impl.RoleInfo (RoleInfo.java:shutdownFollowerState(121)) - 389d5540-641f-48c2-a9df-60738dbad976: shutdown FollowerState
2019-10-23 12:36:31,696 [Thread-1509] INFO  impl.FollowerState (FollowerState.java:run(117)) - daebe4f8-0ad9-4eb2-8ed7-3a8051847eb6@group-AF49A4A4CA2A-FollowerState was interrupted: java.lang.InterruptedException: sleep interrupted
2019-10-23 12:36:31,696 [grpc-default-executor-3] INFO  impl.RoleInfo (RoleInfo.java:updateAndGet(143)) - daebe4f8-0ad9-4eb2-8ed7-3a8051847eb6: start FollowerState
2019-10-23 12:36:31,696 [Thread-1510] INFO  impl.FollowerState (FollowerState.java:run(117)) - 389d5540-641f-48c2-a9df-60738dbad976@group-AF49A4A4CA2A-FollowerState was interrupted: java.lang.InterruptedException: sleep interrupted
2019-10-23 12:36:31,696 [grpc-default-executor-0] INFO  impl.RoleInfo (RoleInfo.java:updateAndGet(143)) - 389d5540-641f-48c2-a9df-60738dbad976: start FollowerState
2019-10-23 12:36:31,712 [279bca68-3e74-4690-81cf-da5ab79b92f7@group-AF49A4A4CA2A-LeaderElection196] INFO  impl.LeaderElection (LeaderElection.java:logAndReturn(56)) - 279bca68-3e74-4690-81cf-da5ab79b92f7@group-AF49A4A4CA2A-LeaderElection196: Election REJECTED; received 2 response(s) [279bca68-3e74-4690-81cf-da5ab79b92f7<-daebe4f8-0ad9-4eb2-8ed7-3a8051847eb6#0:FAIL-t209, 279bca68-3e74-4690-81cf-da5ab79b92f7<-389d5540-641f-48c2-a9df-60738dbad976#0:FAIL-t209] and 0 exception(s); 279bca68-3e74-4690-81cf-da5ab79b92f7@group-AF49A4A4CA2A:t209, leader=null, voted=279bca68-3e74-4690-81cf-da5ab79b92f7, raftlog=279bca68-3e74-4690-81cf-da5ab79b92f7@group-AF49A4A4CA2A-SegmentedRaftLog:OPENED:c-1,f-1,i0, conf=-1: [daebe4f8-0ad9-4eb2-8ed7-3a8051847eb6:192.168.69.118:44860, 389d5540-641f-48c2-a9df-60738dbad976:192.168.69.118:45712, 279bca68-3e74-4690-81cf-da5ab79b92f7:192.168.69.118:45510], old=null
2019-10-23 12:36:31,712 [279bca68-3e74-4690-81cf-da5ab79b92f7@group-AF49A4A4CA2A-LeaderElection196] INFO  impl.RaftServerImpl (RaftServerImpl.java:setRole(184)) - 279bca68-3e74-4690-81cf-da5ab79b92f7@group-AF49A4A4CA2A: changes role from CANDIDATE to FOLLOWER at term 209 for DISCOVERED_A_NEW_TERM
2019-10-23 12:36:31,712 [279bca68-3e74-4690-81cf-da5ab79b92f7@group-AF49A4A4CA2A-LeaderElection196] INFO  impl.RoleInfo (RoleInfo.java:shutdownLeaderElection(134)) - 279bca68-3e74-4690-81cf-da5ab79b92f7: shutdown LeaderElection
2019-10-23 12:36:31,712 [279bca68-3e74-4690-81cf-da5ab79b92f7@group-AF49A4A4CA2A-LeaderElection196] INFO  impl.RoleInfo (RoleInfo.java:updateAndGet(143)) - 279bca68-3e74-4690-81cf-da5ab79b92f7: start FollowerState
2019-10-23 12:36:31,856 [Thread-1517] INFO  impl.FollowerState (FollowerState.java:run(108)) - 279bca68-3e74-4690-81cf-da5ab79b92f7@group-AF49A4A4CA2A-FollowerState: change to CANDIDATE, lastRpcTime:144ms, electionTimeout:144ms
2019-10-23 12:36:31,857 [Thread-1517] INFO  impl.RoleInfo (RoleInfo.java:shutdownFollowerState(121)) - 279bca68-3e74-4690-81cf-da5ab79b92f7: shutdown FollowerState
2019-10-23 12:36:31,857 [Thread-1517] INFO  impl.RaftServerImpl (RaftServerImpl.java:setRole(184)) - 279bca68-3e74-4690-81cf-da5ab79b92f7@group-AF49A4A4CA2A: changes role from  FOLLOWER to CANDIDATE at term 209 for changeToCandidate
2019-10-23 12:36:31,857 [Thread-1517] INFO  impl.RoleInfo (RoleInfo.java:updateAndGet(143)) - 279bca68-3e74-4690-81cf-da5ab79b92f7: start LeaderElection
2019-10-23 12:36:31,872 [279bca68-3e74-4690-81cf-da5ab79b92f7@group-AF49A4A4CA2A-LeaderElection197] INFO  impl.LeaderElection (LeaderElection.java:askForVotes(178)) - 279bca68-3e74-4690-81cf-da5ab79b92f7@group-AF49A4A4CA2A-LeaderElection197: begin an election at term 210 for -1: [daebe4f8-0ad9-4eb2-8ed7-3a8051847eb6:192.168.69.118:44860, 389d5540-641f-48c2-a9df-60738dbad976:192.168.69.118:45712, 279bca68-3e74-4690-81cf-da5ab79b92f7:192.168.69.118:45510], old=null
2019-10-23 12:36:31,875 [grpc-default-executor-3] INFO  impl.RaftServerImpl (RaftServerImpl.java:setRole(184)) - daebe4f8-0ad9-4eb2-8ed7-3a8051847eb6@group-AF49A4A4CA2A: changes role from  FOLLOWER to FOLLOWER at term 210 for recognizeCandidate:279bca68-3e74-4690-81cf-da5ab79b92f7
2019-10-23 12:36:31,875 [grpc-default-executor-0] INFO  impl.RaftServerImpl (RaftServerImpl.java:setRole(184)) - 389d5540-641f-48c2-a9df-60738dbad976@group-AF49A4A4CA2A: changes role from  FOLLOWER to FOLLOWER at term 210 for recognizeCandidate:279bca68-3e74-4690-81cf-da5ab79b92f7
2019-10-23 12:36:31,875 [grpc-default-executor-3] INFO  impl.RoleInfo (RoleInfo.java:shutdownFollowerState(121)) - daebe4f8-0ad9-4eb2-8ed7-3a8051847eb6: shutdown FollowerState
2019-10-23 12:36:31,875 [grpc-default-executor-0] INFO  impl.RoleInfo (RoleInfo.java:shutdownFollowerState(121)) - 389d5540-641f-48c2-a9df-60738dbad976: shutdown FollowerState
2019-10-23 12:36:31,876 [Thread-1515] INFO  impl.FollowerState (FollowerState.java:run(117)) - daebe4f8-0ad9-4eb2-8ed7-3a8051847eb6@group-AF49A4A4CA2A-FollowerState was interrupted: java.lang.InterruptedException: sleep interrupted
2019-10-23 12:36:31,876 [Thread-1516] INFO  impl.FollowerState (FollowerState.java:run(117)) - 389d5540-641f-48c2-a9df-60738dbad976@group-AF49A4A4CA2A-FollowerState was interrupted: java.lang.InterruptedException: sleep interrupted
2019-10-23 12:36:31,876 [grpc-default-executor-0] INFO  impl.RoleInfo (RoleInfo.java:updateAndGet(143)) - 389d5540-641f-48c2-a9df-60738dbad976: start FollowerState
2019-10-23 12:36:31,876 [grpc-default-executor-3] INFO  impl.RoleInfo (RoleInfo.java:updateAndGet(143)) - daebe4f8-0ad9-4eb2-8ed7-3a8051847eb6: start FollowerState
2019-10-23 12:36:31,898 [279bca68-3e74-4690-81cf-da5ab79b92f7@group-AF49A4A4CA2A-LeaderElection197] INFO  impl.LeaderElection (LeaderElection.java:logAndReturn(56)) - 279bca68-3e74-4690-81cf-da5ab79b92f7@group-AF49A4A4CA2A-LeaderElection197: Election REJECTED; received 2 response(s) [279bca68-3e74-4690-81cf-da5ab79b92f7<-daebe4f8-0ad9-4eb2-8ed7-3a8051847eb6#0:FAIL-t210, 279bca68-3e74-4690-81cf-da5ab79b92f7<-389d5540-641f-48c2-a9df-60738dbad976#0:FAIL-t210] and 0 exception(s); 279bca68-3e74-4690-81cf-da5ab79b92f7@group-AF49A4A4CA2A:t210, leader=null, voted=279bca68-3e74-4690-81cf-da5ab79b92f7, raftlog=279bca68-3e74-4690-81cf-da5ab79b92f7@group-AF49A4A4CA2A-SegmentedRaftLog:OPENED:c-1,f-1,i0, conf=-1: [daebe4f8-0ad9-4eb2-8ed7-3a8051847eb6:192.168.69.118:44860, 389d5540-641f-48c2-a9df-60738dbad976:192.168.69.118:45712, 279bca68-3e74-4690-81cf-da5ab79b92f7:192.168.69.118:45510], old=null
2019-10-23 12:36:31,898 [279bca68-3e74-4690-81cf-da5ab79b92f7@group-AF49A4A4CA2A-LeaderElection197] INFO  impl.RaftServerImpl (RaftServerImpl.java:setRole(184)) - 279bca68-3e74-4690-81cf-da5ab79b92f7@group-AF49A4A4CA2A: changes role from CANDIDATE to FOLLOWER at term 210 for DISCOVERED_A_NEW_TERM
2019-10-23 12:36:31,899 [279bca68-3e74-4690-81cf-da5ab79b92f7@group-AF49A4A4CA2A-LeaderElection197] INFO  impl.RoleInfo (RoleInfo.java:shutdownLeaderElection(134)) - 279bca68-3e74-4690-81cf-da5ab79b92f7: shutdown LeaderElection
2019-10-23 12:36:31,899 [279bca68-3e74-4690-81cf-da5ab79b92f7@group-AF49A4A4CA2A-LeaderElection197] INFO  impl.RoleInfo (RoleInfo.java:updateAndGet(143)) - 279bca68-3e74-4690-81cf-da5ab79b92f7: start FollowerState
2019-10-23 12:36:32,085 [Thread-1523] INFO  impl.FollowerState (FollowerState.java:run(108)) - 279bca68-3e74-4690-81cf-da5ab79b92f7@group-AF49A4A4CA2A-FollowerState: change to CANDIDATE, lastRpcTime:186ms, electionTimeout:186ms
2019-10-23 12:36:32,085 [Thread-1523] INFO  impl.RoleInfo (RoleInfo.java:shutdownFollowerState(121)) - 279bca68-3e74-4690-81cf-da5ab79b92f7: shutdown FollowerState
2019-10-23 12:36:32,086 [Thread-1523] INFO  impl.RaftServerImpl (RaftServerImpl.java:setRole(184)) - 279bca68-3e74-4690-81cf-da5ab79b92f7@group-AF49A4A4CA2A: changes role from  FOLLOWER to CANDIDATE at term 210 for changeToCandidate
2019-10-23 12:36:32,086 [Thread-1523] INFO  impl.RoleInfo (RoleInfo.java:updateAndGet(143)) - 279bca68-3e74-4690-81cf-da5ab79b92f7: start LeaderElection
2019-10-23 12:36:32,101 [279bca68-3e74-4690-81cf-da5ab79b92f7@group-AF49A4A4CA2A-LeaderElection198] INFO  impl.LeaderElection (LeaderElection.java:askForVotes(178)) - 279bca68-3e74-4690-81cf-da5ab79b92f7@group-AF49A4A4CA2A-LeaderElection198: begin an election at term 211 for -1: [daebe4f8-0ad9-4eb2-8ed7-3a8051847eb6:192.168.69.118:44860, 389d5540-641f-48c2-a9df-60738dbad976:192.168.69.118:45712, 279bca68-3e74-4690-81cf-da5ab79b92f7:192.168.69.118:45510], old=null
2019-10-23 12:36:32,103 [grpc-default-executor-0] INFO  impl.RaftServerImpl (RaftServerImpl.java:setRole(184)) - daebe4f8-0ad9-4eb2-8ed7-3a8051847eb6@group-AF49A4A4CA2A: changes role from  FOLLOWER to FOLLOWER at term 211 for recognizeCandidate:279bca68-3e74-4690-81cf-da5ab79b92f7
2019-10-23 12:36:32,103 [grpc-default-executor-0] INFO  impl.RoleInfo (RoleInfo.java:shutdownFollowerState(121)) - daebe4f8-0ad9-4eb2-8ed7-3a8051847eb6: shutdown FollowerState
2019-10-23 12:36:32,103 [grpc-default-executor-0] INFO  impl.RoleInfo (RoleInfo.java:updateAndGet(143)) - daebe4f8-0ad9-4eb2-8ed7-3a8051847eb6: start FollowerState
2019-10-23 12:36:32,103 [Thread-1521] INFO  impl.FollowerState (FollowerState.java:run(117)) - daebe4f8-0ad9-4eb2-8ed7-3a8051847eb6@group-AF49A4A4CA2A-FollowerState was interrupted: java.lang.InterruptedException: sleep interrupted
2019-10-23 12:36:32,103 [grpc-default-executor-3] INFO  impl.RaftServerImpl (RaftServerImpl.java:setRole(184)) - 389d5540-641f-48c2-a9df-60738dbad976@group-AF49A4A4CA2A: changes role from  FOLLOWER to FOLLOWER at term 211 for recognizeCandidate:279bca68-3e74-4690-81cf-da5ab79b92f7
2019-10-23 12:36:32,104 [grpc-default-executor-3] INFO  impl.RoleInfo (RoleInfo.java:shutdownFollowerState(121)) - 389d5540-641f-48c2-a9df-60738dbad976: shutdown FollowerState
2019-10-23 12:36:32,104 [grpc-default-executor-3] INFO  impl.RoleInfo (RoleInfo.java:updateAndGet(143)) - 389d5540-641f-48c2-a9df-60738dbad976: start FollowerState
2019-10-23 12:36:32,104 [Thread-1522] INFO  impl.FollowerState (FollowerState.java:run(117)) - 389d5540-641f-48c2-a9df-60738dbad976@group-AF49A4A4CA2A-FollowerState was interrupted: java.lang.InterruptedException: sleep interrupted
2019-10-23 12:36:32,114 [279bca68-3e74-4690-81cf-da5ab79b92f7@group-AF49A4A4CA2A-LeaderElection198] INFO  impl.LeaderElection (LeaderElection.java:logAndReturn(56)) - 279bca68-3e74-4690-81cf-da5ab79b92f7@group-AF49A4A4CA2A-LeaderElection198: Election TIMEOUT; received 0 response(s) [] and 0 exception(s); 279bca68-3e74-4690-81cf-da5ab79b92f7@group-AF49A4A4CA2A:t211, leader=null, voted=279bca68-3e74-4690-81cf-da5ab79b92f7, raftlog=279bca68-3e74-4690-81cf-da5ab79b92f7@group-AF49A4A4CA2A-SegmentedRaftLog:OPENED:c-1,f-1,i0, conf=-1: [daebe4f8-0ad9-4eb2-8ed7-3a8051847eb6:192.168.69.118:44860, 389d5540-641f-48c2-a9df-60738dbad976:192.168.69.118:45712, 279bca68-3e74-4690-81cf-da5ab79b92f7:192.168.69.118:45510], old=null
2019-10-23 12:36:32,118 [279bca68-3e74-4690-81cf-da5ab79b92f7@group-AF49A4A4CA2A-LeaderElection198] INFO  impl.LeaderElection (LeaderElection.java:askForVotes(178)) - 279bca68-3e74-4690-81cf-da5ab79b92f7@group-AF49A4A4CA2A-LeaderElection198: begin an election at term 212 for -1: [daebe4f8-0ad9-4eb2-8ed7-3a8051847eb6:192.168.69.118:44860, 389d5540-641f-48c2-a9df-60738dbad976:192.168.69.118:45712, 279bca68-3e74-4690-81cf-da5ab79b92f7:192.168.69.118:45510], old=null
2019-10-23 12:36:32,121 [grpc-default-executor-0] INFO  impl.RaftServerImpl (RaftServerImpl.java:setRole(184)) - daebe4f8-0ad9-4eb2-8ed7-3a8051847eb6@group-AF49A4A4CA2A: changes role from  FOLLOWER to FOLLOWER at term 212 for recognizeCandidate:279bca68-3e74-4690-81cf-da5ab79b92f7
2019-10-23 12:36:32,121 [grpc-default-executor-0] INFO  impl.RoleInfo (RoleInfo.java:shutdownFollowerState(121)) - daebe4f8-0ad9-4eb2-8ed7-3a8051847eb6: shutdown FollowerState
2019-10-23 12:36:32,121 [grpc-default-executor-0] INFO  impl.RoleInfo (RoleInfo.java:updateAndGet(143)) - daebe4f8-0ad9-4eb2-8ed7-3a8051847eb6: start FollowerState
2019-10-23 12:36:32,121 [Thread-1529] INFO  impl.FollowerState (FollowerState.java:run(117)) - daebe4f8-0ad9-4eb2-8ed7-3a8051847eb6@group-AF49A4A4CA2A-FollowerState was interrupted: java.lang.InterruptedException: sleep interrupted
2019-10-23 12:36:32,121 [grpc-default-executor-3] INFO  impl.RaftServerImpl (RaftServerImpl.java:setRole(184)) - 389d5540-641f-48c2-a9df-60738dbad976@group-AF49A4A4CA2A: changes role from  FOLLOWER to FOLLOWER at term 212 for recognizeCandidate:279bca68-3e74-4690-81cf-da5ab79b92f7
2019-10-23 12:36:32,121 [grpc-default-executor-3] INFO  impl.RoleInfo (RoleInfo.java:shutdownFollowerState(121)) - 389d5540-641f-48c2-a9df-60738dbad976: shutdown FollowerState
2019-10-23 12:36:32,122 [grpc-default-executor-3] INFO  impl.RoleInfo (RoleInfo.java:updateAndGet(143)) - 389d5540-641f-48c2-a9df-60738dbad976: start FollowerState
2019-10-23 12:36:32,122 [Thread-1530] INFO  impl.FollowerState (FollowerState.java:run(117)) - 389d5540-641f-48c2-a9df-60738dbad976@group-AF49A4A4CA2A-FollowerState was interrupted: java.lang.InterruptedException: sleep interrupted
2019-10-23 12:36:32,135 [279bca68-3e74-4690-81cf-da5ab79b92f7@group-AF49A4A4CA2A-LeaderElection198] INFO  impl.LeaderElection (LeaderElection.java:logAndReturn(56)) - 279bca68-3e74-4690-81cf-da5ab79b92f7@group-AF49A4A4CA2A-LeaderElection198: Election REJECTED; received 2 response(s) [279bca68-3e74-4690-81cf-da5ab79b92f7<-daebe4f8-0ad9-4eb2-8ed7-3a8051847eb6#0:FAIL-t212, 279bca68-3e74-4690-81cf-da5ab79b92f7<-389d5540-641f-48c2-a9df-60738dbad976#0:FAIL-t212] and 0 exception(s); 279bca68-3e74-4690-81cf-da5ab79b92f7@group-AF49A4A4CA2A:t212, leader=null, voted=279bca68-3e74-4690-81cf-da5ab79b92f7, raftlog=279bca68-3e74-4690-81cf-da5ab79b92f7@group-AF49A4A4CA2A-SegmentedRaftLog:OPENED:c-1,f-1,i0, conf=-1: [daebe4f8-0ad9-4eb2-8ed7-3a8051847eb6:192.168.69.118:44860, 389d5540-641f-48c2-a9df-60738dbad976:192.168.69.118:45712, 279bca68-3e74-4690-81cf-da5ab79b92f7:192.168.69.118:45510], old=null
2019-10-23 12:36:32,135 [279bca68-3e74-4690-81cf-da5ab79b92f7@group-AF49A4A4CA2A-LeaderElection198] INFO  impl.RaftServerImpl (RaftServerImpl.java:setRole(184)) - 279bca68-3e74-4690-81cf-da5ab79b92f7@group-AF49A4A4CA2A: changes role from CANDIDATE to FOLLOWER at term 212 for DISCOVERED_A_NEW_TERM
2019-10-23 12:36:32,136 [279bca68-3e74-4690-81cf-da5ab79b92f7@group-AF49A4A4CA2A-LeaderElection198] INFO  impl.RoleInfo (RoleInfo.java:shutdownLeaderElection(134)) - 279bca68-3e74-4690-81cf-da5ab79b92f7: shutdown LeaderElection
2019-10-23 12:36:32,136 [279bca68-3e74-4690-81cf-da5ab79b92f7@group-AF49A4A4CA2A-LeaderElection198] INFO  impl.RoleInfo (RoleInfo.java:updateAndGet(143)) - 279bca68-3e74-4690-81cf-da5ab79b92f7: start FollowerState
2019-10-23 12:36:32,322 [Thread-1535] INFO  impl.FollowerState (FollowerState.java:run(108)) - 279bca68-3e74-4690-81cf-da5ab79b92f7@group-AF49A4A4CA2A-FollowerState: change to CANDIDATE, lastRpcTime:186ms, electionTimeout:186ms
2019-10-23 12:36:32,322 [Thread-1535] INFO  impl.RoleInfo (RoleInfo.java:shutdownFollowerState(121)) - 279bca68-3e74-4690-81cf-da5ab79b92f7: shutdown FollowerState
2019-10-23 12:36:32,322 [Thread-1535] INFO  impl.RaftServerImpl (RaftServerImpl.java:setRole(184)) - 279bca68-3e74-4690-81cf-da5ab79b92f7@group-AF49A4A4CA2A: changes role from  FOLLOWER to CANDIDATE at term 212 for changeToCandidate
2019-10-23 12:36:32,323 [Thread-1535] INFO  impl.RoleInfo (RoleInfo.java:updateAndGet(143)) - 279bca68-3e74-4690-81cf-da5ab79b92f7: start LeaderElection
2019-10-23 12:36:32,336 [279bca68-3e74-4690-81cf-da5ab79b92f7@group-AF49A4A4CA2A-LeaderElection199] INFO  impl.LeaderElection (LeaderElection.java:askForVotes(178)) - 279bca68-3e74-4690-81cf-da5ab79b92f7@group-AF49A4A4CA2A-LeaderElection199: begin an election at term 213 for -1: [daebe4f8-0ad9-4eb2-8ed7-3a8051847eb6:192.168.69.118:44860, 389d5540-641f-48c2-a9df-60738dbad976:192.168.69.118:45712, 279bca68-3e74-4690-81cf-da5ab79b92f7:192.168.69.118:45510], old=null
2019-10-23 12:36:32,338 [grpc-default-executor-0] INFO  impl.RaftServerImpl (RaftServerImpl.java:setRole(184)) - daebe4f8-0ad9-4eb2-8ed7-3a8051847eb6@group-AF49A4A4CA2A: changes role from  FOLLOWER to FOLLOWER at term 213 for recognizeCandidate:279bca68-3e74-4690-81cf-da5ab79b92f7
2019-10-23 12:36:32,338 [grpc-default-executor-0] INFO  impl.RoleInfo (RoleInfo.java:shutdownFollowerState(121)) - daebe4f8-0ad9-4eb2-8ed7-3a8051847eb6: shutdown FollowerState
2019-10-23 12:36:32,338 [grpc-default-executor-3] INFO  impl.RaftServerImpl (RaftServerImpl.java:setRole(184)) - 389d5540-641f-48c2-a9df-60738dbad976@group-AF49A4A4CA2A: changes role from  FOLLOWER to FOLLOWER at term 213 for recognizeCandidate:279bca68-3e74-4690-81cf-da5ab79b92f7
2019-10-23 12:36:32,339 [grpc-default-executor-3] INFO  impl.RoleInfo (RoleInfo.java:shutdownFollowerState(121)) - 389d5540-641f-48c2-a9df-60738dbad976: shutdown FollowerState
2019-10-23 12:36:32,339 [Thread-1533] INFO  impl.FollowerState (FollowerState.java:run(117)) - daebe4f8-0ad9-4eb2-8ed7-3a8051847eb6@group-AF49A4A4CA2A-FollowerState was interrupted: java.lang.InterruptedException: sleep interrupted
2019-10-23 12:36:32,339 [Thread-1534] INFO  impl.FollowerState (FollowerState.java:run(117)) - 389d5540-641f-48c2-a9df-60738dbad976@group-AF49A4A4CA2A-FollowerState was interrupted: java.lang.InterruptedException: sleep interrupted
2019-10-23 12:36:32,338 [grpc-default-executor-0] INFO  impl.RoleInfo (RoleInfo.java:updateAndGet(143)) - daebe4f8-0ad9-4eb2-8ed7-3a8051847eb6: start FollowerState
2019-10-23 12:36:32,339 [grpc-default-executor-3] INFO  impl.RoleInfo (RoleInfo.java:updateAndGet(143)) - 389d5540-641f-48c2-a9df-60738dbad976: start FollowerState
2019-10-23 12:36:32,357 [279bca68-3e74-4690-81cf-da5ab79b92f7@group-AF49A4A4CA2A-LeaderElection199] INFO  impl.LeaderElection (LeaderElection.java:logAndReturn(56)) - 279bca68-3e74-4690-81cf-da5ab79b92f7@group-AF49A4A4CA2A-LeaderElection199: Election TIMEOUT; received 0 response(s) [] and 0 exception(s); 279bca68-3e74-4690-81cf-da5ab79b92f7@group-AF49A4A4CA2A:t213, leader=null, voted=279bca68-3e74-4690-81cf-da5ab79b92f7, raftlog=279bca68-3e74-4690-81cf-da5ab79b92f7@group-AF49A4A4CA2A-SegmentedRaftLog:OPENED:c-1,f-1,i0, conf=-1: [daebe4f8-0ad9-4eb2-8ed7-3a8051847eb6:192.168.69.118:44860, 389d5540-641f-48c2-a9df-60738dbad976:192.168.69.118:45712, 279bca68-3e74-4690-81cf-da5ab79b92f7:192.168.69.118:45510], old=null
2019-10-23 12:36:32,360 [279bca68-3e74-4690-81cf-da5ab79b92f7@group-AF49A4A4CA2A-LeaderElection199] INFO  impl.LeaderElection (LeaderElection.java:askForVotes(178)) - 279bca68-3e74-4690-81cf-da5ab79b92f7@group-AF49A4A4CA2A-LeaderElection199: begin an election at term 214 for -1: [daebe4f8-0ad9-4eb2-8ed7-3a8051847eb6:192.168.69.118:44860, 389d5540-641f-48c2-a9df-60738dbad976:192.168.69.118:45712, 279bca68-3e74-4690-81cf-da5ab79b92f7:192.168.69.118:45510], old=null
2019-10-23 12:36:32,362 [grpc-default-executor-3] INFO  impl.RaftServerImpl (RaftServerImpl.java:setRole(184)) - daebe4f8-0ad9-4eb2-8ed7-3a8051847eb6@group-AF49A4A4CA2A: changes role from  FOLLOWER to FOLLOWER at term 214 for recognizeCandidate:279bca68-3e74-4690-81cf-da5ab79b92f7
2019-10-23 12:36:32,362 [grpc-default-executor-3] INFO  impl.RoleInfo (RoleInfo.java:shutdownFollowerState(121)) - daebe4f8-0ad9-4eb2-8ed7-3a8051847eb6: shutdown FollowerState
2019-10-23 12:36:32,362 [grpc-default-executor-3] INFO  impl.RoleInfo (RoleInfo.java:updateAndGet(143)) - daebe4f8-0ad9-4eb2-8ed7-3a8051847eb6: start FollowerState
2019-10-23 12:36:32,362 [grpc-default-executor-0] INFO  impl.RaftServerImpl (RaftServerImpl.java:setRole(184)) - 389d5540-641f-48c2-a9df-60738dbad976@group-AF49A4A4CA2A: changes role from  FOLLOWER to FOLLOWER at term 214 for recognizeCandidate:279bca68-3e74-4690-81cf-da5ab79b92f7
2019-10-23 12:36:32,362 [grpc-default-executor-0] INFO  impl.RoleInfo (RoleInfo.java:shutdownFollowerState(121)) - 389d5540-641f-48c2-a9df-60738dbad976: shutdown FollowerState
2019-10-23 12:36:32,362 [Thread-1539] INFO  impl.FollowerState (FollowerState.java:run(117)) - daebe4f8-0ad9-4eb2-8ed7-3a8051847eb6@group-AF49A4A4CA2A-FollowerState was interrupted: java.lang.InterruptedException: sleep interrupted
2019-10-23 12:36:32,362 [Thread-1540] INFO  impl.FollowerState (FollowerState.java:run(117)) - 389d5540-641f-48c2-a9df-60738dbad976@group-AF49A4A4CA2A-FollowerState was interrupted: java.lang.InterruptedException: sleep interrupted
2019-10-23 12:36:32,362 [grpc-default-executor-0] INFO  impl.RoleInfo (RoleInfo.java:updateAndGet(143)) - 389d5540-641f-48c2-a9df-60738dbad976: start FollowerState
2019-10-23 12:36:32,393 [279bca68-3e74-4690-81cf-da5ab79b92f7@group-AF49A4A4CA2A-LeaderElection199] INFO  impl.LeaderElection (LeaderElection.java:logAndReturn(56)) - 279bca68-3e74-4690-81cf-da5ab79b92f7@group-AF49A4A4CA2A-LeaderElection199: Election REJECTED; received 2 response(s) [279bca68-3e74-4690-81cf-da5ab79b92f7<-daebe4f8-0ad9-4eb2-8ed7-3a8051847eb6#0:FAIL-t214, 279bca68-3e74-4690-81cf-da5ab79b92f7<-389d5540-641f-48c2-a9df-60738dbad976#0:FAIL-t214] and 0 exception(s); 279bca68-3e74-4690-81cf-da5ab79b92f7@group-AF49A4A4CA2A:t214, leader=null, voted=279bca68-3e74-4690-81cf-da5ab79b92f7, raftlog=279bca68-3e74-4690-81cf-da5ab79b92f7@group-AF49A4A4CA2A-SegmentedRaftLog:OPENED:c-1,f-1,i0, conf=-1: [daebe4f8-0ad9-4eb2-8ed7-3a8051847eb6:192.168.69.118:44860, 389d5540-641f-48c2-a9df-60738dbad976:192.168.69.118:45712, 279bca68-3e74-4690-81cf-da5ab79b92f7:192.168.69.118:45510], old=null
2019-10-23 12:36:32,393 [279bca68-3e74-4690-81cf-da5ab79b92f7@group-AF49A4A4CA2A-LeaderElection199] INFO  impl.RaftServerImpl (RaftServerImpl.java:setRole(184)) - 279bca68-3e74-4690-81cf-da5ab79b92f7@group-AF49A4A4CA2A: changes role from CANDIDATE to FOLLOWER at term 214 for DISCOVERED_A_NEW_TERM
2019-10-23 12:36:32,394 [279bca68-3e74-4690-81cf-da5ab79b92f7@group-AF49A4A4CA2A-LeaderElection199] INFO  impl.RoleInfo (RoleInfo.java:shutdownLeaderElection(134)) - 279bca68-3e74-4690-81cf-da5ab79b92f7: shutdown LeaderElection
2019-10-23 12:36:32,394 [279bca68-3e74-4690-81cf-da5ab79b92f7@group-AF49A4A4CA2A-LeaderElection199] INFO  impl.RoleInfo (RoleInfo.java:updateAndGet(143)) - 279bca68-3e74-4690-81cf-da5ab79b92f7: start FollowerState
2019-10-23 12:36:32,545 [Thread-1545] INFO  impl.FollowerState (FollowerState.java:run(108)) - 279bca68-3e74-4690-81cf-da5ab79b92f7@group-AF49A4A4CA2A-FollowerState: change to CANDIDATE, lastRpcTime:151ms, electionTimeout:151ms
2019-10-23 12:36:32,545 [Thread-1545] INFO  impl.RoleInfo (RoleInfo.java:shutdownFollowerState(121)) - 279bca68-3e74-4690-81cf-da5ab79b92f7: shutdown FollowerState
2019-10-23 12:36:32,546 [Thread-1545] INFO  impl.RaftServerImpl (RaftServerImpl.java:setRole(184)) - 279bca68-3e74-4690-81cf-da5ab79b92f7@group-AF49A4A4CA2A: changes role from  FOLLOWER to CANDIDATE at term 214 for changeToCandidate
2019-10-23 12:36:32,546 [Thread-1545] INFO  impl.RoleInfo (RoleInfo.java:updateAndGet(143)) - 279bca68-3e74-4690-81cf-da5ab79b92f7: start LeaderElection
2019-10-23 12:36:32,567 [279bca68-3e74-4690-81cf-da5ab79b92f7@group-AF49A4A4CA2A-LeaderElection200] INFO  impl.LeaderElection (LeaderElection.java:askForVotes(178)) - 279bca68-3e74-4690-81cf-da5ab79b92f7@group-AF49A4A4CA2A-LeaderElection200: begin an election at term 215 for -1: [daebe4f8-0ad9-4eb2-8ed7-3a8051847eb6:192.168.69.118:44860, 389d5540-641f-48c2-a9df-60738dbad976:192.168.69.118:45712, 279bca68-3e74-4690-81cf-da5ab79b92f7:192.168.69.118:45510], old=null
2019-10-23 12:36:32,570 [grpc-default-executor-0] INFO  impl.RaftServerImpl (RaftServerImpl.java:setRole(184)) - daebe4f8-0ad9-4eb2-8ed7-3a8051847eb6@group-AF49A4A4CA2A: changes role from  FOLLOWER to FOLLOWER at term 215 for recognizeCandidate:279bca68-3e74-4690-81cf-da5ab79b92f7
2019-10-23 12:36:32,570 [grpc-default-executor-3] INFO  impl.RaftServerImpl (RaftServerImpl.java:setRole(184)) - 389d5540-641f-48c2-a9df-60738dbad976@group-AF49A4A4CA2A: changes role from  FOLLOWER to FOLLOWER at term 215 for recognizeCandidate:279bca68-3e74-4690-81cf-da5ab79b92f7
2019-10-23 12:36:32,570 [grpc-default-executor-0] INFO  impl.RoleInfo (RoleInfo.java:shutdownFollowerState(121)) - daebe4f8-0ad9-4eb2-8ed7-3a8051847eb6: shutdown FollowerState
2019-10-23 12:36:32,570 [grpc-default-executor-3] INFO  impl.RoleInfo (RoleInfo.java:shutdownFollowerState(121)) - 389d5540-641f-48c2-a9df-60738dbad976: shutdown FollowerState
2019-10-23 12:36:32,570 [Thread-1543] INFO  impl.FollowerState (FollowerState.java:run(117)) - daebe4f8-0ad9-4eb2-8ed7-3a8051847eb6@group-AF49A4A4CA2A-FollowerState was interrupted: java.lang.InterruptedException: sleep interrupted
2019-10-23 12:36:32,570 [grpc-default-executor-0] INFO  impl.RoleInfo (RoleInfo.java:updateAndGet(143)) - daebe4f8-0ad9-4eb2-8ed7-3a8051847eb6: start FollowerState
2019-10-23 12:36:32,570 [Thread-1544] INFO  impl.FollowerState (FollowerState.java:run(117)) - 389d5540-641f-48c2-a9df-60738dbad976@group-AF49A4A4CA2A-FollowerState was interrupted: java.lang.InterruptedException: sleep interrupted
2019-10-23 12:36:32,570 [grpc-default-executor-3] INFO  impl.RoleInfo (RoleInfo.java:updateAndGet(143)) - 389d5540-641f-48c2-a9df-60738dbad976: start FollowerState
2019-10-23 12:36:32,585 [279bca68-3e74-4690-81cf-da5ab79b92f7@group-AF49A4A4CA2A-LeaderElection200] INFO  impl.LeaderElection (LeaderElection.java:logAndReturn(56)) - 279bca68-3e74-4690-81cf-da5ab79b92f7@group-AF49A4A4CA2A-LeaderElection200: Election REJECTED; received 2 response(s) [279bca68-3e74-4690-81cf-da5ab79b92f7<-daebe4f8-0ad9-4eb2-8ed7-3a8051847eb6#0:FAIL-t215, 279bca68-3e74-4690-81cf-da5ab79b92f7<-389d5540-641f-48c2-a9df-60738dbad976#0:FAIL-t215] and 0 exception(s); 279bca68-3e74-4690-81cf-da5ab79b92f7@group-AF49A4A4CA2A:t215, leader=null, voted=279bca68-3e74-4690-81cf-da5ab79b92f7, raftlog=279bca68-3e74-4690-81cf-da5ab79b92f7@group-AF49A4A4CA2A-SegmentedRaftLog:OPENED:c-1,f-1,i0, conf=-1: [daebe4f8-0ad9-4eb2-8ed7-3a8051847eb6:192.168.69.118:44860, 389d5540-641f-48c2-a9df-60738dbad976:192.168.69.118:45712, 279bca68-3e74-4690-81cf-da5ab79b92f7:192.168.69.118:45510], old=null
2019-10-23 12:36:32,585 [279bca68-3e74-4690-81cf-da5ab79b92f7@group-AF49A4A4CA2A-LeaderElection200] INFO  impl.RaftServerImpl (RaftServerImpl.java:setRole(184)) - 279bca68-3e74-4690-81cf-da5ab79b92f7@group-AF49A4A4CA2A: changes role from CANDIDATE to FOLLOWER at term 215 for DISCOVERED_A_NEW_TERM
2019-10-23 12:36:32,585 [279bca68-3e74-4690-81cf-da5ab79b92f7@group-AF49A4A4CA2A-LeaderElection200] INFO  impl.RoleInfo (RoleInfo.java:shutdownLeaderElection(134)) - 279bca68-3e74-4690-81cf-da5ab79b92f7: shutdown LeaderElection
2019-10-23 12:36:32,585 [279bca68-3e74-4690-81cf-da5ab79b92f7@group-AF49A4A4CA2A-LeaderElection200] INFO  impl.RoleInfo (RoleInfo.java:updateAndGet(143)) - 279bca68-3e74-4690-81cf-da5ab79b92f7: start FollowerState
2019-10-23 12:36:32,779 [Thread-1551] INFO  impl.FollowerState (FollowerState.java:run(108)) - 279bca68-3e74-4690-81cf-da5ab79b92f7@group-AF49A4A4CA2A-FollowerState: change to CANDIDATE, lastRpcTime:193ms, electionTimeout:193ms
2019-10-23 12:36:32,779 [Thread-1551] INFO  impl.RoleInfo (RoleInfo.java:shutdownFollowerState(121)) - 279bca68-3e74-4690-81cf-da5ab79b92f7: shutdown FollowerState
2019-10-23 12:36:32,779 [Thread-1551] INFO  impl.RaftServerImpl (RaftServerImpl.java:setRole(184)) - 279bca68-3e74-4690-81cf-da5ab79b92f7@group-AF49A4A4CA2A: changes role from  FOLLOWER to CANDIDATE at term 215 for changeToCandidate
2019-10-23 12:36:32,779 [Thread-1551] INFO  impl.RoleInfo (RoleInfo.java:updateAndGet(143)) - 279bca68-3e74-4690-81cf-da5ab79b92f7: start LeaderElection
2019-10-23 12:36:32,794 [279bca68-3e74-4690-81cf-da5ab79b92f7@group-AF49A4A4CA2A-LeaderElection201] INFO  impl.LeaderElection (LeaderElection.java:askForVotes(178)) - 279bca68-3e74-4690-81cf-da5ab79b92f7@group-AF49A4A4CA2A-LeaderElection201: begin an election at term 216 for -1: [daebe4f8-0ad9-4eb2-8ed7-3a8051847eb6:192.168.69.118:44860, 389d5540-641f-48c2-a9df-60738dbad976:192.168.69.118:45712, 279bca68-3e74-4690-81cf-da5ab79b92f7:192.168.69.118:45510], old=null
2019-10-23 12:36:32,796 [grpc-default-executor-3] INFO  impl.RaftServerImpl (RaftServerImpl.java:setRole(184)) - daebe4f8-0ad9-4eb2-8ed7-3a8051847eb6@group-AF49A4A4CA2A: changes role from  FOLLOWER to FOLLOWER at term 216 for recognizeCandidate:279bca68-3e74-4690-81cf-da5ab79b92f7
2019-10-23 12:36:32,796 [grpc-default-executor-3] INFO  impl.RoleInfo (RoleInfo.java:shutdownFollowerState(121)) - daebe4f8-0ad9-4eb2-8ed7-3a8051847eb6: shutdown FollowerState
2019-10-23 12:36:32,796 [grpc-default-executor-3] INFO  impl.RoleInfo (RoleInfo.java:updateAndGet(143)) - daebe4f8-0ad9-4eb2-8ed7-3a8051847eb6: start FollowerState
2019-10-23 12:36:32,797 [grpc-default-executor-0] INFO  impl.RaftServerImpl (RaftServerImpl.java:setRole(184)) - 389d5540-641f-48c2-a9df-60738dbad976@group-AF49A4A4CA2A: changes role from  FOLLOWER to FOLLOWER at term 216 for recognizeCandidate:279bca68-3e74-4690-81cf-da5ab79b92f7
2019-10-23 12:36:32,797 [grpc-default-executor-0] INFO  impl.RoleInfo (RoleInfo.java:shutdownFollowerState(121)) - 389d5540-641f-48c2-a9df-60738dbad976: shutdown FollowerState
2019-10-23 12:36:32,796 [Thread-1549] INFO  impl.FollowerState (FollowerState.java:run(117)) - daebe4f8-0ad9-4eb2-8ed7-3a8051847eb6@group-AF49A4A4CA2A-FollowerState was interrupted: java.lang.InterruptedException: sleep interrupted
2019-10-23 12:36:32,797 [Thread-1550] INFO  impl.FollowerState (FollowerState.java:run(117)) - 389d5540-641f-48c2-a9df-60738dbad976@group-AF49A4A4CA2A-FollowerState was interrupted: java.lang.InterruptedException: sleep interrupted
2019-10-23 12:36:32,797 [grpc-default-executor-0] INFO  impl.RoleInfo (RoleInfo.java:updateAndGet(143)) - 389d5540-641f-48c2-a9df-60738dbad976: start FollowerState
2019-10-23 12:36:32,811 [279bca68-3e74-4690-81cf-da5ab79b92f7@group-AF49A4A4CA2A-LeaderElection201] INFO  impl.LeaderElection (LeaderElection.java:logAndReturn(56)) - 279bca68-3e74-4690-81cf-da5ab79b92f7@group-AF49A4A4CA2A-LeaderElection201: Election REJECTED; received 2 response(s) [279bca68-3e74-4690-81cf-da5ab79b92f7<-daebe4f8-0ad9-4eb2-8ed7-3a8051847eb6#0:FAIL-t216, 279bca68-3e74-4690-81cf-da5ab79b92f7<-389d5540-641f-48c2-a9df-60738dbad976#0:FAIL-t216] and 0 exception(s); 279bca68-3e74-4690-81cf-da5ab79b92f7@group-AF49A4A4CA2A:t216, leader=null, voted=279bca68-3e74-4690-81cf-da5ab79b92f7, raftlog=279bca68-3e74-4690-81cf-da5ab79b92f7@group-AF49A4A4CA2A-SegmentedRaftLog:OPENED:c-1,f-1,i0, conf=-1: [daebe4f8-0ad9-4eb2-8ed7-3a8051847eb6:192.168.69.118:44860, 389d5540-641f-48c2-a9df-60738dbad976:192.168.69.118:45712, 279bca68-3e74-4690-81cf-da5ab79b92f7:192.168.69.118:45510], old=null
2019-10-23 12:36:32,812 [279bca68-3e74-4690-81cf-da5ab79b92f7@group-AF49A4A4CA2A-LeaderElection201] INFO  impl.RaftServerImpl (RaftServerImpl.java:setRole(184)) - 279bca68-3e74-4690-81cf-da5ab79b92f7@group-AF49A4A4CA2A: changes role from CANDIDATE to FOLLOWER at term 216 for DISCOVERED_A_NEW_TERM
2019-10-23 12:36:32,812 [279bca68-3e74-4690-81cf-da5ab79b92f7@group-AF49A4A4CA2A-LeaderElection201] INFO  impl.RoleInfo (RoleInfo.java:shutdownLeaderElection(134)) - 279bca68-3e74-4690-81cf-da5ab79b92f7: shutdown LeaderElection
2019-10-23 12:36:32,812 [279bca68-3e74-4690-81cf-da5ab79b92f7@group-AF49A4A4CA2A-LeaderElection201] INFO  impl.RoleInfo (RoleInfo.java:updateAndGet(143)) - 279bca68-3e74-4690-81cf-da5ab79b92f7: start FollowerState
2019-10-23 12:36:32,942 [Thread-1557] INFO  impl.FollowerState (FollowerState.java:run(108)) - 279bca68-3e74-4690-81cf-da5ab79b92f7@group-AF49A4A4CA2A-FollowerState: change to CANDIDATE, lastRpcTime:130ms, electionTimeout:130ms
2019-10-23 12:36:32,942 [Thread-1557] INFO  impl.RoleInfo (RoleInfo.java:shutdownFollowerState(121)) - 279bca68-3e74-4690-81cf-da5ab79b92f7: shutdown FollowerState
2019-10-23 12:36:32,943 [Thread-1557] INFO  impl.RaftServerImpl (RaftServerImpl.java:setRole(184)) - 279bca68-3e74-4690-81cf-da5ab79b92f7@group-AF49A4A4CA2A: changes role from  FOLLOWER to CANDIDATE at term 216 for changeToCandidate
2019-10-23 12:36:32,943 [Thread-1557] INFO  impl.RoleInfo (RoleInfo.java:updateAndGet(143)) - 279bca68-3e74-4690-81cf-da5ab79b92f7: start LeaderElection
2019-10-23 12:36:32,957 [279bca68-3e74-4690-81cf-da5ab79b92f7@group-AF49A4A4CA2A-LeaderElection202] INFO  impl.LeaderElection (LeaderElection.java:askForVotes(178)) - 279bca68-3e74-4690-81cf-da5ab79b92f7@group-AF49A4A4CA2A-LeaderElection202: begin an election at term 217 for -1: [daebe4f8-0ad9-4eb2-8ed7-3a8051847eb6:192.168.69.118:44860, 389d5540-641f-48c2-a9df-60738dbad976:192.168.69.118:45712, 279bca68-3e74-4690-81cf-da5ab79b92f7:192.168.69.118:45510], old=null
2019-10-23 12:36:32,959 [grpc-default-executor-0] INFO  impl.RaftServerImpl (RaftServerImpl.java:setRole(184)) - 389d5540-641f-48c2-a9df-60738dbad976@group-AF49A4A4CA2A: changes role from  FOLLOWER to FOLLOWER at term 217 for recognizeCandidate:279bca68-3e74-4690-81cf-da5ab79b92f7
2019-10-23 12:36:32,960 [grpc-default-executor-0] INFO  impl.RoleInfo (RoleInfo.java:shutdownFollowerState(121)) - 389d5540-641f-48c2-a9df-60738dbad976: shutdown FollowerState
2019-10-23 12:36:32,960 [grpc-default-executor-0] INFO  impl.RoleInfo (RoleInfo.java:updateAndGet(143)) - 389d5540-641f-48c2-a9df-60738dbad976: start FollowerState
2019-10-23 12:36:32,960 [grpc-default-executor-3] INFO  impl.RaftServerImpl (RaftServerImpl.java:setRole(184)) - daebe4f8-0ad9-4eb2-8ed7-3a8051847eb6@group-AF49A4A4CA2A: changes role from  FOLLOWER to FOLLOWER at term 217 for recognizeCandidate:279bca68-3e74-4690-81cf-da5ab79b92f7
2019-10-23 12:36:32,960 [grpc-default-executor-3] INFO  impl.RoleInfo (RoleInfo.java:shutdownFollowerState(121)) - daebe4f8-0ad9-4eb2-8ed7-3a8051847eb6: shutdown FollowerState
2019-10-23 12:36:32,960 [Thread-1556] INFO  impl.FollowerState (FollowerState.java:run(117)) - 389d5540-641f-48c2-a9df-60738dbad976@group-AF49A4A4CA2A-FollowerState was interrupted: java.lang.InterruptedException: sleep interrupted
2019-10-23 12:36:32,960 [Thread-1555] INFO  impl.FollowerState (FollowerState.java:run(117)) - daebe4f8-0ad9-4eb2-8ed7-3a8051847eb6@group-AF49A4A4CA2A-FollowerState was interrupted: java.lang.InterruptedException: sleep interrupted
2019-10-23 12:36:32,960 [grpc-default-executor-3] INFO  impl.RoleInfo (RoleInfo.java:updateAndGet(143)) - daebe4f8-0ad9-4eb2-8ed7-3a8051847eb6: start FollowerState
2019-10-23 12:36:32,966 [279bca68-3e74-4690-81cf-da5ab79b92f7@group-AF49A4A4CA2A-LeaderElection202] INFO  impl.LeaderElection (LeaderElection.java:logAndReturn(56)) - 279bca68-3e74-4690-81cf-da5ab79b92f7@group-AF49A4A4CA2A-LeaderElection202: Election TIMEOUT; received 0 response(s) [] and 0 exception(s); 279bca68-3e74-4690-81cf-da5ab79b92f7@group-AF49A4A4CA2A:t217, leader=null, voted=279bca68-3e74-4690-81cf-da5ab79b92f7, raftlog=279bca68-3e74-4690-81cf-da5ab79b92f7@group-AF49A4A4CA2A-SegmentedRaftLog:OPENED:c-1,f-1,i0, conf=-1: [daebe4f8-0ad9-4eb2-8ed7-3a8051847eb6:192.168.69.118:44860, 389d5540-641f-48c2-a9df-60738dbad976:192.168.69.118:45712, 279bca68-3e74-4690-81cf-da5ab79b92f7:192.168.69.118:45510], old=null
2019-10-23 12:36:32,974 [279bca68-3e74-4690-81cf-da5ab79b92f7@group-AF49A4A4CA2A-LeaderElection202] INFO  impl.LeaderElection (LeaderElection.java:askForVotes(178)) - 279bca68-3e74-4690-81cf-da5ab79b92f7@group-AF49A4A4CA2A-LeaderElection202: begin an election at term 218 for -1: [daebe4f8-0ad9-4eb2-8ed7-3a8051847eb6:192.168.69.118:44860, 389d5540-641f-48c2-a9df-60738dbad976:192.168.69.118:45712, 279bca68-3e74-4690-81cf-da5ab79b92f7:192.168.69.118:45510], old=null
2019-10-23 12:36:32,976 [grpc-default-executor-0] INFO  impl.RaftServerImpl (RaftServerImpl.java:setRole(184)) - daebe4f8-0ad9-4eb2-8ed7-3a8051847eb6@group-AF49A4A4CA2A: changes role from  FOLLOWER to FOLLOWER at term 218 for recognizeCandidate:279bca68-3e74-4690-81cf-da5ab79b92f7
2019-10-23 12:36:32,976 [grpc-default-executor-0] INFO  impl.RoleInfo (RoleInfo.java:shutdownFollowerState(121)) - daebe4f8-0ad9-4eb2-8ed7-3a8051847eb6: shutdown FollowerState
2019-10-23 12:36:32,976 [grpc-default-executor-0] INFO  impl.RoleInfo (RoleInfo.java:updateAndGet(143)) - daebe4f8-0ad9-4eb2-8ed7-3a8051847eb6: start FollowerState
2019-10-23 12:36:32,976 [Thread-1562] INFO  impl.FollowerState (FollowerState.java:run(117)) - daebe4f8-0ad9-4eb2-8ed7-3a8051847eb6@group-AF49A4A4CA2A-FollowerState was interrupted: java.lang.InterruptedException: sleep interrupted
2019-10-23 12:36:32,977 [grpc-default-executor-3] INFO  impl.RaftServerImpl (RaftServerImpl.java:setRole(184)) - 389d5540-641f-48c2-a9df-60738dbad976@group-AF49A4A4CA2A: changes role from  FOLLOWER to FOLLOWER at term 218 for recognizeCandidate:279bca68-3e74-4690-81cf-da5ab79b92f7
2019-10-23 12:36:32,977 [grpc-default-executor-3] INFO  impl.RoleInfo (RoleInfo.java:shutdownFollowerState(121)) - 389d5540-641f-48c2-a9df-60738dbad976: shutdown FollowerState
2019-10-23 12:36:32,977 [grpc-default-executor-3] INFO  impl.RoleInfo (RoleInfo.java:updateAndGet(143)) - 389d5540-641f-48c2-a9df-60738dbad976: start FollowerState
2019-10-23 12:36:32,977 [Thread-1561] INFO  impl.FollowerState (FollowerState.java:run(117)) - 389d5540-641f-48c2-a9df-60738dbad976@group-AF49A4A4CA2A-FollowerState was interrupted: java.lang.InterruptedException: sleep interrupted
2019-10-23 12:36:32,991 [279bca68-3e74-4690-81cf-da5ab79b92f7@group-AF49A4A4CA2A-LeaderElection202] INFO  impl.LeaderElection (LeaderElection.java:logAndReturn(56)) - 279bca68-3e74-4690-81cf-da5ab79b92f7@group-AF49A4A4CA2A-LeaderElection202: Election REJECTED; received 2 response(s) [279bca68-3e74-4690-81cf-da5ab79b92f7<-daebe4f8-0ad9-4eb2-8ed7-3a8051847eb6#0:FAIL-t218, 279bca68-3e74-4690-81cf-da5ab79b92f7<-389d5540-641f-48c2-a9df-60738dbad976#0:FAIL-t218] and 0 exception(s); 279bca68-3e74-4690-81cf-da5ab79b92f7@group-AF49A4A4CA2A:t218, leader=null, voted=279bca68-3e74-4690-81cf-da5ab79b92f7, raftlog=279bca68-3e74-4690-81cf-da5ab79b92f7@group-AF49A4A4CA2A-SegmentedRaftLog:OPENED:c-1,f-1,i0, conf=-1: [daebe4f8-0ad9-4eb2-8ed7-3a8051847eb6:192.168.69.118:44860, 389d5540-641f-48c2-a9df-60738dbad976:192.168.69.118:45712, 279bca68-3e74-4690-81cf-da5ab79b92f7:192.168.69.118:45510], old=null
2019-10-23 12:36:32,991 [279bca68-3e74-4690-81cf-da5ab79b92f7@group-AF49A4A4CA2A-LeaderElection202] INFO  impl.RaftServerImpl (RaftServerImpl.java:setRole(184)) - 279bca68-3e74-4690-81cf-da5ab79b92f7@group-AF49A4A4CA2A: changes role from CANDIDATE to FOLLOWER at term 218 for DISCOVERED_A_NEW_TERM
2019-10-23 12:36:32,991 [279bca68-3e74-4690-81cf-da5ab79b92f7@group-AF49A4A4CA2A-LeaderElection202] INFO  impl.RoleInfo (RoleInfo.java:shutdownLeaderElection(134)) - 279bca68-3e74-4690-81cf-da5ab79b92f7: shutdown LeaderElection
2019-10-23 12:36:32,991 [279bca68-3e74-4690-81cf-da5ab79b92f7@group-AF49A4A4CA2A-LeaderElection202] INFO  impl.RoleInfo (RoleInfo.java:updateAndGet(143)) - 279bca68-3e74-4690-81cf-da5ab79b92f7: start FollowerState
2019-10-23 12:36:32,999 [Thread-1567] INFO  impl.FollowerState (FollowerState.java:run(108)) - 279bca68-3e74-4690-81cf-da5ab79b92f7@group-AF49A4A4CA2A-FollowerState: change to CANDIDATE, lastRpcTime:7ms, electionTimeout:7ms
2019-10-23 12:36:32,999 [Thread-1567] INFO  impl.RoleInfo (RoleInfo.java:shutdownFollowerState(121)) - 279bca68-3e74-4690-81cf-da5ab79b92f7: shutdown FollowerState
2019-10-23 12:36:32,999 [Thread-1567] INFO  impl.RaftServerImpl (RaftServerImpl.java:setRole(184)) - 279bca68-3e74-4690-81cf-da5ab79b92f7@group-AF49A4A4CA2A: changes role from  FOLLOWER to CANDIDATE at term 218 for changeToCandidate
2019-10-23 12:36:32,999 [Thread-1567] INFO  impl.RoleInfo (RoleInfo.java:updateAndGet(143)) - 279bca68-3e74-4690-81cf-da5ab79b92f7: start LeaderElection
2019-10-23 12:36:33,013 [279bca68-3e74-4690-81cf-da5ab79b92f7@group-AF49A4A4CA2A-LeaderElection203] INFO  impl.LeaderElection (LeaderElection.java:askForVotes(178)) - 279bca68-3e74-4690-81cf-da5ab79b92f7@group-AF49A4A4CA2A-LeaderElection203: begin an election at term 219 for -1: [daebe4f8-0ad9-4eb2-8ed7-3a8051847eb6:192.168.69.118:44860, 389d5540-641f-48c2-a9df-60738dbad976:192.168.69.118:45712, 279bca68-3e74-4690-81cf-da5ab79b92f7:192.168.69.118:45510], old=null
2019-10-23 12:36:33,014 [grpc-default-executor-3] INFO  impl.RaftServerImpl (RaftServerImpl.java:setRole(184)) - daebe4f8-0ad9-4eb2-8ed7-3a8051847eb6@group-AF49A4A4CA2A: changes role from  FOLLOWER to FOLLOWER at term 219 for recognizeCandidate:279bca68-3e74-4690-81cf-da5ab79b92f7
2019-10-23 12:36:33,014 [grpc-default-executor-3] INFO  impl.RoleInfo (RoleInfo.java:shutdownFollowerState(121)) - daebe4f8-0ad9-4eb2-8ed7-3a8051847eb6: shutdown FollowerState
2019-10-23 12:36:33,014 [grpc-default-executor-0] INFO  impl.RaftServerImpl (RaftServerImpl.java:setRole(184)) - 389d5540-641f-48c2-a9df-60738dbad976@group-AF49A4A4CA2A: changes role from  FOLLOWER to FOLLOWER at term 219 for recognizeCandidate:279bca68-3e74-4690-81cf-da5ab79b92f7
2019-10-23 12:36:33,015 [grpc-default-executor-0] INFO  impl.RoleInfo (RoleInfo.java:shutdownFollowerState(121)) - 389d5540-641f-48c2-a9df-60738dbad976: shutdown FollowerState
2019-10-23 12:36:33,015 [Thread-1565] INFO  impl.FollowerState (FollowerState.java:run(117)) - daebe4f8-0ad9-4eb2-8ed7-3a8051847eb6@group-AF49A4A4CA2A-FollowerState was interrupted: java.lang.InterruptedException: sleep interrupted
2019-10-23 12:36:33,015 [Thread-1566] INFO  impl.FollowerState (FollowerState.java:run(117)) - 389d5540-641f-48c2-a9df-60738dbad976@group-AF49A4A4CA2A-FollowerState was interrupted: java.lang.InterruptedException: sleep interrupted
2019-10-23 12:36:33,015 [grpc-default-executor-3] INFO  impl.RoleInfo (RoleInfo.java:updateAndGet(143)) - daebe4f8-0ad9-4eb2-8ed7-3a8051847eb6: start FollowerState
2019-10-23 12:36:33,015 [grpc-default-executor-0] INFO  impl.RoleInfo (RoleInfo.java:updateAndGet(143)) - 389d5540-641f-48c2-a9df-60738dbad976: start FollowerState
2019-10-23 12:36:33,030 [279bca68-3e74-4690-81cf-da5ab79b92f7@group-AF49A4A4CA2A-LeaderElection203] INFO  impl.LeaderElection (LeaderElection.java:logAndReturn(56)) - 279bca68-3e74-4690-81cf-da5ab79b92f7@group-AF49A4A4CA2A-LeaderElection203: Election REJECTED; received 2 response(s) [279bca68-3e74-4690-81cf-da5ab79b92f7<-daebe4f8-0ad9-4eb2-8ed7-3a8051847eb6#0:FAIL-t219, 279bca68-3e74-4690-81cf-da5ab79b92f7<-389d5540-641f-48c2-a9df-60738dbad976#0:FAIL-t219] and 0 exception(s); 279bca68-3e74-4690-81cf-da5ab79b92f7@group-AF49A4A4CA2A:t219, leader=null, voted=279bca68-3e74-4690-81cf-da5ab79b92f7, raftlog=279bca68-3e74-4690-81cf-da5ab79b92f7@group-AF49A4A4CA2A-SegmentedRaftLog:OPENED:c-1,f-1,i0, conf=-1: [daebe4f8-0ad9-4eb2-8ed7-3a8051847eb6:192.168.69.118:44860, 389d5540-641f-48c2-a9df-60738dbad976:192.168.69.118:45712, 279bca68-3e74-4690-81cf-da5ab79b92f7:192.168.69.118:45510], old=null
2019-10-23 12:36:33,030 [279bca68-3e74-4690-81cf-da5ab79b92f7@group-AF49A4A4CA2A-LeaderElection203] INFO  impl.RaftServerImpl (RaftServerImpl.java:setRole(184)) - 279bca68-3e74-4690-81cf-da5ab79b92f7@group-AF49A4A4CA2A: changes role from CANDIDATE to FOLLOWER at term 219 for DISCOVERED_A_NEW_TERM
2019-10-23 12:36:33,030 [279bca68-3e74-4690-81cf-da5ab79b92f7@group-AF49A4A4CA2A-LeaderElection203] INFO  impl.RoleInfo (RoleInfo.java:shutdownLeaderElection(134)) - 279bca68-3e74-4690-81cf-da5ab79b92f7: shutdown LeaderElection
2019-10-23 12:36:33,030 [279bca68-3e74-4690-81cf-da5ab79b92f7@group-AF49A4A4CA2A-LeaderElection203] INFO  impl.RoleInfo (RoleInfo.java:updateAndGet(143)) - 279bca68-3e74-4690-81cf-da5ab79b92f7: start FollowerState
2019-10-23 12:36:33,208 [Thread-1573] INFO  impl.FollowerState (FollowerState.java:run(108)) - 279bca68-3e74-4690-81cf-da5ab79b92f7@group-AF49A4A4CA2A-FollowerState: change to CANDIDATE, lastRpcTime:178ms, electionTimeout:178ms
2019-10-23 12:36:33,209 [Thread-1573] INFO  impl.RoleInfo (RoleInfo.java:shutdownFollowerState(121)) - 279bca68-3e74-4690-81cf-da5ab79b92f7: shutdown FollowerState
2019-10-23 12:36:33,209 [Thread-1573] INFO  impl.RaftServerImpl (RaftServerImpl.java:setRole(184)) - 279bca68-3e74-4690-81cf-da5ab79b92f7@group-AF49A4A4CA2A: changes role from  FOLLOWER to CANDIDATE at term 219 for changeToCandidate
2019-10-23 12:36:33,209 [Thread-1573] INFO  impl.RoleInfo (RoleInfo.java:updateAndGet(143)) - 279bca68-3e74-4690-81cf-da5ab79b92f7: start LeaderElection
2019-10-23 12:36:33,234 [279bca68-3e74-4690-81cf-da5ab79b92f7@group-AF49A4A4CA2A-LeaderElection204] INFO  impl.LeaderElection (LeaderElection.java:askForVotes(178)) - 279bca68-3e74-4690-81cf-da5ab79b92f7@group-AF49A4A4CA2A-LeaderElection204: begin an election at term 220 for -1: [daebe4f8-0ad9-4eb2-8ed7-3a8051847eb6:192.168.69.118:44860, 389d5540-641f-48c2-a9df-60738dbad976:192.168.69.118:45712, 279bca68-3e74-4690-81cf-da5ab79b92f7:192.168.69.118:45510], old=null
2019-10-23 12:36:33,236 [grpc-default-executor-3] INFO  impl.RaftServerImpl (RaftServerImpl.java:setRole(184)) - daebe4f8-0ad9-4eb2-8ed7-3a8051847eb6@group-AF49A4A4CA2A: changes role from  FOLLOWER to FOLLOWER at term 220 for recognizeCandidate:279bca68-3e74-4690-81cf-da5ab79b92f7
2019-10-23 12:36:33,236 [grpc-default-executor-0] INFO  impl.RaftServerImpl (RaftServerImpl.java:setRole(184)) - 389d5540-641f-48c2-a9df-60738dbad976@group-AF49A4A4CA2A: changes role from  FOLLOWER to FOLLOWER at term 220 for recognizeCandidate:279bca68-3e74-4690-81cf-da5ab79b92f7
2019-10-23 12:36:33,236 [grpc-default-executor-3] INFO  impl.RoleInfo (RoleInfo.java:shutdownFollowerState(121)) - daebe4f8-0ad9-4eb2-8ed7-3a8051847eb6: shutdown FollowerState
2019-10-23 12:36:33,236 [grpc-default-executor-0] INFO  impl.RoleInfo (RoleInfo.java:shutdownFollowerState(121)) - 389d5540-641f-48c2-a9df-60738dbad976: shutdown FollowerState
2019-10-23 12:36:33,237 [Thread-1571] INFO  impl.FollowerState (FollowerState.java:run(117)) - daebe4f8-0ad9-4eb2-8ed7-3a8051847eb6@group-AF49A4A4CA2A-FollowerState was interrupted: java.lang.InterruptedException: sleep interrupted
2019-10-23 12:36:33,237 [grpc-default-executor-3] INFO  impl.RoleInfo (RoleInfo.java:updateAndGet(143)) - daebe4f8-0ad9-4eb2-8ed7-3a8051847eb6: start FollowerState
2019-10-23 12:36:33,237 [Thread-1572] INFO  impl.FollowerState (FollowerState.java:run(117)) - 389d5540-641f-48c2-a9df-60738dbad976@group-AF49A4A4CA2A-FollowerState was interrupted: java.lang.InterruptedException: sleep interrupted
2019-10-23 12:36:33,237 [grpc-default-executor-0] INFO  impl.RoleInfo (RoleInfo.java:updateAndGet(143)) - 389d5540-641f-48c2-a9df-60738dbad976: start FollowerState
2019-10-23 12:36:33,251 [279bca68-3e74-4690-81cf-da5ab79b92f7@group-AF49A4A4CA2A-LeaderElection204] INFO  impl.LeaderElection (LeaderElection.java:logAndReturn(56)) - 279bca68-3e74-4690-81cf-da5ab79b92f7@group-AF49A4A4CA2A-LeaderElection204: Election REJECTED; received 2 response(s) [279bca68-3e74-4690-81cf-da5ab79b92f7<-daebe4f8-0ad9-4eb2-8ed7-3a8051847eb6#0:FAIL-t220, 279bca68-3e74-4690-81cf-da5ab79b92f7<-389d5540-641f-48c2-a9df-60738dbad976#0:FAIL-t220] and 0 exception(s); 279bca68-3e74-4690-81cf-da5ab79b92f7@group-AF49A4A4CA2A:t220, leader=null, voted=279bca68-3e74-4690-81cf-da5ab79b92f7, raftlog=279bca68-3e74-4690-81cf-da5ab79b92f7@group-AF49A4A4CA2A-SegmentedRaftLog:OPENED:c-1,f-1,i0, conf=-1: [daebe4f8-0ad9-4eb2-8ed7-3a8051847eb6:192.168.69.118:44860, 389d5540-641f-48c2-a9df-60738dbad976:192.168.69.118:45712, 279bca68-3e74-4690-81cf-da5ab79b92f7:192.168.69.118:45510], old=null
2019-10-23 12:36:33,252 [279bca68-3e74-4690-81cf-da5ab79b92f7@group-AF49A4A4CA2A-LeaderElection204] INFO  impl.RaftServerImpl (RaftServerImpl.java:setRole(184)) - 279bca68-3e74-4690-81cf-da5ab79b92f7@group-AF49A4A4CA2A: changes role from CANDIDATE to FOLLOWER at term 220 for DISCOVERED_A_NEW_TERM
2019-10-23 12:36:33,252 [279bca68-3e74-4690-81cf-da5ab79b92f7@group-AF49A4A4CA2A-LeaderElection204] INFO  impl.RoleInfo (RoleInfo.java:shutdownLeaderElection(134)) - 279bca68-3e74-4690-81cf-da5ab79b92f7: shutdown LeaderElection
2019-10-23 12:36:33,252 [279bca68-3e74-4690-81cf-da5ab79b92f7@group-AF49A4A4CA2A-LeaderElection204] INFO  impl.RoleInfo (RoleInfo.java:updateAndGet(143)) - 279bca68-3e74-4690-81cf-da5ab79b92f7: start FollowerState
2019-10-23 12:36:33,271 [Thread-1581] INFO  impl.FollowerState (FollowerState.java:run(108)) - 279bca68-3e74-4690-81cf-da5ab79b92f7@group-AF49A4A4CA2A-FollowerState: change to CANDIDATE, lastRpcTime:19ms, electionTimeout:19ms
2019-10-23 12:36:33,271 [Thread-1581] INFO  impl.RoleInfo (RoleInfo.java:shutdownFollowerState(121)) - 279bca68-3e74-4690-81cf-da5ab79b92f7: shutdown FollowerState
2019-10-23 12:36:33,271 [Thread-1581] INFO  impl.RaftServerImpl (RaftServerImpl.java:setRole(184)) - 279bca68-3e74-4690-81cf-da5ab79b92f7@group-AF49A4A4CA2A: changes role from  FOLLOWER to CANDIDATE at term 220 for changeToCandidate
2019-10-23 12:36:33,272 [Thread-1581] INFO  impl.RoleInfo (RoleInfo.java:updateAndGet(143)) - 279bca68-3e74-4690-81cf-da5ab79b92f7: start LeaderElection
2019-10-23 12:36:33,285 [279bca68-3e74-4690-81cf-da5ab79b92f7@group-AF49A4A4CA2A-LeaderElection205] INFO  impl.LeaderElection (LeaderElection.java:askForVotes(178)) - 279bca68-3e74-4690-81cf-da5ab79b92f7@group-AF49A4A4CA2A-LeaderElection205: begin an election at term 221 for -1: [daebe4f8-0ad9-4eb2-8ed7-3a8051847eb6:192.168.69.118:44860, 389d5540-641f-48c2-a9df-60738dbad976:192.168.69.118:45712, 279bca68-3e74-4690-81cf-da5ab79b92f7:192.168.69.118:45510], old=null
2019-10-23 12:36:33,287 [grpc-default-executor-0] INFO  impl.RaftServerImpl (RaftServerImpl.java:setRole(184)) - daebe4f8-0ad9-4eb2-8ed7-3a8051847eb6@group-AF49A4A4CA2A: changes role from  FOLLOWER to FOLLOWER at term 221 for recognizeCandidate:279bca68-3e74-4690-81cf-da5ab79b92f7
2019-10-23 12:36:33,287 [grpc-default-executor-0] INFO  impl.RoleInfo (RoleInfo.java:shutdownFollowerState(121)) - daebe4f8-0ad9-4eb2-8ed7-3a8051847eb6: shutdown FollowerState
2019-10-23 12:36:33,287 [grpc-default-executor-3] INFO  impl.RaftServerImpl (RaftServerImpl.java:setRole(184)) - 389d5540-641f-48c2-a9df-60738dbad976@group-AF49A4A4CA2A: changes role from  FOLLOWER to FOLLOWER at term 221 for recognizeCandidate:279bca68-3e74-4690-81cf-da5ab79b92f7
2019-10-23 12:36:33,287 [grpc-default-executor-3] INFO  impl.RoleInfo (RoleInfo.java:shutdownFollowerState(121)) - 389d5540-641f-48c2-a9df-60738dbad976: shutdown FollowerState
2019-10-23 12:36:33,287 [Thread-1579] INFO  impl.FollowerState (FollowerState.java:run(117)) - daebe4f8-0ad9-4eb2-8ed7-3a8051847eb6@group-AF49A4A4CA2A-FollowerState was interrupted: java.lang.InterruptedException: sleep interrupted
2019-10-23 12:36:33,287 [grpc-default-executor-0] INFO  impl.RoleInfo (RoleInfo.java:updateAndGet(143)) - daebe4f8-0ad9-4eb2-8ed7-3a8051847eb6: start FollowerState
2019-10-23 12:36:33,288 [Thread-1580] INFO  impl.FollowerState (FollowerState.java:run(117)) - 389d5540-641f-48c2-a9df-60738dbad976@group-AF49A4A4CA2A-FollowerState was interrupted: java.lang.InterruptedException: sleep interrupted
2019-10-23 12:36:33,287 [grpc-default-executor-3] INFO  impl.RoleInfo (RoleInfo.java:updateAndGet(143)) - 389d5540-641f-48c2-a9df-60738dbad976: start FollowerState
2019-10-23 12:36:33,302 [279bca68-3e74-4690-81cf-da5ab79b92f7@group-AF49A4A4CA2A-LeaderElection205] INFO  impl.LeaderElection (LeaderElection.java:logAndReturn(56)) - 279bca68-3e74-4690-81cf-da5ab79b92f7@group-AF49A4A4CA2A-LeaderElection205: Election REJECTED; received 2 response(s) [279bca68-3e74-4690-81cf-da5ab79b92f7<-daebe4f8-0ad9-4eb2-8ed7-3a8051847eb6#0:FAIL-t221, 279bca68-3e74-4690-81cf-da5ab79b92f7<-389d5540-641f-48c2-a9df-60738dbad976#0:FAIL-t221] and 0 exception(s); 279bca68-3e74-4690-81cf-da5ab79b92f7@group-AF49A4A4CA2A:t221, leader=null, voted=279bca68-3e74-4690-81cf-da5ab79b92f7, raftlog=279bca68-3e74-4690-81cf-da5ab79b92f7@group-AF49A4A4CA2A-SegmentedRaftLog:OPENED:c-1,f-1,i0, conf=-1: [daebe4f8-0ad9-4eb2-8ed7-3a8051847eb6:192.168.69.118:44860, 389d5540-641f-48c2-a9df-60738dbad976:192.168.69.118:45712, 279bca68-3e74-4690-81cf-da5ab79b92f7:192.168.69.118:45510], old=null
2019-10-23 12:36:33,302 [279bca68-3e74-4690-81cf-da5ab79b92f7@group-AF49A4A4CA2A-LeaderElection205] INFO  impl.RaftServerImpl (RaftServerImpl.java:setRole(184)) - 279bca68-3e74-4690-81cf-da5ab79b92f7@group-AF49A4A4CA2A: changes role from CANDIDATE to FOLLOWER at term 221 for DISCOVERED_A_NEW_TERM
2019-10-23 12:36:33,302 [279bca68-3e74-4690-81cf-da5ab79b92f7@group-AF49A4A4CA2A-LeaderElection205] INFO  impl.RoleInfo (RoleInfo.java:shutdownLeaderElection(134)) - 279bca68-3e74-4690-81cf-da5ab79b92f7: shutdown LeaderElection
2019-10-23 12:36:33,302 [279bca68-3e74-4690-81cf-da5ab79b92f7@group-AF49A4A4CA2A-LeaderElection205] INFO  impl.RoleInfo (RoleInfo.java:updateAndGet(143)) - 279bca68-3e74-4690-81cf-da5ab79b92f7: start FollowerState
2019-10-23 12:36:33,379 [Thread-1587] INFO  impl.FollowerState (FollowerState.java:run(108)) - 279bca68-3e74-4690-81cf-da5ab79b92f7@group-AF49A4A4CA2A-FollowerState: change to CANDIDATE, lastRpcTime:76ms, electionTimeout:76ms
2019-10-23 12:36:33,379 [Thread-1587] INFO  impl.RoleInfo (RoleInfo.java:shutdownFollowerState(121)) - 279bca68-3e74-4690-81cf-da5ab79b92f7: shutdown FollowerState
2019-10-23 12:36:33,379 [Thread-1587] INFO  impl.RaftServerImpl (RaftServerImpl.java:setRole(184)) - 279bca68-3e74-4690-81cf-da5ab79b92f7@group-AF49A4A4CA2A: changes role from  FOLLOWER to CANDIDATE at term 221 for changeToCandidate
2019-10-23 12:36:33,379 [Thread-1587] INFO  impl.RoleInfo (RoleInfo.java:updateAndGet(143)) - 279bca68-3e74-4690-81cf-da5ab79b92f7: start LeaderElection
2019-10-23 12:36:33,405 [279bca68-3e74-4690-81cf-da5ab79b92f7@group-AF49A4A4CA2A-LeaderElection206] INFO  impl.LeaderElection (LeaderElection.java:askForVotes(178)) - 279bca68-3e74-4690-81cf-da5ab79b92f7@group-AF49A4A4CA2A-LeaderElection206: begin an election at term 222 for -1: [daebe4f8-0ad9-4eb2-8ed7-3a8051847eb6:192.168.69.118:44860, 389d5540-641f-48c2-a9df-60738dbad976:192.168.69.118:45712, 279bca68-3e74-4690-81cf-da5ab79b92f7:192.168.69.118:45510], old=null
2019-10-23 12:36:33,408 [grpc-default-executor-3] INFO  impl.RaftServerImpl (RaftServerImpl.java:setRole(184)) - daebe4f8-0ad9-4eb2-8ed7-3a8051847eb6@group-AF49A4A4CA2A: changes role from  FOLLOWER to FOLLOWER at term 222 for recognizeCandidate:279bca68-3e74-4690-81cf-da5ab79b92f7
2019-10-23 12:36:33,408 [grpc-default-executor-0] INFO  impl.RaftServerImpl (RaftServerImpl.java:setRole(184)) - 389d5540-641f-48c2-a9df-60738dbad976@group-AF49A4A4CA2A: changes role from  FOLLOWER to FOLLOWER at term 222 for recognizeCandidate:279bca68-3e74-4690-81cf-da5ab79b92f7
2019-10-23 12:36:33,409 [grpc-default-executor-3] INFO  impl.RoleInfo (RoleInfo.java:shutdownFollowerState(121)) - daebe4f8-0ad9-4eb2-8ed7-3a8051847eb6: shutdown FollowerState
2019-10-23 12:36:33,409 [grpc-default-executor-0] INFO  impl.RoleInfo (RoleInfo.java:shutdownFollowerState(121)) - 389d5540-641f-48c2-a9df-60738dbad976: shutdown FollowerState
2019-10-23 12:36:33,409 [Thread-1585] INFO  impl.FollowerState (FollowerState.java:run(117)) - daebe4f8-0ad9-4eb2-8ed7-3a8051847eb6@group-AF49A4A4CA2A-FollowerState was interrupted: java.lang.InterruptedException: sleep interrupted
2019-10-23 12:36:33,409 [grpc-default-executor-3] INFO  impl.RoleInfo (RoleInfo.java:updateAndGet(143)) - daebe4f8-0ad9-4eb2-8ed7-3a8051847eb6: start FollowerState
2019-10-23 12:36:33,409 [Thread-1586] INFO  impl.FollowerState (FollowerState.java:run(117)) - 389d5540-641f-48c2-a9df-60738dbad976@group-AF49A4A4CA2A-FollowerState was interrupted: java.lang.InterruptedException: sleep interrupted
2019-10-23 12:36:33,409 [grpc-default-executor-0] INFO  impl.RoleInfo (RoleInfo.java:updateAndGet(143)) - 389d5540-641f-48c2-a9df-60738dbad976: start FollowerState
2019-10-23 12:36:33,424 [279bca68-3e74-4690-81cf-da5ab79b92f7@group-AF49A4A4CA2A-LeaderElection206] INFO  impl.LeaderElection (LeaderElection.java:logAndReturn(56)) - 279bca68-3e74-4690-81cf-da5ab79b92f7@group-AF49A4A4CA2A-LeaderElection206: Election REJECTED; received 2 response(s) [279bca68-3e74-4690-81cf-da5ab79b92f7<-daebe4f8-0ad9-4eb2-8ed7-3a8051847eb6#0:FAIL-t222, 279bca68-3e74-4690-81cf-da5ab79b92f7<-389d5540-641f-48c2-a9df-60738dbad976#0:FAIL-t222] and 0 exception(s); 279bca68-3e74-4690-81cf-da5ab79b92f7@group-AF49A4A4CA2A:t222, leader=null, voted=279bca68-3e74-4690-81cf-da5ab79b92f7, raftlog=279bca68-3e74-4690-81cf-da5ab79b92f7@group-AF49A4A4CA2A-SegmentedRaftLog:OPENED:c-1,f-1,i0, conf=-1: [daebe4f8-0ad9-4eb2-8ed7-3a8051847eb6:192.168.69.118:44860, 389d5540-641f-48c2-a9df-60738dbad976:192.168.69.118:45712, 279bca68-3e74-4690-81cf-da5ab79b92f7:192.168.69.118:45510], old=null
2019-10-23 12:36:33,424 [279bca68-3e74-4690-81cf-da5ab79b92f7@group-AF49A4A4CA2A-LeaderElection206] INFO  impl.RaftServerImpl (RaftServerImpl.java:setRole(184)) - 279bca68-3e74-4690-81cf-da5ab79b92f7@group-AF49A4A4CA2A: changes role from CANDIDATE to FOLLOWER at term 222 for DISCOVERED_A_NEW_TERM
2019-10-23 12:36:33,424 [279bca68-3e74-4690-81cf-da5ab79b92f7@group-AF49A4A4CA2A-LeaderElection206] INFO  impl.RoleInfo (RoleInfo.java:shutdownLeaderElection(134)) - 279bca68-3e74-4690-81cf-da5ab79b92f7: shutdown LeaderElection
2019-10-23 12:36:33,424 [279bca68-3e74-4690-81cf-da5ab79b92f7@group-AF49A4A4CA2A-LeaderElection206] INFO  impl.RoleInfo (RoleInfo.java:updateAndGet(143)) - 279bca68-3e74-4690-81cf-da5ab79b92f7: start FollowerState
2019-10-23 12:36:33,563 [Thread-1593] INFO  impl.FollowerState (FollowerState.java:run(108)) - 279bca68-3e74-4690-81cf-da5ab79b92f7@group-AF49A4A4CA2A-FollowerState: change to CANDIDATE, lastRpcTime:138ms, electionTimeout:138ms
2019-10-23 12:36:33,563 [Thread-1593] INFO  impl.RoleInfo (RoleInfo.java:shutdownFollowerState(121)) - 279bca68-3e74-4690-81cf-da5ab79b92f7: shutdown FollowerState
2019-10-23 12:36:33,563 [Thread-1593] INFO  impl.RaftServerImpl (RaftServerImpl.java:setRole(184)) - 279bca68-3e74-4690-81cf-da5ab79b92f7@group-AF49A4A4CA2A: changes role from  FOLLOWER to CANDIDATE at term 222 for changeToCandidate
2019-10-23 12:36:33,563 [Thread-1593] INFO  impl.RoleInfo (RoleInfo.java:updateAndGet(143)) - 279bca68-3e74-4690-81cf-da5ab79b92f7: start LeaderElection
2019-10-23 12:36:33,579 [279bca68-3e74-4690-81cf-da5ab79b92f7@group-AF49A4A4CA2A-LeaderElection207] INFO  impl.LeaderElection (LeaderElection.java:askForVotes(178)) - 279bca68-3e74-4690-81cf-da5ab79b92f7@group-AF49A4A4CA2A-LeaderElection207: begin an election at term 223 for -1: [daebe4f8-0ad9-4eb2-8ed7-3a8051847eb6:192.168.69.118:44860, 389d5540-641f-48c2-a9df-60738dbad976:192.168.69.118:45712, 279bca68-3e74-4690-81cf-da5ab79b92f7:192.168.69.118:45510], old=null
2019-10-23 12:36:33,581 [grpc-default-executor-0] INFO  impl.RaftServerImpl (RaftServerImpl.java:setRole(184)) - daebe4f8-0ad9-4eb2-8ed7-3a8051847eb6@group-AF49A4A4CA2A: changes role from  FOLLOWER to FOLLOWER at term 223 for recognizeCandidate:279bca68-3e74-4690-81cf-da5ab79b92f7
2019-10-23 12:36:33,581 [grpc-default-executor-0] INFO  impl.RoleInfo (RoleInfo.java:shutdownFollowerState(121)) - daebe4f8-0ad9-4eb2-8ed7-3a8051847eb6: shutdown FollowerState
2019-10-23 12:36:33,581 [grpc-default-executor-3] INFO  impl.RaftServerImpl (RaftServerImpl.java:setRole(184)) - 389d5540-641f-48c2-a9df-60738dbad976@group-AF49A4A4CA2A: changes role from  FOLLOWER to FOLLOWER at term 223 for recognizeCandidate:279bca68-3e74-4690-81cf-da5ab79b92f7
2019-10-23 12:36:33,582 [grpc-default-executor-3] INFO  impl.RoleInfo (RoleInfo.java:shutdownFollowerState(121)) - 389d5540-641f-48c2-a9df-60738dbad976: shutdown FollowerState
2019-10-23 12:36:33,582 [Thread-1591] INFO  impl.FollowerState (FollowerState.java:run(117)) - daebe4f8-0ad9-4eb2-8ed7-3a8051847eb6@group-AF49A4A4CA2A-FollowerState was interrupted: java.lang.InterruptedException: sleep interrupted
2019-10-23 12:36:33,581 [grpc-default-executor-0] INFO  impl.RoleInfo (RoleInfo.java:updateAndGet(143)) - daebe4f8-0ad9-4eb2-8ed7-3a8051847eb6: start FollowerState
2019-10-23 12:36:33,582 [Thread-1592] INFO  impl.FollowerState (FollowerState.java:run(117)) - 389d5540-641f-48c2-a9df-60738dbad976@group-AF49A4A4CA2A-FollowerState was interrupted: java.lang.InterruptedException: sleep interrupted
2019-10-23 12:36:33,582 [grpc-default-executor-3] INFO  impl.RoleInfo (RoleInfo.java:updateAndGet(143)) - 389d5540-641f-48c2-a9df-60738dbad976: start FollowerState
2019-10-23 12:36:33,588 [279bca68-3e74-4690-81cf-da5ab79b92f7@group-AF49A4A4CA2A-LeaderElection207] INFO  impl.LeaderElection (LeaderElection.java:logAndReturn(56)) - 279bca68-3e74-4690-81cf-da5ab79b92f7@group-AF49A4A4CA2A-LeaderElection207: Election TIMEOUT; received 0 response(s) [] and 0 exception(s); 279bca68-3e74-4690-81cf-da5ab79b92f7@group-AF49A4A4CA2A:t223, leader=null, voted=279bca68-3e74-4690-81cf-da5ab79b92f7, raftlog=279bca68-3e74-4690-81cf-da5ab79b92f7@group-AF49A4A4CA2A-SegmentedRaftLog:OPENED:c-1,f-1,i0, conf=-1: [daebe4f8-0ad9-4eb2-8ed7-3a8051847eb6:192.168.69.118:44860, 389d5540-641f-48c2-a9df-60738dbad976:192.168.69.118:45712, 279bca68-3e74-4690-81cf-da5ab79b92f7:192.168.69.118:45510], old=null
2019-10-23 12:36:33,607 [279bca68-3e74-4690-81cf-da5ab79b92f7@group-AF49A4A4CA2A-LeaderElection207] INFO  impl.LeaderElection (LeaderElection.java:askForVotes(178)) - 279bca68-3e74-4690-81cf-da5ab79b92f7@group-AF49A4A4CA2A-LeaderElection207: begin an election at term 224 for -1: [daebe4f8-0ad9-4eb2-8ed7-3a8051847eb6:192.168.69.118:44860, 389d5540-641f-48c2-a9df-60738dbad976:192.168.69.118:45712, 279bca68-3e74-4690-81cf-da5ab79b92f7:192.168.69.118:45510], old=null
2019-10-23 12:36:33,609 [grpc-default-executor-3] INFO  impl.RaftServerImpl (RaftServerImpl.java:setRole(184)) - daebe4f8-0ad9-4eb2-8ed7-3a8051847eb6@group-AF49A4A4CA2A: changes role from  FOLLOWER to FOLLOWER at term 224 for recognizeCandidate:279bca68-3e74-4690-81cf-da5ab79b92f7
2019-10-23 12:36:33,609 [grpc-default-executor-3] INFO  impl.RoleInfo (RoleInfo.java:shutdownFollowerState(121)) - daebe4f8-0ad9-4eb2-8ed7-3a8051847eb6: shutdown FollowerState
2019-10-23 12:36:33,609 [grpc-default-executor-0] INFO  impl.RaftServerImpl (RaftServerImpl.java:setRole(184)) - 389d5540-641f-48c2-a9df-60738dbad976@group-AF49A4A4CA2A: changes role from  FOLLOWER to FOLLOWER at term 224 for recognizeCandidate:279bca68-3e74-4690-81cf-da5ab79b92f7
2019-10-23 12:36:33,609 [Thread-1597] INFO  impl.FollowerState (FollowerState.java:run(117)) - daebe4f8-0ad9-4eb2-8ed7-3a8051847eb6@group-AF49A4A4CA2A-FollowerState was interrupted: java.lang.InterruptedException: sleep interrupted
2019-10-23 12:36:33,609 [grpc-default-executor-3] INFO  impl.RoleInfo (RoleInfo.java:updateAndGet(143)) - daebe4f8-0ad9-4eb2-8ed7-3a8051847eb6: start FollowerState
2019-10-23 12:36:33,609 [grpc-default-executor-0] INFO  impl.RoleInfo (RoleInfo.java:shutdownFollowerState(121)) - 389d5540-641f-48c2-a9df-60738dbad976: shutdown FollowerState
2019-10-23 12:36:33,610 [grpc-default-executor-0] INFO  impl.RoleInfo (RoleInfo.java:updateAndGet(143)) - 389d5540-641f-48c2-a9df-60738dbad976: start FollowerState
2019-10-23 12:36:33,610 [Thread-1598] INFO  impl.FollowerState (FollowerState.java:run(117)) - 389d5540-641f-48c2-a9df-60738dbad976@group-AF49A4A4CA2A-FollowerState was interrupted: java.lang.InterruptedException: sleep interrupted
2019-10-23 12:36:33,636 [279bca68-3e74-4690-81cf-da5ab79b92f7@group-AF49A4A4CA2A-LeaderElection207] INFO  impl.LeaderElection (LeaderElection.java:logAndReturn(56)) - 279bca68-3e74-4690-81cf-da5ab79b92f7@group-AF49A4A4CA2A-LeaderElection207: Election REJECTED; received 2 response(s) [279bca68-3e74-4690-81cf-da5ab79b92f7<-daebe4f8-0ad9-4eb2-8ed7-3a8051847eb6#0:FAIL-t224, 279bca68-3e74-4690-81cf-da5ab79b92f7<-389d5540-641f-48c2-a9df-60738dbad976#0:FAIL-t224] and 0 exception(s); 279bca68-3e74-4690-81cf-da5ab79b92f7@group-AF49A4A4CA2A:t224, leader=null, voted=279bca68-3e74-4690-81cf-da5ab79b92f7, raftlog=279bca68-3e74-4690-81cf-da5ab79b92f7@group-AF49A4A4CA2A-SegmentedRaftLog:OPENED:c-1,f-1,i0, conf=-1: [daebe4f8-0ad9-4eb2-8ed7-3a8051847eb6:192.168.69.118:44860, 389d5540-641f-48c2-a9df-60738dbad976:192.168.69.118:45712, 279bca68-3e74-4690-81cf-da5ab79b92f7:192.168.69.118:45510], old=null
2019-10-23 12:36:33,636 [279bca68-3e74-4690-81cf-da5ab79b92f7@group-AF49A4A4CA2A-LeaderElection207] INFO  impl.RaftServerImpl (RaftServerImpl.java:setRole(184)) - 279bca68-3e74-4690-81cf-da5ab79b92f7@group-AF49A4A4CA2A: changes role from CANDIDATE to FOLLOWER at term 224 for DISCOVERED_A_NEW_TERM
2019-10-23 12:36:33,636 [279bca68-3e74-4690-81cf-da5ab79b92f7@group-AF49A4A4CA2A-LeaderElection207] INFO  impl.RoleInfo (RoleInfo.java:shutdownLeaderElection(134)) - 279bca68-3e74-4690-81cf-da5ab79b92f7: shutdown LeaderElection
2019-10-23 12:36:33,636 [279bca68-3e74-4690-81cf-da5ab79b92f7@group-AF49A4A4CA2A-LeaderElection207] INFO  impl.RoleInfo (RoleInfo.java:updateAndGet(143)) - 279bca68-3e74-4690-81cf-da5ab79b92f7: start FollowerState
2019-10-23 12:36:33,803 [Thread-1603] INFO  impl.FollowerState (FollowerState.java:run(108)) - 279bca68-3e74-4690-81cf-da5ab79b92f7@group-AF49A4A4CA2A-FollowerState: change to CANDIDATE, lastRpcTime:166ms, electionTimeout:166ms
2019-10-23 12:36:33,803 [Thread-1603] INFO  impl.RoleInfo (RoleInfo.java:shutdownFollowerState(121)) - 279bca68-3e74-4690-81cf-da5ab79b92f7: shutdown FollowerState
2019-10-23 12:36:33,803 [Thread-1603] INFO  impl.RaftServerImpl (RaftServerImpl.java:setRole(184)) - 279bca68-3e74-4690-81cf-da5ab79b92f7@group-AF49A4A4CA2A: changes role from  FOLLOWER to CANDIDATE at term 224 for changeToCandidate
2019-10-23 12:36:33,803 [Thread-1603] INFO  impl.RoleInfo (RoleInfo.java:updateAndGet(143)) - 279bca68-3e74-4690-81cf-da5ab79b92f7: start LeaderElection
2019-10-23 12:36:33,825 [279bca68-3e74-4690-81cf-da5ab79b92f7@group-AF49A4A4CA2A-LeaderElection208] INFO  impl.LeaderElection (LeaderElection.java:askForVotes(178)) - 279bca68-3e74-4690-81cf-da5ab79b92f7@group-AF49A4A4CA2A-LeaderElection208: begin an election at term 225 for -1: [daebe4f8-0ad9-4eb2-8ed7-3a8051847eb6:192.168.69.118:44860, 389d5540-641f-48c2-a9df-60738dbad976:192.168.69.118:45712, 279bca68-3e74-4690-81cf-da5ab79b92f7:192.168.69.118:45510], old=null
2019-10-23 12:36:33,826 [grpc-default-executor-0] INFO  impl.RaftServerImpl (RaftServerImpl.java:setRole(184)) - daebe4f8-0ad9-4eb2-8ed7-3a8051847eb6@group-AF49A4A4CA2A: changes role from  FOLLOWER to FOLLOWER at term 225 for recognizeCandidate:279bca68-3e74-4690-81cf-da5ab79b92f7
2019-10-23 12:36:33,827 [grpc-default-executor-0] INFO  impl.RoleInfo (RoleInfo.java:shutdownFollowerState(121)) - daebe4f8-0ad9-4eb2-8ed7-3a8051847eb6: shutdown FollowerState
2019-10-23 12:36:33,827 [grpc-default-executor-0] INFO  impl.RoleInfo (RoleInfo.java:updateAndGet(143)) - daebe4f8-0ad9-4eb2-8ed7-3a8051847eb6: start FollowerState
2019-10-23 12:36:33,827 [Thread-1601] INFO  impl.FollowerState (FollowerState.java:run(117)) - daebe4f8-0ad9-4eb2-8ed7-3a8051847eb6@group-AF49A4A4CA2A-FollowerState was interrupted: java.lang.InterruptedException: sleep interrupted
2019-10-23 12:36:33,827 [grpc-default-executor-3] INFO  impl.RaftServerImpl (RaftServerImpl.java:setRole(184)) - 389d5540-641f-48c2-a9df-60738dbad976@group-AF49A4A4CA2A: changes role from  FOLLOWER to FOLLOWER at term 225 for recognizeCandidate:279bca68-3e74-4690-81cf-da5ab79b92f7
2019-10-23 12:36:33,827 [grpc-default-executor-3] INFO  impl.RoleInfo (RoleInfo.java:shutdownFollowerState(121)) - 389d5540-641f-48c2-a9df-60738dbad976: shutdown FollowerState
2019-10-23 12:36:33,827 [grpc-default-executor-3] INFO  impl.RoleInfo (RoleInfo.java:updateAndGet(143)) - 389d5540-641f-48c2-a9df-60738dbad976: start FollowerState
2019-10-23 12:36:33,827 [Thread-1602] INFO  impl.FollowerState (FollowerState.java:run(117)) - 389d5540-641f-48c2-a9df-60738dbad976@group-AF49A4A4CA2A-FollowerState was interrupted: java.lang.InterruptedException: sleep interrupted
2019-10-23 12:36:33,841 [279bca68-3e74-4690-81cf-da5ab79b92f7@group-AF49A4A4CA2A-LeaderElection208] INFO  impl.LeaderElection (LeaderElection.java:logAndReturn(56)) - 279bca68-3e74-4690-81cf-da5ab79b92f7@group-AF49A4A4CA2A-LeaderElection208: Election REJECTED; received 2 response(s) [279bca68-3e74-4690-81cf-da5ab79b92f7<-daebe4f8-0ad9-4eb2-8ed7-3a8051847eb6#0:FAIL-t225, 279bca68-3e74-4690-81cf-da5ab79b92f7<-389d5540-641f-48c2-a9df-60738dbad976#0:FAIL-t225] and 0 exception(s); 279bca68-3e74-4690-81cf-da5ab79b92f7@group-AF49A4A4CA2A:t225, leader=null, voted=279bca68-3e74-4690-81cf-da5ab79b92f7, raftlog=279bca68-3e74-4690-81cf-da5ab79b92f7@group-AF49A4A4CA2A-SegmentedRaftLog:OPENED:c-1,f-1,i0, conf=-1: [daebe4f8-0ad9-4eb2-8ed7-3a8051847eb6:192.168.69.118:44860, 389d5540-641f-48c2-a9df-60738dbad976:192.168.69.118:45712, 279bca68-3e74-4690-81cf-da5ab79b92f7:192.168.69.118:45510], old=null
2019-10-23 12:36:33,841 [279bca68-3e74-4690-81cf-da5ab79b92f7@group-AF49A4A4CA2A-LeaderElection208] INFO  impl.RaftServerImpl (RaftServerImpl.java:setRole(184)) - 279bca68-3e74-4690-81cf-da5ab79b92f7@group-AF49A4A4CA2A: changes role from CANDIDATE to FOLLOWER at term 225 for DISCOVERED_A_NEW_TERM
2019-10-23 12:36:33,841 [279bca68-3e74-4690-81cf-da5ab79b92f7@group-AF49A4A4CA2A-LeaderElection208] INFO  impl.RoleInfo (RoleInfo.java:shutdownLeaderElection(134)) - 279bca68-3e74-4690-81cf-da5ab79b92f7: shutdown LeaderElection
2019-10-23 12:36:33,842 [279bca68-3e74-4690-81cf-da5ab79b92f7@group-AF49A4A4CA2A-LeaderElection208] INFO  impl.RoleInfo (RoleInfo.java:updateAndGet(143)) - 279bca68-3e74-4690-81cf-da5ab79b92f7: start FollowerState
2019-10-23 12:36:33,960 [Thread-1609] INFO  impl.FollowerState (FollowerState.java:run(108)) - 279bca68-3e74-4690-81cf-da5ab79b92f7@group-AF49A4A4CA2A-FollowerState: change to CANDIDATE, lastRpcTime:118ms, electionTimeout:118ms
2019-10-23 12:36:33,960 [Thread-1609] INFO  impl.RoleInfo (RoleInfo.java:shutdownFollowerState(121)) - 279bca68-3e74-4690-81cf-da5ab79b92f7: shutdown FollowerState
2019-10-23 12:36:33,960 [Thread-1609] INFO  impl.RaftServerImpl (RaftServerImpl.java:setRole(184)) - 279bca68-3e74-4690-81cf-da5ab79b92f7@group-AF49A4A4CA2A: changes role from  FOLLOWER to CANDIDATE at term 225 for changeToCandidate
2019-10-23 12:36:33,960 [Thread-1609] INFO  impl.RoleInfo (RoleInfo.java:updateAndGet(143)) - 279bca68-3e74-4690-81cf-da5ab79b92f7: start LeaderElection
2019-10-23 12:36:33,973 [279bca68-3e74-4690-81cf-da5ab79b92f7@group-AF49A4A4CA2A-LeaderElection209] INFO  impl.LeaderElection (LeaderElection.java:askForVotes(178)) - 279bca68-3e74-4690-81cf-da5ab79b92f7@group-AF49A4A4CA2A-LeaderElection209: begin an election at term 226 for -1: [daebe4f8-0ad9-4eb2-8ed7-3a8051847eb6:192.168.69.118:44860, 389d5540-641f-48c2-a9df-60738dbad976:192.168.69.118:45712, 279bca68-3e74-4690-81cf-da5ab79b92f7:192.168.69.118:45510], old=null
2019-10-23 12:36:33,975 [grpc-default-executor-0] INFO  impl.RaftServerImpl (RaftServerImpl.java:setRole(184)) - daebe4f8-0ad9-4eb2-8ed7-3a8051847eb6@group-AF49A4A4CA2A: changes role from  FOLLOWER to FOLLOWER at term 226 for recognizeCandidate:279bca68-3e74-4690-81cf-da5ab79b92f7
2019-10-23 12:36:33,975 [grpc-default-executor-3] INFO  impl.RaftServerImpl (RaftServerImpl.java:setRole(184)) - 389d5540-641f-48c2-a9df-60738dbad976@group-AF49A4A4CA2A: changes role from  FOLLOWER to FOLLOWER at term 226 for recognizeCandidate:279bca68-3e74-4690-81cf-da5ab79b92f7
2019-10-23 12:36:33,976 [grpc-default-executor-3] INFO  impl.RoleInfo (RoleInfo.java:shutdownFollowerState(121)) - 389d5540-641f-48c2-a9df-60738dbad976: shutdown FollowerState
2019-10-23 12:36:33,975 [grpc-default-executor-0] INFO  impl.RoleInfo (RoleInfo.java:shutdownFollowerState(121)) - daebe4f8-0ad9-4eb2-8ed7-3a8051847eb6: shutdown FollowerState
2019-10-23 12:36:33,976 [Thread-1608] INFO  impl.FollowerState (FollowerState.java:run(117)) - 389d5540-641f-48c2-a9df-60738dbad976@group-AF49A4A4CA2A-FollowerState was interrupted: java.lang.InterruptedException: sleep interrupted
2019-10-23 12:36:33,976 [grpc-default-executor-3] INFO  impl.RoleInfo (RoleInfo.java:updateAndGet(143)) - 389d5540-641f-48c2-a9df-60738dbad976: start FollowerState
2019-10-23 12:36:33,976 [Thread-1607] INFO  impl.FollowerState (FollowerState.java:run(117)) - daebe4f8-0ad9-4eb2-8ed7-3a8051847eb6@group-AF49A4A4CA2A-FollowerState was interrupted: java.lang.InterruptedException: sleep interrupted
2019-10-23 12:36:33,976 [grpc-default-executor-0] INFO  impl.RoleInfo (RoleInfo.java:updateAndGet(143)) - daebe4f8-0ad9-4eb2-8ed7-3a8051847eb6: start FollowerState
2019-10-23 12:36:34,015 [279bca68-3e74-4690-81cf-da5ab79b92f7@group-AF49A4A4CA2A-LeaderElection209] INFO  impl.LeaderElection (LeaderElection.java:logAndReturn(56)) - 279bca68-3e74-4690-81cf-da5ab79b92f7@group-AF49A4A4CA2A-LeaderElection209: Election REJECTED; received 2 response(s) [279bca68-3e74-4690-81cf-da5ab79b92f7<-daebe4f8-0ad9-4eb2-8ed7-3a8051847eb6#0:FAIL-t226, 279bca68-3e74-4690-81cf-da5ab79b92f7<-389d5540-641f-48c2-a9df-60738dbad976#0:FAIL-t226] and 0 exception(s); 279bca68-3e74-4690-81cf-da5ab79b92f7@group-AF49A4A4CA2A:t226, leader=null, voted=279bca68-3e74-4690-81cf-da5ab79b92f7, raftlog=279bca68-3e74-4690-81cf-da5ab79b92f7@group-AF49A4A4CA2A-SegmentedRaftLog:OPENED:c-1,f-1,i0, conf=-1: [daebe4f8-0ad9-4eb2-8ed7-3a8051847eb6:192.168.69.118:44860, 389d5540-641f-48c2-a9df-60738dbad976:192.168.69.118:45712, 279bca68-3e74-4690-81cf-da5ab79b92f7:192.168.69.118:45510], old=null
2019-10-23 12:36:34,015 [279bca68-3e74-4690-81cf-da5ab79b92f7@group-AF49A4A4CA2A-LeaderElection209] INFO  impl.RaftServerImpl (RaftServerImpl.java:setRole(184)) - 279bca68-3e74-4690-81cf-da5ab79b92f7@group-AF49A4A4CA2A: changes role from CANDIDATE to FOLLOWER at term 226 for DISCOVERED_A_NEW_TERM
2019-10-23 12:36:34,016 [279bca68-3e74-4690-81cf-da5ab79b92f7@group-AF49A4A4CA2A-LeaderElection209] INFO  impl.RoleInfo (RoleInfo.java:shutdownLeaderElection(134)) - 279bca68-3e74-4690-81cf-da5ab79b92f7: shutdown LeaderElection
2019-10-23 12:36:34,016 [279bca68-3e74-4690-81cf-da5ab79b92f7@group-AF49A4A4CA2A-LeaderElection209] INFO  impl.RoleInfo (RoleInfo.java:updateAndGet(143)) - 279bca68-3e74-4690-81cf-da5ab79b92f7: start FollowerState
2019-10-23 12:36:34,077 [Thread-1615] INFO  impl.FollowerState (FollowerState.java:run(108)) - 279bca68-3e74-4690-81cf-da5ab79b92f7@group-AF49A4A4CA2A-FollowerState: change to CANDIDATE, lastRpcTime:61ms, electionTimeout:61ms
2019-10-23 12:36:34,077 [Thread-1615] INFO  impl.RoleInfo (RoleInfo.java:shutdownFollowerState(121)) - 279bca68-3e74-4690-81cf-da5ab79b92f7: shutdown FollowerState
2019-10-23 12:36:34,077 [Thread-1615] INFO  impl.RaftServerImpl (RaftServerImpl.java:setRole(184)) - 279bca68-3e74-4690-81cf-da5ab79b92f7@group-AF49A4A4CA2A: changes role from  FOLLOWER to CANDIDATE at term 226 for changeToCandidate
2019-10-23 12:36:34,078 [Thread-1615] INFO  impl.RoleInfo (RoleInfo.java:updateAndGet(143)) - 279bca68-3e74-4690-81cf-da5ab79b92f7: start LeaderElection
2019-10-23 12:36:34,092 [279bca68-3e74-4690-81cf-da5ab79b92f7@group-AF49A4A4CA2A-LeaderElection210] INFO  impl.LeaderElection (LeaderElection.java:askForVotes(178)) - 279bca68-3e74-4690-81cf-da5ab79b92f7@group-AF49A4A4CA2A-LeaderElection210: begin an election at term 227 for -1: [daebe4f8-0ad9-4eb2-8ed7-3a8051847eb6:192.168.69.118:44860, 389d5540-641f-48c2-a9df-60738dbad976:192.168.69.118:45712, 279bca68-3e74-4690-81cf-da5ab79b92f7:192.168.69.118:45510], old=null
2019-10-23 12:36:34,094 [grpc-default-executor-0] INFO  impl.RaftServerImpl (RaftServerImpl.java:setRole(184)) - daebe4f8-0ad9-4eb2-8ed7-3a8051847eb6@group-AF49A4A4CA2A: changes role from  FOLLOWER to FOLLOWER at term 227 for recognizeCandidate:279bca68-3e74-4690-81cf-da5ab79b92f7
2019-10-23 12:36:34,094 [grpc-default-executor-0] INFO  impl.RoleInfo (RoleInfo.java:shutdownFollowerState(121)) - daebe4f8-0ad9-4eb2-8ed7-3a8051847eb6: shutdown FollowerState
2019-10-23 12:36:34,094 [grpc-default-executor-0] INFO  impl.RoleInfo (RoleInfo.java:updateAndGet(143)) - daebe4f8-0ad9-4eb2-8ed7-3a8051847eb6: start FollowerState
2019-10-23 12:36:34,094 [Thread-1614] INFO  impl.FollowerState (FollowerState.java:run(117)) - daebe4f8-0ad9-4eb2-8ed7-3a8051847eb6@group-AF49A4A4CA2A-FollowerState was interrupted: java.lang.InterruptedException: sleep interrupted
2019-10-23 12:36:34,094 [grpc-default-executor-4] INFO  impl.RaftServerImpl (RaftServerImpl.java:setRole(184)) - 389d5540-641f-48c2-a9df-60738dbad976@group-AF49A4A4CA2A: changes role from  FOLLOWER to FOLLOWER at term 227 for recognizeCandidate:279bca68-3e74-4690-81cf-da5ab79b92f7
2019-10-23 12:36:34,097 [grpc-default-executor-4] INFO  impl.RoleInfo (RoleInfo.java:shutdownFollowerState(121)) - 389d5540-641f-48c2-a9df-60738dbad976: shutdown FollowerState
2019-10-23 12:36:34,098 [grpc-default-executor-4] INFO  impl.RoleInfo (RoleInfo.java:updateAndGet(143)) - 389d5540-641f-48c2-a9df-60738dbad976: start FollowerState
2019-10-23 12:36:34,098 [Thread-1613] INFO  impl.FollowerState (FollowerState.java:run(117)) - 389d5540-641f-48c2-a9df-60738dbad976@group-AF49A4A4CA2A-FollowerState was interrupted: java.lang.InterruptedException: sleep interrupted
2019-10-23 12:36:34,112 [279bca68-3e74-4690-81cf-da5ab79b92f7@group-AF49A4A4CA2A-LeaderElection210] INFO  impl.LeaderElection (LeaderElection.java:logAndReturn(56)) - 279bca68-3e74-4690-81cf-da5ab79b92f7@group-AF49A4A4CA2A-LeaderElection210: Election REJECTED; received 2 response(s) [279bca68-3e74-4690-81cf-da5ab79b92f7<-daebe4f8-0ad9-4eb2-8ed7-3a8051847eb6#0:FAIL-t227, 279bca68-3e74-4690-81cf-da5ab79b92f7<-389d5540-641f-48c2-a9df-60738dbad976#0:FAIL-t227] and 0 exception(s); 279bca68-3e74-4690-81cf-da5ab79b92f7@group-AF49A4A4CA2A:t227, leader=null, voted=279bca68-3e74-4690-81cf-da5ab79b92f7, raftlog=279bca68-3e74-4690-81cf-da5ab79b92f7@group-AF49A4A4CA2A-SegmentedRaftLog:OPENED:c-1,f-1,i0, conf=-1: [daebe4f8-0ad9-4eb2-8ed7-3a8051847eb6:192.168.69.118:44860, 389d5540-641f-48c2-a9df-60738dbad976:192.168.69.118:45712, 279bca68-3e74-4690-81cf-da5ab79b92f7:192.168.69.118:45510], old=null
2019-10-23 12:36:34,112 [279bca68-3e74-4690-81cf-da5ab79b92f7@group-AF49A4A4CA2A-LeaderElection210] INFO  impl.RaftServerImpl (RaftServerImpl.java:setRole(184)) - 279bca68-3e74-4690-81cf-da5ab79b92f7@group-AF49A4A4CA2A: changes role from CANDIDATE to FOLLOWER at term 227 for DISCOVERED_A_NEW_TERM
2019-10-23 12:36:34,112 [279bca68-3e74-4690-81cf-da5ab79b92f7@group-AF49A4A4CA2A-LeaderElection210] INFO  impl.RoleInfo (RoleInfo.java:shutdownLeaderElection(134)) - 279bca68-3e74-4690-81cf-da5ab79b92f7: shutdown LeaderElection
2019-10-23 12:36:34,112 [279bca68-3e74-4690-81cf-da5ab79b92f7@group-AF49A4A4CA2A-LeaderElection210] INFO  impl.RoleInfo (RoleInfo.java:updateAndGet(143)) - 279bca68-3e74-4690-81cf-da5ab79b92f7: start FollowerState
2019-10-23 12:36:34,189 [Thread-1623] INFO  impl.FollowerState (FollowerState.java:run(108)) - 279bca68-3e74-4690-81cf-da5ab79b92f7@group-AF49A4A4CA2A-FollowerState: change to CANDIDATE, lastRpcTime:76ms, electionTimeout:76ms
2019-10-23 12:36:34,189 [Thread-1623] INFO  impl.RoleInfo (RoleInfo.java:shutdownFollowerState(121)) - 279bca68-3e74-4690-81cf-da5ab79b92f7: shutdown FollowerState
2019-10-23 12:36:34,189 [Thread-1623] INFO  impl.RaftServerImpl (RaftServerImpl.java:setRole(184)) - 279bca68-3e74-4690-81cf-da5ab79b92f7@group-AF49A4A4CA2A: changes role from  FOLLOWER to CANDIDATE at term 227 for changeToCandidate
2019-10-23 12:36:34,189 [Thread-1623] INFO  impl.RoleInfo (RoleInfo.java:updateAndGet(143)) - 279bca68-3e74-4690-81cf-da5ab79b92f7: start LeaderElection
2019-10-23 12:36:34,215 [279bca68-3e74-4690-81cf-da5ab79b92f7@group-AF49A4A4CA2A-LeaderElection211] INFO  impl.LeaderElection (LeaderElection.java:askForVotes(178)) - 279bca68-3e74-4690-81cf-da5ab79b92f7@group-AF49A4A4CA2A-LeaderElection211: begin an election at term 228 for -1: [daebe4f8-0ad9-4eb2-8ed7-3a8051847eb6:192.168.69.118:44860, 389d5540-641f-48c2-a9df-60738dbad976:192.168.69.118:45712, 279bca68-3e74-4690-81cf-da5ab79b92f7:192.168.69.118:45510], old=null
2019-10-23 12:36:34,216 [279bca68-3e74-4690-81cf-da5ab79b92f7@group-AF49A4A4CA2A-LeaderElection211] INFO  impl.LeaderElection (LeaderElection.java:logAndReturn(56)) - 279bca68-3e74-4690-81cf-da5ab79b92f7@group-AF49A4A4CA2A-LeaderElection211: Election TIMEOUT; received 0 response(s) [] and 0 exception(s); 279bca68-3e74-4690-81cf-da5ab79b92f7@group-AF49A4A4CA2A:t228, leader=null, voted=279bca68-3e74-4690-81cf-da5ab79b92f7, raftlog=279bca68-3e74-4690-81cf-da5ab79b92f7@group-AF49A4A4CA2A-SegmentedRaftLog:OPENED:c-1,f-1,i0, conf=-1: [daebe4f8-0ad9-4eb2-8ed7-3a8051847eb6:192.168.69.118:44860, 389d5540-641f-48c2-a9df-60738dbad976:192.168.69.118:45712, 279bca68-3e74-4690-81cf-da5ab79b92f7:192.168.69.118:45510], old=null
2019-10-23 12:36:34,217 [grpc-default-executor-0] INFO  impl.RaftServerImpl (RaftServerImpl.java:setRole(184)) - daebe4f8-0ad9-4eb2-8ed7-3a8051847eb6@group-AF49A4A4CA2A: changes role from  FOLLOWER to FOLLOWER at term 228 for recognizeCandidate:279bca68-3e74-4690-81cf-da5ab79b92f7
2019-10-23 12:36:34,217 [grpc-default-executor-0] INFO  impl.RoleInfo (RoleInfo.java:shutdownFollowerState(121)) - daebe4f8-0ad9-4eb2-8ed7-3a8051847eb6: shutdown FollowerState
2019-10-23 12:36:34,217 [grpc-default-executor-4] INFO  impl.RaftServerImpl (RaftServerImpl.java:setRole(184)) - 389d5540-641f-48c2-a9df-60738dbad976@group-AF49A4A4CA2A: changes role from  FOLLOWER to FOLLOWER at term 228 for recognizeCandidate:279bca68-3e74-4690-81cf-da5ab79b92f7
2019-10-23 12:36:34,217 [Thread-1620] INFO  impl.FollowerState (FollowerState.java:run(117)) - daebe4f8-0ad9-4eb2-8ed7-3a8051847eb6@group-AF49A4A4CA2A-FollowerState was interrupted: java.lang.InterruptedException: sleep interrupted
2019-10-23 12:36:34,217 [grpc-default-executor-0] INFO  impl.RoleInfo (RoleInfo.java:updateAndGet(143)) - daebe4f8-0ad9-4eb2-8ed7-3a8051847eb6: start FollowerState
2019-10-23 12:36:34,217 [grpc-default-executor-4] INFO  impl.RoleInfo (RoleInfo.java:shutdownFollowerState(121)) - 389d5540-641f-48c2-a9df-60738dbad976: shutdown FollowerState
2019-10-23 12:36:34,218 [grpc-default-executor-4] INFO  impl.RoleInfo (RoleInfo.java:updateAndGet(143)) - 389d5540-641f-48c2-a9df-60738dbad976: start FollowerState
2019-10-23 12:36:34,218 [Thread-1622] INFO  impl.FollowerState (FollowerState.java:run(117)) - 389d5540-641f-48c2-a9df-60738dbad976@group-AF49A4A4CA2A-FollowerState was interrupted: java.lang.InterruptedException: sleep interrupted
2019-10-23 12:36:34,230 [279bca68-3e74-4690-81cf-da5ab79b92f7@group-AF49A4A4CA2A-LeaderElection211] INFO  impl.LeaderElection (LeaderElection.java:askForVotes(178)) - 279bca68-3e74-4690-81cf-da5ab79b92f7@group-AF49A4A4CA2A-LeaderElection211: begin an election at term 229 for -1: [daebe4f8-0ad9-4eb2-8ed7-3a8051847eb6:192.168.69.118:44860, 389d5540-641f-48c2-a9df-60738dbad976:192.168.69.118:45712, 279bca68-3e74-4690-81cf-da5ab79b92f7:192.168.69.118:45510], old=null
2019-10-23 12:36:34,232 [grpc-default-executor-4] INFO  impl.RaftServerImpl (RaftServerImpl.java:setRole(184)) - daebe4f8-0ad9-4eb2-8ed7-3a8051847eb6@group-AF49A4A4CA2A: changes role from  FOLLOWER to FOLLOWER at term 229 for recognizeCandidate:279bca68-3e74-4690-81cf-da5ab79b92f7
2019-10-23 12:36:34,232 [grpc-default-executor-4] INFO  impl.RoleInfo (RoleInfo.java:shutdownFollowerState(121)) - daebe4f8-0ad9-4eb2-8ed7-3a8051847eb6: shutdown FollowerState
2019-10-23 12:36:34,232 [grpc-default-executor-0] INFO  impl.RaftServerImpl (RaftServerImpl.java:setRole(184)) - 389d5540-641f-48c2-a9df-60738dbad976@group-AF49A4A4CA2A: changes role from  FOLLOWER to FOLLOWER at term 229 for recognizeCandidate:279bca68-3e74-4690-81cf-da5ab79b92f7
2019-10-23 12:36:34,232 [grpc-default-executor-4] INFO  impl.RoleInfo (RoleInfo.java:updateAndGet(143)) - daebe4f8-0ad9-4eb2-8ed7-3a8051847eb6: start FollowerState
2019-10-23 12:36:34,232 [Thread-1627] INFO  impl.FollowerState (FollowerState.java:run(117)) - daebe4f8-0ad9-4eb2-8ed7-3a8051847eb6@group-AF49A4A4CA2A-FollowerState was interrupted: java.lang.InterruptedException: sleep interrupted
2019-10-23 12:36:34,232 [grpc-default-executor-0] INFO  impl.RoleInfo (RoleInfo.java:shutdownFollowerState(121)) - 389d5540-641f-48c2-a9df-60738dbad976: shutdown FollowerState
2019-10-23 12:36:34,233 [grpc-default-executor-0] INFO  impl.RoleInfo (RoleInfo.java:updateAndGet(143)) - 389d5540-641f-48c2-a9df-60738dbad976: start FollowerState
2019-10-23 12:36:34,233 [Thread-1628] INFO  impl.FollowerState (FollowerState.java:run(117)) - 389d5540-641f-48c2-a9df-60738dbad976@group-AF49A4A4CA2A-FollowerState was interrupted: java.lang.InterruptedException: sleep interrupted
2019-10-23 12:36:34,250 [279bca68-3e74-4690-81cf-da5ab79b92f7@group-AF49A4A4CA2A-LeaderElection211] INFO  impl.LeaderElection (LeaderElection.java:logAndReturn(56)) - 279bca68-3e74-4690-81cf-da5ab79b92f7@group-AF49A4A4CA2A-LeaderElection211: Election REJECTED; received 2 response(s) [279bca68-3e74-4690-81cf-da5ab79b92f7<-daebe4f8-0ad9-4eb2-8ed7-3a8051847eb6#0:FAIL-t229, 279bca68-3e74-4690-81cf-da5ab79b92f7<-389d5540-641f-48c2-a9df-60738dbad976#0:FAIL-t229] and 0 exception(s); 279bca68-3e74-4690-81cf-da5ab79b92f7@group-AF49A4A4CA2A:t229, leader=null, voted=279bca68-3e74-4690-81cf-da5ab79b92f7, raftlog=279bca68-3e74-4690-81cf-da5ab79b92f7@group-AF49A4A4CA2A-SegmentedRaftLog:OPENED:c-1,f-1,i0, conf=-1: [daebe4f8-0ad9-4eb2-8ed7-3a8051847eb6:192.168.69.118:44860, 389d5540-641f-48c2-a9df-60738dbad976:192.168.69.118:45712, 279bca68-3e74-4690-81cf-da5ab79b92f7:192.168.69.118:45510], old=null
2019-10-23 12:36:34,250 [279bca68-3e74-4690-81cf-da5ab79b92f7@group-AF49A4A4CA2A-LeaderElection211] INFO  impl.RaftServerImpl (RaftServerImpl.java:setRole(184)) - 279bca68-3e74-4690-81cf-da5ab79b92f7@group-AF49A4A4CA2A: changes role from CANDIDATE to FOLLOWER at term 229 for DISCOVERED_A_NEW_TERM
2019-10-23 12:36:34,250 [279bca68-3e74-4690-81cf-da5ab79b92f7@group-AF49A4A4CA2A-LeaderElection211] INFO  impl.RoleInfo (RoleInfo.java:shutdownLeaderElection(134)) - 279bca68-3e74-4690-81cf-da5ab79b92f7: shutdown LeaderElection
2019-10-23 12:36:34,250 [279bca68-3e74-4690-81cf-da5ab79b92f7@group-AF49A4A4CA2A-LeaderElection211] INFO  impl.RoleInfo (RoleInfo.java:updateAndGet(143)) - 279bca68-3e74-4690-81cf-da5ab79b92f7: start FollowerState
2019-10-23 12:36:34,378 [Thread-1633] INFO  impl.FollowerState (FollowerState.java:run(108)) - 279bca68-3e74-4690-81cf-da5ab79b92f7@group-AF49A4A4CA2A-FollowerState: change to CANDIDATE, lastRpcTime:127ms, electionTimeout:127ms
2019-10-23 12:36:34,378 [Thread-1633] INFO  impl.RoleInfo (RoleInfo.java:shutdownFollowerState(121)) - 279bca68-3e74-4690-81cf-da5ab79b92f7: shutdown FollowerState
2019-10-23 12:36:34,378 [Thread-1633] INFO  impl.RaftServerImpl (RaftServerImpl.java:setRole(184)) - 279bca68-3e74-4690-81cf-da5ab79b92f7@group-AF49A4A4CA2A: changes role from  FOLLOWER to CANDIDATE at term 229 for changeToCandidate
2019-10-23 12:36:34,378 [Thread-1633] INFO  impl.RoleInfo (RoleInfo.java:updateAndGet(143)) - 279bca68-3e74-4690-81cf-da5ab79b92f7: start LeaderElection
2019-10-23 12:36:34,405 [279bca68-3e74-4690-81cf-da5ab79b92f7@group-AF49A4A4CA2A-LeaderElection212] INFO  impl.LeaderElection (LeaderElection.java:askForVotes(178)) - 279bca68-3e74-4690-81cf-da5ab79b92f7@group-AF49A4A4CA2A-LeaderElection212: begin an election at term 230 for -1: [daebe4f8-0ad9-4eb2-8ed7-3a8051847eb6:192.168.69.118:44860, 389d5540-641f-48c2-a9df-60738dbad976:192.168.69.118:45712, 279bca68-3e74-4690-81cf-da5ab79b92f7:192.168.69.118:45510], old=null
2019-10-23 12:36:34,408 [grpc-default-executor-4] INFO  impl.RaftServerImpl (RaftServerImpl.java:setRole(184)) - daebe4f8-0ad9-4eb2-8ed7-3a8051847eb6@group-AF49A4A4CA2A: changes role from  FOLLOWER to FOLLOWER at term 230 for recognizeCandidate:279bca68-3e74-4690-81cf-da5ab79b92f7
2019-10-23 12:36:34,408 [grpc-default-executor-0] INFO  impl.RaftServerImpl (RaftServerImpl.java:setRole(184)) - 389d5540-641f-48c2-a9df-60738dbad976@group-AF49A4A4CA2A: changes role from  FOLLOWER to FOLLOWER at term 230 for recognizeCandidate:279bca68-3e74-4690-81cf-da5ab79b92f7
2019-10-23 12:36:34,408 [grpc-default-executor-4] INFO  impl.RoleInfo (RoleInfo.java:shutdownFollowerState(121)) - daebe4f8-0ad9-4eb2-8ed7-3a8051847eb6: shutdown FollowerState
2019-10-23 12:36:34,408 [grpc-default-executor-0] INFO  impl.RoleInfo (RoleInfo.java:shutdownFollowerState(121)) - 389d5540-641f-48c2-a9df-60738dbad976: shutdown FollowerState
2019-10-23 12:36:34,409 [grpc-default-executor-0] INFO  impl.RoleInfo (RoleInfo.java:updateAndGet(143)) - 389d5540-641f-48c2-a9df-60738dbad976: start FollowerState
2019-10-23 12:36:34,409 [Thread-1631] INFO  impl.FollowerState (FollowerState.java:run(117)) - daebe4f8-0ad9-4eb2-8ed7-3a8051847eb6@group-AF49A4A4CA2A-FollowerState was interrupted: java.lang.InterruptedException: sleep interrupted
2019-10-23 12:36:34,409 [grpc-default-executor-4] INFO  impl.RoleInfo (RoleInfo.java:updateAndGet(143)) - daebe4f8-0ad9-4eb2-8ed7-3a8051847eb6: start FollowerState
2019-10-23 12:36:34,409 [Thread-1632] INFO  impl.FollowerState (FollowerState.java:run(117)) - 389d5540-641f-48c2-a9df-60738dbad976@group-AF49A4A4CA2A-FollowerState was interrupted: java.lang.InterruptedException: sleep interrupted
2019-10-23 12:36:34,423 [279bca68-3e74-4690-81cf-da5ab79b92f7@group-AF49A4A4CA2A-LeaderElection212] INFO  impl.LeaderElection (LeaderElection.java:logAndReturn(56)) - 279bca68-3e74-4690-81cf-da5ab79b92f7@group-AF49A4A4CA2A-LeaderElection212: Election REJECTED; received 2 response(s) [279bca68-3e74-4690-81cf-da5ab79b92f7<-daebe4f8-0ad9-4eb2-8ed7-3a8051847eb6#0:FAIL-t230, 279bca68-3e74-4690-81cf-da5ab79b92f7<-389d5540-641f-48c2-a9df-60738dbad976#0:FAIL-t230] and 0 exception(s); 279bca68-3e74-4690-81cf-da5ab79b92f7@group-AF49A4A4CA2A:t230, leader=null, voted=279bca68-3e74-4690-81cf-da5ab79b92f7, raftlog=279bca68-3e74-4690-81cf-da5ab79b92f7@group-AF49A4A4CA2A-SegmentedRaftLog:OPENED:c-1,f-1,i0, conf=-1: [daebe4f8-0ad9-4eb2-8ed7-3a8051847eb6:192.168.69.118:44860, 389d5540-641f-48c2-a9df-60738dbad976:192.168.69.118:45712, 279bca68-3e74-4690-81cf-da5ab79b92f7:192.168.69.118:45510], old=null
2019-10-23 12:36:34,424 [279bca68-3e74-4690-81cf-da5ab79b92f7@group-AF49A4A4CA2A-LeaderElection212] INFO  impl.RaftServerImpl (RaftServerImpl.java:setRole(184)) - 279bca68-3e74-4690-81cf-da5ab79b92f7@group-AF49A4A4CA2A: changes role from CANDIDATE to FOLLOWER at term 230 for DISCOVERED_A_NEW_TERM
2019-10-23 12:36:34,424 [279bca68-3e74-4690-81cf-da5ab79b92f7@group-AF49A4A4CA2A-LeaderElection212] INFO  impl.RoleInfo (RoleInfo.java:shutdownLeaderElection(134)) - 279bca68-3e74-4690-81cf-da5ab79b92f7: shutdown LeaderElection
2019-10-23 12:36:34,424 [279bca68-3e74-4690-81cf-da5ab79b92f7@group-AF49A4A4CA2A-LeaderElection212] INFO  impl.RoleInfo (RoleInfo.java:updateAndGet(143)) - 279bca68-3e74-4690-81cf-da5ab79b92f7: start FollowerState
2019-10-23 12:36:34,473 [Thread-1639] INFO  impl.FollowerState (FollowerState.java:run(108)) - 279bca68-3e74-4690-81cf-da5ab79b92f7@group-AF49A4A4CA2A-FollowerState: change to CANDIDATE, lastRpcTime:49ms, electionTimeout:49ms
2019-10-23 12:36:34,474 [Thread-1639] INFO  impl.RoleInfo (RoleInfo.java:shutdownFollowerState(121)) - 279bca68-3e74-4690-81cf-da5ab79b92f7: shutdown FollowerState
2019-10-23 12:36:34,474 [Thread-1639] INFO  impl.RaftServerImpl (RaftServerImpl.java:setRole(184)) - 279bca68-3e74-4690-81cf-da5ab79b92f7@group-AF49A4A4CA2A: changes role from  FOLLOWER to CANDIDATE at term 230 for changeToCandidate
2019-10-23 12:36:34,474 [Thread-1639] INFO  impl.RoleInfo (RoleInfo.java:updateAndGet(143)) - 279bca68-3e74-4690-81cf-da5ab79b92f7: start LeaderElection
2019-10-23 12:36:34,487 [279bca68-3e74-4690-81cf-da5ab79b92f7@group-AF49A4A4CA2A-LeaderElection213] INFO  impl.LeaderElection (LeaderElection.java:askForVotes(178)) - 279bca68-3e74-4690-81cf-da5ab79b92f7@group-AF49A4A4CA2A-LeaderElection213: begin an election at term 231 for -1: [daebe4f8-0ad9-4eb2-8ed7-3a8051847eb6:192.168.69.118:44860, 389d5540-641f-48c2-a9df-60738dbad976:192.168.69.118:45712, 279bca68-3e74-4690-81cf-da5ab79b92f7:192.168.69.118:45510], old=null
2019-10-23 12:36:34,489 [grpc-default-executor-4] INFO  impl.RaftServerImpl (RaftServerImpl.java:setRole(184)) - daebe4f8-0ad9-4eb2-8ed7-3a8051847eb6@group-AF49A4A4CA2A: changes role from  FOLLOWER to FOLLOWER at term 231 for recognizeCandidate:279bca68-3e74-4690-81cf-da5ab79b92f7
2019-10-23 12:36:34,489 [grpc-default-executor-0] INFO  impl.RaftServerImpl (RaftServerImpl.java:setRole(184)) - 389d5540-641f-48c2-a9df-60738dbad976@group-AF49A4A4CA2A: changes role from  FOLLOWER to FOLLOWER at term 231 for recognizeCandidate:279bca68-3e74-4690-81cf-da5ab79b92f7
2019-10-23 12:36:34,489 [grpc-default-executor-4] INFO  impl.RoleInfo (RoleInfo.java:shutdownFollowerState(121)) - daebe4f8-0ad9-4eb2-8ed7-3a8051847eb6: shutdown FollowerState
2019-10-23 12:36:34,489 [grpc-default-executor-0] INFO  impl.RoleInfo (RoleInfo.java:shutdownFollowerState(121)) - 389d5540-641f-48c2-a9df-60738dbad976: shutdown FollowerState
2019-10-23 12:36:34,490 [Thread-1637] INFO  impl.FollowerState (FollowerState.java:run(117)) - daebe4f8-0ad9-4eb2-8ed7-3a8051847eb6@group-AF49A4A4CA2A-FollowerState was interrupted: java.lang.InterruptedException: sleep interrupted
2019-10-23 12:36:34,489 [grpc-default-executor-4] INFO  impl.RoleInfo (RoleInfo.java:updateAndGet(143)) - daebe4f8-0ad9-4eb2-8ed7-3a8051847eb6: start FollowerState
2019-10-23 12:36:34,490 [Thread-1638] INFO  impl.FollowerState (FollowerState.java:run(117)) - 389d5540-641f-48c2-a9df-60738dbad976@group-AF49A4A4CA2A-FollowerState was interrupted: java.lang.InterruptedException: sleep interrupted
2019-10-23 12:36:34,490 [grpc-default-executor-0] INFO  impl.RoleInfo (RoleInfo.java:updateAndGet(143)) - 389d5540-641f-48c2-a9df-60738dbad976: start FollowerState
2019-10-23 12:36:34,507 [279bca68-3e74-4690-81cf-da5ab79b92f7@group-AF49A4A4CA2A-LeaderElection213] INFO  impl.LeaderElection (LeaderElection.java:logAndReturn(56)) - 279bca68-3e74-4690-81cf-da5ab79b92f7@group-AF49A4A4CA2A-LeaderElection213: Election REJECTED; received 2 response(s) [279bca68-3e74-4690-81cf-da5ab79b92f7<-daebe4f8-0ad9-4eb2-8ed7-3a8051847eb6#0:FAIL-t231, 279bca68-3e74-4690-81cf-da5ab79b92f7<-389d5540-641f-48c2-a9df-60738dbad976#0:FAIL-t231] and 0 exception(s); 279bca68-3e74-4690-81cf-da5ab79b92f7@group-AF49A4A4CA2A:t231, leader=null, voted=279bca68-3e74-4690-81cf-da5ab79b92f7, raftlog=279bca68-3e74-4690-81cf-da5ab79b92f7@group-AF49A4A4CA2A-SegmentedRaftLog:OPENED:c-1,f-1,i0, conf=-1: [daebe4f8-0ad9-4eb2-8ed7-3a8051847eb6:192.168.69.118:44860, 389d5540-641f-48c2-a9df-60738dbad976:192.168.69.118:45712, 279bca68-3e74-4690-81cf-da5ab79b92f7:192.168.69.118:45510], old=null
2019-10-23 12:36:34,508 [279bca68-3e74-4690-81cf-da5ab79b92f7@group-AF49A4A4CA2A-LeaderElection213] INFO  impl.RaftServerImpl (RaftServerImpl.java:setRole(184)) - 279bca68-3e74-4690-81cf-da5ab79b92f7@group-AF49A4A4CA2A: changes role from CANDIDATE to FOLLOWER at term 231 for DISCOVERED_A_NEW_TERM
2019-10-23 12:36:34,508 [279bca68-3e74-4690-81cf-da5ab79b92f7@group-AF49A4A4CA2A-LeaderElection213] INFO  impl.RoleInfo (RoleInfo.java:shutdownLeaderElection(134)) - 279bca68-3e74-4690-81cf-da5ab79b92f7: shutdown LeaderElection
2019-10-23 12:36:34,508 [279bca68-3e74-4690-81cf-da5ab79b92f7@group-AF49A4A4CA2A-LeaderElection213] INFO  impl.RoleInfo (RoleInfo.java:updateAndGet(143)) - 279bca68-3e74-4690-81cf-da5ab79b92f7: start FollowerState
2019-10-23 12:36:34,676 [Thread-1645] INFO  impl.FollowerState (FollowerState.java:run(108)) - 279bca68-3e74-4690-81cf-da5ab79b92f7@group-AF49A4A4CA2A-FollowerState: change to CANDIDATE, lastRpcTime:168ms, electionTimeout:168ms
2019-10-23 12:36:34,677 [Thread-1645] INFO  impl.RoleInfo (RoleInfo.java:shutdownFollowerState(121)) - 279bca68-3e74-4690-81cf-da5ab79b92f7: shutdown FollowerState
2019-10-23 12:36:34,677 [Thread-1645] INFO  impl.RaftServerImpl (RaftServerImpl.java:setRole(184)) - 279bca68-3e74-4690-81cf-da5ab79b92f7@group-AF49A4A4CA2A: changes role from  FOLLOWER to CANDIDATE at term 231 for changeToCandidate
2019-10-23 12:36:34,677 [Thread-1645] INFO  impl.RoleInfo (RoleInfo.java:updateAndGet(143)) - 279bca68-3e74-4690-81cf-da5ab79b92f7: start LeaderElection
2019-10-23 12:36:34,704 [279bca68-3e74-4690-81cf-da5ab79b92f7@group-AF49A4A4CA2A-LeaderElection214] INFO  impl.LeaderElection (LeaderElection.java:askForVotes(178)) - 279bca68-3e74-4690-81cf-da5ab79b92f7@group-AF49A4A4CA2A-LeaderElection214: begin an election at term 232 for -1: [daebe4f8-0ad9-4eb2-8ed7-3a8051847eb6:192.168.69.118:44860, 389d5540-641f-48c2-a9df-60738dbad976:192.168.69.118:45712, 279bca68-3e74-4690-81cf-da5ab79b92f7:192.168.69.118:45510], old=null
2019-10-23 12:36:34,706 [grpc-default-executor-0] INFO  impl.RaftServerImpl (RaftServerImpl.java:setRole(184)) - 389d5540-641f-48c2-a9df-60738dbad976@group-AF49A4A4CA2A: changes role from  FOLLOWER to FOLLOWER at term 232 for recognizeCandidate:279bca68-3e74-4690-81cf-da5ab79b92f7
2019-10-23 12:36:34,706 [grpc-default-executor-4] INFO  impl.RaftServerImpl (RaftServerImpl.java:setRole(184)) - daebe4f8-0ad9-4eb2-8ed7-3a8051847eb6@group-AF49A4A4CA2A: changes role from  FOLLOWER to FOLLOWER at term 232 for recognizeCandidate:279bca68-3e74-4690-81cf-da5ab79b92f7
2019-10-23 12:36:34,706 [grpc-default-executor-0] INFO  impl.RoleInfo (RoleInfo.java:shutdownFollowerState(121)) - 389d5540-641f-48c2-a9df-60738dbad976: shutdown FollowerState
2019-10-23 12:36:34,707 [grpc-default-executor-4] INFO  impl.RoleInfo (RoleInfo.java:shutdownFollowerState(121)) - daebe4f8-0ad9-4eb2-8ed7-3a8051847eb6: shutdown FollowerState
2019-10-23 12:36:34,707 [grpc-default-executor-4] INFO  impl.RoleInfo (RoleInfo.java:updateAndGet(143)) - daebe4f8-0ad9-4eb2-8ed7-3a8051847eb6: start FollowerState
2019-10-23 12:36:34,707 [Thread-1644] INFO  impl.FollowerState (FollowerState.java:run(117)) - 389d5540-641f-48c2-a9df-60738dbad976@group-AF49A4A4CA2A-FollowerState was interrupted: java.lang.InterruptedException: sleep interrupted
2019-10-23 12:36:34,707 [grpc-default-executor-0] INFO  impl.RoleInfo (RoleInfo.java:updateAndGet(143)) - 389d5540-641f-48c2-a9df-60738dbad976: start FollowerState
2019-10-23 12:36:34,707 [Thread-1643] INFO  impl.FollowerState (FollowerState.java:run(117)) - daebe4f8-0ad9-4eb2-8ed7-3a8051847eb6@group-AF49A4A4CA2A-FollowerState was interrupted: java.lang.InterruptedException: sleep interrupted
2019-10-23 12:36:34,722 [279bca68-3e74-4690-81cf-da5ab79b92f7@group-AF49A4A4CA2A-LeaderElection214] INFO  impl.LeaderElection (LeaderElection.java:logAndReturn(56)) - 279bca68-3e74-4690-81cf-da5ab79b92f7@group-AF49A4A4CA2A-LeaderElection214: Election REJECTED; received 2 response(s) [279bca68-3e74-4690-81cf-da5ab79b92f7<-daebe4f8-0ad9-4eb2-8ed7-3a8051847eb6#0:FAIL-t232, 279bca68-3e74-4690-81cf-da5ab79b92f7<-389d5540-641f-48c2-a9df-60738dbad976#0:FAIL-t232] and 0 exception(s); 279bca68-3e74-4690-81cf-da5ab79b92f7@group-AF49A4A4CA2A:t232, leader=null, voted=279bca68-3e74-4690-81cf-da5ab79b92f7, raftlog=279bca68-3e74-4690-81cf-da5ab79b92f7@group-AF49A4A4CA2A-SegmentedRaftLog:OPENED:c-1,f-1,i0, conf=-1: [daebe4f8-0ad9-4eb2-8ed7-3a8051847eb6:192.168.69.118:44860, 389d5540-641f-48c2-a9df-60738dbad976:192.168.69.118:45712, 279bca68-3e74-4690-81cf-da5ab79b92f7:192.168.69.118:45510], old=null
2019-10-23 12:36:34,722 [279bca68-3e74-4690-81cf-da5ab79b92f7@group-AF49A4A4CA2A-LeaderElection214] INFO  impl.RaftServerImpl (RaftServerImpl.java:setRole(184)) - 279bca68-3e74-4690-81cf-da5ab79b92f7@group-AF49A4A4CA2A: changes role from CANDIDATE to FOLLOWER at term 232 for DISCOVERED_A_NEW_TERM
2019-10-23 12:36:34,722 [279bca68-3e74-4690-81cf-da5ab79b92f7@group-AF49A4A4CA2A-LeaderElection214] INFO  impl.RoleInfo (RoleInfo.java:shutdownLeaderElection(134)) - 279bca68-3e74-4690-81cf-da5ab79b92f7: shutdown LeaderElection
2019-10-23 12:36:34,722 [279bca68-3e74-4690-81cf-da5ab79b92f7@group-AF49A4A4CA2A-LeaderElection214] INFO  impl.RoleInfo (RoleInfo.java:updateAndGet(143)) - 279bca68-3e74-4690-81cf-da5ab79b92f7: start FollowerState
2019-10-23 12:36:34,903 [Thread-1651] INFO  impl.FollowerState (FollowerState.java:run(108)) - 279bca68-3e74-4690-81cf-da5ab79b92f7@group-AF49A4A4CA2A-FollowerState: change to CANDIDATE, lastRpcTime:180ms, electionTimeout:180ms
2019-10-23 12:36:34,905 [Thread-1651] INFO  impl.RoleInfo (RoleInfo.java:shutdownFollowerState(121)) - 279bca68-3e74-4690-81cf-da5ab79b92f7: shutdown FollowerState
2019-10-23 12:36:34,906 [Thread-1651] INFO  impl.RaftServerImpl (RaftServerImpl.java:setRole(184)) - 279bca68-3e74-4690-81cf-da5ab79b92f7@group-AF49A4A4CA2A: changes role from  FOLLOWER to CANDIDATE at term 232 for changeToCandidate
2019-10-23 12:36:34,907 [Thread-1651] INFO  impl.RoleInfo (RoleInfo.java:updateAndGet(143)) - 279bca68-3e74-4690-81cf-da5ab79b92f7: start LeaderElection
2019-10-23 12:36:34,923 [279bca68-3e74-4690-81cf-da5ab79b92f7@group-AF49A4A4CA2A-LeaderElection215] INFO  impl.LeaderElection (LeaderElection.java:askForVotes(178)) - 279bca68-3e74-4690-81cf-da5ab79b92f7@group-AF49A4A4CA2A-LeaderElection215: begin an election at term 233 for -1: [daebe4f8-0ad9-4eb2-8ed7-3a8051847eb6:192.168.69.118:44860, 389d5540-641f-48c2-a9df-60738dbad976:192.168.69.118:45712, 279bca68-3e74-4690-81cf-da5ab79b92f7:192.168.69.118:45510], old=null
2019-10-23 12:36:34,930 [grpc-default-executor-4] INFO  impl.RaftServerImpl (RaftServerImpl.java:setRole(184)) - daebe4f8-0ad9-4eb2-8ed7-3a8051847eb6@group-AF49A4A4CA2A: changes role from  FOLLOWER to FOLLOWER at term 233 for recognizeCandidate:279bca68-3e74-4690-81cf-da5ab79b92f7
2019-10-23 12:36:34,930 [grpc-default-executor-0] INFO  impl.RaftServerImpl (RaftServerImpl.java:setRole(184)) - 389d5540-641f-48c2-a9df-60738dbad976@group-AF49A4A4CA2A: changes role from  FOLLOWER to FOLLOWER at term 233 for recognizeCandidate:279bca68-3e74-4690-81cf-da5ab79b92f7
2019-10-23 12:36:34,930 [grpc-default-executor-4] INFO  impl.RoleInfo (RoleInfo.java:shutdownFollowerState(121)) - daebe4f8-0ad9-4eb2-8ed7-3a8051847eb6: shutdown FollowerState
2019-10-23 12:36:34,930 [grpc-default-executor-0] INFO  impl.RoleInfo (RoleInfo.java:shutdownFollowerState(121)) - 389d5540-641f-48c2-a9df-60738dbad976: shutdown FollowerState
2019-10-23 12:36:34,931 [grpc-default-executor-4] INFO  impl.RoleInfo (RoleInfo.java:updateAndGet(143)) - daebe4f8-0ad9-4eb2-8ed7-3a8051847eb6: start FollowerState
2019-10-23 12:36:34,931 [Thread-1649] INFO  impl.FollowerState (FollowerState.java:run(117)) - 389d5540-641f-48c2-a9df-60738dbad976@group-AF49A4A4CA2A-FollowerState was interrupted: java.lang.InterruptedException: sleep interrupted
2019-10-23 12:36:34,931 [grpc-default-executor-0] INFO  impl.RoleInfo (RoleInfo.java:updateAndGet(143)) - 389d5540-641f-48c2-a9df-60738dbad976: start FollowerState
2019-10-23 12:36:34,931 [Thread-1650] INFO  impl.FollowerState (FollowerState.java:run(117)) - daebe4f8-0ad9-4eb2-8ed7-3a8051847eb6@group-AF49A4A4CA2A-FollowerState was interrupted: java.lang.InterruptedException: sleep interrupted
2019-10-23 12:36:34,946 [279bca68-3e74-4690-81cf-da5ab79b92f7@group-AF49A4A4CA2A-LeaderElection215] INFO  impl.LeaderElection (LeaderElection.java:logAndReturn(56)) - 279bca68-3e74-4690-81cf-da5ab79b92f7@group-AF49A4A4CA2A-LeaderElection215: Election REJECTED; received 2 response(s) [279bca68-3e74-4690-81cf-da5ab79b92f7<-daebe4f8-0ad9-4eb2-8ed7-3a8051847eb6#0:FAIL-t233, 279bca68-3e74-4690-81cf-da5ab79b92f7<-389d5540-641f-48c2-a9df-60738dbad976#0:FAIL-t233] and 0 exception(s); 279bca68-3e74-4690-81cf-da5ab79b92f7@group-AF49A4A4CA2A:t233, leader=null, voted=279bca68-3e74-4690-81cf-da5ab79b92f7, raftlog=279bca68-3e74-4690-81cf-da5ab79b92f7@group-AF49A4A4CA2A-SegmentedRaftLog:OPENED:c-1,f-1,i0, conf=-1: [daebe4f8-0ad9-4eb2-8ed7-3a8051847eb6:192.168.69.118:44860, 389d5540-641f-48c2-a9df-60738dbad976:192.168.69.118:45712, 279bca68-3e74-4690-81cf-da5ab79b92f7:192.168.69.118:45510], old=null
2019-10-23 12:36:34,946 [279bca68-3e74-4690-81cf-da5ab79b92f7@group-AF49A4A4CA2A-LeaderElection215] INFO  impl.RaftServerImpl (RaftServerImpl.java:setRole(184)) - 279bca68-3e74-4690-81cf-da5ab79b92f7@group-AF49A4A4CA2A: changes role from CANDIDATE to FOLLOWER at term 233 for DISCOVERED_A_NEW_TERM
2019-10-23 12:36:34,946 [279bca68-3e74-4690-81cf-da5ab79b92f7@group-AF49A4A4CA2A-LeaderElection215] INFO  impl.RoleInfo (RoleInfo.java:shutdownLeaderElection(134)) - 279bca68-3e74-4690-81cf-da5ab79b92f7: shutdown LeaderElection
2019-10-23 12:36:34,946 [279bca68-3e74-4690-81cf-da5ab79b92f7@group-AF49A4A4CA2A-LeaderElection215] INFO  impl.RoleInfo (RoleInfo.java:updateAndGet(143)) - 279bca68-3e74-4690-81cf-da5ab79b92f7: start FollowerState
2019-10-23 12:36:35,028 [Thread-1657] INFO  impl.FollowerState (FollowerState.java:run(108)) - 279bca68-3e74-4690-81cf-da5ab79b92f7@group-AF49A4A4CA2A-FollowerState: change to CANDIDATE, lastRpcTime:82ms, electionTimeout:82ms
2019-10-23 12:36:35,029 [Thread-1657] INFO  impl.RoleInfo (RoleInfo.java:shutdownFollowerState(121)) - 279bca68-3e74-4690-81cf-da5ab79b92f7: shutdown FollowerState
2019-10-23 12:36:35,029 [Thread-1657] INFO  impl.RaftServerImpl (RaftServerImpl.java:setRole(184)) - 279bca68-3e74-4690-81cf-da5ab79b92f7@group-AF49A4A4CA2A: changes role from  FOLLOWER to CANDIDATE at term 233 for changeToCandidate
2019-10-23 12:36:35,029 [Thread-1657] INFO  impl.RoleInfo (RoleInfo.java:updateAndGet(143)) - 279bca68-3e74-4690-81cf-da5ab79b92f7: start LeaderElection
2019-10-23 12:36:35,051 [279bca68-3e74-4690-81cf-da5ab79b92f7@group-AF49A4A4CA2A-LeaderElection216] INFO  impl.LeaderElection (LeaderElection.java:askForVotes(178)) - 279bca68-3e74-4690-81cf-da5ab79b92f7@group-AF49A4A4CA2A-LeaderElection216: begin an election at term 234 for -1: [daebe4f8-0ad9-4eb2-8ed7-3a8051847eb6:192.168.69.118:44860, 389d5540-641f-48c2-a9df-60738dbad976:192.168.69.118:45712, 279bca68-3e74-4690-81cf-da5ab79b92f7:192.168.69.118:45510], old=null
2019-10-23 12:36:35,054 [grpc-default-executor-4] INFO  impl.RaftServerImpl (RaftServerImpl.java:setRole(184)) - 389d5540-641f-48c2-a9df-60738dbad976@group-AF49A4A4CA2A: changes role from  FOLLOWER to FOLLOWER at term 234 for recognizeCandidate:279bca68-3e74-4690-81cf-da5ab79b92f7
2019-10-23 12:36:35,054 [grpc-default-executor-0] INFO  impl.RaftServerImpl (RaftServerImpl.java:setRole(184)) - daebe4f8-0ad9-4eb2-8ed7-3a8051847eb6@group-AF49A4A4CA2A: changes role from  FOLLOWER to FOLLOWER at term 234 for recognizeCandidate:279bca68-3e74-4690-81cf-da5ab79b92f7
2019-10-23 12:36:35,054 [grpc-default-executor-4] INFO  impl.RoleInfo (RoleInfo.java:shutdownFollowerState(121)) - 389d5540-641f-48c2-a9df-60738dbad976: shutdown FollowerState
2019-10-23 12:36:35,054 [grpc-default-executor-0] INFO  impl.RoleInfo (RoleInfo.java:shutdownFollowerState(121)) - daebe4f8-0ad9-4eb2-8ed7-3a8051847eb6: shutdown FollowerState
2019-10-23 12:36:35,055 [Thread-1656] INFO  impl.FollowerState (FollowerState.java:run(117)) - 389d5540-641f-48c2-a9df-60738dbad976@group-AF49A4A4CA2A-FollowerState was interrupted: java.lang.InterruptedException: sleep interrupted
2019-10-23 12:36:35,055 [grpc-default-executor-4] INFO  impl.RoleInfo (RoleInfo.java:updateAndGet(143)) - 389d5540-641f-48c2-a9df-60738dbad976: start FollowerState
2019-10-23 12:36:35,055 [Thread-1655] INFO  impl.FollowerState (FollowerState.java:run(117)) - daebe4f8-0ad9-4eb2-8ed7-3a8051847eb6@group-AF49A4A4CA2A-FollowerState was interrupted: java.lang.InterruptedException: sleep interrupted
2019-10-23 12:36:35,055 [grpc-default-executor-0] INFO  impl.RoleInfo (RoleInfo.java:updateAndGet(143)) - daebe4f8-0ad9-4eb2-8ed7-3a8051847eb6: start FollowerState
2019-10-23 12:36:35,068 [279bca68-3e74-4690-81cf-da5ab79b92f7@group-AF49A4A4CA2A-LeaderElection216] INFO  impl.LeaderElection (LeaderElection.java:logAndReturn(56)) - 279bca68-3e74-4690-81cf-da5ab79b92f7@group-AF49A4A4CA2A-LeaderElection216: Election REJECTED; received 2 response(s) [279bca68-3e74-4690-81cf-da5ab79b92f7<-daebe4f8-0ad9-4eb2-8ed7-3a8051847eb6#0:FAIL-t234, 279bca68-3e74-4690-81cf-da5ab79b92f7<-389d5540-641f-48c2-a9df-60738dbad976#0:FAIL-t234] and 0 exception(s); 279bca68-3e74-4690-81cf-da5ab79b92f7@group-AF49A4A4CA2A:t234, leader=null, voted=279bca68-3e74-4690-81cf-da5ab79b92f7, raftlog=279bca68-3e74-4690-81cf-da5ab79b92f7@group-AF49A4A4CA2A-SegmentedRaftLog:OPENED:c-1,f-1,i0, conf=-1: [daebe4f8-0ad9-4eb2-8ed7-3a8051847eb6:192.168.69.118:44860, 389d5540-641f-48c2-a9df-60738dbad976:192.168.69.118:45712, 279bca68-3e74-4690-81cf-da5ab79b92f7:192.168.69.118:45510], old=null
2019-10-23 12:36:35,068 [279bca68-3e74-4690-81cf-da5ab79b92f7@group-AF49A4A4CA2A-LeaderElection216] INFO  impl.RaftServerImpl (RaftServerImpl.java:setRole(184)) - 279bca68-3e74-4690-81cf-da5ab79b92f7@group-AF49A4A4CA2A: changes role from CANDIDATE to FOLLOWER at term 234 for DISCOVERED_A_NEW_TERM
2019-10-23 12:36:35,069 [279bca68-3e74-4690-81cf-da5ab79b92f7@group-AF49A4A4CA2A-LeaderElection216] INFO  impl.RoleInfo (RoleInfo.java:shutdownLeaderElection(134)) - 279bca68-3e74-4690-81cf-da5ab79b92f7: shutdown LeaderElection
2019-10-23 12:36:35,069 [279bca68-3e74-4690-81cf-da5ab79b92f7@group-AF49A4A4CA2A-LeaderElection216] INFO  impl.RoleInfo (RoleInfo.java:updateAndGet(143)) - 279bca68-3e74-4690-81cf-da5ab79b92f7: start FollowerState
2019-10-23 12:36:35,251 [Thread-1663] INFO  impl.FollowerState (FollowerState.java:run(108)) - 279bca68-3e74-4690-81cf-da5ab79b92f7@group-AF49A4A4CA2A-FollowerState: change to CANDIDATE, lastRpcTime:182ms, electionTimeout:182ms
2019-10-23 12:36:35,251 [Thread-1663] INFO  impl.RoleInfo (RoleInfo.java:shutdownFollowerState(121)) - 279bca68-3e74-4690-81cf-da5ab79b92f7: shutdown FollowerState
2019-10-23 12:36:35,251 [Thread-1663] INFO  impl.RaftServerImpl (RaftServerImpl.java:setRole(184)) - 279bca68-3e74-4690-81cf-da5ab79b92f7@group-AF49A4A4CA2A: changes role from  FOLLOWER to CANDIDATE at term 234 for changeToCandidate
2019-10-23 12:36:35,252 [Thread-1663] INFO  impl.RoleInfo (RoleInfo.java:updateAndGet(143)) - 279bca68-3e74-4690-81cf-da5ab79b92f7: start LeaderElection
2019-10-23 12:36:35,278 [279bca68-3e74-4690-81cf-da5ab79b92f7@group-AF49A4A4CA2A-LeaderElection217] INFO  impl.LeaderElection (LeaderElection.java:askForVotes(178)) - 279bca68-3e74-4690-81cf-da5ab79b92f7@group-AF49A4A4CA2A-LeaderElection217: begin an election at term 235 for -1: [daebe4f8-0ad9-4eb2-8ed7-3a8051847eb6:192.168.69.118:44860, 389d5540-641f-48c2-a9df-60738dbad976:192.168.69.118:45712, 279bca68-3e74-4690-81cf-da5ab79b92f7:192.168.69.118:45510], old=null
2019-10-23 12:36:35,280 [grpc-default-executor-0] INFO  impl.RaftServerImpl (RaftServerImpl.java:setRole(184)) - 389d5540-641f-48c2-a9df-60738dbad976@group-AF49A4A4CA2A: changes role from  FOLLOWER to FOLLOWER at term 235 for recognizeCandidate:279bca68-3e74-4690-81cf-da5ab79b92f7
2019-10-23 12:36:35,280 [grpc-default-executor-0] INFO  impl.RoleInfo (RoleInfo.java:shutdownFollowerState(121)) - 389d5540-641f-48c2-a9df-60738dbad976: shutdown FollowerState
2019-10-23 12:36:35,281 [grpc-default-executor-4] INFO  impl.RaftServerImpl (RaftServerImpl.java:setRole(184)) - daebe4f8-0ad9-4eb2-8ed7-3a8051847eb6@group-AF49A4A4CA2A: changes role from  FOLLOWER to FOLLOWER at term 235 for recognizeCandidate:279bca68-3e74-4690-81cf-da5ab79b92f7
2019-10-23 12:36:35,281 [Thread-1661] INFO  impl.FollowerState (FollowerState.java:run(117)) - 389d5540-641f-48c2-a9df-60738dbad976@group-AF49A4A4CA2A-FollowerState was interrupted: java.lang.InterruptedException: sleep interrupted
2019-10-23 12:36:35,281 [grpc-default-executor-0] INFO  impl.RoleInfo (RoleInfo.java:updateAndGet(143)) - 389d5540-641f-48c2-a9df-60738dbad976: start FollowerState
2019-10-23 12:36:35,281 [grpc-default-executor-4] INFO  impl.RoleInfo (RoleInfo.java:shutdownFollowerState(121)) - daebe4f8-0ad9-4eb2-8ed7-3a8051847eb6: shutdown FollowerState
2019-10-23 12:36:35,281 [grpc-default-executor-4] INFO  impl.RoleInfo (RoleInfo.java:updateAndGet(143)) - daebe4f8-0ad9-4eb2-8ed7-3a8051847eb6: start FollowerState
2019-10-23 12:36:35,281 [Thread-1662] INFO  impl.FollowerState (FollowerState.java:run(117)) - daebe4f8-0ad9-4eb2-8ed7-3a8051847eb6@group-AF49A4A4CA2A-FollowerState was interrupted: java.lang.InterruptedException: sleep interrupted
2019-10-23 12:36:35,296 [279bca68-3e74-4690-81cf-da5ab79b92f7@group-AF49A4A4CA2A-LeaderElection217] INFO  impl.LeaderElection (LeaderElection.java:logAndReturn(56)) - 279bca68-3e74-4690-81cf-da5ab79b92f7@group-AF49A4A4CA2A-LeaderElection217: Election REJECTED; received 2 response(s) [279bca68-3e74-4690-81cf-da5ab79b92f7<-daebe4f8-0ad9-4eb2-8ed7-3a8051847eb6#0:FAIL-t235, 279bca68-3e74-4690-81cf-da5ab79b92f7<-389d5540-641f-48c2-a9df-60738dbad976#0:FAIL-t235] and 0 exception(s); 279bca68-3e74-4690-81cf-da5ab79b92f7@group-AF49A4A4CA2A:t235, leader=null, voted=279bca68-3e74-4690-81cf-da5ab79b92f7, raftlog=279bca68-3e74-4690-81cf-da5ab79b92f7@group-AF49A4A4CA2A-SegmentedRaftLog:OPENED:c-1,f-1,i0, conf=-1: [daebe4f8-0ad9-4eb2-8ed7-3a8051847eb6:192.168.69.118:44860, 389d5540-641f-48c2-a9df-60738dbad976:192.168.69.118:45712, 279bca68-3e74-4690-81cf-da5ab79b92f7:192.168.69.118:45510], old=null
2019-10-23 12:36:35,296 [279bca68-3e74-4690-81cf-da5ab79b92f7@group-AF49A4A4CA2A-LeaderElection217] INFO  impl.RaftServerImpl (RaftServerImpl.java:setRole(184)) - 279bca68-3e74-4690-81cf-da5ab79b92f7@group-AF49A4A4CA2A: changes role from CANDIDATE to FOLLOWER at term 235 for DISCOVERED_A_NEW_TERM
2019-10-23 12:36:35,296 [279bca68-3e74-4690-81cf-da5ab79b92f7@group-AF49A4A4CA2A-LeaderElection217] INFO  impl.RoleInfo (RoleInfo.java:shutdownLeaderElection(134)) - 279bca68-3e74-4690-81cf-da5ab79b92f7: shutdown LeaderElection
2019-10-23 12:36:35,296 [279bca68-3e74-4690-81cf-da5ab79b92f7@group-AF49A4A4CA2A-LeaderElection217] INFO  impl.RoleInfo (RoleInfo.java:updateAndGet(143)) - 279bca68-3e74-4690-81cf-da5ab79b92f7: start FollowerState
2019-10-23 12:36:35,488 [Thread-1671] INFO  impl.FollowerState (FollowerState.java:run(108)) - 279bca68-3e74-4690-81cf-da5ab79b92f7@group-AF49A4A4CA2A-FollowerState: change to CANDIDATE, lastRpcTime:191ms, electionTimeout:191ms
2019-10-23 12:36:35,488 [Thread-1671] INFO  impl.RoleInfo (RoleInfo.java:shutdownFollowerState(121)) - 279bca68-3e74-4690-81cf-da5ab79b92f7: shutdown FollowerState
2019-10-23 12:36:35,488 [Thread-1671] INFO  impl.RaftServerImpl (RaftServerImpl.java:setRole(184)) - 279bca68-3e74-4690-81cf-da5ab79b92f7@group-AF49A4A4CA2A: changes role from  FOLLOWER to CANDIDATE at term 235 for changeToCandidate
2019-10-23 12:36:35,488 [Thread-1671] INFO  impl.RoleInfo (RoleInfo.java:updateAndGet(143)) - 279bca68-3e74-4690-81cf-da5ab79b92f7: start LeaderElection
2019-10-23 12:36:35,503 [279bca68-3e74-4690-81cf-da5ab79b92f7@group-AF49A4A4CA2A-LeaderElection218] INFO  impl.LeaderElection (LeaderElection.java:askForVotes(178)) - 279bca68-3e74-4690-81cf-da5ab79b92f7@group-AF49A4A4CA2A-LeaderElection218: begin an election at term 236 for -1: [daebe4f8-0ad9-4eb2-8ed7-3a8051847eb6:192.168.69.118:44860, 389d5540-641f-48c2-a9df-60738dbad976:192.168.69.118:45712, 279bca68-3e74-4690-81cf-da5ab79b92f7:192.168.69.118:45510], old=null
2019-10-23 12:36:35,505 [grpc-default-executor-0] INFO  impl.RaftServerImpl (RaftServerImpl.java:setRole(184)) - daebe4f8-0ad9-4eb2-8ed7-3a8051847eb6@group-AF49A4A4CA2A: changes role from  FOLLOWER to FOLLOWER at term 236 for recognizeCandidate:279bca68-3e74-4690-81cf-da5ab79b92f7
2019-10-23 12:36:35,505 [grpc-default-executor-4] INFO  impl.RaftServerImpl (RaftServerImpl.java:setRole(184)) - 389d5540-641f-48c2-a9df-60738dbad976@group-AF49A4A4CA2A: changes role from  FOLLOWER to FOLLOWER at term 236 for recognizeCandidate:279bca68-3e74-4690-81cf-da5ab79b92f7
2019-10-23 12:36:35,505 [grpc-default-executor-0] INFO  impl.RoleInfo (RoleInfo.java:shutdownFollowerState(121)) - daebe4f8-0ad9-4eb2-8ed7-3a8051847eb6: shutdown FollowerState
2019-10-23 12:36:35,505 [grpc-default-executor-4] INFO  impl.RoleInfo (RoleInfo.java:shutdownFollowerState(121)) - 389d5540-641f-48c2-a9df-60738dbad976: shutdown FollowerState
2019-10-23 12:36:35,506 [Thread-1670] INFO  impl.FollowerState (FollowerState.java:run(117)) - daebe4f8-0ad9-4eb2-8ed7-3a8051847eb6@group-AF49A4A4CA2A-FollowerState was interrupted: java.lang.InterruptedException: sleep interrupted
2019-10-23 12:36:35,506 [grpc-default-executor-0] INFO  impl.RoleInfo (RoleInfo.java:updateAndGet(143)) - daebe4f8-0ad9-4eb2-8ed7-3a8051847eb6: start FollowerState
2019-10-23 12:36:35,506 [Thread-1669] INFO  impl.FollowerState (FollowerState.java:run(117)) - 389d5540-641f-48c2-a9df-60738dbad976@group-AF49A4A4CA2A-FollowerState was interrupted: java.lang.InterruptedException: sleep interrupted
2019-10-23 12:36:35,506 [grpc-default-executor-4] INFO  impl.RoleInfo (RoleInfo.java:updateAndGet(143)) - 389d5540-641f-48c2-a9df-60738dbad976: start FollowerState
2019-10-23 12:36:35,521 [279bca68-3e74-4690-81cf-da5ab79b92f7@group-AF49A4A4CA2A-LeaderElection218] INFO  impl.LeaderElection (LeaderElection.java:logAndReturn(56)) - 279bca68-3e74-4690-81cf-da5ab79b92f7@group-AF49A4A4CA2A-LeaderElection218: Election REJECTED; received 2 response(s) [279bca68-3e74-4690-81cf-da5ab79b92f7<-daebe4f8-0ad9-4eb2-8ed7-3a8051847eb6#0:FAIL-t236, 279bca68-3e74-4690-81cf-da5ab79b92f7<-389d5540-641f-48c2-a9df-60738dbad976#0:FAIL-t236] and 0 exception(s); 279bca68-3e74-4690-81cf-da5ab79b92f7@group-AF49A4A4CA2A:t236, leader=null, voted=279bca68-3e74-4690-81cf-da5ab79b92f7, raftlog=279bca68-3e74-4690-81cf-da5ab79b92f7@group-AF49A4A4CA2A-SegmentedRaftLog:OPENED:c-1,f-1,i0, conf=-1: [daebe4f8-0ad9-4eb2-8ed7-3a8051847eb6:192.168.69.118:44860, 389d5540-641f-48c2-a9df-60738dbad976:192.168.69.118:45712, 279bca68-3e74-4690-81cf-da5ab79b92f7:192.168.69.118:45510], old=null
2019-10-23 12:36:35,521 [279bca68-3e74-4690-81cf-da5ab79b92f7@group-AF49A4A4CA2A-LeaderElection218] INFO  impl.RaftServerImpl (RaftServerImpl.java:setRole(184)) - 279bca68-3e74-4690-81cf-da5ab79b92f7@group-AF49A4A4CA2A: changes role from CANDIDATE to FOLLOWER at term 236 for DISCOVERED_A_NEW_TERM
2019-10-23 12:36:35,521 [279bca68-3e74-4690-81cf-da5ab79b92f7@group-AF49A4A4CA2A-LeaderElection218] INFO  impl.RoleInfo (RoleInfo.java:shutdownLeaderElection(134)) - 279bca68-3e74-4690-81cf-da5ab79b92f7: shutdown LeaderElection
2019-10-23 12:36:35,521 [279bca68-3e74-4690-81cf-da5ab79b92f7@group-AF49A4A4CA2A-LeaderElection218] INFO  impl.RoleInfo (RoleInfo.java:updateAndGet(143)) - 279bca68-3e74-4690-81cf-da5ab79b92f7: start FollowerState
2019-10-23 12:36:35,666 [Thread-1677] INFO  impl.FollowerState (FollowerState.java:run(108)) - 279bca68-3e74-4690-81cf-da5ab79b92f7@group-AF49A4A4CA2A-FollowerState: change to CANDIDATE, lastRpcTime:144ms, electionTimeout:144ms
2019-10-23 12:36:35,666 [Thread-1677] INFO  impl.RoleInfo (RoleInfo.java:shutdownFollowerState(121)) - 279bca68-3e74-4690-81cf-da5ab79b92f7: shutdown FollowerState
2019-10-23 12:36:35,666 [Thread-1677] INFO  impl.RaftServerImpl (RaftServerImpl.java:setRole(184)) - 279bca68-3e74-4690-81cf-da5ab79b92f7@group-AF49A4A4CA2A: changes role from  FOLLOWER to CANDIDATE at term 236 for changeToCandidate
2019-10-23 12:36:35,666 [Thread-1677] INFO  impl.RoleInfo (RoleInfo.java:updateAndGet(143)) - 279bca68-3e74-4690-81cf-da5ab79b92f7: start LeaderElection
2019-10-23 12:36:35,692 [279bca68-3e74-4690-81cf-da5ab79b92f7@group-AF49A4A4CA2A-LeaderElection219] INFO  impl.LeaderElection (LeaderElection.java:askForVotes(178)) - 279bca68-3e74-4690-81cf-da5ab79b92f7@group-AF49A4A4CA2A-LeaderElection219: begin an election at term 237 for -1: [daebe4f8-0ad9-4eb2-8ed7-3a8051847eb6:192.168.69.118:44860, 389d5540-641f-48c2-a9df-60738dbad976:192.168.69.118:45712, 279bca68-3e74-4690-81cf-da5ab79b92f7:192.168.69.118:45510], old=null
2019-10-23 12:36:35,694 [grpc-default-executor-4] INFO  impl.RaftServerImpl (RaftServerImpl.java:setRole(184)) - 389d5540-641f-48c2-a9df-60738dbad976@group-AF49A4A4CA2A: changes role from  FOLLOWER to FOLLOWER at term 237 for recognizeCandidate:279bca68-3e74-4690-81cf-da5ab79b92f7
2019-10-23 12:36:35,694 [grpc-default-executor-4] INFO  impl.RoleInfo (RoleInfo.java:shutdownFollowerState(121)) - 389d5540-641f-48c2-a9df-60738dbad976: shutdown FollowerState
2019-10-23 12:36:35,695 [grpc-default-executor-0] INFO  impl.RaftServerImpl (RaftServerImpl.java:setRole(184)) - daebe4f8-0ad9-4eb2-8ed7-3a8051847eb6@group-AF49A4A4CA2A: changes role from  FOLLOWER to FOLLOWER at term 237 for recognizeCandidate:279bca68-3e74-4690-81cf-da5ab79b92f7
2019-10-23 12:36:35,695 [grpc-default-executor-4] INFO  impl.RoleInfo (RoleInfo.java:updateAndGet(143)) - 389d5540-641f-48c2-a9df-60738dbad976: start FollowerState
2019-10-23 12:36:35,695 [Thread-1676] INFO  impl.FollowerState (FollowerState.java:run(117)) - 389d5540-641f-48c2-a9df-60738dbad976@group-AF49A4A4CA2A-FollowerState was interrupted: java.lang.InterruptedException: sleep interrupted
2019-10-23 12:36:35,695 [grpc-default-executor-0] INFO  impl.RoleInfo (RoleInfo.java:shutdownFollowerState(121)) - daebe4f8-0ad9-4eb2-8ed7-3a8051847eb6: shutdown FollowerState
2019-10-23 12:36:35,695 [grpc-default-executor-0] INFO  impl.RoleInfo (RoleInfo.java:updateAndGet(143)) - daebe4f8-0ad9-4eb2-8ed7-3a8051847eb6: start FollowerState
2019-10-23 12:36:35,695 [Thread-1675] INFO  impl.FollowerState (FollowerState.java:run(117)) - daebe4f8-0ad9-4eb2-8ed7-3a8051847eb6@group-AF49A4A4CA2A-FollowerState was interrupted: java.lang.InterruptedException: sleep interrupted
2019-10-23 12:36:35,710 [279bca68-3e74-4690-81cf-da5ab79b92f7@group-AF49A4A4CA2A-LeaderElection219] INFO  impl.LeaderElection (LeaderElection.java:logAndReturn(56)) - 279bca68-3e74-4690-81cf-da5ab79b92f7@group-AF49A4A4CA2A-LeaderElection219: Election REJECTED; received 2 response(s) [279bca68-3e74-4690-81cf-da5ab79b92f7<-daebe4f8-0ad9-4eb2-8ed7-3a8051847eb6#0:FAIL-t237, 279bca68-3e74-4690-81cf-da5ab79b92f7<-389d5540-641f-48c2-a9df-60738dbad976#0:FAIL-t237] and 0 exception(s); 279bca68-3e74-4690-81cf-da5ab79b92f7@group-AF49A4A4CA2A:t237, leader=null, voted=279bca68-3e74-4690-81cf-da5ab79b92f7, raftlog=279bca68-3e74-4690-81cf-da5ab79b92f7@group-AF49A4A4CA2A-SegmentedRaftLog:OPENED:c-1,f-1,i0, conf=-1: [daebe4f8-0ad9-4eb2-8ed7-3a8051847eb6:192.168.69.118:44860, 389d5540-641f-48c2-a9df-60738dbad976:192.168.69.118:45712, 279bca68-3e74-4690-81cf-da5ab79b92f7:192.168.69.118:45510], old=null
2019-10-23 12:36:35,710 [279bca68-3e74-4690-81cf-da5ab79b92f7@group-AF49A4A4CA2A-LeaderElection219] INFO  impl.RaftServerImpl (RaftServerImpl.java:setRole(184)) - 279bca68-3e74-4690-81cf-da5ab79b92f7@group-AF49A4A4CA2A: changes role from CANDIDATE to FOLLOWER at term 237 for DISCOVERED_A_NEW_TERM
2019-10-23 12:36:35,710 [279bca68-3e74-4690-81cf-da5ab79b92f7@group-AF49A4A4CA2A-LeaderElection219] INFO  impl.RoleInfo (RoleInfo.java:shutdownLeaderElection(134)) - 279bca68-3e74-4690-81cf-da5ab79b92f7: shutdown LeaderElection
2019-10-23 12:36:35,711 [279bca68-3e74-4690-81cf-da5ab79b92f7@group-AF49A4A4CA2A-LeaderElection219] INFO  impl.RoleInfo (RoleInfo.java:updateAndGet(143)) - 279bca68-3e74-4690-81cf-da5ab79b92f7: start FollowerState
2019-10-23 12:36:35,870 [Thread-1683] INFO  impl.FollowerState (FollowerState.java:run(108)) - 279bca68-3e74-4690-81cf-da5ab79b92f7@group-AF49A4A4CA2A-FollowerState: change to CANDIDATE, lastRpcTime:159ms, electionTimeout:159ms
2019-10-23 12:36:35,870 [Thread-1683] INFO  impl.RoleInfo (RoleInfo.java:shutdownFollowerState(121)) - 279bca68-3e74-4690-81cf-da5ab79b92f7: shutdown FollowerState
2019-10-23 12:36:35,870 [Thread-1683] INFO  impl.RaftServerImpl (RaftServerImpl.java:setRole(184)) - 279bca68-3e74-4690-81cf-da5ab79b92f7@group-AF49A4A4CA2A: changes role from  FOLLOWER to CANDIDATE at term 237 for changeToCandidate
2019-10-23 12:36:35,870 [Thread-1683] INFO  impl.RoleInfo (RoleInfo.java:updateAndGet(143)) - 279bca68-3e74-4690-81cf-da5ab79b92f7: start LeaderElection
2019-10-23 12:36:35,894 [279bca68-3e74-4690-81cf-da5ab79b92f7@group-AF49A4A4CA2A-LeaderElection220] INFO  impl.LeaderElection (LeaderElection.java:askForVotes(178)) - 279bca68-3e74-4690-81cf-da5ab79b92f7@group-AF49A4A4CA2A-LeaderElection220: begin an election at term 238 for -1: [daebe4f8-0ad9-4eb2-8ed7-3a8051847eb6:192.168.69.118:44860, 389d5540-641f-48c2-a9df-60738dbad976:192.168.69.118:45712, 279bca68-3e74-4690-81cf-da5ab79b92f7:192.168.69.118:45510], old=null
2019-10-23 12:36:35,896 [grpc-default-executor-4] INFO  impl.RaftServerImpl (RaftServerImpl.java:setRole(184)) - daebe4f8-0ad9-4eb2-8ed7-3a8051847eb6@group-AF49A4A4CA2A: changes role from  FOLLOWER to FOLLOWER at term 238 for recognizeCandidate:279bca68-3e74-4690-81cf-da5ab79b92f7
2019-10-23 12:36:35,897 [grpc-default-executor-0] INFO  impl.RaftServerImpl (RaftServerImpl.java:setRole(184)) - 389d5540-641f-48c2-a9df-60738dbad976@group-AF49A4A4CA2A: changes role from  FOLLOWER to FOLLOWER at term 238 for recognizeCandidate:279bca68-3e74-4690-81cf-da5ab79b92f7
2019-10-23 12:36:35,897 [grpc-default-executor-0] INFO  impl.RoleInfo (RoleInfo.java:shutdownFollowerState(121)) - 389d5540-641f-48c2-a9df-60738dbad976: shutdown FollowerState
2019-10-23 12:36:35,897 [grpc-default-executor-4] INFO  impl.RoleInfo (RoleInfo.java:shutdownFollowerState(121)) - daebe4f8-0ad9-4eb2-8ed7-3a8051847eb6: shutdown FollowerState
2019-10-23 12:36:35,897 [Thread-1681] INFO  impl.FollowerState (FollowerState.java:run(117)) - 389d5540-641f-48c2-a9df-60738dbad976@group-AF49A4A4CA2A-FollowerState was interrupted: java.lang.InterruptedException: sleep interrupted
2019-10-23 12:36:35,897 [grpc-default-executor-0] INFO  impl.RoleInfo (RoleInfo.java:updateAndGet(143)) - 389d5540-641f-48c2-a9df-60738dbad976: start FollowerState
2019-10-23 12:36:35,897 [Thread-1682] INFO  impl.FollowerState (FollowerState.java:run(117)) - daebe4f8-0ad9-4eb2-8ed7-3a8051847eb6@group-AF49A4A4CA2A-FollowerState was interrupted: java.lang.InterruptedException: sleep interrupted
2019-10-23 12:36:35,897 [grpc-default-executor-4] INFO  impl.RoleInfo (RoleInfo.java:updateAndGet(143)) - daebe4f8-0ad9-4eb2-8ed7-3a8051847eb6: start FollowerState
2019-10-23 12:36:35,912 [279bca68-3e74-4690-81cf-da5ab79b92f7@group-AF49A4A4CA2A-LeaderElection220] INFO  impl.LeaderElection (LeaderElection.java:logAndReturn(56)) - 279bca68-3e74-4690-81cf-da5ab79b92f7@group-AF49A4A4CA2A-LeaderElection220: Election REJECTED; received 2 response(s) [279bca68-3e74-4690-81cf-da5ab79b92f7<-daebe4f8-0ad9-4eb2-8ed7-3a8051847eb6#0:FAIL-t238, 279bca68-3e74-4690-81cf-da5ab79b92f7<-389d5540-641f-48c2-a9df-60738dbad976#0:FAIL-t238] and 0 exception(s); 279bca68-3e74-4690-81cf-da5ab79b92f7@group-AF49A4A4CA2A:t238, leader=null, voted=279bca68-3e74-4690-81cf-da5ab79b92f7, raftlog=279bca68-3e74-4690-81cf-da5ab79b92f7@group-AF49A4A4CA2A-SegmentedRaftLog:OPENED:c-1,f-1,i0, conf=-1: [daebe4f8-0ad9-4eb2-8ed7-3a8051847eb6:192.168.69.118:44860, 389d5540-641f-48c2-a9df-60738dbad976:192.168.69.118:45712, 279bca68-3e74-4690-81cf-da5ab79b92f7:192.168.69.118:45510], old=null
2019-10-23 12:36:35,913 [279bca68-3e74-4690-81cf-da5ab79b92f7@group-AF49A4A4CA2A-LeaderElection220] INFO  impl.RaftServerImpl (RaftServerImpl.java:setRole(184)) - 279bca68-3e74-4690-81cf-da5ab79b92f7@group-AF49A4A4CA2A: changes role from CANDIDATE to FOLLOWER at term 238 for DISCOVERED_A_NEW_TERM
2019-10-23 12:36:35,913 [279bca68-3e74-4690-81cf-da5ab79b92f7@group-AF49A4A4CA2A-LeaderElection220] INFO  impl.RoleInfo (RoleInfo.java:shutdownLeaderElection(134)) - 279bca68-3e74-4690-81cf-da5ab79b92f7: shutdown LeaderElection
2019-10-23 12:36:35,913 [279bca68-3e74-4690-81cf-da5ab79b92f7@group-AF49A4A4CA2A-LeaderElection220] INFO  impl.RoleInfo (RoleInfo.java:updateAndGet(143)) - 279bca68-3e74-4690-81cf-da5ab79b92f7: start FollowerState
2019-10-23 12:36:36,073 [Thread-1689] INFO  impl.FollowerState (FollowerState.java:run(108)) - 279bca68-3e74-4690-81cf-da5ab79b92f7@group-AF49A4A4CA2A-FollowerState: change to CANDIDATE, lastRpcTime:160ms, electionTimeout:160ms
2019-10-23 12:36:36,074 [Thread-1689] INFO  impl.RoleInfo (RoleInfo.java:shutdownFollowerState(121)) - 279bca68-3e74-4690-81cf-da5ab79b92f7: shutdown FollowerState
2019-10-23 12:36:36,074 [Thread-1689] INFO  impl.RaftServerImpl (RaftServerImpl.java:setRole(184)) - 279bca68-3e74-4690-81cf-da5ab79b92f7@group-AF49A4A4CA2A: changes role from  FOLLOWER to CANDIDATE at term 238 for changeToCandidate
2019-10-23 12:36:36,074 [Thread-1689] INFO  impl.RoleInfo (RoleInfo.java:updateAndGet(143)) - 279bca68-3e74-4690-81cf-da5ab79b92f7: start LeaderElection
2019-10-23 12:36:36,088 [279bca68-3e74-4690-81cf-da5ab79b92f7@group-AF49A4A4CA2A-LeaderElection221] INFO  impl.LeaderElection (LeaderElection.java:askForVotes(178)) - 279bca68-3e74-4690-81cf-da5ab79b92f7@group-AF49A4A4CA2A-LeaderElection221: begin an election at term 239 for -1: [daebe4f8-0ad9-4eb2-8ed7-3a8051847eb6:192.168.69.118:44860, 389d5540-641f-48c2-a9df-60738dbad976:192.168.69.118:45712, 279bca68-3e74-4690-81cf-da5ab79b92f7:192.168.69.118:45510], old=null
2019-10-23 12:36:36,091 [grpc-default-executor-0] INFO  impl.RaftServerImpl (RaftServerImpl.java:setRole(184)) - daebe4f8-0ad9-4eb2-8ed7-3a8051847eb6@group-AF49A4A4CA2A: changes role from  FOLLOWER to FOLLOWER at term 239 for recognizeCandidate:279bca68-3e74-4690-81cf-da5ab79b92f7
2019-10-23 12:36:36,091 [grpc-default-executor-4] INFO  impl.RaftServerImpl (RaftServerImpl.java:setRole(184)) - 389d5540-641f-48c2-a9df-60738dbad976@group-AF49A4A4CA2A: changes role from  FOLLOWER to FOLLOWER at term 239 for recognizeCandidate:279bca68-3e74-4690-81cf-da5ab79b92f7
2019-10-23 12:36:36,092 [grpc-default-executor-4] INFO  impl.RoleInfo (RoleInfo.java:shutdownFollowerState(121)) - 389d5540-641f-48c2-a9df-60738dbad976: shutdown FollowerState
2019-10-23 12:36:36,092 [grpc-default-executor-0] INFO  impl.RoleInfo (RoleInfo.java:shutdownFollowerState(121)) - daebe4f8-0ad9-4eb2-8ed7-3a8051847eb6: shutdown FollowerState
2019-10-23 12:36:36,092 [Thread-1687] INFO  impl.FollowerState (FollowerState.java:run(117)) - 389d5540-641f-48c2-a9df-60738dbad976@group-AF49A4A4CA2A-FollowerState was interrupted: java.lang.InterruptedException: sleep interrupted
2019-10-23 12:36:36,092 [grpc-default-executor-4] INFO  impl.RoleInfo (RoleInfo.java:updateAndGet(143)) - 389d5540-641f-48c2-a9df-60738dbad976: start FollowerState
2019-10-23 12:36:36,092 [Thread-1688] INFO  impl.FollowerState (FollowerState.java:run(117)) - daebe4f8-0ad9-4eb2-8ed7-3a8051847eb6@group-AF49A4A4CA2A-FollowerState was interrupted: java.lang.InterruptedException: sleep interrupted
2019-10-23 12:36:36,092 [grpc-default-executor-0] INFO  impl.RoleInfo (RoleInfo.java:updateAndGet(143)) - daebe4f8-0ad9-4eb2-8ed7-3a8051847eb6: start FollowerState
2019-10-23 12:36:36,107 [279bca68-3e74-4690-81cf-da5ab79b92f7@group-AF49A4A4CA2A-LeaderElection221] INFO  impl.LeaderElection (LeaderElection.java:logAndReturn(56)) - 279bca68-3e74-4690-81cf-da5ab79b92f7@group-AF49A4A4CA2A-LeaderElection221: Election REJECTED; received 2 response(s) [279bca68-3e74-4690-81cf-da5ab79b92f7<-daebe4f8-0ad9-4eb2-8ed7-3a8051847eb6#0:FAIL-t239, 279bca68-3e74-4690-81cf-da5ab79b92f7<-389d5540-641f-48c2-a9df-60738dbad976#0:FAIL-t239] and 0 exception(s); 279bca68-3e74-4690-81cf-da5ab79b92f7@group-AF49A4A4CA2A:t239, leader=null, voted=279bca68-3e74-4690-81cf-da5ab79b92f7, raftlog=279bca68-3e74-4690-81cf-da5ab79b92f7@group-AF49A4A4CA2A-SegmentedRaftLog:OPENED:c-1,f-1,i0, conf=-1: [daebe4f8-0ad9-4eb2-8ed7-3a8051847eb6:192.168.69.118:44860, 389d5540-641f-48c2-a9df-60738dbad976:192.168.69.118:45712, 279bca68-3e74-4690-81cf-da5ab79b92f7:192.168.69.118:45510], old=null
2019-10-23 12:36:36,107 [279bca68-3e74-4690-81cf-da5ab79b92f7@group-AF49A4A4CA2A-LeaderElection221] INFO  impl.RaftServerImpl (RaftServerImpl.java:setRole(184)) - 279bca68-3e74-4690-81cf-da5ab79b92f7@group-AF49A4A4CA2A: changes role from CANDIDATE to FOLLOWER at term 239 for DISCOVERED_A_NEW_TERM
2019-10-23 12:36:36,107 [279bca68-3e74-4690-81cf-da5ab79b92f7@group-AF49A4A4CA2A-LeaderElection221] INFO  impl.RoleInfo (RoleInfo.java:shutdownLeaderElection(134)) - 279bca68-3e74-4690-81cf-da5ab79b92f7: shutdown LeaderElection
2019-10-23 12:36:36,108 [279bca68-3e74-4690-81cf-da5ab79b92f7@group-AF49A4A4CA2A-LeaderElection221] INFO  impl.RoleInfo (RoleInfo.java:updateAndGet(143)) - 279bca68-3e74-4690-81cf-da5ab79b92f7: start FollowerState
2019-10-23 12:36:36,209 [Thread-1695] INFO  impl.FollowerState (FollowerState.java:run(108)) - 279bca68-3e74-4690-81cf-da5ab79b92f7@group-AF49A4A4CA2A-FollowerState: change to CANDIDATE, lastRpcTime:101ms, electionTimeout:101ms
2019-10-23 12:36:36,209 [Thread-1695] INFO  impl.RoleInfo (RoleInfo.java:shutdownFollowerState(121)) - 279bca68-3e74-4690-81cf-da5ab79b92f7: shutdown FollowerState
2019-10-23 12:36:36,209 [Thread-1695] INFO  impl.RaftServerImpl (RaftServerImpl.java:setRole(184)) - 279bca68-3e74-4690-81cf-da5ab79b92f7@group-AF49A4A4CA2A: changes role from  FOLLOWER to CANDIDATE at term 239 for changeToCandidate
2019-10-23 12:36:36,210 [Thread-1695] INFO  impl.RoleInfo (RoleInfo.java:updateAndGet(143)) - 279bca68-3e74-4690-81cf-da5ab79b92f7: start LeaderElection
2019-10-23 12:36:36,223 [279bca68-3e74-4690-81cf-da5ab79b92f7@group-AF49A4A4CA2A-LeaderElection222] INFO  impl.LeaderElection (LeaderElection.java:askForVotes(178)) - 279bca68-3e74-4690-81cf-da5ab79b92f7@group-AF49A4A4CA2A-LeaderElection222: begin an election at term 240 for -1: [daebe4f8-0ad9-4eb2-8ed7-3a8051847eb6:192.168.69.118:44860, 389d5540-641f-48c2-a9df-60738dbad976:192.168.69.118:45712, 279bca68-3e74-4690-81cf-da5ab79b92f7:192.168.69.118:45510], old=null
2019-10-23 12:36:36,225 [grpc-default-executor-4] INFO  impl.RaftServerImpl (RaftServerImpl.java:setRole(184)) - daebe4f8-0ad9-4eb2-8ed7-3a8051847eb6@group-AF49A4A4CA2A: changes role from  FOLLOWER to FOLLOWER at term 240 for recognizeCandidate:279bca68-3e74-4690-81cf-da5ab79b92f7
2019-10-23 12:36:36,226 [grpc-default-executor-4] INFO  impl.RoleInfo (RoleInfo.java:shutdownFollowerState(121)) - daebe4f8-0ad9-4eb2-8ed7-3a8051847eb6: shutdown FollowerState
2019-10-23 12:36:36,226 [grpc-default-executor-4] INFO  impl.RoleInfo (RoleInfo.java:updateAndGet(143)) - daebe4f8-0ad9-4eb2-8ed7-3a8051847eb6: start FollowerState
2019-10-23 12:36:36,226 [Thread-1694] INFO  impl.FollowerState (FollowerState.java:run(117)) - daebe4f8-0ad9-4eb2-8ed7-3a8051847eb6@group-AF49A4A4CA2A-FollowerState was interrupted: java.lang.InterruptedException: sleep interrupted
2019-10-23 12:36:36,226 [grpc-default-executor-0] INFO  impl.RaftServerImpl (RaftServerImpl.java:setRole(184)) - 389d5540-641f-48c2-a9df-60738dbad976@group-AF49A4A4CA2A: changes role from  FOLLOWER to FOLLOWER at term 240 for recognizeCandidate:279bca68-3e74-4690-81cf-da5ab79b92f7
2019-10-23 12:36:36,226 [grpc-default-executor-0] INFO  impl.RoleInfo (RoleInfo.java:shutdownFollowerState(121)) - 389d5540-641f-48c2-a9df-60738dbad976: shutdown FollowerState
2019-10-23 12:36:36,227 [grpc-default-executor-0] INFO  impl.RoleInfo (RoleInfo.java:updateAndGet(143)) - 389d5540-641f-48c2-a9df-60738dbad976: start FollowerState
2019-10-23 12:36:36,227 [Thread-1693] INFO  impl.FollowerState (FollowerState.java:run(117)) - 389d5540-641f-48c2-a9df-60738dbad976@group-AF49A4A4CA2A-FollowerState was interrupted: java.lang.InterruptedException: sleep interrupted
2019-10-23 12:36:36,241 [279bca68-3e74-4690-81cf-da5ab79b92f7@group-AF49A4A4CA2A-LeaderElection222] INFO  impl.LeaderElection (LeaderElection.java:logAndReturn(56)) - 279bca68-3e74-4690-81cf-da5ab79b92f7@group-AF49A4A4CA2A-LeaderElection222: Election REJECTED; received 2 response(s) [279bca68-3e74-4690-81cf-da5ab79b92f7<-daebe4f8-0ad9-4eb2-8ed7-3a8051847eb6#0:FAIL-t240, 279bca68-3e74-4690-81cf-da5ab79b92f7<-389d5540-641f-48c2-a9df-60738dbad976#0:FAIL-t240] and 0 exception(s); 279bca68-3e74-4690-81cf-da5ab79b92f7@group-AF49A4A4CA2A:t240, leader=null, voted=279bca68-3e74-4690-81cf-da5ab79b92f7, raftlog=279bca68-3e74-4690-81cf-da5ab79b92f7@group-AF49A4A4CA2A-SegmentedRaftLog:OPENED:c-1,f-1,i0, conf=-1: [daebe4f8-0ad9-4eb2-8ed7-3a8051847eb6:192.168.69.118:44860, 389d5540-641f-48c2-a9df-60738dbad976:192.168.69.118:45712, 279bca68-3e74-4690-81cf-da5ab79b92f7:192.168.69.118:45510], old=null
2019-10-23 12:36:36,241 [279bca68-3e74-4690-81cf-da5ab79b92f7@group-AF49A4A4CA2A-LeaderElection222] INFO  impl.RaftServerImpl (RaftServerImpl.java:setRole(184)) - 279bca68-3e74-4690-81cf-da5ab79b92f7@group-AF49A4A4CA2A: changes role from CANDIDATE to FOLLOWER at term 240 for DISCOVERED_A_NEW_TERM
2019-10-23 12:36:36,242 [279bca68-3e74-4690-81cf-da5ab79b92f7@group-AF49A4A4CA2A-LeaderElection222] INFO  impl.RoleInfo (RoleInfo.java:shutdownLeaderElection(134)) - 279bca68-3e74-4690-81cf-da5ab79b92f7: shutdown LeaderElection
2019-10-23 12:36:36,242 [279bca68-3e74-4690-81cf-da5ab79b92f7@group-AF49A4A4CA2A-LeaderElection222] INFO  impl.RoleInfo (RoleInfo.java:updateAndGet(143)) - 279bca68-3e74-4690-81cf-da5ab79b92f7: start FollowerState
2019-10-23 12:36:36,387 [Thread-1703] INFO  impl.FollowerState (FollowerState.java:run(108)) - 279bca68-3e74-4690-81cf-da5ab79b92f7@group-AF49A4A4CA2A-FollowerState: change to CANDIDATE, lastRpcTime:145ms, electionTimeout:145ms
2019-10-23 12:36:36,388 [Thread-1703] INFO  impl.RoleInfo (RoleInfo.java:shutdownFollowerState(121)) - 279bca68-3e74-4690-81cf-da5ab79b92f7: shutdown FollowerState
2019-10-23 12:36:36,388 [Thread-1703] INFO  impl.RaftServerImpl (RaftServerImpl.java:setRole(184)) - 279bca68-3e74-4690-81cf-da5ab79b92f7@group-AF49A4A4CA2A: changes role from  FOLLOWER to CANDIDATE at term 240 for changeToCandidate
2019-10-23 12:36:36,388 [Thread-1703] INFO  impl.RoleInfo (RoleInfo.java:updateAndGet(143)) - 279bca68-3e74-4690-81cf-da5ab79b92f7: start LeaderElection
2019-10-23 12:36:36,414 [279bca68-3e74-4690-81cf-da5ab79b92f7@group-AF49A4A4CA2A-LeaderElection223] INFO  impl.LeaderElection (LeaderElection.java:askForVotes(178)) - 279bca68-3e74-4690-81cf-da5ab79b92f7@group-AF49A4A4CA2A-LeaderElection223: begin an election at term 241 for -1: [daebe4f8-0ad9-4eb2-8ed7-3a8051847eb6:192.168.69.118:44860, 389d5540-641f-48c2-a9df-60738dbad976:192.168.69.118:45712, 279bca68-3e74-4690-81cf-da5ab79b92f7:192.168.69.118:45510], old=null
2019-10-23 12:36:36,416 [grpc-default-executor-4] INFO  impl.RaftServerImpl (RaftServerImpl.java:setRole(184)) - daebe4f8-0ad9-4eb2-8ed7-3a8051847eb6@group-AF49A4A4CA2A: changes role from  FOLLOWER to FOLLOWER at term 241 for recognizeCandidate:279bca68-3e74-4690-81cf-da5ab79b92f7
2019-10-23 12:36:36,416 [grpc-default-executor-4] INFO  impl.RoleInfo (RoleInfo.java:shutdownFollowerState(121)) - daebe4f8-0ad9-4eb2-8ed7-3a8051847eb6: shutdown FollowerState
2019-10-23 12:36:36,416 [grpc-default-executor-0] INFO  impl.RaftServerImpl (RaftServerImpl.java:setRole(184)) - 389d5540-641f-48c2-a9df-60738dbad976@group-AF49A4A4CA2A: changes role from  FOLLOWER to FOLLOWER at term 241 for recognizeCandidate:279bca68-3e74-4690-81cf-da5ab79b92f7
2019-10-23 12:36:36,416 [Thread-1701] INFO  impl.FollowerState (FollowerState.java:run(117)) - daebe4f8-0ad9-4eb2-8ed7-3a8051847eb6@group-AF49A4A4CA2A-FollowerState was interrupted: java.lang.InterruptedException: sleep interrupted
2019-10-23 12:36:36,416 [grpc-default-executor-4] INFO  impl.RoleInfo (RoleInfo.java:updateAndGet(143)) - daebe4f8-0ad9-4eb2-8ed7-3a8051847eb6: start FollowerState
2019-10-23 12:36:36,416 [grpc-default-executor-0] INFO  impl.RoleInfo (RoleInfo.java:shutdownFollowerState(121)) - 389d5540-641f-48c2-a9df-60738dbad976: shutdown FollowerState
2019-10-23 12:36:36,417 [grpc-default-executor-0] INFO  impl.RoleInfo (RoleInfo.java:updateAndGet(143)) - 389d5540-641f-48c2-a9df-60738dbad976: start FollowerState
2019-10-23 12:36:36,417 [Thread-1702] INFO  impl.FollowerState (FollowerState.java:run(117)) - 389d5540-641f-48c2-a9df-60738dbad976@group-AF49A4A4CA2A-FollowerState was interrupted: java.lang.InterruptedException: sleep interrupted
2019-10-23 12:36:36,453 [279bca68-3e74-4690-81cf-da5ab79b92f7@group-AF49A4A4CA2A-LeaderElection223] INFO  impl.LeaderElection (LeaderElection.java:logAndReturn(56)) - 279bca68-3e74-4690-81cf-da5ab79b92f7@group-AF49A4A4CA2A-LeaderElection223: Election REJECTED; received 2 response(s) [279bca68-3e74-4690-81cf-da5ab79b92f7<-daebe4f8-0ad9-4eb2-8ed7-3a8051847eb6#0:FAIL-t241, 279bca68-3e74-4690-81cf-da5ab79b92f7<-389d5540-641f-48c2-a9df-60738dbad976#0:FAIL-t241] and 0 exception(s); 279bca68-3e74-4690-81cf-da5ab79b92f7@group-AF49A4A4CA2A:t241, leader=null, voted=279bca68-3e74-4690-81cf-da5ab79b92f7, raftlog=279bca68-3e74-4690-81cf-da5ab79b92f7@group-AF49A4A4CA2A-SegmentedRaftLog:OPENED:c-1,f-1,i0, conf=-1: [daebe4f8-0ad9-4eb2-8ed7-3a8051847eb6:192.168.69.118:44860, 389d5540-641f-48c2-a9df-60738dbad976:192.168.69.118:45712, 279bca68-3e74-4690-81cf-da5ab79b92f7:192.168.69.118:45510], old=null
2019-10-23 12:36:36,453 [279bca68-3e74-4690-81cf-da5ab79b92f7@group-AF49A4A4CA2A-LeaderElection223] INFO  impl.RaftServerImpl (RaftServerImpl.java:setRole(184)) - 279bca68-3e74-4690-81cf-da5ab79b92f7@group-AF49A4A4CA2A: changes role from CANDIDATE to FOLLOWER at term 241 for DISCOVERED_A_NEW_TERM
2019-10-23 12:36:36,453 [279bca68-3e74-4690-81cf-da5ab79b92f7@group-AF49A4A4CA2A-LeaderElection223] INFO  impl.RoleInfo (RoleInfo.java:shutdownLeaderElection(134)) - 279bca68-3e74-4690-81cf-da5ab79b92f7: shutdown LeaderElection
2019-10-23 12:36:36,453 [279bca68-3e74-4690-81cf-da5ab79b92f7@group-AF49A4A4CA2A-LeaderElection223] INFO  impl.RoleInfo (RoleInfo.java:updateAndGet(143)) - 279bca68-3e74-4690-81cf-da5ab79b92f7: start FollowerState
2019-10-23 12:36:36,485 [Thread-1709] INFO  impl.FollowerState (FollowerState.java:run(108)) - 279bca68-3e74-4690-81cf-da5ab79b92f7@group-AF49A4A4CA2A-FollowerState: change to CANDIDATE, lastRpcTime:31ms, electionTimeout:31ms
2019-10-23 12:36:36,485 [Thread-1709] INFO  impl.RoleInfo (RoleInfo.java:shutdownFollowerState(121)) - 279bca68-3e74-4690-81cf-da5ab79b92f7: shutdown FollowerState
2019-10-23 12:36:36,485 [Thread-1709] INFO  impl.RaftServerImpl (RaftServerImpl.java:setRole(184)) - 279bca68-3e74-4690-81cf-da5ab79b92f7@group-AF49A4A4CA2A: changes role from  FOLLOWER to CANDIDATE at term 241 for changeToCandidate
2019-10-23 12:36:36,485 [Thread-1709] INFO  impl.RoleInfo (RoleInfo.java:updateAndGet(143)) - 279bca68-3e74-4690-81cf-da5ab79b92f7: start LeaderElection
2019-10-23 12:36:36,511 [279bca68-3e74-4690-81cf-da5ab79b92f7@group-AF49A4A4CA2A-LeaderElection224] INFO  impl.LeaderElection (LeaderElection.java:askForVotes(178)) - 279bca68-3e74-4690-81cf-da5ab79b92f7@group-AF49A4A4CA2A-LeaderElection224: begin an election at term 242 for -1: [daebe4f8-0ad9-4eb2-8ed7-3a8051847eb6:192.168.69.118:44860, 389d5540-641f-48c2-a9df-60738dbad976:192.168.69.118:45712, 279bca68-3e74-4690-81cf-da5ab79b92f7:192.168.69.118:45510], old=null
2019-10-23 12:36:36,513 [grpc-default-executor-4] INFO  impl.RaftServerImpl (RaftServerImpl.java:setRole(184)) - daebe4f8-0ad9-4eb2-8ed7-3a8051847eb6@group-AF49A4A4CA2A: changes role from  FOLLOWER to FOLLOWER at term 242 for recognizeCandidate:279bca68-3e74-4690-81cf-da5ab79b92f7
2019-10-23 12:36:36,513 [grpc-default-executor-4] INFO  impl.RoleInfo (RoleInfo.java:shutdownFollowerState(121)) - daebe4f8-0ad9-4eb2-8ed7-3a8051847eb6: shutdown FollowerState
2019-10-23 12:36:36,513 [grpc-default-executor-0] INFO  impl.RaftServerImpl (RaftServerImpl.java:setRole(184)) - 389d5540-641f-48c2-a9df-60738dbad976@group-AF49A4A4CA2A: changes role from  FOLLOWER to FOLLOWER at term 242 for recognizeCandidate:279bca68-3e74-4690-81cf-da5ab79b92f7
2019-10-23 12:36:36,513 [Thread-1707] INFO  impl.FollowerState (FollowerState.java:run(117)) - daebe4f8-0ad9-4eb2-8ed7-3a8051847eb6@group-AF49A4A4CA2A-FollowerState was interrupted: java.lang.InterruptedException: sleep interrupted
2019-10-23 12:36:36,513 [grpc-default-executor-4] INFO  impl.RoleInfo (RoleInfo.java:updateAndGet(143)) - daebe4f8-0ad9-4eb2-8ed7-3a8051847eb6: start FollowerState
2019-10-23 12:36:36,513 [grpc-default-executor-0] INFO  impl.RoleInfo (RoleInfo.java:shutdownFollowerState(121)) - 389d5540-641f-48c2-a9df-60738dbad976: shutdown FollowerState
2019-10-23 12:36:36,514 [Thread-1708] INFO  impl.FollowerState (FollowerState.java:run(117)) - 389d5540-641f-48c2-a9df-60738dbad976@group-AF49A4A4CA2A-FollowerState was interrupted: java.lang.InterruptedException: sleep interrupted
2019-10-23 12:36:36,514 [grpc-default-executor-0] INFO  impl.RoleInfo (RoleInfo.java:updateAndGet(143)) - 389d5540-641f-48c2-a9df-60738dbad976: start FollowerState
2019-10-23 12:36:36,541 [279bca68-3e74-4690-81cf-da5ab79b92f7@group-AF49A4A4CA2A-LeaderElection224] INFO  impl.LeaderElection (LeaderElection.java:logAndReturn(56)) - 279bca68-3e74-4690-81cf-da5ab79b92f7@group-AF49A4A4CA2A-LeaderElection224: Election REJECTED; received 2 response(s) [279bca68-3e74-4690-81cf-da5ab79b92f7<-daebe4f8-0ad9-4eb2-8ed7-3a8051847eb6#0:FAIL-t242, 279bca68-3e74-4690-81cf-da5ab79b92f7<-389d5540-641f-48c2-a9df-60738dbad976#0:FAIL-t242] and 0 exception(s); 279bca68-3e74-4690-81cf-da5ab79b92f7@group-AF49A4A4CA2A:t242, leader=null, voted=279bca68-3e74-4690-81cf-da5ab79b92f7, raftlog=279bca68-3e74-4690-81cf-da5ab79b92f7@group-AF49A4A4CA2A-SegmentedRaftLog:OPENED:c-1,f-1,i0, conf=-1: [daebe4f8-0ad9-4eb2-8ed7-3a8051847eb6:192.168.69.118:44860, 389d5540-641f-48c2-a9df-60738dbad976:192.168.69.118:45712, 279bca68-3e74-4690-81cf-da5ab79b92f7:192.168.69.118:45510], old=null
2019-10-23 12:36:36,542 [279bca68-3e74-4690-81cf-da5ab79b92f7@group-AF49A4A4CA2A-LeaderElection224] INFO  impl.RaftServerImpl (RaftServerImpl.java:setRole(184)) - 279bca68-3e74-4690-81cf-da5ab79b92f7@group-AF49A4A4CA2A: changes role from CANDIDATE to FOLLOWER at term 242 for DISCOVERED_A_NEW_TERM
2019-10-23 12:36:36,542 [279bca68-3e74-4690-81cf-da5ab79b92f7@group-AF49A4A4CA2A-LeaderElection224] INFO  impl.RoleInfo (RoleInfo.java:shutdownLeaderElection(134)) - 279bca68-3e74-4690-81cf-da5ab79b92f7: shutdown LeaderElection
2019-10-23 12:36:36,542 [279bca68-3e74-4690-81cf-da5ab79b92f7@group-AF49A4A4CA2A-LeaderElection224] INFO  impl.RoleInfo (RoleInfo.java:updateAndGet(143)) - 279bca68-3e74-4690-81cf-da5ab79b92f7: start FollowerState
2019-10-23 12:36:36,653 [Thread-1715] INFO  impl.FollowerState (FollowerState.java:run(108)) - 279bca68-3e74-4690-81cf-da5ab79b92f7@group-AF49A4A4CA2A-FollowerState: change to CANDIDATE, lastRpcTime:111ms, electionTimeout:111ms
2019-10-23 12:36:36,654 [Thread-1715] INFO  impl.RoleInfo (RoleInfo.java:shutdownFollowerState(121)) - 279bca68-3e74-4690-81cf-da5ab79b92f7: shutdown FollowerState
2019-10-23 12:36:36,654 [Thread-1715] INFO  impl.RaftServerImpl (RaftServerImpl.java:setRole(184)) - 279bca68-3e74-4690-81cf-da5ab79b92f7@group-AF49A4A4CA2A: changes role from  FOLLOWER to CANDIDATE at term 242 for changeToCandidate
2019-10-23 12:36:36,654 [Thread-1715] INFO  impl.RoleInfo (RoleInfo.java:updateAndGet(143)) - 279bca68-3e74-4690-81cf-da5ab79b92f7: start LeaderElection
2019-10-23 12:36:36,670 [279bca68-3e74-4690-81cf-da5ab79b92f7@group-AF49A4A4CA2A-LeaderElection225] INFO  impl.LeaderElection (LeaderElection.java:askForVotes(178)) - 279bca68-3e74-4690-81cf-da5ab79b92f7@group-AF49A4A4CA2A-LeaderElection225: begin an election at term 243 for -1: [daebe4f8-0ad9-4eb2-8ed7-3a8051847eb6:192.168.69.118:44860, 389d5540-641f-48c2-a9df-60738dbad976:192.168.69.118:45712, 279bca68-3e74-4690-81cf-da5ab79b92f7:192.168.69.118:45510], old=null
2019-10-23 12:36:36,672 [grpc-default-executor-0] INFO  impl.RaftServerImpl (RaftServerImpl.java:setRole(184)) - daebe4f8-0ad9-4eb2-8ed7-3a8051847eb6@group-AF49A4A4CA2A: changes role from  FOLLOWER to FOLLOWER at term 243 for recognizeCandidate:279bca68-3e74-4690-81cf-da5ab79b92f7
2019-10-23 12:36:36,672 [grpc-default-executor-0] INFO  impl.RoleInfo (RoleInfo.java:shutdownFollowerState(121)) - daebe4f8-0ad9-4eb2-8ed7-3a8051847eb6: shutdown FollowerState
2019-10-23 12:36:36,672 [grpc-default-executor-0] INFO  impl.RoleInfo (RoleInfo.java:updateAndGet(143)) - daebe4f8-0ad9-4eb2-8ed7-3a8051847eb6: start FollowerState
2019-10-23 12:36:36,672 [grpc-default-executor-4] INFO  impl.RaftServerImpl (RaftServerImpl.java:setRole(184)) - 389d5540-641f-48c2-a9df-60738dbad976@group-AF49A4A4CA2A: changes role from  FOLLOWER to FOLLOWER at term 243 for recognizeCandidate:279bca68-3e74-4690-81cf-da5ab79b92f7
2019-10-23 12:36:36,672 [grpc-default-executor-4] INFO  impl.RoleInfo (RoleInfo.java:shutdownFollowerState(121)) - 389d5540-641f-48c2-a9df-60738dbad976: shutdown FollowerState
2019-10-23 12:36:36,672 [Thread-1713] INFO  impl.FollowerState (FollowerState.java:run(117)) - daebe4f8-0ad9-4eb2-8ed7-3a8051847eb6@group-AF49A4A4CA2A-FollowerState was interrupted: java.lang.InterruptedException: sleep interrupted
2019-10-23 12:36:36,673 [Thread-1714] INFO  impl.FollowerState (FollowerState.java:run(117)) - 389d5540-641f-48c2-a9df-60738dbad976@group-AF49A4A4CA2A-FollowerState was interrupted: java.lang.InterruptedException: sleep interrupted
2019-10-23 12:36:36,673 [grpc-default-executor-4] INFO  impl.RoleInfo (RoleInfo.java:updateAndGet(143)) - 389d5540-641f-48c2-a9df-60738dbad976: start FollowerState
2019-10-23 12:36:36,684 [279bca68-3e74-4690-81cf-da5ab79b92f7@group-AF49A4A4CA2A-LeaderElection225] INFO  impl.LeaderElection (LeaderElection.java:logAndReturn(56)) - 279bca68-3e74-4690-81cf-da5ab79b92f7@group-AF49A4A4CA2A-LeaderElection225: Election REJECTED; received 2 response(s) [279bca68-3e74-4690-81cf-da5ab79b92f7<-daebe4f8-0ad9-4eb2-8ed7-3a8051847eb6#0:FAIL-t243, 279bca68-3e74-4690-81cf-da5ab79b92f7<-389d5540-641f-48c2-a9df-60738dbad976#0:FAIL-t243] and 0 exception(s); 279bca68-3e74-4690-81cf-da5ab79b92f7@group-AF49A4A4CA2A:t243, leader=null, voted=279bca68-3e74-4690-81cf-da5ab79b92f7, raftlog=279bca68-3e74-4690-81cf-da5ab79b92f7@group-AF49A4A4CA2A-SegmentedRaftLog:OPENED:c-1,f-1,i0, conf=-1: [daebe4f8-0ad9-4eb2-8ed7-3a8051847eb6:192.168.69.118:44860, 389d5540-641f-48c2-a9df-60738dbad976:192.168.69.118:45712, 279bca68-3e74-4690-81cf-da5ab79b92f7:192.168.69.118:45510], old=null
2019-10-23 12:36:36,685 [279bca68-3e74-4690-81cf-da5ab79b92f7@group-AF49A4A4CA2A-LeaderElection225] INFO  impl.RaftServerImpl (RaftServerImpl.java:setRole(184)) - 279bca68-3e74-4690-81cf-da5ab79b92f7@group-AF49A4A4CA2A: changes role from CANDIDATE to FOLLOWER at term 243 for DISCOVERED_A_NEW_TERM
2019-10-23 12:36:36,685 [279bca68-3e74-4690-81cf-da5ab79b92f7@group-AF49A4A4CA2A-LeaderElection225] INFO  impl.RoleInfo (RoleInfo.java:shutdownLeaderElection(134)) - 279bca68-3e74-4690-81cf-da5ab79b92f7: shutdown LeaderElection
2019-10-23 12:36:36,685 [279bca68-3e74-4690-81cf-da5ab79b92f7@group-AF49A4A4CA2A-LeaderElection225] INFO  impl.RoleInfo (RoleInfo.java:updateAndGet(143)) - 279bca68-3e74-4690-81cf-da5ab79b92f7: start FollowerState
2019-10-23 12:36:36,764 [Thread-1721] INFO  impl.FollowerState (FollowerState.java:run(108)) - 279bca68-3e74-4690-81cf-da5ab79b92f7@group-AF49A4A4CA2A-FollowerState: change to CANDIDATE, lastRpcTime:79ms, electionTimeout:79ms
2019-10-23 12:36:36,764 [Thread-1721] INFO  impl.RoleInfo (RoleInfo.java:shutdownFollowerState(121)) - 279bca68-3e74-4690-81cf-da5ab79b92f7: shutdown FollowerState
2019-10-23 12:36:36,765 [Thread-1721] INFO  impl.RaftServerImpl (RaftServerImpl.java:setRole(184)) - 279bca68-3e74-4690-81cf-da5ab79b92f7@group-AF49A4A4CA2A: changes role from  FOLLOWER to CANDIDATE at term 243 for changeToCandidate
2019-10-23 12:36:36,765 [Thread-1721] INFO  impl.RoleInfo (RoleInfo.java:updateAndGet(143)) - 279bca68-3e74-4690-81cf-da5ab79b92f7: start LeaderElection
2019-10-23 12:36:36,790 [279bca68-3e74-4690-81cf-da5ab79b92f7@group-AF49A4A4CA2A-LeaderElection226] INFO  impl.LeaderElection (LeaderElection.java:askForVotes(178)) - 279bca68-3e74-4690-81cf-da5ab79b92f7@group-AF49A4A4CA2A-LeaderElection226: begin an election at term 244 for -1: [daebe4f8-0ad9-4eb2-8ed7-3a8051847eb6:192.168.69.118:44860, 389d5540-641f-48c2-a9df-60738dbad976:192.168.69.118:45712, 279bca68-3e74-4690-81cf-da5ab79b92f7:192.168.69.118:45510], old=null
2019-10-23 12:36:36,792 [grpc-default-executor-4] INFO  impl.RaftServerImpl (RaftServerImpl.java:setRole(184)) - daebe4f8-0ad9-4eb2-8ed7-3a8051847eb6@group-AF49A4A4CA2A: changes role from  FOLLOWER to FOLLOWER at term 244 for recognizeCandidate:279bca68-3e74-4690-81cf-da5ab79b92f7
2019-10-23 12:36:36,792 [grpc-default-executor-0] INFO  impl.RaftServerImpl (RaftServerImpl.java:setRole(184)) - 389d5540-641f-48c2-a9df-60738dbad976@group-AF49A4A4CA2A: changes role from  FOLLOWER to FOLLOWER at term 244 for recognizeCandidate:279bca68-3e74-4690-81cf-da5ab79b92f7
2019-10-23 12:36:36,792 [grpc-default-executor-4] INFO  impl.RoleInfo (RoleInfo.java:shutdownFollowerState(121)) - daebe4f8-0ad9-4eb2-8ed7-3a8051847eb6: shutdown FollowerState
2019-10-23 12:36:36,793 [grpc-default-executor-0] INFO  impl.RoleInfo (RoleInfo.java:shutdownFollowerState(121)) - 389d5540-641f-48c2-a9df-60738dbad976: shutdown FollowerState
2019-10-23 12:36:36,793 [Thread-1719] INFO  impl.FollowerState (FollowerState.java:run(117)) - daebe4f8-0ad9-4eb2-8ed7-3a8051847eb6@group-AF49A4A4CA2A-FollowerState was interrupted: java.lang.InterruptedException: sleep interrupted
2019-10-23 12:36:36,793 [grpc-default-executor-4] INFO  impl.RoleInfo (RoleInfo.java:updateAndGet(143)) - daebe4f8-0ad9-4eb2-8ed7-3a8051847eb6: start FollowerState
2019-10-23 12:36:36,793 [Thread-1720] INFO  impl.FollowerState (FollowerState.java:run(117)) - 389d5540-641f-48c2-a9df-60738dbad976@group-AF49A4A4CA2A-FollowerState was interrupted: java.lang.InterruptedException: sleep interrupted
2019-10-23 12:36:36,793 [grpc-default-executor-0] INFO  impl.RoleInfo (RoleInfo.java:updateAndGet(143)) - 389d5540-641f-48c2-a9df-60738dbad976: start FollowerState
2019-10-23 12:36:36,808 [279bca68-3e74-4690-81cf-da5ab79b92f7@group-AF49A4A4CA2A-LeaderElection226] INFO  impl.LeaderElection (LeaderElection.java:logAndReturn(56)) - 279bca68-3e74-4690-81cf-da5ab79b92f7@group-AF49A4A4CA2A-LeaderElection226: Election REJECTED; received 2 response(s) [279bca68-3e74-4690-81cf-da5ab79b92f7<-daebe4f8-0ad9-4eb2-8ed7-3a8051847eb6#0:FAIL-t244, 279bca68-3e74-4690-81cf-da5ab79b92f7<-389d5540-641f-48c2-a9df-60738dbad976#0:FAIL-t244] and 0 exception(s); 279bca68-3e74-4690-81cf-da5ab79b92f7@group-AF49A4A4CA2A:t244, leader=null, voted=279bca68-3e74-4690-81cf-da5ab79b92f7, raftlog=279bca68-3e74-4690-81cf-da5ab79b92f7@group-AF49A4A4CA2A-SegmentedRaftLog:OPENED:c-1,f-1,i0, conf=-1: [daebe4f8-0ad9-4eb2-8ed7-3a8051847eb6:192.168.69.118:44860, 389d5540-641f-48c2-a9df-60738dbad976:192.168.69.118:45712, 279bca68-3e74-4690-81cf-da5ab79b92f7:192.168.69.118:45510], old=null
2019-10-23 12:36:36,808 [279bca68-3e74-4690-81cf-da5ab79b92f7@group-AF49A4A4CA2A-LeaderElection226] INFO  impl.RaftServerImpl (RaftServerImpl.java:setRole(184)) - 279bca68-3e74-4690-81cf-da5ab79b92f7@group-AF49A4A4CA2A: changes role from CANDIDATE to FOLLOWER at term 244 for DISCOVERED_A_NEW_TERM
2019-10-23 12:36:36,808 [279bca68-3e74-4690-81cf-da5ab79b92f7@group-AF49A4A4CA2A-LeaderElection226] INFO  impl.RoleInfo (RoleInfo.java:shutdownLeaderElection(134)) - 279bca68-3e74-4690-81cf-da5ab79b92f7: shutdown LeaderElection
2019-10-23 12:36:36,808 [279bca68-3e74-4690-81cf-da5ab79b92f7@group-AF49A4A4CA2A-LeaderElection226] INFO  impl.RoleInfo (RoleInfo.java:updateAndGet(143)) - 279bca68-3e74-4690-81cf-da5ab79b92f7: start FollowerState
2019-10-23 12:36:36,935 [Thread-1727] INFO  impl.FollowerState (FollowerState.java:run(108)) - 279bca68-3e74-4690-81cf-da5ab79b92f7@group-AF49A4A4CA2A-FollowerState: change to CANDIDATE, lastRpcTime:126ms, electionTimeout:126ms
2019-10-23 12:36:36,935 [Thread-1727] INFO  impl.RoleInfo (RoleInfo.java:shutdownFollowerState(121)) - 279bca68-3e74-4690-81cf-da5ab79b92f7: shutdown FollowerState
2019-10-23 12:36:36,935 [Thread-1727] INFO  impl.RaftServerImpl (RaftServerImpl.java:setRole(184)) - 279bca68-3e74-4690-81cf-da5ab79b92f7@group-AF49A4A4CA2A: changes role from  FOLLOWER to CANDIDATE at term 244 for changeToCandidate
2019-10-23 12:36:36,935 [Thread-1727] INFO  impl.RoleInfo (RoleInfo.java:updateAndGet(143)) - 279bca68-3e74-4690-81cf-da5ab79b92f7: start LeaderElection
2019-10-23 12:36:36,961 [279bca68-3e74-4690-81cf-da5ab79b92f7@group-AF49A4A4CA2A-LeaderElection227] INFO  impl.LeaderElection (LeaderElection.java:askForVotes(178)) - 279bca68-3e74-4690-81cf-da5ab79b92f7@group-AF49A4A4CA2A-LeaderElection227: begin an election at term 245 for -1: [daebe4f8-0ad9-4eb2-8ed7-3a8051847eb6:192.168.69.118:44860, 389d5540-641f-48c2-a9df-60738dbad976:192.168.69.118:45712, 279bca68-3e74-4690-81cf-da5ab79b92f7:192.168.69.118:45510], old=null
2019-10-23 12:36:36,963 [grpc-default-executor-0] INFO  impl.RaftServerImpl (RaftServerImpl.java:setRole(184)) - 389d5540-641f-48c2-a9df-60738dbad976@group-AF49A4A4CA2A: changes role from  FOLLOWER to FOLLOWER at term 245 for recognizeCandidate:279bca68-3e74-4690-81cf-da5ab79b92f7
2019-10-23 12:36:36,963 [grpc-default-executor-0] INFO  impl.RoleInfo (RoleInfo.java:shutdownFollowerState(121)) - 389d5540-641f-48c2-a9df-60738dbad976: shutdown FollowerState
2019-10-23 12:36:36,963 [grpc-default-executor-4] INFO  impl.RaftServerImpl (RaftServerImpl.java:setRole(184)) - daebe4f8-0ad9-4eb2-8ed7-3a8051847eb6@group-AF49A4A4CA2A: changes role from  FOLLOWER to FOLLOWER at term 245 for recognizeCandidate:279bca68-3e74-4690-81cf-da5ab79b92f7
2019-10-23 12:36:36,963 [grpc-default-executor-0] INFO  impl.RoleInfo (RoleInfo.java:updateAndGet(143)) - 389d5540-641f-48c2-a9df-60738dbad976: start FollowerState
2019-10-23 12:36:36,963 [grpc-default-executor-4] INFO  impl.RoleInfo (RoleInfo.java:shutdownFollowerState(121)) - daebe4f8-0ad9-4eb2-8ed7-3a8051847eb6: shutdown FollowerState
2019-10-23 12:36:36,963 [Thread-1726] INFO  impl.FollowerState (FollowerState.java:run(117)) - 389d5540-641f-48c2-a9df-60738dbad976@group-AF49A4A4CA2A-FollowerState was interrupted: java.lang.InterruptedException: sleep interrupted
2019-10-23 12:36:36,964 [Thread-1725] INFO  impl.FollowerState (FollowerState.java:run(117)) - daebe4f8-0ad9-4eb2-8ed7-3a8051847eb6@group-AF49A4A4CA2A-FollowerState was interrupted: java.lang.InterruptedException: sleep interrupted
2019-10-23 12:36:36,964 [grpc-default-executor-4] INFO  impl.RoleInfo (RoleInfo.java:updateAndGet(143)) - daebe4f8-0ad9-4eb2-8ed7-3a8051847eb6: start FollowerState
2019-10-23 12:36:36,976 [279bca68-3e74-4690-81cf-da5ab79b92f7@group-AF49A4A4CA2A-LeaderElection227] INFO  impl.LeaderElection (LeaderElection.java:logAndReturn(56)) - 279bca68-3e74-4690-81cf-da5ab79b92f7@group-AF49A4A4CA2A-LeaderElection227: Election REJECTED; received 2 response(s) [279bca68-3e74-4690-81cf-da5ab79b92f7<-daebe4f8-0ad9-4eb2-8ed7-3a8051847eb6#0:FAIL-t245, 279bca68-3e74-4690-81cf-da5ab79b92f7<-389d5540-641f-48c2-a9df-60738dbad976#0:FAIL-t245] and 0 exception(s); 279bca68-3e74-4690-81cf-da5ab79b92f7@group-AF49A4A4CA2A:t245, leader=null, voted=279bca68-3e74-4690-81cf-da5ab79b92f7, raftlog=279bca68-3e74-4690-81cf-da5ab79b92f7@group-AF49A4A4CA2A-SegmentedRaftLog:OPENED:c-1,f-1,i0, conf=-1: [daebe4f8-0ad9-4eb2-8ed7-3a8051847eb6:192.168.69.118:44860, 389d5540-641f-48c2-a9df-60738dbad976:192.168.69.118:45712, 279bca68-3e74-4690-81cf-da5ab79b92f7:192.168.69.118:45510], old=null
2019-10-23 12:36:36,976 [279bca68-3e74-4690-81cf-da5ab79b92f7@group-AF49A4A4CA2A-LeaderElection227] INFO  impl.RaftServerImpl (RaftServerImpl.java:setRole(184)) - 279bca68-3e74-4690-81cf-da5ab79b92f7@group-AF49A4A4CA2A: changes role from CANDIDATE to FOLLOWER at term 245 for DISCOVERED_A_NEW_TERM
2019-10-23 12:36:36,977 [279bca68-3e74-4690-81cf-da5ab79b92f7@group-AF49A4A4CA2A-LeaderElection227] INFO  impl.RoleInfo (RoleInfo.java:shutdownLeaderElection(134)) - 279bca68-3e74-4690-81cf-da5ab79b92f7: shutdown LeaderElection
2019-10-23 12:36:36,977 [279bca68-3e74-4690-81cf-da5ab79b92f7@group-AF49A4A4CA2A-LeaderElection227] INFO  impl.RoleInfo (RoleInfo.java:updateAndGet(143)) - 279bca68-3e74-4690-81cf-da5ab79b92f7: start FollowerState
2019-10-23 12:36:37,005 [Thread-1733] INFO  impl.FollowerState (FollowerState.java:run(108)) - 279bca68-3e74-4690-81cf-da5ab79b92f7@group-AF49A4A4CA2A-FollowerState: change to CANDIDATE, lastRpcTime:28ms, electionTimeout:28ms
2019-10-23 12:36:37,005 [Thread-1733] INFO  impl.RoleInfo (RoleInfo.java:shutdownFollowerState(121)) - 279bca68-3e74-4690-81cf-da5ab79b92f7: shutdown FollowerState
2019-10-23 12:36:37,005 [Thread-1733] INFO  impl.RaftServerImpl (RaftServerImpl.java:setRole(184)) - 279bca68-3e74-4690-81cf-da5ab79b92f7@group-AF49A4A4CA2A: changes role from  FOLLOWER to CANDIDATE at term 245 for changeToCandidate
2019-10-23 12:36:37,006 [Thread-1733] INFO  impl.RoleInfo (RoleInfo.java:updateAndGet(143)) - 279bca68-3e74-4690-81cf-da5ab79b92f7: start LeaderElection
2019-10-23 12:36:37,027 [279bca68-3e74-4690-81cf-da5ab79b92f7@group-AF49A4A4CA2A-LeaderElection228] INFO  impl.LeaderElection (LeaderElection.java:askForVotes(178)) - 279bca68-3e74-4690-81cf-da5ab79b92f7@group-AF49A4A4CA2A-LeaderElection228: begin an election at term 246 for -1: [daebe4f8-0ad9-4eb2-8ed7-3a8051847eb6:192.168.69.118:44860, 389d5540-641f-48c2-a9df-60738dbad976:192.168.69.118:45712, 279bca68-3e74-4690-81cf-da5ab79b92f7:192.168.69.118:45510], old=null
2019-10-23 12:36:37,029 [grpc-default-executor-0] INFO  impl.RaftServerImpl (RaftServerImpl.java:setRole(184)) - 389d5540-641f-48c2-a9df-60738dbad976@group-AF49A4A4CA2A: changes role from  FOLLOWER to FOLLOWER at term 246 for recognizeCandidate:279bca68-3e74-4690-81cf-da5ab79b92f7
2019-10-23 12:36:37,029 [grpc-default-executor-0] INFO  impl.RoleInfo (RoleInfo.java:shutdownFollowerState(121)) - 389d5540-641f-48c2-a9df-60738dbad976: shutdown FollowerState
2019-10-23 12:36:37,029 [grpc-default-executor-4] INFO  impl.RaftServerImpl (RaftServerImpl.java:setRole(184)) - daebe4f8-0ad9-4eb2-8ed7-3a8051847eb6@group-AF49A4A4CA2A: changes role from  FOLLOWER to FOLLOWER at term 246 for recognizeCandidate:279bca68-3e74-4690-81cf-da5ab79b92f7
2019-10-23 12:36:37,029 [grpc-default-executor-4] INFO  impl.RoleInfo (RoleInfo.java:shutdownFollowerState(121)) - daebe4f8-0ad9-4eb2-8ed7-3a8051847eb6: shutdown FollowerState
2019-10-23 12:36:37,029 [Thread-1731] INFO  impl.FollowerState (FollowerState.java:run(117)) - 389d5540-641f-48c2-a9df-60738dbad976@group-AF49A4A4CA2A-FollowerState was interrupted: java.lang.InterruptedException: sleep interrupted
2019-10-23 12:36:37,029 [grpc-default-executor-0] INFO  impl.RoleInfo (RoleInfo.java:updateAndGet(143)) - 389d5540-641f-48c2-a9df-60738dbad976: start FollowerState
2019-10-23 12:36:37,029 [grpc-default-executor-4] INFO  impl.RoleInfo (RoleInfo.java:updateAndGet(143)) - daebe4f8-0ad9-4eb2-8ed7-3a8051847eb6: start FollowerState
2019-10-23 12:36:37,029 [Thread-1732] INFO  impl.FollowerState (FollowerState.java:run(117)) - daebe4f8-0ad9-4eb2-8ed7-3a8051847eb6@group-AF49A4A4CA2A-FollowerState was interrupted: java.lang.InterruptedException: sleep interrupted
2019-10-23 12:36:37,044 [279bca68-3e74-4690-81cf-da5ab79b92f7@group-AF49A4A4CA2A-LeaderElection228] INFO  impl.LeaderElection (LeaderElection.java:logAndReturn(56)) - 279bca68-3e74-4690-81cf-da5ab79b92f7@group-AF49A4A4CA2A-LeaderElection228: Election REJECTED; received 2 response(s) [279bca68-3e74-4690-81cf-da5ab79b92f7<-daebe4f8-0ad9-4eb2-8ed7-3a8051847eb6#0:FAIL-t246, 279bca68-3e74-4690-81cf-da5ab79b92f7<-389d5540-641f-48c2-a9df-60738dbad976#0:FAIL-t246] and 0 exception(s); 279bca68-3e74-4690-81cf-da5ab79b92f7@group-AF49A4A4CA2A:t246, leader=null, voted=279bca68-3e74-4690-81cf-da5ab79b92f7, raftlog=279bca68-3e74-4690-81cf-da5ab79b92f7@group-AF49A4A4CA2A-SegmentedRaftLog:OPENED:c-1,f-1,i0, conf=-1: [daebe4f8-0ad9-4eb2-8ed7-3a8051847eb6:192.168.69.118:44860, 389d5540-641f-48c2-a9df-60738dbad976:192.168.69.118:45712, 279bca68-3e74-4690-81cf-da5ab79b92f7:192.168.69.118:45510], old=null
2019-10-23 12:36:37,044 [279bca68-3e74-4690-81cf-da5ab79b92f7@group-AF49A4A4CA2A-LeaderElection228] INFO  impl.RaftServerImpl (RaftServerImpl.java:setRole(184)) - 279bca68-3e74-4690-81cf-da5ab79b92f7@group-AF49A4A4CA2A: changes role from CANDIDATE to FOLLOWER at term 246 for DISCOVERED_A_NEW_TERM
2019-10-23 12:36:37,044 [279bca68-3e74-4690-81cf-da5ab79b92f7@group-AF49A4A4CA2A-LeaderElection228] INFO  impl.RoleInfo (RoleInfo.java:shutdownLeaderElection(134)) - 279bca68-3e74-4690-81cf-da5ab79b92f7: shutdown LeaderElection
2019-10-23 12:36:37,044 [279bca68-3e74-4690-81cf-da5ab79b92f7@group-AF49A4A4CA2A-LeaderElection228] INFO  impl.RoleInfo (RoleInfo.java:updateAndGet(143)) - 279bca68-3e74-4690-81cf-da5ab79b92f7: start FollowerState
2019-10-23 12:36:37,049 [Thread-1739] INFO  impl.FollowerState (FollowerState.java:run(108)) - 279bca68-3e74-4690-81cf-da5ab79b92f7@group-AF49A4A4CA2A-FollowerState: change to CANDIDATE, lastRpcTime:5ms, electionTimeout:5ms
2019-10-23 12:36:37,050 [Thread-1739] INFO  impl.RoleInfo (RoleInfo.java:shutdownFollowerState(121)) - 279bca68-3e74-4690-81cf-da5ab79b92f7: shutdown FollowerState
2019-10-23 12:36:37,050 [Thread-1739] INFO  impl.RaftServerImpl (RaftServerImpl.java:setRole(184)) - 279bca68-3e74-4690-81cf-da5ab79b92f7@group-AF49A4A4CA2A: changes role from  FOLLOWER to CANDIDATE at term 246 for changeToCandidate
2019-10-23 12:36:37,050 [Thread-1739] INFO  impl.RoleInfo (RoleInfo.java:updateAndGet(143)) - 279bca68-3e74-4690-81cf-da5ab79b92f7: start LeaderElection
2019-10-23 12:36:37,063 [279bca68-3e74-4690-81cf-da5ab79b92f7@group-AF49A4A4CA2A-LeaderElection229] INFO  impl.LeaderElection (LeaderElection.java:askForVotes(178)) - 279bca68-3e74-4690-81cf-da5ab79b92f7@group-AF49A4A4CA2A-LeaderElection229: begin an election at term 247 for -1: [daebe4f8-0ad9-4eb2-8ed7-3a8051847eb6:192.168.69.118:44860, 389d5540-641f-48c2-a9df-60738dbad976:192.168.69.118:45712, 279bca68-3e74-4690-81cf-da5ab79b92f7:192.168.69.118:45510], old=null
2019-10-23 12:36:37,065 [grpc-default-executor-0] INFO  impl.RaftServerImpl (RaftServerImpl.java:setRole(184)) - 389d5540-641f-48c2-a9df-60738dbad976@group-AF49A4A4CA2A: changes role from  FOLLOWER to FOLLOWER at term 247 for recognizeCandidate:279bca68-3e74-4690-81cf-da5ab79b92f7
2019-10-23 12:36:37,065 [grpc-default-executor-0] INFO  impl.RoleInfo (RoleInfo.java:shutdownFollowerState(121)) - 389d5540-641f-48c2-a9df-60738dbad976: shutdown FollowerState
2019-10-23 12:36:37,065 [grpc-default-executor-0] INFO  impl.RoleInfo (RoleInfo.java:updateAndGet(143)) - 389d5540-641f-48c2-a9df-60738dbad976: start FollowerState
2019-10-23 12:36:37,065 [Thread-1737] INFO  impl.FollowerState (FollowerState.java:run(117)) - 389d5540-641f-48c2-a9df-60738dbad976@group-AF49A4A4CA2A-FollowerState was interrupted: java.lang.InterruptedException: sleep interrupted
2019-10-23 12:36:37,065 [grpc-default-executor-4] INFO  impl.RaftServerImpl (RaftServerImpl.java:setRole(184)) - daebe4f8-0ad9-4eb2-8ed7-3a8051847eb6@group-AF49A4A4CA2A: changes role from  FOLLOWER to FOLLOWER at term 247 for recognizeCandidate:279bca68-3e74-4690-81cf-da5ab79b92f7
2019-10-23 12:36:37,065 [grpc-default-executor-4] INFO  impl.RoleInfo (RoleInfo.java:shutdownFollowerState(121)) - daebe4f8-0ad9-4eb2-8ed7-3a8051847eb6: shutdown FollowerState
2019-10-23 12:36:37,066 [Thread-1738] INFO  impl.FollowerState (FollowerState.java:run(117)) - daebe4f8-0ad9-4eb2-8ed7-3a8051847eb6@group-AF49A4A4CA2A-FollowerState was interrupted: java.lang.InterruptedException: sleep interrupted
2019-10-23 12:36:37,066 [grpc-default-executor-4] INFO  impl.RoleInfo (RoleInfo.java:updateAndGet(143)) - daebe4f8-0ad9-4eb2-8ed7-3a8051847eb6: start FollowerState
2019-10-23 12:36:37,079 [279bca68-3e74-4690-81cf-da5ab79b92f7@group-AF49A4A4CA2A-LeaderElection229] INFO  impl.LeaderElection (LeaderElection.java:logAndReturn(56)) - 279bca68-3e74-4690-81cf-da5ab79b92f7@group-AF49A4A4CA2A-LeaderElection229: Election REJECTED; received 2 response(s) [279bca68-3e74-4690-81cf-da5ab79b92f7<-daebe4f8-0ad9-4eb2-8ed7-3a8051847eb6#0:FAIL-t247, 279bca68-3e74-4690-81cf-da5ab79b92f7<-389d5540-641f-48c2-a9df-60738dbad976#0:FAIL-t247] and 0 exception(s); 279bca68-3e74-4690-81cf-da5ab79b92f7@group-AF49A4A4CA2A:t247, leader=null, voted=279bca68-3e74-4690-81cf-da5ab79b92f7, raftlog=279bca68-3e74-4690-81cf-da5ab79b92f7@group-AF49A4A4CA2A-SegmentedRaftLog:OPENED:c-1,f-1,i0, conf=-1: [daebe4f8-0ad9-4eb2-8ed7-3a8051847eb6:192.168.69.118:44860, 389d5540-641f-48c2-a9df-60738dbad976:192.168.69.118:45712, 279bca68-3e74-4690-81cf-da5ab79b92f7:192.168.69.118:45510], old=null
2019-10-23 12:36:37,079 [279bca68-3e74-4690-81cf-da5ab79b92f7@group-AF49A4A4CA2A-LeaderElection229] INFO  impl.RaftServerImpl (RaftServerImpl.java:setRole(184)) - 279bca68-3e74-4690-81cf-da5ab79b92f7@group-AF49A4A4CA2A: changes role from CANDIDATE to FOLLOWER at term 247 for DISCOVERED_A_NEW_TERM
2019-10-23 12:36:37,080 [279bca68-3e74-4690-81cf-da5ab79b92f7@group-AF49A4A4CA2A-LeaderElection229] INFO  impl.RoleInfo (RoleInfo.java:shutdownLeaderElection(134)) - 279bca68-3e74-4690-81cf-da5ab79b92f7: shutdown LeaderElection
2019-10-23 12:36:37,080 [279bca68-3e74-4690-81cf-da5ab79b92f7@group-AF49A4A4CA2A-LeaderElection229] INFO  impl.RoleInfo (RoleInfo.java:updateAndGet(143)) - 279bca68-3e74-4690-81cf-da5ab79b92f7: start FollowerState
2019-10-23 12:36:37,186 [Thread-1745] INFO  impl.FollowerState (FollowerState.java:run(108)) - 279bca68-3e74-4690-81cf-da5ab79b92f7@group-AF49A4A4CA2A-FollowerState: change to CANDIDATE, lastRpcTime:106ms, electionTimeout:106ms
2019-10-23 12:36:37,186 [Thread-1745] INFO  impl.RoleInfo (RoleInfo.java:shutdownFollowerState(121)) - 279bca68-3e74-4690-81cf-da5ab79b92f7: shutdown FollowerState
2019-10-23 12:36:37,187 [Thread-1745] INFO  impl.RaftServerImpl (RaftServerImpl.java:setRole(184)) - 279bca68-3e74-4690-81cf-da5ab79b92f7@group-AF49A4A4CA2A: changes role from  FOLLOWER to CANDIDATE at term 247 for changeToCandidate
2019-10-23 12:36:37,187 [Thread-1745] INFO  impl.RoleInfo (RoleInfo.java:updateAndGet(143)) - 279bca68-3e74-4690-81cf-da5ab79b92f7: start LeaderElection
2019-10-23 12:36:37,201 [279bca68-3e74-4690-81cf-da5ab79b92f7@group-AF49A4A4CA2A-LeaderElection230] INFO  impl.LeaderElection (LeaderElection.java:askForVotes(178)) - 279bca68-3e74-4690-81cf-da5ab79b92f7@group-AF49A4A4CA2A-LeaderElection230: begin an election at term 248 for -1: [daebe4f8-0ad9-4eb2-8ed7-3a8051847eb6:192.168.69.118:44860, 389d5540-641f-48c2-a9df-60738dbad976:192.168.69.118:45712, 279bca68-3e74-4690-81cf-da5ab79b92f7:192.168.69.118:45510], old=null
2019-10-23 12:36:37,203 [grpc-default-executor-4] INFO  impl.RaftServerImpl (RaftServerImpl.java:setRole(184)) - daebe4f8-0ad9-4eb2-8ed7-3a8051847eb6@group-AF49A4A4CA2A: changes role from  FOLLOWER to FOLLOWER at term 248 for recognizeCandidate:279bca68-3e74-4690-81cf-da5ab79b92f7
2019-10-23 12:36:37,203 [grpc-default-executor-0] INFO  impl.RaftServerImpl (RaftServerImpl.java:setRole(184)) - 389d5540-641f-48c2-a9df-60738dbad976@group-AF49A4A4CA2A: changes role from  FOLLOWER to FOLLOWER at term 248 for recognizeCandidate:279bca68-3e74-4690-81cf-da5ab79b92f7
2019-10-23 12:36:37,203 [grpc-default-executor-4] INFO  impl.RoleInfo (RoleInfo.java:shutdownFollowerState(121)) - daebe4f8-0ad9-4eb2-8ed7-3a8051847eb6: shutdown FollowerState
2019-10-23 12:36:37,203 [grpc-default-executor-0] INFO  impl.RoleInfo (RoleInfo.java:shutdownFollowerState(121)) - 389d5540-641f-48c2-a9df-60738dbad976: shutdown FollowerState
2019-10-23 12:36:37,204 [Thread-1744] INFO  impl.FollowerState (FollowerState.java:run(117)) - daebe4f8-0ad9-4eb2-8ed7-3a8051847eb6@group-AF49A4A4CA2A-FollowerState was interrupted: java.lang.InterruptedException: sleep interrupted
2019-10-23 12:36:37,204 [grpc-default-executor-4] INFO  impl.RoleInfo (RoleInfo.java:updateAndGet(143)) - daebe4f8-0ad9-4eb2-8ed7-3a8051847eb6: start FollowerState
2019-10-23 12:36:37,204 [Thread-1743] INFO  impl.FollowerState (FollowerState.java:run(117)) - 389d5540-641f-48c2-a9df-60738dbad976@group-AF49A4A4CA2A-FollowerState was interrupted: java.lang.InterruptedException: sleep interrupted
2019-10-23 12:36:37,204 [grpc-default-executor-0] INFO  impl.RoleInfo (RoleInfo.java:updateAndGet(143)) - 389d5540-641f-48c2-a9df-60738dbad976: start FollowerState
2019-10-23 12:36:37,223 [279bca68-3e74-4690-81cf-da5ab79b92f7@group-AF49A4A4CA2A-LeaderElection230] INFO  impl.LeaderElection (LeaderElection.java:logAndReturn(56)) - 279bca68-3e74-4690-81cf-da5ab79b92f7@group-AF49A4A4CA2A-LeaderElection230: Election REJECTED; received 2 response(s) [279bca68-3e74-4690-81cf-da5ab79b92f7<-daebe4f8-0ad9-4eb2-8ed7-3a8051847eb6#0:FAIL-t248, 279bca68-3e74-4690-81cf-da5ab79b92f7<-389d5540-641f-48c2-a9df-60738dbad976#0:FAIL-t248] and 0 exception(s); 279bca68-3e74-4690-81cf-da5ab79b92f7@group-AF49A4A4CA2A:t248, leader=null, voted=279bca68-3e74-4690-81cf-da5ab79b92f7, raftlog=279bca68-3e74-4690-81cf-da5ab79b92f7@group-AF49A4A4CA2A-SegmentedRaftLog:OPENED:c-1,f-1,i0, conf=-1: [daebe4f8-0ad9-4eb2-8ed7-3a8051847eb6:192.168.69.118:44860, 389d5540-641f-48c2-a9df-60738dbad976:192.168.69.118:45712, 279bca68-3e74-4690-81cf-da5ab79b92f7:192.168.69.118:45510], old=null
2019-10-23 12:36:37,224 [279bca68-3e74-4690-81cf-da5ab79b92f7@group-AF49A4A4CA2A-LeaderElection230] INFO  impl.RaftServerImpl (RaftServerImpl.java:setRole(184)) - 279bca68-3e74-4690-81cf-da5ab79b92f7@group-AF49A4A4CA2A: changes role from CANDIDATE to FOLLOWER at term 248 for DISCOVERED_A_NEW_TERM
2019-10-23 12:36:37,224 [279bca68-3e74-4690-81cf-da5ab79b92f7@group-AF49A4A4CA2A-LeaderElection230] INFO  impl.RoleInfo (RoleInfo.java:shutdownLeaderElection(134)) - 279bca68-3e74-4690-81cf-da5ab79b92f7: shutdown LeaderElection
2019-10-23 12:36:37,224 [279bca68-3e74-4690-81cf-da5ab79b92f7@group-AF49A4A4CA2A-LeaderElection230] INFO  impl.RoleInfo (RoleInfo.java:updateAndGet(143)) - 279bca68-3e74-4690-81cf-da5ab79b92f7: start FollowerState
2019-10-23 12:36:37,267 [Thread-1753] INFO  impl.FollowerState (FollowerState.java:run(108)) - 279bca68-3e74-4690-81cf-da5ab79b92f7@group-AF49A4A4CA2A-FollowerState: change to CANDIDATE, lastRpcTime:43ms, electionTimeout:43ms
2019-10-23 12:36:37,267 [Thread-1753] INFO  impl.RoleInfo (RoleInfo.java:shutdownFollowerState(121)) - 279bca68-3e74-4690-81cf-da5ab79b92f7: shutdown FollowerState
2019-10-23 12:36:37,268 [Thread-1753] INFO  impl.RaftServerImpl (RaftServerImpl.java:setRole(184)) - 279bca68-3e74-4690-81cf-da5ab79b92f7@group-AF49A4A4CA2A: changes role from  FOLLOWER to CANDIDATE at term 248 for changeToCandidate
2019-10-23 12:36:37,268 [Thread-1753] INFO  impl.RoleInfo (RoleInfo.java:updateAndGet(143)) - 279bca68-3e74-4690-81cf-da5ab79b92f7: start LeaderElection
2019-10-23 12:36:37,282 [279bca68-3e74-4690-81cf-da5ab79b92f7@group-AF49A4A4CA2A-LeaderElection231] INFO  impl.LeaderElection (LeaderElection.java:askForVotes(178)) - 279bca68-3e74-4690-81cf-da5ab79b92f7@group-AF49A4A4CA2A-LeaderElection231: begin an election at term 249 for -1: [daebe4f8-0ad9-4eb2-8ed7-3a8051847eb6:192.168.69.118:44860, 389d5540-641f-48c2-a9df-60738dbad976:192.168.69.118:45712, 279bca68-3e74-4690-81cf-da5ab79b92f7:192.168.69.118:45510], old=null
2019-10-23 12:36:37,285 [grpc-default-executor-4] INFO  impl.RaftServerImpl (RaftServerImpl.java:setRole(184)) - daebe4f8-0ad9-4eb2-8ed7-3a8051847eb6@group-AF49A4A4CA2A: changes role from  FOLLOWER to FOLLOWER at term 249 for recognizeCandidate:279bca68-3e74-4690-81cf-da5ab79b92f7
2019-10-23 12:36:37,285 [grpc-default-executor-4] INFO  impl.RoleInfo (RoleInfo.java:shutdownFollowerState(121)) - daebe4f8-0ad9-4eb2-8ed7-3a8051847eb6: shutdown FollowerState
2019-10-23 12:36:37,285 [grpc-default-executor-4] INFO  impl.RoleInfo (RoleInfo.java:updateAndGet(143)) - daebe4f8-0ad9-4eb2-8ed7-3a8051847eb6: start FollowerState
2019-10-23 12:36:37,285 [Thread-1751] INFO  impl.FollowerState (FollowerState.java:run(117)) - daebe4f8-0ad9-4eb2-8ed7-3a8051847eb6@group-AF49A4A4CA2A-FollowerState was interrupted: java.lang.InterruptedException: sleep interrupted
2019-10-23 12:36:37,286 [grpc-default-executor-0] INFO  impl.RaftServerImpl (RaftServerImpl.java:setRole(184)) - 389d5540-641f-48c2-a9df-60738dbad976@group-AF49A4A4CA2A: changes role from  FOLLOWER to FOLLOWER at term 249 for recognizeCandidate:279bca68-3e74-4690-81cf-da5ab79b92f7
2019-10-23 12:36:37,286 [grpc-default-executor-0] INFO  impl.RoleInfo (RoleInfo.java:shutdownFollowerState(121)) - 389d5540-641f-48c2-a9df-60738dbad976: shutdown FollowerState
2019-10-23 12:36:37,286 [Thread-1752] INFO  impl.FollowerState (FollowerState.java:run(117)) - 389d5540-641f-48c2-a9df-60738dbad976@group-AF49A4A4CA2A-FollowerState was interrupted: java.lang.InterruptedException: sleep interrupted
2019-10-23 12:36:37,286 [grpc-default-executor-0] INFO  impl.RoleInfo (RoleInfo.java:updateAndGet(143)) - 389d5540-641f-48c2-a9df-60738dbad976: start FollowerState
2019-10-23 12:36:37,300 [279bca68-3e74-4690-81cf-da5ab79b92f7@group-AF49A4A4CA2A-LeaderElection231] INFO  impl.LeaderElection (LeaderElection.java:logAndReturn(56)) - 279bca68-3e74-4690-81cf-da5ab79b92f7@group-AF49A4A4CA2A-LeaderElection231: Election REJECTED; received 2 response(s) [279bca68-3e74-4690-81cf-da5ab79b92f7<-daebe4f8-0ad9-4eb2-8ed7-3a8051847eb6#0:FAIL-t249, 279bca68-3e74-4690-81cf-da5ab79b92f7<-389d5540-641f-48c2-a9df-60738dbad976#0:FAIL-t249] and 0 exception(s); 279bca68-3e74-4690-81cf-da5ab79b92f7@group-AF49A4A4CA2A:t249, leader=null, voted=279bca68-3e74-4690-81cf-da5ab79b92f7, raftlog=279bca68-3e74-4690-81cf-da5ab79b92f7@group-AF49A4A4CA2A-SegmentedRaftLog:OPENED:c-1,f-1,i0, conf=-1: [daebe4f8-0ad9-4eb2-8ed7-3a8051847eb6:192.168.69.118:44860, 389d5540-641f-48c2-a9df-60738dbad976:192.168.69.118:45712, 279bca68-3e74-4690-81cf-da5ab79b92f7:192.168.69.118:45510], old=null
2019-10-23 12:36:37,300 [279bca68-3e74-4690-81cf-da5ab79b92f7@group-AF49A4A4CA2A-LeaderElection231] INFO  impl.RaftServerImpl (RaftServerImpl.java:setRole(184)) - 279bca68-3e74-4690-81cf-da5ab79b92f7@group-AF49A4A4CA2A: changes role from CANDIDATE to FOLLOWER at term 249 for DISCOVERED_A_NEW_TERM
2019-10-23 12:36:37,300 [279bca68-3e74-4690-81cf-da5ab79b92f7@group-AF49A4A4CA2A-LeaderElection231] INFO  impl.RoleInfo (RoleInfo.java:shutdownLeaderElection(134)) - 279bca68-3e74-4690-81cf-da5ab79b92f7: shutdown LeaderElection
2019-10-23 12:36:37,301 [279bca68-3e74-4690-81cf-da5ab79b92f7@group-AF49A4A4CA2A-LeaderElection231] INFO  impl.RoleInfo (RoleInfo.java:updateAndGet(143)) - 279bca68-3e74-4690-81cf-da5ab79b92f7: start FollowerState
2019-10-23 12:36:37,330 [Thread-1759] INFO  impl.FollowerState (FollowerState.java:run(108)) - 279bca68-3e74-4690-81cf-da5ab79b92f7@group-AF49A4A4CA2A-FollowerState: change to CANDIDATE, lastRpcTime:29ms, electionTimeout:29ms
2019-10-23 12:36:37,330 [Thread-1759] INFO  impl.RoleInfo (RoleInfo.java:shutdownFollowerState(121)) - 279bca68-3e74-4690-81cf-da5ab79b92f7: shutdown FollowerState
2019-10-23 12:36:37,330 [Thread-1759] INFO  impl.RaftServerImpl (RaftServerImpl.java:setRole(184)) - 279bca68-3e74-4690-81cf-da5ab79b92f7@group-AF49A4A4CA2A: changes role from  FOLLOWER to CANDIDATE at term 249 for changeToCandidate
2019-10-23 12:36:37,330 [Thread-1759] INFO  impl.RoleInfo (RoleInfo.java:updateAndGet(143)) - 279bca68-3e74-4690-81cf-da5ab79b92f7: start LeaderElection
2019-10-23 12:36:37,345 [279bca68-3e74-4690-81cf-da5ab79b92f7@group-AF49A4A4CA2A-LeaderElection232] INFO  impl.LeaderElection (LeaderElection.java:askForVotes(178)) - 279bca68-3e74-4690-81cf-da5ab79b92f7@group-AF49A4A4CA2A-LeaderElection232: begin an election at term 250 for -1: [daebe4f8-0ad9-4eb2-8ed7-3a8051847eb6:192.168.69.118:44860, 389d5540-641f-48c2-a9df-60738dbad976:192.168.69.118:45712, 279bca68-3e74-4690-81cf-da5ab79b92f7:192.168.69.118:45510], old=null
2019-10-23 12:36:37,347 [grpc-default-executor-4] INFO  impl.RaftServerImpl (RaftServerImpl.java:setRole(184)) - daebe4f8-0ad9-4eb2-8ed7-3a8051847eb6@group-AF49A4A4CA2A: changes role from  FOLLOWER to FOLLOWER at term 250 for recognizeCandidate:279bca68-3e74-4690-81cf-da5ab79b92f7
2019-10-23 12:36:37,347 [grpc-default-executor-4] INFO  impl.RoleInfo (RoleInfo.java:shutdownFollowerState(121)) - daebe4f8-0ad9-4eb2-8ed7-3a8051847eb6: shutdown FollowerState
2019-10-23 12:36:37,347 [grpc-default-executor-0] INFO  impl.RaftServerImpl (RaftServerImpl.java:setRole(184)) - 389d5540-641f-48c2-a9df-60738dbad976@group-AF49A4A4CA2A: changes role from  FOLLOWER to FOLLOWER at term 250 for recognizeCandidate:279bca68-3e74-4690-81cf-da5ab79b92f7
2019-10-23 12:36:37,347 [Thread-1757] INFO  impl.FollowerState (FollowerState.java:run(117)) - daebe4f8-0ad9-4eb2-8ed7-3a8051847eb6@group-AF49A4A4CA2A-FollowerState was interrupted: java.lang.InterruptedException: sleep interrupted
2019-10-23 12:36:37,347 [grpc-default-executor-4] INFO  impl.RoleInfo (RoleInfo.java:updateAndGet(143)) - daebe4f8-0ad9-4eb2-8ed7-3a8051847eb6: start FollowerState
2019-10-23 12:36:37,347 [grpc-default-executor-0] INFO  impl.RoleInfo (RoleInfo.java:shutdownFollowerState(121)) - 389d5540-641f-48c2-a9df-60738dbad976: shutdown FollowerState
2019-10-23 12:36:37,347 [Thread-1758] INFO  impl.FollowerState (FollowerState.java:run(117)) - 389d5540-641f-48c2-a9df-60738dbad976@group-AF49A4A4CA2A-FollowerState was interrupted: java.lang.InterruptedException: sleep interrupted
2019-10-23 12:36:37,347 [grpc-default-executor-0] INFO  impl.RoleInfo (RoleInfo.java:updateAndGet(143)) - 389d5540-641f-48c2-a9df-60738dbad976: start FollowerState
2019-10-23 12:36:37,362 [279bca68-3e74-4690-81cf-da5ab79b92f7@group-AF49A4A4CA2A-LeaderElection232] INFO  impl.LeaderElection (LeaderElection.java:logAndReturn(56)) - 279bca68-3e74-4690-81cf-da5ab79b92f7@group-AF49A4A4CA2A-LeaderElection232: Election REJECTED; received 2 response(s) [279bca68-3e74-4690-81cf-da5ab79b92f7<-daebe4f8-0ad9-4eb2-8ed7-3a8051847eb6#0:FAIL-t250, 279bca68-3e74-4690-81cf-da5ab79b92f7<-389d5540-641f-48c2-a9df-60738dbad976#0:FAIL-t250] and 0 exception(s); 279bca68-3e74-4690-81cf-da5ab79b92f7@group-AF49A4A4CA2A:t250, leader=null, voted=279bca68-3e74-4690-81cf-da5ab79b92f7, raftlog=279bca68-3e74-4690-81cf-da5ab79b92f7@group-AF49A4A4CA2A-SegmentedRaftLog:OPENED:c-1,f-1,i0, conf=-1: [daebe4f8-0ad9-4eb2-8ed7-3a8051847eb6:192.168.69.118:44860, 389d5540-641f-48c2-a9df-60738dbad976:192.168.69.118:45712, 279bca68-3e74-4690-81cf-da5ab79b92f7:192.168.69.118:45510], old=null
2019-10-23 12:36:37,362 [279bca68-3e74-4690-81cf-da5ab79b92f7@group-AF49A4A4CA2A-LeaderElection232] INFO  impl.RaftServerImpl (RaftServerImpl.java:setRole(184)) - 279bca68-3e74-4690-81cf-da5ab79b92f7@group-AF49A4A4CA2A: changes role from CANDIDATE to FOLLOWER at term 250 for DISCOVERED_A_NEW_TERM
2019-10-23 12:36:37,363 [279bca68-3e74-4690-81cf-da5ab79b92f7@group-AF49A4A4CA2A-LeaderElection232] INFO  impl.RoleInfo (RoleInfo.java:shutdownLeaderElection(134)) - 279bca68-3e74-4690-81cf-da5ab79b92f7: shutdown LeaderElection
2019-10-23 12:36:37,363 [279bca68-3e74-4690-81cf-da5ab79b92f7@group-AF49A4A4CA2A-LeaderElection232] INFO  impl.RoleInfo (RoleInfo.java:updateAndGet(143)) - 279bca68-3e74-4690-81cf-da5ab79b92f7: start FollowerState
2019-10-23 12:36:37,549 [Thread-1765] INFO  impl.FollowerState (FollowerState.java:run(108)) - 279bca68-3e74-4690-81cf-da5ab79b92f7@group-AF49A4A4CA2A-FollowerState: change to CANDIDATE, lastRpcTime:186ms, electionTimeout:186ms
2019-10-23 12:36:37,550 [Thread-1765] INFO  impl.RoleInfo (RoleInfo.java:shutdownFollowerState(121)) - 279bca68-3e74-4690-81cf-da5ab79b92f7: shutdown FollowerState
2019-10-23 12:36:37,550 [Thread-1765] INFO  impl.RaftServerImpl (RaftServerImpl.java:setRole(184)) - 279bca68-3e74-4690-81cf-da5ab79b92f7@group-AF49A4A4CA2A: changes role from  FOLLOWER to CANDIDATE at term 250 for changeToCandidate
2019-10-23 12:36:37,550 [Thread-1765] INFO  impl.RoleInfo (RoleInfo.java:updateAndGet(143)) - 279bca68-3e74-4690-81cf-da5ab79b92f7: start LeaderElection
2019-10-23 12:36:37,563 [279bca68-3e74-4690-81cf-da5ab79b92f7@group-AF49A4A4CA2A-LeaderElection233] INFO  impl.LeaderElection (LeaderElection.java:askForVotes(178)) - 279bca68-3e74-4690-81cf-da5ab79b92f7@group-AF49A4A4CA2A-LeaderElection233: begin an election at term 251 for -1: [daebe4f8-0ad9-4eb2-8ed7-3a8051847eb6:192.168.69.118:44860, 389d5540-641f-48c2-a9df-60738dbad976:192.168.69.118:45712, 279bca68-3e74-4690-81cf-da5ab79b92f7:192.168.69.118:45510], old=null
2019-10-23 12:36:37,566 [grpc-default-executor-4] INFO  impl.RaftServerImpl (RaftServerImpl.java:setRole(184)) - daebe4f8-0ad9-4eb2-8ed7-3a8051847eb6@group-AF49A4A4CA2A: changes role from  FOLLOWER to FOLLOWER at term 251 for recognizeCandidate:279bca68-3e74-4690-81cf-da5ab79b92f7
2019-10-23 12:36:37,566 [grpc-default-executor-4] INFO  impl.RoleInfo (RoleInfo.java:shutdownFollowerState(121)) - daebe4f8-0ad9-4eb2-8ed7-3a8051847eb6: shutdown FollowerState
2019-10-23 12:36:37,566 [grpc-default-executor-0] INFO  impl.RaftServerImpl (RaftServerImpl.java:setRole(184)) - 389d5540-641f-48c2-a9df-60738dbad976@group-AF49A4A4CA2A: changes role from  FOLLOWER to FOLLOWER at term 251 for recognizeCandidate:279bca68-3e74-4690-81cf-da5ab79b92f7
2019-10-23 12:36:37,566 [Thread-1763] INFO  impl.FollowerState (FollowerState.java:run(117)) - daebe4f8-0ad9-4eb2-8ed7-3a8051847eb6@group-AF49A4A4CA2A-FollowerState was interrupted: java.lang.InterruptedException: sleep interrupted
2019-10-23 12:36:37,566 [grpc-default-executor-4] INFO  impl.RoleInfo (RoleInfo.java:updateAndGet(143)) - daebe4f8-0ad9-4eb2-8ed7-3a8051847eb6: start FollowerState
2019-10-23 12:36:37,566 [grpc-default-executor-0] INFO  impl.RoleInfo (RoleInfo.java:shutdownFollowerState(121)) - 389d5540-641f-48c2-a9df-60738dbad976: shutdown FollowerState
2019-10-23 12:36:37,567 [grpc-default-executor-0] INFO  impl.RoleInfo (RoleInfo.java:updateAndGet(143)) - 389d5540-641f-48c2-a9df-60738dbad976: start FollowerState
2019-10-23 12:36:37,567 [Thread-1764] INFO  impl.FollowerState (FollowerState.java:run(117)) - 389d5540-641f-48c2-a9df-60738dbad976@group-AF49A4A4CA2A-FollowerState was interrupted: java.lang.InterruptedException: sleep interrupted
2019-10-23 12:36:37,579 [279bca68-3e74-4690-81cf-da5ab79b92f7@group-AF49A4A4CA2A-LeaderElection233] INFO  impl.LeaderElection (LeaderElection.java:logAndReturn(56)) - 279bca68-3e74-4690-81cf-da5ab79b92f7@group-AF49A4A4CA2A-LeaderElection233: Election TIMEOUT; received 0 response(s) [] and 0 exception(s); 279bca68-3e74-4690-81cf-da5ab79b92f7@group-AF49A4A4CA2A:t251, leader=null, voted=279bca68-3e74-4690-81cf-da5ab79b92f7, raftlog=279bca68-3e74-4690-81cf-da5ab79b92f7@group-AF49A4A4CA2A-SegmentedRaftLog:OPENED:c-1,f-1,i0, conf=-1: [daebe4f8-0ad9-4eb2-8ed7-3a8051847eb6:192.168.69.118:44860, 389d5540-641f-48c2-a9df-60738dbad976:192.168.69.118:45712, 279bca68-3e74-4690-81cf-da5ab79b92f7:192.168.69.118:45510], old=null
2019-10-23 12:36:37,583 [279bca68-3e74-4690-81cf-da5ab79b92f7@group-AF49A4A4CA2A-LeaderElection233] INFO  impl.LeaderElection (LeaderElection.java:askForVotes(178)) - 279bca68-3e74-4690-81cf-da5ab79b92f7@group-AF49A4A4CA2A-LeaderElection233: begin an election at term 252 for -1: [daebe4f8-0ad9-4eb2-8ed7-3a8051847eb6:192.168.69.118:44860, 389d5540-641f-48c2-a9df-60738dbad976:192.168.69.118:45712, 279bca68-3e74-4690-81cf-da5ab79b92f7:192.168.69.118:45510], old=null
2019-10-23 12:36:37,585 [grpc-default-executor-4] INFO  impl.RaftServerImpl (RaftServerImpl.java:setRole(184)) - daebe4f8-0ad9-4eb2-8ed7-3a8051847eb6@group-AF49A4A4CA2A: changes role from  FOLLOWER to FOLLOWER at term 252 for recognizeCandidate:279bca68-3e74-4690-81cf-da5ab79b92f7
2019-10-23 12:36:37,585 [grpc-default-executor-4] INFO  impl.RoleInfo (RoleInfo.java:shutdownFollowerState(121)) - daebe4f8-0ad9-4eb2-8ed7-3a8051847eb6: shutdown FollowerState
2019-10-23 12:36:37,585 [Thread-1769] INFO  impl.FollowerState (FollowerState.java:run(117)) - daebe4f8-0ad9-4eb2-8ed7-3a8051847eb6@group-AF49A4A4CA2A-FollowerState was interrupted: java.lang.InterruptedException: sleep interrupted
2019-10-23 12:36:37,585 [grpc-default-executor-4] INFO  impl.RoleInfo (RoleInfo.java:updateAndGet(143)) - daebe4f8-0ad9-4eb2-8ed7-3a8051847eb6: start FollowerState
2019-10-23 12:36:37,585 [grpc-default-executor-0] INFO  impl.RaftServerImpl (RaftServerImpl.java:setRole(184)) - 389d5540-641f-48c2-a9df-60738dbad976@group-AF49A4A4CA2A: changes role from  FOLLOWER to FOLLOWER at term 252 for recognizeCandidate:279bca68-3e74-4690-81cf-da5ab79b92f7
2019-10-23 12:36:37,585 [grpc-default-executor-0] INFO  impl.RoleInfo (RoleInfo.java:shutdownFollowerState(121)) - 389d5540-641f-48c2-a9df-60738dbad976: shutdown FollowerState
2019-10-23 12:36:37,586 [grpc-default-executor-0] INFO  impl.RoleInfo (RoleInfo.java:updateAndGet(143)) - 389d5540-641f-48c2-a9df-60738dbad976: start FollowerState
2019-10-23 12:36:37,586 [Thread-1770] INFO  impl.FollowerState (FollowerState.java:run(117)) - 389d5540-641f-48c2-a9df-60738dbad976@group-AF49A4A4CA2A-FollowerState was interrupted: java.lang.InterruptedException: sleep interrupted
2019-10-23 12:36:37,611 [279bca68-3e74-4690-81cf-da5ab79b92f7@group-AF49A4A4CA2A-LeaderElection233] INFO  impl.LeaderElection (LeaderElection.java:logAndReturn(56)) - 279bca68-3e74-4690-81cf-da5ab79b92f7@group-AF49A4A4CA2A-LeaderElection233: Election REJECTED; received 2 response(s) [279bca68-3e74-4690-81cf-da5ab79b92f7<-daebe4f8-0ad9-4eb2-8ed7-3a8051847eb6#0:FAIL-t252, 279bca68-3e74-4690-81cf-da5ab79b92f7<-389d5540-641f-48c2-a9df-60738dbad976#0:FAIL-t252] and 0 exception(s); 279bca68-3e74-4690-81cf-da5ab79b92f7@group-AF49A4A4CA2A:t252, leader=null, voted=279bca68-3e74-4690-81cf-da5ab79b92f7, raftlog=279bca68-3e74-4690-81cf-da5ab79b92f7@group-AF49A4A4CA2A-SegmentedRaftLog:OPENED:c-1,f-1,i0, conf=-1: [daebe4f8-0ad9-4eb2-8ed7-3a8051847eb6:192.168.69.118:44860, 389d5540-641f-48c2-a9df-60738dbad976:192.168.69.118:45712, 279bca68-3e74-4690-81cf-da5ab79b92f7:192.168.69.118:45510], old=null
2019-10-23 12:36:37,611 [279bca68-3e74-4690-81cf-da5ab79b92f7@group-AF49A4A4CA2A-LeaderElection233] INFO  impl.RaftServerImpl (RaftServerImpl.java:setRole(184)) - 279bca68-3e74-4690-81cf-da5ab79b92f7@group-AF49A4A4CA2A: changes role from CANDIDATE to FOLLOWER at term 252 for DISCOVERED_A_NEW_TERM
2019-10-23 12:36:37,611 [279bca68-3e74-4690-81cf-da5ab79b92f7@group-AF49A4A4CA2A-LeaderElection233] INFO  impl.RoleInfo (RoleInfo.java:shutdownLeaderElection(134)) - 279bca68-3e74-4690-81cf-da5ab79b92f7: shutdown LeaderElection
2019-10-23 12:36:37,611 [279bca68-3e74-4690-81cf-da5ab79b92f7@group-AF49A4A4CA2A-LeaderElection233] INFO  impl.RoleInfo (RoleInfo.java:updateAndGet(143)) - 279bca68-3e74-4690-81cf-da5ab79b92f7: start FollowerState
2019-10-23 12:36:37,783 [Thread-1775] INFO  impl.FollowerState (FollowerState.java:run(108)) - 279bca68-3e74-4690-81cf-da5ab79b92f7@group-AF49A4A4CA2A-FollowerState: change to CANDIDATE, lastRpcTime:171ms, electionTimeout:171ms
2019-10-23 12:36:37,783 [Thread-1775] INFO  impl.RoleInfo (RoleInfo.java:shutdownFollowerState(121)) - 279bca68-3e74-4690-81cf-da5ab79b92f7: shutdown FollowerState
2019-10-23 12:36:37,783 [Thread-1775] INFO  impl.RaftServerImpl (RaftServerImpl.java:setRole(184)) - 279bca68-3e74-4690-81cf-da5ab79b92f7@group-AF49A4A4CA2A: changes role from  FOLLOWER to CANDIDATE at term 252 for changeToCandidate
2019-10-23 12:36:37,783 [Thread-1775] INFO  impl.RoleInfo (RoleInfo.java:updateAndGet(143)) - 279bca68-3e74-4690-81cf-da5ab79b92f7: start LeaderElection
2019-10-23 12:36:37,796 [279bca68-3e74-4690-81cf-da5ab79b92f7@group-AF49A4A4CA2A-LeaderElection234] INFO  impl.LeaderElection (LeaderElection.java:askForVotes(178)) - 279bca68-3e74-4690-81cf-da5ab79b92f7@group-AF49A4A4CA2A-LeaderElection234: begin an election at term 253 for -1: [daebe4f8-0ad9-4eb2-8ed7-3a8051847eb6:192.168.69.118:44860, 389d5540-641f-48c2-a9df-60738dbad976:192.168.69.118:45712, 279bca68-3e74-4690-81cf-da5ab79b92f7:192.168.69.118:45510], old=null
2019-10-23 12:36:37,799 [grpc-default-executor-4] INFO  impl.RaftServerImpl (RaftServerImpl.java:setRole(184)) - 389d5540-641f-48c2-a9df-60738dbad976@group-AF49A4A4CA2A: changes role from  FOLLOWER to FOLLOWER at term 253 for recognizeCandidate:279bca68-3e74-4690-81cf-da5ab79b92f7
2019-10-23 12:36:37,799 [grpc-default-executor-4] INFO  impl.RoleInfo (RoleInfo.java:shutdownFollowerState(121)) - 389d5540-641f-48c2-a9df-60738dbad976: shutdown FollowerState
2019-10-23 12:36:37,799 [grpc-default-executor-4] INFO  impl.RoleInfo (RoleInfo.java:updateAndGet(143)) - 389d5540-641f-48c2-a9df-60738dbad976: start FollowerState
2019-10-23 12:36:37,799 [Thread-1774] INFO  impl.FollowerState (FollowerState.java:run(117)) - 389d5540-641f-48c2-a9df-60738dbad976@group-AF49A4A4CA2A-FollowerState was interrupted: java.lang.InterruptedException: sleep interrupted
2019-10-23 12:36:37,799 [grpc-default-executor-0] INFO  impl.RaftServerImpl (RaftServerImpl.java:setRole(184)) - daebe4f8-0ad9-4eb2-8ed7-3a8051847eb6@group-AF49A4A4CA2A: changes role from  FOLLOWER to FOLLOWER at term 253 for recognizeCandidate:279bca68-3e74-4690-81cf-da5ab79b92f7
2019-10-23 12:36:37,800 [grpc-default-executor-0] INFO  impl.RoleInfo (RoleInfo.java:shutdownFollowerState(121)) - daebe4f8-0ad9-4eb2-8ed7-3a8051847eb6: shutdown FollowerState
2019-10-23 12:36:37,800 [grpc-default-executor-0] INFO  impl.RoleInfo (RoleInfo.java:updateAndGet(143)) - daebe4f8-0ad9-4eb2-8ed7-3a8051847eb6: start FollowerState
2019-10-23 12:36:37,800 [Thread-1773] INFO  impl.FollowerState (FollowerState.java:run(117)) - daebe4f8-0ad9-4eb2-8ed7-3a8051847eb6@group-AF49A4A4CA2A-FollowerState was interrupted: java.lang.InterruptedException: sleep interrupted
2019-10-23 12:36:37,814 [279bca68-3e74-4690-81cf-da5ab79b92f7@group-AF49A4A4CA2A-LeaderElection234] INFO  impl.LeaderElection (LeaderElection.java:logAndReturn(56)) - 279bca68-3e74-4690-81cf-da5ab79b92f7@group-AF49A4A4CA2A-LeaderElection234: Election REJECTED; received 2 response(s) [279bca68-3e74-4690-81cf-da5ab79b92f7<-daebe4f8-0ad9-4eb2-8ed7-3a8051847eb6#0:FAIL-t253, 279bca68-3e74-4690-81cf-da5ab79b92f7<-389d5540-641f-48c2-a9df-60738dbad976#0:FAIL-t253] and 0 exception(s); 279bca68-3e74-4690-81cf-da5ab79b92f7@group-AF49A4A4CA2A:t253, leader=null, voted=279bca68-3e74-4690-81cf-da5ab79b92f7, raftlog=279bca68-3e74-4690-81cf-da5ab79b92f7@group-AF49A4A4CA2A-SegmentedRaftLog:OPENED:c-1,f-1,i0, conf=-1: [daebe4f8-0ad9-4eb2-8ed7-3a8051847eb6:192.168.69.118:44860, 389d5540-641f-48c2-a9df-60738dbad976:192.168.69.118:45712, 279bca68-3e74-4690-81cf-da5ab79b92f7:192.168.69.118:45510], old=null
2019-10-23 12:36:37,814 [279bca68-3e74-4690-81cf-da5ab79b92f7@group-AF49A4A4CA2A-LeaderElection234] INFO  impl.RaftServerImpl (RaftServerImpl.java:setRole(184)) - 279bca68-3e74-4690-81cf-da5ab79b92f7@group-AF49A4A4CA2A: changes role from CANDIDATE to FOLLOWER at term 253 for DISCOVERED_A_NEW_TERM
2019-10-23 12:36:37,814 [279bca68-3e74-4690-81cf-da5ab79b92f7@group-AF49A4A4CA2A-LeaderElection234] INFO  impl.RoleInfo (RoleInfo.java:shutdownLeaderElection(134)) - 279bca68-3e74-4690-81cf-da5ab79b92f7: shutdown LeaderElection
2019-10-23 12:36:37,814 [279bca68-3e74-4690-81cf-da5ab79b92f7@group-AF49A4A4CA2A-LeaderElection234] INFO  impl.RoleInfo (RoleInfo.java:updateAndGet(143)) - 279bca68-3e74-4690-81cf-da5ab79b92f7: start FollowerState
2019-10-23 12:36:38,007 [Thread-1781] INFO  impl.FollowerState (FollowerState.java:run(108)) - 279bca68-3e74-4690-81cf-da5ab79b92f7@group-AF49A4A4CA2A-FollowerState: change to CANDIDATE, lastRpcTime:193ms, electionTimeout:193ms
2019-10-23 12:36:38,008 [Thread-1781] INFO  impl.RoleInfo (RoleInfo.java:shutdownFollowerState(121)) - 279bca68-3e74-4690-81cf-da5ab79b92f7: shutdown FollowerState
2019-10-23 12:36:38,008 [Thread-1781] INFO  impl.RaftServerImpl (RaftServerImpl.java:setRole(184)) - 279bca68-3e74-4690-81cf-da5ab79b92f7@group-AF49A4A4CA2A: changes role from  FOLLOWER to CANDIDATE at term 253 for changeToCandidate
2019-10-23 12:36:38,008 [Thread-1781] INFO  impl.RoleInfo (RoleInfo.java:updateAndGet(143)) - 279bca68-3e74-4690-81cf-da5ab79b92f7: start LeaderElection
2019-10-23 12:36:38,021 [279bca68-3e74-4690-81cf-da5ab79b92f7@group-AF49A4A4CA2A-LeaderElection235] INFO  impl.LeaderElection (LeaderElection.java:askForVotes(178)) - 279bca68-3e74-4690-81cf-da5ab79b92f7@group-AF49A4A4CA2A-LeaderElection235: begin an election at term 254 for -1: [daebe4f8-0ad9-4eb2-8ed7-3a8051847eb6:192.168.69.118:44860, 389d5540-641f-48c2-a9df-60738dbad976:192.168.69.118:45712, 279bca68-3e74-4690-81cf-da5ab79b92f7:192.168.69.118:45510], old=null
2019-10-23 12:36:38,023 [grpc-default-executor-4] INFO  impl.RaftServerImpl (RaftServerImpl.java:setRole(184)) - daebe4f8-0ad9-4eb2-8ed7-3a8051847eb6@group-AF49A4A4CA2A: changes role from  FOLLOWER to FOLLOWER at term 254 for recognizeCandidate:279bca68-3e74-4690-81cf-da5ab79b92f7
2019-10-23 12:36:38,023 [grpc-default-executor-4] INFO  impl.RoleInfo (RoleInfo.java:shutdownFollowerState(121)) - daebe4f8-0ad9-4eb2-8ed7-3a8051847eb6: shutdown FollowerState
2019-10-23 12:36:38,023 [grpc-default-executor-0] INFO  impl.RaftServerImpl (RaftServerImpl.java:setRole(184)) - 389d5540-641f-48c2-a9df-60738dbad976@group-AF49A4A4CA2A: changes role from  FOLLOWER to FOLLOWER at term 254 for recognizeCandidate:279bca68-3e74-4690-81cf-da5ab79b92f7
2019-10-23 12:36:38,023 [grpc-default-executor-0] INFO  impl.RoleInfo (RoleInfo.java:shutdownFollowerState(121)) - 389d5540-641f-48c2-a9df-60738dbad976: shutdown FollowerState
2019-10-23 12:36:38,023 [grpc-default-executor-4] INFO  impl.RoleInfo (RoleInfo.java:updateAndGet(143)) - daebe4f8-0ad9-4eb2-8ed7-3a8051847eb6: start FollowerState
2019-10-23 12:36:38,023 [Thread-1780] INFO  impl.FollowerState (FollowerState.java:run(117)) - daebe4f8-0ad9-4eb2-8ed7-3a8051847eb6@group-AF49A4A4CA2A-FollowerState was interrupted: java.lang.InterruptedException: sleep interrupted
2019-10-23 12:36:38,024 [grpc-default-executor-0] INFO  impl.RoleInfo (RoleInfo.java:updateAndGet(143)) - 389d5540-641f-48c2-a9df-60738dbad976: start FollowerState
2019-10-23 12:36:38,024 [Thread-1779] INFO  impl.FollowerState (FollowerState.java:run(117)) - 389d5540-641f-48c2-a9df-60738dbad976@group-AF49A4A4CA2A-FollowerState was interrupted: java.lang.InterruptedException: sleep interrupted
2019-10-23 12:36:38,058 [279bca68-3e74-4690-81cf-da5ab79b92f7@group-AF49A4A4CA2A-LeaderElection235] INFO  impl.LeaderElection (LeaderElection.java:logAndReturn(56)) - 279bca68-3e74-4690-81cf-da5ab79b92f7@group-AF49A4A4CA2A-LeaderElection235: Election REJECTED; received 2 response(s) [279bca68-3e74-4690-81cf-da5ab79b92f7<-daebe4f8-0ad9-4eb2-8ed7-3a8051847eb6#0:FAIL-t254, 279bca68-3e74-4690-81cf-da5ab79b92f7<-389d5540-641f-48c2-a9df-60738dbad976#0:FAIL-t254] and 0 exception(s); 279bca68-3e74-4690-81cf-da5ab79b92f7@group-AF49A4A4CA2A:t254, leader=null, voted=279bca68-3e74-4690-81cf-da5ab79b92f7, raftlog=279bca68-3e74-4690-81cf-da5ab79b92f7@group-AF49A4A4CA2A-SegmentedRaftLog:OPENED:c-1,f-1,i0, conf=-1: [daebe4f8-0ad9-4eb2-8ed7-3a8051847eb6:192.168.69.118:44860, 389d5540-641f-48c2-a9df-60738dbad976:192.168.69.118:45712, 279bca68-3e74-4690-81cf-da5ab79b92f7:192.168.69.118:45510], old=null
2019-10-23 12:36:38,058 [279bca68-3e74-4690-81cf-da5ab79b92f7@group-AF49A4A4CA2A-LeaderElection235] INFO  impl.RaftServerImpl (RaftServerImpl.java:setRole(184)) - 279bca68-3e74-4690-81cf-da5ab79b92f7@group-AF49A4A4CA2A: changes role from CANDIDATE to FOLLOWER at term 254 for DISCOVERED_A_NEW_TERM
2019-10-23 12:36:38,058 [279bca68-3e74-4690-81cf-da5ab79b92f7@group-AF49A4A4CA2A-LeaderElection235] INFO  impl.RoleInfo (RoleInfo.java:shutdownLeaderElection(134)) - 279bca68-3e74-4690-81cf-da5ab79b92f7: shutdown LeaderElection
2019-10-23 12:36:38,058 [279bca68-3e74-4690-81cf-da5ab79b92f7@group-AF49A4A4CA2A-LeaderElection235] INFO  impl.RoleInfo (RoleInfo.java:updateAndGet(143)) - 279bca68-3e74-4690-81cf-da5ab79b92f7: start FollowerState
2019-10-23 12:36:38,061 [Thread-1787] INFO  impl.FollowerState (FollowerState.java:run(108)) - 279bca68-3e74-4690-81cf-da5ab79b92f7@group-AF49A4A4CA2A-FollowerState: change to CANDIDATE, lastRpcTime:3ms, electionTimeout:3ms
2019-10-23 12:36:38,062 [Thread-1787] INFO  impl.RoleInfo (RoleInfo.java:shutdownFollowerState(121)) - 279bca68-3e74-4690-81cf-da5ab79b92f7: shutdown FollowerState
2019-10-23 12:36:38,062 [Thread-1787] INFO  impl.RaftServerImpl (RaftServerImpl.java:setRole(184)) - 279bca68-3e74-4690-81cf-da5ab79b92f7@group-AF49A4A4CA2A: changes role from  FOLLOWER to CANDIDATE at term 254 for changeToCandidate
2019-10-23 12:36:38,062 [Thread-1787] INFO  impl.RoleInfo (RoleInfo.java:updateAndGet(143)) - 279bca68-3e74-4690-81cf-da5ab79b92f7: start LeaderElection
2019-10-23 12:36:38,086 [279bca68-3e74-4690-81cf-da5ab79b92f7@group-AF49A4A4CA2A-LeaderElection236] INFO  impl.LeaderElection (LeaderElection.java:askForVotes(178)) - 279bca68-3e74-4690-81cf-da5ab79b92f7@group-AF49A4A4CA2A-LeaderElection236: begin an election at term 255 for -1: [daebe4f8-0ad9-4eb2-8ed7-3a8051847eb6:192.168.69.118:44860, 389d5540-641f-48c2-a9df-60738dbad976:192.168.69.118:45712, 279bca68-3e74-4690-81cf-da5ab79b92f7:192.168.69.118:45510], old=null
2019-10-23 12:36:38,088 [grpc-default-executor-0] INFO  impl.RaftServerImpl (RaftServerImpl.java:setRole(184)) - daebe4f8-0ad9-4eb2-8ed7-3a8051847eb6@group-AF49A4A4CA2A: changes role from  FOLLOWER to FOLLOWER at term 255 for recognizeCandidate:279bca68-3e74-4690-81cf-da5ab79b92f7
2019-10-23 12:36:38,088 [grpc-default-executor-0] INFO  impl.RoleInfo (RoleInfo.java:shutdownFollowerState(121)) - daebe4f8-0ad9-4eb2-8ed7-3a8051847eb6: shutdown FollowerState
2019-10-23 12:36:38,088 [grpc-default-executor-4] INFO  impl.RaftServerImpl (RaftServerImpl.java:setRole(184)) - 389d5540-641f-48c2-a9df-60738dbad976@group-AF49A4A4CA2A: changes role from  FOLLOWER to FOLLOWER at term 255 for recognizeCandidate:279bca68-3e74-4690-81cf-da5ab79b92f7
2019-10-23 12:36:38,089 [grpc-default-executor-4] INFO  impl.RoleInfo (RoleInfo.java:shutdownFollowerState(121)) - 389d5540-641f-48c2-a9df-60738dbad976: shutdown FollowerState
2019-10-23 12:36:38,089 [Thread-1785] INFO  impl.FollowerState (FollowerState.java:run(117)) - daebe4f8-0ad9-4eb2-8ed7-3a8051847eb6@group-AF49A4A4CA2A-FollowerState was interrupted: java.lang.InterruptedException: sleep interrupted
2019-10-23 12:36:38,088 [grpc-default-executor-0] INFO  impl.RoleInfo (RoleInfo.java:updateAndGet(143)) - daebe4f8-0ad9-4eb2-8ed7-3a8051847eb6: start FollowerState
2019-10-23 12:36:38,089 [grpc-default-executor-4] INFO  impl.RoleInfo (RoleInfo.java:updateAndGet(143)) - 389d5540-641f-48c2-a9df-60738dbad976: start FollowerState
2019-10-23 12:36:38,089 [Thread-1786] INFO  impl.FollowerState (FollowerState.java:run(117)) - 389d5540-641f-48c2-a9df-60738dbad976@group-AF49A4A4CA2A-FollowerState was interrupted: java.lang.InterruptedException: sleep interrupted
2019-10-23 12:36:38,104 [279bca68-3e74-4690-81cf-da5ab79b92f7@group-AF49A4A4CA2A-LeaderElection236] INFO  impl.LeaderElection (LeaderElection.java:logAndReturn(56)) - 279bca68-3e74-4690-81cf-da5ab79b92f7@group-AF49A4A4CA2A-LeaderElection236: Election REJECTED; received 2 response(s) [279bca68-3e74-4690-81cf-da5ab79b92f7<-daebe4f8-0ad9-4eb2-8ed7-3a8051847eb6#0:FAIL-t255, 279bca68-3e74-4690-81cf-da5ab79b92f7<-389d5540-641f-48c2-a9df-60738dbad976#0:FAIL-t255] and 0 exception(s); 279bca68-3e74-4690-81cf-da5ab79b92f7@group-AF49A4A4CA2A:t255, leader=null, voted=279bca68-3e74-4690-81cf-da5ab79b92f7, raftlog=279bca68-3e74-4690-81cf-da5ab79b92f7@group-AF49A4A4CA2A-SegmentedRaftLog:OPENED:c-1,f-1,i0, conf=-1: [daebe4f8-0ad9-4eb2-8ed7-3a8051847eb6:192.168.69.118:44860, 389d5540-641f-48c2-a9df-60738dbad976:192.168.69.118:45712, 279bca68-3e74-4690-81cf-da5ab79b92f7:192.168.69.118:45510], old=null
2019-10-23 12:36:38,104 [279bca68-3e74-4690-81cf-da5ab79b92f7@group-AF49A4A4CA2A-LeaderElection236] INFO  impl.RaftServerImpl (RaftServerImpl.java:setRole(184)) - 279bca68-3e74-4690-81cf-da5ab79b92f7@group-AF49A4A4CA2A: changes role from CANDIDATE to FOLLOWER at term 255 for DISCOVERED_A_NEW_TERM
2019-10-23 12:36:38,104 [279bca68-3e74-4690-81cf-da5ab79b92f7@group-AF49A4A4CA2A-LeaderElection236] INFO  impl.RoleInfo (RoleInfo.java:shutdownLeaderElection(134)) - 279bca68-3e74-4690-81cf-da5ab79b92f7: shutdown LeaderElection
2019-10-23 12:36:38,104 [279bca68-3e74-4690-81cf-da5ab79b92f7@group-AF49A4A4CA2A-LeaderElection236] INFO  impl.RoleInfo (RoleInfo.java:updateAndGet(143)) - 279bca68-3e74-4690-81cf-da5ab79b92f7: start FollowerState
2019-10-23 12:36:38,129 [Thread-1793] INFO  impl.FollowerState (FollowerState.java:run(108)) - 279bca68-3e74-4690-81cf-da5ab79b92f7@group-AF49A4A4CA2A-FollowerState: change to CANDIDATE, lastRpcTime:24ms, electionTimeout:24ms
2019-10-23 12:36:38,129 [Thread-1793] INFO  impl.RoleInfo (RoleInfo.java:shutdownFollowerState(121)) - 279bca68-3e74-4690-81cf-da5ab79b92f7: shutdown FollowerState
2019-10-23 12:36:38,129 [Thread-1793] INFO  impl.RaftServerImpl (RaftServerImpl.java:setRole(184)) - 279bca68-3e74-4690-81cf-da5ab79b92f7@group-AF49A4A4CA2A: changes role from  FOLLOWER to CANDIDATE at term 255 for changeToCandidate
2019-10-23 12:36:38,129 [Thread-1793] INFO  impl.RoleInfo (RoleInfo.java:updateAndGet(143)) - 279bca68-3e74-4690-81cf-da5ab79b92f7: start LeaderElection
2019-10-23 12:36:38,142 [279bca68-3e74-4690-81cf-da5ab79b92f7@group-AF49A4A4CA2A-LeaderElection237] INFO  impl.LeaderElection (LeaderElection.java:askForVotes(178)) - 279bca68-3e74-4690-81cf-da5ab79b92f7@group-AF49A4A4CA2A-LeaderElection237: begin an election at term 256 for -1: [daebe4f8-0ad9-4eb2-8ed7-3a8051847eb6:192.168.69.118:44860, 389d5540-641f-48c2-a9df-60738dbad976:192.168.69.118:45712, 279bca68-3e74-4690-81cf-da5ab79b92f7:192.168.69.118:45510], old=null
2019-10-23 12:36:38,144 [grpc-default-executor-0] INFO  impl.RaftServerImpl (RaftServerImpl.java:setRole(184)) - daebe4f8-0ad9-4eb2-8ed7-3a8051847eb6@group-AF49A4A4CA2A: changes role from  FOLLOWER to FOLLOWER at term 256 for recognizeCandidate:279bca68-3e74-4690-81cf-da5ab79b92f7
2019-10-23 12:36:38,145 [grpc-default-executor-0] INFO  impl.RoleInfo (RoleInfo.java:shutdownFollowerState(121)) - daebe4f8-0ad9-4eb2-8ed7-3a8051847eb6: shutdown FollowerState
2019-10-23 12:36:38,145 [grpc-default-executor-4] INFO  impl.RaftServerImpl (RaftServerImpl.java:setRole(184)) - 389d5540-641f-48c2-a9df-60738dbad976@group-AF49A4A4CA2A: changes role from  FOLLOWER to FOLLOWER at term 256 for recognizeCandidate:279bca68-3e74-4690-81cf-da5ab79b92f7
2019-10-23 12:36:38,145 [grpc-default-executor-4] INFO  impl.RoleInfo (RoleInfo.java:shutdownFollowerState(121)) - 389d5540-641f-48c2-a9df-60738dbad976: shutdown FollowerState
2019-10-23 12:36:38,145 [Thread-1791] INFO  impl.FollowerState (FollowerState.java:run(117)) - daebe4f8-0ad9-4eb2-8ed7-3a8051847eb6@group-AF49A4A4CA2A-FollowerState was interrupted: java.lang.InterruptedException: sleep interrupted
2019-10-23 12:36:38,145 [grpc-default-executor-0] INFO  impl.RoleInfo (RoleInfo.java:updateAndGet(143)) - daebe4f8-0ad9-4eb2-8ed7-3a8051847eb6: start FollowerState
2019-10-23 12:36:38,145 [Thread-1792] INFO  impl.FollowerState (FollowerState.java:run(117)) - 389d5540-641f-48c2-a9df-60738dbad976@group-AF49A4A4CA2A-FollowerState was interrupted: java.lang.InterruptedException: sleep interrupted
2019-10-23 12:36:38,145 [grpc-default-executor-4] INFO  impl.RoleInfo (RoleInfo.java:updateAndGet(143)) - 389d5540-641f-48c2-a9df-60738dbad976: start FollowerState
2019-10-23 12:36:38,161 [279bca68-3e74-4690-81cf-da5ab79b92f7@group-AF49A4A4CA2A-LeaderElection237] INFO  impl.LeaderElection (LeaderElection.java:logAndReturn(56)) - 279bca68-3e74-4690-81cf-da5ab79b92f7@group-AF49A4A4CA2A-LeaderElection237: Election REJECTED; received 2 response(s) [279bca68-3e74-4690-81cf-da5ab79b92f7<-daebe4f8-0ad9-4eb2-8ed7-3a8051847eb6#0:FAIL-t256, 279bca68-3e74-4690-81cf-da5ab79b92f7<-389d5540-641f-48c2-a9df-60738dbad976#0:FAIL-t256] and 0 exception(s); 279bca68-3e74-4690-81cf-da5ab79b92f7@group-AF49A4A4CA2A:t256, leader=null, voted=279bca68-3e74-4690-81cf-da5ab79b92f7, raftlog=279bca68-3e74-4690-81cf-da5ab79b92f7@group-AF49A4A4CA2A-SegmentedRaftLog:OPENED:c-1,f-1,i0, conf=-1: [daebe4f8-0ad9-4eb2-8ed7-3a8051847eb6:192.168.69.118:44860, 389d5540-641f-48c2-a9df-60738dbad976:192.168.69.118:45712, 279bca68-3e74-4690-81cf-da5ab79b92f7:192.168.69.118:45510], old=null
2019-10-23 12:36:38,161 [279bca68-3e74-4690-81cf-da5ab79b92f7@group-AF49A4A4CA2A-LeaderElection237] INFO  impl.RaftServerImpl (RaftServerImpl.java:setRole(184)) - 279bca68-3e74-4690-81cf-da5ab79b92f7@group-AF49A4A4CA2A: changes role from CANDIDATE to FOLLOWER at term 256 for DISCOVERED_A_NEW_TERM
2019-10-23 12:36:38,161 [279bca68-3e74-4690-81cf-da5ab79b92f7@group-AF49A4A4CA2A-LeaderElection237] INFO  impl.RoleInfo (RoleInfo.java:shutdownLeaderElection(134)) - 279bca68-3e74-4690-81cf-da5ab79b92f7: shutdown LeaderElection
2019-10-23 12:36:38,161 [279bca68-3e74-4690-81cf-da5ab79b92f7@group-AF49A4A4CA2A-LeaderElection237] INFO  impl.RoleInfo (RoleInfo.java:updateAndGet(143)) - 279bca68-3e74-4690-81cf-da5ab79b92f7: start FollowerState
2019-10-23 12:36:38,267 [Thread-1801] INFO  impl.FollowerState (FollowerState.java:run(108)) - 279bca68-3e74-4690-81cf-da5ab79b92f7@group-AF49A4A4CA2A-FollowerState: change to CANDIDATE, lastRpcTime:105ms, electionTimeout:102ms
2019-10-23 12:36:38,267 [Thread-1801] INFO  impl.RoleInfo (RoleInfo.java:shutdownFollowerState(121)) - 279bca68-3e74-4690-81cf-da5ab79b92f7: shutdown FollowerState
2019-10-23 12:36:38,267 [Thread-1801] INFO  impl.RaftServerImpl (RaftServerImpl.java:setRole(184)) - 279bca68-3e74-4690-81cf-da5ab79b92f7@group-AF49A4A4CA2A: changes role from  FOLLOWER to CANDIDATE at term 256 for changeToCandidate
2019-10-23 12:36:38,267 [Thread-1801] INFO  impl.RoleInfo (RoleInfo.java:updateAndGet(143)) - 279bca68-3e74-4690-81cf-da5ab79b92f7: start LeaderElection
2019-10-23 12:36:38,281 [279bca68-3e74-4690-81cf-da5ab79b92f7@group-AF49A4A4CA2A-LeaderElection238] INFO  impl.LeaderElection (LeaderElection.java:askForVotes(178)) - 279bca68-3e74-4690-81cf-da5ab79b92f7@group-AF49A4A4CA2A-LeaderElection238: begin an election at term 257 for -1: [daebe4f8-0ad9-4eb2-8ed7-3a8051847eb6:192.168.69.118:44860, 389d5540-641f-48c2-a9df-60738dbad976:192.168.69.118:45712, 279bca68-3e74-4690-81cf-da5ab79b92f7:192.168.69.118:45510], old=null
2019-10-23 12:36:38,284 [grpc-default-executor-0] INFO  impl.RaftServerImpl (RaftServerImpl.java:setRole(184)) - daebe4f8-0ad9-4eb2-8ed7-3a8051847eb6@group-AF49A4A4CA2A: changes role from  FOLLOWER to FOLLOWER at term 257 for recognizeCandidate:279bca68-3e74-4690-81cf-da5ab79b92f7
2019-10-23 12:36:38,284 [grpc-default-executor-0] INFO  impl.RoleInfo (RoleInfo.java:shutdownFollowerState(121)) - daebe4f8-0ad9-4eb2-8ed7-3a8051847eb6: shutdown FollowerState
2019-10-23 12:36:38,284 [grpc-default-executor-4] INFO  impl.RaftServerImpl (RaftServerImpl.java:setRole(184)) - 389d5540-641f-48c2-a9df-60738dbad976@group-AF49A4A4CA2A: changes role from  FOLLOWER to FOLLOWER at term 257 for recognizeCandidate:279bca68-3e74-4690-81cf-da5ab79b92f7
2019-10-23 12:36:38,284 [grpc-default-executor-4] INFO  impl.RoleInfo (RoleInfo.java:shutdownFollowerState(121)) - 389d5540-641f-48c2-a9df-60738dbad976: shutdown FollowerState
2019-10-23 12:36:38,284 [Thread-1797] INFO  impl.FollowerState (FollowerState.java:run(117)) - daebe4f8-0ad9-4eb2-8ed7-3a8051847eb6@group-AF49A4A4CA2A-FollowerState was interrupted: java.lang.InterruptedException: sleep interrupted
2019-10-23 12:36:38,284 [grpc-default-executor-0] INFO  impl.RoleInfo (RoleInfo.java:updateAndGet(143)) - daebe4f8-0ad9-4eb2-8ed7-3a8051847eb6: start FollowerState
2019-10-23 12:36:38,284 [grpc-default-executor-4] INFO  impl.RoleInfo (RoleInfo.java:updateAndGet(143)) - 389d5540-641f-48c2-a9df-60738dbad976: start FollowerState
2019-10-23 12:36:38,284 [Thread-1798] INFO  impl.FollowerState (FollowerState.java:run(117)) - 389d5540-641f-48c2-a9df-60738dbad976@group-AF49A4A4CA2A-FollowerState was interrupted: java.lang.InterruptedException: sleep interrupted
2019-10-23 12:36:38,290 [279bca68-3e74-4690-81cf-da5ab79b92f7@group-AF49A4A4CA2A-LeaderElection238] INFO  impl.LeaderElection (LeaderElection.java:logAndReturn(56)) - 279bca68-3e74-4690-81cf-da5ab79b92f7@group-AF49A4A4CA2A-LeaderElection238: Election TIMEOUT; received 0 response(s) [] and 0 exception(s); 279bca68-3e74-4690-81cf-da5ab79b92f7@group-AF49A4A4CA2A:t257, leader=null, voted=279bca68-3e74-4690-81cf-da5ab79b92f7, raftlog=279bca68-3e74-4690-81cf-da5ab79b92f7@group-AF49A4A4CA2A-SegmentedRaftLog:OPENED:c-1,f-1,i0, conf=-1: [daebe4f8-0ad9-4eb2-8ed7-3a8051847eb6:192.168.69.118:44860, 389d5540-641f-48c2-a9df-60738dbad976:192.168.69.118:45712, 279bca68-3e74-4690-81cf-da5ab79b92f7:192.168.69.118:45510], old=null
2019-10-23 12:36:38,299 [279bca68-3e74-4690-81cf-da5ab79b92f7@group-AF49A4A4CA2A-LeaderElection238] INFO  impl.LeaderElection (LeaderElection.java:askForVotes(178)) - 279bca68-3e74-4690-81cf-da5ab79b92f7@group-AF49A4A4CA2A-LeaderElection238: begin an election at term 258 for -1: [daebe4f8-0ad9-4eb2-8ed7-3a8051847eb6:192.168.69.118:44860, 389d5540-641f-48c2-a9df-60738dbad976:192.168.69.118:45712, 279bca68-3e74-4690-81cf-da5ab79b92f7:192.168.69.118:45510], old=null
2019-10-23 12:36:38,301 [grpc-default-executor-4] INFO  impl.RaftServerImpl (RaftServerImpl.java:setRole(184)) - daebe4f8-0ad9-4eb2-8ed7-3a8051847eb6@group-AF49A4A4CA2A: changes role from  FOLLOWER to FOLLOWER at term 258 for recognizeCandidate:279bca68-3e74-4690-81cf-da5ab79b92f7
2019-10-23 12:36:38,301 [grpc-default-executor-4] INFO  impl.RoleInfo (RoleInfo.java:shutdownFollowerState(121)) - daebe4f8-0ad9-4eb2-8ed7-3a8051847eb6: shutdown FollowerState
2019-10-23 12:36:38,301 [grpc-default-executor-4] INFO  impl.RoleInfo (RoleInfo.java:updateAndGet(143)) - daebe4f8-0ad9-4eb2-8ed7-3a8051847eb6: start FollowerState
2019-10-23 12:36:38,301 [Thread-1805] INFO  impl.FollowerState (FollowerState.java:run(117)) - daebe4f8-0ad9-4eb2-8ed7-3a8051847eb6@group-AF49A4A4CA2A-FollowerState was interrupted: java.lang.InterruptedException: sleep interrupted
2019-10-23 12:36:38,301 [grpc-default-executor-0] INFO  impl.RaftServerImpl (RaftServerImpl.java:setRole(184)) - 389d5540-641f-48c2-a9df-60738dbad976@group-AF49A4A4CA2A: changes role from  FOLLOWER to FOLLOWER at term 258 for recognizeCandidate:279bca68-3e74-4690-81cf-da5ab79b92f7
2019-10-23 12:36:38,302 [grpc-default-executor-0] INFO  impl.RoleInfo (RoleInfo.java:shutdownFollowerState(121)) - 389d5540-641f-48c2-a9df-60738dbad976: shutdown FollowerState
2019-10-23 12:36:38,302 [grpc-default-executor-0] INFO  impl.RoleInfo (RoleInfo.java:updateAndGet(143)) - 389d5540-641f-48c2-a9df-60738dbad976: start FollowerState
2019-10-23 12:36:38,302 [Thread-1806] INFO  impl.FollowerState (FollowerState.java:run(117)) - 389d5540-641f-48c2-a9df-60738dbad976@group-AF49A4A4CA2A-FollowerState was interrupted: java.lang.InterruptedException: sleep interrupted
2019-10-23 12:36:38,312 [279bca68-3e74-4690-81cf-da5ab79b92f7@group-AF49A4A4CA2A-LeaderElection238] INFO  impl.LeaderElection (LeaderElection.java:logAndReturn(56)) - 279bca68-3e74-4690-81cf-da5ab79b92f7@group-AF49A4A4CA2A-LeaderElection238: Election REJECTED; received 2 response(s) [279bca68-3e74-4690-81cf-da5ab79b92f7<-daebe4f8-0ad9-4eb2-8ed7-3a8051847eb6#0:FAIL-t258, 279bca68-3e74-4690-81cf-da5ab79b92f7<-389d5540-641f-48c2-a9df-60738dbad976#0:FAIL-t258] and 0 exception(s); 279bca68-3e74-4690-81cf-da5ab79b92f7@group-AF49A4A4CA2A:t258, leader=null, voted=279bca68-3e74-4690-81cf-da5ab79b92f7, raftlog=279bca68-3e74-4690-81cf-da5ab79b92f7@group-AF49A4A4CA2A-SegmentedRaftLog:OPENED:c-1,f-1,i0, conf=-1: [daebe4f8-0ad9-4eb2-8ed7-3a8051847eb6:192.168.69.118:44860, 389d5540-641f-48c2-a9df-60738dbad976:192.168.69.118:45712, 279bca68-3e74-4690-81cf-da5ab79b92f7:192.168.69.118:45510], old=null
2019-10-23 12:36:38,312 [279bca68-3e74-4690-81cf-da5ab79b92f7@group-AF49A4A4CA2A-LeaderElection238] INFO  impl.RaftServerImpl (RaftServerImpl.java:setRole(184)) - 279bca68-3e74-4690-81cf-da5ab79b92f7@group-AF49A4A4CA2A: changes role from CANDIDATE to FOLLOWER at term 258 for DISCOVERED_A_NEW_TERM
2019-10-23 12:36:38,313 [279bca68-3e74-4690-81cf-da5ab79b92f7@group-AF49A4A4CA2A-LeaderElection238] INFO  impl.RoleInfo (RoleInfo.java:shutdownLeaderElection(134)) - 279bca68-3e74-4690-81cf-da5ab79b92f7: shutdown LeaderElection
2019-10-23 12:36:38,313 [279bca68-3e74-4690-81cf-da5ab79b92f7@group-AF49A4A4CA2A-LeaderElection238] INFO  impl.RoleInfo (RoleInfo.java:updateAndGet(143)) - 279bca68-3e74-4690-81cf-da5ab79b92f7: start FollowerState
2019-10-23 12:36:38,450 [Thread-1811] INFO  impl.FollowerState (FollowerState.java:run(108)) - 279bca68-3e74-4690-81cf-da5ab79b92f7@group-AF49A4A4CA2A-FollowerState: change to CANDIDATE, lastRpcTime:137ms, electionTimeout:137ms
2019-10-23 12:36:38,450 [Thread-1811] INFO  impl.RoleInfo (RoleInfo.java:shutdownFollowerState(121)) - 279bca68-3e74-4690-81cf-da5ab79b92f7: shutdown FollowerState
2019-10-23 12:36:38,450 [Thread-1811] INFO  impl.RaftServerImpl (RaftServerImpl.java:setRole(184)) - 279bca68-3e74-4690-81cf-da5ab79b92f7@group-AF49A4A4CA2A: changes role from  FOLLOWER to CANDIDATE at term 258 for changeToCandidate
2019-10-23 12:36:38,451 [Thread-1811] INFO  impl.RoleInfo (RoleInfo.java:updateAndGet(143)) - 279bca68-3e74-4690-81cf-da5ab79b92f7: start LeaderElection
2019-10-23 12:36:38,476 [279bca68-3e74-4690-81cf-da5ab79b92f7@group-AF49A4A4CA2A-LeaderElection239] INFO  impl.LeaderElection (LeaderElection.java:askForVotes(178)) - 279bca68-3e74-4690-81cf-da5ab79b92f7@group-AF49A4A4CA2A-LeaderElection239: begin an election at term 259 for -1: [daebe4f8-0ad9-4eb2-8ed7-3a8051847eb6:192.168.69.118:44860, 389d5540-641f-48c2-a9df-60738dbad976:192.168.69.118:45712, 279bca68-3e74-4690-81cf-da5ab79b92f7:192.168.69.118:45510], old=null
2019-10-23 12:36:38,478 [grpc-default-executor-4] INFO  impl.RaftServerImpl (RaftServerImpl.java:setRole(184)) - daebe4f8-0ad9-4eb2-8ed7-3a8051847eb6@group-AF49A4A4CA2A: changes role from  FOLLOWER to FOLLOWER at term 259 for recognizeCandidate:279bca68-3e74-4690-81cf-da5ab79b92f7
2019-10-23 12:36:38,479 [grpc-default-executor-4] INFO  impl.RoleInfo (RoleInfo.java:shutdownFollowerState(121)) - daebe4f8-0ad9-4eb2-8ed7-3a8051847eb6: shutdown FollowerState
2019-10-23 12:36:38,479 [grpc-default-executor-0] INFO  impl.RaftServerImpl (RaftServerImpl.java:setRole(184)) - 389d5540-641f-48c2-a9df-60738dbad976@group-AF49A4A4CA2A: changes role from  FOLLOWER to FOLLOWER at term 259 for recognizeCandidate:279bca68-3e74-4690-81cf-da5ab79b92f7
2019-10-23 12:36:38,479 [Thread-1809] INFO  impl.FollowerState (FollowerState.java:run(117)) - daebe4f8-0ad9-4eb2-8ed7-3a8051847eb6@group-AF49A4A4CA2A-FollowerState was interrupted: java.lang.InterruptedException: sleep interrupted
2019-10-23 12:36:38,479 [grpc-default-executor-4] INFO  impl.RoleInfo (RoleInfo.java:updateAndGet(143)) - daebe4f8-0ad9-4eb2-8ed7-3a8051847eb6: start FollowerState
2019-10-23 12:36:38,479 [grpc-default-executor-0] INFO  impl.RoleInfo (RoleInfo.java:shutdownFollowerState(121)) - 389d5540-641f-48c2-a9df-60738dbad976: shutdown FollowerState
2019-10-23 12:36:38,480 [grpc-default-executor-0] INFO  impl.RoleInfo (RoleInfo.java:updateAndGet(143)) - 389d5540-641f-48c2-a9df-60738dbad976: start FollowerState
2019-10-23 12:36:38,480 [Thread-1810] INFO  impl.FollowerState (FollowerState.java:run(117)) - 389d5540-641f-48c2-a9df-60738dbad976@group-AF49A4A4CA2A-FollowerState was interrupted: java.lang.InterruptedException: sleep interrupted
2019-10-23 12:36:38,495 [279bca68-3e74-4690-81cf-da5ab79b92f7@group-AF49A4A4CA2A-LeaderElection239] INFO  impl.LeaderElection (LeaderElection.java:logAndReturn(56)) - 279bca68-3e74-4690-81cf-da5ab79b92f7@group-AF49A4A4CA2A-LeaderElection239: Election REJECTED; received 2 response(s) [279bca68-3e74-4690-81cf-da5ab79b92f7<-daebe4f8-0ad9-4eb2-8ed7-3a8051847eb6#0:FAIL-t259, 279bca68-3e74-4690-81cf-da5ab79b92f7<-389d5540-641f-48c2-a9df-60738dbad976#0:FAIL-t259] and 0 exception(s); 279bca68-3e74-4690-81cf-da5ab79b92f7@group-AF49A4A4CA2A:t259, leader=null, voted=279bca68-3e74-4690-81cf-da5ab79b92f7, raftlog=279bca68-3e74-4690-81cf-da5ab79b92f7@group-AF49A4A4CA2A-SegmentedRaftLog:OPENED:c-1,f-1,i0, conf=-1: [daebe4f8-0ad9-4eb2-8ed7-3a8051847eb6:192.168.69.118:44860, 389d5540-641f-48c2-a9df-60738dbad976:192.168.69.118:45712, 279bca68-3e74-4690-81cf-da5ab79b92f7:192.168.69.118:45510], old=null
2019-10-23 12:36:38,496 [279bca68-3e74-4690-81cf-da5ab79b92f7@group-AF49A4A4CA2A-LeaderElection239] INFO  impl.RaftServerImpl (RaftServerImpl.java:setRole(184)) - 279bca68-3e74-4690-81cf-da5ab79b92f7@group-AF49A4A4CA2A: changes role from CANDIDATE to FOLLOWER at term 259 for DISCOVERED_A_NEW_TERM
2019-10-23 12:36:38,496 [279bca68-3e74-4690-81cf-da5ab79b92f7@group-AF49A4A4CA2A-LeaderElection239] INFO  impl.RoleInfo (RoleInfo.java:shutdownLeaderElection(134)) - 279bca68-3e74-4690-81cf-da5ab79b92f7: shutdown LeaderElection
2019-10-23 12:36:38,496 [279bca68-3e74-4690-81cf-da5ab79b92f7@group-AF49A4A4CA2A-LeaderElection239] INFO  impl.RoleInfo (RoleInfo.java:updateAndGet(143)) - 279bca68-3e74-4690-81cf-da5ab79b92f7: start FollowerState
2019-10-23 12:36:38,616 [Thread-1817] INFO  impl.FollowerState (FollowerState.java:run(108)) - 279bca68-3e74-4690-81cf-da5ab79b92f7@group-AF49A4A4CA2A-FollowerState: change to CANDIDATE, lastRpcTime:119ms, electionTimeout:119ms
2019-10-23 12:36:38,616 [Thread-1817] INFO  impl.RoleInfo (RoleInfo.java:shutdownFollowerState(121)) - 279bca68-3e74-4690-81cf-da5ab79b92f7: shutdown FollowerState
2019-10-23 12:36:38,616 [Thread-1817] INFO  impl.RaftServerImpl (RaftServerImpl.java:setRole(184)) - 279bca68-3e74-4690-81cf-da5ab79b92f7@group-AF49A4A4CA2A: changes role from  FOLLOWER to CANDIDATE at term 259 for changeToCandidate
2019-10-23 12:36:38,617 [Thread-1817] INFO  impl.RoleInfo (RoleInfo.java:updateAndGet(143)) - 279bca68-3e74-4690-81cf-da5ab79b92f7: start LeaderElection
2019-10-23 12:36:38,630 [279bca68-3e74-4690-81cf-da5ab79b92f7@group-AF49A4A4CA2A-LeaderElection240] INFO  impl.LeaderElection (LeaderElection.java:askForVotes(178)) - 279bca68-3e74-4690-81cf-da5ab79b92f7@group-AF49A4A4CA2A-LeaderElection240: begin an election at term 260 for -1: [daebe4f8-0ad9-4eb2-8ed7-3a8051847eb6:192.168.69.118:44860, 389d5540-641f-48c2-a9df-60738dbad976:192.168.69.118:45712, 279bca68-3e74-4690-81cf-da5ab79b92f7:192.168.69.118:45510], old=null
2019-10-23 12:36:38,634 [grpc-default-executor-4] INFO  impl.RaftServerImpl (RaftServerImpl.java:setRole(184)) - daebe4f8-0ad9-4eb2-8ed7-3a8051847eb6@group-AF49A4A4CA2A: changes role from  FOLLOWER to FOLLOWER at term 260 for recognizeCandidate:279bca68-3e74-4690-81cf-da5ab79b92f7
2019-10-23 12:36:38,634 [grpc-default-executor-0] INFO  impl.RaftServerImpl (RaftServerImpl.java:setRole(184)) - 389d5540-641f-48c2-a9df-60738dbad976@group-AF49A4A4CA2A: changes role from  FOLLOWER to FOLLOWER at term 260 for recognizeCandidate:279bca68-3e74-4690-81cf-da5ab79b92f7
2019-10-23 12:36:38,634 [grpc-default-executor-4] INFO  impl.RoleInfo (RoleInfo.java:shutdownFollowerState(121)) - daebe4f8-0ad9-4eb2-8ed7-3a8051847eb6: shutdown FollowerState
2019-10-23 12:36:38,634 [grpc-default-executor-0] INFO  impl.RoleInfo (RoleInfo.java:shutdownFollowerState(121)) - 389d5540-641f-48c2-a9df-60738dbad976: shutdown FollowerState
2019-10-23 12:36:38,634 [grpc-default-executor-4] INFO  impl.RoleInfo (RoleInfo.java:updateAndGet(143)) - daebe4f8-0ad9-4eb2-8ed7-3a8051847eb6: start FollowerState
2019-10-23 12:36:38,634 [Thread-1816] INFO  impl.FollowerState (FollowerState.java:run(117)) - 389d5540-641f-48c2-a9df-60738dbad976@group-AF49A4A4CA2A-FollowerState was interrupted: java.lang.InterruptedException: sleep interrupted
2019-10-23 12:36:38,634 [Thread-1815] INFO  impl.FollowerState (FollowerState.java:run(117)) - daebe4f8-0ad9-4eb2-8ed7-3a8051847eb6@group-AF49A4A4CA2A-FollowerState was interrupted: java.lang.InterruptedException: sleep interrupted
2019-10-23 12:36:38,634 [grpc-default-executor-0] INFO  impl.RoleInfo (RoleInfo.java:updateAndGet(143)) - 389d5540-641f-48c2-a9df-60738dbad976: start FollowerState
2019-10-23 12:36:38,649 [279bca68-3e74-4690-81cf-da5ab79b92f7@group-AF49A4A4CA2A-LeaderElection240] INFO  impl.LeaderElection (LeaderElection.java:logAndReturn(56)) - 279bca68-3e74-4690-81cf-da5ab79b92f7@group-AF49A4A4CA2A-LeaderElection240: Election REJECTED; received 2 response(s) [279bca68-3e74-4690-81cf-da5ab79b92f7<-daebe4f8-0ad9-4eb2-8ed7-3a8051847eb6#0:FAIL-t260, 279bca68-3e74-4690-81cf-da5ab79b92f7<-389d5540-641f-48c2-a9df-60738dbad976#0:FAIL-t260] and 0 exception(s); 279bca68-3e74-4690-81cf-da5ab79b92f7@group-AF49A4A4CA2A:t260, leader=null, voted=279bca68-3e74-4690-81cf-da5ab79b92f7, raftlog=279bca68-3e74-4690-81cf-da5ab79b92f7@group-AF49A4A4CA2A-SegmentedRaftLog:OPENED:c-1,f-1,i0, conf=-1: [daebe4f8-0ad9-4eb2-8ed7-3a8051847eb6:192.168.69.118:44860, 389d5540-641f-48c2-a9df-60738dbad976:192.168.69.118:45712, 279bca68-3e74-4690-81cf-da5ab79b92f7:192.168.69.118:45510], old=null
2019-10-23 12:36:38,650 [279bca68-3e74-4690-81cf-da5ab79b92f7@group-AF49A4A4CA2A-LeaderElection240] INFO  impl.RaftServerImpl (RaftServerImpl.java:setRole(184)) - 279bca68-3e74-4690-81cf-da5ab79b92f7@group-AF49A4A4CA2A: changes role from CANDIDATE to FOLLOWER at term 260 for DISCOVERED_A_NEW_TERM
2019-10-23 12:36:38,650 [279bca68-3e74-4690-81cf-da5ab79b92f7@group-AF49A4A4CA2A-LeaderElection240] INFO  impl.RoleInfo (RoleInfo.java:shutdownLeaderElection(134)) - 279bca68-3e74-4690-81cf-da5ab79b92f7: shutdown LeaderElection
2019-10-23 12:36:38,650 [279bca68-3e74-4690-81cf-da5ab79b92f7@group-AF49A4A4CA2A-LeaderElection240] INFO  impl.RoleInfo (RoleInfo.java:updateAndGet(143)) - 279bca68-3e74-4690-81cf-da5ab79b92f7: start FollowerState
2019-10-23 12:36:38,708 [Thread-1823] INFO  impl.FollowerState (FollowerState.java:run(108)) - 279bca68-3e74-4690-81cf-da5ab79b92f7@group-AF49A4A4CA2A-FollowerState: change to CANDIDATE, lastRpcTime:57ms, electionTimeout:57ms
2019-10-23 12:36:38,708 [Thread-1823] INFO  impl.RoleInfo (RoleInfo.java:shutdownFollowerState(121)) - 279bca68-3e74-4690-81cf-da5ab79b92f7: shutdown FollowerState
2019-10-23 12:36:38,708 [Thread-1823] INFO  impl.RaftServerImpl (RaftServerImpl.java:setRole(184)) - 279bca68-3e74-4690-81cf-da5ab79b92f7@group-AF49A4A4CA2A: changes role from  FOLLOWER to CANDIDATE at term 260 for changeToCandidate
2019-10-23 12:36:38,708 [Thread-1823] INFO  impl.RoleInfo (RoleInfo.java:updateAndGet(143)) - 279bca68-3e74-4690-81cf-da5ab79b92f7: start LeaderElection
2019-10-23 12:36:38,734 [279bca68-3e74-4690-81cf-da5ab79b92f7@group-AF49A4A4CA2A-LeaderElection241] INFO  impl.LeaderElection (LeaderElection.java:askForVotes(178)) - 279bca68-3e74-4690-81cf-da5ab79b92f7@group-AF49A4A4CA2A-LeaderElection241: begin an election at term 261 for -1: [daebe4f8-0ad9-4eb2-8ed7-3a8051847eb6:192.168.69.118:44860, 389d5540-641f-48c2-a9df-60738dbad976:192.168.69.118:45712, 279bca68-3e74-4690-81cf-da5ab79b92f7:192.168.69.118:45510], old=null
2019-10-23 12:36:38,736 [grpc-default-executor-4] INFO  impl.RaftServerImpl (RaftServerImpl.java:setRole(184)) - daebe4f8-0ad9-4eb2-8ed7-3a8051847eb6@group-AF49A4A4CA2A: changes role from  FOLLOWER to FOLLOWER at term 261 for recognizeCandidate:279bca68-3e74-4690-81cf-da5ab79b92f7
2019-10-23 12:36:38,736 [grpc-default-executor-4] INFO  impl.RoleInfo (RoleInfo.java:shutdownFollowerState(121)) - daebe4f8-0ad9-4eb2-8ed7-3a8051847eb6: shutdown FollowerState
2019-10-23 12:36:38,736 [grpc-default-executor-4] INFO  impl.RoleInfo (RoleInfo.java:updateAndGet(143)) - daebe4f8-0ad9-4eb2-8ed7-3a8051847eb6: start FollowerState
2019-10-23 12:36:38,736 [Thread-1821] INFO  impl.FollowerState (FollowerState.java:run(117)) - daebe4f8-0ad9-4eb2-8ed7-3a8051847eb6@group-AF49A4A4CA2A-FollowerState was interrupted: java.lang.InterruptedException: sleep interrupted
2019-10-23 12:36:38,737 [grpc-default-executor-0] INFO  impl.RaftServerImpl (RaftServerImpl.java:setRole(184)) - 389d5540-641f-48c2-a9df-60738dbad976@group-AF49A4A4CA2A: changes role from  FOLLOWER to FOLLOWER at term 261 for recognizeCandidate:279bca68-3e74-4690-81cf-da5ab79b92f7
2019-10-23 12:36:38,737 [grpc-default-executor-0] INFO  impl.RoleInfo (RoleInfo.java:shutdownFollowerState(121)) - 389d5540-641f-48c2-a9df-60738dbad976: shutdown FollowerState
2019-10-23 12:36:38,737 [grpc-default-executor-0] INFO  impl.RoleInfo (RoleInfo.java:updateAndGet(143)) - 389d5540-641f-48c2-a9df-60738dbad976: start FollowerState
2019-10-23 12:36:38,737 [Thread-1822] INFO  impl.FollowerState (FollowerState.java:run(117)) - 389d5540-641f-48c2-a9df-60738dbad976@group-AF49A4A4CA2A-FollowerState was interrupted: java.lang.InterruptedException: sleep interrupted
2019-10-23 12:36:38,751 [279bca68-3e74-4690-81cf-da5ab79b92f7@group-AF49A4A4CA2A-LeaderElection241] INFO  impl.LeaderElection (LeaderElection.java:logAndReturn(56)) - 279bca68-3e74-4690-81cf-da5ab79b92f7@group-AF49A4A4CA2A-LeaderElection241: Election REJECTED; received 2 response(s) [279bca68-3e74-4690-81cf-da5ab79b92f7<-daebe4f8-0ad9-4eb2-8ed7-3a8051847eb6#0:FAIL-t261, 279bca68-3e74-4690-81cf-da5ab79b92f7<-389d5540-641f-48c2-a9df-60738dbad976#0:FAIL-t261] and 0 exception(s); 279bca68-3e74-4690-81cf-da5ab79b92f7@group-AF49A4A4CA2A:t261, leader=null, voted=279bca68-3e74-4690-81cf-da5ab79b92f7, raftlog=279bca68-3e74-4690-81cf-da5ab79b92f7@group-AF49A4A4CA2A-SegmentedRaftLog:OPENED:c-1,f-1,i0, conf=-1: [daebe4f8-0ad9-4eb2-8ed7-3a8051847eb6:192.168.69.118:44860, 389d5540-641f-48c2-a9df-60738dbad976:192.168.69.118:45712, 279bca68-3e74-4690-81cf-da5ab79b92f7:192.168.69.118:45510], old=null
2019-10-23 12:36:38,751 [279bca68-3e74-4690-81cf-da5ab79b92f7@group-AF49A4A4CA2A-LeaderElection241] INFO  impl.RaftServerImpl (RaftServerImpl.java:setRole(184)) - 279bca68-3e74-4690-81cf-da5ab79b92f7@group-AF49A4A4CA2A: changes role from CANDIDATE to FOLLOWER at term 261 for DISCOVERED_A_NEW_TERM
2019-10-23 12:36:38,751 [279bca68-3e74-4690-81cf-da5ab79b92f7@group-AF49A4A4CA2A-LeaderElection241] INFO  impl.RoleInfo (RoleInfo.java:shutdownLeaderElection(134)) - 279bca68-3e74-4690-81cf-da5ab79b92f7: shutdown LeaderElection
2019-10-23 12:36:38,751 [279bca68-3e74-4690-81cf-da5ab79b92f7@group-AF49A4A4CA2A-LeaderElection241] INFO  impl.RoleInfo (RoleInfo.java:updateAndGet(143)) - 279bca68-3e74-4690-81cf-da5ab79b92f7: start FollowerState
2019-10-23 12:36:38,822 [Thread-1829] INFO  impl.FollowerState (FollowerState.java:run(108)) - 279bca68-3e74-4690-81cf-da5ab79b92f7@group-AF49A4A4CA2A-FollowerState: change to CANDIDATE, lastRpcTime:70ms, electionTimeout:70ms
2019-10-23 12:36:38,822 [Thread-1829] INFO  impl.RoleInfo (RoleInfo.java:shutdownFollowerState(121)) - 279bca68-3e74-4690-81cf-da5ab79b92f7: shutdown FollowerState
2019-10-23 12:36:38,822 [Thread-1829] INFO  impl.RaftServerImpl (RaftServerImpl.java:setRole(184)) - 279bca68-3e74-4690-81cf-da5ab79b92f7@group-AF49A4A4CA2A: changes role from  FOLLOWER to CANDIDATE at term 261 for changeToCandidate
2019-10-23 12:36:38,822 [Thread-1829] INFO  impl.RoleInfo (RoleInfo.java:updateAndGet(143)) - 279bca68-3e74-4690-81cf-da5ab79b92f7: start LeaderElection
2019-10-23 12:36:38,836 [279bca68-3e74-4690-81cf-da5ab79b92f7@group-AF49A4A4CA2A-LeaderElection242] INFO  impl.LeaderElection (LeaderElection.java:askForVotes(178)) - 279bca68-3e74-4690-81cf-da5ab79b92f7@group-AF49A4A4CA2A-LeaderElection242: begin an election at term 262 for -1: [daebe4f8-0ad9-4eb2-8ed7-3a8051847eb6:192.168.69.118:44860, 389d5540-641f-48c2-a9df-60738dbad976:192.168.69.118:45712, 279bca68-3e74-4690-81cf-da5ab79b92f7:192.168.69.118:45510], old=null
2019-10-23 12:36:38,837 [grpc-default-executor-4] INFO  impl.RaftServerImpl (RaftServerImpl.java:setRole(184)) - daebe4f8-0ad9-4eb2-8ed7-3a8051847eb6@group-AF49A4A4CA2A: changes role from  FOLLOWER to FOLLOWER at term 262 for recognizeCandidate:279bca68-3e74-4690-81cf-da5ab79b92f7
2019-10-23 12:36:38,838 [grpc-default-executor-4] INFO  impl.RoleInfo (RoleInfo.java:shutdownFollowerState(121)) - daebe4f8-0ad9-4eb2-8ed7-3a8051847eb6: shutdown FollowerState
2019-10-23 12:36:38,838 [grpc-default-executor-0] INFO  impl.RaftServerImpl (RaftServerImpl.java:setRole(184)) - 389d5540-641f-48c2-a9df-60738dbad976@group-AF49A4A4CA2A: changes role from  FOLLOWER to FOLLOWER at term 262 for recognizeCandidate:279bca68-3e74-4690-81cf-da5ab79b92f7
2019-10-23 12:36:38,838 [Thread-1827] INFO  impl.FollowerState (FollowerState.java:run(117)) - daebe4f8-0ad9-4eb2-8ed7-3a8051847eb6@group-AF49A4A4CA2A-FollowerState was interrupted: java.lang.InterruptedException: sleep interrupted
2019-10-23 12:36:38,838 [grpc-default-executor-4] INFO  impl.RoleInfo (RoleInfo.java:updateAndGet(143)) - daebe4f8-0ad9-4eb2-8ed7-3a8051847eb6: start FollowerState
2019-10-23 12:36:38,838 [grpc-default-executor-0] INFO  impl.RoleInfo (RoleInfo.java:shutdownFollowerState(121)) - 389d5540-641f-48c2-a9df-60738dbad976: shutdown FollowerState
2019-10-23 12:36:38,838 [grpc-default-executor-0] INFO  impl.RoleInfo (RoleInfo.java:updateAndGet(143)) - 389d5540-641f-48c2-a9df-60738dbad976: start FollowerState
2019-10-23 12:36:38,838 [Thread-1828] INFO  impl.FollowerState (FollowerState.java:run(117)) - 389d5540-641f-48c2-a9df-60738dbad976@group-AF49A4A4CA2A-FollowerState was interrupted: java.lang.InterruptedException: sleep interrupted
2019-10-23 12:36:38,854 [279bca68-3e74-4690-81cf-da5ab79b92f7@group-AF49A4A4CA2A-LeaderElection242] INFO  impl.LeaderElection (LeaderElection.java:logAndReturn(56)) - 279bca68-3e74-4690-81cf-da5ab79b92f7@group-AF49A4A4CA2A-LeaderElection242: Election REJECTED; received 2 response(s) [279bca68-3e74-4690-81cf-da5ab79b92f7<-daebe4f8-0ad9-4eb2-8ed7-3a8051847eb6#0:FAIL-t262, 279bca68-3e74-4690-81cf-da5ab79b92f7<-389d5540-641f-48c2-a9df-60738dbad976#0:FAIL-t262] and 0 exception(s); 279bca68-3e74-4690-81cf-da5ab79b92f7@group-AF49A4A4CA2A:t262, leader=null, voted=279bca68-3e74-4690-81cf-da5ab79b92f7, raftlog=279bca68-3e74-4690-81cf-da5ab79b92f7@group-AF49A4A4CA2A-SegmentedRaftLog:OPENED:c-1,f-1,i0, conf=-1: [daebe4f8-0ad9-4eb2-8ed7-3a8051847eb6:192.168.69.118:44860, 389d5540-641f-48c2-a9df-60738dbad976:192.168.69.118:45712, 279bca68-3e74-4690-81cf-da5ab79b92f7:192.168.69.118:45510], old=null
2019-10-23 12:36:38,854 [279bca68-3e74-4690-81cf-da5ab79b92f7@group-AF49A4A4CA2A-LeaderElection242] INFO  impl.RaftServerImpl (RaftServerImpl.java:setRole(184)) - 279bca68-3e74-4690-81cf-da5ab79b92f7@group-AF49A4A4CA2A: changes role from CANDIDATE to FOLLOWER at term 262 for DISCOVERED_A_NEW_TERM
2019-10-23 12:36:38,854 [279bca68-3e74-4690-81cf-da5ab79b92f7@group-AF49A4A4CA2A-LeaderElection242] INFO  impl.RoleInfo (RoleInfo.java:shutdownLeaderElection(134)) - 279bca68-3e74-4690-81cf-da5ab79b92f7: shutdown LeaderElection
2019-10-23 12:36:38,854 [279bca68-3e74-4690-81cf-da5ab79b92f7@group-AF49A4A4CA2A-LeaderElection242] INFO  impl.RoleInfo (RoleInfo.java:updateAndGet(143)) - 279bca68-3e74-4690-81cf-da5ab79b92f7: start FollowerState
2019-10-23 12:36:38,879 [Thread-1835] INFO  impl.FollowerState (FollowerState.java:run(108)) - 279bca68-3e74-4690-81cf-da5ab79b92f7@group-AF49A4A4CA2A-FollowerState: change to CANDIDATE, lastRpcTime:25ms, electionTimeout:25ms
2019-10-23 12:36:38,880 [Thread-1835] INFO  impl.RoleInfo (RoleInfo.java:shutdownFollowerState(121)) - 279bca68-3e74-4690-81cf-da5ab79b92f7: shutdown FollowerState
2019-10-23 12:36:38,880 [Thread-1835] INFO  impl.RaftServerImpl (RaftServerImpl.java:setRole(184)) - 279bca68-3e74-4690-81cf-da5ab79b92f7@group-AF49A4A4CA2A: changes role from  FOLLOWER to CANDIDATE at term 262 for changeToCandidate
2019-10-23 12:36:38,880 [Thread-1835] INFO  impl.RoleInfo (RoleInfo.java:updateAndGet(143)) - 279bca68-3e74-4690-81cf-da5ab79b92f7: start LeaderElection
2019-10-23 12:36:38,894 [279bca68-3e74-4690-81cf-da5ab79b92f7@group-AF49A4A4CA2A-LeaderElection243] INFO  impl.LeaderElection (LeaderElection.java:askForVotes(178)) - 279bca68-3e74-4690-81cf-da5ab79b92f7@group-AF49A4A4CA2A-LeaderElection243: begin an election at term 263 for -1: [daebe4f8-0ad9-4eb2-8ed7-3a8051847eb6:192.168.69.118:44860, 389d5540-641f-48c2-a9df-60738dbad976:192.168.69.118:45712, 279bca68-3e74-4690-81cf-da5ab79b92f7:192.168.69.118:45510], old=null
2019-10-23 12:36:38,896 [grpc-default-executor-4] INFO  impl.RaftServerImpl (RaftServerImpl.java:setRole(184)) - daebe4f8-0ad9-4eb2-8ed7-3a8051847eb6@group-AF49A4A4CA2A: changes role from  FOLLOWER to FOLLOWER at term 263 for recognizeCandidate:279bca68-3e74-4690-81cf-da5ab79b92f7
2019-10-23 12:36:38,896 [grpc-default-executor-4] INFO  impl.RoleInfo (RoleInfo.java:shutdownFollowerState(121)) - daebe4f8-0ad9-4eb2-8ed7-3a8051847eb6: shutdown FollowerState
2019-10-23 12:36:38,896 [grpc-default-executor-0] INFO  impl.RaftServerImpl (RaftServerImpl.java:setRole(184)) - 389d5540-641f-48c2-a9df-60738dbad976@group-AF49A4A4CA2A: changes role from  FOLLOWER to FOLLOWER at term 263 for recognizeCandidate:279bca68-3e74-4690-81cf-da5ab79b92f7
2019-10-23 12:36:38,896 [Thread-1833] INFO  impl.FollowerState (FollowerState.java:run(117)) - daebe4f8-0ad9-4eb2-8ed7-3a8051847eb6@group-AF49A4A4CA2A-FollowerState was interrupted: java.lang.InterruptedException: sleep interrupted
2019-10-23 12:36:38,896 [grpc-default-executor-4] INFO  impl.RoleInfo (RoleInfo.java:updateAndGet(143)) - daebe4f8-0ad9-4eb2-8ed7-3a8051847eb6: start FollowerState
2019-10-23 12:36:38,896 [grpc-default-executor-0] INFO  impl.RoleInfo (RoleInfo.java:shutdownFollowerState(121)) - 389d5540-641f-48c2-a9df-60738dbad976: shutdown FollowerState
2019-10-23 12:36:38,896 [grpc-default-executor-0] INFO  impl.RoleInfo (RoleInfo.java:updateAndGet(143)) - 389d5540-641f-48c2-a9df-60738dbad976: start FollowerState
2019-10-23 12:36:38,897 [Thread-1834] INFO  impl.FollowerState (FollowerState.java:run(117)) - 389d5540-641f-48c2-a9df-60738dbad976@group-AF49A4A4CA2A-FollowerState was interrupted: java.lang.InterruptedException: sleep interrupted
2019-10-23 12:36:38,911 [279bca68-3e74-4690-81cf-da5ab79b92f7@group-AF49A4A4CA2A-LeaderElection243] INFO  impl.LeaderElection (LeaderElection.java:logAndReturn(56)) - 279bca68-3e74-4690-81cf-da5ab79b92f7@group-AF49A4A4CA2A-LeaderElection243: Election REJECTED; received 2 response(s) [279bca68-3e74-4690-81cf-da5ab79b92f7<-daebe4f8-0ad9-4eb2-8ed7-3a8051847eb6#0:FAIL-t263, 279bca68-3e74-4690-81cf-da5ab79b92f7<-389d5540-641f-48c2-a9df-60738dbad976#0:FAIL-t263] and 0 exception(s); 279bca68-3e74-4690-81cf-da5ab79b92f7@group-AF49A4A4CA2A:t263, leader=null, voted=279bca68-3e74-4690-81cf-da5ab79b92f7, raftlog=279bca68-3e74-4690-81cf-da5ab79b92f7@group-AF49A4A4CA2A-SegmentedRaftLog:OPENED:c-1,f-1,i0, conf=-1: [daebe4f8-0ad9-4eb2-8ed7-3a8051847eb6:192.168.69.118:44860, 389d5540-641f-48c2-a9df-60738dbad976:192.168.69.118:45712, 279bca68-3e74-4690-81cf-da5ab79b92f7:192.168.69.118:45510], old=null
2019-10-23 12:36:38,911 [279bca68-3e74-4690-81cf-da5ab79b92f7@group-AF49A4A4CA2A-LeaderElection243] INFO  impl.RaftServerImpl (RaftServerImpl.java:setRole(184)) - 279bca68-3e74-4690-81cf-da5ab79b92f7@group-AF49A4A4CA2A: changes role from CANDIDATE to FOLLOWER at term 263 for DISCOVERED_A_NEW_TERM
2019-10-23 12:36:38,911 [279bca68-3e74-4690-81cf-da5ab79b92f7@group-AF49A4A4CA2A-LeaderElection243] INFO  impl.RoleInfo (RoleInfo.java:shutdownLeaderElection(134)) - 279bca68-3e74-4690-81cf-da5ab79b92f7: shutdown LeaderElection
2019-10-23 12:36:38,911 [279bca68-3e74-4690-81cf-da5ab79b92f7@group-AF49A4A4CA2A-LeaderElection243] INFO  impl.RoleInfo (RoleInfo.java:updateAndGet(143)) - 279bca68-3e74-4690-81cf-da5ab79b92f7: start FollowerState
2019-10-23 12:36:38,923 [Thread-1841] INFO  impl.FollowerState (FollowerState.java:run(108)) - 279bca68-3e74-4690-81cf-da5ab79b92f7@group-AF49A4A4CA2A-FollowerState: change to CANDIDATE, lastRpcTime:11ms, electionTimeout:11ms
2019-10-23 12:36:38,923 [Thread-1841] INFO  impl.RoleInfo (RoleInfo.java:shutdownFollowerState(121)) - 279bca68-3e74-4690-81cf-da5ab79b92f7: shutdown FollowerState
2019-10-23 12:36:38,923 [Thread-1841] INFO  impl.RaftServerImpl (RaftServerImpl.java:setRole(184)) - 279bca68-3e74-4690-81cf-da5ab79b92f7@group-AF49A4A4CA2A: changes role from  FOLLOWER to CANDIDATE at term 263 for changeToCandidate
2019-10-23 12:36:38,923 [Thread-1841] INFO  impl.RoleInfo (RoleInfo.java:updateAndGet(143)) - 279bca68-3e74-4690-81cf-da5ab79b92f7: start LeaderElection
2019-10-23 12:36:38,937 [279bca68-3e74-4690-81cf-da5ab79b92f7@group-AF49A4A4CA2A-LeaderElection244] INFO  impl.LeaderElection (LeaderElection.java:askForVotes(178)) - 279bca68-3e74-4690-81cf-da5ab79b92f7@group-AF49A4A4CA2A-LeaderElection244: begin an election at term 264 for -1: [daebe4f8-0ad9-4eb2-8ed7-3a8051847eb6:192.168.69.118:44860, 389d5540-641f-48c2-a9df-60738dbad976:192.168.69.118:45712, 279bca68-3e74-4690-81cf-da5ab79b92f7:192.168.69.118:45510], old=null
2019-10-23 12:36:38,939 [grpc-default-executor-4] INFO  impl.RaftServerImpl (RaftServerImpl.java:setRole(184)) - daebe4f8-0ad9-4eb2-8ed7-3a8051847eb6@group-AF49A4A4CA2A: changes role from  FOLLOWER to FOLLOWER at term 264 for recognizeCandidate:279bca68-3e74-4690-81cf-da5ab79b92f7
2019-10-23 12:36:38,939 [grpc-default-executor-4] INFO  impl.RoleInfo (RoleInfo.java:shutdownFollowerState(121)) - daebe4f8-0ad9-4eb2-8ed7-3a8051847eb6: shutdown FollowerState
2019-10-23 12:36:38,939 [grpc-default-executor-4] INFO  impl.RoleInfo (RoleInfo.java:updateAndGet(143)) - daebe4f8-0ad9-4eb2-8ed7-3a8051847eb6: start FollowerState
2019-10-23 12:36:38,939 [grpc-default-executor-0] INFO  impl.RaftServerImpl (RaftServerImpl.java:setRole(184)) - 389d5540-641f-48c2-a9df-60738dbad976@group-AF49A4A4CA2A: changes role from  FOLLOWER to FOLLOWER at term 264 for recognizeCandidate:279bca68-3e74-4690-81cf-da5ab79b92f7
2019-10-23 12:36:38,939 [Thread-1839] INFO  impl.FollowerState (FollowerState.java:run(117)) - daebe4f8-0ad9-4eb2-8ed7-3a8051847eb6@group-AF49A4A4CA2A-FollowerState was interrupted: java.lang.InterruptedException: sleep interrupted
2019-10-23 12:36:38,939 [grpc-default-executor-0] INFO  impl.RoleInfo (RoleInfo.java:shutdownFollowerState(121)) - 389d5540-641f-48c2-a9df-60738dbad976: shutdown FollowerState
2019-10-23 12:36:38,940 [Thread-1840] INFO  impl.FollowerState (FollowerState.java:run(117)) - 389d5540-641f-48c2-a9df-60738dbad976@group-AF49A4A4CA2A-FollowerState was interrupted: java.lang.InterruptedException: sleep interrupted
2019-10-23 12:36:38,940 [grpc-default-executor-0] INFO  impl.RoleInfo (RoleInfo.java:updateAndGet(143)) - 389d5540-641f-48c2-a9df-60738dbad976: start FollowerState
2019-10-23 12:36:38,955 [279bca68-3e74-4690-81cf-da5ab79b92f7@group-AF49A4A4CA2A-LeaderElection244] INFO  impl.LeaderElection (LeaderElection.java:logAndReturn(56)) - 279bca68-3e74-4690-81cf-da5ab79b92f7@group-AF49A4A4CA2A-LeaderElection244: Election REJECTED; received 2 response(s) [279bca68-3e74-4690-81cf-da5ab79b92f7<-daebe4f8-0ad9-4eb2-8ed7-3a8051847eb6#0:FAIL-t264, 279bca68-3e74-4690-81cf-da5ab79b92f7<-389d5540-641f-48c2-a9df-60738dbad976#0:FAIL-t264] and 0 exception(s); 279bca68-3e74-4690-81cf-da5ab79b92f7@group-AF49A4A4CA2A:t264, leader=null, voted=279bca68-3e74-4690-81cf-da5ab79b92f7, raftlog=279bca68-3e74-4690-81cf-da5ab79b92f7@group-AF49A4A4CA2A-SegmentedRaftLog:OPENED:c-1,f-1,i0, conf=-1: [daebe4f8-0ad9-4eb2-8ed7-3a8051847eb6:192.168.69.118:44860, 389d5540-641f-48c2-a9df-60738dbad976:192.168.69.118:45712, 279bca68-3e74-4690-81cf-da5ab79b92f7:192.168.69.118:45510], old=null
2019-10-23 12:36:38,955 [279bca68-3e74-4690-81cf-da5ab79b92f7@group-AF49A4A4CA2A-LeaderElection244] INFO  impl.RaftServerImpl (RaftServerImpl.java:setRole(184)) - 279bca68-3e74-4690-81cf-da5ab79b92f7@group-AF49A4A4CA2A: changes role from CANDIDATE to FOLLOWER at term 264 for DISCOVERED_A_NEW_TERM
2019-10-23 12:36:38,955 [279bca68-3e74-4690-81cf-da5ab79b92f7@group-AF49A4A4CA2A-LeaderElection244] INFO  impl.RoleInfo (RoleInfo.java:shutdownLeaderElection(134)) - 279bca68-3e74-4690-81cf-da5ab79b92f7: shutdown LeaderElection
2019-10-23 12:36:38,955 [279bca68-3e74-4690-81cf-da5ab79b92f7@group-AF49A4A4CA2A-LeaderElection244] INFO  impl.RoleInfo (RoleInfo.java:updateAndGet(143)) - 279bca68-3e74-4690-81cf-da5ab79b92f7: start FollowerState
2019-10-23 12:36:39,123 [Thread-1847] INFO  impl.FollowerState (FollowerState.java:run(108)) - 279bca68-3e74-4690-81cf-da5ab79b92f7@group-AF49A4A4CA2A-FollowerState: change to CANDIDATE, lastRpcTime:167ms, electionTimeout:167ms
2019-10-23 12:36:39,123 [Thread-1847] INFO  impl.RoleInfo (RoleInfo.java:shutdownFollowerState(121)) - 279bca68-3e74-4690-81cf-da5ab79b92f7: shutdown FollowerState
2019-10-23 12:36:39,123 [Thread-1847] INFO  impl.RaftServerImpl (RaftServerImpl.java:setRole(184)) - 279bca68-3e74-4690-81cf-da5ab79b92f7@group-AF49A4A4CA2A: changes role from  FOLLOWER to CANDIDATE at term 264 for changeToCandidate
2019-10-23 12:36:39,123 [Thread-1847] INFO  impl.RoleInfo (RoleInfo.java:updateAndGet(143)) - 279bca68-3e74-4690-81cf-da5ab79b92f7: start LeaderElection
2019-10-23 12:36:39,141 [279bca68-3e74-4690-81cf-da5ab79b92f7@group-AF49A4A4CA2A-LeaderElection245] INFO  impl.LeaderElection (LeaderElection.java:askForVotes(178)) - 279bca68-3e74-4690-81cf-da5ab79b92f7@group-AF49A4A4CA2A-LeaderElection245: begin an election at term 265 for -1: [daebe4f8-0ad9-4eb2-8ed7-3a8051847eb6:192.168.69.118:44860, 389d5540-641f-48c2-a9df-60738dbad976:192.168.69.118:45712, 279bca68-3e74-4690-81cf-da5ab79b92f7:192.168.69.118:45510], old=null
2019-10-23 12:36:39,143 [grpc-default-executor-0] INFO  impl.RaftServerImpl (RaftServerImpl.java:setRole(184)) - 389d5540-641f-48c2-a9df-60738dbad976@group-AF49A4A4CA2A: changes role from  FOLLOWER to FOLLOWER at term 265 for recognizeCandidate:279bca68-3e74-4690-81cf-da5ab79b92f7
2019-10-23 12:36:39,143 [grpc-default-executor-4] INFO  impl.RaftServerImpl (RaftServerImpl.java:setRole(184)) - daebe4f8-0ad9-4eb2-8ed7-3a8051847eb6@group-AF49A4A4CA2A: changes role from  FOLLOWER to FOLLOWER at term 265 for recognizeCandidate:279bca68-3e74-4690-81cf-da5ab79b92f7
2019-10-23 12:36:39,144 [grpc-default-executor-0] INFO  impl.RoleInfo (RoleInfo.java:shutdownFollowerState(121)) - 389d5540-641f-48c2-a9df-60738dbad976: shutdown FollowerState
2019-10-23 12:36:39,144 [grpc-default-executor-4] INFO  impl.RoleInfo (RoleInfo.java:shutdownFollowerState(121)) - daebe4f8-0ad9-4eb2-8ed7-3a8051847eb6: shutdown FollowerState
2019-10-23 12:36:39,144 [grpc-default-executor-4] INFO  impl.RoleInfo (RoleInfo.java:updateAndGet(143)) - daebe4f8-0ad9-4eb2-8ed7-3a8051847eb6: start FollowerState
2019-10-23 12:36:39,144 [Thread-1846] INFO  impl.FollowerState (FollowerState.java:run(117)) - 389d5540-641f-48c2-a9df-60738dbad976@group-AF49A4A4CA2A-FollowerState was interrupted: java.lang.InterruptedException: sleep interrupted
2019-10-23 12:36:39,144 [grpc-default-executor-0] INFO  impl.RoleInfo (RoleInfo.java:updateAndGet(143)) - 389d5540-641f-48c2-a9df-60738dbad976: start FollowerState
2019-10-23 12:36:39,144 [Thread-1845] INFO  impl.FollowerState (FollowerState.java:run(117)) - daebe4f8-0ad9-4eb2-8ed7-3a8051847eb6@group-AF49A4A4CA2A-FollowerState was interrupted: java.lang.InterruptedException: sleep interrupted
2019-10-23 12:36:39,159 [279bca68-3e74-4690-81cf-da5ab79b92f7@group-AF49A4A4CA2A-LeaderElection245] INFO  impl.LeaderElection (LeaderElection.java:logAndReturn(56)) - 279bca68-3e74-4690-81cf-da5ab79b92f7@group-AF49A4A4CA2A-LeaderElection245: Election REJECTED; received 2 response(s) [279bca68-3e74-4690-81cf-da5ab79b92f7<-daebe4f8-0ad9-4eb2-8ed7-3a8051847eb6#0:FAIL-t265, 279bca68-3e74-4690-81cf-da5ab79b92f7<-389d5540-641f-48c2-a9df-60738dbad976#0:FAIL-t265] and 0 exception(s); 279bca68-3e74-4690-81cf-da5ab79b92f7@group-AF49A4A4CA2A:t265, leader=null, voted=279bca68-3e74-4690-81cf-da5ab79b92f7, raftlog=279bca68-3e74-4690-81cf-da5ab79b92f7@group-AF49A4A4CA2A-SegmentedRaftLog:OPENED:c-1,f-1,i0, conf=-1: [daebe4f8-0ad9-4eb2-8ed7-3a8051847eb6:192.168.69.118:44860, 389d5540-641f-48c2-a9df-60738dbad976:192.168.69.118:45712, 279bca68-3e74-4690-81cf-da5ab79b92f7:192.168.69.118:45510], old=null
2019-10-23 12:36:39,159 [279bca68-3e74-4690-81cf-da5ab79b92f7@group-AF49A4A4CA2A-LeaderElection245] INFO  impl.RaftServerImpl (RaftServerImpl.java:setRole(184)) - 279bca68-3e74-4690-81cf-da5ab79b92f7@group-AF49A4A4CA2A: changes role from CANDIDATE to FOLLOWER at term 265 for DISCOVERED_A_NEW_TERM
2019-10-23 12:36:39,159 [279bca68-3e74-4690-81cf-da5ab79b92f7@group-AF49A4A4CA2A-LeaderElection245] INFO  impl.RoleInfo (RoleInfo.java:shutdownLeaderElection(134)) - 279bca68-3e74-4690-81cf-da5ab79b92f7: shutdown LeaderElection
2019-10-23 12:36:39,160 [279bca68-3e74-4690-81cf-da5ab79b92f7@group-AF49A4A4CA2A-LeaderElection245] INFO  impl.RoleInfo (RoleInfo.java:updateAndGet(143)) - 279bca68-3e74-4690-81cf-da5ab79b92f7: start FollowerState
2019-10-23 12:36:39,244 [Thread-1853] INFO  impl.FollowerState (FollowerState.java:run(108)) - 279bca68-3e74-4690-81cf-da5ab79b92f7@group-AF49A4A4CA2A-FollowerState: change to CANDIDATE, lastRpcTime:84ms, electionTimeout:84ms
2019-10-23 12:36:39,244 [Thread-1853] INFO  impl.RoleInfo (RoleInfo.java:shutdownFollowerState(121)) - 279bca68-3e74-4690-81cf-da5ab79b92f7: shutdown FollowerState
2019-10-23 12:36:39,244 [Thread-1853] INFO  impl.RaftServerImpl (RaftServerImpl.java:setRole(184)) - 279bca68-3e74-4690-81cf-da5ab79b92f7@group-AF49A4A4CA2A: changes role from  FOLLOWER to CANDIDATE at term 265 for changeToCandidate
2019-10-23 12:36:39,244 [Thread-1853] INFO  impl.RoleInfo (RoleInfo.java:updateAndGet(143)) - 279bca68-3e74-4690-81cf-da5ab79b92f7: start LeaderElection
2019-10-23 12:36:39,258 [279bca68-3e74-4690-81cf-da5ab79b92f7@group-AF49A4A4CA2A-LeaderElection246] INFO  impl.LeaderElection (LeaderElection.java:askForVotes(178)) - 279bca68-3e74-4690-81cf-da5ab79b92f7@group-AF49A4A4CA2A-LeaderElection246: begin an election at term 266 for -1: [daebe4f8-0ad9-4eb2-8ed7-3a8051847eb6:192.168.69.118:44860, 389d5540-641f-48c2-a9df-60738dbad976:192.168.69.118:45712, 279bca68-3e74-4690-81cf-da5ab79b92f7:192.168.69.118:45510], old=null
2019-10-23 12:36:39,261 [grpc-default-executor-4] INFO  impl.RaftServerImpl (RaftServerImpl.java:setRole(184)) - 389d5540-641f-48c2-a9df-60738dbad976@group-AF49A4A4CA2A: changes role from  FOLLOWER to FOLLOWER at term 266 for recognizeCandidate:279bca68-3e74-4690-81cf-da5ab79b92f7
2019-10-23 12:36:39,261 [grpc-default-executor-4] INFO  impl.RoleInfo (RoleInfo.java:shutdownFollowerState(121)) - 389d5540-641f-48c2-a9df-60738dbad976: shutdown FollowerState
2019-10-23 12:36:39,261 [grpc-default-executor-4] INFO  impl.RoleInfo (RoleInfo.java:updateAndGet(143)) - 389d5540-641f-48c2-a9df-60738dbad976: start FollowerState
2019-10-23 12:36:39,261 [grpc-default-executor-0] INFO  impl.RaftServerImpl (RaftServerImpl.java:setRole(184)) - daebe4f8-0ad9-4eb2-8ed7-3a8051847eb6@group-AF49A4A4CA2A: changes role from  FOLLOWER to FOLLOWER at term 266 for recognizeCandidate:279bca68-3e74-4690-81cf-da5ab79b92f7
2019-10-23 12:36:39,261 [Thread-1851] INFO  impl.FollowerState (FollowerState.java:run(117)) - 389d5540-641f-48c2-a9df-60738dbad976@group-AF49A4A4CA2A-FollowerState was interrupted: java.lang.InterruptedException: sleep interrupted
2019-10-23 12:36:39,261 [grpc-default-executor-0] INFO  impl.RoleInfo (RoleInfo.java:shutdownFollowerState(121)) - daebe4f8-0ad9-4eb2-8ed7-3a8051847eb6: shutdown FollowerState
2019-10-23 12:36:39,262 [grpc-default-executor-0] INFO  impl.RoleInfo (RoleInfo.java:updateAndGet(143)) - daebe4f8-0ad9-4eb2-8ed7-3a8051847eb6: start FollowerState
2019-10-23 12:36:39,262 [Thread-1852] INFO  impl.FollowerState (FollowerState.java:run(117)) - daebe4f8-0ad9-4eb2-8ed7-3a8051847eb6@group-AF49A4A4CA2A-FollowerState was interrupted: java.lang.InterruptedException: sleep interrupted
2019-10-23 12:36:39,276 [279bca68-3e74-4690-81cf-da5ab79b92f7@group-AF49A4A4CA2A-LeaderElection246] INFO  impl.LeaderElection (LeaderElection.java:logAndReturn(56)) - 279bca68-3e74-4690-81cf-da5ab79b92f7@group-AF49A4A4CA2A-LeaderElection246: Election REJECTED; received 2 response(s) [279bca68-3e74-4690-81cf-da5ab79b92f7<-daebe4f8-0ad9-4eb2-8ed7-3a8051847eb6#0:FAIL-t266, 279bca68-3e74-4690-81cf-da5ab79b92f7<-389d5540-641f-48c2-a9df-60738dbad976#0:FAIL-t266] and 0 exception(s); 279bca68-3e74-4690-81cf-da5ab79b92f7@group-AF49A4A4CA2A:t266, leader=null, voted=279bca68-3e74-4690-81cf-da5ab79b92f7, raftlog=279bca68-3e74-4690-81cf-da5ab79b92f7@group-AF49A4A4CA2A-SegmentedRaftLog:OPENED:c-1,f-1,i0, conf=-1: [daebe4f8-0ad9-4eb2-8ed7-3a8051847eb6:192.168.69.118:44860, 389d5540-641f-48c2-a9df-60738dbad976:192.168.69.118:45712, 279bca68-3e74-4690-81cf-da5ab79b92f7:192.168.69.118:45510], old=null
2019-10-23 12:36:39,276 [279bca68-3e74-4690-81cf-da5ab79b92f7@group-AF49A4A4CA2A-LeaderElection246] INFO  impl.RaftServerImpl (RaftServerImpl.java:setRole(184)) - 279bca68-3e74-4690-81cf-da5ab79b92f7@group-AF49A4A4CA2A: changes role from CANDIDATE to FOLLOWER at term 266 for DISCOVERED_A_NEW_TERM
2019-10-23 12:36:39,276 [279bca68-3e74-4690-81cf-da5ab79b92f7@group-AF49A4A4CA2A-LeaderElection246] INFO  impl.RoleInfo (RoleInfo.java:shutdownLeaderElection(134)) - 279bca68-3e74-4690-81cf-da5ab79b92f7: shutdown LeaderElection
2019-10-23 12:36:39,276 [279bca68-3e74-4690-81cf-da5ab79b92f7@group-AF49A4A4CA2A-LeaderElection246] INFO  impl.RoleInfo (RoleInfo.java:updateAndGet(143)) - 279bca68-3e74-4690-81cf-da5ab79b92f7: start FollowerState
2019-10-23 12:36:39,416 [Thread-1861] INFO  impl.FollowerState (FollowerState.java:run(108)) - 279bca68-3e74-4690-81cf-da5ab79b92f7@group-AF49A4A4CA2A-FollowerState: change to CANDIDATE, lastRpcTime:139ms, electionTimeout:139ms
2019-10-23 12:36:39,416 [Thread-1861] INFO  impl.RoleInfo (RoleInfo.java:shutdownFollowerState(121)) - 279bca68-3e74-4690-81cf-da5ab79b92f7: shutdown FollowerState
2019-10-23 12:36:39,416 [Thread-1861] INFO  impl.RaftServerImpl (RaftServerImpl.java:setRole(184)) - 279bca68-3e74-4690-81cf-da5ab79b92f7@group-AF49A4A4CA2A: changes role from  FOLLOWER to CANDIDATE at term 266 for changeToCandidate
2019-10-23 12:36:39,416 [Thread-1861] INFO  impl.RoleInfo (RoleInfo.java:updateAndGet(143)) - 279bca68-3e74-4690-81cf-da5ab79b92f7: start LeaderElection
2019-10-23 12:36:39,432 [279bca68-3e74-4690-81cf-da5ab79b92f7@group-AF49A4A4CA2A-LeaderElection247] INFO  impl.LeaderElection (LeaderElection.java:askForVotes(178)) - 279bca68-3e74-4690-81cf-da5ab79b92f7@group-AF49A4A4CA2A-LeaderElection247: begin an election at term 267 for -1: [daebe4f8-0ad9-4eb2-8ed7-3a8051847eb6:192.168.69.118:44860, 389d5540-641f-48c2-a9df-60738dbad976:192.168.69.118:45712, 279bca68-3e74-4690-81cf-da5ab79b92f7:192.168.69.118:45510], old=null
2019-10-23 12:36:39,434 [grpc-default-executor-0] INFO  impl.RaftServerImpl (RaftServerImpl.java:setRole(184)) - 389d5540-641f-48c2-a9df-60738dbad976@group-AF49A4A4CA2A: changes role from  FOLLOWER to FOLLOWER at term 267 for recognizeCandidate:279bca68-3e74-4690-81cf-da5ab79b92f7
2019-10-23 12:36:39,434 [grpc-default-executor-0] INFO  impl.RoleInfo (RoleInfo.java:shutdownFollowerState(121)) - 389d5540-641f-48c2-a9df-60738dbad976: shutdown FollowerState
2019-10-23 12:36:39,434 [grpc-default-executor-4] INFO  impl.RaftServerImpl (RaftServerImpl.java:setRole(184)) - daebe4f8-0ad9-4eb2-8ed7-3a8051847eb6@group-AF49A4A4CA2A: changes role from  FOLLOWER to FOLLOWER at term 267 for recognizeCandidate:279bca68-3e74-4690-81cf-da5ab79b92f7
2019-10-23 12:36:39,434 [Thread-1859] INFO  impl.FollowerState (FollowerState.java:run(117)) - 389d5540-641f-48c2-a9df-60738dbad976@group-AF49A4A4CA2A-FollowerState was interrupted: java.lang.InterruptedException: sleep interrupted
2019-10-23 12:36:39,434 [grpc-default-executor-0] INFO  impl.RoleInfo (RoleInfo.java:updateAndGet(143)) - 389d5540-641f-48c2-a9df-60738dbad976: start FollowerState
2019-10-23 12:36:39,434 [grpc-default-executor-4] INFO  impl.RoleInfo (RoleInfo.java:shutdownFollowerState(121)) - daebe4f8-0ad9-4eb2-8ed7-3a8051847eb6: shutdown FollowerState
2019-10-23 12:36:39,435 [Thread-1860] INFO  impl.FollowerState (FollowerState.java:run(117)) - daebe4f8-0ad9-4eb2-8ed7-3a8051847eb6@group-AF49A4A4CA2A-FollowerState was interrupted: java.lang.InterruptedException: sleep interrupted
2019-10-23 12:36:39,435 [grpc-default-executor-4] INFO  impl.RoleInfo (RoleInfo.java:updateAndGet(143)) - daebe4f8-0ad9-4eb2-8ed7-3a8051847eb6: start FollowerState
2019-10-23 12:36:39,449 [279bca68-3e74-4690-81cf-da5ab79b92f7@group-AF49A4A4CA2A-LeaderElection247] INFO  impl.LeaderElection (LeaderElection.java:logAndReturn(56)) - 279bca68-3e74-4690-81cf-da5ab79b92f7@group-AF49A4A4CA2A-LeaderElection247: Election REJECTED; received 2 response(s) [279bca68-3e74-4690-81cf-da5ab79b92f7<-daebe4f8-0ad9-4eb2-8ed7-3a8051847eb6#0:FAIL-t267, 279bca68-3e74-4690-81cf-da5ab79b92f7<-389d5540-641f-48c2-a9df-60738dbad976#0:FAIL-t267] and 0 exception(s); 279bca68-3e74-4690-81cf-da5ab79b92f7@group-AF49A4A4CA2A:t267, leader=null, voted=279bca68-3e74-4690-81cf-da5ab79b92f7, raftlog=279bca68-3e74-4690-81cf-da5ab79b92f7@group-AF49A4A4CA2A-SegmentedRaftLog:OPENED:c-1,f-1,i0, conf=-1: [daebe4f8-0ad9-4eb2-8ed7-3a8051847eb6:192.168.69.118:44860, 389d5540-641f-48c2-a9df-60738dbad976:192.168.69.118:45712, 279bca68-3e74-4690-81cf-da5ab79b92f7:192.168.69.118:45510], old=null
2019-10-23 12:36:39,449 [279bca68-3e74-4690-81cf-da5ab79b92f7@group-AF49A4A4CA2A-LeaderElection247] INFO  impl.RaftServerImpl (RaftServerImpl.java:setRole(184)) - 279bca68-3e74-4690-81cf-da5ab79b92f7@group-AF49A4A4CA2A: changes role from CANDIDATE to FOLLOWER at term 267 for DISCOVERED_A_NEW_TERM
2019-10-23 12:36:39,449 [279bca68-3e74-4690-81cf-da5ab79b92f7@group-AF49A4A4CA2A-LeaderElection247] INFO  impl.RoleInfo (RoleInfo.java:shutdownLeaderElection(134)) - 279bca68-3e74-4690-81cf-da5ab79b92f7: shutdown LeaderElection
2019-10-23 12:36:39,449 [279bca68-3e74-4690-81cf-da5ab79b92f7@group-AF49A4A4CA2A-LeaderElection247] INFO  impl.RoleInfo (RoleInfo.java:updateAndGet(143)) - 279bca68-3e74-4690-81cf-da5ab79b92f7: start FollowerState
2019-10-23 12:36:39,499 [Thread-1867] INFO  impl.FollowerState (FollowerState.java:run(108)) - 279bca68-3e74-4690-81cf-da5ab79b92f7@group-AF49A4A4CA2A-FollowerState: change to CANDIDATE, lastRpcTime:49ms, electionTimeout:49ms
2019-10-23 12:36:39,499 [Thread-1867] INFO  impl.RoleInfo (RoleInfo.java:shutdownFollowerState(121)) - 279bca68-3e74-4690-81cf-da5ab79b92f7: shutdown FollowerState
2019-10-23 12:36:39,499 [Thread-1867] INFO  impl.RaftServerImpl (RaftServerImpl.java:setRole(184)) - 279bca68-3e74-4690-81cf-da5ab79b92f7@group-AF49A4A4CA2A: changes role from  FOLLOWER to CANDIDATE at term 267 for changeToCandidate
2019-10-23 12:36:39,499 [Thread-1867] INFO  impl.RoleInfo (RoleInfo.java:updateAndGet(143)) - 279bca68-3e74-4690-81cf-da5ab79b92f7: start LeaderElection
2019-10-23 12:36:39,525 [279bca68-3e74-4690-81cf-da5ab79b92f7@group-AF49A4A4CA2A-LeaderElection248] INFO  impl.LeaderElection (LeaderElection.java:askForVotes(178)) - 279bca68-3e74-4690-81cf-da5ab79b92f7@group-AF49A4A4CA2A-LeaderElection248: begin an election at term 268 for -1: [daebe4f8-0ad9-4eb2-8ed7-3a8051847eb6:192.168.69.118:44860, 389d5540-641f-48c2-a9df-60738dbad976:192.168.69.118:45712, 279bca68-3e74-4690-81cf-da5ab79b92f7:192.168.69.118:45510], old=null
2019-10-23 12:36:39,527 [grpc-default-executor-4] INFO  impl.RaftServerImpl (RaftServerImpl.java:setRole(184)) - daebe4f8-0ad9-4eb2-8ed7-3a8051847eb6@group-AF49A4A4CA2A: changes role from  FOLLOWER to FOLLOWER at term 268 for recognizeCandidate:279bca68-3e74-4690-81cf-da5ab79b92f7
2019-10-23 12:36:39,527 [grpc-default-executor-4] INFO  impl.RoleInfo (RoleInfo.java:shutdownFollowerState(121)) - daebe4f8-0ad9-4eb2-8ed7-3a8051847eb6: shutdown FollowerState
2019-10-23 12:36:39,527 [grpc-default-executor-0] INFO  impl.RaftServerImpl (RaftServerImpl.java:setRole(184)) - 389d5540-641f-48c2-a9df-60738dbad976@group-AF49A4A4CA2A: changes role from  FOLLOWER to FOLLOWER at term 268 for recognizeCandidate:279bca68-3e74-4690-81cf-da5ab79b92f7
2019-10-23 12:36:39,528 [grpc-default-executor-0] INFO  impl.RoleInfo (RoleInfo.java:shutdownFollowerState(121)) - 389d5540-641f-48c2-a9df-60738dbad976: shutdown FollowerState
2019-10-23 12:36:39,528 [Thread-1866] INFO  impl.FollowerState (FollowerState.java:run(117)) - daebe4f8-0ad9-4eb2-8ed7-3a8051847eb6@group-AF49A4A4CA2A-FollowerState was interrupted: java.lang.InterruptedException: sleep interrupted
2019-10-23 12:36:39,528 [grpc-default-executor-4] INFO  impl.RoleInfo (RoleInfo.java:updateAndGet(143)) - daebe4f8-0ad9-4eb2-8ed7-3a8051847eb6: start FollowerState
2019-10-23 12:36:39,528 [grpc-default-executor-0] INFO  impl.RoleInfo (RoleInfo.java:updateAndGet(143)) - 389d5540-641f-48c2-a9df-60738dbad976: start FollowerState
2019-10-23 12:36:39,528 [Thread-1865] INFO  impl.FollowerState (FollowerState.java:run(117)) - 389d5540-641f-48c2-a9df-60738dbad976@group-AF49A4A4CA2A-FollowerState was interrupted: java.lang.InterruptedException: sleep interrupted
2019-10-23 12:36:39,543 [279bca68-3e74-4690-81cf-da5ab79b92f7@group-AF49A4A4CA2A-LeaderElection248] INFO  impl.LeaderElection (LeaderElection.java:logAndReturn(56)) - 279bca68-3e74-4690-81cf-da5ab79b92f7@group-AF49A4A4CA2A-LeaderElection248: Election REJECTED; received 2 response(s) [279bca68-3e74-4690-81cf-da5ab79b92f7<-daebe4f8-0ad9-4eb2-8ed7-3a8051847eb6#0:FAIL-t268, 279bca68-3e74-4690-81cf-da5ab79b92f7<-389d5540-641f-48c2-a9df-60738dbad976#0:FAIL-t268] and 0 exception(s); 279bca68-3e74-4690-81cf-da5ab79b92f7@group-AF49A4A4CA2A:t268, leader=null, voted=279bca68-3e74-4690-81cf-da5ab79b92f7, raftlog=279bca68-3e74-4690-81cf-da5ab79b92f7@group-AF49A4A4CA2A-SegmentedRaftLog:OPENED:c-1,f-1,i0, conf=-1: [daebe4f8-0ad9-4eb2-8ed7-3a8051847eb6:192.168.69.118:44860, 389d5540-641f-48c2-a9df-60738dbad976:192.168.69.118:45712, 279bca68-3e74-4690-81cf-da5ab79b92f7:192.168.69.118:45510], old=null
2019-10-23 12:36:39,543 [279bca68-3e74-4690-81cf-da5ab79b92f7@group-AF49A4A4CA2A-LeaderElection248] INFO  impl.RaftServerImpl (RaftServerImpl.java:setRole(184)) - 279bca68-3e74-4690-81cf-da5ab79b92f7@group-AF49A4A4CA2A: changes role from CANDIDATE to FOLLOWER at term 268 for DISCOVERED_A_NEW_TERM
2019-10-23 12:36:39,543 [279bca68-3e74-4690-81cf-da5ab79b92f7@group-AF49A4A4CA2A-LeaderElection248] INFO  impl.RoleInfo (RoleInfo.java:shutdownLeaderElection(134)) - 279bca68-3e74-4690-81cf-da5ab79b92f7: shutdown LeaderElection
2019-10-23 12:36:39,543 [279bca68-3e74-4690-81cf-da5ab79b92f7@group-AF49A4A4CA2A-LeaderElection248] INFO  impl.RoleInfo (RoleInfo.java:updateAndGet(143)) - 279bca68-3e74-4690-81cf-da5ab79b92f7: start FollowerState
2019-10-23 12:36:39,688 [Thread-1873] INFO  impl.FollowerState (FollowerState.java:run(108)) - 279bca68-3e74-4690-81cf-da5ab79b92f7@group-AF49A4A4CA2A-FollowerState: change to CANDIDATE, lastRpcTime:145ms, electionTimeout:145ms
2019-10-23 12:36:39,689 [Thread-1873] INFO  impl.RoleInfo (RoleInfo.java:shutdownFollowerState(121)) - 279bca68-3e74-4690-81cf-da5ab79b92f7: shutdown FollowerState
2019-10-23 12:36:39,689 [Thread-1873] INFO  impl.RaftServerImpl (RaftServerImpl.java:setRole(184)) - 279bca68-3e74-4690-81cf-da5ab79b92f7@group-AF49A4A4CA2A: changes role from  FOLLOWER to CANDIDATE at term 268 for changeToCandidate
2019-10-23 12:36:39,689 [Thread-1873] INFO  impl.RoleInfo (RoleInfo.java:updateAndGet(143)) - 279bca68-3e74-4690-81cf-da5ab79b92f7: start LeaderElection
2019-10-23 12:36:39,702 [279bca68-3e74-4690-81cf-da5ab79b92f7@group-AF49A4A4CA2A-LeaderElection249] INFO  impl.LeaderElection (LeaderElection.java:askForVotes(178)) - 279bca68-3e74-4690-81cf-da5ab79b92f7@group-AF49A4A4CA2A-LeaderElection249: begin an election at term 269 for -1: [daebe4f8-0ad9-4eb2-8ed7-3a8051847eb6:192.168.69.118:44860, 389d5540-641f-48c2-a9df-60738dbad976:192.168.69.118:45712, 279bca68-3e74-4690-81cf-da5ab79b92f7:192.168.69.118:45510], old=null
2019-10-23 12:36:39,705 [grpc-default-executor-0] INFO  impl.RaftServerImpl (RaftServerImpl.java:setRole(184)) - 389d5540-641f-48c2-a9df-60738dbad976@group-AF49A4A4CA2A: changes role from  FOLLOWER to FOLLOWER at term 269 for recognizeCandidate:279bca68-3e74-4690-81cf-da5ab79b92f7
2019-10-23 12:36:39,705 [grpc-default-executor-0] INFO  impl.RoleInfo (RoleInfo.java:shutdownFollowerState(121)) - 389d5540-641f-48c2-a9df-60738dbad976: shutdown FollowerState
2019-10-23 12:36:39,705 [grpc-default-executor-0] INFO  impl.RoleInfo (RoleInfo.java:updateAndGet(143)) - 389d5540-641f-48c2-a9df-60738dbad976: start FollowerState
2019-10-23 12:36:39,705 [grpc-default-executor-4] INFO  impl.RaftServerImpl (RaftServerImpl.java:setRole(184)) - daebe4f8-0ad9-4eb2-8ed7-3a8051847eb6@group-AF49A4A4CA2A: changes role from  FOLLOWER to FOLLOWER at term 269 for recognizeCandidate:279bca68-3e74-4690-81cf-da5ab79b92f7
2019-10-23 12:36:39,705 [grpc-default-executor-4] INFO  impl.RoleInfo (RoleInfo.java:shutdownFollowerState(121)) - daebe4f8-0ad9-4eb2-8ed7-3a8051847eb6: shutdown FollowerState
2019-10-23 12:36:39,705 [Thread-1872] INFO  impl.FollowerState (FollowerState.java:run(117)) - 389d5540-641f-48c2-a9df-60738dbad976@group-AF49A4A4CA2A-FollowerState was interrupted: java.lang.InterruptedException: sleep interrupted
2019-10-23 12:36:39,705 [Thread-1871] INFO  impl.FollowerState (FollowerState.java:run(117)) - daebe4f8-0ad9-4eb2-8ed7-3a8051847eb6@group-AF49A4A4CA2A-FollowerState was interrupted: java.lang.InterruptedException: sleep interrupted
2019-10-23 12:36:39,705 [grpc-default-executor-4] INFO  impl.RoleInfo (RoleInfo.java:updateAndGet(143)) - daebe4f8-0ad9-4eb2-8ed7-3a8051847eb6: start FollowerState
2019-10-23 12:36:39,733 [279bca68-3e74-4690-81cf-da5ab79b92f7@group-AF49A4A4CA2A-LeaderElection249] INFO  impl.LeaderElection (LeaderElection.java:logAndReturn(56)) - 279bca68-3e74-4690-81cf-da5ab79b92f7@group-AF49A4A4CA2A-LeaderElection249: Election REJECTED; received 2 response(s) [279bca68-3e74-4690-81cf-da5ab79b92f7<-daebe4f8-0ad9-4eb2-8ed7-3a8051847eb6#0:FAIL-t269, 279bca68-3e74-4690-81cf-da5ab79b92f7<-389d5540-641f-48c2-a9df-60738dbad976#0:FAIL-t269] and 0 exception(s); 279bca68-3e74-4690-81cf-da5ab79b92f7@group-AF49A4A4CA2A:t269, leader=null, voted=279bca68-3e74-4690-81cf-da5ab79b92f7, raftlog=279bca68-3e74-4690-81cf-da5ab79b92f7@group-AF49A4A4CA2A-SegmentedRaftLog:OPENED:c-1,f-1,i0, conf=-1: [daebe4f8-0ad9-4eb2-8ed7-3a8051847eb6:192.168.69.118:44860, 389d5540-641f-48c2-a9df-60738dbad976:192.168.69.118:45712, 279bca68-3e74-4690-81cf-da5ab79b92f7:192.168.69.118:45510], old=null
2019-10-23 12:36:39,733 [279bca68-3e74-4690-81cf-da5ab79b92f7@group-AF49A4A4CA2A-LeaderElection249] INFO  impl.RaftServerImpl (RaftServerImpl.java:setRole(184)) - 279bca68-3e74-4690-81cf-da5ab79b92f7@group-AF49A4A4CA2A: changes role from CANDIDATE to FOLLOWER at term 269 for DISCOVERED_A_NEW_TERM
2019-10-23 12:36:39,733 [279bca68-3e74-4690-81cf-da5ab79b92f7@group-AF49A4A4CA2A-LeaderElection249] INFO  impl.RoleInfo (RoleInfo.java:shutdownLeaderElection(134)) - 279bca68-3e74-4690-81cf-da5ab79b92f7: shutdown LeaderElection
2019-10-23 12:36:39,733 [279bca68-3e74-4690-81cf-da5ab79b92f7@group-AF49A4A4CA2A-LeaderElection249] INFO  impl.RoleInfo (RoleInfo.java:updateAndGet(143)) - 279bca68-3e74-4690-81cf-da5ab79b92f7: start FollowerState
2019-10-23 12:36:39,768 [Thread-1879] INFO  impl.FollowerState (FollowerState.java:run(108)) - 279bca68-3e74-4690-81cf-da5ab79b92f7@group-AF49A4A4CA2A-FollowerState: change to CANDIDATE, lastRpcTime:34ms, electionTimeout:34ms
2019-10-23 12:36:39,768 [Thread-1879] INFO  impl.RoleInfo (RoleInfo.java:shutdownFollowerState(121)) - 279bca68-3e74-4690-81cf-da5ab79b92f7: shutdown FollowerState
2019-10-23 12:36:39,768 [Thread-1879] INFO  impl.RaftServerImpl (RaftServerImpl.java:setRole(184)) - 279bca68-3e74-4690-81cf-da5ab79b92f7@group-AF49A4A4CA2A: changes role from  FOLLOWER to CANDIDATE at term 269 for changeToCandidate
2019-10-23 12:36:39,768 [Thread-1879] INFO  impl.RoleInfo (RoleInfo.java:updateAndGet(143)) - 279bca68-3e74-4690-81cf-da5ab79b92f7: start LeaderElection
2019-10-23 12:36:39,794 [279bca68-3e74-4690-81cf-da5ab79b92f7@group-AF49A4A4CA2A-LeaderElection250] INFO  impl.LeaderElection (LeaderElection.java:askForVotes(178)) - 279bca68-3e74-4690-81cf-da5ab79b92f7@group-AF49A4A4CA2A-LeaderElection250: begin an election at term 270 for -1: [daebe4f8-0ad9-4eb2-8ed7-3a8051847eb6:192.168.69.118:44860, 389d5540-641f-48c2-a9df-60738dbad976:192.168.69.118:45712, 279bca68-3e74-4690-81cf-da5ab79b92f7:192.168.69.118:45510], old=null
2019-10-23 12:36:39,796 [grpc-default-executor-4] INFO  impl.RaftServerImpl (RaftServerImpl.java:setRole(184)) - 389d5540-641f-48c2-a9df-60738dbad976@group-AF49A4A4CA2A: changes role from  FOLLOWER to FOLLOWER at term 270 for recognizeCandidate:279bca68-3e74-4690-81cf-da5ab79b92f7
2019-10-23 12:36:39,796 [grpc-default-executor-4] INFO  impl.RoleInfo (RoleInfo.java:shutdownFollowerState(121)) - 389d5540-641f-48c2-a9df-60738dbad976: shutdown FollowerState
2019-10-23 12:36:39,796 [grpc-default-executor-0] INFO  impl.RaftServerImpl (RaftServerImpl.java:setRole(184)) - daebe4f8-0ad9-4eb2-8ed7-3a8051847eb6@group-AF49A4A4CA2A: changes role from  FOLLOWER to FOLLOWER at term 270 for recognizeCandidate:279bca68-3e74-4690-81cf-da5ab79b92f7
2019-10-23 12:36:39,796 [Thread-1877] INFO  impl.FollowerState (FollowerState.java:run(117)) - 389d5540-641f-48c2-a9df-60738dbad976@group-AF49A4A4CA2A-FollowerState was interrupted: java.lang.InterruptedException: sleep interrupted
2019-10-23 12:36:39,796 [grpc-default-executor-4] INFO  impl.RoleInfo (RoleInfo.java:updateAndGet(143)) - 389d5540-641f-48c2-a9df-60738dbad976: start FollowerState
2019-10-23 12:36:39,796 [grpc-default-executor-0] INFO  impl.RoleInfo (RoleInfo.java:shutdownFollowerState(121)) - daebe4f8-0ad9-4eb2-8ed7-3a8051847eb6: shutdown FollowerState
2019-10-23 12:36:39,797 [Thread-1878] INFO  impl.FollowerState (FollowerState.java:run(117)) - daebe4f8-0ad9-4eb2-8ed7-3a8051847eb6@group-AF49A4A4CA2A-FollowerState was interrupted: java.lang.InterruptedException: sleep interrupted
2019-10-23 12:36:39,797 [grpc-default-executor-0] INFO  impl.RoleInfo (RoleInfo.java:updateAndGet(143)) - daebe4f8-0ad9-4eb2-8ed7-3a8051847eb6: start FollowerState
2019-10-23 12:36:39,811 [279bca68-3e74-4690-81cf-da5ab79b92f7@group-AF49A4A4CA2A-LeaderElection250] INFO  impl.LeaderElection (LeaderElection.java:logAndReturn(56)) - 279bca68-3e74-4690-81cf-da5ab79b92f7@group-AF49A4A4CA2A-LeaderElection250: Election REJECTED; received 2 response(s) [279bca68-3e74-4690-81cf-da5ab79b92f7<-daebe4f8-0ad9-4eb2-8ed7-3a8051847eb6#0:FAIL-t270, 279bca68-3e74-4690-81cf-da5ab79b92f7<-389d5540-641f-48c2-a9df-60738dbad976#0:FAIL-t270] and 0 exception(s); 279bca68-3e74-4690-81cf-da5ab79b92f7@group-AF49A4A4CA2A:t270, leader=null, voted=279bca68-3e74-4690-81cf-da5ab79b92f7, raftlog=279bca68-3e74-4690-81cf-da5ab79b92f7@group-AF49A4A4CA2A-SegmentedRaftLog:OPENED:c-1,f-1,i0, conf=-1: [daebe4f8-0ad9-4eb2-8ed7-3a8051847eb6:192.168.69.118:44860, 389d5540-641f-48c2-a9df-60738dbad976:192.168.69.118:45712, 279bca68-3e74-4690-81cf-da5ab79b92f7:192.168.69.118:45510], old=null
2019-10-23 12:36:39,811 [279bca68-3e74-4690-81cf-da5ab79b92f7@group-AF49A4A4CA2A-LeaderElection250] INFO  impl.RaftServerImpl (RaftServerImpl.java:setRole(184)) - 279bca68-3e74-4690-81cf-da5ab79b92f7@group-AF49A4A4CA2A: changes role from CANDIDATE to FOLLOWER at term 270 for DISCOVERED_A_NEW_TERM
2019-10-23 12:36:39,811 [279bca68-3e74-4690-81cf-da5ab79b92f7@group-AF49A4A4CA2A-LeaderElection250] INFO  impl.RoleInfo (RoleInfo.java:shutdownLeaderElection(134)) - 279bca68-3e74-4690-81cf-da5ab79b92f7: shutdown LeaderElection
2019-10-23 12:36:39,811 [279bca68-3e74-4690-81cf-da5ab79b92f7@group-AF49A4A4CA2A-LeaderElection250] INFO  impl.RoleInfo (RoleInfo.java:updateAndGet(143)) - 279bca68-3e74-4690-81cf-da5ab79b92f7: start FollowerState
2019-10-23 12:36:39,900 [Thread-1885] INFO  impl.FollowerState (FollowerState.java:run(108)) - 279bca68-3e74-4690-81cf-da5ab79b92f7@group-AF49A4A4CA2A-FollowerState: change to CANDIDATE, lastRpcTime:89ms, electionTimeout:89ms
2019-10-23 12:36:39,901 [Thread-1885] INFO  impl.RoleInfo (RoleInfo.java:shutdownFollowerState(121)) - 279bca68-3e74-4690-81cf-da5ab79b92f7: shutdown FollowerState
2019-10-23 12:36:39,901 [Thread-1885] INFO  impl.RaftServerImpl (RaftServerImpl.java:setRole(184)) - 279bca68-3e74-4690-81cf-da5ab79b92f7@group-AF49A4A4CA2A: changes role from  FOLLOWER to CANDIDATE at term 270 for changeToCandidate
2019-10-23 12:36:39,901 [Thread-1885] INFO  impl.RoleInfo (RoleInfo.java:updateAndGet(143)) - 279bca68-3e74-4690-81cf-da5ab79b92f7: start LeaderElection
2019-10-23 12:36:39,914 [279bca68-3e74-4690-81cf-da5ab79b92f7@group-AF49A4A4CA2A-LeaderElection251] INFO  impl.LeaderElection (LeaderElection.java:askForVotes(178)) - 279bca68-3e74-4690-81cf-da5ab79b92f7@group-AF49A4A4CA2A-LeaderElection251: begin an election at term 271 for -1: [daebe4f8-0ad9-4eb2-8ed7-3a8051847eb6:192.168.69.118:44860, 389d5540-641f-48c2-a9df-60738dbad976:192.168.69.118:45712, 279bca68-3e74-4690-81cf-da5ab79b92f7:192.168.69.118:45510], old=null
2019-10-23 12:36:39,916 [grpc-default-executor-4] INFO  impl.RaftServerImpl (RaftServerImpl.java:setRole(184)) - daebe4f8-0ad9-4eb2-8ed7-3a8051847eb6@group-AF49A4A4CA2A: changes role from  FOLLOWER to FOLLOWER at term 271 for recognizeCandidate:279bca68-3e74-4690-81cf-da5ab79b92f7
2019-10-23 12:36:39,916 [grpc-default-executor-4] INFO  impl.RoleInfo (RoleInfo.java:shutdownFollowerState(121)) - daebe4f8-0ad9-4eb2-8ed7-3a8051847eb6: shutdown FollowerState
2019-10-23 12:36:39,916 [grpc-default-executor-0] INFO  impl.RaftServerImpl (RaftServerImpl.java:setRole(184)) - 389d5540-641f-48c2-a9df-60738dbad976@group-AF49A4A4CA2A: changes role from  FOLLOWER to FOLLOWER at term 271 for recognizeCandidate:279bca68-3e74-4690-81cf-da5ab79b92f7
2019-10-23 12:36:39,916 [Thread-1884] INFO  impl.FollowerState (FollowerState.java:run(117)) - daebe4f8-0ad9-4eb2-8ed7-3a8051847eb6@group-AF49A4A4CA2A-FollowerState was interrupted: java.lang.InterruptedException: sleep interrupted
2019-10-23 12:36:39,916 [grpc-default-executor-4] INFO  impl.RoleInfo (RoleInfo.java:updateAndGet(143)) - daebe4f8-0ad9-4eb2-8ed7-3a8051847eb6: start FollowerState
2019-10-23 12:36:39,916 [grpc-default-executor-0] INFO  impl.RoleInfo (RoleInfo.java:shutdownFollowerState(121)) - 389d5540-641f-48c2-a9df-60738dbad976: shutdown FollowerState
2019-10-23 12:36:39,917 [grpc-default-executor-0] INFO  impl.RoleInfo (RoleInfo.java:updateAndGet(143)) - 389d5540-641f-48c2-a9df-60738dbad976: start FollowerState
2019-10-23 12:36:39,917 [Thread-1883] INFO  impl.FollowerState (FollowerState.java:run(117)) - 389d5540-641f-48c2-a9df-60738dbad976@group-AF49A4A4CA2A-FollowerState was interrupted: java.lang.InterruptedException: sleep interrupted
2019-10-23 12:36:39,931 [279bca68-3e74-4690-81cf-da5ab79b92f7@group-AF49A4A4CA2A-LeaderElection251] INFO  impl.LeaderElection (LeaderElection.java:logAndReturn(56)) - 279bca68-3e74-4690-81cf-da5ab79b92f7@group-AF49A4A4CA2A-LeaderElection251: Election REJECTED; received 2 response(s) [279bca68-3e74-4690-81cf-da5ab79b92f7<-daebe4f8-0ad9-4eb2-8ed7-3a8051847eb6#0:FAIL-t271, 279bca68-3e74-4690-81cf-da5ab79b92f7<-389d5540-641f-48c2-a9df-60738dbad976#0:FAIL-t271] and 0 exception(s); 279bca68-3e74-4690-81cf-da5ab79b92f7@group-AF49A4A4CA2A:t271, leader=null, voted=279bca68-3e74-4690-81cf-da5ab79b92f7, raftlog=279bca68-3e74-4690-81cf-da5ab79b92f7@group-AF49A4A4CA2A-SegmentedRaftLog:OPENED:c-1,f-1,i0, conf=-1: [daebe4f8-0ad9-4eb2-8ed7-3a8051847eb6:192.168.69.118:44860, 389d5540-641f-48c2-a9df-60738dbad976:192.168.69.118:45712, 279bca68-3e74-4690-81cf-da5ab79b92f7:192.168.69.118:45510], old=null
2019-10-23 12:36:39,931 [279bca68-3e74-4690-81cf-da5ab79b92f7@group-AF49A4A4CA2A-LeaderElection251] INFO  impl.RaftServerImpl (RaftServerImpl.java:setRole(184)) - 279bca68-3e74-4690-81cf-da5ab79b92f7@group-AF49A4A4CA2A: changes role from CANDIDATE to FOLLOWER at term 271 for DISCOVERED_A_NEW_TERM
2019-10-23 12:36:39,931 [279bca68-3e74-4690-81cf-da5ab79b92f7@group-AF49A4A4CA2A-LeaderElection251] INFO  impl.RoleInfo (RoleInfo.java:shutdownLeaderElection(134)) - 279bca68-3e74-4690-81cf-da5ab79b92f7: shutdown LeaderElection
2019-10-23 12:36:39,931 [279bca68-3e74-4690-81cf-da5ab79b92f7@group-AF49A4A4CA2A-LeaderElection251] INFO  impl.RoleInfo (RoleInfo.java:updateAndGet(143)) - 279bca68-3e74-4690-81cf-da5ab79b92f7: start FollowerState
2019-10-23 12:36:39,953 [Thread-1891] INFO  impl.FollowerState (FollowerState.java:run(108)) - 279bca68-3e74-4690-81cf-da5ab79b92f7@group-AF49A4A4CA2A-FollowerState: change to CANDIDATE, lastRpcTime:21ms, electionTimeout:21ms
2019-10-23 12:36:39,953 [Thread-1891] INFO  impl.RoleInfo (RoleInfo.java:shutdownFollowerState(121)) - 279bca68-3e74-4690-81cf-da5ab79b92f7: shutdown FollowerState
2019-10-23 12:36:39,953 [Thread-1891] INFO  impl.RaftServerImpl (RaftServerImpl.java:setRole(184)) - 279bca68-3e74-4690-81cf-da5ab79b92f7@group-AF49A4A4CA2A: changes role from  FOLLOWER to CANDIDATE at term 271 for changeToCandidate
2019-10-23 12:36:39,953 [Thread-1891] INFO  impl.RoleInfo (RoleInfo.java:updateAndGet(143)) - 279bca68-3e74-4690-81cf-da5ab79b92f7: start LeaderElection
2019-10-23 12:36:39,966 [279bca68-3e74-4690-81cf-da5ab79b92f7@group-AF49A4A4CA2A-LeaderElection252] INFO  impl.LeaderElection (LeaderElection.java:askForVotes(178)) - 279bca68-3e74-4690-81cf-da5ab79b92f7@group-AF49A4A4CA2A-LeaderElection252: begin an election at term 272 for -1: [daebe4f8-0ad9-4eb2-8ed7-3a8051847eb6:192.168.69.118:44860, 389d5540-641f-48c2-a9df-60738dbad976:192.168.69.118:45712, 279bca68-3e74-4690-81cf-da5ab79b92f7:192.168.69.118:45510], old=null
2019-10-23 12:36:39,968 [grpc-default-executor-4] INFO  impl.RaftServerImpl (RaftServerImpl.java:setRole(184)) - daebe4f8-0ad9-4eb2-8ed7-3a8051847eb6@group-AF49A4A4CA2A: changes role from  FOLLOWER to FOLLOWER at term 272 for recognizeCandidate:279bca68-3e74-4690-81cf-da5ab79b92f7
2019-10-23 12:36:39,968 [grpc-default-executor-4] INFO  impl.RoleInfo (RoleInfo.java:shutdownFollowerState(121)) - daebe4f8-0ad9-4eb2-8ed7-3a8051847eb6: shutdown FollowerState
2019-10-23 12:36:39,968 [grpc-default-executor-0] INFO  impl.RaftServerImpl (RaftServerImpl.java:setRole(184)) - 389d5540-641f-48c2-a9df-60738dbad976@group-AF49A4A4CA2A: changes role from  FOLLOWER to FOLLOWER at term 272 for recognizeCandidate:279bca68-3e74-4690-81cf-da5ab79b92f7
2019-10-23 12:36:39,969 [Thread-1889] INFO  impl.FollowerState (FollowerState.java:run(117)) - daebe4f8-0ad9-4eb2-8ed7-3a8051847eb6@group-AF49A4A4CA2A-FollowerState was interrupted: java.lang.InterruptedException: sleep interrupted
2019-10-23 12:36:39,969 [grpc-default-executor-4] INFO  impl.RoleInfo (RoleInfo.java:updateAndGet(143)) - daebe4f8-0ad9-4eb2-8ed7-3a8051847eb6: start FollowerState
2019-10-23 12:36:39,969 [grpc-default-executor-0] INFO  impl.RoleInfo (RoleInfo.java:shutdownFollowerState(121)) - 389d5540-641f-48c2-a9df-60738dbad976: shutdown FollowerState
2019-10-23 12:36:39,970 [grpc-default-executor-0] INFO  impl.RoleInfo (RoleInfo.java:updateAndGet(143)) - 389d5540-641f-48c2-a9df-60738dbad976: start FollowerState
2019-10-23 12:36:39,970 [Thread-1890] INFO  impl.FollowerState (FollowerState.java:run(117)) - 389d5540-641f-48c2-a9df-60738dbad976@group-AF49A4A4CA2A-FollowerState was interrupted: java.lang.InterruptedException: sleep interrupted
2019-10-23 12:36:40,004 [279bca68-3e74-4690-81cf-da5ab79b92f7@group-AF49A4A4CA2A-LeaderElection252] INFO  impl.LeaderElection (LeaderElection.java:logAndReturn(56)) - 279bca68-3e74-4690-81cf-da5ab79b92f7@group-AF49A4A4CA2A-LeaderElection252: Election REJECTED; received 2 response(s) [279bca68-3e74-4690-81cf-da5ab79b92f7<-daebe4f8-0ad9-4eb2-8ed7-3a8051847eb6#0:FAIL-t272, 279bca68-3e74-4690-81cf-da5ab79b92f7<-389d5540-641f-48c2-a9df-60738dbad976#0:FAIL-t272] and 0 exception(s); 279bca68-3e74-4690-81cf-da5ab79b92f7@group-AF49A4A4CA2A:t272, leader=null, voted=279bca68-3e74-4690-81cf-da5ab79b92f7, raftlog=279bca68-3e74-4690-81cf-da5ab79b92f7@group-AF49A4A4CA2A-SegmentedRaftLog:OPENED:c-1,f-1,i0, conf=-1: [daebe4f8-0ad9-4eb2-8ed7-3a8051847eb6:192.168.69.118:44860, 389d5540-641f-48c2-a9df-60738dbad976:192.168.69.118:45712, 279bca68-3e74-4690-81cf-da5ab79b92f7:192.168.69.118:45510], old=null
2019-10-23 12:36:40,004 [279bca68-3e74-4690-81cf-da5ab79b92f7@group-AF49A4A4CA2A-LeaderElection252] INFO  impl.RaftServerImpl (RaftServerImpl.java:setRole(184)) - 279bca68-3e74-4690-81cf-da5ab79b92f7@group-AF49A4A4CA2A: changes role from CANDIDATE to FOLLOWER at term 272 for DISCOVERED_A_NEW_TERM
2019-10-23 12:36:40,004 [279bca68-3e74-4690-81cf-da5ab79b92f7@group-AF49A4A4CA2A-LeaderElection252] INFO  impl.RoleInfo (RoleInfo.java:shutdownLeaderElection(134)) - 279bca68-3e74-4690-81cf-da5ab79b92f7: shutdown LeaderElection
2019-10-23 12:36:40,005 [279bca68-3e74-4690-81cf-da5ab79b92f7@group-AF49A4A4CA2A-LeaderElection252] INFO  impl.RoleInfo (RoleInfo.java:updateAndGet(143)) - 279bca68-3e74-4690-81cf-da5ab79b92f7: start FollowerState
2019-10-23 12:36:40,192 [Thread-1897] INFO  impl.FollowerState (FollowerState.java:run(108)) - 279bca68-3e74-4690-81cf-da5ab79b92f7@group-AF49A4A4CA2A-FollowerState: change to CANDIDATE, lastRpcTime:187ms, electionTimeout:187ms
2019-10-23 12:36:40,192 [Thread-1897] INFO  impl.RoleInfo (RoleInfo.java:shutdownFollowerState(121)) - 279bca68-3e74-4690-81cf-da5ab79b92f7: shutdown FollowerState
2019-10-23 12:36:40,192 [Thread-1897] INFO  impl.RaftServerImpl (RaftServerImpl.java:setRole(184)) - 279bca68-3e74-4690-81cf-da5ab79b92f7@group-AF49A4A4CA2A: changes role from  FOLLOWER to CANDIDATE at term 272 for changeToCandidate
2019-10-23 12:36:40,195 [Thread-1897] INFO  impl.RoleInfo (RoleInfo.java:updateAndGet(143)) - 279bca68-3e74-4690-81cf-da5ab79b92f7: start LeaderElection
2019-10-23 12:36:40,224 [279bca68-3e74-4690-81cf-da5ab79b92f7@group-AF49A4A4CA2A-LeaderElection253] INFO  impl.LeaderElection (LeaderElection.java:askForVotes(178)) - 279bca68-3e74-4690-81cf-da5ab79b92f7@group-AF49A4A4CA2A-LeaderElection253: begin an election at term 273 for -1: [daebe4f8-0ad9-4eb2-8ed7-3a8051847eb6:192.168.69.118:44860, 389d5540-641f-48c2-a9df-60738dbad976:192.168.69.118:45712, 279bca68-3e74-4690-81cf-da5ab79b92f7:192.168.69.118:45510], old=null
2019-10-23 12:36:40,225 [grpc-default-executor-0] INFO  impl.RaftServerImpl (RaftServerImpl.java:setRole(184)) - daebe4f8-0ad9-4eb2-8ed7-3a8051847eb6@group-AF49A4A4CA2A: changes role from  FOLLOWER to FOLLOWER at term 273 for recognizeCandidate:279bca68-3e74-4690-81cf-da5ab79b92f7
2019-10-23 12:36:40,225 [grpc-default-executor-0] INFO  impl.RoleInfo (RoleInfo.java:shutdownFollowerState(121)) - daebe4f8-0ad9-4eb2-8ed7-3a8051847eb6: shutdown FollowerState
2019-10-23 12:36:40,226 [grpc-default-executor-4] INFO  impl.RaftServerImpl (RaftServerImpl.java:setRole(184)) - 389d5540-641f-48c2-a9df-60738dbad976@group-AF49A4A4CA2A: changes role from  FOLLOWER to FOLLOWER at term 273 for recognizeCandidate:279bca68-3e74-4690-81cf-da5ab79b92f7
2019-10-23 12:36:40,226 [grpc-default-executor-4] INFO  impl.RoleInfo (RoleInfo.java:shutdownFollowerState(121)) - 389d5540-641f-48c2-a9df-60738dbad976: shutdown FollowerState
2019-10-23 12:36:40,226 [grpc-default-executor-0] INFO  impl.RoleInfo (RoleInfo.java:updateAndGet(143)) - daebe4f8-0ad9-4eb2-8ed7-3a8051847eb6: start FollowerState
2019-10-23 12:36:40,226 [Thread-1895] INFO  impl.FollowerState (FollowerState.java:run(117)) - daebe4f8-0ad9-4eb2-8ed7-3a8051847eb6@group-AF49A4A4CA2A-FollowerState was interrupted: java.lang.InterruptedException: sleep interrupted
2019-10-23 12:36:40,226 [Thread-1896] INFO  impl.FollowerState (FollowerState.java:run(117)) - 389d5540-641f-48c2-a9df-60738dbad976@group-AF49A4A4CA2A-FollowerState was interrupted: java.lang.InterruptedException: sleep interrupted
2019-10-23 12:36:40,226 [grpc-default-executor-4] INFO  impl.RoleInfo (RoleInfo.java:updateAndGet(143)) - 389d5540-641f-48c2-a9df-60738dbad976: start FollowerState
2019-10-23 12:36:40,237 [279bca68-3e74-4690-81cf-da5ab79b92f7@group-AF49A4A4CA2A-LeaderElection253] INFO  impl.LeaderElection (LeaderElection.java:logAndReturn(56)) - 279bca68-3e74-4690-81cf-da5ab79b92f7@group-AF49A4A4CA2A-LeaderElection253: Election REJECTED; received 2 response(s) [279bca68-3e74-4690-81cf-da5ab79b92f7<-daebe4f8-0ad9-4eb2-8ed7-3a8051847eb6#0:FAIL-t273, 279bca68-3e74-4690-81cf-da5ab79b92f7<-389d5540-641f-48c2-a9df-60738dbad976#0:FAIL-t273] and 0 exception(s); 279bca68-3e74-4690-81cf-da5ab79b92f7@group-AF49A4A4CA2A:t273, leader=null, voted=279bca68-3e74-4690-81cf-da5ab79b92f7, raftlog=279bca68-3e74-4690-81cf-da5ab79b92f7@group-AF49A4A4CA2A-SegmentedRaftLog:OPENED:c-1,f-1,i0, conf=-1: [daebe4f8-0ad9-4eb2-8ed7-3a8051847eb6:192.168.69.118:44860, 389d5540-641f-48c2-a9df-60738dbad976:192.168.69.118:45712, 279bca68-3e74-4690-81cf-da5ab79b92f7:192.168.69.118:45510], old=null
2019-10-23 12:36:40,237 [279bca68-3e74-4690-81cf-da5ab79b92f7@group-AF49A4A4CA2A-LeaderElection253] INFO  impl.RaftServerImpl (RaftServerImpl.java:setRole(184)) - 279bca68-3e74-4690-81cf-da5ab79b92f7@group-AF49A4A4CA2A: changes role from CANDIDATE to FOLLOWER at term 273 for DISCOVERED_A_NEW_TERM
2019-10-23 12:36:40,237 [279bca68-3e74-4690-81cf-da5ab79b92f7@group-AF49A4A4CA2A-LeaderElection253] INFO  impl.RoleInfo (RoleInfo.java:shutdownLeaderElection(134)) - 279bca68-3e74-4690-81cf-da5ab79b92f7: shutdown LeaderElection
2019-10-23 12:36:40,237 [279bca68-3e74-4690-81cf-da5ab79b92f7@group-AF49A4A4CA2A-LeaderElection253] INFO  impl.RoleInfo (RoleInfo.java:updateAndGet(143)) - 279bca68-3e74-4690-81cf-da5ab79b92f7: start FollowerState
2019-10-23 12:36:40,322 [Thread-1905] INFO  impl.FollowerState (FollowerState.java:run(108)) - 279bca68-3e74-4690-81cf-da5ab79b92f7@group-AF49A4A4CA2A-FollowerState: change to CANDIDATE, lastRpcTime:84ms, electionTimeout:84ms
2019-10-23 12:36:40,322 [Thread-1905] INFO  impl.RoleInfo (RoleInfo.java:shutdownFollowerState(121)) - 279bca68-3e74-4690-81cf-da5ab79b92f7: shutdown FollowerState
2019-10-23 12:36:40,322 [Thread-1905] INFO  impl.RaftServerImpl (RaftServerImpl.java:setRole(184)) - 279bca68-3e74-4690-81cf-da5ab79b92f7@group-AF49A4A4CA2A: changes role from  FOLLOWER to CANDIDATE at term 273 for changeToCandidate
2019-10-23 12:36:40,322 [Thread-1905] INFO  impl.RoleInfo (RoleInfo.java:updateAndGet(143)) - 279bca68-3e74-4690-81cf-da5ab79b92f7: start LeaderElection
2019-10-23 12:36:40,349 [279bca68-3e74-4690-81cf-da5ab79b92f7@group-AF49A4A4CA2A-LeaderElection254] INFO  impl.LeaderElection (LeaderElection.java:askForVotes(178)) - 279bca68-3e74-4690-81cf-da5ab79b92f7@group-AF49A4A4CA2A-LeaderElection254: begin an election at term 274 for -1: [daebe4f8-0ad9-4eb2-8ed7-3a8051847eb6:192.168.69.118:44860, 389d5540-641f-48c2-a9df-60738dbad976:192.168.69.118:45712, 279bca68-3e74-4690-81cf-da5ab79b92f7:192.168.69.118:45510], old=null
2019-10-23 12:36:40,357 [grpc-default-executor-0] INFO  impl.RaftServerImpl (RaftServerImpl.java:setRole(184)) - daebe4f8-0ad9-4eb2-8ed7-3a8051847eb6@group-AF49A4A4CA2A: changes role from  FOLLOWER to FOLLOWER at term 274 for recognizeCandidate:279bca68-3e74-4690-81cf-da5ab79b92f7
2019-10-23 12:36:40,357 [grpc-default-executor-4] INFO  impl.RaftServerImpl (RaftServerImpl.java:setRole(184)) - 389d5540-641f-48c2-a9df-60738dbad976@group-AF49A4A4CA2A: changes role from  FOLLOWER to FOLLOWER at term 274 for recognizeCandidate:279bca68-3e74-4690-81cf-da5ab79b92f7
2019-10-23 12:36:40,357 [grpc-default-executor-0] INFO  impl.RoleInfo (RoleInfo.java:shutdownFollowerState(121)) - daebe4f8-0ad9-4eb2-8ed7-3a8051847eb6: shutdown FollowerState
2019-10-23 12:36:40,357 [grpc-default-executor-4] INFO  impl.RoleInfo (RoleInfo.java:shutdownFollowerState(121)) - 389d5540-641f-48c2-a9df-60738dbad976: shutdown FollowerState
2019-10-23 12:36:40,358 [grpc-default-executor-0] INFO  impl.RoleInfo (RoleInfo.java:updateAndGet(143)) - daebe4f8-0ad9-4eb2-8ed7-3a8051847eb6: start FollowerState
2019-10-23 12:36:40,358 [Thread-1904] INFO  impl.FollowerState (FollowerState.java:run(117)) - 389d5540-641f-48c2-a9df-60738dbad976@group-AF49A4A4CA2A-FollowerState was interrupted: java.lang.InterruptedException: sleep interrupted
2019-10-23 12:36:40,358 [grpc-default-executor-4] INFO  impl.RoleInfo (RoleInfo.java:updateAndGet(143)) - 389d5540-641f-48c2-a9df-60738dbad976: start FollowerState
2019-10-23 12:36:40,358 [Thread-1903] INFO  impl.FollowerState (FollowerState.java:run(117)) - daebe4f8-0ad9-4eb2-8ed7-3a8051847eb6@group-AF49A4A4CA2A-FollowerState was interrupted: java.lang.InterruptedException: sleep interrupted
2019-10-23 12:36:40,386 [279bca68-3e74-4690-81cf-da5ab79b92f7@group-AF49A4A4CA2A-LeaderElection254] INFO  impl.LeaderElection (LeaderElection.java:logAndReturn(56)) - 279bca68-3e74-4690-81cf-da5ab79b92f7@group-AF49A4A4CA2A-LeaderElection254: Election REJECTED; received 2 response(s) [279bca68-3e74-4690-81cf-da5ab79b92f7<-daebe4f8-0ad9-4eb2-8ed7-3a8051847eb6#0:FAIL-t274, 279bca68-3e74-4690-81cf-da5ab79b92f7<-389d5540-641f-48c2-a9df-60738dbad976#0:FAIL-t274] and 0 exception(s); 279bca68-3e74-4690-81cf-da5ab79b92f7@group-AF49A4A4CA2A:t274, leader=null, voted=279bca68-3e74-4690-81cf-da5ab79b92f7, raftlog=279bca68-3e74-4690-81cf-da5ab79b92f7@group-AF49A4A4CA2A-SegmentedRaftLog:OPENED:c-1,f-1,i0, conf=-1: [daebe4f8-0ad9-4eb2-8ed7-3a8051847eb6:192.168.69.118:44860, 389d5540-641f-48c2-a9df-60738dbad976:192.168.69.118:45712, 279bca68-3e74-4690-81cf-da5ab79b92f7:192.168.69.118:45510], old=null
2019-10-23 12:36:40,386 [279bca68-3e74-4690-81cf-da5ab79b92f7@group-AF49A4A4CA2A-LeaderElection254] INFO  impl.RaftServerImpl (RaftServerImpl.java:setRole(184)) - 279bca68-3e74-4690-81cf-da5ab79b92f7@group-AF49A4A4CA2A: changes role from CANDIDATE to FOLLOWER at term 274 for DISCOVERED_A_NEW_TERM
2019-10-23 12:36:40,386 [279bca68-3e74-4690-81cf-da5ab79b92f7@group-AF49A4A4CA2A-LeaderElection254] INFO  impl.RoleInfo (RoleInfo.java:shutdownLeaderElection(134)) - 279bca68-3e74-4690-81cf-da5ab79b92f7: shutdown LeaderElection
2019-10-23 12:36:40,387 [279bca68-3e74-4690-81cf-da5ab79b92f7@group-AF49A4A4CA2A-LeaderElection254] INFO  impl.RoleInfo (RoleInfo.java:updateAndGet(143)) - 279bca68-3e74-4690-81cf-da5ab79b92f7: start FollowerState
2019-10-23 12:36:40,470 [Thread-1911] INFO  impl.FollowerState (FollowerState.java:run(108)) - 279bca68-3e74-4690-81cf-da5ab79b92f7@group-AF49A4A4CA2A-FollowerState: change to CANDIDATE, lastRpcTime:83ms, electionTimeout:83ms
2019-10-23 12:36:40,470 [Thread-1911] INFO  impl.RoleInfo (RoleInfo.java:shutdownFollowerState(121)) - 279bca68-3e74-4690-81cf-da5ab79b92f7: shutdown FollowerState
2019-10-23 12:36:40,470 [Thread-1911] INFO  impl.RaftServerImpl (RaftServerImpl.java:setRole(184)) - 279bca68-3e74-4690-81cf-da5ab79b92f7@group-AF49A4A4CA2A: changes role from  FOLLOWER to CANDIDATE at term 274 for changeToCandidate
2019-10-23 12:36:40,470 [Thread-1911] INFO  impl.RoleInfo (RoleInfo.java:updateAndGet(143)) - 279bca68-3e74-4690-81cf-da5ab79b92f7: start LeaderElection
2019-10-23 12:36:40,500 [279bca68-3e74-4690-81cf-da5ab79b92f7@group-AF49A4A4CA2A-LeaderElection255] INFO  impl.LeaderElection (LeaderElection.java:askForVotes(178)) - 279bca68-3e74-4690-81cf-da5ab79b92f7@group-AF49A4A4CA2A-LeaderElection255: begin an election at term 275 for -1: [daebe4f8-0ad9-4eb2-8ed7-3a8051847eb6:192.168.69.118:44860, 389d5540-641f-48c2-a9df-60738dbad976:192.168.69.118:45712, 279bca68-3e74-4690-81cf-da5ab79b92f7:192.168.69.118:45510], old=null
2019-10-23 12:36:40,502 [grpc-default-executor-0] INFO  impl.RaftServerImpl (RaftServerImpl.java:setRole(184)) - daebe4f8-0ad9-4eb2-8ed7-3a8051847eb6@group-AF49A4A4CA2A: changes role from  FOLLOWER to FOLLOWER at term 275 for recognizeCandidate:279bca68-3e74-4690-81cf-da5ab79b92f7
2019-10-23 12:36:40,502 [grpc-default-executor-4] INFO  impl.RaftServerImpl (RaftServerImpl.java:setRole(184)) - 389d5540-641f-48c2-a9df-60738dbad976@group-AF49A4A4CA2A: changes role from  FOLLOWER to FOLLOWER at term 275 for recognizeCandidate:279bca68-3e74-4690-81cf-da5ab79b92f7
2019-10-23 12:36:40,502 [grpc-default-executor-4] INFO  impl.RoleInfo (RoleInfo.java:shutdownFollowerState(121)) - 389d5540-641f-48c2-a9df-60738dbad976: shutdown FollowerState
2019-10-23 12:36:40,502 [grpc-default-executor-0] INFO  impl.RoleInfo (RoleInfo.java:shutdownFollowerState(121)) - daebe4f8-0ad9-4eb2-8ed7-3a8051847eb6: shutdown FollowerState
2019-10-23 12:36:40,502 [Thread-1910] INFO  impl.FollowerState (FollowerState.java:run(117)) - 389d5540-641f-48c2-a9df-60738dbad976@group-AF49A4A4CA2A-FollowerState was interrupted: java.lang.InterruptedException: sleep interrupted
2019-10-23 12:36:40,502 [grpc-default-executor-4] INFO  impl.RoleInfo (RoleInfo.java:updateAndGet(143)) - 389d5540-641f-48c2-a9df-60738dbad976: start FollowerState
2019-10-23 12:36:40,502 [Thread-1909] INFO  impl.FollowerState (FollowerState.java:run(117)) - daebe4f8-0ad9-4eb2-8ed7-3a8051847eb6@group-AF49A4A4CA2A-FollowerState was interrupted: java.lang.InterruptedException: sleep interrupted
2019-10-23 12:36:40,502 [grpc-default-executor-0] INFO  impl.RoleInfo (RoleInfo.java:updateAndGet(143)) - daebe4f8-0ad9-4eb2-8ed7-3a8051847eb6: start FollowerState
2019-10-23 12:36:40,527 [279bca68-3e74-4690-81cf-da5ab79b92f7@group-AF49A4A4CA2A-LeaderElection255] INFO  impl.LeaderElection (LeaderElection.java:logAndReturn(56)) - 279bca68-3e74-4690-81cf-da5ab79b92f7@group-AF49A4A4CA2A-LeaderElection255: Election TIMEOUT; received 0 response(s) [] and 0 exception(s); 279bca68-3e74-4690-81cf-da5ab79b92f7@group-AF49A4A4CA2A:t275, leader=null, voted=279bca68-3e74-4690-81cf-da5ab79b92f7, raftlog=279bca68-3e74-4690-81cf-da5ab79b92f7@group-AF49A4A4CA2A-SegmentedRaftLog:OPENED:c-1,f-1,i0, conf=-1: [daebe4f8-0ad9-4eb2-8ed7-3a8051847eb6:192.168.69.118:44860, 389d5540-641f-48c2-a9df-60738dbad976:192.168.69.118:45712, 279bca68-3e74-4690-81cf-da5ab79b92f7:192.168.69.118:45510], old=null
2019-10-23 12:36:40,540 [279bca68-3e74-4690-81cf-da5ab79b92f7@group-AF49A4A4CA2A-LeaderElection255] INFO  impl.LeaderElection (LeaderElection.java:askForVotes(178)) - 279bca68-3e74-4690-81cf-da5ab79b92f7@group-AF49A4A4CA2A-LeaderElection255: begin an election at term 276 for -1: [daebe4f8-0ad9-4eb2-8ed7-3a8051847eb6:192.168.69.118:44860, 389d5540-641f-48c2-a9df-60738dbad976:192.168.69.118:45712, 279bca68-3e74-4690-81cf-da5ab79b92f7:192.168.69.118:45510], old=null
2019-10-23 12:36:40,542 [grpc-default-executor-0] INFO  impl.RaftServerImpl (RaftServerImpl.java:setRole(184)) - daebe4f8-0ad9-4eb2-8ed7-3a8051847eb6@group-AF49A4A4CA2A: changes role from  FOLLOWER to FOLLOWER at term 276 for recognizeCandidate:279bca68-3e74-4690-81cf-da5ab79b92f7
2019-10-23 12:36:40,542 [grpc-default-executor-0] INFO  impl.RoleInfo (RoleInfo.java:shutdownFollowerState(121)) - daebe4f8-0ad9-4eb2-8ed7-3a8051847eb6: shutdown FollowerState
2019-10-23 12:36:40,542 [grpc-default-executor-4] INFO  impl.RaftServerImpl (RaftServerImpl.java:setRole(184)) - 389d5540-641f-48c2-a9df-60738dbad976@group-AF49A4A4CA2A: changes role from  FOLLOWER to FOLLOWER at term 276 for recognizeCandidate:279bca68-3e74-4690-81cf-da5ab79b92f7
2019-10-23 12:36:40,542 [Thread-1916] INFO  impl.FollowerState (FollowerState.java:run(117)) - daebe4f8-0ad9-4eb2-8ed7-3a8051847eb6@group-AF49A4A4CA2A-FollowerState was interrupted: java.lang.InterruptedException: sleep interrupted
2019-10-23 12:36:40,542 [grpc-default-executor-0] INFO  impl.RoleInfo (RoleInfo.java:updateAndGet(143)) - daebe4f8-0ad9-4eb2-8ed7-3a8051847eb6: start FollowerState
2019-10-23 12:36:40,542 [grpc-default-executor-4] INFO  impl.RoleInfo (RoleInfo.java:shutdownFollowerState(121)) - 389d5540-641f-48c2-a9df-60738dbad976: shutdown FollowerState
2019-10-23 12:36:40,543 [grpc-default-executor-4] INFO  impl.RoleInfo (RoleInfo.java:updateAndGet(143)) - 389d5540-641f-48c2-a9df-60738dbad976: start FollowerState
2019-10-23 12:36:40,543 [Thread-1915] INFO  impl.FollowerState (FollowerState.java:run(117)) - 389d5540-641f-48c2-a9df-60738dbad976@group-AF49A4A4CA2A-FollowerState was interrupted: java.lang.InterruptedException: sleep interrupted
2019-10-23 12:36:40,569 [279bca68-3e74-4690-81cf-da5ab79b92f7@group-AF49A4A4CA2A-LeaderElection255] INFO  impl.LeaderElection (LeaderElection.java:logAndReturn(56)) - 279bca68-3e74-4690-81cf-da5ab79b92f7@group-AF49A4A4CA2A-LeaderElection255: Election REJECTED; received 2 response(s) [279bca68-3e74-4690-81cf-da5ab79b92f7<-daebe4f8-0ad9-4eb2-8ed7-3a8051847eb6#0:FAIL-t276, 279bca68-3e74-4690-81cf-da5ab79b92f7<-389d5540-641f-48c2-a9df-60738dbad976#0:FAIL-t276] and 0 exception(s); 279bca68-3e74-4690-81cf-da5ab79b92f7@group-AF49A4A4CA2A:t276, leader=null, voted=279bca68-3e74-4690-81cf-da5ab79b92f7, raftlog=279bca68-3e74-4690-81cf-da5ab79b92f7@group-AF49A4A4CA2A-SegmentedRaftLog:OPENED:c-1,f-1,i0, conf=-1: [daebe4f8-0ad9-4eb2-8ed7-3a8051847eb6:192.168.69.118:44860, 389d5540-641f-48c2-a9df-60738dbad976:192.168.69.118:45712, 279bca68-3e74-4690-81cf-da5ab79b92f7:192.168.69.118:45510], old=null
2019-10-23 12:36:40,569 [279bca68-3e74-4690-81cf-da5ab79b92f7@group-AF49A4A4CA2A-LeaderElection255] INFO  impl.RaftServerImpl (RaftServerImpl.java:setRole(184)) - 279bca68-3e74-4690-81cf-da5ab79b92f7@group-AF49A4A4CA2A: changes role from CANDIDATE to FOLLOWER at term 276 for DISCOVERED_A_NEW_TERM
2019-10-23 12:36:40,569 [279bca68-3e74-4690-81cf-da5ab79b92f7@group-AF49A4A4CA2A-LeaderElection255] INFO  impl.RoleInfo (RoleInfo.java:shutdownLeaderElection(134)) - 279bca68-3e74-4690-81cf-da5ab79b92f7: shutdown LeaderElection
2019-10-23 12:36:40,569 [279bca68-3e74-4690-81cf-da5ab79b92f7@group-AF49A4A4CA2A-LeaderElection255] INFO  impl.RoleInfo (RoleInfo.java:updateAndGet(143)) - 279bca68-3e74-4690-81cf-da5ab79b92f7: start FollowerState
2019-10-23 12:36:40,668 [Thread-1921] INFO  impl.FollowerState (FollowerState.java:run(108)) - 279bca68-3e74-4690-81cf-da5ab79b92f7@group-AF49A4A4CA2A-FollowerState: change to CANDIDATE, lastRpcTime:98ms, electionTimeout:98ms
2019-10-23 12:36:40,668 [Thread-1921] INFO  impl.RoleInfo (RoleInfo.java:shutdownFollowerState(121)) - 279bca68-3e74-4690-81cf-da5ab79b92f7: shutdown FollowerState
2019-10-23 12:36:40,668 [Thread-1921] INFO  impl.RaftServerImpl (RaftServerImpl.java:setRole(184)) - 279bca68-3e74-4690-81cf-da5ab79b92f7@group-AF49A4A4CA2A: changes role from  FOLLOWER to CANDIDATE at term 276 for changeToCandidate
2019-10-23 12:36:40,668 [Thread-1921] INFO  impl.RoleInfo (RoleInfo.java:updateAndGet(143)) - 279bca68-3e74-4690-81cf-da5ab79b92f7: start LeaderElection
2019-10-23 12:36:40,682 [279bca68-3e74-4690-81cf-da5ab79b92f7@group-AF49A4A4CA2A-LeaderElection256] INFO  impl.LeaderElection (LeaderElection.java:askForVotes(178)) - 279bca68-3e74-4690-81cf-da5ab79b92f7@group-AF49A4A4CA2A-LeaderElection256: begin an election at term 277 for -1: [daebe4f8-0ad9-4eb2-8ed7-3a8051847eb6:192.168.69.118:44860, 389d5540-641f-48c2-a9df-60738dbad976:192.168.69.118:45712, 279bca68-3e74-4690-81cf-da5ab79b92f7:192.168.69.118:45510], old=null
2019-10-23 12:36:40,683 [grpc-default-executor-4] INFO  impl.RaftServerImpl (RaftServerImpl.java:setRole(184)) - daebe4f8-0ad9-4eb2-8ed7-3a8051847eb6@group-AF49A4A4CA2A: changes role from  FOLLOWER to FOLLOWER at term 277 for recognizeCandidate:279bca68-3e74-4690-81cf-da5ab79b92f7
2019-10-23 12:36:40,684 [grpc-default-executor-4] INFO  impl.RoleInfo (RoleInfo.java:shutdownFollowerState(121)) - daebe4f8-0ad9-4eb2-8ed7-3a8051847eb6: shutdown FollowerState
2019-10-23 12:36:40,684 [grpc-default-executor-0] INFO  impl.RaftServerImpl (RaftServerImpl.java:setRole(184)) - 389d5540-641f-48c2-a9df-60738dbad976@group-AF49A4A4CA2A: changes role from  FOLLOWER to FOLLOWER at term 277 for recognizeCandidate:279bca68-3e74-4690-81cf-da5ab79b92f7
2019-10-23 12:36:40,684 [Thread-1919] INFO  impl.FollowerState (FollowerState.java:run(117)) - daebe4f8-0ad9-4eb2-8ed7-3a8051847eb6@group-AF49A4A4CA2A-FollowerState was interrupted: java.lang.InterruptedException: sleep interrupted
2019-10-23 12:36:40,684 [grpc-default-executor-4] INFO  impl.RoleInfo (RoleInfo.java:updateAndGet(143)) - daebe4f8-0ad9-4eb2-8ed7-3a8051847eb6: start FollowerState
2019-10-23 12:36:40,684 [grpc-default-executor-0] INFO  impl.RoleInfo (RoleInfo.java:shutdownFollowerState(121)) - 389d5540-641f-48c2-a9df-60738dbad976: shutdown FollowerState
2019-10-23 12:36:40,685 [grpc-default-executor-0] INFO  impl.RoleInfo (RoleInfo.java:updateAndGet(143)) - 389d5540-641f-48c2-a9df-60738dbad976: start FollowerState
2019-10-23 12:36:40,685 [Thread-1920] INFO  impl.FollowerState (FollowerState.java:run(117)) - 389d5540-641f-48c2-a9df-60738dbad976@group-AF49A4A4CA2A-FollowerState was interrupted: java.lang.InterruptedException: sleep interrupted
2019-10-23 12:36:40,690 [279bca68-3e74-4690-81cf-da5ab79b92f7@group-AF49A4A4CA2A-LeaderElection256] INFO  impl.LeaderElection (LeaderElection.java:logAndReturn(56)) - 279bca68-3e74-4690-81cf-da5ab79b92f7@group-AF49A4A4CA2A-LeaderElection256: Election TIMEOUT; received 0 response(s) [] and 0 exception(s); 279bca68-3e74-4690-81cf-da5ab79b92f7@group-AF49A4A4CA2A:t277, leader=null, voted=279bca68-3e74-4690-81cf-da5ab79b92f7, raftlog=279bca68-3e74-4690-81cf-da5ab79b92f7@group-AF49A4A4CA2A-SegmentedRaftLog:OPENED:c-1,f-1,i0, conf=-1: [daebe4f8-0ad9-4eb2-8ed7-3a8051847eb6:192.168.69.118:44860, 389d5540-641f-48c2-a9df-60738dbad976:192.168.69.118:45712, 279bca68-3e74-4690-81cf-da5ab79b92f7:192.168.69.118:45510], old=null
2019-10-23 12:36:40,710 [279bca68-3e74-4690-81cf-da5ab79b92f7@group-AF49A4A4CA2A-LeaderElection256] INFO  impl.LeaderElection (LeaderElection.java:askForVotes(178)) - 279bca68-3e74-4690-81cf-da5ab79b92f7@group-AF49A4A4CA2A-LeaderElection256: begin an election at term 278 for -1: [daebe4f8-0ad9-4eb2-8ed7-3a8051847eb6:192.168.69.118:44860, 389d5540-641f-48c2-a9df-60738dbad976:192.168.69.118:45712, 279bca68-3e74-4690-81cf-da5ab79b92f7:192.168.69.118:45510], old=null
2019-10-23 12:36:40,712 [grpc-default-executor-4] INFO  impl.RaftServerImpl (RaftServerImpl.java:setRole(184)) - daebe4f8-0ad9-4eb2-8ed7-3a8051847eb6@group-AF49A4A4CA2A: changes role from  FOLLOWER to FOLLOWER at term 278 for recognizeCandidate:279bca68-3e74-4690-81cf-da5ab79b92f7
2019-10-23 12:36:40,712 [grpc-default-executor-4] INFO  impl.RoleInfo (RoleInfo.java:shutdownFollowerState(121)) - daebe4f8-0ad9-4eb2-8ed7-3a8051847eb6: shutdown FollowerState
2019-10-23 12:36:40,712 [grpc-default-executor-0] INFO  impl.RaftServerImpl (RaftServerImpl.java:setRole(184)) - 389d5540-641f-48c2-a9df-60738dbad976@group-AF49A4A4CA2A: changes role from  FOLLOWER to FOLLOWER at term 278 for recognizeCandidate:279bca68-3e74-4690-81cf-da5ab79b92f7
2019-10-23 12:36:40,712 [Thread-1925] INFO  impl.FollowerState (FollowerState.java:run(117)) - daebe4f8-0ad9-4eb2-8ed7-3a8051847eb6@group-AF49A4A4CA2A-FollowerState was interrupted: java.lang.InterruptedException: sleep interrupted
2019-10-23 12:36:40,712 [grpc-default-executor-4] INFO  impl.RoleInfo (RoleInfo.java:updateAndGet(143)) - daebe4f8-0ad9-4eb2-8ed7-3a8051847eb6: start FollowerState
2019-10-23 12:36:40,712 [grpc-default-executor-0] INFO  impl.RoleInfo (RoleInfo.java:shutdownFollowerState(121)) - 389d5540-641f-48c2-a9df-60738dbad976: shutdown FollowerState
2019-10-23 12:36:40,712 [grpc-default-executor-0] INFO  impl.RoleInfo (RoleInfo.java:updateAndGet(143)) - 389d5540-641f-48c2-a9df-60738dbad976: start FollowerState
2019-10-23 12:36:40,712 [Thread-1926] INFO  impl.FollowerState (FollowerState.java:run(117)) - 389d5540-641f-48c2-a9df-60738dbad976@group-AF49A4A4CA2A-FollowerState was interrupted: java.lang.InterruptedException: sleep interrupted
2019-10-23 12:36:40,738 [279bca68-3e74-4690-81cf-da5ab79b92f7@group-AF49A4A4CA2A-LeaderElection256] INFO  impl.LeaderElection (LeaderElection.java:logAndReturn(56)) - 279bca68-3e74-4690-81cf-da5ab79b92f7@group-AF49A4A4CA2A-LeaderElection256: Election REJECTED; received 2 response(s) [279bca68-3e74-4690-81cf-da5ab79b92f7<-daebe4f8-0ad9-4eb2-8ed7-3a8051847eb6#0:FAIL-t278, 279bca68-3e74-4690-81cf-da5ab79b92f7<-389d5540-641f-48c2-a9df-60738dbad976#0:FAIL-t278] and 0 exception(s); 279bca68-3e74-4690-81cf-da5ab79b92f7@group-AF49A4A4CA2A:t278, leader=null, voted=279bca68-3e74-4690-81cf-da5ab79b92f7, raftlog=279bca68-3e74-4690-81cf-da5ab79b92f7@group-AF49A4A4CA2A-SegmentedRaftLog:OPENED:c-1,f-1,i0, conf=-1: [daebe4f8-0ad9-4eb2-8ed7-3a8051847eb6:192.168.69.118:44860, 389d5540-641f-48c2-a9df-60738dbad976:192.168.69.118:45712, 279bca68-3e74-4690-81cf-da5ab79b92f7:192.168.69.118:45510], old=null
2019-10-23 12:36:40,738 [279bca68-3e74-4690-81cf-da5ab79b92f7@group-AF49A4A4CA2A-LeaderElection256] INFO  impl.RaftServerImpl (RaftServerImpl.java:setRole(184)) - 279bca68-3e74-4690-81cf-da5ab79b92f7@group-AF49A4A4CA2A: changes role from CANDIDATE to FOLLOWER at term 278 for DISCOVERED_A_NEW_TERM
2019-10-23 12:36:40,739 [279bca68-3e74-4690-81cf-da5ab79b92f7@group-AF49A4A4CA2A-LeaderElection256] INFO  impl.RoleInfo (RoleInfo.java:shutdownLeaderElection(134)) - 279bca68-3e74-4690-81cf-da5ab79b92f7: shutdown LeaderElection
2019-10-23 12:36:40,739 [279bca68-3e74-4690-81cf-da5ab79b92f7@group-AF49A4A4CA2A-LeaderElection256] INFO  impl.RoleInfo (RoleInfo.java:updateAndGet(143)) - 279bca68-3e74-4690-81cf-da5ab79b92f7: start FollowerState
2019-10-23 12:36:40,762 [Thread-1931] INFO  impl.FollowerState (FollowerState.java:run(108)) - 279bca68-3e74-4690-81cf-da5ab79b92f7@group-AF49A4A4CA2A-FollowerState: change to CANDIDATE, lastRpcTime:23ms, electionTimeout:23ms
2019-10-23 12:36:40,762 [Thread-1931] INFO  impl.RoleInfo (RoleInfo.java:shutdownFollowerState(121)) - 279bca68-3e74-4690-81cf-da5ab79b92f7: shutdown FollowerState
2019-10-23 12:36:40,762 [Thread-1931] INFO  impl.RaftServerImpl (RaftServerImpl.java:setRole(184)) - 279bca68-3e74-4690-81cf-da5ab79b92f7@group-AF49A4A4CA2A: changes role from  FOLLOWER to CANDIDATE at term 278 for changeToCandidate
2019-10-23 12:36:40,763 [Thread-1931] INFO  impl.RoleInfo (RoleInfo.java:updateAndGet(143)) - 279bca68-3e74-4690-81cf-da5ab79b92f7: start LeaderElection
2019-10-23 12:36:40,788 [279bca68-3e74-4690-81cf-da5ab79b92f7@group-AF49A4A4CA2A-LeaderElection257] INFO  impl.LeaderElection (LeaderElection.java:askForVotes(178)) - 279bca68-3e74-4690-81cf-da5ab79b92f7@group-AF49A4A4CA2A-LeaderElection257: begin an election at term 279 for -1: [daebe4f8-0ad9-4eb2-8ed7-3a8051847eb6:192.168.69.118:44860, 389d5540-641f-48c2-a9df-60738dbad976:192.168.69.118:45712, 279bca68-3e74-4690-81cf-da5ab79b92f7:192.168.69.118:45510], old=null
2019-10-23 12:36:40,789 [grpc-default-executor-4] INFO  impl.RaftServerImpl (RaftServerImpl.java:setRole(184)) - daebe4f8-0ad9-4eb2-8ed7-3a8051847eb6@group-AF49A4A4CA2A: changes role from  FOLLOWER to FOLLOWER at term 279 for recognizeCandidate:279bca68-3e74-4690-81cf-da5ab79b92f7
2019-10-23 12:36:40,790 [grpc-default-executor-4] INFO  impl.RoleInfo (RoleInfo.java:shutdownFollowerState(121)) - daebe4f8-0ad9-4eb2-8ed7-3a8051847eb6: shutdown FollowerState
2019-10-23 12:36:40,790 [grpc-default-executor-0] INFO  impl.RaftServerImpl (RaftServerImpl.java:setRole(184)) - 389d5540-641f-48c2-a9df-60738dbad976@group-AF49A4A4CA2A: changes role from  FOLLOWER to FOLLOWER at term 279 for recognizeCandidate:279bca68-3e74-4690-81cf-da5ab79b92f7
2019-10-23 12:36:40,790 [grpc-default-executor-4] INFO  impl.RoleInfo (RoleInfo.java:updateAndGet(143)) - daebe4f8-0ad9-4eb2-8ed7-3a8051847eb6: start FollowerState
2019-10-23 12:36:40,790 [Thread-1929] INFO  impl.FollowerState (FollowerState.java:run(117)) - daebe4f8-0ad9-4eb2-8ed7-3a8051847eb6@group-AF49A4A4CA2A-FollowerState was interrupted: java.lang.InterruptedException: sleep interrupted
2019-10-23 12:36:40,790 [grpc-default-executor-0] INFO  impl.RoleInfo (RoleInfo.java:shutdownFollowerState(121)) - 389d5540-641f-48c2-a9df-60738dbad976: shutdown FollowerState
2019-10-23 12:36:40,790 [grpc-default-executor-0] INFO  impl.RoleInfo (RoleInfo.java:updateAndGet(143)) - 389d5540-641f-48c2-a9df-60738dbad976: start FollowerState
2019-10-23 12:36:40,790 [Thread-1930] INFO  impl.FollowerState (FollowerState.java:run(117)) - 389d5540-641f-48c2-a9df-60738dbad976@group-AF49A4A4CA2A-FollowerState was interrupted: java.lang.InterruptedException: sleep interrupted
2019-10-23 12:36:40,816 [279bca68-3e74-4690-81cf-da5ab79b92f7@group-AF49A4A4CA2A-LeaderElection257] INFO  impl.LeaderElection (LeaderElection.java:logAndReturn(56)) - 279bca68-3e74-4690-81cf-da5ab79b92f7@group-AF49A4A4CA2A-LeaderElection257: Election REJECTED; received 2 response(s) [279bca68-3e74-4690-81cf-da5ab79b92f7<-daebe4f8-0ad9-4eb2-8ed7-3a8051847eb6#0:FAIL-t279, 279bca68-3e74-4690-81cf-da5ab79b92f7<-389d5540-641f-48c2-a9df-60738dbad976#0:FAIL-t279] and 0 exception(s); 279bca68-3e74-4690-81cf-da5ab79b92f7@group-AF49A4A4CA2A:t279, leader=null, voted=279bca68-3e74-4690-81cf-da5ab79b92f7, raftlog=279bca68-3e74-4690-81cf-da5ab79b92f7@group-AF49A4A4CA2A-SegmentedRaftLog:OPENED:c-1,f-1,i0, conf=-1: [daebe4f8-0ad9-4eb2-8ed7-3a8051847eb6:192.168.69.118:44860, 389d5540-641f-48c2-a9df-60738dbad976:192.168.69.118:45712, 279bca68-3e74-4690-81cf-da5ab79b92f7:192.168.69.118:45510], old=null
2019-10-23 12:36:40,817 [279bca68-3e74-4690-81cf-da5ab79b92f7@group-AF49A4A4CA2A-LeaderElection257] INFO  impl.RaftServerImpl (RaftServerImpl.java:setRole(184)) - 279bca68-3e74-4690-81cf-da5ab79b92f7@group-AF49A4A4CA2A: changes role from CANDIDATE to FOLLOWER at term 279 for DISCOVERED_A_NEW_TERM
2019-10-23 12:36:40,817 [279bca68-3e74-4690-81cf-da5ab79b92f7@group-AF49A4A4CA2A-LeaderElection257] INFO  impl.RoleInfo (RoleInfo.java:shutdownLeaderElection(134)) - 279bca68-3e74-4690-81cf-da5ab79b92f7: shutdown LeaderElection
2019-10-23 12:36:40,817 [279bca68-3e74-4690-81cf-da5ab79b92f7@group-AF49A4A4CA2A-LeaderElection257] INFO  impl.RoleInfo (RoleInfo.java:updateAndGet(143)) - 279bca68-3e74-4690-81cf-da5ab79b92f7: start FollowerState
2019-10-23 12:36:40,830 [Thread-1937] INFO  impl.FollowerState (FollowerState.java:run(108)) - 279bca68-3e74-4690-81cf-da5ab79b92f7@group-AF49A4A4CA2A-FollowerState: change to CANDIDATE, lastRpcTime:13ms, electionTimeout:13ms
2019-10-23 12:36:40,830 [Thread-1937] INFO  impl.RoleInfo (RoleInfo.java:shutdownFollowerState(121)) - 279bca68-3e74-4690-81cf-da5ab79b92f7: shutdown FollowerState
2019-10-23 12:36:40,830 [Thread-1937] INFO  impl.RaftServerImpl (RaftServerImpl.java:setRole(184)) - 279bca68-3e74-4690-81cf-da5ab79b92f7@group-AF49A4A4CA2A: changes role from  FOLLOWER to CANDIDATE at term 279 for changeToCandidate
2019-10-23 12:36:40,831 [Thread-1937] INFO  impl.RoleInfo (RoleInfo.java:updateAndGet(143)) - 279bca68-3e74-4690-81cf-da5ab79b92f7: start LeaderElection
2019-10-23 12:36:40,845 [279bca68-3e74-4690-81cf-da5ab79b92f7@group-AF49A4A4CA2A-LeaderElection258] INFO  impl.LeaderElection (LeaderElection.java:askForVotes(178)) - 279bca68-3e74-4690-81cf-da5ab79b92f7@group-AF49A4A4CA2A-LeaderElection258: begin an election at term 280 for -1: [daebe4f8-0ad9-4eb2-8ed7-3a8051847eb6:192.168.69.118:44860, 389d5540-641f-48c2-a9df-60738dbad976:192.168.69.118:45712, 279bca68-3e74-4690-81cf-da5ab79b92f7:192.168.69.118:45510], old=null
2019-10-23 12:36:40,848 [grpc-default-executor-0] INFO  impl.RaftServerImpl (RaftServerImpl.java:setRole(184)) - daebe4f8-0ad9-4eb2-8ed7-3a8051847eb6@group-AF49A4A4CA2A: changes role from  FOLLOWER to FOLLOWER at term 280 for recognizeCandidate:279bca68-3e74-4690-81cf-da5ab79b92f7
2019-10-23 12:36:40,848 [grpc-default-executor-0] INFO  impl.RoleInfo (RoleInfo.java:shutdownFollowerState(121)) - daebe4f8-0ad9-4eb2-8ed7-3a8051847eb6: shutdown FollowerState
2019-10-23 12:36:40,848 [grpc-default-executor-0] INFO  impl.RoleInfo (RoleInfo.java:updateAndGet(143)) - daebe4f8-0ad9-4eb2-8ed7-3a8051847eb6: start FollowerState
2019-10-23 12:36:40,848 [Thread-1935] INFO  impl.FollowerState (FollowerState.java:run(117)) - daebe4f8-0ad9-4eb2-8ed7-3a8051847eb6@group-AF49A4A4CA2A-FollowerState was interrupted: java.lang.InterruptedException: sleep interrupted
2019-10-23 12:36:40,848 [grpc-default-executor-4] INFO  impl.RaftServerImpl (RaftServerImpl.java:setRole(184)) - 389d5540-641f-48c2-a9df-60738dbad976@group-AF49A4A4CA2A: changes role from  FOLLOWER to FOLLOWER at term 280 for recognizeCandidate:279bca68-3e74-4690-81cf-da5ab79b92f7
2019-10-23 12:36:40,848 [grpc-default-executor-4] INFO  impl.RoleInfo (RoleInfo.java:shutdownFollowerState(121)) - 389d5540-641f-48c2-a9df-60738dbad976: shutdown FollowerState
2019-10-23 12:36:40,849 [grpc-default-executor-4] INFO  impl.RoleInfo (RoleInfo.java:updateAndGet(143)) - 389d5540-641f-48c2-a9df-60738dbad976: start FollowerState
2019-10-23 12:36:40,849 [Thread-1936] INFO  impl.FollowerState (FollowerState.java:run(117)) - 389d5540-641f-48c2-a9df-60738dbad976@group-AF49A4A4CA2A-FollowerState was interrupted: java.lang.InterruptedException: sleep interrupted
2019-10-23 12:36:40,864 [279bca68-3e74-4690-81cf-da5ab79b92f7@group-AF49A4A4CA2A-LeaderElection258] INFO  impl.LeaderElection (LeaderElection.java:logAndReturn(56)) - 279bca68-3e74-4690-81cf-da5ab79b92f7@group-AF49A4A4CA2A-LeaderElection258: Election REJECTED; received 2 response(s) [279bca68-3e74-4690-81cf-da5ab79b92f7<-daebe4f8-0ad9-4eb2-8ed7-3a8051847eb6#0:FAIL-t280, 279bca68-3e74-4690-81cf-da5ab79b92f7<-389d5540-641f-48c2-a9df-60738dbad976#0:FAIL-t280] and 0 exception(s); 279bca68-3e74-4690-81cf-da5ab79b92f7@group-AF49A4A4CA2A:t280, leader=null, voted=279bca68-3e74-4690-81cf-da5ab79b92f7, raftlog=279bca68-3e74-4690-81cf-da5ab79b92f7@group-AF49A4A4CA2A-SegmentedRaftLog:OPENED:c-1,f-1,i0, conf=-1: [daebe4f8-0ad9-4eb2-8ed7-3a8051847eb6:192.168.69.118:44860, 389d5540-641f-48c2-a9df-60738dbad976:192.168.69.118:45712, 279bca68-3e74-4690-81cf-da5ab79b92f7:192.168.69.118:45510], old=null
2019-10-23 12:36:40,864 [279bca68-3e74-4690-81cf-da5ab79b92f7@group-AF49A4A4CA2A-LeaderElection258] INFO  impl.RaftServerImpl (RaftServerImpl.java:setRole(184)) - 279bca68-3e74-4690-81cf-da5ab79b92f7@group-AF49A4A4CA2A: changes role from CANDIDATE to FOLLOWER at term 280 for DISCOVERED_A_NEW_TERM
2019-10-23 12:36:40,864 [279bca68-3e74-4690-81cf-da5ab79b92f7@group-AF49A4A4CA2A-LeaderElection258] INFO  impl.RoleInfo (RoleInfo.java:shutdownLeaderElection(134)) - 279bca68-3e74-4690-81cf-da5ab79b92f7: shutdown LeaderElection
2019-10-23 12:36:40,864 [279bca68-3e74-4690-81cf-da5ab79b92f7@group-AF49A4A4CA2A-LeaderElection258] INFO  impl.RoleInfo (RoleInfo.java:updateAndGet(143)) - 279bca68-3e74-4690-81cf-da5ab79b92f7: start FollowerState
2019-10-23 12:36:40,914 [Thread-1943] INFO  impl.FollowerState (FollowerState.java:run(108)) - 279bca68-3e74-4690-81cf-da5ab79b92f7@group-AF49A4A4CA2A-FollowerState: change to CANDIDATE, lastRpcTime:50ms, electionTimeout:50ms
2019-10-23 12:36:40,915 [Thread-1943] INFO  impl.RoleInfo (RoleInfo.java:shutdownFollowerState(121)) - 279bca68-3e74-4690-81cf-da5ab79b92f7: shutdown FollowerState
2019-10-23 12:36:40,915 [Thread-1943] INFO  impl.RaftServerImpl (RaftServerImpl.java:setRole(184)) - 279bca68-3e74-4690-81cf-da5ab79b92f7@group-AF49A4A4CA2A: changes role from  FOLLOWER to CANDIDATE at term 280 for changeToCandidate
2019-10-23 12:36:40,915 [Thread-1943] INFO  impl.RoleInfo (RoleInfo.java:updateAndGet(143)) - 279bca68-3e74-4690-81cf-da5ab79b92f7: start LeaderElection
2019-10-23 12:36:40,929 [279bca68-3e74-4690-81cf-da5ab79b92f7@group-AF49A4A4CA2A-LeaderElection259] INFO  impl.LeaderElection (LeaderElection.java:askForVotes(178)) - 279bca68-3e74-4690-81cf-da5ab79b92f7@group-AF49A4A4CA2A-LeaderElection259: begin an election at term 281 for -1: [daebe4f8-0ad9-4eb2-8ed7-3a8051847eb6:192.168.69.118:44860, 389d5540-641f-48c2-a9df-60738dbad976:192.168.69.118:45712, 279bca68-3e74-4690-81cf-da5ab79b92f7:192.168.69.118:45510], old=null
2019-10-23 12:36:40,931 [grpc-default-executor-0] INFO  impl.RaftServerImpl (RaftServerImpl.java:setRole(184)) - daebe4f8-0ad9-4eb2-8ed7-3a8051847eb6@group-AF49A4A4CA2A: changes role from  FOLLOWER to FOLLOWER at term 281 for recognizeCandidate:279bca68-3e74-4690-81cf-da5ab79b92f7
2019-10-23 12:36:40,931 [grpc-default-executor-0] INFO  impl.RoleInfo (RoleInfo.java:shutdownFollowerState(121)) - daebe4f8-0ad9-4eb2-8ed7-3a8051847eb6: shutdown FollowerState
2019-10-23 12:36:40,931 [grpc-default-executor-0] INFO  impl.RoleInfo (RoleInfo.java:updateAndGet(143)) - daebe4f8-0ad9-4eb2-8ed7-3a8051847eb6: start FollowerState
2019-10-23 12:36:40,931 [Thread-1941] INFO  impl.FollowerState (FollowerState.java:run(117)) - daebe4f8-0ad9-4eb2-8ed7-3a8051847eb6@group-AF49A4A4CA2A-FollowerState was interrupted: java.lang.InterruptedException: sleep interrupted
2019-10-23 12:36:40,932 [grpc-default-executor-4] INFO  impl.RaftServerImpl (RaftServerImpl.java:setRole(184)) - 389d5540-641f-48c2-a9df-60738dbad976@group-AF49A4A4CA2A: changes role from  FOLLOWER to FOLLOWER at term 281 for recognizeCandidate:279bca68-3e74-4690-81cf-da5ab79b92f7
2019-10-23 12:36:40,932 [grpc-default-executor-4] INFO  impl.RoleInfo (RoleInfo.java:shutdownFollowerState(121)) - 389d5540-641f-48c2-a9df-60738dbad976: shutdown FollowerState
2019-10-23 12:36:40,932 [grpc-default-executor-4] INFO  impl.RoleInfo (RoleInfo.java:updateAndGet(143)) - 389d5540-641f-48c2-a9df-60738dbad976: start FollowerState
2019-10-23 12:36:40,932 [Thread-1942] INFO  impl.FollowerState (FollowerState.java:run(117)) - 389d5540-641f-48c2-a9df-60738dbad976@group-AF49A4A4CA2A-FollowerState was interrupted: java.lang.InterruptedException: sleep interrupted
2019-10-23 12:36:40,947 [279bca68-3e74-4690-81cf-da5ab79b92f7@group-AF49A4A4CA2A-LeaderElection259] INFO  impl.LeaderElection (LeaderElection.java:logAndReturn(56)) - 279bca68-3e74-4690-81cf-da5ab79b92f7@group-AF49A4A4CA2A-LeaderElection259: Election REJECTED; received 2 response(s) [279bca68-3e74-4690-81cf-da5ab79b92f7<-daebe4f8-0ad9-4eb2-8ed7-3a8051847eb6#0:FAIL-t281, 279bca68-3e74-4690-81cf-da5ab79b92f7<-389d5540-641f-48c2-a9df-60738dbad976#0:FAIL-t281] and 0 exception(s); 279bca68-3e74-4690-81cf-da5ab79b92f7@group-AF49A4A4CA2A:t281, leader=null, voted=279bca68-3e74-4690-81cf-da5ab79b92f7, raftlog=279bca68-3e74-4690-81cf-da5ab79b92f7@group-AF49A4A4CA2A-SegmentedRaftLog:OPENED:c-1,f-1,i0, conf=-1: [daebe4f8-0ad9-4eb2-8ed7-3a8051847eb6:192.168.69.118:44860, 389d5540-641f-48c2-a9df-60738dbad976:192.168.69.118:45712, 279bca68-3e74-4690-81cf-da5ab79b92f7:192.168.69.118:45510], old=null
2019-10-23 12:36:40,947 [279bca68-3e74-4690-81cf-da5ab79b92f7@group-AF49A4A4CA2A-LeaderElection259] INFO  impl.RaftServerImpl (RaftServerImpl.java:setRole(184)) - 279bca68-3e74-4690-81cf-da5ab79b92f7@group-AF49A4A4CA2A: changes role from CANDIDATE to FOLLOWER at term 281 for DISCOVERED_A_NEW_TERM
2019-10-23 12:36:40,948 [279bca68-3e74-4690-81cf-da5ab79b92f7@group-AF49A4A4CA2A-LeaderElection259] INFO  impl.RoleInfo (RoleInfo.java:shutdownLeaderElection(134)) - 279bca68-3e74-4690-81cf-da5ab79b92f7: shutdown LeaderElection
2019-10-23 12:36:40,948 [279bca68-3e74-4690-81cf-da5ab79b92f7@group-AF49A4A4CA2A-LeaderElection259] INFO  impl.RoleInfo (RoleInfo.java:updateAndGet(143)) - 279bca68-3e74-4690-81cf-da5ab79b92f7: start FollowerState
2019-10-23 12:36:40,960 [Thread-1949] INFO  impl.FollowerState (FollowerState.java:run(108)) - 279bca68-3e74-4690-81cf-da5ab79b92f7@group-AF49A4A4CA2A-FollowerState: change to CANDIDATE, lastRpcTime:12ms, electionTimeout:12ms
2019-10-23 12:36:40,960 [Thread-1949] INFO  impl.RoleInfo (RoleInfo.java:shutdownFollowerState(121)) - 279bca68-3e74-4690-81cf-da5ab79b92f7: shutdown FollowerState
2019-10-23 12:36:40,961 [Thread-1949] INFO  impl.RaftServerImpl (RaftServerImpl.java:setRole(184)) - 279bca68-3e74-4690-81cf-da5ab79b92f7@group-AF49A4A4CA2A: changes role from  FOLLOWER to CANDIDATE at term 281 for changeToCandidate
2019-10-23 12:36:40,961 [Thread-1949] INFO  impl.RoleInfo (RoleInfo.java:updateAndGet(143)) - 279bca68-3e74-4690-81cf-da5ab79b92f7: start LeaderElection
2019-10-23 12:36:40,974 [279bca68-3e74-4690-81cf-da5ab79b92f7@group-AF49A4A4CA2A-LeaderElection260] INFO  impl.LeaderElection (LeaderElection.java:askForVotes(178)) - 279bca68-3e74-4690-81cf-da5ab79b92f7@group-AF49A4A4CA2A-LeaderElection260: begin an election at term 282 for -1: [daebe4f8-0ad9-4eb2-8ed7-3a8051847eb6:192.168.69.118:44860, 389d5540-641f-48c2-a9df-60738dbad976:192.168.69.118:45712, 279bca68-3e74-4690-81cf-da5ab79b92f7:192.168.69.118:45510], old=null
2019-10-23 12:36:40,977 [grpc-default-executor-0] INFO  impl.RaftServerImpl (RaftServerImpl.java:setRole(184)) - daebe4f8-0ad9-4eb2-8ed7-3a8051847eb6@group-AF49A4A4CA2A: changes role from  FOLLOWER to FOLLOWER at term 282 for recognizeCandidate:279bca68-3e74-4690-81cf-da5ab79b92f7
2019-10-23 12:36:40,977 [grpc-default-executor-0] INFO  impl.RoleInfo (RoleInfo.java:shutdownFollowerState(121)) - daebe4f8-0ad9-4eb2-8ed7-3a8051847eb6: shutdown FollowerState
2019-10-23 12:36:40,977 [grpc-default-executor-0] INFO  impl.RoleInfo (RoleInfo.java:updateAndGet(143)) - daebe4f8-0ad9-4eb2-8ed7-3a8051847eb6: start FollowerState
2019-10-23 12:36:40,977 [grpc-default-executor-4] INFO  impl.RaftServerImpl (RaftServerImpl.java:setRole(184)) - 389d5540-641f-48c2-a9df-60738dbad976@group-AF49A4A4CA2A: changes role from  FOLLOWER to FOLLOWER at term 282 for recognizeCandidate:279bca68-3e74-4690-81cf-da5ab79b92f7
2019-10-23 12:36:40,977 [grpc-default-executor-4] INFO  impl.RoleInfo (RoleInfo.java:shutdownFollowerState(121)) - 389d5540-641f-48c2-a9df-60738dbad976: shutdown FollowerState
2019-10-23 12:36:40,977 [Thread-1947] INFO  impl.FollowerState (FollowerState.java:run(117)) - daebe4f8-0ad9-4eb2-8ed7-3a8051847eb6@group-AF49A4A4CA2A-FollowerState was interrupted: java.lang.InterruptedException: sleep interrupted
2019-10-23 12:36:40,978 [Thread-1948] INFO  impl.FollowerState (FollowerState.java:run(117)) - 389d5540-641f-48c2-a9df-60738dbad976@group-AF49A4A4CA2A-FollowerState was interrupted: java.lang.InterruptedException: sleep interrupted
2019-10-23 12:36:40,978 [grpc-default-executor-4] INFO  impl.RoleInfo (RoleInfo.java:updateAndGet(143)) - 389d5540-641f-48c2-a9df-60738dbad976: start FollowerState
2019-10-23 12:36:40,995 [279bca68-3e74-4690-81cf-da5ab79b92f7@group-AF49A4A4CA2A-LeaderElection260] INFO  impl.LeaderElection (LeaderElection.java:logAndReturn(56)) - 279bca68-3e74-4690-81cf-da5ab79b92f7@group-AF49A4A4CA2A-LeaderElection260: Election REJECTED; received 2 response(s) [279bca68-3e74-4690-81cf-da5ab79b92f7<-daebe4f8-0ad9-4eb2-8ed7-3a8051847eb6#0:FAIL-t282, 279bca68-3e74-4690-81cf-da5ab79b92f7<-389d5540-641f-48c2-a9df-60738dbad976#0:FAIL-t282] and 0 exception(s); 279bca68-3e74-4690-81cf-da5ab79b92f7@group-AF49A4A4CA2A:t282, leader=null, voted=279bca68-3e74-4690-81cf-da5ab79b92f7, raftlog=279bca68-3e74-4690-81cf-da5ab79b92f7@group-AF49A4A4CA2A-SegmentedRaftLog:OPENED:c-1,f-1,i0, conf=-1: [daebe4f8-0ad9-4eb2-8ed7-3a8051847eb6:192.168.69.118:44860, 389d5540-641f-48c2-a9df-60738dbad976:192.168.69.118:45712, 279bca68-3e74-4690-81cf-da5ab79b92f7:192.168.69.118:45510], old=null
2019-10-23 12:36:40,995 [279bca68-3e74-4690-81cf-da5ab79b92f7@group-AF49A4A4CA2A-LeaderElection260] INFO  impl.RaftServerImpl (RaftServerImpl.java:setRole(184)) - 279bca68-3e74-4690-81cf-da5ab79b92f7@group-AF49A4A4CA2A: changes role from CANDIDATE to FOLLOWER at term 282 for DISCOVERED_A_NEW_TERM
2019-10-23 12:36:40,995 [279bca68-3e74-4690-81cf-da5ab79b92f7@group-AF49A4A4CA2A-LeaderElection260] INFO  impl.RoleInfo (RoleInfo.java:shutdownLeaderElection(134)) - 279bca68-3e74-4690-81cf-da5ab79b92f7: shutdown LeaderElection
2019-10-23 12:36:40,995 [279bca68-3e74-4690-81cf-da5ab79b92f7@group-AF49A4A4CA2A-LeaderElection260] INFO  impl.RoleInfo (RoleInfo.java:updateAndGet(143)) - 279bca68-3e74-4690-81cf-da5ab79b92f7: start FollowerState
2019-10-23 12:36:41,040 [Thread-1955] INFO  impl.FollowerState (FollowerState.java:run(108)) - 279bca68-3e74-4690-81cf-da5ab79b92f7@group-AF49A4A4CA2A-FollowerState: change to CANDIDATE, lastRpcTime:44ms, electionTimeout:44ms
2019-10-23 12:36:41,040 [Thread-1955] INFO  impl.RoleInfo (RoleInfo.java:shutdownFollowerState(121)) - 279bca68-3e74-4690-81cf-da5ab79b92f7: shutdown FollowerState
2019-10-23 12:36:41,040 [Thread-1955] INFO  impl.RaftServerImpl (RaftServerImpl.java:setRole(184)) - 279bca68-3e74-4690-81cf-da5ab79b92f7@group-AF49A4A4CA2A: changes role from  FOLLOWER to CANDIDATE at term 282 for changeToCandidate
2019-10-23 12:36:41,040 [Thread-1955] INFO  impl.RoleInfo (RoleInfo.java:updateAndGet(143)) - 279bca68-3e74-4690-81cf-da5ab79b92f7: start LeaderElection
2019-10-23 12:36:41,067 [279bca68-3e74-4690-81cf-da5ab79b92f7@group-AF49A4A4CA2A-LeaderElection261] INFO  impl.LeaderElection (LeaderElection.java:askForVotes(178)) - 279bca68-3e74-4690-81cf-da5ab79b92f7@group-AF49A4A4CA2A-LeaderElection261: begin an election at term 283 for -1: [daebe4f8-0ad9-4eb2-8ed7-3a8051847eb6:192.168.69.118:44860, 389d5540-641f-48c2-a9df-60738dbad976:192.168.69.118:45712, 279bca68-3e74-4690-81cf-da5ab79b92f7:192.168.69.118:45510], old=null
2019-10-23 12:36:41,069 [grpc-default-executor-0] INFO  impl.RaftServerImpl (RaftServerImpl.java:setRole(184)) - daebe4f8-0ad9-4eb2-8ed7-3a8051847eb6@group-AF49A4A4CA2A: changes role from  FOLLOWER to FOLLOWER at term 283 for recognizeCandidate:279bca68-3e74-4690-81cf-da5ab79b92f7
2019-10-23 12:36:41,069 [grpc-default-executor-0] INFO  impl.RoleInfo (RoleInfo.java:shutdownFollowerState(121)) - daebe4f8-0ad9-4eb2-8ed7-3a8051847eb6: shutdown FollowerState
2019-10-23 12:36:41,069 [grpc-default-executor-0] INFO  impl.RoleInfo (RoleInfo.java:updateAndGet(143)) - daebe4f8-0ad9-4eb2-8ed7-3a8051847eb6: start FollowerState
2019-10-23 12:36:41,069 [Thread-1953] INFO  impl.FollowerState (FollowerState.java:run(117)) - daebe4f8-0ad9-4eb2-8ed7-3a8051847eb6@group-AF49A4A4CA2A-FollowerState was interrupted: java.lang.InterruptedException: sleep interrupted
2019-10-23 12:36:41,069 [grpc-default-executor-4] INFO  impl.RaftServerImpl (RaftServerImpl.java:setRole(184)) - 389d5540-641f-48c2-a9df-60738dbad976@group-AF49A4A4CA2A: changes role from  FOLLOWER to FOLLOWER at term 283 for recognizeCandidate:279bca68-3e74-4690-81cf-da5ab79b92f7
2019-10-23 12:36:41,069 [grpc-default-executor-4] INFO  impl.RoleInfo (RoleInfo.java:shutdownFollowerState(121)) - 389d5540-641f-48c2-a9df-60738dbad976: shutdown FollowerState
2019-10-23 12:36:41,070 [grpc-default-executor-4] INFO  impl.RoleInfo (RoleInfo.java:updateAndGet(143)) - 389d5540-641f-48c2-a9df-60738dbad976: start FollowerState
2019-10-23 12:36:41,070 [Thread-1954] INFO  impl.FollowerState (FollowerState.java:run(117)) - 389d5540-641f-48c2-a9df-60738dbad976@group-AF49A4A4CA2A-FollowerState was interrupted: java.lang.InterruptedException: sleep interrupted
2019-10-23 12:36:41,084 [279bca68-3e74-4690-81cf-da5ab79b92f7@group-AF49A4A4CA2A-LeaderElection261] INFO  impl.LeaderElection (LeaderElection.java:logAndReturn(56)) - 279bca68-3e74-4690-81cf-da5ab79b92f7@group-AF49A4A4CA2A-LeaderElection261: Election REJECTED; received 2 response(s) [279bca68-3e74-4690-81cf-da5ab79b92f7<-daebe4f8-0ad9-4eb2-8ed7-3a8051847eb6#0:FAIL-t283, 279bca68-3e74-4690-81cf-da5ab79b92f7<-389d5540-641f-48c2-a9df-60738dbad976#0:FAIL-t283] and 0 exception(s); 279bca68-3e74-4690-81cf-da5ab79b92f7@group-AF49A4A4CA2A:t283, leader=null, voted=279bca68-3e74-4690-81cf-da5ab79b92f7, raftlog=279bca68-3e74-4690-81cf-da5ab79b92f7@group-AF49A4A4CA2A-SegmentedRaftLog:OPENED:c-1,f-1,i0, conf=-1: [daebe4f8-0ad9-4eb2-8ed7-3a8051847eb6:192.168.69.118:44860, 389d5540-641f-48c2-a9df-60738dbad976:192.168.69.118:45712, 279bca68-3e74-4690-81cf-da5ab79b92f7:192.168.69.118:45510], old=null
2019-10-23 12:36:41,084 [279bca68-3e74-4690-81cf-da5ab79b92f7@group-AF49A4A4CA2A-LeaderElection261] INFO  impl.RaftServerImpl (RaftServerImpl.java:setRole(184)) - 279bca68-3e74-4690-81cf-da5ab79b92f7@group-AF49A4A4CA2A: changes role from CANDIDATE to FOLLOWER at term 283 for DISCOVERED_A_NEW_TERM
2019-10-23 12:36:41,084 [279bca68-3e74-4690-81cf-da5ab79b92f7@group-AF49A4A4CA2A-LeaderElection261] INFO  impl.RoleInfo (RoleInfo.java:shutdownLeaderElection(134)) - 279bca68-3e74-4690-81cf-da5ab79b92f7: shutdown LeaderElection
2019-10-23 12:36:41,085 [279bca68-3e74-4690-81cf-da5ab79b92f7@group-AF49A4A4CA2A-LeaderElection261] INFO  impl.RoleInfo (RoleInfo.java:updateAndGet(143)) - 279bca68-3e74-4690-81cf-da5ab79b92f7: start FollowerState
2019-10-23 12:36:41,173 [Thread-1961] INFO  impl.FollowerState (FollowerState.java:run(108)) - 279bca68-3e74-4690-81cf-da5ab79b92f7@group-AF49A4A4CA2A-FollowerState: change to CANDIDATE, lastRpcTime:88ms, electionTimeout:88ms
2019-10-23 12:36:41,173 [Thread-1961] INFO  impl.RoleInfo (RoleInfo.java:shutdownFollowerState(121)) - 279bca68-3e74-4690-81cf-da5ab79b92f7: shutdown FollowerState
2019-10-23 12:36:41,173 [Thread-1961] INFO  impl.RaftServerImpl (RaftServerImpl.java:setRole(184)) - 279bca68-3e74-4690-81cf-da5ab79b92f7@group-AF49A4A4CA2A: changes role from  FOLLOWER to CANDIDATE at term 283 for changeToCandidate
2019-10-23 12:36:41,173 [Thread-1961] INFO  impl.RoleInfo (RoleInfo.java:updateAndGet(143)) - 279bca68-3e74-4690-81cf-da5ab79b92f7: start LeaderElection
2019-10-23 12:36:41,187 [279bca68-3e74-4690-81cf-da5ab79b92f7@group-AF49A4A4CA2A-LeaderElection262] INFO  impl.LeaderElection (LeaderElection.java:askForVotes(178)) - 279bca68-3e74-4690-81cf-da5ab79b92f7@group-AF49A4A4CA2A-LeaderElection262: begin an election at term 284 for -1: [daebe4f8-0ad9-4eb2-8ed7-3a8051847eb6:192.168.69.118:44860, 389d5540-641f-48c2-a9df-60738dbad976:192.168.69.118:45712, 279bca68-3e74-4690-81cf-da5ab79b92f7:192.168.69.118:45510], old=null
2019-10-23 12:36:41,189 [grpc-default-executor-4] INFO  impl.RaftServerImpl (RaftServerImpl.java:setRole(184)) - daebe4f8-0ad9-4eb2-8ed7-3a8051847eb6@group-AF49A4A4CA2A: changes role from  FOLLOWER to FOLLOWER at term 284 for recognizeCandidate:279bca68-3e74-4690-81cf-da5ab79b92f7
2019-10-23 12:36:41,189 [grpc-default-executor-4] INFO  impl.RoleInfo (RoleInfo.java:shutdownFollowerState(121)) - daebe4f8-0ad9-4eb2-8ed7-3a8051847eb6: shutdown FollowerState
2019-10-23 12:36:41,190 [grpc-default-executor-4] INFO  impl.RoleInfo (RoleInfo.java:updateAndGet(143)) - daebe4f8-0ad9-4eb2-8ed7-3a8051847eb6: start FollowerState
2019-10-23 12:36:41,190 [Thread-1959] INFO  impl.FollowerState (FollowerState.java:run(117)) - daebe4f8-0ad9-4eb2-8ed7-3a8051847eb6@group-AF49A4A4CA2A-FollowerState was interrupted: java.lang.InterruptedException: sleep interrupted
2019-10-23 12:36:41,190 [grpc-default-executor-0] INFO  impl.RaftServerImpl (RaftServerImpl.java:setRole(184)) - 389d5540-641f-48c2-a9df-60738dbad976@group-AF49A4A4CA2A: changes role from  FOLLOWER to FOLLOWER at term 284 for recognizeCandidate:279bca68-3e74-4690-81cf-da5ab79b92f7
2019-10-23 12:36:41,190 [grpc-default-executor-0] INFO  impl.RoleInfo (RoleInfo.java:shutdownFollowerState(121)) - 389d5540-641f-48c2-a9df-60738dbad976: shutdown FollowerState
2019-10-23 12:36:41,190 [grpc-default-executor-0] INFO  impl.RoleInfo (RoleInfo.java:updateAndGet(143)) - 389d5540-641f-48c2-a9df-60738dbad976: start FollowerState
2019-10-23 12:36:41,190 [Thread-1960] INFO  impl.FollowerState (FollowerState.java:run(117)) - 389d5540-641f-48c2-a9df-60738dbad976@group-AF49A4A4CA2A-FollowerState was interrupted: java.lang.InterruptedException: sleep interrupted
2019-10-23 12:36:41,204 [279bca68-3e74-4690-81cf-da5ab79b92f7@group-AF49A4A4CA2A-LeaderElection262] INFO  impl.LeaderElection (LeaderElection.java:logAndReturn(56)) - 279bca68-3e74-4690-81cf-da5ab79b92f7@group-AF49A4A4CA2A-LeaderElection262: Election REJECTED; received 2 response(s) [279bca68-3e74-4690-81cf-da5ab79b92f7<-daebe4f8-0ad9-4eb2-8ed7-3a8051847eb6#0:FAIL-t284, 279bca68-3e74-4690-81cf-da5ab79b92f7<-389d5540-641f-48c2-a9df-60738dbad976#0:FAIL-t284] and 0 exception(s); 279bca68-3e74-4690-81cf-da5ab79b92f7@group-AF49A4A4CA2A:t284, leader=null, voted=279bca68-3e74-4690-81cf-da5ab79b92f7, raftlog=279bca68-3e74-4690-81cf-da5ab79b92f7@group-AF49A4A4CA2A-SegmentedRaftLog:OPENED:c-1,f-1,i0, conf=-1: [daebe4f8-0ad9-4eb2-8ed7-3a8051847eb6:192.168.69.118:44860, 389d5540-641f-48c2-a9df-60738dbad976:192.168.69.118:45712, 279bca68-3e74-4690-81cf-da5ab79b92f7:192.168.69.118:45510], old=null
2019-10-23 12:36:41,204 [279bca68-3e74-4690-81cf-da5ab79b92f7@group-AF49A4A4CA2A-LeaderElection262] INFO  impl.RaftServerImpl (RaftServerImpl.java:setRole(184)) - 279bca68-3e74-4690-81cf-da5ab79b92f7@group-AF49A4A4CA2A: changes role from CANDIDATE to FOLLOWER at term 284 for DISCOVERED_A_NEW_TERM
2019-10-23 12:36:41,204 [279bca68-3e74-4690-81cf-da5ab79b92f7@group-AF49A4A4CA2A-LeaderElection262] INFO  impl.RoleInfo (RoleInfo.java:shutdownLeaderElection(134)) - 279bca68-3e74-4690-81cf-da5ab79b92f7: shutdown LeaderElection
2019-10-23 12:36:41,204 [279bca68-3e74-4690-81cf-da5ab79b92f7@group-AF49A4A4CA2A-LeaderElection262] INFO  impl.RoleInfo (RoleInfo.java:updateAndGet(143)) - 279bca68-3e74-4690-81cf-da5ab79b92f7: start FollowerState
2019-10-23 12:36:41,319 [Thread-1968] INFO  impl.FollowerState (FollowerState.java:run(108)) - 279bca68-3e74-4690-81cf-da5ab79b92f7@group-AF49A4A4CA2A-FollowerState: change to CANDIDATE, lastRpcTime:114ms, electionTimeout:114ms
2019-10-23 12:36:41,319 [Thread-1968] INFO  impl.RoleInfo (RoleInfo.java:shutdownFollowerState(121)) - 279bca68-3e74-4690-81cf-da5ab79b92f7: shutdown FollowerState
2019-10-23 12:36:41,319 [Thread-1968] INFO  impl.RaftServerImpl (RaftServerImpl.java:setRole(184)) - 279bca68-3e74-4690-81cf-da5ab79b92f7@group-AF49A4A4CA2A: changes role from  FOLLOWER to CANDIDATE at term 284 for changeToCandidate
2019-10-23 12:36:41,320 [Thread-1968] INFO  impl.RoleInfo (RoleInfo.java:updateAndGet(143)) - 279bca68-3e74-4690-81cf-da5ab79b92f7: start LeaderElection
2019-10-23 12:36:41,334 [279bca68-3e74-4690-81cf-da5ab79b92f7@group-AF49A4A4CA2A-LeaderElection263] INFO  impl.LeaderElection (LeaderElection.java:askForVotes(178)) - 279bca68-3e74-4690-81cf-da5ab79b92f7@group-AF49A4A4CA2A-LeaderElection263: begin an election at term 285 for -1: [daebe4f8-0ad9-4eb2-8ed7-3a8051847eb6:192.168.69.118:44860, 389d5540-641f-48c2-a9df-60738dbad976:192.168.69.118:45712, 279bca68-3e74-4690-81cf-da5ab79b92f7:192.168.69.118:45510], old=null
2019-10-23 12:36:41,336 [grpc-default-executor-3] INFO  impl.RaftServerImpl (RaftServerImpl.java:setRole(184)) - daebe4f8-0ad9-4eb2-8ed7-3a8051847eb6@group-AF49A4A4CA2A: changes role from  FOLLOWER to FOLLOWER at term 285 for recognizeCandidate:279bca68-3e74-4690-81cf-da5ab79b92f7
2019-10-23 12:36:41,336 [grpc-default-executor-3] INFO  impl.RoleInfo (RoleInfo.java:shutdownFollowerState(121)) - daebe4f8-0ad9-4eb2-8ed7-3a8051847eb6: shutdown FollowerState
2019-10-23 12:36:41,336 [grpc-default-executor-3] INFO  impl.RoleInfo (RoleInfo.java:updateAndGet(143)) - daebe4f8-0ad9-4eb2-8ed7-3a8051847eb6: start FollowerState
2019-10-23 12:36:41,336 [Thread-1965] INFO  impl.FollowerState (FollowerState.java:run(117)) - daebe4f8-0ad9-4eb2-8ed7-3a8051847eb6@group-AF49A4A4CA2A-FollowerState was interrupted: java.lang.InterruptedException: sleep interrupted
2019-10-23 12:36:41,337 [grpc-default-executor-4] INFO  impl.RaftServerImpl (RaftServerImpl.java:setRole(184)) - 389d5540-641f-48c2-a9df-60738dbad976@group-AF49A4A4CA2A: changes role from  FOLLOWER to FOLLOWER at term 285 for recognizeCandidate:279bca68-3e74-4690-81cf-da5ab79b92f7
2019-10-23 12:36:41,337 [grpc-default-executor-4] INFO  impl.RoleInfo (RoleInfo.java:shutdownFollowerState(121)) - 389d5540-641f-48c2-a9df-60738dbad976: shutdown FollowerState
2019-10-23 12:36:41,337 [grpc-default-executor-4] INFO  impl.RoleInfo (RoleInfo.java:updateAndGet(143)) - 389d5540-641f-48c2-a9df-60738dbad976: start FollowerState
2019-10-23 12:36:41,337 [Thread-1966] INFO  impl.FollowerState (FollowerState.java:run(117)) - 389d5540-641f-48c2-a9df-60738dbad976@group-AF49A4A4CA2A-FollowerState was interrupted: java.lang.InterruptedException: sleep interrupted
2019-10-23 12:36:41,351 [279bca68-3e74-4690-81cf-da5ab79b92f7@group-AF49A4A4CA2A-LeaderElection263] INFO  impl.LeaderElection (LeaderElection.java:logAndReturn(56)) - 279bca68-3e74-4690-81cf-da5ab79b92f7@group-AF49A4A4CA2A-LeaderElection263: Election REJECTED; received 2 response(s) [279bca68-3e74-4690-81cf-da5ab79b92f7<-daebe4f8-0ad9-4eb2-8ed7-3a8051847eb6#0:FAIL-t285, 279bca68-3e74-4690-81cf-da5ab79b92f7<-389d5540-641f-48c2-a9df-60738dbad976#0:FAIL-t285] and 0 exception(s); 279bca68-3e74-4690-81cf-da5ab79b92f7@group-AF49A4A4CA2A:t285, leader=null, voted=279bca68-3e74-4690-81cf-da5ab79b92f7, raftlog=279bca68-3e74-4690-81cf-da5ab79b92f7@group-AF49A4A4CA2A-SegmentedRaftLog:OPENED:c-1,f-1,i0, conf=-1: [daebe4f8-0ad9-4eb2-8ed7-3a8051847eb6:192.168.69.118:44860, 389d5540-641f-48c2-a9df-60738dbad976:192.168.69.118:45712, 279bca68-3e74-4690-81cf-da5ab79b92f7:192.168.69.118:45510], old=null
2019-10-23 12:36:41,351 [279bca68-3e74-4690-81cf-da5ab79b92f7@group-AF49A4A4CA2A-LeaderElection263] INFO  impl.RaftServerImpl (RaftServerImpl.java:setRole(184)) - 279bca68-3e74-4690-81cf-da5ab79b92f7@group-AF49A4A4CA2A: changes role from CANDIDATE to FOLLOWER at term 285 for DISCOVERED_A_NEW_TERM
2019-10-23 12:36:41,351 [279bca68-3e74-4690-81cf-da5ab79b92f7@group-AF49A4A4CA2A-LeaderElection263] INFO  impl.RoleInfo (RoleInfo.java:shutdownLeaderElection(134)) - 279bca68-3e74-4690-81cf-da5ab79b92f7: shutdown LeaderElection
2019-10-23 12:36:41,351 [279bca68-3e74-4690-81cf-da5ab79b92f7@group-AF49A4A4CA2A-LeaderElection263] INFO  impl.RoleInfo (RoleInfo.java:updateAndGet(143)) - 279bca68-3e74-4690-81cf-da5ab79b92f7: start FollowerState
2019-10-23 12:36:41,423 [Thread-1975] INFO  impl.FollowerState (FollowerState.java:run(108)) - 279bca68-3e74-4690-81cf-da5ab79b92f7@group-AF49A4A4CA2A-FollowerState: change to CANDIDATE, lastRpcTime:71ms, electionTimeout:71ms
2019-10-23 12:36:41,423 [Thread-1975] INFO  impl.RoleInfo (RoleInfo.java:shutdownFollowerState(121)) - 279bca68-3e74-4690-81cf-da5ab79b92f7: shutdown FollowerState
2019-10-23 12:36:41,423 [Thread-1975] INFO  impl.RaftServerImpl (RaftServerImpl.java:setRole(184)) - 279bca68-3e74-4690-81cf-da5ab79b92f7@group-AF49A4A4CA2A: changes role from  FOLLOWER to CANDIDATE at term 285 for changeToCandidate
2019-10-23 12:36:41,423 [Thread-1975] INFO  impl.RoleInfo (RoleInfo.java:updateAndGet(143)) - 279bca68-3e74-4690-81cf-da5ab79b92f7: start LeaderElection
2019-10-23 12:36:41,438 [279bca68-3e74-4690-81cf-da5ab79b92f7@group-AF49A4A4CA2A-LeaderElection264] INFO  impl.LeaderElection (LeaderElection.java:askForVotes(178)) - 279bca68-3e74-4690-81cf-da5ab79b92f7@group-AF49A4A4CA2A-LeaderElection264: begin an election at term 286 for -1: [daebe4f8-0ad9-4eb2-8ed7-3a8051847eb6:192.168.69.118:44860, 389d5540-641f-48c2-a9df-60738dbad976:192.168.69.118:45712, 279bca68-3e74-4690-81cf-da5ab79b92f7:192.168.69.118:45510], old=null
2019-10-23 12:36:41,440 [grpc-default-executor-3] INFO  impl.RaftServerImpl (RaftServerImpl.java:setRole(184)) - daebe4f8-0ad9-4eb2-8ed7-3a8051847eb6@group-AF49A4A4CA2A: changes role from  FOLLOWER to FOLLOWER at term 286 for recognizeCandidate:279bca68-3e74-4690-81cf-da5ab79b92f7
2019-10-23 12:36:41,440 [grpc-default-executor-3] INFO  impl.RoleInfo (RoleInfo.java:shutdownFollowerState(121)) - daebe4f8-0ad9-4eb2-8ed7-3a8051847eb6: shutdown FollowerState
2019-10-23 12:36:41,440 [grpc-default-executor-3] INFO  impl.RoleInfo (RoleInfo.java:updateAndGet(143)) - daebe4f8-0ad9-4eb2-8ed7-3a8051847eb6: start FollowerState
2019-10-23 12:36:41,440 [Thread-1973] INFO  impl.FollowerState (FollowerState.java:run(117)) - daebe4f8-0ad9-4eb2-8ed7-3a8051847eb6@group-AF49A4A4CA2A-FollowerState was interrupted: java.lang.InterruptedException: sleep interrupted
2019-10-23 12:36:41,441 [grpc-default-executor-4] INFO  impl.RaftServerImpl (RaftServerImpl.java:setRole(184)) - 389d5540-641f-48c2-a9df-60738dbad976@group-AF49A4A4CA2A: changes role from  FOLLOWER to FOLLOWER at term 286 for recognizeCandidate:279bca68-3e74-4690-81cf-da5ab79b92f7
2019-10-23 12:36:41,441 [grpc-default-executor-4] INFO  impl.RoleInfo (RoleInfo.java:shutdownFollowerState(121)) - 389d5540-641f-48c2-a9df-60738dbad976: shutdown FollowerState
2019-10-23 12:36:41,441 [grpc-default-executor-4] INFO  impl.RoleInfo (RoleInfo.java:updateAndGet(143)) - 389d5540-641f-48c2-a9df-60738dbad976: start FollowerState
2019-10-23 12:36:41,441 [Thread-1974] INFO  impl.FollowerState (FollowerState.java:run(117)) - 389d5540-641f-48c2-a9df-60738dbad976@group-AF49A4A4CA2A-FollowerState was interrupted: java.lang.InterruptedException: sleep interrupted
2019-10-23 12:36:41,455 [279bca68-3e74-4690-81cf-da5ab79b92f7@group-AF49A4A4CA2A-LeaderElection264] INFO  impl.LeaderElection (LeaderElection.java:logAndReturn(56)) - 279bca68-3e74-4690-81cf-da5ab79b92f7@group-AF49A4A4CA2A-LeaderElection264: Election REJECTED; received 2 response(s) [279bca68-3e74-4690-81cf-da5ab79b92f7<-daebe4f8-0ad9-4eb2-8ed7-3a8051847eb6#0:FAIL-t286, 279bca68-3e74-4690-81cf-da5ab79b92f7<-389d5540-641f-48c2-a9df-60738dbad976#0:FAIL-t286] and 0 exception(s); 279bca68-3e74-4690-81cf-da5ab79b92f7@group-AF49A4A4CA2A:t286, leader=null, voted=279bca68-3e74-4690-81cf-da5ab79b92f7, raftlog=279bca68-3e74-4690-81cf-da5ab79b92f7@group-AF49A4A4CA2A-SegmentedRaftLog:OPENED:c-1,f-1,i0, conf=-1: [daebe4f8-0ad9-4eb2-8ed7-3a8051847eb6:192.168.69.118:44860, 389d5540-641f-48c2-a9df-60738dbad976:192.168.69.118:45712, 279bca68-3e74-4690-81cf-da5ab79b92f7:192.168.69.118:45510], old=null
2019-10-23 12:36:41,455 [279bca68-3e74-4690-81cf-da5ab79b92f7@group-AF49A4A4CA2A-LeaderElection264] INFO  impl.RaftServerImpl (RaftServerImpl.java:setRole(184)) - 279bca68-3e74-4690-81cf-da5ab79b92f7@group-AF49A4A4CA2A: changes role from CANDIDATE to FOLLOWER at term 286 for DISCOVERED_A_NEW_TERM
2019-10-23 12:36:41,455 [279bca68-3e74-4690-81cf-da5ab79b92f7@group-AF49A4A4CA2A-LeaderElection264] INFO  impl.RoleInfo (RoleInfo.java:shutdownLeaderElection(134)) - 279bca68-3e74-4690-81cf-da5ab79b92f7: shutdown LeaderElection
2019-10-23 12:36:41,455 [279bca68-3e74-4690-81cf-da5ab79b92f7@group-AF49A4A4CA2A-LeaderElection264] INFO  impl.RoleInfo (RoleInfo.java:updateAndGet(143)) - 279bca68-3e74-4690-81cf-da5ab79b92f7: start FollowerState
2019-10-23 12:36:41,587 [Thread-1981] INFO  impl.FollowerState (FollowerState.java:run(108)) - 279bca68-3e74-4690-81cf-da5ab79b92f7@group-AF49A4A4CA2A-FollowerState: change to CANDIDATE, lastRpcTime:131ms, electionTimeout:131ms
2019-10-23 12:36:41,587 [Thread-1981] INFO  impl.RoleInfo (RoleInfo.java:shutdownFollowerState(121)) - 279bca68-3e74-4690-81cf-da5ab79b92f7: shutdown FollowerState
2019-10-23 12:36:41,587 [Thread-1981] INFO  impl.RaftServerImpl (RaftServerImpl.java:setRole(184)) - 279bca68-3e74-4690-81cf-da5ab79b92f7@group-AF49A4A4CA2A: changes role from  FOLLOWER to CANDIDATE at term 286 for changeToCandidate
2019-10-23 12:36:41,587 [Thread-1981] INFO  impl.RoleInfo (RoleInfo.java:updateAndGet(143)) - 279bca68-3e74-4690-81cf-da5ab79b92f7: start LeaderElection
2019-10-23 12:36:41,602 [279bca68-3e74-4690-81cf-da5ab79b92f7@group-AF49A4A4CA2A-LeaderElection265] INFO  impl.LeaderElection (LeaderElection.java:askForVotes(178)) - 279bca68-3e74-4690-81cf-da5ab79b92f7@group-AF49A4A4CA2A-LeaderElection265: begin an election at term 287 for -1: [daebe4f8-0ad9-4eb2-8ed7-3a8051847eb6:192.168.69.118:44860, 389d5540-641f-48c2-a9df-60738dbad976:192.168.69.118:45712, 279bca68-3e74-4690-81cf-da5ab79b92f7:192.168.69.118:45510], old=null
2019-10-23 12:36:41,604 [grpc-default-executor-4] INFO  impl.RaftServerImpl (RaftServerImpl.java:setRole(184)) - daebe4f8-0ad9-4eb2-8ed7-3a8051847eb6@group-AF49A4A4CA2A: changes role from  FOLLOWER to FOLLOWER at term 287 for recognizeCandidate:279bca68-3e74-4690-81cf-da5ab79b92f7
2019-10-23 12:36:41,604 [grpc-default-executor-3] INFO  impl.RaftServerImpl (RaftServerImpl.java:setRole(184)) - 389d5540-641f-48c2-a9df-60738dbad976@group-AF49A4A4CA2A: changes role from  FOLLOWER to FOLLOWER at term 287 for recognizeCandidate:279bca68-3e74-4690-81cf-da5ab79b92f7
2019-10-23 12:36:41,604 [grpc-default-executor-4] INFO  impl.RoleInfo (RoleInfo.java:shutdownFollowerState(121)) - daebe4f8-0ad9-4eb2-8ed7-3a8051847eb6: shutdown FollowerState
2019-10-23 12:36:41,604 [grpc-default-executor-3] INFO  impl.RoleInfo (RoleInfo.java:shutdownFollowerState(121)) - 389d5540-641f-48c2-a9df-60738dbad976: shutdown FollowerState
2019-10-23 12:36:41,604 [Thread-1979] INFO  impl.FollowerState (FollowerState.java:run(117)) - daebe4f8-0ad9-4eb2-8ed7-3a8051847eb6@group-AF49A4A4CA2A-FollowerState was interrupted: java.lang.InterruptedException: sleep interrupted
2019-10-23 12:36:41,604 [grpc-default-executor-4] INFO  impl.RoleInfo (RoleInfo.java:updateAndGet(143)) - daebe4f8-0ad9-4eb2-8ed7-3a8051847eb6: start FollowerState
2019-10-23 12:36:41,605 [grpc-default-executor-3] INFO  impl.RoleInfo (RoleInfo.java:updateAndGet(143)) - 389d5540-641f-48c2-a9df-60738dbad976: start FollowerState
2019-10-23 12:36:41,605 [Thread-1980] INFO  impl.FollowerState (FollowerState.java:run(117)) - 389d5540-641f-48c2-a9df-60738dbad976@group-AF49A4A4CA2A-FollowerState was interrupted: java.lang.InterruptedException: sleep interrupted
2019-10-23 12:36:41,632 [279bca68-3e74-4690-81cf-da5ab79b92f7@group-AF49A4A4CA2A-LeaderElection265] INFO  impl.LeaderElection (LeaderElection.java:logAndReturn(56)) - 279bca68-3e74-4690-81cf-da5ab79b92f7@group-AF49A4A4CA2A-LeaderElection265: Election REJECTED; received 2 response(s) [279bca68-3e74-4690-81cf-da5ab79b92f7<-daebe4f8-0ad9-4eb2-8ed7-3a8051847eb6#0:FAIL-t287, 279bca68-3e74-4690-81cf-da5ab79b92f7<-389d5540-641f-48c2-a9df-60738dbad976#0:FAIL-t287] and 0 exception(s); 279bca68-3e74-4690-81cf-da5ab79b92f7@group-AF49A4A4CA2A:t287, leader=null, voted=279bca68-3e74-4690-81cf-da5ab79b92f7, raftlog=279bca68-3e74-4690-81cf-da5ab79b92f7@group-AF49A4A4CA2A-SegmentedRaftLog:OPENED:c-1,f-1,i0, conf=-1: [daebe4f8-0ad9-4eb2-8ed7-3a8051847eb6:192.168.69.118:44860, 389d5540-641f-48c2-a9df-60738dbad976:192.168.69.118:45712, 279bca68-3e74-4690-81cf-da5ab79b92f7:192.168.69.118:45510], old=null
2019-10-23 12:36:41,632 [279bca68-3e74-4690-81cf-da5ab79b92f7@group-AF49A4A4CA2A-LeaderElection265] INFO  impl.RaftServerImpl (RaftServerImpl.java:setRole(184)) - 279bca68-3e74-4690-81cf-da5ab79b92f7@group-AF49A4A4CA2A: changes role from CANDIDATE to FOLLOWER at term 287 for DISCOVERED_A_NEW_TERM
2019-10-23 12:36:41,632 [279bca68-3e74-4690-81cf-da5ab79b92f7@group-AF49A4A4CA2A-LeaderElection265] INFO  impl.RoleInfo (RoleInfo.java:shutdownLeaderElection(134)) - 279bca68-3e74-4690-81cf-da5ab79b92f7: shutdown LeaderElection
2019-10-23 12:36:41,632 [279bca68-3e74-4690-81cf-da5ab79b92f7@group-AF49A4A4CA2A-LeaderElection265] INFO  impl.RoleInfo (RoleInfo.java:updateAndGet(143)) - 279bca68-3e74-4690-81cf-da5ab79b92f7: start FollowerState
2019-10-23 12:36:41,737 [Thread-1987] INFO  impl.FollowerState (FollowerState.java:run(108)) - 279bca68-3e74-4690-81cf-da5ab79b92f7@group-AF49A4A4CA2A-FollowerState: change to CANDIDATE, lastRpcTime:104ms, electionTimeout:104ms
2019-10-23 12:36:41,737 [Thread-1987] INFO  impl.RoleInfo (RoleInfo.java:shutdownFollowerState(121)) - 279bca68-3e74-4690-81cf-da5ab79b92f7: shutdown FollowerState
2019-10-23 12:36:41,737 [Thread-1987] INFO  impl.RaftServerImpl (RaftServerImpl.java:setRole(184)) - 279bca68-3e74-4690-81cf-da5ab79b92f7@group-AF49A4A4CA2A: changes role from  FOLLOWER to CANDIDATE at term 287 for changeToCandidate
2019-10-23 12:36:41,738 [Thread-1987] INFO  impl.RoleInfo (RoleInfo.java:updateAndGet(143)) - 279bca68-3e74-4690-81cf-da5ab79b92f7: start LeaderElection
2019-10-23 12:36:41,752 [279bca68-3e74-4690-81cf-da5ab79b92f7@group-AF49A4A4CA2A-LeaderElection266] INFO  impl.LeaderElection (LeaderElection.java:askForVotes(178)) - 279bca68-3e74-4690-81cf-da5ab79b92f7@group-AF49A4A4CA2A-LeaderElection266: begin an election at term 288 for -1: [daebe4f8-0ad9-4eb2-8ed7-3a8051847eb6:192.168.69.118:44860, 389d5540-641f-48c2-a9df-60738dbad976:192.168.69.118:45712, 279bca68-3e74-4690-81cf-da5ab79b92f7:192.168.69.118:45510], old=null
2019-10-23 12:36:41,755 [grpc-default-executor-3] INFO  impl.RaftServerImpl (RaftServerImpl.java:setRole(184)) - daebe4f8-0ad9-4eb2-8ed7-3a8051847eb6@group-AF49A4A4CA2A: changes role from  FOLLOWER to FOLLOWER at term 288 for recognizeCandidate:279bca68-3e74-4690-81cf-da5ab79b92f7
2019-10-23 12:36:41,755 [grpc-default-executor-3] INFO  impl.RoleInfo (RoleInfo.java:shutdownFollowerState(121)) - daebe4f8-0ad9-4eb2-8ed7-3a8051847eb6: shutdown FollowerState
2019-10-23 12:36:41,755 [grpc-default-executor-4] INFO  impl.RaftServerImpl (RaftServerImpl.java:setRole(184)) - 389d5540-641f-48c2-a9df-60738dbad976@group-AF49A4A4CA2A: changes role from  FOLLOWER to FOLLOWER at term 288 for recognizeCandidate:279bca68-3e74-4690-81cf-da5ab79b92f7
2019-10-23 12:36:41,755 [Thread-1985] INFO  impl.FollowerState (FollowerState.java:run(117)) - daebe4f8-0ad9-4eb2-8ed7-3a8051847eb6@group-AF49A4A4CA2A-FollowerState was interrupted: java.lang.InterruptedException: sleep interrupted
2019-10-23 12:36:41,755 [grpc-default-executor-3] INFO  impl.RoleInfo (RoleInfo.java:updateAndGet(143)) - daebe4f8-0ad9-4eb2-8ed7-3a8051847eb6: start FollowerState
2019-10-23 12:36:41,755 [grpc-default-executor-4] INFO  impl.RoleInfo (RoleInfo.java:shutdownFollowerState(121)) - 389d5540-641f-48c2-a9df-60738dbad976: shutdown FollowerState
2019-10-23 12:36:41,756 [grpc-default-executor-4] INFO  impl.RoleInfo (RoleInfo.java:updateAndGet(143)) - 389d5540-641f-48c2-a9df-60738dbad976: start FollowerState
2019-10-23 12:36:41,756 [Thread-1986] INFO  impl.FollowerState (FollowerState.java:run(117)) - 389d5540-641f-48c2-a9df-60738dbad976@group-AF49A4A4CA2A-FollowerState was interrupted: java.lang.InterruptedException: sleep interrupted
2019-10-23 12:36:41,779 [279bca68-3e74-4690-81cf-da5ab79b92f7@group-AF49A4A4CA2A-LeaderElection266] INFO  impl.LeaderElection (LeaderElection.java:logAndReturn(56)) - 279bca68-3e74-4690-81cf-da5ab79b92f7@group-AF49A4A4CA2A-LeaderElection266: Election REJECTED; received 2 response(s) [279bca68-3e74-4690-81cf-da5ab79b92f7<-daebe4f8-0ad9-4eb2-8ed7-3a8051847eb6#0:FAIL-t288, 279bca68-3e74-4690-81cf-da5ab79b92f7<-389d5540-641f-48c2-a9df-60738dbad976#0:FAIL-t288] and 0 exception(s); 279bca68-3e74-4690-81cf-da5ab79b92f7@group-AF49A4A4CA2A:t288, leader=null, voted=279bca68-3e74-4690-81cf-da5ab79b92f7, raftlog=279bca68-3e74-4690-81cf-da5ab79b92f7@group-AF49A4A4CA2A-SegmentedRaftLog:OPENED:c-1,f-1,i0, conf=-1: [daebe4f8-0ad9-4eb2-8ed7-3a8051847eb6:192.168.69.118:44860, 389d5540-641f-48c2-a9df-60738dbad976:192.168.69.118:45712, 279bca68-3e74-4690-81cf-da5ab79b92f7:192.168.69.118:45510], old=null
2019-10-23 12:36:41,779 [279bca68-3e74-4690-81cf-da5ab79b92f7@group-AF49A4A4CA2A-LeaderElection266] INFO  impl.RaftServerImpl (RaftServerImpl.java:setRole(184)) - 279bca68-3e74-4690-81cf-da5ab79b92f7@group-AF49A4A4CA2A: changes role from CANDIDATE to FOLLOWER at term 288 for DISCOVERED_A_NEW_TERM
2019-10-23 12:36:41,779 [279bca68-3e74-4690-81cf-da5ab79b92f7@group-AF49A4A4CA2A-LeaderElection266] INFO  impl.RoleInfo (RoleInfo.java:shutdownLeaderElection(134)) - 279bca68-3e74-4690-81cf-da5ab79b92f7: shutdown LeaderElection
2019-10-23 12:36:41,779 [279bca68-3e74-4690-81cf-da5ab79b92f7@group-AF49A4A4CA2A-LeaderElection266] INFO  impl.RoleInfo (RoleInfo.java:updateAndGet(143)) - 279bca68-3e74-4690-81cf-da5ab79b92f7: start FollowerState
2019-10-23 12:36:41,936 [Thread-1993] INFO  impl.FollowerState (FollowerState.java:run(108)) - 279bca68-3e74-4690-81cf-da5ab79b92f7@group-AF49A4A4CA2A-FollowerState: change to CANDIDATE, lastRpcTime:156ms, electionTimeout:156ms
2019-10-23 12:36:41,936 [Thread-1993] INFO  impl.RoleInfo (RoleInfo.java:shutdownFollowerState(121)) - 279bca68-3e74-4690-81cf-da5ab79b92f7: shutdown FollowerState
2019-10-23 12:36:41,936 [Thread-1993] INFO  impl.RaftServerImpl (RaftServerImpl.java:setRole(184)) - 279bca68-3e74-4690-81cf-da5ab79b92f7@group-AF49A4A4CA2A: changes role from  FOLLOWER to CANDIDATE at term 288 for changeToCandidate
2019-10-23 12:36:41,936 [Thread-1993] INFO  impl.RoleInfo (RoleInfo.java:updateAndGet(143)) - 279bca68-3e74-4690-81cf-da5ab79b92f7: start LeaderElection
2019-10-23 12:36:41,945 [279bca68-3e74-4690-81cf-da5ab79b92f7@group-AF49A4A4CA2A-LeaderElection267] INFO  impl.LeaderElection (LeaderElection.java:askForVotes(178)) - 279bca68-3e74-4690-81cf-da5ab79b92f7@group-AF49A4A4CA2A-LeaderElection267: begin an election at term 289 for -1: [daebe4f8-0ad9-4eb2-8ed7-3a8051847eb6:192.168.69.118:44860, 389d5540-641f-48c2-a9df-60738dbad976:192.168.69.118:45712, 279bca68-3e74-4690-81cf-da5ab79b92f7:192.168.69.118:45510], old=null
2019-10-23 12:36:41,948 [grpc-default-executor-3] INFO  impl.RaftServerImpl (RaftServerImpl.java:setRole(184)) - 389d5540-641f-48c2-a9df-60738dbad976@group-AF49A4A4CA2A: changes role from  FOLLOWER to FOLLOWER at term 289 for recognizeCandidate:279bca68-3e74-4690-81cf-da5ab79b92f7
2019-10-23 12:36:41,948 [grpc-default-executor-4] INFO  impl.RaftServerImpl (RaftServerImpl.java:setRole(184)) - daebe4f8-0ad9-4eb2-8ed7-3a8051847eb6@group-AF49A4A4CA2A: changes role from  FOLLOWER to FOLLOWER at term 289 for recognizeCandidate:279bca68-3e74-4690-81cf-da5ab79b92f7
2019-10-23 12:36:41,948 [grpc-default-executor-3] INFO  impl.RoleInfo (RoleInfo.java:shutdownFollowerState(121)) - 389d5540-641f-48c2-a9df-60738dbad976: shutdown FollowerState
2019-10-23 12:36:41,948 [grpc-default-executor-4] INFO  impl.RoleInfo (RoleInfo.java:shutdownFollowerState(121)) - daebe4f8-0ad9-4eb2-8ed7-3a8051847eb6: shutdown FollowerState
2019-10-23 12:36:41,949 [grpc-default-executor-3] INFO  impl.RoleInfo (RoleInfo.java:updateAndGet(143)) - 389d5540-641f-48c2-a9df-60738dbad976: start FollowerState
2019-10-23 12:36:41,949 [Thread-1992] INFO  impl.FollowerState (FollowerState.java:run(117)) - 389d5540-641f-48c2-a9df-60738dbad976@group-AF49A4A4CA2A-FollowerState was interrupted: java.lang.InterruptedException: sleep interrupted
2019-10-23 12:36:41,949 [grpc-default-executor-4] INFO  impl.RoleInfo (RoleInfo.java:updateAndGet(143)) - daebe4f8-0ad9-4eb2-8ed7-3a8051847eb6: start FollowerState
2019-10-23 12:36:41,949 [Thread-1991] INFO  impl.FollowerState (FollowerState.java:run(117)) - daebe4f8-0ad9-4eb2-8ed7-3a8051847eb6@group-AF49A4A4CA2A-FollowerState was interrupted: java.lang.InterruptedException: sleep interrupted
2019-10-23 12:36:41,965 [279bca68-3e74-4690-81cf-da5ab79b92f7@group-AF49A4A4CA2A-LeaderElection267] INFO  impl.LeaderElection (LeaderElection.java:logAndReturn(56)) - 279bca68-3e74-4690-81cf-da5ab79b92f7@group-AF49A4A4CA2A-LeaderElection267: Election REJECTED; received 2 response(s) [279bca68-3e74-4690-81cf-da5ab79b92f7<-daebe4f8-0ad9-4eb2-8ed7-3a8051847eb6#0:FAIL-t289, 279bca68-3e74-4690-81cf-da5ab79b92f7<-389d5540-641f-48c2-a9df-60738dbad976#0:FAIL-t289] and 0 exception(s); 279bca68-3e74-4690-81cf-da5ab79b92f7@group-AF49A4A4CA2A:t289, leader=null, voted=279bca68-3e74-4690-81cf-da5ab79b92f7, raftlog=279bca68-3e74-4690-81cf-da5ab79b92f7@group-AF49A4A4CA2A-SegmentedRaftLog:OPENED:c-1,f-1,i0, conf=-1: [daebe4f8-0ad9-4eb2-8ed7-3a8051847eb6:192.168.69.118:44860, 389d5540-641f-48c2-a9df-60738dbad976:192.168.69.118:45712, 279bca68-3e74-4690-81cf-da5ab79b92f7:192.168.69.118:45510], old=null
2019-10-23 12:36:41,965 [279bca68-3e74-4690-81cf-da5ab79b92f7@group-AF49A4A4CA2A-LeaderElection267] INFO  impl.RaftServerImpl (RaftServerImpl.java:setRole(184)) - 279bca68-3e74-4690-81cf-da5ab79b92f7@group-AF49A4A4CA2A: changes role from CANDIDATE to FOLLOWER at term 289 for DISCOVERED_A_NEW_TERM
2019-10-23 12:36:41,966 [279bca68-3e74-4690-81cf-da5ab79b92f7@group-AF49A4A4CA2A-LeaderElection267] INFO  impl.RoleInfo (RoleInfo.java:shutdownLeaderElection(134)) - 279bca68-3e74-4690-81cf-da5ab79b92f7: shutdown LeaderElection
2019-10-23 12:36:41,966 [279bca68-3e74-4690-81cf-da5ab79b92f7@group-AF49A4A4CA2A-LeaderElection267] INFO  impl.RoleInfo (RoleInfo.java:updateAndGet(143)) - 279bca68-3e74-4690-81cf-da5ab79b92f7: start FollowerState
2019-10-23 12:36:42,101 [Thread-1999] INFO  impl.FollowerState (FollowerState.java:run(108)) - 279bca68-3e74-4690-81cf-da5ab79b92f7@group-AF49A4A4CA2A-FollowerState: change to CANDIDATE, lastRpcTime:135ms, electionTimeout:135ms
2019-10-23 12:36:42,102 [Thread-1999] INFO  impl.RoleInfo (RoleInfo.java:shutdownFollowerState(121)) - 279bca68-3e74-4690-81cf-da5ab79b92f7: shutdown FollowerState
2019-10-23 12:36:42,102 [Thread-1999] INFO  impl.RaftServerImpl (RaftServerImpl.java:setRole(184)) - 279bca68-3e74-4690-81cf-da5ab79b92f7@group-AF49A4A4CA2A: changes role from  FOLLOWER to CANDIDATE at term 289 for changeToCandidate
2019-10-23 12:36:42,102 [Thread-1999] INFO  impl.RoleInfo (RoleInfo.java:updateAndGet(143)) - 279bca68-3e74-4690-81cf-da5ab79b92f7: start LeaderElection
2019-10-23 12:36:42,115 [279bca68-3e74-4690-81cf-da5ab79b92f7@group-AF49A4A4CA2A-LeaderElection268] INFO  impl.LeaderElection (LeaderElection.java:askForVotes(178)) - 279bca68-3e74-4690-81cf-da5ab79b92f7@group-AF49A4A4CA2A-LeaderElection268: begin an election at term 290 for -1: [daebe4f8-0ad9-4eb2-8ed7-3a8051847eb6:192.168.69.118:44860, 389d5540-641f-48c2-a9df-60738dbad976:192.168.69.118:45712, 279bca68-3e74-4690-81cf-da5ab79b92f7:192.168.69.118:45510], old=null
2019-10-23 12:36:42,119 [grpc-default-executor-3] INFO  impl.RaftServerImpl (RaftServerImpl.java:setRole(184)) - daebe4f8-0ad9-4eb2-8ed7-3a8051847eb6@group-AF49A4A4CA2A: changes role from  FOLLOWER to FOLLOWER at term 290 for recognizeCandidate:279bca68-3e74-4690-81cf-da5ab79b92f7
2019-10-23 12:36:42,119 [grpc-default-executor-3] INFO  impl.RoleInfo (RoleInfo.java:shutdownFollowerState(121)) - daebe4f8-0ad9-4eb2-8ed7-3a8051847eb6: shutdown FollowerState
2019-10-23 12:36:42,119 [grpc-default-executor-4] INFO  impl.RaftServerImpl (RaftServerImpl.java:setRole(184)) - 389d5540-641f-48c2-a9df-60738dbad976@group-AF49A4A4CA2A: changes role from  FOLLOWER to FOLLOWER at term 290 for recognizeCandidate:279bca68-3e74-4690-81cf-da5ab79b92f7
2019-10-23 12:36:42,119 [Thread-1998] INFO  impl.FollowerState (FollowerState.java:run(117)) - daebe4f8-0ad9-4eb2-8ed7-3a8051847eb6@group-AF49A4A4CA2A-FollowerState was interrupted: java.lang.InterruptedException: sleep interrupted
2019-10-23 12:36:42,119 [grpc-default-executor-3] INFO  impl.RoleInfo (RoleInfo.java:updateAndGet(143)) - daebe4f8-0ad9-4eb2-8ed7-3a8051847eb6: start FollowerState
2019-10-23 12:36:42,119 [grpc-default-executor-4] INFO  impl.RoleInfo (RoleInfo.java:shutdownFollowerState(121)) - 389d5540-641f-48c2-a9df-60738dbad976: shutdown FollowerState
2019-10-23 12:36:42,120 [grpc-default-executor-4] INFO  impl.RoleInfo (RoleInfo.java:updateAndGet(143)) - 389d5540-641f-48c2-a9df-60738dbad976: start FollowerState
2019-10-23 12:36:42,120 [Thread-1997] INFO  impl.FollowerState (FollowerState.java:run(117)) - 389d5540-641f-48c2-a9df-60738dbad976@group-AF49A4A4CA2A-FollowerState was interrupted: java.lang.InterruptedException: sleep interrupted
2019-10-23 12:36:42,127 [279bca68-3e74-4690-81cf-da5ab79b92f7@group-AF49A4A4CA2A-LeaderElection268] INFO  impl.LeaderElection (LeaderElection.java:logAndReturn(56)) - 279bca68-3e74-4690-81cf-da5ab79b92f7@group-AF49A4A4CA2A-LeaderElection268: Election TIMEOUT; received 0 response(s) [] and 0 exception(s); 279bca68-3e74-4690-81cf-da5ab79b92f7@group-AF49A4A4CA2A:t290, leader=null, voted=279bca68-3e74-4690-81cf-da5ab79b92f7, raftlog=279bca68-3e74-4690-81cf-da5ab79b92f7@group-AF49A4A4CA2A-SegmentedRaftLog:OPENED:c-1,f-1,i0, conf=-1: [daebe4f8-0ad9-4eb2-8ed7-3a8051847eb6:192.168.69.118:44860, 389d5540-641f-48c2-a9df-60738dbad976:192.168.69.118:45712, 279bca68-3e74-4690-81cf-da5ab79b92f7:192.168.69.118:45510], old=null
2019-10-23 12:36:42,139 [279bca68-3e74-4690-81cf-da5ab79b92f7@group-AF49A4A4CA2A-LeaderElection268] INFO  impl.LeaderElection (LeaderElection.java:askForVotes(178)) - 279bca68-3e74-4690-81cf-da5ab79b92f7@group-AF49A4A4CA2A-LeaderElection268: begin an election at term 291 for -1: [daebe4f8-0ad9-4eb2-8ed7-3a8051847eb6:192.168.69.118:44860, 389d5540-641f-48c2-a9df-60738dbad976:192.168.69.118:45712, 279bca68-3e74-4690-81cf-da5ab79b92f7:192.168.69.118:45510], old=null
2019-10-23 12:36:42,141 [grpc-default-executor-4] INFO  impl.RaftServerImpl (RaftServerImpl.java:setRole(184)) - daebe4f8-0ad9-4eb2-8ed7-3a8051847eb6@group-AF49A4A4CA2A: changes role from  FOLLOWER to FOLLOWER at term 291 for recognizeCandidate:279bca68-3e74-4690-81cf-da5ab79b92f7
2019-10-23 12:36:42,141 [grpc-default-executor-4] INFO  impl.RoleInfo (RoleInfo.java:shutdownFollowerState(121)) - daebe4f8-0ad9-4eb2-8ed7-3a8051847eb6: shutdown FollowerState
2019-10-23 12:36:42,142 [grpc-default-executor-4] INFO  impl.RoleInfo (RoleInfo.java:updateAndGet(143)) - daebe4f8-0ad9-4eb2-8ed7-3a8051847eb6: start FollowerState
2019-10-23 12:36:42,142 [Thread-2003] INFO  impl.FollowerState (FollowerState.java:run(117)) - daebe4f8-0ad9-4eb2-8ed7-3a8051847eb6@group-AF49A4A4CA2A-FollowerState was interrupted: java.lang.InterruptedException: sleep interrupted
2019-10-23 12:36:42,142 [grpc-default-executor-3] INFO  impl.RaftServerImpl (RaftServerImpl.java:setRole(184)) - 389d5540-641f-48c2-a9df-60738dbad976@group-AF49A4A4CA2A: changes role from  FOLLOWER to FOLLOWER at term 291 for recognizeCandidate:279bca68-3e74-4690-81cf-da5ab79b92f7
2019-10-23 12:36:42,142 [grpc-default-executor-3] INFO  impl.RoleInfo (RoleInfo.java:shutdownFollowerState(121)) - 389d5540-641f-48c2-a9df-60738dbad976: shutdown FollowerState
2019-10-23 12:36:42,142 [grpc-default-executor-3] INFO  impl.RoleInfo (RoleInfo.java:updateAndGet(143)) - 389d5540-641f-48c2-a9df-60738dbad976: start FollowerState
2019-10-23 12:36:42,142 [Thread-2004] INFO  impl.FollowerState (FollowerState.java:run(117)) - 389d5540-641f-48c2-a9df-60738dbad976@group-AF49A4A4CA2A-FollowerState was interrupted: java.lang.InterruptedException: sleep interrupted
2019-10-23 12:36:42,150 [279bca68-3e74-4690-81cf-da5ab79b92f7@group-AF49A4A4CA2A-LeaderElection268] INFO  impl.LeaderElection (LeaderElection.java:logAndReturn(56)) - 279bca68-3e74-4690-81cf-da5ab79b92f7@group-AF49A4A4CA2A-LeaderElection268: Election REJECTED; received 2 response(s) [279bca68-3e74-4690-81cf-da5ab79b92f7<-daebe4f8-0ad9-4eb2-8ed7-3a8051847eb6#0:FAIL-t291, 279bca68-3e74-4690-81cf-da5ab79b92f7<-389d5540-641f-48c2-a9df-60738dbad976#0:FAIL-t291] and 0 exception(s); 279bca68-3e74-4690-81cf-da5ab79b92f7@group-AF49A4A4CA2A:t291, leader=null, voted=279bca68-3e74-4690-81cf-da5ab79b92f7, raftlog=279bca68-3e74-4690-81cf-da5ab79b92f7@group-AF49A4A4CA2A-SegmentedRaftLog:OPENED:c-1,f-1,i0, conf=-1: [daebe4f8-0ad9-4eb2-8ed7-3a8051847eb6:192.168.69.118:44860, 389d5540-641f-48c2-a9df-60738dbad976:192.168.69.118:45712, 279bca68-3e74-4690-81cf-da5ab79b92f7:192.168.69.118:45510], old=null
2019-10-23 12:36:42,150 [279bca68-3e74-4690-81cf-da5ab79b92f7@group-AF49A4A4CA2A-LeaderElection268] INFO  impl.RaftServerImpl (RaftServerImpl.java:setRole(184)) - 279bca68-3e74-4690-81cf-da5ab79b92f7@group-AF49A4A4CA2A: changes role from CANDIDATE to FOLLOWER at term 291 for DISCOVERED_A_NEW_TERM
2019-10-23 12:36:42,151 [279bca68-3e74-4690-81cf-da5ab79b92f7@group-AF49A4A4CA2A-LeaderElection268] INFO  impl.RoleInfo (RoleInfo.java:shutdownLeaderElection(134)) - 279bca68-3e74-4690-81cf-da5ab79b92f7: shutdown LeaderElection
2019-10-23 12:36:42,151 [279bca68-3e74-4690-81cf-da5ab79b92f7@group-AF49A4A4CA2A-LeaderElection268] INFO  impl.RoleInfo (RoleInfo.java:updateAndGet(143)) - 279bca68-3e74-4690-81cf-da5ab79b92f7: start FollowerState
2019-10-23 12:36:42,230 [Thread-2009] INFO  impl.FollowerState (FollowerState.java:run(108)) - 279bca68-3e74-4690-81cf-da5ab79b92f7@group-AF49A4A4CA2A-FollowerState: change to CANDIDATE, lastRpcTime:79ms, electionTimeout:79ms
2019-10-23 12:36:42,231 [Thread-2009] INFO  impl.RoleInfo (RoleInfo.java:shutdownFollowerState(121)) - 279bca68-3e74-4690-81cf-da5ab79b92f7: shutdown FollowerState
2019-10-23 12:36:42,238 [Thread-2009] INFO  impl.RaftServerImpl (RaftServerImpl.java:setRole(184)) - 279bca68-3e74-4690-81cf-da5ab79b92f7@group-AF49A4A4CA2A: changes role from  FOLLOWER to CANDIDATE at term 291 for changeToCandidate
2019-10-23 12:36:42,239 [Thread-2009] INFO  impl.RoleInfo (RoleInfo.java:updateAndGet(143)) - 279bca68-3e74-4690-81cf-da5ab79b92f7: start LeaderElection
2019-10-23 12:36:42,252 [279bca68-3e74-4690-81cf-da5ab79b92f7@group-AF49A4A4CA2A-LeaderElection269] INFO  impl.LeaderElection (LeaderElection.java:askForVotes(178)) - 279bca68-3e74-4690-81cf-da5ab79b92f7@group-AF49A4A4CA2A-LeaderElection269: begin an election at term 292 for -1: [daebe4f8-0ad9-4eb2-8ed7-3a8051847eb6:192.168.69.118:44860, 389d5540-641f-48c2-a9df-60738dbad976:192.168.69.118:45712, 279bca68-3e74-4690-81cf-da5ab79b92f7:192.168.69.118:45510], old=null
2019-10-23 12:36:42,254 [grpc-default-executor-4] INFO  impl.RaftServerImpl (RaftServerImpl.java:setRole(184)) - 389d5540-641f-48c2-a9df-60738dbad976@group-AF49A4A4CA2A: changes role from  FOLLOWER to FOLLOWER at term 292 for recognizeCandidate:279bca68-3e74-4690-81cf-da5ab79b92f7
2019-10-23 12:36:42,255 [grpc-default-executor-4] INFO  impl.RoleInfo (RoleInfo.java:shutdownFollowerState(121)) - 389d5540-641f-48c2-a9df-60738dbad976: shutdown FollowerState
2019-10-23 12:36:42,255 [grpc-default-executor-4] INFO  impl.RoleInfo (RoleInfo.java:updateAndGet(143)) - 389d5540-641f-48c2-a9df-60738dbad976: start FollowerState
2019-10-23 12:36:42,255 [Thread-2008] INFO  impl.FollowerState (FollowerState.java:run(117)) - 389d5540-641f-48c2-a9df-60738dbad976@group-AF49A4A4CA2A-FollowerState was interrupted: java.lang.InterruptedException: sleep interrupted
2019-10-23 12:36:42,255 [grpc-default-executor-3] INFO  impl.RaftServerImpl (RaftServerImpl.java:setRole(184)) - daebe4f8-0ad9-4eb2-8ed7-3a8051847eb6@group-AF49A4A4CA2A: changes role from  FOLLOWER to FOLLOWER at term 292 for recognizeCandidate:279bca68-3e74-4690-81cf-da5ab79b92f7
2019-10-23 12:36:42,255 [grpc-default-executor-3] INFO  impl.RoleInfo (RoleInfo.java:shutdownFollowerState(121)) - daebe4f8-0ad9-4eb2-8ed7-3a8051847eb6: shutdown FollowerState
2019-10-23 12:36:42,255 [grpc-default-executor-3] INFO  impl.RoleInfo (RoleInfo.java:updateAndGet(143)) - daebe4f8-0ad9-4eb2-8ed7-3a8051847eb6: start FollowerState
2019-10-23 12:36:42,256 [Thread-2007] INFO  impl.FollowerState (FollowerState.java:run(117)) - daebe4f8-0ad9-4eb2-8ed7-3a8051847eb6@group-AF49A4A4CA2A-FollowerState was interrupted: java.lang.InterruptedException: sleep interrupted
2019-10-23 12:36:42,270 [279bca68-3e74-4690-81cf-da5ab79b92f7@group-AF49A4A4CA2A-LeaderElection269] INFO  impl.LeaderElection (LeaderElection.java:logAndReturn(56)) - 279bca68-3e74-4690-81cf-da5ab79b92f7@group-AF49A4A4CA2A-LeaderElection269: Election REJECTED; received 2 response(s) [279bca68-3e74-4690-81cf-da5ab79b92f7<-daebe4f8-0ad9-4eb2-8ed7-3a8051847eb6#0:FAIL-t292, 279bca68-3e74-4690-81cf-da5ab79b92f7<-389d5540-641f-48c2-a9df-60738dbad976#0:FAIL-t292] and 0 exception(s); 279bca68-3e74-4690-81cf-da5ab79b92f7@group-AF49A4A4CA2A:t292, leader=null, voted=279bca68-3e74-4690-81cf-da5ab79b92f7, raftlog=279bca68-3e74-4690-81cf-da5ab79b92f7@group-AF49A4A4CA2A-SegmentedRaftLog:OPENED:c-1,f-1,i0, conf=-1: [daebe4f8-0ad9-4eb2-8ed7-3a8051847eb6:192.168.69.118:44860, 389d5540-641f-48c2-a9df-60738dbad976:192.168.69.118:45712, 279bca68-3e74-4690-81cf-da5ab79b92f7:192.168.69.118:45510], old=null
2019-10-23 12:36:42,270 [279bca68-3e74-4690-81cf-da5ab79b92f7@group-AF49A4A4CA2A-LeaderElection269] INFO  impl.RaftServerImpl (RaftServerImpl.java:setRole(184)) - 279bca68-3e74-4690-81cf-da5ab79b92f7@group-AF49A4A4CA2A: changes role from CANDIDATE to FOLLOWER at term 292 for DISCOVERED_A_NEW_TERM
2019-10-23 12:36:42,270 [279bca68-3e74-4690-81cf-da5ab79b92f7@group-AF49A4A4CA2A-LeaderElection269] INFO  impl.RoleInfo (RoleInfo.java:shutdownLeaderElection(134)) - 279bca68-3e74-4690-81cf-da5ab79b92f7: shutdown LeaderElection
2019-10-23 12:36:42,270 [279bca68-3e74-4690-81cf-da5ab79b92f7@group-AF49A4A4CA2A-LeaderElection269] INFO  impl.RoleInfo (RoleInfo.java:updateAndGet(143)) - 279bca68-3e74-4690-81cf-da5ab79b92f7: start FollowerState
2019-10-23 12:36:42,338 [Thread-2017] INFO  impl.FollowerState (FollowerState.java:run(108)) - 279bca68-3e74-4690-81cf-da5ab79b92f7@group-AF49A4A4CA2A-FollowerState: change to CANDIDATE, lastRpcTime:67ms, electionTimeout:67ms
2019-10-23 12:36:42,338 [Thread-2017] INFO  impl.RoleInfo (RoleInfo.java:shutdownFollowerState(121)) - 279bca68-3e74-4690-81cf-da5ab79b92f7: shutdown FollowerState
2019-10-23 12:36:42,338 [Thread-2017] INFO  impl.RaftServerImpl (RaftServerImpl.java:setRole(184)) - 279bca68-3e74-4690-81cf-da5ab79b92f7@group-AF49A4A4CA2A: changes role from  FOLLOWER to CANDIDATE at term 292 for changeToCandidate
2019-10-23 12:36:42,338 [Thread-2017] INFO  impl.RoleInfo (RoleInfo.java:updateAndGet(143)) - 279bca68-3e74-4690-81cf-da5ab79b92f7: start LeaderElection
2019-10-23 12:36:42,364 [279bca68-3e74-4690-81cf-da5ab79b92f7@group-AF49A4A4CA2A-LeaderElection270] INFO  impl.LeaderElection (LeaderElection.java:askForVotes(178)) - 279bca68-3e74-4690-81cf-da5ab79b92f7@group-AF49A4A4CA2A-LeaderElection270: begin an election at term 293 for -1: [daebe4f8-0ad9-4eb2-8ed7-3a8051847eb6:192.168.69.118:44860, 389d5540-641f-48c2-a9df-60738dbad976:192.168.69.118:45712, 279bca68-3e74-4690-81cf-da5ab79b92f7:192.168.69.118:45510], old=null
2019-10-23 12:36:42,366 [grpc-default-executor-3] INFO  impl.RaftServerImpl (RaftServerImpl.java:setRole(184)) - daebe4f8-0ad9-4eb2-8ed7-3a8051847eb6@group-AF49A4A4CA2A: changes role from  FOLLOWER to FOLLOWER at term 293 for recognizeCandidate:279bca68-3e74-4690-81cf-da5ab79b92f7
2019-10-23 12:36:42,367 [grpc-default-executor-3] INFO  impl.RoleInfo (RoleInfo.java:shutdownFollowerState(121)) - daebe4f8-0ad9-4eb2-8ed7-3a8051847eb6: shutdown FollowerState
2019-10-23 12:36:42,367 [grpc-default-executor-4] INFO  impl.RaftServerImpl (RaftServerImpl.java:setRole(184)) - 389d5540-641f-48c2-a9df-60738dbad976@group-AF49A4A4CA2A: changes role from  FOLLOWER to FOLLOWER at term 293 for recognizeCandidate:279bca68-3e74-4690-81cf-da5ab79b92f7
2019-10-23 12:36:42,367 [Thread-2016] INFO  impl.FollowerState (FollowerState.java:run(117)) - daebe4f8-0ad9-4eb2-8ed7-3a8051847eb6@group-AF49A4A4CA2A-FollowerState was interrupted: java.lang.InterruptedException: sleep interrupted
2019-10-23 12:36:42,367 [grpc-default-executor-3] INFO  impl.RoleInfo (RoleInfo.java:updateAndGet(143)) - daebe4f8-0ad9-4eb2-8ed7-3a8051847eb6: start FollowerState
2019-10-23 12:36:42,367 [grpc-default-executor-4] INFO  impl.RoleInfo (RoleInfo.java:shutdownFollowerState(121)) - 389d5540-641f-48c2-a9df-60738dbad976: shutdown FollowerState
2019-10-23 12:36:42,368 [grpc-default-executor-4] INFO  impl.RoleInfo (RoleInfo.java:updateAndGet(143)) - 389d5540-641f-48c2-a9df-60738dbad976: start FollowerState
2019-10-23 12:36:42,368 [Thread-2015] INFO  impl.FollowerState (FollowerState.java:run(117)) - 389d5540-641f-48c2-a9df-60738dbad976@group-AF49A4A4CA2A-FollowerState was interrupted: java.lang.InterruptedException: sleep interrupted
2019-10-23 12:36:42,383 [279bca68-3e74-4690-81cf-da5ab79b92f7@group-AF49A4A4CA2A-LeaderElection270] INFO  impl.LeaderElection (LeaderElection.java:logAndReturn(56)) - 279bca68-3e74-4690-81cf-da5ab79b92f7@group-AF49A4A4CA2A-LeaderElection270: Election REJECTED; received 2 response(s) [279bca68-3e74-4690-81cf-da5ab79b92f7<-daebe4f8-0ad9-4eb2-8ed7-3a8051847eb6#0:FAIL-t293, 279bca68-3e74-4690-81cf-da5ab79b92f7<-389d5540-641f-48c2-a9df-60738dbad976#0:FAIL-t293] and 0 exception(s); 279bca68-3e74-4690-81cf-da5ab79b92f7@group-AF49A4A4CA2A:t293, leader=null, voted=279bca68-3e74-4690-81cf-da5ab79b92f7, raftlog=279bca68-3e74-4690-81cf-da5ab79b92f7@group-AF49A4A4CA2A-SegmentedRaftLog:OPENED:c-1,f-1,i0, conf=-1: [daebe4f8-0ad9-4eb2-8ed7-3a8051847eb6:192.168.69.118:44860, 389d5540-641f-48c2-a9df-60738dbad976:192.168.69.118:45712, 279bca68-3e74-4690-81cf-da5ab79b92f7:192.168.69.118:45510], old=null
2019-10-23 12:36:42,384 [279bca68-3e74-4690-81cf-da5ab79b92f7@group-AF49A4A4CA2A-LeaderElection270] INFO  impl.RaftServerImpl (RaftServerImpl.java:setRole(184)) - 279bca68-3e74-4690-81cf-da5ab79b92f7@group-AF49A4A4CA2A: changes role from CANDIDATE to FOLLOWER at term 293 for DISCOVERED_A_NEW_TERM
2019-10-23 12:36:42,384 [279bca68-3e74-4690-81cf-da5ab79b92f7@group-AF49A4A4CA2A-LeaderElection270] INFO  impl.RoleInfo (RoleInfo.java:shutdownLeaderElection(134)) - 279bca68-3e74-4690-81cf-da5ab79b92f7: shutdown LeaderElection
2019-10-23 12:36:42,384 [279bca68-3e74-4690-81cf-da5ab79b92f7@group-AF49A4A4CA2A-LeaderElection270] INFO  impl.RoleInfo (RoleInfo.java:updateAndGet(143)) - 279bca68-3e74-4690-81cf-da5ab79b92f7: start FollowerState
2019-10-23 12:36:42,456 [Thread-2023] INFO  impl.FollowerState (FollowerState.java:run(108)) - 279bca68-3e74-4690-81cf-da5ab79b92f7@group-AF49A4A4CA2A-FollowerState: change to CANDIDATE, lastRpcTime:72ms, electionTimeout:72ms
2019-10-23 12:36:42,457 [Thread-2023] INFO  impl.RoleInfo (RoleInfo.java:shutdownFollowerState(121)) - 279bca68-3e74-4690-81cf-da5ab79b92f7: shutdown FollowerState
2019-10-23 12:36:42,457 [Thread-2023] INFO  impl.RaftServerImpl (RaftServerImpl.java:setRole(184)) - 279bca68-3e74-4690-81cf-da5ab79b92f7@group-AF49A4A4CA2A: changes role from  FOLLOWER to CANDIDATE at term 293 for changeToCandidate
2019-10-23 12:36:42,457 [Thread-2023] INFO  impl.RoleInfo (RoleInfo.java:updateAndGet(143)) - 279bca68-3e74-4690-81cf-da5ab79b92f7: start LeaderElection
2019-10-23 12:36:42,482 [279bca68-3e74-4690-81cf-da5ab79b92f7@group-AF49A4A4CA2A-LeaderElection271] INFO  impl.LeaderElection (LeaderElection.java:askForVotes(178)) - 279bca68-3e74-4690-81cf-da5ab79b92f7@group-AF49A4A4CA2A-LeaderElection271: begin an election at term 294 for -1: [daebe4f8-0ad9-4eb2-8ed7-3a8051847eb6:192.168.69.118:44860, 389d5540-641f-48c2-a9df-60738dbad976:192.168.69.118:45712, 279bca68-3e74-4690-81cf-da5ab79b92f7:192.168.69.118:45510], old=null
2019-10-23 12:36:42,485 [grpc-default-executor-4] INFO  impl.RaftServerImpl (RaftServerImpl.java:setRole(184)) - daebe4f8-0ad9-4eb2-8ed7-3a8051847eb6@group-AF49A4A4CA2A: changes role from  FOLLOWER to FOLLOWER at term 294 for recognizeCandidate:279bca68-3e74-4690-81cf-da5ab79b92f7
2019-10-23 12:36:42,485 [grpc-default-executor-4] INFO  impl.RoleInfo (RoleInfo.java:shutdownFollowerState(121)) - daebe4f8-0ad9-4eb2-8ed7-3a8051847eb6: shutdown FollowerState
2019-10-23 12:36:42,485 [grpc-default-executor-4] INFO  impl.RoleInfo (RoleInfo.java:updateAndGet(143)) - daebe4f8-0ad9-4eb2-8ed7-3a8051847eb6: start FollowerState
2019-10-23 12:36:42,485 [Thread-2021] INFO  impl.FollowerState (FollowerState.java:run(117)) - daebe4f8-0ad9-4eb2-8ed7-3a8051847eb6@group-AF49A4A4CA2A-FollowerState was interrupted: java.lang.InterruptedException: sleep interrupted
2019-10-23 12:36:42,486 [grpc-default-executor-3] INFO  impl.RaftServerImpl (RaftServerImpl.java:setRole(184)) - 389d5540-641f-48c2-a9df-60738dbad976@group-AF49A4A4CA2A: changes role from  FOLLOWER to FOLLOWER at term 294 for recognizeCandidate:279bca68-3e74-4690-81cf-da5ab79b92f7
2019-10-23 12:36:42,486 [grpc-default-executor-3] INFO  impl.RoleInfo (RoleInfo.java:shutdownFollowerState(121)) - 389d5540-641f-48c2-a9df-60738dbad976: shutdown FollowerState
2019-10-23 12:36:42,486 [grpc-default-executor-3] INFO  impl.RoleInfo (RoleInfo.java:updateAndGet(143)) - 389d5540-641f-48c2-a9df-60738dbad976: start FollowerState
2019-10-23 12:36:42,486 [Thread-2022] INFO  impl.FollowerState (FollowerState.java:run(117)) - 389d5540-641f-48c2-a9df-60738dbad976@group-AF49A4A4CA2A-FollowerState was interrupted: java.lang.InterruptedException: sleep interrupted
2019-10-23 12:36:42,500 [279bca68-3e74-4690-81cf-da5ab79b92f7@group-AF49A4A4CA2A-LeaderElection271] INFO  impl.LeaderElection (LeaderElection.java:logAndReturn(56)) - 279bca68-3e74-4690-81cf-da5ab79b92f7@group-AF49A4A4CA2A-LeaderElection271: Election REJECTED; received 2 response(s) [279bca68-3e74-4690-81cf-da5ab79b92f7<-daebe4f8-0ad9-4eb2-8ed7-3a8051847eb6#0:FAIL-t294, 279bca68-3e74-4690-81cf-da5ab79b92f7<-389d5540-641f-48c2-a9df-60738dbad976#0:FAIL-t294] and 0 exception(s); 279bca68-3e74-4690-81cf-da5ab79b92f7@group-AF49A4A4CA2A:t294, leader=null, voted=279bca68-3e74-4690-81cf-da5ab79b92f7, raftlog=279bca68-3e74-4690-81cf-da5ab79b92f7@group-AF49A4A4CA2A-SegmentedRaftLog:OPENED:c-1,f-1,i0, conf=-1: [daebe4f8-0ad9-4eb2-8ed7-3a8051847eb6:192.168.69.118:44860, 389d5540-641f-48c2-a9df-60738dbad976:192.168.69.118:45712, 279bca68-3e74-4690-81cf-da5ab79b92f7:192.168.69.118:45510], old=null
2019-10-23 12:36:42,500 [279bca68-3e74-4690-81cf-da5ab79b92f7@group-AF49A4A4CA2A-LeaderElection271] INFO  impl.RaftServerImpl (RaftServerImpl.java:setRole(184)) - 279bca68-3e74-4690-81cf-da5ab79b92f7@group-AF49A4A4CA2A: changes role from CANDIDATE to FOLLOWER at term 294 for DISCOVERED_A_NEW_TERM
2019-10-23 12:36:42,500 [279bca68-3e74-4690-81cf-da5ab79b92f7@group-AF49A4A4CA2A-LeaderElection271] INFO  impl.RoleInfo (RoleInfo.java:shutdownLeaderElection(134)) - 279bca68-3e74-4690-81cf-da5ab79b92f7: shutdown LeaderElection
2019-10-23 12:36:42,500 [279bca68-3e74-4690-81cf-da5ab79b92f7@group-AF49A4A4CA2A-LeaderElection271] INFO  impl.RoleInfo (RoleInfo.java:updateAndGet(143)) - 279bca68-3e74-4690-81cf-da5ab79b92f7: start FollowerState
2019-10-23 12:36:42,511 [Thread-2029] INFO  impl.FollowerState (FollowerState.java:run(108)) - 279bca68-3e74-4690-81cf-da5ab79b92f7@group-AF49A4A4CA2A-FollowerState: change to CANDIDATE, lastRpcTime:10ms, electionTimeout:10ms
2019-10-23 12:36:42,511 [Thread-2029] INFO  impl.RoleInfo (RoleInfo.java:shutdownFollowerState(121)) - 279bca68-3e74-4690-81cf-da5ab79b92f7: shutdown FollowerState
2019-10-23 12:36:42,511 [Thread-2029] INFO  impl.RaftServerImpl (RaftServerImpl.java:setRole(184)) - 279bca68-3e74-4690-81cf-da5ab79b92f7@group-AF49A4A4CA2A: changes role from  FOLLOWER to CANDIDATE at term 294 for changeToCandidate
2019-10-23 12:36:42,511 [Thread-2029] INFO  impl.RoleInfo (RoleInfo.java:updateAndGet(143)) - 279bca68-3e74-4690-81cf-da5ab79b92f7: start LeaderElection
2019-10-23 12:36:42,525 [279bca68-3e74-4690-81cf-da5ab79b92f7@group-AF49A4A4CA2A-LeaderElection272] INFO  impl.LeaderElection (LeaderElection.java:askForVotes(178)) - 279bca68-3e74-4690-81cf-da5ab79b92f7@group-AF49A4A4CA2A-LeaderElection272: begin an election at term 295 for -1: [daebe4f8-0ad9-4eb2-8ed7-3a8051847eb6:192.168.69.118:44860, 389d5540-641f-48c2-a9df-60738dbad976:192.168.69.118:45712, 279bca68-3e74-4690-81cf-da5ab79b92f7:192.168.69.118:45510], old=null
2019-10-23 12:36:42,528 [grpc-default-executor-4] INFO  impl.RaftServerImpl (RaftServerImpl.java:setRole(184)) - daebe4f8-0ad9-4eb2-8ed7-3a8051847eb6@group-AF49A4A4CA2A: changes role from  FOLLOWER to FOLLOWER at term 295 for recognizeCandidate:279bca68-3e74-4690-81cf-da5ab79b92f7
2019-10-23 12:36:42,528 [grpc-default-executor-4] INFO  impl.RoleInfo (RoleInfo.java:shutdownFollowerState(121)) - daebe4f8-0ad9-4eb2-8ed7-3a8051847eb6: shutdown FollowerState
2019-10-23 12:36:42,528 [grpc-default-executor-4] INFO  impl.RoleInfo (RoleInfo.java:updateAndGet(143)) - daebe4f8-0ad9-4eb2-8ed7-3a8051847eb6: start FollowerState
2019-10-23 12:36:42,528 [Thread-2027] INFO  impl.FollowerState (FollowerState.java:run(117)) - daebe4f8-0ad9-4eb2-8ed7-3a8051847eb6@group-AF49A4A4CA2A-FollowerState was interrupted: java.lang.InterruptedException: sleep interrupted
2019-10-23 12:36:42,529 [grpc-default-executor-3] INFO  impl.RaftServerImpl (RaftServerImpl.java:setRole(184)) - 389d5540-641f-48c2-a9df-60738dbad976@group-AF49A4A4CA2A: changes role from  FOLLOWER to FOLLOWER at term 295 for recognizeCandidate:279bca68-3e74-4690-81cf-da5ab79b92f7
2019-10-23 12:36:42,529 [grpc-default-executor-3] INFO  impl.RoleInfo (RoleInfo.java:shutdownFollowerState(121)) - 389d5540-641f-48c2-a9df-60738dbad976: shutdown FollowerState
2019-10-23 12:36:42,529 [grpc-default-executor-3] INFO  impl.RoleInfo (RoleInfo.java:updateAndGet(143)) - 389d5540-641f-48c2-a9df-60738dbad976: start FollowerState
2019-10-23 12:36:42,529 [Thread-2028] INFO  impl.FollowerState (FollowerState.java:run(117)) - 389d5540-641f-48c2-a9df-60738dbad976@group-AF49A4A4CA2A-FollowerState was interrupted: java.lang.InterruptedException: sleep interrupted
2019-10-23 12:36:42,543 [279bca68-3e74-4690-81cf-da5ab79b92f7@group-AF49A4A4CA2A-LeaderElection272] INFO  impl.LeaderElection (LeaderElection.java:logAndReturn(56)) - 279bca68-3e74-4690-81cf-da5ab79b92f7@group-AF49A4A4CA2A-LeaderElection272: Election REJECTED; received 2 response(s) [279bca68-3e74-4690-81cf-da5ab79b92f7<-daebe4f8-0ad9-4eb2-8ed7-3a8051847eb6#0:FAIL-t295, 279bca68-3e74-4690-81cf-da5ab79b92f7<-389d5540-641f-48c2-a9df-60738dbad976#0:FAIL-t295] and 0 exception(s); 279bca68-3e74-4690-81cf-da5ab79b92f7@group-AF49A4A4CA2A:t295, leader=null, voted=279bca68-3e74-4690-81cf-da5ab79b92f7, raftlog=279bca68-3e74-4690-81cf-da5ab79b92f7@group-AF49A4A4CA2A-SegmentedRaftLog:OPENED:c-1,f-1,i0, conf=-1: [daebe4f8-0ad9-4eb2-8ed7-3a8051847eb6:192.168.69.118:44860, 389d5540-641f-48c2-a9df-60738dbad976:192.168.69.118:45712, 279bca68-3e74-4690-81cf-da5ab79b92f7:192.168.69.118:45510], old=null
2019-10-23 12:36:42,543 [279bca68-3e74-4690-81cf-da5ab79b92f7@group-AF49A4A4CA2A-LeaderElection272] INFO  impl.RaftServerImpl (RaftServerImpl.java:setRole(184)) - 279bca68-3e74-4690-81cf-da5ab79b92f7@group-AF49A4A4CA2A: changes role from CANDIDATE to FOLLOWER at term 295 for DISCOVERED_A_NEW_TERM
2019-10-23 12:36:42,544 [279bca68-3e74-4690-81cf-da5ab79b92f7@group-AF49A4A4CA2A-LeaderElection272] INFO  impl.RoleInfo (RoleInfo.java:shutdownLeaderElection(134)) - 279bca68-3e74-4690-81cf-da5ab79b92f7: shutdown LeaderElection
2019-10-23 12:36:42,544 [279bca68-3e74-4690-81cf-da5ab79b92f7@group-AF49A4A4CA2A-LeaderElection272] INFO  impl.RoleInfo (RoleInfo.java:updateAndGet(143)) - 279bca68-3e74-4690-81cf-da5ab79b92f7: start FollowerState
2019-10-23 12:36:42,674 [Thread-2035] INFO  impl.FollowerState (FollowerState.java:run(108)) - 279bca68-3e74-4690-81cf-da5ab79b92f7@group-AF49A4A4CA2A-FollowerState: change to CANDIDATE, lastRpcTime:130ms, electionTimeout:130ms
2019-10-23 12:36:42,674 [Thread-2035] INFO  impl.RoleInfo (RoleInfo.java:shutdownFollowerState(121)) - 279bca68-3e74-4690-81cf-da5ab79b92f7: shutdown FollowerState
2019-10-23 12:36:42,674 [Thread-2035] INFO  impl.RaftServerImpl (RaftServerImpl.java:setRole(184)) - 279bca68-3e74-4690-81cf-da5ab79b92f7@group-AF49A4A4CA2A: changes role from  FOLLOWER to CANDIDATE at term 295 for changeToCandidate
2019-10-23 12:36:42,675 [Thread-2035] INFO  impl.RoleInfo (RoleInfo.java:updateAndGet(143)) - 279bca68-3e74-4690-81cf-da5ab79b92f7: start LeaderElection
2019-10-23 12:36:42,700 [279bca68-3e74-4690-81cf-da5ab79b92f7@group-AF49A4A4CA2A-LeaderElection273] INFO  impl.LeaderElection (LeaderElection.java:askForVotes(178)) - 279bca68-3e74-4690-81cf-da5ab79b92f7@group-AF49A4A4CA2A-LeaderElection273: begin an election at term 296 for -1: [daebe4f8-0ad9-4eb2-8ed7-3a8051847eb6:192.168.69.118:44860, 389d5540-641f-48c2-a9df-60738dbad976:192.168.69.118:45712, 279bca68-3e74-4690-81cf-da5ab79b92f7:192.168.69.118:45510], old=null
2019-10-23 12:36:42,703 [grpc-default-executor-4] INFO  impl.RaftServerImpl (RaftServerImpl.java:setRole(184)) - daebe4f8-0ad9-4eb2-8ed7-3a8051847eb6@group-AF49A4A4CA2A: changes role from  FOLLOWER to FOLLOWER at term 296 for recognizeCandidate:279bca68-3e74-4690-81cf-da5ab79b92f7
2019-10-23 12:36:42,703 [grpc-default-executor-4] INFO  impl.RoleInfo (RoleInfo.java:shutdownFollowerState(121)) - daebe4f8-0ad9-4eb2-8ed7-3a8051847eb6: shutdown FollowerState
2019-10-23 12:36:42,703 [grpc-default-executor-4] INFO  impl.RoleInfo (RoleInfo.java:updateAndGet(143)) - daebe4f8-0ad9-4eb2-8ed7-3a8051847eb6: start FollowerState
2019-10-23 12:36:42,703 [grpc-default-executor-3] INFO  impl.RaftServerImpl (RaftServerImpl.java:setRole(184)) - 389d5540-641f-48c2-a9df-60738dbad976@group-AF49A4A4CA2A: changes role from  FOLLOWER to FOLLOWER at term 296 for recognizeCandidate:279bca68-3e74-4690-81cf-da5ab79b92f7
2019-10-23 12:36:42,704 [grpc-default-executor-3] INFO  impl.RoleInfo (RoleInfo.java:shutdownFollowerState(121)) - 389d5540-641f-48c2-a9df-60738dbad976: shutdown FollowerState
2019-10-23 12:36:42,703 [Thread-2033] INFO  impl.FollowerState (FollowerState.java:run(117)) - daebe4f8-0ad9-4eb2-8ed7-3a8051847eb6@group-AF49A4A4CA2A-FollowerState was interrupted: java.lang.InterruptedException: sleep interrupted
2019-10-23 12:36:42,704 [grpc-default-executor-3] INFO  impl.RoleInfo (RoleInfo.java:updateAndGet(143)) - 389d5540-641f-48c2-a9df-60738dbad976: start FollowerState
2019-10-23 12:36:42,704 [Thread-2034] INFO  impl.FollowerState (FollowerState.java:run(117)) - 389d5540-641f-48c2-a9df-60738dbad976@group-AF49A4A4CA2A-FollowerState was interrupted: java.lang.InterruptedException: sleep interrupted
2019-10-23 12:36:42,718 [279bca68-3e74-4690-81cf-da5ab79b92f7@group-AF49A4A4CA2A-LeaderElection273] INFO  impl.LeaderElection (LeaderElection.java:logAndReturn(56)) - 279bca68-3e74-4690-81cf-da5ab79b92f7@group-AF49A4A4CA2A-LeaderElection273: Election REJECTED; received 2 response(s) [279bca68-3e74-4690-81cf-da5ab79b92f7<-daebe4f8-0ad9-4eb2-8ed7-3a8051847eb6#0:FAIL-t296, 279bca68-3e74-4690-81cf-da5ab79b92f7<-389d5540-641f-48c2-a9df-60738dbad976#0:FAIL-t296] and 0 exception(s); 279bca68-3e74-4690-81cf-da5ab79b92f7@group-AF49A4A4CA2A:t296, leader=null, voted=279bca68-3e74-4690-81cf-da5ab79b92f7, raftlog=279bca68-3e74-4690-81cf-da5ab79b92f7@group-AF49A4A4CA2A-SegmentedRaftLog:OPENED:c-1,f-1,i0, conf=-1: [daebe4f8-0ad9-4eb2-8ed7-3a8051847eb6:192.168.69.118:44860, 389d5540-641f-48c2-a9df-60738dbad976:192.168.69.118:45712, 279bca68-3e74-4690-81cf-da5ab79b92f7:192.168.69.118:45510], old=null
2019-10-23 12:36:42,718 [279bca68-3e74-4690-81cf-da5ab79b92f7@group-AF49A4A4CA2A-LeaderElection273] INFO  impl.RaftServerImpl (RaftServerImpl.java:setRole(184)) - 279bca68-3e74-4690-81cf-da5ab79b92f7@group-AF49A4A4CA2A: changes role from CANDIDATE to FOLLOWER at term 296 for DISCOVERED_A_NEW_TERM
2019-10-23 12:36:42,719 [279bca68-3e74-4690-81cf-da5ab79b92f7@group-AF49A4A4CA2A-LeaderElection273] INFO  impl.RoleInfo (RoleInfo.java:shutdownLeaderElection(134)) - 279bca68-3e74-4690-81cf-da5ab79b92f7: shutdown LeaderElection
2019-10-23 12:36:42,719 [279bca68-3e74-4690-81cf-da5ab79b92f7@group-AF49A4A4CA2A-LeaderElection273] INFO  impl.RoleInfo (RoleInfo.java:updateAndGet(143)) - 279bca68-3e74-4690-81cf-da5ab79b92f7: start FollowerState
2019-10-23 12:36:42,813 [Thread-2041] INFO  impl.FollowerState (FollowerState.java:run(108)) - 279bca68-3e74-4690-81cf-da5ab79b92f7@group-AF49A4A4CA2A-FollowerState: change to CANDIDATE, lastRpcTime:94ms, electionTimeout:94ms
2019-10-23 12:36:42,813 [Thread-2041] INFO  impl.RoleInfo (RoleInfo.java:shutdownFollowerState(121)) - 279bca68-3e74-4690-81cf-da5ab79b92f7: shutdown FollowerState
2019-10-23 12:36:42,813 [Thread-2041] INFO  impl.RaftServerImpl (RaftServerImpl.java:setRole(184)) - 279bca68-3e74-4690-81cf-da5ab79b92f7@group-AF49A4A4CA2A: changes role from  FOLLOWER to CANDIDATE at term 296 for changeToCandidate
2019-10-23 12:36:42,814 [Thread-2041] INFO  impl.RoleInfo (RoleInfo.java:updateAndGet(143)) - 279bca68-3e74-4690-81cf-da5ab79b92f7: start LeaderElection
2019-10-23 12:36:42,828 [279bca68-3e74-4690-81cf-da5ab79b92f7@group-AF49A4A4CA2A-LeaderElection274] INFO  impl.LeaderElection (LeaderElection.java:askForVotes(178)) - 279bca68-3e74-4690-81cf-da5ab79b92f7@group-AF49A4A4CA2A-LeaderElection274: begin an election at term 297 for -1: [daebe4f8-0ad9-4eb2-8ed7-3a8051847eb6:192.168.69.118:44860, 389d5540-641f-48c2-a9df-60738dbad976:192.168.69.118:45712, 279bca68-3e74-4690-81cf-da5ab79b92f7:192.168.69.118:45510], old=null
2019-10-23 12:36:42,831 [grpc-default-executor-3] INFO  impl.RaftServerImpl (RaftServerImpl.java:setRole(184)) - daebe4f8-0ad9-4eb2-8ed7-3a8051847eb6@group-AF49A4A4CA2A: changes role from  FOLLOWER to FOLLOWER at term 297 for recognizeCandidate:279bca68-3e74-4690-81cf-da5ab79b92f7
2019-10-23 12:36:42,831 [grpc-default-executor-3] INFO  impl.RoleInfo (RoleInfo.java:shutdownFollowerState(121)) - daebe4f8-0ad9-4eb2-8ed7-3a8051847eb6: shutdown FollowerState
2019-10-23 12:36:42,831 [grpc-default-executor-3] INFO  impl.RoleInfo (RoleInfo.java:updateAndGet(143)) - daebe4f8-0ad9-4eb2-8ed7-3a8051847eb6: start FollowerState
2019-10-23 12:36:42,831 [grpc-default-executor-4] INFO  impl.RaftServerImpl (RaftServerImpl.java:setRole(184)) - 389d5540-641f-48c2-a9df-60738dbad976@group-AF49A4A4CA2A: changes role from  FOLLOWER to FOLLOWER at term 297 for recognizeCandidate:279bca68-3e74-4690-81cf-da5ab79b92f7
2019-10-23 12:36:42,831 [grpc-default-executor-4] INFO  impl.RoleInfo (RoleInfo.java:shutdownFollowerState(121)) - 389d5540-641f-48c2-a9df-60738dbad976: shutdown FollowerState
2019-10-23 12:36:42,831 [Thread-2039] INFO  impl.FollowerState (FollowerState.java:run(117)) - daebe4f8-0ad9-4eb2-8ed7-3a8051847eb6@group-AF49A4A4CA2A-FollowerState was interrupted: java.lang.InterruptedException: sleep interrupted
2019-10-23 12:36:42,832 [grpc-default-executor-4] INFO  impl.RoleInfo (RoleInfo.java:updateAndGet(143)) - 389d5540-641f-48c2-a9df-60738dbad976: start FollowerState
2019-10-23 12:36:42,832 [Thread-2040] INFO  impl.FollowerState (FollowerState.java:run(117)) - 389d5540-641f-48c2-a9df-60738dbad976@group-AF49A4A4CA2A-FollowerState was interrupted: java.lang.InterruptedException: sleep interrupted
2019-10-23 12:36:42,835 [279bca68-3e74-4690-81cf-da5ab79b92f7@group-AF49A4A4CA2A-LeaderElection274] INFO  impl.LeaderElection (LeaderElection.java:logAndReturn(56)) - 279bca68-3e74-4690-81cf-da5ab79b92f7@group-AF49A4A4CA2A-LeaderElection274: Election TIMEOUT; received 0 response(s) [] and 0 exception(s); 279bca68-3e74-4690-81cf-da5ab79b92f7@group-AF49A4A4CA2A:t297, leader=null, voted=279bca68-3e74-4690-81cf-da5ab79b92f7, raftlog=279bca68-3e74-4690-81cf-da5ab79b92f7@group-AF49A4A4CA2A-SegmentedRaftLog:OPENED:c-1,f-1,i0, conf=-1: [daebe4f8-0ad9-4eb2-8ed7-3a8051847eb6:192.168.69.118:44860, 389d5540-641f-48c2-a9df-60738dbad976:192.168.69.118:45712, 279bca68-3e74-4690-81cf-da5ab79b92f7:192.168.69.118:45510], old=null
2019-10-23 12:36:42,845 [279bca68-3e74-4690-81cf-da5ab79b92f7@group-AF49A4A4CA2A-LeaderElection274] INFO  impl.LeaderElection (LeaderElection.java:askForVotes(178)) - 279bca68-3e74-4690-81cf-da5ab79b92f7@group-AF49A4A4CA2A-LeaderElection274: begin an election at term 298 for -1: [daebe4f8-0ad9-4eb2-8ed7-3a8051847eb6:192.168.69.118:44860, 389d5540-641f-48c2-a9df-60738dbad976:192.168.69.118:45712, 279bca68-3e74-4690-81cf-da5ab79b92f7:192.168.69.118:45510], old=null
2019-10-23 12:36:42,847 [grpc-default-executor-4] INFO  impl.RaftServerImpl (RaftServerImpl.java:setRole(184)) - daebe4f8-0ad9-4eb2-8ed7-3a8051847eb6@group-AF49A4A4CA2A: changes role from  FOLLOWER to FOLLOWER at term 298 for recognizeCandidate:279bca68-3e74-4690-81cf-da5ab79b92f7
2019-10-23 12:36:42,847 [grpc-default-executor-3] INFO  impl.RaftServerImpl (RaftServerImpl.java:setRole(184)) - 389d5540-641f-48c2-a9df-60738dbad976@group-AF49A4A4CA2A: changes role from  FOLLOWER to FOLLOWER at term 298 for recognizeCandidate:279bca68-3e74-4690-81cf-da5ab79b92f7
2019-10-23 12:36:42,848 [grpc-default-executor-4] INFO  impl.RoleInfo (RoleInfo.java:shutdownFollowerState(121)) - daebe4f8-0ad9-4eb2-8ed7-3a8051847eb6: shutdown FollowerState
2019-10-23 12:36:42,848 [grpc-default-executor-3] INFO  impl.RoleInfo (RoleInfo.java:shutdownFollowerState(121)) - 389d5540-641f-48c2-a9df-60738dbad976: shutdown FollowerState
2019-10-23 12:36:42,848 [Thread-2045] INFO  impl.FollowerState (FollowerState.java:run(117)) - daebe4f8-0ad9-4eb2-8ed7-3a8051847eb6@group-AF49A4A4CA2A-FollowerState was interrupted: java.lang.InterruptedException: sleep interrupted
2019-10-23 12:36:42,848 [grpc-default-executor-4] INFO  impl.RoleInfo (RoleInfo.java:updateAndGet(143)) - daebe4f8-0ad9-4eb2-8ed7-3a8051847eb6: start FollowerState
2019-10-23 12:36:42,848 [Thread-2046] INFO  impl.FollowerState (FollowerState.java:run(117)) - 389d5540-641f-48c2-a9df-60738dbad976@group-AF49A4A4CA2A-FollowerState was interrupted: java.lang.InterruptedException: sleep interrupted
2019-10-23 12:36:42,848 [grpc-default-executor-3] INFO  impl.RoleInfo (RoleInfo.java:updateAndGet(143)) - 389d5540-641f-48c2-a9df-60738dbad976: start FollowerState
2019-10-23 12:36:42,874 [279bca68-3e74-4690-81cf-da5ab79b92f7@group-AF49A4A4CA2A-LeaderElection274] INFO  impl.LeaderElection (LeaderElection.java:logAndReturn(56)) - 279bca68-3e74-4690-81cf-da5ab79b92f7@group-AF49A4A4CA2A-LeaderElection274: Election REJECTED; received 2 response(s) [279bca68-3e74-4690-81cf-da5ab79b92f7<-daebe4f8-0ad9-4eb2-8ed7-3a8051847eb6#0:FAIL-t298, 279bca68-3e74-4690-81cf-da5ab79b92f7<-389d5540-641f-48c2-a9df-60738dbad976#0:FAIL-t298] and 0 exception(s); 279bca68-3e74-4690-81cf-da5ab79b92f7@group-AF49A4A4CA2A:t298, leader=null, voted=279bca68-3e74-4690-81cf-da5ab79b92f7, raftlog=279bca68-3e74-4690-81cf-da5ab79b92f7@group-AF49A4A4CA2A-SegmentedRaftLog:OPENED:c-1,f-1,i0, conf=-1: [daebe4f8-0ad9-4eb2-8ed7-3a8051847eb6:192.168.69.118:44860, 389d5540-641f-48c2-a9df-60738dbad976:192.168.69.118:45712, 279bca68-3e74-4690-81cf-da5ab79b92f7:192.168.69.118:45510], old=null
2019-10-23 12:36:42,874 [279bca68-3e74-4690-81cf-da5ab79b92f7@group-AF49A4A4CA2A-LeaderElection274] INFO  impl.RaftServerImpl (RaftServerImpl.java:setRole(184)) - 279bca68-3e74-4690-81cf-da5ab79b92f7@group-AF49A4A4CA2A: changes role from CANDIDATE to FOLLOWER at term 298 for DISCOVERED_A_NEW_TERM
2019-10-23 12:36:42,875 [279bca68-3e74-4690-81cf-da5ab79b92f7@group-AF49A4A4CA2A-LeaderElection274] INFO  impl.RoleInfo (RoleInfo.java:shutdownLeaderElection(134)) - 279bca68-3e74-4690-81cf-da5ab79b92f7: shutdown LeaderElection
2019-10-23 12:36:42,875 [279bca68-3e74-4690-81cf-da5ab79b92f7@group-AF49A4A4CA2A-LeaderElection274] INFO  impl.RoleInfo (RoleInfo.java:updateAndGet(143)) - 279bca68-3e74-4690-81cf-da5ab79b92f7: start FollowerState
2019-10-23 12:36:42,963 [Thread-2051] INFO  impl.FollowerState (FollowerState.java:run(108)) - 279bca68-3e74-4690-81cf-da5ab79b92f7@group-AF49A4A4CA2A-FollowerState: change to CANDIDATE, lastRpcTime:88ms, electionTimeout:88ms
2019-10-23 12:36:42,963 [Thread-2051] INFO  impl.RoleInfo (RoleInfo.java:shutdownFollowerState(121)) - 279bca68-3e74-4690-81cf-da5ab79b92f7: shutdown FollowerState
2019-10-23 12:36:42,964 [Thread-2051] INFO  impl.RaftServerImpl (RaftServerImpl.java:setRole(184)) - 279bca68-3e74-4690-81cf-da5ab79b92f7@group-AF49A4A4CA2A: changes role from  FOLLOWER to CANDIDATE at term 298 for changeToCandidate
2019-10-23 12:36:42,964 [Thread-2051] INFO  impl.RoleInfo (RoleInfo.java:updateAndGet(143)) - 279bca68-3e74-4690-81cf-da5ab79b92f7: start LeaderElection
2019-10-23 12:36:42,978 [279bca68-3e74-4690-81cf-da5ab79b92f7@group-AF49A4A4CA2A-LeaderElection275] INFO  impl.LeaderElection (LeaderElection.java:askForVotes(178)) - 279bca68-3e74-4690-81cf-da5ab79b92f7@group-AF49A4A4CA2A-LeaderElection275: begin an election at term 299 for -1: [daebe4f8-0ad9-4eb2-8ed7-3a8051847eb6:192.168.69.118:44860, 389d5540-641f-48c2-a9df-60738dbad976:192.168.69.118:45712, 279bca68-3e74-4690-81cf-da5ab79b92f7:192.168.69.118:45510], old=null
2019-10-23 12:36:42,981 [grpc-default-executor-4] INFO  impl.RaftServerImpl (RaftServerImpl.java:setRole(184)) - daebe4f8-0ad9-4eb2-8ed7-3a8051847eb6@group-AF49A4A4CA2A: changes role from  FOLLOWER to FOLLOWER at term 299 for recognizeCandidate:279bca68-3e74-4690-81cf-da5ab79b92f7
2019-10-23 12:36:42,981 [grpc-default-executor-4] INFO  impl.RoleInfo (RoleInfo.java:shutdownFollowerState(121)) - daebe4f8-0ad9-4eb2-8ed7-3a8051847eb6: shutdown FollowerState
2019-10-23 12:36:42,981 [grpc-default-executor-4] INFO  impl.RoleInfo (RoleInfo.java:updateAndGet(143)) - daebe4f8-0ad9-4eb2-8ed7-3a8051847eb6: start FollowerState
2019-10-23 12:36:42,981 [Thread-2049] INFO  impl.FollowerState (FollowerState.java:run(117)) - daebe4f8-0ad9-4eb2-8ed7-3a8051847eb6@group-AF49A4A4CA2A-FollowerState was interrupted: java.lang.InterruptedException: sleep interrupted
2019-10-23 12:36:42,981 [grpc-default-executor-3] INFO  impl.RaftServerImpl (RaftServerImpl.java:setRole(184)) - 389d5540-641f-48c2-a9df-60738dbad976@group-AF49A4A4CA2A: changes role from  FOLLOWER to FOLLOWER at term 299 for recognizeCandidate:279bca68-3e74-4690-81cf-da5ab79b92f7
2019-10-23 12:36:42,981 [grpc-default-executor-3] INFO  impl.RoleInfo (RoleInfo.java:shutdownFollowerState(121)) - 389d5540-641f-48c2-a9df-60738dbad976: shutdown FollowerState
2019-10-23 12:36:42,982 [grpc-default-executor-3] INFO  impl.RoleInfo (RoleInfo.java:updateAndGet(143)) - 389d5540-641f-48c2-a9df-60738dbad976: start FollowerState
2019-10-23 12:36:42,982 [Thread-2050] INFO  impl.FollowerState (FollowerState.java:run(117)) - 389d5540-641f-48c2-a9df-60738dbad976@group-AF49A4A4CA2A-FollowerState was interrupted: java.lang.InterruptedException: sleep interrupted
2019-10-23 12:36:43,007 [279bca68-3e74-4690-81cf-da5ab79b92f7@group-AF49A4A4CA2A-LeaderElection275] INFO  impl.LeaderElection (LeaderElection.java:logAndReturn(56)) - 279bca68-3e74-4690-81cf-da5ab79b92f7@group-AF49A4A4CA2A-LeaderElection275: Election REJECTED; received 2 response(s) [279bca68-3e74-4690-81cf-da5ab79b92f7<-daebe4f8-0ad9-4eb2-8ed7-3a8051847eb6#0:FAIL-t299, 279bca68-3e74-4690-81cf-da5ab79b92f7<-389d5540-641f-48c2-a9df-60738dbad976#0:FAIL-t299] and 0 exception(s); 279bca68-3e74-4690-81cf-da5ab79b92f7@group-AF49A4A4CA2A:t299, leader=null, voted=279bca68-3e74-4690-81cf-da5ab79b92f7, raftlog=279bca68-3e74-4690-81cf-da5ab79b92f7@group-AF49A4A4CA2A-SegmentedRaftLog:OPENED:c-1,f-1,i0, conf=-1: [daebe4f8-0ad9-4eb2-8ed7-3a8051847eb6:192.168.69.118:44860, 389d5540-641f-48c2-a9df-60738dbad976:192.168.69.118:45712, 279bca68-3e74-4690-81cf-da5ab79b92f7:192.168.69.118:45510], old=null
2019-10-23 12:36:43,007 [279bca68-3e74-4690-81cf-da5ab79b92f7@group-AF49A4A4CA2A-LeaderElection275] INFO  impl.RaftServerImpl (RaftServerImpl.java:setRole(184)) - 279bca68-3e74-4690-81cf-da5ab79b92f7@group-AF49A4A4CA2A: changes role from CANDIDATE to FOLLOWER at term 299 for DISCOVERED_A_NEW_TERM
2019-10-23 12:36:43,007 [279bca68-3e74-4690-81cf-da5ab79b92f7@group-AF49A4A4CA2A-LeaderElection275] INFO  impl.RoleInfo (RoleInfo.java:shutdownLeaderElection(134)) - 279bca68-3e74-4690-81cf-da5ab79b92f7: shutdown LeaderElection
2019-10-23 12:36:43,007 [279bca68-3e74-4690-81cf-da5ab79b92f7@group-AF49A4A4CA2A-LeaderElection275] INFO  impl.RoleInfo (RoleInfo.java:updateAndGet(143)) - 279bca68-3e74-4690-81cf-da5ab79b92f7: start FollowerState
2019-10-23 12:36:43,029 [Thread-2057] INFO  impl.FollowerState (FollowerState.java:run(108)) - 279bca68-3e74-4690-81cf-da5ab79b92f7@group-AF49A4A4CA2A-FollowerState: change to CANDIDATE, lastRpcTime:21ms, electionTimeout:21ms
2019-10-23 12:36:43,029 [Thread-2057] INFO  impl.RoleInfo (RoleInfo.java:shutdownFollowerState(121)) - 279bca68-3e74-4690-81cf-da5ab79b92f7: shutdown FollowerState
2019-10-23 12:36:43,029 [Thread-2057] INFO  impl.RaftServerImpl (RaftServerImpl.java:setRole(184)) - 279bca68-3e74-4690-81cf-da5ab79b92f7@group-AF49A4A4CA2A: changes role from  FOLLOWER to CANDIDATE at term 299 for changeToCandidate
2019-10-23 12:36:43,029 [Thread-2057] INFO  impl.RoleInfo (RoleInfo.java:updateAndGet(143)) - 279bca68-3e74-4690-81cf-da5ab79b92f7: start LeaderElection
2019-10-23 12:36:43,052 [279bca68-3e74-4690-81cf-da5ab79b92f7@group-AF49A4A4CA2A-LeaderElection276] INFO  impl.LeaderElection (LeaderElection.java:askForVotes(178)) - 279bca68-3e74-4690-81cf-da5ab79b92f7@group-AF49A4A4CA2A-LeaderElection276: begin an election at term 300 for -1: [daebe4f8-0ad9-4eb2-8ed7-3a8051847eb6:192.168.69.118:44860, 389d5540-641f-48c2-a9df-60738dbad976:192.168.69.118:45712, 279bca68-3e74-4690-81cf-da5ab79b92f7:192.168.69.118:45510], old=null
2019-10-23 12:36:43,054 [grpc-default-executor-3] INFO  impl.RaftServerImpl (RaftServerImpl.java:setRole(184)) - daebe4f8-0ad9-4eb2-8ed7-3a8051847eb6@group-AF49A4A4CA2A: changes role from  FOLLOWER to FOLLOWER at term 300 for recognizeCandidate:279bca68-3e74-4690-81cf-da5ab79b92f7
2019-10-23 12:36:43,054 [grpc-default-executor-3] INFO  impl.RoleInfo (RoleInfo.java:shutdownFollowerState(121)) - daebe4f8-0ad9-4eb2-8ed7-3a8051847eb6: shutdown FollowerState
2019-10-23 12:36:43,054 [grpc-default-executor-4] INFO  impl.RaftServerImpl (RaftServerImpl.java:setRole(184)) - 389d5540-641f-48c2-a9df-60738dbad976@group-AF49A4A4CA2A: changes role from  FOLLOWER to FOLLOWER at term 300 for recognizeCandidate:279bca68-3e74-4690-81cf-da5ab79b92f7
2019-10-23 12:36:43,054 [grpc-default-executor-4] INFO  impl.RoleInfo (RoleInfo.java:shutdownFollowerState(121)) - 389d5540-641f-48c2-a9df-60738dbad976: shutdown FollowerState
2019-10-23 12:36:43,054 [Thread-2055] INFO  impl.FollowerState (FollowerState.java:run(117)) - daebe4f8-0ad9-4eb2-8ed7-3a8051847eb6@group-AF49A4A4CA2A-FollowerState was interrupted: java.lang.InterruptedException: sleep interrupted
2019-10-23 12:36:43,054 [grpc-default-executor-3] INFO  impl.RoleInfo (RoleInfo.java:updateAndGet(143)) - daebe4f8-0ad9-4eb2-8ed7-3a8051847eb6: start FollowerState
2019-10-23 12:36:43,054 [Thread-2056] INFO  impl.FollowerState (FollowerState.java:run(117)) - 389d5540-641f-48c2-a9df-60738dbad976@group-AF49A4A4CA2A-FollowerState was interrupted: java.lang.InterruptedException: sleep interrupted
2019-10-23 12:36:43,054 [grpc-default-executor-4] INFO  impl.RoleInfo (RoleInfo.java:updateAndGet(143)) - 389d5540-641f-48c2-a9df-60738dbad976: start FollowerState
2019-10-23 12:36:43,061 [279bca68-3e74-4690-81cf-da5ab79b92f7@group-AF49A4A4CA2A-LeaderElection276] INFO  impl.LeaderElection (LeaderElection.java:logAndReturn(56)) - 279bca68-3e74-4690-81cf-da5ab79b92f7@group-AF49A4A4CA2A-LeaderElection276: Election TIMEOUT; received 0 response(s) [] and 0 exception(s); 279bca68-3e74-4690-81cf-da5ab79b92f7@group-AF49A4A4CA2A:t300, leader=null, voted=279bca68-3e74-4690-81cf-da5ab79b92f7, raftlog=279bca68-3e74-4690-81cf-da5ab79b92f7@group-AF49A4A4CA2A-SegmentedRaftLog:OPENED:c-1,f-1,i0, conf=-1: [daebe4f8-0ad9-4eb2-8ed7-3a8051847eb6:192.168.69.118:44860, 389d5540-641f-48c2-a9df-60738dbad976:192.168.69.118:45712, 279bca68-3e74-4690-81cf-da5ab79b92f7:192.168.69.118:45510], old=null
2019-10-23 12:36:43,068 [279bca68-3e74-4690-81cf-da5ab79b92f7@group-AF49A4A4CA2A-LeaderElection276] INFO  impl.LeaderElection (LeaderElection.java:askForVotes(178)) - 279bca68-3e74-4690-81cf-da5ab79b92f7@group-AF49A4A4CA2A-LeaderElection276: begin an election at term 301 for -1: [daebe4f8-0ad9-4eb2-8ed7-3a8051847eb6:192.168.69.118:44860, 389d5540-641f-48c2-a9df-60738dbad976:192.168.69.118:45712, 279bca68-3e74-4690-81cf-da5ab79b92f7:192.168.69.118:45510], old=null
2019-10-23 12:36:43,070 [grpc-default-executor-4] INFO  impl.RaftServerImpl (RaftServerImpl.java:setRole(184)) - daebe4f8-0ad9-4eb2-8ed7-3a8051847eb6@group-AF49A4A4CA2A: changes role from  FOLLOWER to FOLLOWER at term 301 for recognizeCandidate:279bca68-3e74-4690-81cf-da5ab79b92f7
2019-10-23 12:36:43,070 [grpc-default-executor-4] INFO  impl.RoleInfo (RoleInfo.java:shutdownFollowerState(121)) - daebe4f8-0ad9-4eb2-8ed7-3a8051847eb6: shutdown FollowerState
2019-10-23 12:36:43,070 [grpc-default-executor-3] INFO  impl.RaftServerImpl (RaftServerImpl.java:setRole(184)) - 389d5540-641f-48c2-a9df-60738dbad976@group-AF49A4A4CA2A: changes role from  FOLLOWER to FOLLOWER at term 301 for recognizeCandidate:279bca68-3e74-4690-81cf-da5ab79b92f7
2019-10-23 12:36:43,071 [Thread-2061] INFO  impl.FollowerState (FollowerState.java:run(117)) - daebe4f8-0ad9-4eb2-8ed7-3a8051847eb6@group-AF49A4A4CA2A-FollowerState was interrupted: java.lang.InterruptedException: sleep interrupted
2019-10-23 12:36:43,070 [grpc-default-executor-4] INFO  impl.RoleInfo (RoleInfo.java:updateAndGet(143)) - daebe4f8-0ad9-4eb2-8ed7-3a8051847eb6: start FollowerState
2019-10-23 12:36:43,071 [grpc-default-executor-3] INFO  impl.RoleInfo (RoleInfo.java:shutdownFollowerState(121)) - 389d5540-641f-48c2-a9df-60738dbad976: shutdown FollowerState
2019-10-23 12:36:43,071 [grpc-default-executor-3] INFO  impl.RoleInfo (RoleInfo.java:updateAndGet(143)) - 389d5540-641f-48c2-a9df-60738dbad976: start FollowerState
2019-10-23 12:36:43,071 [Thread-2062] INFO  impl.FollowerState (FollowerState.java:run(117)) - 389d5540-641f-48c2-a9df-60738dbad976@group-AF49A4A4CA2A-FollowerState was interrupted: java.lang.InterruptedException: sleep interrupted
2019-10-23 12:36:43,097 [279bca68-3e74-4690-81cf-da5ab79b92f7@group-AF49A4A4CA2A-LeaderElection276] INFO  impl.LeaderElection (LeaderElection.java:logAndReturn(56)) - 279bca68-3e74-4690-81cf-da5ab79b92f7@group-AF49A4A4CA2A-LeaderElection276: Election REJECTED; received 2 response(s) [279bca68-3e74-4690-81cf-da5ab79b92f7<-daebe4f8-0ad9-4eb2-8ed7-3a8051847eb6#0:FAIL-t301, 279bca68-3e74-4690-81cf-da5ab79b92f7<-389d5540-641f-48c2-a9df-60738dbad976#0:FAIL-t301] and 0 exception(s); 279bca68-3e74-4690-81cf-da5ab79b92f7@group-AF49A4A4CA2A:t301, leader=null, voted=279bca68-3e74-4690-81cf-da5ab79b92f7, raftlog=279bca68-3e74-4690-81cf-da5ab79b92f7@group-AF49A4A4CA2A-SegmentedRaftLog:OPENED:c-1,f-1,i0, conf=-1: [daebe4f8-0ad9-4eb2-8ed7-3a8051847eb6:192.168.69.118:44860, 389d5540-641f-48c2-a9df-60738dbad976:192.168.69.118:45712, 279bca68-3e74-4690-81cf-da5ab79b92f7:192.168.69.118:45510], old=null
2019-10-23 12:36:43,097 [279bca68-3e74-4690-81cf-da5ab79b92f7@group-AF49A4A4CA2A-LeaderElection276] INFO  impl.RaftServerImpl (RaftServerImpl.java:setRole(184)) - 279bca68-3e74-4690-81cf-da5ab79b92f7@group-AF49A4A4CA2A: changes role from CANDIDATE to FOLLOWER at term 301 for DISCOVERED_A_NEW_TERM
2019-10-23 12:36:43,097 [279bca68-3e74-4690-81cf-da5ab79b92f7@group-AF49A4A4CA2A-LeaderElection276] INFO  impl.RoleInfo (RoleInfo.java:shutdownLeaderElection(134)) - 279bca68-3e74-4690-81cf-da5ab79b92f7: shutdown LeaderElection
2019-10-23 12:36:43,097 [279bca68-3e74-4690-81cf-da5ab79b92f7@group-AF49A4A4CA2A-LeaderElection276] INFO  impl.RoleInfo (RoleInfo.java:updateAndGet(143)) - 279bca68-3e74-4690-81cf-da5ab79b92f7: start FollowerState
2019-10-23 12:36:43,238 [Thread-2067] INFO  impl.FollowerState (FollowerState.java:run(108)) - 279bca68-3e74-4690-81cf-da5ab79b92f7@group-AF49A4A4CA2A-FollowerState: change to CANDIDATE, lastRpcTime:140ms, electionTimeout:140ms
2019-10-23 12:36:43,238 [Thread-2067] INFO  impl.RoleInfo (RoleInfo.java:shutdownFollowerState(121)) - 279bca68-3e74-4690-81cf-da5ab79b92f7: shutdown FollowerState
2019-10-23 12:36:43,238 [Thread-2067] INFO  impl.RaftServerImpl (RaftServerImpl.java:setRole(184)) - 279bca68-3e74-4690-81cf-da5ab79b92f7@group-AF49A4A4CA2A: changes role from  FOLLOWER to CANDIDATE at term 301 for changeToCandidate
2019-10-23 12:36:43,238 [Thread-2067] INFO  impl.RoleInfo (RoleInfo.java:updateAndGet(143)) - 279bca68-3e74-4690-81cf-da5ab79b92f7: start LeaderElection
2019-10-23 12:36:43,265 [279bca68-3e74-4690-81cf-da5ab79b92f7@group-AF49A4A4CA2A-LeaderElection277] INFO  impl.LeaderElection (LeaderElection.java:askForVotes(178)) - 279bca68-3e74-4690-81cf-da5ab79b92f7@group-AF49A4A4CA2A-LeaderElection277: begin an election at term 302 for -1: [daebe4f8-0ad9-4eb2-8ed7-3a8051847eb6:192.168.69.118:44860, 389d5540-641f-48c2-a9df-60738dbad976:192.168.69.118:45712, 279bca68-3e74-4690-81cf-da5ab79b92f7:192.168.69.118:45510], old=null
2019-10-23 12:36:43,267 [grpc-default-executor-3] INFO  impl.RaftServerImpl (RaftServerImpl.java:setRole(184)) - daebe4f8-0ad9-4eb2-8ed7-3a8051847eb6@group-AF49A4A4CA2A: changes role from  FOLLOWER to FOLLOWER at term 302 for recognizeCandidate:279bca68-3e74-4690-81cf-da5ab79b92f7
2019-10-23 12:36:43,267 [grpc-default-executor-3] INFO  impl.RoleInfo (RoleInfo.java:shutdownFollowerState(121)) - daebe4f8-0ad9-4eb2-8ed7-3a8051847eb6: shutdown FollowerState
2019-10-23 12:36:43,268 [grpc-default-executor-4] INFO  impl.RaftServerImpl (RaftServerImpl.java:setRole(184)) - 389d5540-641f-48c2-a9df-60738dbad976@group-AF49A4A4CA2A: changes role from  FOLLOWER to FOLLOWER at term 302 for recognizeCandidate:279bca68-3e74-4690-81cf-da5ab79b92f7
2019-10-23 12:36:43,268 [grpc-default-executor-3] INFO  impl.RoleInfo (RoleInfo.java:updateAndGet(143)) - daebe4f8-0ad9-4eb2-8ed7-3a8051847eb6: start FollowerState
2019-10-23 12:36:43,268 [grpc-default-executor-4] INFO  impl.RoleInfo (RoleInfo.java:shutdownFollowerState(121)) - 389d5540-641f-48c2-a9df-60738dbad976: shutdown FollowerState
2019-10-23 12:36:43,268 [Thread-2065] INFO  impl.FollowerState (FollowerState.java:run(117)) - daebe4f8-0ad9-4eb2-8ed7-3a8051847eb6@group-AF49A4A4CA2A-FollowerState was interrupted: java.lang.InterruptedException: sleep interrupted
2019-10-23 12:36:43,268 [Thread-2066] INFO  impl.FollowerState (FollowerState.java:run(117)) - 389d5540-641f-48c2-a9df-60738dbad976@group-AF49A4A4CA2A-FollowerState was interrupted: java.lang.InterruptedException: sleep interrupted
2019-10-23 12:36:43,268 [grpc-default-executor-4] INFO  impl.RoleInfo (RoleInfo.java:updateAndGet(143)) - 389d5540-641f-48c2-a9df-60738dbad976: start FollowerState
2019-10-23 12:36:43,282 [279bca68-3e74-4690-81cf-da5ab79b92f7@group-AF49A4A4CA2A-LeaderElection277] INFO  impl.LeaderElection (LeaderElection.java:logAndReturn(56)) - 279bca68-3e74-4690-81cf-da5ab79b92f7@group-AF49A4A4CA2A-LeaderElection277: Election REJECTED; received 2 response(s) [279bca68-3e74-4690-81cf-da5ab79b92f7<-daebe4f8-0ad9-4eb2-8ed7-3a8051847eb6#0:FAIL-t302, 279bca68-3e74-4690-81cf-da5ab79b92f7<-389d5540-641f-48c2-a9df-60738dbad976#0:FAIL-t302] and 0 exception(s); 279bca68-3e74-4690-81cf-da5ab79b92f7@group-AF49A4A4CA2A:t302, leader=null, voted=279bca68-3e74-4690-81cf-da5ab79b92f7, raftlog=279bca68-3e74-4690-81cf-da5ab79b92f7@group-AF49A4A4CA2A-SegmentedRaftLog:OPENED:c-1,f-1,i0, conf=-1: [daebe4f8-0ad9-4eb2-8ed7-3a8051847eb6:192.168.69.118:44860, 389d5540-641f-48c2-a9df-60738dbad976:192.168.69.118:45712, 279bca68-3e74-4690-81cf-da5ab79b92f7:192.168.69.118:45510], old=null
2019-10-23 12:36:43,282 [279bca68-3e74-4690-81cf-da5ab79b92f7@group-AF49A4A4CA2A-LeaderElection277] INFO  impl.RaftServerImpl (RaftServerImpl.java:setRole(184)) - 279bca68-3e74-4690-81cf-da5ab79b92f7@group-AF49A4A4CA2A: changes role from CANDIDATE to FOLLOWER at term 302 for DISCOVERED_A_NEW_TERM
2019-10-23 12:36:43,282 [279bca68-3e74-4690-81cf-da5ab79b92f7@group-AF49A4A4CA2A-LeaderElection277] INFO  impl.RoleInfo (RoleInfo.java:shutdownLeaderElection(134)) - 279bca68-3e74-4690-81cf-da5ab79b92f7: shutdown LeaderElection
2019-10-23 12:36:43,282 [279bca68-3e74-4690-81cf-da5ab79b92f7@group-AF49A4A4CA2A-LeaderElection277] INFO  impl.RoleInfo (RoleInfo.java:updateAndGet(143)) - 279bca68-3e74-4690-81cf-da5ab79b92f7: start FollowerState
2019-10-23 12:36:43,337 [Thread-2075] INFO  impl.FollowerState (FollowerState.java:run(108)) - 279bca68-3e74-4690-81cf-da5ab79b92f7@group-AF49A4A4CA2A-FollowerState: change to CANDIDATE, lastRpcTime:54ms, electionTimeout:54ms
2019-10-23 12:36:43,337 [Thread-2075] INFO  impl.RoleInfo (RoleInfo.java:shutdownFollowerState(121)) - 279bca68-3e74-4690-81cf-da5ab79b92f7: shutdown FollowerState
2019-10-23 12:36:43,337 [Thread-2075] INFO  impl.RaftServerImpl (RaftServerImpl.java:setRole(184)) - 279bca68-3e74-4690-81cf-da5ab79b92f7@group-AF49A4A4CA2A: changes role from  FOLLOWER to CANDIDATE at term 302 for changeToCandidate
2019-10-23 12:36:43,337 [Thread-2075] INFO  impl.RoleInfo (RoleInfo.java:updateAndGet(143)) - 279bca68-3e74-4690-81cf-da5ab79b92f7: start LeaderElection
2019-10-23 12:36:43,351 [279bca68-3e74-4690-81cf-da5ab79b92f7@group-AF49A4A4CA2A-LeaderElection278] INFO  impl.LeaderElection (LeaderElection.java:askForVotes(178)) - 279bca68-3e74-4690-81cf-da5ab79b92f7@group-AF49A4A4CA2A-LeaderElection278: begin an election at term 303 for -1: [daebe4f8-0ad9-4eb2-8ed7-3a8051847eb6:192.168.69.118:44860, 389d5540-641f-48c2-a9df-60738dbad976:192.168.69.118:45712, 279bca68-3e74-4690-81cf-da5ab79b92f7:192.168.69.118:45510], old=null
2019-10-23 12:36:43,353 [grpc-default-executor-3] INFO  impl.RaftServerImpl (RaftServerImpl.java:setRole(184)) - daebe4f8-0ad9-4eb2-8ed7-3a8051847eb6@group-AF49A4A4CA2A: changes role from  FOLLOWER to FOLLOWER at term 303 for recognizeCandidate:279bca68-3e74-4690-81cf-da5ab79b92f7
2019-10-23 12:36:43,353 [grpc-default-executor-3] INFO  impl.RoleInfo (RoleInfo.java:shutdownFollowerState(121)) - daebe4f8-0ad9-4eb2-8ed7-3a8051847eb6: shutdown FollowerState
2019-10-23 12:36:43,353 [grpc-default-executor-4] INFO  impl.RaftServerImpl (RaftServerImpl.java:setRole(184)) - 389d5540-641f-48c2-a9df-60738dbad976@group-AF49A4A4CA2A: changes role from  FOLLOWER to FOLLOWER at term 303 for recognizeCandidate:279bca68-3e74-4690-81cf-da5ab79b92f7
2019-10-23 12:36:43,353 [grpc-default-executor-4] INFO  impl.RoleInfo (RoleInfo.java:shutdownFollowerState(121)) - 389d5540-641f-48c2-a9df-60738dbad976: shutdown FollowerState
2019-10-23 12:36:43,353 [grpc-default-executor-3] INFO  impl.RoleInfo (RoleInfo.java:updateAndGet(143)) - daebe4f8-0ad9-4eb2-8ed7-3a8051847eb6: start FollowerState
2019-10-23 12:36:43,353 [Thread-2073] INFO  impl.FollowerState (FollowerState.java:run(117)) - daebe4f8-0ad9-4eb2-8ed7-3a8051847eb6@group-AF49A4A4CA2A-FollowerState was interrupted: java.lang.InterruptedException: sleep interrupted
2019-10-23 12:36:43,353 [Thread-2074] INFO  impl.FollowerState (FollowerState.java:run(117)) - 389d5540-641f-48c2-a9df-60738dbad976@group-AF49A4A4CA2A-FollowerState was interrupted: java.lang.InterruptedException: sleep interrupted
2019-10-23 12:36:43,353 [grpc-default-executor-4] INFO  impl.RoleInfo (RoleInfo.java:updateAndGet(143)) - 389d5540-641f-48c2-a9df-60738dbad976: start FollowerState
2019-10-23 12:36:43,380 [279bca68-3e74-4690-81cf-da5ab79b92f7@group-AF49A4A4CA2A-LeaderElection278] INFO  impl.LeaderElection (LeaderElection.java:logAndReturn(56)) - 279bca68-3e74-4690-81cf-da5ab79b92f7@group-AF49A4A4CA2A-LeaderElection278: Election REJECTED; received 2 response(s) [279bca68-3e74-4690-81cf-da5ab79b92f7<-daebe4f8-0ad9-4eb2-8ed7-3a8051847eb6#0:FAIL-t303, 279bca68-3e74-4690-81cf-da5ab79b92f7<-389d5540-641f-48c2-a9df-60738dbad976#0:FAIL-t303] and 0 exception(s); 279bca68-3e74-4690-81cf-da5ab79b92f7@group-AF49A4A4CA2A:t303, leader=null, voted=279bca68-3e74-4690-81cf-da5ab79b92f7, raftlog=279bca68-3e74-4690-81cf-da5ab79b92f7@group-AF49A4A4CA2A-SegmentedRaftLog:OPENED:c-1,f-1,i0, conf=-1: [daebe4f8-0ad9-4eb2-8ed7-3a8051847eb6:192.168.69.118:44860, 389d5540-641f-48c2-a9df-60738dbad976:192.168.69.118:45712, 279bca68-3e74-4690-81cf-da5ab79b92f7:192.168.69.118:45510], old=null
2019-10-23 12:36:43,380 [279bca68-3e74-4690-81cf-da5ab79b92f7@group-AF49A4A4CA2A-LeaderElection278] INFO  impl.RaftServerImpl (RaftServerImpl.java:setRole(184)) - 279bca68-3e74-4690-81cf-da5ab79b92f7@group-AF49A4A4CA2A: changes role from CANDIDATE to FOLLOWER at term 303 for DISCOVERED_A_NEW_TERM
2019-10-23 12:36:43,380 [279bca68-3e74-4690-81cf-da5ab79b92f7@group-AF49A4A4CA2A-LeaderElection278] INFO  impl.RoleInfo (RoleInfo.java:shutdownLeaderElection(134)) - 279bca68-3e74-4690-81cf-da5ab79b92f7: shutdown LeaderElection
2019-10-23 12:36:43,380 [279bca68-3e74-4690-81cf-da5ab79b92f7@group-AF49A4A4CA2A-LeaderElection278] INFO  impl.RoleInfo (RoleInfo.java:updateAndGet(143)) - 279bca68-3e74-4690-81cf-da5ab79b92f7: start FollowerState
2019-10-23 12:36:43,479 [Thread-2081] INFO  impl.FollowerState (FollowerState.java:run(108)) - 279bca68-3e74-4690-81cf-da5ab79b92f7@group-AF49A4A4CA2A-FollowerState: change to CANDIDATE, lastRpcTime:98ms, electionTimeout:98ms
2019-10-23 12:36:43,479 [Thread-2081] INFO  impl.RoleInfo (RoleInfo.java:shutdownFollowerState(121)) - 279bca68-3e74-4690-81cf-da5ab79b92f7: shutdown FollowerState
2019-10-23 12:36:43,479 [Thread-2081] INFO  impl.RaftServerImpl (RaftServerImpl.java:setRole(184)) - 279bca68-3e74-4690-81cf-da5ab79b92f7@group-AF49A4A4CA2A: changes role from  FOLLOWER to CANDIDATE at term 303 for changeToCandidate
2019-10-23 12:36:43,479 [Thread-2081] INFO  impl.RoleInfo (RoleInfo.java:updateAndGet(143)) - 279bca68-3e74-4690-81cf-da5ab79b92f7: start LeaderElection
2019-10-23 12:36:43,486 [279bca68-3e74-4690-81cf-da5ab79b92f7@group-AF49A4A4CA2A-LeaderElection279] INFO  impl.LeaderElection (LeaderElection.java:askForVotes(178)) - 279bca68-3e74-4690-81cf-da5ab79b92f7@group-AF49A4A4CA2A-LeaderElection279: begin an election at term 304 for -1: [daebe4f8-0ad9-4eb2-8ed7-3a8051847eb6:192.168.69.118:44860, 389d5540-641f-48c2-a9df-60738dbad976:192.168.69.118:45712, 279bca68-3e74-4690-81cf-da5ab79b92f7:192.168.69.118:45510], old=null
2019-10-23 12:36:43,488 [grpc-default-executor-3] INFO  impl.RaftServerImpl (RaftServerImpl.java:setRole(184)) - daebe4f8-0ad9-4eb2-8ed7-3a8051847eb6@group-AF49A4A4CA2A: changes role from  FOLLOWER to FOLLOWER at term 304 for recognizeCandidate:279bca68-3e74-4690-81cf-da5ab79b92f7
2019-10-23 12:36:43,488 [grpc-default-executor-3] INFO  impl.RoleInfo (RoleInfo.java:shutdownFollowerState(121)) - daebe4f8-0ad9-4eb2-8ed7-3a8051847eb6: shutdown FollowerState
2019-10-23 12:36:43,488 [grpc-default-executor-4] INFO  impl.RaftServerImpl (RaftServerImpl.java:setRole(184)) - 389d5540-641f-48c2-a9df-60738dbad976@group-AF49A4A4CA2A: changes role from  FOLLOWER to FOLLOWER at term 304 for recognizeCandidate:279bca68-3e74-4690-81cf-da5ab79b92f7
2019-10-23 12:36:43,489 [grpc-default-executor-4] INFO  impl.RoleInfo (RoleInfo.java:shutdownFollowerState(121)) - 389d5540-641f-48c2-a9df-60738dbad976: shutdown FollowerState
2019-10-23 12:36:43,488 [Thread-2079] INFO  impl.FollowerState (FollowerState.java:run(117)) - daebe4f8-0ad9-4eb2-8ed7-3a8051847eb6@group-AF49A4A4CA2A-FollowerState was interrupted: java.lang.InterruptedException: sleep interrupted
2019-10-23 12:36:43,488 [grpc-default-executor-3] INFO  impl.RoleInfo (RoleInfo.java:updateAndGet(143)) - daebe4f8-0ad9-4eb2-8ed7-3a8051847eb6: start FollowerState
2019-10-23 12:36:43,489 [Thread-2080] INFO  impl.FollowerState (FollowerState.java:run(117)) - 389d5540-641f-48c2-a9df-60738dbad976@group-AF49A4A4CA2A-FollowerState was interrupted: java.lang.InterruptedException: sleep interrupted
2019-10-23 12:36:43,489 [grpc-default-executor-4] INFO  impl.RoleInfo (RoleInfo.java:updateAndGet(143)) - 389d5540-641f-48c2-a9df-60738dbad976: start FollowerState
2019-10-23 12:36:43,516 [279bca68-3e74-4690-81cf-da5ab79b92f7@group-AF49A4A4CA2A-LeaderElection279] INFO  impl.LeaderElection (LeaderElection.java:logAndReturn(56)) - 279bca68-3e74-4690-81cf-da5ab79b92f7@group-AF49A4A4CA2A-LeaderElection279: Election REJECTED; received 2 response(s) [279bca68-3e74-4690-81cf-da5ab79b92f7<-daebe4f8-0ad9-4eb2-8ed7-3a8051847eb6#0:FAIL-t304, 279bca68-3e74-4690-81cf-da5ab79b92f7<-389d5540-641f-48c2-a9df-60738dbad976#0:FAIL-t304] and 0 exception(s); 279bca68-3e74-4690-81cf-da5ab79b92f7@group-AF49A4A4CA2A:t304, leader=null, voted=279bca68-3e74-4690-81cf-da5ab79b92f7, raftlog=279bca68-3e74-4690-81cf-da5ab79b92f7@group-AF49A4A4CA2A-SegmentedRaftLog:OPENED:c-1,f-1,i0, conf=-1: [daebe4f8-0ad9-4eb2-8ed7-3a8051847eb6:192.168.69.118:44860, 389d5540-641f-48c2-a9df-60738dbad976:192.168.69.118:45712, 279bca68-3e74-4690-81cf-da5ab79b92f7:192.168.69.118:45510], old=null
2019-10-23 12:36:43,516 [279bca68-3e74-4690-81cf-da5ab79b92f7@group-AF49A4A4CA2A-LeaderElection279] INFO  impl.RaftServerImpl (RaftServerImpl.java:setRole(184)) - 279bca68-3e74-4690-81cf-da5ab79b92f7@group-AF49A4A4CA2A: changes role from CANDIDATE to FOLLOWER at term 304 for DISCOVERED_A_NEW_TERM
2019-10-23 12:36:43,516 [279bca68-3e74-4690-81cf-da5ab79b92f7@group-AF49A4A4CA2A-LeaderElection279] INFO  impl.RoleInfo (RoleInfo.java:shutdownLeaderElection(134)) - 279bca68-3e74-4690-81cf-da5ab79b92f7: shutdown LeaderElection
2019-10-23 12:36:43,516 [279bca68-3e74-4690-81cf-da5ab79b92f7@group-AF49A4A4CA2A-LeaderElection279] INFO  impl.RoleInfo (RoleInfo.java:updateAndGet(143)) - 279bca68-3e74-4690-81cf-da5ab79b92f7: start FollowerState
2019-10-23 12:36:43,598 [Thread-2087] INFO  impl.FollowerState (FollowerState.java:run(108)) - 279bca68-3e74-4690-81cf-da5ab79b92f7@group-AF49A4A4CA2A-FollowerState: change to CANDIDATE, lastRpcTime:81ms, electionTimeout:81ms
2019-10-23 12:36:43,598 [Thread-2087] INFO  impl.RoleInfo (RoleInfo.java:shutdownFollowerState(121)) - 279bca68-3e74-4690-81cf-da5ab79b92f7: shutdown FollowerState
2019-10-23 12:36:43,598 [Thread-2087] INFO  impl.RaftServerImpl (RaftServerImpl.java:setRole(184)) - 279bca68-3e74-4690-81cf-da5ab79b92f7@group-AF49A4A4CA2A: changes role from  FOLLOWER to CANDIDATE at term 304 for changeToCandidate
2019-10-23 12:36:43,598 [Thread-2087] INFO  impl.RoleInfo (RoleInfo.java:updateAndGet(143)) - 279bca68-3e74-4690-81cf-da5ab79b92f7: start LeaderElection
2019-10-23 12:36:43,620 [279bca68-3e74-4690-81cf-da5ab79b92f7@group-AF49A4A4CA2A-LeaderElection280] INFO  impl.LeaderElection (LeaderElection.java:askForVotes(178)) - 279bca68-3e74-4690-81cf-da5ab79b92f7@group-AF49A4A4CA2A-LeaderElection280: begin an election at term 305 for -1: [daebe4f8-0ad9-4eb2-8ed7-3a8051847eb6:192.168.69.118:44860, 389d5540-641f-48c2-a9df-60738dbad976:192.168.69.118:45712, 279bca68-3e74-4690-81cf-da5ab79b92f7:192.168.69.118:45510], old=null
2019-10-23 12:36:43,622 [grpc-default-executor-3] INFO  impl.RaftServerImpl (RaftServerImpl.java:setRole(184)) - daebe4f8-0ad9-4eb2-8ed7-3a8051847eb6@group-AF49A4A4CA2A: changes role from  FOLLOWER to FOLLOWER at term 305 for recognizeCandidate:279bca68-3e74-4690-81cf-da5ab79b92f7
2019-10-23 12:36:43,622 [grpc-default-executor-3] INFO  impl.RoleInfo (RoleInfo.java:shutdownFollowerState(121)) - daebe4f8-0ad9-4eb2-8ed7-3a8051847eb6: shutdown FollowerState
2019-10-23 12:36:43,622 [grpc-default-executor-3] INFO  impl.RoleInfo (RoleInfo.java:updateAndGet(143)) - daebe4f8-0ad9-4eb2-8ed7-3a8051847eb6: start FollowerState
2019-10-23 12:36:43,622 [Thread-2085] INFO  impl.FollowerState (FollowerState.java:run(117)) - daebe4f8-0ad9-4eb2-8ed7-3a8051847eb6@group-AF49A4A4CA2A-FollowerState was interrupted: java.lang.InterruptedException: sleep interrupted
2019-10-23 12:36:43,622 [grpc-default-executor-4] INFO  impl.RaftServerImpl (RaftServerImpl.java:setRole(184)) - 389d5540-641f-48c2-a9df-60738dbad976@group-AF49A4A4CA2A: changes role from  FOLLOWER to FOLLOWER at term 305 for recognizeCandidate:279bca68-3e74-4690-81cf-da5ab79b92f7
2019-10-23 12:36:43,623 [grpc-default-executor-4] INFO  impl.RoleInfo (RoleInfo.java:shutdownFollowerState(121)) - 389d5540-641f-48c2-a9df-60738dbad976: shutdown FollowerState
2019-10-23 12:36:43,623 [grpc-default-executor-4] INFO  impl.RoleInfo (RoleInfo.java:updateAndGet(143)) - 389d5540-641f-48c2-a9df-60738dbad976: start FollowerState
2019-10-23 12:36:43,623 [Thread-2086] INFO  impl.FollowerState (FollowerState.java:run(117)) - 389d5540-641f-48c2-a9df-60738dbad976@group-AF49A4A4CA2A-FollowerState was interrupted: java.lang.InterruptedException: sleep interrupted
2019-10-23 12:36:43,636 [279bca68-3e74-4690-81cf-da5ab79b92f7@group-AF49A4A4CA2A-LeaderElection280] INFO  impl.LeaderElection (LeaderElection.java:logAndReturn(56)) - 279bca68-3e74-4690-81cf-da5ab79b92f7@group-AF49A4A4CA2A-LeaderElection280: Election REJECTED; received 2 response(s) [279bca68-3e74-4690-81cf-da5ab79b92f7<-daebe4f8-0ad9-4eb2-8ed7-3a8051847eb6#0:FAIL-t305, 279bca68-3e74-4690-81cf-da5ab79b92f7<-389d5540-641f-48c2-a9df-60738dbad976#0:FAIL-t305] and 0 exception(s); 279bca68-3e74-4690-81cf-da5ab79b92f7@group-AF49A4A4CA2A:t305, leader=null, voted=279bca68-3e74-4690-81cf-da5ab79b92f7, raftlog=279bca68-3e74-4690-81cf-da5ab79b92f7@group-AF49A4A4CA2A-SegmentedRaftLog:OPENED:c-1,f-1,i0, conf=-1: [daebe4f8-0ad9-4eb2-8ed7-3a8051847eb6:192.168.69.118:44860, 389d5540-641f-48c2-a9df-60738dbad976:192.168.69.118:45712, 279bca68-3e74-4690-81cf-da5ab79b92f7:192.168.69.118:45510], old=null
2019-10-23 12:36:43,637 [279bca68-3e74-4690-81cf-da5ab79b92f7@group-AF49A4A4CA2A-LeaderElection280] INFO  impl.RaftServerImpl (RaftServerImpl.java:setRole(184)) - 279bca68-3e74-4690-81cf-da5ab79b92f7@group-AF49A4A4CA2A: changes role from CANDIDATE to FOLLOWER at term 305 for DISCOVERED_A_NEW_TERM
2019-10-23 12:36:43,637 [279bca68-3e74-4690-81cf-da5ab79b92f7@group-AF49A4A4CA2A-LeaderElection280] INFO  impl.RoleInfo (RoleInfo.java:shutdownLeaderElection(134)) - 279bca68-3e74-4690-81cf-da5ab79b92f7: shutdown LeaderElection
2019-10-23 12:36:43,637 [279bca68-3e74-4690-81cf-da5ab79b92f7@group-AF49A4A4CA2A-LeaderElection280] INFO  impl.RoleInfo (RoleInfo.java:updateAndGet(143)) - 279bca68-3e74-4690-81cf-da5ab79b92f7: start FollowerState
2019-10-23 12:36:43,775 [Thread-2093] INFO  impl.FollowerState (FollowerState.java:run(108)) - 279bca68-3e74-4690-81cf-da5ab79b92f7@group-AF49A4A4CA2A-FollowerState: change to CANDIDATE, lastRpcTime:138ms, electionTimeout:138ms
2019-10-23 12:36:43,775 [Thread-2093] INFO  impl.RoleInfo (RoleInfo.java:shutdownFollowerState(121)) - 279bca68-3e74-4690-81cf-da5ab79b92f7: shutdown FollowerState
2019-10-23 12:36:43,776 [Thread-2093] INFO  impl.RaftServerImpl (RaftServerImpl.java:setRole(184)) - 279bca68-3e74-4690-81cf-da5ab79b92f7@group-AF49A4A4CA2A: changes role from  FOLLOWER to CANDIDATE at term 305 for changeToCandidate
2019-10-23 12:36:43,776 [Thread-2093] INFO  impl.RoleInfo (RoleInfo.java:updateAndGet(143)) - 279bca68-3e74-4690-81cf-da5ab79b92f7: start LeaderElection
2019-10-23 12:36:43,801 [279bca68-3e74-4690-81cf-da5ab79b92f7@group-AF49A4A4CA2A-LeaderElection281] INFO  impl.LeaderElection (LeaderElection.java:askForVotes(178)) - 279bca68-3e74-4690-81cf-da5ab79b92f7@group-AF49A4A4CA2A-LeaderElection281: begin an election at term 306 for -1: [daebe4f8-0ad9-4eb2-8ed7-3a8051847eb6:192.168.69.118:44860, 389d5540-641f-48c2-a9df-60738dbad976:192.168.69.118:45712, 279bca68-3e74-4690-81cf-da5ab79b92f7:192.168.69.118:45510], old=null
2019-10-23 12:36:43,804 [grpc-default-executor-4] INFO  impl.RaftServerImpl (RaftServerImpl.java:setRole(184)) - daebe4f8-0ad9-4eb2-8ed7-3a8051847eb6@group-AF49A4A4CA2A: changes role from  FOLLOWER to FOLLOWER at term 306 for recognizeCandidate:279bca68-3e74-4690-81cf-da5ab79b92f7
2019-10-23 12:36:43,804 [grpc-default-executor-4] INFO  impl.RoleInfo (RoleInfo.java:shutdownFollowerState(121)) - daebe4f8-0ad9-4eb2-8ed7-3a8051847eb6: shutdown FollowerState
2019-10-23 12:36:43,804 [grpc-default-executor-4] INFO  impl.RoleInfo (RoleInfo.java:updateAndGet(143)) - daebe4f8-0ad9-4eb2-8ed7-3a8051847eb6: start FollowerState
2019-10-23 12:36:43,804 [grpc-default-executor-3] INFO  impl.RaftServerImpl (RaftServerImpl.java:setRole(184)) - 389d5540-641f-48c2-a9df-60738dbad976@group-AF49A4A4CA2A: changes role from  FOLLOWER to FOLLOWER at term 306 for recognizeCandidate:279bca68-3e74-4690-81cf-da5ab79b92f7
2019-10-23 12:36:43,804 [grpc-default-executor-3] INFO  impl.RoleInfo (RoleInfo.java:shutdownFollowerState(121)) - 389d5540-641f-48c2-a9df-60738dbad976: shutdown FollowerState
2019-10-23 12:36:43,804 [Thread-2091] INFO  impl.FollowerState (FollowerState.java:run(117)) - daebe4f8-0ad9-4eb2-8ed7-3a8051847eb6@group-AF49A4A4CA2A-FollowerState was interrupted: java.lang.InterruptedException: sleep interrupted
2019-10-23 12:36:43,805 [Thread-2092] INFO  impl.FollowerState (FollowerState.java:run(117)) - 389d5540-641f-48c2-a9df-60738dbad976@group-AF49A4A4CA2A-FollowerState was interrupted: java.lang.InterruptedException: sleep interrupted
2019-10-23 12:36:43,805 [grpc-default-executor-3] INFO  impl.RoleInfo (RoleInfo.java:updateAndGet(143)) - 389d5540-641f-48c2-a9df-60738dbad976: start FollowerState
2019-10-23 12:36:43,819 [279bca68-3e74-4690-81cf-da5ab79b92f7@group-AF49A4A4CA2A-LeaderElection281] INFO  impl.LeaderElection (LeaderElection.java:logAndReturn(56)) - 279bca68-3e74-4690-81cf-da5ab79b92f7@group-AF49A4A4CA2A-LeaderElection281: Election REJECTED; received 2 response(s) [279bca68-3e74-4690-81cf-da5ab79b92f7<-daebe4f8-0ad9-4eb2-8ed7-3a8051847eb6#0:FAIL-t306, 279bca68-3e74-4690-81cf-da5ab79b92f7<-389d5540-641f-48c2-a9df-60738dbad976#0:FAIL-t306] and 0 exception(s); 279bca68-3e74-4690-81cf-da5ab79b92f7@group-AF49A4A4CA2A:t306, leader=null, voted=279bca68-3e74-4690-81cf-da5ab79b92f7, raftlog=279bca68-3e74-4690-81cf-da5ab79b92f7@group-AF49A4A4CA2A-SegmentedRaftLog:OPENED:c-1,f-1,i0, conf=-1: [daebe4f8-0ad9-4eb2-8ed7-3a8051847eb6:192.168.69.118:44860, 389d5540-641f-48c2-a9df-60738dbad976:192.168.69.118:45712, 279bca68-3e74-4690-81cf-da5ab79b92f7:192.168.69.118:45510], old=null
2019-10-23 12:36:43,819 [279bca68-3e74-4690-81cf-da5ab79b92f7@group-AF49A4A4CA2A-LeaderElection281] INFO  impl.RaftServerImpl (RaftServerImpl.java:setRole(184)) - 279bca68-3e74-4690-81cf-da5ab79b92f7@group-AF49A4A4CA2A: changes role from CANDIDATE to FOLLOWER at term 306 for DISCOVERED_A_NEW_TERM
2019-10-23 12:36:43,819 [279bca68-3e74-4690-81cf-da5ab79b92f7@group-AF49A4A4CA2A-LeaderElection281] INFO  impl.RoleInfo (RoleInfo.java:shutdownLeaderElection(134)) - 279bca68-3e74-4690-81cf-da5ab79b92f7: shutdown LeaderElection
2019-10-23 12:36:43,820 [279bca68-3e74-4690-81cf-da5ab79b92f7@group-AF49A4A4CA2A-LeaderElection281] INFO  impl.RoleInfo (RoleInfo.java:updateAndGet(143)) - 279bca68-3e74-4690-81cf-da5ab79b92f7: start FollowerState
2019-10-23 12:36:43,880 [Thread-2099] INFO  impl.FollowerState (FollowerState.java:run(108)) - 279bca68-3e74-4690-81cf-da5ab79b92f7@group-AF49A4A4CA2A-FollowerState: change to CANDIDATE, lastRpcTime:60ms, electionTimeout:60ms
2019-10-23 12:36:43,880 [Thread-2099] INFO  impl.RoleInfo (RoleInfo.java:shutdownFollowerState(121)) - 279bca68-3e74-4690-81cf-da5ab79b92f7: shutdown FollowerState
2019-10-23 12:36:43,880 [Thread-2099] INFO  impl.RaftServerImpl (RaftServerImpl.java:setRole(184)) - 279bca68-3e74-4690-81cf-da5ab79b92f7@group-AF49A4A4CA2A: changes role from  FOLLOWER to CANDIDATE at term 306 for changeToCandidate
2019-10-23 12:36:43,880 [Thread-2099] INFO  impl.RoleInfo (RoleInfo.java:updateAndGet(143)) - 279bca68-3e74-4690-81cf-da5ab79b92f7: start LeaderElection
2019-10-23 12:36:43,906 [279bca68-3e74-4690-81cf-da5ab79b92f7@group-AF49A4A4CA2A-LeaderElection282] INFO  impl.LeaderElection (LeaderElection.java:askForVotes(178)) - 279bca68-3e74-4690-81cf-da5ab79b92f7@group-AF49A4A4CA2A-LeaderElection282: begin an election at term 307 for -1: [daebe4f8-0ad9-4eb2-8ed7-3a8051847eb6:192.168.69.118:44860, 389d5540-641f-48c2-a9df-60738dbad976:192.168.69.118:45712, 279bca68-3e74-4690-81cf-da5ab79b92f7:192.168.69.118:45510], old=null
2019-10-23 12:36:43,907 [grpc-default-executor-3] INFO  impl.RaftServerImpl (RaftServerImpl.java:setRole(184)) - daebe4f8-0ad9-4eb2-8ed7-3a8051847eb6@group-AF49A4A4CA2A: changes role from  FOLLOWER to FOLLOWER at term 307 for recognizeCandidate:279bca68-3e74-4690-81cf-da5ab79b92f7
2019-10-23 12:36:43,907 [grpc-default-executor-3] INFO  impl.RoleInfo (RoleInfo.java:shutdownFollowerState(121)) - daebe4f8-0ad9-4eb2-8ed7-3a8051847eb6: shutdown FollowerState
2019-10-23 12:36:43,907 [grpc-default-executor-4] INFO  impl.RaftServerImpl (RaftServerImpl.java:setRole(184)) - 389d5540-641f-48c2-a9df-60738dbad976@group-AF49A4A4CA2A: changes role from  FOLLOWER to FOLLOWER at term 307 for recognizeCandidate:279bca68-3e74-4690-81cf-da5ab79b92f7
2019-10-23 12:36:43,908 [Thread-2097] INFO  impl.FollowerState (FollowerState.java:run(117)) - daebe4f8-0ad9-4eb2-8ed7-3a8051847eb6@group-AF49A4A4CA2A-FollowerState was interrupted: java.lang.InterruptedException: sleep interrupted
2019-10-23 12:36:43,908 [grpc-default-executor-3] INFO  impl.RoleInfo (RoleInfo.java:updateAndGet(143)) - daebe4f8-0ad9-4eb2-8ed7-3a8051847eb6: start FollowerState
2019-10-23 12:36:43,908 [grpc-default-executor-4] INFO  impl.RoleInfo (RoleInfo.java:shutdownFollowerState(121)) - 389d5540-641f-48c2-a9df-60738dbad976: shutdown FollowerState
2019-10-23 12:36:43,908 [grpc-default-executor-4] INFO  impl.RoleInfo (RoleInfo.java:updateAndGet(143)) - 389d5540-641f-48c2-a9df-60738dbad976: start FollowerState
2019-10-23 12:36:43,908 [Thread-2098] INFO  impl.FollowerState (FollowerState.java:run(117)) - 389d5540-641f-48c2-a9df-60738dbad976@group-AF49A4A4CA2A-FollowerState was interrupted: java.lang.InterruptedException: sleep interrupted
2019-10-23 12:36:43,922 [279bca68-3e74-4690-81cf-da5ab79b92f7@group-AF49A4A4CA2A-LeaderElection282] INFO  impl.LeaderElection (LeaderElection.java:logAndReturn(56)) - 279bca68-3e74-4690-81cf-da5ab79b92f7@group-AF49A4A4CA2A-LeaderElection282: Election REJECTED; received 2 response(s) [279bca68-3e74-4690-81cf-da5ab79b92f7<-daebe4f8-0ad9-4eb2-8ed7-3a8051847eb6#0:FAIL-t307, 279bca68-3e74-4690-81cf-da5ab79b92f7<-389d5540-641f-48c2-a9df-60738dbad976#0:FAIL-t307] and 0 exception(s); 279bca68-3e74-4690-81cf-da5ab79b92f7@group-AF49A4A4CA2A:t307, leader=null, voted=279bca68-3e74-4690-81cf-da5ab79b92f7, raftlog=279bca68-3e74-4690-81cf-da5ab79b92f7@group-AF49A4A4CA2A-SegmentedRaftLog:OPENED:c-1,f-1,i0, conf=-1: [daebe4f8-0ad9-4eb2-8ed7-3a8051847eb6:192.168.69.118:44860, 389d5540-641f-48c2-a9df-60738dbad976:192.168.69.118:45712, 279bca68-3e74-4690-81cf-da5ab79b92f7:192.168.69.118:45510], old=null
2019-10-23 12:36:43,922 [279bca68-3e74-4690-81cf-da5ab79b92f7@group-AF49A4A4CA2A-LeaderElection282] INFO  impl.RaftServerImpl (RaftServerImpl.java:setRole(184)) - 279bca68-3e74-4690-81cf-da5ab79b92f7@group-AF49A4A4CA2A: changes role from CANDIDATE to FOLLOWER at term 307 for DISCOVERED_A_NEW_TERM
2019-10-23 12:36:43,923 [279bca68-3e74-4690-81cf-da5ab79b92f7@group-AF49A4A4CA2A-LeaderElection282] INFO  impl.RoleInfo (RoleInfo.java:shutdownLeaderElection(134)) - 279bca68-3e74-4690-81cf-da5ab79b92f7: shutdown LeaderElection
2019-10-23 12:36:43,923 [279bca68-3e74-4690-81cf-da5ab79b92f7@group-AF49A4A4CA2A-LeaderElection282] INFO  impl.RoleInfo (RoleInfo.java:updateAndGet(143)) - 279bca68-3e74-4690-81cf-da5ab79b92f7: start FollowerState
2019-10-23 12:36:44,080 [Thread-2105] INFO  impl.FollowerState (FollowerState.java:run(108)) - 279bca68-3e74-4690-81cf-da5ab79b92f7@group-AF49A4A4CA2A-FollowerState: change to CANDIDATE, lastRpcTime:157ms, electionTimeout:157ms
2019-10-23 12:36:44,080 [Thread-2105] INFO  impl.RoleInfo (RoleInfo.java:shutdownFollowerState(121)) - 279bca68-3e74-4690-81cf-da5ab79b92f7: shutdown FollowerState
2019-10-23 12:36:44,081 [Thread-2105] INFO  impl.RaftServerImpl (RaftServerImpl.java:setRole(184)) - 279bca68-3e74-4690-81cf-da5ab79b92f7@group-AF49A4A4CA2A: changes role from  FOLLOWER to CANDIDATE at term 307 for changeToCandidate
2019-10-23 12:36:44,081 [Thread-2105] INFO  impl.RoleInfo (RoleInfo.java:updateAndGet(143)) - 279bca68-3e74-4690-81cf-da5ab79b92f7: start LeaderElection
2019-10-23 12:36:44,111 [279bca68-3e74-4690-81cf-da5ab79b92f7@group-AF49A4A4CA2A-LeaderElection283] INFO  impl.LeaderElection (LeaderElection.java:askForVotes(178)) - 279bca68-3e74-4690-81cf-da5ab79b92f7@group-AF49A4A4CA2A-LeaderElection283: begin an election at term 308 for -1: [daebe4f8-0ad9-4eb2-8ed7-3a8051847eb6:192.168.69.118:44860, 389d5540-641f-48c2-a9df-60738dbad976:192.168.69.118:45712, 279bca68-3e74-4690-81cf-da5ab79b92f7:192.168.69.118:45510], old=null
2019-10-23 12:36:44,113 [grpc-default-executor-3] INFO  impl.RaftServerImpl (RaftServerImpl.java:setRole(184)) - daebe4f8-0ad9-4eb2-8ed7-3a8051847eb6@group-AF49A4A4CA2A: changes role from  FOLLOWER to FOLLOWER at term 308 for recognizeCandidate:279bca68-3e74-4690-81cf-da5ab79b92f7
2019-10-23 12:36:44,114 [grpc-default-executor-3] INFO  impl.RoleInfo (RoleInfo.java:shutdownFollowerState(121)) - daebe4f8-0ad9-4eb2-8ed7-3a8051847eb6: shutdown FollowerState
2019-10-23 12:36:44,114 [grpc-default-executor-4] INFO  impl.RaftServerImpl (RaftServerImpl.java:setRole(184)) - 389d5540-641f-48c2-a9df-60738dbad976@group-AF49A4A4CA2A: changes role from  FOLLOWER to FOLLOWER at term 308 for recognizeCandidate:279bca68-3e74-4690-81cf-da5ab79b92f7
2019-10-23 12:36:44,114 [grpc-default-executor-4] INFO  impl.RoleInfo (RoleInfo.java:shutdownFollowerState(121)) - 389d5540-641f-48c2-a9df-60738dbad976: shutdown FollowerState
2019-10-23 12:36:44,114 [Thread-2103] INFO  impl.FollowerState (FollowerState.java:run(117)) - daebe4f8-0ad9-4eb2-8ed7-3a8051847eb6@group-AF49A4A4CA2A-FollowerState was interrupted: java.lang.InterruptedException: sleep interrupted
2019-10-23 12:36:44,114 [grpc-default-executor-3] INFO  impl.RoleInfo (RoleInfo.java:updateAndGet(143)) - daebe4f8-0ad9-4eb2-8ed7-3a8051847eb6: start FollowerState
2019-10-23 12:36:44,114 [Thread-2104] INFO  impl.FollowerState (FollowerState.java:run(117)) - 389d5540-641f-48c2-a9df-60738dbad976@group-AF49A4A4CA2A-FollowerState was interrupted: java.lang.InterruptedException: sleep interrupted
2019-10-23 12:36:44,114 [grpc-default-executor-4] INFO  impl.RoleInfo (RoleInfo.java:updateAndGet(143)) - 389d5540-641f-48c2-a9df-60738dbad976: start FollowerState
2019-10-23 12:36:44,129 [279bca68-3e74-4690-81cf-da5ab79b92f7@group-AF49A4A4CA2A-LeaderElection283] INFO  impl.LeaderElection (LeaderElection.java:logAndReturn(56)) - 279bca68-3e74-4690-81cf-da5ab79b92f7@group-AF49A4A4CA2A-LeaderElection283: Election REJECTED; received 2 response(s) [279bca68-3e74-4690-81cf-da5ab79b92f7<-daebe4f8-0ad9-4eb2-8ed7-3a8051847eb6#0:FAIL-t308, 279bca68-3e74-4690-81cf-da5ab79b92f7<-389d5540-641f-48c2-a9df-60738dbad976#0:FAIL-t308] and 0 exception(s); 279bca68-3e74-4690-81cf-da5ab79b92f7@group-AF49A4A4CA2A:t308, leader=null, voted=279bca68-3e74-4690-81cf-da5ab79b92f7, raftlog=279bca68-3e74-4690-81cf-da5ab79b92f7@group-AF49A4A4CA2A-SegmentedRaftLog:OPENED:c-1,f-1,i0, conf=-1: [daebe4f8-0ad9-4eb2-8ed7-3a8051847eb6:192.168.69.118:44860, 389d5540-641f-48c2-a9df-60738dbad976:192.168.69.118:45712, 279bca68-3e74-4690-81cf-da5ab79b92f7:192.168.69.118:45510], old=null
2019-10-23 12:36:44,129 [279bca68-3e74-4690-81cf-da5ab79b92f7@group-AF49A4A4CA2A-LeaderElection283] INFO  impl.RaftServerImpl (RaftServerImpl.java:setRole(184)) - 279bca68-3e74-4690-81cf-da5ab79b92f7@group-AF49A4A4CA2A: changes role from CANDIDATE to FOLLOWER at term 308 for DISCOVERED_A_NEW_TERM
2019-10-23 12:36:44,129 [279bca68-3e74-4690-81cf-da5ab79b92f7@group-AF49A4A4CA2A-LeaderElection283] INFO  impl.RoleInfo (RoleInfo.java:shutdownLeaderElection(134)) - 279bca68-3e74-4690-81cf-da5ab79b92f7: shutdown LeaderElection
2019-10-23 12:36:44,129 [279bca68-3e74-4690-81cf-da5ab79b92f7@group-AF49A4A4CA2A-LeaderElection283] INFO  impl.RoleInfo (RoleInfo.java:updateAndGet(143)) - 279bca68-3e74-4690-81cf-da5ab79b92f7: start FollowerState
2019-10-23 12:36:44,323 [Thread-2111] INFO  impl.FollowerState (FollowerState.java:run(108)) - 279bca68-3e74-4690-81cf-da5ab79b92f7@group-AF49A4A4CA2A-FollowerState: change to CANDIDATE, lastRpcTime:193ms, electionTimeout:193ms
2019-10-23 12:36:44,323 [Thread-2111] INFO  impl.RoleInfo (RoleInfo.java:shutdownFollowerState(121)) - 279bca68-3e74-4690-81cf-da5ab79b92f7: shutdown FollowerState
2019-10-23 12:36:44,323 [Thread-2111] INFO  impl.RaftServerImpl (RaftServerImpl.java:setRole(184)) - 279bca68-3e74-4690-81cf-da5ab79b92f7@group-AF49A4A4CA2A: changes role from  FOLLOWER to CANDIDATE at term 308 for changeToCandidate
2019-10-23 12:36:44,323 [Thread-2111] INFO  impl.RoleInfo (RoleInfo.java:updateAndGet(143)) - 279bca68-3e74-4690-81cf-da5ab79b92f7: start LeaderElection
2019-10-23 12:36:44,345 [279bca68-3e74-4690-81cf-da5ab79b92f7@group-AF49A4A4CA2A-LeaderElection284] INFO  impl.LeaderElection (LeaderElection.java:askForVotes(178)) - 279bca68-3e74-4690-81cf-da5ab79b92f7@group-AF49A4A4CA2A-LeaderElection284: begin an election at term 309 for -1: [daebe4f8-0ad9-4eb2-8ed7-3a8051847eb6:192.168.69.118:44860, 389d5540-641f-48c2-a9df-60738dbad976:192.168.69.118:45712, 279bca68-3e74-4690-81cf-da5ab79b92f7:192.168.69.118:45510], old=null
2019-10-23 12:36:44,350 [grpc-default-executor-4] INFO  impl.RaftServerImpl (RaftServerImpl.java:setRole(184)) - daebe4f8-0ad9-4eb2-8ed7-3a8051847eb6@group-AF49A4A4CA2A: changes role from  FOLLOWER to FOLLOWER at term 309 for recognizeCandidate:279bca68-3e74-4690-81cf-da5ab79b92f7
2019-10-23 12:36:44,350 [grpc-default-executor-3] INFO  impl.RaftServerImpl (RaftServerImpl.java:setRole(184)) - 389d5540-641f-48c2-a9df-60738dbad976@group-AF49A4A4CA2A: changes role from  FOLLOWER to FOLLOWER at term 309 for recognizeCandidate:279bca68-3e74-4690-81cf-da5ab79b92f7
2019-10-23 12:36:44,350 [grpc-default-executor-4] INFO  impl.RoleInfo (RoleInfo.java:shutdownFollowerState(121)) - daebe4f8-0ad9-4eb2-8ed7-3a8051847eb6: shutdown FollowerState
2019-10-23 12:36:44,350 [grpc-default-executor-3] INFO  impl.RoleInfo (RoleInfo.java:shutdownFollowerState(121)) - 389d5540-641f-48c2-a9df-60738dbad976: shutdown FollowerState
2019-10-23 12:36:44,350 [Thread-2109] INFO  impl.FollowerState (FollowerState.java:run(117)) - daebe4f8-0ad9-4eb2-8ed7-3a8051847eb6@group-AF49A4A4CA2A-FollowerState was interrupted: java.lang.InterruptedException: sleep interrupted
2019-10-23 12:36:44,350 [grpc-default-executor-4] INFO  impl.RoleInfo (RoleInfo.java:updateAndGet(143)) - daebe4f8-0ad9-4eb2-8ed7-3a8051847eb6: start FollowerState
2019-10-23 12:36:44,350 [Thread-2110] INFO  impl.FollowerState (FollowerState.java:run(117)) - 389d5540-641f-48c2-a9df-60738dbad976@group-AF49A4A4CA2A-FollowerState was interrupted: java.lang.InterruptedException: sleep interrupted
2019-10-23 12:36:44,350 [grpc-default-executor-3] INFO  impl.RoleInfo (RoleInfo.java:updateAndGet(143)) - 389d5540-641f-48c2-a9df-60738dbad976: start FollowerState
2019-10-23 12:36:44,361 [279bca68-3e74-4690-81cf-da5ab79b92f7@group-AF49A4A4CA2A-LeaderElection284] INFO  impl.LeaderElection (LeaderElection.java:logAndReturn(56)) - 279bca68-3e74-4690-81cf-da5ab79b92f7@group-AF49A4A4CA2A-LeaderElection284: Election REJECTED; received 2 response(s) [279bca68-3e74-4690-81cf-da5ab79b92f7<-daebe4f8-0ad9-4eb2-8ed7-3a8051847eb6#0:FAIL-t309, 279bca68-3e74-4690-81cf-da5ab79b92f7<-389d5540-641f-48c2-a9df-60738dbad976#0:FAIL-t309] and 0 exception(s); 279bca68-3e74-4690-81cf-da5ab79b92f7@group-AF49A4A4CA2A:t309, leader=null, voted=279bca68-3e74-4690-81cf-da5ab79b92f7, raftlog=279bca68-3e74-4690-81cf-da5ab79b92f7@group-AF49A4A4CA2A-SegmentedRaftLog:OPENED:c-1,f-1,i0, conf=-1: [daebe4f8-0ad9-4eb2-8ed7-3a8051847eb6:192.168.69.118:44860, 389d5540-641f-48c2-a9df-60738dbad976:192.168.69.118:45712, 279bca68-3e74-4690-81cf-da5ab79b92f7:192.168.69.118:45510], old=null
2019-10-23 12:36:44,362 [279bca68-3e74-4690-81cf-da5ab79b92f7@group-AF49A4A4CA2A-LeaderElection284] INFO  impl.RaftServerImpl (RaftServerImpl.java:setRole(184)) - 279bca68-3e74-4690-81cf-da5ab79b92f7@group-AF49A4A4CA2A: changes role from CANDIDATE to FOLLOWER at term 309 for DISCOVERED_A_NEW_TERM
2019-10-23 12:36:44,362 [279bca68-3e74-4690-81cf-da5ab79b92f7@group-AF49A4A4CA2A-LeaderElection284] INFO  impl.RoleInfo (RoleInfo.java:shutdownLeaderElection(134)) - 279bca68-3e74-4690-81cf-da5ab79b92f7: shutdown LeaderElection
2019-10-23 12:36:44,362 [279bca68-3e74-4690-81cf-da5ab79b92f7@group-AF49A4A4CA2A-LeaderElection284] INFO  impl.RoleInfo (RoleInfo.java:updateAndGet(143)) - 279bca68-3e74-4690-81cf-da5ab79b92f7: start FollowerState
2019-10-23 12:36:44,471 [Thread-2119] INFO  impl.FollowerState (FollowerState.java:run(108)) - 279bca68-3e74-4690-81cf-da5ab79b92f7@group-AF49A4A4CA2A-FollowerState: change to CANDIDATE, lastRpcTime:109ms, electionTimeout:109ms
2019-10-23 12:36:44,471 [Thread-2119] INFO  impl.RoleInfo (RoleInfo.java:shutdownFollowerState(121)) - 279bca68-3e74-4690-81cf-da5ab79b92f7: shutdown FollowerState
2019-10-23 12:36:44,472 [Thread-2119] INFO  impl.RaftServerImpl (RaftServerImpl.java:setRole(184)) - 279bca68-3e74-4690-81cf-da5ab79b92f7@group-AF49A4A4CA2A: changes role from  FOLLOWER to CANDIDATE at term 309 for changeToCandidate
2019-10-23 12:36:44,472 [Thread-2119] INFO  impl.RoleInfo (RoleInfo.java:updateAndGet(143)) - 279bca68-3e74-4690-81cf-da5ab79b92f7: start LeaderElection
2019-10-23 12:36:44,486 [279bca68-3e74-4690-81cf-da5ab79b92f7@group-AF49A4A4CA2A-LeaderElection285] INFO  impl.LeaderElection (LeaderElection.java:askForVotes(178)) - 279bca68-3e74-4690-81cf-da5ab79b92f7@group-AF49A4A4CA2A-LeaderElection285: begin an election at term 310 for -1: [daebe4f8-0ad9-4eb2-8ed7-3a8051847eb6:192.168.69.118:44860, 389d5540-641f-48c2-a9df-60738dbad976:192.168.69.118:45712, 279bca68-3e74-4690-81cf-da5ab79b92f7:192.168.69.118:45510], old=null
2019-10-23 12:36:44,488 [grpc-default-executor-3] INFO  impl.RaftServerImpl (RaftServerImpl.java:setRole(184)) - daebe4f8-0ad9-4eb2-8ed7-3a8051847eb6@group-AF49A4A4CA2A: changes role from  FOLLOWER to FOLLOWER at term 310 for recognizeCandidate:279bca68-3e74-4690-81cf-da5ab79b92f7
2019-10-23 12:36:44,488 [grpc-default-executor-3] INFO  impl.RoleInfo (RoleInfo.java:shutdownFollowerState(121)) - daebe4f8-0ad9-4eb2-8ed7-3a8051847eb6: shutdown FollowerState
2019-10-23 12:36:44,488 [grpc-default-executor-4] INFO  impl.RaftServerImpl (RaftServerImpl.java:setRole(184)) - 389d5540-641f-48c2-a9df-60738dbad976@group-AF49A4A4CA2A: changes role from  FOLLOWER to FOLLOWER at term 310 for recognizeCandidate:279bca68-3e74-4690-81cf-da5ab79b92f7
2019-10-23 12:36:44,488 [Thread-2117] INFO  impl.FollowerState (FollowerState.java:run(117)) - daebe4f8-0ad9-4eb2-8ed7-3a8051847eb6@group-AF49A4A4CA2A-FollowerState was interrupted: java.lang.InterruptedException: sleep interrupted
2019-10-23 12:36:44,488 [grpc-default-executor-3] INFO  impl.RoleInfo (RoleInfo.java:updateAndGet(143)) - daebe4f8-0ad9-4eb2-8ed7-3a8051847eb6: start FollowerState
2019-10-23 12:36:44,488 [grpc-default-executor-4] INFO  impl.RoleInfo (RoleInfo.java:shutdownFollowerState(121)) - 389d5540-641f-48c2-a9df-60738dbad976: shutdown FollowerState
2019-10-23 12:36:44,489 [grpc-default-executor-4] INFO  impl.RoleInfo (RoleInfo.java:updateAndGet(143)) - 389d5540-641f-48c2-a9df-60738dbad976: start FollowerState
2019-10-23 12:36:44,489 [Thread-2118] INFO  impl.FollowerState (FollowerState.java:run(117)) - 389d5540-641f-48c2-a9df-60738dbad976@group-AF49A4A4CA2A-FollowerState was interrupted: java.lang.InterruptedException: sleep interrupted
2019-10-23 12:36:44,504 [279bca68-3e74-4690-81cf-da5ab79b92f7@group-AF49A4A4CA2A-LeaderElection285] INFO  impl.LeaderElection (LeaderElection.java:logAndReturn(56)) - 279bca68-3e74-4690-81cf-da5ab79b92f7@group-AF49A4A4CA2A-LeaderElection285: Election REJECTED; received 2 response(s) [279bca68-3e74-4690-81cf-da5ab79b92f7<-daebe4f8-0ad9-4eb2-8ed7-3a8051847eb6#0:FAIL-t310, 279bca68-3e74-4690-81cf-da5ab79b92f7<-389d5540-641f-48c2-a9df-60738dbad976#0:FAIL-t310] and 0 exception(s); 279bca68-3e74-4690-81cf-da5ab79b92f7@group-AF49A4A4CA2A:t310, leader=null, voted=279bca68-3e74-4690-81cf-da5ab79b92f7, raftlog=279bca68-3e74-4690-81cf-da5ab79b92f7@group-AF49A4A4CA2A-SegmentedRaftLog:OPENED:c-1,f-1,i0, conf=-1: [daebe4f8-0ad9-4eb2-8ed7-3a8051847eb6:192.168.69.118:44860, 389d5540-641f-48c2-a9df-60738dbad976:192.168.69.118:45712, 279bca68-3e74-4690-81cf-da5ab79b92f7:192.168.69.118:45510], old=null
2019-10-23 12:36:44,504 [279bca68-3e74-4690-81cf-da5ab79b92f7@group-AF49A4A4CA2A-LeaderElection285] INFO  impl.RaftServerImpl (RaftServerImpl.java:setRole(184)) - 279bca68-3e74-4690-81cf-da5ab79b92f7@group-AF49A4A4CA2A: changes role from CANDIDATE to FOLLOWER at term 310 for DISCOVERED_A_NEW_TERM
2019-10-23 12:36:44,504 [279bca68-3e74-4690-81cf-da5ab79b92f7@group-AF49A4A4CA2A-LeaderElection285] INFO  impl.RoleInfo (RoleInfo.java:shutdownLeaderElection(134)) - 279bca68-3e74-4690-81cf-da5ab79b92f7: shutdown LeaderElection
2019-10-23 12:36:44,504 [279bca68-3e74-4690-81cf-da5ab79b92f7@group-AF49A4A4CA2A-LeaderElection285] INFO  impl.RoleInfo (RoleInfo.java:updateAndGet(143)) - 279bca68-3e74-4690-81cf-da5ab79b92f7: start FollowerState
2019-10-23 12:36:44,640 [Thread-2125] INFO  impl.FollowerState (FollowerState.java:run(108)) - 279bca68-3e74-4690-81cf-da5ab79b92f7@group-AF49A4A4CA2A-FollowerState: change to CANDIDATE, lastRpcTime:135ms, electionTimeout:135ms
2019-10-23 12:36:44,640 [Thread-2125] INFO  impl.RoleInfo (RoleInfo.java:shutdownFollowerState(121)) - 279bca68-3e74-4690-81cf-da5ab79b92f7: shutdown FollowerState
2019-10-23 12:36:44,640 [Thread-2125] INFO  impl.RaftServerImpl (RaftServerImpl.java:setRole(184)) - 279bca68-3e74-4690-81cf-da5ab79b92f7@group-AF49A4A4CA2A: changes role from  FOLLOWER to CANDIDATE at term 310 for changeToCandidate
2019-10-23 12:36:44,640 [Thread-2125] INFO  impl.RoleInfo (RoleInfo.java:updateAndGet(143)) - 279bca68-3e74-4690-81cf-da5ab79b92f7: start LeaderElection
2019-10-23 12:36:44,719 [279bca68-3e74-4690-81cf-da5ab79b92f7@group-AF49A4A4CA2A-LeaderElection286] INFO  impl.LeaderElection (LeaderElection.java:askForVotes(178)) - 279bca68-3e74-4690-81cf-da5ab79b92f7@group-AF49A4A4CA2A-LeaderElection286: begin an election at term 311 for -1: [daebe4f8-0ad9-4eb2-8ed7-3a8051847eb6:192.168.69.118:44860, 389d5540-641f-48c2-a9df-60738dbad976:192.168.69.118:45712, 279bca68-3e74-4690-81cf-da5ab79b92f7:192.168.69.118:45510], old=null
2019-10-23 12:36:44,721 [grpc-default-executor-4] INFO  impl.RaftServerImpl (RaftServerImpl.java:setRole(184)) - daebe4f8-0ad9-4eb2-8ed7-3a8051847eb6@group-AF49A4A4CA2A: changes role from  FOLLOWER to FOLLOWER at term 311 for recognizeCandidate:279bca68-3e74-4690-81cf-da5ab79b92f7
2019-10-23 12:36:44,721 [grpc-default-executor-4] INFO  impl.RoleInfo (RoleInfo.java:shutdownFollowerState(121)) - daebe4f8-0ad9-4eb2-8ed7-3a8051847eb6: shutdown FollowerState
2019-10-23 12:36:44,722 [grpc-default-executor-3] INFO  impl.RaftServerImpl (RaftServerImpl.java:setRole(184)) - 389d5540-641f-48c2-a9df-60738dbad976@group-AF49A4A4CA2A: changes role from  FOLLOWER to FOLLOWER at term 311 for recognizeCandidate:279bca68-3e74-4690-81cf-da5ab79b92f7
2019-10-23 12:36:44,722 [grpc-default-executor-3] INFO  impl.RoleInfo (RoleInfo.java:shutdownFollowerState(121)) - 389d5540-641f-48c2-a9df-60738dbad976: shutdown FollowerState
2019-10-23 12:36:44,722 [Thread-2123] INFO  impl.FollowerState (FollowerState.java:run(117)) - daebe4f8-0ad9-4eb2-8ed7-3a8051847eb6@group-AF49A4A4CA2A-FollowerState was interrupted: java.lang.InterruptedException: sleep interrupted
2019-10-23 12:36:44,722 [grpc-default-executor-4] INFO  impl.RoleInfo (RoleInfo.java:updateAndGet(143)) - daebe4f8-0ad9-4eb2-8ed7-3a8051847eb6: start FollowerState
2019-10-23 12:36:44,722 [Thread-2124] INFO  impl.FollowerState (FollowerState.java:run(117)) - 389d5540-641f-48c2-a9df-60738dbad976@group-AF49A4A4CA2A-FollowerState was interrupted: java.lang.InterruptedException: sleep interrupted
2019-10-23 12:36:44,722 [grpc-default-executor-3] INFO  impl.RoleInfo (RoleInfo.java:updateAndGet(143)) - 389d5540-641f-48c2-a9df-60738dbad976: start FollowerState
2019-10-23 12:36:44,770 [279bca68-3e74-4690-81cf-da5ab79b92f7@group-AF49A4A4CA2A-LeaderElection286] INFO  impl.LeaderElection (LeaderElection.java:logAndReturn(56)) - 279bca68-3e74-4690-81cf-da5ab79b92f7@group-AF49A4A4CA2A-LeaderElection286: Election REJECTED; received 2 response(s) [279bca68-3e74-4690-81cf-da5ab79b92f7<-daebe4f8-0ad9-4eb2-8ed7-3a8051847eb6#0:FAIL-t311, 279bca68-3e74-4690-81cf-da5ab79b92f7<-389d5540-641f-48c2-a9df-60738dbad976#0:FAIL-t311] and 0 exception(s); 279bca68-3e74-4690-81cf-da5ab79b92f7@group-AF49A4A4CA2A:t311, leader=null, voted=279bca68-3e74-4690-81cf-da5ab79b92f7, raftlog=279bca68-3e74-4690-81cf-da5ab79b92f7@group-AF49A4A4CA2A-SegmentedRaftLog:OPENED:c-1,f-1,i0, conf=-1: [daebe4f8-0ad9-4eb2-8ed7-3a8051847eb6:192.168.69.118:44860, 389d5540-641f-48c2-a9df-60738dbad976:192.168.69.118:45712, 279bca68-3e74-4690-81cf-da5ab79b92f7:192.168.69.118:45510], old=null
2019-10-23 12:36:44,770 [279bca68-3e74-4690-81cf-da5ab79b92f7@group-AF49A4A4CA2A-LeaderElection286] INFO  impl.RaftServerImpl (RaftServerImpl.java:setRole(184)) - 279bca68-3e74-4690-81cf-da5ab79b92f7@group-AF49A4A4CA2A: changes role from CANDIDATE to FOLLOWER at term 311 for DISCOVERED_A_NEW_TERM
2019-10-23 12:36:44,770 [279bca68-3e74-4690-81cf-da5ab79b92f7@group-AF49A4A4CA2A-LeaderElection286] INFO  impl.RoleInfo (RoleInfo.java:shutdownLeaderElection(134)) - 279bca68-3e74-4690-81cf-da5ab79b92f7: shutdown LeaderElection
2019-10-23 12:36:44,770 [279bca68-3e74-4690-81cf-da5ab79b92f7@group-AF49A4A4CA2A-LeaderElection286] INFO  impl.RoleInfo (RoleInfo.java:updateAndGet(143)) - 279bca68-3e74-4690-81cf-da5ab79b92f7: start FollowerState
2019-10-23 12:36:44,895 [Thread-2131] INFO  impl.FollowerState (FollowerState.java:run(108)) - 279bca68-3e74-4690-81cf-da5ab79b92f7@group-AF49A4A4CA2A-FollowerState: change to CANDIDATE, lastRpcTime:124ms, electionTimeout:124ms
2019-10-23 12:36:44,895 [Thread-2131] INFO  impl.RoleInfo (RoleInfo.java:shutdownFollowerState(121)) - 279bca68-3e74-4690-81cf-da5ab79b92f7: shutdown FollowerState
2019-10-23 12:36:44,895 [Thread-2131] INFO  impl.RaftServerImpl (RaftServerImpl.java:setRole(184)) - 279bca68-3e74-4690-81cf-da5ab79b92f7@group-AF49A4A4CA2A: changes role from  FOLLOWER to CANDIDATE at term 311 for changeToCandidate
2019-10-23 12:36:44,895 [Thread-2131] INFO  impl.RoleInfo (RoleInfo.java:updateAndGet(143)) - 279bca68-3e74-4690-81cf-da5ab79b92f7: start LeaderElection
2019-10-23 12:36:44,921 [279bca68-3e74-4690-81cf-da5ab79b92f7@group-AF49A4A4CA2A-LeaderElection287] INFO  impl.LeaderElection (LeaderElection.java:askForVotes(178)) - 279bca68-3e74-4690-81cf-da5ab79b92f7@group-AF49A4A4CA2A-LeaderElection287: begin an election at term 312 for -1: [daebe4f8-0ad9-4eb2-8ed7-3a8051847eb6:192.168.69.118:44860, 389d5540-641f-48c2-a9df-60738dbad976:192.168.69.118:45712, 279bca68-3e74-4690-81cf-da5ab79b92f7:192.168.69.118:45510], old=null
2019-10-23 12:36:44,924 [grpc-default-executor-3] INFO  impl.RaftServerImpl (RaftServerImpl.java:setRole(184)) - daebe4f8-0ad9-4eb2-8ed7-3a8051847eb6@group-AF49A4A4CA2A: changes role from  FOLLOWER to FOLLOWER at term 312 for recognizeCandidate:279bca68-3e74-4690-81cf-da5ab79b92f7
2019-10-23 12:36:44,924 [grpc-default-executor-3] INFO  impl.RoleInfo (RoleInfo.java:shutdownFollowerState(121)) - daebe4f8-0ad9-4eb2-8ed7-3a8051847eb6: shutdown FollowerState
2019-10-23 12:36:44,924 [grpc-default-executor-4] INFO  impl.RaftServerImpl (RaftServerImpl.java:setRole(184)) - 389d5540-641f-48c2-a9df-60738dbad976@group-AF49A4A4CA2A: changes role from  FOLLOWER to FOLLOWER at term 312 for recognizeCandidate:279bca68-3e74-4690-81cf-da5ab79b92f7
2019-10-23 12:36:44,924 [Thread-2129] INFO  impl.FollowerState (FollowerState.java:run(117)) - daebe4f8-0ad9-4eb2-8ed7-3a8051847eb6@group-AF49A4A4CA2A-FollowerState was interrupted: java.lang.InterruptedException: sleep interrupted
2019-10-23 12:36:44,924 [grpc-default-executor-3] INFO  impl.RoleInfo (RoleInfo.java:updateAndGet(143)) - daebe4f8-0ad9-4eb2-8ed7-3a8051847eb6: start FollowerState
2019-10-23 12:36:44,924 [grpc-default-executor-4] INFO  impl.RoleInfo (RoleInfo.java:shutdownFollowerState(121)) - 389d5540-641f-48c2-a9df-60738dbad976: shutdown FollowerState
2019-10-23 12:36:44,925 [grpc-default-executor-4] INFO  impl.RoleInfo (RoleInfo.java:updateAndGet(143)) - 389d5540-641f-48c2-a9df-60738dbad976: start FollowerState
2019-10-23 12:36:44,925 [Thread-2130] INFO  impl.FollowerState (FollowerState.java:run(117)) - 389d5540-641f-48c2-a9df-60738dbad976@group-AF49A4A4CA2A-FollowerState was interrupted: java.lang.InterruptedException: sleep interrupted
2019-10-23 12:36:44,938 [279bca68-3e74-4690-81cf-da5ab79b92f7@group-AF49A4A4CA2A-LeaderElection287] INFO  impl.LeaderElection (LeaderElection.java:logAndReturn(56)) - 279bca68-3e74-4690-81cf-da5ab79b92f7@group-AF49A4A4CA2A-LeaderElection287: Election REJECTED; received 2 response(s) [279bca68-3e74-4690-81cf-da5ab79b92f7<-daebe4f8-0ad9-4eb2-8ed7-3a8051847eb6#0:FAIL-t312, 279bca68-3e74-4690-81cf-da5ab79b92f7<-389d5540-641f-48c2-a9df-60738dbad976#0:FAIL-t312] and 0 exception(s); 279bca68-3e74-4690-81cf-da5ab79b92f7@group-AF49A4A4CA2A:t312, leader=null, voted=279bca68-3e74-4690-81cf-da5ab79b92f7, raftlog=279bca68-3e74-4690-81cf-da5ab79b92f7@group-AF49A4A4CA2A-SegmentedRaftLog:OPENED:c-1,f-1,i0, conf=-1: [daebe4f8-0ad9-4eb2-8ed7-3a8051847eb6:192.168.69.118:44860, 389d5540-641f-48c2-a9df-60738dbad976:192.168.69.118:45712, 279bca68-3e74-4690-81cf-da5ab79b92f7:192.168.69.118:45510], old=null
2019-10-23 12:36:44,938 [279bca68-3e74-4690-81cf-da5ab79b92f7@group-AF49A4A4CA2A-LeaderElection287] INFO  impl.RaftServerImpl (RaftServerImpl.java:setRole(184)) - 279bca68-3e74-4690-81cf-da5ab79b92f7@group-AF49A4A4CA2A: changes role from CANDIDATE to FOLLOWER at term 312 for DISCOVERED_A_NEW_TERM
2019-10-23 12:36:44,938 [279bca68-3e74-4690-81cf-da5ab79b92f7@group-AF49A4A4CA2A-LeaderElection287] INFO  impl.RoleInfo (RoleInfo.java:shutdownLeaderElection(134)) - 279bca68-3e74-4690-81cf-da5ab79b92f7: shutdown LeaderElection
2019-10-23 12:36:44,939 [279bca68-3e74-4690-81cf-da5ab79b92f7@group-AF49A4A4CA2A-LeaderElection287] INFO  impl.RoleInfo (RoleInfo.java:updateAndGet(143)) - 279bca68-3e74-4690-81cf-da5ab79b92f7: start FollowerState
2019-10-23 12:36:45,040 [Thread-2138] INFO  impl.FollowerState (FollowerState.java:run(108)) - 279bca68-3e74-4690-81cf-da5ab79b92f7@group-AF49A4A4CA2A-FollowerState: change to CANDIDATE, lastRpcTime:101ms, electionTimeout:101ms
2019-10-23 12:36:45,040 [Thread-2138] INFO  impl.RoleInfo (RoleInfo.java:shutdownFollowerState(121)) - 279bca68-3e74-4690-81cf-da5ab79b92f7: shutdown FollowerState
2019-10-23 12:36:45,040 [Thread-2138] INFO  impl.RaftServerImpl (RaftServerImpl.java:setRole(184)) - 279bca68-3e74-4690-81cf-da5ab79b92f7@group-AF49A4A4CA2A: changes role from  FOLLOWER to CANDIDATE at term 312 for changeToCandidate
2019-10-23 12:36:45,041 [Thread-2138] INFO  impl.RoleInfo (RoleInfo.java:updateAndGet(143)) - 279bca68-3e74-4690-81cf-da5ab79b92f7: start LeaderElection
2019-10-23 12:36:45,054 [279bca68-3e74-4690-81cf-da5ab79b92f7@group-AF49A4A4CA2A-LeaderElection288] INFO  impl.LeaderElection (LeaderElection.java:askForVotes(178)) - 279bca68-3e74-4690-81cf-da5ab79b92f7@group-AF49A4A4CA2A-LeaderElection288: begin an election at term 313 for -1: [daebe4f8-0ad9-4eb2-8ed7-3a8051847eb6:192.168.69.118:44860, 389d5540-641f-48c2-a9df-60738dbad976:192.168.69.118:45712, 279bca68-3e74-4690-81cf-da5ab79b92f7:192.168.69.118:45510], old=null
2019-10-23 12:36:45,055 [grpc-default-executor-3] INFO  impl.RaftServerImpl (RaftServerImpl.java:setRole(184)) - daebe4f8-0ad9-4eb2-8ed7-3a8051847eb6@group-AF49A4A4CA2A: changes role from  FOLLOWER to FOLLOWER at term 313 for recognizeCandidate:279bca68-3e74-4690-81cf-da5ab79b92f7
2019-10-23 12:36:45,056 [grpc-default-executor-3] INFO  impl.RoleInfo (RoleInfo.java:shutdownFollowerState(121)) - daebe4f8-0ad9-4eb2-8ed7-3a8051847eb6: shutdown FollowerState
2019-10-23 12:36:45,056 [grpc-default-executor-4] INFO  impl.RaftServerImpl (RaftServerImpl.java:setRole(184)) - 389d5540-641f-48c2-a9df-60738dbad976@group-AF49A4A4CA2A: changes role from  FOLLOWER to FOLLOWER at term 313 for recognizeCandidate:279bca68-3e74-4690-81cf-da5ab79b92f7
2019-10-23 12:36:45,056 [grpc-default-executor-4] INFO  impl.RoleInfo (RoleInfo.java:shutdownFollowerState(121)) - 389d5540-641f-48c2-a9df-60738dbad976: shutdown FollowerState
2019-10-23 12:36:45,056 [Thread-2136] INFO  impl.FollowerState (FollowerState.java:run(117)) - daebe4f8-0ad9-4eb2-8ed7-3a8051847eb6@group-AF49A4A4CA2A-FollowerState was interrupted: java.lang.InterruptedException: sleep interrupted
2019-10-23 12:36:45,056 [grpc-default-executor-3] INFO  impl.RoleInfo (RoleInfo.java:updateAndGet(143)) - daebe4f8-0ad9-4eb2-8ed7-3a8051847eb6: start FollowerState
2019-10-23 12:36:45,056 [Thread-2137] INFO  impl.FollowerState (FollowerState.java:run(117)) - 389d5540-641f-48c2-a9df-60738dbad976@group-AF49A4A4CA2A-FollowerState was interrupted: java.lang.InterruptedException: sleep interrupted
2019-10-23 12:36:45,056 [grpc-default-executor-4] INFO  impl.RoleInfo (RoleInfo.java:updateAndGet(143)) - 389d5540-641f-48c2-a9df-60738dbad976: start FollowerState
2019-10-23 12:36:45,073 [279bca68-3e74-4690-81cf-da5ab79b92f7@group-AF49A4A4CA2A-LeaderElection288] INFO  impl.LeaderElection (LeaderElection.java:logAndReturn(56)) - 279bca68-3e74-4690-81cf-da5ab79b92f7@group-AF49A4A4CA2A-LeaderElection288: Election REJECTED; received 2 response(s) [279bca68-3e74-4690-81cf-da5ab79b92f7<-daebe4f8-0ad9-4eb2-8ed7-3a8051847eb6#0:FAIL-t313, 279bca68-3e74-4690-81cf-da5ab79b92f7<-389d5540-641f-48c2-a9df-60738dbad976#0:FAIL-t313] and 0 exception(s); 279bca68-3e74-4690-81cf-da5ab79b92f7@group-AF49A4A4CA2A:t313, leader=null, voted=279bca68-3e74-4690-81cf-da5ab79b92f7, raftlog=279bca68-3e74-4690-81cf-da5ab79b92f7@group-AF49A4A4CA2A-SegmentedRaftLog:OPENED:c-1,f-1,i0, conf=-1: [daebe4f8-0ad9-4eb2-8ed7-3a8051847eb6:192.168.69.118:44860, 389d5540-641f-48c2-a9df-60738dbad976:192.168.69.118:45712, 279bca68-3e74-4690-81cf-da5ab79b92f7:192.168.69.118:45510], old=null
2019-10-23 12:36:45,073 [279bca68-3e74-4690-81cf-da5ab79b92f7@group-AF49A4A4CA2A-LeaderElection288] INFO  impl.RaftServerImpl (RaftServerImpl.java:setRole(184)) - 279bca68-3e74-4690-81cf-da5ab79b92f7@group-AF49A4A4CA2A: changes role from CANDIDATE to FOLLOWER at term 313 for DISCOVERED_A_NEW_TERM
2019-10-23 12:36:45,073 [279bca68-3e74-4690-81cf-da5ab79b92f7@group-AF49A4A4CA2A-LeaderElection288] INFO  impl.RoleInfo (RoleInfo.java:shutdownLeaderElection(134)) - 279bca68-3e74-4690-81cf-da5ab79b92f7: shutdown LeaderElection
2019-10-23 12:36:45,074 [279bca68-3e74-4690-81cf-da5ab79b92f7@group-AF49A4A4CA2A-LeaderElection288] INFO  impl.RoleInfo (RoleInfo.java:updateAndGet(143)) - 279bca68-3e74-4690-81cf-da5ab79b92f7: start FollowerState
2019-10-23 12:36:45,086 [Thread-2144] INFO  impl.FollowerState (FollowerState.java:run(108)) - 279bca68-3e74-4690-81cf-da5ab79b92f7@group-AF49A4A4CA2A-FollowerState: change to CANDIDATE, lastRpcTime:12ms, electionTimeout:12ms
2019-10-23 12:36:45,086 [Thread-2144] INFO  impl.RoleInfo (RoleInfo.java:shutdownFollowerState(121)) - 279bca68-3e74-4690-81cf-da5ab79b92f7: shutdown FollowerState
2019-10-23 12:36:45,086 [Thread-2144] INFO  impl.RaftServerImpl (RaftServerImpl.java:setRole(184)) - 279bca68-3e74-4690-81cf-da5ab79b92f7@group-AF49A4A4CA2A: changes role from  FOLLOWER to CANDIDATE at term 313 for changeToCandidate
2019-10-23 12:36:45,086 [Thread-2144] INFO  impl.RoleInfo (RoleInfo.java:updateAndGet(143)) - 279bca68-3e74-4690-81cf-da5ab79b92f7: start LeaderElection
2019-10-23 12:36:45,091 [279bca68-3e74-4690-81cf-da5ab79b92f7@group-AF49A4A4CA2A-LeaderElection289] INFO  impl.LeaderElection (LeaderElection.java:askForVotes(178)) - 279bca68-3e74-4690-81cf-da5ab79b92f7@group-AF49A4A4CA2A-LeaderElection289: begin an election at term 314 for -1: [daebe4f8-0ad9-4eb2-8ed7-3a8051847eb6:192.168.69.118:44860, 389d5540-641f-48c2-a9df-60738dbad976:192.168.69.118:45712, 279bca68-3e74-4690-81cf-da5ab79b92f7:192.168.69.118:45510], old=null
2019-10-23 12:36:45,093 [grpc-default-executor-4] INFO  impl.RaftServerImpl (RaftServerImpl.java:setRole(184)) - daebe4f8-0ad9-4eb2-8ed7-3a8051847eb6@group-AF49A4A4CA2A: changes role from  FOLLOWER to FOLLOWER at term 314 for recognizeCandidate:279bca68-3e74-4690-81cf-da5ab79b92f7
2019-10-23 12:36:45,093 [grpc-default-executor-4] INFO  impl.RoleInfo (RoleInfo.java:shutdownFollowerState(121)) - daebe4f8-0ad9-4eb2-8ed7-3a8051847eb6: shutdown FollowerState
2019-10-23 12:36:45,093 [grpc-default-executor-4] INFO  impl.RoleInfo (RoleInfo.java:updateAndGet(143)) - daebe4f8-0ad9-4eb2-8ed7-3a8051847eb6: start FollowerState
2019-10-23 12:36:45,093 [Thread-2142] INFO  impl.FollowerState (FollowerState.java:run(117)) - daebe4f8-0ad9-4eb2-8ed7-3a8051847eb6@group-AF49A4A4CA2A-FollowerState was interrupted: java.lang.InterruptedException: sleep interrupted
2019-10-23 12:36:45,093 [grpc-default-executor-3] INFO  impl.RaftServerImpl (RaftServerImpl.java:setRole(184)) - 389d5540-641f-48c2-a9df-60738dbad976@group-AF49A4A4CA2A: changes role from  FOLLOWER to FOLLOWER at term 314 for recognizeCandidate:279bca68-3e74-4690-81cf-da5ab79b92f7
2019-10-23 12:36:45,094 [grpc-default-executor-3] INFO  impl.RoleInfo (RoleInfo.java:shutdownFollowerState(121)) - 389d5540-641f-48c2-a9df-60738dbad976: shutdown FollowerState
2019-10-23 12:36:45,094 [Thread-2143] INFO  impl.FollowerState (FollowerState.java:run(117)) - 389d5540-641f-48c2-a9df-60738dbad976@group-AF49A4A4CA2A-FollowerState was interrupted: java.lang.InterruptedException: sleep interrupted
2019-10-23 12:36:45,094 [grpc-default-executor-3] INFO  impl.RoleInfo (RoleInfo.java:updateAndGet(143)) - 389d5540-641f-48c2-a9df-60738dbad976: start FollowerState
2019-10-23 12:36:45,119 [279bca68-3e74-4690-81cf-da5ab79b92f7@group-AF49A4A4CA2A-LeaderElection289] INFO  impl.LeaderElection (LeaderElection.java:logAndReturn(56)) - 279bca68-3e74-4690-81cf-da5ab79b92f7@group-AF49A4A4CA2A-LeaderElection289: Election REJECTED; received 2 response(s) [279bca68-3e74-4690-81cf-da5ab79b92f7<-daebe4f8-0ad9-4eb2-8ed7-3a8051847eb6#0:FAIL-t314, 279bca68-3e74-4690-81cf-da5ab79b92f7<-389d5540-641f-48c2-a9df-60738dbad976#0:FAIL-t314] and 0 exception(s); 279bca68-3e74-4690-81cf-da5ab79b92f7@group-AF49A4A4CA2A:t314, leader=null, voted=279bca68-3e74-4690-81cf-da5ab79b92f7, raftlog=279bca68-3e74-4690-81cf-da5ab79b92f7@group-AF49A4A4CA2A-SegmentedRaftLog:OPENED:c-1,f-1,i0, conf=-1: [daebe4f8-0ad9-4eb2-8ed7-3a8051847eb6:192.168.69.118:44860, 389d5540-641f-48c2-a9df-60738dbad976:192.168.69.118:45712, 279bca68-3e74-4690-81cf-da5ab79b92f7:192.168.69.118:45510], old=null
2019-10-23 12:36:45,119 [279bca68-3e74-4690-81cf-da5ab79b92f7@group-AF49A4A4CA2A-LeaderElection289] INFO  impl.RaftServerImpl (RaftServerImpl.java:setRole(184)) - 279bca68-3e74-4690-81cf-da5ab79b92f7@group-AF49A4A4CA2A: changes role from CANDIDATE to FOLLOWER at term 314 for DISCOVERED_A_NEW_TERM
2019-10-23 12:36:45,120 [279bca68-3e74-4690-81cf-da5ab79b92f7@group-AF49A4A4CA2A-LeaderElection289] INFO  impl.RoleInfo (RoleInfo.java:shutdownLeaderElection(134)) - 279bca68-3e74-4690-81cf-da5ab79b92f7: shutdown LeaderElection
2019-10-23 12:36:45,120 [279bca68-3e74-4690-81cf-da5ab79b92f7@group-AF49A4A4CA2A-LeaderElection289] INFO  impl.RoleInfo (RoleInfo.java:updateAndGet(143)) - 279bca68-3e74-4690-81cf-da5ab79b92f7: start FollowerState
2019-10-23 12:36:45,139 [Thread-2150] INFO  impl.FollowerState (FollowerState.java:run(108)) - 279bca68-3e74-4690-81cf-da5ab79b92f7@group-AF49A4A4CA2A-FollowerState: change to CANDIDATE, lastRpcTime:19ms, electionTimeout:19ms
2019-10-23 12:36:45,139 [Thread-2150] INFO  impl.RoleInfo (RoleInfo.java:shutdownFollowerState(121)) - 279bca68-3e74-4690-81cf-da5ab79b92f7: shutdown FollowerState
2019-10-23 12:36:45,139 [Thread-2150] INFO  impl.RaftServerImpl (RaftServerImpl.java:setRole(184)) - 279bca68-3e74-4690-81cf-da5ab79b92f7@group-AF49A4A4CA2A: changes role from  FOLLOWER to CANDIDATE at term 314 for changeToCandidate
2019-10-23 12:36:45,139 [Thread-2150] INFO  impl.RoleInfo (RoleInfo.java:updateAndGet(143)) - 279bca68-3e74-4690-81cf-da5ab79b92f7: start LeaderElection
2019-10-23 12:36:45,152 [279bca68-3e74-4690-81cf-da5ab79b92f7@group-AF49A4A4CA2A-LeaderElection290] INFO  impl.LeaderElection (LeaderElection.java:askForVotes(178)) - 279bca68-3e74-4690-81cf-da5ab79b92f7@group-AF49A4A4CA2A-LeaderElection290: begin an election at term 315 for -1: [daebe4f8-0ad9-4eb2-8ed7-3a8051847eb6:192.168.69.118:44860, 389d5540-641f-48c2-a9df-60738dbad976:192.168.69.118:45712, 279bca68-3e74-4690-81cf-da5ab79b92f7:192.168.69.118:45510], old=null
2019-10-23 12:36:45,154 [grpc-default-executor-3] INFO  impl.RaftServerImpl (RaftServerImpl.java:setRole(184)) - daebe4f8-0ad9-4eb2-8ed7-3a8051847eb6@group-AF49A4A4CA2A: changes role from  FOLLOWER to FOLLOWER at term 315 for recognizeCandidate:279bca68-3e74-4690-81cf-da5ab79b92f7
2019-10-23 12:36:45,154 [grpc-default-executor-3] INFO  impl.RoleInfo (RoleInfo.java:shutdownFollowerState(121)) - daebe4f8-0ad9-4eb2-8ed7-3a8051847eb6: shutdown FollowerState
2019-10-23 12:36:45,154 [grpc-default-executor-4] INFO  impl.RaftServerImpl (RaftServerImpl.java:setRole(184)) - 389d5540-641f-48c2-a9df-60738dbad976@group-AF49A4A4CA2A: changes role from  FOLLOWER to FOLLOWER at term 315 for recognizeCandidate:279bca68-3e74-4690-81cf-da5ab79b92f7
2019-10-23 12:36:45,154 [grpc-default-executor-4] INFO  impl.RoleInfo (RoleInfo.java:shutdownFollowerState(121)) - 389d5540-641f-48c2-a9df-60738dbad976: shutdown FollowerState
2019-10-23 12:36:45,154 [Thread-2148] INFO  impl.FollowerState (FollowerState.java:run(117)) - daebe4f8-0ad9-4eb2-8ed7-3a8051847eb6@group-AF49A4A4CA2A-FollowerState was interrupted: java.lang.InterruptedException: sleep interrupted
2019-10-23 12:36:45,154 [grpc-default-executor-3] INFO  impl.RoleInfo (RoleInfo.java:updateAndGet(143)) - daebe4f8-0ad9-4eb2-8ed7-3a8051847eb6: start FollowerState
2019-10-23 12:36:45,154 [Thread-2149] INFO  impl.FollowerState (FollowerState.java:run(117)) - 389d5540-641f-48c2-a9df-60738dbad976@group-AF49A4A4CA2A-FollowerState was interrupted: java.lang.InterruptedException: sleep interrupted
2019-10-23 12:36:45,154 [grpc-default-executor-4] INFO  impl.RoleInfo (RoleInfo.java:updateAndGet(143)) - 389d5540-641f-48c2-a9df-60738dbad976: start FollowerState
2019-10-23 12:36:45,169 [279bca68-3e74-4690-81cf-da5ab79b92f7@group-AF49A4A4CA2A-LeaderElection290] INFO  impl.LeaderElection (LeaderElection.java:logAndReturn(56)) - 279bca68-3e74-4690-81cf-da5ab79b92f7@group-AF49A4A4CA2A-LeaderElection290: Election REJECTED; received 2 response(s) [279bca68-3e74-4690-81cf-da5ab79b92f7<-daebe4f8-0ad9-4eb2-8ed7-3a8051847eb6#0:FAIL-t315, 279bca68-3e74-4690-81cf-da5ab79b92f7<-389d5540-641f-48c2-a9df-60738dbad976#0:FAIL-t315] and 0 exception(s); 279bca68-3e74-4690-81cf-da5ab79b92f7@group-AF49A4A4CA2A:t315, leader=null, voted=279bca68-3e74-4690-81cf-da5ab79b92f7, raftlog=279bca68-3e74-4690-81cf-da5ab79b92f7@group-AF49A4A4CA2A-SegmentedRaftLog:OPENED:c-1,f-1,i0, conf=-1: [daebe4f8-0ad9-4eb2-8ed7-3a8051847eb6:192.168.69.118:44860, 389d5540-641f-48c2-a9df-60738dbad976:192.168.69.118:45712, 279bca68-3e74-4690-81cf-da5ab79b92f7:192.168.69.118:45510], old=null
2019-10-23 12:36:45,169 [279bca68-3e74-4690-81cf-da5ab79b92f7@group-AF49A4A4CA2A-LeaderElection290] INFO  impl.RaftServerImpl (RaftServerImpl.java:setRole(184)) - 279bca68-3e74-4690-81cf-da5ab79b92f7@group-AF49A4A4CA2A: changes role from CANDIDATE to FOLLOWER at term 315 for DISCOVERED_A_NEW_TERM
2019-10-23 12:36:45,169 [279bca68-3e74-4690-81cf-da5ab79b92f7@group-AF49A4A4CA2A-LeaderElection290] INFO  impl.RoleInfo (RoleInfo.java:shutdownLeaderElection(134)) - 279bca68-3e74-4690-81cf-da5ab79b92f7: shutdown LeaderElection
2019-10-23 12:36:45,169 [279bca68-3e74-4690-81cf-da5ab79b92f7@group-AF49A4A4CA2A-LeaderElection290] INFO  impl.RoleInfo (RoleInfo.java:updateAndGet(143)) - 279bca68-3e74-4690-81cf-da5ab79b92f7: start FollowerState
2019-10-23 12:36:45,262 [Thread-2156] INFO  impl.FollowerState (FollowerState.java:run(108)) - 279bca68-3e74-4690-81cf-da5ab79b92f7@group-AF49A4A4CA2A-FollowerState: change to CANDIDATE, lastRpcTime:92ms, electionTimeout:92ms
2019-10-23 12:36:45,262 [Thread-2156] INFO  impl.RoleInfo (RoleInfo.java:shutdownFollowerState(121)) - 279bca68-3e74-4690-81cf-da5ab79b92f7: shutdown FollowerState
2019-10-23 12:36:45,262 [Thread-2156] INFO  impl.RaftServerImpl (RaftServerImpl.java:setRole(184)) - 279bca68-3e74-4690-81cf-da5ab79b92f7@group-AF49A4A4CA2A: changes role from  FOLLOWER to CANDIDATE at term 315 for changeToCandidate
2019-10-23 12:36:45,262 [Thread-2156] INFO  impl.RoleInfo (RoleInfo.java:updateAndGet(143)) - 279bca68-3e74-4690-81cf-da5ab79b92f7: start LeaderElection
2019-10-23 12:36:45,277 [279bca68-3e74-4690-81cf-da5ab79b92f7@group-AF49A4A4CA2A-LeaderElection291] INFO  impl.LeaderElection (LeaderElection.java:askForVotes(178)) - 279bca68-3e74-4690-81cf-da5ab79b92f7@group-AF49A4A4CA2A-LeaderElection291: begin an election at term 316 for -1: [daebe4f8-0ad9-4eb2-8ed7-3a8051847eb6:192.168.69.118:44860, 389d5540-641f-48c2-a9df-60738dbad976:192.168.69.118:45712, 279bca68-3e74-4690-81cf-da5ab79b92f7:192.168.69.118:45510], old=null
2019-10-23 12:36:45,282 [grpc-default-executor-3] INFO  impl.RaftServerImpl (RaftServerImpl.java:setRole(184)) - 389d5540-641f-48c2-a9df-60738dbad976@group-AF49A4A4CA2A: changes role from  FOLLOWER to FOLLOWER at term 316 for recognizeCandidate:279bca68-3e74-4690-81cf-da5ab79b92f7
2019-10-23 12:36:45,282 [grpc-default-executor-3] INFO  impl.RoleInfo (RoleInfo.java:shutdownFollowerState(121)) - 389d5540-641f-48c2-a9df-60738dbad976: shutdown FollowerState
2019-10-23 12:36:45,282 [grpc-default-executor-3] INFO  impl.RoleInfo (RoleInfo.java:updateAndGet(143)) - 389d5540-641f-48c2-a9df-60738dbad976: start FollowerState
2019-10-23 12:36:45,282 [Thread-2155] INFO  impl.FollowerState (FollowerState.java:run(117)) - 389d5540-641f-48c2-a9df-60738dbad976@group-AF49A4A4CA2A-FollowerState was interrupted: java.lang.InterruptedException: sleep interrupted
2019-10-23 12:36:45,282 [grpc-default-executor-4] INFO  impl.RaftServerImpl (RaftServerImpl.java:setRole(184)) - daebe4f8-0ad9-4eb2-8ed7-3a8051847eb6@group-AF49A4A4CA2A: changes role from  FOLLOWER to FOLLOWER at term 316 for recognizeCandidate:279bca68-3e74-4690-81cf-da5ab79b92f7
2019-10-23 12:36:45,283 [grpc-default-executor-4] INFO  impl.RoleInfo (RoleInfo.java:shutdownFollowerState(121)) - daebe4f8-0ad9-4eb2-8ed7-3a8051847eb6: shutdown FollowerState
2019-10-23 12:36:45,283 [grpc-default-executor-4] INFO  impl.RoleInfo (RoleInfo.java:updateAndGet(143)) - daebe4f8-0ad9-4eb2-8ed7-3a8051847eb6: start FollowerState
2019-10-23 12:36:45,283 [Thread-2154] INFO  impl.FollowerState (FollowerState.java:run(117)) - daebe4f8-0ad9-4eb2-8ed7-3a8051847eb6@group-AF49A4A4CA2A-FollowerState was interrupted: java.lang.InterruptedException: sleep interrupted
2019-10-23 12:36:45,299 [279bca68-3e74-4690-81cf-da5ab79b92f7@group-AF49A4A4CA2A-LeaderElection291] INFO  impl.LeaderElection (LeaderElection.java:logAndReturn(56)) - 279bca68-3e74-4690-81cf-da5ab79b92f7@group-AF49A4A4CA2A-LeaderElection291: Election REJECTED; received 2 response(s) [279bca68-3e74-4690-81cf-da5ab79b92f7<-daebe4f8-0ad9-4eb2-8ed7-3a8051847eb6#0:FAIL-t316, 279bca68-3e74-4690-81cf-da5ab79b92f7<-389d5540-641f-48c2-a9df-60738dbad976#0:FAIL-t316] and 0 exception(s); 279bca68-3e74-4690-81cf-da5ab79b92f7@group-AF49A4A4CA2A:t316, leader=null, voted=279bca68-3e74-4690-81cf-da5ab79b92f7, raftlog=279bca68-3e74-4690-81cf-da5ab79b92f7@group-AF49A4A4CA2A-SegmentedRaftLog:OPENED:c-1,f-1,i0, conf=-1: [daebe4f8-0ad9-4eb2-8ed7-3a8051847eb6:192.168.69.118:44860, 389d5540-641f-48c2-a9df-60738dbad976:192.168.69.118:45712, 279bca68-3e74-4690-81cf-da5ab79b92f7:192.168.69.118:45510], old=null
2019-10-23 12:36:45,299 [279bca68-3e74-4690-81cf-da5ab79b92f7@group-AF49A4A4CA2A-LeaderElection291] INFO  impl.RaftServerImpl (RaftServerImpl.java:setRole(184)) - 279bca68-3e74-4690-81cf-da5ab79b92f7@group-AF49A4A4CA2A: changes role from CANDIDATE to FOLLOWER at term 316 for DISCOVERED_A_NEW_TERM
2019-10-23 12:36:45,299 [279bca68-3e74-4690-81cf-da5ab79b92f7@group-AF49A4A4CA2A-LeaderElection291] INFO  impl.RoleInfo (RoleInfo.java:shutdownLeaderElection(134)) - 279bca68-3e74-4690-81cf-da5ab79b92f7: shutdown LeaderElection
2019-10-23 12:36:45,300 [279bca68-3e74-4690-81cf-da5ab79b92f7@group-AF49A4A4CA2A-LeaderElection291] INFO  impl.RoleInfo (RoleInfo.java:updateAndGet(143)) - 279bca68-3e74-4690-81cf-da5ab79b92f7: start FollowerState
2019-10-23 12:36:45,394 [Thread-2164] INFO  impl.FollowerState (FollowerState.java:run(108)) - 279bca68-3e74-4690-81cf-da5ab79b92f7@group-AF49A4A4CA2A-FollowerState: change to CANDIDATE, lastRpcTime:94ms, electionTimeout:94ms
2019-10-23 12:36:45,394 [Thread-2164] INFO  impl.RoleInfo (RoleInfo.java:shutdownFollowerState(121)) - 279bca68-3e74-4690-81cf-da5ab79b92f7: shutdown FollowerState
2019-10-23 12:36:45,394 [Thread-2164] INFO  impl.RaftServerImpl (RaftServerImpl.java:setRole(184)) - 279bca68-3e74-4690-81cf-da5ab79b92f7@group-AF49A4A4CA2A: changes role from  FOLLOWER to CANDIDATE at term 316 for changeToCandidate
2019-10-23 12:36:45,395 [Thread-2164] INFO  impl.RoleInfo (RoleInfo.java:updateAndGet(143)) - 279bca68-3e74-4690-81cf-da5ab79b92f7: start LeaderElection
2019-10-23 12:36:45,408 [279bca68-3e74-4690-81cf-da5ab79b92f7@group-AF49A4A4CA2A-LeaderElection292] INFO  impl.LeaderElection (LeaderElection.java:askForVotes(178)) - 279bca68-3e74-4690-81cf-da5ab79b92f7@group-AF49A4A4CA2A-LeaderElection292: begin an election at term 317 for -1: [daebe4f8-0ad9-4eb2-8ed7-3a8051847eb6:192.168.69.118:44860, 389d5540-641f-48c2-a9df-60738dbad976:192.168.69.118:45712, 279bca68-3e74-4690-81cf-da5ab79b92f7:192.168.69.118:45510], old=null
2019-10-23 12:36:45,410 [grpc-default-executor-3] INFO  impl.RaftServerImpl (RaftServerImpl.java:setRole(184)) - daebe4f8-0ad9-4eb2-8ed7-3a8051847eb6@group-AF49A4A4CA2A: changes role from  FOLLOWER to FOLLOWER at term 317 for recognizeCandidate:279bca68-3e74-4690-81cf-da5ab79b92f7
2019-10-23 12:36:45,410 [grpc-default-executor-3] INFO  impl.RoleInfo (RoleInfo.java:shutdownFollowerState(121)) - daebe4f8-0ad9-4eb2-8ed7-3a8051847eb6: shutdown FollowerState
2019-10-23 12:36:45,410 [grpc-default-executor-3] INFO  impl.RoleInfo (RoleInfo.java:updateAndGet(143)) - daebe4f8-0ad9-4eb2-8ed7-3a8051847eb6: start FollowerState
2019-10-23 12:36:45,410 [Thread-2163] INFO  impl.FollowerState (FollowerState.java:run(117)) - daebe4f8-0ad9-4eb2-8ed7-3a8051847eb6@group-AF49A4A4CA2A-FollowerState was interrupted: java.lang.InterruptedException: sleep interrupted
2019-10-23 12:36:45,410 [grpc-default-executor-4] INFO  impl.RaftServerImpl (RaftServerImpl.java:setRole(184)) - 389d5540-641f-48c2-a9df-60738dbad976@group-AF49A4A4CA2A: changes role from  FOLLOWER to FOLLOWER at term 317 for recognizeCandidate:279bca68-3e74-4690-81cf-da5ab79b92f7
2019-10-23 12:36:45,410 [grpc-default-executor-4] INFO  impl.RoleInfo (RoleInfo.java:shutdownFollowerState(121)) - 389d5540-641f-48c2-a9df-60738dbad976: shutdown FollowerState
2019-10-23 12:36:45,411 [grpc-default-executor-4] INFO  impl.RoleInfo (RoleInfo.java:updateAndGet(143)) - 389d5540-641f-48c2-a9df-60738dbad976: start FollowerState
2019-10-23 12:36:45,411 [Thread-2162] INFO  impl.FollowerState (FollowerState.java:run(117)) - 389d5540-641f-48c2-a9df-60738dbad976@group-AF49A4A4CA2A-FollowerState was interrupted: java.lang.InterruptedException: sleep interrupted
2019-10-23 12:36:45,424 [279bca68-3e74-4690-81cf-da5ab79b92f7@group-AF49A4A4CA2A-LeaderElection292] INFO  impl.LeaderElection (LeaderElection.java:logAndReturn(56)) - 279bca68-3e74-4690-81cf-da5ab79b92f7@group-AF49A4A4CA2A-LeaderElection292: Election REJECTED; received 2 response(s) [279bca68-3e74-4690-81cf-da5ab79b92f7<-daebe4f8-0ad9-4eb2-8ed7-3a8051847eb6#0:FAIL-t317, 279bca68-3e74-4690-81cf-da5ab79b92f7<-389d5540-641f-48c2-a9df-60738dbad976#0:FAIL-t317] and 0 exception(s); 279bca68-3e74-4690-81cf-da5ab79b92f7@group-AF49A4A4CA2A:t317, leader=null, voted=279bca68-3e74-4690-81cf-da5ab79b92f7, raftlog=279bca68-3e74-4690-81cf-da5ab79b92f7@group-AF49A4A4CA2A-SegmentedRaftLog:OPENED:c-1,f-1,i0, conf=-1: [daebe4f8-0ad9-4eb2-8ed7-3a8051847eb6:192.168.69.118:44860, 389d5540-641f-48c2-a9df-60738dbad976:192.168.69.118:45712, 279bca68-3e74-4690-81cf-da5ab79b92f7:192.168.69.118:45510], old=null
2019-10-23 12:36:45,424 [279bca68-3e74-4690-81cf-da5ab79b92f7@group-AF49A4A4CA2A-LeaderElection292] INFO  impl.RaftServerImpl (RaftServerImpl.java:setRole(184)) - 279bca68-3e74-4690-81cf-da5ab79b92f7@group-AF49A4A4CA2A: changes role from CANDIDATE to FOLLOWER at term 317 for DISCOVERED_A_NEW_TERM
2019-10-23 12:36:45,424 [279bca68-3e74-4690-81cf-da5ab79b92f7@group-AF49A4A4CA2A-LeaderElection292] INFO  impl.RoleInfo (RoleInfo.java:shutdownLeaderElection(134)) - 279bca68-3e74-4690-81cf-da5ab79b92f7: shutdown LeaderElection
2019-10-23 12:36:45,424 [279bca68-3e74-4690-81cf-da5ab79b92f7@group-AF49A4A4CA2A-LeaderElection292] INFO  impl.RoleInfo (RoleInfo.java:updateAndGet(143)) - 279bca68-3e74-4690-81cf-da5ab79b92f7: start FollowerState
2019-10-23 12:36:45,535 [Thread-2170] INFO  impl.FollowerState (FollowerState.java:run(108)) - 279bca68-3e74-4690-81cf-da5ab79b92f7@group-AF49A4A4CA2A-FollowerState: change to CANDIDATE, lastRpcTime:110ms, electionTimeout:110ms
2019-10-23 12:36:45,535 [Thread-2170] INFO  impl.RoleInfo (RoleInfo.java:shutdownFollowerState(121)) - 279bca68-3e74-4690-81cf-da5ab79b92f7: shutdown FollowerState
2019-10-23 12:36:45,535 [Thread-2170] INFO  impl.RaftServerImpl (RaftServerImpl.java:setRole(184)) - 279bca68-3e74-4690-81cf-da5ab79b92f7@group-AF49A4A4CA2A: changes role from  FOLLOWER to CANDIDATE at term 317 for changeToCandidate
2019-10-23 12:36:45,535 [Thread-2170] INFO  impl.RoleInfo (RoleInfo.java:updateAndGet(143)) - 279bca68-3e74-4690-81cf-da5ab79b92f7: start LeaderElection
2019-10-23 12:36:45,551 [279bca68-3e74-4690-81cf-da5ab79b92f7@group-AF49A4A4CA2A-LeaderElection293] INFO  impl.LeaderElection (LeaderElection.java:askForVotes(178)) - 279bca68-3e74-4690-81cf-da5ab79b92f7@group-AF49A4A4CA2A-LeaderElection293: begin an election at term 318 for -1: [daebe4f8-0ad9-4eb2-8ed7-3a8051847eb6:192.168.69.118:44860, 389d5540-641f-48c2-a9df-60738dbad976:192.168.69.118:45712, 279bca68-3e74-4690-81cf-da5ab79b92f7:192.168.69.118:45510], old=null
2019-10-23 12:36:45,552 [grpc-default-executor-3] INFO  impl.RaftServerImpl (RaftServerImpl.java:setRole(184)) - daebe4f8-0ad9-4eb2-8ed7-3a8051847eb6@group-AF49A4A4CA2A: changes role from  FOLLOWER to FOLLOWER at term 318 for recognizeCandidate:279bca68-3e74-4690-81cf-da5ab79b92f7
2019-10-23 12:36:45,552 [grpc-default-executor-3] INFO  impl.RoleInfo (RoleInfo.java:shutdownFollowerState(121)) - daebe4f8-0ad9-4eb2-8ed7-3a8051847eb6: shutdown FollowerState
2019-10-23 12:36:45,553 [grpc-default-executor-3] INFO  impl.RoleInfo (RoleInfo.java:updateAndGet(143)) - daebe4f8-0ad9-4eb2-8ed7-3a8051847eb6: start FollowerState
2019-10-23 12:36:45,553 [Thread-2168] INFO  impl.FollowerState (FollowerState.java:run(117)) - daebe4f8-0ad9-4eb2-8ed7-3a8051847eb6@group-AF49A4A4CA2A-FollowerState was interrupted: java.lang.InterruptedException: sleep interrupted
2019-10-23 12:36:45,553 [grpc-default-executor-4] INFO  impl.RaftServerImpl (RaftServerImpl.java:setRole(184)) - 389d5540-641f-48c2-a9df-60738dbad976@group-AF49A4A4CA2A: changes role from  FOLLOWER to FOLLOWER at term 318 for recognizeCandidate:279bca68-3e74-4690-81cf-da5ab79b92f7
2019-10-23 12:36:45,553 [grpc-default-executor-4] INFO  impl.RoleInfo (RoleInfo.java:shutdownFollowerState(121)) - 389d5540-641f-48c2-a9df-60738dbad976: shutdown FollowerState
2019-10-23 12:36:45,553 [grpc-default-executor-4] INFO  impl.RoleInfo (RoleInfo.java:updateAndGet(143)) - 389d5540-641f-48c2-a9df-60738dbad976: start FollowerState
2019-10-23 12:36:45,553 [Thread-2169] INFO  impl.FollowerState (FollowerState.java:run(117)) - 389d5540-641f-48c2-a9df-60738dbad976@group-AF49A4A4CA2A-FollowerState was interrupted: java.lang.InterruptedException: sleep interrupted
2019-10-23 12:36:45,579 [279bca68-3e74-4690-81cf-da5ab79b92f7@group-AF49A4A4CA2A-LeaderElection293] INFO  impl.LeaderElection (LeaderElection.java:logAndReturn(56)) - 279bca68-3e74-4690-81cf-da5ab79b92f7@group-AF49A4A4CA2A-LeaderElection293: Election REJECTED; received 2 response(s) [279bca68-3e74-4690-81cf-da5ab79b92f7<-daebe4f8-0ad9-4eb2-8ed7-3a8051847eb6#0:FAIL-t318, 279bca68-3e74-4690-81cf-da5ab79b92f7<-389d5540-641f-48c2-a9df-60738dbad976#0:FAIL-t318] and 0 exception(s); 279bca68-3e74-4690-81cf-da5ab79b92f7@group-AF49A4A4CA2A:t318, leader=null, voted=279bca68-3e74-4690-81cf-da5ab79b92f7, raftlog=279bca68-3e74-4690-81cf-da5ab79b92f7@group-AF49A4A4CA2A-SegmentedRaftLog:OPENED:c-1,f-1,i0, conf=-1: [daebe4f8-0ad9-4eb2-8ed7-3a8051847eb6:192.168.69.118:44860, 389d5540-641f-48c2-a9df-60738dbad976:192.168.69.118:45712, 279bca68-3e74-4690-81cf-da5ab79b92f7:192.168.69.118:45510], old=null
2019-10-23 12:36:45,580 [279bca68-3e74-4690-81cf-da5ab79b92f7@group-AF49A4A4CA2A-LeaderElection293] INFO  impl.RaftServerImpl (RaftServerImpl.java:setRole(184)) - 279bca68-3e74-4690-81cf-da5ab79b92f7@group-AF49A4A4CA2A: changes role from CANDIDATE to FOLLOWER at term 318 for DISCOVERED_A_NEW_TERM
2019-10-23 12:36:45,580 [279bca68-3e74-4690-81cf-da5ab79b92f7@group-AF49A4A4CA2A-LeaderElection293] INFO  impl.RoleInfo (RoleInfo.java:shutdownLeaderElection(134)) - 279bca68-3e74-4690-81cf-da5ab79b92f7: shutdown LeaderElection
2019-10-23 12:36:45,580 [279bca68-3e74-4690-81cf-da5ab79b92f7@group-AF49A4A4CA2A-LeaderElection293] INFO  impl.RoleInfo (RoleInfo.java:updateAndGet(143)) - 279bca68-3e74-4690-81cf-da5ab79b92f7: start FollowerState
2019-10-23 12:36:45,705 [Thread-2176] INFO  impl.FollowerState (FollowerState.java:run(108)) - 279bca68-3e74-4690-81cf-da5ab79b92f7@group-AF49A4A4CA2A-FollowerState: change to CANDIDATE, lastRpcTime:125ms, electionTimeout:125ms
2019-10-23 12:36:45,705 [Thread-2176] INFO  impl.RoleInfo (RoleInfo.java:shutdownFollowerState(121)) - 279bca68-3e74-4690-81cf-da5ab79b92f7: shutdown FollowerState
2019-10-23 12:36:45,705 [Thread-2176] INFO  impl.RaftServerImpl (RaftServerImpl.java:setRole(184)) - 279bca68-3e74-4690-81cf-da5ab79b92f7@group-AF49A4A4CA2A: changes role from  FOLLOWER to CANDIDATE at term 318 for changeToCandidate
2019-10-23 12:36:45,706 [Thread-2176] INFO  impl.RoleInfo (RoleInfo.java:updateAndGet(143)) - 279bca68-3e74-4690-81cf-da5ab79b92f7: start LeaderElection
2019-10-23 12:36:45,721 [279bca68-3e74-4690-81cf-da5ab79b92f7@group-AF49A4A4CA2A-LeaderElection294] INFO  impl.LeaderElection (LeaderElection.java:askForVotes(178)) - 279bca68-3e74-4690-81cf-da5ab79b92f7@group-AF49A4A4CA2A-LeaderElection294: begin an election at term 319 for -1: [daebe4f8-0ad9-4eb2-8ed7-3a8051847eb6:192.168.69.118:44860, 389d5540-641f-48c2-a9df-60738dbad976:192.168.69.118:45712, 279bca68-3e74-4690-81cf-da5ab79b92f7:192.168.69.118:45510], old=null
2019-10-23 12:36:45,722 [grpc-default-executor-3] INFO  impl.RaftServerImpl (RaftServerImpl.java:setRole(184)) - daebe4f8-0ad9-4eb2-8ed7-3a8051847eb6@group-AF49A4A4CA2A: changes role from  FOLLOWER to FOLLOWER at term 319 for recognizeCandidate:279bca68-3e74-4690-81cf-da5ab79b92f7
2019-10-23 12:36:45,722 [grpc-default-executor-3] INFO  impl.RoleInfo (RoleInfo.java:shutdownFollowerState(121)) - daebe4f8-0ad9-4eb2-8ed7-3a8051847eb6: shutdown FollowerState
2019-10-23 12:36:45,722 [grpc-default-executor-4] INFO  impl.RaftServerImpl (RaftServerImpl.java:setRole(184)) - 389d5540-641f-48c2-a9df-60738dbad976@group-AF49A4A4CA2A: changes role from  FOLLOWER to FOLLOWER at term 319 for recognizeCandidate:279bca68-3e74-4690-81cf-da5ab79b92f7
2019-10-23 12:36:45,723 [grpc-default-executor-4] INFO  impl.RoleInfo (RoleInfo.java:shutdownFollowerState(121)) - 389d5540-641f-48c2-a9df-60738dbad976: shutdown FollowerState
2019-10-23 12:36:45,723 [Thread-2174] INFO  impl.FollowerState (FollowerState.java:run(117)) - daebe4f8-0ad9-4eb2-8ed7-3a8051847eb6@group-AF49A4A4CA2A-FollowerState was interrupted: java.lang.InterruptedException: sleep interrupted
2019-10-23 12:36:45,723 [Thread-2175] INFO  impl.FollowerState (FollowerState.java:run(117)) - 389d5540-641f-48c2-a9df-60738dbad976@group-AF49A4A4CA2A-FollowerState was interrupted: java.lang.InterruptedException: sleep interrupted
2019-10-23 12:36:45,723 [grpc-default-executor-3] INFO  impl.RoleInfo (RoleInfo.java:updateAndGet(143)) - daebe4f8-0ad9-4eb2-8ed7-3a8051847eb6: start FollowerState
2019-10-23 12:36:45,723 [grpc-default-executor-4] INFO  impl.RoleInfo (RoleInfo.java:updateAndGet(143)) - 389d5540-641f-48c2-a9df-60738dbad976: start FollowerState
2019-10-23 12:36:45,747 [279bca68-3e74-4690-81cf-da5ab79b92f7@group-AF49A4A4CA2A-LeaderElection294] INFO  impl.LeaderElection (LeaderElection.java:logAndReturn(56)) - 279bca68-3e74-4690-81cf-da5ab79b92f7@group-AF49A4A4CA2A-LeaderElection294: Election REJECTED; received 2 response(s) [279bca68-3e74-4690-81cf-da5ab79b92f7<-daebe4f8-0ad9-4eb2-8ed7-3a8051847eb6#0:FAIL-t319, 279bca68-3e74-4690-81cf-da5ab79b92f7<-389d5540-641f-48c2-a9df-60738dbad976#0:FAIL-t319] and 0 exception(s); 279bca68-3e74-4690-81cf-da5ab79b92f7@group-AF49A4A4CA2A:t319, leader=null, voted=279bca68-3e74-4690-81cf-da5ab79b92f7, raftlog=279bca68-3e74-4690-81cf-da5ab79b92f7@group-AF49A4A4CA2A-SegmentedRaftLog:OPENED:c-1,f-1,i0, conf=-1: [daebe4f8-0ad9-4eb2-8ed7-3a8051847eb6:192.168.69.118:44860, 389d5540-641f-48c2-a9df-60738dbad976:192.168.69.118:45712, 279bca68-3e74-4690-81cf-da5ab79b92f7:192.168.69.118:45510], old=null
2019-10-23 12:36:45,747 [279bca68-3e74-4690-81cf-da5ab79b92f7@group-AF49A4A4CA2A-LeaderElection294] INFO  impl.RaftServerImpl (RaftServerImpl.java:setRole(184)) - 279bca68-3e74-4690-81cf-da5ab79b92f7@group-AF49A4A4CA2A: changes role from CANDIDATE to FOLLOWER at term 319 for DISCOVERED_A_NEW_TERM
2019-10-23 12:36:45,748 [279bca68-3e74-4690-81cf-da5ab79b92f7@group-AF49A4A4CA2A-LeaderElection294] INFO  impl.RoleInfo (RoleInfo.java:shutdownLeaderElection(134)) - 279bca68-3e74-4690-81cf-da5ab79b92f7: shutdown LeaderElection
2019-10-23 12:36:45,748 [279bca68-3e74-4690-81cf-da5ab79b92f7@group-AF49A4A4CA2A-LeaderElection294] INFO  impl.RoleInfo (RoleInfo.java:updateAndGet(143)) - 279bca68-3e74-4690-81cf-da5ab79b92f7: start FollowerState
2019-10-23 12:36:45,761 [Thread-2182] INFO  impl.FollowerState (FollowerState.java:run(108)) - 279bca68-3e74-4690-81cf-da5ab79b92f7@group-AF49A4A4CA2A-FollowerState: change to CANDIDATE, lastRpcTime:13ms, electionTimeout:13ms
2019-10-23 12:36:45,761 [Thread-2182] INFO  impl.RoleInfo (RoleInfo.java:shutdownFollowerState(121)) - 279bca68-3e74-4690-81cf-da5ab79b92f7: shutdown FollowerState
2019-10-23 12:36:45,761 [Thread-2182] INFO  impl.RaftServerImpl (RaftServerImpl.java:setRole(184)) - 279bca68-3e74-4690-81cf-da5ab79b92f7@group-AF49A4A4CA2A: changes role from  FOLLOWER to CANDIDATE at term 319 for changeToCandidate
2019-10-23 12:36:45,761 [Thread-2182] INFO  impl.RoleInfo (RoleInfo.java:updateAndGet(143)) - 279bca68-3e74-4690-81cf-da5ab79b92f7: start LeaderElection
2019-10-23 12:36:45,776 [279bca68-3e74-4690-81cf-da5ab79b92f7@group-AF49A4A4CA2A-LeaderElection295] INFO  impl.LeaderElection (LeaderElection.java:askForVotes(178)) - 279bca68-3e74-4690-81cf-da5ab79b92f7@group-AF49A4A4CA2A-LeaderElection295: begin an election at term 320 for -1: [daebe4f8-0ad9-4eb2-8ed7-3a8051847eb6:192.168.69.118:44860, 389d5540-641f-48c2-a9df-60738dbad976:192.168.69.118:45712, 279bca68-3e74-4690-81cf-da5ab79b92f7:192.168.69.118:45510], old=null
2019-10-23 12:36:45,778 [grpc-default-executor-3] INFO  impl.RaftServerImpl (RaftServerImpl.java:setRole(184)) - daebe4f8-0ad9-4eb2-8ed7-3a8051847eb6@group-AF49A4A4CA2A: changes role from  FOLLOWER to FOLLOWER at term 320 for recognizeCandidate:279bca68-3e74-4690-81cf-da5ab79b92f7
2019-10-23 12:36:45,778 [grpc-default-executor-4] INFO  impl.RaftServerImpl (RaftServerImpl.java:setRole(184)) - 389d5540-641f-48c2-a9df-60738dbad976@group-AF49A4A4CA2A: changes role from  FOLLOWER to FOLLOWER at term 320 for recognizeCandidate:279bca68-3e74-4690-81cf-da5ab79b92f7
2019-10-23 12:36:45,778 [grpc-default-executor-4] INFO  impl.RoleInfo (RoleInfo.java:shutdownFollowerState(121)) - 389d5540-641f-48c2-a9df-60738dbad976: shutdown FollowerState
2019-10-23 12:36:45,778 [grpc-default-executor-3] INFO  impl.RoleInfo (RoleInfo.java:shutdownFollowerState(121)) - daebe4f8-0ad9-4eb2-8ed7-3a8051847eb6: shutdown FollowerState
2019-10-23 12:36:45,778 [Thread-2181] INFO  impl.FollowerState (FollowerState.java:run(117)) - 389d5540-641f-48c2-a9df-60738dbad976@group-AF49A4A4CA2A-FollowerState was interrupted: java.lang.InterruptedException: sleep interrupted
2019-10-23 12:36:45,778 [grpc-default-executor-4] INFO  impl.RoleInfo (RoleInfo.java:updateAndGet(143)) - 389d5540-641f-48c2-a9df-60738dbad976: start FollowerState
2019-10-23 12:36:45,779 [Thread-2180] INFO  impl.FollowerState (FollowerState.java:run(117)) - daebe4f8-0ad9-4eb2-8ed7-3a8051847eb6@group-AF49A4A4CA2A-FollowerState was interrupted: java.lang.InterruptedException: sleep interrupted
2019-10-23 12:36:45,778 [grpc-default-executor-3] INFO  impl.RoleInfo (RoleInfo.java:updateAndGet(143)) - daebe4f8-0ad9-4eb2-8ed7-3a8051847eb6: start FollowerState
2019-10-23 12:36:45,804 [279bca68-3e74-4690-81cf-da5ab79b92f7@group-AF49A4A4CA2A-LeaderElection295] INFO  impl.LeaderElection (LeaderElection.java:logAndReturn(56)) - 279bca68-3e74-4690-81cf-da5ab79b92f7@group-AF49A4A4CA2A-LeaderElection295: Election REJECTED; received 2 response(s) [279bca68-3e74-4690-81cf-da5ab79b92f7<-daebe4f8-0ad9-4eb2-8ed7-3a8051847eb6#0:FAIL-t320, 279bca68-3e74-4690-81cf-da5ab79b92f7<-389d5540-641f-48c2-a9df-60738dbad976#0:FAIL-t320] and 0 exception(s); 279bca68-3e74-4690-81cf-da5ab79b92f7@group-AF49A4A4CA2A:t320, leader=null, voted=279bca68-3e74-4690-81cf-da5ab79b92f7, raftlog=279bca68-3e74-4690-81cf-da5ab79b92f7@group-AF49A4A4CA2A-SegmentedRaftLog:OPENED:c-1,f-1,i0, conf=-1: [daebe4f8-0ad9-4eb2-8ed7-3a8051847eb6:192.168.69.118:44860, 389d5540-641f-48c2-a9df-60738dbad976:192.168.69.118:45712, 279bca68-3e74-4690-81cf-da5ab79b92f7:192.168.69.118:45510], old=null
2019-10-23 12:36:45,804 [279bca68-3e74-4690-81cf-da5ab79b92f7@group-AF49A4A4CA2A-LeaderElection295] INFO  impl.RaftServerImpl (RaftServerImpl.java:setRole(184)) - 279bca68-3e74-4690-81cf-da5ab79b92f7@group-AF49A4A4CA2A: changes role from CANDIDATE to FOLLOWER at term 320 for DISCOVERED_A_NEW_TERM
2019-10-23 12:36:45,805 [279bca68-3e74-4690-81cf-da5ab79b92f7@group-AF49A4A4CA2A-LeaderElection295] INFO  impl.RoleInfo (RoleInfo.java:shutdownLeaderElection(134)) - 279bca68-3e74-4690-81cf-da5ab79b92f7: shutdown LeaderElection
2019-10-23 12:36:45,805 [279bca68-3e74-4690-81cf-da5ab79b92f7@group-AF49A4A4CA2A-LeaderElection295] INFO  impl.RoleInfo (RoleInfo.java:updateAndGet(143)) - 279bca68-3e74-4690-81cf-da5ab79b92f7: start FollowerState
2019-10-23 12:36:45,844 [Thread-2188] INFO  impl.FollowerState (FollowerState.java:run(108)) - 279bca68-3e74-4690-81cf-da5ab79b92f7@group-AF49A4A4CA2A-FollowerState: change to CANDIDATE, lastRpcTime:39ms, electionTimeout:39ms
2019-10-23 12:36:45,844 [Thread-2188] INFO  impl.RoleInfo (RoleInfo.java:shutdownFollowerState(121)) - 279bca68-3e74-4690-81cf-da5ab79b92f7: shutdown FollowerState
2019-10-23 12:36:45,844 [Thread-2188] INFO  impl.RaftServerImpl (RaftServerImpl.java:setRole(184)) - 279bca68-3e74-4690-81cf-da5ab79b92f7@group-AF49A4A4CA2A: changes role from  FOLLOWER to CANDIDATE at term 320 for changeToCandidate
2019-10-23 12:36:45,845 [Thread-2188] INFO  impl.RoleInfo (RoleInfo.java:updateAndGet(143)) - 279bca68-3e74-4690-81cf-da5ab79b92f7: start LeaderElection
2019-10-23 12:36:45,866 [279bca68-3e74-4690-81cf-da5ab79b92f7@group-AF49A4A4CA2A-LeaderElection296] INFO  impl.LeaderElection (LeaderElection.java:askForVotes(178)) - 279bca68-3e74-4690-81cf-da5ab79b92f7@group-AF49A4A4CA2A-LeaderElection296: begin an election at term 321 for -1: [daebe4f8-0ad9-4eb2-8ed7-3a8051847eb6:192.168.69.118:44860, 389d5540-641f-48c2-a9df-60738dbad976:192.168.69.118:45712, 279bca68-3e74-4690-81cf-da5ab79b92f7:192.168.69.118:45510], old=null
2019-10-23 12:36:45,868 [grpc-default-executor-4] INFO  impl.RaftServerImpl (RaftServerImpl.java:setRole(184)) - daebe4f8-0ad9-4eb2-8ed7-3a8051847eb6@group-AF49A4A4CA2A: changes role from  FOLLOWER to FOLLOWER at term 321 for recognizeCandidate:279bca68-3e74-4690-81cf-da5ab79b92f7
2019-10-23 12:36:45,868 [grpc-default-executor-3] INFO  impl.RaftServerImpl (RaftServerImpl.java:setRole(184)) - 389d5540-641f-48c2-a9df-60738dbad976@group-AF49A4A4CA2A: changes role from  FOLLOWER to FOLLOWER at term 321 for recognizeCandidate:279bca68-3e74-4690-81cf-da5ab79b92f7
2019-10-23 12:36:45,868 [grpc-default-executor-4] INFO  impl.RoleInfo (RoleInfo.java:shutdownFollowerState(121)) - daebe4f8-0ad9-4eb2-8ed7-3a8051847eb6: shutdown FollowerState
2019-10-23 12:36:45,868 [grpc-default-executor-3] INFO  impl.RoleInfo (RoleInfo.java:shutdownFollowerState(121)) - 389d5540-641f-48c2-a9df-60738dbad976: shutdown FollowerState
2019-10-23 12:36:45,868 [Thread-2187] INFO  impl.FollowerState (FollowerState.java:run(117)) - daebe4f8-0ad9-4eb2-8ed7-3a8051847eb6@group-AF49A4A4CA2A-FollowerState was interrupted: java.lang.InterruptedException: sleep interrupted
2019-10-23 12:36:45,868 [grpc-default-executor-4] INFO  impl.RoleInfo (RoleInfo.java:updateAndGet(143)) - daebe4f8-0ad9-4eb2-8ed7-3a8051847eb6: start FollowerState
2019-10-23 12:36:45,869 [grpc-default-executor-3] INFO  impl.RoleInfo (RoleInfo.java:updateAndGet(143)) - 389d5540-641f-48c2-a9df-60738dbad976: start FollowerState
2019-10-23 12:36:45,869 [Thread-2186] INFO  impl.FollowerState (FollowerState.java:run(117)) - 389d5540-641f-48c2-a9df-60738dbad976@group-AF49A4A4CA2A-FollowerState was interrupted: java.lang.InterruptedException: sleep interrupted
2019-10-23 12:36:45,891 [279bca68-3e74-4690-81cf-da5ab79b92f7@group-AF49A4A4CA2A-LeaderElection296] INFO  impl.LeaderElection (LeaderElection.java:logAndReturn(56)) - 279bca68-3e74-4690-81cf-da5ab79b92f7@group-AF49A4A4CA2A-LeaderElection296: Election REJECTED; received 2 response(s) [279bca68-3e74-4690-81cf-da5ab79b92f7<-daebe4f8-0ad9-4eb2-8ed7-3a8051847eb6#0:FAIL-t321, 279bca68-3e74-4690-81cf-da5ab79b92f7<-389d5540-641f-48c2-a9df-60738dbad976#0:FAIL-t321] and 0 exception(s); 279bca68-3e74-4690-81cf-da5ab79b92f7@group-AF49A4A4CA2A:t321, leader=null, voted=279bca68-3e74-4690-81cf-da5ab79b92f7, raftlog=279bca68-3e74-4690-81cf-da5ab79b92f7@group-AF49A4A4CA2A-SegmentedRaftLog:OPENED:c-1,f-1,i0, conf=-1: [daebe4f8-0ad9-4eb2-8ed7-3a8051847eb6:192.168.69.118:44860, 389d5540-641f-48c2-a9df-60738dbad976:192.168.69.118:45712, 279bca68-3e74-4690-81cf-da5ab79b92f7:192.168.69.118:45510], old=null
2019-10-23 12:36:45,891 [279bca68-3e74-4690-81cf-da5ab79b92f7@group-AF49A4A4CA2A-LeaderElection296] INFO  impl.RaftServerImpl (RaftServerImpl.java:setRole(184)) - 279bca68-3e74-4690-81cf-da5ab79b92f7@group-AF49A4A4CA2A: changes role from CANDIDATE to FOLLOWER at term 321 for DISCOVERED_A_NEW_TERM
2019-10-23 12:36:45,891 [279bca68-3e74-4690-81cf-da5ab79b92f7@group-AF49A4A4CA2A-LeaderElection296] INFO  impl.RoleInfo (RoleInfo.java:shutdownLeaderElection(134)) - 279bca68-3e74-4690-81cf-da5ab79b92f7: shutdown LeaderElection
2019-10-23 12:36:45,891 [279bca68-3e74-4690-81cf-da5ab79b92f7@group-AF49A4A4CA2A-LeaderElection296] INFO  impl.RoleInfo (RoleInfo.java:updateAndGet(143)) - 279bca68-3e74-4690-81cf-da5ab79b92f7: start FollowerState
2019-10-23 12:36:45,931 [Thread-2194] INFO  impl.FollowerState (FollowerState.java:run(108)) - 279bca68-3e74-4690-81cf-da5ab79b92f7@group-AF49A4A4CA2A-FollowerState: change to CANDIDATE, lastRpcTime:39ms, electionTimeout:39ms
2019-10-23 12:36:45,931 [Thread-2194] INFO  impl.RoleInfo (RoleInfo.java:shutdownFollowerState(121)) - 279bca68-3e74-4690-81cf-da5ab79b92f7: shutdown FollowerState
2019-10-23 12:36:45,931 [Thread-2194] INFO  impl.RaftServerImpl (RaftServerImpl.java:setRole(184)) - 279bca68-3e74-4690-81cf-da5ab79b92f7@group-AF49A4A4CA2A: changes role from  FOLLOWER to CANDIDATE at term 321 for changeToCandidate
2019-10-23 12:36:45,931 [Thread-2194] INFO  impl.RoleInfo (RoleInfo.java:updateAndGet(143)) - 279bca68-3e74-4690-81cf-da5ab79b92f7: start LeaderElection
2019-10-23 12:36:45,946 [279bca68-3e74-4690-81cf-da5ab79b92f7@group-AF49A4A4CA2A-LeaderElection297] INFO  impl.LeaderElection (LeaderElection.java:askForVotes(178)) - 279bca68-3e74-4690-81cf-da5ab79b92f7@group-AF49A4A4CA2A-LeaderElection297: begin an election at term 322 for -1: [daebe4f8-0ad9-4eb2-8ed7-3a8051847eb6:192.168.69.118:44860, 389d5540-641f-48c2-a9df-60738dbad976:192.168.69.118:45712, 279bca68-3e74-4690-81cf-da5ab79b92f7:192.168.69.118:45510], old=null
2019-10-23 12:36:45,948 [grpc-default-executor-3] INFO  impl.RaftServerImpl (RaftServerImpl.java:setRole(184)) - daebe4f8-0ad9-4eb2-8ed7-3a8051847eb6@group-AF49A4A4CA2A: changes role from  FOLLOWER to FOLLOWER at term 322 for recognizeCandidate:279bca68-3e74-4690-81cf-da5ab79b92f7
2019-10-23 12:36:45,948 [grpc-default-executor-3] INFO  impl.RoleInfo (RoleInfo.java:shutdownFollowerState(121)) - daebe4f8-0ad9-4eb2-8ed7-3a8051847eb6: shutdown FollowerState
2019-10-23 12:36:45,948 [grpc-default-executor-4] INFO  impl.RaftServerImpl (RaftServerImpl.java:setRole(184)) - 389d5540-641f-48c2-a9df-60738dbad976@group-AF49A4A4CA2A: changes role from  FOLLOWER to FOLLOWER at term 322 for recognizeCandidate:279bca68-3e74-4690-81cf-da5ab79b92f7
2019-10-23 12:36:45,948 [grpc-default-executor-4] INFO  impl.RoleInfo (RoleInfo.java:shutdownFollowerState(121)) - 389d5540-641f-48c2-a9df-60738dbad976: shutdown FollowerState
2019-10-23 12:36:45,948 [Thread-2192] INFO  impl.FollowerState (FollowerState.java:run(117)) - daebe4f8-0ad9-4eb2-8ed7-3a8051847eb6@group-AF49A4A4CA2A-FollowerState was interrupted: java.lang.InterruptedException: sleep interrupted
2019-10-23 12:36:45,949 [Thread-2193] INFO  impl.FollowerState (FollowerState.java:run(117)) - 389d5540-641f-48c2-a9df-60738dbad976@group-AF49A4A4CA2A-FollowerState was interrupted: java.lang.InterruptedException: sleep interrupted
2019-10-23 12:36:45,948 [grpc-default-executor-3] INFO  impl.RoleInfo (RoleInfo.java:updateAndGet(143)) - daebe4f8-0ad9-4eb2-8ed7-3a8051847eb6: start FollowerState
2019-10-23 12:36:45,949 [grpc-default-executor-4] INFO  impl.RoleInfo (RoleInfo.java:updateAndGet(143)) - 389d5540-641f-48c2-a9df-60738dbad976: start FollowerState
2019-10-23 12:36:45,974 [279bca68-3e74-4690-81cf-da5ab79b92f7@group-AF49A4A4CA2A-LeaderElection297] INFO  impl.LeaderElection (LeaderElection.java:logAndReturn(56)) - 279bca68-3e74-4690-81cf-da5ab79b92f7@group-AF49A4A4CA2A-LeaderElection297: Election REJECTED; received 2 response(s) [279bca68-3e74-4690-81cf-da5ab79b92f7<-daebe4f8-0ad9-4eb2-8ed7-3a8051847eb6#0:FAIL-t322, 279bca68-3e74-4690-81cf-da5ab79b92f7<-389d5540-641f-48c2-a9df-60738dbad976#0:FAIL-t322] and 0 exception(s); 279bca68-3e74-4690-81cf-da5ab79b92f7@group-AF49A4A4CA2A:t322, leader=null, voted=279bca68-3e74-4690-81cf-da5ab79b92f7, raftlog=279bca68-3e74-4690-81cf-da5ab79b92f7@group-AF49A4A4CA2A-SegmentedRaftLog:OPENED:c-1,f-1,i0, conf=-1: [daebe4f8-0ad9-4eb2-8ed7-3a8051847eb6:192.168.69.118:44860, 389d5540-641f-48c2-a9df-60738dbad976:192.168.69.118:45712, 279bca68-3e74-4690-81cf-da5ab79b92f7:192.168.69.118:45510], old=null
2019-10-23 12:36:45,974 [279bca68-3e74-4690-81cf-da5ab79b92f7@group-AF49A4A4CA2A-LeaderElection297] INFO  impl.RaftServerImpl (RaftServerImpl.java:setRole(184)) - 279bca68-3e74-4690-81cf-da5ab79b92f7@group-AF49A4A4CA2A: changes role from CANDIDATE to FOLLOWER at term 322 for DISCOVERED_A_NEW_TERM
2019-10-23 12:36:45,975 [279bca68-3e74-4690-81cf-da5ab79b92f7@group-AF49A4A4CA2A-LeaderElection297] INFO  impl.RoleInfo (RoleInfo.java:shutdownLeaderElection(134)) - 279bca68-3e74-4690-81cf-da5ab79b92f7: shutdown LeaderElection
2019-10-23 12:36:45,975 [279bca68-3e74-4690-81cf-da5ab79b92f7@group-AF49A4A4CA2A-LeaderElection297] INFO  impl.RoleInfo (RoleInfo.java:updateAndGet(143)) - 279bca68-3e74-4690-81cf-da5ab79b92f7: start FollowerState
2019-10-23 12:36:46,048 [Thread-2200] INFO  impl.FollowerState (FollowerState.java:run(108)) - 279bca68-3e74-4690-81cf-da5ab79b92f7@group-AF49A4A4CA2A-FollowerState: change to CANDIDATE, lastRpcTime:73ms, electionTimeout:73ms
2019-10-23 12:36:46,049 [Thread-2200] INFO  impl.RoleInfo (RoleInfo.java:shutdownFollowerState(121)) - 279bca68-3e74-4690-81cf-da5ab79b92f7: shutdown FollowerState
2019-10-23 12:36:46,050 [Thread-2200] INFO  impl.RaftServerImpl (RaftServerImpl.java:setRole(184)) - 279bca68-3e74-4690-81cf-da5ab79b92f7@group-AF49A4A4CA2A: changes role from  FOLLOWER to CANDIDATE at term 322 for changeToCandidate
2019-10-23 12:36:46,050 [Thread-2200] INFO  impl.RoleInfo (RoleInfo.java:updateAndGet(143)) - 279bca68-3e74-4690-81cf-da5ab79b92f7: start LeaderElection
2019-10-23 12:36:46,064 [279bca68-3e74-4690-81cf-da5ab79b92f7@group-AF49A4A4CA2A-LeaderElection298] INFO  impl.LeaderElection (LeaderElection.java:askForVotes(178)) - 279bca68-3e74-4690-81cf-da5ab79b92f7@group-AF49A4A4CA2A-LeaderElection298: begin an election at term 323 for -1: [daebe4f8-0ad9-4eb2-8ed7-3a8051847eb6:192.168.69.118:44860, 389d5540-641f-48c2-a9df-60738dbad976:192.168.69.118:45712, 279bca68-3e74-4690-81cf-da5ab79b92f7:192.168.69.118:45510], old=null
2019-10-23 12:36:46,069 [grpc-default-executor-3] INFO  impl.RaftServerImpl (RaftServerImpl.java:setRole(184)) - 389d5540-641f-48c2-a9df-60738dbad976@group-AF49A4A4CA2A: changes role from  FOLLOWER to FOLLOWER at term 323 for recognizeCandidate:279bca68-3e74-4690-81cf-da5ab79b92f7
2019-10-23 12:36:46,069 [grpc-default-executor-4] INFO  impl.RaftServerImpl (RaftServerImpl.java:setRole(184)) - daebe4f8-0ad9-4eb2-8ed7-3a8051847eb6@group-AF49A4A4CA2A: changes role from  FOLLOWER to FOLLOWER at term 323 for recognizeCandidate:279bca68-3e74-4690-81cf-da5ab79b92f7
2019-10-23 12:36:46,070 [grpc-default-executor-3] INFO  impl.RoleInfo (RoleInfo.java:shutdownFollowerState(121)) - 389d5540-641f-48c2-a9df-60738dbad976: shutdown FollowerState
2019-10-23 12:36:46,070 [grpc-default-executor-4] INFO  impl.RoleInfo (RoleInfo.java:shutdownFollowerState(121)) - daebe4f8-0ad9-4eb2-8ed7-3a8051847eb6: shutdown FollowerState
2019-10-23 12:36:46,070 [grpc-default-executor-3] INFO  impl.RoleInfo (RoleInfo.java:updateAndGet(143)) - 389d5540-641f-48c2-a9df-60738dbad976: start FollowerState
2019-10-23 12:36:46,070 [Thread-2198] INFO  impl.FollowerState (FollowerState.java:run(117)) - daebe4f8-0ad9-4eb2-8ed7-3a8051847eb6@group-AF49A4A4CA2A-FollowerState was interrupted: java.lang.InterruptedException: sleep interrupted
2019-10-23 12:36:46,070 [grpc-default-executor-4] INFO  impl.RoleInfo (RoleInfo.java:updateAndGet(143)) - daebe4f8-0ad9-4eb2-8ed7-3a8051847eb6: start FollowerState
2019-10-23 12:36:46,070 [Thread-2199] INFO  impl.FollowerState (FollowerState.java:run(117)) - 389d5540-641f-48c2-a9df-60738dbad976@group-AF49A4A4CA2A-FollowerState was interrupted: java.lang.InterruptedException: sleep interrupted
2019-10-23 12:36:46,114 [279bca68-3e74-4690-81cf-da5ab79b92f7@group-AF49A4A4CA2A-LeaderElection298] INFO  impl.LeaderElection (LeaderElection.java:logAndReturn(56)) - 279bca68-3e74-4690-81cf-da5ab79b92f7@group-AF49A4A4CA2A-LeaderElection298: Election REJECTED; received 2 response(s) [279bca68-3e74-4690-81cf-da5ab79b92f7<-daebe4f8-0ad9-4eb2-8ed7-3a8051847eb6#0:FAIL-t323, 279bca68-3e74-4690-81cf-da5ab79b92f7<-389d5540-641f-48c2-a9df-60738dbad976#0:FAIL-t323] and 0 exception(s); 279bca68-3e74-4690-81cf-da5ab79b92f7@group-AF49A4A4CA2A:t323, leader=null, voted=279bca68-3e74-4690-81cf-da5ab79b92f7, raftlog=279bca68-3e74-4690-81cf-da5ab79b92f7@group-AF49A4A4CA2A-SegmentedRaftLog:OPENED:c-1,f-1,i0, conf=-1: [daebe4f8-0ad9-4eb2-8ed7-3a8051847eb6:192.168.69.118:44860, 389d5540-641f-48c2-a9df-60738dbad976:192.168.69.118:45712, 279bca68-3e74-4690-81cf-da5ab79b92f7:192.168.69.118:45510], old=null
2019-10-23 12:36:46,114 [279bca68-3e74-4690-81cf-da5ab79b92f7@group-AF49A4A4CA2A-LeaderElection298] INFO  impl.RaftServerImpl (RaftServerImpl.java:setRole(184)) - 279bca68-3e74-4690-81cf-da5ab79b92f7@group-AF49A4A4CA2A: changes role from CANDIDATE to FOLLOWER at term 323 for DISCOVERED_A_NEW_TERM
2019-10-23 12:36:46,114 [279bca68-3e74-4690-81cf-da5ab79b92f7@group-AF49A4A4CA2A-LeaderElection298] INFO  impl.RoleInfo (RoleInfo.java:shutdownLeaderElection(134)) - 279bca68-3e74-4690-81cf-da5ab79b92f7: shutdown LeaderElection
2019-10-23 12:36:46,114 [279bca68-3e74-4690-81cf-da5ab79b92f7@group-AF49A4A4CA2A-LeaderElection298] INFO  impl.RoleInfo (RoleInfo.java:updateAndGet(143)) - 279bca68-3e74-4690-81cf-da5ab79b92f7: start FollowerState
2019-10-23 12:36:46,296 [Thread-2206] INFO  impl.FollowerState (FollowerState.java:run(108)) - 279bca68-3e74-4690-81cf-da5ab79b92f7@group-AF49A4A4CA2A-FollowerState: change to CANDIDATE, lastRpcTime:181ms, electionTimeout:178ms
2019-10-23 12:36:46,296 [Thread-2206] INFO  impl.RoleInfo (RoleInfo.java:shutdownFollowerState(121)) - 279bca68-3e74-4690-81cf-da5ab79b92f7: shutdown FollowerState
2019-10-23 12:36:46,296 [Thread-2206] INFO  impl.RaftServerImpl (RaftServerImpl.java:setRole(184)) - 279bca68-3e74-4690-81cf-da5ab79b92f7@group-AF49A4A4CA2A: changes role from  FOLLOWER to CANDIDATE at term 323 for changeToCandidate
2019-10-23 12:36:46,299 [Thread-2206] INFO  impl.RoleInfo (RoleInfo.java:updateAndGet(143)) - 279bca68-3e74-4690-81cf-da5ab79b92f7: start LeaderElection
2019-10-23 12:36:46,325 [279bca68-3e74-4690-81cf-da5ab79b92f7@group-AF49A4A4CA2A-LeaderElection299] INFO  impl.LeaderElection (LeaderElection.java:askForVotes(178)) - 279bca68-3e74-4690-81cf-da5ab79b92f7@group-AF49A4A4CA2A-LeaderElection299: begin an election at term 324 for -1: [daebe4f8-0ad9-4eb2-8ed7-3a8051847eb6:192.168.69.118:44860, 389d5540-641f-48c2-a9df-60738dbad976:192.168.69.118:45712, 279bca68-3e74-4690-81cf-da5ab79b92f7:192.168.69.118:45510], old=null
2019-10-23 12:36:46,327 [grpc-default-executor-3] INFO  impl.RaftServerImpl (RaftServerImpl.java:setRole(184)) - daebe4f8-0ad9-4eb2-8ed7-3a8051847eb6@group-AF49A4A4CA2A: changes role from  FOLLOWER to FOLLOWER at term 324 for recognizeCandidate:279bca68-3e74-4690-81cf-da5ab79b92f7
2019-10-23 12:36:46,327 [grpc-default-executor-4] INFO  impl.RaftServerImpl (RaftServerImpl.java:setRole(184)) - 389d5540-641f-48c2-a9df-60738dbad976@group-AF49A4A4CA2A: changes role from  FOLLOWER to FOLLOWER at term 324 for recognizeCandidate:279bca68-3e74-4690-81cf-da5ab79b92f7
2019-10-23 12:36:46,327 [grpc-default-executor-4] INFO  impl.RoleInfo (RoleInfo.java:shutdownFollowerState(121)) - 389d5540-641f-48c2-a9df-60738dbad976: shutdown FollowerState
2019-10-23 12:36:46,327 [grpc-default-executor-3] INFO  impl.RoleInfo (RoleInfo.java:shutdownFollowerState(121)) - daebe4f8-0ad9-4eb2-8ed7-3a8051847eb6: shutdown FollowerState
2019-10-23 12:36:46,327 [Thread-2204] INFO  impl.FollowerState (FollowerState.java:run(117)) - 389d5540-641f-48c2-a9df-60738dbad976@group-AF49A4A4CA2A-FollowerState was interrupted: java.lang.InterruptedException: sleep interrupted
2019-10-23 12:36:46,327 [grpc-default-executor-4] INFO  impl.RoleInfo (RoleInfo.java:updateAndGet(143)) - 389d5540-641f-48c2-a9df-60738dbad976: start FollowerState
2019-10-23 12:36:46,327 [Thread-2205] INFO  impl.FollowerState (FollowerState.java:run(117)) - daebe4f8-0ad9-4eb2-8ed7-3a8051847eb6@group-AF49A4A4CA2A-FollowerState was interrupted: java.lang.InterruptedException: sleep interrupted
2019-10-23 12:36:46,327 [grpc-default-executor-3] INFO  impl.RoleInfo (RoleInfo.java:updateAndGet(143)) - daebe4f8-0ad9-4eb2-8ed7-3a8051847eb6: start FollowerState
2019-10-23 12:36:46,347 [279bca68-3e74-4690-81cf-da5ab79b92f7@group-AF49A4A4CA2A-LeaderElection299] INFO  impl.LeaderElection (LeaderElection.java:logAndReturn(56)) - 279bca68-3e74-4690-81cf-da5ab79b92f7@group-AF49A4A4CA2A-LeaderElection299: Election REJECTED; received 2 response(s) [279bca68-3e74-4690-81cf-da5ab79b92f7<-daebe4f8-0ad9-4eb2-8ed7-3a8051847eb6#0:FAIL-t324, 279bca68-3e74-4690-81cf-da5ab79b92f7<-389d5540-641f-48c2-a9df-60738dbad976#0:FAIL-t324] and 0 exception(s); 279bca68-3e74-4690-81cf-da5ab79b92f7@group-AF49A4A4CA2A:t324, leader=null, voted=279bca68-3e74-4690-81cf-da5ab79b92f7, raftlog=279bca68-3e74-4690-81cf-da5ab79b92f7@group-AF49A4A4CA2A-SegmentedRaftLog:OPENED:c-1,f-1,i0, conf=-1: [daebe4f8-0ad9-4eb2-8ed7-3a8051847eb6:192.168.69.118:44860, 389d5540-641f-48c2-a9df-60738dbad976:192.168.69.118:45712, 279bca68-3e74-4690-81cf-da5ab79b92f7:192.168.69.118:45510], old=null
2019-10-23 12:36:46,347 [279bca68-3e74-4690-81cf-da5ab79b92f7@group-AF49A4A4CA2A-LeaderElection299] INFO  impl.RaftServerImpl (RaftServerImpl.java:setRole(184)) - 279bca68-3e74-4690-81cf-da5ab79b92f7@group-AF49A4A4CA2A: changes role from CANDIDATE to FOLLOWER at term 324 for DISCOVERED_A_NEW_TERM
2019-10-23 12:36:46,347 [279bca68-3e74-4690-81cf-da5ab79b92f7@group-AF49A4A4CA2A-LeaderElection299] INFO  impl.RoleInfo (RoleInfo.java:shutdownLeaderElection(134)) - 279bca68-3e74-4690-81cf-da5ab79b92f7: shutdown LeaderElection
2019-10-23 12:36:46,347 [279bca68-3e74-4690-81cf-da5ab79b92f7@group-AF49A4A4CA2A-LeaderElection299] INFO  impl.RoleInfo (RoleInfo.java:updateAndGet(143)) - 279bca68-3e74-4690-81cf-da5ab79b92f7: start FollowerState
2019-10-23 12:36:46,516 [Thread-2214] INFO  impl.FollowerState (FollowerState.java:run(108)) - 279bca68-3e74-4690-81cf-da5ab79b92f7@group-AF49A4A4CA2A-FollowerState: change to CANDIDATE, lastRpcTime:168ms, electionTimeout:168ms
2019-10-23 12:36:46,516 [Thread-2214] INFO  impl.RoleInfo (RoleInfo.java:shutdownFollowerState(121)) - 279bca68-3e74-4690-81cf-da5ab79b92f7: shutdown FollowerState
2019-10-23 12:36:46,516 [Thread-2214] INFO  impl.RaftServerImpl (RaftServerImpl.java:setRole(184)) - 279bca68-3e74-4690-81cf-da5ab79b92f7@group-AF49A4A4CA2A: changes role from  FOLLOWER to CANDIDATE at term 324 for changeToCandidate
2019-10-23 12:36:46,516 [Thread-2214] INFO  impl.RoleInfo (RoleInfo.java:updateAndGet(143)) - 279bca68-3e74-4690-81cf-da5ab79b92f7: start LeaderElection
2019-10-23 12:36:46,542 [279bca68-3e74-4690-81cf-da5ab79b92f7@group-AF49A4A4CA2A-LeaderElection300] INFO  impl.LeaderElection (LeaderElection.java:askForVotes(178)) - 279bca68-3e74-4690-81cf-da5ab79b92f7@group-AF49A4A4CA2A-LeaderElection300: begin an election at term 325 for -1: [daebe4f8-0ad9-4eb2-8ed7-3a8051847eb6:192.168.69.118:44860, 389d5540-641f-48c2-a9df-60738dbad976:192.168.69.118:45712, 279bca68-3e74-4690-81cf-da5ab79b92f7:192.168.69.118:45510], old=null
2019-10-23 12:36:46,545 [grpc-default-executor-3] INFO  impl.RaftServerImpl (RaftServerImpl.java:setRole(184)) - daebe4f8-0ad9-4eb2-8ed7-3a8051847eb6@group-AF49A4A4CA2A: changes role from  FOLLOWER to FOLLOWER at term 325 for recognizeCandidate:279bca68-3e74-4690-81cf-da5ab79b92f7
2019-10-23 12:36:46,545 [grpc-default-executor-4] INFO  impl.RaftServerImpl (RaftServerImpl.java:setRole(184)) - 389d5540-641f-48c2-a9df-60738dbad976@group-AF49A4A4CA2A: changes role from  FOLLOWER to FOLLOWER at term 325 for recognizeCandidate:279bca68-3e74-4690-81cf-da5ab79b92f7
2019-10-23 12:36:46,545 [grpc-default-executor-3] INFO  impl.RoleInfo (RoleInfo.java:shutdownFollowerState(121)) - daebe4f8-0ad9-4eb2-8ed7-3a8051847eb6: shutdown FollowerState
2019-10-23 12:36:46,545 [grpc-default-executor-4] INFO  impl.RoleInfo (RoleInfo.java:shutdownFollowerState(121)) - 389d5540-641f-48c2-a9df-60738dbad976: shutdown FollowerState
2019-10-23 12:36:46,545 [Thread-2213] INFO  impl.FollowerState (FollowerState.java:run(117)) - daebe4f8-0ad9-4eb2-8ed7-3a8051847eb6@group-AF49A4A4CA2A-FollowerState was interrupted: java.lang.InterruptedException: sleep interrupted
2019-10-23 12:36:46,545 [grpc-default-executor-3] INFO  impl.RoleInfo (RoleInfo.java:updateAndGet(143)) - daebe4f8-0ad9-4eb2-8ed7-3a8051847eb6: start FollowerState
2019-10-23 12:36:46,545 [Thread-2212] INFO  impl.FollowerState (FollowerState.java:run(117)) - 389d5540-641f-48c2-a9df-60738dbad976@group-AF49A4A4CA2A-FollowerState was interrupted: java.lang.InterruptedException: sleep interrupted
2019-10-23 12:36:46,545 [grpc-default-executor-4] INFO  impl.RoleInfo (RoleInfo.java:updateAndGet(143)) - 389d5540-641f-48c2-a9df-60738dbad976: start FollowerState
2019-10-23 12:36:46,572 [279bca68-3e74-4690-81cf-da5ab79b92f7@group-AF49A4A4CA2A-LeaderElection300] INFO  impl.LeaderElection (LeaderElection.java:logAndReturn(56)) - 279bca68-3e74-4690-81cf-da5ab79b92f7@group-AF49A4A4CA2A-LeaderElection300: Election REJECTED; received 2 response(s) [279bca68-3e74-4690-81cf-da5ab79b92f7<-daebe4f8-0ad9-4eb2-8ed7-3a8051847eb6#0:FAIL-t325, 279bca68-3e74-4690-81cf-da5ab79b92f7<-389d5540-641f-48c2-a9df-60738dbad976#0:FAIL-t325] and 0 exception(s); 279bca68-3e74-4690-81cf-da5ab79b92f7@group-AF49A4A4CA2A:t325, leader=null, voted=279bca68-3e74-4690-81cf-da5ab79b92f7, raftlog=279bca68-3e74-4690-81cf-da5ab79b92f7@group-AF49A4A4CA2A-SegmentedRaftLog:OPENED:c-1,f-1,i0, conf=-1: [daebe4f8-0ad9-4eb2-8ed7-3a8051847eb6:192.168.69.118:44860, 389d5540-641f-48c2-a9df-60738dbad976:192.168.69.118:45712, 279bca68-3e74-4690-81cf-da5ab79b92f7:192.168.69.118:45510], old=null
2019-10-23 12:36:46,572 [279bca68-3e74-4690-81cf-da5ab79b92f7@group-AF49A4A4CA2A-LeaderElection300] INFO  impl.RaftServerImpl (RaftServerImpl.java:setRole(184)) - 279bca68-3e74-4690-81cf-da5ab79b92f7@group-AF49A4A4CA2A: changes role from CANDIDATE to FOLLOWER at term 325 for DISCOVERED_A_NEW_TERM
2019-10-23 12:36:46,572 [279bca68-3e74-4690-81cf-da5ab79b92f7@group-AF49A4A4CA2A-LeaderElection300] INFO  impl.RoleInfo (RoleInfo.java:shutdownLeaderElection(134)) - 279bca68-3e74-4690-81cf-da5ab79b92f7: shutdown LeaderElection
2019-10-23 12:36:46,572 [279bca68-3e74-4690-81cf-da5ab79b92f7@group-AF49A4A4CA2A-LeaderElection300] INFO  impl.RoleInfo (RoleInfo.java:updateAndGet(143)) - 279bca68-3e74-4690-81cf-da5ab79b92f7: start FollowerState
2019-10-23 12:36:46,684 [Thread-2220] INFO  impl.FollowerState (FollowerState.java:run(108)) - 279bca68-3e74-4690-81cf-da5ab79b92f7@group-AF49A4A4CA2A-FollowerState: change to CANDIDATE, lastRpcTime:111ms, electionTimeout:111ms
2019-10-23 12:36:46,684 [Thread-2220] INFO  impl.RoleInfo (RoleInfo.java:shutdownFollowerState(121)) - 279bca68-3e74-4690-81cf-da5ab79b92f7: shutdown FollowerState
2019-10-23 12:36:46,684 [Thread-2220] INFO  impl.RaftServerImpl (RaftServerImpl.java:setRole(184)) - 279bca68-3e74-4690-81cf-da5ab79b92f7@group-AF49A4A4CA2A: changes role from  FOLLOWER to CANDIDATE at term 325 for changeToCandidate
2019-10-23 12:36:46,684 [Thread-2220] INFO  impl.RoleInfo (RoleInfo.java:updateAndGet(143)) - 279bca68-3e74-4690-81cf-da5ab79b92f7: start LeaderElection
2019-10-23 12:36:46,699 [279bca68-3e74-4690-81cf-da5ab79b92f7@group-AF49A4A4CA2A-LeaderElection301] INFO  impl.LeaderElection (LeaderElection.java:askForVotes(178)) - 279bca68-3e74-4690-81cf-da5ab79b92f7@group-AF49A4A4CA2A-LeaderElection301: begin an election at term 326 for -1: [daebe4f8-0ad9-4eb2-8ed7-3a8051847eb6:192.168.69.118:44860, 389d5540-641f-48c2-a9df-60738dbad976:192.168.69.118:45712, 279bca68-3e74-4690-81cf-da5ab79b92f7:192.168.69.118:45510], old=null
2019-10-23 12:36:46,701 [grpc-default-executor-3] INFO  impl.RaftServerImpl (RaftServerImpl.java:setRole(184)) - daebe4f8-0ad9-4eb2-8ed7-3a8051847eb6@group-AF49A4A4CA2A: changes role from  FOLLOWER to FOLLOWER at term 326 for recognizeCandidate:279bca68-3e74-4690-81cf-da5ab79b92f7
2019-10-23 12:36:46,701 [grpc-default-executor-4] INFO  impl.RaftServerImpl (RaftServerImpl.java:setRole(184)) - 389d5540-641f-48c2-a9df-60738dbad976@group-AF49A4A4CA2A: changes role from  FOLLOWER to FOLLOWER at term 326 for recognizeCandidate:279bca68-3e74-4690-81cf-da5ab79b92f7
2019-10-23 12:36:46,701 [grpc-default-executor-3] INFO  impl.RoleInfo (RoleInfo.java:shutdownFollowerState(121)) - daebe4f8-0ad9-4eb2-8ed7-3a8051847eb6: shutdown FollowerState
2019-10-23 12:36:46,702 [grpc-default-executor-4] INFO  impl.RoleInfo (RoleInfo.java:shutdownFollowerState(121)) - 389d5540-641f-48c2-a9df-60738dbad976: shutdown FollowerState
2019-10-23 12:36:46,702 [Thread-2218] INFO  impl.FollowerState (FollowerState.java:run(117)) - daebe4f8-0ad9-4eb2-8ed7-3a8051847eb6@group-AF49A4A4CA2A-FollowerState was interrupted: java.lang.InterruptedException: sleep interrupted
2019-10-23 12:36:46,702 [grpc-default-executor-3] INFO  impl.RoleInfo (RoleInfo.java:updateAndGet(143)) - daebe4f8-0ad9-4eb2-8ed7-3a8051847eb6: start FollowerState
2019-10-23 12:36:46,702 [Thread-2219] INFO  impl.FollowerState (FollowerState.java:run(117)) - 389d5540-641f-48c2-a9df-60738dbad976@group-AF49A4A4CA2A-FollowerState was interrupted: java.lang.InterruptedException: sleep interrupted
2019-10-23 12:36:46,702 [grpc-default-executor-4] INFO  impl.RoleInfo (RoleInfo.java:updateAndGet(143)) - 389d5540-641f-48c2-a9df-60738dbad976: start FollowerState
2019-10-23 12:36:46,716 [279bca68-3e74-4690-81cf-da5ab79b92f7@group-AF49A4A4CA2A-LeaderElection301] INFO  impl.LeaderElection (LeaderElection.java:logAndReturn(56)) - 279bca68-3e74-4690-81cf-da5ab79b92f7@group-AF49A4A4CA2A-LeaderElection301: Election REJECTED; received 2 response(s) [279bca68-3e74-4690-81cf-da5ab79b92f7<-daebe4f8-0ad9-4eb2-8ed7-3a8051847eb6#0:FAIL-t326, 279bca68-3e74-4690-81cf-da5ab79b92f7<-389d5540-641f-48c2-a9df-60738dbad976#0:FAIL-t326] and 0 exception(s); 279bca68-3e74-4690-81cf-da5ab79b92f7@group-AF49A4A4CA2A:t326, leader=null, voted=279bca68-3e74-4690-81cf-da5ab79b92f7, raftlog=279bca68-3e74-4690-81cf-da5ab79b92f7@group-AF49A4A4CA2A-SegmentedRaftLog:OPENED:c-1,f-1,i0, conf=-1: [daebe4f8-0ad9-4eb2-8ed7-3a8051847eb6:192.168.69.118:44860, 389d5540-641f-48c2-a9df-60738dbad976:192.168.69.118:45712, 279bca68-3e74-4690-81cf-da5ab79b92f7:192.168.69.118:45510], old=null
2019-10-23 12:36:46,717 [279bca68-3e74-4690-81cf-da5ab79b92f7@group-AF49A4A4CA2A-LeaderElection301] INFO  impl.RaftServerImpl (RaftServerImpl.java:setRole(184)) - 279bca68-3e74-4690-81cf-da5ab79b92f7@group-AF49A4A4CA2A: changes role from CANDIDATE to FOLLOWER at term 326 for DISCOVERED_A_NEW_TERM
2019-10-23 12:36:46,717 [279bca68-3e74-4690-81cf-da5ab79b92f7@group-AF49A4A4CA2A-LeaderElection301] INFO  impl.RoleInfo (RoleInfo.java:shutdownLeaderElection(134)) - 279bca68-3e74-4690-81cf-da5ab79b92f7: shutdown LeaderElection
2019-10-23 12:36:46,717 [279bca68-3e74-4690-81cf-da5ab79b92f7@group-AF49A4A4CA2A-LeaderElection301] INFO  impl.RoleInfo (RoleInfo.java:updateAndGet(143)) - 279bca68-3e74-4690-81cf-da5ab79b92f7: start FollowerState
2019-10-23 12:36:46,787 [Thread-2226] INFO  impl.FollowerState (FollowerState.java:run(108)) - 279bca68-3e74-4690-81cf-da5ab79b92f7@group-AF49A4A4CA2A-FollowerState: change to CANDIDATE, lastRpcTime:70ms, electionTimeout:70ms
2019-10-23 12:36:46,787 [Thread-2226] INFO  impl.RoleInfo (RoleInfo.java:shutdownFollowerState(121)) - 279bca68-3e74-4690-81cf-da5ab79b92f7: shutdown FollowerState
2019-10-23 12:36:46,787 [Thread-2226] INFO  impl.RaftServerImpl (RaftServerImpl.java:setRole(184)) - 279bca68-3e74-4690-81cf-da5ab79b92f7@group-AF49A4A4CA2A: changes role from  FOLLOWER to CANDIDATE at term 326 for changeToCandidate
2019-10-23 12:36:46,788 [Thread-2226] INFO  impl.RoleInfo (RoleInfo.java:updateAndGet(143)) - 279bca68-3e74-4690-81cf-da5ab79b92f7: start LeaderElection
2019-10-23 12:36:46,803 [279bca68-3e74-4690-81cf-da5ab79b92f7@group-AF49A4A4CA2A-LeaderElection302] INFO  impl.LeaderElection (LeaderElection.java:askForVotes(178)) - 279bca68-3e74-4690-81cf-da5ab79b92f7@group-AF49A4A4CA2A-LeaderElection302: begin an election at term 327 for -1: [daebe4f8-0ad9-4eb2-8ed7-3a8051847eb6:192.168.69.118:44860, 389d5540-641f-48c2-a9df-60738dbad976:192.168.69.118:45712, 279bca68-3e74-4690-81cf-da5ab79b92f7:192.168.69.118:45510], old=null
2019-10-23 12:36:46,804 [grpc-default-executor-4] INFO  impl.RaftServerImpl (RaftServerImpl.java:setRole(184)) - daebe4f8-0ad9-4eb2-8ed7-3a8051847eb6@group-AF49A4A4CA2A: changes role from  FOLLOWER to FOLLOWER at term 327 for recognizeCandidate:279bca68-3e74-4690-81cf-da5ab79b92f7
2019-10-23 12:36:46,804 [grpc-default-executor-4] INFO  impl.RoleInfo (RoleInfo.java:shutdownFollowerState(121)) - daebe4f8-0ad9-4eb2-8ed7-3a8051847eb6: shutdown FollowerState
2019-10-23 12:36:46,804 [grpc-default-executor-3] INFO  impl.RaftServerImpl (RaftServerImpl.java:setRole(184)) - 389d5540-641f-48c2-a9df-60738dbad976@group-AF49A4A4CA2A: changes role from  FOLLOWER to FOLLOWER at term 327 for recognizeCandidate:279bca68-3e74-4690-81cf-da5ab79b92f7
2019-10-23 12:36:46,805 [grpc-default-executor-3] INFO  impl.RoleInfo (RoleInfo.java:shutdownFollowerState(121)) - 389d5540-641f-48c2-a9df-60738dbad976: shutdown FollowerState
2019-10-23 12:36:46,805 [Thread-2224] INFO  impl.FollowerState (FollowerState.java:run(117)) - daebe4f8-0ad9-4eb2-8ed7-3a8051847eb6@group-AF49A4A4CA2A-FollowerState was interrupted: java.lang.InterruptedException: sleep interrupted
2019-10-23 12:36:46,805 [grpc-default-executor-4] INFO  impl.RoleInfo (RoleInfo.java:updateAndGet(143)) - daebe4f8-0ad9-4eb2-8ed7-3a8051847eb6: start FollowerState
2019-10-23 12:36:46,805 [Thread-2225] INFO  impl.FollowerState (FollowerState.java:run(117)) - 389d5540-641f-48c2-a9df-60738dbad976@group-AF49A4A4CA2A-FollowerState was interrupted: java.lang.InterruptedException: sleep interrupted
2019-10-23 12:36:46,805 [grpc-default-executor-3] INFO  impl.RoleInfo (RoleInfo.java:updateAndGet(143)) - 389d5540-641f-48c2-a9df-60738dbad976: start FollowerState
2019-10-23 12:36:46,819 [279bca68-3e74-4690-81cf-da5ab79b92f7@group-AF49A4A4CA2A-LeaderElection302] INFO  impl.LeaderElection (LeaderElection.java:logAndReturn(56)) - 279bca68-3e74-4690-81cf-da5ab79b92f7@group-AF49A4A4CA2A-LeaderElection302: Election REJECTED; received 2 response(s) [279bca68-3e74-4690-81cf-da5ab79b92f7<-daebe4f8-0ad9-4eb2-8ed7-3a8051847eb6#0:FAIL-t327, 279bca68-3e74-4690-81cf-da5ab79b92f7<-389d5540-641f-48c2-a9df-60738dbad976#0:FAIL-t327] and 0 exception(s); 279bca68-3e74-4690-81cf-da5ab79b92f7@group-AF49A4A4CA2A:t327, leader=null, voted=279bca68-3e74-4690-81cf-da5ab79b92f7, raftlog=279bca68-3e74-4690-81cf-da5ab79b92f7@group-AF49A4A4CA2A-SegmentedRaftLog:OPENED:c-1,f-1,i0, conf=-1: [daebe4f8-0ad9-4eb2-8ed7-3a8051847eb6:192.168.69.118:44860, 389d5540-641f-48c2-a9df-60738dbad976:192.168.69.118:45712, 279bca68-3e74-4690-81cf-da5ab79b92f7:192.168.69.118:45510], old=null
2019-10-23 12:36:46,819 [279bca68-3e74-4690-81cf-da5ab79b92f7@group-AF49A4A4CA2A-LeaderElection302] INFO  impl.RaftServerImpl (RaftServerImpl.java:setRole(184)) - 279bca68-3e74-4690-81cf-da5ab79b92f7@group-AF49A4A4CA2A: changes role from CANDIDATE to FOLLOWER at term 327 for DISCOVERED_A_NEW_TERM
2019-10-23 12:36:46,819 [279bca68-3e74-4690-81cf-da5ab79b92f7@group-AF49A4A4CA2A-LeaderElection302] INFO  impl.RoleInfo (RoleInfo.java:shutdownLeaderElection(134)) - 279bca68-3e74-4690-81cf-da5ab79b92f7: shutdown LeaderElection
2019-10-23 12:36:46,819 [279bca68-3e74-4690-81cf-da5ab79b92f7@group-AF49A4A4CA2A-LeaderElection302] INFO  impl.RoleInfo (RoleInfo.java:updateAndGet(143)) - 279bca68-3e74-4690-81cf-da5ab79b92f7: start FollowerState
2019-10-23 12:36:46,923 [Thread-2232] INFO  impl.FollowerState (FollowerState.java:run(108)) - 279bca68-3e74-4690-81cf-da5ab79b92f7@group-AF49A4A4CA2A-FollowerState: change to CANDIDATE, lastRpcTime:103ms, electionTimeout:103ms
2019-10-23 12:36:46,923 [Thread-2232] INFO  impl.RoleInfo (RoleInfo.java:shutdownFollowerState(121)) - 279bca68-3e74-4690-81cf-da5ab79b92f7: shutdown FollowerState
2019-10-23 12:36:46,923 [Thread-2232] INFO  impl.RaftServerImpl (RaftServerImpl.java:setRole(184)) - 279bca68-3e74-4690-81cf-da5ab79b92f7@group-AF49A4A4CA2A: changes role from  FOLLOWER to CANDIDATE at term 327 for changeToCandidate
2019-10-23 12:36:46,923 [Thread-2232] INFO  impl.RoleInfo (RoleInfo.java:updateAndGet(143)) - 279bca68-3e74-4690-81cf-da5ab79b92f7: start LeaderElection
2019-10-23 12:36:46,933 [279bca68-3e74-4690-81cf-da5ab79b92f7@group-AF49A4A4CA2A-LeaderElection303] INFO  impl.LeaderElection (LeaderElection.java:askForVotes(178)) - 279bca68-3e74-4690-81cf-da5ab79b92f7@group-AF49A4A4CA2A-LeaderElection303: begin an election at term 328 for -1: [daebe4f8-0ad9-4eb2-8ed7-3a8051847eb6:192.168.69.118:44860, 389d5540-641f-48c2-a9df-60738dbad976:192.168.69.118:45712, 279bca68-3e74-4690-81cf-da5ab79b92f7:192.168.69.118:45510], old=null
2019-10-23 12:36:46,935 [grpc-default-executor-3] INFO  impl.RaftServerImpl (RaftServerImpl.java:setRole(184)) - daebe4f8-0ad9-4eb2-8ed7-3a8051847eb6@group-AF49A4A4CA2A: changes role from  FOLLOWER to FOLLOWER at term 328 for recognizeCandidate:279bca68-3e74-4690-81cf-da5ab79b92f7
2019-10-23 12:36:46,935 [grpc-default-executor-3] INFO  impl.RoleInfo (RoleInfo.java:shutdownFollowerState(121)) - daebe4f8-0ad9-4eb2-8ed7-3a8051847eb6: shutdown FollowerState
2019-10-23 12:36:46,935 [grpc-default-executor-4] INFO  impl.RaftServerImpl (RaftServerImpl.java:setRole(184)) - 389d5540-641f-48c2-a9df-60738dbad976@group-AF49A4A4CA2A: changes role from  FOLLOWER to FOLLOWER at term 328 for recognizeCandidate:279bca68-3e74-4690-81cf-da5ab79b92f7
2019-10-23 12:36:46,936 [Thread-2230] INFO  impl.FollowerState (FollowerState.java:run(117)) - daebe4f8-0ad9-4eb2-8ed7-3a8051847eb6@group-AF49A4A4CA2A-FollowerState was interrupted: java.lang.InterruptedException: sleep interrupted
2019-10-23 12:36:46,935 [grpc-default-executor-3] INFO  impl.RoleInfo (RoleInfo.java:updateAndGet(143)) - daebe4f8-0ad9-4eb2-8ed7-3a8051847eb6: start FollowerState
2019-10-23 12:36:46,936 [grpc-default-executor-4] INFO  impl.RoleInfo (RoleInfo.java:shutdownFollowerState(121)) - 389d5540-641f-48c2-a9df-60738dbad976: shutdown FollowerState
2019-10-23 12:36:46,936 [grpc-default-executor-4] INFO  impl.RoleInfo (RoleInfo.java:updateAndGet(143)) - 389d5540-641f-48c2-a9df-60738dbad976: start FollowerState
2019-10-23 12:36:46,936 [Thread-2231] INFO  impl.FollowerState (FollowerState.java:run(117)) - 389d5540-641f-48c2-a9df-60738dbad976@group-AF49A4A4CA2A-FollowerState was interrupted: java.lang.InterruptedException: sleep interrupted
2019-10-23 12:36:46,962 [279bca68-3e74-4690-81cf-da5ab79b92f7@group-AF49A4A4CA2A-LeaderElection303] INFO  impl.LeaderElection (LeaderElection.java:logAndReturn(56)) - 279bca68-3e74-4690-81cf-da5ab79b92f7@group-AF49A4A4CA2A-LeaderElection303: Election REJECTED; received 2 response(s) [279bca68-3e74-4690-81cf-da5ab79b92f7<-daebe4f8-0ad9-4eb2-8ed7-3a8051847eb6#0:FAIL-t328, 279bca68-3e74-4690-81cf-da5ab79b92f7<-389d5540-641f-48c2-a9df-60738dbad976#0:FAIL-t328] and 0 exception(s); 279bca68-3e74-4690-81cf-da5ab79b92f7@group-AF49A4A4CA2A:t328, leader=null, voted=279bca68-3e74-4690-81cf-da5ab79b92f7, raftlog=279bca68-3e74-4690-81cf-da5ab79b92f7@group-AF49A4A4CA2A-SegmentedRaftLog:OPENED:c-1,f-1,i0, conf=-1: [daebe4f8-0ad9-4eb2-8ed7-3a8051847eb6:192.168.69.118:44860, 389d5540-641f-48c2-a9df-60738dbad976:192.168.69.118:45712, 279bca68-3e74-4690-81cf-da5ab79b92f7:192.168.69.118:45510], old=null
2019-10-23 12:36:46,962 [279bca68-3e74-4690-81cf-da5ab79b92f7@group-AF49A4A4CA2A-LeaderElection303] INFO  impl.RaftServerImpl (RaftServerImpl.java:setRole(184)) - 279bca68-3e74-4690-81cf-da5ab79b92f7@group-AF49A4A4CA2A: changes role from CANDIDATE to FOLLOWER at term 328 for DISCOVERED_A_NEW_TERM
2019-10-23 12:36:46,962 [279bca68-3e74-4690-81cf-da5ab79b92f7@group-AF49A4A4CA2A-LeaderElection303] INFO  impl.RoleInfo (RoleInfo.java:shutdownLeaderElection(134)) - 279bca68-3e74-4690-81cf-da5ab79b92f7: shutdown LeaderElection
2019-10-23 12:36:46,962 [279bca68-3e74-4690-81cf-da5ab79b92f7@group-AF49A4A4CA2A-LeaderElection303] INFO  impl.RoleInfo (RoleInfo.java:updateAndGet(143)) - 279bca68-3e74-4690-81cf-da5ab79b92f7: start FollowerState
2019-10-23 12:36:46,989 [Thread-2238] INFO  impl.FollowerState (FollowerState.java:run(108)) - 279bca68-3e74-4690-81cf-da5ab79b92f7@group-AF49A4A4CA2A-FollowerState: change to CANDIDATE, lastRpcTime:26ms, electionTimeout:26ms
2019-10-23 12:36:46,989 [Thread-2238] INFO  impl.RoleInfo (RoleInfo.java:shutdownFollowerState(121)) - 279bca68-3e74-4690-81cf-da5ab79b92f7: shutdown FollowerState
2019-10-23 12:36:46,989 [Thread-2238] INFO  impl.RaftServerImpl (RaftServerImpl.java:setRole(184)) - 279bca68-3e74-4690-81cf-da5ab79b92f7@group-AF49A4A4CA2A: changes role from  FOLLOWER to CANDIDATE at term 328 for changeToCandidate
2019-10-23 12:36:46,989 [Thread-2238] INFO  impl.RoleInfo (RoleInfo.java:updateAndGet(143)) - 279bca68-3e74-4690-81cf-da5ab79b92f7: start LeaderElection
2019-10-23 12:36:47,002 [279bca68-3e74-4690-81cf-da5ab79b92f7@group-AF49A4A4CA2A-LeaderElection304] INFO  impl.LeaderElection (LeaderElection.java:askForVotes(178)) - 279bca68-3e74-4690-81cf-da5ab79b92f7@group-AF49A4A4CA2A-LeaderElection304: begin an election at term 329 for -1: [daebe4f8-0ad9-4eb2-8ed7-3a8051847eb6:192.168.69.118:44860, 389d5540-641f-48c2-a9df-60738dbad976:192.168.69.118:45712, 279bca68-3e74-4690-81cf-da5ab79b92f7:192.168.69.118:45510], old=null
2019-10-23 12:36:47,004 [grpc-default-executor-4] INFO  impl.RaftServerImpl (RaftServerImpl.java:setRole(184)) - daebe4f8-0ad9-4eb2-8ed7-3a8051847eb6@group-AF49A4A4CA2A: changes role from  FOLLOWER to FOLLOWER at term 329 for recognizeCandidate:279bca68-3e74-4690-81cf-da5ab79b92f7
2019-10-23 12:36:47,004 [grpc-default-executor-4] INFO  impl.RoleInfo (RoleInfo.java:shutdownFollowerState(121)) - daebe4f8-0ad9-4eb2-8ed7-3a8051847eb6: shutdown FollowerState
2019-10-23 12:36:47,004 [grpc-default-executor-4] INFO  impl.RoleInfo (RoleInfo.java:updateAndGet(143)) - daebe4f8-0ad9-4eb2-8ed7-3a8051847eb6: start FollowerState
2019-10-23 12:36:47,004 [grpc-default-executor-3] INFO  impl.RaftServerImpl (RaftServerImpl.java:setRole(184)) - 389d5540-641f-48c2-a9df-60738dbad976@group-AF49A4A4CA2A: changes role from  FOLLOWER to FOLLOWER at term 329 for recognizeCandidate:279bca68-3e74-4690-81cf-da5ab79b92f7
2019-10-23 12:36:47,004 [grpc-default-executor-3] INFO  impl.RoleInfo (RoleInfo.java:shutdownFollowerState(121)) - 389d5540-641f-48c2-a9df-60738dbad976: shutdown FollowerState
2019-10-23 12:36:47,004 [Thread-2236] INFO  impl.FollowerState (FollowerState.java:run(117)) - daebe4f8-0ad9-4eb2-8ed7-3a8051847eb6@group-AF49A4A4CA2A-FollowerState was interrupted: java.lang.InterruptedException: sleep interrupted
2019-10-23 12:36:47,005 [grpc-default-executor-3] INFO  impl.RoleInfo (RoleInfo.java:updateAndGet(143)) - 389d5540-641f-48c2-a9df-60738dbad976: start FollowerState
2019-10-23 12:36:47,005 [Thread-2237] INFO  impl.FollowerState (FollowerState.java:run(117)) - 389d5540-641f-48c2-a9df-60738dbad976@group-AF49A4A4CA2A-FollowerState was interrupted: java.lang.InterruptedException: sleep interrupted
2019-10-23 12:36:47,020 [279bca68-3e74-4690-81cf-da5ab79b92f7@group-AF49A4A4CA2A-LeaderElection304] INFO  impl.LeaderElection (LeaderElection.java:logAndReturn(56)) - 279bca68-3e74-4690-81cf-da5ab79b92f7@group-AF49A4A4CA2A-LeaderElection304: Election REJECTED; received 2 response(s) [279bca68-3e74-4690-81cf-da5ab79b92f7<-daebe4f8-0ad9-4eb2-8ed7-3a8051847eb6#0:FAIL-t329, 279bca68-3e74-4690-81cf-da5ab79b92f7<-389d5540-641f-48c2-a9df-60738dbad976#0:FAIL-t329] and 0 exception(s); 279bca68-3e74-4690-81cf-da5ab79b92f7@group-AF49A4A4CA2A:t329, leader=null, voted=279bca68-3e74-4690-81cf-da5ab79b92f7, raftlog=279bca68-3e74-4690-81cf-da5ab79b92f7@group-AF49A4A4CA2A-SegmentedRaftLog:OPENED:c-1,f-1,i0, conf=-1: [daebe4f8-0ad9-4eb2-8ed7-3a8051847eb6:192.168.69.118:44860, 389d5540-641f-48c2-a9df-60738dbad976:192.168.69.118:45712, 279bca68-3e74-4690-81cf-da5ab79b92f7:192.168.69.118:45510], old=null
2019-10-23 12:36:47,020 [279bca68-3e74-4690-81cf-da5ab79b92f7@group-AF49A4A4CA2A-LeaderElection304] INFO  impl.RaftServerImpl (RaftServerImpl.java:setRole(184)) - 279bca68-3e74-4690-81cf-da5ab79b92f7@group-AF49A4A4CA2A: changes role from CANDIDATE to FOLLOWER at term 329 for DISCOVERED_A_NEW_TERM
2019-10-23 12:36:47,020 [279bca68-3e74-4690-81cf-da5ab79b92f7@group-AF49A4A4CA2A-LeaderElection304] INFO  impl.RoleInfo (RoleInfo.java:shutdownLeaderElection(134)) - 279bca68-3e74-4690-81cf-da5ab79b92f7: shutdown LeaderElection
2019-10-23 12:36:47,020 [279bca68-3e74-4690-81cf-da5ab79b92f7@group-AF49A4A4CA2A-LeaderElection304] INFO  impl.RoleInfo (RoleInfo.java:updateAndGet(143)) - 279bca68-3e74-4690-81cf-da5ab79b92f7: start FollowerState
2019-10-23 12:36:47,122 [Thread-2244] INFO  impl.FollowerState (FollowerState.java:run(108)) - 279bca68-3e74-4690-81cf-da5ab79b92f7@group-AF49A4A4CA2A-FollowerState: change to CANDIDATE, lastRpcTime:102ms, electionTimeout:102ms
2019-10-23 12:36:47,123 [Thread-2244] INFO  impl.RoleInfo (RoleInfo.java:shutdownFollowerState(121)) - 279bca68-3e74-4690-81cf-da5ab79b92f7: shutdown FollowerState
2019-10-23 12:36:47,123 [Thread-2244] INFO  impl.RaftServerImpl (RaftServerImpl.java:setRole(184)) - 279bca68-3e74-4690-81cf-da5ab79b92f7@group-AF49A4A4CA2A: changes role from  FOLLOWER to CANDIDATE at term 329 for changeToCandidate
2019-10-23 12:36:47,123 [Thread-2244] INFO  impl.RoleInfo (RoleInfo.java:updateAndGet(143)) - 279bca68-3e74-4690-81cf-da5ab79b92f7: start LeaderElection
2019-10-23 12:36:47,138 [279bca68-3e74-4690-81cf-da5ab79b92f7@group-AF49A4A4CA2A-LeaderElection305] INFO  impl.LeaderElection (LeaderElection.java:askForVotes(178)) - 279bca68-3e74-4690-81cf-da5ab79b92f7@group-AF49A4A4CA2A-LeaderElection305: begin an election at term 330 for -1: [daebe4f8-0ad9-4eb2-8ed7-3a8051847eb6:192.168.69.118:44860, 389d5540-641f-48c2-a9df-60738dbad976:192.168.69.118:45712, 279bca68-3e74-4690-81cf-da5ab79b92f7:192.168.69.118:45510], old=null
2019-10-23 12:36:47,140 [grpc-default-executor-3] INFO  impl.RaftServerImpl (RaftServerImpl.java:setRole(184)) - daebe4f8-0ad9-4eb2-8ed7-3a8051847eb6@group-AF49A4A4CA2A: changes role from  FOLLOWER to FOLLOWER at term 330 for recognizeCandidate:279bca68-3e74-4690-81cf-da5ab79b92f7
2019-10-23 12:36:47,140 [grpc-default-executor-3] INFO  impl.RoleInfo (RoleInfo.java:shutdownFollowerState(121)) - daebe4f8-0ad9-4eb2-8ed7-3a8051847eb6: shutdown FollowerState
2019-10-23 12:36:47,140 [grpc-default-executor-4] INFO  impl.RaftServerImpl (RaftServerImpl.java:setRole(184)) - 389d5540-641f-48c2-a9df-60738dbad976@group-AF49A4A4CA2A: changes role from  FOLLOWER to FOLLOWER at term 330 for recognizeCandidate:279bca68-3e74-4690-81cf-da5ab79b92f7
2019-10-23 12:36:47,140 [grpc-default-executor-4] INFO  impl.RoleInfo (RoleInfo.java:shutdownFollowerState(121)) - 389d5540-641f-48c2-a9df-60738dbad976: shutdown FollowerState
2019-10-23 12:36:47,140 [Thread-2242] INFO  impl.FollowerState (FollowerState.java:run(117)) - daebe4f8-0ad9-4eb2-8ed7-3a8051847eb6@group-AF49A4A4CA2A-FollowerState was interrupted: java.lang.InterruptedException: sleep interrupted
2019-10-23 12:36:47,140 [grpc-default-executor-3] INFO  impl.RoleInfo (RoleInfo.java:updateAndGet(143)) - daebe4f8-0ad9-4eb2-8ed7-3a8051847eb6: start FollowerState
2019-10-23 12:36:47,140 [Thread-2243] INFO  impl.FollowerState (FollowerState.java:run(117)) - 389d5540-641f-48c2-a9df-60738dbad976@group-AF49A4A4CA2A-FollowerState was interrupted: java.lang.InterruptedException: sleep interrupted
2019-10-23 12:36:47,140 [grpc-default-executor-4] INFO  impl.RoleInfo (RoleInfo.java:updateAndGet(143)) - 389d5540-641f-48c2-a9df-60738dbad976: start FollowerState
2019-10-23 12:36:47,157 [279bca68-3e74-4690-81cf-da5ab79b92f7@group-AF49A4A4CA2A-LeaderElection305] INFO  impl.LeaderElection (LeaderElection.java:logAndReturn(56)) - 279bca68-3e74-4690-81cf-da5ab79b92f7@group-AF49A4A4CA2A-LeaderElection305: Election REJECTED; received 2 response(s) [279bca68-3e74-4690-81cf-da5ab79b92f7<-daebe4f8-0ad9-4eb2-8ed7-3a8051847eb6#0:FAIL-t330, 279bca68-3e74-4690-81cf-da5ab79b92f7<-389d5540-641f-48c2-a9df-60738dbad976#0:FAIL-t330] and 0 exception(s); 279bca68-3e74-4690-81cf-da5ab79b92f7@group-AF49A4A4CA2A:t330, leader=null, voted=279bca68-3e74-4690-81cf-da5ab79b92f7, raftlog=279bca68-3e74-4690-81cf-da5ab79b92f7@group-AF49A4A4CA2A-SegmentedRaftLog:OPENED:c-1,f-1,i0, conf=-1: [daebe4f8-0ad9-4eb2-8ed7-3a8051847eb6:192.168.69.118:44860, 389d5540-641f-48c2-a9df-60738dbad976:192.168.69.118:45712, 279bca68-3e74-4690-81cf-da5ab79b92f7:192.168.69.118:45510], old=null
2019-10-23 12:36:47,157 [279bca68-3e74-4690-81cf-da5ab79b92f7@group-AF49A4A4CA2A-LeaderElection305] INFO  impl.RaftServerImpl (RaftServerImpl.java:setRole(184)) - 279bca68-3e74-4690-81cf-da5ab79b92f7@group-AF49A4A4CA2A: changes role from CANDIDATE to FOLLOWER at term 330 for DISCOVERED_A_NEW_TERM
2019-10-23 12:36:47,157 [279bca68-3e74-4690-81cf-da5ab79b92f7@group-AF49A4A4CA2A-LeaderElection305] INFO  impl.RoleInfo (RoleInfo.java:shutdownLeaderElection(134)) - 279bca68-3e74-4690-81cf-da5ab79b92f7: shutdown LeaderElection
2019-10-23 12:36:47,157 [279bca68-3e74-4690-81cf-da5ab79b92f7@group-AF49A4A4CA2A-LeaderElection305] INFO  impl.RoleInfo (RoleInfo.java:updateAndGet(143)) - 279bca68-3e74-4690-81cf-da5ab79b92f7: start FollowerState
2019-10-23 12:36:47,169 [Thread-2250] INFO  impl.FollowerState (FollowerState.java:run(108)) - 279bca68-3e74-4690-81cf-da5ab79b92f7@group-AF49A4A4CA2A-FollowerState: change to CANDIDATE, lastRpcTime:11ms, electionTimeout:11ms
2019-10-23 12:36:47,169 [Thread-2250] INFO  impl.RoleInfo (RoleInfo.java:shutdownFollowerState(121)) - 279bca68-3e74-4690-81cf-da5ab79b92f7: shutdown FollowerState
2019-10-23 12:36:47,169 [Thread-2250] INFO  impl.RaftServerImpl (RaftServerImpl.java:setRole(184)) - 279bca68-3e74-4690-81cf-da5ab79b92f7@group-AF49A4A4CA2A: changes role from  FOLLOWER to CANDIDATE at term 330 for changeToCandidate
2019-10-23 12:36:47,169 [Thread-2250] INFO  impl.RoleInfo (RoleInfo.java:updateAndGet(143)) - 279bca68-3e74-4690-81cf-da5ab79b92f7: start LeaderElection
2019-10-23 12:36:47,173 [279bca68-3e74-4690-81cf-da5ab79b92f7@group-AF49A4A4CA2A-LeaderElection306] INFO  impl.LeaderElection (LeaderElection.java:askForVotes(178)) - 279bca68-3e74-4690-81cf-da5ab79b92f7@group-AF49A4A4CA2A-LeaderElection306: begin an election at term 331 for -1: [daebe4f8-0ad9-4eb2-8ed7-3a8051847eb6:192.168.69.118:44860, 389d5540-641f-48c2-a9df-60738dbad976:192.168.69.118:45712, 279bca68-3e74-4690-81cf-da5ab79b92f7:192.168.69.118:45510], old=null
2019-10-23 12:36:47,175 [grpc-default-executor-3] INFO  impl.RaftServerImpl (RaftServerImpl.java:setRole(184)) - daebe4f8-0ad9-4eb2-8ed7-3a8051847eb6@group-AF49A4A4CA2A: changes role from  FOLLOWER to FOLLOWER at term 331 for recognizeCandidate:279bca68-3e74-4690-81cf-da5ab79b92f7
2019-10-23 12:36:47,175 [grpc-default-executor-3] INFO  impl.RoleInfo (RoleInfo.java:shutdownFollowerState(121)) - daebe4f8-0ad9-4eb2-8ed7-3a8051847eb6: shutdown FollowerState
2019-10-23 12:36:47,175 [grpc-default-executor-4] INFO  impl.RaftServerImpl (RaftServerImpl.java:setRole(184)) - 389d5540-641f-48c2-a9df-60738dbad976@group-AF49A4A4CA2A: changes role from  FOLLOWER to FOLLOWER at term 331 for recognizeCandidate:279bca68-3e74-4690-81cf-da5ab79b92f7
2019-10-23 12:36:47,175 [grpc-default-executor-4] INFO  impl.RoleInfo (RoleInfo.java:shutdownFollowerState(121)) - 389d5540-641f-48c2-a9df-60738dbad976: shutdown FollowerState
2019-10-23 12:36:47,175 [grpc-default-executor-3] INFO  impl.RoleInfo (RoleInfo.java:updateAndGet(143)) - daebe4f8-0ad9-4eb2-8ed7-3a8051847eb6: start FollowerState
2019-10-23 12:36:47,175 [Thread-2248] INFO  impl.FollowerState (FollowerState.java:run(117)) - daebe4f8-0ad9-4eb2-8ed7-3a8051847eb6@group-AF49A4A4CA2A-FollowerState was interrupted: java.lang.InterruptedException: sleep interrupted
2019-10-23 12:36:47,175 [Thread-2249] INFO  impl.FollowerState (FollowerState.java:run(117)) - 389d5540-641f-48c2-a9df-60738dbad976@group-AF49A4A4CA2A-FollowerState was interrupted: java.lang.InterruptedException: sleep interrupted
2019-10-23 12:36:47,175 [grpc-default-executor-4] INFO  impl.RoleInfo (RoleInfo.java:updateAndGet(143)) - 389d5540-641f-48c2-a9df-60738dbad976: start FollowerState
2019-10-23 12:36:47,189 [279bca68-3e74-4690-81cf-da5ab79b92f7@group-AF49A4A4CA2A-LeaderElection306] INFO  impl.LeaderElection (LeaderElection.java:logAndReturn(56)) - 279bca68-3e74-4690-81cf-da5ab79b92f7@group-AF49A4A4CA2A-LeaderElection306: Election REJECTED; received 2 response(s) [279bca68-3e74-4690-81cf-da5ab79b92f7<-daebe4f8-0ad9-4eb2-8ed7-3a8051847eb6#0:FAIL-t331, 279bca68-3e74-4690-81cf-da5ab79b92f7<-389d5540-641f-48c2-a9df-60738dbad976#0:FAIL-t331] and 0 exception(s); 279bca68-3e74-4690-81cf-da5ab79b92f7@group-AF49A4A4CA2A:t331, leader=null, voted=279bca68-3e74-4690-81cf-da5ab79b92f7, raftlog=279bca68-3e74-4690-81cf-da5ab79b92f7@group-AF49A4A4CA2A-SegmentedRaftLog:OPENED:c-1,f-1,i0, conf=-1: [daebe4f8-0ad9-4eb2-8ed7-3a8051847eb6:192.168.69.118:44860, 389d5540-641f-48c2-a9df-60738dbad976:192.168.69.118:45712, 279bca68-3e74-4690-81cf-da5ab79b92f7:192.168.69.118:45510], old=null
2019-10-23 12:36:47,189 [279bca68-3e74-4690-81cf-da5ab79b92f7@group-AF49A4A4CA2A-LeaderElection306] INFO  impl.RaftServerImpl (RaftServerImpl.java:setRole(184)) - 279bca68-3e74-4690-81cf-da5ab79b92f7@group-AF49A4A4CA2A: changes role from CANDIDATE to FOLLOWER at term 331 for DISCOVERED_A_NEW_TERM
2019-10-23 12:36:47,189 [279bca68-3e74-4690-81cf-da5ab79b92f7@group-AF49A4A4CA2A-LeaderElection306] INFO  impl.RoleInfo (RoleInfo.java:shutdownLeaderElection(134)) - 279bca68-3e74-4690-81cf-da5ab79b92f7: shutdown LeaderElection
2019-10-23 12:36:47,189 [279bca68-3e74-4690-81cf-da5ab79b92f7@group-AF49A4A4CA2A-LeaderElection306] INFO  impl.RoleInfo (RoleInfo.java:updateAndGet(143)) - 279bca68-3e74-4690-81cf-da5ab79b92f7: start FollowerState
2019-10-23 12:36:47,616 [Thread-2256] INFO  impl.FollowerState (FollowerState.java:run(108)) - 279bca68-3e74-4690-81cf-da5ab79b92f7@group-AF49A4A4CA2A-FollowerState: change to CANDIDATE, lastRpcTime:426ms, electionTimeout:194ms
2019-10-23 12:36:47,616 [Thread-2256] INFO  impl.RoleInfo (RoleInfo.java:shutdownFollowerState(121)) - 279bca68-3e74-4690-81cf-da5ab79b92f7: shutdown FollowerState
2019-10-23 12:36:47,616 [Thread-2256] INFO  impl.RaftServerImpl (RaftServerImpl.java:setRole(184)) - 279bca68-3e74-4690-81cf-da5ab79b92f7@group-AF49A4A4CA2A: changes role from  FOLLOWER to CANDIDATE at term 331 for changeToCandidate
2019-10-23 12:36:47,617 [Thread-2256] INFO  impl.RoleInfo (RoleInfo.java:updateAndGet(143)) - 279bca68-3e74-4690-81cf-da5ab79b92f7: start LeaderElection
2019-10-23 12:36:47,630 [279bca68-3e74-4690-81cf-da5ab79b92f7@group-AF49A4A4CA2A-LeaderElection307] INFO  impl.LeaderElection (LeaderElection.java:askForVotes(178)) - 279bca68-3e74-4690-81cf-da5ab79b92f7@group-AF49A4A4CA2A-LeaderElection307: begin an election at term 332 for -1: [daebe4f8-0ad9-4eb2-8ed7-3a8051847eb6:192.168.69.118:44860, 389d5540-641f-48c2-a9df-60738dbad976:192.168.69.118:45712, 279bca68-3e74-4690-81cf-da5ab79b92f7:192.168.69.118:45510], old=null
2019-10-23 12:36:47,631 [grpc-default-executor-4] INFO  impl.RaftServerImpl (RaftServerImpl.java:setRole(184)) - daebe4f8-0ad9-4eb2-8ed7-3a8051847eb6@group-AF49A4A4CA2A: changes role from  FOLLOWER to FOLLOWER at term 332 for recognizeCandidate:279bca68-3e74-4690-81cf-da5ab79b92f7
2019-10-23 12:36:47,632 [grpc-default-executor-4] INFO  impl.RoleInfo (RoleInfo.java:shutdownFollowerState(121)) - daebe4f8-0ad9-4eb2-8ed7-3a8051847eb6: shutdown FollowerState
2019-10-23 12:36:47,632 [grpc-default-executor-3] INFO  impl.RaftServerImpl (RaftServerImpl.java:setRole(184)) - 389d5540-641f-48c2-a9df-60738dbad976@group-AF49A4A4CA2A: changes role from  FOLLOWER to FOLLOWER at term 332 for recognizeCandidate:279bca68-3e74-4690-81cf-da5ab79b92f7
2019-10-23 12:36:47,632 [Thread-2254] INFO  impl.FollowerState (FollowerState.java:run(117)) - daebe4f8-0ad9-4eb2-8ed7-3a8051847eb6@group-AF49A4A4CA2A-FollowerState was interrupted: java.lang.InterruptedException: sleep interrupted
2019-10-23 12:36:47,632 [grpc-default-executor-4] INFO  impl.RoleInfo (RoleInfo.java:updateAndGet(143)) - daebe4f8-0ad9-4eb2-8ed7-3a8051847eb6: start FollowerState
2019-10-23 12:36:47,632 [grpc-default-executor-3] INFO  impl.RoleInfo (RoleInfo.java:shutdownFollowerState(121)) - 389d5540-641f-48c2-a9df-60738dbad976: shutdown FollowerState
2019-10-23 12:36:47,632 [grpc-default-executor-3] INFO  impl.RoleInfo (RoleInfo.java:updateAndGet(143)) - 389d5540-641f-48c2-a9df-60738dbad976: start FollowerState
2019-10-23 12:36:47,632 [Thread-2255] INFO  impl.FollowerState (FollowerState.java:run(117)) - 389d5540-641f-48c2-a9df-60738dbad976@group-AF49A4A4CA2A-FollowerState was interrupted: java.lang.InterruptedException: sleep interrupted
2019-10-23 12:36:47,646 [279bca68-3e74-4690-81cf-da5ab79b92f7@group-AF49A4A4CA2A-LeaderElection307] INFO  impl.LeaderElection (LeaderElection.java:logAndReturn(56)) - 279bca68-3e74-4690-81cf-da5ab79b92f7@group-AF49A4A4CA2A-LeaderElection307: Election REJECTED; received 2 response(s) [279bca68-3e74-4690-81cf-da5ab79b92f7<-daebe4f8-0ad9-4eb2-8ed7-3a8051847eb6#0:FAIL-t332, 279bca68-3e74-4690-81cf-da5ab79b92f7<-389d5540-641f-48c2-a9df-60738dbad976#0:FAIL-t332] and 0 exception(s); 279bca68-3e74-4690-81cf-da5ab79b92f7@group-AF49A4A4CA2A:t332, leader=null, voted=279bca68-3e74-4690-81cf-da5ab79b92f7, raftlog=279bca68-3e74-4690-81cf-da5ab79b92f7@group-AF49A4A4CA2A-SegmentedRaftLog:OPENED:c-1,f-1,i0, conf=-1: [daebe4f8-0ad9-4eb2-8ed7-3a8051847eb6:192.168.69.118:44860, 389d5540-641f-48c2-a9df-60738dbad976:192.168.69.118:45712, 279bca68-3e74-4690-81cf-da5ab79b92f7:192.168.69.118:45510], old=null
2019-10-23 12:36:47,646 [279bca68-3e74-4690-81cf-da5ab79b92f7@group-AF49A4A4CA2A-LeaderElection307] INFO  impl.RaftServerImpl (RaftServerImpl.java:setRole(184)) - 279bca68-3e74-4690-81cf-da5ab79b92f7@group-AF49A4A4CA2A: changes role from CANDIDATE to FOLLOWER at term 332 for DISCOVERED_A_NEW_TERM
2019-10-23 12:36:47,646 [279bca68-3e74-4690-81cf-da5ab79b92f7@group-AF49A4A4CA2A-LeaderElection307] INFO  impl.RoleInfo (RoleInfo.java:shutdownLeaderElection(134)) - 279bca68-3e74-4690-81cf-da5ab79b92f7: shutdown LeaderElection
2019-10-23 12:36:47,646 [279bca68-3e74-4690-81cf-da5ab79b92f7@group-AF49A4A4CA2A-LeaderElection307] INFO  impl.RoleInfo (RoleInfo.java:updateAndGet(143)) - 279bca68-3e74-4690-81cf-da5ab79b92f7: start FollowerState
2019-10-23 12:36:47,695 [Thread-2264] INFO  impl.FollowerState (FollowerState.java:run(108)) - 279bca68-3e74-4690-81cf-da5ab79b92f7@group-AF49A4A4CA2A-FollowerState: change to CANDIDATE, lastRpcTime:48ms, electionTimeout:48ms
2019-10-23 12:36:47,695 [Thread-2264] INFO  impl.RoleInfo (RoleInfo.java:shutdownFollowerState(121)) - 279bca68-3e74-4690-81cf-da5ab79b92f7: shutdown FollowerState
2019-10-23 12:36:47,695 [Thread-2264] INFO  impl.RaftServerImpl (RaftServerImpl.java:setRole(184)) - 279bca68-3e74-4690-81cf-da5ab79b92f7@group-AF49A4A4CA2A: changes role from  FOLLOWER to CANDIDATE at term 332 for changeToCandidate
2019-10-23 12:36:47,695 [Thread-2264] INFO  impl.RoleInfo (RoleInfo.java:updateAndGet(143)) - 279bca68-3e74-4690-81cf-da5ab79b92f7: start LeaderElection
2019-10-23 12:36:47,709 [279bca68-3e74-4690-81cf-da5ab79b92f7@group-AF49A4A4CA2A-LeaderElection308] INFO  impl.LeaderElection (LeaderElection.java:askForVotes(178)) - 279bca68-3e74-4690-81cf-da5ab79b92f7@group-AF49A4A4CA2A-LeaderElection308: begin an election at term 333 for -1: [daebe4f8-0ad9-4eb2-8ed7-3a8051847eb6:192.168.69.118:44860, 389d5540-641f-48c2-a9df-60738dbad976:192.168.69.118:45712, 279bca68-3e74-4690-81cf-da5ab79b92f7:192.168.69.118:45510], old=null
2019-10-23 12:36:47,711 [grpc-default-executor-4] INFO  impl.RaftServerImpl (RaftServerImpl.java:setRole(184)) - daebe4f8-0ad9-4eb2-8ed7-3a8051847eb6@group-AF49A4A4CA2A: changes role from  FOLLOWER to FOLLOWER at term 333 for recognizeCandidate:279bca68-3e74-4690-81cf-da5ab79b92f7
2019-10-23 12:36:47,711 [grpc-default-executor-3] INFO  impl.RaftServerImpl (RaftServerImpl.java:setRole(184)) - 389d5540-641f-48c2-a9df-60738dbad976@group-AF49A4A4CA2A: changes role from  FOLLOWER to FOLLOWER at term 333 for recognizeCandidate:279bca68-3e74-4690-81cf-da5ab79b92f7
2019-10-23 12:36:47,711 [grpc-default-executor-4] INFO  impl.RoleInfo (RoleInfo.java:shutdownFollowerState(121)) - daebe4f8-0ad9-4eb2-8ed7-3a8051847eb6: shutdown FollowerState
2019-10-23 12:36:47,712 [grpc-default-executor-3] INFO  impl.RoleInfo (RoleInfo.java:shutdownFollowerState(121)) - 389d5540-641f-48c2-a9df-60738dbad976: shutdown FollowerState
2019-10-23 12:36:47,712 [Thread-2262] INFO  impl.FollowerState (FollowerState.java:run(117)) - daebe4f8-0ad9-4eb2-8ed7-3a8051847eb6@group-AF49A4A4CA2A-FollowerState was interrupted: java.lang.InterruptedException: sleep interrupted
2019-10-23 12:36:47,712 [grpc-default-executor-4] INFO  impl.RoleInfo (RoleInfo.java:updateAndGet(143)) - daebe4f8-0ad9-4eb2-8ed7-3a8051847eb6: start FollowerState
2019-10-23 12:36:47,712 [Thread-2263] INFO  impl.FollowerState (FollowerState.java:run(117)) - 389d5540-641f-48c2-a9df-60738dbad976@group-AF49A4A4CA2A-FollowerState was interrupted: java.lang.InterruptedException: sleep interrupted
2019-10-23 12:36:47,712 [grpc-default-executor-3] INFO  impl.RoleInfo (RoleInfo.java:updateAndGet(143)) - 389d5540-641f-48c2-a9df-60738dbad976: start FollowerState
2019-10-23 12:36:47,719 [279bca68-3e74-4690-81cf-da5ab79b92f7@group-AF49A4A4CA2A-LeaderElection308] INFO  impl.LeaderElection (LeaderElection.java:logAndReturn(56)) - 279bca68-3e74-4690-81cf-da5ab79b92f7@group-AF49A4A4CA2A-LeaderElection308: Election REJECTED; received 2 response(s) [279bca68-3e74-4690-81cf-da5ab79b92f7<-daebe4f8-0ad9-4eb2-8ed7-3a8051847eb6#0:FAIL-t333, 279bca68-3e74-4690-81cf-da5ab79b92f7<-389d5540-641f-48c2-a9df-60738dbad976#0:FAIL-t333] and 0 exception(s); 279bca68-3e74-4690-81cf-da5ab79b92f7@group-AF49A4A4CA2A:t333, leader=null, voted=279bca68-3e74-4690-81cf-da5ab79b92f7, raftlog=279bca68-3e74-4690-81cf-da5ab79b92f7@group-AF49A4A4CA2A-SegmentedRaftLog:OPENED:c-1,f-1,i0, conf=-1: [daebe4f8-0ad9-4eb2-8ed7-3a8051847eb6:192.168.69.118:44860, 389d5540-641f-48c2-a9df-60738dbad976:192.168.69.118:45712, 279bca68-3e74-4690-81cf-da5ab79b92f7:192.168.69.118:45510], old=null
2019-10-23 12:36:47,719 [279bca68-3e74-4690-81cf-da5ab79b92f7@group-AF49A4A4CA2A-LeaderElection308] INFO  impl.RaftServerImpl (RaftServerImpl.java:setRole(184)) - 279bca68-3e74-4690-81cf-da5ab79b92f7@group-AF49A4A4CA2A: changes role from CANDIDATE to FOLLOWER at term 333 for DISCOVERED_A_NEW_TERM
2019-10-23 12:36:47,719 [279bca68-3e74-4690-81cf-da5ab79b92f7@group-AF49A4A4CA2A-LeaderElection308] INFO  impl.RoleInfo (RoleInfo.java:shutdownLeaderElection(134)) - 279bca68-3e74-4690-81cf-da5ab79b92f7: shutdown LeaderElection
2019-10-23 12:36:47,719 [279bca68-3e74-4690-81cf-da5ab79b92f7@group-AF49A4A4CA2A-LeaderElection308] INFO  impl.RoleInfo (RoleInfo.java:updateAndGet(143)) - 279bca68-3e74-4690-81cf-da5ab79b92f7: start FollowerState
2019-10-23 12:36:47,886 [Thread-2270] INFO  impl.FollowerState (FollowerState.java:run(108)) - 279bca68-3e74-4690-81cf-da5ab79b92f7@group-AF49A4A4CA2A-FollowerState: change to CANDIDATE, lastRpcTime:166ms, electionTimeout:166ms
2019-10-23 12:36:47,886 [Thread-2270] INFO  impl.RoleInfo (RoleInfo.java:shutdownFollowerState(121)) - 279bca68-3e74-4690-81cf-da5ab79b92f7: shutdown FollowerState
2019-10-23 12:36:47,886 [Thread-2270] INFO  impl.RaftServerImpl (RaftServerImpl.java:setRole(184)) - 279bca68-3e74-4690-81cf-da5ab79b92f7@group-AF49A4A4CA2A: changes role from  FOLLOWER to CANDIDATE at term 333 for changeToCandidate
2019-10-23 12:36:47,886 [Thread-2270] INFO  impl.RoleInfo (RoleInfo.java:updateAndGet(143)) - 279bca68-3e74-4690-81cf-da5ab79b92f7: start LeaderElection
2019-10-23 12:36:47,909 [279bca68-3e74-4690-81cf-da5ab79b92f7@group-AF49A4A4CA2A-LeaderElection309] INFO  impl.LeaderElection (LeaderElection.java:askForVotes(178)) - 279bca68-3e74-4690-81cf-da5ab79b92f7@group-AF49A4A4CA2A-LeaderElection309: begin an election at term 334 for -1: [daebe4f8-0ad9-4eb2-8ed7-3a8051847eb6:192.168.69.118:44860, 389d5540-641f-48c2-a9df-60738dbad976:192.168.69.118:45712, 279bca68-3e74-4690-81cf-da5ab79b92f7:192.168.69.118:45510], old=null
2019-10-23 12:36:47,912 [grpc-default-executor-3] INFO  impl.RaftServerImpl (RaftServerImpl.java:setRole(184)) - 389d5540-641f-48c2-a9df-60738dbad976@group-AF49A4A4CA2A: changes role from  FOLLOWER to FOLLOWER at term 334 for recognizeCandidate:279bca68-3e74-4690-81cf-da5ab79b92f7
2019-10-23 12:36:47,912 [grpc-default-executor-4] INFO  impl.RaftServerImpl (RaftServerImpl.java:setRole(184)) - daebe4f8-0ad9-4eb2-8ed7-3a8051847eb6@group-AF49A4A4CA2A: changes role from  FOLLOWER to FOLLOWER at term 334 for recognizeCandidate:279bca68-3e74-4690-81cf-da5ab79b92f7
2019-10-23 12:36:47,912 [grpc-default-executor-3] INFO  impl.RoleInfo (RoleInfo.java:shutdownFollowerState(121)) - 389d5540-641f-48c2-a9df-60738dbad976: shutdown FollowerState
2019-10-23 12:36:47,912 [grpc-default-executor-4] INFO  impl.RoleInfo (RoleInfo.java:shutdownFollowerState(121)) - daebe4f8-0ad9-4eb2-8ed7-3a8051847eb6: shutdown FollowerState
2019-10-23 12:36:47,912 [grpc-default-executor-4] INFO  impl.RoleInfo (RoleInfo.java:updateAndGet(143)) - daebe4f8-0ad9-4eb2-8ed7-3a8051847eb6: start FollowerState
2019-10-23 12:36:47,912 [Thread-2269] INFO  impl.FollowerState (FollowerState.java:run(117)) - 389d5540-641f-48c2-a9df-60738dbad976@group-AF49A4A4CA2A-FollowerState was interrupted: java.lang.InterruptedException: sleep interrupted
2019-10-23 12:36:47,912 [grpc-default-executor-3] INFO  impl.RoleInfo (RoleInfo.java:updateAndGet(143)) - 389d5540-641f-48c2-a9df-60738dbad976: start FollowerState
2019-10-23 12:36:47,912 [Thread-2268] INFO  impl.FollowerState (FollowerState.java:run(117)) - daebe4f8-0ad9-4eb2-8ed7-3a8051847eb6@group-AF49A4A4CA2A-FollowerState was interrupted: java.lang.InterruptedException: sleep interrupted
2019-10-23 12:36:47,939 [279bca68-3e74-4690-81cf-da5ab79b92f7@group-AF49A4A4CA2A-LeaderElection309] INFO  impl.LeaderElection (LeaderElection.java:logAndReturn(56)) - 279bca68-3e74-4690-81cf-da5ab79b92f7@group-AF49A4A4CA2A-LeaderElection309: Election REJECTED; received 2 response(s) [279bca68-3e74-4690-81cf-da5ab79b92f7<-daebe4f8-0ad9-4eb2-8ed7-3a8051847eb6#0:FAIL-t334, 279bca68-3e74-4690-81cf-da5ab79b92f7<-389d5540-641f-48c2-a9df-60738dbad976#0:FAIL-t334] and 0 exception(s); 279bca68-3e74-4690-81cf-da5ab79b92f7@group-AF49A4A4CA2A:t334, leader=null, voted=279bca68-3e74-4690-81cf-da5ab79b92f7, raftlog=279bca68-3e74-4690-81cf-da5ab79b92f7@group-AF49A4A4CA2A-SegmentedRaftLog:OPENED:c-1,f-1,i0, conf=-1: [daebe4f8-0ad9-4eb2-8ed7-3a8051847eb6:192.168.69.118:44860, 389d5540-641f-48c2-a9df-60738dbad976:192.168.69.118:45712, 279bca68-3e74-4690-81cf-da5ab79b92f7:192.168.69.118:45510], old=null
2019-10-23 12:36:47,939 [279bca68-3e74-4690-81cf-da5ab79b92f7@group-AF49A4A4CA2A-LeaderElection309] INFO  impl.RaftServerImpl (RaftServerImpl.java:setRole(184)) - 279bca68-3e74-4690-81cf-da5ab79b92f7@group-AF49A4A4CA2A: changes role from CANDIDATE to FOLLOWER at term 334 for DISCOVERED_A_NEW_TERM
2019-10-23 12:36:47,939 [279bca68-3e74-4690-81cf-da5ab79b92f7@group-AF49A4A4CA2A-LeaderElection309] INFO  impl.RoleInfo (RoleInfo.java:shutdownLeaderElection(134)) - 279bca68-3e74-4690-81cf-da5ab79b92f7: shutdown LeaderElection
2019-10-23 12:36:47,939 [279bca68-3e74-4690-81cf-da5ab79b92f7@group-AF49A4A4CA2A-LeaderElection309] INFO  impl.RoleInfo (RoleInfo.java:updateAndGet(143)) - 279bca68-3e74-4690-81cf-da5ab79b92f7: start FollowerState
2019-10-23 12:36:48,102 [Thread-2276] INFO  impl.FollowerState (FollowerState.java:run(108)) - 279bca68-3e74-4690-81cf-da5ab79b92f7@group-AF49A4A4CA2A-FollowerState: change to CANDIDATE, lastRpcTime:162ms, electionTimeout:162ms
2019-10-23 12:36:48,102 [Thread-2276] INFO  impl.RoleInfo (RoleInfo.java:shutdownFollowerState(121)) - 279bca68-3e74-4690-81cf-da5ab79b92f7: shutdown FollowerState
2019-10-23 12:36:48,102 [Thread-2276] INFO  impl.RaftServerImpl (RaftServerImpl.java:setRole(184)) - 279bca68-3e74-4690-81cf-da5ab79b92f7@group-AF49A4A4CA2A: changes role from  FOLLOWER to CANDIDATE at term 334 for changeToCandidate
2019-10-23 12:36:48,102 [Thread-2276] INFO  impl.RoleInfo (RoleInfo.java:updateAndGet(143)) - 279bca68-3e74-4690-81cf-da5ab79b92f7: start LeaderElection
2019-10-23 12:36:48,106 [279bca68-3e74-4690-81cf-da5ab79b92f7@group-AF49A4A4CA2A-LeaderElection310] INFO  impl.LeaderElection (LeaderElection.java:askForVotes(178)) - 279bca68-3e74-4690-81cf-da5ab79b92f7@group-AF49A4A4CA2A-LeaderElection310: begin an election at term 335 for -1: [daebe4f8-0ad9-4eb2-8ed7-3a8051847eb6:192.168.69.118:44860, 389d5540-641f-48c2-a9df-60738dbad976:192.168.69.118:45712, 279bca68-3e74-4690-81cf-da5ab79b92f7:192.168.69.118:45510], old=null
2019-10-23 12:36:48,109 [grpc-default-executor-3] INFO  impl.RaftServerImpl (RaftServerImpl.java:setRole(184)) - daebe4f8-0ad9-4eb2-8ed7-3a8051847eb6@group-AF49A4A4CA2A: changes role from  FOLLOWER to FOLLOWER at term 335 for recognizeCandidate:279bca68-3e74-4690-81cf-da5ab79b92f7
2019-10-23 12:36:48,109 [grpc-default-executor-3] INFO  impl.RoleInfo (RoleInfo.java:shutdownFollowerState(121)) - daebe4f8-0ad9-4eb2-8ed7-3a8051847eb6: shutdown FollowerState
2019-10-23 12:36:48,109 [grpc-default-executor-4] INFO  impl.RaftServerImpl (RaftServerImpl.java:setRole(184)) - 389d5540-641f-48c2-a9df-60738dbad976@group-AF49A4A4CA2A: changes role from  FOLLOWER to FOLLOWER at term 335 for recognizeCandidate:279bca68-3e74-4690-81cf-da5ab79b92f7
2019-10-23 12:36:48,109 [Thread-2275] INFO  impl.FollowerState (FollowerState.java:run(117)) - daebe4f8-0ad9-4eb2-8ed7-3a8051847eb6@group-AF49A4A4CA2A-FollowerState was interrupted: java.lang.InterruptedException: sleep interrupted
2019-10-23 12:36:48,109 [grpc-default-executor-3] INFO  impl.RoleInfo (RoleInfo.java:updateAndGet(143)) - daebe4f8-0ad9-4eb2-8ed7-3a8051847eb6: start FollowerState
2019-10-23 12:36:48,109 [grpc-default-executor-4] INFO  impl.RoleInfo (RoleInfo.java:shutdownFollowerState(121)) - 389d5540-641f-48c2-a9df-60738dbad976: shutdown FollowerState
2019-10-23 12:36:48,109 [grpc-default-executor-4] INFO  impl.RoleInfo (RoleInfo.java:updateAndGet(143)) - 389d5540-641f-48c2-a9df-60738dbad976: start FollowerState
2019-10-23 12:36:48,110 [Thread-2274] INFO  impl.FollowerState (FollowerState.java:run(117)) - 389d5540-641f-48c2-a9df-60738dbad976@group-AF49A4A4CA2A-FollowerState was interrupted: java.lang.InterruptedException: sleep interrupted
2019-10-23 12:36:48,117 [279bca68-3e74-4690-81cf-da5ab79b92f7@group-AF49A4A4CA2A-LeaderElection310] INFO  impl.LeaderElection (LeaderElection.java:logAndReturn(56)) - 279bca68-3e74-4690-81cf-da5ab79b92f7@group-AF49A4A4CA2A-LeaderElection310: Election REJECTED; received 2 response(s) [279bca68-3e74-4690-81cf-da5ab79b92f7<-daebe4f8-0ad9-4eb2-8ed7-3a8051847eb6#0:FAIL-t335, 279bca68-3e74-4690-81cf-da5ab79b92f7<-389d5540-641f-48c2-a9df-60738dbad976#0:FAIL-t335] and 0 exception(s); 279bca68-3e74-4690-81cf-da5ab79b92f7@group-AF49A4A4CA2A:t335, leader=null, voted=279bca68-3e74-4690-81cf-da5ab79b92f7, raftlog=279bca68-3e74-4690-81cf-da5ab79b92f7@group-AF49A4A4CA2A-SegmentedRaftLog:OPENED:c-1,f-1,i0, conf=-1: [daebe4f8-0ad9-4eb2-8ed7-3a8051847eb6:192.168.69.118:44860, 389d5540-641f-48c2-a9df-60738dbad976:192.168.69.118:45712, 279bca68-3e74-4690-81cf-da5ab79b92f7:192.168.69.118:45510], old=null
2019-10-23 12:36:48,117 [279bca68-3e74-4690-81cf-da5ab79b92f7@group-AF49A4A4CA2A-LeaderElection310] INFO  impl.RaftServerImpl (RaftServerImpl.java:setRole(184)) - 279bca68-3e74-4690-81cf-da5ab79b92f7@group-AF49A4A4CA2A: changes role from CANDIDATE to FOLLOWER at term 335 for DISCOVERED_A_NEW_TERM
2019-10-23 12:36:48,117 [279bca68-3e74-4690-81cf-da5ab79b92f7@group-AF49A4A4CA2A-LeaderElection310] INFO  impl.RoleInfo (RoleInfo.java:shutdownLeaderElection(134)) - 279bca68-3e74-4690-81cf-da5ab79b92f7: shutdown LeaderElection
2019-10-23 12:36:48,117 [279bca68-3e74-4690-81cf-da5ab79b92f7@group-AF49A4A4CA2A-LeaderElection310] INFO  impl.RoleInfo (RoleInfo.java:updateAndGet(143)) - 279bca68-3e74-4690-81cf-da5ab79b92f7: start FollowerState
2019-10-23 12:36:48,243 [Thread-2282] INFO  impl.FollowerState (FollowerState.java:run(108)) - 279bca68-3e74-4690-81cf-da5ab79b92f7@group-AF49A4A4CA2A-FollowerState: change to CANDIDATE, lastRpcTime:126ms, electionTimeout:126ms
2019-10-23 12:36:48,244 [Thread-2282] INFO  impl.RoleInfo (RoleInfo.java:shutdownFollowerState(121)) - 279bca68-3e74-4690-81cf-da5ab79b92f7: shutdown FollowerState
2019-10-23 12:36:48,244 [Thread-2282] INFO  impl.RaftServerImpl (RaftServerImpl.java:setRole(184)) - 279bca68-3e74-4690-81cf-da5ab79b92f7@group-AF49A4A4CA2A: changes role from  FOLLOWER to CANDIDATE at term 335 for changeToCandidate
2019-10-23 12:36:48,244 [Thread-2282] INFO  impl.RoleInfo (RoleInfo.java:updateAndGet(143)) - 279bca68-3e74-4690-81cf-da5ab79b92f7: start LeaderElection
2019-10-23 12:36:48,250 [279bca68-3e74-4690-81cf-da5ab79b92f7@group-AF49A4A4CA2A-LeaderElection311] INFO  impl.LeaderElection (LeaderElection.java:askForVotes(178)) - 279bca68-3e74-4690-81cf-da5ab79b92f7@group-AF49A4A4CA2A-LeaderElection311: begin an election at term 336 for -1: [daebe4f8-0ad9-4eb2-8ed7-3a8051847eb6:192.168.69.118:44860, 389d5540-641f-48c2-a9df-60738dbad976:192.168.69.118:45712, 279bca68-3e74-4690-81cf-da5ab79b92f7:192.168.69.118:45510], old=null
2019-10-23 12:36:48,252 [grpc-default-executor-3] INFO  impl.RaftServerImpl (RaftServerImpl.java:setRole(184)) - daebe4f8-0ad9-4eb2-8ed7-3a8051847eb6@group-AF49A4A4CA2A: changes role from  FOLLOWER to FOLLOWER at term 336 for recognizeCandidate:279bca68-3e74-4690-81cf-da5ab79b92f7
2019-10-23 12:36:48,253 [grpc-default-executor-3] INFO  impl.RoleInfo (RoleInfo.java:shutdownFollowerState(121)) - daebe4f8-0ad9-4eb2-8ed7-3a8051847eb6: shutdown FollowerState
2019-10-23 12:36:48,253 [grpc-default-executor-4] INFO  impl.RaftServerImpl (RaftServerImpl.java:setRole(184)) - 389d5540-641f-48c2-a9df-60738dbad976@group-AF49A4A4CA2A: changes role from  FOLLOWER to FOLLOWER at term 336 for recognizeCandidate:279bca68-3e74-4690-81cf-da5ab79b92f7
2019-10-23 12:36:48,253 [Thread-2280] INFO  impl.FollowerState (FollowerState.java:run(117)) - daebe4f8-0ad9-4eb2-8ed7-3a8051847eb6@group-AF49A4A4CA2A-FollowerState was interrupted: java.lang.InterruptedException: sleep interrupted
2019-10-23 12:36:48,253 [grpc-default-executor-3] INFO  impl.RoleInfo (RoleInfo.java:updateAndGet(143)) - daebe4f8-0ad9-4eb2-8ed7-3a8051847eb6: start FollowerState
2019-10-23 12:36:48,253 [grpc-default-executor-4] INFO  impl.RoleInfo (RoleInfo.java:shutdownFollowerState(121)) - 389d5540-641f-48c2-a9df-60738dbad976: shutdown FollowerState
2019-10-23 12:36:48,254 [Thread-2281] INFO  impl.FollowerState (FollowerState.java:run(117)) - 389d5540-641f-48c2-a9df-60738dbad976@group-AF49A4A4CA2A-FollowerState was interrupted: java.lang.InterruptedException: sleep interrupted
2019-10-23 12:36:48,254 [grpc-default-executor-4] INFO  impl.RoleInfo (RoleInfo.java:updateAndGet(143)) - 389d5540-641f-48c2-a9df-60738dbad976: start FollowerState
2019-10-23 12:36:48,300 [279bca68-3e74-4690-81cf-da5ab79b92f7@group-AF49A4A4CA2A-LeaderElection311] INFO  impl.LeaderElection (LeaderElection.java:logAndReturn(56)) - 279bca68-3e74-4690-81cf-da5ab79b92f7@group-AF49A4A4CA2A-LeaderElection311: Election REJECTED; received 2 response(s) [279bca68-3e74-4690-81cf-da5ab79b92f7<-daebe4f8-0ad9-4eb2-8ed7-3a8051847eb6#0:FAIL-t336, 279bca68-3e74-4690-81cf-da5ab79b92f7<-389d5540-641f-48c2-a9df-60738dbad976#0:FAIL-t336] and 0 exception(s); 279bca68-3e74-4690-81cf-da5ab79b92f7@group-AF49A4A4CA2A:t336, leader=null, voted=279bca68-3e74-4690-81cf-da5ab79b92f7, raftlog=279bca68-3e74-4690-81cf-da5ab79b92f7@group-AF49A4A4CA2A-SegmentedRaftLog:OPENED:c-1,f-1,i0, conf=-1: [daebe4f8-0ad9-4eb2-8ed7-3a8051847eb6:192.168.69.118:44860, 389d5540-641f-48c2-a9df-60738dbad976:192.168.69.118:45712, 279bca68-3e74-4690-81cf-da5ab79b92f7:192.168.69.118:45510], old=null
2019-10-23 12:36:48,301 [279bca68-3e74-4690-81cf-da5ab79b92f7@group-AF49A4A4CA2A-LeaderElection311] INFO  impl.RaftServerImpl (RaftServerImpl.java:setRole(184)) - 279bca68-3e74-4690-81cf-da5ab79b92f7@group-AF49A4A4CA2A: changes role from CANDIDATE to FOLLOWER at term 336 for DISCOVERED_A_NEW_TERM
2019-10-23 12:36:48,301 [279bca68-3e74-4690-81cf-da5ab79b92f7@group-AF49A4A4CA2A-LeaderElection311] INFO  impl.RoleInfo (RoleInfo.java:shutdownLeaderElection(134)) - 279bca68-3e74-4690-81cf-da5ab79b92f7: shutdown LeaderElection
2019-10-23 12:36:48,301 [279bca68-3e74-4690-81cf-da5ab79b92f7@group-AF49A4A4CA2A-LeaderElection311] INFO  impl.RoleInfo (RoleInfo.java:updateAndGet(143)) - 279bca68-3e74-4690-81cf-da5ab79b92f7: start FollowerState
2019-10-23 12:36:48,475 [Thread-2288] INFO  impl.FollowerState (FollowerState.java:run(108)) - 279bca68-3e74-4690-81cf-da5ab79b92f7@group-AF49A4A4CA2A-FollowerState: change to CANDIDATE, lastRpcTime:174ms, electionTimeout:174ms
2019-10-23 12:36:48,475 [Thread-2288] INFO  impl.RoleInfo (RoleInfo.java:shutdownFollowerState(121)) - 279bca68-3e74-4690-81cf-da5ab79b92f7: shutdown FollowerState
2019-10-23 12:36:48,476 [Thread-2288] INFO  impl.RaftServerImpl (RaftServerImpl.java:setRole(184)) - 279bca68-3e74-4690-81cf-da5ab79b92f7@group-AF49A4A4CA2A: changes role from  FOLLOWER to CANDIDATE at term 336 for changeToCandidate
2019-10-23 12:36:48,476 [Thread-2288] INFO  impl.RoleInfo (RoleInfo.java:updateAndGet(143)) - 279bca68-3e74-4690-81cf-da5ab79b92f7: start LeaderElection
2019-10-23 12:36:48,503 [279bca68-3e74-4690-81cf-da5ab79b92f7@group-AF49A4A4CA2A-LeaderElection312] INFO  impl.LeaderElection (LeaderElection.java:askForVotes(178)) - 279bca68-3e74-4690-81cf-da5ab79b92f7@group-AF49A4A4CA2A-LeaderElection312: begin an election at term 337 for -1: [daebe4f8-0ad9-4eb2-8ed7-3a8051847eb6:192.168.69.118:44860, 389d5540-641f-48c2-a9df-60738dbad976:192.168.69.118:45712, 279bca68-3e74-4690-81cf-da5ab79b92f7:192.168.69.118:45510], old=null
2019-10-23 12:36:48,505 [grpc-default-executor-3] INFO  impl.RaftServerImpl (RaftServerImpl.java:setRole(184)) - daebe4f8-0ad9-4eb2-8ed7-3a8051847eb6@group-AF49A4A4CA2A: changes role from  FOLLOWER to FOLLOWER at term 337 for recognizeCandidate:279bca68-3e74-4690-81cf-da5ab79b92f7
2019-10-23 12:36:48,505 [grpc-default-executor-3] INFO  impl.RoleInfo (RoleInfo.java:shutdownFollowerState(121)) - daebe4f8-0ad9-4eb2-8ed7-3a8051847eb6: shutdown FollowerState
2019-10-23 12:36:48,505 [grpc-default-executor-4] INFO  impl.RaftServerImpl (RaftServerImpl.java:setRole(184)) - 389d5540-641f-48c2-a9df-60738dbad976@group-AF49A4A4CA2A: changes role from  FOLLOWER to FOLLOWER at term 337 for recognizeCandidate:279bca68-3e74-4690-81cf-da5ab79b92f7
2019-10-23 12:36:48,506 [grpc-default-executor-4] INFO  impl.RoleInfo (RoleInfo.java:shutdownFollowerState(121)) - 389d5540-641f-48c2-a9df-60738dbad976: shutdown FollowerState
2019-10-23 12:36:48,506 [Thread-2286] INFO  impl.FollowerState (FollowerState.java:run(117)) - daebe4f8-0ad9-4eb2-8ed7-3a8051847eb6@group-AF49A4A4CA2A-FollowerState was interrupted: java.lang.InterruptedException: sleep interrupted
2019-10-23 12:36:48,506 [Thread-2287] INFO  impl.FollowerState (FollowerState.java:run(117)) - 389d5540-641f-48c2-a9df-60738dbad976@group-AF49A4A4CA2A-FollowerState was interrupted: java.lang.InterruptedException: sleep interrupted
2019-10-23 12:36:48,505 [grpc-default-executor-3] INFO  impl.RoleInfo (RoleInfo.java:updateAndGet(143)) - daebe4f8-0ad9-4eb2-8ed7-3a8051847eb6: start FollowerState
2019-10-23 12:36:48,506 [grpc-default-executor-4] INFO  impl.RoleInfo (RoleInfo.java:updateAndGet(143)) - 389d5540-641f-48c2-a9df-60738dbad976: start FollowerState
2019-10-23 12:36:48,526 [279bca68-3e74-4690-81cf-da5ab79b92f7@group-AF49A4A4CA2A-LeaderElection312] INFO  impl.LeaderElection (LeaderElection.java:logAndReturn(56)) - 279bca68-3e74-4690-81cf-da5ab79b92f7@group-AF49A4A4CA2A-LeaderElection312: Election REJECTED; received 2 response(s) [279bca68-3e74-4690-81cf-da5ab79b92f7<-daebe4f8-0ad9-4eb2-8ed7-3a8051847eb6#0:FAIL-t337, 279bca68-3e74-4690-81cf-da5ab79b92f7<-389d5540-641f-48c2-a9df-60738dbad976#0:FAIL-t337] and 0 exception(s); 279bca68-3e74-4690-81cf-da5ab79b92f7@group-AF49A4A4CA2A:t337, leader=null, voted=279bca68-3e74-4690-81cf-da5ab79b92f7, raftlog=279bca68-3e74-4690-81cf-da5ab79b92f7@group-AF49A4A4CA2A-SegmentedRaftLog:OPENED:c-1,f-1,i0, conf=-1: [daebe4f8-0ad9-4eb2-8ed7-3a8051847eb6:192.168.69.118:44860, 389d5540-641f-48c2-a9df-60738dbad976:192.168.69.118:45712, 279bca68-3e74-4690-81cf-da5ab79b92f7:192.168.69.118:45510], old=null
2019-10-23 12:36:48,527 [279bca68-3e74-4690-81cf-da5ab79b92f7@group-AF49A4A4CA2A-LeaderElection312] INFO  impl.RaftServerImpl (RaftServerImpl.java:setRole(184)) - 279bca68-3e74-4690-81cf-da5ab79b92f7@group-AF49A4A4CA2A: changes role from CANDIDATE to FOLLOWER at term 337 for DISCOVERED_A_NEW_TERM
2019-10-23 12:36:48,527 [279bca68-3e74-4690-81cf-da5ab79b92f7@group-AF49A4A4CA2A-LeaderElection312] INFO  impl.RoleInfo (RoleInfo.java:shutdownLeaderElection(134)) - 279bca68-3e74-4690-81cf-da5ab79b92f7: shutdown LeaderElection
2019-10-23 12:36:48,527 [279bca68-3e74-4690-81cf-da5ab79b92f7@group-AF49A4A4CA2A-LeaderElection312] INFO  impl.RoleInfo (RoleInfo.java:updateAndGet(143)) - 279bca68-3e74-4690-81cf-da5ab79b92f7: start FollowerState
2019-10-23 12:36:48,561 [Thread-2294] INFO  impl.FollowerState (FollowerState.java:run(108)) - 279bca68-3e74-4690-81cf-da5ab79b92f7@group-AF49A4A4CA2A-FollowerState: change to CANDIDATE, lastRpcTime:34ms, electionTimeout:34ms
2019-10-23 12:36:48,562 [Thread-2294] INFO  impl.RoleInfo (RoleInfo.java:shutdownFollowerState(121)) - 279bca68-3e74-4690-81cf-da5ab79b92f7: shutdown FollowerState
2019-10-23 12:36:48,562 [Thread-2294] INFO  impl.RaftServerImpl (RaftServerImpl.java:setRole(184)) - 279bca68-3e74-4690-81cf-da5ab79b92f7@group-AF49A4A4CA2A: changes role from  FOLLOWER to CANDIDATE at term 337 for changeToCandidate
2019-10-23 12:36:48,562 [Thread-2294] INFO  impl.RoleInfo (RoleInfo.java:updateAndGet(143)) - 279bca68-3e74-4690-81cf-da5ab79b92f7: start LeaderElection
2019-10-23 12:36:48,576 [279bca68-3e74-4690-81cf-da5ab79b92f7@group-AF49A4A4CA2A-LeaderElection313] INFO  impl.LeaderElection (LeaderElection.java:askForVotes(178)) - 279bca68-3e74-4690-81cf-da5ab79b92f7@group-AF49A4A4CA2A-LeaderElection313: begin an election at term 338 for -1: [daebe4f8-0ad9-4eb2-8ed7-3a8051847eb6:192.168.69.118:44860, 389d5540-641f-48c2-a9df-60738dbad976:192.168.69.118:45712, 279bca68-3e74-4690-81cf-da5ab79b92f7:192.168.69.118:45510], old=null
2019-10-23 12:36:48,578 [grpc-default-executor-4] INFO  impl.RaftServerImpl (RaftServerImpl.java:setRole(184)) - daebe4f8-0ad9-4eb2-8ed7-3a8051847eb6@group-AF49A4A4CA2A: changes role from  FOLLOWER to FOLLOWER at term 338 for recognizeCandidate:279bca68-3e74-4690-81cf-da5ab79b92f7
2019-10-23 12:36:48,578 [grpc-default-executor-3] INFO  impl.RaftServerImpl (RaftServerImpl.java:setRole(184)) - 389d5540-641f-48c2-a9df-60738dbad976@group-AF49A4A4CA2A: changes role from  FOLLOWER to FOLLOWER at term 338 for recognizeCandidate:279bca68-3e74-4690-81cf-da5ab79b92f7
2019-10-23 12:36:48,578 [grpc-default-executor-4] INFO  impl.RoleInfo (RoleInfo.java:shutdownFollowerState(121)) - daebe4f8-0ad9-4eb2-8ed7-3a8051847eb6: shutdown FollowerState
2019-10-23 12:36:48,579 [grpc-default-executor-3] INFO  impl.RoleInfo (RoleInfo.java:shutdownFollowerState(121)) - 389d5540-641f-48c2-a9df-60738dbad976: shutdown FollowerState
2019-10-23 12:36:48,579 [Thread-2292] INFO  impl.FollowerState (FollowerState.java:run(117)) - daebe4f8-0ad9-4eb2-8ed7-3a8051847eb6@group-AF49A4A4CA2A-FollowerState was interrupted: java.lang.InterruptedException: sleep interrupted
2019-10-23 12:36:48,579 [grpc-default-executor-4] INFO  impl.RoleInfo (RoleInfo.java:updateAndGet(143)) - daebe4f8-0ad9-4eb2-8ed7-3a8051847eb6: start FollowerState
2019-10-23 12:36:48,579 [Thread-2293] INFO  impl.FollowerState (FollowerState.java:run(117)) - 389d5540-641f-48c2-a9df-60738dbad976@group-AF49A4A4CA2A-FollowerState was interrupted: java.lang.InterruptedException: sleep interrupted
2019-10-23 12:36:48,579 [grpc-default-executor-3] INFO  impl.RoleInfo (RoleInfo.java:updateAndGet(143)) - 389d5540-641f-48c2-a9df-60738dbad976: start FollowerState
2019-10-23 12:36:48,593 [279bca68-3e74-4690-81cf-da5ab79b92f7@group-AF49A4A4CA2A-LeaderElection313] INFO  impl.LeaderElection (LeaderElection.java:logAndReturn(56)) - 279bca68-3e74-4690-81cf-da5ab79b92f7@group-AF49A4A4CA2A-LeaderElection313: Election REJECTED; received 2 response(s) [279bca68-3e74-4690-81cf-da5ab79b92f7<-daebe4f8-0ad9-4eb2-8ed7-3a8051847eb6#0:FAIL-t338, 279bca68-3e74-4690-81cf-da5ab79b92f7<-389d5540-641f-48c2-a9df-60738dbad976#0:FAIL-t338] and 0 exception(s); 279bca68-3e74-4690-81cf-da5ab79b92f7@group-AF49A4A4CA2A:t338, leader=null, voted=279bca68-3e74-4690-81cf-da5ab79b92f7, raftlog=279bca68-3e74-4690-81cf-da5ab79b92f7@group-AF49A4A4CA2A-SegmentedRaftLog:OPENED:c-1,f-1,i0, conf=-1: [daebe4f8-0ad9-4eb2-8ed7-3a8051847eb6:192.168.69.118:44860, 389d5540-641f-48c2-a9df-60738dbad976:192.168.69.118:45712, 279bca68-3e74-4690-81cf-da5ab79b92f7:192.168.69.118:45510], old=null
2019-10-23 12:36:48,593 [279bca68-3e74-4690-81cf-da5ab79b92f7@group-AF49A4A4CA2A-LeaderElection313] INFO  impl.RaftServerImpl (RaftServerImpl.java:setRole(184)) - 279bca68-3e74-4690-81cf-da5ab79b92f7@group-AF49A4A4CA2A: changes role from CANDIDATE to FOLLOWER at term 338 for DISCOVERED_A_NEW_TERM
2019-10-23 12:36:48,593 [279bca68-3e74-4690-81cf-da5ab79b92f7@group-AF49A4A4CA2A-LeaderElection313] INFO  impl.RoleInfo (RoleInfo.java:shutdownLeaderElection(134)) - 279bca68-3e74-4690-81cf-da5ab79b92f7: shutdown LeaderElection
2019-10-23 12:36:48,593 [279bca68-3e74-4690-81cf-da5ab79b92f7@group-AF49A4A4CA2A-LeaderElection313] INFO  impl.RoleInfo (RoleInfo.java:updateAndGet(143)) - 279bca68-3e74-4690-81cf-da5ab79b92f7: start FollowerState
2019-10-23 12:36:48,689 [Thread-2300] INFO  impl.FollowerState (FollowerState.java:run(108)) - 279bca68-3e74-4690-81cf-da5ab79b92f7@group-AF49A4A4CA2A-FollowerState: change to CANDIDATE, lastRpcTime:95ms, electionTimeout:95ms
2019-10-23 12:36:48,689 [Thread-2300] INFO  impl.RoleInfo (RoleInfo.java:shutdownFollowerState(121)) - 279bca68-3e74-4690-81cf-da5ab79b92f7: shutdown FollowerState
2019-10-23 12:36:48,689 [Thread-2300] INFO  impl.RaftServerImpl (RaftServerImpl.java:setRole(184)) - 279bca68-3e74-4690-81cf-da5ab79b92f7@group-AF49A4A4CA2A: changes role from  FOLLOWER to CANDIDATE at term 338 for changeToCandidate
2019-10-23 12:36:48,689 [Thread-2300] INFO  impl.RoleInfo (RoleInfo.java:updateAndGet(143)) - 279bca68-3e74-4690-81cf-da5ab79b92f7: start LeaderElection
2019-10-23 12:36:48,703 [279bca68-3e74-4690-81cf-da5ab79b92f7@group-AF49A4A4CA2A-LeaderElection314] INFO  impl.LeaderElection (LeaderElection.java:askForVotes(178)) - 279bca68-3e74-4690-81cf-da5ab79b92f7@group-AF49A4A4CA2A-LeaderElection314: begin an election at term 339 for -1: [daebe4f8-0ad9-4eb2-8ed7-3a8051847eb6:192.168.69.118:44860, 389d5540-641f-48c2-a9df-60738dbad976:192.168.69.118:45712, 279bca68-3e74-4690-81cf-da5ab79b92f7:192.168.69.118:45510], old=null
2019-10-23 12:36:48,705 [grpc-default-executor-4] INFO  impl.RaftServerImpl (RaftServerImpl.java:setRole(184)) - 389d5540-641f-48c2-a9df-60738dbad976@group-AF49A4A4CA2A: changes role from  FOLLOWER to FOLLOWER at term 339 for recognizeCandidate:279bca68-3e74-4690-81cf-da5ab79b92f7
2019-10-23 12:36:48,705 [grpc-default-executor-3] INFO  impl.RaftServerImpl (RaftServerImpl.java:setRole(184)) - daebe4f8-0ad9-4eb2-8ed7-3a8051847eb6@group-AF49A4A4CA2A: changes role from  FOLLOWER to FOLLOWER at term 339 for recognizeCandidate:279bca68-3e74-4690-81cf-da5ab79b92f7
2019-10-23 12:36:48,705 [grpc-default-executor-4] INFO  impl.RoleInfo (RoleInfo.java:shutdownFollowerState(121)) - 389d5540-641f-48c2-a9df-60738dbad976: shutdown FollowerState
2019-10-23 12:36:48,705 [grpc-default-executor-3] INFO  impl.RoleInfo (RoleInfo.java:shutdownFollowerState(121)) - daebe4f8-0ad9-4eb2-8ed7-3a8051847eb6: shutdown FollowerState
2019-10-23 12:36:48,706 [Thread-2299] INFO  impl.FollowerState (FollowerState.java:run(117)) - 389d5540-641f-48c2-a9df-60738dbad976@group-AF49A4A4CA2A-FollowerState was interrupted: java.lang.InterruptedException: sleep interrupted
2019-10-23 12:36:48,706 [grpc-default-executor-4] INFO  impl.RoleInfo (RoleInfo.java:updateAndGet(143)) - 389d5540-641f-48c2-a9df-60738dbad976: start FollowerState
2019-10-23 12:36:48,706 [Thread-2298] INFO  impl.FollowerState (FollowerState.java:run(117)) - daebe4f8-0ad9-4eb2-8ed7-3a8051847eb6@group-AF49A4A4CA2A-FollowerState was interrupted: java.lang.InterruptedException: sleep interrupted
2019-10-23 12:36:48,706 [grpc-default-executor-3] INFO  impl.RoleInfo (RoleInfo.java:updateAndGet(143)) - daebe4f8-0ad9-4eb2-8ed7-3a8051847eb6: start FollowerState
2019-10-23 12:36:48,721 [279bca68-3e74-4690-81cf-da5ab79b92f7@group-AF49A4A4CA2A-LeaderElection314] INFO  impl.LeaderElection (LeaderElection.java:logAndReturn(56)) - 279bca68-3e74-4690-81cf-da5ab79b92f7@group-AF49A4A4CA2A-LeaderElection314: Election REJECTED; received 2 response(s) [279bca68-3e74-4690-81cf-da5ab79b92f7<-daebe4f8-0ad9-4eb2-8ed7-3a8051847eb6#0:FAIL-t339, 279bca68-3e74-4690-81cf-da5ab79b92f7<-389d5540-641f-48c2-a9df-60738dbad976#0:FAIL-t339] and 0 exception(s); 279bca68-3e74-4690-81cf-da5ab79b92f7@group-AF49A4A4CA2A:t339, leader=null, voted=279bca68-3e74-4690-81cf-da5ab79b92f7, raftlog=279bca68-3e74-4690-81cf-da5ab79b92f7@group-AF49A4A4CA2A-SegmentedRaftLog:OPENED:c-1,f-1,i0, conf=-1: [daebe4f8-0ad9-4eb2-8ed7-3a8051847eb6:192.168.69.118:44860, 389d5540-641f-48c2-a9df-60738dbad976:192.168.69.118:45712, 279bca68-3e74-4690-81cf-da5ab79b92f7:192.168.69.118:45510], old=null
2019-10-23 12:36:48,721 [279bca68-3e74-4690-81cf-da5ab79b92f7@group-AF49A4A4CA2A-LeaderElection314] INFO  impl.RaftServerImpl (RaftServerImpl.java:setRole(184)) - 279bca68-3e74-4690-81cf-da5ab79b92f7@group-AF49A4A4CA2A: changes role from CANDIDATE to FOLLOWER at term 339 for DISCOVERED_A_NEW_TERM
2019-10-23 12:36:48,721 [279bca68-3e74-4690-81cf-da5ab79b92f7@group-AF49A4A4CA2A-LeaderElection314] INFO  impl.RoleInfo (RoleInfo.java:shutdownLeaderElection(134)) - 279bca68-3e74-4690-81cf-da5ab79b92f7: shutdown LeaderElection
2019-10-23 12:36:48,721 [279bca68-3e74-4690-81cf-da5ab79b92f7@group-AF49A4A4CA2A-LeaderElection314] INFO  impl.RoleInfo (RoleInfo.java:updateAndGet(143)) - 279bca68-3e74-4690-81cf-da5ab79b92f7: start FollowerState
2019-10-23 12:36:48,833 [Thread-2308] INFO  impl.FollowerState (FollowerState.java:run(108)) - 279bca68-3e74-4690-81cf-da5ab79b92f7@group-AF49A4A4CA2A-FollowerState: change to CANDIDATE, lastRpcTime:112ms, electionTimeout:112ms
2019-10-23 12:36:48,834 [Thread-2308] INFO  impl.RoleInfo (RoleInfo.java:shutdownFollowerState(121)) - 279bca68-3e74-4690-81cf-da5ab79b92f7: shutdown FollowerState
2019-10-23 12:36:48,834 [Thread-2308] INFO  impl.RaftServerImpl (RaftServerImpl.java:setRole(184)) - 279bca68-3e74-4690-81cf-da5ab79b92f7@group-AF49A4A4CA2A: changes role from  FOLLOWER to CANDIDATE at term 339 for changeToCandidate
2019-10-23 12:36:48,834 [Thread-2308] INFO  impl.RoleInfo (RoleInfo.java:updateAndGet(143)) - 279bca68-3e74-4690-81cf-da5ab79b92f7: start LeaderElection
2019-10-23 12:36:48,844 [279bca68-3e74-4690-81cf-da5ab79b92f7@group-AF49A4A4CA2A-LeaderElection315] INFO  impl.LeaderElection (LeaderElection.java:askForVotes(178)) - 279bca68-3e74-4690-81cf-da5ab79b92f7@group-AF49A4A4CA2A-LeaderElection315: begin an election at term 340 for -1: [daebe4f8-0ad9-4eb2-8ed7-3a8051847eb6:192.168.69.118:44860, 389d5540-641f-48c2-a9df-60738dbad976:192.168.69.118:45712, 279bca68-3e74-4690-81cf-da5ab79b92f7:192.168.69.118:45510], old=null
2019-10-23 12:36:48,846 [grpc-default-executor-4] INFO  impl.RaftServerImpl (RaftServerImpl.java:setRole(184)) - daebe4f8-0ad9-4eb2-8ed7-3a8051847eb6@group-AF49A4A4CA2A: changes role from  FOLLOWER to FOLLOWER at term 340 for recognizeCandidate:279bca68-3e74-4690-81cf-da5ab79b92f7
2019-10-23 12:36:48,846 [grpc-default-executor-4] INFO  impl.RoleInfo (RoleInfo.java:shutdownFollowerState(121)) - daebe4f8-0ad9-4eb2-8ed7-3a8051847eb6: shutdown FollowerState
2019-10-23 12:36:48,846 [grpc-default-executor-3] INFO  impl.RaftServerImpl (RaftServerImpl.java:setRole(184)) - 389d5540-641f-48c2-a9df-60738dbad976@group-AF49A4A4CA2A: changes role from  FOLLOWER to FOLLOWER at term 340 for recognizeCandidate:279bca68-3e74-4690-81cf-da5ab79b92f7
2019-10-23 12:36:48,846 [Thread-2307] INFO  impl.FollowerState (FollowerState.java:run(117)) - daebe4f8-0ad9-4eb2-8ed7-3a8051847eb6@group-AF49A4A4CA2A-FollowerState was interrupted: java.lang.InterruptedException: sleep interrupted
2019-10-23 12:36:48,846 [grpc-default-executor-4] INFO  impl.RoleInfo (RoleInfo.java:updateAndGet(143)) - daebe4f8-0ad9-4eb2-8ed7-3a8051847eb6: start FollowerState
2019-10-23 12:36:48,847 [grpc-default-executor-3] INFO  impl.RoleInfo (RoleInfo.java:shutdownFollowerState(121)) - 389d5540-641f-48c2-a9df-60738dbad976: shutdown FollowerState
2019-10-23 12:36:48,847 [grpc-default-executor-3] INFO  impl.RoleInfo (RoleInfo.java:updateAndGet(143)) - 389d5540-641f-48c2-a9df-60738dbad976: start FollowerState
2019-10-23 12:36:48,847 [Thread-2306] INFO  impl.FollowerState (FollowerState.java:run(117)) - 389d5540-641f-48c2-a9df-60738dbad976@group-AF49A4A4CA2A-FollowerState was interrupted: java.lang.InterruptedException: sleep interrupted
2019-10-23 12:36:48,861 [279bca68-3e74-4690-81cf-da5ab79b92f7@group-AF49A4A4CA2A-LeaderElection315] INFO  impl.LeaderElection (LeaderElection.java:logAndReturn(56)) - 279bca68-3e74-4690-81cf-da5ab79b92f7@group-AF49A4A4CA2A-LeaderElection315: Election REJECTED; received 2 response(s) [279bca68-3e74-4690-81cf-da5ab79b92f7<-daebe4f8-0ad9-4eb2-8ed7-3a8051847eb6#0:FAIL-t340, 279bca68-3e74-4690-81cf-da5ab79b92f7<-389d5540-641f-48c2-a9df-60738dbad976#0:FAIL-t340] and 0 exception(s); 279bca68-3e74-4690-81cf-da5ab79b92f7@group-AF49A4A4CA2A:t340, leader=null, voted=279bca68-3e74-4690-81cf-da5ab79b92f7, raftlog=279bca68-3e74-4690-81cf-da5ab79b92f7@group-AF49A4A4CA2A-SegmentedRaftLog:OPENED:c-1,f-1,i0, conf=-1: [daebe4f8-0ad9-4eb2-8ed7-3a8051847eb6:192.168.69.118:44860, 389d5540-641f-48c2-a9df-60738dbad976:192.168.69.118:45712, 279bca68-3e74-4690-81cf-da5ab79b92f7:192.168.69.118:45510], old=null
2019-10-23 12:36:48,862 [279bca68-3e74-4690-81cf-da5ab79b92f7@group-AF49A4A4CA2A-LeaderElection315] INFO  impl.RaftServerImpl (RaftServerImpl.java:setRole(184)) - 279bca68-3e74-4690-81cf-da5ab79b92f7@group-AF49A4A4CA2A: changes role from CANDIDATE to FOLLOWER at term 340 for DISCOVERED_A_NEW_TERM
2019-10-23 12:36:48,862 [279bca68-3e74-4690-81cf-da5ab79b92f7@group-AF49A4A4CA2A-LeaderElection315] INFO  impl.RoleInfo (RoleInfo.java:shutdownLeaderElection(134)) - 279bca68-3e74-4690-81cf-da5ab79b92f7: shutdown LeaderElection
2019-10-23 12:36:48,862 [279bca68-3e74-4690-81cf-da5ab79b92f7@group-AF49A4A4CA2A-LeaderElection315] INFO  impl.RoleInfo (RoleInfo.java:updateAndGet(143)) - 279bca68-3e74-4690-81cf-da5ab79b92f7: start FollowerState
2019-10-23 12:36:49,006 [Thread-2314] INFO  impl.FollowerState (FollowerState.java:run(108)) - 279bca68-3e74-4690-81cf-da5ab79b92f7@group-AF49A4A4CA2A-FollowerState: change to CANDIDATE, lastRpcTime:144ms, electionTimeout:144ms
2019-10-23 12:36:49,006 [Thread-2314] INFO  impl.RoleInfo (RoleInfo.java:shutdownFollowerState(121)) - 279bca68-3e74-4690-81cf-da5ab79b92f7: shutdown FollowerState
2019-10-23 12:36:49,006 [Thread-2314] INFO  impl.RaftServerImpl (RaftServerImpl.java:setRole(184)) - 279bca68-3e74-4690-81cf-da5ab79b92f7@group-AF49A4A4CA2A: changes role from  FOLLOWER to CANDIDATE at term 340 for changeToCandidate
2019-10-23 12:36:49,007 [Thread-2314] INFO  impl.RoleInfo (RoleInfo.java:updateAndGet(143)) - 279bca68-3e74-4690-81cf-da5ab79b92f7: start LeaderElection
2019-10-23 12:36:49,020 [279bca68-3e74-4690-81cf-da5ab79b92f7@group-AF49A4A4CA2A-LeaderElection316] INFO  impl.LeaderElection (LeaderElection.java:askForVotes(178)) - 279bca68-3e74-4690-81cf-da5ab79b92f7@group-AF49A4A4CA2A-LeaderElection316: begin an election at term 341 for -1: [daebe4f8-0ad9-4eb2-8ed7-3a8051847eb6:192.168.69.118:44860, 389d5540-641f-48c2-a9df-60738dbad976:192.168.69.118:45712, 279bca68-3e74-4690-81cf-da5ab79b92f7:192.168.69.118:45510], old=null
2019-10-23 12:36:49,023 [grpc-default-executor-3] INFO  impl.RaftServerImpl (RaftServerImpl.java:setRole(184)) - daebe4f8-0ad9-4eb2-8ed7-3a8051847eb6@group-AF49A4A4CA2A: changes role from  FOLLOWER to FOLLOWER at term 341 for recognizeCandidate:279bca68-3e74-4690-81cf-da5ab79b92f7
2019-10-23 12:36:49,023 [grpc-default-executor-4] INFO  impl.RaftServerImpl (RaftServerImpl.java:setRole(184)) - 389d5540-641f-48c2-a9df-60738dbad976@group-AF49A4A4CA2A: changes role from  FOLLOWER to FOLLOWER at term 341 for recognizeCandidate:279bca68-3e74-4690-81cf-da5ab79b92f7
2019-10-23 12:36:49,023 [grpc-default-executor-4] INFO  impl.RoleInfo (RoleInfo.java:shutdownFollowerState(121)) - 389d5540-641f-48c2-a9df-60738dbad976: shutdown FollowerState
2019-10-23 12:36:49,023 [grpc-default-executor-3] INFO  impl.RoleInfo (RoleInfo.java:shutdownFollowerState(121)) - daebe4f8-0ad9-4eb2-8ed7-3a8051847eb6: shutdown FollowerState
2019-10-23 12:36:49,023 [Thread-2313] INFO  impl.FollowerState (FollowerState.java:run(117)) - 389d5540-641f-48c2-a9df-60738dbad976@group-AF49A4A4CA2A-FollowerState was interrupted: java.lang.InterruptedException: sleep interrupted
2019-10-23 12:36:49,023 [grpc-default-executor-4] INFO  impl.RoleInfo (RoleInfo.java:updateAndGet(143)) - 389d5540-641f-48c2-a9df-60738dbad976: start FollowerState
2019-10-23 12:36:49,023 [Thread-2312] INFO  impl.FollowerState (FollowerState.java:run(117)) - daebe4f8-0ad9-4eb2-8ed7-3a8051847eb6@group-AF49A4A4CA2A-FollowerState was interrupted: java.lang.InterruptedException: sleep interrupted
2019-10-23 12:36:49,023 [grpc-default-executor-3] INFO  impl.RoleInfo (RoleInfo.java:updateAndGet(143)) - daebe4f8-0ad9-4eb2-8ed7-3a8051847eb6: start FollowerState
2019-10-23 12:36:49,042 [279bca68-3e74-4690-81cf-da5ab79b92f7@group-AF49A4A4CA2A-LeaderElection316] INFO  impl.LeaderElection (LeaderElection.java:logAndReturn(56)) - 279bca68-3e74-4690-81cf-da5ab79b92f7@group-AF49A4A4CA2A-LeaderElection316: Election REJECTED; received 2 response(s) [279bca68-3e74-4690-81cf-da5ab79b92f7<-daebe4f8-0ad9-4eb2-8ed7-3a8051847eb6#0:FAIL-t341, 279bca68-3e74-4690-81cf-da5ab79b92f7<-389d5540-641f-48c2-a9df-60738dbad976#0:FAIL-t341] and 0 exception(s); 279bca68-3e74-4690-81cf-da5ab79b92f7@group-AF49A4A4CA2A:t341, leader=null, voted=279bca68-3e74-4690-81cf-da5ab79b92f7, raftlog=279bca68-3e74-4690-81cf-da5ab79b92f7@group-AF49A4A4CA2A-SegmentedRaftLog:OPENED:c-1,f-1,i0, conf=-1: [daebe4f8-0ad9-4eb2-8ed7-3a8051847eb6:192.168.69.118:44860, 389d5540-641f-48c2-a9df-60738dbad976:192.168.69.118:45712, 279bca68-3e74-4690-81cf-da5ab79b92f7:192.168.69.118:45510], old=null
2019-10-23 12:36:49,043 [279bca68-3e74-4690-81cf-da5ab79b92f7@group-AF49A4A4CA2A-LeaderElection316] INFO  impl.RaftServerImpl (RaftServerImpl.java:setRole(184)) - 279bca68-3e74-4690-81cf-da5ab79b92f7@group-AF49A4A4CA2A: changes role from CANDIDATE to FOLLOWER at term 341 for DISCOVERED_A_NEW_TERM
2019-10-23 12:36:49,043 [279bca68-3e74-4690-81cf-da5ab79b92f7@group-AF49A4A4CA2A-LeaderElection316] INFO  impl.RoleInfo (RoleInfo.java:shutdownLeaderElection(134)) - 279bca68-3e74-4690-81cf-da5ab79b92f7: shutdown LeaderElection
2019-10-23 12:36:49,043 [279bca68-3e74-4690-81cf-da5ab79b92f7@group-AF49A4A4CA2A-LeaderElection316] INFO  impl.RoleInfo (RoleInfo.java:updateAndGet(143)) - 279bca68-3e74-4690-81cf-da5ab79b92f7: start FollowerState
2019-10-23 12:36:49,133 [Thread-2320] INFO  impl.FollowerState (FollowerState.java:run(108)) - 279bca68-3e74-4690-81cf-da5ab79b92f7@group-AF49A4A4CA2A-FollowerState: change to CANDIDATE, lastRpcTime:90ms, electionTimeout:90ms
2019-10-23 12:36:49,134 [Thread-2320] INFO  impl.RoleInfo (RoleInfo.java:shutdownFollowerState(121)) - 279bca68-3e74-4690-81cf-da5ab79b92f7: shutdown FollowerState
2019-10-23 12:36:49,134 [Thread-2320] INFO  impl.RaftServerImpl (RaftServerImpl.java:setRole(184)) - 279bca68-3e74-4690-81cf-da5ab79b92f7@group-AF49A4A4CA2A: changes role from  FOLLOWER to CANDIDATE at term 341 for changeToCandidate
2019-10-23 12:36:49,134 [Thread-2320] INFO  impl.RoleInfo (RoleInfo.java:updateAndGet(143)) - 279bca68-3e74-4690-81cf-da5ab79b92f7: start LeaderElection
2019-10-23 12:36:49,148 [279bca68-3e74-4690-81cf-da5ab79b92f7@group-AF49A4A4CA2A-LeaderElection317] INFO  impl.LeaderElection (LeaderElection.java:askForVotes(178)) - 279bca68-3e74-4690-81cf-da5ab79b92f7@group-AF49A4A4CA2A-LeaderElection317: begin an election at term 342 for -1: [daebe4f8-0ad9-4eb2-8ed7-3a8051847eb6:192.168.69.118:44860, 389d5540-641f-48c2-a9df-60738dbad976:192.168.69.118:45712, 279bca68-3e74-4690-81cf-da5ab79b92f7:192.168.69.118:45510], old=null
2019-10-23 12:36:49,151 [grpc-default-executor-4] INFO  impl.RaftServerImpl (RaftServerImpl.java:setRole(184)) - daebe4f8-0ad9-4eb2-8ed7-3a8051847eb6@group-AF49A4A4CA2A: changes role from  FOLLOWER to FOLLOWER at term 342 for recognizeCandidate:279bca68-3e74-4690-81cf-da5ab79b92f7
2019-10-23 12:36:49,151 [grpc-default-executor-4] INFO  impl.RoleInfo (RoleInfo.java:shutdownFollowerState(121)) - daebe4f8-0ad9-4eb2-8ed7-3a8051847eb6: shutdown FollowerState
2019-10-23 12:36:49,151 [grpc-default-executor-3] INFO  impl.RaftServerImpl (RaftServerImpl.java:setRole(184)) - 389d5540-641f-48c2-a9df-60738dbad976@group-AF49A4A4CA2A: changes role from  FOLLOWER to FOLLOWER at term 342 for recognizeCandidate:279bca68-3e74-4690-81cf-da5ab79b92f7
2019-10-23 12:36:49,151 [grpc-default-executor-3] INFO  impl.RoleInfo (RoleInfo.java:shutdownFollowerState(121)) - 389d5540-641f-48c2-a9df-60738dbad976: shutdown FollowerState
2019-10-23 12:36:49,151 [Thread-2319] INFO  impl.FollowerState (FollowerState.java:run(117)) - daebe4f8-0ad9-4eb2-8ed7-3a8051847eb6@group-AF49A4A4CA2A-FollowerState was interrupted: java.lang.InterruptedException: sleep interrupted
2019-10-23 12:36:49,151 [grpc-default-executor-4] INFO  impl.RoleInfo (RoleInfo.java:updateAndGet(143)) - daebe4f8-0ad9-4eb2-8ed7-3a8051847eb6: start FollowerState
2019-10-23 12:36:49,151 [Thread-2318] INFO  impl.FollowerState (FollowerState.java:run(117)) - 389d5540-641f-48c2-a9df-60738dbad976@group-AF49A4A4CA2A-FollowerState was interrupted: java.lang.InterruptedException: sleep interrupted
2019-10-23 12:36:49,151 [grpc-default-executor-3] INFO  impl.RoleInfo (RoleInfo.java:updateAndGet(143)) - 389d5540-641f-48c2-a9df-60738dbad976: start FollowerState
2019-10-23 12:36:49,167 [279bca68-3e74-4690-81cf-da5ab79b92f7@group-AF49A4A4CA2A-LeaderElection317] INFO  impl.LeaderElection (LeaderElection.java:logAndReturn(56)) - 279bca68-3e74-4690-81cf-da5ab79b92f7@group-AF49A4A4CA2A-LeaderElection317: Election REJECTED; received 2 response(s) [279bca68-3e74-4690-81cf-da5ab79b92f7<-daebe4f8-0ad9-4eb2-8ed7-3a8051847eb6#0:FAIL-t342, 279bca68-3e74-4690-81cf-da5ab79b92f7<-389d5540-641f-48c2-a9df-60738dbad976#0:FAIL-t342] and 0 exception(s); 279bca68-3e74-4690-81cf-da5ab79b92f7@group-AF49A4A4CA2A:t342, leader=null, voted=279bca68-3e74-4690-81cf-da5ab79b92f7, raftlog=279bca68-3e74-4690-81cf-da5ab79b92f7@group-AF49A4A4CA2A-SegmentedRaftLog:OPENED:c-1,f-1,i0, conf=-1: [daebe4f8-0ad9-4eb2-8ed7-3a8051847eb6:192.168.69.118:44860, 389d5540-641f-48c2-a9df-60738dbad976:192.168.69.118:45712, 279bca68-3e74-4690-81cf-da5ab79b92f7:192.168.69.118:45510], old=null
2019-10-23 12:36:49,167 [279bca68-3e74-4690-81cf-da5ab79b92f7@group-AF49A4A4CA2A-LeaderElection317] INFO  impl.RaftServerImpl (RaftServerImpl.java:setRole(184)) - 279bca68-3e74-4690-81cf-da5ab79b92f7@group-AF49A4A4CA2A: changes role from CANDIDATE to FOLLOWER at term 342 for DISCOVERED_A_NEW_TERM
2019-10-23 12:36:49,168 [279bca68-3e74-4690-81cf-da5ab79b92f7@group-AF49A4A4CA2A-LeaderElection317] INFO  impl.RoleInfo (RoleInfo.java:shutdownLeaderElection(134)) - 279bca68-3e74-4690-81cf-da5ab79b92f7: shutdown LeaderElection
2019-10-23 12:36:49,168 [279bca68-3e74-4690-81cf-da5ab79b92f7@group-AF49A4A4CA2A-LeaderElection317] INFO  impl.RoleInfo (RoleInfo.java:updateAndGet(143)) - 279bca68-3e74-4690-81cf-da5ab79b92f7: start FollowerState
2019-10-23 12:36:49,170 [Thread-2326] INFO  impl.FollowerState (FollowerState.java:run(108)) - 279bca68-3e74-4690-81cf-da5ab79b92f7@group-AF49A4A4CA2A-FollowerState: change to CANDIDATE, lastRpcTime:2ms, electionTimeout:2ms
2019-10-23 12:36:49,170 [Thread-2326] INFO  impl.RoleInfo (RoleInfo.java:shutdownFollowerState(121)) - 279bca68-3e74-4690-81cf-da5ab79b92f7: shutdown FollowerState
2019-10-23 12:36:49,170 [Thread-2326] INFO  impl.RaftServerImpl (RaftServerImpl.java:setRole(184)) - 279bca68-3e74-4690-81cf-da5ab79b92f7@group-AF49A4A4CA2A: changes role from  FOLLOWER to CANDIDATE at term 342 for changeToCandidate
2019-10-23 12:36:49,171 [Thread-2326] INFO  impl.RoleInfo (RoleInfo.java:updateAndGet(143)) - 279bca68-3e74-4690-81cf-da5ab79b92f7: start LeaderElection
2019-10-23 12:36:49,184 [279bca68-3e74-4690-81cf-da5ab79b92f7@group-AF49A4A4CA2A-LeaderElection318] INFO  impl.LeaderElection (LeaderElection.java:askForVotes(178)) - 279bca68-3e74-4690-81cf-da5ab79b92f7@group-AF49A4A4CA2A-LeaderElection318: begin an election at term 343 for -1: [daebe4f8-0ad9-4eb2-8ed7-3a8051847eb6:192.168.69.118:44860, 389d5540-641f-48c2-a9df-60738dbad976:192.168.69.118:45712, 279bca68-3e74-4690-81cf-da5ab79b92f7:192.168.69.118:45510], old=null
2019-10-23 12:36:49,186 [grpc-default-executor-3] INFO  impl.RaftServerImpl (RaftServerImpl.java:setRole(184)) - daebe4f8-0ad9-4eb2-8ed7-3a8051847eb6@group-AF49A4A4CA2A: changes role from  FOLLOWER to FOLLOWER at term 343 for recognizeCandidate:279bca68-3e74-4690-81cf-da5ab79b92f7
2019-10-23 12:36:49,187 [grpc-default-executor-3] INFO  impl.RoleInfo (RoleInfo.java:shutdownFollowerState(121)) - daebe4f8-0ad9-4eb2-8ed7-3a8051847eb6: shutdown FollowerState
2019-10-23 12:36:49,187 [grpc-default-executor-3] INFO  impl.RoleInfo (RoleInfo.java:updateAndGet(143)) - daebe4f8-0ad9-4eb2-8ed7-3a8051847eb6: start FollowerState
2019-10-23 12:36:49,187 [Thread-2324] INFO  impl.FollowerState (FollowerState.java:run(117)) - daebe4f8-0ad9-4eb2-8ed7-3a8051847eb6@group-AF49A4A4CA2A-FollowerState was interrupted: java.lang.InterruptedException: sleep interrupted
2019-10-23 12:36:49,187 [grpc-default-executor-4] INFO  impl.RaftServerImpl (RaftServerImpl.java:setRole(184)) - 389d5540-641f-48c2-a9df-60738dbad976@group-AF49A4A4CA2A: changes role from  FOLLOWER to FOLLOWER at term 343 for recognizeCandidate:279bca68-3e74-4690-81cf-da5ab79b92f7
2019-10-23 12:36:49,187 [grpc-default-executor-4] INFO  impl.RoleInfo (RoleInfo.java:shutdownFollowerState(121)) - 389d5540-641f-48c2-a9df-60738dbad976: shutdown FollowerState
2019-10-23 12:36:49,187 [grpc-default-executor-4] INFO  impl.RoleInfo (RoleInfo.java:updateAndGet(143)) - 389d5540-641f-48c2-a9df-60738dbad976: start FollowerState
2019-10-23 12:36:49,187 [Thread-2325] INFO  impl.FollowerState (FollowerState.java:run(117)) - 389d5540-641f-48c2-a9df-60738dbad976@group-AF49A4A4CA2A-FollowerState was interrupted: java.lang.InterruptedException: sleep interrupted
2019-10-23 12:36:49,202 [279bca68-3e74-4690-81cf-da5ab79b92f7@group-AF49A4A4CA2A-LeaderElection318] INFO  impl.LeaderElection (LeaderElection.java:logAndReturn(56)) - 279bca68-3e74-4690-81cf-da5ab79b92f7@group-AF49A4A4CA2A-LeaderElection318: Election REJECTED; received 2 response(s) [279bca68-3e74-4690-81cf-da5ab79b92f7<-daebe4f8-0ad9-4eb2-8ed7-3a8051847eb6#0:FAIL-t343, 279bca68-3e74-4690-81cf-da5ab79b92f7<-389d5540-641f-48c2-a9df-60738dbad976#0:FAIL-t343] and 0 exception(s); 279bca68-3e74-4690-81cf-da5ab79b92f7@group-AF49A4A4CA2A:t343, leader=null, voted=279bca68-3e74-4690-81cf-da5ab79b92f7, raftlog=279bca68-3e74-4690-81cf-da5ab79b92f7@group-AF49A4A4CA2A-SegmentedRaftLog:OPENED:c-1,f-1,i0, conf=-1: [daebe4f8-0ad9-4eb2-8ed7-3a8051847eb6:192.168.69.118:44860, 389d5540-641f-48c2-a9df-60738dbad976:192.168.69.118:45712, 279bca68-3e74-4690-81cf-da5ab79b92f7:192.168.69.118:45510], old=null
2019-10-23 12:36:49,202 [279bca68-3e74-4690-81cf-da5ab79b92f7@group-AF49A4A4CA2A-LeaderElection318] INFO  impl.RaftServerImpl (RaftServerImpl.java:setRole(184)) - 279bca68-3e74-4690-81cf-da5ab79b92f7@group-AF49A4A4CA2A: changes role from CANDIDATE to FOLLOWER at term 343 for DISCOVERED_A_NEW_TERM
2019-10-23 12:36:49,203 [279bca68-3e74-4690-81cf-da5ab79b92f7@group-AF49A4A4CA2A-LeaderElection318] INFO  impl.RoleInfo (RoleInfo.java:shutdownLeaderElection(134)) - 279bca68-3e74-4690-81cf-da5ab79b92f7: shutdown LeaderElection
2019-10-23 12:36:49,203 [279bca68-3e74-4690-81cf-da5ab79b92f7@group-AF49A4A4CA2A-LeaderElection318] INFO  impl.RoleInfo (RoleInfo.java:updateAndGet(143)) - 279bca68-3e74-4690-81cf-da5ab79b92f7: start FollowerState
2019-10-23 12:36:49,315 [Thread-2332] INFO  impl.FollowerState (FollowerState.java:run(108)) - 279bca68-3e74-4690-81cf-da5ab79b92f7@group-AF49A4A4CA2A-FollowerState: change to CANDIDATE, lastRpcTime:112ms, electionTimeout:112ms
2019-10-23 12:36:49,315 [Thread-2332] INFO  impl.RoleInfo (RoleInfo.java:shutdownFollowerState(121)) - 279bca68-3e74-4690-81cf-da5ab79b92f7: shutdown FollowerState
2019-10-23 12:36:49,315 [Thread-2332] INFO  impl.RaftServerImpl (RaftServerImpl.java:setRole(184)) - 279bca68-3e74-4690-81cf-da5ab79b92f7@group-AF49A4A4CA2A: changes role from  FOLLOWER to CANDIDATE at term 343 for changeToCandidate
2019-10-23 12:36:49,316 [Thread-2332] INFO  impl.RoleInfo (RoleInfo.java:updateAndGet(143)) - 279bca68-3e74-4690-81cf-da5ab79b92f7: start LeaderElection
2019-10-23 12:36:49,343 [279bca68-3e74-4690-81cf-da5ab79b92f7@group-AF49A4A4CA2A-LeaderElection319] INFO  impl.LeaderElection (LeaderElection.java:askForVotes(178)) - 279bca68-3e74-4690-81cf-da5ab79b92f7@group-AF49A4A4CA2A-LeaderElection319: begin an election at term 344 for -1: [daebe4f8-0ad9-4eb2-8ed7-3a8051847eb6:192.168.69.118:44860, 389d5540-641f-48c2-a9df-60738dbad976:192.168.69.118:45712, 279bca68-3e74-4690-81cf-da5ab79b92f7:192.168.69.118:45510], old=null
2019-10-23 12:36:49,346 [grpc-default-executor-3] INFO  impl.RaftServerImpl (RaftServerImpl.java:setRole(184)) - daebe4f8-0ad9-4eb2-8ed7-3a8051847eb6@group-AF49A4A4CA2A: changes role from  FOLLOWER to FOLLOWER at term 344 for recognizeCandidate:279bca68-3e74-4690-81cf-da5ab79b92f7
2019-10-23 12:36:49,346 [grpc-default-executor-3] INFO  impl.RoleInfo (RoleInfo.java:shutdownFollowerState(121)) - daebe4f8-0ad9-4eb2-8ed7-3a8051847eb6: shutdown FollowerState
2019-10-23 12:36:49,346 [grpc-default-executor-4] INFO  impl.RaftServerImpl (RaftServerImpl.java:setRole(184)) - 389d5540-641f-48c2-a9df-60738dbad976@group-AF49A4A4CA2A: changes role from  FOLLOWER to FOLLOWER at term 344 for recognizeCandidate:279bca68-3e74-4690-81cf-da5ab79b92f7
2019-10-23 12:36:49,346 [grpc-default-executor-4] INFO  impl.RoleInfo (RoleInfo.java:shutdownFollowerState(121)) - 389d5540-641f-48c2-a9df-60738dbad976: shutdown FollowerState
2019-10-23 12:36:49,346 [Thread-2330] INFO  impl.FollowerState (FollowerState.java:run(117)) - daebe4f8-0ad9-4eb2-8ed7-3a8051847eb6@group-AF49A4A4CA2A-FollowerState was interrupted: java.lang.InterruptedException: sleep interrupted
2019-10-23 12:36:49,346 [grpc-default-executor-3] INFO  impl.RoleInfo (RoleInfo.java:updateAndGet(143)) - daebe4f8-0ad9-4eb2-8ed7-3a8051847eb6: start FollowerState
2019-10-23 12:36:49,347 [grpc-default-executor-4] INFO  impl.RoleInfo (RoleInfo.java:updateAndGet(143)) - 389d5540-641f-48c2-a9df-60738dbad976: start FollowerState
2019-10-23 12:36:49,347 [Thread-2331] INFO  impl.FollowerState (FollowerState.java:run(117)) - 389d5540-641f-48c2-a9df-60738dbad976@group-AF49A4A4CA2A-FollowerState was interrupted: java.lang.InterruptedException: sleep interrupted
2019-10-23 12:36:49,356 [279bca68-3e74-4690-81cf-da5ab79b92f7@group-AF49A4A4CA2A-LeaderElection319] INFO  impl.LeaderElection (LeaderElection.java:logAndReturn(56)) - 279bca68-3e74-4690-81cf-da5ab79b92f7@group-AF49A4A4CA2A-LeaderElection319: Election TIMEOUT; received 0 response(s) [] and 0 exception(s); 279bca68-3e74-4690-81cf-da5ab79b92f7@group-AF49A4A4CA2A:t344, leader=null, voted=279bca68-3e74-4690-81cf-da5ab79b92f7, raftlog=279bca68-3e74-4690-81cf-da5ab79b92f7@group-AF49A4A4CA2A-SegmentedRaftLog:OPENED:c-1,f-1,i0, conf=-1: [daebe4f8-0ad9-4eb2-8ed7-3a8051847eb6:192.168.69.118:44860, 389d5540-641f-48c2-a9df-60738dbad976:192.168.69.118:45712, 279bca68-3e74-4690-81cf-da5ab79b92f7:192.168.69.118:45510], old=null
2019-10-23 12:36:49,361 [279bca68-3e74-4690-81cf-da5ab79b92f7@group-AF49A4A4CA2A-LeaderElection319] INFO  impl.LeaderElection (LeaderElection.java:askForVotes(178)) - 279bca68-3e74-4690-81cf-da5ab79b92f7@group-AF49A4A4CA2A-LeaderElection319: begin an election at term 345 for -1: [daebe4f8-0ad9-4eb2-8ed7-3a8051847eb6:192.168.69.118:44860, 389d5540-641f-48c2-a9df-60738dbad976:192.168.69.118:45712, 279bca68-3e74-4690-81cf-da5ab79b92f7:192.168.69.118:45510], old=null
2019-10-23 12:36:49,362 [grpc-default-executor-4] INFO  impl.RaftServerImpl (RaftServerImpl.java:setRole(184)) - daebe4f8-0ad9-4eb2-8ed7-3a8051847eb6@group-AF49A4A4CA2A: changes role from  FOLLOWER to FOLLOWER at term 345 for recognizeCandidate:279bca68-3e74-4690-81cf-da5ab79b92f7
2019-10-23 12:36:49,362 [grpc-default-executor-4] INFO  impl.RoleInfo (RoleInfo.java:shutdownFollowerState(121)) - daebe4f8-0ad9-4eb2-8ed7-3a8051847eb6: shutdown FollowerState
2019-10-23 12:36:49,362 [grpc-default-executor-3] INFO  impl.RaftServerImpl (RaftServerImpl.java:setRole(184)) - 389d5540-641f-48c2-a9df-60738dbad976@group-AF49A4A4CA2A: changes role from  FOLLOWER to FOLLOWER at term 345 for recognizeCandidate:279bca68-3e74-4690-81cf-da5ab79b92f7
2019-10-23 12:36:49,363 [grpc-default-executor-3] INFO  impl.RoleInfo (RoleInfo.java:shutdownFollowerState(121)) - 389d5540-641f-48c2-a9df-60738dbad976: shutdown FollowerState
2019-10-23 12:36:49,363 [grpc-default-executor-4] INFO  impl.RoleInfo (RoleInfo.java:updateAndGet(143)) - daebe4f8-0ad9-4eb2-8ed7-3a8051847eb6: start FollowerState
2019-10-23 12:36:49,363 [Thread-2336] INFO  impl.FollowerState (FollowerState.java:run(117)) - daebe4f8-0ad9-4eb2-8ed7-3a8051847eb6@group-AF49A4A4CA2A-FollowerState was interrupted: java.lang.InterruptedException: sleep interrupted
2019-10-23 12:36:49,363 [Thread-2337] INFO  impl.FollowerState (FollowerState.java:run(117)) - 389d5540-641f-48c2-a9df-60738dbad976@group-AF49A4A4CA2A-FollowerState was interrupted: java.lang.InterruptedException: sleep interrupted
2019-10-23 12:36:49,363 [grpc-default-executor-3] INFO  impl.RoleInfo (RoleInfo.java:updateAndGet(143)) - 389d5540-641f-48c2-a9df-60738dbad976: start FollowerState
2019-10-23 12:36:49,378 [279bca68-3e74-4690-81cf-da5ab79b92f7@group-AF49A4A4CA2A-LeaderElection319] INFO  impl.LeaderElection (LeaderElection.java:logAndReturn(56)) - 279bca68-3e74-4690-81cf-da5ab79b92f7@group-AF49A4A4CA2A-LeaderElection319: Election REJECTED; received 2 response(s) [279bca68-3e74-4690-81cf-da5ab79b92f7<-daebe4f8-0ad9-4eb2-8ed7-3a8051847eb6#0:FAIL-t345, 279bca68-3e74-4690-81cf-da5ab79b92f7<-389d5540-641f-48c2-a9df-60738dbad976#0:FAIL-t345] and 0 exception(s); 279bca68-3e74-4690-81cf-da5ab79b92f7@group-AF49A4A4CA2A:t345, leader=null, voted=279bca68-3e74-4690-81cf-da5ab79b92f7, raftlog=279bca68-3e74-4690-81cf-da5ab79b92f7@group-AF49A4A4CA2A-SegmentedRaftLog:OPENED:c-1,f-1,i0, conf=-1: [daebe4f8-0ad9-4eb2-8ed7-3a8051847eb6:192.168.69.118:44860, 389d5540-641f-48c2-a9df-60738dbad976:192.168.69.118:45712, 279bca68-3e74-4690-81cf-da5ab79b92f7:192.168.69.118:45510], old=null
2019-10-23 12:36:49,378 [279bca68-3e74-4690-81cf-da5ab79b92f7@group-AF49A4A4CA2A-LeaderElection319] INFO  impl.RaftServerImpl (RaftServerImpl.java:setRole(184)) - 279bca68-3e74-4690-81cf-da5ab79b92f7@group-AF49A4A4CA2A: changes role from CANDIDATE to FOLLOWER at term 345 for DISCOVERED_A_NEW_TERM
2019-10-23 12:36:49,378 [279bca68-3e74-4690-81cf-da5ab79b92f7@group-AF49A4A4CA2A-LeaderElection319] INFO  impl.RoleInfo (RoleInfo.java:shutdownLeaderElection(134)) - 279bca68-3e74-4690-81cf-da5ab79b92f7: shutdown LeaderElection
2019-10-23 12:36:49,378 [279bca68-3e74-4690-81cf-da5ab79b92f7@group-AF49A4A4CA2A-LeaderElection319] INFO  impl.RoleInfo (RoleInfo.java:updateAndGet(143)) - 279bca68-3e74-4690-81cf-da5ab79b92f7: start FollowerState
2019-10-23 12:36:49,530 [Thread-2342] INFO  impl.FollowerState (FollowerState.java:run(108)) - 279bca68-3e74-4690-81cf-da5ab79b92f7@group-AF49A4A4CA2A-FollowerState: change to CANDIDATE, lastRpcTime:151ms, electionTimeout:151ms
2019-10-23 12:36:49,530 [Thread-2342] INFO  impl.RoleInfo (RoleInfo.java:shutdownFollowerState(121)) - 279bca68-3e74-4690-81cf-da5ab79b92f7: shutdown FollowerState
2019-10-23 12:36:49,530 [Thread-2342] INFO  impl.RaftServerImpl (RaftServerImpl.java:setRole(184)) - 279bca68-3e74-4690-81cf-da5ab79b92f7@group-AF49A4A4CA2A: changes role from  FOLLOWER to CANDIDATE at term 345 for changeToCandidate
2019-10-23 12:36:49,530 [Thread-2342] INFO  impl.RoleInfo (RoleInfo.java:updateAndGet(143)) - 279bca68-3e74-4690-81cf-da5ab79b92f7: start LeaderElection
2019-10-23 12:36:49,544 [279bca68-3e74-4690-81cf-da5ab79b92f7@group-AF49A4A4CA2A-LeaderElection320] INFO  impl.LeaderElection (LeaderElection.java:askForVotes(178)) - 279bca68-3e74-4690-81cf-da5ab79b92f7@group-AF49A4A4CA2A-LeaderElection320: begin an election at term 346 for -1: [daebe4f8-0ad9-4eb2-8ed7-3a8051847eb6:192.168.69.118:44860, 389d5540-641f-48c2-a9df-60738dbad976:192.168.69.118:45712, 279bca68-3e74-4690-81cf-da5ab79b92f7:192.168.69.118:45510], old=null
2019-10-23 12:36:49,546 [279bca68-3e74-4690-81cf-da5ab79b92f7@group-AF49A4A4CA2A-LeaderElection320] INFO  impl.LeaderElection (LeaderElection.java:logAndReturn(56)) - 279bca68-3e74-4690-81cf-da5ab79b92f7@group-AF49A4A4CA2A-LeaderElection320: Election TIMEOUT; received 0 response(s) [] and 0 exception(s); 279bca68-3e74-4690-81cf-da5ab79b92f7@group-AF49A4A4CA2A:t346, leader=null, voted=279bca68-3e74-4690-81cf-da5ab79b92f7, raftlog=279bca68-3e74-4690-81cf-da5ab79b92f7@group-AF49A4A4CA2A-SegmentedRaftLog:OPENED:c-1,f-1,i0, conf=-1: [daebe4f8-0ad9-4eb2-8ed7-3a8051847eb6:192.168.69.118:44860, 389d5540-641f-48c2-a9df-60738dbad976:192.168.69.118:45712, 279bca68-3e74-4690-81cf-da5ab79b92f7:192.168.69.118:45510], old=null
2019-10-23 12:36:49,546 [grpc-default-executor-3] INFO  impl.RaftServerImpl (RaftServerImpl.java:setRole(184)) - 389d5540-641f-48c2-a9df-60738dbad976@group-AF49A4A4CA2A: changes role from  FOLLOWER to FOLLOWER at term 346 for recognizeCandidate:279bca68-3e74-4690-81cf-da5ab79b92f7
2019-10-23 12:36:49,546 [grpc-default-executor-4] INFO  impl.RaftServerImpl (RaftServerImpl.java:setRole(184)) - daebe4f8-0ad9-4eb2-8ed7-3a8051847eb6@group-AF49A4A4CA2A: changes role from  FOLLOWER to FOLLOWER at term 346 for recognizeCandidate:279bca68-3e74-4690-81cf-da5ab79b92f7
2019-10-23 12:36:49,547 [grpc-default-executor-3] INFO  impl.RoleInfo (RoleInfo.java:shutdownFollowerState(121)) - 389d5540-641f-48c2-a9df-60738dbad976: shutdown FollowerState
2019-10-23 12:36:49,547 [grpc-default-executor-4] INFO  impl.RoleInfo (RoleInfo.java:shutdownFollowerState(121)) - daebe4f8-0ad9-4eb2-8ed7-3a8051847eb6: shutdown FollowerState
2019-10-23 12:36:49,547 [Thread-2341] INFO  impl.FollowerState (FollowerState.java:run(117)) - 389d5540-641f-48c2-a9df-60738dbad976@group-AF49A4A4CA2A-FollowerState was interrupted: java.lang.InterruptedException: sleep interrupted
2019-10-23 12:36:49,547 [grpc-default-executor-3] INFO  impl.RoleInfo (RoleInfo.java:updateAndGet(143)) - 389d5540-641f-48c2-a9df-60738dbad976: start FollowerState
2019-10-23 12:36:49,547 [Thread-2340] INFO  impl.FollowerState (FollowerState.java:run(117)) - daebe4f8-0ad9-4eb2-8ed7-3a8051847eb6@group-AF49A4A4CA2A-FollowerState was interrupted: java.lang.InterruptedException: sleep interrupted
2019-10-23 12:36:49,547 [grpc-default-executor-4] INFO  impl.RoleInfo (RoleInfo.java:updateAndGet(143)) - daebe4f8-0ad9-4eb2-8ed7-3a8051847eb6: start FollowerState
2019-10-23 12:36:49,559 [279bca68-3e74-4690-81cf-da5ab79b92f7@group-AF49A4A4CA2A-LeaderElection320] INFO  impl.LeaderElection (LeaderElection.java:askForVotes(178)) - 279bca68-3e74-4690-81cf-da5ab79b92f7@group-AF49A4A4CA2A-LeaderElection320: begin an election at term 347 for -1: [daebe4f8-0ad9-4eb2-8ed7-3a8051847eb6:192.168.69.118:44860, 389d5540-641f-48c2-a9df-60738dbad976:192.168.69.118:45712, 279bca68-3e74-4690-81cf-da5ab79b92f7:192.168.69.118:45510], old=null
2019-10-23 12:36:49,561 [grpc-default-executor-3] INFO  impl.RaftServerImpl (RaftServerImpl.java:setRole(184)) - daebe4f8-0ad9-4eb2-8ed7-3a8051847eb6@group-AF49A4A4CA2A: changes role from  FOLLOWER to FOLLOWER at term 347 for recognizeCandidate:279bca68-3e74-4690-81cf-da5ab79b92f7
2019-10-23 12:36:49,561 [grpc-default-executor-4] INFO  impl.RaftServerImpl (RaftServerImpl.java:setRole(184)) - 389d5540-641f-48c2-a9df-60738dbad976@group-AF49A4A4CA2A: changes role from  FOLLOWER to FOLLOWER at term 347 for recognizeCandidate:279bca68-3e74-4690-81cf-da5ab79b92f7
2019-10-23 12:36:49,561 [grpc-default-executor-3] INFO  impl.RoleInfo (RoleInfo.java:shutdownFollowerState(121)) - daebe4f8-0ad9-4eb2-8ed7-3a8051847eb6: shutdown FollowerState
2019-10-23 12:36:49,561 [grpc-default-executor-4] INFO  impl.RoleInfo (RoleInfo.java:shutdownFollowerState(121)) - 389d5540-641f-48c2-a9df-60738dbad976: shutdown FollowerState
2019-10-23 12:36:49,561 [Thread-2347] INFO  impl.FollowerState (FollowerState.java:run(117)) - daebe4f8-0ad9-4eb2-8ed7-3a8051847eb6@group-AF49A4A4CA2A-FollowerState was interrupted: java.lang.InterruptedException: sleep interrupted
2019-10-23 12:36:49,561 [Thread-2346] INFO  impl.FollowerState (FollowerState.java:run(117)) - 389d5540-641f-48c2-a9df-60738dbad976@group-AF49A4A4CA2A-FollowerState was interrupted: java.lang.InterruptedException: sleep interrupted
2019-10-23 12:36:49,561 [grpc-default-executor-3] INFO  impl.RoleInfo (RoleInfo.java:updateAndGet(143)) - daebe4f8-0ad9-4eb2-8ed7-3a8051847eb6: start FollowerState
2019-10-23 12:36:49,561 [grpc-default-executor-4] INFO  impl.RoleInfo (RoleInfo.java:updateAndGet(143)) - 389d5540-641f-48c2-a9df-60738dbad976: start FollowerState
2019-10-23 12:36:49,576 [279bca68-3e74-4690-81cf-da5ab79b92f7@group-AF49A4A4CA2A-LeaderElection320] INFO  impl.LeaderElection (LeaderElection.java:logAndReturn(56)) - 279bca68-3e74-4690-81cf-da5ab79b92f7@group-AF49A4A4CA2A-LeaderElection320: Election REJECTED; received 2 response(s) [279bca68-3e74-4690-81cf-da5ab79b92f7<-daebe4f8-0ad9-4eb2-8ed7-3a8051847eb6#0:FAIL-t347, 279bca68-3e74-4690-81cf-da5ab79b92f7<-389d5540-641f-48c2-a9df-60738dbad976#0:FAIL-t347] and 0 exception(s); 279bca68-3e74-4690-81cf-da5ab79b92f7@group-AF49A4A4CA2A:t347, leader=null, voted=279bca68-3e74-4690-81cf-da5ab79b92f7, raftlog=279bca68-3e74-4690-81cf-da5ab79b92f7@group-AF49A4A4CA2A-SegmentedRaftLog:OPENED:c-1,f-1,i0, conf=-1: [daebe4f8-0ad9-4eb2-8ed7-3a8051847eb6:192.168.69.118:44860, 389d5540-641f-48c2-a9df-60738dbad976:192.168.69.118:45712, 279bca68-3e74-4690-81cf-da5ab79b92f7:192.168.69.118:45510], old=null
2019-10-23 12:36:49,576 [279bca68-3e74-4690-81cf-da5ab79b92f7@group-AF49A4A4CA2A-LeaderElection320] INFO  impl.RaftServerImpl (RaftServerImpl.java:setRole(184)) - 279bca68-3e74-4690-81cf-da5ab79b92f7@group-AF49A4A4CA2A: changes role from CANDIDATE to FOLLOWER at term 347 for DISCOVERED_A_NEW_TERM
2019-10-23 12:36:49,576 [279bca68-3e74-4690-81cf-da5ab79b92f7@group-AF49A4A4CA2A-LeaderElection320] INFO  impl.RoleInfo (RoleInfo.java:shutdownLeaderElection(134)) - 279bca68-3e74-4690-81cf-da5ab79b92f7: shutdown LeaderElection
2019-10-23 12:36:49,576 [279bca68-3e74-4690-81cf-da5ab79b92f7@group-AF49A4A4CA2A-LeaderElection320] INFO  impl.RoleInfo (RoleInfo.java:updateAndGet(143)) - 279bca68-3e74-4690-81cf-da5ab79b92f7: start FollowerState
2019-10-23 12:36:49,626 [Thread-2352] INFO  impl.FollowerState (FollowerState.java:run(108)) - 279bca68-3e74-4690-81cf-da5ab79b92f7@group-AF49A4A4CA2A-FollowerState: change to CANDIDATE, lastRpcTime:49ms, electionTimeout:49ms
2019-10-23 12:36:49,626 [Thread-2352] INFO  impl.RoleInfo (RoleInfo.java:shutdownFollowerState(121)) - 279bca68-3e74-4690-81cf-da5ab79b92f7: shutdown FollowerState
2019-10-23 12:36:49,626 [Thread-2352] INFO  impl.RaftServerImpl (RaftServerImpl.java:setRole(184)) - 279bca68-3e74-4690-81cf-da5ab79b92f7@group-AF49A4A4CA2A: changes role from  FOLLOWER to CANDIDATE at term 347 for changeToCandidate
2019-10-23 12:36:49,626 [Thread-2352] INFO  impl.RoleInfo (RoleInfo.java:updateAndGet(143)) - 279bca68-3e74-4690-81cf-da5ab79b92f7: start LeaderElection
2019-10-23 12:36:49,639 [279bca68-3e74-4690-81cf-da5ab79b92f7@group-AF49A4A4CA2A-LeaderElection321] INFO  impl.LeaderElection (LeaderElection.java:askForVotes(178)) - 279bca68-3e74-4690-81cf-da5ab79b92f7@group-AF49A4A4CA2A-LeaderElection321: begin an election at term 348 for -1: [daebe4f8-0ad9-4eb2-8ed7-3a8051847eb6:192.168.69.118:44860, 389d5540-641f-48c2-a9df-60738dbad976:192.168.69.118:45712, 279bca68-3e74-4690-81cf-da5ab79b92f7:192.168.69.118:45510], old=null
2019-10-23 12:36:49,641 [grpc-default-executor-3] INFO  impl.RaftServerImpl (RaftServerImpl.java:setRole(184)) - daebe4f8-0ad9-4eb2-8ed7-3a8051847eb6@group-AF49A4A4CA2A: changes role from  FOLLOWER to FOLLOWER at term 348 for recognizeCandidate:279bca68-3e74-4690-81cf-da5ab79b92f7
2019-10-23 12:36:49,641 [grpc-default-executor-4] INFO  impl.RaftServerImpl (RaftServerImpl.java:setRole(184)) - 389d5540-641f-48c2-a9df-60738dbad976@group-AF49A4A4CA2A: changes role from  FOLLOWER to FOLLOWER at term 348 for recognizeCandidate:279bca68-3e74-4690-81cf-da5ab79b92f7
2019-10-23 12:36:49,641 [grpc-default-executor-4] INFO  impl.RoleInfo (RoleInfo.java:shutdownFollowerState(121)) - 389d5540-641f-48c2-a9df-60738dbad976: shutdown FollowerState
2019-10-23 12:36:49,641 [grpc-default-executor-3] INFO  impl.RoleInfo (RoleInfo.java:shutdownFollowerState(121)) - daebe4f8-0ad9-4eb2-8ed7-3a8051847eb6: shutdown FollowerState
2019-10-23 12:36:49,641 [Thread-2351] INFO  impl.FollowerState (FollowerState.java:run(117)) - 389d5540-641f-48c2-a9df-60738dbad976@group-AF49A4A4CA2A-FollowerState was interrupted: java.lang.InterruptedException: sleep interrupted
2019-10-23 12:36:49,641 [grpc-default-executor-4] INFO  impl.RoleInfo (RoleInfo.java:updateAndGet(143)) - 389d5540-641f-48c2-a9df-60738dbad976: start FollowerState
2019-10-23 12:36:49,641 [Thread-2350] INFO  impl.FollowerState (FollowerState.java:run(117)) - daebe4f8-0ad9-4eb2-8ed7-3a8051847eb6@group-AF49A4A4CA2A-FollowerState was interrupted: java.lang.InterruptedException: sleep interrupted
2019-10-23 12:36:49,641 [grpc-default-executor-3] INFO  impl.RoleInfo (RoleInfo.java:updateAndGet(143)) - daebe4f8-0ad9-4eb2-8ed7-3a8051847eb6: start FollowerState
2019-10-23 12:36:49,656 [279bca68-3e74-4690-81cf-da5ab79b92f7@group-AF49A4A4CA2A-LeaderElection321] INFO  impl.LeaderElection (LeaderElection.java:logAndReturn(56)) - 279bca68-3e74-4690-81cf-da5ab79b92f7@group-AF49A4A4CA2A-LeaderElection321: Election REJECTED; received 2 response(s) [279bca68-3e74-4690-81cf-da5ab79b92f7<-daebe4f8-0ad9-4eb2-8ed7-3a8051847eb6#0:FAIL-t348, 279bca68-3e74-4690-81cf-da5ab79b92f7<-389d5540-641f-48c2-a9df-60738dbad976#0:FAIL-t348] and 0 exception(s); 279bca68-3e74-4690-81cf-da5ab79b92f7@group-AF49A4A4CA2A:t348, leader=null, voted=279bca68-3e74-4690-81cf-da5ab79b92f7, raftlog=279bca68-3e74-4690-81cf-da5ab79b92f7@group-AF49A4A4CA2A-SegmentedRaftLog:OPENED:c-1,f-1,i0, conf=-1: [daebe4f8-0ad9-4eb2-8ed7-3a8051847eb6:192.168.69.118:44860, 389d5540-641f-48c2-a9df-60738dbad976:192.168.69.118:45712, 279bca68-3e74-4690-81cf-da5ab79b92f7:192.168.69.118:45510], old=null
2019-10-23 12:36:49,656 [279bca68-3e74-4690-81cf-da5ab79b92f7@group-AF49A4A4CA2A-LeaderElection321] INFO  impl.RaftServerImpl (RaftServerImpl.java:setRole(184)) - 279bca68-3e74-4690-81cf-da5ab79b92f7@group-AF49A4A4CA2A: changes role from CANDIDATE to FOLLOWER at term 348 for DISCOVERED_A_NEW_TERM
2019-10-23 12:36:49,656 [279bca68-3e74-4690-81cf-da5ab79b92f7@group-AF49A4A4CA2A-LeaderElection321] INFO  impl.RoleInfo (RoleInfo.java:shutdownLeaderElection(134)) - 279bca68-3e74-4690-81cf-da5ab79b92f7: shutdown LeaderElection
2019-10-23 12:36:49,656 [279bca68-3e74-4690-81cf-da5ab79b92f7@group-AF49A4A4CA2A-LeaderElection321] INFO  impl.RoleInfo (RoleInfo.java:updateAndGet(143)) - 279bca68-3e74-4690-81cf-da5ab79b92f7: start FollowerState
2019-10-23 12:36:49,670 [Thread-2360] INFO  impl.FollowerState (FollowerState.java:run(108)) - 279bca68-3e74-4690-81cf-da5ab79b92f7@group-AF49A4A4CA2A-FollowerState: change to CANDIDATE, lastRpcTime:14ms, electionTimeout:14ms
2019-10-23 12:36:49,670 [Thread-2360] INFO  impl.RoleInfo (RoleInfo.java:shutdownFollowerState(121)) - 279bca68-3e74-4690-81cf-da5ab79b92f7: shutdown FollowerState
2019-10-23 12:36:49,671 [Thread-2360] INFO  impl.RaftServerImpl (RaftServerImpl.java:setRole(184)) - 279bca68-3e74-4690-81cf-da5ab79b92f7@group-AF49A4A4CA2A: changes role from  FOLLOWER to CANDIDATE at term 348 for changeToCandidate
2019-10-23 12:36:49,671 [Thread-2360] INFO  impl.RoleInfo (RoleInfo.java:updateAndGet(143)) - 279bca68-3e74-4690-81cf-da5ab79b92f7: start LeaderElection
2019-10-23 12:36:49,684 [279bca68-3e74-4690-81cf-da5ab79b92f7@group-AF49A4A4CA2A-LeaderElection322] INFO  impl.LeaderElection (LeaderElection.java:askForVotes(178)) - 279bca68-3e74-4690-81cf-da5ab79b92f7@group-AF49A4A4CA2A-LeaderElection322: begin an election at term 349 for -1: [daebe4f8-0ad9-4eb2-8ed7-3a8051847eb6:192.168.69.118:44860, 389d5540-641f-48c2-a9df-60738dbad976:192.168.69.118:45712, 279bca68-3e74-4690-81cf-da5ab79b92f7:192.168.69.118:45510], old=null
2019-10-23 12:36:49,686 [grpc-default-executor-4] INFO  impl.RaftServerImpl (RaftServerImpl.java:setRole(184)) - daebe4f8-0ad9-4eb2-8ed7-3a8051847eb6@group-AF49A4A4CA2A: changes role from  FOLLOWER to FOLLOWER at term 349 for recognizeCandidate:279bca68-3e74-4690-81cf-da5ab79b92f7
2019-10-23 12:36:49,686 [grpc-default-executor-3] INFO  impl.RaftServerImpl (RaftServerImpl.java:setRole(184)) - 389d5540-641f-48c2-a9df-60738dbad976@group-AF49A4A4CA2A: changes role from  FOLLOWER to FOLLOWER at term 349 for recognizeCandidate:279bca68-3e74-4690-81cf-da5ab79b92f7
2019-10-23 12:36:49,686 [grpc-default-executor-4] INFO  impl.RoleInfo (RoleInfo.java:shutdownFollowerState(121)) - daebe4f8-0ad9-4eb2-8ed7-3a8051847eb6: shutdown FollowerState
2019-10-23 12:36:49,686 [grpc-default-executor-3] INFO  impl.RoleInfo (RoleInfo.java:shutdownFollowerState(121)) - 389d5540-641f-48c2-a9df-60738dbad976: shutdown FollowerState
2019-10-23 12:36:49,686 [Thread-2359] INFO  impl.FollowerState (FollowerState.java:run(117)) - daebe4f8-0ad9-4eb2-8ed7-3a8051847eb6@group-AF49A4A4CA2A-FollowerState was interrupted: java.lang.InterruptedException: sleep interrupted
2019-10-23 12:36:49,686 [grpc-default-executor-4] INFO  impl.RoleInfo (RoleInfo.java:updateAndGet(143)) - daebe4f8-0ad9-4eb2-8ed7-3a8051847eb6: start FollowerState
2019-10-23 12:36:49,686 [Thread-2358] INFO  impl.FollowerState (FollowerState.java:run(117)) - 389d5540-641f-48c2-a9df-60738dbad976@group-AF49A4A4CA2A-FollowerState was interrupted: java.lang.InterruptedException: sleep interrupted
2019-10-23 12:36:49,686 [grpc-default-executor-3] INFO  impl.RoleInfo (RoleInfo.java:updateAndGet(143)) - 389d5540-641f-48c2-a9df-60738dbad976: start FollowerState
2019-10-23 12:36:49,690 [279bca68-3e74-4690-81cf-da5ab79b92f7@group-AF49A4A4CA2A-LeaderElection322] INFO  impl.LeaderElection (LeaderElection.java:logAndReturn(56)) - 279bca68-3e74-4690-81cf-da5ab79b92f7@group-AF49A4A4CA2A-LeaderElection322: Election TIMEOUT; received 0 response(s) [] and 0 exception(s); 279bca68-3e74-4690-81cf-da5ab79b92f7@group-AF49A4A4CA2A:t349, leader=null, voted=279bca68-3e74-4690-81cf-da5ab79b92f7, raftlog=279bca68-3e74-4690-81cf-da5ab79b92f7@group-AF49A4A4CA2A-SegmentedRaftLog:OPENED:c-1,f-1,i0, conf=-1: [daebe4f8-0ad9-4eb2-8ed7-3a8051847eb6:192.168.69.118:44860, 389d5540-641f-48c2-a9df-60738dbad976:192.168.69.118:45712, 279bca68-3e74-4690-81cf-da5ab79b92f7:192.168.69.118:45510], old=null
2019-10-23 12:36:49,699 [279bca68-3e74-4690-81cf-da5ab79b92f7@group-AF49A4A4CA2A-LeaderElection322] INFO  impl.LeaderElection (LeaderElection.java:askForVotes(178)) - 279bca68-3e74-4690-81cf-da5ab79b92f7@group-AF49A4A4CA2A-LeaderElection322: begin an election at term 350 for -1: [daebe4f8-0ad9-4eb2-8ed7-3a8051847eb6:192.168.69.118:44860, 389d5540-641f-48c2-a9df-60738dbad976:192.168.69.118:45712, 279bca68-3e74-4690-81cf-da5ab79b92f7:192.168.69.118:45510], old=null
2019-10-23 12:36:49,700 [grpc-default-executor-3] INFO  impl.RaftServerImpl (RaftServerImpl.java:setRole(184)) - daebe4f8-0ad9-4eb2-8ed7-3a8051847eb6@group-AF49A4A4CA2A: changes role from  FOLLOWER to FOLLOWER at term 350 for recognizeCandidate:279bca68-3e74-4690-81cf-da5ab79b92f7
2019-10-23 12:36:49,700 [grpc-default-executor-3] INFO  impl.RoleInfo (RoleInfo.java:shutdownFollowerState(121)) - daebe4f8-0ad9-4eb2-8ed7-3a8051847eb6: shutdown FollowerState
2019-10-23 12:36:49,701 [grpc-default-executor-4] INFO  impl.RaftServerImpl (RaftServerImpl.java:setRole(184)) - 389d5540-641f-48c2-a9df-60738dbad976@group-AF49A4A4CA2A: changes role from  FOLLOWER to FOLLOWER at term 350 for recognizeCandidate:279bca68-3e74-4690-81cf-da5ab79b92f7
2019-10-23 12:36:49,701 [grpc-default-executor-4] INFO  impl.RoleInfo (RoleInfo.java:shutdownFollowerState(121)) - 389d5540-641f-48c2-a9df-60738dbad976: shutdown FollowerState
2019-10-23 12:36:49,701 [Thread-2364] INFO  impl.FollowerState (FollowerState.java:run(117)) - daebe4f8-0ad9-4eb2-8ed7-3a8051847eb6@group-AF49A4A4CA2A-FollowerState was interrupted: java.lang.InterruptedException: sleep interrupted
2019-10-23 12:36:49,701 [Thread-2365] INFO  impl.FollowerState (FollowerState.java:run(117)) - 389d5540-641f-48c2-a9df-60738dbad976@group-AF49A4A4CA2A-FollowerState was interrupted: java.lang.InterruptedException: sleep interrupted
2019-10-23 12:36:49,701 [grpc-default-executor-3] INFO  impl.RoleInfo (RoleInfo.java:updateAndGet(143)) - daebe4f8-0ad9-4eb2-8ed7-3a8051847eb6: start FollowerState
2019-10-23 12:36:49,701 [grpc-default-executor-4] INFO  impl.RoleInfo (RoleInfo.java:updateAndGet(143)) - 389d5540-641f-48c2-a9df-60738dbad976: start FollowerState
2019-10-23 12:36:49,715 [279bca68-3e74-4690-81cf-da5ab79b92f7@group-AF49A4A4CA2A-LeaderElection322] INFO  impl.LeaderElection (LeaderElection.java:logAndReturn(56)) - 279bca68-3e74-4690-81cf-da5ab79b92f7@group-AF49A4A4CA2A-LeaderElection322: Election REJECTED; received 2 response(s) [279bca68-3e74-4690-81cf-da5ab79b92f7<-daebe4f8-0ad9-4eb2-8ed7-3a8051847eb6#0:FAIL-t350, 279bca68-3e74-4690-81cf-da5ab79b92f7<-389d5540-641f-48c2-a9df-60738dbad976#0:FAIL-t350] and 0 exception(s); 279bca68-3e74-4690-81cf-da5ab79b92f7@group-AF49A4A4CA2A:t350, leader=null, voted=279bca68-3e74-4690-81cf-da5ab79b92f7, raftlog=279bca68-3e74-4690-81cf-da5ab79b92f7@group-AF49A4A4CA2A-SegmentedRaftLog:OPENED:c-1,f-1,i0, conf=-1: [daebe4f8-0ad9-4eb2-8ed7-3a8051847eb6:192.168.69.118:44860, 389d5540-641f-48c2-a9df-60738dbad976:192.168.69.118:45712, 279bca68-3e74-4690-81cf-da5ab79b92f7:192.168.69.118:45510], old=null
2019-10-23 12:36:49,715 [279bca68-3e74-4690-81cf-da5ab79b92f7@group-AF49A4A4CA2A-LeaderElection322] INFO  impl.RaftServerImpl (RaftServerImpl.java:setRole(184)) - 279bca68-3e74-4690-81cf-da5ab79b92f7@group-AF49A4A4CA2A: changes role from CANDIDATE to FOLLOWER at term 350 for DISCOVERED_A_NEW_TERM
2019-10-23 12:36:49,715 [279bca68-3e74-4690-81cf-da5ab79b92f7@group-AF49A4A4CA2A-LeaderElection322] INFO  impl.RoleInfo (RoleInfo.java:shutdownLeaderElection(134)) - 279bca68-3e74-4690-81cf-da5ab79b92f7: shutdown LeaderElection
2019-10-23 12:36:49,715 [279bca68-3e74-4690-81cf-da5ab79b92f7@group-AF49A4A4CA2A-LeaderElection322] INFO  impl.RoleInfo (RoleInfo.java:updateAndGet(143)) - 279bca68-3e74-4690-81cf-da5ab79b92f7: start FollowerState
2019-10-23 12:36:49,894 [Thread-2370] INFO  impl.FollowerState (FollowerState.java:run(108)) - 279bca68-3e74-4690-81cf-da5ab79b92f7@group-AF49A4A4CA2A-FollowerState: change to CANDIDATE, lastRpcTime:179ms, electionTimeout:179ms
2019-10-23 12:36:49,895 [Thread-2370] INFO  impl.RoleInfo (RoleInfo.java:shutdownFollowerState(121)) - 279bca68-3e74-4690-81cf-da5ab79b92f7: shutdown FollowerState
2019-10-23 12:36:49,895 [Thread-2370] INFO  impl.RaftServerImpl (RaftServerImpl.java:setRole(184)) - 279bca68-3e74-4690-81cf-da5ab79b92f7@group-AF49A4A4CA2A: changes role from  FOLLOWER to CANDIDATE at term 350 for changeToCandidate
2019-10-23 12:36:49,895 [Thread-2370] INFO  impl.RoleInfo (RoleInfo.java:updateAndGet(143)) - 279bca68-3e74-4690-81cf-da5ab79b92f7: start LeaderElection
2019-10-23 12:36:49,921 [279bca68-3e74-4690-81cf-da5ab79b92f7@group-AF49A4A4CA2A-LeaderElection323] INFO  impl.LeaderElection (LeaderElection.java:askForVotes(178)) - 279bca68-3e74-4690-81cf-da5ab79b92f7@group-AF49A4A4CA2A-LeaderElection323: begin an election at term 351 for -1: [daebe4f8-0ad9-4eb2-8ed7-3a8051847eb6:192.168.69.118:44860, 389d5540-641f-48c2-a9df-60738dbad976:192.168.69.118:45712, 279bca68-3e74-4690-81cf-da5ab79b92f7:192.168.69.118:45510], old=null
2019-10-23 12:36:49,923 [grpc-default-executor-3] INFO  impl.RaftServerImpl (RaftServerImpl.java:setRole(184)) - daebe4f8-0ad9-4eb2-8ed7-3a8051847eb6@group-AF49A4A4CA2A: changes role from  FOLLOWER to FOLLOWER at term 351 for recognizeCandidate:279bca68-3e74-4690-81cf-da5ab79b92f7
2019-10-23 12:36:49,924 [grpc-default-executor-3] INFO  impl.RoleInfo (RoleInfo.java:shutdownFollowerState(121)) - daebe4f8-0ad9-4eb2-8ed7-3a8051847eb6: shutdown FollowerState
2019-10-23 12:36:49,924 [grpc-default-executor-4] INFO  impl.RaftServerImpl (RaftServerImpl.java:setRole(184)) - 389d5540-641f-48c2-a9df-60738dbad976@group-AF49A4A4CA2A: changes role from  FOLLOWER to FOLLOWER at term 351 for recognizeCandidate:279bca68-3e74-4690-81cf-da5ab79b92f7
2019-10-23 12:36:49,924 [grpc-default-executor-4] INFO  impl.RoleInfo (RoleInfo.java:shutdownFollowerState(121)) - 389d5540-641f-48c2-a9df-60738dbad976: shutdown FollowerState
2019-10-23 12:36:49,924 [Thread-2368] INFO  impl.FollowerState (FollowerState.java:run(117)) - daebe4f8-0ad9-4eb2-8ed7-3a8051847eb6@group-AF49A4A4CA2A-FollowerState was interrupted: java.lang.InterruptedException: sleep interrupted
2019-10-23 12:36:49,924 [grpc-default-executor-3] INFO  impl.RoleInfo (RoleInfo.java:updateAndGet(143)) - daebe4f8-0ad9-4eb2-8ed7-3a8051847eb6: start FollowerState
2019-10-23 12:36:49,924 [Thread-2369] INFO  impl.FollowerState (FollowerState.java:run(117)) - 389d5540-641f-48c2-a9df-60738dbad976@group-AF49A4A4CA2A-FollowerState was interrupted: java.lang.InterruptedException: sleep interrupted
2019-10-23 12:36:49,924 [grpc-default-executor-4] INFO  impl.RoleInfo (RoleInfo.java:updateAndGet(143)) - 389d5540-641f-48c2-a9df-60738dbad976: start FollowerState
2019-10-23 12:36:49,939 [279bca68-3e74-4690-81cf-da5ab79b92f7@group-AF49A4A4CA2A-LeaderElection323] INFO  impl.LeaderElection (LeaderElection.java:logAndReturn(56)) - 279bca68-3e74-4690-81cf-da5ab79b92f7@group-AF49A4A4CA2A-LeaderElection323: Election REJECTED; received 2 response(s) [279bca68-3e74-4690-81cf-da5ab79b92f7<-daebe4f8-0ad9-4eb2-8ed7-3a8051847eb6#0:FAIL-t351, 279bca68-3e74-4690-81cf-da5ab79b92f7<-389d5540-641f-48c2-a9df-60738dbad976#0:FAIL-t351] and 0 exception(s); 279bca68-3e74-4690-81cf-da5ab79b92f7@group-AF49A4A4CA2A:t351, leader=null, voted=279bca68-3e74-4690-81cf-da5ab79b92f7, raftlog=279bca68-3e74-4690-81cf-da5ab79b92f7@group-AF49A4A4CA2A-SegmentedRaftLog:OPENED:c-1,f-1,i0, conf=-1: [daebe4f8-0ad9-4eb2-8ed7-3a8051847eb6:192.168.69.118:44860, 389d5540-641f-48c2-a9df-60738dbad976:192.168.69.118:45712, 279bca68-3e74-4690-81cf-da5ab79b92f7:192.168.69.118:45510], old=null
2019-10-23 12:36:49,939 [279bca68-3e74-4690-81cf-da5ab79b92f7@group-AF49A4A4CA2A-LeaderElection323] INFO  impl.RaftServerImpl (RaftServerImpl.java:setRole(184)) - 279bca68-3e74-4690-81cf-da5ab79b92f7@group-AF49A4A4CA2A: changes role from CANDIDATE to FOLLOWER at term 351 for DISCOVERED_A_NEW_TERM
2019-10-23 12:36:49,939 [279bca68-3e74-4690-81cf-da5ab79b92f7@group-AF49A4A4CA2A-LeaderElection323] INFO  impl.RoleInfo (RoleInfo.java:shutdownLeaderElection(134)) - 279bca68-3e74-4690-81cf-da5ab79b92f7: shutdown LeaderElection
2019-10-23 12:36:49,939 [279bca68-3e74-4690-81cf-da5ab79b92f7@group-AF49A4A4CA2A-LeaderElection323] INFO  impl.RoleInfo (RoleInfo.java:updateAndGet(143)) - 279bca68-3e74-4690-81cf-da5ab79b92f7: start FollowerState
2019-10-23 12:36:50,031 [Thread-2376] INFO  impl.FollowerState (FollowerState.java:run(108)) - 279bca68-3e74-4690-81cf-da5ab79b92f7@group-AF49A4A4CA2A-FollowerState: change to CANDIDATE, lastRpcTime:92ms, electionTimeout:92ms
2019-10-23 12:36:50,032 [Thread-2376] INFO  impl.RoleInfo (RoleInfo.java:shutdownFollowerState(121)) - 279bca68-3e74-4690-81cf-da5ab79b92f7: shutdown FollowerState
2019-10-23 12:36:50,032 [Thread-2376] INFO  impl.RaftServerImpl (RaftServerImpl.java:setRole(184)) - 279bca68-3e74-4690-81cf-da5ab79b92f7@group-AF49A4A4CA2A: changes role from  FOLLOWER to CANDIDATE at term 351 for changeToCandidate
2019-10-23 12:36:50,032 [Thread-2376] INFO  impl.RoleInfo (RoleInfo.java:updateAndGet(143)) - 279bca68-3e74-4690-81cf-da5ab79b92f7: start LeaderElection
2019-10-23 12:36:50,058 [279bca68-3e74-4690-81cf-da5ab79b92f7@group-AF49A4A4CA2A-LeaderElection324] INFO  impl.LeaderElection (LeaderElection.java:askForVotes(178)) - 279bca68-3e74-4690-81cf-da5ab79b92f7@group-AF49A4A4CA2A-LeaderElection324: begin an election at term 352 for -1: [daebe4f8-0ad9-4eb2-8ed7-3a8051847eb6:192.168.69.118:44860, 389d5540-641f-48c2-a9df-60738dbad976:192.168.69.118:45712, 279bca68-3e74-4690-81cf-da5ab79b92f7:192.168.69.118:45510], old=null
2019-10-23 12:36:50,060 [grpc-default-executor-3] INFO  impl.RaftServerImpl (RaftServerImpl.java:setRole(184)) - daebe4f8-0ad9-4eb2-8ed7-3a8051847eb6@group-AF49A4A4CA2A: changes role from  FOLLOWER to FOLLOWER at term 352 for recognizeCandidate:279bca68-3e74-4690-81cf-da5ab79b92f7
2019-10-23 12:36:50,060 [grpc-default-executor-4] INFO  impl.RaftServerImpl (RaftServerImpl.java:setRole(184)) - 389d5540-641f-48c2-a9df-60738dbad976@group-AF49A4A4CA2A: changes role from  FOLLOWER to FOLLOWER at term 352 for recognizeCandidate:279bca68-3e74-4690-81cf-da5ab79b92f7
2019-10-23 12:36:50,061 [grpc-default-executor-3] INFO  impl.RoleInfo (RoleInfo.java:shutdownFollowerState(121)) - daebe4f8-0ad9-4eb2-8ed7-3a8051847eb6: shutdown FollowerState
2019-10-23 12:36:50,061 [grpc-default-executor-4] INFO  impl.RoleInfo (RoleInfo.java:shutdownFollowerState(121)) - 389d5540-641f-48c2-a9df-60738dbad976: shutdown FollowerState
2019-10-23 12:36:50,061 [Thread-2374] INFO  impl.FollowerState (FollowerState.java:run(117)) - daebe4f8-0ad9-4eb2-8ed7-3a8051847eb6@group-AF49A4A4CA2A-FollowerState was interrupted: java.lang.InterruptedException: sleep interrupted
2019-10-23 12:36:50,061 [grpc-default-executor-3] INFO  impl.RoleInfo (RoleInfo.java:updateAndGet(143)) - daebe4f8-0ad9-4eb2-8ed7-3a8051847eb6: start FollowerState
2019-10-23 12:36:50,061 [Thread-2375] INFO  impl.FollowerState (FollowerState.java:run(117)) - 389d5540-641f-48c2-a9df-60738dbad976@group-AF49A4A4CA2A-FollowerState was interrupted: java.lang.InterruptedException: sleep interrupted
2019-10-23 12:36:50,061 [grpc-default-executor-4] INFO  impl.RoleInfo (RoleInfo.java:updateAndGet(143)) - 389d5540-641f-48c2-a9df-60738dbad976: start FollowerState
2019-10-23 12:36:50,088 [279bca68-3e74-4690-81cf-da5ab79b92f7@group-AF49A4A4CA2A-LeaderElection324] INFO  impl.LeaderElection (LeaderElection.java:logAndReturn(56)) - 279bca68-3e74-4690-81cf-da5ab79b92f7@group-AF49A4A4CA2A-LeaderElection324: Election REJECTED; received 2 response(s) [279bca68-3e74-4690-81cf-da5ab79b92f7<-daebe4f8-0ad9-4eb2-8ed7-3a8051847eb6#0:FAIL-t352, 279bca68-3e74-4690-81cf-da5ab79b92f7<-389d5540-641f-48c2-a9df-60738dbad976#0:FAIL-t352] and 0 exception(s); 279bca68-3e74-4690-81cf-da5ab79b92f7@group-AF49A4A4CA2A:t352, leader=null, voted=279bca68-3e74-4690-81cf-da5ab79b92f7, raftlog=279bca68-3e74-4690-81cf-da5ab79b92f7@group-AF49A4A4CA2A-SegmentedRaftLog:OPENED:c-1,f-1,i0, conf=-1: [daebe4f8-0ad9-4eb2-8ed7-3a8051847eb6:192.168.69.118:44860, 389d5540-641f-48c2-a9df-60738dbad976:192.168.69.118:45712, 279bca68-3e74-4690-81cf-da5ab79b92f7:192.168.69.118:45510], old=null
2019-10-23 12:36:50,088 [279bca68-3e74-4690-81cf-da5ab79b92f7@group-AF49A4A4CA2A-LeaderElection324] INFO  impl.RaftServerImpl (RaftServerImpl.java:setRole(184)) - 279bca68-3e74-4690-81cf-da5ab79b92f7@group-AF49A4A4CA2A: changes role from CANDIDATE to FOLLOWER at term 352 for DISCOVERED_A_NEW_TERM
2019-10-23 12:36:50,088 [279bca68-3e74-4690-81cf-da5ab79b92f7@group-AF49A4A4CA2A-LeaderElection324] INFO  impl.RoleInfo (RoleInfo.java:shutdownLeaderElection(134)) - 279bca68-3e74-4690-81cf-da5ab79b92f7: shutdown LeaderElection
2019-10-23 12:36:50,088 [279bca68-3e74-4690-81cf-da5ab79b92f7@group-AF49A4A4CA2A-LeaderElection324] INFO  impl.RoleInfo (RoleInfo.java:updateAndGet(143)) - 279bca68-3e74-4690-81cf-da5ab79b92f7: start FollowerState
2019-10-23 12:36:50,220 [Thread-2382] INFO  impl.FollowerState (FollowerState.java:run(108)) - 279bca68-3e74-4690-81cf-da5ab79b92f7@group-AF49A4A4CA2A-FollowerState: change to CANDIDATE, lastRpcTime:131ms, electionTimeout:131ms
2019-10-23 12:36:50,220 [Thread-2382] INFO  impl.RoleInfo (RoleInfo.java:shutdownFollowerState(121)) - 279bca68-3e74-4690-81cf-da5ab79b92f7: shutdown FollowerState
2019-10-23 12:36:50,220 [Thread-2382] INFO  impl.RaftServerImpl (RaftServerImpl.java:setRole(184)) - 279bca68-3e74-4690-81cf-da5ab79b92f7@group-AF49A4A4CA2A: changes role from  FOLLOWER to CANDIDATE at term 352 for changeToCandidate
2019-10-23 12:36:50,220 [Thread-2382] INFO  impl.RoleInfo (RoleInfo.java:updateAndGet(143)) - 279bca68-3e74-4690-81cf-da5ab79b92f7: start LeaderElection
2019-10-23 12:36:50,234 [279bca68-3e74-4690-81cf-da5ab79b92f7@group-AF49A4A4CA2A-LeaderElection325] INFO  impl.LeaderElection (LeaderElection.java:askForVotes(178)) - 279bca68-3e74-4690-81cf-da5ab79b92f7@group-AF49A4A4CA2A-LeaderElection325: begin an election at term 353 for -1: [daebe4f8-0ad9-4eb2-8ed7-3a8051847eb6:192.168.69.118:44860, 389d5540-641f-48c2-a9df-60738dbad976:192.168.69.118:45712, 279bca68-3e74-4690-81cf-da5ab79b92f7:192.168.69.118:45510], old=null
2019-10-23 12:36:50,235 [grpc-default-executor-4] INFO  impl.RaftServerImpl (RaftServerImpl.java:setRole(184)) - daebe4f8-0ad9-4eb2-8ed7-3a8051847eb6@group-AF49A4A4CA2A: changes role from  FOLLOWER to FOLLOWER at term 353 for recognizeCandidate:279bca68-3e74-4690-81cf-da5ab79b92f7
2019-10-23 12:36:50,236 [grpc-default-executor-3] INFO  impl.RaftServerImpl (RaftServerImpl.java:setRole(184)) - 389d5540-641f-48c2-a9df-60738dbad976@group-AF49A4A4CA2A: changes role from  FOLLOWER to FOLLOWER at term 353 for recognizeCandidate:279bca68-3e74-4690-81cf-da5ab79b92f7
2019-10-23 12:36:50,236 [grpc-default-executor-3] INFO  impl.RoleInfo (RoleInfo.java:shutdownFollowerState(121)) - 389d5540-641f-48c2-a9df-60738dbad976: shutdown FollowerState
2019-10-23 12:36:50,236 [grpc-default-executor-4] INFO  impl.RoleInfo (RoleInfo.java:shutdownFollowerState(121)) - daebe4f8-0ad9-4eb2-8ed7-3a8051847eb6: shutdown FollowerState
2019-10-23 12:36:50,236 [Thread-2381] INFO  impl.FollowerState (FollowerState.java:run(117)) - 389d5540-641f-48c2-a9df-60738dbad976@group-AF49A4A4CA2A-FollowerState was interrupted: java.lang.InterruptedException: sleep interrupted
2019-10-23 12:36:50,236 [grpc-default-executor-3] INFO  impl.RoleInfo (RoleInfo.java:updateAndGet(143)) - 389d5540-641f-48c2-a9df-60738dbad976: start FollowerState
2019-10-23 12:36:50,236 [Thread-2380] INFO  impl.FollowerState (FollowerState.java:run(117)) - daebe4f8-0ad9-4eb2-8ed7-3a8051847eb6@group-AF49A4A4CA2A-FollowerState was interrupted: java.lang.InterruptedException: sleep interrupted
2019-10-23 12:36:50,236 [grpc-default-executor-4] INFO  impl.RoleInfo (RoleInfo.java:updateAndGet(143)) - daebe4f8-0ad9-4eb2-8ed7-3a8051847eb6: start FollowerState
2019-10-23 12:36:50,251 [279bca68-3e74-4690-81cf-da5ab79b92f7@group-AF49A4A4CA2A-LeaderElection325] INFO  impl.LeaderElection (LeaderElection.java:logAndReturn(56)) - 279bca68-3e74-4690-81cf-da5ab79b92f7@group-AF49A4A4CA2A-LeaderElection325: Election REJECTED; received 2 response(s) [279bca68-3e74-4690-81cf-da5ab79b92f7<-daebe4f8-0ad9-4eb2-8ed7-3a8051847eb6#0:FAIL-t353, 279bca68-3e74-4690-81cf-da5ab79b92f7<-389d5540-641f-48c2-a9df-60738dbad976#0:FAIL-t353] and 0 exception(s); 279bca68-3e74-4690-81cf-da5ab79b92f7@group-AF49A4A4CA2A:t353, leader=null, voted=279bca68-3e74-4690-81cf-da5ab79b92f7, raftlog=279bca68-3e74-4690-81cf-da5ab79b92f7@group-AF49A4A4CA2A-SegmentedRaftLog:OPENED:c-1,f-1,i0, conf=-1: [daebe4f8-0ad9-4eb2-8ed7-3a8051847eb6:192.168.69.118:44860, 389d5540-641f-48c2-a9df-60738dbad976:192.168.69.118:45712, 279bca68-3e74-4690-81cf-da5ab79b92f7:192.168.69.118:45510], old=null
2019-10-23 12:36:50,251 [279bca68-3e74-4690-81cf-da5ab79b92f7@group-AF49A4A4CA2A-LeaderElection325] INFO  impl.RaftServerImpl (RaftServerImpl.java:setRole(184)) - 279bca68-3e74-4690-81cf-da5ab79b92f7@group-AF49A4A4CA2A: changes role from CANDIDATE to FOLLOWER at term 353 for DISCOVERED_A_NEW_TERM
2019-10-23 12:36:50,251 [279bca68-3e74-4690-81cf-da5ab79b92f7@group-AF49A4A4CA2A-LeaderElection325] INFO  impl.RoleInfo (RoleInfo.java:shutdownLeaderElection(134)) - 279bca68-3e74-4690-81cf-da5ab79b92f7: shutdown LeaderElection
2019-10-23 12:36:50,252 [279bca68-3e74-4690-81cf-da5ab79b92f7@group-AF49A4A4CA2A-LeaderElection325] INFO  impl.RoleInfo (RoleInfo.java:updateAndGet(143)) - 279bca68-3e74-4690-81cf-da5ab79b92f7: start FollowerState
2019-10-23 12:36:50,355 [Thread-2388] INFO  impl.FollowerState (FollowerState.java:run(108)) - 279bca68-3e74-4690-81cf-da5ab79b92f7@group-AF49A4A4CA2A-FollowerState: change to CANDIDATE, lastRpcTime:103ms, electionTimeout:103ms
2019-10-23 12:36:50,355 [Thread-2388] INFO  impl.RoleInfo (RoleInfo.java:shutdownFollowerState(121)) - 279bca68-3e74-4690-81cf-da5ab79b92f7: shutdown FollowerState
2019-10-23 12:36:50,355 [Thread-2388] INFO  impl.RaftServerImpl (RaftServerImpl.java:setRole(184)) - 279bca68-3e74-4690-81cf-da5ab79b92f7@group-AF49A4A4CA2A: changes role from  FOLLOWER to CANDIDATE at term 353 for changeToCandidate
2019-10-23 12:36:50,355 [Thread-2388] INFO  impl.RoleInfo (RoleInfo.java:updateAndGet(143)) - 279bca68-3e74-4690-81cf-da5ab79b92f7: start LeaderElection
2019-10-23 12:36:50,369 [279bca68-3e74-4690-81cf-da5ab79b92f7@group-AF49A4A4CA2A-LeaderElection326] INFO  impl.LeaderElection (LeaderElection.java:askForVotes(178)) - 279bca68-3e74-4690-81cf-da5ab79b92f7@group-AF49A4A4CA2A-LeaderElection326: begin an election at term 354 for -1: [daebe4f8-0ad9-4eb2-8ed7-3a8051847eb6:192.168.69.118:44860, 389d5540-641f-48c2-a9df-60738dbad976:192.168.69.118:45712, 279bca68-3e74-4690-81cf-da5ab79b92f7:192.168.69.118:45510], old=null
2019-10-23 12:36:50,371 [grpc-default-executor-3] INFO  impl.RaftServerImpl (RaftServerImpl.java:setRole(184)) - daebe4f8-0ad9-4eb2-8ed7-3a8051847eb6@group-AF49A4A4CA2A: changes role from  FOLLOWER to FOLLOWER at term 354 for recognizeCandidate:279bca68-3e74-4690-81cf-da5ab79b92f7
2019-10-23 12:36:50,371 [grpc-default-executor-3] INFO  impl.RoleInfo (RoleInfo.java:shutdownFollowerState(121)) - daebe4f8-0ad9-4eb2-8ed7-3a8051847eb6: shutdown FollowerState
2019-10-23 12:36:50,371 [grpc-default-executor-4] INFO  impl.RaftServerImpl (RaftServerImpl.java:setRole(184)) - 389d5540-641f-48c2-a9df-60738dbad976@group-AF49A4A4CA2A: changes role from  FOLLOWER to FOLLOWER at term 354 for recognizeCandidate:279bca68-3e74-4690-81cf-da5ab79b92f7
2019-10-23 12:36:50,372 [grpc-default-executor-4] INFO  impl.RoleInfo (RoleInfo.java:shutdownFollowerState(121)) - 389d5540-641f-48c2-a9df-60738dbad976: shutdown FollowerState
2019-10-23 12:36:50,371 [Thread-2387] INFO  impl.FollowerState (FollowerState.java:run(117)) - daebe4f8-0ad9-4eb2-8ed7-3a8051847eb6@group-AF49A4A4CA2A-FollowerState was interrupted: java.lang.InterruptedException: sleep interrupted
2019-10-23 12:36:50,372 [Thread-2386] INFO  impl.FollowerState (FollowerState.java:run(117)) - 389d5540-641f-48c2-a9df-60738dbad976@group-AF49A4A4CA2A-FollowerState was interrupted: java.lang.InterruptedException: sleep interrupted
2019-10-23 12:36:50,371 [grpc-default-executor-3] INFO  impl.RoleInfo (RoleInfo.java:updateAndGet(143)) - daebe4f8-0ad9-4eb2-8ed7-3a8051847eb6: start FollowerState
2019-10-23 12:36:50,372 [grpc-default-executor-4] INFO  impl.RoleInfo (RoleInfo.java:updateAndGet(143)) - 389d5540-641f-48c2-a9df-60738dbad976: start FollowerState
2019-10-23 12:36:50,387 [279bca68-3e74-4690-81cf-da5ab79b92f7@group-AF49A4A4CA2A-LeaderElection326] INFO  impl.LeaderElection (LeaderElection.java:logAndReturn(56)) - 279bca68-3e74-4690-81cf-da5ab79b92f7@group-AF49A4A4CA2A-LeaderElection326: Election REJECTED; received 2 response(s) [279bca68-3e74-4690-81cf-da5ab79b92f7<-daebe4f8-0ad9-4eb2-8ed7-3a8051847eb6#0:FAIL-t354, 279bca68-3e74-4690-81cf-da5ab79b92f7<-389d5540-641f-48c2-a9df-60738dbad976#0:FAIL-t354] and 0 exception(s); 279bca68-3e74-4690-81cf-da5ab79b92f7@group-AF49A4A4CA2A:t354, leader=null, voted=279bca68-3e74-4690-81cf-da5ab79b92f7, raftlog=279bca68-3e74-4690-81cf-da5ab79b92f7@group-AF49A4A4CA2A-SegmentedRaftLog:OPENED:c-1,f-1,i0, conf=-1: [daebe4f8-0ad9-4eb2-8ed7-3a8051847eb6:192.168.69.118:44860, 389d5540-641f-48c2-a9df-60738dbad976:192.168.69.118:45712, 279bca68-3e74-4690-81cf-da5ab79b92f7:192.168.69.118:45510], old=null
2019-10-23 12:36:50,387 [279bca68-3e74-4690-81cf-da5ab79b92f7@group-AF49A4A4CA2A-LeaderElection326] INFO  impl.RaftServerImpl (RaftServerImpl.java:setRole(184)) - 279bca68-3e74-4690-81cf-da5ab79b92f7@group-AF49A4A4CA2A: changes role from CANDIDATE to FOLLOWER at term 354 for DISCOVERED_A_NEW_TERM
2019-10-23 12:36:50,387 [279bca68-3e74-4690-81cf-da5ab79b92f7@group-AF49A4A4CA2A-LeaderElection326] INFO  impl.RoleInfo (RoleInfo.java:shutdownLeaderElection(134)) - 279bca68-3e74-4690-81cf-da5ab79b92f7: shutdown LeaderElection
2019-10-23 12:36:50,387 [279bca68-3e74-4690-81cf-da5ab79b92f7@group-AF49A4A4CA2A-LeaderElection326] INFO  impl.RoleInfo (RoleInfo.java:updateAndGet(143)) - 279bca68-3e74-4690-81cf-da5ab79b92f7: start FollowerState
2019-10-23 12:36:50,477 [Thread-2394] INFO  impl.FollowerState (FollowerState.java:run(108)) - 279bca68-3e74-4690-81cf-da5ab79b92f7@group-AF49A4A4CA2A-FollowerState: change to CANDIDATE, lastRpcTime:89ms, electionTimeout:89ms
2019-10-23 12:36:50,477 [Thread-2394] INFO  impl.RoleInfo (RoleInfo.java:shutdownFollowerState(121)) - 279bca68-3e74-4690-81cf-da5ab79b92f7: shutdown FollowerState
2019-10-23 12:36:50,477 [Thread-2394] INFO  impl.RaftServerImpl (RaftServerImpl.java:setRole(184)) - 279bca68-3e74-4690-81cf-da5ab79b92f7@group-AF49A4A4CA2A: changes role from  FOLLOWER to CANDIDATE at term 354 for changeToCandidate
2019-10-23 12:36:50,477 [Thread-2394] INFO  impl.RoleInfo (RoleInfo.java:updateAndGet(143)) - 279bca68-3e74-4690-81cf-da5ab79b92f7: start LeaderElection
2019-10-23 12:36:50,499 [279bca68-3e74-4690-81cf-da5ab79b92f7@group-AF49A4A4CA2A-LeaderElection327] INFO  impl.LeaderElection (LeaderElection.java:askForVotes(178)) - 279bca68-3e74-4690-81cf-da5ab79b92f7@group-AF49A4A4CA2A-LeaderElection327: begin an election at term 355 for -1: [daebe4f8-0ad9-4eb2-8ed7-3a8051847eb6:192.168.69.118:44860, 389d5540-641f-48c2-a9df-60738dbad976:192.168.69.118:45712, 279bca68-3e74-4690-81cf-da5ab79b92f7:192.168.69.118:45510], old=null
2019-10-23 12:36:50,501 [grpc-default-executor-4] INFO  impl.RaftServerImpl (RaftServerImpl.java:setRole(184)) - daebe4f8-0ad9-4eb2-8ed7-3a8051847eb6@group-AF49A4A4CA2A: changes role from  FOLLOWER to FOLLOWER at term 355 for recognizeCandidate:279bca68-3e74-4690-81cf-da5ab79b92f7
2019-10-23 12:36:50,501 [grpc-default-executor-3] INFO  impl.RaftServerImpl (RaftServerImpl.java:setRole(184)) - 389d5540-641f-48c2-a9df-60738dbad976@group-AF49A4A4CA2A: changes role from  FOLLOWER to FOLLOWER at term 355 for recognizeCandidate:279bca68-3e74-4690-81cf-da5ab79b92f7
2019-10-23 12:36:50,502 [grpc-default-executor-4] INFO  impl.RoleInfo (RoleInfo.java:shutdownFollowerState(121)) - daebe4f8-0ad9-4eb2-8ed7-3a8051847eb6: shutdown FollowerState
2019-10-23 12:36:50,502 [grpc-default-executor-3] INFO  impl.RoleInfo (RoleInfo.java:shutdownFollowerState(121)) - 389d5540-641f-48c2-a9df-60738dbad976: shutdown FollowerState
2019-10-23 12:36:50,502 [Thread-2392] INFO  impl.FollowerState (FollowerState.java:run(117)) - daebe4f8-0ad9-4eb2-8ed7-3a8051847eb6@group-AF49A4A4CA2A-FollowerState was interrupted: java.lang.InterruptedException: sleep interrupted
2019-10-23 12:36:50,502 [grpc-default-executor-4] INFO  impl.RoleInfo (RoleInfo.java:updateAndGet(143)) - daebe4f8-0ad9-4eb2-8ed7-3a8051847eb6: start FollowerState
2019-10-23 12:36:50,502 [Thread-2393] INFO  impl.FollowerState (FollowerState.java:run(117)) - 389d5540-641f-48c2-a9df-60738dbad976@group-AF49A4A4CA2A-FollowerState was interrupted: java.lang.InterruptedException: sleep interrupted
2019-10-23 12:36:50,502 [grpc-default-executor-3] INFO  impl.RoleInfo (RoleInfo.java:updateAndGet(143)) - 389d5540-641f-48c2-a9df-60738dbad976: start FollowerState
2019-10-23 12:36:50,517 [279bca68-3e74-4690-81cf-da5ab79b92f7@group-AF49A4A4CA2A-LeaderElection327] INFO  impl.LeaderElection (LeaderElection.java:logAndReturn(56)) - 279bca68-3e74-4690-81cf-da5ab79b92f7@group-AF49A4A4CA2A-LeaderElection327: Election REJECTED; received 2 response(s) [279bca68-3e74-4690-81cf-da5ab79b92f7<-daebe4f8-0ad9-4eb2-8ed7-3a8051847eb6#0:FAIL-t355, 279bca68-3e74-4690-81cf-da5ab79b92f7<-389d5540-641f-48c2-a9df-60738dbad976#0:FAIL-t355] and 0 exception(s); 279bca68-3e74-4690-81cf-da5ab79b92f7@group-AF49A4A4CA2A:t355, leader=null, voted=279bca68-3e74-4690-81cf-da5ab79b92f7, raftlog=279bca68-3e74-4690-81cf-da5ab79b92f7@group-AF49A4A4CA2A-SegmentedRaftLog:OPENED:c-1,f-1,i0, conf=-1: [daebe4f8-0ad9-4eb2-8ed7-3a8051847eb6:192.168.69.118:44860, 389d5540-641f-48c2-a9df-60738dbad976:192.168.69.118:45712, 279bca68-3e74-4690-81cf-da5ab79b92f7:192.168.69.118:45510], old=null
2019-10-23 12:36:50,517 [279bca68-3e74-4690-81cf-da5ab79b92f7@group-AF49A4A4CA2A-LeaderElection327] INFO  impl.RaftServerImpl (RaftServerImpl.java:setRole(184)) - 279bca68-3e74-4690-81cf-da5ab79b92f7@group-AF49A4A4CA2A: changes role from CANDIDATE to FOLLOWER at term 355 for DISCOVERED_A_NEW_TERM
2019-10-23 12:36:50,517 [279bca68-3e74-4690-81cf-da5ab79b92f7@group-AF49A4A4CA2A-LeaderElection327] INFO  impl.RoleInfo (RoleInfo.java:shutdownLeaderElection(134)) - 279bca68-3e74-4690-81cf-da5ab79b92f7: shutdown LeaderElection
2019-10-23 12:36:50,517 [279bca68-3e74-4690-81cf-da5ab79b92f7@group-AF49A4A4CA2A-LeaderElection327] INFO  impl.RoleInfo (RoleInfo.java:updateAndGet(143)) - 279bca68-3e74-4690-81cf-da5ab79b92f7: start FollowerState
2019-10-23 12:36:50,544 [Thread-2400] INFO  impl.FollowerState (FollowerState.java:run(108)) - 279bca68-3e74-4690-81cf-da5ab79b92f7@group-AF49A4A4CA2A-FollowerState: change to CANDIDATE, lastRpcTime:26ms, electionTimeout:26ms
2019-10-23 12:36:50,544 [Thread-2400] INFO  impl.RoleInfo (RoleInfo.java:shutdownFollowerState(121)) - 279bca68-3e74-4690-81cf-da5ab79b92f7: shutdown FollowerState
2019-10-23 12:36:50,544 [Thread-2400] INFO  impl.RaftServerImpl (RaftServerImpl.java:setRole(184)) - 279bca68-3e74-4690-81cf-da5ab79b92f7@group-AF49A4A4CA2A: changes role from  FOLLOWER to CANDIDATE at term 355 for changeToCandidate
2019-10-23 12:36:50,544 [Thread-2400] INFO  impl.RoleInfo (RoleInfo.java:updateAndGet(143)) - 279bca68-3e74-4690-81cf-da5ab79b92f7: start LeaderElection
2019-10-23 12:36:50,558 [279bca68-3e74-4690-81cf-da5ab79b92f7@group-AF49A4A4CA2A-LeaderElection328] INFO  impl.LeaderElection (LeaderElection.java:askForVotes(178)) - 279bca68-3e74-4690-81cf-da5ab79b92f7@group-AF49A4A4CA2A-LeaderElection328: begin an election at term 356 for -1: [daebe4f8-0ad9-4eb2-8ed7-3a8051847eb6:192.168.69.118:44860, 389d5540-641f-48c2-a9df-60738dbad976:192.168.69.118:45712, 279bca68-3e74-4690-81cf-da5ab79b92f7:192.168.69.118:45510], old=null
2019-10-23 12:36:50,560 [grpc-default-executor-4] INFO  impl.RaftServerImpl (RaftServerImpl.java:setRole(184)) - daebe4f8-0ad9-4eb2-8ed7-3a8051847eb6@group-AF49A4A4CA2A: changes role from  FOLLOWER to FOLLOWER at term 356 for recognizeCandidate:279bca68-3e74-4690-81cf-da5ab79b92f7
2019-10-23 12:36:50,560 [grpc-default-executor-4] INFO  impl.RoleInfo (RoleInfo.java:shutdownFollowerState(121)) - daebe4f8-0ad9-4eb2-8ed7-3a8051847eb6: shutdown FollowerState
2019-10-23 12:36:50,560 [grpc-default-executor-4] INFO  impl.RoleInfo (RoleInfo.java:updateAndGet(143)) - daebe4f8-0ad9-4eb2-8ed7-3a8051847eb6: start FollowerState
2019-10-23 12:36:50,560 [grpc-default-executor-3] INFO  impl.RaftServerImpl (RaftServerImpl.java:setRole(184)) - 389d5540-641f-48c2-a9df-60738dbad976@group-AF49A4A4CA2A: changes role from  FOLLOWER to FOLLOWER at term 356 for recognizeCandidate:279bca68-3e74-4690-81cf-da5ab79b92f7
2019-10-23 12:36:50,561 [grpc-default-executor-3] INFO  impl.RoleInfo (RoleInfo.java:shutdownFollowerState(121)) - 389d5540-641f-48c2-a9df-60738dbad976: shutdown FollowerState
2019-10-23 12:36:50,560 [Thread-2398] INFO  impl.FollowerState (FollowerState.java:run(117)) - daebe4f8-0ad9-4eb2-8ed7-3a8051847eb6@group-AF49A4A4CA2A-FollowerState was interrupted: java.lang.InterruptedException: sleep interrupted
2019-10-23 12:36:50,561 [Thread-2399] INFO  impl.FollowerState (FollowerState.java:run(117)) - 389d5540-641f-48c2-a9df-60738dbad976@group-AF49A4A4CA2A-FollowerState was interrupted: java.lang.InterruptedException: sleep interrupted
2019-10-23 12:36:50,561 [grpc-default-executor-3] INFO  impl.RoleInfo (RoleInfo.java:updateAndGet(143)) - 389d5540-641f-48c2-a9df-60738dbad976: start FollowerState
2019-10-23 12:36:50,574 [279bca68-3e74-4690-81cf-da5ab79b92f7@group-AF49A4A4CA2A-LeaderElection328] INFO  impl.LeaderElection (LeaderElection.java:logAndReturn(56)) - 279bca68-3e74-4690-81cf-da5ab79b92f7@group-AF49A4A4CA2A-LeaderElection328: Election TIMEOUT; received 0 response(s) [] and 0 exception(s); 279bca68-3e74-4690-81cf-da5ab79b92f7@group-AF49A4A4CA2A:t356, leader=null, voted=279bca68-3e74-4690-81cf-da5ab79b92f7, raftlog=279bca68-3e74-4690-81cf-da5ab79b92f7@group-AF49A4A4CA2A-SegmentedRaftLog:OPENED:c-1,f-1,i0, conf=-1: [daebe4f8-0ad9-4eb2-8ed7-3a8051847eb6:192.168.69.118:44860, 389d5540-641f-48c2-a9df-60738dbad976:192.168.69.118:45712, 279bca68-3e74-4690-81cf-da5ab79b92f7:192.168.69.118:45510], old=null
2019-10-23 12:36:50,577 [279bca68-3e74-4690-81cf-da5ab79b92f7@group-AF49A4A4CA2A-LeaderElection328] INFO  impl.LeaderElection (LeaderElection.java:askForVotes(178)) - 279bca68-3e74-4690-81cf-da5ab79b92f7@group-AF49A4A4CA2A-LeaderElection328: begin an election at term 357 for -1: [daebe4f8-0ad9-4eb2-8ed7-3a8051847eb6:192.168.69.118:44860, 389d5540-641f-48c2-a9df-60738dbad976:192.168.69.118:45712, 279bca68-3e74-4690-81cf-da5ab79b92f7:192.168.69.118:45510], old=null
2019-10-23 12:36:50,578 [grpc-default-executor-4] INFO  impl.RaftServerImpl (RaftServerImpl.java:setRole(184)) - daebe4f8-0ad9-4eb2-8ed7-3a8051847eb6@group-AF49A4A4CA2A: changes role from  FOLLOWER to FOLLOWER at term 357 for recognizeCandidate:279bca68-3e74-4690-81cf-da5ab79b92f7
2019-10-23 12:36:50,579 [grpc-default-executor-3] INFO  impl.RaftServerImpl (RaftServerImpl.java:setRole(184)) - 389d5540-641f-48c2-a9df-60738dbad976@group-AF49A4A4CA2A: changes role from  FOLLOWER to FOLLOWER at term 357 for recognizeCandidate:279bca68-3e74-4690-81cf-da5ab79b92f7
2019-10-23 12:36:50,579 [grpc-default-executor-4] INFO  impl.RoleInfo (RoleInfo.java:shutdownFollowerState(121)) - daebe4f8-0ad9-4eb2-8ed7-3a8051847eb6: shutdown FollowerState
2019-10-23 12:36:50,579 [grpc-default-executor-3] INFO  impl.RoleInfo (RoleInfo.java:shutdownFollowerState(121)) - 389d5540-641f-48c2-a9df-60738dbad976: shutdown FollowerState
2019-10-23 12:36:50,579 [grpc-default-executor-4] INFO  impl.RoleInfo (RoleInfo.java:updateAndGet(143)) - daebe4f8-0ad9-4eb2-8ed7-3a8051847eb6: start FollowerState
2019-10-23 12:36:50,579 [Thread-2404] INFO  impl.FollowerState (FollowerState.java:run(117)) - daebe4f8-0ad9-4eb2-8ed7-3a8051847eb6@group-AF49A4A4CA2A-FollowerState was interrupted: java.lang.InterruptedException: sleep interrupted
2019-10-23 12:36:50,579 [Thread-2405] INFO  impl.FollowerState (FollowerState.java:run(117)) - 389d5540-641f-48c2-a9df-60738dbad976@group-AF49A4A4CA2A-FollowerState was interrupted: java.lang.InterruptedException: sleep interrupted
2019-10-23 12:36:50,579 [grpc-default-executor-3] INFO  impl.RoleInfo (RoleInfo.java:updateAndGet(143)) - 389d5540-641f-48c2-a9df-60738dbad976: start FollowerState
2019-10-23 12:36:50,594 [279bca68-3e74-4690-81cf-da5ab79b92f7@group-AF49A4A4CA2A-LeaderElection328] INFO  impl.LeaderElection (LeaderElection.java:logAndReturn(56)) - 279bca68-3e74-4690-81cf-da5ab79b92f7@group-AF49A4A4CA2A-LeaderElection328: Election REJECTED; received 2 response(s) [279bca68-3e74-4690-81cf-da5ab79b92f7<-daebe4f8-0ad9-4eb2-8ed7-3a8051847eb6#0:FAIL-t357, 279bca68-3e74-4690-81cf-da5ab79b92f7<-389d5540-641f-48c2-a9df-60738dbad976#0:FAIL-t357] and 0 exception(s); 279bca68-3e74-4690-81cf-da5ab79b92f7@group-AF49A4A4CA2A:t357, leader=null, voted=279bca68-3e74-4690-81cf-da5ab79b92f7, raftlog=279bca68-3e74-4690-81cf-da5ab79b92f7@group-AF49A4A4CA2A-SegmentedRaftLog:OPENED:c-1,f-1,i0, conf=-1: [daebe4f8-0ad9-4eb2-8ed7-3a8051847eb6:192.168.69.118:44860, 389d5540-641f-48c2-a9df-60738dbad976:192.168.69.118:45712, 279bca68-3e74-4690-81cf-da5ab79b92f7:192.168.69.118:45510], old=null
2019-10-23 12:36:50,594 [279bca68-3e74-4690-81cf-da5ab79b92f7@group-AF49A4A4CA2A-LeaderElection328] INFO  impl.RaftServerImpl (RaftServerImpl.java:setRole(184)) - 279bca68-3e74-4690-81cf-da5ab79b92f7@group-AF49A4A4CA2A: changes role from CANDIDATE to FOLLOWER at term 357 for DISCOVERED_A_NEW_TERM
2019-10-23 12:36:50,594 [279bca68-3e74-4690-81cf-da5ab79b92f7@group-AF49A4A4CA2A-LeaderElection328] INFO  impl.RoleInfo (RoleInfo.java:shutdownLeaderElection(134)) - 279bca68-3e74-4690-81cf-da5ab79b92f7: shutdown LeaderElection
2019-10-23 12:36:50,594 [279bca68-3e74-4690-81cf-da5ab79b92f7@group-AF49A4A4CA2A-LeaderElection328] INFO  impl.RoleInfo (RoleInfo.java:updateAndGet(143)) - 279bca68-3e74-4690-81cf-da5ab79b92f7: start FollowerState
2019-10-23 12:36:50,721 [Thread-2410] INFO  impl.FollowerState (FollowerState.java:run(108)) - 279bca68-3e74-4690-81cf-da5ab79b92f7@group-AF49A4A4CA2A-FollowerState: change to CANDIDATE, lastRpcTime:126ms, electionTimeout:126ms
2019-10-23 12:36:50,721 [Thread-2410] INFO  impl.RoleInfo (RoleInfo.java:shutdownFollowerState(121)) - 279bca68-3e74-4690-81cf-da5ab79b92f7: shutdown FollowerState
2019-10-23 12:36:50,721 [Thread-2410] INFO  impl.RaftServerImpl (RaftServerImpl.java:setRole(184)) - 279bca68-3e74-4690-81cf-da5ab79b92f7@group-AF49A4A4CA2A: changes role from  FOLLOWER to CANDIDATE at term 357 for changeToCandidate
2019-10-23 12:36:50,721 [Thread-2410] INFO  impl.RoleInfo (RoleInfo.java:updateAndGet(143)) - 279bca68-3e74-4690-81cf-da5ab79b92f7: start LeaderElection
2019-10-23 12:36:50,735 [279bca68-3e74-4690-81cf-da5ab79b92f7@group-AF49A4A4CA2A-LeaderElection329] INFO  impl.LeaderElection (LeaderElection.java:askForVotes(178)) - 279bca68-3e74-4690-81cf-da5ab79b92f7@group-AF49A4A4CA2A-LeaderElection329: begin an election at term 358 for -1: [daebe4f8-0ad9-4eb2-8ed7-3a8051847eb6:192.168.69.118:44860, 389d5540-641f-48c2-a9df-60738dbad976:192.168.69.118:45712, 279bca68-3e74-4690-81cf-da5ab79b92f7:192.168.69.118:45510], old=null
2019-10-23 12:36:50,736 [grpc-default-executor-3] INFO  impl.RaftServerImpl (RaftServerImpl.java:setRole(184)) - daebe4f8-0ad9-4eb2-8ed7-3a8051847eb6@group-AF49A4A4CA2A: changes role from  FOLLOWER to FOLLOWER at term 358 for recognizeCandidate:279bca68-3e74-4690-81cf-da5ab79b92f7
2019-10-23 12:36:50,737 [grpc-default-executor-4] INFO  impl.RaftServerImpl (RaftServerImpl.java:setRole(184)) - 389d5540-641f-48c2-a9df-60738dbad976@group-AF49A4A4CA2A: changes role from  FOLLOWER to FOLLOWER at term 358 for recognizeCandidate:279bca68-3e74-4690-81cf-da5ab79b92f7
2019-10-23 12:36:50,737 [grpc-default-executor-3] INFO  impl.RoleInfo (RoleInfo.java:shutdownFollowerState(121)) - daebe4f8-0ad9-4eb2-8ed7-3a8051847eb6: shutdown FollowerState
2019-10-23 12:36:50,737 [grpc-default-executor-4] INFO  impl.RoleInfo (RoleInfo.java:shutdownFollowerState(121)) - 389d5540-641f-48c2-a9df-60738dbad976: shutdown FollowerState
2019-10-23 12:36:50,737 [Thread-2408] INFO  impl.FollowerState (FollowerState.java:run(117)) - daebe4f8-0ad9-4eb2-8ed7-3a8051847eb6@group-AF49A4A4CA2A-FollowerState was interrupted: java.lang.InterruptedException: sleep interrupted
2019-10-23 12:36:50,737 [grpc-default-executor-3] INFO  impl.RoleInfo (RoleInfo.java:updateAndGet(143)) - daebe4f8-0ad9-4eb2-8ed7-3a8051847eb6: start FollowerState
2019-10-23 12:36:50,737 [Thread-2409] INFO  impl.FollowerState (FollowerState.java:run(117)) - 389d5540-641f-48c2-a9df-60738dbad976@group-AF49A4A4CA2A-FollowerState was interrupted: java.lang.InterruptedException: sleep interrupted
2019-10-23 12:36:50,737 [grpc-default-executor-4] INFO  impl.RoleInfo (RoleInfo.java:updateAndGet(143)) - 389d5540-641f-48c2-a9df-60738dbad976: start FollowerState
2019-10-23 12:36:50,755 [279bca68-3e74-4690-81cf-da5ab79b92f7@group-AF49A4A4CA2A-LeaderElection329] INFO  impl.LeaderElection (LeaderElection.java:logAndReturn(56)) - 279bca68-3e74-4690-81cf-da5ab79b92f7@group-AF49A4A4CA2A-LeaderElection329: Election REJECTED; received 2 response(s) [279bca68-3e74-4690-81cf-da5ab79b92f7<-daebe4f8-0ad9-4eb2-8ed7-3a8051847eb6#0:FAIL-t358, 279bca68-3e74-4690-81cf-da5ab79b92f7<-389d5540-641f-48c2-a9df-60738dbad976#0:FAIL-t358] and 0 exception(s); 279bca68-3e74-4690-81cf-da5ab79b92f7@group-AF49A4A4CA2A:t358, leader=null, voted=279bca68-3e74-4690-81cf-da5ab79b92f7, raftlog=279bca68-3e74-4690-81cf-da5ab79b92f7@group-AF49A4A4CA2A-SegmentedRaftLog:OPENED:c-1,f-1,i0, conf=-1: [daebe4f8-0ad9-4eb2-8ed7-3a8051847eb6:192.168.69.118:44860, 389d5540-641f-48c2-a9df-60738dbad976:192.168.69.118:45712, 279bca68-3e74-4690-81cf-da5ab79b92f7:192.168.69.118:45510], old=null
2019-10-23 12:36:50,755 [279bca68-3e74-4690-81cf-da5ab79b92f7@group-AF49A4A4CA2A-LeaderElection329] INFO  impl.RaftServerImpl (RaftServerImpl.java:setRole(184)) - 279bca68-3e74-4690-81cf-da5ab79b92f7@group-AF49A4A4CA2A: changes role from CANDIDATE to FOLLOWER at term 358 for DISCOVERED_A_NEW_TERM
2019-10-23 12:36:50,755 [279bca68-3e74-4690-81cf-da5ab79b92f7@group-AF49A4A4CA2A-LeaderElection329] INFO  impl.RoleInfo (RoleInfo.java:shutdownLeaderElection(134)) - 279bca68-3e74-4690-81cf-da5ab79b92f7: shutdown LeaderElection
2019-10-23 12:36:50,755 [279bca68-3e74-4690-81cf-da5ab79b92f7@group-AF49A4A4CA2A-LeaderElection329] INFO  impl.RoleInfo (RoleInfo.java:updateAndGet(143)) - 279bca68-3e74-4690-81cf-da5ab79b92f7: start FollowerState
2019-10-23 12:36:50,787 [Thread-2418] INFO  impl.FollowerState (FollowerState.java:run(108)) - 279bca68-3e74-4690-81cf-da5ab79b92f7@group-AF49A4A4CA2A-FollowerState: change to CANDIDATE, lastRpcTime:32ms, electionTimeout:32ms
2019-10-23 12:36:50,787 [Thread-2418] INFO  impl.RoleInfo (RoleInfo.java:shutdownFollowerState(121)) - 279bca68-3e74-4690-81cf-da5ab79b92f7: shutdown FollowerState
2019-10-23 12:36:50,788 [Thread-2418] INFO  impl.RaftServerImpl (RaftServerImpl.java:setRole(184)) - 279bca68-3e74-4690-81cf-da5ab79b92f7@group-AF49A4A4CA2A: changes role from  FOLLOWER to CANDIDATE at term 358 for changeToCandidate
2019-10-23 12:36:50,788 [Thread-2418] INFO  impl.RoleInfo (RoleInfo.java:updateAndGet(143)) - 279bca68-3e74-4690-81cf-da5ab79b92f7: start LeaderElection
2019-10-23 12:36:50,801 [279bca68-3e74-4690-81cf-da5ab79b92f7@group-AF49A4A4CA2A-LeaderElection330] INFO  impl.LeaderElection (LeaderElection.java:askForVotes(178)) - 279bca68-3e74-4690-81cf-da5ab79b92f7@group-AF49A4A4CA2A-LeaderElection330: begin an election at term 359 for -1: [daebe4f8-0ad9-4eb2-8ed7-3a8051847eb6:192.168.69.118:44860, 389d5540-641f-48c2-a9df-60738dbad976:192.168.69.118:45712, 279bca68-3e74-4690-81cf-da5ab79b92f7:192.168.69.118:45510], old=null
2019-10-23 12:36:50,803 [grpc-default-executor-4] INFO  impl.RaftServerImpl (RaftServerImpl.java:setRole(184)) - daebe4f8-0ad9-4eb2-8ed7-3a8051847eb6@group-AF49A4A4CA2A: changes role from  FOLLOWER to FOLLOWER at term 359 for recognizeCandidate:279bca68-3e74-4690-81cf-da5ab79b92f7
2019-10-23 12:36:50,803 [grpc-default-executor-4] INFO  impl.RoleInfo (RoleInfo.java:shutdownFollowerState(121)) - daebe4f8-0ad9-4eb2-8ed7-3a8051847eb6: shutdown FollowerState
2019-10-23 12:36:50,803 [grpc-default-executor-3] INFO  impl.RaftServerImpl (RaftServerImpl.java:setRole(184)) - 389d5540-641f-48c2-a9df-60738dbad976@group-AF49A4A4CA2A: changes role from  FOLLOWER to FOLLOWER at term 359 for recognizeCandidate:279bca68-3e74-4690-81cf-da5ab79b92f7
2019-10-23 12:36:50,803 [Thread-2416] INFO  impl.FollowerState (FollowerState.java:run(117)) - daebe4f8-0ad9-4eb2-8ed7-3a8051847eb6@group-AF49A4A4CA2A-FollowerState was interrupted: java.lang.InterruptedException: sleep interrupted
2019-10-23 12:36:50,803 [grpc-default-executor-4] INFO  impl.RoleInfo (RoleInfo.java:updateAndGet(143)) - daebe4f8-0ad9-4eb2-8ed7-3a8051847eb6: start FollowerState
2019-10-23 12:36:50,803 [grpc-default-executor-3] INFO  impl.RoleInfo (RoleInfo.java:shutdownFollowerState(121)) - 389d5540-641f-48c2-a9df-60738dbad976: shutdown FollowerState
2019-10-23 12:36:50,804 [grpc-default-executor-3] INFO  impl.RoleInfo (RoleInfo.java:updateAndGet(143)) - 389d5540-641f-48c2-a9df-60738dbad976: start FollowerState
2019-10-23 12:36:50,804 [Thread-2417] INFO  impl.FollowerState (FollowerState.java:run(117)) - 389d5540-641f-48c2-a9df-60738dbad976@group-AF49A4A4CA2A-FollowerState was interrupted: java.lang.InterruptedException: sleep interrupted
2019-10-23 12:36:50,818 [279bca68-3e74-4690-81cf-da5ab79b92f7@group-AF49A4A4CA2A-LeaderElection330] INFO  impl.LeaderElection (LeaderElection.java:logAndReturn(56)) - 279bca68-3e74-4690-81cf-da5ab79b92f7@group-AF49A4A4CA2A-LeaderElection330: Election REJECTED; received 2 response(s) [279bca68-3e74-4690-81cf-da5ab79b92f7<-daebe4f8-0ad9-4eb2-8ed7-3a8051847eb6#0:FAIL-t359, 279bca68-3e74-4690-81cf-da5ab79b92f7<-389d5540-641f-48c2-a9df-60738dbad976#0:FAIL-t359] and 0 exception(s); 279bca68-3e74-4690-81cf-da5ab79b92f7@group-AF49A4A4CA2A:t359, leader=null, voted=279bca68-3e74-4690-81cf-da5ab79b92f7, raftlog=279bca68-3e74-4690-81cf-da5ab79b92f7@group-AF49A4A4CA2A-SegmentedRaftLog:OPENED:c-1,f-1,i0, conf=-1: [daebe4f8-0ad9-4eb2-8ed7-3a8051847eb6:192.168.69.118:44860, 389d5540-641f-48c2-a9df-60738dbad976:192.168.69.118:45712, 279bca68-3e74-4690-81cf-da5ab79b92f7:192.168.69.118:45510], old=null
2019-10-23 12:36:50,818 [279bca68-3e74-4690-81cf-da5ab79b92f7@group-AF49A4A4CA2A-LeaderElection330] INFO  impl.RaftServerImpl (RaftServerImpl.java:setRole(184)) - 279bca68-3e74-4690-81cf-da5ab79b92f7@group-AF49A4A4CA2A: changes role from CANDIDATE to FOLLOWER at term 359 for DISCOVERED_A_NEW_TERM
2019-10-23 12:36:50,818 [279bca68-3e74-4690-81cf-da5ab79b92f7@group-AF49A4A4CA2A-LeaderElection330] INFO  impl.RoleInfo (RoleInfo.java:shutdownLeaderElection(134)) - 279bca68-3e74-4690-81cf-da5ab79b92f7: shutdown LeaderElection
2019-10-23 12:36:50,818 [279bca68-3e74-4690-81cf-da5ab79b92f7@group-AF49A4A4CA2A-LeaderElection330] INFO  impl.RoleInfo (RoleInfo.java:updateAndGet(143)) - 279bca68-3e74-4690-81cf-da5ab79b92f7: start FollowerState
2019-10-23 12:36:50,945 [Thread-2424] INFO  impl.FollowerState (FollowerState.java:run(108)) - 279bca68-3e74-4690-81cf-da5ab79b92f7@group-AF49A4A4CA2A-FollowerState: change to CANDIDATE, lastRpcTime:126ms, electionTimeout:126ms
2019-10-23 12:36:50,945 [Thread-2424] INFO  impl.RoleInfo (RoleInfo.java:shutdownFollowerState(121)) - 279bca68-3e74-4690-81cf-da5ab79b92f7: shutdown FollowerState
2019-10-23 12:36:50,945 [Thread-2424] INFO  impl.RaftServerImpl (RaftServerImpl.java:setRole(184)) - 279bca68-3e74-4690-81cf-da5ab79b92f7@group-AF49A4A4CA2A: changes role from  FOLLOWER to CANDIDATE at term 359 for changeToCandidate
2019-10-23 12:36:50,945 [Thread-2424] INFO  impl.RoleInfo (RoleInfo.java:updateAndGet(143)) - 279bca68-3e74-4690-81cf-da5ab79b92f7: start LeaderElection
2019-10-23 12:36:50,971 [279bca68-3e74-4690-81cf-da5ab79b92f7@group-AF49A4A4CA2A-LeaderElection331] INFO  impl.LeaderElection (LeaderElection.java:askForVotes(178)) - 279bca68-3e74-4690-81cf-da5ab79b92f7@group-AF49A4A4CA2A-LeaderElection331: begin an election at term 360 for -1: [daebe4f8-0ad9-4eb2-8ed7-3a8051847eb6:192.168.69.118:44860, 389d5540-641f-48c2-a9df-60738dbad976:192.168.69.118:45712, 279bca68-3e74-4690-81cf-da5ab79b92f7:192.168.69.118:45510], old=null
2019-10-23 12:36:50,972 [grpc-default-executor-3] INFO  impl.RaftServerImpl (RaftServerImpl.java:setRole(184)) - daebe4f8-0ad9-4eb2-8ed7-3a8051847eb6@group-AF49A4A4CA2A: changes role from  FOLLOWER to FOLLOWER at term 360 for recognizeCandidate:279bca68-3e74-4690-81cf-da5ab79b92f7
2019-10-23 12:36:50,973 [grpc-default-executor-4] INFO  impl.RaftServerImpl (RaftServerImpl.java:setRole(184)) - 389d5540-641f-48c2-a9df-60738dbad976@group-AF49A4A4CA2A: changes role from  FOLLOWER to FOLLOWER at term 360 for recognizeCandidate:279bca68-3e74-4690-81cf-da5ab79b92f7
2019-10-23 12:36:50,973 [grpc-default-executor-3] INFO  impl.RoleInfo (RoleInfo.java:shutdownFollowerState(121)) - daebe4f8-0ad9-4eb2-8ed7-3a8051847eb6: shutdown FollowerState
2019-10-23 12:36:50,973 [grpc-default-executor-4] INFO  impl.RoleInfo (RoleInfo.java:shutdownFollowerState(121)) - 389d5540-641f-48c2-a9df-60738dbad976: shutdown FollowerState
2019-10-23 12:36:50,973 [Thread-2422] INFO  impl.FollowerState (FollowerState.java:run(117)) - daebe4f8-0ad9-4eb2-8ed7-3a8051847eb6@group-AF49A4A4CA2A-FollowerState was interrupted: java.lang.InterruptedException: sleep interrupted
2019-10-23 12:36:50,973 [grpc-default-executor-3] INFO  impl.RoleInfo (RoleInfo.java:updateAndGet(143)) - daebe4f8-0ad9-4eb2-8ed7-3a8051847eb6: start FollowerState
2019-10-23 12:36:50,973 [Thread-2423] INFO  impl.FollowerState (FollowerState.java:run(117)) - 389d5540-641f-48c2-a9df-60738dbad976@group-AF49A4A4CA2A-FollowerState was interrupted: java.lang.InterruptedException: sleep interrupted
2019-10-23 12:36:50,973 [grpc-default-executor-4] INFO  impl.RoleInfo (RoleInfo.java:updateAndGet(143)) - 389d5540-641f-48c2-a9df-60738dbad976: start FollowerState
2019-10-23 12:36:50,988 [279bca68-3e74-4690-81cf-da5ab79b92f7@group-AF49A4A4CA2A-LeaderElection331] INFO  impl.LeaderElection (LeaderElection.java:logAndReturn(56)) - 279bca68-3e74-4690-81cf-da5ab79b92f7@group-AF49A4A4CA2A-LeaderElection331: Election REJECTED; received 2 response(s) [279bca68-3e74-4690-81cf-da5ab79b92f7<-daebe4f8-0ad9-4eb2-8ed7-3a8051847eb6#0:FAIL-t360, 279bca68-3e74-4690-81cf-da5ab79b92f7<-389d5540-641f-48c2-a9df-60738dbad976#0:FAIL-t360] and 0 exception(s); 279bca68-3e74-4690-81cf-da5ab79b92f7@group-AF49A4A4CA2A:t360, leader=null, voted=279bca68-3e74-4690-81cf-da5ab79b92f7, raftlog=279bca68-3e74-4690-81cf-da5ab79b92f7@group-AF49A4A4CA2A-SegmentedRaftLog:OPENED:c-1,f-1,i0, conf=-1: [daebe4f8-0ad9-4eb2-8ed7-3a8051847eb6:192.168.69.118:44860, 389d5540-641f-48c2-a9df-60738dbad976:192.168.69.118:45712, 279bca68-3e74-4690-81cf-da5ab79b92f7:192.168.69.118:45510], old=null
2019-10-23 12:36:50,988 [279bca68-3e74-4690-81cf-da5ab79b92f7@group-AF49A4A4CA2A-LeaderElection331] INFO  impl.RaftServerImpl (RaftServerImpl.java:setRole(184)) - 279bca68-3e74-4690-81cf-da5ab79b92f7@group-AF49A4A4CA2A: changes role from CANDIDATE to FOLLOWER at term 360 for DISCOVERED_A_NEW_TERM
2019-10-23 12:36:50,989 [279bca68-3e74-4690-81cf-da5ab79b92f7@group-AF49A4A4CA2A-LeaderElection331] INFO  impl.RoleInfo (RoleInfo.java:shutdownLeaderElection(134)) - 279bca68-3e74-4690-81cf-da5ab79b92f7: shutdown LeaderElection
2019-10-23 12:36:50,989 [279bca68-3e74-4690-81cf-da5ab79b92f7@group-AF49A4A4CA2A-LeaderElection331] INFO  impl.RoleInfo (RoleInfo.java:updateAndGet(143)) - 279bca68-3e74-4690-81cf-da5ab79b92f7: start FollowerState
2019-10-23 12:36:51,170 [Thread-2430] INFO  impl.FollowerState (FollowerState.java:run(108)) - 279bca68-3e74-4690-81cf-da5ab79b92f7@group-AF49A4A4CA2A-FollowerState: change to CANDIDATE, lastRpcTime:181ms, electionTimeout:181ms
2019-10-23 12:36:51,170 [Thread-2430] INFO  impl.RoleInfo (RoleInfo.java:shutdownFollowerState(121)) - 279bca68-3e74-4690-81cf-da5ab79b92f7: shutdown FollowerState
2019-10-23 12:36:51,170 [Thread-2430] INFO  impl.RaftServerImpl (RaftServerImpl.java:setRole(184)) - 279bca68-3e74-4690-81cf-da5ab79b92f7@group-AF49A4A4CA2A: changes role from  FOLLOWER to CANDIDATE at term 360 for changeToCandidate
2019-10-23 12:36:51,171 [Thread-2430] INFO  impl.RoleInfo (RoleInfo.java:updateAndGet(143)) - 279bca68-3e74-4690-81cf-da5ab79b92f7: start LeaderElection
2019-10-23 12:36:51,185 [279bca68-3e74-4690-81cf-da5ab79b92f7@group-AF49A4A4CA2A-LeaderElection332] INFO  impl.LeaderElection (LeaderElection.java:askForVotes(178)) - 279bca68-3e74-4690-81cf-da5ab79b92f7@group-AF49A4A4CA2A-LeaderElection332: begin an election at term 361 for -1: [daebe4f8-0ad9-4eb2-8ed7-3a8051847eb6:192.168.69.118:44860, 389d5540-641f-48c2-a9df-60738dbad976:192.168.69.118:45712, 279bca68-3e74-4690-81cf-da5ab79b92f7:192.168.69.118:45510], old=null
2019-10-23 12:36:51,187 [grpc-default-executor-3] INFO  impl.RaftServerImpl (RaftServerImpl.java:setRole(184)) - daebe4f8-0ad9-4eb2-8ed7-3a8051847eb6@group-AF49A4A4CA2A: changes role from  FOLLOWER to FOLLOWER at term 361 for recognizeCandidate:279bca68-3e74-4690-81cf-da5ab79b92f7
2019-10-23 12:36:51,187 [grpc-default-executor-3] INFO  impl.RoleInfo (RoleInfo.java:shutdownFollowerState(121)) - daebe4f8-0ad9-4eb2-8ed7-3a8051847eb6: shutdown FollowerState
2019-10-23 12:36:51,187 [grpc-default-executor-4] INFO  impl.RaftServerImpl (RaftServerImpl.java:setRole(184)) - 389d5540-641f-48c2-a9df-60738dbad976@group-AF49A4A4CA2A: changes role from  FOLLOWER to FOLLOWER at term 361 for recognizeCandidate:279bca68-3e74-4690-81cf-da5ab79b92f7
2019-10-23 12:36:51,187 [grpc-default-executor-4] INFO  impl.RoleInfo (RoleInfo.java:shutdownFollowerState(121)) - 389d5540-641f-48c2-a9df-60738dbad976: shutdown FollowerState
2019-10-23 12:36:51,187 [Thread-2428] INFO  impl.FollowerState (FollowerState.java:run(117)) - daebe4f8-0ad9-4eb2-8ed7-3a8051847eb6@group-AF49A4A4CA2A-FollowerState was interrupted: java.lang.InterruptedException: sleep interrupted
2019-10-23 12:36:51,188 [Thread-2429] INFO  impl.FollowerState (FollowerState.java:run(117)) - 389d5540-641f-48c2-a9df-60738dbad976@group-AF49A4A4CA2A-FollowerState was interrupted: java.lang.InterruptedException: sleep interrupted
2019-10-23 12:36:51,187 [grpc-default-executor-3] INFO  impl.RoleInfo (RoleInfo.java:updateAndGet(143)) - daebe4f8-0ad9-4eb2-8ed7-3a8051847eb6: start FollowerState
2019-10-23 12:36:51,187 [grpc-default-executor-4] INFO  impl.RoleInfo (RoleInfo.java:updateAndGet(143)) - 389d5540-641f-48c2-a9df-60738dbad976: start FollowerState
2019-10-23 12:36:51,203 [279bca68-3e74-4690-81cf-da5ab79b92f7@group-AF49A4A4CA2A-LeaderElection332] INFO  impl.LeaderElection (LeaderElection.java:logAndReturn(56)) - 279bca68-3e74-4690-81cf-da5ab79b92f7@group-AF49A4A4CA2A-LeaderElection332: Election REJECTED; received 2 response(s) [279bca68-3e74-4690-81cf-da5ab79b92f7<-daebe4f8-0ad9-4eb2-8ed7-3a8051847eb6#0:FAIL-t361, 279bca68-3e74-4690-81cf-da5ab79b92f7<-389d5540-641f-48c2-a9df-60738dbad976#0:FAIL-t361] and 0 exception(s); 279bca68-3e74-4690-81cf-da5ab79b92f7@group-AF49A4A4CA2A:t361, leader=null, voted=279bca68-3e74-4690-81cf-da5ab79b92f7, raftlog=279bca68-3e74-4690-81cf-da5ab79b92f7@group-AF49A4A4CA2A-SegmentedRaftLog:OPENED:c-1,f-1,i0, conf=-1: [daebe4f8-0ad9-4eb2-8ed7-3a8051847eb6:192.168.69.118:44860, 389d5540-641f-48c2-a9df-60738dbad976:192.168.69.118:45712, 279bca68-3e74-4690-81cf-da5ab79b92f7:192.168.69.118:45510], old=null
2019-10-23 12:36:51,203 [279bca68-3e74-4690-81cf-da5ab79b92f7@group-AF49A4A4CA2A-LeaderElection332] INFO  impl.RaftServerImpl (RaftServerImpl.java:setRole(184)) - 279bca68-3e74-4690-81cf-da5ab79b92f7@group-AF49A4A4CA2A: changes role from CANDIDATE to FOLLOWER at term 361 for DISCOVERED_A_NEW_TERM
2019-10-23 12:36:51,203 [279bca68-3e74-4690-81cf-da5ab79b92f7@group-AF49A4A4CA2A-LeaderElection332] INFO  impl.RoleInfo (RoleInfo.java:shutdownLeaderElection(134)) - 279bca68-3e74-4690-81cf-da5ab79b92f7: shutdown LeaderElection
2019-10-23 12:36:51,203 [279bca68-3e74-4690-81cf-da5ab79b92f7@group-AF49A4A4CA2A-LeaderElection332] INFO  impl.RoleInfo (RoleInfo.java:updateAndGet(143)) - 279bca68-3e74-4690-81cf-da5ab79b92f7: start FollowerState
2019-10-23 12:36:51,325 [Thread-2436] INFO  impl.FollowerState (FollowerState.java:run(108)) - 279bca68-3e74-4690-81cf-da5ab79b92f7@group-AF49A4A4CA2A-FollowerState: change to CANDIDATE, lastRpcTime:122ms, electionTimeout:122ms
2019-10-23 12:36:51,326 [Thread-2436] INFO  impl.RoleInfo (RoleInfo.java:shutdownFollowerState(121)) - 279bca68-3e74-4690-81cf-da5ab79b92f7: shutdown FollowerState
2019-10-23 12:36:51,326 [Thread-2436] INFO  impl.RaftServerImpl (RaftServerImpl.java:setRole(184)) - 279bca68-3e74-4690-81cf-da5ab79b92f7@group-AF49A4A4CA2A: changes role from  FOLLOWER to CANDIDATE at term 361 for changeToCandidate
2019-10-23 12:36:51,326 [Thread-2436] INFO  impl.RoleInfo (RoleInfo.java:updateAndGet(143)) - 279bca68-3e74-4690-81cf-da5ab79b92f7: start LeaderElection
2019-10-23 12:36:51,339 [279bca68-3e74-4690-81cf-da5ab79b92f7@group-AF49A4A4CA2A-LeaderElection333] INFO  impl.LeaderElection (LeaderElection.java:askForVotes(178)) - 279bca68-3e74-4690-81cf-da5ab79b92f7@group-AF49A4A4CA2A-LeaderElection333: begin an election at term 362 for -1: [daebe4f8-0ad9-4eb2-8ed7-3a8051847eb6:192.168.69.118:44860, 389d5540-641f-48c2-a9df-60738dbad976:192.168.69.118:45712, 279bca68-3e74-4690-81cf-da5ab79b92f7:192.168.69.118:45510], old=null
2019-10-23 12:36:51,341 [grpc-default-executor-4] INFO  impl.RaftServerImpl (RaftServerImpl.java:setRole(184)) - daebe4f8-0ad9-4eb2-8ed7-3a8051847eb6@group-AF49A4A4CA2A: changes role from  FOLLOWER to FOLLOWER at term 362 for recognizeCandidate:279bca68-3e74-4690-81cf-da5ab79b92f7
2019-10-23 12:36:51,341 [grpc-default-executor-3] INFO  impl.RaftServerImpl (RaftServerImpl.java:setRole(184)) - 389d5540-641f-48c2-a9df-60738dbad976@group-AF49A4A4CA2A: changes role from  FOLLOWER to FOLLOWER at term 362 for recognizeCandidate:279bca68-3e74-4690-81cf-da5ab79b92f7
2019-10-23 12:36:51,341 [grpc-default-executor-4] INFO  impl.RoleInfo (RoleInfo.java:shutdownFollowerState(121)) - daebe4f8-0ad9-4eb2-8ed7-3a8051847eb6: shutdown FollowerState
2019-10-23 12:36:51,342 [grpc-default-executor-3] INFO  impl.RoleInfo (RoleInfo.java:shutdownFollowerState(121)) - 389d5540-641f-48c2-a9df-60738dbad976: shutdown FollowerState
2019-10-23 12:36:51,342 [Thread-2434] INFO  impl.FollowerState (FollowerState.java:run(117)) - daebe4f8-0ad9-4eb2-8ed7-3a8051847eb6@group-AF49A4A4CA2A-FollowerState was interrupted: java.lang.InterruptedException: sleep interrupted
2019-10-23 12:36:51,342 [Thread-2435] INFO  impl.FollowerState (FollowerState.java:run(117)) - 389d5540-641f-48c2-a9df-60738dbad976@group-AF49A4A4CA2A-FollowerState was interrupted: java.lang.InterruptedException: sleep interrupted
2019-10-23 12:36:51,342 [grpc-default-executor-4] INFO  impl.RoleInfo (RoleInfo.java:updateAndGet(143)) - daebe4f8-0ad9-4eb2-8ed7-3a8051847eb6: start FollowerState
2019-10-23 12:36:51,342 [grpc-default-executor-3] INFO  impl.RoleInfo (RoleInfo.java:updateAndGet(143)) - 389d5540-641f-48c2-a9df-60738dbad976: start FollowerState
2019-10-23 12:36:51,357 [279bca68-3e74-4690-81cf-da5ab79b92f7@group-AF49A4A4CA2A-LeaderElection333] INFO  impl.LeaderElection (LeaderElection.java:logAndReturn(56)) - 279bca68-3e74-4690-81cf-da5ab79b92f7@group-AF49A4A4CA2A-LeaderElection333: Election REJECTED; received 2 response(s) [279bca68-3e74-4690-81cf-da5ab79b92f7<-daebe4f8-0ad9-4eb2-8ed7-3a8051847eb6#0:FAIL-t362, 279bca68-3e74-4690-81cf-da5ab79b92f7<-389d5540-641f-48c2-a9df-60738dbad976#0:FAIL-t362] and 0 exception(s); 279bca68-3e74-4690-81cf-da5ab79b92f7@group-AF49A4A4CA2A:t362, leader=null, voted=279bca68-3e74-4690-81cf-da5ab79b92f7, raftlog=279bca68-3e74-4690-81cf-da5ab79b92f7@group-AF49A4A4CA2A-SegmentedRaftLog:OPENED:c-1,f-1,i0, conf=-1: [daebe4f8-0ad9-4eb2-8ed7-3a8051847eb6:192.168.69.118:44860, 389d5540-641f-48c2-a9df-60738dbad976:192.168.69.118:45712, 279bca68-3e74-4690-81cf-da5ab79b92f7:192.168.69.118:45510], old=null
2019-10-23 12:36:51,357 [279bca68-3e74-4690-81cf-da5ab79b92f7@group-AF49A4A4CA2A-LeaderElection333] INFO  impl.RaftServerImpl (RaftServerImpl.java:setRole(184)) - 279bca68-3e74-4690-81cf-da5ab79b92f7@group-AF49A4A4CA2A: changes role from CANDIDATE to FOLLOWER at term 362 for DISCOVERED_A_NEW_TERM
2019-10-23 12:36:51,357 [279bca68-3e74-4690-81cf-da5ab79b92f7@group-AF49A4A4CA2A-LeaderElection333] INFO  impl.RoleInfo (RoleInfo.java:shutdownLeaderElection(134)) - 279bca68-3e74-4690-81cf-da5ab79b92f7: shutdown LeaderElection
2019-10-23 12:36:51,357 [279bca68-3e74-4690-81cf-da5ab79b92f7@group-AF49A4A4CA2A-LeaderElection333] INFO  impl.RoleInfo (RoleInfo.java:updateAndGet(143)) - 279bca68-3e74-4690-81cf-da5ab79b92f7: start FollowerState
2019-10-23 12:36:51,501 [Thread-2442] INFO  impl.FollowerState (FollowerState.java:run(108)) - 279bca68-3e74-4690-81cf-da5ab79b92f7@group-AF49A4A4CA2A-FollowerState: change to CANDIDATE, lastRpcTime:143ms, electionTimeout:143ms
2019-10-23 12:36:51,501 [Thread-2442] INFO  impl.RoleInfo (RoleInfo.java:shutdownFollowerState(121)) - 279bca68-3e74-4690-81cf-da5ab79b92f7: shutdown FollowerState
2019-10-23 12:36:51,501 [Thread-2442] INFO  impl.RaftServerImpl (RaftServerImpl.java:setRole(184)) - 279bca68-3e74-4690-81cf-da5ab79b92f7@group-AF49A4A4CA2A: changes role from  FOLLOWER to CANDIDATE at term 362 for changeToCandidate
2019-10-23 12:36:51,501 [Thread-2442] INFO  impl.RoleInfo (RoleInfo.java:updateAndGet(143)) - 279bca68-3e74-4690-81cf-da5ab79b92f7: start LeaderElection
2019-10-23 12:36:51,515 [279bca68-3e74-4690-81cf-da5ab79b92f7@group-AF49A4A4CA2A-LeaderElection334] INFO  impl.LeaderElection (LeaderElection.java:askForVotes(178)) - 279bca68-3e74-4690-81cf-da5ab79b92f7@group-AF49A4A4CA2A-LeaderElection334: begin an election at term 363 for -1: [daebe4f8-0ad9-4eb2-8ed7-3a8051847eb6:192.168.69.118:44860, 389d5540-641f-48c2-a9df-60738dbad976:192.168.69.118:45712, 279bca68-3e74-4690-81cf-da5ab79b92f7:192.168.69.118:45510], old=null
2019-10-23 12:36:51,517 [grpc-default-executor-3] INFO  impl.RaftServerImpl (RaftServerImpl.java:setRole(184)) - 389d5540-641f-48c2-a9df-60738dbad976@group-AF49A4A4CA2A: changes role from  FOLLOWER to FOLLOWER at term 363 for recognizeCandidate:279bca68-3e74-4690-81cf-da5ab79b92f7
2019-10-23 12:36:51,517 [grpc-default-executor-4] INFO  impl.RaftServerImpl (RaftServerImpl.java:setRole(184)) - daebe4f8-0ad9-4eb2-8ed7-3a8051847eb6@group-AF49A4A4CA2A: changes role from  FOLLOWER to FOLLOWER at term 363 for recognizeCandidate:279bca68-3e74-4690-81cf-da5ab79b92f7
2019-10-23 12:36:51,517 [grpc-default-executor-3] INFO  impl.RoleInfo (RoleInfo.java:shutdownFollowerState(121)) - 389d5540-641f-48c2-a9df-60738dbad976: shutdown FollowerState
2019-10-23 12:36:51,517 [grpc-default-executor-4] INFO  impl.RoleInfo (RoleInfo.java:shutdownFollowerState(121)) - daebe4f8-0ad9-4eb2-8ed7-3a8051847eb6: shutdown FollowerState
2019-10-23 12:36:51,517 [Thread-2441] INFO  impl.FollowerState (FollowerState.java:run(117)) - 389d5540-641f-48c2-a9df-60738dbad976@group-AF49A4A4CA2A-FollowerState was interrupted: java.lang.InterruptedException: sleep interrupted
2019-10-23 12:36:51,517 [grpc-default-executor-3] INFO  impl.RoleInfo (RoleInfo.java:updateAndGet(143)) - 389d5540-641f-48c2-a9df-60738dbad976: start FollowerState
2019-10-23 12:36:51,518 [Thread-2440] INFO  impl.FollowerState (FollowerState.java:run(117)) - daebe4f8-0ad9-4eb2-8ed7-3a8051847eb6@group-AF49A4A4CA2A-FollowerState was interrupted: java.lang.InterruptedException: sleep interrupted
2019-10-23 12:36:51,518 [grpc-default-executor-4] INFO  impl.RoleInfo (RoleInfo.java:updateAndGet(143)) - daebe4f8-0ad9-4eb2-8ed7-3a8051847eb6: start FollowerState
2019-10-23 12:36:51,536 [279bca68-3e74-4690-81cf-da5ab79b92f7@group-AF49A4A4CA2A-LeaderElection334] INFO  impl.LeaderElection (LeaderElection.java:logAndReturn(56)) - 279bca68-3e74-4690-81cf-da5ab79b92f7@group-AF49A4A4CA2A-LeaderElection334: Election REJECTED; received 2 response(s) [279bca68-3e74-4690-81cf-da5ab79b92f7<-daebe4f8-0ad9-4eb2-8ed7-3a8051847eb6#0:FAIL-t363, 279bca68-3e74-4690-81cf-da5ab79b92f7<-389d5540-641f-48c2-a9df-60738dbad976#0:FAIL-t363] and 0 exception(s); 279bca68-3e74-4690-81cf-da5ab79b92f7@group-AF49A4A4CA2A:t363, leader=null, voted=279bca68-3e74-4690-81cf-da5ab79b92f7, raftlog=279bca68-3e74-4690-81cf-da5ab79b92f7@group-AF49A4A4CA2A-SegmentedRaftLog:OPENED:c-1,f-1,i0, conf=-1: [daebe4f8-0ad9-4eb2-8ed7-3a8051847eb6:192.168.69.118:44860, 389d5540-641f-48c2-a9df-60738dbad976:192.168.69.118:45712, 279bca68-3e74-4690-81cf-da5ab79b92f7:192.168.69.118:45510], old=null
2019-10-23 12:36:51,536 [279bca68-3e74-4690-81cf-da5ab79b92f7@group-AF49A4A4CA2A-LeaderElection334] INFO  impl.RaftServerImpl (RaftServerImpl.java:setRole(184)) - 279bca68-3e74-4690-81cf-da5ab79b92f7@group-AF49A4A4CA2A: changes role from CANDIDATE to FOLLOWER at term 363 for DISCOVERED_A_NEW_TERM
2019-10-23 12:36:51,537 [279bca68-3e74-4690-81cf-da5ab79b92f7@group-AF49A4A4CA2A-LeaderElection334] INFO  impl.RoleInfo (RoleInfo.java:shutdownLeaderElection(134)) - 279bca68-3e74-4690-81cf-da5ab79b92f7: shutdown LeaderElection
2019-10-23 12:36:51,537 [279bca68-3e74-4690-81cf-da5ab79b92f7@group-AF49A4A4CA2A-LeaderElection334] INFO  impl.RoleInfo (RoleInfo.java:updateAndGet(143)) - 279bca68-3e74-4690-81cf-da5ab79b92f7: start FollowerState
2019-10-23 12:36:51,662 [Thread-2448] INFO  impl.FollowerState (FollowerState.java:run(108)) - 279bca68-3e74-4690-81cf-da5ab79b92f7@group-AF49A4A4CA2A-FollowerState: change to CANDIDATE, lastRpcTime:125ms, electionTimeout:125ms
2019-10-23 12:36:51,662 [Thread-2448] INFO  impl.RoleInfo (RoleInfo.java:shutdownFollowerState(121)) - 279bca68-3e74-4690-81cf-da5ab79b92f7: shutdown FollowerState
2019-10-23 12:36:51,662 [Thread-2448] INFO  impl.RaftServerImpl (RaftServerImpl.java:setRole(184)) - 279bca68-3e74-4690-81cf-da5ab79b92f7@group-AF49A4A4CA2A: changes role from  FOLLOWER to CANDIDATE at term 363 for changeToCandidate
2019-10-23 12:36:51,662 [Thread-2448] INFO  impl.RoleInfo (RoleInfo.java:updateAndGet(143)) - 279bca68-3e74-4690-81cf-da5ab79b92f7: start LeaderElection
2019-10-23 12:36:51,688 [279bca68-3e74-4690-81cf-da5ab79b92f7@group-AF49A4A4CA2A-LeaderElection335] INFO  impl.LeaderElection (LeaderElection.java:askForVotes(178)) - 279bca68-3e74-4690-81cf-da5ab79b92f7@group-AF49A4A4CA2A-LeaderElection335: begin an election at term 364 for -1: [daebe4f8-0ad9-4eb2-8ed7-3a8051847eb6:192.168.69.118:44860, 389d5540-641f-48c2-a9df-60738dbad976:192.168.69.118:45712, 279bca68-3e74-4690-81cf-da5ab79b92f7:192.168.69.118:45510], old=null
2019-10-23 12:36:51,690 [grpc-default-executor-4] INFO  impl.RaftServerImpl (RaftServerImpl.java:setRole(184)) - daebe4f8-0ad9-4eb2-8ed7-3a8051847eb6@group-AF49A4A4CA2A: changes role from  FOLLOWER to FOLLOWER at term 364 for recognizeCandidate:279bca68-3e74-4690-81cf-da5ab79b92f7
2019-10-23 12:36:51,690 [grpc-default-executor-3] INFO  impl.RaftServerImpl (RaftServerImpl.java:setRole(184)) - 389d5540-641f-48c2-a9df-60738dbad976@group-AF49A4A4CA2A: changes role from  FOLLOWER to FOLLOWER at term 364 for recognizeCandidate:279bca68-3e74-4690-81cf-da5ab79b92f7
2019-10-23 12:36:51,690 [grpc-default-executor-3] INFO  impl.RoleInfo (RoleInfo.java:shutdownFollowerState(121)) - 389d5540-641f-48c2-a9df-60738dbad976: shutdown FollowerState
2019-10-23 12:36:51,690 [grpc-default-executor-4] INFO  impl.RoleInfo (RoleInfo.java:shutdownFollowerState(121)) - daebe4f8-0ad9-4eb2-8ed7-3a8051847eb6: shutdown FollowerState
2019-10-23 12:36:51,690 [Thread-2446] INFO  impl.FollowerState (FollowerState.java:run(117)) - 389d5540-641f-48c2-a9df-60738dbad976@group-AF49A4A4CA2A-FollowerState was interrupted: java.lang.InterruptedException: sleep interrupted
2019-10-23 12:36:51,690 [grpc-default-executor-3] INFO  impl.RoleInfo (RoleInfo.java:updateAndGet(143)) - 389d5540-641f-48c2-a9df-60738dbad976: start FollowerState
2019-10-23 12:36:51,690 [grpc-default-executor-4] INFO  impl.RoleInfo (RoleInfo.java:updateAndGet(143)) - daebe4f8-0ad9-4eb2-8ed7-3a8051847eb6: start FollowerState
2019-10-23 12:36:51,690 [Thread-2447] INFO  impl.FollowerState (FollowerState.java:run(117)) - daebe4f8-0ad9-4eb2-8ed7-3a8051847eb6@group-AF49A4A4CA2A-FollowerState was interrupted: java.lang.InterruptedException: sleep interrupted
2019-10-23 12:36:51,705 [279bca68-3e74-4690-81cf-da5ab79b92f7@group-AF49A4A4CA2A-LeaderElection335] INFO  impl.LeaderElection (LeaderElection.java:logAndReturn(56)) - 279bca68-3e74-4690-81cf-da5ab79b92f7@group-AF49A4A4CA2A-LeaderElection335: Election REJECTED; received 2 response(s) [279bca68-3e74-4690-81cf-da5ab79b92f7<-daebe4f8-0ad9-4eb2-8ed7-3a8051847eb6#0:FAIL-t364, 279bca68-3e74-4690-81cf-da5ab79b92f7<-389d5540-641f-48c2-a9df-60738dbad976#0:FAIL-t364] and 0 exception(s); 279bca68-3e74-4690-81cf-da5ab79b92f7@group-AF49A4A4CA2A:t364, leader=null, voted=279bca68-3e74-4690-81cf-da5ab79b92f7, raftlog=279bca68-3e74-4690-81cf-da5ab79b92f7@group-AF49A4A4CA2A-SegmentedRaftLog:OPENED:c-1,f-1,i0, conf=-1: [daebe4f8-0ad9-4eb2-8ed7-3a8051847eb6:192.168.69.118:44860, 389d5540-641f-48c2-a9df-60738dbad976:192.168.69.118:45712, 279bca68-3e74-4690-81cf-da5ab79b92f7:192.168.69.118:45510], old=null
2019-10-23 12:36:51,705 [279bca68-3e74-4690-81cf-da5ab79b92f7@group-AF49A4A4CA2A-LeaderElection335] INFO  impl.RaftServerImpl (RaftServerImpl.java:setRole(184)) - 279bca68-3e74-4690-81cf-da5ab79b92f7@group-AF49A4A4CA2A: changes role from CANDIDATE to FOLLOWER at term 364 for DISCOVERED_A_NEW_TERM
2019-10-23 12:36:51,705 [279bca68-3e74-4690-81cf-da5ab79b92f7@group-AF49A4A4CA2A-LeaderElection335] INFO  impl.RoleInfo (RoleInfo.java:shutdownLeaderElection(134)) - 279bca68-3e74-4690-81cf-da5ab79b92f7: shutdown LeaderElection
2019-10-23 12:36:51,705 [279bca68-3e74-4690-81cf-da5ab79b92f7@group-AF49A4A4CA2A-LeaderElection335] INFO  impl.RoleInfo (RoleInfo.java:updateAndGet(143)) - 279bca68-3e74-4690-81cf-da5ab79b92f7: start FollowerState
2019-10-23 12:36:51,772 [Thread-2456] INFO  impl.FollowerState (FollowerState.java:run(108)) - 279bca68-3e74-4690-81cf-da5ab79b92f7@group-AF49A4A4CA2A-FollowerState: change to CANDIDATE, lastRpcTime:67ms, electionTimeout:67ms
2019-10-23 12:36:51,773 [Thread-2456] INFO  impl.RoleInfo (RoleInfo.java:shutdownFollowerState(121)) - 279bca68-3e74-4690-81cf-da5ab79b92f7: shutdown FollowerState
2019-10-23 12:36:51,773 [Thread-2456] INFO  impl.RaftServerImpl (RaftServerImpl.java:setRole(184)) - 279bca68-3e74-4690-81cf-da5ab79b92f7@group-AF49A4A4CA2A: changes role from  FOLLOWER to CANDIDATE at term 364 for changeToCandidate
2019-10-23 12:36:51,773 [Thread-2456] INFO  impl.RoleInfo (RoleInfo.java:updateAndGet(143)) - 279bca68-3e74-4690-81cf-da5ab79b92f7: start LeaderElection
2019-10-23 12:36:51,799 [279bca68-3e74-4690-81cf-da5ab79b92f7@group-AF49A4A4CA2A-LeaderElection336] INFO  impl.LeaderElection (LeaderElection.java:askForVotes(178)) - 279bca68-3e74-4690-81cf-da5ab79b92f7@group-AF49A4A4CA2A-LeaderElection336: begin an election at term 365 for -1: [daebe4f8-0ad9-4eb2-8ed7-3a8051847eb6:192.168.69.118:44860, 389d5540-641f-48c2-a9df-60738dbad976:192.168.69.118:45712, 279bca68-3e74-4690-81cf-da5ab79b92f7:192.168.69.118:45510], old=null
2019-10-23 12:36:51,801 [grpc-default-executor-4] INFO  impl.RaftServerImpl (RaftServerImpl.java:setRole(184)) - daebe4f8-0ad9-4eb2-8ed7-3a8051847eb6@group-AF49A4A4CA2A: changes role from  FOLLOWER to FOLLOWER at term 365 for recognizeCandidate:279bca68-3e74-4690-81cf-da5ab79b92f7
2019-10-23 12:36:51,801 [grpc-default-executor-3] INFO  impl.RaftServerImpl (RaftServerImpl.java:setRole(184)) - 389d5540-641f-48c2-a9df-60738dbad976@group-AF49A4A4CA2A: changes role from  FOLLOWER to FOLLOWER at term 365 for recognizeCandidate:279bca68-3e74-4690-81cf-da5ab79b92f7
2019-10-23 12:36:51,801 [grpc-default-executor-4] INFO  impl.RoleInfo (RoleInfo.java:shutdownFollowerState(121)) - daebe4f8-0ad9-4eb2-8ed7-3a8051847eb6: shutdown FollowerState
2019-10-23 12:36:51,801 [grpc-default-executor-3] INFO  impl.RoleInfo (RoleInfo.java:shutdownFollowerState(121)) - 389d5540-641f-48c2-a9df-60738dbad976: shutdown FollowerState
2019-10-23 12:36:51,801 [grpc-default-executor-3] INFO  impl.RoleInfo (RoleInfo.java:updateAndGet(143)) - 389d5540-641f-48c2-a9df-60738dbad976: start FollowerState
2019-10-23 12:36:51,801 [Thread-2455] INFO  impl.FollowerState (FollowerState.java:run(117)) - daebe4f8-0ad9-4eb2-8ed7-3a8051847eb6@group-AF49A4A4CA2A-FollowerState was interrupted: java.lang.InterruptedException: sleep interrupted
2019-10-23 12:36:51,801 [grpc-default-executor-4] INFO  impl.RoleInfo (RoleInfo.java:updateAndGet(143)) - daebe4f8-0ad9-4eb2-8ed7-3a8051847eb6: start FollowerState
2019-10-23 12:36:51,801 [Thread-2454] INFO  impl.FollowerState (FollowerState.java:run(117)) - 389d5540-641f-48c2-a9df-60738dbad976@group-AF49A4A4CA2A-FollowerState was interrupted: java.lang.InterruptedException: sleep interrupted
2019-10-23 12:36:51,825 [279bca68-3e74-4690-81cf-da5ab79b92f7@group-AF49A4A4CA2A-LeaderElection336] INFO  impl.LeaderElection (LeaderElection.java:logAndReturn(56)) - 279bca68-3e74-4690-81cf-da5ab79b92f7@group-AF49A4A4CA2A-LeaderElection336: Election REJECTED; received 2 response(s) [279bca68-3e74-4690-81cf-da5ab79b92f7<-daebe4f8-0ad9-4eb2-8ed7-3a8051847eb6#0:FAIL-t365, 279bca68-3e74-4690-81cf-da5ab79b92f7<-389d5540-641f-48c2-a9df-60738dbad976#0:FAIL-t365] and 0 exception(s); 279bca68-3e74-4690-81cf-da5ab79b92f7@group-AF49A4A4CA2A:t365, leader=null, voted=279bca68-3e74-4690-81cf-da5ab79b92f7, raftlog=279bca68-3e74-4690-81cf-da5ab79b92f7@group-AF49A4A4CA2A-SegmentedRaftLog:OPENED:c-1,f-1,i0, conf=-1: [daebe4f8-0ad9-4eb2-8ed7-3a8051847eb6:192.168.69.118:44860, 389d5540-641f-48c2-a9df-60738dbad976:192.168.69.118:45712, 279bca68-3e74-4690-81cf-da5ab79b92f7:192.168.69.118:45510], old=null
2019-10-23 12:36:51,826 [279bca68-3e74-4690-81cf-da5ab79b92f7@group-AF49A4A4CA2A-LeaderElection336] INFO  impl.RaftServerImpl (RaftServerImpl.java:setRole(184)) - 279bca68-3e74-4690-81cf-da5ab79b92f7@group-AF49A4A4CA2A: changes role from CANDIDATE to FOLLOWER at term 365 for DISCOVERED_A_NEW_TERM
2019-10-23 12:36:51,826 [279bca68-3e74-4690-81cf-da5ab79b92f7@group-AF49A4A4CA2A-LeaderElection336] INFO  impl.RoleInfo (RoleInfo.java:shutdownLeaderElection(134)) - 279bca68-3e74-4690-81cf-da5ab79b92f7: shutdown LeaderElection
2019-10-23 12:36:51,826 [279bca68-3e74-4690-81cf-da5ab79b92f7@group-AF49A4A4CA2A-LeaderElection336] INFO  impl.RoleInfo (RoleInfo.java:updateAndGet(143)) - 279bca68-3e74-4690-81cf-da5ab79b92f7: start FollowerState
2019-10-23 12:36:52,013 [Thread-2462] INFO  impl.FollowerState (FollowerState.java:run(108)) - 279bca68-3e74-4690-81cf-da5ab79b92f7@group-AF49A4A4CA2A-FollowerState: change to CANDIDATE, lastRpcTime:187ms, electionTimeout:187ms
2019-10-23 12:36:52,014 [Thread-2462] INFO  impl.RoleInfo (RoleInfo.java:shutdownFollowerState(121)) - 279bca68-3e74-4690-81cf-da5ab79b92f7: shutdown FollowerState
2019-10-23 12:36:52,014 [Thread-2462] INFO  impl.RaftServerImpl (RaftServerImpl.java:setRole(184)) - 279bca68-3e74-4690-81cf-da5ab79b92f7@group-AF49A4A4CA2A: changes role from  FOLLOWER to CANDIDATE at term 365 for changeToCandidate
2019-10-23 12:36:52,014 [Thread-2462] INFO  impl.RoleInfo (RoleInfo.java:updateAndGet(143)) - 279bca68-3e74-4690-81cf-da5ab79b92f7: start LeaderElection
2019-10-23 12:36:52,039 [279bca68-3e74-4690-81cf-da5ab79b92f7@group-AF49A4A4CA2A-LeaderElection337] INFO  impl.LeaderElection (LeaderElection.java:askForVotes(178)) - 279bca68-3e74-4690-81cf-da5ab79b92f7@group-AF49A4A4CA2A-LeaderElection337: begin an election at term 366 for -1: [daebe4f8-0ad9-4eb2-8ed7-3a8051847eb6:192.168.69.118:44860, 389d5540-641f-48c2-a9df-60738dbad976:192.168.69.118:45712, 279bca68-3e74-4690-81cf-da5ab79b92f7:192.168.69.118:45510], old=null
2019-10-23 12:36:52,041 [grpc-default-executor-4] INFO  impl.RaftServerImpl (RaftServerImpl.java:setRole(184)) - 389d5540-641f-48c2-a9df-60738dbad976@group-AF49A4A4CA2A: changes role from  FOLLOWER to FOLLOWER at term 366 for recognizeCandidate:279bca68-3e74-4690-81cf-da5ab79b92f7
2019-10-23 12:36:52,041 [grpc-default-executor-3] INFO  impl.RaftServerImpl (RaftServerImpl.java:setRole(184)) - daebe4f8-0ad9-4eb2-8ed7-3a8051847eb6@group-AF49A4A4CA2A: changes role from  FOLLOWER to FOLLOWER at term 366 for recognizeCandidate:279bca68-3e74-4690-81cf-da5ab79b92f7
2019-10-23 12:36:52,042 [grpc-default-executor-4] INFO  impl.RoleInfo (RoleInfo.java:shutdownFollowerState(121)) - 389d5540-641f-48c2-a9df-60738dbad976: shutdown FollowerState
2019-10-23 12:36:52,042 [grpc-default-executor-3] INFO  impl.RoleInfo (RoleInfo.java:shutdownFollowerState(121)) - daebe4f8-0ad9-4eb2-8ed7-3a8051847eb6: shutdown FollowerState
2019-10-23 12:36:52,042 [Thread-2461] INFO  impl.FollowerState (FollowerState.java:run(117)) - 389d5540-641f-48c2-a9df-60738dbad976@group-AF49A4A4CA2A-FollowerState was interrupted: java.lang.InterruptedException: sleep interrupted
2019-10-23 12:36:52,042 [grpc-default-executor-4] INFO  impl.RoleInfo (RoleInfo.java:updateAndGet(143)) - 389d5540-641f-48c2-a9df-60738dbad976: start FollowerState
2019-10-23 12:36:52,042 [Thread-2460] INFO  impl.FollowerState (FollowerState.java:run(117)) - daebe4f8-0ad9-4eb2-8ed7-3a8051847eb6@group-AF49A4A4CA2A-FollowerState was interrupted: java.lang.InterruptedException: sleep interrupted
2019-10-23 12:36:52,042 [grpc-default-executor-3] INFO  impl.RoleInfo (RoleInfo.java:updateAndGet(143)) - daebe4f8-0ad9-4eb2-8ed7-3a8051847eb6: start FollowerState
2019-10-23 12:36:52,054 [279bca68-3e74-4690-81cf-da5ab79b92f7@group-AF49A4A4CA2A-LeaderElection337] INFO  impl.LeaderElection (LeaderElection.java:logAndReturn(56)) - 279bca68-3e74-4690-81cf-da5ab79b92f7@group-AF49A4A4CA2A-LeaderElection337: Election REJECTED; received 2 response(s) [279bca68-3e74-4690-81cf-da5ab79b92f7<-daebe4f8-0ad9-4eb2-8ed7-3a8051847eb6#0:FAIL-t366, 279bca68-3e74-4690-81cf-da5ab79b92f7<-389d5540-641f-48c2-a9df-60738dbad976#0:FAIL-t366] and 0 exception(s); 279bca68-3e74-4690-81cf-da5ab79b92f7@group-AF49A4A4CA2A:t366, leader=null, voted=279bca68-3e74-4690-81cf-da5ab79b92f7, raftlog=279bca68-3e74-4690-81cf-da5ab79b92f7@group-AF49A4A4CA2A-SegmentedRaftLog:OPENED:c-1,f-1,i0, conf=-1: [daebe4f8-0ad9-4eb2-8ed7-3a8051847eb6:192.168.69.118:44860, 389d5540-641f-48c2-a9df-60738dbad976:192.168.69.118:45712, 279bca68-3e74-4690-81cf-da5ab79b92f7:192.168.69.118:45510], old=null
2019-10-23 12:36:52,054 [279bca68-3e74-4690-81cf-da5ab79b92f7@group-AF49A4A4CA2A-LeaderElection337] INFO  impl.RaftServerImpl (RaftServerImpl.java:setRole(184)) - 279bca68-3e74-4690-81cf-da5ab79b92f7@group-AF49A4A4CA2A: changes role from CANDIDATE to FOLLOWER at term 366 for DISCOVERED_A_NEW_TERM
2019-10-23 12:36:52,054 [279bca68-3e74-4690-81cf-da5ab79b92f7@group-AF49A4A4CA2A-LeaderElection337] INFO  impl.RoleInfo (RoleInfo.java:shutdownLeaderElection(134)) - 279bca68-3e74-4690-81cf-da5ab79b92f7: shutdown LeaderElection
2019-10-23 12:36:52,054 [279bca68-3e74-4690-81cf-da5ab79b92f7@group-AF49A4A4CA2A-LeaderElection337] INFO  impl.RoleInfo (RoleInfo.java:updateAndGet(143)) - 279bca68-3e74-4690-81cf-da5ab79b92f7: start FollowerState
2019-10-23 12:36:52,214 [Thread-2468] INFO  impl.FollowerState (FollowerState.java:run(108)) - 279bca68-3e74-4690-81cf-da5ab79b92f7@group-AF49A4A4CA2A-FollowerState: change to CANDIDATE, lastRpcTime:159ms, electionTimeout:159ms
2019-10-23 12:36:52,214 [Thread-2468] INFO  impl.RoleInfo (RoleInfo.java:shutdownFollowerState(121)) - 279bca68-3e74-4690-81cf-da5ab79b92f7: shutdown FollowerState
2019-10-23 12:36:52,214 [Thread-2468] INFO  impl.RaftServerImpl (RaftServerImpl.java:setRole(184)) - 279bca68-3e74-4690-81cf-da5ab79b92f7@group-AF49A4A4CA2A: changes role from  FOLLOWER to CANDIDATE at term 366 for changeToCandidate
2019-10-23 12:36:52,214 [Thread-2468] INFO  impl.RoleInfo (RoleInfo.java:updateAndGet(143)) - 279bca68-3e74-4690-81cf-da5ab79b92f7: start LeaderElection
2019-10-23 12:36:52,228 [279bca68-3e74-4690-81cf-da5ab79b92f7@group-AF49A4A4CA2A-LeaderElection338] INFO  impl.LeaderElection (LeaderElection.java:askForVotes(178)) - 279bca68-3e74-4690-81cf-da5ab79b92f7@group-AF49A4A4CA2A-LeaderElection338: begin an election at term 367 for -1: [daebe4f8-0ad9-4eb2-8ed7-3a8051847eb6:192.168.69.118:44860, 389d5540-641f-48c2-a9df-60738dbad976:192.168.69.118:45712, 279bca68-3e74-4690-81cf-da5ab79b92f7:192.168.69.118:45510], old=null
2019-10-23 12:36:52,232 [grpc-default-executor-4] INFO  impl.RaftServerImpl (RaftServerImpl.java:setRole(184)) - daebe4f8-0ad9-4eb2-8ed7-3a8051847eb6@group-AF49A4A4CA2A: changes role from  FOLLOWER to FOLLOWER at term 367 for recognizeCandidate:279bca68-3e74-4690-81cf-da5ab79b92f7
2019-10-23 12:36:52,232 [grpc-default-executor-3] INFO  impl.RaftServerImpl (RaftServerImpl.java:setRole(184)) - 389d5540-641f-48c2-a9df-60738dbad976@group-AF49A4A4CA2A: changes role from  FOLLOWER to FOLLOWER at term 367 for recognizeCandidate:279bca68-3e74-4690-81cf-da5ab79b92f7
2019-10-23 12:36:52,232 [grpc-default-executor-4] INFO  impl.RoleInfo (RoleInfo.java:shutdownFollowerState(121)) - daebe4f8-0ad9-4eb2-8ed7-3a8051847eb6: shutdown FollowerState
2019-10-23 12:36:52,232 [grpc-default-executor-3] INFO  impl.RoleInfo (RoleInfo.java:shutdownFollowerState(121)) - 389d5540-641f-48c2-a9df-60738dbad976: shutdown FollowerState
2019-10-23 12:36:52,233 [Thread-2467] INFO  impl.FollowerState (FollowerState.java:run(117)) - daebe4f8-0ad9-4eb2-8ed7-3a8051847eb6@group-AF49A4A4CA2A-FollowerState was interrupted: java.lang.InterruptedException: sleep interrupted
2019-10-23 12:36:52,233 [grpc-default-executor-4] INFO  impl.RoleInfo (RoleInfo.java:updateAndGet(143)) - daebe4f8-0ad9-4eb2-8ed7-3a8051847eb6: start FollowerState
2019-10-23 12:36:52,233 [Thread-2466] INFO  impl.FollowerState (FollowerState.java:run(117)) - 389d5540-641f-48c2-a9df-60738dbad976@group-AF49A4A4CA2A-FollowerState was interrupted: java.lang.InterruptedException: sleep interrupted
2019-10-23 12:36:52,233 [grpc-default-executor-3] INFO  impl.RoleInfo (RoleInfo.java:updateAndGet(143)) - 389d5540-641f-48c2-a9df-60738dbad976: start FollowerState
2019-10-23 12:36:52,248 [279bca68-3e74-4690-81cf-da5ab79b92f7@group-AF49A4A4CA2A-LeaderElection338] INFO  impl.LeaderElection (LeaderElection.java:logAndReturn(56)) - 279bca68-3e74-4690-81cf-da5ab79b92f7@group-AF49A4A4CA2A-LeaderElection338: Election REJECTED; received 2 response(s) [279bca68-3e74-4690-81cf-da5ab79b92f7<-daebe4f8-0ad9-4eb2-8ed7-3a8051847eb6#0:FAIL-t367, 279bca68-3e74-4690-81cf-da5ab79b92f7<-389d5540-641f-48c2-a9df-60738dbad976#0:FAIL-t367] and 0 exception(s); 279bca68-3e74-4690-81cf-da5ab79b92f7@group-AF49A4A4CA2A:t367, leader=null, voted=279bca68-3e74-4690-81cf-da5ab79b92f7, raftlog=279bca68-3e74-4690-81cf-da5ab79b92f7@group-AF49A4A4CA2A-SegmentedRaftLog:OPENED:c-1,f-1,i0, conf=-1: [daebe4f8-0ad9-4eb2-8ed7-3a8051847eb6:192.168.69.118:44860, 389d5540-641f-48c2-a9df-60738dbad976:192.168.69.118:45712, 279bca68-3e74-4690-81cf-da5ab79b92f7:192.168.69.118:45510], old=null
2019-10-23 12:36:52,248 [279bca68-3e74-4690-81cf-da5ab79b92f7@group-AF49A4A4CA2A-LeaderElection338] INFO  impl.RaftServerImpl (RaftServerImpl.java:setRole(184)) - 279bca68-3e74-4690-81cf-da5ab79b92f7@group-AF49A4A4CA2A: changes role from CANDIDATE to FOLLOWER at term 367 for DISCOVERED_A_NEW_TERM
2019-10-23 12:36:52,248 [279bca68-3e74-4690-81cf-da5ab79b92f7@group-AF49A4A4CA2A-LeaderElection338] INFO  impl.RoleInfo (RoleInfo.java:shutdownLeaderElection(134)) - 279bca68-3e74-4690-81cf-da5ab79b92f7: shutdown LeaderElection
2019-10-23 12:36:52,248 [279bca68-3e74-4690-81cf-da5ab79b92f7@group-AF49A4A4CA2A-LeaderElection338] INFO  impl.RoleInfo (RoleInfo.java:updateAndGet(143)) - 279bca68-3e74-4690-81cf-da5ab79b92f7: start FollowerState
2019-10-23 12:36:52,254 [Thread-2474] INFO  impl.FollowerState (FollowerState.java:run(108)) - 279bca68-3e74-4690-81cf-da5ab79b92f7@group-AF49A4A4CA2A-FollowerState: change to CANDIDATE, lastRpcTime:6ms, electionTimeout:6ms
2019-10-23 12:36:52,255 [Thread-2474] INFO  impl.RoleInfo (RoleInfo.java:shutdownFollowerState(121)) - 279bca68-3e74-4690-81cf-da5ab79b92f7: shutdown FollowerState
2019-10-23 12:36:52,255 [Thread-2474] INFO  impl.RaftServerImpl (RaftServerImpl.java:setRole(184)) - 279bca68-3e74-4690-81cf-da5ab79b92f7@group-AF49A4A4CA2A: changes role from  FOLLOWER to CANDIDATE at term 367 for changeToCandidate
2019-10-23 12:36:52,255 [Thread-2474] INFO  impl.RoleInfo (RoleInfo.java:updateAndGet(143)) - 279bca68-3e74-4690-81cf-da5ab79b92f7: start LeaderElection
2019-10-23 12:36:52,268 [279bca68-3e74-4690-81cf-da5ab79b92f7@group-AF49A4A4CA2A-LeaderElection339] INFO  impl.LeaderElection (LeaderElection.java:askForVotes(178)) - 279bca68-3e74-4690-81cf-da5ab79b92f7@group-AF49A4A4CA2A-LeaderElection339: begin an election at term 368 for -1: [daebe4f8-0ad9-4eb2-8ed7-3a8051847eb6:192.168.69.118:44860, 389d5540-641f-48c2-a9df-60738dbad976:192.168.69.118:45712, 279bca68-3e74-4690-81cf-da5ab79b92f7:192.168.69.118:45510], old=null
2019-10-23 12:36:52,269 [grpc-default-executor-3] INFO  impl.RaftServerImpl (RaftServerImpl.java:setRole(184)) - daebe4f8-0ad9-4eb2-8ed7-3a8051847eb6@group-AF49A4A4CA2A: changes role from  FOLLOWER to FOLLOWER at term 368 for recognizeCandidate:279bca68-3e74-4690-81cf-da5ab79b92f7
2019-10-23 12:36:52,269 [grpc-default-executor-3] INFO  impl.RoleInfo (RoleInfo.java:shutdownFollowerState(121)) - daebe4f8-0ad9-4eb2-8ed7-3a8051847eb6: shutdown FollowerState
2019-10-23 12:36:52,269 [grpc-default-executor-3] INFO  impl.RoleInfo (RoleInfo.java:updateAndGet(143)) - daebe4f8-0ad9-4eb2-8ed7-3a8051847eb6: start FollowerState
2019-10-23 12:36:52,269 [grpc-default-executor-4] INFO  impl.RaftServerImpl (RaftServerImpl.java:setRole(184)) - 389d5540-641f-48c2-a9df-60738dbad976@group-AF49A4A4CA2A: changes role from  FOLLOWER to FOLLOWER at term 368 for recognizeCandidate:279bca68-3e74-4690-81cf-da5ab79b92f7
2019-10-23 12:36:52,269 [Thread-2472] INFO  impl.FollowerState (FollowerState.java:run(117)) - daebe4f8-0ad9-4eb2-8ed7-3a8051847eb6@group-AF49A4A4CA2A-FollowerState was interrupted: java.lang.InterruptedException: sleep interrupted
2019-10-23 12:36:52,269 [grpc-default-executor-4] INFO  impl.RoleInfo (RoleInfo.java:shutdownFollowerState(121)) - 389d5540-641f-48c2-a9df-60738dbad976: shutdown FollowerState
2019-10-23 12:36:52,270 [Thread-2473] INFO  impl.FollowerState (FollowerState.java:run(117)) - 389d5540-641f-48c2-a9df-60738dbad976@group-AF49A4A4CA2A-FollowerState was interrupted: java.lang.InterruptedException: sleep interrupted
2019-10-23 12:36:52,270 [grpc-default-executor-4] INFO  impl.RoleInfo (RoleInfo.java:updateAndGet(143)) - 389d5540-641f-48c2-a9df-60738dbad976: start FollowerState
2019-10-23 12:36:52,283 [279bca68-3e74-4690-81cf-da5ab79b92f7@group-AF49A4A4CA2A-LeaderElection339] INFO  impl.LeaderElection (LeaderElection.java:logAndReturn(56)) - 279bca68-3e74-4690-81cf-da5ab79b92f7@group-AF49A4A4CA2A-LeaderElection339: Election REJECTED; received 2 response(s) [279bca68-3e74-4690-81cf-da5ab79b92f7<-daebe4f8-0ad9-4eb2-8ed7-3a8051847eb6#0:FAIL-t368, 279bca68-3e74-4690-81cf-da5ab79b92f7<-389d5540-641f-48c2-a9df-60738dbad976#0:FAIL-t368] and 0 exception(s); 279bca68-3e74-4690-81cf-da5ab79b92f7@group-AF49A4A4CA2A:t368, leader=null, voted=279bca68-3e74-4690-81cf-da5ab79b92f7, raftlog=279bca68-3e74-4690-81cf-da5ab79b92f7@group-AF49A4A4CA2A-SegmentedRaftLog:OPENED:c-1,f-1,i0, conf=-1: [daebe4f8-0ad9-4eb2-8ed7-3a8051847eb6:192.168.69.118:44860, 389d5540-641f-48c2-a9df-60738dbad976:192.168.69.118:45712, 279bca68-3e74-4690-81cf-da5ab79b92f7:192.168.69.118:45510], old=null
2019-10-23 12:36:52,284 [279bca68-3e74-4690-81cf-da5ab79b92f7@group-AF49A4A4CA2A-LeaderElection339] INFO  impl.RaftServerImpl (RaftServerImpl.java:setRole(184)) - 279bca68-3e74-4690-81cf-da5ab79b92f7@group-AF49A4A4CA2A: changes role from CANDIDATE to FOLLOWER at term 368 for DISCOVERED_A_NEW_TERM
2019-10-23 12:36:52,284 [279bca68-3e74-4690-81cf-da5ab79b92f7@group-AF49A4A4CA2A-LeaderElection339] INFO  impl.RoleInfo (RoleInfo.java:shutdownLeaderElection(134)) - 279bca68-3e74-4690-81cf-da5ab79b92f7: shutdown LeaderElection
2019-10-23 12:36:52,284 [279bca68-3e74-4690-81cf-da5ab79b92f7@group-AF49A4A4CA2A-LeaderElection339] INFO  impl.RoleInfo (RoleInfo.java:updateAndGet(143)) - 279bca68-3e74-4690-81cf-da5ab79b92f7: start FollowerState
2019-10-23 12:36:52,320 [Thread-2480] INFO  impl.FollowerState (FollowerState.java:run(108)) - 279bca68-3e74-4690-81cf-da5ab79b92f7@group-AF49A4A4CA2A-FollowerState: change to CANDIDATE, lastRpcTime:36ms, electionTimeout:36ms
2019-10-23 12:36:52,320 [Thread-2480] INFO  impl.RoleInfo (RoleInfo.java:shutdownFollowerState(121)) - 279bca68-3e74-4690-81cf-da5ab79b92f7: shutdown FollowerState
2019-10-23 12:36:52,320 [Thread-2480] INFO  impl.RaftServerImpl (RaftServerImpl.java:setRole(184)) - 279bca68-3e74-4690-81cf-da5ab79b92f7@group-AF49A4A4CA2A: changes role from  FOLLOWER to CANDIDATE at term 368 for changeToCandidate
2019-10-23 12:36:52,320 [Thread-2480] INFO  impl.RoleInfo (RoleInfo.java:updateAndGet(143)) - 279bca68-3e74-4690-81cf-da5ab79b92f7: start LeaderElection
2019-10-23 12:36:52,345 [279bca68-3e74-4690-81cf-da5ab79b92f7@group-AF49A4A4CA2A-LeaderElection340] INFO  impl.LeaderElection (LeaderElection.java:askForVotes(178)) - 279bca68-3e74-4690-81cf-da5ab79b92f7@group-AF49A4A4CA2A-LeaderElection340: begin an election at term 369 for -1: [daebe4f8-0ad9-4eb2-8ed7-3a8051847eb6:192.168.69.118:44860, 389d5540-641f-48c2-a9df-60738dbad976:192.168.69.118:45712, 279bca68-3e74-4690-81cf-da5ab79b92f7:192.168.69.118:45510], old=null
2019-10-23 12:36:52,347 [grpc-default-executor-4] INFO  impl.RaftServerImpl (RaftServerImpl.java:setRole(184)) - 389d5540-641f-48c2-a9df-60738dbad976@group-AF49A4A4CA2A: changes role from  FOLLOWER to FOLLOWER at term 369 for recognizeCandidate:279bca68-3e74-4690-81cf-da5ab79b92f7
2019-10-23 12:36:52,347 [grpc-default-executor-4] INFO  impl.RoleInfo (RoleInfo.java:shutdownFollowerState(121)) - 389d5540-641f-48c2-a9df-60738dbad976: shutdown FollowerState
2019-10-23 12:36:52,347 [grpc-default-executor-3] INFO  impl.RaftServerImpl (RaftServerImpl.java:setRole(184)) - daebe4f8-0ad9-4eb2-8ed7-3a8051847eb6@group-AF49A4A4CA2A: changes role from  FOLLOWER to FOLLOWER at term 369 for recognizeCandidate:279bca68-3e74-4690-81cf-da5ab79b92f7
2019-10-23 12:36:52,347 [grpc-default-executor-3] INFO  impl.RoleInfo (RoleInfo.java:shutdownFollowerState(121)) - daebe4f8-0ad9-4eb2-8ed7-3a8051847eb6: shutdown FollowerState
2019-10-23 12:36:52,347 [Thread-2479] INFO  impl.FollowerState (FollowerState.java:run(117)) - 389d5540-641f-48c2-a9df-60738dbad976@group-AF49A4A4CA2A-FollowerState was interrupted: java.lang.InterruptedException: sleep interrupted
2019-10-23 12:36:52,347 [grpc-default-executor-4] INFO  impl.RoleInfo (RoleInfo.java:updateAndGet(143)) - 389d5540-641f-48c2-a9df-60738dbad976: start FollowerState
2019-10-23 12:36:52,347 [Thread-2478] INFO  impl.FollowerState (FollowerState.java:run(117)) - daebe4f8-0ad9-4eb2-8ed7-3a8051847eb6@group-AF49A4A4CA2A-FollowerState was interrupted: java.lang.InterruptedException: sleep interrupted
2019-10-23 12:36:52,347 [grpc-default-executor-3] INFO  impl.RoleInfo (RoleInfo.java:updateAndGet(143)) - daebe4f8-0ad9-4eb2-8ed7-3a8051847eb6: start FollowerState
2019-10-23 12:36:52,348 [279bca68-3e74-4690-81cf-da5ab79b92f7@group-AF49A4A4CA2A-LeaderElection340] INFO  impl.LeaderElection (LeaderElection.java:logAndReturn(56)) - 279bca68-3e74-4690-81cf-da5ab79b92f7@group-AF49A4A4CA2A-LeaderElection340: Election TIMEOUT; received 0 response(s) [] and 0 exception(s); 279bca68-3e74-4690-81cf-da5ab79b92f7@group-AF49A4A4CA2A:t369, leader=null, voted=279bca68-3e74-4690-81cf-da5ab79b92f7, raftlog=279bca68-3e74-4690-81cf-da5ab79b92f7@group-AF49A4A4CA2A-SegmentedRaftLog:OPENED:c-1,f-1,i0, conf=-1: [daebe4f8-0ad9-4eb2-8ed7-3a8051847eb6:192.168.69.118:44860, 389d5540-641f-48c2-a9df-60738dbad976:192.168.69.118:45712, 279bca68-3e74-4690-81cf-da5ab79b92f7:192.168.69.118:45510], old=null
2019-10-23 12:36:52,361 [279bca68-3e74-4690-81cf-da5ab79b92f7@group-AF49A4A4CA2A-LeaderElection340] INFO  impl.LeaderElection (LeaderElection.java:askForVotes(178)) - 279bca68-3e74-4690-81cf-da5ab79b92f7@group-AF49A4A4CA2A-LeaderElection340: begin an election at term 370 for -1: [daebe4f8-0ad9-4eb2-8ed7-3a8051847eb6:192.168.69.118:44860, 389d5540-641f-48c2-a9df-60738dbad976:192.168.69.118:45712, 279bca68-3e74-4690-81cf-da5ab79b92f7:192.168.69.118:45510], old=null
2019-10-23 12:36:52,362 [grpc-default-executor-4] INFO  impl.RaftServerImpl (RaftServerImpl.java:setRole(184)) - daebe4f8-0ad9-4eb2-8ed7-3a8051847eb6@group-AF49A4A4CA2A: changes role from  FOLLOWER to FOLLOWER at term 370 for recognizeCandidate:279bca68-3e74-4690-81cf-da5ab79b92f7
2019-10-23 12:36:52,363 [grpc-default-executor-4] INFO  impl.RoleInfo (RoleInfo.java:shutdownFollowerState(121)) - daebe4f8-0ad9-4eb2-8ed7-3a8051847eb6: shutdown FollowerState
2019-10-23 12:36:52,363 [grpc-default-executor-4] INFO  impl.RoleInfo (RoleInfo.java:updateAndGet(143)) - daebe4f8-0ad9-4eb2-8ed7-3a8051847eb6: start FollowerState
2019-10-23 12:36:52,363 [grpc-default-executor-3] INFO  impl.RaftServerImpl (RaftServerImpl.java:setRole(184)) - 389d5540-641f-48c2-a9df-60738dbad976@group-AF49A4A4CA2A: changes role from  FOLLOWER to FOLLOWER at term 370 for recognizeCandidate:279bca68-3e74-4690-81cf-da5ab79b92f7
2019-10-23 12:36:52,363 [Thread-2485] INFO  impl.FollowerState (FollowerState.java:run(117)) - daebe4f8-0ad9-4eb2-8ed7-3a8051847eb6@group-AF49A4A4CA2A-FollowerState was interrupted: java.lang.InterruptedException: sleep interrupted
2019-10-23 12:36:52,363 [grpc-default-executor-3] INFO  impl.RoleInfo (RoleInfo.java:shutdownFollowerState(121)) - 389d5540-641f-48c2-a9df-60738dbad976: shutdown FollowerState
2019-10-23 12:36:52,363 [grpc-default-executor-3] INFO  impl.RoleInfo (RoleInfo.java:updateAndGet(143)) - 389d5540-641f-48c2-a9df-60738dbad976: start FollowerState
2019-10-23 12:36:52,363 [Thread-2484] INFO  impl.FollowerState (FollowerState.java:run(117)) - 389d5540-641f-48c2-a9df-60738dbad976@group-AF49A4A4CA2A-FollowerState was interrupted: java.lang.InterruptedException: sleep interrupted
2019-10-23 12:36:52,389 [279bca68-3e74-4690-81cf-da5ab79b92f7@group-AF49A4A4CA2A-LeaderElection340] INFO  impl.LeaderElection (LeaderElection.java:logAndReturn(56)) - 279bca68-3e74-4690-81cf-da5ab79b92f7@group-AF49A4A4CA2A-LeaderElection340: Election REJECTED; received 2 response(s) [279bca68-3e74-4690-81cf-da5ab79b92f7<-daebe4f8-0ad9-4eb2-8ed7-3a8051847eb6#0:FAIL-t370, 279bca68-3e74-4690-81cf-da5ab79b92f7<-389d5540-641f-48c2-a9df-60738dbad976#0:FAIL-t370] and 0 exception(s); 279bca68-3e74-4690-81cf-da5ab79b92f7@group-AF49A4A4CA2A:t370, leader=null, voted=279bca68-3e74-4690-81cf-da5ab79b92f7, raftlog=279bca68-3e74-4690-81cf-da5ab79b92f7@group-AF49A4A4CA2A-SegmentedRaftLog:OPENED:c-1,f-1,i0, conf=-1: [daebe4f8-0ad9-4eb2-8ed7-3a8051847eb6:192.168.69.118:44860, 389d5540-641f-48c2-a9df-60738dbad976:192.168.69.118:45712, 279bca68-3e74-4690-81cf-da5ab79b92f7:192.168.69.118:45510], old=null
2019-10-23 12:36:52,389 [279bca68-3e74-4690-81cf-da5ab79b92f7@group-AF49A4A4CA2A-LeaderElection340] INFO  impl.RaftServerImpl (RaftServerImpl.java:setRole(184)) - 279bca68-3e74-4690-81cf-da5ab79b92f7@group-AF49A4A4CA2A: changes role from CANDIDATE to FOLLOWER at term 370 for DISCOVERED_A_NEW_TERM
2019-10-23 12:36:52,389 [279bca68-3e74-4690-81cf-da5ab79b92f7@group-AF49A4A4CA2A-LeaderElection340] INFO  impl.RoleInfo (RoleInfo.java:shutdownLeaderElection(134)) - 279bca68-3e74-4690-81cf-da5ab79b92f7: shutdown LeaderElection
2019-10-23 12:36:52,389 [279bca68-3e74-4690-81cf-da5ab79b92f7@group-AF49A4A4CA2A-LeaderElection340] INFO  impl.RoleInfo (RoleInfo.java:updateAndGet(143)) - 279bca68-3e74-4690-81cf-da5ab79b92f7: start FollowerState
2019-10-23 12:36:52,397 [Thread-2490] INFO  impl.FollowerState (FollowerState.java:run(108)) - 279bca68-3e74-4690-81cf-da5ab79b92f7@group-AF49A4A4CA2A-FollowerState: change to CANDIDATE, lastRpcTime:8ms, electionTimeout:8ms
2019-10-23 12:36:52,397 [Thread-2490] INFO  impl.RoleInfo (RoleInfo.java:shutdownFollowerState(121)) - 279bca68-3e74-4690-81cf-da5ab79b92f7: shutdown FollowerState
2019-10-23 12:36:52,397 [Thread-2490] INFO  impl.RaftServerImpl (RaftServerImpl.java:setRole(184)) - 279bca68-3e74-4690-81cf-da5ab79b92f7@group-AF49A4A4CA2A: changes role from  FOLLOWER to CANDIDATE at term 370 for changeToCandidate
2019-10-23 12:36:52,398 [Thread-2490] INFO  impl.RoleInfo (RoleInfo.java:updateAndGet(143)) - 279bca68-3e74-4690-81cf-da5ab79b92f7: start LeaderElection
2019-10-23 12:36:52,411 [279bca68-3e74-4690-81cf-da5ab79b92f7@group-AF49A4A4CA2A-LeaderElection341] INFO  impl.LeaderElection (LeaderElection.java:askForVotes(178)) - 279bca68-3e74-4690-81cf-da5ab79b92f7@group-AF49A4A4CA2A-LeaderElection341: begin an election at term 371 for -1: [daebe4f8-0ad9-4eb2-8ed7-3a8051847eb6:192.168.69.118:44860, 389d5540-641f-48c2-a9df-60738dbad976:192.168.69.118:45712, 279bca68-3e74-4690-81cf-da5ab79b92f7:192.168.69.118:45510], old=null
2019-10-23 12:36:52,412 [grpc-default-executor-3] INFO  impl.RaftServerImpl (RaftServerImpl.java:setRole(184)) - 389d5540-641f-48c2-a9df-60738dbad976@group-AF49A4A4CA2A: changes role from  FOLLOWER to FOLLOWER at term 371 for recognizeCandidate:279bca68-3e74-4690-81cf-da5ab79b92f7
2019-10-23 12:36:52,412 [grpc-default-executor-3] INFO  impl.RoleInfo (RoleInfo.java:shutdownFollowerState(121)) - 389d5540-641f-48c2-a9df-60738dbad976: shutdown FollowerState
2019-10-23 12:36:52,412 [grpc-default-executor-4] INFO  impl.RaftServerImpl (RaftServerImpl.java:setRole(184)) - daebe4f8-0ad9-4eb2-8ed7-3a8051847eb6@group-AF49A4A4CA2A: changes role from  FOLLOWER to FOLLOWER at term 371 for recognizeCandidate:279bca68-3e74-4690-81cf-da5ab79b92f7
2019-10-23 12:36:52,412 [grpc-default-executor-4] INFO  impl.RoleInfo (RoleInfo.java:shutdownFollowerState(121)) - daebe4f8-0ad9-4eb2-8ed7-3a8051847eb6: shutdown FollowerState
2019-10-23 12:36:52,412 [Thread-2489] INFO  impl.FollowerState (FollowerState.java:run(117)) - 389d5540-641f-48c2-a9df-60738dbad976@group-AF49A4A4CA2A-FollowerState was interrupted: java.lang.InterruptedException: sleep interrupted
2019-10-23 12:36:52,413 [Thread-2488] INFO  impl.FollowerState (FollowerState.java:run(117)) - daebe4f8-0ad9-4eb2-8ed7-3a8051847eb6@group-AF49A4A4CA2A-FollowerState was interrupted: java.lang.InterruptedException: sleep interrupted
2019-10-23 12:36:52,412 [grpc-default-executor-3] INFO  impl.RoleInfo (RoleInfo.java:updateAndGet(143)) - 389d5540-641f-48c2-a9df-60738dbad976: start FollowerState
2019-10-23 12:36:52,413 [grpc-default-executor-4] INFO  impl.RoleInfo (RoleInfo.java:updateAndGet(143)) - daebe4f8-0ad9-4eb2-8ed7-3a8051847eb6: start FollowerState
2019-10-23 12:36:52,439 [279bca68-3e74-4690-81cf-da5ab79b92f7@group-AF49A4A4CA2A-LeaderElection341] INFO  impl.LeaderElection (LeaderElection.java:logAndReturn(56)) - 279bca68-3e74-4690-81cf-da5ab79b92f7@group-AF49A4A4CA2A-LeaderElection341: Election REJECTED; received 2 response(s) [279bca68-3e74-4690-81cf-da5ab79b92f7<-daebe4f8-0ad9-4eb2-8ed7-3a8051847eb6#0:FAIL-t371, 279bca68-3e74-4690-81cf-da5ab79b92f7<-389d5540-641f-48c2-a9df-60738dbad976#0:FAIL-t371] and 0 exception(s); 279bca68-3e74-4690-81cf-da5ab79b92f7@group-AF49A4A4CA2A:t371, leader=null, voted=279bca68-3e74-4690-81cf-da5ab79b92f7, raftlog=279bca68-3e74-4690-81cf-da5ab79b92f7@group-AF49A4A4CA2A-SegmentedRaftLog:OPENED:c-1,f-1,i0, conf=-1: [daebe4f8-0ad9-4eb2-8ed7-3a8051847eb6:192.168.69.118:44860, 389d5540-641f-48c2-a9df-60738dbad976:192.168.69.118:45712, 279bca68-3e74-4690-81cf-da5ab79b92f7:192.168.69.118:45510], old=null
2019-10-23 12:36:52,439 [279bca68-3e74-4690-81cf-da5ab79b92f7@group-AF49A4A4CA2A-LeaderElection341] INFO  impl.RaftServerImpl (RaftServerImpl.java:setRole(184)) - 279bca68-3e74-4690-81cf-da5ab79b92f7@group-AF49A4A4CA2A: changes role from CANDIDATE to FOLLOWER at term 371 for DISCOVERED_A_NEW_TERM
2019-10-23 12:36:52,439 [279bca68-3e74-4690-81cf-da5ab79b92f7@group-AF49A4A4CA2A-LeaderElection341] INFO  impl.RoleInfo (RoleInfo.java:shutdownLeaderElection(134)) - 279bca68-3e74-4690-81cf-da5ab79b92f7: shutdown LeaderElection
2019-10-23 12:36:52,439 [279bca68-3e74-4690-81cf-da5ab79b92f7@group-AF49A4A4CA2A-LeaderElection341] INFO  impl.RoleInfo (RoleInfo.java:updateAndGet(143)) - 279bca68-3e74-4690-81cf-da5ab79b92f7: start FollowerState
2019-10-23 12:36:52,488 [Thread-2496] INFO  impl.FollowerState (FollowerState.java:run(108)) - 279bca68-3e74-4690-81cf-da5ab79b92f7@group-AF49A4A4CA2A-FollowerState: change to CANDIDATE, lastRpcTime:48ms, electionTimeout:48ms
2019-10-23 12:36:52,488 [Thread-2496] INFO  impl.RoleInfo (RoleInfo.java:shutdownFollowerState(121)) - 279bca68-3e74-4690-81cf-da5ab79b92f7: shutdown FollowerState
2019-10-23 12:36:52,488 [Thread-2496] INFO  impl.RaftServerImpl (RaftServerImpl.java:setRole(184)) - 279bca68-3e74-4690-81cf-da5ab79b92f7@group-AF49A4A4CA2A: changes role from  FOLLOWER to CANDIDATE at term 371 for changeToCandidate
2019-10-23 12:36:52,488 [Thread-2496] INFO  impl.RoleInfo (RoleInfo.java:updateAndGet(143)) - 279bca68-3e74-4690-81cf-da5ab79b92f7: start LeaderElection
2019-10-23 12:36:52,502 [279bca68-3e74-4690-81cf-da5ab79b92f7@group-AF49A4A4CA2A-LeaderElection342] INFO  impl.LeaderElection (LeaderElection.java:askForVotes(178)) - 279bca68-3e74-4690-81cf-da5ab79b92f7@group-AF49A4A4CA2A-LeaderElection342: begin an election at term 372 for -1: [daebe4f8-0ad9-4eb2-8ed7-3a8051847eb6:192.168.69.118:44860, 389d5540-641f-48c2-a9df-60738dbad976:192.168.69.118:45712, 279bca68-3e74-4690-81cf-da5ab79b92f7:192.168.69.118:45510], old=null
2019-10-23 12:36:52,504 [grpc-default-executor-3] INFO  impl.RaftServerImpl (RaftServerImpl.java:setRole(184)) - daebe4f8-0ad9-4eb2-8ed7-3a8051847eb6@group-AF49A4A4CA2A: changes role from  FOLLOWER to FOLLOWER at term 372 for recognizeCandidate:279bca68-3e74-4690-81cf-da5ab79b92f7
2019-10-23 12:36:52,504 [grpc-default-executor-4] INFO  impl.RaftServerImpl (RaftServerImpl.java:setRole(184)) - 389d5540-641f-48c2-a9df-60738dbad976@group-AF49A4A4CA2A: changes role from  FOLLOWER to FOLLOWER at term 372 for recognizeCandidate:279bca68-3e74-4690-81cf-da5ab79b92f7
2019-10-23 12:36:52,504 [grpc-default-executor-3] INFO  impl.RoleInfo (RoleInfo.java:shutdownFollowerState(121)) - daebe4f8-0ad9-4eb2-8ed7-3a8051847eb6: shutdown FollowerState
2019-10-23 12:36:52,504 [grpc-default-executor-4] INFO  impl.RoleInfo (RoleInfo.java:shutdownFollowerState(121)) - 389d5540-641f-48c2-a9df-60738dbad976: shutdown FollowerState
2019-10-23 12:36:52,504 [Thread-2495] INFO  impl.FollowerState (FollowerState.java:run(117)) - daebe4f8-0ad9-4eb2-8ed7-3a8051847eb6@group-AF49A4A4CA2A-FollowerState was interrupted: java.lang.InterruptedException: sleep interrupted
2019-10-23 12:36:52,504 [grpc-default-executor-3] INFO  impl.RoleInfo (RoleInfo.java:updateAndGet(143)) - daebe4f8-0ad9-4eb2-8ed7-3a8051847eb6: start FollowerState
2019-10-23 12:36:52,504 [Thread-2494] INFO  impl.FollowerState (FollowerState.java:run(117)) - 389d5540-641f-48c2-a9df-60738dbad976@group-AF49A4A4CA2A-FollowerState was interrupted: java.lang.InterruptedException: sleep interrupted
2019-10-23 12:36:52,504 [grpc-default-executor-4] INFO  impl.RoleInfo (RoleInfo.java:updateAndGet(143)) - 389d5540-641f-48c2-a9df-60738dbad976: start FollowerState
2019-10-23 12:36:52,531 [279bca68-3e74-4690-81cf-da5ab79b92f7@group-AF49A4A4CA2A-LeaderElection342] INFO  impl.LeaderElection (LeaderElection.java:logAndReturn(56)) - 279bca68-3e74-4690-81cf-da5ab79b92f7@group-AF49A4A4CA2A-LeaderElection342: Election REJECTED; received 2 response(s) [279bca68-3e74-4690-81cf-da5ab79b92f7<-daebe4f8-0ad9-4eb2-8ed7-3a8051847eb6#0:FAIL-t372, 279bca68-3e74-4690-81cf-da5ab79b92f7<-389d5540-641f-48c2-a9df-60738dbad976#0:FAIL-t372] and 0 exception(s); 279bca68-3e74-4690-81cf-da5ab79b92f7@group-AF49A4A4CA2A:t372, leader=null, voted=279bca68-3e74-4690-81cf-da5ab79b92f7, raftlog=279bca68-3e74-4690-81cf-da5ab79b92f7@group-AF49A4A4CA2A-SegmentedRaftLog:OPENED:c-1,f-1,i0, conf=-1: [daebe4f8-0ad9-4eb2-8ed7-3a8051847eb6:192.168.69.118:44860, 389d5540-641f-48c2-a9df-60738dbad976:192.168.69.118:45712, 279bca68-3e74-4690-81cf-da5ab79b92f7:192.168.69.118:45510], old=null
2019-10-23 12:36:52,531 [279bca68-3e74-4690-81cf-da5ab79b92f7@group-AF49A4A4CA2A-LeaderElection342] INFO  impl.RaftServerImpl (RaftServerImpl.java:setRole(184)) - 279bca68-3e74-4690-81cf-da5ab79b92f7@group-AF49A4A4CA2A: changes role from CANDIDATE to FOLLOWER at term 372 for DISCOVERED_A_NEW_TERM
2019-10-23 12:36:52,531 [279bca68-3e74-4690-81cf-da5ab79b92f7@group-AF49A4A4CA2A-LeaderElection342] INFO  impl.RoleInfo (RoleInfo.java:shutdownLeaderElection(134)) - 279bca68-3e74-4690-81cf-da5ab79b92f7: shutdown LeaderElection
2019-10-23 12:36:52,531 [279bca68-3e74-4690-81cf-da5ab79b92f7@group-AF49A4A4CA2A-LeaderElection342] INFO  impl.RoleInfo (RoleInfo.java:updateAndGet(143)) - 279bca68-3e74-4690-81cf-da5ab79b92f7: start FollowerState
2019-10-23 12:36:52,625 [Thread-2502] INFO  impl.FollowerState (FollowerState.java:run(108)) - 279bca68-3e74-4690-81cf-da5ab79b92f7@group-AF49A4A4CA2A-FollowerState: change to CANDIDATE, lastRpcTime:94ms, electionTimeout:94ms
2019-10-23 12:36:52,625 [Thread-2502] INFO  impl.RoleInfo (RoleInfo.java:shutdownFollowerState(121)) - 279bca68-3e74-4690-81cf-da5ab79b92f7: shutdown FollowerState
2019-10-23 12:36:52,625 [Thread-2502] INFO  impl.RaftServerImpl (RaftServerImpl.java:setRole(184)) - 279bca68-3e74-4690-81cf-da5ab79b92f7@group-AF49A4A4CA2A: changes role from  FOLLOWER to CANDIDATE at term 372 for changeToCandidate
2019-10-23 12:36:52,626 [Thread-2502] INFO  impl.RoleInfo (RoleInfo.java:updateAndGet(143)) - 279bca68-3e74-4690-81cf-da5ab79b92f7: start LeaderElection
2019-10-23 12:36:52,639 [279bca68-3e74-4690-81cf-da5ab79b92f7@group-AF49A4A4CA2A-LeaderElection343] INFO  impl.LeaderElection (LeaderElection.java:askForVotes(178)) - 279bca68-3e74-4690-81cf-da5ab79b92f7@group-AF49A4A4CA2A-LeaderElection343: begin an election at term 373 for -1: [daebe4f8-0ad9-4eb2-8ed7-3a8051847eb6:192.168.69.118:44860, 389d5540-641f-48c2-a9df-60738dbad976:192.168.69.118:45712, 279bca68-3e74-4690-81cf-da5ab79b92f7:192.168.69.118:45510], old=null
2019-10-23 12:36:52,640 [grpc-default-executor-3] INFO  impl.RaftServerImpl (RaftServerImpl.java:setRole(184)) - daebe4f8-0ad9-4eb2-8ed7-3a8051847eb6@group-AF49A4A4CA2A: changes role from  FOLLOWER to FOLLOWER at term 373 for recognizeCandidate:279bca68-3e74-4690-81cf-da5ab79b92f7
2019-10-23 12:36:52,640 [grpc-default-executor-3] INFO  impl.RoleInfo (RoleInfo.java:shutdownFollowerState(121)) - daebe4f8-0ad9-4eb2-8ed7-3a8051847eb6: shutdown FollowerState
2019-10-23 12:36:52,640 [grpc-default-executor-4] INFO  impl.RaftServerImpl (RaftServerImpl.java:setRole(184)) - 389d5540-641f-48c2-a9df-60738dbad976@group-AF49A4A4CA2A: changes role from  FOLLOWER to FOLLOWER at term 373 for recognizeCandidate:279bca68-3e74-4690-81cf-da5ab79b92f7
2019-10-23 12:36:52,641 [grpc-default-executor-4] INFO  impl.RoleInfo (RoleInfo.java:shutdownFollowerState(121)) - 389d5540-641f-48c2-a9df-60738dbad976: shutdown FollowerState
2019-10-23 12:36:52,641 [Thread-2500] INFO  impl.FollowerState (FollowerState.java:run(117)) - daebe4f8-0ad9-4eb2-8ed7-3a8051847eb6@group-AF49A4A4CA2A-FollowerState was interrupted: java.lang.InterruptedException: sleep interrupted
2019-10-23 12:36:52,641 [grpc-default-executor-3] INFO  impl.RoleInfo (RoleInfo.java:updateAndGet(143)) - daebe4f8-0ad9-4eb2-8ed7-3a8051847eb6: start FollowerState
2019-10-23 12:36:52,641 [Thread-2501] INFO  impl.FollowerState (FollowerState.java:run(117)) - 389d5540-641f-48c2-a9df-60738dbad976@group-AF49A4A4CA2A-FollowerState was interrupted: java.lang.InterruptedException: sleep interrupted
2019-10-23 12:36:52,641 [grpc-default-executor-4] INFO  impl.RoleInfo (RoleInfo.java:updateAndGet(143)) - 389d5540-641f-48c2-a9df-60738dbad976: start FollowerState
2019-10-23 12:36:52,655 [279bca68-3e74-4690-81cf-da5ab79b92f7@group-AF49A4A4CA2A-LeaderElection343] INFO  impl.LeaderElection (LeaderElection.java:logAndReturn(56)) - 279bca68-3e74-4690-81cf-da5ab79b92f7@group-AF49A4A4CA2A-LeaderElection343: Election REJECTED; received 2 response(s) [279bca68-3e74-4690-81cf-da5ab79b92f7<-daebe4f8-0ad9-4eb2-8ed7-3a8051847eb6#0:FAIL-t373, 279bca68-3e74-4690-81cf-da5ab79b92f7<-389d5540-641f-48c2-a9df-60738dbad976#0:FAIL-t373] and 0 exception(s); 279bca68-3e74-4690-81cf-da5ab79b92f7@group-AF49A4A4CA2A:t373, leader=null, voted=279bca68-3e74-4690-81cf-da5ab79b92f7, raftlog=279bca68-3e74-4690-81cf-da5ab79b92f7@group-AF49A4A4CA2A-SegmentedRaftLog:OPENED:c-1,f-1,i0, conf=-1: [daebe4f8-0ad9-4eb2-8ed7-3a8051847eb6:192.168.69.118:44860, 389d5540-641f-48c2-a9df-60738dbad976:192.168.69.118:45712, 279bca68-3e74-4690-81cf-da5ab79b92f7:192.168.69.118:45510], old=null
2019-10-23 12:36:52,655 [279bca68-3e74-4690-81cf-da5ab79b92f7@group-AF49A4A4CA2A-LeaderElection343] INFO  impl.RaftServerImpl (RaftServerImpl.java:setRole(184)) - 279bca68-3e74-4690-81cf-da5ab79b92f7@group-AF49A4A4CA2A: changes role from CANDIDATE to FOLLOWER at term 373 for DISCOVERED_A_NEW_TERM
2019-10-23 12:36:52,656 [279bca68-3e74-4690-81cf-da5ab79b92f7@group-AF49A4A4CA2A-LeaderElection343] INFO  impl.RoleInfo (RoleInfo.java:shutdownLeaderElection(134)) - 279bca68-3e74-4690-81cf-da5ab79b92f7: shutdown LeaderElection
2019-10-23 12:36:52,656 [279bca68-3e74-4690-81cf-da5ab79b92f7@group-AF49A4A4CA2A-LeaderElection343] INFO  impl.RoleInfo (RoleInfo.java:updateAndGet(143)) - 279bca68-3e74-4690-81cf-da5ab79b92f7: start FollowerState
2019-10-23 12:36:52,807 [Thread-2510] INFO  impl.FollowerState (FollowerState.java:run(108)) - 279bca68-3e74-4690-81cf-da5ab79b92f7@group-AF49A4A4CA2A-FollowerState: change to CANDIDATE, lastRpcTime:151ms, electionTimeout:151ms
2019-10-23 12:36:52,807 [Thread-2510] INFO  impl.RoleInfo (RoleInfo.java:shutdownFollowerState(121)) - 279bca68-3e74-4690-81cf-da5ab79b92f7: shutdown FollowerState
2019-10-23 12:36:52,807 [Thread-2510] INFO  impl.RaftServerImpl (RaftServerImpl.java:setRole(184)) - 279bca68-3e74-4690-81cf-da5ab79b92f7@group-AF49A4A4CA2A: changes role from  FOLLOWER to CANDIDATE at term 373 for changeToCandidate
2019-10-23 12:36:52,807 [Thread-2510] INFO  impl.RoleInfo (RoleInfo.java:updateAndGet(143)) - 279bca68-3e74-4690-81cf-da5ab79b92f7: start LeaderElection
2019-10-23 12:36:52,821 [279bca68-3e74-4690-81cf-da5ab79b92f7@group-AF49A4A4CA2A-LeaderElection344] INFO  impl.LeaderElection (LeaderElection.java:askForVotes(178)) - 279bca68-3e74-4690-81cf-da5ab79b92f7@group-AF49A4A4CA2A-LeaderElection344: begin an election at term 374 for -1: [daebe4f8-0ad9-4eb2-8ed7-3a8051847eb6:192.168.69.118:44860, 389d5540-641f-48c2-a9df-60738dbad976:192.168.69.118:45712, 279bca68-3e74-4690-81cf-da5ab79b92f7:192.168.69.118:45510], old=null
2019-10-23 12:36:52,823 [grpc-default-executor-4] INFO  impl.RaftServerImpl (RaftServerImpl.java:setRole(184)) - daebe4f8-0ad9-4eb2-8ed7-3a8051847eb6@group-AF49A4A4CA2A: changes role from  FOLLOWER to FOLLOWER at term 374 for recognizeCandidate:279bca68-3e74-4690-81cf-da5ab79b92f7
2019-10-23 12:36:52,823 [grpc-default-executor-3] INFO  impl.RaftServerImpl (RaftServerImpl.java:setRole(184)) - 389d5540-641f-48c2-a9df-60738dbad976@group-AF49A4A4CA2A: changes role from  FOLLOWER to FOLLOWER at term 374 for recognizeCandidate:279bca68-3e74-4690-81cf-da5ab79b92f7
2019-10-23 12:36:52,823 [grpc-default-executor-4] INFO  impl.RoleInfo (RoleInfo.java:shutdownFollowerState(121)) - daebe4f8-0ad9-4eb2-8ed7-3a8051847eb6: shutdown FollowerState
2019-10-23 12:36:52,823 [grpc-default-executor-3] INFO  impl.RoleInfo (RoleInfo.java:shutdownFollowerState(121)) - 389d5540-641f-48c2-a9df-60738dbad976: shutdown FollowerState
2019-10-23 12:36:52,823 [Thread-2506] INFO  impl.FollowerState (FollowerState.java:run(117)) - daebe4f8-0ad9-4eb2-8ed7-3a8051847eb6@group-AF49A4A4CA2A-FollowerState was interrupted: java.lang.InterruptedException: sleep interrupted
2019-10-23 12:36:52,823 [grpc-default-executor-4] INFO  impl.RoleInfo (RoleInfo.java:updateAndGet(143)) - daebe4f8-0ad9-4eb2-8ed7-3a8051847eb6: start FollowerState
2019-10-23 12:36:52,823 [Thread-2507] INFO  impl.FollowerState (FollowerState.java:run(117)) - 389d5540-641f-48c2-a9df-60738dbad976@group-AF49A4A4CA2A-FollowerState was interrupted: java.lang.InterruptedException: sleep interrupted
2019-10-23 12:36:52,823 [grpc-default-executor-3] INFO  impl.RoleInfo (RoleInfo.java:updateAndGet(143)) - 389d5540-641f-48c2-a9df-60738dbad976: start FollowerState
2019-10-23 12:36:52,851 [279bca68-3e74-4690-81cf-da5ab79b92f7@group-AF49A4A4CA2A-LeaderElection344] INFO  impl.LeaderElection (LeaderElection.java:logAndReturn(56)) - 279bca68-3e74-4690-81cf-da5ab79b92f7@group-AF49A4A4CA2A-LeaderElection344: Election REJECTED; received 2 response(s) [279bca68-3e74-4690-81cf-da5ab79b92f7<-daebe4f8-0ad9-4eb2-8ed7-3a8051847eb6#0:FAIL-t374, 279bca68-3e74-4690-81cf-da5ab79b92f7<-389d5540-641f-48c2-a9df-60738dbad976#0:FAIL-t374] and 0 exception(s); 279bca68-3e74-4690-81cf-da5ab79b92f7@group-AF49A4A4CA2A:t374, leader=null, voted=279bca68-3e74-4690-81cf-da5ab79b92f7, raftlog=279bca68-3e74-4690-81cf-da5ab79b92f7@group-AF49A4A4CA2A-SegmentedRaftLog:OPENED:c-1,f-1,i0, conf=-1: [daebe4f8-0ad9-4eb2-8ed7-3a8051847eb6:192.168.69.118:44860, 389d5540-641f-48c2-a9df-60738dbad976:192.168.69.118:45712, 279bca68-3e74-4690-81cf-da5ab79b92f7:192.168.69.118:45510], old=null
2019-10-23 12:36:52,851 [279bca68-3e74-4690-81cf-da5ab79b92f7@group-AF49A4A4CA2A-LeaderElection344] INFO  impl.RaftServerImpl (RaftServerImpl.java:setRole(184)) - 279bca68-3e74-4690-81cf-da5ab79b92f7@group-AF49A4A4CA2A: changes role from CANDIDATE to FOLLOWER at term 374 for DISCOVERED_A_NEW_TERM
2019-10-23 12:36:52,851 [279bca68-3e74-4690-81cf-da5ab79b92f7@group-AF49A4A4CA2A-LeaderElection344] INFO  impl.RoleInfo (RoleInfo.java:shutdownLeaderElection(134)) - 279bca68-3e74-4690-81cf-da5ab79b92f7: shutdown LeaderElection
2019-10-23 12:36:52,851 [279bca68-3e74-4690-81cf-da5ab79b92f7@group-AF49A4A4CA2A-LeaderElection344] INFO  impl.RoleInfo (RoleInfo.java:updateAndGet(143)) - 279bca68-3e74-4690-81cf-da5ab79b92f7: start FollowerState
2019-10-23 12:36:52,889 [Thread-2516] INFO  impl.FollowerState (FollowerState.java:run(108)) - 279bca68-3e74-4690-81cf-da5ab79b92f7@group-AF49A4A4CA2A-FollowerState: change to CANDIDATE, lastRpcTime:38ms, electionTimeout:38ms
2019-10-23 12:36:52,890 [Thread-2516] INFO  impl.RoleInfo (RoleInfo.java:shutdownFollowerState(121)) - 279bca68-3e74-4690-81cf-da5ab79b92f7: shutdown FollowerState
2019-10-23 12:36:52,890 [Thread-2516] INFO  impl.RaftServerImpl (RaftServerImpl.java:setRole(184)) - 279bca68-3e74-4690-81cf-da5ab79b92f7@group-AF49A4A4CA2A: changes role from  FOLLOWER to CANDIDATE at term 374 for changeToCandidate
2019-10-23 12:36:52,890 [Thread-2516] INFO  impl.RoleInfo (RoleInfo.java:updateAndGet(143)) - 279bca68-3e74-4690-81cf-da5ab79b92f7: start LeaderElection
2019-10-23 12:36:52,903 [279bca68-3e74-4690-81cf-da5ab79b92f7@group-AF49A4A4CA2A-LeaderElection345] INFO  impl.LeaderElection (LeaderElection.java:askForVotes(178)) - 279bca68-3e74-4690-81cf-da5ab79b92f7@group-AF49A4A4CA2A-LeaderElection345: begin an election at term 375 for -1: [daebe4f8-0ad9-4eb2-8ed7-3a8051847eb6:192.168.69.118:44860, 389d5540-641f-48c2-a9df-60738dbad976:192.168.69.118:45712, 279bca68-3e74-4690-81cf-da5ab79b92f7:192.168.69.118:45510], old=null
2019-10-23 12:36:52,904 [grpc-default-executor-3] INFO  impl.RaftServerImpl (RaftServerImpl.java:setRole(184)) - daebe4f8-0ad9-4eb2-8ed7-3a8051847eb6@group-AF49A4A4CA2A: changes role from  FOLLOWER to FOLLOWER at term 375 for recognizeCandidate:279bca68-3e74-4690-81cf-da5ab79b92f7
2019-10-23 12:36:52,904 [grpc-default-executor-3] INFO  impl.RoleInfo (RoleInfo.java:shutdownFollowerState(121)) - daebe4f8-0ad9-4eb2-8ed7-3a8051847eb6: shutdown FollowerState
2019-10-23 12:36:52,904 [grpc-default-executor-4] INFO  impl.RaftServerImpl (RaftServerImpl.java:setRole(184)) - 389d5540-641f-48c2-a9df-60738dbad976@group-AF49A4A4CA2A: changes role from  FOLLOWER to FOLLOWER at term 375 for recognizeCandidate:279bca68-3e74-4690-81cf-da5ab79b92f7
2019-10-23 12:36:52,904 [grpc-default-executor-4] INFO  impl.RoleInfo (RoleInfo.java:shutdownFollowerState(121)) - 389d5540-641f-48c2-a9df-60738dbad976: shutdown FollowerState
2019-10-23 12:36:52,904 [Thread-2514] INFO  impl.FollowerState (FollowerState.java:run(117)) - daebe4f8-0ad9-4eb2-8ed7-3a8051847eb6@group-AF49A4A4CA2A-FollowerState was interrupted: java.lang.InterruptedException: sleep interrupted
2019-10-23 12:36:52,904 [grpc-default-executor-3] INFO  impl.RoleInfo (RoleInfo.java:updateAndGet(143)) - daebe4f8-0ad9-4eb2-8ed7-3a8051847eb6: start FollowerState
2019-10-23 12:36:52,905 [Thread-2515] INFO  impl.FollowerState (FollowerState.java:run(117)) - 389d5540-641f-48c2-a9df-60738dbad976@group-AF49A4A4CA2A-FollowerState was interrupted: java.lang.InterruptedException: sleep interrupted
2019-10-23 12:36:52,904 [grpc-default-executor-4] INFO  impl.RoleInfo (RoleInfo.java:updateAndGet(143)) - 389d5540-641f-48c2-a9df-60738dbad976: start FollowerState
2019-10-23 12:36:52,919 [279bca68-3e74-4690-81cf-da5ab79b92f7@group-AF49A4A4CA2A-LeaderElection345] INFO  impl.LeaderElection (LeaderElection.java:logAndReturn(56)) - 279bca68-3e74-4690-81cf-da5ab79b92f7@group-AF49A4A4CA2A-LeaderElection345: Election REJECTED; received 2 response(s) [279bca68-3e74-4690-81cf-da5ab79b92f7<-daebe4f8-0ad9-4eb2-8ed7-3a8051847eb6#0:FAIL-t375, 279bca68-3e74-4690-81cf-da5ab79b92f7<-389d5540-641f-48c2-a9df-60738dbad976#0:FAIL-t375] and 0 exception(s); 279bca68-3e74-4690-81cf-da5ab79b92f7@group-AF49A4A4CA2A:t375, leader=null, voted=279bca68-3e74-4690-81cf-da5ab79b92f7, raftlog=279bca68-3e74-4690-81cf-da5ab79b92f7@group-AF49A4A4CA2A-SegmentedRaftLog:OPENED:c-1,f-1,i0, conf=-1: [daebe4f8-0ad9-4eb2-8ed7-3a8051847eb6:192.168.69.118:44860, 389d5540-641f-48c2-a9df-60738dbad976:192.168.69.118:45712, 279bca68-3e74-4690-81cf-da5ab79b92f7:192.168.69.118:45510], old=null
2019-10-23 12:36:52,919 [279bca68-3e74-4690-81cf-da5ab79b92f7@group-AF49A4A4CA2A-LeaderElection345] INFO  impl.RaftServerImpl (RaftServerImpl.java:setRole(184)) - 279bca68-3e74-4690-81cf-da5ab79b92f7@group-AF49A4A4CA2A: changes role from CANDIDATE to FOLLOWER at term 375 for DISCOVERED_A_NEW_TERM
2019-10-23 12:36:52,919 [279bca68-3e74-4690-81cf-da5ab79b92f7@group-AF49A4A4CA2A-LeaderElection345] INFO  impl.RoleInfo (RoleInfo.java:shutdownLeaderElection(134)) - 279bca68-3e74-4690-81cf-da5ab79b92f7: shutdown LeaderElection
2019-10-23 12:36:52,919 [279bca68-3e74-4690-81cf-da5ab79b92f7@group-AF49A4A4CA2A-LeaderElection345] INFO  impl.RoleInfo (RoleInfo.java:updateAndGet(143)) - 279bca68-3e74-4690-81cf-da5ab79b92f7: start FollowerState
2019-10-23 12:36:53,095 [Thread-2522] INFO  impl.FollowerState (FollowerState.java:run(108)) - 279bca68-3e74-4690-81cf-da5ab79b92f7@group-AF49A4A4CA2A-FollowerState: change to CANDIDATE, lastRpcTime:176ms, electionTimeout:176ms
2019-10-23 12:36:53,096 [Thread-2522] INFO  impl.RoleInfo (RoleInfo.java:shutdownFollowerState(121)) - 279bca68-3e74-4690-81cf-da5ab79b92f7: shutdown FollowerState
2019-10-23 12:36:53,096 [Thread-2522] INFO  impl.RaftServerImpl (RaftServerImpl.java:setRole(184)) - 279bca68-3e74-4690-81cf-da5ab79b92f7@group-AF49A4A4CA2A: changes role from  FOLLOWER to CANDIDATE at term 375 for changeToCandidate
2019-10-23 12:36:53,097 [Thread-2522] INFO  impl.RoleInfo (RoleInfo.java:updateAndGet(143)) - 279bca68-3e74-4690-81cf-da5ab79b92f7: start LeaderElection
2019-10-23 12:36:53,123 [279bca68-3e74-4690-81cf-da5ab79b92f7@group-AF49A4A4CA2A-LeaderElection346] INFO  impl.LeaderElection (LeaderElection.java:askForVotes(178)) - 279bca68-3e74-4690-81cf-da5ab79b92f7@group-AF49A4A4CA2A-LeaderElection346: begin an election at term 376 for -1: [daebe4f8-0ad9-4eb2-8ed7-3a8051847eb6:192.168.69.118:44860, 389d5540-641f-48c2-a9df-60738dbad976:192.168.69.118:45712, 279bca68-3e74-4690-81cf-da5ab79b92f7:192.168.69.118:45510], old=null
2019-10-23 12:36:53,126 [grpc-default-executor-3] INFO  impl.RaftServerImpl (RaftServerImpl.java:setRole(184)) - 389d5540-641f-48c2-a9df-60738dbad976@group-AF49A4A4CA2A: changes role from  FOLLOWER to FOLLOWER at term 376 for recognizeCandidate:279bca68-3e74-4690-81cf-da5ab79b92f7
2019-10-23 12:36:53,126 [grpc-default-executor-4] INFO  impl.RaftServerImpl (RaftServerImpl.java:setRole(184)) - daebe4f8-0ad9-4eb2-8ed7-3a8051847eb6@group-AF49A4A4CA2A: changes role from  FOLLOWER to FOLLOWER at term 376 for recognizeCandidate:279bca68-3e74-4690-81cf-da5ab79b92f7
2019-10-23 12:36:53,126 [grpc-default-executor-3] INFO  impl.RoleInfo (RoleInfo.java:shutdownFollowerState(121)) - 389d5540-641f-48c2-a9df-60738dbad976: shutdown FollowerState
2019-10-23 12:36:53,126 [grpc-default-executor-4] INFO  impl.RoleInfo (RoleInfo.java:shutdownFollowerState(121)) - daebe4f8-0ad9-4eb2-8ed7-3a8051847eb6: shutdown FollowerState
2019-10-23 12:36:53,126 [grpc-default-executor-3] INFO  impl.RoleInfo (RoleInfo.java:updateAndGet(143)) - 389d5540-641f-48c2-a9df-60738dbad976: start FollowerState
2019-10-23 12:36:53,126 [Thread-2521] INFO  impl.FollowerState (FollowerState.java:run(117)) - 389d5540-641f-48c2-a9df-60738dbad976@group-AF49A4A4CA2A-FollowerState was interrupted: java.lang.InterruptedException: sleep interrupted
2019-10-23 12:36:53,126 [grpc-default-executor-4] INFO  impl.RoleInfo (RoleInfo.java:updateAndGet(143)) - daebe4f8-0ad9-4eb2-8ed7-3a8051847eb6: start FollowerState
2019-10-23 12:36:53,126 [Thread-2520] INFO  impl.FollowerState (FollowerState.java:run(117)) - daebe4f8-0ad9-4eb2-8ed7-3a8051847eb6@group-AF49A4A4CA2A-FollowerState was interrupted: java.lang.InterruptedException: sleep interrupted
2019-10-23 12:36:53,143 [279bca68-3e74-4690-81cf-da5ab79b92f7@group-AF49A4A4CA2A-LeaderElection346] INFO  impl.LeaderElection (LeaderElection.java:logAndReturn(56)) - 279bca68-3e74-4690-81cf-da5ab79b92f7@group-AF49A4A4CA2A-LeaderElection346: Election REJECTED; received 2 response(s) [279bca68-3e74-4690-81cf-da5ab79b92f7<-daebe4f8-0ad9-4eb2-8ed7-3a8051847eb6#0:FAIL-t376, 279bca68-3e74-4690-81cf-da5ab79b92f7<-389d5540-641f-48c2-a9df-60738dbad976#0:FAIL-t376] and 0 exception(s); 279bca68-3e74-4690-81cf-da5ab79b92f7@group-AF49A4A4CA2A:t376, leader=null, voted=279bca68-3e74-4690-81cf-da5ab79b92f7, raftlog=279bca68-3e74-4690-81cf-da5ab79b92f7@group-AF49A4A4CA2A-SegmentedRaftLog:OPENED:c-1,f-1,i0, conf=-1: [daebe4f8-0ad9-4eb2-8ed7-3a8051847eb6:192.168.69.118:44860, 389d5540-641f-48c2-a9df-60738dbad976:192.168.69.118:45712, 279bca68-3e74-4690-81cf-da5ab79b92f7:192.168.69.118:45510], old=null
2019-10-23 12:36:53,144 [279bca68-3e74-4690-81cf-da5ab79b92f7@group-AF49A4A4CA2A-LeaderElection346] INFO  impl.RaftServerImpl (RaftServerImpl.java:setRole(184)) - 279bca68-3e74-4690-81cf-da5ab79b92f7@group-AF49A4A4CA2A: changes role from CANDIDATE to FOLLOWER at term 376 for DISCOVERED_A_NEW_TERM
2019-10-23 12:36:53,144 [279bca68-3e74-4690-81cf-da5ab79b92f7@group-AF49A4A4CA2A-LeaderElection346] INFO  impl.RoleInfo (RoleInfo.java:shutdownLeaderElection(134)) - 279bca68-3e74-4690-81cf-da5ab79b92f7: shutdown LeaderElection
2019-10-23 12:36:53,144 [279bca68-3e74-4690-81cf-da5ab79b92f7@group-AF49A4A4CA2A-LeaderElection346] INFO  impl.RoleInfo (RoleInfo.java:updateAndGet(143)) - 279bca68-3e74-4690-81cf-da5ab79b92f7: start FollowerState
2019-10-23 12:36:53,189 [Thread-2528] INFO  impl.FollowerState (FollowerState.java:run(108)) - 279bca68-3e74-4690-81cf-da5ab79b92f7@group-AF49A4A4CA2A-FollowerState: change to CANDIDATE, lastRpcTime:45ms, electionTimeout:45ms
2019-10-23 12:36:53,189 [Thread-2528] INFO  impl.RoleInfo (RoleInfo.java:shutdownFollowerState(121)) - 279bca68-3e74-4690-81cf-da5ab79b92f7: shutdown FollowerState
2019-10-23 12:36:53,190 [Thread-2528] INFO  impl.RaftServerImpl (RaftServerImpl.java:setRole(184)) - 279bca68-3e74-4690-81cf-da5ab79b92f7@group-AF49A4A4CA2A: changes role from  FOLLOWER to CANDIDATE at term 376 for changeToCandidate
2019-10-23 12:36:53,190 [Thread-2528] INFO  impl.RoleInfo (RoleInfo.java:updateAndGet(143)) - 279bca68-3e74-4690-81cf-da5ab79b92f7: start LeaderElection
2019-10-23 12:36:53,203 [279bca68-3e74-4690-81cf-da5ab79b92f7@group-AF49A4A4CA2A-LeaderElection347] INFO  impl.LeaderElection (LeaderElection.java:askForVotes(178)) - 279bca68-3e74-4690-81cf-da5ab79b92f7@group-AF49A4A4CA2A-LeaderElection347: begin an election at term 377 for -1: [daebe4f8-0ad9-4eb2-8ed7-3a8051847eb6:192.168.69.118:44860, 389d5540-641f-48c2-a9df-60738dbad976:192.168.69.118:45712, 279bca68-3e74-4690-81cf-da5ab79b92f7:192.168.69.118:45510], old=null
2019-10-23 12:36:53,205 [grpc-default-executor-4] INFO  impl.RaftServerImpl (RaftServerImpl.java:setRole(184)) - daebe4f8-0ad9-4eb2-8ed7-3a8051847eb6@group-AF49A4A4CA2A: changes role from  FOLLOWER to FOLLOWER at term 377 for recognizeCandidate:279bca68-3e74-4690-81cf-da5ab79b92f7
2019-10-23 12:36:53,205 [grpc-default-executor-3] INFO  impl.RaftServerImpl (RaftServerImpl.java:setRole(184)) - 389d5540-641f-48c2-a9df-60738dbad976@group-AF49A4A4CA2A: changes role from  FOLLOWER to FOLLOWER at term 377 for recognizeCandidate:279bca68-3e74-4690-81cf-da5ab79b92f7
2019-10-23 12:36:53,205 [grpc-default-executor-4] INFO  impl.RoleInfo (RoleInfo.java:shutdownFollowerState(121)) - daebe4f8-0ad9-4eb2-8ed7-3a8051847eb6: shutdown FollowerState
2019-10-23 12:36:53,205 [grpc-default-executor-3] INFO  impl.RoleInfo (RoleInfo.java:shutdownFollowerState(121)) - 389d5540-641f-48c2-a9df-60738dbad976: shutdown FollowerState
2019-10-23 12:36:53,205 [Thread-2527] INFO  impl.FollowerState (FollowerState.java:run(117)) - daebe4f8-0ad9-4eb2-8ed7-3a8051847eb6@group-AF49A4A4CA2A-FollowerState was interrupted: java.lang.InterruptedException: sleep interrupted
2019-10-23 12:36:53,205 [grpc-default-executor-4] INFO  impl.RoleInfo (RoleInfo.java:updateAndGet(143)) - daebe4f8-0ad9-4eb2-8ed7-3a8051847eb6: start FollowerState
2019-10-23 12:36:53,205 [Thread-2526] INFO  impl.FollowerState (FollowerState.java:run(117)) - 389d5540-641f-48c2-a9df-60738dbad976@group-AF49A4A4CA2A-FollowerState was interrupted: java.lang.InterruptedException: sleep interrupted
2019-10-23 12:36:53,205 [grpc-default-executor-3] INFO  impl.RoleInfo (RoleInfo.java:updateAndGet(143)) - 389d5540-641f-48c2-a9df-60738dbad976: start FollowerState
2019-10-23 12:36:53,220 [279bca68-3e74-4690-81cf-da5ab79b92f7@group-AF49A4A4CA2A-LeaderElection347] INFO  impl.LeaderElection (LeaderElection.java:logAndReturn(56)) - 279bca68-3e74-4690-81cf-da5ab79b92f7@group-AF49A4A4CA2A-LeaderElection347: Election REJECTED; received 2 response(s) [279bca68-3e74-4690-81cf-da5ab79b92f7<-daebe4f8-0ad9-4eb2-8ed7-3a8051847eb6#0:FAIL-t377, 279bca68-3e74-4690-81cf-da5ab79b92f7<-389d5540-641f-48c2-a9df-60738dbad976#0:FAIL-t377] and 0 exception(s); 279bca68-3e74-4690-81cf-da5ab79b92f7@group-AF49A4A4CA2A:t377, leader=null, voted=279bca68-3e74-4690-81cf-da5ab79b92f7, raftlog=279bca68-3e74-4690-81cf-da5ab79b92f7@group-AF49A4A4CA2A-SegmentedRaftLog:OPENED:c-1,f-1,i0, conf=-1: [daebe4f8-0ad9-4eb2-8ed7-3a8051847eb6:192.168.69.118:44860, 389d5540-641f-48c2-a9df-60738dbad976:192.168.69.118:45712, 279bca68-3e74-4690-81cf-da5ab79b92f7:192.168.69.118:45510], old=null
2019-10-23 12:36:53,220 [279bca68-3e74-4690-81cf-da5ab79b92f7@group-AF49A4A4CA2A-LeaderElection347] INFO  impl.RaftServerImpl (RaftServerImpl.java:setRole(184)) - 279bca68-3e74-4690-81cf-da5ab79b92f7@group-AF49A4A4CA2A: changes role from CANDIDATE to FOLLOWER at term 377 for DISCOVERED_A_NEW_TERM
2019-10-23 12:36:53,220 [279bca68-3e74-4690-81cf-da5ab79b92f7@group-AF49A4A4CA2A-LeaderElection347] INFO  impl.RoleInfo (RoleInfo.java:shutdownLeaderElection(134)) - 279bca68-3e74-4690-81cf-da5ab79b92f7: shutdown LeaderElection
2019-10-23 12:36:53,221 [279bca68-3e74-4690-81cf-da5ab79b92f7@group-AF49A4A4CA2A-LeaderElection347] INFO  impl.RoleInfo (RoleInfo.java:updateAndGet(143)) - 279bca68-3e74-4690-81cf-da5ab79b92f7: start FollowerState
2019-10-23 12:36:53,411 [Thread-2534] INFO  impl.FollowerState (FollowerState.java:run(108)) - 279bca68-3e74-4690-81cf-da5ab79b92f7@group-AF49A4A4CA2A-FollowerState: change to CANDIDATE, lastRpcTime:190ms, electionTimeout:190ms
2019-10-23 12:36:53,411 [Thread-2534] INFO  impl.RoleInfo (RoleInfo.java:shutdownFollowerState(121)) - 279bca68-3e74-4690-81cf-da5ab79b92f7: shutdown FollowerState
2019-10-23 12:36:53,411 [Thread-2534] INFO  impl.RaftServerImpl (RaftServerImpl.java:setRole(184)) - 279bca68-3e74-4690-81cf-da5ab79b92f7@group-AF49A4A4CA2A: changes role from  FOLLOWER to CANDIDATE at term 377 for changeToCandidate
2019-10-23 12:36:53,411 [Thread-2534] INFO  impl.RoleInfo (RoleInfo.java:updateAndGet(143)) - 279bca68-3e74-4690-81cf-da5ab79b92f7: start LeaderElection
2019-10-23 12:36:53,425 [279bca68-3e74-4690-81cf-da5ab79b92f7@group-AF49A4A4CA2A-LeaderElection348] INFO  impl.LeaderElection (LeaderElection.java:askForVotes(178)) - 279bca68-3e74-4690-81cf-da5ab79b92f7@group-AF49A4A4CA2A-LeaderElection348: begin an election at term 378 for -1: [daebe4f8-0ad9-4eb2-8ed7-3a8051847eb6:192.168.69.118:44860, 389d5540-641f-48c2-a9df-60738dbad976:192.168.69.118:45712, 279bca68-3e74-4690-81cf-da5ab79b92f7:192.168.69.118:45510], old=null
2019-10-23 12:36:53,427 [grpc-default-executor-4] INFO  impl.RaftServerImpl (RaftServerImpl.java:setRole(184)) - daebe4f8-0ad9-4eb2-8ed7-3a8051847eb6@group-AF49A4A4CA2A: changes role from  FOLLOWER to FOLLOWER at term 378 for recognizeCandidate:279bca68-3e74-4690-81cf-da5ab79b92f7
2019-10-23 12:36:53,427 [grpc-default-executor-3] INFO  impl.RaftServerImpl (RaftServerImpl.java:setRole(184)) - 389d5540-641f-48c2-a9df-60738dbad976@group-AF49A4A4CA2A: changes role from  FOLLOWER to FOLLOWER at term 378 for recognizeCandidate:279bca68-3e74-4690-81cf-da5ab79b92f7
2019-10-23 12:36:53,428 [grpc-default-executor-4] INFO  impl.RoleInfo (RoleInfo.java:shutdownFollowerState(121)) - daebe4f8-0ad9-4eb2-8ed7-3a8051847eb6: shutdown FollowerState
2019-10-23 12:36:53,428 [grpc-default-executor-3] INFO  impl.RoleInfo (RoleInfo.java:shutdownFollowerState(121)) - 389d5540-641f-48c2-a9df-60738dbad976: shutdown FollowerState
2019-10-23 12:36:53,428 [grpc-default-executor-3] INFO  impl.RoleInfo (RoleInfo.java:updateAndGet(143)) - 389d5540-641f-48c2-a9df-60738dbad976: start FollowerState
2019-10-23 12:36:53,428 [Thread-2532] INFO  impl.FollowerState (FollowerState.java:run(117)) - daebe4f8-0ad9-4eb2-8ed7-3a8051847eb6@group-AF49A4A4CA2A-FollowerState was interrupted: java.lang.InterruptedException: sleep interrupted
2019-10-23 12:36:53,428 [grpc-default-executor-4] INFO  impl.RoleInfo (RoleInfo.java:updateAndGet(143)) - daebe4f8-0ad9-4eb2-8ed7-3a8051847eb6: start FollowerState
2019-10-23 12:36:53,428 [Thread-2533] INFO  impl.FollowerState (FollowerState.java:run(117)) - 389d5540-641f-48c2-a9df-60738dbad976@group-AF49A4A4CA2A-FollowerState was interrupted: java.lang.InterruptedException: sleep interrupted
2019-10-23 12:36:53,443 [279bca68-3e74-4690-81cf-da5ab79b92f7@group-AF49A4A4CA2A-LeaderElection348] INFO  impl.LeaderElection (LeaderElection.java:logAndReturn(56)) - 279bca68-3e74-4690-81cf-da5ab79b92f7@group-AF49A4A4CA2A-LeaderElection348: Election REJECTED; received 2 response(s) [279bca68-3e74-4690-81cf-da5ab79b92f7<-daebe4f8-0ad9-4eb2-8ed7-3a8051847eb6#0:FAIL-t378, 279bca68-3e74-4690-81cf-da5ab79b92f7<-389d5540-641f-48c2-a9df-60738dbad976#0:FAIL-t378] and 0 exception(s); 279bca68-3e74-4690-81cf-da5ab79b92f7@group-AF49A4A4CA2A:t378, leader=null, voted=279bca68-3e74-4690-81cf-da5ab79b92f7, raftlog=279bca68-3e74-4690-81cf-da5ab79b92f7@group-AF49A4A4CA2A-SegmentedRaftLog:OPENED:c-1,f-1,i0, conf=-1: [daebe4f8-0ad9-4eb2-8ed7-3a8051847eb6:192.168.69.118:44860, 389d5540-641f-48c2-a9df-60738dbad976:192.168.69.118:45712, 279bca68-3e74-4690-81cf-da5ab79b92f7:192.168.69.118:45510], old=null
2019-10-23 12:36:53,444 [279bca68-3e74-4690-81cf-da5ab79b92f7@group-AF49A4A4CA2A-LeaderElection348] INFO  impl.RaftServerImpl (RaftServerImpl.java:setRole(184)) - 279bca68-3e74-4690-81cf-da5ab79b92f7@group-AF49A4A4CA2A: changes role from CANDIDATE to FOLLOWER at term 378 for DISCOVERED_A_NEW_TERM
2019-10-23 12:36:53,444 [279bca68-3e74-4690-81cf-da5ab79b92f7@group-AF49A4A4CA2A-LeaderElection348] INFO  impl.RoleInfo (RoleInfo.java:shutdownLeaderElection(134)) - 279bca68-3e74-4690-81cf-da5ab79b92f7: shutdown LeaderElection
2019-10-23 12:36:53,444 [279bca68-3e74-4690-81cf-da5ab79b92f7@group-AF49A4A4CA2A-LeaderElection348] INFO  impl.RoleInfo (RoleInfo.java:updateAndGet(143)) - 279bca68-3e74-4690-81cf-da5ab79b92f7: start FollowerState
2019-10-23 12:36:53,478 [Thread-2540] INFO  impl.FollowerState (FollowerState.java:run(108)) - 279bca68-3e74-4690-81cf-da5ab79b92f7@group-AF49A4A4CA2A-FollowerState: change to CANDIDATE, lastRpcTime:34ms, electionTimeout:34ms
2019-10-23 12:36:53,478 [Thread-2540] INFO  impl.RoleInfo (RoleInfo.java:shutdownFollowerState(121)) - 279bca68-3e74-4690-81cf-da5ab79b92f7: shutdown FollowerState
2019-10-23 12:36:53,478 [Thread-2540] INFO  impl.RaftServerImpl (RaftServerImpl.java:setRole(184)) - 279bca68-3e74-4690-81cf-da5ab79b92f7@group-AF49A4A4CA2A: changes role from  FOLLOWER to CANDIDATE at term 378 for changeToCandidate
2019-10-23 12:36:53,479 [Thread-2540] INFO  impl.RoleInfo (RoleInfo.java:updateAndGet(143)) - 279bca68-3e74-4690-81cf-da5ab79b92f7: start LeaderElection
2019-10-23 12:36:53,492 [279bca68-3e74-4690-81cf-da5ab79b92f7@group-AF49A4A4CA2A-LeaderElection349] INFO  impl.LeaderElection (LeaderElection.java:askForVotes(178)) - 279bca68-3e74-4690-81cf-da5ab79b92f7@group-AF49A4A4CA2A-LeaderElection349: begin an election at term 379 for -1: [daebe4f8-0ad9-4eb2-8ed7-3a8051847eb6:192.168.69.118:44860, 389d5540-641f-48c2-a9df-60738dbad976:192.168.69.118:45712, 279bca68-3e74-4690-81cf-da5ab79b92f7:192.168.69.118:45510], old=null
2019-10-23 12:36:53,495 [grpc-default-executor-3] INFO  impl.RaftServerImpl (RaftServerImpl.java:setRole(184)) - daebe4f8-0ad9-4eb2-8ed7-3a8051847eb6@group-AF49A4A4CA2A: changes role from  FOLLOWER to FOLLOWER at term 379 for recognizeCandidate:279bca68-3e74-4690-81cf-da5ab79b92f7
2019-10-23 12:36:53,495 [grpc-default-executor-4] INFO  impl.RaftServerImpl (RaftServerImpl.java:setRole(184)) - 389d5540-641f-48c2-a9df-60738dbad976@group-AF49A4A4CA2A: changes role from  FOLLOWER to FOLLOWER at term 379 for recognizeCandidate:279bca68-3e74-4690-81cf-da5ab79b92f7
2019-10-23 12:36:53,495 [grpc-default-executor-3] INFO  impl.RoleInfo (RoleInfo.java:shutdownFollowerState(121)) - daebe4f8-0ad9-4eb2-8ed7-3a8051847eb6: shutdown FollowerState
2019-10-23 12:36:53,495 [grpc-default-executor-4] INFO  impl.RoleInfo (RoleInfo.java:shutdownFollowerState(121)) - 389d5540-641f-48c2-a9df-60738dbad976: shutdown FollowerState
2019-10-23 12:36:53,496 [Thread-2538] INFO  impl.FollowerState (FollowerState.java:run(117)) - daebe4f8-0ad9-4eb2-8ed7-3a8051847eb6@group-AF49A4A4CA2A-FollowerState was interrupted: java.lang.InterruptedException: sleep interrupted
2019-10-23 12:36:53,495 [grpc-default-executor-3] INFO  impl.RoleInfo (RoleInfo.java:updateAndGet(143)) - daebe4f8-0ad9-4eb2-8ed7-3a8051847eb6: start FollowerState
2019-10-23 12:36:53,496 [Thread-2539] INFO  impl.FollowerState (FollowerState.java:run(117)) - 389d5540-641f-48c2-a9df-60738dbad976@group-AF49A4A4CA2A-FollowerState was interrupted: java.lang.InterruptedException: sleep interrupted
2019-10-23 12:36:53,496 [grpc-default-executor-4] INFO  impl.RoleInfo (RoleInfo.java:updateAndGet(143)) - 389d5540-641f-48c2-a9df-60738dbad976: start FollowerState
2019-10-23 12:36:53,523 [279bca68-3e74-4690-81cf-da5ab79b92f7@group-AF49A4A4CA2A-LeaderElection349] INFO  impl.LeaderElection (LeaderElection.java:logAndReturn(56)) - 279bca68-3e74-4690-81cf-da5ab79b92f7@group-AF49A4A4CA2A-LeaderElection349: Election REJECTED; received 2 response(s) [279bca68-3e74-4690-81cf-da5ab79b92f7<-daebe4f8-0ad9-4eb2-8ed7-3a8051847eb6#0:FAIL-t379, 279bca68-3e74-4690-81cf-da5ab79b92f7<-389d5540-641f-48c2-a9df-60738dbad976#0:FAIL-t379] and 0 exception(s); 279bca68-3e74-4690-81cf-da5ab79b92f7@group-AF49A4A4CA2A:t379, leader=null, voted=279bca68-3e74-4690-81cf-da5ab79b92f7, raftlog=279bca68-3e74-4690-81cf-da5ab79b92f7@group-AF49A4A4CA2A-SegmentedRaftLog:OPENED:c-1,f-1,i0, conf=-1: [daebe4f8-0ad9-4eb2-8ed7-3a8051847eb6:192.168.69.118:44860, 389d5540-641f-48c2-a9df-60738dbad976:192.168.69.118:45712, 279bca68-3e74-4690-81cf-da5ab79b92f7:192.168.69.118:45510], old=null
2019-10-23 12:36:53,523 [279bca68-3e74-4690-81cf-da5ab79b92f7@group-AF49A4A4CA2A-LeaderElection349] INFO  impl.RaftServerImpl (RaftServerImpl.java:setRole(184)) - 279bca68-3e74-4690-81cf-da5ab79b92f7@group-AF49A4A4CA2A: changes role from CANDIDATE to FOLLOWER at term 379 for DISCOVERED_A_NEW_TERM
2019-10-23 12:36:53,523 [279bca68-3e74-4690-81cf-da5ab79b92f7@group-AF49A4A4CA2A-LeaderElection349] INFO  impl.RoleInfo (RoleInfo.java:shutdownLeaderElection(134)) - 279bca68-3e74-4690-81cf-da5ab79b92f7: shutdown LeaderElection
2019-10-23 12:36:53,523 [279bca68-3e74-4690-81cf-da5ab79b92f7@group-AF49A4A4CA2A-LeaderElection349] INFO  impl.RoleInfo (RoleInfo.java:updateAndGet(143)) - 279bca68-3e74-4690-81cf-da5ab79b92f7: start FollowerState
2019-10-23 12:36:53,685 [Thread-2546] INFO  impl.FollowerState (FollowerState.java:run(108)) - 279bca68-3e74-4690-81cf-da5ab79b92f7@group-AF49A4A4CA2A-FollowerState: change to CANDIDATE, lastRpcTime:161ms, electionTimeout:161ms
2019-10-23 12:36:53,685 [Thread-2546] INFO  impl.RoleInfo (RoleInfo.java:shutdownFollowerState(121)) - 279bca68-3e74-4690-81cf-da5ab79b92f7: shutdown FollowerState
2019-10-23 12:36:53,685 [Thread-2546] INFO  impl.RaftServerImpl (RaftServerImpl.java:setRole(184)) - 279bca68-3e74-4690-81cf-da5ab79b92f7@group-AF49A4A4CA2A: changes role from  FOLLOWER to CANDIDATE at term 379 for changeToCandidate
2019-10-23 12:36:53,685 [Thread-2546] INFO  impl.RoleInfo (RoleInfo.java:updateAndGet(143)) - 279bca68-3e74-4690-81cf-da5ab79b92f7: start LeaderElection
2019-10-23 12:36:53,699 [279bca68-3e74-4690-81cf-da5ab79b92f7@group-AF49A4A4CA2A-LeaderElection350] INFO  impl.LeaderElection (LeaderElection.java:askForVotes(178)) - 279bca68-3e74-4690-81cf-da5ab79b92f7@group-AF49A4A4CA2A-LeaderElection350: begin an election at term 380 for -1: [daebe4f8-0ad9-4eb2-8ed7-3a8051847eb6:192.168.69.118:44860, 389d5540-641f-48c2-a9df-60738dbad976:192.168.69.118:45712, 279bca68-3e74-4690-81cf-da5ab79b92f7:192.168.69.118:45510], old=null
2019-10-23 12:36:53,700 [grpc-default-executor-3] INFO  impl.RaftServerImpl (RaftServerImpl.java:setRole(184)) - daebe4f8-0ad9-4eb2-8ed7-3a8051847eb6@group-AF49A4A4CA2A: changes role from  FOLLOWER to FOLLOWER at term 380 for recognizeCandidate:279bca68-3e74-4690-81cf-da5ab79b92f7
2019-10-23 12:36:53,700 [grpc-default-executor-4] INFO  impl.RaftServerImpl (RaftServerImpl.java:setRole(184)) - 389d5540-641f-48c2-a9df-60738dbad976@group-AF49A4A4CA2A: changes role from  FOLLOWER to FOLLOWER at term 380 for recognizeCandidate:279bca68-3e74-4690-81cf-da5ab79b92f7
2019-10-23 12:36:53,700 [grpc-default-executor-3] INFO  impl.RoleInfo (RoleInfo.java:shutdownFollowerState(121)) - daebe4f8-0ad9-4eb2-8ed7-3a8051847eb6: shutdown FollowerState
2019-10-23 12:36:53,701 [grpc-default-executor-4] INFO  impl.RoleInfo (RoleInfo.java:shutdownFollowerState(121)) - 389d5540-641f-48c2-a9df-60738dbad976: shutdown FollowerState
2019-10-23 12:36:53,701 [grpc-default-executor-3] INFO  impl.RoleInfo (RoleInfo.java:updateAndGet(143)) - daebe4f8-0ad9-4eb2-8ed7-3a8051847eb6: start FollowerState
2019-10-23 12:36:53,701 [Thread-2544] INFO  impl.FollowerState (FollowerState.java:run(117)) - daebe4f8-0ad9-4eb2-8ed7-3a8051847eb6@group-AF49A4A4CA2A-FollowerState was interrupted: java.lang.InterruptedException: sleep interrupted
2019-10-23 12:36:53,701 [Thread-2545] INFO  impl.FollowerState (FollowerState.java:run(117)) - 389d5540-641f-48c2-a9df-60738dbad976@group-AF49A4A4CA2A-FollowerState was interrupted: java.lang.InterruptedException: sleep interrupted
2019-10-23 12:36:53,701 [grpc-default-executor-4] INFO  impl.RoleInfo (RoleInfo.java:updateAndGet(143)) - 389d5540-641f-48c2-a9df-60738dbad976: start FollowerState
2019-10-23 12:36:53,716 [279bca68-3e74-4690-81cf-da5ab79b92f7@group-AF49A4A4CA2A-LeaderElection350] INFO  impl.LeaderElection (LeaderElection.java:logAndReturn(56)) - 279bca68-3e74-4690-81cf-da5ab79b92f7@group-AF49A4A4CA2A-LeaderElection350: Election REJECTED; received 2 response(s) [279bca68-3e74-4690-81cf-da5ab79b92f7<-daebe4f8-0ad9-4eb2-8ed7-3a8051847eb6#0:FAIL-t380, 279bca68-3e74-4690-81cf-da5ab79b92f7<-389d5540-641f-48c2-a9df-60738dbad976#0:FAIL-t380] and 0 exception(s); 279bca68-3e74-4690-81cf-da5ab79b92f7@group-AF49A4A4CA2A:t380, leader=null, voted=279bca68-3e74-4690-81cf-da5ab79b92f7, raftlog=279bca68-3e74-4690-81cf-da5ab79b92f7@group-AF49A4A4CA2A-SegmentedRaftLog:OPENED:c-1,f-1,i0, conf=-1: [daebe4f8-0ad9-4eb2-8ed7-3a8051847eb6:192.168.69.118:44860, 389d5540-641f-48c2-a9df-60738dbad976:192.168.69.118:45712, 279bca68-3e74-4690-81cf-da5ab79b92f7:192.168.69.118:45510], old=null
2019-10-23 12:36:53,716 [279bca68-3e74-4690-81cf-da5ab79b92f7@group-AF49A4A4CA2A-LeaderElection350] INFO  impl.RaftServerImpl (RaftServerImpl.java:setRole(184)) - 279bca68-3e74-4690-81cf-da5ab79b92f7@group-AF49A4A4CA2A: changes role from CANDIDATE to FOLLOWER at term 380 for DISCOVERED_A_NEW_TERM
2019-10-23 12:36:53,716 [279bca68-3e74-4690-81cf-da5ab79b92f7@group-AF49A4A4CA2A-LeaderElection350] INFO  impl.RoleInfo (RoleInfo.java:shutdownLeaderElection(134)) - 279bca68-3e74-4690-81cf-da5ab79b92f7: shutdown LeaderElection
2019-10-23 12:36:53,716 [279bca68-3e74-4690-81cf-da5ab79b92f7@group-AF49A4A4CA2A-LeaderElection350] INFO  impl.RoleInfo (RoleInfo.java:updateAndGet(143)) - 279bca68-3e74-4690-81cf-da5ab79b92f7: start FollowerState
2019-10-23 12:36:53,809 [Thread-2554] INFO  impl.FollowerState (FollowerState.java:run(108)) - 279bca68-3e74-4690-81cf-da5ab79b92f7@group-AF49A4A4CA2A-FollowerState: change to CANDIDATE, lastRpcTime:92ms, electionTimeout:92ms
2019-10-23 12:36:53,809 [Thread-2554] INFO  impl.RoleInfo (RoleInfo.java:shutdownFollowerState(121)) - 279bca68-3e74-4690-81cf-da5ab79b92f7: shutdown FollowerState
2019-10-23 12:36:53,809 [Thread-2554] INFO  impl.RaftServerImpl (RaftServerImpl.java:setRole(184)) - 279bca68-3e74-4690-81cf-da5ab79b92f7@group-AF49A4A4CA2A: changes role from  FOLLOWER to CANDIDATE at term 380 for changeToCandidate
2019-10-23 12:36:53,809 [Thread-2554] INFO  impl.RoleInfo (RoleInfo.java:updateAndGet(143)) - 279bca68-3e74-4690-81cf-da5ab79b92f7: start LeaderElection
2019-10-23 12:36:53,835 [279bca68-3e74-4690-81cf-da5ab79b92f7@group-AF49A4A4CA2A-LeaderElection351] INFO  impl.LeaderElection (LeaderElection.java:askForVotes(178)) - 279bca68-3e74-4690-81cf-da5ab79b92f7@group-AF49A4A4CA2A-LeaderElection351: begin an election at term 381 for -1: [daebe4f8-0ad9-4eb2-8ed7-3a8051847eb6:192.168.69.118:44860, 389d5540-641f-48c2-a9df-60738dbad976:192.168.69.118:45712, 279bca68-3e74-4690-81cf-da5ab79b92f7:192.168.69.118:45510], old=null
2019-10-23 12:36:53,837 [grpc-default-executor-4] INFO  impl.RaftServerImpl (RaftServerImpl.java:setRole(184)) - daebe4f8-0ad9-4eb2-8ed7-3a8051847eb6@group-AF49A4A4CA2A: changes role from  FOLLOWER to FOLLOWER at term 381 for recognizeCandidate:279bca68-3e74-4690-81cf-da5ab79b92f7
2019-10-23 12:36:53,837 [grpc-default-executor-4] INFO  impl.RoleInfo (RoleInfo.java:shutdownFollowerState(121)) - daebe4f8-0ad9-4eb2-8ed7-3a8051847eb6: shutdown FollowerState
2019-10-23 12:36:53,838 [grpc-default-executor-3] INFO  impl.RaftServerImpl (RaftServerImpl.java:setRole(184)) - 389d5540-641f-48c2-a9df-60738dbad976@group-AF49A4A4CA2A: changes role from  FOLLOWER to FOLLOWER at term 381 for recognizeCandidate:279bca68-3e74-4690-81cf-da5ab79b92f7
2019-10-23 12:36:53,838 [grpc-default-executor-3] INFO  impl.RoleInfo (RoleInfo.java:shutdownFollowerState(121)) - 389d5540-641f-48c2-a9df-60738dbad976: shutdown FollowerState
2019-10-23 12:36:53,838 [Thread-2552] INFO  impl.FollowerState (FollowerState.java:run(117)) - daebe4f8-0ad9-4eb2-8ed7-3a8051847eb6@group-AF49A4A4CA2A-FollowerState was interrupted: java.lang.InterruptedException: sleep interrupted
2019-10-23 12:36:53,838 [Thread-2553] INFO  impl.FollowerState (FollowerState.java:run(117)) - 389d5540-641f-48c2-a9df-60738dbad976@group-AF49A4A4CA2A-FollowerState was interrupted: java.lang.InterruptedException: sleep interrupted
2019-10-23 12:36:53,838 [grpc-default-executor-4] INFO  impl.RoleInfo (RoleInfo.java:updateAndGet(143)) - daebe4f8-0ad9-4eb2-8ed7-3a8051847eb6: start FollowerState
2019-10-23 12:36:53,838 [grpc-default-executor-3] INFO  impl.RoleInfo (RoleInfo.java:updateAndGet(143)) - 389d5540-641f-48c2-a9df-60738dbad976: start FollowerState
2019-10-23 12:36:53,864 [279bca68-3e74-4690-81cf-da5ab79b92f7@group-AF49A4A4CA2A-LeaderElection351] INFO  impl.LeaderElection (LeaderElection.java:logAndReturn(56)) - 279bca68-3e74-4690-81cf-da5ab79b92f7@group-AF49A4A4CA2A-LeaderElection351: Election REJECTED; received 2 response(s) [279bca68-3e74-4690-81cf-da5ab79b92f7<-daebe4f8-0ad9-4eb2-8ed7-3a8051847eb6#0:FAIL-t381, 279bca68-3e74-4690-81cf-da5ab79b92f7<-389d5540-641f-48c2-a9df-60738dbad976#0:FAIL-t381] and 0 exception(s); 279bca68-3e74-4690-81cf-da5ab79b92f7@group-AF49A4A4CA2A:t381, leader=null, voted=279bca68-3e74-4690-81cf-da5ab79b92f7, raftlog=279bca68-3e74-4690-81cf-da5ab79b92f7@group-AF49A4A4CA2A-SegmentedRaftLog:OPENED:c-1,f-1,i0, conf=-1: [daebe4f8-0ad9-4eb2-8ed7-3a8051847eb6:192.168.69.118:44860, 389d5540-641f-48c2-a9df-60738dbad976:192.168.69.118:45712, 279bca68-3e74-4690-81cf-da5ab79b92f7:192.168.69.118:45510], old=null
2019-10-23 12:36:53,864 [279bca68-3e74-4690-81cf-da5ab79b92f7@group-AF49A4A4CA2A-LeaderElection351] INFO  impl.RaftServerImpl (RaftServerImpl.java:setRole(184)) - 279bca68-3e74-4690-81cf-da5ab79b92f7@group-AF49A4A4CA2A: changes role from CANDIDATE to FOLLOWER at term 381 for DISCOVERED_A_NEW_TERM
2019-10-23 12:36:53,865 [279bca68-3e74-4690-81cf-da5ab79b92f7@group-AF49A4A4CA2A-LeaderElection351] INFO  impl.RoleInfo (RoleInfo.java:shutdownLeaderElection(134)) - 279bca68-3e74-4690-81cf-da5ab79b92f7: shutdown LeaderElection
2019-10-23 12:36:53,865 [279bca68-3e74-4690-81cf-da5ab79b92f7@group-AF49A4A4CA2A-LeaderElection351] INFO  impl.RoleInfo (RoleInfo.java:updateAndGet(143)) - 279bca68-3e74-4690-81cf-da5ab79b92f7: start FollowerState
2019-10-23 12:36:53,918 [Thread-2560] INFO  impl.FollowerState (FollowerState.java:run(108)) - 279bca68-3e74-4690-81cf-da5ab79b92f7@group-AF49A4A4CA2A-FollowerState: change to CANDIDATE, lastRpcTime:53ms, electionTimeout:53ms
2019-10-23 12:36:53,918 [Thread-2560] INFO  impl.RoleInfo (RoleInfo.java:shutdownFollowerState(121)) - 279bca68-3e74-4690-81cf-da5ab79b92f7: shutdown FollowerState
2019-10-23 12:36:53,918 [Thread-2560] INFO  impl.RaftServerImpl (RaftServerImpl.java:setRole(184)) - 279bca68-3e74-4690-81cf-da5ab79b92f7@group-AF49A4A4CA2A: changes role from  FOLLOWER to CANDIDATE at term 381 for changeToCandidate
2019-10-23 12:36:53,919 [Thread-2560] INFO  impl.RoleInfo (RoleInfo.java:updateAndGet(143)) - 279bca68-3e74-4690-81cf-da5ab79b92f7: start LeaderElection
2019-10-23 12:36:53,934 [279bca68-3e74-4690-81cf-da5ab79b92f7@group-AF49A4A4CA2A-LeaderElection352] INFO  impl.LeaderElection (LeaderElection.java:askForVotes(178)) - 279bca68-3e74-4690-81cf-da5ab79b92f7@group-AF49A4A4CA2A-LeaderElection352: begin an election at term 382 for -1: [daebe4f8-0ad9-4eb2-8ed7-3a8051847eb6:192.168.69.118:44860, 389d5540-641f-48c2-a9df-60738dbad976:192.168.69.118:45712, 279bca68-3e74-4690-81cf-da5ab79b92f7:192.168.69.118:45510], old=null
2019-10-23 12:36:53,935 [grpc-default-executor-4] INFO  impl.RaftServerImpl (RaftServerImpl.java:setRole(184)) - daebe4f8-0ad9-4eb2-8ed7-3a8051847eb6@group-AF49A4A4CA2A: changes role from  FOLLOWER to FOLLOWER at term 382 for recognizeCandidate:279bca68-3e74-4690-81cf-da5ab79b92f7
2019-10-23 12:36:53,935 [grpc-default-executor-3] INFO  impl.RaftServerImpl (RaftServerImpl.java:setRole(184)) - 389d5540-641f-48c2-a9df-60738dbad976@group-AF49A4A4CA2A: changes role from  FOLLOWER to FOLLOWER at term 382 for recognizeCandidate:279bca68-3e74-4690-81cf-da5ab79b92f7
2019-10-23 12:36:53,935 [grpc-default-executor-3] INFO  impl.RoleInfo (RoleInfo.java:shutdownFollowerState(121)) - 389d5540-641f-48c2-a9df-60738dbad976: shutdown FollowerState
2019-10-23 12:36:53,935 [grpc-default-executor-4] INFO  impl.RoleInfo (RoleInfo.java:shutdownFollowerState(121)) - daebe4f8-0ad9-4eb2-8ed7-3a8051847eb6: shutdown FollowerState
2019-10-23 12:36:53,936 [grpc-default-executor-4] INFO  impl.RoleInfo (RoleInfo.java:updateAndGet(143)) - daebe4f8-0ad9-4eb2-8ed7-3a8051847eb6: start FollowerState
2019-10-23 12:36:53,936 [Thread-2559] INFO  impl.FollowerState (FollowerState.java:run(117)) - 389d5540-641f-48c2-a9df-60738dbad976@group-AF49A4A4CA2A-FollowerState was interrupted: java.lang.InterruptedException: sleep interrupted
2019-10-23 12:36:53,936 [grpc-default-executor-3] INFO  impl.RoleInfo (RoleInfo.java:updateAndGet(143)) - 389d5540-641f-48c2-a9df-60738dbad976: start FollowerState
2019-10-23 12:36:53,936 [Thread-2558] INFO  impl.FollowerState (FollowerState.java:run(117)) - daebe4f8-0ad9-4eb2-8ed7-3a8051847eb6@group-AF49A4A4CA2A-FollowerState was interrupted: java.lang.InterruptedException: sleep interrupted
2019-10-23 12:36:53,956 [279bca68-3e74-4690-81cf-da5ab79b92f7@group-AF49A4A4CA2A-LeaderElection352] INFO  impl.LeaderElection (LeaderElection.java:logAndReturn(56)) - 279bca68-3e74-4690-81cf-da5ab79b92f7@group-AF49A4A4CA2A-LeaderElection352: Election REJECTED; received 2 response(s) [279bca68-3e74-4690-81cf-da5ab79b92f7<-daebe4f8-0ad9-4eb2-8ed7-3a8051847eb6#0:FAIL-t382, 279bca68-3e74-4690-81cf-da5ab79b92f7<-389d5540-641f-48c2-a9df-60738dbad976#0:FAIL-t382] and 0 exception(s); 279bca68-3e74-4690-81cf-da5ab79b92f7@group-AF49A4A4CA2A:t382, leader=null, voted=279bca68-3e74-4690-81cf-da5ab79b92f7, raftlog=279bca68-3e74-4690-81cf-da5ab79b92f7@group-AF49A4A4CA2A-SegmentedRaftLog:OPENED:c-1,f-1,i0, conf=-1: [daebe4f8-0ad9-4eb2-8ed7-3a8051847eb6:192.168.69.118:44860, 389d5540-641f-48c2-a9df-60738dbad976:192.168.69.118:45712, 279bca68-3e74-4690-81cf-da5ab79b92f7:192.168.69.118:45510], old=null
2019-10-23 12:36:53,957 [279bca68-3e74-4690-81cf-da5ab79b92f7@group-AF49A4A4CA2A-LeaderElection352] INFO  impl.RaftServerImpl (RaftServerImpl.java:setRole(184)) - 279bca68-3e74-4690-81cf-da5ab79b92f7@group-AF49A4A4CA2A: changes role from CANDIDATE to FOLLOWER at term 382 for DISCOVERED_A_NEW_TERM
2019-10-23 12:36:53,957 [279bca68-3e74-4690-81cf-da5ab79b92f7@group-AF49A4A4CA2A-LeaderElection352] INFO  impl.RoleInfo (RoleInfo.java:shutdownLeaderElection(134)) - 279bca68-3e74-4690-81cf-da5ab79b92f7: shutdown LeaderElection
2019-10-23 12:36:53,957 [279bca68-3e74-4690-81cf-da5ab79b92f7@group-AF49A4A4CA2A-LeaderElection352] INFO  impl.RoleInfo (RoleInfo.java:updateAndGet(143)) - 279bca68-3e74-4690-81cf-da5ab79b92f7: start FollowerState
2019-10-23 12:36:54,030 [Thread-2566] INFO  impl.FollowerState (FollowerState.java:run(108)) - 279bca68-3e74-4690-81cf-da5ab79b92f7@group-AF49A4A4CA2A-FollowerState: change to CANDIDATE, lastRpcTime:73ms, electionTimeout:73ms
2019-10-23 12:36:54,031 [Thread-2566] INFO  impl.RoleInfo (RoleInfo.java:shutdownFollowerState(121)) - 279bca68-3e74-4690-81cf-da5ab79b92f7: shutdown FollowerState
2019-10-23 12:36:54,031 [Thread-2566] INFO  impl.RaftServerImpl (RaftServerImpl.java:setRole(184)) - 279bca68-3e74-4690-81cf-da5ab79b92f7@group-AF49A4A4CA2A: changes role from  FOLLOWER to CANDIDATE at term 382 for changeToCandidate
2019-10-23 12:36:54,031 [Thread-2566] INFO  impl.RoleInfo (RoleInfo.java:updateAndGet(143)) - 279bca68-3e74-4690-81cf-da5ab79b92f7: start LeaderElection
2019-10-23 12:36:54,057 [279bca68-3e74-4690-81cf-da5ab79b92f7@group-AF49A4A4CA2A-LeaderElection353] INFO  impl.LeaderElection (LeaderElection.java:askForVotes(178)) - 279bca68-3e74-4690-81cf-da5ab79b92f7@group-AF49A4A4CA2A-LeaderElection353: begin an election at term 383 for -1: [daebe4f8-0ad9-4eb2-8ed7-3a8051847eb6:192.168.69.118:44860, 389d5540-641f-48c2-a9df-60738dbad976:192.168.69.118:45712, 279bca68-3e74-4690-81cf-da5ab79b92f7:192.168.69.118:45510], old=null
2019-10-23 12:36:54,058 [grpc-default-executor-4] INFO  impl.RaftServerImpl (RaftServerImpl.java:setRole(184)) - daebe4f8-0ad9-4eb2-8ed7-3a8051847eb6@group-AF49A4A4CA2A: changes role from  FOLLOWER to FOLLOWER at term 383 for recognizeCandidate:279bca68-3e74-4690-81cf-da5ab79b92f7
2019-10-23 12:36:54,058 [grpc-default-executor-4] INFO  impl.RoleInfo (RoleInfo.java:shutdownFollowerState(121)) - daebe4f8-0ad9-4eb2-8ed7-3a8051847eb6: shutdown FollowerState
2019-10-23 12:36:54,058 [grpc-default-executor-3] INFO  impl.RaftServerImpl (RaftServerImpl.java:setRole(184)) - 389d5540-641f-48c2-a9df-60738dbad976@group-AF49A4A4CA2A: changes role from  FOLLOWER to FOLLOWER at term 383 for recognizeCandidate:279bca68-3e74-4690-81cf-da5ab79b92f7
2019-10-23 12:36:54,059 [Thread-2565] INFO  impl.FollowerState (FollowerState.java:run(117)) - daebe4f8-0ad9-4eb2-8ed7-3a8051847eb6@group-AF49A4A4CA2A-FollowerState was interrupted: java.lang.InterruptedException: sleep interrupted
2019-10-23 12:36:54,059 [grpc-default-executor-4] INFO  impl.RoleInfo (RoleInfo.java:updateAndGet(143)) - daebe4f8-0ad9-4eb2-8ed7-3a8051847eb6: start FollowerState
2019-10-23 12:36:54,059 [grpc-default-executor-3] INFO  impl.RoleInfo (RoleInfo.java:shutdownFollowerState(121)) - 389d5540-641f-48c2-a9df-60738dbad976: shutdown FollowerState
2019-10-23 12:36:54,059 [grpc-default-executor-3] INFO  impl.RoleInfo (RoleInfo.java:updateAndGet(143)) - 389d5540-641f-48c2-a9df-60738dbad976: start FollowerState
2019-10-23 12:36:54,059 [Thread-2564] INFO  impl.FollowerState (FollowerState.java:run(117)) - 389d5540-641f-48c2-a9df-60738dbad976@group-AF49A4A4CA2A-FollowerState was interrupted: java.lang.InterruptedException: sleep interrupted
2019-10-23 12:36:54,073 [279bca68-3e74-4690-81cf-da5ab79b92f7@group-AF49A4A4CA2A-LeaderElection353] INFO  impl.LeaderElection (LeaderElection.java:logAndReturn(56)) - 279bca68-3e74-4690-81cf-da5ab79b92f7@group-AF49A4A4CA2A-LeaderElection353: Election REJECTED; received 2 response(s) [279bca68-3e74-4690-81cf-da5ab79b92f7<-daebe4f8-0ad9-4eb2-8ed7-3a8051847eb6#0:FAIL-t383, 279bca68-3e74-4690-81cf-da5ab79b92f7<-389d5540-641f-48c2-a9df-60738dbad976#0:FAIL-t383] and 0 exception(s); 279bca68-3e74-4690-81cf-da5ab79b92f7@group-AF49A4A4CA2A:t383, leader=null, voted=279bca68-3e74-4690-81cf-da5ab79b92f7, raftlog=279bca68-3e74-4690-81cf-da5ab79b92f7@group-AF49A4A4CA2A-SegmentedRaftLog:OPENED:c-1,f-1,i0, conf=-1: [daebe4f8-0ad9-4eb2-8ed7-3a8051847eb6:192.168.69.118:44860, 389d5540-641f-48c2-a9df-60738dbad976:192.168.69.118:45712, 279bca68-3e74-4690-81cf-da5ab79b92f7:192.168.69.118:45510], old=null
2019-10-23 12:36:54,073 [279bca68-3e74-4690-81cf-da5ab79b92f7@group-AF49A4A4CA2A-LeaderElection353] INFO  impl.RaftServerImpl (RaftServerImpl.java:setRole(184)) - 279bca68-3e74-4690-81cf-da5ab79b92f7@group-AF49A4A4CA2A: changes role from CANDIDATE to FOLLOWER at term 383 for DISCOVERED_A_NEW_TERM
2019-10-23 12:36:54,074 [279bca68-3e74-4690-81cf-da5ab79b92f7@group-AF49A4A4CA2A-LeaderElection353] INFO  impl.RoleInfo (RoleInfo.java:shutdownLeaderElection(134)) - 279bca68-3e74-4690-81cf-da5ab79b92f7: shutdown LeaderElection
2019-10-23 12:36:54,074 [279bca68-3e74-4690-81cf-da5ab79b92f7@group-AF49A4A4CA2A-LeaderElection353] INFO  impl.RoleInfo (RoleInfo.java:updateAndGet(143)) - 279bca68-3e74-4690-81cf-da5ab79b92f7: start FollowerState
2019-10-23 12:36:54,241 [Thread-2572] INFO  impl.FollowerState (FollowerState.java:run(108)) - 279bca68-3e74-4690-81cf-da5ab79b92f7@group-AF49A4A4CA2A-FollowerState: change to CANDIDATE, lastRpcTime:167ms, electionTimeout:167ms
2019-10-23 12:36:54,241 [Thread-2572] INFO  impl.RoleInfo (RoleInfo.java:shutdownFollowerState(121)) - 279bca68-3e74-4690-81cf-da5ab79b92f7: shutdown FollowerState
2019-10-23 12:36:54,241 [Thread-2572] INFO  impl.RaftServerImpl (RaftServerImpl.java:setRole(184)) - 279bca68-3e74-4690-81cf-da5ab79b92f7@group-AF49A4A4CA2A: changes role from  FOLLOWER to CANDIDATE at term 383 for changeToCandidate
2019-10-23 12:36:54,241 [Thread-2572] INFO  impl.RoleInfo (RoleInfo.java:updateAndGet(143)) - 279bca68-3e74-4690-81cf-da5ab79b92f7: start LeaderElection
2019-10-23 12:36:54,255 [279bca68-3e74-4690-81cf-da5ab79b92f7@group-AF49A4A4CA2A-LeaderElection354] INFO  impl.LeaderElection (LeaderElection.java:askForVotes(178)) - 279bca68-3e74-4690-81cf-da5ab79b92f7@group-AF49A4A4CA2A-LeaderElection354: begin an election at term 384 for -1: [daebe4f8-0ad9-4eb2-8ed7-3a8051847eb6:192.168.69.118:44860, 389d5540-641f-48c2-a9df-60738dbad976:192.168.69.118:45712, 279bca68-3e74-4690-81cf-da5ab79b92f7:192.168.69.118:45510], old=null
2019-10-23 12:36:54,257 [grpc-default-executor-4] INFO  impl.RaftServerImpl (RaftServerImpl.java:setRole(184)) - daebe4f8-0ad9-4eb2-8ed7-3a8051847eb6@group-AF49A4A4CA2A: changes role from  FOLLOWER to FOLLOWER at term 384 for recognizeCandidate:279bca68-3e74-4690-81cf-da5ab79b92f7
2019-10-23 12:36:54,257 [grpc-default-executor-4] INFO  impl.RoleInfo (RoleInfo.java:shutdownFollowerState(121)) - daebe4f8-0ad9-4eb2-8ed7-3a8051847eb6: shutdown FollowerState
2019-10-23 12:36:54,257 [grpc-default-executor-3] INFO  impl.RaftServerImpl (RaftServerImpl.java:setRole(184)) - 389d5540-641f-48c2-a9df-60738dbad976@group-AF49A4A4CA2A: changes role from  FOLLOWER to FOLLOWER at term 384 for recognizeCandidate:279bca68-3e74-4690-81cf-da5ab79b92f7
2019-10-23 12:36:54,257 [grpc-default-executor-3] INFO  impl.RoleInfo (RoleInfo.java:shutdownFollowerState(121)) - 389d5540-641f-48c2-a9df-60738dbad976: shutdown FollowerState
2019-10-23 12:36:54,257 [Thread-2570] INFO  impl.FollowerState (FollowerState.java:run(117)) - daebe4f8-0ad9-4eb2-8ed7-3a8051847eb6@group-AF49A4A4CA2A-FollowerState was interrupted: java.lang.InterruptedException: sleep interrupted
2019-10-23 12:36:54,257 [grpc-default-executor-4] INFO  impl.RoleInfo (RoleInfo.java:updateAndGet(143)) - daebe4f8-0ad9-4eb2-8ed7-3a8051847eb6: start FollowerState
2019-10-23 12:36:54,257 [Thread-2571] INFO  impl.FollowerState (FollowerState.java:run(117)) - 389d5540-641f-48c2-a9df-60738dbad976@group-AF49A4A4CA2A-FollowerState was interrupted: java.lang.InterruptedException: sleep interrupted
2019-10-23 12:36:54,257 [grpc-default-executor-3] INFO  impl.RoleInfo (RoleInfo.java:updateAndGet(143)) - 389d5540-641f-48c2-a9df-60738dbad976: start FollowerState
2019-10-23 12:36:54,272 [279bca68-3e74-4690-81cf-da5ab79b92f7@group-AF49A4A4CA2A-LeaderElection354] INFO  impl.LeaderElection (LeaderElection.java:logAndReturn(56)) - 279bca68-3e74-4690-81cf-da5ab79b92f7@group-AF49A4A4CA2A-LeaderElection354: Election REJECTED; received 2 response(s) [279bca68-3e74-4690-81cf-da5ab79b92f7<-daebe4f8-0ad9-4eb2-8ed7-3a8051847eb6#0:FAIL-t384, 279bca68-3e74-4690-81cf-da5ab79b92f7<-389d5540-641f-48c2-a9df-60738dbad976#0:FAIL-t384] and 0 exception(s); 279bca68-3e74-4690-81cf-da5ab79b92f7@group-AF49A4A4CA2A:t384, leader=null, voted=279bca68-3e74-4690-81cf-da5ab79b92f7, raftlog=279bca68-3e74-4690-81cf-da5ab79b92f7@group-AF49A4A4CA2A-SegmentedRaftLog:OPENED:c-1,f-1,i0, conf=-1: [daebe4f8-0ad9-4eb2-8ed7-3a8051847eb6:192.168.69.118:44860, 389d5540-641f-48c2-a9df-60738dbad976:192.168.69.118:45712, 279bca68-3e74-4690-81cf-da5ab79b92f7:192.168.69.118:45510], old=null
2019-10-23 12:36:54,273 [279bca68-3e74-4690-81cf-da5ab79b92f7@group-AF49A4A4CA2A-LeaderElection354] INFO  impl.RaftServerImpl (RaftServerImpl.java:setRole(184)) - 279bca68-3e74-4690-81cf-da5ab79b92f7@group-AF49A4A4CA2A: changes role from CANDIDATE to FOLLOWER at term 384 for DISCOVERED_A_NEW_TERM
2019-10-23 12:36:54,273 [279bca68-3e74-4690-81cf-da5ab79b92f7@group-AF49A4A4CA2A-LeaderElection354] INFO  impl.RoleInfo (RoleInfo.java:shutdownLeaderElection(134)) - 279bca68-3e74-4690-81cf-da5ab79b92f7: shutdown LeaderElection
2019-10-23 12:36:54,273 [279bca68-3e74-4690-81cf-da5ab79b92f7@group-AF49A4A4CA2A-LeaderElection354] INFO  impl.RoleInfo (RoleInfo.java:updateAndGet(143)) - 279bca68-3e74-4690-81cf-da5ab79b92f7: start FollowerState
2019-10-23 12:36:54,273 [Thread-2578] INFO  impl.FollowerState (FollowerState.java:run(108)) - 279bca68-3e74-4690-81cf-da5ab79b92f7@group-AF49A4A4CA2A-FollowerState: change to CANDIDATE, lastRpcTime:0ms, electionTimeout:0ms
2019-10-23 12:36:54,273 [Thread-2578] INFO  impl.RoleInfo (RoleInfo.java:shutdownFollowerState(121)) - 279bca68-3e74-4690-81cf-da5ab79b92f7: shutdown FollowerState
2019-10-23 12:36:54,273 [Thread-2578] INFO  impl.RaftServerImpl (RaftServerImpl.java:setRole(184)) - 279bca68-3e74-4690-81cf-da5ab79b92f7@group-AF49A4A4CA2A: changes role from  FOLLOWER to CANDIDATE at term 384 for changeToCandidate
2019-10-23 12:36:54,273 [Thread-2578] INFO  impl.RoleInfo (RoleInfo.java:updateAndGet(143)) - 279bca68-3e74-4690-81cf-da5ab79b92f7: start LeaderElection
2019-10-23 12:36:54,303 [279bca68-3e74-4690-81cf-da5ab79b92f7@group-AF49A4A4CA2A-LeaderElection355] INFO  impl.LeaderElection (LeaderElection.java:askForVotes(178)) - 279bca68-3e74-4690-81cf-da5ab79b92f7@group-AF49A4A4CA2A-LeaderElection355: begin an election at term 385 for -1: [daebe4f8-0ad9-4eb2-8ed7-3a8051847eb6:192.168.69.118:44860, 389d5540-641f-48c2-a9df-60738dbad976:192.168.69.118:45712, 279bca68-3e74-4690-81cf-da5ab79b92f7:192.168.69.118:45510], old=null
2019-10-23 12:36:54,305 [grpc-default-executor-3] INFO  impl.RaftServerImpl (RaftServerImpl.java:setRole(184)) - daebe4f8-0ad9-4eb2-8ed7-3a8051847eb6@group-AF49A4A4CA2A: changes role from  FOLLOWER to FOLLOWER at term 385 for recognizeCandidate:279bca68-3e74-4690-81cf-da5ab79b92f7
2019-10-23 12:36:54,305 [grpc-default-executor-3] INFO  impl.RoleInfo (RoleInfo.java:shutdownFollowerState(121)) - daebe4f8-0ad9-4eb2-8ed7-3a8051847eb6: shutdown FollowerState
2019-10-23 12:36:54,305 [grpc-default-executor-3] INFO  impl.RoleInfo (RoleInfo.java:updateAndGet(143)) - daebe4f8-0ad9-4eb2-8ed7-3a8051847eb6: start FollowerState
2019-10-23 12:36:54,305 [Thread-2576] INFO  impl.FollowerState (FollowerState.java:run(117)) - daebe4f8-0ad9-4eb2-8ed7-3a8051847eb6@group-AF49A4A4CA2A-FollowerState was interrupted: java.lang.InterruptedException: sleep interrupted
2019-10-23 12:36:54,305 [grpc-default-executor-4] INFO  impl.RaftServerImpl (RaftServerImpl.java:setRole(184)) - 389d5540-641f-48c2-a9df-60738dbad976@group-AF49A4A4CA2A: changes role from  FOLLOWER to FOLLOWER at term 385 for recognizeCandidate:279bca68-3e74-4690-81cf-da5ab79b92f7
2019-10-23 12:36:54,305 [grpc-default-executor-4] INFO  impl.RoleInfo (RoleInfo.java:shutdownFollowerState(121)) - 389d5540-641f-48c2-a9df-60738dbad976: shutdown FollowerState
2019-10-23 12:36:54,305 [grpc-default-executor-4] INFO  impl.RoleInfo (RoleInfo.java:updateAndGet(143)) - 389d5540-641f-48c2-a9df-60738dbad976: start FollowerState
2019-10-23 12:36:54,305 [Thread-2577] INFO  impl.FollowerState (FollowerState.java:run(117)) - 389d5540-641f-48c2-a9df-60738dbad976@group-AF49A4A4CA2A-FollowerState was interrupted: java.lang.InterruptedException: sleep interrupted
2019-10-23 12:36:54,313 [279bca68-3e74-4690-81cf-da5ab79b92f7@group-AF49A4A4CA2A-LeaderElection355] INFO  impl.LeaderElection (LeaderElection.java:logAndReturn(56)) - 279bca68-3e74-4690-81cf-da5ab79b92f7@group-AF49A4A4CA2A-LeaderElection355: Election REJECTED; received 2 response(s) [279bca68-3e74-4690-81cf-da5ab79b92f7<-daebe4f8-0ad9-4eb2-8ed7-3a8051847eb6#0:FAIL-t385, 279bca68-3e74-4690-81cf-da5ab79b92f7<-389d5540-641f-48c2-a9df-60738dbad976#0:FAIL-t385] and 0 exception(s); 279bca68-3e74-4690-81cf-da5ab79b92f7@group-AF49A4A4CA2A:t385, leader=null, voted=279bca68-3e74-4690-81cf-da5ab79b92f7, raftlog=279bca68-3e74-4690-81cf-da5ab79b92f7@group-AF49A4A4CA2A-SegmentedRaftLog:OPENED:c-1,f-1,i0, conf=-1: [daebe4f8-0ad9-4eb2-8ed7-3a8051847eb6:192.168.69.118:44860, 389d5540-641f-48c2-a9df-60738dbad976:192.168.69.118:45712, 279bca68-3e74-4690-81cf-da5ab79b92f7:192.168.69.118:45510], old=null
2019-10-23 12:36:54,313 [279bca68-3e74-4690-81cf-da5ab79b92f7@group-AF49A4A4CA2A-LeaderElection355] INFO  impl.RaftServerImpl (RaftServerImpl.java:setRole(184)) - 279bca68-3e74-4690-81cf-da5ab79b92f7@group-AF49A4A4CA2A: changes role from CANDIDATE to FOLLOWER at term 385 for DISCOVERED_A_NEW_TERM
2019-10-23 12:36:54,313 [279bca68-3e74-4690-81cf-da5ab79b92f7@group-AF49A4A4CA2A-LeaderElection355] INFO  impl.RoleInfo (RoleInfo.java:shutdownLeaderElection(134)) - 279bca68-3e74-4690-81cf-da5ab79b92f7: shutdown LeaderElection
2019-10-23 12:36:54,313 [279bca68-3e74-4690-81cf-da5ab79b92f7@group-AF49A4A4CA2A-LeaderElection355] INFO  impl.RoleInfo (RoleInfo.java:updateAndGet(143)) - 279bca68-3e74-4690-81cf-da5ab79b92f7: start FollowerState
2019-10-23 12:36:54,507 [Thread-2584] INFO  impl.FollowerState (FollowerState.java:run(108)) - 279bca68-3e74-4690-81cf-da5ab79b92f7@group-AF49A4A4CA2A-FollowerState: change to CANDIDATE, lastRpcTime:194ms, electionTimeout:194ms
2019-10-23 12:36:54,508 [Thread-2584] INFO  impl.RoleInfo (RoleInfo.java:shutdownFollowerState(121)) - 279bca68-3e74-4690-81cf-da5ab79b92f7: shutdown FollowerState
2019-10-23 12:36:54,508 [Thread-2584] INFO  impl.RaftServerImpl (RaftServerImpl.java:setRole(184)) - 279bca68-3e74-4690-81cf-da5ab79b92f7@group-AF49A4A4CA2A: changes role from  FOLLOWER to CANDIDATE at term 385 for changeToCandidate
2019-10-23 12:36:54,508 [Thread-2584] INFO  impl.RoleInfo (RoleInfo.java:updateAndGet(143)) - 279bca68-3e74-4690-81cf-da5ab79b92f7: start LeaderElection
2019-10-23 12:36:54,519 [279bca68-3e74-4690-81cf-da5ab79b92f7@group-AF49A4A4CA2A-LeaderElection356] INFO  impl.LeaderElection (LeaderElection.java:askForVotes(178)) - 279bca68-3e74-4690-81cf-da5ab79b92f7@group-AF49A4A4CA2A-LeaderElection356: begin an election at term 386 for -1: [daebe4f8-0ad9-4eb2-8ed7-3a8051847eb6:192.168.69.118:44860, 389d5540-641f-48c2-a9df-60738dbad976:192.168.69.118:45712, 279bca68-3e74-4690-81cf-da5ab79b92f7:192.168.69.118:45510], old=null
2019-10-23 12:36:54,521 [grpc-default-executor-3] INFO  impl.RaftServerImpl (RaftServerImpl.java:setRole(184)) - daebe4f8-0ad9-4eb2-8ed7-3a8051847eb6@group-AF49A4A4CA2A: changes role from  FOLLOWER to FOLLOWER at term 386 for recognizeCandidate:279bca68-3e74-4690-81cf-da5ab79b92f7
2019-10-23 12:36:54,521 [grpc-default-executor-3] INFO  impl.RoleInfo (RoleInfo.java:shutdownFollowerState(121)) - daebe4f8-0ad9-4eb2-8ed7-3a8051847eb6: shutdown FollowerState
2019-10-23 12:36:54,522 [grpc-default-executor-3] INFO  impl.RoleInfo (RoleInfo.java:updateAndGet(143)) - daebe4f8-0ad9-4eb2-8ed7-3a8051847eb6: start FollowerState
2019-10-23 12:36:54,522 [Thread-2582] INFO  impl.FollowerState (FollowerState.java:run(117)) - daebe4f8-0ad9-4eb2-8ed7-3a8051847eb6@group-AF49A4A4CA2A-FollowerState was interrupted: java.lang.InterruptedException: sleep interrupted
2019-10-23 12:36:54,522 [grpc-default-executor-4] INFO  impl.RaftServerImpl (RaftServerImpl.java:setRole(184)) - 389d5540-641f-48c2-a9df-60738dbad976@group-AF49A4A4CA2A: changes role from  FOLLOWER to FOLLOWER at term 386 for recognizeCandidate:279bca68-3e74-4690-81cf-da5ab79b92f7
2019-10-23 12:36:54,522 [grpc-default-executor-4] INFO  impl.RoleInfo (RoleInfo.java:shutdownFollowerState(121)) - 389d5540-641f-48c2-a9df-60738dbad976: shutdown FollowerState
2019-10-23 12:36:54,522 [grpc-default-executor-4] INFO  impl.RoleInfo (RoleInfo.java:updateAndGet(143)) - 389d5540-641f-48c2-a9df-60738dbad976: start FollowerState
2019-10-23 12:36:54,522 [Thread-2583] INFO  impl.FollowerState (FollowerState.java:run(117)) - 389d5540-641f-48c2-a9df-60738dbad976@group-AF49A4A4CA2A-FollowerState was interrupted: java.lang.InterruptedException: sleep interrupted
2019-10-23 12:36:54,541 [279bca68-3e74-4690-81cf-da5ab79b92f7@group-AF49A4A4CA2A-LeaderElection356] INFO  impl.LeaderElection (LeaderElection.java:logAndReturn(56)) - 279bca68-3e74-4690-81cf-da5ab79b92f7@group-AF49A4A4CA2A-LeaderElection356: Election REJECTED; received 2 response(s) [279bca68-3e74-4690-81cf-da5ab79b92f7<-daebe4f8-0ad9-4eb2-8ed7-3a8051847eb6#0:FAIL-t386, 279bca68-3e74-4690-81cf-da5ab79b92f7<-389d5540-641f-48c2-a9df-60738dbad976#0:FAIL-t386] and 0 exception(s); 279bca68-3e74-4690-81cf-da5ab79b92f7@group-AF49A4A4CA2A:t386, leader=null, voted=279bca68-3e74-4690-81cf-da5ab79b92f7, raftlog=279bca68-3e74-4690-81cf-da5ab79b92f7@group-AF49A4A4CA2A-SegmentedRaftLog:OPENED:c-1,f-1,i0, conf=-1: [daebe4f8-0ad9-4eb2-8ed7-3a8051847eb6:192.168.69.118:44860, 389d5540-641f-48c2-a9df-60738dbad976:192.168.69.118:45712, 279bca68-3e74-4690-81cf-da5ab79b92f7:192.168.69.118:45510], old=null
2019-10-23 12:36:54,542 [279bca68-3e74-4690-81cf-da5ab79b92f7@group-AF49A4A4CA2A-LeaderElection356] INFO  impl.RaftServerImpl (RaftServerImpl.java:setRole(184)) - 279bca68-3e74-4690-81cf-da5ab79b92f7@group-AF49A4A4CA2A: changes role from CANDIDATE to FOLLOWER at term 386 for DISCOVERED_A_NEW_TERM
2019-10-23 12:36:54,542 [279bca68-3e74-4690-81cf-da5ab79b92f7@group-AF49A4A4CA2A-LeaderElection356] INFO  impl.RoleInfo (RoleInfo.java:shutdownLeaderElection(134)) - 279bca68-3e74-4690-81cf-da5ab79b92f7: shutdown LeaderElection
2019-10-23 12:36:54,542 [279bca68-3e74-4690-81cf-da5ab79b92f7@group-AF49A4A4CA2A-LeaderElection356] INFO  impl.RoleInfo (RoleInfo.java:updateAndGet(143)) - 279bca68-3e74-4690-81cf-da5ab79b92f7: start FollowerState
2019-10-23 12:36:54,614 [Thread-2590] INFO  impl.FollowerState (FollowerState.java:run(108)) - 279bca68-3e74-4690-81cf-da5ab79b92f7@group-AF49A4A4CA2A-FollowerState: change to CANDIDATE, lastRpcTime:72ms, electionTimeout:72ms
2019-10-23 12:36:54,615 [Thread-2590] INFO  impl.RoleInfo (RoleInfo.java:shutdownFollowerState(121)) - 279bca68-3e74-4690-81cf-da5ab79b92f7: shutdown FollowerState
2019-10-23 12:36:54,615 [Thread-2590] INFO  impl.RaftServerImpl (RaftServerImpl.java:setRole(184)) - 279bca68-3e74-4690-81cf-da5ab79b92f7@group-AF49A4A4CA2A: changes role from  FOLLOWER to CANDIDATE at term 386 for changeToCandidate
2019-10-23 12:36:54,615 [Thread-2590] INFO  impl.RoleInfo (RoleInfo.java:updateAndGet(143)) - 279bca68-3e74-4690-81cf-da5ab79b92f7: start LeaderElection
2019-10-23 12:36:54,640 [279bca68-3e74-4690-81cf-da5ab79b92f7@group-AF49A4A4CA2A-LeaderElection357] INFO  impl.LeaderElection (LeaderElection.java:askForVotes(178)) - 279bca68-3e74-4690-81cf-da5ab79b92f7@group-AF49A4A4CA2A-LeaderElection357: begin an election at term 387 for -1: [daebe4f8-0ad9-4eb2-8ed7-3a8051847eb6:192.168.69.118:44860, 389d5540-641f-48c2-a9df-60738dbad976:192.168.69.118:45712, 279bca68-3e74-4690-81cf-da5ab79b92f7:192.168.69.118:45510], old=null
2019-10-23 12:36:54,644 [grpc-default-executor-3] INFO  impl.RaftServerImpl (RaftServerImpl.java:setRole(184)) - 389d5540-641f-48c2-a9df-60738dbad976@group-AF49A4A4CA2A: changes role from  FOLLOWER to FOLLOWER at term 387 for recognizeCandidate:279bca68-3e74-4690-81cf-da5ab79b92f7
2019-10-23 12:36:54,644 [grpc-default-executor-3] INFO  impl.RoleInfo (RoleInfo.java:shutdownFollowerState(121)) - 389d5540-641f-48c2-a9df-60738dbad976: shutdown FollowerState
2019-10-23 12:36:54,644 [grpc-default-executor-4] INFO  impl.RaftServerImpl (RaftServerImpl.java:setRole(184)) - daebe4f8-0ad9-4eb2-8ed7-3a8051847eb6@group-AF49A4A4CA2A: changes role from  FOLLOWER to FOLLOWER at term 387 for recognizeCandidate:279bca68-3e74-4690-81cf-da5ab79b92f7
2019-10-23 12:36:54,644 [grpc-default-executor-4] INFO  impl.RoleInfo (RoleInfo.java:shutdownFollowerState(121)) - daebe4f8-0ad9-4eb2-8ed7-3a8051847eb6: shutdown FollowerState
2019-10-23 12:36:54,644 [Thread-2589] INFO  impl.FollowerState (FollowerState.java:run(117)) - 389d5540-641f-48c2-a9df-60738dbad976@group-AF49A4A4CA2A-FollowerState was interrupted: java.lang.InterruptedException: sleep interrupted
2019-10-23 12:36:54,644 [grpc-default-executor-3] INFO  impl.RoleInfo (RoleInfo.java:updateAndGet(143)) - 389d5540-641f-48c2-a9df-60738dbad976: start FollowerState
2019-10-23 12:36:54,644 [Thread-2588] INFO  impl.FollowerState (FollowerState.java:run(117)) - daebe4f8-0ad9-4eb2-8ed7-3a8051847eb6@group-AF49A4A4CA2A-FollowerState was interrupted: java.lang.InterruptedException: sleep interrupted
2019-10-23 12:36:54,644 [grpc-default-executor-4] INFO  impl.RoleInfo (RoleInfo.java:updateAndGet(143)) - daebe4f8-0ad9-4eb2-8ed7-3a8051847eb6: start FollowerState
2019-10-23 12:36:54,671 [279bca68-3e74-4690-81cf-da5ab79b92f7@group-AF49A4A4CA2A-LeaderElection357] INFO  impl.LeaderElection (LeaderElection.java:logAndReturn(56)) - 279bca68-3e74-4690-81cf-da5ab79b92f7@group-AF49A4A4CA2A-LeaderElection357: Election REJECTED; received 2 response(s) [279bca68-3e74-4690-81cf-da5ab79b92f7<-daebe4f8-0ad9-4eb2-8ed7-3a8051847eb6#0:FAIL-t387, 279bca68-3e74-4690-81cf-da5ab79b92f7<-389d5540-641f-48c2-a9df-60738dbad976#0:FAIL-t387] and 0 exception(s); 279bca68-3e74-4690-81cf-da5ab79b92f7@group-AF49A4A4CA2A:t387, leader=null, voted=279bca68-3e74-4690-81cf-da5ab79b92f7, raftlog=279bca68-3e74-4690-81cf-da5ab79b92f7@group-AF49A4A4CA2A-SegmentedRaftLog:OPENED:c-1,f-1,i0, conf=-1: [daebe4f8-0ad9-4eb2-8ed7-3a8051847eb6:192.168.69.118:44860, 389d5540-641f-48c2-a9df-60738dbad976:192.168.69.118:45712, 279bca68-3e74-4690-81cf-da5ab79b92f7:192.168.69.118:45510], old=null
2019-10-23 12:36:54,671 [279bca68-3e74-4690-81cf-da5ab79b92f7@group-AF49A4A4CA2A-LeaderElection357] INFO  impl.RaftServerImpl (RaftServerImpl.java:setRole(184)) - 279bca68-3e74-4690-81cf-da5ab79b92f7@group-AF49A4A4CA2A: changes role from CANDIDATE to FOLLOWER at term 387 for DISCOVERED_A_NEW_TERM
2019-10-23 12:36:54,671 [279bca68-3e74-4690-81cf-da5ab79b92f7@group-AF49A4A4CA2A-LeaderElection357] INFO  impl.RoleInfo (RoleInfo.java:shutdownLeaderElection(134)) - 279bca68-3e74-4690-81cf-da5ab79b92f7: shutdown LeaderElection
2019-10-23 12:36:54,671 [279bca68-3e74-4690-81cf-da5ab79b92f7@group-AF49A4A4CA2A-LeaderElection357] INFO  impl.RoleInfo (RoleInfo.java:updateAndGet(143)) - 279bca68-3e74-4690-81cf-da5ab79b92f7: start FollowerState
2019-10-23 12:36:54,683 [Thread-2598] INFO  impl.FollowerState (FollowerState.java:run(108)) - 279bca68-3e74-4690-81cf-da5ab79b92f7@group-AF49A4A4CA2A-FollowerState: change to CANDIDATE, lastRpcTime:11ms, electionTimeout:10ms
2019-10-23 12:36:54,684 [Thread-2598] INFO  impl.RoleInfo (RoleInfo.java:shutdownFollowerState(121)) - 279bca68-3e74-4690-81cf-da5ab79b92f7: shutdown FollowerState
2019-10-23 12:36:54,684 [Thread-2598] INFO  impl.RaftServerImpl (RaftServerImpl.java:setRole(184)) - 279bca68-3e74-4690-81cf-da5ab79b92f7@group-AF49A4A4CA2A: changes role from  FOLLOWER to CANDIDATE at term 387 for changeToCandidate
2019-10-23 12:36:54,684 [Thread-2598] INFO  impl.RoleInfo (RoleInfo.java:updateAndGet(143)) - 279bca68-3e74-4690-81cf-da5ab79b92f7: start LeaderElection
2019-10-23 12:36:54,697 [279bca68-3e74-4690-81cf-da5ab79b92f7@group-AF49A4A4CA2A-LeaderElection358] INFO  impl.LeaderElection (LeaderElection.java:askForVotes(178)) - 279bca68-3e74-4690-81cf-da5ab79b92f7@group-AF49A4A4CA2A-LeaderElection358: begin an election at term 388 for -1: [daebe4f8-0ad9-4eb2-8ed7-3a8051847eb6:192.168.69.118:44860, 389d5540-641f-48c2-a9df-60738dbad976:192.168.69.118:45712, 279bca68-3e74-4690-81cf-da5ab79b92f7:192.168.69.118:45510], old=null
2019-10-23 12:36:54,699 [grpc-default-executor-4] INFO  impl.RaftServerImpl (RaftServerImpl.java:setRole(184)) - daebe4f8-0ad9-4eb2-8ed7-3a8051847eb6@group-AF49A4A4CA2A: changes role from  FOLLOWER to FOLLOWER at term 388 for recognizeCandidate:279bca68-3e74-4690-81cf-da5ab79b92f7
2019-10-23 12:36:54,699 [grpc-default-executor-4] INFO  impl.RoleInfo (RoleInfo.java:shutdownFollowerState(121)) - daebe4f8-0ad9-4eb2-8ed7-3a8051847eb6: shutdown FollowerState
2019-10-23 12:36:54,699 [grpc-default-executor-3] INFO  impl.RaftServerImpl (RaftServerImpl.java:setRole(184)) - 389d5540-641f-48c2-a9df-60738dbad976@group-AF49A4A4CA2A: changes role from  FOLLOWER to FOLLOWER at term 388 for recognizeCandidate:279bca68-3e74-4690-81cf-da5ab79b92f7
2019-10-23 12:36:54,700 [grpc-default-executor-3] INFO  impl.RoleInfo (RoleInfo.java:shutdownFollowerState(121)) - 389d5540-641f-48c2-a9df-60738dbad976: shutdown FollowerState
2019-10-23 12:36:54,700 [Thread-2595] INFO  impl.FollowerState (FollowerState.java:run(117)) - daebe4f8-0ad9-4eb2-8ed7-3a8051847eb6@group-AF49A4A4CA2A-FollowerState was interrupted: java.lang.InterruptedException: sleep interrupted
2019-10-23 12:36:54,699 [grpc-default-executor-4] INFO  impl.RoleInfo (RoleInfo.java:updateAndGet(143)) - daebe4f8-0ad9-4eb2-8ed7-3a8051847eb6: start FollowerState
2019-10-23 12:36:54,700 [Thread-2594] INFO  impl.FollowerState (FollowerState.java:run(117)) - 389d5540-641f-48c2-a9df-60738dbad976@group-AF49A4A4CA2A-FollowerState was interrupted: java.lang.InterruptedException: sleep interrupted
2019-10-23 12:36:54,700 [grpc-default-executor-3] INFO  impl.RoleInfo (RoleInfo.java:updateAndGet(143)) - 389d5540-641f-48c2-a9df-60738dbad976: start FollowerState
2019-10-23 12:36:54,723 [279bca68-3e74-4690-81cf-da5ab79b92f7@group-AF49A4A4CA2A-LeaderElection358] INFO  impl.LeaderElection (LeaderElection.java:logAndReturn(56)) - 279bca68-3e74-4690-81cf-da5ab79b92f7@group-AF49A4A4CA2A-LeaderElection358: Election TIMEOUT; received 0 response(s) [] and 0 exception(s); 279bca68-3e74-4690-81cf-da5ab79b92f7@group-AF49A4A4CA2A:t388, leader=null, voted=279bca68-3e74-4690-81cf-da5ab79b92f7, raftlog=279bca68-3e74-4690-81cf-da5ab79b92f7@group-AF49A4A4CA2A-SegmentedRaftLog:OPENED:c-1,f-1,i0, conf=-1: [daebe4f8-0ad9-4eb2-8ed7-3a8051847eb6:192.168.69.118:44860, 389d5540-641f-48c2-a9df-60738dbad976:192.168.69.118:45712, 279bca68-3e74-4690-81cf-da5ab79b92f7:192.168.69.118:45510], old=null
2019-10-23 12:36:54,814 [279bca68-3e74-4690-81cf-da5ab79b92f7@group-AF49A4A4CA2A-LeaderElection358] INFO  impl.LeaderElection (LeaderElection.java:askForVotes(178)) - 279bca68-3e74-4690-81cf-da5ab79b92f7@group-AF49A4A4CA2A-LeaderElection358: begin an election at term 389 for -1: [daebe4f8-0ad9-4eb2-8ed7-3a8051847eb6:192.168.69.118:44860, 389d5540-641f-48c2-a9df-60738dbad976:192.168.69.118:45712, 279bca68-3e74-4690-81cf-da5ab79b92f7:192.168.69.118:45510], old=null
2019-10-23 12:36:54,817 [grpc-default-executor-4] INFO  impl.RaftServerImpl (RaftServerImpl.java:setRole(184)) - daebe4f8-0ad9-4eb2-8ed7-3a8051847eb6@group-AF49A4A4CA2A: changes role from  FOLLOWER to FOLLOWER at term 389 for recognizeCandidate:279bca68-3e74-4690-81cf-da5ab79b92f7
2019-10-23 12:36:54,817 [grpc-default-executor-4] INFO  impl.RoleInfo (RoleInfo.java:shutdownFollowerState(121)) - daebe4f8-0ad9-4eb2-8ed7-3a8051847eb6: shutdown FollowerState
2019-10-23 12:36:54,817 [grpc-default-executor-4] INFO  impl.RoleInfo (RoleInfo.java:updateAndGet(143)) - daebe4f8-0ad9-4eb2-8ed7-3a8051847eb6: start FollowerState
2019-10-23 12:36:54,817 [grpc-default-executor-3] INFO  impl.RaftServerImpl (RaftServerImpl.java:setRole(184)) - 389d5540-641f-48c2-a9df-60738dbad976@group-AF49A4A4CA2A: changes role from  FOLLOWER to FOLLOWER at term 389 for recognizeCandidate:279bca68-3e74-4690-81cf-da5ab79b92f7
2019-10-23 12:36:54,817 [grpc-default-executor-3] INFO  impl.RoleInfo (RoleInfo.java:shutdownFollowerState(121)) - 389d5540-641f-48c2-a9df-60738dbad976: shutdown FollowerState
2019-10-23 12:36:54,817 [Thread-2602] INFO  impl.FollowerState (FollowerState.java:run(117)) - daebe4f8-0ad9-4eb2-8ed7-3a8051847eb6@group-AF49A4A4CA2A-FollowerState was interrupted: java.lang.InterruptedException: sleep interrupted
2019-10-23 12:36:54,817 [grpc-default-executor-3] INFO  impl.RoleInfo (RoleInfo.java:updateAndGet(143)) - 389d5540-641f-48c2-a9df-60738dbad976: start FollowerState
2019-10-23 12:36:54,817 [Thread-2603] INFO  impl.FollowerState (FollowerState.java:run(117)) - 389d5540-641f-48c2-a9df-60738dbad976@group-AF49A4A4CA2A-FollowerState was interrupted: java.lang.InterruptedException: sleep interrupted
2019-10-23 12:36:54,827 [279bca68-3e74-4690-81cf-da5ab79b92f7@group-AF49A4A4CA2A-LeaderElection358] INFO  impl.LeaderElection (LeaderElection.java:logAndReturn(56)) - 279bca68-3e74-4690-81cf-da5ab79b92f7@group-AF49A4A4CA2A-LeaderElection358: Election REJECTED; received 2 response(s) [279bca68-3e74-4690-81cf-da5ab79b92f7<-daebe4f8-0ad9-4eb2-8ed7-3a8051847eb6#0:FAIL-t389, 279bca68-3e74-4690-81cf-da5ab79b92f7<-389d5540-641f-48c2-a9df-60738dbad976#0:FAIL-t389] and 0 exception(s); 279bca68-3e74-4690-81cf-da5ab79b92f7@group-AF49A4A4CA2A:t389, leader=null, voted=279bca68-3e74-4690-81cf-da5ab79b92f7, raftlog=279bca68-3e74-4690-81cf-da5ab79b92f7@group-AF49A4A4CA2A-SegmentedRaftLog:OPENED:c-1,f-1,i0, conf=-1: [daebe4f8-0ad9-4eb2-8ed7-3a8051847eb6:192.168.69.118:44860, 389d5540-641f-48c2-a9df-60738dbad976:192.168.69.118:45712, 279bca68-3e74-4690-81cf-da5ab79b92f7:192.168.69.118:45510], old=null
2019-10-23 12:36:54,827 [279bca68-3e74-4690-81cf-da5ab79b92f7@group-AF49A4A4CA2A-LeaderElection358] INFO  impl.RaftServerImpl (RaftServerImpl.java:setRole(184)) - 279bca68-3e74-4690-81cf-da5ab79b92f7@group-AF49A4A4CA2A: changes role from CANDIDATE to FOLLOWER at term 389 for DISCOVERED_A_NEW_TERM
2019-10-23 12:36:54,827 [279bca68-3e74-4690-81cf-da5ab79b92f7@group-AF49A4A4CA2A-LeaderElection358] INFO  impl.RoleInfo (RoleInfo.java:shutdownLeaderElection(134)) - 279bca68-3e74-4690-81cf-da5ab79b92f7: shutdown LeaderElection
2019-10-23 12:36:54,827 [279bca68-3e74-4690-81cf-da5ab79b92f7@group-AF49A4A4CA2A-LeaderElection358] INFO  impl.RoleInfo (RoleInfo.java:updateAndGet(143)) - 279bca68-3e74-4690-81cf-da5ab79b92f7: start FollowerState
2019-10-23 12:36:54,968 [Thread-2608] INFO  impl.FollowerState (FollowerState.java:run(108)) - 279bca68-3e74-4690-81cf-da5ab79b92f7@group-AF49A4A4CA2A-FollowerState: change to CANDIDATE, lastRpcTime:140ms, electionTimeout:140ms
2019-10-23 12:36:54,968 [Thread-2608] INFO  impl.RoleInfo (RoleInfo.java:shutdownFollowerState(121)) - 279bca68-3e74-4690-81cf-da5ab79b92f7: shutdown FollowerState
2019-10-23 12:36:54,968 [Thread-2608] INFO  impl.RaftServerImpl (RaftServerImpl.java:setRole(184)) - 279bca68-3e74-4690-81cf-da5ab79b92f7@group-AF49A4A4CA2A: changes role from  FOLLOWER to CANDIDATE at term 389 for changeToCandidate
2019-10-23 12:36:54,968 [Thread-2608] INFO  impl.RoleInfo (RoleInfo.java:updateAndGet(143)) - 279bca68-3e74-4690-81cf-da5ab79b92f7: start LeaderElection
2019-10-23 12:36:54,982 [279bca68-3e74-4690-81cf-da5ab79b92f7@group-AF49A4A4CA2A-LeaderElection359] INFO  impl.LeaderElection (LeaderElection.java:askForVotes(178)) - 279bca68-3e74-4690-81cf-da5ab79b92f7@group-AF49A4A4CA2A-LeaderElection359: begin an election at term 390 for -1: [daebe4f8-0ad9-4eb2-8ed7-3a8051847eb6:192.168.69.118:44860, 389d5540-641f-48c2-a9df-60738dbad976:192.168.69.118:45712, 279bca68-3e74-4690-81cf-da5ab79b92f7:192.168.69.118:45510], old=null
2019-10-23 12:36:54,984 [grpc-default-executor-4] INFO  impl.RaftServerImpl (RaftServerImpl.java:setRole(184)) - 389d5540-641f-48c2-a9df-60738dbad976@group-AF49A4A4CA2A: changes role from  FOLLOWER to FOLLOWER at term 390 for recognizeCandidate:279bca68-3e74-4690-81cf-da5ab79b92f7
2019-10-23 12:36:54,985 [grpc-default-executor-4] INFO  impl.RoleInfo (RoleInfo.java:shutdownFollowerState(121)) - 389d5540-641f-48c2-a9df-60738dbad976: shutdown FollowerState
2019-10-23 12:36:54,985 [grpc-default-executor-0] INFO  impl.RaftServerImpl (RaftServerImpl.java:setRole(184)) - daebe4f8-0ad9-4eb2-8ed7-3a8051847eb6@group-AF49A4A4CA2A: changes role from  FOLLOWER to FOLLOWER at term 390 for recognizeCandidate:279bca68-3e74-4690-81cf-da5ab79b92f7
2019-10-23 12:36:54,985 [grpc-default-executor-0] INFO  impl.RoleInfo (RoleInfo.java:shutdownFollowerState(121)) - daebe4f8-0ad9-4eb2-8ed7-3a8051847eb6: shutdown FollowerState
2019-10-23 12:36:54,985 [Thread-2607] INFO  impl.FollowerState (FollowerState.java:run(117)) - 389d5540-641f-48c2-a9df-60738dbad976@group-AF49A4A4CA2A-FollowerState was interrupted: java.lang.InterruptedException: sleep interrupted
2019-10-23 12:36:54,985 [grpc-default-executor-4] INFO  impl.RoleInfo (RoleInfo.java:updateAndGet(143)) - 389d5540-641f-48c2-a9df-60738dbad976: start FollowerState
2019-10-23 12:36:54,985 [Thread-2606] INFO  impl.FollowerState (FollowerState.java:run(117)) - daebe4f8-0ad9-4eb2-8ed7-3a8051847eb6@group-AF49A4A4CA2A-FollowerState was interrupted: java.lang.InterruptedException: sleep interrupted
2019-10-23 12:36:54,985 [grpc-default-executor-0] INFO  impl.RoleInfo (RoleInfo.java:updateAndGet(143)) - daebe4f8-0ad9-4eb2-8ed7-3a8051847eb6: start FollowerState
2019-10-23 12:36:55,001 [279bca68-3e74-4690-81cf-da5ab79b92f7@group-AF49A4A4CA2A-LeaderElection359] INFO  impl.LeaderElection (LeaderElection.java:logAndReturn(56)) - 279bca68-3e74-4690-81cf-da5ab79b92f7@group-AF49A4A4CA2A-LeaderElection359: Election REJECTED; received 2 response(s) [279bca68-3e74-4690-81cf-da5ab79b92f7<-daebe4f8-0ad9-4eb2-8ed7-3a8051847eb6#0:FAIL-t390, 279bca68-3e74-4690-81cf-da5ab79b92f7<-389d5540-641f-48c2-a9df-60738dbad976#0:FAIL-t390] and 0 exception(s); 279bca68-3e74-4690-81cf-da5ab79b92f7@group-AF49A4A4CA2A:t390, leader=null, voted=279bca68-3e74-4690-81cf-da5ab79b92f7, raftlog=279bca68-3e74-4690-81cf-da5ab79b92f7@group-AF49A4A4CA2A-SegmentedRaftLog:OPENED:c-1,f-1,i0, conf=-1: [daebe4f8-0ad9-4eb2-8ed7-3a8051847eb6:192.168.69.118:44860, 389d5540-641f-48c2-a9df-60738dbad976:192.168.69.118:45712, 279bca68-3e74-4690-81cf-da5ab79b92f7:192.168.69.118:45510], old=null
2019-10-23 12:36:55,002 [279bca68-3e74-4690-81cf-da5ab79b92f7@group-AF49A4A4CA2A-LeaderElection359] INFO  impl.RaftServerImpl (RaftServerImpl.java:setRole(184)) - 279bca68-3e74-4690-81cf-da5ab79b92f7@group-AF49A4A4CA2A: changes role from CANDIDATE to FOLLOWER at term 390 for DISCOVERED_A_NEW_TERM
2019-10-23 12:36:55,002 [279bca68-3e74-4690-81cf-da5ab79b92f7@group-AF49A4A4CA2A-LeaderElection359] INFO  impl.RoleInfo (RoleInfo.java:shutdownLeaderElection(134)) - 279bca68-3e74-4690-81cf-da5ab79b92f7: shutdown LeaderElection
2019-10-23 12:36:55,002 [279bca68-3e74-4690-81cf-da5ab79b92f7@group-AF49A4A4CA2A-LeaderElection359] INFO  impl.RoleInfo (RoleInfo.java:updateAndGet(143)) - 279bca68-3e74-4690-81cf-da5ab79b92f7: start FollowerState
2019-10-23 12:36:55,199 [Thread-2614] INFO  impl.FollowerState (FollowerState.java:run(108)) - 279bca68-3e74-4690-81cf-da5ab79b92f7@group-AF49A4A4CA2A-FollowerState: change to CANDIDATE, lastRpcTime:197ms, electionTimeout:197ms
2019-10-23 12:36:55,199 [Thread-2614] INFO  impl.RoleInfo (RoleInfo.java:shutdownFollowerState(121)) - 279bca68-3e74-4690-81cf-da5ab79b92f7: shutdown FollowerState
2019-10-23 12:36:55,200 [Thread-2614] INFO  impl.RaftServerImpl (RaftServerImpl.java:setRole(184)) - 279bca68-3e74-4690-81cf-da5ab79b92f7@group-AF49A4A4CA2A: changes role from  FOLLOWER to CANDIDATE at term 390 for changeToCandidate
2019-10-23 12:36:55,200 [Thread-2614] INFO  impl.RoleInfo (RoleInfo.java:updateAndGet(143)) - 279bca68-3e74-4690-81cf-da5ab79b92f7: start LeaderElection
2019-10-23 12:36:55,225 [279bca68-3e74-4690-81cf-da5ab79b92f7@group-AF49A4A4CA2A-LeaderElection360] INFO  impl.LeaderElection (LeaderElection.java:askForVotes(178)) - 279bca68-3e74-4690-81cf-da5ab79b92f7@group-AF49A4A4CA2A-LeaderElection360: begin an election at term 391 for -1: [daebe4f8-0ad9-4eb2-8ed7-3a8051847eb6:192.168.69.118:44860, 389d5540-641f-48c2-a9df-60738dbad976:192.168.69.118:45712, 279bca68-3e74-4690-81cf-da5ab79b92f7:192.168.69.118:45510], old=null
2019-10-23 12:36:55,227 [grpc-default-executor-0] INFO  impl.RaftServerImpl (RaftServerImpl.java:setRole(184)) - daebe4f8-0ad9-4eb2-8ed7-3a8051847eb6@group-AF49A4A4CA2A: changes role from  FOLLOWER to FOLLOWER at term 391 for recognizeCandidate:279bca68-3e74-4690-81cf-da5ab79b92f7
2019-10-23 12:36:55,227 [grpc-default-executor-4] INFO  impl.RaftServerImpl (RaftServerImpl.java:setRole(184)) - 389d5540-641f-48c2-a9df-60738dbad976@group-AF49A4A4CA2A: changes role from  FOLLOWER to FOLLOWER at term 391 for recognizeCandidate:279bca68-3e74-4690-81cf-da5ab79b92f7
2019-10-23 12:36:55,227 [grpc-default-executor-4] INFO  impl.RoleInfo (RoleInfo.java:shutdownFollowerState(121)) - 389d5540-641f-48c2-a9df-60738dbad976: shutdown FollowerState
2019-10-23 12:36:55,227 [grpc-default-executor-0] INFO  impl.RoleInfo (RoleInfo.java:shutdownFollowerState(121)) - daebe4f8-0ad9-4eb2-8ed7-3a8051847eb6: shutdown FollowerState
2019-10-23 12:36:55,228 [Thread-2612] INFO  impl.FollowerState (FollowerState.java:run(117)) - 389d5540-641f-48c2-a9df-60738dbad976@group-AF49A4A4CA2A-FollowerState was interrupted: java.lang.InterruptedException: sleep interrupted
2019-10-23 12:36:55,228 [grpc-default-executor-4] INFO  impl.RoleInfo (RoleInfo.java:updateAndGet(143)) - 389d5540-641f-48c2-a9df-60738dbad976: start FollowerState
2019-10-23 12:36:55,228 [Thread-2613] INFO  impl.FollowerState (FollowerState.java:run(117)) - daebe4f8-0ad9-4eb2-8ed7-3a8051847eb6@group-AF49A4A4CA2A-FollowerState was interrupted: java.lang.InterruptedException: sleep interrupted
2019-10-23 12:36:55,228 [grpc-default-executor-0] INFO  impl.RoleInfo (RoleInfo.java:updateAndGet(143)) - daebe4f8-0ad9-4eb2-8ed7-3a8051847eb6: start FollowerState
2019-10-23 12:36:55,243 [279bca68-3e74-4690-81cf-da5ab79b92f7@group-AF49A4A4CA2A-LeaderElection360] INFO  impl.LeaderElection (LeaderElection.java:logAndReturn(56)) - 279bca68-3e74-4690-81cf-da5ab79b92f7@group-AF49A4A4CA2A-LeaderElection360: Election REJECTED; received 2 response(s) [279bca68-3e74-4690-81cf-da5ab79b92f7<-daebe4f8-0ad9-4eb2-8ed7-3a8051847eb6#0:FAIL-t391, 279bca68-3e74-4690-81cf-da5ab79b92f7<-389d5540-641f-48c2-a9df-60738dbad976#0:FAIL-t391] and 0 exception(s); 279bca68-3e74-4690-81cf-da5ab79b92f7@group-AF49A4A4CA2A:t391, leader=null, voted=279bca68-3e74-4690-81cf-da5ab79b92f7, raftlog=279bca68-3e74-4690-81cf-da5ab79b92f7@group-AF49A4A4CA2A-SegmentedRaftLog:OPENED:c-1,f-1,i0, conf=-1: [daebe4f8-0ad9-4eb2-8ed7-3a8051847eb6:192.168.69.118:44860, 389d5540-641f-48c2-a9df-60738dbad976:192.168.69.118:45712, 279bca68-3e74-4690-81cf-da5ab79b92f7:192.168.69.118:45510], old=null
2019-10-23 12:36:55,243 [279bca68-3e74-4690-81cf-da5ab79b92f7@group-AF49A4A4CA2A-LeaderElection360] INFO  impl.RaftServerImpl (RaftServerImpl.java:setRole(184)) - 279bca68-3e74-4690-81cf-da5ab79b92f7@group-AF49A4A4CA2A: changes role from CANDIDATE to FOLLOWER at term 391 for DISCOVERED_A_NEW_TERM
2019-10-23 12:36:55,243 [279bca68-3e74-4690-81cf-da5ab79b92f7@group-AF49A4A4CA2A-LeaderElection360] INFO  impl.RoleInfo (RoleInfo.java:shutdownLeaderElection(134)) - 279bca68-3e74-4690-81cf-da5ab79b92f7: shutdown LeaderElection
2019-10-23 12:36:55,244 [279bca68-3e74-4690-81cf-da5ab79b92f7@group-AF49A4A4CA2A-LeaderElection360] INFO  impl.RoleInfo (RoleInfo.java:updateAndGet(143)) - 279bca68-3e74-4690-81cf-da5ab79b92f7: start FollowerState
2019-10-23 12:36:55,415 [Thread-2620] INFO  impl.FollowerState (FollowerState.java:run(108)) - 279bca68-3e74-4690-81cf-da5ab79b92f7@group-AF49A4A4CA2A-FollowerState: change to CANDIDATE, lastRpcTime:171ms, electionTimeout:171ms
2019-10-23 12:36:55,415 [Thread-2620] INFO  impl.RoleInfo (RoleInfo.java:shutdownFollowerState(121)) - 279bca68-3e74-4690-81cf-da5ab79b92f7: shutdown FollowerState
2019-10-23 12:36:55,415 [Thread-2620] INFO  impl.RaftServerImpl (RaftServerImpl.java:setRole(184)) - 279bca68-3e74-4690-81cf-da5ab79b92f7@group-AF49A4A4CA2A: changes role from  FOLLOWER to CANDIDATE at term 391 for changeToCandidate
2019-10-23 12:36:55,416 [Thread-2620] INFO  impl.RoleInfo (RoleInfo.java:updateAndGet(143)) - 279bca68-3e74-4690-81cf-da5ab79b92f7: start LeaderElection
2019-10-23 12:36:55,441 [279bca68-3e74-4690-81cf-da5ab79b92f7@group-AF49A4A4CA2A-LeaderElection361] INFO  impl.LeaderElection (LeaderElection.java:askForVotes(178)) - 279bca68-3e74-4690-81cf-da5ab79b92f7@group-AF49A4A4CA2A-LeaderElection361: begin an election at term 392 for -1: [daebe4f8-0ad9-4eb2-8ed7-3a8051847eb6:192.168.69.118:44860, 389d5540-641f-48c2-a9df-60738dbad976:192.168.69.118:45712, 279bca68-3e74-4690-81cf-da5ab79b92f7:192.168.69.118:45510], old=null
2019-10-23 12:36:55,443 [grpc-default-executor-0] INFO  impl.RaftServerImpl (RaftServerImpl.java:setRole(184)) - daebe4f8-0ad9-4eb2-8ed7-3a8051847eb6@group-AF49A4A4CA2A: changes role from  FOLLOWER to FOLLOWER at term 392 for recognizeCandidate:279bca68-3e74-4690-81cf-da5ab79b92f7
2019-10-23 12:36:55,444 [grpc-default-executor-0] INFO  impl.RoleInfo (RoleInfo.java:shutdownFollowerState(121)) - daebe4f8-0ad9-4eb2-8ed7-3a8051847eb6: shutdown FollowerState
2019-10-23 12:36:55,444 [grpc-default-executor-4] INFO  impl.RaftServerImpl (RaftServerImpl.java:setRole(184)) - 389d5540-641f-48c2-a9df-60738dbad976@group-AF49A4A4CA2A: changes role from  FOLLOWER to FOLLOWER at term 392 for recognizeCandidate:279bca68-3e74-4690-81cf-da5ab79b92f7
2019-10-23 12:36:55,444 [Thread-2619] INFO  impl.FollowerState (FollowerState.java:run(117)) - daebe4f8-0ad9-4eb2-8ed7-3a8051847eb6@group-AF49A4A4CA2A-FollowerState was interrupted: java.lang.InterruptedException: sleep interrupted
2019-10-23 12:36:55,444 [grpc-default-executor-0] INFO  impl.RoleInfo (RoleInfo.java:updateAndGet(143)) - daebe4f8-0ad9-4eb2-8ed7-3a8051847eb6: start FollowerState
2019-10-23 12:36:55,444 [grpc-default-executor-4] INFO  impl.RoleInfo (RoleInfo.java:shutdownFollowerState(121)) - 389d5540-641f-48c2-a9df-60738dbad976: shutdown FollowerState
2019-10-23 12:36:55,444 [grpc-default-executor-4] INFO  impl.RoleInfo (RoleInfo.java:updateAndGet(143)) - 389d5540-641f-48c2-a9df-60738dbad976: start FollowerState
2019-10-23 12:36:55,444 [Thread-2618] INFO  impl.FollowerState (FollowerState.java:run(117)) - 389d5540-641f-48c2-a9df-60738dbad976@group-AF49A4A4CA2A-FollowerState was interrupted: java.lang.InterruptedException: sleep interrupted
2019-10-23 12:36:55,447 [279bca68-3e74-4690-81cf-da5ab79b92f7@group-AF49A4A4CA2A-LeaderElection361] INFO  impl.LeaderElection (LeaderElection.java:logAndReturn(56)) - 279bca68-3e74-4690-81cf-da5ab79b92f7@group-AF49A4A4CA2A-LeaderElection361: Election TIMEOUT; received 0 response(s) [] and 0 exception(s); 279bca68-3e74-4690-81cf-da5ab79b92f7@group-AF49A4A4CA2A:t392, leader=null, voted=279bca68-3e74-4690-81cf-da5ab79b92f7, raftlog=279bca68-3e74-4690-81cf-da5ab79b92f7@group-AF49A4A4CA2A-SegmentedRaftLog:OPENED:c-1,f-1,i0, conf=-1: [daebe4f8-0ad9-4eb2-8ed7-3a8051847eb6:192.168.69.118:44860, 389d5540-641f-48c2-a9df-60738dbad976:192.168.69.118:45712, 279bca68-3e74-4690-81cf-da5ab79b92f7:192.168.69.118:45510], old=null
2019-10-23 12:36:55,469 [279bca68-3e74-4690-81cf-da5ab79b92f7@group-AF49A4A4CA2A-LeaderElection361] INFO  impl.LeaderElection (LeaderElection.java:askForVotes(178)) - 279bca68-3e74-4690-81cf-da5ab79b92f7@group-AF49A4A4CA2A-LeaderElection361: begin an election at term 393 for -1: [daebe4f8-0ad9-4eb2-8ed7-3a8051847eb6:192.168.69.118:44860, 389d5540-641f-48c2-a9df-60738dbad976:192.168.69.118:45712, 279bca68-3e74-4690-81cf-da5ab79b92f7:192.168.69.118:45510], old=null
2019-10-23 12:36:55,471 [grpc-default-executor-0] INFO  impl.RaftServerImpl (RaftServerImpl.java:setRole(184)) - daebe4f8-0ad9-4eb2-8ed7-3a8051847eb6@group-AF49A4A4CA2A: changes role from  FOLLOWER to FOLLOWER at term 393 for recognizeCandidate:279bca68-3e74-4690-81cf-da5ab79b92f7
2019-10-23 12:36:55,471 [grpc-default-executor-0] INFO  impl.RoleInfo (RoleInfo.java:shutdownFollowerState(121)) - daebe4f8-0ad9-4eb2-8ed7-3a8051847eb6: shutdown FollowerState
2019-10-23 12:36:55,471 [grpc-default-executor-0] INFO  impl.RoleInfo (RoleInfo.java:updateAndGet(143)) - daebe4f8-0ad9-4eb2-8ed7-3a8051847eb6: start FollowerState
2019-10-23 12:36:55,471 [Thread-2624] INFO  impl.FollowerState (FollowerState.java:run(117)) - daebe4f8-0ad9-4eb2-8ed7-3a8051847eb6@group-AF49A4A4CA2A-FollowerState was interrupted: java.lang.InterruptedException: sleep interrupted
2019-10-23 12:36:55,472 [grpc-default-executor-4] INFO  impl.RaftServerImpl (RaftServerImpl.java:setRole(184)) - 389d5540-641f-48c2-a9df-60738dbad976@group-AF49A4A4CA2A: changes role from  FOLLOWER to FOLLOWER at term 393 for recognizeCandidate:279bca68-3e74-4690-81cf-da5ab79b92f7
2019-10-23 12:36:55,472 [grpc-default-executor-4] INFO  impl.RoleInfo (RoleInfo.java:shutdownFollowerState(121)) - 389d5540-641f-48c2-a9df-60738dbad976: shutdown FollowerState
2019-10-23 12:36:55,472 [grpc-default-executor-4] INFO  impl.RoleInfo (RoleInfo.java:updateAndGet(143)) - 389d5540-641f-48c2-a9df-60738dbad976: start FollowerState
2019-10-23 12:36:55,472 [Thread-2625] INFO  impl.FollowerState (FollowerState.java:run(117)) - 389d5540-641f-48c2-a9df-60738dbad976@group-AF49A4A4CA2A-FollowerState was interrupted: java.lang.InterruptedException: sleep interrupted
2019-10-23 12:36:55,486 [279bca68-3e74-4690-81cf-da5ab79b92f7@group-AF49A4A4CA2A-LeaderElection361] INFO  impl.LeaderElection (LeaderElection.java:logAndReturn(56)) - 279bca68-3e74-4690-81cf-da5ab79b92f7@group-AF49A4A4CA2A-LeaderElection361: Election REJECTED; received 2 response(s) [279bca68-3e74-4690-81cf-da5ab79b92f7<-daebe4f8-0ad9-4eb2-8ed7-3a8051847eb6#0:FAIL-t393, 279bca68-3e74-4690-81cf-da5ab79b92f7<-389d5540-641f-48c2-a9df-60738dbad976#0:FAIL-t393] and 0 exception(s); 279bca68-3e74-4690-81cf-da5ab79b92f7@group-AF49A4A4CA2A:t393, leader=null, voted=279bca68-3e74-4690-81cf-da5ab79b92f7, raftlog=279bca68-3e74-4690-81cf-da5ab79b92f7@group-AF49A4A4CA2A-SegmentedRaftLog:OPENED:c-1,f-1,i0, conf=-1: [daebe4f8-0ad9-4eb2-8ed7-3a8051847eb6:192.168.69.118:44860, 389d5540-641f-48c2-a9df-60738dbad976:192.168.69.118:45712, 279bca68-3e74-4690-81cf-da5ab79b92f7:192.168.69.118:45510], old=null
2019-10-23 12:36:55,486 [279bca68-3e74-4690-81cf-da5ab79b92f7@group-AF49A4A4CA2A-LeaderElection361] INFO  impl.RaftServerImpl (RaftServerImpl.java:setRole(184)) - 279bca68-3e74-4690-81cf-da5ab79b92f7@group-AF49A4A4CA2A: changes role from CANDIDATE to FOLLOWER at term 393 for DISCOVERED_A_NEW_TERM
2019-10-23 12:36:55,487 [279bca68-3e74-4690-81cf-da5ab79b92f7@group-AF49A4A4CA2A-LeaderElection361] INFO  impl.RoleInfo (RoleInfo.java:shutdownLeaderElection(134)) - 279bca68-3e74-4690-81cf-da5ab79b92f7: shutdown LeaderElection
2019-10-23 12:36:55,487 [279bca68-3e74-4690-81cf-da5ab79b92f7@group-AF49A4A4CA2A-LeaderElection361] INFO  impl.RoleInfo (RoleInfo.java:updateAndGet(143)) - 279bca68-3e74-4690-81cf-da5ab79b92f7: start FollowerState
2019-10-23 12:36:55,604 [Thread-2630] INFO  impl.FollowerState (FollowerState.java:run(108)) - 279bca68-3e74-4690-81cf-da5ab79b92f7@group-AF49A4A4CA2A-FollowerState: change to CANDIDATE, lastRpcTime:117ms, electionTimeout:117ms
2019-10-23 12:36:55,605 [Thread-2630] INFO  impl.RoleInfo (RoleInfo.java:shutdownFollowerState(121)) - 279bca68-3e74-4690-81cf-da5ab79b92f7: shutdown FollowerState
2019-10-23 12:36:55,605 [Thread-2630] INFO  impl.RaftServerImpl (RaftServerImpl.java:setRole(184)) - 279bca68-3e74-4690-81cf-da5ab79b92f7@group-AF49A4A4CA2A: changes role from  FOLLOWER to CANDIDATE at term 393 for changeToCandidate
2019-10-23 12:36:55,606 [Thread-2630] INFO  impl.RoleInfo (RoleInfo.java:updateAndGet(143)) - 279bca68-3e74-4690-81cf-da5ab79b92f7: start LeaderElection
2019-10-23 12:36:55,635 [279bca68-3e74-4690-81cf-da5ab79b92f7@group-AF49A4A4CA2A-LeaderElection362] INFO  impl.LeaderElection (LeaderElection.java:askForVotes(178)) - 279bca68-3e74-4690-81cf-da5ab79b92f7@group-AF49A4A4CA2A-LeaderElection362: begin an election at term 394 for -1: [daebe4f8-0ad9-4eb2-8ed7-3a8051847eb6:192.168.69.118:44860, 389d5540-641f-48c2-a9df-60738dbad976:192.168.69.118:45712, 279bca68-3e74-4690-81cf-da5ab79b92f7:192.168.69.118:45510], old=null
2019-10-23 12:36:55,641 [grpc-default-executor-0] INFO  impl.RaftServerImpl (RaftServerImpl.java:setRole(184)) - daebe4f8-0ad9-4eb2-8ed7-3a8051847eb6@group-AF49A4A4CA2A: changes role from  FOLLOWER to FOLLOWER at term 394 for recognizeCandidate:279bca68-3e74-4690-81cf-da5ab79b92f7
2019-10-23 12:36:55,641 [grpc-default-executor-4] INFO  impl.RaftServerImpl (RaftServerImpl.java:setRole(184)) - 389d5540-641f-48c2-a9df-60738dbad976@group-AF49A4A4CA2A: changes role from  FOLLOWER to FOLLOWER at term 394 for recognizeCandidate:279bca68-3e74-4690-81cf-da5ab79b92f7
2019-10-23 12:36:55,641 [grpc-default-executor-4] INFO  impl.RoleInfo (RoleInfo.java:shutdownFollowerState(121)) - 389d5540-641f-48c2-a9df-60738dbad976: shutdown FollowerState
2019-10-23 12:36:55,642 [grpc-default-executor-0] INFO  impl.RoleInfo (RoleInfo.java:shutdownFollowerState(121)) - daebe4f8-0ad9-4eb2-8ed7-3a8051847eb6: shutdown FollowerState
2019-10-23 12:36:55,642 [grpc-default-executor-4] INFO  impl.RoleInfo (RoleInfo.java:updateAndGet(143)) - 389d5540-641f-48c2-a9df-60738dbad976: start FollowerState
2019-10-23 12:36:55,642 [Thread-2628] INFO  impl.FollowerState (FollowerState.java:run(117)) - daebe4f8-0ad9-4eb2-8ed7-3a8051847eb6@group-AF49A4A4CA2A-FollowerState was interrupted: java.lang.InterruptedException: sleep interrupted
2019-10-23 12:36:55,642 [Thread-2629] INFO  impl.FollowerState (FollowerState.java:run(117)) - 389d5540-641f-48c2-a9df-60738dbad976@group-AF49A4A4CA2A-FollowerState was interrupted: java.lang.InterruptedException: sleep interrupted
2019-10-23 12:36:55,642 [grpc-default-executor-0] INFO  impl.RoleInfo (RoleInfo.java:updateAndGet(143)) - daebe4f8-0ad9-4eb2-8ed7-3a8051847eb6: start FollowerState
2019-10-23 12:36:55,664 [279bca68-3e74-4690-81cf-da5ab79b92f7@group-AF49A4A4CA2A-LeaderElection362] INFO  impl.LeaderElection (LeaderElection.java:logAndReturn(56)) - 279bca68-3e74-4690-81cf-da5ab79b92f7@group-AF49A4A4CA2A-LeaderElection362: Election REJECTED; received 2 response(s) [279bca68-3e74-4690-81cf-da5ab79b92f7<-daebe4f8-0ad9-4eb2-8ed7-3a8051847eb6#0:FAIL-t394, 279bca68-3e74-4690-81cf-da5ab79b92f7<-389d5540-641f-48c2-a9df-60738dbad976#0:FAIL-t394] and 0 exception(s); 279bca68-3e74-4690-81cf-da5ab79b92f7@group-AF49A4A4CA2A:t394, leader=null, voted=279bca68-3e74-4690-81cf-da5ab79b92f7, raftlog=279bca68-3e74-4690-81cf-da5ab79b92f7@group-AF49A4A4CA2A-SegmentedRaftLog:OPENED:c-1,f-1,i0, conf=-1: [daebe4f8-0ad9-4eb2-8ed7-3a8051847eb6:192.168.69.118:44860, 389d5540-641f-48c2-a9df-60738dbad976:192.168.69.118:45712, 279bca68-3e74-4690-81cf-da5ab79b92f7:192.168.69.118:45510], old=null
2019-10-23 12:36:55,664 [279bca68-3e74-4690-81cf-da5ab79b92f7@group-AF49A4A4CA2A-LeaderElection362] INFO  impl.RaftServerImpl (RaftServerImpl.java:setRole(184)) - 279bca68-3e74-4690-81cf-da5ab79b92f7@group-AF49A4A4CA2A: changes role from CANDIDATE to FOLLOWER at term 394 for DISCOVERED_A_NEW_TERM
2019-10-23 12:36:55,664 [279bca68-3e74-4690-81cf-da5ab79b92f7@group-AF49A4A4CA2A-LeaderElection362] INFO  impl.RoleInfo (RoleInfo.java:shutdownLeaderElection(134)) - 279bca68-3e74-4690-81cf-da5ab79b92f7: shutdown LeaderElection
2019-10-23 12:36:55,664 [279bca68-3e74-4690-81cf-da5ab79b92f7@group-AF49A4A4CA2A-LeaderElection362] INFO  impl.RoleInfo (RoleInfo.java:updateAndGet(143)) - 279bca68-3e74-4690-81cf-da5ab79b92f7: start FollowerState
2019-10-23 12:36:55,699 [Thread-2636] INFO  impl.FollowerState (FollowerState.java:run(108)) - 279bca68-3e74-4690-81cf-da5ab79b92f7@group-AF49A4A4CA2A-FollowerState: change to CANDIDATE, lastRpcTime:34ms, electionTimeout:34ms
2019-10-23 12:36:55,699 [Thread-2636] INFO  impl.RoleInfo (RoleInfo.java:shutdownFollowerState(121)) - 279bca68-3e74-4690-81cf-da5ab79b92f7: shutdown FollowerState
2019-10-23 12:36:55,699 [Thread-2636] INFO  impl.RaftServerImpl (RaftServerImpl.java:setRole(184)) - 279bca68-3e74-4690-81cf-da5ab79b92f7@group-AF49A4A4CA2A: changes role from  FOLLOWER to CANDIDATE at term 394 for changeToCandidate
2019-10-23 12:36:55,699 [Thread-2636] INFO  impl.RoleInfo (RoleInfo.java:updateAndGet(143)) - 279bca68-3e74-4690-81cf-da5ab79b92f7: start LeaderElection
2019-10-23 12:36:55,783 [279bca68-3e74-4690-81cf-da5ab79b92f7@group-AF49A4A4CA2A-LeaderElection363] INFO  impl.LeaderElection (LeaderElection.java:askForVotes(178)) - 279bca68-3e74-4690-81cf-da5ab79b92f7@group-AF49A4A4CA2A-LeaderElection363: begin an election at term 395 for -1: [daebe4f8-0ad9-4eb2-8ed7-3a8051847eb6:192.168.69.118:44860, 389d5540-641f-48c2-a9df-60738dbad976:192.168.69.118:45712, 279bca68-3e74-4690-81cf-da5ab79b92f7:192.168.69.118:45510], old=null
2019-10-23 12:36:55,785 [grpc-default-executor-0] INFO  impl.RaftServerImpl (RaftServerImpl.java:setRole(184)) - daebe4f8-0ad9-4eb2-8ed7-3a8051847eb6@group-AF49A4A4CA2A: changes role from  FOLLOWER to FOLLOWER at term 395 for recognizeCandidate:279bca68-3e74-4690-81cf-da5ab79b92f7
2019-10-23 12:36:55,785 [grpc-default-executor-0] INFO  impl.RoleInfo (RoleInfo.java:shutdownFollowerState(121)) - daebe4f8-0ad9-4eb2-8ed7-3a8051847eb6: shutdown FollowerState
2019-10-23 12:36:55,785 [grpc-default-executor-4] INFO  impl.RaftServerImpl (RaftServerImpl.java:setRole(184)) - 389d5540-641f-48c2-a9df-60738dbad976@group-AF49A4A4CA2A: changes role from  FOLLOWER to FOLLOWER at term 395 for recognizeCandidate:279bca68-3e74-4690-81cf-da5ab79b92f7
2019-10-23 12:36:55,786 [grpc-default-executor-0] INFO  impl.RoleInfo (RoleInfo.java:updateAndGet(143)) - daebe4f8-0ad9-4eb2-8ed7-3a8051847eb6: start FollowerState
2019-10-23 12:36:55,786 [Thread-2635] INFO  impl.FollowerState (FollowerState.java:run(117)) - daebe4f8-0ad9-4eb2-8ed7-3a8051847eb6@group-AF49A4A4CA2A-FollowerState was interrupted: java.lang.InterruptedException: sleep interrupted
2019-10-23 12:36:55,786 [grpc-default-executor-4] INFO  impl.RoleInfo (RoleInfo.java:shutdownFollowerState(121)) - 389d5540-641f-48c2-a9df-60738dbad976: shutdown FollowerState
2019-10-23 12:36:55,786 [grpc-default-executor-4] INFO  impl.RoleInfo (RoleInfo.java:updateAndGet(143)) - 389d5540-641f-48c2-a9df-60738dbad976: start FollowerState
2019-10-23 12:36:55,786 [Thread-2634] INFO  impl.FollowerState (FollowerState.java:run(117)) - 389d5540-641f-48c2-a9df-60738dbad976@group-AF49A4A4CA2A-FollowerState was interrupted: java.lang.InterruptedException: sleep interrupted
2019-10-23 12:36:55,806 [279bca68-3e74-4690-81cf-da5ab79b92f7@group-AF49A4A4CA2A-LeaderElection363] INFO  impl.LeaderElection (LeaderElection.java:logAndReturn(56)) - 279bca68-3e74-4690-81cf-da5ab79b92f7@group-AF49A4A4CA2A-LeaderElection363: Election REJECTED; received 2 response(s) [279bca68-3e74-4690-81cf-da5ab79b92f7<-daebe4f8-0ad9-4eb2-8ed7-3a8051847eb6#0:FAIL-t395, 279bca68-3e74-4690-81cf-da5ab79b92f7<-389d5540-641f-48c2-a9df-60738dbad976#0:FAIL-t395] and 0 exception(s); 279bca68-3e74-4690-81cf-da5ab79b92f7@group-AF49A4A4CA2A:t395, leader=null, voted=279bca68-3e74-4690-81cf-da5ab79b92f7, raftlog=279bca68-3e74-4690-81cf-da5ab79b92f7@group-AF49A4A4CA2A-SegmentedRaftLog:OPENED:c-1,f-1,i0, conf=-1: [daebe4f8-0ad9-4eb2-8ed7-3a8051847eb6:192.168.69.118:44860, 389d5540-641f-48c2-a9df-60738dbad976:192.168.69.118:45712, 279bca68-3e74-4690-81cf-da5ab79b92f7:192.168.69.118:45510], old=null
2019-10-23 12:36:55,806 [279bca68-3e74-4690-81cf-da5ab79b92f7@group-AF49A4A4CA2A-LeaderElection363] INFO  impl.RaftServerImpl (RaftServerImpl.java:setRole(184)) - 279bca68-3e74-4690-81cf-da5ab79b92f7@group-AF49A4A4CA2A: changes role from CANDIDATE to FOLLOWER at term 395 for DISCOVERED_A_NEW_TERM
2019-10-23 12:36:55,806 [279bca68-3e74-4690-81cf-da5ab79b92f7@group-AF49A4A4CA2A-LeaderElection363] INFO  impl.RoleInfo (RoleInfo.java:shutdownLeaderElection(134)) - 279bca68-3e74-4690-81cf-da5ab79b92f7: shutdown LeaderElection
2019-10-23 12:36:55,807 [279bca68-3e74-4690-81cf-da5ab79b92f7@group-AF49A4A4CA2A-LeaderElection363] INFO  impl.RoleInfo (RoleInfo.java:updateAndGet(143)) - 279bca68-3e74-4690-81cf-da5ab79b92f7: start FollowerState
2019-10-23 12:36:55,927 [Thread-2644] INFO  impl.FollowerState (FollowerState.java:run(108)) - 279bca68-3e74-4690-81cf-da5ab79b92f7@group-AF49A4A4CA2A-FollowerState: change to CANDIDATE, lastRpcTime:120ms, electionTimeout:120ms
2019-10-23 12:36:55,927 [Thread-2644] INFO  impl.RoleInfo (RoleInfo.java:shutdownFollowerState(121)) - 279bca68-3e74-4690-81cf-da5ab79b92f7: shutdown FollowerState
2019-10-23 12:36:55,927 [Thread-2644] INFO  impl.RaftServerImpl (RaftServerImpl.java:setRole(184)) - 279bca68-3e74-4690-81cf-da5ab79b92f7@group-AF49A4A4CA2A: changes role from  FOLLOWER to CANDIDATE at term 395 for changeToCandidate
2019-10-23 12:36:55,928 [Thread-2644] INFO  impl.RoleInfo (RoleInfo.java:updateAndGet(143)) - 279bca68-3e74-4690-81cf-da5ab79b92f7: start LeaderElection
2019-10-23 12:36:55,935 [279bca68-3e74-4690-81cf-da5ab79b92f7@group-AF49A4A4CA2A-LeaderElection364] INFO  impl.LeaderElection (LeaderElection.java:askForVotes(178)) - 279bca68-3e74-4690-81cf-da5ab79b92f7@group-AF49A4A4CA2A-LeaderElection364: begin an election at term 396 for -1: [daebe4f8-0ad9-4eb2-8ed7-3a8051847eb6:192.168.69.118:44860, 389d5540-641f-48c2-a9df-60738dbad976:192.168.69.118:45712, 279bca68-3e74-4690-81cf-da5ab79b92f7:192.168.69.118:45510], old=null
2019-10-23 12:36:55,937 [grpc-default-executor-4] INFO  impl.RaftServerImpl (RaftServerImpl.java:setRole(184)) - daebe4f8-0ad9-4eb2-8ed7-3a8051847eb6@group-AF49A4A4CA2A: changes role from  FOLLOWER to FOLLOWER at term 396 for recognizeCandidate:279bca68-3e74-4690-81cf-da5ab79b92f7
2019-10-23 12:36:55,938 [grpc-default-executor-0] INFO  impl.RaftServerImpl (RaftServerImpl.java:setRole(184)) - 389d5540-641f-48c2-a9df-60738dbad976@group-AF49A4A4CA2A: changes role from  FOLLOWER to FOLLOWER at term 396 for recognizeCandidate:279bca68-3e74-4690-81cf-da5ab79b92f7
2019-10-23 12:36:55,938 [grpc-default-executor-0] INFO  impl.RoleInfo (RoleInfo.java:shutdownFollowerState(121)) - 389d5540-641f-48c2-a9df-60738dbad976: shutdown FollowerState
2019-10-23 12:36:55,938 [grpc-default-executor-4] INFO  impl.RoleInfo (RoleInfo.java:shutdownFollowerState(121)) - daebe4f8-0ad9-4eb2-8ed7-3a8051847eb6: shutdown FollowerState
2019-10-23 12:36:55,938 [Thread-2643] INFO  impl.FollowerState (FollowerState.java:run(117)) - 389d5540-641f-48c2-a9df-60738dbad976@group-AF49A4A4CA2A-FollowerState was interrupted: java.lang.InterruptedException: sleep interrupted
2019-10-23 12:36:55,938 [grpc-default-executor-4] INFO  impl.RoleInfo (RoleInfo.java:updateAndGet(143)) - daebe4f8-0ad9-4eb2-8ed7-3a8051847eb6: start FollowerState
2019-10-23 12:36:55,938 [grpc-default-executor-0] INFO  impl.RoleInfo (RoleInfo.java:updateAndGet(143)) - 389d5540-641f-48c2-a9df-60738dbad976: start FollowerState
2019-10-23 12:36:55,938 [Thread-2642] INFO  impl.FollowerState (FollowerState.java:run(117)) - daebe4f8-0ad9-4eb2-8ed7-3a8051847eb6@group-AF49A4A4CA2A-FollowerState was interrupted: java.lang.InterruptedException: sleep interrupted
2019-10-23 12:36:55,953 [279bca68-3e74-4690-81cf-da5ab79b92f7@group-AF49A4A4CA2A-LeaderElection364] INFO  impl.LeaderElection (LeaderElection.java:logAndReturn(56)) - 279bca68-3e74-4690-81cf-da5ab79b92f7@group-AF49A4A4CA2A-LeaderElection364: Election REJECTED; received 2 response(s) [279bca68-3e74-4690-81cf-da5ab79b92f7<-daebe4f8-0ad9-4eb2-8ed7-3a8051847eb6#0:FAIL-t396, 279bca68-3e74-4690-81cf-da5ab79b92f7<-389d5540-641f-48c2-a9df-60738dbad976#0:FAIL-t396] and 0 exception(s); 279bca68-3e74-4690-81cf-da5ab79b92f7@group-AF49A4A4CA2A:t396, leader=null, voted=279bca68-3e74-4690-81cf-da5ab79b92f7, raftlog=279bca68-3e74-4690-81cf-da5ab79b92f7@group-AF49A4A4CA2A-SegmentedRaftLog:OPENED:c-1,f-1,i0, conf=-1: [daebe4f8-0ad9-4eb2-8ed7-3a8051847eb6:192.168.69.118:44860, 389d5540-641f-48c2-a9df-60738dbad976:192.168.69.118:45712, 279bca68-3e74-4690-81cf-da5ab79b92f7:192.168.69.118:45510], old=null
2019-10-23 12:36:55,953 [279bca68-3e74-4690-81cf-da5ab79b92f7@group-AF49A4A4CA2A-LeaderElection364] INFO  impl.RaftServerImpl (RaftServerImpl.java:setRole(184)) - 279bca68-3e74-4690-81cf-da5ab79b92f7@group-AF49A4A4CA2A: changes role from CANDIDATE to FOLLOWER at term 396 for DISCOVERED_A_NEW_TERM
2019-10-23 12:36:55,953 [279bca68-3e74-4690-81cf-da5ab79b92f7@group-AF49A4A4CA2A-LeaderElection364] INFO  impl.RoleInfo (RoleInfo.java:shutdownLeaderElection(134)) - 279bca68-3e74-4690-81cf-da5ab79b92f7: shutdown LeaderElection
2019-10-23 12:36:55,953 [279bca68-3e74-4690-81cf-da5ab79b92f7@group-AF49A4A4CA2A-LeaderElection364] INFO  impl.RoleInfo (RoleInfo.java:updateAndGet(143)) - 279bca68-3e74-4690-81cf-da5ab79b92f7: start FollowerState
2019-10-23 12:36:56,042 [Thread-2650] INFO  impl.FollowerState (FollowerState.java:run(108)) - 279bca68-3e74-4690-81cf-da5ab79b92f7@group-AF49A4A4CA2A-FollowerState: change to CANDIDATE, lastRpcTime:88ms, electionTimeout:88ms
2019-10-23 12:36:56,042 [Thread-2650] INFO  impl.RoleInfo (RoleInfo.java:shutdownFollowerState(121)) - 279bca68-3e74-4690-81cf-da5ab79b92f7: shutdown FollowerState
2019-10-23 12:36:56,042 [Thread-2650] INFO  impl.RaftServerImpl (RaftServerImpl.java:setRole(184)) - 279bca68-3e74-4690-81cf-da5ab79b92f7@group-AF49A4A4CA2A: changes role from  FOLLOWER to CANDIDATE at term 396 for changeToCandidate
2019-10-23 12:36:56,042 [Thread-2650] INFO  impl.RoleInfo (RoleInfo.java:updateAndGet(143)) - 279bca68-3e74-4690-81cf-da5ab79b92f7: start LeaderElection
2019-10-23 12:36:56,067 [279bca68-3e74-4690-81cf-da5ab79b92f7@group-AF49A4A4CA2A-LeaderElection365] INFO  impl.LeaderElection (LeaderElection.java:askForVotes(178)) - 279bca68-3e74-4690-81cf-da5ab79b92f7@group-AF49A4A4CA2A-LeaderElection365: begin an election at term 397 for -1: [daebe4f8-0ad9-4eb2-8ed7-3a8051847eb6:192.168.69.118:44860, 389d5540-641f-48c2-a9df-60738dbad976:192.168.69.118:45712, 279bca68-3e74-4690-81cf-da5ab79b92f7:192.168.69.118:45510], old=null
2019-10-23 12:36:56,069 [grpc-default-executor-0] INFO  impl.RaftServerImpl (RaftServerImpl.java:setRole(184)) - 389d5540-641f-48c2-a9df-60738dbad976@group-AF49A4A4CA2A: changes role from  FOLLOWER to FOLLOWER at term 397 for recognizeCandidate:279bca68-3e74-4690-81cf-da5ab79b92f7
2019-10-23 12:36:56,069 [grpc-default-executor-4] INFO  impl.RaftServerImpl (RaftServerImpl.java:setRole(184)) - daebe4f8-0ad9-4eb2-8ed7-3a8051847eb6@group-AF49A4A4CA2A: changes role from  FOLLOWER to FOLLOWER at term 397 for recognizeCandidate:279bca68-3e74-4690-81cf-da5ab79b92f7
2019-10-23 12:36:56,070 [grpc-default-executor-4] INFO  impl.RoleInfo (RoleInfo.java:shutdownFollowerState(121)) - daebe4f8-0ad9-4eb2-8ed7-3a8051847eb6: shutdown FollowerState
2019-10-23 12:36:56,070 [grpc-default-executor-0] INFO  impl.RoleInfo (RoleInfo.java:shutdownFollowerState(121)) - 389d5540-641f-48c2-a9df-60738dbad976: shutdown FollowerState
2019-10-23 12:36:56,070 [Thread-2649] INFO  impl.FollowerState (FollowerState.java:run(117)) - daebe4f8-0ad9-4eb2-8ed7-3a8051847eb6@group-AF49A4A4CA2A-FollowerState was interrupted: java.lang.InterruptedException: sleep interrupted
2019-10-23 12:36:56,070 [Thread-2648] INFO  impl.FollowerState (FollowerState.java:run(117)) - 389d5540-641f-48c2-a9df-60738dbad976@group-AF49A4A4CA2A-FollowerState was interrupted: java.lang.InterruptedException: sleep interrupted
2019-10-23 12:36:56,070 [grpc-default-executor-4] INFO  impl.RoleInfo (RoleInfo.java:updateAndGet(143)) - daebe4f8-0ad9-4eb2-8ed7-3a8051847eb6: start FollowerState
2019-10-23 12:36:56,070 [grpc-default-executor-0] INFO  impl.RoleInfo (RoleInfo.java:updateAndGet(143)) - 389d5540-641f-48c2-a9df-60738dbad976: start FollowerState
2019-10-23 12:36:56,087 [279bca68-3e74-4690-81cf-da5ab79b92f7@group-AF49A4A4CA2A-LeaderElection365] INFO  impl.LeaderElection (LeaderElection.java:logAndReturn(56)) - 279bca68-3e74-4690-81cf-da5ab79b92f7@group-AF49A4A4CA2A-LeaderElection365: Election REJECTED; received 2 response(s) [279bca68-3e74-4690-81cf-da5ab79b92f7<-daebe4f8-0ad9-4eb2-8ed7-3a8051847eb6#0:FAIL-t397, 279bca68-3e74-4690-81cf-da5ab79b92f7<-389d5540-641f-48c2-a9df-60738dbad976#0:FAIL-t397] and 0 exception(s); 279bca68-3e74-4690-81cf-da5ab79b92f7@group-AF49A4A4CA2A:t397, leader=null, voted=279bca68-3e74-4690-81cf-da5ab79b92f7, raftlog=279bca68-3e74-4690-81cf-da5ab79b92f7@group-AF49A4A4CA2A-SegmentedRaftLog:OPENED:c-1,f-1,i0, conf=-1: [daebe4f8-0ad9-4eb2-8ed7-3a8051847eb6:192.168.69.118:44860, 389d5540-641f-48c2-a9df-60738dbad976:192.168.69.118:45712, 279bca68-3e74-4690-81cf-da5ab79b92f7:192.168.69.118:45510], old=null
2019-10-23 12:36:56,087 [279bca68-3e74-4690-81cf-da5ab79b92f7@group-AF49A4A4CA2A-LeaderElection365] INFO  impl.RaftServerImpl (RaftServerImpl.java:setRole(184)) - 279bca68-3e74-4690-81cf-da5ab79b92f7@group-AF49A4A4CA2A: changes role from CANDIDATE to FOLLOWER at term 397 for DISCOVERED_A_NEW_TERM
2019-10-23 12:36:56,087 [279bca68-3e74-4690-81cf-da5ab79b92f7@group-AF49A4A4CA2A-LeaderElection365] INFO  impl.RoleInfo (RoleInfo.java:shutdownLeaderElection(134)) - 279bca68-3e74-4690-81cf-da5ab79b92f7: shutdown LeaderElection
2019-10-23 12:36:56,087 [279bca68-3e74-4690-81cf-da5ab79b92f7@group-AF49A4A4CA2A-LeaderElection365] INFO  impl.RoleInfo (RoleInfo.java:updateAndGet(143)) - 279bca68-3e74-4690-81cf-da5ab79b92f7: start FollowerState
2019-10-23 12:36:56,215 [Thread-2656] INFO  impl.FollowerState (FollowerState.java:run(108)) - 279bca68-3e74-4690-81cf-da5ab79b92f7@group-AF49A4A4CA2A-FollowerState: change to CANDIDATE, lastRpcTime:127ms, electionTimeout:127ms
2019-10-23 12:36:56,215 [Thread-2656] INFO  impl.RoleInfo (RoleInfo.java:shutdownFollowerState(121)) - 279bca68-3e74-4690-81cf-da5ab79b92f7: shutdown FollowerState
2019-10-23 12:36:56,215 [Thread-2656] INFO  impl.RaftServerImpl (RaftServerImpl.java:setRole(184)) - 279bca68-3e74-4690-81cf-da5ab79b92f7@group-AF49A4A4CA2A: changes role from  FOLLOWER to CANDIDATE at term 397 for changeToCandidate
2019-10-23 12:36:56,215 [Thread-2656] INFO  impl.RoleInfo (RoleInfo.java:updateAndGet(143)) - 279bca68-3e74-4690-81cf-da5ab79b92f7: start LeaderElection
2019-10-23 12:36:56,229 [279bca68-3e74-4690-81cf-da5ab79b92f7@group-AF49A4A4CA2A-LeaderElection366] INFO  impl.LeaderElection (LeaderElection.java:askForVotes(178)) - 279bca68-3e74-4690-81cf-da5ab79b92f7@group-AF49A4A4CA2A-LeaderElection366: begin an election at term 398 for -1: [daebe4f8-0ad9-4eb2-8ed7-3a8051847eb6:192.168.69.118:44860, 389d5540-641f-48c2-a9df-60738dbad976:192.168.69.118:45712, 279bca68-3e74-4690-81cf-da5ab79b92f7:192.168.69.118:45510], old=null
2019-10-23 12:36:56,230 [grpc-default-executor-0] INFO  impl.RaftServerImpl (RaftServerImpl.java:setRole(184)) - daebe4f8-0ad9-4eb2-8ed7-3a8051847eb6@group-AF49A4A4CA2A: changes role from  FOLLOWER to FOLLOWER at term 398 for recognizeCandidate:279bca68-3e74-4690-81cf-da5ab79b92f7
2019-10-23 12:36:56,230 [grpc-default-executor-0] INFO  impl.RoleInfo (RoleInfo.java:shutdownFollowerState(121)) - daebe4f8-0ad9-4eb2-8ed7-3a8051847eb6: shutdown FollowerState
2019-10-23 12:36:56,231 [grpc-default-executor-0] INFO  impl.RoleInfo (RoleInfo.java:updateAndGet(143)) - daebe4f8-0ad9-4eb2-8ed7-3a8051847eb6: start FollowerState
2019-10-23 12:36:56,231 [grpc-default-executor-4] INFO  impl.RaftServerImpl (RaftServerImpl.java:setRole(184)) - 389d5540-641f-48c2-a9df-60738dbad976@group-AF49A4A4CA2A: changes role from  FOLLOWER to FOLLOWER at term 398 for recognizeCandidate:279bca68-3e74-4690-81cf-da5ab79b92f7
2019-10-23 12:36:56,231 [grpc-default-executor-4] INFO  impl.RoleInfo (RoleInfo.java:shutdownFollowerState(121)) - 389d5540-641f-48c2-a9df-60738dbad976: shutdown FollowerState
2019-10-23 12:36:56,231 [Thread-2654] INFO  impl.FollowerState (FollowerState.java:run(117)) - daebe4f8-0ad9-4eb2-8ed7-3a8051847eb6@group-AF49A4A4CA2A-FollowerState was interrupted: java.lang.InterruptedException: sleep interrupted
2019-10-23 12:36:56,231 [Thread-2655] INFO  impl.FollowerState (FollowerState.java:run(117)) - 389d5540-641f-48c2-a9df-60738dbad976@group-AF49A4A4CA2A-FollowerState was interrupted: java.lang.InterruptedException: sleep interrupted
2019-10-23 12:36:56,231 [grpc-default-executor-4] INFO  impl.RoleInfo (RoleInfo.java:updateAndGet(143)) - 389d5540-641f-48c2-a9df-60738dbad976: start FollowerState
2019-10-23 12:36:56,257 [279bca68-3e74-4690-81cf-da5ab79b92f7@group-AF49A4A4CA2A-LeaderElection366] INFO  impl.LeaderElection (LeaderElection.java:logAndReturn(56)) - 279bca68-3e74-4690-81cf-da5ab79b92f7@group-AF49A4A4CA2A-LeaderElection366: Election REJECTED; received 2 response(s) [279bca68-3e74-4690-81cf-da5ab79b92f7<-daebe4f8-0ad9-4eb2-8ed7-3a8051847eb6#0:FAIL-t398, 279bca68-3e74-4690-81cf-da5ab79b92f7<-389d5540-641f-48c2-a9df-60738dbad976#0:FAIL-t398] and 0 exception(s); 279bca68-3e74-4690-81cf-da5ab79b92f7@group-AF49A4A4CA2A:t398, leader=null, voted=279bca68-3e74-4690-81cf-da5ab79b92f7, raftlog=279bca68-3e74-4690-81cf-da5ab79b92f7@group-AF49A4A4CA2A-SegmentedRaftLog:OPENED:c-1,f-1,i0, conf=-1: [daebe4f8-0ad9-4eb2-8ed7-3a8051847eb6:192.168.69.118:44860, 389d5540-641f-48c2-a9df-60738dbad976:192.168.69.118:45712, 279bca68-3e74-4690-81cf-da5ab79b92f7:192.168.69.118:45510], old=null
2019-10-23 12:36:56,257 [279bca68-3e74-4690-81cf-da5ab79b92f7@group-AF49A4A4CA2A-LeaderElection366] INFO  impl.RaftServerImpl (RaftServerImpl.java:setRole(184)) - 279bca68-3e74-4690-81cf-da5ab79b92f7@group-AF49A4A4CA2A: changes role from CANDIDATE to FOLLOWER at term 398 for DISCOVERED_A_NEW_TERM
2019-10-23 12:36:56,257 [279bca68-3e74-4690-81cf-da5ab79b92f7@group-AF49A4A4CA2A-LeaderElection366] INFO  impl.RoleInfo (RoleInfo.java:shutdownLeaderElection(134)) - 279bca68-3e74-4690-81cf-da5ab79b92f7: shutdown LeaderElection
2019-10-23 12:36:56,258 [279bca68-3e74-4690-81cf-da5ab79b92f7@group-AF49A4A4CA2A-LeaderElection366] INFO  impl.RoleInfo (RoleInfo.java:updateAndGet(143)) - 279bca68-3e74-4690-81cf-da5ab79b92f7: start FollowerState
2019-10-23 12:36:56,385 [Thread-2662] INFO  impl.FollowerState (FollowerState.java:run(108)) - 279bca68-3e74-4690-81cf-da5ab79b92f7@group-AF49A4A4CA2A-FollowerState: change to CANDIDATE, lastRpcTime:127ms, electionTimeout:127ms
2019-10-23 12:36:56,385 [Thread-2662] INFO  impl.RoleInfo (RoleInfo.java:shutdownFollowerState(121)) - 279bca68-3e74-4690-81cf-da5ab79b92f7: shutdown FollowerState
2019-10-23 12:36:56,385 [Thread-2662] INFO  impl.RaftServerImpl (RaftServerImpl.java:setRole(184)) - 279bca68-3e74-4690-81cf-da5ab79b92f7@group-AF49A4A4CA2A: changes role from  FOLLOWER to CANDIDATE at term 398 for changeToCandidate
2019-10-23 12:36:56,385 [Thread-2662] INFO  impl.RoleInfo (RoleInfo.java:updateAndGet(143)) - 279bca68-3e74-4690-81cf-da5ab79b92f7: start LeaderElection
2019-10-23 12:36:56,407 [279bca68-3e74-4690-81cf-da5ab79b92f7@group-AF49A4A4CA2A-LeaderElection367] INFO  impl.LeaderElection (LeaderElection.java:askForVotes(178)) - 279bca68-3e74-4690-81cf-da5ab79b92f7@group-AF49A4A4CA2A-LeaderElection367: begin an election at term 399 for -1: [daebe4f8-0ad9-4eb2-8ed7-3a8051847eb6:192.168.69.118:44860, 389d5540-641f-48c2-a9df-60738dbad976:192.168.69.118:45712, 279bca68-3e74-4690-81cf-da5ab79b92f7:192.168.69.118:45510], old=null
2019-10-23 12:36:56,409 [grpc-default-executor-0] INFO  impl.RaftServerImpl (RaftServerImpl.java:setRole(184)) - daebe4f8-0ad9-4eb2-8ed7-3a8051847eb6@group-AF49A4A4CA2A: changes role from  FOLLOWER to FOLLOWER at term 399 for recognizeCandidate:279bca68-3e74-4690-81cf-da5ab79b92f7
2019-10-23 12:36:56,409 [grpc-default-executor-0] INFO  impl.RoleInfo (RoleInfo.java:shutdownFollowerState(121)) - daebe4f8-0ad9-4eb2-8ed7-3a8051847eb6: shutdown FollowerState
2019-10-23 12:36:56,409 [grpc-default-executor-0] INFO  impl.RoleInfo (RoleInfo.java:updateAndGet(143)) - daebe4f8-0ad9-4eb2-8ed7-3a8051847eb6: start FollowerState
2019-10-23 12:36:56,409 [Thread-2660] INFO  impl.FollowerState (FollowerState.java:run(117)) - daebe4f8-0ad9-4eb2-8ed7-3a8051847eb6@group-AF49A4A4CA2A-FollowerState was interrupted: java.lang.InterruptedException: sleep interrupted
2019-10-23 12:36:56,409 [grpc-default-executor-4] INFO  impl.RaftServerImpl (RaftServerImpl.java:setRole(184)) - 389d5540-641f-48c2-a9df-60738dbad976@group-AF49A4A4CA2A: changes role from  FOLLOWER to FOLLOWER at term 399 for recognizeCandidate:279bca68-3e74-4690-81cf-da5ab79b92f7
2019-10-23 12:36:56,410 [grpc-default-executor-4] INFO  impl.RoleInfo (RoleInfo.java:shutdownFollowerState(121)) - 389d5540-641f-48c2-a9df-60738dbad976: shutdown FollowerState
2019-10-23 12:36:56,410 [grpc-default-executor-4] INFO  impl.RoleInfo (RoleInfo.java:updateAndGet(143)) - 389d5540-641f-48c2-a9df-60738dbad976: start FollowerState
2019-10-23 12:36:56,410 [Thread-2661] INFO  impl.FollowerState (FollowerState.java:run(117)) - 389d5540-641f-48c2-a9df-60738dbad976@group-AF49A4A4CA2A-FollowerState was interrupted: java.lang.InterruptedException: sleep interrupted
2019-10-23 12:36:56,424 [279bca68-3e74-4690-81cf-da5ab79b92f7@group-AF49A4A4CA2A-LeaderElection367] INFO  impl.LeaderElection (LeaderElection.java:logAndReturn(56)) - 279bca68-3e74-4690-81cf-da5ab79b92f7@group-AF49A4A4CA2A-LeaderElection367: Election REJECTED; received 2 response(s) [279bca68-3e74-4690-81cf-da5ab79b92f7<-daebe4f8-0ad9-4eb2-8ed7-3a8051847eb6#0:FAIL-t399, 279bca68-3e74-4690-81cf-da5ab79b92f7<-389d5540-641f-48c2-a9df-60738dbad976#0:FAIL-t399] and 0 exception(s); 279bca68-3e74-4690-81cf-da5ab79b92f7@group-AF49A4A4CA2A:t399, leader=null, voted=279bca68-3e74-4690-81cf-da5ab79b92f7, raftlog=279bca68-3e74-4690-81cf-da5ab79b92f7@group-AF49A4A4CA2A-SegmentedRaftLog:OPENED:c-1,f-1,i0, conf=-1: [daebe4f8-0ad9-4eb2-8ed7-3a8051847eb6:192.168.69.118:44860, 389d5540-641f-48c2-a9df-60738dbad976:192.168.69.118:45712, 279bca68-3e74-4690-81cf-da5ab79b92f7:192.168.69.118:45510], old=null
2019-10-23 12:36:56,424 [279bca68-3e74-4690-81cf-da5ab79b92f7@group-AF49A4A4CA2A-LeaderElection367] INFO  impl.RaftServerImpl (RaftServerImpl.java:setRole(184)) - 279bca68-3e74-4690-81cf-da5ab79b92f7@group-AF49A4A4CA2A: changes role from CANDIDATE to FOLLOWER at term 399 for DISCOVERED_A_NEW_TERM
2019-10-23 12:36:56,424 [279bca68-3e74-4690-81cf-da5ab79b92f7@group-AF49A4A4CA2A-LeaderElection367] INFO  impl.RoleInfo (RoleInfo.java:shutdownLeaderElection(134)) - 279bca68-3e74-4690-81cf-da5ab79b92f7: shutdown LeaderElection
2019-10-23 12:36:56,425 [279bca68-3e74-4690-81cf-da5ab79b92f7@group-AF49A4A4CA2A-LeaderElection367] INFO  impl.RoleInfo (RoleInfo.java:updateAndGet(143)) - 279bca68-3e74-4690-81cf-da5ab79b92f7: start FollowerState
2019-10-23 12:36:56,529 [Thread-2668] INFO  impl.FollowerState (FollowerState.java:run(108)) - 279bca68-3e74-4690-81cf-da5ab79b92f7@group-AF49A4A4CA2A-FollowerState: change to CANDIDATE, lastRpcTime:104ms, electionTimeout:104ms
2019-10-23 12:36:56,529 [Thread-2668] INFO  impl.RoleInfo (RoleInfo.java:shutdownFollowerState(121)) - 279bca68-3e74-4690-81cf-da5ab79b92f7: shutdown FollowerState
2019-10-23 12:36:56,529 [Thread-2668] INFO  impl.RaftServerImpl (RaftServerImpl.java:setRole(184)) - 279bca68-3e74-4690-81cf-da5ab79b92f7@group-AF49A4A4CA2A: changes role from  FOLLOWER to CANDIDATE at term 399 for changeToCandidate
2019-10-23 12:36:56,529 [Thread-2668] INFO  impl.RoleInfo (RoleInfo.java:updateAndGet(143)) - 279bca68-3e74-4690-81cf-da5ab79b92f7: start LeaderElection
2019-10-23 12:36:56,544 [279bca68-3e74-4690-81cf-da5ab79b92f7@group-AF49A4A4CA2A-LeaderElection368] INFO  impl.LeaderElection (LeaderElection.java:askForVotes(178)) - 279bca68-3e74-4690-81cf-da5ab79b92f7@group-AF49A4A4CA2A-LeaderElection368: begin an election at term 400 for -1: [daebe4f8-0ad9-4eb2-8ed7-3a8051847eb6:192.168.69.118:44860, 389d5540-641f-48c2-a9df-60738dbad976:192.168.69.118:45712, 279bca68-3e74-4690-81cf-da5ab79b92f7:192.168.69.118:45510], old=null
2019-10-23 12:36:56,546 [grpc-default-executor-4] INFO  impl.RaftServerImpl (RaftServerImpl.java:setRole(184)) - daebe4f8-0ad9-4eb2-8ed7-3a8051847eb6@group-AF49A4A4CA2A: changes role from  FOLLOWER to FOLLOWER at term 400 for recognizeCandidate:279bca68-3e74-4690-81cf-da5ab79b92f7
2019-10-23 12:36:56,546 [grpc-default-executor-4] INFO  impl.RoleInfo (RoleInfo.java:shutdownFollowerState(121)) - daebe4f8-0ad9-4eb2-8ed7-3a8051847eb6: shutdown FollowerState
2019-10-23 12:36:56,546 [grpc-default-executor-4] INFO  impl.RoleInfo (RoleInfo.java:updateAndGet(143)) - daebe4f8-0ad9-4eb2-8ed7-3a8051847eb6: start FollowerState
2019-10-23 12:36:56,546 [Thread-2666] INFO  impl.FollowerState (FollowerState.java:run(117)) - daebe4f8-0ad9-4eb2-8ed7-3a8051847eb6@group-AF49A4A4CA2A-FollowerState was interrupted: java.lang.InterruptedException: sleep interrupted
2019-10-23 12:36:56,547 [grpc-default-executor-0] INFO  impl.RaftServerImpl (RaftServerImpl.java:setRole(184)) - 389d5540-641f-48c2-a9df-60738dbad976@group-AF49A4A4CA2A: changes role from  FOLLOWER to FOLLOWER at term 400 for recognizeCandidate:279bca68-3e74-4690-81cf-da5ab79b92f7
2019-10-23 12:36:56,547 [grpc-default-executor-0] INFO  impl.RoleInfo (RoleInfo.java:shutdownFollowerState(121)) - 389d5540-641f-48c2-a9df-60738dbad976: shutdown FollowerState
2019-10-23 12:36:56,547 [grpc-default-executor-0] INFO  impl.RoleInfo (RoleInfo.java:updateAndGet(143)) - 389d5540-641f-48c2-a9df-60738dbad976: start FollowerState
2019-10-23 12:36:56,547 [Thread-2667] INFO  impl.FollowerState (FollowerState.java:run(117)) - 389d5540-641f-48c2-a9df-60738dbad976@group-AF49A4A4CA2A-FollowerState was interrupted: java.lang.InterruptedException: sleep interrupted
2019-10-23 12:36:56,558 [279bca68-3e74-4690-81cf-da5ab79b92f7@group-AF49A4A4CA2A-LeaderElection368] INFO  impl.LeaderElection (LeaderElection.java:logAndReturn(56)) - 279bca68-3e74-4690-81cf-da5ab79b92f7@group-AF49A4A4CA2A-LeaderElection368: Election TIMEOUT; received 0 response(s) [] and 0 exception(s); 279bca68-3e74-4690-81cf-da5ab79b92f7@group-AF49A4A4CA2A:t400, leader=null, voted=279bca68-3e74-4690-81cf-da5ab79b92f7, raftlog=279bca68-3e74-4690-81cf-da5ab79b92f7@group-AF49A4A4CA2A-SegmentedRaftLog:OPENED:c-1,f-1,i0, conf=-1: [daebe4f8-0ad9-4eb2-8ed7-3a8051847eb6:192.168.69.118:44860, 389d5540-641f-48c2-a9df-60738dbad976:192.168.69.118:45712, 279bca68-3e74-4690-81cf-da5ab79b92f7:192.168.69.118:45510], old=null
2019-10-23 12:36:56,562 [279bca68-3e74-4690-81cf-da5ab79b92f7@group-AF49A4A4CA2A-LeaderElection368] INFO  impl.LeaderElection (LeaderElection.java:askForVotes(178)) - 279bca68-3e74-4690-81cf-da5ab79b92f7@group-AF49A4A4CA2A-LeaderElection368: begin an election at term 401 for -1: [daebe4f8-0ad9-4eb2-8ed7-3a8051847eb6:192.168.69.118:44860, 389d5540-641f-48c2-a9df-60738dbad976:192.168.69.118:45712, 279bca68-3e74-4690-81cf-da5ab79b92f7:192.168.69.118:45510], old=null
2019-10-23 12:36:56,564 [grpc-default-executor-0] INFO  impl.RaftServerImpl (RaftServerImpl.java:setRole(184)) - daebe4f8-0ad9-4eb2-8ed7-3a8051847eb6@group-AF49A4A4CA2A: changes role from  FOLLOWER to FOLLOWER at term 401 for recognizeCandidate:279bca68-3e74-4690-81cf-da5ab79b92f7
2019-10-23 12:36:56,564 [grpc-default-executor-0] INFO  impl.RoleInfo (RoleInfo.java:shutdownFollowerState(121)) - daebe4f8-0ad9-4eb2-8ed7-3a8051847eb6: shutdown FollowerState
2019-10-23 12:36:56,565 [grpc-default-executor-0] INFO  impl.RoleInfo (RoleInfo.java:updateAndGet(143)) - daebe4f8-0ad9-4eb2-8ed7-3a8051847eb6: start FollowerState
2019-10-23 12:36:56,565 [Thread-2672] INFO  impl.FollowerState (FollowerState.java:run(117)) - daebe4f8-0ad9-4eb2-8ed7-3a8051847eb6@group-AF49A4A4CA2A-FollowerState was interrupted: java.lang.InterruptedException: sleep interrupted
2019-10-23 12:36:56,565 [grpc-default-executor-4] INFO  impl.RaftServerImpl (RaftServerImpl.java:setRole(184)) - 389d5540-641f-48c2-a9df-60738dbad976@group-AF49A4A4CA2A: changes role from  FOLLOWER to FOLLOWER at term 401 for recognizeCandidate:279bca68-3e74-4690-81cf-da5ab79b92f7
2019-10-23 12:36:56,565 [grpc-default-executor-4] INFO  impl.RoleInfo (RoleInfo.java:shutdownFollowerState(121)) - 389d5540-641f-48c2-a9df-60738dbad976: shutdown FollowerState
2019-10-23 12:36:56,565 [grpc-default-executor-4] INFO  impl.RoleInfo (RoleInfo.java:updateAndGet(143)) - 389d5540-641f-48c2-a9df-60738dbad976: start FollowerState
2019-10-23 12:36:56,565 [Thread-2673] INFO  impl.FollowerState (FollowerState.java:run(117)) - 389d5540-641f-48c2-a9df-60738dbad976@group-AF49A4A4CA2A-FollowerState was interrupted: java.lang.InterruptedException: sleep interrupted
2019-10-23 12:36:56,578 [279bca68-3e74-4690-81cf-da5ab79b92f7@group-AF49A4A4CA2A-LeaderElection368] INFO  impl.LeaderElection (LeaderElection.java:logAndReturn(56)) - 279bca68-3e74-4690-81cf-da5ab79b92f7@group-AF49A4A4CA2A-LeaderElection368: Election REJECTED; received 2 response(s) [279bca68-3e74-4690-81cf-da5ab79b92f7<-daebe4f8-0ad9-4eb2-8ed7-3a8051847eb6#0:FAIL-t401, 279bca68-3e74-4690-81cf-da5ab79b92f7<-389d5540-641f-48c2-a9df-60738dbad976#0:FAIL-t401] and 0 exception(s); 279bca68-3e74-4690-81cf-da5ab79b92f7@group-AF49A4A4CA2A:t401, leader=null, voted=279bca68-3e74-4690-81cf-da5ab79b92f7, raftlog=279bca68-3e74-4690-81cf-da5ab79b92f7@group-AF49A4A4CA2A-SegmentedRaftLog:OPENED:c-1,f-1,i0, conf=-1: [daebe4f8-0ad9-4eb2-8ed7-3a8051847eb6:192.168.69.118:44860, 389d5540-641f-48c2-a9df-60738dbad976:192.168.69.118:45712, 279bca68-3e74-4690-81cf-da5ab79b92f7:192.168.69.118:45510], old=null
2019-10-23 12:36:56,579 [279bca68-3e74-4690-81cf-da5ab79b92f7@group-AF49A4A4CA2A-LeaderElection368] INFO  impl.RaftServerImpl (RaftServerImpl.java:setRole(184)) - 279bca68-3e74-4690-81cf-da5ab79b92f7@group-AF49A4A4CA2A: changes role from CANDIDATE to FOLLOWER at term 401 for DISCOVERED_A_NEW_TERM
2019-10-23 12:36:56,579 [279bca68-3e74-4690-81cf-da5ab79b92f7@group-AF49A4A4CA2A-LeaderElection368] INFO  impl.RoleInfo (RoleInfo.java:shutdownLeaderElection(134)) - 279bca68-3e74-4690-81cf-da5ab79b92f7: shutdown LeaderElection
2019-10-23 12:36:56,579 [279bca68-3e74-4690-81cf-da5ab79b92f7@group-AF49A4A4CA2A-LeaderElection368] INFO  impl.RoleInfo (RoleInfo.java:updateAndGet(143)) - 279bca68-3e74-4690-81cf-da5ab79b92f7: start FollowerState
2019-10-23 12:36:56,739 [Thread-2678] INFO  impl.FollowerState (FollowerState.java:run(108)) - 279bca68-3e74-4690-81cf-da5ab79b92f7@group-AF49A4A4CA2A-FollowerState: change to CANDIDATE, lastRpcTime:160ms, electionTimeout:160ms
2019-10-23 12:36:56,739 [Thread-2678] INFO  impl.RoleInfo (RoleInfo.java:shutdownFollowerState(121)) - 279bca68-3e74-4690-81cf-da5ab79b92f7: shutdown FollowerState
2019-10-23 12:36:56,740 [Thread-2678] INFO  impl.RaftServerImpl (RaftServerImpl.java:setRole(184)) - 279bca68-3e74-4690-81cf-da5ab79b92f7@group-AF49A4A4CA2A: changes role from  FOLLOWER to CANDIDATE at term 401 for changeToCandidate
2019-10-23 12:36:56,740 [Thread-2678] INFO  impl.RoleInfo (RoleInfo.java:updateAndGet(143)) - 279bca68-3e74-4690-81cf-da5ab79b92f7: start LeaderElection
2019-10-23 12:36:56,753 [279bca68-3e74-4690-81cf-da5ab79b92f7@group-AF49A4A4CA2A-LeaderElection369] INFO  impl.LeaderElection (LeaderElection.java:askForVotes(178)) - 279bca68-3e74-4690-81cf-da5ab79b92f7@group-AF49A4A4CA2A-LeaderElection369: begin an election at term 402 for -1: [daebe4f8-0ad9-4eb2-8ed7-3a8051847eb6:192.168.69.118:44860, 389d5540-641f-48c2-a9df-60738dbad976:192.168.69.118:45712, 279bca68-3e74-4690-81cf-da5ab79b92f7:192.168.69.118:45510], old=null
2019-10-23 12:36:56,756 [grpc-default-executor-4] INFO  impl.RaftServerImpl (RaftServerImpl.java:setRole(184)) - daebe4f8-0ad9-4eb2-8ed7-3a8051847eb6@group-AF49A4A4CA2A: changes role from  FOLLOWER to FOLLOWER at term 402 for recognizeCandidate:279bca68-3e74-4690-81cf-da5ab79b92f7
2019-10-23 12:36:56,756 [grpc-default-executor-4] INFO  impl.RoleInfo (RoleInfo.java:shutdownFollowerState(121)) - daebe4f8-0ad9-4eb2-8ed7-3a8051847eb6: shutdown FollowerState
2019-10-23 12:36:56,756 [grpc-default-executor-0] INFO  impl.RaftServerImpl (RaftServerImpl.java:setRole(184)) - 389d5540-641f-48c2-a9df-60738dbad976@group-AF49A4A4CA2A: changes role from  FOLLOWER to FOLLOWER at term 402 for recognizeCandidate:279bca68-3e74-4690-81cf-da5ab79b92f7
2019-10-23 12:36:56,756 [Thread-2676] INFO  impl.FollowerState (FollowerState.java:run(117)) - daebe4f8-0ad9-4eb2-8ed7-3a8051847eb6@group-AF49A4A4CA2A-FollowerState was interrupted: java.lang.InterruptedException: sleep interrupted
2019-10-23 12:36:56,756 [grpc-default-executor-4] INFO  impl.RoleInfo (RoleInfo.java:updateAndGet(143)) - daebe4f8-0ad9-4eb2-8ed7-3a8051847eb6: start FollowerState
2019-10-23 12:36:56,757 [grpc-default-executor-0] INFO  impl.RoleInfo (RoleInfo.java:shutdownFollowerState(121)) - 389d5540-641f-48c2-a9df-60738dbad976: shutdown FollowerState
2019-10-23 12:36:56,757 [grpc-default-executor-0] INFO  impl.RoleInfo (RoleInfo.java:updateAndGet(143)) - 389d5540-641f-48c2-a9df-60738dbad976: start FollowerState
2019-10-23 12:36:56,757 [Thread-2677] INFO  impl.FollowerState (FollowerState.java:run(117)) - 389d5540-641f-48c2-a9df-60738dbad976@group-AF49A4A4CA2A-FollowerState was interrupted: java.lang.InterruptedException: sleep interrupted
2019-10-23 12:36:56,761 [279bca68-3e74-4690-81cf-da5ab79b92f7@group-AF49A4A4CA2A-LeaderElection369] INFO  impl.LeaderElection (LeaderElection.java:logAndReturn(56)) - 279bca68-3e74-4690-81cf-da5ab79b92f7@group-AF49A4A4CA2A-LeaderElection369: Election TIMEOUT; received 0 response(s) [] and 0 exception(s); 279bca68-3e74-4690-81cf-da5ab79b92f7@group-AF49A4A4CA2A:t402, leader=null, voted=279bca68-3e74-4690-81cf-da5ab79b92f7, raftlog=279bca68-3e74-4690-81cf-da5ab79b92f7@group-AF49A4A4CA2A-SegmentedRaftLog:OPENED:c-1,f-1,i0, conf=-1: [daebe4f8-0ad9-4eb2-8ed7-3a8051847eb6:192.168.69.118:44860, 389d5540-641f-48c2-a9df-60738dbad976:192.168.69.118:45712, 279bca68-3e74-4690-81cf-da5ab79b92f7:192.168.69.118:45510], old=null
2019-10-23 12:36:56,782 [279bca68-3e74-4690-81cf-da5ab79b92f7@group-AF49A4A4CA2A-LeaderElection369] INFO  impl.LeaderElection (LeaderElection.java:askForVotes(178)) - 279bca68-3e74-4690-81cf-da5ab79b92f7@group-AF49A4A4CA2A-LeaderElection369: begin an election at term 403 for -1: [daebe4f8-0ad9-4eb2-8ed7-3a8051847eb6:192.168.69.118:44860, 389d5540-641f-48c2-a9df-60738dbad976:192.168.69.118:45712, 279bca68-3e74-4690-81cf-da5ab79b92f7:192.168.69.118:45510], old=null
2019-10-23 12:36:56,784 [grpc-default-executor-4] INFO  impl.RaftServerImpl (RaftServerImpl.java:setRole(184)) - daebe4f8-0ad9-4eb2-8ed7-3a8051847eb6@group-AF49A4A4CA2A: changes role from  FOLLOWER to FOLLOWER at term 403 for recognizeCandidate:279bca68-3e74-4690-81cf-da5ab79b92f7
2019-10-23 12:36:56,784 [grpc-default-executor-4] INFO  impl.RoleInfo (RoleInfo.java:shutdownFollowerState(121)) - daebe4f8-0ad9-4eb2-8ed7-3a8051847eb6: shutdown FollowerState
2019-10-23 12:36:56,784 [grpc-default-executor-4] INFO  impl.RoleInfo (RoleInfo.java:updateAndGet(143)) - daebe4f8-0ad9-4eb2-8ed7-3a8051847eb6: start FollowerState
2019-10-23 12:36:56,784 [Thread-2684] INFO  impl.FollowerState (FollowerState.java:run(117)) - daebe4f8-0ad9-4eb2-8ed7-3a8051847eb6@group-AF49A4A4CA2A-FollowerState was interrupted: java.lang.InterruptedException: sleep interrupted
2019-10-23 12:36:56,785 [grpc-default-executor-0] INFO  impl.RaftServerImpl (RaftServerImpl.java:setRole(184)) - 389d5540-641f-48c2-a9df-60738dbad976@group-AF49A4A4CA2A: changes role from  FOLLOWER to FOLLOWER at term 403 for recognizeCandidate:279bca68-3e74-4690-81cf-da5ab79b92f7
2019-10-23 12:36:56,785 [grpc-default-executor-0] INFO  impl.RoleInfo (RoleInfo.java:shutdownFollowerState(121)) - 389d5540-641f-48c2-a9df-60738dbad976: shutdown FollowerState
2019-10-23 12:36:56,785 [grpc-default-executor-0] INFO  impl.RoleInfo (RoleInfo.java:updateAndGet(143)) - 389d5540-641f-48c2-a9df-60738dbad976: start FollowerState
2019-10-23 12:36:56,785 [Thread-2685] INFO  impl.FollowerState (FollowerState.java:run(117)) - 389d5540-641f-48c2-a9df-60738dbad976@group-AF49A4A4CA2A-FollowerState was interrupted: java.lang.InterruptedException: sleep interrupted
2019-10-23 12:36:56,800 [279bca68-3e74-4690-81cf-da5ab79b92f7@group-AF49A4A4CA2A-LeaderElection369] INFO  impl.LeaderElection (LeaderElection.java:logAndReturn(56)) - 279bca68-3e74-4690-81cf-da5ab79b92f7@group-AF49A4A4CA2A-LeaderElection369: Election REJECTED; received 2 response(s) [279bca68-3e74-4690-81cf-da5ab79b92f7<-daebe4f8-0ad9-4eb2-8ed7-3a8051847eb6#0:FAIL-t403, 279bca68-3e74-4690-81cf-da5ab79b92f7<-389d5540-641f-48c2-a9df-60738dbad976#0:FAIL-t403] and 0 exception(s); 279bca68-3e74-4690-81cf-da5ab79b92f7@group-AF49A4A4CA2A:t403, leader=null, voted=279bca68-3e74-4690-81cf-da5ab79b92f7, raftlog=279bca68-3e74-4690-81cf-da5ab79b92f7@group-AF49A4A4CA2A-SegmentedRaftLog:OPENED:c-1,f-1,i0, conf=-1: [daebe4f8-0ad9-4eb2-8ed7-3a8051847eb6:192.168.69.118:44860, 389d5540-641f-48c2-a9df-60738dbad976:192.168.69.118:45712, 279bca68-3e74-4690-81cf-da5ab79b92f7:192.168.69.118:45510], old=null
2019-10-23 12:36:56,800 [279bca68-3e74-4690-81cf-da5ab79b92f7@group-AF49A4A4CA2A-LeaderElection369] INFO  impl.RaftServerImpl (RaftServerImpl.java:setRole(184)) - 279bca68-3e74-4690-81cf-da5ab79b92f7@group-AF49A4A4CA2A: changes role from CANDIDATE to FOLLOWER at term 403 for DISCOVERED_A_NEW_TERM
2019-10-23 12:36:56,800 [279bca68-3e74-4690-81cf-da5ab79b92f7@group-AF49A4A4CA2A-LeaderElection369] INFO  impl.RoleInfo (RoleInfo.java:shutdownLeaderElection(134)) - 279bca68-3e74-4690-81cf-da5ab79b92f7: shutdown LeaderElection
2019-10-23 12:36:56,800 [279bca68-3e74-4690-81cf-da5ab79b92f7@group-AF49A4A4CA2A-LeaderElection369] INFO  impl.RoleInfo (RoleInfo.java:updateAndGet(143)) - 279bca68-3e74-4690-81cf-da5ab79b92f7: start FollowerState
2019-10-23 12:36:56,957 [Thread-2690] INFO  impl.FollowerState (FollowerState.java:run(108)) - 279bca68-3e74-4690-81cf-da5ab79b92f7@group-AF49A4A4CA2A-FollowerState: change to CANDIDATE, lastRpcTime:156ms, electionTimeout:156ms
2019-10-23 12:36:56,957 [Thread-2690] INFO  impl.RoleInfo (RoleInfo.java:shutdownFollowerState(121)) - 279bca68-3e74-4690-81cf-da5ab79b92f7: shutdown FollowerState
2019-10-23 12:36:56,957 [Thread-2690] INFO  impl.RaftServerImpl (RaftServerImpl.java:setRole(184)) - 279bca68-3e74-4690-81cf-da5ab79b92f7@group-AF49A4A4CA2A: changes role from  FOLLOWER to CANDIDATE at term 403 for changeToCandidate
2019-10-23 12:36:56,957 [Thread-2690] INFO  impl.RoleInfo (RoleInfo.java:updateAndGet(143)) - 279bca68-3e74-4690-81cf-da5ab79b92f7: start LeaderElection
2019-10-23 12:36:56,983 [279bca68-3e74-4690-81cf-da5ab79b92f7@group-AF49A4A4CA2A-LeaderElection370] INFO  impl.LeaderElection (LeaderElection.java:askForVotes(178)) - 279bca68-3e74-4690-81cf-da5ab79b92f7@group-AF49A4A4CA2A-LeaderElection370: begin an election at term 404 for -1: [daebe4f8-0ad9-4eb2-8ed7-3a8051847eb6:192.168.69.118:44860, 389d5540-641f-48c2-a9df-60738dbad976:192.168.69.118:45712, 279bca68-3e74-4690-81cf-da5ab79b92f7:192.168.69.118:45510], old=null
2019-10-23 12:36:56,985 [grpc-default-executor-0] INFO  impl.RaftServerImpl (RaftServerImpl.java:setRole(184)) - daebe4f8-0ad9-4eb2-8ed7-3a8051847eb6@group-AF49A4A4CA2A: changes role from  FOLLOWER to FOLLOWER at term 404 for recognizeCandidate:279bca68-3e74-4690-81cf-da5ab79b92f7
2019-10-23 12:36:56,985 [grpc-default-executor-0] INFO  impl.RoleInfo (RoleInfo.java:shutdownFollowerState(121)) - daebe4f8-0ad9-4eb2-8ed7-3a8051847eb6: shutdown FollowerState
2019-10-23 12:36:56,985 [grpc-default-executor-4] INFO  impl.RaftServerImpl (RaftServerImpl.java:setRole(184)) - 389d5540-641f-48c2-a9df-60738dbad976@group-AF49A4A4CA2A: changes role from  FOLLOWER to FOLLOWER at term 404 for recognizeCandidate:279bca68-3e74-4690-81cf-da5ab79b92f7
2019-10-23 12:36:56,986 [Thread-2688] INFO  impl.FollowerState (FollowerState.java:run(117)) - daebe4f8-0ad9-4eb2-8ed7-3a8051847eb6@group-AF49A4A4CA2A-FollowerState was interrupted: java.lang.InterruptedException: sleep interrupted
2019-10-23 12:36:56,986 [grpc-default-executor-0] INFO  impl.RoleInfo (RoleInfo.java:updateAndGet(143)) - daebe4f8-0ad9-4eb2-8ed7-3a8051847eb6: start FollowerState
2019-10-23 12:36:56,986 [grpc-default-executor-4] INFO  impl.RoleInfo (RoleInfo.java:shutdownFollowerState(121)) - 389d5540-641f-48c2-a9df-60738dbad976: shutdown FollowerState
2019-10-23 12:36:56,986 [grpc-default-executor-4] INFO  impl.RoleInfo (RoleInfo.java:updateAndGet(143)) - 389d5540-641f-48c2-a9df-60738dbad976: start FollowerState
2019-10-23 12:36:56,986 [Thread-2689] INFO  impl.FollowerState (FollowerState.java:run(117)) - 389d5540-641f-48c2-a9df-60738dbad976@group-AF49A4A4CA2A-FollowerState was interrupted: java.lang.InterruptedException: sleep interrupted
2019-10-23 12:36:57,003 [279bca68-3e74-4690-81cf-da5ab79b92f7@group-AF49A4A4CA2A-LeaderElection370] INFO  impl.LeaderElection (LeaderElection.java:logAndReturn(56)) - 279bca68-3e74-4690-81cf-da5ab79b92f7@group-AF49A4A4CA2A-LeaderElection370: Election REJECTED; received 2 response(s) [279bca68-3e74-4690-81cf-da5ab79b92f7<-daebe4f8-0ad9-4eb2-8ed7-3a8051847eb6#0:FAIL-t404, 279bca68-3e74-4690-81cf-da5ab79b92f7<-389d5540-641f-48c2-a9df-60738dbad976#0:FAIL-t404] and 0 exception(s); 279bca68-3e74-4690-81cf-da5ab79b92f7@group-AF49A4A4CA2A:t404, leader=null, voted=279bca68-3e74-4690-81cf-da5ab79b92f7, raftlog=279bca68-3e74-4690-81cf-da5ab79b92f7@group-AF49A4A4CA2A-SegmentedRaftLog:OPENED:c-1,f-1,i0, conf=-1: [daebe4f8-0ad9-4eb2-8ed7-3a8051847eb6:192.168.69.118:44860, 389d5540-641f-48c2-a9df-60738dbad976:192.168.69.118:45712, 279bca68-3e74-4690-81cf-da5ab79b92f7:192.168.69.118:45510], old=null
2019-10-23 12:36:57,003 [279bca68-3e74-4690-81cf-da5ab79b92f7@group-AF49A4A4CA2A-LeaderElection370] INFO  impl.RaftServerImpl (RaftServerImpl.java:setRole(184)) - 279bca68-3e74-4690-81cf-da5ab79b92f7@group-AF49A4A4CA2A: changes role from CANDIDATE to FOLLOWER at term 404 for DISCOVERED_A_NEW_TERM
2019-10-23 12:36:57,003 [279bca68-3e74-4690-81cf-da5ab79b92f7@group-AF49A4A4CA2A-LeaderElection370] INFO  impl.RoleInfo (RoleInfo.java:shutdownLeaderElection(134)) - 279bca68-3e74-4690-81cf-da5ab79b92f7: shutdown LeaderElection
2019-10-23 12:36:57,003 [279bca68-3e74-4690-81cf-da5ab79b92f7@group-AF49A4A4CA2A-LeaderElection370] INFO  impl.RoleInfo (RoleInfo.java:updateAndGet(143)) - 279bca68-3e74-4690-81cf-da5ab79b92f7: start FollowerState
2019-10-23 12:36:57,058 [Thread-2696] INFO  impl.FollowerState (FollowerState.java:run(108)) - 279bca68-3e74-4690-81cf-da5ab79b92f7@group-AF49A4A4CA2A-FollowerState: change to CANDIDATE, lastRpcTime:55ms, electionTimeout:55ms
2019-10-23 12:36:57,058 [Thread-2696] INFO  impl.RoleInfo (RoleInfo.java:shutdownFollowerState(121)) - 279bca68-3e74-4690-81cf-da5ab79b92f7: shutdown FollowerState
2019-10-23 12:36:57,059 [Thread-2696] INFO  impl.RaftServerImpl (RaftServerImpl.java:setRole(184)) - 279bca68-3e74-4690-81cf-da5ab79b92f7@group-AF49A4A4CA2A: changes role from  FOLLOWER to CANDIDATE at term 404 for changeToCandidate
2019-10-23 12:36:57,059 [Thread-2696] INFO  impl.RoleInfo (RoleInfo.java:updateAndGet(143)) - 279bca68-3e74-4690-81cf-da5ab79b92f7: start LeaderElection
2019-10-23 12:36:57,072 [279bca68-3e74-4690-81cf-da5ab79b92f7@group-AF49A4A4CA2A-LeaderElection371] INFO  impl.LeaderElection (LeaderElection.java:askForVotes(178)) - 279bca68-3e74-4690-81cf-da5ab79b92f7@group-AF49A4A4CA2A-LeaderElection371: begin an election at term 405 for -1: [daebe4f8-0ad9-4eb2-8ed7-3a8051847eb6:192.168.69.118:44860, 389d5540-641f-48c2-a9df-60738dbad976:192.168.69.118:45712, 279bca68-3e74-4690-81cf-da5ab79b92f7:192.168.69.118:45510], old=null
2019-10-23 12:36:57,075 [grpc-default-executor-4] INFO  impl.RaftServerImpl (RaftServerImpl.java:setRole(184)) - daebe4f8-0ad9-4eb2-8ed7-3a8051847eb6@group-AF49A4A4CA2A: changes role from  FOLLOWER to FOLLOWER at term 405 for recognizeCandidate:279bca68-3e74-4690-81cf-da5ab79b92f7
2019-10-23 12:36:57,075 [grpc-default-executor-4] INFO  impl.RoleInfo (RoleInfo.java:shutdownFollowerState(121)) - daebe4f8-0ad9-4eb2-8ed7-3a8051847eb6: shutdown FollowerState
2019-10-23 12:36:57,075 [grpc-default-executor-0] INFO  impl.RaftServerImpl (RaftServerImpl.java:setRole(184)) - 389d5540-641f-48c2-a9df-60738dbad976@group-AF49A4A4CA2A: changes role from  FOLLOWER to FOLLOWER at term 405 for recognizeCandidate:279bca68-3e74-4690-81cf-da5ab79b92f7
2019-10-23 12:36:57,075 [grpc-default-executor-0] INFO  impl.RoleInfo (RoleInfo.java:shutdownFollowerState(121)) - 389d5540-641f-48c2-a9df-60738dbad976: shutdown FollowerState
2019-10-23 12:36:57,075 [Thread-2694] INFO  impl.FollowerState (FollowerState.java:run(117)) - daebe4f8-0ad9-4eb2-8ed7-3a8051847eb6@group-AF49A4A4CA2A-FollowerState was interrupted: java.lang.InterruptedException: sleep interrupted
2019-10-23 12:36:57,075 [Thread-2695] INFO  impl.FollowerState (FollowerState.java:run(117)) - 389d5540-641f-48c2-a9df-60738dbad976@group-AF49A4A4CA2A-FollowerState was interrupted: java.lang.InterruptedException: sleep interrupted
2019-10-23 12:36:57,075 [grpc-default-executor-4] INFO  impl.RoleInfo (RoleInfo.java:updateAndGet(143)) - daebe4f8-0ad9-4eb2-8ed7-3a8051847eb6: start FollowerState
2019-10-23 12:36:57,075 [grpc-default-executor-0] INFO  impl.RoleInfo (RoleInfo.java:updateAndGet(143)) - 389d5540-641f-48c2-a9df-60738dbad976: start FollowerState
2019-10-23 12:36:57,091 [279bca68-3e74-4690-81cf-da5ab79b92f7@group-AF49A4A4CA2A-LeaderElection371] INFO  impl.LeaderElection (LeaderElection.java:logAndReturn(56)) - 279bca68-3e74-4690-81cf-da5ab79b92f7@group-AF49A4A4CA2A-LeaderElection371: Election REJECTED; received 2 response(s) [279bca68-3e74-4690-81cf-da5ab79b92f7<-daebe4f8-0ad9-4eb2-8ed7-3a8051847eb6#0:FAIL-t405, 279bca68-3e74-4690-81cf-da5ab79b92f7<-389d5540-641f-48c2-a9df-60738dbad976#0:FAIL-t405] and 0 exception(s); 279bca68-3e74-4690-81cf-da5ab79b92f7@group-AF49A4A4CA2A:t405, leader=null, voted=279bca68-3e74-4690-81cf-da5ab79b92f7, raftlog=279bca68-3e74-4690-81cf-da5ab79b92f7@group-AF49A4A4CA2A-SegmentedRaftLog:OPENED:c-1,f-1,i0, conf=-1: [daebe4f8-0ad9-4eb2-8ed7-3a8051847eb6:192.168.69.118:44860, 389d5540-641f-48c2-a9df-60738dbad976:192.168.69.118:45712, 279bca68-3e74-4690-81cf-da5ab79b92f7:192.168.69.118:45510], old=null
2019-10-23 12:36:57,092 [279bca68-3e74-4690-81cf-da5ab79b92f7@group-AF49A4A4CA2A-LeaderElection371] INFO  impl.RaftServerImpl (RaftServerImpl.java:setRole(184)) - 279bca68-3e74-4690-81cf-da5ab79b92f7@group-AF49A4A4CA2A: changes role from CANDIDATE to FOLLOWER at term 405 for DISCOVERED_A_NEW_TERM
2019-10-23 12:36:57,092 [279bca68-3e74-4690-81cf-da5ab79b92f7@group-AF49A4A4CA2A-LeaderElection371] INFO  impl.RoleInfo (RoleInfo.java:shutdownLeaderElection(134)) - 279bca68-3e74-4690-81cf-da5ab79b92f7: shutdown LeaderElection
2019-10-23 12:36:57,092 [279bca68-3e74-4690-81cf-da5ab79b92f7@group-AF49A4A4CA2A-LeaderElection371] INFO  impl.RoleInfo (RoleInfo.java:updateAndGet(143)) - 279bca68-3e74-4690-81cf-da5ab79b92f7: start FollowerState
2019-10-23 12:36:57,250 [Thread-2702] INFO  impl.FollowerState (FollowerState.java:run(108)) - 279bca68-3e74-4690-81cf-da5ab79b92f7@group-AF49A4A4CA2A-FollowerState: change to CANDIDATE, lastRpcTime:158ms, electionTimeout:158ms
2019-10-23 12:36:57,250 [Thread-2702] INFO  impl.RoleInfo (RoleInfo.java:shutdownFollowerState(121)) - 279bca68-3e74-4690-81cf-da5ab79b92f7: shutdown FollowerState
2019-10-23 12:36:57,251 [Thread-2702] INFO  impl.RaftServerImpl (RaftServerImpl.java:setRole(184)) - 279bca68-3e74-4690-81cf-da5ab79b92f7@group-AF49A4A4CA2A: changes role from  FOLLOWER to CANDIDATE at term 405 for changeToCandidate
2019-10-23 12:36:57,251 [Thread-2702] INFO  impl.RoleInfo (RoleInfo.java:updateAndGet(143)) - 279bca68-3e74-4690-81cf-da5ab79b92f7: start LeaderElection
2019-10-23 12:36:57,264 [279bca68-3e74-4690-81cf-da5ab79b92f7@group-AF49A4A4CA2A-LeaderElection372] INFO  impl.LeaderElection (LeaderElection.java:askForVotes(178)) - 279bca68-3e74-4690-81cf-da5ab79b92f7@group-AF49A4A4CA2A-LeaderElection372: begin an election at term 406 for -1: [daebe4f8-0ad9-4eb2-8ed7-3a8051847eb6:192.168.69.118:44860, 389d5540-641f-48c2-a9df-60738dbad976:192.168.69.118:45712, 279bca68-3e74-4690-81cf-da5ab79b92f7:192.168.69.118:45510], old=null
2019-10-23 12:36:57,265 [grpc-default-executor-4] INFO  impl.RaftServerImpl (RaftServerImpl.java:setRole(184)) - daebe4f8-0ad9-4eb2-8ed7-3a8051847eb6@group-AF49A4A4CA2A: changes role from  FOLLOWER to FOLLOWER at term 406 for recognizeCandidate:279bca68-3e74-4690-81cf-da5ab79b92f7
2019-10-23 12:36:57,266 [grpc-default-executor-4] INFO  impl.RoleInfo (RoleInfo.java:shutdownFollowerState(121)) - daebe4f8-0ad9-4eb2-8ed7-3a8051847eb6: shutdown FollowerState
2019-10-23 12:36:57,266 [grpc-default-executor-4] INFO  impl.RoleInfo (RoleInfo.java:updateAndGet(143)) - daebe4f8-0ad9-4eb2-8ed7-3a8051847eb6: start FollowerState
2019-10-23 12:36:57,266 [Thread-2700] INFO  impl.FollowerState (FollowerState.java:run(117)) - daebe4f8-0ad9-4eb2-8ed7-3a8051847eb6@group-AF49A4A4CA2A-FollowerState was interrupted: java.lang.InterruptedException: sleep interrupted
2019-10-23 12:36:57,266 [grpc-default-executor-0] INFO  impl.RaftServerImpl (RaftServerImpl.java:setRole(184)) - 389d5540-641f-48c2-a9df-60738dbad976@group-AF49A4A4CA2A: changes role from  FOLLOWER to FOLLOWER at term 406 for recognizeCandidate:279bca68-3e74-4690-81cf-da5ab79b92f7
2019-10-23 12:36:57,266 [grpc-default-executor-0] INFO  impl.RoleInfo (RoleInfo.java:shutdownFollowerState(121)) - 389d5540-641f-48c2-a9df-60738dbad976: shutdown FollowerState
2019-10-23 12:36:57,267 [grpc-default-executor-0] INFO  impl.RoleInfo (RoleInfo.java:updateAndGet(143)) - 389d5540-641f-48c2-a9df-60738dbad976: start FollowerState
2019-10-23 12:36:57,267 [Thread-2701] INFO  impl.FollowerState (FollowerState.java:run(117)) - 389d5540-641f-48c2-a9df-60738dbad976@group-AF49A4A4CA2A-FollowerState was interrupted: java.lang.InterruptedException: sleep interrupted
2019-10-23 12:36:57,280 [279bca68-3e74-4690-81cf-da5ab79b92f7@group-AF49A4A4CA2A-LeaderElection372] INFO  impl.LeaderElection (LeaderElection.java:logAndReturn(56)) - 279bca68-3e74-4690-81cf-da5ab79b92f7@group-AF49A4A4CA2A-LeaderElection372: Election REJECTED; received 2 response(s) [279bca68-3e74-4690-81cf-da5ab79b92f7<-daebe4f8-0ad9-4eb2-8ed7-3a8051847eb6#0:FAIL-t406, 279bca68-3e74-4690-81cf-da5ab79b92f7<-389d5540-641f-48c2-a9df-60738dbad976#0:FAIL-t406] and 0 exception(s); 279bca68-3e74-4690-81cf-da5ab79b92f7@group-AF49A4A4CA2A:t406, leader=null, voted=279bca68-3e74-4690-81cf-da5ab79b92f7, raftlog=279bca68-3e74-4690-81cf-da5ab79b92f7@group-AF49A4A4CA2A-SegmentedRaftLog:OPENED:c-1,f-1,i0, conf=-1: [daebe4f8-0ad9-4eb2-8ed7-3a8051847eb6:192.168.69.118:44860, 389d5540-641f-48c2-a9df-60738dbad976:192.168.69.118:45712, 279bca68-3e74-4690-81cf-da5ab79b92f7:192.168.69.118:45510], old=null
2019-10-23 12:36:57,280 [279bca68-3e74-4690-81cf-da5ab79b92f7@group-AF49A4A4CA2A-LeaderElection372] INFO  impl.RaftServerImpl (RaftServerImpl.java:setRole(184)) - 279bca68-3e74-4690-81cf-da5ab79b92f7@group-AF49A4A4CA2A: changes role from CANDIDATE to FOLLOWER at term 406 for DISCOVERED_A_NEW_TERM
2019-10-23 12:36:57,280 [279bca68-3e74-4690-81cf-da5ab79b92f7@group-AF49A4A4CA2A-LeaderElection372] INFO  impl.RoleInfo (RoleInfo.java:shutdownLeaderElection(134)) - 279bca68-3e74-4690-81cf-da5ab79b92f7: shutdown LeaderElection
2019-10-23 12:36:57,281 [279bca68-3e74-4690-81cf-da5ab79b92f7@group-AF49A4A4CA2A-LeaderElection372] INFO  impl.RoleInfo (RoleInfo.java:updateAndGet(143)) - 279bca68-3e74-4690-81cf-da5ab79b92f7: start FollowerState
2019-10-23 12:36:57,468 [Thread-2708] INFO  impl.FollowerState (FollowerState.java:run(108)) - 279bca68-3e74-4690-81cf-da5ab79b92f7@group-AF49A4A4CA2A-FollowerState: change to CANDIDATE, lastRpcTime:187ms, electionTimeout:187ms
2019-10-23 12:36:57,468 [Thread-2708] INFO  impl.RoleInfo (RoleInfo.java:shutdownFollowerState(121)) - 279bca68-3e74-4690-81cf-da5ab79b92f7: shutdown FollowerState
2019-10-23 12:36:57,468 [Thread-2708] INFO  impl.RaftServerImpl (RaftServerImpl.java:setRole(184)) - 279bca68-3e74-4690-81cf-da5ab79b92f7@group-AF49A4A4CA2A: changes role from  FOLLOWER to CANDIDATE at term 406 for changeToCandidate
2019-10-23 12:36:57,468 [Thread-2708] INFO  impl.RoleInfo (RoleInfo.java:updateAndGet(143)) - 279bca68-3e74-4690-81cf-da5ab79b92f7: start LeaderElection
2019-10-23 12:36:57,495 [279bca68-3e74-4690-81cf-da5ab79b92f7@group-AF49A4A4CA2A-LeaderElection373] INFO  impl.LeaderElection (LeaderElection.java:askForVotes(178)) - 279bca68-3e74-4690-81cf-da5ab79b92f7@group-AF49A4A4CA2A-LeaderElection373: begin an election at term 407 for -1: [daebe4f8-0ad9-4eb2-8ed7-3a8051847eb6:192.168.69.118:44860, 389d5540-641f-48c2-a9df-60738dbad976:192.168.69.118:45712, 279bca68-3e74-4690-81cf-da5ab79b92f7:192.168.69.118:45510], old=null
2019-10-23 12:36:57,497 [grpc-default-executor-0] INFO  impl.RaftServerImpl (RaftServerImpl.java:setRole(184)) - 389d5540-641f-48c2-a9df-60738dbad976@group-AF49A4A4CA2A: changes role from  FOLLOWER to FOLLOWER at term 407 for recognizeCandidate:279bca68-3e74-4690-81cf-da5ab79b92f7
2019-10-23 12:36:57,497 [grpc-default-executor-4] INFO  impl.RaftServerImpl (RaftServerImpl.java:setRole(184)) - daebe4f8-0ad9-4eb2-8ed7-3a8051847eb6@group-AF49A4A4CA2A: changes role from  FOLLOWER to FOLLOWER at term 407 for recognizeCandidate:279bca68-3e74-4690-81cf-da5ab79b92f7
2019-10-23 12:36:57,497 [grpc-default-executor-0] INFO  impl.RoleInfo (RoleInfo.java:shutdownFollowerState(121)) - 389d5540-641f-48c2-a9df-60738dbad976: shutdown FollowerState
2019-10-23 12:36:57,497 [grpc-default-executor-4] INFO  impl.RoleInfo (RoleInfo.java:shutdownFollowerState(121)) - daebe4f8-0ad9-4eb2-8ed7-3a8051847eb6: shutdown FollowerState
2019-10-23 12:36:57,497 [Thread-2707] INFO  impl.FollowerState (FollowerState.java:run(117)) - 389d5540-641f-48c2-a9df-60738dbad976@group-AF49A4A4CA2A-FollowerState was interrupted: java.lang.InterruptedException: sleep interrupted
2019-10-23 12:36:57,497 [grpc-default-executor-0] INFO  impl.RoleInfo (RoleInfo.java:updateAndGet(143)) - 389d5540-641f-48c2-a9df-60738dbad976: start FollowerState
2019-10-23 12:36:57,497 [Thread-2706] INFO  impl.FollowerState (FollowerState.java:run(117)) - daebe4f8-0ad9-4eb2-8ed7-3a8051847eb6@group-AF49A4A4CA2A-FollowerState was interrupted: java.lang.InterruptedException: sleep interrupted
2019-10-23 12:36:57,497 [grpc-default-executor-4] INFO  impl.RoleInfo (RoleInfo.java:updateAndGet(143)) - daebe4f8-0ad9-4eb2-8ed7-3a8051847eb6: start FollowerState
2019-10-23 12:36:57,524 [279bca68-3e74-4690-81cf-da5ab79b92f7@group-AF49A4A4CA2A-LeaderElection373] INFO  impl.LeaderElection (LeaderElection.java:logAndReturn(56)) - 279bca68-3e74-4690-81cf-da5ab79b92f7@group-AF49A4A4CA2A-LeaderElection373: Election REJECTED; received 2 response(s) [279bca68-3e74-4690-81cf-da5ab79b92f7<-daebe4f8-0ad9-4eb2-8ed7-3a8051847eb6#0:FAIL-t407, 279bca68-3e74-4690-81cf-da5ab79b92f7<-389d5540-641f-48c2-a9df-60738dbad976#0:FAIL-t407] and 0 exception(s); 279bca68-3e74-4690-81cf-da5ab79b92f7@group-AF49A4A4CA2A:t407, leader=null, voted=279bca68-3e74-4690-81cf-da5ab79b92f7, raftlog=279bca68-3e74-4690-81cf-da5ab79b92f7@group-AF49A4A4CA2A-SegmentedRaftLog:OPENED:c-1,f-1,i0, conf=-1: [daebe4f8-0ad9-4eb2-8ed7-3a8051847eb6:192.168.69.118:44860, 389d5540-641f-48c2-a9df-60738dbad976:192.168.69.118:45712, 279bca68-3e74-4690-81cf-da5ab79b92f7:192.168.69.118:45510], old=null
2019-10-23 12:36:57,524 [279bca68-3e74-4690-81cf-da5ab79b92f7@group-AF49A4A4CA2A-LeaderElection373] INFO  impl.RaftServerImpl (RaftServerImpl.java:setRole(184)) - 279bca68-3e74-4690-81cf-da5ab79b92f7@group-AF49A4A4CA2A: changes role from CANDIDATE to FOLLOWER at term 407 for DISCOVERED_A_NEW_TERM
2019-10-23 12:36:57,525 [279bca68-3e74-4690-81cf-da5ab79b92f7@group-AF49A4A4CA2A-LeaderElection373] INFO  impl.RoleInfo (RoleInfo.java:shutdownLeaderElection(134)) - 279bca68-3e74-4690-81cf-da5ab79b92f7: shutdown LeaderElection
2019-10-23 12:36:57,525 [279bca68-3e74-4690-81cf-da5ab79b92f7@group-AF49A4A4CA2A-LeaderElection373] INFO  impl.RoleInfo (RoleInfo.java:updateAndGet(143)) - 279bca68-3e74-4690-81cf-da5ab79b92f7: start FollowerState
2019-10-23 12:36:57,559 [Thread-2714] INFO  impl.FollowerState (FollowerState.java:run(108)) - 279bca68-3e74-4690-81cf-da5ab79b92f7@group-AF49A4A4CA2A-FollowerState: change to CANDIDATE, lastRpcTime:34ms, electionTimeout:34ms
2019-10-23 12:36:57,559 [Thread-2714] INFO  impl.RoleInfo (RoleInfo.java:shutdownFollowerState(121)) - 279bca68-3e74-4690-81cf-da5ab79b92f7: shutdown FollowerState
2019-10-23 12:36:57,559 [Thread-2714] INFO  impl.RaftServerImpl (RaftServerImpl.java:setRole(184)) - 279bca68-3e74-4690-81cf-da5ab79b92f7@group-AF49A4A4CA2A: changes role from  FOLLOWER to CANDIDATE at term 407 for changeToCandidate
2019-10-23 12:36:57,560 [Thread-2714] INFO  impl.RoleInfo (RoleInfo.java:updateAndGet(143)) - 279bca68-3e74-4690-81cf-da5ab79b92f7: start LeaderElection
2019-10-23 12:36:57,573 [279bca68-3e74-4690-81cf-da5ab79b92f7@group-AF49A4A4CA2A-LeaderElection374] INFO  impl.LeaderElection (LeaderElection.java:askForVotes(178)) - 279bca68-3e74-4690-81cf-da5ab79b92f7@group-AF49A4A4CA2A-LeaderElection374: begin an election at term 408 for -1: [daebe4f8-0ad9-4eb2-8ed7-3a8051847eb6:192.168.69.118:44860, 389d5540-641f-48c2-a9df-60738dbad976:192.168.69.118:45712, 279bca68-3e74-4690-81cf-da5ab79b92f7:192.168.69.118:45510], old=null
2019-10-23 12:36:57,575 [grpc-default-executor-4] INFO  impl.RaftServerImpl (RaftServerImpl.java:setRole(184)) - daebe4f8-0ad9-4eb2-8ed7-3a8051847eb6@group-AF49A4A4CA2A: changes role from  FOLLOWER to FOLLOWER at term 408 for recognizeCandidate:279bca68-3e74-4690-81cf-da5ab79b92f7
2019-10-23 12:36:57,575 [grpc-default-executor-0] INFO  impl.RaftServerImpl (RaftServerImpl.java:setRole(184)) - 389d5540-641f-48c2-a9df-60738dbad976@group-AF49A4A4CA2A: changes role from  FOLLOWER to FOLLOWER at term 408 for recognizeCandidate:279bca68-3e74-4690-81cf-da5ab79b92f7
2019-10-23 12:36:57,576 [grpc-default-executor-0] INFO  impl.RoleInfo (RoleInfo.java:shutdownFollowerState(121)) - 389d5540-641f-48c2-a9df-60738dbad976: shutdown FollowerState
2019-10-23 12:36:57,575 [grpc-default-executor-4] INFO  impl.RoleInfo (RoleInfo.java:shutdownFollowerState(121)) - daebe4f8-0ad9-4eb2-8ed7-3a8051847eb6: shutdown FollowerState
2019-10-23 12:36:57,576 [Thread-2712] INFO  impl.FollowerState (FollowerState.java:run(117)) - 389d5540-641f-48c2-a9df-60738dbad976@group-AF49A4A4CA2A-FollowerState was interrupted: java.lang.InterruptedException: sleep interrupted
2019-10-23 12:36:57,576 [grpc-default-executor-0] INFO  impl.RoleInfo (RoleInfo.java:updateAndGet(143)) - 389d5540-641f-48c2-a9df-60738dbad976: start FollowerState
2019-10-23 12:36:57,576 [Thread-2713] INFO  impl.FollowerState (FollowerState.java:run(117)) - daebe4f8-0ad9-4eb2-8ed7-3a8051847eb6@group-AF49A4A4CA2A-FollowerState was interrupted: java.lang.InterruptedException: sleep interrupted
2019-10-23 12:36:57,576 [grpc-default-executor-4] INFO  impl.RoleInfo (RoleInfo.java:updateAndGet(143)) - daebe4f8-0ad9-4eb2-8ed7-3a8051847eb6: start FollowerState
2019-10-23 12:36:57,590 [279bca68-3e74-4690-81cf-da5ab79b92f7@group-AF49A4A4CA2A-LeaderElection374] INFO  impl.LeaderElection (LeaderElection.java:logAndReturn(56)) - 279bca68-3e74-4690-81cf-da5ab79b92f7@group-AF49A4A4CA2A-LeaderElection374: Election REJECTED; received 2 response(s) [279bca68-3e74-4690-81cf-da5ab79b92f7<-daebe4f8-0ad9-4eb2-8ed7-3a8051847eb6#0:FAIL-t408, 279bca68-3e74-4690-81cf-da5ab79b92f7<-389d5540-641f-48c2-a9df-60738dbad976#0:FAIL-t408] and 0 exception(s); 279bca68-3e74-4690-81cf-da5ab79b92f7@group-AF49A4A4CA2A:t408, leader=null, voted=279bca68-3e74-4690-81cf-da5ab79b92f7, raftlog=279bca68-3e74-4690-81cf-da5ab79b92f7@group-AF49A4A4CA2A-SegmentedRaftLog:OPENED:c-1,f-1,i0, conf=-1: [daebe4f8-0ad9-4eb2-8ed7-3a8051847eb6:192.168.69.118:44860, 389d5540-641f-48c2-a9df-60738dbad976:192.168.69.118:45712, 279bca68-3e74-4690-81cf-da5ab79b92f7:192.168.69.118:45510], old=null
2019-10-23 12:36:57,590 [279bca68-3e74-4690-81cf-da5ab79b92f7@group-AF49A4A4CA2A-LeaderElection374] INFO  impl.RaftServerImpl (RaftServerImpl.java:setRole(184)) - 279bca68-3e74-4690-81cf-da5ab79b92f7@group-AF49A4A4CA2A: changes role from CANDIDATE to FOLLOWER at term 408 for DISCOVERED_A_NEW_TERM
2019-10-23 12:36:57,591 [279bca68-3e74-4690-81cf-da5ab79b92f7@group-AF49A4A4CA2A-LeaderElection374] INFO  impl.RoleInfo (RoleInfo.java:shutdownLeaderElection(134)) - 279bca68-3e74-4690-81cf-da5ab79b92f7: shutdown LeaderElection
2019-10-23 12:36:57,591 [279bca68-3e74-4690-81cf-da5ab79b92f7@group-AF49A4A4CA2A-LeaderElection374] INFO  impl.RoleInfo (RoleInfo.java:updateAndGet(143)) - 279bca68-3e74-4690-81cf-da5ab79b92f7: start FollowerState
2019-10-23 12:36:57,631 [Thread-2720] INFO  impl.FollowerState (FollowerState.java:run(108)) - 279bca68-3e74-4690-81cf-da5ab79b92f7@group-AF49A4A4CA2A-FollowerState: change to CANDIDATE, lastRpcTime:40ms, electionTimeout:40ms
2019-10-23 12:36:57,631 [Thread-2720] INFO  impl.RoleInfo (RoleInfo.java:shutdownFollowerState(121)) - 279bca68-3e74-4690-81cf-da5ab79b92f7: shutdown FollowerState
2019-10-23 12:36:57,631 [Thread-2720] INFO  impl.RaftServerImpl (RaftServerImpl.java:setRole(184)) - 279bca68-3e74-4690-81cf-da5ab79b92f7@group-AF49A4A4CA2A: changes role from  FOLLOWER to CANDIDATE at term 408 for changeToCandidate
2019-10-23 12:36:57,631 [Thread-2720] INFO  impl.RoleInfo (RoleInfo.java:updateAndGet(143)) - 279bca68-3e74-4690-81cf-da5ab79b92f7: start LeaderElection
2019-10-23 12:36:57,645 [279bca68-3e74-4690-81cf-da5ab79b92f7@group-AF49A4A4CA2A-LeaderElection375] INFO  impl.LeaderElection (LeaderElection.java:askForVotes(178)) - 279bca68-3e74-4690-81cf-da5ab79b92f7@group-AF49A4A4CA2A-LeaderElection375: begin an election at term 409 for -1: [daebe4f8-0ad9-4eb2-8ed7-3a8051847eb6:192.168.69.118:44860, 389d5540-641f-48c2-a9df-60738dbad976:192.168.69.118:45712, 279bca68-3e74-4690-81cf-da5ab79b92f7:192.168.69.118:45510], old=null
2019-10-23 12:36:57,647 [grpc-default-executor-0] INFO  impl.RaftServerImpl (RaftServerImpl.java:setRole(184)) - daebe4f8-0ad9-4eb2-8ed7-3a8051847eb6@group-AF49A4A4CA2A: changes role from  FOLLOWER to FOLLOWER at term 409 for recognizeCandidate:279bca68-3e74-4690-81cf-da5ab79b92f7
2019-10-23 12:36:57,647 [grpc-default-executor-4] INFO  impl.RaftServerImpl (RaftServerImpl.java:setRole(184)) - 389d5540-641f-48c2-a9df-60738dbad976@group-AF49A4A4CA2A: changes role from  FOLLOWER to FOLLOWER at term 409 for recognizeCandidate:279bca68-3e74-4690-81cf-da5ab79b92f7
2019-10-23 12:36:57,647 [grpc-default-executor-0] INFO  impl.RoleInfo (RoleInfo.java:shutdownFollowerState(121)) - daebe4f8-0ad9-4eb2-8ed7-3a8051847eb6: shutdown FollowerState
2019-10-23 12:36:57,647 [grpc-default-executor-4] INFO  impl.RoleInfo (RoleInfo.java:shutdownFollowerState(121)) - 389d5540-641f-48c2-a9df-60738dbad976: shutdown FollowerState
2019-10-23 12:36:57,647 [Thread-2719] INFO  impl.FollowerState (FollowerState.java:run(117)) - daebe4f8-0ad9-4eb2-8ed7-3a8051847eb6@group-AF49A4A4CA2A-FollowerState was interrupted: java.lang.InterruptedException: sleep interrupted
2019-10-23 12:36:57,647 [grpc-default-executor-0] INFO  impl.RoleInfo (RoleInfo.java:updateAndGet(143)) - daebe4f8-0ad9-4eb2-8ed7-3a8051847eb6: start FollowerState
2019-10-23 12:36:57,647 [grpc-default-executor-4] INFO  impl.RoleInfo (RoleInfo.java:updateAndGet(143)) - 389d5540-641f-48c2-a9df-60738dbad976: start FollowerState
2019-10-23 12:36:57,647 [Thread-2718] INFO  impl.FollowerState (FollowerState.java:run(117)) - 389d5540-641f-48c2-a9df-60738dbad976@group-AF49A4A4CA2A-FollowerState was interrupted: java.lang.InterruptedException: sleep interrupted
2019-10-23 12:36:57,674 [279bca68-3e74-4690-81cf-da5ab79b92f7@group-AF49A4A4CA2A-LeaderElection375] INFO  impl.LeaderElection (LeaderElection.java:logAndReturn(56)) - 279bca68-3e74-4690-81cf-da5ab79b92f7@group-AF49A4A4CA2A-LeaderElection375: Election REJECTED; received 2 response(s) [279bca68-3e74-4690-81cf-da5ab79b92f7<-daebe4f8-0ad9-4eb2-8ed7-3a8051847eb6#0:FAIL-t409, 279bca68-3e74-4690-81cf-da5ab79b92f7<-389d5540-641f-48c2-a9df-60738dbad976#0:FAIL-t409] and 0 exception(s); 279bca68-3e74-4690-81cf-da5ab79b92f7@group-AF49A4A4CA2A:t409, leader=null, voted=279bca68-3e74-4690-81cf-da5ab79b92f7, raftlog=279bca68-3e74-4690-81cf-da5ab79b92f7@group-AF49A4A4CA2A-SegmentedRaftLog:OPENED:c-1,f-1,i0, conf=-1: [daebe4f8-0ad9-4eb2-8ed7-3a8051847eb6:192.168.69.118:44860, 389d5540-641f-48c2-a9df-60738dbad976:192.168.69.118:45712, 279bca68-3e74-4690-81cf-da5ab79b92f7:192.168.69.118:45510], old=null
2019-10-23 12:36:57,674 [279bca68-3e74-4690-81cf-da5ab79b92f7@group-AF49A4A4CA2A-LeaderElection375] INFO  impl.RaftServerImpl (RaftServerImpl.java:setRole(184)) - 279bca68-3e74-4690-81cf-da5ab79b92f7@group-AF49A4A4CA2A: changes role from CANDIDATE to FOLLOWER at term 409 for DISCOVERED_A_NEW_TERM
2019-10-23 12:36:57,674 [279bca68-3e74-4690-81cf-da5ab79b92f7@group-AF49A4A4CA2A-LeaderElection375] INFO  impl.RoleInfo (RoleInfo.java:shutdownLeaderElection(134)) - 279bca68-3e74-4690-81cf-da5ab79b92f7: shutdown LeaderElection
2019-10-23 12:36:57,674 [279bca68-3e74-4690-81cf-da5ab79b92f7@group-AF49A4A4CA2A-LeaderElection375] INFO  impl.RoleInfo (RoleInfo.java:updateAndGet(143)) - 279bca68-3e74-4690-81cf-da5ab79b92f7: start FollowerState
2019-10-23 12:36:57,755 [Thread-2726] INFO  impl.FollowerState (FollowerState.java:run(108)) - 279bca68-3e74-4690-81cf-da5ab79b92f7@group-AF49A4A4CA2A-FollowerState: change to CANDIDATE, lastRpcTime:81ms, electionTimeout:81ms
2019-10-23 12:36:57,756 [Thread-2726] INFO  impl.RoleInfo (RoleInfo.java:shutdownFollowerState(121)) - 279bca68-3e74-4690-81cf-da5ab79b92f7: shutdown FollowerState
2019-10-23 12:36:57,756 [Thread-2726] INFO  impl.RaftServerImpl (RaftServerImpl.java:setRole(184)) - 279bca68-3e74-4690-81cf-da5ab79b92f7@group-AF49A4A4CA2A: changes role from  FOLLOWER to CANDIDATE at term 409 for changeToCandidate
2019-10-23 12:36:57,756 [Thread-2726] INFO  impl.RoleInfo (RoleInfo.java:updateAndGet(143)) - 279bca68-3e74-4690-81cf-da5ab79b92f7: start LeaderElection
2019-10-23 12:36:57,771 [279bca68-3e74-4690-81cf-da5ab79b92f7@group-AF49A4A4CA2A-LeaderElection376] INFO  impl.LeaderElection (LeaderElection.java:askForVotes(178)) - 279bca68-3e74-4690-81cf-da5ab79b92f7@group-AF49A4A4CA2A-LeaderElection376: begin an election at term 410 for -1: [daebe4f8-0ad9-4eb2-8ed7-3a8051847eb6:192.168.69.118:44860, 389d5540-641f-48c2-a9df-60738dbad976:192.168.69.118:45712, 279bca68-3e74-4690-81cf-da5ab79b92f7:192.168.69.118:45510], old=null
2019-10-23 12:36:57,772 [grpc-default-executor-0] INFO  impl.RaftServerImpl (RaftServerImpl.java:setRole(184)) - daebe4f8-0ad9-4eb2-8ed7-3a8051847eb6@group-AF49A4A4CA2A: changes role from  FOLLOWER to FOLLOWER at term 410 for recognizeCandidate:279bca68-3e74-4690-81cf-da5ab79b92f7
2019-10-23 12:36:57,772 [grpc-default-executor-4] INFO  impl.RaftServerImpl (RaftServerImpl.java:setRole(184)) - 389d5540-641f-48c2-a9df-60738dbad976@group-AF49A4A4CA2A: changes role from  FOLLOWER to FOLLOWER at term 410 for recognizeCandidate:279bca68-3e74-4690-81cf-da5ab79b92f7
2019-10-23 12:36:57,772 [grpc-default-executor-0] INFO  impl.RoleInfo (RoleInfo.java:shutdownFollowerState(121)) - daebe4f8-0ad9-4eb2-8ed7-3a8051847eb6: shutdown FollowerState
2019-10-23 12:36:57,773 [grpc-default-executor-4] INFO  impl.RoleInfo (RoleInfo.java:shutdownFollowerState(121)) - 389d5540-641f-48c2-a9df-60738dbad976: shutdown FollowerState
2019-10-23 12:36:57,773 [Thread-2724] INFO  impl.FollowerState (FollowerState.java:run(117)) - daebe4f8-0ad9-4eb2-8ed7-3a8051847eb6@group-AF49A4A4CA2A-FollowerState was interrupted: java.lang.InterruptedException: sleep interrupted
2019-10-23 12:36:57,773 [grpc-default-executor-0] INFO  impl.RoleInfo (RoleInfo.java:updateAndGet(143)) - daebe4f8-0ad9-4eb2-8ed7-3a8051847eb6: start FollowerState
2019-10-23 12:36:57,773 [grpc-default-executor-4] INFO  impl.RoleInfo (RoleInfo.java:updateAndGet(143)) - 389d5540-641f-48c2-a9df-60738dbad976: start FollowerState
2019-10-23 12:36:57,773 [Thread-2725] INFO  impl.FollowerState (FollowerState.java:run(117)) - 389d5540-641f-48c2-a9df-60738dbad976@group-AF49A4A4CA2A-FollowerState was interrupted: java.lang.InterruptedException: sleep interrupted
2019-10-23 12:36:57,790 [279bca68-3e74-4690-81cf-da5ab79b92f7@group-AF49A4A4CA2A-LeaderElection376] INFO  impl.LeaderElection (LeaderElection.java:logAndReturn(56)) - 279bca68-3e74-4690-81cf-da5ab79b92f7@group-AF49A4A4CA2A-LeaderElection376: Election REJECTED; received 2 response(s) [279bca68-3e74-4690-81cf-da5ab79b92f7<-daebe4f8-0ad9-4eb2-8ed7-3a8051847eb6#0:FAIL-t410, 279bca68-3e74-4690-81cf-da5ab79b92f7<-389d5540-641f-48c2-a9df-60738dbad976#0:FAIL-t410] and 0 exception(s); 279bca68-3e74-4690-81cf-da5ab79b92f7@group-AF49A4A4CA2A:t410, leader=null, voted=279bca68-3e74-4690-81cf-da5ab79b92f7, raftlog=279bca68-3e74-4690-81cf-da5ab79b92f7@group-AF49A4A4CA2A-SegmentedRaftLog:OPENED:c-1,f-1,i0, conf=-1: [daebe4f8-0ad9-4eb2-8ed7-3a8051847eb6:192.168.69.118:44860, 389d5540-641f-48c2-a9df-60738dbad976:192.168.69.118:45712, 279bca68-3e74-4690-81cf-da5ab79b92f7:192.168.69.118:45510], old=null
2019-10-23 12:36:57,790 [279bca68-3e74-4690-81cf-da5ab79b92f7@group-AF49A4A4CA2A-LeaderElection376] INFO  impl.RaftServerImpl (RaftServerImpl.java:setRole(184)) - 279bca68-3e74-4690-81cf-da5ab79b92f7@group-AF49A4A4CA2A: changes role from CANDIDATE to FOLLOWER at term 410 for DISCOVERED_A_NEW_TERM
2019-10-23 12:36:57,790 [279bca68-3e74-4690-81cf-da5ab79b92f7@group-AF49A4A4CA2A-LeaderElection376] INFO  impl.RoleInfo (RoleInfo.java:shutdownLeaderElection(134)) - 279bca68-3e74-4690-81cf-da5ab79b92f7: shutdown LeaderElection
2019-10-23 12:36:57,790 [279bca68-3e74-4690-81cf-da5ab79b92f7@group-AF49A4A4CA2A-LeaderElection376] INFO  impl.RoleInfo (RoleInfo.java:updateAndGet(143)) - 279bca68-3e74-4690-81cf-da5ab79b92f7: start FollowerState
2019-10-23 12:36:57,838 [Thread-2734] INFO  impl.FollowerState (FollowerState.java:run(108)) - 279bca68-3e74-4690-81cf-da5ab79b92f7@group-AF49A4A4CA2A-FollowerState: change to CANDIDATE, lastRpcTime:47ms, electionTimeout:47ms
2019-10-23 12:36:57,838 [Thread-2734] INFO  impl.RoleInfo (RoleInfo.java:shutdownFollowerState(121)) - 279bca68-3e74-4690-81cf-da5ab79b92f7: shutdown FollowerState
2019-10-23 12:36:57,838 [Thread-2734] INFO  impl.RaftServerImpl (RaftServerImpl.java:setRole(184)) - 279bca68-3e74-4690-81cf-da5ab79b92f7@group-AF49A4A4CA2A: changes role from  FOLLOWER to CANDIDATE at term 410 for changeToCandidate
2019-10-23 12:36:57,838 [Thread-2734] INFO  impl.RoleInfo (RoleInfo.java:updateAndGet(143)) - 279bca68-3e74-4690-81cf-da5ab79b92f7: start LeaderElection
2019-10-23 12:36:57,860 [279bca68-3e74-4690-81cf-da5ab79b92f7@group-AF49A4A4CA2A-LeaderElection377] INFO  impl.LeaderElection (LeaderElection.java:askForVotes(178)) - 279bca68-3e74-4690-81cf-da5ab79b92f7@group-AF49A4A4CA2A-LeaderElection377: begin an election at term 411 for -1: [daebe4f8-0ad9-4eb2-8ed7-3a8051847eb6:192.168.69.118:44860, 389d5540-641f-48c2-a9df-60738dbad976:192.168.69.118:45712, 279bca68-3e74-4690-81cf-da5ab79b92f7:192.168.69.118:45510], old=null
2019-10-23 12:36:57,861 [grpc-default-executor-4] INFO  impl.RaftServerImpl (RaftServerImpl.java:setRole(184)) - 389d5540-641f-48c2-a9df-60738dbad976@group-AF49A4A4CA2A: changes role from  FOLLOWER to FOLLOWER at term 411 for recognizeCandidate:279bca68-3e74-4690-81cf-da5ab79b92f7
2019-10-23 12:36:57,861 [grpc-default-executor-4] INFO  impl.RoleInfo (RoleInfo.java:shutdownFollowerState(121)) - 389d5540-641f-48c2-a9df-60738dbad976: shutdown FollowerState
2019-10-23 12:36:57,861 [grpc-default-executor-0] INFO  impl.RaftServerImpl (RaftServerImpl.java:setRole(184)) - daebe4f8-0ad9-4eb2-8ed7-3a8051847eb6@group-AF49A4A4CA2A: changes role from  FOLLOWER to FOLLOWER at term 411 for recognizeCandidate:279bca68-3e74-4690-81cf-da5ab79b92f7
2019-10-23 12:36:57,862 [grpc-default-executor-0] INFO  impl.RoleInfo (RoleInfo.java:shutdownFollowerState(121)) - daebe4f8-0ad9-4eb2-8ed7-3a8051847eb6: shutdown FollowerState
2019-10-23 12:36:57,862 [Thread-2733] INFO  impl.FollowerState (FollowerState.java:run(117)) - 389d5540-641f-48c2-a9df-60738dbad976@group-AF49A4A4CA2A-FollowerState was interrupted: java.lang.InterruptedException: sleep interrupted
2019-10-23 12:36:57,861 [grpc-default-executor-4] INFO  impl.RoleInfo (RoleInfo.java:updateAndGet(143)) - 389d5540-641f-48c2-a9df-60738dbad976: start FollowerState
2019-10-23 12:36:57,862 [Thread-2732] INFO  impl.FollowerState (FollowerState.java:run(117)) - daebe4f8-0ad9-4eb2-8ed7-3a8051847eb6@group-AF49A4A4CA2A-FollowerState was interrupted: java.lang.InterruptedException: sleep interrupted
2019-10-23 12:36:57,862 [grpc-default-executor-0] INFO  impl.RoleInfo (RoleInfo.java:updateAndGet(143)) - daebe4f8-0ad9-4eb2-8ed7-3a8051847eb6: start FollowerState
2019-10-23 12:36:57,877 [279bca68-3e74-4690-81cf-da5ab79b92f7@group-AF49A4A4CA2A-LeaderElection377] INFO  impl.LeaderElection (LeaderElection.java:logAndReturn(56)) - 279bca68-3e74-4690-81cf-da5ab79b92f7@group-AF49A4A4CA2A-LeaderElection377: Election REJECTED; received 2 response(s) [279bca68-3e74-4690-81cf-da5ab79b92f7<-daebe4f8-0ad9-4eb2-8ed7-3a8051847eb6#0:FAIL-t411, 279bca68-3e74-4690-81cf-da5ab79b92f7<-389d5540-641f-48c2-a9df-60738dbad976#0:FAIL-t411] and 0 exception(s); 279bca68-3e74-4690-81cf-da5ab79b92f7@group-AF49A4A4CA2A:t411, leader=null, voted=279bca68-3e74-4690-81cf-da5ab79b92f7, raftlog=279bca68-3e74-4690-81cf-da5ab79b92f7@group-AF49A4A4CA2A-SegmentedRaftLog:OPENED:c-1,f-1,i0, conf=-1: [daebe4f8-0ad9-4eb2-8ed7-3a8051847eb6:192.168.69.118:44860, 389d5540-641f-48c2-a9df-60738dbad976:192.168.69.118:45712, 279bca68-3e74-4690-81cf-da5ab79b92f7:192.168.69.118:45510], old=null
2019-10-23 12:36:57,877 [279bca68-3e74-4690-81cf-da5ab79b92f7@group-AF49A4A4CA2A-LeaderElection377] INFO  impl.RaftServerImpl (RaftServerImpl.java:setRole(184)) - 279bca68-3e74-4690-81cf-da5ab79b92f7@group-AF49A4A4CA2A: changes role from CANDIDATE to FOLLOWER at term 411 for DISCOVERED_A_NEW_TERM
2019-10-23 12:36:57,877 [279bca68-3e74-4690-81cf-da5ab79b92f7@group-AF49A4A4CA2A-LeaderElection377] INFO  impl.RoleInfo (RoleInfo.java:shutdownLeaderElection(134)) - 279bca68-3e74-4690-81cf-da5ab79b92f7: shutdown LeaderElection
2019-10-23 12:36:57,877 [279bca68-3e74-4690-81cf-da5ab79b92f7@group-AF49A4A4CA2A-LeaderElection377] INFO  impl.RoleInfo (RoleInfo.java:updateAndGet(143)) - 279bca68-3e74-4690-81cf-da5ab79b92f7: start FollowerState
2019-10-23 12:36:57,991 [Thread-2740] INFO  impl.FollowerState (FollowerState.java:run(108)) - 279bca68-3e74-4690-81cf-da5ab79b92f7@group-AF49A4A4CA2A-FollowerState: change to CANDIDATE, lastRpcTime:113ms, electionTimeout:113ms
2019-10-23 12:36:57,991 [Thread-2740] INFO  impl.RoleInfo (RoleInfo.java:shutdownFollowerState(121)) - 279bca68-3e74-4690-81cf-da5ab79b92f7: shutdown FollowerState
2019-10-23 12:36:57,991 [Thread-2740] INFO  impl.RaftServerImpl (RaftServerImpl.java:setRole(184)) - 279bca68-3e74-4690-81cf-da5ab79b92f7@group-AF49A4A4CA2A: changes role from  FOLLOWER to CANDIDATE at term 411 for changeToCandidate
2019-10-23 12:36:57,991 [Thread-2740] INFO  impl.RoleInfo (RoleInfo.java:updateAndGet(143)) - 279bca68-3e74-4690-81cf-da5ab79b92f7: start LeaderElection
2019-10-23 12:36:58,006 [279bca68-3e74-4690-81cf-da5ab79b92f7@group-AF49A4A4CA2A-LeaderElection378] INFO  impl.LeaderElection (LeaderElection.java:askForVotes(178)) - 279bca68-3e74-4690-81cf-da5ab79b92f7@group-AF49A4A4CA2A-LeaderElection378: begin an election at term 412 for -1: [daebe4f8-0ad9-4eb2-8ed7-3a8051847eb6:192.168.69.118:44860, 389d5540-641f-48c2-a9df-60738dbad976:192.168.69.118:45712, 279bca68-3e74-4690-81cf-da5ab79b92f7:192.168.69.118:45510], old=null
2019-10-23 12:36:58,007 [grpc-default-executor-0] INFO  impl.RaftServerImpl (RaftServerImpl.java:setRole(184)) - daebe4f8-0ad9-4eb2-8ed7-3a8051847eb6@group-AF49A4A4CA2A: changes role from  FOLLOWER to FOLLOWER at term 412 for recognizeCandidate:279bca68-3e74-4690-81cf-da5ab79b92f7
2019-10-23 12:36:58,007 [grpc-default-executor-0] INFO  impl.RoleInfo (RoleInfo.java:shutdownFollowerState(121)) - daebe4f8-0ad9-4eb2-8ed7-3a8051847eb6: shutdown FollowerState
2019-10-23 12:36:58,007 [grpc-default-executor-3] INFO  impl.RaftServerImpl (RaftServerImpl.java:setRole(184)) - 389d5540-641f-48c2-a9df-60738dbad976@group-AF49A4A4CA2A: changes role from  FOLLOWER to FOLLOWER at term 412 for recognizeCandidate:279bca68-3e74-4690-81cf-da5ab79b92f7
2019-10-23 12:36:58,008 [Thread-2739] INFO  impl.FollowerState (FollowerState.java:run(117)) - daebe4f8-0ad9-4eb2-8ed7-3a8051847eb6@group-AF49A4A4CA2A-FollowerState was interrupted: java.lang.InterruptedException: sleep interrupted
2019-10-23 12:36:58,007 [grpc-default-executor-0] INFO  impl.RoleInfo (RoleInfo.java:updateAndGet(143)) - daebe4f8-0ad9-4eb2-8ed7-3a8051847eb6: start FollowerState
2019-10-23 12:36:58,008 [grpc-default-executor-3] INFO  impl.RoleInfo (RoleInfo.java:shutdownFollowerState(121)) - 389d5540-641f-48c2-a9df-60738dbad976: shutdown FollowerState
2019-10-23 12:36:58,008 [grpc-default-executor-3] INFO  impl.RoleInfo (RoleInfo.java:updateAndGet(143)) - 389d5540-641f-48c2-a9df-60738dbad976: start FollowerState
2019-10-23 12:36:58,008 [Thread-2738] INFO  impl.FollowerState (FollowerState.java:run(117)) - 389d5540-641f-48c2-a9df-60738dbad976@group-AF49A4A4CA2A-FollowerState was interrupted: java.lang.InterruptedException: sleep interrupted
2019-10-23 12:36:58,022 [279bca68-3e74-4690-81cf-da5ab79b92f7@group-AF49A4A4CA2A-LeaderElection378] INFO  impl.LeaderElection (LeaderElection.java:logAndReturn(56)) - 279bca68-3e74-4690-81cf-da5ab79b92f7@group-AF49A4A4CA2A-LeaderElection378: Election REJECTED; received 2 response(s) [279bca68-3e74-4690-81cf-da5ab79b92f7<-daebe4f8-0ad9-4eb2-8ed7-3a8051847eb6#0:FAIL-t412, 279bca68-3e74-4690-81cf-da5ab79b92f7<-389d5540-641f-48c2-a9df-60738dbad976#0:FAIL-t412] and 0 exception(s); 279bca68-3e74-4690-81cf-da5ab79b92f7@group-AF49A4A4CA2A:t412, leader=null, voted=279bca68-3e74-4690-81cf-da5ab79b92f7, raftlog=279bca68-3e74-4690-81cf-da5ab79b92f7@group-AF49A4A4CA2A-SegmentedRaftLog:OPENED:c-1,f-1,i0, conf=-1: [daebe4f8-0ad9-4eb2-8ed7-3a8051847eb6:192.168.69.118:44860, 389d5540-641f-48c2-a9df-60738dbad976:192.168.69.118:45712, 279bca68-3e74-4690-81cf-da5ab79b92f7:192.168.69.118:45510], old=null
2019-10-23 12:36:58,022 [279bca68-3e74-4690-81cf-da5ab79b92f7@group-AF49A4A4CA2A-LeaderElection378] INFO  impl.RaftServerImpl (RaftServerImpl.java:setRole(184)) - 279bca68-3e74-4690-81cf-da5ab79b92f7@group-AF49A4A4CA2A: changes role from CANDIDATE to FOLLOWER at term 412 for DISCOVERED_A_NEW_TERM
2019-10-23 12:36:58,022 [279bca68-3e74-4690-81cf-da5ab79b92f7@group-AF49A4A4CA2A-LeaderElection378] INFO  impl.RoleInfo (RoleInfo.java:shutdownLeaderElection(134)) - 279bca68-3e74-4690-81cf-da5ab79b92f7: shutdown LeaderElection
2019-10-23 12:36:58,022 [279bca68-3e74-4690-81cf-da5ab79b92f7@group-AF49A4A4CA2A-LeaderElection378] INFO  impl.RoleInfo (RoleInfo.java:updateAndGet(143)) - 279bca68-3e74-4690-81cf-da5ab79b92f7: start FollowerState
2019-10-23 12:36:58,030 [Thread-2746] INFO  impl.FollowerState (FollowerState.java:run(108)) - 279bca68-3e74-4690-81cf-da5ab79b92f7@group-AF49A4A4CA2A-FollowerState: change to CANDIDATE, lastRpcTime:7ms, electionTimeout:7ms
2019-10-23 12:36:58,030 [Thread-2746] INFO  impl.RoleInfo (RoleInfo.java:shutdownFollowerState(121)) - 279bca68-3e74-4690-81cf-da5ab79b92f7: shutdown FollowerState
2019-10-23 12:36:58,030 [Thread-2746] INFO  impl.RaftServerImpl (RaftServerImpl.java:setRole(184)) - 279bca68-3e74-4690-81cf-da5ab79b92f7@group-AF49A4A4CA2A: changes role from  FOLLOWER to CANDIDATE at term 412 for changeToCandidate
2019-10-23 12:36:58,030 [Thread-2746] INFO  impl.RoleInfo (RoleInfo.java:updateAndGet(143)) - 279bca68-3e74-4690-81cf-da5ab79b92f7: start LeaderElection
2019-10-23 12:36:58,037 [279bca68-3e74-4690-81cf-da5ab79b92f7@group-AF49A4A4CA2A-LeaderElection379] INFO  impl.LeaderElection (LeaderElection.java:askForVotes(178)) - 279bca68-3e74-4690-81cf-da5ab79b92f7@group-AF49A4A4CA2A-LeaderElection379: begin an election at term 413 for -1: [daebe4f8-0ad9-4eb2-8ed7-3a8051847eb6:192.168.69.118:44860, 389d5540-641f-48c2-a9df-60738dbad976:192.168.69.118:45712, 279bca68-3e74-4690-81cf-da5ab79b92f7:192.168.69.118:45510], old=null
2019-10-23 12:36:58,039 [grpc-default-executor-3] INFO  impl.RaftServerImpl (RaftServerImpl.java:setRole(184)) - daebe4f8-0ad9-4eb2-8ed7-3a8051847eb6@group-AF49A4A4CA2A: changes role from  FOLLOWER to FOLLOWER at term 413 for recognizeCandidate:279bca68-3e74-4690-81cf-da5ab79b92f7
2019-10-23 12:36:58,039 [grpc-default-executor-3] INFO  impl.RoleInfo (RoleInfo.java:shutdownFollowerState(121)) - daebe4f8-0ad9-4eb2-8ed7-3a8051847eb6: shutdown FollowerState
2019-10-23 12:36:58,039 [grpc-default-executor-0] INFO  impl.RaftServerImpl (RaftServerImpl.java:setRole(184)) - 389d5540-641f-48c2-a9df-60738dbad976@group-AF49A4A4CA2A: changes role from  FOLLOWER to FOLLOWER at term 413 for recognizeCandidate:279bca68-3e74-4690-81cf-da5ab79b92f7
2019-10-23 12:36:58,039 [Thread-2744] INFO  impl.FollowerState (FollowerState.java:run(117)) - daebe4f8-0ad9-4eb2-8ed7-3a8051847eb6@group-AF49A4A4CA2A-FollowerState was interrupted: java.lang.InterruptedException: sleep interrupted
2019-10-23 12:36:58,039 [grpc-default-executor-3] INFO  impl.RoleInfo (RoleInfo.java:updateAndGet(143)) - daebe4f8-0ad9-4eb2-8ed7-3a8051847eb6: start FollowerState
2019-10-23 12:36:58,039 [grpc-default-executor-0] INFO  impl.RoleInfo (RoleInfo.java:shutdownFollowerState(121)) - 389d5540-641f-48c2-a9df-60738dbad976: shutdown FollowerState
2019-10-23 12:36:58,040 [grpc-default-executor-0] INFO  impl.RoleInfo (RoleInfo.java:updateAndGet(143)) - 389d5540-641f-48c2-a9df-60738dbad976: start FollowerState
2019-10-23 12:36:58,040 [Thread-2745] INFO  impl.FollowerState (FollowerState.java:run(117)) - 389d5540-641f-48c2-a9df-60738dbad976@group-AF49A4A4CA2A-FollowerState was interrupted: java.lang.InterruptedException: sleep interrupted
2019-10-23 12:36:58,071 [279bca68-3e74-4690-81cf-da5ab79b92f7@group-AF49A4A4CA2A-LeaderElection379] INFO  impl.LeaderElection (LeaderElection.java:logAndReturn(56)) - 279bca68-3e74-4690-81cf-da5ab79b92f7@group-AF49A4A4CA2A-LeaderElection379: Election REJECTED; received 2 response(s) [279bca68-3e74-4690-81cf-da5ab79b92f7<-daebe4f8-0ad9-4eb2-8ed7-3a8051847eb6#0:FAIL-t413, 279bca68-3e74-4690-81cf-da5ab79b92f7<-389d5540-641f-48c2-a9df-60738dbad976#0:FAIL-t413] and 0 exception(s); 279bca68-3e74-4690-81cf-da5ab79b92f7@group-AF49A4A4CA2A:t413, leader=null, voted=279bca68-3e74-4690-81cf-da5ab79b92f7, raftlog=279bca68-3e74-4690-81cf-da5ab79b92f7@group-AF49A4A4CA2A-SegmentedRaftLog:OPENED:c-1,f-1,i0, conf=-1: [daebe4f8-0ad9-4eb2-8ed7-3a8051847eb6:192.168.69.118:44860, 389d5540-641f-48c2-a9df-60738dbad976:192.168.69.118:45712, 279bca68-3e74-4690-81cf-da5ab79b92f7:192.168.69.118:45510], old=null
2019-10-23 12:36:58,071 [279bca68-3e74-4690-81cf-da5ab79b92f7@group-AF49A4A4CA2A-LeaderElection379] INFO  impl.RaftServerImpl (RaftServerImpl.java:setRole(184)) - 279bca68-3e74-4690-81cf-da5ab79b92f7@group-AF49A4A4CA2A: changes role from CANDIDATE to FOLLOWER at term 413 for DISCOVERED_A_NEW_TERM
2019-10-23 12:36:58,071 [279bca68-3e74-4690-81cf-da5ab79b92f7@group-AF49A4A4CA2A-LeaderElection379] INFO  impl.RoleInfo (RoleInfo.java:shutdownLeaderElection(134)) - 279bca68-3e74-4690-81cf-da5ab79b92f7: shutdown LeaderElection
2019-10-23 12:36:58,072 [279bca68-3e74-4690-81cf-da5ab79b92f7@group-AF49A4A4CA2A-LeaderElection379] INFO  impl.RoleInfo (RoleInfo.java:updateAndGet(143)) - 279bca68-3e74-4690-81cf-da5ab79b92f7: start FollowerState
2019-10-23 12:36:58,247 [Thread-2752] INFO  impl.FollowerState (FollowerState.java:run(108)) - 279bca68-3e74-4690-81cf-da5ab79b92f7@group-AF49A4A4CA2A-FollowerState: change to CANDIDATE, lastRpcTime:175ms, electionTimeout:175ms
2019-10-23 12:36:58,247 [Thread-2752] INFO  impl.RoleInfo (RoleInfo.java:shutdownFollowerState(121)) - 279bca68-3e74-4690-81cf-da5ab79b92f7: shutdown FollowerState
2019-10-23 12:36:58,247 [Thread-2752] INFO  impl.RaftServerImpl (RaftServerImpl.java:setRole(184)) - 279bca68-3e74-4690-81cf-da5ab79b92f7@group-AF49A4A4CA2A: changes role from  FOLLOWER to CANDIDATE at term 413 for changeToCandidate
2019-10-23 12:36:58,247 [Thread-2752] INFO  impl.RoleInfo (RoleInfo.java:updateAndGet(143)) - 279bca68-3e74-4690-81cf-da5ab79b92f7: start LeaderElection
2019-10-23 12:36:58,269 [279bca68-3e74-4690-81cf-da5ab79b92f7@group-AF49A4A4CA2A-LeaderElection380] INFO  impl.LeaderElection (LeaderElection.java:askForVotes(178)) - 279bca68-3e74-4690-81cf-da5ab79b92f7@group-AF49A4A4CA2A-LeaderElection380: begin an election at term 414 for -1: [daebe4f8-0ad9-4eb2-8ed7-3a8051847eb6:192.168.69.118:44860, 389d5540-641f-48c2-a9df-60738dbad976:192.168.69.118:45712, 279bca68-3e74-4690-81cf-da5ab79b92f7:192.168.69.118:45510], old=null
2019-10-23 12:36:58,271 [grpc-default-executor-0] INFO  impl.RaftServerImpl (RaftServerImpl.java:setRole(184)) - daebe4f8-0ad9-4eb2-8ed7-3a8051847eb6@group-AF49A4A4CA2A: changes role from  FOLLOWER to FOLLOWER at term 414 for recognizeCandidate:279bca68-3e74-4690-81cf-da5ab79b92f7
2019-10-23 12:36:58,271 [grpc-default-executor-0] INFO  impl.RoleInfo (RoleInfo.java:shutdownFollowerState(121)) - daebe4f8-0ad9-4eb2-8ed7-3a8051847eb6: shutdown FollowerState
2019-10-23 12:36:58,271 [grpc-default-executor-3] INFO  impl.RaftServerImpl (RaftServerImpl.java:setRole(184)) - 389d5540-641f-48c2-a9df-60738dbad976@group-AF49A4A4CA2A: changes role from  FOLLOWER to FOLLOWER at term 414 for recognizeCandidate:279bca68-3e74-4690-81cf-da5ab79b92f7
2019-10-23 12:36:58,271 [grpc-default-executor-3] INFO  impl.RoleInfo (RoleInfo.java:shutdownFollowerState(121)) - 389d5540-641f-48c2-a9df-60738dbad976: shutdown FollowerState
2019-10-23 12:36:58,271 [Thread-2750] INFO  impl.FollowerState (FollowerState.java:run(117)) - daebe4f8-0ad9-4eb2-8ed7-3a8051847eb6@group-AF49A4A4CA2A-FollowerState was interrupted: java.lang.InterruptedException: sleep interrupted
2019-10-23 12:36:58,271 [grpc-default-executor-0] INFO  impl.RoleInfo (RoleInfo.java:updateAndGet(143)) - daebe4f8-0ad9-4eb2-8ed7-3a8051847eb6: start FollowerState
2019-10-23 12:36:58,271 [Thread-2751] INFO  impl.FollowerState (FollowerState.java:run(117)) - 389d5540-641f-48c2-a9df-60738dbad976@group-AF49A4A4CA2A-FollowerState was interrupted: java.lang.InterruptedException: sleep interrupted
2019-10-23 12:36:58,271 [grpc-default-executor-3] INFO  impl.RoleInfo (RoleInfo.java:updateAndGet(143)) - 389d5540-641f-48c2-a9df-60738dbad976: start FollowerState
2019-10-23 12:36:58,288 [279bca68-3e74-4690-81cf-da5ab79b92f7@group-AF49A4A4CA2A-LeaderElection380] INFO  impl.LeaderElection (LeaderElection.java:logAndReturn(56)) - 279bca68-3e74-4690-81cf-da5ab79b92f7@group-AF49A4A4CA2A-LeaderElection380: Election REJECTED; received 2 response(s) [279bca68-3e74-4690-81cf-da5ab79b92f7<-daebe4f8-0ad9-4eb2-8ed7-3a8051847eb6#0:FAIL-t414, 279bca68-3e74-4690-81cf-da5ab79b92f7<-389d5540-641f-48c2-a9df-60738dbad976#0:FAIL-t414] and 0 exception(s); 279bca68-3e74-4690-81cf-da5ab79b92f7@group-AF49A4A4CA2A:t414, leader=null, voted=279bca68-3e74-4690-81cf-da5ab79b92f7, raftlog=279bca68-3e74-4690-81cf-da5ab79b92f7@group-AF49A4A4CA2A-SegmentedRaftLog:OPENED:c-1,f-1,i0, conf=-1: [daebe4f8-0ad9-4eb2-8ed7-3a8051847eb6:192.168.69.118:44860, 389d5540-641f-48c2-a9df-60738dbad976:192.168.69.118:45712, 279bca68-3e74-4690-81cf-da5ab79b92f7:192.168.69.118:45510], old=null
2019-10-23 12:36:58,288 [279bca68-3e74-4690-81cf-da5ab79b92f7@group-AF49A4A4CA2A-LeaderElection380] INFO  impl.RaftServerImpl (RaftServerImpl.java:setRole(184)) - 279bca68-3e74-4690-81cf-da5ab79b92f7@group-AF49A4A4CA2A: changes role from CANDIDATE to FOLLOWER at term 414 for DISCOVERED_A_NEW_TERM
2019-10-23 12:36:58,288 [279bca68-3e74-4690-81cf-da5ab79b92f7@group-AF49A4A4CA2A-LeaderElection380] INFO  impl.RoleInfo (RoleInfo.java:shutdownLeaderElection(134)) - 279bca68-3e74-4690-81cf-da5ab79b92f7: shutdown LeaderElection
2019-10-23 12:36:58,288 [279bca68-3e74-4690-81cf-da5ab79b92f7@group-AF49A4A4CA2A-LeaderElection380] INFO  impl.RoleInfo (RoleInfo.java:updateAndGet(143)) - 279bca68-3e74-4690-81cf-da5ab79b92f7: start FollowerState
2019-10-23 12:36:58,447 [Thread-2758] INFO  impl.FollowerState (FollowerState.java:run(108)) - 279bca68-3e74-4690-81cf-da5ab79b92f7@group-AF49A4A4CA2A-FollowerState: change to CANDIDATE, lastRpcTime:158ms, electionTimeout:158ms
2019-10-23 12:36:58,447 [Thread-2758] INFO  impl.RoleInfo (RoleInfo.java:shutdownFollowerState(121)) - 279bca68-3e74-4690-81cf-da5ab79b92f7: shutdown FollowerState
2019-10-23 12:36:58,447 [Thread-2758] INFO  impl.RaftServerImpl (RaftServerImpl.java:setRole(184)) - 279bca68-3e74-4690-81cf-da5ab79b92f7@group-AF49A4A4CA2A: changes role from  FOLLOWER to CANDIDATE at term 414 for changeToCandidate
2019-10-23 12:36:58,447 [Thread-2758] INFO  impl.RoleInfo (RoleInfo.java:updateAndGet(143)) - 279bca68-3e74-4690-81cf-da5ab79b92f7: start LeaderElection
2019-10-23 12:36:58,474 [279bca68-3e74-4690-81cf-da5ab79b92f7@group-AF49A4A4CA2A-LeaderElection381] INFO  impl.LeaderElection (LeaderElection.java:askForVotes(178)) - 279bca68-3e74-4690-81cf-da5ab79b92f7@group-AF49A4A4CA2A-LeaderElection381: begin an election at term 415 for -1: [daebe4f8-0ad9-4eb2-8ed7-3a8051847eb6:192.168.69.118:44860, 389d5540-641f-48c2-a9df-60738dbad976:192.168.69.118:45712, 279bca68-3e74-4690-81cf-da5ab79b92f7:192.168.69.118:45510], old=null
2019-10-23 12:36:58,476 [grpc-default-executor-3] INFO  impl.RaftServerImpl (RaftServerImpl.java:setRole(184)) - daebe4f8-0ad9-4eb2-8ed7-3a8051847eb6@group-AF49A4A4CA2A: changes role from  FOLLOWER to FOLLOWER at term 415 for recognizeCandidate:279bca68-3e74-4690-81cf-da5ab79b92f7
2019-10-23 12:36:58,476 [grpc-default-executor-0] INFO  impl.RaftServerImpl (RaftServerImpl.java:setRole(184)) - 389d5540-641f-48c2-a9df-60738dbad976@group-AF49A4A4CA2A: changes role from  FOLLOWER to FOLLOWER at term 415 for recognizeCandidate:279bca68-3e74-4690-81cf-da5ab79b92f7
2019-10-23 12:36:58,476 [grpc-default-executor-3] INFO  impl.RoleInfo (RoleInfo.java:shutdownFollowerState(121)) - daebe4f8-0ad9-4eb2-8ed7-3a8051847eb6: shutdown FollowerState
2019-10-23 12:36:58,477 [grpc-default-executor-0] INFO  impl.RoleInfo (RoleInfo.java:shutdownFollowerState(121)) - 389d5540-641f-48c2-a9df-60738dbad976: shutdown FollowerState
2019-10-23 12:36:58,477 [Thread-2756] INFO  impl.FollowerState (FollowerState.java:run(117)) - daebe4f8-0ad9-4eb2-8ed7-3a8051847eb6@group-AF49A4A4CA2A-FollowerState was interrupted: java.lang.InterruptedException: sleep interrupted
2019-10-23 12:36:58,477 [Thread-2757] INFO  impl.FollowerState (FollowerState.java:run(117)) - 389d5540-641f-48c2-a9df-60738dbad976@group-AF49A4A4CA2A-FollowerState was interrupted: java.lang.InterruptedException: sleep interrupted
2019-10-23 12:36:58,477 [grpc-default-executor-0] INFO  impl.RoleInfo (RoleInfo.java:updateAndGet(143)) - 389d5540-641f-48c2-a9df-60738dbad976: start FollowerState
2019-10-23 12:36:58,477 [grpc-default-executor-3] INFO  impl.RoleInfo (RoleInfo.java:updateAndGet(143)) - daebe4f8-0ad9-4eb2-8ed7-3a8051847eb6: start FollowerState
2019-10-23 12:36:58,492 [279bca68-3e74-4690-81cf-da5ab79b92f7@group-AF49A4A4CA2A-LeaderElection381] INFO  impl.LeaderElection (LeaderElection.java:logAndReturn(56)) - 279bca68-3e74-4690-81cf-da5ab79b92f7@group-AF49A4A4CA2A-LeaderElection381: Election REJECTED; received 2 response(s) [279bca68-3e74-4690-81cf-da5ab79b92f7<-daebe4f8-0ad9-4eb2-8ed7-3a8051847eb6#0:FAIL-t415, 279bca68-3e74-4690-81cf-da5ab79b92f7<-389d5540-641f-48c2-a9df-60738dbad976#0:FAIL-t415] and 0 exception(s); 279bca68-3e74-4690-81cf-da5ab79b92f7@group-AF49A4A4CA2A:t415, leader=null, voted=279bca68-3e74-4690-81cf-da5ab79b92f7, raftlog=279bca68-3e74-4690-81cf-da5ab79b92f7@group-AF49A4A4CA2A-SegmentedRaftLog:OPENED:c-1,f-1,i0, conf=-1: [daebe4f8-0ad9-4eb2-8ed7-3a8051847eb6:192.168.69.118:44860, 389d5540-641f-48c2-a9df-60738dbad976:192.168.69.118:45712, 279bca68-3e74-4690-81cf-da5ab79b92f7:192.168.69.118:45510], old=null
2019-10-23 12:36:58,492 [279bca68-3e74-4690-81cf-da5ab79b92f7@group-AF49A4A4CA2A-LeaderElection381] INFO  impl.RaftServerImpl (RaftServerImpl.java:setRole(184)) - 279bca68-3e74-4690-81cf-da5ab79b92f7@group-AF49A4A4CA2A: changes role from CANDIDATE to FOLLOWER at term 415 for DISCOVERED_A_NEW_TERM
2019-10-23 12:36:58,492 [279bca68-3e74-4690-81cf-da5ab79b92f7@group-AF49A4A4CA2A-LeaderElection381] INFO  impl.RoleInfo (RoleInfo.java:shutdownLeaderElection(134)) - 279bca68-3e74-4690-81cf-da5ab79b92f7: shutdown LeaderElection
2019-10-23 12:36:58,492 [279bca68-3e74-4690-81cf-da5ab79b92f7@group-AF49A4A4CA2A-LeaderElection381] INFO  impl.RoleInfo (RoleInfo.java:updateAndGet(143)) - 279bca68-3e74-4690-81cf-da5ab79b92f7: start FollowerState
2019-10-23 12:36:58,588 [Thread-2764] INFO  impl.FollowerState (FollowerState.java:run(108)) - 279bca68-3e74-4690-81cf-da5ab79b92f7@group-AF49A4A4CA2A-FollowerState: change to CANDIDATE, lastRpcTime:95ms, electionTimeout:95ms
2019-10-23 12:36:58,588 [Thread-2764] INFO  impl.RoleInfo (RoleInfo.java:shutdownFollowerState(121)) - 279bca68-3e74-4690-81cf-da5ab79b92f7: shutdown FollowerState
2019-10-23 12:36:58,588 [Thread-2764] INFO  impl.RaftServerImpl (RaftServerImpl.java:setRole(184)) - 279bca68-3e74-4690-81cf-da5ab79b92f7@group-AF49A4A4CA2A: changes role from  FOLLOWER to CANDIDATE at term 415 for changeToCandidate
2019-10-23 12:36:58,588 [Thread-2764] INFO  impl.RoleInfo (RoleInfo.java:updateAndGet(143)) - 279bca68-3e74-4690-81cf-da5ab79b92f7: start LeaderElection
2019-10-23 12:36:58,614 [279bca68-3e74-4690-81cf-da5ab79b92f7@group-AF49A4A4CA2A-LeaderElection382] INFO  impl.LeaderElection (LeaderElection.java:askForVotes(178)) - 279bca68-3e74-4690-81cf-da5ab79b92f7@group-AF49A4A4CA2A-LeaderElection382: begin an election at term 416 for -1: [daebe4f8-0ad9-4eb2-8ed7-3a8051847eb6:192.168.69.118:44860, 389d5540-641f-48c2-a9df-60738dbad976:192.168.69.118:45712, 279bca68-3e74-4690-81cf-da5ab79b92f7:192.168.69.118:45510], old=null
2019-10-23 12:36:58,616 [grpc-default-executor-0] INFO  impl.RaftServerImpl (RaftServerImpl.java:setRole(184)) - daebe4f8-0ad9-4eb2-8ed7-3a8051847eb6@group-AF49A4A4CA2A: changes role from  FOLLOWER to FOLLOWER at term 416 for recognizeCandidate:279bca68-3e74-4690-81cf-da5ab79b92f7
2019-10-23 12:36:58,616 [grpc-default-executor-3] INFO  impl.RaftServerImpl (RaftServerImpl.java:setRole(184)) - 389d5540-641f-48c2-a9df-60738dbad976@group-AF49A4A4CA2A: changes role from  FOLLOWER to FOLLOWER at term 416 for recognizeCandidate:279bca68-3e74-4690-81cf-da5ab79b92f7
2019-10-23 12:36:58,616 [grpc-default-executor-3] INFO  impl.RoleInfo (RoleInfo.java:shutdownFollowerState(121)) - 389d5540-641f-48c2-a9df-60738dbad976: shutdown FollowerState
2019-10-23 12:36:58,616 [grpc-default-executor-0] INFO  impl.RoleInfo (RoleInfo.java:shutdownFollowerState(121)) - daebe4f8-0ad9-4eb2-8ed7-3a8051847eb6: shutdown FollowerState
2019-10-23 12:36:58,616 [Thread-2763] INFO  impl.FollowerState (FollowerState.java:run(117)) - 389d5540-641f-48c2-a9df-60738dbad976@group-AF49A4A4CA2A-FollowerState was interrupted: java.lang.InterruptedException: sleep interrupted
2019-10-23 12:36:58,616 [grpc-default-executor-3] INFO  impl.RoleInfo (RoleInfo.java:updateAndGet(143)) - 389d5540-641f-48c2-a9df-60738dbad976: start FollowerState
2019-10-23 12:36:58,616 [Thread-2762] INFO  impl.FollowerState (FollowerState.java:run(117)) - daebe4f8-0ad9-4eb2-8ed7-3a8051847eb6@group-AF49A4A4CA2A-FollowerState was interrupted: java.lang.InterruptedException: sleep interrupted
2019-10-23 12:36:58,616 [grpc-default-executor-0] INFO  impl.RoleInfo (RoleInfo.java:updateAndGet(143)) - daebe4f8-0ad9-4eb2-8ed7-3a8051847eb6: start FollowerState
2019-10-23 12:36:58,631 [279bca68-3e74-4690-81cf-da5ab79b92f7@group-AF49A4A4CA2A-LeaderElection382] INFO  impl.LeaderElection (LeaderElection.java:logAndReturn(56)) - 279bca68-3e74-4690-81cf-da5ab79b92f7@group-AF49A4A4CA2A-LeaderElection382: Election REJECTED; received 2 response(s) [279bca68-3e74-4690-81cf-da5ab79b92f7<-daebe4f8-0ad9-4eb2-8ed7-3a8051847eb6#0:FAIL-t416, 279bca68-3e74-4690-81cf-da5ab79b92f7<-389d5540-641f-48c2-a9df-60738dbad976#0:FAIL-t416] and 0 exception(s); 279bca68-3e74-4690-81cf-da5ab79b92f7@group-AF49A4A4CA2A:t416, leader=null, voted=279bca68-3e74-4690-81cf-da5ab79b92f7, raftlog=279bca68-3e74-4690-81cf-da5ab79b92f7@group-AF49A4A4CA2A-SegmentedRaftLog:OPENED:c-1,f-1,i0, conf=-1: [daebe4f8-0ad9-4eb2-8ed7-3a8051847eb6:192.168.69.118:44860, 389d5540-641f-48c2-a9df-60738dbad976:192.168.69.118:45712, 279bca68-3e74-4690-81cf-da5ab79b92f7:192.168.69.118:45510], old=null
2019-10-23 12:36:58,631 [279bca68-3e74-4690-81cf-da5ab79b92f7@group-AF49A4A4CA2A-LeaderElection382] INFO  impl.RaftServerImpl (RaftServerImpl.java:setRole(184)) - 279bca68-3e74-4690-81cf-da5ab79b92f7@group-AF49A4A4CA2A: changes role from CANDIDATE to FOLLOWER at term 416 for DISCOVERED_A_NEW_TERM
2019-10-23 12:36:58,632 [279bca68-3e74-4690-81cf-da5ab79b92f7@group-AF49A4A4CA2A-LeaderElection382] INFO  impl.RoleInfo (RoleInfo.java:shutdownLeaderElection(134)) - 279bca68-3e74-4690-81cf-da5ab79b92f7: shutdown LeaderElection
2019-10-23 12:36:58,632 [279bca68-3e74-4690-81cf-da5ab79b92f7@group-AF49A4A4CA2A-LeaderElection382] INFO  impl.RoleInfo (RoleInfo.java:updateAndGet(143)) - 279bca68-3e74-4690-81cf-da5ab79b92f7: start FollowerState
2019-10-23 12:36:58,760 [Thread-2770] INFO  impl.FollowerState (FollowerState.java:run(108)) - 279bca68-3e74-4690-81cf-da5ab79b92f7@group-AF49A4A4CA2A-FollowerState: change to CANDIDATE, lastRpcTime:128ms, electionTimeout:128ms
2019-10-23 12:36:58,760 [Thread-2770] INFO  impl.RoleInfo (RoleInfo.java:shutdownFollowerState(121)) - 279bca68-3e74-4690-81cf-da5ab79b92f7: shutdown FollowerState
2019-10-23 12:36:58,760 [Thread-2770] INFO  impl.RaftServerImpl (RaftServerImpl.java:setRole(184)) - 279bca68-3e74-4690-81cf-da5ab79b92f7@group-AF49A4A4CA2A: changes role from  FOLLOWER to CANDIDATE at term 416 for changeToCandidate
2019-10-23 12:36:58,760 [Thread-2770] INFO  impl.RoleInfo (RoleInfo.java:updateAndGet(143)) - 279bca68-3e74-4690-81cf-da5ab79b92f7: start LeaderElection
2019-10-23 12:36:58,786 [279bca68-3e74-4690-81cf-da5ab79b92f7@group-AF49A4A4CA2A-LeaderElection383] INFO  impl.LeaderElection (LeaderElection.java:askForVotes(178)) - 279bca68-3e74-4690-81cf-da5ab79b92f7@group-AF49A4A4CA2A-LeaderElection383: begin an election at term 417 for -1: [daebe4f8-0ad9-4eb2-8ed7-3a8051847eb6:192.168.69.118:44860, 389d5540-641f-48c2-a9df-60738dbad976:192.168.69.118:45712, 279bca68-3e74-4690-81cf-da5ab79b92f7:192.168.69.118:45510], old=null
2019-10-23 12:36:58,788 [grpc-default-executor-3] INFO  impl.RaftServerImpl (RaftServerImpl.java:setRole(184)) - daebe4f8-0ad9-4eb2-8ed7-3a8051847eb6@group-AF49A4A4CA2A: changes role from  FOLLOWER to FOLLOWER at term 417 for recognizeCandidate:279bca68-3e74-4690-81cf-da5ab79b92f7
2019-10-23 12:36:58,788 [grpc-default-executor-3] INFO  impl.RoleInfo (RoleInfo.java:shutdownFollowerState(121)) - daebe4f8-0ad9-4eb2-8ed7-3a8051847eb6: shutdown FollowerState
2019-10-23 12:36:58,788 [grpc-default-executor-0] INFO  impl.RaftServerImpl (RaftServerImpl.java:setRole(184)) - 389d5540-641f-48c2-a9df-60738dbad976@group-AF49A4A4CA2A: changes role from  FOLLOWER to FOLLOWER at term 417 for recognizeCandidate:279bca68-3e74-4690-81cf-da5ab79b92f7
2019-10-23 12:36:58,788 [Thread-2769] INFO  impl.FollowerState (FollowerState.java:run(117)) - daebe4f8-0ad9-4eb2-8ed7-3a8051847eb6@group-AF49A4A4CA2A-FollowerState was interrupted: java.lang.InterruptedException: sleep interrupted
2019-10-23 12:36:58,788 [grpc-default-executor-0] INFO  impl.RoleInfo (RoleInfo.java:shutdownFollowerState(121)) - 389d5540-641f-48c2-a9df-60738dbad976: shutdown FollowerState
2019-10-23 12:36:58,788 [grpc-default-executor-3] INFO  impl.RoleInfo (RoleInfo.java:updateAndGet(143)) - daebe4f8-0ad9-4eb2-8ed7-3a8051847eb6: start FollowerState
2019-10-23 12:36:58,789 [Thread-2768] INFO  impl.FollowerState (FollowerState.java:run(117)) - 389d5540-641f-48c2-a9df-60738dbad976@group-AF49A4A4CA2A-FollowerState was interrupted: java.lang.InterruptedException: sleep interrupted
2019-10-23 12:36:58,789 [grpc-default-executor-0] INFO  impl.RoleInfo (RoleInfo.java:updateAndGet(143)) - 389d5540-641f-48c2-a9df-60738dbad976: start FollowerState
2019-10-23 12:36:58,803 [279bca68-3e74-4690-81cf-da5ab79b92f7@group-AF49A4A4CA2A-LeaderElection383] INFO  impl.LeaderElection (LeaderElection.java:logAndReturn(56)) - 279bca68-3e74-4690-81cf-da5ab79b92f7@group-AF49A4A4CA2A-LeaderElection383: Election REJECTED; received 2 response(s) [279bca68-3e74-4690-81cf-da5ab79b92f7<-daebe4f8-0ad9-4eb2-8ed7-3a8051847eb6#0:FAIL-t417, 279bca68-3e74-4690-81cf-da5ab79b92f7<-389d5540-641f-48c2-a9df-60738dbad976#0:FAIL-t417] and 0 exception(s); 279bca68-3e74-4690-81cf-da5ab79b92f7@group-AF49A4A4CA2A:t417, leader=null, voted=279bca68-3e74-4690-81cf-da5ab79b92f7, raftlog=279bca68-3e74-4690-81cf-da5ab79b92f7@group-AF49A4A4CA2A-SegmentedRaftLog:OPENED:c-1,f-1,i0, conf=-1: [daebe4f8-0ad9-4eb2-8ed7-3a8051847eb6:192.168.69.118:44860, 389d5540-641f-48c2-a9df-60738dbad976:192.168.69.118:45712, 279bca68-3e74-4690-81cf-da5ab79b92f7:192.168.69.118:45510], old=null
2019-10-23 12:36:58,804 [279bca68-3e74-4690-81cf-da5ab79b92f7@group-AF49A4A4CA2A-LeaderElection383] INFO  impl.RaftServerImpl (RaftServerImpl.java:setRole(184)) - 279bca68-3e74-4690-81cf-da5ab79b92f7@group-AF49A4A4CA2A: changes role from CANDIDATE to FOLLOWER at term 417 for DISCOVERED_A_NEW_TERM
2019-10-23 12:36:58,804 [279bca68-3e74-4690-81cf-da5ab79b92f7@group-AF49A4A4CA2A-LeaderElection383] INFO  impl.RoleInfo (RoleInfo.java:shutdownLeaderElection(134)) - 279bca68-3e74-4690-81cf-da5ab79b92f7: shutdown LeaderElection
2019-10-23 12:36:58,804 [279bca68-3e74-4690-81cf-da5ab79b92f7@group-AF49A4A4CA2A-LeaderElection383] INFO  impl.RoleInfo (RoleInfo.java:updateAndGet(143)) - 279bca68-3e74-4690-81cf-da5ab79b92f7: start FollowerState
2019-10-23 12:36:58,881 [Thread-2778] INFO  impl.FollowerState (FollowerState.java:run(108)) - 279bca68-3e74-4690-81cf-da5ab79b92f7@group-AF49A4A4CA2A-FollowerState: change to CANDIDATE, lastRpcTime:77ms, electionTimeout:77ms
2019-10-23 12:36:58,881 [Thread-2778] INFO  impl.RoleInfo (RoleInfo.java:shutdownFollowerState(121)) - 279bca68-3e74-4690-81cf-da5ab79b92f7: shutdown FollowerState
2019-10-23 12:36:58,881 [Thread-2778] INFO  impl.RaftServerImpl (RaftServerImpl.java:setRole(184)) - 279bca68-3e74-4690-81cf-da5ab79b92f7@group-AF49A4A4CA2A: changes role from  FOLLOWER to CANDIDATE at term 417 for changeToCandidate
2019-10-23 12:36:58,882 [Thread-2778] INFO  impl.RoleInfo (RoleInfo.java:updateAndGet(143)) - 279bca68-3e74-4690-81cf-da5ab79b92f7: start LeaderElection
2019-10-23 12:36:58,910 [279bca68-3e74-4690-81cf-da5ab79b92f7@group-AF49A4A4CA2A-LeaderElection384] INFO  impl.LeaderElection (LeaderElection.java:askForVotes(178)) - 279bca68-3e74-4690-81cf-da5ab79b92f7@group-AF49A4A4CA2A-LeaderElection384: begin an election at term 418 for -1: [daebe4f8-0ad9-4eb2-8ed7-3a8051847eb6:192.168.69.118:44860, 389d5540-641f-48c2-a9df-60738dbad976:192.168.69.118:45712, 279bca68-3e74-4690-81cf-da5ab79b92f7:192.168.69.118:45510], old=null
2019-10-23 12:36:58,911 [grpc-default-executor-3] INFO  impl.RaftServerImpl (RaftServerImpl.java:setRole(184)) - daebe4f8-0ad9-4eb2-8ed7-3a8051847eb6@group-AF49A4A4CA2A: changes role from  FOLLOWER to FOLLOWER at term 418 for recognizeCandidate:279bca68-3e74-4690-81cf-da5ab79b92f7
2019-10-23 12:36:58,912 [grpc-default-executor-3] INFO  impl.RoleInfo (RoleInfo.java:shutdownFollowerState(121)) - daebe4f8-0ad9-4eb2-8ed7-3a8051847eb6: shutdown FollowerState
2019-10-23 12:36:58,912 [grpc-default-executor-0] INFO  impl.RaftServerImpl (RaftServerImpl.java:setRole(184)) - 389d5540-641f-48c2-a9df-60738dbad976@group-AF49A4A4CA2A: changes role from  FOLLOWER to FOLLOWER at term 418 for recognizeCandidate:279bca68-3e74-4690-81cf-da5ab79b92f7
2019-10-23 12:36:58,912 [grpc-default-executor-0] INFO  impl.RoleInfo (RoleInfo.java:shutdownFollowerState(121)) - 389d5540-641f-48c2-a9df-60738dbad976: shutdown FollowerState
2019-10-23 12:36:58,912 [grpc-default-executor-3] INFO  impl.RoleInfo (RoleInfo.java:updateAndGet(143)) - daebe4f8-0ad9-4eb2-8ed7-3a8051847eb6: start FollowerState
2019-10-23 12:36:58,912 [Thread-2776] INFO  impl.FollowerState (FollowerState.java:run(117)) - daebe4f8-0ad9-4eb2-8ed7-3a8051847eb6@group-AF49A4A4CA2A-FollowerState was interrupted: java.lang.InterruptedException: sleep interrupted
2019-10-23 12:36:58,912 [Thread-2777] INFO  impl.FollowerState (FollowerState.java:run(117)) - 389d5540-641f-48c2-a9df-60738dbad976@group-AF49A4A4CA2A-FollowerState was interrupted: java.lang.InterruptedException: sleep interrupted
2019-10-23 12:36:58,912 [grpc-default-executor-0] INFO  impl.RoleInfo (RoleInfo.java:updateAndGet(143)) - 389d5540-641f-48c2-a9df-60738dbad976: start FollowerState
2019-10-23 12:36:58,929 [279bca68-3e74-4690-81cf-da5ab79b92f7@group-AF49A4A4CA2A-LeaderElection384] INFO  impl.LeaderElection (LeaderElection.java:logAndReturn(56)) - 279bca68-3e74-4690-81cf-da5ab79b92f7@group-AF49A4A4CA2A-LeaderElection384: Election REJECTED; received 2 response(s) [279bca68-3e74-4690-81cf-da5ab79b92f7<-daebe4f8-0ad9-4eb2-8ed7-3a8051847eb6#0:FAIL-t418, 279bca68-3e74-4690-81cf-da5ab79b92f7<-389d5540-641f-48c2-a9df-60738dbad976#0:FAIL-t418] and 0 exception(s); 279bca68-3e74-4690-81cf-da5ab79b92f7@group-AF49A4A4CA2A:t418, leader=null, voted=279bca68-3e74-4690-81cf-da5ab79b92f7, raftlog=279bca68-3e74-4690-81cf-da5ab79b92f7@group-AF49A4A4CA2A-SegmentedRaftLog:OPENED:c-1,f-1,i0, conf=-1: [daebe4f8-0ad9-4eb2-8ed7-3a8051847eb6:192.168.69.118:44860, 389d5540-641f-48c2-a9df-60738dbad976:192.168.69.118:45712, 279bca68-3e74-4690-81cf-da5ab79b92f7:192.168.69.118:45510], old=null
2019-10-23 12:36:58,929 [279bca68-3e74-4690-81cf-da5ab79b92f7@group-AF49A4A4CA2A-LeaderElection384] INFO  impl.RaftServerImpl (RaftServerImpl.java:setRole(184)) - 279bca68-3e74-4690-81cf-da5ab79b92f7@group-AF49A4A4CA2A: changes role from CANDIDATE to FOLLOWER at term 418 for DISCOVERED_A_NEW_TERM
2019-10-23 12:36:58,929 [279bca68-3e74-4690-81cf-da5ab79b92f7@group-AF49A4A4CA2A-LeaderElection384] INFO  impl.RoleInfo (RoleInfo.java:shutdownLeaderElection(134)) - 279bca68-3e74-4690-81cf-da5ab79b92f7: shutdown LeaderElection
2019-10-23 12:36:58,929 [279bca68-3e74-4690-81cf-da5ab79b92f7@group-AF49A4A4CA2A-LeaderElection384] INFO  impl.RoleInfo (RoleInfo.java:updateAndGet(143)) - 279bca68-3e74-4690-81cf-da5ab79b92f7: start FollowerState
2019-10-23 12:36:59,044 [Thread-2784] INFO  impl.FollowerState (FollowerState.java:run(108)) - 279bca68-3e74-4690-81cf-da5ab79b92f7@group-AF49A4A4CA2A-FollowerState: change to CANDIDATE, lastRpcTime:114ms, electionTimeout:114ms
2019-10-23 12:36:59,044 [Thread-2784] INFO  impl.RoleInfo (RoleInfo.java:shutdownFollowerState(121)) - 279bca68-3e74-4690-81cf-da5ab79b92f7: shutdown FollowerState
2019-10-23 12:36:59,044 [Thread-2784] INFO  impl.RaftServerImpl (RaftServerImpl.java:setRole(184)) - 279bca68-3e74-4690-81cf-da5ab79b92f7@group-AF49A4A4CA2A: changes role from  FOLLOWER to CANDIDATE at term 418 for changeToCandidate
2019-10-23 12:36:59,044 [Thread-2784] INFO  impl.RoleInfo (RoleInfo.java:updateAndGet(143)) - 279bca68-3e74-4690-81cf-da5ab79b92f7: start LeaderElection
2019-10-23 12:36:59,066 [279bca68-3e74-4690-81cf-da5ab79b92f7@group-AF49A4A4CA2A-LeaderElection385] INFO  impl.LeaderElection (LeaderElection.java:askForVotes(178)) - 279bca68-3e74-4690-81cf-da5ab79b92f7@group-AF49A4A4CA2A-LeaderElection385: begin an election at term 419 for -1: [daebe4f8-0ad9-4eb2-8ed7-3a8051847eb6:192.168.69.118:44860, 389d5540-641f-48c2-a9df-60738dbad976:192.168.69.118:45712, 279bca68-3e74-4690-81cf-da5ab79b92f7:192.168.69.118:45510], old=null
2019-10-23 12:36:59,067 [grpc-default-executor-0] INFO  impl.RaftServerImpl (RaftServerImpl.java:setRole(184)) - daebe4f8-0ad9-4eb2-8ed7-3a8051847eb6@group-AF49A4A4CA2A: changes role from  FOLLOWER to FOLLOWER at term 419 for recognizeCandidate:279bca68-3e74-4690-81cf-da5ab79b92f7
2019-10-23 12:36:59,068 [grpc-default-executor-3] INFO  impl.RaftServerImpl (RaftServerImpl.java:setRole(184)) - 389d5540-641f-48c2-a9df-60738dbad976@group-AF49A4A4CA2A: changes role from  FOLLOWER to FOLLOWER at term 419 for recognizeCandidate:279bca68-3e74-4690-81cf-da5ab79b92f7
2019-10-23 12:36:59,068 [grpc-default-executor-3] INFO  impl.RoleInfo (RoleInfo.java:shutdownFollowerState(121)) - 389d5540-641f-48c2-a9df-60738dbad976: shutdown FollowerState
2019-10-23 12:36:59,068 [grpc-default-executor-0] INFO  impl.RoleInfo (RoleInfo.java:shutdownFollowerState(121)) - daebe4f8-0ad9-4eb2-8ed7-3a8051847eb6: shutdown FollowerState
2019-10-23 12:36:59,068 [Thread-2783] INFO  impl.FollowerState (FollowerState.java:run(117)) - 389d5540-641f-48c2-a9df-60738dbad976@group-AF49A4A4CA2A-FollowerState was interrupted: java.lang.InterruptedException: sleep interrupted
2019-10-23 12:36:59,068 [grpc-default-executor-3] INFO  impl.RoleInfo (RoleInfo.java:updateAndGet(143)) - 389d5540-641f-48c2-a9df-60738dbad976: start FollowerState
2019-10-23 12:36:59,068 [Thread-2782] INFO  impl.FollowerState (FollowerState.java:run(117)) - daebe4f8-0ad9-4eb2-8ed7-3a8051847eb6@group-AF49A4A4CA2A-FollowerState was interrupted: java.lang.InterruptedException: sleep interrupted
2019-10-23 12:36:59,068 [grpc-default-executor-0] INFO  impl.RoleInfo (RoleInfo.java:updateAndGet(143)) - daebe4f8-0ad9-4eb2-8ed7-3a8051847eb6: start FollowerState
2019-10-23 12:36:59,083 [279bca68-3e74-4690-81cf-da5ab79b92f7@group-AF49A4A4CA2A-LeaderElection385] INFO  impl.LeaderElection (LeaderElection.java:logAndReturn(56)) - 279bca68-3e74-4690-81cf-da5ab79b92f7@group-AF49A4A4CA2A-LeaderElection385: Election REJECTED; received 2 response(s) [279bca68-3e74-4690-81cf-da5ab79b92f7<-daebe4f8-0ad9-4eb2-8ed7-3a8051847eb6#0:FAIL-t419, 279bca68-3e74-4690-81cf-da5ab79b92f7<-389d5540-641f-48c2-a9df-60738dbad976#0:FAIL-t419] and 0 exception(s); 279bca68-3e74-4690-81cf-da5ab79b92f7@group-AF49A4A4CA2A:t419, leader=null, voted=279bca68-3e74-4690-81cf-da5ab79b92f7, raftlog=279bca68-3e74-4690-81cf-da5ab79b92f7@group-AF49A4A4CA2A-SegmentedRaftLog:OPENED:c-1,f-1,i0, conf=-1: [daebe4f8-0ad9-4eb2-8ed7-3a8051847eb6:192.168.69.118:44860, 389d5540-641f-48c2-a9df-60738dbad976:192.168.69.118:45712, 279bca68-3e74-4690-81cf-da5ab79b92f7:192.168.69.118:45510], old=null
2019-10-23 12:36:59,083 [279bca68-3e74-4690-81cf-da5ab79b92f7@group-AF49A4A4CA2A-LeaderElection385] INFO  impl.RaftServerImpl (RaftServerImpl.java:setRole(184)) - 279bca68-3e74-4690-81cf-da5ab79b92f7@group-AF49A4A4CA2A: changes role from CANDIDATE to FOLLOWER at term 419 for DISCOVERED_A_NEW_TERM
2019-10-23 12:36:59,083 [279bca68-3e74-4690-81cf-da5ab79b92f7@group-AF49A4A4CA2A-LeaderElection385] INFO  impl.RoleInfo (RoleInfo.java:shutdownLeaderElection(134)) - 279bca68-3e74-4690-81cf-da5ab79b92f7: shutdown LeaderElection
2019-10-23 12:36:59,084 [279bca68-3e74-4690-81cf-da5ab79b92f7@group-AF49A4A4CA2A-LeaderElection385] INFO  impl.RoleInfo (RoleInfo.java:updateAndGet(143)) - 279bca68-3e74-4690-81cf-da5ab79b92f7: start FollowerState
2019-10-23 12:36:59,114 [Thread-2790] INFO  impl.FollowerState (FollowerState.java:run(108)) - 279bca68-3e74-4690-81cf-da5ab79b92f7@group-AF49A4A4CA2A-FollowerState: change to CANDIDATE, lastRpcTime:30ms, electionTimeout:30ms
2019-10-23 12:36:59,114 [Thread-2790] INFO  impl.RoleInfo (RoleInfo.java:shutdownFollowerState(121)) - 279bca68-3e74-4690-81cf-da5ab79b92f7: shutdown FollowerState
2019-10-23 12:36:59,114 [Thread-2790] INFO  impl.RaftServerImpl (RaftServerImpl.java:setRole(184)) - 279bca68-3e74-4690-81cf-da5ab79b92f7@group-AF49A4A4CA2A: changes role from  FOLLOWER to CANDIDATE at term 419 for changeToCandidate
2019-10-23 12:36:59,114 [Thread-2790] INFO  impl.RoleInfo (RoleInfo.java:updateAndGet(143)) - 279bca68-3e74-4690-81cf-da5ab79b92f7: start LeaderElection
2019-10-23 12:36:59,121 [279bca68-3e74-4690-81cf-da5ab79b92f7@group-AF49A4A4CA2A-LeaderElection386] INFO  impl.LeaderElection (LeaderElection.java:askForVotes(178)) - 279bca68-3e74-4690-81cf-da5ab79b92f7@group-AF49A4A4CA2A-LeaderElection386: begin an election at term 420 for -1: [daebe4f8-0ad9-4eb2-8ed7-3a8051847eb6:192.168.69.118:44860, 389d5540-641f-48c2-a9df-60738dbad976:192.168.69.118:45712, 279bca68-3e74-4690-81cf-da5ab79b92f7:192.168.69.118:45510], old=null
2019-10-23 12:36:59,123 [grpc-default-executor-3] INFO  impl.RaftServerImpl (RaftServerImpl.java:setRole(184)) - daebe4f8-0ad9-4eb2-8ed7-3a8051847eb6@group-AF49A4A4CA2A: changes role from  FOLLOWER to FOLLOWER at term 420 for recognizeCandidate:279bca68-3e74-4690-81cf-da5ab79b92f7
2019-10-23 12:36:59,123 [grpc-default-executor-3] INFO  impl.RoleInfo (RoleInfo.java:shutdownFollowerState(121)) - daebe4f8-0ad9-4eb2-8ed7-3a8051847eb6: shutdown FollowerState
2019-10-23 12:36:59,123 [grpc-default-executor-3] INFO  impl.RoleInfo (RoleInfo.java:updateAndGet(143)) - daebe4f8-0ad9-4eb2-8ed7-3a8051847eb6: start FollowerState
2019-10-23 12:36:59,123 [Thread-2789] INFO  impl.FollowerState (FollowerState.java:run(117)) - daebe4f8-0ad9-4eb2-8ed7-3a8051847eb6@group-AF49A4A4CA2A-FollowerState was interrupted: java.lang.InterruptedException: sleep interrupted
2019-10-23 12:36:59,123 [grpc-default-executor-0] INFO  impl.RaftServerImpl (RaftServerImpl.java:setRole(184)) - 389d5540-641f-48c2-a9df-60738dbad976@group-AF49A4A4CA2A: changes role from  FOLLOWER to FOLLOWER at term 420 for recognizeCandidate:279bca68-3e74-4690-81cf-da5ab79b92f7
2019-10-23 12:36:59,124 [grpc-default-executor-0] INFO  impl.RoleInfo (RoleInfo.java:shutdownFollowerState(121)) - 389d5540-641f-48c2-a9df-60738dbad976: shutdown FollowerState
2019-10-23 12:36:59,124 [grpc-default-executor-0] INFO  impl.RoleInfo (RoleInfo.java:updateAndGet(143)) - 389d5540-641f-48c2-a9df-60738dbad976: start FollowerState
2019-10-23 12:36:59,124 [Thread-2788] INFO  impl.FollowerState (FollowerState.java:run(117)) - 389d5540-641f-48c2-a9df-60738dbad976@group-AF49A4A4CA2A-FollowerState was interrupted: java.lang.InterruptedException: sleep interrupted
2019-10-23 12:36:59,151 [279bca68-3e74-4690-81cf-da5ab79b92f7@group-AF49A4A4CA2A-LeaderElection386] INFO  impl.LeaderElection (LeaderElection.java:logAndReturn(56)) - 279bca68-3e74-4690-81cf-da5ab79b92f7@group-AF49A4A4CA2A-LeaderElection386: Election REJECTED; received 2 response(s) [279bca68-3e74-4690-81cf-da5ab79b92f7<-daebe4f8-0ad9-4eb2-8ed7-3a8051847eb6#0:FAIL-t420, 279bca68-3e74-4690-81cf-da5ab79b92f7<-389d5540-641f-48c2-a9df-60738dbad976#0:FAIL-t420] and 0 exception(s); 279bca68-3e74-4690-81cf-da5ab79b92f7@group-AF49A4A4CA2A:t420, leader=null, voted=279bca68-3e74-4690-81cf-da5ab79b92f7, raftlog=279bca68-3e74-4690-81cf-da5ab79b92f7@group-AF49A4A4CA2A-SegmentedRaftLog:OPENED:c-1,f-1,i0, conf=-1: [daebe4f8-0ad9-4eb2-8ed7-3a8051847eb6:192.168.69.118:44860, 389d5540-641f-48c2-a9df-60738dbad976:192.168.69.118:45712, 279bca68-3e74-4690-81cf-da5ab79b92f7:192.168.69.118:45510], old=null
2019-10-23 12:36:59,151 [279bca68-3e74-4690-81cf-da5ab79b92f7@group-AF49A4A4CA2A-LeaderElection386] INFO  impl.RaftServerImpl (RaftServerImpl.java:setRole(184)) - 279bca68-3e74-4690-81cf-da5ab79b92f7@group-AF49A4A4CA2A: changes role from CANDIDATE to FOLLOWER at term 420 for DISCOVERED_A_NEW_TERM
2019-10-23 12:36:59,151 [279bca68-3e74-4690-81cf-da5ab79b92f7@group-AF49A4A4CA2A-LeaderElection386] INFO  impl.RoleInfo (RoleInfo.java:shutdownLeaderElection(134)) - 279bca68-3e74-4690-81cf-da5ab79b92f7: shutdown LeaderElection
2019-10-23 12:36:59,151 [279bca68-3e74-4690-81cf-da5ab79b92f7@group-AF49A4A4CA2A-LeaderElection386] INFO  impl.RoleInfo (RoleInfo.java:updateAndGet(143)) - 279bca68-3e74-4690-81cf-da5ab79b92f7: start FollowerState
2019-10-23 12:36:59,156 [Thread-2796] INFO  impl.FollowerState (FollowerState.java:run(108)) - 279bca68-3e74-4690-81cf-da5ab79b92f7@group-AF49A4A4CA2A-FollowerState: change to CANDIDATE, lastRpcTime:4ms, electionTimeout:4ms
2019-10-23 12:36:59,156 [Thread-2796] INFO  impl.RoleInfo (RoleInfo.java:shutdownFollowerState(121)) - 279bca68-3e74-4690-81cf-da5ab79b92f7: shutdown FollowerState
2019-10-23 12:36:59,156 [Thread-2796] INFO  impl.RaftServerImpl (RaftServerImpl.java:setRole(184)) - 279bca68-3e74-4690-81cf-da5ab79b92f7@group-AF49A4A4CA2A: changes role from  FOLLOWER to CANDIDATE at term 420 for changeToCandidate
2019-10-23 12:36:59,156 [Thread-2796] INFO  impl.RoleInfo (RoleInfo.java:updateAndGet(143)) - 279bca68-3e74-4690-81cf-da5ab79b92f7: start LeaderElection
2019-10-23 12:36:59,177 [279bca68-3e74-4690-81cf-da5ab79b92f7@group-AF49A4A4CA2A-LeaderElection387] INFO  impl.LeaderElection (LeaderElection.java:askForVotes(178)) - 279bca68-3e74-4690-81cf-da5ab79b92f7@group-AF49A4A4CA2A-LeaderElection387: begin an election at term 421 for -1: [daebe4f8-0ad9-4eb2-8ed7-3a8051847eb6:192.168.69.118:44860, 389d5540-641f-48c2-a9df-60738dbad976:192.168.69.118:45712, 279bca68-3e74-4690-81cf-da5ab79b92f7:192.168.69.118:45510], old=null
2019-10-23 12:36:59,179 [grpc-default-executor-0] INFO  impl.RaftServerImpl (RaftServerImpl.java:setRole(184)) - daebe4f8-0ad9-4eb2-8ed7-3a8051847eb6@group-AF49A4A4CA2A: changes role from  FOLLOWER to FOLLOWER at term 421 for recognizeCandidate:279bca68-3e74-4690-81cf-da5ab79b92f7
2019-10-23 12:36:59,179 [grpc-default-executor-0] INFO  impl.RoleInfo (RoleInfo.java:shutdownFollowerState(121)) - daebe4f8-0ad9-4eb2-8ed7-3a8051847eb6: shutdown FollowerState
2019-10-23 12:36:59,179 [grpc-default-executor-3] INFO  impl.RaftServerImpl (RaftServerImpl.java:setRole(184)) - 389d5540-641f-48c2-a9df-60738dbad976@group-AF49A4A4CA2A: changes role from  FOLLOWER to FOLLOWER at term 421 for recognizeCandidate:279bca68-3e74-4690-81cf-da5ab79b92f7
2019-10-23 12:36:59,180 [grpc-default-executor-3] INFO  impl.RoleInfo (RoleInfo.java:shutdownFollowerState(121)) - 389d5540-641f-48c2-a9df-60738dbad976: shutdown FollowerState
2019-10-23 12:36:59,180 [Thread-2794] INFO  impl.FollowerState (FollowerState.java:run(117)) - daebe4f8-0ad9-4eb2-8ed7-3a8051847eb6@group-AF49A4A4CA2A-FollowerState was interrupted: java.lang.InterruptedException: sleep interrupted
2019-10-23 12:36:59,180 [Thread-2795] INFO  impl.FollowerState (FollowerState.java:run(117)) - 389d5540-641f-48c2-a9df-60738dbad976@group-AF49A4A4CA2A-FollowerState was interrupted: java.lang.InterruptedException: sleep interrupted
2019-10-23 12:36:59,180 [grpc-default-executor-0] INFO  impl.RoleInfo (RoleInfo.java:updateAndGet(143)) - daebe4f8-0ad9-4eb2-8ed7-3a8051847eb6: start FollowerState
2019-10-23 12:36:59,180 [grpc-default-executor-3] INFO  impl.RoleInfo (RoleInfo.java:updateAndGet(143)) - 389d5540-641f-48c2-a9df-60738dbad976: start FollowerState
2019-10-23 12:36:59,194 [279bca68-3e74-4690-81cf-da5ab79b92f7@group-AF49A4A4CA2A-LeaderElection387] INFO  impl.LeaderElection (LeaderElection.java:logAndReturn(56)) - 279bca68-3e74-4690-81cf-da5ab79b92f7@group-AF49A4A4CA2A-LeaderElection387: Election REJECTED; received 2 response(s) [279bca68-3e74-4690-81cf-da5ab79b92f7<-daebe4f8-0ad9-4eb2-8ed7-3a8051847eb6#0:FAIL-t421, 279bca68-3e74-4690-81cf-da5ab79b92f7<-389d5540-641f-48c2-a9df-60738dbad976#0:FAIL-t421] and 0 exception(s); 279bca68-3e74-4690-81cf-da5ab79b92f7@group-AF49A4A4CA2A:t421, leader=null, voted=279bca68-3e74-4690-81cf-da5ab79b92f7, raftlog=279bca68-3e74-4690-81cf-da5ab79b92f7@group-AF49A4A4CA2A-SegmentedRaftLog:OPENED:c-1,f-1,i0, conf=-1: [daebe4f8-0ad9-4eb2-8ed7-3a8051847eb6:192.168.69.118:44860, 389d5540-641f-48c2-a9df-60738dbad976:192.168.69.118:45712, 279bca68-3e74-4690-81cf-da5ab79b92f7:192.168.69.118:45510], old=null
2019-10-23 12:36:59,194 [279bca68-3e74-4690-81cf-da5ab79b92f7@group-AF49A4A4CA2A-LeaderElection387] INFO  impl.RaftServerImpl (RaftServerImpl.java:setRole(184)) - 279bca68-3e74-4690-81cf-da5ab79b92f7@group-AF49A4A4CA2A: changes role from CANDIDATE to FOLLOWER at term 421 for DISCOVERED_A_NEW_TERM
2019-10-23 12:36:59,194 [279bca68-3e74-4690-81cf-da5ab79b92f7@group-AF49A4A4CA2A-LeaderElection387] INFO  impl.RoleInfo (RoleInfo.java:shutdownLeaderElection(134)) - 279bca68-3e74-4690-81cf-da5ab79b92f7: shutdown LeaderElection
2019-10-23 12:36:59,194 [279bca68-3e74-4690-81cf-da5ab79b92f7@group-AF49A4A4CA2A-LeaderElection387] INFO  impl.RoleInfo (RoleInfo.java:updateAndGet(143)) - 279bca68-3e74-4690-81cf-da5ab79b92f7: start FollowerState
2019-10-23 12:36:59,207 [Thread-2802] INFO  impl.FollowerState (FollowerState.java:run(108)) - 279bca68-3e74-4690-81cf-da5ab79b92f7@group-AF49A4A4CA2A-FollowerState: change to CANDIDATE, lastRpcTime:13ms, electionTimeout:13ms
2019-10-23 12:36:59,208 [Thread-2802] INFO  impl.RoleInfo (RoleInfo.java:shutdownFollowerState(121)) - 279bca68-3e74-4690-81cf-da5ab79b92f7: shutdown FollowerState
2019-10-23 12:36:59,208 [Thread-2802] INFO  impl.RaftServerImpl (RaftServerImpl.java:setRole(184)) - 279bca68-3e74-4690-81cf-da5ab79b92f7@group-AF49A4A4CA2A: changes role from  FOLLOWER to CANDIDATE at term 421 for changeToCandidate
2019-10-23 12:36:59,208 [Thread-2802] INFO  impl.RoleInfo (RoleInfo.java:updateAndGet(143)) - 279bca68-3e74-4690-81cf-da5ab79b92f7: start LeaderElection
2019-10-23 12:36:59,224 [279bca68-3e74-4690-81cf-da5ab79b92f7@group-AF49A4A4CA2A-LeaderElection388] INFO  impl.LeaderElection (LeaderElection.java:askForVotes(178)) - 279bca68-3e74-4690-81cf-da5ab79b92f7@group-AF49A4A4CA2A-LeaderElection388: begin an election at term 422 for -1: [daebe4f8-0ad9-4eb2-8ed7-3a8051847eb6:192.168.69.118:44860, 389d5540-641f-48c2-a9df-60738dbad976:192.168.69.118:45712, 279bca68-3e74-4690-81cf-da5ab79b92f7:192.168.69.118:45510], old=null
2019-10-23 12:36:59,226 [grpc-default-executor-0] INFO  impl.RaftServerImpl (RaftServerImpl.java:setRole(184)) - daebe4f8-0ad9-4eb2-8ed7-3a8051847eb6@group-AF49A4A4CA2A: changes role from  FOLLOWER to FOLLOWER at term 422 for recognizeCandidate:279bca68-3e74-4690-81cf-da5ab79b92f7
2019-10-23 12:36:59,226 [grpc-default-executor-0] INFO  impl.RoleInfo (RoleInfo.java:shutdownFollowerState(121)) - daebe4f8-0ad9-4eb2-8ed7-3a8051847eb6: shutdown FollowerState
2019-10-23 12:36:59,226 [grpc-default-executor-3] INFO  impl.RaftServerImpl (RaftServerImpl.java:setRole(184)) - 389d5540-641f-48c2-a9df-60738dbad976@group-AF49A4A4CA2A: changes role from  FOLLOWER to FOLLOWER at term 422 for recognizeCandidate:279bca68-3e74-4690-81cf-da5ab79b92f7
2019-10-23 12:36:59,227 [grpc-default-executor-3] INFO  impl.RoleInfo (RoleInfo.java:shutdownFollowerState(121)) - 389d5540-641f-48c2-a9df-60738dbad976: shutdown FollowerState
2019-10-23 12:36:59,226 [Thread-2800] INFO  impl.FollowerState (FollowerState.java:run(117)) - daebe4f8-0ad9-4eb2-8ed7-3a8051847eb6@group-AF49A4A4CA2A-FollowerState was interrupted: java.lang.InterruptedException: sleep interrupted
2019-10-23 12:36:59,226 [grpc-default-executor-0] INFO  impl.RoleInfo (RoleInfo.java:updateAndGet(143)) - daebe4f8-0ad9-4eb2-8ed7-3a8051847eb6: start FollowerState
2019-10-23 12:36:59,227 [Thread-2801] INFO  impl.FollowerState (FollowerState.java:run(117)) - 389d5540-641f-48c2-a9df-60738dbad976@group-AF49A4A4CA2A-FollowerState was interrupted: java.lang.InterruptedException: sleep interrupted
2019-10-23 12:36:59,227 [grpc-default-executor-3] INFO  impl.RoleInfo (RoleInfo.java:updateAndGet(143)) - 389d5540-641f-48c2-a9df-60738dbad976: start FollowerState
2019-10-23 12:36:59,252 [279bca68-3e74-4690-81cf-da5ab79b92f7@group-AF49A4A4CA2A-LeaderElection388] INFO  impl.LeaderElection (LeaderElection.java:logAndReturn(56)) - 279bca68-3e74-4690-81cf-da5ab79b92f7@group-AF49A4A4CA2A-LeaderElection388: Election TIMEOUT; received 0 response(s) [] and 0 exception(s); 279bca68-3e74-4690-81cf-da5ab79b92f7@group-AF49A4A4CA2A:t422, leader=null, voted=279bca68-3e74-4690-81cf-da5ab79b92f7, raftlog=279bca68-3e74-4690-81cf-da5ab79b92f7@group-AF49A4A4CA2A-SegmentedRaftLog:OPENED:c-1,f-1,i0, conf=-1: [daebe4f8-0ad9-4eb2-8ed7-3a8051847eb6:192.168.69.118:44860, 389d5540-641f-48c2-a9df-60738dbad976:192.168.69.118:45712, 279bca68-3e74-4690-81cf-da5ab79b92f7:192.168.69.118:45510], old=null
2019-10-23 12:36:59,279 [279bca68-3e74-4690-81cf-da5ab79b92f7@group-AF49A4A4CA2A-LeaderElection388] INFO  impl.LeaderElection (LeaderElection.java:askForVotes(178)) - 279bca68-3e74-4690-81cf-da5ab79b92f7@group-AF49A4A4CA2A-LeaderElection388: begin an election at term 423 for -1: [daebe4f8-0ad9-4eb2-8ed7-3a8051847eb6:192.168.69.118:44860, 389d5540-641f-48c2-a9df-60738dbad976:192.168.69.118:45712, 279bca68-3e74-4690-81cf-da5ab79b92f7:192.168.69.118:45510], old=null
2019-10-23 12:36:59,282 [grpc-default-executor-0] INFO  impl.RaftServerImpl (RaftServerImpl.java:setRole(184)) - daebe4f8-0ad9-4eb2-8ed7-3a8051847eb6@group-AF49A4A4CA2A: changes role from  FOLLOWER to FOLLOWER at term 423 for recognizeCandidate:279bca68-3e74-4690-81cf-da5ab79b92f7
2019-10-23 12:36:59,282 [grpc-default-executor-3] INFO  impl.RaftServerImpl (RaftServerImpl.java:setRole(184)) - 389d5540-641f-48c2-a9df-60738dbad976@group-AF49A4A4CA2A: changes role from  FOLLOWER to FOLLOWER at term 423 for recognizeCandidate:279bca68-3e74-4690-81cf-da5ab79b92f7
2019-10-23 12:36:59,282 [grpc-default-executor-0] INFO  impl.RoleInfo (RoleInfo.java:shutdownFollowerState(121)) - daebe4f8-0ad9-4eb2-8ed7-3a8051847eb6: shutdown FollowerState
2019-10-23 12:36:59,282 [grpc-default-executor-3] INFO  impl.RoleInfo (RoleInfo.java:shutdownFollowerState(121)) - 389d5540-641f-48c2-a9df-60738dbad976: shutdown FollowerState
2019-10-23 12:36:59,283 [Thread-2806] INFO  impl.FollowerState (FollowerState.java:run(117)) - daebe4f8-0ad9-4eb2-8ed7-3a8051847eb6@group-AF49A4A4CA2A-FollowerState was interrupted: java.lang.InterruptedException: sleep interrupted
2019-10-23 12:36:59,282 [grpc-default-executor-0] INFO  impl.RoleInfo (RoleInfo.java:updateAndGet(143)) - daebe4f8-0ad9-4eb2-8ed7-3a8051847eb6: start FollowerState
2019-10-23 12:36:59,283 [Thread-2807] INFO  impl.FollowerState (FollowerState.java:run(117)) - 389d5540-641f-48c2-a9df-60738dbad976@group-AF49A4A4CA2A-FollowerState was interrupted: java.lang.InterruptedException: sleep interrupted
2019-10-23 12:36:59,283 [grpc-default-executor-3] INFO  impl.RoleInfo (RoleInfo.java:updateAndGet(143)) - 389d5540-641f-48c2-a9df-60738dbad976: start FollowerState
2019-10-23 12:36:59,287 [279bca68-3e74-4690-81cf-da5ab79b92f7@group-AF49A4A4CA2A-LeaderElection388] INFO  impl.LeaderElection (LeaderElection.java:logAndReturn(56)) - 279bca68-3e74-4690-81cf-da5ab79b92f7@group-AF49A4A4CA2A-LeaderElection388: Election TIMEOUT; received 0 response(s) [] and 0 exception(s); 279bca68-3e74-4690-81cf-da5ab79b92f7@group-AF49A4A4CA2A:t423, leader=null, voted=279bca68-3e74-4690-81cf-da5ab79b92f7, raftlog=279bca68-3e74-4690-81cf-da5ab79b92f7@group-AF49A4A4CA2A-SegmentedRaftLog:OPENED:c-1,f-1,i0, conf=-1: [daebe4f8-0ad9-4eb2-8ed7-3a8051847eb6:192.168.69.118:44860, 389d5540-641f-48c2-a9df-60738dbad976:192.168.69.118:45712, 279bca68-3e74-4690-81cf-da5ab79b92f7:192.168.69.118:45510], old=null
2019-10-23 12:36:59,306 [279bca68-3e74-4690-81cf-da5ab79b92f7@group-AF49A4A4CA2A-LeaderElection388] INFO  impl.LeaderElection (LeaderElection.java:askForVotes(178)) - 279bca68-3e74-4690-81cf-da5ab79b92f7@group-AF49A4A4CA2A-LeaderElection388: begin an election at term 424 for -1: [daebe4f8-0ad9-4eb2-8ed7-3a8051847eb6:192.168.69.118:44860, 389d5540-641f-48c2-a9df-60738dbad976:192.168.69.118:45712, 279bca68-3e74-4690-81cf-da5ab79b92f7:192.168.69.118:45510], old=null
2019-10-23 12:36:59,308 [grpc-default-executor-3] INFO  impl.RaftServerImpl (RaftServerImpl.java:setRole(184)) - daebe4f8-0ad9-4eb2-8ed7-3a8051847eb6@group-AF49A4A4CA2A: changes role from  FOLLOWER to FOLLOWER at term 424 for recognizeCandidate:279bca68-3e74-4690-81cf-da5ab79b92f7
2019-10-23 12:36:59,308 [grpc-default-executor-0] INFO  impl.RaftServerImpl (RaftServerImpl.java:setRole(184)) - 389d5540-641f-48c2-a9df-60738dbad976@group-AF49A4A4CA2A: changes role from  FOLLOWER to FOLLOWER at term 424 for recognizeCandidate:279bca68-3e74-4690-81cf-da5ab79b92f7
2019-10-23 12:36:59,308 [grpc-default-executor-3] INFO  impl.RoleInfo (RoleInfo.java:shutdownFollowerState(121)) - daebe4f8-0ad9-4eb2-8ed7-3a8051847eb6: shutdown FollowerState
2019-10-23 12:36:59,308 [grpc-default-executor-0] INFO  impl.RoleInfo (RoleInfo.java:shutdownFollowerState(121)) - 389d5540-641f-48c2-a9df-60738dbad976: shutdown FollowerState
2019-10-23 12:36:59,308 [Thread-2810] INFO  impl.FollowerState (FollowerState.java:run(117)) - daebe4f8-0ad9-4eb2-8ed7-3a8051847eb6@group-AF49A4A4CA2A-FollowerState was interrupted: java.lang.InterruptedException: sleep interrupted
2019-10-23 12:36:59,308 [grpc-default-executor-3] INFO  impl.RoleInfo (RoleInfo.java:updateAndGet(143)) - daebe4f8-0ad9-4eb2-8ed7-3a8051847eb6: start FollowerState
2019-10-23 12:36:59,308 [Thread-2811] INFO  impl.FollowerState (FollowerState.java:run(117)) - 389d5540-641f-48c2-a9df-60738dbad976@group-AF49A4A4CA2A-FollowerState was interrupted: java.lang.InterruptedException: sleep interrupted
2019-10-23 12:36:59,308 [grpc-default-executor-0] INFO  impl.RoleInfo (RoleInfo.java:updateAndGet(143)) - 389d5540-641f-48c2-a9df-60738dbad976: start FollowerState
2019-10-23 12:36:59,335 [279bca68-3e74-4690-81cf-da5ab79b92f7@group-AF49A4A4CA2A-LeaderElection388] INFO  impl.LeaderElection (LeaderElection.java:logAndReturn(56)) - 279bca68-3e74-4690-81cf-da5ab79b92f7@group-AF49A4A4CA2A-LeaderElection388: Election REJECTED; received 2 response(s) [279bca68-3e74-4690-81cf-da5ab79b92f7<-daebe4f8-0ad9-4eb2-8ed7-3a8051847eb6#0:FAIL-t424, 279bca68-3e74-4690-81cf-da5ab79b92f7<-389d5540-641f-48c2-a9df-60738dbad976#0:FAIL-t424] and 0 exception(s); 279bca68-3e74-4690-81cf-da5ab79b92f7@group-AF49A4A4CA2A:t424, leader=null, voted=279bca68-3e74-4690-81cf-da5ab79b92f7, raftlog=279bca68-3e74-4690-81cf-da5ab79b92f7@group-AF49A4A4CA2A-SegmentedRaftLog:OPENED:c-1,f-1,i0, conf=-1: [daebe4f8-0ad9-4eb2-8ed7-3a8051847eb6:192.168.69.118:44860, 389d5540-641f-48c2-a9df-60738dbad976:192.168.69.118:45712, 279bca68-3e74-4690-81cf-da5ab79b92f7:192.168.69.118:45510], old=null
2019-10-23 12:36:59,336 [279bca68-3e74-4690-81cf-da5ab79b92f7@group-AF49A4A4CA2A-LeaderElection388] INFO  impl.RaftServerImpl (RaftServerImpl.java:setRole(184)) - 279bca68-3e74-4690-81cf-da5ab79b92f7@group-AF49A4A4CA2A: changes role from CANDIDATE to FOLLOWER at term 424 for DISCOVERED_A_NEW_TERM
2019-10-23 12:36:59,336 [279bca68-3e74-4690-81cf-da5ab79b92f7@group-AF49A4A4CA2A-LeaderElection388] INFO  impl.RoleInfo (RoleInfo.java:shutdownLeaderElection(134)) - 279bca68-3e74-4690-81cf-da5ab79b92f7: shutdown LeaderElection
2019-10-23 12:36:59,336 [279bca68-3e74-4690-81cf-da5ab79b92f7@group-AF49A4A4CA2A-LeaderElection388] INFO  impl.RoleInfo (RoleInfo.java:updateAndGet(143)) - 279bca68-3e74-4690-81cf-da5ab79b92f7: start FollowerState
2019-10-23 12:36:59,533 [Thread-2816] INFO  impl.FollowerState (FollowerState.java:run(108)) - 279bca68-3e74-4690-81cf-da5ab79b92f7@group-AF49A4A4CA2A-FollowerState: change to CANDIDATE, lastRpcTime:197ms, electionTimeout:197ms
2019-10-23 12:36:59,533 [Thread-2816] INFO  impl.RoleInfo (RoleInfo.java:shutdownFollowerState(121)) - 279bca68-3e74-4690-81cf-da5ab79b92f7: shutdown FollowerState
2019-10-23 12:36:59,534 [Thread-2816] INFO  impl.RaftServerImpl (RaftServerImpl.java:setRole(184)) - 279bca68-3e74-4690-81cf-da5ab79b92f7@group-AF49A4A4CA2A: changes role from  FOLLOWER to CANDIDATE at term 424 for changeToCandidate
2019-10-23 12:36:59,534 [Thread-2816] INFO  impl.RoleInfo (RoleInfo.java:updateAndGet(143)) - 279bca68-3e74-4690-81cf-da5ab79b92f7: start LeaderElection
2019-10-23 12:36:59,546 [279bca68-3e74-4690-81cf-da5ab79b92f7@group-AF49A4A4CA2A-LeaderElection389] INFO  impl.LeaderElection (LeaderElection.java:askForVotes(178)) - 279bca68-3e74-4690-81cf-da5ab79b92f7@group-AF49A4A4CA2A-LeaderElection389: begin an election at term 425 for -1: [daebe4f8-0ad9-4eb2-8ed7-3a8051847eb6:192.168.69.118:44860, 389d5540-641f-48c2-a9df-60738dbad976:192.168.69.118:45712, 279bca68-3e74-4690-81cf-da5ab79b92f7:192.168.69.118:45510], old=null
2019-10-23 12:36:59,548 [grpc-default-executor-3] INFO  impl.RaftServerImpl (RaftServerImpl.java:setRole(184)) - 389d5540-641f-48c2-a9df-60738dbad976@group-AF49A4A4CA2A: changes role from  FOLLOWER to FOLLOWER at term 425 for recognizeCandidate:279bca68-3e74-4690-81cf-da5ab79b92f7
2019-10-23 12:36:59,548 [grpc-default-executor-3] INFO  impl.RoleInfo (RoleInfo.java:shutdownFollowerState(121)) - 389d5540-641f-48c2-a9df-60738dbad976: shutdown FollowerState
2019-10-23 12:36:59,548 [grpc-default-executor-0] INFO  impl.RaftServerImpl (RaftServerImpl.java:setRole(184)) - daebe4f8-0ad9-4eb2-8ed7-3a8051847eb6@group-AF49A4A4CA2A: changes role from  FOLLOWER to FOLLOWER at term 425 for recognizeCandidate:279bca68-3e74-4690-81cf-da5ab79b92f7
2019-10-23 12:36:59,548 [grpc-default-executor-0] INFO  impl.RoleInfo (RoleInfo.java:shutdownFollowerState(121)) - daebe4f8-0ad9-4eb2-8ed7-3a8051847eb6: shutdown FollowerState
2019-10-23 12:36:59,548 [Thread-2815] INFO  impl.FollowerState (FollowerState.java:run(117)) - 389d5540-641f-48c2-a9df-60738dbad976@group-AF49A4A4CA2A-FollowerState was interrupted: java.lang.InterruptedException: sleep interrupted
2019-10-23 12:36:59,548 [grpc-default-executor-3] INFO  impl.RoleInfo (RoleInfo.java:updateAndGet(143)) - 389d5540-641f-48c2-a9df-60738dbad976: start FollowerState
2019-10-23 12:36:59,548 [grpc-default-executor-0] INFO  impl.RoleInfo (RoleInfo.java:updateAndGet(143)) - daebe4f8-0ad9-4eb2-8ed7-3a8051847eb6: start FollowerState
2019-10-23 12:36:59,548 [Thread-2814] INFO  impl.FollowerState (FollowerState.java:run(117)) - daebe4f8-0ad9-4eb2-8ed7-3a8051847eb6@group-AF49A4A4CA2A-FollowerState was interrupted: java.lang.InterruptedException: sleep interrupted
2019-10-23 12:36:59,592 [279bca68-3e74-4690-81cf-da5ab79b92f7@group-AF49A4A4CA2A-LeaderElection389] INFO  impl.LeaderElection (LeaderElection.java:logAndReturn(56)) - 279bca68-3e74-4690-81cf-da5ab79b92f7@group-AF49A4A4CA2A-LeaderElection389: Election REJECTED; received 2 response(s) [279bca68-3e74-4690-81cf-da5ab79b92f7<-daebe4f8-0ad9-4eb2-8ed7-3a8051847eb6#0:FAIL-t425, 279bca68-3e74-4690-81cf-da5ab79b92f7<-389d5540-641f-48c2-a9df-60738dbad976#0:FAIL-t425] and 0 exception(s); 279bca68-3e74-4690-81cf-da5ab79b92f7@group-AF49A4A4CA2A:t425, leader=null, voted=279bca68-3e74-4690-81cf-da5ab79b92f7, raftlog=279bca68-3e74-4690-81cf-da5ab79b92f7@group-AF49A4A4CA2A-SegmentedRaftLog:OPENED:c-1,f-1,i0, conf=-1: [daebe4f8-0ad9-4eb2-8ed7-3a8051847eb6:192.168.69.118:44860, 389d5540-641f-48c2-a9df-60738dbad976:192.168.69.118:45712, 279bca68-3e74-4690-81cf-da5ab79b92f7:192.168.69.118:45510], old=null
2019-10-23 12:36:59,592 [279bca68-3e74-4690-81cf-da5ab79b92f7@group-AF49A4A4CA2A-LeaderElection389] INFO  impl.RaftServerImpl (RaftServerImpl.java:setRole(184)) - 279bca68-3e74-4690-81cf-da5ab79b92f7@group-AF49A4A4CA2A: changes role from CANDIDATE to FOLLOWER at term 425 for DISCOVERED_A_NEW_TERM
2019-10-23 12:36:59,592 [279bca68-3e74-4690-81cf-da5ab79b92f7@group-AF49A4A4CA2A-LeaderElection389] INFO  impl.RoleInfo (RoleInfo.java:shutdownLeaderElection(134)) - 279bca68-3e74-4690-81cf-da5ab79b92f7: shutdown LeaderElection
2019-10-23 12:36:59,592 [279bca68-3e74-4690-81cf-da5ab79b92f7@group-AF49A4A4CA2A-LeaderElection389] INFO  impl.RoleInfo (RoleInfo.java:updateAndGet(143)) - 279bca68-3e74-4690-81cf-da5ab79b92f7: start FollowerState
2019-10-23 12:36:59,632 [Thread-2822] INFO  impl.FollowerState (FollowerState.java:run(108)) - 279bca68-3e74-4690-81cf-da5ab79b92f7@group-AF49A4A4CA2A-FollowerState: change to CANDIDATE, lastRpcTime:39ms, electionTimeout:39ms
2019-10-23 12:36:59,632 [Thread-2822] INFO  impl.RoleInfo (RoleInfo.java:shutdownFollowerState(121)) - 279bca68-3e74-4690-81cf-da5ab79b92f7: shutdown FollowerState
2019-10-23 12:36:59,632 [Thread-2822] INFO  impl.RaftServerImpl (RaftServerImpl.java:setRole(184)) - 279bca68-3e74-4690-81cf-da5ab79b92f7@group-AF49A4A4CA2A: changes role from  FOLLOWER to CANDIDATE at term 425 for changeToCandidate
2019-10-23 12:36:59,632 [Thread-2822] INFO  impl.RoleInfo (RoleInfo.java:updateAndGet(143)) - 279bca68-3e74-4690-81cf-da5ab79b92f7: start LeaderElection
2019-10-23 12:36:59,666 [279bca68-3e74-4690-81cf-da5ab79b92f7@group-AF49A4A4CA2A-LeaderElection390] INFO  impl.LeaderElection (LeaderElection.java:askForVotes(178)) - 279bca68-3e74-4690-81cf-da5ab79b92f7@group-AF49A4A4CA2A-LeaderElection390: begin an election at term 426 for -1: [daebe4f8-0ad9-4eb2-8ed7-3a8051847eb6:192.168.69.118:44860, 389d5540-641f-48c2-a9df-60738dbad976:192.168.69.118:45712, 279bca68-3e74-4690-81cf-da5ab79b92f7:192.168.69.118:45510], old=null
2019-10-23 12:36:59,668 [grpc-default-executor-0] INFO  impl.RaftServerImpl (RaftServerImpl.java:setRole(184)) - daebe4f8-0ad9-4eb2-8ed7-3a8051847eb6@group-AF49A4A4CA2A: changes role from  FOLLOWER to FOLLOWER at term 426 for recognizeCandidate:279bca68-3e74-4690-81cf-da5ab79b92f7
2019-10-23 12:36:59,668 [grpc-default-executor-0] INFO  impl.RoleInfo (RoleInfo.java:shutdownFollowerState(121)) - daebe4f8-0ad9-4eb2-8ed7-3a8051847eb6: shutdown FollowerState
2019-10-23 12:36:59,668 [grpc-default-executor-3] INFO  impl.RaftServerImpl (RaftServerImpl.java:setRole(184)) - 389d5540-641f-48c2-a9df-60738dbad976@group-AF49A4A4CA2A: changes role from  FOLLOWER to FOLLOWER at term 426 for recognizeCandidate:279bca68-3e74-4690-81cf-da5ab79b92f7
2019-10-23 12:36:59,669 [Thread-2821] INFO  impl.FollowerState (FollowerState.java:run(117)) - daebe4f8-0ad9-4eb2-8ed7-3a8051847eb6@group-AF49A4A4CA2A-FollowerState was interrupted: java.lang.InterruptedException: sleep interrupted
2019-10-23 12:36:59,669 [grpc-default-executor-0] INFO  impl.RoleInfo (RoleInfo.java:updateAndGet(143)) - daebe4f8-0ad9-4eb2-8ed7-3a8051847eb6: start FollowerState
2019-10-23 12:36:59,669 [grpc-default-executor-3] INFO  impl.RoleInfo (RoleInfo.java:shutdownFollowerState(121)) - 389d5540-641f-48c2-a9df-60738dbad976: shutdown FollowerState
2019-10-23 12:36:59,669 [grpc-default-executor-3] INFO  impl.RoleInfo (RoleInfo.java:updateAndGet(143)) - 389d5540-641f-48c2-a9df-60738dbad976: start FollowerState
2019-10-23 12:36:59,669 [Thread-2820] INFO  impl.FollowerState (FollowerState.java:run(117)) - 389d5540-641f-48c2-a9df-60738dbad976@group-AF49A4A4CA2A-FollowerState was interrupted: java.lang.InterruptedException: sleep interrupted
2019-10-23 12:36:59,684 [279bca68-3e74-4690-81cf-da5ab79b92f7@group-AF49A4A4CA2A-LeaderElection390] INFO  impl.LeaderElection (LeaderElection.java:logAndReturn(56)) - 279bca68-3e74-4690-81cf-da5ab79b92f7@group-AF49A4A4CA2A-LeaderElection390: Election REJECTED; received 2 response(s) [279bca68-3e74-4690-81cf-da5ab79b92f7<-daebe4f8-0ad9-4eb2-8ed7-3a8051847eb6#0:FAIL-t426, 279bca68-3e74-4690-81cf-da5ab79b92f7<-389d5540-641f-48c2-a9df-60738dbad976#0:FAIL-t426] and 0 exception(s); 279bca68-3e74-4690-81cf-da5ab79b92f7@group-AF49A4A4CA2A:t426, leader=null, voted=279bca68-3e74-4690-81cf-da5ab79b92f7, raftlog=279bca68-3e74-4690-81cf-da5ab79b92f7@group-AF49A4A4CA2A-SegmentedRaftLog:OPENED:c-1,f-1,i0, conf=-1: [daebe4f8-0ad9-4eb2-8ed7-3a8051847eb6:192.168.69.118:44860, 389d5540-641f-48c2-a9df-60738dbad976:192.168.69.118:45712, 279bca68-3e74-4690-81cf-da5ab79b92f7:192.168.69.118:45510], old=null
2019-10-23 12:36:59,684 [279bca68-3e74-4690-81cf-da5ab79b92f7@group-AF49A4A4CA2A-LeaderElection390] INFO  impl.RaftServerImpl (RaftServerImpl.java:setRole(184)) - 279bca68-3e74-4690-81cf-da5ab79b92f7@group-AF49A4A4CA2A: changes role from CANDIDATE to FOLLOWER at term 426 for DISCOVERED_A_NEW_TERM
2019-10-23 12:36:59,684 [279bca68-3e74-4690-81cf-da5ab79b92f7@group-AF49A4A4CA2A-LeaderElection390] INFO  impl.RoleInfo (RoleInfo.java:shutdownLeaderElection(134)) - 279bca68-3e74-4690-81cf-da5ab79b92f7: shutdown LeaderElection
2019-10-23 12:36:59,684 [279bca68-3e74-4690-81cf-da5ab79b92f7@group-AF49A4A4CA2A-LeaderElection390] INFO  impl.RoleInfo (RoleInfo.java:updateAndGet(143)) - 279bca68-3e74-4690-81cf-da5ab79b92f7: start FollowerState
2019-10-23 12:36:59,697 [Thread-2828] INFO  impl.FollowerState (FollowerState.java:run(108)) - 279bca68-3e74-4690-81cf-da5ab79b92f7@group-AF49A4A4CA2A-FollowerState: change to CANDIDATE, lastRpcTime:12ms, electionTimeout:12ms
2019-10-23 12:36:59,697 [Thread-2828] INFO  impl.RoleInfo (RoleInfo.java:shutdownFollowerState(121)) - 279bca68-3e74-4690-81cf-da5ab79b92f7: shutdown FollowerState
2019-10-23 12:36:59,697 [Thread-2828] INFO  impl.RaftServerImpl (RaftServerImpl.java:setRole(184)) - 279bca68-3e74-4690-81cf-da5ab79b92f7@group-AF49A4A4CA2A: changes role from  FOLLOWER to CANDIDATE at term 426 for changeToCandidate
2019-10-23 12:36:59,697 [Thread-2828] INFO  impl.RoleInfo (RoleInfo.java:updateAndGet(143)) - 279bca68-3e74-4690-81cf-da5ab79b92f7: start LeaderElection
2019-10-23 12:36:59,714 [279bca68-3e74-4690-81cf-da5ab79b92f7@group-AF49A4A4CA2A-LeaderElection391] INFO  impl.LeaderElection (LeaderElection.java:askForVotes(178)) - 279bca68-3e74-4690-81cf-da5ab79b92f7@group-AF49A4A4CA2A-LeaderElection391: begin an election at term 427 for -1: [daebe4f8-0ad9-4eb2-8ed7-3a8051847eb6:192.168.69.118:44860, 389d5540-641f-48c2-a9df-60738dbad976:192.168.69.118:45712, 279bca68-3e74-4690-81cf-da5ab79b92f7:192.168.69.118:45510], old=null
2019-10-23 12:36:59,716 [grpc-default-executor-3] INFO  impl.RaftServerImpl (RaftServerImpl.java:setRole(184)) - daebe4f8-0ad9-4eb2-8ed7-3a8051847eb6@group-AF49A4A4CA2A: changes role from  FOLLOWER to FOLLOWER at term 427 for recognizeCandidate:279bca68-3e74-4690-81cf-da5ab79b92f7
2019-10-23 12:36:59,716 [grpc-default-executor-3] INFO  impl.RoleInfo (RoleInfo.java:shutdownFollowerState(121)) - daebe4f8-0ad9-4eb2-8ed7-3a8051847eb6: shutdown FollowerState
2019-10-23 12:36:59,716 [grpc-default-executor-3] INFO  impl.RoleInfo (RoleInfo.java:updateAndGet(143)) - daebe4f8-0ad9-4eb2-8ed7-3a8051847eb6: start FollowerState
2019-10-23 12:36:59,716 [Thread-2826] INFO  impl.FollowerState (FollowerState.java:run(117)) - daebe4f8-0ad9-4eb2-8ed7-3a8051847eb6@group-AF49A4A4CA2A-FollowerState was interrupted: java.lang.InterruptedException: sleep interrupted
2019-10-23 12:36:59,716 [grpc-default-executor-0] INFO  impl.RaftServerImpl (RaftServerImpl.java:setRole(184)) - 389d5540-641f-48c2-a9df-60738dbad976@group-AF49A4A4CA2A: changes role from  FOLLOWER to FOLLOWER at term 427 for recognizeCandidate:279bca68-3e74-4690-81cf-da5ab79b92f7
2019-10-23 12:36:59,716 [grpc-default-executor-0] INFO  impl.RoleInfo (RoleInfo.java:shutdownFollowerState(121)) - 389d5540-641f-48c2-a9df-60738dbad976: shutdown FollowerState
2019-10-23 12:36:59,717 [grpc-default-executor-0] INFO  impl.RoleInfo (RoleInfo.java:updateAndGet(143)) - 389d5540-641f-48c2-a9df-60738dbad976: start FollowerState
2019-10-23 12:36:59,717 [Thread-2827] INFO  impl.FollowerState (FollowerState.java:run(117)) - 389d5540-641f-48c2-a9df-60738dbad976@group-AF49A4A4CA2A-FollowerState was interrupted: java.lang.InterruptedException: sleep interrupted
2019-10-23 12:36:59,740 [279bca68-3e74-4690-81cf-da5ab79b92f7@group-AF49A4A4CA2A-LeaderElection391] INFO  impl.LeaderElection (LeaderElection.java:logAndReturn(56)) - 279bca68-3e74-4690-81cf-da5ab79b92f7@group-AF49A4A4CA2A-LeaderElection391: Election REJECTED; received 2 response(s) [279bca68-3e74-4690-81cf-da5ab79b92f7<-daebe4f8-0ad9-4eb2-8ed7-3a8051847eb6#0:FAIL-t427, 279bca68-3e74-4690-81cf-da5ab79b92f7<-389d5540-641f-48c2-a9df-60738dbad976#0:FAIL-t427] and 0 exception(s); 279bca68-3e74-4690-81cf-da5ab79b92f7@group-AF49A4A4CA2A:t427, leader=null, voted=279bca68-3e74-4690-81cf-da5ab79b92f7, raftlog=279bca68-3e74-4690-81cf-da5ab79b92f7@group-AF49A4A4CA2A-SegmentedRaftLog:OPENED:c-1,f-1,i0, conf=-1: [daebe4f8-0ad9-4eb2-8ed7-3a8051847eb6:192.168.69.118:44860, 389d5540-641f-48c2-a9df-60738dbad976:192.168.69.118:45712, 279bca68-3e74-4690-81cf-da5ab79b92f7:192.168.69.118:45510], old=null
2019-10-23 12:36:59,740 [279bca68-3e74-4690-81cf-da5ab79b92f7@group-AF49A4A4CA2A-LeaderElection391] INFO  impl.RaftServerImpl (RaftServerImpl.java:setRole(184)) - 279bca68-3e74-4690-81cf-da5ab79b92f7@group-AF49A4A4CA2A: changes role from CANDIDATE to FOLLOWER at term 427 for DISCOVERED_A_NEW_TERM
2019-10-23 12:36:59,741 [279bca68-3e74-4690-81cf-da5ab79b92f7@group-AF49A4A4CA2A-LeaderElection391] INFO  impl.RoleInfo (RoleInfo.java:shutdownLeaderElection(134)) - 279bca68-3e74-4690-81cf-da5ab79b92f7: shutdown LeaderElection
2019-10-23 12:36:59,741 [279bca68-3e74-4690-81cf-da5ab79b92f7@group-AF49A4A4CA2A-LeaderElection391] INFO  impl.RoleInfo (RoleInfo.java:updateAndGet(143)) - 279bca68-3e74-4690-81cf-da5ab79b92f7: start FollowerState
2019-10-23 12:36:59,741 [Thread-2836] INFO  impl.FollowerState (FollowerState.java:run(108)) - 279bca68-3e74-4690-81cf-da5ab79b92f7@group-AF49A4A4CA2A-FollowerState: change to CANDIDATE, lastRpcTime:0ms, electionTimeout:0ms
2019-10-23 12:36:59,741 [Thread-2836] INFO  impl.RoleInfo (RoleInfo.java:shutdownFollowerState(121)) - 279bca68-3e74-4690-81cf-da5ab79b92f7: shutdown FollowerState
2019-10-23 12:36:59,741 [Thread-2836] INFO  impl.RaftServerImpl (RaftServerImpl.java:setRole(184)) - 279bca68-3e74-4690-81cf-da5ab79b92f7@group-AF49A4A4CA2A: changes role from  FOLLOWER to CANDIDATE at term 427 for changeToCandidate
2019-10-23 12:36:59,741 [Thread-2836] INFO  impl.RoleInfo (RoleInfo.java:updateAndGet(143)) - 279bca68-3e74-4690-81cf-da5ab79b92f7: start LeaderElection
2019-10-23 12:36:59,756 [279bca68-3e74-4690-81cf-da5ab79b92f7@group-AF49A4A4CA2A-LeaderElection392] INFO  impl.LeaderElection (LeaderElection.java:askForVotes(178)) - 279bca68-3e74-4690-81cf-da5ab79b92f7@group-AF49A4A4CA2A-LeaderElection392: begin an election at term 428 for -1: [daebe4f8-0ad9-4eb2-8ed7-3a8051847eb6:192.168.69.118:44860, 389d5540-641f-48c2-a9df-60738dbad976:192.168.69.118:45712, 279bca68-3e74-4690-81cf-da5ab79b92f7:192.168.69.118:45510], old=null
2019-10-23 12:36:59,758 [grpc-default-executor-0] INFO  impl.RaftServerImpl (RaftServerImpl.java:setRole(184)) - daebe4f8-0ad9-4eb2-8ed7-3a8051847eb6@group-AF49A4A4CA2A: changes role from  FOLLOWER to FOLLOWER at term 428 for recognizeCandidate:279bca68-3e74-4690-81cf-da5ab79b92f7
2019-10-23 12:36:59,758 [grpc-default-executor-0] INFO  impl.RoleInfo (RoleInfo.java:shutdownFollowerState(121)) - daebe4f8-0ad9-4eb2-8ed7-3a8051847eb6: shutdown FollowerState
2019-10-23 12:36:59,758 [grpc-default-executor-3] INFO  impl.RaftServerImpl (RaftServerImpl.java:setRole(184)) - 389d5540-641f-48c2-a9df-60738dbad976@group-AF49A4A4CA2A: changes role from  FOLLOWER to FOLLOWER at term 428 for recognizeCandidate:279bca68-3e74-4690-81cf-da5ab79b92f7
2019-10-23 12:36:59,758 [grpc-default-executor-3] INFO  impl.RoleInfo (RoleInfo.java:shutdownFollowerState(121)) - 389d5540-641f-48c2-a9df-60738dbad976: shutdown FollowerState
2019-10-23 12:36:59,758 [Thread-2834] INFO  impl.FollowerState (FollowerState.java:run(117)) - daebe4f8-0ad9-4eb2-8ed7-3a8051847eb6@group-AF49A4A4CA2A-FollowerState was interrupted: java.lang.InterruptedException: sleep interrupted
2019-10-23 12:36:59,758 [grpc-default-executor-0] INFO  impl.RoleInfo (RoleInfo.java:updateAndGet(143)) - daebe4f8-0ad9-4eb2-8ed7-3a8051847eb6: start FollowerState
2019-10-23 12:36:59,758 [Thread-2835] INFO  impl.FollowerState (FollowerState.java:run(117)) - 389d5540-641f-48c2-a9df-60738dbad976@group-AF49A4A4CA2A-FollowerState was interrupted: java.lang.InterruptedException: sleep interrupted
2019-10-23 12:36:59,758 [grpc-default-executor-3] INFO  impl.RoleInfo (RoleInfo.java:updateAndGet(143)) - 389d5540-641f-48c2-a9df-60738dbad976: start FollowerState
2019-10-23 12:36:59,784 [279bca68-3e74-4690-81cf-da5ab79b92f7@group-AF49A4A4CA2A-LeaderElection392] INFO  impl.LeaderElection (LeaderElection.java:logAndReturn(56)) - 279bca68-3e74-4690-81cf-da5ab79b92f7@group-AF49A4A4CA2A-LeaderElection392: Election REJECTED; received 2 response(s) [279bca68-3e74-4690-81cf-da5ab79b92f7<-daebe4f8-0ad9-4eb2-8ed7-3a8051847eb6#0:FAIL-t428, 279bca68-3e74-4690-81cf-da5ab79b92f7<-389d5540-641f-48c2-a9df-60738dbad976#0:FAIL-t428] and 0 exception(s); 279bca68-3e74-4690-81cf-da5ab79b92f7@group-AF49A4A4CA2A:t428, leader=null, voted=279bca68-3e74-4690-81cf-da5ab79b92f7, raftlog=279bca68-3e74-4690-81cf-da5ab79b92f7@group-AF49A4A4CA2A-SegmentedRaftLog:OPENED:c-1,f-1,i0, conf=-1: [daebe4f8-0ad9-4eb2-8ed7-3a8051847eb6:192.168.69.118:44860, 389d5540-641f-48c2-a9df-60738dbad976:192.168.69.118:45712, 279bca68-3e74-4690-81cf-da5ab79b92f7:192.168.69.118:45510], old=null
2019-10-23 12:36:59,784 [279bca68-3e74-4690-81cf-da5ab79b92f7@group-AF49A4A4CA2A-LeaderElection392] INFO  impl.RaftServerImpl (RaftServerImpl.java:setRole(184)) - 279bca68-3e74-4690-81cf-da5ab79b92f7@group-AF49A4A4CA2A: changes role from CANDIDATE to FOLLOWER at term 428 for DISCOVERED_A_NEW_TERM
2019-10-23 12:36:59,784 [279bca68-3e74-4690-81cf-da5ab79b92f7@group-AF49A4A4CA2A-LeaderElection392] INFO  impl.RoleInfo (RoleInfo.java:shutdownLeaderElection(134)) - 279bca68-3e74-4690-81cf-da5ab79b92f7: shutdown LeaderElection
2019-10-23 12:36:59,785 [279bca68-3e74-4690-81cf-da5ab79b92f7@group-AF49A4A4CA2A-LeaderElection392] INFO  impl.RoleInfo (RoleInfo.java:updateAndGet(143)) - 279bca68-3e74-4690-81cf-da5ab79b92f7: start FollowerState
2019-10-23 12:36:59,894 [Thread-2842] INFO  impl.FollowerState (FollowerState.java:run(108)) - 279bca68-3e74-4690-81cf-da5ab79b92f7@group-AF49A4A4CA2A-FollowerState: change to CANDIDATE, lastRpcTime:109ms, electionTimeout:109ms
2019-10-23 12:36:59,894 [Thread-2842] INFO  impl.RoleInfo (RoleInfo.java:shutdownFollowerState(121)) - 279bca68-3e74-4690-81cf-da5ab79b92f7: shutdown FollowerState
2019-10-23 12:36:59,894 [Thread-2842] INFO  impl.RaftServerImpl (RaftServerImpl.java:setRole(184)) - 279bca68-3e74-4690-81cf-da5ab79b92f7@group-AF49A4A4CA2A: changes role from  FOLLOWER to CANDIDATE at term 428 for changeToCandidate
2019-10-23 12:36:59,894 [Thread-2842] INFO  impl.RoleInfo (RoleInfo.java:updateAndGet(143)) - 279bca68-3e74-4690-81cf-da5ab79b92f7: start LeaderElection
2019-10-23 12:36:59,917 [279bca68-3e74-4690-81cf-da5ab79b92f7@group-AF49A4A4CA2A-LeaderElection393] INFO  impl.LeaderElection (LeaderElection.java:askForVotes(178)) - 279bca68-3e74-4690-81cf-da5ab79b92f7@group-AF49A4A4CA2A-LeaderElection393: begin an election at term 429 for -1: [daebe4f8-0ad9-4eb2-8ed7-3a8051847eb6:192.168.69.118:44860, 389d5540-641f-48c2-a9df-60738dbad976:192.168.69.118:45712, 279bca68-3e74-4690-81cf-da5ab79b92f7:192.168.69.118:45510], old=null
2019-10-23 12:36:59,919 [grpc-default-executor-0] INFO  impl.RaftServerImpl (RaftServerImpl.java:setRole(184)) - daebe4f8-0ad9-4eb2-8ed7-3a8051847eb6@group-AF49A4A4CA2A: changes role from  FOLLOWER to FOLLOWER at term 429 for recognizeCandidate:279bca68-3e74-4690-81cf-da5ab79b92f7
2019-10-23 12:36:59,919 [grpc-default-executor-0] INFO  impl.RoleInfo (RoleInfo.java:shutdownFollowerState(121)) - daebe4f8-0ad9-4eb2-8ed7-3a8051847eb6: shutdown FollowerState
2019-10-23 12:36:59,919 [grpc-default-executor-3] INFO  impl.RaftServerImpl (RaftServerImpl.java:setRole(184)) - 389d5540-641f-48c2-a9df-60738dbad976@group-AF49A4A4CA2A: changes role from  FOLLOWER to FOLLOWER at term 429 for recognizeCandidate:279bca68-3e74-4690-81cf-da5ab79b92f7
2019-10-23 12:36:59,920 [grpc-default-executor-3] INFO  impl.RoleInfo (RoleInfo.java:shutdownFollowerState(121)) - 389d5540-641f-48c2-a9df-60738dbad976: shutdown FollowerState
2019-10-23 12:36:59,920 [Thread-2840] INFO  impl.FollowerState (FollowerState.java:run(117)) - daebe4f8-0ad9-4eb2-8ed7-3a8051847eb6@group-AF49A4A4CA2A-FollowerState was interrupted: java.lang.InterruptedException: sleep interrupted
2019-10-23 12:36:59,920 [Thread-2841] INFO  impl.FollowerState (FollowerState.java:run(117)) - 389d5540-641f-48c2-a9df-60738dbad976@group-AF49A4A4CA2A-FollowerState was interrupted: java.lang.InterruptedException: sleep interrupted
2019-10-23 12:36:59,920 [grpc-default-executor-0] INFO  impl.RoleInfo (RoleInfo.java:updateAndGet(143)) - daebe4f8-0ad9-4eb2-8ed7-3a8051847eb6: start FollowerState
2019-10-23 12:36:59,920 [grpc-default-executor-3] INFO  impl.RoleInfo (RoleInfo.java:updateAndGet(143)) - 389d5540-641f-48c2-a9df-60738dbad976: start FollowerState
2019-10-23 12:36:59,936 [279bca68-3e74-4690-81cf-da5ab79b92f7@group-AF49A4A4CA2A-LeaderElection393] INFO  impl.LeaderElection (LeaderElection.java:logAndReturn(56)) - 279bca68-3e74-4690-81cf-da5ab79b92f7@group-AF49A4A4CA2A-LeaderElection393: Election REJECTED; received 2 response(s) [279bca68-3e74-4690-81cf-da5ab79b92f7<-daebe4f8-0ad9-4eb2-8ed7-3a8051847eb6#0:FAIL-t429, 279bca68-3e74-4690-81cf-da5ab79b92f7<-389d5540-641f-48c2-a9df-60738dbad976#0:FAIL-t429] and 0 exception(s); 279bca68-3e74-4690-81cf-da5ab79b92f7@group-AF49A4A4CA2A:t429, leader=null, voted=279bca68-3e74-4690-81cf-da5ab79b92f7, raftlog=279bca68-3e74-4690-81cf-da5ab79b92f7@group-AF49A4A4CA2A-SegmentedRaftLog:OPENED:c-1,f-1,i0, conf=-1: [daebe4f8-0ad9-4eb2-8ed7-3a8051847eb6:192.168.69.118:44860, 389d5540-641f-48c2-a9df-60738dbad976:192.168.69.118:45712, 279bca68-3e74-4690-81cf-da5ab79b92f7:192.168.69.118:45510], old=null
2019-10-23 12:36:59,936 [279bca68-3e74-4690-81cf-da5ab79b92f7@group-AF49A4A4CA2A-LeaderElection393] INFO  impl.RaftServerImpl (RaftServerImpl.java:setRole(184)) - 279bca68-3e74-4690-81cf-da5ab79b92f7@group-AF49A4A4CA2A: changes role from CANDIDATE to FOLLOWER at term 429 for DISCOVERED_A_NEW_TERM
2019-10-23 12:36:59,936 [279bca68-3e74-4690-81cf-da5ab79b92f7@group-AF49A4A4CA2A-LeaderElection393] INFO  impl.RoleInfo (RoleInfo.java:shutdownLeaderElection(134)) - 279bca68-3e74-4690-81cf-da5ab79b92f7: shutdown LeaderElection
2019-10-23 12:36:59,936 [279bca68-3e74-4690-81cf-da5ab79b92f7@group-AF49A4A4CA2A-LeaderElection393] INFO  impl.RoleInfo (RoleInfo.java:updateAndGet(143)) - 279bca68-3e74-4690-81cf-da5ab79b92f7: start FollowerState
2019-10-23 12:36:59,952 [Thread-2849] INFO  impl.FollowerState (FollowerState.java:run(108)) - 279bca68-3e74-4690-81cf-da5ab79b92f7@group-AF49A4A4CA2A-FollowerState: change to CANDIDATE, lastRpcTime:16ms, electionTimeout:16ms
2019-10-23 12:36:59,952 [Thread-2849] INFO  impl.RoleInfo (RoleInfo.java:shutdownFollowerState(121)) - 279bca68-3e74-4690-81cf-da5ab79b92f7: shutdown FollowerState
2019-10-23 12:36:59,953 [Thread-2849] INFO  impl.RaftServerImpl (RaftServerImpl.java:setRole(184)) - 279bca68-3e74-4690-81cf-da5ab79b92f7@group-AF49A4A4CA2A: changes role from  FOLLOWER to CANDIDATE at term 429 for changeToCandidate
2019-10-23 12:36:59,953 [Thread-2849] INFO  impl.RoleInfo (RoleInfo.java:updateAndGet(143)) - 279bca68-3e74-4690-81cf-da5ab79b92f7: start LeaderElection
2019-10-23 12:36:59,969 [279bca68-3e74-4690-81cf-da5ab79b92f7@group-AF49A4A4CA2A-LeaderElection394] INFO  impl.LeaderElection (LeaderElection.java:askForVotes(178)) - 279bca68-3e74-4690-81cf-da5ab79b92f7@group-AF49A4A4CA2A-LeaderElection394: begin an election at term 430 for -1: [daebe4f8-0ad9-4eb2-8ed7-3a8051847eb6:192.168.69.118:44860, 389d5540-641f-48c2-a9df-60738dbad976:192.168.69.118:45712, 279bca68-3e74-4690-81cf-da5ab79b92f7:192.168.69.118:45510], old=null
2019-10-23 12:36:59,971 [grpc-default-executor-3] INFO  impl.RaftServerImpl (RaftServerImpl.java:setRole(184)) - daebe4f8-0ad9-4eb2-8ed7-3a8051847eb6@group-AF49A4A4CA2A: changes role from  FOLLOWER to FOLLOWER at term 430 for recognizeCandidate:279bca68-3e74-4690-81cf-da5ab79b92f7
2019-10-23 12:36:59,971 [grpc-default-executor-3] INFO  impl.RoleInfo (RoleInfo.java:shutdownFollowerState(121)) - daebe4f8-0ad9-4eb2-8ed7-3a8051847eb6: shutdown FollowerState
2019-10-23 12:36:59,971 [grpc-default-executor-3] INFO  impl.RoleInfo (RoleInfo.java:updateAndGet(143)) - daebe4f8-0ad9-4eb2-8ed7-3a8051847eb6: start FollowerState
2019-10-23 12:36:59,971 [grpc-default-executor-0] INFO  impl.RaftServerImpl (RaftServerImpl.java:setRole(184)) - 389d5540-641f-48c2-a9df-60738dbad976@group-AF49A4A4CA2A: changes role from  FOLLOWER to FOLLOWER at term 430 for recognizeCandidate:279bca68-3e74-4690-81cf-da5ab79b92f7
2019-10-23 12:36:59,971 [Thread-2847] INFO  impl.FollowerState (FollowerState.java:run(117)) - daebe4f8-0ad9-4eb2-8ed7-3a8051847eb6@group-AF49A4A4CA2A-FollowerState was interrupted: java.lang.InterruptedException: sleep interrupted
2019-10-23 12:36:59,971 [grpc-default-executor-0] INFO  impl.RoleInfo (RoleInfo.java:shutdownFollowerState(121)) - 389d5540-641f-48c2-a9df-60738dbad976: shutdown FollowerState
2019-10-23 12:36:59,971 [grpc-default-executor-0] INFO  impl.RoleInfo (RoleInfo.java:updateAndGet(143)) - 389d5540-641f-48c2-a9df-60738dbad976: start FollowerState
2019-10-23 12:36:59,971 [Thread-2848] INFO  impl.FollowerState (FollowerState.java:run(117)) - 389d5540-641f-48c2-a9df-60738dbad976@group-AF49A4A4CA2A-FollowerState was interrupted: java.lang.InterruptedException: sleep interrupted
2019-10-23 12:36:59,975 [279bca68-3e74-4690-81cf-da5ab79b92f7@group-AF49A4A4CA2A-LeaderElection394] INFO  impl.LeaderElection (LeaderElection.java:logAndReturn(56)) - 279bca68-3e74-4690-81cf-da5ab79b92f7@group-AF49A4A4CA2A-LeaderElection394: Election REJECTED; received 2 response(s) [279bca68-3e74-4690-81cf-da5ab79b92f7<-daebe4f8-0ad9-4eb2-8ed7-3a8051847eb6#0:FAIL-t430, 279bca68-3e74-4690-81cf-da5ab79b92f7<-389d5540-641f-48c2-a9df-60738dbad976#0:FAIL-t430] and 0 exception(s); 279bca68-3e74-4690-81cf-da5ab79b92f7@group-AF49A4A4CA2A:t430, leader=null, voted=279bca68-3e74-4690-81cf-da5ab79b92f7, raftlog=279bca68-3e74-4690-81cf-da5ab79b92f7@group-AF49A4A4CA2A-SegmentedRaftLog:OPENED:c-1,f-1,i0, conf=-1: [daebe4f8-0ad9-4eb2-8ed7-3a8051847eb6:192.168.69.118:44860, 389d5540-641f-48c2-a9df-60738dbad976:192.168.69.118:45712, 279bca68-3e74-4690-81cf-da5ab79b92f7:192.168.69.118:45510], old=null
2019-10-23 12:36:59,976 [279bca68-3e74-4690-81cf-da5ab79b92f7@group-AF49A4A4CA2A-LeaderElection394] INFO  impl.RaftServerImpl (RaftServerImpl.java:setRole(184)) - 279bca68-3e74-4690-81cf-da5ab79b92f7@group-AF49A4A4CA2A: changes role from CANDIDATE to FOLLOWER at term 430 for DISCOVERED_A_NEW_TERM
2019-10-23 12:36:59,976 [279bca68-3e74-4690-81cf-da5ab79b92f7@group-AF49A4A4CA2A-LeaderElection394] INFO  impl.RoleInfo (RoleInfo.java:shutdownLeaderElection(134)) - 279bca68-3e74-4690-81cf-da5ab79b92f7: shutdown LeaderElection
2019-10-23 12:36:59,976 [279bca68-3e74-4690-81cf-da5ab79b92f7@group-AF49A4A4CA2A-LeaderElection394] INFO  impl.RoleInfo (RoleInfo.java:updateAndGet(143)) - 279bca68-3e74-4690-81cf-da5ab79b92f7: start FollowerState
2019-10-23 12:37:00,081 [Thread-2855] INFO  impl.FollowerState (FollowerState.java:run(108)) - 279bca68-3e74-4690-81cf-da5ab79b92f7@group-AF49A4A4CA2A-FollowerState: change to CANDIDATE, lastRpcTime:105ms, electionTimeout:105ms
2019-10-23 12:37:00,082 [Thread-2855] INFO  impl.RoleInfo (RoleInfo.java:shutdownFollowerState(121)) - 279bca68-3e74-4690-81cf-da5ab79b92f7: shutdown FollowerState
2019-10-23 12:37:00,082 [Thread-2855] INFO  impl.RaftServerImpl (RaftServerImpl.java:setRole(184)) - 279bca68-3e74-4690-81cf-da5ab79b92f7@group-AF49A4A4CA2A: changes role from  FOLLOWER to CANDIDATE at term 430 for changeToCandidate
2019-10-23 12:37:00,082 [Thread-2855] INFO  impl.RoleInfo (RoleInfo.java:updateAndGet(143)) - 279bca68-3e74-4690-81cf-da5ab79b92f7: start LeaderElection
2019-10-23 12:37:00,085 [279bca68-3e74-4690-81cf-da5ab79b92f7@group-AF49A4A4CA2A-LeaderElection395] INFO  impl.LeaderElection (LeaderElection.java:askForVotes(178)) - 279bca68-3e74-4690-81cf-da5ab79b92f7@group-AF49A4A4CA2A-LeaderElection395: begin an election at term 431 for -1: [daebe4f8-0ad9-4eb2-8ed7-3a8051847eb6:192.168.69.118:44860, 389d5540-641f-48c2-a9df-60738dbad976:192.168.69.118:45712, 279bca68-3e74-4690-81cf-da5ab79b92f7:192.168.69.118:45510], old=null
2019-10-23 12:37:00,086 [grpc-default-executor-3] INFO  impl.RaftServerImpl (RaftServerImpl.java:setRole(184)) - daebe4f8-0ad9-4eb2-8ed7-3a8051847eb6@group-AF49A4A4CA2A: changes role from  FOLLOWER to FOLLOWER at term 431 for recognizeCandidate:279bca68-3e74-4690-81cf-da5ab79b92f7
2019-10-23 12:37:00,086 [grpc-default-executor-3] INFO  impl.RoleInfo (RoleInfo.java:shutdownFollowerState(121)) - daebe4f8-0ad9-4eb2-8ed7-3a8051847eb6: shutdown FollowerState
2019-10-23 12:37:00,086 [grpc-default-executor-0] INFO  impl.RaftServerImpl (RaftServerImpl.java:setRole(184)) - 389d5540-641f-48c2-a9df-60738dbad976@group-AF49A4A4CA2A: changes role from  FOLLOWER to FOLLOWER at term 431 for recognizeCandidate:279bca68-3e74-4690-81cf-da5ab79b92f7
2019-10-23 12:37:00,087 [grpc-default-executor-0] INFO  impl.RoleInfo (RoleInfo.java:shutdownFollowerState(121)) - 389d5540-641f-48c2-a9df-60738dbad976: shutdown FollowerState
2019-10-23 12:37:00,086 [Thread-2853] INFO  impl.FollowerState (FollowerState.java:run(117)) - daebe4f8-0ad9-4eb2-8ed7-3a8051847eb6@group-AF49A4A4CA2A-FollowerState was interrupted: java.lang.InterruptedException: sleep interrupted
2019-10-23 12:37:00,087 [Thread-2854] INFO  impl.FollowerState (FollowerState.java:run(117)) - 389d5540-641f-48c2-a9df-60738dbad976@group-AF49A4A4CA2A-FollowerState was interrupted: java.lang.InterruptedException: sleep interrupted
2019-10-23 12:37:00,086 [grpc-default-executor-3] INFO  impl.RoleInfo (RoleInfo.java:updateAndGet(143)) - daebe4f8-0ad9-4eb2-8ed7-3a8051847eb6: start FollowerState
2019-10-23 12:37:00,087 [grpc-default-executor-0] INFO  impl.RoleInfo (RoleInfo.java:updateAndGet(143)) - 389d5540-641f-48c2-a9df-60738dbad976: start FollowerState
2019-10-23 12:37:00,101 [279bca68-3e74-4690-81cf-da5ab79b92f7@group-AF49A4A4CA2A-LeaderElection395] INFO  impl.LeaderElection (LeaderElection.java:logAndReturn(56)) - 279bca68-3e74-4690-81cf-da5ab79b92f7@group-AF49A4A4CA2A-LeaderElection395: Election REJECTED; received 2 response(s) [279bca68-3e74-4690-81cf-da5ab79b92f7<-daebe4f8-0ad9-4eb2-8ed7-3a8051847eb6#0:FAIL-t431, 279bca68-3e74-4690-81cf-da5ab79b92f7<-389d5540-641f-48c2-a9df-60738dbad976#0:FAIL-t431] and 0 exception(s); 279bca68-3e74-4690-81cf-da5ab79b92f7@group-AF49A4A4CA2A:t431, leader=null, voted=279bca68-3e74-4690-81cf-da5ab79b92f7, raftlog=279bca68-3e74-4690-81cf-da5ab79b92f7@group-AF49A4A4CA2A-SegmentedRaftLog:OPENED:c-1,f-1,i0, conf=-1: [daebe4f8-0ad9-4eb2-8ed7-3a8051847eb6:192.168.69.118:44860, 389d5540-641f-48c2-a9df-60738dbad976:192.168.69.118:45712, 279bca68-3e74-4690-81cf-da5ab79b92f7:192.168.69.118:45510], old=null
2019-10-23 12:37:00,101 [279bca68-3e74-4690-81cf-da5ab79b92f7@group-AF49A4A4CA2A-LeaderElection395] INFO  impl.RaftServerImpl (RaftServerImpl.java:setRole(184)) - 279bca68-3e74-4690-81cf-da5ab79b92f7@group-AF49A4A4CA2A: changes role from CANDIDATE to FOLLOWER at term 431 for DISCOVERED_A_NEW_TERM
2019-10-23 12:37:00,101 [279bca68-3e74-4690-81cf-da5ab79b92f7@group-AF49A4A4CA2A-LeaderElection395] INFO  impl.RoleInfo (RoleInfo.java:shutdownLeaderElection(134)) - 279bca68-3e74-4690-81cf-da5ab79b92f7: shutdown LeaderElection
2019-10-23 12:37:00,102 [279bca68-3e74-4690-81cf-da5ab79b92f7@group-AF49A4A4CA2A-LeaderElection395] INFO  impl.RoleInfo (RoleInfo.java:updateAndGet(143)) - 279bca68-3e74-4690-81cf-da5ab79b92f7: start FollowerState
2019-10-23 12:37:00,269 [Thread-2862] INFO  impl.FollowerState (FollowerState.java:run(108)) - 279bca68-3e74-4690-81cf-da5ab79b92f7@group-AF49A4A4CA2A-FollowerState: change to CANDIDATE, lastRpcTime:167ms, electionTimeout:167ms
2019-10-23 12:37:00,269 [Thread-2862] INFO  impl.RoleInfo (RoleInfo.java:shutdownFollowerState(121)) - 279bca68-3e74-4690-81cf-da5ab79b92f7: shutdown FollowerState
2019-10-23 12:37:00,269 [Thread-2862] INFO  impl.RaftServerImpl (RaftServerImpl.java:setRole(184)) - 279bca68-3e74-4690-81cf-da5ab79b92f7@group-AF49A4A4CA2A: changes role from  FOLLOWER to CANDIDATE at term 431 for changeToCandidate
2019-10-23 12:37:00,269 [Thread-2862] INFO  impl.RoleInfo (RoleInfo.java:updateAndGet(143)) - 279bca68-3e74-4690-81cf-da5ab79b92f7: start LeaderElection
2019-10-23 12:37:00,283 [279bca68-3e74-4690-81cf-da5ab79b92f7@group-AF49A4A4CA2A-LeaderElection396] INFO  impl.LeaderElection (LeaderElection.java:askForVotes(178)) - 279bca68-3e74-4690-81cf-da5ab79b92f7@group-AF49A4A4CA2A-LeaderElection396: begin an election at term 432 for -1: [daebe4f8-0ad9-4eb2-8ed7-3a8051847eb6:192.168.69.118:44860, 389d5540-641f-48c2-a9df-60738dbad976:192.168.69.118:45712, 279bca68-3e74-4690-81cf-da5ab79b92f7:192.168.69.118:45510], old=null
2019-10-23 12:37:00,285 [grpc-default-executor-3] INFO  impl.RaftServerImpl (RaftServerImpl.java:setRole(184)) - daebe4f8-0ad9-4eb2-8ed7-3a8051847eb6@group-AF49A4A4CA2A: changes role from  FOLLOWER to FOLLOWER at term 432 for recognizeCandidate:279bca68-3e74-4690-81cf-da5ab79b92f7
2019-10-23 12:37:00,285 [grpc-default-executor-0] INFO  impl.RaftServerImpl (RaftServerImpl.java:setRole(184)) - 389d5540-641f-48c2-a9df-60738dbad976@group-AF49A4A4CA2A: changes role from  FOLLOWER to FOLLOWER at term 432 for recognizeCandidate:279bca68-3e74-4690-81cf-da5ab79b92f7
2019-10-23 12:37:00,285 [grpc-default-executor-3] INFO  impl.RoleInfo (RoleInfo.java:shutdownFollowerState(121)) - daebe4f8-0ad9-4eb2-8ed7-3a8051847eb6: shutdown FollowerState
2019-10-23 12:37:00,286 [grpc-default-executor-0] INFO  impl.RoleInfo (RoleInfo.java:shutdownFollowerState(121)) - 389d5540-641f-48c2-a9df-60738dbad976: shutdown FollowerState
2019-10-23 12:37:00,286 [Thread-2860] INFO  impl.FollowerState (FollowerState.java:run(117)) - daebe4f8-0ad9-4eb2-8ed7-3a8051847eb6@group-AF49A4A4CA2A-FollowerState was interrupted: java.lang.InterruptedException: sleep interrupted
2019-10-23 12:37:00,286 [grpc-default-executor-3] INFO  impl.RoleInfo (RoleInfo.java:updateAndGet(143)) - daebe4f8-0ad9-4eb2-8ed7-3a8051847eb6: start FollowerState
2019-10-23 12:37:00,286 [Thread-2861] INFO  impl.FollowerState (FollowerState.java:run(117)) - 389d5540-641f-48c2-a9df-60738dbad976@group-AF49A4A4CA2A-FollowerState was interrupted: java.lang.InterruptedException: sleep interrupted
2019-10-23 12:37:00,286 [grpc-default-executor-0] INFO  impl.RoleInfo (RoleInfo.java:updateAndGet(143)) - 389d5540-641f-48c2-a9df-60738dbad976: start FollowerState
2019-10-23 12:37:00,301 [279bca68-3e74-4690-81cf-da5ab79b92f7@group-AF49A4A4CA2A-LeaderElection396] INFO  impl.LeaderElection (LeaderElection.java:logAndReturn(56)) - 279bca68-3e74-4690-81cf-da5ab79b92f7@group-AF49A4A4CA2A-LeaderElection396: Election REJECTED; received 2 response(s) [279bca68-3e74-4690-81cf-da5ab79b92f7<-daebe4f8-0ad9-4eb2-8ed7-3a8051847eb6#0:FAIL-t432, 279bca68-3e74-4690-81cf-da5ab79b92f7<-389d5540-641f-48c2-a9df-60738dbad976#0:FAIL-t432] and 0 exception(s); 279bca68-3e74-4690-81cf-da5ab79b92f7@group-AF49A4A4CA2A:t432, leader=null, voted=279bca68-3e74-4690-81cf-da5ab79b92f7, raftlog=279bca68-3e74-4690-81cf-da5ab79b92f7@group-AF49A4A4CA2A-SegmentedRaftLog:OPENED:c-1,f-1,i0, conf=-1: [daebe4f8-0ad9-4eb2-8ed7-3a8051847eb6:192.168.69.118:44860, 389d5540-641f-48c2-a9df-60738dbad976:192.168.69.118:45712, 279bca68-3e74-4690-81cf-da5ab79b92f7:192.168.69.118:45510], old=null
2019-10-23 12:37:00,301 [279bca68-3e74-4690-81cf-da5ab79b92f7@group-AF49A4A4CA2A-LeaderElection396] INFO  impl.RaftServerImpl (RaftServerImpl.java:setRole(184)) - 279bca68-3e74-4690-81cf-da5ab79b92f7@group-AF49A4A4CA2A: changes role from CANDIDATE to FOLLOWER at term 432 for DISCOVERED_A_NEW_TERM
2019-10-23 12:37:00,301 [279bca68-3e74-4690-81cf-da5ab79b92f7@group-AF49A4A4CA2A-LeaderElection396] INFO  impl.RoleInfo (RoleInfo.java:shutdownLeaderElection(134)) - 279bca68-3e74-4690-81cf-da5ab79b92f7: shutdown LeaderElection
2019-10-23 12:37:00,301 [279bca68-3e74-4690-81cf-da5ab79b92f7@group-AF49A4A4CA2A-LeaderElection396] INFO  impl.RoleInfo (RoleInfo.java:updateAndGet(143)) - 279bca68-3e74-4690-81cf-da5ab79b92f7: start FollowerState
2019-10-23 12:37:00,311 [Thread-2868] INFO  impl.FollowerState (FollowerState.java:run(108)) - 279bca68-3e74-4690-81cf-da5ab79b92f7@group-AF49A4A4CA2A-FollowerState: change to CANDIDATE, lastRpcTime:9ms, electionTimeout:9ms
2019-10-23 12:37:00,311 [Thread-2868] INFO  impl.RoleInfo (RoleInfo.java:shutdownFollowerState(121)) - 279bca68-3e74-4690-81cf-da5ab79b92f7: shutdown FollowerState
2019-10-23 12:37:00,311 [Thread-2868] INFO  impl.RaftServerImpl (RaftServerImpl.java:setRole(184)) - 279bca68-3e74-4690-81cf-da5ab79b92f7@group-AF49A4A4CA2A: changes role from  FOLLOWER to CANDIDATE at term 432 for changeToCandidate
2019-10-23 12:37:00,311 [Thread-2868] INFO  impl.RoleInfo (RoleInfo.java:updateAndGet(143)) - 279bca68-3e74-4690-81cf-da5ab79b92f7: start LeaderElection
2019-10-23 12:37:00,325 [279bca68-3e74-4690-81cf-da5ab79b92f7@group-AF49A4A4CA2A-LeaderElection397] INFO  impl.LeaderElection (LeaderElection.java:askForVotes(178)) - 279bca68-3e74-4690-81cf-da5ab79b92f7@group-AF49A4A4CA2A-LeaderElection397: begin an election at term 433 for -1: [daebe4f8-0ad9-4eb2-8ed7-3a8051847eb6:192.168.69.118:44860, 389d5540-641f-48c2-a9df-60738dbad976:192.168.69.118:45712, 279bca68-3e74-4690-81cf-da5ab79b92f7:192.168.69.118:45510], old=null
2019-10-23 12:37:00,326 [grpc-default-executor-3] INFO  impl.RaftServerImpl (RaftServerImpl.java:setRole(184)) - daebe4f8-0ad9-4eb2-8ed7-3a8051847eb6@group-AF49A4A4CA2A: changes role from  FOLLOWER to FOLLOWER at term 433 for recognizeCandidate:279bca68-3e74-4690-81cf-da5ab79b92f7
2019-10-23 12:37:00,326 [grpc-default-executor-3] INFO  impl.RoleInfo (RoleInfo.java:shutdownFollowerState(121)) - daebe4f8-0ad9-4eb2-8ed7-3a8051847eb6: shutdown FollowerState
2019-10-23 12:37:00,326 [grpc-default-executor-0] INFO  impl.RaftServerImpl (RaftServerImpl.java:setRole(184)) - 389d5540-641f-48c2-a9df-60738dbad976@group-AF49A4A4CA2A: changes role from  FOLLOWER to FOLLOWER at term 433 for recognizeCandidate:279bca68-3e74-4690-81cf-da5ab79b92f7
2019-10-23 12:37:00,326 [Thread-2866] INFO  impl.FollowerState (FollowerState.java:run(117)) - daebe4f8-0ad9-4eb2-8ed7-3a8051847eb6@group-AF49A4A4CA2A-FollowerState was interrupted: java.lang.InterruptedException: sleep interrupted
2019-10-23 12:37:00,326 [grpc-default-executor-3] INFO  impl.RoleInfo (RoleInfo.java:updateAndGet(143)) - daebe4f8-0ad9-4eb2-8ed7-3a8051847eb6: start FollowerState
2019-10-23 12:37:00,327 [grpc-default-executor-0] INFO  impl.RoleInfo (RoleInfo.java:shutdownFollowerState(121)) - 389d5540-641f-48c2-a9df-60738dbad976: shutdown FollowerState
2019-10-23 12:37:00,327 [grpc-default-executor-0] INFO  impl.RoleInfo (RoleInfo.java:updateAndGet(143)) - 389d5540-641f-48c2-a9df-60738dbad976: start FollowerState
2019-10-23 12:37:00,327 [Thread-2867] INFO  impl.FollowerState (FollowerState.java:run(117)) - 389d5540-641f-48c2-a9df-60738dbad976@group-AF49A4A4CA2A-FollowerState was interrupted: java.lang.InterruptedException: sleep interrupted
2019-10-23 12:37:00,343 [279bca68-3e74-4690-81cf-da5ab79b92f7@group-AF49A4A4CA2A-LeaderElection397] INFO  impl.LeaderElection (LeaderElection.java:logAndReturn(56)) - 279bca68-3e74-4690-81cf-da5ab79b92f7@group-AF49A4A4CA2A-LeaderElection397: Election REJECTED; received 2 response(s) [279bca68-3e74-4690-81cf-da5ab79b92f7<-daebe4f8-0ad9-4eb2-8ed7-3a8051847eb6#0:FAIL-t433, 279bca68-3e74-4690-81cf-da5ab79b92f7<-389d5540-641f-48c2-a9df-60738dbad976#0:FAIL-t433] and 0 exception(s); 279bca68-3e74-4690-81cf-da5ab79b92f7@group-AF49A4A4CA2A:t433, leader=null, voted=279bca68-3e74-4690-81cf-da5ab79b92f7, raftlog=279bca68-3e74-4690-81cf-da5ab79b92f7@group-AF49A4A4CA2A-SegmentedRaftLog:OPENED:c-1,f-1,i0, conf=-1: [daebe4f8-0ad9-4eb2-8ed7-3a8051847eb6:192.168.69.118:44860, 389d5540-641f-48c2-a9df-60738dbad976:192.168.69.118:45712, 279bca68-3e74-4690-81cf-da5ab79b92f7:192.168.69.118:45510], old=null
2019-10-23 12:37:00,343 [279bca68-3e74-4690-81cf-da5ab79b92f7@group-AF49A4A4CA2A-LeaderElection397] INFO  impl.RaftServerImpl (RaftServerImpl.java:setRole(184)) - 279bca68-3e74-4690-81cf-da5ab79b92f7@group-AF49A4A4CA2A: changes role from CANDIDATE to FOLLOWER at term 433 for DISCOVERED_A_NEW_TERM
2019-10-23 12:37:00,343 [279bca68-3e74-4690-81cf-da5ab79b92f7@group-AF49A4A4CA2A-LeaderElection397] INFO  impl.RoleInfo (RoleInfo.java:shutdownLeaderElection(134)) - 279bca68-3e74-4690-81cf-da5ab79b92f7: shutdown LeaderElection
2019-10-23 12:37:00,343 [279bca68-3e74-4690-81cf-da5ab79b92f7@group-AF49A4A4CA2A-LeaderElection397] INFO  impl.RoleInfo (RoleInfo.java:updateAndGet(143)) - 279bca68-3e74-4690-81cf-da5ab79b92f7: start FollowerState
2019-10-23 12:37:00,443 [Thread-2874] INFO  impl.FollowerState (FollowerState.java:run(108)) - 279bca68-3e74-4690-81cf-da5ab79b92f7@group-AF49A4A4CA2A-FollowerState: change to CANDIDATE, lastRpcTime:100ms, electionTimeout:100ms
2019-10-23 12:37:00,443 [Thread-2874] INFO  impl.RoleInfo (RoleInfo.java:shutdownFollowerState(121)) - 279bca68-3e74-4690-81cf-da5ab79b92f7: shutdown FollowerState
2019-10-23 12:37:00,444 [Thread-2874] INFO  impl.RaftServerImpl (RaftServerImpl.java:setRole(184)) - 279bca68-3e74-4690-81cf-da5ab79b92f7@group-AF49A4A4CA2A: changes role from  FOLLOWER to CANDIDATE at term 433 for changeToCandidate
2019-10-23 12:37:00,444 [Thread-2874] INFO  impl.RoleInfo (RoleInfo.java:updateAndGet(143)) - 279bca68-3e74-4690-81cf-da5ab79b92f7: start LeaderElection
2019-10-23 12:37:00,470 [279bca68-3e74-4690-81cf-da5ab79b92f7@group-AF49A4A4CA2A-LeaderElection398] INFO  impl.LeaderElection (LeaderElection.java:askForVotes(178)) - 279bca68-3e74-4690-81cf-da5ab79b92f7@group-AF49A4A4CA2A-LeaderElection398: begin an election at term 434 for -1: [daebe4f8-0ad9-4eb2-8ed7-3a8051847eb6:192.168.69.118:44860, 389d5540-641f-48c2-a9df-60738dbad976:192.168.69.118:45712, 279bca68-3e74-4690-81cf-da5ab79b92f7:192.168.69.118:45510], old=null
2019-10-23 12:37:00,471 [grpc-default-executor-3] INFO  impl.RaftServerImpl (RaftServerImpl.java:setRole(184)) - daebe4f8-0ad9-4eb2-8ed7-3a8051847eb6@group-AF49A4A4CA2A: changes role from  FOLLOWER to FOLLOWER at term 434 for recognizeCandidate:279bca68-3e74-4690-81cf-da5ab79b92f7
2019-10-23 12:37:00,471 [grpc-default-executor-3] INFO  impl.RoleInfo (RoleInfo.java:shutdownFollowerState(121)) - daebe4f8-0ad9-4eb2-8ed7-3a8051847eb6: shutdown FollowerState
2019-10-23 12:37:00,472 [grpc-default-executor-0] INFO  impl.RaftServerImpl (RaftServerImpl.java:setRole(184)) - 389d5540-641f-48c2-a9df-60738dbad976@group-AF49A4A4CA2A: changes role from  FOLLOWER to FOLLOWER at term 434 for recognizeCandidate:279bca68-3e74-4690-81cf-da5ab79b92f7
2019-10-23 12:37:00,472 [grpc-default-executor-0] INFO  impl.RoleInfo (RoleInfo.java:shutdownFollowerState(121)) - 389d5540-641f-48c2-a9df-60738dbad976: shutdown FollowerState
2019-10-23 12:37:00,472 [Thread-2872] INFO  impl.FollowerState (FollowerState.java:run(117)) - daebe4f8-0ad9-4eb2-8ed7-3a8051847eb6@group-AF49A4A4CA2A-FollowerState was interrupted: java.lang.InterruptedException: sleep interrupted
2019-10-23 12:37:00,472 [Thread-2873] INFO  impl.FollowerState (FollowerState.java:run(117)) - 389d5540-641f-48c2-a9df-60738dbad976@group-AF49A4A4CA2A-FollowerState was interrupted: java.lang.InterruptedException: sleep interrupted
2019-10-23 12:37:00,472 [grpc-default-executor-3] INFO  impl.RoleInfo (RoleInfo.java:updateAndGet(143)) - daebe4f8-0ad9-4eb2-8ed7-3a8051847eb6: start FollowerState
2019-10-23 12:37:00,472 [279bca68-3e74-4690-81cf-da5ab79b92f7@group-AF49A4A4CA2A-LeaderElection398] INFO  impl.LeaderElection (LeaderElection.java:logAndReturn(56)) - 279bca68-3e74-4690-81cf-da5ab79b92f7@group-AF49A4A4CA2A-LeaderElection398: Election TIMEOUT; received 0 response(s) [] and 0 exception(s); 279bca68-3e74-4690-81cf-da5ab79b92f7@group-AF49A4A4CA2A:t434, leader=null, voted=279bca68-3e74-4690-81cf-da5ab79b92f7, raftlog=279bca68-3e74-4690-81cf-da5ab79b92f7@group-AF49A4A4CA2A-SegmentedRaftLog:OPENED:c-1,f-1,i0, conf=-1: [daebe4f8-0ad9-4eb2-8ed7-3a8051847eb6:192.168.69.118:44860, 389d5540-641f-48c2-a9df-60738dbad976:192.168.69.118:45712, 279bca68-3e74-4690-81cf-da5ab79b92f7:192.168.69.118:45510], old=null
2019-10-23 12:37:00,472 [grpc-default-executor-0] INFO  impl.RoleInfo (RoleInfo.java:updateAndGet(143)) - 389d5540-641f-48c2-a9df-60738dbad976: start FollowerState
2019-10-23 12:37:00,486 [279bca68-3e74-4690-81cf-da5ab79b92f7@group-AF49A4A4CA2A-LeaderElection398] INFO  impl.LeaderElection (LeaderElection.java:askForVotes(178)) - 279bca68-3e74-4690-81cf-da5ab79b92f7@group-AF49A4A4CA2A-LeaderElection398: begin an election at term 435 for -1: [daebe4f8-0ad9-4eb2-8ed7-3a8051847eb6:192.168.69.118:44860, 389d5540-641f-48c2-a9df-60738dbad976:192.168.69.118:45712, 279bca68-3e74-4690-81cf-da5ab79b92f7:192.168.69.118:45510], old=null
2019-10-23 12:37:00,487 [grpc-default-executor-0] INFO  impl.RaftServerImpl (RaftServerImpl.java:setRole(184)) - daebe4f8-0ad9-4eb2-8ed7-3a8051847eb6@group-AF49A4A4CA2A: changes role from  FOLLOWER to FOLLOWER at term 435 for recognizeCandidate:279bca68-3e74-4690-81cf-da5ab79b92f7
2019-10-23 12:37:00,487 [grpc-default-executor-0] INFO  impl.RoleInfo (RoleInfo.java:shutdownFollowerState(121)) - daebe4f8-0ad9-4eb2-8ed7-3a8051847eb6: shutdown FollowerState
2019-10-23 12:37:00,487 [grpc-default-executor-3] INFO  impl.RaftServerImpl (RaftServerImpl.java:setRole(184)) - 389d5540-641f-48c2-a9df-60738dbad976@group-AF49A4A4CA2A: changes role from  FOLLOWER to FOLLOWER at term 435 for recognizeCandidate:279bca68-3e74-4690-81cf-da5ab79b92f7
2019-10-23 12:37:00,488 [grpc-default-executor-3] INFO  impl.RoleInfo (RoleInfo.java:shutdownFollowerState(121)) - 389d5540-641f-48c2-a9df-60738dbad976: shutdown FollowerState
2019-10-23 12:37:00,488 [Thread-2878] INFO  impl.FollowerState (FollowerState.java:run(117)) - daebe4f8-0ad9-4eb2-8ed7-3a8051847eb6@group-AF49A4A4CA2A-FollowerState was interrupted: java.lang.InterruptedException: sleep interrupted
2019-10-23 12:37:00,488 [grpc-default-executor-0] INFO  impl.RoleInfo (RoleInfo.java:updateAndGet(143)) - daebe4f8-0ad9-4eb2-8ed7-3a8051847eb6: start FollowerState
2019-10-23 12:37:00,488 [Thread-2879] INFO  impl.FollowerState (FollowerState.java:run(117)) - 389d5540-641f-48c2-a9df-60738dbad976@group-AF49A4A4CA2A-FollowerState was interrupted: java.lang.InterruptedException: sleep interrupted
2019-10-23 12:37:00,488 [grpc-default-executor-3] INFO  impl.RoleInfo (RoleInfo.java:updateAndGet(143)) - 389d5540-641f-48c2-a9df-60738dbad976: start FollowerState
2019-10-23 12:37:00,503 [279bca68-3e74-4690-81cf-da5ab79b92f7@group-AF49A4A4CA2A-LeaderElection398] INFO  impl.LeaderElection (LeaderElection.java:logAndReturn(56)) - 279bca68-3e74-4690-81cf-da5ab79b92f7@group-AF49A4A4CA2A-LeaderElection398: Election REJECTED; received 2 response(s) [279bca68-3e74-4690-81cf-da5ab79b92f7<-daebe4f8-0ad9-4eb2-8ed7-3a8051847eb6#0:FAIL-t435, 279bca68-3e74-4690-81cf-da5ab79b92f7<-389d5540-641f-48c2-a9df-60738dbad976#0:FAIL-t435] and 0 exception(s); 279bca68-3e74-4690-81cf-da5ab79b92f7@group-AF49A4A4CA2A:t435, leader=null, voted=279bca68-3e74-4690-81cf-da5ab79b92f7, raftlog=279bca68-3e74-4690-81cf-da5ab79b92f7@group-AF49A4A4CA2A-SegmentedRaftLog:OPENED:c-1,f-1,i0, conf=-1: [daebe4f8-0ad9-4eb2-8ed7-3a8051847eb6:192.168.69.118:44860, 389d5540-641f-48c2-a9df-60738dbad976:192.168.69.118:45712, 279bca68-3e74-4690-81cf-da5ab79b92f7:192.168.69.118:45510], old=null
2019-10-23 12:37:00,503 [279bca68-3e74-4690-81cf-da5ab79b92f7@group-AF49A4A4CA2A-LeaderElection398] INFO  impl.RaftServerImpl (RaftServerImpl.java:setRole(184)) - 279bca68-3e74-4690-81cf-da5ab79b92f7@group-AF49A4A4CA2A: changes role from CANDIDATE to FOLLOWER at term 435 for DISCOVERED_A_NEW_TERM
2019-10-23 12:37:00,504 [279bca68-3e74-4690-81cf-da5ab79b92f7@group-AF49A4A4CA2A-LeaderElection398] INFO  impl.RoleInfo (RoleInfo.java:shutdownLeaderElection(134)) - 279bca68-3e74-4690-81cf-da5ab79b92f7: shutdown LeaderElection
2019-10-23 12:37:00,504 [279bca68-3e74-4690-81cf-da5ab79b92f7@group-AF49A4A4CA2A-LeaderElection398] INFO  impl.RoleInfo (RoleInfo.java:updateAndGet(143)) - 279bca68-3e74-4690-81cf-da5ab79b92f7: start FollowerState
2019-10-23 12:37:00,668 [Thread-2884] INFO  impl.FollowerState (FollowerState.java:run(108)) - 279bca68-3e74-4690-81cf-da5ab79b92f7@group-AF49A4A4CA2A-FollowerState: change to CANDIDATE, lastRpcTime:164ms, electionTimeout:164ms
2019-10-23 12:37:00,668 [Thread-2884] INFO  impl.RoleInfo (RoleInfo.java:shutdownFollowerState(121)) - 279bca68-3e74-4690-81cf-da5ab79b92f7: shutdown FollowerState
2019-10-23 12:37:00,668 [Thread-2884] INFO  impl.RaftServerImpl (RaftServerImpl.java:setRole(184)) - 279bca68-3e74-4690-81cf-da5ab79b92f7@group-AF49A4A4CA2A: changes role from  FOLLOWER to CANDIDATE at term 435 for changeToCandidate
2019-10-23 12:37:00,668 [Thread-2884] INFO  impl.RoleInfo (RoleInfo.java:updateAndGet(143)) - 279bca68-3e74-4690-81cf-da5ab79b92f7: start LeaderElection
2019-10-23 12:37:00,684 [279bca68-3e74-4690-81cf-da5ab79b92f7@group-AF49A4A4CA2A-LeaderElection399] INFO  impl.LeaderElection (LeaderElection.java:askForVotes(178)) - 279bca68-3e74-4690-81cf-da5ab79b92f7@group-AF49A4A4CA2A-LeaderElection399: begin an election at term 436 for -1: [daebe4f8-0ad9-4eb2-8ed7-3a8051847eb6:192.168.69.118:44860, 389d5540-641f-48c2-a9df-60738dbad976:192.168.69.118:45712, 279bca68-3e74-4690-81cf-da5ab79b92f7:192.168.69.118:45510], old=null
2019-10-23 12:37:00,685 [grpc-default-executor-3] INFO  impl.RaftServerImpl (RaftServerImpl.java:setRole(184)) - daebe4f8-0ad9-4eb2-8ed7-3a8051847eb6@group-AF49A4A4CA2A: changes role from  FOLLOWER to FOLLOWER at term 436 for recognizeCandidate:279bca68-3e74-4690-81cf-da5ab79b92f7
2019-10-23 12:37:00,686 [grpc-default-executor-0] INFO  impl.RaftServerImpl (RaftServerImpl.java:setRole(184)) - 389d5540-641f-48c2-a9df-60738dbad976@group-AF49A4A4CA2A: changes role from  FOLLOWER to FOLLOWER at term 436 for recognizeCandidate:279bca68-3e74-4690-81cf-da5ab79b92f7
2019-10-23 12:37:00,686 [grpc-default-executor-0] INFO  impl.RoleInfo (RoleInfo.java:shutdownFollowerState(121)) - 389d5540-641f-48c2-a9df-60738dbad976: shutdown FollowerState
2019-10-23 12:37:00,686 [grpc-default-executor-3] INFO  impl.RoleInfo (RoleInfo.java:shutdownFollowerState(121)) - daebe4f8-0ad9-4eb2-8ed7-3a8051847eb6: shutdown FollowerState
2019-10-23 12:37:00,686 [Thread-2883] INFO  impl.FollowerState (FollowerState.java:run(117)) - 389d5540-641f-48c2-a9df-60738dbad976@group-AF49A4A4CA2A-FollowerState was interrupted: java.lang.InterruptedException: sleep interrupted
2019-10-23 12:37:00,686 [grpc-default-executor-0] INFO  impl.RoleInfo (RoleInfo.java:updateAndGet(143)) - 389d5540-641f-48c2-a9df-60738dbad976: start FollowerState
2019-10-23 12:37:00,686 [Thread-2882] INFO  impl.FollowerState (FollowerState.java:run(117)) - daebe4f8-0ad9-4eb2-8ed7-3a8051847eb6@group-AF49A4A4CA2A-FollowerState was interrupted: java.lang.InterruptedException: sleep interrupted
2019-10-23 12:37:00,686 [grpc-default-executor-3] INFO  impl.RoleInfo (RoleInfo.java:updateAndGet(143)) - daebe4f8-0ad9-4eb2-8ed7-3a8051847eb6: start FollowerState
2019-10-23 12:37:00,703 [279bca68-3e74-4690-81cf-da5ab79b92f7@group-AF49A4A4CA2A-LeaderElection399] INFO  impl.LeaderElection (LeaderElection.java:logAndReturn(56)) - 279bca68-3e74-4690-81cf-da5ab79b92f7@group-AF49A4A4CA2A-LeaderElection399: Election REJECTED; received 2 response(s) [279bca68-3e74-4690-81cf-da5ab79b92f7<-daebe4f8-0ad9-4eb2-8ed7-3a8051847eb6#0:FAIL-t436, 279bca68-3e74-4690-81cf-da5ab79b92f7<-389d5540-641f-48c2-a9df-60738dbad976#0:FAIL-t436] and 0 exception(s); 279bca68-3e74-4690-81cf-da5ab79b92f7@group-AF49A4A4CA2A:t436, leader=null, voted=279bca68-3e74-4690-81cf-da5ab79b92f7, raftlog=279bca68-3e74-4690-81cf-da5ab79b92f7@group-AF49A4A4CA2A-SegmentedRaftLog:OPENED:c-1,f-1,i0, conf=-1: [daebe4f8-0ad9-4eb2-8ed7-3a8051847eb6:192.168.69.118:44860, 389d5540-641f-48c2-a9df-60738dbad976:192.168.69.118:45712, 279bca68-3e74-4690-81cf-da5ab79b92f7:192.168.69.118:45510], old=null
2019-10-23 12:37:00,703 [279bca68-3e74-4690-81cf-da5ab79b92f7@group-AF49A4A4CA2A-LeaderElection399] INFO  impl.RaftServerImpl (RaftServerImpl.java:setRole(184)) - 279bca68-3e74-4690-81cf-da5ab79b92f7@group-AF49A4A4CA2A: changes role from CANDIDATE to FOLLOWER at term 436 for DISCOVERED_A_NEW_TERM
2019-10-23 12:37:00,703 [279bca68-3e74-4690-81cf-da5ab79b92f7@group-AF49A4A4CA2A-LeaderElection399] INFO  impl.RoleInfo (RoleInfo.java:shutdownLeaderElection(134)) - 279bca68-3e74-4690-81cf-da5ab79b92f7: shutdown LeaderElection
2019-10-23 12:37:00,703 [279bca68-3e74-4690-81cf-da5ab79b92f7@group-AF49A4A4CA2A-LeaderElection399] INFO  impl.RoleInfo (RoleInfo.java:updateAndGet(143)) - 279bca68-3e74-4690-81cf-da5ab79b92f7: start FollowerState
2019-10-23 12:37:00,875 [Thread-2890] INFO  impl.FollowerState (FollowerState.java:run(108)) - 279bca68-3e74-4690-81cf-da5ab79b92f7@group-AF49A4A4CA2A-FollowerState: change to CANDIDATE, lastRpcTime:171ms, electionTimeout:171ms
2019-10-23 12:37:00,875 [Thread-2890] INFO  impl.RoleInfo (RoleInfo.java:shutdownFollowerState(121)) - 279bca68-3e74-4690-81cf-da5ab79b92f7: shutdown FollowerState
2019-10-23 12:37:00,875 [Thread-2890] INFO  impl.RaftServerImpl (RaftServerImpl.java:setRole(184)) - 279bca68-3e74-4690-81cf-da5ab79b92f7@group-AF49A4A4CA2A: changes role from  FOLLOWER to CANDIDATE at term 436 for changeToCandidate
2019-10-23 12:37:00,875 [Thread-2890] INFO  impl.RoleInfo (RoleInfo.java:updateAndGet(143)) - 279bca68-3e74-4690-81cf-da5ab79b92f7: start LeaderElection
2019-10-23 12:37:00,889 [279bca68-3e74-4690-81cf-da5ab79b92f7@group-AF49A4A4CA2A-LeaderElection400] INFO  impl.LeaderElection (LeaderElection.java:askForVotes(178)) - 279bca68-3e74-4690-81cf-da5ab79b92f7@group-AF49A4A4CA2A-LeaderElection400: begin an election at term 437 for -1: [daebe4f8-0ad9-4eb2-8ed7-3a8051847eb6:192.168.69.118:44860, 389d5540-641f-48c2-a9df-60738dbad976:192.168.69.118:45712, 279bca68-3e74-4690-81cf-da5ab79b92f7:192.168.69.118:45510], old=null
2019-10-23 12:37:00,891 [grpc-default-executor-3] INFO  impl.RaftServerImpl (RaftServerImpl.java:setRole(184)) - 389d5540-641f-48c2-a9df-60738dbad976@group-AF49A4A4CA2A: changes role from  FOLLOWER to FOLLOWER at term 437 for recognizeCandidate:279bca68-3e74-4690-81cf-da5ab79b92f7
2019-10-23 12:37:00,891 [grpc-default-executor-0] INFO  impl.RaftServerImpl (RaftServerImpl.java:setRole(184)) - daebe4f8-0ad9-4eb2-8ed7-3a8051847eb6@group-AF49A4A4CA2A: changes role from  FOLLOWER to FOLLOWER at term 437 for recognizeCandidate:279bca68-3e74-4690-81cf-da5ab79b92f7
2019-10-23 12:37:00,891 [grpc-default-executor-0] INFO  impl.RoleInfo (RoleInfo.java:shutdownFollowerState(121)) - daebe4f8-0ad9-4eb2-8ed7-3a8051847eb6: shutdown FollowerState
2019-10-23 12:37:00,891 [grpc-default-executor-3] INFO  impl.RoleInfo (RoleInfo.java:shutdownFollowerState(121)) - 389d5540-641f-48c2-a9df-60738dbad976: shutdown FollowerState
2019-10-23 12:37:00,892 [Thread-2889] INFO  impl.FollowerState (FollowerState.java:run(117)) - daebe4f8-0ad9-4eb2-8ed7-3a8051847eb6@group-AF49A4A4CA2A-FollowerState was interrupted: java.lang.InterruptedException: sleep interrupted
2019-10-23 12:37:00,892 [grpc-default-executor-0] INFO  impl.RoleInfo (RoleInfo.java:updateAndGet(143)) - daebe4f8-0ad9-4eb2-8ed7-3a8051847eb6: start FollowerState
2019-10-23 12:37:00,892 [Thread-2888] INFO  impl.FollowerState (FollowerState.java:run(117)) - 389d5540-641f-48c2-a9df-60738dbad976@group-AF49A4A4CA2A-FollowerState was interrupted: java.lang.InterruptedException: sleep interrupted
2019-10-23 12:37:00,892 [grpc-default-executor-3] INFO  impl.RoleInfo (RoleInfo.java:updateAndGet(143)) - 389d5540-641f-48c2-a9df-60738dbad976: start FollowerState
2019-10-23 12:37:00,907 [279bca68-3e74-4690-81cf-da5ab79b92f7@group-AF49A4A4CA2A-LeaderElection400] INFO  impl.LeaderElection (LeaderElection.java:logAndReturn(56)) - 279bca68-3e74-4690-81cf-da5ab79b92f7@group-AF49A4A4CA2A-LeaderElection400: Election REJECTED; received 2 response(s) [279bca68-3e74-4690-81cf-da5ab79b92f7<-daebe4f8-0ad9-4eb2-8ed7-3a8051847eb6#0:FAIL-t437, 279bca68-3e74-4690-81cf-da5ab79b92f7<-389d5540-641f-48c2-a9df-60738dbad976#0:FAIL-t437] and 0 exception(s); 279bca68-3e74-4690-81cf-da5ab79b92f7@group-AF49A4A4CA2A:t437, leader=null, voted=279bca68-3e74-4690-81cf-da5ab79b92f7, raftlog=279bca68-3e74-4690-81cf-da5ab79b92f7@group-AF49A4A4CA2A-SegmentedRaftLog:OPENED:c-1,f-1,i0, conf=-1: [daebe4f8-0ad9-4eb2-8ed7-3a8051847eb6:192.168.69.118:44860, 389d5540-641f-48c2-a9df-60738dbad976:192.168.69.118:45712, 279bca68-3e74-4690-81cf-da5ab79b92f7:192.168.69.118:45510], old=null
2019-10-23 12:37:00,907 [279bca68-3e74-4690-81cf-da5ab79b92f7@group-AF49A4A4CA2A-LeaderElection400] INFO  impl.RaftServerImpl (RaftServerImpl.java:setRole(184)) - 279bca68-3e74-4690-81cf-da5ab79b92f7@group-AF49A4A4CA2A: changes role from CANDIDATE to FOLLOWER at term 437 for DISCOVERED_A_NEW_TERM
2019-10-23 12:37:00,907 [279bca68-3e74-4690-81cf-da5ab79b92f7@group-AF49A4A4CA2A-LeaderElection400] INFO  impl.RoleInfo (RoleInfo.java:shutdownLeaderElection(134)) - 279bca68-3e74-4690-81cf-da5ab79b92f7: shutdown LeaderElection
2019-10-23 12:37:00,907 [279bca68-3e74-4690-81cf-da5ab79b92f7@group-AF49A4A4CA2A-LeaderElection400] INFO  impl.RoleInfo (RoleInfo.java:updateAndGet(143)) - 279bca68-3e74-4690-81cf-da5ab79b92f7: start FollowerState
2019-10-23 12:37:00,914 [Thread-2898] INFO  impl.FollowerState (FollowerState.java:run(108)) - 279bca68-3e74-4690-81cf-da5ab79b92f7@group-AF49A4A4CA2A-FollowerState: change to CANDIDATE, lastRpcTime:7ms, electionTimeout:7ms
2019-10-23 12:37:00,914 [Thread-2898] INFO  impl.RoleInfo (RoleInfo.java:shutdownFollowerState(121)) - 279bca68-3e74-4690-81cf-da5ab79b92f7: shutdown FollowerState
2019-10-23 12:37:00,914 [Thread-2898] INFO  impl.RaftServerImpl (RaftServerImpl.java:setRole(184)) - 279bca68-3e74-4690-81cf-da5ab79b92f7@group-AF49A4A4CA2A: changes role from  FOLLOWER to CANDIDATE at term 437 for changeToCandidate
2019-10-23 12:37:00,914 [Thread-2898] INFO  impl.RoleInfo (RoleInfo.java:updateAndGet(143)) - 279bca68-3e74-4690-81cf-da5ab79b92f7: start LeaderElection
2019-10-23 12:37:00,929 [279bca68-3e74-4690-81cf-da5ab79b92f7@group-AF49A4A4CA2A-LeaderElection401] INFO  impl.LeaderElection (LeaderElection.java:askForVotes(178)) - 279bca68-3e74-4690-81cf-da5ab79b92f7@group-AF49A4A4CA2A-LeaderElection401: begin an election at term 438 for -1: [daebe4f8-0ad9-4eb2-8ed7-3a8051847eb6:192.168.69.118:44860, 389d5540-641f-48c2-a9df-60738dbad976:192.168.69.118:45712, 279bca68-3e74-4690-81cf-da5ab79b92f7:192.168.69.118:45510], old=null
2019-10-23 12:37:00,930 [grpc-default-executor-0] INFO  impl.RaftServerImpl (RaftServerImpl.java:setRole(184)) - daebe4f8-0ad9-4eb2-8ed7-3a8051847eb6@group-AF49A4A4CA2A: changes role from  FOLLOWER to FOLLOWER at term 438 for recognizeCandidate:279bca68-3e74-4690-81cf-da5ab79b92f7
2019-10-23 12:37:00,930 [grpc-default-executor-3] INFO  impl.RaftServerImpl (RaftServerImpl.java:setRole(184)) - 389d5540-641f-48c2-a9df-60738dbad976@group-AF49A4A4CA2A: changes role from  FOLLOWER to FOLLOWER at term 438 for recognizeCandidate:279bca68-3e74-4690-81cf-da5ab79b92f7
2019-10-23 12:37:00,931 [grpc-default-executor-3] INFO  impl.RoleInfo (RoleInfo.java:shutdownFollowerState(121)) - 389d5540-641f-48c2-a9df-60738dbad976: shutdown FollowerState
2019-10-23 12:37:00,931 [grpc-default-executor-0] INFO  impl.RoleInfo (RoleInfo.java:shutdownFollowerState(121)) - daebe4f8-0ad9-4eb2-8ed7-3a8051847eb6: shutdown FollowerState
2019-10-23 12:37:00,931 [Thread-2897] INFO  impl.FollowerState (FollowerState.java:run(117)) - 389d5540-641f-48c2-a9df-60738dbad976@group-AF49A4A4CA2A-FollowerState was interrupted: java.lang.InterruptedException: sleep interrupted
2019-10-23 12:37:00,931 [Thread-2896] INFO  impl.FollowerState (FollowerState.java:run(117)) - daebe4f8-0ad9-4eb2-8ed7-3a8051847eb6@group-AF49A4A4CA2A-FollowerState was interrupted: java.lang.InterruptedException: sleep interrupted
2019-10-23 12:37:00,931 [grpc-default-executor-3] INFO  impl.RoleInfo (RoleInfo.java:updateAndGet(143)) - 389d5540-641f-48c2-a9df-60738dbad976: start FollowerState
2019-10-23 12:37:00,931 [grpc-default-executor-0] INFO  impl.RoleInfo (RoleInfo.java:updateAndGet(143)) - daebe4f8-0ad9-4eb2-8ed7-3a8051847eb6: start FollowerState
2019-10-23 12:37:00,941 [279bca68-3e74-4690-81cf-da5ab79b92f7@group-AF49A4A4CA2A-LeaderElection401] INFO  impl.LeaderElection (LeaderElection.java:logAndReturn(56)) - 279bca68-3e74-4690-81cf-da5ab79b92f7@group-AF49A4A4CA2A-LeaderElection401: Election TIMEOUT; received 0 response(s) [] and 0 exception(s); 279bca68-3e74-4690-81cf-da5ab79b92f7@group-AF49A4A4CA2A:t438, leader=null, voted=279bca68-3e74-4690-81cf-da5ab79b92f7, raftlog=279bca68-3e74-4690-81cf-da5ab79b92f7@group-AF49A4A4CA2A-SegmentedRaftLog:OPENED:c-1,f-1,i0, conf=-1: [daebe4f8-0ad9-4eb2-8ed7-3a8051847eb6:192.168.69.118:44860, 389d5540-641f-48c2-a9df-60738dbad976:192.168.69.118:45712, 279bca68-3e74-4690-81cf-da5ab79b92f7:192.168.69.118:45510], old=null
2019-10-23 12:37:00,945 [279bca68-3e74-4690-81cf-da5ab79b92f7@group-AF49A4A4CA2A-LeaderElection401] INFO  impl.LeaderElection (LeaderElection.java:askForVotes(178)) - 279bca68-3e74-4690-81cf-da5ab79b92f7@group-AF49A4A4CA2A-LeaderElection401: begin an election at term 439 for -1: [daebe4f8-0ad9-4eb2-8ed7-3a8051847eb6:192.168.69.118:44860, 389d5540-641f-48c2-a9df-60738dbad976:192.168.69.118:45712, 279bca68-3e74-4690-81cf-da5ab79b92f7:192.168.69.118:45510], old=null
2019-10-23 12:37:00,947 [grpc-default-executor-3] INFO  impl.RaftServerImpl (RaftServerImpl.java:setRole(184)) - daebe4f8-0ad9-4eb2-8ed7-3a8051847eb6@group-AF49A4A4CA2A: changes role from  FOLLOWER to FOLLOWER at term 439 for recognizeCandidate:279bca68-3e74-4690-81cf-da5ab79b92f7
2019-10-23 12:37:00,947 [grpc-default-executor-3] INFO  impl.RoleInfo (RoleInfo.java:shutdownFollowerState(121)) - daebe4f8-0ad9-4eb2-8ed7-3a8051847eb6: shutdown FollowerState
2019-10-23 12:37:00,947 [grpc-default-executor-0] INFO  impl.RaftServerImpl (RaftServerImpl.java:setRole(184)) - 389d5540-641f-48c2-a9df-60738dbad976@group-AF49A4A4CA2A: changes role from  FOLLOWER to FOLLOWER at term 439 for recognizeCandidate:279bca68-3e74-4690-81cf-da5ab79b92f7
2019-10-23 12:37:00,947 [grpc-default-executor-0] INFO  impl.RoleInfo (RoleInfo.java:shutdownFollowerState(121)) - 389d5540-641f-48c2-a9df-60738dbad976: shutdown FollowerState
2019-10-23 12:37:00,947 [Thread-2903] INFO  impl.FollowerState (FollowerState.java:run(117)) - daebe4f8-0ad9-4eb2-8ed7-3a8051847eb6@group-AF49A4A4CA2A-FollowerState was interrupted: java.lang.InterruptedException: sleep interrupted
2019-10-23 12:37:00,947 [grpc-default-executor-3] INFO  impl.RoleInfo (RoleInfo.java:updateAndGet(143)) - daebe4f8-0ad9-4eb2-8ed7-3a8051847eb6: start FollowerState
2019-10-23 12:37:00,947 [grpc-default-executor-0] INFO  impl.RoleInfo (RoleInfo.java:updateAndGet(143)) - 389d5540-641f-48c2-a9df-60738dbad976: start FollowerState
2019-10-23 12:37:00,947 [Thread-2902] INFO  impl.FollowerState (FollowerState.java:run(117)) - 389d5540-641f-48c2-a9df-60738dbad976@group-AF49A4A4CA2A-FollowerState was interrupted: java.lang.InterruptedException: sleep interrupted
2019-10-23 12:37:00,958 [279bca68-3e74-4690-81cf-da5ab79b92f7@group-AF49A4A4CA2A-LeaderElection401] INFO  impl.LeaderElection (LeaderElection.java:logAndReturn(56)) - 279bca68-3e74-4690-81cf-da5ab79b92f7@group-AF49A4A4CA2A-LeaderElection401: Election REJECTED; received 2 response(s) [279bca68-3e74-4690-81cf-da5ab79b92f7<-daebe4f8-0ad9-4eb2-8ed7-3a8051847eb6#0:FAIL-t439, 279bca68-3e74-4690-81cf-da5ab79b92f7<-389d5540-641f-48c2-a9df-60738dbad976#0:FAIL-t439] and 0 exception(s); 279bca68-3e74-4690-81cf-da5ab79b92f7@group-AF49A4A4CA2A:t439, leader=null, voted=279bca68-3e74-4690-81cf-da5ab79b92f7, raftlog=279bca68-3e74-4690-81cf-da5ab79b92f7@group-AF49A4A4CA2A-SegmentedRaftLog:OPENED:c-1,f-1,i0, conf=-1: [daebe4f8-0ad9-4eb2-8ed7-3a8051847eb6:192.168.69.118:44860, 389d5540-641f-48c2-a9df-60738dbad976:192.168.69.118:45712, 279bca68-3e74-4690-81cf-da5ab79b92f7:192.168.69.118:45510], old=null
2019-10-23 12:37:00,958 [279bca68-3e74-4690-81cf-da5ab79b92f7@group-AF49A4A4CA2A-LeaderElection401] INFO  impl.RaftServerImpl (RaftServerImpl.java:setRole(184)) - 279bca68-3e74-4690-81cf-da5ab79b92f7@group-AF49A4A4CA2A: changes role from CANDIDATE to FOLLOWER at term 439 for DISCOVERED_A_NEW_TERM
2019-10-23 12:37:00,958 [279bca68-3e74-4690-81cf-da5ab79b92f7@group-AF49A4A4CA2A-LeaderElection401] INFO  impl.RoleInfo (RoleInfo.java:shutdownLeaderElection(134)) - 279bca68-3e74-4690-81cf-da5ab79b92f7: shutdown LeaderElection
2019-10-23 12:37:00,958 [279bca68-3e74-4690-81cf-da5ab79b92f7@group-AF49A4A4CA2A-LeaderElection401] INFO  impl.RoleInfo (RoleInfo.java:updateAndGet(143)) - 279bca68-3e74-4690-81cf-da5ab79b92f7: start FollowerState
2019-10-23 12:37:01,143 [Thread-2908] INFO  impl.FollowerState (FollowerState.java:run(108)) - 279bca68-3e74-4690-81cf-da5ab79b92f7@group-AF49A4A4CA2A-FollowerState: change to CANDIDATE, lastRpcTime:184ms, electionTimeout:184ms
2019-10-23 12:37:01,143 [Thread-2908] INFO  impl.RoleInfo (RoleInfo.java:shutdownFollowerState(121)) - 279bca68-3e74-4690-81cf-da5ab79b92f7: shutdown FollowerState
2019-10-23 12:37:01,143 [Thread-2908] INFO  impl.RaftServerImpl (RaftServerImpl.java:setRole(184)) - 279bca68-3e74-4690-81cf-da5ab79b92f7@group-AF49A4A4CA2A: changes role from  FOLLOWER to CANDIDATE at term 439 for changeToCandidate
2019-10-23 12:37:01,143 [Thread-2908] INFO  impl.RoleInfo (RoleInfo.java:updateAndGet(143)) - 279bca68-3e74-4690-81cf-da5ab79b92f7: start LeaderElection
2019-10-23 12:37:01,169 [279bca68-3e74-4690-81cf-da5ab79b92f7@group-AF49A4A4CA2A-LeaderElection402] INFO  impl.LeaderElection (LeaderElection.java:askForVotes(178)) - 279bca68-3e74-4690-81cf-da5ab79b92f7@group-AF49A4A4CA2A-LeaderElection402: begin an election at term 440 for -1: [daebe4f8-0ad9-4eb2-8ed7-3a8051847eb6:192.168.69.118:44860, 389d5540-641f-48c2-a9df-60738dbad976:192.168.69.118:45712, 279bca68-3e74-4690-81cf-da5ab79b92f7:192.168.69.118:45510], old=null
2019-10-23 12:37:01,170 [grpc-default-executor-0] INFO  impl.RaftServerImpl (RaftServerImpl.java:setRole(184)) - daebe4f8-0ad9-4eb2-8ed7-3a8051847eb6@group-AF49A4A4CA2A: changes role from  FOLLOWER to FOLLOWER at term 440 for recognizeCandidate:279bca68-3e74-4690-81cf-da5ab79b92f7
2019-10-23 12:37:01,170 [grpc-default-executor-0] INFO  impl.RoleInfo (RoleInfo.java:shutdownFollowerState(121)) - daebe4f8-0ad9-4eb2-8ed7-3a8051847eb6: shutdown FollowerState
2019-10-23 12:37:01,171 [grpc-default-executor-3] INFO  impl.RaftServerImpl (RaftServerImpl.java:setRole(184)) - 389d5540-641f-48c2-a9df-60738dbad976@group-AF49A4A4CA2A: changes role from  FOLLOWER to FOLLOWER at term 440 for recognizeCandidate:279bca68-3e74-4690-81cf-da5ab79b92f7
2019-10-23 12:37:01,171 [grpc-default-executor-3] INFO  impl.RoleInfo (RoleInfo.java:shutdownFollowerState(121)) - 389d5540-641f-48c2-a9df-60738dbad976: shutdown FollowerState
2019-10-23 12:37:01,171 [grpc-default-executor-0] INFO  impl.RoleInfo (RoleInfo.java:updateAndGet(143)) - daebe4f8-0ad9-4eb2-8ed7-3a8051847eb6: start FollowerState
2019-10-23 12:37:01,171 [Thread-2906] INFO  impl.FollowerState (FollowerState.java:run(117)) - daebe4f8-0ad9-4eb2-8ed7-3a8051847eb6@group-AF49A4A4CA2A-FollowerState was interrupted: java.lang.InterruptedException: sleep interrupted
2019-10-23 12:37:01,171 [grpc-default-executor-3] INFO  impl.RoleInfo (RoleInfo.java:updateAndGet(143)) - 389d5540-641f-48c2-a9df-60738dbad976: start FollowerState
2019-10-23 12:37:01,171 [Thread-2907] INFO  impl.FollowerState (FollowerState.java:run(117)) - 389d5540-641f-48c2-a9df-60738dbad976@group-AF49A4A4CA2A-FollowerState was interrupted: java.lang.InterruptedException: sleep interrupted
2019-10-23 12:37:01,186 [279bca68-3e74-4690-81cf-da5ab79b92f7@group-AF49A4A4CA2A-LeaderElection402] INFO  impl.LeaderElection (LeaderElection.java:logAndReturn(56)) - 279bca68-3e74-4690-81cf-da5ab79b92f7@group-AF49A4A4CA2A-LeaderElection402: Election REJECTED; received 2 response(s) [279bca68-3e74-4690-81cf-da5ab79b92f7<-daebe4f8-0ad9-4eb2-8ed7-3a8051847eb6#0:FAIL-t440, 279bca68-3e74-4690-81cf-da5ab79b92f7<-389d5540-641f-48c2-a9df-60738dbad976#0:FAIL-t440] and 0 exception(s); 279bca68-3e74-4690-81cf-da5ab79b92f7@group-AF49A4A4CA2A:t440, leader=null, voted=279bca68-3e74-4690-81cf-da5ab79b92f7, raftlog=279bca68-3e74-4690-81cf-da5ab79b92f7@group-AF49A4A4CA2A-SegmentedRaftLog:OPENED:c-1,f-1,i0, conf=-1: [daebe4f8-0ad9-4eb2-8ed7-3a8051847eb6:192.168.69.118:44860, 389d5540-641f-48c2-a9df-60738dbad976:192.168.69.118:45712, 279bca68-3e74-4690-81cf-da5ab79b92f7:192.168.69.118:45510], old=null
2019-10-23 12:37:01,186 [279bca68-3e74-4690-81cf-da5ab79b92f7@group-AF49A4A4CA2A-LeaderElection402] INFO  impl.RaftServerImpl (RaftServerImpl.java:setRole(184)) - 279bca68-3e74-4690-81cf-da5ab79b92f7@group-AF49A4A4CA2A: changes role from CANDIDATE to FOLLOWER at term 440 for DISCOVERED_A_NEW_TERM
2019-10-23 12:37:01,186 [279bca68-3e74-4690-81cf-da5ab79b92f7@group-AF49A4A4CA2A-LeaderElection402] INFO  impl.RoleInfo (RoleInfo.java:shutdownLeaderElection(134)) - 279bca68-3e74-4690-81cf-da5ab79b92f7: shutdown LeaderElection
2019-10-23 12:37:01,186 [279bca68-3e74-4690-81cf-da5ab79b92f7@group-AF49A4A4CA2A-LeaderElection402] INFO  impl.RoleInfo (RoleInfo.java:updateAndGet(143)) - 279bca68-3e74-4690-81cf-da5ab79b92f7: start FollowerState
2019-10-23 12:37:01,253 [Thread-2914] INFO  impl.FollowerState (FollowerState.java:run(108)) - 279bca68-3e74-4690-81cf-da5ab79b92f7@group-AF49A4A4CA2A-FollowerState: change to CANDIDATE, lastRpcTime:67ms, electionTimeout:67ms
2019-10-23 12:37:01,254 [Thread-2914] INFO  impl.RoleInfo (RoleInfo.java:shutdownFollowerState(121)) - 279bca68-3e74-4690-81cf-da5ab79b92f7: shutdown FollowerState
2019-10-23 12:37:01,254 [Thread-2914] INFO  impl.RaftServerImpl (RaftServerImpl.java:setRole(184)) - 279bca68-3e74-4690-81cf-da5ab79b92f7@group-AF49A4A4CA2A: changes role from  FOLLOWER to CANDIDATE at term 440 for changeToCandidate
2019-10-23 12:37:01,254 [Thread-2914] INFO  impl.RoleInfo (RoleInfo.java:updateAndGet(143)) - 279bca68-3e74-4690-81cf-da5ab79b92f7: start LeaderElection
2019-10-23 12:37:01,279 [279bca68-3e74-4690-81cf-da5ab79b92f7@group-AF49A4A4CA2A-LeaderElection403] INFO  impl.LeaderElection (LeaderElection.java:askForVotes(178)) - 279bca68-3e74-4690-81cf-da5ab79b92f7@group-AF49A4A4CA2A-LeaderElection403: begin an election at term 441 for -1: [daebe4f8-0ad9-4eb2-8ed7-3a8051847eb6:192.168.69.118:44860, 389d5540-641f-48c2-a9df-60738dbad976:192.168.69.118:45712, 279bca68-3e74-4690-81cf-da5ab79b92f7:192.168.69.118:45510], old=null
2019-10-23 12:37:01,281 [grpc-default-executor-0] INFO  impl.RaftServerImpl (RaftServerImpl.java:setRole(184)) - daebe4f8-0ad9-4eb2-8ed7-3a8051847eb6@group-AF49A4A4CA2A: changes role from  FOLLOWER to FOLLOWER at term 441 for recognizeCandidate:279bca68-3e74-4690-81cf-da5ab79b92f7
2019-10-23 12:37:01,281 [grpc-default-executor-0] INFO  impl.RoleInfo (RoleInfo.java:shutdownFollowerState(121)) - daebe4f8-0ad9-4eb2-8ed7-3a8051847eb6: shutdown FollowerState
2019-10-23 12:37:01,281 [grpc-default-executor-3] INFO  impl.RaftServerImpl (RaftServerImpl.java:setRole(184)) - 389d5540-641f-48c2-a9df-60738dbad976@group-AF49A4A4CA2A: changes role from  FOLLOWER to FOLLOWER at term 441 for recognizeCandidate:279bca68-3e74-4690-81cf-da5ab79b92f7
2019-10-23 12:37:01,281 [grpc-default-executor-3] INFO  impl.RoleInfo (RoleInfo.java:shutdownFollowerState(121)) - 389d5540-641f-48c2-a9df-60738dbad976: shutdown FollowerState
2019-10-23 12:37:01,281 [Thread-2912] INFO  impl.FollowerState (FollowerState.java:run(117)) - daebe4f8-0ad9-4eb2-8ed7-3a8051847eb6@group-AF49A4A4CA2A-FollowerState was interrupted: java.lang.InterruptedException: sleep interrupted
2019-10-23 12:37:01,281 [grpc-default-executor-0] INFO  impl.RoleInfo (RoleInfo.java:updateAndGet(143)) - daebe4f8-0ad9-4eb2-8ed7-3a8051847eb6: start FollowerState
2019-10-23 12:37:01,281 [Thread-2913] INFO  impl.FollowerState (FollowerState.java:run(117)) - 389d5540-641f-48c2-a9df-60738dbad976@group-AF49A4A4CA2A-FollowerState was interrupted: java.lang.InterruptedException: sleep interrupted
2019-10-23 12:37:01,281 [grpc-default-executor-3] INFO  impl.RoleInfo (RoleInfo.java:updateAndGet(143)) - 389d5540-641f-48c2-a9df-60738dbad976: start FollowerState
2019-10-23 12:37:01,296 [279bca68-3e74-4690-81cf-da5ab79b92f7@group-AF49A4A4CA2A-LeaderElection403] INFO  impl.LeaderElection (LeaderElection.java:logAndReturn(56)) - 279bca68-3e74-4690-81cf-da5ab79b92f7@group-AF49A4A4CA2A-LeaderElection403: Election REJECTED; received 2 response(s) [279bca68-3e74-4690-81cf-da5ab79b92f7<-daebe4f8-0ad9-4eb2-8ed7-3a8051847eb6#0:FAIL-t441, 279bca68-3e74-4690-81cf-da5ab79b92f7<-389d5540-641f-48c2-a9df-60738dbad976#0:FAIL-t441] and 0 exception(s); 279bca68-3e74-4690-81cf-da5ab79b92f7@group-AF49A4A4CA2A:t441, leader=null, voted=279bca68-3e74-4690-81cf-da5ab79b92f7, raftlog=279bca68-3e74-4690-81cf-da5ab79b92f7@group-AF49A4A4CA2A-SegmentedRaftLog:OPENED:c-1,f-1,i0, conf=-1: [daebe4f8-0ad9-4eb2-8ed7-3a8051847eb6:192.168.69.118:44860, 389d5540-641f-48c2-a9df-60738dbad976:192.168.69.118:45712, 279bca68-3e74-4690-81cf-da5ab79b92f7:192.168.69.118:45510], old=null
2019-10-23 12:37:01,296 [279bca68-3e74-4690-81cf-da5ab79b92f7@group-AF49A4A4CA2A-LeaderElection403] INFO  impl.RaftServerImpl (RaftServerImpl.java:setRole(184)) - 279bca68-3e74-4690-81cf-da5ab79b92f7@group-AF49A4A4CA2A: changes role from CANDIDATE to FOLLOWER at term 441 for DISCOVERED_A_NEW_TERM
2019-10-23 12:37:01,296 [279bca68-3e74-4690-81cf-da5ab79b92f7@group-AF49A4A4CA2A-LeaderElection403] INFO  impl.RoleInfo (RoleInfo.java:shutdownLeaderElection(134)) - 279bca68-3e74-4690-81cf-da5ab79b92f7: shutdown LeaderElection
2019-10-23 12:37:01,296 [279bca68-3e74-4690-81cf-da5ab79b92f7@group-AF49A4A4CA2A-LeaderElection403] INFO  impl.RoleInfo (RoleInfo.java:updateAndGet(143)) - 279bca68-3e74-4690-81cf-da5ab79b92f7: start FollowerState
2019-10-23 12:37:01,384 [Thread-2920] INFO  impl.FollowerState (FollowerState.java:run(108)) - 279bca68-3e74-4690-81cf-da5ab79b92f7@group-AF49A4A4CA2A-FollowerState: change to CANDIDATE, lastRpcTime:88ms, electionTimeout:88ms
2019-10-23 12:37:01,384 [Thread-2920] INFO  impl.RoleInfo (RoleInfo.java:shutdownFollowerState(121)) - 279bca68-3e74-4690-81cf-da5ab79b92f7: shutdown FollowerState
2019-10-23 12:37:01,385 [Thread-2920] INFO  impl.RaftServerImpl (RaftServerImpl.java:setRole(184)) - 279bca68-3e74-4690-81cf-da5ab79b92f7@group-AF49A4A4CA2A: changes role from  FOLLOWER to CANDIDATE at term 441 for changeToCandidate
2019-10-23 12:37:01,385 [Thread-2920] INFO  impl.RoleInfo (RoleInfo.java:updateAndGet(143)) - 279bca68-3e74-4690-81cf-da5ab79b92f7: start LeaderElection
2019-10-23 12:37:01,398 [279bca68-3e74-4690-81cf-da5ab79b92f7@group-AF49A4A4CA2A-LeaderElection404] INFO  impl.LeaderElection (LeaderElection.java:askForVotes(178)) - 279bca68-3e74-4690-81cf-da5ab79b92f7@group-AF49A4A4CA2A-LeaderElection404: begin an election at term 442 for -1: [daebe4f8-0ad9-4eb2-8ed7-3a8051847eb6:192.168.69.118:44860, 389d5540-641f-48c2-a9df-60738dbad976:192.168.69.118:45712, 279bca68-3e74-4690-81cf-da5ab79b92f7:192.168.69.118:45510], old=null
2019-10-23 12:37:01,400 [grpc-default-executor-3] INFO  impl.RaftServerImpl (RaftServerImpl.java:setRole(184)) - 389d5540-641f-48c2-a9df-60738dbad976@group-AF49A4A4CA2A: changes role from  FOLLOWER to FOLLOWER at term 442 for recognizeCandidate:279bca68-3e74-4690-81cf-da5ab79b92f7
2019-10-23 12:37:01,400 [grpc-default-executor-3] INFO  impl.RoleInfo (RoleInfo.java:shutdownFollowerState(121)) - 389d5540-641f-48c2-a9df-60738dbad976: shutdown FollowerState
2019-10-23 12:37:01,400 [grpc-default-executor-0] INFO  impl.RaftServerImpl (RaftServerImpl.java:setRole(184)) - daebe4f8-0ad9-4eb2-8ed7-3a8051847eb6@group-AF49A4A4CA2A: changes role from  FOLLOWER to FOLLOWER at term 442 for recognizeCandidate:279bca68-3e74-4690-81cf-da5ab79b92f7
2019-10-23 12:37:01,401 [grpc-default-executor-0] INFO  impl.RoleInfo (RoleInfo.java:shutdownFollowerState(121)) - daebe4f8-0ad9-4eb2-8ed7-3a8051847eb6: shutdown FollowerState
2019-10-23 12:37:01,400 [Thread-2919] INFO  impl.FollowerState (FollowerState.java:run(117)) - 389d5540-641f-48c2-a9df-60738dbad976@group-AF49A4A4CA2A-FollowerState was interrupted: java.lang.InterruptedException: sleep interrupted
2019-10-23 12:37:01,400 [grpc-default-executor-3] INFO  impl.RoleInfo (RoleInfo.java:updateAndGet(143)) - 389d5540-641f-48c2-a9df-60738dbad976: start FollowerState
2019-10-23 12:37:01,401 [Thread-2918] INFO  impl.FollowerState (FollowerState.java:run(117)) - daebe4f8-0ad9-4eb2-8ed7-3a8051847eb6@group-AF49A4A4CA2A-FollowerState was interrupted: java.lang.InterruptedException: sleep interrupted
2019-10-23 12:37:01,401 [grpc-default-executor-0] INFO  impl.RoleInfo (RoleInfo.java:updateAndGet(143)) - daebe4f8-0ad9-4eb2-8ed7-3a8051847eb6: start FollowerState
2019-10-23 12:37:01,415 [279bca68-3e74-4690-81cf-da5ab79b92f7@group-AF49A4A4CA2A-LeaderElection404] INFO  impl.LeaderElection (LeaderElection.java:logAndReturn(56)) - 279bca68-3e74-4690-81cf-da5ab79b92f7@group-AF49A4A4CA2A-LeaderElection404: Election REJECTED; received 2 response(s) [279bca68-3e74-4690-81cf-da5ab79b92f7<-daebe4f8-0ad9-4eb2-8ed7-3a8051847eb6#0:FAIL-t442, 279bca68-3e74-4690-81cf-da5ab79b92f7<-389d5540-641f-48c2-a9df-60738dbad976#0:FAIL-t442] and 0 exception(s); 279bca68-3e74-4690-81cf-da5ab79b92f7@group-AF49A4A4CA2A:t442, leader=null, voted=279bca68-3e74-4690-81cf-da5ab79b92f7, raftlog=279bca68-3e74-4690-81cf-da5ab79b92f7@group-AF49A4A4CA2A-SegmentedRaftLog:OPENED:c-1,f-1,i0, conf=-1: [daebe4f8-0ad9-4eb2-8ed7-3a8051847eb6:192.168.69.118:44860, 389d5540-641f-48c2-a9df-60738dbad976:192.168.69.118:45712, 279bca68-3e74-4690-81cf-da5ab79b92f7:192.168.69.118:45510], old=null
2019-10-23 12:37:01,415 [279bca68-3e74-4690-81cf-da5ab79b92f7@group-AF49A4A4CA2A-LeaderElection404] INFO  impl.RaftServerImpl (RaftServerImpl.java:setRole(184)) - 279bca68-3e74-4690-81cf-da5ab79b92f7@group-AF49A4A4CA2A: changes role from CANDIDATE to FOLLOWER at term 442 for DISCOVERED_A_NEW_TERM
2019-10-23 12:37:01,415 [279bca68-3e74-4690-81cf-da5ab79b92f7@group-AF49A4A4CA2A-LeaderElection404] INFO  impl.RoleInfo (RoleInfo.java:shutdownLeaderElection(134)) - 279bca68-3e74-4690-81cf-da5ab79b92f7: shutdown LeaderElection
2019-10-23 12:37:01,415 [279bca68-3e74-4690-81cf-da5ab79b92f7@group-AF49A4A4CA2A-LeaderElection404] INFO  impl.RoleInfo (RoleInfo.java:updateAndGet(143)) - 279bca68-3e74-4690-81cf-da5ab79b92f7: start FollowerState
2019-10-23 12:37:01,542 [Thread-2926] INFO  impl.FollowerState (FollowerState.java:run(108)) - 279bca68-3e74-4690-81cf-da5ab79b92f7@group-AF49A4A4CA2A-FollowerState: change to CANDIDATE, lastRpcTime:126ms, electionTimeout:126ms
2019-10-23 12:37:01,542 [Thread-2926] INFO  impl.RoleInfo (RoleInfo.java:shutdownFollowerState(121)) - 279bca68-3e74-4690-81cf-da5ab79b92f7: shutdown FollowerState
2019-10-23 12:37:01,542 [Thread-2926] INFO  impl.RaftServerImpl (RaftServerImpl.java:setRole(184)) - 279bca68-3e74-4690-81cf-da5ab79b92f7@group-AF49A4A4CA2A: changes role from  FOLLOWER to CANDIDATE at term 442 for changeToCandidate
2019-10-23 12:37:01,542 [Thread-2926] INFO  impl.RoleInfo (RoleInfo.java:updateAndGet(143)) - 279bca68-3e74-4690-81cf-da5ab79b92f7: start LeaderElection
2019-10-23 12:37:01,556 [279bca68-3e74-4690-81cf-da5ab79b92f7@group-AF49A4A4CA2A-LeaderElection405] INFO  impl.LeaderElection (LeaderElection.java:askForVotes(178)) - 279bca68-3e74-4690-81cf-da5ab79b92f7@group-AF49A4A4CA2A-LeaderElection405: begin an election at term 443 for -1: [daebe4f8-0ad9-4eb2-8ed7-3a8051847eb6:192.168.69.118:44860, 389d5540-641f-48c2-a9df-60738dbad976:192.168.69.118:45712, 279bca68-3e74-4690-81cf-da5ab79b92f7:192.168.69.118:45510], old=null
2019-10-23 12:37:01,558 [grpc-default-executor-0] INFO  impl.RaftServerImpl (RaftServerImpl.java:setRole(184)) - 389d5540-641f-48c2-a9df-60738dbad976@group-AF49A4A4CA2A: changes role from  FOLLOWER to FOLLOWER at term 443 for recognizeCandidate:279bca68-3e74-4690-81cf-da5ab79b92f7
2019-10-23 12:37:01,558 [grpc-default-executor-3] INFO  impl.RaftServerImpl (RaftServerImpl.java:setRole(184)) - daebe4f8-0ad9-4eb2-8ed7-3a8051847eb6@group-AF49A4A4CA2A: changes role from  FOLLOWER to FOLLOWER at term 443 for recognizeCandidate:279bca68-3e74-4690-81cf-da5ab79b92f7
2019-10-23 12:37:01,558 [grpc-default-executor-0] INFO  impl.RoleInfo (RoleInfo.java:shutdownFollowerState(121)) - 389d5540-641f-48c2-a9df-60738dbad976: shutdown FollowerState
2019-10-23 12:37:01,559 [grpc-default-executor-3] INFO  impl.RoleInfo (RoleInfo.java:shutdownFollowerState(121)) - daebe4f8-0ad9-4eb2-8ed7-3a8051847eb6: shutdown FollowerState
2019-10-23 12:37:01,559 [grpc-default-executor-0] INFO  impl.RoleInfo (RoleInfo.java:updateAndGet(143)) - 389d5540-641f-48c2-a9df-60738dbad976: start FollowerState
2019-10-23 12:37:01,559 [Thread-2924] INFO  impl.FollowerState (FollowerState.java:run(117)) - 389d5540-641f-48c2-a9df-60738dbad976@group-AF49A4A4CA2A-FollowerState was interrupted: java.lang.InterruptedException: sleep interrupted
2019-10-23 12:37:01,559 [Thread-2925] INFO  impl.FollowerState (FollowerState.java:run(117)) - daebe4f8-0ad9-4eb2-8ed7-3a8051847eb6@group-AF49A4A4CA2A-FollowerState was interrupted: java.lang.InterruptedException: sleep interrupted
2019-10-23 12:37:01,559 [grpc-default-executor-3] INFO  impl.RoleInfo (RoleInfo.java:updateAndGet(143)) - daebe4f8-0ad9-4eb2-8ed7-3a8051847eb6: start FollowerState
2019-10-23 12:37:01,573 [279bca68-3e74-4690-81cf-da5ab79b92f7@group-AF49A4A4CA2A-LeaderElection405] INFO  impl.LeaderElection (LeaderElection.java:logAndReturn(56)) - 279bca68-3e74-4690-81cf-da5ab79b92f7@group-AF49A4A4CA2A-LeaderElection405: Election REJECTED; received 2 response(s) [279bca68-3e74-4690-81cf-da5ab79b92f7<-daebe4f8-0ad9-4eb2-8ed7-3a8051847eb6#0:FAIL-t443, 279bca68-3e74-4690-81cf-da5ab79b92f7<-389d5540-641f-48c2-a9df-60738dbad976#0:FAIL-t443] and 0 exception(s); 279bca68-3e74-4690-81cf-da5ab79b92f7@group-AF49A4A4CA2A:t443, leader=null, voted=279bca68-3e74-4690-81cf-da5ab79b92f7, raftlog=279bca68-3e74-4690-81cf-da5ab79b92f7@group-AF49A4A4CA2A-SegmentedRaftLog:OPENED:c-1,f-1,i0, conf=-1: [daebe4f8-0ad9-4eb2-8ed7-3a8051847eb6:192.168.69.118:44860, 389d5540-641f-48c2-a9df-60738dbad976:192.168.69.118:45712, 279bca68-3e74-4690-81cf-da5ab79b92f7:192.168.69.118:45510], old=null
2019-10-23 12:37:01,573 [279bca68-3e74-4690-81cf-da5ab79b92f7@group-AF49A4A4CA2A-LeaderElection405] INFO  impl.RaftServerImpl (RaftServerImpl.java:setRole(184)) - 279bca68-3e74-4690-81cf-da5ab79b92f7@group-AF49A4A4CA2A: changes role from CANDIDATE to FOLLOWER at term 443 for DISCOVERED_A_NEW_TERM
2019-10-23 12:37:01,574 [279bca68-3e74-4690-81cf-da5ab79b92f7@group-AF49A4A4CA2A-LeaderElection405] INFO  impl.RoleInfo (RoleInfo.java:shutdownLeaderElection(134)) - 279bca68-3e74-4690-81cf-da5ab79b92f7: shutdown LeaderElection
2019-10-23 12:37:01,574 [279bca68-3e74-4690-81cf-da5ab79b92f7@group-AF49A4A4CA2A-LeaderElection405] INFO  impl.RoleInfo (RoleInfo.java:updateAndGet(143)) - 279bca68-3e74-4690-81cf-da5ab79b92f7: start FollowerState
2019-10-23 12:37:01,605 [Thread-2932] INFO  impl.FollowerState (FollowerState.java:run(108)) - 279bca68-3e74-4690-81cf-da5ab79b92f7@group-AF49A4A4CA2A-FollowerState: change to CANDIDATE, lastRpcTime:31ms, electionTimeout:31ms
2019-10-23 12:37:01,605 [Thread-2932] INFO  impl.RoleInfo (RoleInfo.java:shutdownFollowerState(121)) - 279bca68-3e74-4690-81cf-da5ab79b92f7: shutdown FollowerState
2019-10-23 12:37:01,605 [Thread-2932] INFO  impl.RaftServerImpl (RaftServerImpl.java:setRole(184)) - 279bca68-3e74-4690-81cf-da5ab79b92f7@group-AF49A4A4CA2A: changes role from  FOLLOWER to CANDIDATE at term 443 for changeToCandidate
2019-10-23 12:37:01,605 [Thread-2932] INFO  impl.RoleInfo (RoleInfo.java:updateAndGet(143)) - 279bca68-3e74-4690-81cf-da5ab79b92f7: start LeaderElection
2019-10-23 12:37:01,630 [279bca68-3e74-4690-81cf-da5ab79b92f7@group-AF49A4A4CA2A-LeaderElection406] INFO  impl.LeaderElection (LeaderElection.java:askForVotes(178)) - 279bca68-3e74-4690-81cf-da5ab79b92f7@group-AF49A4A4CA2A-LeaderElection406: begin an election at term 444 for -1: [daebe4f8-0ad9-4eb2-8ed7-3a8051847eb6:192.168.69.118:44860, 389d5540-641f-48c2-a9df-60738dbad976:192.168.69.118:45712, 279bca68-3e74-4690-81cf-da5ab79b92f7:192.168.69.118:45510], old=null
2019-10-23 12:37:01,632 [grpc-default-executor-3] INFO  impl.RaftServerImpl (RaftServerImpl.java:setRole(184)) - daebe4f8-0ad9-4eb2-8ed7-3a8051847eb6@group-AF49A4A4CA2A: changes role from  FOLLOWER to FOLLOWER at term 444 for recognizeCandidate:279bca68-3e74-4690-81cf-da5ab79b92f7
2019-10-23 12:37:01,632 [grpc-default-executor-3] INFO  impl.RoleInfo (RoleInfo.java:shutdownFollowerState(121)) - daebe4f8-0ad9-4eb2-8ed7-3a8051847eb6: shutdown FollowerState
2019-10-23 12:37:01,632 [grpc-default-executor-0] INFO  impl.RaftServerImpl (RaftServerImpl.java:setRole(184)) - 389d5540-641f-48c2-a9df-60738dbad976@group-AF49A4A4CA2A: changes role from  FOLLOWER to FOLLOWER at term 444 for recognizeCandidate:279bca68-3e74-4690-81cf-da5ab79b92f7
2019-10-23 12:37:01,633 [grpc-default-executor-0] INFO  impl.RoleInfo (RoleInfo.java:shutdownFollowerState(121)) - 389d5540-641f-48c2-a9df-60738dbad976: shutdown FollowerState
2019-10-23 12:37:01,632 [Thread-2931] INFO  impl.FollowerState (FollowerState.java:run(117)) - daebe4f8-0ad9-4eb2-8ed7-3a8051847eb6@group-AF49A4A4CA2A-FollowerState was interrupted: java.lang.InterruptedException: sleep interrupted
2019-10-23 12:37:01,632 [grpc-default-executor-3] INFO  impl.RoleInfo (RoleInfo.java:updateAndGet(143)) - daebe4f8-0ad9-4eb2-8ed7-3a8051847eb6: start FollowerState
2019-10-23 12:37:01,633 [grpc-default-executor-0] INFO  impl.RoleInfo (RoleInfo.java:updateAndGet(143)) - 389d5540-641f-48c2-a9df-60738dbad976: start FollowerState
2019-10-23 12:37:01,633 [Thread-2930] INFO  impl.FollowerState (FollowerState.java:run(117)) - 389d5540-641f-48c2-a9df-60738dbad976@group-AF49A4A4CA2A-FollowerState was interrupted: java.lang.InterruptedException: sleep interrupted
2019-10-23 12:37:01,644 [279bca68-3e74-4690-81cf-da5ab79b92f7@group-AF49A4A4CA2A-LeaderElection406] INFO  impl.LeaderElection (LeaderElection.java:logAndReturn(56)) - 279bca68-3e74-4690-81cf-da5ab79b92f7@group-AF49A4A4CA2A-LeaderElection406: Election TIMEOUT; received 0 response(s) [] and 0 exception(s); 279bca68-3e74-4690-81cf-da5ab79b92f7@group-AF49A4A4CA2A:t444, leader=null, voted=279bca68-3e74-4690-81cf-da5ab79b92f7, raftlog=279bca68-3e74-4690-81cf-da5ab79b92f7@group-AF49A4A4CA2A-SegmentedRaftLog:OPENED:c-1,f-1,i0, conf=-1: [daebe4f8-0ad9-4eb2-8ed7-3a8051847eb6:192.168.69.118:44860, 389d5540-641f-48c2-a9df-60738dbad976:192.168.69.118:45712, 279bca68-3e74-4690-81cf-da5ab79b92f7:192.168.69.118:45510], old=null
2019-10-23 12:37:01,647 [279bca68-3e74-4690-81cf-da5ab79b92f7@group-AF49A4A4CA2A-LeaderElection406] INFO  impl.LeaderElection (LeaderElection.java:askForVotes(178)) - 279bca68-3e74-4690-81cf-da5ab79b92f7@group-AF49A4A4CA2A-LeaderElection406: begin an election at term 445 for -1: [daebe4f8-0ad9-4eb2-8ed7-3a8051847eb6:192.168.69.118:44860, 389d5540-641f-48c2-a9df-60738dbad976:192.168.69.118:45712, 279bca68-3e74-4690-81cf-da5ab79b92f7:192.168.69.118:45510], old=null
2019-10-23 12:37:01,648 [grpc-default-executor-3] INFO  impl.RaftServerImpl (RaftServerImpl.java:setRole(184)) - 389d5540-641f-48c2-a9df-60738dbad976@group-AF49A4A4CA2A: changes role from  FOLLOWER to FOLLOWER at term 445 for recognizeCandidate:279bca68-3e74-4690-81cf-da5ab79b92f7
2019-10-23 12:37:01,648 [grpc-default-executor-3] INFO  impl.RoleInfo (RoleInfo.java:shutdownFollowerState(121)) - 389d5540-641f-48c2-a9df-60738dbad976: shutdown FollowerState
2019-10-23 12:37:01,648 [grpc-default-executor-3] INFO  impl.RoleInfo (RoleInfo.java:updateAndGet(143)) - 389d5540-641f-48c2-a9df-60738dbad976: start FollowerState
2019-10-23 12:37:01,648 [Thread-2937] INFO  impl.FollowerState (FollowerState.java:run(117)) - 389d5540-641f-48c2-a9df-60738dbad976@group-AF49A4A4CA2A-FollowerState was interrupted: java.lang.InterruptedException: sleep interrupted
2019-10-23 12:37:01,648 [grpc-default-executor-0] INFO  impl.RaftServerImpl (RaftServerImpl.java:setRole(184)) - daebe4f8-0ad9-4eb2-8ed7-3a8051847eb6@group-AF49A4A4CA2A: changes role from  FOLLOWER to FOLLOWER at term 445 for recognizeCandidate:279bca68-3e74-4690-81cf-da5ab79b92f7
2019-10-23 12:37:01,648 [grpc-default-executor-0] INFO  impl.RoleInfo (RoleInfo.java:shutdownFollowerState(121)) - daebe4f8-0ad9-4eb2-8ed7-3a8051847eb6: shutdown FollowerState
2019-10-23 12:37:01,648 [grpc-default-executor-0] INFO  impl.RoleInfo (RoleInfo.java:updateAndGet(143)) - daebe4f8-0ad9-4eb2-8ed7-3a8051847eb6: start FollowerState
2019-10-23 12:37:01,648 [Thread-2936] INFO  impl.FollowerState (FollowerState.java:run(117)) - daebe4f8-0ad9-4eb2-8ed7-3a8051847eb6@group-AF49A4A4CA2A-FollowerState was interrupted: java.lang.InterruptedException: sleep interrupted
2019-10-23 12:37:01,663 [279bca68-3e74-4690-81cf-da5ab79b92f7@group-AF49A4A4CA2A-LeaderElection406] INFO  impl.LeaderElection (LeaderElection.java:logAndReturn(56)) - 279bca68-3e74-4690-81cf-da5ab79b92f7@group-AF49A4A4CA2A-LeaderElection406: Election REJECTED; received 2 response(s) [279bca68-3e74-4690-81cf-da5ab79b92f7<-daebe4f8-0ad9-4eb2-8ed7-3a8051847eb6#0:FAIL-t445, 279bca68-3e74-4690-81cf-da5ab79b92f7<-389d5540-641f-48c2-a9df-60738dbad976#0:FAIL-t445] and 0 exception(s); 279bca68-3e74-4690-81cf-da5ab79b92f7@group-AF49A4A4CA2A:t445, leader=null, voted=279bca68-3e74-4690-81cf-da5ab79b92f7, raftlog=279bca68-3e74-4690-81cf-da5ab79b92f7@group-AF49A4A4CA2A-SegmentedRaftLog:OPENED:c-1,f-1,i0, conf=-1: [daebe4f8-0ad9-4eb2-8ed7-3a8051847eb6:192.168.69.118:44860, 389d5540-641f-48c2-a9df-60738dbad976:192.168.69.118:45712, 279bca68-3e74-4690-81cf-da5ab79b92f7:192.168.69.118:45510], old=null
2019-10-23 12:37:01,663 [279bca68-3e74-4690-81cf-da5ab79b92f7@group-AF49A4A4CA2A-LeaderElection406] INFO  impl.RaftServerImpl (RaftServerImpl.java:setRole(184)) - 279bca68-3e74-4690-81cf-da5ab79b92f7@group-AF49A4A4CA2A: changes role from CANDIDATE to FOLLOWER at term 445 for DISCOVERED_A_NEW_TERM
2019-10-23 12:37:01,663 [279bca68-3e74-4690-81cf-da5ab79b92f7@group-AF49A4A4CA2A-LeaderElection406] INFO  impl.RoleInfo (RoleInfo.java:shutdownLeaderElection(134)) - 279bca68-3e74-4690-81cf-da5ab79b92f7: shutdown LeaderElection
2019-10-23 12:37:01,663 [279bca68-3e74-4690-81cf-da5ab79b92f7@group-AF49A4A4CA2A-LeaderElection406] INFO  impl.RoleInfo (RoleInfo.java:updateAndGet(143)) - 279bca68-3e74-4690-81cf-da5ab79b92f7: start FollowerState
2019-10-23 12:37:01,777 [Thread-2942] INFO  impl.FollowerState (FollowerState.java:run(108)) - 279bca68-3e74-4690-81cf-da5ab79b92f7@group-AF49A4A4CA2A-FollowerState: change to CANDIDATE, lastRpcTime:113ms, electionTimeout:113ms
2019-10-23 12:37:01,777 [Thread-2942] INFO  impl.RoleInfo (RoleInfo.java:shutdownFollowerState(121)) - 279bca68-3e74-4690-81cf-da5ab79b92f7: shutdown FollowerState
2019-10-23 12:37:01,777 [Thread-2942] INFO  impl.RaftServerImpl (RaftServerImpl.java:setRole(184)) - 279bca68-3e74-4690-81cf-da5ab79b92f7@group-AF49A4A4CA2A: changes role from  FOLLOWER to CANDIDATE at term 445 for changeToCandidate
2019-10-23 12:37:01,777 [Thread-2942] INFO  impl.RoleInfo (RoleInfo.java:updateAndGet(143)) - 279bca68-3e74-4690-81cf-da5ab79b92f7: start LeaderElection
2019-10-23 12:37:01,794 [279bca68-3e74-4690-81cf-da5ab79b92f7@group-AF49A4A4CA2A-LeaderElection407] INFO  impl.LeaderElection (LeaderElection.java:askForVotes(178)) - 279bca68-3e74-4690-81cf-da5ab79b92f7@group-AF49A4A4CA2A-LeaderElection407: begin an election at term 446 for -1: [daebe4f8-0ad9-4eb2-8ed7-3a8051847eb6:192.168.69.118:44860, 389d5540-641f-48c2-a9df-60738dbad976:192.168.69.118:45712, 279bca68-3e74-4690-81cf-da5ab79b92f7:192.168.69.118:45510], old=null
2019-10-23 12:37:01,796 [grpc-default-executor-0] INFO  impl.RaftServerImpl (RaftServerImpl.java:setRole(184)) - daebe4f8-0ad9-4eb2-8ed7-3a8051847eb6@group-AF49A4A4CA2A: changes role from  FOLLOWER to FOLLOWER at term 446 for recognizeCandidate:279bca68-3e74-4690-81cf-da5ab79b92f7
2019-10-23 12:37:01,796 [grpc-default-executor-0] INFO  impl.RoleInfo (RoleInfo.java:shutdownFollowerState(121)) - daebe4f8-0ad9-4eb2-8ed7-3a8051847eb6: shutdown FollowerState
2019-10-23 12:37:01,796 [grpc-default-executor-0] INFO  impl.RoleInfo (RoleInfo.java:updateAndGet(143)) - daebe4f8-0ad9-4eb2-8ed7-3a8051847eb6: start FollowerState
2019-10-23 12:37:01,796 [Thread-2941] INFO  impl.FollowerState (FollowerState.java:run(117)) - daebe4f8-0ad9-4eb2-8ed7-3a8051847eb6@group-AF49A4A4CA2A-FollowerState was interrupted: java.lang.InterruptedException: sleep interrupted
2019-10-23 12:37:01,796 [grpc-default-executor-3] INFO  impl.RaftServerImpl (RaftServerImpl.java:setRole(184)) - 389d5540-641f-48c2-a9df-60738dbad976@group-AF49A4A4CA2A: changes role from  FOLLOWER to FOLLOWER at term 446 for recognizeCandidate:279bca68-3e74-4690-81cf-da5ab79b92f7
2019-10-23 12:37:01,797 [grpc-default-executor-3] INFO  impl.RoleInfo (RoleInfo.java:shutdownFollowerState(121)) - 389d5540-641f-48c2-a9df-60738dbad976: shutdown FollowerState
2019-10-23 12:37:01,797 [grpc-default-executor-3] INFO  impl.RoleInfo (RoleInfo.java:updateAndGet(143)) - 389d5540-641f-48c2-a9df-60738dbad976: start FollowerState
2019-10-23 12:37:01,797 [Thread-2940] INFO  impl.FollowerState (FollowerState.java:run(117)) - 389d5540-641f-48c2-a9df-60738dbad976@group-AF49A4A4CA2A-FollowerState was interrupted: java.lang.InterruptedException: sleep interrupted
2019-10-23 12:37:01,808 [279bca68-3e74-4690-81cf-da5ab79b92f7@group-AF49A4A4CA2A-LeaderElection407] INFO  impl.LeaderElection (LeaderElection.java:logAndReturn(56)) - 279bca68-3e74-4690-81cf-da5ab79b92f7@group-AF49A4A4CA2A-LeaderElection407: Election TIMEOUT; received 0 response(s) [] and 0 exception(s); 279bca68-3e74-4690-81cf-da5ab79b92f7@group-AF49A4A4CA2A:t446, leader=null, voted=279bca68-3e74-4690-81cf-da5ab79b92f7, raftlog=279bca68-3e74-4690-81cf-da5ab79b92f7@group-AF49A4A4CA2A-SegmentedRaftLog:OPENED:c-1,f-1,i0, conf=-1: [daebe4f8-0ad9-4eb2-8ed7-3a8051847eb6:192.168.69.118:44860, 389d5540-641f-48c2-a9df-60738dbad976:192.168.69.118:45712, 279bca68-3e74-4690-81cf-da5ab79b92f7:192.168.69.118:45510], old=null
2019-10-23 12:37:01,822 [279bca68-3e74-4690-81cf-da5ab79b92f7@group-AF49A4A4CA2A-LeaderElection407] INFO  impl.LeaderElection (LeaderElection.java:askForVotes(178)) - 279bca68-3e74-4690-81cf-da5ab79b92f7@group-AF49A4A4CA2A-LeaderElection407: begin an election at term 447 for -1: [daebe4f8-0ad9-4eb2-8ed7-3a8051847eb6:192.168.69.118:44860, 389d5540-641f-48c2-a9df-60738dbad976:192.168.69.118:45712, 279bca68-3e74-4690-81cf-da5ab79b92f7:192.168.69.118:45510], old=null
2019-10-23 12:37:01,823 [grpc-default-executor-3] INFO  impl.RaftServerImpl (RaftServerImpl.java:setRole(184)) - daebe4f8-0ad9-4eb2-8ed7-3a8051847eb6@group-AF49A4A4CA2A: changes role from  FOLLOWER to FOLLOWER at term 447 for recognizeCandidate:279bca68-3e74-4690-81cf-da5ab79b92f7
2019-10-23 12:37:01,824 [grpc-default-executor-3] INFO  impl.RoleInfo (RoleInfo.java:shutdownFollowerState(121)) - daebe4f8-0ad9-4eb2-8ed7-3a8051847eb6: shutdown FollowerState
2019-10-23 12:37:01,824 [grpc-default-executor-0] INFO  impl.RaftServerImpl (RaftServerImpl.java:setRole(184)) - 389d5540-641f-48c2-a9df-60738dbad976@group-AF49A4A4CA2A: changes role from  FOLLOWER to FOLLOWER at term 447 for recognizeCandidate:279bca68-3e74-4690-81cf-da5ab79b92f7
2019-10-23 12:37:01,824 [Thread-2948] INFO  impl.FollowerState (FollowerState.java:run(117)) - daebe4f8-0ad9-4eb2-8ed7-3a8051847eb6@group-AF49A4A4CA2A-FollowerState was interrupted: java.lang.InterruptedException: sleep interrupted
2019-10-23 12:37:01,824 [grpc-default-executor-3] INFO  impl.RoleInfo (RoleInfo.java:updateAndGet(143)) - daebe4f8-0ad9-4eb2-8ed7-3a8051847eb6: start FollowerState
2019-10-23 12:37:01,824 [grpc-default-executor-0] INFO  impl.RoleInfo (RoleInfo.java:shutdownFollowerState(121)) - 389d5540-641f-48c2-a9df-60738dbad976: shutdown FollowerState
2019-10-23 12:37:01,824 [grpc-default-executor-0] INFO  impl.RoleInfo (RoleInfo.java:updateAndGet(143)) - 389d5540-641f-48c2-a9df-60738dbad976: start FollowerState
2019-10-23 12:37:01,824 [Thread-2949] INFO  impl.FollowerState (FollowerState.java:run(117)) - 389d5540-641f-48c2-a9df-60738dbad976@group-AF49A4A4CA2A-FollowerState was interrupted: java.lang.InterruptedException: sleep interrupted
2019-10-23 12:37:01,838 [279bca68-3e74-4690-81cf-da5ab79b92f7@group-AF49A4A4CA2A-LeaderElection407] INFO  impl.LeaderElection (LeaderElection.java:logAndReturn(56)) - 279bca68-3e74-4690-81cf-da5ab79b92f7@group-AF49A4A4CA2A-LeaderElection407: Election REJECTED; received 2 response(s) [279bca68-3e74-4690-81cf-da5ab79b92f7<-daebe4f8-0ad9-4eb2-8ed7-3a8051847eb6#0:FAIL-t447, 279bca68-3e74-4690-81cf-da5ab79b92f7<-389d5540-641f-48c2-a9df-60738dbad976#0:FAIL-t447] and 0 exception(s); 279bca68-3e74-4690-81cf-da5ab79b92f7@group-AF49A4A4CA2A:t447, leader=null, voted=279bca68-3e74-4690-81cf-da5ab79b92f7, raftlog=279bca68-3e74-4690-81cf-da5ab79b92f7@group-AF49A4A4CA2A-SegmentedRaftLog:OPENED:c-1,f-1,i0, conf=-1: [daebe4f8-0ad9-4eb2-8ed7-3a8051847eb6:192.168.69.118:44860, 389d5540-641f-48c2-a9df-60738dbad976:192.168.69.118:45712, 279bca68-3e74-4690-81cf-da5ab79b92f7:192.168.69.118:45510], old=null
2019-10-23 12:37:01,838 [279bca68-3e74-4690-81cf-da5ab79b92f7@group-AF49A4A4CA2A-LeaderElection407] INFO  impl.RaftServerImpl (RaftServerImpl.java:setRole(184)) - 279bca68-3e74-4690-81cf-da5ab79b92f7@group-AF49A4A4CA2A: changes role from CANDIDATE to FOLLOWER at term 447 for DISCOVERED_A_NEW_TERM
2019-10-23 12:37:01,839 [279bca68-3e74-4690-81cf-da5ab79b92f7@group-AF49A4A4CA2A-LeaderElection407] INFO  impl.RoleInfo (RoleInfo.java:shutdownLeaderElection(134)) - 279bca68-3e74-4690-81cf-da5ab79b92f7: shutdown LeaderElection
2019-10-23 12:37:01,839 [279bca68-3e74-4690-81cf-da5ab79b92f7@group-AF49A4A4CA2A-LeaderElection407] INFO  impl.RoleInfo (RoleInfo.java:updateAndGet(143)) - 279bca68-3e74-4690-81cf-da5ab79b92f7: start FollowerState
2019-10-23 12:37:01,887 [Thread-2954] INFO  impl.FollowerState (FollowerState.java:run(108)) - 279bca68-3e74-4690-81cf-da5ab79b92f7@group-AF49A4A4CA2A-FollowerState: change to CANDIDATE, lastRpcTime:48ms, electionTimeout:48ms
2019-10-23 12:37:01,887 [Thread-2954] INFO  impl.RoleInfo (RoleInfo.java:shutdownFollowerState(121)) - 279bca68-3e74-4690-81cf-da5ab79b92f7: shutdown FollowerState
2019-10-23 12:37:01,887 [Thread-2954] INFO  impl.RaftServerImpl (RaftServerImpl.java:setRole(184)) - 279bca68-3e74-4690-81cf-da5ab79b92f7@group-AF49A4A4CA2A: changes role from  FOLLOWER to CANDIDATE at term 447 for changeToCandidate
2019-10-23 12:37:01,887 [Thread-2954] INFO  impl.RoleInfo (RoleInfo.java:updateAndGet(143)) - 279bca68-3e74-4690-81cf-da5ab79b92f7: start LeaderElection
2019-10-23 12:37:01,901 [279bca68-3e74-4690-81cf-da5ab79b92f7@group-AF49A4A4CA2A-LeaderElection408] INFO  impl.LeaderElection (LeaderElection.java:askForVotes(178)) - 279bca68-3e74-4690-81cf-da5ab79b92f7@group-AF49A4A4CA2A-LeaderElection408: begin an election at term 448 for -1: [daebe4f8-0ad9-4eb2-8ed7-3a8051847eb6:192.168.69.118:44860, 389d5540-641f-48c2-a9df-60738dbad976:192.168.69.118:45712, 279bca68-3e74-4690-81cf-da5ab79b92f7:192.168.69.118:45510], old=null
2019-10-23 12:37:01,902 [grpc-default-executor-3] INFO  impl.RaftServerImpl (RaftServerImpl.java:setRole(184)) - 389d5540-641f-48c2-a9df-60738dbad976@group-AF49A4A4CA2A: changes role from  FOLLOWER to FOLLOWER at term 448 for recognizeCandidate:279bca68-3e74-4690-81cf-da5ab79b92f7
2019-10-23 12:37:01,902 [grpc-default-executor-0] INFO  impl.RaftServerImpl (RaftServerImpl.java:setRole(184)) - daebe4f8-0ad9-4eb2-8ed7-3a8051847eb6@group-AF49A4A4CA2A: changes role from  FOLLOWER to FOLLOWER at term 448 for recognizeCandidate:279bca68-3e74-4690-81cf-da5ab79b92f7
2019-10-23 12:37:01,902 [grpc-default-executor-3] INFO  impl.RoleInfo (RoleInfo.java:shutdownFollowerState(121)) - 389d5540-641f-48c2-a9df-60738dbad976: shutdown FollowerState
2019-10-23 12:37:01,903 [grpc-default-executor-0] INFO  impl.RoleInfo (RoleInfo.java:shutdownFollowerState(121)) - daebe4f8-0ad9-4eb2-8ed7-3a8051847eb6: shutdown FollowerState
2019-10-23 12:37:01,903 [grpc-default-executor-0] INFO  impl.RoleInfo (RoleInfo.java:updateAndGet(143)) - daebe4f8-0ad9-4eb2-8ed7-3a8051847eb6: start FollowerState
2019-10-23 12:37:01,903 [Thread-2953] INFO  impl.FollowerState (FollowerState.java:run(117)) - 389d5540-641f-48c2-a9df-60738dbad976@group-AF49A4A4CA2A-FollowerState was interrupted: java.lang.InterruptedException: sleep interrupted
2019-10-23 12:37:01,903 [grpc-default-executor-3] INFO  impl.RoleInfo (RoleInfo.java:updateAndGet(143)) - 389d5540-641f-48c2-a9df-60738dbad976: start FollowerState
2019-10-23 12:37:01,903 [Thread-2952] INFO  impl.FollowerState (FollowerState.java:run(117)) - daebe4f8-0ad9-4eb2-8ed7-3a8051847eb6@group-AF49A4A4CA2A-FollowerState was interrupted: java.lang.InterruptedException: sleep interrupted
2019-10-23 12:37:01,918 [279bca68-3e74-4690-81cf-da5ab79b92f7@group-AF49A4A4CA2A-LeaderElection408] INFO  impl.LeaderElection (LeaderElection.java:logAndReturn(56)) - 279bca68-3e74-4690-81cf-da5ab79b92f7@group-AF49A4A4CA2A-LeaderElection408: Election REJECTED; received 2 response(s) [279bca68-3e74-4690-81cf-da5ab79b92f7<-daebe4f8-0ad9-4eb2-8ed7-3a8051847eb6#0:FAIL-t448, 279bca68-3e74-4690-81cf-da5ab79b92f7<-389d5540-641f-48c2-a9df-60738dbad976#0:FAIL-t448] and 0 exception(s); 279bca68-3e74-4690-81cf-da5ab79b92f7@group-AF49A4A4CA2A:t448, leader=null, voted=279bca68-3e74-4690-81cf-da5ab79b92f7, raftlog=279bca68-3e74-4690-81cf-da5ab79b92f7@group-AF49A4A4CA2A-SegmentedRaftLog:OPENED:c-1,f-1,i0, conf=-1: [daebe4f8-0ad9-4eb2-8ed7-3a8051847eb6:192.168.69.118:44860, 389d5540-641f-48c2-a9df-60738dbad976:192.168.69.118:45712, 279bca68-3e74-4690-81cf-da5ab79b92f7:192.168.69.118:45510], old=null
2019-10-23 12:37:01,918 [279bca68-3e74-4690-81cf-da5ab79b92f7@group-AF49A4A4CA2A-LeaderElection408] INFO  impl.RaftServerImpl (RaftServerImpl.java:setRole(184)) - 279bca68-3e74-4690-81cf-da5ab79b92f7@group-AF49A4A4CA2A: changes role from CANDIDATE to FOLLOWER at term 448 for DISCOVERED_A_NEW_TERM
2019-10-23 12:37:01,918 [279bca68-3e74-4690-81cf-da5ab79b92f7@group-AF49A4A4CA2A-LeaderElection408] INFO  impl.RoleInfo (RoleInfo.java:shutdownLeaderElection(134)) - 279bca68-3e74-4690-81cf-da5ab79b92f7: shutdown LeaderElection
2019-10-23 12:37:01,918 [279bca68-3e74-4690-81cf-da5ab79b92f7@group-AF49A4A4CA2A-LeaderElection408] INFO  impl.RoleInfo (RoleInfo.java:updateAndGet(143)) - 279bca68-3e74-4690-81cf-da5ab79b92f7: start FollowerState
2019-10-23 12:37:01,953 [Thread-2961] INFO  impl.FollowerState (FollowerState.java:run(108)) - 279bca68-3e74-4690-81cf-da5ab79b92f7@group-AF49A4A4CA2A-FollowerState: change to CANDIDATE, lastRpcTime:34ms, electionTimeout:34ms
2019-10-23 12:37:01,953 [Thread-2961] INFO  impl.RoleInfo (RoleInfo.java:shutdownFollowerState(121)) - 279bca68-3e74-4690-81cf-da5ab79b92f7: shutdown FollowerState
2019-10-23 12:37:01,953 [Thread-2961] INFO  impl.RaftServerImpl (RaftServerImpl.java:setRole(184)) - 279bca68-3e74-4690-81cf-da5ab79b92f7@group-AF49A4A4CA2A: changes role from  FOLLOWER to CANDIDATE at term 448 for changeToCandidate
2019-10-23 12:37:01,953 [Thread-2961] INFO  impl.RoleInfo (RoleInfo.java:updateAndGet(143)) - 279bca68-3e74-4690-81cf-da5ab79b92f7: start LeaderElection
2019-10-23 12:37:01,967 [279bca68-3e74-4690-81cf-da5ab79b92f7@group-AF49A4A4CA2A-LeaderElection409] INFO  impl.LeaderElection (LeaderElection.java:askForVotes(178)) - 279bca68-3e74-4690-81cf-da5ab79b92f7@group-AF49A4A4CA2A-LeaderElection409: begin an election at term 449 for -1: [daebe4f8-0ad9-4eb2-8ed7-3a8051847eb6:192.168.69.118:44860, 389d5540-641f-48c2-a9df-60738dbad976:192.168.69.118:45712, 279bca68-3e74-4690-81cf-da5ab79b92f7:192.168.69.118:45510], old=null
2019-10-23 12:37:01,968 [grpc-default-executor-3] INFO  impl.RaftServerImpl (RaftServerImpl.java:setRole(184)) - daebe4f8-0ad9-4eb2-8ed7-3a8051847eb6@group-AF49A4A4CA2A: changes role from  FOLLOWER to FOLLOWER at term 449 for recognizeCandidate:279bca68-3e74-4690-81cf-da5ab79b92f7
2019-10-23 12:37:01,969 [grpc-default-executor-0] INFO  impl.RaftServerImpl (RaftServerImpl.java:setRole(184)) - 389d5540-641f-48c2-a9df-60738dbad976@group-AF49A4A4CA2A: changes role from  FOLLOWER to FOLLOWER at term 449 for recognizeCandidate:279bca68-3e74-4690-81cf-da5ab79b92f7
2019-10-23 12:37:01,969 [grpc-default-executor-0] INFO  impl.RoleInfo (RoleInfo.java:shutdownFollowerState(121)) - 389d5540-641f-48c2-a9df-60738dbad976: shutdown FollowerState
2019-10-23 12:37:01,969 [grpc-default-executor-3] INFO  impl.RoleInfo (RoleInfo.java:shutdownFollowerState(121)) - daebe4f8-0ad9-4eb2-8ed7-3a8051847eb6: shutdown FollowerState
2019-10-23 12:37:01,969 [grpc-default-executor-0] INFO  impl.RoleInfo (RoleInfo.java:updateAndGet(143)) - 389d5540-641f-48c2-a9df-60738dbad976: start FollowerState
2019-10-23 12:37:01,969 [Thread-2958] INFO  impl.FollowerState (FollowerState.java:run(117)) - 389d5540-641f-48c2-a9df-60738dbad976@group-AF49A4A4CA2A-FollowerState was interrupted: java.lang.InterruptedException: sleep interrupted
2019-10-23 12:37:01,969 [Thread-2959] INFO  impl.FollowerState (FollowerState.java:run(117)) - daebe4f8-0ad9-4eb2-8ed7-3a8051847eb6@group-AF49A4A4CA2A-FollowerState was interrupted: java.lang.InterruptedException: sleep interrupted
2019-10-23 12:37:01,969 [grpc-default-executor-3] INFO  impl.RoleInfo (RoleInfo.java:updateAndGet(143)) - daebe4f8-0ad9-4eb2-8ed7-3a8051847eb6: start FollowerState
2019-10-23 12:37:01,985 [279bca68-3e74-4690-81cf-da5ab79b92f7@group-AF49A4A4CA2A-LeaderElection409] INFO  impl.LeaderElection (LeaderElection.java:logAndReturn(56)) - 279bca68-3e74-4690-81cf-da5ab79b92f7@group-AF49A4A4CA2A-LeaderElection409: Election REJECTED; received 2 response(s) [279bca68-3e74-4690-81cf-da5ab79b92f7<-daebe4f8-0ad9-4eb2-8ed7-3a8051847eb6#0:FAIL-t449, 279bca68-3e74-4690-81cf-da5ab79b92f7<-389d5540-641f-48c2-a9df-60738dbad976#0:FAIL-t449] and 0 exception(s); 279bca68-3e74-4690-81cf-da5ab79b92f7@group-AF49A4A4CA2A:t449, leader=null, voted=279bca68-3e74-4690-81cf-da5ab79b92f7, raftlog=279bca68-3e74-4690-81cf-da5ab79b92f7@group-AF49A4A4CA2A-SegmentedRaftLog:OPENED:c-1,f-1,i0, conf=-1: [daebe4f8-0ad9-4eb2-8ed7-3a8051847eb6:192.168.69.118:44860, 389d5540-641f-48c2-a9df-60738dbad976:192.168.69.118:45712, 279bca68-3e74-4690-81cf-da5ab79b92f7:192.168.69.118:45510], old=null
2019-10-23 12:37:01,985 [279bca68-3e74-4690-81cf-da5ab79b92f7@group-AF49A4A4CA2A-LeaderElection409] INFO  impl.RaftServerImpl (RaftServerImpl.java:setRole(184)) - 279bca68-3e74-4690-81cf-da5ab79b92f7@group-AF49A4A4CA2A: changes role from CANDIDATE to FOLLOWER at term 449 for DISCOVERED_A_NEW_TERM
2019-10-23 12:37:01,986 [279bca68-3e74-4690-81cf-da5ab79b92f7@group-AF49A4A4CA2A-LeaderElection409] INFO  impl.RoleInfo (RoleInfo.java:shutdownLeaderElection(134)) - 279bca68-3e74-4690-81cf-da5ab79b92f7: shutdown LeaderElection
2019-10-23 12:37:01,986 [279bca68-3e74-4690-81cf-da5ab79b92f7@group-AF49A4A4CA2A-LeaderElection409] INFO  impl.RoleInfo (RoleInfo.java:updateAndGet(143)) - 279bca68-3e74-4690-81cf-da5ab79b92f7: start FollowerState
2019-10-23 12:37:02,111 [Thread-2968] INFO  impl.FollowerState (FollowerState.java:run(108)) - 279bca68-3e74-4690-81cf-da5ab79b92f7@group-AF49A4A4CA2A-FollowerState: change to CANDIDATE, lastRpcTime:125ms, electionTimeout:125ms
2019-10-23 12:37:02,111 [Thread-2968] INFO  impl.RoleInfo (RoleInfo.java:shutdownFollowerState(121)) - 279bca68-3e74-4690-81cf-da5ab79b92f7: shutdown FollowerState
2019-10-23 12:37:02,111 [Thread-2968] INFO  impl.RaftServerImpl (RaftServerImpl.java:setRole(184)) - 279bca68-3e74-4690-81cf-da5ab79b92f7@group-AF49A4A4CA2A: changes role from  FOLLOWER to CANDIDATE at term 449 for changeToCandidate
2019-10-23 12:37:02,112 [Thread-2968] INFO  impl.RoleInfo (RoleInfo.java:updateAndGet(143)) - 279bca68-3e74-4690-81cf-da5ab79b92f7: start LeaderElection
2019-10-23 12:37:02,127 [279bca68-3e74-4690-81cf-da5ab79b92f7@group-AF49A4A4CA2A-LeaderElection410] INFO  impl.LeaderElection (LeaderElection.java:askForVotes(178)) - 279bca68-3e74-4690-81cf-da5ab79b92f7@group-AF49A4A4CA2A-LeaderElection410: begin an election at term 450 for -1: [daebe4f8-0ad9-4eb2-8ed7-3a8051847eb6:192.168.69.118:44860, 389d5540-641f-48c2-a9df-60738dbad976:192.168.69.118:45712, 279bca68-3e74-4690-81cf-da5ab79b92f7:192.168.69.118:45510], old=null
2019-10-23 12:37:02,129 [grpc-default-executor-3] INFO  impl.RaftServerImpl (RaftServerImpl.java:setRole(184)) - daebe4f8-0ad9-4eb2-8ed7-3a8051847eb6@group-AF49A4A4CA2A: changes role from  FOLLOWER to FOLLOWER at term 450 for recognizeCandidate:279bca68-3e74-4690-81cf-da5ab79b92f7
2019-10-23 12:37:02,129 [grpc-default-executor-0] INFO  impl.RaftServerImpl (RaftServerImpl.java:setRole(184)) - 389d5540-641f-48c2-a9df-60738dbad976@group-AF49A4A4CA2A: changes role from  FOLLOWER to FOLLOWER at term 450 for recognizeCandidate:279bca68-3e74-4690-81cf-da5ab79b92f7
2019-10-23 12:37:02,130 [grpc-default-executor-0] INFO  impl.RoleInfo (RoleInfo.java:shutdownFollowerState(121)) - 389d5540-641f-48c2-a9df-60738dbad976: shutdown FollowerState
2019-10-23 12:37:02,129 [grpc-default-executor-3] INFO  impl.RoleInfo (RoleInfo.java:shutdownFollowerState(121)) - daebe4f8-0ad9-4eb2-8ed7-3a8051847eb6: shutdown FollowerState
2019-10-23 12:37:02,130 [Thread-2966] INFO  impl.FollowerState (FollowerState.java:run(117)) - 389d5540-641f-48c2-a9df-60738dbad976@group-AF49A4A4CA2A-FollowerState was interrupted: java.lang.InterruptedException: sleep interrupted
2019-10-23 12:37:02,130 [grpc-default-executor-0] INFO  impl.RoleInfo (RoleInfo.java:updateAndGet(143)) - 389d5540-641f-48c2-a9df-60738dbad976: start FollowerState
2019-10-23 12:37:02,130 [Thread-2967] INFO  impl.FollowerState (FollowerState.java:run(117)) - daebe4f8-0ad9-4eb2-8ed7-3a8051847eb6@group-AF49A4A4CA2A-FollowerState was interrupted: java.lang.InterruptedException: sleep interrupted
2019-10-23 12:37:02,130 [grpc-default-executor-3] INFO  impl.RoleInfo (RoleInfo.java:updateAndGet(143)) - daebe4f8-0ad9-4eb2-8ed7-3a8051847eb6: start FollowerState
2019-10-23 12:37:02,144 [279bca68-3e74-4690-81cf-da5ab79b92f7@group-AF49A4A4CA2A-LeaderElection410] INFO  impl.LeaderElection (LeaderElection.java:logAndReturn(56)) - 279bca68-3e74-4690-81cf-da5ab79b92f7@group-AF49A4A4CA2A-LeaderElection410: Election REJECTED; received 2 response(s) [279bca68-3e74-4690-81cf-da5ab79b92f7<-daebe4f8-0ad9-4eb2-8ed7-3a8051847eb6#0:FAIL-t450, 279bca68-3e74-4690-81cf-da5ab79b92f7<-389d5540-641f-48c2-a9df-60738dbad976#0:FAIL-t450] and 0 exception(s); 279bca68-3e74-4690-81cf-da5ab79b92f7@group-AF49A4A4CA2A:t450, leader=null, voted=279bca68-3e74-4690-81cf-da5ab79b92f7, raftlog=279bca68-3e74-4690-81cf-da5ab79b92f7@group-AF49A4A4CA2A-SegmentedRaftLog:OPENED:c-1,f-1,i0, conf=-1: [daebe4f8-0ad9-4eb2-8ed7-3a8051847eb6:192.168.69.118:44860, 389d5540-641f-48c2-a9df-60738dbad976:192.168.69.118:45712, 279bca68-3e74-4690-81cf-da5ab79b92f7:192.168.69.118:45510], old=null
2019-10-23 12:37:02,145 [279bca68-3e74-4690-81cf-da5ab79b92f7@group-AF49A4A4CA2A-LeaderElection410] INFO  impl.RaftServerImpl (RaftServerImpl.java:setRole(184)) - 279bca68-3e74-4690-81cf-da5ab79b92f7@group-AF49A4A4CA2A: changes role from CANDIDATE to FOLLOWER at term 450 for DISCOVERED_A_NEW_TERM
2019-10-23 12:37:02,145 [279bca68-3e74-4690-81cf-da5ab79b92f7@group-AF49A4A4CA2A-LeaderElection410] INFO  impl.RoleInfo (RoleInfo.java:shutdownLeaderElection(134)) - 279bca68-3e74-4690-81cf-da5ab79b92f7: shutdown LeaderElection
2019-10-23 12:37:02,145 [279bca68-3e74-4690-81cf-da5ab79b92f7@group-AF49A4A4CA2A-LeaderElection410] INFO  impl.RoleInfo (RoleInfo.java:updateAndGet(143)) - 279bca68-3e74-4690-81cf-da5ab79b92f7: start FollowerState
2019-10-23 12:37:02,335 [Thread-2976] INFO  impl.FollowerState (FollowerState.java:run(108)) - 279bca68-3e74-4690-81cf-da5ab79b92f7@group-AF49A4A4CA2A-FollowerState: change to CANDIDATE, lastRpcTime:190ms, electionTimeout:190ms
2019-10-23 12:37:02,335 [Thread-2976] INFO  impl.RoleInfo (RoleInfo.java:shutdownFollowerState(121)) - 279bca68-3e74-4690-81cf-da5ab79b92f7: shutdown FollowerState
2019-10-23 12:37:02,336 [Thread-2976] INFO  impl.RaftServerImpl (RaftServerImpl.java:setRole(184)) - 279bca68-3e74-4690-81cf-da5ab79b92f7@group-AF49A4A4CA2A: changes role from  FOLLOWER to CANDIDATE at term 450 for changeToCandidate
2019-10-23 12:37:02,336 [Thread-2976] INFO  impl.RoleInfo (RoleInfo.java:updateAndGet(143)) - 279bca68-3e74-4690-81cf-da5ab79b92f7: start LeaderElection
2019-10-23 12:37:02,358 [279bca68-3e74-4690-81cf-da5ab79b92f7@group-AF49A4A4CA2A-LeaderElection411] INFO  impl.LeaderElection (LeaderElection.java:askForVotes(178)) - 279bca68-3e74-4690-81cf-da5ab79b92f7@group-AF49A4A4CA2A-LeaderElection411: begin an election at term 451 for -1: [daebe4f8-0ad9-4eb2-8ed7-3a8051847eb6:192.168.69.118:44860, 389d5540-641f-48c2-a9df-60738dbad976:192.168.69.118:45712, 279bca68-3e74-4690-81cf-da5ab79b92f7:192.168.69.118:45510], old=null
2019-10-23 12:37:02,360 [grpc-default-executor-3] INFO  impl.RaftServerImpl (RaftServerImpl.java:setRole(184)) - 389d5540-641f-48c2-a9df-60738dbad976@group-AF49A4A4CA2A: changes role from  FOLLOWER to FOLLOWER at term 451 for recognizeCandidate:279bca68-3e74-4690-81cf-da5ab79b92f7
2019-10-23 12:37:02,360 [grpc-default-executor-0] INFO  impl.RaftServerImpl (RaftServerImpl.java:setRole(184)) - daebe4f8-0ad9-4eb2-8ed7-3a8051847eb6@group-AF49A4A4CA2A: changes role from  FOLLOWER to FOLLOWER at term 451 for recognizeCandidate:279bca68-3e74-4690-81cf-da5ab79b92f7
2019-10-23 12:37:02,360 [grpc-default-executor-3] INFO  impl.RoleInfo (RoleInfo.java:shutdownFollowerState(121)) - 389d5540-641f-48c2-a9df-60738dbad976: shutdown FollowerState
2019-10-23 12:37:02,360 [grpc-default-executor-0] INFO  impl.RoleInfo (RoleInfo.java:shutdownFollowerState(121)) - daebe4f8-0ad9-4eb2-8ed7-3a8051847eb6: shutdown FollowerState
2019-10-23 12:37:02,360 [Thread-2974] INFO  impl.FollowerState (FollowerState.java:run(117)) - 389d5540-641f-48c2-a9df-60738dbad976@group-AF49A4A4CA2A-FollowerState was interrupted: java.lang.InterruptedException: sleep interrupted
2019-10-23 12:37:02,361 [Thread-2975] INFO  impl.FollowerState (FollowerState.java:run(117)) - daebe4f8-0ad9-4eb2-8ed7-3a8051847eb6@group-AF49A4A4CA2A-FollowerState was interrupted: java.lang.InterruptedException: sleep interrupted
2019-10-23 12:37:02,360 [grpc-default-executor-3] INFO  impl.RoleInfo (RoleInfo.java:updateAndGet(143)) - 389d5540-641f-48c2-a9df-60738dbad976: start FollowerState
2019-10-23 12:37:02,361 [grpc-default-executor-0] INFO  impl.RoleInfo (RoleInfo.java:updateAndGet(143)) - daebe4f8-0ad9-4eb2-8ed7-3a8051847eb6: start FollowerState
2019-10-23 12:37:02,378 [279bca68-3e74-4690-81cf-da5ab79b92f7@group-AF49A4A4CA2A-LeaderElection411] INFO  impl.LeaderElection (LeaderElection.java:logAndReturn(56)) - 279bca68-3e74-4690-81cf-da5ab79b92f7@group-AF49A4A4CA2A-LeaderElection411: Election REJECTED; received 2 response(s) [279bca68-3e74-4690-81cf-da5ab79b92f7<-daebe4f8-0ad9-4eb2-8ed7-3a8051847eb6#0:FAIL-t451, 279bca68-3e74-4690-81cf-da5ab79b92f7<-389d5540-641f-48c2-a9df-60738dbad976#0:FAIL-t451] and 0 exception(s); 279bca68-3e74-4690-81cf-da5ab79b92f7@group-AF49A4A4CA2A:t451, leader=null, voted=279bca68-3e74-4690-81cf-da5ab79b92f7, raftlog=279bca68-3e74-4690-81cf-da5ab79b92f7@group-AF49A4A4CA2A-SegmentedRaftLog:OPENED:c-1,f-1,i0, conf=-1: [daebe4f8-0ad9-4eb2-8ed7-3a8051847eb6:192.168.69.118:44860, 389d5540-641f-48c2-a9df-60738dbad976:192.168.69.118:45712, 279bca68-3e74-4690-81cf-da5ab79b92f7:192.168.69.118:45510], old=null
2019-10-23 12:37:02,378 [279bca68-3e74-4690-81cf-da5ab79b92f7@group-AF49A4A4CA2A-LeaderElection411] INFO  impl.RaftServerImpl (RaftServerImpl.java:setRole(184)) - 279bca68-3e74-4690-81cf-da5ab79b92f7@group-AF49A4A4CA2A: changes role from CANDIDATE to FOLLOWER at term 451 for DISCOVERED_A_NEW_TERM
2019-10-23 12:37:02,378 [279bca68-3e74-4690-81cf-da5ab79b92f7@group-AF49A4A4CA2A-LeaderElection411] INFO  impl.RoleInfo (RoleInfo.java:shutdownLeaderElection(134)) - 279bca68-3e74-4690-81cf-da5ab79b92f7: shutdown LeaderElection
2019-10-23 12:37:02,378 [279bca68-3e74-4690-81cf-da5ab79b92f7@group-AF49A4A4CA2A-LeaderElection411] INFO  impl.RoleInfo (RoleInfo.java:updateAndGet(143)) - 279bca68-3e74-4690-81cf-da5ab79b92f7: start FollowerState
2019-10-23 12:37:02,532 [Thread-2982] INFO  impl.FollowerState (FollowerState.java:run(108)) - 279bca68-3e74-4690-81cf-da5ab79b92f7@group-AF49A4A4CA2A-FollowerState: change to CANDIDATE, lastRpcTime:153ms, electionTimeout:153ms
2019-10-23 12:37:02,532 [Thread-2982] INFO  impl.RoleInfo (RoleInfo.java:shutdownFollowerState(121)) - 279bca68-3e74-4690-81cf-da5ab79b92f7: shutdown FollowerState
2019-10-23 12:37:02,532 [Thread-2982] INFO  impl.RaftServerImpl (RaftServerImpl.java:setRole(184)) - 279bca68-3e74-4690-81cf-da5ab79b92f7@group-AF49A4A4CA2A: changes role from  FOLLOWER to CANDIDATE at term 451 for changeToCandidate
2019-10-23 12:37:02,532 [Thread-2982] INFO  impl.RoleInfo (RoleInfo.java:updateAndGet(143)) - 279bca68-3e74-4690-81cf-da5ab79b92f7: start LeaderElection
2019-10-23 12:37:02,545 [279bca68-3e74-4690-81cf-da5ab79b92f7@group-AF49A4A4CA2A-LeaderElection412] INFO  impl.LeaderElection (LeaderElection.java:askForVotes(178)) - 279bca68-3e74-4690-81cf-da5ab79b92f7@group-AF49A4A4CA2A-LeaderElection412: begin an election at term 452 for -1: [daebe4f8-0ad9-4eb2-8ed7-3a8051847eb6:192.168.69.118:44860, 389d5540-641f-48c2-a9df-60738dbad976:192.168.69.118:45712, 279bca68-3e74-4690-81cf-da5ab79b92f7:192.168.69.118:45510], old=null
2019-10-23 12:37:02,547 [grpc-default-executor-0] INFO  impl.RaftServerImpl (RaftServerImpl.java:setRole(184)) - daebe4f8-0ad9-4eb2-8ed7-3a8051847eb6@group-AF49A4A4CA2A: changes role from  FOLLOWER to FOLLOWER at term 452 for recognizeCandidate:279bca68-3e74-4690-81cf-da5ab79b92f7
2019-10-23 12:37:02,547 [grpc-default-executor-0] INFO  impl.RoleInfo (RoleInfo.java:shutdownFollowerState(121)) - daebe4f8-0ad9-4eb2-8ed7-3a8051847eb6: shutdown FollowerState
2019-10-23 12:37:02,548 [grpc-default-executor-0] INFO  impl.RoleInfo (RoleInfo.java:updateAndGet(143)) - daebe4f8-0ad9-4eb2-8ed7-3a8051847eb6: start FollowerState
2019-10-23 12:37:02,548 [grpc-default-executor-3] INFO  impl.RaftServerImpl (RaftServerImpl.java:setRole(184)) - 389d5540-641f-48c2-a9df-60738dbad976@group-AF49A4A4CA2A: changes role from  FOLLOWER to FOLLOWER at term 452 for recognizeCandidate:279bca68-3e74-4690-81cf-da5ab79b92f7
2019-10-23 12:37:02,548 [grpc-default-executor-3] INFO  impl.RoleInfo (RoleInfo.java:shutdownFollowerState(121)) - 389d5540-641f-48c2-a9df-60738dbad976: shutdown FollowerState
2019-10-23 12:37:02,548 [Thread-2981] INFO  impl.FollowerState (FollowerState.java:run(117)) - daebe4f8-0ad9-4eb2-8ed7-3a8051847eb6@group-AF49A4A4CA2A-FollowerState was interrupted: java.lang.InterruptedException: sleep interrupted
2019-10-23 12:37:02,548 [Thread-2980] INFO  impl.FollowerState (FollowerState.java:run(117)) - 389d5540-641f-48c2-a9df-60738dbad976@group-AF49A4A4CA2A-FollowerState was interrupted: java.lang.InterruptedException: sleep interrupted
2019-10-23 12:37:02,548 [grpc-default-executor-3] INFO  impl.RoleInfo (RoleInfo.java:updateAndGet(143)) - 389d5540-641f-48c2-a9df-60738dbad976: start FollowerState
2019-10-23 12:37:02,563 [279bca68-3e74-4690-81cf-da5ab79b92f7@group-AF49A4A4CA2A-LeaderElection412] INFO  impl.LeaderElection (LeaderElection.java:logAndReturn(56)) - 279bca68-3e74-4690-81cf-da5ab79b92f7@group-AF49A4A4CA2A-LeaderElection412: Election REJECTED; received 2 response(s) [279bca68-3e74-4690-81cf-da5ab79b92f7<-daebe4f8-0ad9-4eb2-8ed7-3a8051847eb6#0:FAIL-t452, 279bca68-3e74-4690-81cf-da5ab79b92f7<-389d5540-641f-48c2-a9df-60738dbad976#0:FAIL-t452] and 0 exception(s); 279bca68-3e74-4690-81cf-da5ab79b92f7@group-AF49A4A4CA2A:t452, leader=null, voted=279bca68-3e74-4690-81cf-da5ab79b92f7, raftlog=279bca68-3e74-4690-81cf-da5ab79b92f7@group-AF49A4A4CA2A-SegmentedRaftLog:OPENED:c-1,f-1,i0, conf=-1: [daebe4f8-0ad9-4eb2-8ed7-3a8051847eb6:192.168.69.118:44860, 389d5540-641f-48c2-a9df-60738dbad976:192.168.69.118:45712, 279bca68-3e74-4690-81cf-da5ab79b92f7:192.168.69.118:45510], old=null
2019-10-23 12:37:02,563 [279bca68-3e74-4690-81cf-da5ab79b92f7@group-AF49A4A4CA2A-LeaderElection412] INFO  impl.RaftServerImpl (RaftServerImpl.java:setRole(184)) - 279bca68-3e74-4690-81cf-da5ab79b92f7@group-AF49A4A4CA2A: changes role from CANDIDATE to FOLLOWER at term 452 for DISCOVERED_A_NEW_TERM
2019-10-23 12:37:02,563 [279bca68-3e74-4690-81cf-da5ab79b92f7@group-AF49A4A4CA2A-LeaderElection412] INFO  impl.RoleInfo (RoleInfo.java:shutdownLeaderElection(134)) - 279bca68-3e74-4690-81cf-da5ab79b92f7: shutdown LeaderElection
2019-10-23 12:37:02,563 [279bca68-3e74-4690-81cf-da5ab79b92f7@group-AF49A4A4CA2A-LeaderElection412] INFO  impl.RoleInfo (RoleInfo.java:updateAndGet(143)) - 279bca68-3e74-4690-81cf-da5ab79b92f7: start FollowerState
2019-10-23 12:37:02,706 [Thread-2988] INFO  impl.FollowerState (FollowerState.java:run(108)) - 279bca68-3e74-4690-81cf-da5ab79b92f7@group-AF49A4A4CA2A-FollowerState: change to CANDIDATE, lastRpcTime:142ms, electionTimeout:142ms
2019-10-23 12:37:02,706 [Thread-2988] INFO  impl.RoleInfo (RoleInfo.java:shutdownFollowerState(121)) - 279bca68-3e74-4690-81cf-da5ab79b92f7: shutdown FollowerState
2019-10-23 12:37:02,706 [Thread-2988] INFO  impl.RaftServerImpl (RaftServerImpl.java:setRole(184)) - 279bca68-3e74-4690-81cf-da5ab79b92f7@group-AF49A4A4CA2A: changes role from  FOLLOWER to CANDIDATE at term 452 for changeToCandidate
2019-10-23 12:37:02,706 [Thread-2988] INFO  impl.RoleInfo (RoleInfo.java:updateAndGet(143)) - 279bca68-3e74-4690-81cf-da5ab79b92f7: start LeaderElection
2019-10-23 12:37:02,720 [279bca68-3e74-4690-81cf-da5ab79b92f7@group-AF49A4A4CA2A-LeaderElection413] INFO  impl.LeaderElection (LeaderElection.java:askForVotes(178)) - 279bca68-3e74-4690-81cf-da5ab79b92f7@group-AF49A4A4CA2A-LeaderElection413: begin an election at term 453 for -1: [daebe4f8-0ad9-4eb2-8ed7-3a8051847eb6:192.168.69.118:44860, 389d5540-641f-48c2-a9df-60738dbad976:192.168.69.118:45712, 279bca68-3e74-4690-81cf-da5ab79b92f7:192.168.69.118:45510], old=null
2019-10-23 12:37:02,721 [grpc-default-executor-3] INFO  impl.RaftServerImpl (RaftServerImpl.java:setRole(184)) - daebe4f8-0ad9-4eb2-8ed7-3a8051847eb6@group-AF49A4A4CA2A: changes role from  FOLLOWER to FOLLOWER at term 453 for recognizeCandidate:279bca68-3e74-4690-81cf-da5ab79b92f7
2019-10-23 12:37:02,721 [grpc-default-executor-4] INFO  impl.RaftServerImpl (RaftServerImpl.java:setRole(184)) - 389d5540-641f-48c2-a9df-60738dbad976@group-AF49A4A4CA2A: changes role from  FOLLOWER to FOLLOWER at term 453 for recognizeCandidate:279bca68-3e74-4690-81cf-da5ab79b92f7
2019-10-23 12:37:02,722 [grpc-default-executor-4] INFO  impl.RoleInfo (RoleInfo.java:shutdownFollowerState(121)) - 389d5540-641f-48c2-a9df-60738dbad976: shutdown FollowerState
2019-10-23 12:37:02,721 [grpc-default-executor-3] INFO  impl.RoleInfo (RoleInfo.java:shutdownFollowerState(121)) - daebe4f8-0ad9-4eb2-8ed7-3a8051847eb6: shutdown FollowerState
2019-10-23 12:37:02,722 [Thread-2987] INFO  impl.FollowerState (FollowerState.java:run(117)) - 389d5540-641f-48c2-a9df-60738dbad976@group-AF49A4A4CA2A-FollowerState was interrupted: java.lang.InterruptedException: sleep interrupted
2019-10-23 12:37:02,722 [grpc-default-executor-4] INFO  impl.RoleInfo (RoleInfo.java:updateAndGet(143)) - 389d5540-641f-48c2-a9df-60738dbad976: start FollowerState
2019-10-23 12:37:02,722 [Thread-2986] INFO  impl.FollowerState (FollowerState.java:run(117)) - daebe4f8-0ad9-4eb2-8ed7-3a8051847eb6@group-AF49A4A4CA2A-FollowerState was interrupted: java.lang.InterruptedException: sleep interrupted
2019-10-23 12:37:02,722 [grpc-default-executor-3] INFO  impl.RoleInfo (RoleInfo.java:updateAndGet(143)) - daebe4f8-0ad9-4eb2-8ed7-3a8051847eb6: start FollowerState
2019-10-23 12:37:02,737 [279bca68-3e74-4690-81cf-da5ab79b92f7@group-AF49A4A4CA2A-LeaderElection413] INFO  impl.LeaderElection (LeaderElection.java:logAndReturn(56)) - 279bca68-3e74-4690-81cf-da5ab79b92f7@group-AF49A4A4CA2A-LeaderElection413: Election REJECTED; received 2 response(s) [279bca68-3e74-4690-81cf-da5ab79b92f7<-daebe4f8-0ad9-4eb2-8ed7-3a8051847eb6#0:FAIL-t453, 279bca68-3e74-4690-81cf-da5ab79b92f7<-389d5540-641f-48c2-a9df-60738dbad976#0:FAIL-t453] and 0 exception(s); 279bca68-3e74-4690-81cf-da5ab79b92f7@group-AF49A4A4CA2A:t453, leader=null, voted=279bca68-3e74-4690-81cf-da5ab79b92f7, raftlog=279bca68-3e74-4690-81cf-da5ab79b92f7@group-AF49A4A4CA2A-SegmentedRaftLog:OPENED:c-1,f-1,i0, conf=-1: [daebe4f8-0ad9-4eb2-8ed7-3a8051847eb6:192.168.69.118:44860, 389d5540-641f-48c2-a9df-60738dbad976:192.168.69.118:45712, 279bca68-3e74-4690-81cf-da5ab79b92f7:192.168.69.118:45510], old=null
2019-10-23 12:37:02,737 [279bca68-3e74-4690-81cf-da5ab79b92f7@group-AF49A4A4CA2A-LeaderElection413] INFO  impl.RaftServerImpl (RaftServerImpl.java:setRole(184)) - 279bca68-3e74-4690-81cf-da5ab79b92f7@group-AF49A4A4CA2A: changes role from CANDIDATE to FOLLOWER at term 453 for DISCOVERED_A_NEW_TERM
2019-10-23 12:37:02,737 [279bca68-3e74-4690-81cf-da5ab79b92f7@group-AF49A4A4CA2A-LeaderElection413] INFO  impl.RoleInfo (RoleInfo.java:shutdownLeaderElection(134)) - 279bca68-3e74-4690-81cf-da5ab79b92f7: shutdown LeaderElection
2019-10-23 12:37:02,737 [279bca68-3e74-4690-81cf-da5ab79b92f7@group-AF49A4A4CA2A-LeaderElection413] INFO  impl.RoleInfo (RoleInfo.java:updateAndGet(143)) - 279bca68-3e74-4690-81cf-da5ab79b92f7: start FollowerState
2019-10-23 12:37:02,906 [Thread-2996] INFO  impl.FollowerState (FollowerState.java:run(108)) - 279bca68-3e74-4690-81cf-da5ab79b92f7@group-AF49A4A4CA2A-FollowerState: change to CANDIDATE, lastRpcTime:169ms, electionTimeout:169ms
2019-10-23 12:37:02,906 [Thread-2996] INFO  impl.RoleInfo (RoleInfo.java:shutdownFollowerState(121)) - 279bca68-3e74-4690-81cf-da5ab79b92f7: shutdown FollowerState
2019-10-23 12:37:02,907 [Thread-2996] INFO  impl.RaftServerImpl (RaftServerImpl.java:setRole(184)) - 279bca68-3e74-4690-81cf-da5ab79b92f7@group-AF49A4A4CA2A: changes role from  FOLLOWER to CANDIDATE at term 453 for changeToCandidate
2019-10-23 12:37:02,907 [Thread-2996] INFO  impl.RoleInfo (RoleInfo.java:updateAndGet(143)) - 279bca68-3e74-4690-81cf-da5ab79b92f7: start LeaderElection
2019-10-23 12:37:02,921 [279bca68-3e74-4690-81cf-da5ab79b92f7@group-AF49A4A4CA2A-LeaderElection414] INFO  impl.LeaderElection (LeaderElection.java:askForVotes(178)) - 279bca68-3e74-4690-81cf-da5ab79b92f7@group-AF49A4A4CA2A-LeaderElection414: begin an election at term 454 for -1: [daebe4f8-0ad9-4eb2-8ed7-3a8051847eb6:192.168.69.118:44860, 389d5540-641f-48c2-a9df-60738dbad976:192.168.69.118:45712, 279bca68-3e74-4690-81cf-da5ab79b92f7:192.168.69.118:45510], old=null
2019-10-23 12:37:02,923 [grpc-default-executor-3] INFO  impl.RaftServerImpl (RaftServerImpl.java:setRole(184)) - daebe4f8-0ad9-4eb2-8ed7-3a8051847eb6@group-AF49A4A4CA2A: changes role from  FOLLOWER to FOLLOWER at term 454 for recognizeCandidate:279bca68-3e74-4690-81cf-da5ab79b92f7
2019-10-23 12:37:02,923 [grpc-default-executor-3] INFO  impl.RoleInfo (RoleInfo.java:shutdownFollowerState(121)) - daebe4f8-0ad9-4eb2-8ed7-3a8051847eb6: shutdown FollowerState
2019-10-23 12:37:02,923 [grpc-default-executor-4] INFO  impl.RaftServerImpl (RaftServerImpl.java:setRole(184)) - 389d5540-641f-48c2-a9df-60738dbad976@group-AF49A4A4CA2A: changes role from  FOLLOWER to FOLLOWER at term 454 for recognizeCandidate:279bca68-3e74-4690-81cf-da5ab79b92f7
2019-10-23 12:37:02,923 [grpc-default-executor-4] INFO  impl.RoleInfo (RoleInfo.java:shutdownFollowerState(121)) - 389d5540-641f-48c2-a9df-60738dbad976: shutdown FollowerState
2019-10-23 12:37:02,923 [Thread-2994] INFO  impl.FollowerState (FollowerState.java:run(117)) - daebe4f8-0ad9-4eb2-8ed7-3a8051847eb6@group-AF49A4A4CA2A-FollowerState was interrupted: java.lang.InterruptedException: sleep interrupted
2019-10-23 12:37:02,924 [Thread-2993] INFO  impl.FollowerState (FollowerState.java:run(117)) - 389d5540-641f-48c2-a9df-60738dbad976@group-AF49A4A4CA2A-FollowerState was interrupted: java.lang.InterruptedException: sleep interrupted
2019-10-23 12:37:02,923 [grpc-default-executor-3] INFO  impl.RoleInfo (RoleInfo.java:updateAndGet(143)) - daebe4f8-0ad9-4eb2-8ed7-3a8051847eb6: start FollowerState
2019-10-23 12:37:02,924 [grpc-default-executor-4] INFO  impl.RoleInfo (RoleInfo.java:updateAndGet(143)) - 389d5540-641f-48c2-a9df-60738dbad976: start FollowerState
2019-10-23 12:37:02,942 [279bca68-3e74-4690-81cf-da5ab79b92f7@group-AF49A4A4CA2A-LeaderElection414] INFO  impl.LeaderElection (LeaderElection.java:logAndReturn(56)) - 279bca68-3e74-4690-81cf-da5ab79b92f7@group-AF49A4A4CA2A-LeaderElection414: Election REJECTED; received 2 response(s) [279bca68-3e74-4690-81cf-da5ab79b92f7<-daebe4f8-0ad9-4eb2-8ed7-3a8051847eb6#0:FAIL-t454, 279bca68-3e74-4690-81cf-da5ab79b92f7<-389d5540-641f-48c2-a9df-60738dbad976#0:FAIL-t454] and 0 exception(s); 279bca68-3e74-4690-81cf-da5ab79b92f7@group-AF49A4A4CA2A:t454, leader=null, voted=279bca68-3e74-4690-81cf-da5ab79b92f7, raftlog=279bca68-3e74-4690-81cf-da5ab79b92f7@group-AF49A4A4CA2A-SegmentedRaftLog:OPENED:c-1,f-1,i0, conf=-1: [daebe4f8-0ad9-4eb2-8ed7-3a8051847eb6:192.168.69.118:44860, 389d5540-641f-48c2-a9df-60738dbad976:192.168.69.118:45712, 279bca68-3e74-4690-81cf-da5ab79b92f7:192.168.69.118:45510], old=null
2019-10-23 12:37:02,942 [279bca68-3e74-4690-81cf-da5ab79b92f7@group-AF49A4A4CA2A-LeaderElection414] INFO  impl.RaftServerImpl (RaftServerImpl.java:setRole(184)) - 279bca68-3e74-4690-81cf-da5ab79b92f7@group-AF49A4A4CA2A: changes role from CANDIDATE to FOLLOWER at term 454 for DISCOVERED_A_NEW_TERM
2019-10-23 12:37:02,942 [279bca68-3e74-4690-81cf-da5ab79b92f7@group-AF49A4A4CA2A-LeaderElection414] INFO  impl.RoleInfo (RoleInfo.java:shutdownLeaderElection(134)) - 279bca68-3e74-4690-81cf-da5ab79b92f7: shutdown LeaderElection
2019-10-23 12:37:02,942 [279bca68-3e74-4690-81cf-da5ab79b92f7@group-AF49A4A4CA2A-LeaderElection414] INFO  impl.RoleInfo (RoleInfo.java:updateAndGet(143)) - 279bca68-3e74-4690-81cf-da5ab79b92f7: start FollowerState
2019-10-23 12:37:03,138 [Thread-3002] INFO  impl.FollowerState (FollowerState.java:run(108)) - 279bca68-3e74-4690-81cf-da5ab79b92f7@group-AF49A4A4CA2A-FollowerState: change to CANDIDATE, lastRpcTime:196ms, electionTimeout:196ms
2019-10-23 12:37:03,139 [Thread-3002] INFO  impl.RoleInfo (RoleInfo.java:shutdownFollowerState(121)) - 279bca68-3e74-4690-81cf-da5ab79b92f7: shutdown FollowerState
2019-10-23 12:37:03,139 [Thread-3002] INFO  impl.RaftServerImpl (RaftServerImpl.java:setRole(184)) - 279bca68-3e74-4690-81cf-da5ab79b92f7@group-AF49A4A4CA2A: changes role from  FOLLOWER to CANDIDATE at term 454 for changeToCandidate
2019-10-23 12:37:03,139 [Thread-3002] INFO  impl.RoleInfo (RoleInfo.java:updateAndGet(143)) - 279bca68-3e74-4690-81cf-da5ab79b92f7: start LeaderElection
2019-10-23 12:37:03,154 [279bca68-3e74-4690-81cf-da5ab79b92f7@group-AF49A4A4CA2A-LeaderElection415] INFO  impl.LeaderElection (LeaderElection.java:askForVotes(178)) - 279bca68-3e74-4690-81cf-da5ab79b92f7@group-AF49A4A4CA2A-LeaderElection415: begin an election at term 455 for -1: [daebe4f8-0ad9-4eb2-8ed7-3a8051847eb6:192.168.69.118:44860, 389d5540-641f-48c2-a9df-60738dbad976:192.168.69.118:45712, 279bca68-3e74-4690-81cf-da5ab79b92f7:192.168.69.118:45510], old=null
2019-10-23 12:37:03,155 [grpc-default-executor-3] INFO  impl.RaftServerImpl (RaftServerImpl.java:setRole(184)) - daebe4f8-0ad9-4eb2-8ed7-3a8051847eb6@group-AF49A4A4CA2A: changes role from  FOLLOWER to FOLLOWER at term 455 for recognizeCandidate:279bca68-3e74-4690-81cf-da5ab79b92f7
2019-10-23 12:37:03,156 [grpc-default-executor-3] INFO  impl.RoleInfo (RoleInfo.java:shutdownFollowerState(121)) - daebe4f8-0ad9-4eb2-8ed7-3a8051847eb6: shutdown FollowerState
2019-10-23 12:37:03,156 [grpc-default-executor-4] INFO  impl.RaftServerImpl (RaftServerImpl.java:setRole(184)) - 389d5540-641f-48c2-a9df-60738dbad976@group-AF49A4A4CA2A: changes role from  FOLLOWER to FOLLOWER at term 455 for recognizeCandidate:279bca68-3e74-4690-81cf-da5ab79b92f7
2019-10-23 12:37:03,156 [grpc-default-executor-4] INFO  impl.RoleInfo (RoleInfo.java:shutdownFollowerState(121)) - 389d5540-641f-48c2-a9df-60738dbad976: shutdown FollowerState
2019-10-23 12:37:03,156 [Thread-3000] INFO  impl.FollowerState (FollowerState.java:run(117)) - daebe4f8-0ad9-4eb2-8ed7-3a8051847eb6@group-AF49A4A4CA2A-FollowerState was interrupted: java.lang.InterruptedException: sleep interrupted
2019-10-23 12:37:03,156 [grpc-default-executor-3] INFO  impl.RoleInfo (RoleInfo.java:updateAndGet(143)) - daebe4f8-0ad9-4eb2-8ed7-3a8051847eb6: start FollowerState
2019-10-23 12:37:03,156 [Thread-3001] INFO  impl.FollowerState (FollowerState.java:run(117)) - 389d5540-641f-48c2-a9df-60738dbad976@group-AF49A4A4CA2A-FollowerState was interrupted: java.lang.InterruptedException: sleep interrupted
2019-10-23 12:37:03,156 [grpc-default-executor-4] INFO  impl.RoleInfo (RoleInfo.java:updateAndGet(143)) - 389d5540-641f-48c2-a9df-60738dbad976: start FollowerState
2019-10-23 12:37:03,171 [279bca68-3e74-4690-81cf-da5ab79b92f7@group-AF49A4A4CA2A-LeaderElection415] INFO  impl.LeaderElection (LeaderElection.java:logAndReturn(56)) - 279bca68-3e74-4690-81cf-da5ab79b92f7@group-AF49A4A4CA2A-LeaderElection415: Election REJECTED; received 2 response(s) [279bca68-3e74-4690-81cf-da5ab79b92f7<-daebe4f8-0ad9-4eb2-8ed7-3a8051847eb6#0:FAIL-t455, 279bca68-3e74-4690-81cf-da5ab79b92f7<-389d5540-641f-48c2-a9df-60738dbad976#0:FAIL-t455] and 0 exception(s); 279bca68-3e74-4690-81cf-da5ab79b92f7@group-AF49A4A4CA2A:t455, leader=null, voted=279bca68-3e74-4690-81cf-da5ab79b92f7, raftlog=279bca68-3e74-4690-81cf-da5ab79b92f7@group-AF49A4A4CA2A-SegmentedRaftLog:OPENED:c-1,f-1,i0, conf=-1: [daebe4f8-0ad9-4eb2-8ed7-3a8051847eb6:192.168.69.118:44860, 389d5540-641f-48c2-a9df-60738dbad976:192.168.69.118:45712, 279bca68-3e74-4690-81cf-da5ab79b92f7:192.168.69.118:45510], old=null
2019-10-23 12:37:03,171 [279bca68-3e74-4690-81cf-da5ab79b92f7@group-AF49A4A4CA2A-LeaderElection415] INFO  impl.RaftServerImpl (RaftServerImpl.java:setRole(184)) - 279bca68-3e74-4690-81cf-da5ab79b92f7@group-AF49A4A4CA2A: changes role from CANDIDATE to FOLLOWER at term 455 for DISCOVERED_A_NEW_TERM
2019-10-23 12:37:03,172 [279bca68-3e74-4690-81cf-da5ab79b92f7@group-AF49A4A4CA2A-LeaderElection415] INFO  impl.RoleInfo (RoleInfo.java:shutdownLeaderElection(134)) - 279bca68-3e74-4690-81cf-da5ab79b92f7: shutdown LeaderElection
2019-10-23 12:37:03,172 [279bca68-3e74-4690-81cf-da5ab79b92f7@group-AF49A4A4CA2A-LeaderElection415] INFO  impl.RoleInfo (RoleInfo.java:updateAndGet(143)) - 279bca68-3e74-4690-81cf-da5ab79b92f7: start FollowerState
2019-10-23 12:37:03,263 [Thread-3008] INFO  impl.FollowerState (FollowerState.java:run(108)) - 279bca68-3e74-4690-81cf-da5ab79b92f7@group-AF49A4A4CA2A-FollowerState: change to CANDIDATE, lastRpcTime:91ms, electionTimeout:91ms
2019-10-23 12:37:03,263 [Thread-3008] INFO  impl.RoleInfo (RoleInfo.java:shutdownFollowerState(121)) - 279bca68-3e74-4690-81cf-da5ab79b92f7: shutdown FollowerState
2019-10-23 12:37:03,263 [Thread-3008] INFO  impl.RaftServerImpl (RaftServerImpl.java:setRole(184)) - 279bca68-3e74-4690-81cf-da5ab79b92f7@group-AF49A4A4CA2A: changes role from  FOLLOWER to CANDIDATE at term 455 for changeToCandidate
2019-10-23 12:37:03,263 [Thread-3008] INFO  impl.RoleInfo (RoleInfo.java:updateAndGet(143)) - 279bca68-3e74-4690-81cf-da5ab79b92f7: start LeaderElection
2019-10-23 12:37:03,278 [279bca68-3e74-4690-81cf-da5ab79b92f7@group-AF49A4A4CA2A-LeaderElection416] INFO  impl.LeaderElection (LeaderElection.java:askForVotes(178)) - 279bca68-3e74-4690-81cf-da5ab79b92f7@group-AF49A4A4CA2A-LeaderElection416: begin an election at term 456 for -1: [daebe4f8-0ad9-4eb2-8ed7-3a8051847eb6:192.168.69.118:44860, 389d5540-641f-48c2-a9df-60738dbad976:192.168.69.118:45712, 279bca68-3e74-4690-81cf-da5ab79b92f7:192.168.69.118:45510], old=null
2019-10-23 12:37:03,279 [grpc-default-executor-4] INFO  impl.RaftServerImpl (RaftServerImpl.java:setRole(184)) - 389d5540-641f-48c2-a9df-60738dbad976@group-AF49A4A4CA2A: changes role from  FOLLOWER to FOLLOWER at term 456 for recognizeCandidate:279bca68-3e74-4690-81cf-da5ab79b92f7
2019-10-23 12:37:03,279 [grpc-default-executor-3] INFO  impl.RaftServerImpl (RaftServerImpl.java:setRole(184)) - daebe4f8-0ad9-4eb2-8ed7-3a8051847eb6@group-AF49A4A4CA2A: changes role from  FOLLOWER to FOLLOWER at term 456 for recognizeCandidate:279bca68-3e74-4690-81cf-da5ab79b92f7
2019-10-23 12:37:03,280 [grpc-default-executor-3] INFO  impl.RoleInfo (RoleInfo.java:shutdownFollowerState(121)) - daebe4f8-0ad9-4eb2-8ed7-3a8051847eb6: shutdown FollowerState
2019-10-23 12:37:03,280 [grpc-default-executor-4] INFO  impl.RoleInfo (RoleInfo.java:shutdownFollowerState(121)) - 389d5540-641f-48c2-a9df-60738dbad976: shutdown FollowerState
2019-10-23 12:37:03,280 [Thread-3006] INFO  impl.FollowerState (FollowerState.java:run(117)) - daebe4f8-0ad9-4eb2-8ed7-3a8051847eb6@group-AF49A4A4CA2A-FollowerState was interrupted: java.lang.InterruptedException: sleep interrupted
2019-10-23 12:37:03,280 [Thread-3007] INFO  impl.FollowerState (FollowerState.java:run(117)) - 389d5540-641f-48c2-a9df-60738dbad976@group-AF49A4A4CA2A-FollowerState was interrupted: java.lang.InterruptedException: sleep interrupted
2019-10-23 12:37:03,280 [grpc-default-executor-4] INFO  impl.RoleInfo (RoleInfo.java:updateAndGet(143)) - 389d5540-641f-48c2-a9df-60738dbad976: start FollowerState
2019-10-23 12:37:03,280 [grpc-default-executor-3] INFO  impl.RoleInfo (RoleInfo.java:updateAndGet(143)) - daebe4f8-0ad9-4eb2-8ed7-3a8051847eb6: start FollowerState
2019-10-23 12:37:03,307 [279bca68-3e74-4690-81cf-da5ab79b92f7@group-AF49A4A4CA2A-LeaderElection416] INFO  impl.LeaderElection (LeaderElection.java:logAndReturn(56)) - 279bca68-3e74-4690-81cf-da5ab79b92f7@group-AF49A4A4CA2A-LeaderElection416: Election REJECTED; received 2 response(s) [279bca68-3e74-4690-81cf-da5ab79b92f7<-daebe4f8-0ad9-4eb2-8ed7-3a8051847eb6#0:FAIL-t456, 279bca68-3e74-4690-81cf-da5ab79b92f7<-389d5540-641f-48c2-a9df-60738dbad976#0:FAIL-t456] and 0 exception(s); 279bca68-3e74-4690-81cf-da5ab79b92f7@group-AF49A4A4CA2A:t456, leader=null, voted=279bca68-3e74-4690-81cf-da5ab79b92f7, raftlog=279bca68-3e74-4690-81cf-da5ab79b92f7@group-AF49A4A4CA2A-SegmentedRaftLog:OPENED:c-1,f-1,i0, conf=-1: [daebe4f8-0ad9-4eb2-8ed7-3a8051847eb6:192.168.69.118:44860, 389d5540-641f-48c2-a9df-60738dbad976:192.168.69.118:45712, 279bca68-3e74-4690-81cf-da5ab79b92f7:192.168.69.118:45510], old=null
2019-10-23 12:37:03,307 [279bca68-3e74-4690-81cf-da5ab79b92f7@group-AF49A4A4CA2A-LeaderElection416] INFO  impl.RaftServerImpl (RaftServerImpl.java:setRole(184)) - 279bca68-3e74-4690-81cf-da5ab79b92f7@group-AF49A4A4CA2A: changes role from CANDIDATE to FOLLOWER at term 456 for DISCOVERED_A_NEW_TERM
2019-10-23 12:37:03,307 [279bca68-3e74-4690-81cf-da5ab79b92f7@group-AF49A4A4CA2A-LeaderElection416] INFO  impl.RoleInfo (RoleInfo.java:shutdownLeaderElection(134)) - 279bca68-3e74-4690-81cf-da5ab79b92f7: shutdown LeaderElection
2019-10-23 12:37:03,307 [279bca68-3e74-4690-81cf-da5ab79b92f7@group-AF49A4A4CA2A-LeaderElection416] INFO  impl.RoleInfo (RoleInfo.java:updateAndGet(143)) - 279bca68-3e74-4690-81cf-da5ab79b92f7: start FollowerState
2019-10-23 12:37:03,474 [Thread-3014] INFO  impl.FollowerState (FollowerState.java:run(108)) - 279bca68-3e74-4690-81cf-da5ab79b92f7@group-AF49A4A4CA2A-FollowerState: change to CANDIDATE, lastRpcTime:166ms, electionTimeout:166ms
2019-10-23 12:37:03,474 [Thread-3014] INFO  impl.RoleInfo (RoleInfo.java:shutdownFollowerState(121)) - 279bca68-3e74-4690-81cf-da5ab79b92f7: shutdown FollowerState
2019-10-23 12:37:03,474 [Thread-3014] INFO  impl.RaftServerImpl (RaftServerImpl.java:setRole(184)) - 279bca68-3e74-4690-81cf-da5ab79b92f7@group-AF49A4A4CA2A: changes role from  FOLLOWER to CANDIDATE at term 456 for changeToCandidate
2019-10-23 12:37:03,474 [Thread-3014] INFO  impl.RoleInfo (RoleInfo.java:updateAndGet(143)) - 279bca68-3e74-4690-81cf-da5ab79b92f7: start LeaderElection
2019-10-23 12:37:03,488 [279bca68-3e74-4690-81cf-da5ab79b92f7@group-AF49A4A4CA2A-LeaderElection417] INFO  impl.LeaderElection (LeaderElection.java:askForVotes(178)) - 279bca68-3e74-4690-81cf-da5ab79b92f7@group-AF49A4A4CA2A-LeaderElection417: begin an election at term 457 for -1: [daebe4f8-0ad9-4eb2-8ed7-3a8051847eb6:192.168.69.118:44860, 389d5540-641f-48c2-a9df-60738dbad976:192.168.69.118:45712, 279bca68-3e74-4690-81cf-da5ab79b92f7:192.168.69.118:45510], old=null
2019-10-23 12:37:03,490 [grpc-default-executor-4] INFO  impl.RaftServerImpl (RaftServerImpl.java:setRole(184)) - daebe4f8-0ad9-4eb2-8ed7-3a8051847eb6@group-AF49A4A4CA2A: changes role from  FOLLOWER to FOLLOWER at term 457 for recognizeCandidate:279bca68-3e74-4690-81cf-da5ab79b92f7
2019-10-23 12:37:03,490 [grpc-default-executor-3] INFO  impl.RaftServerImpl (RaftServerImpl.java:setRole(184)) - 389d5540-641f-48c2-a9df-60738dbad976@group-AF49A4A4CA2A: changes role from  FOLLOWER to FOLLOWER at term 457 for recognizeCandidate:279bca68-3e74-4690-81cf-da5ab79b92f7
2019-10-23 12:37:03,490 [grpc-default-executor-3] INFO  impl.RoleInfo (RoleInfo.java:shutdownFollowerState(121)) - 389d5540-641f-48c2-a9df-60738dbad976: shutdown FollowerState
2019-10-23 12:37:03,490 [grpc-default-executor-4] INFO  impl.RoleInfo (RoleInfo.java:shutdownFollowerState(121)) - daebe4f8-0ad9-4eb2-8ed7-3a8051847eb6: shutdown FollowerState
2019-10-23 12:37:03,491 [Thread-3013] INFO  impl.FollowerState (FollowerState.java:run(117)) - 389d5540-641f-48c2-a9df-60738dbad976@group-AF49A4A4CA2A-FollowerState was interrupted: java.lang.InterruptedException: sleep interrupted
2019-10-23 12:37:03,491 [Thread-3012] INFO  impl.FollowerState (FollowerState.java:run(117)) - daebe4f8-0ad9-4eb2-8ed7-3a8051847eb6@group-AF49A4A4CA2A-FollowerState was interrupted: java.lang.InterruptedException: sleep interrupted
2019-10-23 12:37:03,491 [grpc-default-executor-3] INFO  impl.RoleInfo (RoleInfo.java:updateAndGet(143)) - 389d5540-641f-48c2-a9df-60738dbad976: start FollowerState
2019-10-23 12:37:03,491 [grpc-default-executor-4] INFO  impl.RoleInfo (RoleInfo.java:updateAndGet(143)) - daebe4f8-0ad9-4eb2-8ed7-3a8051847eb6: start FollowerState
2019-10-23 12:37:03,505 [279bca68-3e74-4690-81cf-da5ab79b92f7@group-AF49A4A4CA2A-LeaderElection417] INFO  impl.LeaderElection (LeaderElection.java:logAndReturn(56)) - 279bca68-3e74-4690-81cf-da5ab79b92f7@group-AF49A4A4CA2A-LeaderElection417: Election REJECTED; received 2 response(s) [279bca68-3e74-4690-81cf-da5ab79b92f7<-daebe4f8-0ad9-4eb2-8ed7-3a8051847eb6#0:FAIL-t457, 279bca68-3e74-4690-81cf-da5ab79b92f7<-389d5540-641f-48c2-a9df-60738dbad976#0:FAIL-t457] and 0 exception(s); 279bca68-3e74-4690-81cf-da5ab79b92f7@group-AF49A4A4CA2A:t457, leader=null, voted=279bca68-3e74-4690-81cf-da5ab79b92f7, raftlog=279bca68-3e74-4690-81cf-da5ab79b92f7@group-AF49A4A4CA2A-SegmentedRaftLog:OPENED:c-1,f-1,i0, conf=-1: [daebe4f8-0ad9-4eb2-8ed7-3a8051847eb6:192.168.69.118:44860, 389d5540-641f-48c2-a9df-60738dbad976:192.168.69.118:45712, 279bca68-3e74-4690-81cf-da5ab79b92f7:192.168.69.118:45510], old=null
2019-10-23 12:37:03,506 [279bca68-3e74-4690-81cf-da5ab79b92f7@group-AF49A4A4CA2A-LeaderElection417] INFO  impl.RaftServerImpl (RaftServerImpl.java:setRole(184)) - 279bca68-3e74-4690-81cf-da5ab79b92f7@group-AF49A4A4CA2A: changes role from CANDIDATE to FOLLOWER at term 457 for DISCOVERED_A_NEW_TERM
2019-10-23 12:37:03,506 [279bca68-3e74-4690-81cf-da5ab79b92f7@group-AF49A4A4CA2A-LeaderElection417] INFO  impl.RoleInfo (RoleInfo.java:shutdownLeaderElection(134)) - 279bca68-3e74-4690-81cf-da5ab79b92f7: shutdown LeaderElection
2019-10-23 12:37:03,506 [279bca68-3e74-4690-81cf-da5ab79b92f7@group-AF49A4A4CA2A-LeaderElection417] INFO  impl.RoleInfo (RoleInfo.java:updateAndGet(143)) - 279bca68-3e74-4690-81cf-da5ab79b92f7: start FollowerState
2019-10-23 12:37:03,662 [Thread-3020] INFO  impl.FollowerState (FollowerState.java:run(108)) - 279bca68-3e74-4690-81cf-da5ab79b92f7@group-AF49A4A4CA2A-FollowerState: change to CANDIDATE, lastRpcTime:156ms, electionTimeout:156ms
2019-10-23 12:37:03,662 [Thread-3020] INFO  impl.RoleInfo (RoleInfo.java:shutdownFollowerState(121)) - 279bca68-3e74-4690-81cf-da5ab79b92f7: shutdown FollowerState
2019-10-23 12:37:03,662 [Thread-3020] INFO  impl.RaftServerImpl (RaftServerImpl.java:setRole(184)) - 279bca68-3e74-4690-81cf-da5ab79b92f7@group-AF49A4A4CA2A: changes role from  FOLLOWER to CANDIDATE at term 457 for changeToCandidate
2019-10-23 12:37:03,663 [Thread-3020] INFO  impl.RoleInfo (RoleInfo.java:updateAndGet(143)) - 279bca68-3e74-4690-81cf-da5ab79b92f7: start LeaderElection
2019-10-23 12:37:03,676 [279bca68-3e74-4690-81cf-da5ab79b92f7@group-AF49A4A4CA2A-LeaderElection418] INFO  impl.LeaderElection (LeaderElection.java:askForVotes(178)) - 279bca68-3e74-4690-81cf-da5ab79b92f7@group-AF49A4A4CA2A-LeaderElection418: begin an election at term 458 for -1: [daebe4f8-0ad9-4eb2-8ed7-3a8051847eb6:192.168.69.118:44860, 389d5540-641f-48c2-a9df-60738dbad976:192.168.69.118:45712, 279bca68-3e74-4690-81cf-da5ab79b92f7:192.168.69.118:45510], old=null
2019-10-23 12:37:03,678 [grpc-default-executor-3] INFO  impl.RaftServerImpl (RaftServerImpl.java:setRole(184)) - daebe4f8-0ad9-4eb2-8ed7-3a8051847eb6@group-AF49A4A4CA2A: changes role from  FOLLOWER to FOLLOWER at term 458 for recognizeCandidate:279bca68-3e74-4690-81cf-da5ab79b92f7
2019-10-23 12:37:03,678 [grpc-default-executor-3] INFO  impl.RoleInfo (RoleInfo.java:shutdownFollowerState(121)) - daebe4f8-0ad9-4eb2-8ed7-3a8051847eb6: shutdown FollowerState
2019-10-23 12:37:03,678 [279bca68-3e74-4690-81cf-da5ab79b92f7@group-AF49A4A4CA2A-LeaderElection418] INFO  impl.LeaderElection (LeaderElection.java:logAndReturn(56)) - 279bca68-3e74-4690-81cf-da5ab79b92f7@group-AF49A4A4CA2A-LeaderElection418: Election TIMEOUT; received 0 response(s) [] and 0 exception(s); 279bca68-3e74-4690-81cf-da5ab79b92f7@group-AF49A4A4CA2A:t458, leader=null, voted=279bca68-3e74-4690-81cf-da5ab79b92f7, raftlog=279bca68-3e74-4690-81cf-da5ab79b92f7@group-AF49A4A4CA2A-SegmentedRaftLog:OPENED:c-1,f-1,i0, conf=-1: [daebe4f8-0ad9-4eb2-8ed7-3a8051847eb6:192.168.69.118:44860, 389d5540-641f-48c2-a9df-60738dbad976:192.168.69.118:45712, 279bca68-3e74-4690-81cf-da5ab79b92f7:192.168.69.118:45510], old=null
2019-10-23 12:37:03,678 [Thread-3019] INFO  impl.FollowerState (FollowerState.java:run(117)) - daebe4f8-0ad9-4eb2-8ed7-3a8051847eb6@group-AF49A4A4CA2A-FollowerState was interrupted: java.lang.InterruptedException: sleep interrupted
2019-10-23 12:37:03,678 [grpc-default-executor-3] INFO  impl.RoleInfo (RoleInfo.java:updateAndGet(143)) - daebe4f8-0ad9-4eb2-8ed7-3a8051847eb6: start FollowerState
2019-10-23 12:37:03,678 [grpc-default-executor-4] INFO  impl.RaftServerImpl (RaftServerImpl.java:setRole(184)) - 389d5540-641f-48c2-a9df-60738dbad976@group-AF49A4A4CA2A: changes role from  FOLLOWER to FOLLOWER at term 458 for recognizeCandidate:279bca68-3e74-4690-81cf-da5ab79b92f7
2019-10-23 12:37:03,679 [grpc-default-executor-4] INFO  impl.RoleInfo (RoleInfo.java:shutdownFollowerState(121)) - 389d5540-641f-48c2-a9df-60738dbad976: shutdown FollowerState
2019-10-23 12:37:03,679 [grpc-default-executor-4] INFO  impl.RoleInfo (RoleInfo.java:updateAndGet(143)) - 389d5540-641f-48c2-a9df-60738dbad976: start FollowerState
2019-10-23 12:37:03,679 [Thread-3018] INFO  impl.FollowerState (FollowerState.java:run(117)) - 389d5540-641f-48c2-a9df-60738dbad976@group-AF49A4A4CA2A-FollowerState was interrupted: java.lang.InterruptedException: sleep interrupted
2019-10-23 12:37:03,696 [279bca68-3e74-4690-81cf-da5ab79b92f7@group-AF49A4A4CA2A-LeaderElection418] INFO  impl.LeaderElection (LeaderElection.java:askForVotes(178)) - 279bca68-3e74-4690-81cf-da5ab79b92f7@group-AF49A4A4CA2A-LeaderElection418: begin an election at term 459 for -1: [daebe4f8-0ad9-4eb2-8ed7-3a8051847eb6:192.168.69.118:44860, 389d5540-641f-48c2-a9df-60738dbad976:192.168.69.118:45712, 279bca68-3e74-4690-81cf-da5ab79b92f7:192.168.69.118:45510], old=null
2019-10-23 12:37:03,697 [grpc-default-executor-3] INFO  impl.RaftServerImpl (RaftServerImpl.java:setRole(184)) - daebe4f8-0ad9-4eb2-8ed7-3a8051847eb6@group-AF49A4A4CA2A: changes role from  FOLLOWER to FOLLOWER at term 459 for recognizeCandidate:279bca68-3e74-4690-81cf-da5ab79b92f7
2019-10-23 12:37:03,698 [grpc-default-executor-3] INFO  impl.RoleInfo (RoleInfo.java:shutdownFollowerState(121)) - daebe4f8-0ad9-4eb2-8ed7-3a8051847eb6: shutdown FollowerState
2019-10-23 12:37:03,698 [grpc-default-executor-3] INFO  impl.RoleInfo (RoleInfo.java:updateAndGet(143)) - daebe4f8-0ad9-4eb2-8ed7-3a8051847eb6: start FollowerState
2019-10-23 12:37:03,698 [grpc-default-executor-4] INFO  impl.RaftServerImpl (RaftServerImpl.java:setRole(184)) - 389d5540-641f-48c2-a9df-60738dbad976@group-AF49A4A4CA2A: changes role from  FOLLOWER to FOLLOWER at term 459 for recognizeCandidate:279bca68-3e74-4690-81cf-da5ab79b92f7
2019-10-23 12:37:03,698 [grpc-default-executor-4] INFO  impl.RoleInfo (RoleInfo.java:shutdownFollowerState(121)) - 389d5540-641f-48c2-a9df-60738dbad976: shutdown FollowerState
2019-10-23 12:37:03,698 [Thread-3024] INFO  impl.FollowerState (FollowerState.java:run(117)) - daebe4f8-0ad9-4eb2-8ed7-3a8051847eb6@group-AF49A4A4CA2A-FollowerState was interrupted: java.lang.InterruptedException: sleep interrupted
2019-10-23 12:37:03,698 [Thread-3025] INFO  impl.FollowerState (FollowerState.java:run(117)) - 389d5540-641f-48c2-a9df-60738dbad976@group-AF49A4A4CA2A-FollowerState was interrupted: java.lang.InterruptedException: sleep interrupted
2019-10-23 12:37:03,698 [grpc-default-executor-4] INFO  impl.RoleInfo (RoleInfo.java:updateAndGet(143)) - 389d5540-641f-48c2-a9df-60738dbad976: start FollowerState
2019-10-23 12:37:03,723 [279bca68-3e74-4690-81cf-da5ab79b92f7@group-AF49A4A4CA2A-LeaderElection418] INFO  impl.LeaderElection (LeaderElection.java:logAndReturn(56)) - 279bca68-3e74-4690-81cf-da5ab79b92f7@group-AF49A4A4CA2A-LeaderElection418: Election TIMEOUT; received 0 response(s) [] and 0 exception(s); 279bca68-3e74-4690-81cf-da5ab79b92f7@group-AF49A4A4CA2A:t459, leader=null, voted=279bca68-3e74-4690-81cf-da5ab79b92f7, raftlog=279bca68-3e74-4690-81cf-da5ab79b92f7@group-AF49A4A4CA2A-SegmentedRaftLog:OPENED:c-1,f-1,i0, conf=-1: [daebe4f8-0ad9-4eb2-8ed7-3a8051847eb6:192.168.69.118:44860, 389d5540-641f-48c2-a9df-60738dbad976:192.168.69.118:45712, 279bca68-3e74-4690-81cf-da5ab79b92f7:192.168.69.118:45510], old=null
2019-10-23 12:37:03,739 [279bca68-3e74-4690-81cf-da5ab79b92f7@group-AF49A4A4CA2A-LeaderElection418] INFO  impl.LeaderElection (LeaderElection.java:askForVotes(178)) - 279bca68-3e74-4690-81cf-da5ab79b92f7@group-AF49A4A4CA2A-LeaderElection418: begin an election at term 460 for -1: [daebe4f8-0ad9-4eb2-8ed7-3a8051847eb6:192.168.69.118:44860, 389d5540-641f-48c2-a9df-60738dbad976:192.168.69.118:45712, 279bca68-3e74-4690-81cf-da5ab79b92f7:192.168.69.118:45510], old=null
2019-10-23 12:37:03,740 [grpc-default-executor-3] INFO  impl.RaftServerImpl (RaftServerImpl.java:setRole(184)) - daebe4f8-0ad9-4eb2-8ed7-3a8051847eb6@group-AF49A4A4CA2A: changes role from  FOLLOWER to FOLLOWER at term 460 for recognizeCandidate:279bca68-3e74-4690-81cf-da5ab79b92f7
2019-10-23 12:37:03,740 [grpc-default-executor-3] INFO  impl.RoleInfo (RoleInfo.java:shutdownFollowerState(121)) - daebe4f8-0ad9-4eb2-8ed7-3a8051847eb6: shutdown FollowerState
2019-10-23 12:37:03,741 [grpc-default-executor-3] INFO  impl.RoleInfo (RoleInfo.java:updateAndGet(143)) - daebe4f8-0ad9-4eb2-8ed7-3a8051847eb6: start FollowerState
2019-10-23 12:37:03,741 [Thread-3028] INFO  impl.FollowerState (FollowerState.java:run(117)) - daebe4f8-0ad9-4eb2-8ed7-3a8051847eb6@group-AF49A4A4CA2A-FollowerState was interrupted: java.lang.InterruptedException: sleep interrupted
2019-10-23 12:37:03,741 [grpc-default-executor-4] INFO  impl.RaftServerImpl (RaftServerImpl.java:setRole(184)) - 389d5540-641f-48c2-a9df-60738dbad976@group-AF49A4A4CA2A: changes role from  FOLLOWER to FOLLOWER at term 460 for recognizeCandidate:279bca68-3e74-4690-81cf-da5ab79b92f7
2019-10-23 12:37:03,741 [grpc-default-executor-4] INFO  impl.RoleInfo (RoleInfo.java:shutdownFollowerState(121)) - 389d5540-641f-48c2-a9df-60738dbad976: shutdown FollowerState
2019-10-23 12:37:03,741 [grpc-default-executor-4] INFO  impl.RoleInfo (RoleInfo.java:updateAndGet(143)) - 389d5540-641f-48c2-a9df-60738dbad976: start FollowerState
2019-10-23 12:37:03,741 [Thread-3029] INFO  impl.FollowerState (FollowerState.java:run(117)) - 389d5540-641f-48c2-a9df-60738dbad976@group-AF49A4A4CA2A-FollowerState was interrupted: java.lang.InterruptedException: sleep interrupted
2019-10-23 12:37:03,755 [279bca68-3e74-4690-81cf-da5ab79b92f7@group-AF49A4A4CA2A-LeaderElection418] INFO  impl.LeaderElection (LeaderElection.java:logAndReturn(56)) - 279bca68-3e74-4690-81cf-da5ab79b92f7@group-AF49A4A4CA2A-LeaderElection418: Election REJECTED; received 2 response(s) [279bca68-3e74-4690-81cf-da5ab79b92f7<-daebe4f8-0ad9-4eb2-8ed7-3a8051847eb6#0:FAIL-t460, 279bca68-3e74-4690-81cf-da5ab79b92f7<-389d5540-641f-48c2-a9df-60738dbad976#0:FAIL-t460] and 0 exception(s); 279bca68-3e74-4690-81cf-da5ab79b92f7@group-AF49A4A4CA2A:t460, leader=null, voted=279bca68-3e74-4690-81cf-da5ab79b92f7, raftlog=279bca68-3e74-4690-81cf-da5ab79b92f7@group-AF49A4A4CA2A-SegmentedRaftLog:OPENED:c-1,f-1,i0, conf=-1: [daebe4f8-0ad9-4eb2-8ed7-3a8051847eb6:192.168.69.118:44860, 389d5540-641f-48c2-a9df-60738dbad976:192.168.69.118:45712, 279bca68-3e74-4690-81cf-da5ab79b92f7:192.168.69.118:45510], old=null
2019-10-23 12:37:03,755 [279bca68-3e74-4690-81cf-da5ab79b92f7@group-AF49A4A4CA2A-LeaderElection418] INFO  impl.RaftServerImpl (RaftServerImpl.java:setRole(184)) - 279bca68-3e74-4690-81cf-da5ab79b92f7@group-AF49A4A4CA2A: changes role from CANDIDATE to FOLLOWER at term 460 for DISCOVERED_A_NEW_TERM
2019-10-23 12:37:03,755 [279bca68-3e74-4690-81cf-da5ab79b92f7@group-AF49A4A4CA2A-LeaderElection418] INFO  impl.RoleInfo (RoleInfo.java:shutdownLeaderElection(134)) - 279bca68-3e74-4690-81cf-da5ab79b92f7: shutdown LeaderElection
2019-10-23 12:37:03,756 [279bca68-3e74-4690-81cf-da5ab79b92f7@group-AF49A4A4CA2A-LeaderElection418] INFO  impl.RoleInfo (RoleInfo.java:updateAndGet(143)) - 279bca68-3e74-4690-81cf-da5ab79b92f7: start FollowerState
2019-10-23 12:37:03,929 [Thread-3036] INFO  impl.FollowerState (FollowerState.java:run(108)) - 279bca68-3e74-4690-81cf-da5ab79b92f7@group-AF49A4A4CA2A-FollowerState: change to CANDIDATE, lastRpcTime:173ms, electionTimeout:173ms
2019-10-23 12:37:03,929 [Thread-3036] INFO  impl.RoleInfo (RoleInfo.java:shutdownFollowerState(121)) - 279bca68-3e74-4690-81cf-da5ab79b92f7: shutdown FollowerState
2019-10-23 12:37:03,929 [Thread-3036] INFO  impl.RaftServerImpl (RaftServerImpl.java:setRole(184)) - 279bca68-3e74-4690-81cf-da5ab79b92f7@group-AF49A4A4CA2A: changes role from  FOLLOWER to CANDIDATE at term 460 for changeToCandidate
2019-10-23 12:37:03,929 [Thread-3036] INFO  impl.RoleInfo (RoleInfo.java:updateAndGet(143)) - 279bca68-3e74-4690-81cf-da5ab79b92f7: start LeaderElection
2019-10-23 12:37:03,943 [279bca68-3e74-4690-81cf-da5ab79b92f7@group-AF49A4A4CA2A-LeaderElection419] INFO  impl.LeaderElection (LeaderElection.java:askForVotes(178)) - 279bca68-3e74-4690-81cf-da5ab79b92f7@group-AF49A4A4CA2A-LeaderElection419: begin an election at term 461 for -1: [daebe4f8-0ad9-4eb2-8ed7-3a8051847eb6:192.168.69.118:44860, 389d5540-641f-48c2-a9df-60738dbad976:192.168.69.118:45712, 279bca68-3e74-4690-81cf-da5ab79b92f7:192.168.69.118:45510], old=null
2019-10-23 12:37:03,945 [grpc-default-executor-4] INFO  impl.RaftServerImpl (RaftServerImpl.java:setRole(184)) - daebe4f8-0ad9-4eb2-8ed7-3a8051847eb6@group-AF49A4A4CA2A: changes role from  FOLLOWER to FOLLOWER at term 461 for recognizeCandidate:279bca68-3e74-4690-81cf-da5ab79b92f7
2019-10-23 12:37:03,945 [grpc-default-executor-3] INFO  impl.RaftServerImpl (RaftServerImpl.java:setRole(184)) - 389d5540-641f-48c2-a9df-60738dbad976@group-AF49A4A4CA2A: changes role from  FOLLOWER to FOLLOWER at term 461 for recognizeCandidate:279bca68-3e74-4690-81cf-da5ab79b92f7
2019-10-23 12:37:03,945 [grpc-default-executor-3] INFO  impl.RoleInfo (RoleInfo.java:shutdownFollowerState(121)) - 389d5540-641f-48c2-a9df-60738dbad976: shutdown FollowerState
2019-10-23 12:37:03,945 [grpc-default-executor-4] INFO  impl.RoleInfo (RoleInfo.java:shutdownFollowerState(121)) - daebe4f8-0ad9-4eb2-8ed7-3a8051847eb6: shutdown FollowerState
2019-10-23 12:37:03,946 [grpc-default-executor-4] INFO  impl.RoleInfo (RoleInfo.java:updateAndGet(143)) - daebe4f8-0ad9-4eb2-8ed7-3a8051847eb6: start FollowerState
2019-10-23 12:37:03,946 [Thread-3035] INFO  impl.FollowerState (FollowerState.java:run(117)) - 389d5540-641f-48c2-a9df-60738dbad976@group-AF49A4A4CA2A-FollowerState was interrupted: java.lang.InterruptedException: sleep interrupted
2019-10-23 12:37:03,946 [grpc-default-executor-3] INFO  impl.RoleInfo (RoleInfo.java:updateAndGet(143)) - 389d5540-641f-48c2-a9df-60738dbad976: start FollowerState
2019-10-23 12:37:03,946 [Thread-3034] INFO  impl.FollowerState (FollowerState.java:run(117)) - daebe4f8-0ad9-4eb2-8ed7-3a8051847eb6@group-AF49A4A4CA2A-FollowerState was interrupted: java.lang.InterruptedException: sleep interrupted
2019-10-23 12:37:03,960 [279bca68-3e74-4690-81cf-da5ab79b92f7@group-AF49A4A4CA2A-LeaderElection419] INFO  impl.LeaderElection (LeaderElection.java:logAndReturn(56)) - 279bca68-3e74-4690-81cf-da5ab79b92f7@group-AF49A4A4CA2A-LeaderElection419: Election REJECTED; received 2 response(s) [279bca68-3e74-4690-81cf-da5ab79b92f7<-daebe4f8-0ad9-4eb2-8ed7-3a8051847eb6#0:FAIL-t461, 279bca68-3e74-4690-81cf-da5ab79b92f7<-389d5540-641f-48c2-a9df-60738dbad976#0:FAIL-t461] and 0 exception(s); 279bca68-3e74-4690-81cf-da5ab79b92f7@group-AF49A4A4CA2A:t461, leader=null, voted=279bca68-3e74-4690-81cf-da5ab79b92f7, raftlog=279bca68-3e74-4690-81cf-da5ab79b92f7@group-AF49A4A4CA2A-SegmentedRaftLog:OPENED:c-1,f-1,i0, conf=-1: [daebe4f8-0ad9-4eb2-8ed7-3a8051847eb6:192.168.69.118:44860, 389d5540-641f-48c2-a9df-60738dbad976:192.168.69.118:45712, 279bca68-3e74-4690-81cf-da5ab79b92f7:192.168.69.118:45510], old=null
2019-10-23 12:37:03,960 [279bca68-3e74-4690-81cf-da5ab79b92f7@group-AF49A4A4CA2A-LeaderElection419] INFO  impl.RaftServerImpl (RaftServerImpl.java:setRole(184)) - 279bca68-3e74-4690-81cf-da5ab79b92f7@group-AF49A4A4CA2A: changes role from CANDIDATE to FOLLOWER at term 461 for DISCOVERED_A_NEW_TERM
2019-10-23 12:37:03,960 [279bca68-3e74-4690-81cf-da5ab79b92f7@group-AF49A4A4CA2A-LeaderElection419] INFO  impl.RoleInfo (RoleInfo.java:shutdownLeaderElection(134)) - 279bca68-3e74-4690-81cf-da5ab79b92f7: shutdown LeaderElection
2019-10-23 12:37:03,960 [279bca68-3e74-4690-81cf-da5ab79b92f7@group-AF49A4A4CA2A-LeaderElection419] INFO  impl.RoleInfo (RoleInfo.java:updateAndGet(143)) - 279bca68-3e74-4690-81cf-da5ab79b92f7: start FollowerState
2019-10-23 12:37:04,087 [Thread-3042] INFO  impl.FollowerState (FollowerState.java:run(108)) - 279bca68-3e74-4690-81cf-da5ab79b92f7@group-AF49A4A4CA2A-FollowerState: change to CANDIDATE, lastRpcTime:126ms, electionTimeout:126ms
2019-10-23 12:37:04,087 [Thread-3042] INFO  impl.RoleInfo (RoleInfo.java:shutdownFollowerState(121)) - 279bca68-3e74-4690-81cf-da5ab79b92f7: shutdown FollowerState
2019-10-23 12:37:04,087 [Thread-3042] INFO  impl.RaftServerImpl (RaftServerImpl.java:setRole(184)) - 279bca68-3e74-4690-81cf-da5ab79b92f7@group-AF49A4A4CA2A: changes role from  FOLLOWER to CANDIDATE at term 461 for changeToCandidate
2019-10-23 12:37:04,087 [Thread-3042] INFO  impl.RoleInfo (RoleInfo.java:updateAndGet(143)) - 279bca68-3e74-4690-81cf-da5ab79b92f7: start LeaderElection
2019-10-23 12:37:04,114 [279bca68-3e74-4690-81cf-da5ab79b92f7@group-AF49A4A4CA2A-LeaderElection420] INFO  impl.LeaderElection (LeaderElection.java:askForVotes(178)) - 279bca68-3e74-4690-81cf-da5ab79b92f7@group-AF49A4A4CA2A-LeaderElection420: begin an election at term 462 for -1: [daebe4f8-0ad9-4eb2-8ed7-3a8051847eb6:192.168.69.118:44860, 389d5540-641f-48c2-a9df-60738dbad976:192.168.69.118:45712, 279bca68-3e74-4690-81cf-da5ab79b92f7:192.168.69.118:45510], old=null
2019-10-23 12:37:04,115 [grpc-default-executor-3] INFO  impl.RaftServerImpl (RaftServerImpl.java:setRole(184)) - daebe4f8-0ad9-4eb2-8ed7-3a8051847eb6@group-AF49A4A4CA2A: changes role from  FOLLOWER to FOLLOWER at term 462 for recognizeCandidate:279bca68-3e74-4690-81cf-da5ab79b92f7
2019-10-23 12:37:04,115 [grpc-default-executor-4] INFO  impl.RaftServerImpl (RaftServerImpl.java:setRole(184)) - 389d5540-641f-48c2-a9df-60738dbad976@group-AF49A4A4CA2A: changes role from  FOLLOWER to FOLLOWER at term 462 for recognizeCandidate:279bca68-3e74-4690-81cf-da5ab79b92f7
2019-10-23 12:37:04,116 [grpc-default-executor-4] INFO  impl.RoleInfo (RoleInfo.java:shutdownFollowerState(121)) - 389d5540-641f-48c2-a9df-60738dbad976: shutdown FollowerState
2019-10-23 12:37:04,115 [grpc-default-executor-3] INFO  impl.RoleInfo (RoleInfo.java:shutdownFollowerState(121)) - daebe4f8-0ad9-4eb2-8ed7-3a8051847eb6: shutdown FollowerState
2019-10-23 12:37:04,116 [Thread-3040] INFO  impl.FollowerState (FollowerState.java:run(117)) - 389d5540-641f-48c2-a9df-60738dbad976@group-AF49A4A4CA2A-FollowerState was interrupted: java.lang.InterruptedException: sleep interrupted
2019-10-23 12:37:04,116 [grpc-default-executor-4] INFO  impl.RoleInfo (RoleInfo.java:updateAndGet(143)) - 389d5540-641f-48c2-a9df-60738dbad976: start FollowerState
2019-10-23 12:37:04,116 [Thread-3041] INFO  impl.FollowerState (FollowerState.java:run(117)) - daebe4f8-0ad9-4eb2-8ed7-3a8051847eb6@group-AF49A4A4CA2A-FollowerState was interrupted: java.lang.InterruptedException: sleep interrupted
2019-10-23 12:37:04,116 [grpc-default-executor-3] INFO  impl.RoleInfo (RoleInfo.java:updateAndGet(143)) - daebe4f8-0ad9-4eb2-8ed7-3a8051847eb6: start FollowerState
2019-10-23 12:37:04,132 [279bca68-3e74-4690-81cf-da5ab79b92f7@group-AF49A4A4CA2A-LeaderElection420] INFO  impl.LeaderElection (LeaderElection.java:logAndReturn(56)) - 279bca68-3e74-4690-81cf-da5ab79b92f7@group-AF49A4A4CA2A-LeaderElection420: Election REJECTED; received 2 response(s) [279bca68-3e74-4690-81cf-da5ab79b92f7<-daebe4f8-0ad9-4eb2-8ed7-3a8051847eb6#0:FAIL-t462, 279bca68-3e74-4690-81cf-da5ab79b92f7<-389d5540-641f-48c2-a9df-60738dbad976#0:FAIL-t462] and 0 exception(s); 279bca68-3e74-4690-81cf-da5ab79b92f7@group-AF49A4A4CA2A:t462, leader=null, voted=279bca68-3e74-4690-81cf-da5ab79b92f7, raftlog=279bca68-3e74-4690-81cf-da5ab79b92f7@group-AF49A4A4CA2A-SegmentedRaftLog:OPENED:c-1,f-1,i0, conf=-1: [daebe4f8-0ad9-4eb2-8ed7-3a8051847eb6:192.168.69.118:44860, 389d5540-641f-48c2-a9df-60738dbad976:192.168.69.118:45712, 279bca68-3e74-4690-81cf-da5ab79b92f7:192.168.69.118:45510], old=null
2019-10-23 12:37:04,132 [279bca68-3e74-4690-81cf-da5ab79b92f7@group-AF49A4A4CA2A-LeaderElection420] INFO  impl.RaftServerImpl (RaftServerImpl.java:setRole(184)) - 279bca68-3e74-4690-81cf-da5ab79b92f7@group-AF49A4A4CA2A: changes role from CANDIDATE to FOLLOWER at term 462 for DISCOVERED_A_NEW_TERM
2019-10-23 12:37:04,132 [279bca68-3e74-4690-81cf-da5ab79b92f7@group-AF49A4A4CA2A-LeaderElection420] INFO  impl.RoleInfo (RoleInfo.java:shutdownLeaderElection(134)) - 279bca68-3e74-4690-81cf-da5ab79b92f7: shutdown LeaderElection
2019-10-23 12:37:04,132 [279bca68-3e74-4690-81cf-da5ab79b92f7@group-AF49A4A4CA2A-LeaderElection420] INFO  impl.RoleInfo (RoleInfo.java:updateAndGet(143)) - 279bca68-3e74-4690-81cf-da5ab79b92f7: start FollowerState
2019-10-23 12:37:04,307 [Thread-3048] INFO  impl.FollowerState (FollowerState.java:run(108)) - 279bca68-3e74-4690-81cf-da5ab79b92f7@group-AF49A4A4CA2A-FollowerState: change to CANDIDATE, lastRpcTime:174ms, electionTimeout:174ms
2019-10-23 12:37:04,307 [Thread-3048] INFO  impl.RoleInfo (RoleInfo.java:shutdownFollowerState(121)) - 279bca68-3e74-4690-81cf-da5ab79b92f7: shutdown FollowerState
2019-10-23 12:37:04,307 [Thread-3048] INFO  impl.RaftServerImpl (RaftServerImpl.java:setRole(184)) - 279bca68-3e74-4690-81cf-da5ab79b92f7@group-AF49A4A4CA2A: changes role from  FOLLOWER to CANDIDATE at term 462 for changeToCandidate
2019-10-23 12:37:04,307 [Thread-3048] INFO  impl.RoleInfo (RoleInfo.java:updateAndGet(143)) - 279bca68-3e74-4690-81cf-da5ab79b92f7: start LeaderElection
2019-10-23 12:37:04,320 [279bca68-3e74-4690-81cf-da5ab79b92f7@group-AF49A4A4CA2A-LeaderElection421] INFO  impl.LeaderElection (LeaderElection.java:askForVotes(178)) - 279bca68-3e74-4690-81cf-da5ab79b92f7@group-AF49A4A4CA2A-LeaderElection421: begin an election at term 463 for -1: [daebe4f8-0ad9-4eb2-8ed7-3a8051847eb6:192.168.69.118:44860, 389d5540-641f-48c2-a9df-60738dbad976:192.168.69.118:45712, 279bca68-3e74-4690-81cf-da5ab79b92f7:192.168.69.118:45510], old=null
2019-10-23 12:37:04,322 [grpc-default-executor-3] INFO  impl.RaftServerImpl (RaftServerImpl.java:setRole(184)) - daebe4f8-0ad9-4eb2-8ed7-3a8051847eb6@group-AF49A4A4CA2A: changes role from  FOLLOWER to FOLLOWER at term 463 for recognizeCandidate:279bca68-3e74-4690-81cf-da5ab79b92f7
2019-10-23 12:37:04,322 [grpc-default-executor-4] INFO  impl.RaftServerImpl (RaftServerImpl.java:setRole(184)) - 389d5540-641f-48c2-a9df-60738dbad976@group-AF49A4A4CA2A: changes role from  FOLLOWER to FOLLOWER at term 463 for recognizeCandidate:279bca68-3e74-4690-81cf-da5ab79b92f7
2019-10-23 12:37:04,322 [grpc-default-executor-3] INFO  impl.RoleInfo (RoleInfo.java:shutdownFollowerState(121)) - daebe4f8-0ad9-4eb2-8ed7-3a8051847eb6: shutdown FollowerState
2019-10-23 12:37:04,322 [grpc-default-executor-3] INFO  impl.RoleInfo (RoleInfo.java:updateAndGet(143)) - daebe4f8-0ad9-4eb2-8ed7-3a8051847eb6: start FollowerState
2019-10-23 12:37:04,322 [grpc-default-executor-4] INFO  impl.RoleInfo (RoleInfo.java:shutdownFollowerState(121)) - 389d5540-641f-48c2-a9df-60738dbad976: shutdown FollowerState
2019-10-23 12:37:04,322 [Thread-3047] INFO  impl.FollowerState (FollowerState.java:run(117)) - daebe4f8-0ad9-4eb2-8ed7-3a8051847eb6@group-AF49A4A4CA2A-FollowerState was interrupted: java.lang.InterruptedException: sleep interrupted
2019-10-23 12:37:04,323 [Thread-3046] INFO  impl.FollowerState (FollowerState.java:run(117)) - 389d5540-641f-48c2-a9df-60738dbad976@group-AF49A4A4CA2A-FollowerState was interrupted: java.lang.InterruptedException: sleep interrupted
2019-10-23 12:37:04,323 [grpc-default-executor-4] INFO  impl.RoleInfo (RoleInfo.java:updateAndGet(143)) - 389d5540-641f-48c2-a9df-60738dbad976: start FollowerState
2019-10-23 12:37:04,337 [279bca68-3e74-4690-81cf-da5ab79b92f7@group-AF49A4A4CA2A-LeaderElection421] INFO  impl.LeaderElection (LeaderElection.java:logAndReturn(56)) - 279bca68-3e74-4690-81cf-da5ab79b92f7@group-AF49A4A4CA2A-LeaderElection421: Election REJECTED; received 2 response(s) [279bca68-3e74-4690-81cf-da5ab79b92f7<-daebe4f8-0ad9-4eb2-8ed7-3a8051847eb6#0:FAIL-t463, 279bca68-3e74-4690-81cf-da5ab79b92f7<-389d5540-641f-48c2-a9df-60738dbad976#0:FAIL-t463] and 0 exception(s); 279bca68-3e74-4690-81cf-da5ab79b92f7@group-AF49A4A4CA2A:t463, leader=null, voted=279bca68-3e74-4690-81cf-da5ab79b92f7, raftlog=279bca68-3e74-4690-81cf-da5ab79b92f7@group-AF49A4A4CA2A-SegmentedRaftLog:OPENED:c-1,f-1,i0, conf=-1: [daebe4f8-0ad9-4eb2-8ed7-3a8051847eb6:192.168.69.118:44860, 389d5540-641f-48c2-a9df-60738dbad976:192.168.69.118:45712, 279bca68-3e74-4690-81cf-da5ab79b92f7:192.168.69.118:45510], old=null
2019-10-23 12:37:04,337 [279bca68-3e74-4690-81cf-da5ab79b92f7@group-AF49A4A4CA2A-LeaderElection421] INFO  impl.RaftServerImpl (RaftServerImpl.java:setRole(184)) - 279bca68-3e74-4690-81cf-da5ab79b92f7@group-AF49A4A4CA2A: changes role from CANDIDATE to FOLLOWER at term 463 for DISCOVERED_A_NEW_TERM
2019-10-23 12:37:04,338 [279bca68-3e74-4690-81cf-da5ab79b92f7@group-AF49A4A4CA2A-LeaderElection421] INFO  impl.RoleInfo (RoleInfo.java:shutdownLeaderElection(134)) - 279bca68-3e74-4690-81cf-da5ab79b92f7: shutdown LeaderElection
2019-10-23 12:37:04,338 [279bca68-3e74-4690-81cf-da5ab79b92f7@group-AF49A4A4CA2A-LeaderElection421] INFO  impl.RoleInfo (RoleInfo.java:updateAndGet(143)) - 279bca68-3e74-4690-81cf-da5ab79b92f7: start FollowerState
2019-10-23 12:37:04,477 [Thread-3054] INFO  impl.FollowerState (FollowerState.java:run(108)) - 279bca68-3e74-4690-81cf-da5ab79b92f7@group-AF49A4A4CA2A-FollowerState: change to CANDIDATE, lastRpcTime:139ms, electionTimeout:139ms
2019-10-23 12:37:04,477 [Thread-3054] INFO  impl.RoleInfo (RoleInfo.java:shutdownFollowerState(121)) - 279bca68-3e74-4690-81cf-da5ab79b92f7: shutdown FollowerState
2019-10-23 12:37:04,477 [Thread-3054] INFO  impl.RaftServerImpl (RaftServerImpl.java:setRole(184)) - 279bca68-3e74-4690-81cf-da5ab79b92f7@group-AF49A4A4CA2A: changes role from  FOLLOWER to CANDIDATE at term 463 for changeToCandidate
2019-10-23 12:37:04,478 [Thread-3054] INFO  impl.RoleInfo (RoleInfo.java:updateAndGet(143)) - 279bca68-3e74-4690-81cf-da5ab79b92f7: start LeaderElection
2019-10-23 12:37:04,499 [279bca68-3e74-4690-81cf-da5ab79b92f7@group-AF49A4A4CA2A-LeaderElection422] INFO  impl.LeaderElection (LeaderElection.java:askForVotes(178)) - 279bca68-3e74-4690-81cf-da5ab79b92f7@group-AF49A4A4CA2A-LeaderElection422: begin an election at term 464 for -1: [daebe4f8-0ad9-4eb2-8ed7-3a8051847eb6:192.168.69.118:44860, 389d5540-641f-48c2-a9df-60738dbad976:192.168.69.118:45712, 279bca68-3e74-4690-81cf-da5ab79b92f7:192.168.69.118:45510], old=null
2019-10-23 12:37:04,501 [grpc-default-executor-4] INFO  impl.RaftServerImpl (RaftServerImpl.java:setRole(184)) - daebe4f8-0ad9-4eb2-8ed7-3a8051847eb6@group-AF49A4A4CA2A: changes role from  FOLLOWER to FOLLOWER at term 464 for recognizeCandidate:279bca68-3e74-4690-81cf-da5ab79b92f7
2019-10-23 12:37:04,502 [grpc-default-executor-3] INFO  impl.RaftServerImpl (RaftServerImpl.java:setRole(184)) - 389d5540-641f-48c2-a9df-60738dbad976@group-AF49A4A4CA2A: changes role from  FOLLOWER to FOLLOWER at term 464 for recognizeCandidate:279bca68-3e74-4690-81cf-da5ab79b92f7
2019-10-23 12:37:04,502 [grpc-default-executor-4] INFO  impl.RoleInfo (RoleInfo.java:shutdownFollowerState(121)) - daebe4f8-0ad9-4eb2-8ed7-3a8051847eb6: shutdown FollowerState
2019-10-23 12:37:04,502 [grpc-default-executor-3] INFO  impl.RoleInfo (RoleInfo.java:shutdownFollowerState(121)) - 389d5540-641f-48c2-a9df-60738dbad976: shutdown FollowerState
2019-10-23 12:37:04,502 [Thread-3052] INFO  impl.FollowerState (FollowerState.java:run(117)) - daebe4f8-0ad9-4eb2-8ed7-3a8051847eb6@group-AF49A4A4CA2A-FollowerState was interrupted: java.lang.InterruptedException: sleep interrupted
2019-10-23 12:37:04,502 [grpc-default-executor-4] INFO  impl.RoleInfo (RoleInfo.java:updateAndGet(143)) - daebe4f8-0ad9-4eb2-8ed7-3a8051847eb6: start FollowerState
2019-10-23 12:37:04,502 [Thread-3053] INFO  impl.FollowerState (FollowerState.java:run(117)) - 389d5540-641f-48c2-a9df-60738dbad976@group-AF49A4A4CA2A-FollowerState was interrupted: java.lang.InterruptedException: sleep interrupted
2019-10-23 12:37:04,502 [grpc-default-executor-3] INFO  impl.RoleInfo (RoleInfo.java:updateAndGet(143)) - 389d5540-641f-48c2-a9df-60738dbad976: start FollowerState
2019-10-23 12:37:04,531 [279bca68-3e74-4690-81cf-da5ab79b92f7@group-AF49A4A4CA2A-LeaderElection422] INFO  impl.LeaderElection (LeaderElection.java:logAndReturn(56)) - 279bca68-3e74-4690-81cf-da5ab79b92f7@group-AF49A4A4CA2A-LeaderElection422: Election REJECTED; received 2 response(s) [279bca68-3e74-4690-81cf-da5ab79b92f7<-daebe4f8-0ad9-4eb2-8ed7-3a8051847eb6#0:FAIL-t464, 279bca68-3e74-4690-81cf-da5ab79b92f7<-389d5540-641f-48c2-a9df-60738dbad976#0:FAIL-t464] and 0 exception(s); 279bca68-3e74-4690-81cf-da5ab79b92f7@group-AF49A4A4CA2A:t464, leader=null, voted=279bca68-3e74-4690-81cf-da5ab79b92f7, raftlog=279bca68-3e74-4690-81cf-da5ab79b92f7@group-AF49A4A4CA2A-SegmentedRaftLog:OPENED:c-1,f-1,i0, conf=-1: [daebe4f8-0ad9-4eb2-8ed7-3a8051847eb6:192.168.69.118:44860, 389d5540-641f-48c2-a9df-60738dbad976:192.168.69.118:45712, 279bca68-3e74-4690-81cf-da5ab79b92f7:192.168.69.118:45510], old=null
2019-10-23 12:37:04,531 [279bca68-3e74-4690-81cf-da5ab79b92f7@group-AF49A4A4CA2A-LeaderElection422] INFO  impl.RaftServerImpl (RaftServerImpl.java:setRole(184)) - 279bca68-3e74-4690-81cf-da5ab79b92f7@group-AF49A4A4CA2A: changes role from CANDIDATE to FOLLOWER at term 464 for DISCOVERED_A_NEW_TERM
2019-10-23 12:37:04,531 [279bca68-3e74-4690-81cf-da5ab79b92f7@group-AF49A4A4CA2A-LeaderElection422] INFO  impl.RoleInfo (RoleInfo.java:shutdownLeaderElection(134)) - 279bca68-3e74-4690-81cf-da5ab79b92f7: shutdown LeaderElection
2019-10-23 12:37:04,531 [279bca68-3e74-4690-81cf-da5ab79b92f7@group-AF49A4A4CA2A-LeaderElection422] INFO  impl.RoleInfo (RoleInfo.java:updateAndGet(143)) - 279bca68-3e74-4690-81cf-da5ab79b92f7: start FollowerState
2019-10-23 12:37:04,606 [Thread-3060] INFO  impl.FollowerState (FollowerState.java:run(108)) - 279bca68-3e74-4690-81cf-da5ab79b92f7@group-AF49A4A4CA2A-FollowerState: change to CANDIDATE, lastRpcTime:74ms, electionTimeout:74ms
2019-10-23 12:37:04,606 [Thread-3060] INFO  impl.RoleInfo (RoleInfo.java:shutdownFollowerState(121)) - 279bca68-3e74-4690-81cf-da5ab79b92f7: shutdown FollowerState
2019-10-23 12:37:04,606 [Thread-3060] INFO  impl.RaftServerImpl (RaftServerImpl.java:setRole(184)) - 279bca68-3e74-4690-81cf-da5ab79b92f7@group-AF49A4A4CA2A: changes role from  FOLLOWER to CANDIDATE at term 464 for changeToCandidate
2019-10-23 12:37:04,606 [Thread-3060] INFO  impl.RoleInfo (RoleInfo.java:updateAndGet(143)) - 279bca68-3e74-4690-81cf-da5ab79b92f7: start LeaderElection
2019-10-23 12:37:04,620 [279bca68-3e74-4690-81cf-da5ab79b92f7@group-AF49A4A4CA2A-LeaderElection423] INFO  impl.LeaderElection (LeaderElection.java:askForVotes(178)) - 279bca68-3e74-4690-81cf-da5ab79b92f7@group-AF49A4A4CA2A-LeaderElection423: begin an election at term 465 for -1: [daebe4f8-0ad9-4eb2-8ed7-3a8051847eb6:192.168.69.118:44860, 389d5540-641f-48c2-a9df-60738dbad976:192.168.69.118:45712, 279bca68-3e74-4690-81cf-da5ab79b92f7:192.168.69.118:45510], old=null
2019-10-23 12:37:04,621 [grpc-default-executor-4] INFO  impl.RaftServerImpl (RaftServerImpl.java:setRole(184)) - daebe4f8-0ad9-4eb2-8ed7-3a8051847eb6@group-AF49A4A4CA2A: changes role from  FOLLOWER to FOLLOWER at term 465 for recognizeCandidate:279bca68-3e74-4690-81cf-da5ab79b92f7
2019-10-23 12:37:04,621 [grpc-default-executor-4] INFO  impl.RoleInfo (RoleInfo.java:shutdownFollowerState(121)) - daebe4f8-0ad9-4eb2-8ed7-3a8051847eb6: shutdown FollowerState
2019-10-23 12:37:04,621 [grpc-default-executor-3] INFO  impl.RaftServerImpl (RaftServerImpl.java:setRole(184)) - 389d5540-641f-48c2-a9df-60738dbad976@group-AF49A4A4CA2A: changes role from  FOLLOWER to FOLLOWER at term 465 for recognizeCandidate:279bca68-3e74-4690-81cf-da5ab79b92f7
2019-10-23 12:37:04,621 [grpc-default-executor-3] INFO  impl.RoleInfo (RoleInfo.java:shutdownFollowerState(121)) - 389d5540-641f-48c2-a9df-60738dbad976: shutdown FollowerState
2019-10-23 12:37:04,621 [Thread-3058] INFO  impl.FollowerState (FollowerState.java:run(117)) - daebe4f8-0ad9-4eb2-8ed7-3a8051847eb6@group-AF49A4A4CA2A-FollowerState was interrupted: java.lang.InterruptedException: sleep interrupted
2019-10-23 12:37:04,622 [Thread-3059] INFO  impl.FollowerState (FollowerState.java:run(117)) - 389d5540-641f-48c2-a9df-60738dbad976@group-AF49A4A4CA2A-FollowerState was interrupted: java.lang.InterruptedException: sleep interrupted
2019-10-23 12:37:04,621 [grpc-default-executor-4] INFO  impl.RoleInfo (RoleInfo.java:updateAndGet(143)) - daebe4f8-0ad9-4eb2-8ed7-3a8051847eb6: start FollowerState
2019-10-23 12:37:04,622 [grpc-default-executor-3] INFO  impl.RoleInfo (RoleInfo.java:updateAndGet(143)) - 389d5540-641f-48c2-a9df-60738dbad976: start FollowerState
2019-10-23 12:37:04,648 [279bca68-3e74-4690-81cf-da5ab79b92f7@group-AF49A4A4CA2A-LeaderElection423] INFO  impl.LeaderElection (LeaderElection.java:logAndReturn(56)) - 279bca68-3e74-4690-81cf-da5ab79b92f7@group-AF49A4A4CA2A-LeaderElection423: Election REJECTED; received 2 response(s) [279bca68-3e74-4690-81cf-da5ab79b92f7<-daebe4f8-0ad9-4eb2-8ed7-3a8051847eb6#0:FAIL-t465, 279bca68-3e74-4690-81cf-da5ab79b92f7<-389d5540-641f-48c2-a9df-60738dbad976#0:FAIL-t465] and 0 exception(s); 279bca68-3e74-4690-81cf-da5ab79b92f7@group-AF49A4A4CA2A:t465, leader=null, voted=279bca68-3e74-4690-81cf-da5ab79b92f7, raftlog=279bca68-3e74-4690-81cf-da5ab79b92f7@group-AF49A4A4CA2A-SegmentedRaftLog:OPENED:c-1,f-1,i0, conf=-1: [daebe4f8-0ad9-4eb2-8ed7-3a8051847eb6:192.168.69.118:44860, 389d5540-641f-48c2-a9df-60738dbad976:192.168.69.118:45712, 279bca68-3e74-4690-81cf-da5ab79b92f7:192.168.69.118:45510], old=null
2019-10-23 12:37:04,648 [279bca68-3e74-4690-81cf-da5ab79b92f7@group-AF49A4A4CA2A-LeaderElection423] INFO  impl.RaftServerImpl (RaftServerImpl.java:setRole(184)) - 279bca68-3e74-4690-81cf-da5ab79b92f7@group-AF49A4A4CA2A: changes role from CANDIDATE to FOLLOWER at term 465 for DISCOVERED_A_NEW_TERM
2019-10-23 12:37:04,648 [279bca68-3e74-4690-81cf-da5ab79b92f7@group-AF49A4A4CA2A-LeaderElection423] INFO  impl.RoleInfo (RoleInfo.java:shutdownLeaderElection(134)) - 279bca68-3e74-4690-81cf-da5ab79b92f7: shutdown LeaderElection
2019-10-23 12:37:04,648 [279bca68-3e74-4690-81cf-da5ab79b92f7@group-AF49A4A4CA2A-LeaderElection423] INFO  impl.RoleInfo (RoleInfo.java:updateAndGet(143)) - 279bca68-3e74-4690-81cf-da5ab79b92f7: start FollowerState
2019-10-23 12:37:04,753 [Thread-3066] INFO  impl.FollowerState (FollowerState.java:run(108)) - 279bca68-3e74-4690-81cf-da5ab79b92f7@group-AF49A4A4CA2A-FollowerState: change to CANDIDATE, lastRpcTime:104ms, electionTimeout:104ms
2019-10-23 12:37:04,753 [Thread-3066] INFO  impl.RoleInfo (RoleInfo.java:shutdownFollowerState(121)) - 279bca68-3e74-4690-81cf-da5ab79b92f7: shutdown FollowerState
2019-10-23 12:37:04,753 [Thread-3066] INFO  impl.RaftServerImpl (RaftServerImpl.java:setRole(184)) - 279bca68-3e74-4690-81cf-da5ab79b92f7@group-AF49A4A4CA2A: changes role from  FOLLOWER to CANDIDATE at term 465 for changeToCandidate
2019-10-23 12:37:04,753 [Thread-3066] INFO  impl.RoleInfo (RoleInfo.java:updateAndGet(143)) - 279bca68-3e74-4690-81cf-da5ab79b92f7: start LeaderElection
2019-10-23 12:37:04,766 [279bca68-3e74-4690-81cf-da5ab79b92f7@group-AF49A4A4CA2A-LeaderElection424] INFO  impl.LeaderElection (LeaderElection.java:askForVotes(178)) - 279bca68-3e74-4690-81cf-da5ab79b92f7@group-AF49A4A4CA2A-LeaderElection424: begin an election at term 466 for -1: [daebe4f8-0ad9-4eb2-8ed7-3a8051847eb6:192.168.69.118:44860, 389d5540-641f-48c2-a9df-60738dbad976:192.168.69.118:45712, 279bca68-3e74-4690-81cf-da5ab79b92f7:192.168.69.118:45510], old=null
2019-10-23 12:37:04,767 [grpc-default-executor-3] INFO  impl.RaftServerImpl (RaftServerImpl.java:setRole(184)) - daebe4f8-0ad9-4eb2-8ed7-3a8051847eb6@group-AF49A4A4CA2A: changes role from  FOLLOWER to FOLLOWER at term 466 for recognizeCandidate:279bca68-3e74-4690-81cf-da5ab79b92f7
2019-10-23 12:37:04,767 [grpc-default-executor-4] INFO  impl.RaftServerImpl (RaftServerImpl.java:setRole(184)) - 389d5540-641f-48c2-a9df-60738dbad976@group-AF49A4A4CA2A: changes role from  FOLLOWER to FOLLOWER at term 466 for recognizeCandidate:279bca68-3e74-4690-81cf-da5ab79b92f7
2019-10-23 12:37:04,768 [grpc-default-executor-4] INFO  impl.RoleInfo (RoleInfo.java:shutdownFollowerState(121)) - 389d5540-641f-48c2-a9df-60738dbad976: shutdown FollowerState
2019-10-23 12:37:04,768 [grpc-default-executor-3] INFO  impl.RoleInfo (RoleInfo.java:shutdownFollowerState(121)) - daebe4f8-0ad9-4eb2-8ed7-3a8051847eb6: shutdown FollowerState
2019-10-23 12:37:04,768 [Thread-3065] INFO  impl.FollowerState (FollowerState.java:run(117)) - 389d5540-641f-48c2-a9df-60738dbad976@group-AF49A4A4CA2A-FollowerState was interrupted: java.lang.InterruptedException: sleep interrupted
2019-10-23 12:37:04,768 [grpc-default-executor-4] INFO  impl.RoleInfo (RoleInfo.java:updateAndGet(143)) - 389d5540-641f-48c2-a9df-60738dbad976: start FollowerState
2019-10-23 12:37:04,768 [Thread-3064] INFO  impl.FollowerState (FollowerState.java:run(117)) - daebe4f8-0ad9-4eb2-8ed7-3a8051847eb6@group-AF49A4A4CA2A-FollowerState was interrupted: java.lang.InterruptedException: sleep interrupted
2019-10-23 12:37:04,768 [grpc-default-executor-3] INFO  impl.RoleInfo (RoleInfo.java:updateAndGet(143)) - daebe4f8-0ad9-4eb2-8ed7-3a8051847eb6: start FollowerState
2019-10-23 12:37:04,787 [279bca68-3e74-4690-81cf-da5ab79b92f7@group-AF49A4A4CA2A-LeaderElection424] INFO  impl.LeaderElection (LeaderElection.java:logAndReturn(56)) - 279bca68-3e74-4690-81cf-da5ab79b92f7@group-AF49A4A4CA2A-LeaderElection424: Election REJECTED; received 2 response(s) [279bca68-3e74-4690-81cf-da5ab79b92f7<-daebe4f8-0ad9-4eb2-8ed7-3a8051847eb6#0:FAIL-t466, 279bca68-3e74-4690-81cf-da5ab79b92f7<-389d5540-641f-48c2-a9df-60738dbad976#0:FAIL-t466] and 0 exception(s); 279bca68-3e74-4690-81cf-da5ab79b92f7@group-AF49A4A4CA2A:t466, leader=null, voted=279bca68-3e74-4690-81cf-da5ab79b92f7, raftlog=279bca68-3e74-4690-81cf-da5ab79b92f7@group-AF49A4A4CA2A-SegmentedRaftLog:OPENED:c-1,f-1,i0, conf=-1: [daebe4f8-0ad9-4eb2-8ed7-3a8051847eb6:192.168.69.118:44860, 389d5540-641f-48c2-a9df-60738dbad976:192.168.69.118:45712, 279bca68-3e74-4690-81cf-da5ab79b92f7:192.168.69.118:45510], old=null
2019-10-23 12:37:04,787 [279bca68-3e74-4690-81cf-da5ab79b92f7@group-AF49A4A4CA2A-LeaderElection424] INFO  impl.RaftServerImpl (RaftServerImpl.java:setRole(184)) - 279bca68-3e74-4690-81cf-da5ab79b92f7@group-AF49A4A4CA2A: changes role from CANDIDATE to FOLLOWER at term 466 for DISCOVERED_A_NEW_TERM
2019-10-23 12:37:04,787 [279bca68-3e74-4690-81cf-da5ab79b92f7@group-AF49A4A4CA2A-LeaderElection424] INFO  impl.RoleInfo (RoleInfo.java:shutdownLeaderElection(134)) - 279bca68-3e74-4690-81cf-da5ab79b92f7: shutdown LeaderElection
2019-10-23 12:37:04,787 [279bca68-3e74-4690-81cf-da5ab79b92f7@group-AF49A4A4CA2A-LeaderElection424] INFO  impl.RoleInfo (RoleInfo.java:updateAndGet(143)) - 279bca68-3e74-4690-81cf-da5ab79b92f7: start FollowerState
2019-10-23 12:37:04,914 [Thread-3074] INFO  impl.FollowerState (FollowerState.java:run(108)) - 279bca68-3e74-4690-81cf-da5ab79b92f7@group-AF49A4A4CA2A-FollowerState: change to CANDIDATE, lastRpcTime:127ms, electionTimeout:127ms
2019-10-23 12:37:04,915 [Thread-3074] INFO  impl.RoleInfo (RoleInfo.java:shutdownFollowerState(121)) - 279bca68-3e74-4690-81cf-da5ab79b92f7: shutdown FollowerState
2019-10-23 12:37:04,915 [Thread-3074] INFO  impl.RaftServerImpl (RaftServerImpl.java:setRole(184)) - 279bca68-3e74-4690-81cf-da5ab79b92f7@group-AF49A4A4CA2A: changes role from  FOLLOWER to CANDIDATE at term 466 for changeToCandidate
2019-10-23 12:37:04,915 [Thread-3074] INFO  impl.RoleInfo (RoleInfo.java:updateAndGet(143)) - 279bca68-3e74-4690-81cf-da5ab79b92f7: start LeaderElection
2019-10-23 12:37:04,928 [279bca68-3e74-4690-81cf-da5ab79b92f7@group-AF49A4A4CA2A-LeaderElection425] INFO  impl.LeaderElection (LeaderElection.java:askForVotes(178)) - 279bca68-3e74-4690-81cf-da5ab79b92f7@group-AF49A4A4CA2A-LeaderElection425: begin an election at term 467 for -1: [daebe4f8-0ad9-4eb2-8ed7-3a8051847eb6:192.168.69.118:44860, 389d5540-641f-48c2-a9df-60738dbad976:192.168.69.118:45712, 279bca68-3e74-4690-81cf-da5ab79b92f7:192.168.69.118:45510], old=null
2019-10-23 12:37:04,930 [grpc-default-executor-3] INFO  impl.RaftServerImpl (RaftServerImpl.java:setRole(184)) - 389d5540-641f-48c2-a9df-60738dbad976@group-AF49A4A4CA2A: changes role from  FOLLOWER to FOLLOWER at term 467 for recognizeCandidate:279bca68-3e74-4690-81cf-da5ab79b92f7
2019-10-23 12:37:04,930 [grpc-default-executor-4] INFO  impl.RaftServerImpl (RaftServerImpl.java:setRole(184)) - daebe4f8-0ad9-4eb2-8ed7-3a8051847eb6@group-AF49A4A4CA2A: changes role from  FOLLOWER to FOLLOWER at term 467 for recognizeCandidate:279bca68-3e74-4690-81cf-da5ab79b92f7
2019-10-23 12:37:04,930 [grpc-default-executor-3] INFO  impl.RoleInfo (RoleInfo.java:shutdownFollowerState(121)) - 389d5540-641f-48c2-a9df-60738dbad976: shutdown FollowerState
2019-10-23 12:37:04,930 [grpc-default-executor-4] INFO  impl.RoleInfo (RoleInfo.java:shutdownFollowerState(121)) - daebe4f8-0ad9-4eb2-8ed7-3a8051847eb6: shutdown FollowerState
2019-10-23 12:37:04,931 [Thread-3072] INFO  impl.FollowerState (FollowerState.java:run(117)) - 389d5540-641f-48c2-a9df-60738dbad976@group-AF49A4A4CA2A-FollowerState was interrupted: java.lang.InterruptedException: sleep interrupted
2019-10-23 12:37:04,931 [Thread-3073] INFO  impl.FollowerState (FollowerState.java:run(117)) - daebe4f8-0ad9-4eb2-8ed7-3a8051847eb6@group-AF49A4A4CA2A-FollowerState was interrupted: java.lang.InterruptedException: sleep interrupted
2019-10-23 12:37:04,931 [grpc-default-executor-3] INFO  impl.RoleInfo (RoleInfo.java:updateAndGet(143)) - 389d5540-641f-48c2-a9df-60738dbad976: start FollowerState
2019-10-23 12:37:04,931 [grpc-default-executor-4] INFO  impl.RoleInfo (RoleInfo.java:updateAndGet(143)) - daebe4f8-0ad9-4eb2-8ed7-3a8051847eb6: start FollowerState
2019-10-23 12:37:04,947 [279bca68-3e74-4690-81cf-da5ab79b92f7@group-AF49A4A4CA2A-LeaderElection425] INFO  impl.LeaderElection (LeaderElection.java:logAndReturn(56)) - 279bca68-3e74-4690-81cf-da5ab79b92f7@group-AF49A4A4CA2A-LeaderElection425: Election REJECTED; received 2 response(s) [279bca68-3e74-4690-81cf-da5ab79b92f7<-daebe4f8-0ad9-4eb2-8ed7-3a8051847eb6#0:FAIL-t467, 279bca68-3e74-4690-81cf-da5ab79b92f7<-389d5540-641f-48c2-a9df-60738dbad976#0:FAIL-t467] and 0 exception(s); 279bca68-3e74-4690-81cf-da5ab79b92f7@group-AF49A4A4CA2A:t467, leader=null, voted=279bca68-3e74-4690-81cf-da5ab79b92f7, raftlog=279bca68-3e74-4690-81cf-da5ab79b92f7@group-AF49A4A4CA2A-SegmentedRaftLog:OPENED:c-1,f-1,i0, conf=-1: [daebe4f8-0ad9-4eb2-8ed7-3a8051847eb6:192.168.69.118:44860, 389d5540-641f-48c2-a9df-60738dbad976:192.168.69.118:45712, 279bca68-3e74-4690-81cf-da5ab79b92f7:192.168.69.118:45510], old=null
2019-10-23 12:37:04,947 [279bca68-3e74-4690-81cf-da5ab79b92f7@group-AF49A4A4CA2A-LeaderElection425] INFO  impl.RaftServerImpl (RaftServerImpl.java:setRole(184)) - 279bca68-3e74-4690-81cf-da5ab79b92f7@group-AF49A4A4CA2A: changes role from CANDIDATE to FOLLOWER at term 467 for DISCOVERED_A_NEW_TERM
2019-10-23 12:37:04,947 [279bca68-3e74-4690-81cf-da5ab79b92f7@group-AF49A4A4CA2A-LeaderElection425] INFO  impl.RoleInfo (RoleInfo.java:shutdownLeaderElection(134)) - 279bca68-3e74-4690-81cf-da5ab79b92f7: shutdown LeaderElection
2019-10-23 12:37:04,947 [279bca68-3e74-4690-81cf-da5ab79b92f7@group-AF49A4A4CA2A-LeaderElection425] INFO  impl.RoleInfo (RoleInfo.java:updateAndGet(143)) - 279bca68-3e74-4690-81cf-da5ab79b92f7: start FollowerState
2019-10-23 12:37:05,146 [Thread-3080] INFO  impl.FollowerState (FollowerState.java:run(108)) - 279bca68-3e74-4690-81cf-da5ab79b92f7@group-AF49A4A4CA2A-FollowerState: change to CANDIDATE, lastRpcTime:198ms, electionTimeout:198ms
2019-10-23 12:37:05,146 [Thread-3080] INFO  impl.RoleInfo (RoleInfo.java:shutdownFollowerState(121)) - 279bca68-3e74-4690-81cf-da5ab79b92f7: shutdown FollowerState
2019-10-23 12:37:05,146 [Thread-3080] INFO  impl.RaftServerImpl (RaftServerImpl.java:setRole(184)) - 279bca68-3e74-4690-81cf-da5ab79b92f7@group-AF49A4A4CA2A: changes role from  FOLLOWER to CANDIDATE at term 467 for changeToCandidate
2019-10-23 12:37:05,146 [Thread-3080] INFO  impl.RoleInfo (RoleInfo.java:updateAndGet(143)) - 279bca68-3e74-4690-81cf-da5ab79b92f7: start LeaderElection
2019-10-23 12:37:05,173 [279bca68-3e74-4690-81cf-da5ab79b92f7@group-AF49A4A4CA2A-LeaderElection426] INFO  impl.LeaderElection (LeaderElection.java:askForVotes(178)) - 279bca68-3e74-4690-81cf-da5ab79b92f7@group-AF49A4A4CA2A-LeaderElection426: begin an election at term 468 for -1: [daebe4f8-0ad9-4eb2-8ed7-3a8051847eb6:192.168.69.118:44860, 389d5540-641f-48c2-a9df-60738dbad976:192.168.69.118:45712, 279bca68-3e74-4690-81cf-da5ab79b92f7:192.168.69.118:45510], old=null
2019-10-23 12:37:05,174 [grpc-default-executor-4] INFO  impl.RaftServerImpl (RaftServerImpl.java:setRole(184)) - daebe4f8-0ad9-4eb2-8ed7-3a8051847eb6@group-AF49A4A4CA2A: changes role from  FOLLOWER to FOLLOWER at term 468 for recognizeCandidate:279bca68-3e74-4690-81cf-da5ab79b92f7
2019-10-23 12:37:05,174 [grpc-default-executor-4] INFO  impl.RoleInfo (RoleInfo.java:shutdownFollowerState(121)) - daebe4f8-0ad9-4eb2-8ed7-3a8051847eb6: shutdown FollowerState
2019-10-23 12:37:05,175 [grpc-default-executor-3] INFO  impl.RaftServerImpl (RaftServerImpl.java:setRole(184)) - 389d5540-641f-48c2-a9df-60738dbad976@group-AF49A4A4CA2A: changes role from  FOLLOWER to FOLLOWER at term 468 for recognizeCandidate:279bca68-3e74-4690-81cf-da5ab79b92f7
2019-10-23 12:37:05,175 [grpc-default-executor-3] INFO  impl.RoleInfo (RoleInfo.java:shutdownFollowerState(121)) - 389d5540-641f-48c2-a9df-60738dbad976: shutdown FollowerState
2019-10-23 12:37:05,175 [Thread-3079] INFO  impl.FollowerState (FollowerState.java:run(117)) - daebe4f8-0ad9-4eb2-8ed7-3a8051847eb6@group-AF49A4A4CA2A-FollowerState was interrupted: java.lang.InterruptedException: sleep interrupted
2019-10-23 12:37:05,175 [Thread-3078] INFO  impl.FollowerState (FollowerState.java:run(117)) - 389d5540-641f-48c2-a9df-60738dbad976@group-AF49A4A4CA2A-FollowerState was interrupted: java.lang.InterruptedException: sleep interrupted
2019-10-23 12:37:05,175 [grpc-default-executor-4] INFO  impl.RoleInfo (RoleInfo.java:updateAndGet(143)) - daebe4f8-0ad9-4eb2-8ed7-3a8051847eb6: start FollowerState
2019-10-23 12:37:05,175 [grpc-default-executor-3] INFO  impl.RoleInfo (RoleInfo.java:updateAndGet(143)) - 389d5540-641f-48c2-a9df-60738dbad976: start FollowerState
2019-10-23 12:37:05,190 [279bca68-3e74-4690-81cf-da5ab79b92f7@group-AF49A4A4CA2A-LeaderElection426] INFO  impl.LeaderElection (LeaderElection.java:logAndReturn(56)) - 279bca68-3e74-4690-81cf-da5ab79b92f7@group-AF49A4A4CA2A-LeaderElection426: Election REJECTED; received 2 response(s) [279bca68-3e74-4690-81cf-da5ab79b92f7<-daebe4f8-0ad9-4eb2-8ed7-3a8051847eb6#0:FAIL-t468, 279bca68-3e74-4690-81cf-da5ab79b92f7<-389d5540-641f-48c2-a9df-60738dbad976#0:FAIL-t468] and 0 exception(s); 279bca68-3e74-4690-81cf-da5ab79b92f7@group-AF49A4A4CA2A:t468, leader=null, voted=279bca68-3e74-4690-81cf-da5ab79b92f7, raftlog=279bca68-3e74-4690-81cf-da5ab79b92f7@group-AF49A4A4CA2A-SegmentedRaftLog:OPENED:c-1,f-1,i0, conf=-1: [daebe4f8-0ad9-4eb2-8ed7-3a8051847eb6:192.168.69.118:44860, 389d5540-641f-48c2-a9df-60738dbad976:192.168.69.118:45712, 279bca68-3e74-4690-81cf-da5ab79b92f7:192.168.69.118:45510], old=null
2019-10-23 12:37:05,190 [279bca68-3e74-4690-81cf-da5ab79b92f7@group-AF49A4A4CA2A-LeaderElection426] INFO  impl.RaftServerImpl (RaftServerImpl.java:setRole(184)) - 279bca68-3e74-4690-81cf-da5ab79b92f7@group-AF49A4A4CA2A: changes role from CANDIDATE to FOLLOWER at term 468 for DISCOVERED_A_NEW_TERM
2019-10-23 12:37:05,190 [279bca68-3e74-4690-81cf-da5ab79b92f7@group-AF49A4A4CA2A-LeaderElection426] INFO  impl.RoleInfo (RoleInfo.java:shutdownLeaderElection(134)) - 279bca68-3e74-4690-81cf-da5ab79b92f7: shutdown LeaderElection
2019-10-23 12:37:05,190 [279bca68-3e74-4690-81cf-da5ab79b92f7@group-AF49A4A4CA2A-LeaderElection426] INFO  impl.RoleInfo (RoleInfo.java:updateAndGet(143)) - 279bca68-3e74-4690-81cf-da5ab79b92f7: start FollowerState
2019-10-23 12:37:05,205 [Thread-3086] INFO  impl.FollowerState (FollowerState.java:run(108)) - 279bca68-3e74-4690-81cf-da5ab79b92f7@group-AF49A4A4CA2A-FollowerState: change to CANDIDATE, lastRpcTime:14ms, electionTimeout:14ms
2019-10-23 12:37:05,205 [Thread-3086] INFO  impl.RoleInfo (RoleInfo.java:shutdownFollowerState(121)) - 279bca68-3e74-4690-81cf-da5ab79b92f7: shutdown FollowerState
2019-10-23 12:37:05,205 [Thread-3086] INFO  impl.RaftServerImpl (RaftServerImpl.java:setRole(184)) - 279bca68-3e74-4690-81cf-da5ab79b92f7@group-AF49A4A4CA2A: changes role from  FOLLOWER to CANDIDATE at term 468 for changeToCandidate
2019-10-23 12:37:05,205 [Thread-3086] INFO  impl.RoleInfo (RoleInfo.java:updateAndGet(143)) - 279bca68-3e74-4690-81cf-da5ab79b92f7: start LeaderElection
2019-10-23 12:37:05,219 [279bca68-3e74-4690-81cf-da5ab79b92f7@group-AF49A4A4CA2A-LeaderElection427] INFO  impl.LeaderElection (LeaderElection.java:askForVotes(178)) - 279bca68-3e74-4690-81cf-da5ab79b92f7@group-AF49A4A4CA2A-LeaderElection427: begin an election at term 469 for -1: [daebe4f8-0ad9-4eb2-8ed7-3a8051847eb6:192.168.69.118:44860, 389d5540-641f-48c2-a9df-60738dbad976:192.168.69.118:45712, 279bca68-3e74-4690-81cf-da5ab79b92f7:192.168.69.118:45510], old=null
2019-10-23 12:37:05,220 [grpc-default-executor-3] INFO  impl.RaftServerImpl (RaftServerImpl.java:setRole(184)) - daebe4f8-0ad9-4eb2-8ed7-3a8051847eb6@group-AF49A4A4CA2A: changes role from  FOLLOWER to FOLLOWER at term 469 for recognizeCandidate:279bca68-3e74-4690-81cf-da5ab79b92f7
2019-10-23 12:37:05,220 [grpc-default-executor-3] INFO  impl.RoleInfo (RoleInfo.java:shutdownFollowerState(121)) - daebe4f8-0ad9-4eb2-8ed7-3a8051847eb6: shutdown FollowerState
2019-10-23 12:37:05,220 [grpc-default-executor-4] INFO  impl.RaftServerImpl (RaftServerImpl.java:setRole(184)) - 389d5540-641f-48c2-a9df-60738dbad976@group-AF49A4A4CA2A: changes role from  FOLLOWER to FOLLOWER at term 469 for recognizeCandidate:279bca68-3e74-4690-81cf-da5ab79b92f7
2019-10-23 12:37:05,220 [grpc-default-executor-4] INFO  impl.RoleInfo (RoleInfo.java:shutdownFollowerState(121)) - 389d5540-641f-48c2-a9df-60738dbad976: shutdown FollowerState
2019-10-23 12:37:05,220 [Thread-3084] INFO  impl.FollowerState (FollowerState.java:run(117)) - daebe4f8-0ad9-4eb2-8ed7-3a8051847eb6@group-AF49A4A4CA2A-FollowerState was interrupted: java.lang.InterruptedException: sleep interrupted
2019-10-23 12:37:05,220 [grpc-default-executor-3] INFO  impl.RoleInfo (RoleInfo.java:updateAndGet(143)) - daebe4f8-0ad9-4eb2-8ed7-3a8051847eb6: start FollowerState
2019-10-23 12:37:05,221 [Thread-3085] INFO  impl.FollowerState (FollowerState.java:run(117)) - 389d5540-641f-48c2-a9df-60738dbad976@group-AF49A4A4CA2A-FollowerState was interrupted: java.lang.InterruptedException: sleep interrupted
2019-10-23 12:37:05,221 [grpc-default-executor-4] INFO  impl.RoleInfo (RoleInfo.java:updateAndGet(143)) - 389d5540-641f-48c2-a9df-60738dbad976: start FollowerState
2019-10-23 12:37:05,235 [279bca68-3e74-4690-81cf-da5ab79b92f7@group-AF49A4A4CA2A-LeaderElection427] INFO  impl.LeaderElection (LeaderElection.java:logAndReturn(56)) - 279bca68-3e74-4690-81cf-da5ab79b92f7@group-AF49A4A4CA2A-LeaderElection427: Election REJECTED; received 2 response(s) [279bca68-3e74-4690-81cf-da5ab79b92f7<-daebe4f8-0ad9-4eb2-8ed7-3a8051847eb6#0:FAIL-t469, 279bca68-3e74-4690-81cf-da5ab79b92f7<-389d5540-641f-48c2-a9df-60738dbad976#0:FAIL-t469] and 0 exception(s); 279bca68-3e74-4690-81cf-da5ab79b92f7@group-AF49A4A4CA2A:t469, leader=null, voted=279bca68-3e74-4690-81cf-da5ab79b92f7, raftlog=279bca68-3e74-4690-81cf-da5ab79b92f7@group-AF49A4A4CA2A-SegmentedRaftLog:OPENED:c-1,f-1,i0, conf=-1: [daebe4f8-0ad9-4eb2-8ed7-3a8051847eb6:192.168.69.118:44860, 389d5540-641f-48c2-a9df-60738dbad976:192.168.69.118:45712, 279bca68-3e74-4690-81cf-da5ab79b92f7:192.168.69.118:45510], old=null
2019-10-23 12:37:05,236 [279bca68-3e74-4690-81cf-da5ab79b92f7@group-AF49A4A4CA2A-LeaderElection427] INFO  impl.RaftServerImpl (RaftServerImpl.java:setRole(184)) - 279bca68-3e74-4690-81cf-da5ab79b92f7@group-AF49A4A4CA2A: changes role from CANDIDATE to FOLLOWER at term 469 for DISCOVERED_A_NEW_TERM
2019-10-23 12:37:05,236 [279bca68-3e74-4690-81cf-da5ab79b92f7@group-AF49A4A4CA2A-LeaderElection427] INFO  impl.RoleInfo (RoleInfo.java:shutdownLeaderElection(134)) - 279bca68-3e74-4690-81cf-da5ab79b92f7: shutdown LeaderElection
2019-10-23 12:37:05,236 [279bca68-3e74-4690-81cf-da5ab79b92f7@group-AF49A4A4CA2A-LeaderElection427] INFO  impl.RoleInfo (RoleInfo.java:updateAndGet(143)) - 279bca68-3e74-4690-81cf-da5ab79b92f7: start FollowerState
2019-10-23 12:37:05,419 [Thread-3092] INFO  impl.FollowerState (FollowerState.java:run(108)) - 279bca68-3e74-4690-81cf-da5ab79b92f7@group-AF49A4A4CA2A-FollowerState: change to CANDIDATE, lastRpcTime:183ms, electionTimeout:183ms
2019-10-23 12:37:05,419 [Thread-3092] INFO  impl.RoleInfo (RoleInfo.java:shutdownFollowerState(121)) - 279bca68-3e74-4690-81cf-da5ab79b92f7: shutdown FollowerState
2019-10-23 12:37:05,420 [Thread-3092] INFO  impl.RaftServerImpl (RaftServerImpl.java:setRole(184)) - 279bca68-3e74-4690-81cf-da5ab79b92f7@group-AF49A4A4CA2A: changes role from  FOLLOWER to CANDIDATE at term 469 for changeToCandidate
2019-10-23 12:37:05,420 [Thread-3092] INFO  impl.RoleInfo (RoleInfo.java:updateAndGet(143)) - 279bca68-3e74-4690-81cf-da5ab79b92f7: start LeaderElection
2019-10-23 12:37:05,446 [279bca68-3e74-4690-81cf-da5ab79b92f7@group-AF49A4A4CA2A-LeaderElection428] INFO  impl.LeaderElection (LeaderElection.java:askForVotes(178)) - 279bca68-3e74-4690-81cf-da5ab79b92f7@group-AF49A4A4CA2A-LeaderElection428: begin an election at term 470 for -1: [daebe4f8-0ad9-4eb2-8ed7-3a8051847eb6:192.168.69.118:44860, 389d5540-641f-48c2-a9df-60738dbad976:192.168.69.118:45712, 279bca68-3e74-4690-81cf-da5ab79b92f7:192.168.69.118:45510], old=null
2019-10-23 12:37:05,448 [grpc-default-executor-4] INFO  impl.RaftServerImpl (RaftServerImpl.java:setRole(184)) - daebe4f8-0ad9-4eb2-8ed7-3a8051847eb6@group-AF49A4A4CA2A: changes role from  FOLLOWER to FOLLOWER at term 470 for recognizeCandidate:279bca68-3e74-4690-81cf-da5ab79b92f7
2019-10-23 12:37:05,448 [grpc-default-executor-3] INFO  impl.RaftServerImpl (RaftServerImpl.java:setRole(184)) - 389d5540-641f-48c2-a9df-60738dbad976@group-AF49A4A4CA2A: changes role from  FOLLOWER to FOLLOWER at term 470 for recognizeCandidate:279bca68-3e74-4690-81cf-da5ab79b92f7
2019-10-23 12:37:05,448 [grpc-default-executor-3] INFO  impl.RoleInfo (RoleInfo.java:shutdownFollowerState(121)) - 389d5540-641f-48c2-a9df-60738dbad976: shutdown FollowerState
2019-10-23 12:37:05,448 [grpc-default-executor-4] INFO  impl.RoleInfo (RoleInfo.java:shutdownFollowerState(121)) - daebe4f8-0ad9-4eb2-8ed7-3a8051847eb6: shutdown FollowerState
2019-10-23 12:37:05,449 [Thread-3091] INFO  impl.FollowerState (FollowerState.java:run(117)) - 389d5540-641f-48c2-a9df-60738dbad976@group-AF49A4A4CA2A-FollowerState was interrupted: java.lang.InterruptedException: sleep interrupted
2019-10-23 12:37:05,448 [grpc-default-executor-3] INFO  impl.RoleInfo (RoleInfo.java:updateAndGet(143)) - 389d5540-641f-48c2-a9df-60738dbad976: start FollowerState
2019-10-23 12:37:05,449 [Thread-3090] INFO  impl.FollowerState (FollowerState.java:run(117)) - daebe4f8-0ad9-4eb2-8ed7-3a8051847eb6@group-AF49A4A4CA2A-FollowerState was interrupted: java.lang.InterruptedException: sleep interrupted
2019-10-23 12:37:05,449 [grpc-default-executor-4] INFO  impl.RoleInfo (RoleInfo.java:updateAndGet(143)) - daebe4f8-0ad9-4eb2-8ed7-3a8051847eb6: start FollowerState
2019-10-23 12:37:05,464 [279bca68-3e74-4690-81cf-da5ab79b92f7@group-AF49A4A4CA2A-LeaderElection428] INFO  impl.LeaderElection (LeaderElection.java:logAndReturn(56)) - 279bca68-3e74-4690-81cf-da5ab79b92f7@group-AF49A4A4CA2A-LeaderElection428: Election REJECTED; received 2 response(s) [279bca68-3e74-4690-81cf-da5ab79b92f7<-daebe4f8-0ad9-4eb2-8ed7-3a8051847eb6#0:FAIL-t470, 279bca68-3e74-4690-81cf-da5ab79b92f7<-389d5540-641f-48c2-a9df-60738dbad976#0:FAIL-t470] and 0 exception(s); 279bca68-3e74-4690-81cf-da5ab79b92f7@group-AF49A4A4CA2A:t470, leader=null, voted=279bca68-3e74-4690-81cf-da5ab79b92f7, raftlog=279bca68-3e74-4690-81cf-da5ab79b92f7@group-AF49A4A4CA2A-SegmentedRaftLog:OPENED:c-1,f-1,i0, conf=-1: [daebe4f8-0ad9-4eb2-8ed7-3a8051847eb6:192.168.69.118:44860, 389d5540-641f-48c2-a9df-60738dbad976:192.168.69.118:45712, 279bca68-3e74-4690-81cf-da5ab79b92f7:192.168.69.118:45510], old=null
2019-10-23 12:37:05,464 [279bca68-3e74-4690-81cf-da5ab79b92f7@group-AF49A4A4CA2A-LeaderElection428] INFO  impl.RaftServerImpl (RaftServerImpl.java:setRole(184)) - 279bca68-3e74-4690-81cf-da5ab79b92f7@group-AF49A4A4CA2A: changes role from CANDIDATE to FOLLOWER at term 470 for DISCOVERED_A_NEW_TERM
2019-10-23 12:37:05,464 [279bca68-3e74-4690-81cf-da5ab79b92f7@group-AF49A4A4CA2A-LeaderElection428] INFO  impl.RoleInfo (RoleInfo.java:shutdownLeaderElection(134)) - 279bca68-3e74-4690-81cf-da5ab79b92f7: shutdown LeaderElection
2019-10-23 12:37:05,464 [279bca68-3e74-4690-81cf-da5ab79b92f7@group-AF49A4A4CA2A-LeaderElection428] INFO  impl.RoleInfo (RoleInfo.java:updateAndGet(143)) - 279bca68-3e74-4690-81cf-da5ab79b92f7: start FollowerState
2019-10-23 12:37:05,569 [Thread-3098] INFO  impl.FollowerState (FollowerState.java:run(108)) - 279bca68-3e74-4690-81cf-da5ab79b92f7@group-AF49A4A4CA2A-FollowerState: change to CANDIDATE, lastRpcTime:105ms, electionTimeout:105ms
2019-10-23 12:37:05,570 [Thread-3098] INFO  impl.RoleInfo (RoleInfo.java:shutdownFollowerState(121)) - 279bca68-3e74-4690-81cf-da5ab79b92f7: shutdown FollowerState
2019-10-23 12:37:05,570 [Thread-3098] INFO  impl.RaftServerImpl (RaftServerImpl.java:setRole(184)) - 279bca68-3e74-4690-81cf-da5ab79b92f7@group-AF49A4A4CA2A: changes role from  FOLLOWER to CANDIDATE at term 470 for changeToCandidate
2019-10-23 12:37:05,570 [Thread-3098] INFO  impl.RoleInfo (RoleInfo.java:updateAndGet(143)) - 279bca68-3e74-4690-81cf-da5ab79b92f7: start LeaderElection
2019-10-23 12:37:05,583 [279bca68-3e74-4690-81cf-da5ab79b92f7@group-AF49A4A4CA2A-LeaderElection429] INFO  impl.LeaderElection (LeaderElection.java:askForVotes(178)) - 279bca68-3e74-4690-81cf-da5ab79b92f7@group-AF49A4A4CA2A-LeaderElection429: begin an election at term 471 for -1: [daebe4f8-0ad9-4eb2-8ed7-3a8051847eb6:192.168.69.118:44860, 389d5540-641f-48c2-a9df-60738dbad976:192.168.69.118:45712, 279bca68-3e74-4690-81cf-da5ab79b92f7:192.168.69.118:45510], old=null
2019-10-23 12:37:05,585 [grpc-default-executor-4] INFO  impl.RaftServerImpl (RaftServerImpl.java:setRole(184)) - daebe4f8-0ad9-4eb2-8ed7-3a8051847eb6@group-AF49A4A4CA2A: changes role from  FOLLOWER to FOLLOWER at term 471 for recognizeCandidate:279bca68-3e74-4690-81cf-da5ab79b92f7
2019-10-23 12:37:05,585 [grpc-default-executor-3] INFO  impl.RaftServerImpl (RaftServerImpl.java:setRole(184)) - 389d5540-641f-48c2-a9df-60738dbad976@group-AF49A4A4CA2A: changes role from  FOLLOWER to FOLLOWER at term 471 for recognizeCandidate:279bca68-3e74-4690-81cf-da5ab79b92f7
2019-10-23 12:37:05,585 [grpc-default-executor-4] INFO  impl.RoleInfo (RoleInfo.java:shutdownFollowerState(121)) - daebe4f8-0ad9-4eb2-8ed7-3a8051847eb6: shutdown FollowerState
2019-10-23 12:37:05,585 [grpc-default-executor-3] INFO  impl.RoleInfo (RoleInfo.java:shutdownFollowerState(121)) - 389d5540-641f-48c2-a9df-60738dbad976: shutdown FollowerState
2019-10-23 12:37:05,585 [Thread-3097] INFO  impl.FollowerState (FollowerState.java:run(117)) - daebe4f8-0ad9-4eb2-8ed7-3a8051847eb6@group-AF49A4A4CA2A-FollowerState was interrupted: java.lang.InterruptedException: sleep interrupted
2019-10-23 12:37:05,586 [Thread-3096] INFO  impl.FollowerState (FollowerState.java:run(117)) - 389d5540-641f-48c2-a9df-60738dbad976@group-AF49A4A4CA2A-FollowerState was interrupted: java.lang.InterruptedException: sleep interrupted
2019-10-23 12:37:05,585 [grpc-default-executor-4] INFO  impl.RoleInfo (RoleInfo.java:updateAndGet(143)) - daebe4f8-0ad9-4eb2-8ed7-3a8051847eb6: start FollowerState
2019-10-23 12:37:05,586 [grpc-default-executor-3] INFO  impl.RoleInfo (RoleInfo.java:updateAndGet(143)) - 389d5540-641f-48c2-a9df-60738dbad976: start FollowerState
2019-10-23 12:37:05,602 [279bca68-3e74-4690-81cf-da5ab79b92f7@group-AF49A4A4CA2A-LeaderElection429] INFO  impl.LeaderElection (LeaderElection.java:logAndReturn(56)) - 279bca68-3e74-4690-81cf-da5ab79b92f7@group-AF49A4A4CA2A-LeaderElection429: Election REJECTED; received 2 response(s) [279bca68-3e74-4690-81cf-da5ab79b92f7<-daebe4f8-0ad9-4eb2-8ed7-3a8051847eb6#0:FAIL-t471, 279bca68-3e74-4690-81cf-da5ab79b92f7<-389d5540-641f-48c2-a9df-60738dbad976#0:FAIL-t471] and 0 exception(s); 279bca68-3e74-4690-81cf-da5ab79b92f7@group-AF49A4A4CA2A:t471, leader=null, voted=279bca68-3e74-4690-81cf-da5ab79b92f7, raftlog=279bca68-3e74-4690-81cf-da5ab79b92f7@group-AF49A4A4CA2A-SegmentedRaftLog:OPENED:c-1,f-1,i0, conf=-1: [daebe4f8-0ad9-4eb2-8ed7-3a8051847eb6:192.168.69.118:44860, 389d5540-641f-48c2-a9df-60738dbad976:192.168.69.118:45712, 279bca68-3e74-4690-81cf-da5ab79b92f7:192.168.69.118:45510], old=null
2019-10-23 12:37:05,602 [279bca68-3e74-4690-81cf-da5ab79b92f7@group-AF49A4A4CA2A-LeaderElection429] INFO  impl.RaftServerImpl (RaftServerImpl.java:setRole(184)) - 279bca68-3e74-4690-81cf-da5ab79b92f7@group-AF49A4A4CA2A: changes role from CANDIDATE to FOLLOWER at term 471 for DISCOVERED_A_NEW_TERM
2019-10-23 12:37:05,602 [279bca68-3e74-4690-81cf-da5ab79b92f7@group-AF49A4A4CA2A-LeaderElection429] INFO  impl.RoleInfo (RoleInfo.java:shutdownLeaderElection(134)) - 279bca68-3e74-4690-81cf-da5ab79b92f7: shutdown LeaderElection
2019-10-23 12:37:05,602 [279bca68-3e74-4690-81cf-da5ab79b92f7@group-AF49A4A4CA2A-LeaderElection429] INFO  impl.RoleInfo (RoleInfo.java:updateAndGet(143)) - 279bca68-3e74-4690-81cf-da5ab79b92f7: start FollowerState
2019-10-23 12:37:05,731 [Thread-3104] INFO  impl.FollowerState (FollowerState.java:run(108)) - 279bca68-3e74-4690-81cf-da5ab79b92f7@group-AF49A4A4CA2A-FollowerState: change to CANDIDATE, lastRpcTime:128ms, electionTimeout:128ms
2019-10-23 12:37:05,731 [Thread-3104] INFO  impl.RoleInfo (RoleInfo.java:shutdownFollowerState(121)) - 279bca68-3e74-4690-81cf-da5ab79b92f7: shutdown FollowerState
2019-10-23 12:37:05,731 [Thread-3104] INFO  impl.RaftServerImpl (RaftServerImpl.java:setRole(184)) - 279bca68-3e74-4690-81cf-da5ab79b92f7@group-AF49A4A4CA2A: changes role from  FOLLOWER to CANDIDATE at term 471 for changeToCandidate
2019-10-23 12:37:05,731 [Thread-3104] INFO  impl.RoleInfo (RoleInfo.java:updateAndGet(143)) - 279bca68-3e74-4690-81cf-da5ab79b92f7: start LeaderElection
2019-10-23 12:37:05,745 [279bca68-3e74-4690-81cf-da5ab79b92f7@group-AF49A4A4CA2A-LeaderElection430] INFO  impl.LeaderElection (LeaderElection.java:askForVotes(178)) - 279bca68-3e74-4690-81cf-da5ab79b92f7@group-AF49A4A4CA2A-LeaderElection430: begin an election at term 472 for -1: [daebe4f8-0ad9-4eb2-8ed7-3a8051847eb6:192.168.69.118:44860, 389d5540-641f-48c2-a9df-60738dbad976:192.168.69.118:45712, 279bca68-3e74-4690-81cf-da5ab79b92f7:192.168.69.118:45510], old=null
2019-10-23 12:37:05,746 [grpc-default-executor-4] INFO  impl.RaftServerImpl (RaftServerImpl.java:setRole(184)) - daebe4f8-0ad9-4eb2-8ed7-3a8051847eb6@group-AF49A4A4CA2A: changes role from  FOLLOWER to FOLLOWER at term 472 for recognizeCandidate:279bca68-3e74-4690-81cf-da5ab79b92f7
2019-10-23 12:37:05,747 [grpc-default-executor-4] INFO  impl.RoleInfo (RoleInfo.java:shutdownFollowerState(121)) - daebe4f8-0ad9-4eb2-8ed7-3a8051847eb6: shutdown FollowerState
2019-10-23 12:37:05,747 [grpc-default-executor-4] INFO  impl.RoleInfo (RoleInfo.java:updateAndGet(143)) - daebe4f8-0ad9-4eb2-8ed7-3a8051847eb6: start FollowerState
2019-10-23 12:37:05,747 [Thread-3102] INFO  impl.FollowerState (FollowerState.java:run(117)) - daebe4f8-0ad9-4eb2-8ed7-3a8051847eb6@group-AF49A4A4CA2A-FollowerState was interrupted: java.lang.InterruptedException: sleep interrupted
2019-10-23 12:37:05,747 [grpc-default-executor-3] INFO  impl.RaftServerImpl (RaftServerImpl.java:setRole(184)) - 389d5540-641f-48c2-a9df-60738dbad976@group-AF49A4A4CA2A: changes role from  FOLLOWER to FOLLOWER at term 472 for recognizeCandidate:279bca68-3e74-4690-81cf-da5ab79b92f7
2019-10-23 12:37:05,747 [grpc-default-executor-3] INFO  impl.RoleInfo (RoleInfo.java:shutdownFollowerState(121)) - 389d5540-641f-48c2-a9df-60738dbad976: shutdown FollowerState
2019-10-23 12:37:05,747 [grpc-default-executor-3] INFO  impl.RoleInfo (RoleInfo.java:updateAndGet(143)) - 389d5540-641f-48c2-a9df-60738dbad976: start FollowerState
2019-10-23 12:37:05,747 [Thread-3103] INFO  impl.FollowerState (FollowerState.java:run(117)) - 389d5540-641f-48c2-a9df-60738dbad976@group-AF49A4A4CA2A-FollowerState was interrupted: java.lang.InterruptedException: sleep interrupted
2019-10-23 12:37:05,761 [279bca68-3e74-4690-81cf-da5ab79b92f7@group-AF49A4A4CA2A-LeaderElection430] INFO  impl.LeaderElection (LeaderElection.java:logAndReturn(56)) - 279bca68-3e74-4690-81cf-da5ab79b92f7@group-AF49A4A4CA2A-LeaderElection430: Election REJECTED; received 2 response(s) [279bca68-3e74-4690-81cf-da5ab79b92f7<-daebe4f8-0ad9-4eb2-8ed7-3a8051847eb6#0:FAIL-t472, 279bca68-3e74-4690-81cf-da5ab79b92f7<-389d5540-641f-48c2-a9df-60738dbad976#0:FAIL-t472] and 0 exception(s); 279bca68-3e74-4690-81cf-da5ab79b92f7@group-AF49A4A4CA2A:t472, leader=null, voted=279bca68-3e74-4690-81cf-da5ab79b92f7, raftlog=279bca68-3e74-4690-81cf-da5ab79b92f7@group-AF49A4A4CA2A-SegmentedRaftLog:OPENED:c-1,f-1,i0, conf=-1: [daebe4f8-0ad9-4eb2-8ed7-3a8051847eb6:192.168.69.118:44860, 389d5540-641f-48c2-a9df-60738dbad976:192.168.69.118:45712, 279bca68-3e74-4690-81cf-da5ab79b92f7:192.168.69.118:45510], old=null
2019-10-23 12:37:05,762 [279bca68-3e74-4690-81cf-da5ab79b92f7@group-AF49A4A4CA2A-LeaderElection430] INFO  impl.RaftServerImpl (RaftServerImpl.java:setRole(184)) - 279bca68-3e74-4690-81cf-da5ab79b92f7@group-AF49A4A4CA2A: changes role from CANDIDATE to FOLLOWER at term 472 for DISCOVERED_A_NEW_TERM
2019-10-23 12:37:05,762 [279bca68-3e74-4690-81cf-da5ab79b92f7@group-AF49A4A4CA2A-LeaderElection430] INFO  impl.RoleInfo (RoleInfo.java:shutdownLeaderElection(134)) - 279bca68-3e74-4690-81cf-da5ab79b92f7: shutdown LeaderElection
2019-10-23 12:37:05,762 [279bca68-3e74-4690-81cf-da5ab79b92f7@group-AF49A4A4CA2A-LeaderElection430] INFO  impl.RoleInfo (RoleInfo.java:updateAndGet(143)) - 279bca68-3e74-4690-81cf-da5ab79b92f7: start FollowerState
2019-10-23 12:37:05,842 [Thread-3112] INFO  impl.FollowerState (FollowerState.java:run(108)) - 279bca68-3e74-4690-81cf-da5ab79b92f7@group-AF49A4A4CA2A-FollowerState: change to CANDIDATE, lastRpcTime:80ms, electionTimeout:80ms
2019-10-23 12:37:05,842 [Thread-3112] INFO  impl.RoleInfo (RoleInfo.java:shutdownFollowerState(121)) - 279bca68-3e74-4690-81cf-da5ab79b92f7: shutdown FollowerState
2019-10-23 12:37:05,842 [Thread-3112] INFO  impl.RaftServerImpl (RaftServerImpl.java:setRole(184)) - 279bca68-3e74-4690-81cf-da5ab79b92f7@group-AF49A4A4CA2A: changes role from  FOLLOWER to CANDIDATE at term 472 for changeToCandidate
2019-10-23 12:37:05,843 [Thread-3112] INFO  impl.RoleInfo (RoleInfo.java:updateAndGet(143)) - 279bca68-3e74-4690-81cf-da5ab79b92f7: start LeaderElection
2019-10-23 12:37:05,868 [279bca68-3e74-4690-81cf-da5ab79b92f7@group-AF49A4A4CA2A-LeaderElection431] INFO  impl.LeaderElection (LeaderElection.java:askForVotes(178)) - 279bca68-3e74-4690-81cf-da5ab79b92f7@group-AF49A4A4CA2A-LeaderElection431: begin an election at term 473 for -1: [daebe4f8-0ad9-4eb2-8ed7-3a8051847eb6:192.168.69.118:44860, 389d5540-641f-48c2-a9df-60738dbad976:192.168.69.118:45712, 279bca68-3e74-4690-81cf-da5ab79b92f7:192.168.69.118:45510], old=null
2019-10-23 12:37:05,870 [grpc-default-executor-3] INFO  impl.RaftServerImpl (RaftServerImpl.java:setRole(184)) - daebe4f8-0ad9-4eb2-8ed7-3a8051847eb6@group-AF49A4A4CA2A: changes role from  FOLLOWER to FOLLOWER at term 473 for recognizeCandidate:279bca68-3e74-4690-81cf-da5ab79b92f7
2019-10-23 12:37:05,870 [grpc-default-executor-3] INFO  impl.RoleInfo (RoleInfo.java:shutdownFollowerState(121)) - daebe4f8-0ad9-4eb2-8ed7-3a8051847eb6: shutdown FollowerState
2019-10-23 12:37:05,870 [grpc-default-executor-4] INFO  impl.RaftServerImpl (RaftServerImpl.java:setRole(184)) - 389d5540-641f-48c2-a9df-60738dbad976@group-AF49A4A4CA2A: changes role from  FOLLOWER to FOLLOWER at term 473 for recognizeCandidate:279bca68-3e74-4690-81cf-da5ab79b92f7
2019-10-23 12:37:05,870 [grpc-default-executor-4] INFO  impl.RoleInfo (RoleInfo.java:shutdownFollowerState(121)) - 389d5540-641f-48c2-a9df-60738dbad976: shutdown FollowerState
2019-10-23 12:37:05,870 [Thread-3110] INFO  impl.FollowerState (FollowerState.java:run(117)) - daebe4f8-0ad9-4eb2-8ed7-3a8051847eb6@group-AF49A4A4CA2A-FollowerState was interrupted: java.lang.InterruptedException: sleep interrupted
2019-10-23 12:37:05,871 [Thread-3111] INFO  impl.FollowerState (FollowerState.java:run(117)) - 389d5540-641f-48c2-a9df-60738dbad976@group-AF49A4A4CA2A-FollowerState was interrupted: java.lang.InterruptedException: sleep interrupted
2019-10-23 12:37:05,870 [grpc-default-executor-3] INFO  impl.RoleInfo (RoleInfo.java:updateAndGet(143)) - daebe4f8-0ad9-4eb2-8ed7-3a8051847eb6: start FollowerState
2019-10-23 12:37:05,871 [grpc-default-executor-4] INFO  impl.RoleInfo (RoleInfo.java:updateAndGet(143)) - 389d5540-641f-48c2-a9df-60738dbad976: start FollowerState
2019-10-23 12:37:05,899 [279bca68-3e74-4690-81cf-da5ab79b92f7@group-AF49A4A4CA2A-LeaderElection431] INFO  impl.LeaderElection (LeaderElection.java:logAndReturn(56)) - 279bca68-3e74-4690-81cf-da5ab79b92f7@group-AF49A4A4CA2A-LeaderElection431: Election REJECTED; received 2 response(s) [279bca68-3e74-4690-81cf-da5ab79b92f7<-daebe4f8-0ad9-4eb2-8ed7-3a8051847eb6#0:FAIL-t473, 279bca68-3e74-4690-81cf-da5ab79b92f7<-389d5540-641f-48c2-a9df-60738dbad976#0:FAIL-t473] and 0 exception(s); 279bca68-3e74-4690-81cf-da5ab79b92f7@group-AF49A4A4CA2A:t473, leader=null, voted=279bca68-3e74-4690-81cf-da5ab79b92f7, raftlog=279bca68-3e74-4690-81cf-da5ab79b92f7@group-AF49A4A4CA2A-SegmentedRaftLog:OPENED:c-1,f-1,i0, conf=-1: [daebe4f8-0ad9-4eb2-8ed7-3a8051847eb6:192.168.69.118:44860, 389d5540-641f-48c2-a9df-60738dbad976:192.168.69.118:45712, 279bca68-3e74-4690-81cf-da5ab79b92f7:192.168.69.118:45510], old=null
2019-10-23 12:37:05,899 [279bca68-3e74-4690-81cf-da5ab79b92f7@group-AF49A4A4CA2A-LeaderElection431] INFO  impl.RaftServerImpl (RaftServerImpl.java:setRole(184)) - 279bca68-3e74-4690-81cf-da5ab79b92f7@group-AF49A4A4CA2A: changes role from CANDIDATE to FOLLOWER at term 473 for DISCOVERED_A_NEW_TERM
2019-10-23 12:37:05,899 [279bca68-3e74-4690-81cf-da5ab79b92f7@group-AF49A4A4CA2A-LeaderElection431] INFO  impl.RoleInfo (RoleInfo.java:shutdownLeaderElection(134)) - 279bca68-3e74-4690-81cf-da5ab79b92f7: shutdown LeaderElection
2019-10-23 12:37:05,899 [279bca68-3e74-4690-81cf-da5ab79b92f7@group-AF49A4A4CA2A-LeaderElection431] INFO  impl.RoleInfo (RoleInfo.java:updateAndGet(143)) - 279bca68-3e74-4690-81cf-da5ab79b92f7: start FollowerState
2019-10-23 12:37:05,996 [Thread-3118] INFO  impl.FollowerState (FollowerState.java:run(108)) - 279bca68-3e74-4690-81cf-da5ab79b92f7@group-AF49A4A4CA2A-FollowerState: change to CANDIDATE, lastRpcTime:96ms, electionTimeout:96ms
2019-10-23 12:37:05,996 [Thread-3118] INFO  impl.RoleInfo (RoleInfo.java:shutdownFollowerState(121)) - 279bca68-3e74-4690-81cf-da5ab79b92f7: shutdown FollowerState
2019-10-23 12:37:05,996 [Thread-3118] INFO  impl.RaftServerImpl (RaftServerImpl.java:setRole(184)) - 279bca68-3e74-4690-81cf-da5ab79b92f7@group-AF49A4A4CA2A: changes role from  FOLLOWER to CANDIDATE at term 473 for changeToCandidate
2019-10-23 12:37:05,996 [Thread-3118] INFO  impl.RoleInfo (RoleInfo.java:updateAndGet(143)) - 279bca68-3e74-4690-81cf-da5ab79b92f7: start LeaderElection
2019-10-23 12:37:06,021 [279bca68-3e74-4690-81cf-da5ab79b92f7@group-AF49A4A4CA2A-LeaderElection432] INFO  impl.LeaderElection (LeaderElection.java:askForVotes(178)) - 279bca68-3e74-4690-81cf-da5ab79b92f7@group-AF49A4A4CA2A-LeaderElection432: begin an election at term 474 for -1: [daebe4f8-0ad9-4eb2-8ed7-3a8051847eb6:192.168.69.118:44860, 389d5540-641f-48c2-a9df-60738dbad976:192.168.69.118:45712, 279bca68-3e74-4690-81cf-da5ab79b92f7:192.168.69.118:45510], old=null
2019-10-23 12:37:06,023 [grpc-default-executor-4] INFO  impl.RaftServerImpl (RaftServerImpl.java:setRole(184)) - daebe4f8-0ad9-4eb2-8ed7-3a8051847eb6@group-AF49A4A4CA2A: changes role from  FOLLOWER to FOLLOWER at term 474 for recognizeCandidate:279bca68-3e74-4690-81cf-da5ab79b92f7
2019-10-23 12:37:06,023 [grpc-default-executor-4] INFO  impl.RoleInfo (RoleInfo.java:shutdownFollowerState(121)) - daebe4f8-0ad9-4eb2-8ed7-3a8051847eb6: shutdown FollowerState
2019-10-23 12:37:06,024 [grpc-default-executor-4] INFO  impl.RoleInfo (RoleInfo.java:updateAndGet(143)) - daebe4f8-0ad9-4eb2-8ed7-3a8051847eb6: start FollowerState
2019-10-23 12:37:06,024 [Thread-3116] INFO  impl.FollowerState (FollowerState.java:run(117)) - daebe4f8-0ad9-4eb2-8ed7-3a8051847eb6@group-AF49A4A4CA2A-FollowerState was interrupted: java.lang.InterruptedException: sleep interrupted
2019-10-23 12:37:06,024 [grpc-default-executor-3] INFO  impl.RaftServerImpl (RaftServerImpl.java:setRole(184)) - 389d5540-641f-48c2-a9df-60738dbad976@group-AF49A4A4CA2A: changes role from  FOLLOWER to FOLLOWER at term 474 for recognizeCandidate:279bca68-3e74-4690-81cf-da5ab79b92f7
2019-10-23 12:37:06,024 [grpc-default-executor-3] INFO  impl.RoleInfo (RoleInfo.java:shutdownFollowerState(121)) - 389d5540-641f-48c2-a9df-60738dbad976: shutdown FollowerState
2019-10-23 12:37:06,024 [grpc-default-executor-3] INFO  impl.RoleInfo (RoleInfo.java:updateAndGet(143)) - 389d5540-641f-48c2-a9df-60738dbad976: start FollowerState
2019-10-23 12:37:06,024 [Thread-3117] INFO  impl.FollowerState (FollowerState.java:run(117)) - 389d5540-641f-48c2-a9df-60738dbad976@group-AF49A4A4CA2A-FollowerState was interrupted: java.lang.InterruptedException: sleep interrupted
2019-10-23 12:37:06,039 [279bca68-3e74-4690-81cf-da5ab79b92f7@group-AF49A4A4CA2A-LeaderElection432] INFO  impl.LeaderElection (LeaderElection.java:logAndReturn(56)) - 279bca68-3e74-4690-81cf-da5ab79b92f7@group-AF49A4A4CA2A-LeaderElection432: Election REJECTED; received 2 response(s) [279bca68-3e74-4690-81cf-da5ab79b92f7<-daebe4f8-0ad9-4eb2-8ed7-3a8051847eb6#0:FAIL-t474, 279bca68-3e74-4690-81cf-da5ab79b92f7<-389d5540-641f-48c2-a9df-60738dbad976#0:FAIL-t474] and 0 exception(s); 279bca68-3e74-4690-81cf-da5ab79b92f7@group-AF49A4A4CA2A:t474, leader=null, voted=279bca68-3e74-4690-81cf-da5ab79b92f7, raftlog=279bca68-3e74-4690-81cf-da5ab79b92f7@group-AF49A4A4CA2A-SegmentedRaftLog:OPENED:c-1,f-1,i0, conf=-1: [daebe4f8-0ad9-4eb2-8ed7-3a8051847eb6:192.168.69.118:44860, 389d5540-641f-48c2-a9df-60738dbad976:192.168.69.118:45712, 279bca68-3e74-4690-81cf-da5ab79b92f7:192.168.69.118:45510], old=null
2019-10-23 12:37:06,039 [279bca68-3e74-4690-81cf-da5ab79b92f7@group-AF49A4A4CA2A-LeaderElection432] INFO  impl.RaftServerImpl (RaftServerImpl.java:setRole(184)) - 279bca68-3e74-4690-81cf-da5ab79b92f7@group-AF49A4A4CA2A: changes role from CANDIDATE to FOLLOWER at term 474 for DISCOVERED_A_NEW_TERM
2019-10-23 12:37:06,040 [279bca68-3e74-4690-81cf-da5ab79b92f7@group-AF49A4A4CA2A-LeaderElection432] INFO  impl.RoleInfo (RoleInfo.java:shutdownLeaderElection(134)) - 279bca68-3e74-4690-81cf-da5ab79b92f7: shutdown LeaderElection
2019-10-23 12:37:06,040 [279bca68-3e74-4690-81cf-da5ab79b92f7@group-AF49A4A4CA2A-LeaderElection432] INFO  impl.RoleInfo (RoleInfo.java:updateAndGet(143)) - 279bca68-3e74-4690-81cf-da5ab79b92f7: start FollowerState
2019-10-23 12:37:06,086 [Thread-3124] INFO  impl.FollowerState (FollowerState.java:run(108)) - 279bca68-3e74-4690-81cf-da5ab79b92f7@group-AF49A4A4CA2A-FollowerState: change to CANDIDATE, lastRpcTime:46ms, electionTimeout:46ms
2019-10-23 12:37:06,086 [Thread-3124] INFO  impl.RoleInfo (RoleInfo.java:shutdownFollowerState(121)) - 279bca68-3e74-4690-81cf-da5ab79b92f7: shutdown FollowerState
2019-10-23 12:37:06,086 [Thread-3124] INFO  impl.RaftServerImpl (RaftServerImpl.java:setRole(184)) - 279bca68-3e74-4690-81cf-da5ab79b92f7@group-AF49A4A4CA2A: changes role from  FOLLOWER to CANDIDATE at term 474 for changeToCandidate
2019-10-23 12:37:06,086 [Thread-3124] INFO  impl.RoleInfo (RoleInfo.java:updateAndGet(143)) - 279bca68-3e74-4690-81cf-da5ab79b92f7: start LeaderElection
2019-10-23 12:37:06,100 [279bca68-3e74-4690-81cf-da5ab79b92f7@group-AF49A4A4CA2A-LeaderElection433] INFO  impl.LeaderElection (LeaderElection.java:askForVotes(178)) - 279bca68-3e74-4690-81cf-da5ab79b92f7@group-AF49A4A4CA2A-LeaderElection433: begin an election at term 475 for -1: [daebe4f8-0ad9-4eb2-8ed7-3a8051847eb6:192.168.69.118:44860, 389d5540-641f-48c2-a9df-60738dbad976:192.168.69.118:45712, 279bca68-3e74-4690-81cf-da5ab79b92f7:192.168.69.118:45510], old=null
2019-10-23 12:37:06,101 [grpc-default-executor-4] INFO  impl.RaftServerImpl (RaftServerImpl.java:setRole(184)) - 389d5540-641f-48c2-a9df-60738dbad976@group-AF49A4A4CA2A: changes role from  FOLLOWER to FOLLOWER at term 475 for recognizeCandidate:279bca68-3e74-4690-81cf-da5ab79b92f7
2019-10-23 12:37:06,102 [grpc-default-executor-4] INFO  impl.RoleInfo (RoleInfo.java:shutdownFollowerState(121)) - 389d5540-641f-48c2-a9df-60738dbad976: shutdown FollowerState
2019-10-23 12:37:06,101 [grpc-default-executor-3] INFO  impl.RaftServerImpl (RaftServerImpl.java:setRole(184)) - daebe4f8-0ad9-4eb2-8ed7-3a8051847eb6@group-AF49A4A4CA2A: changes role from  FOLLOWER to FOLLOWER at term 475 for recognizeCandidate:279bca68-3e74-4690-81cf-da5ab79b92f7
2019-10-23 12:37:06,102 [grpc-default-executor-3] INFO  impl.RoleInfo (RoleInfo.java:shutdownFollowerState(121)) - daebe4f8-0ad9-4eb2-8ed7-3a8051847eb6: shutdown FollowerState
2019-10-23 12:37:06,102 [Thread-3123] INFO  impl.FollowerState (FollowerState.java:run(117)) - 389d5540-641f-48c2-a9df-60738dbad976@group-AF49A4A4CA2A-FollowerState was interrupted: java.lang.InterruptedException: sleep interrupted
2019-10-23 12:37:06,102 [Thread-3122] INFO  impl.FollowerState (FollowerState.java:run(117)) - daebe4f8-0ad9-4eb2-8ed7-3a8051847eb6@group-AF49A4A4CA2A-FollowerState was interrupted: java.lang.InterruptedException: sleep interrupted
2019-10-23 12:37:06,102 [grpc-default-executor-4] INFO  impl.RoleInfo (RoleInfo.java:updateAndGet(143)) - 389d5540-641f-48c2-a9df-60738dbad976: start FollowerState
2019-10-23 12:37:06,102 [grpc-default-executor-3] INFO  impl.RoleInfo (RoleInfo.java:updateAndGet(143)) - daebe4f8-0ad9-4eb2-8ed7-3a8051847eb6: start FollowerState
2019-10-23 12:37:06,132 [279bca68-3e74-4690-81cf-da5ab79b92f7@group-AF49A4A4CA2A-LeaderElection433] INFO  impl.LeaderElection (LeaderElection.java:logAndReturn(56)) - 279bca68-3e74-4690-81cf-da5ab79b92f7@group-AF49A4A4CA2A-LeaderElection433: Election REJECTED; received 2 response(s) [279bca68-3e74-4690-81cf-da5ab79b92f7<-daebe4f8-0ad9-4eb2-8ed7-3a8051847eb6#0:FAIL-t475, 279bca68-3e74-4690-81cf-da5ab79b92f7<-389d5540-641f-48c2-a9df-60738dbad976#0:FAIL-t475] and 0 exception(s); 279bca68-3e74-4690-81cf-da5ab79b92f7@group-AF49A4A4CA2A:t475, leader=null, voted=279bca68-3e74-4690-81cf-da5ab79b92f7, raftlog=279bca68-3e74-4690-81cf-da5ab79b92f7@group-AF49A4A4CA2A-SegmentedRaftLog:OPENED:c-1,f-1,i0, conf=-1: [daebe4f8-0ad9-4eb2-8ed7-3a8051847eb6:192.168.69.118:44860, 389d5540-641f-48c2-a9df-60738dbad976:192.168.69.118:45712, 279bca68-3e74-4690-81cf-da5ab79b92f7:192.168.69.118:45510], old=null
2019-10-23 12:37:06,133 [279bca68-3e74-4690-81cf-da5ab79b92f7@group-AF49A4A4CA2A-LeaderElection433] INFO  impl.RaftServerImpl (RaftServerImpl.java:setRole(184)) - 279bca68-3e74-4690-81cf-da5ab79b92f7@group-AF49A4A4CA2A: changes role from CANDIDATE to FOLLOWER at term 475 for DISCOVERED_A_NEW_TERM
2019-10-23 12:37:06,133 [279bca68-3e74-4690-81cf-da5ab79b92f7@group-AF49A4A4CA2A-LeaderElection433] INFO  impl.RoleInfo (RoleInfo.java:shutdownLeaderElection(134)) - 279bca68-3e74-4690-81cf-da5ab79b92f7: shutdown LeaderElection
2019-10-23 12:37:06,133 [279bca68-3e74-4690-81cf-da5ab79b92f7@group-AF49A4A4CA2A-LeaderElection433] INFO  impl.RoleInfo (RoleInfo.java:updateAndGet(143)) - 279bca68-3e74-4690-81cf-da5ab79b92f7: start FollowerState
2019-10-23 12:37:06,158 [main] INFO  ozone.MiniOzoneClusterImpl (MiniOzoneClusterImpl.java:shutdown(314)) - Shutting down the Mini Ozone Cluster
2019-10-23 12:37:06,159 [main] INFO  ozone.MiniOzoneClusterImpl (MiniOzoneClusterImpl.java:stop(330)) - Stopping the Mini Ozone Cluster
2019-10-23 12:37:06,159 [main] INFO  ozone.MiniOzoneClusterImpl (MiniOzoneClusterImpl.java:stopOM(400)) - Stopping the OzoneManager
2019-10-23 12:37:06,160 [main] INFO  ipc.Server (Server.java:stop(3082)) - Stopping server on 40722
2019-10-23 12:37:06,168 [IPC Server listener on 40722] INFO  ipc.Server (Server.java:run(1185)) - Stopping IPC Server listener on 40722
2019-10-23 12:37:06,173 [IPC Server Responder] INFO  ipc.Server (Server.java:run(1319)) - Stopping IPC Server Responder
2019-10-23 12:37:06,180 [main] INFO  impl.RaftServerProxy (RaftServerProxy.java:lambda$close$4(314)) - e88650d1-3dbc-4b5a-aab6-0ddc9495fd88: close
2019-10-23 12:37:06,189 [main] INFO  impl.RaftServerImpl (RaftServerImpl.java:lambda$shutdown$3(261)) - e88650d1-3dbc-4b5a-aab6-0ddc9495fd88@group-C5BA1605619E: shutdown
2019-10-23 12:37:06,190 [Thread-288] WARN  io.KeyOutputStream (KeyOutputStream.java:handleException(274)) - Encountered exception java.io.IOException: Unexpected Storage Container Exception: java.lang.InterruptedException on the pipeline Pipeline[ Id: 07c2703e-e062-427f-871b-af49a4a4ca2a, Nodes: 389d5540-641f-48c2-a9df-60738dbad976{ip: 192.168.69.118, host: pr-hdds1643-t2fz7-3136866267, networkLocation: /rack1, certSerialId: null}daebe4f8-0ad9-4eb2-8ed7-3a8051847eb6{ip: 192.168.69.118, host: pr-hdds1643-t2fz7-3136866267, networkLocation: /rack1, certSerialId: null}279bca68-3e74-4690-81cf-da5ab79b92f7{ip: 192.168.69.118, host: pr-hdds1643-t2fz7-3136866267, networkLocation: /rack1, certSerialId: null}, Type:RATIS, Factor:THREE, State:OPEN]. The last committed block length is 0, uncommitted data length is 12 retry count 0
2019-10-23 12:37:06,190 [main] INFO  util.JmxRegister (JmxRegister.java:unregister(73)) - Successfully un-registered JMX Bean with object name Ratis:service=RaftServer,group=group-C5BA1605619E,id=e88650d1-3dbc-4b5a-aab6-0ddc9495fd88
2019-10-23 12:37:06,190 [main] INFO  impl.RoleInfo (RoleInfo.java:shutdownLeaderState(104)) - e88650d1-3dbc-4b5a-aab6-0ddc9495fd88: shutdown LeaderState
2019-10-23 12:37:06,191 [main] INFO  impl.PendingRequests (PendingRequests.java:sendNotLeaderResponses(202)) - e88650d1-3dbc-4b5a-aab6-0ddc9495fd88@group-C5BA1605619E-PendingRequests: sendNotLeaderResponses
2019-10-23 12:37:06,196 [main] INFO  impl.StateMachineUpdater (StateMachineUpdater.java:stopAndJoin(136)) - e88650d1-3dbc-4b5a-aab6-0ddc9495fd88@group-C5BA1605619E-StateMachineUpdater: set stopIndex = 6
2019-10-23 12:37:06,196 [e88650d1-3dbc-4b5a-aab6-0ddc9495fd88@group-C5BA1605619E-StateMachineUpdater] INFO  ratis.OzoneManagerStateMachine (OzoneManagerStateMachine.java:takeSnapshot(254)) - Saving Ratis snapshot on the OM.
2019-10-23 12:37:06,197 [Thread-288] INFO  io.BlockOutputStreamEntryPool (BlockOutputStreamEntryPool.java:allocateNewBlock(257)) - Allocating block with ExcludeList {datanodes = [], containerIds = [], pipelineIds = [PipelineID=07c2703e-e062-427f-871b-af49a4a4ca2a]}
2019-10-23 12:37:06,208 [e88650d1-3dbc-4b5a-aab6-0ddc9495fd88@group-C5BA1605619E-StateMachineUpdater] INFO  ratis.OMRatisSnapshotInfo (OMRatisSnapshotInfo.java:saveRatisSnapshotToDisk(107)) - Saved Ratis Snapshot on the OM with snapshotIndex 5
2019-10-23 12:37:06,211 [e88650d1-3dbc-4b5a-aab6-0ddc9495fd88@group-C5BA1605619E-StateMachineUpdater] INFO  impl.StateMachineUpdater (StateMachineUpdater.java:takeSnapshot(269)) - e88650d1-3dbc-4b5a-aab6-0ddc9495fd88@group-C5BA1605619E-StateMachineUpdater: Took a snapshot at index 5
2019-10-23 12:37:06,212 [e88650d1-3dbc-4b5a-aab6-0ddc9495fd88@group-C5BA1605619E-StateMachineUpdater] INFO  impl.StateMachineUpdater (StateMachineUpdater.java:lambda$new$0(84)) - e88650d1-3dbc-4b5a-aab6-0ddc9495fd88@group-C5BA1605619E-StateMachineUpdater: snapshotIndex: updateIncreasingly -1 -> 5
2019-10-23 12:37:06,216 [e88650d1-3dbc-4b5a-aab6-0ddc9495fd88@group-C5BA1605619E-StateMachineUpdater] INFO  ratis.OzoneManagerStateMachine (OzoneManagerStateMachine.java:takeSnapshot(254)) - Saving Ratis snapshot on the OM.
2019-10-23 12:37:06,217 [e88650d1-3dbc-4b5a-aab6-0ddc9495fd88@group-C5BA1605619E-StateMachineUpdater] INFO  ratis.OMRatisSnapshotInfo (OMRatisSnapshotInfo.java:saveRatisSnapshotToDisk(107)) - Saved Ratis Snapshot on the OM with snapshotIndex 5
2019-10-23 12:37:06,218 [e88650d1-3dbc-4b5a-aab6-0ddc9495fd88@group-C5BA1605619E-StateMachineUpdater] INFO  impl.StateMachineUpdater (StateMachineUpdater.java:takeSnapshot(269)) - e88650d1-3dbc-4b5a-aab6-0ddc9495fd88@group-C5BA1605619E-StateMachineUpdater: Took a snapshot at index 5
2019-10-23 12:37:06,218 [e88650d1-3dbc-4b5a-aab6-0ddc9495fd88@group-C5BA1605619E-StateMachineUpdater] INFO  impl.StateMachineUpdater (StateMachineUpdater.java:lambda$new$0(84)) - e88650d1-3dbc-4b5a-aab6-0ddc9495fd88@group-C5BA1605619E-StateMachineUpdater: snapshotIndex: updateIncreasingly 5 -> 5
2019-10-23 12:37:06,218 [main] INFO  impl.RaftServerImpl (ServerState.java:close(388)) - e88650d1-3dbc-4b5a-aab6-0ddc9495fd88@group-C5BA1605619E: closes. applyIndex: 6
2019-10-23 12:37:06,220 [e88650d1-3dbc-4b5a-aab6-0ddc9495fd88@group-C5BA1605619E-SegmentedRaftLogWorker] INFO  segmented.SegmentedRaftLogWorker (SegmentedRaftLogWorker.java:run(316)) - e88650d1-3dbc-4b5a-aab6-0ddc9495fd88@group-C5BA1605619E-SegmentedRaftLogWorker was interrupted, exiting. There are 0 tasks remaining in the queue.
2019-10-23 12:37:06,222 [main] INFO  segmented.SegmentedRaftLogWorker (SegmentedRaftLogWorker.java:close(224)) - e88650d1-3dbc-4b5a-aab6-0ddc9495fd88@group-C5BA1605619E-SegmentedRaftLogWorker close()
2019-10-23 12:37:06,224 [main] INFO  server.GrpcService (GrpcService.java:closeImpl(164)) - e88650d1-3dbc-4b5a-aab6-0ddc9495fd88: shutdown server with port 9872 now
2019-10-23 12:37:06,226 [main] INFO  server.GrpcService (GrpcService.java:closeImpl(172)) - e88650d1-3dbc-4b5a-aab6-0ddc9495fd88: shutdown server with port 9872 successfully
2019-10-23 12:37:06,227 [main] INFO  ratis.OzoneManagerDoubleBuffer (OzoneManagerDoubleBuffer.java:stop(250)) - Stopping OMDoubleBuffer flush thread
2019-10-23 12:37:06,227 [OMDoubleBufferFlushThread] INFO  ratis.OzoneManagerDoubleBuffer (OzoneManagerDoubleBuffer.java:flushTransactions(193)) - OMDoubleBuffer flush thread OMDoubleBufferFlushThread is interrupted and will exit. OMDoubleBufferFlushThread
2019-10-23 12:37:06,229 [main] INFO  utils.BackgroundService (BackgroundService.java:shutdown(151)) - Shutting down service KeyDeletingService
2019-10-23 12:37:06,232 [main] INFO  handler.ContextHandler (ContextHandler.java:doStop(910)) - Stopped o.e.j.w.WebAppContext@35764bef{/,null,UNAVAILABLE}{/ozoneManager}
2019-10-23 12:37:06,239 [main] INFO  server.AbstractConnector (AbstractConnector.java:doStop(318)) - Stopped ServerConnector@5633dafd{HTTP/1.1,[http/1.1]}{0.0.0.0:0}
2019-10-23 12:37:06,239 [main] INFO  handler.ContextHandler (ContextHandler.java:doStop(910)) - Stopped o.e.j.s.ServletContextHandler@59e43e8c{/static,file:///workdir/hadoop-ozone/integration-test/target/test-classes/webapps/static,UNAVAILABLE}
2019-10-23 12:37:06,240 [main] INFO  handler.ContextHandler (ContextHandler.java:doStop(910)) - Stopped o.e.j.s.ServletContextHandler@65f2f9b0{/logs,file:///workdir/hadoop-ozone/integration-test/target/log,UNAVAILABLE}
2019-10-23 12:37:06,245 [main] INFO  ozone.MiniOzoneClusterImpl (MiniOzoneClusterImpl.java:stopDatanodes(377)) - Stopping the HddsDatanodes
2019-10-23 12:37:06,264 [Thread-3130] INFO  impl.FollowerState (FollowerState.java:run(108)) - 279bca68-3e74-4690-81cf-da5ab79b92f7@group-AF49A4A4CA2A-FollowerState: change to CANDIDATE, lastRpcTime:131ms, electionTimeout:131ms
2019-10-23 12:37:06,264 [Thread-3130] INFO  impl.RoleInfo (RoleInfo.java:shutdownFollowerState(121)) - 279bca68-3e74-4690-81cf-da5ab79b92f7: shutdown FollowerState
2019-10-23 12:37:06,264 [Thread-3130] INFO  impl.RaftServerImpl (RaftServerImpl.java:setRole(184)) - 279bca68-3e74-4690-81cf-da5ab79b92f7@group-AF49A4A4CA2A: changes role from  FOLLOWER to CANDIDATE at term 475 for changeToCandidate
2019-10-23 12:37:06,264 [Thread-3130] INFO  impl.RoleInfo (RoleInfo.java:updateAndGet(143)) - 279bca68-3e74-4690-81cf-da5ab79b92f7: start LeaderElection
2019-10-23 12:37:06,291 [279bca68-3e74-4690-81cf-da5ab79b92f7@group-AF49A4A4CA2A-LeaderElection434] INFO  impl.LeaderElection (LeaderElection.java:askForVotes(178)) - 279bca68-3e74-4690-81cf-da5ab79b92f7@group-AF49A4A4CA2A-LeaderElection434: begin an election at term 476 for -1: [daebe4f8-0ad9-4eb2-8ed7-3a8051847eb6:192.168.69.118:44860, 389d5540-641f-48c2-a9df-60738dbad976:192.168.69.118:45712, 279bca68-3e74-4690-81cf-da5ab79b92f7:192.168.69.118:45510], old=null
2019-10-23 12:37:06,293 [grpc-default-executor-4] INFO  impl.RaftServerImpl (RaftServerImpl.java:setRole(184)) - daebe4f8-0ad9-4eb2-8ed7-3a8051847eb6@group-AF49A4A4CA2A: changes role from  FOLLOWER to FOLLOWER at term 476 for recognizeCandidate:279bca68-3e74-4690-81cf-da5ab79b92f7
2019-10-23 12:37:06,293 [grpc-default-executor-3] INFO  impl.RaftServerImpl (RaftServerImpl.java:setRole(184)) - 389d5540-641f-48c2-a9df-60738dbad976@group-AF49A4A4CA2A: changes role from  FOLLOWER to FOLLOWER at term 476 for recognizeCandidate:279bca68-3e74-4690-81cf-da5ab79b92f7
2019-10-23 12:37:06,293 [grpc-default-executor-3] INFO  impl.RoleInfo (RoleInfo.java:shutdownFollowerState(121)) - 389d5540-641f-48c2-a9df-60738dbad976: shutdown FollowerState
2019-10-23 12:37:06,293 [grpc-default-executor-4] INFO  impl.RoleInfo (RoleInfo.java:shutdownFollowerState(121)) - daebe4f8-0ad9-4eb2-8ed7-3a8051847eb6: shutdown FollowerState
2019-10-23 12:37:06,294 [Thread-3128] INFO  impl.FollowerState (FollowerState.java:run(117)) - 389d5540-641f-48c2-a9df-60738dbad976@group-AF49A4A4CA2A-FollowerState was interrupted: java.lang.InterruptedException: sleep interrupted
2019-10-23 12:37:06,294 [grpc-default-executor-3] INFO  impl.RoleInfo (RoleInfo.java:updateAndGet(143)) - 389d5540-641f-48c2-a9df-60738dbad976: start FollowerState
2019-10-23 12:37:06,294 [Thread-3129] INFO  impl.FollowerState (FollowerState.java:run(117)) - daebe4f8-0ad9-4eb2-8ed7-3a8051847eb6@group-AF49A4A4CA2A-FollowerState was interrupted: java.lang.InterruptedException: sleep interrupted
2019-10-23 12:37:06,294 [grpc-default-executor-4] INFO  impl.RoleInfo (RoleInfo.java:updateAndGet(143)) - daebe4f8-0ad9-4eb2-8ed7-3a8051847eb6: start FollowerState
2019-10-23 12:37:06,308 [279bca68-3e74-4690-81cf-da5ab79b92f7@group-AF49A4A4CA2A-LeaderElection434] INFO  impl.LeaderElection (LeaderElection.java:logAndReturn(56)) - 279bca68-3e74-4690-81cf-da5ab79b92f7@group-AF49A4A4CA2A-LeaderElection434: Election REJECTED; received 2 response(s) [279bca68-3e74-4690-81cf-da5ab79b92f7<-daebe4f8-0ad9-4eb2-8ed7-3a8051847eb6#0:FAIL-t476, 279bca68-3e74-4690-81cf-da5ab79b92f7<-389d5540-641f-48c2-a9df-60738dbad976#0:FAIL-t476] and 0 exception(s); 279bca68-3e74-4690-81cf-da5ab79b92f7@group-AF49A4A4CA2A:t476, leader=null, voted=279bca68-3e74-4690-81cf-da5ab79b92f7, raftlog=279bca68-3e74-4690-81cf-da5ab79b92f7@group-AF49A4A4CA2A-SegmentedRaftLog:OPENED:c-1,f-1,i0, conf=-1: [daebe4f8-0ad9-4eb2-8ed7-3a8051847eb6:192.168.69.118:44860, 389d5540-641f-48c2-a9df-60738dbad976:192.168.69.118:45712, 279bca68-3e74-4690-81cf-da5ab79b92f7:192.168.69.118:45510], old=null
2019-10-23 12:37:06,308 [279bca68-3e74-4690-81cf-da5ab79b92f7@group-AF49A4A4CA2A-LeaderElection434] INFO  impl.RaftServerImpl (RaftServerImpl.java:setRole(184)) - 279bca68-3e74-4690-81cf-da5ab79b92f7@group-AF49A4A4CA2A: changes role from CANDIDATE to FOLLOWER at term 476 for DISCOVERED_A_NEW_TERM
2019-10-23 12:37:06,309 [279bca68-3e74-4690-81cf-da5ab79b92f7@group-AF49A4A4CA2A-LeaderElection434] INFO  impl.RoleInfo (RoleInfo.java:shutdownLeaderElection(134)) - 279bca68-3e74-4690-81cf-da5ab79b92f7: shutdown LeaderElection
2019-10-23 12:37:06,309 [279bca68-3e74-4690-81cf-da5ab79b92f7@group-AF49A4A4CA2A-LeaderElection434] INFO  impl.RoleInfo (RoleInfo.java:updateAndGet(143)) - 279bca68-3e74-4690-81cf-da5ab79b92f7: start FollowerState
2019-10-23 12:37:06,309 [Thread-3138] INFO  impl.FollowerState (FollowerState.java:run(108)) - 279bca68-3e74-4690-81cf-da5ab79b92f7@group-AF49A4A4CA2A-FollowerState: change to CANDIDATE, lastRpcTime:0ms, electionTimeout:0ms
2019-10-23 12:37:06,309 [Thread-3138] INFO  impl.RoleInfo (RoleInfo.java:shutdownFollowerState(121)) - 279bca68-3e74-4690-81cf-da5ab79b92f7: shutdown FollowerState
2019-10-23 12:37:06,309 [Thread-3138] INFO  impl.RaftServerImpl (RaftServerImpl.java:setRole(184)) - 279bca68-3e74-4690-81cf-da5ab79b92f7@group-AF49A4A4CA2A: changes role from  FOLLOWER to CANDIDATE at term 476 for changeToCandidate
2019-10-23 12:37:06,309 [Thread-3138] INFO  impl.RoleInfo (RoleInfo.java:updateAndGet(143)) - 279bca68-3e74-4690-81cf-da5ab79b92f7: start LeaderElection
2019-10-23 12:37:06,322 [279bca68-3e74-4690-81cf-da5ab79b92f7@group-AF49A4A4CA2A-LeaderElection435] INFO  impl.LeaderElection (LeaderElection.java:askForVotes(178)) - 279bca68-3e74-4690-81cf-da5ab79b92f7@group-AF49A4A4CA2A-LeaderElection435: begin an election at term 477 for -1: [daebe4f8-0ad9-4eb2-8ed7-3a8051847eb6:192.168.69.118:44860, 389d5540-641f-48c2-a9df-60738dbad976:192.168.69.118:45712, 279bca68-3e74-4690-81cf-da5ab79b92f7:192.168.69.118:45510], old=null
2019-10-23 12:37:06,324 [grpc-default-executor-3] INFO  impl.RaftServerImpl (RaftServerImpl.java:setRole(184)) - daebe4f8-0ad9-4eb2-8ed7-3a8051847eb6@group-AF49A4A4CA2A: changes role from  FOLLOWER to FOLLOWER at term 477 for recognizeCandidate:279bca68-3e74-4690-81cf-da5ab79b92f7
2019-10-23 12:37:06,324 [grpc-default-executor-3] INFO  impl.RoleInfo (RoleInfo.java:shutdownFollowerState(121)) - daebe4f8-0ad9-4eb2-8ed7-3a8051847eb6: shutdown FollowerState
2019-10-23 12:37:06,324 [grpc-default-executor-4] INFO  impl.RaftServerImpl (RaftServerImpl.java:setRole(184)) - 389d5540-641f-48c2-a9df-60738dbad976@group-AF49A4A4CA2A: changes role from  FOLLOWER to FOLLOWER at term 477 for recognizeCandidate:279bca68-3e74-4690-81cf-da5ab79b92f7
2019-10-23 12:37:06,324 [grpc-default-executor-4] INFO  impl.RoleInfo (RoleInfo.java:shutdownFollowerState(121)) - 389d5540-641f-48c2-a9df-60738dbad976: shutdown FollowerState
2019-10-23 12:37:06,324 [Thread-3137] INFO  impl.FollowerState (FollowerState.java:run(117)) - daebe4f8-0ad9-4eb2-8ed7-3a8051847eb6@group-AF49A4A4CA2A-FollowerState was interrupted: java.lang.InterruptedException: sleep interrupted
2019-10-23 12:37:06,324 [Thread-3136] INFO  impl.FollowerState (FollowerState.java:run(117)) - 389d5540-641f-48c2-a9df-60738dbad976@group-AF49A4A4CA2A-FollowerState was interrupted: java.lang.InterruptedException: sleep interrupted
2019-10-23 12:37:06,324 [grpc-default-executor-3] INFO  impl.RoleInfo (RoleInfo.java:updateAndGet(143)) - daebe4f8-0ad9-4eb2-8ed7-3a8051847eb6: start FollowerState
2019-10-23 12:37:06,324 [grpc-default-executor-4] INFO  impl.RoleInfo (RoleInfo.java:updateAndGet(143)) - 389d5540-641f-48c2-a9df-60738dbad976: start FollowerState
2019-10-23 12:37:06,339 [279bca68-3e74-4690-81cf-da5ab79b92f7@group-AF49A4A4CA2A-LeaderElection435] INFO  impl.LeaderElection (LeaderElection.java:logAndReturn(56)) - 279bca68-3e74-4690-81cf-da5ab79b92f7@group-AF49A4A4CA2A-LeaderElection435: Election REJECTED; received 2 response(s) [279bca68-3e74-4690-81cf-da5ab79b92f7<-daebe4f8-0ad9-4eb2-8ed7-3a8051847eb6#0:FAIL-t477, 279bca68-3e74-4690-81cf-da5ab79b92f7<-389d5540-641f-48c2-a9df-60738dbad976#0:FAIL-t477] and 0 exception(s); 279bca68-3e74-4690-81cf-da5ab79b92f7@group-AF49A4A4CA2A:t477, leader=null, voted=279bca68-3e74-4690-81cf-da5ab79b92f7, raftlog=279bca68-3e74-4690-81cf-da5ab79b92f7@group-AF49A4A4CA2A-SegmentedRaftLog:OPENED:c-1,f-1,i0, conf=-1: [daebe4f8-0ad9-4eb2-8ed7-3a8051847eb6:192.168.69.118:44860, 389d5540-641f-48c2-a9df-60738dbad976:192.168.69.118:45712, 279bca68-3e74-4690-81cf-da5ab79b92f7:192.168.69.118:45510], old=null
2019-10-23 12:37:06,339 [279bca68-3e74-4690-81cf-da5ab79b92f7@group-AF49A4A4CA2A-LeaderElection435] INFO  impl.RaftServerImpl (RaftServerImpl.java:setRole(184)) - 279bca68-3e74-4690-81cf-da5ab79b92f7@group-AF49A4A4CA2A: changes role from CANDIDATE to FOLLOWER at term 477 for DISCOVERED_A_NEW_TERM
2019-10-23 12:37:06,339 [279bca68-3e74-4690-81cf-da5ab79b92f7@group-AF49A4A4CA2A-LeaderElection435] INFO  impl.RoleInfo (RoleInfo.java:shutdownLeaderElection(134)) - 279bca68-3e74-4690-81cf-da5ab79b92f7: shutdown LeaderElection
2019-10-23 12:37:06,339 [279bca68-3e74-4690-81cf-da5ab79b92f7@group-AF49A4A4CA2A-LeaderElection435] INFO  impl.RoleInfo (RoleInfo.java:updateAndGet(143)) - 279bca68-3e74-4690-81cf-da5ab79b92f7: start FollowerState
2019-10-23 12:37:06,447 [Thread-3144] INFO  impl.FollowerState (FollowerState.java:run(108)) - 279bca68-3e74-4690-81cf-da5ab79b92f7@group-AF49A4A4CA2A-FollowerState: change to CANDIDATE, lastRpcTime:108ms, electionTimeout:108ms
2019-10-23 12:37:06,448 [Thread-3144] INFO  impl.RoleInfo (RoleInfo.java:shutdownFollowerState(121)) - 279bca68-3e74-4690-81cf-da5ab79b92f7: shutdown FollowerState
2019-10-23 12:37:06,448 [Thread-3144] INFO  impl.RaftServerImpl (RaftServerImpl.java:setRole(184)) - 279bca68-3e74-4690-81cf-da5ab79b92f7@group-AF49A4A4CA2A: changes role from  FOLLOWER to CANDIDATE at term 477 for changeToCandidate
2019-10-23 12:37:06,448 [Thread-3144] INFO  impl.RoleInfo (RoleInfo.java:updateAndGet(143)) - 279bca68-3e74-4690-81cf-da5ab79b92f7: start LeaderElection
2019-10-23 12:37:06,463 [279bca68-3e74-4690-81cf-da5ab79b92f7@group-AF49A4A4CA2A-LeaderElection436] INFO  impl.LeaderElection (LeaderElection.java:askForVotes(178)) - 279bca68-3e74-4690-81cf-da5ab79b92f7@group-AF49A4A4CA2A-LeaderElection436: begin an election at term 478 for -1: [daebe4f8-0ad9-4eb2-8ed7-3a8051847eb6:192.168.69.118:44860, 389d5540-641f-48c2-a9df-60738dbad976:192.168.69.118:45712, 279bca68-3e74-4690-81cf-da5ab79b92f7:192.168.69.118:45510], old=null
2019-10-23 12:37:06,465 [grpc-default-executor-3] INFO  impl.RaftServerImpl (RaftServerImpl.java:setRole(184)) - daebe4f8-0ad9-4eb2-8ed7-3a8051847eb6@group-AF49A4A4CA2A: changes role from  FOLLOWER to FOLLOWER at term 478 for recognizeCandidate:279bca68-3e74-4690-81cf-da5ab79b92f7
2019-10-23 12:37:06,465 [grpc-default-executor-3] INFO  impl.RoleInfo (RoleInfo.java:shutdownFollowerState(121)) - daebe4f8-0ad9-4eb2-8ed7-3a8051847eb6: shutdown FollowerState
2019-10-23 12:37:06,465 [grpc-default-executor-3] INFO  impl.RoleInfo (RoleInfo.java:updateAndGet(143)) - daebe4f8-0ad9-4eb2-8ed7-3a8051847eb6: start FollowerState
2019-10-23 12:37:06,465 [Thread-3142] INFO  impl.FollowerState (FollowerState.java:run(117)) - daebe4f8-0ad9-4eb2-8ed7-3a8051847eb6@group-AF49A4A4CA2A-FollowerState was interrupted: java.lang.InterruptedException: sleep interrupted
2019-10-23 12:37:06,465 [grpc-default-executor-4] INFO  impl.RaftServerImpl (RaftServerImpl.java:setRole(184)) - 389d5540-641f-48c2-a9df-60738dbad976@group-AF49A4A4CA2A: changes role from  FOLLOWER to FOLLOWER at term 478 for recognizeCandidate:279bca68-3e74-4690-81cf-da5ab79b92f7
2019-10-23 12:37:06,465 [grpc-default-executor-4] INFO  impl.RoleInfo (RoleInfo.java:shutdownFollowerState(121)) - 389d5540-641f-48c2-a9df-60738dbad976: shutdown FollowerState
2019-10-23 12:37:06,466 [grpc-default-executor-4] INFO  impl.RoleInfo (RoleInfo.java:updateAndGet(143)) - 389d5540-641f-48c2-a9df-60738dbad976: start FollowerState
2019-10-23 12:37:06,466 [Thread-3143] INFO  impl.FollowerState (FollowerState.java:run(117)) - 389d5540-641f-48c2-a9df-60738dbad976@group-AF49A4A4CA2A-FollowerState was interrupted: java.lang.InterruptedException: sleep interrupted
2019-10-23 12:37:06,480 [279bca68-3e74-4690-81cf-da5ab79b92f7@group-AF49A4A4CA2A-LeaderElection436] INFO  impl.LeaderElection (LeaderElection.java:logAndReturn(56)) - 279bca68-3e74-4690-81cf-da5ab79b92f7@group-AF49A4A4CA2A-LeaderElection436: Election REJECTED; received 2 response(s) [279bca68-3e74-4690-81cf-da5ab79b92f7<-daebe4f8-0ad9-4eb2-8ed7-3a8051847eb6#0:FAIL-t478, 279bca68-3e74-4690-81cf-da5ab79b92f7<-389d5540-641f-48c2-a9df-60738dbad976#0:FAIL-t478] and 0 exception(s); 279bca68-3e74-4690-81cf-da5ab79b92f7@group-AF49A4A4CA2A:t478, leader=null, voted=279bca68-3e74-4690-81cf-da5ab79b92f7, raftlog=279bca68-3e74-4690-81cf-da5ab79b92f7@group-AF49A4A4CA2A-SegmentedRaftLog:OPENED:c-1,f-1,i0, conf=-1: [daebe4f8-0ad9-4eb2-8ed7-3a8051847eb6:192.168.69.118:44860, 389d5540-641f-48c2-a9df-60738dbad976:192.168.69.118:45712, 279bca68-3e74-4690-81cf-da5ab79b92f7:192.168.69.118:45510], old=null
2019-10-23 12:37:06,480 [279bca68-3e74-4690-81cf-da5ab79b92f7@group-AF49A4A4CA2A-LeaderElection436] INFO  impl.RaftServerImpl (RaftServerImpl.java:setRole(184)) - 279bca68-3e74-4690-81cf-da5ab79b92f7@group-AF49A4A4CA2A: changes role from CANDIDATE to FOLLOWER at term 478 for DISCOVERED_A_NEW_TERM
2019-10-23 12:37:06,480 [279bca68-3e74-4690-81cf-da5ab79b92f7@group-AF49A4A4CA2A-LeaderElection436] INFO  impl.RoleInfo (RoleInfo.java:shutdownLeaderElection(134)) - 279bca68-3e74-4690-81cf-da5ab79b92f7: shutdown LeaderElection
2019-10-23 12:37:06,480 [279bca68-3e74-4690-81cf-da5ab79b92f7@group-AF49A4A4CA2A-LeaderElection436] INFO  impl.RoleInfo (RoleInfo.java:updateAndGet(143)) - 279bca68-3e74-4690-81cf-da5ab79b92f7: start FollowerState
2019-10-23 12:37:06,673 [Thread-3150] INFO  impl.FollowerState (FollowerState.java:run(108)) - 279bca68-3e74-4690-81cf-da5ab79b92f7@group-AF49A4A4CA2A-FollowerState: change to CANDIDATE, lastRpcTime:192ms, electionTimeout:192ms
2019-10-23 12:37:06,673 [Thread-3150] INFO  impl.RoleInfo (RoleInfo.java:shutdownFollowerState(121)) - 279bca68-3e74-4690-81cf-da5ab79b92f7: shutdown FollowerState
2019-10-23 12:37:06,673 [Thread-3150] INFO  impl.RaftServerImpl (RaftServerImpl.java:setRole(184)) - 279bca68-3e74-4690-81cf-da5ab79b92f7@group-AF49A4A4CA2A: changes role from  FOLLOWER to CANDIDATE at term 478 for changeToCandidate
2019-10-23 12:37:06,673 [Thread-3150] INFO  impl.RoleInfo (RoleInfo.java:updateAndGet(143)) - 279bca68-3e74-4690-81cf-da5ab79b92f7: start LeaderElection
2019-10-23 12:37:06,685 [279bca68-3e74-4690-81cf-da5ab79b92f7@group-AF49A4A4CA2A-LeaderElection437] INFO  impl.LeaderElection (LeaderElection.java:askForVotes(178)) - 279bca68-3e74-4690-81cf-da5ab79b92f7@group-AF49A4A4CA2A-LeaderElection437: begin an election at term 479 for -1: [daebe4f8-0ad9-4eb2-8ed7-3a8051847eb6:192.168.69.118:44860, 389d5540-641f-48c2-a9df-60738dbad976:192.168.69.118:45712, 279bca68-3e74-4690-81cf-da5ab79b92f7:192.168.69.118:45510], old=null
2019-10-23 12:37:06,687 [grpc-default-executor-4] INFO  impl.RaftServerImpl (RaftServerImpl.java:setRole(184)) - daebe4f8-0ad9-4eb2-8ed7-3a8051847eb6@group-AF49A4A4CA2A: changes role from  FOLLOWER to FOLLOWER at term 479 for recognizeCandidate:279bca68-3e74-4690-81cf-da5ab79b92f7
2019-10-23 12:37:06,687 [grpc-default-executor-3] INFO  impl.RaftServerImpl (RaftServerImpl.java:setRole(184)) - 389d5540-641f-48c2-a9df-60738dbad976@group-AF49A4A4CA2A: changes role from  FOLLOWER to FOLLOWER at term 479 for recognizeCandidate:279bca68-3e74-4690-81cf-da5ab79b92f7
2019-10-23 12:37:06,687 [grpc-default-executor-3] INFO  impl.RoleInfo (RoleInfo.java:shutdownFollowerState(121)) - 389d5540-641f-48c2-a9df-60738dbad976: shutdown FollowerState
2019-10-23 12:37:06,687 [grpc-default-executor-4] INFO  impl.RoleInfo (RoleInfo.java:shutdownFollowerState(121)) - daebe4f8-0ad9-4eb2-8ed7-3a8051847eb6: shutdown FollowerState
2019-10-23 12:37:06,687 [Thread-3149] INFO  impl.FollowerState (FollowerState.java:run(117)) - 389d5540-641f-48c2-a9df-60738dbad976@group-AF49A4A4CA2A-FollowerState was interrupted: java.lang.InterruptedException: sleep interrupted
2019-10-23 12:37:06,687 [grpc-default-executor-3] INFO  impl.RoleInfo (RoleInfo.java:updateAndGet(143)) - 389d5540-641f-48c2-a9df-60738dbad976: start FollowerState
2019-10-23 12:37:06,687 [Thread-3148] INFO  impl.FollowerState (FollowerState.java:run(117)) - daebe4f8-0ad9-4eb2-8ed7-3a8051847eb6@group-AF49A4A4CA2A-FollowerState was interrupted: java.lang.InterruptedException: sleep interrupted
2019-10-23 12:37:06,687 [grpc-default-executor-4] INFO  impl.RoleInfo (RoleInfo.java:updateAndGet(143)) - daebe4f8-0ad9-4eb2-8ed7-3a8051847eb6: start FollowerState
2019-10-23 12:37:06,702 [279bca68-3e74-4690-81cf-da5ab79b92f7@group-AF49A4A4CA2A-LeaderElection437] INFO  impl.LeaderElection (LeaderElection.java:logAndReturn(56)) - 279bca68-3e74-4690-81cf-da5ab79b92f7@group-AF49A4A4CA2A-LeaderElection437: Election REJECTED; received 2 response(s) [279bca68-3e74-4690-81cf-da5ab79b92f7<-daebe4f8-0ad9-4eb2-8ed7-3a8051847eb6#0:FAIL-t479, 279bca68-3e74-4690-81cf-da5ab79b92f7<-389d5540-641f-48c2-a9df-60738dbad976#0:FAIL-t479] and 0 exception(s); 279bca68-3e74-4690-81cf-da5ab79b92f7@group-AF49A4A4CA2A:t479, leader=null, voted=279bca68-3e74-4690-81cf-da5ab79b92f7, raftlog=279bca68-3e74-4690-81cf-da5ab79b92f7@group-AF49A4A4CA2A-SegmentedRaftLog:OPENED:c-1,f-1,i0, conf=-1: [daebe4f8-0ad9-4eb2-8ed7-3a8051847eb6:192.168.69.118:44860, 389d5540-641f-48c2-a9df-60738dbad976:192.168.69.118:45712, 279bca68-3e74-4690-81cf-da5ab79b92f7:192.168.69.118:45510], old=null
2019-10-23 12:37:06,702 [279bca68-3e74-4690-81cf-da5ab79b92f7@group-AF49A4A4CA2A-LeaderElection437] INFO  impl.RaftServerImpl (RaftServerImpl.java:setRole(184)) - 279bca68-3e74-4690-81cf-da5ab79b92f7@group-AF49A4A4CA2A: changes role from CANDIDATE to FOLLOWER at term 479 for DISCOVERED_A_NEW_TERM
2019-10-23 12:37:06,702 [279bca68-3e74-4690-81cf-da5ab79b92f7@group-AF49A4A4CA2A-LeaderElection437] INFO  impl.RoleInfo (RoleInfo.java:shutdownLeaderElection(134)) - 279bca68-3e74-4690-81cf-da5ab79b92f7: shutdown LeaderElection
2019-10-23 12:37:06,702 [279bca68-3e74-4690-81cf-da5ab79b92f7@group-AF49A4A4CA2A-LeaderElection437] INFO  impl.RoleInfo (RoleInfo.java:updateAndGet(143)) - 279bca68-3e74-4690-81cf-da5ab79b92f7: start FollowerState
2019-10-23 12:37:06,703 [Thread-3156] INFO  impl.FollowerState (FollowerState.java:run(108)) - 279bca68-3e74-4690-81cf-da5ab79b92f7@group-AF49A4A4CA2A-FollowerState: change to CANDIDATE, lastRpcTime:0ms, electionTimeout:0ms
2019-10-23 12:37:06,703 [Thread-3156] INFO  impl.RoleInfo (RoleInfo.java:shutdownFollowerState(121)) - 279bca68-3e74-4690-81cf-da5ab79b92f7: shutdown FollowerState
2019-10-23 12:37:06,703 [Thread-3156] INFO  impl.RaftServerImpl (RaftServerImpl.java:setRole(184)) - 279bca68-3e74-4690-81cf-da5ab79b92f7@group-AF49A4A4CA2A: changes role from  FOLLOWER to CANDIDATE at term 479 for changeToCandidate
2019-10-23 12:37:06,703 [Thread-3156] INFO  impl.RoleInfo (RoleInfo.java:updateAndGet(143)) - 279bca68-3e74-4690-81cf-da5ab79b92f7: start LeaderElection
2019-10-23 12:37:06,717 [279bca68-3e74-4690-81cf-da5ab79b92f7@group-AF49A4A4CA2A-LeaderElection438] INFO  impl.LeaderElection (LeaderElection.java:askForVotes(178)) - 279bca68-3e74-4690-81cf-da5ab79b92f7@group-AF49A4A4CA2A-LeaderElection438: begin an election at term 480 for -1: [daebe4f8-0ad9-4eb2-8ed7-3a8051847eb6:192.168.69.118:44860, 389d5540-641f-48c2-a9df-60738dbad976:192.168.69.118:45712, 279bca68-3e74-4690-81cf-da5ab79b92f7:192.168.69.118:45510], old=null
2019-10-23 12:37:06,719 [grpc-default-executor-3] INFO  impl.RaftServerImpl (RaftServerImpl.java:setRole(184)) - daebe4f8-0ad9-4eb2-8ed7-3a8051847eb6@group-AF49A4A4CA2A: changes role from  FOLLOWER to FOLLOWER at term 480 for recognizeCandidate:279bca68-3e74-4690-81cf-da5ab79b92f7
2019-10-23 12:37:06,719 [grpc-default-executor-3] INFO  impl.RoleInfo (RoleInfo.java:shutdownFollowerState(121)) - daebe4f8-0ad9-4eb2-8ed7-3a8051847eb6: shutdown FollowerState
2019-10-23 12:37:06,719 [grpc-default-executor-3] INFO  impl.RoleInfo (RoleInfo.java:updateAndGet(143)) - daebe4f8-0ad9-4eb2-8ed7-3a8051847eb6: start FollowerState
2019-10-23 12:37:06,719 [Thread-3155] INFO  impl.FollowerState (FollowerState.java:run(117)) - daebe4f8-0ad9-4eb2-8ed7-3a8051847eb6@group-AF49A4A4CA2A-FollowerState was interrupted: java.lang.InterruptedException: sleep interrupted
2019-10-23 12:37:06,719 [grpc-default-executor-4] INFO  impl.RaftServerImpl (RaftServerImpl.java:setRole(184)) - 389d5540-641f-48c2-a9df-60738dbad976@group-AF49A4A4CA2A: changes role from  FOLLOWER to FOLLOWER at term 480 for recognizeCandidate:279bca68-3e74-4690-81cf-da5ab79b92f7
2019-10-23 12:37:06,720 [grpc-default-executor-4] INFO  impl.RoleInfo (RoleInfo.java:shutdownFollowerState(121)) - 389d5540-641f-48c2-a9df-60738dbad976: shutdown FollowerState
2019-10-23 12:37:06,720 [grpc-default-executor-4] INFO  impl.RoleInfo (RoleInfo.java:updateAndGet(143)) - 389d5540-641f-48c2-a9df-60738dbad976: start FollowerState
2019-10-23 12:37:06,720 [Thread-3154] INFO  impl.FollowerState (FollowerState.java:run(117)) - 389d5540-641f-48c2-a9df-60738dbad976@group-AF49A4A4CA2A-FollowerState was interrupted: java.lang.InterruptedException: sleep interrupted
2019-10-23 12:37:06,734 [279bca68-3e74-4690-81cf-da5ab79b92f7@group-AF49A4A4CA2A-LeaderElection438] INFO  impl.LeaderElection (LeaderElection.java:logAndReturn(56)) - 279bca68-3e74-4690-81cf-da5ab79b92f7@group-AF49A4A4CA2A-LeaderElection438: Election REJECTED; received 2 response(s) [279bca68-3e74-4690-81cf-da5ab79b92f7<-daebe4f8-0ad9-4eb2-8ed7-3a8051847eb6#0:FAIL-t480, 279bca68-3e74-4690-81cf-da5ab79b92f7<-389d5540-641f-48c2-a9df-60738dbad976#0:FAIL-t480] and 0 exception(s); 279bca68-3e74-4690-81cf-da5ab79b92f7@group-AF49A4A4CA2A:t480, leader=null, voted=279bca68-3e74-4690-81cf-da5ab79b92f7, raftlog=279bca68-3e74-4690-81cf-da5ab79b92f7@group-AF49A4A4CA2A-SegmentedRaftLog:OPENED:c-1,f-1,i0, conf=-1: [daebe4f8-0ad9-4eb2-8ed7-3a8051847eb6:192.168.69.118:44860, 389d5540-641f-48c2-a9df-60738dbad976:192.168.69.118:45712, 279bca68-3e74-4690-81cf-da5ab79b92f7:192.168.69.118:45510], old=null
2019-10-23 12:37:06,734 [279bca68-3e74-4690-81cf-da5ab79b92f7@group-AF49A4A4CA2A-LeaderElection438] INFO  impl.RaftServerImpl (RaftServerImpl.java:setRole(184)) - 279bca68-3e74-4690-81cf-da5ab79b92f7@group-AF49A4A4CA2A: changes role from CANDIDATE to FOLLOWER at term 480 for DISCOVERED_A_NEW_TERM
2019-10-23 12:37:06,735 [279bca68-3e74-4690-81cf-da5ab79b92f7@group-AF49A4A4CA2A-LeaderElection438] INFO  impl.RoleInfo (RoleInfo.java:shutdownLeaderElection(134)) - 279bca68-3e74-4690-81cf-da5ab79b92f7: shutdown LeaderElection
2019-10-23 12:37:06,735 [279bca68-3e74-4690-81cf-da5ab79b92f7@group-AF49A4A4CA2A-LeaderElection438] INFO  impl.RoleInfo (RoleInfo.java:updateAndGet(143)) - 279bca68-3e74-4690-81cf-da5ab79b92f7: start FollowerState
2019-10-23 12:37:06,886 [Thread-3162] INFO  impl.FollowerState (FollowerState.java:run(108)) - 279bca68-3e74-4690-81cf-da5ab79b92f7@group-AF49A4A4CA2A-FollowerState: change to CANDIDATE, lastRpcTime:151ms, electionTimeout:151ms
2019-10-23 12:37:06,886 [Thread-3162] INFO  impl.RoleInfo (RoleInfo.java:shutdownFollowerState(121)) - 279bca68-3e74-4690-81cf-da5ab79b92f7: shutdown FollowerState
2019-10-23 12:37:06,886 [Thread-3162] INFO  impl.RaftServerImpl (RaftServerImpl.java:setRole(184)) - 279bca68-3e74-4690-81cf-da5ab79b92f7@group-AF49A4A4CA2A: changes role from  FOLLOWER to CANDIDATE at term 480 for changeToCandidate
2019-10-23 12:37:06,890 [Thread-3162] INFO  impl.RoleInfo (RoleInfo.java:updateAndGet(143)) - 279bca68-3e74-4690-81cf-da5ab79b92f7: start LeaderElection
2019-10-23 12:37:06,904 [279bca68-3e74-4690-81cf-da5ab79b92f7@group-AF49A4A4CA2A-LeaderElection439] INFO  impl.LeaderElection (LeaderElection.java:askForVotes(178)) - 279bca68-3e74-4690-81cf-da5ab79b92f7@group-AF49A4A4CA2A-LeaderElection439: begin an election at term 481 for -1: [daebe4f8-0ad9-4eb2-8ed7-3a8051847eb6:192.168.69.118:44860, 389d5540-641f-48c2-a9df-60738dbad976:192.168.69.118:45712, 279bca68-3e74-4690-81cf-da5ab79b92f7:192.168.69.118:45510], old=null
2019-10-23 12:37:06,906 [grpc-default-executor-4] INFO  impl.RaftServerImpl (RaftServerImpl.java:setRole(184)) - daebe4f8-0ad9-4eb2-8ed7-3a8051847eb6@group-AF49A4A4CA2A: changes role from  FOLLOWER to FOLLOWER at term 481 for recognizeCandidate:279bca68-3e74-4690-81cf-da5ab79b92f7
2019-10-23 12:37:06,906 [grpc-default-executor-3] INFO  impl.RaftServerImpl (RaftServerImpl.java:setRole(184)) - 389d5540-641f-48c2-a9df-60738dbad976@group-AF49A4A4CA2A: changes role from  FOLLOWER to FOLLOWER at term 481 for recognizeCandidate:279bca68-3e74-4690-81cf-da5ab79b92f7
2019-10-23 12:37:06,906 [grpc-default-executor-3] INFO  impl.RoleInfo (RoleInfo.java:shutdownFollowerState(121)) - 389d5540-641f-48c2-a9df-60738dbad976: shutdown FollowerState
2019-10-23 12:37:06,906 [grpc-default-executor-4] INFO  impl.RoleInfo (RoleInfo.java:shutdownFollowerState(121)) - daebe4f8-0ad9-4eb2-8ed7-3a8051847eb6: shutdown FollowerState
2019-10-23 12:37:06,906 [grpc-default-executor-4] INFO  impl.RoleInfo (RoleInfo.java:updateAndGet(143)) - daebe4f8-0ad9-4eb2-8ed7-3a8051847eb6: start FollowerState
2019-10-23 12:37:06,906 [Thread-3161] INFO  impl.FollowerState (FollowerState.java:run(117)) - 389d5540-641f-48c2-a9df-60738dbad976@group-AF49A4A4CA2A-FollowerState was interrupted: java.lang.InterruptedException: sleep interrupted
2019-10-23 12:37:06,906 [grpc-default-executor-3] INFO  impl.RoleInfo (RoleInfo.java:updateAndGet(143)) - 389d5540-641f-48c2-a9df-60738dbad976: start FollowerState
2019-10-23 12:37:06,906 [Thread-3160] INFO  impl.FollowerState (FollowerState.java:run(117)) - daebe4f8-0ad9-4eb2-8ed7-3a8051847eb6@group-AF49A4A4CA2A-FollowerState was interrupted: java.lang.InterruptedException: sleep interrupted
2019-10-23 12:37:06,922 [279bca68-3e74-4690-81cf-da5ab79b92f7@group-AF49A4A4CA2A-LeaderElection439] INFO  impl.LeaderElection (LeaderElection.java:logAndReturn(56)) - 279bca68-3e74-4690-81cf-da5ab79b92f7@group-AF49A4A4CA2A-LeaderElection439: Election REJECTED; received 2 response(s) [279bca68-3e74-4690-81cf-da5ab79b92f7<-daebe4f8-0ad9-4eb2-8ed7-3a8051847eb6#0:FAIL-t481, 279bca68-3e74-4690-81cf-da5ab79b92f7<-389d5540-641f-48c2-a9df-60738dbad976#0:FAIL-t481] and 0 exception(s); 279bca68-3e74-4690-81cf-da5ab79b92f7@group-AF49A4A4CA2A:t481, leader=null, voted=279bca68-3e74-4690-81cf-da5ab79b92f7, raftlog=279bca68-3e74-4690-81cf-da5ab79b92f7@group-AF49A4A4CA2A-SegmentedRaftLog:OPENED:c-1,f-1,i0, conf=-1: [daebe4f8-0ad9-4eb2-8ed7-3a8051847eb6:192.168.69.118:44860, 389d5540-641f-48c2-a9df-60738dbad976:192.168.69.118:45712, 279bca68-3e74-4690-81cf-da5ab79b92f7:192.168.69.118:45510], old=null
2019-10-23 12:37:06,922 [279bca68-3e74-4690-81cf-da5ab79b92f7@group-AF49A4A4CA2A-LeaderElection439] INFO  impl.RaftServerImpl (RaftServerImpl.java:setRole(184)) - 279bca68-3e74-4690-81cf-da5ab79b92f7@group-AF49A4A4CA2A: changes role from CANDIDATE to FOLLOWER at term 481 for DISCOVERED_A_NEW_TERM
2019-10-23 12:37:06,922 [279bca68-3e74-4690-81cf-da5ab79b92f7@group-AF49A4A4CA2A-LeaderElection439] INFO  impl.RoleInfo (RoleInfo.java:shutdownLeaderElection(134)) - 279bca68-3e74-4690-81cf-da5ab79b92f7: shutdown LeaderElection
2019-10-23 12:37:06,922 [279bca68-3e74-4690-81cf-da5ab79b92f7@group-AF49A4A4CA2A-LeaderElection439] INFO  impl.RoleInfo (RoleInfo.java:updateAndGet(143)) - 279bca68-3e74-4690-81cf-da5ab79b92f7: start FollowerState
2019-10-23 12:37:06,939 [Thread-3170] INFO  impl.FollowerState (FollowerState.java:run(108)) - 279bca68-3e74-4690-81cf-da5ab79b92f7@group-AF49A4A4CA2A-FollowerState: change to CANDIDATE, lastRpcTime:16ms, electionTimeout:16ms
2019-10-23 12:37:06,939 [Thread-3170] INFO  impl.RoleInfo (RoleInfo.java:shutdownFollowerState(121)) - 279bca68-3e74-4690-81cf-da5ab79b92f7: shutdown FollowerState
2019-10-23 12:37:06,939 [Thread-3170] INFO  impl.RaftServerImpl (RaftServerImpl.java:setRole(184)) - 279bca68-3e74-4690-81cf-da5ab79b92f7@group-AF49A4A4CA2A: changes role from  FOLLOWER to CANDIDATE at term 481 for changeToCandidate
2019-10-23 12:37:06,939 [Thread-3170] INFO  impl.RoleInfo (RoleInfo.java:updateAndGet(143)) - 279bca68-3e74-4690-81cf-da5ab79b92f7: start LeaderElection
2019-10-23 12:37:06,953 [279bca68-3e74-4690-81cf-da5ab79b92f7@group-AF49A4A4CA2A-LeaderElection440] INFO  impl.LeaderElection (LeaderElection.java:askForVotes(178)) - 279bca68-3e74-4690-81cf-da5ab79b92f7@group-AF49A4A4CA2A-LeaderElection440: begin an election at term 482 for -1: [daebe4f8-0ad9-4eb2-8ed7-3a8051847eb6:192.168.69.118:44860, 389d5540-641f-48c2-a9df-60738dbad976:192.168.69.118:45712, 279bca68-3e74-4690-81cf-da5ab79b92f7:192.168.69.118:45510], old=null
2019-10-23 12:37:06,954 [grpc-default-executor-4] INFO  impl.RaftServerImpl (RaftServerImpl.java:setRole(184)) - daebe4f8-0ad9-4eb2-8ed7-3a8051847eb6@group-AF49A4A4CA2A: changes role from  FOLLOWER to FOLLOWER at term 482 for recognizeCandidate:279bca68-3e74-4690-81cf-da5ab79b92f7
2019-10-23 12:37:06,954 [grpc-default-executor-4] INFO  impl.RoleInfo (RoleInfo.java:shutdownFollowerState(121)) - daebe4f8-0ad9-4eb2-8ed7-3a8051847eb6: shutdown FollowerState
2019-10-23 12:37:06,954 [grpc-default-executor-3] INFO  impl.RaftServerImpl (RaftServerImpl.java:setRole(184)) - 389d5540-641f-48c2-a9df-60738dbad976@group-AF49A4A4CA2A: changes role from  FOLLOWER to FOLLOWER at term 482 for recognizeCandidate:279bca68-3e74-4690-81cf-da5ab79b92f7
2019-10-23 12:37:06,954 [grpc-default-executor-4] INFO  impl.RoleInfo (RoleInfo.java:updateAndGet(143)) - daebe4f8-0ad9-4eb2-8ed7-3a8051847eb6: start FollowerState
2019-10-23 12:37:06,954 [Thread-3169] INFO  impl.FollowerState (FollowerState.java:run(117)) - daebe4f8-0ad9-4eb2-8ed7-3a8051847eb6@group-AF49A4A4CA2A-FollowerState was interrupted: java.lang.InterruptedException: sleep interrupted
2019-10-23 12:37:06,955 [grpc-default-executor-3] INFO  impl.RoleInfo (RoleInfo.java:shutdownFollowerState(121)) - 389d5540-641f-48c2-a9df-60738dbad976: shutdown FollowerState
2019-10-23 12:37:06,955 [Thread-3168] INFO  impl.FollowerState (FollowerState.java:run(117)) - 389d5540-641f-48c2-a9df-60738dbad976@group-AF49A4A4CA2A-FollowerState was interrupted: java.lang.InterruptedException: sleep interrupted
2019-10-23 12:37:06,955 [grpc-default-executor-3] INFO  impl.RoleInfo (RoleInfo.java:updateAndGet(143)) - 389d5540-641f-48c2-a9df-60738dbad976: start FollowerState
2019-10-23 12:37:06,970 [279bca68-3e74-4690-81cf-da5ab79b92f7@group-AF49A4A4CA2A-LeaderElection440] INFO  impl.LeaderElection (LeaderElection.java:logAndReturn(56)) - 279bca68-3e74-4690-81cf-da5ab79b92f7@group-AF49A4A4CA2A-LeaderElection440: Election REJECTED; received 2 response(s) [279bca68-3e74-4690-81cf-da5ab79b92f7<-daebe4f8-0ad9-4eb2-8ed7-3a8051847eb6#0:FAIL-t482, 279bca68-3e74-4690-81cf-da5ab79b92f7<-389d5540-641f-48c2-a9df-60738dbad976#0:FAIL-t482] and 0 exception(s); 279bca68-3e74-4690-81cf-da5ab79b92f7@group-AF49A4A4CA2A:t482, leader=null, voted=279bca68-3e74-4690-81cf-da5ab79b92f7, raftlog=279bca68-3e74-4690-81cf-da5ab79b92f7@group-AF49A4A4CA2A-SegmentedRaftLog:OPENED:c-1,f-1,i0, conf=-1: [daebe4f8-0ad9-4eb2-8ed7-3a8051847eb6:192.168.69.118:44860, 389d5540-641f-48c2-a9df-60738dbad976:192.168.69.118:45712, 279bca68-3e74-4690-81cf-da5ab79b92f7:192.168.69.118:45510], old=null
2019-10-23 12:37:06,970 [279bca68-3e74-4690-81cf-da5ab79b92f7@group-AF49A4A4CA2A-LeaderElection440] INFO  impl.RaftServerImpl (RaftServerImpl.java:setRole(184)) - 279bca68-3e74-4690-81cf-da5ab79b92f7@group-AF49A4A4CA2A: changes role from CANDIDATE to FOLLOWER at term 482 for DISCOVERED_A_NEW_TERM
2019-10-23 12:37:06,971 [279bca68-3e74-4690-81cf-da5ab79b92f7@group-AF49A4A4CA2A-LeaderElection440] INFO  impl.RoleInfo (RoleInfo.java:shutdownLeaderElection(134)) - 279bca68-3e74-4690-81cf-da5ab79b92f7: shutdown LeaderElection
2019-10-23 12:37:06,971 [279bca68-3e74-4690-81cf-da5ab79b92f7@group-AF49A4A4CA2A-LeaderElection440] INFO  impl.RoleInfo (RoleInfo.java:updateAndGet(143)) - 279bca68-3e74-4690-81cf-da5ab79b92f7: start FollowerState
2019-10-23 12:37:06,982 [Datanode State Machine Thread - 0] INFO  statemachine.DatanodeStateMachine (DatanodeStateMachine.java:lambda$startDaemon$0(350)) - Ozone container server started.
2019-10-23 12:37:06,991 [Datanode State Machine Thread - 0] INFO  statemachine.DatanodeStateMachine (DatanodeStateMachine.java:lambda$startDaemon$0(350)) - Ozone container server started.
2019-10-23 12:37:07,107 [Thread-3176] INFO  impl.FollowerState (FollowerState.java:run(108)) - 279bca68-3e74-4690-81cf-da5ab79b92f7@group-AF49A4A4CA2A-FollowerState: change to CANDIDATE, lastRpcTime:136ms, electionTimeout:136ms
2019-10-23 12:37:07,107 [Thread-3176] INFO  impl.RoleInfo (RoleInfo.java:shutdownFollowerState(121)) - 279bca68-3e74-4690-81cf-da5ab79b92f7: shutdown FollowerState
2019-10-23 12:37:07,107 [Thread-3176] INFO  impl.RaftServerImpl (RaftServerImpl.java:setRole(184)) - 279bca68-3e74-4690-81cf-da5ab79b92f7@group-AF49A4A4CA2A: changes role from  FOLLOWER to CANDIDATE at term 482 for changeToCandidate
2019-10-23 12:37:07,107 [Thread-3176] INFO  impl.RoleInfo (RoleInfo.java:updateAndGet(143)) - 279bca68-3e74-4690-81cf-da5ab79b92f7: start LeaderElection
2019-10-23 12:37:07,121 [279bca68-3e74-4690-81cf-da5ab79b92f7@group-AF49A4A4CA2A-LeaderElection441] INFO  impl.LeaderElection (LeaderElection.java:askForVotes(178)) - 279bca68-3e74-4690-81cf-da5ab79b92f7@group-AF49A4A4CA2A-LeaderElection441: begin an election at term 483 for -1: [daebe4f8-0ad9-4eb2-8ed7-3a8051847eb6:192.168.69.118:44860, 389d5540-641f-48c2-a9df-60738dbad976:192.168.69.118:45712, 279bca68-3e74-4690-81cf-da5ab79b92f7:192.168.69.118:45510], old=null
2019-10-23 12:37:07,122 [grpc-default-executor-4] INFO  impl.RaftServerImpl (RaftServerImpl.java:setRole(184)) - daebe4f8-0ad9-4eb2-8ed7-3a8051847eb6@group-AF49A4A4CA2A: changes role from  FOLLOWER to FOLLOWER at term 483 for recognizeCandidate:279bca68-3e74-4690-81cf-da5ab79b92f7
2019-10-23 12:37:07,122 [grpc-default-executor-3] INFO  impl.RaftServerImpl (RaftServerImpl.java:setRole(184)) - 389d5540-641f-48c2-a9df-60738dbad976@group-AF49A4A4CA2A: changes role from  FOLLOWER to FOLLOWER at term 483 for recognizeCandidate:279bca68-3e74-4690-81cf-da5ab79b92f7
2019-10-23 12:37:07,123 [grpc-default-executor-4] INFO  impl.RoleInfo (RoleInfo.java:shutdownFollowerState(121)) - daebe4f8-0ad9-4eb2-8ed7-3a8051847eb6: shutdown FollowerState
2019-10-23 12:37:07,123 [grpc-default-executor-3] INFO  impl.RoleInfo (RoleInfo.java:shutdownFollowerState(121)) - 389d5540-641f-48c2-a9df-60738dbad976: shutdown FollowerState
2019-10-23 12:37:07,123 [Thread-3174] INFO  impl.FollowerState (FollowerState.java:run(117)) - daebe4f8-0ad9-4eb2-8ed7-3a8051847eb6@group-AF49A4A4CA2A-FollowerState was interrupted: java.lang.InterruptedException: sleep interrupted
2019-10-23 12:37:07,123 [grpc-default-executor-4] INFO  impl.RoleInfo (RoleInfo.java:updateAndGet(143)) - daebe4f8-0ad9-4eb2-8ed7-3a8051847eb6: start FollowerState
2019-10-23 12:37:07,123 [grpc-default-executor-3] INFO  impl.RoleInfo (RoleInfo.java:updateAndGet(143)) - 389d5540-641f-48c2-a9df-60738dbad976: start FollowerState
2019-10-23 12:37:07,123 [Thread-3175] INFO  impl.FollowerState (FollowerState.java:run(117)) - 389d5540-641f-48c2-a9df-60738dbad976@group-AF49A4A4CA2A-FollowerState was interrupted: java.lang.InterruptedException: sleep interrupted
2019-10-23 12:37:07,138 [279bca68-3e74-4690-81cf-da5ab79b92f7@group-AF49A4A4CA2A-LeaderElection441] INFO  impl.LeaderElection (LeaderElection.java:logAndReturn(56)) - 279bca68-3e74-4690-81cf-da5ab79b92f7@group-AF49A4A4CA2A-LeaderElection441: Election REJECTED; received 2 response(s) [279bca68-3e74-4690-81cf-da5ab79b92f7<-daebe4f8-0ad9-4eb2-8ed7-3a8051847eb6#0:FAIL-t483, 279bca68-3e74-4690-81cf-da5ab79b92f7<-389d5540-641f-48c2-a9df-60738dbad976#0:FAIL-t483] and 0 exception(s); 279bca68-3e74-4690-81cf-da5ab79b92f7@group-AF49A4A4CA2A:t483, leader=null, voted=279bca68-3e74-4690-81cf-da5ab79b92f7, raftlog=279bca68-3e74-4690-81cf-da5ab79b92f7@group-AF49A4A4CA2A-SegmentedRaftLog:OPENED:c-1,f-1,i0, conf=-1: [daebe4f8-0ad9-4eb2-8ed7-3a8051847eb6:192.168.69.118:44860, 389d5540-641f-48c2-a9df-60738dbad976:192.168.69.118:45712, 279bca68-3e74-4690-81cf-da5ab79b92f7:192.168.69.118:45510], old=null
2019-10-23 12:37:07,139 [279bca68-3e74-4690-81cf-da5ab79b92f7@group-AF49A4A4CA2A-LeaderElection441] INFO  impl.RaftServerImpl (RaftServerImpl.java:setRole(184)) - 279bca68-3e74-4690-81cf-da5ab79b92f7@group-AF49A4A4CA2A: changes role from CANDIDATE to FOLLOWER at term 483 for DISCOVERED_A_NEW_TERM
2019-10-23 12:37:07,139 [279bca68-3e74-4690-81cf-da5ab79b92f7@group-AF49A4A4CA2A-LeaderElection441] INFO  impl.RoleInfo (RoleInfo.java:shutdownLeaderElection(134)) - 279bca68-3e74-4690-81cf-da5ab79b92f7: shutdown LeaderElection
2019-10-23 12:37:07,139 [279bca68-3e74-4690-81cf-da5ab79b92f7@group-AF49A4A4CA2A-LeaderElection441] INFO  impl.RoleInfo (RoleInfo.java:updateAndGet(143)) - 279bca68-3e74-4690-81cf-da5ab79b92f7: start FollowerState
2019-10-23 12:37:07,202 [Thread-288] INFO  ipc.Client (Client.java:handleConnectionFailure(948)) - Retrying connect to server: localhost/127.0.0.1:40722. Already tried 0 time(s); retry policy is RetryUpToMaximumCountWithFixedSleep(maxRetries=10, sleepTime=1000 MILLISECONDS)
2019-10-23 12:37:07,251 [Thread-3182] INFO  impl.FollowerState (FollowerState.java:run(108)) - 279bca68-3e74-4690-81cf-da5ab79b92f7@group-AF49A4A4CA2A-FollowerState: change to CANDIDATE, lastRpcTime:112ms, electionTimeout:112ms
2019-10-23 12:37:07,251 [Thread-3182] INFO  impl.RoleInfo (RoleInfo.java:shutdownFollowerState(121)) - 279bca68-3e74-4690-81cf-da5ab79b92f7: shutdown FollowerState
2019-10-23 12:37:07,251 [Thread-3182] INFO  impl.RaftServerImpl (RaftServerImpl.java:setRole(184)) - 279bca68-3e74-4690-81cf-da5ab79b92f7@group-AF49A4A4CA2A: changes role from  FOLLOWER to CANDIDATE at term 483 for changeToCandidate
2019-10-23 12:37:07,251 [Thread-3182] INFO  impl.RoleInfo (RoleInfo.java:updateAndGet(143)) - 279bca68-3e74-4690-81cf-da5ab79b92f7: start LeaderElection
2019-10-23 12:37:07,276 [279bca68-3e74-4690-81cf-da5ab79b92f7@group-AF49A4A4CA2A-LeaderElection442] INFO  impl.LeaderElection (LeaderElection.java:askForVotes(178)) - 279bca68-3e74-4690-81cf-da5ab79b92f7@group-AF49A4A4CA2A-LeaderElection442: begin an election at term 484 for -1: [daebe4f8-0ad9-4eb2-8ed7-3a8051847eb6:192.168.69.118:44860, 389d5540-641f-48c2-a9df-60738dbad976:192.168.69.118:45712, 279bca68-3e74-4690-81cf-da5ab79b92f7:192.168.69.118:45510], old=null
2019-10-23 12:37:07,278 [grpc-default-executor-3] INFO  impl.RaftServerImpl (RaftServerImpl.java:setRole(184)) - daebe4f8-0ad9-4eb2-8ed7-3a8051847eb6@group-AF49A4A4CA2A: changes role from  FOLLOWER to FOLLOWER at term 484 for recognizeCandidate:279bca68-3e74-4690-81cf-da5ab79b92f7
2019-10-23 12:37:07,278 [grpc-default-executor-4] INFO  impl.RaftServerImpl (RaftServerImpl.java:setRole(184)) - 389d5540-641f-48c2-a9df-60738dbad976@group-AF49A4A4CA2A: changes role from  FOLLOWER to FOLLOWER at term 484 for recognizeCandidate:279bca68-3e74-4690-81cf-da5ab79b92f7
2019-10-23 12:37:07,278 [grpc-default-executor-4] INFO  impl.RoleInfo (RoleInfo.java:shutdownFollowerState(121)) - 389d5540-641f-48c2-a9df-60738dbad976: shutdown FollowerState
2019-10-23 12:37:07,278 [grpc-default-executor-3] INFO  impl.RoleInfo (RoleInfo.java:shutdownFollowerState(121)) - daebe4f8-0ad9-4eb2-8ed7-3a8051847eb6: shutdown FollowerState
2019-10-23 12:37:07,278 [Thread-3181] INFO  impl.FollowerState (FollowerState.java:run(117)) - 389d5540-641f-48c2-a9df-60738dbad976@group-AF49A4A4CA2A-FollowerState was interrupted: java.lang.InterruptedException: sleep interrupted
2019-10-23 12:37:07,278 [grpc-default-executor-4] INFO  impl.RoleInfo (RoleInfo.java:updateAndGet(143)) - 389d5540-641f-48c2-a9df-60738dbad976: start FollowerState
2019-10-23 12:37:07,278 [Thread-3180] INFO  impl.FollowerState (FollowerState.java:run(117)) - daebe4f8-0ad9-4eb2-8ed7-3a8051847eb6@group-AF49A4A4CA2A-FollowerState was interrupted: java.lang.InterruptedException: sleep interrupted
2019-10-23 12:37:07,278 [grpc-default-executor-3] INFO  impl.RoleInfo (RoleInfo.java:updateAndGet(143)) - daebe4f8-0ad9-4eb2-8ed7-3a8051847eb6: start FollowerState
2019-10-23 12:37:07,293 [279bca68-3e74-4690-81cf-da5ab79b92f7@group-AF49A4A4CA2A-LeaderElection442] INFO  impl.LeaderElection (LeaderElection.java:logAndReturn(56)) - 279bca68-3e74-4690-81cf-da5ab79b92f7@group-AF49A4A4CA2A-LeaderElection442: Election REJECTED; received 2 response(s) [279bca68-3e74-4690-81cf-da5ab79b92f7<-daebe4f8-0ad9-4eb2-8ed7-3a8051847eb6#0:FAIL-t484, 279bca68-3e74-4690-81cf-da5ab79b92f7<-389d5540-641f-48c2-a9df-60738dbad976#0:FAIL-t484] and 0 exception(s); 279bca68-3e74-4690-81cf-da5ab79b92f7@group-AF49A4A4CA2A:t484, leader=null, voted=279bca68-3e74-4690-81cf-da5ab79b92f7, raftlog=279bca68-3e74-4690-81cf-da5ab79b92f7@group-AF49A4A4CA2A-SegmentedRaftLog:OPENED:c-1,f-1,i0, conf=-1: [daebe4f8-0ad9-4eb2-8ed7-3a8051847eb6:192.168.69.118:44860, 389d5540-641f-48c2-a9df-60738dbad976:192.168.69.118:45712, 279bca68-3e74-4690-81cf-da5ab79b92f7:192.168.69.118:45510], old=null
2019-10-23 12:37:07,294 [279bca68-3e74-4690-81cf-da5ab79b92f7@group-AF49A4A4CA2A-LeaderElection442] INFO  impl.RaftServerImpl (RaftServerImpl.java:setRole(184)) - 279bca68-3e74-4690-81cf-da5ab79b92f7@group-AF49A4A4CA2A: changes role from CANDIDATE to FOLLOWER at term 484 for DISCOVERED_A_NEW_TERM
2019-10-23 12:37:07,294 [279bca68-3e74-4690-81cf-da5ab79b92f7@group-AF49A4A4CA2A-LeaderElection442] INFO  impl.RoleInfo (RoleInfo.java:shutdownLeaderElection(134)) - 279bca68-3e74-4690-81cf-da5ab79b92f7: shutdown LeaderElection
2019-10-23 12:37:07,294 [279bca68-3e74-4690-81cf-da5ab79b92f7@group-AF49A4A4CA2A-LeaderElection442] INFO  impl.RoleInfo (RoleInfo.java:updateAndGet(143)) - 279bca68-3e74-4690-81cf-da5ab79b92f7: start FollowerState
2019-10-23 12:37:07,409 [Thread-3188] INFO  impl.FollowerState (FollowerState.java:run(108)) - 279bca68-3e74-4690-81cf-da5ab79b92f7@group-AF49A4A4CA2A-FollowerState: change to CANDIDATE, lastRpcTime:115ms, electionTimeout:115ms
2019-10-23 12:37:07,409 [Thread-3188] INFO  impl.RoleInfo (RoleInfo.java:shutdownFollowerState(121)) - 279bca68-3e74-4690-81cf-da5ab79b92f7: shutdown FollowerState
2019-10-23 12:37:07,409 [Thread-3188] INFO  impl.RaftServerImpl (RaftServerImpl.java:setRole(184)) - 279bca68-3e74-4690-81cf-da5ab79b92f7@group-AF49A4A4CA2A: changes role from  FOLLOWER to CANDIDATE at term 484 for changeToCandidate
2019-10-23 12:37:07,409 [Thread-3188] INFO  impl.RoleInfo (RoleInfo.java:updateAndGet(143)) - 279bca68-3e74-4690-81cf-da5ab79b92f7: start LeaderElection
2019-10-23 12:37:07,423 [279bca68-3e74-4690-81cf-da5ab79b92f7@group-AF49A4A4CA2A-LeaderElection443] INFO  impl.LeaderElection (LeaderElection.java:askForVotes(178)) - 279bca68-3e74-4690-81cf-da5ab79b92f7@group-AF49A4A4CA2A-LeaderElection443: begin an election at term 485 for -1: [daebe4f8-0ad9-4eb2-8ed7-3a8051847eb6:192.168.69.118:44860, 389d5540-641f-48c2-a9df-60738dbad976:192.168.69.118:45712, 279bca68-3e74-4690-81cf-da5ab79b92f7:192.168.69.118:45510], old=null
2019-10-23 12:37:07,424 [grpc-default-executor-3] INFO  impl.RaftServerImpl (RaftServerImpl.java:setRole(184)) - daebe4f8-0ad9-4eb2-8ed7-3a8051847eb6@group-AF49A4A4CA2A: changes role from  FOLLOWER to FOLLOWER at term 485 for recognizeCandidate:279bca68-3e74-4690-81cf-da5ab79b92f7
2019-10-23 12:37:07,424 [grpc-default-executor-4] INFO  impl.RaftServerImpl (RaftServerImpl.java:setRole(184)) - 389d5540-641f-48c2-a9df-60738dbad976@group-AF49A4A4CA2A: changes role from  FOLLOWER to FOLLOWER at term 485 for recognizeCandidate:279bca68-3e74-4690-81cf-da5ab79b92f7
2019-10-23 12:37:07,425 [grpc-default-executor-4] INFO  impl.RoleInfo (RoleInfo.java:shutdownFollowerState(121)) - 389d5540-641f-48c2-a9df-60738dbad976: shutdown FollowerState
2019-10-23 12:37:07,424 [grpc-default-executor-3] INFO  impl.RoleInfo (RoleInfo.java:shutdownFollowerState(121)) - daebe4f8-0ad9-4eb2-8ed7-3a8051847eb6: shutdown FollowerState
2019-10-23 12:37:07,425 [Thread-3186] INFO  impl.FollowerState (FollowerState.java:run(117)) - 389d5540-641f-48c2-a9df-60738dbad976@group-AF49A4A4CA2A-FollowerState was interrupted: java.lang.InterruptedException: sleep interrupted
2019-10-23 12:37:07,425 [grpc-default-executor-4] INFO  impl.RoleInfo (RoleInfo.java:updateAndGet(143)) - 389d5540-641f-48c2-a9df-60738dbad976: start FollowerState
2019-10-23 12:37:07,425 [Thread-3187] INFO  impl.FollowerState (FollowerState.java:run(117)) - daebe4f8-0ad9-4eb2-8ed7-3a8051847eb6@group-AF49A4A4CA2A-FollowerState was interrupted: java.lang.InterruptedException: sleep interrupted
2019-10-23 12:37:07,425 [grpc-default-executor-3] INFO  impl.RoleInfo (RoleInfo.java:updateAndGet(143)) - daebe4f8-0ad9-4eb2-8ed7-3a8051847eb6: start FollowerState
2019-10-23 12:37:07,447 [279bca68-3e74-4690-81cf-da5ab79b92f7@group-AF49A4A4CA2A-LeaderElection443] INFO  impl.LeaderElection (LeaderElection.java:logAndReturn(56)) - 279bca68-3e74-4690-81cf-da5ab79b92f7@group-AF49A4A4CA2A-LeaderElection443: Election REJECTED; received 2 response(s) [279bca68-3e74-4690-81cf-da5ab79b92f7<-daebe4f8-0ad9-4eb2-8ed7-3a8051847eb6#0:FAIL-t485, 279bca68-3e74-4690-81cf-da5ab79b92f7<-389d5540-641f-48c2-a9df-60738dbad976#0:FAIL-t485] and 0 exception(s); 279bca68-3e74-4690-81cf-da5ab79b92f7@group-AF49A4A4CA2A:t485, leader=null, voted=279bca68-3e74-4690-81cf-da5ab79b92f7, raftlog=279bca68-3e74-4690-81cf-da5ab79b92f7@group-AF49A4A4CA2A-SegmentedRaftLog:OPENED:c-1,f-1,i0, conf=-1: [daebe4f8-0ad9-4eb2-8ed7-3a8051847eb6:192.168.69.118:44860, 389d5540-641f-48c2-a9df-60738dbad976:192.168.69.118:45712, 279bca68-3e74-4690-81cf-da5ab79b92f7:192.168.69.118:45510], old=null
2019-10-23 12:37:07,448 [279bca68-3e74-4690-81cf-da5ab79b92f7@group-AF49A4A4CA2A-LeaderElection443] INFO  impl.RaftServerImpl (RaftServerImpl.java:setRole(184)) - 279bca68-3e74-4690-81cf-da5ab79b92f7@group-AF49A4A4CA2A: changes role from CANDIDATE to FOLLOWER at term 485 for DISCOVERED_A_NEW_TERM
2019-10-23 12:37:07,448 [279bca68-3e74-4690-81cf-da5ab79b92f7@group-AF49A4A4CA2A-LeaderElection443] INFO  impl.RoleInfo (RoleInfo.java:shutdownLeaderElection(134)) - 279bca68-3e74-4690-81cf-da5ab79b92f7: shutdown LeaderElection
2019-10-23 12:37:07,448 [279bca68-3e74-4690-81cf-da5ab79b92f7@group-AF49A4A4CA2A-LeaderElection443] INFO  impl.RoleInfo (RoleInfo.java:updateAndGet(143)) - 279bca68-3e74-4690-81cf-da5ab79b92f7: start FollowerState
2019-10-23 12:37:07,562 [Thread-3194] INFO  impl.FollowerState (FollowerState.java:run(108)) - 279bca68-3e74-4690-81cf-da5ab79b92f7@group-AF49A4A4CA2A-FollowerState: change to CANDIDATE, lastRpcTime:114ms, electionTimeout:114ms
2019-10-23 12:37:07,562 [Thread-3194] INFO  impl.RoleInfo (RoleInfo.java:shutdownFollowerState(121)) - 279bca68-3e74-4690-81cf-da5ab79b92f7: shutdown FollowerState
2019-10-23 12:37:07,562 [Thread-3194] INFO  impl.RaftServerImpl (RaftServerImpl.java:setRole(184)) - 279bca68-3e74-4690-81cf-da5ab79b92f7@group-AF49A4A4CA2A: changes role from  FOLLOWER to CANDIDATE at term 485 for changeToCandidate
2019-10-23 12:37:07,562 [Thread-3194] INFO  impl.RoleInfo (RoleInfo.java:updateAndGet(143)) - 279bca68-3e74-4690-81cf-da5ab79b92f7: start LeaderElection
2019-10-23 12:37:07,588 [279bca68-3e74-4690-81cf-da5ab79b92f7@group-AF49A4A4CA2A-LeaderElection444] INFO  impl.LeaderElection (LeaderElection.java:askForVotes(178)) - 279bca68-3e74-4690-81cf-da5ab79b92f7@group-AF49A4A4CA2A-LeaderElection444: begin an election at term 486 for -1: [daebe4f8-0ad9-4eb2-8ed7-3a8051847eb6:192.168.69.118:44860, 389d5540-641f-48c2-a9df-60738dbad976:192.168.69.118:45712, 279bca68-3e74-4690-81cf-da5ab79b92f7:192.168.69.118:45510], old=null
2019-10-23 12:37:07,589 [grpc-default-executor-4] INFO  impl.RaftServerImpl (RaftServerImpl.java:setRole(184)) - daebe4f8-0ad9-4eb2-8ed7-3a8051847eb6@group-AF49A4A4CA2A: changes role from  FOLLOWER to FOLLOWER at term 486 for recognizeCandidate:279bca68-3e74-4690-81cf-da5ab79b92f7
2019-10-23 12:37:07,589 [grpc-default-executor-3] INFO  impl.RaftServerImpl (RaftServerImpl.java:setRole(184)) - 389d5540-641f-48c2-a9df-60738dbad976@group-AF49A4A4CA2A: changes role from  FOLLOWER to FOLLOWER at term 486 for recognizeCandidate:279bca68-3e74-4690-81cf-da5ab79b92f7
2019-10-23 12:37:07,589 [grpc-default-executor-4] INFO  impl.RoleInfo (RoleInfo.java:shutdownFollowerState(121)) - daebe4f8-0ad9-4eb2-8ed7-3a8051847eb6: shutdown FollowerState
2019-10-23 12:37:07,590 [grpc-default-executor-3] INFO  impl.RoleInfo (RoleInfo.java:shutdownFollowerState(121)) - 389d5540-641f-48c2-a9df-60738dbad976: shutdown FollowerState
2019-10-23 12:37:07,590 [grpc-default-executor-4] INFO  impl.RoleInfo (RoleInfo.java:updateAndGet(143)) - daebe4f8-0ad9-4eb2-8ed7-3a8051847eb6: start FollowerState
2019-10-23 12:37:07,590 [Thread-3193] INFO  impl.FollowerState (FollowerState.java:run(117)) - daebe4f8-0ad9-4eb2-8ed7-3a8051847eb6@group-AF49A4A4CA2A-FollowerState was interrupted: java.lang.InterruptedException: sleep interrupted
2019-10-23 12:37:07,590 [Thread-3192] INFO  impl.FollowerState (FollowerState.java:run(117)) - 389d5540-641f-48c2-a9df-60738dbad976@group-AF49A4A4CA2A-FollowerState was interrupted: java.lang.InterruptedException: sleep interrupted
2019-10-23 12:37:07,590 [grpc-default-executor-3] INFO  impl.RoleInfo (RoleInfo.java:updateAndGet(143)) - 389d5540-641f-48c2-a9df-60738dbad976: start FollowerState
2019-10-23 12:37:07,604 [279bca68-3e74-4690-81cf-da5ab79b92f7@group-AF49A4A4CA2A-LeaderElection444] INFO  impl.LeaderElection (LeaderElection.java:logAndReturn(56)) - 279bca68-3e74-4690-81cf-da5ab79b92f7@group-AF49A4A4CA2A-LeaderElection444: Election REJECTED; received 2 response(s) [279bca68-3e74-4690-81cf-da5ab79b92f7<-daebe4f8-0ad9-4eb2-8ed7-3a8051847eb6#0:FAIL-t486, 279bca68-3e74-4690-81cf-da5ab79b92f7<-389d5540-641f-48c2-a9df-60738dbad976#0:FAIL-t486] and 0 exception(s); 279bca68-3e74-4690-81cf-da5ab79b92f7@group-AF49A4A4CA2A:t486, leader=null, voted=279bca68-3e74-4690-81cf-da5ab79b92f7, raftlog=279bca68-3e74-4690-81cf-da5ab79b92f7@group-AF49A4A4CA2A-SegmentedRaftLog:OPENED:c-1,f-1,i0, conf=-1: [daebe4f8-0ad9-4eb2-8ed7-3a8051847eb6:192.168.69.118:44860, 389d5540-641f-48c2-a9df-60738dbad976:192.168.69.118:45712, 279bca68-3e74-4690-81cf-da5ab79b92f7:192.168.69.118:45510], old=null
2019-10-23 12:37:07,604 [279bca68-3e74-4690-81cf-da5ab79b92f7@group-AF49A4A4CA2A-LeaderElection444] INFO  impl.RaftServerImpl (RaftServerImpl.java:setRole(184)) - 279bca68-3e74-4690-81cf-da5ab79b92f7@group-AF49A4A4CA2A: changes role from CANDIDATE to FOLLOWER at term 486 for DISCOVERED_A_NEW_TERM
2019-10-23 12:37:07,604 [279bca68-3e74-4690-81cf-da5ab79b92f7@group-AF49A4A4CA2A-LeaderElection444] INFO  impl.RoleInfo (RoleInfo.java:shutdownLeaderElection(134)) - 279bca68-3e74-4690-81cf-da5ab79b92f7: shutdown LeaderElection
2019-10-23 12:37:07,604 [279bca68-3e74-4690-81cf-da5ab79b92f7@group-AF49A4A4CA2A-LeaderElection444] INFO  impl.RoleInfo (RoleInfo.java:updateAndGet(143)) - 279bca68-3e74-4690-81cf-da5ab79b92f7: start FollowerState
2019-10-23 12:37:07,624 [Thread-3200] INFO  impl.FollowerState (FollowerState.java:run(108)) - 279bca68-3e74-4690-81cf-da5ab79b92f7@group-AF49A4A4CA2A-FollowerState: change to CANDIDATE, lastRpcTime:19ms, electionTimeout:19ms
2019-10-23 12:37:07,624 [Thread-3200] INFO  impl.RoleInfo (RoleInfo.java:shutdownFollowerState(121)) - 279bca68-3e74-4690-81cf-da5ab79b92f7: shutdown FollowerState
2019-10-23 12:37:07,624 [Thread-3200] INFO  impl.RaftServerImpl (RaftServerImpl.java:setRole(184)) - 279bca68-3e74-4690-81cf-da5ab79b92f7@group-AF49A4A4CA2A: changes role from  FOLLOWER to CANDIDATE at term 486 for changeToCandidate
2019-10-23 12:37:07,624 [Thread-3200] INFO  impl.RoleInfo (RoleInfo.java:updateAndGet(143)) - 279bca68-3e74-4690-81cf-da5ab79b92f7: start LeaderElection
2019-10-23 12:37:07,639 [279bca68-3e74-4690-81cf-da5ab79b92f7@group-AF49A4A4CA2A-LeaderElection445] INFO  impl.LeaderElection (LeaderElection.java:askForVotes(178)) - 279bca68-3e74-4690-81cf-da5ab79b92f7@group-AF49A4A4CA2A-LeaderElection445: begin an election at term 487 for -1: [daebe4f8-0ad9-4eb2-8ed7-3a8051847eb6:192.168.69.118:44860, 389d5540-641f-48c2-a9df-60738dbad976:192.168.69.118:45712, 279bca68-3e74-4690-81cf-da5ab79b92f7:192.168.69.118:45510], old=null
2019-10-23 12:37:07,640 [grpc-default-executor-3] INFO  impl.RaftServerImpl (RaftServerImpl.java:setRole(184)) - daebe4f8-0ad9-4eb2-8ed7-3a8051847eb6@group-AF49A4A4CA2A: changes role from  FOLLOWER to FOLLOWER at term 487 for recognizeCandidate:279bca68-3e74-4690-81cf-da5ab79b92f7
2019-10-23 12:37:07,640 [grpc-default-executor-3] INFO  impl.RoleInfo (RoleInfo.java:shutdownFollowerState(121)) - daebe4f8-0ad9-4eb2-8ed7-3a8051847eb6: shutdown FollowerState
2019-10-23 12:37:07,640 [grpc-default-executor-4] INFO  impl.RaftServerImpl (RaftServerImpl.java:setRole(184)) - 389d5540-641f-48c2-a9df-60738dbad976@group-AF49A4A4CA2A: changes role from  FOLLOWER to FOLLOWER at term 487 for recognizeCandidate:279bca68-3e74-4690-81cf-da5ab79b92f7
2019-10-23 12:37:07,640 [grpc-default-executor-4] INFO  impl.RoleInfo (RoleInfo.java:shutdownFollowerState(121)) - 389d5540-641f-48c2-a9df-60738dbad976: shutdown FollowerState
2019-10-23 12:37:07,640 [grpc-default-executor-3] INFO  impl.RoleInfo (RoleInfo.java:updateAndGet(143)) - daebe4f8-0ad9-4eb2-8ed7-3a8051847eb6: start FollowerState
2019-10-23 12:37:07,640 [Thread-3198] INFO  impl.FollowerState (FollowerState.java:run(117)) - daebe4f8-0ad9-4eb2-8ed7-3a8051847eb6@group-AF49A4A4CA2A-FollowerState was interrupted: java.lang.InterruptedException: sleep interrupted
2019-10-23 12:37:07,641 [Thread-3199] INFO  impl.FollowerState (FollowerState.java:run(117)) - 389d5540-641f-48c2-a9df-60738dbad976@group-AF49A4A4CA2A-FollowerState was interrupted: java.lang.InterruptedException: sleep interrupted
2019-10-23 12:37:07,641 [grpc-default-executor-4] INFO  impl.RoleInfo (RoleInfo.java:updateAndGet(143)) - 389d5540-641f-48c2-a9df-60738dbad976: start FollowerState
2019-10-23 12:37:07,654 [279bca68-3e74-4690-81cf-da5ab79b92f7@group-AF49A4A4CA2A-LeaderElection445] INFO  impl.LeaderElection (LeaderElection.java:logAndReturn(56)) - 279bca68-3e74-4690-81cf-da5ab79b92f7@group-AF49A4A4CA2A-LeaderElection445: Election REJECTED; received 2 response(s) [279bca68-3e74-4690-81cf-da5ab79b92f7<-daebe4f8-0ad9-4eb2-8ed7-3a8051847eb6#0:FAIL-t487, 279bca68-3e74-4690-81cf-da5ab79b92f7<-389d5540-641f-48c2-a9df-60738dbad976#0:FAIL-t487] and 0 exception(s); 279bca68-3e74-4690-81cf-da5ab79b92f7@group-AF49A4A4CA2A:t487, leader=null, voted=279bca68-3e74-4690-81cf-da5ab79b92f7, raftlog=279bca68-3e74-4690-81cf-da5ab79b92f7@group-AF49A4A4CA2A-SegmentedRaftLog:OPENED:c-1,f-1,i0, conf=-1: [daebe4f8-0ad9-4eb2-8ed7-3a8051847eb6:192.168.69.118:44860, 389d5540-641f-48c2-a9df-60738dbad976:192.168.69.118:45712, 279bca68-3e74-4690-81cf-da5ab79b92f7:192.168.69.118:45510], old=null
2019-10-23 12:37:07,654 [279bca68-3e74-4690-81cf-da5ab79b92f7@group-AF49A4A4CA2A-LeaderElection445] INFO  impl.RaftServerImpl (RaftServerImpl.java:setRole(184)) - 279bca68-3e74-4690-81cf-da5ab79b92f7@group-AF49A4A4CA2A: changes role from CANDIDATE to FOLLOWER at term 487 for DISCOVERED_A_NEW_TERM
2019-10-23 12:37:07,654 [279bca68-3e74-4690-81cf-da5ab79b92f7@group-AF49A4A4CA2A-LeaderElection445] INFO  impl.RoleInfo (RoleInfo.java:shutdownLeaderElection(134)) - 279bca68-3e74-4690-81cf-da5ab79b92f7: shutdown LeaderElection
2019-10-23 12:37:07,655 [279bca68-3e74-4690-81cf-da5ab79b92f7@group-AF49A4A4CA2A-LeaderElection445] INFO  impl.RoleInfo (RoleInfo.java:updateAndGet(143)) - 279bca68-3e74-4690-81cf-da5ab79b92f7: start FollowerState
2019-10-23 12:37:07,666 [Thread-3206] INFO  impl.FollowerState (FollowerState.java:run(108)) - 279bca68-3e74-4690-81cf-da5ab79b92f7@group-AF49A4A4CA2A-FollowerState: change to CANDIDATE, lastRpcTime:11ms, electionTimeout:11ms
2019-10-23 12:37:07,666 [Thread-3206] INFO  impl.RoleInfo (RoleInfo.java:shutdownFollowerState(121)) - 279bca68-3e74-4690-81cf-da5ab79b92f7: shutdown FollowerState
2019-10-23 12:37:07,666 [Thread-3206] INFO  impl.RaftServerImpl (RaftServerImpl.java:setRole(184)) - 279bca68-3e74-4690-81cf-da5ab79b92f7@group-AF49A4A4CA2A: changes role from  FOLLOWER to CANDIDATE at term 487 for changeToCandidate
2019-10-23 12:37:07,666 [Thread-3206] INFO  impl.RoleInfo (RoleInfo.java:updateAndGet(143)) - 279bca68-3e74-4690-81cf-da5ab79b92f7: start LeaderElection
2019-10-23 12:37:07,681 [279bca68-3e74-4690-81cf-da5ab79b92f7@group-AF49A4A4CA2A-LeaderElection446] INFO  impl.LeaderElection (LeaderElection.java:askForVotes(178)) - 279bca68-3e74-4690-81cf-da5ab79b92f7@group-AF49A4A4CA2A-LeaderElection446: begin an election at term 488 for -1: [daebe4f8-0ad9-4eb2-8ed7-3a8051847eb6:192.168.69.118:44860, 389d5540-641f-48c2-a9df-60738dbad976:192.168.69.118:45712, 279bca68-3e74-4690-81cf-da5ab79b92f7:192.168.69.118:45510], old=null
2019-10-23 12:37:07,682 [grpc-default-executor-3] INFO  impl.RaftServerImpl (RaftServerImpl.java:setRole(184)) - daebe4f8-0ad9-4eb2-8ed7-3a8051847eb6@group-AF49A4A4CA2A: changes role from  FOLLOWER to FOLLOWER at term 488 for recognizeCandidate:279bca68-3e74-4690-81cf-da5ab79b92f7
2019-10-23 12:37:07,682 [grpc-default-executor-3] INFO  impl.RoleInfo (RoleInfo.java:shutdownFollowerState(121)) - daebe4f8-0ad9-4eb2-8ed7-3a8051847eb6: shutdown FollowerState
2019-10-23 12:37:07,682 [grpc-default-executor-4] INFO  impl.RaftServerImpl (RaftServerImpl.java:setRole(184)) - 389d5540-641f-48c2-a9df-60738dbad976@group-AF49A4A4CA2A: changes role from  FOLLOWER to FOLLOWER at term 488 for recognizeCandidate:279bca68-3e74-4690-81cf-da5ab79b92f7
2019-10-23 12:37:07,682 [grpc-default-executor-4] INFO  impl.RoleInfo (RoleInfo.java:shutdownFollowerState(121)) - 389d5540-641f-48c2-a9df-60738dbad976: shutdown FollowerState
2019-10-23 12:37:07,682 [grpc-default-executor-3] INFO  impl.RoleInfo (RoleInfo.java:updateAndGet(143)) - daebe4f8-0ad9-4eb2-8ed7-3a8051847eb6: start FollowerState
2019-10-23 12:37:07,683 [grpc-default-executor-4] INFO  impl.RoleInfo (RoleInfo.java:updateAndGet(143)) - 389d5540-641f-48c2-a9df-60738dbad976: start FollowerState
2019-10-23 12:37:07,683 [Thread-3205] INFO  impl.FollowerState (FollowerState.java:run(117)) - 389d5540-641f-48c2-a9df-60738dbad976@group-AF49A4A4CA2A-FollowerState was interrupted: java.lang.InterruptedException: sleep interrupted
2019-10-23 12:37:07,682 [Thread-3204] INFO  impl.FollowerState (FollowerState.java:run(117)) - daebe4f8-0ad9-4eb2-8ed7-3a8051847eb6@group-AF49A4A4CA2A-FollowerState was interrupted: java.lang.InterruptedException: sleep interrupted
2019-10-23 12:37:07,709 [279bca68-3e74-4690-81cf-da5ab79b92f7@group-AF49A4A4CA2A-LeaderElection446] INFO  impl.LeaderElection (LeaderElection.java:logAndReturn(56)) - 279bca68-3e74-4690-81cf-da5ab79b92f7@group-AF49A4A4CA2A-LeaderElection446: Election REJECTED; received 2 response(s) [279bca68-3e74-4690-81cf-da5ab79b92f7<-daebe4f8-0ad9-4eb2-8ed7-3a8051847eb6#0:FAIL-t488, 279bca68-3e74-4690-81cf-da5ab79b92f7<-389d5540-641f-48c2-a9df-60738dbad976#0:FAIL-t488] and 0 exception(s); 279bca68-3e74-4690-81cf-da5ab79b92f7@group-AF49A4A4CA2A:t488, leader=null, voted=279bca68-3e74-4690-81cf-da5ab79b92f7, raftlog=279bca68-3e74-4690-81cf-da5ab79b92f7@group-AF49A4A4CA2A-SegmentedRaftLog:OPENED:c-1,f-1,i0, conf=-1: [daebe4f8-0ad9-4eb2-8ed7-3a8051847eb6:192.168.69.118:44860, 389d5540-641f-48c2-a9df-60738dbad976:192.168.69.118:45712, 279bca68-3e74-4690-81cf-da5ab79b92f7:192.168.69.118:45510], old=null
2019-10-23 12:37:07,709 [279bca68-3e74-4690-81cf-da5ab79b92f7@group-AF49A4A4CA2A-LeaderElection446] INFO  impl.RaftServerImpl (RaftServerImpl.java:setRole(184)) - 279bca68-3e74-4690-81cf-da5ab79b92f7@group-AF49A4A4CA2A: changes role from CANDIDATE to FOLLOWER at term 488 for DISCOVERED_A_NEW_TERM
2019-10-23 12:37:07,709 [279bca68-3e74-4690-81cf-da5ab79b92f7@group-AF49A4A4CA2A-LeaderElection446] INFO  impl.RoleInfo (RoleInfo.java:shutdownLeaderElection(134)) - 279bca68-3e74-4690-81cf-da5ab79b92f7: shutdown LeaderElection
2019-10-23 12:37:07,709 [279bca68-3e74-4690-81cf-da5ab79b92f7@group-AF49A4A4CA2A-LeaderElection446] INFO  impl.RoleInfo (RoleInfo.java:updateAndGet(143)) - 279bca68-3e74-4690-81cf-da5ab79b92f7: start FollowerState
2019-10-23 12:37:07,854 [Thread-3212] INFO  impl.FollowerState (FollowerState.java:run(108)) - 279bca68-3e74-4690-81cf-da5ab79b92f7@group-AF49A4A4CA2A-FollowerState: change to CANDIDATE, lastRpcTime:145ms, electionTimeout:145ms
2019-10-23 12:37:07,854 [Thread-3212] INFO  impl.RoleInfo (RoleInfo.java:shutdownFollowerState(121)) - 279bca68-3e74-4690-81cf-da5ab79b92f7: shutdown FollowerState
2019-10-23 12:37:07,855 [Thread-3212] INFO  impl.RaftServerImpl (RaftServerImpl.java:setRole(184)) - 279bca68-3e74-4690-81cf-da5ab79b92f7@group-AF49A4A4CA2A: changes role from  FOLLOWER to CANDIDATE at term 488 for changeToCandidate
2019-10-23 12:37:07,855 [Thread-3212] INFO  impl.RoleInfo (RoleInfo.java:updateAndGet(143)) - 279bca68-3e74-4690-81cf-da5ab79b92f7: start LeaderElection
2019-10-23 12:37:07,870 [279bca68-3e74-4690-81cf-da5ab79b92f7@group-AF49A4A4CA2A-LeaderElection447] INFO  impl.LeaderElection (LeaderElection.java:askForVotes(178)) - 279bca68-3e74-4690-81cf-da5ab79b92f7@group-AF49A4A4CA2A-LeaderElection447: begin an election at term 489 for -1: [daebe4f8-0ad9-4eb2-8ed7-3a8051847eb6:192.168.69.118:44860, 389d5540-641f-48c2-a9df-60738dbad976:192.168.69.118:45712, 279bca68-3e74-4690-81cf-da5ab79b92f7:192.168.69.118:45510], old=null
2019-10-23 12:37:07,872 [grpc-default-executor-4] INFO  impl.RaftServerImpl (RaftServerImpl.java:setRole(184)) - daebe4f8-0ad9-4eb2-8ed7-3a8051847eb6@group-AF49A4A4CA2A: changes role from  FOLLOWER to FOLLOWER at term 489 for recognizeCandidate:279bca68-3e74-4690-81cf-da5ab79b92f7
2019-10-23 12:37:07,872 [grpc-default-executor-4] INFO  impl.RoleInfo (RoleInfo.java:shutdownFollowerState(121)) - daebe4f8-0ad9-4eb2-8ed7-3a8051847eb6: shutdown FollowerState
2019-10-23 12:37:07,872 [grpc-default-executor-3] INFO  impl.RaftServerImpl (RaftServerImpl.java:setRole(184)) - 389d5540-641f-48c2-a9df-60738dbad976@group-AF49A4A4CA2A: changes role from  FOLLOWER to FOLLOWER at term 489 for recognizeCandidate:279bca68-3e74-4690-81cf-da5ab79b92f7
2019-10-23 12:37:07,872 [Thread-3210] INFO  impl.FollowerState (FollowerState.java:run(117)) - daebe4f8-0ad9-4eb2-8ed7-3a8051847eb6@group-AF49A4A4CA2A-FollowerState was interrupted: java.lang.InterruptedException: sleep interrupted
2019-10-23 12:37:07,872 [grpc-default-executor-4] INFO  impl.RoleInfo (RoleInfo.java:updateAndGet(143)) - daebe4f8-0ad9-4eb2-8ed7-3a8051847eb6: start FollowerState
2019-10-23 12:37:07,872 [grpc-default-executor-3] INFO  impl.RoleInfo (RoleInfo.java:shutdownFollowerState(121)) - 389d5540-641f-48c2-a9df-60738dbad976: shutdown FollowerState
2019-10-23 12:37:07,872 [grpc-default-executor-3] INFO  impl.RoleInfo (RoleInfo.java:updateAndGet(143)) - 389d5540-641f-48c2-a9df-60738dbad976: start FollowerState
2019-10-23 12:37:07,872 [Thread-3211] INFO  impl.FollowerState (FollowerState.java:run(117)) - 389d5540-641f-48c2-a9df-60738dbad976@group-AF49A4A4CA2A-FollowerState was interrupted: java.lang.InterruptedException: sleep interrupted
2019-10-23 12:37:07,887 [279bca68-3e74-4690-81cf-da5ab79b92f7@group-AF49A4A4CA2A-LeaderElection447] INFO  impl.LeaderElection (LeaderElection.java:logAndReturn(56)) - 279bca68-3e74-4690-81cf-da5ab79b92f7@group-AF49A4A4CA2A-LeaderElection447: Election REJECTED; received 2 response(s) [279bca68-3e74-4690-81cf-da5ab79b92f7<-daebe4f8-0ad9-4eb2-8ed7-3a8051847eb6#0:FAIL-t489, 279bca68-3e74-4690-81cf-da5ab79b92f7<-389d5540-641f-48c2-a9df-60738dbad976#0:FAIL-t489] and 0 exception(s); 279bca68-3e74-4690-81cf-da5ab79b92f7@group-AF49A4A4CA2A:t489, leader=null, voted=279bca68-3e74-4690-81cf-da5ab79b92f7, raftlog=279bca68-3e74-4690-81cf-da5ab79b92f7@group-AF49A4A4CA2A-SegmentedRaftLog:OPENED:c-1,f-1,i0, conf=-1: [daebe4f8-0ad9-4eb2-8ed7-3a8051847eb6:192.168.69.118:44860, 389d5540-641f-48c2-a9df-60738dbad976:192.168.69.118:45712, 279bca68-3e74-4690-81cf-da5ab79b92f7:192.168.69.118:45510], old=null
2019-10-23 12:37:07,887 [279bca68-3e74-4690-81cf-da5ab79b92f7@group-AF49A4A4CA2A-LeaderElection447] INFO  impl.RaftServerImpl (RaftServerImpl.java:setRole(184)) - 279bca68-3e74-4690-81cf-da5ab79b92f7@group-AF49A4A4CA2A: changes role from CANDIDATE to FOLLOWER at term 489 for DISCOVERED_A_NEW_TERM
2019-10-23 12:37:07,887 [279bca68-3e74-4690-81cf-da5ab79b92f7@group-AF49A4A4CA2A-LeaderElection447] INFO  impl.RoleInfo (RoleInfo.java:shutdownLeaderElection(134)) - 279bca68-3e74-4690-81cf-da5ab79b92f7: shutdown LeaderElection
2019-10-23 12:37:07,887 [279bca68-3e74-4690-81cf-da5ab79b92f7@group-AF49A4A4CA2A-LeaderElection447] INFO  impl.RoleInfo (RoleInfo.java:updateAndGet(143)) - 279bca68-3e74-4690-81cf-da5ab79b92f7: start FollowerState
2019-10-23 12:37:08,010 [Thread-3220] INFO  impl.FollowerState (FollowerState.java:run(108)) - 279bca68-3e74-4690-81cf-da5ab79b92f7@group-AF49A4A4CA2A-FollowerState: change to CANDIDATE, lastRpcTime:122ms, electionTimeout:122ms
2019-10-23 12:37:08,010 [Thread-3220] INFO  impl.RoleInfo (RoleInfo.java:shutdownFollowerState(121)) - 279bca68-3e74-4690-81cf-da5ab79b92f7: shutdown FollowerState
2019-10-23 12:37:08,010 [Thread-3220] INFO  impl.RaftServerImpl (RaftServerImpl.java:setRole(184)) - 279bca68-3e74-4690-81cf-da5ab79b92f7@group-AF49A4A4CA2A: changes role from  FOLLOWER to CANDIDATE at term 489 for changeToCandidate
2019-10-23 12:37:08,010 [Thread-3220] INFO  impl.RoleInfo (RoleInfo.java:updateAndGet(143)) - 279bca68-3e74-4690-81cf-da5ab79b92f7: start LeaderElection
2019-10-23 12:37:08,024 [279bca68-3e74-4690-81cf-da5ab79b92f7@group-AF49A4A4CA2A-LeaderElection448] INFO  impl.LeaderElection (LeaderElection.java:askForVotes(178)) - 279bca68-3e74-4690-81cf-da5ab79b92f7@group-AF49A4A4CA2A-LeaderElection448: begin an election at term 490 for -1: [daebe4f8-0ad9-4eb2-8ed7-3a8051847eb6:192.168.69.118:44860, 389d5540-641f-48c2-a9df-60738dbad976:192.168.69.118:45712, 279bca68-3e74-4690-81cf-da5ab79b92f7:192.168.69.118:45510], old=null
2019-10-23 12:37:08,025 [grpc-default-executor-3] INFO  impl.RaftServerImpl (RaftServerImpl.java:setRole(184)) - daebe4f8-0ad9-4eb2-8ed7-3a8051847eb6@group-AF49A4A4CA2A: changes role from  FOLLOWER to FOLLOWER at term 490 for recognizeCandidate:279bca68-3e74-4690-81cf-da5ab79b92f7
2019-10-23 12:37:08,025 [grpc-default-executor-4] INFO  impl.RaftServerImpl (RaftServerImpl.java:setRole(184)) - 389d5540-641f-48c2-a9df-60738dbad976@group-AF49A4A4CA2A: changes role from  FOLLOWER to FOLLOWER at term 490 for recognizeCandidate:279bca68-3e74-4690-81cf-da5ab79b92f7
2019-10-23 12:37:08,025 [grpc-default-executor-4] INFO  impl.RoleInfo (RoleInfo.java:shutdownFollowerState(121)) - 389d5540-641f-48c2-a9df-60738dbad976: shutdown FollowerState
2019-10-23 12:37:08,025 [grpc-default-executor-3] INFO  impl.RoleInfo (RoleInfo.java:shutdownFollowerState(121)) - daebe4f8-0ad9-4eb2-8ed7-3a8051847eb6: shutdown FollowerState
2019-10-23 12:37:08,025 [Thread-3219] INFO  impl.FollowerState (FollowerState.java:run(117)) - 389d5540-641f-48c2-a9df-60738dbad976@group-AF49A4A4CA2A-FollowerState was interrupted: java.lang.InterruptedException: sleep interrupted
2019-10-23 12:37:08,025 [grpc-default-executor-4] INFO  impl.RoleInfo (RoleInfo.java:updateAndGet(143)) - 389d5540-641f-48c2-a9df-60738dbad976: start FollowerState
2019-10-23 12:37:08,026 [Thread-3218] INFO  impl.FollowerState (FollowerState.java:run(117)) - daebe4f8-0ad9-4eb2-8ed7-3a8051847eb6@group-AF49A4A4CA2A-FollowerState was interrupted: java.lang.InterruptedException: sleep interrupted
2019-10-23 12:37:08,026 [grpc-default-executor-3] INFO  impl.RoleInfo (RoleInfo.java:updateAndGet(143)) - daebe4f8-0ad9-4eb2-8ed7-3a8051847eb6: start FollowerState
2019-10-23 12:37:08,040 [279bca68-3e74-4690-81cf-da5ab79b92f7@group-AF49A4A4CA2A-LeaderElection448] INFO  impl.LeaderElection (LeaderElection.java:logAndReturn(56)) - 279bca68-3e74-4690-81cf-da5ab79b92f7@group-AF49A4A4CA2A-LeaderElection448: Election REJECTED; received 2 response(s) [279bca68-3e74-4690-81cf-da5ab79b92f7<-daebe4f8-0ad9-4eb2-8ed7-3a8051847eb6#0:FAIL-t490, 279bca68-3e74-4690-81cf-da5ab79b92f7<-389d5540-641f-48c2-a9df-60738dbad976#0:FAIL-t490] and 0 exception(s); 279bca68-3e74-4690-81cf-da5ab79b92f7@group-AF49A4A4CA2A:t490, leader=null, voted=279bca68-3e74-4690-81cf-da5ab79b92f7, raftlog=279bca68-3e74-4690-81cf-da5ab79b92f7@group-AF49A4A4CA2A-SegmentedRaftLog:OPENED:c-1,f-1,i0, conf=-1: [daebe4f8-0ad9-4eb2-8ed7-3a8051847eb6:192.168.69.118:44860, 389d5540-641f-48c2-a9df-60738dbad976:192.168.69.118:45712, 279bca68-3e74-4690-81cf-da5ab79b92f7:192.168.69.118:45510], old=null
2019-10-23 12:37:08,041 [279bca68-3e74-4690-81cf-da5ab79b92f7@group-AF49A4A4CA2A-LeaderElection448] INFO  impl.RaftServerImpl (RaftServerImpl.java:setRole(184)) - 279bca68-3e74-4690-81cf-da5ab79b92f7@group-AF49A4A4CA2A: changes role from CANDIDATE to FOLLOWER at term 490 for DISCOVERED_A_NEW_TERM
2019-10-23 12:37:08,041 [279bca68-3e74-4690-81cf-da5ab79b92f7@group-AF49A4A4CA2A-LeaderElection448] INFO  impl.RoleInfo (RoleInfo.java:shutdownLeaderElection(134)) - 279bca68-3e74-4690-81cf-da5ab79b92f7: shutdown LeaderElection
2019-10-23 12:37:08,041 [279bca68-3e74-4690-81cf-da5ab79b92f7@group-AF49A4A4CA2A-LeaderElection448] INFO  impl.RoleInfo (RoleInfo.java:updateAndGet(143)) - 279bca68-3e74-4690-81cf-da5ab79b92f7: start FollowerState
2019-10-23 12:37:08,168 [Thread-3226] INFO  impl.FollowerState (FollowerState.java:run(108)) - 279bca68-3e74-4690-81cf-da5ab79b92f7@group-AF49A4A4CA2A-FollowerState: change to CANDIDATE, lastRpcTime:127ms, electionTimeout:127ms
2019-10-23 12:37:08,168 [Thread-3226] INFO  impl.RoleInfo (RoleInfo.java:shutdownFollowerState(121)) - 279bca68-3e74-4690-81cf-da5ab79b92f7: shutdown FollowerState
2019-10-23 12:37:08,168 [Thread-3226] INFO  impl.RaftServerImpl (RaftServerImpl.java:setRole(184)) - 279bca68-3e74-4690-81cf-da5ab79b92f7@group-AF49A4A4CA2A: changes role from  FOLLOWER to CANDIDATE at term 490 for changeToCandidate
2019-10-23 12:37:08,168 [Thread-3226] INFO  impl.RoleInfo (RoleInfo.java:updateAndGet(143)) - 279bca68-3e74-4690-81cf-da5ab79b92f7: start LeaderElection
2019-10-23 12:37:08,194 [279bca68-3e74-4690-81cf-da5ab79b92f7@group-AF49A4A4CA2A-LeaderElection449] INFO  impl.LeaderElection (LeaderElection.java:askForVotes(178)) - 279bca68-3e74-4690-81cf-da5ab79b92f7@group-AF49A4A4CA2A-LeaderElection449: begin an election at term 491 for -1: [daebe4f8-0ad9-4eb2-8ed7-3a8051847eb6:192.168.69.118:44860, 389d5540-641f-48c2-a9df-60738dbad976:192.168.69.118:45712, 279bca68-3e74-4690-81cf-da5ab79b92f7:192.168.69.118:45510], old=null
2019-10-23 12:37:08,196 [grpc-default-executor-4] INFO  impl.RaftServerImpl (RaftServerImpl.java:setRole(184)) - daebe4f8-0ad9-4eb2-8ed7-3a8051847eb6@group-AF49A4A4CA2A: changes role from  FOLLOWER to FOLLOWER at term 491 for recognizeCandidate:279bca68-3e74-4690-81cf-da5ab79b92f7
2019-10-23 12:37:08,196 [grpc-default-executor-4] INFO  impl.RoleInfo (RoleInfo.java:shutdownFollowerState(121)) - daebe4f8-0ad9-4eb2-8ed7-3a8051847eb6: shutdown FollowerState
2019-10-23 12:37:08,196 [grpc-default-executor-4] INFO  impl.RoleInfo (RoleInfo.java:updateAndGet(143)) - daebe4f8-0ad9-4eb2-8ed7-3a8051847eb6: start FollowerState
2019-10-23 12:37:08,196 [grpc-default-executor-3] INFO  impl.RaftServerImpl (RaftServerImpl.java:setRole(184)) - 389d5540-641f-48c2-a9df-60738dbad976@group-AF49A4A4CA2A: changes role from  FOLLOWER to FOLLOWER at term 491 for recognizeCandidate:279bca68-3e74-4690-81cf-da5ab79b92f7
2019-10-23 12:37:08,196 [grpc-default-executor-3] INFO  impl.RoleInfo (RoleInfo.java:shutdownFollowerState(121)) - 389d5540-641f-48c2-a9df-60738dbad976: shutdown FollowerState
2019-10-23 12:37:08,196 [Thread-3225] INFO  impl.FollowerState (FollowerState.java:run(117)) - daebe4f8-0ad9-4eb2-8ed7-3a8051847eb6@group-AF49A4A4CA2A-FollowerState was interrupted: java.lang.InterruptedException: sleep interrupted
2019-10-23 12:37:08,197 [Thread-3224] INFO  impl.FollowerState (FollowerState.java:run(117)) - 389d5540-641f-48c2-a9df-60738dbad976@group-AF49A4A4CA2A-FollowerState was interrupted: java.lang.InterruptedException: sleep interrupted
2019-10-23 12:37:08,196 [grpc-default-executor-3] INFO  impl.RoleInfo (RoleInfo.java:updateAndGet(143)) - 389d5540-641f-48c2-a9df-60738dbad976: start FollowerState
2019-10-23 12:37:08,204 [Thread-288] INFO  ipc.Client (Client.java:handleConnectionFailure(948)) - Retrying connect to server: localhost/127.0.0.1:40722. Already tried 1 time(s); retry policy is RetryUpToMaximumCountWithFixedSleep(maxRetries=10, sleepTime=1000 MILLISECONDS)
2019-10-23 12:37:08,212 [279bca68-3e74-4690-81cf-da5ab79b92f7@group-AF49A4A4CA2A-LeaderElection449] INFO  impl.LeaderElection (LeaderElection.java:logAndReturn(56)) - 279bca68-3e74-4690-81cf-da5ab79b92f7@group-AF49A4A4CA2A-LeaderElection449: Election REJECTED; received 2 response(s) [279bca68-3e74-4690-81cf-da5ab79b92f7<-daebe4f8-0ad9-4eb2-8ed7-3a8051847eb6#0:FAIL-t491, 279bca68-3e74-4690-81cf-da5ab79b92f7<-389d5540-641f-48c2-a9df-60738dbad976#0:FAIL-t491] and 0 exception(s); 279bca68-3e74-4690-81cf-da5ab79b92f7@group-AF49A4A4CA2A:t491, leader=null, voted=279bca68-3e74-4690-81cf-da5ab79b92f7, raftlog=279bca68-3e74-4690-81cf-da5ab79b92f7@group-AF49A4A4CA2A-SegmentedRaftLog:OPENED:c-1,f-1,i0, conf=-1: [daebe4f8-0ad9-4eb2-8ed7-3a8051847eb6:192.168.69.118:44860, 389d5540-641f-48c2-a9df-60738dbad976:192.168.69.118:45712, 279bca68-3e74-4690-81cf-da5ab79b92f7:192.168.69.118:45510], old=null
2019-10-23 12:37:08,212 [279bca68-3e74-4690-81cf-da5ab79b92f7@group-AF49A4A4CA2A-LeaderElection449] INFO  impl.RaftServerImpl (RaftServerImpl.java:setRole(184)) - 279bca68-3e74-4690-81cf-da5ab79b92f7@group-AF49A4A4CA2A: changes role from CANDIDATE to FOLLOWER at term 491 for DISCOVERED_A_NEW_TERM
2019-10-23 12:37:08,212 [279bca68-3e74-4690-81cf-da5ab79b92f7@group-AF49A4A4CA2A-LeaderElection449] INFO  impl.RoleInfo (RoleInfo.java:shutdownLeaderElection(134)) - 279bca68-3e74-4690-81cf-da5ab79b92f7: shutdown LeaderElection
2019-10-23 12:37:08,212 [279bca68-3e74-4690-81cf-da5ab79b92f7@group-AF49A4A4CA2A-LeaderElection449] INFO  impl.RoleInfo (RoleInfo.java:updateAndGet(143)) - 279bca68-3e74-4690-81cf-da5ab79b92f7: start FollowerState
2019-10-23 12:37:08,236 [Thread-3232] INFO  impl.FollowerState (FollowerState.java:run(108)) - 279bca68-3e74-4690-81cf-da5ab79b92f7@group-AF49A4A4CA2A-FollowerState: change to CANDIDATE, lastRpcTime:23ms, electionTimeout:23ms
2019-10-23 12:37:08,236 [Thread-3232] INFO  impl.RoleInfo (RoleInfo.java:shutdownFollowerState(121)) - 279bca68-3e74-4690-81cf-da5ab79b92f7: shutdown FollowerState
2019-10-23 12:37:08,236 [Thread-3232] INFO  impl.RaftServerImpl (RaftServerImpl.java:setRole(184)) - 279bca68-3e74-4690-81cf-da5ab79b92f7@group-AF49A4A4CA2A: changes role from  FOLLOWER to CANDIDATE at term 491 for changeToCandidate
2019-10-23 12:37:08,236 [Thread-3232] INFO  impl.RoleInfo (RoleInfo.java:updateAndGet(143)) - 279bca68-3e74-4690-81cf-da5ab79b92f7: start LeaderElection
2019-10-23 12:37:08,249 [279bca68-3e74-4690-81cf-da5ab79b92f7@group-AF49A4A4CA2A-LeaderElection450] INFO  impl.LeaderElection (LeaderElection.java:askForVotes(178)) - 279bca68-3e74-4690-81cf-da5ab79b92f7@group-AF49A4A4CA2A-LeaderElection450: begin an election at term 492 for -1: [daebe4f8-0ad9-4eb2-8ed7-3a8051847eb6:192.168.69.118:44860, 389d5540-641f-48c2-a9df-60738dbad976:192.168.69.118:45712, 279bca68-3e74-4690-81cf-da5ab79b92f7:192.168.69.118:45510], old=null
2019-10-23 12:37:08,251 [grpc-default-executor-4] INFO  impl.RaftServerImpl (RaftServerImpl.java:setRole(184)) - daebe4f8-0ad9-4eb2-8ed7-3a8051847eb6@group-AF49A4A4CA2A: changes role from  FOLLOWER to FOLLOWER at term 492 for recognizeCandidate:279bca68-3e74-4690-81cf-da5ab79b92f7
2019-10-23 12:37:08,251 [grpc-default-executor-4] INFO  impl.RoleInfo (RoleInfo.java:shutdownFollowerState(121)) - daebe4f8-0ad9-4eb2-8ed7-3a8051847eb6: shutdown FollowerState
2019-10-23 12:37:08,251 [grpc-default-executor-4] INFO  impl.RoleInfo (RoleInfo.java:updateAndGet(143)) - daebe4f8-0ad9-4eb2-8ed7-3a8051847eb6: start FollowerState
2019-10-23 12:37:08,251 [grpc-default-executor-3] INFO  impl.RaftServerImpl (RaftServerImpl.java:setRole(184)) - 389d5540-641f-48c2-a9df-60738dbad976@group-AF49A4A4CA2A: changes role from  FOLLOWER to FOLLOWER at term 492 for recognizeCandidate:279bca68-3e74-4690-81cf-da5ab79b92f7
2019-10-23 12:37:08,251 [Thread-3230] INFO  impl.FollowerState (FollowerState.java:run(117)) - daebe4f8-0ad9-4eb2-8ed7-3a8051847eb6@group-AF49A4A4CA2A-FollowerState was interrupted: java.lang.InterruptedException: sleep interrupted
2019-10-23 12:37:08,251 [grpc-default-executor-3] INFO  impl.RoleInfo (RoleInfo.java:shutdownFollowerState(121)) - 389d5540-641f-48c2-a9df-60738dbad976: shutdown FollowerState
2019-10-23 12:37:08,252 [grpc-default-executor-3] INFO  impl.RoleInfo (RoleInfo.java:updateAndGet(143)) - 389d5540-641f-48c2-a9df-60738dbad976: start FollowerState
2019-10-23 12:37:08,252 [Thread-3231] INFO  impl.FollowerState (FollowerState.java:run(117)) - 389d5540-641f-48c2-a9df-60738dbad976@group-AF49A4A4CA2A-FollowerState was interrupted: java.lang.InterruptedException: sleep interrupted
2019-10-23 12:37:08,265 [279bca68-3e74-4690-81cf-da5ab79b92f7@group-AF49A4A4CA2A-LeaderElection450] INFO  impl.LeaderElection (LeaderElection.java:logAndReturn(56)) - 279bca68-3e74-4690-81cf-da5ab79b92f7@group-AF49A4A4CA2A-LeaderElection450: Election REJECTED; received 2 response(s) [279bca68-3e74-4690-81cf-da5ab79b92f7<-daebe4f8-0ad9-4eb2-8ed7-3a8051847eb6#0:FAIL-t492, 279bca68-3e74-4690-81cf-da5ab79b92f7<-389d5540-641f-48c2-a9df-60738dbad976#0:FAIL-t492] and 0 exception(s); 279bca68-3e74-4690-81cf-da5ab79b92f7@group-AF49A4A4CA2A:t492, leader=null, voted=279bca68-3e74-4690-81cf-da5ab79b92f7, raftlog=279bca68-3e74-4690-81cf-da5ab79b92f7@group-AF49A4A4CA2A-SegmentedRaftLog:OPENED:c-1,f-1,i0, conf=-1: [daebe4f8-0ad9-4eb2-8ed7-3a8051847eb6:192.168.69.118:44860, 389d5540-641f-48c2-a9df-60738dbad976:192.168.69.118:45712, 279bca68-3e74-4690-81cf-da5ab79b92f7:192.168.69.118:45510], old=null
2019-10-23 12:37:08,265 [279bca68-3e74-4690-81cf-da5ab79b92f7@group-AF49A4A4CA2A-LeaderElection450] INFO  impl.RaftServerImpl (RaftServerImpl.java:setRole(184)) - 279bca68-3e74-4690-81cf-da5ab79b92f7@group-AF49A4A4CA2A: changes role from CANDIDATE to FOLLOWER at term 492 for DISCOVERED_A_NEW_TERM
2019-10-23 12:37:08,265 [279bca68-3e74-4690-81cf-da5ab79b92f7@group-AF49A4A4CA2A-LeaderElection450] INFO  impl.RoleInfo (RoleInfo.java:shutdownLeaderElection(134)) - 279bca68-3e74-4690-81cf-da5ab79b92f7: shutdown LeaderElection
2019-10-23 12:37:08,265 [279bca68-3e74-4690-81cf-da5ab79b92f7@group-AF49A4A4CA2A-LeaderElection450] INFO  impl.RoleInfo (RoleInfo.java:updateAndGet(143)) - 279bca68-3e74-4690-81cf-da5ab79b92f7: start FollowerState
2019-10-23 12:37:08,340 [Thread-3238] INFO  impl.FollowerState (FollowerState.java:run(108)) - 279bca68-3e74-4690-81cf-da5ab79b92f7@group-AF49A4A4CA2A-FollowerState: change to CANDIDATE, lastRpcTime:74ms, electionTimeout:74ms
2019-10-23 12:37:08,340 [Thread-3238] INFO  impl.RoleInfo (RoleInfo.java:shutdownFollowerState(121)) - 279bca68-3e74-4690-81cf-da5ab79b92f7: shutdown FollowerState
2019-10-23 12:37:08,340 [Thread-3238] INFO  impl.RaftServerImpl (RaftServerImpl.java:setRole(184)) - 279bca68-3e74-4690-81cf-da5ab79b92f7@group-AF49A4A4CA2A: changes role from  FOLLOWER to CANDIDATE at term 492 for changeToCandidate
2019-10-23 12:37:08,340 [Thread-3238] INFO  impl.RoleInfo (RoleInfo.java:updateAndGet(143)) - 279bca68-3e74-4690-81cf-da5ab79b92f7: start LeaderElection
2019-10-23 12:37:08,355 [279bca68-3e74-4690-81cf-da5ab79b92f7@group-AF49A4A4CA2A-LeaderElection451] INFO  impl.LeaderElection (LeaderElection.java:askForVotes(178)) - 279bca68-3e74-4690-81cf-da5ab79b92f7@group-AF49A4A4CA2A-LeaderElection451: begin an election at term 493 for -1: [daebe4f8-0ad9-4eb2-8ed7-3a8051847eb6:192.168.69.118:44860, 389d5540-641f-48c2-a9df-60738dbad976:192.168.69.118:45712, 279bca68-3e74-4690-81cf-da5ab79b92f7:192.168.69.118:45510], old=null
2019-10-23 12:37:08,357 [grpc-default-executor-3] INFO  impl.RaftServerImpl (RaftServerImpl.java:setRole(184)) - daebe4f8-0ad9-4eb2-8ed7-3a8051847eb6@group-AF49A4A4CA2A: changes role from  FOLLOWER to FOLLOWER at term 493 for recognizeCandidate:279bca68-3e74-4690-81cf-da5ab79b92f7
2019-10-23 12:37:08,357 [grpc-default-executor-3] INFO  impl.RoleInfo (RoleInfo.java:shutdownFollowerState(121)) - daebe4f8-0ad9-4eb2-8ed7-3a8051847eb6: shutdown FollowerState
2019-10-23 12:37:08,357 [grpc-default-executor-3] INFO  impl.RoleInfo (RoleInfo.java:updateAndGet(143)) - daebe4f8-0ad9-4eb2-8ed7-3a8051847eb6: start FollowerState
2019-10-23 12:37:08,357 [Thread-3236] INFO  impl.FollowerState (FollowerState.java:run(117)) - daebe4f8-0ad9-4eb2-8ed7-3a8051847eb6@group-AF49A4A4CA2A-FollowerState was interrupted: java.lang.InterruptedException: sleep interrupted
2019-10-23 12:37:08,357 [grpc-default-executor-4] INFO  impl.RaftServerImpl (RaftServerImpl.java:setRole(184)) - 389d5540-641f-48c2-a9df-60738dbad976@group-AF49A4A4CA2A: changes role from  FOLLOWER to FOLLOWER at term 493 for recognizeCandidate:279bca68-3e74-4690-81cf-da5ab79b92f7
2019-10-23 12:37:08,357 [grpc-default-executor-4] INFO  impl.RoleInfo (RoleInfo.java:shutdownFollowerState(121)) - 389d5540-641f-48c2-a9df-60738dbad976: shutdown FollowerState
2019-10-23 12:37:08,358 [grpc-default-executor-4] INFO  impl.RoleInfo (RoleInfo.java:updateAndGet(143)) - 389d5540-641f-48c2-a9df-60738dbad976: start FollowerState
2019-10-23 12:37:08,358 [Thread-3237] INFO  impl.FollowerState (FollowerState.java:run(117)) - 389d5540-641f-48c2-a9df-60738dbad976@group-AF49A4A4CA2A-FollowerState was interrupted: java.lang.InterruptedException: sleep interrupted
2019-10-23 12:37:08,371 [279bca68-3e74-4690-81cf-da5ab79b92f7@group-AF49A4A4CA2A-LeaderElection451] INFO  impl.LeaderElection (LeaderElection.java:logAndReturn(56)) - 279bca68-3e74-4690-81cf-da5ab79b92f7@group-AF49A4A4CA2A-LeaderElection451: Election TIMEOUT; received 0 response(s) [] and 0 exception(s); 279bca68-3e74-4690-81cf-da5ab79b92f7@group-AF49A4A4CA2A:t493, leader=null, voted=279bca68-3e74-4690-81cf-da5ab79b92f7, raftlog=279bca68-3e74-4690-81cf-da5ab79b92f7@group-AF49A4A4CA2A-SegmentedRaftLog:OPENED:c-1,f-1,i0, conf=-1: [daebe4f8-0ad9-4eb2-8ed7-3a8051847eb6:192.168.69.118:44860, 389d5540-641f-48c2-a9df-60738dbad976:192.168.69.118:45712, 279bca68-3e74-4690-81cf-da5ab79b92f7:192.168.69.118:45510], old=null
2019-10-23 12:37:08,405 [279bca68-3e74-4690-81cf-da5ab79b92f7@group-AF49A4A4CA2A-LeaderElection451] INFO  impl.LeaderElection (LeaderElection.java:askForVotes(178)) - 279bca68-3e74-4690-81cf-da5ab79b92f7@group-AF49A4A4CA2A-LeaderElection451: begin an election at term 494 for -1: [daebe4f8-0ad9-4eb2-8ed7-3a8051847eb6:192.168.69.118:44860, 389d5540-641f-48c2-a9df-60738dbad976:192.168.69.118:45712, 279bca68-3e74-4690-81cf-da5ab79b92f7:192.168.69.118:45510], old=null
2019-10-23 12:37:08,407 [grpc-default-executor-4] INFO  impl.RaftServerImpl (RaftServerImpl.java:setRole(184)) - daebe4f8-0ad9-4eb2-8ed7-3a8051847eb6@group-AF49A4A4CA2A: changes role from  FOLLOWER to FOLLOWER at term 494 for recognizeCandidate:279bca68-3e74-4690-81cf-da5ab79b92f7
2019-10-23 12:37:08,407 [grpc-default-executor-3] INFO  impl.RaftServerImpl (RaftServerImpl.java:setRole(184)) - 389d5540-641f-48c2-a9df-60738dbad976@group-AF49A4A4CA2A: changes role from  FOLLOWER to FOLLOWER at term 494 for recognizeCandidate:279bca68-3e74-4690-81cf-da5ab79b92f7
2019-10-23 12:37:08,407 [grpc-default-executor-3] INFO  impl.RoleInfo (RoleInfo.java:shutdownFollowerState(121)) - 389d5540-641f-48c2-a9df-60738dbad976: shutdown FollowerState
2019-10-23 12:37:08,407 [grpc-default-executor-4] INFO  impl.RoleInfo (RoleInfo.java:shutdownFollowerState(121)) - daebe4f8-0ad9-4eb2-8ed7-3a8051847eb6: shutdown FollowerState
2019-10-23 12:37:08,407 [Thread-3243] INFO  impl.FollowerState (FollowerState.java:run(117)) - 389d5540-641f-48c2-a9df-60738dbad976@group-AF49A4A4CA2A-FollowerState was interrupted: java.lang.InterruptedException: sleep interrupted
2019-10-23 12:37:08,407 [grpc-default-executor-3] INFO  impl.RoleInfo (RoleInfo.java:updateAndGet(143)) - 389d5540-641f-48c2-a9df-60738dbad976: start FollowerState
2019-10-23 12:37:08,407 [Thread-3242] INFO  impl.FollowerState (FollowerState.java:run(117)) - daebe4f8-0ad9-4eb2-8ed7-3a8051847eb6@group-AF49A4A4CA2A-FollowerState was interrupted: java.lang.InterruptedException: sleep interrupted
2019-10-23 12:37:08,407 [grpc-default-executor-4] INFO  impl.RoleInfo (RoleInfo.java:updateAndGet(143)) - daebe4f8-0ad9-4eb2-8ed7-3a8051847eb6: start FollowerState
2019-10-23 12:37:08,425 [279bca68-3e74-4690-81cf-da5ab79b92f7@group-AF49A4A4CA2A-LeaderElection451] INFO  impl.LeaderElection (LeaderElection.java:logAndReturn(56)) - 279bca68-3e74-4690-81cf-da5ab79b92f7@group-AF49A4A4CA2A-LeaderElection451: Election REJECTED; received 2 response(s) [279bca68-3e74-4690-81cf-da5ab79b92f7<-daebe4f8-0ad9-4eb2-8ed7-3a8051847eb6#0:FAIL-t494, 279bca68-3e74-4690-81cf-da5ab79b92f7<-389d5540-641f-48c2-a9df-60738dbad976#0:FAIL-t494] and 0 exception(s); 279bca68-3e74-4690-81cf-da5ab79b92f7@group-AF49A4A4CA2A:t494, leader=null, voted=279bca68-3e74-4690-81cf-da5ab79b92f7, raftlog=279bca68-3e74-4690-81cf-da5ab79b92f7@group-AF49A4A4CA2A-SegmentedRaftLog:OPENED:c-1,f-1,i0, conf=-1: [daebe4f8-0ad9-4eb2-8ed7-3a8051847eb6:192.168.69.118:44860, 389d5540-641f-48c2-a9df-60738dbad976:192.168.69.118:45712, 279bca68-3e74-4690-81cf-da5ab79b92f7:192.168.69.118:45510], old=null
2019-10-23 12:37:08,425 [279bca68-3e74-4690-81cf-da5ab79b92f7@group-AF49A4A4CA2A-LeaderElection451] INFO  impl.RaftServerImpl (RaftServerImpl.java:setRole(184)) - 279bca68-3e74-4690-81cf-da5ab79b92f7@group-AF49A4A4CA2A: changes role from CANDIDATE to FOLLOWER at term 494 for DISCOVERED_A_NEW_TERM
2019-10-23 12:37:08,425 [279bca68-3e74-4690-81cf-da5ab79b92f7@group-AF49A4A4CA2A-LeaderElection451] INFO  impl.RoleInfo (RoleInfo.java:shutdownLeaderElection(134)) - 279bca68-3e74-4690-81cf-da5ab79b92f7: shutdown LeaderElection
2019-10-23 12:37:08,425 [279bca68-3e74-4690-81cf-da5ab79b92f7@group-AF49A4A4CA2A-LeaderElection451] INFO  impl.RoleInfo (RoleInfo.java:updateAndGet(143)) - 279bca68-3e74-4690-81cf-da5ab79b92f7: start FollowerState
2019-10-23 12:37:08,468 [Thread-3248] INFO  impl.FollowerState (FollowerState.java:run(108)) - 279bca68-3e74-4690-81cf-da5ab79b92f7@group-AF49A4A4CA2A-FollowerState: change to CANDIDATE, lastRpcTime:42ms, electionTimeout:42ms
2019-10-23 12:37:08,468 [Thread-3248] INFO  impl.RoleInfo (RoleInfo.java:shutdownFollowerState(121)) - 279bca68-3e74-4690-81cf-da5ab79b92f7: shutdown FollowerState
2019-10-23 12:37:08,468 [Thread-3248] INFO  impl.RaftServerImpl (RaftServerImpl.java:setRole(184)) - 279bca68-3e74-4690-81cf-da5ab79b92f7@group-AF49A4A4CA2A: changes role from  FOLLOWER to CANDIDATE at term 494 for changeToCandidate
2019-10-23 12:37:08,468 [Thread-3248] INFO  impl.RoleInfo (RoleInfo.java:updateAndGet(143)) - 279bca68-3e74-4690-81cf-da5ab79b92f7: start LeaderElection
2019-10-23 12:37:08,494 [279bca68-3e74-4690-81cf-da5ab79b92f7@group-AF49A4A4CA2A-LeaderElection452] INFO  impl.LeaderElection (LeaderElection.java:askForVotes(178)) - 279bca68-3e74-4690-81cf-da5ab79b92f7@group-AF49A4A4CA2A-LeaderElection452: begin an election at term 495 for -1: [daebe4f8-0ad9-4eb2-8ed7-3a8051847eb6:192.168.69.118:44860, 389d5540-641f-48c2-a9df-60738dbad976:192.168.69.118:45712, 279bca68-3e74-4690-81cf-da5ab79b92f7:192.168.69.118:45510], old=null
2019-10-23 12:37:08,496 [grpc-default-executor-4] INFO  impl.RaftServerImpl (RaftServerImpl.java:setRole(184)) - daebe4f8-0ad9-4eb2-8ed7-3a8051847eb6@group-AF49A4A4CA2A: changes role from  FOLLOWER to FOLLOWER at term 495 for recognizeCandidate:279bca68-3e74-4690-81cf-da5ab79b92f7
2019-10-23 12:37:08,496 [grpc-default-executor-3] INFO  impl.RaftServerImpl (RaftServerImpl.java:setRole(184)) - 389d5540-641f-48c2-a9df-60738dbad976@group-AF49A4A4CA2A: changes role from  FOLLOWER to FOLLOWER at term 495 for recognizeCandidate:279bca68-3e74-4690-81cf-da5ab79b92f7
2019-10-23 12:37:08,496 [grpc-default-executor-4] INFO  impl.RoleInfo (RoleInfo.java:shutdownFollowerState(121)) - daebe4f8-0ad9-4eb2-8ed7-3a8051847eb6: shutdown FollowerState
2019-10-23 12:37:08,496 [grpc-default-executor-3] INFO  impl.RoleInfo (RoleInfo.java:shutdownFollowerState(121)) - 389d5540-641f-48c2-a9df-60738dbad976: shutdown FollowerState
2019-10-23 12:37:08,496 [Thread-3247] INFO  impl.FollowerState (FollowerState.java:run(117)) - daebe4f8-0ad9-4eb2-8ed7-3a8051847eb6@group-AF49A4A4CA2A-FollowerState was interrupted: java.lang.InterruptedException: sleep interrupted
2019-10-23 12:37:08,497 [Thread-3246] INFO  impl.FollowerState (FollowerState.java:run(117)) - 389d5540-641f-48c2-a9df-60738dbad976@group-AF49A4A4CA2A-FollowerState was interrupted: java.lang.InterruptedException: sleep interrupted
2019-10-23 12:37:08,496 [grpc-default-executor-4] INFO  impl.RoleInfo (RoleInfo.java:updateAndGet(143)) - daebe4f8-0ad9-4eb2-8ed7-3a8051847eb6: start FollowerState
2019-10-23 12:37:08,496 [grpc-default-executor-3] INFO  impl.RoleInfo (RoleInfo.java:updateAndGet(143)) - 389d5540-641f-48c2-a9df-60738dbad976: start FollowerState
2019-10-23 12:37:08,511 [279bca68-3e74-4690-81cf-da5ab79b92f7@group-AF49A4A4CA2A-LeaderElection452] INFO  impl.LeaderElection (LeaderElection.java:logAndReturn(56)) - 279bca68-3e74-4690-81cf-da5ab79b92f7@group-AF49A4A4CA2A-LeaderElection452: Election REJECTED; received 2 response(s) [279bca68-3e74-4690-81cf-da5ab79b92f7<-daebe4f8-0ad9-4eb2-8ed7-3a8051847eb6#0:FAIL-t495, 279bca68-3e74-4690-81cf-da5ab79b92f7<-389d5540-641f-48c2-a9df-60738dbad976#0:FAIL-t495] and 0 exception(s); 279bca68-3e74-4690-81cf-da5ab79b92f7@group-AF49A4A4CA2A:t495, leader=null, voted=279bca68-3e74-4690-81cf-da5ab79b92f7, raftlog=279bca68-3e74-4690-81cf-da5ab79b92f7@group-AF49A4A4CA2A-SegmentedRaftLog:OPENED:c-1,f-1,i0, conf=-1: [daebe4f8-0ad9-4eb2-8ed7-3a8051847eb6:192.168.69.118:44860, 389d5540-641f-48c2-a9df-60738dbad976:192.168.69.118:45712, 279bca68-3e74-4690-81cf-da5ab79b92f7:192.168.69.118:45510], old=null
2019-10-23 12:37:08,511 [279bca68-3e74-4690-81cf-da5ab79b92f7@group-AF49A4A4CA2A-LeaderElection452] INFO  impl.RaftServerImpl (RaftServerImpl.java:setRole(184)) - 279bca68-3e74-4690-81cf-da5ab79b92f7@group-AF49A4A4CA2A: changes role from CANDIDATE to FOLLOWER at term 495 for DISCOVERED_A_NEW_TERM
2019-10-23 12:37:08,511 [279bca68-3e74-4690-81cf-da5ab79b92f7@group-AF49A4A4CA2A-LeaderElection452] INFO  impl.RoleInfo (RoleInfo.java:shutdownLeaderElection(134)) - 279bca68-3e74-4690-81cf-da5ab79b92f7: shutdown LeaderElection
2019-10-23 12:37:08,512 [279bca68-3e74-4690-81cf-da5ab79b92f7@group-AF49A4A4CA2A-LeaderElection452] INFO  impl.RoleInfo (RoleInfo.java:updateAndGet(143)) - 279bca68-3e74-4690-81cf-da5ab79b92f7: start FollowerState
2019-10-23 12:37:08,571 [Thread-3254] INFO  impl.FollowerState (FollowerState.java:run(108)) - 279bca68-3e74-4690-81cf-da5ab79b92f7@group-AF49A4A4CA2A-FollowerState: change to CANDIDATE, lastRpcTime:59ms, electionTimeout:59ms
2019-10-23 12:37:08,571 [Thread-3254] INFO  impl.RoleInfo (RoleInfo.java:shutdownFollowerState(121)) - 279bca68-3e74-4690-81cf-da5ab79b92f7: shutdown FollowerState
2019-10-23 12:37:08,571 [Thread-3254] INFO  impl.RaftServerImpl (RaftServerImpl.java:setRole(184)) - 279bca68-3e74-4690-81cf-da5ab79b92f7@group-AF49A4A4CA2A: changes role from  FOLLOWER to CANDIDATE at term 495 for changeToCandidate
2019-10-23 12:37:08,571 [Thread-3254] INFO  impl.RoleInfo (RoleInfo.java:updateAndGet(143)) - 279bca68-3e74-4690-81cf-da5ab79b92f7: start LeaderElection
2019-10-23 12:37:08,585 [279bca68-3e74-4690-81cf-da5ab79b92f7@group-AF49A4A4CA2A-LeaderElection453] INFO  impl.LeaderElection (LeaderElection.java:askForVotes(178)) - 279bca68-3e74-4690-81cf-da5ab79b92f7@group-AF49A4A4CA2A-LeaderElection453: begin an election at term 496 for -1: [daebe4f8-0ad9-4eb2-8ed7-3a8051847eb6:192.168.69.118:44860, 389d5540-641f-48c2-a9df-60738dbad976:192.168.69.118:45712, 279bca68-3e74-4690-81cf-da5ab79b92f7:192.168.69.118:45510], old=null
2019-10-23 12:37:08,586 [grpc-default-executor-4] INFO  impl.RaftServerImpl (RaftServerImpl.java:setRole(184)) - daebe4f8-0ad9-4eb2-8ed7-3a8051847eb6@group-AF49A4A4CA2A: changes role from  FOLLOWER to FOLLOWER at term 496 for recognizeCandidate:279bca68-3e74-4690-81cf-da5ab79b92f7
2019-10-23 12:37:08,586 [grpc-default-executor-4] INFO  impl.RoleInfo (RoleInfo.java:shutdownFollowerState(121)) - daebe4f8-0ad9-4eb2-8ed7-3a8051847eb6: shutdown FollowerState
2019-10-23 12:37:08,587 [grpc-default-executor-3] INFO  impl.RaftServerImpl (RaftServerImpl.java:setRole(184)) - 389d5540-641f-48c2-a9df-60738dbad976@group-AF49A4A4CA2A: changes role from  FOLLOWER to FOLLOWER at term 496 for recognizeCandidate:279bca68-3e74-4690-81cf-da5ab79b92f7
2019-10-23 12:37:08,587 [grpc-default-executor-3] INFO  impl.RoleInfo (RoleInfo.java:shutdownFollowerState(121)) - 389d5540-641f-48c2-a9df-60738dbad976: shutdown FollowerState
2019-10-23 12:37:08,587 [grpc-default-executor-3] INFO  impl.RoleInfo (RoleInfo.java:updateAndGet(143)) - 389d5540-641f-48c2-a9df-60738dbad976: start FollowerState
2019-10-23 12:37:08,587 [Thread-3252] INFO  impl.FollowerState (FollowerState.java:run(117)) - daebe4f8-0ad9-4eb2-8ed7-3a8051847eb6@group-AF49A4A4CA2A-FollowerState was interrupted: java.lang.InterruptedException: sleep interrupted
2019-10-23 12:37:08,587 [grpc-default-executor-4] INFO  impl.RoleInfo (RoleInfo.java:updateAndGet(143)) - daebe4f8-0ad9-4eb2-8ed7-3a8051847eb6: start FollowerState
2019-10-23 12:37:08,587 [Thread-3253] INFO  impl.FollowerState (FollowerState.java:run(117)) - 389d5540-641f-48c2-a9df-60738dbad976@group-AF49A4A4CA2A-FollowerState was interrupted: java.lang.InterruptedException: sleep interrupted
2019-10-23 12:37:08,602 [279bca68-3e74-4690-81cf-da5ab79b92f7@group-AF49A4A4CA2A-LeaderElection453] INFO  impl.LeaderElection (LeaderElection.java:logAndReturn(56)) - 279bca68-3e74-4690-81cf-da5ab79b92f7@group-AF49A4A4CA2A-LeaderElection453: Election REJECTED; received 2 response(s) [279bca68-3e74-4690-81cf-da5ab79b92f7<-daebe4f8-0ad9-4eb2-8ed7-3a8051847eb6#0:FAIL-t496, 279bca68-3e74-4690-81cf-da5ab79b92f7<-389d5540-641f-48c2-a9df-60738dbad976#0:FAIL-t496] and 0 exception(s); 279bca68-3e74-4690-81cf-da5ab79b92f7@group-AF49A4A4CA2A:t496, leader=null, voted=279bca68-3e74-4690-81cf-da5ab79b92f7, raftlog=279bca68-3e74-4690-81cf-da5ab79b92f7@group-AF49A4A4CA2A-SegmentedRaftLog:OPENED:c-1,f-1,i0, conf=-1: [daebe4f8-0ad9-4eb2-8ed7-3a8051847eb6:192.168.69.118:44860, 389d5540-641f-48c2-a9df-60738dbad976:192.168.69.118:45712, 279bca68-3e74-4690-81cf-da5ab79b92f7:192.168.69.118:45510], old=null
2019-10-23 12:37:08,602 [279bca68-3e74-4690-81cf-da5ab79b92f7@group-AF49A4A4CA2A-LeaderElection453] INFO  impl.RaftServerImpl (RaftServerImpl.java:setRole(184)) - 279bca68-3e74-4690-81cf-da5ab79b92f7@group-AF49A4A4CA2A: changes role from CANDIDATE to FOLLOWER at term 496 for DISCOVERED_A_NEW_TERM
2019-10-23 12:37:08,602 [279bca68-3e74-4690-81cf-da5ab79b92f7@group-AF49A4A4CA2A-LeaderElection453] INFO  impl.RoleInfo (RoleInfo.java:shutdownLeaderElection(134)) - 279bca68-3e74-4690-81cf-da5ab79b92f7: shutdown LeaderElection
2019-10-23 12:37:08,603 [279bca68-3e74-4690-81cf-da5ab79b92f7@group-AF49A4A4CA2A-LeaderElection453] INFO  impl.RoleInfo (RoleInfo.java:updateAndGet(143)) - 279bca68-3e74-4690-81cf-da5ab79b92f7: start FollowerState
2019-10-23 12:37:08,786 [Thread-3260] INFO  impl.FollowerState (FollowerState.java:run(108)) - 279bca68-3e74-4690-81cf-da5ab79b92f7@group-AF49A4A4CA2A-FollowerState: change to CANDIDATE, lastRpcTime:183ms, electionTimeout:183ms
2019-10-23 12:37:08,786 [Thread-3260] INFO  impl.RoleInfo (RoleInfo.java:shutdownFollowerState(121)) - 279bca68-3e74-4690-81cf-da5ab79b92f7: shutdown FollowerState
2019-10-23 12:37:08,786 [Thread-3260] INFO  impl.RaftServerImpl (RaftServerImpl.java:setRole(184)) - 279bca68-3e74-4690-81cf-da5ab79b92f7@group-AF49A4A4CA2A: changes role from  FOLLOWER to CANDIDATE at term 496 for changeToCandidate
2019-10-23 12:37:08,786 [Thread-3260] INFO  impl.RoleInfo (RoleInfo.java:updateAndGet(143)) - 279bca68-3e74-4690-81cf-da5ab79b92f7: start LeaderElection
2019-10-23 12:37:08,813 [279bca68-3e74-4690-81cf-da5ab79b92f7@group-AF49A4A4CA2A-LeaderElection454] INFO  impl.LeaderElection (LeaderElection.java:askForVotes(178)) - 279bca68-3e74-4690-81cf-da5ab79b92f7@group-AF49A4A4CA2A-LeaderElection454: begin an election at term 497 for -1: [daebe4f8-0ad9-4eb2-8ed7-3a8051847eb6:192.168.69.118:44860, 389d5540-641f-48c2-a9df-60738dbad976:192.168.69.118:45712, 279bca68-3e74-4690-81cf-da5ab79b92f7:192.168.69.118:45510], old=null
2019-10-23 12:37:08,814 [grpc-default-executor-4] INFO  impl.RaftServerImpl (RaftServerImpl.java:setRole(184)) - daebe4f8-0ad9-4eb2-8ed7-3a8051847eb6@group-AF49A4A4CA2A: changes role from  FOLLOWER to FOLLOWER at term 497 for recognizeCandidate:279bca68-3e74-4690-81cf-da5ab79b92f7
2019-10-23 12:37:08,814 [grpc-default-executor-4] INFO  impl.RoleInfo (RoleInfo.java:shutdownFollowerState(121)) - daebe4f8-0ad9-4eb2-8ed7-3a8051847eb6: shutdown FollowerState
2019-10-23 12:37:08,814 [grpc-default-executor-3] INFO  impl.RaftServerImpl (RaftServerImpl.java:setRole(184)) - 389d5540-641f-48c2-a9df-60738dbad976@group-AF49A4A4CA2A: changes role from  FOLLOWER to FOLLOWER at term 497 for recognizeCandidate:279bca68-3e74-4690-81cf-da5ab79b92f7
2019-10-23 12:37:08,815 [grpc-default-executor-3] INFO  impl.RoleInfo (RoleInfo.java:shutdownFollowerState(121)) - 389d5540-641f-48c2-a9df-60738dbad976: shutdown FollowerState
2019-10-23 12:37:08,815 [Thread-3258] INFO  impl.FollowerState (FollowerState.java:run(117)) - daebe4f8-0ad9-4eb2-8ed7-3a8051847eb6@group-AF49A4A4CA2A-FollowerState was interrupted: java.lang.InterruptedException: sleep interrupted
2019-10-23 12:37:08,814 [grpc-default-executor-4] INFO  impl.RoleInfo (RoleInfo.java:updateAndGet(143)) - daebe4f8-0ad9-4eb2-8ed7-3a8051847eb6: start FollowerState
2019-10-23 12:37:08,815 [Thread-3259] INFO  impl.FollowerState (FollowerState.java:run(117)) - 389d5540-641f-48c2-a9df-60738dbad976@group-AF49A4A4CA2A-FollowerState was interrupted: java.lang.InterruptedException: sleep interrupted
2019-10-23 12:37:08,815 [grpc-default-executor-3] INFO  impl.RoleInfo (RoleInfo.java:updateAndGet(143)) - 389d5540-641f-48c2-a9df-60738dbad976: start FollowerState
2019-10-23 12:37:08,830 [279bca68-3e74-4690-81cf-da5ab79b92f7@group-AF49A4A4CA2A-LeaderElection454] INFO  impl.LeaderElection (LeaderElection.java:logAndReturn(56)) - 279bca68-3e74-4690-81cf-da5ab79b92f7@group-AF49A4A4CA2A-LeaderElection454: Election REJECTED; received 2 response(s) [279bca68-3e74-4690-81cf-da5ab79b92f7<-daebe4f8-0ad9-4eb2-8ed7-3a8051847eb6#0:FAIL-t497, 279bca68-3e74-4690-81cf-da5ab79b92f7<-389d5540-641f-48c2-a9df-60738dbad976#0:FAIL-t497] and 0 exception(s); 279bca68-3e74-4690-81cf-da5ab79b92f7@group-AF49A4A4CA2A:t497, leader=null, voted=279bca68-3e74-4690-81cf-da5ab79b92f7, raftlog=279bca68-3e74-4690-81cf-da5ab79b92f7@group-AF49A4A4CA2A-SegmentedRaftLog:OPENED:c-1,f-1,i0, conf=-1: [daebe4f8-0ad9-4eb2-8ed7-3a8051847eb6:192.168.69.118:44860, 389d5540-641f-48c2-a9df-60738dbad976:192.168.69.118:45712, 279bca68-3e74-4690-81cf-da5ab79b92f7:192.168.69.118:45510], old=null
2019-10-23 12:37:08,830 [279bca68-3e74-4690-81cf-da5ab79b92f7@group-AF49A4A4CA2A-LeaderElection454] INFO  impl.RaftServerImpl (RaftServerImpl.java:setRole(184)) - 279bca68-3e74-4690-81cf-da5ab79b92f7@group-AF49A4A4CA2A: changes role from CANDIDATE to FOLLOWER at term 497 for DISCOVERED_A_NEW_TERM
2019-10-23 12:37:08,831 [279bca68-3e74-4690-81cf-da5ab79b92f7@group-AF49A4A4CA2A-LeaderElection454] INFO  impl.RoleInfo (RoleInfo.java:shutdownLeaderElection(134)) - 279bca68-3e74-4690-81cf-da5ab79b92f7: shutdown LeaderElection
2019-10-23 12:37:08,831 [279bca68-3e74-4690-81cf-da5ab79b92f7@group-AF49A4A4CA2A-LeaderElection454] INFO  impl.RoleInfo (RoleInfo.java:updateAndGet(143)) - 279bca68-3e74-4690-81cf-da5ab79b92f7: start FollowerState
2019-10-23 12:37:08,907 [Thread-3268] INFO  impl.FollowerState (FollowerState.java:run(108)) - 279bca68-3e74-4690-81cf-da5ab79b92f7@group-AF49A4A4CA2A-FollowerState: change to CANDIDATE, lastRpcTime:76ms, electionTimeout:76ms
2019-10-23 12:37:08,907 [Thread-3268] INFO  impl.RoleInfo (RoleInfo.java:shutdownFollowerState(121)) - 279bca68-3e74-4690-81cf-da5ab79b92f7: shutdown FollowerState
2019-10-23 12:37:08,907 [Thread-3268] INFO  impl.RaftServerImpl (RaftServerImpl.java:setRole(184)) - 279bca68-3e74-4690-81cf-da5ab79b92f7@group-AF49A4A4CA2A: changes role from  FOLLOWER to CANDIDATE at term 497 for changeToCandidate
2019-10-23 12:37:08,908 [Thread-3268] INFO  impl.RoleInfo (RoleInfo.java:updateAndGet(143)) - 279bca68-3e74-4690-81cf-da5ab79b92f7: start LeaderElection
2019-10-23 12:37:08,930 [279bca68-3e74-4690-81cf-da5ab79b92f7@group-AF49A4A4CA2A-LeaderElection455] INFO  impl.LeaderElection (LeaderElection.java:askForVotes(178)) - 279bca68-3e74-4690-81cf-da5ab79b92f7@group-AF49A4A4CA2A-LeaderElection455: begin an election at term 498 for -1: [daebe4f8-0ad9-4eb2-8ed7-3a8051847eb6:192.168.69.118:44860, 389d5540-641f-48c2-a9df-60738dbad976:192.168.69.118:45712, 279bca68-3e74-4690-81cf-da5ab79b92f7:192.168.69.118:45510], old=null
2019-10-23 12:37:08,931 [grpc-default-executor-3] INFO  impl.RaftServerImpl (RaftServerImpl.java:setRole(184)) - daebe4f8-0ad9-4eb2-8ed7-3a8051847eb6@group-AF49A4A4CA2A: changes role from  FOLLOWER to FOLLOWER at term 498 for recognizeCandidate:279bca68-3e74-4690-81cf-da5ab79b92f7
2019-10-23 12:37:08,932 [grpc-default-executor-3] INFO  impl.RoleInfo (RoleInfo.java:shutdownFollowerState(121)) - daebe4f8-0ad9-4eb2-8ed7-3a8051847eb6: shutdown FollowerState
2019-10-23 12:37:08,932 [grpc-default-executor-4] INFO  impl.RaftServerImpl (RaftServerImpl.java:setRole(184)) - 389d5540-641f-48c2-a9df-60738dbad976@group-AF49A4A4CA2A: changes role from  FOLLOWER to FOLLOWER at term 498 for recognizeCandidate:279bca68-3e74-4690-81cf-da5ab79b92f7
2019-10-23 12:37:08,932 [grpc-default-executor-4] INFO  impl.RoleInfo (RoleInfo.java:shutdownFollowerState(121)) - 389d5540-641f-48c2-a9df-60738dbad976: shutdown FollowerState
2019-10-23 12:37:08,932 [Thread-3266] INFO  impl.FollowerState (FollowerState.java:run(117)) - daebe4f8-0ad9-4eb2-8ed7-3a8051847eb6@group-AF49A4A4CA2A-FollowerState was interrupted: java.lang.InterruptedException: sleep interrupted
2019-10-23 12:37:08,932 [Thread-3267] INFO  impl.FollowerState (FollowerState.java:run(117)) - 389d5540-641f-48c2-a9df-60738dbad976@group-AF49A4A4CA2A-FollowerState was interrupted: java.lang.InterruptedException: sleep interrupted
2019-10-23 12:37:08,932 [grpc-default-executor-3] INFO  impl.RoleInfo (RoleInfo.java:updateAndGet(143)) - daebe4f8-0ad9-4eb2-8ed7-3a8051847eb6: start FollowerState
2019-10-23 12:37:08,932 [grpc-default-executor-4] INFO  impl.RoleInfo (RoleInfo.java:updateAndGet(143)) - 389d5540-641f-48c2-a9df-60738dbad976: start FollowerState
2019-10-23 12:37:08,945 [279bca68-3e74-4690-81cf-da5ab79b92f7@group-AF49A4A4CA2A-LeaderElection455] INFO  impl.LeaderElection (LeaderElection.java:logAndReturn(56)) - 279bca68-3e74-4690-81cf-da5ab79b92f7@group-AF49A4A4CA2A-LeaderElection455: Election REJECTED; received 2 response(s) [279bca68-3e74-4690-81cf-da5ab79b92f7<-daebe4f8-0ad9-4eb2-8ed7-3a8051847eb6#0:FAIL-t498, 279bca68-3e74-4690-81cf-da5ab79b92f7<-389d5540-641f-48c2-a9df-60738dbad976#0:FAIL-t498] and 0 exception(s); 279bca68-3e74-4690-81cf-da5ab79b92f7@group-AF49A4A4CA2A:t498, leader=null, voted=279bca68-3e74-4690-81cf-da5ab79b92f7, raftlog=279bca68-3e74-4690-81cf-da5ab79b92f7@group-AF49A4A4CA2A-SegmentedRaftLog:OPENED:c-1,f-1,i0, conf=-1: [daebe4f8-0ad9-4eb2-8ed7-3a8051847eb6:192.168.69.118:44860, 389d5540-641f-48c2-a9df-60738dbad976:192.168.69.118:45712, 279bca68-3e74-4690-81cf-da5ab79b92f7:192.168.69.118:45510], old=null
2019-10-23 12:37:08,946 [279bca68-3e74-4690-81cf-da5ab79b92f7@group-AF49A4A4CA2A-LeaderElection455] INFO  impl.RaftServerImpl (RaftServerImpl.java:setRole(184)) - 279bca68-3e74-4690-81cf-da5ab79b92f7@group-AF49A4A4CA2A: changes role from CANDIDATE to FOLLOWER at term 498 for DISCOVERED_A_NEW_TERM
2019-10-23 12:37:08,946 [279bca68-3e74-4690-81cf-da5ab79b92f7@group-AF49A4A4CA2A-LeaderElection455] INFO  impl.RoleInfo (RoleInfo.java:shutdownLeaderElection(134)) - 279bca68-3e74-4690-81cf-da5ab79b92f7: shutdown LeaderElection
2019-10-23 12:37:08,946 [279bca68-3e74-4690-81cf-da5ab79b92f7@group-AF49A4A4CA2A-LeaderElection455] INFO  impl.RoleInfo (RoleInfo.java:updateAndGet(143)) - 279bca68-3e74-4690-81cf-da5ab79b92f7: start FollowerState
2019-10-23 12:37:09,064 [Thread-3274] INFO  impl.FollowerState (FollowerState.java:run(108)) - 279bca68-3e74-4690-81cf-da5ab79b92f7@group-AF49A4A4CA2A-FollowerState: change to CANDIDATE, lastRpcTime:118ms, electionTimeout:118ms
2019-10-23 12:37:09,065 [Thread-3274] INFO  impl.RoleInfo (RoleInfo.java:shutdownFollowerState(121)) - 279bca68-3e74-4690-81cf-da5ab79b92f7: shutdown FollowerState
2019-10-23 12:37:09,065 [Thread-3274] INFO  impl.RaftServerImpl (RaftServerImpl.java:setRole(184)) - 279bca68-3e74-4690-81cf-da5ab79b92f7@group-AF49A4A4CA2A: changes role from  FOLLOWER to CANDIDATE at term 498 for changeToCandidate
2019-10-23 12:37:09,065 [Thread-3274] INFO  impl.RoleInfo (RoleInfo.java:updateAndGet(143)) - 279bca68-3e74-4690-81cf-da5ab79b92f7: start LeaderElection
2019-10-23 12:37:09,078 [279bca68-3e74-4690-81cf-da5ab79b92f7@group-AF49A4A4CA2A-LeaderElection456] INFO  impl.LeaderElection (LeaderElection.java:askForVotes(178)) - 279bca68-3e74-4690-81cf-da5ab79b92f7@group-AF49A4A4CA2A-LeaderElection456: begin an election at term 499 for -1: [daebe4f8-0ad9-4eb2-8ed7-3a8051847eb6:192.168.69.118:44860, 389d5540-641f-48c2-a9df-60738dbad976:192.168.69.118:45712, 279bca68-3e74-4690-81cf-da5ab79b92f7:192.168.69.118:45510], old=null
2019-10-23 12:37:09,080 [grpc-default-executor-3] INFO  impl.RaftServerImpl (RaftServerImpl.java:setRole(184)) - daebe4f8-0ad9-4eb2-8ed7-3a8051847eb6@group-AF49A4A4CA2A: changes role from  FOLLOWER to FOLLOWER at term 499 for recognizeCandidate:279bca68-3e74-4690-81cf-da5ab79b92f7
2019-10-23 12:37:09,080 [grpc-default-executor-3] INFO  impl.RoleInfo (RoleInfo.java:shutdownFollowerState(121)) - daebe4f8-0ad9-4eb2-8ed7-3a8051847eb6: shutdown FollowerState
2019-10-23 12:37:09,080 [grpc-default-executor-4] INFO  impl.RaftServerImpl (RaftServerImpl.java:setRole(184)) - 389d5540-641f-48c2-a9df-60738dbad976@group-AF49A4A4CA2A: changes role from  FOLLOWER to FOLLOWER at term 499 for recognizeCandidate:279bca68-3e74-4690-81cf-da5ab79b92f7
2019-10-23 12:37:09,080 [Thread-3272] INFO  impl.FollowerState (FollowerState.java:run(117)) - daebe4f8-0ad9-4eb2-8ed7-3a8051847eb6@group-AF49A4A4CA2A-FollowerState was interrupted: java.lang.InterruptedException: sleep interrupted
2019-10-23 12:37:09,081 [grpc-default-executor-4] INFO  impl.RoleInfo (RoleInfo.java:shutdownFollowerState(121)) - 389d5540-641f-48c2-a9df-60738dbad976: shutdown FollowerState
2019-10-23 12:37:09,080 [grpc-default-executor-3] INFO  impl.RoleInfo (RoleInfo.java:updateAndGet(143)) - daebe4f8-0ad9-4eb2-8ed7-3a8051847eb6: start FollowerState
2019-10-23 12:37:09,081 [Thread-3273] INFO  impl.FollowerState (FollowerState.java:run(117)) - 389d5540-641f-48c2-a9df-60738dbad976@group-AF49A4A4CA2A-FollowerState was interrupted: java.lang.InterruptedException: sleep interrupted
2019-10-23 12:37:09,081 [grpc-default-executor-4] INFO  impl.RoleInfo (RoleInfo.java:updateAndGet(143)) - 389d5540-641f-48c2-a9df-60738dbad976: start FollowerState
2019-10-23 12:37:09,107 [279bca68-3e74-4690-81cf-da5ab79b92f7@group-AF49A4A4CA2A-LeaderElection456] INFO  impl.LeaderElection (LeaderElection.java:logAndReturn(56)) - 279bca68-3e74-4690-81cf-da5ab79b92f7@group-AF49A4A4CA2A-LeaderElection456: Election TIMEOUT; received 0 response(s) [] and 0 exception(s); 279bca68-3e74-4690-81cf-da5ab79b92f7@group-AF49A4A4CA2A:t499, leader=null, voted=279bca68-3e74-4690-81cf-da5ab79b92f7, raftlog=279bca68-3e74-4690-81cf-da5ab79b92f7@group-AF49A4A4CA2A-SegmentedRaftLog:OPENED:c-1,f-1,i0, conf=-1: [daebe4f8-0ad9-4eb2-8ed7-3a8051847eb6:192.168.69.118:44860, 389d5540-641f-48c2-a9df-60738dbad976:192.168.69.118:45712, 279bca68-3e74-4690-81cf-da5ab79b92f7:192.168.69.118:45510], old=null
2019-10-23 12:37:09,122 [279bca68-3e74-4690-81cf-da5ab79b92f7@group-AF49A4A4CA2A-LeaderElection456] INFO  impl.LeaderElection (LeaderElection.java:askForVotes(178)) - 279bca68-3e74-4690-81cf-da5ab79b92f7@group-AF49A4A4CA2A-LeaderElection456: begin an election at term 500 for -1: [daebe4f8-0ad9-4eb2-8ed7-3a8051847eb6:192.168.69.118:44860, 389d5540-641f-48c2-a9df-60738dbad976:192.168.69.118:45712, 279bca68-3e74-4690-81cf-da5ab79b92f7:192.168.69.118:45510], old=null
2019-10-23 12:37:09,124 [grpc-default-executor-3] INFO  impl.RaftServerImpl (RaftServerImpl.java:setRole(184)) - daebe4f8-0ad9-4eb2-8ed7-3a8051847eb6@group-AF49A4A4CA2A: changes role from  FOLLOWER to FOLLOWER at term 500 for recognizeCandidate:279bca68-3e74-4690-81cf-da5ab79b92f7
2019-10-23 12:37:09,124 [grpc-default-executor-4] INFO  impl.RaftServerImpl (RaftServerImpl.java:setRole(184)) - 389d5540-641f-48c2-a9df-60738dbad976@group-AF49A4A4CA2A: changes role from  FOLLOWER to FOLLOWER at term 500 for recognizeCandidate:279bca68-3e74-4690-81cf-da5ab79b92f7
2019-10-23 12:37:09,124 [grpc-default-executor-4] INFO  impl.RoleInfo (RoleInfo.java:shutdownFollowerState(121)) - 389d5540-641f-48c2-a9df-60738dbad976: shutdown FollowerState
2019-10-23 12:37:09,124 [grpc-default-executor-3] INFO  impl.RoleInfo (RoleInfo.java:shutdownFollowerState(121)) - daebe4f8-0ad9-4eb2-8ed7-3a8051847eb6: shutdown FollowerState
2019-10-23 12:37:09,124 [Thread-3279] INFO  impl.FollowerState (FollowerState.java:run(117)) - 389d5540-641f-48c2-a9df-60738dbad976@group-AF49A4A4CA2A-FollowerState was interrupted: java.lang.InterruptedException: sleep interrupted
2019-10-23 12:37:09,124 [Thread-3278] INFO  impl.FollowerState (FollowerState.java:run(117)) - daebe4f8-0ad9-4eb2-8ed7-3a8051847eb6@group-AF49A4A4CA2A-FollowerState was interrupted: java.lang.InterruptedException: sleep interrupted
2019-10-23 12:37:09,124 [grpc-default-executor-4] INFO  impl.RoleInfo (RoleInfo.java:updateAndGet(143)) - 389d5540-641f-48c2-a9df-60738dbad976: start FollowerState
2019-10-23 12:37:09,124 [grpc-default-executor-3] INFO  impl.RoleInfo (RoleInfo.java:updateAndGet(143)) - daebe4f8-0ad9-4eb2-8ed7-3a8051847eb6: start FollowerState
2019-10-23 12:37:09,139 [279bca68-3e74-4690-81cf-da5ab79b92f7@group-AF49A4A4CA2A-LeaderElection456] INFO  impl.LeaderElection (LeaderElection.java:logAndReturn(56)) - 279bca68-3e74-4690-81cf-da5ab79b92f7@group-AF49A4A4CA2A-LeaderElection456: Election REJECTED; received 2 response(s) [279bca68-3e74-4690-81cf-da5ab79b92f7<-daebe4f8-0ad9-4eb2-8ed7-3a8051847eb6#0:FAIL-t500, 279bca68-3e74-4690-81cf-da5ab79b92f7<-389d5540-641f-48c2-a9df-60738dbad976#0:FAIL-t500] and 0 exception(s); 279bca68-3e74-4690-81cf-da5ab79b92f7@group-AF49A4A4CA2A:t500, leader=null, voted=279bca68-3e74-4690-81cf-da5ab79b92f7, raftlog=279bca68-3e74-4690-81cf-da5ab79b92f7@group-AF49A4A4CA2A-SegmentedRaftLog:OPENED:c-1,f-1,i0, conf=-1: [daebe4f8-0ad9-4eb2-8ed7-3a8051847eb6:192.168.69.118:44860, 389d5540-641f-48c2-a9df-60738dbad976:192.168.69.118:45712, 279bca68-3e74-4690-81cf-da5ab79b92f7:192.168.69.118:45510], old=null
2019-10-23 12:37:09,139 [279bca68-3e74-4690-81cf-da5ab79b92f7@group-AF49A4A4CA2A-LeaderElection456] INFO  impl.RaftServerImpl (RaftServerImpl.java:setRole(184)) - 279bca68-3e74-4690-81cf-da5ab79b92f7@group-AF49A4A4CA2A: changes role from CANDIDATE to FOLLOWER at term 500 for DISCOVERED_A_NEW_TERM
2019-10-23 12:37:09,139 [279bca68-3e74-4690-81cf-da5ab79b92f7@group-AF49A4A4CA2A-LeaderElection456] INFO  impl.RoleInfo (RoleInfo.java:shutdownLeaderElection(134)) - 279bca68-3e74-4690-81cf-da5ab79b92f7: shutdown LeaderElection
2019-10-23 12:37:09,140 [279bca68-3e74-4690-81cf-da5ab79b92f7@group-AF49A4A4CA2A-LeaderElection456] INFO  impl.RoleInfo (RoleInfo.java:updateAndGet(143)) - 279bca68-3e74-4690-81cf-da5ab79b92f7: start FollowerState
2019-10-23 12:37:09,201 [Thread-3284] INFO  impl.FollowerState (FollowerState.java:run(108)) - 279bca68-3e74-4690-81cf-da5ab79b92f7@group-AF49A4A4CA2A-FollowerState: change to CANDIDATE, lastRpcTime:61ms, electionTimeout:61ms
2019-10-23 12:37:09,201 [Thread-3284] INFO  impl.RoleInfo (RoleInfo.java:shutdownFollowerState(121)) - 279bca68-3e74-4690-81cf-da5ab79b92f7: shutdown FollowerState
2019-10-23 12:37:09,201 [Thread-3284] INFO  impl.RaftServerImpl (RaftServerImpl.java:setRole(184)) - 279bca68-3e74-4690-81cf-da5ab79b92f7@group-AF49A4A4CA2A: changes role from  FOLLOWER to CANDIDATE at term 500 for changeToCandidate
2019-10-23 12:37:09,201 [Thread-3284] INFO  impl.RoleInfo (RoleInfo.java:updateAndGet(143)) - 279bca68-3e74-4690-81cf-da5ab79b92f7: start LeaderElection
2019-10-23 12:37:09,204 [Thread-288] INFO  ipc.Client (Client.java:handleConnectionFailure(948)) - Retrying connect to server: localhost/127.0.0.1:40722. Already tried 2 time(s); retry policy is RetryUpToMaximumCountWithFixedSleep(maxRetries=10, sleepTime=1000 MILLISECONDS)
2019-10-23 12:37:09,217 [279bca68-3e74-4690-81cf-da5ab79b92f7@group-AF49A4A4CA2A-LeaderElection457] INFO  impl.LeaderElection (LeaderElection.java:askForVotes(178)) - 279bca68-3e74-4690-81cf-da5ab79b92f7@group-AF49A4A4CA2A-LeaderElection457: begin an election at term 501 for -1: [daebe4f8-0ad9-4eb2-8ed7-3a8051847eb6:192.168.69.118:44860, 389d5540-641f-48c2-a9df-60738dbad976:192.168.69.118:45712, 279bca68-3e74-4690-81cf-da5ab79b92f7:192.168.69.118:45510], old=null
2019-10-23 12:37:09,219 [grpc-default-executor-3] INFO  impl.RaftServerImpl (RaftServerImpl.java:setRole(184)) - daebe4f8-0ad9-4eb2-8ed7-3a8051847eb6@group-AF49A4A4CA2A: changes role from  FOLLOWER to FOLLOWER at term 501 for recognizeCandidate:279bca68-3e74-4690-81cf-da5ab79b92f7
2019-10-23 12:37:09,219 [grpc-default-executor-4] INFO  impl.RaftServerImpl (RaftServerImpl.java:setRole(184)) - 389d5540-641f-48c2-a9df-60738dbad976@group-AF49A4A4CA2A: changes role from  FOLLOWER to FOLLOWER at term 501 for recognizeCandidate:279bca68-3e74-4690-81cf-da5ab79b92f7
2019-10-23 12:37:09,219 [grpc-default-executor-3] INFO  impl.RoleInfo (RoleInfo.java:shutdownFollowerState(121)) - daebe4f8-0ad9-4eb2-8ed7-3a8051847eb6: shutdown FollowerState
2019-10-23 12:37:09,219 [grpc-default-executor-4] INFO  impl.RoleInfo (RoleInfo.java:shutdownFollowerState(121)) - 389d5540-641f-48c2-a9df-60738dbad976: shutdown FollowerState
2019-10-23 12:37:09,219 [Thread-3283] INFO  impl.FollowerState (FollowerState.java:run(117)) - daebe4f8-0ad9-4eb2-8ed7-3a8051847eb6@group-AF49A4A4CA2A-FollowerState was interrupted: java.lang.InterruptedException: sleep interrupted
2019-10-23 12:37:09,219 [grpc-default-executor-3] INFO  impl.RoleInfo (RoleInfo.java:updateAndGet(143)) - daebe4f8-0ad9-4eb2-8ed7-3a8051847eb6: start FollowerState
2019-10-23 12:37:09,220 [grpc-default-executor-4] INFO  impl.RoleInfo (RoleInfo.java:updateAndGet(143)) - 389d5540-641f-48c2-a9df-60738dbad976: start FollowerState
2019-10-23 12:37:09,220 [Thread-3282] INFO  impl.FollowerState (FollowerState.java:run(117)) - 389d5540-641f-48c2-a9df-60738dbad976@group-AF49A4A4CA2A-FollowerState was interrupted: java.lang.InterruptedException: sleep interrupted
2019-10-23 12:37:09,234 [279bca68-3e74-4690-81cf-da5ab79b92f7@group-AF49A4A4CA2A-LeaderElection457] INFO  impl.LeaderElection (LeaderElection.java:logAndReturn(56)) - 279bca68-3e74-4690-81cf-da5ab79b92f7@group-AF49A4A4CA2A-LeaderElection457: Election REJECTED; received 2 response(s) [279bca68-3e74-4690-81cf-da5ab79b92f7<-daebe4f8-0ad9-4eb2-8ed7-3a8051847eb6#0:FAIL-t501, 279bca68-3e74-4690-81cf-da5ab79b92f7<-389d5540-641f-48c2-a9df-60738dbad976#0:FAIL-t501] and 0 exception(s); 279bca68-3e74-4690-81cf-da5ab79b92f7@group-AF49A4A4CA2A:t501, leader=null, voted=279bca68-3e74-4690-81cf-da5ab79b92f7, raftlog=279bca68-3e74-4690-81cf-da5ab79b92f7@group-AF49A4A4CA2A-SegmentedRaftLog:OPENED:c-1,f-1,i0, conf=-1: [daebe4f8-0ad9-4eb2-8ed7-3a8051847eb6:192.168.69.118:44860, 389d5540-641f-48c2-a9df-60738dbad976:192.168.69.118:45712, 279bca68-3e74-4690-81cf-da5ab79b92f7:192.168.69.118:45510], old=null
2019-10-23 12:37:09,234 [279bca68-3e74-4690-81cf-da5ab79b92f7@group-AF49A4A4CA2A-LeaderElection457] INFO  impl.RaftServerImpl (RaftServerImpl.java:setRole(184)) - 279bca68-3e74-4690-81cf-da5ab79b92f7@group-AF49A4A4CA2A: changes role from CANDIDATE to FOLLOWER at term 501 for DISCOVERED_A_NEW_TERM
2019-10-23 12:37:09,234 [279bca68-3e74-4690-81cf-da5ab79b92f7@group-AF49A4A4CA2A-LeaderElection457] INFO  impl.RoleInfo (RoleInfo.java:shutdownLeaderElection(134)) - 279bca68-3e74-4690-81cf-da5ab79b92f7: shutdown LeaderElection
2019-10-23 12:37:09,234 [279bca68-3e74-4690-81cf-da5ab79b92f7@group-AF49A4A4CA2A-LeaderElection457] INFO  impl.RoleInfo (RoleInfo.java:updateAndGet(143)) - 279bca68-3e74-4690-81cf-da5ab79b92f7: start FollowerState
2019-10-23 12:37:09,385 [Thread-3290] INFO  impl.FollowerState (FollowerState.java:run(108)) - 279bca68-3e74-4690-81cf-da5ab79b92f7@group-AF49A4A4CA2A-FollowerState: change to CANDIDATE, lastRpcTime:151ms, electionTimeout:151ms
2019-10-23 12:37:09,386 [Thread-3290] INFO  impl.RoleInfo (RoleInfo.java:shutdownFollowerState(121)) - 279bca68-3e74-4690-81cf-da5ab79b92f7: shutdown FollowerState
2019-10-23 12:37:09,386 [Thread-3290] INFO  impl.RaftServerImpl (RaftServerImpl.java:setRole(184)) - 279bca68-3e74-4690-81cf-da5ab79b92f7@group-AF49A4A4CA2A: changes role from  FOLLOWER to CANDIDATE at term 501 for changeToCandidate
2019-10-23 12:37:09,386 [Thread-3290] INFO  impl.RoleInfo (RoleInfo.java:updateAndGet(143)) - 279bca68-3e74-4690-81cf-da5ab79b92f7: start LeaderElection
2019-10-23 12:37:09,400 [279bca68-3e74-4690-81cf-da5ab79b92f7@group-AF49A4A4CA2A-LeaderElection458] INFO  impl.LeaderElection (LeaderElection.java:askForVotes(178)) - 279bca68-3e74-4690-81cf-da5ab79b92f7@group-AF49A4A4CA2A-LeaderElection458: begin an election at term 502 for -1: [daebe4f8-0ad9-4eb2-8ed7-3a8051847eb6:192.168.69.118:44860, 389d5540-641f-48c2-a9df-60738dbad976:192.168.69.118:45712, 279bca68-3e74-4690-81cf-da5ab79b92f7:192.168.69.118:45510], old=null
2019-10-23 12:37:09,402 [grpc-default-executor-3] INFO  impl.RaftServerImpl (RaftServerImpl.java:setRole(184)) - 389d5540-641f-48c2-a9df-60738dbad976@group-AF49A4A4CA2A: changes role from  FOLLOWER to FOLLOWER at term 502 for recognizeCandidate:279bca68-3e74-4690-81cf-da5ab79b92f7
2019-10-23 12:37:09,402 [grpc-default-executor-4] INFO  impl.RaftServerImpl (RaftServerImpl.java:setRole(184)) - daebe4f8-0ad9-4eb2-8ed7-3a8051847eb6@group-AF49A4A4CA2A: changes role from  FOLLOWER to FOLLOWER at term 502 for recognizeCandidate:279bca68-3e74-4690-81cf-da5ab79b92f7
2019-10-23 12:37:09,402 [grpc-default-executor-4] INFO  impl.RoleInfo (RoleInfo.java:shutdownFollowerState(121)) - daebe4f8-0ad9-4eb2-8ed7-3a8051847eb6: shutdown FollowerState
2019-10-23 12:37:09,402 [grpc-default-executor-3] INFO  impl.RoleInfo (RoleInfo.java:shutdownFollowerState(121)) - 389d5540-641f-48c2-a9df-60738dbad976: shutdown FollowerState
2019-10-23 12:37:09,402 [Thread-3288] INFO  impl.FollowerState (FollowerState.java:run(117)) - daebe4f8-0ad9-4eb2-8ed7-3a8051847eb6@group-AF49A4A4CA2A-FollowerState was interrupted: java.lang.InterruptedException: sleep interrupted
2019-10-23 12:37:09,402 [Thread-3289] INFO  impl.FollowerState (FollowerState.java:run(117)) - 389d5540-641f-48c2-a9df-60738dbad976@group-AF49A4A4CA2A-FollowerState was interrupted: java.lang.InterruptedException: sleep interrupted
2019-10-23 12:37:09,402 [grpc-default-executor-4] INFO  impl.RoleInfo (RoleInfo.java:updateAndGet(143)) - daebe4f8-0ad9-4eb2-8ed7-3a8051847eb6: start FollowerState
2019-10-23 12:37:09,402 [grpc-default-executor-3] INFO  impl.RoleInfo (RoleInfo.java:updateAndGet(143)) - 389d5540-641f-48c2-a9df-60738dbad976: start FollowerState
2019-10-23 12:37:09,417 [279bca68-3e74-4690-81cf-da5ab79b92f7@group-AF49A4A4CA2A-LeaderElection458] INFO  impl.LeaderElection (LeaderElection.java:logAndReturn(56)) - 279bca68-3e74-4690-81cf-da5ab79b92f7@group-AF49A4A4CA2A-LeaderElection458: Election REJECTED; received 2 response(s) [279bca68-3e74-4690-81cf-da5ab79b92f7<-daebe4f8-0ad9-4eb2-8ed7-3a8051847eb6#0:FAIL-t502, 279bca68-3e74-4690-81cf-da5ab79b92f7<-389d5540-641f-48c2-a9df-60738dbad976#0:FAIL-t502] and 0 exception(s); 279bca68-3e74-4690-81cf-da5ab79b92f7@group-AF49A4A4CA2A:t502, leader=null, voted=279bca68-3e74-4690-81cf-da5ab79b92f7, raftlog=279bca68-3e74-4690-81cf-da5ab79b92f7@group-AF49A4A4CA2A-SegmentedRaftLog:OPENED:c-1,f-1,i0, conf=-1: [daebe4f8-0ad9-4eb2-8ed7-3a8051847eb6:192.168.69.118:44860, 389d5540-641f-48c2-a9df-60738dbad976:192.168.69.118:45712, 279bca68-3e74-4690-81cf-da5ab79b92f7:192.168.69.118:45510], old=null
2019-10-23 12:37:09,417 [279bca68-3e74-4690-81cf-da5ab79b92f7@group-AF49A4A4CA2A-LeaderElection458] INFO  impl.RaftServerImpl (RaftServerImpl.java:setRole(184)) - 279bca68-3e74-4690-81cf-da5ab79b92f7@group-AF49A4A4CA2A: changes role from CANDIDATE to FOLLOWER at term 502 for DISCOVERED_A_NEW_TERM
2019-10-23 12:37:09,417 [279bca68-3e74-4690-81cf-da5ab79b92f7@group-AF49A4A4CA2A-LeaderElection458] INFO  impl.RoleInfo (RoleInfo.java:shutdownLeaderElection(134)) - 279bca68-3e74-4690-81cf-da5ab79b92f7: shutdown LeaderElection
2019-10-23 12:37:09,417 [279bca68-3e74-4690-81cf-da5ab79b92f7@group-AF49A4A4CA2A-LeaderElection458] INFO  impl.RoleInfo (RoleInfo.java:updateAndGet(143)) - 279bca68-3e74-4690-81cf-da5ab79b92f7: start FollowerState
2019-10-23 12:37:09,450 [Thread-3296] INFO  impl.FollowerState (FollowerState.java:run(108)) - 279bca68-3e74-4690-81cf-da5ab79b92f7@group-AF49A4A4CA2A-FollowerState: change to CANDIDATE, lastRpcTime:32ms, electionTimeout:32ms
2019-10-23 12:37:09,450 [Thread-3296] INFO  impl.RoleInfo (RoleInfo.java:shutdownFollowerState(121)) - 279bca68-3e74-4690-81cf-da5ab79b92f7: shutdown FollowerState
2019-10-23 12:37:09,450 [Thread-3296] INFO  impl.RaftServerImpl (RaftServerImpl.java:setRole(184)) - 279bca68-3e74-4690-81cf-da5ab79b92f7@group-AF49A4A4CA2A: changes role from  FOLLOWER to CANDIDATE at term 502 for changeToCandidate
2019-10-23 12:37:09,450 [Thread-3296] INFO  impl.RoleInfo (RoleInfo.java:updateAndGet(143)) - 279bca68-3e74-4690-81cf-da5ab79b92f7: start LeaderElection
2019-10-23 12:37:09,463 [279bca68-3e74-4690-81cf-da5ab79b92f7@group-AF49A4A4CA2A-LeaderElection459] INFO  impl.LeaderElection (LeaderElection.java:askForVotes(178)) - 279bca68-3e74-4690-81cf-da5ab79b92f7@group-AF49A4A4CA2A-LeaderElection459: begin an election at term 503 for -1: [daebe4f8-0ad9-4eb2-8ed7-3a8051847eb6:192.168.69.118:44860, 389d5540-641f-48c2-a9df-60738dbad976:192.168.69.118:45712, 279bca68-3e74-4690-81cf-da5ab79b92f7:192.168.69.118:45510], old=null
2019-10-23 12:37:09,464 [grpc-default-executor-3] INFO  impl.RaftServerImpl (RaftServerImpl.java:setRole(184)) - daebe4f8-0ad9-4eb2-8ed7-3a8051847eb6@group-AF49A4A4CA2A: changes role from  FOLLOWER to FOLLOWER at term 503 for recognizeCandidate:279bca68-3e74-4690-81cf-da5ab79b92f7
2019-10-23 12:37:09,465 [grpc-default-executor-4] INFO  impl.RaftServerImpl (RaftServerImpl.java:setRole(184)) - 389d5540-641f-48c2-a9df-60738dbad976@group-AF49A4A4CA2A: changes role from  FOLLOWER to FOLLOWER at term 503 for recognizeCandidate:279bca68-3e74-4690-81cf-da5ab79b92f7
2019-10-23 12:37:09,465 [grpc-default-executor-4] INFO  impl.RoleInfo (RoleInfo.java:shutdownFollowerState(121)) - 389d5540-641f-48c2-a9df-60738dbad976: shutdown FollowerState
2019-10-23 12:37:09,465 [grpc-default-executor-3] INFO  impl.RoleInfo (RoleInfo.java:shutdownFollowerState(121)) - daebe4f8-0ad9-4eb2-8ed7-3a8051847eb6: shutdown FollowerState
2019-10-23 12:37:09,465 [Thread-3295] INFO  impl.FollowerState (FollowerState.java:run(117)) - 389d5540-641f-48c2-a9df-60738dbad976@group-AF49A4A4CA2A-FollowerState was interrupted: java.lang.InterruptedException: sleep interrupted
2019-10-23 12:37:09,465 [grpc-default-executor-4] INFO  impl.RoleInfo (RoleInfo.java:updateAndGet(143)) - 389d5540-641f-48c2-a9df-60738dbad976: start FollowerState
2019-10-23 12:37:09,465 [Thread-3294] INFO  impl.FollowerState (FollowerState.java:run(117)) - daebe4f8-0ad9-4eb2-8ed7-3a8051847eb6@group-AF49A4A4CA2A-FollowerState was interrupted: java.lang.InterruptedException: sleep interrupted
2019-10-23 12:37:09,465 [grpc-default-executor-3] INFO  impl.RoleInfo (RoleInfo.java:updateAndGet(143)) - daebe4f8-0ad9-4eb2-8ed7-3a8051847eb6: start FollowerState
2019-10-23 12:37:09,480 [279bca68-3e74-4690-81cf-da5ab79b92f7@group-AF49A4A4CA2A-LeaderElection459] INFO  impl.LeaderElection (LeaderElection.java:logAndReturn(56)) - 279bca68-3e74-4690-81cf-da5ab79b92f7@group-AF49A4A4CA2A-LeaderElection459: Election REJECTED; received 2 response(s) [279bca68-3e74-4690-81cf-da5ab79b92f7<-daebe4f8-0ad9-4eb2-8ed7-3a8051847eb6#0:FAIL-t503, 279bca68-3e74-4690-81cf-da5ab79b92f7<-389d5540-641f-48c2-a9df-60738dbad976#0:FAIL-t503] and 0 exception(s); 279bca68-3e74-4690-81cf-da5ab79b92f7@group-AF49A4A4CA2A:t503, leader=null, voted=279bca68-3e74-4690-81cf-da5ab79b92f7, raftlog=279bca68-3e74-4690-81cf-da5ab79b92f7@group-AF49A4A4CA2A-SegmentedRaftLog:OPENED:c-1,f-1,i0, conf=-1: [daebe4f8-0ad9-4eb2-8ed7-3a8051847eb6:192.168.69.118:44860, 389d5540-641f-48c2-a9df-60738dbad976:192.168.69.118:45712, 279bca68-3e74-4690-81cf-da5ab79b92f7:192.168.69.118:45510], old=null
2019-10-23 12:37:09,480 [279bca68-3e74-4690-81cf-da5ab79b92f7@group-AF49A4A4CA2A-LeaderElection459] INFO  impl.RaftServerImpl (RaftServerImpl.java:setRole(184)) - 279bca68-3e74-4690-81cf-da5ab79b92f7@group-AF49A4A4CA2A: changes role from CANDIDATE to FOLLOWER at term 503 for DISCOVERED_A_NEW_TERM
2019-10-23 12:37:09,480 [279bca68-3e74-4690-81cf-da5ab79b92f7@group-AF49A4A4CA2A-LeaderElection459] INFO  impl.RoleInfo (RoleInfo.java:shutdownLeaderElection(134)) - 279bca68-3e74-4690-81cf-da5ab79b92f7: shutdown LeaderElection
2019-10-23 12:37:09,480 [279bca68-3e74-4690-81cf-da5ab79b92f7@group-AF49A4A4CA2A-LeaderElection459] INFO  impl.RoleInfo (RoleInfo.java:updateAndGet(143)) - 279bca68-3e74-4690-81cf-da5ab79b92f7: start FollowerState
2019-10-23 12:37:09,562 [Thread-3302] INFO  impl.FollowerState (FollowerState.java:run(108)) - 279bca68-3e74-4690-81cf-da5ab79b92f7@group-AF49A4A4CA2A-FollowerState: change to CANDIDATE, lastRpcTime:81ms, electionTimeout:81ms
2019-10-23 12:37:09,562 [Thread-3302] INFO  impl.RoleInfo (RoleInfo.java:shutdownFollowerState(121)) - 279bca68-3e74-4690-81cf-da5ab79b92f7: shutdown FollowerState
2019-10-23 12:37:09,562 [Thread-3302] INFO  impl.RaftServerImpl (RaftServerImpl.java:setRole(184)) - 279bca68-3e74-4690-81cf-da5ab79b92f7@group-AF49A4A4CA2A: changes role from  FOLLOWER to CANDIDATE at term 503 for changeToCandidate
2019-10-23 12:37:09,562 [Thread-3302] INFO  impl.RoleInfo (RoleInfo.java:updateAndGet(143)) - 279bca68-3e74-4690-81cf-da5ab79b92f7: start LeaderElection
2019-10-23 12:37:09,593 [279bca68-3e74-4690-81cf-da5ab79b92f7@group-AF49A4A4CA2A-LeaderElection460] INFO  impl.LeaderElection (LeaderElection.java:askForVotes(178)) - 279bca68-3e74-4690-81cf-da5ab79b92f7@group-AF49A4A4CA2A-LeaderElection460: begin an election at term 504 for -1: [daebe4f8-0ad9-4eb2-8ed7-3a8051847eb6:192.168.69.118:44860, 389d5540-641f-48c2-a9df-60738dbad976:192.168.69.118:45712, 279bca68-3e74-4690-81cf-da5ab79b92f7:192.168.69.118:45510], old=null
2019-10-23 12:37:09,595 [grpc-default-executor-3] INFO  impl.RaftServerImpl (RaftServerImpl.java:setRole(184)) - daebe4f8-0ad9-4eb2-8ed7-3a8051847eb6@group-AF49A4A4CA2A: changes role from  FOLLOWER to FOLLOWER at term 504 for recognizeCandidate:279bca68-3e74-4690-81cf-da5ab79b92f7
2019-10-23 12:37:09,595 [grpc-default-executor-3] INFO  impl.RoleInfo (RoleInfo.java:shutdownFollowerState(121)) - daebe4f8-0ad9-4eb2-8ed7-3a8051847eb6: shutdown FollowerState
2019-10-23 12:37:09,595 [grpc-default-executor-4] INFO  impl.RaftServerImpl (RaftServerImpl.java:setRole(184)) - 389d5540-641f-48c2-a9df-60738dbad976@group-AF49A4A4CA2A: changes role from  FOLLOWER to FOLLOWER at term 504 for recognizeCandidate:279bca68-3e74-4690-81cf-da5ab79b92f7
2019-10-23 12:37:09,595 [grpc-default-executor-3] INFO  impl.RoleInfo (RoleInfo.java:updateAndGet(143)) - daebe4f8-0ad9-4eb2-8ed7-3a8051847eb6: start FollowerState
2019-10-23 12:37:09,595 [Thread-3301] INFO  impl.FollowerState (FollowerState.java:run(117)) - daebe4f8-0ad9-4eb2-8ed7-3a8051847eb6@group-AF49A4A4CA2A-FollowerState was interrupted: java.lang.InterruptedException: sleep interrupted
2019-10-23 12:37:09,595 [grpc-default-executor-4] INFO  impl.RoleInfo (RoleInfo.java:shutdownFollowerState(121)) - 389d5540-641f-48c2-a9df-60738dbad976: shutdown FollowerState
2019-10-23 12:37:09,596 [grpc-default-executor-4] INFO  impl.RoleInfo (RoleInfo.java:updateAndGet(143)) - 389d5540-641f-48c2-a9df-60738dbad976: start FollowerState
2019-10-23 12:37:09,596 [Thread-3300] INFO  impl.FollowerState (FollowerState.java:run(117)) - 389d5540-641f-48c2-a9df-60738dbad976@group-AF49A4A4CA2A-FollowerState was interrupted: java.lang.InterruptedException: sleep interrupted
2019-10-23 12:37:09,608 [279bca68-3e74-4690-81cf-da5ab79b92f7@group-AF49A4A4CA2A-LeaderElection460] INFO  impl.LeaderElection (LeaderElection.java:logAndReturn(56)) - 279bca68-3e74-4690-81cf-da5ab79b92f7@group-AF49A4A4CA2A-LeaderElection460: Election REJECTED; received 2 response(s) [279bca68-3e74-4690-81cf-da5ab79b92f7<-daebe4f8-0ad9-4eb2-8ed7-3a8051847eb6#0:FAIL-t504, 279bca68-3e74-4690-81cf-da5ab79b92f7<-389d5540-641f-48c2-a9df-60738dbad976#0:FAIL-t504] and 0 exception(s); 279bca68-3e74-4690-81cf-da5ab79b92f7@group-AF49A4A4CA2A:t504, leader=null, voted=279bca68-3e74-4690-81cf-da5ab79b92f7, raftlog=279bca68-3e74-4690-81cf-da5ab79b92f7@group-AF49A4A4CA2A-SegmentedRaftLog:OPENED:c-1,f-1,i0, conf=-1: [daebe4f8-0ad9-4eb2-8ed7-3a8051847eb6:192.168.69.118:44860, 389d5540-641f-48c2-a9df-60738dbad976:192.168.69.118:45712, 279bca68-3e74-4690-81cf-da5ab79b92f7:192.168.69.118:45510], old=null
2019-10-23 12:37:09,608 [279bca68-3e74-4690-81cf-da5ab79b92f7@group-AF49A4A4CA2A-LeaderElection460] INFO  impl.RaftServerImpl (RaftServerImpl.java:setRole(184)) - 279bca68-3e74-4690-81cf-da5ab79b92f7@group-AF49A4A4CA2A: changes role from CANDIDATE to FOLLOWER at term 504 for DISCOVERED_A_NEW_TERM
2019-10-23 12:37:09,608 [279bca68-3e74-4690-81cf-da5ab79b92f7@group-AF49A4A4CA2A-LeaderElection460] INFO  impl.RoleInfo (RoleInfo.java:shutdownLeaderElection(134)) - 279bca68-3e74-4690-81cf-da5ab79b92f7: shutdown LeaderElection
2019-10-23 12:37:09,608 [279bca68-3e74-4690-81cf-da5ab79b92f7@group-AF49A4A4CA2A-LeaderElection460] INFO  impl.RoleInfo (RoleInfo.java:updateAndGet(143)) - 279bca68-3e74-4690-81cf-da5ab79b92f7: start FollowerState
2019-10-23 12:37:09,764 [Thread-3308] INFO  impl.FollowerState (FollowerState.java:run(108)) - 279bca68-3e74-4690-81cf-da5ab79b92f7@group-AF49A4A4CA2A-FollowerState: change to CANDIDATE, lastRpcTime:155ms, electionTimeout:155ms
2019-10-23 12:37:09,764 [Thread-3308] INFO  impl.RoleInfo (RoleInfo.java:shutdownFollowerState(121)) - 279bca68-3e74-4690-81cf-da5ab79b92f7: shutdown FollowerState
2019-10-23 12:37:09,764 [Thread-3308] INFO  impl.RaftServerImpl (RaftServerImpl.java:setRole(184)) - 279bca68-3e74-4690-81cf-da5ab79b92f7@group-AF49A4A4CA2A: changes role from  FOLLOWER to CANDIDATE at term 504 for changeToCandidate
2019-10-23 12:37:09,780 [Thread-3308] INFO  impl.RoleInfo (RoleInfo.java:updateAndGet(143)) - 279bca68-3e74-4690-81cf-da5ab79b92f7: start LeaderElection
2019-10-23 12:37:09,838 [279bca68-3e74-4690-81cf-da5ab79b92f7@group-AF49A4A4CA2A-LeaderElection461] INFO  impl.LeaderElection (LeaderElection.java:askForVotes(178)) - 279bca68-3e74-4690-81cf-da5ab79b92f7@group-AF49A4A4CA2A-LeaderElection461: begin an election at term 505 for -1: [daebe4f8-0ad9-4eb2-8ed7-3a8051847eb6:192.168.69.118:44860, 389d5540-641f-48c2-a9df-60738dbad976:192.168.69.118:45712, 279bca68-3e74-4690-81cf-da5ab79b92f7:192.168.69.118:45510], old=null
2019-10-23 12:37:09,840 [grpc-default-executor-4] INFO  impl.RaftServerImpl (RaftServerImpl.java:setRole(184)) - daebe4f8-0ad9-4eb2-8ed7-3a8051847eb6@group-AF49A4A4CA2A: changes role from  FOLLOWER to FOLLOWER at term 505 for recognizeCandidate:279bca68-3e74-4690-81cf-da5ab79b92f7
2019-10-23 12:37:09,840 [grpc-default-executor-4] INFO  impl.RoleInfo (RoleInfo.java:shutdownFollowerState(121)) - daebe4f8-0ad9-4eb2-8ed7-3a8051847eb6: shutdown FollowerState
2019-10-23 12:37:09,840 [grpc-default-executor-3] INFO  impl.RaftServerImpl (RaftServerImpl.java:setRole(184)) - 389d5540-641f-48c2-a9df-60738dbad976@group-AF49A4A4CA2A: changes role from  FOLLOWER to FOLLOWER at term 505 for recognizeCandidate:279bca68-3e74-4690-81cf-da5ab79b92f7
2019-10-23 12:37:09,840 [grpc-default-executor-3] INFO  impl.RoleInfo (RoleInfo.java:shutdownFollowerState(121)) - 389d5540-641f-48c2-a9df-60738dbad976: shutdown FollowerState
2019-10-23 12:37:09,840 [Thread-3306] INFO  impl.FollowerState (FollowerState.java:run(117)) - daebe4f8-0ad9-4eb2-8ed7-3a8051847eb6@group-AF49A4A4CA2A-FollowerState was interrupted: java.lang.InterruptedException: sleep interrupted
2019-10-23 12:37:09,840 [grpc-default-executor-4] INFO  impl.RoleInfo (RoleInfo.java:updateAndGet(143)) - daebe4f8-0ad9-4eb2-8ed7-3a8051847eb6: start FollowerState
2019-10-23 12:37:09,840 [Thread-3307] INFO  impl.FollowerState (FollowerState.java:run(117)) - 389d5540-641f-48c2-a9df-60738dbad976@group-AF49A4A4CA2A-FollowerState was interrupted: java.lang.InterruptedException: sleep interrupted
2019-10-23 12:37:09,840 [grpc-default-executor-3] INFO  impl.RoleInfo (RoleInfo.java:updateAndGet(143)) - 389d5540-641f-48c2-a9df-60738dbad976: start FollowerState
2019-10-23 12:37:09,854 [279bca68-3e74-4690-81cf-da5ab79b92f7@group-AF49A4A4CA2A-LeaderElection461] INFO  impl.LeaderElection (LeaderElection.java:logAndReturn(56)) - 279bca68-3e74-4690-81cf-da5ab79b92f7@group-AF49A4A4CA2A-LeaderElection461: Election TIMEOUT; received 0 response(s) [] and 0 exception(s); 279bca68-3e74-4690-81cf-da5ab79b92f7@group-AF49A4A4CA2A:t505, leader=null, voted=279bca68-3e74-4690-81cf-da5ab79b92f7, raftlog=279bca68-3e74-4690-81cf-da5ab79b92f7@group-AF49A4A4CA2A-SegmentedRaftLog:OPENED:c-1,f-1,i0, conf=-1: [daebe4f8-0ad9-4eb2-8ed7-3a8051847eb6:192.168.69.118:44860, 389d5540-641f-48c2-a9df-60738dbad976:192.168.69.118:45712, 279bca68-3e74-4690-81cf-da5ab79b92f7:192.168.69.118:45510], old=null
2019-10-23 12:37:09,867 [279bca68-3e74-4690-81cf-da5ab79b92f7@group-AF49A4A4CA2A-LeaderElection461] INFO  impl.LeaderElection (LeaderElection.java:askForVotes(178)) - 279bca68-3e74-4690-81cf-da5ab79b92f7@group-AF49A4A4CA2A-LeaderElection461: begin an election at term 506 for -1: [daebe4f8-0ad9-4eb2-8ed7-3a8051847eb6:192.168.69.118:44860, 389d5540-641f-48c2-a9df-60738dbad976:192.168.69.118:45712, 279bca68-3e74-4690-81cf-da5ab79b92f7:192.168.69.118:45510], old=null
2019-10-23 12:37:09,868 [grpc-default-executor-3] INFO  impl.RaftServerImpl (RaftServerImpl.java:setRole(184)) - daebe4f8-0ad9-4eb2-8ed7-3a8051847eb6@group-AF49A4A4CA2A: changes role from  FOLLOWER to FOLLOWER at term 506 for recognizeCandidate:279bca68-3e74-4690-81cf-da5ab79b92f7
2019-10-23 12:37:09,868 [grpc-default-executor-3] INFO  impl.RoleInfo (RoleInfo.java:shutdownFollowerState(121)) - daebe4f8-0ad9-4eb2-8ed7-3a8051847eb6: shutdown FollowerState
2019-10-23 12:37:09,868 [grpc-default-executor-4] INFO  impl.RaftServerImpl (RaftServerImpl.java:setRole(184)) - 389d5540-641f-48c2-a9df-60738dbad976@group-AF49A4A4CA2A: changes role from  FOLLOWER to FOLLOWER at term 506 for recognizeCandidate:279bca68-3e74-4690-81cf-da5ab79b92f7
2019-10-23 12:37:09,869 [grpc-default-executor-4] INFO  impl.RoleInfo (RoleInfo.java:shutdownFollowerState(121)) - 389d5540-641f-48c2-a9df-60738dbad976: shutdown FollowerState
2019-10-23 12:37:09,868 [Thread-3314] INFO  impl.FollowerState (FollowerState.java:run(117)) - daebe4f8-0ad9-4eb2-8ed7-3a8051847eb6@group-AF49A4A4CA2A-FollowerState was interrupted: java.lang.InterruptedException: sleep interrupted
2019-10-23 12:37:09,869 [Thread-3315] INFO  impl.FollowerState (FollowerState.java:run(117)) - 389d5540-641f-48c2-a9df-60738dbad976@group-AF49A4A4CA2A-FollowerState was interrupted: java.lang.InterruptedException: sleep interrupted
2019-10-23 12:37:09,868 [grpc-default-executor-3] INFO  impl.RoleInfo (RoleInfo.java:updateAndGet(143)) - daebe4f8-0ad9-4eb2-8ed7-3a8051847eb6: start FollowerState
2019-10-23 12:37:09,869 [grpc-default-executor-4] INFO  impl.RoleInfo (RoleInfo.java:updateAndGet(143)) - 389d5540-641f-48c2-a9df-60738dbad976: start FollowerState
2019-10-23 12:37:09,878 [279bca68-3e74-4690-81cf-da5ab79b92f7@group-AF49A4A4CA2A-LeaderElection461] INFO  impl.LeaderElection (LeaderElection.java:logAndReturn(56)) - 279bca68-3e74-4690-81cf-da5ab79b92f7@group-AF49A4A4CA2A-LeaderElection461: Election REJECTED; received 2 response(s) [279bca68-3e74-4690-81cf-da5ab79b92f7<-daebe4f8-0ad9-4eb2-8ed7-3a8051847eb6#0:FAIL-t506, 279bca68-3e74-4690-81cf-da5ab79b92f7<-389d5540-641f-48c2-a9df-60738dbad976#0:FAIL-t506] and 0 exception(s); 279bca68-3e74-4690-81cf-da5ab79b92f7@group-AF49A4A4CA2A:t506, leader=null, voted=279bca68-3e74-4690-81cf-da5ab79b92f7, raftlog=279bca68-3e74-4690-81cf-da5ab79b92f7@group-AF49A4A4CA2A-SegmentedRaftLog:OPENED:c-1,f-1,i0, conf=-1: [daebe4f8-0ad9-4eb2-8ed7-3a8051847eb6:192.168.69.118:44860, 389d5540-641f-48c2-a9df-60738dbad976:192.168.69.118:45712, 279bca68-3e74-4690-81cf-da5ab79b92f7:192.168.69.118:45510], old=null
2019-10-23 12:37:09,879 [279bca68-3e74-4690-81cf-da5ab79b92f7@group-AF49A4A4CA2A-LeaderElection461] INFO  impl.RaftServerImpl (RaftServerImpl.java:setRole(184)) - 279bca68-3e74-4690-81cf-da5ab79b92f7@group-AF49A4A4CA2A: changes role from CANDIDATE to FOLLOWER at term 506 for DISCOVERED_A_NEW_TERM
2019-10-23 12:37:09,879 [279bca68-3e74-4690-81cf-da5ab79b92f7@group-AF49A4A4CA2A-LeaderElection461] INFO  impl.RoleInfo (RoleInfo.java:shutdownLeaderElection(134)) - 279bca68-3e74-4690-81cf-da5ab79b92f7: shutdown LeaderElection
2019-10-23 12:37:09,879 [279bca68-3e74-4690-81cf-da5ab79b92f7@group-AF49A4A4CA2A-LeaderElection461] INFO  impl.RoleInfo (RoleInfo.java:updateAndGet(143)) - 279bca68-3e74-4690-81cf-da5ab79b92f7: start FollowerState
2019-10-23 12:37:10,063 [Thread-3320] INFO  impl.FollowerState (FollowerState.java:run(108)) - 279bca68-3e74-4690-81cf-da5ab79b92f7@group-AF49A4A4CA2A-FollowerState: change to CANDIDATE, lastRpcTime:184ms, electionTimeout:184ms
2019-10-23 12:37:10,063 [Thread-3320] INFO  impl.RoleInfo (RoleInfo.java:shutdownFollowerState(121)) - 279bca68-3e74-4690-81cf-da5ab79b92f7: shutdown FollowerState
2019-10-23 12:37:10,063 [Thread-3320] INFO  impl.RaftServerImpl (RaftServerImpl.java:setRole(184)) - 279bca68-3e74-4690-81cf-da5ab79b92f7@group-AF49A4A4CA2A: changes role from  FOLLOWER to CANDIDATE at term 506 for changeToCandidate
2019-10-23 12:37:10,064 [Thread-3320] INFO  impl.RoleInfo (RoleInfo.java:updateAndGet(143)) - 279bca68-3e74-4690-81cf-da5ab79b92f7: start LeaderElection
2019-10-23 12:37:10,078 [279bca68-3e74-4690-81cf-da5ab79b92f7@group-AF49A4A4CA2A-LeaderElection462] INFO  impl.LeaderElection (LeaderElection.java:askForVotes(178)) - 279bca68-3e74-4690-81cf-da5ab79b92f7@group-AF49A4A4CA2A-LeaderElection462: begin an election at term 507 for -1: [daebe4f8-0ad9-4eb2-8ed7-3a8051847eb6:192.168.69.118:44860, 389d5540-641f-48c2-a9df-60738dbad976:192.168.69.118:45712, 279bca68-3e74-4690-81cf-da5ab79b92f7:192.168.69.118:45510], old=null
2019-10-23 12:37:10,079 [grpc-default-executor-3] INFO  impl.RaftServerImpl (RaftServerImpl.java:setRole(184)) - daebe4f8-0ad9-4eb2-8ed7-3a8051847eb6@group-AF49A4A4CA2A: changes role from  FOLLOWER to FOLLOWER at term 507 for recognizeCandidate:279bca68-3e74-4690-81cf-da5ab79b92f7
2019-10-23 12:37:10,080 [grpc-default-executor-4] INFO  impl.RaftServerImpl (RaftServerImpl.java:setRole(184)) - 389d5540-641f-48c2-a9df-60738dbad976@group-AF49A4A4CA2A: changes role from  FOLLOWER to FOLLOWER at term 507 for recognizeCandidate:279bca68-3e74-4690-81cf-da5ab79b92f7
2019-10-23 12:37:10,080 [grpc-default-executor-4] INFO  impl.RoleInfo (RoleInfo.java:shutdownFollowerState(121)) - 389d5540-641f-48c2-a9df-60738dbad976: shutdown FollowerState
2019-10-23 12:37:10,080 [grpc-default-executor-3] INFO  impl.RoleInfo (RoleInfo.java:shutdownFollowerState(121)) - daebe4f8-0ad9-4eb2-8ed7-3a8051847eb6: shutdown FollowerState
2019-10-23 12:37:10,080 [Thread-3319] INFO  impl.FollowerState (FollowerState.java:run(117)) - 389d5540-641f-48c2-a9df-60738dbad976@group-AF49A4A4CA2A-FollowerState was interrupted: java.lang.InterruptedException: sleep interrupted
2019-10-23 12:37:10,080 [grpc-default-executor-4] INFO  impl.RoleInfo (RoleInfo.java:updateAndGet(143)) - 389d5540-641f-48c2-a9df-60738dbad976: start FollowerState
2019-10-23 12:37:10,080 [Thread-3318] INFO  impl.FollowerState (FollowerState.java:run(117)) - daebe4f8-0ad9-4eb2-8ed7-3a8051847eb6@group-AF49A4A4CA2A-FollowerState was interrupted: java.lang.InterruptedException: sleep interrupted
2019-10-23 12:37:10,080 [grpc-default-executor-3] INFO  impl.RoleInfo (RoleInfo.java:updateAndGet(143)) - daebe4f8-0ad9-4eb2-8ed7-3a8051847eb6: start FollowerState
2019-10-23 12:37:10,107 [279bca68-3e74-4690-81cf-da5ab79b92f7@group-AF49A4A4CA2A-LeaderElection462] INFO  impl.LeaderElection (LeaderElection.java:logAndReturn(56)) - 279bca68-3e74-4690-81cf-da5ab79b92f7@group-AF49A4A4CA2A-LeaderElection462: Election REJECTED; received 2 response(s) [279bca68-3e74-4690-81cf-da5ab79b92f7<-daebe4f8-0ad9-4eb2-8ed7-3a8051847eb6#0:FAIL-t507, 279bca68-3e74-4690-81cf-da5ab79b92f7<-389d5540-641f-48c2-a9df-60738dbad976#0:FAIL-t507] and 0 exception(s); 279bca68-3e74-4690-81cf-da5ab79b92f7@group-AF49A4A4CA2A:t507, leader=null, voted=279bca68-3e74-4690-81cf-da5ab79b92f7, raftlog=279bca68-3e74-4690-81cf-da5ab79b92f7@group-AF49A4A4CA2A-SegmentedRaftLog:OPENED:c-1,f-1,i0, conf=-1: [daebe4f8-0ad9-4eb2-8ed7-3a8051847eb6:192.168.69.118:44860, 389d5540-641f-48c2-a9df-60738dbad976:192.168.69.118:45712, 279bca68-3e74-4690-81cf-da5ab79b92f7:192.168.69.118:45510], old=null
2019-10-23 12:37:10,107 [279bca68-3e74-4690-81cf-da5ab79b92f7@group-AF49A4A4CA2A-LeaderElection462] INFO  impl.RaftServerImpl (RaftServerImpl.java:setRole(184)) - 279bca68-3e74-4690-81cf-da5ab79b92f7@group-AF49A4A4CA2A: changes role from CANDIDATE to FOLLOWER at term 507 for DISCOVERED_A_NEW_TERM
2019-10-23 12:37:10,107 [279bca68-3e74-4690-81cf-da5ab79b92f7@group-AF49A4A4CA2A-LeaderElection462] INFO  impl.RoleInfo (RoleInfo.java:shutdownLeaderElection(134)) - 279bca68-3e74-4690-81cf-da5ab79b92f7: shutdown LeaderElection
2019-10-23 12:37:10,108 [279bca68-3e74-4690-81cf-da5ab79b92f7@group-AF49A4A4CA2A-LeaderElection462] INFO  impl.RoleInfo (RoleInfo.java:updateAndGet(143)) - 279bca68-3e74-4690-81cf-da5ab79b92f7: start FollowerState
2019-10-23 12:37:10,205 [Thread-288] INFO  ipc.Client (Client.java:handleConnectionFailure(948)) - Retrying connect to server: localhost/127.0.0.1:40722. Already tried 3 time(s); retry policy is RetryUpToMaximumCountWithFixedSleep(maxRetries=10, sleepTime=1000 MILLISECONDS)
2019-10-23 12:37:10,222 [Thread-3326] INFO  impl.FollowerState (FollowerState.java:run(108)) - 279bca68-3e74-4690-81cf-da5ab79b92f7@group-AF49A4A4CA2A-FollowerState: change to CANDIDATE, lastRpcTime:114ms, electionTimeout:114ms
2019-10-23 12:37:10,222 [Thread-3326] INFO  impl.RoleInfo (RoleInfo.java:shutdownFollowerState(121)) - 279bca68-3e74-4690-81cf-da5ab79b92f7: shutdown FollowerState
2019-10-23 12:37:10,222 [Thread-3326] INFO  impl.RaftServerImpl (RaftServerImpl.java:setRole(184)) - 279bca68-3e74-4690-81cf-da5ab79b92f7@group-AF49A4A4CA2A: changes role from  FOLLOWER to CANDIDATE at term 507 for changeToCandidate
2019-10-23 12:37:10,222 [Thread-3326] INFO  impl.RoleInfo (RoleInfo.java:updateAndGet(143)) - 279bca68-3e74-4690-81cf-da5ab79b92f7: start LeaderElection
2019-10-23 12:37:10,236 [279bca68-3e74-4690-81cf-da5ab79b92f7@group-AF49A4A4CA2A-LeaderElection463] INFO  impl.LeaderElection (LeaderElection.java:askForVotes(178)) - 279bca68-3e74-4690-81cf-da5ab79b92f7@group-AF49A4A4CA2A-LeaderElection463: begin an election at term 508 for -1: [daebe4f8-0ad9-4eb2-8ed7-3a8051847eb6:192.168.69.118:44860, 389d5540-641f-48c2-a9df-60738dbad976:192.168.69.118:45712, 279bca68-3e74-4690-81cf-da5ab79b92f7:192.168.69.118:45510], old=null
2019-10-23 12:37:10,237 [grpc-default-executor-4] INFO  impl.RaftServerImpl (RaftServerImpl.java:setRole(184)) - daebe4f8-0ad9-4eb2-8ed7-3a8051847eb6@group-AF49A4A4CA2A: changes role from  FOLLOWER to FOLLOWER at term 508 for recognizeCandidate:279bca68-3e74-4690-81cf-da5ab79b92f7
2019-10-23 12:37:10,238 [grpc-default-executor-4] INFO  impl.RoleInfo (RoleInfo.java:shutdownFollowerState(121)) - daebe4f8-0ad9-4eb2-8ed7-3a8051847eb6: shutdown FollowerState
2019-10-23 12:37:10,238 [grpc-default-executor-4] INFO  impl.RoleInfo (RoleInfo.java:updateAndGet(143)) - daebe4f8-0ad9-4eb2-8ed7-3a8051847eb6: start FollowerState
2019-10-23 12:37:10,238 [grpc-default-executor-3] INFO  impl.RaftServerImpl (RaftServerImpl.java:setRole(184)) - 389d5540-641f-48c2-a9df-60738dbad976@group-AF49A4A4CA2A: changes role from  FOLLOWER to FOLLOWER at term 508 for recognizeCandidate:279bca68-3e74-4690-81cf-da5ab79b92f7
2019-10-23 12:37:10,238 [grpc-default-executor-3] INFO  impl.RoleInfo (RoleInfo.java:shutdownFollowerState(121)) - 389d5540-641f-48c2-a9df-60738dbad976: shutdown FollowerState
2019-10-23 12:37:10,238 [Thread-3325] INFO  impl.FollowerState (FollowerState.java:run(117)) - daebe4f8-0ad9-4eb2-8ed7-3a8051847eb6@group-AF49A4A4CA2A-FollowerState was interrupted: java.lang.InterruptedException: sleep interrupted
2019-10-23 12:37:10,238 [grpc-default-executor-3] INFO  impl.RoleInfo (RoleInfo.java:updateAndGet(143)) - 389d5540-641f-48c2-a9df-60738dbad976: start FollowerState
2019-10-23 12:37:10,238 [Thread-3324] INFO  impl.FollowerState (FollowerState.java:run(117)) - 389d5540-641f-48c2-a9df-60738dbad976@group-AF49A4A4CA2A-FollowerState was interrupted: java.lang.InterruptedException: sleep interrupted
2019-10-23 12:37:10,263 [279bca68-3e74-4690-81cf-da5ab79b92f7@group-AF49A4A4CA2A-LeaderElection463] INFO  impl.LeaderElection (LeaderElection.java:logAndReturn(56)) - 279bca68-3e74-4690-81cf-da5ab79b92f7@group-AF49A4A4CA2A-LeaderElection463: Election REJECTED; received 2 response(s) [279bca68-3e74-4690-81cf-da5ab79b92f7<-daebe4f8-0ad9-4eb2-8ed7-3a8051847eb6#0:FAIL-t508, 279bca68-3e74-4690-81cf-da5ab79b92f7<-389d5540-641f-48c2-a9df-60738dbad976#0:FAIL-t508] and 0 exception(s); 279bca68-3e74-4690-81cf-da5ab79b92f7@group-AF49A4A4CA2A:t508, leader=null, voted=279bca68-3e74-4690-81cf-da5ab79b92f7, raftlog=279bca68-3e74-4690-81cf-da5ab79b92f7@group-AF49A4A4CA2A-SegmentedRaftLog:OPENED:c-1,f-1,i0, conf=-1: [daebe4f8-0ad9-4eb2-8ed7-3a8051847eb6:192.168.69.118:44860, 389d5540-641f-48c2-a9df-60738dbad976:192.168.69.118:45712, 279bca68-3e74-4690-81cf-da5ab79b92f7:192.168.69.118:45510], old=null
2019-10-23 12:37:10,264 [279bca68-3e74-4690-81cf-da5ab79b92f7@group-AF49A4A4CA2A-LeaderElection463] INFO  impl.RaftServerImpl (RaftServerImpl.java:setRole(184)) - 279bca68-3e74-4690-81cf-da5ab79b92f7@group-AF49A4A4CA2A: changes role from CANDIDATE to FOLLOWER at term 508 for DISCOVERED_A_NEW_TERM
2019-10-23 12:37:10,264 [279bca68-3e74-4690-81cf-da5ab79b92f7@group-AF49A4A4CA2A-LeaderElection463] INFO  impl.RoleInfo (RoleInfo.java:shutdownLeaderElection(134)) - 279bca68-3e74-4690-81cf-da5ab79b92f7: shutdown LeaderElection
2019-10-23 12:37:10,264 [279bca68-3e74-4690-81cf-da5ab79b92f7@group-AF49A4A4CA2A-LeaderElection463] INFO  impl.RoleInfo (RoleInfo.java:updateAndGet(143)) - 279bca68-3e74-4690-81cf-da5ab79b92f7: start FollowerState
2019-10-23 12:37:10,386 [Thread-3332] INFO  impl.FollowerState (FollowerState.java:run(108)) - 279bca68-3e74-4690-81cf-da5ab79b92f7@group-AF49A4A4CA2A-FollowerState: change to CANDIDATE, lastRpcTime:122ms, electionTimeout:122ms
2019-10-23 12:37:10,386 [Thread-3332] INFO  impl.RoleInfo (RoleInfo.java:shutdownFollowerState(121)) - 279bca68-3e74-4690-81cf-da5ab79b92f7: shutdown FollowerState
2019-10-23 12:37:10,386 [Thread-3332] INFO  impl.RaftServerImpl (RaftServerImpl.java:setRole(184)) - 279bca68-3e74-4690-81cf-da5ab79b92f7@group-AF49A4A4CA2A: changes role from  FOLLOWER to CANDIDATE at term 508 for changeToCandidate
2019-10-23 12:37:10,387 [Thread-3332] INFO  impl.RoleInfo (RoleInfo.java:updateAndGet(143)) - 279bca68-3e74-4690-81cf-da5ab79b92f7: start LeaderElection
2019-10-23 12:37:10,412 [279bca68-3e74-4690-81cf-da5ab79b92f7@group-AF49A4A4CA2A-LeaderElection464] INFO  impl.LeaderElection (LeaderElection.java:askForVotes(178)) - 279bca68-3e74-4690-81cf-da5ab79b92f7@group-AF49A4A4CA2A-LeaderElection464: begin an election at term 509 for -1: [daebe4f8-0ad9-4eb2-8ed7-3a8051847eb6:192.168.69.118:44860, 389d5540-641f-48c2-a9df-60738dbad976:192.168.69.118:45712, 279bca68-3e74-4690-81cf-da5ab79b92f7:192.168.69.118:45510], old=null
2019-10-23 12:37:10,414 [grpc-default-executor-3] INFO  impl.RaftServerImpl (RaftServerImpl.java:setRole(184)) - daebe4f8-0ad9-4eb2-8ed7-3a8051847eb6@group-AF49A4A4CA2A: changes role from  FOLLOWER to FOLLOWER at term 509 for recognizeCandidate:279bca68-3e74-4690-81cf-da5ab79b92f7
2019-10-23 12:37:10,414 [grpc-default-executor-4] INFO  impl.RaftServerImpl (RaftServerImpl.java:setRole(184)) - 389d5540-641f-48c2-a9df-60738dbad976@group-AF49A4A4CA2A: changes role from  FOLLOWER to FOLLOWER at term 509 for recognizeCandidate:279bca68-3e74-4690-81cf-da5ab79b92f7
2019-10-23 12:37:10,415 [grpc-default-executor-4] INFO  impl.RoleInfo (RoleInfo.java:shutdownFollowerState(121)) - 389d5540-641f-48c2-a9df-60738dbad976: shutdown FollowerState
2019-10-23 12:37:10,415 [grpc-default-executor-3] INFO  impl.RoleInfo (RoleInfo.java:shutdownFollowerState(121)) - daebe4f8-0ad9-4eb2-8ed7-3a8051847eb6: shutdown FollowerState
2019-10-23 12:37:10,415 [Thread-3331] INFO  impl.FollowerState (FollowerState.java:run(117)) - 389d5540-641f-48c2-a9df-60738dbad976@group-AF49A4A4CA2A-FollowerState was interrupted: java.lang.InterruptedException: sleep interrupted
2019-10-23 12:37:10,415 [Thread-3330] INFO  impl.FollowerState (FollowerState.java:run(117)) - daebe4f8-0ad9-4eb2-8ed7-3a8051847eb6@group-AF49A4A4CA2A-FollowerState was interrupted: java.lang.InterruptedException: sleep interrupted
2019-10-23 12:37:10,415 [grpc-default-executor-4] INFO  impl.RoleInfo (RoleInfo.java:updateAndGet(143)) - 389d5540-641f-48c2-a9df-60738dbad976: start FollowerState
2019-10-23 12:37:10,415 [grpc-default-executor-3] INFO  impl.RoleInfo (RoleInfo.java:updateAndGet(143)) - daebe4f8-0ad9-4eb2-8ed7-3a8051847eb6: start FollowerState
2019-10-23 12:37:10,432 [279bca68-3e74-4690-81cf-da5ab79b92f7@group-AF49A4A4CA2A-LeaderElection464] INFO  impl.LeaderElection (LeaderElection.java:logAndReturn(56)) - 279bca68-3e74-4690-81cf-da5ab79b92f7@group-AF49A4A4CA2A-LeaderElection464: Election REJECTED; received 2 response(s) [279bca68-3e74-4690-81cf-da5ab79b92f7<-daebe4f8-0ad9-4eb2-8ed7-3a8051847eb6#0:FAIL-t509, 279bca68-3e74-4690-81cf-da5ab79b92f7<-389d5540-641f-48c2-a9df-60738dbad976#0:FAIL-t509] and 0 exception(s); 279bca68-3e74-4690-81cf-da5ab79b92f7@group-AF49A4A4CA2A:t509, leader=null, voted=279bca68-3e74-4690-81cf-da5ab79b92f7, raftlog=279bca68-3e74-4690-81cf-da5ab79b92f7@group-AF49A4A4CA2A-SegmentedRaftLog:OPENED:c-1,f-1,i0, conf=-1: [daebe4f8-0ad9-4eb2-8ed7-3a8051847eb6:192.168.69.118:44860, 389d5540-641f-48c2-a9df-60738dbad976:192.168.69.118:45712, 279bca68-3e74-4690-81cf-da5ab79b92f7:192.168.69.118:45510], old=null
2019-10-23 12:37:10,432 [279bca68-3e74-4690-81cf-da5ab79b92f7@group-AF49A4A4CA2A-LeaderElection464] INFO  impl.RaftServerImpl (RaftServerImpl.java:setRole(184)) - 279bca68-3e74-4690-81cf-da5ab79b92f7@group-AF49A4A4CA2A: changes role from CANDIDATE to FOLLOWER at term 509 for DISCOVERED_A_NEW_TERM
2019-10-23 12:37:10,432 [279bca68-3e74-4690-81cf-da5ab79b92f7@group-AF49A4A4CA2A-LeaderElection464] INFO  impl.RoleInfo (RoleInfo.java:shutdownLeaderElection(134)) - 279bca68-3e74-4690-81cf-da5ab79b92f7: shutdown LeaderElection
2019-10-23 12:37:10,432 [279bca68-3e74-4690-81cf-da5ab79b92f7@group-AF49A4A4CA2A-LeaderElection464] INFO  impl.RoleInfo (RoleInfo.java:updateAndGet(143)) - 279bca68-3e74-4690-81cf-da5ab79b92f7: start FollowerState
2019-10-23 12:37:10,573 [Thread-3338] INFO  impl.FollowerState (FollowerState.java:run(108)) - 279bca68-3e74-4690-81cf-da5ab79b92f7@group-AF49A4A4CA2A-FollowerState: change to CANDIDATE, lastRpcTime:141ms, electionTimeout:141ms
2019-10-23 12:37:10,573 [Thread-3338] INFO  impl.RoleInfo (RoleInfo.java:shutdownFollowerState(121)) - 279bca68-3e74-4690-81cf-da5ab79b92f7: shutdown FollowerState
2019-10-23 12:37:10,574 [Thread-3338] INFO  impl.RaftServerImpl (RaftServerImpl.java:setRole(184)) - 279bca68-3e74-4690-81cf-da5ab79b92f7@group-AF49A4A4CA2A: changes role from  FOLLOWER to CANDIDATE at term 509 for changeToCandidate
2019-10-23 12:37:10,574 [Thread-3338] INFO  impl.RoleInfo (RoleInfo.java:updateAndGet(143)) - 279bca68-3e74-4690-81cf-da5ab79b92f7: start LeaderElection
2019-10-23 12:37:10,585 [279bca68-3e74-4690-81cf-da5ab79b92f7@group-AF49A4A4CA2A-LeaderElection465] INFO  impl.LeaderElection (LeaderElection.java:askForVotes(178)) - 279bca68-3e74-4690-81cf-da5ab79b92f7@group-AF49A4A4CA2A-LeaderElection465: begin an election at term 510 for -1: [daebe4f8-0ad9-4eb2-8ed7-3a8051847eb6:192.168.69.118:44860, 389d5540-641f-48c2-a9df-60738dbad976:192.168.69.118:45712, 279bca68-3e74-4690-81cf-da5ab79b92f7:192.168.69.118:45510], old=null
2019-10-23 12:37:10,588 [grpc-default-executor-4] INFO  impl.RaftServerImpl (RaftServerImpl.java:setRole(184)) - daebe4f8-0ad9-4eb2-8ed7-3a8051847eb6@group-AF49A4A4CA2A: changes role from  FOLLOWER to FOLLOWER at term 510 for recognizeCandidate:279bca68-3e74-4690-81cf-da5ab79b92f7
2019-10-23 12:37:10,588 [grpc-default-executor-4] INFO  impl.RoleInfo (RoleInfo.java:shutdownFollowerState(121)) - daebe4f8-0ad9-4eb2-8ed7-3a8051847eb6: shutdown FollowerState
2019-10-23 12:37:10,588 [grpc-default-executor-3] INFO  impl.RaftServerImpl (RaftServerImpl.java:setRole(184)) - 389d5540-641f-48c2-a9df-60738dbad976@group-AF49A4A4CA2A: changes role from  FOLLOWER to FOLLOWER at term 510 for recognizeCandidate:279bca68-3e74-4690-81cf-da5ab79b92f7
2019-10-23 12:37:10,589 [grpc-default-executor-3] INFO  impl.RoleInfo (RoleInfo.java:shutdownFollowerState(121)) - 389d5540-641f-48c2-a9df-60738dbad976: shutdown FollowerState
2019-10-23 12:37:10,588 [Thread-3337] INFO  impl.FollowerState (FollowerState.java:run(117)) - daebe4f8-0ad9-4eb2-8ed7-3a8051847eb6@group-AF49A4A4CA2A-FollowerState was interrupted: java.lang.InterruptedException: sleep interrupted
2019-10-23 12:37:10,589 [Thread-3336] INFO  impl.FollowerState (FollowerState.java:run(117)) - 389d5540-641f-48c2-a9df-60738dbad976@group-AF49A4A4CA2A-FollowerState was interrupted: java.lang.InterruptedException: sleep interrupted
2019-10-23 12:37:10,588 [grpc-default-executor-4] INFO  impl.RoleInfo (RoleInfo.java:updateAndGet(143)) - daebe4f8-0ad9-4eb2-8ed7-3a8051847eb6: start FollowerState
2019-10-23 12:37:10,589 [grpc-default-executor-3] INFO  impl.RoleInfo (RoleInfo.java:updateAndGet(143)) - 389d5540-641f-48c2-a9df-60738dbad976: start FollowerState
2019-10-23 12:37:10,611 [279bca68-3e74-4690-81cf-da5ab79b92f7@group-AF49A4A4CA2A-LeaderElection465] INFO  impl.LeaderElection (LeaderElection.java:logAndReturn(56)) - 279bca68-3e74-4690-81cf-da5ab79b92f7@group-AF49A4A4CA2A-LeaderElection465: Election REJECTED; received 2 response(s) [279bca68-3e74-4690-81cf-da5ab79b92f7<-daebe4f8-0ad9-4eb2-8ed7-3a8051847eb6#0:FAIL-t510, 279bca68-3e74-4690-81cf-da5ab79b92f7<-389d5540-641f-48c2-a9df-60738dbad976#0:FAIL-t510] and 0 exception(s); 279bca68-3e74-4690-81cf-da5ab79b92f7@group-AF49A4A4CA2A:t510, leader=null, voted=279bca68-3e74-4690-81cf-da5ab79b92f7, raftlog=279bca68-3e74-4690-81cf-da5ab79b92f7@group-AF49A4A4CA2A-SegmentedRaftLog:OPENED:c-1,f-1,i0, conf=-1: [daebe4f8-0ad9-4eb2-8ed7-3a8051847eb6:192.168.69.118:44860, 389d5540-641f-48c2-a9df-60738dbad976:192.168.69.118:45712, 279bca68-3e74-4690-81cf-da5ab79b92f7:192.168.69.118:45510], old=null
2019-10-23 12:37:10,611 [279bca68-3e74-4690-81cf-da5ab79b92f7@group-AF49A4A4CA2A-LeaderElection465] INFO  impl.RaftServerImpl (RaftServerImpl.java:setRole(184)) - 279bca68-3e74-4690-81cf-da5ab79b92f7@group-AF49A4A4CA2A: changes role from CANDIDATE to FOLLOWER at term 510 for DISCOVERED_A_NEW_TERM
2019-10-23 12:37:10,611 [279bca68-3e74-4690-81cf-da5ab79b92f7@group-AF49A4A4CA2A-LeaderElection465] INFO  impl.RoleInfo (RoleInfo.java:shutdownLeaderElection(134)) - 279bca68-3e74-4690-81cf-da5ab79b92f7: shutdown LeaderElection
2019-10-23 12:37:10,611 [279bca68-3e74-4690-81cf-da5ab79b92f7@group-AF49A4A4CA2A-LeaderElection465] INFO  impl.RoleInfo (RoleInfo.java:updateAndGet(143)) - 279bca68-3e74-4690-81cf-da5ab79b92f7: start FollowerState
2019-10-23 12:37:10,778 [Thread-3344] INFO  impl.FollowerState (FollowerState.java:run(108)) - 279bca68-3e74-4690-81cf-da5ab79b92f7@group-AF49A4A4CA2A-FollowerState: change to CANDIDATE, lastRpcTime:166ms, electionTimeout:166ms
2019-10-23 12:37:10,778 [Thread-3344] INFO  impl.RoleInfo (RoleInfo.java:shutdownFollowerState(121)) - 279bca68-3e74-4690-81cf-da5ab79b92f7: shutdown FollowerState
2019-10-23 12:37:10,778 [Thread-3344] INFO  impl.RaftServerImpl (RaftServerImpl.java:setRole(184)) - 279bca68-3e74-4690-81cf-da5ab79b92f7@group-AF49A4A4CA2A: changes role from  FOLLOWER to CANDIDATE at term 510 for changeToCandidate
2019-10-23 12:37:10,778 [Thread-3344] INFO  impl.RoleInfo (RoleInfo.java:updateAndGet(143)) - 279bca68-3e74-4690-81cf-da5ab79b92f7: start LeaderElection
2019-10-23 12:37:10,796 [279bca68-3e74-4690-81cf-da5ab79b92f7@group-AF49A4A4CA2A-LeaderElection466] INFO  impl.LeaderElection (LeaderElection.java:askForVotes(178)) - 279bca68-3e74-4690-81cf-da5ab79b92f7@group-AF49A4A4CA2A-LeaderElection466: begin an election at term 511 for -1: [daebe4f8-0ad9-4eb2-8ed7-3a8051847eb6:192.168.69.118:44860, 389d5540-641f-48c2-a9df-60738dbad976:192.168.69.118:45712, 279bca68-3e74-4690-81cf-da5ab79b92f7:192.168.69.118:45510], old=null
2019-10-23 12:37:10,798 [grpc-default-executor-3] INFO  impl.RaftServerImpl (RaftServerImpl.java:setRole(184)) - daebe4f8-0ad9-4eb2-8ed7-3a8051847eb6@group-AF49A4A4CA2A: changes role from  FOLLOWER to FOLLOWER at term 511 for recognizeCandidate:279bca68-3e74-4690-81cf-da5ab79b92f7
2019-10-23 12:37:10,798 [grpc-default-executor-3] INFO  impl.RoleInfo (RoleInfo.java:shutdownFollowerState(121)) - daebe4f8-0ad9-4eb2-8ed7-3a8051847eb6: shutdown FollowerState
2019-10-23 12:37:10,798 [grpc-default-executor-4] INFO  impl.RaftServerImpl (RaftServerImpl.java:setRole(184)) - 389d5540-641f-48c2-a9df-60738dbad976@group-AF49A4A4CA2A: changes role from  FOLLOWER to FOLLOWER at term 511 for recognizeCandidate:279bca68-3e74-4690-81cf-da5ab79b92f7
2019-10-23 12:37:10,799 [grpc-default-executor-4] INFO  impl.RoleInfo (RoleInfo.java:shutdownFollowerState(121)) - 389d5540-641f-48c2-a9df-60738dbad976: shutdown FollowerState
2019-10-23 12:37:10,798 [Thread-3342] INFO  impl.FollowerState (FollowerState.java:run(117)) - daebe4f8-0ad9-4eb2-8ed7-3a8051847eb6@group-AF49A4A4CA2A-FollowerState was interrupted: java.lang.InterruptedException: sleep interrupted
2019-10-23 12:37:10,798 [grpc-default-executor-3] INFO  impl.RoleInfo (RoleInfo.java:updateAndGet(143)) - daebe4f8-0ad9-4eb2-8ed7-3a8051847eb6: start FollowerState
2019-10-23 12:37:10,799 [Thread-3343] INFO  impl.FollowerState (FollowerState.java:run(117)) - 389d5540-641f-48c2-a9df-60738dbad976@group-AF49A4A4CA2A-FollowerState was interrupted: java.lang.InterruptedException: sleep interrupted
2019-10-23 12:37:10,799 [grpc-default-executor-4] INFO  impl.RoleInfo (RoleInfo.java:updateAndGet(143)) - 389d5540-641f-48c2-a9df-60738dbad976: start FollowerState
2019-10-23 12:37:10,812 [279bca68-3e74-4690-81cf-da5ab79b92f7@group-AF49A4A4CA2A-LeaderElection466] INFO  impl.LeaderElection (LeaderElection.java:logAndReturn(56)) - 279bca68-3e74-4690-81cf-da5ab79b92f7@group-AF49A4A4CA2A-LeaderElection466: Election REJECTED; received 2 response(s) [279bca68-3e74-4690-81cf-da5ab79b92f7<-daebe4f8-0ad9-4eb2-8ed7-3a8051847eb6#0:FAIL-t511, 279bca68-3e74-4690-81cf-da5ab79b92f7<-389d5540-641f-48c2-a9df-60738dbad976#0:FAIL-t511] and 0 exception(s); 279bca68-3e74-4690-81cf-da5ab79b92f7@group-AF49A4A4CA2A:t511, leader=null, voted=279bca68-3e74-4690-81cf-da5ab79b92f7, raftlog=279bca68-3e74-4690-81cf-da5ab79b92f7@group-AF49A4A4CA2A-SegmentedRaftLog:OPENED:c-1,f-1,i0, conf=-1: [daebe4f8-0ad9-4eb2-8ed7-3a8051847eb6:192.168.69.118:44860, 389d5540-641f-48c2-a9df-60738dbad976:192.168.69.118:45712, 279bca68-3e74-4690-81cf-da5ab79b92f7:192.168.69.118:45510], old=null
2019-10-23 12:37:10,813 [279bca68-3e74-4690-81cf-da5ab79b92f7@group-AF49A4A4CA2A-LeaderElection466] INFO  impl.RaftServerImpl (RaftServerImpl.java:setRole(184)) - 279bca68-3e74-4690-81cf-da5ab79b92f7@group-AF49A4A4CA2A: changes role from CANDIDATE to FOLLOWER at term 511 for DISCOVERED_A_NEW_TERM
2019-10-23 12:37:10,813 [279bca68-3e74-4690-81cf-da5ab79b92f7@group-AF49A4A4CA2A-LeaderElection466] INFO  impl.RoleInfo (RoleInfo.java:shutdownLeaderElection(134)) - 279bca68-3e74-4690-81cf-da5ab79b92f7: shutdown LeaderElection
2019-10-23 12:37:10,813 [279bca68-3e74-4690-81cf-da5ab79b92f7@group-AF49A4A4CA2A-LeaderElection466] INFO  impl.RoleInfo (RoleInfo.java:updateAndGet(143)) - 279bca68-3e74-4690-81cf-da5ab79b92f7: start FollowerState
2019-10-23 12:37:10,980 [Thread-3352] INFO  impl.FollowerState (FollowerState.java:run(108)) - 279bca68-3e74-4690-81cf-da5ab79b92f7@group-AF49A4A4CA2A-FollowerState: change to CANDIDATE, lastRpcTime:167ms, electionTimeout:167ms
2019-10-23 12:37:10,980 [Thread-3352] INFO  impl.RoleInfo (RoleInfo.java:shutdownFollowerState(121)) - 279bca68-3e74-4690-81cf-da5ab79b92f7: shutdown FollowerState
2019-10-23 12:37:10,981 [Thread-3352] INFO  impl.RaftServerImpl (RaftServerImpl.java:setRole(184)) - 279bca68-3e74-4690-81cf-da5ab79b92f7@group-AF49A4A4CA2A: changes role from  FOLLOWER to CANDIDATE at term 511 for changeToCandidate
2019-10-23 12:37:10,981 [Thread-3352] INFO  impl.RoleInfo (RoleInfo.java:updateAndGet(143)) - 279bca68-3e74-4690-81cf-da5ab79b92f7: start LeaderElection
2019-10-23 12:37:11,005 [279bca68-3e74-4690-81cf-da5ab79b92f7@group-AF49A4A4CA2A-LeaderElection467] INFO  impl.LeaderElection (LeaderElection.java:askForVotes(178)) - 279bca68-3e74-4690-81cf-da5ab79b92f7@group-AF49A4A4CA2A-LeaderElection467: begin an election at term 512 for -1: [daebe4f8-0ad9-4eb2-8ed7-3a8051847eb6:192.168.69.118:44860, 389d5540-641f-48c2-a9df-60738dbad976:192.168.69.118:45712, 279bca68-3e74-4690-81cf-da5ab79b92f7:192.168.69.118:45510], old=null
2019-10-23 12:37:11,007 [grpc-default-executor-3] INFO  impl.RaftServerImpl (RaftServerImpl.java:setRole(184)) - daebe4f8-0ad9-4eb2-8ed7-3a8051847eb6@group-AF49A4A4CA2A: changes role from  FOLLOWER to FOLLOWER at term 512 for recognizeCandidate:279bca68-3e74-4690-81cf-da5ab79b92f7
2019-10-23 12:37:11,007 [grpc-default-executor-4] INFO  impl.RaftServerImpl (RaftServerImpl.java:setRole(184)) - 389d5540-641f-48c2-a9df-60738dbad976@group-AF49A4A4CA2A: changes role from  FOLLOWER to FOLLOWER at term 512 for recognizeCandidate:279bca68-3e74-4690-81cf-da5ab79b92f7
2019-10-23 12:37:11,007 [grpc-default-executor-3] INFO  impl.RoleInfo (RoleInfo.java:shutdownFollowerState(121)) - daebe4f8-0ad9-4eb2-8ed7-3a8051847eb6: shutdown FollowerState
2019-10-23 12:37:11,008 [grpc-default-executor-4] INFO  impl.RoleInfo (RoleInfo.java:shutdownFollowerState(121)) - 389d5540-641f-48c2-a9df-60738dbad976: shutdown FollowerState
2019-10-23 12:37:11,008 [Thread-3350] INFO  impl.FollowerState (FollowerState.java:run(117)) - daebe4f8-0ad9-4eb2-8ed7-3a8051847eb6@group-AF49A4A4CA2A-FollowerState was interrupted: java.lang.InterruptedException: sleep interrupted
2019-10-23 12:37:11,008 [grpc-default-executor-3] INFO  impl.RoleInfo (RoleInfo.java:updateAndGet(143)) - daebe4f8-0ad9-4eb2-8ed7-3a8051847eb6: start FollowerState
2019-10-23 12:37:11,008 [Thread-3351] INFO  impl.FollowerState (FollowerState.java:run(117)) - 389d5540-641f-48c2-a9df-60738dbad976@group-AF49A4A4CA2A-FollowerState was interrupted: java.lang.InterruptedException: sleep interrupted
2019-10-23 12:37:11,008 [grpc-default-executor-4] INFO  impl.RoleInfo (RoleInfo.java:updateAndGet(143)) - 389d5540-641f-48c2-a9df-60738dbad976: start FollowerState
2019-10-23 12:37:11,023 [279bca68-3e74-4690-81cf-da5ab79b92f7@group-AF49A4A4CA2A-LeaderElection467] INFO  impl.LeaderElection (LeaderElection.java:logAndReturn(56)) - 279bca68-3e74-4690-81cf-da5ab79b92f7@group-AF49A4A4CA2A-LeaderElection467: Election REJECTED; received 2 response(s) [279bca68-3e74-4690-81cf-da5ab79b92f7<-daebe4f8-0ad9-4eb2-8ed7-3a8051847eb6#0:FAIL-t512, 279bca68-3e74-4690-81cf-da5ab79b92f7<-389d5540-641f-48c2-a9df-60738dbad976#0:FAIL-t512] and 0 exception(s); 279bca68-3e74-4690-81cf-da5ab79b92f7@group-AF49A4A4CA2A:t512, leader=null, voted=279bca68-3e74-4690-81cf-da5ab79b92f7, raftlog=279bca68-3e74-4690-81cf-da5ab79b92f7@group-AF49A4A4CA2A-SegmentedRaftLog:OPENED:c-1,f-1,i0, conf=-1: [daebe4f8-0ad9-4eb2-8ed7-3a8051847eb6:192.168.69.118:44860, 389d5540-641f-48c2-a9df-60738dbad976:192.168.69.118:45712, 279bca68-3e74-4690-81cf-da5ab79b92f7:192.168.69.118:45510], old=null
2019-10-23 12:37:11,023 [279bca68-3e74-4690-81cf-da5ab79b92f7@group-AF49A4A4CA2A-LeaderElection467] INFO  impl.RaftServerImpl (RaftServerImpl.java:setRole(184)) - 279bca68-3e74-4690-81cf-da5ab79b92f7@group-AF49A4A4CA2A: changes role from CANDIDATE to FOLLOWER at term 512 for DISCOVERED_A_NEW_TERM
2019-10-23 12:37:11,023 [279bca68-3e74-4690-81cf-da5ab79b92f7@group-AF49A4A4CA2A-LeaderElection467] INFO  impl.RoleInfo (RoleInfo.java:shutdownLeaderElection(134)) - 279bca68-3e74-4690-81cf-da5ab79b92f7: shutdown LeaderElection
2019-10-23 12:37:11,024 [279bca68-3e74-4690-81cf-da5ab79b92f7@group-AF49A4A4CA2A-LeaderElection467] INFO  impl.RoleInfo (RoleInfo.java:updateAndGet(143)) - 279bca68-3e74-4690-81cf-da5ab79b92f7: start FollowerState
2019-10-23 12:37:11,168 [Thread-3358] INFO  impl.FollowerState (FollowerState.java:run(108)) - 279bca68-3e74-4690-81cf-da5ab79b92f7@group-AF49A4A4CA2A-FollowerState: change to CANDIDATE, lastRpcTime:144ms, electionTimeout:144ms
2019-10-23 12:37:11,168 [Thread-3358] INFO  impl.RoleInfo (RoleInfo.java:shutdownFollowerState(121)) - 279bca68-3e74-4690-81cf-da5ab79b92f7: shutdown FollowerState
2019-10-23 12:37:11,168 [Thread-3358] INFO  impl.RaftServerImpl (RaftServerImpl.java:setRole(184)) - 279bca68-3e74-4690-81cf-da5ab79b92f7@group-AF49A4A4CA2A: changes role from  FOLLOWER to CANDIDATE at term 512 for changeToCandidate
2019-10-23 12:37:11,168 [Thread-3358] INFO  impl.RoleInfo (RoleInfo.java:updateAndGet(143)) - 279bca68-3e74-4690-81cf-da5ab79b92f7: start LeaderElection
2019-10-23 12:37:11,181 [279bca68-3e74-4690-81cf-da5ab79b92f7@group-AF49A4A4CA2A-LeaderElection468] INFO  impl.LeaderElection (LeaderElection.java:askForVotes(178)) - 279bca68-3e74-4690-81cf-da5ab79b92f7@group-AF49A4A4CA2A-LeaderElection468: begin an election at term 513 for -1: [daebe4f8-0ad9-4eb2-8ed7-3a8051847eb6:192.168.69.118:44860, 389d5540-641f-48c2-a9df-60738dbad976:192.168.69.118:45712, 279bca68-3e74-4690-81cf-da5ab79b92f7:192.168.69.118:45510], old=null
2019-10-23 12:37:11,183 [grpc-default-executor-4] INFO  impl.RaftServerImpl (RaftServerImpl.java:setRole(184)) - daebe4f8-0ad9-4eb2-8ed7-3a8051847eb6@group-AF49A4A4CA2A: changes role from  FOLLOWER to FOLLOWER at term 513 for recognizeCandidate:279bca68-3e74-4690-81cf-da5ab79b92f7
2019-10-23 12:37:11,183 [grpc-default-executor-4] INFO  impl.RoleInfo (RoleInfo.java:shutdownFollowerState(121)) - daebe4f8-0ad9-4eb2-8ed7-3a8051847eb6: shutdown FollowerState
2019-10-23 12:37:11,183 [grpc-default-executor-3] INFO  impl.RaftServerImpl (RaftServerImpl.java:setRole(184)) - 389d5540-641f-48c2-a9df-60738dbad976@group-AF49A4A4CA2A: changes role from  FOLLOWER to FOLLOWER at term 513 for recognizeCandidate:279bca68-3e74-4690-81cf-da5ab79b92f7
2019-10-23 12:37:11,183 [grpc-default-executor-3] INFO  impl.RoleInfo (RoleInfo.java:shutdownFollowerState(121)) - 389d5540-641f-48c2-a9df-60738dbad976: shutdown FollowerState
2019-10-23 12:37:11,183 [Thread-3356] INFO  impl.FollowerState (FollowerState.java:run(117)) - daebe4f8-0ad9-4eb2-8ed7-3a8051847eb6@group-AF49A4A4CA2A-FollowerState was interrupted: java.lang.InterruptedException: sleep interrupted
2019-10-23 12:37:11,183 [grpc-default-executor-4] INFO  impl.RoleInfo (RoleInfo.java:updateAndGet(143)) - daebe4f8-0ad9-4eb2-8ed7-3a8051847eb6: start FollowerState
2019-10-23 12:37:11,184 [Thread-3357] INFO  impl.FollowerState (FollowerState.java:run(117)) - 389d5540-641f-48c2-a9df-60738dbad976@group-AF49A4A4CA2A-FollowerState was interrupted: java.lang.InterruptedException: sleep interrupted
2019-10-23 12:37:11,184 [grpc-default-executor-3] INFO  impl.RoleInfo (RoleInfo.java:updateAndGet(143)) - 389d5540-641f-48c2-a9df-60738dbad976: start FollowerState
2019-10-23 12:37:11,198 [279bca68-3e74-4690-81cf-da5ab79b92f7@group-AF49A4A4CA2A-LeaderElection468] INFO  impl.LeaderElection (LeaderElection.java:logAndReturn(56)) - 279bca68-3e74-4690-81cf-da5ab79b92f7@group-AF49A4A4CA2A-LeaderElection468: Election REJECTED; received 2 response(s) [279bca68-3e74-4690-81cf-da5ab79b92f7<-daebe4f8-0ad9-4eb2-8ed7-3a8051847eb6#0:FAIL-t513, 279bca68-3e74-4690-81cf-da5ab79b92f7<-389d5540-641f-48c2-a9df-60738dbad976#0:FAIL-t513] and 0 exception(s); 279bca68-3e74-4690-81cf-da5ab79b92f7@group-AF49A4A4CA2A:t513, leader=null, voted=279bca68-3e74-4690-81cf-da5ab79b92f7, raftlog=279bca68-3e74-4690-81cf-da5ab79b92f7@group-AF49A4A4CA2A-SegmentedRaftLog:OPENED:c-1,f-1,i0, conf=-1: [daebe4f8-0ad9-4eb2-8ed7-3a8051847eb6:192.168.69.118:44860, 389d5540-641f-48c2-a9df-60738dbad976:192.168.69.118:45712, 279bca68-3e74-4690-81cf-da5ab79b92f7:192.168.69.118:45510], old=null
2019-10-23 12:37:11,198 [279bca68-3e74-4690-81cf-da5ab79b92f7@group-AF49A4A4CA2A-LeaderElection468] INFO  impl.RaftServerImpl (RaftServerImpl.java:setRole(184)) - 279bca68-3e74-4690-81cf-da5ab79b92f7@group-AF49A4A4CA2A: changes role from CANDIDATE to FOLLOWER at term 513 for DISCOVERED_A_NEW_TERM
2019-10-23 12:37:11,198 [279bca68-3e74-4690-81cf-da5ab79b92f7@group-AF49A4A4CA2A-LeaderElection468] INFO  impl.RoleInfo (RoleInfo.java:shutdownLeaderElection(134)) - 279bca68-3e74-4690-81cf-da5ab79b92f7: shutdown LeaderElection
2019-10-23 12:37:11,198 [279bca68-3e74-4690-81cf-da5ab79b92f7@group-AF49A4A4CA2A-LeaderElection468] INFO  impl.RoleInfo (RoleInfo.java:updateAndGet(143)) - 279bca68-3e74-4690-81cf-da5ab79b92f7: start FollowerState
2019-10-23 12:37:11,206 [Thread-288] INFO  ipc.Client (Client.java:handleConnectionFailure(948)) - Retrying connect to server: localhost/127.0.0.1:40722. Already tried 4 time(s); retry policy is RetryUpToMaximumCountWithFixedSleep(maxRetries=10, sleepTime=1000 MILLISECONDS)
2019-10-23 12:37:11,248 [main] INFO  ozoneimpl.OzoneContainer (OzoneContainer.java:stop(227)) - Attempting to stop container services.
2019-10-23 12:37:11,248 [ForkJoinPool.commonPool-worker-0] INFO  ozoneimpl.OzoneContainer (OzoneContainer.java:stop(227)) - Attempting to stop container services.
2019-10-23 12:37:11,249 [main] INFO  impl.RaftServerProxy (RaftServerProxy.java:lambda$close$4(314)) - 6ab07dc1-44de-469f-9394-eacc6d443333: close
2019-10-23 12:37:11,249 [ForkJoinPool.commonPool-worker-0] INFO  impl.RaftServerProxy (RaftServerProxy.java:lambda$close$4(314)) - 279bca68-3e74-4690-81cf-da5ab79b92f7: close
2019-10-23 12:37:11,249 [main] INFO  impl.RaftServerImpl (RaftServerImpl.java:lambda$shutdown$3(261)) - 6ab07dc1-44de-469f-9394-eacc6d443333@group-844EAE8F8DFF: shutdown
2019-10-23 12:37:11,249 [ForkJoinPool.commonPool-worker-0] INFO  impl.RaftServerImpl (RaftServerImpl.java:lambda$shutdown$3(261)) - 279bca68-3e74-4690-81cf-da5ab79b92f7@group-ECCFA4C9474F: shutdown
2019-10-23 12:37:11,250 [main] INFO  util.JmxRegister (JmxRegister.java:unregister(73)) - Successfully un-registered JMX Bean with object name Ratis:service=RaftServer,group=group-844EAE8F8DFF,id=6ab07dc1-44de-469f-9394-eacc6d443333
2019-10-23 12:37:11,250 [main] INFO  impl.RoleInfo (RoleInfo.java:shutdownLeaderState(104)) - 6ab07dc1-44de-469f-9394-eacc6d443333: shutdown LeaderState
2019-10-23 12:37:11,250 [ForkJoinPool.commonPool-worker-0] INFO  util.JmxRegister (JmxRegister.java:unregister(73)) - Successfully un-registered JMX Bean with object name Ratis:service=RaftServer,group=group-ECCFA4C9474F,id=279bca68-3e74-4690-81cf-da5ab79b92f7
2019-10-23 12:37:11,251 [main] INFO  impl.PendingRequests (PendingRequests.java:sendNotLeaderResponses(202)) - 6ab07dc1-44de-469f-9394-eacc6d443333@group-844EAE8F8DFF-PendingRequests: sendNotLeaderResponses
2019-10-23 12:37:11,251 [ForkJoinPool.commonPool-worker-0] INFO  impl.RoleInfo (RoleInfo.java:shutdownLeaderState(104)) - 279bca68-3e74-4690-81cf-da5ab79b92f7: shutdown LeaderState
2019-10-23 12:37:11,252 [main] INFO  impl.StateMachineUpdater (StateMachineUpdater.java:stopAndJoin(136)) - 6ab07dc1-44de-469f-9394-eacc6d443333@group-844EAE8F8DFF-StateMachineUpdater: set stopIndex = 0
2019-10-23 12:37:11,252 [ForkJoinPool.commonPool-worker-0] INFO  impl.PendingRequests (PendingRequests.java:sendNotLeaderResponses(202)) - 279bca68-3e74-4690-81cf-da5ab79b92f7@group-ECCFA4C9474F-PendingRequests: sendNotLeaderResponses
2019-10-23 12:37:11,252 [main] INFO  impl.RaftServerImpl (ServerState.java:close(388)) - 6ab07dc1-44de-469f-9394-eacc6d443333@group-844EAE8F8DFF: closes. applyIndex: 0
2019-10-23 12:37:11,252 [Thread-3364] INFO  impl.FollowerState (FollowerState.java:run(108)) - 279bca68-3e74-4690-81cf-da5ab79b92f7@group-AF49A4A4CA2A-FollowerState: change to CANDIDATE, lastRpcTime:54ms, electionTimeout:54ms
2019-10-23 12:37:11,252 [ForkJoinPool.commonPool-worker-0] INFO  impl.StateMachineUpdater (StateMachineUpdater.java:stopAndJoin(136)) - 279bca68-3e74-4690-81cf-da5ab79b92f7@group-ECCFA4C9474F-StateMachineUpdater: set stopIndex = 0
2019-10-23 12:37:11,253 [6ab07dc1-44de-469f-9394-eacc6d443333@group-844EAE8F8DFF-SegmentedRaftLogWorker] INFO  segmented.SegmentedRaftLogWorker (SegmentedRaftLogWorker.java:run(316)) - 6ab07dc1-44de-469f-9394-eacc6d443333@group-844EAE8F8DFF-SegmentedRaftLogWorker was interrupted, exiting. There are 0 tasks remaining in the queue.
2019-10-23 12:37:11,253 [Thread-3364] INFO  impl.RoleInfo (RoleInfo.java:shutdownFollowerState(121)) - 279bca68-3e74-4690-81cf-da5ab79b92f7: shutdown FollowerState
2019-10-23 12:37:11,253 [ForkJoinPool.commonPool-worker-0] INFO  impl.RaftServerImpl (ServerState.java:close(388)) - 279bca68-3e74-4690-81cf-da5ab79b92f7@group-ECCFA4C9474F: closes. applyIndex: 0
2019-10-23 12:37:11,255 [main] INFO  segmented.SegmentedRaftLogWorker (SegmentedRaftLogWorker.java:close(224)) - 6ab07dc1-44de-469f-9394-eacc6d443333@group-844EAE8F8DFF-SegmentedRaftLogWorker close()
2019-10-23 12:37:11,255 [Thread-3364] INFO  impl.RaftServerImpl (RaftServerImpl.java:setRole(184)) - 279bca68-3e74-4690-81cf-da5ab79b92f7@group-AF49A4A4CA2A: changes role from  FOLLOWER to CANDIDATE at term 513 for changeToCandidate
2019-10-23 12:37:11,257 [main] INFO  server.GrpcService (GrpcService.java:closeImpl(164)) - 6ab07dc1-44de-469f-9394-eacc6d443333: shutdown server with port 36388 now
2019-10-23 12:37:11,255 [279bca68-3e74-4690-81cf-da5ab79b92f7@group-ECCFA4C9474F-SegmentedRaftLogWorker] INFO  segmented.SegmentedRaftLogWorker (SegmentedRaftLogWorker.java:run(316)) - 279bca68-3e74-4690-81cf-da5ab79b92f7@group-ECCFA4C9474F-SegmentedRaftLogWorker was interrupted, exiting. There are 0 tasks remaining in the queue.
2019-10-23 12:37:11,258 [Thread-3364] INFO  impl.RoleInfo (RoleInfo.java:updateAndGet(143)) - 279bca68-3e74-4690-81cf-da5ab79b92f7: start LeaderElection
2019-10-23 12:37:11,259 [ForkJoinPool.commonPool-worker-0] INFO  segmented.SegmentedRaftLogWorker (SegmentedRaftLogWorker.java:close(224)) - 279bca68-3e74-4690-81cf-da5ab79b92f7@group-ECCFA4C9474F-SegmentedRaftLogWorker close()
2019-10-23 12:37:11,259 [main] INFO  server.GrpcService (GrpcService.java:closeImpl(172)) - 6ab07dc1-44de-469f-9394-eacc6d443333: shutdown server with port 36388 successfully
2019-10-23 12:37:11,261 [ForkJoinPool.commonPool-worker-0] INFO  impl.RaftServerImpl (RaftServerImpl.java:lambda$shutdown$3(261)) - 279bca68-3e74-4690-81cf-da5ab79b92f7@group-AF49A4A4CA2A: shutdown
2019-10-23 12:37:11,262 [ForkJoinPool.commonPool-worker-0] INFO  util.JmxRegister (JmxRegister.java:unregister(73)) - Successfully un-registered JMX Bean with object name Ratis:service=RaftServer,group=group-AF49A4A4CA2A,id=279bca68-3e74-4690-81cf-da5ab79b92f7
2019-10-23 12:37:11,262 [ForkJoinPool.commonPool-worker-0] INFO  impl.RoleInfo (RoleInfo.java:shutdownLeaderElection(134)) - 279bca68-3e74-4690-81cf-da5ab79b92f7: shutdown LeaderElection
2019-10-23 12:37:11,262 [ForkJoinPool.commonPool-worker-0] INFO  impl.StateMachineUpdater (StateMachineUpdater.java:stopAndJoin(136)) - 279bca68-3e74-4690-81cf-da5ab79b92f7@group-AF49A4A4CA2A-StateMachineUpdater: set stopIndex = -1
2019-10-23 12:37:11,263 [ForkJoinPool.commonPool-worker-0] INFO  impl.RaftServerImpl (ServerState.java:close(388)) - 279bca68-3e74-4690-81cf-da5ab79b92f7@group-AF49A4A4CA2A: closes. applyIndex: -1
2019-10-23 12:37:11,263 [279bca68-3e74-4690-81cf-da5ab79b92f7@group-AF49A4A4CA2A-SegmentedRaftLogWorker] INFO  segmented.SegmentedRaftLogWorker (SegmentedRaftLogWorker.java:run(316)) - 279bca68-3e74-4690-81cf-da5ab79b92f7@group-AF49A4A4CA2A-SegmentedRaftLogWorker was interrupted, exiting. There are 0 tasks remaining in the queue.
2019-10-23 12:37:11,263 [ForkJoinPool.commonPool-worker-0] INFO  segmented.SegmentedRaftLogWorker (SegmentedRaftLogWorker.java:close(224)) - 279bca68-3e74-4690-81cf-da5ab79b92f7@group-AF49A4A4CA2A-SegmentedRaftLogWorker close()
2019-10-23 12:37:11,265 [ForkJoinPool.commonPool-worker-0] INFO  server.GrpcService (GrpcService.java:closeImpl(164)) - 279bca68-3e74-4690-81cf-da5ab79b92f7: shutdown server with port 45510 now
2019-10-23 12:37:11,266 [refreshUsed-/workdir/hadoop-ozone/integration-test/target/test-dir/MiniOzoneClusterImpl-7da343b7-2e3e-4959-adfc-85e1dda11563/datanode-2/data/containers] WARN  fs.CachingGetSpaceUsed (CachingGetSpaceUsed.java:run(183)) - Thread Interrupted waiting to refresh disk information: sleep interrupted
2019-10-23 12:37:11,266 [ForkJoinPool.commonPool-worker-0] INFO  server.GrpcService (GrpcService.java:closeImpl(172)) - 279bca68-3e74-4690-81cf-da5ab79b92f7: shutdown server with port 45510 successfully
2019-10-23 12:37:11,276 [279bca68-3e74-4690-81cf-da5ab79b92f7@group-AF49A4A4CA2A-LeaderElection469] INFO  impl.LeaderElection (LeaderElection.java:askForVotes(178)) - 279bca68-3e74-4690-81cf-da5ab79b92f7@group-AF49A4A4CA2A-LeaderElection469: begin an election at term 514 for -1: [daebe4f8-0ad9-4eb2-8ed7-3a8051847eb6:192.168.69.118:44860, 389d5540-641f-48c2-a9df-60738dbad976:192.168.69.118:45712, 279bca68-3e74-4690-81cf-da5ab79b92f7:192.168.69.118:45510], old=null
2019-10-23 12:37:11,276 [refreshUsed-/workdir/hadoop-ozone/integration-test/target/test-dir/MiniOzoneClusterImpl-7da343b7-2e3e-4959-adfc-85e1dda11563/datanode-1/data/containers] WARN  fs.CachingGetSpaceUsed (CachingGetSpaceUsed.java:run(183)) - Thread Interrupted waiting to refresh disk information: sleep interrupted
2019-10-23 12:37:11,280 [279bca68-3e74-4690-81cf-da5ab79b92f7@group-AF49A4A4CA2A-LeaderElection469] INFO  impl.LeaderElection (LeaderElection.java:run(137)) - 279bca68-3e74-4690-81cf-da5ab79b92f7@group-AF49A4A4CA2A-LeaderElection469: IllegalArgumentException is safely ignored since this is already CLOSING
java.lang.IllegalArgumentException: 279bca68-3e74-4690-81cf-da5ab79b92f7@group-AF49A4A4CA2A-SegmentedRaftLog is expected to be opened but it is CLOSED
	at org.apache.ratis.util.OpenCloseState.assertOpen(OpenCloseState.java:63)
	at org.apache.ratis.server.raftlog.RaftLog.checkLogState(RaftLog.java:102)
	at org.apache.ratis.server.raftlog.segmented.SegmentedRaftLog.getLastEntryTermIndex(SegmentedRaftLog.java:345)
	at org.apache.ratis.server.impl.LeaderElection.askForVotes(LeaderElection.java:180)
	at org.apache.ratis.server.impl.LeaderElection.run(LeaderElection.java:133)
	at java.lang.Thread.run(Thread.java:748)
Caused by: org.apache.ratis.util.OpenCloseState$CloseTrace: Close 279bca68-3e74-4690-81cf-da5ab79b92f7@group-AF49A4A4CA2A-SegmentedRaftLog
	at org.apache.ratis.util.OpenCloseState.lambda$close$1(OpenCloseState.java:109)
	at java.util.concurrent.atomic.AtomicReference.getAndUpdate(AtomicReference.java:160)
	at org.apache.ratis.util.OpenCloseState.close(OpenCloseState.java:109)
	at org.apache.ratis.server.raftlog.RaftLog.close(RaftLog.java:437)
	at org.apache.ratis.server.raftlog.segmented.SegmentedRaftLog.close(SegmentedRaftLog.java:500)
	at org.apache.ratis.server.impl.ServerState.close(ServerState.java:390)
	at org.apache.ratis.server.impl.RaftServerImpl.lambda$shutdown$3(RaftServerImpl.java:283)
	at org.apache.ratis.util.LifeCycle.lambda$checkStateAndClose$2(LifeCycle.java:231)
	at org.apache.ratis.util.LifeCycle.checkStateAndClose(LifeCycle.java:251)
	at org.apache.ratis.util.LifeCycle.checkStateAndClose(LifeCycle.java:229)
	at org.apache.ratis.server.impl.RaftServerImpl.shutdown(RaftServerImpl.java:260)
	at org.apache.ratis.server.impl.RaftServerProxy$ImplMap.lambda$close$0(RaftServerProxy.java:107)
	at java.util.stream.ForEachOps$ForEachOp$OfRef.accept(ForEachOps.java:183)
	at java.util.stream.ReferencePipeline$3$1.accept(ReferencePipeline.java:193)
	at java.util.concurrent.ConcurrentHashMap$ValueSpliterator.forEachRemaining(ConcurrentHashMap.java:3566)
	at java.util.stream.AbstractPipeline.copyInto(AbstractPipeline.java:482)
	at java.util.stream.ForEachOps$ForEachTask.compute(ForEachOps.java:290)
	at java.util.concurrent.CountedCompleter.exec(CountedCompleter.java:731)
	at java.util.concurrent.ForkJoinTask.doExec(ForkJoinTask.java:289)
	at java.util.concurrent.ForkJoinPool.helpComplete(ForkJoinPool.java:1870)
	at java.util.concurrent.ForkJoinPool.awaitJoin(ForkJoinPool.java:2045)
	at java.util.concurrent.ForkJoinTask.doInvoke(ForkJoinTask.java:404)
	at java.util.concurrent.ForkJoinTask.invoke(ForkJoinTask.java:734)
	at java.util.stream.ForEachOps$ForEachOp.evaluateParallel(ForEachOps.java:159)
	at java.util.stream.ForEachOps$ForEachOp$OfRef.evaluateParallel(ForEachOps.java:173)
	at java.util.stream.AbstractPipeline.evaluate(AbstractPipeline.java:233)
	at java.util.stream.ReferencePipeline.forEach(ReferencePipeline.java:485)
	at org.apache.ratis.server.impl.RaftServerProxy$ImplMap.close(RaftServerProxy.java:107)
	at org.apache.ratis.server.impl.RaftServerProxy.lambda$close$4(RaftServerProxy.java:315)
	at org.apache.ratis.util.LifeCycle.lambda$checkStateAndClose$2(LifeCycle.java:231)
	at org.apache.ratis.util.LifeCycle.checkStateAndClose(LifeCycle.java:251)
	at org.apache.ratis.util.LifeCycle.checkStateAndClose(LifeCycle.java:229)
	at org.apache.ratis.server.impl.RaftServerProxy.close(RaftServerProxy.java:313)
	at org.apache.hadoop.ozone.container.common.transport.server.ratis.XceiverServerRatis.stop(XceiverServerRatis.java:448)
	at org.apache.hadoop.ozone.container.ozoneimpl.OzoneContainer.stop(OzoneContainer.java:229)
	at org.apache.hadoop.ozone.container.common.statemachine.DatanodeStateMachine.close(DatanodeStateMachine.java:270)
	at org.apache.hadoop.ozone.container.common.statemachine.DatanodeStateMachine.stopDaemon(DatanodeStateMachine.java:394)
	at org.apache.hadoop.ozone.HddsDatanodeService.stop(HddsDatanodeService.java:457)
	at org.apache.hadoop.ozone.MiniOzoneClusterImpl.stopDatanode(MiniOzoneClusterImpl.java:385)
	at java.util.stream.ForEachOps$ForEachOp$OfRef.accept(ForEachOps.java:183)
	at java.util.ArrayList$ArrayListSpliterator.forEachRemaining(ArrayList.java:1382)
	at java.util.stream.AbstractPipeline.copyInto(AbstractPipeline.java:482)
	at java.util.stream.ForEachOps$ForEachTask.compute(ForEachOps.java:290)
	at java.util.concurrent.CountedCompleter.exec(CountedCompleter.java:731)
	at java.util.concurrent.ForkJoinTask.doExec(ForkJoinTask.java:289)
	at java.util.concurrent.ForkJoinPool$WorkQueue.runTask(ForkJoinPool.java:1056)
	at java.util.concurrent.ForkJoinPool.runWorker(ForkJoinPool.java:1692)
	at java.util.concurrent.ForkJoinWorkerThread.run(ForkJoinWorkerThread.java:157)
2019-10-23 12:37:11,303 [main] INFO  utils.BackgroundService (BackgroundService.java:shutdown(151)) - Shutting down service BlockDeletingService
2019-10-23 12:37:11,304 [ForkJoinPool.commonPool-worker-0] INFO  utils.BackgroundService (BackgroundService.java:shutdown(151)) - Shutting down service BlockDeletingService
2019-10-23 12:37:11,307 [ForkJoinPool.commonPool-worker-0] INFO  statemachine.DatanodeStateMachine (DatanodeStateMachine.java:stopDaemon(395)) - Ozone container server stopped.
2019-10-23 12:37:11,307 [main] INFO  statemachine.DatanodeStateMachine (DatanodeStateMachine.java:stopDaemon(395)) - Ozone container server stopped.
2019-10-23 12:37:11,310 [ForkJoinPool.commonPool-worker-0] INFO  handler.ContextHandler (ContextHandler.java:doStop(910)) - Stopped o.e.j.w.WebAppContext@7e446d92{/,null,UNAVAILABLE}{/hddsDatanode}
2019-10-23 12:37:11,311 [main] INFO  handler.ContextHandler (ContextHandler.java:doStop(910)) - Stopped o.e.j.w.WebAppContext@3722c145{/,null,UNAVAILABLE}{/hddsDatanode}
2019-10-23 12:37:11,311 [ForkJoinPool.commonPool-worker-0] INFO  server.AbstractConnector (AbstractConnector.java:doStop(318)) - Stopped ServerConnector@57f9b467{HTTP/1.1,[http/1.1]}{0.0.0.0:0}
2019-10-23 12:37:11,312 [main] INFO  server.AbstractConnector (AbstractConnector.java:doStop(318)) - Stopped ServerConnector@4cbc2e3b{HTTP/1.1,[http/1.1]}{0.0.0.0:0}
2019-10-23 12:37:11,312 [ForkJoinPool.commonPool-worker-0] INFO  handler.ContextHandler (ContextHandler.java:doStop(910)) - Stopped o.e.j.s.ServletContextHandler@544e8149{/static,jar:file:/home/user/.m2/repository/org/apache/hadoop/hadoop-hdds-container-service/0.5.0-SNAPSHOT/hadoop-hdds-container-service-0.5.0-SNAPSHOT.jar!/webapps/static,UNAVAILABLE}
2019-10-23 12:37:11,313 [main] INFO  handler.ContextHandler (ContextHandler.java:doStop(910)) - Stopped o.e.j.s.ServletContextHandler@1caa9eb6{/static,jar:file:/home/user/.m2/repository/org/apache/hadoop/hadoop-hdds-container-service/0.5.0-SNAPSHOT/hadoop-hdds-container-service-0.5.0-SNAPSHOT.jar!/webapps/static,UNAVAILABLE}
2019-10-23 12:37:11,313 [ForkJoinPool.commonPool-worker-0] INFO  handler.ContextHandler (ContextHandler.java:doStop(910)) - Stopped o.e.j.s.ServletContextHandler@29a98d9f{/logs,file:///workdir/hadoop-ozone/integration-test/target/log,UNAVAILABLE}
2019-10-23 12:37:11,314 [main] INFO  handler.ContextHandler (ContextHandler.java:doStop(910)) - Stopped o.e.j.s.ServletContextHandler@51ec2856{/logs,file:///workdir/hadoop-ozone/integration-test/target/log,UNAVAILABLE}
2019-10-23 12:37:11,997 [Datanode State Machine Thread - 0] INFO  statemachine.DatanodeStateMachine (DatanodeStateMachine.java:lambda$startDaemon$0(350)) - Ozone container server started.
2019-10-23 12:37:12,062 [Datanode State Machine Thread - 0] INFO  statemachine.DatanodeStateMachine (DatanodeStateMachine.java:lambda$startDaemon$0(350)) - Ozone container server started.
2019-10-23 12:37:12,207 [Thread-288] INFO  ipc.Client (Client.java:handleConnectionFailure(948)) - Retrying connect to server: localhost/127.0.0.1:40722. Already tried 5 time(s); retry policy is RetryUpToMaximumCountWithFixedSleep(maxRetries=10, sleepTime=1000 MILLISECONDS)
2019-10-23 12:37:13,208 [Thread-288] INFO  ipc.Client (Client.java:handleConnectionFailure(948)) - Retrying connect to server: localhost/127.0.0.1:40722. Already tried 6 time(s); retry policy is RetryUpToMaximumCountWithFixedSleep(maxRetries=10, sleepTime=1000 MILLISECONDS)
2019-10-23 12:37:14,209 [Thread-288] INFO  ipc.Client (Client.java:handleConnectionFailure(948)) - Retrying connect to server: localhost/127.0.0.1:40722. Already tried 7 time(s); retry policy is RetryUpToMaximumCountWithFixedSleep(maxRetries=10, sleepTime=1000 MILLISECONDS)
2019-10-23 12:37:15,211 [Thread-288] INFO  ipc.Client (Client.java:handleConnectionFailure(948)) - Retrying connect to server: localhost/127.0.0.1:40722. Already tried 8 time(s); retry policy is RetryUpToMaximumCountWithFixedSleep(maxRetries=10, sleepTime=1000 MILLISECONDS)
2019-10-23 12:37:16,207 [Thread-3363] INFO  impl.FollowerState (FollowerState.java:run(108)) - 389d5540-641f-48c2-a9df-60738dbad976@group-AF49A4A4CA2A-FollowerState: change to CANDIDATE, lastRpcTime:5022ms, electionTimeout:5022ms
2019-10-23 12:37:16,207 [Thread-3363] INFO  impl.RoleInfo (RoleInfo.java:shutdownFollowerState(121)) - 389d5540-641f-48c2-a9df-60738dbad976: shutdown FollowerState
2019-10-23 12:37:16,207 [Thread-3363] INFO  impl.RaftServerImpl (RaftServerImpl.java:setRole(184)) - 389d5540-641f-48c2-a9df-60738dbad976@group-AF49A4A4CA2A: changes role from  FOLLOWER to CANDIDATE at term 513 for changeToCandidate
2019-10-23 12:37:16,207 [Thread-3363] INFO  impl.RoleInfo (RoleInfo.java:updateAndGet(143)) - 389d5540-641f-48c2-a9df-60738dbad976: start LeaderElection
2019-10-23 12:37:16,213 [Thread-288] INFO  ipc.Client (Client.java:handleConnectionFailure(948)) - Retrying connect to server: localhost/127.0.0.1:40722. Already tried 9 time(s); retry policy is RetryUpToMaximumCountWithFixedSleep(maxRetries=10, sleepTime=1000 MILLISECONDS)
2019-10-23 12:37:16,221 [389d5540-641f-48c2-a9df-60738dbad976@group-AF49A4A4CA2A-LeaderElection470] INFO  impl.LeaderElection (LeaderElection.java:askForVotes(178)) - 389d5540-641f-48c2-a9df-60738dbad976@group-AF49A4A4CA2A-LeaderElection470: begin an election at term 514 for 0: [daebe4f8-0ad9-4eb2-8ed7-3a8051847eb6:192.168.69.118:44860, 389d5540-641f-48c2-a9df-60738dbad976:192.168.69.118:45712, 279bca68-3e74-4690-81cf-da5ab79b92f7:192.168.69.118:45510], old=null
2019-10-23 12:37:16,223 [Thread-288] INFO  retry.RetryInvocationHandler (RetryInvocationHandler.java:log(411)) - com.google.protobuf.ServiceException: java.net.ConnectException: Call From pr-hdds1643-t2fz7-3136866267/192.168.69.118 to localhost:40722 failed on connection exception: java.net.ConnectException: Connection refused; For more details see:  http://wiki.apache.org/hadoop/ConnectionRefused, while invoking $Proxy36.submitRequest over nodeId=null,nodeAddress=localhost:40722. Trying to failover immediately.
2019-10-23 12:37:16,230 [grpc-default-executor-3] INFO  impl.RaftServerImpl (RaftServerImpl.java:setRole(184)) - daebe4f8-0ad9-4eb2-8ed7-3a8051847eb6@group-AF49A4A4CA2A: changes role from  FOLLOWER to FOLLOWER at term 514 for recognizeCandidate:389d5540-641f-48c2-a9df-60738dbad976
2019-10-23 12:37:16,231 [grpc-default-executor-3] INFO  impl.RoleInfo (RoleInfo.java:shutdownFollowerState(121)) - daebe4f8-0ad9-4eb2-8ed7-3a8051847eb6: shutdown FollowerState
2019-10-23 12:37:16,231 [grpc-default-executor-3] INFO  impl.RoleInfo (RoleInfo.java:updateAndGet(143)) - daebe4f8-0ad9-4eb2-8ed7-3a8051847eb6: start FollowerState
2019-10-23 12:37:16,231 [Thread-3362] INFO  impl.FollowerState (FollowerState.java:run(117)) - daebe4f8-0ad9-4eb2-8ed7-3a8051847eb6@group-AF49A4A4CA2A-FollowerState was interrupted: java.lang.InterruptedException: sleep interrupted
2019-10-23 12:37:16,233 [389d5540-641f-48c2-a9df-60738dbad976@group-AF49A4A4CA2A-LeaderElection470] INFO  impl.LeaderElection (LogUtils.java:infoOrTrace(149)) - 389d5540-641f-48c2-a9df-60738dbad976@group-AF49A4A4CA2A-LeaderElection470 got exception when requesting votes: {}
java.util.concurrent.ExecutionException: org.apache.ratis.thirdparty.io.grpc.StatusRuntimeException: UNAVAILABLE: io exception
	at java.util.concurrent.FutureTask.report(FutureTask.java:122)
	at java.util.concurrent.FutureTask.get(FutureTask.java:192)
	at org.apache.ratis.server.impl.LeaderElection.waitForResults(LeaderElection.java:259)
	at org.apache.ratis.server.impl.LeaderElection.askForVotes(LeaderElection.java:197)
	at org.apache.ratis.server.impl.LeaderElection.run(LeaderElection.java:133)
	at java.lang.Thread.run(Thread.java:748)
Caused by: org.apache.ratis.thirdparty.io.grpc.StatusRuntimeException: UNAVAILABLE: io exception
	at org.apache.ratis.thirdparty.io.grpc.stub.ClientCalls.toStatusRuntimeException(ClientCalls.java:233)
	at org.apache.ratis.thirdparty.io.grpc.stub.ClientCalls.getUnchecked(ClientCalls.java:214)
	at org.apache.ratis.thirdparty.io.grpc.stub.ClientCalls.blockingUnaryCall(ClientCalls.java:139)
	at org.apache.ratis.proto.grpc.RaftServerProtocolServiceGrpc$RaftServerProtocolServiceBlockingStub.requestVote(RaftServerProtocolServiceGrpc.java:265)
	at org.apache.ratis.grpc.server.GrpcServerProtocolClient.requestVote(GrpcServerProtocolClient.java:99)
	at org.apache.ratis.grpc.server.GrpcService.requestVote(GrpcService.java:204)
	at org.apache.ratis.server.impl.LeaderElection.lambda$submitRequests$1(LeaderElection.java:234)
	at java.util.concurrent.FutureTask.run(FutureTask.java:266)
	at java.util.concurrent.Executors$RunnableAdapter.call(Executors.java:511)
	at java.util.concurrent.FutureTask.run(FutureTask.java:266)
	at java.util.concurrent.ThreadPoolExecutor.runWorker(ThreadPoolExecutor.java:1149)
	at java.util.concurrent.ThreadPoolExecutor$Worker.run(ThreadPoolExecutor.java:624)
	... 1 more
Caused by: org.apache.ratis.thirdparty.io.netty.channel.AbstractChannel$AnnotatedConnectException: Connection refused: /192.168.69.118:45510
	at sun.nio.ch.SocketChannelImpl.checkConnect(Native Method)
	at sun.nio.ch.SocketChannelImpl.finishConnect(SocketChannelImpl.java:717)
	at org.apache.ratis.thirdparty.io.netty.channel.socket.nio.NioSocketChannel.doFinishConnect(NioSocketChannel.java:327)
	at org.apache.ratis.thirdparty.io.netty.channel.nio.AbstractNioChannel$AbstractNioUnsafe.finishConnect(AbstractNioChannel.java:340)
	at org.apache.ratis.thirdparty.io.netty.channel.nio.NioEventLoop.processSelectedKey(NioEventLoop.java:632)
	at org.apache.ratis.thirdparty.io.netty.channel.nio.NioEventLoop.processSelectedKeysOptimized(NioEventLoop.java:579)
	at org.apache.ratis.thirdparty.io.netty.channel.nio.NioEventLoop.processSelectedKeys(NioEventLoop.java:496)
	at org.apache.ratis.thirdparty.io.netty.channel.nio.NioEventLoop.run(NioEventLoop.java:458)
	at org.apache.ratis.thirdparty.io.netty.util.concurrent.SingleThreadEventExecutor$5.run(SingleThreadEventExecutor.java:897)
	at org.apache.ratis.thirdparty.io.netty.util.concurrent.FastThreadLocalRunnable.run(FastThreadLocalRunnable.java:30)
	... 1 more
Caused by: java.net.ConnectException: Connection refused
	... 11 more
2019-10-23 12:37:16,237 [389d5540-641f-48c2-a9df-60738dbad976@group-AF49A4A4CA2A-LeaderElection470] INFO  impl.LeaderElection (LeaderElection.java:logAndReturn(56)) - 389d5540-641f-48c2-a9df-60738dbad976@group-AF49A4A4CA2A-LeaderElection470: Election PASSED; received 1 response(s) [389d5540-641f-48c2-a9df-60738dbad976<-daebe4f8-0ad9-4eb2-8ed7-3a8051847eb6#0:OK-t514] and 1 exception(s); 389d5540-641f-48c2-a9df-60738dbad976@group-AF49A4A4CA2A:t514, leader=null, voted=389d5540-641f-48c2-a9df-60738dbad976, raftlog=389d5540-641f-48c2-a9df-60738dbad976@group-AF49A4A4CA2A-SegmentedRaftLog:OPENED:c-1,f0,i0, conf=0: [daebe4f8-0ad9-4eb2-8ed7-3a8051847eb6:192.168.69.118:44860, 389d5540-641f-48c2-a9df-60738dbad976:192.168.69.118:45712, 279bca68-3e74-4690-81cf-da5ab79b92f7:192.168.69.118:45510], old=null
2019-10-23 12:37:16,237 [389d5540-641f-48c2-a9df-60738dbad976@group-AF49A4A4CA2A-LeaderElection470] INFO  impl.LeaderElection (LogUtils.java:infoOrTrace(149)) -   Exception 0: {}
java.util.concurrent.ExecutionException: org.apache.ratis.thirdparty.io.grpc.StatusRuntimeException: UNAVAILABLE: io exception
	at java.util.concurrent.FutureTask.report(FutureTask.java:122)
	at java.util.concurrent.FutureTask.get(FutureTask.java:192)
	at org.apache.ratis.server.impl.LeaderElection.waitForResults(LeaderElection.java:259)
	at org.apache.ratis.server.impl.LeaderElection.askForVotes(LeaderElection.java:197)
	at org.apache.ratis.server.impl.LeaderElection.run(LeaderElection.java:133)
	at java.lang.Thread.run(Thread.java:748)
Caused by: org.apache.ratis.thirdparty.io.grpc.StatusRuntimeException: UNAVAILABLE: io exception
	at org.apache.ratis.thirdparty.io.grpc.stub.ClientCalls.toStatusRuntimeException(ClientCalls.java:233)
	at org.apache.ratis.thirdparty.io.grpc.stub.ClientCalls.getUnchecked(ClientCalls.java:214)
	at org.apache.ratis.thirdparty.io.grpc.stub.ClientCalls.blockingUnaryCall(ClientCalls.java:139)
	at org.apache.ratis.proto.grpc.RaftServerProtocolServiceGrpc$RaftServerProtocolServiceBlockingStub.requestVote(RaftServerProtocolServiceGrpc.java:265)
	at org.apache.ratis.grpc.server.GrpcServerProtocolClient.requestVote(GrpcServerProtocolClient.java:99)
	at org.apache.ratis.grpc.server.GrpcService.requestVote(GrpcService.java:204)
	at org.apache.ratis.server.impl.LeaderElection.lambda$submitRequests$1(LeaderElection.java:234)
	at java.util.concurrent.FutureTask.run(FutureTask.java:266)
	at java.util.concurrent.Executors$RunnableAdapter.call(Executors.java:511)
	at java.util.concurrent.FutureTask.run(FutureTask.java:266)
	at java.util.concurrent.ThreadPoolExecutor.runWorker(ThreadPoolExecutor.java:1149)
	at java.util.concurrent.ThreadPoolExecutor$Worker.run(ThreadPoolExecutor.java:624)
	... 1 more
Caused by: org.apache.ratis.thirdparty.io.netty.channel.AbstractChannel$AnnotatedConnectException: Connection refused: /192.168.69.118:45510
	at sun.nio.ch.SocketChannelImpl.checkConnect(Native Method)
	at sun.nio.ch.SocketChannelImpl.finishConnect(SocketChannelImpl.java:717)
	at org.apache.ratis.thirdparty.io.netty.channel.socket.nio.NioSocketChannel.doFinishConnect(NioSocketChannel.java:327)
	at org.apache.ratis.thirdparty.io.netty.channel.nio.AbstractNioChannel$AbstractNioUnsafe.finishConnect(AbstractNioChannel.java:340)
	at org.apache.ratis.thirdparty.io.netty.channel.nio.NioEventLoop.processSelectedKey(NioEventLoop.java:632)
	at org.apache.ratis.thirdparty.io.netty.channel.nio.NioEventLoop.processSelectedKeysOptimized(NioEventLoop.java:579)
	at org.apache.ratis.thirdparty.io.netty.channel.nio.NioEventLoop.processSelectedKeys(NioEventLoop.java:496)
	at org.apache.ratis.thirdparty.io.netty.channel.nio.NioEventLoop.run(NioEventLoop.java:458)
	at org.apache.ratis.thirdparty.io.netty.util.concurrent.SingleThreadEventExecutor$5.run(SingleThreadEventExecutor.java:897)
	at org.apache.ratis.thirdparty.io.netty.util.concurrent.FastThreadLocalRunnable.run(FastThreadLocalRunnable.java:30)
	... 1 more
Caused by: java.net.ConnectException: Connection refused
	... 11 more
2019-10-23 12:37:16,238 [389d5540-641f-48c2-a9df-60738dbad976@group-AF49A4A4CA2A-LeaderElection470] INFO  impl.RoleInfo (RoleInfo.java:shutdownLeaderElection(134)) - 389d5540-641f-48c2-a9df-60738dbad976: shutdown LeaderElection
2019-10-23 12:37:16,238 [389d5540-641f-48c2-a9df-60738dbad976@group-AF49A4A4CA2A-LeaderElection470] INFO  impl.RaftServerImpl (RaftServerImpl.java:setRole(184)) - 389d5540-641f-48c2-a9df-60738dbad976@group-AF49A4A4CA2A: changes role from CANDIDATE to LEADER at term 514 for changeToLeader
2019-10-23 12:37:16,238 [389d5540-641f-48c2-a9df-60738dbad976@group-AF49A4A4CA2A-LeaderElection470] INFO  impl.RaftServerImpl (ServerState.java:setLeader(256)) - 389d5540-641f-48c2-a9df-60738dbad976@group-AF49A4A4CA2A: change Leader from null to 389d5540-641f-48c2-a9df-60738dbad976 at term 514 for becomeLeader, leader elected after 70948ms
2019-10-23 12:37:16,239 [389d5540-641f-48c2-a9df-60738dbad976@group-AF49A4A4CA2A-LeaderElection470] INFO  server.RaftServerConfigKeys (ConfUtils.java:logGet(43)) - raft.server.staging.catchup.gap = 1000 (default)
2019-10-23 12:37:16,239 [389d5540-641f-48c2-a9df-60738dbad976@group-AF49A4A4CA2A-LeaderElection470] INFO  server.RaftServerConfigKeys (ConfUtils.java:logGet(43)) - raft.server.rpc.sleep.time = 25ms (default)
2019-10-23 12:37:16,239 [389d5540-641f-48c2-a9df-60738dbad976@group-AF49A4A4CA2A-LeaderElection470] INFO  server.RaftServerConfigKeys (ConfUtils.java:logGet(43)) - raft.server.write.element-limit = 4096 (default)
2019-10-23 12:37:16,239 [389d5540-641f-48c2-a9df-60738dbad976@group-AF49A4A4CA2A-LeaderElection470] INFO  server.RaftServerConfigKeys (ConfUtils.java:logGet(43)) - raft.server.watch.timeout = 10s (default)
2019-10-23 12:37:16,240 [389d5540-641f-48c2-a9df-60738dbad976@group-AF49A4A4CA2A-LeaderElection470] INFO  server.RaftServerConfigKeys (ConfUtils.java:logGet(43)) - raft.server.watch.timeout.denomination = 1s (default)
2019-10-23 12:37:16,240 [389d5540-641f-48c2-a9df-60738dbad976@group-AF49A4A4CA2A-LeaderElection470] INFO  server.RaftServerConfigKeys (ConfUtils.java:logGet(43)) - raft.server.watch.element-limit = 65536 (default)
2019-10-23 12:37:16,240 [389d5540-641f-48c2-a9df-60738dbad976@group-AF49A4A4CA2A-LeaderElection470] INFO  server.RaftServerConfigKeys (ConfUtils.java:logGet(43)) - raft.server.log.appender.snapshot.chunk.size.max = 16MB (=16777216) (default)
2019-10-23 12:37:16,241 [389d5540-641f-48c2-a9df-60738dbad976@group-AF49A4A4CA2A-LeaderElection470] INFO  server.RaftServerConfigKeys (ConfUtils.java:logGet(43)) - raft.server.log.appender.buffer.byte-limit = 33554432 (custom)
2019-10-23 12:37:16,241 [389d5540-641f-48c2-a9df-60738dbad976@group-AF49A4A4CA2A-LeaderElection470] INFO  server.RaftServerConfigKeys (ConfUtils.java:logGet(43)) - raft.server.log.appender.buffer.element-limit = 1 (custom)
2019-10-23 12:37:16,241 [389d5540-641f-48c2-a9df-60738dbad976@group-AF49A4A4CA2A-LeaderElection470] INFO  grpc.GrpcConfigKeys$Server (ConfUtils.java:logGet(43)) - raft.grpc.server.leader.outstanding.appends.max = 128 (default)
2019-10-23 12:37:16,241 [389d5540-641f-48c2-a9df-60738dbad976@group-AF49A4A4CA2A-LeaderElection470] INFO  server.RaftServerConfigKeys (ConfUtils.java:logGet(43)) - raft.server.rpc.request.timeout = 3000ms (default)
2019-10-23 12:37:16,242 [389d5540-641f-48c2-a9df-60738dbad976@group-AF49A4A4CA2A-LeaderElection470] INFO  server.RaftServerConfigKeys (ConfUtils.java:logGet(43)) - raft.server.log.appender.install.snapshot.enabled = false (custom)
2019-10-23 12:37:16,248 [389d5540-641f-48c2-a9df-60738dbad976@group-AF49A4A4CA2A-LeaderElection470] INFO  server.RaftServerConfigKeys (ConfUtils.java:logGet(43)) - raft.server.log.appender.snapshot.chunk.size.max = 16MB (=16777216) (default)
2019-10-23 12:37:16,248 [389d5540-641f-48c2-a9df-60738dbad976@group-AF49A4A4CA2A-LeaderElection470] INFO  server.RaftServerConfigKeys (ConfUtils.java:logGet(43)) - raft.server.log.appender.buffer.byte-limit = 33554432 (custom)
2019-10-23 12:37:16,248 [389d5540-641f-48c2-a9df-60738dbad976@group-AF49A4A4CA2A-LeaderElection470] INFO  server.RaftServerConfigKeys (ConfUtils.java:logGet(43)) - raft.server.log.appender.buffer.element-limit = 1 (custom)
2019-10-23 12:37:16,248 [389d5540-641f-48c2-a9df-60738dbad976@group-AF49A4A4CA2A-LeaderElection470] INFO  grpc.GrpcConfigKeys$Server (ConfUtils.java:logGet(43)) - raft.grpc.server.leader.outstanding.appends.max = 128 (default)
2019-10-23 12:37:16,248 [389d5540-641f-48c2-a9df-60738dbad976@group-AF49A4A4CA2A-LeaderElection470] INFO  server.RaftServerConfigKeys (ConfUtils.java:logGet(43)) - raft.server.rpc.request.timeout = 3000ms (default)
2019-10-23 12:37:16,249 [389d5540-641f-48c2-a9df-60738dbad976@group-AF49A4A4CA2A-LeaderElection470] INFO  server.RaftServerConfigKeys (ConfUtils.java:logGet(43)) - raft.server.log.appender.install.snapshot.enabled = false (custom)
2019-10-23 12:37:16,251 [389d5540-641f-48c2-a9df-60738dbad976@group-AF49A4A4CA2A-LeaderElection470] INFO  impl.RoleInfo (RoleInfo.java:updateAndGet(143)) - 389d5540-641f-48c2-a9df-60738dbad976: start LeaderState
2019-10-23 12:37:16,252 [389d5540-641f-48c2-a9df-60738dbad976@group-AF49A4A4CA2A-LeaderElection470] INFO  segmented.SegmentedRaftLogWorker (SegmentedRaftLogWorker.java:rollLogSegment(390)) - 389d5540-641f-48c2-a9df-60738dbad976@group-AF49A4A4CA2A-SegmentedRaftLogWorker: Rolling segment log-0_0 to index:0
2019-10-23 12:37:16,255 [389d5540-641f-48c2-a9df-60738dbad976@group-AF49A4A4CA2A-LeaderElection470] INFO  impl.RaftServerImpl (ServerState.java:setRaftConf(357)) - 389d5540-641f-48c2-a9df-60738dbad976@group-AF49A4A4CA2A: set configuration 1: [daebe4f8-0ad9-4eb2-8ed7-3a8051847eb6:192.168.69.118:44860, 389d5540-641f-48c2-a9df-60738dbad976:192.168.69.118:45712, 279bca68-3e74-4690-81cf-da5ab79b92f7:192.168.69.118:45510], old=null at 1
2019-10-23 12:37:16,256 [389d5540-641f-48c2-a9df-60738dbad976@group-AF49A4A4CA2A-SegmentedRaftLogWorker] INFO  segmented.SegmentedRaftLogWorker (SegmentedRaftLogWorker.java:execute(533)) - 389d5540-641f-48c2-a9df-60738dbad976@group-AF49A4A4CA2A-SegmentedRaftLogWorker: Rolled log segment from /workdir/hadoop-ozone/integration-test/target/test-dir/MiniOzoneClusterImpl-7da343b7-2e3e-4959-adfc-85e1dda11563/datanode-3/data/ratis/07c2703e-e062-427f-871b-af49a4a4ca2a/current/log_inprogress_0 to /workdir/hadoop-ozone/integration-test/target/test-dir/MiniOzoneClusterImpl-7da343b7-2e3e-4959-adfc-85e1dda11563/datanode-3/data/ratis/07c2703e-e062-427f-871b-af49a4a4ca2a/current/log_0-0
2019-10-23 12:37:16,256 [grpc-default-executor-3] WARN  server.GrpcLogAppender (LogUtils.java:warn(134)) - 389d5540-641f-48c2-a9df-60738dbad976@group-AF49A4A4CA2A->279bca68-3e74-4690-81cf-da5ab79b92f7-AppendLogResponseHandler: Failed appendEntries: org.apache.ratis.thirdparty.io.grpc.StatusRuntimeException: UNAVAILABLE: io exception
2019-10-23 12:37:16,256 [grpc-default-executor-4] INFO  impl.RaftServerImpl (ServerState.java:setLeader(256)) - daebe4f8-0ad9-4eb2-8ed7-3a8051847eb6@group-AF49A4A4CA2A: change Leader from null to 389d5540-641f-48c2-a9df-60738dbad976 at term 514 for appendEntries, leader elected after 70961ms
2019-10-23 12:37:16,287 [grpc-default-executor-4] INFO  impl.RaftServerImpl (RaftServerImpl.java:checkInconsistentAppendEntries(1023)) - daebe4f8-0ad9-4eb2-8ed7-3a8051847eb6@group-AF49A4A4CA2A: Failed appendEntries as previous log entry ((t:3, i:0)) is not found
2019-10-23 12:37:16,288 [grpc-default-executor-4] INFO  impl.RaftServerImpl (RaftServerImpl.java:checkInconsistentAppendEntries(996)) - daebe4f8-0ad9-4eb2-8ed7-3a8051847eb6@group-AF49A4A4CA2A: inconsistency entries. Reply:389d5540-641f-48c2-a9df-60738dbad976<-daebe4f8-0ad9-4eb2-8ed7-3a8051847eb6#0:FAIL,INCONSISTENCY,nextIndex:0,term:514,followerCommit:-1
2019-10-23 12:37:16,290 [grpc-default-executor-4] INFO  impl.FollowerInfo (FollowerInfo.java:lambda$new$0(51)) - 389d5540-641f-48c2-a9df-60738dbad976@group-AF49A4A4CA2A->daebe4f8-0ad9-4eb2-8ed7-3a8051847eb6: nextIndex: updateUnconditionally 1 -> 0
2019-10-23 12:37:16,298 [389d5540-641f-48c2-a9df-60738dbad976@group-AF49A4A4CA2A-SegmentedRaftLogWorker] INFO  segmented.SegmentedRaftLogWorker (SegmentedRaftLogWorker.java:execute(576)) - 389d5540-641f-48c2-a9df-60738dbad976@group-AF49A4A4CA2A-SegmentedRaftLogWorker: created new log segment /workdir/hadoop-ozone/integration-test/target/test-dir/MiniOzoneClusterImpl-7da343b7-2e3e-4959-adfc-85e1dda11563/datanode-3/data/ratis/07c2703e-e062-427f-871b-af49a4a4ca2a/current/log_inprogress_1
2019-10-23 12:37:16,298 [grpc-default-executor-3] INFO  impl.RaftServerImpl (ServerState.java:setRaftConf(357)) - daebe4f8-0ad9-4eb2-8ed7-3a8051847eb6@group-AF49A4A4CA2A: set configuration 0: [daebe4f8-0ad9-4eb2-8ed7-3a8051847eb6:192.168.69.118:44860, 389d5540-641f-48c2-a9df-60738dbad976:192.168.69.118:45712, 279bca68-3e74-4690-81cf-da5ab79b92f7:192.168.69.118:45510], old=null at 0
2019-10-23 12:37:16,301 [grpc-default-executor-3] INFO  segmented.SegmentedRaftLogWorker (SegmentedRaftLogWorker.java:truncate(401)) - daebe4f8-0ad9-4eb2-8ed7-3a8051847eb6@group-AF49A4A4CA2A-SegmentedRaftLogWorker: Truncating segments toTruncate: null
  toDelete: [(0, 0) isOpen? true, length=0, newEndIndex=-1], start index 0
2019-10-23 12:37:16,302 [grpc-default-executor-3] INFO  segmented.SegmentedRaftLogWorker (SegmentedRaftLogWorker.java:startLogSegment(385)) - daebe4f8-0ad9-4eb2-8ed7-3a8051847eb6@group-AF49A4A4CA2A-SegmentedRaftLogWorker: Starting segment from index:0
2019-10-23 12:37:16,303 [grpc-default-executor-3] INFO  impl.RaftServerImpl (ServerState.java:setRaftConf(357)) - daebe4f8-0ad9-4eb2-8ed7-3a8051847eb6@group-AF49A4A4CA2A: set configuration 1: [daebe4f8-0ad9-4eb2-8ed7-3a8051847eb6:192.168.69.118:44860, 389d5540-641f-48c2-a9df-60738dbad976:192.168.69.118:45712, 279bca68-3e74-4690-81cf-da5ab79b92f7:192.168.69.118:45510], old=null at 1
2019-10-23 12:37:16,303 [daebe4f8-0ad9-4eb2-8ed7-3a8051847eb6@group-AF49A4A4CA2A-SegmentedRaftLogWorker] INFO  segmented.SegmentedRaftLogWorker (SegmentedRaftLogWorker.java:execute(640)) - daebe4f8-0ad9-4eb2-8ed7-3a8051847eb6@group-AF49A4A4CA2A-SegmentedRaftLogWorker: Deleted log file /workdir/hadoop-ozone/integration-test/target/test-dir/MiniOzoneClusterImpl-7da343b7-2e3e-4959-adfc-85e1dda11563/datanode-0/data/ratis/07c2703e-e062-427f-871b-af49a4a4ca2a/current/log_inprogress_0
2019-10-23 12:37:16,303 [grpc-default-executor-3] INFO  segmented.SegmentedRaftLogWorker (SegmentedRaftLogWorker.java:rollLogSegment(390)) - daebe4f8-0ad9-4eb2-8ed7-3a8051847eb6@group-AF49A4A4CA2A-SegmentedRaftLogWorker: Rolling segment log-0_0 to index:0
2019-10-23 12:37:16,304 [daebe4f8-0ad9-4eb2-8ed7-3a8051847eb6@group-AF49A4A4CA2A-SegmentedRaftLogWorker] INFO  segmented.SegmentedRaftLogWorker (SegmentedRaftLogWorker.java:lambda$new$0(128)) - daebe4f8-0ad9-4eb2-8ed7-3a8051847eb6@group-AF49A4A4CA2A-SegmentedRaftLogWorker: flushIndex: setUnconditionally 0 -> -1
2019-10-23 12:37:16,316 [ForkJoinPool.commonPool-worker-0] INFO  ozoneimpl.OzoneContainer (OzoneContainer.java:stop(227)) - Attempting to stop container services.
2019-10-23 12:37:16,316 [main] INFO  ozoneimpl.OzoneContainer (OzoneContainer.java:stop(227)) - Attempting to stop container services.
2019-10-23 12:37:16,317 [ForkJoinPool.commonPool-worker-0] INFO  impl.RaftServerProxy (RaftServerProxy.java:lambda$close$4(314)) - daebe4f8-0ad9-4eb2-8ed7-3a8051847eb6: close
2019-10-23 12:37:16,317 [main] INFO  impl.RaftServerProxy (RaftServerProxy.java:lambda$close$4(314)) - 389d5540-641f-48c2-a9df-60738dbad976: close
2019-10-23 12:37:16,317 [ForkJoinPool.commonPool-worker-0] INFO  impl.RaftServerImpl (RaftServerImpl.java:lambda$shutdown$3(261)) - daebe4f8-0ad9-4eb2-8ed7-3a8051847eb6@group-54D332E03C40: shutdown
2019-10-23 12:37:16,318 [main] INFO  impl.RaftServerImpl (RaftServerImpl.java:lambda$shutdown$3(261)) - 389d5540-641f-48c2-a9df-60738dbad976@group-47AAA6DF92E6: shutdown
2019-10-23 12:37:16,318 [ForkJoinPool.commonPool-worker-0] INFO  util.JmxRegister (JmxRegister.java:unregister(73)) - Successfully un-registered JMX Bean with object name Ratis:service=RaftServer,group=group-54D332E03C40,id=daebe4f8-0ad9-4eb2-8ed7-3a8051847eb6
2019-10-23 12:37:16,318 [main] INFO  util.JmxRegister (JmxRegister.java:unregister(73)) - Successfully un-registered JMX Bean with object name Ratis:service=RaftServer,group=group-47AAA6DF92E6,id=389d5540-641f-48c2-a9df-60738dbad976
2019-10-23 12:37:16,318 [ForkJoinPool.commonPool-worker-0] INFO  impl.RoleInfo (RoleInfo.java:shutdownLeaderState(104)) - daebe4f8-0ad9-4eb2-8ed7-3a8051847eb6: shutdown LeaderState
2019-10-23 12:37:16,319 [main] INFO  impl.RoleInfo (RoleInfo.java:shutdownLeaderState(104)) - 389d5540-641f-48c2-a9df-60738dbad976: shutdown LeaderState
2019-10-23 12:37:16,319 [ForkJoinPool.commonPool-worker-0] INFO  impl.PendingRequests (PendingRequests.java:sendNotLeaderResponses(202)) - daebe4f8-0ad9-4eb2-8ed7-3a8051847eb6@group-54D332E03C40-PendingRequests: sendNotLeaderResponses
2019-10-23 12:37:16,319 [main] INFO  impl.PendingRequests (PendingRequests.java:sendNotLeaderResponses(202)) - 389d5540-641f-48c2-a9df-60738dbad976@group-47AAA6DF92E6-PendingRequests: sendNotLeaderResponses
2019-10-23 12:37:16,320 [ForkJoinPool.commonPool-worker-0] INFO  impl.StateMachineUpdater (StateMachineUpdater.java:stopAndJoin(136)) - daebe4f8-0ad9-4eb2-8ed7-3a8051847eb6@group-54D332E03C40-StateMachineUpdater: set stopIndex = 0
2019-10-23 12:37:16,320 [main] INFO  impl.StateMachineUpdater (StateMachineUpdater.java:stopAndJoin(136)) - 389d5540-641f-48c2-a9df-60738dbad976@group-47AAA6DF92E6-StateMachineUpdater: set stopIndex = 0
2019-10-23 12:37:16,320 [main] INFO  impl.RaftServerImpl (ServerState.java:close(388)) - 389d5540-641f-48c2-a9df-60738dbad976@group-47AAA6DF92E6: closes. applyIndex: 0
2019-10-23 12:37:16,320 [ForkJoinPool.commonPool-worker-0] INFO  impl.RaftServerImpl (ServerState.java:close(388)) - daebe4f8-0ad9-4eb2-8ed7-3a8051847eb6@group-54D332E03C40: closes. applyIndex: 0
2019-10-23 12:37:16,321 [389d5540-641f-48c2-a9df-60738dbad976@group-47AAA6DF92E6-SegmentedRaftLogWorker] INFO  segmented.SegmentedRaftLogWorker (SegmentedRaftLogWorker.java:run(316)) - 389d5540-641f-48c2-a9df-60738dbad976@group-47AAA6DF92E6-SegmentedRaftLogWorker was interrupted, exiting. There are 0 tasks remaining in the queue.
2019-10-23 12:37:16,321 [daebe4f8-0ad9-4eb2-8ed7-3a8051847eb6@group-54D332E03C40-SegmentedRaftLogWorker] INFO  segmented.SegmentedRaftLogWorker (SegmentedRaftLogWorker.java:run(316)) - daebe4f8-0ad9-4eb2-8ed7-3a8051847eb6@group-54D332E03C40-SegmentedRaftLogWorker was interrupted, exiting. There are 0 tasks remaining in the queue.
2019-10-23 12:37:16,336 [main] INFO  segmented.SegmentedRaftLogWorker (SegmentedRaftLogWorker.java:close(224)) - 389d5540-641f-48c2-a9df-60738dbad976@group-47AAA6DF92E6-SegmentedRaftLogWorker close()
2019-10-23 12:37:16,337 [ForkJoinPool.commonPool-worker-0] INFO  segmented.SegmentedRaftLogWorker (SegmentedRaftLogWorker.java:close(224)) - daebe4f8-0ad9-4eb2-8ed7-3a8051847eb6@group-54D332E03C40-SegmentedRaftLogWorker close()
2019-10-23 12:37:16,339 [main] INFO  impl.RaftServerImpl (RaftServerImpl.java:lambda$shutdown$3(261)) - 389d5540-641f-48c2-a9df-60738dbad976@group-AF49A4A4CA2A: shutdown
2019-10-23 12:37:16,340 [ForkJoinPool.commonPool-worker-0] INFO  impl.RaftServerImpl (RaftServerImpl.java:lambda$shutdown$3(261)) - daebe4f8-0ad9-4eb2-8ed7-3a8051847eb6@group-AF49A4A4CA2A: shutdown
2019-10-23 12:37:16,340 [daebe4f8-0ad9-4eb2-8ed7-3a8051847eb6@group-AF49A4A4CA2A-SegmentedRaftLogWorker] INFO  segmented.SegmentedRaftLogWorker (SegmentedRaftLogWorker.java:execute(576)) - daebe4f8-0ad9-4eb2-8ed7-3a8051847eb6@group-AF49A4A4CA2A-SegmentedRaftLogWorker: created new log segment /workdir/hadoop-ozone/integration-test/target/test-dir/MiniOzoneClusterImpl-7da343b7-2e3e-4959-adfc-85e1dda11563/datanode-0/data/ratis/07c2703e-e062-427f-871b-af49a4a4ca2a/current/log_inprogress_0
2019-10-23 12:37:16,341 [ForkJoinPool.commonPool-worker-0] INFO  util.JmxRegister (JmxRegister.java:unregister(73)) - Successfully un-registered JMX Bean with object name Ratis:service=RaftServer,group=group-AF49A4A4CA2A,id=daebe4f8-0ad9-4eb2-8ed7-3a8051847eb6
2019-10-23 12:37:16,341 [ForkJoinPool.commonPool-worker-0] INFO  impl.RoleInfo (RoleInfo.java:shutdownFollowerState(121)) - daebe4f8-0ad9-4eb2-8ed7-3a8051847eb6: shutdown FollowerState
2019-10-23 12:37:16,341 [main] INFO  util.JmxRegister (JmxRegister.java:unregister(73)) - Successfully un-registered JMX Bean with object name Ratis:service=RaftServer,group=group-AF49A4A4CA2A,id=389d5540-641f-48c2-a9df-60738dbad976
2019-10-23 12:37:16,342 [Thread-3380] INFO  impl.FollowerState (FollowerState.java:run(117)) - daebe4f8-0ad9-4eb2-8ed7-3a8051847eb6@group-AF49A4A4CA2A-FollowerState was interrupted: java.lang.InterruptedException: sleep interrupted
2019-10-23 12:37:16,342 [ForkJoinPool.commonPool-worker-0] INFO  impl.StateMachineUpdater (StateMachineUpdater.java:stopAndJoin(136)) - daebe4f8-0ad9-4eb2-8ed7-3a8051847eb6@group-AF49A4A4CA2A-StateMachineUpdater: set stopIndex = -1
2019-10-23 12:37:16,342 [main] INFO  impl.RoleInfo (RoleInfo.java:shutdownLeaderState(104)) - 389d5540-641f-48c2-a9df-60738dbad976: shutdown LeaderState
2019-10-23 12:37:16,343 [ForkJoinPool.commonPool-worker-0] INFO  impl.RaftServerImpl (ServerState.java:close(388)) - daebe4f8-0ad9-4eb2-8ed7-3a8051847eb6@group-AF49A4A4CA2A: closes. applyIndex: -1
2019-10-23 12:37:16,345 [daebe4f8-0ad9-4eb2-8ed7-3a8051847eb6@group-AF49A4A4CA2A-SegmentedRaftLogWorker] INFO  segmented.SegmentedRaftLogWorker (SegmentedRaftLogWorker.java:execute(533)) - daebe4f8-0ad9-4eb2-8ed7-3a8051847eb6@group-AF49A4A4CA2A-SegmentedRaftLogWorker: Rolled log segment from /workdir/hadoop-ozone/integration-test/target/test-dir/MiniOzoneClusterImpl-7da343b7-2e3e-4959-adfc-85e1dda11563/datanode-0/data/ratis/07c2703e-e062-427f-871b-af49a4a4ca2a/current/log_inprogress_0 to /workdir/hadoop-ozone/integration-test/target/test-dir/MiniOzoneClusterImpl-7da343b7-2e3e-4959-adfc-85e1dda11563/datanode-0/data/ratis/07c2703e-e062-427f-871b-af49a4a4ca2a/current/log_0-0
2019-10-23 12:37:16,345 [org.apache.ratis.server.impl.LogAppender$AppenderDaemon$$Lambda$392/1463055756@1dbf7451] WARN  server.GrpcLogAppender (GrpcLogAppender.java:mayWait(149)) - 389d5540-641f-48c2-a9df-60738dbad976@group-AF49A4A4CA2A->279bca68-3e74-4690-81cf-da5ab79b92f7-GrpcLogAppender: Wait interrupted by java.lang.InterruptedException
2019-10-23 12:37:16,345 [main] INFO  impl.PendingRequests (PendingRequests.java:sendNotLeaderResponses(202)) - 389d5540-641f-48c2-a9df-60738dbad976@group-AF49A4A4CA2A-PendingRequests: sendNotLeaderResponses
2019-10-23 12:37:16,345 [ForkJoinPool.commonPool-worker-0] INFO  segmented.SegmentedRaftLogWorker (SegmentedRaftLogWorker.java:close(224)) - daebe4f8-0ad9-4eb2-8ed7-3a8051847eb6@group-AF49A4A4CA2A-SegmentedRaftLogWorker close()
2019-10-23 12:37:16,345 [org.apache.ratis.server.impl.LogAppender$AppenderDaemon$$Lambda$392/1463055756@311989f6] WARN  server.GrpcLogAppender (GrpcLogAppender.java:mayWait(149)) - 389d5540-641f-48c2-a9df-60738dbad976@group-AF49A4A4CA2A->daebe4f8-0ad9-4eb2-8ed7-3a8051847eb6-GrpcLogAppender: Wait interrupted by java.lang.InterruptedException
2019-10-23 12:37:16,347 [ForkJoinPool.commonPool-worker-0] INFO  server.GrpcService (GrpcService.java:closeImpl(164)) - daebe4f8-0ad9-4eb2-8ed7-3a8051847eb6: shutdown server with port 44860 now
2019-10-23 12:37:16,346 [main] INFO  impl.StateMachineUpdater (StateMachineUpdater.java:stopAndJoin(136)) - 389d5540-641f-48c2-a9df-60738dbad976@group-AF49A4A4CA2A-StateMachineUpdater: set stopIndex = -1
2019-10-23 12:37:16,348 [main] INFO  impl.RaftServerImpl (ServerState.java:close(388)) - 389d5540-641f-48c2-a9df-60738dbad976@group-AF49A4A4CA2A: closes. applyIndex: -1
2019-10-23 12:37:16,348 [389d5540-641f-48c2-a9df-60738dbad976@group-AF49A4A4CA2A-SegmentedRaftLogWorker] INFO  segmented.SegmentedRaftLogWorker (SegmentedRaftLogWorker.java:run(316)) - 389d5540-641f-48c2-a9df-60738dbad976@group-AF49A4A4CA2A-SegmentedRaftLogWorker was interrupted, exiting. There are 0 tasks remaining in the queue.
2019-10-23 12:37:16,349 [main] INFO  segmented.SegmentedRaftLogWorker (SegmentedRaftLogWorker.java:close(224)) - 389d5540-641f-48c2-a9df-60738dbad976@group-AF49A4A4CA2A-SegmentedRaftLogWorker close()
2019-10-23 12:37:16,350 [grpc-default-executor-3] INFO  server.GrpcServerProtocolService (GrpcServerProtocolService.java:onCompleted(113)) - daebe4f8-0ad9-4eb2-8ed7-3a8051847eb6: Completed APPEND_ENTRIES, lastRequest: 389d5540-641f-48c2-a9df-60738dbad976->daebe4f8-0ad9-4eb2-8ed7-3a8051847eb6#2-t514, previous=(t:3, i:0), leaderCommit=-1, initializing? false, entries: size=1, first=(t:514, i:1), CONFIGURATIONENTRY
2019-10-23 12:37:16,351 [main] INFO  server.GrpcService (GrpcService.java:closeImpl(164)) - 389d5540-641f-48c2-a9df-60738dbad976: shutdown server with port 45712 now
2019-10-23 12:37:16,354 [ForkJoinPool.commonPool-worker-0] INFO  server.GrpcService (GrpcService.java:closeImpl(172)) - daebe4f8-0ad9-4eb2-8ed7-3a8051847eb6: shutdown server with port 44860 successfully
2019-10-23 12:37:16,355 [grpc-default-executor-4] INFO  server.GrpcLogAppender (GrpcLogAppender.java:onError(297)) - 389d5540-641f-48c2-a9df-60738dbad976@group-AF49A4A4CA2A->daebe4f8-0ad9-4eb2-8ed7-3a8051847eb6-GrpcLogAppender is stopped
2019-10-23 12:37:16,355 [main] INFO  server.GrpcService (GrpcService.java:closeImpl(172)) - 389d5540-641f-48c2-a9df-60738dbad976: shutdown server with port 45712 successfully
2019-10-23 12:37:16,356 [refreshUsed-/workdir/hadoop-ozone/integration-test/target/test-dir/MiniOzoneClusterImpl-7da343b7-2e3e-4959-adfc-85e1dda11563/datanode-0/data/containers] WARN  fs.CachingGetSpaceUsed (CachingGetSpaceUsed.java:run(183)) - Thread Interrupted waiting to refresh disk information: sleep interrupted
2019-10-23 12:37:16,366 [refreshUsed-/workdir/hadoop-ozone/integration-test/target/test-dir/MiniOzoneClusterImpl-7da343b7-2e3e-4959-adfc-85e1dda11563/datanode-3/data/containers] WARN  fs.CachingGetSpaceUsed (CachingGetSpaceUsed.java:run(183)) - Thread Interrupted waiting to refresh disk information: sleep interrupted
2019-10-23 12:37:16,389 [ForkJoinPool.commonPool-worker-0] INFO  utils.BackgroundService (BackgroundService.java:shutdown(151)) - Shutting down service BlockDeletingService
2019-10-23 12:37:16,392 [ForkJoinPool.commonPool-worker-0] INFO  statemachine.DatanodeStateMachine (DatanodeStateMachine.java:stopDaemon(395)) - Ozone container server stopped.
2019-10-23 12:37:16,393 [main] INFO  utils.BackgroundService (BackgroundService.java:shutdown(151)) - Shutting down service BlockDeletingService
2019-10-23 12:37:16,395 [main] INFO  statemachine.DatanodeStateMachine (DatanodeStateMachine.java:stopDaemon(395)) - Ozone container server stopped.
2019-10-23 12:37:16,396 [ForkJoinPool.commonPool-worker-0] INFO  handler.ContextHandler (ContextHandler.java:doStop(910)) - Stopped o.e.j.w.WebAppContext@57272109{/,null,UNAVAILABLE}{/hddsDatanode}
2019-10-23 12:37:16,397 [main] INFO  handler.ContextHandler (ContextHandler.java:doStop(910)) - Stopped o.e.j.w.WebAppContext@71c17a57{/,null,UNAVAILABLE}{/hddsDatanode}
2019-10-23 12:37:16,397 [ForkJoinPool.commonPool-worker-0] INFO  server.AbstractConnector (AbstractConnector.java:doStop(318)) - Stopped ServerConnector@59696551{HTTP/1.1,[http/1.1]}{0.0.0.0:0}
2019-10-23 12:37:16,398 [ForkJoinPool.commonPool-worker-0] INFO  handler.ContextHandler (ContextHandler.java:doStop(910)) - Stopped o.e.j.s.ServletContextHandler@6edf29c1{/static,jar:file:/home/user/.m2/repository/org/apache/hadoop/hadoop-hdds-container-service/0.5.0-SNAPSHOT/hadoop-hdds-container-service-0.5.0-SNAPSHOT.jar!/webapps/static,UNAVAILABLE}
2019-10-23 12:37:16,398 [main] INFO  server.AbstractConnector (AbstractConnector.java:doStop(318)) - Stopped ServerConnector@640ab13c{HTTP/1.1,[http/1.1]}{0.0.0.0:0}
2019-10-23 12:37:16,398 [ForkJoinPool.commonPool-worker-0] INFO  handler.ContextHandler (ContextHandler.java:doStop(910)) - Stopped o.e.j.s.ServletContextHandler@7c8c70d6{/logs,file:///workdir/hadoop-ozone/integration-test/target/log,UNAVAILABLE}
2019-10-23 12:37:16,399 [main] INFO  handler.ContextHandler (ContextHandler.java:doStop(910)) - Stopped o.e.j.s.ServletContextHandler@f88bfbe{/static,jar:file:/home/user/.m2/repository/org/apache/hadoop/hadoop-hdds-container-service/0.5.0-SNAPSHOT/hadoop-hdds-container-service-0.5.0-SNAPSHOT.jar!/webapps/static,UNAVAILABLE}
2019-10-23 12:37:16,400 [main] INFO  handler.ContextHandler (ContextHandler.java:doStop(910)) - Stopped o.e.j.s.ServletContextHandler@3af7d855{/logs,file:///workdir/hadoop-ozone/integration-test/target/log,UNAVAILABLE}
2019-10-23 12:37:16,401 [main] INFO  ozone.MiniOzoneClusterImpl (MiniOzoneClusterImpl.java:stopSCM(392)) - Stopping the StorageContainerManager
2019-10-23 12:37:16,401 [main] INFO  server.StorageContainerManager (StorageContainerManager.java:stop(810)) - Stopping Replication Manager Service.
2019-10-23 12:37:16,401 [main] INFO  container.ReplicationManager (ReplicationManager.java:stop(203)) - Stopping Replication Monitor Thread.
2019-10-23 12:37:16,401 [main] INFO  server.StorageContainerManager (StorageContainerManager.java:stop(817)) - Stopping Lease Manager of the command watchers
2019-10-23 12:37:16,402 [main] INFO  server.StorageContainerManager (StorageContainerManager.java:stop(824)) - Stopping datanode service RPC server
2019-10-23 12:37:16,402 [main] INFO  server.SCMDatanodeProtocolServer (SCMDatanodeProtocolServer.java:stop(346)) - Stopping the RPC server for DataNodes
2019-10-23 12:37:16,402 [main] INFO  ipc.Server (Server.java:stop(3082)) - Stopping server on 34853
2019-10-23 12:37:16,403 [IPC Server listener on 34853] INFO  ipc.Server (Server.java:run(1185)) - Stopping IPC Server listener on 34853
2019-10-23 12:37:16,404 [IPC Server Responder] INFO  ipc.Server (Server.java:run(1319)) - Stopping IPC Server Responder
2019-10-23 12:37:16,487 [SCM Heartbeat Processing Thread - 0] WARN  node.NodeStateManager (NodeStateManager.java:scheduleNextHealthCheck(646)) - Current Thread is interrupted, shutting down HB processing thread for Node Manager.
2019-10-23 12:37:16,487 [main] INFO  server.StorageContainerManager (StorageContainerManager.java:stop(832)) - Stopping block service RPC server
2019-10-23 12:37:16,488 [main] INFO  server.SCMBlockProtocolServer (SCMBlockProtocolServer.java:stop(155)) - Stopping the RPC server for Block Protocol
2019-10-23 12:37:16,488 [main] INFO  ipc.Server (Server.java:stop(3082)) - Stopping server on 42473
2019-10-23 12:37:16,490 [IPC Server listener on 42473] INFO  ipc.Server (Server.java:run(1185)) - Stopping IPC Server listener on 42473
2019-10-23 12:37:16,490 [main] INFO  server.StorageContainerManager (StorageContainerManager.java:stop(839)) - Stopping the StorageContainerLocationProtocol RPC server
2019-10-23 12:37:16,491 [main] INFO  server.SCMClientProtocolServer (SCMClientProtocolServer.java:stop(168)) - Stopping the RPC server for Client Protocol
2019-10-23 12:37:16,491 [IPC Server Responder] INFO  ipc.Server (Server.java:run(1319)) - Stopping IPC Server Responder
2019-10-23 12:37:16,491 [main] INFO  ipc.Server (Server.java:stop(3082)) - Stopping server on 34369
2019-10-23 12:37:16,493 [IPC Server listener on 34369] INFO  ipc.Server (Server.java:run(1185)) - Stopping IPC Server listener on 34369
2019-10-23 12:37:16,493 [main] INFO  server.StorageContainerManager (StorageContainerManager.java:stop(846)) - Stopping Storage Container Manager HTTP server.
2019-10-23 12:37:16,493 [IPC Server Responder] INFO  ipc.Server (Server.java:run(1319)) - Stopping IPC Server Responder
2019-10-23 12:37:16,495 [main] INFO  handler.ContextHandler (ContextHandler.java:doStop(910)) - Stopped o.e.j.w.WebAppContext@532721fd{/,null,UNAVAILABLE}{/scm}
2019-10-23 12:37:16,496 [main] INFO  server.AbstractConnector (AbstractConnector.java:doStop(318)) - Stopped ServerConnector@7e1a1da6{HTTP/1.1,[http/1.1]}{0.0.0.0:0}
2019-10-23 12:37:16,496 [main] INFO  handler.ContextHandler (ContextHandler.java:doStop(910)) - Stopped o.e.j.s.ServletContextHandler@a43ce46{/static,file:///workdir/hadoop-ozone/integration-test/target/test-classes/webapps/static,UNAVAILABLE}
2019-10-23 12:37:16,497 [main] INFO  handler.ContextHandler (ContextHandler.java:doStop(910)) - Stopped o.e.j.s.ServletContextHandler@6b53bcc2{/logs,file:///workdir/hadoop-ozone/integration-test/target/log,UNAVAILABLE}
2019-10-23 12:37:16,498 [main] INFO  server.StorageContainerManager (StorageContainerManager.java:stop(857)) - Stopping Block Manager Service.
2019-10-23 12:37:16,498 [main] INFO  utils.BackgroundService (BackgroundService.java:shutdown(151)) - Shutting down service SCMBlockDeletingService
2019-10-23 12:37:16,499 [main] INFO  utils.BackgroundService (BackgroundService.java:shutdown(151)) - Shutting down service SCMBlockDeletingService
2019-10-23 12:37:16,499 [main] INFO  server.StorageContainerManager (StorageContainerManager.java:stop(879)) - Stopping SCM Event Queue.
2019-10-23 12:37:16,508 [main] INFO  impl.MetricsSystemImpl (MetricsSystemImpl.java:stop(210)) - Stopping XceiverClientMetrics metrics system...
2019-10-23 12:37:16,517 [prometheus] INFO  impl.MetricsSinkAdapter (MetricsSinkAdapter.java:publishMetricsFromQueue(141)) - prometheus thread interrupted.
2019-10-23 12:37:16,517 [main] INFO  impl.MetricsSystemImpl (MetricsSystemImpl.java:stop(216)) - XceiverClientMetrics metrics system stopped.
]]></system-out>
    <system-err><![CDATA[ERROR StatusLogger No Log4j 2 configuration file found. Using default configuration (logging only errors to the console), or user programmatically provided configurations. Set system property 'log4j2.debug' to show Log4j 2 internal initialization logging. See https://logging.apache.org/log4j/2.x/manual/configuration.html for instructions on how to configure Log4j 2
Oct 23, 2019 12:37:16 PM org.apache.ratis.thirdparty.io.grpc.internal.SerializingExecutor run
SEVERE: Exception while executing runnable org.apache.ratis.thirdparty.io.grpc.internal.ClientCallImpl$ClientStreamListenerImpl$1StreamClosed@1df82b9e
java.lang.NullPointerException
	at org.apache.ratis.grpc.server.GrpcLogAppender$AppendLogResponseHandler.onError(GrpcLogAppender.java:303)
	at org.apache.ratis.thirdparty.io.grpc.stub.ClientCalls$StreamObserverToCallListenerAdapter.onClose(ClientCalls.java:434)
	at org.apache.ratis.thirdparty.io.grpc.PartialForwardingClientCallListener.onClose(PartialForwardingClientCallListener.java:39)
	at org.apache.ratis.thirdparty.io.grpc.ForwardingClientCallListener.onClose(ForwardingClientCallListener.java:23)
	at org.apache.ratis.thirdparty.io.grpc.ForwardingClientCallListener$SimpleForwardingClientCallListener.onClose(ForwardingClientCallListener.java:40)
	at org.apache.ratis.thirdparty.io.grpc.internal.CensusStatsModule$StatsClientInterceptor$1$1.onClose(CensusStatsModule.java:678)
	at org.apache.ratis.thirdparty.io.grpc.PartialForwardingClientCallListener.onClose(PartialForwardingClientCallListener.java:39)
	at org.apache.ratis.thirdparty.io.grpc.ForwardingClientCallListener.onClose(ForwardingClientCallListener.java:23)
	at org.apache.ratis.thirdparty.io.grpc.ForwardingClientCallListener$SimpleForwardingClientCallListener.onClose(ForwardingClientCallListener.java:40)
	at org.apache.ratis.thirdparty.io.grpc.internal.CensusTracingModule$TracingClientInterceptor$1$1.onClose(CensusTracingModule.java:397)
	at org.apache.ratis.thirdparty.io.grpc.internal.ClientCallImpl.closeObserver(ClientCallImpl.java:459)
	at org.apache.ratis.thirdparty.io.grpc.internal.ClientCallImpl.access$300(ClientCallImpl.java:63)
	at org.apache.ratis.thirdparty.io.grpc.internal.ClientCallImpl$ClientStreamListenerImpl.close(ClientCallImpl.java:546)
	at org.apache.ratis.thirdparty.io.grpc.internal.ClientCallImpl$ClientStreamListenerImpl.access$600(ClientCallImpl.java:467)
	at org.apache.ratis.thirdparty.io.grpc.internal.ClientCallImpl$ClientStreamListenerImpl$1StreamClosed.runInContext(ClientCallImpl.java:584)
	at org.apache.ratis.thirdparty.io.grpc.internal.ContextRunnable.run(ContextRunnable.java:37)
	at org.apache.ratis.thirdparty.io.grpc.internal.SerializingExecutor.run(SerializingExecutor.java:123)
	at java.util.concurrent.ThreadPoolExecutor.runWorker(ThreadPoolExecutor.java:1149)
	at java.util.concurrent.ThreadPoolExecutor$Worker.run(ThreadPoolExecutor.java:624)
	at java.lang.Thread.run(Thread.java:748)

]]></system-err>
  </testcase>
</testsuite>