<?xml version="1.0" encoding="UTF-8"?>
<testsuite xmlns:xsi="http://www.w3.org/2001/XMLSchema-instance" xsi:noNamespaceSchemaLocation="https://maven.apache.org/surefire/maven-surefire-plugin/xsd/surefire-test-report.xsd" name="org.apache.hadoop.ozone.freon.TestRandomKeyGenerator" time="250.615" tests="6" errors="1" skipped="0" failures="0">
  <properties>
    <property name="awt.toolkit" value="sun.awt.X11.XToolkit"/>
    <property name="file.encoding.pkg" value="sun.io"/>
    <property name="java.specification.version" value="1.8"/>
    <property name="sun.cpu.isalist" value=""/>
    <property name="sun.jnu.encoding" value="ANSI_X3.4-1968"/>
    <property name="java.class.path" value="/workdir/hadoop-ozone/tools/target/test-classes:/workdir/hadoop-ozone/tools/target/classes:/home/user/.m2/repository/org/apache/hadoop/hadoop-ozone-ozone-manager/0.5.0-SNAPSHOT/hadoop-ozone-ozone-manager-0.5.0-SNAPSHOT.jar:/home/user/.m2/repository/org/apache/hadoop/hadoop-hdds-docs/0.5.0-SNAPSHOT/hadoop-hdds-docs-0.5.0-SNAPSHOT.jar:/home/user/.m2/repository/org/bouncycastle/bcprov-jdk15on/1.60/bcprov-jdk15on-1.60.jar:/home/user/.m2/repository/org/apache/hadoop/hadoop-ozone-common/0.5.0-SNAPSHOT/hadoop-ozone-common-0.5.0-SNAPSHOT.jar:/home/user/.m2/repository/org/apache/commons/commons-compress/1.4.1/commons-compress-1.4.1.jar:/home/user/.m2/repository/org/tukaani/xz/1.0/xz-1.0.jar:/home/user/.m2/repository/org/apache/hadoop/hadoop-hdfs-client/3.2.0/hadoop-hdfs-client-3.2.0.jar:/home/user/.m2/repository/com/fasterxml/jackson/core/jackson-annotations/2.9.9/jackson-annotations-2.9.9.jar:/home/user/.m2/repository/org/apache/hadoop/hadoop-hdds-common/0.5.0-SNAPSHOT/hadoop-hdds-common-0.5.0-SNAPSHOT.jar:/home/user/.m2/repository/org/apache/hadoop/hadoop-hdds-config/0.5.0-SNAPSHOT/hadoop-hdds-config-0.5.0-SNAPSHOT.jar:/home/user/.m2/repository/javax/annotation/javax.annotation-api/1.2/javax.annotation-api-1.2.jar:/home/user/.m2/repository/org/apache/ratis/ratis-server/0.5.0-d6d58d0-SNAPSHOT/ratis-server-0.5.0-d6d58d0-SNAPSHOT.jar:/home/user/.m2/repository/org/apache/ratis/ratis-thirdparty-misc/0.2.0/ratis-thirdparty-misc-0.2.0.jar:/home/user/.m2/repository/org/apache/ratis/ratis-proto/0.5.0-d6d58d0-SNAPSHOT/ratis-proto-0.5.0-d6d58d0-SNAPSHOT.jar:/home/user/.m2/repository/org/apache/ratis/ratis-common/0.5.0-d6d58d0-SNAPSHOT/ratis-common-0.5.0-d6d58d0-SNAPSHOT.jar:/home/user/.m2/repository/org/apache/ratis/ratis-client/0.5.0-d6d58d0-SNAPSHOT/ratis-client-0.5.0-d6d58d0-SNAPSHOT.jar:/home/user/.m2/repository/org/apache/ratis/ratis-metrics/0.5.0-d6d58d0-SNAPSHOT/ratis-metrics-0.5.0-d6d58d0-SNAPSHOT.jar:/home/user/.m2/repository/org/apache/ratis/ratis-netty/0.5.0-d6d58d0-SNAPSHOT/ratis-netty-0.5.0-d6d58d0-SNAPSHOT.jar:/home/user/.m2/repository/org/apache/ratis/ratis-grpc/0.5.0-d6d58d0-SNAPSHOT/ratis-grpc-0.5.0-d6d58d0-SNAPSHOT.jar:/home/user/.m2/repository/org/rocksdb/rocksdbjni/6.0.1/rocksdbjni-6.0.1.jar:/home/user/.m2/repository/org/apache/logging/log4j/log4j-api/2.11.0/log4j-api-2.11.0.jar:/home/user/.m2/repository/org/apache/logging/log4j/log4j-core/2.11.0/log4j-core-2.11.0.jar:/home/user/.m2/repository/com/lmax/disruptor/3.4.2/disruptor-3.4.2.jar:/home/user/.m2/repository/org/apache/commons/commons-pool2/2.6.0/commons-pool2-2.6.0.jar:/home/user/.m2/repository/org/bouncycastle/bcpkix-jdk15on/1.60/bcpkix-jdk15on-1.60.jar:/home/user/.m2/repository/commons-validator/commons-validator/1.6/commons-validator-1.6.jar:/home/user/.m2/repository/commons-digester/commons-digester/1.8.1/commons-digester-1.8.1.jar:/home/user/.m2/repository/io/jaegertracing/jaeger-client/0.34.0/jaeger-client-0.34.0.jar:/home/user/.m2/repository/io/jaegertracing/jaeger-thrift/0.34.0/jaeger-thrift-0.34.0.jar:/home/user/.m2/repository/org/apache/thrift/libthrift/0.12.0/libthrift-0.12.0.jar:/home/user/.m2/repository/com/squareup/okhttp3/okhttp/3.9.0/okhttp-3.9.0.jar:/home/user/.m2/repository/com/squareup/okio/okio/1.13.0/okio-1.13.0.jar:/home/user/.m2/repository/io/jaegertracing/jaeger-core/0.34.0/jaeger-core-0.34.0.jar:/home/user/.m2/repository/io/jaegertracing/jaeger-tracerresolver/0.34.0/jaeger-tracerresolver-0.34.0.jar:/home/user/.m2/repository/io/opentracing/contrib/opentracing-tracerresolver/0.1.5/opentracing-tracerresolver-0.1.5.jar:/home/user/.m2/repository/io/opentracing/opentracing-util/0.31.0/opentracing-util-0.31.0.jar:/home/user/.m2/repository/io/opentracing/opentracing-api/0.31.0/opentracing-api-0.31.0.jar:/home/user/.m2/repository/io/opentracing/opentracing-noop/0.31.0/opentracing-noop-0.31.0.jar:/home/user/.m2/repository/org/yaml/snakeyaml/1.16/snakeyaml-1.16.jar:/home/user/.m2/repository/org/apache/hadoop/hadoop-hdds-container-service/0.5.0-SNAPSHOT/hadoop-hdds-container-service-0.5.0-SNAPSHOT.jar:/home/user/.m2/repository/org/apache/hadoop/hadoop-hdds-client/0.5.0-SNAPSHOT/hadoop-hdds-client-0.5.0-SNAPSHOT.jar:/home/user/.m2/repository/org/apache/hadoop/hadoop-hdds-tools/0.5.0-SNAPSHOT/hadoop-hdds-tools-0.5.0-SNAPSHOT.jar:/home/user/.m2/repository/org/xerial/sqlite-jdbc/3.25.2/sqlite-jdbc-3.25.2.jar:/home/user/.m2/repository/org/apache/hadoop/hadoop-hdds-server-scm/0.5.0-SNAPSHOT/hadoop-hdds-server-scm-0.5.0-SNAPSHOT.jar:/home/user/.m2/repository/org/hamcrest/hamcrest-all/1.3/hamcrest-all-1.3.jar:/home/user/.m2/repository/info/picocli/picocli/3.9.6/picocli-3.9.6.jar:/home/user/.m2/repository/com/google/protobuf/protobuf-java/2.5.0/protobuf-java-2.5.0.jar:/home/user/.m2/repository/com/google/guava/guava/11.0.2/guava-11.0.2.jar:/home/user/.m2/repository/org/apache/hadoop/hadoop-ozone-client/0.5.0-SNAPSHOT/hadoop-ozone-client-0.5.0-SNAPSHOT.jar:/workdir/hadoop-ozone/ozonefs/target/classes:/home/user/.m2/repository/org/apache/httpcomponents/httpclient/4.5.2/httpclient-4.5.2.jar:/home/user/.m2/repository/org/apache/httpcomponents/httpcore/4.4.4/httpcore-4.4.4.jar:/home/user/.m2/repository/org/apache/hadoop/hadoop-hdds-server-framework/0.5.0-SNAPSHOT/hadoop-hdds-server-framework-0.5.0-SNAPSHOT.jar:/home/user/.m2/repository/org/apache/hadoop/hadoop-common/3.2.0/hadoop-common-3.2.0.jar:/home/user/.m2/repository/org/apache/hadoop/hadoop-annotations/3.2.0/hadoop-annotations-3.2.0.jar:/usr/lib/jvm/java-1.8.0-openjdk-1.8.0.222.b10-1.el7_7.x86_64/jre/../lib/tools.jar:/home/user/.m2/repository/commons-cli/commons-cli/1.2/commons-cli-1.2.jar:/home/user/.m2/repository/org/apache/commons/commons-math3/3.1.1/commons-math3-3.1.1.jar:/home/user/.m2/repository/commons-codec/commons-codec/1.11/commons-codec-1.11.jar:/home/user/.m2/repository/commons-io/commons-io/2.5/commons-io-2.5.jar:/home/user/.m2/repository/commons-net/commons-net/3.6/commons-net-3.6.jar:/home/user/.m2/repository/commons-collections/commons-collections/3.2.2/commons-collections-3.2.2.jar:/home/user/.m2/repository/javax/servlet/javax.servlet-api/3.1.0/javax.servlet-api-3.1.0.jar:/home/user/.m2/repository/org/eclipse/jetty/jetty-server/9.3.25.v20180904/jetty-server-9.3.25.v20180904.jar:/home/user/.m2/repository/org/eclipse/jetty/jetty-http/9.3.25.v20180904/jetty-http-9.3.25.v20180904.jar:/home/user/.m2/repository/org/eclipse/jetty/jetty-io/9.3.25.v20180904/jetty-io-9.3.25.v20180904.jar:/home/user/.m2/repository/org/eclipse/jetty/jetty-util/9.3.25.v20180904/jetty-util-9.3.25.v20180904.jar:/home/user/.m2/repository/org/eclipse/jetty/jetty-servlet/9.3.25.v20180904/jetty-servlet-9.3.25.v20180904.jar:/home/user/.m2/repository/org/eclipse/jetty/jetty-security/9.3.25.v20180904/jetty-security-9.3.25.v20180904.jar:/home/user/.m2/repository/org/eclipse/jetty/jetty-webapp/9.3.25.v20180904/jetty-webapp-9.3.25.v20180904.jar:/home/user/.m2/repository/org/eclipse/jetty/jetty-xml/9.3.25.v20180904/jetty-xml-9.3.25.v20180904.jar:/home/user/.m2/repository/javax/servlet/jsp/jsp-api/2.1/jsp-api-2.1.jar:/home/user/.m2/repository/com/sun/jersey/jersey-core/1.19/jersey-core-1.19.jar:/home/user/.m2/repository/javax/ws/rs/jsr311-api/1.1.1/jsr311-api-1.1.1.jar:/home/user/.m2/repository/com/sun/jersey/jersey-servlet/1.19/jersey-servlet-1.19.jar:/home/user/.m2/repository/com/sun/jersey/jersey-json/1.19/jersey-json-1.19.jar:/home/user/.m2/repository/org/codehaus/jettison/jettison/1.1/jettison-1.1.jar:/home/user/.m2/repository/com/sun/xml/bind/jaxb-impl/2.3.0.1/jaxb-impl-2.3.0.1.jar:/home/user/.m2/repository/org/codehaus/jackson/jackson-core-asl/1.9.13/jackson-core-asl-1.9.13.jar:/home/user/.m2/repository/org/codehaus/jackson/jackson-mapper-asl/1.9.13/jackson-mapper-asl-1.9.13.jar:/home/user/.m2/repository/org/codehaus/jackson/jackson-jaxrs/1.9.13/jackson-jaxrs-1.9.13.jar:/home/user/.m2/repository/org/codehaus/jackson/jackson-xc/1.9.13/jackson-xc-1.9.13.jar:/home/user/.m2/repository/com/sun/jersey/jersey-server/1.19/jersey-server-1.19.jar:/home/user/.m2/repository/commons-logging/commons-logging/1.1.3/commons-logging-1.1.3.jar:/home/user/.m2/repository/log4j/log4j/1.2.17/log4j-1.2.17.jar:/home/user/.m2/repository/commons-beanutils/commons-beanutils/1.9.4/commons-beanutils-1.9.4.jar:/home/user/.m2/repository/org/apache/commons/commons-configuration2/2.1.1/commons-configuration2-2.1.1.jar:/home/user/.m2/repository/org/apache/commons/commons-lang3/3.7/commons-lang3-3.7.jar:/home/user/.m2/repository/org/apache/commons/commons-text/1.4/commons-text-1.4.jar:/home/user/.m2/repository/org/slf4j/slf4j-api/1.7.25/slf4j-api-1.7.25.jar:/home/user/.m2/repository/org/slf4j/slf4j-log4j12/1.7.25/slf4j-log4j12-1.7.25.jar:/home/user/.m2/repository/org/apache/avro/avro/1.7.7/avro-1.7.7.jar:/home/user/.m2/repository/com/thoughtworks/paranamer/paranamer/2.3/paranamer-2.3.jar:/home/user/.m2/repository/org/xerial/snappy/snappy-java/1.0.5/snappy-java-1.0.5.jar:/home/user/.m2/repository/com/google/re2j/re2j/1.1/re2j-1.1.jar:/home/user/.m2/repository/com/google/code/gson/gson/2.2.4/gson-2.2.4.jar:/home/user/.m2/repository/org/apache/hadoop/hadoop-auth/3.2.0/hadoop-auth-3.2.0.jar:/home/user/.m2/repository/com/nimbusds/nimbus-jose-jwt/4.41.1/nimbus-jose-jwt-4.41.1.jar:/home/user/.m2/repository/com/github/stephenc/jcip/jcip-annotations/1.0-1/jcip-annotations-1.0-1.jar:/home/user/.m2/repository/net/minidev/json-smart/2.3/json-smart-2.3.jar:/home/user/.m2/repository/net/minidev/accessors-smart/1.2/accessors-smart-1.2.jar:/home/user/.m2/repository/org/apache/curator/curator-framework/2.12.0/curator-framework-2.12.0.jar:/home/user/.m2/repository/com/jcraft/jsch/0.1.54/jsch-0.1.54.jar:/home/user/.m2/repository/org/apache/curator/curator-client/2.12.0/curator-client-2.12.0.jar:/home/user/.m2/repository/org/apache/curator/curator-recipes/2.12.0/curator-recipes-2.12.0.jar:/home/user/.m2/repository/com/google/code/findbugs/jsr305/3.0.0/jsr305-3.0.0.jar:/home/user/.m2/repository/org/apache/htrace/htrace-core4/4.1.0-incubating/htrace-core4-4.1.0-incubating.jar:/home/user/.m2/repository/org/apache/zookeeper/zookeeper/3.4.13/zookeeper-3.4.13.jar:/home/user/.m2/repository/jline/jline/0.9.94/jline-0.9.94.jar:/home/user/.m2/repository/org/apache/yetus/audience-annotations/0.5.0/audience-annotations-0.5.0.jar:/home/user/.m2/repository/org/apache/kerby/kerb-simplekdc/1.0.1/kerb-simplekdc-1.0.1.jar:/home/user/.m2/repository/org/apache/kerby/kerb-client/1.0.1/kerb-client-1.0.1.jar:/home/user/.m2/repository/org/apache/kerby/kerby-config/1.0.1/kerby-config-1.0.1.jar:/home/user/.m2/repository/org/apache/kerby/kerb-core/1.0.1/kerb-core-1.0.1.jar:/home/user/.m2/repository/org/apache/kerby/kerby-pkix/1.0.1/kerby-pkix-1.0.1.jar:/home/user/.m2/repository/org/apache/kerby/kerby-asn1/1.0.1/kerby-asn1-1.0.1.jar:/home/user/.m2/repository/org/apache/kerby/kerby-util/1.0.1/kerby-util-1.0.1.jar:/home/user/.m2/repository/org/apache/kerby/kerb-common/1.0.1/kerb-common-1.0.1.jar:/home/user/.m2/repository/org/apache/kerby/kerb-crypto/1.0.1/kerb-crypto-1.0.1.jar:/home/user/.m2/repository/org/apache/kerby/kerb-util/1.0.1/kerb-util-1.0.1.jar:/home/user/.m2/repository/org/apache/kerby/token-provider/1.0.1/token-provider-1.0.1.jar:/home/user/.m2/repository/org/apache/kerby/kerb-admin/1.0.1/kerb-admin-1.0.1.jar:/home/user/.m2/repository/org/apache/kerby/kerb-server/1.0.1/kerb-server-1.0.1.jar:/home/user/.m2/repository/org/apache/kerby/kerb-identity/1.0.1/kerb-identity-1.0.1.jar:/home/user/.m2/repository/org/apache/kerby/kerby-xdr/1.0.1/kerby-xdr-1.0.1.jar:/home/user/.m2/repository/com/fasterxml/jackson/core/jackson-databind/2.9.9/jackson-databind-2.9.9.jar:/home/user/.m2/repository/com/fasterxml/jackson/core/jackson-core/2.9.9/jackson-core-2.9.9.jar:/home/user/.m2/repository/org/codehaus/woodstox/stax2-api/3.1.4/stax2-api-3.1.4.jar:/home/user/.m2/repository/com/fasterxml/woodstox/woodstox-core/5.0.3/woodstox-core-5.0.3.jar:/home/user/.m2/repository/dnsjava/dnsjava/2.1.7/dnsjava-2.1.7.jar:/home/user/.m2/repository/org/apache/hadoop/hadoop-hdfs/3.2.0/hadoop-hdfs-3.2.0.jar:/home/user/.m2/repository/org/eclipse/jetty/jetty-util-ajax/9.3.25.v20180904/jetty-util-ajax-9.3.25.v20180904.jar:/home/user/.m2/repository/commons-daemon/commons-daemon/1.0.13/commons-daemon-1.0.13.jar:/home/user/.m2/repository/io/netty/netty/3.10.5.Final/netty-3.10.5.Final.jar:/home/user/.m2/repository/io/netty/netty-all/4.0.52.Final/netty-all-4.0.52.Final.jar:/home/user/.m2/repository/org/fusesource/leveldbjni/leveldbjni-all/1.8/leveldbjni-all-1.8.jar:/home/user/.m2/repository/com/sun/xml/bind/jaxb-core/2.3.0.1/jaxb-core-2.3.0.1.jar:/home/user/.m2/repository/javax/xml/bind/jaxb-api/2.3.0/jaxb-api-2.3.0.jar:/home/user/.m2/repository/javax/activation/activation/1.1.1/activation-1.1.1.jar:/home/user/.m2/repository/org/openjdk/jmh/jmh-core/1.19/jmh-core-1.19.jar:/home/user/.m2/repository/net/sf/jopt-simple/jopt-simple/4.6/jopt-simple-4.6.jar:/home/user/.m2/repository/org/openjdk/jmh/jmh-generator-annprocess/1.19/jmh-generator-annprocess-1.19.jar:/home/user/.m2/repository/io/dropwizard/metrics/metrics-core/3.2.4/metrics-core-3.2.4.jar:/home/user/.m2/repository/com/amazonaws/aws-java-sdk-s3/1.11.615/aws-java-sdk-s3-1.11.615.jar:/home/user/.m2/repository/com/amazonaws/aws-java-sdk-kms/1.11.615/aws-java-sdk-kms-1.11.615.jar:/home/user/.m2/repository/com/amazonaws/aws-java-sdk-core/1.11.615/aws-java-sdk-core-1.11.615.jar:/home/user/.m2/repository/software/amazon/ion/ion-java/1.0.2/ion-java-1.0.2.jar:/home/user/.m2/repository/com/fasterxml/jackson/dataformat/jackson-dataformat-cbor/2.9.9/jackson-dataformat-cbor-2.9.9.jar:/home/user/.m2/repository/joda-time/joda-time/2.9.9/joda-time-2.9.9.jar:/home/user/.m2/repository/com/amazonaws/jmespath-java/1.11.615/jmespath-java-1.11.615.jar:/home/user/.m2/repository/com/github/spotbugs/spotbugs/3.1.12/spotbugs-3.1.12.jar:/home/user/.m2/repository/org/ow2/asm/asm/5.0.4/asm-5.0.4.jar:/home/user/.m2/repository/org/ow2/asm/asm-analysis/7.0/asm-analysis-7.0.jar:/home/user/.m2/repository/org/ow2/asm/asm-commons/7.0/asm-commons-7.0.jar:/home/user/.m2/repository/org/ow2/asm/asm-tree/7.0/asm-tree-7.0.jar:/home/user/.m2/repository/org/ow2/asm/asm-util/7.0/asm-util-7.0.jar:/home/user/.m2/repository/org/apache/bcel/bcel/6.3/bcel-6.3.jar:/home/user/.m2/repository/net/jcip/jcip-annotations/1.0/jcip-annotations-1.0.jar:/home/user/.m2/repository/org/dom4j/dom4j/2.1.1/dom4j-2.1.1.jar:/home/user/.m2/repository/jaxen/jaxen/1.1.6/jaxen-1.1.6.jar:/home/user/.m2/repository/commons-lang/commons-lang/2.6/commons-lang-2.6.jar:/home/user/.m2/repository/com/github/spotbugs/spotbugs-annotations/3.1.12/spotbugs-annotations-3.1.12.jar:/home/user/.m2/repository/junit/junit/4.11/junit-4.11.jar:/home/user/.m2/repository/org/hamcrest/hamcrest-core/1.3/hamcrest-core-1.3.jar:/home/user/.m2/repository/org/apache/hadoop/hadoop-common/3.2.0/hadoop-common-3.2.0-tests.jar:/workdir/hadoop-ozone/integration-test/target/test-classes:/home/user/.m2/repository/org/apache/hadoop/hadoop-ozone-s3gateway/0.5.0-SNAPSHOT/hadoop-ozone-s3gateway-0.5.0-SNAPSHOT.jar:/home/user/.m2/repository/org/jboss/weld/servlet/weld-servlet/2.4.7.Final/weld-servlet-2.4.7.Final.jar:/home/user/.m2/repository/org/glassfish/jersey/containers/jersey-container-servlet-core/2.27/jersey-container-servlet-core-2.27.jar:/home/user/.m2/repository/org/glassfish/hk2/external/javax.inject/2.5.0-b42/javax.inject-2.5.0-b42.jar:/home/user/.m2/repository/org/glassfish/jersey/core/jersey-common/2.27/jersey-common-2.27.jar:/home/user/.m2/repository/org/glassfish/hk2/osgi-resource-locator/1.0.1/osgi-resource-locator-1.0.1.jar:/home/user/.m2/repository/javax/ws/rs/javax.ws.rs-api/2.1/javax.ws.rs-api-2.1.jar:/home/user/.m2/repository/org/glassfish/jersey/ext/cdi/jersey-cdi1x/2.27/jersey-cdi1x-2.27.jar:/home/user/.m2/repository/org/glassfish/jersey/inject/jersey-hk2/2.27/jersey-hk2-2.27.jar:/home/user/.m2/repository/org/glassfish/hk2/hk2-locator/2.5.0-b42/hk2-locator-2.5.0-b42.jar:/home/user/.m2/repository/org/javassist/javassist/3.22.0-CR2/javassist-3.22.0-CR2.jar:/home/user/.m2/repository/org/glassfish/hk2/hk2-api/2.5.0/hk2-api-2.5.0.jar:/home/user/.m2/repository/org/glassfish/hk2/external/jakarta.inject/2.5.0/jakarta.inject-2.5.0.jar:/home/user/.m2/repository/org/glassfish/hk2/hk2-utils/2.5.0/hk2-utils-2.5.0.jar:/home/user/.m2/repository/jakarta/annotation/jakarta.annotation-api/1.3.4/jakarta.annotation-api-1.3.4.jar:/home/user/.m2/repository/org/glassfish/hk2/external/aopalliance-repackaged/2.5.0/aopalliance-repackaged-2.5.0.jar:/home/user/.m2/repository/com/fasterxml/jackson/dataformat/jackson-dataformat-xml/2.9.0/jackson-dataformat-xml-2.9.0.jar:/home/user/.m2/repository/com/fasterxml/jackson/module/jackson-module-jaxb-annotations/2.9.9/jackson-module-jaxb-annotations-2.9.9.jar:/home/user/.m2/repository/javax/enterprise/cdi-api/1.2/cdi-api-1.2.jar:/home/user/.m2/repository/javax/el/javax.el-api/3.0.0/javax.el-api-3.0.0.jar:/home/user/.m2/repository/javax/interceptor/javax.interceptor-api/1.2/javax.interceptor-api-1.2.jar:/home/user/.m2/repository/javax/inject/javax.inject/1/javax.inject-1.jar:/home/user/.m2/repository/org/apache/hadoop/hadoop-ozone-csi/0.5.0-SNAPSHOT/hadoop-ozone-csi-0.5.0-SNAPSHOT.jar:/home/user/.m2/repository/com/google/protobuf/protobuf-java-util/3.5.1/protobuf-java-util-3.5.1.jar:/home/user/.m2/repository/io/grpc/grpc-netty/1.17.1/grpc-netty-1.17.1.jar:/home/user/.m2/repository/io/grpc/grpc-core/1.17.1/grpc-core-1.17.1.jar:/home/user/.m2/repository/io/grpc/grpc-context/1.17.1/grpc-context-1.17.1.jar:/home/user/.m2/repository/com/google/errorprone/error_prone_annotations/2.2.0/error_prone_annotations-2.2.0.jar:/home/user/.m2/repository/org/codehaus/mojo/animal-sniffer-annotations/1.17/animal-sniffer-annotations-1.17.jar:/home/user/.m2/repository/io/opencensus/opencensus-api/0.17.0/opencensus-api-0.17.0.jar:/home/user/.m2/repository/io/opencensus/opencensus-contrib-grpc-metrics/0.17.0/opencensus-contrib-grpc-metrics-0.17.0.jar:/home/user/.m2/repository/io/netty/netty-codec-http2/4.1.30.Final/netty-codec-http2-4.1.30.Final.jar:/home/user/.m2/repository/io/netty/netty-codec-http/4.1.30.Final/netty-codec-http-4.1.30.Final.jar:/home/user/.m2/repository/io/netty/netty-codec/4.1.30.Final/netty-codec-4.1.30.Final.jar:/home/user/.m2/repository/io/netty/netty-handler/4.1.30.Final/netty-handler-4.1.30.Final.jar:/home/user/.m2/repository/io/netty/netty-handler-proxy/4.1.30.Final/netty-handler-proxy-4.1.30.Final.jar:/home/user/.m2/repository/io/netty/netty-codec-socks/4.1.30.Final/netty-codec-socks-4.1.30.Final.jar:/home/user/.m2/repository/io/netty/netty-transport-native-epoll/4.1.30.Final/netty-transport-native-epoll-4.1.30.Final.jar:/home/user/.m2/repository/io/netty/netty-common/4.1.30.Final/netty-common-4.1.30.Final.jar:/home/user/.m2/repository/io/netty/netty-buffer/4.1.30.Final/netty-buffer-4.1.30.Final.jar:/home/user/.m2/repository/io/netty/netty-transport/4.1.30.Final/netty-transport-4.1.30.Final.jar:/home/user/.m2/repository/io/netty/netty-resolver/4.1.30.Final/netty-resolver-4.1.30.Final.jar:/home/user/.m2/repository/io/netty/netty-transport-native-unix-common/4.1.30.Final/netty-transport-native-unix-common-4.1.30.Final.jar:/home/user/.m2/repository/io/grpc/grpc-protobuf/1.17.1/grpc-protobuf-1.17.1.jar:/home/user/.m2/repository/com/google/api/grpc/proto-google-common-protos/1.0.0/proto-google-common-protos-1.0.0.jar:/home/user/.m2/repository/io/grpc/grpc-protobuf-lite/1.17.1/grpc-protobuf-lite-1.17.1.jar:/home/user/.m2/repository/io/grpc/grpc-stub/1.17.1/grpc-stub-1.17.1.jar:/home/user/.m2/repository/org/apache/hadoop/hadoop-ozone-recon/0.5.0-SNAPSHOT/hadoop-ozone-recon-0.5.0-SNAPSHOT.jar:/home/user/.m2/repository/org/apache/hadoop/hadoop-ozone-reconcodegen/0.5.0-SNAPSHOT/hadoop-ozone-reconcodegen-0.5.0-SNAPSHOT.jar:/home/user/.m2/repository/com/google/inject/extensions/guice-multibindings/4.0/guice-multibindings-4.0.jar:/home/user/.m2/repository/com/google/inject/guice/4.0/guice-4.0.jar:/home/user/.m2/repository/aopalliance/aopalliance/1.0/aopalliance-1.0.jar:/home/user/.m2/repository/com/google/inject/extensions/guice-servlet/4.0/guice-servlet-4.0.jar:/home/user/.m2/repository/org/glassfish/jersey/containers/jersey-container-servlet/2.27/jersey-container-servlet-2.27.jar:/home/user/.m2/repository/org/glassfish/hk2/guice-bridge/2.5.0/guice-bridge-2.5.0.jar:/home/user/.m2/repository/org/glassfish/jersey/core/jersey-server/2.27/jersey-server-2.27.jar:/home/user/.m2/repository/org/glassfish/jersey/core/jersey-client/2.27/jersey-client-2.27.jar:/home/user/.m2/repository/org/glassfish/jersey/media/jersey-media-jaxb/2.27/jersey-media-jaxb-2.27.jar:/home/user/.m2/repository/javax/validation/validation-api/1.1.0.Final/validation-api-1.1.0.Final.jar:/home/user/.m2/repository/org/glassfish/jersey/media/jersey-media-json-jackson/2.27/jersey-media-json-jackson-2.27.jar:/home/user/.m2/repository/org/glassfish/jersey/ext/jersey-entity-filtering/2.27/jersey-entity-filtering-2.27.jar:/home/user/.m2/repository/com/google/inject/extensions/guice-assistedinject/4.0/guice-assistedinject-4.0.jar:/home/user/.m2/repository/org/jooq/jooq/3.11.10/jooq-3.11.10.jar:/home/user/.m2/repository/org/jooq/jooq-meta/3.11.10/jooq-meta-3.11.10.jar:/home/user/.m2/repository/org/jooq/jooq-codegen/3.11.10/jooq-codegen-3.11.10.jar:/home/user/.m2/repository/com/jolbox/bonecp/0.8.0.RELEASE/bonecp-0.8.0.RELEASE.jar:/home/user/.m2/repository/org/springframework/spring-jdbc/5.1.3.RELEASE/spring-jdbc-5.1.3.RELEASE.jar:/home/user/.m2/repository/org/springframework/spring-beans/5.1.3.RELEASE/spring-beans-5.1.3.RELEASE.jar:/home/user/.m2/repository/org/springframework/spring-core/5.1.3.RELEASE/spring-core-5.1.3.RELEASE.jar:/home/user/.m2/repository/org/springframework/spring-jcl/5.1.3.RELEASE/spring-jcl-5.1.3.RELEASE.jar:/home/user/.m2/repository/org/springframework/spring-tx/5.1.3.RELEASE/spring-tx-5.1.3.RELEASE.jar:/home/user/.m2/repository/org/mockito/mockito-core/2.15.0/mockito-core-2.15.0.jar:/home/user/.m2/repository/net/bytebuddy/byte-buddy/1.7.9/byte-buddy-1.7.9.jar:/home/user/.m2/repository/net/bytebuddy/byte-buddy-agent/1.7.9/byte-buddy-agent-1.7.9.jar:/home/user/.m2/repository/org/objenesis/objenesis/1.0/objenesis-1.0.jar:"/>
    <property name="java.vm.vendor" value="Oracle Corporation"/>
    <property name="sun.arch.data.model" value="64"/>
    <property name="test.build.dir" value="/workdir/hadoop-ozone/tools/target/test-dir"/>
    <property name="test.cache.data" value=""/>
    <property name="java.vendor.url" value="http://java.oracle.com/"/>
    <property name="user.timezone" value=""/>
    <property name="java.vm.specification.version" value="1.8"/>
    <property name="os.name" value="Linux"/>
    <property name="test.build.data" value="/workdir/hadoop-ozone/tools/target/test-dir"/>
    <property name="user.country" value="US"/>
    <property name="sun.java.launcher" value="SUN_STANDARD"/>
    <property name="sun.boot.library.path" value="/usr/lib/jvm/java-1.8.0-openjdk-1.8.0.222.b10-1.el7_7.x86_64/jre/lib/amd64"/>
    <property name="sun.java.command" value="/workdir/hadoop-ozone/tools/target/surefire/surefirebooter8022398224631700741.jar /workdir/hadoop-ozone/tools/target/surefire 2019-10-31T23-13-26_754-jvmRun1 surefire4440638667061203247tmp surefire_1068576419192413791294tmp"/>
    <property name="surefire.test.class.path" value="/workdir/hadoop-ozone/tools/target/test-classes:/workdir/hadoop-ozone/tools/target/classes:/home/user/.m2/repository/org/apache/hadoop/hadoop-ozone-ozone-manager/0.5.0-SNAPSHOT/hadoop-ozone-ozone-manager-0.5.0-SNAPSHOT.jar:/home/user/.m2/repository/org/apache/hadoop/hadoop-hdds-docs/0.5.0-SNAPSHOT/hadoop-hdds-docs-0.5.0-SNAPSHOT.jar:/home/user/.m2/repository/org/bouncycastle/bcprov-jdk15on/1.60/bcprov-jdk15on-1.60.jar:/home/user/.m2/repository/org/apache/hadoop/hadoop-ozone-common/0.5.0-SNAPSHOT/hadoop-ozone-common-0.5.0-SNAPSHOT.jar:/home/user/.m2/repository/org/apache/commons/commons-compress/1.4.1/commons-compress-1.4.1.jar:/home/user/.m2/repository/org/tukaani/xz/1.0/xz-1.0.jar:/home/user/.m2/repository/org/apache/hadoop/hadoop-hdfs-client/3.2.0/hadoop-hdfs-client-3.2.0.jar:/home/user/.m2/repository/com/fasterxml/jackson/core/jackson-annotations/2.9.9/jackson-annotations-2.9.9.jar:/home/user/.m2/repository/org/apache/hadoop/hadoop-hdds-common/0.5.0-SNAPSHOT/hadoop-hdds-common-0.5.0-SNAPSHOT.jar:/home/user/.m2/repository/org/apache/hadoop/hadoop-hdds-config/0.5.0-SNAPSHOT/hadoop-hdds-config-0.5.0-SNAPSHOT.jar:/home/user/.m2/repository/javax/annotation/javax.annotation-api/1.2/javax.annotation-api-1.2.jar:/home/user/.m2/repository/org/apache/ratis/ratis-server/0.5.0-d6d58d0-SNAPSHOT/ratis-server-0.5.0-d6d58d0-SNAPSHOT.jar:/home/user/.m2/repository/org/apache/ratis/ratis-thirdparty-misc/0.2.0/ratis-thirdparty-misc-0.2.0.jar:/home/user/.m2/repository/org/apache/ratis/ratis-proto/0.5.0-d6d58d0-SNAPSHOT/ratis-proto-0.5.0-d6d58d0-SNAPSHOT.jar:/home/user/.m2/repository/org/apache/ratis/ratis-common/0.5.0-d6d58d0-SNAPSHOT/ratis-common-0.5.0-d6d58d0-SNAPSHOT.jar:/home/user/.m2/repository/org/apache/ratis/ratis-client/0.5.0-d6d58d0-SNAPSHOT/ratis-client-0.5.0-d6d58d0-SNAPSHOT.jar:/home/user/.m2/repository/org/apache/ratis/ratis-metrics/0.5.0-d6d58d0-SNAPSHOT/ratis-metrics-0.5.0-d6d58d0-SNAPSHOT.jar:/home/user/.m2/repository/org/apache/ratis/ratis-netty/0.5.0-d6d58d0-SNAPSHOT/ratis-netty-0.5.0-d6d58d0-SNAPSHOT.jar:/home/user/.m2/repository/org/apache/ratis/ratis-grpc/0.5.0-d6d58d0-SNAPSHOT/ratis-grpc-0.5.0-d6d58d0-SNAPSHOT.jar:/home/user/.m2/repository/org/rocksdb/rocksdbjni/6.0.1/rocksdbjni-6.0.1.jar:/home/user/.m2/repository/org/apache/logging/log4j/log4j-api/2.11.0/log4j-api-2.11.0.jar:/home/user/.m2/repository/org/apache/logging/log4j/log4j-core/2.11.0/log4j-core-2.11.0.jar:/home/user/.m2/repository/com/lmax/disruptor/3.4.2/disruptor-3.4.2.jar:/home/user/.m2/repository/org/apache/commons/commons-pool2/2.6.0/commons-pool2-2.6.0.jar:/home/user/.m2/repository/org/bouncycastle/bcpkix-jdk15on/1.60/bcpkix-jdk15on-1.60.jar:/home/user/.m2/repository/commons-validator/commons-validator/1.6/commons-validator-1.6.jar:/home/user/.m2/repository/commons-digester/commons-digester/1.8.1/commons-digester-1.8.1.jar:/home/user/.m2/repository/io/jaegertracing/jaeger-client/0.34.0/jaeger-client-0.34.0.jar:/home/user/.m2/repository/io/jaegertracing/jaeger-thrift/0.34.0/jaeger-thrift-0.34.0.jar:/home/user/.m2/repository/org/apache/thrift/libthrift/0.12.0/libthrift-0.12.0.jar:/home/user/.m2/repository/com/squareup/okhttp3/okhttp/3.9.0/okhttp-3.9.0.jar:/home/user/.m2/repository/com/squareup/okio/okio/1.13.0/okio-1.13.0.jar:/home/user/.m2/repository/io/jaegertracing/jaeger-core/0.34.0/jaeger-core-0.34.0.jar:/home/user/.m2/repository/io/jaegertracing/jaeger-tracerresolver/0.34.0/jaeger-tracerresolver-0.34.0.jar:/home/user/.m2/repository/io/opentracing/contrib/opentracing-tracerresolver/0.1.5/opentracing-tracerresolver-0.1.5.jar:/home/user/.m2/repository/io/opentracing/opentracing-util/0.31.0/opentracing-util-0.31.0.jar:/home/user/.m2/repository/io/opentracing/opentracing-api/0.31.0/opentracing-api-0.31.0.jar:/home/user/.m2/repository/io/opentracing/opentracing-noop/0.31.0/opentracing-noop-0.31.0.jar:/home/user/.m2/repository/org/yaml/snakeyaml/1.16/snakeyaml-1.16.jar:/home/user/.m2/repository/org/apache/hadoop/hadoop-hdds-container-service/0.5.0-SNAPSHOT/hadoop-hdds-container-service-0.5.0-SNAPSHOT.jar:/home/user/.m2/repository/org/apache/hadoop/hadoop-hdds-client/0.5.0-SNAPSHOT/hadoop-hdds-client-0.5.0-SNAPSHOT.jar:/home/user/.m2/repository/org/apache/hadoop/hadoop-hdds-tools/0.5.0-SNAPSHOT/hadoop-hdds-tools-0.5.0-SNAPSHOT.jar:/home/user/.m2/repository/org/xerial/sqlite-jdbc/3.25.2/sqlite-jdbc-3.25.2.jar:/home/user/.m2/repository/org/apache/hadoop/hadoop-hdds-server-scm/0.5.0-SNAPSHOT/hadoop-hdds-server-scm-0.5.0-SNAPSHOT.jar:/home/user/.m2/repository/org/hamcrest/hamcrest-all/1.3/hamcrest-all-1.3.jar:/home/user/.m2/repository/info/picocli/picocli/3.9.6/picocli-3.9.6.jar:/home/user/.m2/repository/com/google/protobuf/protobuf-java/2.5.0/protobuf-java-2.5.0.jar:/home/user/.m2/repository/com/google/guava/guava/11.0.2/guava-11.0.2.jar:/home/user/.m2/repository/org/apache/hadoop/hadoop-ozone-client/0.5.0-SNAPSHOT/hadoop-ozone-client-0.5.0-SNAPSHOT.jar:/workdir/hadoop-ozone/ozonefs/target/classes:/home/user/.m2/repository/org/apache/httpcomponents/httpclient/4.5.2/httpclient-4.5.2.jar:/home/user/.m2/repository/org/apache/httpcomponents/httpcore/4.4.4/httpcore-4.4.4.jar:/home/user/.m2/repository/org/apache/hadoop/hadoop-hdds-server-framework/0.5.0-SNAPSHOT/hadoop-hdds-server-framework-0.5.0-SNAPSHOT.jar:/home/user/.m2/repository/org/apache/hadoop/hadoop-common/3.2.0/hadoop-common-3.2.0.jar:/home/user/.m2/repository/org/apache/hadoop/hadoop-annotations/3.2.0/hadoop-annotations-3.2.0.jar:/usr/lib/jvm/java-1.8.0-openjdk-1.8.0.222.b10-1.el7_7.x86_64/jre/../lib/tools.jar:/home/user/.m2/repository/commons-cli/commons-cli/1.2/commons-cli-1.2.jar:/home/user/.m2/repository/org/apache/commons/commons-math3/3.1.1/commons-math3-3.1.1.jar:/home/user/.m2/repository/commons-codec/commons-codec/1.11/commons-codec-1.11.jar:/home/user/.m2/repository/commons-io/commons-io/2.5/commons-io-2.5.jar:/home/user/.m2/repository/commons-net/commons-net/3.6/commons-net-3.6.jar:/home/user/.m2/repository/commons-collections/commons-collections/3.2.2/commons-collections-3.2.2.jar:/home/user/.m2/repository/javax/servlet/javax.servlet-api/3.1.0/javax.servlet-api-3.1.0.jar:/home/user/.m2/repository/org/eclipse/jetty/jetty-server/9.3.25.v20180904/jetty-server-9.3.25.v20180904.jar:/home/user/.m2/repository/org/eclipse/jetty/jetty-http/9.3.25.v20180904/jetty-http-9.3.25.v20180904.jar:/home/user/.m2/repository/org/eclipse/jetty/jetty-io/9.3.25.v20180904/jetty-io-9.3.25.v20180904.jar:/home/user/.m2/repository/org/eclipse/jetty/jetty-util/9.3.25.v20180904/jetty-util-9.3.25.v20180904.jar:/home/user/.m2/repository/org/eclipse/jetty/jetty-servlet/9.3.25.v20180904/jetty-servlet-9.3.25.v20180904.jar:/home/user/.m2/repository/org/eclipse/jetty/jetty-security/9.3.25.v20180904/jetty-security-9.3.25.v20180904.jar:/home/user/.m2/repository/org/eclipse/jetty/jetty-webapp/9.3.25.v20180904/jetty-webapp-9.3.25.v20180904.jar:/home/user/.m2/repository/org/eclipse/jetty/jetty-xml/9.3.25.v20180904/jetty-xml-9.3.25.v20180904.jar:/home/user/.m2/repository/javax/servlet/jsp/jsp-api/2.1/jsp-api-2.1.jar:/home/user/.m2/repository/com/sun/jersey/jersey-core/1.19/jersey-core-1.19.jar:/home/user/.m2/repository/javax/ws/rs/jsr311-api/1.1.1/jsr311-api-1.1.1.jar:/home/user/.m2/repository/com/sun/jersey/jersey-servlet/1.19/jersey-servlet-1.19.jar:/home/user/.m2/repository/com/sun/jersey/jersey-json/1.19/jersey-json-1.19.jar:/home/user/.m2/repository/org/codehaus/jettison/jettison/1.1/jettison-1.1.jar:/home/user/.m2/repository/com/sun/xml/bind/jaxb-impl/2.3.0.1/jaxb-impl-2.3.0.1.jar:/home/user/.m2/repository/org/codehaus/jackson/jackson-core-asl/1.9.13/jackson-core-asl-1.9.13.jar:/home/user/.m2/repository/org/codehaus/jackson/jackson-mapper-asl/1.9.13/jackson-mapper-asl-1.9.13.jar:/home/user/.m2/repository/org/codehaus/jackson/jackson-jaxrs/1.9.13/jackson-jaxrs-1.9.13.jar:/home/user/.m2/repository/org/codehaus/jackson/jackson-xc/1.9.13/jackson-xc-1.9.13.jar:/home/user/.m2/repository/com/sun/jersey/jersey-server/1.19/jersey-server-1.19.jar:/home/user/.m2/repository/commons-logging/commons-logging/1.1.3/commons-logging-1.1.3.jar:/home/user/.m2/repository/log4j/log4j/1.2.17/log4j-1.2.17.jar:/home/user/.m2/repository/commons-beanutils/commons-beanutils/1.9.4/commons-beanutils-1.9.4.jar:/home/user/.m2/repository/org/apache/commons/commons-configuration2/2.1.1/commons-configuration2-2.1.1.jar:/home/user/.m2/repository/org/apache/commons/commons-lang3/3.7/commons-lang3-3.7.jar:/home/user/.m2/repository/org/apache/commons/commons-text/1.4/commons-text-1.4.jar:/home/user/.m2/repository/org/slf4j/slf4j-api/1.7.25/slf4j-api-1.7.25.jar:/home/user/.m2/repository/org/slf4j/slf4j-log4j12/1.7.25/slf4j-log4j12-1.7.25.jar:/home/user/.m2/repository/org/apache/avro/avro/1.7.7/avro-1.7.7.jar:/home/user/.m2/repository/com/thoughtworks/paranamer/paranamer/2.3/paranamer-2.3.jar:/home/user/.m2/repository/org/xerial/snappy/snappy-java/1.0.5/snappy-java-1.0.5.jar:/home/user/.m2/repository/com/google/re2j/re2j/1.1/re2j-1.1.jar:/home/user/.m2/repository/com/google/code/gson/gson/2.2.4/gson-2.2.4.jar:/home/user/.m2/repository/org/apache/hadoop/hadoop-auth/3.2.0/hadoop-auth-3.2.0.jar:/home/user/.m2/repository/com/nimbusds/nimbus-jose-jwt/4.41.1/nimbus-jose-jwt-4.41.1.jar:/home/user/.m2/repository/com/github/stephenc/jcip/jcip-annotations/1.0-1/jcip-annotations-1.0-1.jar:/home/user/.m2/repository/net/minidev/json-smart/2.3/json-smart-2.3.jar:/home/user/.m2/repository/net/minidev/accessors-smart/1.2/accessors-smart-1.2.jar:/home/user/.m2/repository/org/apache/curator/curator-framework/2.12.0/curator-framework-2.12.0.jar:/home/user/.m2/repository/com/jcraft/jsch/0.1.54/jsch-0.1.54.jar:/home/user/.m2/repository/org/apache/curator/curator-client/2.12.0/curator-client-2.12.0.jar:/home/user/.m2/repository/org/apache/curator/curator-recipes/2.12.0/curator-recipes-2.12.0.jar:/home/user/.m2/repository/com/google/code/findbugs/jsr305/3.0.0/jsr305-3.0.0.jar:/home/user/.m2/repository/org/apache/htrace/htrace-core4/4.1.0-incubating/htrace-core4-4.1.0-incubating.jar:/home/user/.m2/repository/org/apache/zookeeper/zookeeper/3.4.13/zookeeper-3.4.13.jar:/home/user/.m2/repository/jline/jline/0.9.94/jline-0.9.94.jar:/home/user/.m2/repository/org/apache/yetus/audience-annotations/0.5.0/audience-annotations-0.5.0.jar:/home/user/.m2/repository/org/apache/kerby/kerb-simplekdc/1.0.1/kerb-simplekdc-1.0.1.jar:/home/user/.m2/repository/org/apache/kerby/kerb-client/1.0.1/kerb-client-1.0.1.jar:/home/user/.m2/repository/org/apache/kerby/kerby-config/1.0.1/kerby-config-1.0.1.jar:/home/user/.m2/repository/org/apache/kerby/kerb-core/1.0.1/kerb-core-1.0.1.jar:/home/user/.m2/repository/org/apache/kerby/kerby-pkix/1.0.1/kerby-pkix-1.0.1.jar:/home/user/.m2/repository/org/apache/kerby/kerby-asn1/1.0.1/kerby-asn1-1.0.1.jar:/home/user/.m2/repository/org/apache/kerby/kerby-util/1.0.1/kerby-util-1.0.1.jar:/home/user/.m2/repository/org/apache/kerby/kerb-common/1.0.1/kerb-common-1.0.1.jar:/home/user/.m2/repository/org/apache/kerby/kerb-crypto/1.0.1/kerb-crypto-1.0.1.jar:/home/user/.m2/repository/org/apache/kerby/kerb-util/1.0.1/kerb-util-1.0.1.jar:/home/user/.m2/repository/org/apache/kerby/token-provider/1.0.1/token-provider-1.0.1.jar:/home/user/.m2/repository/org/apache/kerby/kerb-admin/1.0.1/kerb-admin-1.0.1.jar:/home/user/.m2/repository/org/apache/kerby/kerb-server/1.0.1/kerb-server-1.0.1.jar:/home/user/.m2/repository/org/apache/kerby/kerb-identity/1.0.1/kerb-identity-1.0.1.jar:/home/user/.m2/repository/org/apache/kerby/kerby-xdr/1.0.1/kerby-xdr-1.0.1.jar:/home/user/.m2/repository/com/fasterxml/jackson/core/jackson-databind/2.9.9/jackson-databind-2.9.9.jar:/home/user/.m2/repository/com/fasterxml/jackson/core/jackson-core/2.9.9/jackson-core-2.9.9.jar:/home/user/.m2/repository/org/codehaus/woodstox/stax2-api/3.1.4/stax2-api-3.1.4.jar:/home/user/.m2/repository/com/fasterxml/woodstox/woodstox-core/5.0.3/woodstox-core-5.0.3.jar:/home/user/.m2/repository/dnsjava/dnsjava/2.1.7/dnsjava-2.1.7.jar:/home/user/.m2/repository/org/apache/hadoop/hadoop-hdfs/3.2.0/hadoop-hdfs-3.2.0.jar:/home/user/.m2/repository/org/eclipse/jetty/jetty-util-ajax/9.3.25.v20180904/jetty-util-ajax-9.3.25.v20180904.jar:/home/user/.m2/repository/commons-daemon/commons-daemon/1.0.13/commons-daemon-1.0.13.jar:/home/user/.m2/repository/io/netty/netty/3.10.5.Final/netty-3.10.5.Final.jar:/home/user/.m2/repository/io/netty/netty-all/4.0.52.Final/netty-all-4.0.52.Final.jar:/home/user/.m2/repository/org/fusesource/leveldbjni/leveldbjni-all/1.8/leveldbjni-all-1.8.jar:/home/user/.m2/repository/com/sun/xml/bind/jaxb-core/2.3.0.1/jaxb-core-2.3.0.1.jar:/home/user/.m2/repository/javax/xml/bind/jaxb-api/2.3.0/jaxb-api-2.3.0.jar:/home/user/.m2/repository/javax/activation/activation/1.1.1/activation-1.1.1.jar:/home/user/.m2/repository/org/openjdk/jmh/jmh-core/1.19/jmh-core-1.19.jar:/home/user/.m2/repository/net/sf/jopt-simple/jopt-simple/4.6/jopt-simple-4.6.jar:/home/user/.m2/repository/org/openjdk/jmh/jmh-generator-annprocess/1.19/jmh-generator-annprocess-1.19.jar:/home/user/.m2/repository/io/dropwizard/metrics/metrics-core/3.2.4/metrics-core-3.2.4.jar:/home/user/.m2/repository/com/amazonaws/aws-java-sdk-s3/1.11.615/aws-java-sdk-s3-1.11.615.jar:/home/user/.m2/repository/com/amazonaws/aws-java-sdk-kms/1.11.615/aws-java-sdk-kms-1.11.615.jar:/home/user/.m2/repository/com/amazonaws/aws-java-sdk-core/1.11.615/aws-java-sdk-core-1.11.615.jar:/home/user/.m2/repository/software/amazon/ion/ion-java/1.0.2/ion-java-1.0.2.jar:/home/user/.m2/repository/com/fasterxml/jackson/dataformat/jackson-dataformat-cbor/2.9.9/jackson-dataformat-cbor-2.9.9.jar:/home/user/.m2/repository/joda-time/joda-time/2.9.9/joda-time-2.9.9.jar:/home/user/.m2/repository/com/amazonaws/jmespath-java/1.11.615/jmespath-java-1.11.615.jar:/home/user/.m2/repository/com/github/spotbugs/spotbugs/3.1.12/spotbugs-3.1.12.jar:/home/user/.m2/repository/org/ow2/asm/asm/5.0.4/asm-5.0.4.jar:/home/user/.m2/repository/org/ow2/asm/asm-analysis/7.0/asm-analysis-7.0.jar:/home/user/.m2/repository/org/ow2/asm/asm-commons/7.0/asm-commons-7.0.jar:/home/user/.m2/repository/org/ow2/asm/asm-tree/7.0/asm-tree-7.0.jar:/home/user/.m2/repository/org/ow2/asm/asm-util/7.0/asm-util-7.0.jar:/home/user/.m2/repository/org/apache/bcel/bcel/6.3/bcel-6.3.jar:/home/user/.m2/repository/net/jcip/jcip-annotations/1.0/jcip-annotations-1.0.jar:/home/user/.m2/repository/org/dom4j/dom4j/2.1.1/dom4j-2.1.1.jar:/home/user/.m2/repository/jaxen/jaxen/1.1.6/jaxen-1.1.6.jar:/home/user/.m2/repository/commons-lang/commons-lang/2.6/commons-lang-2.6.jar:/home/user/.m2/repository/com/github/spotbugs/spotbugs-annotations/3.1.12/spotbugs-annotations-3.1.12.jar:/home/user/.m2/repository/junit/junit/4.11/junit-4.11.jar:/home/user/.m2/repository/org/hamcrest/hamcrest-core/1.3/hamcrest-core-1.3.jar:/home/user/.m2/repository/org/apache/hadoop/hadoop-common/3.2.0/hadoop-common-3.2.0-tests.jar:/workdir/hadoop-ozone/integration-test/target/test-classes:/home/user/.m2/repository/org/apache/hadoop/hadoop-ozone-s3gateway/0.5.0-SNAPSHOT/hadoop-ozone-s3gateway-0.5.0-SNAPSHOT.jar:/home/user/.m2/repository/org/jboss/weld/servlet/weld-servlet/2.4.7.Final/weld-servlet-2.4.7.Final.jar:/home/user/.m2/repository/org/glassfish/jersey/containers/jersey-container-servlet-core/2.27/jersey-container-servlet-core-2.27.jar:/home/user/.m2/repository/org/glassfish/hk2/external/javax.inject/2.5.0-b42/javax.inject-2.5.0-b42.jar:/home/user/.m2/repository/org/glassfish/jersey/core/jersey-common/2.27/jersey-common-2.27.jar:/home/user/.m2/repository/org/glassfish/hk2/osgi-resource-locator/1.0.1/osgi-resource-locator-1.0.1.jar:/home/user/.m2/repository/javax/ws/rs/javax.ws.rs-api/2.1/javax.ws.rs-api-2.1.jar:/home/user/.m2/repository/org/glassfish/jersey/ext/cdi/jersey-cdi1x/2.27/jersey-cdi1x-2.27.jar:/home/user/.m2/repository/org/glassfish/jersey/inject/jersey-hk2/2.27/jersey-hk2-2.27.jar:/home/user/.m2/repository/org/glassfish/hk2/hk2-locator/2.5.0-b42/hk2-locator-2.5.0-b42.jar:/home/user/.m2/repository/org/javassist/javassist/3.22.0-CR2/javassist-3.22.0-CR2.jar:/home/user/.m2/repository/org/glassfish/hk2/hk2-api/2.5.0/hk2-api-2.5.0.jar:/home/user/.m2/repository/org/glassfish/hk2/external/jakarta.inject/2.5.0/jakarta.inject-2.5.0.jar:/home/user/.m2/repository/org/glassfish/hk2/hk2-utils/2.5.0/hk2-utils-2.5.0.jar:/home/user/.m2/repository/jakarta/annotation/jakarta.annotation-api/1.3.4/jakarta.annotation-api-1.3.4.jar:/home/user/.m2/repository/org/glassfish/hk2/external/aopalliance-repackaged/2.5.0/aopalliance-repackaged-2.5.0.jar:/home/user/.m2/repository/com/fasterxml/jackson/dataformat/jackson-dataformat-xml/2.9.0/jackson-dataformat-xml-2.9.0.jar:/home/user/.m2/repository/com/fasterxml/jackson/module/jackson-module-jaxb-annotations/2.9.9/jackson-module-jaxb-annotations-2.9.9.jar:/home/user/.m2/repository/javax/enterprise/cdi-api/1.2/cdi-api-1.2.jar:/home/user/.m2/repository/javax/el/javax.el-api/3.0.0/javax.el-api-3.0.0.jar:/home/user/.m2/repository/javax/interceptor/javax.interceptor-api/1.2/javax.interceptor-api-1.2.jar:/home/user/.m2/repository/javax/inject/javax.inject/1/javax.inject-1.jar:/home/user/.m2/repository/org/apache/hadoop/hadoop-ozone-csi/0.5.0-SNAPSHOT/hadoop-ozone-csi-0.5.0-SNAPSHOT.jar:/home/user/.m2/repository/com/google/protobuf/protobuf-java-util/3.5.1/protobuf-java-util-3.5.1.jar:/home/user/.m2/repository/io/grpc/grpc-netty/1.17.1/grpc-netty-1.17.1.jar:/home/user/.m2/repository/io/grpc/grpc-core/1.17.1/grpc-core-1.17.1.jar:/home/user/.m2/repository/io/grpc/grpc-context/1.17.1/grpc-context-1.17.1.jar:/home/user/.m2/repository/com/google/errorprone/error_prone_annotations/2.2.0/error_prone_annotations-2.2.0.jar:/home/user/.m2/repository/org/codehaus/mojo/animal-sniffer-annotations/1.17/animal-sniffer-annotations-1.17.jar:/home/user/.m2/repository/io/opencensus/opencensus-api/0.17.0/opencensus-api-0.17.0.jar:/home/user/.m2/repository/io/opencensus/opencensus-contrib-grpc-metrics/0.17.0/opencensus-contrib-grpc-metrics-0.17.0.jar:/home/user/.m2/repository/io/netty/netty-codec-http2/4.1.30.Final/netty-codec-http2-4.1.30.Final.jar:/home/user/.m2/repository/io/netty/netty-codec-http/4.1.30.Final/netty-codec-http-4.1.30.Final.jar:/home/user/.m2/repository/io/netty/netty-codec/4.1.30.Final/netty-codec-4.1.30.Final.jar:/home/user/.m2/repository/io/netty/netty-handler/4.1.30.Final/netty-handler-4.1.30.Final.jar:/home/user/.m2/repository/io/netty/netty-handler-proxy/4.1.30.Final/netty-handler-proxy-4.1.30.Final.jar:/home/user/.m2/repository/io/netty/netty-codec-socks/4.1.30.Final/netty-codec-socks-4.1.30.Final.jar:/home/user/.m2/repository/io/netty/netty-transport-native-epoll/4.1.30.Final/netty-transport-native-epoll-4.1.30.Final.jar:/home/user/.m2/repository/io/netty/netty-common/4.1.30.Final/netty-common-4.1.30.Final.jar:/home/user/.m2/repository/io/netty/netty-buffer/4.1.30.Final/netty-buffer-4.1.30.Final.jar:/home/user/.m2/repository/io/netty/netty-transport/4.1.30.Final/netty-transport-4.1.30.Final.jar:/home/user/.m2/repository/io/netty/netty-resolver/4.1.30.Final/netty-resolver-4.1.30.Final.jar:/home/user/.m2/repository/io/netty/netty-transport-native-unix-common/4.1.30.Final/netty-transport-native-unix-common-4.1.30.Final.jar:/home/user/.m2/repository/io/grpc/grpc-protobuf/1.17.1/grpc-protobuf-1.17.1.jar:/home/user/.m2/repository/com/google/api/grpc/proto-google-common-protos/1.0.0/proto-google-common-protos-1.0.0.jar:/home/user/.m2/repository/io/grpc/grpc-protobuf-lite/1.17.1/grpc-protobuf-lite-1.17.1.jar:/home/user/.m2/repository/io/grpc/grpc-stub/1.17.1/grpc-stub-1.17.1.jar:/home/user/.m2/repository/org/apache/hadoop/hadoop-ozone-recon/0.5.0-SNAPSHOT/hadoop-ozone-recon-0.5.0-SNAPSHOT.jar:/home/user/.m2/repository/org/apache/hadoop/hadoop-ozone-reconcodegen/0.5.0-SNAPSHOT/hadoop-ozone-reconcodegen-0.5.0-SNAPSHOT.jar:/home/user/.m2/repository/com/google/inject/extensions/guice-multibindings/4.0/guice-multibindings-4.0.jar:/home/user/.m2/repository/com/google/inject/guice/4.0/guice-4.0.jar:/home/user/.m2/repository/aopalliance/aopalliance/1.0/aopalliance-1.0.jar:/home/user/.m2/repository/com/google/inject/extensions/guice-servlet/4.0/guice-servlet-4.0.jar:/home/user/.m2/repository/org/glassfish/jersey/containers/jersey-container-servlet/2.27/jersey-container-servlet-2.27.jar:/home/user/.m2/repository/org/glassfish/hk2/guice-bridge/2.5.0/guice-bridge-2.5.0.jar:/home/user/.m2/repository/org/glassfish/jersey/core/jersey-server/2.27/jersey-server-2.27.jar:/home/user/.m2/repository/org/glassfish/jersey/core/jersey-client/2.27/jersey-client-2.27.jar:/home/user/.m2/repository/org/glassfish/jersey/media/jersey-media-jaxb/2.27/jersey-media-jaxb-2.27.jar:/home/user/.m2/repository/javax/validation/validation-api/1.1.0.Final/validation-api-1.1.0.Final.jar:/home/user/.m2/repository/org/glassfish/jersey/media/jersey-media-json-jackson/2.27/jersey-media-json-jackson-2.27.jar:/home/user/.m2/repository/org/glassfish/jersey/ext/jersey-entity-filtering/2.27/jersey-entity-filtering-2.27.jar:/home/user/.m2/repository/com/google/inject/extensions/guice-assistedinject/4.0/guice-assistedinject-4.0.jar:/home/user/.m2/repository/org/jooq/jooq/3.11.10/jooq-3.11.10.jar:/home/user/.m2/repository/org/jooq/jooq-meta/3.11.10/jooq-meta-3.11.10.jar:/home/user/.m2/repository/org/jooq/jooq-codegen/3.11.10/jooq-codegen-3.11.10.jar:/home/user/.m2/repository/com/jolbox/bonecp/0.8.0.RELEASE/bonecp-0.8.0.RELEASE.jar:/home/user/.m2/repository/org/springframework/spring-jdbc/5.1.3.RELEASE/spring-jdbc-5.1.3.RELEASE.jar:/home/user/.m2/repository/org/springframework/spring-beans/5.1.3.RELEASE/spring-beans-5.1.3.RELEASE.jar:/home/user/.m2/repository/org/springframework/spring-core/5.1.3.RELEASE/spring-core-5.1.3.RELEASE.jar:/home/user/.m2/repository/org/springframework/spring-jcl/5.1.3.RELEASE/spring-jcl-5.1.3.RELEASE.jar:/home/user/.m2/repository/org/springframework/spring-tx/5.1.3.RELEASE/spring-tx-5.1.3.RELEASE.jar:/home/user/.m2/repository/org/mockito/mockito-core/2.15.0/mockito-core-2.15.0.jar:/home/user/.m2/repository/net/bytebuddy/byte-buddy/1.7.9/byte-buddy-1.7.9.jar:/home/user/.m2/repository/net/bytebuddy/byte-buddy-agent/1.7.9/byte-buddy-agent-1.7.9.jar:/home/user/.m2/repository/org/objenesis/objenesis/1.0/objenesis-1.0.jar:"/>
    <property name="sun.cpu.endian" value="little"/>
    <property name="user.home" value="/home/user"/>
    <property name="user.language" value="en"/>
    <property name="java.specification.vendor" value="Oracle Corporation"/>
    <property name="java.home" value="/usr/lib/jvm/java-1.8.0-openjdk-1.8.0.222.b10-1.el7_7.x86_64/jre"/>
    <property name="surefire.excludesFile" value="/tools/ozone-bad-unit-tests"/>
    <property name="java.security.krb5.conf" value="/workdir/hadoop-ozone/tools/target/test-classes/krb5.conf"/>
    <property name="basedir" value="/workdir/hadoop-ozone/tools"/>
    <property name="file.separator" value="/"/>
    <property name="line.separator" value="&#10;"/>
    <property name="java.vm.specification.vendor" value="Oracle Corporation"/>
    <property name="java.specification.name" value="Java Platform API Specification"/>
    <property name="java.awt.graphicsenv" value="sun.awt.X11GraphicsEnvironment"/>
    <property name="surefire.real.class.path" value="/workdir/hadoop-ozone/tools/target/surefire/surefirebooter8022398224631700741.jar"/>
    <property name="hadoop.log.dir" value="/workdir/hadoop-ozone/tools/target/log"/>
    <property name="sun.boot.class.path" value="/usr/lib/jvm/java-1.8.0-openjdk-1.8.0.222.b10-1.el7_7.x86_64/jre/lib/resources.jar:/usr/lib/jvm/java-1.8.0-openjdk-1.8.0.222.b10-1.el7_7.x86_64/jre/lib/rt.jar:/usr/lib/jvm/java-1.8.0-openjdk-1.8.0.222.b10-1.el7_7.x86_64/jre/lib/sunrsasign.jar:/usr/lib/jvm/java-1.8.0-openjdk-1.8.0.222.b10-1.el7_7.x86_64/jre/lib/jsse.jar:/usr/lib/jvm/java-1.8.0-openjdk-1.8.0.222.b10-1.el7_7.x86_64/jre/lib/jce.jar:/usr/lib/jvm/java-1.8.0-openjdk-1.8.0.222.b10-1.el7_7.x86_64/jre/lib/charsets.jar:/usr/lib/jvm/java-1.8.0-openjdk-1.8.0.222.b10-1.el7_7.x86_64/jre/lib/jfr.jar:/usr/lib/jvm/java-1.8.0-openjdk-1.8.0.222.b10-1.el7_7.x86_64/jre/classes"/>
    <property name="sun.management.compiler" value="HotSpot 64-Bit Tiered Compilers"/>
    <property name="java.runtime.version" value="1.8.0_222-b10"/>
    <property name="java.net.preferIPv4Stack" value="true"/>
    <property name="user.name" value="jenkins1000"/>
    <property name="path.separator" value=":"/>
    <property name="java.security.egd" value="file:///dev/urandom"/>
    <property name="os.version" value="3.10.0-957.12.2.el7.x86_64"/>
    <property name="java.endorsed.dirs" value="/usr/lib/jvm/java-1.8.0-openjdk-1.8.0.222.b10-1.el7_7.x86_64/jre/lib/endorsed"/>
    <property name="java.runtime.name" value="OpenJDK Runtime Environment"/>
    <property name="file.encoding" value="ANSI_X3.4-1968"/>
    <property name="java.vm.name" value="OpenJDK 64-Bit Server VM"/>
    <property name="test.build.webapps" value=""/>
    <property name="localRepository" value="/home/user/.m2/repository"/>
    <property name="java.vendor.url.bug" value="http://bugreport.sun.com/bugreport/"/>
    <property name="java.io.tmpdir" value="/tmp"/>
    <property name="require.test.libhadoop" value=""/>
    <property name="java.version" value="1.8.0_222"/>
    <property name="user.dir" value="/workdir/hadoop-ozone/tools"/>
    <property name="os.arch" value="amd64"/>
    <property name="java.vm.specification.name" value="Java Virtual Machine Specification"/>
    <property name="test.build.classes" value="/workdir/hadoop-ozone/tools/target/test-classes"/>
    <property name="java.awt.printerjob" value="sun.print.PSPrinterJob"/>
    <property name="sun.os.patch.level" value="unknown"/>
    <property name="hadoop.tmp.dir" value="/workdir/hadoop-ozone/tools/target/tmp"/>
    <property name="java.library.path" value="/usr/lib:/workdir/hadoop-ozone/tools/target/native/target/usr/local/lib:/workdir/hadoop-ozone/tools/../../hadoop-common-project/hadoop-common/target/native/target/usr/local/lib:/usr/java/packages/lib/amd64:/usr/lib64:/lib64:/lib:/usr/lib"/>
    <property name="java.vm.info" value="mixed mode"/>
    <property name="java.vendor" value="Oracle Corporation"/>
    <property name="java.vm.version" value="25.222-b10"/>
    <property name="java.ext.dirs" value="/usr/lib/jvm/java-1.8.0-openjdk-1.8.0.222.b10-1.el7_7.x86_64/jre/lib/ext:/usr/java/packages/lib/ext"/>
    <property name="sun.io.unicode.encoding" value="UnicodeLittle"/>
    <property name="java.class.version" value="52.0"/>
  </properties>
  <testcase name="ratisTest3" classname="org.apache.hadoop.ozone.freon.TestRandomKeyGenerator" time="46.555">
    <error message="INTERNAL_ERROR org.apache.hadoop.ozone.om.exceptions.OMException: Allocated 0 blocks. Requested 1 blocks" type="java.lang.RuntimeException">java.lang.RuntimeException: INTERNAL_ERROR org.apache.hadoop.ozone.om.exceptions.OMException: Allocated 0 blocks. Requested 1 blocks
	at org.apache.hadoop.ozone.freon.RandomKeyGenerator.call(RandomKeyGenerator.java:341)
	at org.apache.hadoop.ozone.freon.TestRandomKeyGenerator.ratisTest3(TestRandomKeyGenerator.java:106)
	at sun.reflect.NativeMethodAccessorImpl.invoke0(Native Method)
	at sun.reflect.NativeMethodAccessorImpl.invoke(NativeMethodAccessorImpl.java:62)
	at sun.reflect.DelegatingMethodAccessorImpl.invoke(DelegatingMethodAccessorImpl.java:43)
	at java.lang.reflect.Method.invoke(Method.java:498)
	at org.junit.runners.model.FrameworkMethod$1.runReflectiveCall(FrameworkMethod.java:47)
	at org.junit.internal.runners.model.ReflectiveCallable.run(ReflectiveCallable.java:12)
	at org.junit.runners.model.FrameworkMethod.invokeExplosively(FrameworkMethod.java:44)
	at org.junit.internal.runners.statements.InvokeMethod.evaluate(InvokeMethod.java:17)
	at org.junit.runners.ParentRunner.runLeaf(ParentRunner.java:271)
	at org.junit.runners.BlockJUnit4ClassRunner.runChild(BlockJUnit4ClassRunner.java:70)
	at org.junit.runners.BlockJUnit4ClassRunner.runChild(BlockJUnit4ClassRunner.java:50)
	at org.junit.runners.ParentRunner$3.run(ParentRunner.java:238)
	at org.junit.runners.ParentRunner$1.schedule(ParentRunner.java:63)
	at org.junit.runners.ParentRunner.runChildren(ParentRunner.java:236)
	at org.junit.runners.ParentRunner.access$000(ParentRunner.java:53)
	at org.junit.runners.ParentRunner$2.evaluate(ParentRunner.java:229)
	at org.junit.internal.runners.statements.RunBefores.evaluate(RunBefores.java:26)
	at org.junit.internal.runners.statements.RunAfters.evaluate(RunAfters.java:27)
	at org.junit.runners.ParentRunner.run(ParentRunner.java:309)
	at org.apache.maven.surefire.junit4.JUnit4Provider.execute(JUnit4Provider.java:365)
	at org.apache.maven.surefire.junit4.JUnit4Provider.executeWithRerun(JUnit4Provider.java:273)
	at org.apache.maven.surefire.junit4.JUnit4Provider.executeTestSet(JUnit4Provider.java:238)
	at org.apache.maven.surefire.junit4.JUnit4Provider.invoke(JUnit4Provider.java:159)
	at org.apache.maven.surefire.booter.ForkedBooter.invokeProviderInSameClassLoader(ForkedBooter.java:384)
	at org.apache.maven.surefire.booter.ForkedBooter.runSuitesInProcess(ForkedBooter.java:345)
	at org.apache.maven.surefire.booter.ForkedBooter.execute(ForkedBooter.java:126)
	at org.apache.maven.surefire.booter.ForkedBooter.main(ForkedBooter.java:418)
Caused by: INTERNAL_ERROR org.apache.hadoop.ozone.om.exceptions.OMException: Allocated 0 blocks. Requested 1 blocks
	at org.apache.hadoop.ozone.om.protocolPB.OzoneManagerProtocolClientSideTranslatorPB.handleError(OzoneManagerProtocolClientSideTranslatorPB.java:732)
	at org.apache.hadoop.ozone.om.protocolPB.OzoneManagerProtocolClientSideTranslatorPB.openKey(OzoneManagerProtocolClientSideTranslatorPB.java:723)
	at sun.reflect.NativeMethodAccessorImpl.invoke0(Native Method)
	at sun.reflect.NativeMethodAccessorImpl.invoke(NativeMethodAccessorImpl.java:62)
	at sun.reflect.DelegatingMethodAccessorImpl.invoke(DelegatingMethodAccessorImpl.java:43)
	at java.lang.reflect.Method.invoke(Method.java:498)
	at org.apache.hadoop.hdds.tracing.TraceAllMethod.invoke(TraceAllMethod.java:66)
	at com.sun.proxy.$Proxy37.openKey(Unknown Source)
	at org.apache.hadoop.ozone.client.rpc.RpcClient.createKey(RpcClient.java:633)
	at org.apache.hadoop.ozone.client.OzoneBucket.createKey(OzoneBucket.java:325)
	at org.apache.hadoop.ozone.freon.RandomKeyGenerator.createKey(RandomKeyGenerator.java:697)
	at org.apache.hadoop.ozone.freon.RandomKeyGenerator.access$1100(RandomKeyGenerator.java:88)
	at org.apache.hadoop.ozone.freon.RandomKeyGenerator$ObjectCreator.run(RandomKeyGenerator.java:615)
	at java.util.concurrent.Executors$RunnableAdapter.call(Executors.java:511)
	at java.util.concurrent.FutureTask.run(FutureTask.java:266)
	at java.util.concurrent.ThreadPoolExecutor.runWorker(ThreadPoolExecutor.java:1149)
	at java.util.concurrent.ThreadPoolExecutor$Worker.run(ThreadPoolExecutor.java:624)
	at java.lang.Thread.run(Thread.java:748)
</error>
    <system-out><![CDATA[2019-11-01 01:25:19,017 [main] WARN  server.ServerUtils (ServerUtils.java:getScmDbDir(145)) - ozone.scm.db.dirs is not configured. We recommend adding this setting. Falling back to ozone.metadata.dirs instead.
2019-11-01 01:25:19,146 [main] WARN  server.ServerUtils (ServerUtils.java:getScmDbDir(145)) - ozone.scm.db.dirs is not configured. We recommend adding this setting. Falling back to ozone.metadata.dirs instead.
2019-11-01 01:25:19,150 [main] WARN  server.ServerUtils (ServerUtils.java:getScmDbDir(145)) - ozone.scm.db.dirs is not configured. We recommend adding this setting. Falling back to ozone.metadata.dirs instead.
2019-11-01 01:25:19,174 [main] INFO  util.log (Log.java:initialized(192)) - Logging initialized @883ms
2019-11-01 01:25:19,267 [main] INFO  db.DBStoreBuilder (DBStoreBuilder.java:addTable(127)) - using custom profile for table: deletedBlocks
2019-11-01 01:25:19,268 [main] INFO  db.DBStoreBuilder (DBStoreBuilder.java:processTables(183)) - Using default column profile:DBProfile.DISK for Table:deletedBlocks
2019-11-01 01:25:19,268 [main] INFO  db.DBStoreBuilder (DBStoreBuilder.java:addTable(127)) - using custom profile for table: validCerts
2019-11-01 01:25:19,269 [main] INFO  db.DBStoreBuilder (DBStoreBuilder.java:processTables(183)) - Using default column profile:DBProfile.DISK for Table:validCerts
2019-11-01 01:25:19,269 [main] INFO  db.DBStoreBuilder (DBStoreBuilder.java:addTable(127)) - using custom profile for table: revokedCerts
2019-11-01 01:25:19,270 [main] INFO  db.DBStoreBuilder (DBStoreBuilder.java:processTables(183)) - Using default column profile:DBProfile.DISK for Table:revokedCerts
2019-11-01 01:25:19,291 [main] INFO  db.DBStoreBuilder (DBStoreBuilder.java:addTable(127)) - using custom profile for table: default
2019-11-01 01:25:19,291 [main] INFO  db.DBStoreBuilder (DBStoreBuilder.java:processTables(189)) - Using default column profile:DBProfile.DISK for Table:default
2019-11-01 01:25:19,293 [main] INFO  db.DBStoreBuilder (DBStoreBuilder.java:getDbProfile(220)) - Using default options. DBProfile.DISK
2019-11-01 01:25:19,614 [main] INFO  net.NodeSchemaLoader (NodeSchemaLoader.java:loadSchemaFromFile(125)) - Loading file from sun.misc.CompoundEnumeration@5e0e82ae
2019-11-01 01:25:19,616 [main] INFO  net.NodeSchemaLoader (NodeSchemaLoader.java:loadSchema(171)) - Loading network topology layer schema file
2019-11-01 01:25:19,675 [main] WARN  server.ServerUtils (ServerUtils.java:sanitizeUserArgs(70)) - ozone.scm.stale.node.interval value = 300000 is larger than max = 100000 based on the key value of ozone.scm.heartbeat.thread.interval, reset to the max value 100000.
2019-11-01 01:25:19,677 [main] WARN  server.ServerUtils (ServerUtils.java:sanitizeUserArgs(70)) - ozone.scm.stale.node.interval value = 300000 is larger than max = 100000 based on the key value of ozone.scm.heartbeat.thread.interval, reset to the max value 100000.
2019-11-01 01:25:19,679 [main] INFO  node.SCMNodeManager (SCMNodeManager.java:<init>(116)) - Entering startup safe mode.
2019-11-01 01:25:19,736 [main] INFO  algorithms.ContainerPlacementPolicyFactory (ContainerPlacementPolicyFactory.java:getPolicy(57)) - Create container placement policy of type org.apache.hadoop.hdds.scm.container.placement.algorithms.SCMContainerPlacementRandom
2019-11-01 01:25:19,749 [main] WARN  server.ServerUtils (ServerUtils.java:getScmDbDir(145)) - ozone.scm.db.dirs is not configured. We recommend adding this setting. Falling back to ozone.metadata.dirs instead.
2019-11-01 01:25:19,849 [main] INFO  pipeline.SCMPipelineManager (SCMPipelineManager.java:initializePipelineState(132)) - No pipeline exists in current db
2019-11-01 01:25:19,852 [main] WARN  server.ServerUtils (ServerUtils.java:getScmDbDir(145)) - ozone.scm.db.dirs is not configured. We recommend adding this setting. Falling back to ozone.metadata.dirs instead.
2019-11-01 01:25:20,013 [main] WARN  events.EventQueue (EventQueue.java:fireEvent(183)) - No event handler registered for event TypedEvent{payloadType=SafeModeStatus, name='SafeModeStatus'}
2019-11-01 01:25:20,364 [main] INFO  ipc.CallQueueManager (CallQueueManager.java:<init>(84)) - Using callQueue: class java.util.concurrent.LinkedBlockingQueue, queueCapacity: 2000, scheduler: class org.apache.hadoop.ipc.DefaultRpcScheduler, ipcBackoff: false.
2019-11-01 01:25:20,391 [Socket Reader #1 for port 40188] INFO  ipc.Server (Server.java:run(1074)) - Starting Socket Reader #1 for port 40188
2019-11-01 01:25:20,519 [main] INFO  ipc.CallQueueManager (CallQueueManager.java:<init>(84)) - Using callQueue: class java.util.concurrent.LinkedBlockingQueue, queueCapacity: 2000, scheduler: class org.apache.hadoop.ipc.DefaultRpcScheduler, ipcBackoff: false.
2019-11-01 01:25:20,520 [Socket Reader #1 for port 35541] INFO  ipc.Server (Server.java:run(1074)) - Starting Socket Reader #1 for port 35541
2019-11-01 01:25:20,529 [main] INFO  ipc.CallQueueManager (CallQueueManager.java:<init>(84)) - Using callQueue: class java.util.concurrent.LinkedBlockingQueue, queueCapacity: 2000, scheduler: class org.apache.hadoop.ipc.DefaultRpcScheduler, ipcBackoff: false.
2019-11-01 01:25:20,531 [Socket Reader #1 for port 45684] INFO  ipc.Server (Server.java:run(1074)) - Starting Socket Reader #1 for port 45684
2019-11-01 01:25:20,558 [main] INFO  hdfs.DFSUtil (DFSUtil.java:httpServerTemplateForNNAndJN(1641)) - Starting Web-server for scm at: http://0.0.0.0:0
2019-11-01 01:25:20,711 [main] INFO  server.AuthenticationFilter (AuthenticationFilter.java:constructSecretProvider(240)) - Unable to initialize FileSignerSecretProvider, falling back to use random secrets.
2019-11-01 01:25:20,726 [main] WARN  http.HttpRequestLog (HttpRequestLog.java:getRequestLog(97)) - Jetty request log can only be enabled using Log4j
2019-11-01 01:25:20,735 [main] INFO  http.HttpServer2 (HttpServer2.java:addGlobalFilter(975)) - Added global filter 'safety' (class=org.apache.hadoop.http.HttpServer2$QuotingInputFilter)
2019-11-01 01:25:20,737 [main] INFO  http.HttpServer2 (HttpServer2.java:addFilter(948)) - Added filter static_user_filter (class=org.apache.hadoop.http.lib.StaticUserWebFilter$StaticUserFilter) to context scm
2019-11-01 01:25:20,738 [main] INFO  http.HttpServer2 (HttpServer2.java:addFilter(958)) - Added filter static_user_filter (class=org.apache.hadoop.http.lib.StaticUserWebFilter$StaticUserFilter) to context logs
2019-11-01 01:25:20,738 [main] INFO  http.HttpServer2 (HttpServer2.java:addFilter(958)) - Added filter static_user_filter (class=org.apache.hadoop.http.lib.StaticUserWebFilter$StaticUserFilter) to context static
2019-11-01 01:25:20,763 [main] INFO  server.StorageContainerManager (StorageContainerManager.java:start(764)) - StorageContainerLocationProtocol RPC server is listening at /0.0.0.0:45684
2019-11-01 01:25:20,813 [main] WARN  impl.MetricsConfig (MetricsConfig.java:loadFirst(134)) - Cannot locate configuration: tried hadoop-metrics2-storagecontainermanager.properties,hadoop-metrics2.properties
2019-11-01 01:25:20,825 [main] INFO  impl.MetricsSystemImpl (MetricsSystemImpl.java:startTimer(374)) - Scheduled Metric snapshot period at 10 second(s).
2019-11-01 01:25:20,825 [main] INFO  impl.MetricsSystemImpl (MetricsSystemImpl.java:start(191)) - StorageContainerManager metrics system started
2019-11-01 01:25:21,077 [main] INFO  server.SCMClientProtocolServer (SCMClientProtocolServer.java:start(159)) - RPC server for Client  is listening at /0.0.0.0:45684
2019-11-01 01:25:21,078 [IPC Server Responder] INFO  ipc.Server (Server.java:run(1314)) - IPC Server Responder: starting
2019-11-01 01:25:21,078 [IPC Server listener on 45684] INFO  ipc.Server (Server.java:run(1153)) - IPC Server listener on 45684: starting
2019-11-01 01:25:21,081 [main] INFO  server.StorageContainerManager (StorageContainerManager.java:start(774)) - ScmBlockLocationProtocol RPC server is listening at /0.0.0.0:35541
2019-11-01 01:25:21,081 [main] INFO  server.SCMBlockProtocolServer (SCMBlockProtocolServer.java:start(146)) - RPC server for Block Protocol is listening at /0.0.0.0:35541
2019-11-01 01:25:21,082 [IPC Server Responder] INFO  ipc.Server (Server.java:run(1314)) - IPC Server Responder: starting
2019-11-01 01:25:21,082 [IPC Server listener on 35541] INFO  ipc.Server (Server.java:run(1153)) - IPC Server listener on 35541: starting
2019-11-01 01:25:21,084 [main] INFO  server.StorageContainerManager (StorageContainerManager.java:start(778)) - ScmDatanodeProtocl RPC server is listening at /0.0.0.0:40188
2019-11-01 01:25:21,084 [main] INFO  server.SCMDatanodeProtocolServer (SCMDatanodeProtocolServer.java:start(169)) - RPC server for DataNodes is listening at /0.0.0.0:40188
2019-11-01 01:25:21,085 [IPC Server Responder] INFO  ipc.Server (Server.java:run(1314)) - IPC Server Responder: starting
2019-11-01 01:25:21,085 [IPC Server listener on 40188] INFO  ipc.Server (Server.java:run(1153)) - IPC Server listener on 40188: starting
2019-11-01 01:25:21,089 [main] INFO  http.HttpServer2 (HttpServer2.java:bindListener(1191)) - Jetty bound to port 36524
2019-11-01 01:25:21,090 [main] INFO  server.Server (Server.java:doStart(351)) - jetty-9.3.25.v20180904, build timestamp: 2018-09-04T21:11:46Z, git hash: 3ce520221d0240229c862b122d2b06c12a625732
2019-11-01 01:25:21,125 [main] INFO  handler.ContextHandler (ContextHandler.java:doStart(781)) - Started o.e.j.s.ServletContextHandler@1dd6d4b7{/logs,file:///workdir/hadoop-ozone/tools/target/log,AVAILABLE}
2019-11-01 01:25:21,125 [main] INFO  handler.ContextHandler (ContextHandler.java:doStart(781)) - Started o.e.j.s.ServletContextHandler@53142455{/static,jar:file:/home/user/.m2/repository/org/apache/hadoop/hadoop-hdds-server-scm/0.5.0-SNAPSHOT/hadoop-hdds-server-scm-0.5.0-SNAPSHOT.jar!/webapps/static,AVAILABLE}
2019-11-01 01:25:21,197 [main] INFO  handler.ContextHandler (ContextHandler.java:doStart(781)) - Started o.e.j.w.WebAppContext@60094a13{/,file:///tmp/jetty-0.0.0.0-36524-scm-_-any-1402773534528742735.dir/webapp/,AVAILABLE}{/scm}
2019-11-01 01:25:21,202 [main] INFO  server.AbstractConnector (AbstractConnector.java:doStart(278)) - Started ServerConnector@1a2e2935{HTTP/1.1,[http/1.1]}{0.0.0.0:36524}
2019-11-01 01:25:21,203 [main] INFO  server.Server (Server.java:doStart(419)) - Started @2912ms
2019-11-01 01:25:21,205 [main] INFO  impl.MetricsSinkAdapter (MetricsSinkAdapter.java:start(204)) - Sink prometheus started
2019-11-01 01:25:21,205 [main] INFO  impl.MetricsSystemImpl (MetricsSystemImpl.java:registerSink(301)) - Registered sink prometheus
2019-11-01 01:25:21,207 [main] INFO  server.BaseHttpServer (BaseHttpServer.java:updateConnectorAddress(215)) - HTTP server of SCM is listening at http://0.0.0.0:36524
2019-11-01 01:25:21,213 [org.apache.hadoop.util.JvmPauseMonitor$Monitor@bc57b40] INFO  util.JvmPauseMonitor (JvmPauseMonitor.java:run(188)) - Starting JVM pause monitor
2019-11-01 01:25:21,215 [main] WARN  server.ServerUtils (ServerUtils.java:getDBPath(222)) - ozone.om.db.dirs is not configured. We recommend adding this setting. Falling back to ozone.metadata.dirs instead.
2019-11-01 01:25:21,331 [main] INFO  ha.OMHANodeDetails (OMHANodeDetails.java:loadOMHAConfig(190)) - Configuration either no ozone.om.address set. Falling back to the default OM address /127.0.0.1:0
2019-11-01 01:25:21,331 [main] INFO  ha.OMHANodeDetails (OMHANodeDetails.java:getOMNodeDetails(220)) - OM Service ID is not set. Setting it to the default ID: omServiceIdDefault
2019-11-01 01:25:21,334 [main] WARN  server.ServerUtils (ServerUtils.java:getDBPath(222)) - ozone.om.db.dirs is not configured. We recommend adding this setting. Falling back to ozone.metadata.dirs instead.
2019-11-01 01:25:21,335 [main] WARN  server.ServerUtils (ServerUtils.java:getDBPath(222)) - ozone.om.db.dirs is not configured. We recommend adding this setting. Falling back to ozone.metadata.dirs instead.
2019-11-01 01:25:21,923 [main] WARN  server.ServerUtils (ServerUtils.java:getDBPath(222)) - ozone.om.db.dirs is not configured. We recommend adding this setting. Falling back to ozone.metadata.dirs instead.
2019-11-01 01:25:21,931 [main] INFO  db.DBStoreBuilder (DBStoreBuilder.java:addTable(127)) - using custom profile for table: userTable
2019-11-01 01:25:21,931 [main] INFO  db.DBStoreBuilder (DBStoreBuilder.java:processTables(183)) - Using default column profile:DBProfile.DISK for Table:userTable
2019-11-01 01:25:21,931 [main] INFO  db.DBStoreBuilder (DBStoreBuilder.java:addTable(127)) - using custom profile for table: volumeTable
2019-11-01 01:25:21,932 [main] INFO  db.DBStoreBuilder (DBStoreBuilder.java:processTables(183)) - Using default column profile:DBProfile.DISK for Table:volumeTable
2019-11-01 01:25:21,932 [main] INFO  db.DBStoreBuilder (DBStoreBuilder.java:addTable(127)) - using custom profile for table: bucketTable
2019-11-01 01:25:21,932 [main] INFO  db.DBStoreBuilder (DBStoreBuilder.java:processTables(183)) - Using default column profile:DBProfile.DISK for Table:bucketTable
2019-11-01 01:25:21,932 [main] INFO  db.DBStoreBuilder (DBStoreBuilder.java:addTable(127)) - using custom profile for table: keyTable
2019-11-01 01:25:21,933 [main] INFO  db.DBStoreBuilder (DBStoreBuilder.java:processTables(183)) - Using default column profile:DBProfile.DISK for Table:keyTable
2019-11-01 01:25:21,933 [main] INFO  db.DBStoreBuilder (DBStoreBuilder.java:addTable(127)) - using custom profile for table: deletedTable
2019-11-01 01:25:21,933 [main] INFO  db.DBStoreBuilder (DBStoreBuilder.java:processTables(183)) - Using default column profile:DBProfile.DISK for Table:deletedTable
2019-11-01 01:25:21,933 [main] INFO  db.DBStoreBuilder (DBStoreBuilder.java:addTable(127)) - using custom profile for table: openKeyTable
2019-11-01 01:25:21,933 [main] INFO  db.DBStoreBuilder (DBStoreBuilder.java:processTables(183)) - Using default column profile:DBProfile.DISK for Table:openKeyTable
2019-11-01 01:25:21,934 [main] INFO  db.DBStoreBuilder (DBStoreBuilder.java:addTable(127)) - using custom profile for table: s3Table
2019-11-01 01:25:21,934 [main] INFO  db.DBStoreBuilder (DBStoreBuilder.java:processTables(183)) - Using default column profile:DBProfile.DISK for Table:s3Table
2019-11-01 01:25:21,934 [main] INFO  db.DBStoreBuilder (DBStoreBuilder.java:addTable(127)) - using custom profile for table: multipartInfoTable
2019-11-01 01:25:21,934 [main] INFO  db.DBStoreBuilder (DBStoreBuilder.java:processTables(183)) - Using default column profile:DBProfile.DISK for Table:multipartInfoTable
2019-11-01 01:25:21,935 [main] INFO  db.DBStoreBuilder (DBStoreBuilder.java:addTable(127)) - using custom profile for table: dTokenTable
2019-11-01 01:25:21,935 [main] INFO  db.DBStoreBuilder (DBStoreBuilder.java:processTables(183)) - Using default column profile:DBProfile.DISK for Table:dTokenTable
2019-11-01 01:25:21,935 [main] INFO  db.DBStoreBuilder (DBStoreBuilder.java:addTable(127)) - using custom profile for table: s3SecretTable
2019-11-01 01:25:21,935 [main] INFO  db.DBStoreBuilder (DBStoreBuilder.java:processTables(183)) - Using default column profile:DBProfile.DISK for Table:s3SecretTable
2019-11-01 01:25:21,936 [main] INFO  db.DBStoreBuilder (DBStoreBuilder.java:addTable(127)) - using custom profile for table: prefixTable
2019-11-01 01:25:21,936 [main] INFO  db.DBStoreBuilder (DBStoreBuilder.java:processTables(183)) - Using default column profile:DBProfile.DISK for Table:prefixTable
2019-11-01 01:25:21,936 [main] INFO  db.DBStoreBuilder (DBStoreBuilder.java:addTable(127)) - using custom profile for table: default
2019-11-01 01:25:21,936 [main] INFO  db.DBStoreBuilder (DBStoreBuilder.java:processTables(189)) - Using default column profile:DBProfile.DISK for Table:default
2019-11-01 01:25:21,936 [main] INFO  db.DBStoreBuilder (DBStoreBuilder.java:getDbProfile(220)) - Using default options. DBProfile.DISK
2019-11-01 01:25:25,670 [main] INFO  ipc.CallQueueManager (CallQueueManager.java:<init>(84)) - Using callQueue: class java.util.concurrent.LinkedBlockingQueue, queueCapacity: 2000, scheduler: class org.apache.hadoop.ipc.DefaultRpcScheduler, ipcBackoff: false.
2019-11-01 01:25:25,671 [Socket Reader #1 for port 39783] INFO  ipc.Server (Server.java:run(1074)) - Starting Socket Reader #1 for port 39783
2019-11-01 01:25:25,691 [main] INFO  om.OzoneManager (OzoneManager.java:start(1076)) - OzoneManager RPC server is listening at localhost/127.0.0.1:39783
2019-11-01 01:25:25,691 [main] INFO  impl.MetricsSystemImpl (MetricsSystemImpl.java:init(158)) - OzoneManager metrics system started (again)
2019-11-01 01:25:25,699 [IPC Server Responder] INFO  ipc.Server (Server.java:run(1314)) - IPC Server Responder: starting
2019-11-01 01:25:25,699 [IPC Server listener on 39783] INFO  ipc.Server (Server.java:run(1153)) - IPC Server listener on 39783: starting
2019-11-01 01:25:25,704 [main] INFO  hdfs.DFSUtil (DFSUtil.java:httpServerTemplateForNNAndJN(1641)) - Starting Web-server for ozoneManager at: http://0.0.0.0:0
2019-11-01 01:25:25,707 [main] INFO  server.AuthenticationFilter (AuthenticationFilter.java:constructSecretProvider(240)) - Unable to initialize FileSignerSecretProvider, falling back to use random secrets.
2019-11-01 01:25:25,707 [main] WARN  http.HttpRequestLog (HttpRequestLog.java:getRequestLog(97)) - Jetty request log can only be enabled using Log4j
2019-11-01 01:25:25,709 [main] INFO  http.HttpServer2 (HttpServer2.java:addGlobalFilter(975)) - Added global filter 'safety' (class=org.apache.hadoop.http.HttpServer2$QuotingInputFilter)
2019-11-01 01:25:25,711 [main] INFO  http.HttpServer2 (HttpServer2.java:addFilter(948)) - Added filter static_user_filter (class=org.apache.hadoop.http.lib.StaticUserWebFilter$StaticUserFilter) to context ozoneManager
2019-11-01 01:25:25,711 [main] INFO  http.HttpServer2 (HttpServer2.java:addFilter(958)) - Added filter static_user_filter (class=org.apache.hadoop.http.lib.StaticUserWebFilter$StaticUserFilter) to context static
2019-11-01 01:25:25,711 [main] INFO  http.HttpServer2 (HttpServer2.java:addFilter(958)) - Added filter static_user_filter (class=org.apache.hadoop.http.lib.StaticUserWebFilter$StaticUserFilter) to context logs
2019-11-01 01:25:25,713 [main] INFO  http.HttpServer2 (HttpServer2.java:bindListener(1191)) - Jetty bound to port 45783
2019-11-01 01:25:25,714 [main] INFO  server.Server (Server.java:doStart(351)) - jetty-9.3.25.v20180904, build timestamp: 2018-09-04T21:11:46Z, git hash: 3ce520221d0240229c862b122d2b06c12a625732
2019-11-01 01:25:25,716 [main] INFO  handler.ContextHandler (ContextHandler.java:doStart(781)) - Started o.e.j.s.ServletContextHandler@7cedfa63{/logs,file:///workdir/hadoop-ozone/tools/target/log,AVAILABLE}
2019-11-01 01:25:25,716 [main] INFO  handler.ContextHandler (ContextHandler.java:doStart(781)) - Started o.e.j.s.ServletContextHandler@783efb48{/static,jar:file:/home/user/.m2/repository/org/apache/hadoop/hadoop-ozone-ozone-manager/0.5.0-SNAPSHOT/hadoop-ozone-ozone-manager-0.5.0-SNAPSHOT.jar!/webapps/static,AVAILABLE}
2019-11-01 01:25:25,769 [main] INFO  handler.ContextHandler (ContextHandler.java:doStart(781)) - Started o.e.j.w.WebAppContext@76954a33{/,file:///tmp/jetty-0.0.0.0-45783-ozoneManager-_-any-8013544717600293484.dir/webapp/,AVAILABLE}{/ozoneManager}
2019-11-01 01:25:25,770 [main] INFO  server.AbstractConnector (AbstractConnector.java:doStart(278)) - Started ServerConnector@24a298a6{HTTP/1.1,[http/1.1]}{0.0.0.0:45783}
2019-11-01 01:25:25,770 [main] INFO  server.Server (Server.java:doStart(419)) - Started @7479ms
2019-11-01 01:25:25,770 [main] WARN  impl.MetricsSystemImpl (MetricsSystemImpl.java:register(276)) - Sink prometheus already exists!
2019-11-01 01:25:25,772 [main] INFO  server.BaseHttpServer (BaseHttpServer.java:updateConnectorAddress(215)) - HTTP server of OZONEMANAGER is listening at http://0.0.0.0:45783
2019-11-01 01:25:26,011 [main] INFO  impl.MetricsSystemImpl (MetricsSystemImpl.java:init(158)) - HddsDatanode metrics system started (again)
2019-11-01 01:25:26,053 [main] INFO  ozone.HddsDatanodeService (HddsDatanodeService.java:start(183)) - HddsDatanodeService host:pr-hdds-2364-master-qchwk-3441104375 ip:192.168.69.91
2019-11-01 01:25:26,086 [main] INFO  volume.HddsVolume (HddsVolume.java:<init>(176)) - Creating Volume: /workdir/hadoop-ozone/tools/target/test-dir/MiniOzoneClusterImpl-17d7739a-f662-4c88-9e51-3c637963011a/datanode-0/data/containers/hdds of  storage type : DISK and capacity : 1482555576320
2019-11-01 01:25:26,088 [main] INFO  volume.VolumeSet (VolumeSet.java:initializeVolumeSet(170)) - Added Volume : /workdir/hadoop-ozone/tools/target/test-dir/MiniOzoneClusterImpl-17d7739a-f662-4c88-9e51-3c637963011a/datanode-0/data/containers/hdds to VolumeSet
2019-11-01 01:25:26,091 [main] INFO  volume.ThrottledAsyncChecker (ThrottledAsyncChecker.java:schedule(141)) - Scheduling a check for /workdir/hadoop-ozone/tools/target/test-dir/MiniOzoneClusterImpl-17d7739a-f662-4c88-9e51-3c637963011a/datanode-0/data/containers/hdds
2019-11-01 01:25:26,107 [main] INFO  volume.HddsVolumeChecker (HddsVolumeChecker.java:checkAllVolumes(204)) - Scheduled health check for volume /workdir/hadoop-ozone/tools/target/test-dir/MiniOzoneClusterImpl-17d7739a-f662-4c88-9e51-3c637963011a/datanode-0/data/containers/hdds
2019-11-01 01:25:26,208 [main] INFO  impl.RaftServerProxy (ConfUtils.java:logGet(43)) - raft.rpc.type = GRPC (default)
2019-11-01 01:25:26,281 [main] INFO  grpc.GrpcFactory (GrpcFactory.java:checkPooledByteBufAllocatorUseCacheForAllThreads(45)) - PERFORMANCE WARNING: useCacheForAllThreads is true that may cause Netty to create a lot garbage objects and, as a result, trigger GC.
	It is recommended to disable useCacheForAllThreads by setting -Dorg.apache.ratis.thirdparty.io.netty.allocator.useCacheForAllThreads=false in command line.
2019-11-01 01:25:26,288 [main] INFO  grpc.GrpcConfigKeys$Server (ConfUtils.java:logGet(43)) - raft.grpc.server.port = 0 (default)
2019-11-01 01:25:26,289 [main] INFO  server.GrpcService (ConfUtils.java:logGet(43)) - raft.grpc.message.size.max = 33570816 (custom)
2019-11-01 01:25:26,291 [main] INFO  server.RaftServerConfigKeys (ConfUtils.java:logGet(43)) - raft.server.log.appender.buffer.byte-limit = 33554432 (custom)
2019-11-01 01:25:26,293 [main] INFO  server.GrpcService (ConfUtils.java:logGet(43)) - raft.grpc.flow.control.window = 1MB (=1048576) (default)
2019-11-01 01:25:26,294 [main] INFO  server.RaftServerConfigKeys (ConfUtils.java:logGet(43)) - raft.server.rpc.request.timeout = 3000ms (default)
2019-11-01 01:25:26,478 [main] INFO  server.RaftServerConfigKeys (ConfUtils.java:logGet(43)) - raft.server.storage.dir = [/workdir/hadoop-ozone/tools/target/test-dir/MiniOzoneClusterImpl-17d7739a-f662-4c88-9e51-3c637963011a/datanode-0/data/ratis] (custom)
2019-11-01 01:25:26,539 [main] INFO  hdfs.DFSUtil (DFSUtil.java:httpServerTemplateForNNAndJN(1641)) - Starting Web-server for hddsDatanode at: http://0.0.0.0:0
2019-11-01 01:25:26,541 [main] INFO  server.AuthenticationFilter (AuthenticationFilter.java:constructSecretProvider(240)) - Unable to initialize FileSignerSecretProvider, falling back to use random secrets.
2019-11-01 01:25:26,542 [main] WARN  http.HttpRequestLog (HttpRequestLog.java:getRequestLog(97)) - Jetty request log can only be enabled using Log4j
2019-11-01 01:25:26,544 [main] INFO  http.HttpServer2 (HttpServer2.java:addGlobalFilter(975)) - Added global filter 'safety' (class=org.apache.hadoop.http.HttpServer2$QuotingInputFilter)
2019-11-01 01:25:26,544 [main] INFO  http.HttpServer2 (HttpServer2.java:addFilter(948)) - Added filter static_user_filter (class=org.apache.hadoop.http.lib.StaticUserWebFilter$StaticUserFilter) to context hddsDatanode
2019-11-01 01:25:26,545 [main] INFO  http.HttpServer2 (HttpServer2.java:addFilter(958)) - Added filter static_user_filter (class=org.apache.hadoop.http.lib.StaticUserWebFilter$StaticUserFilter) to context static
2019-11-01 01:25:26,545 [main] INFO  http.HttpServer2 (HttpServer2.java:addFilter(958)) - Added filter static_user_filter (class=org.apache.hadoop.http.lib.StaticUserWebFilter$StaticUserFilter) to context logs
2019-11-01 01:25:26,546 [main] INFO  http.HttpServer2 (HttpServer2.java:bindListener(1191)) - Jetty bound to port 46152
2019-11-01 01:25:26,546 [main] INFO  server.Server (Server.java:doStart(351)) - jetty-9.3.25.v20180904, build timestamp: 2018-09-04T21:11:46Z, git hash: 3ce520221d0240229c862b122d2b06c12a625732
2019-11-01 01:25:26,549 [main] INFO  handler.ContextHandler (ContextHandler.java:doStart(781)) - Started o.e.j.s.ServletContextHandler@4c777e7b{/logs,file:///workdir/hadoop-ozone/tools/target/log,AVAILABLE}
2019-11-01 01:25:26,550 [main] INFO  handler.ContextHandler (ContextHandler.java:doStart(781)) - Started o.e.j.s.ServletContextHandler@78e22d35{/static,jar:file:/home/user/.m2/repository/org/apache/hadoop/hadoop-hdds-container-service/0.5.0-SNAPSHOT/hadoop-hdds-container-service-0.5.0-SNAPSHOT.jar!/webapps/static,AVAILABLE}
2019-11-01 01:25:26,582 [main] INFO  handler.ContextHandler (ContextHandler.java:doStart(781)) - Started o.e.j.w.WebAppContext@2819c460{/,file:///tmp/jetty-0.0.0.0-46152-hddsDatanode-_-any-3239491997812937044.dir/webapp/,AVAILABLE}{/hddsDatanode}
2019-11-01 01:25:26,583 [main] INFO  server.AbstractConnector (AbstractConnector.java:doStart(278)) - Started ServerConnector@30364216{HTTP/1.1,[http/1.1]}{0.0.0.0:46152}
2019-11-01 01:25:26,583 [main] INFO  server.Server (Server.java:doStart(419)) - Started @8292ms
2019-11-01 01:25:26,584 [main] WARN  impl.MetricsSystemImpl (MetricsSystemImpl.java:register(276)) - Sink prometheus already exists!
2019-11-01 01:25:26,585 [main] INFO  server.BaseHttpServer (BaseHttpServer.java:updateConnectorAddress(215)) - HTTP server of HDDSDATANODE is listening at http://0.0.0.0:46152
2019-11-01 01:25:26,586 [main] INFO  impl.MetricsSystemImpl (MetricsSystemImpl.java:init(158)) - HddsDatanode metrics system started (again)
2019-11-01 01:25:26,588 [main] INFO  ozone.HddsDatanodeService (HddsDatanodeService.java:start(183)) - HddsDatanodeService host:pr-hdds-2364-master-qchwk-3441104375 ip:192.168.69.91
2019-11-01 01:25:26,591 [org.apache.hadoop.util.JvmPauseMonitor$Monitor@692f81c4] INFO  util.JvmPauseMonitor (JvmPauseMonitor.java:run(188)) - Starting JVM pause monitor
2019-11-01 01:25:26,596 [main] INFO  volume.HddsVolume (HddsVolume.java:<init>(176)) - Creating Volume: /workdir/hadoop-ozone/tools/target/test-dir/MiniOzoneClusterImpl-17d7739a-f662-4c88-9e51-3c637963011a/datanode-1/data/containers/hdds of  storage type : DISK and capacity : 1482555576320
2019-11-01 01:25:26,596 [main] INFO  volume.VolumeSet (VolumeSet.java:initializeVolumeSet(170)) - Added Volume : /workdir/hadoop-ozone/tools/target/test-dir/MiniOzoneClusterImpl-17d7739a-f662-4c88-9e51-3c637963011a/datanode-1/data/containers/hdds to VolumeSet
2019-11-01 01:25:26,597 [main] INFO  volume.ThrottledAsyncChecker (ThrottledAsyncChecker.java:schedule(141)) - Scheduling a check for /workdir/hadoop-ozone/tools/target/test-dir/MiniOzoneClusterImpl-17d7739a-f662-4c88-9e51-3c637963011a/datanode-1/data/containers/hdds
2019-11-01 01:25:26,597 [main] INFO  volume.HddsVolumeChecker (HddsVolumeChecker.java:checkAllVolumes(204)) - Scheduled health check for volume /workdir/hadoop-ozone/tools/target/test-dir/MiniOzoneClusterImpl-17d7739a-f662-4c88-9e51-3c637963011a/datanode-1/data/containers/hdds
2019-11-01 01:25:26,613 [main] INFO  impl.RaftServerProxy (ConfUtils.java:logGet(43)) - raft.rpc.type = GRPC (default)
2019-11-01 01:25:26,614 [main] INFO  grpc.GrpcFactory (GrpcFactory.java:checkPooledByteBufAllocatorUseCacheForAllThreads(45)) - PERFORMANCE WARNING: useCacheForAllThreads is true that may cause Netty to create a lot garbage objects and, as a result, trigger GC.
	It is recommended to disable useCacheForAllThreads by setting -Dorg.apache.ratis.thirdparty.io.netty.allocator.useCacheForAllThreads=false in command line.
2019-11-01 01:25:26,614 [main] INFO  grpc.GrpcConfigKeys$Server (ConfUtils.java:logGet(43)) - raft.grpc.server.port = 0 (default)
2019-11-01 01:25:26,614 [main] INFO  server.GrpcService (ConfUtils.java:logGet(43)) - raft.grpc.message.size.max = 33570816 (custom)
2019-11-01 01:25:26,614 [main] INFO  server.RaftServerConfigKeys (ConfUtils.java:logGet(43)) - raft.server.log.appender.buffer.byte-limit = 33554432 (custom)
2019-11-01 01:25:26,614 [main] INFO  server.GrpcService (ConfUtils.java:logGet(43)) - raft.grpc.flow.control.window = 1MB (=1048576) (default)
2019-11-01 01:25:26,615 [main] INFO  server.RaftServerConfigKeys (ConfUtils.java:logGet(43)) - raft.server.rpc.request.timeout = 3000ms (default)
2019-11-01 01:25:26,615 [main] INFO  server.RaftServerConfigKeys (ConfUtils.java:logGet(43)) - raft.server.storage.dir = [/workdir/hadoop-ozone/tools/target/test-dir/MiniOzoneClusterImpl-17d7739a-f662-4c88-9e51-3c637963011a/datanode-1/data/ratis] (custom)
2019-11-01 01:25:26,617 [main] INFO  hdfs.DFSUtil (DFSUtil.java:httpServerTemplateForNNAndJN(1641)) - Starting Web-server for hddsDatanode at: http://0.0.0.0:0
2019-11-01 01:25:26,621 [main] INFO  server.AuthenticationFilter (AuthenticationFilter.java:constructSecretProvider(240)) - Unable to initialize FileSignerSecretProvider, falling back to use random secrets.
2019-11-01 01:25:26,622 [main] WARN  http.HttpRequestLog (HttpRequestLog.java:getRequestLog(97)) - Jetty request log can only be enabled using Log4j
2019-11-01 01:25:26,624 [main] INFO  http.HttpServer2 (HttpServer2.java:addGlobalFilter(975)) - Added global filter 'safety' (class=org.apache.hadoop.http.HttpServer2$QuotingInputFilter)
2019-11-01 01:25:26,625 [main] INFO  http.HttpServer2 (HttpServer2.java:addFilter(948)) - Added filter static_user_filter (class=org.apache.hadoop.http.lib.StaticUserWebFilter$StaticUserFilter) to context hddsDatanode
2019-11-01 01:25:26,625 [main] INFO  http.HttpServer2 (HttpServer2.java:addFilter(958)) - Added filter static_user_filter (class=org.apache.hadoop.http.lib.StaticUserWebFilter$StaticUserFilter) to context static
2019-11-01 01:25:26,625 [main] INFO  http.HttpServer2 (HttpServer2.java:addFilter(958)) - Added filter static_user_filter (class=org.apache.hadoop.http.lib.StaticUserWebFilter$StaticUserFilter) to context logs
2019-11-01 01:25:26,626 [main] INFO  http.HttpServer2 (HttpServer2.java:bindListener(1191)) - Jetty bound to port 37680
2019-11-01 01:25:26,626 [main] INFO  server.Server (Server.java:doStart(351)) - jetty-9.3.25.v20180904, build timestamp: 2018-09-04T21:11:46Z, git hash: 3ce520221d0240229c862b122d2b06c12a625732
2019-11-01 01:25:26,630 [main] INFO  handler.ContextHandler (ContextHandler.java:doStart(781)) - Started o.e.j.s.ServletContextHandler@4047d2d9{/logs,file:///workdir/hadoop-ozone/tools/target/log,AVAILABLE}
2019-11-01 01:25:26,630 [main] INFO  handler.ContextHandler (ContextHandler.java:doStart(781)) - Started o.e.j.s.ServletContextHandler@146dcfe6{/static,jar:file:/home/user/.m2/repository/org/apache/hadoop/hadoop-hdds-container-service/0.5.0-SNAPSHOT/hadoop-hdds-container-service-0.5.0-SNAPSHOT.jar!/webapps/static,AVAILABLE}
2019-11-01 01:25:26,658 [main] INFO  handler.ContextHandler (ContextHandler.java:doStart(781)) - Started o.e.j.w.WebAppContext@e5cbff2{/,file:///tmp/jetty-0.0.0.0-37680-hddsDatanode-_-any-8841385409748151789.dir/webapp/,AVAILABLE}{/hddsDatanode}
2019-11-01 01:25:26,659 [main] INFO  server.AbstractConnector (AbstractConnector.java:doStart(278)) - Started ServerConnector@51c959a4{HTTP/1.1,[http/1.1]}{0.0.0.0:37680}
2019-11-01 01:25:26,659 [main] INFO  server.Server (Server.java:doStart(419)) - Started @8369ms
2019-11-01 01:25:26,660 [main] WARN  impl.MetricsSystemImpl (MetricsSystemImpl.java:register(276)) - Sink prometheus already exists!
2019-11-01 01:25:26,661 [main] INFO  server.BaseHttpServer (BaseHttpServer.java:updateConnectorAddress(215)) - HTTP server of HDDSDATANODE is listening at http://0.0.0.0:37680
2019-11-01 01:25:26,662 [main] INFO  impl.MetricsSystemImpl (MetricsSystemImpl.java:init(158)) - HddsDatanode metrics system started (again)
2019-11-01 01:25:26,666 [main] INFO  ozone.HddsDatanodeService (HddsDatanodeService.java:start(183)) - HddsDatanodeService host:pr-hdds-2364-master-qchwk-3441104375 ip:192.168.69.91
2019-11-01 01:25:26,666 [org.apache.hadoop.util.JvmPauseMonitor$Monitor@4e41f49c] INFO  util.JvmPauseMonitor (JvmPauseMonitor.java:run(188)) - Starting JVM pause monitor
2019-11-01 01:25:26,675 [main] INFO  volume.HddsVolume (HddsVolume.java:<init>(176)) - Creating Volume: /workdir/hadoop-ozone/tools/target/test-dir/MiniOzoneClusterImpl-17d7739a-f662-4c88-9e51-3c637963011a/datanode-2/data/containers/hdds of  storage type : DISK and capacity : 1482555576320
2019-11-01 01:25:26,676 [main] INFO  volume.VolumeSet (VolumeSet.java:initializeVolumeSet(170)) - Added Volume : /workdir/hadoop-ozone/tools/target/test-dir/MiniOzoneClusterImpl-17d7739a-f662-4c88-9e51-3c637963011a/datanode-2/data/containers/hdds to VolumeSet
2019-11-01 01:25:26,676 [main] INFO  volume.ThrottledAsyncChecker (ThrottledAsyncChecker.java:schedule(141)) - Scheduling a check for /workdir/hadoop-ozone/tools/target/test-dir/MiniOzoneClusterImpl-17d7739a-f662-4c88-9e51-3c637963011a/datanode-2/data/containers/hdds
2019-11-01 01:25:26,677 [main] INFO  volume.HddsVolumeChecker (HddsVolumeChecker.java:checkAllVolumes(204)) - Scheduled health check for volume /workdir/hadoop-ozone/tools/target/test-dir/MiniOzoneClusterImpl-17d7739a-f662-4c88-9e51-3c637963011a/datanode-2/data/containers/hdds
2019-11-01 01:25:26,693 [Datanode State Machine Thread - 0] INFO  datanode.InitDatanodeState (InitDatanodeState.java:persistContainerDatanodeDetails(140)) - DatanodeDetails is persisted to /workdir/hadoop-ozone/tools/target/test-dir/MiniOzoneClusterImpl-17d7739a-f662-4c88-9e51-3c637963011a/datanode-0/meta/datanode.id
2019-11-01 01:25:26,696 [main] INFO  impl.RaftServerProxy (ConfUtils.java:logGet(43)) - raft.rpc.type = GRPC (default)
2019-11-01 01:25:26,696 [main] INFO  grpc.GrpcFactory (GrpcFactory.java:checkPooledByteBufAllocatorUseCacheForAllThreads(45)) - PERFORMANCE WARNING: useCacheForAllThreads is true that may cause Netty to create a lot garbage objects and, as a result, trigger GC.
	It is recommended to disable useCacheForAllThreads by setting -Dorg.apache.ratis.thirdparty.io.netty.allocator.useCacheForAllThreads=false in command line.
2019-11-01 01:25:26,696 [main] INFO  grpc.GrpcConfigKeys$Server (ConfUtils.java:logGet(43)) - raft.grpc.server.port = 0 (default)
2019-11-01 01:25:26,696 [main] INFO  server.GrpcService (ConfUtils.java:logGet(43)) - raft.grpc.message.size.max = 33570816 (custom)
2019-11-01 01:25:26,697 [main] INFO  server.RaftServerConfigKeys (ConfUtils.java:logGet(43)) - raft.server.log.appender.buffer.byte-limit = 33554432 (custom)
2019-11-01 01:25:26,697 [main] INFO  server.GrpcService (ConfUtils.java:logGet(43)) - raft.grpc.flow.control.window = 1MB (=1048576) (default)
2019-11-01 01:25:26,697 [Datanode State Machine Thread - 0] INFO  datanode.InitDatanodeState (InitDatanodeState.java:persistContainerDatanodeDetails(140)) - DatanodeDetails is persisted to /workdir/hadoop-ozone/tools/target/test-dir/MiniOzoneClusterImpl-17d7739a-f662-4c88-9e51-3c637963011a/datanode-1/meta/datanode.id
2019-11-01 01:25:26,697 [main] INFO  server.RaftServerConfigKeys (ConfUtils.java:logGet(43)) - raft.server.rpc.request.timeout = 3000ms (default)
2019-11-01 01:25:26,699 [main] INFO  server.RaftServerConfigKeys (ConfUtils.java:logGet(43)) - raft.server.storage.dir = [/workdir/hadoop-ozone/tools/target/test-dir/MiniOzoneClusterImpl-17d7739a-f662-4c88-9e51-3c637963011a/datanode-2/data/ratis] (custom)
2019-11-01 01:25:26,701 [main] INFO  hdfs.DFSUtil (DFSUtil.java:httpServerTemplateForNNAndJN(1641)) - Starting Web-server for hddsDatanode at: http://0.0.0.0:0
2019-11-01 01:25:26,703 [main] INFO  server.AuthenticationFilter (AuthenticationFilter.java:constructSecretProvider(240)) - Unable to initialize FileSignerSecretProvider, falling back to use random secrets.
2019-11-01 01:25:26,703 [main] WARN  http.HttpRequestLog (HttpRequestLog.java:getRequestLog(97)) - Jetty request log can only be enabled using Log4j
2019-11-01 01:25:26,705 [main] INFO  http.HttpServer2 (HttpServer2.java:addGlobalFilter(975)) - Added global filter 'safety' (class=org.apache.hadoop.http.HttpServer2$QuotingInputFilter)
2019-11-01 01:25:26,706 [main] INFO  http.HttpServer2 (HttpServer2.java:addFilter(948)) - Added filter static_user_filter (class=org.apache.hadoop.http.lib.StaticUserWebFilter$StaticUserFilter) to context hddsDatanode
2019-11-01 01:25:26,706 [main] INFO  http.HttpServer2 (HttpServer2.java:addFilter(958)) - Added filter static_user_filter (class=org.apache.hadoop.http.lib.StaticUserWebFilter$StaticUserFilter) to context logs
2019-11-01 01:25:26,706 [main] INFO  http.HttpServer2 (HttpServer2.java:addFilter(958)) - Added filter static_user_filter (class=org.apache.hadoop.http.lib.StaticUserWebFilter$StaticUserFilter) to context static
2019-11-01 01:25:26,707 [main] INFO  http.HttpServer2 (HttpServer2.java:bindListener(1191)) - Jetty bound to port 34465
2019-11-01 01:25:26,707 [main] INFO  server.Server (Server.java:doStart(351)) - jetty-9.3.25.v20180904, build timestamp: 2018-09-04T21:11:46Z, git hash: 3ce520221d0240229c862b122d2b06c12a625732
2019-11-01 01:25:26,709 [main] INFO  handler.ContextHandler (ContextHandler.java:doStart(781)) - Started o.e.j.s.ServletContextHandler@65b97f47{/logs,file:///workdir/hadoop-ozone/tools/target/log,AVAILABLE}
2019-11-01 01:25:26,709 [main] INFO  handler.ContextHandler (ContextHandler.java:doStart(781)) - Started o.e.j.s.ServletContextHandler@476fe690{/static,jar:file:/home/user/.m2/repository/org/apache/hadoop/hadoop-hdds-container-service/0.5.0-SNAPSHOT/hadoop-hdds-container-service-0.5.0-SNAPSHOT.jar!/webapps/static,AVAILABLE}
2019-11-01 01:25:26,737 [main] INFO  handler.ContextHandler (ContextHandler.java:doStart(781)) - Started o.e.j.w.WebAppContext@7e74a380{/,file:///tmp/jetty-0.0.0.0-34465-hddsDatanode-_-any-8047068268952363472.dir/webapp/,AVAILABLE}{/hddsDatanode}
2019-11-01 01:25:26,738 [main] INFO  server.AbstractConnector (AbstractConnector.java:doStart(278)) - Started ServerConnector@6dd1c3ed{HTTP/1.1,[http/1.1]}{0.0.0.0:34465}
2019-11-01 01:25:26,739 [main] INFO  server.Server (Server.java:doStart(419)) - Started @8448ms
2019-11-01 01:25:26,740 [main] WARN  impl.MetricsSystemImpl (MetricsSystemImpl.java:register(276)) - Sink prometheus already exists!
2019-11-01 01:25:26,741 [main] INFO  server.BaseHttpServer (BaseHttpServer.java:updateConnectorAddress(215)) - HTTP server of HDDSDATANODE is listening at http://0.0.0.0:34465
2019-11-01 01:25:26,741 [main] INFO  impl.MetricsSystemImpl (MetricsSystemImpl.java:init(158)) - HddsDatanode metrics system started (again)
2019-11-01 01:25:26,744 [main] INFO  ozone.HddsDatanodeService (HddsDatanodeService.java:start(183)) - HddsDatanodeService host:pr-hdds-2364-master-qchwk-3441104375 ip:192.168.69.91
2019-11-01 01:25:26,744 [org.apache.hadoop.util.JvmPauseMonitor$Monitor@4083e4e] INFO  util.JvmPauseMonitor (JvmPauseMonitor.java:run(188)) - Starting JVM pause monitor
2019-11-01 01:25:26,748 [Datanode State Machine Thread - 0] INFO  datanode.InitDatanodeState (InitDatanodeState.java:persistContainerDatanodeDetails(140)) - DatanodeDetails is persisted to /workdir/hadoop-ozone/tools/target/test-dir/MiniOzoneClusterImpl-17d7739a-f662-4c88-9e51-3c637963011a/datanode-2/meta/datanode.id
2019-11-01 01:25:26,754 [main] INFO  volume.HddsVolume (HddsVolume.java:<init>(176)) - Creating Volume: /workdir/hadoop-ozone/tools/target/test-dir/MiniOzoneClusterImpl-17d7739a-f662-4c88-9e51-3c637963011a/datanode-3/data/containers/hdds of  storage type : DISK and capacity : 1482555576320
2019-11-01 01:25:26,755 [main] INFO  volume.VolumeSet (VolumeSet.java:initializeVolumeSet(170)) - Added Volume : /workdir/hadoop-ozone/tools/target/test-dir/MiniOzoneClusterImpl-17d7739a-f662-4c88-9e51-3c637963011a/datanode-3/data/containers/hdds to VolumeSet
2019-11-01 01:25:26,755 [main] INFO  volume.ThrottledAsyncChecker (ThrottledAsyncChecker.java:schedule(141)) - Scheduling a check for /workdir/hadoop-ozone/tools/target/test-dir/MiniOzoneClusterImpl-17d7739a-f662-4c88-9e51-3c637963011a/datanode-3/data/containers/hdds
2019-11-01 01:25:26,755 [main] INFO  volume.HddsVolumeChecker (HddsVolumeChecker.java:checkAllVolumes(204)) - Scheduled health check for volume /workdir/hadoop-ozone/tools/target/test-dir/MiniOzoneClusterImpl-17d7739a-f662-4c88-9e51-3c637963011a/datanode-3/data/containers/hdds
2019-11-01 01:25:26,772 [main] INFO  impl.RaftServerProxy (ConfUtils.java:logGet(43)) - raft.rpc.type = GRPC (default)
2019-11-01 01:25:26,773 [main] INFO  grpc.GrpcFactory (GrpcFactory.java:checkPooledByteBufAllocatorUseCacheForAllThreads(45)) - PERFORMANCE WARNING: useCacheForAllThreads is true that may cause Netty to create a lot garbage objects and, as a result, trigger GC.
	It is recommended to disable useCacheForAllThreads by setting -Dorg.apache.ratis.thirdparty.io.netty.allocator.useCacheForAllThreads=false in command line.
2019-11-01 01:25:26,773 [main] INFO  grpc.GrpcConfigKeys$Server (ConfUtils.java:logGet(43)) - raft.grpc.server.port = 0 (default)
2019-11-01 01:25:26,773 [main] INFO  server.GrpcService (ConfUtils.java:logGet(43)) - raft.grpc.message.size.max = 33570816 (custom)
2019-11-01 01:25:26,773 [main] INFO  server.RaftServerConfigKeys (ConfUtils.java:logGet(43)) - raft.server.log.appender.buffer.byte-limit = 33554432 (custom)
2019-11-01 01:25:26,774 [main] INFO  server.GrpcService (ConfUtils.java:logGet(43)) - raft.grpc.flow.control.window = 1MB (=1048576) (default)
2019-11-01 01:25:26,774 [main] INFO  server.RaftServerConfigKeys (ConfUtils.java:logGet(43)) - raft.server.rpc.request.timeout = 3000ms (default)
2019-11-01 01:25:26,774 [main] INFO  server.RaftServerConfigKeys (ConfUtils.java:logGet(43)) - raft.server.storage.dir = [/workdir/hadoop-ozone/tools/target/test-dir/MiniOzoneClusterImpl-17d7739a-f662-4c88-9e51-3c637963011a/datanode-3/data/ratis] (custom)
2019-11-01 01:25:26,776 [main] INFO  hdfs.DFSUtil (DFSUtil.java:httpServerTemplateForNNAndJN(1641)) - Starting Web-server for hddsDatanode at: http://0.0.0.0:0
2019-11-01 01:25:26,778 [main] INFO  server.AuthenticationFilter (AuthenticationFilter.java:constructSecretProvider(240)) - Unable to initialize FileSignerSecretProvider, falling back to use random secrets.
2019-11-01 01:25:26,778 [main] WARN  http.HttpRequestLog (HttpRequestLog.java:getRequestLog(97)) - Jetty request log can only be enabled using Log4j
2019-11-01 01:25:26,780 [main] INFO  http.HttpServer2 (HttpServer2.java:addGlobalFilter(975)) - Added global filter 'safety' (class=org.apache.hadoop.http.HttpServer2$QuotingInputFilter)
2019-11-01 01:25:26,781 [main] INFO  http.HttpServer2 (HttpServer2.java:addFilter(948)) - Added filter static_user_filter (class=org.apache.hadoop.http.lib.StaticUserWebFilter$StaticUserFilter) to context hddsDatanode
2019-11-01 01:25:26,781 [main] INFO  http.HttpServer2 (HttpServer2.java:addFilter(958)) - Added filter static_user_filter (class=org.apache.hadoop.http.lib.StaticUserWebFilter$StaticUserFilter) to context logs
2019-11-01 01:25:26,781 [main] INFO  http.HttpServer2 (HttpServer2.java:addFilter(958)) - Added filter static_user_filter (class=org.apache.hadoop.http.lib.StaticUserWebFilter$StaticUserFilter) to context static
2019-11-01 01:25:26,782 [main] INFO  http.HttpServer2 (HttpServer2.java:bindListener(1191)) - Jetty bound to port 42895
2019-11-01 01:25:26,782 [main] INFO  server.Server (Server.java:doStart(351)) - jetty-9.3.25.v20180904, build timestamp: 2018-09-04T21:11:46Z, git hash: 3ce520221d0240229c862b122d2b06c12a625732
2019-11-01 01:25:26,788 [main] INFO  handler.ContextHandler (ContextHandler.java:doStart(781)) - Started o.e.j.s.ServletContextHandler@3c87e6b7{/logs,file:///workdir/hadoop-ozone/tools/target/log,AVAILABLE}
2019-11-01 01:25:26,788 [main] INFO  handler.ContextHandler (ContextHandler.java:doStart(781)) - Started o.e.j.s.ServletContextHandler@3c3a0032{/static,jar:file:/home/user/.m2/repository/org/apache/hadoop/hadoop-hdds-container-service/0.5.0-SNAPSHOT/hadoop-hdds-container-service-0.5.0-SNAPSHOT.jar!/webapps/static,AVAILABLE}
2019-11-01 01:25:26,816 [main] INFO  handler.ContextHandler (ContextHandler.java:doStart(781)) - Started o.e.j.w.WebAppContext@7cbeac65{/,file:///tmp/jetty-0.0.0.0-42895-hddsDatanode-_-any-5539945569884916247.dir/webapp/,AVAILABLE}{/hddsDatanode}
2019-11-01 01:25:26,817 [main] INFO  server.AbstractConnector (AbstractConnector.java:doStart(278)) - Started ServerConnector@7fe82967{HTTP/1.1,[http/1.1]}{0.0.0.0:42895}
2019-11-01 01:25:26,817 [main] INFO  server.Server (Server.java:doStart(419)) - Started @8526ms
2019-11-01 01:25:26,817 [main] WARN  impl.MetricsSystemImpl (MetricsSystemImpl.java:register(276)) - Sink prometheus already exists!
2019-11-01 01:25:26,818 [main] INFO  server.BaseHttpServer (BaseHttpServer.java:updateConnectorAddress(215)) - HTTP server of HDDSDATANODE is listening at http://0.0.0.0:42895
2019-11-01 01:25:26,819 [main] INFO  impl.MetricsSystemImpl (MetricsSystemImpl.java:init(158)) - HddsDatanode metrics system started (again)
2019-11-01 01:25:26,822 [org.apache.hadoop.util.JvmPauseMonitor$Monitor@79624140] INFO  util.JvmPauseMonitor (JvmPauseMonitor.java:run(188)) - Starting JVM pause monitor
2019-11-01 01:25:26,822 [main] INFO  ozone.HddsDatanodeService (HddsDatanodeService.java:start(183)) - HddsDatanodeService host:pr-hdds-2364-master-qchwk-3441104375 ip:192.168.69.91
2019-11-01 01:25:26,825 [Datanode State Machine Thread - 0] INFO  datanode.InitDatanodeState (InitDatanodeState.java:persistContainerDatanodeDetails(140)) - DatanodeDetails is persisted to /workdir/hadoop-ozone/tools/target/test-dir/MiniOzoneClusterImpl-17d7739a-f662-4c88-9e51-3c637963011a/datanode-3/meta/datanode.id
2019-11-01 01:25:26,832 [main] INFO  volume.HddsVolume (HddsVolume.java:<init>(176)) - Creating Volume: /workdir/hadoop-ozone/tools/target/test-dir/MiniOzoneClusterImpl-17d7739a-f662-4c88-9e51-3c637963011a/datanode-4/data/containers/hdds of  storage type : DISK and capacity : 1482555576320
2019-11-01 01:25:26,832 [main] INFO  volume.VolumeSet (VolumeSet.java:initializeVolumeSet(170)) - Added Volume : /workdir/hadoop-ozone/tools/target/test-dir/MiniOzoneClusterImpl-17d7739a-f662-4c88-9e51-3c637963011a/datanode-4/data/containers/hdds to VolumeSet
2019-11-01 01:25:26,832 [main] INFO  volume.ThrottledAsyncChecker (ThrottledAsyncChecker.java:schedule(141)) - Scheduling a check for /workdir/hadoop-ozone/tools/target/test-dir/MiniOzoneClusterImpl-17d7739a-f662-4c88-9e51-3c637963011a/datanode-4/data/containers/hdds
2019-11-01 01:25:26,833 [main] INFO  volume.HddsVolumeChecker (HddsVolumeChecker.java:checkAllVolumes(204)) - Scheduled health check for volume /workdir/hadoop-ozone/tools/target/test-dir/MiniOzoneClusterImpl-17d7739a-f662-4c88-9e51-3c637963011a/datanode-4/data/containers/hdds
2019-11-01 01:25:26,851 [main] INFO  impl.RaftServerProxy (ConfUtils.java:logGet(43)) - raft.rpc.type = GRPC (default)
2019-11-01 01:25:26,851 [main] INFO  grpc.GrpcFactory (GrpcFactory.java:checkPooledByteBufAllocatorUseCacheForAllThreads(45)) - PERFORMANCE WARNING: useCacheForAllThreads is true that may cause Netty to create a lot garbage objects and, as a result, trigger GC.
	It is recommended to disable useCacheForAllThreads by setting -Dorg.apache.ratis.thirdparty.io.netty.allocator.useCacheForAllThreads=false in command line.
2019-11-01 01:25:26,851 [main] INFO  grpc.GrpcConfigKeys$Server (ConfUtils.java:logGet(43)) - raft.grpc.server.port = 0 (default)
2019-11-01 01:25:26,851 [main] INFO  server.GrpcService (ConfUtils.java:logGet(43)) - raft.grpc.message.size.max = 33570816 (custom)
2019-11-01 01:25:26,852 [main] INFO  server.RaftServerConfigKeys (ConfUtils.java:logGet(43)) - raft.server.log.appender.buffer.byte-limit = 33554432 (custom)
2019-11-01 01:25:26,852 [main] INFO  server.GrpcService (ConfUtils.java:logGet(43)) - raft.grpc.flow.control.window = 1MB (=1048576) (default)
2019-11-01 01:25:26,852 [main] INFO  server.RaftServerConfigKeys (ConfUtils.java:logGet(43)) - raft.server.rpc.request.timeout = 3000ms (default)
2019-11-01 01:25:26,853 [main] INFO  server.RaftServerConfigKeys (ConfUtils.java:logGet(43)) - raft.server.storage.dir = [/workdir/hadoop-ozone/tools/target/test-dir/MiniOzoneClusterImpl-17d7739a-f662-4c88-9e51-3c637963011a/datanode-4/data/ratis] (custom)
2019-11-01 01:25:26,855 [main] INFO  hdfs.DFSUtil (DFSUtil.java:httpServerTemplateForNNAndJN(1641)) - Starting Web-server for hddsDatanode at: http://0.0.0.0:0
2019-11-01 01:25:26,857 [main] INFO  server.AuthenticationFilter (AuthenticationFilter.java:constructSecretProvider(240)) - Unable to initialize FileSignerSecretProvider, falling back to use random secrets.
2019-11-01 01:25:26,858 [main] WARN  http.HttpRequestLog (HttpRequestLog.java:getRequestLog(97)) - Jetty request log can only be enabled using Log4j
2019-11-01 01:25:26,860 [main] INFO  http.HttpServer2 (HttpServer2.java:addGlobalFilter(975)) - Added global filter 'safety' (class=org.apache.hadoop.http.HttpServer2$QuotingInputFilter)
2019-11-01 01:25:26,861 [main] INFO  http.HttpServer2 (HttpServer2.java:addFilter(948)) - Added filter static_user_filter (class=org.apache.hadoop.http.lib.StaticUserWebFilter$StaticUserFilter) to context hddsDatanode
2019-11-01 01:25:26,861 [main] INFO  http.HttpServer2 (HttpServer2.java:addFilter(958)) - Added filter static_user_filter (class=org.apache.hadoop.http.lib.StaticUserWebFilter$StaticUserFilter) to context logs
2019-11-01 01:25:26,861 [main] INFO  http.HttpServer2 (HttpServer2.java:addFilter(958)) - Added filter static_user_filter (class=org.apache.hadoop.http.lib.StaticUserWebFilter$StaticUserFilter) to context static
2019-11-01 01:25:26,862 [main] INFO  http.HttpServer2 (HttpServer2.java:bindListener(1191)) - Jetty bound to port 34849
2019-11-01 01:25:26,863 [main] INFO  server.Server (Server.java:doStart(351)) - jetty-9.3.25.v20180904, build timestamp: 2018-09-04T21:11:46Z, git hash: 3ce520221d0240229c862b122d2b06c12a625732
2019-11-01 01:25:26,865 [main] INFO  handler.ContextHandler (ContextHandler.java:doStart(781)) - Started o.e.j.s.ServletContextHandler@70887727{/logs,file:///workdir/hadoop-ozone/tools/target/log,AVAILABLE}
2019-11-01 01:25:26,865 [main] INFO  handler.ContextHandler (ContextHandler.java:doStart(781)) - Started o.e.j.s.ServletContextHandler@599e4d41{/static,jar:file:/home/user/.m2/repository/org/apache/hadoop/hadoop-hdds-container-service/0.5.0-SNAPSHOT/hadoop-hdds-container-service-0.5.0-SNAPSHOT.jar!/webapps/static,AVAILABLE}
2019-11-01 01:25:26,898 [main] INFO  handler.ContextHandler (ContextHandler.java:doStart(781)) - Started o.e.j.w.WebAppContext@bc042d5{/,file:///tmp/jetty-0.0.0.0-34849-hddsDatanode-_-any-2617931834955345052.dir/webapp/,AVAILABLE}{/hddsDatanode}
2019-11-01 01:25:26,899 [main] INFO  server.AbstractConnector (AbstractConnector.java:doStart(278)) - Started ServerConnector@5484117b{HTTP/1.1,[http/1.1]}{0.0.0.0:34849}
2019-11-01 01:25:26,900 [main] INFO  server.Server (Server.java:doStart(419)) - Started @8609ms
2019-11-01 01:25:26,900 [main] WARN  impl.MetricsSystemImpl (MetricsSystemImpl.java:register(276)) - Sink prometheus already exists!
2019-11-01 01:25:26,901 [main] INFO  server.BaseHttpServer (BaseHttpServer.java:updateConnectorAddress(215)) - HTTP server of HDDSDATANODE is listening at http://0.0.0.0:34849
2019-11-01 01:25:26,903 [main] INFO  ozone.MiniOzoneClusterImpl (MiniOzoneClusterImpl.java:lambda$waitForClusterToBeReady$0(147)) - Waiting for cluster to be ready. Got 0 of 5 DN Heartbeats.
2019-11-01 01:25:26,904 [org.apache.hadoop.util.JvmPauseMonitor$Monitor@7bd26753] INFO  util.JvmPauseMonitor (JvmPauseMonitor.java:run(188)) - Starting JVM pause monitor
2019-11-01 01:25:26,908 [Datanode State Machine Thread - 0] INFO  datanode.InitDatanodeState (InitDatanodeState.java:persistContainerDatanodeDetails(140)) - DatanodeDetails is persisted to /workdir/hadoop-ozone/tools/target/test-dir/MiniOzoneClusterImpl-17d7739a-f662-4c88-9e51-3c637963011a/datanode-4/meta/datanode.id
2019-11-01 01:25:27,904 [main] INFO  ozone.MiniOzoneClusterImpl (MiniOzoneClusterImpl.java:lambda$waitForClusterToBeReady$0(147)) - Waiting for cluster to be ready. Got 0 of 5 DN Heartbeats.
2019-11-01 01:25:28,663 [Datanode State Machine Thread - 0] INFO  ozoneimpl.OzoneContainer (OzoneContainer.java:start(213)) - Attempting to start container services.
2019-11-01 01:25:28,666 [Datanode State Machine Thread - 0] INFO  ozoneimpl.OzoneContainer (OzoneContainer.java:startContainerScrub(177)) - Background container scanner has been disabled.
2019-11-01 01:25:28,666 [Datanode State Machine Thread - 0] INFO  ratis.XceiverServerRatis (XceiverServerRatis.java:start(418)) - Starting XceiverServerRatis 40b7f987-8e06-4ef9-abdc-8715eb833c11 at port 0
2019-11-01 01:25:28,687 [Datanode State Machine Thread - 0] INFO  ozoneimpl.OzoneContainer (OzoneContainer.java:start(213)) - Attempting to start container services.
2019-11-01 01:25:28,690 [Datanode State Machine Thread - 0] INFO  ozoneimpl.OzoneContainer (OzoneContainer.java:startContainerScrub(177)) - Background container scanner has been disabled.
2019-11-01 01:25:28,691 [Datanode State Machine Thread - 0] INFO  impl.RaftServerProxy (RaftServerProxy.java:lambda$start$3(299)) - 40b7f987-8e06-4ef9-abdc-8715eb833c11: start RPC server
2019-11-01 01:25:28,691 [Datanode State Machine Thread - 0] INFO  ratis.XceiverServerRatis (XceiverServerRatis.java:start(418)) - Starting XceiverServerRatis cb510fb7-fc87-4880-9dcd-5d4a84db871b at port 0
2019-11-01 01:25:28,699 [Datanode State Machine Thread - 0] INFO  impl.RaftServerProxy (RaftServerProxy.java:lambda$start$3(299)) - cb510fb7-fc87-4880-9dcd-5d4a84db871b: start RPC server
2019-11-01 01:25:28,762 [Datanode State Machine Thread - 0] INFO  ozoneimpl.OzoneContainer (OzoneContainer.java:start(213)) - Attempting to start container services.
2019-11-01 01:25:28,763 [Datanode State Machine Thread - 0] INFO  ozoneimpl.OzoneContainer (OzoneContainer.java:startContainerScrub(177)) - Background container scanner has been disabled.
2019-11-01 01:25:28,763 [Datanode State Machine Thread - 0] INFO  ratis.XceiverServerRatis (XceiverServerRatis.java:start(418)) - Starting XceiverServerRatis 8b94e5f6-bcf2-4b5e-b281-fbdf269ad833 at port 0
2019-11-01 01:25:28,770 [Datanode State Machine Thread - 0] INFO  impl.RaftServerProxy (RaftServerProxy.java:lambda$start$3(299)) - 8b94e5f6-bcf2-4b5e-b281-fbdf269ad833: start RPC server
2019-11-01 01:25:28,814 [Datanode State Machine Thread - 0] INFO  server.GrpcService (GrpcService.java:startImpl(158)) - 40b7f987-8e06-4ef9-abdc-8715eb833c11: GrpcService started, listening on 0.0.0.0/0.0.0.0:34918
2019-11-01 01:25:28,814 [Datanode State Machine Thread - 0] INFO  server.GrpcService (GrpcService.java:startImpl(158)) - 8b94e5f6-bcf2-4b5e-b281-fbdf269ad833: GrpcService started, listening on 0.0.0.0/0.0.0.0:39798
2019-11-01 01:25:28,814 [Datanode State Machine Thread - 0] INFO  server.GrpcService (GrpcService.java:startImpl(158)) - cb510fb7-fc87-4880-9dcd-5d4a84db871b: GrpcService started, listening on 0.0.0.0/0.0.0.0:33685
2019-11-01 01:25:28,815 [Datanode State Machine Thread - 0] INFO  ratis.XceiverServerRatis (XceiverServerRatis.java:start(428)) - XceiverServerRatis 8b94e5f6-bcf2-4b5e-b281-fbdf269ad833 is started using port 39798
2019-11-01 01:25:28,815 [Datanode State Machine Thread - 0] INFO  ratis.XceiverServerRatis (XceiverServerRatis.java:start(428)) - XceiverServerRatis 40b7f987-8e06-4ef9-abdc-8715eb833c11 is started using port 34918
2019-11-01 01:25:28,815 [Datanode State Machine Thread - 0] INFO  ratis.XceiverServerRatis (XceiverServerRatis.java:start(428)) - XceiverServerRatis cb510fb7-fc87-4880-9dcd-5d4a84db871b is started using port 33685
2019-11-01 01:25:28,821 [Datanode State Machine Thread - 0] INFO  server.XceiverServerGrpc (XceiverServerGrpc.java:start(149)) - XceiverServerGrpc 40b7f987-8e06-4ef9-abdc-8715eb833c11 is started using port 35674
2019-11-01 01:25:28,821 [Datanode State Machine Thread - 0] INFO  server.XceiverServerGrpc (XceiverServerGrpc.java:start(149)) - XceiverServerGrpc 8b94e5f6-bcf2-4b5e-b281-fbdf269ad833 is started using port 39097
2019-11-01 01:25:28,821 [Datanode State Machine Thread - 0] INFO  server.XceiverServerGrpc (XceiverServerGrpc.java:start(149)) - XceiverServerGrpc cb510fb7-fc87-4880-9dcd-5d4a84db871b is started using port 45389
2019-11-01 01:25:28,832 [Datanode State Machine Thread - 0] INFO  ozoneimpl.OzoneContainer (OzoneContainer.java:start(213)) - Attempting to start container services.
2019-11-01 01:25:28,834 [Datanode State Machine Thread - 0] INFO  ozoneimpl.OzoneContainer (OzoneContainer.java:startContainerScrub(177)) - Background container scanner has been disabled.
2019-11-01 01:25:28,834 [Datanode State Machine Thread - 0] INFO  ratis.XceiverServerRatis (XceiverServerRatis.java:start(418)) - Starting XceiverServerRatis 8fe8e3dd-1326-4d72-801e-fb5a3dd927b3 at port 0
2019-11-01 01:25:28,839 [Datanode State Machine Thread - 0] INFO  impl.RaftServerProxy (RaftServerProxy.java:lambda$start$3(299)) - 8fe8e3dd-1326-4d72-801e-fb5a3dd927b3: start RPC server
2019-11-01 01:25:28,842 [Datanode State Machine Thread - 0] INFO  server.GrpcService (GrpcService.java:startImpl(158)) - 8fe8e3dd-1326-4d72-801e-fb5a3dd927b3: GrpcService started, listening on 0.0.0.0/0.0.0.0:44425
2019-11-01 01:25:28,842 [Datanode State Machine Thread - 0] INFO  ratis.XceiverServerRatis (XceiverServerRatis.java:start(428)) - XceiverServerRatis 8fe8e3dd-1326-4d72-801e-fb5a3dd927b3 is started using port 44425
2019-11-01 01:25:28,844 [Datanode State Machine Thread - 0] INFO  server.XceiverServerGrpc (XceiverServerGrpc.java:start(149)) - XceiverServerGrpc 8fe8e3dd-1326-4d72-801e-fb5a3dd927b3 is started using port 44272
2019-11-01 01:25:28,904 [main] INFO  ozone.MiniOzoneClusterImpl (MiniOzoneClusterImpl.java:lambda$waitForClusterToBeReady$0(147)) - Waiting for cluster to be ready. Got 0 of 5 DN Heartbeats.
2019-11-01 01:25:28,924 [Datanode State Machine Thread - 0] INFO  ozoneimpl.OzoneContainer (OzoneContainer.java:start(213)) - Attempting to start container services.
2019-11-01 01:25:28,929 [Datanode State Machine Thread - 0] INFO  ozoneimpl.OzoneContainer (OzoneContainer.java:startContainerScrub(177)) - Background container scanner has been disabled.
2019-11-01 01:25:28,929 [Datanode State Machine Thread - 0] INFO  ratis.XceiverServerRatis (XceiverServerRatis.java:start(418)) - Starting XceiverServerRatis 32db78ba-36ff-4254-bf6e-67e7bcfc9e39 at port 0
2019-11-01 01:25:28,936 [Datanode State Machine Thread - 0] INFO  impl.RaftServerProxy (RaftServerProxy.java:lambda$start$3(299)) - 32db78ba-36ff-4254-bf6e-67e7bcfc9e39: start RPC server
2019-11-01 01:25:28,938 [Datanode State Machine Thread - 0] INFO  server.GrpcService (GrpcService.java:startImpl(158)) - 32db78ba-36ff-4254-bf6e-67e7bcfc9e39: GrpcService started, listening on 0.0.0.0/0.0.0.0:37505
2019-11-01 01:25:28,939 [Datanode State Machine Thread - 0] INFO  ratis.XceiverServerRatis (XceiverServerRatis.java:start(428)) - XceiverServerRatis 32db78ba-36ff-4254-bf6e-67e7bcfc9e39 is started using port 37505
2019-11-01 01:25:28,941 [Datanode State Machine Thread - 0] INFO  server.XceiverServerGrpc (XceiverServerGrpc.java:start(149)) - XceiverServerGrpc 32db78ba-36ff-4254-bf6e-67e7bcfc9e39 is started using port 44392
2019-11-01 01:25:29,906 [main] INFO  ozone.MiniOzoneClusterImpl (MiniOzoneClusterImpl.java:lambda$waitForClusterToBeReady$0(147)) - Waiting for cluster to be ready. Got 0 of 5 DN Heartbeats.
2019-11-01 01:25:30,621 [IPC Server handler 0 on 40188] INFO  net.NetworkTopology (NetworkTopologyImpl.java:add(111)) - Added a new node: /default-rack/40b7f987-8e06-4ef9-abdc-8715eb833c11
2019-11-01 01:25:30,622 [IPC Server handler 0 on 40188] INFO  node.SCMNodeManager (SCMNodeManager.java:register(267)) - Registered Data node : 40b7f987-8e06-4ef9-abdc-8715eb833c11{ip: 192.168.69.91, host: pr-hdds-2364-master-qchwk-3441104375, networkLocation: /default-rack, certSerialId: null}
2019-11-01 01:25:30,625 [EventQueue-NodeRegistrationContainerReportForDataNodeSafeModeRule] INFO  safemode.SCMSafeModeManager (DataNodeSafeModeRule.java:process(71)) - SCM in safe mode. 1 DataNodes registered, 1 required.
2019-11-01 01:25:30,625 [EventQueue-NodeRegistrationContainerReportForDataNodeSafeModeRule] INFO  safemode.SCMSafeModeManager (SCMSafeModeManager.java:validateSafeModeExitRules(177)) - ScmSafeModeManager, all rules are successfully validated
2019-11-01 01:25:30,626 [EventQueue-NodeRegistrationContainerReportForDataNodeSafeModeRule] INFO  safemode.SCMSafeModeManager (SCMSafeModeManager.java:exitSafeMode(193)) - SCM exiting safe mode.
2019-11-01 01:25:30,669 [IPC Server handler 1 on 40188] INFO  net.NetworkTopology (NetworkTopologyImpl.java:add(111)) - Added a new node: /default-rack/cb510fb7-fc87-4880-9dcd-5d4a84db871b
2019-11-01 01:25:30,670 [IPC Server handler 1 on 40188] INFO  node.SCMNodeManager (SCMNodeManager.java:register(267)) - Registered Data node : cb510fb7-fc87-4880-9dcd-5d4a84db871b{ip: 192.168.69.91, host: pr-hdds-2364-master-qchwk-3441104375, networkLocation: /default-rack, certSerialId: null}
2019-11-01 01:25:30,748 [IPC Server handler 3 on 40188] INFO  net.NetworkTopology (NetworkTopologyImpl.java:add(111)) - Added a new node: /default-rack/8b94e5f6-bcf2-4b5e-b281-fbdf269ad833
2019-11-01 01:25:30,748 [IPC Server handler 3 on 40188] INFO  node.SCMNodeManager (SCMNodeManager.java:register(267)) - Registered Data node : 8b94e5f6-bcf2-4b5e-b281-fbdf269ad833{ip: 192.168.69.91, host: pr-hdds-2364-master-qchwk-3441104375, networkLocation: /default-rack, certSerialId: null}
2019-11-01 01:25:30,824 [IPC Server handler 4 on 40188] INFO  net.NetworkTopology (NetworkTopologyImpl.java:add(111)) - Added a new node: /default-rack/8fe8e3dd-1326-4d72-801e-fb5a3dd927b3
2019-11-01 01:25:30,825 [IPC Server handler 4 on 40188] INFO  node.SCMNodeManager (SCMNodeManager.java:register(267)) - Registered Data node : 8fe8e3dd-1326-4d72-801e-fb5a3dd927b3{ip: 192.168.69.91, host: pr-hdds-2364-master-qchwk-3441104375, networkLocation: /default-rack, certSerialId: null}
2019-11-01 01:25:30,907 [main] INFO  ozone.MiniOzoneClusterImpl (MiniOzoneClusterImpl.java:lambda$waitForClusterToBeReady$0(147)) - Waiting for cluster to be ready. Got 4 of 5 DN Heartbeats.
2019-11-01 01:25:30,912 [IPC Server handler 6 on 40188] INFO  net.NetworkTopology (NetworkTopologyImpl.java:add(111)) - Added a new node: /default-rack/32db78ba-36ff-4254-bf6e-67e7bcfc9e39
2019-11-01 01:25:30,913 [IPC Server handler 6 on 40188] INFO  node.SCMNodeManager (SCMNodeManager.java:register(267)) - Registered Data node : 32db78ba-36ff-4254-bf6e-67e7bcfc9e39{ip: 192.168.69.91, host: pr-hdds-2364-master-qchwk-3441104375, networkLocation: /default-rack, certSerialId: null}
2019-11-01 01:25:31,172 [grpc-default-executor-0] INFO  impl.RaftServerProxy (RaftServerProxy.java:addNew(89)) - 40b7f987-8e06-4ef9-abdc-8715eb833c11: addNew group-EF57B072CC1C:[40b7f987-8e06-4ef9-abdc-8715eb833c11:192.168.69.91:34918] returns group-EF57B072CC1C:java.util.concurrent.CompletableFuture@183e9db4[Not completed]
2019-11-01 01:25:31,181 [pool-27-thread-1] INFO  impl.RaftServerImpl (RaftServerImpl.java:<init>(98)) - 40b7f987-8e06-4ef9-abdc-8715eb833c11: new RaftServerImpl for group-EF57B072CC1C:[40b7f987-8e06-4ef9-abdc-8715eb833c11:192.168.69.91:34918] with ContainerStateMachine:uninitialized
2019-11-01 01:25:31,183 [pool-27-thread-1] INFO  server.RaftServerConfigKeys (ConfUtils.java:logGet(43)) - raft.server.rpc.timeout.min = 5s (custom)
2019-11-01 01:25:31,184 [pool-27-thread-1] INFO  server.RaftServerConfigKeys (ConfUtils.java:logGet(43)) - raft.server.rpc.timeout.max = 5200ms (custom)
2019-11-01 01:25:31,184 [pool-27-thread-1] INFO  server.RaftServerConfigKeys (ConfUtils.java:logGet(43)) - raft.server.rpcslowness.timeout = 120s (custom)
2019-11-01 01:25:31,185 [pool-27-thread-1] INFO  server.RaftServerConfigKeys (ConfUtils.java:logGet(43)) - raft.server.sleep.deviation.threshold = 300 (default)
2019-11-01 01:25:31,186 [pool-27-thread-1] INFO  server.RaftServerConfigKeys (ConfUtils.java:logGet(43)) - raft.server.log.appender.install.snapshot.enabled = false (custom)
2019-11-01 01:25:31,195 [pool-27-thread-1] INFO  impl.RaftServerImpl (ServerState.java:<init>(103)) - 40b7f987-8e06-4ef9-abdc-8715eb833c11@group-EF57B072CC1C: ConfigurationManager, init=-1: [40b7f987-8e06-4ef9-abdc-8715eb833c11:192.168.69.91:34918], old=null, confs=<EMPTY_MAP>
2019-11-01 01:25:31,196 [pool-27-thread-1] INFO  server.RaftServerConfigKeys (ConfUtils.java:logGet(43)) - raft.server.storage.dir = [/workdir/hadoop-ozone/tools/target/test-dir/MiniOzoneClusterImpl-17d7739a-f662-4c88-9e51-3c637963011a/datanode-0/data/ratis] (custom)
2019-11-01 01:25:31,203 [pool-27-thread-1] INFO  server.RaftServerConfigKeys (ConfUtils.java:logGet(43)) - raft.server.log.corruption.policy = EXCEPTION (default)
2019-11-01 01:25:31,205 [pool-27-thread-1] INFO  storage.RaftStorageDirectory (RaftStorageDirectory.java:analyzeStorage(246)) - The storage directory /workdir/hadoop-ozone/tools/target/test-dir/MiniOzoneClusterImpl-17d7739a-f662-4c88-9e51-3c637963011a/datanode-0/data/ratis/1b9add32-009b-4ec2-befc-ef57b072cc1c does not exist. Creating ...
2019-11-01 01:25:31,907 [main] INFO  ozone.MiniOzoneClusterImpl (MiniOzoneClusterImpl.java:lambda$waitForClusterToBeReady$0(147)) - Cluster is ready. Got 5 of 5 DN Heartbeats.
2019-11-01 01:25:32,417 [main] INFO  freon.RandomKeyGenerator (RandomKeyGenerator.java:call(283)) - Number of Threads: 10
2019-11-01 01:25:32,419 [main] INFO  freon.RandomKeyGenerator (RandomKeyGenerator.java:call(288)) - Number of Volumes: 10.
2019-11-01 01:25:32,419 [main] INFO  freon.RandomKeyGenerator (RandomKeyGenerator.java:call(289)) - Number of Buckets per Volume: 1.
2019-11-01 01:25:32,419 [main] INFO  freon.RandomKeyGenerator (RandomKeyGenerator.java:call(290)) - Number of Keys per Bucket: 10.
2019-11-01 01:25:32,419 [main] INFO  freon.RandomKeyGenerator (RandomKeyGenerator.java:call(291)) - Key size: 10240 bytes
2019-11-01 01:25:32,419 [main] INFO  freon.RandomKeyGenerator (RandomKeyGenerator.java:call(292)) - Buffer size: 4096 bytes
2019-11-01 01:25:32,420 [main] INFO  freon.RandomKeyGenerator (RandomKeyGenerator.java:call(293)) - validateWrites : false
2019-11-01 01:25:32,425 [main] INFO  freon.RandomKeyGenerator (RandomKeyGenerator.java:call(313)) - Starting progress bar Thread.

 0.00% |?                                                                                                    |  0/100 Time: 0:00:002019-11-01 01:25:32,455 [pool-73-thread-1] INFO  rpc.RpcClient (RpcClient.java:createVolume(291)) - Creating Volume: vol-0-42817, with jenkins1000 as owner.
2019-11-01 01:25:32,455 [pool-73-thread-4] INFO  rpc.RpcClient (RpcClient.java:createVolume(291)) - Creating Volume: vol-3-07109, with jenkins1000 as owner.
2019-11-01 01:25:32,455 [pool-73-thread-8] INFO  rpc.RpcClient (RpcClient.java:createVolume(291)) - Creating Volume: vol-9-26910, with jenkins1000 as owner.
2019-11-01 01:25:32,455 [pool-73-thread-2] INFO  rpc.RpcClient (RpcClient.java:createVolume(291)) - Creating Volume: vol-1-82572, with jenkins1000 as owner.
2019-11-01 01:25:32,456 [pool-73-thread-10] INFO  rpc.RpcClient (RpcClient.java:createVolume(291)) - Creating Volume: vol-8-86541, with jenkins1000 as owner.
2019-11-01 01:25:32,456 [pool-73-thread-9] INFO  rpc.RpcClient (RpcClient.java:createVolume(291)) - Creating Volume: vol-7-14156, with jenkins1000 as owner.
2019-11-01 01:25:32,455 [pool-73-thread-7] INFO  rpc.RpcClient (RpcClient.java:createVolume(291)) - Creating Volume: vol-6-33952, with jenkins1000 as owner.
2019-11-01 01:25:32,456 [pool-73-thread-3] INFO  rpc.RpcClient (RpcClient.java:createVolume(291)) - Creating Volume: vol-2-86438, with jenkins1000 as owner.
2019-11-01 01:25:32,456 [pool-73-thread-6] INFO  rpc.RpcClient (RpcClient.java:createVolume(291)) - Creating Volume: vol-5-32031, with jenkins1000 as owner.
2019-11-01 01:25:32,456 [pool-73-thread-5] INFO  rpc.RpcClient (RpcClient.java:createVolume(291)) - Creating Volume: vol-4-74982, with jenkins1000 as owner.
2019-11-01 01:25:32,577 [IPC Server handler 2 on 39783] INFO  volume.OMVolumeCreateRequest (OMVolumeCreateRequest.java:validateAndUpdateCache(193)) - created volume:vol-9-26910 for user:jenkins1000
2019-11-01 01:25:32,578 [IPC Server handler 4 on 39783] INFO  volume.OMVolumeCreateRequest (OMVolumeCreateRequest.java:validateAndUpdateCache(193)) - created volume:vol-8-86541 for user:jenkins1000
2019-11-01 01:25:32,577 [IPC Server handler 5 on 39783] INFO  volume.OMVolumeCreateRequest (OMVolumeCreateRequest.java:validateAndUpdateCache(193)) - created volume:vol-3-07109 for user:jenkins1000
2019-11-01 01:25:32,577 [IPC Server handler 9 on 39783] INFO  volume.OMVolumeCreateRequest (OMVolumeCreateRequest.java:validateAndUpdateCache(193)) - created volume:vol-5-32031 for user:jenkins1000
2019-11-01 01:25:32,577 [IPC Server handler 1 on 39783] INFO  volume.OMVolumeCreateRequest (OMVolumeCreateRequest.java:validateAndUpdateCache(193)) - created volume:vol-6-33952 for user:jenkins1000
2019-11-01 01:25:32,577 [IPC Server handler 10 on 39783] INFO  volume.OMVolumeCreateRequest (OMVolumeCreateRequest.java:validateAndUpdateCache(193)) - created volume:vol-0-42817 for user:jenkins1000
2019-11-01 01:25:32,577 [IPC Server handler 7 on 39783] INFO  volume.OMVolumeCreateRequest (OMVolumeCreateRequest.java:validateAndUpdateCache(193)) - created volume:vol-4-74982 for user:jenkins1000
2019-11-01 01:25:32,580 [IPC Server handler 3 on 39783] INFO  volume.OMVolumeCreateRequest (OMVolumeCreateRequest.java:validateAndUpdateCache(193)) - created volume:vol-1-82572 for user:jenkins1000
2019-11-01 01:25:32,579 [IPC Server handler 6 on 39783] INFO  volume.OMVolumeCreateRequest (OMVolumeCreateRequest.java:validateAndUpdateCache(193)) - created volume:vol-7-14156 for user:jenkins1000
2019-11-01 01:25:32,578 [IPC Server handler 8 on 39783] INFO  volume.OMVolumeCreateRequest (OMVolumeCreateRequest.java:validateAndUpdateCache(193)) - created volume:vol-2-86438 for user:jenkins1000
2019-11-01 01:25:32,892 [pool-27-thread-1] INFO  storage.RaftStorageDirectory (RaftStorageDirectory.java:tryLock(328)) - Lock on /workdir/hadoop-ozone/tools/target/test-dir/MiniOzoneClusterImpl-17d7739a-f662-4c88-9e51-3c637963011a/datanode-0/data/ratis/1b9add32-009b-4ec2-befc-ef57b072cc1c/in_use.lock acquired by nodename 4689@pr-hdds-2364-master-qchwk-3441104375
 0.00% |?                                                                                                    |  0/100 Time: 0:00:012019-11-01 01:25:33,632 [Thread-208] INFO  container.ReplicationManager (ReplicationManager.java:start(162)) - Starting Replication Monitor Thread.
2019-11-01 01:25:33,634 [ReplicationMonitor] INFO  container.ReplicationManager (ReplicationManager.java:run(225)) - Replication Monitor Thread took 1 milliseconds for processing 0 containers.
2019-11-01 01:25:33,821 [RATISCREATEPIPELINE1] ERROR pipeline.RatisPipelineProvider (RatisPipelineProvider.java:lambda$null$5(237)) - Failed invoke Ratis rpc org.apache.hadoop.hdds.scm.pipeline.RatisPipelineProvider$$Lambda$189/1108188651@3024b6a1 for 40b7f987-8e06-4ef9-abdc-8715eb833c11
org.apache.ratis.protocol.TimeoutIOException: deadline exceeded after 2963024039ns
	at org.apache.ratis.grpc.GrpcUtil.tryUnwrapException(GrpcUtil.java:82)
	at org.apache.ratis.grpc.GrpcUtil.unwrapException(GrpcUtil.java:75)
	at org.apache.ratis.grpc.client.GrpcClientProtocolClient.blockingCall(GrpcClientProtocolClient.java:184)
	at org.apache.ratis.grpc.client.GrpcClientProtocolClient.groupAdd(GrpcClientProtocolClient.java:153)
	at org.apache.ratis.grpc.client.GrpcClientRpc.sendRequest(GrpcClientRpc.java:94)
	at org.apache.ratis.client.impl.RaftClientImpl.sendRequest(RaftClientImpl.java:278)
	at org.apache.ratis.client.impl.RaftClientImpl.groupAdd(RaftClientImpl.java:205)
	at org.apache.hadoop.hdds.scm.pipeline.RatisPipelineProvider.lambda$initializePipeline$4(RatisPipelineProvider.java:198)
	at org.apache.hadoop.hdds.scm.pipeline.RatisPipelineProvider.lambda$null$5(RatisPipelineProvider.java:233)
	at java.util.stream.ForEachOps$ForEachOp$OfRef.accept(ForEachOps.java:183)
	at java.util.ArrayList$ArrayListSpliterator.forEachRemaining(ArrayList.java:1382)
	at java.util.stream.AbstractPipeline.copyInto(AbstractPipeline.java:482)
	at java.util.stream.ForEachOps$ForEachTask.compute(ForEachOps.java:290)
	at java.util.concurrent.CountedCompleter.exec(CountedCompleter.java:731)
	at java.util.concurrent.ForkJoinTask.doExec(ForkJoinTask.java:289)
	at java.util.concurrent.ForkJoinTask.doInvoke(ForkJoinTask.java:401)
	at java.util.concurrent.ForkJoinTask.invoke(ForkJoinTask.java:734)
	at java.util.stream.ForEachOps$ForEachOp.evaluateParallel(ForEachOps.java:159)
	at java.util.stream.ForEachOps$ForEachOp$OfRef.evaluateParallel(ForEachOps.java:173)
	at java.util.stream.AbstractPipeline.evaluate(AbstractPipeline.java:233)
	at java.util.stream.ReferencePipeline.forEach(ReferencePipeline.java:485)
	at java.util.stream.ReferencePipeline$Head.forEach(ReferencePipeline.java:650)
	at org.apache.hadoop.hdds.scm.pipeline.RatisPipelineProvider.lambda$callRatisRpc$6(RatisPipelineProvider.java:227)
	at java.util.concurrent.ForkJoinTask$AdaptedRunnableAction.exec(ForkJoinTask.java:1386)
	at java.util.concurrent.ForkJoinTask.doExec(ForkJoinTask.java:289)
	at java.util.concurrent.ForkJoinPool$WorkQueue.runTask(ForkJoinPool.java:1056)
	at java.util.concurrent.ForkJoinPool.runWorker(ForkJoinPool.java:1692)
	at java.util.concurrent.ForkJoinWorkerThread.run(ForkJoinWorkerThread.java:157)
Caused by: org.apache.ratis.thirdparty.io.grpc.StatusRuntimeException: DEADLINE_EXCEEDED: deadline exceeded after 2963024039ns
	at org.apache.ratis.thirdparty.io.grpc.stub.ClientCalls.toStatusRuntimeException(ClientCalls.java:233)
	at org.apache.ratis.thirdparty.io.grpc.stub.ClientCalls.getUnchecked(ClientCalls.java:214)
	at org.apache.ratis.thirdparty.io.grpc.stub.ClientCalls.blockingUnaryCall(ClientCalls.java:139)
	at org.apache.ratis.proto.grpc.AdminProtocolServiceGrpc$AdminProtocolServiceBlockingStub.groupManagement(AdminProtocolServiceGrpc.java:274)
	at org.apache.ratis.grpc.client.GrpcClientProtocolClient.lambda$groupAdd$3(GrpcClientProtocolClient.java:155)
	at org.apache.ratis.grpc.client.GrpcClientProtocolClient.blockingCall(GrpcClientProtocolClient.java:182)
	... 25 more
2019-11-01 01:25:33,831 [pool-27-thread-1] INFO  storage.RaftStorage (RaftStorage.java:format(84)) - Storage directory /workdir/hadoop-ozone/tools/target/test-dir/MiniOzoneClusterImpl-17d7739a-f662-4c88-9e51-3c637963011a/datanode-0/data/ratis/1b9add32-009b-4ec2-befc-ef57b072cc1c has been successfully formatted.
2019-11-01 01:25:33,842 [pool-27-thread-1] INFO  ratis.ContainerStateMachine (ContainerStateMachine.java:loadSnapshot(231)) - group-EF57B072CC1C: The snapshot info is null. Setting the last applied indexto:(t:0, i:~)
2019-11-01 01:25:33,844 [pool-27-thread-1] INFO  server.RaftServerConfigKeys (ConfUtils.java:logGet(43)) - raft.server.notification.no-leader.timeout = 120s (custom)
2019-11-01 01:25:33,862 [pool-27-thread-1] INFO  server.RaftServerConfigKeys (ConfUtils.java:logGet(43)) - raft.server.log.use.memory = false (default)
2019-11-01 01:25:33,879 [grpc-default-executor-1] INFO  impl.RaftServerProxy (RaftServerProxy.java:addNew(89)) - 40b7f987-8e06-4ef9-abdc-8715eb833c11: addNew group-F9329D95E7B3:[40b7f987-8e06-4ef9-abdc-8715eb833c11:192.168.69.91:34918, 32db78ba-36ff-4254-bf6e-67e7bcfc9e39:192.168.69.91:37505, cb510fb7-fc87-4880-9dcd-5d4a84db871b:192.168.69.91:33685] returns group-F9329D95E7B3:java.util.concurrent.CompletableFuture@2bd21b4d[Not completed]
2019-11-01 01:25:33,881 [grpc-default-executor-0] INFO  impl.RaftServerProxy (RaftServerProxy.java:addNew(89)) - cb510fb7-fc87-4880-9dcd-5d4a84db871b: addNew group-F9329D95E7B3:[40b7f987-8e06-4ef9-abdc-8715eb833c11:192.168.69.91:34918, 32db78ba-36ff-4254-bf6e-67e7bcfc9e39:192.168.69.91:37505, cb510fb7-fc87-4880-9dcd-5d4a84db871b:192.168.69.91:33685] returns group-F9329D95E7B3:java.util.concurrent.CompletableFuture@31d268f3[Not completed]
2019-11-01 01:25:33,882 [pool-27-thread-1] INFO  server.RaftServerConfigKeys (ConfUtils.java:logGet(43)) - raft.server.log.purge.gap = 1000000 (custom)
2019-11-01 01:25:33,882 [grpc-default-executor-2] INFO  impl.RaftServerProxy (RaftServerProxy.java:addNew(89)) - 32db78ba-36ff-4254-bf6e-67e7bcfc9e39: addNew group-F9329D95E7B3:[40b7f987-8e06-4ef9-abdc-8715eb833c11:192.168.69.91:34918, 32db78ba-36ff-4254-bf6e-67e7bcfc9e39:192.168.69.91:37505, cb510fb7-fc87-4880-9dcd-5d4a84db871b:192.168.69.91:33685] returns group-F9329D95E7B3:java.util.concurrent.CompletableFuture@58fefced[Not completed]
2019-11-01 01:25:33,882 [pool-27-thread-1] INFO  server.RaftServerConfigKeys (ConfUtils.java:logGet(43)) - raft.server.log.appender.buffer.byte-limit = 33554432 (custom)
2019-11-01 01:25:33,910 [pool-37-thread-1] INFO  impl.RaftServerImpl (RaftServerImpl.java:<init>(98)) - cb510fb7-fc87-4880-9dcd-5d4a84db871b: new RaftServerImpl for group-F9329D95E7B3:[40b7f987-8e06-4ef9-abdc-8715eb833c11:192.168.69.91:34918, 32db78ba-36ff-4254-bf6e-67e7bcfc9e39:192.168.69.91:37505, cb510fb7-fc87-4880-9dcd-5d4a84db871b:192.168.69.91:33685] with ContainerStateMachine:uninitialized
2019-11-01 01:25:33,915 [pool-37-thread-1] INFO  server.RaftServerConfigKeys (ConfUtils.java:logGet(43)) - raft.server.rpc.timeout.min = 5s (custom)
2019-11-01 01:25:33,925 [pool-27-thread-1] INFO  server.RaftServerConfigKeys (ConfUtils.java:logGet(43)) - raft.server.log.segment.size.max = 1048576 (custom)
2019-11-01 01:25:33,925 [pool-37-thread-1] INFO  server.RaftServerConfigKeys (ConfUtils.java:logGet(43)) - raft.server.rpc.timeout.max = 5200ms (custom)
2019-11-01 01:25:33,925 [pool-37-thread-1] INFO  server.RaftServerConfigKeys (ConfUtils.java:logGet(43)) - raft.server.rpcslowness.timeout = 120s (custom)
2019-11-01 01:25:33,926 [pool-37-thread-1] INFO  server.RaftServerConfigKeys (ConfUtils.java:logGet(43)) - raft.server.sleep.deviation.threshold = 300 (default)
2019-11-01 01:25:33,926 [pool-37-thread-1] INFO  server.RaftServerConfigKeys (ConfUtils.java:logGet(43)) - raft.server.log.appender.install.snapshot.enabled = false (custom)
2019-11-01 01:25:33,927 [pool-67-thread-1] INFO  impl.RaftServerImpl (RaftServerImpl.java:<init>(98)) - 32db78ba-36ff-4254-bf6e-67e7bcfc9e39: new RaftServerImpl for group-F9329D95E7B3:[40b7f987-8e06-4ef9-abdc-8715eb833c11:192.168.69.91:34918, 32db78ba-36ff-4254-bf6e-67e7bcfc9e39:192.168.69.91:37505, cb510fb7-fc87-4880-9dcd-5d4a84db871b:192.168.69.91:33685] with ContainerStateMachine:uninitialized
2019-11-01 01:25:33,927 [pool-37-thread-1] INFO  impl.RaftServerImpl (ServerState.java:<init>(103)) - cb510fb7-fc87-4880-9dcd-5d4a84db871b@group-F9329D95E7B3: ConfigurationManager, init=-1: [40b7f987-8e06-4ef9-abdc-8715eb833c11:192.168.69.91:34918, 32db78ba-36ff-4254-bf6e-67e7bcfc9e39:192.168.69.91:37505, cb510fb7-fc87-4880-9dcd-5d4a84db871b:192.168.69.91:33685], old=null, confs=<EMPTY_MAP>
2019-11-01 01:25:33,927 [pool-67-thread-1] INFO  server.RaftServerConfigKeys (ConfUtils.java:logGet(43)) - raft.server.rpc.timeout.min = 5s (custom)
2019-11-01 01:25:33,927 [pool-37-thread-1] INFO  server.RaftServerConfigKeys (ConfUtils.java:logGet(43)) - raft.server.storage.dir = [/workdir/hadoop-ozone/tools/target/test-dir/MiniOzoneClusterImpl-17d7739a-f662-4c88-9e51-3c637963011a/datanode-1/data/ratis] (custom)
2019-11-01 01:25:33,927 [pool-67-thread-1] INFO  server.RaftServerConfigKeys (ConfUtils.java:logGet(43)) - raft.server.rpc.timeout.max = 5200ms (custom)
2019-11-01 01:25:33,927 [pool-67-thread-1] INFO  server.RaftServerConfigKeys (ConfUtils.java:logGet(43)) - raft.server.rpcslowness.timeout = 120s (custom)
2019-11-01 01:25:33,927 [pool-37-thread-1] INFO  server.RaftServerConfigKeys (ConfUtils.java:logGet(43)) - raft.server.log.corruption.policy = EXCEPTION (default)
2019-11-01 01:25:33,927 [pool-67-thread-1] INFO  server.RaftServerConfigKeys (ConfUtils.java:logGet(43)) - raft.server.sleep.deviation.threshold = 300 (default)
2019-11-01 01:25:33,928 [pool-67-thread-1] INFO  server.RaftServerConfigKeys (ConfUtils.java:logGet(43)) - raft.server.log.appender.install.snapshot.enabled = false (custom)
2019-11-01 01:25:33,928 [pool-37-thread-1] INFO  storage.RaftStorageDirectory (RaftStorageDirectory.java:analyzeStorage(246)) - The storage directory /workdir/hadoop-ozone/tools/target/test-dir/MiniOzoneClusterImpl-17d7739a-f662-4c88-9e51-3c637963011a/datanode-1/data/ratis/e341a3e2-5a51-45cd-877f-f9329d95e7b3 does not exist. Creating ...
2019-11-01 01:25:33,930 [pool-67-thread-1] INFO  impl.RaftServerImpl (ServerState.java:<init>(103)) - 32db78ba-36ff-4254-bf6e-67e7bcfc9e39@group-F9329D95E7B3: ConfigurationManager, init=-1: [40b7f987-8e06-4ef9-abdc-8715eb833c11:192.168.69.91:34918, 32db78ba-36ff-4254-bf6e-67e7bcfc9e39:192.168.69.91:37505, cb510fb7-fc87-4880-9dcd-5d4a84db871b:192.168.69.91:33685], old=null, confs=<EMPTY_MAP>
2019-11-01 01:25:33,931 [pool-67-thread-1] INFO  server.RaftServerConfigKeys (ConfUtils.java:logGet(43)) - raft.server.storage.dir = [/workdir/hadoop-ozone/tools/target/test-dir/MiniOzoneClusterImpl-17d7739a-f662-4c88-9e51-3c637963011a/datanode-4/data/ratis] (custom)
2019-11-01 01:25:33,931 [pool-67-thread-1] INFO  server.RaftServerConfigKeys (ConfUtils.java:logGet(43)) - raft.server.log.corruption.policy = EXCEPTION (default)
2019-11-01 01:25:33,931 [pool-67-thread-1] INFO  storage.RaftStorageDirectory (RaftStorageDirectory.java:analyzeStorage(246)) - The storage directory /workdir/hadoop-ozone/tools/target/test-dir/MiniOzoneClusterImpl-17d7739a-f662-4c88-9e51-3c637963011a/datanode-4/data/ratis/e341a3e2-5a51-45cd-877f-f9329d95e7b3 does not exist. Creating ...
2019-11-01 01:25:33,936 [pool-27-thread-1] INFO  metrics.MetricRegistries (MetricRegistriesLoader.java:load(64)) - Loaded MetricRegistries class org.apache.ratis.metrics.impl.MetricRegistriesImpl
2019-11-01 01:25:33,941 [pool-27-thread-1] WARN  impl.MetricRegistriesImpl (MetricRegistriesImpl.java:lambda$create$1(61)) - First MetricRegistry has been created without registering reporters. You may need to call MetricRegistries.global().addReportRegistration(...) before.
2019-11-01 01:25:33,948 [pool-27-thread-1] INFO  server.RaftServerConfigKeys (ConfUtils.java:logGet(43)) - raft.server.log.segment.cache.num.max = 2 (custom)
2019-11-01 01:25:33,955 [pool-27-thread-1] INFO  segmented.SegmentedRaftLogWorker (SegmentedRaftLogWorker.java:<init>(173)) - new 40b7f987-8e06-4ef9-abdc-8715eb833c11@group-EF57B072CC1C-SegmentedRaftLogWorker for RaftStorage:Storage Directory /workdir/hadoop-ozone/tools/target/test-dir/MiniOzoneClusterImpl-17d7739a-f662-4c88-9e51-3c637963011a/datanode-0/data/ratis/1b9add32-009b-4ec2-befc-ef57b072cc1c
2019-11-01 01:25:33,955 [pool-27-thread-1] INFO  server.RaftServerConfigKeys (ConfUtils.java:logGet(43)) - raft.server.log.queue.byte-limit = 2147483647 (custom)
2019-11-01 01:25:33,956 [pool-27-thread-1] INFO  server.RaftServerConfigKeys (ConfUtils.java:logGet(43)) - raft.server.log.queue.element-limit = 1024 (custom)
2019-11-01 01:25:33,957 [pool-27-thread-1] INFO  server.RaftServerConfigKeys (ConfUtils.java:logGet(43)) - raft.server.log.segment.size.max = 1048576 (custom)
2019-11-01 01:25:33,958 [pool-27-thread-1] INFO  server.RaftServerConfigKeys (ConfUtils.java:logGet(43)) - raft.server.log.preallocated.size = 16384 (custom)
2019-11-01 01:25:33,958 [pool-27-thread-1] INFO  server.RaftServerConfigKeys (ConfUtils.java:logGet(43)) - raft.server.log.write.buffer.size = 33554432 (custom)
2019-11-01 01:25:33,959 [pool-27-thread-1] INFO  server.RaftServerConfigKeys (ConfUtils.java:logGet(43)) - raft.server.log.force.sync.num = 128 (default)
2019-11-01 01:25:33,960 [pool-27-thread-1] INFO  server.RaftServerConfigKeys (ConfUtils.java:logGet(43)) - raft.server.log.statemachine.data.sync = true (default)
2019-11-01 01:25:33,960 [pool-27-thread-1] INFO  server.RaftServerConfigKeys (ConfUtils.java:logGet(43)) - raft.server.log.statemachine.data.sync.timeout = 10s (default)
2019-11-01 01:25:33,961 [pool-27-thread-1] INFO  server.RaftServerConfigKeys (ConfUtils.java:logGet(43)) - raft.server.log.statemachine.data.sync.timeout.retry = -1 (default)
2019-11-01 01:25:33,972 [pool-27-thread-1] INFO  server.RaftServerConfigKeys (ConfUtils.java:logGet(43)) - raft.server.log.statemachine.data.caching.enabled = true (custom)
2019-11-01 01:25:33,978 [pool-27-thread-1] INFO  segmented.SegmentedRaftLogWorker (SegmentedRaftLogWorker.java:lambda$new$0(128)) - 40b7f987-8e06-4ef9-abdc-8715eb833c11@group-EF57B072CC1C-SegmentedRaftLogWorker: flushIndex: setUnconditionally 0 -> -1
2019-11-01 01:25:33,984 [pool-27-thread-1] INFO  server.RaftServerConfigKeys (ConfUtils.java:logGet(43)) - raft.server.snapshot.auto.trigger.enabled = true (custom)
2019-11-01 01:25:33,985 [pool-27-thread-1] INFO  server.RaftServerConfigKeys (ConfUtils.java:logGet(43)) - raft.server.snapshot.auto.trigger.threshold = 10000 (custom)
2019-11-01 01:25:33,986 [pool-27-thread-1] INFO  server.RaftServerConfigKeys (ConfUtils.java:logGet(43)) - raft.server.snapshot.retention.file.num = 5 (custom)
2019-11-01 01:25:33,986 [pool-27-thread-1] INFO  server.RaftServerConfigKeys (ConfUtils.java:logGet(43)) - raft.server.retrycache.expirytime = 600000ms (custom)
2019-11-01 01:25:34,310 [pool-27-thread-1] WARN  impl.MetricRegistriesImpl (MetricRegistriesImpl.java:lambda$create$1(61)) - First MetricRegistry has been created without registering reporters. You may need to call MetricRegistries.global().addReportRegistration(...) before.
2019-11-01 01:25:34,314 [pool-27-thread-1] WARN  impl.MetricRegistriesImpl (MetricRegistriesImpl.java:lambda$create$1(61)) - First MetricRegistry has been created without registering reporters. You may need to call MetricRegistries.global().addReportRegistration(...) before.
2019-11-01 01:25:34,319 [pool-27-thread-1] INFO  impl.RaftServerImpl (RaftServerImpl.java:<init>(98)) - 40b7f987-8e06-4ef9-abdc-8715eb833c11: new RaftServerImpl for group-F9329D95E7B3:[40b7f987-8e06-4ef9-abdc-8715eb833c11:192.168.69.91:34918, 32db78ba-36ff-4254-bf6e-67e7bcfc9e39:192.168.69.91:37505, cb510fb7-fc87-4880-9dcd-5d4a84db871b:192.168.69.91:33685] with ContainerStateMachine:uninitialized
2019-11-01 01:25:34,324 [pool-27-thread-1] INFO  server.RaftServerConfigKeys (ConfUtils.java:logGet(43)) - raft.server.rpc.timeout.min = 5s (custom)
2019-11-01 01:25:34,331 [pool-27-thread-1] INFO  server.RaftServerConfigKeys (ConfUtils.java:logGet(43)) - raft.server.rpc.timeout.max = 5200ms (custom)
2019-11-01 01:25:34,331 [pool-27-thread-1] INFO  server.RaftServerConfigKeys (ConfUtils.java:logGet(43)) - raft.server.rpcslowness.timeout = 120s (custom)
2019-11-01 01:25:34,331 [pool-27-thread-1] INFO  server.RaftServerConfigKeys (ConfUtils.java:logGet(43)) - raft.server.sleep.deviation.threshold = 300 (default)
2019-11-01 01:25:34,331 [pool-27-thread-1] INFO  server.RaftServerConfigKeys (ConfUtils.java:logGet(43)) - raft.server.log.appender.install.snapshot.enabled = false (custom)
2019-11-01 01:25:34,332 [pool-27-thread-1] INFO  impl.RaftServerImpl (ServerState.java:<init>(103)) - 40b7f987-8e06-4ef9-abdc-8715eb833c11@group-F9329D95E7B3: ConfigurationManager, init=-1: [40b7f987-8e06-4ef9-abdc-8715eb833c11:192.168.69.91:34918, 32db78ba-36ff-4254-bf6e-67e7bcfc9e39:192.168.69.91:37505, cb510fb7-fc87-4880-9dcd-5d4a84db871b:192.168.69.91:33685], old=null, confs=<EMPTY_MAP>
2019-11-01 01:25:34,332 [pool-27-thread-1] INFO  server.RaftServerConfigKeys (ConfUtils.java:logGet(43)) - raft.server.storage.dir = [/workdir/hadoop-ozone/tools/target/test-dir/MiniOzoneClusterImpl-17d7739a-f662-4c88-9e51-3c637963011a/datanode-0/data/ratis] (custom)
2019-11-01 01:25:34,332 [pool-27-thread-1] INFO  server.RaftServerConfigKeys (ConfUtils.java:logGet(43)) - raft.server.log.corruption.policy = EXCEPTION (default)
2019-11-01 01:25:34,333 [pool-27-thread-1] INFO  storage.RaftStorageDirectory (RaftStorageDirectory.java:analyzeStorage(246)) - The storage directory /workdir/hadoop-ozone/tools/target/test-dir/MiniOzoneClusterImpl-17d7739a-f662-4c88-9e51-3c637963011a/datanode-0/data/ratis/e341a3e2-5a51-45cd-877f-f9329d95e7b3 does not exist. Creating ...
2019-11-01 01:25:34,408 [pool-73-thread-7] INFO  rpc.RpcClient (RpcClient.java:createBucket(430)) - Creating Bucket: vol-4-74982/bucket-0-45465, with Versioning false and Storage Type set to DISK and Encryption set to false 
2019-11-01 01:25:34,408 [pool-73-thread-3] INFO  rpc.RpcClient (RpcClient.java:createBucket(430)) - Creating Bucket: vol-3-07109/bucket-0-58213, with Versioning false and Storage Type set to DISK and Encryption set to false 
2019-11-01 01:25:34,408 [pool-73-thread-2] INFO  rpc.RpcClient (RpcClient.java:createBucket(430)) - Creating Bucket: vol-1-82572/bucket-0-76548, with Versioning false and Storage Type set to DISK and Encryption set to false 
2019-11-01 01:25:34,408 [pool-73-thread-1] INFO  rpc.RpcClient (RpcClient.java:createBucket(430)) - Creating Bucket: vol-8-86541/bucket-0-04720, with Versioning false and Storage Type set to DISK and Encryption set to false 
2019-11-01 01:25:34,408 [pool-73-thread-10] INFO  rpc.RpcClient (RpcClient.java:createBucket(430)) - Creating Bucket: vol-7-14156/bucket-0-04987, with Versioning false and Storage Type set to DISK and Encryption set to false 
2019-11-01 01:25:34,408 [pool-73-thread-6] INFO  rpc.RpcClient (RpcClient.java:createBucket(430)) - Creating Bucket: vol-6-33952/bucket-0-25888, with Versioning false and Storage Type set to DISK and Encryption set to false 
2019-11-01 01:25:34,408 [pool-73-thread-8] INFO  rpc.RpcClient (RpcClient.java:createBucket(430)) - Creating Bucket: vol-9-26910/bucket-0-19264, with Versioning false and Storage Type set to DISK and Encryption set to false 
2019-11-01 01:25:34,410 [pool-73-thread-4] INFO  rpc.RpcClient (RpcClient.java:createBucket(430)) - Creating Bucket: vol-2-86438/bucket-0-14887, with Versioning false and Storage Type set to DISK and Encryption set to false 
2019-11-01 01:25:34,414 [pool-73-thread-5] INFO  rpc.RpcClient (RpcClient.java:createBucket(430)) - Creating Bucket: vol-0-42817/bucket-0-67731, with Versioning false and Storage Type set to DISK and Encryption set to false 
2019-11-01 01:25:34,414 [pool-73-thread-9] INFO  rpc.RpcClient (RpcClient.java:createBucket(430)) - Creating Bucket: vol-5-32031/bucket-0-69532, with Versioning false and Storage Type set to DISK and Encryption set to false 
 0.00% |?                                                                                                    |  0/100 Time: 0:00:02 0.00% |?                                                                                                    |  0/100 Time: 0:00:032019-11-01 01:25:35,493 [pool-27-thread-1] INFO  storage.RaftStorageDirectory (RaftStorageDirectory.java:tryLock(328)) - Lock on /workdir/hadoop-ozone/tools/target/test-dir/MiniOzoneClusterImpl-17d7739a-f662-4c88-9e51-3c637963011a/datanode-0/data/ratis/e341a3e2-5a51-45cd-877f-f9329d95e7b3/in_use.lock acquired by nodename 4689@pr-hdds-2364-master-qchwk-3441104375
2019-11-01 01:25:35,493 [pool-67-thread-1] INFO  storage.RaftStorageDirectory (RaftStorageDirectory.java:tryLock(328)) - Lock on /workdir/hadoop-ozone/tools/target/test-dir/MiniOzoneClusterImpl-17d7739a-f662-4c88-9e51-3c637963011a/datanode-4/data/ratis/e341a3e2-5a51-45cd-877f-f9329d95e7b3/in_use.lock acquired by nodename 4689@pr-hdds-2364-master-qchwk-3441104375
2019-11-01 01:25:35,493 [pool-37-thread-1] INFO  storage.RaftStorageDirectory (RaftStorageDirectory.java:tryLock(328)) - Lock on /workdir/hadoop-ozone/tools/target/test-dir/MiniOzoneClusterImpl-17d7739a-f662-4c88-9e51-3c637963011a/datanode-1/data/ratis/e341a3e2-5a51-45cd-877f-f9329d95e7b3/in_use.lock acquired by nodename 4689@pr-hdds-2364-master-qchwk-3441104375
 0.00% |?                                                                                                    |  0/100 Time: 0:00:042019-11-01 01:25:36,849 [RATISCREATEPIPELINE1] ERROR pipeline.RatisPipelineProvider (RatisPipelineProvider.java:lambda$null$5(237)) - Failed invoke Ratis rpc org.apache.hadoop.hdds.scm.pipeline.RatisPipelineProvider$$Lambda$189/1108188651@61463556 for cb510fb7-fc87-4880-9dcd-5d4a84db871b
org.apache.ratis.protocol.TimeoutIOException: deadline exceeded after 2999694844ns
	at org.apache.ratis.grpc.GrpcUtil.tryUnwrapException(GrpcUtil.java:82)
	at org.apache.ratis.grpc.GrpcUtil.unwrapException(GrpcUtil.java:75)
	at org.apache.ratis.grpc.client.GrpcClientProtocolClient.blockingCall(GrpcClientProtocolClient.java:184)
	at org.apache.ratis.grpc.client.GrpcClientProtocolClient.groupAdd(GrpcClientProtocolClient.java:153)
	at org.apache.ratis.grpc.client.GrpcClientRpc.sendRequest(GrpcClientRpc.java:94)
	at org.apache.ratis.client.impl.RaftClientImpl.sendRequest(RaftClientImpl.java:278)
	at org.apache.ratis.client.impl.RaftClientImpl.groupAdd(RaftClientImpl.java:205)
	at org.apache.hadoop.hdds.scm.pipeline.RatisPipelineProvider.lambda$initializePipeline$4(RatisPipelineProvider.java:198)
	at org.apache.hadoop.hdds.scm.pipeline.RatisPipelineProvider.lambda$null$5(RatisPipelineProvider.java:233)
	at java.util.stream.ForEachOps$ForEachOp$OfRef.accept(ForEachOps.java:183)
	at java.util.ArrayList$ArrayListSpliterator.forEachRemaining(ArrayList.java:1382)
	at java.util.stream.AbstractPipeline.copyInto(AbstractPipeline.java:482)
	at java.util.stream.ForEachOps$ForEachTask.compute(ForEachOps.java:290)
	at java.util.concurrent.CountedCompleter.exec(CountedCompleter.java:731)
	at java.util.concurrent.ForkJoinTask.doExec(ForkJoinTask.java:289)
	at java.util.concurrent.ForkJoinTask.doInvoke(ForkJoinTask.java:401)
	at java.util.concurrent.ForkJoinTask.invoke(ForkJoinTask.java:734)
	at java.util.stream.ForEachOps$ForEachOp.evaluateParallel(ForEachOps.java:159)
	at java.util.stream.ForEachOps$ForEachOp$OfRef.evaluateParallel(ForEachOps.java:173)
	at java.util.stream.AbstractPipeline.evaluate(AbstractPipeline.java:233)
	at java.util.stream.ReferencePipeline.forEach(ReferencePipeline.java:485)
	at java.util.stream.ReferencePipeline$Head.forEach(ReferencePipeline.java:650)
	at org.apache.hadoop.hdds.scm.pipeline.RatisPipelineProvider.lambda$callRatisRpc$6(RatisPipelineProvider.java:227)
	at java.util.concurrent.ForkJoinTask$AdaptedRunnableAction.exec(ForkJoinTask.java:1386)
	at java.util.concurrent.ForkJoinTask.doExec(ForkJoinTask.java:289)
	at java.util.concurrent.ForkJoinPool$WorkQueue.runTask(ForkJoinPool.java:1056)
	at java.util.concurrent.ForkJoinPool.runWorker(ForkJoinPool.java:1692)
	at java.util.concurrent.ForkJoinWorkerThread.run(ForkJoinWorkerThread.java:157)
Caused by: org.apache.ratis.thirdparty.io.grpc.StatusRuntimeException: DEADLINE_EXCEEDED: deadline exceeded after 2999694844ns
	at org.apache.ratis.thirdparty.io.grpc.stub.ClientCalls.toStatusRuntimeException(ClientCalls.java:233)
	at org.apache.ratis.thirdparty.io.grpc.stub.ClientCalls.getUnchecked(ClientCalls.java:214)
	at org.apache.ratis.thirdparty.io.grpc.stub.ClientCalls.blockingUnaryCall(ClientCalls.java:139)
	at org.apache.ratis.proto.grpc.AdminProtocolServiceGrpc$AdminProtocolServiceBlockingStub.groupManagement(AdminProtocolServiceGrpc.java:274)
	at org.apache.ratis.grpc.client.GrpcClientProtocolClient.lambda$groupAdd$3(GrpcClientProtocolClient.java:155)
	at org.apache.ratis.grpc.client.GrpcClientProtocolClient.blockingCall(GrpcClientProtocolClient.java:182)
	... 25 more
2019-11-01 01:25:36,849 [RATISCREATEPIPELINE2] ERROR pipeline.RatisPipelineProvider (RatisPipelineProvider.java:lambda$null$5(237)) - Failed invoke Ratis rpc org.apache.hadoop.hdds.scm.pipeline.RatisPipelineProvider$$Lambda$189/1108188651@61463556 for 40b7f987-8e06-4ef9-abdc-8715eb833c11
org.apache.ratis.protocol.TimeoutIOException: deadline exceeded after 2999700970ns
	at org.apache.ratis.grpc.GrpcUtil.tryUnwrapException(GrpcUtil.java:82)
	at org.apache.ratis.grpc.GrpcUtil.unwrapException(GrpcUtil.java:75)
	at org.apache.ratis.grpc.client.GrpcClientProtocolClient.blockingCall(GrpcClientProtocolClient.java:184)
	at org.apache.ratis.grpc.client.GrpcClientProtocolClient.groupAdd(GrpcClientProtocolClient.java:153)
	at org.apache.ratis.grpc.client.GrpcClientRpc.sendRequest(GrpcClientRpc.java:94)
	at org.apache.ratis.client.impl.RaftClientImpl.sendRequest(RaftClientImpl.java:278)
	at org.apache.ratis.client.impl.RaftClientImpl.groupAdd(RaftClientImpl.java:205)
	at org.apache.hadoop.hdds.scm.pipeline.RatisPipelineProvider.lambda$initializePipeline$4(RatisPipelineProvider.java:198)
	at org.apache.hadoop.hdds.scm.pipeline.RatisPipelineProvider.lambda$null$5(RatisPipelineProvider.java:233)
	at java.util.stream.ForEachOps$ForEachOp$OfRef.accept(ForEachOps.java:183)
	at java.util.ArrayList$ArrayListSpliterator.forEachRemaining(ArrayList.java:1382)
	at java.util.stream.AbstractPipeline.copyInto(AbstractPipeline.java:482)
	at java.util.stream.ForEachOps$ForEachTask.compute(ForEachOps.java:290)
	at java.util.concurrent.CountedCompleter.exec(CountedCompleter.java:731)
	at java.util.concurrent.ForkJoinTask.doExec(ForkJoinTask.java:289)
	at java.util.concurrent.ForkJoinPool$WorkQueue.runTask(ForkJoinPool.java:1056)
	at java.util.concurrent.ForkJoinPool.runWorker(ForkJoinPool.java:1692)
	at java.util.concurrent.ForkJoinWorkerThread.run(ForkJoinWorkerThread.java:157)
Caused by: org.apache.ratis.thirdparty.io.grpc.StatusRuntimeException: DEADLINE_EXCEEDED: deadline exceeded after 2999700970ns
	at org.apache.ratis.thirdparty.io.grpc.stub.ClientCalls.toStatusRuntimeException(ClientCalls.java:233)
	at org.apache.ratis.thirdparty.io.grpc.stub.ClientCalls.getUnchecked(ClientCalls.java:214)
	at org.apache.ratis.thirdparty.io.grpc.stub.ClientCalls.blockingUnaryCall(ClientCalls.java:139)
	at org.apache.ratis.proto.grpc.AdminProtocolServiceGrpc$AdminProtocolServiceBlockingStub.groupManagement(AdminProtocolServiceGrpc.java:274)
	at org.apache.ratis.grpc.client.GrpcClientProtocolClient.lambda$groupAdd$3(GrpcClientProtocolClient.java:155)
	at org.apache.ratis.grpc.client.GrpcClientProtocolClient.blockingCall(GrpcClientProtocolClient.java:182)
	... 15 more
2019-11-01 01:25:36,849 [RATISCREATEPIPELINE3] ERROR pipeline.RatisPipelineProvider (RatisPipelineProvider.java:lambda$null$5(237)) - Failed invoke Ratis rpc org.apache.hadoop.hdds.scm.pipeline.RatisPipelineProvider$$Lambda$189/1108188651@61463556 for 32db78ba-36ff-4254-bf6e-67e7bcfc9e39
org.apache.ratis.protocol.TimeoutIOException: deadline exceeded after 2996935692ns
	at org.apache.ratis.grpc.GrpcUtil.tryUnwrapException(GrpcUtil.java:82)
	at org.apache.ratis.grpc.GrpcUtil.unwrapException(GrpcUtil.java:75)
	at org.apache.ratis.grpc.client.GrpcClientProtocolClient.blockingCall(GrpcClientProtocolClient.java:184)
	at org.apache.ratis.grpc.client.GrpcClientProtocolClient.groupAdd(GrpcClientProtocolClient.java:153)
	at org.apache.ratis.grpc.client.GrpcClientRpc.sendRequest(GrpcClientRpc.java:94)
	at org.apache.ratis.client.impl.RaftClientImpl.sendRequest(RaftClientImpl.java:278)
	at org.apache.ratis.client.impl.RaftClientImpl.groupAdd(RaftClientImpl.java:205)
	at org.apache.hadoop.hdds.scm.pipeline.RatisPipelineProvider.lambda$initializePipeline$4(RatisPipelineProvider.java:198)
	at org.apache.hadoop.hdds.scm.pipeline.RatisPipelineProvider.lambda$null$5(RatisPipelineProvider.java:233)
	at java.util.stream.ForEachOps$ForEachOp$OfRef.accept(ForEachOps.java:183)
	at java.util.ArrayList$ArrayListSpliterator.forEachRemaining(ArrayList.java:1382)
	at java.util.stream.AbstractPipeline.copyInto(AbstractPipeline.java:482)
	at java.util.stream.ForEachOps$ForEachTask.compute(ForEachOps.java:290)
	at java.util.concurrent.CountedCompleter.exec(CountedCompleter.java:731)
	at java.util.concurrent.ForkJoinTask.doExec(ForkJoinTask.java:289)
	at java.util.concurrent.ForkJoinPool$WorkQueue.runTask(ForkJoinPool.java:1056)
	at java.util.concurrent.ForkJoinPool.runWorker(ForkJoinPool.java:1692)
	at java.util.concurrent.ForkJoinWorkerThread.run(ForkJoinWorkerThread.java:157)
Caused by: org.apache.ratis.thirdparty.io.grpc.StatusRuntimeException: DEADLINE_EXCEEDED: deadline exceeded after 2996935692ns
	at org.apache.ratis.thirdparty.io.grpc.stub.ClientCalls.toStatusRuntimeException(ClientCalls.java:233)
	at org.apache.ratis.thirdparty.io.grpc.stub.ClientCalls.getUnchecked(ClientCalls.java:214)
	at org.apache.ratis.thirdparty.io.grpc.stub.ClientCalls.blockingUnaryCall(ClientCalls.java:139)
	at org.apache.ratis.proto.grpc.AdminProtocolServiceGrpc$AdminProtocolServiceBlockingStub.groupManagement(AdminProtocolServiceGrpc.java:274)
	at org.apache.ratis.grpc.client.GrpcClientProtocolClient.lambda$groupAdd$3(GrpcClientProtocolClient.java:155)
	at org.apache.ratis.grpc.client.GrpcClientProtocolClient.blockingCall(GrpcClientProtocolClient.java:182)
	... 15 more
2019-11-01 01:25:36,887 [grpc-default-executor-2] INFO  impl.RaftServerProxy (RaftServerProxy.java:addNew(89)) - 40b7f987-8e06-4ef9-abdc-8715eb833c11: addNew group-B23C92307353:[40b7f987-8e06-4ef9-abdc-8715eb833c11:192.168.69.91:34918] returns group-B23C92307353:java.util.concurrent.CompletableFuture@696ca5ed[Not completed]
 0.00% |?                                                                                                    |  0/100 Time: 0:00:052019-11-01 01:25:37,862 [pool-37-thread-1] INFO  storage.RaftStorage (RaftStorage.java:format(84)) - Storage directory /workdir/hadoop-ozone/tools/target/test-dir/MiniOzoneClusterImpl-17d7739a-f662-4c88-9e51-3c637963011a/datanode-1/data/ratis/e341a3e2-5a51-45cd-877f-f9329d95e7b3 has been successfully formatted.
2019-11-01 01:25:37,862 [pool-67-thread-1] INFO  storage.RaftStorage (RaftStorage.java:format(84)) - Storage directory /workdir/hadoop-ozone/tools/target/test-dir/MiniOzoneClusterImpl-17d7739a-f662-4c88-9e51-3c637963011a/datanode-4/data/ratis/e341a3e2-5a51-45cd-877f-f9329d95e7b3 has been successfully formatted.
2019-11-01 01:25:37,862 [pool-27-thread-1] INFO  storage.RaftStorage (RaftStorage.java:format(84)) - Storage directory /workdir/hadoop-ozone/tools/target/test-dir/MiniOzoneClusterImpl-17d7739a-f662-4c88-9e51-3c637963011a/datanode-0/data/ratis/e341a3e2-5a51-45cd-877f-f9329d95e7b3 has been successfully formatted.
2019-11-01 01:25:37,864 [pool-37-thread-1] INFO  ratis.ContainerStateMachine (ContainerStateMachine.java:loadSnapshot(231)) - group-F9329D95E7B3: The snapshot info is null. Setting the last applied indexto:(t:0, i:~)
2019-11-01 01:25:37,864 [pool-67-thread-1] INFO  ratis.ContainerStateMachine (ContainerStateMachine.java:loadSnapshot(231)) - group-F9329D95E7B3: The snapshot info is null. Setting the last applied indexto:(t:0, i:~)
2019-11-01 01:25:37,866 [pool-37-thread-1] INFO  server.RaftServerConfigKeys (ConfUtils.java:logGet(43)) - raft.server.notification.no-leader.timeout = 120s (custom)
2019-11-01 01:25:37,866 [pool-27-thread-1] INFO  ratis.ContainerStateMachine (ContainerStateMachine.java:loadSnapshot(231)) - group-F9329D95E7B3: The snapshot info is null. Setting the last applied indexto:(t:0, i:~)
2019-11-01 01:25:37,866 [pool-37-thread-1] INFO  server.RaftServerConfigKeys (ConfUtils.java:logGet(43)) - raft.server.log.use.memory = false (default)
2019-11-01 01:25:37,866 [pool-67-thread-1] INFO  server.RaftServerConfigKeys (ConfUtils.java:logGet(43)) - raft.server.notification.no-leader.timeout = 120s (custom)
2019-11-01 01:25:37,867 [pool-37-thread-1] INFO  server.RaftServerConfigKeys (ConfUtils.java:logGet(43)) - raft.server.log.purge.gap = 1000000 (custom)
2019-11-01 01:25:37,866 [pool-27-thread-1] INFO  server.RaftServerConfigKeys (ConfUtils.java:logGet(43)) - raft.server.notification.no-leader.timeout = 120s (custom)
2019-11-01 01:25:37,867 [pool-37-thread-1] INFO  server.RaftServerConfigKeys (ConfUtils.java:logGet(43)) - raft.server.log.appender.buffer.byte-limit = 33554432 (custom)
2019-11-01 01:25:37,867 [pool-67-thread-1] INFO  server.RaftServerConfigKeys (ConfUtils.java:logGet(43)) - raft.server.log.use.memory = false (default)
2019-11-01 01:25:37,867 [pool-37-thread-1] INFO  server.RaftServerConfigKeys (ConfUtils.java:logGet(43)) - raft.server.log.segment.size.max = 1048576 (custom)
2019-11-01 01:25:37,867 [pool-27-thread-1] INFO  server.RaftServerConfigKeys (ConfUtils.java:logGet(43)) - raft.server.log.use.memory = false (default)
2019-11-01 01:25:37,868 [pool-37-thread-1] WARN  impl.MetricRegistriesImpl (MetricRegistriesImpl.java:lambda$create$1(61)) - First MetricRegistry has been created without registering reporters. You may need to call MetricRegistries.global().addReportRegistration(...) before.
2019-11-01 01:25:37,868 [pool-67-thread-1] INFO  server.RaftServerConfigKeys (ConfUtils.java:logGet(43)) - raft.server.log.purge.gap = 1000000 (custom)
2019-11-01 01:25:37,869 [pool-37-thread-1] INFO  server.RaftServerConfigKeys (ConfUtils.java:logGet(43)) - raft.server.log.segment.cache.num.max = 2 (custom)
2019-11-01 01:25:37,869 [pool-27-thread-1] INFO  server.RaftServerConfigKeys (ConfUtils.java:logGet(43)) - raft.server.log.purge.gap = 1000000 (custom)
2019-11-01 01:25:37,869 [pool-37-thread-1] INFO  segmented.SegmentedRaftLogWorker (SegmentedRaftLogWorker.java:<init>(173)) - new cb510fb7-fc87-4880-9dcd-5d4a84db871b@group-F9329D95E7B3-SegmentedRaftLogWorker for RaftStorage:Storage Directory /workdir/hadoop-ozone/tools/target/test-dir/MiniOzoneClusterImpl-17d7739a-f662-4c88-9e51-3c637963011a/datanode-1/data/ratis/e341a3e2-5a51-45cd-877f-f9329d95e7b3
2019-11-01 01:25:37,869 [pool-67-thread-1] INFO  server.RaftServerConfigKeys (ConfUtils.java:logGet(43)) - raft.server.log.appender.buffer.byte-limit = 33554432 (custom)
2019-11-01 01:25:37,871 [pool-37-thread-1] INFO  server.RaftServerConfigKeys (ConfUtils.java:logGet(43)) - raft.server.log.queue.byte-limit = 2147483647 (custom)
2019-11-01 01:25:37,871 [pool-27-thread-1] INFO  server.RaftServerConfigKeys (ConfUtils.java:logGet(43)) - raft.server.log.appender.buffer.byte-limit = 33554432 (custom)
2019-11-01 01:25:37,871 [pool-37-thread-1] INFO  server.RaftServerConfigKeys (ConfUtils.java:logGet(43)) - raft.server.log.queue.element-limit = 1024 (custom)
2019-11-01 01:25:37,871 [pool-67-thread-1] INFO  server.RaftServerConfigKeys (ConfUtils.java:logGet(43)) - raft.server.log.segment.size.max = 1048576 (custom)
2019-11-01 01:25:37,872 [pool-37-thread-1] INFO  server.RaftServerConfigKeys (ConfUtils.java:logGet(43)) - raft.server.log.segment.size.max = 1048576 (custom)
2019-11-01 01:25:37,871 [pool-27-thread-1] INFO  server.RaftServerConfigKeys (ConfUtils.java:logGet(43)) - raft.server.log.segment.size.max = 1048576 (custom)
2019-11-01 01:25:37,872 [pool-37-thread-1] INFO  server.RaftServerConfigKeys (ConfUtils.java:logGet(43)) - raft.server.log.preallocated.size = 16384 (custom)
2019-11-01 01:25:37,872 [pool-67-thread-1] WARN  impl.MetricRegistriesImpl (MetricRegistriesImpl.java:lambda$create$1(61)) - First MetricRegistry has been created without registering reporters. You may need to call MetricRegistries.global().addReportRegistration(...) before.
2019-11-01 01:25:37,872 [pool-37-thread-1] INFO  server.RaftServerConfigKeys (ConfUtils.java:logGet(43)) - raft.server.log.write.buffer.size = 33554432 (custom)
2019-11-01 01:25:37,872 [pool-27-thread-1] INFO  server.RaftServerConfigKeys (ConfUtils.java:logGet(43)) - raft.server.log.segment.cache.num.max = 2 (custom)
2019-11-01 01:25:37,873 [pool-37-thread-1] INFO  server.RaftServerConfigKeys (ConfUtils.java:logGet(43)) - raft.server.log.force.sync.num = 128 (default)
2019-11-01 01:25:37,873 [pool-67-thread-1] INFO  server.RaftServerConfigKeys (ConfUtils.java:logGet(43)) - raft.server.log.segment.cache.num.max = 2 (custom)
2019-11-01 01:25:37,873 [pool-37-thread-1] INFO  server.RaftServerConfigKeys (ConfUtils.java:logGet(43)) - raft.server.log.statemachine.data.sync = true (default)
2019-11-01 01:25:37,873 [pool-27-thread-1] INFO  segmented.SegmentedRaftLogWorker (SegmentedRaftLogWorker.java:<init>(173)) - new 40b7f987-8e06-4ef9-abdc-8715eb833c11@group-F9329D95E7B3-SegmentedRaftLogWorker for RaftStorage:Storage Directory /workdir/hadoop-ozone/tools/target/test-dir/MiniOzoneClusterImpl-17d7739a-f662-4c88-9e51-3c637963011a/datanode-0/data/ratis/e341a3e2-5a51-45cd-877f-f9329d95e7b3
2019-11-01 01:25:37,874 [pool-37-thread-1] INFO  server.RaftServerConfigKeys (ConfUtils.java:logGet(43)) - raft.server.log.statemachine.data.sync.timeout = 10s (default)
2019-11-01 01:25:37,873 [pool-67-thread-1] INFO  segmented.SegmentedRaftLogWorker (SegmentedRaftLogWorker.java:<init>(173)) - new 32db78ba-36ff-4254-bf6e-67e7bcfc9e39@group-F9329D95E7B3-SegmentedRaftLogWorker for RaftStorage:Storage Directory /workdir/hadoop-ozone/tools/target/test-dir/MiniOzoneClusterImpl-17d7739a-f662-4c88-9e51-3c637963011a/datanode-4/data/ratis/e341a3e2-5a51-45cd-877f-f9329d95e7b3
2019-11-01 01:25:37,874 [pool-37-thread-1] INFO  server.RaftServerConfigKeys (ConfUtils.java:logGet(43)) - raft.server.log.statemachine.data.sync.timeout.retry = -1 (default)
2019-11-01 01:25:37,874 [pool-27-thread-1] INFO  server.RaftServerConfigKeys (ConfUtils.java:logGet(43)) - raft.server.log.queue.byte-limit = 2147483647 (custom)
2019-11-01 01:25:37,874 [pool-67-thread-1] INFO  server.RaftServerConfigKeys (ConfUtils.java:logGet(43)) - raft.server.log.queue.byte-limit = 2147483647 (custom)
2019-11-01 01:25:37,875 [pool-37-thread-1] INFO  server.RaftServerConfigKeys (ConfUtils.java:logGet(43)) - raft.server.log.statemachine.data.caching.enabled = true (custom)
2019-11-01 01:25:37,875 [pool-27-thread-1] INFO  server.RaftServerConfigKeys (ConfUtils.java:logGet(43)) - raft.server.log.queue.element-limit = 1024 (custom)
2019-11-01 01:25:37,875 [pool-67-thread-1] INFO  server.RaftServerConfigKeys (ConfUtils.java:logGet(43)) - raft.server.log.queue.element-limit = 1024 (custom)
2019-11-01 01:25:37,875 [pool-27-thread-1] INFO  server.RaftServerConfigKeys (ConfUtils.java:logGet(43)) - raft.server.log.segment.size.max = 1048576 (custom)
2019-11-01 01:25:37,875 [pool-67-thread-1] INFO  server.RaftServerConfigKeys (ConfUtils.java:logGet(43)) - raft.server.log.segment.size.max = 1048576 (custom)
2019-11-01 01:25:37,875 [pool-37-thread-1] INFO  segmented.SegmentedRaftLogWorker (SegmentedRaftLogWorker.java:lambda$new$0(128)) - cb510fb7-fc87-4880-9dcd-5d4a84db871b@group-F9329D95E7B3-SegmentedRaftLogWorker: flushIndex: setUnconditionally 0 -> -1
2019-11-01 01:25:37,876 [pool-67-thread-1] INFO  server.RaftServerConfigKeys (ConfUtils.java:logGet(43)) - raft.server.log.preallocated.size = 16384 (custom)
2019-11-01 01:25:37,875 [pool-27-thread-1] INFO  server.RaftServerConfigKeys (ConfUtils.java:logGet(43)) - raft.server.log.preallocated.size = 16384 (custom)
2019-11-01 01:25:37,876 [pool-67-thread-1] INFO  server.RaftServerConfigKeys (ConfUtils.java:logGet(43)) - raft.server.log.write.buffer.size = 33554432 (custom)
2019-11-01 01:25:37,876 [pool-37-thread-1] INFO  server.RaftServerConfigKeys (ConfUtils.java:logGet(43)) - raft.server.snapshot.auto.trigger.enabled = true (custom)
2019-11-01 01:25:37,876 [pool-27-thread-1] INFO  server.RaftServerConfigKeys (ConfUtils.java:logGet(43)) - raft.server.log.write.buffer.size = 33554432 (custom)
2019-11-01 01:25:37,876 [pool-37-thread-1] INFO  server.RaftServerConfigKeys (ConfUtils.java:logGet(43)) - raft.server.snapshot.auto.trigger.threshold = 10000 (custom)
2019-11-01 01:25:37,876 [pool-67-thread-1] INFO  server.RaftServerConfigKeys (ConfUtils.java:logGet(43)) - raft.server.log.force.sync.num = 128 (default)
2019-11-01 01:25:37,877 [pool-37-thread-1] INFO  server.RaftServerConfigKeys (ConfUtils.java:logGet(43)) - raft.server.snapshot.retention.file.num = 5 (custom)
2019-11-01 01:25:37,877 [pool-27-thread-1] INFO  server.RaftServerConfigKeys (ConfUtils.java:logGet(43)) - raft.server.log.force.sync.num = 128 (default)
2019-11-01 01:25:37,877 [pool-67-thread-1] INFO  server.RaftServerConfigKeys (ConfUtils.java:logGet(43)) - raft.server.log.statemachine.data.sync = true (default)
2019-11-01 01:25:37,877 [pool-27-thread-1] INFO  server.RaftServerConfigKeys (ConfUtils.java:logGet(43)) - raft.server.log.statemachine.data.sync = true (default)
2019-11-01 01:25:37,877 [pool-37-thread-1] INFO  server.RaftServerConfigKeys (ConfUtils.java:logGet(43)) - raft.server.retrycache.expirytime = 600000ms (custom)
2019-11-01 01:25:37,878 [pool-27-thread-1] INFO  server.RaftServerConfigKeys (ConfUtils.java:logGet(43)) - raft.server.log.statemachine.data.sync.timeout = 10s (default)
2019-11-01 01:25:37,877 [pool-67-thread-1] INFO  server.RaftServerConfigKeys (ConfUtils.java:logGet(43)) - raft.server.log.statemachine.data.sync.timeout = 10s (default)
2019-11-01 01:25:37,878 [pool-27-thread-1] INFO  server.RaftServerConfigKeys (ConfUtils.java:logGet(43)) - raft.server.log.statemachine.data.sync.timeout.retry = -1 (default)
2019-11-01 01:25:37,878 [pool-37-thread-1] WARN  impl.MetricRegistriesImpl (MetricRegistriesImpl.java:lambda$create$1(61)) - First MetricRegistry has been created without registering reporters. You may need to call MetricRegistries.global().addReportRegistration(...) before.
2019-11-01 01:25:37,878 [pool-27-thread-1] INFO  server.RaftServerConfigKeys (ConfUtils.java:logGet(43)) - raft.server.log.statemachine.data.caching.enabled = true (custom)
2019-11-01 01:25:37,878 [pool-67-thread-1] INFO  server.RaftServerConfigKeys (ConfUtils.java:logGet(43)) - raft.server.log.statemachine.data.sync.timeout.retry = -1 (default)
2019-11-01 01:25:37,878 [pool-37-thread-1] WARN  impl.MetricRegistriesImpl (MetricRegistriesImpl.java:lambda$create$1(61)) - First MetricRegistry has been created without registering reporters. You may need to call MetricRegistries.global().addReportRegistration(...) before.
2019-11-01 01:25:37,879 [pool-27-thread-1] INFO  segmented.SegmentedRaftLogWorker (SegmentedRaftLogWorker.java:lambda$new$0(128)) - 40b7f987-8e06-4ef9-abdc-8715eb833c11@group-F9329D95E7B3-SegmentedRaftLogWorker: flushIndex: setUnconditionally 0 -> -1
2019-11-01 01:25:37,879 [pool-67-thread-1] INFO  server.RaftServerConfigKeys (ConfUtils.java:logGet(43)) - raft.server.log.statemachine.data.caching.enabled = true (custom)
2019-11-01 01:25:37,879 [pool-37-thread-1] INFO  impl.RaftServerImpl (RaftServerImpl.java:start(184)) - cb510fb7-fc87-4880-9dcd-5d4a84db871b@group-F9329D95E7B3: start as a follower, conf=-1: [40b7f987-8e06-4ef9-abdc-8715eb833c11:192.168.69.91:34918, 32db78ba-36ff-4254-bf6e-67e7bcfc9e39:192.168.69.91:37505, cb510fb7-fc87-4880-9dcd-5d4a84db871b:192.168.69.91:33685], old=null
2019-11-01 01:25:37,879 [pool-27-thread-1] INFO  server.RaftServerConfigKeys (ConfUtils.java:logGet(43)) - raft.server.snapshot.auto.trigger.enabled = true (custom)
2019-11-01 01:25:37,880 [pool-37-thread-1] INFO  impl.RaftServerImpl (RaftServerImpl.java:setRole(173)) - cb510fb7-fc87-4880-9dcd-5d4a84db871b@group-F9329D95E7B3: changes role from      null to FOLLOWER at term 0 for startAsFollower
2019-11-01 01:25:37,880 [pool-67-thread-1] INFO  segmented.SegmentedRaftLogWorker (SegmentedRaftLogWorker.java:lambda$new$0(128)) - 32db78ba-36ff-4254-bf6e-67e7bcfc9e39@group-F9329D95E7B3-SegmentedRaftLogWorker: flushIndex: setUnconditionally 0 -> -1
2019-11-01 01:25:37,880 [pool-27-thread-1] INFO  server.RaftServerConfigKeys (ConfUtils.java:logGet(43)) - raft.server.snapshot.auto.trigger.threshold = 10000 (custom)
2019-11-01 01:25:37,880 [pool-27-thread-1] INFO  server.RaftServerConfigKeys (ConfUtils.java:logGet(43)) - raft.server.snapshot.retention.file.num = 5 (custom)
2019-11-01 01:25:37,880 [pool-67-thread-1] INFO  server.RaftServerConfigKeys (ConfUtils.java:logGet(43)) - raft.server.snapshot.auto.trigger.enabled = true (custom)
2019-11-01 01:25:37,880 [pool-27-thread-1] INFO  server.RaftServerConfigKeys (ConfUtils.java:logGet(43)) - raft.server.retrycache.expirytime = 600000ms (custom)
2019-11-01 01:25:37,881 [pool-67-thread-1] INFO  server.RaftServerConfigKeys (ConfUtils.java:logGet(43)) - raft.server.snapshot.auto.trigger.threshold = 10000 (custom)
2019-11-01 01:25:37,881 [pool-27-thread-1] WARN  impl.MetricRegistriesImpl (MetricRegistriesImpl.java:lambda$create$1(61)) - First MetricRegistry has been created without registering reporters. You may need to call MetricRegistries.global().addReportRegistration(...) before.
2019-11-01 01:25:37,881 [pool-67-thread-1] INFO  server.RaftServerConfigKeys (ConfUtils.java:logGet(43)) - raft.server.snapshot.retention.file.num = 5 (custom)
2019-11-01 01:25:37,881 [pool-27-thread-1] WARN  impl.MetricRegistriesImpl (MetricRegistriesImpl.java:lambda$create$1(61)) - First MetricRegistry has been created without registering reporters. You may need to call MetricRegistries.global().addReportRegistration(...) before.
2019-11-01 01:25:37,883 [pool-67-thread-1] INFO  server.RaftServerConfigKeys (ConfUtils.java:logGet(43)) - raft.server.retrycache.expirytime = 600000ms (custom)
2019-11-01 01:25:37,883 [pool-27-thread-1] INFO  impl.RaftServerImpl (RaftServerImpl.java:start(184)) - 40b7f987-8e06-4ef9-abdc-8715eb833c11@group-EF57B072CC1C: start as a follower, conf=-1: [40b7f987-8e06-4ef9-abdc-8715eb833c11:192.168.69.91:34918], old=null
2019-11-01 01:25:37,883 [pool-67-thread-1] WARN  impl.MetricRegistriesImpl (MetricRegistriesImpl.java:lambda$create$1(61)) - First MetricRegistry has been created without registering reporters. You may need to call MetricRegistries.global().addReportRegistration(...) before.
2019-11-01 01:25:37,883 [pool-27-thread-1] INFO  impl.RaftServerImpl (RaftServerImpl.java:setRole(173)) - 40b7f987-8e06-4ef9-abdc-8715eb833c11@group-EF57B072CC1C: changes role from      null to FOLLOWER at term 0 for startAsFollower
2019-11-01 01:25:37,884 [pool-67-thread-1] WARN  impl.MetricRegistriesImpl (MetricRegistriesImpl.java:lambda$create$1(61)) - First MetricRegistry has been created without registering reporters. You may need to call MetricRegistries.global().addReportRegistration(...) before.
2019-11-01 01:25:37,884 [pool-37-thread-1] INFO  impl.RoleInfo (RoleInfo.java:updateAndGet(143)) - cb510fb7-fc87-4880-9dcd-5d4a84db871b: start FollowerState
2019-11-01 01:25:37,884 [pool-27-thread-1] INFO  impl.RoleInfo (RoleInfo.java:updateAndGet(143)) - 40b7f987-8e06-4ef9-abdc-8715eb833c11: start FollowerState
2019-11-01 01:25:37,885 [pool-67-thread-1] INFO  impl.RaftServerImpl (RaftServerImpl.java:start(184)) - 32db78ba-36ff-4254-bf6e-67e7bcfc9e39@group-F9329D95E7B3: start as a follower, conf=-1: [40b7f987-8e06-4ef9-abdc-8715eb833c11:192.168.69.91:34918, 32db78ba-36ff-4254-bf6e-67e7bcfc9e39:192.168.69.91:37505, cb510fb7-fc87-4880-9dcd-5d4a84db871b:192.168.69.91:33685], old=null
2019-11-01 01:25:37,885 [pool-67-thread-1] INFO  impl.RaftServerImpl (RaftServerImpl.java:setRole(173)) - 32db78ba-36ff-4254-bf6e-67e7bcfc9e39@group-F9329D95E7B3: changes role from      null to FOLLOWER at term 0 for startAsFollower
2019-11-01 01:25:37,885 [pool-67-thread-1] INFO  impl.RoleInfo (RoleInfo.java:updateAndGet(143)) - 32db78ba-36ff-4254-bf6e-67e7bcfc9e39: start FollowerState
2019-11-01 01:25:37,887 [pool-37-thread-1] INFO  util.JmxRegister (JmxRegister.java:tryRegister(44)) - Successfully registered JMX Bean with object name Ratis:service=RaftServer,group=group-F9329D95E7B3,id=cb510fb7-fc87-4880-9dcd-5d4a84db871b
2019-11-01 01:25:37,887 [pool-67-thread-1] INFO  util.JmxRegister (JmxRegister.java:tryRegister(44)) - Successfully registered JMX Bean with object name Ratis:service=RaftServer,group=group-F9329D95E7B3,id=32db78ba-36ff-4254-bf6e-67e7bcfc9e39
2019-11-01 01:25:37,887 [pool-27-thread-1] INFO  util.JmxRegister (JmxRegister.java:tryRegister(44)) - Successfully registered JMX Bean with object name Ratis:service=RaftServer,group=group-EF57B072CC1C,id=40b7f987-8e06-4ef9-abdc-8715eb833c11
2019-11-01 01:25:37,890 [pool-37-thread-1] WARN  impl.MetricRegistriesImpl (MetricRegistriesImpl.java:lambda$create$1(61)) - First MetricRegistry has been created without registering reporters. You may need to call MetricRegistries.global().addReportRegistration(...) before.
2019-11-01 01:25:37,890 [pool-67-thread-1] WARN  impl.MetricRegistriesImpl (MetricRegistriesImpl.java:lambda$create$1(61)) - First MetricRegistry has been created without registering reporters. You may need to call MetricRegistries.global().addReportRegistration(...) before.
2019-11-01 01:25:37,890 [pool-27-thread-1] WARN  impl.MetricRegistriesImpl (MetricRegistriesImpl.java:lambda$create$1(61)) - First MetricRegistry has been created without registering reporters. You may need to call MetricRegistries.global().addReportRegistration(...) before.
2019-11-01 01:25:37,909 [pool-27-thread-1] INFO  impl.RaftServerImpl (RaftServerImpl.java:<init>(98)) - 40b7f987-8e06-4ef9-abdc-8715eb833c11: new RaftServerImpl for group-B23C92307353:[40b7f987-8e06-4ef9-abdc-8715eb833c11:192.168.69.91:34918] with ContainerStateMachine:uninitialized
2019-11-01 01:25:37,910 [pool-27-thread-1] INFO  server.RaftServerConfigKeys (ConfUtils.java:logGet(43)) - raft.server.rpc.timeout.min = 5s (custom)
2019-11-01 01:25:37,910 [pool-27-thread-1] INFO  server.RaftServerConfigKeys (ConfUtils.java:logGet(43)) - raft.server.rpc.timeout.max = 5200ms (custom)
2019-11-01 01:25:37,910 [pool-27-thread-1] INFO  server.RaftServerConfigKeys (ConfUtils.java:logGet(43)) - raft.server.rpcslowness.timeout = 120s (custom)
2019-11-01 01:25:37,910 [pool-27-thread-1] INFO  server.RaftServerConfigKeys (ConfUtils.java:logGet(43)) - raft.server.sleep.deviation.threshold = 300 (default)
2019-11-01 01:25:37,910 [pool-27-thread-1] INFO  server.RaftServerConfigKeys (ConfUtils.java:logGet(43)) - raft.server.log.appender.install.snapshot.enabled = false (custom)
2019-11-01 01:25:37,910 [pool-27-thread-1] INFO  impl.RaftServerImpl (ServerState.java:<init>(103)) - 40b7f987-8e06-4ef9-abdc-8715eb833c11@group-B23C92307353: ConfigurationManager, init=-1: [40b7f987-8e06-4ef9-abdc-8715eb833c11:192.168.69.91:34918], old=null, confs=<EMPTY_MAP>
2019-11-01 01:25:37,911 [pool-27-thread-1] INFO  server.RaftServerConfigKeys (ConfUtils.java:logGet(43)) - raft.server.storage.dir = [/workdir/hadoop-ozone/tools/target/test-dir/MiniOzoneClusterImpl-17d7739a-f662-4c88-9e51-3c637963011a/datanode-0/data/ratis] (custom)
2019-11-01 01:25:37,911 [pool-27-thread-1] INFO  server.RaftServerConfigKeys (ConfUtils.java:logGet(43)) - raft.server.log.corruption.policy = EXCEPTION (default)
2019-11-01 01:25:37,911 [pool-27-thread-1] INFO  storage.RaftStorageDirectory (RaftStorageDirectory.java:analyzeStorage(246)) - The storage directory /workdir/hadoop-ozone/tools/target/test-dir/MiniOzoneClusterImpl-17d7739a-f662-4c88-9e51-3c637963011a/datanode-0/data/ratis/99109d84-2617-4668-a048-b23c92307353 does not exist. Creating ...
 0.00% |?                                                                                                    |  0/100 Time: 0:00:06 0.00% |?                                                                                                    |  0/100 Time: 0:00:072019-11-01 01:25:39,871 [RATISCREATEPIPELINE1] ERROR pipeline.RatisPipelineProvider (RatisPipelineProvider.java:lambda$null$5(237)) - Failed invoke Ratis rpc org.apache.hadoop.hdds.scm.pipeline.RatisPipelineProvider$$Lambda$189/1108188651@769a5204 for 40b7f987-8e06-4ef9-abdc-8715eb833c11
org.apache.ratis.protocol.TimeoutIOException: deadline exceeded after 2998678988ns
	at org.apache.ratis.grpc.GrpcUtil.tryUnwrapException(GrpcUtil.java:82)
	at org.apache.ratis.grpc.GrpcUtil.unwrapException(GrpcUtil.java:75)
	at org.apache.ratis.grpc.client.GrpcClientProtocolClient.blockingCall(GrpcClientProtocolClient.java:184)
	at org.apache.ratis.grpc.client.GrpcClientProtocolClient.groupAdd(GrpcClientProtocolClient.java:153)
	at org.apache.ratis.grpc.client.GrpcClientRpc.sendRequest(GrpcClientRpc.java:94)
	at org.apache.ratis.client.impl.RaftClientImpl.sendRequest(RaftClientImpl.java:278)
	at org.apache.ratis.client.impl.RaftClientImpl.groupAdd(RaftClientImpl.java:205)
	at org.apache.hadoop.hdds.scm.pipeline.RatisPipelineProvider.lambda$initializePipeline$4(RatisPipelineProvider.java:198)
	at org.apache.hadoop.hdds.scm.pipeline.RatisPipelineProvider.lambda$null$5(RatisPipelineProvider.java:233)
	at java.util.stream.ForEachOps$ForEachOp$OfRef.accept(ForEachOps.java:183)
	at java.util.ArrayList$ArrayListSpliterator.forEachRemaining(ArrayList.java:1382)
	at java.util.stream.AbstractPipeline.copyInto(AbstractPipeline.java:482)
	at java.util.stream.ForEachOps$ForEachTask.compute(ForEachOps.java:290)
	at java.util.concurrent.CountedCompleter.exec(CountedCompleter.java:731)
	at java.util.concurrent.ForkJoinTask.doExec(ForkJoinTask.java:289)
	at java.util.concurrent.ForkJoinTask.doInvoke(ForkJoinTask.java:401)
	at java.util.concurrent.ForkJoinTask.invoke(ForkJoinTask.java:734)
	at java.util.stream.ForEachOps$ForEachOp.evaluateParallel(ForEachOps.java:159)
	at java.util.stream.ForEachOps$ForEachOp$OfRef.evaluateParallel(ForEachOps.java:173)
	at java.util.stream.AbstractPipeline.evaluate(AbstractPipeline.java:233)
	at java.util.stream.ReferencePipeline.forEach(ReferencePipeline.java:485)
	at java.util.stream.ReferencePipeline$Head.forEach(ReferencePipeline.java:650)
	at org.apache.hadoop.hdds.scm.pipeline.RatisPipelineProvider.lambda$callRatisRpc$6(RatisPipelineProvider.java:227)
	at java.util.concurrent.ForkJoinTask$AdaptedRunnableAction.exec(ForkJoinTask.java:1386)
	at java.util.concurrent.ForkJoinTask.doExec(ForkJoinTask.java:289)
	at java.util.concurrent.ForkJoinPool$WorkQueue.runTask(ForkJoinPool.java:1056)
	at java.util.concurrent.ForkJoinPool.runWorker(ForkJoinPool.java:1692)
	at java.util.concurrent.ForkJoinWorkerThread.run(ForkJoinWorkerThread.java:157)
Caused by: org.apache.ratis.thirdparty.io.grpc.StatusRuntimeException: DEADLINE_EXCEEDED: deadline exceeded after 2998678988ns
	at org.apache.ratis.thirdparty.io.grpc.stub.ClientCalls.toStatusRuntimeException(ClientCalls.java:233)
	at org.apache.ratis.thirdparty.io.grpc.stub.ClientCalls.getUnchecked(ClientCalls.java:214)
	at org.apache.ratis.thirdparty.io.grpc.stub.ClientCalls.blockingUnaryCall(ClientCalls.java:139)
	at org.apache.ratis.proto.grpc.AdminProtocolServiceGrpc$AdminProtocolServiceBlockingStub.groupManagement(AdminProtocolServiceGrpc.java:274)
	at org.apache.ratis.grpc.client.GrpcClientProtocolClient.lambda$groupAdd$3(GrpcClientProtocolClient.java:155)
	at org.apache.ratis.grpc.client.GrpcClientProtocolClient.blockingCall(GrpcClientProtocolClient.java:182)
	... 25 more
2019-11-01 01:25:39,906 [grpc-default-executor-2] INFO  impl.RaftServerProxy (RaftServerProxy.java:addNew(89)) - 32db78ba-36ff-4254-bf6e-67e7bcfc9e39: addNew group-2D790F9948C3:[40b7f987-8e06-4ef9-abdc-8715eb833c11:192.168.69.91:34918, 32db78ba-36ff-4254-bf6e-67e7bcfc9e39:192.168.69.91:37505, cb510fb7-fc87-4880-9dcd-5d4a84db871b:192.168.69.91:33685] returns group-2D790F9948C3:java.util.concurrent.CompletableFuture@38d103a2[Not completed]
2019-11-01 01:25:39,907 [grpc-default-executor-1] INFO  impl.RaftServerProxy (RaftServerProxy.java:addNew(89)) - 40b7f987-8e06-4ef9-abdc-8715eb833c11: addNew group-2D790F9948C3:[40b7f987-8e06-4ef9-abdc-8715eb833c11:192.168.69.91:34918, 32db78ba-36ff-4254-bf6e-67e7bcfc9e39:192.168.69.91:37505, cb510fb7-fc87-4880-9dcd-5d4a84db871b:192.168.69.91:33685] returns group-2D790F9948C3:java.util.concurrent.CompletableFuture@1c09ae2c[Not completed]
2019-11-01 01:25:39,908 [grpc-default-executor-2] INFO  impl.RaftServerProxy (RaftServerProxy.java:addNew(89)) - cb510fb7-fc87-4880-9dcd-5d4a84db871b: addNew group-2D790F9948C3:[40b7f987-8e06-4ef9-abdc-8715eb833c11:192.168.69.91:34918, 32db78ba-36ff-4254-bf6e-67e7bcfc9e39:192.168.69.91:37505, cb510fb7-fc87-4880-9dcd-5d4a84db871b:192.168.69.91:33685] returns group-2D790F9948C3:java.util.concurrent.CompletableFuture@2b013ccd[Not completed]
2019-11-01 01:25:39,908 [pool-67-thread-1] INFO  impl.RaftServerImpl (RaftServerImpl.java:<init>(98)) - 32db78ba-36ff-4254-bf6e-67e7bcfc9e39: new RaftServerImpl for group-2D790F9948C3:[40b7f987-8e06-4ef9-abdc-8715eb833c11:192.168.69.91:34918, 32db78ba-36ff-4254-bf6e-67e7bcfc9e39:192.168.69.91:37505, cb510fb7-fc87-4880-9dcd-5d4a84db871b:192.168.69.91:33685] with ContainerStateMachine:uninitialized
2019-11-01 01:25:39,909 [pool-67-thread-1] INFO  server.RaftServerConfigKeys (ConfUtils.java:logGet(43)) - raft.server.rpc.timeout.min = 5s (custom)
2019-11-01 01:25:39,909 [pool-67-thread-1] INFO  server.RaftServerConfigKeys (ConfUtils.java:logGet(43)) - raft.server.rpc.timeout.max = 5200ms (custom)
2019-11-01 01:25:39,909 [pool-67-thread-1] INFO  server.RaftServerConfigKeys (ConfUtils.java:logGet(43)) - raft.server.rpcslowness.timeout = 120s (custom)
2019-11-01 01:25:39,909 [pool-67-thread-1] INFO  server.RaftServerConfigKeys (ConfUtils.java:logGet(43)) - raft.server.sleep.deviation.threshold = 300 (default)
2019-11-01 01:25:39,909 [pool-67-thread-1] INFO  server.RaftServerConfigKeys (ConfUtils.java:logGet(43)) - raft.server.log.appender.install.snapshot.enabled = false (custom)
2019-11-01 01:25:39,909 [pool-37-thread-1] INFO  impl.RaftServerImpl (RaftServerImpl.java:<init>(98)) - cb510fb7-fc87-4880-9dcd-5d4a84db871b: new RaftServerImpl for group-2D790F9948C3:[40b7f987-8e06-4ef9-abdc-8715eb833c11:192.168.69.91:34918, 32db78ba-36ff-4254-bf6e-67e7bcfc9e39:192.168.69.91:37505, cb510fb7-fc87-4880-9dcd-5d4a84db871b:192.168.69.91:33685] with ContainerStateMachine:uninitialized
2019-11-01 01:25:39,909 [pool-67-thread-1] INFO  impl.RaftServerImpl (ServerState.java:<init>(103)) - 32db78ba-36ff-4254-bf6e-67e7bcfc9e39@group-2D790F9948C3: ConfigurationManager, init=-1: [40b7f987-8e06-4ef9-abdc-8715eb833c11:192.168.69.91:34918, 32db78ba-36ff-4254-bf6e-67e7bcfc9e39:192.168.69.91:37505, cb510fb7-fc87-4880-9dcd-5d4a84db871b:192.168.69.91:33685], old=null, confs=<EMPTY_MAP>
2019-11-01 01:25:39,910 [pool-37-thread-1] INFO  server.RaftServerConfigKeys (ConfUtils.java:logGet(43)) - raft.server.rpc.timeout.min = 5s (custom)
2019-11-01 01:25:39,910 [pool-37-thread-1] INFO  server.RaftServerConfigKeys (ConfUtils.java:logGet(43)) - raft.server.rpc.timeout.max = 5200ms (custom)
2019-11-01 01:25:39,910 [pool-67-thread-1] INFO  server.RaftServerConfigKeys (ConfUtils.java:logGet(43)) - raft.server.storage.dir = [/workdir/hadoop-ozone/tools/target/test-dir/MiniOzoneClusterImpl-17d7739a-f662-4c88-9e51-3c637963011a/datanode-4/data/ratis] (custom)
2019-11-01 01:25:39,910 [pool-37-thread-1] INFO  server.RaftServerConfigKeys (ConfUtils.java:logGet(43)) - raft.server.rpcslowness.timeout = 120s (custom)
2019-11-01 01:25:39,910 [pool-37-thread-1] INFO  server.RaftServerConfigKeys (ConfUtils.java:logGet(43)) - raft.server.sleep.deviation.threshold = 300 (default)
2019-11-01 01:25:39,910 [pool-67-thread-1] INFO  server.RaftServerConfigKeys (ConfUtils.java:logGet(43)) - raft.server.log.corruption.policy = EXCEPTION (default)
2019-11-01 01:25:39,910 [pool-37-thread-1] INFO  server.RaftServerConfigKeys (ConfUtils.java:logGet(43)) - raft.server.log.appender.install.snapshot.enabled = false (custom)
2019-11-01 01:25:39,911 [pool-67-thread-1] INFO  storage.RaftStorageDirectory (RaftStorageDirectory.java:analyzeStorage(246)) - The storage directory /workdir/hadoop-ozone/tools/target/test-dir/MiniOzoneClusterImpl-17d7739a-f662-4c88-9e51-3c637963011a/datanode-4/data/ratis/5711cac2-4b9e-4755-84c0-2d790f9948c3 does not exist. Creating ...
2019-11-01 01:25:39,911 [pool-37-thread-1] INFO  impl.RaftServerImpl (ServerState.java:<init>(103)) - cb510fb7-fc87-4880-9dcd-5d4a84db871b@group-2D790F9948C3: ConfigurationManager, init=-1: [40b7f987-8e06-4ef9-abdc-8715eb833c11:192.168.69.91:34918, 32db78ba-36ff-4254-bf6e-67e7bcfc9e39:192.168.69.91:37505, cb510fb7-fc87-4880-9dcd-5d4a84db871b:192.168.69.91:33685], old=null, confs=<EMPTY_MAP>
2019-11-01 01:25:39,911 [pool-37-thread-1] INFO  server.RaftServerConfigKeys (ConfUtils.java:logGet(43)) - raft.server.storage.dir = [/workdir/hadoop-ozone/tools/target/test-dir/MiniOzoneClusterImpl-17d7739a-f662-4c88-9e51-3c637963011a/datanode-1/data/ratis] (custom)
2019-11-01 01:25:39,911 [pool-37-thread-1] INFO  server.RaftServerConfigKeys (ConfUtils.java:logGet(43)) - raft.server.log.corruption.policy = EXCEPTION (default)
2019-11-01 01:25:39,911 [pool-37-thread-1] INFO  storage.RaftStorageDirectory (RaftStorageDirectory.java:analyzeStorage(246)) - The storage directory /workdir/hadoop-ozone/tools/target/test-dir/MiniOzoneClusterImpl-17d7739a-f662-4c88-9e51-3c637963011a/datanode-1/data/ratis/5711cac2-4b9e-4755-84c0-2d790f9948c3 does not exist. Creating ...
 0.00% |?                                                                                                    |  0/100 Time: 0:00:08 0.00% |?                                                                                                    |  0/100 Time: 0:00:092019-11-01 01:25:41,831 [pool-27-thread-1] INFO  storage.RaftStorageDirectory (RaftStorageDirectory.java:tryLock(328)) - Lock on /workdir/hadoop-ozone/tools/target/test-dir/MiniOzoneClusterImpl-17d7739a-f662-4c88-9e51-3c637963011a/datanode-0/data/ratis/99109d84-2617-4668-a048-b23c92307353/in_use.lock acquired by nodename 4689@pr-hdds-2364-master-qchwk-3441104375
 0.00% |?                                                                                                    |  0/100 Time: 0:00:102019-11-01 01:25:42,889 [RATISCREATEPIPELINE3] ERROR pipeline.RatisPipelineProvider (RatisPipelineProvider.java:lambda$null$5(237)) - Failed invoke Ratis rpc org.apache.hadoop.hdds.scm.pipeline.RatisPipelineProvider$$Lambda$189/1108188651@6e7ea618 for 40b7f987-8e06-4ef9-abdc-8715eb833c11
org.apache.ratis.protocol.TimeoutIOException: deadline exceeded after 2997523133ns
	at org.apache.ratis.grpc.GrpcUtil.tryUnwrapException(GrpcUtil.java:82)
	at org.apache.ratis.grpc.GrpcUtil.unwrapException(GrpcUtil.java:75)
	at org.apache.ratis.grpc.client.GrpcClientProtocolClient.blockingCall(GrpcClientProtocolClient.java:184)
	at org.apache.ratis.grpc.client.GrpcClientProtocolClient.groupAdd(GrpcClientProtocolClient.java:153)
	at org.apache.ratis.grpc.client.GrpcClientRpc.sendRequest(GrpcClientRpc.java:94)
	at org.apache.ratis.client.impl.RaftClientImpl.sendRequest(RaftClientImpl.java:278)
	at org.apache.ratis.client.impl.RaftClientImpl.groupAdd(RaftClientImpl.java:205)
	at org.apache.hadoop.hdds.scm.pipeline.RatisPipelineProvider.lambda$initializePipeline$4(RatisPipelineProvider.java:198)
	at org.apache.hadoop.hdds.scm.pipeline.RatisPipelineProvider.lambda$null$5(RatisPipelineProvider.java:233)
	at java.util.stream.ForEachOps$ForEachOp$OfRef.accept(ForEachOps.java:183)
	at java.util.ArrayList$ArrayListSpliterator.forEachRemaining(ArrayList.java:1382)
	at java.util.stream.AbstractPipeline.copyInto(AbstractPipeline.java:482)
	at java.util.stream.ForEachOps$ForEachTask.compute(ForEachOps.java:290)
	at java.util.concurrent.CountedCompleter.exec(CountedCompleter.java:731)
	at java.util.concurrent.ForkJoinTask.doExec(ForkJoinTask.java:289)
	at java.util.concurrent.ForkJoinPool$WorkQueue.runTask(ForkJoinPool.java:1056)
	at java.util.concurrent.ForkJoinPool.runWorker(ForkJoinPool.java:1692)
	at java.util.concurrent.ForkJoinWorkerThread.run(ForkJoinWorkerThread.java:157)
Caused by: org.apache.ratis.thirdparty.io.grpc.StatusRuntimeException: DEADLINE_EXCEEDED: deadline exceeded after 2997523133ns
	at org.apache.ratis.thirdparty.io.grpc.stub.ClientCalls.toStatusRuntimeException(ClientCalls.java:233)
	at org.apache.ratis.thirdparty.io.grpc.stub.ClientCalls.getUnchecked(ClientCalls.java:214)
	at org.apache.ratis.thirdparty.io.grpc.stub.ClientCalls.blockingUnaryCall(ClientCalls.java:139)
	at org.apache.ratis.proto.grpc.AdminProtocolServiceGrpc$AdminProtocolServiceBlockingStub.groupManagement(AdminProtocolServiceGrpc.java:274)
	at org.apache.ratis.grpc.client.GrpcClientProtocolClient.lambda$groupAdd$3(GrpcClientProtocolClient.java:155)
	at org.apache.ratis.grpc.client.GrpcClientProtocolClient.blockingCall(GrpcClientProtocolClient.java:182)
	... 15 more
2019-11-01 01:25:42,889 [RATISCREATEPIPELINE2] ERROR pipeline.RatisPipelineProvider (RatisPipelineProvider.java:lambda$null$5(237)) - Failed invoke Ratis rpc org.apache.hadoop.hdds.scm.pipeline.RatisPipelineProvider$$Lambda$189/1108188651@6e7ea618 for 32db78ba-36ff-4254-bf6e-67e7bcfc9e39
org.apache.ratis.protocol.TimeoutIOException: deadline exceeded after 2998526794ns
	at org.apache.ratis.grpc.GrpcUtil.tryUnwrapException(GrpcUtil.java:82)
	at org.apache.ratis.grpc.GrpcUtil.unwrapException(GrpcUtil.java:75)
	at org.apache.ratis.grpc.client.GrpcClientProtocolClient.blockingCall(GrpcClientProtocolClient.java:184)
	at org.apache.ratis.grpc.client.GrpcClientProtocolClient.groupAdd(GrpcClientProtocolClient.java:153)
	at org.apache.ratis.grpc.client.GrpcClientRpc.sendRequest(GrpcClientRpc.java:94)
	at org.apache.ratis.client.impl.RaftClientImpl.sendRequest(RaftClientImpl.java:278)
	at org.apache.ratis.client.impl.RaftClientImpl.groupAdd(RaftClientImpl.java:205)
	at org.apache.hadoop.hdds.scm.pipeline.RatisPipelineProvider.lambda$initializePipeline$4(RatisPipelineProvider.java:198)
	at org.apache.hadoop.hdds.scm.pipeline.RatisPipelineProvider.lambda$null$5(RatisPipelineProvider.java:233)
	at java.util.stream.ForEachOps$ForEachOp$OfRef.accept(ForEachOps.java:183)
	at java.util.ArrayList$ArrayListSpliterator.forEachRemaining(ArrayList.java:1382)
	at java.util.stream.AbstractPipeline.copyInto(AbstractPipeline.java:482)
	at java.util.stream.ForEachOps$ForEachTask.compute(ForEachOps.java:290)
	at java.util.concurrent.CountedCompleter.exec(CountedCompleter.java:731)
	at java.util.concurrent.ForkJoinTask.doExec(ForkJoinTask.java:289)
	at java.util.concurrent.ForkJoinPool$WorkQueue.runTask(ForkJoinPool.java:1056)
	at java.util.concurrent.ForkJoinPool.runWorker(ForkJoinPool.java:1692)
	at java.util.concurrent.ForkJoinWorkerThread.run(ForkJoinWorkerThread.java:157)
Caused by: org.apache.ratis.thirdparty.io.grpc.StatusRuntimeException: DEADLINE_EXCEEDED: deadline exceeded after 2998526794ns
	at org.apache.ratis.thirdparty.io.grpc.stub.ClientCalls.toStatusRuntimeException(ClientCalls.java:233)
	at org.apache.ratis.thirdparty.io.grpc.stub.ClientCalls.getUnchecked(ClientCalls.java:214)
	at org.apache.ratis.thirdparty.io.grpc.stub.ClientCalls.blockingUnaryCall(ClientCalls.java:139)
	at org.apache.ratis.proto.grpc.AdminProtocolServiceGrpc$AdminProtocolServiceBlockingStub.groupManagement(AdminProtocolServiceGrpc.java:274)
	at org.apache.ratis.grpc.client.GrpcClientProtocolClient.lambda$groupAdd$3(GrpcClientProtocolClient.java:155)
	at org.apache.ratis.grpc.client.GrpcClientProtocolClient.blockingCall(GrpcClientProtocolClient.java:182)
	... 15 more
2019-11-01 01:25:42,889 [RATISCREATEPIPELINE1] ERROR pipeline.RatisPipelineProvider (RatisPipelineProvider.java:lambda$null$5(237)) - Failed invoke Ratis rpc org.apache.hadoop.hdds.scm.pipeline.RatisPipelineProvider$$Lambda$189/1108188651@6e7ea618 for cb510fb7-fc87-4880-9dcd-5d4a84db871b
org.apache.ratis.protocol.TimeoutIOException: deadline exceeded after 2999731133ns
	at org.apache.ratis.grpc.GrpcUtil.tryUnwrapException(GrpcUtil.java:82)
	at org.apache.ratis.grpc.GrpcUtil.unwrapException(GrpcUtil.java:75)
	at org.apache.ratis.grpc.client.GrpcClientProtocolClient.blockingCall(GrpcClientProtocolClient.java:184)
	at org.apache.ratis.grpc.client.GrpcClientProtocolClient.groupAdd(GrpcClientProtocolClient.java:153)
	at org.apache.ratis.grpc.client.GrpcClientRpc.sendRequest(GrpcClientRpc.java:94)
	at org.apache.ratis.client.impl.RaftClientImpl.sendRequest(RaftClientImpl.java:278)
	at org.apache.ratis.client.impl.RaftClientImpl.groupAdd(RaftClientImpl.java:205)
	at org.apache.hadoop.hdds.scm.pipeline.RatisPipelineProvider.lambda$initializePipeline$4(RatisPipelineProvider.java:198)
	at org.apache.hadoop.hdds.scm.pipeline.RatisPipelineProvider.lambda$null$5(RatisPipelineProvider.java:233)
	at java.util.stream.ForEachOps$ForEachOp$OfRef.accept(ForEachOps.java:183)
	at java.util.ArrayList$ArrayListSpliterator.forEachRemaining(ArrayList.java:1382)
	at java.util.stream.AbstractPipeline.copyInto(AbstractPipeline.java:482)
	at java.util.stream.ForEachOps$ForEachTask.compute(ForEachOps.java:290)
	at java.util.concurrent.CountedCompleter.exec(CountedCompleter.java:731)
	at java.util.concurrent.ForkJoinTask.doExec(ForkJoinTask.java:289)
	at java.util.concurrent.ForkJoinTask.doInvoke(ForkJoinTask.java:401)
	at java.util.concurrent.ForkJoinTask.invoke(ForkJoinTask.java:734)
	at java.util.stream.ForEachOps$ForEachOp.evaluateParallel(ForEachOps.java:159)
	at java.util.stream.ForEachOps$ForEachOp$OfRef.evaluateParallel(ForEachOps.java:173)
	at java.util.stream.AbstractPipeline.evaluate(AbstractPipeline.java:233)
	at java.util.stream.ReferencePipeline.forEach(ReferencePipeline.java:485)
	at java.util.stream.ReferencePipeline$Head.forEach(ReferencePipeline.java:650)
	at org.apache.hadoop.hdds.scm.pipeline.RatisPipelineProvider.lambda$callRatisRpc$6(RatisPipelineProvider.java:227)
	at java.util.concurrent.ForkJoinTask$AdaptedRunnableAction.exec(ForkJoinTask.java:1386)
	at java.util.concurrent.ForkJoinTask.doExec(ForkJoinTask.java:289)
	at java.util.concurrent.ForkJoinPool$WorkQueue.runTask(ForkJoinPool.java:1056)
	at java.util.concurrent.ForkJoinPool.runWorker(ForkJoinPool.java:1692)
	at java.util.concurrent.ForkJoinWorkerThread.run(ForkJoinWorkerThread.java:157)
Caused by: org.apache.ratis.thirdparty.io.grpc.StatusRuntimeException: DEADLINE_EXCEEDED: deadline exceeded after 2999731133ns
	at org.apache.ratis.thirdparty.io.grpc.stub.ClientCalls.toStatusRuntimeException(ClientCalls.java:233)
	at org.apache.ratis.thirdparty.io.grpc.stub.ClientCalls.getUnchecked(ClientCalls.java:214)
	at org.apache.ratis.thirdparty.io.grpc.stub.ClientCalls.blockingUnaryCall(ClientCalls.java:139)
	at org.apache.ratis.proto.grpc.AdminProtocolServiceGrpc$AdminProtocolServiceBlockingStub.groupManagement(AdminProtocolServiceGrpc.java:274)
	at org.apache.ratis.grpc.client.GrpcClientProtocolClient.lambda$groupAdd$3(GrpcClientProtocolClient.java:155)
	at org.apache.ratis.grpc.client.GrpcClientProtocolClient.blockingCall(GrpcClientProtocolClient.java:182)
	... 25 more
2019-11-01 01:25:42,896 [Thread-223] INFO  impl.FollowerState (FollowerState.java:run(111)) - 32db78ba-36ff-4254-bf6e-67e7bcfc9e39@group-F9329D95E7B3-FollowerState: change to CANDIDATE, lastRpcTime:5010ms, electionTimeout:5010ms
2019-11-01 01:25:42,898 [Thread-223] INFO  impl.RoleInfo (RoleInfo.java:shutdownFollowerState(121)) - 32db78ba-36ff-4254-bf6e-67e7bcfc9e39: shutdown FollowerState
2019-11-01 01:25:42,898 [Thread-223] INFO  impl.RaftServerImpl (RaftServerImpl.java:setRole(173)) - 32db78ba-36ff-4254-bf6e-67e7bcfc9e39@group-F9329D95E7B3: changes role from  FOLLOWER to CANDIDATE at term 0 for changeToCandidate
2019-11-01 01:25:42,907 [Thread-223] INFO  impl.RoleInfo (RoleInfo.java:updateAndGet(143)) - 32db78ba-36ff-4254-bf6e-67e7bcfc9e39: start LeaderElection
2019-11-01 01:25:42,922 [grpc-default-executor-3] INFO  impl.RaftServerProxy (RaftServerProxy.java:addNew(89)) - 32db78ba-36ff-4254-bf6e-67e7bcfc9e39: addNew group-F4B7B8AA5D47:[40b7f987-8e06-4ef9-abdc-8715eb833c11:192.168.69.91:34918, 32db78ba-36ff-4254-bf6e-67e7bcfc9e39:192.168.69.91:37505, cb510fb7-fc87-4880-9dcd-5d4a84db871b:192.168.69.91:33685] returns group-F4B7B8AA5D47:java.util.concurrent.CompletableFuture@1a34d8ba[Not completed]
2019-11-01 01:25:42,923 [grpc-default-executor-1] INFO  impl.RaftServerProxy (RaftServerProxy.java:addNew(89)) - 40b7f987-8e06-4ef9-abdc-8715eb833c11: addNew group-F4B7B8AA5D47:[40b7f987-8e06-4ef9-abdc-8715eb833c11:192.168.69.91:34918, 32db78ba-36ff-4254-bf6e-67e7bcfc9e39:192.168.69.91:37505, cb510fb7-fc87-4880-9dcd-5d4a84db871b:192.168.69.91:33685] returns group-F4B7B8AA5D47:java.util.concurrent.CompletableFuture@6447b9df[Not completed]
2019-11-01 01:25:42,924 [grpc-default-executor-0] INFO  impl.RaftServerProxy (RaftServerProxy.java:addNew(89)) - cb510fb7-fc87-4880-9dcd-5d4a84db871b: addNew group-F4B7B8AA5D47:[40b7f987-8e06-4ef9-abdc-8715eb833c11:192.168.69.91:34918, 32db78ba-36ff-4254-bf6e-67e7bcfc9e39:192.168.69.91:37505, cb510fb7-fc87-4880-9dcd-5d4a84db871b:192.168.69.91:33685] returns group-F4B7B8AA5D47:java.util.concurrent.CompletableFuture@249d77cd[Not completed]
2019-11-01 01:25:43,067 [Thread-221] INFO  impl.FollowerState (FollowerState.java:run(111)) - cb510fb7-fc87-4880-9dcd-5d4a84db871b@group-F9329D95E7B3-FollowerState: change to CANDIDATE, lastRpcTime:5184ms, electionTimeout:5182ms
2019-11-01 01:25:43,068 [Thread-222] INFO  impl.FollowerState (FollowerState.java:run(111)) - 40b7f987-8e06-4ef9-abdc-8715eb833c11@group-EF57B072CC1C-FollowerState: change to CANDIDATE, lastRpcTime:5184ms, electionTimeout:5183ms
2019-11-01 01:25:43,069 [Thread-221] INFO  impl.RoleInfo (RoleInfo.java:shutdownFollowerState(121)) - cb510fb7-fc87-4880-9dcd-5d4a84db871b: shutdown FollowerState
2019-11-01 01:25:43,069 [Thread-222] INFO  impl.RoleInfo (RoleInfo.java:shutdownFollowerState(121)) - 40b7f987-8e06-4ef9-abdc-8715eb833c11: shutdown FollowerState
2019-11-01 01:25:43,069 [Thread-221] INFO  impl.RaftServerImpl (RaftServerImpl.java:setRole(173)) - cb510fb7-fc87-4880-9dcd-5d4a84db871b@group-F9329D95E7B3: changes role from  FOLLOWER to CANDIDATE at term 0 for changeToCandidate
2019-11-01 01:25:43,069 [Thread-222] INFO  impl.RaftServerImpl (RaftServerImpl.java:setRole(173)) - 40b7f987-8e06-4ef9-abdc-8715eb833c11@group-EF57B072CC1C: changes role from  FOLLOWER to CANDIDATE at term 0 for changeToCandidate
2019-11-01 01:25:43,069 [Thread-221] INFO  impl.RoleInfo (RoleInfo.java:updateAndGet(143)) - cb510fb7-fc87-4880-9dcd-5d4a84db871b: start LeaderElection
2019-11-01 01:25:43,070 [Thread-222] INFO  impl.RoleInfo (RoleInfo.java:updateAndGet(143)) - 40b7f987-8e06-4ef9-abdc-8715eb833c11: start LeaderElection
 0.00% |?                                                                                                    |  0/100 Time: 0:00:11 0.00% |?                                                                                                    |  0/100 Time: 0:00:12 0.00% |?                                                                                                    |  0/100 Time: 0:00:132019-11-01 01:25:45,589 [pool-67-thread-1] INFO  storage.RaftStorageDirectory (RaftStorageDirectory.java:tryLock(328)) - Lock on /workdir/hadoop-ozone/tools/target/test-dir/MiniOzoneClusterImpl-17d7739a-f662-4c88-9e51-3c637963011a/datanode-4/data/ratis/5711cac2-4b9e-4755-84c0-2d790f9948c3/in_use.lock acquired by nodename 4689@pr-hdds-2364-master-qchwk-3441104375
2019-11-01 01:25:45,589 [pool-37-thread-1] INFO  storage.RaftStorageDirectory (RaftStorageDirectory.java:tryLock(328)) - Lock on /workdir/hadoop-ozone/tools/target/test-dir/MiniOzoneClusterImpl-17d7739a-f662-4c88-9e51-3c637963011a/datanode-1/data/ratis/5711cac2-4b9e-4755-84c0-2d790f9948c3/in_use.lock acquired by nodename 4689@pr-hdds-2364-master-qchwk-3441104375
2019-11-01 01:25:45,641 [pool-27-thread-1] INFO  storage.RaftStorage (RaftStorage.java:format(84)) - Storage directory /workdir/hadoop-ozone/tools/target/test-dir/MiniOzoneClusterImpl-17d7739a-f662-4c88-9e51-3c637963011a/datanode-0/data/ratis/99109d84-2617-4668-a048-b23c92307353 has been successfully formatted.
2019-11-01 01:25:45,642 [pool-27-thread-1] INFO  ratis.ContainerStateMachine (ContainerStateMachine.java:loadSnapshot(231)) - group-B23C92307353: The snapshot info is null. Setting the last applied indexto:(t:0, i:~)
2019-11-01 01:25:45,642 [pool-27-thread-1] INFO  server.RaftServerConfigKeys (ConfUtils.java:logGet(43)) - raft.server.notification.no-leader.timeout = 120s (custom)
2019-11-01 01:25:45,642 [pool-27-thread-1] INFO  server.RaftServerConfigKeys (ConfUtils.java:logGet(43)) - raft.server.log.use.memory = false (default)
2019-11-01 01:25:45,643 [pool-27-thread-1] INFO  server.RaftServerConfigKeys (ConfUtils.java:logGet(43)) - raft.server.log.purge.gap = 1000000 (custom)
2019-11-01 01:25:45,643 [pool-27-thread-1] INFO  server.RaftServerConfigKeys (ConfUtils.java:logGet(43)) - raft.server.log.appender.buffer.byte-limit = 33554432 (custom)
2019-11-01 01:25:45,643 [pool-27-thread-1] INFO  server.RaftServerConfigKeys (ConfUtils.java:logGet(43)) - raft.server.log.segment.size.max = 1048576 (custom)
2019-11-01 01:25:45,643 [pool-27-thread-1] INFO  server.RaftServerConfigKeys (ConfUtils.java:logGet(43)) - raft.server.log.segment.cache.num.max = 2 (custom)
2019-11-01 01:25:45,643 [pool-27-thread-1] INFO  segmented.SegmentedRaftLogWorker (SegmentedRaftLogWorker.java:<init>(173)) - new 40b7f987-8e06-4ef9-abdc-8715eb833c11@group-B23C92307353-SegmentedRaftLogWorker for RaftStorage:Storage Directory /workdir/hadoop-ozone/tools/target/test-dir/MiniOzoneClusterImpl-17d7739a-f662-4c88-9e51-3c637963011a/datanode-0/data/ratis/99109d84-2617-4668-a048-b23c92307353
2019-11-01 01:25:45,644 [pool-27-thread-1] INFO  server.RaftServerConfigKeys (ConfUtils.java:logGet(43)) - raft.server.log.queue.byte-limit = 2147483647 (custom)
2019-11-01 01:25:45,644 [pool-27-thread-1] INFO  server.RaftServerConfigKeys (ConfUtils.java:logGet(43)) - raft.server.log.queue.element-limit = 1024 (custom)
2019-11-01 01:25:45,644 [pool-27-thread-1] INFO  server.RaftServerConfigKeys (ConfUtils.java:logGet(43)) - raft.server.log.segment.size.max = 1048576 (custom)
2019-11-01 01:25:45,644 [pool-27-thread-1] INFO  server.RaftServerConfigKeys (ConfUtils.java:logGet(43)) - raft.server.log.preallocated.size = 16384 (custom)
2019-11-01 01:25:45,644 [pool-27-thread-1] INFO  server.RaftServerConfigKeys (ConfUtils.java:logGet(43)) - raft.server.log.write.buffer.size = 33554432 (custom)
2019-11-01 01:25:45,644 [pool-27-thread-1] INFO  server.RaftServerConfigKeys (ConfUtils.java:logGet(43)) - raft.server.log.force.sync.num = 128 (default)
2019-11-01 01:25:45,645 [pool-27-thread-1] INFO  server.RaftServerConfigKeys (ConfUtils.java:logGet(43)) - raft.server.log.statemachine.data.sync = true (default)
2019-11-01 01:25:45,645 [pool-27-thread-1] INFO  server.RaftServerConfigKeys (ConfUtils.java:logGet(43)) - raft.server.log.statemachine.data.sync.timeout = 10s (default)
2019-11-01 01:25:45,645 [pool-27-thread-1] INFO  server.RaftServerConfigKeys (ConfUtils.java:logGet(43)) - raft.server.log.statemachine.data.sync.timeout.retry = -1 (default)
2019-11-01 01:25:45,645 [pool-27-thread-1] INFO  server.RaftServerConfigKeys (ConfUtils.java:logGet(43)) - raft.server.log.statemachine.data.caching.enabled = true (custom)
2019-11-01 01:25:45,646 [pool-27-thread-1] INFO  segmented.SegmentedRaftLogWorker (SegmentedRaftLogWorker.java:lambda$new$0(128)) - 40b7f987-8e06-4ef9-abdc-8715eb833c11@group-B23C92307353-SegmentedRaftLogWorker: flushIndex: setUnconditionally 0 -> -1
2019-11-01 01:25:45,646 [pool-27-thread-1] INFO  server.RaftServerConfigKeys (ConfUtils.java:logGet(43)) - raft.server.snapshot.auto.trigger.enabled = true (custom)
2019-11-01 01:25:45,646 [pool-27-thread-1] INFO  server.RaftServerConfigKeys (ConfUtils.java:logGet(43)) - raft.server.snapshot.auto.trigger.threshold = 10000 (custom)
2019-11-01 01:25:45,647 [pool-27-thread-1] INFO  server.RaftServerConfigKeys (ConfUtils.java:logGet(43)) - raft.server.snapshot.retention.file.num = 5 (custom)
2019-11-01 01:25:45,647 [pool-27-thread-1] INFO  server.RaftServerConfigKeys (ConfUtils.java:logGet(43)) - raft.server.retrycache.expirytime = 600000ms (custom)
2019-11-01 01:25:45,647 [pool-27-thread-1] WARN  impl.MetricRegistriesImpl (MetricRegistriesImpl.java:lambda$create$1(61)) - First MetricRegistry has been created without registering reporters. You may need to call MetricRegistries.global().addReportRegistration(...) before.
2019-11-01 01:25:45,647 [pool-27-thread-1] WARN  impl.MetricRegistriesImpl (MetricRegistriesImpl.java:lambda$create$1(61)) - First MetricRegistry has been created without registering reporters. You may need to call MetricRegistries.global().addReportRegistration(...) before.
2019-11-01 01:25:45,648 [pool-27-thread-1] INFO  impl.RaftServerImpl (RaftServerImpl.java:start(184)) - 40b7f987-8e06-4ef9-abdc-8715eb833c11@group-F9329D95E7B3: start as a follower, conf=-1: [40b7f987-8e06-4ef9-abdc-8715eb833c11:192.168.69.91:34918, 32db78ba-36ff-4254-bf6e-67e7bcfc9e39:192.168.69.91:37505, cb510fb7-fc87-4880-9dcd-5d4a84db871b:192.168.69.91:33685], old=null
2019-11-01 01:25:45,648 [pool-27-thread-1] INFO  impl.RaftServerImpl (RaftServerImpl.java:setRole(173)) - 40b7f987-8e06-4ef9-abdc-8715eb833c11@group-F9329D95E7B3: changes role from      null to FOLLOWER at term 0 for startAsFollower
2019-11-01 01:25:45,648 [pool-27-thread-1] INFO  impl.RoleInfo (RoleInfo.java:updateAndGet(143)) - 40b7f987-8e06-4ef9-abdc-8715eb833c11: start FollowerState
2019-11-01 01:25:45,649 [pool-27-thread-1] INFO  util.JmxRegister (JmxRegister.java:tryRegister(44)) - Successfully registered JMX Bean with object name Ratis:service=RaftServer,group=group-F9329D95E7B3,id=40b7f987-8e06-4ef9-abdc-8715eb833c11
2019-11-01 01:25:45,649 [pool-27-thread-1] WARN  impl.MetricRegistriesImpl (MetricRegistriesImpl.java:lambda$create$1(61)) - First MetricRegistry has been created without registering reporters. You may need to call MetricRegistries.global().addReportRegistration(...) before.
2019-11-01 01:25:45,651 [pool-27-thread-1] INFO  impl.RaftServerImpl (RaftServerImpl.java:<init>(98)) - 40b7f987-8e06-4ef9-abdc-8715eb833c11: new RaftServerImpl for group-2D790F9948C3:[40b7f987-8e06-4ef9-abdc-8715eb833c11:192.168.69.91:34918, 32db78ba-36ff-4254-bf6e-67e7bcfc9e39:192.168.69.91:37505, cb510fb7-fc87-4880-9dcd-5d4a84db871b:192.168.69.91:33685] with ContainerStateMachine:uninitialized
2019-11-01 01:25:45,652 [pool-27-thread-1] INFO  server.RaftServerConfigKeys (ConfUtils.java:logGet(43)) - raft.server.rpc.timeout.min = 5s (custom)
2019-11-01 01:25:45,652 [pool-27-thread-1] INFO  server.RaftServerConfigKeys (ConfUtils.java:logGet(43)) - raft.server.rpc.timeout.max = 5200ms (custom)
2019-11-01 01:25:45,652 [pool-27-thread-1] INFO  server.RaftServerConfigKeys (ConfUtils.java:logGet(43)) - raft.server.rpcslowness.timeout = 120s (custom)
2019-11-01 01:25:45,652 [pool-27-thread-1] INFO  server.RaftServerConfigKeys (ConfUtils.java:logGet(43)) - raft.server.sleep.deviation.threshold = 300 (default)
2019-11-01 01:25:45,652 [pool-27-thread-1] INFO  server.RaftServerConfigKeys (ConfUtils.java:logGet(43)) - raft.server.log.appender.install.snapshot.enabled = false (custom)
2019-11-01 01:25:45,652 [pool-27-thread-1] INFO  impl.RaftServerImpl (ServerState.java:<init>(103)) - 40b7f987-8e06-4ef9-abdc-8715eb833c11@group-2D790F9948C3: ConfigurationManager, init=-1: [40b7f987-8e06-4ef9-abdc-8715eb833c11:192.168.69.91:34918, 32db78ba-36ff-4254-bf6e-67e7bcfc9e39:192.168.69.91:37505, cb510fb7-fc87-4880-9dcd-5d4a84db871b:192.168.69.91:33685], old=null, confs=<EMPTY_MAP>
2019-11-01 01:25:45,653 [pool-27-thread-1] INFO  server.RaftServerConfigKeys (ConfUtils.java:logGet(43)) - raft.server.storage.dir = [/workdir/hadoop-ozone/tools/target/test-dir/MiniOzoneClusterImpl-17d7739a-f662-4c88-9e51-3c637963011a/datanode-0/data/ratis] (custom)
2019-11-01 01:25:45,653 [pool-27-thread-1] INFO  server.RaftServerConfigKeys (ConfUtils.java:logGet(43)) - raft.server.log.corruption.policy = EXCEPTION (default)
2019-11-01 01:25:45,653 [pool-27-thread-1] INFO  storage.RaftStorageDirectory (RaftStorageDirectory.java:analyzeStorage(246)) - The storage directory /workdir/hadoop-ozone/tools/target/test-dir/MiniOzoneClusterImpl-17d7739a-f662-4c88-9e51-3c637963011a/datanode-0/data/ratis/5711cac2-4b9e-4755-84c0-2d790f9948c3 does not exist. Creating ...
2019-11-01 01:25:45,918 [RATISCREATEPIPELINE3] ERROR pipeline.RatisPipelineProvider (RatisPipelineProvider.java:lambda$null$5(237)) - Failed invoke Ratis rpc org.apache.hadoop.hdds.scm.pipeline.RatisPipelineProvider$$Lambda$189/1108188651@2e5928d9 for 40b7f987-8e06-4ef9-abdc-8715eb833c11
org.apache.ratis.protocol.TimeoutIOException: deadline exceeded after 2999750259ns
	at org.apache.ratis.grpc.GrpcUtil.tryUnwrapException(GrpcUtil.java:82)
	at org.apache.ratis.grpc.GrpcUtil.unwrapException(GrpcUtil.java:75)
	at org.apache.ratis.grpc.client.GrpcClientProtocolClient.blockingCall(GrpcClientProtocolClient.java:184)
	at org.apache.ratis.grpc.client.GrpcClientProtocolClient.groupAdd(GrpcClientProtocolClient.java:153)
	at org.apache.ratis.grpc.client.GrpcClientRpc.sendRequest(GrpcClientRpc.java:94)
	at org.apache.ratis.client.impl.RaftClientImpl.sendRequest(RaftClientImpl.java:278)
	at org.apache.ratis.client.impl.RaftClientImpl.groupAdd(RaftClientImpl.java:205)
	at org.apache.hadoop.hdds.scm.pipeline.RatisPipelineProvider.lambda$initializePipeline$4(RatisPipelineProvider.java:198)
	at org.apache.hadoop.hdds.scm.pipeline.RatisPipelineProvider.lambda$null$5(RatisPipelineProvider.java:233)
	at java.util.stream.ForEachOps$ForEachOp$OfRef.accept(ForEachOps.java:183)
	at java.util.ArrayList$ArrayListSpliterator.forEachRemaining(ArrayList.java:1382)
	at java.util.stream.AbstractPipeline.copyInto(AbstractPipeline.java:482)
	at java.util.stream.ForEachOps$ForEachTask.compute(ForEachOps.java:290)
	at java.util.concurrent.CountedCompleter.exec(CountedCompleter.java:731)
	at java.util.concurrent.ForkJoinTask.doExec(ForkJoinTask.java:289)
	at java.util.concurrent.ForkJoinPool$WorkQueue.runTask(ForkJoinPool.java:1056)
	at java.util.concurrent.ForkJoinPool.runWorker(ForkJoinPool.java:1692)
	at java.util.concurrent.ForkJoinWorkerThread.run(ForkJoinWorkerThread.java:157)
Caused by: org.apache.ratis.thirdparty.io.grpc.StatusRuntimeException: DEADLINE_EXCEEDED: deadline exceeded after 2999750259ns
	at org.apache.ratis.thirdparty.io.grpc.stub.ClientCalls.toStatusRuntimeException(ClientCalls.java:233)
	at org.apache.ratis.thirdparty.io.grpc.stub.ClientCalls.getUnchecked(ClientCalls.java:214)
	at org.apache.ratis.thirdparty.io.grpc.stub.ClientCalls.blockingUnaryCall(ClientCalls.java:139)
	at org.apache.ratis.proto.grpc.AdminProtocolServiceGrpc$AdminProtocolServiceBlockingStub.groupManagement(AdminProtocolServiceGrpc.java:274)
	at org.apache.ratis.grpc.client.GrpcClientProtocolClient.lambda$groupAdd$3(GrpcClientProtocolClient.java:155)
	at org.apache.ratis.grpc.client.GrpcClientProtocolClient.blockingCall(GrpcClientProtocolClient.java:182)
	... 15 more
2019-11-01 01:25:45,920 [RATISCREATEPIPELINE1] ERROR pipeline.RatisPipelineProvider (RatisPipelineProvider.java:lambda$null$5(237)) - Failed invoke Ratis rpc org.apache.hadoop.hdds.scm.pipeline.RatisPipelineProvider$$Lambda$189/1108188651@2e5928d9 for cb510fb7-fc87-4880-9dcd-5d4a84db871b
org.apache.ratis.protocol.TimeoutIOException: deadline exceeded after 2999737345ns
	at org.apache.ratis.grpc.GrpcUtil.tryUnwrapException(GrpcUtil.java:82)
	at org.apache.ratis.grpc.GrpcUtil.unwrapException(GrpcUtil.java:75)
	at org.apache.ratis.grpc.client.GrpcClientProtocolClient.blockingCall(GrpcClientProtocolClient.java:184)
	at org.apache.ratis.grpc.client.GrpcClientProtocolClient.groupAdd(GrpcClientProtocolClient.java:153)
	at org.apache.ratis.grpc.client.GrpcClientRpc.sendRequest(GrpcClientRpc.java:94)
	at org.apache.ratis.client.impl.RaftClientImpl.sendRequest(RaftClientImpl.java:278)
	at org.apache.ratis.client.impl.RaftClientImpl.groupAdd(RaftClientImpl.java:205)
	at org.apache.hadoop.hdds.scm.pipeline.RatisPipelineProvider.lambda$initializePipeline$4(RatisPipelineProvider.java:198)
	at org.apache.hadoop.hdds.scm.pipeline.RatisPipelineProvider.lambda$null$5(RatisPipelineProvider.java:233)
	at java.util.stream.ForEachOps$ForEachOp$OfRef.accept(ForEachOps.java:183)
	at java.util.ArrayList$ArrayListSpliterator.forEachRemaining(ArrayList.java:1382)
	at java.util.stream.AbstractPipeline.copyInto(AbstractPipeline.java:482)
	at java.util.stream.ForEachOps$ForEachTask.compute(ForEachOps.java:290)
	at java.util.concurrent.CountedCompleter.exec(CountedCompleter.java:731)
	at java.util.concurrent.ForkJoinTask.doExec(ForkJoinTask.java:289)
	at java.util.concurrent.ForkJoinTask.doInvoke(ForkJoinTask.java:401)
	at java.util.concurrent.ForkJoinTask.invoke(ForkJoinTask.java:734)
	at java.util.stream.ForEachOps$ForEachOp.evaluateParallel(ForEachOps.java:159)
	at java.util.stream.ForEachOps$ForEachOp$OfRef.evaluateParallel(ForEachOps.java:173)
	at java.util.stream.AbstractPipeline.evaluate(AbstractPipeline.java:233)
	at java.util.stream.ReferencePipeline.forEach(ReferencePipeline.java:485)
	at java.util.stream.ReferencePipeline$Head.forEach(ReferencePipeline.java:650)
	at org.apache.hadoop.hdds.scm.pipeline.RatisPipelineProvider.lambda$callRatisRpc$6(RatisPipelineProvider.java:227)
	at java.util.concurrent.ForkJoinTask$AdaptedRunnableAction.exec(ForkJoinTask.java:1386)
	at java.util.concurrent.ForkJoinTask.doExec(ForkJoinTask.java:289)
	at java.util.concurrent.ForkJoinPool$WorkQueue.runTask(ForkJoinPool.java:1056)
	at java.util.concurrent.ForkJoinPool.runWorker(ForkJoinPool.java:1692)
	at java.util.concurrent.ForkJoinWorkerThread.run(ForkJoinWorkerThread.java:157)
Caused by: org.apache.ratis.thirdparty.io.grpc.StatusRuntimeException: DEADLINE_EXCEEDED: deadline exceeded after 2999737345ns
	at org.apache.ratis.thirdparty.io.grpc.stub.ClientCalls.toStatusRuntimeException(ClientCalls.java:233)
	at org.apache.ratis.thirdparty.io.grpc.stub.ClientCalls.getUnchecked(ClientCalls.java:214)
	at org.apache.ratis.thirdparty.io.grpc.stub.ClientCalls.blockingUnaryCall(ClientCalls.java:139)
	at org.apache.ratis.proto.grpc.AdminProtocolServiceGrpc$AdminProtocolServiceBlockingStub.groupManagement(AdminProtocolServiceGrpc.java:274)
	at org.apache.ratis.grpc.client.GrpcClientProtocolClient.lambda$groupAdd$3(GrpcClientProtocolClient.java:155)
	at org.apache.ratis.grpc.client.GrpcClientProtocolClient.blockingCall(GrpcClientProtocolClient.java:182)
	... 25 more
2019-11-01 01:25:45,918 [RATISCREATEPIPELINE2] ERROR pipeline.RatisPipelineProvider (RatisPipelineProvider.java:lambda$null$5(237)) - Failed invoke Ratis rpc org.apache.hadoop.hdds.scm.pipeline.RatisPipelineProvider$$Lambda$189/1108188651@2e5928d9 for 32db78ba-36ff-4254-bf6e-67e7bcfc9e39
org.apache.ratis.protocol.TimeoutIOException: deadline exceeded after 2999761914ns
	at org.apache.ratis.grpc.GrpcUtil.tryUnwrapException(GrpcUtil.java:82)
	at org.apache.ratis.grpc.GrpcUtil.unwrapException(GrpcUtil.java:75)
	at org.apache.ratis.grpc.client.GrpcClientProtocolClient.blockingCall(GrpcClientProtocolClient.java:184)
	at org.apache.ratis.grpc.client.GrpcClientProtocolClient.groupAdd(GrpcClientProtocolClient.java:153)
	at org.apache.ratis.grpc.client.GrpcClientRpc.sendRequest(GrpcClientRpc.java:94)
	at org.apache.ratis.client.impl.RaftClientImpl.sendRequest(RaftClientImpl.java:278)
	at org.apache.ratis.client.impl.RaftClientImpl.groupAdd(RaftClientImpl.java:205)
	at org.apache.hadoop.hdds.scm.pipeline.RatisPipelineProvider.lambda$initializePipeline$4(RatisPipelineProvider.java:198)
	at org.apache.hadoop.hdds.scm.pipeline.RatisPipelineProvider.lambda$null$5(RatisPipelineProvider.java:233)
	at java.util.stream.ForEachOps$ForEachOp$OfRef.accept(ForEachOps.java:183)
	at java.util.ArrayList$ArrayListSpliterator.forEachRemaining(ArrayList.java:1382)
	at java.util.stream.AbstractPipeline.copyInto(AbstractPipeline.java:482)
	at java.util.stream.ForEachOps$ForEachTask.compute(ForEachOps.java:290)
	at java.util.concurrent.CountedCompleter.exec(CountedCompleter.java:731)
	at java.util.concurrent.ForkJoinTask.doExec(ForkJoinTask.java:289)
	at java.util.concurrent.ForkJoinPool$WorkQueue.runTask(ForkJoinPool.java:1056)
	at java.util.concurrent.ForkJoinPool.runWorker(ForkJoinPool.java:1692)
	at java.util.concurrent.ForkJoinWorkerThread.run(ForkJoinWorkerThread.java:157)
Caused by: org.apache.ratis.thirdparty.io.grpc.StatusRuntimeException: DEADLINE_EXCEEDED: deadline exceeded after 2999761914ns
	at org.apache.ratis.thirdparty.io.grpc.stub.ClientCalls.toStatusRuntimeException(ClientCalls.java:233)
	at org.apache.ratis.thirdparty.io.grpc.stub.ClientCalls.getUnchecked(ClientCalls.java:214)
	at org.apache.ratis.thirdparty.io.grpc.stub.ClientCalls.blockingUnaryCall(ClientCalls.java:139)
	at org.apache.ratis.proto.grpc.AdminProtocolServiceGrpc$AdminProtocolServiceBlockingStub.groupManagement(AdminProtocolServiceGrpc.java:274)
	at org.apache.ratis.grpc.client.GrpcClientProtocolClient.lambda$groupAdd$3(GrpcClientProtocolClient.java:155)
	at org.apache.ratis.grpc.client.GrpcClientProtocolClient.blockingCall(GrpcClientProtocolClient.java:182)
	... 15 more
2019-11-01 01:25:45,924 [IPC Server handler 16 on 35541] WARN  block.BlockManagerImpl (BlockManagerImpl.java:allocateBlock(200)) - Pipeline creation failed for type:RATIS factor:THREE. Retrying get pipelines call once.
org.apache.hadoop.io.MultipleIOException: 3 exceptions [java.io.IOException: Failed invoke Ratis rpc org.apache.hadoop.hdds.scm.pipeline.RatisPipelineProvider$$Lambda$189/1108188651@2e5928d9 for 40b7f987-8e06-4ef9-abdc-8715eb833c11, java.io.IOException: Failed invoke Ratis rpc org.apache.hadoop.hdds.scm.pipeline.RatisPipelineProvider$$Lambda$189/1108188651@2e5928d9 for cb510fb7-fc87-4880-9dcd-5d4a84db871b, java.io.IOException: Failed invoke Ratis rpc org.apache.hadoop.hdds.scm.pipeline.RatisPipelineProvider$$Lambda$189/1108188651@2e5928d9 for 32db78ba-36ff-4254-bf6e-67e7bcfc9e39]
	at org.apache.hadoop.io.MultipleIOException.createIOException(MultipleIOException.java:53)
	at org.apache.hadoop.hdds.scm.pipeline.RatisPipelineProvider.callRatisRpc(RatisPipelineProvider.java:253)
	at org.apache.hadoop.hdds.scm.pipeline.RatisPipelineProvider.initializePipeline(RatisPipelineProvider.java:196)
	at org.apache.hadoop.hdds.scm.pipeline.RatisPipelineProvider.create(RatisPipelineProvider.java:163)
	at org.apache.hadoop.hdds.scm.pipeline.PipelineFactory.create(PipelineFactory.java:58)
	at org.apache.hadoop.hdds.scm.pipeline.SCMPipelineManager.createPipeline(SCMPipelineManager.java:155)
	at org.apache.hadoop.hdds.scm.block.BlockManagerImpl.allocateBlock(BlockManagerImpl.java:198)
	at org.apache.hadoop.hdds.scm.server.SCMBlockProtocolServer.allocateBlock(SCMBlockProtocolServer.java:187)
	at org.apache.hadoop.hdds.scm.protocol.ScmBlockLocationProtocolServerSideTranslatorPB.allocateScmBlock(ScmBlockLocationProtocolServerSideTranslatorPB.java:159)
	at org.apache.hadoop.hdds.scm.protocol.ScmBlockLocationProtocolServerSideTranslatorPB.processMessage(ScmBlockLocationProtocolServerSideTranslatorPB.java:117)
	at org.apache.hadoop.hdds.server.OzoneProtocolMessageDispatcher.processRequest(OzoneProtocolMessageDispatcher.java:72)
	at org.apache.hadoop.hdds.scm.protocol.ScmBlockLocationProtocolServerSideTranslatorPB.send(ScmBlockLocationProtocolServerSideTranslatorPB.java:98)
	at org.apache.hadoop.hdds.protocol.proto.ScmBlockLocationProtocolProtos$ScmBlockLocationProtocolService$2.callBlockingMethod(ScmBlockLocationProtocolProtos.java:13157)
	at org.apache.hadoop.ipc.ProtobufRpcEngine$Server$ProtoBufRpcInvoker.call(ProtobufRpcEngine.java:524)
	at org.apache.hadoop.ipc.RPC$Server.call(RPC.java:1025)
	at org.apache.hadoop.ipc.Server$RpcCall.run(Server.java:876)
	at org.apache.hadoop.ipc.Server$RpcCall.run(Server.java:822)
	at java.security.AccessController.doPrivileged(Native Method)
	at javax.security.auth.Subject.doAs(Subject.java:422)
	at org.apache.hadoop.security.UserGroupInformation.doAs(UserGroupInformation.java:1730)
	at org.apache.hadoop.ipc.Server$Handler.run(Server.java:2682)
2019-11-01 01:25:45,944 [grpc-default-executor-0] INFO  impl.RaftServerProxy (RaftServerProxy.java:addNew(89)) - 32db78ba-36ff-4254-bf6e-67e7bcfc9e39: addNew group-B30DA263D364:[40b7f987-8e06-4ef9-abdc-8715eb833c11:192.168.69.91:34918, 32db78ba-36ff-4254-bf6e-67e7bcfc9e39:192.168.69.91:37505, cb510fb7-fc87-4880-9dcd-5d4a84db871b:192.168.69.91:33685] returns group-B30DA263D364:java.util.concurrent.CompletableFuture@31d9b703[Not completed]
2019-11-01 01:25:45,946 [grpc-default-executor-3] INFO  impl.RaftServerProxy (RaftServerProxy.java:addNew(89)) - 40b7f987-8e06-4ef9-abdc-8715eb833c11: addNew group-B30DA263D364:[40b7f987-8e06-4ef9-abdc-8715eb833c11:192.168.69.91:34918, 32db78ba-36ff-4254-bf6e-67e7bcfc9e39:192.168.69.91:37505, cb510fb7-fc87-4880-9dcd-5d4a84db871b:192.168.69.91:33685] returns group-B30DA263D364:java.util.concurrent.CompletableFuture@5b09d281[Not completed]
2019-11-01 01:25:45,946 [grpc-default-executor-1] INFO  impl.RaftServerProxy (RaftServerProxy.java:addNew(89)) - cb510fb7-fc87-4880-9dcd-5d4a84db871b: addNew group-B30DA263D364:[40b7f987-8e06-4ef9-abdc-8715eb833c11:192.168.69.91:34918, 32db78ba-36ff-4254-bf6e-67e7bcfc9e39:192.168.69.91:37505, cb510fb7-fc87-4880-9dcd-5d4a84db871b:192.168.69.91:33685] returns group-B30DA263D364:java.util.concurrent.CompletableFuture@5f56c821[Not completed]
 0.00% |?                                                                                                    |  0/100 Time: 0:00:14 0.00% |?                                                                                                    |  0/100 Time: 0:00:152019-11-01 01:25:48,287 [40b7f987-8e06-4ef9-abdc-8715eb833c11@group-EF57B072CC1C-LeaderElection3] INFO  impl.LeaderElection (LeaderElection.java:askForVotes(178)) - 40b7f987-8e06-4ef9-abdc-8715eb833c11@group-EF57B072CC1C-LeaderElection3: begin an election at term 1 for -1: [40b7f987-8e06-4ef9-abdc-8715eb833c11:192.168.69.91:34918], old=null
2019-11-01 01:25:48,287 [cb510fb7-fc87-4880-9dcd-5d4a84db871b@group-F9329D95E7B3-LeaderElection2] INFO  impl.LeaderElection (LeaderElection.java:askForVotes(178)) - cb510fb7-fc87-4880-9dcd-5d4a84db871b@group-F9329D95E7B3-LeaderElection2: begin an election at term 1 for -1: [40b7f987-8e06-4ef9-abdc-8715eb833c11:192.168.69.91:34918, 32db78ba-36ff-4254-bf6e-67e7bcfc9e39:192.168.69.91:37505, cb510fb7-fc87-4880-9dcd-5d4a84db871b:192.168.69.91:33685], old=null
2019-11-01 01:25:48,287 [32db78ba-36ff-4254-bf6e-67e7bcfc9e39@group-F9329D95E7B3-LeaderElection1] INFO  impl.LeaderElection (LeaderElection.java:askForVotes(178)) - 32db78ba-36ff-4254-bf6e-67e7bcfc9e39@group-F9329D95E7B3-LeaderElection1: begin an election at term 1 for -1: [40b7f987-8e06-4ef9-abdc-8715eb833c11:192.168.69.91:34918, 32db78ba-36ff-4254-bf6e-67e7bcfc9e39:192.168.69.91:37505, cb510fb7-fc87-4880-9dcd-5d4a84db871b:192.168.69.91:33685], old=null
2019-11-01 01:25:48,291 [40b7f987-8e06-4ef9-abdc-8715eb833c11@group-EF57B072CC1C-LeaderElection3] INFO  impl.RoleInfo (RoleInfo.java:shutdownLeaderElection(134)) - 40b7f987-8e06-4ef9-abdc-8715eb833c11: shutdown LeaderElection
2019-11-01 01:25:48,292 [40b7f987-8e06-4ef9-abdc-8715eb833c11@group-EF57B072CC1C-LeaderElection3] INFO  impl.RaftServerImpl (RaftServerImpl.java:setRole(173)) - 40b7f987-8e06-4ef9-abdc-8715eb833c11@group-EF57B072CC1C: changes role from CANDIDATE to LEADER at term 1 for changeToLeader
2019-11-01 01:25:48,292 [40b7f987-8e06-4ef9-abdc-8715eb833c11@group-EF57B072CC1C-LeaderElection3] INFO  impl.RaftServerImpl (ServerState.java:setLeader(255)) - 40b7f987-8e06-4ef9-abdc-8715eb833c11@group-EF57B072CC1C: change Leader from null to 40b7f987-8e06-4ef9-abdc-8715eb833c11 at term 1 for becomeLeader, leader elected after 14448ms
2019-11-01 01:25:48,299 [40b7f987-8e06-4ef9-abdc-8715eb833c11@group-EF57B072CC1C-LeaderElection3] INFO  server.RaftServerConfigKeys (ConfUtils.java:logGet(43)) - raft.server.staging.catchup.gap = 1000 (default)
2019-11-01 01:25:48,300 [40b7f987-8e06-4ef9-abdc-8715eb833c11@group-EF57B072CC1C-LeaderElection3] INFO  server.RaftServerConfigKeys (ConfUtils.java:logGet(43)) - raft.server.rpc.sleep.time = 25ms (default)
2019-11-01 01:25:48,308 [40b7f987-8e06-4ef9-abdc-8715eb833c11@group-EF57B072CC1C-LeaderElection3] INFO  server.RaftServerConfigKeys (ConfUtils.java:logGet(43)) - raft.server.write.element-limit = 4096 (default)
2019-11-01 01:25:48,320 [40b7f987-8e06-4ef9-abdc-8715eb833c11@group-EF57B072CC1C-LeaderElection3] INFO  server.RaftServerConfigKeys (ConfUtils.java:logGet(43)) - raft.server.watch.timeout = 10s (default)
2019-11-01 01:25:48,321 [40b7f987-8e06-4ef9-abdc-8715eb833c11@group-EF57B072CC1C-LeaderElection3] INFO  server.RaftServerConfigKeys (ConfUtils.java:logGet(43)) - raft.server.watch.timeout.denomination = 1s (default)
2019-11-01 01:25:48,325 [40b7f987-8e06-4ef9-abdc-8715eb833c11@group-EF57B072CC1C-LeaderElection3] INFO  server.RaftServerConfigKeys (ConfUtils.java:logGet(43)) - raft.server.watch.element-limit = 65536 (default)
2019-11-01 01:25:48,336 [grpc-default-executor-1] INFO  impl.RaftServerImpl (RaftServerImpl.java:setRole(173)) - 40b7f987-8e06-4ef9-abdc-8715eb833c11@group-F9329D95E7B3: changes role from  FOLLOWER to FOLLOWER at term 1 for recognizeCandidate:32db78ba-36ff-4254-bf6e-67e7bcfc9e39
2019-11-01 01:25:48,336 [grpc-default-executor-1] INFO  impl.RoleInfo (RoleInfo.java:shutdownFollowerState(121)) - 40b7f987-8e06-4ef9-abdc-8715eb833c11: shutdown FollowerState
2019-11-01 01:25:48,336 [grpc-default-executor-1] INFO  impl.RoleInfo (RoleInfo.java:updateAndGet(143)) - 40b7f987-8e06-4ef9-abdc-8715eb833c11: start FollowerState
2019-11-01 01:25:48,336 [Thread-231] INFO  impl.FollowerState (FollowerState.java:run(120)) - 40b7f987-8e06-4ef9-abdc-8715eb833c11@group-F9329D95E7B3-FollowerState was interrupted: java.lang.InterruptedException: sleep interrupted
2019-11-01 01:25:48,343 [40b7f987-8e06-4ef9-abdc-8715eb833c11@group-EF57B072CC1C-LeaderElection3] INFO  impl.RoleInfo (RoleInfo.java:updateAndGet(143)) - 40b7f987-8e06-4ef9-abdc-8715eb833c11: start LeaderState
2019-11-01 01:25:48,364 [40b7f987-8e06-4ef9-abdc-8715eb833c11@group-EF57B072CC1C-LeaderElection3] INFO  segmented.SegmentedRaftLogWorker (SegmentedRaftLogWorker.java:startLogSegment(385)) - 40b7f987-8e06-4ef9-abdc-8715eb833c11@group-EF57B072CC1C-SegmentedRaftLogWorker: Starting segment from index:0
2019-11-01 01:25:48,374 [40b7f987-8e06-4ef9-abdc-8715eb833c11@group-EF57B072CC1C-LeaderElection3] INFO  impl.RaftServerImpl (ServerState.java:setRaftConf(356)) - 40b7f987-8e06-4ef9-abdc-8715eb833c11@group-EF57B072CC1C: set configuration 0: [40b7f987-8e06-4ef9-abdc-8715eb833c11:192.168.69.91:34918], old=null at 0
 0.00% |?                                                                                                    |  0/100 Time: 0:00:162019-11-01 01:25:48,936 [RATISCREATEPIPELINE2] ERROR pipeline.RatisPipelineProvider (RatisPipelineProvider.java:lambda$null$5(237)) - Failed invoke Ratis rpc org.apache.hadoop.hdds.scm.pipeline.RatisPipelineProvider$$Lambda$189/1108188651@54c7cf3a for 40b7f987-8e06-4ef9-abdc-8715eb833c11
org.apache.ratis.protocol.TimeoutIOException: deadline exceeded after 2999786033ns
	at org.apache.ratis.grpc.GrpcUtil.tryUnwrapException(GrpcUtil.java:82)
	at org.apache.ratis.grpc.GrpcUtil.unwrapException(GrpcUtil.java:75)
	at org.apache.ratis.grpc.client.GrpcClientProtocolClient.blockingCall(GrpcClientProtocolClient.java:184)
	at org.apache.ratis.grpc.client.GrpcClientProtocolClient.groupAdd(GrpcClientProtocolClient.java:153)
	at org.apache.ratis.grpc.client.GrpcClientRpc.sendRequest(GrpcClientRpc.java:94)
	at org.apache.ratis.client.impl.RaftClientImpl.sendRequest(RaftClientImpl.java:278)
	at org.apache.ratis.client.impl.RaftClientImpl.groupAdd(RaftClientImpl.java:205)
	at org.apache.hadoop.hdds.scm.pipeline.RatisPipelineProvider.lambda$initializePipeline$4(RatisPipelineProvider.java:198)
	at org.apache.hadoop.hdds.scm.pipeline.RatisPipelineProvider.lambda$null$5(RatisPipelineProvider.java:233)
	at java.util.stream.ForEachOps$ForEachOp$OfRef.accept(ForEachOps.java:183)
	at java.util.ArrayList$ArrayListSpliterator.forEachRemaining(ArrayList.java:1382)
	at java.util.stream.AbstractPipeline.copyInto(AbstractPipeline.java:482)
	at java.util.stream.ForEachOps$ForEachTask.compute(ForEachOps.java:290)
	at java.util.concurrent.CountedCompleter.exec(CountedCompleter.java:731)
	at java.util.concurrent.ForkJoinTask.doExec(ForkJoinTask.java:289)
	at java.util.concurrent.ForkJoinPool$WorkQueue.runTask(ForkJoinPool.java:1056)
	at java.util.concurrent.ForkJoinPool.runWorker(ForkJoinPool.java:1692)
	at java.util.concurrent.ForkJoinWorkerThread.run(ForkJoinWorkerThread.java:157)
Caused by: org.apache.ratis.thirdparty.io.grpc.StatusRuntimeException: DEADLINE_EXCEEDED: deadline exceeded after 2999786033ns
	at org.apache.ratis.thirdparty.io.grpc.stub.ClientCalls.toStatusRuntimeException(ClientCalls.java:233)
	at org.apache.ratis.thirdparty.io.grpc.stub.ClientCalls.getUnchecked(ClientCalls.java:214)
	at org.apache.ratis.thirdparty.io.grpc.stub.ClientCalls.blockingUnaryCall(ClientCalls.java:139)
	at org.apache.ratis.proto.grpc.AdminProtocolServiceGrpc$AdminProtocolServiceBlockingStub.groupManagement(AdminProtocolServiceGrpc.java:274)
	at org.apache.ratis.grpc.client.GrpcClientProtocolClient.lambda$groupAdd$3(GrpcClientProtocolClient.java:155)
	at org.apache.ratis.grpc.client.GrpcClientProtocolClient.blockingCall(GrpcClientProtocolClient.java:182)
	... 15 more
2019-11-01 01:25:48,937 [RATISCREATEPIPELINE3] ERROR pipeline.RatisPipelineProvider (RatisPipelineProvider.java:lambda$null$5(237)) - Failed invoke Ratis rpc org.apache.hadoop.hdds.scm.pipeline.RatisPipelineProvider$$Lambda$189/1108188651@54c7cf3a for 32db78ba-36ff-4254-bf6e-67e7bcfc9e39
org.apache.ratis.protocol.TimeoutIOException: deadline exceeded after 2996783067ns
	at org.apache.ratis.grpc.GrpcUtil.tryUnwrapException(GrpcUtil.java:82)
	at org.apache.ratis.grpc.GrpcUtil.unwrapException(GrpcUtil.java:75)
	at org.apache.ratis.grpc.client.GrpcClientProtocolClient.blockingCall(GrpcClientProtocolClient.java:184)
	at org.apache.ratis.grpc.client.GrpcClientProtocolClient.groupAdd(GrpcClientProtocolClient.java:153)
	at org.apache.ratis.grpc.client.GrpcClientRpc.sendRequest(GrpcClientRpc.java:94)
	at org.apache.ratis.client.impl.RaftClientImpl.sendRequest(RaftClientImpl.java:278)
	at org.apache.ratis.client.impl.RaftClientImpl.groupAdd(RaftClientImpl.java:205)
	at org.apache.hadoop.hdds.scm.pipeline.RatisPipelineProvider.lambda$initializePipeline$4(RatisPipelineProvider.java:198)
	at org.apache.hadoop.hdds.scm.pipeline.RatisPipelineProvider.lambda$null$5(RatisPipelineProvider.java:233)
	at java.util.stream.ForEachOps$ForEachOp$OfRef.accept(ForEachOps.java:183)
	at java.util.ArrayList$ArrayListSpliterator.forEachRemaining(ArrayList.java:1382)
	at java.util.stream.AbstractPipeline.copyInto(AbstractPipeline.java:482)
	at java.util.stream.ForEachOps$ForEachTask.compute(ForEachOps.java:290)
	at java.util.concurrent.CountedCompleter.exec(CountedCompleter.java:731)
	at java.util.concurrent.ForkJoinTask.doExec(ForkJoinTask.java:289)
	at java.util.concurrent.ForkJoinPool$WorkQueue.runTask(ForkJoinPool.java:1056)
	at java.util.concurrent.ForkJoinPool.runWorker(ForkJoinPool.java:1692)
	at java.util.concurrent.ForkJoinWorkerThread.run(ForkJoinWorkerThread.java:157)
Caused by: org.apache.ratis.thirdparty.io.grpc.StatusRuntimeException: DEADLINE_EXCEEDED: deadline exceeded after 2996783067ns
	at org.apache.ratis.thirdparty.io.grpc.stub.ClientCalls.toStatusRuntimeException(ClientCalls.java:233)
	at org.apache.ratis.thirdparty.io.grpc.stub.ClientCalls.getUnchecked(ClientCalls.java:214)
	at org.apache.ratis.thirdparty.io.grpc.stub.ClientCalls.blockingUnaryCall(ClientCalls.java:139)
	at org.apache.ratis.proto.grpc.AdminProtocolServiceGrpc$AdminProtocolServiceBlockingStub.groupManagement(AdminProtocolServiceGrpc.java:274)
	at org.apache.ratis.grpc.client.GrpcClientProtocolClient.lambda$groupAdd$3(GrpcClientProtocolClient.java:155)
	at org.apache.ratis.grpc.client.GrpcClientProtocolClient.blockingCall(GrpcClientProtocolClient.java:182)
	... 15 more
2019-11-01 01:25:48,939 [RATISCREATEPIPELINE1] ERROR pipeline.RatisPipelineProvider (RatisPipelineProvider.java:lambda$null$5(237)) - Failed invoke Ratis rpc org.apache.hadoop.hdds.scm.pipeline.RatisPipelineProvider$$Lambda$189/1108188651@54c7cf3a for cb510fb7-fc87-4880-9dcd-5d4a84db871b
org.apache.ratis.protocol.TimeoutIOException: deadline exceeded after 2998724085ns
	at org.apache.ratis.grpc.GrpcUtil.tryUnwrapException(GrpcUtil.java:82)
	at org.apache.ratis.grpc.GrpcUtil.unwrapException(GrpcUtil.java:75)
	at org.apache.ratis.grpc.client.GrpcClientProtocolClient.blockingCall(GrpcClientProtocolClient.java:184)
	at org.apache.ratis.grpc.client.GrpcClientProtocolClient.groupAdd(GrpcClientProtocolClient.java:153)
	at org.apache.ratis.grpc.client.GrpcClientRpc.sendRequest(GrpcClientRpc.java:94)
	at org.apache.ratis.client.impl.RaftClientImpl.sendRequest(RaftClientImpl.java:278)
	at org.apache.ratis.client.impl.RaftClientImpl.groupAdd(RaftClientImpl.java:205)
	at org.apache.hadoop.hdds.scm.pipeline.RatisPipelineProvider.lambda$initializePipeline$4(RatisPipelineProvider.java:198)
	at org.apache.hadoop.hdds.scm.pipeline.RatisPipelineProvider.lambda$null$5(RatisPipelineProvider.java:233)
	at java.util.stream.ForEachOps$ForEachOp$OfRef.accept(ForEachOps.java:183)
	at java.util.ArrayList$ArrayListSpliterator.forEachRemaining(ArrayList.java:1382)
	at java.util.stream.AbstractPipeline.copyInto(AbstractPipeline.java:482)
	at java.util.stream.ForEachOps$ForEachTask.compute(ForEachOps.java:290)
	at java.util.concurrent.CountedCompleter.exec(CountedCompleter.java:731)
	at java.util.concurrent.ForkJoinTask.doExec(ForkJoinTask.java:289)
	at java.util.concurrent.ForkJoinTask.doInvoke(ForkJoinTask.java:401)
	at java.util.concurrent.ForkJoinTask.invoke(ForkJoinTask.java:734)
	at java.util.stream.ForEachOps$ForEachOp.evaluateParallel(ForEachOps.java:159)
	at java.util.stream.ForEachOps$ForEachOp$OfRef.evaluateParallel(ForEachOps.java:173)
	at java.util.stream.AbstractPipeline.evaluate(AbstractPipeline.java:233)
	at java.util.stream.ReferencePipeline.forEach(ReferencePipeline.java:485)
	at java.util.stream.ReferencePipeline$Head.forEach(ReferencePipeline.java:650)
	at org.apache.hadoop.hdds.scm.pipeline.RatisPipelineProvider.lambda$callRatisRpc$6(RatisPipelineProvider.java:227)
	at java.util.concurrent.ForkJoinTask$AdaptedRunnableAction.exec(ForkJoinTask.java:1386)
	at java.util.concurrent.ForkJoinTask.doExec(ForkJoinTask.java:289)
	at java.util.concurrent.ForkJoinPool$WorkQueue.runTask(ForkJoinPool.java:1056)
	at java.util.concurrent.ForkJoinPool.runWorker(ForkJoinPool.java:1692)
	at java.util.concurrent.ForkJoinWorkerThread.run(ForkJoinWorkerThread.java:157)
Caused by: org.apache.ratis.thirdparty.io.grpc.StatusRuntimeException: DEADLINE_EXCEEDED: deadline exceeded after 2998724085ns
	at org.apache.ratis.thirdparty.io.grpc.stub.ClientCalls.toStatusRuntimeException(ClientCalls.java:233)
	at org.apache.ratis.thirdparty.io.grpc.stub.ClientCalls.getUnchecked(ClientCalls.java:214)
	at org.apache.ratis.thirdparty.io.grpc.stub.ClientCalls.blockingUnaryCall(ClientCalls.java:139)
	at org.apache.ratis.proto.grpc.AdminProtocolServiceGrpc$AdminProtocolServiceBlockingStub.groupManagement(AdminProtocolServiceGrpc.java:274)
	at org.apache.ratis.grpc.client.GrpcClientProtocolClient.lambda$groupAdd$3(GrpcClientProtocolClient.java:155)
	at org.apache.ratis.grpc.client.GrpcClientProtocolClient.blockingCall(GrpcClientProtocolClient.java:182)
	... 25 more
2019-11-01 01:25:48,942 [IPC Server handler 19 on 35541] WARN  block.BlockManagerImpl (BlockManagerImpl.java:allocateBlock(200)) - Pipeline creation failed for type:RATIS factor:THREE. Retrying get pipelines call once.
org.apache.hadoop.io.MultipleIOException: 3 exceptions [java.io.IOException: Failed invoke Ratis rpc org.apache.hadoop.hdds.scm.pipeline.RatisPipelineProvider$$Lambda$189/1108188651@54c7cf3a for 40b7f987-8e06-4ef9-abdc-8715eb833c11, java.io.IOException: Failed invoke Ratis rpc org.apache.hadoop.hdds.scm.pipeline.RatisPipelineProvider$$Lambda$189/1108188651@54c7cf3a for 32db78ba-36ff-4254-bf6e-67e7bcfc9e39, java.io.IOException: Failed invoke Ratis rpc org.apache.hadoop.hdds.scm.pipeline.RatisPipelineProvider$$Lambda$189/1108188651@54c7cf3a for cb510fb7-fc87-4880-9dcd-5d4a84db871b]
	at org.apache.hadoop.io.MultipleIOException.createIOException(MultipleIOException.java:53)
	at org.apache.hadoop.hdds.scm.pipeline.RatisPipelineProvider.callRatisRpc(RatisPipelineProvider.java:253)
	at org.apache.hadoop.hdds.scm.pipeline.RatisPipelineProvider.initializePipeline(RatisPipelineProvider.java:196)
	at org.apache.hadoop.hdds.scm.pipeline.RatisPipelineProvider.create(RatisPipelineProvider.java:163)
	at org.apache.hadoop.hdds.scm.pipeline.PipelineFactory.create(PipelineFactory.java:58)
	at org.apache.hadoop.hdds.scm.pipeline.SCMPipelineManager.createPipeline(SCMPipelineManager.java:155)
	at org.apache.hadoop.hdds.scm.block.BlockManagerImpl.allocateBlock(BlockManagerImpl.java:198)
	at org.apache.hadoop.hdds.scm.server.SCMBlockProtocolServer.allocateBlock(SCMBlockProtocolServer.java:187)
	at org.apache.hadoop.hdds.scm.protocol.ScmBlockLocationProtocolServerSideTranslatorPB.allocateScmBlock(ScmBlockLocationProtocolServerSideTranslatorPB.java:159)
	at org.apache.hadoop.hdds.scm.protocol.ScmBlockLocationProtocolServerSideTranslatorPB.processMessage(ScmBlockLocationProtocolServerSideTranslatorPB.java:117)
	at org.apache.hadoop.hdds.server.OzoneProtocolMessageDispatcher.processRequest(OzoneProtocolMessageDispatcher.java:72)
	at org.apache.hadoop.hdds.scm.protocol.ScmBlockLocationProtocolServerSideTranslatorPB.send(ScmBlockLocationProtocolServerSideTranslatorPB.java:98)
	at org.apache.hadoop.hdds.protocol.proto.ScmBlockLocationProtocolProtos$ScmBlockLocationProtocolService$2.callBlockingMethod(ScmBlockLocationProtocolProtos.java:13157)
	at org.apache.hadoop.ipc.ProtobufRpcEngine$Server$ProtoBufRpcInvoker.call(ProtobufRpcEngine.java:524)
	at org.apache.hadoop.ipc.RPC$Server.call(RPC.java:1025)
	at org.apache.hadoop.ipc.Server$RpcCall.run(Server.java:876)
	at org.apache.hadoop.ipc.Server$RpcCall.run(Server.java:822)
	at java.security.AccessController.doPrivileged(Native Method)
	at javax.security.auth.Subject.doAs(Subject.java:422)
	at org.apache.hadoop.security.UserGroupInformation.doAs(UserGroupInformation.java:1730)
	at org.apache.hadoop.ipc.Server$Handler.run(Server.java:2682)
2019-11-01 01:25:48,942 [IPC Server handler 16 on 35541] INFO  block.BlockManagerImpl (BlockManagerImpl.java:allocateBlock(212)) - Could not find available pipeline of type:RATIS and factor:THREE even after retrying
2019-11-01 01:25:48,943 [IPC Server handler 16 on 35541] ERROR block.BlockManagerImpl (BlockManagerImpl.java:allocateBlock(236)) - Unable to allocate a block for the size: 4194304, type: RATIS, factor: THREE
2019-11-01 01:25:48,959 [pool-73-thread-4] ERROR freon.RandomKeyGenerator (RandomKeyGenerator.java:createKey(735)) - Exception while adding key: key-0-04891 in bucket: bucket-0-58213 of volume: vol-3-07109.
INTERNAL_ERROR org.apache.hadoop.ozone.om.exceptions.OMException: Allocated 0 blocks. Requested 1 blocks
	at org.apache.hadoop.ozone.om.protocolPB.OzoneManagerProtocolClientSideTranslatorPB.handleError(OzoneManagerProtocolClientSideTranslatorPB.java:732)
	at org.apache.hadoop.ozone.om.protocolPB.OzoneManagerProtocolClientSideTranslatorPB.openKey(OzoneManagerProtocolClientSideTranslatorPB.java:723)
	at sun.reflect.NativeMethodAccessorImpl.invoke0(Native Method)
	at sun.reflect.NativeMethodAccessorImpl.invoke(NativeMethodAccessorImpl.java:62)
	at sun.reflect.DelegatingMethodAccessorImpl.invoke(DelegatingMethodAccessorImpl.java:43)
	at java.lang.reflect.Method.invoke(Method.java:498)
	at org.apache.hadoop.hdds.tracing.TraceAllMethod.invoke(TraceAllMethod.java:66)
	at com.sun.proxy.$Proxy37.openKey(Unknown Source)
	at org.apache.hadoop.ozone.client.rpc.RpcClient.createKey(RpcClient.java:633)
	at org.apache.hadoop.ozone.client.OzoneBucket.createKey(OzoneBucket.java:325)
	at org.apache.hadoop.ozone.freon.RandomKeyGenerator.createKey(RandomKeyGenerator.java:697)
	at org.apache.hadoop.ozone.freon.RandomKeyGenerator.access$1100(RandomKeyGenerator.java:88)
	at org.apache.hadoop.ozone.freon.RandomKeyGenerator$ObjectCreator.run(RandomKeyGenerator.java:615)
	at java.util.concurrent.Executors$RunnableAdapter.call(Executors.java:511)
	at java.util.concurrent.FutureTask.run(FutureTask.java:266)
	at java.util.concurrent.ThreadPoolExecutor.runWorker(ThreadPoolExecutor.java:1149)
	at java.util.concurrent.ThreadPoolExecutor$Worker.run(ThreadPoolExecutor.java:624)
	at java.lang.Thread.run(Thread.java:748)
2019-11-01 01:25:48,965 [grpc-default-executor-0] INFO  impl.RaftServerProxy (RaftServerProxy.java:addNew(89)) - 40b7f987-8e06-4ef9-abdc-8715eb833c11: addNew group-463ABB98F6A5:[40b7f987-8e06-4ef9-abdc-8715eb833c11:192.168.69.91:34918, 32db78ba-36ff-4254-bf6e-67e7bcfc9e39:192.168.69.91:37505, cb510fb7-fc87-4880-9dcd-5d4a84db871b:192.168.69.91:33685] returns group-463ABB98F6A5:java.util.concurrent.CompletableFuture@5b4d57a2[Not completed]
2019-11-01 01:25:48,965 [grpc-default-executor-4] INFO  impl.RaftServerProxy (RaftServerProxy.java:addNew(89)) - 32db78ba-36ff-4254-bf6e-67e7bcfc9e39: addNew group-463ABB98F6A5:[40b7f987-8e06-4ef9-abdc-8715eb833c11:192.168.69.91:34918, 32db78ba-36ff-4254-bf6e-67e7bcfc9e39:192.168.69.91:37505, cb510fb7-fc87-4880-9dcd-5d4a84db871b:192.168.69.91:33685] returns group-463ABB98F6A5:java.util.concurrent.CompletableFuture@9c4225[Not completed]
2019-11-01 01:25:48,966 [grpc-default-executor-3] INFO  impl.RaftServerProxy (RaftServerProxy.java:addNew(89)) - cb510fb7-fc87-4880-9dcd-5d4a84db871b: addNew group-463ABB98F6A5:[40b7f987-8e06-4ef9-abdc-8715eb833c11:192.168.69.91:34918, 32db78ba-36ff-4254-bf6e-67e7bcfc9e39:192.168.69.91:37505, cb510fb7-fc87-4880-9dcd-5d4a84db871b:192.168.69.91:33685] returns group-463ABB98F6A5:java.util.concurrent.CompletableFuture@5aaf6c16[Not completed]
 0.00% |?                                                                                                    |  0/100 Time: 0:00:172019-11-01 01:25:50,350 [pool-27-thread-1] INFO  storage.RaftStorageDirectory (RaftStorageDirectory.java:tryLock(328)) - Lock on /workdir/hadoop-ozone/tools/target/test-dir/MiniOzoneClusterImpl-17d7739a-f662-4c88-9e51-3c637963011a/datanode-0/data/ratis/5711cac2-4b9e-4755-84c0-2d790f9948c3/in_use.lock acquired by nodename 4689@pr-hdds-2364-master-qchwk-3441104375
2019-11-01 01:25:50,431 [pool-67-thread-1] INFO  storage.RaftStorage (RaftStorage.java:format(84)) - Storage directory /workdir/hadoop-ozone/tools/target/test-dir/MiniOzoneClusterImpl-17d7739a-f662-4c88-9e51-3c637963011a/datanode-4/data/ratis/5711cac2-4b9e-4755-84c0-2d790f9948c3 has been successfully formatted.
2019-11-01 01:25:50,431 [pool-37-thread-1] INFO  storage.RaftStorage (RaftStorage.java:format(84)) - Storage directory /workdir/hadoop-ozone/tools/target/test-dir/MiniOzoneClusterImpl-17d7739a-f662-4c88-9e51-3c637963011a/datanode-1/data/ratis/5711cac2-4b9e-4755-84c0-2d790f9948c3 has been successfully formatted.
2019-11-01 01:25:50,432 [pool-67-thread-1] INFO  ratis.ContainerStateMachine (ContainerStateMachine.java:loadSnapshot(231)) - group-2D790F9948C3: The snapshot info is null. Setting the last applied indexto:(t:0, i:~)
2019-11-01 01:25:50,432 [pool-37-thread-1] INFO  ratis.ContainerStateMachine (ContainerStateMachine.java:loadSnapshot(231)) - group-2D790F9948C3: The snapshot info is null. Setting the last applied indexto:(t:0, i:~)
2019-11-01 01:25:50,432 [pool-67-thread-1] INFO  server.RaftServerConfigKeys (ConfUtils.java:logGet(43)) - raft.server.notification.no-leader.timeout = 120s (custom)
2019-11-01 01:25:50,432 [pool-37-thread-1] INFO  server.RaftServerConfigKeys (ConfUtils.java:logGet(43)) - raft.server.notification.no-leader.timeout = 120s (custom)
2019-11-01 01:25:50,433 [pool-67-thread-1] INFO  server.RaftServerConfigKeys (ConfUtils.java:logGet(43)) - raft.server.log.use.memory = false (default)
2019-11-01 01:25:50,433 [pool-37-thread-1] INFO  server.RaftServerConfigKeys (ConfUtils.java:logGet(43)) - raft.server.log.use.memory = false (default)
2019-11-01 01:25:50,433 [pool-67-thread-1] INFO  server.RaftServerConfigKeys (ConfUtils.java:logGet(43)) - raft.server.log.purge.gap = 1000000 (custom)
2019-11-01 01:25:50,433 [pool-37-thread-1] INFO  server.RaftServerConfigKeys (ConfUtils.java:logGet(43)) - raft.server.log.purge.gap = 1000000 (custom)
2019-11-01 01:25:50,433 [pool-67-thread-1] INFO  server.RaftServerConfigKeys (ConfUtils.java:logGet(43)) - raft.server.log.appender.buffer.byte-limit = 33554432 (custom)
2019-11-01 01:25:50,434 [pool-37-thread-1] INFO  server.RaftServerConfigKeys (ConfUtils.java:logGet(43)) - raft.server.log.appender.buffer.byte-limit = 33554432 (custom)
2019-11-01 01:25:50,434 [pool-67-thread-1] INFO  server.RaftServerConfigKeys (ConfUtils.java:logGet(43)) - raft.server.log.segment.size.max = 1048576 (custom)
2019-11-01 01:25:50,434 [pool-37-thread-1] INFO  server.RaftServerConfigKeys (ConfUtils.java:logGet(43)) - raft.server.log.segment.size.max = 1048576 (custom)
2019-11-01 01:25:50,434 [pool-67-thread-1] INFO  server.RaftServerConfigKeys (ConfUtils.java:logGet(43)) - raft.server.log.segment.cache.num.max = 2 (custom)
2019-11-01 01:25:50,434 [pool-37-thread-1] INFO  server.RaftServerConfigKeys (ConfUtils.java:logGet(43)) - raft.server.log.segment.cache.num.max = 2 (custom)
2019-11-01 01:25:50,435 [pool-67-thread-1] INFO  segmented.SegmentedRaftLogWorker (SegmentedRaftLogWorker.java:<init>(173)) - new 32db78ba-36ff-4254-bf6e-67e7bcfc9e39@group-2D790F9948C3-SegmentedRaftLogWorker for RaftStorage:Storage Directory /workdir/hadoop-ozone/tools/target/test-dir/MiniOzoneClusterImpl-17d7739a-f662-4c88-9e51-3c637963011a/datanode-4/data/ratis/5711cac2-4b9e-4755-84c0-2d790f9948c3
2019-11-01 01:25:50,435 [pool-37-thread-1] INFO  segmented.SegmentedRaftLogWorker (SegmentedRaftLogWorker.java:<init>(173)) - new cb510fb7-fc87-4880-9dcd-5d4a84db871b@group-2D790F9948C3-SegmentedRaftLogWorker for RaftStorage:Storage Directory /workdir/hadoop-ozone/tools/target/test-dir/MiniOzoneClusterImpl-17d7739a-f662-4c88-9e51-3c637963011a/datanode-1/data/ratis/5711cac2-4b9e-4755-84c0-2d790f9948c3
2019-11-01 01:25:50,435 [pool-67-thread-1] INFO  server.RaftServerConfigKeys (ConfUtils.java:logGet(43)) - raft.server.log.queue.byte-limit = 2147483647 (custom)
2019-11-01 01:25:50,435 [pool-37-thread-1] INFO  server.RaftServerConfigKeys (ConfUtils.java:logGet(43)) - raft.server.log.queue.byte-limit = 2147483647 (custom)
2019-11-01 01:25:50,435 [pool-67-thread-1] INFO  server.RaftServerConfigKeys (ConfUtils.java:logGet(43)) - raft.server.log.queue.element-limit = 1024 (custom)
2019-11-01 01:25:50,436 [pool-37-thread-1] INFO  server.RaftServerConfigKeys (ConfUtils.java:logGet(43)) - raft.server.log.queue.element-limit = 1024 (custom)
2019-11-01 01:25:50,436 [pool-67-thread-1] INFO  server.RaftServerConfigKeys (ConfUtils.java:logGet(43)) - raft.server.log.segment.size.max = 1048576 (custom)
 0.00% |?                                                                                                    |  0/100 Time: 0:00:182019-11-01 01:25:50,436 [pool-37-thread-1] INFO  server.RaftServerConfigKeys (ConfUtils.java:logGet(43)) - raft.server.log.segment.size.max = 1048576 (custom)
2019-11-01 01:25:50,436 [pool-67-thread-1] INFO  server.RaftServerConfigKeys (ConfUtils.java:logGet(43)) - raft.server.log.preallocated.size = 16384 (custom)
2019-11-01 01:25:50,436 [pool-37-thread-1] INFO  server.RaftServerConfigKeys (ConfUtils.java:logGet(43)) - raft.server.log.preallocated.size = 16384 (custom)
2019-11-01 01:25:50,436 [pool-67-thread-1] INFO  server.RaftServerConfigKeys (ConfUtils.java:logGet(43)) - raft.server.log.write.buffer.size = 33554432 (custom)
2019-11-01 01:25:50,437 [pool-37-thread-1] INFO  server.RaftServerConfigKeys (ConfUtils.java:logGet(43)) - raft.server.log.write.buffer.size = 33554432 (custom)
2019-11-01 01:25:50,437 [pool-67-thread-1] INFO  server.RaftServerConfigKeys (ConfUtils.java:logGet(43)) - raft.server.log.force.sync.num = 128 (default)
2019-11-01 01:25:50,437 [pool-67-thread-1] INFO  server.RaftServerConfigKeys (ConfUtils.java:logGet(43)) - raft.server.log.statemachine.data.sync = true (default)
2019-11-01 01:25:50,437 [pool-37-thread-1] INFO  server.RaftServerConfigKeys (ConfUtils.java:logGet(43)) - raft.server.log.force.sync.num = 128 (default)
2019-11-01 01:25:50,437 [pool-67-thread-1] INFO  server.RaftServerConfigKeys (ConfUtils.java:logGet(43)) - raft.server.log.statemachine.data.sync.timeout = 10s (default)
2019-11-01 01:25:50,437 [pool-37-thread-1] INFO  server.RaftServerConfigKeys (ConfUtils.java:logGet(43)) - raft.server.log.statemachine.data.sync = true (default)
2019-11-01 01:25:50,437 [pool-67-thread-1] INFO  server.RaftServerConfigKeys (ConfUtils.java:logGet(43)) - raft.server.log.statemachine.data.sync.timeout.retry = -1 (default)
2019-11-01 01:25:50,438 [pool-37-thread-1] INFO  server.RaftServerConfigKeys (ConfUtils.java:logGet(43)) - raft.server.log.statemachine.data.sync.timeout = 10s (default)
2019-11-01 01:25:50,438 [pool-67-thread-1] INFO  server.RaftServerConfigKeys (ConfUtils.java:logGet(43)) - raft.server.log.statemachine.data.caching.enabled = true (custom)
2019-11-01 01:25:50,438 [pool-37-thread-1] INFO  server.RaftServerConfigKeys (ConfUtils.java:logGet(43)) - raft.server.log.statemachine.data.sync.timeout.retry = -1 (default)
2019-11-01 01:25:50,438 [pool-67-thread-1] INFO  segmented.SegmentedRaftLogWorker (SegmentedRaftLogWorker.java:lambda$new$0(128)) - 32db78ba-36ff-4254-bf6e-67e7bcfc9e39@group-2D790F9948C3-SegmentedRaftLogWorker: flushIndex: setUnconditionally 0 -> -1
2019-11-01 01:25:50,438 [pool-37-thread-1] INFO  server.RaftServerConfigKeys (ConfUtils.java:logGet(43)) - raft.server.log.statemachine.data.caching.enabled = true (custom)
2019-11-01 01:25:50,439 [pool-67-thread-1] INFO  server.RaftServerConfigKeys (ConfUtils.java:logGet(43)) - raft.server.snapshot.auto.trigger.enabled = true (custom)
2019-11-01 01:25:50,439 [pool-67-thread-1] INFO  server.RaftServerConfigKeys (ConfUtils.java:logGet(43)) - raft.server.snapshot.auto.trigger.threshold = 10000 (custom)
2019-11-01 01:25:50,439 [pool-37-thread-1] INFO  segmented.SegmentedRaftLogWorker (SegmentedRaftLogWorker.java:lambda$new$0(128)) - cb510fb7-fc87-4880-9dcd-5d4a84db871b@group-2D790F9948C3-SegmentedRaftLogWorker: flushIndex: setUnconditionally 0 -> -1
2019-11-01 01:25:50,439 [pool-67-thread-1] INFO  server.RaftServerConfigKeys (ConfUtils.java:logGet(43)) - raft.server.snapshot.retention.file.num = 5 (custom)
2019-11-01 01:25:50,440 [pool-67-thread-1] INFO  server.RaftServerConfigKeys (ConfUtils.java:logGet(43)) - raft.server.retrycache.expirytime = 600000ms (custom)
2019-11-01 01:25:50,440 [pool-37-thread-1] INFO  server.RaftServerConfigKeys (ConfUtils.java:logGet(43)) - raft.server.snapshot.auto.trigger.enabled = true (custom)
2019-11-01 01:25:50,441 [pool-67-thread-1] WARN  impl.MetricRegistriesImpl (MetricRegistriesImpl.java:lambda$create$1(61)) - First MetricRegistry has been created without registering reporters. You may need to call MetricRegistries.global().addReportRegistration(...) before.
2019-11-01 01:25:50,441 [pool-37-thread-1] INFO  server.RaftServerConfigKeys (ConfUtils.java:logGet(43)) - raft.server.snapshot.auto.trigger.threshold = 10000 (custom)
2019-11-01 01:25:50,441 [pool-67-thread-1] WARN  impl.MetricRegistriesImpl (MetricRegistriesImpl.java:lambda$create$1(61)) - First MetricRegistry has been created without registering reporters. You may need to call MetricRegistries.global().addReportRegistration(...) before.
2019-11-01 01:25:50,441 [pool-37-thread-1] INFO  server.RaftServerConfigKeys (ConfUtils.java:logGet(43)) - raft.server.snapshot.retention.file.num = 5 (custom)
2019-11-01 01:25:50,441 [pool-37-thread-1] INFO  server.RaftServerConfigKeys (ConfUtils.java:logGet(43)) - raft.server.retrycache.expirytime = 600000ms (custom)
2019-11-01 01:25:50,442 [pool-37-thread-1] WARN  impl.MetricRegistriesImpl (MetricRegistriesImpl.java:lambda$create$1(61)) - First MetricRegistry has been created without registering reporters. You may need to call MetricRegistries.global().addReportRegistration(...) before.
2019-11-01 01:25:50,442 [pool-37-thread-1] WARN  impl.MetricRegistriesImpl (MetricRegistriesImpl.java:lambda$create$1(61)) - First MetricRegistry has been created without registering reporters. You may need to call MetricRegistries.global().addReportRegistration(...) before.
2019-11-01 01:25:50,443 [pool-67-thread-1] INFO  impl.RaftServerImpl (RaftServerImpl.java:<init>(98)) - 32db78ba-36ff-4254-bf6e-67e7bcfc9e39: new RaftServerImpl for group-F4B7B8AA5D47:[40b7f987-8e06-4ef9-abdc-8715eb833c11:192.168.69.91:34918, 32db78ba-36ff-4254-bf6e-67e7bcfc9e39:192.168.69.91:37505, cb510fb7-fc87-4880-9dcd-5d4a84db871b:192.168.69.91:33685] with ContainerStateMachine:uninitialized
2019-11-01 01:25:50,443 [pool-67-thread-1] INFO  server.RaftServerConfigKeys (ConfUtils.java:logGet(43)) - raft.server.rpc.timeout.min = 5s (custom)
2019-11-01 01:25:50,444 [pool-67-thread-1] INFO  server.RaftServerConfigKeys (ConfUtils.java:logGet(43)) - raft.server.rpc.timeout.max = 5200ms (custom)
2019-11-01 01:25:50,444 [pool-67-thread-1] INFO  server.RaftServerConfigKeys (ConfUtils.java:logGet(43)) - raft.server.rpcslowness.timeout = 120s (custom)
2019-11-01 01:25:50,444 [pool-67-thread-1] INFO  server.RaftServerConfigKeys (ConfUtils.java:logGet(43)) - raft.server.sleep.deviation.threshold = 300 (default)
2019-11-01 01:25:50,444 [pool-67-thread-1] INFO  server.RaftServerConfigKeys (ConfUtils.java:logGet(43)) - raft.server.log.appender.install.snapshot.enabled = false (custom)
2019-11-01 01:25:50,444 [pool-67-thread-1] INFO  impl.RaftServerImpl (ServerState.java:<init>(103)) - 32db78ba-36ff-4254-bf6e-67e7bcfc9e39@group-F4B7B8AA5D47: ConfigurationManager, init=-1: [40b7f987-8e06-4ef9-abdc-8715eb833c11:192.168.69.91:34918, 32db78ba-36ff-4254-bf6e-67e7bcfc9e39:192.168.69.91:37505, cb510fb7-fc87-4880-9dcd-5d4a84db871b:192.168.69.91:33685], old=null, confs=<EMPTY_MAP>
2019-11-01 01:25:50,444 [pool-67-thread-1] INFO  server.RaftServerConfigKeys (ConfUtils.java:logGet(43)) - raft.server.storage.dir = [/workdir/hadoop-ozone/tools/target/test-dir/MiniOzoneClusterImpl-17d7739a-f662-4c88-9e51-3c637963011a/datanode-4/data/ratis] (custom)
2019-11-01 01:25:50,445 [pool-37-thread-1] INFO  impl.RaftServerImpl (RaftServerImpl.java:<init>(98)) - cb510fb7-fc87-4880-9dcd-5d4a84db871b: new RaftServerImpl for group-F4B7B8AA5D47:[40b7f987-8e06-4ef9-abdc-8715eb833c11:192.168.69.91:34918, 32db78ba-36ff-4254-bf6e-67e7bcfc9e39:192.168.69.91:37505, cb510fb7-fc87-4880-9dcd-5d4a84db871b:192.168.69.91:33685] with ContainerStateMachine:uninitialized
2019-11-01 01:25:50,445 [pool-67-thread-1] INFO  server.RaftServerConfigKeys (ConfUtils.java:logGet(43)) - raft.server.log.corruption.policy = EXCEPTION (default)
2019-11-01 01:25:50,445 [pool-37-thread-1] INFO  server.RaftServerConfigKeys (ConfUtils.java:logGet(43)) - raft.server.rpc.timeout.min = 5s (custom)
2019-11-01 01:25:50,445 [pool-67-thread-1] INFO  storage.RaftStorageDirectory (RaftStorageDirectory.java:analyzeStorage(246)) - The storage directory /workdir/hadoop-ozone/tools/target/test-dir/MiniOzoneClusterImpl-17d7739a-f662-4c88-9e51-3c637963011a/datanode-4/data/ratis/e28749fe-4a5a-40eb-94b4-f4b7b8aa5d47 does not exist. Creating ...
2019-11-01 01:25:50,445 [pool-37-thread-1] INFO  server.RaftServerConfigKeys (ConfUtils.java:logGet(43)) - raft.server.rpc.timeout.max = 5200ms (custom)
2019-11-01 01:25:50,445 [pool-37-thread-1] INFO  server.RaftServerConfigKeys (ConfUtils.java:logGet(43)) - raft.server.rpcslowness.timeout = 120s (custom)
2019-11-01 01:25:50,445 [pool-37-thread-1] INFO  server.RaftServerConfigKeys (ConfUtils.java:logGet(43)) - raft.server.sleep.deviation.threshold = 300 (default)
2019-11-01 01:25:50,446 [pool-37-thread-1] INFO  server.RaftServerConfigKeys (ConfUtils.java:logGet(43)) - raft.server.log.appender.install.snapshot.enabled = false (custom)
2019-11-01 01:25:50,446 [pool-37-thread-1] INFO  impl.RaftServerImpl (ServerState.java:<init>(103)) - cb510fb7-fc87-4880-9dcd-5d4a84db871b@group-F4B7B8AA5D47: ConfigurationManager, init=-1: [40b7f987-8e06-4ef9-abdc-8715eb833c11:192.168.69.91:34918, 32db78ba-36ff-4254-bf6e-67e7bcfc9e39:192.168.69.91:37505, cb510fb7-fc87-4880-9dcd-5d4a84db871b:192.168.69.91:33685], old=null, confs=<EMPTY_MAP>
2019-11-01 01:25:50,446 [pool-37-thread-1] INFO  server.RaftServerConfigKeys (ConfUtils.java:logGet(43)) - raft.server.storage.dir = [/workdir/hadoop-ozone/tools/target/test-dir/MiniOzoneClusterImpl-17d7739a-f662-4c88-9e51-3c637963011a/datanode-1/data/ratis] (custom)
2019-11-01 01:25:50,446 [pool-37-thread-1] INFO  server.RaftServerConfigKeys (ConfUtils.java:logGet(43)) - raft.server.log.corruption.policy = EXCEPTION (default)
2019-11-01 01:25:50,447 [pool-37-thread-1] INFO  storage.RaftStorageDirectory (RaftStorageDirectory.java:analyzeStorage(246)) - The storage directory /workdir/hadoop-ozone/tools/target/test-dir/MiniOzoneClusterImpl-17d7739a-f662-4c88-9e51-3c637963011a/datanode-1/data/ratis/e28749fe-4a5a-40eb-94b4-f4b7b8aa5d47 does not exist. Creating ...
2019-11-01 01:25:51,310 [32db78ba-36ff-4254-bf6e-67e7bcfc9e39@group-F9329D95E7B3-LeaderElection1] INFO  impl.LeaderElection (LogUtils.java:infoOrTrace(149)) - 32db78ba-36ff-4254-bf6e-67e7bcfc9e39@group-F9329D95E7B3-LeaderElection1 got exception when requesting votes: {}
java.util.concurrent.ExecutionException: org.apache.ratis.thirdparty.io.grpc.StatusRuntimeException: DEADLINE_EXCEEDED: deadline exceeded after 2999564148ns
	at java.util.concurrent.FutureTask.report(FutureTask.java:122)
	at java.util.concurrent.FutureTask.get(FutureTask.java:192)
	at org.apache.ratis.server.impl.LeaderElection.waitForResults(LeaderElection.java:259)
	at org.apache.ratis.server.impl.LeaderElection.askForVotes(LeaderElection.java:197)
	at org.apache.ratis.server.impl.LeaderElection.run(LeaderElection.java:133)
	at java.lang.Thread.run(Thread.java:748)
Caused by: org.apache.ratis.thirdparty.io.grpc.StatusRuntimeException: DEADLINE_EXCEEDED: deadline exceeded after 2999564148ns
	at org.apache.ratis.thirdparty.io.grpc.stub.ClientCalls.toStatusRuntimeException(ClientCalls.java:233)
	at org.apache.ratis.thirdparty.io.grpc.stub.ClientCalls.getUnchecked(ClientCalls.java:214)
	at org.apache.ratis.thirdparty.io.grpc.stub.ClientCalls.blockingUnaryCall(ClientCalls.java:139)
	at org.apache.ratis.proto.grpc.RaftServerProtocolServiceGrpc$RaftServerProtocolServiceBlockingStub.requestVote(RaftServerProtocolServiceGrpc.java:265)
	at org.apache.ratis.grpc.server.GrpcServerProtocolClient.requestVote(GrpcServerProtocolClient.java:99)
	at org.apache.ratis.grpc.server.GrpcService.requestVote(GrpcService.java:204)
	at org.apache.ratis.server.impl.LeaderElection.lambda$submitRequests$1(LeaderElection.java:234)
	at java.util.concurrent.FutureTask.run(FutureTask.java:266)
	at java.util.concurrent.Executors$RunnableAdapter.call(Executors.java:511)
	at java.util.concurrent.FutureTask.run(FutureTask.java:266)
	at java.util.concurrent.ThreadPoolExecutor.runWorker(ThreadPoolExecutor.java:1149)
	at java.util.concurrent.ThreadPoolExecutor$Worker.run(ThreadPoolExecutor.java:624)
	... 1 more
2019-11-01 01:25:51,310 [cb510fb7-fc87-4880-9dcd-5d4a84db871b@group-F9329D95E7B3-LeaderElection2] INFO  impl.LeaderElection (LogUtils.java:infoOrTrace(149)) - cb510fb7-fc87-4880-9dcd-5d4a84db871b@group-F9329D95E7B3-LeaderElection2 got exception when requesting votes: {}
java.util.concurrent.ExecutionException: org.apache.ratis.thirdparty.io.grpc.StatusRuntimeException: DEADLINE_EXCEEDED: deadline exceeded after 2999600520ns
	at java.util.concurrent.FutureTask.report(FutureTask.java:122)
	at java.util.concurrent.FutureTask.get(FutureTask.java:192)
	at org.apache.ratis.server.impl.LeaderElection.waitForResults(LeaderElection.java:259)
	at org.apache.ratis.server.impl.LeaderElection.askForVotes(LeaderElection.java:197)
	at org.apache.ratis.server.impl.LeaderElection.run(LeaderElection.java:133)
	at java.lang.Thread.run(Thread.java:748)
Caused by: org.apache.ratis.thirdparty.io.grpc.StatusRuntimeException: DEADLINE_EXCEEDED: deadline exceeded after 2999600520ns
	at org.apache.ratis.thirdparty.io.grpc.stub.ClientCalls.toStatusRuntimeException(ClientCalls.java:233)
	at org.apache.ratis.thirdparty.io.grpc.stub.ClientCalls.getUnchecked(ClientCalls.java:214)
	at org.apache.ratis.thirdparty.io.grpc.stub.ClientCalls.blockingUnaryCall(ClientCalls.java:139)
	at org.apache.ratis.proto.grpc.RaftServerProtocolServiceGrpc$RaftServerProtocolServiceBlockingStub.requestVote(RaftServerProtocolServiceGrpc.java:265)
	at org.apache.ratis.grpc.server.GrpcServerProtocolClient.requestVote(GrpcServerProtocolClient.java:99)
	at org.apache.ratis.grpc.server.GrpcService.requestVote(GrpcService.java:204)
	at org.apache.ratis.server.impl.LeaderElection.lambda$submitRequests$1(LeaderElection.java:234)
	at java.util.concurrent.FutureTask.run(FutureTask.java:266)
	at java.util.concurrent.Executors$RunnableAdapter.call(Executors.java:511)
	at java.util.concurrent.FutureTask.run(FutureTask.java:266)
	at java.util.concurrent.ThreadPoolExecutor.runWorker(ThreadPoolExecutor.java:1149)
	at java.util.concurrent.ThreadPoolExecutor$Worker.run(ThreadPoolExecutor.java:624)
	... 1 more
2019-11-01 01:25:51,318 [32db78ba-36ff-4254-bf6e-67e7bcfc9e39@group-F9329D95E7B3-LeaderElection1] INFO  impl.LeaderElection (LeaderElection.java:logAndReturn(56)) - 32db78ba-36ff-4254-bf6e-67e7bcfc9e39@group-F9329D95E7B3-LeaderElection1: Election REJECTED; received 1 response(s) [32db78ba-36ff-4254-bf6e-67e7bcfc9e39<-cb510fb7-fc87-4880-9dcd-5d4a84db871b#0:FAIL-t1] and 1 exception(s); 32db78ba-36ff-4254-bf6e-67e7bcfc9e39@group-F9329D95E7B3:t1, leader=null, voted=32db78ba-36ff-4254-bf6e-67e7bcfc9e39, raftlog=32db78ba-36ff-4254-bf6e-67e7bcfc9e39@group-F9329D95E7B3-SegmentedRaftLog:OPENED:c-1,f-1,i0, conf=-1: [40b7f987-8e06-4ef9-abdc-8715eb833c11:192.168.69.91:34918, 32db78ba-36ff-4254-bf6e-67e7bcfc9e39:192.168.69.91:37505, cb510fb7-fc87-4880-9dcd-5d4a84db871b:192.168.69.91:33685], old=null
2019-11-01 01:25:51,318 [cb510fb7-fc87-4880-9dcd-5d4a84db871b@group-F9329D95E7B3-LeaderElection2] INFO  impl.LeaderElection (LeaderElection.java:logAndReturn(56)) - cb510fb7-fc87-4880-9dcd-5d4a84db871b@group-F9329D95E7B3-LeaderElection2: Election REJECTED; received 1 response(s) [cb510fb7-fc87-4880-9dcd-5d4a84db871b<-32db78ba-36ff-4254-bf6e-67e7bcfc9e39#0:FAIL-t1] and 1 exception(s); cb510fb7-fc87-4880-9dcd-5d4a84db871b@group-F9329D95E7B3:t1, leader=null, voted=cb510fb7-fc87-4880-9dcd-5d4a84db871b, raftlog=cb510fb7-fc87-4880-9dcd-5d4a84db871b@group-F9329D95E7B3-SegmentedRaftLog:OPENED:c-1,f-1,i0, conf=-1: [40b7f987-8e06-4ef9-abdc-8715eb833c11:192.168.69.91:34918, 32db78ba-36ff-4254-bf6e-67e7bcfc9e39:192.168.69.91:37505, cb510fb7-fc87-4880-9dcd-5d4a84db871b:192.168.69.91:33685], old=null
2019-11-01 01:25:51,318 [32db78ba-36ff-4254-bf6e-67e7bcfc9e39@group-F9329D95E7B3-LeaderElection1] INFO  impl.LeaderElection (LogUtils.java:infoOrTrace(149)) -   Exception 0: {}
java.util.concurrent.ExecutionException: org.apache.ratis.thirdparty.io.grpc.StatusRuntimeException: DEADLINE_EXCEEDED: deadline exceeded after 2999564148ns
	at java.util.concurrent.FutureTask.report(FutureTask.java:122)
	at java.util.concurrent.FutureTask.get(FutureTask.java:192)
	at org.apache.ratis.server.impl.LeaderElection.waitForResults(LeaderElection.java:259)
	at org.apache.ratis.server.impl.LeaderElection.askForVotes(LeaderElection.java:197)
	at org.apache.ratis.server.impl.LeaderElection.run(LeaderElection.java:133)
	at java.lang.Thread.run(Thread.java:748)
Caused by: org.apache.ratis.thirdparty.io.grpc.StatusRuntimeException: DEADLINE_EXCEEDED: deadline exceeded after 2999564148ns
	at org.apache.ratis.thirdparty.io.grpc.stub.ClientCalls.toStatusRuntimeException(ClientCalls.java:233)
	at org.apache.ratis.thirdparty.io.grpc.stub.ClientCalls.getUnchecked(ClientCalls.java:214)
	at org.apache.ratis.thirdparty.io.grpc.stub.ClientCalls.blockingUnaryCall(ClientCalls.java:139)
	at org.apache.ratis.proto.grpc.RaftServerProtocolServiceGrpc$RaftServerProtocolServiceBlockingStub.requestVote(RaftServerProtocolServiceGrpc.java:265)
	at org.apache.ratis.grpc.server.GrpcServerProtocolClient.requestVote(GrpcServerProtocolClient.java:99)
	at org.apache.ratis.grpc.server.GrpcService.requestVote(GrpcService.java:204)
	at org.apache.ratis.server.impl.LeaderElection.lambda$submitRequests$1(LeaderElection.java:234)
	at java.util.concurrent.FutureTask.run(FutureTask.java:266)
	at java.util.concurrent.Executors$RunnableAdapter.call(Executors.java:511)
	at java.util.concurrent.FutureTask.run(FutureTask.java:266)
	at java.util.concurrent.ThreadPoolExecutor.runWorker(ThreadPoolExecutor.java:1149)
	at java.util.concurrent.ThreadPoolExecutor$Worker.run(ThreadPoolExecutor.java:624)
	... 1 more
2019-11-01 01:25:51,319 [cb510fb7-fc87-4880-9dcd-5d4a84db871b@group-F9329D95E7B3-LeaderElection2] INFO  impl.LeaderElection (LogUtils.java:infoOrTrace(149)) -   Exception 0: {}
java.util.concurrent.ExecutionException: org.apache.ratis.thirdparty.io.grpc.StatusRuntimeException: DEADLINE_EXCEEDED: deadline exceeded after 2999600520ns
	at java.util.concurrent.FutureTask.report(FutureTask.java:122)
	at java.util.concurrent.FutureTask.get(FutureTask.java:192)
	at org.apache.ratis.server.impl.LeaderElection.waitForResults(LeaderElection.java:259)
	at org.apache.ratis.server.impl.LeaderElection.askForVotes(LeaderElection.java:197)
	at org.apache.ratis.server.impl.LeaderElection.run(LeaderElection.java:133)
	at java.lang.Thread.run(Thread.java:748)
Caused by: org.apache.ratis.thirdparty.io.grpc.StatusRuntimeException: DEADLINE_EXCEEDED: deadline exceeded after 2999600520ns
	at org.apache.ratis.thirdparty.io.grpc.stub.ClientCalls.toStatusRuntimeException(ClientCalls.java:233)
	at org.apache.ratis.thirdparty.io.grpc.stub.ClientCalls.getUnchecked(ClientCalls.java:214)
	at org.apache.ratis.thirdparty.io.grpc.stub.ClientCalls.blockingUnaryCall(ClientCalls.java:139)
	at org.apache.ratis.proto.grpc.RaftServerProtocolServiceGrpc$RaftServerProtocolServiceBlockingStub.requestVote(RaftServerProtocolServiceGrpc.java:265)
	at org.apache.ratis.grpc.server.GrpcServerProtocolClient.requestVote(GrpcServerProtocolClient.java:99)
	at org.apache.ratis.grpc.server.GrpcService.requestVote(GrpcService.java:204)
	at org.apache.ratis.server.impl.LeaderElection.lambda$submitRequests$1(LeaderElection.java:234)
	at java.util.concurrent.FutureTask.run(FutureTask.java:266)
	at java.util.concurrent.Executors$RunnableAdapter.call(Executors.java:511)
	at java.util.concurrent.FutureTask.run(FutureTask.java:266)
	at java.util.concurrent.ThreadPoolExecutor.runWorker(ThreadPoolExecutor.java:1149)
	at java.util.concurrent.ThreadPoolExecutor$Worker.run(ThreadPoolExecutor.java:624)
	... 1 more
2019-11-01 01:25:51,321 [32db78ba-36ff-4254-bf6e-67e7bcfc9e39@group-F9329D95E7B3-LeaderElection1] INFO  impl.RaftServerImpl (RaftServerImpl.java:setRole(173)) - 32db78ba-36ff-4254-bf6e-67e7bcfc9e39@group-F9329D95E7B3: changes role from CANDIDATE to FOLLOWER at term 1 for DISCOVERED_A_NEW_TERM
2019-11-01 01:25:51,324 [cb510fb7-fc87-4880-9dcd-5d4a84db871b@group-F9329D95E7B3-LeaderElection2] INFO  impl.RaftServerImpl (RaftServerImpl.java:setRole(173)) - cb510fb7-fc87-4880-9dcd-5d4a84db871b@group-F9329D95E7B3: changes role from CANDIDATE to FOLLOWER at term 1 for DISCOVERED_A_NEW_TERM
2019-11-01 01:25:51,326 [32db78ba-36ff-4254-bf6e-67e7bcfc9e39@group-F9329D95E7B3-LeaderElection1] INFO  impl.RoleInfo (RoleInfo.java:shutdownLeaderElection(134)) - 32db78ba-36ff-4254-bf6e-67e7bcfc9e39: shutdown LeaderElection
2019-11-01 01:25:51,326 [cb510fb7-fc87-4880-9dcd-5d4a84db871b@group-F9329D95E7B3-LeaderElection2] INFO  impl.RoleInfo (RoleInfo.java:shutdownLeaderElection(134)) - cb510fb7-fc87-4880-9dcd-5d4a84db871b: shutdown LeaderElection
2019-11-01 01:25:51,327 [32db78ba-36ff-4254-bf6e-67e7bcfc9e39@group-F9329D95E7B3-LeaderElection1] INFO  impl.RoleInfo (RoleInfo.java:updateAndGet(143)) - 32db78ba-36ff-4254-bf6e-67e7bcfc9e39: start FollowerState
2019-11-01 01:25:51,327 [cb510fb7-fc87-4880-9dcd-5d4a84db871b@group-F9329D95E7B3-LeaderElection2] INFO  impl.RoleInfo (RoleInfo.java:updateAndGet(143)) - cb510fb7-fc87-4880-9dcd-5d4a84db871b: start FollowerState
 0.00% |?                                                                                                    |  0/100 Time: 0:00:192019-11-01 01:25:51,963 [RATISCREATEPIPELINE3] ERROR pipeline.RatisPipelineProvider (RatisPipelineProvider.java:lambda$null$5(237)) - Failed invoke Ratis rpc org.apache.hadoop.hdds.scm.pipeline.RatisPipelineProvider$$Lambda$189/1108188651@7aa688ff for 32db78ba-36ff-4254-bf6e-67e7bcfc9e39
org.apache.ratis.protocol.TimeoutIOException: deadline exceeded after 2994532179ns
	at org.apache.ratis.grpc.GrpcUtil.tryUnwrapException(GrpcUtil.java:82)
	at org.apache.ratis.grpc.GrpcUtil.unwrapException(GrpcUtil.java:75)
	at org.apache.ratis.grpc.client.GrpcClientProtocolClient.blockingCall(GrpcClientProtocolClient.java:184)
	at org.apache.ratis.grpc.client.GrpcClientProtocolClient.groupAdd(GrpcClientProtocolClient.java:153)
	at org.apache.ratis.grpc.client.GrpcClientRpc.sendRequest(GrpcClientRpc.java:94)
	at org.apache.ratis.client.impl.RaftClientImpl.sendRequest(RaftClientImpl.java:278)
	at org.apache.ratis.client.impl.RaftClientImpl.groupAdd(RaftClientImpl.java:205)
	at org.apache.hadoop.hdds.scm.pipeline.RatisPipelineProvider.lambda$initializePipeline$4(RatisPipelineProvider.java:198)
	at org.apache.hadoop.hdds.scm.pipeline.RatisPipelineProvider.lambda$null$5(RatisPipelineProvider.java:233)
	at java.util.stream.ForEachOps$ForEachOp$OfRef.accept(ForEachOps.java:183)
	at java.util.ArrayList$ArrayListSpliterator.forEachRemaining(ArrayList.java:1382)
	at java.util.stream.AbstractPipeline.copyInto(AbstractPipeline.java:482)
	at java.util.stream.ForEachOps$ForEachTask.compute(ForEachOps.java:290)
	at java.util.concurrent.CountedCompleter.exec(CountedCompleter.java:731)
	at java.util.concurrent.ForkJoinTask.doExec(ForkJoinTask.java:289)
	at java.util.concurrent.ForkJoinPool$WorkQueue.runTask(ForkJoinPool.java:1056)
	at java.util.concurrent.ForkJoinPool.runWorker(ForkJoinPool.java:1692)
	at java.util.concurrent.ForkJoinWorkerThread.run(ForkJoinWorkerThread.java:157)
Caused by: org.apache.ratis.thirdparty.io.grpc.StatusRuntimeException: DEADLINE_EXCEEDED: deadline exceeded after 2994532179ns
	at org.apache.ratis.thirdparty.io.grpc.stub.ClientCalls.toStatusRuntimeException(ClientCalls.java:233)
	at org.apache.ratis.thirdparty.io.grpc.stub.ClientCalls.getUnchecked(ClientCalls.java:214)
	at org.apache.ratis.thirdparty.io.grpc.stub.ClientCalls.blockingUnaryCall(ClientCalls.java:139)
	at org.apache.ratis.proto.grpc.AdminProtocolServiceGrpc$AdminProtocolServiceBlockingStub.groupManagement(AdminProtocolServiceGrpc.java:274)
	at org.apache.ratis.grpc.client.GrpcClientProtocolClient.lambda$groupAdd$3(GrpcClientProtocolClient.java:155)
	at org.apache.ratis.grpc.client.GrpcClientProtocolClient.blockingCall(GrpcClientProtocolClient.java:182)
	... 15 more
2019-11-01 01:25:51,963 [RATISCREATEPIPELINE2] ERROR pipeline.RatisPipelineProvider (RatisPipelineProvider.java:lambda$null$5(237)) - Failed invoke Ratis rpc org.apache.hadoop.hdds.scm.pipeline.RatisPipelineProvider$$Lambda$189/1108188651@7aa688ff for 40b7f987-8e06-4ef9-abdc-8715eb833c11
org.apache.ratis.protocol.TimeoutIOException: deadline exceeded after 2999747524ns
	at org.apache.ratis.grpc.GrpcUtil.tryUnwrapException(GrpcUtil.java:82)
	at org.apache.ratis.grpc.GrpcUtil.unwrapException(GrpcUtil.java:75)
	at org.apache.ratis.grpc.client.GrpcClientProtocolClient.blockingCall(GrpcClientProtocolClient.java:184)
	at org.apache.ratis.grpc.client.GrpcClientProtocolClient.groupAdd(GrpcClientProtocolClient.java:153)
	at org.apache.ratis.grpc.client.GrpcClientRpc.sendRequest(GrpcClientRpc.java:94)
	at org.apache.ratis.client.impl.RaftClientImpl.sendRequest(RaftClientImpl.java:278)
	at org.apache.ratis.client.impl.RaftClientImpl.groupAdd(RaftClientImpl.java:205)
	at org.apache.hadoop.hdds.scm.pipeline.RatisPipelineProvider.lambda$initializePipeline$4(RatisPipelineProvider.java:198)
	at org.apache.hadoop.hdds.scm.pipeline.RatisPipelineProvider.lambda$null$5(RatisPipelineProvider.java:233)
	at java.util.stream.ForEachOps$ForEachOp$OfRef.accept(ForEachOps.java:183)
	at java.util.ArrayList$ArrayListSpliterator.forEachRemaining(ArrayList.java:1382)
	at java.util.stream.AbstractPipeline.copyInto(AbstractPipeline.java:482)
	at java.util.stream.ForEachOps$ForEachTask.compute(ForEachOps.java:290)
	at java.util.concurrent.CountedCompleter.exec(CountedCompleter.java:731)
	at java.util.concurrent.ForkJoinTask.doExec(ForkJoinTask.java:289)
	at java.util.concurrent.ForkJoinPool$WorkQueue.runTask(ForkJoinPool.java:1056)
	at java.util.concurrent.ForkJoinPool.runWorker(ForkJoinPool.java:1692)
	at java.util.concurrent.ForkJoinWorkerThread.run(ForkJoinWorkerThread.java:157)
Caused by: org.apache.ratis.thirdparty.io.grpc.StatusRuntimeException: DEADLINE_EXCEEDED: deadline exceeded after 2999747524ns
	at org.apache.ratis.thirdparty.io.grpc.stub.ClientCalls.toStatusRuntimeException(ClientCalls.java:233)
	at org.apache.ratis.thirdparty.io.grpc.stub.ClientCalls.getUnchecked(ClientCalls.java:214)
	at org.apache.ratis.thirdparty.io.grpc.stub.ClientCalls.blockingUnaryCall(ClientCalls.java:139)
	at org.apache.ratis.proto.grpc.AdminProtocolServiceGrpc$AdminProtocolServiceBlockingStub.groupManagement(AdminProtocolServiceGrpc.java:274)
	at org.apache.ratis.grpc.client.GrpcClientProtocolClient.lambda$groupAdd$3(GrpcClientProtocolClient.java:155)
	at org.apache.ratis.grpc.client.GrpcClientProtocolClient.blockingCall(GrpcClientProtocolClient.java:182)
	... 15 more
2019-11-01 01:25:51,967 [RATISCREATEPIPELINE1] ERROR pipeline.RatisPipelineProvider (RatisPipelineProvider.java:lambda$null$5(237)) - Failed invoke Ratis rpc org.apache.hadoop.hdds.scm.pipeline.RatisPipelineProvider$$Lambda$189/1108188651@7aa688ff for cb510fb7-fc87-4880-9dcd-5d4a84db871b
org.apache.ratis.protocol.TimeoutIOException: deadline exceeded after 2999716954ns
	at org.apache.ratis.grpc.GrpcUtil.tryUnwrapException(GrpcUtil.java:82)
	at org.apache.ratis.grpc.GrpcUtil.unwrapException(GrpcUtil.java:75)
	at org.apache.ratis.grpc.client.GrpcClientProtocolClient.blockingCall(GrpcClientProtocolClient.java:184)
	at org.apache.ratis.grpc.client.GrpcClientProtocolClient.groupAdd(GrpcClientProtocolClient.java:153)
	at org.apache.ratis.grpc.client.GrpcClientRpc.sendRequest(GrpcClientRpc.java:94)
	at org.apache.ratis.client.impl.RaftClientImpl.sendRequest(RaftClientImpl.java:278)
	at org.apache.ratis.client.impl.RaftClientImpl.groupAdd(RaftClientImpl.java:205)
	at org.apache.hadoop.hdds.scm.pipeline.RatisPipelineProvider.lambda$initializePipeline$4(RatisPipelineProvider.java:198)
	at org.apache.hadoop.hdds.scm.pipeline.RatisPipelineProvider.lambda$null$5(RatisPipelineProvider.java:233)
	at java.util.stream.ForEachOps$ForEachOp$OfRef.accept(ForEachOps.java:183)
	at java.util.ArrayList$ArrayListSpliterator.forEachRemaining(ArrayList.java:1382)
	at java.util.stream.AbstractPipeline.copyInto(AbstractPipeline.java:482)
	at java.util.stream.ForEachOps$ForEachTask.compute(ForEachOps.java:290)
	at java.util.concurrent.CountedCompleter.exec(CountedCompleter.java:731)
	at java.util.concurrent.ForkJoinTask.doExec(ForkJoinTask.java:289)
	at java.util.concurrent.ForkJoinTask.doInvoke(ForkJoinTask.java:401)
	at java.util.concurrent.ForkJoinTask.invoke(ForkJoinTask.java:734)
	at java.util.stream.ForEachOps$ForEachOp.evaluateParallel(ForEachOps.java:159)
	at java.util.stream.ForEachOps$ForEachOp$OfRef.evaluateParallel(ForEachOps.java:173)
	at java.util.stream.AbstractPipeline.evaluate(AbstractPipeline.java:233)
	at java.util.stream.ReferencePipeline.forEach(ReferencePipeline.java:485)
	at java.util.stream.ReferencePipeline$Head.forEach(ReferencePipeline.java:650)
	at org.apache.hadoop.hdds.scm.pipeline.RatisPipelineProvider.lambda$callRatisRpc$6(RatisPipelineProvider.java:227)
	at java.util.concurrent.ForkJoinTask$AdaptedRunnableAction.exec(ForkJoinTask.java:1386)
	at java.util.concurrent.ForkJoinTask.doExec(ForkJoinTask.java:289)
	at java.util.concurrent.ForkJoinPool$WorkQueue.runTask(ForkJoinPool.java:1056)
	at java.util.concurrent.ForkJoinPool.runWorker(ForkJoinPool.java:1692)
	at java.util.concurrent.ForkJoinWorkerThread.run(ForkJoinWorkerThread.java:157)
Caused by: org.apache.ratis.thirdparty.io.grpc.StatusRuntimeException: DEADLINE_EXCEEDED: deadline exceeded after 2999716954ns
	at org.apache.ratis.thirdparty.io.grpc.stub.ClientCalls.toStatusRuntimeException(ClientCalls.java:233)
	at org.apache.ratis.thirdparty.io.grpc.stub.ClientCalls.getUnchecked(ClientCalls.java:214)
	at org.apache.ratis.thirdparty.io.grpc.stub.ClientCalls.blockingUnaryCall(ClientCalls.java:139)
	at org.apache.ratis.proto.grpc.AdminProtocolServiceGrpc$AdminProtocolServiceBlockingStub.groupManagement(AdminProtocolServiceGrpc.java:274)
	at org.apache.ratis.grpc.client.GrpcClientProtocolClient.lambda$groupAdd$3(GrpcClientProtocolClient.java:155)
	at org.apache.ratis.grpc.client.GrpcClientProtocolClient.blockingCall(GrpcClientProtocolClient.java:182)
	... 25 more
2019-11-01 01:25:51,969 [IPC Server handler 7 on 35541] WARN  block.BlockManagerImpl (BlockManagerImpl.java:allocateBlock(200)) - Pipeline creation failed for type:RATIS factor:THREE. Retrying get pipelines call once.
org.apache.hadoop.io.MultipleIOException: 3 exceptions [java.io.IOException: Failed invoke Ratis rpc org.apache.hadoop.hdds.scm.pipeline.RatisPipelineProvider$$Lambda$189/1108188651@7aa688ff for 32db78ba-36ff-4254-bf6e-67e7bcfc9e39, java.io.IOException: Failed invoke Ratis rpc org.apache.hadoop.hdds.scm.pipeline.RatisPipelineProvider$$Lambda$189/1108188651@7aa688ff for 40b7f987-8e06-4ef9-abdc-8715eb833c11, java.io.IOException: Failed invoke Ratis rpc org.apache.hadoop.hdds.scm.pipeline.RatisPipelineProvider$$Lambda$189/1108188651@7aa688ff for cb510fb7-fc87-4880-9dcd-5d4a84db871b]
	at org.apache.hadoop.io.MultipleIOException.createIOException(MultipleIOException.java:53)
	at org.apache.hadoop.hdds.scm.pipeline.RatisPipelineProvider.callRatisRpc(RatisPipelineProvider.java:253)
	at org.apache.hadoop.hdds.scm.pipeline.RatisPipelineProvider.initializePipeline(RatisPipelineProvider.java:196)
	at org.apache.hadoop.hdds.scm.pipeline.RatisPipelineProvider.create(RatisPipelineProvider.java:163)
	at org.apache.hadoop.hdds.scm.pipeline.PipelineFactory.create(PipelineFactory.java:58)
	at org.apache.hadoop.hdds.scm.pipeline.SCMPipelineManager.createPipeline(SCMPipelineManager.java:155)
	at org.apache.hadoop.hdds.scm.block.BlockManagerImpl.allocateBlock(BlockManagerImpl.java:198)
	at org.apache.hadoop.hdds.scm.server.SCMBlockProtocolServer.allocateBlock(SCMBlockProtocolServer.java:187)
	at org.apache.hadoop.hdds.scm.protocol.ScmBlockLocationProtocolServerSideTranslatorPB.allocateScmBlock(ScmBlockLocationProtocolServerSideTranslatorPB.java:159)
	at org.apache.hadoop.hdds.scm.protocol.ScmBlockLocationProtocolServerSideTranslatorPB.processMessage(ScmBlockLocationProtocolServerSideTranslatorPB.java:117)
	at org.apache.hadoop.hdds.server.OzoneProtocolMessageDispatcher.processRequest(OzoneProtocolMessageDispatcher.java:72)
	at org.apache.hadoop.hdds.scm.protocol.ScmBlockLocationProtocolServerSideTranslatorPB.send(ScmBlockLocationProtocolServerSideTranslatorPB.java:98)
	at org.apache.hadoop.hdds.protocol.proto.ScmBlockLocationProtocolProtos$ScmBlockLocationProtocolService$2.callBlockingMethod(ScmBlockLocationProtocolProtos.java:13157)
	at org.apache.hadoop.ipc.ProtobufRpcEngine$Server$ProtoBufRpcInvoker.call(ProtobufRpcEngine.java:524)
	at org.apache.hadoop.ipc.RPC$Server.call(RPC.java:1025)
	at org.apache.hadoop.ipc.Server$RpcCall.run(Server.java:876)
	at org.apache.hadoop.ipc.Server$RpcCall.run(Server.java:822)
	at java.security.AccessController.doPrivileged(Native Method)
	at javax.security.auth.Subject.doAs(Subject.java:422)
	at org.apache.hadoop.security.UserGroupInformation.doAs(UserGroupInformation.java:1730)
	at org.apache.hadoop.ipc.Server$Handler.run(Server.java:2682)
2019-11-01 01:25:51,969 [IPC Server handler 19 on 35541] INFO  block.BlockManagerImpl (BlockManagerImpl.java:allocateBlock(212)) - Could not find available pipeline of type:RATIS and factor:THREE even after retrying
2019-11-01 01:25:51,970 [IPC Server handler 19 on 35541] ERROR block.BlockManagerImpl (BlockManagerImpl.java:allocateBlock(236)) - Unable to allocate a block for the size: 4194304, type: RATIS, factor: THREE
2019-11-01 01:25:51,974 [pool-73-thread-3] ERROR freon.RandomKeyGenerator (RandomKeyGenerator.java:createKey(735)) - Exception while adding key: key-0-38500 in bucket: bucket-0-14887 of volume: vol-2-86438.
INTERNAL_ERROR org.apache.hadoop.ozone.om.exceptions.OMException: Allocated 0 blocks. Requested 1 blocks
	at org.apache.hadoop.ozone.om.protocolPB.OzoneManagerProtocolClientSideTranslatorPB.handleError(OzoneManagerProtocolClientSideTranslatorPB.java:732)
	at org.apache.hadoop.ozone.om.protocolPB.OzoneManagerProtocolClientSideTranslatorPB.openKey(OzoneManagerProtocolClientSideTranslatorPB.java:723)
	at sun.reflect.NativeMethodAccessorImpl.invoke0(Native Method)
	at sun.reflect.NativeMethodAccessorImpl.invoke(NativeMethodAccessorImpl.java:62)
	at sun.reflect.DelegatingMethodAccessorImpl.invoke(DelegatingMethodAccessorImpl.java:43)
	at java.lang.reflect.Method.invoke(Method.java:498)
	at org.apache.hadoop.hdds.tracing.TraceAllMethod.invoke(TraceAllMethod.java:66)
	at com.sun.proxy.$Proxy37.openKey(Unknown Source)
	at org.apache.hadoop.ozone.client.rpc.RpcClient.createKey(RpcClient.java:633)
	at org.apache.hadoop.ozone.client.OzoneBucket.createKey(OzoneBucket.java:325)
	at org.apache.hadoop.ozone.freon.RandomKeyGenerator.createKey(RandomKeyGenerator.java:697)
	at org.apache.hadoop.ozone.freon.RandomKeyGenerator.access$1100(RandomKeyGenerator.java:88)
	at org.apache.hadoop.ozone.freon.RandomKeyGenerator$ObjectCreator.run(RandomKeyGenerator.java:615)
	at java.util.concurrent.Executors$RunnableAdapter.call(Executors.java:511)
	at java.util.concurrent.FutureTask.run(FutureTask.java:266)
	at java.util.concurrent.ThreadPoolExecutor.runWorker(ThreadPoolExecutor.java:1149)
	at java.util.concurrent.ThreadPoolExecutor$Worker.run(ThreadPoolExecutor.java:624)
	at java.lang.Thread.run(Thread.java:748)
2019-11-01 01:25:51,989 [grpc-default-executor-0] INFO  impl.RaftServerProxy (RaftServerProxy.java:addNew(89)) - 32db78ba-36ff-4254-bf6e-67e7bcfc9e39: addNew group-920D79ED139C:[40b7f987-8e06-4ef9-abdc-8715eb833c11:192.168.69.91:34918, 32db78ba-36ff-4254-bf6e-67e7bcfc9e39:192.168.69.91:37505, cb510fb7-fc87-4880-9dcd-5d4a84db871b:192.168.69.91:33685] returns group-920D79ED139C:java.util.concurrent.CompletableFuture@63705adc[Not completed]
2019-11-01 01:25:51,989 [grpc-default-executor-5] INFO  impl.RaftServerProxy (RaftServerProxy.java:addNew(89)) - cb510fb7-fc87-4880-9dcd-5d4a84db871b: addNew group-920D79ED139C:[40b7f987-8e06-4ef9-abdc-8715eb833c11:192.168.69.91:34918, 32db78ba-36ff-4254-bf6e-67e7bcfc9e39:192.168.69.91:37505, cb510fb7-fc87-4880-9dcd-5d4a84db871b:192.168.69.91:33685] returns group-920D79ED139C:java.util.concurrent.CompletableFuture@401c3b22[Not completed]
2019-11-01 01:25:51,990 [grpc-default-executor-3] INFO  impl.RaftServerProxy (RaftServerProxy.java:addNew(89)) - 40b7f987-8e06-4ef9-abdc-8715eb833c11: addNew group-920D79ED139C:[40b7f987-8e06-4ef9-abdc-8715eb833c11:192.168.69.91:34918, 32db78ba-36ff-4254-bf6e-67e7bcfc9e39:192.168.69.91:37505, cb510fb7-fc87-4880-9dcd-5d4a84db871b:192.168.69.91:33685] returns group-920D79ED139C:java.util.concurrent.CompletableFuture@3cc31a0e[Not completed]
 0.00% |?                                                                                                    |  0/100 Time: 0:00:202019-11-01 01:25:52,741 [40b7f987-8e06-4ef9-abdc-8715eb833c11@group-EF57B072CC1C-SegmentedRaftLogWorker] INFO  segmented.SegmentedRaftLogWorker (SegmentedRaftLogWorker.java:execute(576)) - 40b7f987-8e06-4ef9-abdc-8715eb833c11@group-EF57B072CC1C-SegmentedRaftLogWorker: created new log segment /workdir/hadoop-ozone/tools/target/test-dir/MiniOzoneClusterImpl-17d7739a-f662-4c88-9e51-3c637963011a/datanode-0/data/ratis/1b9add32-009b-4ec2-befc-ef57b072cc1c/current/log_inprogress_0
 0.00% |?                                                                                                    |  0/100 Time: 0:00:212019-11-01 01:25:53,536 [Thread-238] INFO  impl.FollowerState (FollowerState.java:run(111)) - 40b7f987-8e06-4ef9-abdc-8715eb833c11@group-F9329D95E7B3-FollowerState: change to CANDIDATE, lastRpcTime:5199ms, electionTimeout:5198ms
2019-11-01 01:25:53,536 [Thread-238] INFO  impl.RoleInfo (RoleInfo.java:shutdownFollowerState(121)) - 40b7f987-8e06-4ef9-abdc-8715eb833c11: shutdown FollowerState
2019-11-01 01:25:53,536 [Thread-238] INFO  impl.RaftServerImpl (RaftServerImpl.java:setRole(173)) - 40b7f987-8e06-4ef9-abdc-8715eb833c11@group-F9329D95E7B3: changes role from  FOLLOWER to CANDIDATE at term 1 for changeToCandidate
2019-11-01 01:25:53,536 [Thread-238] INFO  impl.RoleInfo (RoleInfo.java:updateAndGet(143)) - 40b7f987-8e06-4ef9-abdc-8715eb833c11: start LeaderElection
 0.00% |?                                                                                                    |  0/100 Time: 0:00:222019-11-01 01:25:54,986 [RATISCREATEPIPELINE2] ERROR pipeline.RatisPipelineProvider (RatisPipelineProvider.java:lambda$null$5(237)) - Failed invoke Ratis rpc org.apache.hadoop.hdds.scm.pipeline.RatisPipelineProvider$$Lambda$189/1108188651@26efee2f for 40b7f987-8e06-4ef9-abdc-8715eb833c11
org.apache.ratis.protocol.TimeoutIOException: deadline exceeded after 2995888774ns
	at org.apache.ratis.grpc.GrpcUtil.tryUnwrapException(GrpcUtil.java:82)
	at org.apache.ratis.grpc.GrpcUtil.unwrapException(GrpcUtil.java:75)
	at org.apache.ratis.grpc.client.GrpcClientProtocolClient.blockingCall(GrpcClientProtocolClient.java:184)
	at org.apache.ratis.grpc.client.GrpcClientProtocolClient.groupAdd(GrpcClientProtocolClient.java:153)
	at org.apache.ratis.grpc.client.GrpcClientRpc.sendRequest(GrpcClientRpc.java:94)
	at org.apache.ratis.client.impl.RaftClientImpl.sendRequest(RaftClientImpl.java:278)
	at org.apache.ratis.client.impl.RaftClientImpl.groupAdd(RaftClientImpl.java:205)
	at org.apache.hadoop.hdds.scm.pipeline.RatisPipelineProvider.lambda$initializePipeline$4(RatisPipelineProvider.java:198)
	at org.apache.hadoop.hdds.scm.pipeline.RatisPipelineProvider.lambda$null$5(RatisPipelineProvider.java:233)
	at java.util.stream.ForEachOps$ForEachOp$OfRef.accept(ForEachOps.java:183)
	at java.util.ArrayList$ArrayListSpliterator.forEachRemaining(ArrayList.java:1382)
	at java.util.stream.AbstractPipeline.copyInto(AbstractPipeline.java:482)
	at java.util.stream.ForEachOps$ForEachTask.compute(ForEachOps.java:290)
	at java.util.concurrent.CountedCompleter.exec(CountedCompleter.java:731)
	at java.util.concurrent.ForkJoinTask.doExec(ForkJoinTask.java:289)
	at java.util.concurrent.ForkJoinPool$WorkQueue.runTask(ForkJoinPool.java:1056)
	at java.util.concurrent.ForkJoinPool.runWorker(ForkJoinPool.java:1692)
	at java.util.concurrent.ForkJoinWorkerThread.run(ForkJoinWorkerThread.java:157)
Caused by: org.apache.ratis.thirdparty.io.grpc.StatusRuntimeException: DEADLINE_EXCEEDED: deadline exceeded after 2995888774ns
	at org.apache.ratis.thirdparty.io.grpc.stub.ClientCalls.toStatusRuntimeException(ClientCalls.java:233)
	at org.apache.ratis.thirdparty.io.grpc.stub.ClientCalls.getUnchecked(ClientCalls.java:214)
	at org.apache.ratis.thirdparty.io.grpc.stub.ClientCalls.blockingUnaryCall(ClientCalls.java:139)
	at org.apache.ratis.proto.grpc.AdminProtocolServiceGrpc$AdminProtocolServiceBlockingStub.groupManagement(AdminProtocolServiceGrpc.java:274)
	at org.apache.ratis.grpc.client.GrpcClientProtocolClient.lambda$groupAdd$3(GrpcClientProtocolClient.java:155)
	at org.apache.ratis.grpc.client.GrpcClientProtocolClient.blockingCall(GrpcClientProtocolClient.java:182)
	... 15 more
2019-11-01 01:25:54,986 [RATISCREATEPIPELINE3] ERROR pipeline.RatisPipelineProvider (RatisPipelineProvider.java:lambda$null$5(237)) - Failed invoke Ratis rpc org.apache.hadoop.hdds.scm.pipeline.RatisPipelineProvider$$Lambda$189/1108188651@26efee2f for 32db78ba-36ff-4254-bf6e-67e7bcfc9e39
org.apache.ratis.protocol.TimeoutIOException: deadline exceeded after 2998460139ns
	at org.apache.ratis.grpc.GrpcUtil.tryUnwrapException(GrpcUtil.java:82)
	at org.apache.ratis.grpc.GrpcUtil.unwrapException(GrpcUtil.java:75)
	at org.apache.ratis.grpc.client.GrpcClientProtocolClient.blockingCall(GrpcClientProtocolClient.java:184)
	at org.apache.ratis.grpc.client.GrpcClientProtocolClient.groupAdd(GrpcClientProtocolClient.java:153)
	at org.apache.ratis.grpc.client.GrpcClientRpc.sendRequest(GrpcClientRpc.java:94)
	at org.apache.ratis.client.impl.RaftClientImpl.sendRequest(RaftClientImpl.java:278)
	at org.apache.ratis.client.impl.RaftClientImpl.groupAdd(RaftClientImpl.java:205)
	at org.apache.hadoop.hdds.scm.pipeline.RatisPipelineProvider.lambda$initializePipeline$4(RatisPipelineProvider.java:198)
	at org.apache.hadoop.hdds.scm.pipeline.RatisPipelineProvider.lambda$null$5(RatisPipelineProvider.java:233)
	at java.util.stream.ForEachOps$ForEachOp$OfRef.accept(ForEachOps.java:183)
	at java.util.ArrayList$ArrayListSpliterator.forEachRemaining(ArrayList.java:1382)
	at java.util.stream.AbstractPipeline.copyInto(AbstractPipeline.java:482)
	at java.util.stream.ForEachOps$ForEachTask.compute(ForEachOps.java:290)
	at java.util.concurrent.CountedCompleter.exec(CountedCompleter.java:731)
	at java.util.concurrent.ForkJoinTask.doExec(ForkJoinTask.java:289)
	at java.util.concurrent.ForkJoinPool$WorkQueue.runTask(ForkJoinPool.java:1056)
	at java.util.concurrent.ForkJoinPool.runWorker(ForkJoinPool.java:1692)
	at java.util.concurrent.ForkJoinWorkerThread.run(ForkJoinWorkerThread.java:157)
Caused by: org.apache.ratis.thirdparty.io.grpc.StatusRuntimeException: DEADLINE_EXCEEDED: deadline exceeded after 2998460139ns
	at org.apache.ratis.thirdparty.io.grpc.stub.ClientCalls.toStatusRuntimeException(ClientCalls.java:233)
	at org.apache.ratis.thirdparty.io.grpc.stub.ClientCalls.getUnchecked(ClientCalls.java:214)
	at org.apache.ratis.thirdparty.io.grpc.stub.ClientCalls.blockingUnaryCall(ClientCalls.java:139)
	at org.apache.ratis.proto.grpc.AdminProtocolServiceGrpc$AdminProtocolServiceBlockingStub.groupManagement(AdminProtocolServiceGrpc.java:274)
	at org.apache.ratis.grpc.client.GrpcClientProtocolClient.lambda$groupAdd$3(GrpcClientProtocolClient.java:155)
	at org.apache.ratis.grpc.client.GrpcClientProtocolClient.blockingCall(GrpcClientProtocolClient.java:182)
	... 15 more
2019-11-01 01:25:54,986 [RATISCREATEPIPELINE1] ERROR pipeline.RatisPipelineProvider (RatisPipelineProvider.java:lambda$null$5(237)) - Failed invoke Ratis rpc org.apache.hadoop.hdds.scm.pipeline.RatisPipelineProvider$$Lambda$189/1108188651@26efee2f for cb510fb7-fc87-4880-9dcd-5d4a84db871b
org.apache.ratis.protocol.TimeoutIOException: deadline exceeded after 2999703778ns
	at org.apache.ratis.grpc.GrpcUtil.tryUnwrapException(GrpcUtil.java:82)
	at org.apache.ratis.grpc.GrpcUtil.unwrapException(GrpcUtil.java:75)
	at org.apache.ratis.grpc.client.GrpcClientProtocolClient.blockingCall(GrpcClientProtocolClient.java:184)
	at org.apache.ratis.grpc.client.GrpcClientProtocolClient.groupAdd(GrpcClientProtocolClient.java:153)
	at org.apache.ratis.grpc.client.GrpcClientRpc.sendRequest(GrpcClientRpc.java:94)
	at org.apache.ratis.client.impl.RaftClientImpl.sendRequest(RaftClientImpl.java:278)
	at org.apache.ratis.client.impl.RaftClientImpl.groupAdd(RaftClientImpl.java:205)
	at org.apache.hadoop.hdds.scm.pipeline.RatisPipelineProvider.lambda$initializePipeline$4(RatisPipelineProvider.java:198)
	at org.apache.hadoop.hdds.scm.pipeline.RatisPipelineProvider.lambda$null$5(RatisPipelineProvider.java:233)
	at java.util.stream.ForEachOps$ForEachOp$OfRef.accept(ForEachOps.java:183)
	at java.util.ArrayList$ArrayListSpliterator.forEachRemaining(ArrayList.java:1382)
	at java.util.stream.AbstractPipeline.copyInto(AbstractPipeline.java:482)
	at java.util.stream.ForEachOps$ForEachTask.compute(ForEachOps.java:290)
	at java.util.concurrent.CountedCompleter.exec(CountedCompleter.java:731)
	at java.util.concurrent.ForkJoinTask.doExec(ForkJoinTask.java:289)
	at java.util.concurrent.ForkJoinTask.doInvoke(ForkJoinTask.java:401)
	at java.util.concurrent.ForkJoinTask.invoke(ForkJoinTask.java:734)
	at java.util.stream.ForEachOps$ForEachOp.evaluateParallel(ForEachOps.java:159)
	at java.util.stream.ForEachOps$ForEachOp$OfRef.evaluateParallel(ForEachOps.java:173)
	at java.util.stream.AbstractPipeline.evaluate(AbstractPipeline.java:233)
	at java.util.stream.ReferencePipeline.forEach(ReferencePipeline.java:485)
	at java.util.stream.ReferencePipeline$Head.forEach(ReferencePipeline.java:650)
	at org.apache.hadoop.hdds.scm.pipeline.RatisPipelineProvider.lambda$callRatisRpc$6(RatisPipelineProvider.java:227)
	at java.util.concurrent.ForkJoinTask$AdaptedRunnableAction.exec(ForkJoinTask.java:1386)
	at java.util.concurrent.ForkJoinTask.doExec(ForkJoinTask.java:289)
	at java.util.concurrent.ForkJoinPool$WorkQueue.runTask(ForkJoinPool.java:1056)
	at java.util.concurrent.ForkJoinPool.runWorker(ForkJoinPool.java:1692)
	at java.util.concurrent.ForkJoinWorkerThread.run(ForkJoinWorkerThread.java:157)
Caused by: org.apache.ratis.thirdparty.io.grpc.StatusRuntimeException: DEADLINE_EXCEEDED: deadline exceeded after 2999703778ns
	at org.apache.ratis.thirdparty.io.grpc.stub.ClientCalls.toStatusRuntimeException(ClientCalls.java:233)
	at org.apache.ratis.thirdparty.io.grpc.stub.ClientCalls.getUnchecked(ClientCalls.java:214)
	at org.apache.ratis.thirdparty.io.grpc.stub.ClientCalls.blockingUnaryCall(ClientCalls.java:139)
	at org.apache.ratis.proto.grpc.AdminProtocolServiceGrpc$AdminProtocolServiceBlockingStub.groupManagement(AdminProtocolServiceGrpc.java:274)
	at org.apache.ratis.grpc.client.GrpcClientProtocolClient.lambda$groupAdd$3(GrpcClientProtocolClient.java:155)
	at org.apache.ratis.grpc.client.GrpcClientProtocolClient.blockingCall(GrpcClientProtocolClient.java:182)
	... 25 more
2019-11-01 01:25:54,999 [IPC Server handler 10 on 35541] WARN  block.BlockManagerImpl (BlockManagerImpl.java:allocateBlock(200)) - Pipeline creation failed for type:RATIS factor:THREE. Retrying get pipelines call once.
org.apache.hadoop.io.MultipleIOException: 3 exceptions [java.io.IOException: Failed invoke Ratis rpc org.apache.hadoop.hdds.scm.pipeline.RatisPipelineProvider$$Lambda$189/1108188651@26efee2f for 40b7f987-8e06-4ef9-abdc-8715eb833c11, java.io.IOException: Failed invoke Ratis rpc org.apache.hadoop.hdds.scm.pipeline.RatisPipelineProvider$$Lambda$189/1108188651@26efee2f for 32db78ba-36ff-4254-bf6e-67e7bcfc9e39, java.io.IOException: Failed invoke Ratis rpc org.apache.hadoop.hdds.scm.pipeline.RatisPipelineProvider$$Lambda$189/1108188651@26efee2f for cb510fb7-fc87-4880-9dcd-5d4a84db871b]
	at org.apache.hadoop.io.MultipleIOException.createIOException(MultipleIOException.java:53)
	at org.apache.hadoop.hdds.scm.pipeline.RatisPipelineProvider.callRatisRpc(RatisPipelineProvider.java:253)
	at org.apache.hadoop.hdds.scm.pipeline.RatisPipelineProvider.initializePipeline(RatisPipelineProvider.java:196)
	at org.apache.hadoop.hdds.scm.pipeline.RatisPipelineProvider.create(RatisPipelineProvider.java:163)
	at org.apache.hadoop.hdds.scm.pipeline.PipelineFactory.create(PipelineFactory.java:58)
	at org.apache.hadoop.hdds.scm.pipeline.SCMPipelineManager.createPipeline(SCMPipelineManager.java:155)
	at org.apache.hadoop.hdds.scm.block.BlockManagerImpl.allocateBlock(BlockManagerImpl.java:198)
	at org.apache.hadoop.hdds.scm.server.SCMBlockProtocolServer.allocateBlock(SCMBlockProtocolServer.java:187)
	at org.apache.hadoop.hdds.scm.protocol.ScmBlockLocationProtocolServerSideTranslatorPB.allocateScmBlock(ScmBlockLocationProtocolServerSideTranslatorPB.java:159)
	at org.apache.hadoop.hdds.scm.protocol.ScmBlockLocationProtocolServerSideTranslatorPB.processMessage(ScmBlockLocationProtocolServerSideTranslatorPB.java:117)
	at org.apache.hadoop.hdds.server.OzoneProtocolMessageDispatcher.processRequest(OzoneProtocolMessageDispatcher.java:72)
	at org.apache.hadoop.hdds.scm.protocol.ScmBlockLocationProtocolServerSideTranslatorPB.send(ScmBlockLocationProtocolServerSideTranslatorPB.java:98)
	at org.apache.hadoop.hdds.protocol.proto.ScmBlockLocationProtocolProtos$ScmBlockLocationProtocolService$2.callBlockingMethod(ScmBlockLocationProtocolProtos.java:13157)
	at org.apache.hadoop.ipc.ProtobufRpcEngine$Server$ProtoBufRpcInvoker.call(ProtobufRpcEngine.java:524)
	at org.apache.hadoop.ipc.RPC$Server.call(RPC.java:1025)
	at org.apache.hadoop.ipc.Server$RpcCall.run(Server.java:876)
	at org.apache.hadoop.ipc.Server$RpcCall.run(Server.java:822)
	at java.security.AccessController.doPrivileged(Native Method)
	at javax.security.auth.Subject.doAs(Subject.java:422)
	at org.apache.hadoop.security.UserGroupInformation.doAs(UserGroupInformation.java:1730)
	at org.apache.hadoop.ipc.Server$Handler.run(Server.java:2682)
2019-11-01 01:25:55,011 [grpc-default-executor-1] INFO  impl.RaftServerProxy (RaftServerProxy.java:addNew(89)) - 32db78ba-36ff-4254-bf6e-67e7bcfc9e39: addNew group-56BF66CFB646:[40b7f987-8e06-4ef9-abdc-8715eb833c11:192.168.69.91:34918, 32db78ba-36ff-4254-bf6e-67e7bcfc9e39:192.168.69.91:37505, cb510fb7-fc87-4880-9dcd-5d4a84db871b:192.168.69.91:33685] returns group-56BF66CFB646:java.util.concurrent.CompletableFuture@1eabd2f0[Not completed]
2019-11-01 01:25:55,011 [grpc-default-executor-2] INFO  impl.RaftServerProxy (RaftServerProxy.java:addNew(89)) - cb510fb7-fc87-4880-9dcd-5d4a84db871b: addNew group-56BF66CFB646:[40b7f987-8e06-4ef9-abdc-8715eb833c11:192.168.69.91:34918, 32db78ba-36ff-4254-bf6e-67e7bcfc9e39:192.168.69.91:37505, cb510fb7-fc87-4880-9dcd-5d4a84db871b:192.168.69.91:33685] returns group-56BF66CFB646:java.util.concurrent.CompletableFuture@2584c96e[Not completed]
2019-11-01 01:25:55,011 [grpc-default-executor-3] INFO  impl.RaftServerProxy (RaftServerProxy.java:addNew(89)) - 40b7f987-8e06-4ef9-abdc-8715eb833c11: addNew group-56BF66CFB646:[40b7f987-8e06-4ef9-abdc-8715eb833c11:192.168.69.91:34918, 32db78ba-36ff-4254-bf6e-67e7bcfc9e39:192.168.69.91:37505, cb510fb7-fc87-4880-9dcd-5d4a84db871b:192.168.69.91:33685] returns group-56BF66CFB646:java.util.concurrent.CompletableFuture@164ae3d5[Not completed]
2019-11-01 01:25:55,279 [pool-37-thread-1] INFO  storage.RaftStorageDirectory (RaftStorageDirectory.java:tryLock(328)) - Lock on /workdir/hadoop-ozone/tools/target/test-dir/MiniOzoneClusterImpl-17d7739a-f662-4c88-9e51-3c637963011a/datanode-1/data/ratis/e28749fe-4a5a-40eb-94b4-f4b7b8aa5d47/in_use.lock acquired by nodename 4689@pr-hdds-2364-master-qchwk-3441104375
2019-11-01 01:25:55,279 [pool-27-thread-1] INFO  storage.RaftStorage (RaftStorage.java:format(84)) - Storage directory /workdir/hadoop-ozone/tools/target/test-dir/MiniOzoneClusterImpl-17d7739a-f662-4c88-9e51-3c637963011a/datanode-0/data/ratis/5711cac2-4b9e-4755-84c0-2d790f9948c3 has been successfully formatted.
2019-11-01 01:25:55,279 [pool-67-thread-1] INFO  storage.RaftStorageDirectory (RaftStorageDirectory.java:tryLock(328)) - Lock on /workdir/hadoop-ozone/tools/target/test-dir/MiniOzoneClusterImpl-17d7739a-f662-4c88-9e51-3c637963011a/datanode-4/data/ratis/e28749fe-4a5a-40eb-94b4-f4b7b8aa5d47/in_use.lock acquired by nodename 4689@pr-hdds-2364-master-qchwk-3441104375
2019-11-01 01:25:55,279 [pool-27-thread-1] INFO  ratis.ContainerStateMachine (ContainerStateMachine.java:loadSnapshot(231)) - group-2D790F9948C3: The snapshot info is null. Setting the last applied indexto:(t:0, i:~)
2019-11-01 01:25:55,280 [pool-27-thread-1] INFO  server.RaftServerConfigKeys (ConfUtils.java:logGet(43)) - raft.server.notification.no-leader.timeout = 120s (custom)
2019-11-01 01:25:55,280 [pool-27-thread-1] INFO  server.RaftServerConfigKeys (ConfUtils.java:logGet(43)) - raft.server.log.use.memory = false (default)
2019-11-01 01:25:55,280 [pool-27-thread-1] INFO  server.RaftServerConfigKeys (ConfUtils.java:logGet(43)) - raft.server.log.purge.gap = 1000000 (custom)
2019-11-01 01:25:55,280 [pool-27-thread-1] INFO  server.RaftServerConfigKeys (ConfUtils.java:logGet(43)) - raft.server.log.appender.buffer.byte-limit = 33554432 (custom)
2019-11-01 01:25:55,280 [pool-27-thread-1] INFO  server.RaftServerConfigKeys (ConfUtils.java:logGet(43)) - raft.server.log.segment.size.max = 1048576 (custom)
2019-11-01 01:25:55,280 [pool-27-thread-1] INFO  server.RaftServerConfigKeys (ConfUtils.java:logGet(43)) - raft.server.log.segment.cache.num.max = 2 (custom)
2019-11-01 01:25:55,281 [pool-27-thread-1] INFO  segmented.SegmentedRaftLogWorker (SegmentedRaftLogWorker.java:<init>(173)) - new 40b7f987-8e06-4ef9-abdc-8715eb833c11@group-2D790F9948C3-SegmentedRaftLogWorker for RaftStorage:Storage Directory /workdir/hadoop-ozone/tools/target/test-dir/MiniOzoneClusterImpl-17d7739a-f662-4c88-9e51-3c637963011a/datanode-0/data/ratis/5711cac2-4b9e-4755-84c0-2d790f9948c3
2019-11-01 01:25:55,281 [pool-27-thread-1] INFO  server.RaftServerConfigKeys (ConfUtils.java:logGet(43)) - raft.server.log.queue.byte-limit = 2147483647 (custom)
2019-11-01 01:25:55,281 [pool-27-thread-1] INFO  server.RaftServerConfigKeys (ConfUtils.java:logGet(43)) - raft.server.log.queue.element-limit = 1024 (custom)
2019-11-01 01:25:55,281 [pool-27-thread-1] INFO  server.RaftServerConfigKeys (ConfUtils.java:logGet(43)) - raft.server.log.segment.size.max = 1048576 (custom)
2019-11-01 01:25:55,281 [pool-27-thread-1] INFO  server.RaftServerConfigKeys (ConfUtils.java:logGet(43)) - raft.server.log.preallocated.size = 16384 (custom)
2019-11-01 01:25:55,281 [pool-27-thread-1] INFO  server.RaftServerConfigKeys (ConfUtils.java:logGet(43)) - raft.server.log.write.buffer.size = 33554432 (custom)
2019-11-01 01:25:55,282 [pool-27-thread-1] INFO  server.RaftServerConfigKeys (ConfUtils.java:logGet(43)) - raft.server.log.force.sync.num = 128 (default)
2019-11-01 01:25:55,282 [pool-27-thread-1] INFO  server.RaftServerConfigKeys (ConfUtils.java:logGet(43)) - raft.server.log.statemachine.data.sync = true (default)
2019-11-01 01:25:55,282 [pool-27-thread-1] INFO  server.RaftServerConfigKeys (ConfUtils.java:logGet(43)) - raft.server.log.statemachine.data.sync.timeout = 10s (default)
2019-11-01 01:25:55,282 [pool-27-thread-1] INFO  server.RaftServerConfigKeys (ConfUtils.java:logGet(43)) - raft.server.log.statemachine.data.sync.timeout.retry = -1 (default)
2019-11-01 01:25:55,282 [pool-27-thread-1] INFO  server.RaftServerConfigKeys (ConfUtils.java:logGet(43)) - raft.server.log.statemachine.data.caching.enabled = true (custom)
2019-11-01 01:25:55,283 [pool-27-thread-1] INFO  segmented.SegmentedRaftLogWorker (SegmentedRaftLogWorker.java:lambda$new$0(128)) - 40b7f987-8e06-4ef9-abdc-8715eb833c11@group-2D790F9948C3-SegmentedRaftLogWorker: flushIndex: setUnconditionally 0 -> -1
2019-11-01 01:25:55,283 [pool-27-thread-1] INFO  server.RaftServerConfigKeys (ConfUtils.java:logGet(43)) - raft.server.snapshot.auto.trigger.enabled = true (custom)
2019-11-01 01:25:55,283 [pool-27-thread-1] INFO  server.RaftServerConfigKeys (ConfUtils.java:logGet(43)) - raft.server.snapshot.auto.trigger.threshold = 10000 (custom)
2019-11-01 01:25:55,283 [pool-27-thread-1] INFO  server.RaftServerConfigKeys (ConfUtils.java:logGet(43)) - raft.server.snapshot.retention.file.num = 5 (custom)
2019-11-01 01:25:55,284 [pool-27-thread-1] INFO  server.RaftServerConfigKeys (ConfUtils.java:logGet(43)) - raft.server.retrycache.expirytime = 600000ms (custom)
2019-11-01 01:25:55,284 [pool-27-thread-1] WARN  impl.MetricRegistriesImpl (MetricRegistriesImpl.java:lambda$create$1(61)) - First MetricRegistry has been created without registering reporters. You may need to call MetricRegistries.global().addReportRegistration(...) before.
2019-11-01 01:25:55,284 [pool-27-thread-1] WARN  impl.MetricRegistriesImpl (MetricRegistriesImpl.java:lambda$create$1(61)) - First MetricRegistry has been created without registering reporters. You may need to call MetricRegistries.global().addReportRegistration(...) before.
2019-11-01 01:25:55,287 [pool-27-thread-1] INFO  impl.RaftServerImpl (RaftServerImpl.java:<init>(98)) - 40b7f987-8e06-4ef9-abdc-8715eb833c11: new RaftServerImpl for group-F4B7B8AA5D47:[40b7f987-8e06-4ef9-abdc-8715eb833c11:192.168.69.91:34918, 32db78ba-36ff-4254-bf6e-67e7bcfc9e39:192.168.69.91:37505, cb510fb7-fc87-4880-9dcd-5d4a84db871b:192.168.69.91:33685] with ContainerStateMachine:uninitialized
2019-11-01 01:25:55,288 [pool-27-thread-1] INFO  server.RaftServerConfigKeys (ConfUtils.java:logGet(43)) - raft.server.rpc.timeout.min = 5s (custom)
2019-11-01 01:25:55,288 [pool-27-thread-1] INFO  server.RaftServerConfigKeys (ConfUtils.java:logGet(43)) - raft.server.rpc.timeout.max = 5200ms (custom)
2019-11-01 01:25:55,288 [pool-27-thread-1] INFO  server.RaftServerConfigKeys (ConfUtils.java:logGet(43)) - raft.server.rpcslowness.timeout = 120s (custom)
2019-11-01 01:25:55,288 [pool-27-thread-1] INFO  server.RaftServerConfigKeys (ConfUtils.java:logGet(43)) - raft.server.sleep.deviation.threshold = 300 (default)
2019-11-01 01:25:55,288 [pool-27-thread-1] INFO  server.RaftServerConfigKeys (ConfUtils.java:logGet(43)) - raft.server.log.appender.install.snapshot.enabled = false (custom)
2019-11-01 01:25:55,289 [pool-27-thread-1] INFO  impl.RaftServerImpl (ServerState.java:<init>(103)) - 40b7f987-8e06-4ef9-abdc-8715eb833c11@group-F4B7B8AA5D47: ConfigurationManager, init=-1: [40b7f987-8e06-4ef9-abdc-8715eb833c11:192.168.69.91:34918, 32db78ba-36ff-4254-bf6e-67e7bcfc9e39:192.168.69.91:37505, cb510fb7-fc87-4880-9dcd-5d4a84db871b:192.168.69.91:33685], old=null, confs=<EMPTY_MAP>
2019-11-01 01:25:55,289 [pool-27-thread-1] INFO  server.RaftServerConfigKeys (ConfUtils.java:logGet(43)) - raft.server.storage.dir = [/workdir/hadoop-ozone/tools/target/test-dir/MiniOzoneClusterImpl-17d7739a-f662-4c88-9e51-3c637963011a/datanode-0/data/ratis] (custom)
2019-11-01 01:25:55,289 [pool-27-thread-1] INFO  server.RaftServerConfigKeys (ConfUtils.java:logGet(43)) - raft.server.log.corruption.policy = EXCEPTION (default)
2019-11-01 01:25:55,290 [pool-27-thread-1] INFO  storage.RaftStorageDirectory (RaftStorageDirectory.java:analyzeStorage(246)) - The storage directory /workdir/hadoop-ozone/tools/target/test-dir/MiniOzoneClusterImpl-17d7739a-f662-4c88-9e51-3c637963011a/datanode-0/data/ratis/e28749fe-4a5a-40eb-94b4-f4b7b8aa5d47 does not exist. Creating ...
 0.00% |?                                                                                                    |  0/100 Time: 0:00:232019-11-01 01:25:56,438 [Thread-242] INFO  impl.FollowerState (FollowerState.java:run(111)) - cb510fb7-fc87-4880-9dcd-5d4a84db871b@group-F9329D95E7B3-FollowerState: change to CANDIDATE, lastRpcTime:5111ms, electionTimeout:5109ms
 0.00% |?                                                                                                    |  0/100 Time: 0:00:242019-11-01 01:25:56,439 [Thread-242] INFO  impl.RoleInfo (RoleInfo.java:shutdownFollowerState(121)) - cb510fb7-fc87-4880-9dcd-5d4a84db871b: shutdown FollowerState
2019-11-01 01:25:56,439 [Thread-242] INFO  impl.RaftServerImpl (RaftServerImpl.java:setRole(173)) - cb510fb7-fc87-4880-9dcd-5d4a84db871b@group-F9329D95E7B3: changes role from  FOLLOWER to CANDIDATE at term 1 for changeToCandidate
2019-11-01 01:25:56,439 [Thread-242] INFO  impl.RoleInfo (RoleInfo.java:updateAndGet(143)) - cb510fb7-fc87-4880-9dcd-5d4a84db871b: start LeaderElection
2019-11-01 01:25:56,466 [Thread-241] INFO  impl.FollowerState (FollowerState.java:run(111)) - 32db78ba-36ff-4254-bf6e-67e7bcfc9e39@group-F9329D95E7B3-FollowerState: change to CANDIDATE, lastRpcTime:5139ms, electionTimeout:5138ms
2019-11-01 01:25:56,466 [Thread-241] INFO  impl.RoleInfo (RoleInfo.java:shutdownFollowerState(121)) - 32db78ba-36ff-4254-bf6e-67e7bcfc9e39: shutdown FollowerState
2019-11-01 01:25:56,467 [Thread-241] INFO  impl.RaftServerImpl (RaftServerImpl.java:setRole(173)) - 32db78ba-36ff-4254-bf6e-67e7bcfc9e39@group-F9329D95E7B3: changes role from  FOLLOWER to CANDIDATE at term 1 for changeToCandidate
2019-11-01 01:25:56,467 [Thread-241] INFO  impl.RoleInfo (RoleInfo.java:updateAndGet(143)) - 32db78ba-36ff-4254-bf6e-67e7bcfc9e39: start LeaderElection
 0.00% |?                                                                                                    |  0/100 Time: 0:00:252019-11-01 01:25:57,838 [pool-27-thread-1] INFO  storage.RaftStorageDirectory (RaftStorageDirectory.java:tryLock(328)) - Lock on /workdir/hadoop-ozone/tools/target/test-dir/MiniOzoneClusterImpl-17d7739a-f662-4c88-9e51-3c637963011a/datanode-0/data/ratis/e28749fe-4a5a-40eb-94b4-f4b7b8aa5d47/in_use.lock acquired by nodename 4689@pr-hdds-2364-master-qchwk-3441104375
2019-11-01 01:25:57,930 [pool-67-thread-1] INFO  storage.RaftStorage (RaftStorage.java:format(84)) - Storage directory /workdir/hadoop-ozone/tools/target/test-dir/MiniOzoneClusterImpl-17d7739a-f662-4c88-9e51-3c637963011a/datanode-4/data/ratis/e28749fe-4a5a-40eb-94b4-f4b7b8aa5d47 has been successfully formatted.
2019-11-01 01:25:57,930 [40b7f987-8e06-4ef9-abdc-8715eb833c11@group-F9329D95E7B3-LeaderElection4] INFO  impl.LeaderElection (LeaderElection.java:askForVotes(178)) - 40b7f987-8e06-4ef9-abdc-8715eb833c11@group-F9329D95E7B3-LeaderElection4: begin an election at term 2 for -1: [40b7f987-8e06-4ef9-abdc-8715eb833c11:192.168.69.91:34918, 32db78ba-36ff-4254-bf6e-67e7bcfc9e39:192.168.69.91:37505, cb510fb7-fc87-4880-9dcd-5d4a84db871b:192.168.69.91:33685], old=null
2019-11-01 01:25:57,930 [pool-37-thread-1] INFO  storage.RaftStorage (RaftStorage.java:format(84)) - Storage directory /workdir/hadoop-ozone/tools/target/test-dir/MiniOzoneClusterImpl-17d7739a-f662-4c88-9e51-3c637963011a/datanode-1/data/ratis/e28749fe-4a5a-40eb-94b4-f4b7b8aa5d47 has been successfully formatted.
2019-11-01 01:25:57,930 [pool-67-thread-1] INFO  ratis.ContainerStateMachine (ContainerStateMachine.java:loadSnapshot(231)) - group-F4B7B8AA5D47: The snapshot info is null. Setting the last applied indexto:(t:0, i:~)
2019-11-01 01:25:57,930 [pool-67-thread-1] INFO  server.RaftServerConfigKeys (ConfUtils.java:logGet(43)) - raft.server.notification.no-leader.timeout = 120s (custom)
2019-11-01 01:25:57,931 [pool-37-thread-1] INFO  ratis.ContainerStateMachine (ContainerStateMachine.java:loadSnapshot(231)) - group-F4B7B8AA5D47: The snapshot info is null. Setting the last applied indexto:(t:0, i:~)
2019-11-01 01:25:57,931 [pool-67-thread-1] INFO  server.RaftServerConfigKeys (ConfUtils.java:logGet(43)) - raft.server.log.use.memory = false (default)
2019-11-01 01:25:57,931 [pool-37-thread-1] INFO  server.RaftServerConfigKeys (ConfUtils.java:logGet(43)) - raft.server.notification.no-leader.timeout = 120s (custom)
2019-11-01 01:25:57,931 [pool-67-thread-1] INFO  server.RaftServerConfigKeys (ConfUtils.java:logGet(43)) - raft.server.log.purge.gap = 1000000 (custom)
2019-11-01 01:25:57,931 [pool-37-thread-1] INFO  server.RaftServerConfigKeys (ConfUtils.java:logGet(43)) - raft.server.log.use.memory = false (default)
2019-11-01 01:25:57,934 [pool-67-thread-1] INFO  server.RaftServerConfigKeys (ConfUtils.java:logGet(43)) - raft.server.log.appender.buffer.byte-limit = 33554432 (custom)
2019-11-01 01:25:57,935 [pool-37-thread-1] INFO  server.RaftServerConfigKeys (ConfUtils.java:logGet(43)) - raft.server.log.purge.gap = 1000000 (custom)
2019-11-01 01:25:57,935 [pool-67-thread-1] INFO  server.RaftServerConfigKeys (ConfUtils.java:logGet(43)) - raft.server.log.segment.size.max = 1048576 (custom)
2019-11-01 01:25:57,935 [pool-37-thread-1] INFO  server.RaftServerConfigKeys (ConfUtils.java:logGet(43)) - raft.server.log.appender.buffer.byte-limit = 33554432 (custom)
2019-11-01 01:25:57,936 [pool-67-thread-1] INFO  server.RaftServerConfigKeys (ConfUtils.java:logGet(43)) - raft.server.log.segment.cache.num.max = 2 (custom)
2019-11-01 01:25:57,936 [pool-37-thread-1] INFO  server.RaftServerConfigKeys (ConfUtils.java:logGet(43)) - raft.server.log.segment.size.max = 1048576 (custom)
2019-11-01 01:25:57,936 [pool-67-thread-1] INFO  segmented.SegmentedRaftLogWorker (SegmentedRaftLogWorker.java:<init>(173)) - new 32db78ba-36ff-4254-bf6e-67e7bcfc9e39@group-F4B7B8AA5D47-SegmentedRaftLogWorker for RaftStorage:Storage Directory /workdir/hadoop-ozone/tools/target/test-dir/MiniOzoneClusterImpl-17d7739a-f662-4c88-9e51-3c637963011a/datanode-4/data/ratis/e28749fe-4a5a-40eb-94b4-f4b7b8aa5d47
2019-11-01 01:25:57,936 [pool-37-thread-1] INFO  server.RaftServerConfigKeys (ConfUtils.java:logGet(43)) - raft.server.log.segment.cache.num.max = 2 (custom)
2019-11-01 01:25:57,936 [pool-67-thread-1] INFO  server.RaftServerConfigKeys (ConfUtils.java:logGet(43)) - raft.server.log.queue.byte-limit = 2147483647 (custom)
2019-11-01 01:25:57,936 [pool-37-thread-1] INFO  segmented.SegmentedRaftLogWorker (SegmentedRaftLogWorker.java:<init>(173)) - new cb510fb7-fc87-4880-9dcd-5d4a84db871b@group-F4B7B8AA5D47-SegmentedRaftLogWorker for RaftStorage:Storage Directory /workdir/hadoop-ozone/tools/target/test-dir/MiniOzoneClusterImpl-17d7739a-f662-4c88-9e51-3c637963011a/datanode-1/data/ratis/e28749fe-4a5a-40eb-94b4-f4b7b8aa5d47
2019-11-01 01:25:57,937 [pool-67-thread-1] INFO  server.RaftServerConfigKeys (ConfUtils.java:logGet(43)) - raft.server.log.queue.element-limit = 1024 (custom)
2019-11-01 01:25:57,937 [pool-37-thread-1] INFO  server.RaftServerConfigKeys (ConfUtils.java:logGet(43)) - raft.server.log.queue.byte-limit = 2147483647 (custom)
2019-11-01 01:25:57,937 [pool-67-thread-1] INFO  server.RaftServerConfigKeys (ConfUtils.java:logGet(43)) - raft.server.log.segment.size.max = 1048576 (custom)
2019-11-01 01:25:57,937 [pool-37-thread-1] INFO  server.RaftServerConfigKeys (ConfUtils.java:logGet(43)) - raft.server.log.queue.element-limit = 1024 (custom)
2019-11-01 01:25:57,937 [pool-67-thread-1] INFO  server.RaftServerConfigKeys (ConfUtils.java:logGet(43)) - raft.server.log.preallocated.size = 16384 (custom)
2019-11-01 01:25:57,937 [pool-37-thread-1] INFO  server.RaftServerConfigKeys (ConfUtils.java:logGet(43)) - raft.server.log.segment.size.max = 1048576 (custom)
2019-11-01 01:25:57,937 [pool-67-thread-1] INFO  server.RaftServerConfigKeys (ConfUtils.java:logGet(43)) - raft.server.log.write.buffer.size = 33554432 (custom)
2019-11-01 01:25:57,937 [pool-37-thread-1] INFO  server.RaftServerConfigKeys (ConfUtils.java:logGet(43)) - raft.server.log.preallocated.size = 16384 (custom)
2019-11-01 01:25:57,938 [pool-67-thread-1] INFO  server.RaftServerConfigKeys (ConfUtils.java:logGet(43)) - raft.server.log.force.sync.num = 128 (default)
2019-11-01 01:25:57,938 [pool-37-thread-1] INFO  server.RaftServerConfigKeys (ConfUtils.java:logGet(43)) - raft.server.log.write.buffer.size = 33554432 (custom)
2019-11-01 01:25:57,938 [pool-67-thread-1] INFO  server.RaftServerConfigKeys (ConfUtils.java:logGet(43)) - raft.server.log.statemachine.data.sync = true (default)
2019-11-01 01:25:57,938 [pool-37-thread-1] INFO  server.RaftServerConfigKeys (ConfUtils.java:logGet(43)) - raft.server.log.force.sync.num = 128 (default)
2019-11-01 01:25:57,938 [pool-67-thread-1] INFO  server.RaftServerConfigKeys (ConfUtils.java:logGet(43)) - raft.server.log.statemachine.data.sync.timeout = 10s (default)
2019-11-01 01:25:57,938 [pool-37-thread-1] INFO  server.RaftServerConfigKeys (ConfUtils.java:logGet(43)) - raft.server.log.statemachine.data.sync = true (default)
2019-11-01 01:25:57,938 [pool-67-thread-1] INFO  server.RaftServerConfigKeys (ConfUtils.java:logGet(43)) - raft.server.log.statemachine.data.sync.timeout.retry = -1 (default)
2019-11-01 01:25:57,939 [pool-37-thread-1] INFO  server.RaftServerConfigKeys (ConfUtils.java:logGet(43)) - raft.server.log.statemachine.data.sync.timeout = 10s (default)
2019-11-01 01:25:57,939 [pool-37-thread-1] INFO  server.RaftServerConfigKeys (ConfUtils.java:logGet(43)) - raft.server.log.statemachine.data.sync.timeout.retry = -1 (default)
2019-11-01 01:25:57,939 [pool-67-thread-1] INFO  server.RaftServerConfigKeys (ConfUtils.java:logGet(43)) - raft.server.log.statemachine.data.caching.enabled = true (custom)
2019-11-01 01:25:57,939 [pool-37-thread-1] INFO  server.RaftServerConfigKeys (ConfUtils.java:logGet(43)) - raft.server.log.statemachine.data.caching.enabled = true (custom)
2019-11-01 01:25:57,939 [pool-67-thread-1] INFO  segmented.SegmentedRaftLogWorker (SegmentedRaftLogWorker.java:lambda$new$0(128)) - 32db78ba-36ff-4254-bf6e-67e7bcfc9e39@group-F4B7B8AA5D47-SegmentedRaftLogWorker: flushIndex: setUnconditionally 0 -> -1
2019-11-01 01:25:57,940 [pool-37-thread-1] INFO  segmented.SegmentedRaftLogWorker (SegmentedRaftLogWorker.java:lambda$new$0(128)) - cb510fb7-fc87-4880-9dcd-5d4a84db871b@group-F4B7B8AA5D47-SegmentedRaftLogWorker: flushIndex: setUnconditionally 0 -> -1
2019-11-01 01:25:57,940 [pool-67-thread-1] INFO  server.RaftServerConfigKeys (ConfUtils.java:logGet(43)) - raft.server.snapshot.auto.trigger.enabled = true (custom)
2019-11-01 01:25:57,940 [pool-37-thread-1] INFO  server.RaftServerConfigKeys (ConfUtils.java:logGet(43)) - raft.server.snapshot.auto.trigger.enabled = true (custom)
2019-11-01 01:25:57,940 [pool-67-thread-1] INFO  server.RaftServerConfigKeys (ConfUtils.java:logGet(43)) - raft.server.snapshot.auto.trigger.threshold = 10000 (custom)
2019-11-01 01:25:57,941 [pool-37-thread-1] INFO  server.RaftServerConfigKeys (ConfUtils.java:logGet(43)) - raft.server.snapshot.auto.trigger.threshold = 10000 (custom)
2019-11-01 01:25:57,942 [pool-67-thread-1] INFO  server.RaftServerConfigKeys (ConfUtils.java:logGet(43)) - raft.server.snapshot.retention.file.num = 5 (custom)
2019-11-01 01:25:57,943 [pool-37-thread-1] INFO  server.RaftServerConfigKeys (ConfUtils.java:logGet(43)) - raft.server.snapshot.retention.file.num = 5 (custom)
2019-11-01 01:25:57,943 [pool-67-thread-1] INFO  server.RaftServerConfigKeys (ConfUtils.java:logGet(43)) - raft.server.retrycache.expirytime = 600000ms (custom)
2019-11-01 01:25:57,943 [pool-37-thread-1] INFO  server.RaftServerConfigKeys (ConfUtils.java:logGet(43)) - raft.server.retrycache.expirytime = 600000ms (custom)
2019-11-01 01:25:57,943 [pool-67-thread-1] WARN  impl.MetricRegistriesImpl (MetricRegistriesImpl.java:lambda$create$1(61)) - First MetricRegistry has been created without registering reporters. You may need to call MetricRegistries.global().addReportRegistration(...) before.
2019-11-01 01:25:57,943 [pool-37-thread-1] WARN  impl.MetricRegistriesImpl (MetricRegistriesImpl.java:lambda$create$1(61)) - First MetricRegistry has been created without registering reporters. You may need to call MetricRegistries.global().addReportRegistration(...) before.
2019-11-01 01:25:57,943 [pool-37-thread-1] WARN  impl.MetricRegistriesImpl (MetricRegistriesImpl.java:lambda$create$1(61)) - First MetricRegistry has been created without registering reporters. You may need to call MetricRegistries.global().addReportRegistration(...) before.
2019-11-01 01:25:57,943 [pool-67-thread-1] WARN  impl.MetricRegistriesImpl (MetricRegistriesImpl.java:lambda$create$1(61)) - First MetricRegistry has been created without registering reporters. You may need to call MetricRegistries.global().addReportRegistration(...) before.
2019-11-01 01:25:57,946 [pool-37-thread-1] INFO  impl.RaftServerImpl (RaftServerImpl.java:<init>(98)) - cb510fb7-fc87-4880-9dcd-5d4a84db871b: new RaftServerImpl for group-B30DA263D364:[40b7f987-8e06-4ef9-abdc-8715eb833c11:192.168.69.91:34918, 32db78ba-36ff-4254-bf6e-67e7bcfc9e39:192.168.69.91:37505, cb510fb7-fc87-4880-9dcd-5d4a84db871b:192.168.69.91:33685] with ContainerStateMachine:uninitialized
2019-11-01 01:25:57,946 [pool-37-thread-1] INFO  server.RaftServerConfigKeys (ConfUtils.java:logGet(43)) - raft.server.rpc.timeout.min = 5s (custom)
2019-11-01 01:25:57,946 [pool-37-thread-1] INFO  server.RaftServerConfigKeys (ConfUtils.java:logGet(43)) - raft.server.rpc.timeout.max = 5200ms (custom)
2019-11-01 01:25:57,946 [pool-37-thread-1] INFO  server.RaftServerConfigKeys (ConfUtils.java:logGet(43)) - raft.server.rpcslowness.timeout = 120s (custom)
2019-11-01 01:25:57,946 [pool-37-thread-1] INFO  server.RaftServerConfigKeys (ConfUtils.java:logGet(43)) - raft.server.sleep.deviation.threshold = 300 (default)
2019-11-01 01:25:57,946 [pool-37-thread-1] INFO  server.RaftServerConfigKeys (ConfUtils.java:logGet(43)) - raft.server.log.appender.install.snapshot.enabled = false (custom)
2019-11-01 01:25:57,947 [pool-37-thread-1] INFO  impl.RaftServerImpl (ServerState.java:<init>(103)) - cb510fb7-fc87-4880-9dcd-5d4a84db871b@group-B30DA263D364: ConfigurationManager, init=-1: [40b7f987-8e06-4ef9-abdc-8715eb833c11:192.168.69.91:34918, 32db78ba-36ff-4254-bf6e-67e7bcfc9e39:192.168.69.91:37505, cb510fb7-fc87-4880-9dcd-5d4a84db871b:192.168.69.91:33685], old=null, confs=<EMPTY_MAP>
2019-11-01 01:25:57,947 [pool-37-thread-1] INFO  server.RaftServerConfigKeys (ConfUtils.java:logGet(43)) - raft.server.storage.dir = [/workdir/hadoop-ozone/tools/target/test-dir/MiniOzoneClusterImpl-17d7739a-f662-4c88-9e51-3c637963011a/datanode-1/data/ratis] (custom)
2019-11-01 01:25:57,947 [pool-67-thread-1] INFO  impl.RaftServerImpl (RaftServerImpl.java:<init>(98)) - 32db78ba-36ff-4254-bf6e-67e7bcfc9e39: new RaftServerImpl for group-B30DA263D364:[40b7f987-8e06-4ef9-abdc-8715eb833c11:192.168.69.91:34918, 32db78ba-36ff-4254-bf6e-67e7bcfc9e39:192.168.69.91:37505, cb510fb7-fc87-4880-9dcd-5d4a84db871b:192.168.69.91:33685] with ContainerStateMachine:uninitialized
2019-11-01 01:25:57,947 [pool-67-thread-1] INFO  server.RaftServerConfigKeys (ConfUtils.java:logGet(43)) - raft.server.rpc.timeout.min = 5s (custom)
2019-11-01 01:25:57,947 [pool-67-thread-1] INFO  server.RaftServerConfigKeys (ConfUtils.java:logGet(43)) - raft.server.rpc.timeout.max = 5200ms (custom)
2019-11-01 01:25:57,947 [pool-67-thread-1] INFO  server.RaftServerConfigKeys (ConfUtils.java:logGet(43)) - raft.server.rpcslowness.timeout = 120s (custom)
2019-11-01 01:25:57,947 [pool-67-thread-1] INFO  server.RaftServerConfigKeys (ConfUtils.java:logGet(43)) - raft.server.sleep.deviation.threshold = 300 (default)
2019-11-01 01:25:57,948 [pool-67-thread-1] INFO  server.RaftServerConfigKeys (ConfUtils.java:logGet(43)) - raft.server.log.appender.install.snapshot.enabled = false (custom)
2019-11-01 01:25:57,948 [pool-67-thread-1] INFO  impl.RaftServerImpl (ServerState.java:<init>(103)) - 32db78ba-36ff-4254-bf6e-67e7bcfc9e39@group-B30DA263D364: ConfigurationManager, init=-1: [40b7f987-8e06-4ef9-abdc-8715eb833c11:192.168.69.91:34918, 32db78ba-36ff-4254-bf6e-67e7bcfc9e39:192.168.69.91:37505, cb510fb7-fc87-4880-9dcd-5d4a84db871b:192.168.69.91:33685], old=null, confs=<EMPTY_MAP>
2019-11-01 01:25:57,948 [pool-67-thread-1] INFO  server.RaftServerConfigKeys (ConfUtils.java:logGet(43)) - raft.server.storage.dir = [/workdir/hadoop-ozone/tools/target/test-dir/MiniOzoneClusterImpl-17d7739a-f662-4c88-9e51-3c637963011a/datanode-4/data/ratis] (custom)
2019-11-01 01:25:58,011 [RATISCREATEPIPELINE2] ERROR pipeline.RatisPipelineProvider (RatisPipelineProvider.java:lambda$null$5(237)) - Failed invoke Ratis rpc org.apache.hadoop.hdds.scm.pipeline.RatisPipelineProvider$$Lambda$189/1108188651@4d33da77 for 32db78ba-36ff-4254-bf6e-67e7bcfc9e39
org.apache.ratis.protocol.TimeoutIOException: deadline exceeded after 2998431784ns
	at org.apache.ratis.grpc.GrpcUtil.tryUnwrapException(GrpcUtil.java:82)
	at org.apache.ratis.grpc.GrpcUtil.unwrapException(GrpcUtil.java:75)
	at org.apache.ratis.grpc.client.GrpcClientProtocolClient.blockingCall(GrpcClientProtocolClient.java:184)
	at org.apache.ratis.grpc.client.GrpcClientProtocolClient.groupAdd(GrpcClientProtocolClient.java:153)
	at org.apache.ratis.grpc.client.GrpcClientRpc.sendRequest(GrpcClientRpc.java:94)
	at org.apache.ratis.client.impl.RaftClientImpl.sendRequest(RaftClientImpl.java:278)
	at org.apache.ratis.client.impl.RaftClientImpl.groupAdd(RaftClientImpl.java:205)
	at org.apache.hadoop.hdds.scm.pipeline.RatisPipelineProvider.lambda$initializePipeline$4(RatisPipelineProvider.java:198)
	at org.apache.hadoop.hdds.scm.pipeline.RatisPipelineProvider.lambda$null$5(RatisPipelineProvider.java:233)
	at java.util.stream.ForEachOps$ForEachOp$OfRef.accept(ForEachOps.java:183)
	at java.util.ArrayList$ArrayListSpliterator.forEachRemaining(ArrayList.java:1382)
	at java.util.stream.AbstractPipeline.copyInto(AbstractPipeline.java:482)
	at java.util.stream.ForEachOps$ForEachTask.compute(ForEachOps.java:290)
	at java.util.concurrent.CountedCompleter.exec(CountedCompleter.java:731)
	at java.util.concurrent.ForkJoinTask.doExec(ForkJoinTask.java:289)
	at java.util.concurrent.ForkJoinPool$WorkQueue.runTask(ForkJoinPool.java:1056)
	at java.util.concurrent.ForkJoinPool.runWorker(ForkJoinPool.java:1692)
	at java.util.concurrent.ForkJoinWorkerThread.run(ForkJoinWorkerThread.java:157)
Caused by: org.apache.ratis.thirdparty.io.grpc.StatusRuntimeException: DEADLINE_EXCEEDED: deadline exceeded after 2998431784ns
	at org.apache.ratis.thirdparty.io.grpc.stub.ClientCalls.toStatusRuntimeException(ClientCalls.java:233)
	at org.apache.ratis.thirdparty.io.grpc.stub.ClientCalls.getUnchecked(ClientCalls.java:214)
	at org.apache.ratis.thirdparty.io.grpc.stub.ClientCalls.blockingUnaryCall(ClientCalls.java:139)
	at org.apache.ratis.proto.grpc.AdminProtocolServiceGrpc$AdminProtocolServiceBlockingStub.groupManagement(AdminProtocolServiceGrpc.java:274)
	at org.apache.ratis.grpc.client.GrpcClientProtocolClient.lambda$groupAdd$3(GrpcClientProtocolClient.java:155)
	at org.apache.ratis.grpc.client.GrpcClientProtocolClient.blockingCall(GrpcClientProtocolClient.java:182)
	... 15 more
2019-11-01 01:25:58,011 [RATISCREATEPIPELINE3] ERROR pipeline.RatisPipelineProvider (RatisPipelineProvider.java:lambda$null$5(237)) - Failed invoke Ratis rpc org.apache.hadoop.hdds.scm.pipeline.RatisPipelineProvider$$Lambda$189/1108188651@4d33da77 for 40b7f987-8e06-4ef9-abdc-8715eb833c11
org.apache.ratis.protocol.TimeoutIOException: deadline exceeded after 2998590270ns
	at org.apache.ratis.grpc.GrpcUtil.tryUnwrapException(GrpcUtil.java:82)
	at org.apache.ratis.grpc.GrpcUtil.unwrapException(GrpcUtil.java:75)
	at org.apache.ratis.grpc.client.GrpcClientProtocolClient.blockingCall(GrpcClientProtocolClient.java:184)
	at org.apache.ratis.grpc.client.GrpcClientProtocolClient.groupAdd(GrpcClientProtocolClient.java:153)
	at org.apache.ratis.grpc.client.GrpcClientRpc.sendRequest(GrpcClientRpc.java:94)
	at org.apache.ratis.client.impl.RaftClientImpl.sendRequest(RaftClientImpl.java:278)
	at org.apache.ratis.client.impl.RaftClientImpl.groupAdd(RaftClientImpl.java:205)
	at org.apache.hadoop.hdds.scm.pipeline.RatisPipelineProvider.lambda$initializePipeline$4(RatisPipelineProvider.java:198)
	at org.apache.hadoop.hdds.scm.pipeline.RatisPipelineProvider.lambda$null$5(RatisPipelineProvider.java:233)
	at java.util.stream.ForEachOps$ForEachOp$OfRef.accept(ForEachOps.java:183)
	at java.util.ArrayList$ArrayListSpliterator.forEachRemaining(ArrayList.java:1382)
	at java.util.stream.AbstractPipeline.copyInto(AbstractPipeline.java:482)
	at java.util.stream.ForEachOps$ForEachTask.compute(ForEachOps.java:290)
	at java.util.concurrent.CountedCompleter.exec(CountedCompleter.java:731)
	at java.util.concurrent.ForkJoinTask.doExec(ForkJoinTask.java:289)
	at java.util.concurrent.ForkJoinPool$WorkQueue.runTask(ForkJoinPool.java:1056)
	at java.util.concurrent.ForkJoinPool.runWorker(ForkJoinPool.java:1692)
	at java.util.concurrent.ForkJoinWorkerThread.run(ForkJoinWorkerThread.java:157)
Caused by: org.apache.ratis.thirdparty.io.grpc.StatusRuntimeException: DEADLINE_EXCEEDED: deadline exceeded after 2998590270ns
	at org.apache.ratis.thirdparty.io.grpc.stub.ClientCalls.toStatusRuntimeException(ClientCalls.java:233)
	at org.apache.ratis.thirdparty.io.grpc.stub.ClientCalls.getUnchecked(ClientCalls.java:214)
	at org.apache.ratis.thirdparty.io.grpc.stub.ClientCalls.blockingUnaryCall(ClientCalls.java:139)
	at org.apache.ratis.proto.grpc.AdminProtocolServiceGrpc$AdminProtocolServiceBlockingStub.groupManagement(AdminProtocolServiceGrpc.java:274)
	at org.apache.ratis.grpc.client.GrpcClientProtocolClient.lambda$groupAdd$3(GrpcClientProtocolClient.java:155)
	at org.apache.ratis.grpc.client.GrpcClientProtocolClient.blockingCall(GrpcClientProtocolClient.java:182)
	... 15 more
2019-11-01 01:25:58,011 [RATISCREATEPIPELINE1] ERROR pipeline.RatisPipelineProvider (RatisPipelineProvider.java:lambda$null$5(237)) - Failed invoke Ratis rpc org.apache.hadoop.hdds.scm.pipeline.RatisPipelineProvider$$Lambda$189/1108188651@4d33da77 for cb510fb7-fc87-4880-9dcd-5d4a84db871b
org.apache.ratis.protocol.TimeoutIOException: deadline exceeded after 2998573891ns
	at org.apache.ratis.grpc.GrpcUtil.tryUnwrapException(GrpcUtil.java:82)
	at org.apache.ratis.grpc.GrpcUtil.unwrapException(GrpcUtil.java:75)
	at org.apache.ratis.grpc.client.GrpcClientProtocolClient.blockingCall(GrpcClientProtocolClient.java:184)
	at org.apache.ratis.grpc.client.GrpcClientProtocolClient.groupAdd(GrpcClientProtocolClient.java:153)
	at org.apache.ratis.grpc.client.GrpcClientRpc.sendRequest(GrpcClientRpc.java:94)
	at org.apache.ratis.client.impl.RaftClientImpl.sendRequest(RaftClientImpl.java:278)
	at org.apache.ratis.client.impl.RaftClientImpl.groupAdd(RaftClientImpl.java:205)
	at org.apache.hadoop.hdds.scm.pipeline.RatisPipelineProvider.lambda$initializePipeline$4(RatisPipelineProvider.java:198)
	at org.apache.hadoop.hdds.scm.pipeline.RatisPipelineProvider.lambda$null$5(RatisPipelineProvider.java:233)
	at java.util.stream.ForEachOps$ForEachOp$OfRef.accept(ForEachOps.java:183)
	at java.util.ArrayList$ArrayListSpliterator.forEachRemaining(ArrayList.java:1382)
	at java.util.stream.AbstractPipeline.copyInto(AbstractPipeline.java:482)
	at java.util.stream.ForEachOps$ForEachTask.compute(ForEachOps.java:290)
	at java.util.concurrent.CountedCompleter.exec(CountedCompleter.java:731)
	at java.util.concurrent.ForkJoinTask.doExec(ForkJoinTask.java:289)
	at java.util.concurrent.ForkJoinTask.doInvoke(ForkJoinTask.java:401)
	at java.util.concurrent.ForkJoinTask.invoke(ForkJoinTask.java:734)
	at java.util.stream.ForEachOps$ForEachOp.evaluateParallel(ForEachOps.java:159)
	at java.util.stream.ForEachOps$ForEachOp$OfRef.evaluateParallel(ForEachOps.java:173)
	at java.util.stream.AbstractPipeline.evaluate(AbstractPipeline.java:233)
	at java.util.stream.ReferencePipeline.forEach(ReferencePipeline.java:485)
	at java.util.stream.ReferencePipeline$Head.forEach(ReferencePipeline.java:650)
	at org.apache.hadoop.hdds.scm.pipeline.RatisPipelineProvider.lambda$callRatisRpc$6(RatisPipelineProvider.java:227)
	at java.util.concurrent.ForkJoinTask$AdaptedRunnableAction.exec(ForkJoinTask.java:1386)
	at java.util.concurrent.ForkJoinTask.doExec(ForkJoinTask.java:289)
	at java.util.concurrent.ForkJoinPool$WorkQueue.runTask(ForkJoinPool.java:1056)
	at java.util.concurrent.ForkJoinPool.runWorker(ForkJoinPool.java:1692)
	at java.util.concurrent.ForkJoinWorkerThread.run(ForkJoinWorkerThread.java:157)
Caused by: org.apache.ratis.thirdparty.io.grpc.StatusRuntimeException: DEADLINE_EXCEEDED: deadline exceeded after 2998573891ns
	at org.apache.ratis.thirdparty.io.grpc.stub.ClientCalls.toStatusRuntimeException(ClientCalls.java:233)
	at org.apache.ratis.thirdparty.io.grpc.stub.ClientCalls.getUnchecked(ClientCalls.java:214)
	at org.apache.ratis.thirdparty.io.grpc.stub.ClientCalls.blockingUnaryCall(ClientCalls.java:139)
	at org.apache.ratis.proto.grpc.AdminProtocolServiceGrpc$AdminProtocolServiceBlockingStub.groupManagement(AdminProtocolServiceGrpc.java:274)
	at org.apache.ratis.grpc.client.GrpcClientProtocolClient.lambda$groupAdd$3(GrpcClientProtocolClient.java:155)
	at org.apache.ratis.grpc.client.GrpcClientProtocolClient.blockingCall(GrpcClientProtocolClient.java:182)
	... 25 more
2019-11-01 01:25:58,014 [IPC Server handler 12 on 35541] WARN  block.BlockManagerImpl (BlockManagerImpl.java:allocateBlock(200)) - Pipeline creation failed for type:RATIS factor:THREE. Retrying get pipelines call once.
org.apache.hadoop.io.MultipleIOException: 3 exceptions [java.io.IOException: Failed invoke Ratis rpc org.apache.hadoop.hdds.scm.pipeline.RatisPipelineProvider$$Lambda$189/1108188651@4d33da77 for 32db78ba-36ff-4254-bf6e-67e7bcfc9e39, java.io.IOException: Failed invoke Ratis rpc org.apache.hadoop.hdds.scm.pipeline.RatisPipelineProvider$$Lambda$189/1108188651@4d33da77 for 40b7f987-8e06-4ef9-abdc-8715eb833c11, java.io.IOException: Failed invoke Ratis rpc org.apache.hadoop.hdds.scm.pipeline.RatisPipelineProvider$$Lambda$189/1108188651@4d33da77 for cb510fb7-fc87-4880-9dcd-5d4a84db871b]
	at org.apache.hadoop.io.MultipleIOException.createIOException(MultipleIOException.java:53)
	at org.apache.hadoop.hdds.scm.pipeline.RatisPipelineProvider.callRatisRpc(RatisPipelineProvider.java:253)
	at org.apache.hadoop.hdds.scm.pipeline.RatisPipelineProvider.initializePipeline(RatisPipelineProvider.java:196)
	at org.apache.hadoop.hdds.scm.pipeline.RatisPipelineProvider.create(RatisPipelineProvider.java:163)
	at org.apache.hadoop.hdds.scm.pipeline.PipelineFactory.create(PipelineFactory.java:58)
	at org.apache.hadoop.hdds.scm.pipeline.SCMPipelineManager.createPipeline(SCMPipelineManager.java:155)
	at org.apache.hadoop.hdds.scm.block.BlockManagerImpl.allocateBlock(BlockManagerImpl.java:198)
	at org.apache.hadoop.hdds.scm.server.SCMBlockProtocolServer.allocateBlock(SCMBlockProtocolServer.java:187)
	at org.apache.hadoop.hdds.scm.protocol.ScmBlockLocationProtocolServerSideTranslatorPB.allocateScmBlock(ScmBlockLocationProtocolServerSideTranslatorPB.java:159)
	at org.apache.hadoop.hdds.scm.protocol.ScmBlockLocationProtocolServerSideTranslatorPB.processMessage(ScmBlockLocationProtocolServerSideTranslatorPB.java:117)
	at org.apache.hadoop.hdds.server.OzoneProtocolMessageDispatcher.processRequest(OzoneProtocolMessageDispatcher.java:72)
	at org.apache.hadoop.hdds.scm.protocol.ScmBlockLocationProtocolServerSideTranslatorPB.send(ScmBlockLocationProtocolServerSideTranslatorPB.java:98)
	at org.apache.hadoop.hdds.protocol.proto.ScmBlockLocationProtocolProtos$ScmBlockLocationProtocolService$2.callBlockingMethod(ScmBlockLocationProtocolProtos.java:13157)
	at org.apache.hadoop.ipc.ProtobufRpcEngine$Server$ProtoBufRpcInvoker.call(ProtobufRpcEngine.java:524)
	at org.apache.hadoop.ipc.RPC$Server.call(RPC.java:1025)
	at org.apache.hadoop.ipc.Server$RpcCall.run(Server.java:876)
	at org.apache.hadoop.ipc.Server$RpcCall.run(Server.java:822)
	at java.security.AccessController.doPrivileged(Native Method)
	at javax.security.auth.Subject.doAs(Subject.java:422)
	at org.apache.hadoop.security.UserGroupInformation.doAs(UserGroupInformation.java:1730)
	at org.apache.hadoop.ipc.Server$Handler.run(Server.java:2682)
2019-11-01 01:25:58,014 [IPC Server handler 10 on 35541] INFO  block.BlockManagerImpl (BlockManagerImpl.java:allocateBlock(212)) - Could not find available pipeline of type:RATIS and factor:THREE even after retrying
2019-11-01 01:25:58,015 [IPC Server handler 10 on 35541] ERROR block.BlockManagerImpl (BlockManagerImpl.java:allocateBlock(236)) - Unable to allocate a block for the size: 4194304, type: RATIS, factor: THREE
2019-11-01 01:25:58,014 [IPC Server handler 7 on 35541] INFO  block.BlockManagerImpl (BlockManagerImpl.java:allocateBlock(212)) - Could not find available pipeline of type:RATIS and factor:THREE even after retrying
2019-11-01 01:25:58,015 [IPC Server handler 7 on 35541] ERROR block.BlockManagerImpl (BlockManagerImpl.java:allocateBlock(236)) - Unable to allocate a block for the size: 4194304, type: RATIS, factor: THREE
2019-11-01 01:25:58,016 [pool-73-thread-8] ERROR freon.RandomKeyGenerator (RandomKeyGenerator.java:createKey(735)) - Exception while adding key: key-0-21677 in bucket: bucket-0-25888 of volume: vol-6-33952.
INTERNAL_ERROR org.apache.hadoop.ozone.om.exceptions.OMException: Allocated 0 blocks. Requested 1 blocks
	at org.apache.hadoop.ozone.om.protocolPB.OzoneManagerProtocolClientSideTranslatorPB.handleError(OzoneManagerProtocolClientSideTranslatorPB.java:732)
	at org.apache.hadoop.ozone.om.protocolPB.OzoneManagerProtocolClientSideTranslatorPB.openKey(OzoneManagerProtocolClientSideTranslatorPB.java:723)
	at sun.reflect.NativeMethodAccessorImpl.invoke0(Native Method)
	at sun.reflect.NativeMethodAccessorImpl.invoke(NativeMethodAccessorImpl.java:62)
	at sun.reflect.DelegatingMethodAccessorImpl.invoke(DelegatingMethodAccessorImpl.java:43)
	at java.lang.reflect.Method.invoke(Method.java:498)
	at org.apache.hadoop.hdds.tracing.TraceAllMethod.invoke(TraceAllMethod.java:66)
	at com.sun.proxy.$Proxy37.openKey(Unknown Source)
	at org.apache.hadoop.ozone.client.rpc.RpcClient.createKey(RpcClient.java:633)
	at org.apache.hadoop.ozone.client.OzoneBucket.createKey(OzoneBucket.java:325)
	at org.apache.hadoop.ozone.freon.RandomKeyGenerator.createKey(RandomKeyGenerator.java:697)
	at org.apache.hadoop.ozone.freon.RandomKeyGenerator.access$1100(RandomKeyGenerator.java:88)
	at org.apache.hadoop.ozone.freon.RandomKeyGenerator$ObjectCreator.run(RandomKeyGenerator.java:615)
	at java.util.concurrent.Executors$RunnableAdapter.call(Executors.java:511)
	at java.util.concurrent.FutureTask.run(FutureTask.java:266)
	at java.util.concurrent.ThreadPoolExecutor.runWorker(ThreadPoolExecutor.java:1149)
	at java.util.concurrent.ThreadPoolExecutor$Worker.run(ThreadPoolExecutor.java:624)
	at java.lang.Thread.run(Thread.java:748)
2019-11-01 01:25:58,016 [pool-73-thread-1] ERROR freon.RandomKeyGenerator (RandomKeyGenerator.java:createKey(735)) - Exception while adding key: key-0-25111 in bucket: bucket-0-69532 of volume: vol-5-32031.
INTERNAL_ERROR org.apache.hadoop.ozone.om.exceptions.OMException: Allocated 0 blocks. Requested 1 blocks
	at org.apache.hadoop.ozone.om.protocolPB.OzoneManagerProtocolClientSideTranslatorPB.handleError(OzoneManagerProtocolClientSideTranslatorPB.java:732)
	at org.apache.hadoop.ozone.om.protocolPB.OzoneManagerProtocolClientSideTranslatorPB.openKey(OzoneManagerProtocolClientSideTranslatorPB.java:723)
	at sun.reflect.NativeMethodAccessorImpl.invoke0(Native Method)
	at sun.reflect.NativeMethodAccessorImpl.invoke(NativeMethodAccessorImpl.java:62)
	at sun.reflect.DelegatingMethodAccessorImpl.invoke(DelegatingMethodAccessorImpl.java:43)
	at java.lang.reflect.Method.invoke(Method.java:498)
	at org.apache.hadoop.hdds.tracing.TraceAllMethod.invoke(TraceAllMethod.java:66)
	at com.sun.proxy.$Proxy37.openKey(Unknown Source)
	at org.apache.hadoop.ozone.client.rpc.RpcClient.createKey(RpcClient.java:633)
	at org.apache.hadoop.ozone.client.OzoneBucket.createKey(OzoneBucket.java:325)
	at org.apache.hadoop.ozone.freon.RandomKeyGenerator.createKey(RandomKeyGenerator.java:697)
	at org.apache.hadoop.ozone.freon.RandomKeyGenerator.access$1100(RandomKeyGenerator.java:88)
	at org.apache.hadoop.ozone.freon.RandomKeyGenerator$ObjectCreator.run(RandomKeyGenerator.java:615)
	at java.util.concurrent.Executors$RunnableAdapter.call(Executors.java:511)
	at java.util.concurrent.FutureTask.run(FutureTask.java:266)
	at java.util.concurrent.ThreadPoolExecutor.runWorker(ThreadPoolExecutor.java:1149)
	at java.util.concurrent.ThreadPoolExecutor$Worker.run(ThreadPoolExecutor.java:624)
	at java.lang.Thread.run(Thread.java:748)
2019-11-01 01:25:58,026 [grpc-default-executor-1] INFO  impl.RaftServerProxy (RaftServerProxy.java:addNew(89)) - 40b7f987-8e06-4ef9-abdc-8715eb833c11: addNew group-B4B47FFE905F:[40b7f987-8e06-4ef9-abdc-8715eb833c11:192.168.69.91:34918, 32db78ba-36ff-4254-bf6e-67e7bcfc9e39:192.168.69.91:37505, cb510fb7-fc87-4880-9dcd-5d4a84db871b:192.168.69.91:33685] returns group-B4B47FFE905F:java.util.concurrent.CompletableFuture@529db2cd[Not completed]
2019-11-01 01:25:58,026 [grpc-default-executor-0] INFO  impl.RaftServerProxy (RaftServerProxy.java:addNew(89)) - 32db78ba-36ff-4254-bf6e-67e7bcfc9e39: addNew group-B4B47FFE905F:[40b7f987-8e06-4ef9-abdc-8715eb833c11:192.168.69.91:34918, 32db78ba-36ff-4254-bf6e-67e7bcfc9e39:192.168.69.91:37505, cb510fb7-fc87-4880-9dcd-5d4a84db871b:192.168.69.91:33685] returns group-B4B47FFE905F:java.util.concurrent.CompletableFuture@7c9c0311[Not completed]
2019-11-01 01:25:58,026 [grpc-default-executor-5] INFO  impl.RaftServerProxy (RaftServerProxy.java:addNew(89)) - cb510fb7-fc87-4880-9dcd-5d4a84db871b: addNew group-B4B47FFE905F:[40b7f987-8e06-4ef9-abdc-8715eb833c11:192.168.69.91:34918, 32db78ba-36ff-4254-bf6e-67e7bcfc9e39:192.168.69.91:37505, cb510fb7-fc87-4880-9dcd-5d4a84db871b:192.168.69.91:33685] returns group-B4B47FFE905F:java.util.concurrent.CompletableFuture@1213119[Not completed]
 0.00% |?                                                                                                    |  0/100 Time: 0:00:262019-11-01 01:25:59,242 [pool-37-thread-1] INFO  server.RaftServerConfigKeys (ConfUtils.java:logGet(43)) - raft.server.log.corruption.policy = EXCEPTION (default)
2019-11-01 01:25:59,242 [pool-67-thread-1] INFO  server.RaftServerConfigKeys (ConfUtils.java:logGet(43)) - raft.server.log.corruption.policy = EXCEPTION (default)
2019-11-01 01:25:59,247 [pool-67-thread-1] INFO  storage.RaftStorageDirectory (RaftStorageDirectory.java:analyzeStorage(246)) - The storage directory /workdir/hadoop-ozone/tools/target/test-dir/MiniOzoneClusterImpl-17d7739a-f662-4c88-9e51-3c637963011a/datanode-4/data/ratis/322ed056-c6f5-452f-9f79-b30da263d364 does not exist. Creating ...
 0.00% |?                                                                                                    |  0/100 Time: 0:00:272019-11-01 01:26:00,338 [pool-37-thread-1] INFO  storage.RaftStorageDirectory (RaftStorageDirectory.java:analyzeStorage(246)) - The storage directory /workdir/hadoop-ozone/tools/target/test-dir/MiniOzoneClusterImpl-17d7739a-f662-4c88-9e51-3c637963011a/datanode-1/data/ratis/322ed056-c6f5-452f-9f79-b30da263d364 does not exist. Creating ...
 0.00% |?                                                                                                    |  0/100 Time: 0:00:282019-11-01 01:26:00,934 [40b7f987-8e06-4ef9-abdc-8715eb833c11@group-F9329D95E7B3-LeaderElection4] INFO  impl.LeaderElection (LogUtils.java:infoOrTrace(149)) - 40b7f987-8e06-4ef9-abdc-8715eb833c11@group-F9329D95E7B3-LeaderElection4 got exception when requesting votes: {}
java.util.concurrent.ExecutionException: org.apache.ratis.thirdparty.io.grpc.StatusRuntimeException: DEADLINE_EXCEEDED: deadline exceeded after 2997373406ns
	at java.util.concurrent.FutureTask.report(FutureTask.java:122)
	at java.util.concurrent.FutureTask.get(FutureTask.java:192)
	at org.apache.ratis.server.impl.LeaderElection.waitForResults(LeaderElection.java:259)
	at org.apache.ratis.server.impl.LeaderElection.askForVotes(LeaderElection.java:197)
	at org.apache.ratis.server.impl.LeaderElection.run(LeaderElection.java:133)
	at java.lang.Thread.run(Thread.java:748)
Caused by: org.apache.ratis.thirdparty.io.grpc.StatusRuntimeException: DEADLINE_EXCEEDED: deadline exceeded after 2997373406ns
	at org.apache.ratis.thirdparty.io.grpc.stub.ClientCalls.toStatusRuntimeException(ClientCalls.java:233)
	at org.apache.ratis.thirdparty.io.grpc.stub.ClientCalls.getUnchecked(ClientCalls.java:214)
	at org.apache.ratis.thirdparty.io.grpc.stub.ClientCalls.blockingUnaryCall(ClientCalls.java:139)
	at org.apache.ratis.proto.grpc.RaftServerProtocolServiceGrpc$RaftServerProtocolServiceBlockingStub.requestVote(RaftServerProtocolServiceGrpc.java:265)
	at org.apache.ratis.grpc.server.GrpcServerProtocolClient.requestVote(GrpcServerProtocolClient.java:99)
	at org.apache.ratis.grpc.server.GrpcService.requestVote(GrpcService.java:204)
	at org.apache.ratis.server.impl.LeaderElection.lambda$submitRequests$1(LeaderElection.java:234)
	at java.util.concurrent.FutureTask.run(FutureTask.java:266)
	at java.util.concurrent.Executors$RunnableAdapter.call(Executors.java:511)
	at java.util.concurrent.FutureTask.run(FutureTask.java:266)
	at java.util.concurrent.ThreadPoolExecutor.runWorker(ThreadPoolExecutor.java:1149)
	at java.util.concurrent.ThreadPoolExecutor$Worker.run(ThreadPoolExecutor.java:624)
	... 1 more
2019-11-01 01:26:00,937 [40b7f987-8e06-4ef9-abdc-8715eb833c11@group-F9329D95E7B3-LeaderElection4] INFO  impl.LeaderElection (LogUtils.java:infoOrTrace(149)) - 40b7f987-8e06-4ef9-abdc-8715eb833c11@group-F9329D95E7B3-LeaderElection4 got exception when requesting votes: {}
java.util.concurrent.ExecutionException: org.apache.ratis.thirdparty.io.grpc.StatusRuntimeException: DEADLINE_EXCEEDED: deadline exceeded after 2999759403ns
	at java.util.concurrent.FutureTask.report(FutureTask.java:122)
	at java.util.concurrent.FutureTask.get(FutureTask.java:192)
	at org.apache.ratis.server.impl.LeaderElection.waitForResults(LeaderElection.java:259)
	at org.apache.ratis.server.impl.LeaderElection.askForVotes(LeaderElection.java:197)
	at org.apache.ratis.server.impl.LeaderElection.run(LeaderElection.java:133)
	at java.lang.Thread.run(Thread.java:748)
Caused by: org.apache.ratis.thirdparty.io.grpc.StatusRuntimeException: DEADLINE_EXCEEDED: deadline exceeded after 2999759403ns
	at org.apache.ratis.thirdparty.io.grpc.stub.ClientCalls.toStatusRuntimeException(ClientCalls.java:233)
	at org.apache.ratis.thirdparty.io.grpc.stub.ClientCalls.getUnchecked(ClientCalls.java:214)
	at org.apache.ratis.thirdparty.io.grpc.stub.ClientCalls.blockingUnaryCall(ClientCalls.java:139)
	at org.apache.ratis.proto.grpc.RaftServerProtocolServiceGrpc$RaftServerProtocolServiceBlockingStub.requestVote(RaftServerProtocolServiceGrpc.java:265)
	at org.apache.ratis.grpc.server.GrpcServerProtocolClient.requestVote(GrpcServerProtocolClient.java:99)
	at org.apache.ratis.grpc.server.GrpcService.requestVote(GrpcService.java:204)
	at org.apache.ratis.server.impl.LeaderElection.lambda$submitRequests$1(LeaderElection.java:234)
	at java.util.concurrent.FutureTask.run(FutureTask.java:266)
	at java.util.concurrent.Executors$RunnableAdapter.call(Executors.java:511)
	at java.util.concurrent.FutureTask.run(FutureTask.java:266)
	at java.util.concurrent.ThreadPoolExecutor.runWorker(ThreadPoolExecutor.java:1149)
	at java.util.concurrent.ThreadPoolExecutor$Worker.run(ThreadPoolExecutor.java:624)
	... 1 more
2019-11-01 01:26:00,939 [40b7f987-8e06-4ef9-abdc-8715eb833c11@group-F9329D95E7B3-LeaderElection4] INFO  impl.LeaderElection (LeaderElection.java:logAndReturn(56)) - 40b7f987-8e06-4ef9-abdc-8715eb833c11@group-F9329D95E7B3-LeaderElection4: Election REJECTED; received 0 response(s) [] and 2 exception(s); 40b7f987-8e06-4ef9-abdc-8715eb833c11@group-F9329D95E7B3:t2, leader=null, voted=40b7f987-8e06-4ef9-abdc-8715eb833c11, raftlog=40b7f987-8e06-4ef9-abdc-8715eb833c11@group-F9329D95E7B3-SegmentedRaftLog:OPENED:c-1,f-1,i0, conf=-1: [40b7f987-8e06-4ef9-abdc-8715eb833c11:192.168.69.91:34918, 32db78ba-36ff-4254-bf6e-67e7bcfc9e39:192.168.69.91:37505, cb510fb7-fc87-4880-9dcd-5d4a84db871b:192.168.69.91:33685], old=null
2019-11-01 01:26:00,939 [40b7f987-8e06-4ef9-abdc-8715eb833c11@group-F9329D95E7B3-LeaderElection4] INFO  impl.LeaderElection (LogUtils.java:infoOrTrace(149)) -   Exception 0: {}
java.util.concurrent.ExecutionException: org.apache.ratis.thirdparty.io.grpc.StatusRuntimeException: DEADLINE_EXCEEDED: deadline exceeded after 2997373406ns
	at java.util.concurrent.FutureTask.report(FutureTask.java:122)
	at java.util.concurrent.FutureTask.get(FutureTask.java:192)
	at org.apache.ratis.server.impl.LeaderElection.waitForResults(LeaderElection.java:259)
	at org.apache.ratis.server.impl.LeaderElection.askForVotes(LeaderElection.java:197)
	at org.apache.ratis.server.impl.LeaderElection.run(LeaderElection.java:133)
	at java.lang.Thread.run(Thread.java:748)
Caused by: org.apache.ratis.thirdparty.io.grpc.StatusRuntimeException: DEADLINE_EXCEEDED: deadline exceeded after 2997373406ns
	at org.apache.ratis.thirdparty.io.grpc.stub.ClientCalls.toStatusRuntimeException(ClientCalls.java:233)
	at org.apache.ratis.thirdparty.io.grpc.stub.ClientCalls.getUnchecked(ClientCalls.java:214)
	at org.apache.ratis.thirdparty.io.grpc.stub.ClientCalls.blockingUnaryCall(ClientCalls.java:139)
	at org.apache.ratis.proto.grpc.RaftServerProtocolServiceGrpc$RaftServerProtocolServiceBlockingStub.requestVote(RaftServerProtocolServiceGrpc.java:265)
	at org.apache.ratis.grpc.server.GrpcServerProtocolClient.requestVote(GrpcServerProtocolClient.java:99)
	at org.apache.ratis.grpc.server.GrpcService.requestVote(GrpcService.java:204)
	at org.apache.ratis.server.impl.LeaderElection.lambda$submitRequests$1(LeaderElection.java:234)
	at java.util.concurrent.FutureTask.run(FutureTask.java:266)
	at java.util.concurrent.Executors$RunnableAdapter.call(Executors.java:511)
	at java.util.concurrent.FutureTask.run(FutureTask.java:266)
	at java.util.concurrent.ThreadPoolExecutor.runWorker(ThreadPoolExecutor.java:1149)
	at java.util.concurrent.ThreadPoolExecutor$Worker.run(ThreadPoolExecutor.java:624)
	... 1 more
2019-11-01 01:26:00,939 [40b7f987-8e06-4ef9-abdc-8715eb833c11@group-F9329D95E7B3-LeaderElection4] INFO  impl.LeaderElection (LogUtils.java:infoOrTrace(149)) -   Exception 1: {}
java.util.concurrent.ExecutionException: org.apache.ratis.thirdparty.io.grpc.StatusRuntimeException: DEADLINE_EXCEEDED: deadline exceeded after 2999759403ns
	at java.util.concurrent.FutureTask.report(FutureTask.java:122)
	at java.util.concurrent.FutureTask.get(FutureTask.java:192)
	at org.apache.ratis.server.impl.LeaderElection.waitForResults(LeaderElection.java:259)
	at org.apache.ratis.server.impl.LeaderElection.askForVotes(LeaderElection.java:197)
	at org.apache.ratis.server.impl.LeaderElection.run(LeaderElection.java:133)
	at java.lang.Thread.run(Thread.java:748)
Caused by: org.apache.ratis.thirdparty.io.grpc.StatusRuntimeException: DEADLINE_EXCEEDED: deadline exceeded after 2999759403ns
	at org.apache.ratis.thirdparty.io.grpc.stub.ClientCalls.toStatusRuntimeException(ClientCalls.java:233)
	at org.apache.ratis.thirdparty.io.grpc.stub.ClientCalls.getUnchecked(ClientCalls.java:214)
	at org.apache.ratis.thirdparty.io.grpc.stub.ClientCalls.blockingUnaryCall(ClientCalls.java:139)
	at org.apache.ratis.proto.grpc.RaftServerProtocolServiceGrpc$RaftServerProtocolServiceBlockingStub.requestVote(RaftServerProtocolServiceGrpc.java:265)
	at org.apache.ratis.grpc.server.GrpcServerProtocolClient.requestVote(GrpcServerProtocolClient.java:99)
	at org.apache.ratis.grpc.server.GrpcService.requestVote(GrpcService.java:204)
	at org.apache.ratis.server.impl.LeaderElection.lambda$submitRequests$1(LeaderElection.java:234)
	at java.util.concurrent.FutureTask.run(FutureTask.java:266)
	at java.util.concurrent.Executors$RunnableAdapter.call(Executors.java:511)
	at java.util.concurrent.FutureTask.run(FutureTask.java:266)
	at java.util.concurrent.ThreadPoolExecutor.runWorker(ThreadPoolExecutor.java:1149)
	at java.util.concurrent.ThreadPoolExecutor$Worker.run(ThreadPoolExecutor.java:624)
	... 1 more
2019-11-01 01:26:00,940 [40b7f987-8e06-4ef9-abdc-8715eb833c11@group-F9329D95E7B3-LeaderElection4] INFO  impl.RaftServerImpl (RaftServerImpl.java:setRole(173)) - 40b7f987-8e06-4ef9-abdc-8715eb833c11@group-F9329D95E7B3: changes role from CANDIDATE to FOLLOWER at term 2 for DISCOVERED_A_NEW_TERM
2019-11-01 01:26:00,942 [40b7f987-8e06-4ef9-abdc-8715eb833c11@group-F9329D95E7B3-LeaderElection4] INFO  impl.RoleInfo (RoleInfo.java:shutdownLeaderElection(134)) - 40b7f987-8e06-4ef9-abdc-8715eb833c11: shutdown LeaderElection
2019-11-01 01:26:00,943 [40b7f987-8e06-4ef9-abdc-8715eb833c11@group-F9329D95E7B3-LeaderElection4] INFO  impl.RoleInfo (RoleInfo.java:updateAndGet(143)) - 40b7f987-8e06-4ef9-abdc-8715eb833c11: start FollowerState
2019-11-01 01:26:01,023 [RATISCREATEPIPELINE1] ERROR pipeline.RatisPipelineProvider (RatisPipelineProvider.java:lambda$null$5(237)) - Failed invoke Ratis rpc org.apache.hadoop.hdds.scm.pipeline.RatisPipelineProvider$$Lambda$189/1108188651@5848f358 for cb510fb7-fc87-4880-9dcd-5d4a84db871b
org.apache.ratis.protocol.TimeoutIOException: deadline exceeded after 2999803189ns
	at org.apache.ratis.grpc.GrpcUtil.tryUnwrapException(GrpcUtil.java:82)
	at org.apache.ratis.grpc.GrpcUtil.unwrapException(GrpcUtil.java:75)
	at org.apache.ratis.grpc.client.GrpcClientProtocolClient.blockingCall(GrpcClientProtocolClient.java:184)
	at org.apache.ratis.grpc.client.GrpcClientProtocolClient.groupAdd(GrpcClientProtocolClient.java:153)
	at org.apache.ratis.grpc.client.GrpcClientRpc.sendRequest(GrpcClientRpc.java:94)
	at org.apache.ratis.client.impl.RaftClientImpl.sendRequest(RaftClientImpl.java:278)
	at org.apache.ratis.client.impl.RaftClientImpl.groupAdd(RaftClientImpl.java:205)
	at org.apache.hadoop.hdds.scm.pipeline.RatisPipelineProvider.lambda$initializePipeline$4(RatisPipelineProvider.java:198)
	at org.apache.hadoop.hdds.scm.pipeline.RatisPipelineProvider.lambda$null$5(RatisPipelineProvider.java:233)
	at java.util.stream.ForEachOps$ForEachOp$OfRef.accept(ForEachOps.java:183)
	at java.util.ArrayList$ArrayListSpliterator.forEachRemaining(ArrayList.java:1382)
	at java.util.stream.AbstractPipeline.copyInto(AbstractPipeline.java:482)
	at java.util.stream.ForEachOps$ForEachTask.compute(ForEachOps.java:290)
	at java.util.concurrent.CountedCompleter.exec(CountedCompleter.java:731)
	at java.util.concurrent.ForkJoinTask.doExec(ForkJoinTask.java:289)
	at java.util.concurrent.ForkJoinTask.doInvoke(ForkJoinTask.java:401)
	at java.util.concurrent.ForkJoinTask.invoke(ForkJoinTask.java:734)
	at java.util.stream.ForEachOps$ForEachOp.evaluateParallel(ForEachOps.java:159)
	at java.util.stream.ForEachOps$ForEachOp$OfRef.evaluateParallel(ForEachOps.java:173)
	at java.util.stream.AbstractPipeline.evaluate(AbstractPipeline.java:233)
	at java.util.stream.ReferencePipeline.forEach(ReferencePipeline.java:485)
	at java.util.stream.ReferencePipeline$Head.forEach(ReferencePipeline.java:650)
	at org.apache.hadoop.hdds.scm.pipeline.RatisPipelineProvider.lambda$callRatisRpc$6(RatisPipelineProvider.java:227)
	at java.util.concurrent.ForkJoinTask$AdaptedRunnableAction.exec(ForkJoinTask.java:1386)
	at java.util.concurrent.ForkJoinTask.doExec(ForkJoinTask.java:289)
	at java.util.concurrent.ForkJoinPool$WorkQueue.runTask(ForkJoinPool.java:1056)
	at java.util.concurrent.ForkJoinPool.runWorker(ForkJoinPool.java:1692)
	at java.util.concurrent.ForkJoinWorkerThread.run(ForkJoinWorkerThread.java:157)
Caused by: org.apache.ratis.thirdparty.io.grpc.StatusRuntimeException: DEADLINE_EXCEEDED: deadline exceeded after 2999803189ns
	at org.apache.ratis.thirdparty.io.grpc.stub.ClientCalls.toStatusRuntimeException(ClientCalls.java:233)
	at org.apache.ratis.thirdparty.io.grpc.stub.ClientCalls.getUnchecked(ClientCalls.java:214)
	at org.apache.ratis.thirdparty.io.grpc.stub.ClientCalls.blockingUnaryCall(ClientCalls.java:139)
	at org.apache.ratis.proto.grpc.AdminProtocolServiceGrpc$AdminProtocolServiceBlockingStub.groupManagement(AdminProtocolServiceGrpc.java:274)
	at org.apache.ratis.grpc.client.GrpcClientProtocolClient.lambda$groupAdd$3(GrpcClientProtocolClient.java:155)
	at org.apache.ratis.grpc.client.GrpcClientProtocolClient.blockingCall(GrpcClientProtocolClient.java:182)
	... 25 more
2019-11-01 01:26:01,024 [RATISCREATEPIPELINE2] ERROR pipeline.RatisPipelineProvider (RatisPipelineProvider.java:lambda$null$5(237)) - Failed invoke Ratis rpc org.apache.hadoop.hdds.scm.pipeline.RatisPipelineProvider$$Lambda$189/1108188651@5848f358 for 32db78ba-36ff-4254-bf6e-67e7bcfc9e39
org.apache.ratis.protocol.TimeoutIOException: deadline exceeded after 2999801571ns
	at org.apache.ratis.grpc.GrpcUtil.tryUnwrapException(GrpcUtil.java:82)
	at org.apache.ratis.grpc.GrpcUtil.unwrapException(GrpcUtil.java:75)
	at org.apache.ratis.grpc.client.GrpcClientProtocolClient.blockingCall(GrpcClientProtocolClient.java:184)
	at org.apache.ratis.grpc.client.GrpcClientProtocolClient.groupAdd(GrpcClientProtocolClient.java:153)
	at org.apache.ratis.grpc.client.GrpcClientRpc.sendRequest(GrpcClientRpc.java:94)
	at org.apache.ratis.client.impl.RaftClientImpl.sendRequest(RaftClientImpl.java:278)
	at org.apache.ratis.client.impl.RaftClientImpl.groupAdd(RaftClientImpl.java:205)
	at org.apache.hadoop.hdds.scm.pipeline.RatisPipelineProvider.lambda$initializePipeline$4(RatisPipelineProvider.java:198)
	at org.apache.hadoop.hdds.scm.pipeline.RatisPipelineProvider.lambda$null$5(RatisPipelineProvider.java:233)
	at java.util.stream.ForEachOps$ForEachOp$OfRef.accept(ForEachOps.java:183)
	at java.util.ArrayList$ArrayListSpliterator.forEachRemaining(ArrayList.java:1382)
	at java.util.stream.AbstractPipeline.copyInto(AbstractPipeline.java:482)
	at java.util.stream.ForEachOps$ForEachTask.compute(ForEachOps.java:290)
	at java.util.concurrent.CountedCompleter.exec(CountedCompleter.java:731)
	at java.util.concurrent.ForkJoinTask.doExec(ForkJoinTask.java:289)
	at java.util.concurrent.ForkJoinPool$WorkQueue.runTask(ForkJoinPool.java:1056)
	at java.util.concurrent.ForkJoinPool.runWorker(ForkJoinPool.java:1692)
	at java.util.concurrent.ForkJoinWorkerThread.run(ForkJoinWorkerThread.java:157)
Caused by: org.apache.ratis.thirdparty.io.grpc.StatusRuntimeException: DEADLINE_EXCEEDED: deadline exceeded after 2999801571ns
	at org.apache.ratis.thirdparty.io.grpc.stub.ClientCalls.toStatusRuntimeException(ClientCalls.java:233)
	at org.apache.ratis.thirdparty.io.grpc.stub.ClientCalls.getUnchecked(ClientCalls.java:214)
	at org.apache.ratis.thirdparty.io.grpc.stub.ClientCalls.blockingUnaryCall(ClientCalls.java:139)
	at org.apache.ratis.proto.grpc.AdminProtocolServiceGrpc$AdminProtocolServiceBlockingStub.groupManagement(AdminProtocolServiceGrpc.java:274)
	at org.apache.ratis.grpc.client.GrpcClientProtocolClient.lambda$groupAdd$3(GrpcClientProtocolClient.java:155)
	at org.apache.ratis.grpc.client.GrpcClientProtocolClient.blockingCall(GrpcClientProtocolClient.java:182)
	... 15 more
2019-11-01 01:26:01,024 [RATISCREATEPIPELINE3] ERROR pipeline.RatisPipelineProvider (RatisPipelineProvider.java:lambda$null$5(237)) - Failed invoke Ratis rpc org.apache.hadoop.hdds.scm.pipeline.RatisPipelineProvider$$Lambda$189/1108188651@5848f358 for 40b7f987-8e06-4ef9-abdc-8715eb833c11
org.apache.ratis.protocol.TimeoutIOException: deadline exceeded after 2998750683ns
	at org.apache.ratis.grpc.GrpcUtil.tryUnwrapException(GrpcUtil.java:82)
	at org.apache.ratis.grpc.GrpcUtil.unwrapException(GrpcUtil.java:75)
	at org.apache.ratis.grpc.client.GrpcClientProtocolClient.blockingCall(GrpcClientProtocolClient.java:184)
	at org.apache.ratis.grpc.client.GrpcClientProtocolClient.groupAdd(GrpcClientProtocolClient.java:153)
	at org.apache.ratis.grpc.client.GrpcClientRpc.sendRequest(GrpcClientRpc.java:94)
	at org.apache.ratis.client.impl.RaftClientImpl.sendRequest(RaftClientImpl.java:278)
	at org.apache.ratis.client.impl.RaftClientImpl.groupAdd(RaftClientImpl.java:205)
	at org.apache.hadoop.hdds.scm.pipeline.RatisPipelineProvider.lambda$initializePipeline$4(RatisPipelineProvider.java:198)
	at org.apache.hadoop.hdds.scm.pipeline.RatisPipelineProvider.lambda$null$5(RatisPipelineProvider.java:233)
	at java.util.stream.ForEachOps$ForEachOp$OfRef.accept(ForEachOps.java:183)
	at java.util.ArrayList$ArrayListSpliterator.forEachRemaining(ArrayList.java:1382)
	at java.util.stream.AbstractPipeline.copyInto(AbstractPipeline.java:482)
	at java.util.stream.ForEachOps$ForEachTask.compute(ForEachOps.java:290)
	at java.util.concurrent.CountedCompleter.exec(CountedCompleter.java:731)
	at java.util.concurrent.ForkJoinTask.doExec(ForkJoinTask.java:289)
	at java.util.concurrent.ForkJoinPool$WorkQueue.runTask(ForkJoinPool.java:1056)
	at java.util.concurrent.ForkJoinPool.runWorker(ForkJoinPool.java:1692)
	at java.util.concurrent.ForkJoinWorkerThread.run(ForkJoinWorkerThread.java:157)
Caused by: org.apache.ratis.thirdparty.io.grpc.StatusRuntimeException: DEADLINE_EXCEEDED: deadline exceeded after 2998750683ns
	at org.apache.ratis.thirdparty.io.grpc.stub.ClientCalls.toStatusRuntimeException(ClientCalls.java:233)
	at org.apache.ratis.thirdparty.io.grpc.stub.ClientCalls.getUnchecked(ClientCalls.java:214)
	at org.apache.ratis.thirdparty.io.grpc.stub.ClientCalls.blockingUnaryCall(ClientCalls.java:139)
	at org.apache.ratis.proto.grpc.AdminProtocolServiceGrpc$AdminProtocolServiceBlockingStub.groupManagement(AdminProtocolServiceGrpc.java:274)
	at org.apache.ratis.grpc.client.GrpcClientProtocolClient.lambda$groupAdd$3(GrpcClientProtocolClient.java:155)
	at org.apache.ratis.grpc.client.GrpcClientProtocolClient.blockingCall(GrpcClientProtocolClient.java:182)
	... 15 more
2019-11-01 01:26:01,027 [IPC Server handler 15 on 35541] WARN  block.BlockManagerImpl (BlockManagerImpl.java:allocateBlock(200)) - Pipeline creation failed for type:RATIS factor:THREE. Retrying get pipelines call once.
org.apache.hadoop.io.MultipleIOException: 3 exceptions [java.io.IOException: Failed invoke Ratis rpc org.apache.hadoop.hdds.scm.pipeline.RatisPipelineProvider$$Lambda$189/1108188651@5848f358 for cb510fb7-fc87-4880-9dcd-5d4a84db871b, java.io.IOException: Failed invoke Ratis rpc org.apache.hadoop.hdds.scm.pipeline.RatisPipelineProvider$$Lambda$189/1108188651@5848f358 for 32db78ba-36ff-4254-bf6e-67e7bcfc9e39, java.io.IOException: Failed invoke Ratis rpc org.apache.hadoop.hdds.scm.pipeline.RatisPipelineProvider$$Lambda$189/1108188651@5848f358 for 40b7f987-8e06-4ef9-abdc-8715eb833c11]
	at org.apache.hadoop.io.MultipleIOException.createIOException(MultipleIOException.java:53)
	at org.apache.hadoop.hdds.scm.pipeline.RatisPipelineProvider.callRatisRpc(RatisPipelineProvider.java:253)
	at org.apache.hadoop.hdds.scm.pipeline.RatisPipelineProvider.initializePipeline(RatisPipelineProvider.java:196)
	at org.apache.hadoop.hdds.scm.pipeline.RatisPipelineProvider.create(RatisPipelineProvider.java:163)
	at org.apache.hadoop.hdds.scm.pipeline.PipelineFactory.create(PipelineFactory.java:58)
	at org.apache.hadoop.hdds.scm.pipeline.SCMPipelineManager.createPipeline(SCMPipelineManager.java:155)
	at org.apache.hadoop.hdds.scm.block.BlockManagerImpl.allocateBlock(BlockManagerImpl.java:198)
	at org.apache.hadoop.hdds.scm.server.SCMBlockProtocolServer.allocateBlock(SCMBlockProtocolServer.java:187)
	at org.apache.hadoop.hdds.scm.protocol.ScmBlockLocationProtocolServerSideTranslatorPB.allocateScmBlock(ScmBlockLocationProtocolServerSideTranslatorPB.java:159)
	at org.apache.hadoop.hdds.scm.protocol.ScmBlockLocationProtocolServerSideTranslatorPB.processMessage(ScmBlockLocationProtocolServerSideTranslatorPB.java:117)
	at org.apache.hadoop.hdds.server.OzoneProtocolMessageDispatcher.processRequest(OzoneProtocolMessageDispatcher.java:72)
	at org.apache.hadoop.hdds.scm.protocol.ScmBlockLocationProtocolServerSideTranslatorPB.send(ScmBlockLocationProtocolServerSideTranslatorPB.java:98)
	at org.apache.hadoop.hdds.protocol.proto.ScmBlockLocationProtocolProtos$ScmBlockLocationProtocolService$2.callBlockingMethod(ScmBlockLocationProtocolProtos.java:13157)
	at org.apache.hadoop.ipc.ProtobufRpcEngine$Server$ProtoBufRpcInvoker.call(ProtobufRpcEngine.java:524)
	at org.apache.hadoop.ipc.RPC$Server.call(RPC.java:1025)
	at org.apache.hadoop.ipc.Server$RpcCall.run(Server.java:876)
	at org.apache.hadoop.ipc.Server$RpcCall.run(Server.java:822)
	at java.security.AccessController.doPrivileged(Native Method)
	at javax.security.auth.Subject.doAs(Subject.java:422)
	at org.apache.hadoop.security.UserGroupInformation.doAs(UserGroupInformation.java:1730)
	at org.apache.hadoop.ipc.Server$Handler.run(Server.java:2682)
2019-11-01 01:26:01,027 [IPC Server handler 12 on 35541] INFO  block.BlockManagerImpl (BlockManagerImpl.java:allocateBlock(212)) - Could not find available pipeline of type:RATIS and factor:THREE even after retrying
2019-11-01 01:26:01,028 [IPC Server handler 12 on 35541] ERROR block.BlockManagerImpl (BlockManagerImpl.java:allocateBlock(236)) - Unable to allocate a block for the size: 4194304, type: RATIS, factor: THREE
2019-11-01 01:26:01,036 [pool-73-thread-10] ERROR freon.RandomKeyGenerator (RandomKeyGenerator.java:createKey(735)) - Exception while adding key: key-0-13446 in bucket: bucket-0-76548 of volume: vol-1-82572.
INTERNAL_ERROR org.apache.hadoop.ozone.om.exceptions.OMException: Allocated 0 blocks. Requested 1 blocks
	at org.apache.hadoop.ozone.om.protocolPB.OzoneManagerProtocolClientSideTranslatorPB.handleError(OzoneManagerProtocolClientSideTranslatorPB.java:732)
	at org.apache.hadoop.ozone.om.protocolPB.OzoneManagerProtocolClientSideTranslatorPB.openKey(OzoneManagerProtocolClientSideTranslatorPB.java:723)
	at sun.reflect.NativeMethodAccessorImpl.invoke0(Native Method)
	at sun.reflect.NativeMethodAccessorImpl.invoke(NativeMethodAccessorImpl.java:62)
	at sun.reflect.DelegatingMethodAccessorImpl.invoke(DelegatingMethodAccessorImpl.java:43)
	at java.lang.reflect.Method.invoke(Method.java:498)
	at org.apache.hadoop.hdds.tracing.TraceAllMethod.invoke(TraceAllMethod.java:66)
	at com.sun.proxy.$Proxy37.openKey(Unknown Source)
	at org.apache.hadoop.ozone.client.rpc.RpcClient.createKey(RpcClient.java:633)
	at org.apache.hadoop.ozone.client.OzoneBucket.createKey(OzoneBucket.java:325)
	at org.apache.hadoop.ozone.freon.RandomKeyGenerator.createKey(RandomKeyGenerator.java:697)
	at org.apache.hadoop.ozone.freon.RandomKeyGenerator.access$1100(RandomKeyGenerator.java:88)
	at org.apache.hadoop.ozone.freon.RandomKeyGenerator$ObjectCreator.run(RandomKeyGenerator.java:615)
	at java.util.concurrent.Executors$RunnableAdapter.call(Executors.java:511)
	at java.util.concurrent.FutureTask.run(FutureTask.java:266)
	at java.util.concurrent.ThreadPoolExecutor.runWorker(ThreadPoolExecutor.java:1149)
	at java.util.concurrent.ThreadPoolExecutor$Worker.run(ThreadPoolExecutor.java:624)
	at java.lang.Thread.run(Thread.java:748)
2019-11-01 01:26:01,044 [grpc-default-executor-0] INFO  impl.RaftServerProxy (RaftServerProxy.java:addNew(89)) - cb510fb7-fc87-4880-9dcd-5d4a84db871b: addNew group-25B27BB5DF37:[40b7f987-8e06-4ef9-abdc-8715eb833c11:192.168.69.91:34918, 32db78ba-36ff-4254-bf6e-67e7bcfc9e39:192.168.69.91:37505, cb510fb7-fc87-4880-9dcd-5d4a84db871b:192.168.69.91:33685] returns group-25B27BB5DF37:java.util.concurrent.CompletableFuture@6614c181[Not completed]
2019-11-01 01:26:01,044 [grpc-default-executor-5] INFO  impl.RaftServerProxy (RaftServerProxy.java:addNew(89)) - 32db78ba-36ff-4254-bf6e-67e7bcfc9e39: addNew group-25B27BB5DF37:[40b7f987-8e06-4ef9-abdc-8715eb833c11:192.168.69.91:34918, 32db78ba-36ff-4254-bf6e-67e7bcfc9e39:192.168.69.91:37505, cb510fb7-fc87-4880-9dcd-5d4a84db871b:192.168.69.91:33685] returns group-25B27BB5DF37:java.util.concurrent.CompletableFuture@30eaf618[Not completed]
2019-11-01 01:26:01,044 [grpc-default-executor-1] INFO  impl.RaftServerProxy (RaftServerProxy.java:addNew(89)) - 40b7f987-8e06-4ef9-abdc-8715eb833c11: addNew group-25B27BB5DF37:[40b7f987-8e06-4ef9-abdc-8715eb833c11:192.168.69.91:34918, 32db78ba-36ff-4254-bf6e-67e7bcfc9e39:192.168.69.91:37505, cb510fb7-fc87-4880-9dcd-5d4a84db871b:192.168.69.91:33685] returns group-25B27BB5DF37:java.util.concurrent.CompletableFuture@72fa79a6[Not completed]
 0.00% |?                                                                                                    |  0/100 Time: 0:00:292019-11-01 01:26:01,579 [32db78ba-36ff-4254-bf6e-67e7bcfc9e39@group-F9329D95E7B3-LeaderElection6] INFO  impl.LeaderElection (LeaderElection.java:askForVotes(178)) - 32db78ba-36ff-4254-bf6e-67e7bcfc9e39@group-F9329D95E7B3-LeaderElection6: begin an election at term 2 for -1: [40b7f987-8e06-4ef9-abdc-8715eb833c11:192.168.69.91:34918, 32db78ba-36ff-4254-bf6e-67e7bcfc9e39:192.168.69.91:37505, cb510fb7-fc87-4880-9dcd-5d4a84db871b:192.168.69.91:33685], old=null
2019-11-01 01:26:01,579 [cb510fb7-fc87-4880-9dcd-5d4a84db871b@group-F9329D95E7B3-LeaderElection5] INFO  impl.LeaderElection (LeaderElection.java:askForVotes(178)) - cb510fb7-fc87-4880-9dcd-5d4a84db871b@group-F9329D95E7B3-LeaderElection5: begin an election at term 2 for -1: [40b7f987-8e06-4ef9-abdc-8715eb833c11:192.168.69.91:34918, 32db78ba-36ff-4254-bf6e-67e7bcfc9e39:192.168.69.91:37505, cb510fb7-fc87-4880-9dcd-5d4a84db871b:192.168.69.91:33685], old=null
2019-11-01 01:26:01,597 [32db78ba-36ff-4254-bf6e-67e7bcfc9e39@group-F9329D95E7B3-LeaderElection6] INFO  impl.LeaderElection (LeaderElection.java:logAndReturn(56)) - 32db78ba-36ff-4254-bf6e-67e7bcfc9e39@group-F9329D95E7B3-LeaderElection6: Election REJECTED; received 2 response(s) [32db78ba-36ff-4254-bf6e-67e7bcfc9e39<-40b7f987-8e06-4ef9-abdc-8715eb833c11#0:FAIL-t2, 32db78ba-36ff-4254-bf6e-67e7bcfc9e39<-cb510fb7-fc87-4880-9dcd-5d4a84db871b#0:FAIL-t2] and 0 exception(s); 32db78ba-36ff-4254-bf6e-67e7bcfc9e39@group-F9329D95E7B3:t2, leader=null, voted=32db78ba-36ff-4254-bf6e-67e7bcfc9e39, raftlog=32db78ba-36ff-4254-bf6e-67e7bcfc9e39@group-F9329D95E7B3-SegmentedRaftLog:OPENED:c-1,f-1,i0, conf=-1: [40b7f987-8e06-4ef9-abdc-8715eb833c11:192.168.69.91:34918, 32db78ba-36ff-4254-bf6e-67e7bcfc9e39:192.168.69.91:37505, cb510fb7-fc87-4880-9dcd-5d4a84db871b:192.168.69.91:33685], old=null
2019-11-01 01:26:01,597 [cb510fb7-fc87-4880-9dcd-5d4a84db871b@group-F9329D95E7B3-LeaderElection5] INFO  impl.LeaderElection (LeaderElection.java:logAndReturn(56)) - cb510fb7-fc87-4880-9dcd-5d4a84db871b@group-F9329D95E7B3-LeaderElection5: Election REJECTED; received 2 response(s) [cb510fb7-fc87-4880-9dcd-5d4a84db871b<-40b7f987-8e06-4ef9-abdc-8715eb833c11#0:FAIL-t2, cb510fb7-fc87-4880-9dcd-5d4a84db871b<-32db78ba-36ff-4254-bf6e-67e7bcfc9e39#0:FAIL-t2] and 0 exception(s); cb510fb7-fc87-4880-9dcd-5d4a84db871b@group-F9329D95E7B3:t2, leader=null, voted=cb510fb7-fc87-4880-9dcd-5d4a84db871b, raftlog=cb510fb7-fc87-4880-9dcd-5d4a84db871b@group-F9329D95E7B3-SegmentedRaftLog:OPENED:c-1,f-1,i0, conf=-1: [40b7f987-8e06-4ef9-abdc-8715eb833c11:192.168.69.91:34918, 32db78ba-36ff-4254-bf6e-67e7bcfc9e39:192.168.69.91:37505, cb510fb7-fc87-4880-9dcd-5d4a84db871b:192.168.69.91:33685], old=null
2019-11-01 01:26:01,597 [32db78ba-36ff-4254-bf6e-67e7bcfc9e39@group-F9329D95E7B3-LeaderElection6] INFO  impl.RaftServerImpl (RaftServerImpl.java:setRole(173)) - 32db78ba-36ff-4254-bf6e-67e7bcfc9e39@group-F9329D95E7B3: changes role from CANDIDATE to FOLLOWER at term 2 for DISCOVERED_A_NEW_TERM
2019-11-01 01:26:01,598 [cb510fb7-fc87-4880-9dcd-5d4a84db871b@group-F9329D95E7B3-LeaderElection5] INFO  impl.RaftServerImpl (RaftServerImpl.java:setRole(173)) - cb510fb7-fc87-4880-9dcd-5d4a84db871b@group-F9329D95E7B3: changes role from CANDIDATE to FOLLOWER at term 2 for DISCOVERED_A_NEW_TERM
2019-11-01 01:26:01,598 [32db78ba-36ff-4254-bf6e-67e7bcfc9e39@group-F9329D95E7B3-LeaderElection6] INFO  impl.RoleInfo (RoleInfo.java:shutdownLeaderElection(134)) - 32db78ba-36ff-4254-bf6e-67e7bcfc9e39: shutdown LeaderElection
2019-11-01 01:26:01,599 [cb510fb7-fc87-4880-9dcd-5d4a84db871b@group-F9329D95E7B3-LeaderElection5] INFO  impl.RoleInfo (RoleInfo.java:shutdownLeaderElection(134)) - cb510fb7-fc87-4880-9dcd-5d4a84db871b: shutdown LeaderElection
2019-11-01 01:26:01,601 [32db78ba-36ff-4254-bf6e-67e7bcfc9e39@group-F9329D95E7B3-LeaderElection6] INFO  impl.RoleInfo (RoleInfo.java:updateAndGet(143)) - 32db78ba-36ff-4254-bf6e-67e7bcfc9e39: start FollowerState
2019-11-01 01:26:01,602 [cb510fb7-fc87-4880-9dcd-5d4a84db871b@group-F9329D95E7B3-LeaderElection5] INFO  impl.RoleInfo (RoleInfo.java:updateAndGet(143)) - cb510fb7-fc87-4880-9dcd-5d4a84db871b: start FollowerState
 0.00% |?                                                                                                    |  0/100 Time: 0:00:30 0.00% |?                                                                                                    |  0/100 Time: 0:00:312019-11-01 01:26:03,779 [pool-67-thread-1] INFO  storage.RaftStorageDirectory (RaftStorageDirectory.java:tryLock(328)) - Lock on /workdir/hadoop-ozone/tools/target/test-dir/MiniOzoneClusterImpl-17d7739a-f662-4c88-9e51-3c637963011a/datanode-4/data/ratis/322ed056-c6f5-452f-9f79-b30da263d364/in_use.lock acquired by nodename 4689@pr-hdds-2364-master-qchwk-3441104375
2019-11-01 01:26:03,779 [pool-27-thread-1] INFO  storage.RaftStorage (RaftStorage.java:format(84)) - Storage directory /workdir/hadoop-ozone/tools/target/test-dir/MiniOzoneClusterImpl-17d7739a-f662-4c88-9e51-3c637963011a/datanode-0/data/ratis/e28749fe-4a5a-40eb-94b4-f4b7b8aa5d47 has been successfully formatted.
2019-11-01 01:26:03,779 [pool-37-thread-1] INFO  storage.RaftStorageDirectory (RaftStorageDirectory.java:tryLock(328)) - Lock on /workdir/hadoop-ozone/tools/target/test-dir/MiniOzoneClusterImpl-17d7739a-f662-4c88-9e51-3c637963011a/datanode-1/data/ratis/322ed056-c6f5-452f-9f79-b30da263d364/in_use.lock acquired by nodename 4689@pr-hdds-2364-master-qchwk-3441104375
2019-11-01 01:26:03,780 [pool-27-thread-1] INFO  ratis.ContainerStateMachine (ContainerStateMachine.java:loadSnapshot(231)) - group-F4B7B8AA5D47: The snapshot info is null. Setting the last applied indexto:(t:0, i:~)
2019-11-01 01:26:03,780 [pool-27-thread-1] INFO  server.RaftServerConfigKeys (ConfUtils.java:logGet(43)) - raft.server.notification.no-leader.timeout = 120s (custom)
2019-11-01 01:26:03,781 [pool-27-thread-1] INFO  server.RaftServerConfigKeys (ConfUtils.java:logGet(43)) - raft.server.log.use.memory = false (default)
2019-11-01 01:26:03,781 [pool-27-thread-1] INFO  server.RaftServerConfigKeys (ConfUtils.java:logGet(43)) - raft.server.log.purge.gap = 1000000 (custom)
2019-11-01 01:26:03,781 [pool-27-thread-1] INFO  server.RaftServerConfigKeys (ConfUtils.java:logGet(43)) - raft.server.log.appender.buffer.byte-limit = 33554432 (custom)
2019-11-01 01:26:03,781 [pool-27-thread-1] INFO  server.RaftServerConfigKeys (ConfUtils.java:logGet(43)) - raft.server.log.segment.size.max = 1048576 (custom)
2019-11-01 01:26:03,781 [pool-27-thread-1] INFO  server.RaftServerConfigKeys (ConfUtils.java:logGet(43)) - raft.server.log.segment.cache.num.max = 2 (custom)
2019-11-01 01:26:03,782 [pool-27-thread-1] INFO  segmented.SegmentedRaftLogWorker (SegmentedRaftLogWorker.java:<init>(173)) - new 40b7f987-8e06-4ef9-abdc-8715eb833c11@group-F4B7B8AA5D47-SegmentedRaftLogWorker for RaftStorage:Storage Directory /workdir/hadoop-ozone/tools/target/test-dir/MiniOzoneClusterImpl-17d7739a-f662-4c88-9e51-3c637963011a/datanode-0/data/ratis/e28749fe-4a5a-40eb-94b4-f4b7b8aa5d47
2019-11-01 01:26:03,782 [pool-27-thread-1] INFO  server.RaftServerConfigKeys (ConfUtils.java:logGet(43)) - raft.server.log.queue.byte-limit = 2147483647 (custom)
2019-11-01 01:26:03,782 [pool-27-thread-1] INFO  server.RaftServerConfigKeys (ConfUtils.java:logGet(43)) - raft.server.log.queue.element-limit = 1024 (custom)
2019-11-01 01:26:03,782 [pool-27-thread-1] INFO  server.RaftServerConfigKeys (ConfUtils.java:logGet(43)) - raft.server.log.segment.size.max = 1048576 (custom)
2019-11-01 01:26:03,783 [pool-27-thread-1] INFO  server.RaftServerConfigKeys (ConfUtils.java:logGet(43)) - raft.server.log.preallocated.size = 16384 (custom)
2019-11-01 01:26:03,783 [pool-27-thread-1] INFO  server.RaftServerConfigKeys (ConfUtils.java:logGet(43)) - raft.server.log.write.buffer.size = 33554432 (custom)
2019-11-01 01:26:03,783 [pool-27-thread-1] INFO  server.RaftServerConfigKeys (ConfUtils.java:logGet(43)) - raft.server.log.force.sync.num = 128 (default)
2019-11-01 01:26:03,783 [pool-27-thread-1] INFO  server.RaftServerConfigKeys (ConfUtils.java:logGet(43)) - raft.server.log.statemachine.data.sync = true (default)
2019-11-01 01:26:03,783 [pool-27-thread-1] INFO  server.RaftServerConfigKeys (ConfUtils.java:logGet(43)) - raft.server.log.statemachine.data.sync.timeout = 10s (default)
2019-11-01 01:26:03,783 [pool-27-thread-1] INFO  server.RaftServerConfigKeys (ConfUtils.java:logGet(43)) - raft.server.log.statemachine.data.sync.timeout.retry = -1 (default)
2019-11-01 01:26:03,784 [pool-27-thread-1] INFO  server.RaftServerConfigKeys (ConfUtils.java:logGet(43)) - raft.server.log.statemachine.data.caching.enabled = true (custom)
2019-11-01 01:26:03,784 [pool-27-thread-1] INFO  segmented.SegmentedRaftLogWorker (SegmentedRaftLogWorker.java:lambda$new$0(128)) - 40b7f987-8e06-4ef9-abdc-8715eb833c11@group-F4B7B8AA5D47-SegmentedRaftLogWorker: flushIndex: setUnconditionally 0 -> -1
2019-11-01 01:26:03,785 [pool-27-thread-1] INFO  server.RaftServerConfigKeys (ConfUtils.java:logGet(43)) - raft.server.snapshot.auto.trigger.enabled = true (custom)
2019-11-01 01:26:03,785 [pool-27-thread-1] INFO  server.RaftServerConfigKeys (ConfUtils.java:logGet(43)) - raft.server.snapshot.auto.trigger.threshold = 10000 (custom)
2019-11-01 01:26:03,785 [pool-27-thread-1] INFO  server.RaftServerConfigKeys (ConfUtils.java:logGet(43)) - raft.server.snapshot.retention.file.num = 5 (custom)
2019-11-01 01:26:03,786 [pool-27-thread-1] INFO  server.RaftServerConfigKeys (ConfUtils.java:logGet(43)) - raft.server.retrycache.expirytime = 600000ms (custom)
2019-11-01 01:26:03,786 [pool-27-thread-1] WARN  impl.MetricRegistriesImpl (MetricRegistriesImpl.java:lambda$create$1(61)) - First MetricRegistry has been created without registering reporters. You may need to call MetricRegistries.global().addReportRegistration(...) before.
2019-11-01 01:26:03,786 [pool-27-thread-1] WARN  impl.MetricRegistriesImpl (MetricRegistriesImpl.java:lambda$create$1(61)) - First MetricRegistry has been created without registering reporters. You may need to call MetricRegistries.global().addReportRegistration(...) before.
2019-11-01 01:26:03,787 [pool-27-thread-1] INFO  impl.RaftServerImpl (RaftServerImpl.java:start(184)) - 40b7f987-8e06-4ef9-abdc-8715eb833c11@group-B23C92307353: start as a follower, conf=-1: [40b7f987-8e06-4ef9-abdc-8715eb833c11:192.168.69.91:34918], old=null
2019-11-01 01:26:03,787 [pool-27-thread-1] INFO  impl.RaftServerImpl (RaftServerImpl.java:setRole(173)) - 40b7f987-8e06-4ef9-abdc-8715eb833c11@group-B23C92307353: changes role from      null to FOLLOWER at term 0 for startAsFollower
2019-11-01 01:26:03,787 [pool-27-thread-1] INFO  impl.RoleInfo (RoleInfo.java:updateAndGet(143)) - 40b7f987-8e06-4ef9-abdc-8715eb833c11: start FollowerState
2019-11-01 01:26:03,788 [pool-27-thread-1] INFO  util.JmxRegister (JmxRegister.java:tryRegister(44)) - Successfully registered JMX Bean with object name Ratis:service=RaftServer,group=group-B23C92307353,id=40b7f987-8e06-4ef9-abdc-8715eb833c11
2019-11-01 01:26:03,788 [pool-27-thread-1] WARN  impl.MetricRegistriesImpl (MetricRegistriesImpl.java:lambda$create$1(61)) - First MetricRegistry has been created without registering reporters. You may need to call MetricRegistries.global().addReportRegistration(...) before.
2019-11-01 01:26:03,792 [pool-27-thread-1] INFO  impl.RaftServerImpl (RaftServerImpl.java:<init>(98)) - 40b7f987-8e06-4ef9-abdc-8715eb833c11: new RaftServerImpl for group-B30DA263D364:[40b7f987-8e06-4ef9-abdc-8715eb833c11:192.168.69.91:34918, 32db78ba-36ff-4254-bf6e-67e7bcfc9e39:192.168.69.91:37505, cb510fb7-fc87-4880-9dcd-5d4a84db871b:192.168.69.91:33685] with ContainerStateMachine:uninitialized
2019-11-01 01:26:03,792 [pool-27-thread-1] INFO  server.RaftServerConfigKeys (ConfUtils.java:logGet(43)) - raft.server.rpc.timeout.min = 5s (custom)
2019-11-01 01:26:03,792 [pool-27-thread-1] INFO  server.RaftServerConfigKeys (ConfUtils.java:logGet(43)) - raft.server.rpc.timeout.max = 5200ms (custom)
2019-11-01 01:26:03,792 [pool-27-thread-1] INFO  server.RaftServerConfigKeys (ConfUtils.java:logGet(43)) - raft.server.rpcslowness.timeout = 120s (custom)
2019-11-01 01:26:03,792 [pool-27-thread-1] INFO  server.RaftServerConfigKeys (ConfUtils.java:logGet(43)) - raft.server.sleep.deviation.threshold = 300 (default)
2019-11-01 01:26:03,793 [pool-27-thread-1] INFO  server.RaftServerConfigKeys (ConfUtils.java:logGet(43)) - raft.server.log.appender.install.snapshot.enabled = false (custom)
2019-11-01 01:26:03,793 [pool-27-thread-1] INFO  impl.RaftServerImpl (ServerState.java:<init>(103)) - 40b7f987-8e06-4ef9-abdc-8715eb833c11@group-B30DA263D364: ConfigurationManager, init=-1: [40b7f987-8e06-4ef9-abdc-8715eb833c11:192.168.69.91:34918, 32db78ba-36ff-4254-bf6e-67e7bcfc9e39:192.168.69.91:37505, cb510fb7-fc87-4880-9dcd-5d4a84db871b:192.168.69.91:33685], old=null, confs=<EMPTY_MAP>
2019-11-01 01:26:03,793 [pool-27-thread-1] INFO  server.RaftServerConfigKeys (ConfUtils.java:logGet(43)) - raft.server.storage.dir = [/workdir/hadoop-ozone/tools/target/test-dir/MiniOzoneClusterImpl-17d7739a-f662-4c88-9e51-3c637963011a/datanode-0/data/ratis] (custom)
2019-11-01 01:26:03,794 [pool-27-thread-1] INFO  server.RaftServerConfigKeys (ConfUtils.java:logGet(43)) - raft.server.log.corruption.policy = EXCEPTION (default)
2019-11-01 01:26:03,794 [pool-27-thread-1] INFO  storage.RaftStorageDirectory (RaftStorageDirectory.java:analyzeStorage(246)) - The storage directory /workdir/hadoop-ozone/tools/target/test-dir/MiniOzoneClusterImpl-17d7739a-f662-4c88-9e51-3c637963011a/datanode-0/data/ratis/322ed056-c6f5-452f-9f79-b30da263d364 does not exist. Creating ...
2019-11-01 01:26:04,039 [RATISCREATEPIPELINE1] ERROR pipeline.RatisPipelineProvider (RatisPipelineProvider.java:lambda$null$5(237)) - Failed invoke Ratis rpc org.apache.hadoop.hdds.scm.pipeline.RatisPipelineProvider$$Lambda$189/1108188651@7ced9b56 for cb510fb7-fc87-4880-9dcd-5d4a84db871b
org.apache.ratis.protocol.TimeoutIOException: deadline exceeded after 2999751770ns
	at org.apache.ratis.grpc.GrpcUtil.tryUnwrapException(GrpcUtil.java:82)
	at org.apache.ratis.grpc.GrpcUtil.unwrapException(GrpcUtil.java:75)
	at org.apache.ratis.grpc.client.GrpcClientProtocolClient.blockingCall(GrpcClientProtocolClient.java:184)
	at org.apache.ratis.grpc.client.GrpcClientProtocolClient.groupAdd(GrpcClientProtocolClient.java:153)
	at org.apache.ratis.grpc.client.GrpcClientRpc.sendRequest(GrpcClientRpc.java:94)
	at org.apache.ratis.client.impl.RaftClientImpl.sendRequest(RaftClientImpl.java:278)
	at org.apache.ratis.client.impl.RaftClientImpl.groupAdd(RaftClientImpl.java:205)
	at org.apache.hadoop.hdds.scm.pipeline.RatisPipelineProvider.lambda$initializePipeline$4(RatisPipelineProvider.java:198)
	at org.apache.hadoop.hdds.scm.pipeline.RatisPipelineProvider.lambda$null$5(RatisPipelineProvider.java:233)
	at java.util.stream.ForEachOps$ForEachOp$OfRef.accept(ForEachOps.java:183)
	at java.util.ArrayList$ArrayListSpliterator.forEachRemaining(ArrayList.java:1382)
	at java.util.stream.AbstractPipeline.copyInto(AbstractPipeline.java:482)
	at java.util.stream.ForEachOps$ForEachTask.compute(ForEachOps.java:290)
	at java.util.concurrent.CountedCompleter.exec(CountedCompleter.java:731)
	at java.util.concurrent.ForkJoinTask.doExec(ForkJoinTask.java:289)
	at java.util.concurrent.ForkJoinTask.doInvoke(ForkJoinTask.java:401)
	at java.util.concurrent.ForkJoinTask.invoke(ForkJoinTask.java:734)
	at java.util.stream.ForEachOps$ForEachOp.evaluateParallel(ForEachOps.java:159)
	at java.util.stream.ForEachOps$ForEachOp$OfRef.evaluateParallel(ForEachOps.java:173)
	at java.util.stream.AbstractPipeline.evaluate(AbstractPipeline.java:233)
	at java.util.stream.ReferencePipeline.forEach(ReferencePipeline.java:485)
	at java.util.stream.ReferencePipeline$Head.forEach(ReferencePipeline.java:650)
	at org.apache.hadoop.hdds.scm.pipeline.RatisPipelineProvider.lambda$callRatisRpc$6(RatisPipelineProvider.java:227)
	at java.util.concurrent.ForkJoinTask$AdaptedRunnableAction.exec(ForkJoinTask.java:1386)
	at java.util.concurrent.ForkJoinTask.doExec(ForkJoinTask.java:289)
	at java.util.concurrent.ForkJoinPool$WorkQueue.runTask(ForkJoinPool.java:1056)
	at java.util.concurrent.ForkJoinPool.runWorker(ForkJoinPool.java:1692)
	at java.util.concurrent.ForkJoinWorkerThread.run(ForkJoinWorkerThread.java:157)
Caused by: org.apache.ratis.thirdparty.io.grpc.StatusRuntimeException: DEADLINE_EXCEEDED: deadline exceeded after 2999751770ns
	at org.apache.ratis.thirdparty.io.grpc.stub.ClientCalls.toStatusRuntimeException(ClientCalls.java:233)
	at org.apache.ratis.thirdparty.io.grpc.stub.ClientCalls.getUnchecked(ClientCalls.java:214)
	at org.apache.ratis.thirdparty.io.grpc.stub.ClientCalls.blockingUnaryCall(ClientCalls.java:139)
	at org.apache.ratis.proto.grpc.AdminProtocolServiceGrpc$AdminProtocolServiceBlockingStub.groupManagement(AdminProtocolServiceGrpc.java:274)
	at org.apache.ratis.grpc.client.GrpcClientProtocolClient.lambda$groupAdd$3(GrpcClientProtocolClient.java:155)
	at org.apache.ratis.grpc.client.GrpcClientProtocolClient.blockingCall(GrpcClientProtocolClient.java:182)
	... 25 more
2019-11-01 01:26:04,040 [RATISCREATEPIPELINE2] ERROR pipeline.RatisPipelineProvider (RatisPipelineProvider.java:lambda$null$5(237)) - Failed invoke Ratis rpc org.apache.hadoop.hdds.scm.pipeline.RatisPipelineProvider$$Lambda$189/1108188651@7ced9b56 for 32db78ba-36ff-4254-bf6e-67e7bcfc9e39
org.apache.ratis.protocol.TimeoutIOException: deadline exceeded after 2998826758ns
	at org.apache.ratis.grpc.GrpcUtil.tryUnwrapException(GrpcUtil.java:82)
	at org.apache.ratis.grpc.GrpcUtil.unwrapException(GrpcUtil.java:75)
	at org.apache.ratis.grpc.client.GrpcClientProtocolClient.blockingCall(GrpcClientProtocolClient.java:184)
	at org.apache.ratis.grpc.client.GrpcClientProtocolClient.groupAdd(GrpcClientProtocolClient.java:153)
	at org.apache.ratis.grpc.client.GrpcClientRpc.sendRequest(GrpcClientRpc.java:94)
	at org.apache.ratis.client.impl.RaftClientImpl.sendRequest(RaftClientImpl.java:278)
	at org.apache.ratis.client.impl.RaftClientImpl.groupAdd(RaftClientImpl.java:205)
	at org.apache.hadoop.hdds.scm.pipeline.RatisPipelineProvider.lambda$initializePipeline$4(RatisPipelineProvider.java:198)
	at org.apache.hadoop.hdds.scm.pipeline.RatisPipelineProvider.lambda$null$5(RatisPipelineProvider.java:233)
	at java.util.stream.ForEachOps$ForEachOp$OfRef.accept(ForEachOps.java:183)
	at java.util.ArrayList$ArrayListSpliterator.forEachRemaining(ArrayList.java:1382)
	at java.util.stream.AbstractPipeline.copyInto(AbstractPipeline.java:482)
	at java.util.stream.ForEachOps$ForEachTask.compute(ForEachOps.java:290)
	at java.util.concurrent.CountedCompleter.exec(CountedCompleter.java:731)
	at java.util.concurrent.ForkJoinTask.doExec(ForkJoinTask.java:289)
	at java.util.concurrent.ForkJoinPool$WorkQueue.runTask(ForkJoinPool.java:1056)
	at java.util.concurrent.ForkJoinPool.runWorker(ForkJoinPool.java:1692)
	at java.util.concurrent.ForkJoinWorkerThread.run(ForkJoinWorkerThread.java:157)
Caused by: org.apache.ratis.thirdparty.io.grpc.StatusRuntimeException: DEADLINE_EXCEEDED: deadline exceeded after 2998826758ns
	at org.apache.ratis.thirdparty.io.grpc.stub.ClientCalls.toStatusRuntimeException(ClientCalls.java:233)
	at org.apache.ratis.thirdparty.io.grpc.stub.ClientCalls.getUnchecked(ClientCalls.java:214)
	at org.apache.ratis.thirdparty.io.grpc.stub.ClientCalls.blockingUnaryCall(ClientCalls.java:139)
	at org.apache.ratis.proto.grpc.AdminProtocolServiceGrpc$AdminProtocolServiceBlockingStub.groupManagement(AdminProtocolServiceGrpc.java:274)
	at org.apache.ratis.grpc.client.GrpcClientProtocolClient.lambda$groupAdd$3(GrpcClientProtocolClient.java:155)
	at org.apache.ratis.grpc.client.GrpcClientProtocolClient.blockingCall(GrpcClientProtocolClient.java:182)
	... 15 more
2019-11-01 01:26:04,039 [RATISCREATEPIPELINE3] ERROR pipeline.RatisPipelineProvider (RatisPipelineProvider.java:lambda$null$5(237)) - Failed invoke Ratis rpc org.apache.hadoop.hdds.scm.pipeline.RatisPipelineProvider$$Lambda$189/1108188651@7ced9b56 for 40b7f987-8e06-4ef9-abdc-8715eb833c11
org.apache.ratis.protocol.TimeoutIOException: deadline exceeded after 2998903152ns
	at org.apache.ratis.grpc.GrpcUtil.tryUnwrapException(GrpcUtil.java:82)
	at org.apache.ratis.grpc.GrpcUtil.unwrapException(GrpcUtil.java:75)
	at org.apache.ratis.grpc.client.GrpcClientProtocolClient.blockingCall(GrpcClientProtocolClient.java:184)
	at org.apache.ratis.grpc.client.GrpcClientProtocolClient.groupAdd(GrpcClientProtocolClient.java:153)
	at org.apache.ratis.grpc.client.GrpcClientRpc.sendRequest(GrpcClientRpc.java:94)
	at org.apache.ratis.client.impl.RaftClientImpl.sendRequest(RaftClientImpl.java:278)
	at org.apache.ratis.client.impl.RaftClientImpl.groupAdd(RaftClientImpl.java:205)
	at org.apache.hadoop.hdds.scm.pipeline.RatisPipelineProvider.lambda$initializePipeline$4(RatisPipelineProvider.java:198)
	at org.apache.hadoop.hdds.scm.pipeline.RatisPipelineProvider.lambda$null$5(RatisPipelineProvider.java:233)
	at java.util.stream.ForEachOps$ForEachOp$OfRef.accept(ForEachOps.java:183)
	at java.util.ArrayList$ArrayListSpliterator.forEachRemaining(ArrayList.java:1382)
	at java.util.stream.AbstractPipeline.copyInto(AbstractPipeline.java:482)
	at java.util.stream.ForEachOps$ForEachTask.compute(ForEachOps.java:290)
	at java.util.concurrent.CountedCompleter.exec(CountedCompleter.java:731)
	at java.util.concurrent.ForkJoinTask.doExec(ForkJoinTask.java:289)
	at java.util.concurrent.ForkJoinPool$WorkQueue.runTask(ForkJoinPool.java:1056)
	at java.util.concurrent.ForkJoinPool.runWorker(ForkJoinPool.java:1692)
	at java.util.concurrent.ForkJoinWorkerThread.run(ForkJoinWorkerThread.java:157)
Caused by: org.apache.ratis.thirdparty.io.grpc.StatusRuntimeException: DEADLINE_EXCEEDED: deadline exceeded after 2998903152ns
	at org.apache.ratis.thirdparty.io.grpc.stub.ClientCalls.toStatusRuntimeException(ClientCalls.java:233)
	at org.apache.ratis.thirdparty.io.grpc.stub.ClientCalls.getUnchecked(ClientCalls.java:214)
	at org.apache.ratis.thirdparty.io.grpc.stub.ClientCalls.blockingUnaryCall(ClientCalls.java:139)
	at org.apache.ratis.proto.grpc.AdminProtocolServiceGrpc$AdminProtocolServiceBlockingStub.groupManagement(AdminProtocolServiceGrpc.java:274)
	at org.apache.ratis.grpc.client.GrpcClientProtocolClient.lambda$groupAdd$3(GrpcClientProtocolClient.java:155)
	at org.apache.ratis.grpc.client.GrpcClientProtocolClient.blockingCall(GrpcClientProtocolClient.java:182)
	... 15 more
2019-11-01 01:26:04,043 [IPC Server handler 17 on 35541] WARN  block.BlockManagerImpl (BlockManagerImpl.java:allocateBlock(200)) - Pipeline creation failed for type:RATIS factor:THREE. Retrying get pipelines call once.
org.apache.hadoop.io.MultipleIOException: 3 exceptions [java.io.IOException: Failed invoke Ratis rpc org.apache.hadoop.hdds.scm.pipeline.RatisPipelineProvider$$Lambda$189/1108188651@7ced9b56 for cb510fb7-fc87-4880-9dcd-5d4a84db871b, java.io.IOException: Failed invoke Ratis rpc org.apache.hadoop.hdds.scm.pipeline.RatisPipelineProvider$$Lambda$189/1108188651@7ced9b56 for 32db78ba-36ff-4254-bf6e-67e7bcfc9e39, java.io.IOException: Failed invoke Ratis rpc org.apache.hadoop.hdds.scm.pipeline.RatisPipelineProvider$$Lambda$189/1108188651@7ced9b56 for 40b7f987-8e06-4ef9-abdc-8715eb833c11]
	at org.apache.hadoop.io.MultipleIOException.createIOException(MultipleIOException.java:53)
	at org.apache.hadoop.hdds.scm.pipeline.RatisPipelineProvider.callRatisRpc(RatisPipelineProvider.java:253)
	at org.apache.hadoop.hdds.scm.pipeline.RatisPipelineProvider.initializePipeline(RatisPipelineProvider.java:196)
	at org.apache.hadoop.hdds.scm.pipeline.RatisPipelineProvider.create(RatisPipelineProvider.java:163)
	at org.apache.hadoop.hdds.scm.pipeline.PipelineFactory.create(PipelineFactory.java:58)
	at org.apache.hadoop.hdds.scm.pipeline.SCMPipelineManager.createPipeline(SCMPipelineManager.java:155)
	at org.apache.hadoop.hdds.scm.block.BlockManagerImpl.allocateBlock(BlockManagerImpl.java:198)
	at org.apache.hadoop.hdds.scm.server.SCMBlockProtocolServer.allocateBlock(SCMBlockProtocolServer.java:187)
	at org.apache.hadoop.hdds.scm.protocol.ScmBlockLocationProtocolServerSideTranslatorPB.allocateScmBlock(ScmBlockLocationProtocolServerSideTranslatorPB.java:159)
	at org.apache.hadoop.hdds.scm.protocol.ScmBlockLocationProtocolServerSideTranslatorPB.processMessage(ScmBlockLocationProtocolServerSideTranslatorPB.java:117)
	at org.apache.hadoop.hdds.server.OzoneProtocolMessageDispatcher.processRequest(OzoneProtocolMessageDispatcher.java:72)
	at org.apache.hadoop.hdds.scm.protocol.ScmBlockLocationProtocolServerSideTranslatorPB.send(ScmBlockLocationProtocolServerSideTranslatorPB.java:98)
	at org.apache.hadoop.hdds.protocol.proto.ScmBlockLocationProtocolProtos$ScmBlockLocationProtocolService$2.callBlockingMethod(ScmBlockLocationProtocolProtos.java:13157)
	at org.apache.hadoop.ipc.ProtobufRpcEngine$Server$ProtoBufRpcInvoker.call(ProtobufRpcEngine.java:524)
	at org.apache.hadoop.ipc.RPC$Server.call(RPC.java:1025)
	at org.apache.hadoop.ipc.Server$RpcCall.run(Server.java:876)
	at org.apache.hadoop.ipc.Server$RpcCall.run(Server.java:822)
	at java.security.AccessController.doPrivileged(Native Method)
	at javax.security.auth.Subject.doAs(Subject.java:422)
	at org.apache.hadoop.security.UserGroupInformation.doAs(UserGroupInformation.java:1730)
	at org.apache.hadoop.ipc.Server$Handler.run(Server.java:2682)
2019-11-01 01:26:04,043 [IPC Server handler 15 on 35541] INFO  block.BlockManagerImpl (BlockManagerImpl.java:allocateBlock(212)) - Could not find available pipeline of type:RATIS and factor:THREE even after retrying
2019-11-01 01:26:04,043 [IPC Server handler 15 on 35541] ERROR block.BlockManagerImpl (BlockManagerImpl.java:allocateBlock(236)) - Unable to allocate a block for the size: 4194304, type: RATIS, factor: THREE
2019-11-01 01:26:04,046 [pool-73-thread-7] ERROR freon.RandomKeyGenerator (RandomKeyGenerator.java:createKey(735)) - Exception while adding key: key-0-08625 in bucket: bucket-0-67731 of volume: vol-0-42817.
INTERNAL_ERROR org.apache.hadoop.ozone.om.exceptions.OMException: Allocated 0 blocks. Requested 1 blocks
	at org.apache.hadoop.ozone.om.protocolPB.OzoneManagerProtocolClientSideTranslatorPB.handleError(OzoneManagerProtocolClientSideTranslatorPB.java:732)
	at org.apache.hadoop.ozone.om.protocolPB.OzoneManagerProtocolClientSideTranslatorPB.openKey(OzoneManagerProtocolClientSideTranslatorPB.java:723)
	at sun.reflect.NativeMethodAccessorImpl.invoke0(Native Method)
	at sun.reflect.NativeMethodAccessorImpl.invoke(NativeMethodAccessorImpl.java:62)
	at sun.reflect.DelegatingMethodAccessorImpl.invoke(DelegatingMethodAccessorImpl.java:43)
	at java.lang.reflect.Method.invoke(Method.java:498)
	at org.apache.hadoop.hdds.tracing.TraceAllMethod.invoke(TraceAllMethod.java:66)
	at com.sun.proxy.$Proxy37.openKey(Unknown Source)
	at org.apache.hadoop.ozone.client.rpc.RpcClient.createKey(RpcClient.java:633)
	at org.apache.hadoop.ozone.client.OzoneBucket.createKey(OzoneBucket.java:325)
	at org.apache.hadoop.ozone.freon.RandomKeyGenerator.createKey(RandomKeyGenerator.java:697)
	at org.apache.hadoop.ozone.freon.RandomKeyGenerator.access$1100(RandomKeyGenerator.java:88)
	at org.apache.hadoop.ozone.freon.RandomKeyGenerator$ObjectCreator.run(RandomKeyGenerator.java:615)
	at java.util.concurrent.Executors$RunnableAdapter.call(Executors.java:511)
	at java.util.concurrent.FutureTask.run(FutureTask.java:266)
	at java.util.concurrent.ThreadPoolExecutor.runWorker(ThreadPoolExecutor.java:1149)
	at java.util.concurrent.ThreadPoolExecutor$Worker.run(ThreadPoolExecutor.java:624)
	at java.lang.Thread.run(Thread.java:748)
2019-11-01 01:26:04,056 [grpc-default-executor-5] INFO  impl.RaftServerProxy (RaftServerProxy.java:addNew(89)) - 40b7f987-8e06-4ef9-abdc-8715eb833c11: addNew group-1D993DC43990:[40b7f987-8e06-4ef9-abdc-8715eb833c11:192.168.69.91:34918, 32db78ba-36ff-4254-bf6e-67e7bcfc9e39:192.168.69.91:37505, cb510fb7-fc87-4880-9dcd-5d4a84db871b:192.168.69.91:33685] returns group-1D993DC43990:java.util.concurrent.CompletableFuture@610ece56[Not completed]
2019-11-01 01:26:04,056 [grpc-default-executor-1] INFO  impl.RaftServerProxy (RaftServerProxy.java:addNew(89)) - 32db78ba-36ff-4254-bf6e-67e7bcfc9e39: addNew group-1D993DC43990:[40b7f987-8e06-4ef9-abdc-8715eb833c11:192.168.69.91:34918, 32db78ba-36ff-4254-bf6e-67e7bcfc9e39:192.168.69.91:37505, cb510fb7-fc87-4880-9dcd-5d4a84db871b:192.168.69.91:33685] returns group-1D993DC43990:java.util.concurrent.CompletableFuture@7f091211[Not completed]
2019-11-01 01:26:04,056 [grpc-default-executor-3] INFO  impl.RaftServerProxy (RaftServerProxy.java:addNew(89)) - cb510fb7-fc87-4880-9dcd-5d4a84db871b: addNew group-1D993DC43990:[40b7f987-8e06-4ef9-abdc-8715eb833c11:192.168.69.91:34918, 32db78ba-36ff-4254-bf6e-67e7bcfc9e39:192.168.69.91:37505, cb510fb7-fc87-4880-9dcd-5d4a84db871b:192.168.69.91:33685] returns group-1D993DC43990:java.util.concurrent.CompletableFuture@60f5e044[Not completed]
2019-11-01 01:26:04,086 [pool-37-thread-1] INFO  storage.RaftStorage (RaftStorage.java:format(84)) - Storage directory /workdir/hadoop-ozone/tools/target/test-dir/MiniOzoneClusterImpl-17d7739a-f662-4c88-9e51-3c637963011a/datanode-1/data/ratis/322ed056-c6f5-452f-9f79-b30da263d364 has been successfully formatted.
2019-11-01 01:26:04,086 [pool-67-thread-1] INFO  storage.RaftStorage (RaftStorage.java:format(84)) - Storage directory /workdir/hadoop-ozone/tools/target/test-dir/MiniOzoneClusterImpl-17d7739a-f662-4c88-9e51-3c637963011a/datanode-4/data/ratis/322ed056-c6f5-452f-9f79-b30da263d364 has been successfully formatted.
2019-11-01 01:26:04,086 [pool-37-thread-1] INFO  ratis.ContainerStateMachine (ContainerStateMachine.java:loadSnapshot(231)) - group-B30DA263D364: The snapshot info is null. Setting the last applied indexto:(t:0, i:~)
2019-11-01 01:26:04,086 [pool-67-thread-1] INFO  ratis.ContainerStateMachine (ContainerStateMachine.java:loadSnapshot(231)) - group-B30DA263D364: The snapshot info is null. Setting the last applied indexto:(t:0, i:~)
2019-11-01 01:26:04,086 [pool-27-thread-1] INFO  storage.RaftStorageDirectory (RaftStorageDirectory.java:tryLock(328)) - Lock on /workdir/hadoop-ozone/tools/target/test-dir/MiniOzoneClusterImpl-17d7739a-f662-4c88-9e51-3c637963011a/datanode-0/data/ratis/322ed056-c6f5-452f-9f79-b30da263d364/in_use.lock acquired by nodename 4689@pr-hdds-2364-master-qchwk-3441104375
2019-11-01 01:26:04,086 [pool-37-thread-1] INFO  server.RaftServerConfigKeys (ConfUtils.java:logGet(43)) - raft.server.notification.no-leader.timeout = 120s (custom)
2019-11-01 01:26:04,086 [pool-67-thread-1] INFO  server.RaftServerConfigKeys (ConfUtils.java:logGet(43)) - raft.server.notification.no-leader.timeout = 120s (custom)
2019-11-01 01:26:04,087 [pool-37-thread-1] INFO  server.RaftServerConfigKeys (ConfUtils.java:logGet(43)) - raft.server.log.use.memory = false (default)
2019-11-01 01:26:04,087 [pool-67-thread-1] INFO  server.RaftServerConfigKeys (ConfUtils.java:logGet(43)) - raft.server.log.use.memory = false (default)
2019-11-01 01:26:04,087 [pool-37-thread-1] INFO  server.RaftServerConfigKeys (ConfUtils.java:logGet(43)) - raft.server.log.purge.gap = 1000000 (custom)
2019-11-01 01:26:04,087 [pool-67-thread-1] INFO  server.RaftServerConfigKeys (ConfUtils.java:logGet(43)) - raft.server.log.purge.gap = 1000000 (custom)
2019-11-01 01:26:04,087 [pool-37-thread-1] INFO  server.RaftServerConfigKeys (ConfUtils.java:logGet(43)) - raft.server.log.appender.buffer.byte-limit = 33554432 (custom)
2019-11-01 01:26:04,087 [pool-67-thread-1] INFO  server.RaftServerConfigKeys (ConfUtils.java:logGet(43)) - raft.server.log.appender.buffer.byte-limit = 33554432 (custom)
2019-11-01 01:26:04,088 [pool-37-thread-1] INFO  server.RaftServerConfigKeys (ConfUtils.java:logGet(43)) - raft.server.log.segment.size.max = 1048576 (custom)
2019-11-01 01:26:04,088 [pool-67-thread-1] INFO  server.RaftServerConfigKeys (ConfUtils.java:logGet(43)) - raft.server.log.segment.size.max = 1048576 (custom)
2019-11-01 01:26:04,088 [pool-37-thread-1] INFO  server.RaftServerConfigKeys (ConfUtils.java:logGet(43)) - raft.server.log.segment.cache.num.max = 2 (custom)
2019-11-01 01:26:04,088 [pool-67-thread-1] INFO  server.RaftServerConfigKeys (ConfUtils.java:logGet(43)) - raft.server.log.segment.cache.num.max = 2 (custom)
2019-11-01 01:26:04,088 [pool-37-thread-1] INFO  segmented.SegmentedRaftLogWorker (SegmentedRaftLogWorker.java:<init>(173)) - new cb510fb7-fc87-4880-9dcd-5d4a84db871b@group-B30DA263D364-SegmentedRaftLogWorker for RaftStorage:Storage Directory /workdir/hadoop-ozone/tools/target/test-dir/MiniOzoneClusterImpl-17d7739a-f662-4c88-9e51-3c637963011a/datanode-1/data/ratis/322ed056-c6f5-452f-9f79-b30da263d364
2019-11-01 01:26:04,088 [pool-67-thread-1] INFO  segmented.SegmentedRaftLogWorker (SegmentedRaftLogWorker.java:<init>(173)) - new 32db78ba-36ff-4254-bf6e-67e7bcfc9e39@group-B30DA263D364-SegmentedRaftLogWorker for RaftStorage:Storage Directory /workdir/hadoop-ozone/tools/target/test-dir/MiniOzoneClusterImpl-17d7739a-f662-4c88-9e51-3c637963011a/datanode-4/data/ratis/322ed056-c6f5-452f-9f79-b30da263d364
2019-11-01 01:26:04,088 [pool-37-thread-1] INFO  server.RaftServerConfigKeys (ConfUtils.java:logGet(43)) - raft.server.log.queue.byte-limit = 2147483647 (custom)
2019-11-01 01:26:04,089 [pool-67-thread-1] INFO  server.RaftServerConfigKeys (ConfUtils.java:logGet(43)) - raft.server.log.queue.byte-limit = 2147483647 (custom)
2019-11-01 01:26:04,089 [pool-37-thread-1] INFO  server.RaftServerConfigKeys (ConfUtils.java:logGet(43)) - raft.server.log.queue.element-limit = 1024 (custom)
2019-11-01 01:26:04,089 [pool-67-thread-1] INFO  server.RaftServerConfigKeys (ConfUtils.java:logGet(43)) - raft.server.log.queue.element-limit = 1024 (custom)
2019-11-01 01:26:04,089 [pool-37-thread-1] INFO  server.RaftServerConfigKeys (ConfUtils.java:logGet(43)) - raft.server.log.segment.size.max = 1048576 (custom)
2019-11-01 01:26:04,089 [pool-67-thread-1] INFO  server.RaftServerConfigKeys (ConfUtils.java:logGet(43)) - raft.server.log.segment.size.max = 1048576 (custom)
2019-11-01 01:26:04,089 [pool-37-thread-1] INFO  server.RaftServerConfigKeys (ConfUtils.java:logGet(43)) - raft.server.log.preallocated.size = 16384 (custom)
2019-11-01 01:26:04,089 [pool-67-thread-1] INFO  server.RaftServerConfigKeys (ConfUtils.java:logGet(43)) - raft.server.log.preallocated.size = 16384 (custom)
2019-11-01 01:26:04,089 [pool-37-thread-1] INFO  server.RaftServerConfigKeys (ConfUtils.java:logGet(43)) - raft.server.log.write.buffer.size = 33554432 (custom)
2019-11-01 01:26:04,090 [pool-67-thread-1] INFO  server.RaftServerConfigKeys (ConfUtils.java:logGet(43)) - raft.server.log.write.buffer.size = 33554432 (custom)
2019-11-01 01:26:04,090 [pool-37-thread-1] INFO  server.RaftServerConfigKeys (ConfUtils.java:logGet(43)) - raft.server.log.force.sync.num = 128 (default)
2019-11-01 01:26:04,090 [pool-67-thread-1] INFO  server.RaftServerConfigKeys (ConfUtils.java:logGet(43)) - raft.server.log.force.sync.num = 128 (default)
2019-11-01 01:26:04,090 [pool-37-thread-1] INFO  server.RaftServerConfigKeys (ConfUtils.java:logGet(43)) - raft.server.log.statemachine.data.sync = true (default)
2019-11-01 01:26:04,090 [pool-67-thread-1] INFO  server.RaftServerConfigKeys (ConfUtils.java:logGet(43)) - raft.server.log.statemachine.data.sync = true (default)
2019-11-01 01:26:04,091 [pool-37-thread-1] INFO  server.RaftServerConfigKeys (ConfUtils.java:logGet(43)) - raft.server.log.statemachine.data.sync.timeout = 10s (default)
2019-11-01 01:26:04,091 [pool-67-thread-1] INFO  server.RaftServerConfigKeys (ConfUtils.java:logGet(43)) - raft.server.log.statemachine.data.sync.timeout = 10s (default)
2019-11-01 01:26:04,091 [pool-37-thread-1] INFO  server.RaftServerConfigKeys (ConfUtils.java:logGet(43)) - raft.server.log.statemachine.data.sync.timeout.retry = -1 (default)
2019-11-01 01:26:04,091 [pool-67-thread-1] INFO  server.RaftServerConfigKeys (ConfUtils.java:logGet(43)) - raft.server.log.statemachine.data.sync.timeout.retry = -1 (default)
2019-11-01 01:26:04,092 [pool-37-thread-1] INFO  server.RaftServerConfigKeys (ConfUtils.java:logGet(43)) - raft.server.log.statemachine.data.caching.enabled = true (custom)
2019-11-01 01:26:04,092 [pool-67-thread-1] INFO  server.RaftServerConfigKeys (ConfUtils.java:logGet(43)) - raft.server.log.statemachine.data.caching.enabled = true (custom)
2019-11-01 01:26:04,092 [pool-67-thread-1] INFO  segmented.SegmentedRaftLogWorker (SegmentedRaftLogWorker.java:lambda$new$0(128)) - 32db78ba-36ff-4254-bf6e-67e7bcfc9e39@group-B30DA263D364-SegmentedRaftLogWorker: flushIndex: setUnconditionally 0 -> -1
2019-11-01 01:26:04,092 [pool-37-thread-1] INFO  segmented.SegmentedRaftLogWorker (SegmentedRaftLogWorker.java:lambda$new$0(128)) - cb510fb7-fc87-4880-9dcd-5d4a84db871b@group-B30DA263D364-SegmentedRaftLogWorker: flushIndex: setUnconditionally 0 -> -1
2019-11-01 01:26:04,093 [pool-67-thread-1] INFO  server.RaftServerConfigKeys (ConfUtils.java:logGet(43)) - raft.server.snapshot.auto.trigger.enabled = true (custom)
2019-11-01 01:26:04,093 [pool-67-thread-1] INFO  server.RaftServerConfigKeys (ConfUtils.java:logGet(43)) - raft.server.snapshot.auto.trigger.threshold = 10000 (custom)
2019-11-01 01:26:04,093 [pool-37-thread-1] INFO  server.RaftServerConfigKeys (ConfUtils.java:logGet(43)) - raft.server.snapshot.auto.trigger.enabled = true (custom)
2019-11-01 01:26:04,093 [pool-67-thread-1] INFO  server.RaftServerConfigKeys (ConfUtils.java:logGet(43)) - raft.server.snapshot.retention.file.num = 5 (custom)
2019-11-01 01:26:04,093 [pool-37-thread-1] INFO  server.RaftServerConfigKeys (ConfUtils.java:logGet(43)) - raft.server.snapshot.auto.trigger.threshold = 10000 (custom)
2019-11-01 01:26:04,093 [pool-67-thread-1] INFO  server.RaftServerConfigKeys (ConfUtils.java:logGet(43)) - raft.server.retrycache.expirytime = 600000ms (custom)
2019-11-01 01:26:04,093 [pool-37-thread-1] INFO  server.RaftServerConfigKeys (ConfUtils.java:logGet(43)) - raft.server.snapshot.retention.file.num = 5 (custom)
2019-11-01 01:26:04,093 [pool-67-thread-1] WARN  impl.MetricRegistriesImpl (MetricRegistriesImpl.java:lambda$create$1(61)) - First MetricRegistry has been created without registering reporters. You may need to call MetricRegistries.global().addReportRegistration(...) before.
2019-11-01 01:26:04,094 [pool-37-thread-1] INFO  server.RaftServerConfigKeys (ConfUtils.java:logGet(43)) - raft.server.retrycache.expirytime = 600000ms (custom)
2019-11-01 01:26:04,094 [pool-67-thread-1] WARN  impl.MetricRegistriesImpl (MetricRegistriesImpl.java:lambda$create$1(61)) - First MetricRegistry has been created without registering reporters. You may need to call MetricRegistries.global().addReportRegistration(...) before.
2019-11-01 01:26:04,094 [pool-37-thread-1] WARN  impl.MetricRegistriesImpl (MetricRegistriesImpl.java:lambda$create$1(61)) - First MetricRegistry has been created without registering reporters. You may need to call MetricRegistries.global().addReportRegistration(...) before.
2019-11-01 01:26:04,094 [pool-37-thread-1] WARN  impl.MetricRegistriesImpl (MetricRegistriesImpl.java:lambda$create$1(61)) - First MetricRegistry has been created without registering reporters. You may need to call MetricRegistries.global().addReportRegistration(...) before.
2019-11-01 01:26:04,096 [pool-67-thread-1] INFO  impl.RaftServerImpl (RaftServerImpl.java:<init>(98)) - 32db78ba-36ff-4254-bf6e-67e7bcfc9e39: new RaftServerImpl for group-463ABB98F6A5:[40b7f987-8e06-4ef9-abdc-8715eb833c11:192.168.69.91:34918, 32db78ba-36ff-4254-bf6e-67e7bcfc9e39:192.168.69.91:37505, cb510fb7-fc87-4880-9dcd-5d4a84db871b:192.168.69.91:33685] with ContainerStateMachine:uninitialized
2019-11-01 01:26:04,096 [pool-67-thread-1] INFO  server.RaftServerConfigKeys (ConfUtils.java:logGet(43)) - raft.server.rpc.timeout.min = 5s (custom)
2019-11-01 01:26:04,096 [pool-67-thread-1] INFO  server.RaftServerConfigKeys (ConfUtils.java:logGet(43)) - raft.server.rpc.timeout.max = 5200ms (custom)
2019-11-01 01:26:04,096 [pool-67-thread-1] INFO  server.RaftServerConfigKeys (ConfUtils.java:logGet(43)) - raft.server.rpcslowness.timeout = 120s (custom)
2019-11-01 01:26:04,096 [pool-67-thread-1] INFO  server.RaftServerConfigKeys (ConfUtils.java:logGet(43)) - raft.server.sleep.deviation.threshold = 300 (default)
2019-11-01 01:26:04,096 [pool-67-thread-1] INFO  server.RaftServerConfigKeys (ConfUtils.java:logGet(43)) - raft.server.log.appender.install.snapshot.enabled = false (custom)
2019-11-01 01:26:04,096 [pool-67-thread-1] INFO  impl.RaftServerImpl (ServerState.java:<init>(103)) - 32db78ba-36ff-4254-bf6e-67e7bcfc9e39@group-463ABB98F6A5: ConfigurationManager, init=-1: [40b7f987-8e06-4ef9-abdc-8715eb833c11:192.168.69.91:34918, 32db78ba-36ff-4254-bf6e-67e7bcfc9e39:192.168.69.91:37505, cb510fb7-fc87-4880-9dcd-5d4a84db871b:192.168.69.91:33685], old=null, confs=<EMPTY_MAP>
2019-11-01 01:26:04,097 [pool-67-thread-1] INFO  server.RaftServerConfigKeys (ConfUtils.java:logGet(43)) - raft.server.storage.dir = [/workdir/hadoop-ozone/tools/target/test-dir/MiniOzoneClusterImpl-17d7739a-f662-4c88-9e51-3c637963011a/datanode-4/data/ratis] (custom)
2019-11-01 01:26:04,097 [pool-67-thread-1] INFO  server.RaftServerConfigKeys (ConfUtils.java:logGet(43)) - raft.server.log.corruption.policy = EXCEPTION (default)
2019-11-01 01:26:04,097 [pool-37-thread-1] INFO  impl.RaftServerImpl (RaftServerImpl.java:<init>(98)) - cb510fb7-fc87-4880-9dcd-5d4a84db871b: new RaftServerImpl for group-463ABB98F6A5:[40b7f987-8e06-4ef9-abdc-8715eb833c11:192.168.69.91:34918, 32db78ba-36ff-4254-bf6e-67e7bcfc9e39:192.168.69.91:37505, cb510fb7-fc87-4880-9dcd-5d4a84db871b:192.168.69.91:33685] with ContainerStateMachine:uninitialized
2019-11-01 01:26:04,097 [pool-67-thread-1] INFO  storage.RaftStorageDirectory (RaftStorageDirectory.java:analyzeStorage(246)) - The storage directory /workdir/hadoop-ozone/tools/target/test-dir/MiniOzoneClusterImpl-17d7739a-f662-4c88-9e51-3c637963011a/datanode-4/data/ratis/28516bc7-86e1-40eb-b184-463abb98f6a5 does not exist. Creating ...
2019-11-01 01:26:04,097 [pool-37-thread-1] INFO  server.RaftServerConfigKeys (ConfUtils.java:logGet(43)) - raft.server.rpc.timeout.min = 5s (custom)
2019-11-01 01:26:04,097 [pool-37-thread-1] INFO  server.RaftServerConfigKeys (ConfUtils.java:logGet(43)) - raft.server.rpc.timeout.max = 5200ms (custom)
2019-11-01 01:26:04,098 [pool-37-thread-1] INFO  server.RaftServerConfigKeys (ConfUtils.java:logGet(43)) - raft.server.rpcslowness.timeout = 120s (custom)
2019-11-01 01:26:04,098 [pool-37-thread-1] INFO  server.RaftServerConfigKeys (ConfUtils.java:logGet(43)) - raft.server.sleep.deviation.threshold = 300 (default)
2019-11-01 01:26:04,098 [pool-37-thread-1] INFO  server.RaftServerConfigKeys (ConfUtils.java:logGet(43)) - raft.server.log.appender.install.snapshot.enabled = false (custom)
2019-11-01 01:26:04,098 [pool-37-thread-1] INFO  impl.RaftServerImpl (ServerState.java:<init>(103)) - cb510fb7-fc87-4880-9dcd-5d4a84db871b@group-463ABB98F6A5: ConfigurationManager, init=-1: [40b7f987-8e06-4ef9-abdc-8715eb833c11:192.168.69.91:34918, 32db78ba-36ff-4254-bf6e-67e7bcfc9e39:192.168.69.91:37505, cb510fb7-fc87-4880-9dcd-5d4a84db871b:192.168.69.91:33685], old=null, confs=<EMPTY_MAP>
2019-11-01 01:26:04,098 [pool-37-thread-1] INFO  server.RaftServerConfigKeys (ConfUtils.java:logGet(43)) - raft.server.storage.dir = [/workdir/hadoop-ozone/tools/target/test-dir/MiniOzoneClusterImpl-17d7739a-f662-4c88-9e51-3c637963011a/datanode-1/data/ratis] (custom)
2019-11-01 01:26:04,099 [pool-37-thread-1] INFO  server.RaftServerConfigKeys (ConfUtils.java:logGet(43)) - raft.server.log.corruption.policy = EXCEPTION (default)
2019-11-01 01:26:04,099 [pool-37-thread-1] INFO  storage.RaftStorageDirectory (RaftStorageDirectory.java:analyzeStorage(246)) - The storage directory /workdir/hadoop-ozone/tools/target/test-dir/MiniOzoneClusterImpl-17d7739a-f662-4c88-9e51-3c637963011a/datanode-1/data/ratis/28516bc7-86e1-40eb-b184-463abb98f6a5 does not exist. Creating ...
2019-11-01 01:26:04,111 [pool-67-thread-1] INFO  storage.RaftStorageDirectory (RaftStorageDirectory.java:tryLock(328)) - Lock on /workdir/hadoop-ozone/tools/target/test-dir/MiniOzoneClusterImpl-17d7739a-f662-4c88-9e51-3c637963011a/datanode-4/data/ratis/28516bc7-86e1-40eb-b184-463abb98f6a5/in_use.lock acquired by nodename 4689@pr-hdds-2364-master-qchwk-3441104375
2019-11-01 01:26:04,111 [pool-37-thread-1] INFO  storage.RaftStorageDirectory (RaftStorageDirectory.java:tryLock(328)) - Lock on /workdir/hadoop-ozone/tools/target/test-dir/MiniOzoneClusterImpl-17d7739a-f662-4c88-9e51-3c637963011a/datanode-1/data/ratis/28516bc7-86e1-40eb-b184-463abb98f6a5/in_use.lock acquired by nodename 4689@pr-hdds-2364-master-qchwk-3441104375
2019-11-01 01:26:04,111 [pool-27-thread-1] INFO  storage.RaftStorage (RaftStorage.java:format(84)) - Storage directory /workdir/hadoop-ozone/tools/target/test-dir/MiniOzoneClusterImpl-17d7739a-f662-4c88-9e51-3c637963011a/datanode-0/data/ratis/322ed056-c6f5-452f-9f79-b30da263d364 has been successfully formatted.
2019-11-01 01:26:04,112 [pool-27-thread-1] INFO  ratis.ContainerStateMachine (ContainerStateMachine.java:loadSnapshot(231)) - group-B30DA263D364: The snapshot info is null. Setting the last applied indexto:(t:0, i:~)
2019-11-01 01:26:04,112 [pool-27-thread-1] INFO  server.RaftServerConfigKeys (ConfUtils.java:logGet(43)) - raft.server.notification.no-leader.timeout = 120s (custom)
2019-11-01 01:26:04,112 [pool-27-thread-1] INFO  server.RaftServerConfigKeys (ConfUtils.java:logGet(43)) - raft.server.log.use.memory = false (default)
2019-11-01 01:26:04,113 [pool-27-thread-1] INFO  server.RaftServerConfigKeys (ConfUtils.java:logGet(43)) - raft.server.log.purge.gap = 1000000 (custom)
2019-11-01 01:26:04,113 [pool-27-thread-1] INFO  server.RaftServerConfigKeys (ConfUtils.java:logGet(43)) - raft.server.log.appender.buffer.byte-limit = 33554432 (custom)
2019-11-01 01:26:04,113 [pool-27-thread-1] INFO  server.RaftServerConfigKeys (ConfUtils.java:logGet(43)) - raft.server.log.segment.size.max = 1048576 (custom)
2019-11-01 01:26:04,113 [pool-27-thread-1] INFO  server.RaftServerConfigKeys (ConfUtils.java:logGet(43)) - raft.server.log.segment.cache.num.max = 2 (custom)
2019-11-01 01:26:04,116 [pool-27-thread-1] INFO  segmented.SegmentedRaftLogWorker (SegmentedRaftLogWorker.java:<init>(173)) - new 40b7f987-8e06-4ef9-abdc-8715eb833c11@group-B30DA263D364-SegmentedRaftLogWorker for RaftStorage:Storage Directory /workdir/hadoop-ozone/tools/target/test-dir/MiniOzoneClusterImpl-17d7739a-f662-4c88-9e51-3c637963011a/datanode-0/data/ratis/322ed056-c6f5-452f-9f79-b30da263d364
2019-11-01 01:26:04,117 [pool-27-thread-1] INFO  server.RaftServerConfigKeys (ConfUtils.java:logGet(43)) - raft.server.log.queue.byte-limit = 2147483647 (custom)
2019-11-01 01:26:04,117 [pool-27-thread-1] INFO  server.RaftServerConfigKeys (ConfUtils.java:logGet(43)) - raft.server.log.queue.element-limit = 1024 (custom)
2019-11-01 01:26:04,117 [pool-27-thread-1] INFO  server.RaftServerConfigKeys (ConfUtils.java:logGet(43)) - raft.server.log.segment.size.max = 1048576 (custom)
2019-11-01 01:26:04,117 [pool-27-thread-1] INFO  server.RaftServerConfigKeys (ConfUtils.java:logGet(43)) - raft.server.log.preallocated.size = 16384 (custom)
2019-11-01 01:26:04,118 [pool-27-thread-1] INFO  server.RaftServerConfigKeys (ConfUtils.java:logGet(43)) - raft.server.log.write.buffer.size = 33554432 (custom)
2019-11-01 01:26:04,118 [pool-27-thread-1] INFO  server.RaftServerConfigKeys (ConfUtils.java:logGet(43)) - raft.server.log.force.sync.num = 128 (default)
2019-11-01 01:26:04,118 [pool-27-thread-1] INFO  server.RaftServerConfigKeys (ConfUtils.java:logGet(43)) - raft.server.log.statemachine.data.sync = true (default)
2019-11-01 01:26:04,118 [pool-27-thread-1] INFO  server.RaftServerConfigKeys (ConfUtils.java:logGet(43)) - raft.server.log.statemachine.data.sync.timeout = 10s (default)
2019-11-01 01:26:04,118 [pool-27-thread-1] INFO  server.RaftServerConfigKeys (ConfUtils.java:logGet(43)) - raft.server.log.statemachine.data.sync.timeout.retry = -1 (default)
2019-11-01 01:26:04,119 [pool-27-thread-1] INFO  server.RaftServerConfigKeys (ConfUtils.java:logGet(43)) - raft.server.log.statemachine.data.caching.enabled = true (custom)
2019-11-01 01:26:04,119 [pool-27-thread-1] INFO  segmented.SegmentedRaftLogWorker (SegmentedRaftLogWorker.java:lambda$new$0(128)) - 40b7f987-8e06-4ef9-abdc-8715eb833c11@group-B30DA263D364-SegmentedRaftLogWorker: flushIndex: setUnconditionally 0 -> -1
2019-11-01 01:26:04,119 [pool-27-thread-1] INFO  server.RaftServerConfigKeys (ConfUtils.java:logGet(43)) - raft.server.snapshot.auto.trigger.enabled = true (custom)
2019-11-01 01:26:04,120 [pool-27-thread-1] INFO  server.RaftServerConfigKeys (ConfUtils.java:logGet(43)) - raft.server.snapshot.auto.trigger.threshold = 10000 (custom)
2019-11-01 01:26:04,120 [pool-27-thread-1] INFO  server.RaftServerConfigKeys (ConfUtils.java:logGet(43)) - raft.server.snapshot.retention.file.num = 5 (custom)
2019-11-01 01:26:04,120 [pool-27-thread-1] INFO  server.RaftServerConfigKeys (ConfUtils.java:logGet(43)) - raft.server.retrycache.expirytime = 600000ms (custom)
2019-11-01 01:26:04,120 [pool-27-thread-1] WARN  impl.MetricRegistriesImpl (MetricRegistriesImpl.java:lambda$create$1(61)) - First MetricRegistry has been created without registering reporters. You may need to call MetricRegistries.global().addReportRegistration(...) before.
2019-11-01 01:26:04,120 [pool-27-thread-1] WARN  impl.MetricRegistriesImpl (MetricRegistriesImpl.java:lambda$create$1(61)) - First MetricRegistry has been created without registering reporters. You may need to call MetricRegistries.global().addReportRegistration(...) before.
2019-11-01 01:26:04,124 [pool-27-thread-1] INFO  impl.RaftServerImpl (RaftServerImpl.java:<init>(98)) - 40b7f987-8e06-4ef9-abdc-8715eb833c11: new RaftServerImpl for group-463ABB98F6A5:[40b7f987-8e06-4ef9-abdc-8715eb833c11:192.168.69.91:34918, 32db78ba-36ff-4254-bf6e-67e7bcfc9e39:192.168.69.91:37505, cb510fb7-fc87-4880-9dcd-5d4a84db871b:192.168.69.91:33685] with ContainerStateMachine:uninitialized
2019-11-01 01:26:04,125 [pool-27-thread-1] INFO  server.RaftServerConfigKeys (ConfUtils.java:logGet(43)) - raft.server.rpc.timeout.min = 5s (custom)
2019-11-01 01:26:04,125 [pool-27-thread-1] INFO  server.RaftServerConfigKeys (ConfUtils.java:logGet(43)) - raft.server.rpc.timeout.max = 5200ms (custom)
2019-11-01 01:26:04,125 [pool-27-thread-1] INFO  server.RaftServerConfigKeys (ConfUtils.java:logGet(43)) - raft.server.rpcslowness.timeout = 120s (custom)
2019-11-01 01:26:04,125 [pool-27-thread-1] INFO  server.RaftServerConfigKeys (ConfUtils.java:logGet(43)) - raft.server.sleep.deviation.threshold = 300 (default)
2019-11-01 01:26:04,125 [pool-27-thread-1] INFO  server.RaftServerConfigKeys (ConfUtils.java:logGet(43)) - raft.server.log.appender.install.snapshot.enabled = false (custom)
2019-11-01 01:26:04,125 [pool-27-thread-1] INFO  impl.RaftServerImpl (ServerState.java:<init>(103)) - 40b7f987-8e06-4ef9-abdc-8715eb833c11@group-463ABB98F6A5: ConfigurationManager, init=-1: [40b7f987-8e06-4ef9-abdc-8715eb833c11:192.168.69.91:34918, 32db78ba-36ff-4254-bf6e-67e7bcfc9e39:192.168.69.91:37505, cb510fb7-fc87-4880-9dcd-5d4a84db871b:192.168.69.91:33685], old=null, confs=<EMPTY_MAP>
2019-11-01 01:26:04,126 [pool-27-thread-1] INFO  server.RaftServerConfigKeys (ConfUtils.java:logGet(43)) - raft.server.storage.dir = [/workdir/hadoop-ozone/tools/target/test-dir/MiniOzoneClusterImpl-17d7739a-f662-4c88-9e51-3c637963011a/datanode-0/data/ratis] (custom)
2019-11-01 01:26:04,126 [pool-27-thread-1] INFO  server.RaftServerConfigKeys (ConfUtils.java:logGet(43)) - raft.server.log.corruption.policy = EXCEPTION (default)
2019-11-01 01:26:04,126 [pool-27-thread-1] INFO  storage.RaftStorageDirectory (RaftStorageDirectory.java:analyzeStorage(246)) - The storage directory /workdir/hadoop-ozone/tools/target/test-dir/MiniOzoneClusterImpl-17d7739a-f662-4c88-9e51-3c637963011a/datanode-0/data/ratis/28516bc7-86e1-40eb-b184-463abb98f6a5 does not exist. Creating ...
2019-11-01 01:26:04,129 [pool-37-thread-1] INFO  storage.RaftStorage (RaftStorage.java:format(84)) - Storage directory /workdir/hadoop-ozone/tools/target/test-dir/MiniOzoneClusterImpl-17d7739a-f662-4c88-9e51-3c637963011a/datanode-1/data/ratis/28516bc7-86e1-40eb-b184-463abb98f6a5 has been successfully formatted.
2019-11-01 01:26:04,129 [pool-67-thread-1] INFO  storage.RaftStorage (RaftStorage.java:format(84)) - Storage directory /workdir/hadoop-ozone/tools/target/test-dir/MiniOzoneClusterImpl-17d7739a-f662-4c88-9e51-3c637963011a/datanode-4/data/ratis/28516bc7-86e1-40eb-b184-463abb98f6a5 has been successfully formatted.
2019-11-01 01:26:04,129 [pool-37-thread-1] INFO  ratis.ContainerStateMachine (ContainerStateMachine.java:loadSnapshot(231)) - group-463ABB98F6A5: The snapshot info is null. Setting the last applied indexto:(t:0, i:~)
2019-11-01 01:26:04,129 [pool-37-thread-1] INFO  server.RaftServerConfigKeys (ConfUtils.java:logGet(43)) - raft.server.notification.no-leader.timeout = 120s (custom)
2019-11-01 01:26:04,129 [pool-67-thread-1] INFO  ratis.ContainerStateMachine (ContainerStateMachine.java:loadSnapshot(231)) - group-463ABB98F6A5: The snapshot info is null. Setting the last applied indexto:(t:0, i:~)
2019-11-01 01:26:04,129 [pool-37-thread-1] INFO  server.RaftServerConfigKeys (ConfUtils.java:logGet(43)) - raft.server.log.use.memory = false (default)
2019-11-01 01:26:04,129 [pool-67-thread-1] INFO  server.RaftServerConfigKeys (ConfUtils.java:logGet(43)) - raft.server.notification.no-leader.timeout = 120s (custom)
2019-11-01 01:26:04,129 [pool-37-thread-1] INFO  server.RaftServerConfigKeys (ConfUtils.java:logGet(43)) - raft.server.log.purge.gap = 1000000 (custom)
2019-11-01 01:26:04,130 [pool-67-thread-1] INFO  server.RaftServerConfigKeys (ConfUtils.java:logGet(43)) - raft.server.log.use.memory = false (default)
2019-11-01 01:26:04,130 [pool-37-thread-1] INFO  server.RaftServerConfigKeys (ConfUtils.java:logGet(43)) - raft.server.log.appender.buffer.byte-limit = 33554432 (custom)
2019-11-01 01:26:04,130 [pool-67-thread-1] INFO  server.RaftServerConfigKeys (ConfUtils.java:logGet(43)) - raft.server.log.purge.gap = 1000000 (custom)
2019-11-01 01:26:04,130 [pool-37-thread-1] INFO  server.RaftServerConfigKeys (ConfUtils.java:logGet(43)) - raft.server.log.segment.size.max = 1048576 (custom)
2019-11-01 01:26:04,130 [pool-67-thread-1] INFO  server.RaftServerConfigKeys (ConfUtils.java:logGet(43)) - raft.server.log.appender.buffer.byte-limit = 33554432 (custom)
2019-11-01 01:26:04,130 [pool-37-thread-1] INFO  server.RaftServerConfigKeys (ConfUtils.java:logGet(43)) - raft.server.log.segment.cache.num.max = 2 (custom)
2019-11-01 01:26:04,130 [pool-67-thread-1] INFO  server.RaftServerConfigKeys (ConfUtils.java:logGet(43)) - raft.server.log.segment.size.max = 1048576 (custom)
2019-11-01 01:26:04,130 [pool-37-thread-1] INFO  segmented.SegmentedRaftLogWorker (SegmentedRaftLogWorker.java:<init>(173)) - new cb510fb7-fc87-4880-9dcd-5d4a84db871b@group-463ABB98F6A5-SegmentedRaftLogWorker for RaftStorage:Storage Directory /workdir/hadoop-ozone/tools/target/test-dir/MiniOzoneClusterImpl-17d7739a-f662-4c88-9e51-3c637963011a/datanode-1/data/ratis/28516bc7-86e1-40eb-b184-463abb98f6a5
2019-11-01 01:26:04,130 [pool-67-thread-1] INFO  server.RaftServerConfigKeys (ConfUtils.java:logGet(43)) - raft.server.log.segment.cache.num.max = 2 (custom)
2019-11-01 01:26:04,131 [pool-37-thread-1] INFO  server.RaftServerConfigKeys (ConfUtils.java:logGet(43)) - raft.server.log.queue.byte-limit = 2147483647 (custom)
2019-11-01 01:26:04,131 [pool-67-thread-1] INFO  segmented.SegmentedRaftLogWorker (SegmentedRaftLogWorker.java:<init>(173)) - new 32db78ba-36ff-4254-bf6e-67e7bcfc9e39@group-463ABB98F6A5-SegmentedRaftLogWorker for RaftStorage:Storage Directory /workdir/hadoop-ozone/tools/target/test-dir/MiniOzoneClusterImpl-17d7739a-f662-4c88-9e51-3c637963011a/datanode-4/data/ratis/28516bc7-86e1-40eb-b184-463abb98f6a5
2019-11-01 01:26:04,131 [pool-37-thread-1] INFO  server.RaftServerConfigKeys (ConfUtils.java:logGet(43)) - raft.server.log.queue.element-limit = 1024 (custom)
2019-11-01 01:26:04,131 [pool-67-thread-1] INFO  server.RaftServerConfigKeys (ConfUtils.java:logGet(43)) - raft.server.log.queue.byte-limit = 2147483647 (custom)
2019-11-01 01:26:04,131 [pool-37-thread-1] INFO  server.RaftServerConfigKeys (ConfUtils.java:logGet(43)) - raft.server.log.segment.size.max = 1048576 (custom)
2019-11-01 01:26:04,131 [pool-67-thread-1] INFO  server.RaftServerConfigKeys (ConfUtils.java:logGet(43)) - raft.server.log.queue.element-limit = 1024 (custom)
2019-11-01 01:26:04,131 [pool-37-thread-1] INFO  server.RaftServerConfigKeys (ConfUtils.java:logGet(43)) - raft.server.log.preallocated.size = 16384 (custom)
2019-11-01 01:26:04,131 [pool-67-thread-1] INFO  server.RaftServerConfigKeys (ConfUtils.java:logGet(43)) - raft.server.log.segment.size.max = 1048576 (custom)
2019-11-01 01:26:04,131 [pool-37-thread-1] INFO  server.RaftServerConfigKeys (ConfUtils.java:logGet(43)) - raft.server.log.write.buffer.size = 33554432 (custom)
2019-11-01 01:26:04,131 [pool-67-thread-1] INFO  server.RaftServerConfigKeys (ConfUtils.java:logGet(43)) - raft.server.log.preallocated.size = 16384 (custom)
2019-11-01 01:26:04,132 [pool-37-thread-1] INFO  server.RaftServerConfigKeys (ConfUtils.java:logGet(43)) - raft.server.log.force.sync.num = 128 (default)
2019-11-01 01:26:04,132 [pool-67-thread-1] INFO  server.RaftServerConfigKeys (ConfUtils.java:logGet(43)) - raft.server.log.write.buffer.size = 33554432 (custom)
2019-11-01 01:26:04,132 [pool-37-thread-1] INFO  server.RaftServerConfigKeys (ConfUtils.java:logGet(43)) - raft.server.log.statemachine.data.sync = true (default)
2019-11-01 01:26:04,132 [pool-67-thread-1] INFO  server.RaftServerConfigKeys (ConfUtils.java:logGet(43)) - raft.server.log.force.sync.num = 128 (default)
2019-11-01 01:26:04,132 [pool-37-thread-1] INFO  server.RaftServerConfigKeys (ConfUtils.java:logGet(43)) - raft.server.log.statemachine.data.sync.timeout = 10s (default)
2019-11-01 01:26:04,132 [pool-67-thread-1] INFO  server.RaftServerConfigKeys (ConfUtils.java:logGet(43)) - raft.server.log.statemachine.data.sync = true (default)
2019-11-01 01:26:04,132 [pool-37-thread-1] INFO  server.RaftServerConfigKeys (ConfUtils.java:logGet(43)) - raft.server.log.statemachine.data.sync.timeout.retry = -1 (default)
2019-11-01 01:26:04,132 [pool-67-thread-1] INFO  server.RaftServerConfigKeys (ConfUtils.java:logGet(43)) - raft.server.log.statemachine.data.sync.timeout = 10s (default)
2019-11-01 01:26:04,133 [pool-37-thread-1] INFO  server.RaftServerConfigKeys (ConfUtils.java:logGet(43)) - raft.server.log.statemachine.data.caching.enabled = true (custom)
2019-11-01 01:26:04,133 [pool-67-thread-1] INFO  server.RaftServerConfigKeys (ConfUtils.java:logGet(43)) - raft.server.log.statemachine.data.sync.timeout.retry = -1 (default)
2019-11-01 01:26:04,133 [pool-37-thread-1] INFO  segmented.SegmentedRaftLogWorker (SegmentedRaftLogWorker.java:lambda$new$0(128)) - cb510fb7-fc87-4880-9dcd-5d4a84db871b@group-463ABB98F6A5-SegmentedRaftLogWorker: flushIndex: setUnconditionally 0 -> -1
2019-11-01 01:26:04,133 [pool-67-thread-1] INFO  server.RaftServerConfigKeys (ConfUtils.java:logGet(43)) - raft.server.log.statemachine.data.caching.enabled = true (custom)
2019-11-01 01:26:04,133 [pool-37-thread-1] INFO  server.RaftServerConfigKeys (ConfUtils.java:logGet(43)) - raft.server.snapshot.auto.trigger.enabled = true (custom)
2019-11-01 01:26:04,133 [pool-37-thread-1] INFO  server.RaftServerConfigKeys (ConfUtils.java:logGet(43)) - raft.server.snapshot.auto.trigger.threshold = 10000 (custom)
2019-11-01 01:26:04,133 [pool-67-thread-1] INFO  segmented.SegmentedRaftLogWorker (SegmentedRaftLogWorker.java:lambda$new$0(128)) - 32db78ba-36ff-4254-bf6e-67e7bcfc9e39@group-463ABB98F6A5-SegmentedRaftLogWorker: flushIndex: setUnconditionally 0 -> -1
2019-11-01 01:26:04,133 [pool-37-thread-1] INFO  server.RaftServerConfigKeys (ConfUtils.java:logGet(43)) - raft.server.snapshot.retention.file.num = 5 (custom)
2019-11-01 01:26:04,134 [pool-67-thread-1] INFO  server.RaftServerConfigKeys (ConfUtils.java:logGet(43)) - raft.server.snapshot.auto.trigger.enabled = true (custom)
2019-11-01 01:26:04,134 [pool-37-thread-1] INFO  server.RaftServerConfigKeys (ConfUtils.java:logGet(43)) - raft.server.retrycache.expirytime = 600000ms (custom)
2019-11-01 01:26:04,134 [pool-67-thread-1] INFO  server.RaftServerConfigKeys (ConfUtils.java:logGet(43)) - raft.server.snapshot.auto.trigger.threshold = 10000 (custom)
2019-11-01 01:26:04,134 [pool-37-thread-1] WARN  impl.MetricRegistriesImpl (MetricRegistriesImpl.java:lambda$create$1(61)) - First MetricRegistry has been created without registering reporters. You may need to call MetricRegistries.global().addReportRegistration(...) before.
2019-11-01 01:26:04,134 [pool-67-thread-1] INFO  server.RaftServerConfigKeys (ConfUtils.java:logGet(43)) - raft.server.snapshot.retention.file.num = 5 (custom)
2019-11-01 01:26:04,134 [pool-37-thread-1] WARN  impl.MetricRegistriesImpl (MetricRegistriesImpl.java:lambda$create$1(61)) - First MetricRegistry has been created without registering reporters. You may need to call MetricRegistries.global().addReportRegistration(...) before.
2019-11-01 01:26:04,134 [pool-67-thread-1] INFO  server.RaftServerConfigKeys (ConfUtils.java:logGet(43)) - raft.server.retrycache.expirytime = 600000ms (custom)
2019-11-01 01:26:04,134 [pool-37-thread-1] INFO  impl.RaftServerImpl (RaftServerImpl.java:start(184)) - cb510fb7-fc87-4880-9dcd-5d4a84db871b@group-2D790F9948C3: start as a follower, conf=-1: [40b7f987-8e06-4ef9-abdc-8715eb833c11:192.168.69.91:34918, 32db78ba-36ff-4254-bf6e-67e7bcfc9e39:192.168.69.91:37505, cb510fb7-fc87-4880-9dcd-5d4a84db871b:192.168.69.91:33685], old=null
2019-11-01 01:26:04,134 [pool-67-thread-1] WARN  impl.MetricRegistriesImpl (MetricRegistriesImpl.java:lambda$create$1(61)) - First MetricRegistry has been created without registering reporters. You may need to call MetricRegistries.global().addReportRegistration(...) before.
2019-11-01 01:26:04,135 [pool-37-thread-1] INFO  impl.RaftServerImpl (RaftServerImpl.java:setRole(173)) - cb510fb7-fc87-4880-9dcd-5d4a84db871b@group-2D790F9948C3: changes role from      null to FOLLOWER at term 0 for startAsFollower
2019-11-01 01:26:04,135 [pool-67-thread-1] WARN  impl.MetricRegistriesImpl (MetricRegistriesImpl.java:lambda$create$1(61)) - First MetricRegistry has been created without registering reporters. You may need to call MetricRegistries.global().addReportRegistration(...) before.
2019-11-01 01:26:04,135 [pool-37-thread-1] INFO  impl.RoleInfo (RoleInfo.java:updateAndGet(143)) - cb510fb7-fc87-4880-9dcd-5d4a84db871b: start FollowerState
2019-11-01 01:26:04,135 [pool-67-thread-1] INFO  impl.RaftServerImpl (RaftServerImpl.java:start(184)) - 32db78ba-36ff-4254-bf6e-67e7bcfc9e39@group-2D790F9948C3: start as a follower, conf=-1: [40b7f987-8e06-4ef9-abdc-8715eb833c11:192.168.69.91:34918, 32db78ba-36ff-4254-bf6e-67e7bcfc9e39:192.168.69.91:37505, cb510fb7-fc87-4880-9dcd-5d4a84db871b:192.168.69.91:33685], old=null
2019-11-01 01:26:04,135 [pool-67-thread-1] INFO  impl.RaftServerImpl (RaftServerImpl.java:setRole(173)) - 32db78ba-36ff-4254-bf6e-67e7bcfc9e39@group-2D790F9948C3: changes role from      null to FOLLOWER at term 0 for startAsFollower
2019-11-01 01:26:04,135 [pool-67-thread-1] INFO  impl.RoleInfo (RoleInfo.java:updateAndGet(143)) - 32db78ba-36ff-4254-bf6e-67e7bcfc9e39: start FollowerState
2019-11-01 01:26:04,135 [pool-37-thread-1] INFO  util.JmxRegister (JmxRegister.java:tryRegister(44)) - Successfully registered JMX Bean with object name Ratis:service=RaftServer,group=group-2D790F9948C3,id=cb510fb7-fc87-4880-9dcd-5d4a84db871b
2019-11-01 01:26:04,135 [pool-37-thread-1] WARN  impl.MetricRegistriesImpl (MetricRegistriesImpl.java:lambda$create$1(61)) - First MetricRegistry has been created without registering reporters. You may need to call MetricRegistries.global().addReportRegistration(...) before.
2019-11-01 01:26:04,136 [pool-67-thread-1] INFO  util.JmxRegister (JmxRegister.java:tryRegister(44)) - Successfully registered JMX Bean with object name Ratis:service=RaftServer,group=group-2D790F9948C3,id=32db78ba-36ff-4254-bf6e-67e7bcfc9e39
2019-11-01 01:26:04,136 [pool-67-thread-1] WARN  impl.MetricRegistriesImpl (MetricRegistriesImpl.java:lambda$create$1(61)) - First MetricRegistry has been created without registering reporters. You may need to call MetricRegistries.global().addReportRegistration(...) before.
2019-11-01 01:26:04,138 [pool-67-thread-1] INFO  impl.RaftServerImpl (RaftServerImpl.java:<init>(98)) - 32db78ba-36ff-4254-bf6e-67e7bcfc9e39: new RaftServerImpl for group-920D79ED139C:[40b7f987-8e06-4ef9-abdc-8715eb833c11:192.168.69.91:34918, 32db78ba-36ff-4254-bf6e-67e7bcfc9e39:192.168.69.91:37505, cb510fb7-fc87-4880-9dcd-5d4a84db871b:192.168.69.91:33685] with ContainerStateMachine:uninitialized
2019-11-01 01:26:04,138 [pool-67-thread-1] INFO  server.RaftServerConfigKeys (ConfUtils.java:logGet(43)) - raft.server.rpc.timeout.min = 5s (custom)
2019-11-01 01:26:04,138 [pool-67-thread-1] INFO  server.RaftServerConfigKeys (ConfUtils.java:logGet(43)) - raft.server.rpc.timeout.max = 5200ms (custom)
2019-11-01 01:26:04,139 [pool-67-thread-1] INFO  server.RaftServerConfigKeys (ConfUtils.java:logGet(43)) - raft.server.rpcslowness.timeout = 120s (custom)
2019-11-01 01:26:04,139 [pool-67-thread-1] INFO  server.RaftServerConfigKeys (ConfUtils.java:logGet(43)) - raft.server.sleep.deviation.threshold = 300 (default)
2019-11-01 01:26:04,139 [pool-67-thread-1] INFO  server.RaftServerConfigKeys (ConfUtils.java:logGet(43)) - raft.server.log.appender.install.snapshot.enabled = false (custom)
2019-11-01 01:26:04,139 [pool-67-thread-1] INFO  impl.RaftServerImpl (ServerState.java:<init>(103)) - 32db78ba-36ff-4254-bf6e-67e7bcfc9e39@group-920D79ED139C: ConfigurationManager, init=-1: [40b7f987-8e06-4ef9-abdc-8715eb833c11:192.168.69.91:34918, 32db78ba-36ff-4254-bf6e-67e7bcfc9e39:192.168.69.91:37505, cb510fb7-fc87-4880-9dcd-5d4a84db871b:192.168.69.91:33685], old=null, confs=<EMPTY_MAP>
2019-11-01 01:26:04,139 [pool-67-thread-1] INFO  server.RaftServerConfigKeys (ConfUtils.java:logGet(43)) - raft.server.storage.dir = [/workdir/hadoop-ozone/tools/target/test-dir/MiniOzoneClusterImpl-17d7739a-f662-4c88-9e51-3c637963011a/datanode-4/data/ratis] (custom)
2019-11-01 01:26:04,139 [pool-37-thread-1] INFO  impl.RaftServerImpl (RaftServerImpl.java:<init>(98)) - cb510fb7-fc87-4880-9dcd-5d4a84db871b: new RaftServerImpl for group-920D79ED139C:[40b7f987-8e06-4ef9-abdc-8715eb833c11:192.168.69.91:34918, 32db78ba-36ff-4254-bf6e-67e7bcfc9e39:192.168.69.91:37505, cb510fb7-fc87-4880-9dcd-5d4a84db871b:192.168.69.91:33685] with ContainerStateMachine:uninitialized
2019-11-01 01:26:04,139 [pool-37-thread-1] INFO  server.RaftServerConfigKeys (ConfUtils.java:logGet(43)) - raft.server.rpc.timeout.min = 5s (custom)
2019-11-01 01:26:04,139 [pool-67-thread-1] INFO  server.RaftServerConfigKeys (ConfUtils.java:logGet(43)) - raft.server.log.corruption.policy = EXCEPTION (default)
2019-11-01 01:26:04,139 [pool-37-thread-1] INFO  server.RaftServerConfigKeys (ConfUtils.java:logGet(43)) - raft.server.rpc.timeout.max = 5200ms (custom)
2019-11-01 01:26:04,140 [pool-67-thread-1] INFO  storage.RaftStorageDirectory (RaftStorageDirectory.java:analyzeStorage(246)) - The storage directory /workdir/hadoop-ozone/tools/target/test-dir/MiniOzoneClusterImpl-17d7739a-f662-4c88-9e51-3c637963011a/datanode-4/data/ratis/9cfb4a4d-8fe6-4290-aa04-920d79ed139c does not exist. Creating ...
2019-11-01 01:26:04,140 [pool-37-thread-1] INFO  server.RaftServerConfigKeys (ConfUtils.java:logGet(43)) - raft.server.rpcslowness.timeout = 120s (custom)
2019-11-01 01:26:04,140 [pool-37-thread-1] INFO  server.RaftServerConfigKeys (ConfUtils.java:logGet(43)) - raft.server.sleep.deviation.threshold = 300 (default)
2019-11-01 01:26:04,140 [pool-37-thread-1] INFO  server.RaftServerConfigKeys (ConfUtils.java:logGet(43)) - raft.server.log.appender.install.snapshot.enabled = false (custom)
2019-11-01 01:26:04,140 [pool-37-thread-1] INFO  impl.RaftServerImpl (ServerState.java:<init>(103)) - cb510fb7-fc87-4880-9dcd-5d4a84db871b@group-920D79ED139C: ConfigurationManager, init=-1: [40b7f987-8e06-4ef9-abdc-8715eb833c11:192.168.69.91:34918, 32db78ba-36ff-4254-bf6e-67e7bcfc9e39:192.168.69.91:37505, cb510fb7-fc87-4880-9dcd-5d4a84db871b:192.168.69.91:33685], old=null, confs=<EMPTY_MAP>
2019-11-01 01:26:04,140 [pool-37-thread-1] INFO  server.RaftServerConfigKeys (ConfUtils.java:logGet(43)) - raft.server.storage.dir = [/workdir/hadoop-ozone/tools/target/test-dir/MiniOzoneClusterImpl-17d7739a-f662-4c88-9e51-3c637963011a/datanode-1/data/ratis] (custom)
2019-11-01 01:26:04,140 [pool-37-thread-1] INFO  server.RaftServerConfigKeys (ConfUtils.java:logGet(43)) - raft.server.log.corruption.policy = EXCEPTION (default)
2019-11-01 01:26:04,141 [pool-37-thread-1] INFO  storage.RaftStorageDirectory (RaftStorageDirectory.java:analyzeStorage(246)) - The storage directory /workdir/hadoop-ozone/tools/target/test-dir/MiniOzoneClusterImpl-17d7739a-f662-4c88-9e51-3c637963011a/datanode-1/data/ratis/9cfb4a4d-8fe6-4290-aa04-920d79ed139c does not exist. Creating ...
2019-11-01 01:26:04,155 [pool-37-thread-1] INFO  storage.RaftStorageDirectory (RaftStorageDirectory.java:tryLock(328)) - Lock on /workdir/hadoop-ozone/tools/target/test-dir/MiniOzoneClusterImpl-17d7739a-f662-4c88-9e51-3c637963011a/datanode-1/data/ratis/9cfb4a4d-8fe6-4290-aa04-920d79ed139c/in_use.lock acquired by nodename 4689@pr-hdds-2364-master-qchwk-3441104375
2019-11-01 01:26:04,155 [pool-27-thread-1] INFO  storage.RaftStorageDirectory (RaftStorageDirectory.java:tryLock(328)) - Lock on /workdir/hadoop-ozone/tools/target/test-dir/MiniOzoneClusterImpl-17d7739a-f662-4c88-9e51-3c637963011a/datanode-0/data/ratis/28516bc7-86e1-40eb-b184-463abb98f6a5/in_use.lock acquired by nodename 4689@pr-hdds-2364-master-qchwk-3441104375
2019-11-01 01:26:04,155 [pool-67-thread-1] INFO  storage.RaftStorageDirectory (RaftStorageDirectory.java:tryLock(328)) - Lock on /workdir/hadoop-ozone/tools/target/test-dir/MiniOzoneClusterImpl-17d7739a-f662-4c88-9e51-3c637963011a/datanode-4/data/ratis/9cfb4a4d-8fe6-4290-aa04-920d79ed139c/in_use.lock acquired by nodename 4689@pr-hdds-2364-master-qchwk-3441104375
2019-11-01 01:26:04,195 [pool-27-thread-1] INFO  storage.RaftStorage (RaftStorage.java:format(84)) - Storage directory /workdir/hadoop-ozone/tools/target/test-dir/MiniOzoneClusterImpl-17d7739a-f662-4c88-9e51-3c637963011a/datanode-0/data/ratis/28516bc7-86e1-40eb-b184-463abb98f6a5 has been successfully formatted.
2019-11-01 01:26:04,195 [pool-37-thread-1] INFO  storage.RaftStorage (RaftStorage.java:format(84)) - Storage directory /workdir/hadoop-ozone/tools/target/test-dir/MiniOzoneClusterImpl-17d7739a-f662-4c88-9e51-3c637963011a/datanode-1/data/ratis/9cfb4a4d-8fe6-4290-aa04-920d79ed139c has been successfully formatted.
2019-11-01 01:26:04,196 [pool-27-thread-1] INFO  ratis.ContainerStateMachine (ContainerStateMachine.java:loadSnapshot(231)) - group-463ABB98F6A5: The snapshot info is null. Setting the last applied indexto:(t:0, i:~)
2019-11-01 01:26:04,195 [pool-67-thread-1] INFO  storage.RaftStorage (RaftStorage.java:format(84)) - Storage directory /workdir/hadoop-ozone/tools/target/test-dir/MiniOzoneClusterImpl-17d7739a-f662-4c88-9e51-3c637963011a/datanode-4/data/ratis/9cfb4a4d-8fe6-4290-aa04-920d79ed139c has been successfully formatted.
2019-11-01 01:26:04,196 [pool-37-thread-1] INFO  ratis.ContainerStateMachine (ContainerStateMachine.java:loadSnapshot(231)) - group-920D79ED139C: The snapshot info is null. Setting the last applied indexto:(t:0, i:~)
2019-11-01 01:26:04,196 [pool-67-thread-1] INFO  ratis.ContainerStateMachine (ContainerStateMachine.java:loadSnapshot(231)) - group-920D79ED139C: The snapshot info is null. Setting the last applied indexto:(t:0, i:~)
2019-11-01 01:26:04,196 [pool-37-thread-1] INFO  server.RaftServerConfigKeys (ConfUtils.java:logGet(43)) - raft.server.notification.no-leader.timeout = 120s (custom)
2019-11-01 01:26:04,196 [pool-27-thread-1] INFO  server.RaftServerConfigKeys (ConfUtils.java:logGet(43)) - raft.server.notification.no-leader.timeout = 120s (custom)
2019-11-01 01:26:04,196 [pool-37-thread-1] INFO  server.RaftServerConfigKeys (ConfUtils.java:logGet(43)) - raft.server.log.use.memory = false (default)
2019-11-01 01:26:04,196 [pool-67-thread-1] INFO  server.RaftServerConfigKeys (ConfUtils.java:logGet(43)) - raft.server.notification.no-leader.timeout = 120s (custom)
2019-11-01 01:26:04,197 [pool-37-thread-1] INFO  server.RaftServerConfigKeys (ConfUtils.java:logGet(43)) - raft.server.log.purge.gap = 1000000 (custom)
2019-11-01 01:26:04,196 [pool-27-thread-1] INFO  server.RaftServerConfigKeys (ConfUtils.java:logGet(43)) - raft.server.log.use.memory = false (default)
2019-11-01 01:26:04,197 [pool-37-thread-1] INFO  server.RaftServerConfigKeys (ConfUtils.java:logGet(43)) - raft.server.log.appender.buffer.byte-limit = 33554432 (custom)
2019-11-01 01:26:04,197 [pool-67-thread-1] INFO  server.RaftServerConfigKeys (ConfUtils.java:logGet(43)) - raft.server.log.use.memory = false (default)
2019-11-01 01:26:04,197 [pool-37-thread-1] INFO  server.RaftServerConfigKeys (ConfUtils.java:logGet(43)) - raft.server.log.segment.size.max = 1048576 (custom)
2019-11-01 01:26:04,197 [pool-27-thread-1] INFO  server.RaftServerConfigKeys (ConfUtils.java:logGet(43)) - raft.server.log.purge.gap = 1000000 (custom)
2019-11-01 01:26:04,197 [pool-67-thread-1] INFO  server.RaftServerConfigKeys (ConfUtils.java:logGet(43)) - raft.server.log.purge.gap = 1000000 (custom)
2019-11-01 01:26:04,197 [pool-37-thread-1] INFO  server.RaftServerConfigKeys (ConfUtils.java:logGet(43)) - raft.server.log.segment.cache.num.max = 2 (custom)
2019-11-01 01:26:04,197 [pool-27-thread-1] INFO  server.RaftServerConfigKeys (ConfUtils.java:logGet(43)) - raft.server.log.appender.buffer.byte-limit = 33554432 (custom)
2019-11-01 01:26:04,198 [pool-37-thread-1] INFO  segmented.SegmentedRaftLogWorker (SegmentedRaftLogWorker.java:<init>(173)) - new cb510fb7-fc87-4880-9dcd-5d4a84db871b@group-920D79ED139C-SegmentedRaftLogWorker for RaftStorage:Storage Directory /workdir/hadoop-ozone/tools/target/test-dir/MiniOzoneClusterImpl-17d7739a-f662-4c88-9e51-3c637963011a/datanode-1/data/ratis/9cfb4a4d-8fe6-4290-aa04-920d79ed139c
2019-11-01 01:26:04,198 [pool-67-thread-1] INFO  server.RaftServerConfigKeys (ConfUtils.java:logGet(43)) - raft.server.log.appender.buffer.byte-limit = 33554432 (custom)
2019-11-01 01:26:04,198 [pool-37-thread-1] INFO  server.RaftServerConfigKeys (ConfUtils.java:logGet(43)) - raft.server.log.queue.byte-limit = 2147483647 (custom)
2019-11-01 01:26:04,198 [pool-27-thread-1] INFO  server.RaftServerConfigKeys (ConfUtils.java:logGet(43)) - raft.server.log.segment.size.max = 1048576 (custom)
2019-11-01 01:26:04,198 [pool-37-thread-1] INFO  server.RaftServerConfigKeys (ConfUtils.java:logGet(43)) - raft.server.log.queue.element-limit = 1024 (custom)
2019-11-01 01:26:04,198 [pool-67-thread-1] INFO  server.RaftServerConfigKeys (ConfUtils.java:logGet(43)) - raft.server.log.segment.size.max = 1048576 (custom)
2019-11-01 01:26:04,198 [pool-37-thread-1] INFO  server.RaftServerConfigKeys (ConfUtils.java:logGet(43)) - raft.server.log.segment.size.max = 1048576 (custom)
2019-11-01 01:26:04,198 [pool-27-thread-1] INFO  server.RaftServerConfigKeys (ConfUtils.java:logGet(43)) - raft.server.log.segment.cache.num.max = 2 (custom)
2019-11-01 01:26:04,198 [pool-37-thread-1] INFO  server.RaftServerConfigKeys (ConfUtils.java:logGet(43)) - raft.server.log.preallocated.size = 16384 (custom)
2019-11-01 01:26:04,198 [pool-67-thread-1] INFO  server.RaftServerConfigKeys (ConfUtils.java:logGet(43)) - raft.server.log.segment.cache.num.max = 2 (custom)
2019-11-01 01:26:04,199 [pool-37-thread-1] INFO  server.RaftServerConfigKeys (ConfUtils.java:logGet(43)) - raft.server.log.write.buffer.size = 33554432 (custom)
2019-11-01 01:26:04,199 [pool-27-thread-1] INFO  segmented.SegmentedRaftLogWorker (SegmentedRaftLogWorker.java:<init>(173)) - new 40b7f987-8e06-4ef9-abdc-8715eb833c11@group-463ABB98F6A5-SegmentedRaftLogWorker for RaftStorage:Storage Directory /workdir/hadoop-ozone/tools/target/test-dir/MiniOzoneClusterImpl-17d7739a-f662-4c88-9e51-3c637963011a/datanode-0/data/ratis/28516bc7-86e1-40eb-b184-463abb98f6a5
2019-11-01 01:26:04,199 [pool-37-thread-1] INFO  server.RaftServerConfigKeys (ConfUtils.java:logGet(43)) - raft.server.log.force.sync.num = 128 (default)
2019-11-01 01:26:04,199 [pool-67-thread-1] INFO  segmented.SegmentedRaftLogWorker (SegmentedRaftLogWorker.java:<init>(173)) - new 32db78ba-36ff-4254-bf6e-67e7bcfc9e39@group-920D79ED139C-SegmentedRaftLogWorker for RaftStorage:Storage Directory /workdir/hadoop-ozone/tools/target/test-dir/MiniOzoneClusterImpl-17d7739a-f662-4c88-9e51-3c637963011a/datanode-4/data/ratis/9cfb4a4d-8fe6-4290-aa04-920d79ed139c
2019-11-01 01:26:04,199 [pool-37-thread-1] INFO  server.RaftServerConfigKeys (ConfUtils.java:logGet(43)) - raft.server.log.statemachine.data.sync = true (default)
2019-11-01 01:26:04,199 [pool-27-thread-1] INFO  server.RaftServerConfigKeys (ConfUtils.java:logGet(43)) - raft.server.log.queue.byte-limit = 2147483647 (custom)
2019-11-01 01:26:04,199 [pool-37-thread-1] INFO  server.RaftServerConfigKeys (ConfUtils.java:logGet(43)) - raft.server.log.statemachine.data.sync.timeout = 10s (default)
2019-11-01 01:26:04,199 [pool-67-thread-1] INFO  server.RaftServerConfigKeys (ConfUtils.java:logGet(43)) - raft.server.log.queue.byte-limit = 2147483647 (custom)
2019-11-01 01:26:04,200 [pool-37-thread-1] INFO  server.RaftServerConfigKeys (ConfUtils.java:logGet(43)) - raft.server.log.statemachine.data.sync.timeout.retry = -1 (default)
2019-11-01 01:26:04,199 [pool-27-thread-1] INFO  server.RaftServerConfigKeys (ConfUtils.java:logGet(43)) - raft.server.log.queue.element-limit = 1024 (custom)
2019-11-01 01:26:04,200 [pool-67-thread-1] INFO  server.RaftServerConfigKeys (ConfUtils.java:logGet(43)) - raft.server.log.queue.element-limit = 1024 (custom)
2019-11-01 01:26:04,200 [pool-37-thread-1] INFO  server.RaftServerConfigKeys (ConfUtils.java:logGet(43)) - raft.server.log.statemachine.data.caching.enabled = true (custom)
2019-11-01 01:26:04,200 [pool-27-thread-1] INFO  server.RaftServerConfigKeys (ConfUtils.java:logGet(43)) - raft.server.log.segment.size.max = 1048576 (custom)
2019-11-01 01:26:04,200 [pool-67-thread-1] INFO  server.RaftServerConfigKeys (ConfUtils.java:logGet(43)) - raft.server.log.segment.size.max = 1048576 (custom)
2019-11-01 01:26:04,200 [pool-27-thread-1] INFO  server.RaftServerConfigKeys (ConfUtils.java:logGet(43)) - raft.server.log.preallocated.size = 16384 (custom)
2019-11-01 01:26:04,200 [pool-67-thread-1] INFO  server.RaftServerConfigKeys (ConfUtils.java:logGet(43)) - raft.server.log.preallocated.size = 16384 (custom)
2019-11-01 01:26:04,200 [pool-37-thread-1] INFO  segmented.SegmentedRaftLogWorker (SegmentedRaftLogWorker.java:lambda$new$0(128)) - cb510fb7-fc87-4880-9dcd-5d4a84db871b@group-920D79ED139C-SegmentedRaftLogWorker: flushIndex: setUnconditionally 0 -> -1
2019-11-01 01:26:04,201 [pool-67-thread-1] INFO  server.RaftServerConfigKeys (ConfUtils.java:logGet(43)) - raft.server.log.write.buffer.size = 33554432 (custom)
2019-11-01 01:26:04,200 [pool-27-thread-1] INFO  server.RaftServerConfigKeys (ConfUtils.java:logGet(43)) - raft.server.log.write.buffer.size = 33554432 (custom)
2019-11-01 01:26:04,201 [pool-67-thread-1] INFO  server.RaftServerConfigKeys (ConfUtils.java:logGet(43)) - raft.server.log.force.sync.num = 128 (default)
2019-11-01 01:26:04,201 [pool-27-thread-1] INFO  server.RaftServerConfigKeys (ConfUtils.java:logGet(43)) - raft.server.log.force.sync.num = 128 (default)
2019-11-01 01:26:04,201 [pool-37-thread-1] INFO  server.RaftServerConfigKeys (ConfUtils.java:logGet(43)) - raft.server.snapshot.auto.trigger.enabled = true (custom)
2019-11-01 01:26:04,201 [pool-27-thread-1] INFO  server.RaftServerConfigKeys (ConfUtils.java:logGet(43)) - raft.server.log.statemachine.data.sync = true (default)
2019-11-01 01:26:04,201 [pool-67-thread-1] INFO  server.RaftServerConfigKeys (ConfUtils.java:logGet(43)) - raft.server.log.statemachine.data.sync = true (default)
2019-11-01 01:26:04,201 [pool-27-thread-1] INFO  server.RaftServerConfigKeys (ConfUtils.java:logGet(43)) - raft.server.log.statemachine.data.sync.timeout = 10s (default)
2019-11-01 01:26:04,201 [pool-37-thread-1] INFO  server.RaftServerConfigKeys (ConfUtils.java:logGet(43)) - raft.server.snapshot.auto.trigger.threshold = 10000 (custom)
2019-11-01 01:26:04,202 [pool-27-thread-1] INFO  server.RaftServerConfigKeys (ConfUtils.java:logGet(43)) - raft.server.log.statemachine.data.sync.timeout.retry = -1 (default)
2019-11-01 01:26:04,201 [pool-67-thread-1] INFO  server.RaftServerConfigKeys (ConfUtils.java:logGet(43)) - raft.server.log.statemachine.data.sync.timeout = 10s (default)
2019-11-01 01:26:04,202 [pool-37-thread-1] INFO  server.RaftServerConfigKeys (ConfUtils.java:logGet(43)) - raft.server.snapshot.retention.file.num = 5 (custom)
2019-11-01 01:26:04,202 [pool-67-thread-1] INFO  server.RaftServerConfigKeys (ConfUtils.java:logGet(43)) - raft.server.log.statemachine.data.sync.timeout.retry = -1 (default)
2019-11-01 01:26:04,202 [pool-27-thread-1] INFO  server.RaftServerConfigKeys (ConfUtils.java:logGet(43)) - raft.server.log.statemachine.data.caching.enabled = true (custom)
2019-11-01 01:26:04,202 [pool-67-thread-1] INFO  server.RaftServerConfigKeys (ConfUtils.java:logGet(43)) - raft.server.log.statemachine.data.caching.enabled = true (custom)
2019-11-01 01:26:04,202 [pool-37-thread-1] INFO  server.RaftServerConfigKeys (ConfUtils.java:logGet(43)) - raft.server.retrycache.expirytime = 600000ms (custom)
2019-11-01 01:26:04,202 [pool-27-thread-1] INFO  segmented.SegmentedRaftLogWorker (SegmentedRaftLogWorker.java:lambda$new$0(128)) - 40b7f987-8e06-4ef9-abdc-8715eb833c11@group-463ABB98F6A5-SegmentedRaftLogWorker: flushIndex: setUnconditionally 0 -> -1
2019-11-01 01:26:04,203 [pool-37-thread-1] WARN  impl.MetricRegistriesImpl (MetricRegistriesImpl.java:lambda$create$1(61)) - First MetricRegistry has been created without registering reporters. You may need to call MetricRegistries.global().addReportRegistration(...) before.
2019-11-01 01:26:04,203 [pool-67-thread-1] INFO  segmented.SegmentedRaftLogWorker (SegmentedRaftLogWorker.java:lambda$new$0(128)) - 32db78ba-36ff-4254-bf6e-67e7bcfc9e39@group-920D79ED139C-SegmentedRaftLogWorker: flushIndex: setUnconditionally 0 -> -1
2019-11-01 01:26:04,203 [pool-37-thread-1] WARN  impl.MetricRegistriesImpl (MetricRegistriesImpl.java:lambda$create$1(61)) - First MetricRegistry has been created without registering reporters. You may need to call MetricRegistries.global().addReportRegistration(...) before.
2019-11-01 01:26:04,203 [pool-27-thread-1] INFO  server.RaftServerConfigKeys (ConfUtils.java:logGet(43)) - raft.server.snapshot.auto.trigger.enabled = true (custom)
2019-11-01 01:26:04,203 [pool-67-thread-1] INFO  server.RaftServerConfigKeys (ConfUtils.java:logGet(43)) - raft.server.snapshot.auto.trigger.enabled = true (custom)
2019-11-01 01:26:04,203 [pool-27-thread-1] INFO  server.RaftServerConfigKeys (ConfUtils.java:logGet(43)) - raft.server.snapshot.auto.trigger.threshold = 10000 (custom)
2019-11-01 01:26:04,203 [pool-67-thread-1] INFO  server.RaftServerConfigKeys (ConfUtils.java:logGet(43)) - raft.server.snapshot.auto.trigger.threshold = 10000 (custom)
2019-11-01 01:26:04,203 [pool-27-thread-1] INFO  server.RaftServerConfigKeys (ConfUtils.java:logGet(43)) - raft.server.snapshot.retention.file.num = 5 (custom)
2019-11-01 01:26:04,204 [pool-67-thread-1] INFO  server.RaftServerConfigKeys (ConfUtils.java:logGet(43)) - raft.server.snapshot.retention.file.num = 5 (custom)
2019-11-01 01:26:04,204 [pool-27-thread-1] INFO  server.RaftServerConfigKeys (ConfUtils.java:logGet(43)) - raft.server.retrycache.expirytime = 600000ms (custom)
2019-11-01 01:26:04,204 [pool-67-thread-1] INFO  server.RaftServerConfigKeys (ConfUtils.java:logGet(43)) - raft.server.retrycache.expirytime = 600000ms (custom)
2019-11-01 01:26:04,204 [pool-27-thread-1] WARN  impl.MetricRegistriesImpl (MetricRegistriesImpl.java:lambda$create$1(61)) - First MetricRegistry has been created without registering reporters. You may need to call MetricRegistries.global().addReportRegistration(...) before.
2019-11-01 01:26:04,204 [pool-67-thread-1] WARN  impl.MetricRegistriesImpl (MetricRegistriesImpl.java:lambda$create$1(61)) - First MetricRegistry has been created without registering reporters. You may need to call MetricRegistries.global().addReportRegistration(...) before.
2019-11-01 01:26:04,204 [pool-27-thread-1] WARN  impl.MetricRegistriesImpl (MetricRegistriesImpl.java:lambda$create$1(61)) - First MetricRegistry has been created without registering reporters. You may need to call MetricRegistries.global().addReportRegistration(...) before.
2019-11-01 01:26:04,205 [pool-67-thread-1] WARN  impl.MetricRegistriesImpl (MetricRegistriesImpl.java:lambda$create$1(61)) - First MetricRegistry has been created without registering reporters. You may need to call MetricRegistries.global().addReportRegistration(...) before.
2019-11-01 01:26:04,206 [pool-37-thread-1] INFO  impl.RaftServerImpl (RaftServerImpl.java:<init>(98)) - cb510fb7-fc87-4880-9dcd-5d4a84db871b: new RaftServerImpl for group-56BF66CFB646:[40b7f987-8e06-4ef9-abdc-8715eb833c11:192.168.69.91:34918, 32db78ba-36ff-4254-bf6e-67e7bcfc9e39:192.168.69.91:37505, cb510fb7-fc87-4880-9dcd-5d4a84db871b:192.168.69.91:33685] with ContainerStateMachine:uninitialized
2019-11-01 01:26:04,206 [pool-37-thread-1] INFO  server.RaftServerConfigKeys (ConfUtils.java:logGet(43)) - raft.server.rpc.timeout.min = 5s (custom)
2019-11-01 01:26:04,206 [pool-37-thread-1] INFO  server.RaftServerConfigKeys (ConfUtils.java:logGet(43)) - raft.server.rpc.timeout.max = 5200ms (custom)
2019-11-01 01:26:04,206 [pool-37-thread-1] INFO  server.RaftServerConfigKeys (ConfUtils.java:logGet(43)) - raft.server.rpcslowness.timeout = 120s (custom)
2019-11-01 01:26:04,207 [pool-37-thread-1] INFO  server.RaftServerConfigKeys (ConfUtils.java:logGet(43)) - raft.server.sleep.deviation.threshold = 300 (default)
2019-11-01 01:26:04,207 [pool-37-thread-1] INFO  server.RaftServerConfigKeys (ConfUtils.java:logGet(43)) - raft.server.log.appender.install.snapshot.enabled = false (custom)
2019-11-01 01:26:04,207 [pool-37-thread-1] INFO  impl.RaftServerImpl (ServerState.java:<init>(103)) - cb510fb7-fc87-4880-9dcd-5d4a84db871b@group-56BF66CFB646: ConfigurationManager, init=-1: [40b7f987-8e06-4ef9-abdc-8715eb833c11:192.168.69.91:34918, 32db78ba-36ff-4254-bf6e-67e7bcfc9e39:192.168.69.91:37505, cb510fb7-fc87-4880-9dcd-5d4a84db871b:192.168.69.91:33685], old=null, confs=<EMPTY_MAP>
2019-11-01 01:26:04,207 [pool-37-thread-1] INFO  server.RaftServerConfigKeys (ConfUtils.java:logGet(43)) - raft.server.storage.dir = [/workdir/hadoop-ozone/tools/target/test-dir/MiniOzoneClusterImpl-17d7739a-f662-4c88-9e51-3c637963011a/datanode-1/data/ratis] (custom)
2019-11-01 01:26:04,207 [pool-67-thread-1] INFO  impl.RaftServerImpl (RaftServerImpl.java:<init>(98)) - 32db78ba-36ff-4254-bf6e-67e7bcfc9e39: new RaftServerImpl for group-56BF66CFB646:[40b7f987-8e06-4ef9-abdc-8715eb833c11:192.168.69.91:34918, 32db78ba-36ff-4254-bf6e-67e7bcfc9e39:192.168.69.91:37505, cb510fb7-fc87-4880-9dcd-5d4a84db871b:192.168.69.91:33685] with ContainerStateMachine:uninitialized
2019-11-01 01:26:04,207 [pool-37-thread-1] INFO  server.RaftServerConfigKeys (ConfUtils.java:logGet(43)) - raft.server.log.corruption.policy = EXCEPTION (default)
2019-11-01 01:26:04,207 [pool-67-thread-1] INFO  server.RaftServerConfigKeys (ConfUtils.java:logGet(43)) - raft.server.rpc.timeout.min = 5s (custom)
2019-11-01 01:26:04,208 [pool-37-thread-1] INFO  storage.RaftStorageDirectory (RaftStorageDirectory.java:analyzeStorage(246)) - The storage directory /workdir/hadoop-ozone/tools/target/test-dir/MiniOzoneClusterImpl-17d7739a-f662-4c88-9e51-3c637963011a/datanode-1/data/ratis/965d01e1-f7df-45cf-9e74-56bf66cfb646 does not exist. Creating ...
2019-11-01 01:26:04,208 [pool-67-thread-1] INFO  server.RaftServerConfigKeys (ConfUtils.java:logGet(43)) - raft.server.rpc.timeout.max = 5200ms (custom)
2019-11-01 01:26:04,208 [pool-67-thread-1] INFO  server.RaftServerConfigKeys (ConfUtils.java:logGet(43)) - raft.server.rpcslowness.timeout = 120s (custom)
2019-11-01 01:26:04,208 [pool-67-thread-1] INFO  server.RaftServerConfigKeys (ConfUtils.java:logGet(43)) - raft.server.sleep.deviation.threshold = 300 (default)
2019-11-01 01:26:04,209 [pool-27-thread-1] INFO  impl.RaftServerImpl (RaftServerImpl.java:<init>(98)) - 40b7f987-8e06-4ef9-abdc-8715eb833c11: new RaftServerImpl for group-920D79ED139C:[40b7f987-8e06-4ef9-abdc-8715eb833c11:192.168.69.91:34918, 32db78ba-36ff-4254-bf6e-67e7bcfc9e39:192.168.69.91:37505, cb510fb7-fc87-4880-9dcd-5d4a84db871b:192.168.69.91:33685] with ContainerStateMachine:uninitialized
2019-11-01 01:26:04,209 [pool-67-thread-1] INFO  server.RaftServerConfigKeys (ConfUtils.java:logGet(43)) - raft.server.log.appender.install.snapshot.enabled = false (custom)
2019-11-01 01:26:04,209 [pool-27-thread-1] INFO  server.RaftServerConfigKeys (ConfUtils.java:logGet(43)) - raft.server.rpc.timeout.min = 5s (custom)
2019-11-01 01:26:04,209 [pool-67-thread-1] INFO  impl.RaftServerImpl (ServerState.java:<init>(103)) - 32db78ba-36ff-4254-bf6e-67e7bcfc9e39@group-56BF66CFB646: ConfigurationManager, init=-1: [40b7f987-8e06-4ef9-abdc-8715eb833c11:192.168.69.91:34918, 32db78ba-36ff-4254-bf6e-67e7bcfc9e39:192.168.69.91:37505, cb510fb7-fc87-4880-9dcd-5d4a84db871b:192.168.69.91:33685], old=null, confs=<EMPTY_MAP>
2019-11-01 01:26:04,209 [pool-27-thread-1] INFO  server.RaftServerConfigKeys (ConfUtils.java:logGet(43)) - raft.server.rpc.timeout.max = 5200ms (custom)
2019-11-01 01:26:04,209 [pool-67-thread-1] INFO  server.RaftServerConfigKeys (ConfUtils.java:logGet(43)) - raft.server.storage.dir = [/workdir/hadoop-ozone/tools/target/test-dir/MiniOzoneClusterImpl-17d7739a-f662-4c88-9e51-3c637963011a/datanode-4/data/ratis] (custom)
2019-11-01 01:26:04,209 [pool-27-thread-1] INFO  server.RaftServerConfigKeys (ConfUtils.java:logGet(43)) - raft.server.rpcslowness.timeout = 120s (custom)
2019-11-01 01:26:04,210 [pool-67-thread-1] INFO  server.RaftServerConfigKeys (ConfUtils.java:logGet(43)) - raft.server.log.corruption.policy = EXCEPTION (default)
2019-11-01 01:26:04,210 [pool-27-thread-1] INFO  server.RaftServerConfigKeys (ConfUtils.java:logGet(43)) - raft.server.sleep.deviation.threshold = 300 (default)
2019-11-01 01:26:04,210 [pool-67-thread-1] INFO  storage.RaftStorageDirectory (RaftStorageDirectory.java:analyzeStorage(246)) - The storage directory /workdir/hadoop-ozone/tools/target/test-dir/MiniOzoneClusterImpl-17d7739a-f662-4c88-9e51-3c637963011a/datanode-4/data/ratis/965d01e1-f7df-45cf-9e74-56bf66cfb646 does not exist. Creating ...
2019-11-01 01:26:04,210 [pool-27-thread-1] INFO  server.RaftServerConfigKeys (ConfUtils.java:logGet(43)) - raft.server.log.appender.install.snapshot.enabled = false (custom)
2019-11-01 01:26:04,211 [pool-27-thread-1] INFO  impl.RaftServerImpl (ServerState.java:<init>(103)) - 40b7f987-8e06-4ef9-abdc-8715eb833c11@group-920D79ED139C: ConfigurationManager, init=-1: [40b7f987-8e06-4ef9-abdc-8715eb833c11:192.168.69.91:34918, 32db78ba-36ff-4254-bf6e-67e7bcfc9e39:192.168.69.91:37505, cb510fb7-fc87-4880-9dcd-5d4a84db871b:192.168.69.91:33685], old=null, confs=<EMPTY_MAP>
2019-11-01 01:26:04,211 [pool-27-thread-1] INFO  server.RaftServerConfigKeys (ConfUtils.java:logGet(43)) - raft.server.storage.dir = [/workdir/hadoop-ozone/tools/target/test-dir/MiniOzoneClusterImpl-17d7739a-f662-4c88-9e51-3c637963011a/datanode-0/data/ratis] (custom)
2019-11-01 01:26:04,212 [pool-27-thread-1] INFO  server.RaftServerConfigKeys (ConfUtils.java:logGet(43)) - raft.server.log.corruption.policy = EXCEPTION (default)
2019-11-01 01:26:04,212 [pool-27-thread-1] INFO  storage.RaftStorageDirectory (RaftStorageDirectory.java:analyzeStorage(246)) - The storage directory /workdir/hadoop-ozone/tools/target/test-dir/MiniOzoneClusterImpl-17d7739a-f662-4c88-9e51-3c637963011a/datanode-0/data/ratis/9cfb4a4d-8fe6-4290-aa04-920d79ed139c does not exist. Creating ...
2019-11-01 01:26:04,239 [pool-27-thread-1] INFO  storage.RaftStorageDirectory (RaftStorageDirectory.java:tryLock(328)) - Lock on /workdir/hadoop-ozone/tools/target/test-dir/MiniOzoneClusterImpl-17d7739a-f662-4c88-9e51-3c637963011a/datanode-0/data/ratis/9cfb4a4d-8fe6-4290-aa04-920d79ed139c/in_use.lock acquired by nodename 4689@pr-hdds-2364-master-qchwk-3441104375
2019-11-01 01:26:04,239 [pool-37-thread-1] INFO  storage.RaftStorageDirectory (RaftStorageDirectory.java:tryLock(328)) - Lock on /workdir/hadoop-ozone/tools/target/test-dir/MiniOzoneClusterImpl-17d7739a-f662-4c88-9e51-3c637963011a/datanode-1/data/ratis/965d01e1-f7df-45cf-9e74-56bf66cfb646/in_use.lock acquired by nodename 4689@pr-hdds-2364-master-qchwk-3441104375
2019-11-01 01:26:04,239 [pool-67-thread-1] INFO  storage.RaftStorageDirectory (RaftStorageDirectory.java:tryLock(328)) - Lock on /workdir/hadoop-ozone/tools/target/test-dir/MiniOzoneClusterImpl-17d7739a-f662-4c88-9e51-3c637963011a/datanode-4/data/ratis/965d01e1-f7df-45cf-9e74-56bf66cfb646/in_use.lock acquired by nodename 4689@pr-hdds-2364-master-qchwk-3441104375
2019-11-01 01:26:04,256 [pool-37-thread-1] INFO  storage.RaftStorage (RaftStorage.java:format(84)) - Storage directory /workdir/hadoop-ozone/tools/target/test-dir/MiniOzoneClusterImpl-17d7739a-f662-4c88-9e51-3c637963011a/datanode-1/data/ratis/965d01e1-f7df-45cf-9e74-56bf66cfb646 has been successfully formatted.
2019-11-01 01:26:04,256 [pool-67-thread-1] INFO  storage.RaftStorage (RaftStorage.java:format(84)) - Storage directory /workdir/hadoop-ozone/tools/target/test-dir/MiniOzoneClusterImpl-17d7739a-f662-4c88-9e51-3c637963011a/datanode-4/data/ratis/965d01e1-f7df-45cf-9e74-56bf66cfb646 has been successfully formatted.
2019-11-01 01:26:04,256 [pool-27-thread-1] INFO  storage.RaftStorage (RaftStorage.java:format(84)) - Storage directory /workdir/hadoop-ozone/tools/target/test-dir/MiniOzoneClusterImpl-17d7739a-f662-4c88-9e51-3c637963011a/datanode-0/data/ratis/9cfb4a4d-8fe6-4290-aa04-920d79ed139c has been successfully formatted.
2019-11-01 01:26:04,256 [pool-37-thread-1] INFO  ratis.ContainerStateMachine (ContainerStateMachine.java:loadSnapshot(231)) - group-56BF66CFB646: The snapshot info is null. Setting the last applied indexto:(t:0, i:~)
2019-11-01 01:26:04,257 [pool-67-thread-1] INFO  ratis.ContainerStateMachine (ContainerStateMachine.java:loadSnapshot(231)) - group-56BF66CFB646: The snapshot info is null. Setting the last applied indexto:(t:0, i:~)
2019-11-01 01:26:04,257 [pool-37-thread-1] INFO  server.RaftServerConfigKeys (ConfUtils.java:logGet(43)) - raft.server.notification.no-leader.timeout = 120s (custom)
2019-11-01 01:26:04,257 [pool-27-thread-1] INFO  ratis.ContainerStateMachine (ContainerStateMachine.java:loadSnapshot(231)) - group-920D79ED139C: The snapshot info is null. Setting the last applied indexto:(t:0, i:~)
2019-11-01 01:26:04,257 [pool-37-thread-1] INFO  server.RaftServerConfigKeys (ConfUtils.java:logGet(43)) - raft.server.log.use.memory = false (default)
2019-11-01 01:26:04,257 [pool-67-thread-1] INFO  server.RaftServerConfigKeys (ConfUtils.java:logGet(43)) - raft.server.notification.no-leader.timeout = 120s (custom)
2019-11-01 01:26:04,257 [pool-37-thread-1] INFO  server.RaftServerConfigKeys (ConfUtils.java:logGet(43)) - raft.server.log.purge.gap = 1000000 (custom)
2019-11-01 01:26:04,257 [pool-27-thread-1] INFO  server.RaftServerConfigKeys (ConfUtils.java:logGet(43)) - raft.server.notification.no-leader.timeout = 120s (custom)
2019-11-01 01:26:04,257 [pool-37-thread-1] INFO  server.RaftServerConfigKeys (ConfUtils.java:logGet(43)) - raft.server.log.appender.buffer.byte-limit = 33554432 (custom)
2019-11-01 01:26:04,257 [pool-67-thread-1] INFO  server.RaftServerConfigKeys (ConfUtils.java:logGet(43)) - raft.server.log.use.memory = false (default)
2019-11-01 01:26:04,258 [pool-37-thread-1] INFO  server.RaftServerConfigKeys (ConfUtils.java:logGet(43)) - raft.server.log.segment.size.max = 1048576 (custom)
2019-11-01 01:26:04,257 [pool-27-thread-1] INFO  server.RaftServerConfigKeys (ConfUtils.java:logGet(43)) - raft.server.log.use.memory = false (default)
2019-11-01 01:26:04,258 [pool-37-thread-1] INFO  server.RaftServerConfigKeys (ConfUtils.java:logGet(43)) - raft.server.log.segment.cache.num.max = 2 (custom)
2019-11-01 01:26:04,258 [pool-67-thread-1] INFO  server.RaftServerConfigKeys (ConfUtils.java:logGet(43)) - raft.server.log.purge.gap = 1000000 (custom)
2019-11-01 01:26:04,258 [pool-37-thread-1] INFO  segmented.SegmentedRaftLogWorker (SegmentedRaftLogWorker.java:<init>(173)) - new cb510fb7-fc87-4880-9dcd-5d4a84db871b@group-56BF66CFB646-SegmentedRaftLogWorker for RaftStorage:Storage Directory /workdir/hadoop-ozone/tools/target/test-dir/MiniOzoneClusterImpl-17d7739a-f662-4c88-9e51-3c637963011a/datanode-1/data/ratis/965d01e1-f7df-45cf-9e74-56bf66cfb646
2019-11-01 01:26:04,258 [pool-27-thread-1] INFO  server.RaftServerConfigKeys (ConfUtils.java:logGet(43)) - raft.server.log.purge.gap = 1000000 (custom)
2019-11-01 01:26:04,258 [pool-37-thread-1] INFO  server.RaftServerConfigKeys (ConfUtils.java:logGet(43)) - raft.server.log.queue.byte-limit = 2147483647 (custom)
2019-11-01 01:26:04,258 [pool-67-thread-1] INFO  server.RaftServerConfigKeys (ConfUtils.java:logGet(43)) - raft.server.log.appender.buffer.byte-limit = 33554432 (custom)
2019-11-01 01:26:04,258 [pool-37-thread-1] INFO  server.RaftServerConfigKeys (ConfUtils.java:logGet(43)) - raft.server.log.queue.element-limit = 1024 (custom)
2019-11-01 01:26:04,258 [pool-27-thread-1] INFO  server.RaftServerConfigKeys (ConfUtils.java:logGet(43)) - raft.server.log.appender.buffer.byte-limit = 33554432 (custom)
2019-11-01 01:26:04,259 [pool-37-thread-1] INFO  server.RaftServerConfigKeys (ConfUtils.java:logGet(43)) - raft.server.log.segment.size.max = 1048576 (custom)
2019-11-01 01:26:04,258 [pool-67-thread-1] INFO  server.RaftServerConfigKeys (ConfUtils.java:logGet(43)) - raft.server.log.segment.size.max = 1048576 (custom)
2019-11-01 01:26:04,259 [pool-37-thread-1] INFO  server.RaftServerConfigKeys (ConfUtils.java:logGet(43)) - raft.server.log.preallocated.size = 16384 (custom)
2019-11-01 01:26:04,259 [pool-27-thread-1] INFO  server.RaftServerConfigKeys (ConfUtils.java:logGet(43)) - raft.server.log.segment.size.max = 1048576 (custom)
2019-11-01 01:26:04,259 [pool-37-thread-1] INFO  server.RaftServerConfigKeys (ConfUtils.java:logGet(43)) - raft.server.log.write.buffer.size = 33554432 (custom)
2019-11-01 01:26:04,259 [pool-67-thread-1] INFO  server.RaftServerConfigKeys (ConfUtils.java:logGet(43)) - raft.server.log.segment.cache.num.max = 2 (custom)
2019-11-01 01:26:04,259 [pool-37-thread-1] INFO  server.RaftServerConfigKeys (ConfUtils.java:logGet(43)) - raft.server.log.force.sync.num = 128 (default)
2019-11-01 01:26:04,259 [pool-27-thread-1] INFO  server.RaftServerConfigKeys (ConfUtils.java:logGet(43)) - raft.server.log.segment.cache.num.max = 2 (custom)
2019-11-01 01:26:04,259 [pool-37-thread-1] INFO  server.RaftServerConfigKeys (ConfUtils.java:logGet(43)) - raft.server.log.statemachine.data.sync = true (default)
2019-11-01 01:26:04,259 [pool-67-thread-1] INFO  segmented.SegmentedRaftLogWorker (SegmentedRaftLogWorker.java:<init>(173)) - new 32db78ba-36ff-4254-bf6e-67e7bcfc9e39@group-56BF66CFB646-SegmentedRaftLogWorker for RaftStorage:Storage Directory /workdir/hadoop-ozone/tools/target/test-dir/MiniOzoneClusterImpl-17d7739a-f662-4c88-9e51-3c637963011a/datanode-4/data/ratis/965d01e1-f7df-45cf-9e74-56bf66cfb646
2019-11-01 01:26:04,260 [pool-37-thread-1] INFO  server.RaftServerConfigKeys (ConfUtils.java:logGet(43)) - raft.server.log.statemachine.data.sync.timeout = 10s (default)
2019-11-01 01:26:04,259 [pool-27-thread-1] INFO  segmented.SegmentedRaftLogWorker (SegmentedRaftLogWorker.java:<init>(173)) - new 40b7f987-8e06-4ef9-abdc-8715eb833c11@group-920D79ED139C-SegmentedRaftLogWorker for RaftStorage:Storage Directory /workdir/hadoop-ozone/tools/target/test-dir/MiniOzoneClusterImpl-17d7739a-f662-4c88-9e51-3c637963011a/datanode-0/data/ratis/9cfb4a4d-8fe6-4290-aa04-920d79ed139c
2019-11-01 01:26:04,260 [pool-37-thread-1] INFO  server.RaftServerConfigKeys (ConfUtils.java:logGet(43)) - raft.server.log.statemachine.data.sync.timeout.retry = -1 (default)
2019-11-01 01:26:04,260 [pool-67-thread-1] INFO  server.RaftServerConfigKeys (ConfUtils.java:logGet(43)) - raft.server.log.queue.byte-limit = 2147483647 (custom)
2019-11-01 01:26:04,260 [pool-27-thread-1] INFO  server.RaftServerConfigKeys (ConfUtils.java:logGet(43)) - raft.server.log.queue.byte-limit = 2147483647 (custom)
2019-11-01 01:26:04,260 [pool-67-thread-1] INFO  server.RaftServerConfigKeys (ConfUtils.java:logGet(43)) - raft.server.log.queue.element-limit = 1024 (custom)
2019-11-01 01:26:04,260 [pool-37-thread-1] INFO  server.RaftServerConfigKeys (ConfUtils.java:logGet(43)) - raft.server.log.statemachine.data.caching.enabled = true (custom)
2019-11-01 01:26:04,260 [pool-67-thread-1] INFO  server.RaftServerConfigKeys (ConfUtils.java:logGet(43)) - raft.server.log.segment.size.max = 1048576 (custom)
2019-11-01 01:26:04,260 [pool-27-thread-1] INFO  server.RaftServerConfigKeys (ConfUtils.java:logGet(43)) - raft.server.log.queue.element-limit = 1024 (custom)
2019-11-01 01:26:04,261 [pool-37-thread-1] INFO  segmented.SegmentedRaftLogWorker (SegmentedRaftLogWorker.java:lambda$new$0(128)) - cb510fb7-fc87-4880-9dcd-5d4a84db871b@group-56BF66CFB646-SegmentedRaftLogWorker: flushIndex: setUnconditionally 0 -> -1
2019-11-01 01:26:04,261 [pool-67-thread-1] INFO  server.RaftServerConfigKeys (ConfUtils.java:logGet(43)) - raft.server.log.preallocated.size = 16384 (custom)
2019-11-01 01:26:04,261 [pool-27-thread-1] INFO  server.RaftServerConfigKeys (ConfUtils.java:logGet(43)) - raft.server.log.segment.size.max = 1048576 (custom)
2019-11-01 01:26:04,261 [pool-37-thread-1] INFO  server.RaftServerConfigKeys (ConfUtils.java:logGet(43)) - raft.server.snapshot.auto.trigger.enabled = true (custom)
2019-11-01 01:26:04,261 [pool-67-thread-1] INFO  server.RaftServerConfigKeys (ConfUtils.java:logGet(43)) - raft.server.log.write.buffer.size = 33554432 (custom)
2019-11-01 01:26:04,261 [pool-37-thread-1] INFO  server.RaftServerConfigKeys (ConfUtils.java:logGet(43)) - raft.server.snapshot.auto.trigger.threshold = 10000 (custom)
2019-11-01 01:26:04,261 [pool-27-thread-1] INFO  server.RaftServerConfigKeys (ConfUtils.java:logGet(43)) - raft.server.log.preallocated.size = 16384 (custom)
2019-11-01 01:26:04,261 [pool-37-thread-1] INFO  server.RaftServerConfigKeys (ConfUtils.java:logGet(43)) - raft.server.snapshot.retention.file.num = 5 (custom)
2019-11-01 01:26:04,261 [pool-67-thread-1] INFO  server.RaftServerConfigKeys (ConfUtils.java:logGet(43)) - raft.server.log.force.sync.num = 128 (default)
2019-11-01 01:26:04,262 [pool-37-thread-1] INFO  server.RaftServerConfigKeys (ConfUtils.java:logGet(43)) - raft.server.retrycache.expirytime = 600000ms (custom)
2019-11-01 01:26:04,262 [pool-27-thread-1] INFO  server.RaftServerConfigKeys (ConfUtils.java:logGet(43)) - raft.server.log.write.buffer.size = 33554432 (custom)
2019-11-01 01:26:04,262 [pool-37-thread-1] WARN  impl.MetricRegistriesImpl (MetricRegistriesImpl.java:lambda$create$1(61)) - First MetricRegistry has been created without registering reporters. You may need to call MetricRegistries.global().addReportRegistration(...) before.
2019-11-01 01:26:04,262 [pool-67-thread-1] INFO  server.RaftServerConfigKeys (ConfUtils.java:logGet(43)) - raft.server.log.statemachine.data.sync = true (default)
2019-11-01 01:26:04,262 [pool-37-thread-1] WARN  impl.MetricRegistriesImpl (MetricRegistriesImpl.java:lambda$create$1(61)) - First MetricRegistry has been created without registering reporters. You may need to call MetricRegistries.global().addReportRegistration(...) before.
2019-11-01 01:26:04,262 [pool-27-thread-1] INFO  server.RaftServerConfigKeys (ConfUtils.java:logGet(43)) - raft.server.log.force.sync.num = 128 (default)
2019-11-01 01:26:04,262 [pool-67-thread-1] INFO  server.RaftServerConfigKeys (ConfUtils.java:logGet(43)) - raft.server.log.statemachine.data.sync.timeout = 10s (default)
2019-11-01 01:26:04,263 [pool-27-thread-1] INFO  server.RaftServerConfigKeys (ConfUtils.java:logGet(43)) - raft.server.log.statemachine.data.sync = true (default)
2019-11-01 01:26:04,263 [pool-37-thread-1] INFO  impl.RaftServerImpl (RaftServerImpl.java:start(184)) - cb510fb7-fc87-4880-9dcd-5d4a84db871b@group-F4B7B8AA5D47: start as a follower, conf=-1: [40b7f987-8e06-4ef9-abdc-8715eb833c11:192.168.69.91:34918, 32db78ba-36ff-4254-bf6e-67e7bcfc9e39:192.168.69.91:37505, cb510fb7-fc87-4880-9dcd-5d4a84db871b:192.168.69.91:33685], old=null
2019-11-01 01:26:04,263 [pool-27-thread-1] INFO  server.RaftServerConfigKeys (ConfUtils.java:logGet(43)) - raft.server.log.statemachine.data.sync.timeout = 10s (default)
2019-11-01 01:26:04,263 [pool-67-thread-1] INFO  server.RaftServerConfigKeys (ConfUtils.java:logGet(43)) - raft.server.log.statemachine.data.sync.timeout.retry = -1 (default)
2019-11-01 01:26:04,263 [pool-27-thread-1] INFO  server.RaftServerConfigKeys (ConfUtils.java:logGet(43)) - raft.server.log.statemachine.data.sync.timeout.retry = -1 (default)
2019-11-01 01:26:04,263 [pool-37-thread-1] INFO  impl.RaftServerImpl (RaftServerImpl.java:setRole(173)) - cb510fb7-fc87-4880-9dcd-5d4a84db871b@group-F4B7B8AA5D47: changes role from      null to FOLLOWER at term 0 for startAsFollower
2019-11-01 01:26:04,263 [pool-67-thread-1] INFO  server.RaftServerConfigKeys (ConfUtils.java:logGet(43)) - raft.server.log.statemachine.data.caching.enabled = true (custom)
2019-11-01 01:26:04,264 [pool-37-thread-1] INFO  impl.RoleInfo (RoleInfo.java:updateAndGet(143)) - cb510fb7-fc87-4880-9dcd-5d4a84db871b: start FollowerState
2019-11-01 01:26:04,264 [pool-27-thread-1] INFO  server.RaftServerConfigKeys (ConfUtils.java:logGet(43)) - raft.server.log.statemachine.data.caching.enabled = true (custom)
2019-11-01 01:26:04,264 [pool-67-thread-1] INFO  segmented.SegmentedRaftLogWorker (SegmentedRaftLogWorker.java:lambda$new$0(128)) - 32db78ba-36ff-4254-bf6e-67e7bcfc9e39@group-56BF66CFB646-SegmentedRaftLogWorker: flushIndex: setUnconditionally 0 -> -1
2019-11-01 01:26:04,264 [pool-37-thread-1] INFO  util.JmxRegister (JmxRegister.java:tryRegister(44)) - Successfully registered JMX Bean with object name Ratis:service=RaftServer,group=group-F4B7B8AA5D47,id=cb510fb7-fc87-4880-9dcd-5d4a84db871b
2019-11-01 01:26:04,264 [pool-37-thread-1] WARN  impl.MetricRegistriesImpl (MetricRegistriesImpl.java:lambda$create$1(61)) - First MetricRegistry has been created without registering reporters. You may need to call MetricRegistries.global().addReportRegistration(...) before.
2019-11-01 01:26:04,264 [pool-67-thread-1] INFO  server.RaftServerConfigKeys (ConfUtils.java:logGet(43)) - raft.server.snapshot.auto.trigger.enabled = true (custom)
2019-11-01 01:26:04,264 [pool-27-thread-1] INFO  segmented.SegmentedRaftLogWorker (SegmentedRaftLogWorker.java:lambda$new$0(128)) - 40b7f987-8e06-4ef9-abdc-8715eb833c11@group-920D79ED139C-SegmentedRaftLogWorker: flushIndex: setUnconditionally 0 -> -1
2019-11-01 01:26:04,264 [pool-67-thread-1] INFO  server.RaftServerConfigKeys (ConfUtils.java:logGet(43)) - raft.server.snapshot.auto.trigger.threshold = 10000 (custom)
2019-11-01 01:26:04,265 [pool-67-thread-1] INFO  server.RaftServerConfigKeys (ConfUtils.java:logGet(43)) - raft.server.snapshot.retention.file.num = 5 (custom)
2019-11-01 01:26:04,265 [pool-27-thread-1] INFO  server.RaftServerConfigKeys (ConfUtils.java:logGet(43)) - raft.server.snapshot.auto.trigger.enabled = true (custom)
2019-11-01 01:26:04,265 [pool-67-thread-1] INFO  server.RaftServerConfigKeys (ConfUtils.java:logGet(43)) - raft.server.retrycache.expirytime = 600000ms (custom)
2019-11-01 01:26:04,265 [pool-27-thread-1] INFO  server.RaftServerConfigKeys (ConfUtils.java:logGet(43)) - raft.server.snapshot.auto.trigger.threshold = 10000 (custom)
2019-11-01 01:26:04,265 [pool-67-thread-1] WARN  impl.MetricRegistriesImpl (MetricRegistriesImpl.java:lambda$create$1(61)) - First MetricRegistry has been created without registering reporters. You may need to call MetricRegistries.global().addReportRegistration(...) before.
2019-11-01 01:26:04,265 [pool-27-thread-1] INFO  server.RaftServerConfigKeys (ConfUtils.java:logGet(43)) - raft.server.snapshot.retention.file.num = 5 (custom)
2019-11-01 01:26:04,265 [pool-67-thread-1] WARN  impl.MetricRegistriesImpl (MetricRegistriesImpl.java:lambda$create$1(61)) - First MetricRegistry has been created without registering reporters. You may need to call MetricRegistries.global().addReportRegistration(...) before.
2019-11-01 01:26:04,265 [pool-27-thread-1] INFO  server.RaftServerConfigKeys (ConfUtils.java:logGet(43)) - raft.server.retrycache.expirytime = 600000ms (custom)
2019-11-01 01:26:04,266 [pool-67-thread-1] INFO  impl.RaftServerImpl (RaftServerImpl.java:start(184)) - 32db78ba-36ff-4254-bf6e-67e7bcfc9e39@group-F4B7B8AA5D47: start as a follower, conf=-1: [40b7f987-8e06-4ef9-abdc-8715eb833c11:192.168.69.91:34918, 32db78ba-36ff-4254-bf6e-67e7bcfc9e39:192.168.69.91:37505, cb510fb7-fc87-4880-9dcd-5d4a84db871b:192.168.69.91:33685], old=null
2019-11-01 01:26:04,266 [pool-27-thread-1] WARN  impl.MetricRegistriesImpl (MetricRegistriesImpl.java:lambda$create$1(61)) - First MetricRegistry has been created without registering reporters. You may need to call MetricRegistries.global().addReportRegistration(...) before.
2019-11-01 01:26:04,266 [pool-67-thread-1] INFO  impl.RaftServerImpl (RaftServerImpl.java:setRole(173)) - 32db78ba-36ff-4254-bf6e-67e7bcfc9e39@group-F4B7B8AA5D47: changes role from      null to FOLLOWER at term 0 for startAsFollower
2019-11-01 01:26:04,266 [pool-27-thread-1] WARN  impl.MetricRegistriesImpl (MetricRegistriesImpl.java:lambda$create$1(61)) - First MetricRegistry has been created without registering reporters. You may need to call MetricRegistries.global().addReportRegistration(...) before.
2019-11-01 01:26:04,266 [pool-67-thread-1] INFO  impl.RoleInfo (RoleInfo.java:updateAndGet(143)) - 32db78ba-36ff-4254-bf6e-67e7bcfc9e39: start FollowerState
2019-11-01 01:26:04,267 [pool-67-thread-1] INFO  util.JmxRegister (JmxRegister.java:tryRegister(44)) - Successfully registered JMX Bean with object name Ratis:service=RaftServer,group=group-F4B7B8AA5D47,id=32db78ba-36ff-4254-bf6e-67e7bcfc9e39
2019-11-01 01:26:04,267 [pool-67-thread-1] WARN  impl.MetricRegistriesImpl (MetricRegistriesImpl.java:lambda$create$1(61)) - First MetricRegistry has been created without registering reporters. You may need to call MetricRegistries.global().addReportRegistration(...) before.
2019-11-01 01:26:04,267 [pool-37-thread-1] INFO  impl.RaftServerImpl (RaftServerImpl.java:<init>(98)) - cb510fb7-fc87-4880-9dcd-5d4a84db871b: new RaftServerImpl for group-B4B47FFE905F:[40b7f987-8e06-4ef9-abdc-8715eb833c11:192.168.69.91:34918, 32db78ba-36ff-4254-bf6e-67e7bcfc9e39:192.168.69.91:37505, cb510fb7-fc87-4880-9dcd-5d4a84db871b:192.168.69.91:33685] with ContainerStateMachine:uninitialized
2019-11-01 01:26:04,267 [pool-37-thread-1] INFO  server.RaftServerConfigKeys (ConfUtils.java:logGet(43)) - raft.server.rpc.timeout.min = 5s (custom)
2019-11-01 01:26:04,267 [pool-37-thread-1] INFO  server.RaftServerConfigKeys (ConfUtils.java:logGet(43)) - raft.server.rpc.timeout.max = 5200ms (custom)
2019-11-01 01:26:04,267 [pool-37-thread-1] INFO  server.RaftServerConfigKeys (ConfUtils.java:logGet(43)) - raft.server.rpcslowness.timeout = 120s (custom)
2019-11-01 01:26:04,267 [pool-37-thread-1] INFO  server.RaftServerConfigKeys (ConfUtils.java:logGet(43)) - raft.server.sleep.deviation.threshold = 300 (default)
2019-11-01 01:26:04,268 [pool-37-thread-1] INFO  server.RaftServerConfigKeys (ConfUtils.java:logGet(43)) - raft.server.log.appender.install.snapshot.enabled = false (custom)
2019-11-01 01:26:04,268 [pool-37-thread-1] INFO  impl.RaftServerImpl (ServerState.java:<init>(103)) - cb510fb7-fc87-4880-9dcd-5d4a84db871b@group-B4B47FFE905F: ConfigurationManager, init=-1: [40b7f987-8e06-4ef9-abdc-8715eb833c11:192.168.69.91:34918, 32db78ba-36ff-4254-bf6e-67e7bcfc9e39:192.168.69.91:37505, cb510fb7-fc87-4880-9dcd-5d4a84db871b:192.168.69.91:33685], old=null, confs=<EMPTY_MAP>
2019-11-01 01:26:04,268 [pool-37-thread-1] INFO  server.RaftServerConfigKeys (ConfUtils.java:logGet(43)) - raft.server.storage.dir = [/workdir/hadoop-ozone/tools/target/test-dir/MiniOzoneClusterImpl-17d7739a-f662-4c88-9e51-3c637963011a/datanode-1/data/ratis] (custom)
2019-11-01 01:26:04,268 [pool-37-thread-1] INFO  server.RaftServerConfigKeys (ConfUtils.java:logGet(43)) - raft.server.log.corruption.policy = EXCEPTION (default)
2019-11-01 01:26:04,268 [pool-27-thread-1] INFO  impl.RaftServerImpl (RaftServerImpl.java:<init>(98)) - 40b7f987-8e06-4ef9-abdc-8715eb833c11: new RaftServerImpl for group-56BF66CFB646:[40b7f987-8e06-4ef9-abdc-8715eb833c11:192.168.69.91:34918, 32db78ba-36ff-4254-bf6e-67e7bcfc9e39:192.168.69.91:37505, cb510fb7-fc87-4880-9dcd-5d4a84db871b:192.168.69.91:33685] with ContainerStateMachine:uninitialized
2019-11-01 01:26:04,268 [pool-37-thread-1] INFO  storage.RaftStorageDirectory (RaftStorageDirectory.java:analyzeStorage(246)) - The storage directory /workdir/hadoop-ozone/tools/target/test-dir/MiniOzoneClusterImpl-17d7739a-f662-4c88-9e51-3c637963011a/datanode-1/data/ratis/0087816a-c625-4d1a-8939-b4b47ffe905f does not exist. Creating ...
2019-11-01 01:26:04,268 [pool-27-thread-1] INFO  server.RaftServerConfigKeys (ConfUtils.java:logGet(43)) - raft.server.rpc.timeout.min = 5s (custom)
2019-11-01 01:26:04,269 [pool-27-thread-1] INFO  server.RaftServerConfigKeys (ConfUtils.java:logGet(43)) - raft.server.rpc.timeout.max = 5200ms (custom)
2019-11-01 01:26:04,269 [pool-27-thread-1] INFO  server.RaftServerConfigKeys (ConfUtils.java:logGet(43)) - raft.server.rpcslowness.timeout = 120s (custom)
2019-11-01 01:26:04,269 [pool-27-thread-1] INFO  server.RaftServerConfigKeys (ConfUtils.java:logGet(43)) - raft.server.sleep.deviation.threshold = 300 (default)
2019-11-01 01:26:04,269 [pool-27-thread-1] INFO  server.RaftServerConfigKeys (ConfUtils.java:logGet(43)) - raft.server.log.appender.install.snapshot.enabled = false (custom)
2019-11-01 01:26:04,269 [pool-27-thread-1] INFO  impl.RaftServerImpl (ServerState.java:<init>(103)) - 40b7f987-8e06-4ef9-abdc-8715eb833c11@group-56BF66CFB646: ConfigurationManager, init=-1: [40b7f987-8e06-4ef9-abdc-8715eb833c11:192.168.69.91:34918, 32db78ba-36ff-4254-bf6e-67e7bcfc9e39:192.168.69.91:37505, cb510fb7-fc87-4880-9dcd-5d4a84db871b:192.168.69.91:33685], old=null, confs=<EMPTY_MAP>
2019-11-01 01:26:04,269 [pool-67-thread-1] INFO  impl.RaftServerImpl (RaftServerImpl.java:<init>(98)) - 32db78ba-36ff-4254-bf6e-67e7bcfc9e39: new RaftServerImpl for group-B4B47FFE905F:[40b7f987-8e06-4ef9-abdc-8715eb833c11:192.168.69.91:34918, 32db78ba-36ff-4254-bf6e-67e7bcfc9e39:192.168.69.91:37505, cb510fb7-fc87-4880-9dcd-5d4a84db871b:192.168.69.91:33685] with ContainerStateMachine:uninitialized
2019-11-01 01:26:04,269 [pool-27-thread-1] INFO  server.RaftServerConfigKeys (ConfUtils.java:logGet(43)) - raft.server.storage.dir = [/workdir/hadoop-ozone/tools/target/test-dir/MiniOzoneClusterImpl-17d7739a-f662-4c88-9e51-3c637963011a/datanode-0/data/ratis] (custom)
2019-11-01 01:26:04,269 [pool-67-thread-1] INFO  server.RaftServerConfigKeys (ConfUtils.java:logGet(43)) - raft.server.rpc.timeout.min = 5s (custom)
2019-11-01 01:26:04,269 [pool-67-thread-1] INFO  server.RaftServerConfigKeys (ConfUtils.java:logGet(43)) - raft.server.rpc.timeout.max = 5200ms (custom)
2019-11-01 01:26:04,269 [pool-27-thread-1] INFO  server.RaftServerConfigKeys (ConfUtils.java:logGet(43)) - raft.server.log.corruption.policy = EXCEPTION (default)
2019-11-01 01:26:04,270 [pool-67-thread-1] INFO  server.RaftServerConfigKeys (ConfUtils.java:logGet(43)) - raft.server.rpcslowness.timeout = 120s (custom)
2019-11-01 01:26:04,270 [pool-27-thread-1] INFO  storage.RaftStorageDirectory (RaftStorageDirectory.java:analyzeStorage(246)) - The storage directory /workdir/hadoop-ozone/tools/target/test-dir/MiniOzoneClusterImpl-17d7739a-f662-4c88-9e51-3c637963011a/datanode-0/data/ratis/965d01e1-f7df-45cf-9e74-56bf66cfb646 does not exist. Creating ...
2019-11-01 01:26:04,270 [pool-67-thread-1] INFO  server.RaftServerConfigKeys (ConfUtils.java:logGet(43)) - raft.server.sleep.deviation.threshold = 300 (default)
2019-11-01 01:26:04,270 [pool-67-thread-1] INFO  server.RaftServerConfigKeys (ConfUtils.java:logGet(43)) - raft.server.log.appender.install.snapshot.enabled = false (custom)
2019-11-01 01:26:04,270 [pool-67-thread-1] INFO  impl.RaftServerImpl (ServerState.java:<init>(103)) - 32db78ba-36ff-4254-bf6e-67e7bcfc9e39@group-B4B47FFE905F: ConfigurationManager, init=-1: [40b7f987-8e06-4ef9-abdc-8715eb833c11:192.168.69.91:34918, 32db78ba-36ff-4254-bf6e-67e7bcfc9e39:192.168.69.91:37505, cb510fb7-fc87-4880-9dcd-5d4a84db871b:192.168.69.91:33685], old=null, confs=<EMPTY_MAP>
2019-11-01 01:26:04,270 [pool-67-thread-1] INFO  server.RaftServerConfigKeys (ConfUtils.java:logGet(43)) - raft.server.storage.dir = [/workdir/hadoop-ozone/tools/target/test-dir/MiniOzoneClusterImpl-17d7739a-f662-4c88-9e51-3c637963011a/datanode-4/data/ratis] (custom)
2019-11-01 01:26:04,271 [pool-67-thread-1] INFO  server.RaftServerConfigKeys (ConfUtils.java:logGet(43)) - raft.server.log.corruption.policy = EXCEPTION (default)
2019-11-01 01:26:04,271 [pool-67-thread-1] INFO  storage.RaftStorageDirectory (RaftStorageDirectory.java:analyzeStorage(246)) - The storage directory /workdir/hadoop-ozone/tools/target/test-dir/MiniOzoneClusterImpl-17d7739a-f662-4c88-9e51-3c637963011a/datanode-4/data/ratis/0087816a-c625-4d1a-8939-b4b47ffe905f does not exist. Creating ...
2019-11-01 01:26:04,284 [pool-27-thread-1] INFO  storage.RaftStorageDirectory (RaftStorageDirectory.java:tryLock(328)) - Lock on /workdir/hadoop-ozone/tools/target/test-dir/MiniOzoneClusterImpl-17d7739a-f662-4c88-9e51-3c637963011a/datanode-0/data/ratis/965d01e1-f7df-45cf-9e74-56bf66cfb646/in_use.lock acquired by nodename 4689@pr-hdds-2364-master-qchwk-3441104375
2019-11-01 01:26:04,284 [pool-67-thread-1] INFO  storage.RaftStorageDirectory (RaftStorageDirectory.java:tryLock(328)) - Lock on /workdir/hadoop-ozone/tools/target/test-dir/MiniOzoneClusterImpl-17d7739a-f662-4c88-9e51-3c637963011a/datanode-4/data/ratis/0087816a-c625-4d1a-8939-b4b47ffe905f/in_use.lock acquired by nodename 4689@pr-hdds-2364-master-qchwk-3441104375
2019-11-01 01:26:04,284 [pool-37-thread-1] INFO  storage.RaftStorageDirectory (RaftStorageDirectory.java:tryLock(328)) - Lock on /workdir/hadoop-ozone/tools/target/test-dir/MiniOzoneClusterImpl-17d7739a-f662-4c88-9e51-3c637963011a/datanode-1/data/ratis/0087816a-c625-4d1a-8939-b4b47ffe905f/in_use.lock acquired by nodename 4689@pr-hdds-2364-master-qchwk-3441104375
2019-11-01 01:26:04,298 [pool-67-thread-1] INFO  storage.RaftStorage (RaftStorage.java:format(84)) - Storage directory /workdir/hadoop-ozone/tools/target/test-dir/MiniOzoneClusterImpl-17d7739a-f662-4c88-9e51-3c637963011a/datanode-4/data/ratis/0087816a-c625-4d1a-8939-b4b47ffe905f has been successfully formatted.
2019-11-01 01:26:04,298 [pool-37-thread-1] INFO  storage.RaftStorage (RaftStorage.java:format(84)) - Storage directory /workdir/hadoop-ozone/tools/target/test-dir/MiniOzoneClusterImpl-17d7739a-f662-4c88-9e51-3c637963011a/datanode-1/data/ratis/0087816a-c625-4d1a-8939-b4b47ffe905f has been successfully formatted.
2019-11-01 01:26:04,298 [pool-27-thread-1] INFO  storage.RaftStorage (RaftStorage.java:format(84)) - Storage directory /workdir/hadoop-ozone/tools/target/test-dir/MiniOzoneClusterImpl-17d7739a-f662-4c88-9e51-3c637963011a/datanode-0/data/ratis/965d01e1-f7df-45cf-9e74-56bf66cfb646 has been successfully formatted.
2019-11-01 01:26:04,298 [pool-67-thread-1] INFO  ratis.ContainerStateMachine (ContainerStateMachine.java:loadSnapshot(231)) - group-B4B47FFE905F: The snapshot info is null. Setting the last applied indexto:(t:0, i:~)
2019-11-01 01:26:04,298 [pool-37-thread-1] INFO  ratis.ContainerStateMachine (ContainerStateMachine.java:loadSnapshot(231)) - group-B4B47FFE905F: The snapshot info is null. Setting the last applied indexto:(t:0, i:~)
2019-11-01 01:26:04,298 [pool-67-thread-1] INFO  server.RaftServerConfigKeys (ConfUtils.java:logGet(43)) - raft.server.notification.no-leader.timeout = 120s (custom)
2019-11-01 01:26:04,298 [pool-27-thread-1] INFO  ratis.ContainerStateMachine (ContainerStateMachine.java:loadSnapshot(231)) - group-56BF66CFB646: The snapshot info is null. Setting the last applied indexto:(t:0, i:~)
2019-11-01 01:26:04,299 [pool-67-thread-1] INFO  server.RaftServerConfigKeys (ConfUtils.java:logGet(43)) - raft.server.log.use.memory = false (default)
2019-11-01 01:26:04,298 [pool-37-thread-1] INFO  server.RaftServerConfigKeys (ConfUtils.java:logGet(43)) - raft.server.notification.no-leader.timeout = 120s (custom)
2019-11-01 01:26:04,299 [pool-67-thread-1] INFO  server.RaftServerConfigKeys (ConfUtils.java:logGet(43)) - raft.server.log.purge.gap = 1000000 (custom)
2019-11-01 01:26:04,299 [pool-27-thread-1] INFO  server.RaftServerConfigKeys (ConfUtils.java:logGet(43)) - raft.server.notification.no-leader.timeout = 120s (custom)
2019-11-01 01:26:04,299 [pool-67-thread-1] INFO  server.RaftServerConfigKeys (ConfUtils.java:logGet(43)) - raft.server.log.appender.buffer.byte-limit = 33554432 (custom)
2019-11-01 01:26:04,299 [pool-37-thread-1] INFO  server.RaftServerConfigKeys (ConfUtils.java:logGet(43)) - raft.server.log.use.memory = false (default)
2019-11-01 01:26:04,299 [pool-67-thread-1] INFO  server.RaftServerConfigKeys (ConfUtils.java:logGet(43)) - raft.server.log.segment.size.max = 1048576 (custom)
2019-11-01 01:26:04,299 [pool-27-thread-1] INFO  server.RaftServerConfigKeys (ConfUtils.java:logGet(43)) - raft.server.log.use.memory = false (default)
2019-11-01 01:26:04,299 [pool-67-thread-1] INFO  server.RaftServerConfigKeys (ConfUtils.java:logGet(43)) - raft.server.log.segment.cache.num.max = 2 (custom)
2019-11-01 01:26:04,299 [pool-37-thread-1] INFO  server.RaftServerConfigKeys (ConfUtils.java:logGet(43)) - raft.server.log.purge.gap = 1000000 (custom)
2019-11-01 01:26:04,300 [pool-67-thread-1] INFO  segmented.SegmentedRaftLogWorker (SegmentedRaftLogWorker.java:<init>(173)) - new 32db78ba-36ff-4254-bf6e-67e7bcfc9e39@group-B4B47FFE905F-SegmentedRaftLogWorker for RaftStorage:Storage Directory /workdir/hadoop-ozone/tools/target/test-dir/MiniOzoneClusterImpl-17d7739a-f662-4c88-9e51-3c637963011a/datanode-4/data/ratis/0087816a-c625-4d1a-8939-b4b47ffe905f
2019-11-01 01:26:04,299 [pool-27-thread-1] INFO  server.RaftServerConfigKeys (ConfUtils.java:logGet(43)) - raft.server.log.purge.gap = 1000000 (custom)
2019-11-01 01:26:04,300 [pool-67-thread-1] INFO  server.RaftServerConfigKeys (ConfUtils.java:logGet(43)) - raft.server.log.queue.byte-limit = 2147483647 (custom)
2019-11-01 01:26:04,300 [pool-37-thread-1] INFO  server.RaftServerConfigKeys (ConfUtils.java:logGet(43)) - raft.server.log.appender.buffer.byte-limit = 33554432 (custom)
2019-11-01 01:26:04,300 [pool-67-thread-1] INFO  server.RaftServerConfigKeys (ConfUtils.java:logGet(43)) - raft.server.log.queue.element-limit = 1024 (custom)
2019-11-01 01:26:04,300 [pool-37-thread-1] INFO  server.RaftServerConfigKeys (ConfUtils.java:logGet(43)) - raft.server.log.segment.size.max = 1048576 (custom)
2019-11-01 01:26:04,300 [pool-27-thread-1] INFO  server.RaftServerConfigKeys (ConfUtils.java:logGet(43)) - raft.server.log.appender.buffer.byte-limit = 33554432 (custom)
2019-11-01 01:26:04,300 [pool-37-thread-1] INFO  server.RaftServerConfigKeys (ConfUtils.java:logGet(43)) - raft.server.log.segment.cache.num.max = 2 (custom)
2019-11-01 01:26:04,300 [pool-67-thread-1] INFO  server.RaftServerConfigKeys (ConfUtils.java:logGet(43)) - raft.server.log.segment.size.max = 1048576 (custom)
2019-11-01 01:26:04,301 [pool-37-thread-1] INFO  segmented.SegmentedRaftLogWorker (SegmentedRaftLogWorker.java:<init>(173)) - new cb510fb7-fc87-4880-9dcd-5d4a84db871b@group-B4B47FFE905F-SegmentedRaftLogWorker for RaftStorage:Storage Directory /workdir/hadoop-ozone/tools/target/test-dir/MiniOzoneClusterImpl-17d7739a-f662-4c88-9e51-3c637963011a/datanode-1/data/ratis/0087816a-c625-4d1a-8939-b4b47ffe905f
2019-11-01 01:26:04,300 [pool-27-thread-1] INFO  server.RaftServerConfigKeys (ConfUtils.java:logGet(43)) - raft.server.log.segment.size.max = 1048576 (custom)
2019-11-01 01:26:04,301 [pool-37-thread-1] INFO  server.RaftServerConfigKeys (ConfUtils.java:logGet(43)) - raft.server.log.queue.byte-limit = 2147483647 (custom)
2019-11-01 01:26:04,301 [pool-67-thread-1] INFO  server.RaftServerConfigKeys (ConfUtils.java:logGet(43)) - raft.server.log.preallocated.size = 16384 (custom)
2019-11-01 01:26:04,301 [pool-37-thread-1] INFO  server.RaftServerConfigKeys (ConfUtils.java:logGet(43)) - raft.server.log.queue.element-limit = 1024 (custom)
2019-11-01 01:26:04,301 [pool-27-thread-1] INFO  server.RaftServerConfigKeys (ConfUtils.java:logGet(43)) - raft.server.log.segment.cache.num.max = 2 (custom)
2019-11-01 01:26:04,301 [pool-37-thread-1] INFO  server.RaftServerConfigKeys (ConfUtils.java:logGet(43)) - raft.server.log.segment.size.max = 1048576 (custom)
2019-11-01 01:26:04,301 [pool-67-thread-1] INFO  server.RaftServerConfigKeys (ConfUtils.java:logGet(43)) - raft.server.log.write.buffer.size = 33554432 (custom)
2019-11-01 01:26:04,301 [pool-37-thread-1] INFO  server.RaftServerConfigKeys (ConfUtils.java:logGet(43)) - raft.server.log.preallocated.size = 16384 (custom)
2019-11-01 01:26:04,301 [pool-27-thread-1] INFO  segmented.SegmentedRaftLogWorker (SegmentedRaftLogWorker.java:<init>(173)) - new 40b7f987-8e06-4ef9-abdc-8715eb833c11@group-56BF66CFB646-SegmentedRaftLogWorker for RaftStorage:Storage Directory /workdir/hadoop-ozone/tools/target/test-dir/MiniOzoneClusterImpl-17d7739a-f662-4c88-9e51-3c637963011a/datanode-0/data/ratis/965d01e1-f7df-45cf-9e74-56bf66cfb646
2019-11-01 01:26:04,302 [pool-37-thread-1] INFO  server.RaftServerConfigKeys (ConfUtils.java:logGet(43)) - raft.server.log.write.buffer.size = 33554432 (custom)
2019-11-01 01:26:04,301 [pool-67-thread-1] INFO  server.RaftServerConfigKeys (ConfUtils.java:logGet(43)) - raft.server.log.force.sync.num = 128 (default)
2019-11-01 01:26:04,302 [pool-37-thread-1] INFO  server.RaftServerConfigKeys (ConfUtils.java:logGet(43)) - raft.server.log.force.sync.num = 128 (default)
2019-11-01 01:26:04,302 [pool-27-thread-1] INFO  server.RaftServerConfigKeys (ConfUtils.java:logGet(43)) - raft.server.log.queue.byte-limit = 2147483647 (custom)
2019-11-01 01:26:04,302 [pool-37-thread-1] INFO  server.RaftServerConfigKeys (ConfUtils.java:logGet(43)) - raft.server.log.statemachine.data.sync = true (default)
2019-11-01 01:26:04,302 [pool-67-thread-1] INFO  server.RaftServerConfigKeys (ConfUtils.java:logGet(43)) - raft.server.log.statemachine.data.sync = true (default)
2019-11-01 01:26:04,302 [pool-37-thread-1] INFO  server.RaftServerConfigKeys (ConfUtils.java:logGet(43)) - raft.server.log.statemachine.data.sync.timeout = 10s (default)
2019-11-01 01:26:04,302 [pool-27-thread-1] INFO  server.RaftServerConfigKeys (ConfUtils.java:logGet(43)) - raft.server.log.queue.element-limit = 1024 (custom)
2019-11-01 01:26:04,302 [pool-37-thread-1] INFO  server.RaftServerConfigKeys (ConfUtils.java:logGet(43)) - raft.server.log.statemachine.data.sync.timeout.retry = -1 (default)
2019-11-01 01:26:04,302 [pool-67-thread-1] INFO  server.RaftServerConfigKeys (ConfUtils.java:logGet(43)) - raft.server.log.statemachine.data.sync.timeout = 10s (default)
2019-11-01 01:26:04,303 [pool-27-thread-1] INFO  server.RaftServerConfigKeys (ConfUtils.java:logGet(43)) - raft.server.log.segment.size.max = 1048576 (custom)
2019-11-01 01:26:04,303 [pool-37-thread-1] INFO  server.RaftServerConfigKeys (ConfUtils.java:logGet(43)) - raft.server.log.statemachine.data.caching.enabled = true (custom)
2019-11-01 01:26:04,303 [pool-67-thread-1] INFO  server.RaftServerConfigKeys (ConfUtils.java:logGet(43)) - raft.server.log.statemachine.data.sync.timeout.retry = -1 (default)
2019-11-01 01:26:04,303 [pool-27-thread-1] INFO  server.RaftServerConfigKeys (ConfUtils.java:logGet(43)) - raft.server.log.preallocated.size = 16384 (custom)
2019-11-01 01:26:04,303 [pool-67-thread-1] INFO  server.RaftServerConfigKeys (ConfUtils.java:logGet(43)) - raft.server.log.statemachine.data.caching.enabled = true (custom)
2019-11-01 01:26:04,303 [pool-37-thread-1] INFO  segmented.SegmentedRaftLogWorker (SegmentedRaftLogWorker.java:lambda$new$0(128)) - cb510fb7-fc87-4880-9dcd-5d4a84db871b@group-B4B47FFE905F-SegmentedRaftLogWorker: flushIndex: setUnconditionally 0 -> -1
2019-11-01 01:26:04,303 [pool-27-thread-1] INFO  server.RaftServerConfigKeys (ConfUtils.java:logGet(43)) - raft.server.log.write.buffer.size = 33554432 (custom)
2019-11-01 01:26:04,303 [pool-67-thread-1] INFO  segmented.SegmentedRaftLogWorker (SegmentedRaftLogWorker.java:lambda$new$0(128)) - 32db78ba-36ff-4254-bf6e-67e7bcfc9e39@group-B4B47FFE905F-SegmentedRaftLogWorker: flushIndex: setUnconditionally 0 -> -1
2019-11-01 01:26:04,303 [pool-37-thread-1] INFO  server.RaftServerConfigKeys (ConfUtils.java:logGet(43)) - raft.server.snapshot.auto.trigger.enabled = true (custom)
2019-11-01 01:26:04,303 [pool-27-thread-1] INFO  server.RaftServerConfigKeys (ConfUtils.java:logGet(43)) - raft.server.log.force.sync.num = 128 (default)
2019-11-01 01:26:04,304 [pool-37-thread-1] INFO  server.RaftServerConfigKeys (ConfUtils.java:logGet(43)) - raft.server.snapshot.auto.trigger.threshold = 10000 (custom)
2019-11-01 01:26:04,304 [pool-67-thread-1] INFO  server.RaftServerConfigKeys (ConfUtils.java:logGet(43)) - raft.server.snapshot.auto.trigger.enabled = true (custom)
2019-11-01 01:26:04,304 [pool-37-thread-1] INFO  server.RaftServerConfigKeys (ConfUtils.java:logGet(43)) - raft.server.snapshot.retention.file.num = 5 (custom)
2019-11-01 01:26:04,304 [pool-27-thread-1] INFO  server.RaftServerConfigKeys (ConfUtils.java:logGet(43)) - raft.server.log.statemachine.data.sync = true (default)
2019-11-01 01:26:04,304 [pool-37-thread-1] INFO  server.RaftServerConfigKeys (ConfUtils.java:logGet(43)) - raft.server.retrycache.expirytime = 600000ms (custom)
2019-11-01 01:26:04,304 [pool-67-thread-1] INFO  server.RaftServerConfigKeys (ConfUtils.java:logGet(43)) - raft.server.snapshot.auto.trigger.threshold = 10000 (custom)
2019-11-01 01:26:04,304 [pool-37-thread-1] WARN  impl.MetricRegistriesImpl (MetricRegistriesImpl.java:lambda$create$1(61)) - First MetricRegistry has been created without registering reporters. You may need to call MetricRegistries.global().addReportRegistration(...) before.
2019-11-01 01:26:04,304 [pool-27-thread-1] INFO  server.RaftServerConfigKeys (ConfUtils.java:logGet(43)) - raft.server.log.statemachine.data.sync.timeout = 10s (default)
2019-11-01 01:26:04,305 [pool-37-thread-1] WARN  impl.MetricRegistriesImpl (MetricRegistriesImpl.java:lambda$create$1(61)) - First MetricRegistry has been created without registering reporters. You may need to call MetricRegistries.global().addReportRegistration(...) before.
2019-11-01 01:26:04,304 [pool-67-thread-1] INFO  server.RaftServerConfigKeys (ConfUtils.java:logGet(43)) - raft.server.snapshot.retention.file.num = 5 (custom)
2019-11-01 01:26:04,305 [pool-27-thread-1] INFO  server.RaftServerConfigKeys (ConfUtils.java:logGet(43)) - raft.server.log.statemachine.data.sync.timeout.retry = -1 (default)
2019-11-01 01:26:04,305 [pool-67-thread-1] INFO  server.RaftServerConfigKeys (ConfUtils.java:logGet(43)) - raft.server.retrycache.expirytime = 600000ms (custom)
2019-11-01 01:26:04,305 [pool-27-thread-1] INFO  server.RaftServerConfigKeys (ConfUtils.java:logGet(43)) - raft.server.log.statemachine.data.caching.enabled = true (custom)
2019-11-01 01:26:04,305 [pool-67-thread-1] WARN  impl.MetricRegistriesImpl (MetricRegistriesImpl.java:lambda$create$1(61)) - First MetricRegistry has been created without registering reporters. You may need to call MetricRegistries.global().addReportRegistration(...) before.
2019-11-01 01:26:04,305 [pool-67-thread-1] WARN  impl.MetricRegistriesImpl (MetricRegistriesImpl.java:lambda$create$1(61)) - First MetricRegistry has been created without registering reporters. You may need to call MetricRegistries.global().addReportRegistration(...) before.
2019-11-01 01:26:04,305 [pool-27-thread-1] INFO  segmented.SegmentedRaftLogWorker (SegmentedRaftLogWorker.java:lambda$new$0(128)) - 40b7f987-8e06-4ef9-abdc-8715eb833c11@group-56BF66CFB646-SegmentedRaftLogWorker: flushIndex: setUnconditionally 0 -> -1
2019-11-01 01:26:04,306 [pool-27-thread-1] INFO  server.RaftServerConfigKeys (ConfUtils.java:logGet(43)) - raft.server.snapshot.auto.trigger.enabled = true (custom)
2019-11-01 01:26:04,306 [pool-27-thread-1] INFO  server.RaftServerConfigKeys (ConfUtils.java:logGet(43)) - raft.server.snapshot.auto.trigger.threshold = 10000 (custom)
2019-11-01 01:26:04,306 [pool-27-thread-1] INFO  server.RaftServerConfigKeys (ConfUtils.java:logGet(43)) - raft.server.snapshot.retention.file.num = 5 (custom)
2019-11-01 01:26:04,306 [pool-27-thread-1] INFO  server.RaftServerConfigKeys (ConfUtils.java:logGet(43)) - raft.server.retrycache.expirytime = 600000ms (custom)
2019-11-01 01:26:04,306 [pool-27-thread-1] WARN  impl.MetricRegistriesImpl (MetricRegistriesImpl.java:lambda$create$1(61)) - First MetricRegistry has been created without registering reporters. You may need to call MetricRegistries.global().addReportRegistration(...) before.
2019-11-01 01:26:04,307 [pool-27-thread-1] WARN  impl.MetricRegistriesImpl (MetricRegistriesImpl.java:lambda$create$1(61)) - First MetricRegistry has been created without registering reporters. You may need to call MetricRegistries.global().addReportRegistration(...) before.
2019-11-01 01:26:04,307 [pool-27-thread-1] INFO  impl.RaftServerImpl (RaftServerImpl.java:start(184)) - 40b7f987-8e06-4ef9-abdc-8715eb833c11@group-2D790F9948C3: start as a follower, conf=-1: [40b7f987-8e06-4ef9-abdc-8715eb833c11:192.168.69.91:34918, 32db78ba-36ff-4254-bf6e-67e7bcfc9e39:192.168.69.91:37505, cb510fb7-fc87-4880-9dcd-5d4a84db871b:192.168.69.91:33685], old=null
2019-11-01 01:26:04,307 [pool-27-thread-1] INFO  impl.RaftServerImpl (RaftServerImpl.java:setRole(173)) - 40b7f987-8e06-4ef9-abdc-8715eb833c11@group-2D790F9948C3: changes role from      null to FOLLOWER at term 0 for startAsFollower
2019-11-01 01:26:04,307 [pool-37-thread-1] INFO  impl.RaftServerImpl (RaftServerImpl.java:<init>(98)) - cb510fb7-fc87-4880-9dcd-5d4a84db871b: new RaftServerImpl for group-25B27BB5DF37:[40b7f987-8e06-4ef9-abdc-8715eb833c11:192.168.69.91:34918, 32db78ba-36ff-4254-bf6e-67e7bcfc9e39:192.168.69.91:37505, cb510fb7-fc87-4880-9dcd-5d4a84db871b:192.168.69.91:33685] with ContainerStateMachine:uninitialized
2019-11-01 01:26:04,307 [pool-27-thread-1] INFO  impl.RoleInfo (RoleInfo.java:updateAndGet(143)) - 40b7f987-8e06-4ef9-abdc-8715eb833c11: start FollowerState
2019-11-01 01:26:04,307 [pool-37-thread-1] INFO  server.RaftServerConfigKeys (ConfUtils.java:logGet(43)) - raft.server.rpc.timeout.min = 5s (custom)
2019-11-01 01:26:04,307 [pool-37-thread-1] INFO  server.RaftServerConfigKeys (ConfUtils.java:logGet(43)) - raft.server.rpc.timeout.max = 5200ms (custom)
2019-11-01 01:26:04,308 [pool-37-thread-1] INFO  server.RaftServerConfigKeys (ConfUtils.java:logGet(43)) - raft.server.rpcslowness.timeout = 120s (custom)
2019-11-01 01:26:04,308 [pool-27-thread-1] INFO  util.JmxRegister (JmxRegister.java:tryRegister(44)) - Successfully registered JMX Bean with object name Ratis:service=RaftServer,group=group-2D790F9948C3,id=40b7f987-8e06-4ef9-abdc-8715eb833c11
2019-11-01 01:26:04,308 [pool-37-thread-1] INFO  server.RaftServerConfigKeys (ConfUtils.java:logGet(43)) - raft.server.sleep.deviation.threshold = 300 (default)
2019-11-01 01:26:04,308 [pool-27-thread-1] WARN  impl.MetricRegistriesImpl (MetricRegistriesImpl.java:lambda$create$1(61)) - First MetricRegistry has been created without registering reporters. You may need to call MetricRegistries.global().addReportRegistration(...) before.
2019-11-01 01:26:04,308 [pool-37-thread-1] INFO  server.RaftServerConfigKeys (ConfUtils.java:logGet(43)) - raft.server.log.appender.install.snapshot.enabled = false (custom)
2019-11-01 01:26:04,308 [pool-67-thread-1] INFO  impl.RaftServerImpl (RaftServerImpl.java:<init>(98)) - 32db78ba-36ff-4254-bf6e-67e7bcfc9e39: new RaftServerImpl for group-25B27BB5DF37:[40b7f987-8e06-4ef9-abdc-8715eb833c11:192.168.69.91:34918, 32db78ba-36ff-4254-bf6e-67e7bcfc9e39:192.168.69.91:37505, cb510fb7-fc87-4880-9dcd-5d4a84db871b:192.168.69.91:33685] with ContainerStateMachine:uninitialized
2019-11-01 01:26:04,309 [pool-37-thread-1] INFO  impl.RaftServerImpl (ServerState.java:<init>(103)) - cb510fb7-fc87-4880-9dcd-5d4a84db871b@group-25B27BB5DF37: ConfigurationManager, init=-1: [40b7f987-8e06-4ef9-abdc-8715eb833c11:192.168.69.91:34918, 32db78ba-36ff-4254-bf6e-67e7bcfc9e39:192.168.69.91:37505, cb510fb7-fc87-4880-9dcd-5d4a84db871b:192.168.69.91:33685], old=null, confs=<EMPTY_MAP>
2019-11-01 01:26:04,309 [pool-67-thread-1] INFO  server.RaftServerConfigKeys (ConfUtils.java:logGet(43)) - raft.server.rpc.timeout.min = 5s (custom)
2019-11-01 01:26:04,309 [pool-37-thread-1] INFO  server.RaftServerConfigKeys (ConfUtils.java:logGet(43)) - raft.server.storage.dir = [/workdir/hadoop-ozone/tools/target/test-dir/MiniOzoneClusterImpl-17d7739a-f662-4c88-9e51-3c637963011a/datanode-1/data/ratis] (custom)
2019-11-01 01:26:04,309 [pool-67-thread-1] INFO  server.RaftServerConfigKeys (ConfUtils.java:logGet(43)) - raft.server.rpc.timeout.max = 5200ms (custom)
2019-11-01 01:26:04,309 [pool-67-thread-1] INFO  server.RaftServerConfigKeys (ConfUtils.java:logGet(43)) - raft.server.rpcslowness.timeout = 120s (custom)
2019-11-01 01:26:04,309 [pool-37-thread-1] INFO  server.RaftServerConfigKeys (ConfUtils.java:logGet(43)) - raft.server.log.corruption.policy = EXCEPTION (default)
2019-11-01 01:26:04,309 [pool-67-thread-1] INFO  server.RaftServerConfigKeys (ConfUtils.java:logGet(43)) - raft.server.sleep.deviation.threshold = 300 (default)
2019-11-01 01:26:04,310 [pool-37-thread-1] INFO  storage.RaftStorageDirectory (RaftStorageDirectory.java:analyzeStorage(246)) - The storage directory /workdir/hadoop-ozone/tools/target/test-dir/MiniOzoneClusterImpl-17d7739a-f662-4c88-9e51-3c637963011a/datanode-1/data/ratis/7c2ebd5f-b213-48bd-92e2-25b27bb5df37 does not exist. Creating ...
2019-11-01 01:26:04,310 [pool-67-thread-1] INFO  server.RaftServerConfigKeys (ConfUtils.java:logGet(43)) - raft.server.log.appender.install.snapshot.enabled = false (custom)
2019-11-01 01:26:04,310 [pool-67-thread-1] INFO  impl.RaftServerImpl (ServerState.java:<init>(103)) - 32db78ba-36ff-4254-bf6e-67e7bcfc9e39@group-25B27BB5DF37: ConfigurationManager, init=-1: [40b7f987-8e06-4ef9-abdc-8715eb833c11:192.168.69.91:34918, 32db78ba-36ff-4254-bf6e-67e7bcfc9e39:192.168.69.91:37505, cb510fb7-fc87-4880-9dcd-5d4a84db871b:192.168.69.91:33685], old=null, confs=<EMPTY_MAP>
2019-11-01 01:26:04,310 [pool-67-thread-1] INFO  server.RaftServerConfigKeys (ConfUtils.java:logGet(43)) - raft.server.storage.dir = [/workdir/hadoop-ozone/tools/target/test-dir/MiniOzoneClusterImpl-17d7739a-f662-4c88-9e51-3c637963011a/datanode-4/data/ratis] (custom)
2019-11-01 01:26:04,311 [pool-67-thread-1] INFO  server.RaftServerConfigKeys (ConfUtils.java:logGet(43)) - raft.server.log.corruption.policy = EXCEPTION (default)
2019-11-01 01:26:04,311 [pool-27-thread-1] INFO  impl.RaftServerImpl (RaftServerImpl.java:<init>(98)) - 40b7f987-8e06-4ef9-abdc-8715eb833c11: new RaftServerImpl for group-B4B47FFE905F:[40b7f987-8e06-4ef9-abdc-8715eb833c11:192.168.69.91:34918, 32db78ba-36ff-4254-bf6e-67e7bcfc9e39:192.168.69.91:37505, cb510fb7-fc87-4880-9dcd-5d4a84db871b:192.168.69.91:33685] with ContainerStateMachine:uninitialized
2019-11-01 01:26:04,311 [pool-67-thread-1] INFO  storage.RaftStorageDirectory (RaftStorageDirectory.java:analyzeStorage(246)) - The storage directory /workdir/hadoop-ozone/tools/target/test-dir/MiniOzoneClusterImpl-17d7739a-f662-4c88-9e51-3c637963011a/datanode-4/data/ratis/7c2ebd5f-b213-48bd-92e2-25b27bb5df37 does not exist. Creating ...
2019-11-01 01:26:04,311 [pool-27-thread-1] INFO  server.RaftServerConfigKeys (ConfUtils.java:logGet(43)) - raft.server.rpc.timeout.min = 5s (custom)
2019-11-01 01:26:04,311 [pool-27-thread-1] INFO  server.RaftServerConfigKeys (ConfUtils.java:logGet(43)) - raft.server.rpc.timeout.max = 5200ms (custom)
2019-11-01 01:26:04,312 [pool-27-thread-1] INFO  server.RaftServerConfigKeys (ConfUtils.java:logGet(43)) - raft.server.rpcslowness.timeout = 120s (custom)
2019-11-01 01:26:04,312 [pool-27-thread-1] INFO  server.RaftServerConfigKeys (ConfUtils.java:logGet(43)) - raft.server.sleep.deviation.threshold = 300 (default)
2019-11-01 01:26:04,312 [pool-27-thread-1] INFO  server.RaftServerConfigKeys (ConfUtils.java:logGet(43)) - raft.server.log.appender.install.snapshot.enabled = false (custom)
2019-11-01 01:26:04,312 [pool-27-thread-1] INFO  impl.RaftServerImpl (ServerState.java:<init>(103)) - 40b7f987-8e06-4ef9-abdc-8715eb833c11@group-B4B47FFE905F: ConfigurationManager, init=-1: [40b7f987-8e06-4ef9-abdc-8715eb833c11:192.168.69.91:34918, 32db78ba-36ff-4254-bf6e-67e7bcfc9e39:192.168.69.91:37505, cb510fb7-fc87-4880-9dcd-5d4a84db871b:192.168.69.91:33685], old=null, confs=<EMPTY_MAP>
2019-11-01 01:26:04,312 [pool-27-thread-1] INFO  server.RaftServerConfigKeys (ConfUtils.java:logGet(43)) - raft.server.storage.dir = [/workdir/hadoop-ozone/tools/target/test-dir/MiniOzoneClusterImpl-17d7739a-f662-4c88-9e51-3c637963011a/datanode-0/data/ratis] (custom)
2019-11-01 01:26:04,312 [pool-27-thread-1] INFO  server.RaftServerConfigKeys (ConfUtils.java:logGet(43)) - raft.server.log.corruption.policy = EXCEPTION (default)
2019-11-01 01:26:04,313 [pool-27-thread-1] INFO  storage.RaftStorageDirectory (RaftStorageDirectory.java:analyzeStorage(246)) - The storage directory /workdir/hadoop-ozone/tools/target/test-dir/MiniOzoneClusterImpl-17d7739a-f662-4c88-9e51-3c637963011a/datanode-0/data/ratis/0087816a-c625-4d1a-8939-b4b47ffe905f does not exist. Creating ...
2019-11-01 01:26:04,339 [pool-67-thread-1] INFO  storage.RaftStorageDirectory (RaftStorageDirectory.java:tryLock(328)) - Lock on /workdir/hadoop-ozone/tools/target/test-dir/MiniOzoneClusterImpl-17d7739a-f662-4c88-9e51-3c637963011a/datanode-4/data/ratis/7c2ebd5f-b213-48bd-92e2-25b27bb5df37/in_use.lock acquired by nodename 4689@pr-hdds-2364-master-qchwk-3441104375
2019-11-01 01:26:04,339 [pool-37-thread-1] INFO  storage.RaftStorageDirectory (RaftStorageDirectory.java:tryLock(328)) - Lock on /workdir/hadoop-ozone/tools/target/test-dir/MiniOzoneClusterImpl-17d7739a-f662-4c88-9e51-3c637963011a/datanode-1/data/ratis/7c2ebd5f-b213-48bd-92e2-25b27bb5df37/in_use.lock acquired by nodename 4689@pr-hdds-2364-master-qchwk-3441104375
2019-11-01 01:26:04,339 [pool-27-thread-1] INFO  storage.RaftStorageDirectory (RaftStorageDirectory.java:tryLock(328)) - Lock on /workdir/hadoop-ozone/tools/target/test-dir/MiniOzoneClusterImpl-17d7739a-f662-4c88-9e51-3c637963011a/datanode-0/data/ratis/0087816a-c625-4d1a-8939-b4b47ffe905f/in_use.lock acquired by nodename 4689@pr-hdds-2364-master-qchwk-3441104375
2019-11-01 01:26:04,354 [pool-67-thread-1] INFO  storage.RaftStorage (RaftStorage.java:format(84)) - Storage directory /workdir/hadoop-ozone/tools/target/test-dir/MiniOzoneClusterImpl-17d7739a-f662-4c88-9e51-3c637963011a/datanode-4/data/ratis/7c2ebd5f-b213-48bd-92e2-25b27bb5df37 has been successfully formatted.
2019-11-01 01:26:04,354 [pool-37-thread-1] INFO  storage.RaftStorage (RaftStorage.java:format(84)) - Storage directory /workdir/hadoop-ozone/tools/target/test-dir/MiniOzoneClusterImpl-17d7739a-f662-4c88-9e51-3c637963011a/datanode-1/data/ratis/7c2ebd5f-b213-48bd-92e2-25b27bb5df37 has been successfully formatted.
2019-11-01 01:26:04,354 [pool-67-thread-1] INFO  ratis.ContainerStateMachine (ContainerStateMachine.java:loadSnapshot(231)) - group-25B27BB5DF37: The snapshot info is null. Setting the last applied indexto:(t:0, i:~)
2019-11-01 01:26:04,354 [pool-27-thread-1] INFO  storage.RaftStorage (RaftStorage.java:format(84)) - Storage directory /workdir/hadoop-ozone/tools/target/test-dir/MiniOzoneClusterImpl-17d7739a-f662-4c88-9e51-3c637963011a/datanode-0/data/ratis/0087816a-c625-4d1a-8939-b4b47ffe905f has been successfully formatted.
2019-11-01 01:26:04,355 [pool-37-thread-1] INFO  ratis.ContainerStateMachine (ContainerStateMachine.java:loadSnapshot(231)) - group-25B27BB5DF37: The snapshot info is null. Setting the last applied indexto:(t:0, i:~)
2019-11-01 01:26:04,355 [pool-27-thread-1] INFO  ratis.ContainerStateMachine (ContainerStateMachine.java:loadSnapshot(231)) - group-B4B47FFE905F: The snapshot info is null. Setting the last applied indexto:(t:0, i:~)
2019-11-01 01:26:04,355 [pool-67-thread-1] INFO  server.RaftServerConfigKeys (ConfUtils.java:logGet(43)) - raft.server.notification.no-leader.timeout = 120s (custom)
2019-11-01 01:26:04,355 [pool-27-thread-1] INFO  server.RaftServerConfigKeys (ConfUtils.java:logGet(43)) - raft.server.notification.no-leader.timeout = 120s (custom)
2019-11-01 01:26:04,355 [pool-37-thread-1] INFO  server.RaftServerConfigKeys (ConfUtils.java:logGet(43)) - raft.server.notification.no-leader.timeout = 120s (custom)
2019-11-01 01:26:04,355 [pool-27-thread-1] INFO  server.RaftServerConfigKeys (ConfUtils.java:logGet(43)) - raft.server.log.use.memory = false (default)
2019-11-01 01:26:04,355 [pool-67-thread-1] INFO  server.RaftServerConfigKeys (ConfUtils.java:logGet(43)) - raft.server.log.use.memory = false (default)
2019-11-01 01:26:04,355 [pool-27-thread-1] INFO  server.RaftServerConfigKeys (ConfUtils.java:logGet(43)) - raft.server.log.purge.gap = 1000000 (custom)
2019-11-01 01:26:04,355 [pool-37-thread-1] INFO  server.RaftServerConfigKeys (ConfUtils.java:logGet(43)) - raft.server.log.use.memory = false (default)
2019-11-01 01:26:04,355 [pool-27-thread-1] INFO  server.RaftServerConfigKeys (ConfUtils.java:logGet(43)) - raft.server.log.appender.buffer.byte-limit = 33554432 (custom)
2019-11-01 01:26:04,355 [pool-67-thread-1] INFO  server.RaftServerConfigKeys (ConfUtils.java:logGet(43)) - raft.server.log.purge.gap = 1000000 (custom)
2019-11-01 01:26:04,356 [pool-27-thread-1] INFO  server.RaftServerConfigKeys (ConfUtils.java:logGet(43)) - raft.server.log.segment.size.max = 1048576 (custom)
2019-11-01 01:26:04,356 [pool-37-thread-1] INFO  server.RaftServerConfigKeys (ConfUtils.java:logGet(43)) - raft.server.log.purge.gap = 1000000 (custom)
2019-11-01 01:26:04,356 [pool-27-thread-1] INFO  server.RaftServerConfigKeys (ConfUtils.java:logGet(43)) - raft.server.log.segment.cache.num.max = 2 (custom)
2019-11-01 01:26:04,356 [pool-67-thread-1] INFO  server.RaftServerConfigKeys (ConfUtils.java:logGet(43)) - raft.server.log.appender.buffer.byte-limit = 33554432 (custom)
2019-11-01 01:26:04,356 [pool-27-thread-1] INFO  segmented.SegmentedRaftLogWorker (SegmentedRaftLogWorker.java:<init>(173)) - new 40b7f987-8e06-4ef9-abdc-8715eb833c11@group-B4B47FFE905F-SegmentedRaftLogWorker for RaftStorage:Storage Directory /workdir/hadoop-ozone/tools/target/test-dir/MiniOzoneClusterImpl-17d7739a-f662-4c88-9e51-3c637963011a/datanode-0/data/ratis/0087816a-c625-4d1a-8939-b4b47ffe905f
2019-11-01 01:26:04,356 [pool-37-thread-1] INFO  server.RaftServerConfigKeys (ConfUtils.java:logGet(43)) - raft.server.log.appender.buffer.byte-limit = 33554432 (custom)
2019-11-01 01:26:04,356 [pool-27-thread-1] INFO  server.RaftServerConfigKeys (ConfUtils.java:logGet(43)) - raft.server.log.queue.byte-limit = 2147483647 (custom)
2019-11-01 01:26:04,356 [pool-67-thread-1] INFO  server.RaftServerConfigKeys (ConfUtils.java:logGet(43)) - raft.server.log.segment.size.max = 1048576 (custom)
2019-11-01 01:26:04,356 [pool-27-thread-1] INFO  server.RaftServerConfigKeys (ConfUtils.java:logGet(43)) - raft.server.log.queue.element-limit = 1024 (custom)
2019-11-01 01:26:04,356 [pool-37-thread-1] INFO  server.RaftServerConfigKeys (ConfUtils.java:logGet(43)) - raft.server.log.segment.size.max = 1048576 (custom)
2019-11-01 01:26:04,357 [pool-27-thread-1] INFO  server.RaftServerConfigKeys (ConfUtils.java:logGet(43)) - raft.server.log.segment.size.max = 1048576 (custom)
2019-11-01 01:26:04,357 [pool-37-thread-1] INFO  server.RaftServerConfigKeys (ConfUtils.java:logGet(43)) - raft.server.log.segment.cache.num.max = 2 (custom)
2019-11-01 01:26:04,357 [pool-67-thread-1] INFO  server.RaftServerConfigKeys (ConfUtils.java:logGet(43)) - raft.server.log.segment.cache.num.max = 2 (custom)
2019-11-01 01:26:04,357 [pool-37-thread-1] INFO  segmented.SegmentedRaftLogWorker (SegmentedRaftLogWorker.java:<init>(173)) - new cb510fb7-fc87-4880-9dcd-5d4a84db871b@group-25B27BB5DF37-SegmentedRaftLogWorker for RaftStorage:Storage Directory /workdir/hadoop-ozone/tools/target/test-dir/MiniOzoneClusterImpl-17d7739a-f662-4c88-9e51-3c637963011a/datanode-1/data/ratis/7c2ebd5f-b213-48bd-92e2-25b27bb5df37
2019-11-01 01:26:04,357 [pool-27-thread-1] INFO  server.RaftServerConfigKeys (ConfUtils.java:logGet(43)) - raft.server.log.preallocated.size = 16384 (custom)
2019-11-01 01:26:04,357 [pool-37-thread-1] INFO  server.RaftServerConfigKeys (ConfUtils.java:logGet(43)) - raft.server.log.queue.byte-limit = 2147483647 (custom)
2019-11-01 01:26:04,357 [pool-67-thread-1] INFO  segmented.SegmentedRaftLogWorker (SegmentedRaftLogWorker.java:<init>(173)) - new 32db78ba-36ff-4254-bf6e-67e7bcfc9e39@group-25B27BB5DF37-SegmentedRaftLogWorker for RaftStorage:Storage Directory /workdir/hadoop-ozone/tools/target/test-dir/MiniOzoneClusterImpl-17d7739a-f662-4c88-9e51-3c637963011a/datanode-4/data/ratis/7c2ebd5f-b213-48bd-92e2-25b27bb5df37
2019-11-01 01:26:04,357 [pool-37-thread-1] INFO  server.RaftServerConfigKeys (ConfUtils.java:logGet(43)) - raft.server.log.queue.element-limit = 1024 (custom)
2019-11-01 01:26:04,357 [pool-27-thread-1] INFO  server.RaftServerConfigKeys (ConfUtils.java:logGet(43)) - raft.server.log.write.buffer.size = 33554432 (custom)
2019-11-01 01:26:04,358 [pool-37-thread-1] INFO  server.RaftServerConfigKeys (ConfUtils.java:logGet(43)) - raft.server.log.segment.size.max = 1048576 (custom)
2019-11-01 01:26:04,357 [pool-67-thread-1] INFO  server.RaftServerConfigKeys (ConfUtils.java:logGet(43)) - raft.server.log.queue.byte-limit = 2147483647 (custom)
2019-11-01 01:26:04,358 [pool-37-thread-1] INFO  server.RaftServerConfigKeys (ConfUtils.java:logGet(43)) - raft.server.log.preallocated.size = 16384 (custom)
2019-11-01 01:26:04,358 [pool-27-thread-1] INFO  server.RaftServerConfigKeys (ConfUtils.java:logGet(43)) - raft.server.log.force.sync.num = 128 (default)
2019-11-01 01:26:04,358 [pool-37-thread-1] INFO  server.RaftServerConfigKeys (ConfUtils.java:logGet(43)) - raft.server.log.write.buffer.size = 33554432 (custom)
2019-11-01 01:26:04,358 [pool-67-thread-1] INFO  server.RaftServerConfigKeys (ConfUtils.java:logGet(43)) - raft.server.log.queue.element-limit = 1024 (custom)
2019-11-01 01:26:04,358 [pool-37-thread-1] INFO  server.RaftServerConfigKeys (ConfUtils.java:logGet(43)) - raft.server.log.force.sync.num = 128 (default)
2019-11-01 01:26:04,358 [pool-37-thread-1] INFO  server.RaftServerConfigKeys (ConfUtils.java:logGet(43)) - raft.server.log.statemachine.data.sync = true (default)
2019-11-01 01:26:04,358 [pool-27-thread-1] INFO  server.RaftServerConfigKeys (ConfUtils.java:logGet(43)) - raft.server.log.statemachine.data.sync = true (default)
2019-11-01 01:26:04,358 [pool-37-thread-1] INFO  server.RaftServerConfigKeys (ConfUtils.java:logGet(43)) - raft.server.log.statemachine.data.sync.timeout = 10s (default)
2019-11-01 01:26:04,358 [pool-67-thread-1] INFO  server.RaftServerConfigKeys (ConfUtils.java:logGet(43)) - raft.server.log.segment.size.max = 1048576 (custom)
2019-11-01 01:26:04,359 [pool-37-thread-1] INFO  server.RaftServerConfigKeys (ConfUtils.java:logGet(43)) - raft.server.log.statemachine.data.sync.timeout.retry = -1 (default)
2019-11-01 01:26:04,359 [pool-27-thread-1] INFO  server.RaftServerConfigKeys (ConfUtils.java:logGet(43)) - raft.server.log.statemachine.data.sync.timeout = 10s (default)
2019-11-01 01:26:04,359 [pool-67-thread-1] INFO  server.RaftServerConfigKeys (ConfUtils.java:logGet(43)) - raft.server.log.preallocated.size = 16384 (custom)
2019-11-01 01:26:04,359 [pool-37-thread-1] INFO  server.RaftServerConfigKeys (ConfUtils.java:logGet(43)) - raft.server.log.statemachine.data.caching.enabled = true (custom)
2019-11-01 01:26:04,359 [pool-27-thread-1] INFO  server.RaftServerConfigKeys (ConfUtils.java:logGet(43)) - raft.server.log.statemachine.data.sync.timeout.retry = -1 (default)
2019-11-01 01:26:04,359 [pool-67-thread-1] INFO  server.RaftServerConfigKeys (ConfUtils.java:logGet(43)) - raft.server.log.write.buffer.size = 33554432 (custom)
2019-11-01 01:26:04,359 [pool-37-thread-1] INFO  segmented.SegmentedRaftLogWorker (SegmentedRaftLogWorker.java:lambda$new$0(128)) - cb510fb7-fc87-4880-9dcd-5d4a84db871b@group-25B27BB5DF37-SegmentedRaftLogWorker: flushIndex: setUnconditionally 0 -> -1
2019-11-01 01:26:04,359 [pool-27-thread-1] INFO  server.RaftServerConfigKeys (ConfUtils.java:logGet(43)) - raft.server.log.statemachine.data.caching.enabled = true (custom)
2019-11-01 01:26:04,359 [pool-67-thread-1] INFO  server.RaftServerConfigKeys (ConfUtils.java:logGet(43)) - raft.server.log.force.sync.num = 128 (default)
2019-11-01 01:26:04,360 [pool-37-thread-1] INFO  server.RaftServerConfigKeys (ConfUtils.java:logGet(43)) - raft.server.snapshot.auto.trigger.enabled = true (custom)
2019-11-01 01:26:04,360 [pool-27-thread-1] INFO  segmented.SegmentedRaftLogWorker (SegmentedRaftLogWorker.java:lambda$new$0(128)) - 40b7f987-8e06-4ef9-abdc-8715eb833c11@group-B4B47FFE905F-SegmentedRaftLogWorker: flushIndex: setUnconditionally 0 -> -1
2019-11-01 01:26:04,360 [pool-67-thread-1] INFO  server.RaftServerConfigKeys (ConfUtils.java:logGet(43)) - raft.server.log.statemachine.data.sync = true (default)
2019-11-01 01:26:04,360 [pool-27-thread-1] INFO  server.RaftServerConfigKeys (ConfUtils.java:logGet(43)) - raft.server.snapshot.auto.trigger.enabled = true (custom)
2019-11-01 01:26:04,360 [pool-37-thread-1] INFO  server.RaftServerConfigKeys (ConfUtils.java:logGet(43)) - raft.server.snapshot.auto.trigger.threshold = 10000 (custom)
2019-11-01 01:26:04,360 [pool-27-thread-1] INFO  server.RaftServerConfigKeys (ConfUtils.java:logGet(43)) - raft.server.snapshot.auto.trigger.threshold = 10000 (custom)
2019-11-01 01:26:04,360 [pool-67-thread-1] INFO  server.RaftServerConfigKeys (ConfUtils.java:logGet(43)) - raft.server.log.statemachine.data.sync.timeout = 10s (default)
2019-11-01 01:26:04,360 [pool-27-thread-1] INFO  server.RaftServerConfigKeys (ConfUtils.java:logGet(43)) - raft.server.snapshot.retention.file.num = 5 (custom)
2019-11-01 01:26:04,360 [pool-37-thread-1] INFO  server.RaftServerConfigKeys (ConfUtils.java:logGet(43)) - raft.server.snapshot.retention.file.num = 5 (custom)
2019-11-01 01:26:04,361 [pool-27-thread-1] INFO  server.RaftServerConfigKeys (ConfUtils.java:logGet(43)) - raft.server.retrycache.expirytime = 600000ms (custom)
2019-11-01 01:26:04,361 [pool-67-thread-1] INFO  server.RaftServerConfigKeys (ConfUtils.java:logGet(43)) - raft.server.log.statemachine.data.sync.timeout.retry = -1 (default)
2019-11-01 01:26:04,361 [pool-27-thread-1] WARN  impl.MetricRegistriesImpl (MetricRegistriesImpl.java:lambda$create$1(61)) - First MetricRegistry has been created without registering reporters. You may need to call MetricRegistries.global().addReportRegistration(...) before.
2019-11-01 01:26:04,361 [pool-37-thread-1] INFO  server.RaftServerConfigKeys (ConfUtils.java:logGet(43)) - raft.server.retrycache.expirytime = 600000ms (custom)
2019-11-01 01:26:04,361 [pool-67-thread-1] INFO  server.RaftServerConfigKeys (ConfUtils.java:logGet(43)) - raft.server.log.statemachine.data.caching.enabled = true (custom)
2019-11-01 01:26:04,361 [pool-27-thread-1] WARN  impl.MetricRegistriesImpl (MetricRegistriesImpl.java:lambda$create$1(61)) - First MetricRegistry has been created without registering reporters. You may need to call MetricRegistries.global().addReportRegistration(...) before.
2019-11-01 01:26:04,361 [pool-37-thread-1] WARN  impl.MetricRegistriesImpl (MetricRegistriesImpl.java:lambda$create$1(61)) - First MetricRegistry has been created without registering reporters. You may need to call MetricRegistries.global().addReportRegistration(...) before.
2019-11-01 01:26:04,362 [pool-67-thread-1] INFO  segmented.SegmentedRaftLogWorker (SegmentedRaftLogWorker.java:lambda$new$0(128)) - 32db78ba-36ff-4254-bf6e-67e7bcfc9e39@group-25B27BB5DF37-SegmentedRaftLogWorker: flushIndex: setUnconditionally 0 -> -1
2019-11-01 01:26:04,362 [pool-37-thread-1] WARN  impl.MetricRegistriesImpl (MetricRegistriesImpl.java:lambda$create$1(61)) - First MetricRegistry has been created without registering reporters. You may need to call MetricRegistries.global().addReportRegistration(...) before.
2019-11-01 01:26:04,362 [pool-67-thread-1] INFO  server.RaftServerConfigKeys (ConfUtils.java:logGet(43)) - raft.server.snapshot.auto.trigger.enabled = true (custom)
2019-11-01 01:26:04,362 [pool-67-thread-1] INFO  server.RaftServerConfigKeys (ConfUtils.java:logGet(43)) - raft.server.snapshot.auto.trigger.threshold = 10000 (custom)
2019-11-01 01:26:04,362 [pool-67-thread-1] INFO  server.RaftServerConfigKeys (ConfUtils.java:logGet(43)) - raft.server.snapshot.retention.file.num = 5 (custom)
2019-11-01 01:26:04,362 [pool-67-thread-1] INFO  server.RaftServerConfigKeys (ConfUtils.java:logGet(43)) - raft.server.retrycache.expirytime = 600000ms (custom)
2019-11-01 01:26:04,362 [pool-67-thread-1] WARN  impl.MetricRegistriesImpl (MetricRegistriesImpl.java:lambda$create$1(61)) - First MetricRegistry has been created without registering reporters. You may need to call MetricRegistries.global().addReportRegistration(...) before.
2019-11-01 01:26:04,363 [pool-67-thread-1] WARN  impl.MetricRegistriesImpl (MetricRegistriesImpl.java:lambda$create$1(61)) - First MetricRegistry has been created without registering reporters. You may need to call MetricRegistries.global().addReportRegistration(...) before.
2019-11-01 01:26:04,364 [pool-27-thread-1] INFO  impl.RaftServerImpl (RaftServerImpl.java:<init>(98)) - 40b7f987-8e06-4ef9-abdc-8715eb833c11: new RaftServerImpl for group-25B27BB5DF37:[40b7f987-8e06-4ef9-abdc-8715eb833c11:192.168.69.91:34918, 32db78ba-36ff-4254-bf6e-67e7bcfc9e39:192.168.69.91:37505, cb510fb7-fc87-4880-9dcd-5d4a84db871b:192.168.69.91:33685] with ContainerStateMachine:uninitialized
2019-11-01 01:26:04,364 [pool-27-thread-1] INFO  server.RaftServerConfigKeys (ConfUtils.java:logGet(43)) - raft.server.rpc.timeout.min = 5s (custom)
2019-11-01 01:26:04,364 [pool-27-thread-1] INFO  server.RaftServerConfigKeys (ConfUtils.java:logGet(43)) - raft.server.rpc.timeout.max = 5200ms (custom)
2019-11-01 01:26:04,364 [pool-27-thread-1] INFO  server.RaftServerConfigKeys (ConfUtils.java:logGet(43)) - raft.server.rpcslowness.timeout = 120s (custom)
2019-11-01 01:26:04,364 [pool-27-thread-1] INFO  server.RaftServerConfigKeys (ConfUtils.java:logGet(43)) - raft.server.sleep.deviation.threshold = 300 (default)
2019-11-01 01:26:04,364 [pool-27-thread-1] INFO  server.RaftServerConfigKeys (ConfUtils.java:logGet(43)) - raft.server.log.appender.install.snapshot.enabled = false (custom)
2019-11-01 01:26:04,364 [pool-27-thread-1] INFO  impl.RaftServerImpl (ServerState.java:<init>(103)) - 40b7f987-8e06-4ef9-abdc-8715eb833c11@group-25B27BB5DF37: ConfigurationManager, init=-1: [40b7f987-8e06-4ef9-abdc-8715eb833c11:192.168.69.91:34918, 32db78ba-36ff-4254-bf6e-67e7bcfc9e39:192.168.69.91:37505, cb510fb7-fc87-4880-9dcd-5d4a84db871b:192.168.69.91:33685], old=null, confs=<EMPTY_MAP>
2019-11-01 01:26:04,365 [pool-67-thread-1] INFO  impl.RaftServerImpl (RaftServerImpl.java:<init>(98)) - 32db78ba-36ff-4254-bf6e-67e7bcfc9e39: new RaftServerImpl for group-1D993DC43990:[40b7f987-8e06-4ef9-abdc-8715eb833c11:192.168.69.91:34918, 32db78ba-36ff-4254-bf6e-67e7bcfc9e39:192.168.69.91:37505, cb510fb7-fc87-4880-9dcd-5d4a84db871b:192.168.69.91:33685] with ContainerStateMachine:uninitialized
2019-11-01 01:26:04,365 [pool-27-thread-1] INFO  server.RaftServerConfigKeys (ConfUtils.java:logGet(43)) - raft.server.storage.dir = [/workdir/hadoop-ozone/tools/target/test-dir/MiniOzoneClusterImpl-17d7739a-f662-4c88-9e51-3c637963011a/datanode-0/data/ratis] (custom)
2019-11-01 01:26:04,365 [pool-67-thread-1] INFO  server.RaftServerConfigKeys (ConfUtils.java:logGet(43)) - raft.server.rpc.timeout.min = 5s (custom)
2019-11-01 01:26:04,365 [pool-67-thread-1] INFO  server.RaftServerConfigKeys (ConfUtils.java:logGet(43)) - raft.server.rpc.timeout.max = 5200ms (custom)
2019-11-01 01:26:04,365 [pool-27-thread-1] INFO  server.RaftServerConfigKeys (ConfUtils.java:logGet(43)) - raft.server.log.corruption.policy = EXCEPTION (default)
2019-11-01 01:26:04,365 [pool-67-thread-1] INFO  server.RaftServerConfigKeys (ConfUtils.java:logGet(43)) - raft.server.rpcslowness.timeout = 120s (custom)
2019-11-01 01:26:04,365 [pool-27-thread-1] INFO  storage.RaftStorageDirectory (RaftStorageDirectory.java:analyzeStorage(246)) - The storage directory /workdir/hadoop-ozone/tools/target/test-dir/MiniOzoneClusterImpl-17d7739a-f662-4c88-9e51-3c637963011a/datanode-0/data/ratis/7c2ebd5f-b213-48bd-92e2-25b27bb5df37 does not exist. Creating ...
2019-11-01 01:26:04,365 [pool-67-thread-1] INFO  server.RaftServerConfigKeys (ConfUtils.java:logGet(43)) - raft.server.sleep.deviation.threshold = 300 (default)
2019-11-01 01:26:04,365 [pool-67-thread-1] INFO  server.RaftServerConfigKeys (ConfUtils.java:logGet(43)) - raft.server.log.appender.install.snapshot.enabled = false (custom)
2019-11-01 01:26:04,366 [pool-67-thread-1] INFO  impl.RaftServerImpl (ServerState.java:<init>(103)) - 32db78ba-36ff-4254-bf6e-67e7bcfc9e39@group-1D993DC43990: ConfigurationManager, init=-1: [40b7f987-8e06-4ef9-abdc-8715eb833c11:192.168.69.91:34918, 32db78ba-36ff-4254-bf6e-67e7bcfc9e39:192.168.69.91:37505, cb510fb7-fc87-4880-9dcd-5d4a84db871b:192.168.69.91:33685], old=null, confs=<EMPTY_MAP>
2019-11-01 01:26:04,366 [pool-37-thread-1] INFO  impl.RaftServerImpl (RaftServerImpl.java:<init>(98)) - cb510fb7-fc87-4880-9dcd-5d4a84db871b: new RaftServerImpl for group-1D993DC43990:[40b7f987-8e06-4ef9-abdc-8715eb833c11:192.168.69.91:34918, 32db78ba-36ff-4254-bf6e-67e7bcfc9e39:192.168.69.91:37505, cb510fb7-fc87-4880-9dcd-5d4a84db871b:192.168.69.91:33685] with ContainerStateMachine:uninitialized
2019-11-01 01:26:04,366 [pool-67-thread-1] INFO  server.RaftServerConfigKeys (ConfUtils.java:logGet(43)) - raft.server.storage.dir = [/workdir/hadoop-ozone/tools/target/test-dir/MiniOzoneClusterImpl-17d7739a-f662-4c88-9e51-3c637963011a/datanode-4/data/ratis] (custom)
2019-11-01 01:26:04,366 [pool-37-thread-1] INFO  server.RaftServerConfigKeys (ConfUtils.java:logGet(43)) - raft.server.rpc.timeout.min = 5s (custom)
2019-11-01 01:26:04,366 [pool-37-thread-1] INFO  server.RaftServerConfigKeys (ConfUtils.java:logGet(43)) - raft.server.rpc.timeout.max = 5200ms (custom)
2019-11-01 01:26:04,366 [pool-67-thread-1] INFO  server.RaftServerConfigKeys (ConfUtils.java:logGet(43)) - raft.server.log.corruption.policy = EXCEPTION (default)
2019-11-01 01:26:04,366 [pool-37-thread-1] INFO  server.RaftServerConfigKeys (ConfUtils.java:logGet(43)) - raft.server.rpcslowness.timeout = 120s (custom)
2019-11-01 01:26:04,366 [pool-67-thread-1] INFO  storage.RaftStorageDirectory (RaftStorageDirectory.java:analyzeStorage(246)) - The storage directory /workdir/hadoop-ozone/tools/target/test-dir/MiniOzoneClusterImpl-17d7739a-f662-4c88-9e51-3c637963011a/datanode-4/data/ratis/d4b00838-5f8d-425a-97e2-1d993dc43990 does not exist. Creating ...
2019-11-01 01:26:04,366 [pool-37-thread-1] INFO  server.RaftServerConfigKeys (ConfUtils.java:logGet(43)) - raft.server.sleep.deviation.threshold = 300 (default)
2019-11-01 01:26:04,366 [pool-37-thread-1] INFO  server.RaftServerConfigKeys (ConfUtils.java:logGet(43)) - raft.server.log.appender.install.snapshot.enabled = false (custom)
2019-11-01 01:26:04,367 [pool-37-thread-1] INFO  impl.RaftServerImpl (ServerState.java:<init>(103)) - cb510fb7-fc87-4880-9dcd-5d4a84db871b@group-1D993DC43990: ConfigurationManager, init=-1: [40b7f987-8e06-4ef9-abdc-8715eb833c11:192.168.69.91:34918, 32db78ba-36ff-4254-bf6e-67e7bcfc9e39:192.168.69.91:37505, cb510fb7-fc87-4880-9dcd-5d4a84db871b:192.168.69.91:33685], old=null, confs=<EMPTY_MAP>
2019-11-01 01:26:04,367 [pool-37-thread-1] INFO  server.RaftServerConfigKeys (ConfUtils.java:logGet(43)) - raft.server.storage.dir = [/workdir/hadoop-ozone/tools/target/test-dir/MiniOzoneClusterImpl-17d7739a-f662-4c88-9e51-3c637963011a/datanode-1/data/ratis] (custom)
2019-11-01 01:26:04,367 [pool-37-thread-1] INFO  server.RaftServerConfigKeys (ConfUtils.java:logGet(43)) - raft.server.log.corruption.policy = EXCEPTION (default)
2019-11-01 01:26:04,367 [pool-37-thread-1] INFO  storage.RaftStorageDirectory (RaftStorageDirectory.java:analyzeStorage(246)) - The storage directory /workdir/hadoop-ozone/tools/target/test-dir/MiniOzoneClusterImpl-17d7739a-f662-4c88-9e51-3c637963011a/datanode-1/data/ratis/d4b00838-5f8d-425a-97e2-1d993dc43990 does not exist. Creating ...
2019-11-01 01:26:04,389 [pool-67-thread-1] INFO  storage.RaftStorageDirectory (RaftStorageDirectory.java:tryLock(328)) - Lock on /workdir/hadoop-ozone/tools/target/test-dir/MiniOzoneClusterImpl-17d7739a-f662-4c88-9e51-3c637963011a/datanode-4/data/ratis/d4b00838-5f8d-425a-97e2-1d993dc43990/in_use.lock acquired by nodename 4689@pr-hdds-2364-master-qchwk-3441104375
2019-11-01 01:26:04,389 [pool-27-thread-1] INFO  storage.RaftStorageDirectory (RaftStorageDirectory.java:tryLock(328)) - Lock on /workdir/hadoop-ozone/tools/target/test-dir/MiniOzoneClusterImpl-17d7739a-f662-4c88-9e51-3c637963011a/datanode-0/data/ratis/7c2ebd5f-b213-48bd-92e2-25b27bb5df37/in_use.lock acquired by nodename 4689@pr-hdds-2364-master-qchwk-3441104375
2019-11-01 01:26:04,389 [pool-37-thread-1] INFO  storage.RaftStorageDirectory (RaftStorageDirectory.java:tryLock(328)) - Lock on /workdir/hadoop-ozone/tools/target/test-dir/MiniOzoneClusterImpl-17d7739a-f662-4c88-9e51-3c637963011a/datanode-1/data/ratis/d4b00838-5f8d-425a-97e2-1d993dc43990/in_use.lock acquired by nodename 4689@pr-hdds-2364-master-qchwk-3441104375
2019-11-01 01:26:04,405 [pool-67-thread-1] INFO  storage.RaftStorage (RaftStorage.java:format(84)) - Storage directory /workdir/hadoop-ozone/tools/target/test-dir/MiniOzoneClusterImpl-17d7739a-f662-4c88-9e51-3c637963011a/datanode-4/data/ratis/d4b00838-5f8d-425a-97e2-1d993dc43990 has been successfully formatted.
2019-11-01 01:26:04,405 [pool-27-thread-1] INFO  storage.RaftStorage (RaftStorage.java:format(84)) - Storage directory /workdir/hadoop-ozone/tools/target/test-dir/MiniOzoneClusterImpl-17d7739a-f662-4c88-9e51-3c637963011a/datanode-0/data/ratis/7c2ebd5f-b213-48bd-92e2-25b27bb5df37 has been successfully formatted.
2019-11-01 01:26:04,405 [pool-37-thread-1] INFO  storage.RaftStorage (RaftStorage.java:format(84)) - Storage directory /workdir/hadoop-ozone/tools/target/test-dir/MiniOzoneClusterImpl-17d7739a-f662-4c88-9e51-3c637963011a/datanode-1/data/ratis/d4b00838-5f8d-425a-97e2-1d993dc43990 has been successfully formatted.
2019-11-01 01:26:04,405 [pool-67-thread-1] INFO  ratis.ContainerStateMachine (ContainerStateMachine.java:loadSnapshot(231)) - group-1D993DC43990: The snapshot info is null. Setting the last applied indexto:(t:0, i:~)
2019-11-01 01:26:04,406 [pool-37-thread-1] INFO  ratis.ContainerStateMachine (ContainerStateMachine.java:loadSnapshot(231)) - group-1D993DC43990: The snapshot info is null. Setting the last applied indexto:(t:0, i:~)
2019-11-01 01:26:04,406 [pool-27-thread-1] INFO  ratis.ContainerStateMachine (ContainerStateMachine.java:loadSnapshot(231)) - group-25B27BB5DF37: The snapshot info is null. Setting the last applied indexto:(t:0, i:~)
2019-11-01 01:26:04,406 [pool-37-thread-1] INFO  server.RaftServerConfigKeys (ConfUtils.java:logGet(43)) - raft.server.notification.no-leader.timeout = 120s (custom)
2019-11-01 01:26:04,406 [pool-37-thread-1] INFO  server.RaftServerConfigKeys (ConfUtils.java:logGet(43)) - raft.server.log.use.memory = false (default)
2019-11-01 01:26:04,406 [pool-67-thread-1] INFO  server.RaftServerConfigKeys (ConfUtils.java:logGet(43)) - raft.server.notification.no-leader.timeout = 120s (custom)
2019-11-01 01:26:04,406 [pool-37-thread-1] INFO  server.RaftServerConfigKeys (ConfUtils.java:logGet(43)) - raft.server.log.purge.gap = 1000000 (custom)
2019-11-01 01:26:04,406 [pool-27-thread-1] INFO  server.RaftServerConfigKeys (ConfUtils.java:logGet(43)) - raft.server.notification.no-leader.timeout = 120s (custom)
2019-11-01 01:26:04,407 [pool-37-thread-1] INFO  server.RaftServerConfigKeys (ConfUtils.java:logGet(43)) - raft.server.log.appender.buffer.byte-limit = 33554432 (custom)
2019-11-01 01:26:04,407 [pool-67-thread-1] INFO  server.RaftServerConfigKeys (ConfUtils.java:logGet(43)) - raft.server.log.use.memory = false (default)
2019-11-01 01:26:04,407 [pool-37-thread-1] INFO  server.RaftServerConfigKeys (ConfUtils.java:logGet(43)) - raft.server.log.segment.size.max = 1048576 (custom)
2019-11-01 01:26:04,407 [pool-27-thread-1] INFO  server.RaftServerConfigKeys (ConfUtils.java:logGet(43)) - raft.server.log.use.memory = false (default)
2019-11-01 01:26:04,407 [pool-37-thread-1] INFO  server.RaftServerConfigKeys (ConfUtils.java:logGet(43)) - raft.server.log.segment.cache.num.max = 2 (custom)
2019-11-01 01:26:04,407 [pool-67-thread-1] INFO  server.RaftServerConfigKeys (ConfUtils.java:logGet(43)) - raft.server.log.purge.gap = 1000000 (custom)
2019-11-01 01:26:04,408 [pool-37-thread-1] INFO  segmented.SegmentedRaftLogWorker (SegmentedRaftLogWorker.java:<init>(173)) - new cb510fb7-fc87-4880-9dcd-5d4a84db871b@group-1D993DC43990-SegmentedRaftLogWorker for RaftStorage:Storage Directory /workdir/hadoop-ozone/tools/target/test-dir/MiniOzoneClusterImpl-17d7739a-f662-4c88-9e51-3c637963011a/datanode-1/data/ratis/d4b00838-5f8d-425a-97e2-1d993dc43990
2019-11-01 01:26:04,407 [pool-27-thread-1] INFO  server.RaftServerConfigKeys (ConfUtils.java:logGet(43)) - raft.server.log.purge.gap = 1000000 (custom)
2019-11-01 01:26:04,408 [pool-37-thread-1] INFO  server.RaftServerConfigKeys (ConfUtils.java:logGet(43)) - raft.server.log.queue.byte-limit = 2147483647 (custom)
2019-11-01 01:26:04,408 [pool-37-thread-1] INFO  server.RaftServerConfigKeys (ConfUtils.java:logGet(43)) - raft.server.log.queue.element-limit = 1024 (custom)
2019-11-01 01:26:04,408 [pool-67-thread-1] INFO  server.RaftServerConfigKeys (ConfUtils.java:logGet(43)) - raft.server.log.appender.buffer.byte-limit = 33554432 (custom)
2019-11-01 01:26:04,408 [pool-37-thread-1] INFO  server.RaftServerConfigKeys (ConfUtils.java:logGet(43)) - raft.server.log.segment.size.max = 1048576 (custom)
2019-11-01 01:26:04,408 [pool-27-thread-1] INFO  server.RaftServerConfigKeys (ConfUtils.java:logGet(43)) - raft.server.log.appender.buffer.byte-limit = 33554432 (custom)
2019-11-01 01:26:04,409 [pool-37-thread-1] INFO  server.RaftServerConfigKeys (ConfUtils.java:logGet(43)) - raft.server.log.preallocated.size = 16384 (custom)
2019-11-01 01:26:04,409 [pool-67-thread-1] INFO  server.RaftServerConfigKeys (ConfUtils.java:logGet(43)) - raft.server.log.segment.size.max = 1048576 (custom)
2019-11-01 01:26:04,409 [pool-37-thread-1] INFO  server.RaftServerConfigKeys (ConfUtils.java:logGet(43)) - raft.server.log.write.buffer.size = 33554432 (custom)
2019-11-01 01:26:04,409 [pool-27-thread-1] INFO  server.RaftServerConfigKeys (ConfUtils.java:logGet(43)) - raft.server.log.segment.size.max = 1048576 (custom)
2019-11-01 01:26:04,409 [pool-37-thread-1] INFO  server.RaftServerConfigKeys (ConfUtils.java:logGet(43)) - raft.server.log.force.sync.num = 128 (default)
2019-11-01 01:26:04,410 [pool-37-thread-1] INFO  server.RaftServerConfigKeys (ConfUtils.java:logGet(43)) - raft.server.log.statemachine.data.sync = true (default)
2019-11-01 01:26:04,409 [pool-67-thread-1] INFO  server.RaftServerConfigKeys (ConfUtils.java:logGet(43)) - raft.server.log.segment.cache.num.max = 2 (custom)
2019-11-01 01:26:04,410 [pool-37-thread-1] INFO  server.RaftServerConfigKeys (ConfUtils.java:logGet(43)) - raft.server.log.statemachine.data.sync.timeout = 10s (default)
2019-11-01 01:26:04,410 [pool-27-thread-1] INFO  server.RaftServerConfigKeys (ConfUtils.java:logGet(43)) - raft.server.log.segment.cache.num.max = 2 (custom)
2019-11-01 01:26:04,410 [pool-37-thread-1] INFO  server.RaftServerConfigKeys (ConfUtils.java:logGet(43)) - raft.server.log.statemachine.data.sync.timeout.retry = -1 (default)
2019-11-01 01:26:04,410 [pool-67-thread-1] INFO  segmented.SegmentedRaftLogWorker (SegmentedRaftLogWorker.java:<init>(173)) - new 32db78ba-36ff-4254-bf6e-67e7bcfc9e39@group-1D993DC43990-SegmentedRaftLogWorker for RaftStorage:Storage Directory /workdir/hadoop-ozone/tools/target/test-dir/MiniOzoneClusterImpl-17d7739a-f662-4c88-9e51-3c637963011a/datanode-4/data/ratis/d4b00838-5f8d-425a-97e2-1d993dc43990
2019-11-01 01:26:04,411 [pool-37-thread-1] INFO  server.RaftServerConfigKeys (ConfUtils.java:logGet(43)) - raft.server.log.statemachine.data.caching.enabled = true (custom)
2019-11-01 01:26:04,410 [pool-27-thread-1] INFO  segmented.SegmentedRaftLogWorker (SegmentedRaftLogWorker.java:<init>(173)) - new 40b7f987-8e06-4ef9-abdc-8715eb833c11@group-25B27BB5DF37-SegmentedRaftLogWorker for RaftStorage:Storage Directory /workdir/hadoop-ozone/tools/target/test-dir/MiniOzoneClusterImpl-17d7739a-f662-4c88-9e51-3c637963011a/datanode-0/data/ratis/7c2ebd5f-b213-48bd-92e2-25b27bb5df37
2019-11-01 01:26:04,411 [pool-67-thread-1] INFO  server.RaftServerConfigKeys (ConfUtils.java:logGet(43)) - raft.server.log.queue.byte-limit = 2147483647 (custom)
2019-11-01 01:26:04,411 [pool-37-thread-1] INFO  segmented.SegmentedRaftLogWorker (SegmentedRaftLogWorker.java:lambda$new$0(128)) - cb510fb7-fc87-4880-9dcd-5d4a84db871b@group-1D993DC43990-SegmentedRaftLogWorker: flushIndex: setUnconditionally 0 -> -1
2019-11-01 01:26:04,411 [pool-27-thread-1] INFO  server.RaftServerConfigKeys (ConfUtils.java:logGet(43)) - raft.server.log.queue.byte-limit = 2147483647 (custom)
2019-11-01 01:26:04,411 [pool-67-thread-1] INFO  server.RaftServerConfigKeys (ConfUtils.java:logGet(43)) - raft.server.log.queue.element-limit = 1024 (custom)
2019-11-01 01:26:04,411 [pool-27-thread-1] INFO  server.RaftServerConfigKeys (ConfUtils.java:logGet(43)) - raft.server.log.queue.element-limit = 1024 (custom)
2019-11-01 01:26:04,412 [pool-67-thread-1] INFO  server.RaftServerConfigKeys (ConfUtils.java:logGet(43)) - raft.server.log.segment.size.max = 1048576 (custom)
2019-11-01 01:26:04,412 [pool-37-thread-1] INFO  server.RaftServerConfigKeys (ConfUtils.java:logGet(43)) - raft.server.snapshot.auto.trigger.enabled = true (custom)
2019-11-01 01:26:04,412 [pool-67-thread-1] INFO  server.RaftServerConfigKeys (ConfUtils.java:logGet(43)) - raft.server.log.preallocated.size = 16384 (custom)
2019-11-01 01:26:04,412 [pool-27-thread-1] INFO  server.RaftServerConfigKeys (ConfUtils.java:logGet(43)) - raft.server.log.segment.size.max = 1048576 (custom)
2019-11-01 01:26:04,412 [pool-67-thread-1] INFO  server.RaftServerConfigKeys (ConfUtils.java:logGet(43)) - raft.server.log.write.buffer.size = 33554432 (custom)
2019-11-01 01:26:04,412 [pool-37-thread-1] INFO  server.RaftServerConfigKeys (ConfUtils.java:logGet(43)) - raft.server.snapshot.auto.trigger.threshold = 10000 (custom)
2019-11-01 01:26:04,413 [pool-67-thread-1] INFO  server.RaftServerConfigKeys (ConfUtils.java:logGet(43)) - raft.server.log.force.sync.num = 128 (default)
2019-11-01 01:26:04,412 [pool-27-thread-1] INFO  server.RaftServerConfigKeys (ConfUtils.java:logGet(43)) - raft.server.log.preallocated.size = 16384 (custom)
2019-11-01 01:26:04,413 [pool-67-thread-1] INFO  server.RaftServerConfigKeys (ConfUtils.java:logGet(43)) - raft.server.log.statemachine.data.sync = true (default)
2019-11-01 01:26:04,413 [pool-37-thread-1] INFO  server.RaftServerConfigKeys (ConfUtils.java:logGet(43)) - raft.server.snapshot.retention.file.num = 5 (custom)
2019-11-01 01:26:04,413 [pool-67-thread-1] INFO  server.RaftServerConfigKeys (ConfUtils.java:logGet(43)) - raft.server.log.statemachine.data.sync.timeout = 10s (default)
2019-11-01 01:26:04,413 [pool-27-thread-1] INFO  server.RaftServerConfigKeys (ConfUtils.java:logGet(43)) - raft.server.log.write.buffer.size = 33554432 (custom)
2019-11-01 01:26:04,414 [pool-67-thread-1] INFO  server.RaftServerConfigKeys (ConfUtils.java:logGet(43)) - raft.server.log.statemachine.data.sync.timeout.retry = -1 (default)
2019-11-01 01:26:04,413 [pool-37-thread-1] INFO  server.RaftServerConfigKeys (ConfUtils.java:logGet(43)) - raft.server.retrycache.expirytime = 600000ms (custom)
2019-11-01 01:26:04,414 [pool-27-thread-1] INFO  server.RaftServerConfigKeys (ConfUtils.java:logGet(43)) - raft.server.log.force.sync.num = 128 (default)
2019-11-01 01:26:04,414 [pool-67-thread-1] INFO  server.RaftServerConfigKeys (ConfUtils.java:logGet(43)) - raft.server.log.statemachine.data.caching.enabled = true (custom)
2019-11-01 01:26:04,414 [pool-27-thread-1] INFO  server.RaftServerConfigKeys (ConfUtils.java:logGet(43)) - raft.server.log.statemachine.data.sync = true (default)
2019-11-01 01:26:04,414 [pool-37-thread-1] WARN  impl.MetricRegistriesImpl (MetricRegistriesImpl.java:lambda$create$1(61)) - First MetricRegistry has been created without registering reporters. You may need to call MetricRegistries.global().addReportRegistration(...) before.
2019-11-01 01:26:04,414 [pool-67-thread-1] INFO  segmented.SegmentedRaftLogWorker (SegmentedRaftLogWorker.java:lambda$new$0(128)) - 32db78ba-36ff-4254-bf6e-67e7bcfc9e39@group-1D993DC43990-SegmentedRaftLogWorker: flushIndex: setUnconditionally 0 -> -1
2019-11-01 01:26:04,414 [pool-27-thread-1] INFO  server.RaftServerConfigKeys (ConfUtils.java:logGet(43)) - raft.server.log.statemachine.data.sync.timeout = 10s (default)
2019-11-01 01:26:04,415 [pool-37-thread-1] WARN  impl.MetricRegistriesImpl (MetricRegistriesImpl.java:lambda$create$1(61)) - First MetricRegistry has been created without registering reporters. You may need to call MetricRegistries.global().addReportRegistration(...) before.
2019-11-01 01:26:04,415 [pool-67-thread-1] INFO  server.RaftServerConfigKeys (ConfUtils.java:logGet(43)) - raft.server.snapshot.auto.trigger.enabled = true (custom)
2019-11-01 01:26:04,415 [pool-27-thread-1] INFO  server.RaftServerConfigKeys (ConfUtils.java:logGet(43)) - raft.server.log.statemachine.data.sync.timeout.retry = -1 (default)
2019-11-01 01:26:04,415 [pool-67-thread-1] INFO  server.RaftServerConfigKeys (ConfUtils.java:logGet(43)) - raft.server.snapshot.auto.trigger.threshold = 10000 (custom)
2019-11-01 01:26:04,416 [pool-27-thread-1] INFO  server.RaftServerConfigKeys (ConfUtils.java:logGet(43)) - raft.server.log.statemachine.data.caching.enabled = true (custom)
2019-11-01 01:26:04,415 [pool-37-thread-1] INFO  impl.RaftServerImpl (RaftServerImpl.java:start(184)) - cb510fb7-fc87-4880-9dcd-5d4a84db871b@group-B30DA263D364: start as a follower, conf=-1: [40b7f987-8e06-4ef9-abdc-8715eb833c11:192.168.69.91:34918, 32db78ba-36ff-4254-bf6e-67e7bcfc9e39:192.168.69.91:37505, cb510fb7-fc87-4880-9dcd-5d4a84db871b:192.168.69.91:33685], old=null
2019-11-01 01:26:04,416 [pool-27-thread-1] INFO  segmented.SegmentedRaftLogWorker (SegmentedRaftLogWorker.java:lambda$new$0(128)) - 40b7f987-8e06-4ef9-abdc-8715eb833c11@group-25B27BB5DF37-SegmentedRaftLogWorker: flushIndex: setUnconditionally 0 -> -1
2019-11-01 01:26:04,416 [pool-67-thread-1] INFO  server.RaftServerConfigKeys (ConfUtils.java:logGet(43)) - raft.server.snapshot.retention.file.num = 5 (custom)
2019-11-01 01:26:04,416 [pool-37-thread-1] INFO  impl.RaftServerImpl (RaftServerImpl.java:setRole(173)) - cb510fb7-fc87-4880-9dcd-5d4a84db871b@group-B30DA263D364: changes role from      null to FOLLOWER at term 0 for startAsFollower
2019-11-01 01:26:04,416 [pool-67-thread-1] INFO  server.RaftServerConfigKeys (ConfUtils.java:logGet(43)) - raft.server.retrycache.expirytime = 600000ms (custom)
2019-11-01 01:26:04,416 [pool-27-thread-1] INFO  server.RaftServerConfigKeys (ConfUtils.java:logGet(43)) - raft.server.snapshot.auto.trigger.enabled = true (custom)
2019-11-01 01:26:04,417 [pool-67-thread-1] WARN  impl.MetricRegistriesImpl (MetricRegistriesImpl.java:lambda$create$1(61)) - First MetricRegistry has been created without registering reporters. You may need to call MetricRegistries.global().addReportRegistration(...) before.
2019-11-01 01:26:04,417 [pool-37-thread-1] INFO  impl.RoleInfo (RoleInfo.java:updateAndGet(143)) - cb510fb7-fc87-4880-9dcd-5d4a84db871b: start FollowerState
2019-11-01 01:26:04,417 [pool-67-thread-1] WARN  impl.MetricRegistriesImpl (MetricRegistriesImpl.java:lambda$create$1(61)) - First MetricRegistry has been created without registering reporters. You may need to call MetricRegistries.global().addReportRegistration(...) before.
2019-11-01 01:26:04,417 [pool-27-thread-1] INFO  server.RaftServerConfigKeys (ConfUtils.java:logGet(43)) - raft.server.snapshot.auto.trigger.threshold = 10000 (custom)
2019-11-01 01:26:04,417 [pool-27-thread-1] INFO  server.RaftServerConfigKeys (ConfUtils.java:logGet(43)) - raft.server.snapshot.retention.file.num = 5 (custom)
2019-11-01 01:26:04,417 [pool-67-thread-1] INFO  impl.RaftServerImpl (RaftServerImpl.java:start(184)) - 32db78ba-36ff-4254-bf6e-67e7bcfc9e39@group-B30DA263D364: start as a follower, conf=-1: [40b7f987-8e06-4ef9-abdc-8715eb833c11:192.168.69.91:34918, 32db78ba-36ff-4254-bf6e-67e7bcfc9e39:192.168.69.91:37505, cb510fb7-fc87-4880-9dcd-5d4a84db871b:192.168.69.91:33685], old=null
2019-11-01 01:26:04,418 [pool-27-thread-1] INFO  server.RaftServerConfigKeys (ConfUtils.java:logGet(43)) - raft.server.retrycache.expirytime = 600000ms (custom)
2019-11-01 01:26:04,418 [pool-37-thread-1] INFO  util.JmxRegister (JmxRegister.java:tryRegister(44)) - Successfully registered JMX Bean with object name Ratis:service=RaftServer,group=group-B30DA263D364,id=cb510fb7-fc87-4880-9dcd-5d4a84db871b
2019-11-01 01:26:04,418 [pool-67-thread-1] INFO  impl.RaftServerImpl (RaftServerImpl.java:setRole(173)) - 32db78ba-36ff-4254-bf6e-67e7bcfc9e39@group-B30DA263D364: changes role from      null to FOLLOWER at term 0 for startAsFollower
2019-11-01 01:26:04,418 [pool-37-thread-1] WARN  impl.MetricRegistriesImpl (MetricRegistriesImpl.java:lambda$create$1(61)) - First MetricRegistry has been created without registering reporters. You may need to call MetricRegistries.global().addReportRegistration(...) before.
2019-11-01 01:26:04,418 [pool-27-thread-1] WARN  impl.MetricRegistriesImpl (MetricRegistriesImpl.java:lambda$create$1(61)) - First MetricRegistry has been created without registering reporters. You may need to call MetricRegistries.global().addReportRegistration(...) before.
2019-11-01 01:26:04,418 [pool-67-thread-1] INFO  impl.RoleInfo (RoleInfo.java:updateAndGet(143)) - 32db78ba-36ff-4254-bf6e-67e7bcfc9e39: start FollowerState
2019-11-01 01:26:04,419 [pool-27-thread-1] WARN  impl.MetricRegistriesImpl (MetricRegistriesImpl.java:lambda$create$1(61)) - First MetricRegistry has been created without registering reporters. You may need to call MetricRegistries.global().addReportRegistration(...) before.
2019-11-01 01:26:04,419 [pool-27-thread-1] INFO  impl.RaftServerImpl (RaftServerImpl.java:start(184)) - 40b7f987-8e06-4ef9-abdc-8715eb833c11@group-F4B7B8AA5D47: start as a follower, conf=-1: [40b7f987-8e06-4ef9-abdc-8715eb833c11:192.168.69.91:34918, 32db78ba-36ff-4254-bf6e-67e7bcfc9e39:192.168.69.91:37505, cb510fb7-fc87-4880-9dcd-5d4a84db871b:192.168.69.91:33685], old=null
2019-11-01 01:26:04,419 [pool-27-thread-1] INFO  impl.RaftServerImpl (RaftServerImpl.java:setRole(173)) - 40b7f987-8e06-4ef9-abdc-8715eb833c11@group-F4B7B8AA5D47: changes role from      null to FOLLOWER at term 0 for startAsFollower
2019-11-01 01:26:04,419 [pool-37-thread-1] INFO  impl.RaftServerImpl (RaftServerImpl.java:start(184)) - cb510fb7-fc87-4880-9dcd-5d4a84db871b@group-463ABB98F6A5: start as a follower, conf=-1: [40b7f987-8e06-4ef9-abdc-8715eb833c11:192.168.69.91:34918, 32db78ba-36ff-4254-bf6e-67e7bcfc9e39:192.168.69.91:37505, cb510fb7-fc87-4880-9dcd-5d4a84db871b:192.168.69.91:33685], old=null
2019-11-01 01:26:04,419 [pool-27-thread-1] INFO  impl.RoleInfo (RoleInfo.java:updateAndGet(143)) - 40b7f987-8e06-4ef9-abdc-8715eb833c11: start FollowerState
2019-11-01 01:26:04,419 [pool-67-thread-1] INFO  util.JmxRegister (JmxRegister.java:tryRegister(44)) - Successfully registered JMX Bean with object name Ratis:service=RaftServer,group=group-B30DA263D364,id=32db78ba-36ff-4254-bf6e-67e7bcfc9e39
2019-11-01 01:26:04,419 [pool-37-thread-1] INFO  impl.RaftServerImpl (RaftServerImpl.java:setRole(173)) - cb510fb7-fc87-4880-9dcd-5d4a84db871b@group-463ABB98F6A5: changes role from      null to FOLLOWER at term 0 for startAsFollower
2019-11-01 01:26:04,420 [pool-67-thread-1] WARN  impl.MetricRegistriesImpl (MetricRegistriesImpl.java:lambda$create$1(61)) - First MetricRegistry has been created without registering reporters. You may need to call MetricRegistries.global().addReportRegistration(...) before.
2019-11-01 01:26:04,420 [pool-37-thread-1] INFO  impl.RoleInfo (RoleInfo.java:updateAndGet(143)) - cb510fb7-fc87-4880-9dcd-5d4a84db871b: start FollowerState
2019-11-01 01:26:04,420 [pool-27-thread-1] INFO  util.JmxRegister (JmxRegister.java:tryRegister(44)) - Successfully registered JMX Bean with object name Ratis:service=RaftServer,group=group-F4B7B8AA5D47,id=40b7f987-8e06-4ef9-abdc-8715eb833c11
2019-11-01 01:26:04,420 [pool-27-thread-1] WARN  impl.MetricRegistriesImpl (MetricRegistriesImpl.java:lambda$create$1(61)) - First MetricRegistry has been created without registering reporters. You may need to call MetricRegistries.global().addReportRegistration(...) before.
2019-11-01 01:26:04,421 [pool-67-thread-1] INFO  impl.RaftServerImpl (RaftServerImpl.java:start(184)) - 32db78ba-36ff-4254-bf6e-67e7bcfc9e39@group-463ABB98F6A5: start as a follower, conf=-1: [40b7f987-8e06-4ef9-abdc-8715eb833c11:192.168.69.91:34918, 32db78ba-36ff-4254-bf6e-67e7bcfc9e39:192.168.69.91:37505, cb510fb7-fc87-4880-9dcd-5d4a84db871b:192.168.69.91:33685], old=null
2019-11-01 01:26:04,421 [pool-37-thread-1] INFO  util.JmxRegister (JmxRegister.java:tryRegister(44)) - Successfully registered JMX Bean with object name Ratis:service=RaftServer,group=group-463ABB98F6A5,id=cb510fb7-fc87-4880-9dcd-5d4a84db871b
2019-11-01 01:26:04,421 [pool-67-thread-1] INFO  impl.RaftServerImpl (RaftServerImpl.java:setRole(173)) - 32db78ba-36ff-4254-bf6e-67e7bcfc9e39@group-463ABB98F6A5: changes role from      null to FOLLOWER at term 0 for startAsFollower
2019-11-01 01:26:04,421 [pool-37-thread-1] WARN  impl.MetricRegistriesImpl (MetricRegistriesImpl.java:lambda$create$1(61)) - First MetricRegistry has been created without registering reporters. You may need to call MetricRegistries.global().addReportRegistration(...) before.
2019-11-01 01:26:04,421 [pool-67-thread-1] INFO  impl.RoleInfo (RoleInfo.java:updateAndGet(143)) - 32db78ba-36ff-4254-bf6e-67e7bcfc9e39: start FollowerState
2019-11-01 01:26:04,422 [pool-37-thread-1] INFO  impl.RaftServerImpl (RaftServerImpl.java:start(184)) - cb510fb7-fc87-4880-9dcd-5d4a84db871b@group-920D79ED139C: start as a follower, conf=-1: [40b7f987-8e06-4ef9-abdc-8715eb833c11:192.168.69.91:34918, 32db78ba-36ff-4254-bf6e-67e7bcfc9e39:192.168.69.91:37505, cb510fb7-fc87-4880-9dcd-5d4a84db871b:192.168.69.91:33685], old=null
2019-11-01 01:26:04,422 [pool-67-thread-1] INFO  util.JmxRegister (JmxRegister.java:tryRegister(44)) - Successfully registered JMX Bean with object name Ratis:service=RaftServer,group=group-463ABB98F6A5,id=32db78ba-36ff-4254-bf6e-67e7bcfc9e39
2019-11-01 01:26:04,422 [pool-27-thread-1] INFO  impl.RaftServerImpl (RaftServerImpl.java:<init>(98)) - 40b7f987-8e06-4ef9-abdc-8715eb833c11: new RaftServerImpl for group-1D993DC43990:[40b7f987-8e06-4ef9-abdc-8715eb833c11:192.168.69.91:34918, 32db78ba-36ff-4254-bf6e-67e7bcfc9e39:192.168.69.91:37505, cb510fb7-fc87-4880-9dcd-5d4a84db871b:192.168.69.91:33685] with ContainerStateMachine:uninitialized
2019-11-01 01:26:04,422 [pool-37-thread-1] INFO  impl.RaftServerImpl (RaftServerImpl.java:setRole(173)) - cb510fb7-fc87-4880-9dcd-5d4a84db871b@group-920D79ED139C: changes role from      null to FOLLOWER at term 0 for startAsFollower
2019-11-01 01:26:04,422 [pool-27-thread-1] INFO  server.RaftServerConfigKeys (ConfUtils.java:logGet(43)) - raft.server.rpc.timeout.min = 5s (custom)
2019-11-01 01:26:04,422 [pool-67-thread-1] WARN  impl.MetricRegistriesImpl (MetricRegistriesImpl.java:lambda$create$1(61)) - First MetricRegistry has been created without registering reporters. You may need to call MetricRegistries.global().addReportRegistration(...) before.
2019-11-01 01:26:04,423 [pool-27-thread-1] INFO  server.RaftServerConfigKeys (ConfUtils.java:logGet(43)) - raft.server.rpc.timeout.max = 5200ms (custom)
2019-11-01 01:26:04,423 [pool-37-thread-1] INFO  impl.RoleInfo (RoleInfo.java:updateAndGet(143)) - cb510fb7-fc87-4880-9dcd-5d4a84db871b: start FollowerState
2019-11-01 01:26:04,423 [pool-27-thread-1] INFO  server.RaftServerConfigKeys (ConfUtils.java:logGet(43)) - raft.server.rpcslowness.timeout = 120s (custom)
2019-11-01 01:26:04,423 [pool-27-thread-1] INFO  server.RaftServerConfigKeys (ConfUtils.java:logGet(43)) - raft.server.sleep.deviation.threshold = 300 (default)
2019-11-01 01:26:04,423 [pool-27-thread-1] INFO  server.RaftServerConfigKeys (ConfUtils.java:logGet(43)) - raft.server.log.appender.install.snapshot.enabled = false (custom)
2019-11-01 01:26:04,423 [pool-67-thread-1] INFO  impl.RaftServerImpl (RaftServerImpl.java:start(184)) - 32db78ba-36ff-4254-bf6e-67e7bcfc9e39@group-920D79ED139C: start as a follower, conf=-1: [40b7f987-8e06-4ef9-abdc-8715eb833c11:192.168.69.91:34918, 32db78ba-36ff-4254-bf6e-67e7bcfc9e39:192.168.69.91:37505, cb510fb7-fc87-4880-9dcd-5d4a84db871b:192.168.69.91:33685], old=null
2019-11-01 01:26:04,423 [pool-27-thread-1] INFO  impl.RaftServerImpl (ServerState.java:<init>(103)) - 40b7f987-8e06-4ef9-abdc-8715eb833c11@group-1D993DC43990: ConfigurationManager, init=-1: [40b7f987-8e06-4ef9-abdc-8715eb833c11:192.168.69.91:34918, 32db78ba-36ff-4254-bf6e-67e7bcfc9e39:192.168.69.91:37505, cb510fb7-fc87-4880-9dcd-5d4a84db871b:192.168.69.91:33685], old=null, confs=<EMPTY_MAP>
2019-11-01 01:26:04,423 [pool-67-thread-1] INFO  impl.RaftServerImpl (RaftServerImpl.java:setRole(173)) - 32db78ba-36ff-4254-bf6e-67e7bcfc9e39@group-920D79ED139C: changes role from      null to FOLLOWER at term 0 for startAsFollower
2019-11-01 01:26:04,424 [pool-27-thread-1] INFO  server.RaftServerConfigKeys (ConfUtils.java:logGet(43)) - raft.server.storage.dir = [/workdir/hadoop-ozone/tools/target/test-dir/MiniOzoneClusterImpl-17d7739a-f662-4c88-9e51-3c637963011a/datanode-0/data/ratis] (custom)
2019-11-01 01:26:04,423 [pool-37-thread-1] INFO  util.JmxRegister (JmxRegister.java:tryRegister(44)) - Successfully registered JMX Bean with object name Ratis:service=RaftServer,group=group-920D79ED139C,id=cb510fb7-fc87-4880-9dcd-5d4a84db871b
2019-11-01 01:26:04,424 [pool-67-thread-1] INFO  impl.RoleInfo (RoleInfo.java:updateAndGet(143)) - 32db78ba-36ff-4254-bf6e-67e7bcfc9e39: start FollowerState
2019-11-01 01:26:04,424 [pool-27-thread-1] INFO  server.RaftServerConfigKeys (ConfUtils.java:logGet(43)) - raft.server.log.corruption.policy = EXCEPTION (default)
2019-11-01 01:26:04,424 [pool-37-thread-1] WARN  impl.MetricRegistriesImpl (MetricRegistriesImpl.java:lambda$create$1(61)) - First MetricRegistry has been created without registering reporters. You may need to call MetricRegistries.global().addReportRegistration(...) before.
2019-11-01 01:26:04,424 [pool-27-thread-1] INFO  storage.RaftStorageDirectory (RaftStorageDirectory.java:analyzeStorage(246)) - The storage directory /workdir/hadoop-ozone/tools/target/test-dir/MiniOzoneClusterImpl-17d7739a-f662-4c88-9e51-3c637963011a/datanode-0/data/ratis/d4b00838-5f8d-425a-97e2-1d993dc43990 does not exist. Creating ...
2019-11-01 01:26:04,424 [pool-67-thread-1] INFO  util.JmxRegister (JmxRegister.java:tryRegister(44)) - Successfully registered JMX Bean with object name Ratis:service=RaftServer,group=group-920D79ED139C,id=32db78ba-36ff-4254-bf6e-67e7bcfc9e39
2019-11-01 01:26:04,424 [pool-67-thread-1] WARN  impl.MetricRegistriesImpl (MetricRegistriesImpl.java:lambda$create$1(61)) - First MetricRegistry has been created without registering reporters. You may need to call MetricRegistries.global().addReportRegistration(...) before.
2019-11-01 01:26:04,425 [pool-37-thread-1] INFO  impl.RaftServerImpl (RaftServerImpl.java:start(184)) - cb510fb7-fc87-4880-9dcd-5d4a84db871b@group-56BF66CFB646: start as a follower, conf=-1: [40b7f987-8e06-4ef9-abdc-8715eb833c11:192.168.69.91:34918, 32db78ba-36ff-4254-bf6e-67e7bcfc9e39:192.168.69.91:37505, cb510fb7-fc87-4880-9dcd-5d4a84db871b:192.168.69.91:33685], old=null
2019-11-01 01:26:04,425 [pool-37-thread-1] INFO  impl.RaftServerImpl (RaftServerImpl.java:setRole(173)) - cb510fb7-fc87-4880-9dcd-5d4a84db871b@group-56BF66CFB646: changes role from      null to FOLLOWER at term 0 for startAsFollower
2019-11-01 01:26:04,425 [pool-37-thread-1] INFO  impl.RoleInfo (RoleInfo.java:updateAndGet(143)) - cb510fb7-fc87-4880-9dcd-5d4a84db871b: start FollowerState
2019-11-01 01:26:04,425 [pool-67-thread-1] INFO  impl.RaftServerImpl (RaftServerImpl.java:start(184)) - 32db78ba-36ff-4254-bf6e-67e7bcfc9e39@group-56BF66CFB646: start as a follower, conf=-1: [40b7f987-8e06-4ef9-abdc-8715eb833c11:192.168.69.91:34918, 32db78ba-36ff-4254-bf6e-67e7bcfc9e39:192.168.69.91:37505, cb510fb7-fc87-4880-9dcd-5d4a84db871b:192.168.69.91:33685], old=null
2019-11-01 01:26:04,426 [pool-67-thread-1] INFO  impl.RaftServerImpl (RaftServerImpl.java:setRole(173)) - 32db78ba-36ff-4254-bf6e-67e7bcfc9e39@group-56BF66CFB646: changes role from      null to FOLLOWER at term 0 for startAsFollower
2019-11-01 01:26:04,426 [pool-37-thread-1] INFO  util.JmxRegister (JmxRegister.java:tryRegister(44)) - Successfully registered JMX Bean with object name Ratis:service=RaftServer,group=group-56BF66CFB646,id=cb510fb7-fc87-4880-9dcd-5d4a84db871b
2019-11-01 01:26:04,426 [pool-37-thread-1] WARN  impl.MetricRegistriesImpl (MetricRegistriesImpl.java:lambda$create$1(61)) - First MetricRegistry has been created without registering reporters. You may need to call MetricRegistries.global().addReportRegistration(...) before.
2019-11-01 01:26:04,426 [pool-67-thread-1] INFO  impl.RoleInfo (RoleInfo.java:updateAndGet(143)) - 32db78ba-36ff-4254-bf6e-67e7bcfc9e39: start FollowerState
2019-11-01 01:26:04,427 [pool-67-thread-1] INFO  util.JmxRegister (JmxRegister.java:tryRegister(44)) - Successfully registered JMX Bean with object name Ratis:service=RaftServer,group=group-56BF66CFB646,id=32db78ba-36ff-4254-bf6e-67e7bcfc9e39
2019-11-01 01:26:04,427 [pool-67-thread-1] WARN  impl.MetricRegistriesImpl (MetricRegistriesImpl.java:lambda$create$1(61)) - First MetricRegistry has been created without registering reporters. You may need to call MetricRegistries.global().addReportRegistration(...) before.
2019-11-01 01:26:04,427 [pool-37-thread-1] INFO  impl.RaftServerImpl (RaftServerImpl.java:start(184)) - cb510fb7-fc87-4880-9dcd-5d4a84db871b@group-B4B47FFE905F: start as a follower, conf=-1: [40b7f987-8e06-4ef9-abdc-8715eb833c11:192.168.69.91:34918, 32db78ba-36ff-4254-bf6e-67e7bcfc9e39:192.168.69.91:37505, cb510fb7-fc87-4880-9dcd-5d4a84db871b:192.168.69.91:33685], old=null
2019-11-01 01:26:04,427 [pool-37-thread-1] INFO  impl.RaftServerImpl (RaftServerImpl.java:setRole(173)) - cb510fb7-fc87-4880-9dcd-5d4a84db871b@group-B4B47FFE905F: changes role from      null to FOLLOWER at term 0 for startAsFollower
2019-11-01 01:26:04,427 [pool-67-thread-1] INFO  impl.RaftServerImpl (RaftServerImpl.java:start(184)) - 32db78ba-36ff-4254-bf6e-67e7bcfc9e39@group-B4B47FFE905F: start as a follower, conf=-1: [40b7f987-8e06-4ef9-abdc-8715eb833c11:192.168.69.91:34918, 32db78ba-36ff-4254-bf6e-67e7bcfc9e39:192.168.69.91:37505, cb510fb7-fc87-4880-9dcd-5d4a84db871b:192.168.69.91:33685], old=null
2019-11-01 01:26:04,427 [pool-37-thread-1] INFO  impl.RoleInfo (RoleInfo.java:updateAndGet(143)) - cb510fb7-fc87-4880-9dcd-5d4a84db871b: start FollowerState
2019-11-01 01:26:04,427 [pool-67-thread-1] INFO  impl.RaftServerImpl (RaftServerImpl.java:setRole(173)) - 32db78ba-36ff-4254-bf6e-67e7bcfc9e39@group-B4B47FFE905F: changes role from      null to FOLLOWER at term 0 for startAsFollower
2019-11-01 01:26:04,432 [pool-67-thread-1] INFO  impl.RoleInfo (RoleInfo.java:updateAndGet(143)) - 32db78ba-36ff-4254-bf6e-67e7bcfc9e39: start FollowerState
2019-11-01 01:26:04,432 [pool-37-thread-1] INFO  util.JmxRegister (JmxRegister.java:tryRegister(44)) - Successfully registered JMX Bean with object name Ratis:service=RaftServer,group=group-B4B47FFE905F,id=cb510fb7-fc87-4880-9dcd-5d4a84db871b
2019-11-01 01:26:04,432 [pool-37-thread-1] WARN  impl.MetricRegistriesImpl (MetricRegistriesImpl.java:lambda$create$1(61)) - First MetricRegistry has been created without registering reporters. You may need to call MetricRegistries.global().addReportRegistration(...) before.
2019-11-01 01:26:04,433 [pool-67-thread-1] INFO  util.JmxRegister (JmxRegister.java:tryRegister(44)) - Successfully registered JMX Bean with object name Ratis:service=RaftServer,group=group-B4B47FFE905F,id=32db78ba-36ff-4254-bf6e-67e7bcfc9e39
2019-11-01 01:26:04,433 [pool-67-thread-1] WARN  impl.MetricRegistriesImpl (MetricRegistriesImpl.java:lambda$create$1(61)) - First MetricRegistry has been created without registering reporters. You may need to call MetricRegistries.global().addReportRegistration(...) before.
2019-11-01 01:26:04,433 [pool-37-thread-1] INFO  impl.RaftServerImpl (RaftServerImpl.java:start(184)) - cb510fb7-fc87-4880-9dcd-5d4a84db871b@group-25B27BB5DF37: start as a follower, conf=-1: [40b7f987-8e06-4ef9-abdc-8715eb833c11:192.168.69.91:34918, 32db78ba-36ff-4254-bf6e-67e7bcfc9e39:192.168.69.91:37505, cb510fb7-fc87-4880-9dcd-5d4a84db871b:192.168.69.91:33685], old=null
2019-11-01 01:26:04,436 [pool-37-thread-1] INFO  impl.RaftServerImpl (RaftServerImpl.java:setRole(173)) - cb510fb7-fc87-4880-9dcd-5d4a84db871b@group-25B27BB5DF37: changes role from      null to FOLLOWER at term 0 for startAsFollower
2019-11-01 01:26:04,436 [pool-67-thread-1] INFO  impl.RaftServerImpl (RaftServerImpl.java:start(184)) - 32db78ba-36ff-4254-bf6e-67e7bcfc9e39@group-25B27BB5DF37: start as a follower, conf=-1: [40b7f987-8e06-4ef9-abdc-8715eb833c11:192.168.69.91:34918, 32db78ba-36ff-4254-bf6e-67e7bcfc9e39:192.168.69.91:37505, cb510fb7-fc87-4880-9dcd-5d4a84db871b:192.168.69.91:33685], old=null
2019-11-01 01:26:04,436 [pool-37-thread-1] INFO  impl.RoleInfo (RoleInfo.java:updateAndGet(143)) - cb510fb7-fc87-4880-9dcd-5d4a84db871b: start FollowerState
2019-11-01 01:26:04,436 [pool-67-thread-1] INFO  impl.RaftServerImpl (RaftServerImpl.java:setRole(173)) - 32db78ba-36ff-4254-bf6e-67e7bcfc9e39@group-25B27BB5DF37: changes role from      null to FOLLOWER at term 0 for startAsFollower
2019-11-01 01:26:04,437 [pool-67-thread-1] INFO  impl.RoleInfo (RoleInfo.java:updateAndGet(143)) - 32db78ba-36ff-4254-bf6e-67e7bcfc9e39: start FollowerState
2019-11-01 01:26:04,437 [pool-37-thread-1] INFO  util.JmxRegister (JmxRegister.java:tryRegister(44)) - Successfully registered JMX Bean with object name Ratis:service=RaftServer,group=group-25B27BB5DF37,id=cb510fb7-fc87-4880-9dcd-5d4a84db871b
2019-11-01 01:26:04,437 [pool-37-thread-1] WARN  impl.MetricRegistriesImpl (MetricRegistriesImpl.java:lambda$create$1(61)) - First MetricRegistry has been created without registering reporters. You may need to call MetricRegistries.global().addReportRegistration(...) before.
2019-11-01 01:26:04,437 [pool-67-thread-1] INFO  util.JmxRegister (JmxRegister.java:tryRegister(44)) - Successfully registered JMX Bean with object name Ratis:service=RaftServer,group=group-25B27BB5DF37,id=32db78ba-36ff-4254-bf6e-67e7bcfc9e39
2019-11-01 01:26:04,437 [pool-67-thread-1] WARN  impl.MetricRegistriesImpl (MetricRegistriesImpl.java:lambda$create$1(61)) - First MetricRegistry has been created without registering reporters. You may need to call MetricRegistries.global().addReportRegistration(...) before.
2019-11-01 01:26:04,437 [pool-37-thread-1] INFO  impl.RaftServerImpl (RaftServerImpl.java:start(184)) - cb510fb7-fc87-4880-9dcd-5d4a84db871b@group-1D993DC43990: start as a follower, conf=-1: [40b7f987-8e06-4ef9-abdc-8715eb833c11:192.168.69.91:34918, 32db78ba-36ff-4254-bf6e-67e7bcfc9e39:192.168.69.91:37505, cb510fb7-fc87-4880-9dcd-5d4a84db871b:192.168.69.91:33685], old=null
2019-11-01 01:26:04,438 [pool-37-thread-1] INFO  impl.RaftServerImpl (RaftServerImpl.java:setRole(173)) - cb510fb7-fc87-4880-9dcd-5d4a84db871b@group-1D993DC43990: changes role from      null to FOLLOWER at term 0 for startAsFollower
2019-11-01 01:26:04,438 [pool-67-thread-1] INFO  impl.RaftServerImpl (RaftServerImpl.java:start(184)) - 32db78ba-36ff-4254-bf6e-67e7bcfc9e39@group-1D993DC43990: start as a follower, conf=-1: [40b7f987-8e06-4ef9-abdc-8715eb833c11:192.168.69.91:34918, 32db78ba-36ff-4254-bf6e-67e7bcfc9e39:192.168.69.91:37505, cb510fb7-fc87-4880-9dcd-5d4a84db871b:192.168.69.91:33685], old=null
2019-11-01 01:26:04,438 [pool-37-thread-1] INFO  impl.RoleInfo (RoleInfo.java:updateAndGet(143)) - cb510fb7-fc87-4880-9dcd-5d4a84db871b: start FollowerState
2019-11-01 01:26:04,438 [pool-67-thread-1] INFO  impl.RaftServerImpl (RaftServerImpl.java:setRole(173)) - 32db78ba-36ff-4254-bf6e-67e7bcfc9e39@group-1D993DC43990: changes role from      null to FOLLOWER at term 0 for startAsFollower
2019-11-01 01:26:04,438 [pool-67-thread-1] INFO  impl.RoleInfo (RoleInfo.java:updateAndGet(143)) - 32db78ba-36ff-4254-bf6e-67e7bcfc9e39: start FollowerState
2019-11-01 01:26:04,438 [pool-37-thread-1] INFO  util.JmxRegister (JmxRegister.java:tryRegister(44)) - Successfully registered JMX Bean with object name Ratis:service=RaftServer,group=group-1D993DC43990,id=cb510fb7-fc87-4880-9dcd-5d4a84db871b
2019-11-01 01:26:04,439 [pool-37-thread-1] WARN  impl.MetricRegistriesImpl (MetricRegistriesImpl.java:lambda$create$1(61)) - First MetricRegistry has been created without registering reporters. You may need to call MetricRegistries.global().addReportRegistration(...) before.
2019-11-01 01:26:04,439 [pool-67-thread-1] INFO  util.JmxRegister (JmxRegister.java:tryRegister(44)) - Successfully registered JMX Bean with object name Ratis:service=RaftServer,group=group-1D993DC43990,id=32db78ba-36ff-4254-bf6e-67e7bcfc9e39
2019-11-01 01:26:04,439 [pool-27-thread-1] INFO  storage.RaftStorageDirectory (RaftStorageDirectory.java:tryLock(328)) - Lock on /workdir/hadoop-ozone/tools/target/test-dir/MiniOzoneClusterImpl-17d7739a-f662-4c88-9e51-3c637963011a/datanode-0/data/ratis/d4b00838-5f8d-425a-97e2-1d993dc43990/in_use.lock acquired by nodename 4689@pr-hdds-2364-master-qchwk-3441104375
2019-11-01 01:26:04,439 [pool-67-thread-1] WARN  impl.MetricRegistriesImpl (MetricRegistriesImpl.java:lambda$create$1(61)) - First MetricRegistry has been created without registering reporters. You may need to call MetricRegistries.global().addReportRegistration(...) before.
 0.00% |?                                                                                                    |  0/100 Time: 0:00:322019-11-01 01:26:04,458 [pool-27-thread-1] INFO  storage.RaftStorage (RaftStorage.java:format(84)) - Storage directory /workdir/hadoop-ozone/tools/target/test-dir/MiniOzoneClusterImpl-17d7739a-f662-4c88-9e51-3c637963011a/datanode-0/data/ratis/d4b00838-5f8d-425a-97e2-1d993dc43990 has been successfully formatted.
2019-11-01 01:26:04,459 [pool-27-thread-1] INFO  ratis.ContainerStateMachine (ContainerStateMachine.java:loadSnapshot(231)) - group-1D993DC43990: The snapshot info is null. Setting the last applied indexto:(t:0, i:~)
2019-11-01 01:26:04,459 [pool-27-thread-1] INFO  server.RaftServerConfigKeys (ConfUtils.java:logGet(43)) - raft.server.notification.no-leader.timeout = 120s (custom)
2019-11-01 01:26:04,459 [pool-27-thread-1] INFO  server.RaftServerConfigKeys (ConfUtils.java:logGet(43)) - raft.server.log.use.memory = false (default)
2019-11-01 01:26:04,459 [pool-27-thread-1] INFO  server.RaftServerConfigKeys (ConfUtils.java:logGet(43)) - raft.server.log.purge.gap = 1000000 (custom)
2019-11-01 01:26:04,459 [pool-27-thread-1] INFO  server.RaftServerConfigKeys (ConfUtils.java:logGet(43)) - raft.server.log.appender.buffer.byte-limit = 33554432 (custom)
2019-11-01 01:26:04,459 [pool-27-thread-1] INFO  server.RaftServerConfigKeys (ConfUtils.java:logGet(43)) - raft.server.log.segment.size.max = 1048576 (custom)
2019-11-01 01:26:04,459 [pool-27-thread-1] INFO  server.RaftServerConfigKeys (ConfUtils.java:logGet(43)) - raft.server.log.segment.cache.num.max = 2 (custom)
2019-11-01 01:26:04,460 [pool-27-thread-1] INFO  segmented.SegmentedRaftLogWorker (SegmentedRaftLogWorker.java:<init>(173)) - new 40b7f987-8e06-4ef9-abdc-8715eb833c11@group-1D993DC43990-SegmentedRaftLogWorker for RaftStorage:Storage Directory /workdir/hadoop-ozone/tools/target/test-dir/MiniOzoneClusterImpl-17d7739a-f662-4c88-9e51-3c637963011a/datanode-0/data/ratis/d4b00838-5f8d-425a-97e2-1d993dc43990
2019-11-01 01:26:04,460 [pool-27-thread-1] INFO  server.RaftServerConfigKeys (ConfUtils.java:logGet(43)) - raft.server.log.queue.byte-limit = 2147483647 (custom)
2019-11-01 01:26:04,460 [pool-27-thread-1] INFO  server.RaftServerConfigKeys (ConfUtils.java:logGet(43)) - raft.server.log.queue.element-limit = 1024 (custom)
2019-11-01 01:26:04,460 [pool-27-thread-1] INFO  server.RaftServerConfigKeys (ConfUtils.java:logGet(43)) - raft.server.log.segment.size.max = 1048576 (custom)
2019-11-01 01:26:04,460 [pool-27-thread-1] INFO  server.RaftServerConfigKeys (ConfUtils.java:logGet(43)) - raft.server.log.preallocated.size = 16384 (custom)
2019-11-01 01:26:04,460 [pool-27-thread-1] INFO  server.RaftServerConfigKeys (ConfUtils.java:logGet(43)) - raft.server.log.write.buffer.size = 33554432 (custom)
2019-11-01 01:26:04,460 [pool-27-thread-1] INFO  server.RaftServerConfigKeys (ConfUtils.java:logGet(43)) - raft.server.log.force.sync.num = 128 (default)
2019-11-01 01:26:04,460 [pool-27-thread-1] INFO  server.RaftServerConfigKeys (ConfUtils.java:logGet(43)) - raft.server.log.statemachine.data.sync = true (default)
2019-11-01 01:26:04,460 [pool-27-thread-1] INFO  server.RaftServerConfigKeys (ConfUtils.java:logGet(43)) - raft.server.log.statemachine.data.sync.timeout = 10s (default)
2019-11-01 01:26:04,460 [pool-27-thread-1] INFO  server.RaftServerConfigKeys (ConfUtils.java:logGet(43)) - raft.server.log.statemachine.data.sync.timeout.retry = -1 (default)
2019-11-01 01:26:04,461 [pool-27-thread-1] INFO  server.RaftServerConfigKeys (ConfUtils.java:logGet(43)) - raft.server.log.statemachine.data.caching.enabled = true (custom)
2019-11-01 01:26:04,461 [pool-27-thread-1] INFO  segmented.SegmentedRaftLogWorker (SegmentedRaftLogWorker.java:lambda$new$0(128)) - 40b7f987-8e06-4ef9-abdc-8715eb833c11@group-1D993DC43990-SegmentedRaftLogWorker: flushIndex: setUnconditionally 0 -> -1
2019-11-01 01:26:04,461 [pool-27-thread-1] INFO  server.RaftServerConfigKeys (ConfUtils.java:logGet(43)) - raft.server.snapshot.auto.trigger.enabled = true (custom)
2019-11-01 01:26:04,461 [pool-27-thread-1] INFO  server.RaftServerConfigKeys (ConfUtils.java:logGet(43)) - raft.server.snapshot.auto.trigger.threshold = 10000 (custom)
2019-11-01 01:26:04,461 [pool-27-thread-1] INFO  server.RaftServerConfigKeys (ConfUtils.java:logGet(43)) - raft.server.snapshot.retention.file.num = 5 (custom)
2019-11-01 01:26:04,462 [pool-27-thread-1] INFO  server.RaftServerConfigKeys (ConfUtils.java:logGet(43)) - raft.server.retrycache.expirytime = 600000ms (custom)
2019-11-01 01:26:04,462 [pool-27-thread-1] WARN  impl.MetricRegistriesImpl (MetricRegistriesImpl.java:lambda$create$1(61)) - First MetricRegistry has been created without registering reporters. You may need to call MetricRegistries.global().addReportRegistration(...) before.
2019-11-01 01:26:04,462 [pool-27-thread-1] WARN  impl.MetricRegistriesImpl (MetricRegistriesImpl.java:lambda$create$1(61)) - First MetricRegistry has been created without registering reporters. You may need to call MetricRegistries.global().addReportRegistration(...) before.
2019-11-01 01:26:04,462 [pool-27-thread-1] INFO  impl.RaftServerImpl (RaftServerImpl.java:start(184)) - 40b7f987-8e06-4ef9-abdc-8715eb833c11@group-B30DA263D364: start as a follower, conf=-1: [40b7f987-8e06-4ef9-abdc-8715eb833c11:192.168.69.91:34918, 32db78ba-36ff-4254-bf6e-67e7bcfc9e39:192.168.69.91:37505, cb510fb7-fc87-4880-9dcd-5d4a84db871b:192.168.69.91:33685], old=null
2019-11-01 01:26:04,462 [pool-27-thread-1] INFO  impl.RaftServerImpl (RaftServerImpl.java:setRole(173)) - 40b7f987-8e06-4ef9-abdc-8715eb833c11@group-B30DA263D364: changes role from      null to FOLLOWER at term 0 for startAsFollower
2019-11-01 01:26:04,462 [pool-27-thread-1] INFO  impl.RoleInfo (RoleInfo.java:updateAndGet(143)) - 40b7f987-8e06-4ef9-abdc-8715eb833c11: start FollowerState
2019-11-01 01:26:04,463 [pool-27-thread-1] INFO  util.JmxRegister (JmxRegister.java:tryRegister(44)) - Successfully registered JMX Bean with object name Ratis:service=RaftServer,group=group-B30DA263D364,id=40b7f987-8e06-4ef9-abdc-8715eb833c11
2019-11-01 01:26:04,463 [pool-27-thread-1] WARN  impl.MetricRegistriesImpl (MetricRegistriesImpl.java:lambda$create$1(61)) - First MetricRegistry has been created without registering reporters. You may need to call MetricRegistries.global().addReportRegistration(...) before.
2019-11-01 01:26:04,463 [pool-27-thread-1] INFO  impl.RaftServerImpl (RaftServerImpl.java:start(184)) - 40b7f987-8e06-4ef9-abdc-8715eb833c11@group-463ABB98F6A5: start as a follower, conf=-1: [40b7f987-8e06-4ef9-abdc-8715eb833c11:192.168.69.91:34918, 32db78ba-36ff-4254-bf6e-67e7bcfc9e39:192.168.69.91:37505, cb510fb7-fc87-4880-9dcd-5d4a84db871b:192.168.69.91:33685], old=null
2019-11-01 01:26:04,463 [pool-27-thread-1] INFO  impl.RaftServerImpl (RaftServerImpl.java:setRole(173)) - 40b7f987-8e06-4ef9-abdc-8715eb833c11@group-463ABB98F6A5: changes role from      null to FOLLOWER at term 0 for startAsFollower
2019-11-01 01:26:04,463 [pool-27-thread-1] INFO  impl.RoleInfo (RoleInfo.java:updateAndGet(143)) - 40b7f987-8e06-4ef9-abdc-8715eb833c11: start FollowerState
2019-11-01 01:26:04,464 [pool-27-thread-1] INFO  util.JmxRegister (JmxRegister.java:tryRegister(44)) - Successfully registered JMX Bean with object name Ratis:service=RaftServer,group=group-463ABB98F6A5,id=40b7f987-8e06-4ef9-abdc-8715eb833c11
2019-11-01 01:26:04,464 [pool-27-thread-1] WARN  impl.MetricRegistriesImpl (MetricRegistriesImpl.java:lambda$create$1(61)) - First MetricRegistry has been created without registering reporters. You may need to call MetricRegistries.global().addReportRegistration(...) before.
2019-11-01 01:26:04,464 [pool-27-thread-1] INFO  impl.RaftServerImpl (RaftServerImpl.java:start(184)) - 40b7f987-8e06-4ef9-abdc-8715eb833c11@group-920D79ED139C: start as a follower, conf=-1: [40b7f987-8e06-4ef9-abdc-8715eb833c11:192.168.69.91:34918, 32db78ba-36ff-4254-bf6e-67e7bcfc9e39:192.168.69.91:37505, cb510fb7-fc87-4880-9dcd-5d4a84db871b:192.168.69.91:33685], old=null
2019-11-01 01:26:04,464 [pool-27-thread-1] INFO  impl.RaftServerImpl (RaftServerImpl.java:setRole(173)) - 40b7f987-8e06-4ef9-abdc-8715eb833c11@group-920D79ED139C: changes role from      null to FOLLOWER at term 0 for startAsFollower
2019-11-01 01:26:04,465 [pool-27-thread-1] INFO  impl.RoleInfo (RoleInfo.java:updateAndGet(143)) - 40b7f987-8e06-4ef9-abdc-8715eb833c11: start FollowerState
2019-11-01 01:26:04,465 [pool-27-thread-1] INFO  util.JmxRegister (JmxRegister.java:tryRegister(44)) - Successfully registered JMX Bean with object name Ratis:service=RaftServer,group=group-920D79ED139C,id=40b7f987-8e06-4ef9-abdc-8715eb833c11
2019-11-01 01:26:04,465 [pool-27-thread-1] WARN  impl.MetricRegistriesImpl (MetricRegistriesImpl.java:lambda$create$1(61)) - First MetricRegistry has been created without registering reporters. You may need to call MetricRegistries.global().addReportRegistration(...) before.
2019-11-01 01:26:04,465 [pool-27-thread-1] INFO  impl.RaftServerImpl (RaftServerImpl.java:start(184)) - 40b7f987-8e06-4ef9-abdc-8715eb833c11@group-56BF66CFB646: start as a follower, conf=-1: [40b7f987-8e06-4ef9-abdc-8715eb833c11:192.168.69.91:34918, 32db78ba-36ff-4254-bf6e-67e7bcfc9e39:192.168.69.91:37505, cb510fb7-fc87-4880-9dcd-5d4a84db871b:192.168.69.91:33685], old=null
2019-11-01 01:26:04,465 [pool-27-thread-1] INFO  impl.RaftServerImpl (RaftServerImpl.java:setRole(173)) - 40b7f987-8e06-4ef9-abdc-8715eb833c11@group-56BF66CFB646: changes role from      null to FOLLOWER at term 0 for startAsFollower
2019-11-01 01:26:04,466 [pool-27-thread-1] INFO  impl.RoleInfo (RoleInfo.java:updateAndGet(143)) - 40b7f987-8e06-4ef9-abdc-8715eb833c11: start FollowerState
2019-11-01 01:26:04,466 [pool-27-thread-1] INFO  util.JmxRegister (JmxRegister.java:tryRegister(44)) - Successfully registered JMX Bean with object name Ratis:service=RaftServer,group=group-56BF66CFB646,id=40b7f987-8e06-4ef9-abdc-8715eb833c11
2019-11-01 01:26:04,466 [pool-27-thread-1] WARN  impl.MetricRegistriesImpl (MetricRegistriesImpl.java:lambda$create$1(61)) - First MetricRegistry has been created without registering reporters. You may need to call MetricRegistries.global().addReportRegistration(...) before.
2019-11-01 01:26:04,466 [pool-27-thread-1] INFO  impl.RaftServerImpl (RaftServerImpl.java:start(184)) - 40b7f987-8e06-4ef9-abdc-8715eb833c11@group-B4B47FFE905F: start as a follower, conf=-1: [40b7f987-8e06-4ef9-abdc-8715eb833c11:192.168.69.91:34918, 32db78ba-36ff-4254-bf6e-67e7bcfc9e39:192.168.69.91:37505, cb510fb7-fc87-4880-9dcd-5d4a84db871b:192.168.69.91:33685], old=null
2019-11-01 01:26:04,466 [pool-27-thread-1] INFO  impl.RaftServerImpl (RaftServerImpl.java:setRole(173)) - 40b7f987-8e06-4ef9-abdc-8715eb833c11@group-B4B47FFE905F: changes role from      null to FOLLOWER at term 0 for startAsFollower
2019-11-01 01:26:04,467 [pool-27-thread-1] INFO  impl.RoleInfo (RoleInfo.java:updateAndGet(143)) - 40b7f987-8e06-4ef9-abdc-8715eb833c11: start FollowerState
2019-11-01 01:26:04,467 [pool-27-thread-1] INFO  util.JmxRegister (JmxRegister.java:tryRegister(44)) - Successfully registered JMX Bean with object name Ratis:service=RaftServer,group=group-B4B47FFE905F,id=40b7f987-8e06-4ef9-abdc-8715eb833c11
2019-11-01 01:26:04,467 [pool-27-thread-1] WARN  impl.MetricRegistriesImpl (MetricRegistriesImpl.java:lambda$create$1(61)) - First MetricRegistry has been created without registering reporters. You may need to call MetricRegistries.global().addReportRegistration(...) before.
2019-11-01 01:26:04,467 [pool-27-thread-1] INFO  impl.RaftServerImpl (RaftServerImpl.java:start(184)) - 40b7f987-8e06-4ef9-abdc-8715eb833c11@group-25B27BB5DF37: start as a follower, conf=-1: [40b7f987-8e06-4ef9-abdc-8715eb833c11:192.168.69.91:34918, 32db78ba-36ff-4254-bf6e-67e7bcfc9e39:192.168.69.91:37505, cb510fb7-fc87-4880-9dcd-5d4a84db871b:192.168.69.91:33685], old=null
2019-11-01 01:26:04,467 [pool-27-thread-1] INFO  impl.RaftServerImpl (RaftServerImpl.java:setRole(173)) - 40b7f987-8e06-4ef9-abdc-8715eb833c11@group-25B27BB5DF37: changes role from      null to FOLLOWER at term 0 for startAsFollower
2019-11-01 01:26:04,468 [pool-27-thread-1] INFO  impl.RoleInfo (RoleInfo.java:updateAndGet(143)) - 40b7f987-8e06-4ef9-abdc-8715eb833c11: start FollowerState
2019-11-01 01:26:04,468 [pool-27-thread-1] INFO  util.JmxRegister (JmxRegister.java:tryRegister(44)) - Successfully registered JMX Bean with object name Ratis:service=RaftServer,group=group-25B27BB5DF37,id=40b7f987-8e06-4ef9-abdc-8715eb833c11
2019-11-01 01:26:04,468 [pool-27-thread-1] WARN  impl.MetricRegistriesImpl (MetricRegistriesImpl.java:lambda$create$1(61)) - First MetricRegistry has been created without registering reporters. You may need to call MetricRegistries.global().addReportRegistration(...) before.
2019-11-01 01:26:04,468 [pool-27-thread-1] INFO  impl.RaftServerImpl (RaftServerImpl.java:start(184)) - 40b7f987-8e06-4ef9-abdc-8715eb833c11@group-1D993DC43990: start as a follower, conf=-1: [40b7f987-8e06-4ef9-abdc-8715eb833c11:192.168.69.91:34918, 32db78ba-36ff-4254-bf6e-67e7bcfc9e39:192.168.69.91:37505, cb510fb7-fc87-4880-9dcd-5d4a84db871b:192.168.69.91:33685], old=null
2019-11-01 01:26:04,469 [pool-27-thread-1] INFO  impl.RaftServerImpl (RaftServerImpl.java:setRole(173)) - 40b7f987-8e06-4ef9-abdc-8715eb833c11@group-1D993DC43990: changes role from      null to FOLLOWER at term 0 for startAsFollower
2019-11-01 01:26:04,469 [pool-27-thread-1] INFO  impl.RoleInfo (RoleInfo.java:updateAndGet(143)) - 40b7f987-8e06-4ef9-abdc-8715eb833c11: start FollowerState
2019-11-01 01:26:04,469 [pool-27-thread-1] INFO  util.JmxRegister (JmxRegister.java:tryRegister(44)) - Successfully registered JMX Bean with object name Ratis:service=RaftServer,group=group-1D993DC43990,id=40b7f987-8e06-4ef9-abdc-8715eb833c11
2019-11-01 01:26:04,469 [pool-27-thread-1] WARN  impl.MetricRegistriesImpl (MetricRegistriesImpl.java:lambda$create$1(61)) - First MetricRegistry has been created without registering reporters. You may need to call MetricRegistries.global().addReportRegistration(...) before.
2019-11-01 01:26:04,480 [IPC Server handler 18 on 35541] INFO  pipeline.PipelineStateManager (PipelineStateManager.java:addPipeline(56)) - Created pipeline Pipeline[ Id: d4b00838-5f8d-425a-97e2-1d993dc43990, Nodes: 40b7f987-8e06-4ef9-abdc-8715eb833c11{ip: 192.168.69.91, host: pr-hdds-2364-master-qchwk-3441104375, networkLocation: /default-rack, certSerialId: null}cb510fb7-fc87-4880-9dcd-5d4a84db871b{ip: 192.168.69.91, host: pr-hdds-2364-master-qchwk-3441104375, networkLocation: /default-rack, certSerialId: null}32db78ba-36ff-4254-bf6e-67e7bcfc9e39{ip: 192.168.69.91, host: pr-hdds-2364-master-qchwk-3441104375, networkLocation: /default-rack, certSerialId: null}, Type:RATIS, Factor:THREE, State:OPEN]
2019-11-01 01:26:04,483 [IPC Server handler 11 on 35541] WARN  block.BlockManagerImpl (BlockManagerImpl.java:allocateBlock(200)) - Pipeline creation failed for type:RATIS factor:THREE. Retrying get pipelines call once.
org.apache.hadoop.hdds.scm.pipeline.InsufficientDatanodesException: Cannot create pipeline of factor 3 using 2 nodes.
	at org.apache.hadoop.hdds.scm.pipeline.RatisPipelineProvider.create(RatisPipelineProvider.java:153)
	at org.apache.hadoop.hdds.scm.pipeline.PipelineFactory.create(PipelineFactory.java:58)
	at org.apache.hadoop.hdds.scm.pipeline.SCMPipelineManager.createPipeline(SCMPipelineManager.java:155)
	at org.apache.hadoop.hdds.scm.block.BlockManagerImpl.allocateBlock(BlockManagerImpl.java:198)
	at org.apache.hadoop.hdds.scm.server.SCMBlockProtocolServer.allocateBlock(SCMBlockProtocolServer.java:187)
	at org.apache.hadoop.hdds.scm.protocol.ScmBlockLocationProtocolServerSideTranslatorPB.allocateScmBlock(ScmBlockLocationProtocolServerSideTranslatorPB.java:159)
	at org.apache.hadoop.hdds.scm.protocol.ScmBlockLocationProtocolServerSideTranslatorPB.processMessage(ScmBlockLocationProtocolServerSideTranslatorPB.java:117)
	at org.apache.hadoop.hdds.server.OzoneProtocolMessageDispatcher.processRequest(OzoneProtocolMessageDispatcher.java:72)
	at org.apache.hadoop.hdds.scm.protocol.ScmBlockLocationProtocolServerSideTranslatorPB.send(ScmBlockLocationProtocolServerSideTranslatorPB.java:98)
	at org.apache.hadoop.hdds.protocol.proto.ScmBlockLocationProtocolProtos$ScmBlockLocationProtocolService$2.callBlockingMethod(ScmBlockLocationProtocolProtos.java:13157)
	at org.apache.hadoop.ipc.ProtobufRpcEngine$Server$ProtoBufRpcInvoker.call(ProtobufRpcEngine.java:524)
	at org.apache.hadoop.ipc.RPC$Server.call(RPC.java:1025)
	at org.apache.hadoop.ipc.Server$RpcCall.run(Server.java:876)
	at org.apache.hadoop.ipc.Server$RpcCall.run(Server.java:822)
	at java.security.AccessController.doPrivileged(Native Method)
	at javax.security.auth.Subject.doAs(Subject.java:422)
	at org.apache.hadoop.security.UserGroupInformation.doAs(UserGroupInformation.java:1730)
	at org.apache.hadoop.ipc.Server$Handler.run(Server.java:2682)
2019-11-01 01:26:04,485 [IPC Server handler 14 on 35541] WARN  block.BlockManagerImpl (BlockManagerImpl.java:allocateBlock(200)) - Pipeline creation failed for type:RATIS factor:THREE. Retrying get pipelines call once.
org.apache.hadoop.hdds.scm.pipeline.InsufficientDatanodesException: Cannot create pipeline of factor 3 using 2 nodes.
	at org.apache.hadoop.hdds.scm.pipeline.RatisPipelineProvider.create(RatisPipelineProvider.java:153)
	at org.apache.hadoop.hdds.scm.pipeline.PipelineFactory.create(PipelineFactory.java:58)
	at org.apache.hadoop.hdds.scm.pipeline.SCMPipelineManager.createPipeline(SCMPipelineManager.java:155)
	at org.apache.hadoop.hdds.scm.block.BlockManagerImpl.allocateBlock(BlockManagerImpl.java:198)
	at org.apache.hadoop.hdds.scm.server.SCMBlockProtocolServer.allocateBlock(SCMBlockProtocolServer.java:187)
	at org.apache.hadoop.hdds.scm.protocol.ScmBlockLocationProtocolServerSideTranslatorPB.allocateScmBlock(ScmBlockLocationProtocolServerSideTranslatorPB.java:159)
	at org.apache.hadoop.hdds.scm.protocol.ScmBlockLocationProtocolServerSideTranslatorPB.processMessage(ScmBlockLocationProtocolServerSideTranslatorPB.java:117)
	at org.apache.hadoop.hdds.server.OzoneProtocolMessageDispatcher.processRequest(OzoneProtocolMessageDispatcher.java:72)
	at org.apache.hadoop.hdds.scm.protocol.ScmBlockLocationProtocolServerSideTranslatorPB.send(ScmBlockLocationProtocolServerSideTranslatorPB.java:98)
	at org.apache.hadoop.hdds.protocol.proto.ScmBlockLocationProtocolProtos$ScmBlockLocationProtocolService$2.callBlockingMethod(ScmBlockLocationProtocolProtos.java:13157)
	at org.apache.hadoop.ipc.ProtobufRpcEngine$Server$ProtoBufRpcInvoker.call(ProtobufRpcEngine.java:524)
	at org.apache.hadoop.ipc.RPC$Server.call(RPC.java:1025)
	at org.apache.hadoop.ipc.Server$RpcCall.run(Server.java:876)
	at org.apache.hadoop.ipc.Server$RpcCall.run(Server.java:822)
	at java.security.AccessController.doPrivileged(Native Method)
	at javax.security.auth.Subject.doAs(Subject.java:422)
	at org.apache.hadoop.security.UserGroupInformation.doAs(UserGroupInformation.java:1730)
	at org.apache.hadoop.ipc.Server$Handler.run(Server.java:2682)
2019-11-01 01:26:04,572 [pool-73-thread-5] INFO  impl.MetricsSystemImpl (MetricsSystemImpl.java:init(158)) - XceiverClientMetrics metrics system started (again)
 0.00% |?                                                                                                    |  0/100 Time: 0:00:332019-11-01 01:26:06,043 [Thread-251] INFO  impl.FollowerState (FollowerState.java:run(111)) - 40b7f987-8e06-4ef9-abdc-8715eb833c11@group-F9329D95E7B3-FollowerState: change to CANDIDATE, lastRpcTime:5100ms, electionTimeout:5099ms
2019-11-01 01:26:06,044 [Thread-251] INFO  impl.RoleInfo (RoleInfo.java:shutdownFollowerState(121)) - 40b7f987-8e06-4ef9-abdc-8715eb833c11: shutdown FollowerState
2019-11-01 01:26:06,044 [Thread-251] INFO  impl.RaftServerImpl (RaftServerImpl.java:setRole(173)) - 40b7f987-8e06-4ef9-abdc-8715eb833c11@group-F9329D95E7B3: changes role from  FOLLOWER to CANDIDATE at term 2 for changeToCandidate
2019-11-01 01:26:06,044 [Thread-251] INFO  impl.RoleInfo (RoleInfo.java:updateAndGet(143)) - 40b7f987-8e06-4ef9-abdc-8715eb833c11: start LeaderElection
2019-11-01 01:26:06,061 [40b7f987-8e06-4ef9-abdc-8715eb833c11@group-F9329D95E7B3-LeaderElection7] INFO  impl.LeaderElection (LeaderElection.java:askForVotes(178)) - 40b7f987-8e06-4ef9-abdc-8715eb833c11@group-F9329D95E7B3-LeaderElection7: begin an election at term 3 for -1: [40b7f987-8e06-4ef9-abdc-8715eb833c11:192.168.69.91:34918, 32db78ba-36ff-4254-bf6e-67e7bcfc9e39:192.168.69.91:37505, cb510fb7-fc87-4880-9dcd-5d4a84db871b:192.168.69.91:33685], old=null
2019-11-01 01:26:06,065 [grpc-default-executor-3] INFO  impl.RaftServerImpl (RaftServerImpl.java:setRole(173)) - 32db78ba-36ff-4254-bf6e-67e7bcfc9e39@group-F9329D95E7B3: changes role from  FOLLOWER to FOLLOWER at term 3 for recognizeCandidate:40b7f987-8e06-4ef9-abdc-8715eb833c11
2019-11-01 01:26:06,065 [grpc-default-executor-1] INFO  impl.RaftServerImpl (RaftServerImpl.java:setRole(173)) - cb510fb7-fc87-4880-9dcd-5d4a84db871b@group-F9329D95E7B3: changes role from  FOLLOWER to FOLLOWER at term 3 for recognizeCandidate:40b7f987-8e06-4ef9-abdc-8715eb833c11
2019-11-01 01:26:06,065 [grpc-default-executor-3] INFO  impl.RoleInfo (RoleInfo.java:shutdownFollowerState(121)) - 32db78ba-36ff-4254-bf6e-67e7bcfc9e39: shutdown FollowerState
2019-11-01 01:26:06,066 [grpc-default-executor-1] INFO  impl.RoleInfo (RoleInfo.java:shutdownFollowerState(121)) - cb510fb7-fc87-4880-9dcd-5d4a84db871b: shutdown FollowerState
2019-11-01 01:26:06,066 [Thread-256] INFO  impl.FollowerState (FollowerState.java:run(120)) - 32db78ba-36ff-4254-bf6e-67e7bcfc9e39@group-F9329D95E7B3-FollowerState was interrupted: java.lang.InterruptedException: sleep interrupted
2019-11-01 01:26:06,066 [Thread-257] INFO  impl.FollowerState (FollowerState.java:run(120)) - cb510fb7-fc87-4880-9dcd-5d4a84db871b@group-F9329D95E7B3-FollowerState was interrupted: java.lang.InterruptedException: sleep interrupted
2019-11-01 01:26:06,066 [grpc-default-executor-1] INFO  impl.RoleInfo (RoleInfo.java:updateAndGet(143)) - cb510fb7-fc87-4880-9dcd-5d4a84db871b: start FollowerState
2019-11-01 01:26:06,066 [grpc-default-executor-3] INFO  impl.RoleInfo (RoleInfo.java:updateAndGet(143)) - 32db78ba-36ff-4254-bf6e-67e7bcfc9e39: start FollowerState
2019-11-01 01:26:06,086 [40b7f987-8e06-4ef9-abdc-8715eb833c11@group-F9329D95E7B3-LeaderElection7] INFO  impl.LeaderElection (LeaderElection.java:logAndReturn(56)) - 40b7f987-8e06-4ef9-abdc-8715eb833c11@group-F9329D95E7B3-LeaderElection7: Election PASSED; received 1 response(s) [40b7f987-8e06-4ef9-abdc-8715eb833c11<-cb510fb7-fc87-4880-9dcd-5d4a84db871b#0:OK-t3] and 0 exception(s); 40b7f987-8e06-4ef9-abdc-8715eb833c11@group-F9329D95E7B3:t3, leader=null, voted=40b7f987-8e06-4ef9-abdc-8715eb833c11, raftlog=40b7f987-8e06-4ef9-abdc-8715eb833c11@group-F9329D95E7B3-SegmentedRaftLog:OPENED:c-1,f-1,i0, conf=-1: [40b7f987-8e06-4ef9-abdc-8715eb833c11:192.168.69.91:34918, 32db78ba-36ff-4254-bf6e-67e7bcfc9e39:192.168.69.91:37505, cb510fb7-fc87-4880-9dcd-5d4a84db871b:192.168.69.91:33685], old=null
2019-11-01 01:26:06,086 [40b7f987-8e06-4ef9-abdc-8715eb833c11@group-F9329D95E7B3-LeaderElection7] INFO  impl.RoleInfo (RoleInfo.java:shutdownLeaderElection(134)) - 40b7f987-8e06-4ef9-abdc-8715eb833c11: shutdown LeaderElection
2019-11-01 01:26:06,087 [40b7f987-8e06-4ef9-abdc-8715eb833c11@group-F9329D95E7B3-LeaderElection7] INFO  impl.RaftServerImpl (RaftServerImpl.java:setRole(173)) - 40b7f987-8e06-4ef9-abdc-8715eb833c11@group-F9329D95E7B3: changes role from CANDIDATE to LEADER at term 3 for changeToLeader
2019-11-01 01:26:06,088 [40b7f987-8e06-4ef9-abdc-8715eb833c11@group-F9329D95E7B3-LeaderElection7] INFO  impl.RaftServerImpl (ServerState.java:setLeader(255)) - 40b7f987-8e06-4ef9-abdc-8715eb833c11@group-F9329D95E7B3: change Leader from null to 40b7f987-8e06-4ef9-abdc-8715eb833c11 at term 3 for becomeLeader, leader elected after 28221ms
2019-11-01 01:26:06,088 [40b7f987-8e06-4ef9-abdc-8715eb833c11@group-F9329D95E7B3-LeaderElection7] INFO  server.RaftServerConfigKeys (ConfUtils.java:logGet(43)) - raft.server.staging.catchup.gap = 1000 (default)
2019-11-01 01:26:06,088 [40b7f987-8e06-4ef9-abdc-8715eb833c11@group-F9329D95E7B3-LeaderElection7] INFO  server.RaftServerConfigKeys (ConfUtils.java:logGet(43)) - raft.server.rpc.sleep.time = 25ms (default)
2019-11-01 01:26:06,089 [40b7f987-8e06-4ef9-abdc-8715eb833c11@group-F9329D95E7B3-LeaderElection7] INFO  server.RaftServerConfigKeys (ConfUtils.java:logGet(43)) - raft.server.write.element-limit = 4096 (default)
2019-11-01 01:26:06,089 [40b7f987-8e06-4ef9-abdc-8715eb833c11@group-F9329D95E7B3-LeaderElection7] INFO  server.RaftServerConfigKeys (ConfUtils.java:logGet(43)) - raft.server.watch.timeout = 10s (default)
2019-11-01 01:26:06,089 [40b7f987-8e06-4ef9-abdc-8715eb833c11@group-F9329D95E7B3-LeaderElection7] INFO  server.RaftServerConfigKeys (ConfUtils.java:logGet(43)) - raft.server.watch.timeout.denomination = 1s (default)
2019-11-01 01:26:06,089 [40b7f987-8e06-4ef9-abdc-8715eb833c11@group-F9329D95E7B3-LeaderElection7] INFO  server.RaftServerConfigKeys (ConfUtils.java:logGet(43)) - raft.server.watch.element-limit = 65536 (default)
2019-11-01 01:26:06,093 [40b7f987-8e06-4ef9-abdc-8715eb833c11@group-F9329D95E7B3-LeaderElection7] INFO  server.RaftServerConfigKeys (ConfUtils.java:logGet(43)) - raft.server.log.appender.snapshot.chunk.size.max = 16MB (=16777216) (default)
2019-11-01 01:26:06,094 [40b7f987-8e06-4ef9-abdc-8715eb833c11@group-F9329D95E7B3-LeaderElection7] INFO  server.RaftServerConfigKeys (ConfUtils.java:logGet(43)) - raft.server.log.appender.buffer.byte-limit = 33554432 (custom)
2019-11-01 01:26:06,094 [40b7f987-8e06-4ef9-abdc-8715eb833c11@group-F9329D95E7B3-LeaderElection7] INFO  server.RaftServerConfigKeys (ConfUtils.java:logGet(43)) - raft.server.log.appender.buffer.element-limit = 1 (custom)
2019-11-01 01:26:06,097 [40b7f987-8e06-4ef9-abdc-8715eb833c11@group-F9329D95E7B3-LeaderElection7] INFO  grpc.GrpcConfigKeys$Server (ConfUtils.java:logGet(43)) - raft.grpc.server.leader.outstanding.appends.max = 128 (default)
2019-11-01 01:26:06,098 [40b7f987-8e06-4ef9-abdc-8715eb833c11@group-F9329D95E7B3-LeaderElection7] INFO  server.RaftServerConfigKeys (ConfUtils.java:logGet(43)) - raft.server.rpc.request.timeout = 3000ms (default)
2019-11-01 01:26:06,098 [40b7f987-8e06-4ef9-abdc-8715eb833c11@group-F9329D95E7B3-LeaderElection7] INFO  server.RaftServerConfigKeys (ConfUtils.java:logGet(43)) - raft.server.log.appender.install.snapshot.enabled = false (custom)
2019-11-01 01:26:06,099 [40b7f987-8e06-4ef9-abdc-8715eb833c11@group-F9329D95E7B3-LeaderElection7] WARN  impl.MetricRegistriesImpl (MetricRegistriesImpl.java:lambda$create$1(61)) - First MetricRegistry has been created without registering reporters. You may need to call MetricRegistries.global().addReportRegistration(...) before.
2019-11-01 01:26:06,099 [40b7f987-8e06-4ef9-abdc-8715eb833c11@group-F9329D95E7B3-LeaderElection7] INFO  server.RaftServerConfigKeys (ConfUtils.java:logGet(43)) - raft.server.log.appender.snapshot.chunk.size.max = 16MB (=16777216) (default)
2019-11-01 01:26:06,100 [40b7f987-8e06-4ef9-abdc-8715eb833c11@group-F9329D95E7B3-LeaderElection7] INFO  server.RaftServerConfigKeys (ConfUtils.java:logGet(43)) - raft.server.log.appender.buffer.byte-limit = 33554432 (custom)
2019-11-01 01:26:06,100 [40b7f987-8e06-4ef9-abdc-8715eb833c11@group-F9329D95E7B3-LeaderElection7] INFO  server.RaftServerConfigKeys (ConfUtils.java:logGet(43)) - raft.server.log.appender.buffer.element-limit = 1 (custom)
2019-11-01 01:26:06,100 [40b7f987-8e06-4ef9-abdc-8715eb833c11@group-F9329D95E7B3-LeaderElection7] INFO  grpc.GrpcConfigKeys$Server (ConfUtils.java:logGet(43)) - raft.grpc.server.leader.outstanding.appends.max = 128 (default)
2019-11-01 01:26:06,100 [40b7f987-8e06-4ef9-abdc-8715eb833c11@group-F9329D95E7B3-LeaderElection7] INFO  server.RaftServerConfigKeys (ConfUtils.java:logGet(43)) - raft.server.rpc.request.timeout = 3000ms (default)
2019-11-01 01:26:06,100 [40b7f987-8e06-4ef9-abdc-8715eb833c11@group-F9329D95E7B3-LeaderElection7] INFO  server.RaftServerConfigKeys (ConfUtils.java:logGet(43)) - raft.server.log.appender.install.snapshot.enabled = false (custom)
2019-11-01 01:26:06,101 [40b7f987-8e06-4ef9-abdc-8715eb833c11@group-F9329D95E7B3-LeaderElection7] INFO  impl.RoleInfo (RoleInfo.java:updateAndGet(143)) - 40b7f987-8e06-4ef9-abdc-8715eb833c11: start LeaderState
2019-11-01 01:26:06,101 [40b7f987-8e06-4ef9-abdc-8715eb833c11@group-F9329D95E7B3-LeaderElection7] INFO  segmented.SegmentedRaftLogWorker (SegmentedRaftLogWorker.java:startLogSegment(385)) - 40b7f987-8e06-4ef9-abdc-8715eb833c11@group-F9329D95E7B3-SegmentedRaftLogWorker: Starting segment from index:0
2019-11-01 01:26:06,102 [40b7f987-8e06-4ef9-abdc-8715eb833c11@group-F9329D95E7B3-LeaderElection7] INFO  impl.RaftServerImpl (ServerState.java:setRaftConf(356)) - 40b7f987-8e06-4ef9-abdc-8715eb833c11@group-F9329D95E7B3: set configuration 0: [40b7f987-8e06-4ef9-abdc-8715eb833c11:192.168.69.91:34918, 32db78ba-36ff-4254-bf6e-67e7bcfc9e39:192.168.69.91:37505, cb510fb7-fc87-4880-9dcd-5d4a84db871b:192.168.69.91:33685], old=null at 0
2019-11-01 01:26:06,145 [grpc-default-executor-1] INFO  impl.RaftServerImpl (ServerState.java:setLeader(255)) - cb510fb7-fc87-4880-9dcd-5d4a84db871b@group-F9329D95E7B3: change Leader from null to 40b7f987-8e06-4ef9-abdc-8715eb833c11 at term 3 for appendEntries, leader elected after 28279ms
2019-11-01 01:26:06,146 [40b7f987-8e06-4ef9-abdc-8715eb833c11@group-F9329D95E7B3-SegmentedRaftLogWorker] INFO  segmented.SegmentedRaftLogWorker (SegmentedRaftLogWorker.java:execute(576)) - 40b7f987-8e06-4ef9-abdc-8715eb833c11@group-F9329D95E7B3-SegmentedRaftLogWorker: created new log segment /workdir/hadoop-ozone/tools/target/test-dir/MiniOzoneClusterImpl-17d7739a-f662-4c88-9e51-3c637963011a/datanode-0/data/ratis/e341a3e2-5a51-45cd-877f-f9329d95e7b3/current/log_inprogress_0
2019-11-01 01:26:06,145 [grpc-default-executor-3] INFO  impl.RaftServerImpl (ServerState.java:setLeader(255)) - 32db78ba-36ff-4254-bf6e-67e7bcfc9e39@group-F9329D95E7B3: change Leader from null to 40b7f987-8e06-4ef9-abdc-8715eb833c11 at term 3 for appendEntries, leader elected after 28279ms
2019-11-01 01:26:06,169 [grpc-default-executor-1] INFO  impl.RaftServerImpl (ServerState.java:setRaftConf(356)) - 32db78ba-36ff-4254-bf6e-67e7bcfc9e39@group-F9329D95E7B3: set configuration 0: [40b7f987-8e06-4ef9-abdc-8715eb833c11:192.168.69.91:34918, 32db78ba-36ff-4254-bf6e-67e7bcfc9e39:192.168.69.91:37505, cb510fb7-fc87-4880-9dcd-5d4a84db871b:192.168.69.91:33685], old=null at 0
2019-11-01 01:26:06,169 [grpc-default-executor-3] INFO  impl.RaftServerImpl (ServerState.java:setRaftConf(356)) - cb510fb7-fc87-4880-9dcd-5d4a84db871b@group-F9329D95E7B3: set configuration 0: [40b7f987-8e06-4ef9-abdc-8715eb833c11:192.168.69.91:34918, 32db78ba-36ff-4254-bf6e-67e7bcfc9e39:192.168.69.91:37505, cb510fb7-fc87-4880-9dcd-5d4a84db871b:192.168.69.91:33685], old=null at 0
2019-11-01 01:26:06,169 [grpc-default-executor-1] INFO  segmented.SegmentedRaftLogWorker (SegmentedRaftLogWorker.java:startLogSegment(385)) - 32db78ba-36ff-4254-bf6e-67e7bcfc9e39@group-F9329D95E7B3-SegmentedRaftLogWorker: Starting segment from index:0
2019-11-01 01:26:06,169 [grpc-default-executor-3] INFO  segmented.SegmentedRaftLogWorker (SegmentedRaftLogWorker.java:startLogSegment(385)) - cb510fb7-fc87-4880-9dcd-5d4a84db871b@group-F9329D95E7B3-SegmentedRaftLogWorker: Starting segment from index:0
2019-11-01 01:26:06,219 [cb510fb7-fc87-4880-9dcd-5d4a84db871b@group-F9329D95E7B3-SegmentedRaftLogWorker] INFO  segmented.SegmentedRaftLogWorker (SegmentedRaftLogWorker.java:execute(576)) - cb510fb7-fc87-4880-9dcd-5d4a84db871b@group-F9329D95E7B3-SegmentedRaftLogWorker: created new log segment /workdir/hadoop-ozone/tools/target/test-dir/MiniOzoneClusterImpl-17d7739a-f662-4c88-9e51-3c637963011a/datanode-1/data/ratis/e341a3e2-5a51-45cd-877f-f9329d95e7b3/current/log_inprogress_0
2019-11-01 01:26:06,219 [32db78ba-36ff-4254-bf6e-67e7bcfc9e39@group-F9329D95E7B3-SegmentedRaftLogWorker] INFO  segmented.SegmentedRaftLogWorker (SegmentedRaftLogWorker.java:execute(576)) - 32db78ba-36ff-4254-bf6e-67e7bcfc9e39@group-F9329D95E7B3-SegmentedRaftLogWorker: created new log segment /workdir/hadoop-ozone/tools/target/test-dir/MiniOzoneClusterImpl-17d7739a-f662-4c88-9e51-3c637963011a/datanode-4/data/ratis/e341a3e2-5a51-45cd-877f-f9329d95e7b3/current/log_inprogress_0
 0.00% |?                                                                                                    |  0/100 Time: 0:00:34 0.00% |?                                                                                                    |  0/100 Time: 0:00:35 0.00% |?                                                                                                    |  0/100 Time: 0:00:362019-11-01 01:26:08,922 [Thread-259] INFO  impl.FollowerState (FollowerState.java:run(111)) - 40b7f987-8e06-4ef9-abdc-8715eb833c11@group-B23C92307353-FollowerState: change to CANDIDATE, lastRpcTime:5134ms, electionTimeout:5134ms
2019-11-01 01:26:08,922 [Thread-259] INFO  impl.RoleInfo (RoleInfo.java:shutdownFollowerState(121)) - 40b7f987-8e06-4ef9-abdc-8715eb833c11: shutdown FollowerState
2019-11-01 01:26:08,922 [Thread-259] INFO  impl.RaftServerImpl (RaftServerImpl.java:setRole(173)) - 40b7f987-8e06-4ef9-abdc-8715eb833c11@group-B23C92307353: changes role from  FOLLOWER to CANDIDATE at term 0 for changeToCandidate
2019-11-01 01:26:08,922 [Thread-259] INFO  impl.RoleInfo (RoleInfo.java:updateAndGet(143)) - 40b7f987-8e06-4ef9-abdc-8715eb833c11: start LeaderElection
2019-11-01 01:26:08,949 [40b7f987-8e06-4ef9-abdc-8715eb833c11@group-B23C92307353-LeaderElection8] INFO  impl.LeaderElection (LeaderElection.java:askForVotes(178)) - 40b7f987-8e06-4ef9-abdc-8715eb833c11@group-B23C92307353-LeaderElection8: begin an election at term 1 for -1: [40b7f987-8e06-4ef9-abdc-8715eb833c11:192.168.69.91:34918], old=null
2019-11-01 01:26:08,949 [40b7f987-8e06-4ef9-abdc-8715eb833c11@group-B23C92307353-LeaderElection8] INFO  impl.RoleInfo (RoleInfo.java:shutdownLeaderElection(134)) - 40b7f987-8e06-4ef9-abdc-8715eb833c11: shutdown LeaderElection
2019-11-01 01:26:08,949 [40b7f987-8e06-4ef9-abdc-8715eb833c11@group-B23C92307353-LeaderElection8] INFO  impl.RaftServerImpl (RaftServerImpl.java:setRole(173)) - 40b7f987-8e06-4ef9-abdc-8715eb833c11@group-B23C92307353: changes role from CANDIDATE to LEADER at term 1 for changeToLeader
2019-11-01 01:26:08,950 [40b7f987-8e06-4ef9-abdc-8715eb833c11@group-B23C92307353-LeaderElection8] INFO  impl.RaftServerImpl (ServerState.java:setLeader(255)) - 40b7f987-8e06-4ef9-abdc-8715eb833c11@group-B23C92307353: change Leader from null to 40b7f987-8e06-4ef9-abdc-8715eb833c11 at term 1 for becomeLeader, leader elected after 23307ms
2019-11-01 01:26:08,950 [40b7f987-8e06-4ef9-abdc-8715eb833c11@group-B23C92307353-LeaderElection8] INFO  server.RaftServerConfigKeys (ConfUtils.java:logGet(43)) - raft.server.staging.catchup.gap = 1000 (default)
2019-11-01 01:26:08,950 [40b7f987-8e06-4ef9-abdc-8715eb833c11@group-B23C92307353-LeaderElection8] INFO  server.RaftServerConfigKeys (ConfUtils.java:logGet(43)) - raft.server.rpc.sleep.time = 25ms (default)
2019-11-01 01:26:08,950 [40b7f987-8e06-4ef9-abdc-8715eb833c11@group-B23C92307353-LeaderElection8] INFO  server.RaftServerConfigKeys (ConfUtils.java:logGet(43)) - raft.server.write.element-limit = 4096 (default)
2019-11-01 01:26:08,950 [40b7f987-8e06-4ef9-abdc-8715eb833c11@group-B23C92307353-LeaderElection8] INFO  server.RaftServerConfigKeys (ConfUtils.java:logGet(43)) - raft.server.watch.timeout = 10s (default)
2019-11-01 01:26:08,951 [40b7f987-8e06-4ef9-abdc-8715eb833c11@group-B23C92307353-LeaderElection8] INFO  server.RaftServerConfigKeys (ConfUtils.java:logGet(43)) - raft.server.watch.timeout.denomination = 1s (default)
2019-11-01 01:26:08,951 [40b7f987-8e06-4ef9-abdc-8715eb833c11@group-B23C92307353-LeaderElection8] INFO  server.RaftServerConfigKeys (ConfUtils.java:logGet(43)) - raft.server.watch.element-limit = 65536 (default)
2019-11-01 01:26:08,951 [40b7f987-8e06-4ef9-abdc-8715eb833c11@group-B23C92307353-LeaderElection8] INFO  impl.RoleInfo (RoleInfo.java:updateAndGet(143)) - 40b7f987-8e06-4ef9-abdc-8715eb833c11: start LeaderState
2019-11-01 01:26:08,951 [40b7f987-8e06-4ef9-abdc-8715eb833c11@group-B23C92307353-LeaderElection8] INFO  segmented.SegmentedRaftLogWorker (SegmentedRaftLogWorker.java:startLogSegment(385)) - 40b7f987-8e06-4ef9-abdc-8715eb833c11@group-B23C92307353-SegmentedRaftLogWorker: Starting segment from index:0
2019-11-01 01:26:08,952 [40b7f987-8e06-4ef9-abdc-8715eb833c11@group-B23C92307353-LeaderElection8] INFO  impl.RaftServerImpl (ServerState.java:setRaftConf(356)) - 40b7f987-8e06-4ef9-abdc-8715eb833c11@group-B23C92307353: set configuration 0: [40b7f987-8e06-4ef9-abdc-8715eb833c11:192.168.69.91:34918], old=null at 0
2019-11-01 01:26:09,006 [40b7f987-8e06-4ef9-abdc-8715eb833c11@group-B23C92307353-SegmentedRaftLogWorker] INFO  segmented.SegmentedRaftLogWorker (SegmentedRaftLogWorker.java:execute(576)) - 40b7f987-8e06-4ef9-abdc-8715eb833c11@group-B23C92307353-SegmentedRaftLogWorker: created new log segment /workdir/hadoop-ozone/tools/target/test-dir/MiniOzoneClusterImpl-17d7739a-f662-4c88-9e51-3c637963011a/datanode-0/data/ratis/99109d84-2617-4668-a048-b23c92307353/current/log_inprogress_0
2019-11-01 01:26:09,160 [Thread-266] INFO  impl.FollowerState (FollowerState.java:run(111)) - cb510fb7-fc87-4880-9dcd-5d4a84db871b@group-2D790F9948C3-FollowerState: change to CANDIDATE, lastRpcTime:5025ms, electionTimeout:5025ms
2019-11-01 01:26:09,161 [Thread-266] INFO  impl.RoleInfo (RoleInfo.java:shutdownFollowerState(121)) - cb510fb7-fc87-4880-9dcd-5d4a84db871b: shutdown FollowerState
2019-11-01 01:26:09,161 [Thread-266] INFO  impl.RaftServerImpl (RaftServerImpl.java:setRole(173)) - cb510fb7-fc87-4880-9dcd-5d4a84db871b@group-2D790F9948C3: changes role from  FOLLOWER to CANDIDATE at term 0 for changeToCandidate
2019-11-01 01:26:09,161 [Thread-266] INFO  impl.RoleInfo (RoleInfo.java:updateAndGet(143)) - cb510fb7-fc87-4880-9dcd-5d4a84db871b: start LeaderElection
2019-11-01 01:26:09,189 [cb510fb7-fc87-4880-9dcd-5d4a84db871b@group-2D790F9948C3-LeaderElection9] INFO  impl.LeaderElection (LeaderElection.java:askForVotes(178)) - cb510fb7-fc87-4880-9dcd-5d4a84db871b@group-2D790F9948C3-LeaderElection9: begin an election at term 1 for -1: [40b7f987-8e06-4ef9-abdc-8715eb833c11:192.168.69.91:34918, 32db78ba-36ff-4254-bf6e-67e7bcfc9e39:192.168.69.91:37505, cb510fb7-fc87-4880-9dcd-5d4a84db871b:192.168.69.91:33685], old=null
2019-11-01 01:26:09,195 [grpc-default-executor-1] INFO  impl.RaftServerImpl (RaftServerImpl.java:setRole(173)) - 40b7f987-8e06-4ef9-abdc-8715eb833c11@group-2D790F9948C3: changes role from  FOLLOWER to FOLLOWER at term 1 for recognizeCandidate:cb510fb7-fc87-4880-9dcd-5d4a84db871b
2019-11-01 01:26:09,195 [grpc-default-executor-3] INFO  impl.RaftServerImpl (RaftServerImpl.java:setRole(173)) - 32db78ba-36ff-4254-bf6e-67e7bcfc9e39@group-2D790F9948C3: changes role from  FOLLOWER to FOLLOWER at term 1 for recognizeCandidate:cb510fb7-fc87-4880-9dcd-5d4a84db871b
2019-11-01 01:26:09,195 [grpc-default-executor-1] INFO  impl.RoleInfo (RoleInfo.java:shutdownFollowerState(121)) - 40b7f987-8e06-4ef9-abdc-8715eb833c11: shutdown FollowerState
2019-11-01 01:26:09,195 [grpc-default-executor-3] INFO  impl.RoleInfo (RoleInfo.java:shutdownFollowerState(121)) - 32db78ba-36ff-4254-bf6e-67e7bcfc9e39: shutdown FollowerState
2019-11-01 01:26:09,196 [Thread-283] INFO  impl.FollowerState (FollowerState.java:run(120)) - 40b7f987-8e06-4ef9-abdc-8715eb833c11@group-2D790F9948C3-FollowerState was interrupted: java.lang.InterruptedException: sleep interrupted
2019-11-01 01:26:09,196 [grpc-default-executor-3] INFO  impl.RoleInfo (RoleInfo.java:updateAndGet(143)) - 32db78ba-36ff-4254-bf6e-67e7bcfc9e39: start FollowerState
2019-11-01 01:26:09,196 [grpc-default-executor-1] INFO  impl.RoleInfo (RoleInfo.java:updateAndGet(143)) - 40b7f987-8e06-4ef9-abdc-8715eb833c11: start FollowerState
2019-11-01 01:26:09,196 [Thread-267] INFO  impl.FollowerState (FollowerState.java:run(120)) - 32db78ba-36ff-4254-bf6e-67e7bcfc9e39@group-2D790F9948C3-FollowerState was interrupted: java.lang.InterruptedException: sleep interrupted
2019-11-01 01:26:09,231 [cb510fb7-fc87-4880-9dcd-5d4a84db871b@group-2D790F9948C3-LeaderElection9] INFO  impl.LeaderElection (LeaderElection.java:logAndReturn(56)) - cb510fb7-fc87-4880-9dcd-5d4a84db871b@group-2D790F9948C3-LeaderElection9: Election PASSED; received 1 response(s) [cb510fb7-fc87-4880-9dcd-5d4a84db871b<-40b7f987-8e06-4ef9-abdc-8715eb833c11#0:OK-t1] and 0 exception(s); cb510fb7-fc87-4880-9dcd-5d4a84db871b@group-2D790F9948C3:t1, leader=null, voted=cb510fb7-fc87-4880-9dcd-5d4a84db871b, raftlog=cb510fb7-fc87-4880-9dcd-5d4a84db871b@group-2D790F9948C3-SegmentedRaftLog:OPENED:c-1,f-1,i0, conf=-1: [40b7f987-8e06-4ef9-abdc-8715eb833c11:192.168.69.91:34918, 32db78ba-36ff-4254-bf6e-67e7bcfc9e39:192.168.69.91:37505, cb510fb7-fc87-4880-9dcd-5d4a84db871b:192.168.69.91:33685], old=null
2019-11-01 01:26:09,231 [cb510fb7-fc87-4880-9dcd-5d4a84db871b@group-2D790F9948C3-LeaderElection9] INFO  impl.RoleInfo (RoleInfo.java:shutdownLeaderElection(134)) - cb510fb7-fc87-4880-9dcd-5d4a84db871b: shutdown LeaderElection
2019-11-01 01:26:09,231 [cb510fb7-fc87-4880-9dcd-5d4a84db871b@group-2D790F9948C3-LeaderElection9] INFO  impl.RaftServerImpl (RaftServerImpl.java:setRole(173)) - cb510fb7-fc87-4880-9dcd-5d4a84db871b@group-2D790F9948C3: changes role from CANDIDATE to LEADER at term 1 for changeToLeader
2019-11-01 01:26:09,233 [cb510fb7-fc87-4880-9dcd-5d4a84db871b@group-2D790F9948C3-LeaderElection9] INFO  impl.RaftServerImpl (ServerState.java:setLeader(255)) - cb510fb7-fc87-4880-9dcd-5d4a84db871b@group-2D790F9948C3: change Leader from null to cb510fb7-fc87-4880-9dcd-5d4a84db871b at term 1 for becomeLeader, leader elected after 18800ms
2019-11-01 01:26:09,234 [cb510fb7-fc87-4880-9dcd-5d4a84db871b@group-2D790F9948C3-LeaderElection9] INFO  server.RaftServerConfigKeys (ConfUtils.java:logGet(43)) - raft.server.staging.catchup.gap = 1000 (default)
2019-11-01 01:26:09,234 [cb510fb7-fc87-4880-9dcd-5d4a84db871b@group-2D790F9948C3-LeaderElection9] INFO  server.RaftServerConfigKeys (ConfUtils.java:logGet(43)) - raft.server.rpc.sleep.time = 25ms (default)
2019-11-01 01:26:09,234 [cb510fb7-fc87-4880-9dcd-5d4a84db871b@group-2D790F9948C3-LeaderElection9] INFO  server.RaftServerConfigKeys (ConfUtils.java:logGet(43)) - raft.server.write.element-limit = 4096 (default)
2019-11-01 01:26:09,234 [cb510fb7-fc87-4880-9dcd-5d4a84db871b@group-2D790F9948C3-LeaderElection9] INFO  server.RaftServerConfigKeys (ConfUtils.java:logGet(43)) - raft.server.watch.timeout = 10s (default)
2019-11-01 01:26:09,234 [cb510fb7-fc87-4880-9dcd-5d4a84db871b@group-2D790F9948C3-LeaderElection9] INFO  server.RaftServerConfigKeys (ConfUtils.java:logGet(43)) - raft.server.watch.timeout.denomination = 1s (default)
2019-11-01 01:26:09,234 [cb510fb7-fc87-4880-9dcd-5d4a84db871b@group-2D790F9948C3-LeaderElection9] INFO  server.RaftServerConfigKeys (ConfUtils.java:logGet(43)) - raft.server.watch.element-limit = 65536 (default)
2019-11-01 01:26:09,235 [cb510fb7-fc87-4880-9dcd-5d4a84db871b@group-2D790F9948C3-LeaderElection9] INFO  server.RaftServerConfigKeys (ConfUtils.java:logGet(43)) - raft.server.log.appender.snapshot.chunk.size.max = 16MB (=16777216) (default)
2019-11-01 01:26:09,235 [cb510fb7-fc87-4880-9dcd-5d4a84db871b@group-2D790F9948C3-LeaderElection9] INFO  server.RaftServerConfigKeys (ConfUtils.java:logGet(43)) - raft.server.log.appender.buffer.byte-limit = 33554432 (custom)
2019-11-01 01:26:09,235 [cb510fb7-fc87-4880-9dcd-5d4a84db871b@group-2D790F9948C3-LeaderElection9] INFO  server.RaftServerConfigKeys (ConfUtils.java:logGet(43)) - raft.server.log.appender.buffer.element-limit = 1 (custom)
2019-11-01 01:26:09,235 [cb510fb7-fc87-4880-9dcd-5d4a84db871b@group-2D790F9948C3-LeaderElection9] INFO  grpc.GrpcConfigKeys$Server (ConfUtils.java:logGet(43)) - raft.grpc.server.leader.outstanding.appends.max = 128 (default)
2019-11-01 01:26:09,236 [cb510fb7-fc87-4880-9dcd-5d4a84db871b@group-2D790F9948C3-LeaderElection9] INFO  server.RaftServerConfigKeys (ConfUtils.java:logGet(43)) - raft.server.rpc.request.timeout = 3000ms (default)
2019-11-01 01:26:09,236 [cb510fb7-fc87-4880-9dcd-5d4a84db871b@group-2D790F9948C3-LeaderElection9] INFO  server.RaftServerConfigKeys (ConfUtils.java:logGet(43)) - raft.server.log.appender.install.snapshot.enabled = false (custom)
2019-11-01 01:26:09,236 [cb510fb7-fc87-4880-9dcd-5d4a84db871b@group-2D790F9948C3-LeaderElection9] WARN  impl.MetricRegistriesImpl (MetricRegistriesImpl.java:lambda$create$1(61)) - First MetricRegistry has been created without registering reporters. You may need to call MetricRegistries.global().addReportRegistration(...) before.
2019-11-01 01:26:09,236 [cb510fb7-fc87-4880-9dcd-5d4a84db871b@group-2D790F9948C3-LeaderElection9] INFO  server.RaftServerConfigKeys (ConfUtils.java:logGet(43)) - raft.server.log.appender.snapshot.chunk.size.max = 16MB (=16777216) (default)
2019-11-01 01:26:09,236 [cb510fb7-fc87-4880-9dcd-5d4a84db871b@group-2D790F9948C3-LeaderElection9] INFO  server.RaftServerConfigKeys (ConfUtils.java:logGet(43)) - raft.server.log.appender.buffer.byte-limit = 33554432 (custom)
2019-11-01 01:26:09,237 [cb510fb7-fc87-4880-9dcd-5d4a84db871b@group-2D790F9948C3-LeaderElection9] INFO  server.RaftServerConfigKeys (ConfUtils.java:logGet(43)) - raft.server.log.appender.buffer.element-limit = 1 (custom)
2019-11-01 01:26:09,237 [cb510fb7-fc87-4880-9dcd-5d4a84db871b@group-2D790F9948C3-LeaderElection9] INFO  grpc.GrpcConfigKeys$Server (ConfUtils.java:logGet(43)) - raft.grpc.server.leader.outstanding.appends.max = 128 (default)
2019-11-01 01:26:09,237 [cb510fb7-fc87-4880-9dcd-5d4a84db871b@group-2D790F9948C3-LeaderElection9] INFO  server.RaftServerConfigKeys (ConfUtils.java:logGet(43)) - raft.server.rpc.request.timeout = 3000ms (default)
2019-11-01 01:26:09,237 [cb510fb7-fc87-4880-9dcd-5d4a84db871b@group-2D790F9948C3-LeaderElection9] INFO  server.RaftServerConfigKeys (ConfUtils.java:logGet(43)) - raft.server.log.appender.install.snapshot.enabled = false (custom)
2019-11-01 01:26:09,237 [cb510fb7-fc87-4880-9dcd-5d4a84db871b@group-2D790F9948C3-LeaderElection9] INFO  impl.RoleInfo (RoleInfo.java:updateAndGet(143)) - cb510fb7-fc87-4880-9dcd-5d4a84db871b: start LeaderState
2019-11-01 01:26:09,238 [cb510fb7-fc87-4880-9dcd-5d4a84db871b@group-2D790F9948C3-LeaderElection9] INFO  segmented.SegmentedRaftLogWorker (SegmentedRaftLogWorker.java:startLogSegment(385)) - cb510fb7-fc87-4880-9dcd-5d4a84db871b@group-2D790F9948C3-SegmentedRaftLogWorker: Starting segment from index:0
2019-11-01 01:26:09,238 [cb510fb7-fc87-4880-9dcd-5d4a84db871b@group-2D790F9948C3-LeaderElection9] INFO  impl.RaftServerImpl (ServerState.java:setRaftConf(356)) - cb510fb7-fc87-4880-9dcd-5d4a84db871b@group-2D790F9948C3: set configuration 0: [40b7f987-8e06-4ef9-abdc-8715eb833c11:192.168.69.91:34918, 32db78ba-36ff-4254-bf6e-67e7bcfc9e39:192.168.69.91:37505, cb510fb7-fc87-4880-9dcd-5d4a84db871b:192.168.69.91:33685], old=null at 0
2019-11-01 01:26:09,263 [grpc-default-executor-3] INFO  impl.RaftServerImpl (ServerState.java:setLeader(255)) - 32db78ba-36ff-4254-bf6e-67e7bcfc9e39@group-2D790F9948C3: change Leader from null to cb510fb7-fc87-4880-9dcd-5d4a84db871b at term 1 for appendEntries, leader elected after 18831ms
2019-11-01 01:26:09,265 [grpc-default-executor-1] INFO  impl.RaftServerImpl (ServerState.java:setLeader(255)) - 40b7f987-8e06-4ef9-abdc-8715eb833c11@group-2D790F9948C3: change Leader from null to cb510fb7-fc87-4880-9dcd-5d4a84db871b at term 1 for appendEntries, leader elected after 13985ms
2019-11-01 01:26:09,270 [grpc-default-executor-1] INFO  impl.RaftServerImpl (ServerState.java:setRaftConf(356)) - 40b7f987-8e06-4ef9-abdc-8715eb833c11@group-2D790F9948C3: set configuration 0: [40b7f987-8e06-4ef9-abdc-8715eb833c11:192.168.69.91:34918, 32db78ba-36ff-4254-bf6e-67e7bcfc9e39:192.168.69.91:37505, cb510fb7-fc87-4880-9dcd-5d4a84db871b:192.168.69.91:33685], old=null at 0
2019-11-01 01:26:09,270 [grpc-default-executor-3] INFO  impl.RaftServerImpl (ServerState.java:setRaftConf(356)) - 32db78ba-36ff-4254-bf6e-67e7bcfc9e39@group-2D790F9948C3: set configuration 0: [40b7f987-8e06-4ef9-abdc-8715eb833c11:192.168.69.91:34918, 32db78ba-36ff-4254-bf6e-67e7bcfc9e39:192.168.69.91:37505, cb510fb7-fc87-4880-9dcd-5d4a84db871b:192.168.69.91:33685], old=null at 0
2019-11-01 01:26:09,271 [grpc-default-executor-1] INFO  segmented.SegmentedRaftLogWorker (SegmentedRaftLogWorker.java:startLogSegment(385)) - 40b7f987-8e06-4ef9-abdc-8715eb833c11@group-2D790F9948C3-SegmentedRaftLogWorker: Starting segment from index:0
2019-11-01 01:26:09,271 [grpc-default-executor-3] INFO  segmented.SegmentedRaftLogWorker (SegmentedRaftLogWorker.java:startLogSegment(385)) - 32db78ba-36ff-4254-bf6e-67e7bcfc9e39@group-2D790F9948C3-SegmentedRaftLogWorker: Starting segment from index:0
2019-11-01 01:26:09,284 [cb510fb7-fc87-4880-9dcd-5d4a84db871b@group-2D790F9948C3-SegmentedRaftLogWorker] INFO  segmented.SegmentedRaftLogWorker (SegmentedRaftLogWorker.java:execute(576)) - cb510fb7-fc87-4880-9dcd-5d4a84db871b@group-2D790F9948C3-SegmentedRaftLogWorker: created new log segment /workdir/hadoop-ozone/tools/target/test-dir/MiniOzoneClusterImpl-17d7739a-f662-4c88-9e51-3c637963011a/datanode-1/data/ratis/5711cac2-4b9e-4755-84c0-2d790f9948c3/current/log_inprogress_0
2019-11-01 01:26:09,292 [Thread-274] INFO  impl.FollowerState (FollowerState.java:run(111)) - cb510fb7-fc87-4880-9dcd-5d4a84db871b@group-F4B7B8AA5D47-FollowerState: change to CANDIDATE, lastRpcTime:5028ms, electionTimeout:5028ms
2019-11-01 01:26:09,292 [Thread-274] INFO  impl.RoleInfo (RoleInfo.java:shutdownFollowerState(121)) - cb510fb7-fc87-4880-9dcd-5d4a84db871b: shutdown FollowerState
2019-11-01 01:26:09,292 [Thread-274] INFO  impl.RaftServerImpl (RaftServerImpl.java:setRole(173)) - cb510fb7-fc87-4880-9dcd-5d4a84db871b@group-F4B7B8AA5D47: changes role from  FOLLOWER to CANDIDATE at term 0 for changeToCandidate
2019-11-01 01:26:09,293 [Thread-274] INFO  impl.RoleInfo (RoleInfo.java:updateAndGet(143)) - cb510fb7-fc87-4880-9dcd-5d4a84db871b: start LeaderElection
2019-11-01 01:26:09,328 [40b7f987-8e06-4ef9-abdc-8715eb833c11@group-2D790F9948C3-SegmentedRaftLogWorker] INFO  segmented.SegmentedRaftLogWorker (SegmentedRaftLogWorker.java:execute(576)) - 40b7f987-8e06-4ef9-abdc-8715eb833c11@group-2D790F9948C3-SegmentedRaftLogWorker: created new log segment /workdir/hadoop-ozone/tools/target/test-dir/MiniOzoneClusterImpl-17d7739a-f662-4c88-9e51-3c637963011a/datanode-0/data/ratis/5711cac2-4b9e-4755-84c0-2d790f9948c3/current/log_inprogress_0
2019-11-01 01:26:09,328 [cb510fb7-fc87-4880-9dcd-5d4a84db871b@group-F4B7B8AA5D47-LeaderElection10] INFO  impl.LeaderElection (LeaderElection.java:askForVotes(178)) - cb510fb7-fc87-4880-9dcd-5d4a84db871b@group-F4B7B8AA5D47-LeaderElection10: begin an election at term 1 for -1: [40b7f987-8e06-4ef9-abdc-8715eb833c11:192.168.69.91:34918, 32db78ba-36ff-4254-bf6e-67e7bcfc9e39:192.168.69.91:37505, cb510fb7-fc87-4880-9dcd-5d4a84db871b:192.168.69.91:33685], old=null
2019-11-01 01:26:09,328 [32db78ba-36ff-4254-bf6e-67e7bcfc9e39@group-2D790F9948C3-SegmentedRaftLogWorker] INFO  segmented.SegmentedRaftLogWorker (SegmentedRaftLogWorker.java:execute(576)) - 32db78ba-36ff-4254-bf6e-67e7bcfc9e39@group-2D790F9948C3-SegmentedRaftLogWorker: created new log segment /workdir/hadoop-ozone/tools/target/test-dir/MiniOzoneClusterImpl-17d7739a-f662-4c88-9e51-3c637963011a/datanode-4/data/ratis/5711cac2-4b9e-4755-84c0-2d790f9948c3/current/log_inprogress_0
2019-11-01 01:26:09,332 [grpc-default-executor-3] INFO  impl.RaftServerImpl (RaftServerImpl.java:setRole(173)) - 32db78ba-36ff-4254-bf6e-67e7bcfc9e39@group-F4B7B8AA5D47: changes role from  FOLLOWER to FOLLOWER at term 1 for recognizeCandidate:cb510fb7-fc87-4880-9dcd-5d4a84db871b
2019-11-01 01:26:09,333 [grpc-default-executor-1] INFO  impl.RaftServerImpl (RaftServerImpl.java:setRole(173)) - 40b7f987-8e06-4ef9-abdc-8715eb833c11@group-F4B7B8AA5D47: changes role from  FOLLOWER to FOLLOWER at term 1 for recognizeCandidate:cb510fb7-fc87-4880-9dcd-5d4a84db871b
2019-11-01 01:26:09,333 [grpc-default-executor-3] INFO  impl.RoleInfo (RoleInfo.java:shutdownFollowerState(121)) - 32db78ba-36ff-4254-bf6e-67e7bcfc9e39: shutdown FollowerState
2019-11-01 01:26:09,333 [grpc-default-executor-1] INFO  impl.RoleInfo (RoleInfo.java:shutdownFollowerState(121)) - 40b7f987-8e06-4ef9-abdc-8715eb833c11: shutdown FollowerState
2019-11-01 01:26:09,333 [grpc-default-executor-3] INFO  impl.RoleInfo (RoleInfo.java:updateAndGet(143)) - 32db78ba-36ff-4254-bf6e-67e7bcfc9e39: start FollowerState
2019-11-01 01:26:09,333 [Thread-278] INFO  impl.FollowerState (FollowerState.java:run(120)) - 32db78ba-36ff-4254-bf6e-67e7bcfc9e39@group-F4B7B8AA5D47-FollowerState was interrupted: java.lang.InterruptedException: sleep interrupted
2019-11-01 01:26:09,334 [grpc-default-executor-1] INFO  impl.RoleInfo (RoleInfo.java:updateAndGet(143)) - 40b7f987-8e06-4ef9-abdc-8715eb833c11: start FollowerState
2019-11-01 01:26:09,334 [Thread-294] INFO  impl.FollowerState (FollowerState.java:run(120)) - 40b7f987-8e06-4ef9-abdc-8715eb833c11@group-F4B7B8AA5D47-FollowerState was interrupted: java.lang.InterruptedException: sleep interrupted
2019-11-01 01:26:09,351 [cb510fb7-fc87-4880-9dcd-5d4a84db871b@group-F4B7B8AA5D47-LeaderElection10] INFO  impl.LeaderElection (LeaderElection.java:logAndReturn(56)) - cb510fb7-fc87-4880-9dcd-5d4a84db871b@group-F4B7B8AA5D47-LeaderElection10: Election PASSED; received 1 response(s) [cb510fb7-fc87-4880-9dcd-5d4a84db871b<-32db78ba-36ff-4254-bf6e-67e7bcfc9e39#0:OK-t1] and 0 exception(s); cb510fb7-fc87-4880-9dcd-5d4a84db871b@group-F4B7B8AA5D47:t1, leader=null, voted=cb510fb7-fc87-4880-9dcd-5d4a84db871b, raftlog=cb510fb7-fc87-4880-9dcd-5d4a84db871b@group-F4B7B8AA5D47-SegmentedRaftLog:OPENED:c-1,f-1,i0, conf=-1: [40b7f987-8e06-4ef9-abdc-8715eb833c11:192.168.69.91:34918, 32db78ba-36ff-4254-bf6e-67e7bcfc9e39:192.168.69.91:37505, cb510fb7-fc87-4880-9dcd-5d4a84db871b:192.168.69.91:33685], old=null
2019-11-01 01:26:09,351 [cb510fb7-fc87-4880-9dcd-5d4a84db871b@group-F4B7B8AA5D47-LeaderElection10] INFO  impl.RoleInfo (RoleInfo.java:shutdownLeaderElection(134)) - cb510fb7-fc87-4880-9dcd-5d4a84db871b: shutdown LeaderElection
2019-11-01 01:26:09,354 [cb510fb7-fc87-4880-9dcd-5d4a84db871b@group-F4B7B8AA5D47-LeaderElection10] INFO  impl.RaftServerImpl (RaftServerImpl.java:setRole(173)) - cb510fb7-fc87-4880-9dcd-5d4a84db871b@group-F4B7B8AA5D47: changes role from CANDIDATE to LEADER at term 1 for changeToLeader
2019-11-01 01:26:09,354 [cb510fb7-fc87-4880-9dcd-5d4a84db871b@group-F4B7B8AA5D47-LeaderElection10] INFO  impl.RaftServerImpl (ServerState.java:setLeader(255)) - cb510fb7-fc87-4880-9dcd-5d4a84db871b@group-F4B7B8AA5D47: change Leader from null to cb510fb7-fc87-4880-9dcd-5d4a84db871b at term 1 for becomeLeader, leader elected after 11423ms
2019-11-01 01:26:09,354 [cb510fb7-fc87-4880-9dcd-5d4a84db871b@group-F4B7B8AA5D47-LeaderElection10] INFO  server.RaftServerConfigKeys (ConfUtils.java:logGet(43)) - raft.server.staging.catchup.gap = 1000 (default)
2019-11-01 01:26:09,354 [cb510fb7-fc87-4880-9dcd-5d4a84db871b@group-F4B7B8AA5D47-LeaderElection10] INFO  server.RaftServerConfigKeys (ConfUtils.java:logGet(43)) - raft.server.rpc.sleep.time = 25ms (default)
2019-11-01 01:26:09,354 [cb510fb7-fc87-4880-9dcd-5d4a84db871b@group-F4B7B8AA5D47-LeaderElection10] INFO  server.RaftServerConfigKeys (ConfUtils.java:logGet(43)) - raft.server.write.element-limit = 4096 (default)
2019-11-01 01:26:09,355 [cb510fb7-fc87-4880-9dcd-5d4a84db871b@group-F4B7B8AA5D47-LeaderElection10] INFO  server.RaftServerConfigKeys (ConfUtils.java:logGet(43)) - raft.server.watch.timeout = 10s (default)
2019-11-01 01:26:09,355 [cb510fb7-fc87-4880-9dcd-5d4a84db871b@group-F4B7B8AA5D47-LeaderElection10] INFO  server.RaftServerConfigKeys (ConfUtils.java:logGet(43)) - raft.server.watch.timeout.denomination = 1s (default)
2019-11-01 01:26:09,355 [cb510fb7-fc87-4880-9dcd-5d4a84db871b@group-F4B7B8AA5D47-LeaderElection10] INFO  server.RaftServerConfigKeys (ConfUtils.java:logGet(43)) - raft.server.watch.element-limit = 65536 (default)
2019-11-01 01:26:09,355 [cb510fb7-fc87-4880-9dcd-5d4a84db871b@group-F4B7B8AA5D47-LeaderElection10] INFO  server.RaftServerConfigKeys (ConfUtils.java:logGet(43)) - raft.server.log.appender.snapshot.chunk.size.max = 16MB (=16777216) (default)
2019-11-01 01:26:09,355 [cb510fb7-fc87-4880-9dcd-5d4a84db871b@group-F4B7B8AA5D47-LeaderElection10] INFO  server.RaftServerConfigKeys (ConfUtils.java:logGet(43)) - raft.server.log.appender.buffer.byte-limit = 33554432 (custom)
2019-11-01 01:26:09,355 [cb510fb7-fc87-4880-9dcd-5d4a84db871b@group-F4B7B8AA5D47-LeaderElection10] INFO  server.RaftServerConfigKeys (ConfUtils.java:logGet(43)) - raft.server.log.appender.buffer.element-limit = 1 (custom)
2019-11-01 01:26:09,356 [cb510fb7-fc87-4880-9dcd-5d4a84db871b@group-F4B7B8AA5D47-LeaderElection10] INFO  grpc.GrpcConfigKeys$Server (ConfUtils.java:logGet(43)) - raft.grpc.server.leader.outstanding.appends.max = 128 (default)
2019-11-01 01:26:09,356 [cb510fb7-fc87-4880-9dcd-5d4a84db871b@group-F4B7B8AA5D47-LeaderElection10] INFO  server.RaftServerConfigKeys (ConfUtils.java:logGet(43)) - raft.server.rpc.request.timeout = 3000ms (default)
2019-11-01 01:26:09,356 [cb510fb7-fc87-4880-9dcd-5d4a84db871b@group-F4B7B8AA5D47-LeaderElection10] INFO  server.RaftServerConfigKeys (ConfUtils.java:logGet(43)) - raft.server.log.appender.install.snapshot.enabled = false (custom)
2019-11-01 01:26:09,356 [cb510fb7-fc87-4880-9dcd-5d4a84db871b@group-F4B7B8AA5D47-LeaderElection10] WARN  impl.MetricRegistriesImpl (MetricRegistriesImpl.java:lambda$create$1(61)) - First MetricRegistry has been created without registering reporters. You may need to call MetricRegistries.global().addReportRegistration(...) before.
2019-11-01 01:26:09,356 [cb510fb7-fc87-4880-9dcd-5d4a84db871b@group-F4B7B8AA5D47-LeaderElection10] INFO  server.RaftServerConfigKeys (ConfUtils.java:logGet(43)) - raft.server.log.appender.snapshot.chunk.size.max = 16MB (=16777216) (default)
2019-11-01 01:26:09,356 [cb510fb7-fc87-4880-9dcd-5d4a84db871b@group-F4B7B8AA5D47-LeaderElection10] INFO  server.RaftServerConfigKeys (ConfUtils.java:logGet(43)) - raft.server.log.appender.buffer.byte-limit = 33554432 (custom)
2019-11-01 01:26:09,357 [cb510fb7-fc87-4880-9dcd-5d4a84db871b@group-F4B7B8AA5D47-LeaderElection10] INFO  server.RaftServerConfigKeys (ConfUtils.java:logGet(43)) - raft.server.log.appender.buffer.element-limit = 1 (custom)
2019-11-01 01:26:09,357 [cb510fb7-fc87-4880-9dcd-5d4a84db871b@group-F4B7B8AA5D47-LeaderElection10] INFO  grpc.GrpcConfigKeys$Server (ConfUtils.java:logGet(43)) - raft.grpc.server.leader.outstanding.appends.max = 128 (default)
2019-11-01 01:26:09,357 [cb510fb7-fc87-4880-9dcd-5d4a84db871b@group-F4B7B8AA5D47-LeaderElection10] INFO  server.RaftServerConfigKeys (ConfUtils.java:logGet(43)) - raft.server.rpc.request.timeout = 3000ms (default)
2019-11-01 01:26:09,357 [cb510fb7-fc87-4880-9dcd-5d4a84db871b@group-F4B7B8AA5D47-LeaderElection10] INFO  server.RaftServerConfigKeys (ConfUtils.java:logGet(43)) - raft.server.log.appender.install.snapshot.enabled = false (custom)
2019-11-01 01:26:09,358 [cb510fb7-fc87-4880-9dcd-5d4a84db871b@group-F4B7B8AA5D47-LeaderElection10] INFO  impl.RoleInfo (RoleInfo.java:updateAndGet(143)) - cb510fb7-fc87-4880-9dcd-5d4a84db871b: start LeaderState
2019-11-01 01:26:09,358 [cb510fb7-fc87-4880-9dcd-5d4a84db871b@group-F4B7B8AA5D47-LeaderElection10] INFO  segmented.SegmentedRaftLogWorker (SegmentedRaftLogWorker.java:startLogSegment(385)) - cb510fb7-fc87-4880-9dcd-5d4a84db871b@group-F4B7B8AA5D47-SegmentedRaftLogWorker: Starting segment from index:0
2019-11-01 01:26:09,359 [cb510fb7-fc87-4880-9dcd-5d4a84db871b@group-F4B7B8AA5D47-LeaderElection10] INFO  impl.RaftServerImpl (ServerState.java:setRaftConf(356)) - cb510fb7-fc87-4880-9dcd-5d4a84db871b@group-F4B7B8AA5D47: set configuration 0: [40b7f987-8e06-4ef9-abdc-8715eb833c11:192.168.69.91:34918, 32db78ba-36ff-4254-bf6e-67e7bcfc9e39:192.168.69.91:37505, cb510fb7-fc87-4880-9dcd-5d4a84db871b:192.168.69.91:33685], old=null at 0
2019-11-01 01:26:09,389 [grpc-default-executor-1] INFO  impl.RaftServerImpl (ServerState.java:setLeader(255)) - 40b7f987-8e06-4ef9-abdc-8715eb833c11@group-F4B7B8AA5D47: change Leader from null to cb510fb7-fc87-4880-9dcd-5d4a84db871b at term 1 for appendEntries, leader elected after 5608ms
2019-11-01 01:26:09,390 [grpc-default-executor-3] INFO  impl.RaftServerImpl (ServerState.java:setLeader(255)) - 32db78ba-36ff-4254-bf6e-67e7bcfc9e39@group-F4B7B8AA5D47: change Leader from null to cb510fb7-fc87-4880-9dcd-5d4a84db871b at term 1 for appendEntries, leader elected after 11459ms
2019-11-01 01:26:09,395 [grpc-default-executor-1] INFO  impl.RaftServerImpl (ServerState.java:setRaftConf(356)) - 40b7f987-8e06-4ef9-abdc-8715eb833c11@group-F4B7B8AA5D47: set configuration 0: [40b7f987-8e06-4ef9-abdc-8715eb833c11:192.168.69.91:34918, 32db78ba-36ff-4254-bf6e-67e7bcfc9e39:192.168.69.91:37505, cb510fb7-fc87-4880-9dcd-5d4a84db871b:192.168.69.91:33685], old=null at 0
2019-11-01 01:26:09,395 [grpc-default-executor-3] INFO  impl.RaftServerImpl (ServerState.java:setRaftConf(356)) - 32db78ba-36ff-4254-bf6e-67e7bcfc9e39@group-F4B7B8AA5D47: set configuration 0: [40b7f987-8e06-4ef9-abdc-8715eb833c11:192.168.69.91:34918, 32db78ba-36ff-4254-bf6e-67e7bcfc9e39:192.168.69.91:37505, cb510fb7-fc87-4880-9dcd-5d4a84db871b:192.168.69.91:33685], old=null at 0
2019-11-01 01:26:09,395 [grpc-default-executor-1] INFO  segmented.SegmentedRaftLogWorker (SegmentedRaftLogWorker.java:startLogSegment(385)) - 40b7f987-8e06-4ef9-abdc-8715eb833c11@group-F4B7B8AA5D47-SegmentedRaftLogWorker: Starting segment from index:0
2019-11-01 01:26:09,396 [grpc-default-executor-3] INFO  segmented.SegmentedRaftLogWorker (SegmentedRaftLogWorker.java:startLogSegment(385)) - 32db78ba-36ff-4254-bf6e-67e7bcfc9e39@group-F4B7B8AA5D47-SegmentedRaftLogWorker: Starting segment from index:0
2019-11-01 01:26:09,402 [cb510fb7-fc87-4880-9dcd-5d4a84db871b@group-F4B7B8AA5D47-SegmentedRaftLogWorker] INFO  segmented.SegmentedRaftLogWorker (SegmentedRaftLogWorker.java:execute(576)) - cb510fb7-fc87-4880-9dcd-5d4a84db871b@group-F4B7B8AA5D47-SegmentedRaftLogWorker: created new log segment /workdir/hadoop-ozone/tools/target/test-dir/MiniOzoneClusterImpl-17d7739a-f662-4c88-9e51-3c637963011a/datanode-1/data/ratis/e28749fe-4a5a-40eb-94b4-f4b7b8aa5d47/current/log_inprogress_0
2019-11-01 01:26:09,426 [Thread-290] INFO  impl.FollowerState (FollowerState.java:run(111)) - cb510fb7-fc87-4880-9dcd-5d4a84db871b@group-B30DA263D364-FollowerState: change to CANDIDATE, lastRpcTime:5009ms, electionTimeout:5008ms
2019-11-01 01:26:09,426 [Thread-290] INFO  impl.RoleInfo (RoleInfo.java:shutdownFollowerState(121)) - cb510fb7-fc87-4880-9dcd-5d4a84db871b: shutdown FollowerState
2019-11-01 01:26:09,426 [Thread-290] INFO  impl.RaftServerImpl (RaftServerImpl.java:setRole(173)) - cb510fb7-fc87-4880-9dcd-5d4a84db871b@group-B30DA263D364: changes role from  FOLLOWER to CANDIDATE at term 0 for changeToCandidate
2019-11-01 01:26:09,426 [Thread-290] INFO  impl.RoleInfo (RoleInfo.java:updateAndGet(143)) - cb510fb7-fc87-4880-9dcd-5d4a84db871b: start LeaderElection
2019-11-01 01:26:09,433 [Thread-305] INFO  impl.FollowerState (FollowerState.java:run(111)) - cb510fb7-fc87-4880-9dcd-5d4a84db871b@group-56BF66CFB646-FollowerState: change to CANDIDATE, lastRpcTime:5007ms, electionTimeout:5007ms
2019-11-01 01:26:09,433 [Thread-305] INFO  impl.RoleInfo (RoleInfo.java:shutdownFollowerState(121)) - cb510fb7-fc87-4880-9dcd-5d4a84db871b: shutdown FollowerState
2019-11-01 01:26:09,433 [Thread-298] INFO  impl.FollowerState (FollowerState.java:run(111)) - 32db78ba-36ff-4254-bf6e-67e7bcfc9e39@group-463ABB98F6A5-FollowerState: change to CANDIDATE, lastRpcTime:5011ms, electionTimeout:5011ms
2019-11-01 01:26:09,433 [Thread-305] INFO  impl.RaftServerImpl (RaftServerImpl.java:setRole(173)) - cb510fb7-fc87-4880-9dcd-5d4a84db871b@group-56BF66CFB646: changes role from  FOLLOWER to CANDIDATE at term 0 for changeToCandidate
2019-11-01 01:26:09,433 [Thread-298] INFO  impl.RoleInfo (RoleInfo.java:shutdownFollowerState(121)) - 32db78ba-36ff-4254-bf6e-67e7bcfc9e39: shutdown FollowerState
2019-11-01 01:26:09,433 [Thread-298] INFO  impl.RaftServerImpl (RaftServerImpl.java:setRole(173)) - 32db78ba-36ff-4254-bf6e-67e7bcfc9e39@group-463ABB98F6A5: changes role from  FOLLOWER to CANDIDATE at term 0 for changeToCandidate
2019-11-01 01:26:09,433 [Thread-305] INFO  impl.RoleInfo (RoleInfo.java:updateAndGet(143)) - cb510fb7-fc87-4880-9dcd-5d4a84db871b: start LeaderElection
2019-11-01 01:26:09,433 [Thread-298] INFO  impl.RoleInfo (RoleInfo.java:updateAndGet(143)) - 32db78ba-36ff-4254-bf6e-67e7bcfc9e39: start LeaderElection
2019-11-01 01:26:09,443 [40b7f987-8e06-4ef9-abdc-8715eb833c11@group-F4B7B8AA5D47-SegmentedRaftLogWorker] INFO  segmented.SegmentedRaftLogWorker (SegmentedRaftLogWorker.java:execute(576)) - 40b7f987-8e06-4ef9-abdc-8715eb833c11@group-F4B7B8AA5D47-SegmentedRaftLogWorker: created new log segment /workdir/hadoop-ozone/tools/target/test-dir/MiniOzoneClusterImpl-17d7739a-f662-4c88-9e51-3c637963011a/datanode-0/data/ratis/e28749fe-4a5a-40eb-94b4-f4b7b8aa5d47/current/log_inprogress_0
2019-11-01 01:26:09,443 [32db78ba-36ff-4254-bf6e-67e7bcfc9e39@group-F4B7B8AA5D47-SegmentedRaftLogWorker] INFO  segmented.SegmentedRaftLogWorker (SegmentedRaftLogWorker.java:execute(576)) - 32db78ba-36ff-4254-bf6e-67e7bcfc9e39@group-F4B7B8AA5D47-SegmentedRaftLogWorker: created new log segment /workdir/hadoop-ozone/tools/target/test-dir/MiniOzoneClusterImpl-17d7739a-f662-4c88-9e51-3c637963011a/datanode-4/data/ratis/e28749fe-4a5a-40eb-94b4-f4b7b8aa5d47/current/log_inprogress_0
 0.00% |?                                                                                                    |  0/100 Time: 0:00:372019-11-01 01:26:09,457 [Thread-306] INFO  impl.FollowerState (FollowerState.java:run(111)) - 32db78ba-36ff-4254-bf6e-67e7bcfc9e39@group-56BF66CFB646-FollowerState: change to CANDIDATE, lastRpcTime:5030ms, electionTimeout:5030ms
2019-11-01 01:26:09,457 [Thread-306] INFO  impl.RoleInfo (RoleInfo.java:shutdownFollowerState(121)) - 32db78ba-36ff-4254-bf6e-67e7bcfc9e39: shutdown FollowerState
2019-11-01 01:26:09,457 [Thread-306] INFO  impl.RaftServerImpl (RaftServerImpl.java:setRole(173)) - 32db78ba-36ff-4254-bf6e-67e7bcfc9e39@group-56BF66CFB646: changes role from  FOLLOWER to CANDIDATE at term 0 for changeToCandidate
2019-11-01 01:26:09,457 [Thread-306] INFO  impl.RoleInfo (RoleInfo.java:updateAndGet(143)) - 32db78ba-36ff-4254-bf6e-67e7bcfc9e39: start LeaderElection
2019-11-01 01:26:09,462 [cb510fb7-fc87-4880-9dcd-5d4a84db871b@group-56BF66CFB646-LeaderElection12] INFO  impl.LeaderElection (LeaderElection.java:askForVotes(178)) - cb510fb7-fc87-4880-9dcd-5d4a84db871b@group-56BF66CFB646-LeaderElection12: begin an election at term 1 for -1: [40b7f987-8e06-4ef9-abdc-8715eb833c11:192.168.69.91:34918, 32db78ba-36ff-4254-bf6e-67e7bcfc9e39:192.168.69.91:37505, cb510fb7-fc87-4880-9dcd-5d4a84db871b:192.168.69.91:33685], old=null
2019-11-01 01:26:09,462 [32db78ba-36ff-4254-bf6e-67e7bcfc9e39@group-463ABB98F6A5-LeaderElection13] INFO  impl.LeaderElection (LeaderElection.java:askForVotes(178)) - 32db78ba-36ff-4254-bf6e-67e7bcfc9e39@group-463ABB98F6A5-LeaderElection13: begin an election at term 1 for -1: [40b7f987-8e06-4ef9-abdc-8715eb833c11:192.168.69.91:34918, 32db78ba-36ff-4254-bf6e-67e7bcfc9e39:192.168.69.91:37505, cb510fb7-fc87-4880-9dcd-5d4a84db871b:192.168.69.91:33685], old=null
2019-11-01 01:26:09,462 [cb510fb7-fc87-4880-9dcd-5d4a84db871b@group-B30DA263D364-LeaderElection11] INFO  impl.LeaderElection (LeaderElection.java:askForVotes(178)) - cb510fb7-fc87-4880-9dcd-5d4a84db871b@group-B30DA263D364-LeaderElection11: begin an election at term 1 for -1: [40b7f987-8e06-4ef9-abdc-8715eb833c11:192.168.69.91:34918, 32db78ba-36ff-4254-bf6e-67e7bcfc9e39:192.168.69.91:37505, cb510fb7-fc87-4880-9dcd-5d4a84db871b:192.168.69.91:33685], old=null
2019-11-01 01:26:09,464 [Thread-322] INFO  impl.FollowerState (FollowerState.java:run(111)) - 40b7f987-8e06-4ef9-abdc-8715eb833c11@group-B30DA263D364-FollowerState: change to CANDIDATE, lastRpcTime:5001ms, electionTimeout:5001ms
2019-11-01 01:26:09,464 [Thread-322] INFO  impl.RoleInfo (RoleInfo.java:shutdownFollowerState(121)) - 40b7f987-8e06-4ef9-abdc-8715eb833c11: shutdown FollowerState
2019-11-01 01:26:09,464 [Thread-322] INFO  impl.RaftServerImpl (RaftServerImpl.java:setRole(173)) - 40b7f987-8e06-4ef9-abdc-8715eb833c11@group-B30DA263D364: changes role from  FOLLOWER to CANDIDATE at term 0 for changeToCandidate
2019-11-01 01:26:09,464 [Thread-322] INFO  impl.RoleInfo (RoleInfo.java:updateAndGet(143)) - 40b7f987-8e06-4ef9-abdc-8715eb833c11: start LeaderElection
2019-11-01 01:26:09,472 [grpc-default-executor-3] INFO  impl.RaftServerImpl (RaftServerImpl.java:setRole(173)) - 40b7f987-8e06-4ef9-abdc-8715eb833c11@group-56BF66CFB646: changes role from  FOLLOWER to FOLLOWER at term 1 for recognizeCandidate:cb510fb7-fc87-4880-9dcd-5d4a84db871b
2019-11-01 01:26:09,473 [grpc-default-executor-3] INFO  impl.RoleInfo (RoleInfo.java:shutdownFollowerState(121)) - 40b7f987-8e06-4ef9-abdc-8715eb833c11: shutdown FollowerState
2019-11-01 01:26:09,473 [grpc-default-executor-1] INFO  impl.RaftServerImpl (RaftServerImpl.java:setRole(173)) - 40b7f987-8e06-4ef9-abdc-8715eb833c11@group-463ABB98F6A5: changes role from  FOLLOWER to FOLLOWER at term 1 for recognizeCandidate:32db78ba-36ff-4254-bf6e-67e7bcfc9e39
2019-11-01 01:26:09,473 [grpc-default-executor-1] INFO  impl.RoleInfo (RoleInfo.java:shutdownFollowerState(121)) - 40b7f987-8e06-4ef9-abdc-8715eb833c11: shutdown FollowerState
2019-11-01 01:26:09,473 [grpc-default-executor-3] INFO  impl.RoleInfo (RoleInfo.java:updateAndGet(143)) - 40b7f987-8e06-4ef9-abdc-8715eb833c11: start FollowerState
2019-11-01 01:26:09,473 [Thread-328] INFO  impl.FollowerState (FollowerState.java:run(120)) - 40b7f987-8e06-4ef9-abdc-8715eb833c11@group-56BF66CFB646-FollowerState was interrupted: java.lang.InterruptedException: sleep interrupted
2019-11-01 01:26:09,473 [grpc-default-executor-1] INFO  impl.RoleInfo (RoleInfo.java:updateAndGet(143)) - 40b7f987-8e06-4ef9-abdc-8715eb833c11: start FollowerState
2019-11-01 01:26:09,473 [grpc-default-executor-0] INFO  impl.RaftServerImpl (RaftServerImpl.java:setRole(173)) - 32db78ba-36ff-4254-bf6e-67e7bcfc9e39@group-B30DA263D364: changes role from  FOLLOWER to FOLLOWER at term 1 for recognizeCandidate:cb510fb7-fc87-4880-9dcd-5d4a84db871b
2019-11-01 01:26:09,473 [grpc-default-executor-4] INFO  impl.RaftServerImpl (RaftServerImpl.java:setRole(173)) - cb510fb7-fc87-4880-9dcd-5d4a84db871b@group-463ABB98F6A5: changes role from  FOLLOWER to FOLLOWER at term 1 for recognizeCandidate:32db78ba-36ff-4254-bf6e-67e7bcfc9e39
2019-11-01 01:26:09,473 [Thread-324] INFO  impl.FollowerState (FollowerState.java:run(120)) - 40b7f987-8e06-4ef9-abdc-8715eb833c11@group-463ABB98F6A5-FollowerState was interrupted: java.lang.InterruptedException: sleep interrupted
2019-11-01 01:26:09,473 [grpc-default-executor-4] INFO  impl.RoleInfo (RoleInfo.java:shutdownFollowerState(121)) - cb510fb7-fc87-4880-9dcd-5d4a84db871b: shutdown FollowerState
2019-11-01 01:26:09,473 [grpc-default-executor-0] INFO  impl.RoleInfo (RoleInfo.java:shutdownFollowerState(121)) - 32db78ba-36ff-4254-bf6e-67e7bcfc9e39: shutdown FollowerState
2019-11-01 01:26:09,474 [Thread-295] INFO  impl.FollowerState (FollowerState.java:run(120)) - cb510fb7-fc87-4880-9dcd-5d4a84db871b@group-463ABB98F6A5-FollowerState was interrupted: java.lang.InterruptedException: sleep interrupted
2019-11-01 01:26:09,474 [grpc-default-executor-4] INFO  impl.RoleInfo (RoleInfo.java:updateAndGet(143)) - cb510fb7-fc87-4880-9dcd-5d4a84db871b: start FollowerState
2019-11-01 01:26:09,474 [Thread-292] INFO  impl.FollowerState (FollowerState.java:run(120)) - 32db78ba-36ff-4254-bf6e-67e7bcfc9e39@group-B30DA263D364-FollowerState was interrupted: java.lang.InterruptedException: sleep interrupted
2019-11-01 01:26:09,474 [grpc-default-executor-0] INFO  impl.RoleInfo (RoleInfo.java:updateAndGet(143)) - 32db78ba-36ff-4254-bf6e-67e7bcfc9e39: start FollowerState
2019-11-01 01:26:09,480 [Thread-309] INFO  impl.FollowerState (FollowerState.java:run(111)) - cb510fb7-fc87-4880-9dcd-5d4a84db871b@group-B4B47FFE905F-FollowerState: change to CANDIDATE, lastRpcTime:5052ms, electionTimeout:5052ms
2019-11-01 01:26:09,480 [Thread-309] INFO  impl.RoleInfo (RoleInfo.java:shutdownFollowerState(121)) - cb510fb7-fc87-4880-9dcd-5d4a84db871b: shutdown FollowerState
2019-11-01 01:26:09,480 [Thread-309] INFO  impl.RaftServerImpl (RaftServerImpl.java:setRole(173)) - cb510fb7-fc87-4880-9dcd-5d4a84db871b@group-B4B47FFE905F: changes role from  FOLLOWER to CANDIDATE at term 0 for changeToCandidate
2019-11-01 01:26:09,480 [Thread-309] INFO  impl.RoleInfo (RoleInfo.java:updateAndGet(143)) - cb510fb7-fc87-4880-9dcd-5d4a84db871b: start LeaderElection
2019-11-01 01:26:09,483 [32db78ba-36ff-4254-bf6e-67e7bcfc9e39@group-56BF66CFB646-LeaderElection14] INFO  impl.LeaderElection (LeaderElection.java:askForVotes(178)) - 32db78ba-36ff-4254-bf6e-67e7bcfc9e39@group-56BF66CFB646-LeaderElection14: begin an election at term 1 for -1: [40b7f987-8e06-4ef9-abdc-8715eb833c11:192.168.69.91:34918, 32db78ba-36ff-4254-bf6e-67e7bcfc9e39:192.168.69.91:37505, cb510fb7-fc87-4880-9dcd-5d4a84db871b:192.168.69.91:33685], old=null
2019-11-01 01:26:09,483 [40b7f987-8e06-4ef9-abdc-8715eb833c11@group-B30DA263D364-LeaderElection15] INFO  impl.LeaderElection (LeaderElection.java:askForVotes(178)) - 40b7f987-8e06-4ef9-abdc-8715eb833c11@group-B30DA263D364-LeaderElection15: begin an election at term 1 for -1: [40b7f987-8e06-4ef9-abdc-8715eb833c11:192.168.69.91:34918, 32db78ba-36ff-4254-bf6e-67e7bcfc9e39:192.168.69.91:37505, cb510fb7-fc87-4880-9dcd-5d4a84db871b:192.168.69.91:33685], old=null
2019-11-01 01:26:09,484 [Thread-302] INFO  impl.FollowerState (FollowerState.java:run(111)) - 32db78ba-36ff-4254-bf6e-67e7bcfc9e39@group-920D79ED139C-FollowerState: change to CANDIDATE, lastRpcTime:5060ms, electionTimeout:5060ms
2019-11-01 01:26:09,484 [Thread-302] INFO  impl.RoleInfo (RoleInfo.java:shutdownFollowerState(121)) - 32db78ba-36ff-4254-bf6e-67e7bcfc9e39: shutdown FollowerState
2019-11-01 01:26:09,484 [Thread-302] INFO  impl.RaftServerImpl (RaftServerImpl.java:setRole(173)) - 32db78ba-36ff-4254-bf6e-67e7bcfc9e39@group-920D79ED139C: changes role from  FOLLOWER to CANDIDATE at term 0 for changeToCandidate
2019-11-01 01:26:09,485 [Thread-302] INFO  impl.RoleInfo (RoleInfo.java:updateAndGet(143)) - 32db78ba-36ff-4254-bf6e-67e7bcfc9e39: start LeaderElection
2019-11-01 01:26:09,491 [Thread-310] INFO  impl.FollowerState (FollowerState.java:run(111)) - 32db78ba-36ff-4254-bf6e-67e7bcfc9e39@group-B4B47FFE905F-FollowerState: change to CANDIDATE, lastRpcTime:5063ms, electionTimeout:5057ms
2019-11-01 01:26:09,491 [Thread-310] INFO  impl.RoleInfo (RoleInfo.java:shutdownFollowerState(121)) - 32db78ba-36ff-4254-bf6e-67e7bcfc9e39: shutdown FollowerState
2019-11-01 01:26:09,491 [Thread-310] INFO  impl.RaftServerImpl (RaftServerImpl.java:setRole(173)) - 32db78ba-36ff-4254-bf6e-67e7bcfc9e39@group-B4B47FFE905F: changes role from  FOLLOWER to CANDIDATE at term 0 for changeToCandidate
2019-11-01 01:26:09,492 [Thread-310] INFO  impl.RoleInfo (RoleInfo.java:updateAndGet(143)) - 32db78ba-36ff-4254-bf6e-67e7bcfc9e39: start LeaderElection
2019-11-01 01:26:09,496 [Thread-313] INFO  impl.FollowerState (FollowerState.java:run(111)) - cb510fb7-fc87-4880-9dcd-5d4a84db871b@group-25B27BB5DF37-FollowerState: change to CANDIDATE, lastRpcTime:5059ms, electionTimeout:5059ms
2019-11-01 01:26:09,496 [Thread-313] INFO  impl.RoleInfo (RoleInfo.java:shutdownFollowerState(121)) - cb510fb7-fc87-4880-9dcd-5d4a84db871b: shutdown FollowerState
2019-11-01 01:26:09,496 [Thread-313] INFO  impl.RaftServerImpl (RaftServerImpl.java:setRole(173)) - cb510fb7-fc87-4880-9dcd-5d4a84db871b@group-25B27BB5DF37: changes role from  FOLLOWER to CANDIDATE at term 0 for changeToCandidate
2019-11-01 01:26:09,496 [Thread-313] INFO  impl.RoleInfo (RoleInfo.java:updateAndGet(143)) - cb510fb7-fc87-4880-9dcd-5d4a84db871b: start LeaderElection
2019-11-01 01:26:09,500 [cb510fb7-fc87-4880-9dcd-5d4a84db871b@group-B4B47FFE905F-LeaderElection16] INFO  impl.LeaderElection (LeaderElection.java:askForVotes(178)) - cb510fb7-fc87-4880-9dcd-5d4a84db871b@group-B4B47FFE905F-LeaderElection16: begin an election at term 1 for -1: [40b7f987-8e06-4ef9-abdc-8715eb833c11:192.168.69.91:34918, 32db78ba-36ff-4254-bf6e-67e7bcfc9e39:192.168.69.91:37505, cb510fb7-fc87-4880-9dcd-5d4a84db871b:192.168.69.91:33685], old=null
2019-11-01 01:26:09,501 [32db78ba-36ff-4254-bf6e-67e7bcfc9e39@group-920D79ED139C-LeaderElection17] INFO  impl.LeaderElection (LeaderElection.java:askForVotes(178)) - 32db78ba-36ff-4254-bf6e-67e7bcfc9e39@group-920D79ED139C-LeaderElection17: begin an election at term 1 for -1: [40b7f987-8e06-4ef9-abdc-8715eb833c11:192.168.69.91:34918, 32db78ba-36ff-4254-bf6e-67e7bcfc9e39:192.168.69.91:37505, cb510fb7-fc87-4880-9dcd-5d4a84db871b:192.168.69.91:33685], old=null
2019-11-01 01:26:09,501 [cb510fb7-fc87-4880-9dcd-5d4a84db871b@group-25B27BB5DF37-LeaderElection19] INFO  impl.LeaderElection (LeaderElection.java:askForVotes(178)) - cb510fb7-fc87-4880-9dcd-5d4a84db871b@group-25B27BB5DF37-LeaderElection19: begin an election at term 1 for -1: [40b7f987-8e06-4ef9-abdc-8715eb833c11:192.168.69.91:34918, 32db78ba-36ff-4254-bf6e-67e7bcfc9e39:192.168.69.91:37505, cb510fb7-fc87-4880-9dcd-5d4a84db871b:192.168.69.91:33685], old=null
2019-11-01 01:26:09,501 [32db78ba-36ff-4254-bf6e-67e7bcfc9e39@group-B4B47FFE905F-LeaderElection18] INFO  impl.LeaderElection (LeaderElection.java:askForVotes(178)) - 32db78ba-36ff-4254-bf6e-67e7bcfc9e39@group-B4B47FFE905F-LeaderElection18: begin an election at term 1 for -1: [40b7f987-8e06-4ef9-abdc-8715eb833c11:192.168.69.91:34918, 32db78ba-36ff-4254-bf6e-67e7bcfc9e39:192.168.69.91:37505, cb510fb7-fc87-4880-9dcd-5d4a84db871b:192.168.69.91:33685], old=null
2019-11-01 01:26:09,502 [cb510fb7-fc87-4880-9dcd-5d4a84db871b@group-B30DA263D364-LeaderElection11] INFO  impl.LeaderElection (LeaderElection.java:logAndReturn(56)) - cb510fb7-fc87-4880-9dcd-5d4a84db871b@group-B30DA263D364-LeaderElection11: Election PASSED; received 2 response(s) [cb510fb7-fc87-4880-9dcd-5d4a84db871b<-40b7f987-8e06-4ef9-abdc-8715eb833c11#0:FAIL-t1, cb510fb7-fc87-4880-9dcd-5d4a84db871b<-32db78ba-36ff-4254-bf6e-67e7bcfc9e39#0:OK-t1] and 0 exception(s); cb510fb7-fc87-4880-9dcd-5d4a84db871b@group-B30DA263D364:t1, leader=null, voted=cb510fb7-fc87-4880-9dcd-5d4a84db871b, raftlog=cb510fb7-fc87-4880-9dcd-5d4a84db871b@group-B30DA263D364-SegmentedRaftLog:OPENED:c-1,f-1,i0, conf=-1: [40b7f987-8e06-4ef9-abdc-8715eb833c11:192.168.69.91:34918, 32db78ba-36ff-4254-bf6e-67e7bcfc9e39:192.168.69.91:37505, cb510fb7-fc87-4880-9dcd-5d4a84db871b:192.168.69.91:33685], old=null
2019-11-01 01:26:09,503 [cb510fb7-fc87-4880-9dcd-5d4a84db871b@group-B30DA263D364-LeaderElection11] INFO  impl.RoleInfo (RoleInfo.java:shutdownLeaderElection(134)) - cb510fb7-fc87-4880-9dcd-5d4a84db871b: shutdown LeaderElection
2019-11-01 01:26:09,503 [cb510fb7-fc87-4880-9dcd-5d4a84db871b@group-B30DA263D364-LeaderElection11] INFO  impl.RaftServerImpl (RaftServerImpl.java:setRole(173)) - cb510fb7-fc87-4880-9dcd-5d4a84db871b@group-B30DA263D364: changes role from CANDIDATE to LEADER at term 1 for changeToLeader
2019-11-01 01:26:09,504 [cb510fb7-fc87-4880-9dcd-5d4a84db871b@group-B30DA263D364-LeaderElection11] INFO  impl.RaftServerImpl (ServerState.java:setLeader(255)) - cb510fb7-fc87-4880-9dcd-5d4a84db871b@group-B30DA263D364: change Leader from null to cb510fb7-fc87-4880-9dcd-5d4a84db871b at term 1 for becomeLeader, leader elected after 5418ms
2019-11-01 01:26:09,504 [cb510fb7-fc87-4880-9dcd-5d4a84db871b@group-B30DA263D364-LeaderElection11] INFO  server.RaftServerConfigKeys (ConfUtils.java:logGet(43)) - raft.server.staging.catchup.gap = 1000 (default)
2019-11-01 01:26:09,505 [cb510fb7-fc87-4880-9dcd-5d4a84db871b@group-B30DA263D364-LeaderElection11] INFO  server.RaftServerConfigKeys (ConfUtils.java:logGet(43)) - raft.server.rpc.sleep.time = 25ms (default)
2019-11-01 01:26:09,505 [cb510fb7-fc87-4880-9dcd-5d4a84db871b@group-B30DA263D364-LeaderElection11] INFO  server.RaftServerConfigKeys (ConfUtils.java:logGet(43)) - raft.server.write.element-limit = 4096 (default)
2019-11-01 01:26:09,505 [cb510fb7-fc87-4880-9dcd-5d4a84db871b@group-B30DA263D364-LeaderElection11] INFO  server.RaftServerConfigKeys (ConfUtils.java:logGet(43)) - raft.server.watch.timeout = 10s (default)
2019-11-01 01:26:09,505 [cb510fb7-fc87-4880-9dcd-5d4a84db871b@group-B30DA263D364-LeaderElection11] INFO  server.RaftServerConfigKeys (ConfUtils.java:logGet(43)) - raft.server.watch.timeout.denomination = 1s (default)
2019-11-01 01:26:09,505 [32db78ba-36ff-4254-bf6e-67e7bcfc9e39@group-56BF66CFB646-LeaderElection14] INFO  impl.LeaderElection (LeaderElection.java:logAndReturn(56)) - 32db78ba-36ff-4254-bf6e-67e7bcfc9e39@group-56BF66CFB646-LeaderElection14: Election REJECTED; received 2 response(s) [32db78ba-36ff-4254-bf6e-67e7bcfc9e39<-40b7f987-8e06-4ef9-abdc-8715eb833c11#0:FAIL-t1, 32db78ba-36ff-4254-bf6e-67e7bcfc9e39<-cb510fb7-fc87-4880-9dcd-5d4a84db871b#0:FAIL-t1] and 0 exception(s); 32db78ba-36ff-4254-bf6e-67e7bcfc9e39@group-56BF66CFB646:t1, leader=null, voted=32db78ba-36ff-4254-bf6e-67e7bcfc9e39, raftlog=32db78ba-36ff-4254-bf6e-67e7bcfc9e39@group-56BF66CFB646-SegmentedRaftLog:OPENED:c-1,f-1,i0, conf=-1: [40b7f987-8e06-4ef9-abdc-8715eb833c11:192.168.69.91:34918, 32db78ba-36ff-4254-bf6e-67e7bcfc9e39:192.168.69.91:37505, cb510fb7-fc87-4880-9dcd-5d4a84db871b:192.168.69.91:33685], old=null
2019-11-01 01:26:09,507 [grpc-default-executor-4] INFO  impl.RaftServerImpl (RaftServerImpl.java:setRole(173)) - 40b7f987-8e06-4ef9-abdc-8715eb833c11@group-B4B47FFE905F: changes role from  FOLLOWER to FOLLOWER at term 1 for recognizeCandidate:32db78ba-36ff-4254-bf6e-67e7bcfc9e39
2019-11-01 01:26:09,509 [grpc-default-executor-4] INFO  impl.RoleInfo (RoleInfo.java:shutdownFollowerState(121)) - 40b7f987-8e06-4ef9-abdc-8715eb833c11: shutdown FollowerState
2019-11-01 01:26:09,507 [grpc-default-executor-3] INFO  impl.RaftServerImpl (RaftServerImpl.java:setRole(173)) - 40b7f987-8e06-4ef9-abdc-8715eb833c11@group-920D79ED139C: changes role from  FOLLOWER to FOLLOWER at term 1 for recognizeCandidate:32db78ba-36ff-4254-bf6e-67e7bcfc9e39
2019-11-01 01:26:09,511 [grpc-default-executor-4] INFO  impl.RoleInfo (RoleInfo.java:updateAndGet(143)) - 40b7f987-8e06-4ef9-abdc-8715eb833c11: start FollowerState
2019-11-01 01:26:09,506 [grpc-default-executor-7] INFO  impl.RaftServerImpl (RaftServerImpl.java:setRole(173)) - 32db78ba-36ff-4254-bf6e-67e7bcfc9e39@group-25B27BB5DF37: changes role from  FOLLOWER to FOLLOWER at term 1 for recognizeCandidate:cb510fb7-fc87-4880-9dcd-5d4a84db871b
2019-11-01 01:26:09,511 [grpc-default-executor-7] INFO  impl.RoleInfo (RoleInfo.java:shutdownFollowerState(121)) - 32db78ba-36ff-4254-bf6e-67e7bcfc9e39: shutdown FollowerState
2019-11-01 01:26:09,506 [40b7f987-8e06-4ef9-abdc-8715eb833c11@group-B30DA263D364-LeaderElection15] INFO  impl.LeaderElection (LeaderElection.java:logAndReturn(56)) - 40b7f987-8e06-4ef9-abdc-8715eb833c11@group-B30DA263D364-LeaderElection15: Election REJECTED; received 2 response(s) [40b7f987-8e06-4ef9-abdc-8715eb833c11<-32db78ba-36ff-4254-bf6e-67e7bcfc9e39#0:FAIL-t1, 40b7f987-8e06-4ef9-abdc-8715eb833c11<-cb510fb7-fc87-4880-9dcd-5d4a84db871b#0:FAIL-t1] and 0 exception(s); 40b7f987-8e06-4ef9-abdc-8715eb833c11@group-B30DA263D364:t1, leader=null, voted=40b7f987-8e06-4ef9-abdc-8715eb833c11, raftlog=40b7f987-8e06-4ef9-abdc-8715eb833c11@group-B30DA263D364-SegmentedRaftLog:OPENED:c-1,f-1,i0, conf=-1: [40b7f987-8e06-4ef9-abdc-8715eb833c11:192.168.69.91:34918, 32db78ba-36ff-4254-bf6e-67e7bcfc9e39:192.168.69.91:37505, cb510fb7-fc87-4880-9dcd-5d4a84db871b:192.168.69.91:33685], old=null
2019-11-01 01:26:09,505 [32db78ba-36ff-4254-bf6e-67e7bcfc9e39@group-463ABB98F6A5-LeaderElection13] INFO  impl.LeaderElection (LeaderElection.java:logAndReturn(56)) - 32db78ba-36ff-4254-bf6e-67e7bcfc9e39@group-463ABB98F6A5-LeaderElection13: Election PASSED; received 1 response(s) [32db78ba-36ff-4254-bf6e-67e7bcfc9e39<-40b7f987-8e06-4ef9-abdc-8715eb833c11#0:OK-t1] and 0 exception(s); 32db78ba-36ff-4254-bf6e-67e7bcfc9e39@group-463ABB98F6A5:t1, leader=null, voted=32db78ba-36ff-4254-bf6e-67e7bcfc9e39, raftlog=32db78ba-36ff-4254-bf6e-67e7bcfc9e39@group-463ABB98F6A5-SegmentedRaftLog:OPENED:c-1,f-1,i0, conf=-1: [40b7f987-8e06-4ef9-abdc-8715eb833c11:192.168.69.91:34918, 32db78ba-36ff-4254-bf6e-67e7bcfc9e39:192.168.69.91:37505, cb510fb7-fc87-4880-9dcd-5d4a84db871b:192.168.69.91:33685], old=null
2019-11-01 01:26:09,505 [cb510fb7-fc87-4880-9dcd-5d4a84db871b@group-B30DA263D364-LeaderElection11] INFO  server.RaftServerConfigKeys (ConfUtils.java:logGet(43)) - raft.server.watch.element-limit = 65536 (default)
2019-11-01 01:26:09,513 [32db78ba-36ff-4254-bf6e-67e7bcfc9e39@group-463ABB98F6A5-LeaderElection13] INFO  impl.RoleInfo (RoleInfo.java:shutdownLeaderElection(134)) - 32db78ba-36ff-4254-bf6e-67e7bcfc9e39: shutdown LeaderElection
2019-11-01 01:26:09,515 [32db78ba-36ff-4254-bf6e-67e7bcfc9e39@group-463ABB98F6A5-LeaderElection13] INFO  impl.RaftServerImpl (RaftServerImpl.java:setRole(173)) - 32db78ba-36ff-4254-bf6e-67e7bcfc9e39@group-463ABB98F6A5: changes role from CANDIDATE to LEADER at term 1 for changeToLeader
2019-11-01 01:26:09,516 [32db78ba-36ff-4254-bf6e-67e7bcfc9e39@group-463ABB98F6A5-LeaderElection13] INFO  impl.RaftServerImpl (ServerState.java:setLeader(255)) - 32db78ba-36ff-4254-bf6e-67e7bcfc9e39@group-463ABB98F6A5: change Leader from null to 32db78ba-36ff-4254-bf6e-67e7bcfc9e39 at term 1 for becomeLeader, leader elected after 5386ms
2019-11-01 01:26:09,512 [40b7f987-8e06-4ef9-abdc-8715eb833c11@group-B30DA263D364-LeaderElection15] INFO  impl.RaftServerImpl (RaftServerImpl.java:setRole(173)) - 40b7f987-8e06-4ef9-abdc-8715eb833c11@group-B30DA263D364: changes role from CANDIDATE to FOLLOWER at term 1 for DISCOVERED_A_NEW_TERM
2019-11-01 01:26:09,512 [grpc-default-executor-7] INFO  impl.RoleInfo (RoleInfo.java:updateAndGet(143)) - 32db78ba-36ff-4254-bf6e-67e7bcfc9e39: start FollowerState
2019-11-01 01:26:09,511 [Thread-314] INFO  impl.FollowerState (FollowerState.java:run(120)) - 32db78ba-36ff-4254-bf6e-67e7bcfc9e39@group-25B27BB5DF37-FollowerState was interrupted: java.lang.InterruptedException: sleep interrupted
2019-11-01 01:26:09,511 [grpc-default-executor-1] INFO  impl.RaftServerImpl (RaftServerImpl.java:setRole(173)) - 40b7f987-8e06-4ef9-abdc-8715eb833c11@group-25B27BB5DF37: changes role from  FOLLOWER to FOLLOWER at term 1 for recognizeCandidate:cb510fb7-fc87-4880-9dcd-5d4a84db871b
2019-11-01 01:26:09,511 [grpc-default-executor-3] INFO  impl.RoleInfo (RoleInfo.java:shutdownFollowerState(121)) - 40b7f987-8e06-4ef9-abdc-8715eb833c11: shutdown FollowerState
2019-11-01 01:26:09,511 [Thread-330] INFO  impl.FollowerState (FollowerState.java:run(120)) - 40b7f987-8e06-4ef9-abdc-8715eb833c11@group-B4B47FFE905F-FollowerState was interrupted: java.lang.InterruptedException: sleep interrupted
2019-11-01 01:26:09,509 [grpc-default-executor-5] INFO  impl.RaftServerImpl (RaftServerImpl.java:setRole(173)) - cb510fb7-fc87-4880-9dcd-5d4a84db871b@group-920D79ED139C: changes role from  FOLLOWER to FOLLOWER at term 1 for recognizeCandidate:32db78ba-36ff-4254-bf6e-67e7bcfc9e39
2019-11-01 01:26:09,518 [grpc-default-executor-5] INFO  impl.RoleInfo (RoleInfo.java:shutdownFollowerState(121)) - cb510fb7-fc87-4880-9dcd-5d4a84db871b: shutdown FollowerState
2019-11-01 01:26:09,508 [cb510fb7-fc87-4880-9dcd-5d4a84db871b@group-56BF66CFB646-LeaderElection12] INFO  impl.LeaderElection (LeaderElection.java:logAndReturn(56)) - cb510fb7-fc87-4880-9dcd-5d4a84db871b@group-56BF66CFB646-LeaderElection12: Election PASSED; received 2 response(s) [cb510fb7-fc87-4880-9dcd-5d4a84db871b<-40b7f987-8e06-4ef9-abdc-8715eb833c11#0:OK-t1, cb510fb7-fc87-4880-9dcd-5d4a84db871b<-32db78ba-36ff-4254-bf6e-67e7bcfc9e39#0:FAIL-t1] and 0 exception(s); cb510fb7-fc87-4880-9dcd-5d4a84db871b@group-56BF66CFB646:t1, leader=null, voted=cb510fb7-fc87-4880-9dcd-5d4a84db871b, raftlog=cb510fb7-fc87-4880-9dcd-5d4a84db871b@group-56BF66CFB646-SegmentedRaftLog:OPENED:c-1,f-1,i0, conf=-1: [40b7f987-8e06-4ef9-abdc-8715eb833c11:192.168.69.91:34918, 32db78ba-36ff-4254-bf6e-67e7bcfc9e39:192.168.69.91:37505, cb510fb7-fc87-4880-9dcd-5d4a84db871b:192.168.69.91:33685], old=null
2019-11-01 01:26:09,508 [32db78ba-36ff-4254-bf6e-67e7bcfc9e39@group-56BF66CFB646-LeaderElection14] INFO  impl.RaftServerImpl (RaftServerImpl.java:setRole(173)) - 32db78ba-36ff-4254-bf6e-67e7bcfc9e39@group-56BF66CFB646: changes role from CANDIDATE to FOLLOWER at term 1 for DISCOVERED_A_NEW_TERM
2019-11-01 01:26:09,518 [cb510fb7-fc87-4880-9dcd-5d4a84db871b@group-56BF66CFB646-LeaderElection12] INFO  impl.RoleInfo (RoleInfo.java:shutdownLeaderElection(134)) - cb510fb7-fc87-4880-9dcd-5d4a84db871b: shutdown LeaderElection
2019-11-01 01:26:09,518 [grpc-default-executor-5] INFO  impl.RoleInfo (RoleInfo.java:updateAndGet(143)) - cb510fb7-fc87-4880-9dcd-5d4a84db871b: start FollowerState
2019-11-01 01:26:09,518 [Thread-300] INFO  impl.FollowerState (FollowerState.java:run(120)) - cb510fb7-fc87-4880-9dcd-5d4a84db871b@group-920D79ED139C-FollowerState was interrupted: java.lang.InterruptedException: sleep interrupted
2019-11-01 01:26:09,518 [grpc-default-executor-3] INFO  impl.RoleInfo (RoleInfo.java:updateAndGet(143)) - 40b7f987-8e06-4ef9-abdc-8715eb833c11: start FollowerState
2019-11-01 01:26:09,518 [Thread-326] INFO  impl.FollowerState (FollowerState.java:run(120)) - 40b7f987-8e06-4ef9-abdc-8715eb833c11@group-920D79ED139C-FollowerState was interrupted: java.lang.InterruptedException: sleep interrupted
2019-11-01 01:26:09,518 [grpc-default-executor-1] INFO  impl.RoleInfo (RoleInfo.java:shutdownFollowerState(121)) - 40b7f987-8e06-4ef9-abdc-8715eb833c11: shutdown FollowerState
2019-11-01 01:26:09,517 [40b7f987-8e06-4ef9-abdc-8715eb833c11@group-B30DA263D364-LeaderElection15] INFO  impl.RoleInfo (RoleInfo.java:shutdownLeaderElection(134)) - 40b7f987-8e06-4ef9-abdc-8715eb833c11: shutdown LeaderElection
2019-11-01 01:26:09,517 [cb510fb7-fc87-4880-9dcd-5d4a84db871b@group-B30DA263D364-LeaderElection11] INFO  server.RaftServerConfigKeys (ConfUtils.java:logGet(43)) - raft.server.log.appender.snapshot.chunk.size.max = 16MB (=16777216) (default)
2019-11-01 01:26:09,517 [32db78ba-36ff-4254-bf6e-67e7bcfc9e39@group-463ABB98F6A5-LeaderElection13] INFO  server.RaftServerConfigKeys (ConfUtils.java:logGet(43)) - raft.server.staging.catchup.gap = 1000 (default)
2019-11-01 01:26:09,521 [cb510fb7-fc87-4880-9dcd-5d4a84db871b@group-B30DA263D364-LeaderElection11] INFO  server.RaftServerConfigKeys (ConfUtils.java:logGet(43)) - raft.server.log.appender.buffer.byte-limit = 33554432 (custom)
2019-11-01 01:26:09,521 [40b7f987-8e06-4ef9-abdc-8715eb833c11@group-B30DA263D364-LeaderElection15] INFO  impl.RoleInfo (RoleInfo.java:updateAndGet(143)) - 40b7f987-8e06-4ef9-abdc-8715eb833c11: start FollowerState
2019-11-01 01:26:09,521 [grpc-default-executor-1] INFO  impl.RoleInfo (RoleInfo.java:updateAndGet(143)) - 40b7f987-8e06-4ef9-abdc-8715eb833c11: start FollowerState
2019-11-01 01:26:09,521 [Thread-332] INFO  impl.FollowerState (FollowerState.java:run(120)) - 40b7f987-8e06-4ef9-abdc-8715eb833c11@group-25B27BB5DF37-FollowerState was interrupted: java.lang.InterruptedException: sleep interrupted
2019-11-01 01:26:09,520 [cb510fb7-fc87-4880-9dcd-5d4a84db871b@group-56BF66CFB646-LeaderElection12] INFO  impl.RaftServerImpl (RaftServerImpl.java:setRole(173)) - cb510fb7-fc87-4880-9dcd-5d4a84db871b@group-56BF66CFB646: changes role from CANDIDATE to LEADER at term 1 for changeToLeader
2019-11-01 01:26:09,519 [32db78ba-36ff-4254-bf6e-67e7bcfc9e39@group-56BF66CFB646-LeaderElection14] INFO  impl.RoleInfo (RoleInfo.java:shutdownLeaderElection(134)) - 32db78ba-36ff-4254-bf6e-67e7bcfc9e39: shutdown LeaderElection
2019-11-01 01:26:09,522 [cb510fb7-fc87-4880-9dcd-5d4a84db871b@group-56BF66CFB646-LeaderElection12] INFO  impl.RaftServerImpl (ServerState.java:setLeader(255)) - cb510fb7-fc87-4880-9dcd-5d4a84db871b@group-56BF66CFB646: change Leader from null to cb510fb7-fc87-4880-9dcd-5d4a84db871b at term 1 for becomeLeader, leader elected after 5265ms
2019-11-01 01:26:09,522 [32db78ba-36ff-4254-bf6e-67e7bcfc9e39@group-56BF66CFB646-LeaderElection14] INFO  impl.RoleInfo (RoleInfo.java:updateAndGet(143)) - 32db78ba-36ff-4254-bf6e-67e7bcfc9e39: start FollowerState
2019-11-01 01:26:09,521 [cb510fb7-fc87-4880-9dcd-5d4a84db871b@group-B30DA263D364-LeaderElection11] INFO  server.RaftServerConfigKeys (ConfUtils.java:logGet(43)) - raft.server.log.appender.buffer.element-limit = 1 (custom)
2019-11-01 01:26:09,521 [32db78ba-36ff-4254-bf6e-67e7bcfc9e39@group-463ABB98F6A5-LeaderElection13] INFO  server.RaftServerConfigKeys (ConfUtils.java:logGet(43)) - raft.server.rpc.sleep.time = 25ms (default)
2019-11-01 01:26:09,522 [cb510fb7-fc87-4880-9dcd-5d4a84db871b@group-56BF66CFB646-LeaderElection12] INFO  server.RaftServerConfigKeys (ConfUtils.java:logGet(43)) - raft.server.staging.catchup.gap = 1000 (default)
2019-11-01 01:26:09,523 [cb510fb7-fc87-4880-9dcd-5d4a84db871b@group-B30DA263D364-LeaderElection11] INFO  grpc.GrpcConfigKeys$Server (ConfUtils.java:logGet(43)) - raft.grpc.server.leader.outstanding.appends.max = 128 (default)
2019-11-01 01:26:09,523 [cb510fb7-fc87-4880-9dcd-5d4a84db871b@group-56BF66CFB646-LeaderElection12] INFO  server.RaftServerConfigKeys (ConfUtils.java:logGet(43)) - raft.server.rpc.sleep.time = 25ms (default)
2019-11-01 01:26:09,523 [32db78ba-36ff-4254-bf6e-67e7bcfc9e39@group-463ABB98F6A5-LeaderElection13] INFO  server.RaftServerConfigKeys (ConfUtils.java:logGet(43)) - raft.server.write.element-limit = 4096 (default)
2019-11-01 01:26:09,524 [cb510fb7-fc87-4880-9dcd-5d4a84db871b@group-56BF66CFB646-LeaderElection12] INFO  server.RaftServerConfigKeys (ConfUtils.java:logGet(43)) - raft.server.write.element-limit = 4096 (default)
2019-11-01 01:26:09,524 [cb510fb7-fc87-4880-9dcd-5d4a84db871b@group-B30DA263D364-LeaderElection11] INFO  server.RaftServerConfigKeys (ConfUtils.java:logGet(43)) - raft.server.rpc.request.timeout = 3000ms (default)
2019-11-01 01:26:09,524 [cb510fb7-fc87-4880-9dcd-5d4a84db871b@group-56BF66CFB646-LeaderElection12] INFO  server.RaftServerConfigKeys (ConfUtils.java:logGet(43)) - raft.server.watch.timeout = 10s (default)
2019-11-01 01:26:09,524 [32db78ba-36ff-4254-bf6e-67e7bcfc9e39@group-463ABB98F6A5-LeaderElection13] INFO  server.RaftServerConfigKeys (ConfUtils.java:logGet(43)) - raft.server.watch.timeout = 10s (default)
2019-11-01 01:26:09,524 [cb510fb7-fc87-4880-9dcd-5d4a84db871b@group-56BF66CFB646-LeaderElection12] INFO  server.RaftServerConfigKeys (ConfUtils.java:logGet(43)) - raft.server.watch.timeout.denomination = 1s (default)
2019-11-01 01:26:09,524 [cb510fb7-fc87-4880-9dcd-5d4a84db871b@group-B30DA263D364-LeaderElection11] INFO  server.RaftServerConfigKeys (ConfUtils.java:logGet(43)) - raft.server.log.appender.install.snapshot.enabled = false (custom)
2019-11-01 01:26:09,524 [cb510fb7-fc87-4880-9dcd-5d4a84db871b@group-56BF66CFB646-LeaderElection12] INFO  server.RaftServerConfigKeys (ConfUtils.java:logGet(43)) - raft.server.watch.element-limit = 65536 (default)
2019-11-01 01:26:09,524 [32db78ba-36ff-4254-bf6e-67e7bcfc9e39@group-463ABB98F6A5-LeaderElection13] INFO  server.RaftServerConfigKeys (ConfUtils.java:logGet(43)) - raft.server.watch.timeout.denomination = 1s (default)
2019-11-01 01:26:09,524 [cb510fb7-fc87-4880-9dcd-5d4a84db871b@group-B30DA263D364-LeaderElection11] WARN  impl.MetricRegistriesImpl (MetricRegistriesImpl.java:lambda$create$1(61)) - First MetricRegistry has been created without registering reporters. You may need to call MetricRegistries.global().addReportRegistration(...) before.
2019-11-01 01:26:09,524 [cb510fb7-fc87-4880-9dcd-5d4a84db871b@group-56BF66CFB646-LeaderElection12] INFO  server.RaftServerConfigKeys (ConfUtils.java:logGet(43)) - raft.server.log.appender.snapshot.chunk.size.max = 16MB (=16777216) (default)
2019-11-01 01:26:09,524 [32db78ba-36ff-4254-bf6e-67e7bcfc9e39@group-463ABB98F6A5-LeaderElection13] INFO  server.RaftServerConfigKeys (ConfUtils.java:logGet(43)) - raft.server.watch.element-limit = 65536 (default)
2019-11-01 01:26:09,525 [cb510fb7-fc87-4880-9dcd-5d4a84db871b@group-56BF66CFB646-LeaderElection12] INFO  server.RaftServerConfigKeys (ConfUtils.java:logGet(43)) - raft.server.log.appender.buffer.byte-limit = 33554432 (custom)
2019-11-01 01:26:09,525 [32db78ba-36ff-4254-bf6e-67e7bcfc9e39@group-463ABB98F6A5-LeaderElection13] INFO  server.RaftServerConfigKeys (ConfUtils.java:logGet(43)) - raft.server.log.appender.snapshot.chunk.size.max = 16MB (=16777216) (default)
2019-11-01 01:26:09,525 [cb510fb7-fc87-4880-9dcd-5d4a84db871b@group-B30DA263D364-LeaderElection11] INFO  server.RaftServerConfigKeys (ConfUtils.java:logGet(43)) - raft.server.log.appender.snapshot.chunk.size.max = 16MB (=16777216) (default)
2019-11-01 01:26:09,525 [32db78ba-36ff-4254-bf6e-67e7bcfc9e39@group-463ABB98F6A5-LeaderElection13] INFO  server.RaftServerConfigKeys (ConfUtils.java:logGet(43)) - raft.server.log.appender.buffer.byte-limit = 33554432 (custom)
2019-11-01 01:26:09,525 [cb510fb7-fc87-4880-9dcd-5d4a84db871b@group-56BF66CFB646-LeaderElection12] INFO  server.RaftServerConfigKeys (ConfUtils.java:logGet(43)) - raft.server.log.appender.buffer.element-limit = 1 (custom)
2019-11-01 01:26:09,525 [32db78ba-36ff-4254-bf6e-67e7bcfc9e39@group-463ABB98F6A5-LeaderElection13] INFO  server.RaftServerConfigKeys (ConfUtils.java:logGet(43)) - raft.server.log.appender.buffer.element-limit = 1 (custom)
2019-11-01 01:26:09,525 [cb510fb7-fc87-4880-9dcd-5d4a84db871b@group-56BF66CFB646-LeaderElection12] INFO  grpc.GrpcConfigKeys$Server (ConfUtils.java:logGet(43)) - raft.grpc.server.leader.outstanding.appends.max = 128 (default)
2019-11-01 01:26:09,525 [cb510fb7-fc87-4880-9dcd-5d4a84db871b@group-B30DA263D364-LeaderElection11] INFO  server.RaftServerConfigKeys (ConfUtils.java:logGet(43)) - raft.server.log.appender.buffer.byte-limit = 33554432 (custom)
2019-11-01 01:26:09,525 [cb510fb7-fc87-4880-9dcd-5d4a84db871b@group-56BF66CFB646-LeaderElection12] INFO  server.RaftServerConfigKeys (ConfUtils.java:logGet(43)) - raft.server.rpc.request.timeout = 3000ms (default)
2019-11-01 01:26:09,525 [32db78ba-36ff-4254-bf6e-67e7bcfc9e39@group-463ABB98F6A5-LeaderElection13] INFO  grpc.GrpcConfigKeys$Server (ConfUtils.java:logGet(43)) - raft.grpc.server.leader.outstanding.appends.max = 128 (default)
2019-11-01 01:26:09,526 [cb510fb7-fc87-4880-9dcd-5d4a84db871b@group-56BF66CFB646-LeaderElection12] INFO  server.RaftServerConfigKeys (ConfUtils.java:logGet(43)) - raft.server.log.appender.install.snapshot.enabled = false (custom)
2019-11-01 01:26:09,526 [cb510fb7-fc87-4880-9dcd-5d4a84db871b@group-B30DA263D364-LeaderElection11] INFO  server.RaftServerConfigKeys (ConfUtils.java:logGet(43)) - raft.server.log.appender.buffer.element-limit = 1 (custom)
2019-11-01 01:26:09,526 [cb510fb7-fc87-4880-9dcd-5d4a84db871b@group-56BF66CFB646-LeaderElection12] WARN  impl.MetricRegistriesImpl (MetricRegistriesImpl.java:lambda$create$1(61)) - First MetricRegistry has been created without registering reporters. You may need to call MetricRegistries.global().addReportRegistration(...) before.
2019-11-01 01:26:09,526 [32db78ba-36ff-4254-bf6e-67e7bcfc9e39@group-463ABB98F6A5-LeaderElection13] INFO  server.RaftServerConfigKeys (ConfUtils.java:logGet(43)) - raft.server.rpc.request.timeout = 3000ms (default)
2019-11-01 01:26:09,526 [cb510fb7-fc87-4880-9dcd-5d4a84db871b@group-56BF66CFB646-LeaderElection12] INFO  server.RaftServerConfigKeys (ConfUtils.java:logGet(43)) - raft.server.log.appender.snapshot.chunk.size.max = 16MB (=16777216) (default)
2019-11-01 01:26:09,526 [cb510fb7-fc87-4880-9dcd-5d4a84db871b@group-B30DA263D364-LeaderElection11] INFO  grpc.GrpcConfigKeys$Server (ConfUtils.java:logGet(43)) - raft.grpc.server.leader.outstanding.appends.max = 128 (default)
2019-11-01 01:26:09,526 [cb510fb7-fc87-4880-9dcd-5d4a84db871b@group-56BF66CFB646-LeaderElection12] INFO  server.RaftServerConfigKeys (ConfUtils.java:logGet(43)) - raft.server.log.appender.buffer.byte-limit = 33554432 (custom)
2019-11-01 01:26:09,526 [32db78ba-36ff-4254-bf6e-67e7bcfc9e39@group-463ABB98F6A5-LeaderElection13] INFO  server.RaftServerConfigKeys (ConfUtils.java:logGet(43)) - raft.server.log.appender.install.snapshot.enabled = false (custom)
2019-11-01 01:26:09,526 [cb510fb7-fc87-4880-9dcd-5d4a84db871b@group-56BF66CFB646-LeaderElection12] INFO  server.RaftServerConfigKeys (ConfUtils.java:logGet(43)) - raft.server.log.appender.buffer.element-limit = 1 (custom)
2019-11-01 01:26:09,526 [cb510fb7-fc87-4880-9dcd-5d4a84db871b@group-B30DA263D364-LeaderElection11] INFO  server.RaftServerConfigKeys (ConfUtils.java:logGet(43)) - raft.server.rpc.request.timeout = 3000ms (default)
2019-11-01 01:26:09,527 [cb510fb7-fc87-4880-9dcd-5d4a84db871b@group-56BF66CFB646-LeaderElection12] INFO  grpc.GrpcConfigKeys$Server (ConfUtils.java:logGet(43)) - raft.grpc.server.leader.outstanding.appends.max = 128 (default)
2019-11-01 01:26:09,527 [32db78ba-36ff-4254-bf6e-67e7bcfc9e39@group-463ABB98F6A5-LeaderElection13] WARN  impl.MetricRegistriesImpl (MetricRegistriesImpl.java:lambda$create$1(61)) - First MetricRegistry has been created without registering reporters. You may need to call MetricRegistries.global().addReportRegistration(...) before.
2019-11-01 01:26:09,527 [cb510fb7-fc87-4880-9dcd-5d4a84db871b@group-56BF66CFB646-LeaderElection12] INFO  server.RaftServerConfigKeys (ConfUtils.java:logGet(43)) - raft.server.rpc.request.timeout = 3000ms (default)
2019-11-01 01:26:09,527 [cb510fb7-fc87-4880-9dcd-5d4a84db871b@group-B30DA263D364-LeaderElection11] INFO  server.RaftServerConfigKeys (ConfUtils.java:logGet(43)) - raft.server.log.appender.install.snapshot.enabled = false (custom)
2019-11-01 01:26:09,527 [cb510fb7-fc87-4880-9dcd-5d4a84db871b@group-56BF66CFB646-LeaderElection12] INFO  server.RaftServerConfigKeys (ConfUtils.java:logGet(43)) - raft.server.log.appender.install.snapshot.enabled = false (custom)
2019-11-01 01:26:09,527 [32db78ba-36ff-4254-bf6e-67e7bcfc9e39@group-463ABB98F6A5-LeaderElection13] INFO  server.RaftServerConfigKeys (ConfUtils.java:logGet(43)) - raft.server.log.appender.snapshot.chunk.size.max = 16MB (=16777216) (default)
2019-11-01 01:26:09,527 [cb510fb7-fc87-4880-9dcd-5d4a84db871b@group-B30DA263D364-LeaderElection11] INFO  impl.RoleInfo (RoleInfo.java:updateAndGet(143)) - cb510fb7-fc87-4880-9dcd-5d4a84db871b: start LeaderState
2019-11-01 01:26:09,527 [32db78ba-36ff-4254-bf6e-67e7bcfc9e39@group-463ABB98F6A5-LeaderElection13] INFO  server.RaftServerConfigKeys (ConfUtils.java:logGet(43)) - raft.server.log.appender.buffer.byte-limit = 33554432 (custom)
2019-11-01 01:26:09,527 [cb510fb7-fc87-4880-9dcd-5d4a84db871b@group-56BF66CFB646-LeaderElection12] INFO  impl.RoleInfo (RoleInfo.java:updateAndGet(143)) - cb510fb7-fc87-4880-9dcd-5d4a84db871b: start LeaderState
2019-11-01 01:26:09,528 [32db78ba-36ff-4254-bf6e-67e7bcfc9e39@group-463ABB98F6A5-LeaderElection13] INFO  server.RaftServerConfigKeys (ConfUtils.java:logGet(43)) - raft.server.log.appender.buffer.element-limit = 1 (custom)
2019-11-01 01:26:09,528 [cb510fb7-fc87-4880-9dcd-5d4a84db871b@group-B30DA263D364-LeaderElection11] INFO  segmented.SegmentedRaftLogWorker (SegmentedRaftLogWorker.java:startLogSegment(385)) - cb510fb7-fc87-4880-9dcd-5d4a84db871b@group-B30DA263D364-SegmentedRaftLogWorker: Starting segment from index:0
2019-11-01 01:26:09,528 [32db78ba-36ff-4254-bf6e-67e7bcfc9e39@group-463ABB98F6A5-LeaderElection13] INFO  grpc.GrpcConfigKeys$Server (ConfUtils.java:logGet(43)) - raft.grpc.server.leader.outstanding.appends.max = 128 (default)
2019-11-01 01:26:09,528 [cb510fb7-fc87-4880-9dcd-5d4a84db871b@group-56BF66CFB646-LeaderElection12] INFO  segmented.SegmentedRaftLogWorker (SegmentedRaftLogWorker.java:startLogSegment(385)) - cb510fb7-fc87-4880-9dcd-5d4a84db871b@group-56BF66CFB646-SegmentedRaftLogWorker: Starting segment from index:0
2019-11-01 01:26:09,528 [32db78ba-36ff-4254-bf6e-67e7bcfc9e39@group-463ABB98F6A5-LeaderElection13] INFO  server.RaftServerConfigKeys (ConfUtils.java:logGet(43)) - raft.server.rpc.request.timeout = 3000ms (default)
2019-11-01 01:26:09,528 [32db78ba-36ff-4254-bf6e-67e7bcfc9e39@group-463ABB98F6A5-LeaderElection13] INFO  server.RaftServerConfigKeys (ConfUtils.java:logGet(43)) - raft.server.log.appender.install.snapshot.enabled = false (custom)
2019-11-01 01:26:09,528 [cb510fb7-fc87-4880-9dcd-5d4a84db871b@group-B30DA263D364-LeaderElection11] INFO  impl.RaftServerImpl (ServerState.java:setRaftConf(356)) - cb510fb7-fc87-4880-9dcd-5d4a84db871b@group-B30DA263D364: set configuration 0: [40b7f987-8e06-4ef9-abdc-8715eb833c11:192.168.69.91:34918, 32db78ba-36ff-4254-bf6e-67e7bcfc9e39:192.168.69.91:37505, cb510fb7-fc87-4880-9dcd-5d4a84db871b:192.168.69.91:33685], old=null at 0
2019-11-01 01:26:09,528 [32db78ba-36ff-4254-bf6e-67e7bcfc9e39@group-463ABB98F6A5-LeaderElection13] INFO  impl.RoleInfo (RoleInfo.java:updateAndGet(143)) - 32db78ba-36ff-4254-bf6e-67e7bcfc9e39: start LeaderState
2019-11-01 01:26:09,529 [32db78ba-36ff-4254-bf6e-67e7bcfc9e39@group-463ABB98F6A5-LeaderElection13] INFO  segmented.SegmentedRaftLogWorker (SegmentedRaftLogWorker.java:startLogSegment(385)) - 32db78ba-36ff-4254-bf6e-67e7bcfc9e39@group-463ABB98F6A5-SegmentedRaftLogWorker: Starting segment from index:0
2019-11-01 01:26:09,530 [grpc-default-executor-6] INFO  impl.RaftServerImpl (ServerState.java:setLeader(255)) - 40b7f987-8e06-4ef9-abdc-8715eb833c11@group-B30DA263D364: change Leader from null to cb510fb7-fc87-4880-9dcd-5d4a84db871b at term 1 for appendEntries, leader elected after 5418ms
2019-11-01 01:26:09,560 [Thread-318] INFO  impl.FollowerState (FollowerState.java:run(111)) - 32db78ba-36ff-4254-bf6e-67e7bcfc9e39@group-1D993DC43990-FollowerState: change to CANDIDATE, lastRpcTime:5121ms, electionTimeout:5106ms
2019-11-01 01:26:09,561 [cb510fb7-fc87-4880-9dcd-5d4a84db871b@group-56BF66CFB646-LeaderElection12] INFO  impl.RaftServerImpl (ServerState.java:setRaftConf(356)) - cb510fb7-fc87-4880-9dcd-5d4a84db871b@group-56BF66CFB646: set configuration 0: [40b7f987-8e06-4ef9-abdc-8715eb833c11:192.168.69.91:34918, 32db78ba-36ff-4254-bf6e-67e7bcfc9e39:192.168.69.91:37505, cb510fb7-fc87-4880-9dcd-5d4a84db871b:192.168.69.91:33685], old=null at 0
2019-11-01 01:26:09,561 [Thread-318] INFO  impl.RoleInfo (RoleInfo.java:shutdownFollowerState(121)) - 32db78ba-36ff-4254-bf6e-67e7bcfc9e39: shutdown FollowerState
2019-11-01 01:26:09,562 [32db78ba-36ff-4254-bf6e-67e7bcfc9e39@group-463ABB98F6A5-LeaderElection13] INFO  impl.RaftServerImpl (ServerState.java:setRaftConf(356)) - 32db78ba-36ff-4254-bf6e-67e7bcfc9e39@group-463ABB98F6A5: set configuration 0: [40b7f987-8e06-4ef9-abdc-8715eb833c11:192.168.69.91:34918, 32db78ba-36ff-4254-bf6e-67e7bcfc9e39:192.168.69.91:37505, cb510fb7-fc87-4880-9dcd-5d4a84db871b:192.168.69.91:33685], old=null at 0
2019-11-01 01:26:09,562 [Thread-318] INFO  impl.RaftServerImpl (RaftServerImpl.java:setRole(173)) - 32db78ba-36ff-4254-bf6e-67e7bcfc9e39@group-1D993DC43990: changes role from  FOLLOWER to CANDIDATE at term 0 for changeToCandidate
2019-11-01 01:26:09,562 [Thread-318] INFO  impl.RoleInfo (RoleInfo.java:updateAndGet(143)) - 32db78ba-36ff-4254-bf6e-67e7bcfc9e39: start LeaderElection
2019-11-01 01:26:09,586 [Thread-334] INFO  impl.FollowerState (FollowerState.java:run(111)) - 40b7f987-8e06-4ef9-abdc-8715eb833c11@group-1D993DC43990-FollowerState: change to CANDIDATE, lastRpcTime:5117ms, electionTimeout:5098ms
2019-11-01 01:26:09,587 [Thread-334] INFO  impl.RoleInfo (RoleInfo.java:shutdownFollowerState(121)) - 40b7f987-8e06-4ef9-abdc-8715eb833c11: shutdown FollowerState
2019-11-01 01:26:09,587 [Thread-334] INFO  impl.RaftServerImpl (RaftServerImpl.java:setRole(173)) - 40b7f987-8e06-4ef9-abdc-8715eb833c11@group-1D993DC43990: changes role from  FOLLOWER to CANDIDATE at term 0 for changeToCandidate
2019-11-01 01:26:09,587 [Thread-334] INFO  impl.RoleInfo (RoleInfo.java:updateAndGet(143)) - 40b7f987-8e06-4ef9-abdc-8715eb833c11: start LeaderElection
2019-11-01 01:26:09,587 [32db78ba-36ff-4254-bf6e-67e7bcfc9e39@group-920D79ED139C-LeaderElection17] INFO  impl.LeaderElection (LeaderElection.java:logAndReturn(56)) - 32db78ba-36ff-4254-bf6e-67e7bcfc9e39@group-920D79ED139C-LeaderElection17: Election PASSED; received 1 response(s) [32db78ba-36ff-4254-bf6e-67e7bcfc9e39<-cb510fb7-fc87-4880-9dcd-5d4a84db871b#0:OK-t1] and 0 exception(s); 32db78ba-36ff-4254-bf6e-67e7bcfc9e39@group-920D79ED139C:t1, leader=null, voted=32db78ba-36ff-4254-bf6e-67e7bcfc9e39, raftlog=32db78ba-36ff-4254-bf6e-67e7bcfc9e39@group-920D79ED139C-SegmentedRaftLog:OPENED:c-1,f-1,i0, conf=-1: [40b7f987-8e06-4ef9-abdc-8715eb833c11:192.168.69.91:34918, 32db78ba-36ff-4254-bf6e-67e7bcfc9e39:192.168.69.91:37505, cb510fb7-fc87-4880-9dcd-5d4a84db871b:192.168.69.91:33685], old=null
2019-11-01 01:26:09,588 [32db78ba-36ff-4254-bf6e-67e7bcfc9e39@group-920D79ED139C-LeaderElection17] INFO  impl.RoleInfo (RoleInfo.java:shutdownLeaderElection(134)) - 32db78ba-36ff-4254-bf6e-67e7bcfc9e39: shutdown LeaderElection
2019-11-01 01:26:09,588 [cb510fb7-fc87-4880-9dcd-5d4a84db871b@group-B4B47FFE905F-LeaderElection16] INFO  impl.LeaderElection (LeaderElection.java:logAndReturn(56)) - cb510fb7-fc87-4880-9dcd-5d4a84db871b@group-B4B47FFE905F-LeaderElection16: Election REJECTED; received 2 response(s) [cb510fb7-fc87-4880-9dcd-5d4a84db871b<-40b7f987-8e06-4ef9-abdc-8715eb833c11#0:FAIL-t1, cb510fb7-fc87-4880-9dcd-5d4a84db871b<-32db78ba-36ff-4254-bf6e-67e7bcfc9e39#0:FAIL-t1] and 0 exception(s); cb510fb7-fc87-4880-9dcd-5d4a84db871b@group-B4B47FFE905F:t1, leader=null, voted=cb510fb7-fc87-4880-9dcd-5d4a84db871b, raftlog=cb510fb7-fc87-4880-9dcd-5d4a84db871b@group-B4B47FFE905F-SegmentedRaftLog:OPENED:c-1,f-1,i0, conf=-1: [40b7f987-8e06-4ef9-abdc-8715eb833c11:192.168.69.91:34918, 32db78ba-36ff-4254-bf6e-67e7bcfc9e39:192.168.69.91:37505, cb510fb7-fc87-4880-9dcd-5d4a84db871b:192.168.69.91:33685], old=null
2019-11-01 01:26:09,590 [32db78ba-36ff-4254-bf6e-67e7bcfc9e39@group-920D79ED139C-LeaderElection17] INFO  impl.RaftServerImpl (RaftServerImpl.java:setRole(173)) - 32db78ba-36ff-4254-bf6e-67e7bcfc9e39@group-920D79ED139C: changes role from CANDIDATE to LEADER at term 1 for changeToLeader
2019-11-01 01:26:09,590 [32db78ba-36ff-4254-bf6e-67e7bcfc9e39@group-920D79ED139C-LeaderElection17] INFO  impl.RaftServerImpl (ServerState.java:setLeader(255)) - 32db78ba-36ff-4254-bf6e-67e7bcfc9e39@group-920D79ED139C: change Leader from null to 32db78ba-36ff-4254-bf6e-67e7bcfc9e39 at term 1 for becomeLeader, leader elected after 5393ms
2019-11-01 01:26:09,589 [cb510fb7-fc87-4880-9dcd-5d4a84db871b@group-25B27BB5DF37-LeaderElection19] INFO  impl.LeaderElection (LeaderElection.java:logAndReturn(56)) - cb510fb7-fc87-4880-9dcd-5d4a84db871b@group-25B27BB5DF37-LeaderElection19: Election PASSED; received 1 response(s) [cb510fb7-fc87-4880-9dcd-5d4a84db871b<-32db78ba-36ff-4254-bf6e-67e7bcfc9e39#0:OK-t1] and 0 exception(s); cb510fb7-fc87-4880-9dcd-5d4a84db871b@group-25B27BB5DF37:t1, leader=null, voted=cb510fb7-fc87-4880-9dcd-5d4a84db871b, raftlog=cb510fb7-fc87-4880-9dcd-5d4a84db871b@group-25B27BB5DF37-SegmentedRaftLog:OPENED:c-1,f-1,i0, conf=-1: [40b7f987-8e06-4ef9-abdc-8715eb833c11:192.168.69.91:34918, 32db78ba-36ff-4254-bf6e-67e7bcfc9e39:192.168.69.91:37505, cb510fb7-fc87-4880-9dcd-5d4a84db871b:192.168.69.91:33685], old=null
2019-11-01 01:26:09,589 [32db78ba-36ff-4254-bf6e-67e7bcfc9e39@group-B4B47FFE905F-LeaderElection18] INFO  impl.LeaderElection (LeaderElection.java:logAndReturn(56)) - 32db78ba-36ff-4254-bf6e-67e7bcfc9e39@group-B4B47FFE905F-LeaderElection18: Election PASSED; received 2 response(s) [32db78ba-36ff-4254-bf6e-67e7bcfc9e39<-40b7f987-8e06-4ef9-abdc-8715eb833c11#0:OK-t1, 32db78ba-36ff-4254-bf6e-67e7bcfc9e39<-cb510fb7-fc87-4880-9dcd-5d4a84db871b#0:FAIL-t1] and 0 exception(s); 32db78ba-36ff-4254-bf6e-67e7bcfc9e39@group-B4B47FFE905F:t1, leader=null, voted=32db78ba-36ff-4254-bf6e-67e7bcfc9e39, raftlog=32db78ba-36ff-4254-bf6e-67e7bcfc9e39@group-B4B47FFE905F-SegmentedRaftLog:OPENED:c-1,f-1,i0, conf=-1: [40b7f987-8e06-4ef9-abdc-8715eb833c11:192.168.69.91:34918, 32db78ba-36ff-4254-bf6e-67e7bcfc9e39:192.168.69.91:37505, cb510fb7-fc87-4880-9dcd-5d4a84db871b:192.168.69.91:33685], old=null
2019-11-01 01:26:09,591 [cb510fb7-fc87-4880-9dcd-5d4a84db871b@group-25B27BB5DF37-LeaderElection19] INFO  impl.RoleInfo (RoleInfo.java:shutdownLeaderElection(134)) - cb510fb7-fc87-4880-9dcd-5d4a84db871b: shutdown LeaderElection
2019-11-01 01:26:09,590 [32db78ba-36ff-4254-bf6e-67e7bcfc9e39@group-920D79ED139C-LeaderElection17] INFO  server.RaftServerConfigKeys (ConfUtils.java:logGet(43)) - raft.server.staging.catchup.gap = 1000 (default)
2019-11-01 01:26:09,590 [cb510fb7-fc87-4880-9dcd-5d4a84db871b@group-B4B47FFE905F-LeaderElection16] INFO  impl.RaftServerImpl (RaftServerImpl.java:setRole(173)) - cb510fb7-fc87-4880-9dcd-5d4a84db871b@group-B4B47FFE905F: changes role from CANDIDATE to FOLLOWER at term 1 for DISCOVERED_A_NEW_TERM
2019-11-01 01:26:09,593 [cb510fb7-fc87-4880-9dcd-5d4a84db871b@group-B30DA263D364-SegmentedRaftLogWorker] INFO  segmented.SegmentedRaftLogWorker (SegmentedRaftLogWorker.java:execute(576)) - cb510fb7-fc87-4880-9dcd-5d4a84db871b@group-B30DA263D364-SegmentedRaftLogWorker: created new log segment /workdir/hadoop-ozone/tools/target/test-dir/MiniOzoneClusterImpl-17d7739a-f662-4c88-9e51-3c637963011a/datanode-1/data/ratis/322ed056-c6f5-452f-9f79-b30da263d364/current/log_inprogress_0
2019-11-01 01:26:09,593 [cb510fb7-fc87-4880-9dcd-5d4a84db871b@group-B4B47FFE905F-LeaderElection16] INFO  impl.RoleInfo (RoleInfo.java:shutdownLeaderElection(134)) - cb510fb7-fc87-4880-9dcd-5d4a84db871b: shutdown LeaderElection
2019-11-01 01:26:09,593 [cb510fb7-fc87-4880-9dcd-5d4a84db871b@group-25B27BB5DF37-LeaderElection19] INFO  impl.RaftServerImpl (RaftServerImpl.java:setRole(173)) - cb510fb7-fc87-4880-9dcd-5d4a84db871b@group-25B27BB5DF37: changes role from CANDIDATE to LEADER at term 1 for changeToLeader
2019-11-01 01:26:09,594 [cb510fb7-fc87-4880-9dcd-5d4a84db871b@group-B4B47FFE905F-LeaderElection16] INFO  impl.RoleInfo (RoleInfo.java:updateAndGet(143)) - cb510fb7-fc87-4880-9dcd-5d4a84db871b: start FollowerState
2019-11-01 01:26:09,593 [cb510fb7-fc87-4880-9dcd-5d4a84db871b@group-56BF66CFB646-SegmentedRaftLogWorker] INFO  segmented.SegmentedRaftLogWorker (SegmentedRaftLogWorker.java:execute(576)) - cb510fb7-fc87-4880-9dcd-5d4a84db871b@group-56BF66CFB646-SegmentedRaftLogWorker: created new log segment /workdir/hadoop-ozone/tools/target/test-dir/MiniOzoneClusterImpl-17d7739a-f662-4c88-9e51-3c637963011a/datanode-1/data/ratis/965d01e1-f7df-45cf-9e74-56bf66cfb646/current/log_inprogress_0
2019-11-01 01:26:09,593 [32db78ba-36ff-4254-bf6e-67e7bcfc9e39@group-920D79ED139C-LeaderElection17] INFO  server.RaftServerConfigKeys (ConfUtils.java:logGet(43)) - raft.server.rpc.sleep.time = 25ms (default)
2019-11-01 01:26:09,593 [32db78ba-36ff-4254-bf6e-67e7bcfc9e39@group-B4B47FFE905F-LeaderElection18] INFO  impl.RoleInfo (RoleInfo.java:shutdownLeaderElection(134)) - 32db78ba-36ff-4254-bf6e-67e7bcfc9e39: shutdown LeaderElection
2019-11-01 01:26:09,595 [grpc-default-executor-4] INFO  impl.RaftServerImpl (ServerState.java:setLeader(255)) - 40b7f987-8e06-4ef9-abdc-8715eb833c11@group-463ABB98F6A5: change Leader from null to 32db78ba-36ff-4254-bf6e-67e7bcfc9e39 at term 1 for appendEntries, leader elected after 5399ms
2019-11-01 01:26:09,594 [cb510fb7-fc87-4880-9dcd-5d4a84db871b@group-25B27BB5DF37-LeaderElection19] INFO  impl.RaftServerImpl (ServerState.java:setLeader(255)) - cb510fb7-fc87-4880-9dcd-5d4a84db871b@group-25B27BB5DF37: change Leader from null to cb510fb7-fc87-4880-9dcd-5d4a84db871b at term 1 for becomeLeader, leader elected after 5239ms
2019-11-01 01:26:09,595 [grpc-default-executor-3] INFO  impl.RaftServerImpl (ServerState.java:setLeader(255)) - 40b7f987-8e06-4ef9-abdc-8715eb833c11@group-56BF66CFB646: change Leader from null to cb510fb7-fc87-4880-9dcd-5d4a84db871b at term 1 for appendEntries, leader elected after 5296ms
2019-11-01 01:26:09,594 [grpc-default-executor-7] INFO  impl.RaftServerImpl (ServerState.java:setLeader(255)) - cb510fb7-fc87-4880-9dcd-5d4a84db871b@group-463ABB98F6A5: change Leader from null to 32db78ba-36ff-4254-bf6e-67e7bcfc9e39 at term 1 for appendEntries, leader elected after 5464ms
2019-11-01 01:26:09,593 [grpc-default-executor-1] INFO  impl.RaftServerImpl (ServerState.java:setLeader(255)) - 32db78ba-36ff-4254-bf6e-67e7bcfc9e39@group-B30DA263D364: change Leader from null to cb510fb7-fc87-4880-9dcd-5d4a84db871b at term 1 for appendEntries, leader elected after 5506ms
2019-11-01 01:26:09,595 [grpc-default-executor-5] INFO  impl.RaftServerImpl (ServerState.java:setLeader(255)) - 32db78ba-36ff-4254-bf6e-67e7bcfc9e39@group-56BF66CFB646: change Leader from null to cb510fb7-fc87-4880-9dcd-5d4a84db871b at term 1 for appendEntries, leader elected after 5338ms
2019-11-01 01:26:09,595 [cb510fb7-fc87-4880-9dcd-5d4a84db871b@group-25B27BB5DF37-LeaderElection19] INFO  server.RaftServerConfigKeys (ConfUtils.java:logGet(43)) - raft.server.staging.catchup.gap = 1000 (default)
2019-11-01 01:26:09,595 [32db78ba-36ff-4254-bf6e-67e7bcfc9e39@group-B4B47FFE905F-LeaderElection18] INFO  impl.RaftServerImpl (RaftServerImpl.java:setRole(173)) - 32db78ba-36ff-4254-bf6e-67e7bcfc9e39@group-B4B47FFE905F: changes role from CANDIDATE to LEADER at term 1 for changeToLeader
2019-11-01 01:26:09,595 [32db78ba-36ff-4254-bf6e-67e7bcfc9e39@group-920D79ED139C-LeaderElection17] INFO  server.RaftServerConfigKeys (ConfUtils.java:logGet(43)) - raft.server.write.element-limit = 4096 (default)
2019-11-01 01:26:09,596 [32db78ba-36ff-4254-bf6e-67e7bcfc9e39@group-B4B47FFE905F-LeaderElection18] INFO  impl.RaftServerImpl (ServerState.java:setLeader(255)) - 32db78ba-36ff-4254-bf6e-67e7bcfc9e39@group-B4B47FFE905F: change Leader from null to 32db78ba-36ff-4254-bf6e-67e7bcfc9e39 at term 1 for becomeLeader, leader elected after 5297ms
2019-11-01 01:26:09,596 [cb510fb7-fc87-4880-9dcd-5d4a84db871b@group-25B27BB5DF37-LeaderElection19] INFO  server.RaftServerConfigKeys (ConfUtils.java:logGet(43)) - raft.server.rpc.sleep.time = 25ms (default)
2019-11-01 01:26:09,596 [grpc-default-executor-4] INFO  impl.RaftServerImpl (ServerState.java:setRaftConf(356)) - 40b7f987-8e06-4ef9-abdc-8715eb833c11@group-B30DA263D364: set configuration 0: [40b7f987-8e06-4ef9-abdc-8715eb833c11:192.168.69.91:34918, 32db78ba-36ff-4254-bf6e-67e7bcfc9e39:192.168.69.91:37505, cb510fb7-fc87-4880-9dcd-5d4a84db871b:192.168.69.91:33685], old=null at 0
2019-11-01 01:26:09,597 [cb510fb7-fc87-4880-9dcd-5d4a84db871b@group-25B27BB5DF37-LeaderElection19] INFO  server.RaftServerConfigKeys (ConfUtils.java:logGet(43)) - raft.server.write.element-limit = 4096 (default)
2019-11-01 01:26:09,596 [Thread-317] INFO  impl.FollowerState (FollowerState.java:run(111)) - cb510fb7-fc87-4880-9dcd-5d4a84db871b@group-1D993DC43990-FollowerState: change to CANDIDATE, lastRpcTime:5158ms, electionTimeout:5158ms
2019-11-01 01:26:09,596 [32db78ba-36ff-4254-bf6e-67e7bcfc9e39@group-B4B47FFE905F-LeaderElection18] INFO  server.RaftServerConfigKeys (ConfUtils.java:logGet(43)) - raft.server.staging.catchup.gap = 1000 (default)
2019-11-01 01:26:09,596 [32db78ba-36ff-4254-bf6e-67e7bcfc9e39@group-920D79ED139C-LeaderElection17] INFO  server.RaftServerConfigKeys (ConfUtils.java:logGet(43)) - raft.server.watch.timeout = 10s (default)
2019-11-01 01:26:09,597 [32db78ba-36ff-4254-bf6e-67e7bcfc9e39@group-B4B47FFE905F-LeaderElection18] INFO  server.RaftServerConfigKeys (ConfUtils.java:logGet(43)) - raft.server.rpc.sleep.time = 25ms (default)
2019-11-01 01:26:09,597 [Thread-317] INFO  impl.RoleInfo (RoleInfo.java:shutdownFollowerState(121)) - cb510fb7-fc87-4880-9dcd-5d4a84db871b: shutdown FollowerState
2019-11-01 01:26:09,597 [cb510fb7-fc87-4880-9dcd-5d4a84db871b@group-25B27BB5DF37-LeaderElection19] INFO  server.RaftServerConfigKeys (ConfUtils.java:logGet(43)) - raft.server.watch.timeout = 10s (default)
2019-11-01 01:26:09,597 [grpc-default-executor-4] INFO  segmented.SegmentedRaftLogWorker (SegmentedRaftLogWorker.java:startLogSegment(385)) - 40b7f987-8e06-4ef9-abdc-8715eb833c11@group-B30DA263D364-SegmentedRaftLogWorker: Starting segment from index:0
2019-11-01 01:26:09,597 [cb510fb7-fc87-4880-9dcd-5d4a84db871b@group-25B27BB5DF37-LeaderElection19] INFO  server.RaftServerConfigKeys (ConfUtils.java:logGet(43)) - raft.server.watch.timeout.denomination = 1s (default)
2019-11-01 01:26:09,597 [32db78ba-36ff-4254-bf6e-67e7bcfc9e39@group-B4B47FFE905F-LeaderElection18] INFO  server.RaftServerConfigKeys (ConfUtils.java:logGet(43)) - raft.server.write.element-limit = 4096 (default)
2019-11-01 01:26:09,597 [Thread-317] INFO  impl.RaftServerImpl (RaftServerImpl.java:setRole(173)) - cb510fb7-fc87-4880-9dcd-5d4a84db871b@group-1D993DC43990: changes role from  FOLLOWER to CANDIDATE at term 0 for changeToCandidate
2019-11-01 01:26:09,597 [32db78ba-36ff-4254-bf6e-67e7bcfc9e39@group-920D79ED139C-LeaderElection17] INFO  server.RaftServerConfigKeys (ConfUtils.java:logGet(43)) - raft.server.watch.timeout.denomination = 1s (default)
2019-11-01 01:26:09,599 [Thread-317] INFO  impl.RoleInfo (RoleInfo.java:updateAndGet(143)) - cb510fb7-fc87-4880-9dcd-5d4a84db871b: start LeaderElection
2019-11-01 01:26:09,598 [32db78ba-36ff-4254-bf6e-67e7bcfc9e39@group-B4B47FFE905F-LeaderElection18] INFO  server.RaftServerConfigKeys (ConfUtils.java:logGet(43)) - raft.server.watch.timeout = 10s (default)
2019-11-01 01:26:09,598 [grpc-default-executor-5] INFO  impl.RaftServerImpl (ServerState.java:setRaftConf(356)) - 40b7f987-8e06-4ef9-abdc-8715eb833c11@group-463ABB98F6A5: set configuration 0: [40b7f987-8e06-4ef9-abdc-8715eb833c11:192.168.69.91:34918, 32db78ba-36ff-4254-bf6e-67e7bcfc9e39:192.168.69.91:37505, cb510fb7-fc87-4880-9dcd-5d4a84db871b:192.168.69.91:33685], old=null at 0
2019-11-01 01:26:09,597 [cb510fb7-fc87-4880-9dcd-5d4a84db871b@group-25B27BB5DF37-LeaderElection19] INFO  server.RaftServerConfigKeys (ConfUtils.java:logGet(43)) - raft.server.watch.element-limit = 65536 (default)
2019-11-01 01:26:09,600 [grpc-default-executor-5] INFO  segmented.SegmentedRaftLogWorker (SegmentedRaftLogWorker.java:startLogSegment(385)) - 40b7f987-8e06-4ef9-abdc-8715eb833c11@group-463ABB98F6A5-SegmentedRaftLogWorker: Starting segment from index:0
2019-11-01 01:26:09,599 [32db78ba-36ff-4254-bf6e-67e7bcfc9e39@group-B4B47FFE905F-LeaderElection18] INFO  server.RaftServerConfigKeys (ConfUtils.java:logGet(43)) - raft.server.watch.timeout.denomination = 1s (default)
2019-11-01 01:26:09,599 [32db78ba-36ff-4254-bf6e-67e7bcfc9e39@group-920D79ED139C-LeaderElection17] INFO  server.RaftServerConfigKeys (ConfUtils.java:logGet(43)) - raft.server.watch.element-limit = 65536 (default)
2019-11-01 01:26:09,601 [32db78ba-36ff-4254-bf6e-67e7bcfc9e39@group-B4B47FFE905F-LeaderElection18] INFO  server.RaftServerConfigKeys (ConfUtils.java:logGet(43)) - raft.server.watch.element-limit = 65536 (default)
2019-11-01 01:26:09,601 [grpc-default-executor-7] INFO  impl.RaftServerImpl (ServerState.java:setRaftConf(356)) - 32db78ba-36ff-4254-bf6e-67e7bcfc9e39@group-56BF66CFB646: set configuration 0: [40b7f987-8e06-4ef9-abdc-8715eb833c11:192.168.69.91:34918, 32db78ba-36ff-4254-bf6e-67e7bcfc9e39:192.168.69.91:37505, cb510fb7-fc87-4880-9dcd-5d4a84db871b:192.168.69.91:33685], old=null at 0
2019-11-01 01:26:09,601 [grpc-default-executor-3] INFO  impl.RaftServerImpl (ServerState.java:setRaftConf(356)) - 32db78ba-36ff-4254-bf6e-67e7bcfc9e39@group-B30DA263D364: set configuration 0: [40b7f987-8e06-4ef9-abdc-8715eb833c11:192.168.69.91:34918, 32db78ba-36ff-4254-bf6e-67e7bcfc9e39:192.168.69.91:37505, cb510fb7-fc87-4880-9dcd-5d4a84db871b:192.168.69.91:33685], old=null at 0
2019-11-01 01:26:09,601 [grpc-default-executor-1] INFO  impl.RaftServerImpl (ServerState.java:setRaftConf(356)) - cb510fb7-fc87-4880-9dcd-5d4a84db871b@group-463ABB98F6A5: set configuration 0: [40b7f987-8e06-4ef9-abdc-8715eb833c11:192.168.69.91:34918, 32db78ba-36ff-4254-bf6e-67e7bcfc9e39:192.168.69.91:37505, cb510fb7-fc87-4880-9dcd-5d4a84db871b:192.168.69.91:33685], old=null at 0
2019-11-01 01:26:09,600 [grpc-default-executor-4] INFO  impl.RaftServerImpl (ServerState.java:setRaftConf(356)) - 40b7f987-8e06-4ef9-abdc-8715eb833c11@group-56BF66CFB646: set configuration 0: [40b7f987-8e06-4ef9-abdc-8715eb833c11:192.168.69.91:34918, 32db78ba-36ff-4254-bf6e-67e7bcfc9e39:192.168.69.91:37505, cb510fb7-fc87-4880-9dcd-5d4a84db871b:192.168.69.91:33685], old=null at 0
2019-11-01 01:26:09,600 [cb510fb7-fc87-4880-9dcd-5d4a84db871b@group-25B27BB5DF37-LeaderElection19] INFO  server.RaftServerConfigKeys (ConfUtils.java:logGet(43)) - raft.server.log.appender.snapshot.chunk.size.max = 16MB (=16777216) (default)
2019-11-01 01:26:09,602 [grpc-default-executor-4] INFO  segmented.SegmentedRaftLogWorker (SegmentedRaftLogWorker.java:startLogSegment(385)) - 40b7f987-8e06-4ef9-abdc-8715eb833c11@group-56BF66CFB646-SegmentedRaftLogWorker: Starting segment from index:0
2019-11-01 01:26:09,601 [grpc-default-executor-1] INFO  segmented.SegmentedRaftLogWorker (SegmentedRaftLogWorker.java:startLogSegment(385)) - cb510fb7-fc87-4880-9dcd-5d4a84db871b@group-463ABB98F6A5-SegmentedRaftLogWorker: Starting segment from index:0
2019-11-01 01:26:09,601 [grpc-default-executor-3] INFO  segmented.SegmentedRaftLogWorker (SegmentedRaftLogWorker.java:startLogSegment(385)) - 32db78ba-36ff-4254-bf6e-67e7bcfc9e39@group-B30DA263D364-SegmentedRaftLogWorker: Starting segment from index:0
2019-11-01 01:26:09,601 [grpc-default-executor-7] INFO  segmented.SegmentedRaftLogWorker (SegmentedRaftLogWorker.java:startLogSegment(385)) - 32db78ba-36ff-4254-bf6e-67e7bcfc9e39@group-56BF66CFB646-SegmentedRaftLogWorker: Starting segment from index:0
2019-11-01 01:26:09,601 [32db78ba-36ff-4254-bf6e-67e7bcfc9e39@group-B4B47FFE905F-LeaderElection18] INFO  server.RaftServerConfigKeys (ConfUtils.java:logGet(43)) - raft.server.log.appender.snapshot.chunk.size.max = 16MB (=16777216) (default)
2019-11-01 01:26:09,601 [32db78ba-36ff-4254-bf6e-67e7bcfc9e39@group-920D79ED139C-LeaderElection17] INFO  server.RaftServerConfigKeys (ConfUtils.java:logGet(43)) - raft.server.log.appender.snapshot.chunk.size.max = 16MB (=16777216) (default)
2019-11-01 01:26:09,602 [32db78ba-36ff-4254-bf6e-67e7bcfc9e39@group-B4B47FFE905F-LeaderElection18] INFO  server.RaftServerConfigKeys (ConfUtils.java:logGet(43)) - raft.server.log.appender.buffer.byte-limit = 33554432 (custom)
2019-11-01 01:26:09,602 [cb510fb7-fc87-4880-9dcd-5d4a84db871b@group-25B27BB5DF37-LeaderElection19] INFO  server.RaftServerConfigKeys (ConfUtils.java:logGet(43)) - raft.server.log.appender.buffer.byte-limit = 33554432 (custom)
2019-11-01 01:26:09,602 [32db78ba-36ff-4254-bf6e-67e7bcfc9e39@group-B4B47FFE905F-LeaderElection18] INFO  server.RaftServerConfigKeys (ConfUtils.java:logGet(43)) - raft.server.log.appender.buffer.element-limit = 1 (custom)
2019-11-01 01:26:09,602 [32db78ba-36ff-4254-bf6e-67e7bcfc9e39@group-920D79ED139C-LeaderElection17] INFO  server.RaftServerConfigKeys (ConfUtils.java:logGet(43)) - raft.server.log.appender.buffer.byte-limit = 33554432 (custom)
2019-11-01 01:26:09,603 [32db78ba-36ff-4254-bf6e-67e7bcfc9e39@group-B4B47FFE905F-LeaderElection18] INFO  grpc.GrpcConfigKeys$Server (ConfUtils.java:logGet(43)) - raft.grpc.server.leader.outstanding.appends.max = 128 (default)
2019-11-01 01:26:09,603 [cb510fb7-fc87-4880-9dcd-5d4a84db871b@group-25B27BB5DF37-LeaderElection19] INFO  server.RaftServerConfigKeys (ConfUtils.java:logGet(43)) - raft.server.log.appender.buffer.element-limit = 1 (custom)
2019-11-01 01:26:09,603 [32db78ba-36ff-4254-bf6e-67e7bcfc9e39@group-B4B47FFE905F-LeaderElection18] INFO  server.RaftServerConfigKeys (ConfUtils.java:logGet(43)) - raft.server.rpc.request.timeout = 3000ms (default)
2019-11-01 01:26:09,603 [32db78ba-36ff-4254-bf6e-67e7bcfc9e39@group-920D79ED139C-LeaderElection17] INFO  server.RaftServerConfigKeys (ConfUtils.java:logGet(43)) - raft.server.log.appender.buffer.element-limit = 1 (custom)
2019-11-01 01:26:09,603 [32db78ba-36ff-4254-bf6e-67e7bcfc9e39@group-B4B47FFE905F-LeaderElection18] INFO  server.RaftServerConfigKeys (ConfUtils.java:logGet(43)) - raft.server.log.appender.install.snapshot.enabled = false (custom)
2019-11-01 01:26:09,603 [cb510fb7-fc87-4880-9dcd-5d4a84db871b@group-25B27BB5DF37-LeaderElection19] INFO  grpc.GrpcConfigKeys$Server (ConfUtils.java:logGet(43)) - raft.grpc.server.leader.outstanding.appends.max = 128 (default)
2019-11-01 01:26:09,603 [32db78ba-36ff-4254-bf6e-67e7bcfc9e39@group-B4B47FFE905F-LeaderElection18] WARN  impl.MetricRegistriesImpl (MetricRegistriesImpl.java:lambda$create$1(61)) - First MetricRegistry has been created without registering reporters. You may need to call MetricRegistries.global().addReportRegistration(...) before.
2019-11-01 01:26:09,603 [32db78ba-36ff-4254-bf6e-67e7bcfc9e39@group-920D79ED139C-LeaderElection17] INFO  grpc.GrpcConfigKeys$Server (ConfUtils.java:logGet(43)) - raft.grpc.server.leader.outstanding.appends.max = 128 (default)
2019-11-01 01:26:09,603 [32db78ba-36ff-4254-bf6e-67e7bcfc9e39@group-B4B47FFE905F-LeaderElection18] INFO  server.RaftServerConfigKeys (ConfUtils.java:logGet(43)) - raft.server.log.appender.snapshot.chunk.size.max = 16MB (=16777216) (default)
2019-11-01 01:26:09,603 [cb510fb7-fc87-4880-9dcd-5d4a84db871b@group-25B27BB5DF37-LeaderElection19] INFO  server.RaftServerConfigKeys (ConfUtils.java:logGet(43)) - raft.server.rpc.request.timeout = 3000ms (default)
2019-11-01 01:26:09,604 [32db78ba-36ff-4254-bf6e-67e7bcfc9e39@group-B4B47FFE905F-LeaderElection18] INFO  server.RaftServerConfigKeys (ConfUtils.java:logGet(43)) - raft.server.log.appender.buffer.byte-limit = 33554432 (custom)
2019-11-01 01:26:09,604 [32db78ba-36ff-4254-bf6e-67e7bcfc9e39@group-920D79ED139C-LeaderElection17] INFO  server.RaftServerConfigKeys (ConfUtils.java:logGet(43)) - raft.server.rpc.request.timeout = 3000ms (default)
2019-11-01 01:26:09,604 [32db78ba-36ff-4254-bf6e-67e7bcfc9e39@group-B4B47FFE905F-LeaderElection18] INFO  server.RaftServerConfigKeys (ConfUtils.java:logGet(43)) - raft.server.log.appender.buffer.element-limit = 1 (custom)
2019-11-01 01:26:09,604 [cb510fb7-fc87-4880-9dcd-5d4a84db871b@group-25B27BB5DF37-LeaderElection19] INFO  server.RaftServerConfigKeys (ConfUtils.java:logGet(43)) - raft.server.log.appender.install.snapshot.enabled = false (custom)
2019-11-01 01:26:09,604 [32db78ba-36ff-4254-bf6e-67e7bcfc9e39@group-B4B47FFE905F-LeaderElection18] INFO  grpc.GrpcConfigKeys$Server (ConfUtils.java:logGet(43)) - raft.grpc.server.leader.outstanding.appends.max = 128 (default)
2019-11-01 01:26:09,604 [32db78ba-36ff-4254-bf6e-67e7bcfc9e39@group-920D79ED139C-LeaderElection17] INFO  server.RaftServerConfigKeys (ConfUtils.java:logGet(43)) - raft.server.log.appender.install.snapshot.enabled = false (custom)
2019-11-01 01:26:09,604 [32db78ba-36ff-4254-bf6e-67e7bcfc9e39@group-B4B47FFE905F-LeaderElection18] INFO  server.RaftServerConfigKeys (ConfUtils.java:logGet(43)) - raft.server.rpc.request.timeout = 3000ms (default)
2019-11-01 01:26:09,604 [32db78ba-36ff-4254-bf6e-67e7bcfc9e39@group-B4B47FFE905F-LeaderElection18] INFO  server.RaftServerConfigKeys (ConfUtils.java:logGet(43)) - raft.server.log.appender.install.snapshot.enabled = false (custom)
2019-11-01 01:26:09,604 [cb510fb7-fc87-4880-9dcd-5d4a84db871b@group-25B27BB5DF37-LeaderElection19] WARN  impl.MetricRegistriesImpl (MetricRegistriesImpl.java:lambda$create$1(61)) - First MetricRegistry has been created without registering reporters. You may need to call MetricRegistries.global().addReportRegistration(...) before.
2019-11-01 01:26:09,605 [32db78ba-36ff-4254-bf6e-67e7bcfc9e39@group-B4B47FFE905F-LeaderElection18] INFO  impl.RoleInfo (RoleInfo.java:updateAndGet(143)) - 32db78ba-36ff-4254-bf6e-67e7bcfc9e39: start LeaderState
2019-11-01 01:26:09,605 [cb510fb7-fc87-4880-9dcd-5d4a84db871b@group-25B27BB5DF37-LeaderElection19] INFO  server.RaftServerConfigKeys (ConfUtils.java:logGet(43)) - raft.server.log.appender.snapshot.chunk.size.max = 16MB (=16777216) (default)
2019-11-01 01:26:09,604 [32db78ba-36ff-4254-bf6e-67e7bcfc9e39@group-920D79ED139C-LeaderElection17] WARN  impl.MetricRegistriesImpl (MetricRegistriesImpl.java:lambda$create$1(61)) - First MetricRegistry has been created without registering reporters. You may need to call MetricRegistries.global().addReportRegistration(...) before.
2019-11-01 01:26:09,605 [cb510fb7-fc87-4880-9dcd-5d4a84db871b@group-25B27BB5DF37-LeaderElection19] INFO  server.RaftServerConfigKeys (ConfUtils.java:logGet(43)) - raft.server.log.appender.buffer.byte-limit = 33554432 (custom)
2019-11-01 01:26:09,605 [32db78ba-36ff-4254-bf6e-67e7bcfc9e39@group-B4B47FFE905F-LeaderElection18] INFO  segmented.SegmentedRaftLogWorker (SegmentedRaftLogWorker.java:startLogSegment(385)) - 32db78ba-36ff-4254-bf6e-67e7bcfc9e39@group-B4B47FFE905F-SegmentedRaftLogWorker: Starting segment from index:0
2019-11-01 01:26:09,605 [cb510fb7-fc87-4880-9dcd-5d4a84db871b@group-25B27BB5DF37-LeaderElection19] INFO  server.RaftServerConfigKeys (ConfUtils.java:logGet(43)) - raft.server.log.appender.buffer.element-limit = 1 (custom)
2019-11-01 01:26:09,605 [32db78ba-36ff-4254-bf6e-67e7bcfc9e39@group-920D79ED139C-LeaderElection17] INFO  server.RaftServerConfigKeys (ConfUtils.java:logGet(43)) - raft.server.log.appender.snapshot.chunk.size.max = 16MB (=16777216) (default)
2019-11-01 01:26:09,605 [32db78ba-36ff-4254-bf6e-67e7bcfc9e39@group-920D79ED139C-LeaderElection17] INFO  server.RaftServerConfigKeys (ConfUtils.java:logGet(43)) - raft.server.log.appender.buffer.byte-limit = 33554432 (custom)
2019-11-01 01:26:09,605 [cb510fb7-fc87-4880-9dcd-5d4a84db871b@group-25B27BB5DF37-LeaderElection19] INFO  grpc.GrpcConfigKeys$Server (ConfUtils.java:logGet(43)) - raft.grpc.server.leader.outstanding.appends.max = 128 (default)
2019-11-01 01:26:09,605 [cb510fb7-fc87-4880-9dcd-5d4a84db871b@group-25B27BB5DF37-LeaderElection19] INFO  server.RaftServerConfigKeys (ConfUtils.java:logGet(43)) - raft.server.rpc.request.timeout = 3000ms (default)
2019-11-01 01:26:09,605 [32db78ba-36ff-4254-bf6e-67e7bcfc9e39@group-B4B47FFE905F-LeaderElection18] INFO  impl.RaftServerImpl (ServerState.java:setRaftConf(356)) - 32db78ba-36ff-4254-bf6e-67e7bcfc9e39@group-B4B47FFE905F: set configuration 0: [40b7f987-8e06-4ef9-abdc-8715eb833c11:192.168.69.91:34918, 32db78ba-36ff-4254-bf6e-67e7bcfc9e39:192.168.69.91:37505, cb510fb7-fc87-4880-9dcd-5d4a84db871b:192.168.69.91:33685], old=null at 0
2019-11-01 01:26:09,605 [32db78ba-36ff-4254-bf6e-67e7bcfc9e39@group-920D79ED139C-LeaderElection17] INFO  server.RaftServerConfigKeys (ConfUtils.java:logGet(43)) - raft.server.log.appender.buffer.element-limit = 1 (custom)
2019-11-01 01:26:09,606 [cb510fb7-fc87-4880-9dcd-5d4a84db871b@group-25B27BB5DF37-LeaderElection19] INFO  server.RaftServerConfigKeys (ConfUtils.java:logGet(43)) - raft.server.log.appender.install.snapshot.enabled = false (custom)
2019-11-01 01:26:09,606 [32db78ba-36ff-4254-bf6e-67e7bcfc9e39@group-920D79ED139C-LeaderElection17] INFO  grpc.GrpcConfigKeys$Server (ConfUtils.java:logGet(43)) - raft.grpc.server.leader.outstanding.appends.max = 128 (default)
2019-11-01 01:26:09,607 [cb510fb7-fc87-4880-9dcd-5d4a84db871b@group-25B27BB5DF37-LeaderElection19] INFO  impl.RoleInfo (RoleInfo.java:updateAndGet(143)) - cb510fb7-fc87-4880-9dcd-5d4a84db871b: start LeaderState
2019-11-01 01:26:09,607 [32db78ba-36ff-4254-bf6e-67e7bcfc9e39@group-463ABB98F6A5-SegmentedRaftLogWorker] INFO  segmented.SegmentedRaftLogWorker (SegmentedRaftLogWorker.java:execute(576)) - 32db78ba-36ff-4254-bf6e-67e7bcfc9e39@group-463ABB98F6A5-SegmentedRaftLogWorker: created new log segment /workdir/hadoop-ozone/tools/target/test-dir/MiniOzoneClusterImpl-17d7739a-f662-4c88-9e51-3c637963011a/datanode-4/data/ratis/28516bc7-86e1-40eb-b184-463abb98f6a5/current/log_inprogress_0
2019-11-01 01:26:09,607 [cb510fb7-fc87-4880-9dcd-5d4a84db871b@group-25B27BB5DF37-LeaderElection19] INFO  segmented.SegmentedRaftLogWorker (SegmentedRaftLogWorker.java:startLogSegment(385)) - cb510fb7-fc87-4880-9dcd-5d4a84db871b@group-25B27BB5DF37-SegmentedRaftLogWorker: Starting segment from index:0
2019-11-01 01:26:09,607 [32db78ba-36ff-4254-bf6e-67e7bcfc9e39@group-920D79ED139C-LeaderElection17] INFO  server.RaftServerConfigKeys (ConfUtils.java:logGet(43)) - raft.server.rpc.request.timeout = 3000ms (default)
2019-11-01 01:26:09,607 [32db78ba-36ff-4254-bf6e-67e7bcfc9e39@group-920D79ED139C-LeaderElection17] INFO  server.RaftServerConfigKeys (ConfUtils.java:logGet(43)) - raft.server.log.appender.install.snapshot.enabled = false (custom)
2019-11-01 01:26:09,607 [32db78ba-36ff-4254-bf6e-67e7bcfc9e39@group-1D993DC43990-LeaderElection20] INFO  impl.LeaderElection (LeaderElection.java:askForVotes(178)) - 32db78ba-36ff-4254-bf6e-67e7bcfc9e39@group-1D993DC43990-LeaderElection20: begin an election at term 1 for -1: [40b7f987-8e06-4ef9-abdc-8715eb833c11:192.168.69.91:34918, 32db78ba-36ff-4254-bf6e-67e7bcfc9e39:192.168.69.91:37505, cb510fb7-fc87-4880-9dcd-5d4a84db871b:192.168.69.91:33685], old=null
2019-11-01 01:26:09,608 [32db78ba-36ff-4254-bf6e-67e7bcfc9e39@group-920D79ED139C-LeaderElection17] INFO  impl.RoleInfo (RoleInfo.java:updateAndGet(143)) - 32db78ba-36ff-4254-bf6e-67e7bcfc9e39: start LeaderState
2019-11-01 01:26:09,608 [32db78ba-36ff-4254-bf6e-67e7bcfc9e39@group-920D79ED139C-LeaderElection17] INFO  segmented.SegmentedRaftLogWorker (SegmentedRaftLogWorker.java:startLogSegment(385)) - 32db78ba-36ff-4254-bf6e-67e7bcfc9e39@group-920D79ED139C-SegmentedRaftLogWorker: Starting segment from index:0
2019-11-01 01:26:09,608 [grpc-default-executor-3] INFO  impl.RaftServerImpl (ServerState.java:setLeader(255)) - 40b7f987-8e06-4ef9-abdc-8715eb833c11@group-B4B47FFE905F: change Leader from null to 32db78ba-36ff-4254-bf6e-67e7bcfc9e39 at term 1 for appendEntries, leader elected after 5253ms
2019-11-01 01:26:09,608 [cb510fb7-fc87-4880-9dcd-5d4a84db871b@group-25B27BB5DF37-LeaderElection19] INFO  impl.RaftServerImpl (ServerState.java:setRaftConf(356)) - cb510fb7-fc87-4880-9dcd-5d4a84db871b@group-25B27BB5DF37: set configuration 0: [40b7f987-8e06-4ef9-abdc-8715eb833c11:192.168.69.91:34918, 32db78ba-36ff-4254-bf6e-67e7bcfc9e39:192.168.69.91:37505, cb510fb7-fc87-4880-9dcd-5d4a84db871b:192.168.69.91:33685], old=null at 0
2019-11-01 01:26:09,608 [grpc-default-executor-7] INFO  impl.RaftServerImpl (ServerState.java:setLeader(255)) - cb510fb7-fc87-4880-9dcd-5d4a84db871b@group-B4B47FFE905F: change Leader from null to 32db78ba-36ff-4254-bf6e-67e7bcfc9e39 at term 1 for appendEntries, leader elected after 5309ms
2019-11-01 01:26:09,643 [cb510fb7-fc87-4880-9dcd-5d4a84db871b@group-1D993DC43990-LeaderElection22] INFO  impl.LeaderElection (LeaderElection.java:askForVotes(178)) - cb510fb7-fc87-4880-9dcd-5d4a84db871b@group-1D993DC43990-LeaderElection22: begin an election at term 1 for -1: [40b7f987-8e06-4ef9-abdc-8715eb833c11:192.168.69.91:34918, 32db78ba-36ff-4254-bf6e-67e7bcfc9e39:192.168.69.91:37505, cb510fb7-fc87-4880-9dcd-5d4a84db871b:192.168.69.91:33685], old=null
2019-11-01 01:26:09,643 [40b7f987-8e06-4ef9-abdc-8715eb833c11@group-1D993DC43990-LeaderElection21] INFO  impl.LeaderElection (LeaderElection.java:askForVotes(178)) - 40b7f987-8e06-4ef9-abdc-8715eb833c11@group-1D993DC43990-LeaderElection21: begin an election at term 1 for -1: [40b7f987-8e06-4ef9-abdc-8715eb833c11:192.168.69.91:34918, 32db78ba-36ff-4254-bf6e-67e7bcfc9e39:192.168.69.91:37505, cb510fb7-fc87-4880-9dcd-5d4a84db871b:192.168.69.91:33685], old=null
2019-11-01 01:26:09,667 [32db78ba-36ff-4254-bf6e-67e7bcfc9e39@group-B30DA263D364-SegmentedRaftLogWorker] INFO  segmented.SegmentedRaftLogWorker (SegmentedRaftLogWorker.java:execute(576)) - 32db78ba-36ff-4254-bf6e-67e7bcfc9e39@group-B30DA263D364-SegmentedRaftLogWorker: created new log segment /workdir/hadoop-ozone/tools/target/test-dir/MiniOzoneClusterImpl-17d7739a-f662-4c88-9e51-3c637963011a/datanode-4/data/ratis/322ed056-c6f5-452f-9f79-b30da263d364/current/log_inprogress_0
2019-11-01 01:26:09,667 [40b7f987-8e06-4ef9-abdc-8715eb833c11@group-463ABB98F6A5-SegmentedRaftLogWorker] INFO  segmented.SegmentedRaftLogWorker (SegmentedRaftLogWorker.java:execute(576)) - 40b7f987-8e06-4ef9-abdc-8715eb833c11@group-463ABB98F6A5-SegmentedRaftLogWorker: created new log segment /workdir/hadoop-ozone/tools/target/test-dir/MiniOzoneClusterImpl-17d7739a-f662-4c88-9e51-3c637963011a/datanode-0/data/ratis/28516bc7-86e1-40eb-b184-463abb98f6a5/current/log_inprogress_0
2019-11-01 01:26:09,667 [40b7f987-8e06-4ef9-abdc-8715eb833c11@group-B30DA263D364-SegmentedRaftLogWorker] INFO  segmented.SegmentedRaftLogWorker (SegmentedRaftLogWorker.java:execute(576)) - 40b7f987-8e06-4ef9-abdc-8715eb833c11@group-B30DA263D364-SegmentedRaftLogWorker: created new log segment /workdir/hadoop-ozone/tools/target/test-dir/MiniOzoneClusterImpl-17d7739a-f662-4c88-9e51-3c637963011a/datanode-0/data/ratis/322ed056-c6f5-452f-9f79-b30da263d364/current/log_inprogress_0
2019-11-01 01:26:09,667 [cb510fb7-fc87-4880-9dcd-5d4a84db871b@group-25B27BB5DF37-SegmentedRaftLogWorker] INFO  segmented.SegmentedRaftLogWorker (SegmentedRaftLogWorker.java:execute(576)) - cb510fb7-fc87-4880-9dcd-5d4a84db871b@group-25B27BB5DF37-SegmentedRaftLogWorker: created new log segment /workdir/hadoop-ozone/tools/target/test-dir/MiniOzoneClusterImpl-17d7739a-f662-4c88-9e51-3c637963011a/datanode-1/data/ratis/7c2ebd5f-b213-48bd-92e2-25b27bb5df37/current/log_inprogress_0
2019-11-01 01:26:09,667 [32db78ba-36ff-4254-bf6e-67e7bcfc9e39@group-56BF66CFB646-SegmentedRaftLogWorker] INFO  segmented.SegmentedRaftLogWorker (SegmentedRaftLogWorker.java:execute(576)) - 32db78ba-36ff-4254-bf6e-67e7bcfc9e39@group-56BF66CFB646-SegmentedRaftLogWorker: created new log segment /workdir/hadoop-ozone/tools/target/test-dir/MiniOzoneClusterImpl-17d7739a-f662-4c88-9e51-3c637963011a/datanode-4/data/ratis/965d01e1-f7df-45cf-9e74-56bf66cfb646/current/log_inprogress_0
2019-11-01 01:26:09,667 [32db78ba-36ff-4254-bf6e-67e7bcfc9e39@group-B4B47FFE905F-SegmentedRaftLogWorker] INFO  segmented.SegmentedRaftLogWorker (SegmentedRaftLogWorker.java:execute(576)) - 32db78ba-36ff-4254-bf6e-67e7bcfc9e39@group-B4B47FFE905F-SegmentedRaftLogWorker: created new log segment /workdir/hadoop-ozone/tools/target/test-dir/MiniOzoneClusterImpl-17d7739a-f662-4c88-9e51-3c637963011a/datanode-4/data/ratis/0087816a-c625-4d1a-8939-b4b47ffe905f/current/log_inprogress_0
2019-11-01 01:26:09,667 [40b7f987-8e06-4ef9-abdc-8715eb833c11@group-56BF66CFB646-SegmentedRaftLogWorker] INFO  segmented.SegmentedRaftLogWorker (SegmentedRaftLogWorker.java:execute(576)) - 40b7f987-8e06-4ef9-abdc-8715eb833c11@group-56BF66CFB646-SegmentedRaftLogWorker: created new log segment /workdir/hadoop-ozone/tools/target/test-dir/MiniOzoneClusterImpl-17d7739a-f662-4c88-9e51-3c637963011a/datanode-0/data/ratis/965d01e1-f7df-45cf-9e74-56bf66cfb646/current/log_inprogress_0
2019-11-01 01:26:09,667 [cb510fb7-fc87-4880-9dcd-5d4a84db871b@group-463ABB98F6A5-SegmentedRaftLogWorker] INFO  segmented.SegmentedRaftLogWorker (SegmentedRaftLogWorker.java:execute(576)) - cb510fb7-fc87-4880-9dcd-5d4a84db871b@group-463ABB98F6A5-SegmentedRaftLogWorker: created new log segment /workdir/hadoop-ozone/tools/target/test-dir/MiniOzoneClusterImpl-17d7739a-f662-4c88-9e51-3c637963011a/datanode-1/data/ratis/28516bc7-86e1-40eb-b184-463abb98f6a5/current/log_inprogress_0
2019-11-01 01:26:09,667 [grpc-default-executor-3] INFO  impl.RaftServerImpl (ServerState.java:setLeader(255)) - 32db78ba-36ff-4254-bf6e-67e7bcfc9e39@group-25B27BB5DF37: change Leader from null to cb510fb7-fc87-4880-9dcd-5d4a84db871b at term 1 for appendEntries, leader elected after 5312ms
2019-11-01 01:26:09,670 [grpc-default-executor-7] INFO  impl.RaftServerImpl (ServerState.java:setLeader(255)) - 40b7f987-8e06-4ef9-abdc-8715eb833c11@group-25B27BB5DF37: change Leader from null to cb510fb7-fc87-4880-9dcd-5d4a84db871b at term 1 for appendEntries, leader elected after 5263ms
2019-11-01 01:26:09,668 [32db78ba-36ff-4254-bf6e-67e7bcfc9e39@group-920D79ED139C-LeaderElection17] INFO  impl.RaftServerImpl (ServerState.java:setRaftConf(356)) - 32db78ba-36ff-4254-bf6e-67e7bcfc9e39@group-920D79ED139C: set configuration 0: [40b7f987-8e06-4ef9-abdc-8715eb833c11:192.168.69.91:34918, 32db78ba-36ff-4254-bf6e-67e7bcfc9e39:192.168.69.91:37505, cb510fb7-fc87-4880-9dcd-5d4a84db871b:192.168.69.91:33685], old=null at 0
2019-11-01 01:26:09,674 [grpc-default-executor-4] INFO  impl.RaftServerImpl (ServerState.java:setLeader(255)) - 40b7f987-8e06-4ef9-abdc-8715eb833c11@group-920D79ED139C: change Leader from null to 32db78ba-36ff-4254-bf6e-67e7bcfc9e39 at term 1 for appendEntries, leader elected after 5417ms
2019-11-01 01:26:09,677 [grpc-default-executor-3] INFO  impl.RaftServerImpl (ServerState.java:setLeader(255)) - cb510fb7-fc87-4880-9dcd-5d4a84db871b@group-920D79ED139C: change Leader from null to 32db78ba-36ff-4254-bf6e-67e7bcfc9e39 at term 1 for appendEntries, leader elected after 5480ms
2019-11-01 01:26:09,677 [grpc-default-executor-7] INFO  impl.RaftServerImpl (ServerState.java:setRaftConf(356)) - 40b7f987-8e06-4ef9-abdc-8715eb833c11@group-B4B47FFE905F: set configuration 0: [40b7f987-8e06-4ef9-abdc-8715eb833c11:192.168.69.91:34918, 32db78ba-36ff-4254-bf6e-67e7bcfc9e39:192.168.69.91:37505, cb510fb7-fc87-4880-9dcd-5d4a84db871b:192.168.69.91:33685], old=null at 0
2019-11-01 01:26:09,677 [grpc-default-executor-7] INFO  segmented.SegmentedRaftLogWorker (SegmentedRaftLogWorker.java:startLogSegment(385)) - 40b7f987-8e06-4ef9-abdc-8715eb833c11@group-B4B47FFE905F-SegmentedRaftLogWorker: Starting segment from index:0
2019-11-01 01:26:09,678 [32db78ba-36ff-4254-bf6e-67e7bcfc9e39@group-1D993DC43990-LeaderElection20] INFO  impl.LeaderElection (LeaderElection.java:logAndReturn(56)) - 32db78ba-36ff-4254-bf6e-67e7bcfc9e39@group-1D993DC43990-LeaderElection20: Election REJECTED; received 2 response(s) [32db78ba-36ff-4254-bf6e-67e7bcfc9e39<-40b7f987-8e06-4ef9-abdc-8715eb833c11#0:FAIL-t1, 32db78ba-36ff-4254-bf6e-67e7bcfc9e39<-cb510fb7-fc87-4880-9dcd-5d4a84db871b#0:FAIL-t1] and 0 exception(s); 32db78ba-36ff-4254-bf6e-67e7bcfc9e39@group-1D993DC43990:t1, leader=null, voted=32db78ba-36ff-4254-bf6e-67e7bcfc9e39, raftlog=32db78ba-36ff-4254-bf6e-67e7bcfc9e39@group-1D993DC43990-SegmentedRaftLog:OPENED:c-1,f-1,i0, conf=-1: [40b7f987-8e06-4ef9-abdc-8715eb833c11:192.168.69.91:34918, 32db78ba-36ff-4254-bf6e-67e7bcfc9e39:192.168.69.91:37505, cb510fb7-fc87-4880-9dcd-5d4a84db871b:192.168.69.91:33685], old=null
2019-11-01 01:26:09,678 [32db78ba-36ff-4254-bf6e-67e7bcfc9e39@group-1D993DC43990-LeaderElection20] INFO  impl.RaftServerImpl (RaftServerImpl.java:setRole(173)) - 32db78ba-36ff-4254-bf6e-67e7bcfc9e39@group-1D993DC43990: changes role from CANDIDATE to FOLLOWER at term 1 for DISCOVERED_A_NEW_TERM
2019-11-01 01:26:09,678 [32db78ba-36ff-4254-bf6e-67e7bcfc9e39@group-1D993DC43990-LeaderElection20] INFO  impl.RoleInfo (RoleInfo.java:shutdownLeaderElection(134)) - 32db78ba-36ff-4254-bf6e-67e7bcfc9e39: shutdown LeaderElection
2019-11-01 01:26:09,678 [32db78ba-36ff-4254-bf6e-67e7bcfc9e39@group-1D993DC43990-LeaderElection20] INFO  impl.RoleInfo (RoleInfo.java:updateAndGet(143)) - 32db78ba-36ff-4254-bf6e-67e7bcfc9e39: start FollowerState
2019-11-01 01:26:09,703 [32db78ba-36ff-4254-bf6e-67e7bcfc9e39@group-920D79ED139C-SegmentedRaftLogWorker] INFO  segmented.SegmentedRaftLogWorker (SegmentedRaftLogWorker.java:execute(576)) - 32db78ba-36ff-4254-bf6e-67e7bcfc9e39@group-920D79ED139C-SegmentedRaftLogWorker: created new log segment /workdir/hadoop-ozone/tools/target/test-dir/MiniOzoneClusterImpl-17d7739a-f662-4c88-9e51-3c637963011a/datanode-4/data/ratis/9cfb4a4d-8fe6-4290-aa04-920d79ed139c/current/log_inprogress_0
2019-11-01 01:26:09,703 [grpc-default-executor-3] INFO  impl.RaftServerImpl (ServerState.java:setRaftConf(356)) - 40b7f987-8e06-4ef9-abdc-8715eb833c11@group-920D79ED139C: set configuration 0: [40b7f987-8e06-4ef9-abdc-8715eb833c11:192.168.69.91:34918, 32db78ba-36ff-4254-bf6e-67e7bcfc9e39:192.168.69.91:37505, cb510fb7-fc87-4880-9dcd-5d4a84db871b:192.168.69.91:33685], old=null at 0
2019-11-01 01:26:09,704 [grpc-default-executor-7] INFO  impl.RaftServerImpl (ServerState.java:setRaftConf(356)) - cb510fb7-fc87-4880-9dcd-5d4a84db871b@group-B4B47FFE905F: set configuration 0: [40b7f987-8e06-4ef9-abdc-8715eb833c11:192.168.69.91:34918, 32db78ba-36ff-4254-bf6e-67e7bcfc9e39:192.168.69.91:37505, cb510fb7-fc87-4880-9dcd-5d4a84db871b:192.168.69.91:33685], old=null at 0
2019-11-01 01:26:09,706 [40b7f987-8e06-4ef9-abdc-8715eb833c11@group-1D993DC43990-LeaderElection21] INFO  impl.LeaderElection (LeaderElection.java:logAndReturn(56)) - 40b7f987-8e06-4ef9-abdc-8715eb833c11@group-1D993DC43990-LeaderElection21: Election REJECTED; received 2 response(s) [40b7f987-8e06-4ef9-abdc-8715eb833c11<-32db78ba-36ff-4254-bf6e-67e7bcfc9e39#0:FAIL-t1, 40b7f987-8e06-4ef9-abdc-8715eb833c11<-cb510fb7-fc87-4880-9dcd-5d4a84db871b#0:FAIL-t1] and 0 exception(s); 40b7f987-8e06-4ef9-abdc-8715eb833c11@group-1D993DC43990:t1, leader=null, voted=40b7f987-8e06-4ef9-abdc-8715eb833c11, raftlog=40b7f987-8e06-4ef9-abdc-8715eb833c11@group-1D993DC43990-SegmentedRaftLog:OPENED:c-1,f-1,i0, conf=-1: [40b7f987-8e06-4ef9-abdc-8715eb833c11:192.168.69.91:34918, 32db78ba-36ff-4254-bf6e-67e7bcfc9e39:192.168.69.91:37505, cb510fb7-fc87-4880-9dcd-5d4a84db871b:192.168.69.91:33685], old=null
2019-11-01 01:26:09,706 [grpc-default-executor-7] INFO  segmented.SegmentedRaftLogWorker (SegmentedRaftLogWorker.java:startLogSegment(385)) - cb510fb7-fc87-4880-9dcd-5d4a84db871b@group-B4B47FFE905F-SegmentedRaftLogWorker: Starting segment from index:0
2019-11-01 01:26:09,706 [grpc-default-executor-1] INFO  impl.RaftServerImpl (ServerState.java:setRaftConf(356)) - cb510fb7-fc87-4880-9dcd-5d4a84db871b@group-920D79ED139C: set configuration 0: [40b7f987-8e06-4ef9-abdc-8715eb833c11:192.168.69.91:34918, 32db78ba-36ff-4254-bf6e-67e7bcfc9e39:192.168.69.91:37505, cb510fb7-fc87-4880-9dcd-5d4a84db871b:192.168.69.91:33685], old=null at 0
2019-11-01 01:26:09,706 [grpc-default-executor-5] INFO  impl.RaftServerImpl (ServerState.java:setRaftConf(356)) - 40b7f987-8e06-4ef9-abdc-8715eb833c11@group-25B27BB5DF37: set configuration 0: [40b7f987-8e06-4ef9-abdc-8715eb833c11:192.168.69.91:34918, 32db78ba-36ff-4254-bf6e-67e7bcfc9e39:192.168.69.91:37505, cb510fb7-fc87-4880-9dcd-5d4a84db871b:192.168.69.91:33685], old=null at 0
2019-11-01 01:26:09,711 [40b7f987-8e06-4ef9-abdc-8715eb833c11@group-B4B47FFE905F-SegmentedRaftLogWorker] INFO  segmented.SegmentedRaftLogWorker (SegmentedRaftLogWorker.java:execute(576)) - 40b7f987-8e06-4ef9-abdc-8715eb833c11@group-B4B47FFE905F-SegmentedRaftLogWorker: created new log segment /workdir/hadoop-ozone/tools/target/test-dir/MiniOzoneClusterImpl-17d7739a-f662-4c88-9e51-3c637963011a/datanode-0/data/ratis/0087816a-c625-4d1a-8939-b4b47ffe905f/current/log_inprogress_0
2019-11-01 01:26:09,712 [grpc-default-executor-5] INFO  segmented.SegmentedRaftLogWorker (SegmentedRaftLogWorker.java:startLogSegment(385)) - 40b7f987-8e06-4ef9-abdc-8715eb833c11@group-25B27BB5DF37-SegmentedRaftLogWorker: Starting segment from index:0
2019-11-01 01:26:09,704 [grpc-default-executor-0] INFO  impl.RaftServerImpl (ServerState.java:setRaftConf(356)) - 32db78ba-36ff-4254-bf6e-67e7bcfc9e39@group-25B27BB5DF37: set configuration 0: [40b7f987-8e06-4ef9-abdc-8715eb833c11:192.168.69.91:34918, 32db78ba-36ff-4254-bf6e-67e7bcfc9e39:192.168.69.91:37505, cb510fb7-fc87-4880-9dcd-5d4a84db871b:192.168.69.91:33685], old=null at 0
2019-11-01 01:26:09,704 [grpc-default-executor-3] INFO  segmented.SegmentedRaftLogWorker (SegmentedRaftLogWorker.java:startLogSegment(385)) - 40b7f987-8e06-4ef9-abdc-8715eb833c11@group-920D79ED139C-SegmentedRaftLogWorker: Starting segment from index:0
2019-11-01 01:26:09,704 [cb510fb7-fc87-4880-9dcd-5d4a84db871b@group-1D993DC43990-LeaderElection22] INFO  impl.LeaderElection (LeaderElection.java:logAndReturn(56)) - cb510fb7-fc87-4880-9dcd-5d4a84db871b@group-1D993DC43990-LeaderElection22: Election REJECTED; received 2 response(s) [cb510fb7-fc87-4880-9dcd-5d4a84db871b<-40b7f987-8e06-4ef9-abdc-8715eb833c11#0:FAIL-t1, cb510fb7-fc87-4880-9dcd-5d4a84db871b<-32db78ba-36ff-4254-bf6e-67e7bcfc9e39#0:FAIL-t1] and 0 exception(s); cb510fb7-fc87-4880-9dcd-5d4a84db871b@group-1D993DC43990:t1, leader=null, voted=cb510fb7-fc87-4880-9dcd-5d4a84db871b, raftlog=cb510fb7-fc87-4880-9dcd-5d4a84db871b@group-1D993DC43990-SegmentedRaftLog:OPENED:c-1,f-1,i0, conf=-1: [40b7f987-8e06-4ef9-abdc-8715eb833c11:192.168.69.91:34918, 32db78ba-36ff-4254-bf6e-67e7bcfc9e39:192.168.69.91:37505, cb510fb7-fc87-4880-9dcd-5d4a84db871b:192.168.69.91:33685], old=null
2019-11-01 01:26:09,737 [grpc-default-executor-0] INFO  segmented.SegmentedRaftLogWorker (SegmentedRaftLogWorker.java:startLogSegment(385)) - 32db78ba-36ff-4254-bf6e-67e7bcfc9e39@group-25B27BB5DF37-SegmentedRaftLogWorker: Starting segment from index:0
2019-11-01 01:26:09,737 [cb510fb7-fc87-4880-9dcd-5d4a84db871b@group-1D993DC43990-LeaderElection22] INFO  impl.RaftServerImpl (RaftServerImpl.java:setRole(173)) - cb510fb7-fc87-4880-9dcd-5d4a84db871b@group-1D993DC43990: changes role from CANDIDATE to FOLLOWER at term 1 for DISCOVERED_A_NEW_TERM
2019-11-01 01:26:09,767 [cb510fb7-fc87-4880-9dcd-5d4a84db871b@group-1D993DC43990-LeaderElection22] INFO  impl.RoleInfo (RoleInfo.java:shutdownLeaderElection(134)) - cb510fb7-fc87-4880-9dcd-5d4a84db871b: shutdown LeaderElection
2019-11-01 01:26:09,712 [grpc-default-executor-1] INFO  segmented.SegmentedRaftLogWorker (SegmentedRaftLogWorker.java:startLogSegment(385)) - cb510fb7-fc87-4880-9dcd-5d4a84db871b@group-920D79ED139C-SegmentedRaftLogWorker: Starting segment from index:0
2019-11-01 01:26:09,706 [40b7f987-8e06-4ef9-abdc-8715eb833c11@group-1D993DC43990-LeaderElection21] INFO  impl.RaftServerImpl (RaftServerImpl.java:setRole(173)) - 40b7f987-8e06-4ef9-abdc-8715eb833c11@group-1D993DC43990: changes role from CANDIDATE to FOLLOWER at term 1 for DISCOVERED_A_NEW_TERM
2019-11-01 01:26:09,768 [cb510fb7-fc87-4880-9dcd-5d4a84db871b@group-1D993DC43990-LeaderElection22] INFO  impl.RoleInfo (RoleInfo.java:updateAndGet(143)) - cb510fb7-fc87-4880-9dcd-5d4a84db871b: start FollowerState
2019-11-01 01:26:09,767 [cb510fb7-fc87-4880-9dcd-5d4a84db871b@group-B4B47FFE905F-SegmentedRaftLogWorker] INFO  segmented.SegmentedRaftLogWorker (SegmentedRaftLogWorker.java:execute(576)) - cb510fb7-fc87-4880-9dcd-5d4a84db871b@group-B4B47FFE905F-SegmentedRaftLogWorker: created new log segment /workdir/hadoop-ozone/tools/target/test-dir/MiniOzoneClusterImpl-17d7739a-f662-4c88-9e51-3c637963011a/datanode-1/data/ratis/0087816a-c625-4d1a-8939-b4b47ffe905f/current/log_inprogress_0
2019-11-01 01:26:09,768 [40b7f987-8e06-4ef9-abdc-8715eb833c11@group-1D993DC43990-LeaderElection21] INFO  impl.RoleInfo (RoleInfo.java:shutdownLeaderElection(134)) - 40b7f987-8e06-4ef9-abdc-8715eb833c11: shutdown LeaderElection
2019-11-01 01:26:09,769 [40b7f987-8e06-4ef9-abdc-8715eb833c11@group-1D993DC43990-LeaderElection21] INFO  impl.RoleInfo (RoleInfo.java:updateAndGet(143)) - 40b7f987-8e06-4ef9-abdc-8715eb833c11: start FollowerState
2019-11-01 01:26:09,771 [40b7f987-8e06-4ef9-abdc-8715eb833c11@group-25B27BB5DF37-SegmentedRaftLogWorker] INFO  segmented.SegmentedRaftLogWorker (SegmentedRaftLogWorker.java:execute(576)) - 40b7f987-8e06-4ef9-abdc-8715eb833c11@group-25B27BB5DF37-SegmentedRaftLogWorker: created new log segment /workdir/hadoop-ozone/tools/target/test-dir/MiniOzoneClusterImpl-17d7739a-f662-4c88-9e51-3c637963011a/datanode-0/data/ratis/7c2ebd5f-b213-48bd-92e2-25b27bb5df37/current/log_inprogress_0
2019-11-01 01:26:09,836 [32db78ba-36ff-4254-bf6e-67e7bcfc9e39@group-25B27BB5DF37-SegmentedRaftLogWorker] INFO  segmented.SegmentedRaftLogWorker (SegmentedRaftLogWorker.java:execute(576)) - 32db78ba-36ff-4254-bf6e-67e7bcfc9e39@group-25B27BB5DF37-SegmentedRaftLogWorker: created new log segment /workdir/hadoop-ozone/tools/target/test-dir/MiniOzoneClusterImpl-17d7739a-f662-4c88-9e51-3c637963011a/datanode-4/data/ratis/7c2ebd5f-b213-48bd-92e2-25b27bb5df37/current/log_inprogress_0
2019-11-01 01:26:09,836 [40b7f987-8e06-4ef9-abdc-8715eb833c11@group-920D79ED139C-SegmentedRaftLogWorker] INFO  segmented.SegmentedRaftLogWorker (SegmentedRaftLogWorker.java:execute(576)) - 40b7f987-8e06-4ef9-abdc-8715eb833c11@group-920D79ED139C-SegmentedRaftLogWorker: created new log segment /workdir/hadoop-ozone/tools/target/test-dir/MiniOzoneClusterImpl-17d7739a-f662-4c88-9e51-3c637963011a/datanode-0/data/ratis/9cfb4a4d-8fe6-4290-aa04-920d79ed139c/current/log_inprogress_0
2019-11-01 01:26:09,836 [cb510fb7-fc87-4880-9dcd-5d4a84db871b@group-920D79ED139C-SegmentedRaftLogWorker] INFO  segmented.SegmentedRaftLogWorker (SegmentedRaftLogWorker.java:execute(576)) - cb510fb7-fc87-4880-9dcd-5d4a84db871b@group-920D79ED139C-SegmentedRaftLogWorker: created new log segment /workdir/hadoop-ozone/tools/target/test-dir/MiniOzoneClusterImpl-17d7739a-f662-4c88-9e51-3c637963011a/datanode-1/data/ratis/9cfb4a4d-8fe6-4290-aa04-920d79ed139c/current/log_inprogress_0
 0.00% |?                                                                                                    |  0/100 Time: 0:00:38 0.00% |?                                                                                                    |  0/100 Time: 0:00:39 0.00% |?                                                                                                    |  0/100 Time: 0:00:40 0.00% |?                                                                                                    |  0/100 Time: 0:00:41 0.00% |?                                                                                                    |  0/100 Time: 0:00:422019-11-01 01:26:14,693 [Thread-466] INFO  impl.FollowerState (FollowerState.java:run(111)) - 32db78ba-36ff-4254-bf6e-67e7bcfc9e39@group-1D993DC43990-FollowerState: change to CANDIDATE, lastRpcTime:5014ms, electionTimeout:5014ms
2019-11-01 01:26:14,693 [Thread-466] INFO  impl.RoleInfo (RoleInfo.java:shutdownFollowerState(121)) - 32db78ba-36ff-4254-bf6e-67e7bcfc9e39: shutdown FollowerState
2019-11-01 01:26:14,693 [Thread-466] INFO  impl.RaftServerImpl (RaftServerImpl.java:setRole(173)) - 32db78ba-36ff-4254-bf6e-67e7bcfc9e39@group-1D993DC43990: changes role from  FOLLOWER to CANDIDATE at term 1 for changeToCandidate
2019-11-01 01:26:14,694 [Thread-466] INFO  impl.RoleInfo (RoleInfo.java:updateAndGet(143)) - 32db78ba-36ff-4254-bf6e-67e7bcfc9e39: start LeaderElection
2019-11-01 01:26:14,699 [32db78ba-36ff-4254-bf6e-67e7bcfc9e39@group-1D993DC43990-LeaderElection23] INFO  impl.LeaderElection (LeaderElection.java:askForVotes(178)) - 32db78ba-36ff-4254-bf6e-67e7bcfc9e39@group-1D993DC43990-LeaderElection23: begin an election at term 2 for -1: [40b7f987-8e06-4ef9-abdc-8715eb833c11:192.168.69.91:34918, 32db78ba-36ff-4254-bf6e-67e7bcfc9e39:192.168.69.91:37505, cb510fb7-fc87-4880-9dcd-5d4a84db871b:192.168.69.91:33685], old=null
2019-11-01 01:26:14,702 [grpc-default-executor-1] INFO  impl.RaftServerImpl (RaftServerImpl.java:setRole(173)) - 40b7f987-8e06-4ef9-abdc-8715eb833c11@group-1D993DC43990: changes role from  FOLLOWER to FOLLOWER at term 2 for recognizeCandidate:32db78ba-36ff-4254-bf6e-67e7bcfc9e39
2019-11-01 01:26:14,702 [grpc-default-executor-0] INFO  impl.RaftServerImpl (RaftServerImpl.java:setRole(173)) - cb510fb7-fc87-4880-9dcd-5d4a84db871b@group-1D993DC43990: changes role from  FOLLOWER to FOLLOWER at term 2 for recognizeCandidate:32db78ba-36ff-4254-bf6e-67e7bcfc9e39
2019-11-01 01:26:14,702 [grpc-default-executor-1] INFO  impl.RoleInfo (RoleInfo.java:shutdownFollowerState(121)) - 40b7f987-8e06-4ef9-abdc-8715eb833c11: shutdown FollowerState
2019-11-01 01:26:14,703 [grpc-default-executor-0] INFO  impl.RoleInfo (RoleInfo.java:shutdownFollowerState(121)) - cb510fb7-fc87-4880-9dcd-5d4a84db871b: shutdown FollowerState
2019-11-01 01:26:14,703 [Thread-474] INFO  impl.FollowerState (FollowerState.java:run(120)) - 40b7f987-8e06-4ef9-abdc-8715eb833c11@group-1D993DC43990-FollowerState was interrupted: java.lang.InterruptedException: sleep interrupted
2019-11-01 01:26:14,703 [grpc-default-executor-1] INFO  impl.RoleInfo (RoleInfo.java:updateAndGet(143)) - 40b7f987-8e06-4ef9-abdc-8715eb833c11: start FollowerState
2019-11-01 01:26:14,705 [grpc-default-executor-0] INFO  impl.RoleInfo (RoleInfo.java:updateAndGet(143)) - cb510fb7-fc87-4880-9dcd-5d4a84db871b: start FollowerState
2019-11-01 01:26:14,704 [Thread-473] INFO  impl.FollowerState (FollowerState.java:run(120)) - cb510fb7-fc87-4880-9dcd-5d4a84db871b@group-1D993DC43990-FollowerState was interrupted: java.lang.InterruptedException: sleep interrupted
2019-11-01 01:26:14,741 [32db78ba-36ff-4254-bf6e-67e7bcfc9e39@group-1D993DC43990-LeaderElection23] INFO  impl.LeaderElection (LeaderElection.java:logAndReturn(56)) - 32db78ba-36ff-4254-bf6e-67e7bcfc9e39@group-1D993DC43990-LeaderElection23: Election PASSED; received 1 response(s) [32db78ba-36ff-4254-bf6e-67e7bcfc9e39<-40b7f987-8e06-4ef9-abdc-8715eb833c11#0:OK-t2] and 0 exception(s); 32db78ba-36ff-4254-bf6e-67e7bcfc9e39@group-1D993DC43990:t2, leader=null, voted=32db78ba-36ff-4254-bf6e-67e7bcfc9e39, raftlog=32db78ba-36ff-4254-bf6e-67e7bcfc9e39@group-1D993DC43990-SegmentedRaftLog:OPENED:c-1,f-1,i0, conf=-1: [40b7f987-8e06-4ef9-abdc-8715eb833c11:192.168.69.91:34918, 32db78ba-36ff-4254-bf6e-67e7bcfc9e39:192.168.69.91:37505, cb510fb7-fc87-4880-9dcd-5d4a84db871b:192.168.69.91:33685], old=null
2019-11-01 01:26:14,741 [32db78ba-36ff-4254-bf6e-67e7bcfc9e39@group-1D993DC43990-LeaderElection23] INFO  impl.RoleInfo (RoleInfo.java:shutdownLeaderElection(134)) - 32db78ba-36ff-4254-bf6e-67e7bcfc9e39: shutdown LeaderElection
2019-11-01 01:26:14,741 [32db78ba-36ff-4254-bf6e-67e7bcfc9e39@group-1D993DC43990-LeaderElection23] INFO  impl.RaftServerImpl (RaftServerImpl.java:setRole(173)) - 32db78ba-36ff-4254-bf6e-67e7bcfc9e39@group-1D993DC43990: changes role from CANDIDATE to LEADER at term 2 for changeToLeader
2019-11-01 01:26:14,741 [32db78ba-36ff-4254-bf6e-67e7bcfc9e39@group-1D993DC43990-LeaderElection23] INFO  impl.RaftServerImpl (ServerState.java:setLeader(255)) - 32db78ba-36ff-4254-bf6e-67e7bcfc9e39@group-1D993DC43990: change Leader from null to 32db78ba-36ff-4254-bf6e-67e7bcfc9e39 at term 2 for becomeLeader, leader elected after 10335ms
2019-11-01 01:26:14,741 [32db78ba-36ff-4254-bf6e-67e7bcfc9e39@group-1D993DC43990-LeaderElection23] INFO  server.RaftServerConfigKeys (ConfUtils.java:logGet(43)) - raft.server.staging.catchup.gap = 1000 (default)
2019-11-01 01:26:14,742 [32db78ba-36ff-4254-bf6e-67e7bcfc9e39@group-1D993DC43990-LeaderElection23] INFO  server.RaftServerConfigKeys (ConfUtils.java:logGet(43)) - raft.server.rpc.sleep.time = 25ms (default)
2019-11-01 01:26:14,742 [32db78ba-36ff-4254-bf6e-67e7bcfc9e39@group-1D993DC43990-LeaderElection23] INFO  server.RaftServerConfigKeys (ConfUtils.java:logGet(43)) - raft.server.write.element-limit = 4096 (default)
2019-11-01 01:26:14,742 [32db78ba-36ff-4254-bf6e-67e7bcfc9e39@group-1D993DC43990-LeaderElection23] INFO  server.RaftServerConfigKeys (ConfUtils.java:logGet(43)) - raft.server.watch.timeout = 10s (default)
2019-11-01 01:26:14,742 [32db78ba-36ff-4254-bf6e-67e7bcfc9e39@group-1D993DC43990-LeaderElection23] INFO  server.RaftServerConfigKeys (ConfUtils.java:logGet(43)) - raft.server.watch.timeout.denomination = 1s (default)
2019-11-01 01:26:14,742 [32db78ba-36ff-4254-bf6e-67e7bcfc9e39@group-1D993DC43990-LeaderElection23] INFO  server.RaftServerConfigKeys (ConfUtils.java:logGet(43)) - raft.server.watch.element-limit = 65536 (default)
2019-11-01 01:26:14,743 [32db78ba-36ff-4254-bf6e-67e7bcfc9e39@group-1D993DC43990-LeaderElection23] INFO  server.RaftServerConfigKeys (ConfUtils.java:logGet(43)) - raft.server.log.appender.snapshot.chunk.size.max = 16MB (=16777216) (default)
2019-11-01 01:26:14,743 [32db78ba-36ff-4254-bf6e-67e7bcfc9e39@group-1D993DC43990-LeaderElection23] INFO  server.RaftServerConfigKeys (ConfUtils.java:logGet(43)) - raft.server.log.appender.buffer.byte-limit = 33554432 (custom)
2019-11-01 01:26:14,743 [32db78ba-36ff-4254-bf6e-67e7bcfc9e39@group-1D993DC43990-LeaderElection23] INFO  server.RaftServerConfigKeys (ConfUtils.java:logGet(43)) - raft.server.log.appender.buffer.element-limit = 1 (custom)
2019-11-01 01:26:14,744 [32db78ba-36ff-4254-bf6e-67e7bcfc9e39@group-1D993DC43990-LeaderElection23] INFO  grpc.GrpcConfigKeys$Server (ConfUtils.java:logGet(43)) - raft.grpc.server.leader.outstanding.appends.max = 128 (default)
2019-11-01 01:26:14,744 [32db78ba-36ff-4254-bf6e-67e7bcfc9e39@group-1D993DC43990-LeaderElection23] INFO  server.RaftServerConfigKeys (ConfUtils.java:logGet(43)) - raft.server.rpc.request.timeout = 3000ms (default)
2019-11-01 01:26:14,744 [32db78ba-36ff-4254-bf6e-67e7bcfc9e39@group-1D993DC43990-LeaderElection23] INFO  server.RaftServerConfigKeys (ConfUtils.java:logGet(43)) - raft.server.log.appender.install.snapshot.enabled = false (custom)
2019-11-01 01:26:14,744 [32db78ba-36ff-4254-bf6e-67e7bcfc9e39@group-1D993DC43990-LeaderElection23] WARN  impl.MetricRegistriesImpl (MetricRegistriesImpl.java:lambda$create$1(61)) - First MetricRegistry has been created without registering reporters. You may need to call MetricRegistries.global().addReportRegistration(...) before.
2019-11-01 01:26:14,745 [32db78ba-36ff-4254-bf6e-67e7bcfc9e39@group-1D993DC43990-LeaderElection23] INFO  server.RaftServerConfigKeys (ConfUtils.java:logGet(43)) - raft.server.log.appender.snapshot.chunk.size.max = 16MB (=16777216) (default)
2019-11-01 01:26:14,745 [32db78ba-36ff-4254-bf6e-67e7bcfc9e39@group-1D993DC43990-LeaderElection23] INFO  server.RaftServerConfigKeys (ConfUtils.java:logGet(43)) - raft.server.log.appender.buffer.byte-limit = 33554432 (custom)
2019-11-01 01:26:14,745 [32db78ba-36ff-4254-bf6e-67e7bcfc9e39@group-1D993DC43990-LeaderElection23] INFO  server.RaftServerConfigKeys (ConfUtils.java:logGet(43)) - raft.server.log.appender.buffer.element-limit = 1 (custom)
2019-11-01 01:26:14,745 [32db78ba-36ff-4254-bf6e-67e7bcfc9e39@group-1D993DC43990-LeaderElection23] INFO  grpc.GrpcConfigKeys$Server (ConfUtils.java:logGet(43)) - raft.grpc.server.leader.outstanding.appends.max = 128 (default)
2019-11-01 01:26:14,745 [32db78ba-36ff-4254-bf6e-67e7bcfc9e39@group-1D993DC43990-LeaderElection23] INFO  server.RaftServerConfigKeys (ConfUtils.java:logGet(43)) - raft.server.rpc.request.timeout = 3000ms (default)
2019-11-01 01:26:14,745 [32db78ba-36ff-4254-bf6e-67e7bcfc9e39@group-1D993DC43990-LeaderElection23] INFO  server.RaftServerConfigKeys (ConfUtils.java:logGet(43)) - raft.server.log.appender.install.snapshot.enabled = false (custom)
2019-11-01 01:26:14,746 [32db78ba-36ff-4254-bf6e-67e7bcfc9e39@group-1D993DC43990-LeaderElection23] INFO  impl.RoleInfo (RoleInfo.java:updateAndGet(143)) - 32db78ba-36ff-4254-bf6e-67e7bcfc9e39: start LeaderState
2019-11-01 01:26:14,746 [32db78ba-36ff-4254-bf6e-67e7bcfc9e39@group-1D993DC43990-LeaderElection23] INFO  segmented.SegmentedRaftLogWorker (SegmentedRaftLogWorker.java:startLogSegment(385)) - 32db78ba-36ff-4254-bf6e-67e7bcfc9e39@group-1D993DC43990-SegmentedRaftLogWorker: Starting segment from index:0
2019-11-01 01:26:14,747 [32db78ba-36ff-4254-bf6e-67e7bcfc9e39@group-1D993DC43990-LeaderElection23] INFO  impl.RaftServerImpl (ServerState.java:setRaftConf(356)) - 32db78ba-36ff-4254-bf6e-67e7bcfc9e39@group-1D993DC43990: set configuration 0: [40b7f987-8e06-4ef9-abdc-8715eb833c11:192.168.69.91:34918, 32db78ba-36ff-4254-bf6e-67e7bcfc9e39:192.168.69.91:37505, cb510fb7-fc87-4880-9dcd-5d4a84db871b:192.168.69.91:33685], old=null at 0
2019-11-01 01:26:14,776 [grpc-default-executor-3] INFO  impl.RaftServerImpl (ServerState.java:setLeader(255)) - cb510fb7-fc87-4880-9dcd-5d4a84db871b@group-1D993DC43990: change Leader from null to 32db78ba-36ff-4254-bf6e-67e7bcfc9e39 at term 2 for appendEntries, leader elected after 10370ms
2019-11-01 01:26:14,778 [grpc-default-executor-0] INFO  impl.RaftServerImpl (ServerState.java:setLeader(255)) - 40b7f987-8e06-4ef9-abdc-8715eb833c11@group-1D993DC43990: change Leader from null to 32db78ba-36ff-4254-bf6e-67e7bcfc9e39 at term 2 for appendEntries, leader elected after 10317ms
2019-11-01 01:26:14,782 [grpc-default-executor-3] INFO  impl.RaftServerImpl (ServerState.java:setRaftConf(356)) - cb510fb7-fc87-4880-9dcd-5d4a84db871b@group-1D993DC43990: set configuration 0: [40b7f987-8e06-4ef9-abdc-8715eb833c11:192.168.69.91:34918, 32db78ba-36ff-4254-bf6e-67e7bcfc9e39:192.168.69.91:37505, cb510fb7-fc87-4880-9dcd-5d4a84db871b:192.168.69.91:33685], old=null at 0
2019-11-01 01:26:14,782 [grpc-default-executor-0] INFO  impl.RaftServerImpl (ServerState.java:setRaftConf(356)) - 40b7f987-8e06-4ef9-abdc-8715eb833c11@group-1D993DC43990: set configuration 0: [40b7f987-8e06-4ef9-abdc-8715eb833c11:192.168.69.91:34918, 32db78ba-36ff-4254-bf6e-67e7bcfc9e39:192.168.69.91:37505, cb510fb7-fc87-4880-9dcd-5d4a84db871b:192.168.69.91:33685], old=null at 0
2019-11-01 01:26:14,782 [grpc-default-executor-3] INFO  segmented.SegmentedRaftLogWorker (SegmentedRaftLogWorker.java:startLogSegment(385)) - cb510fb7-fc87-4880-9dcd-5d4a84db871b@group-1D993DC43990-SegmentedRaftLogWorker: Starting segment from index:0
2019-11-01 01:26:14,783 [grpc-default-executor-0] INFO  segmented.SegmentedRaftLogWorker (SegmentedRaftLogWorker.java:startLogSegment(385)) - 40b7f987-8e06-4ef9-abdc-8715eb833c11@group-1D993DC43990-SegmentedRaftLogWorker: Starting segment from index:0
2019-11-01 01:26:14,792 [32db78ba-36ff-4254-bf6e-67e7bcfc9e39@group-1D993DC43990-SegmentedRaftLogWorker] INFO  segmented.SegmentedRaftLogWorker (SegmentedRaftLogWorker.java:execute(576)) - 32db78ba-36ff-4254-bf6e-67e7bcfc9e39@group-1D993DC43990-SegmentedRaftLogWorker: created new log segment /workdir/hadoop-ozone/tools/target/test-dir/MiniOzoneClusterImpl-17d7739a-f662-4c88-9e51-3c637963011a/datanode-4/data/ratis/d4b00838-5f8d-425a-97e2-1d993dc43990/current/log_inprogress_0
2019-11-01 01:26:14,829 [cb510fb7-fc87-4880-9dcd-5d4a84db871b@group-1D993DC43990-SegmentedRaftLogWorker] INFO  segmented.SegmentedRaftLogWorker (SegmentedRaftLogWorker.java:execute(576)) - cb510fb7-fc87-4880-9dcd-5d4a84db871b@group-1D993DC43990-SegmentedRaftLogWorker: created new log segment /workdir/hadoop-ozone/tools/target/test-dir/MiniOzoneClusterImpl-17d7739a-f662-4c88-9e51-3c637963011a/datanode-1/data/ratis/d4b00838-5f8d-425a-97e2-1d993dc43990/current/log_inprogress_0
2019-11-01 01:26:14,845 [40b7f987-8e06-4ef9-abdc-8715eb833c11@group-1D993DC43990-SegmentedRaftLogWorker] INFO  segmented.SegmentedRaftLogWorker (SegmentedRaftLogWorker.java:execute(576)) - 40b7f987-8e06-4ef9-abdc-8715eb833c11@group-1D993DC43990-SegmentedRaftLogWorker: created new log segment /workdir/hadoop-ozone/tools/target/test-dir/MiniOzoneClusterImpl-17d7739a-f662-4c88-9e51-3c637963011a/datanode-0/data/ratis/d4b00838-5f8d-425a-97e2-1d993dc43990/current/log_inprogress_0
 0.00% |?                                                                                                    |  0/100 Time: 0:00:43 22.00% |???????????????????????                                                                              |  22/100 Time: 0:00:44 62.00% |???????????????????????????????????????????????????????????????                                      |  62/100 Time: 0:00:45 100.00% |?????????????????????????????????????????????????????????????????????????????????????????????????????|  100/100 Time: 0:00:46
]]></system-out>
    <system-err><![CDATA[ERROR StatusLogger No Log4j 2 configuration file found. Using default configuration (logging only errors to the console), or user programmatically provided configurations. Set system property 'log4j2.debug' to show Log4j 2 internal initialization logging. See https://logging.apache.org/log4j/2.x/manual/configuration.html for instructions on how to configure Log4j 2
]]></system-err>
  </testcase>
  <testcase name="testThreadPoolSize" classname="org.apache.hadoop.ozone.freon.TestRandomKeyGenerator" time="5.031"/>
  <testcase name="defaultTest" classname="org.apache.hadoop.ozone.freon.TestRandomKeyGenerator" time="5.024"/>
  <testcase name="bigFileThan2GB" classname="org.apache.hadoop.ozone.freon.TestRandomKeyGenerator" time="145.509"/>
  <testcase name="fileWithSizeZero" classname="org.apache.hadoop.ozone.freon.TestRandomKeyGenerator" time="7.381"/>
  <testcase name="multiThread" classname="org.apache.hadoop.ozone.freon.TestRandomKeyGenerator" time="10.039"/>
</testsuite>