<?xml version="1.0" encoding="UTF-8"?>
<testsuite xmlns:xsi="http://www.w3.org/2001/XMLSchema-instance" xsi:noNamespaceSchemaLocation="https://maven.apache.org/surefire/maven-surefire-plugin/xsd/surefire-test-report.xsd" name="org.apache.hadoop.ozone.client.rpc.TestMultiBlockWritesWithDnFailures" time="101.668" tests="2" errors="1" skipped="0" failures="0">
  <properties>
    <property name="awt.toolkit" value="sun.awt.X11.XToolkit"/>
    <property name="file.encoding.pkg" value="sun.io"/>
    <property name="java.specification.version" value="1.8"/>
    <property name="sun.cpu.isalist" value=""/>
    <property name="sun.jnu.encoding" value="ANSI_X3.4-1968"/>
    <property name="java.class.path" value="/workdir/hadoop-ozone/integration-test/target/test-classes:/workdir/hadoop-ozone/integration-test/target/classes:/home/user/.m2/repository/org/apache/hadoop/hadoop-ozone-common/0.5.0-SNAPSHOT/hadoop-ozone-common-0.5.0-SNAPSHOT.jar:/home/user/.m2/repository/org/apache/commons/commons-compress/1.4.1/commons-compress-1.4.1.jar:/home/user/.m2/repository/org/tukaani/xz/1.0/xz-1.0.jar:/home/user/.m2/repository/org/apache/hadoop/hadoop-common/3.2.0/hadoop-common-3.2.0.jar:/home/user/.m2/repository/org/apache/hadoop/hadoop-hdfs/3.2.0/hadoop-hdfs-3.2.0.jar:/home/user/.m2/repository/org/apache/hadoop/hadoop-hdfs-client/3.2.0/hadoop-hdfs-client-3.2.0.jar:/home/user/.m2/repository/com/fasterxml/jackson/core/jackson-annotations/2.9.9/jackson-annotations-2.9.9.jar:/home/user/.m2/repository/org/apache/hadoop/hadoop-hdds-common/0.5.0-SNAPSHOT/hadoop-hdds-common-0.5.0-SNAPSHOT.jar:/home/user/.m2/repository/javax/annotation/javax.annotation-api/1.2/javax.annotation-api-1.2.jar:/home/user/.m2/repository/org/apache/ratis/ratis-server/0.5.0-d6d58d0-SNAPSHOT/ratis-server-0.5.0-d6d58d0-SNAPSHOT.jar:/home/user/.m2/repository/org/apache/ratis/ratis-thirdparty-misc/0.2.0/ratis-thirdparty-misc-0.2.0.jar:/home/user/.m2/repository/org/apache/ratis/ratis-proto/0.5.0-d6d58d0-SNAPSHOT/ratis-proto-0.5.0-d6d58d0-SNAPSHOT.jar:/home/user/.m2/repository/org/apache/ratis/ratis-common/0.5.0-d6d58d0-SNAPSHOT/ratis-common-0.5.0-d6d58d0-SNAPSHOT.jar:/home/user/.m2/repository/org/apache/ratis/ratis-client/0.5.0-d6d58d0-SNAPSHOT/ratis-client-0.5.0-d6d58d0-SNAPSHOT.jar:/home/user/.m2/repository/org/apache/ratis/ratis-metrics/0.5.0-d6d58d0-SNAPSHOT/ratis-metrics-0.5.0-d6d58d0-SNAPSHOT.jar:/home/user/.m2/repository/org/apache/ratis/ratis-netty/0.5.0-d6d58d0-SNAPSHOT/ratis-netty-0.5.0-d6d58d0-SNAPSHOT.jar:/home/user/.m2/repository/org/apache/ratis/ratis-grpc/0.5.0-d6d58d0-SNAPSHOT/ratis-grpc-0.5.0-d6d58d0-SNAPSHOT.jar:/home/user/.m2/repository/org/rocksdb/rocksdbjni/6.0.1/rocksdbjni-6.0.1.jar:/home/user/.m2/repository/org/apache/logging/log4j/log4j-api/2.11.0/log4j-api-2.11.0.jar:/home/user/.m2/repository/org/apache/logging/log4j/log4j-core/2.11.0/log4j-core-2.11.0.jar:/home/user/.m2/repository/com/lmax/disruptor/3.4.2/disruptor-3.4.2.jar:/home/user/.m2/repository/org/apache/commons/commons-pool2/2.6.0/commons-pool2-2.6.0.jar:/home/user/.m2/repository/org/bouncycastle/bcpkix-jdk15on/1.60/bcpkix-jdk15on-1.60.jar:/home/user/.m2/repository/commons-validator/commons-validator/1.6/commons-validator-1.6.jar:/home/user/.m2/repository/commons-digester/commons-digester/1.8.1/commons-digester-1.8.1.jar:/home/user/.m2/repository/io/jaegertracing/jaeger-client/0.34.0/jaeger-client-0.34.0.jar:/home/user/.m2/repository/io/jaegertracing/jaeger-thrift/0.34.0/jaeger-thrift-0.34.0.jar:/home/user/.m2/repository/org/apache/thrift/libthrift/0.12.0/libthrift-0.12.0.jar:/home/user/.m2/repository/com/squareup/okhttp3/okhttp/3.9.0/okhttp-3.9.0.jar:/home/user/.m2/repository/com/squareup/okio/okio/1.13.0/okio-1.13.0.jar:/home/user/.m2/repository/io/jaegertracing/jaeger-core/0.34.0/jaeger-core-0.34.0.jar:/home/user/.m2/repository/io/jaegertracing/jaeger-tracerresolver/0.34.0/jaeger-tracerresolver-0.34.0.jar:/home/user/.m2/repository/io/opentracing/contrib/opentracing-tracerresolver/0.1.5/opentracing-tracerresolver-0.1.5.jar:/home/user/.m2/repository/io/opentracing/opentracing-util/0.31.0/opentracing-util-0.31.0.jar:/home/user/.m2/repository/io/opentracing/opentracing-api/0.31.0/opentracing-api-0.31.0.jar:/home/user/.m2/repository/io/opentracing/opentracing-noop/0.31.0/opentracing-noop-0.31.0.jar:/home/user/.m2/repository/org/apache/hadoop/hadoop-hdds-server-framework/0.5.0-SNAPSHOT/hadoop-hdds-server-framework-0.5.0-SNAPSHOT.jar:/home/user/.m2/repository/org/apache/hadoop/hadoop-hdds-container-service/0.5.0-SNAPSHOT/hadoop-hdds-container-service-0.5.0-SNAPSHOT.jar:/home/user/.m2/repository/org/apache/hadoop/hadoop-hdds-client/0.5.0-SNAPSHOT/hadoop-hdds-client-0.5.0-SNAPSHOT.jar:/home/user/.m2/repository/org/apache/hadoop/hadoop-hdds-tools/0.5.0-SNAPSHOT/hadoop-hdds-tools-0.5.0-SNAPSHOT.jar:/home/user/.m2/repository/org/apache/hadoop/hadoop-hdds-server-scm/0.5.0-SNAPSHOT/hadoop-hdds-server-scm-0.5.0-SNAPSHOT.jar:/home/user/.m2/repository/org/apache/hadoop/hadoop-hdds-docs/0.5.0-SNAPSHOT/hadoop-hdds-docs-0.5.0-SNAPSHOT.jar:/home/user/.m2/repository/io/dropwizard/metrics/metrics-core/3.2.4/metrics-core-3.2.4.jar:/home/user/.m2/repository/org/hamcrest/hamcrest-all/1.3/hamcrest-all-1.3.jar:/home/user/.m2/repository/org/bouncycastle/bcprov-jdk15on/1.60/bcprov-jdk15on-1.60.jar:/home/user/.m2/repository/info/picocli/picocli/3.9.6/picocli-3.9.6.jar:/home/user/.m2/repository/com/google/protobuf/protobuf-java/2.5.0/protobuf-java-2.5.0.jar:/home/user/.m2/repository/com/google/guava/guava/11.0.2/guava-11.0.2.jar:/home/user/.m2/repository/org/apache/hadoop/hadoop-ozone-ozone-manager/0.5.0-SNAPSHOT/hadoop-ozone-ozone-manager-0.5.0-SNAPSHOT.jar:/home/user/.m2/repository/org/apache/hadoop/hadoop-minikdc/3.2.0/hadoop-minikdc-3.2.0.jar:/home/user/.m2/repository/commons-io/commons-io/2.5/commons-io-2.5.jar:/home/user/.m2/repository/org/apache/kerby/kerb-simplekdc/1.0.1/kerb-simplekdc-1.0.1.jar:/home/user/.m2/repository/org/apache/kerby/kerb-client/1.0.1/kerb-client-1.0.1.jar:/home/user/.m2/repository/org/apache/kerby/kerby-config/1.0.1/kerby-config-1.0.1.jar:/home/user/.m2/repository/org/apache/kerby/kerb-core/1.0.1/kerb-core-1.0.1.jar:/home/user/.m2/repository/org/apache/kerby/kerby-pkix/1.0.1/kerby-pkix-1.0.1.jar:/home/user/.m2/repository/org/apache/kerby/kerby-asn1/1.0.1/kerby-asn1-1.0.1.jar:/home/user/.m2/repository/org/apache/kerby/kerby-util/1.0.1/kerby-util-1.0.1.jar:/home/user/.m2/repository/org/apache/kerby/kerb-common/1.0.1/kerb-common-1.0.1.jar:/home/user/.m2/repository/org/apache/kerby/kerb-crypto/1.0.1/kerb-crypto-1.0.1.jar:/home/user/.m2/repository/org/apache/kerby/kerb-util/1.0.1/kerb-util-1.0.1.jar:/home/user/.m2/repository/org/apache/kerby/token-provider/1.0.1/token-provider-1.0.1.jar:/home/user/.m2/repository/org/apache/kerby/kerb-admin/1.0.1/kerb-admin-1.0.1.jar:/home/user/.m2/repository/org/apache/kerby/kerb-server/1.0.1/kerb-server-1.0.1.jar:/home/user/.m2/repository/org/apache/kerby/kerb-identity/1.0.1/kerb-identity-1.0.1.jar:/home/user/.m2/repository/org/apache/kerby/kerby-xdr/1.0.1/kerby-xdr-1.0.1.jar:/home/user/.m2/repository/org/slf4j/slf4j-log4j12/1.7.25/slf4j-log4j12-1.7.25.jar:/home/user/.m2/repository/org/apache/hadoop/hadoop-ozone-s3gateway/0.5.0-SNAPSHOT/hadoop-ozone-s3gateway-0.5.0-SNAPSHOT.jar:/home/user/.m2/repository/org/jboss/weld/servlet/weld-servlet/2.4.7.Final/weld-servlet-2.4.7.Final.jar:/home/user/.m2/repository/org/glassfish/jersey/containers/jersey-container-servlet-core/2.27/jersey-container-servlet-core-2.27.jar:/home/user/.m2/repository/org/glassfish/hk2/external/javax.inject/2.5.0-b42/javax.inject-2.5.0-b42.jar:/home/user/.m2/repository/org/glassfish/jersey/core/jersey-common/2.27/jersey-common-2.27.jar:/home/user/.m2/repository/org/glassfish/hk2/osgi-resource-locator/1.0.1/osgi-resource-locator-1.0.1.jar:/home/user/.m2/repository/javax/ws/rs/javax.ws.rs-api/2.1/javax.ws.rs-api-2.1.jar:/home/user/.m2/repository/org/glassfish/jersey/ext/cdi/jersey-cdi1x/2.27/jersey-cdi1x-2.27.jar:/home/user/.m2/repository/org/glassfish/jersey/inject/jersey-hk2/2.27/jersey-hk2-2.27.jar:/home/user/.m2/repository/org/glassfish/hk2/hk2-locator/2.5.0-b42/hk2-locator-2.5.0-b42.jar:/home/user/.m2/repository/org/javassist/javassist/3.22.0-CR2/javassist-3.22.0-CR2.jar:/home/user/.m2/repository/org/glassfish/hk2/hk2-api/2.5.0/hk2-api-2.5.0.jar:/home/user/.m2/repository/org/glassfish/hk2/external/jakarta.inject/2.5.0/jakarta.inject-2.5.0.jar:/home/user/.m2/repository/org/glassfish/hk2/hk2-utils/2.5.0/hk2-utils-2.5.0.jar:/home/user/.m2/repository/jakarta/annotation/jakarta.annotation-api/1.3.4/jakarta.annotation-api-1.3.4.jar:/home/user/.m2/repository/org/glassfish/hk2/external/aopalliance-repackaged/2.5.0/aopalliance-repackaged-2.5.0.jar:/home/user/.m2/repository/com/fasterxml/jackson/dataformat/jackson-dataformat-xml/2.9.0/jackson-dataformat-xml-2.9.0.jar:/home/user/.m2/repository/com/fasterxml/jackson/core/jackson-core/2.9.9/jackson-core-2.9.9.jar:/home/user/.m2/repository/com/fasterxml/jackson/module/jackson-module-jaxb-annotations/2.9.9/jackson-module-jaxb-annotations-2.9.9.jar:/home/user/.m2/repository/javax/enterprise/cdi-api/1.2/cdi-api-1.2.jar:/home/user/.m2/repository/javax/el/javax.el-api/3.0.0/javax.el-api-3.0.0.jar:/home/user/.m2/repository/javax/interceptor/javax.interceptor-api/1.2/javax.interceptor-api-1.2.jar:/home/user/.m2/repository/javax/inject/javax.inject/1/javax.inject-1.jar:/home/user/.m2/repository/com/sun/xml/bind/jaxb-impl/2.3.0.1/jaxb-impl-2.3.0.1.jar:/home/user/.m2/repository/com/sun/xml/bind/jaxb-core/2.3.0.1/jaxb-core-2.3.0.1.jar:/home/user/.m2/repository/javax/xml/bind/jaxb-api/2.3.0/jaxb-api-2.3.0.jar:/home/user/.m2/repository/javax/activation/activation/1.1.1/activation-1.1.1.jar:/home/user/.m2/repository/org/apache/hadoop/hadoop-ozone-csi/0.5.0-SNAPSHOT/hadoop-ozone-csi-0.5.0-SNAPSHOT.jar:/home/user/.m2/repository/com/google/protobuf/protobuf-java-util/3.5.1/protobuf-java-util-3.5.1.jar:/home/user/.m2/repository/org/apache/hadoop/hadoop-hdds-config/0.5.0-SNAPSHOT/hadoop-hdds-config-0.5.0-SNAPSHOT.jar:/home/user/.m2/repository/io/grpc/grpc-netty/1.17.1/grpc-netty-1.17.1.jar:/home/user/.m2/repository/io/grpc/grpc-core/1.17.1/grpc-core-1.17.1.jar:/home/user/.m2/repository/io/grpc/grpc-context/1.17.1/grpc-context-1.17.1.jar:/home/user/.m2/repository/com/google/errorprone/error_prone_annotations/2.2.0/error_prone_annotations-2.2.0.jar:/home/user/.m2/repository/org/codehaus/mojo/animal-sniffer-annotations/1.17/animal-sniffer-annotations-1.17.jar:/home/user/.m2/repository/io/opencensus/opencensus-api/0.17.0/opencensus-api-0.17.0.jar:/home/user/.m2/repository/io/opencensus/opencensus-contrib-grpc-metrics/0.17.0/opencensus-contrib-grpc-metrics-0.17.0.jar:/home/user/.m2/repository/io/netty/netty-codec-http2/4.1.30.Final/netty-codec-http2-4.1.30.Final.jar:/home/user/.m2/repository/io/netty/netty-codec-http/4.1.30.Final/netty-codec-http-4.1.30.Final.jar:/home/user/.m2/repository/io/netty/netty-codec/4.1.30.Final/netty-codec-4.1.30.Final.jar:/home/user/.m2/repository/io/netty/netty-handler/4.1.30.Final/netty-handler-4.1.30.Final.jar:/home/user/.m2/repository/io/netty/netty-handler-proxy/4.1.30.Final/netty-handler-proxy-4.1.30.Final.jar:/home/user/.m2/repository/io/netty/netty-codec-socks/4.1.30.Final/netty-codec-socks-4.1.30.Final.jar:/home/user/.m2/repository/io/netty/netty-transport-native-epoll/4.1.30.Final/netty-transport-native-epoll-4.1.30.Final.jar:/home/user/.m2/repository/io/netty/netty-common/4.1.30.Final/netty-common-4.1.30.Final.jar:/home/user/.m2/repository/io/netty/netty-buffer/4.1.30.Final/netty-buffer-4.1.30.Final.jar:/home/user/.m2/repository/io/netty/netty-transport/4.1.30.Final/netty-transport-4.1.30.Final.jar:/home/user/.m2/repository/io/netty/netty-resolver/4.1.30.Final/netty-resolver-4.1.30.Final.jar:/home/user/.m2/repository/io/netty/netty-transport-native-unix-common/4.1.30.Final/netty-transport-native-unix-common-4.1.30.Final.jar:/home/user/.m2/repository/io/grpc/grpc-protobuf/1.17.1/grpc-protobuf-1.17.1.jar:/home/user/.m2/repository/com/google/api/grpc/proto-google-common-protos/1.0.0/proto-google-common-protos-1.0.0.jar:/home/user/.m2/repository/io/grpc/grpc-protobuf-lite/1.17.1/grpc-protobuf-lite-1.17.1.jar:/home/user/.m2/repository/io/grpc/grpc-stub/1.17.1/grpc-stub-1.17.1.jar:/home/user/.m2/repository/org/apache/hadoop/hadoop-ozone-recon/0.5.0-SNAPSHOT/hadoop-ozone-recon-0.5.0-SNAPSHOT.jar:/home/user/.m2/repository/org/apache/hadoop/hadoop-ozone-reconcodegen/0.5.0-SNAPSHOT/hadoop-ozone-reconcodegen-0.5.0-SNAPSHOT.jar:/home/user/.m2/repository/com/google/inject/extensions/guice-multibindings/4.0/guice-multibindings-4.0.jar:/home/user/.m2/repository/com/google/inject/guice/4.0/guice-4.0.jar:/home/user/.m2/repository/aopalliance/aopalliance/1.0/aopalliance-1.0.jar:/home/user/.m2/repository/com/google/inject/extensions/guice-servlet/4.0/guice-servlet-4.0.jar:/home/user/.m2/repository/org/glassfish/jersey/containers/jersey-container-servlet/2.27/jersey-container-servlet-2.27.jar:/home/user/.m2/repository/org/glassfish/hk2/guice-bridge/2.5.0/guice-bridge-2.5.0.jar:/home/user/.m2/repository/org/glassfish/jersey/core/jersey-server/2.27/jersey-server-2.27.jar:/home/user/.m2/repository/org/glassfish/jersey/core/jersey-client/2.27/jersey-client-2.27.jar:/home/user/.m2/repository/org/glassfish/jersey/media/jersey-media-jaxb/2.27/jersey-media-jaxb-2.27.jar:/home/user/.m2/repository/javax/validation/validation-api/1.1.0.Final/validation-api-1.1.0.Final.jar:/home/user/.m2/repository/org/glassfish/jersey/media/jersey-media-json-jackson/2.27/jersey-media-json-jackson-2.27.jar:/home/user/.m2/repository/org/glassfish/jersey/ext/jersey-entity-filtering/2.27/jersey-entity-filtering-2.27.jar:/home/user/.m2/repository/com/google/inject/extensions/guice-assistedinject/4.0/guice-assistedinject-4.0.jar:/home/user/.m2/repository/org/jooq/jooq/3.11.10/jooq-3.11.10.jar:/home/user/.m2/repository/org/jooq/jooq-meta/3.11.10/jooq-meta-3.11.10.jar:/home/user/.m2/repository/org/jooq/jooq-codegen/3.11.10/jooq-codegen-3.11.10.jar:/home/user/.m2/repository/com/jolbox/bonecp/0.8.0.RELEASE/bonecp-0.8.0.RELEASE.jar:/home/user/.m2/repository/org/xerial/sqlite-jdbc/3.25.2/sqlite-jdbc-3.25.2.jar:/home/user/.m2/repository/org/springframework/spring-jdbc/5.1.3.RELEASE/spring-jdbc-5.1.3.RELEASE.jar:/home/user/.m2/repository/org/springframework/spring-beans/5.1.3.RELEASE/spring-beans-5.1.3.RELEASE.jar:/home/user/.m2/repository/org/springframework/spring-core/5.1.3.RELEASE/spring-core-5.1.3.RELEASE.jar:/home/user/.m2/repository/org/springframework/spring-jcl/5.1.3.RELEASE/spring-jcl-5.1.3.RELEASE.jar:/home/user/.m2/repository/org/springframework/spring-tx/5.1.3.RELEASE/spring-tx-5.1.3.RELEASE.jar:/home/user/.m2/repository/org/apache/hadoop/hadoop-ozone-client/0.5.0-SNAPSHOT/hadoop-ozone-client-0.5.0-SNAPSHOT.jar:/home/user/.m2/repository/commons-lang/commons-lang/2.6/commons-lang-2.6.jar:/home/user/.m2/repository/org/apache/hadoop/hadoop-ozone-ozone-manager/0.5.0-SNAPSHOT/hadoop-ozone-ozone-manager-0.5.0-SNAPSHOT-tests.jar:/home/user/.m2/repository/junit/junit/4.11/junit-4.11.jar:/home/user/.m2/repository/org/hamcrest/hamcrest-core/1.3/hamcrest-core-1.3.jar:/home/user/.m2/repository/org/openjdk/jmh/jmh-core/1.19/jmh-core-1.19.jar:/home/user/.m2/repository/net/sf/jopt-simple/jopt-simple/4.6/jopt-simple-4.6.jar:/home/user/.m2/repository/org/apache/commons/commons-math3/3.1.1/commons-math3-3.1.1.jar:/home/user/.m2/repository/org/openjdk/jmh/jmh-generator-annprocess/1.19/jmh-generator-annprocess-1.19.jar:/home/user/.m2/repository/org/mockito/mockito-all/1.8.5/mockito-all-1.8.5.jar:/home/user/.m2/repository/org/apache/hadoop/hadoop-kms/3.2.0/hadoop-kms-3.2.0.jar:/home/user/.m2/repository/org/apache/hadoop/hadoop-auth/3.2.0/hadoop-auth-3.2.0.jar:/home/user/.m2/repository/com/nimbusds/nimbus-jose-jwt/4.41.1/nimbus-jose-jwt-4.41.1.jar:/home/user/.m2/repository/com/github/stephenc/jcip/jcip-annotations/1.0-1/jcip-annotations-1.0-1.jar:/home/user/.m2/repository/net/minidev/json-smart/2.3/json-smart-2.3.jar:/home/user/.m2/repository/net/minidev/accessors-smart/1.2/accessors-smart-1.2.jar:/home/user/.m2/repository/org/ow2/asm/asm/5.0.4/asm-5.0.4.jar:/home/user/.m2/repository/org/apache/curator/curator-framework/2.12.0/curator-framework-2.12.0.jar:/home/user/.m2/repository/com/sun/jersey/jersey-core/1.19/jersey-core-1.19.jar:/home/user/.m2/repository/javax/ws/rs/jsr311-api/1.1.1/jsr311-api-1.1.1.jar:/home/user/.m2/repository/com/sun/jersey/jersey-server/1.19/jersey-server-1.19.jar:/home/user/.m2/repository/javax/servlet/javax.servlet-api/3.1.0/javax.servlet-api-3.1.0.jar:/home/user/.m2/repository/org/eclipse/jetty/jetty-server/9.3.25.v20180904/jetty-server-9.3.25.v20180904.jar:/home/user/.m2/repository/org/eclipse/jetty/jetty-http/9.3.25.v20180904/jetty-http-9.3.25.v20180904.jar:/home/user/.m2/repository/org/eclipse/jetty/jetty-io/9.3.25.v20180904/jetty-io-9.3.25.v20180904.jar:/home/user/.m2/repository/org/eclipse/jetty/jetty-webapp/9.3.25.v20180904/jetty-webapp-9.3.25.v20180904.jar:/home/user/.m2/repository/org/eclipse/jetty/jetty-xml/9.3.25.v20180904/jetty-xml-9.3.25.v20180904.jar:/home/user/.m2/repository/log4j/log4j/1.2.17/log4j-1.2.17.jar:/home/user/.m2/repository/org/slf4j/slf4j-api/1.7.25/slf4j-api-1.7.25.jar:/home/user/.m2/repository/org/slf4j/jul-to-slf4j/1.7.25/jul-to-slf4j-1.7.25.jar:/home/user/.m2/repository/org/eclipse/jetty/jetty-util/9.3.25.v20180904/jetty-util-9.3.25.v20180904.jar:/home/user/.m2/repository/com/fasterxml/jackson/core/jackson-databind/2.9.9/jackson-databind-2.9.9.jar:/home/user/.m2/repository/org/apache/hadoop/hadoop-kms/3.2.0/hadoop-kms-3.2.0-tests.jar:/home/user/.m2/repository/org/apache/hadoop/hadoop-hdds-server-scm/0.5.0-SNAPSHOT/hadoop-hdds-server-scm-0.5.0-SNAPSHOT-tests.jar:/home/user/.m2/repository/org/apache/hadoop/hadoop-hdds-container-service/0.5.0-SNAPSHOT/hadoop-hdds-container-service-0.5.0-SNAPSHOT-tests.jar:/home/user/.m2/repository/org/yaml/snakeyaml/1.16/snakeyaml-1.16.jar:/home/user/.m2/repository/org/apache/hadoop/hadoop-common/3.2.0/hadoop-common-3.2.0-tests.jar:/home/user/.m2/repository/org/apache/hadoop/hadoop-annotations/3.2.0/hadoop-annotations-3.2.0.jar:/usr/lib/jvm/java-1.8.0-openjdk-1.8.0.222.b10-1.el7_7.x86_64/jre/../lib/tools.jar:/home/user/.m2/repository/commons-cli/commons-cli/1.2/commons-cli-1.2.jar:/home/user/.m2/repository/org/apache/httpcomponents/httpclient/4.5.2/httpclient-4.5.2.jar:/home/user/.m2/repository/org/apache/httpcomponents/httpcore/4.4.4/httpcore-4.4.4.jar:/home/user/.m2/repository/commons-codec/commons-codec/1.11/commons-codec-1.11.jar:/home/user/.m2/repository/commons-net/commons-net/3.6/commons-net-3.6.jar:/home/user/.m2/repository/commons-collections/commons-collections/3.2.2/commons-collections-3.2.2.jar:/home/user/.m2/repository/org/eclipse/jetty/jetty-servlet/9.3.25.v20180904/jetty-servlet-9.3.25.v20180904.jar:/home/user/.m2/repository/org/eclipse/jetty/jetty-security/9.3.25.v20180904/jetty-security-9.3.25.v20180904.jar:/home/user/.m2/repository/javax/servlet/jsp/jsp-api/2.1/jsp-api-2.1.jar:/home/user/.m2/repository/com/sun/jersey/jersey-servlet/1.19/jersey-servlet-1.19.jar:/home/user/.m2/repository/com/sun/jersey/jersey-json/1.19/jersey-json-1.19.jar:/home/user/.m2/repository/org/codehaus/jettison/jettison/1.1/jettison-1.1.jar:/home/user/.m2/repository/org/codehaus/jackson/jackson-core-asl/1.9.13/jackson-core-asl-1.9.13.jar:/home/user/.m2/repository/org/codehaus/jackson/jackson-mapper-asl/1.9.13/jackson-mapper-asl-1.9.13.jar:/home/user/.m2/repository/org/codehaus/jackson/jackson-jaxrs/1.9.13/jackson-jaxrs-1.9.13.jar:/home/user/.m2/repository/org/codehaus/jackson/jackson-xc/1.9.13/jackson-xc-1.9.13.jar:/home/user/.m2/repository/commons-logging/commons-logging/1.1.3/commons-logging-1.1.3.jar:/home/user/.m2/repository/commons-beanutils/commons-beanutils/1.9.4/commons-beanutils-1.9.4.jar:/home/user/.m2/repository/org/apache/commons/commons-configuration2/2.1.1/commons-configuration2-2.1.1.jar:/home/user/.m2/repository/org/apache/commons/commons-lang3/3.7/commons-lang3-3.7.jar:/home/user/.m2/repository/org/apache/commons/commons-text/1.4/commons-text-1.4.jar:/home/user/.m2/repository/org/apache/avro/avro/1.7.7/avro-1.7.7.jar:/home/user/.m2/repository/com/thoughtworks/paranamer/paranamer/2.3/paranamer-2.3.jar:/home/user/.m2/repository/org/xerial/snappy/snappy-java/1.0.5/snappy-java-1.0.5.jar:/home/user/.m2/repository/com/google/re2j/re2j/1.1/re2j-1.1.jar:/home/user/.m2/repository/com/google/code/gson/gson/2.2.4/gson-2.2.4.jar:/home/user/.m2/repository/com/jcraft/jsch/0.1.54/jsch-0.1.54.jar:/home/user/.m2/repository/org/apache/curator/curator-client/2.12.0/curator-client-2.12.0.jar:/home/user/.m2/repository/org/apache/curator/curator-recipes/2.12.0/curator-recipes-2.12.0.jar:/home/user/.m2/repository/com/google/code/findbugs/jsr305/3.0.0/jsr305-3.0.0.jar:/home/user/.m2/repository/org/apache/htrace/htrace-core4/4.1.0-incubating/htrace-core4-4.1.0-incubating.jar:/home/user/.m2/repository/org/apache/zookeeper/zookeeper/3.4.13/zookeeper-3.4.13.jar:/home/user/.m2/repository/jline/jline/0.9.94/jline-0.9.94.jar:/home/user/.m2/repository/org/apache/yetus/audience-annotations/0.5.0/audience-annotations-0.5.0.jar:/home/user/.m2/repository/org/codehaus/woodstox/stax2-api/3.1.4/stax2-api-3.1.4.jar:/home/user/.m2/repository/com/fasterxml/woodstox/woodstox-core/5.0.3/woodstox-core-5.0.3.jar:/home/user/.m2/repository/dnsjava/dnsjava/2.1.7/dnsjava-2.1.7.jar:/home/user/.m2/repository/org/apache/hadoop/hadoop-hdfs/3.2.0/hadoop-hdfs-3.2.0-tests.jar:/home/user/.m2/repository/org/eclipse/jetty/jetty-util-ajax/9.3.25.v20180904/jetty-util-ajax-9.3.25.v20180904.jar:/home/user/.m2/repository/commons-daemon/commons-daemon/1.0.13/commons-daemon-1.0.13.jar:/home/user/.m2/repository/io/netty/netty/3.10.5.Final/netty-3.10.5.Final.jar:/home/user/.m2/repository/io/netty/netty-all/4.0.52.Final/netty-all-4.0.52.Final.jar:/home/user/.m2/repository/org/fusesource/leveldbjni/leveldbjni-all/1.8/leveldbjni-all-1.8.jar:"/>
    <property name="java.vm.vendor" value="Oracle Corporation"/>
    <property name="sun.arch.data.model" value="64"/>
    <property name="test.build.dir" value="/workdir/hadoop-ozone/integration-test/target/test-dir"/>
    <property name="test.cache.data" value=""/>
    <property name="java.vendor.url" value="http://java.oracle.com/"/>
    <property name="user.timezone" value=""/>
    <property name="java.vm.specification.version" value="1.8"/>
    <property name="os.name" value="Linux"/>
    <property name="test.build.data" value="/workdir/hadoop-ozone/integration-test/target/test-dir"/>
    <property name="user.country" value="US"/>
    <property name="sun.java.launcher" value="SUN_STANDARD"/>
    <property name="sun.boot.library.path" value="/usr/lib/jvm/java-1.8.0-openjdk-1.8.0.222.b10-1.el7_7.x86_64/jre/lib/amd64"/>
    <property name="sun.java.command" value="/workdir/hadoop-ozone/integration-test/target/surefire/surefirebooter92258076565383932.jar /workdir/hadoop-ozone/integration-test/target/surefire 2019-11-13T03-14-37_309-jvmRun1 surefire3603636037589881006tmp surefire_473616546355961654265tmp"/>
    <property name="surefire.test.class.path" value="/workdir/hadoop-ozone/integration-test/target/test-classes:/workdir/hadoop-ozone/integration-test/target/classes:/home/user/.m2/repository/org/apache/hadoop/hadoop-ozone-common/0.5.0-SNAPSHOT/hadoop-ozone-common-0.5.0-SNAPSHOT.jar:/home/user/.m2/repository/org/apache/commons/commons-compress/1.4.1/commons-compress-1.4.1.jar:/home/user/.m2/repository/org/tukaani/xz/1.0/xz-1.0.jar:/home/user/.m2/repository/org/apache/hadoop/hadoop-common/3.2.0/hadoop-common-3.2.0.jar:/home/user/.m2/repository/org/apache/hadoop/hadoop-hdfs/3.2.0/hadoop-hdfs-3.2.0.jar:/home/user/.m2/repository/org/apache/hadoop/hadoop-hdfs-client/3.2.0/hadoop-hdfs-client-3.2.0.jar:/home/user/.m2/repository/com/fasterxml/jackson/core/jackson-annotations/2.9.9/jackson-annotations-2.9.9.jar:/home/user/.m2/repository/org/apache/hadoop/hadoop-hdds-common/0.5.0-SNAPSHOT/hadoop-hdds-common-0.5.0-SNAPSHOT.jar:/home/user/.m2/repository/javax/annotation/javax.annotation-api/1.2/javax.annotation-api-1.2.jar:/home/user/.m2/repository/org/apache/ratis/ratis-server/0.5.0-d6d58d0-SNAPSHOT/ratis-server-0.5.0-d6d58d0-SNAPSHOT.jar:/home/user/.m2/repository/org/apache/ratis/ratis-thirdparty-misc/0.2.0/ratis-thirdparty-misc-0.2.0.jar:/home/user/.m2/repository/org/apache/ratis/ratis-proto/0.5.0-d6d58d0-SNAPSHOT/ratis-proto-0.5.0-d6d58d0-SNAPSHOT.jar:/home/user/.m2/repository/org/apache/ratis/ratis-common/0.5.0-d6d58d0-SNAPSHOT/ratis-common-0.5.0-d6d58d0-SNAPSHOT.jar:/home/user/.m2/repository/org/apache/ratis/ratis-client/0.5.0-d6d58d0-SNAPSHOT/ratis-client-0.5.0-d6d58d0-SNAPSHOT.jar:/home/user/.m2/repository/org/apache/ratis/ratis-metrics/0.5.0-d6d58d0-SNAPSHOT/ratis-metrics-0.5.0-d6d58d0-SNAPSHOT.jar:/home/user/.m2/repository/org/apache/ratis/ratis-netty/0.5.0-d6d58d0-SNAPSHOT/ratis-netty-0.5.0-d6d58d0-SNAPSHOT.jar:/home/user/.m2/repository/org/apache/ratis/ratis-grpc/0.5.0-d6d58d0-SNAPSHOT/ratis-grpc-0.5.0-d6d58d0-SNAPSHOT.jar:/home/user/.m2/repository/org/rocksdb/rocksdbjni/6.0.1/rocksdbjni-6.0.1.jar:/home/user/.m2/repository/org/apache/logging/log4j/log4j-api/2.11.0/log4j-api-2.11.0.jar:/home/user/.m2/repository/org/apache/logging/log4j/log4j-core/2.11.0/log4j-core-2.11.0.jar:/home/user/.m2/repository/com/lmax/disruptor/3.4.2/disruptor-3.4.2.jar:/home/user/.m2/repository/org/apache/commons/commons-pool2/2.6.0/commons-pool2-2.6.0.jar:/home/user/.m2/repository/org/bouncycastle/bcpkix-jdk15on/1.60/bcpkix-jdk15on-1.60.jar:/home/user/.m2/repository/commons-validator/commons-validator/1.6/commons-validator-1.6.jar:/home/user/.m2/repository/commons-digester/commons-digester/1.8.1/commons-digester-1.8.1.jar:/home/user/.m2/repository/io/jaegertracing/jaeger-client/0.34.0/jaeger-client-0.34.0.jar:/home/user/.m2/repository/io/jaegertracing/jaeger-thrift/0.34.0/jaeger-thrift-0.34.0.jar:/home/user/.m2/repository/org/apache/thrift/libthrift/0.12.0/libthrift-0.12.0.jar:/home/user/.m2/repository/com/squareup/okhttp3/okhttp/3.9.0/okhttp-3.9.0.jar:/home/user/.m2/repository/com/squareup/okio/okio/1.13.0/okio-1.13.0.jar:/home/user/.m2/repository/io/jaegertracing/jaeger-core/0.34.0/jaeger-core-0.34.0.jar:/home/user/.m2/repository/io/jaegertracing/jaeger-tracerresolver/0.34.0/jaeger-tracerresolver-0.34.0.jar:/home/user/.m2/repository/io/opentracing/contrib/opentracing-tracerresolver/0.1.5/opentracing-tracerresolver-0.1.5.jar:/home/user/.m2/repository/io/opentracing/opentracing-util/0.31.0/opentracing-util-0.31.0.jar:/home/user/.m2/repository/io/opentracing/opentracing-api/0.31.0/opentracing-api-0.31.0.jar:/home/user/.m2/repository/io/opentracing/opentracing-noop/0.31.0/opentracing-noop-0.31.0.jar:/home/user/.m2/repository/org/apache/hadoop/hadoop-hdds-server-framework/0.5.0-SNAPSHOT/hadoop-hdds-server-framework-0.5.0-SNAPSHOT.jar:/home/user/.m2/repository/org/apache/hadoop/hadoop-hdds-container-service/0.5.0-SNAPSHOT/hadoop-hdds-container-service-0.5.0-SNAPSHOT.jar:/home/user/.m2/repository/org/apache/hadoop/hadoop-hdds-client/0.5.0-SNAPSHOT/hadoop-hdds-client-0.5.0-SNAPSHOT.jar:/home/user/.m2/repository/org/apache/hadoop/hadoop-hdds-tools/0.5.0-SNAPSHOT/hadoop-hdds-tools-0.5.0-SNAPSHOT.jar:/home/user/.m2/repository/org/apache/hadoop/hadoop-hdds-server-scm/0.5.0-SNAPSHOT/hadoop-hdds-server-scm-0.5.0-SNAPSHOT.jar:/home/user/.m2/repository/org/apache/hadoop/hadoop-hdds-docs/0.5.0-SNAPSHOT/hadoop-hdds-docs-0.5.0-SNAPSHOT.jar:/home/user/.m2/repository/io/dropwizard/metrics/metrics-core/3.2.4/metrics-core-3.2.4.jar:/home/user/.m2/repository/org/hamcrest/hamcrest-all/1.3/hamcrest-all-1.3.jar:/home/user/.m2/repository/org/bouncycastle/bcprov-jdk15on/1.60/bcprov-jdk15on-1.60.jar:/home/user/.m2/repository/info/picocli/picocli/3.9.6/picocli-3.9.6.jar:/home/user/.m2/repository/com/google/protobuf/protobuf-java/2.5.0/protobuf-java-2.5.0.jar:/home/user/.m2/repository/com/google/guava/guava/11.0.2/guava-11.0.2.jar:/home/user/.m2/repository/org/apache/hadoop/hadoop-ozone-ozone-manager/0.5.0-SNAPSHOT/hadoop-ozone-ozone-manager-0.5.0-SNAPSHOT.jar:/home/user/.m2/repository/org/apache/hadoop/hadoop-minikdc/3.2.0/hadoop-minikdc-3.2.0.jar:/home/user/.m2/repository/commons-io/commons-io/2.5/commons-io-2.5.jar:/home/user/.m2/repository/org/apache/kerby/kerb-simplekdc/1.0.1/kerb-simplekdc-1.0.1.jar:/home/user/.m2/repository/org/apache/kerby/kerb-client/1.0.1/kerb-client-1.0.1.jar:/home/user/.m2/repository/org/apache/kerby/kerby-config/1.0.1/kerby-config-1.0.1.jar:/home/user/.m2/repository/org/apache/kerby/kerb-core/1.0.1/kerb-core-1.0.1.jar:/home/user/.m2/repository/org/apache/kerby/kerby-pkix/1.0.1/kerby-pkix-1.0.1.jar:/home/user/.m2/repository/org/apache/kerby/kerby-asn1/1.0.1/kerby-asn1-1.0.1.jar:/home/user/.m2/repository/org/apache/kerby/kerby-util/1.0.1/kerby-util-1.0.1.jar:/home/user/.m2/repository/org/apache/kerby/kerb-common/1.0.1/kerb-common-1.0.1.jar:/home/user/.m2/repository/org/apache/kerby/kerb-crypto/1.0.1/kerb-crypto-1.0.1.jar:/home/user/.m2/repository/org/apache/kerby/kerb-util/1.0.1/kerb-util-1.0.1.jar:/home/user/.m2/repository/org/apache/kerby/token-provider/1.0.1/token-provider-1.0.1.jar:/home/user/.m2/repository/org/apache/kerby/kerb-admin/1.0.1/kerb-admin-1.0.1.jar:/home/user/.m2/repository/org/apache/kerby/kerb-server/1.0.1/kerb-server-1.0.1.jar:/home/user/.m2/repository/org/apache/kerby/kerb-identity/1.0.1/kerb-identity-1.0.1.jar:/home/user/.m2/repository/org/apache/kerby/kerby-xdr/1.0.1/kerby-xdr-1.0.1.jar:/home/user/.m2/repository/org/slf4j/slf4j-log4j12/1.7.25/slf4j-log4j12-1.7.25.jar:/home/user/.m2/repository/org/apache/hadoop/hadoop-ozone-s3gateway/0.5.0-SNAPSHOT/hadoop-ozone-s3gateway-0.5.0-SNAPSHOT.jar:/home/user/.m2/repository/org/jboss/weld/servlet/weld-servlet/2.4.7.Final/weld-servlet-2.4.7.Final.jar:/home/user/.m2/repository/org/glassfish/jersey/containers/jersey-container-servlet-core/2.27/jersey-container-servlet-core-2.27.jar:/home/user/.m2/repository/org/glassfish/hk2/external/javax.inject/2.5.0-b42/javax.inject-2.5.0-b42.jar:/home/user/.m2/repository/org/glassfish/jersey/core/jersey-common/2.27/jersey-common-2.27.jar:/home/user/.m2/repository/org/glassfish/hk2/osgi-resource-locator/1.0.1/osgi-resource-locator-1.0.1.jar:/home/user/.m2/repository/javax/ws/rs/javax.ws.rs-api/2.1/javax.ws.rs-api-2.1.jar:/home/user/.m2/repository/org/glassfish/jersey/ext/cdi/jersey-cdi1x/2.27/jersey-cdi1x-2.27.jar:/home/user/.m2/repository/org/glassfish/jersey/inject/jersey-hk2/2.27/jersey-hk2-2.27.jar:/home/user/.m2/repository/org/glassfish/hk2/hk2-locator/2.5.0-b42/hk2-locator-2.5.0-b42.jar:/home/user/.m2/repository/org/javassist/javassist/3.22.0-CR2/javassist-3.22.0-CR2.jar:/home/user/.m2/repository/org/glassfish/hk2/hk2-api/2.5.0/hk2-api-2.5.0.jar:/home/user/.m2/repository/org/glassfish/hk2/external/jakarta.inject/2.5.0/jakarta.inject-2.5.0.jar:/home/user/.m2/repository/org/glassfish/hk2/hk2-utils/2.5.0/hk2-utils-2.5.0.jar:/home/user/.m2/repository/jakarta/annotation/jakarta.annotation-api/1.3.4/jakarta.annotation-api-1.3.4.jar:/home/user/.m2/repository/org/glassfish/hk2/external/aopalliance-repackaged/2.5.0/aopalliance-repackaged-2.5.0.jar:/home/user/.m2/repository/com/fasterxml/jackson/dataformat/jackson-dataformat-xml/2.9.0/jackson-dataformat-xml-2.9.0.jar:/home/user/.m2/repository/com/fasterxml/jackson/core/jackson-core/2.9.9/jackson-core-2.9.9.jar:/home/user/.m2/repository/com/fasterxml/jackson/module/jackson-module-jaxb-annotations/2.9.9/jackson-module-jaxb-annotations-2.9.9.jar:/home/user/.m2/repository/javax/enterprise/cdi-api/1.2/cdi-api-1.2.jar:/home/user/.m2/repository/javax/el/javax.el-api/3.0.0/javax.el-api-3.0.0.jar:/home/user/.m2/repository/javax/interceptor/javax.interceptor-api/1.2/javax.interceptor-api-1.2.jar:/home/user/.m2/repository/javax/inject/javax.inject/1/javax.inject-1.jar:/home/user/.m2/repository/com/sun/xml/bind/jaxb-impl/2.3.0.1/jaxb-impl-2.3.0.1.jar:/home/user/.m2/repository/com/sun/xml/bind/jaxb-core/2.3.0.1/jaxb-core-2.3.0.1.jar:/home/user/.m2/repository/javax/xml/bind/jaxb-api/2.3.0/jaxb-api-2.3.0.jar:/home/user/.m2/repository/javax/activation/activation/1.1.1/activation-1.1.1.jar:/home/user/.m2/repository/org/apache/hadoop/hadoop-ozone-csi/0.5.0-SNAPSHOT/hadoop-ozone-csi-0.5.0-SNAPSHOT.jar:/home/user/.m2/repository/com/google/protobuf/protobuf-java-util/3.5.1/protobuf-java-util-3.5.1.jar:/home/user/.m2/repository/org/apache/hadoop/hadoop-hdds-config/0.5.0-SNAPSHOT/hadoop-hdds-config-0.5.0-SNAPSHOT.jar:/home/user/.m2/repository/io/grpc/grpc-netty/1.17.1/grpc-netty-1.17.1.jar:/home/user/.m2/repository/io/grpc/grpc-core/1.17.1/grpc-core-1.17.1.jar:/home/user/.m2/repository/io/grpc/grpc-context/1.17.1/grpc-context-1.17.1.jar:/home/user/.m2/repository/com/google/errorprone/error_prone_annotations/2.2.0/error_prone_annotations-2.2.0.jar:/home/user/.m2/repository/org/codehaus/mojo/animal-sniffer-annotations/1.17/animal-sniffer-annotations-1.17.jar:/home/user/.m2/repository/io/opencensus/opencensus-api/0.17.0/opencensus-api-0.17.0.jar:/home/user/.m2/repository/io/opencensus/opencensus-contrib-grpc-metrics/0.17.0/opencensus-contrib-grpc-metrics-0.17.0.jar:/home/user/.m2/repository/io/netty/netty-codec-http2/4.1.30.Final/netty-codec-http2-4.1.30.Final.jar:/home/user/.m2/repository/io/netty/netty-codec-http/4.1.30.Final/netty-codec-http-4.1.30.Final.jar:/home/user/.m2/repository/io/netty/netty-codec/4.1.30.Final/netty-codec-4.1.30.Final.jar:/home/user/.m2/repository/io/netty/netty-handler/4.1.30.Final/netty-handler-4.1.30.Final.jar:/home/user/.m2/repository/io/netty/netty-handler-proxy/4.1.30.Final/netty-handler-proxy-4.1.30.Final.jar:/home/user/.m2/repository/io/netty/netty-codec-socks/4.1.30.Final/netty-codec-socks-4.1.30.Final.jar:/home/user/.m2/repository/io/netty/netty-transport-native-epoll/4.1.30.Final/netty-transport-native-epoll-4.1.30.Final.jar:/home/user/.m2/repository/io/netty/netty-common/4.1.30.Final/netty-common-4.1.30.Final.jar:/home/user/.m2/repository/io/netty/netty-buffer/4.1.30.Final/netty-buffer-4.1.30.Final.jar:/home/user/.m2/repository/io/netty/netty-transport/4.1.30.Final/netty-transport-4.1.30.Final.jar:/home/user/.m2/repository/io/netty/netty-resolver/4.1.30.Final/netty-resolver-4.1.30.Final.jar:/home/user/.m2/repository/io/netty/netty-transport-native-unix-common/4.1.30.Final/netty-transport-native-unix-common-4.1.30.Final.jar:/home/user/.m2/repository/io/grpc/grpc-protobuf/1.17.1/grpc-protobuf-1.17.1.jar:/home/user/.m2/repository/com/google/api/grpc/proto-google-common-protos/1.0.0/proto-google-common-protos-1.0.0.jar:/home/user/.m2/repository/io/grpc/grpc-protobuf-lite/1.17.1/grpc-protobuf-lite-1.17.1.jar:/home/user/.m2/repository/io/grpc/grpc-stub/1.17.1/grpc-stub-1.17.1.jar:/home/user/.m2/repository/org/apache/hadoop/hadoop-ozone-recon/0.5.0-SNAPSHOT/hadoop-ozone-recon-0.5.0-SNAPSHOT.jar:/home/user/.m2/repository/org/apache/hadoop/hadoop-ozone-reconcodegen/0.5.0-SNAPSHOT/hadoop-ozone-reconcodegen-0.5.0-SNAPSHOT.jar:/home/user/.m2/repository/com/google/inject/extensions/guice-multibindings/4.0/guice-multibindings-4.0.jar:/home/user/.m2/repository/com/google/inject/guice/4.0/guice-4.0.jar:/home/user/.m2/repository/aopalliance/aopalliance/1.0/aopalliance-1.0.jar:/home/user/.m2/repository/com/google/inject/extensions/guice-servlet/4.0/guice-servlet-4.0.jar:/home/user/.m2/repository/org/glassfish/jersey/containers/jersey-container-servlet/2.27/jersey-container-servlet-2.27.jar:/home/user/.m2/repository/org/glassfish/hk2/guice-bridge/2.5.0/guice-bridge-2.5.0.jar:/home/user/.m2/repository/org/glassfish/jersey/core/jersey-server/2.27/jersey-server-2.27.jar:/home/user/.m2/repository/org/glassfish/jersey/core/jersey-client/2.27/jersey-client-2.27.jar:/home/user/.m2/repository/org/glassfish/jersey/media/jersey-media-jaxb/2.27/jersey-media-jaxb-2.27.jar:/home/user/.m2/repository/javax/validation/validation-api/1.1.0.Final/validation-api-1.1.0.Final.jar:/home/user/.m2/repository/org/glassfish/jersey/media/jersey-media-json-jackson/2.27/jersey-media-json-jackson-2.27.jar:/home/user/.m2/repository/org/glassfish/jersey/ext/jersey-entity-filtering/2.27/jersey-entity-filtering-2.27.jar:/home/user/.m2/repository/com/google/inject/extensions/guice-assistedinject/4.0/guice-assistedinject-4.0.jar:/home/user/.m2/repository/org/jooq/jooq/3.11.10/jooq-3.11.10.jar:/home/user/.m2/repository/org/jooq/jooq-meta/3.11.10/jooq-meta-3.11.10.jar:/home/user/.m2/repository/org/jooq/jooq-codegen/3.11.10/jooq-codegen-3.11.10.jar:/home/user/.m2/repository/com/jolbox/bonecp/0.8.0.RELEASE/bonecp-0.8.0.RELEASE.jar:/home/user/.m2/repository/org/xerial/sqlite-jdbc/3.25.2/sqlite-jdbc-3.25.2.jar:/home/user/.m2/repository/org/springframework/spring-jdbc/5.1.3.RELEASE/spring-jdbc-5.1.3.RELEASE.jar:/home/user/.m2/repository/org/springframework/spring-beans/5.1.3.RELEASE/spring-beans-5.1.3.RELEASE.jar:/home/user/.m2/repository/org/springframework/spring-core/5.1.3.RELEASE/spring-core-5.1.3.RELEASE.jar:/home/user/.m2/repository/org/springframework/spring-jcl/5.1.3.RELEASE/spring-jcl-5.1.3.RELEASE.jar:/home/user/.m2/repository/org/springframework/spring-tx/5.1.3.RELEASE/spring-tx-5.1.3.RELEASE.jar:/home/user/.m2/repository/org/apache/hadoop/hadoop-ozone-client/0.5.0-SNAPSHOT/hadoop-ozone-client-0.5.0-SNAPSHOT.jar:/home/user/.m2/repository/commons-lang/commons-lang/2.6/commons-lang-2.6.jar:/home/user/.m2/repository/org/apache/hadoop/hadoop-ozone-ozone-manager/0.5.0-SNAPSHOT/hadoop-ozone-ozone-manager-0.5.0-SNAPSHOT-tests.jar:/home/user/.m2/repository/junit/junit/4.11/junit-4.11.jar:/home/user/.m2/repository/org/hamcrest/hamcrest-core/1.3/hamcrest-core-1.3.jar:/home/user/.m2/repository/org/openjdk/jmh/jmh-core/1.19/jmh-core-1.19.jar:/home/user/.m2/repository/net/sf/jopt-simple/jopt-simple/4.6/jopt-simple-4.6.jar:/home/user/.m2/repository/org/apache/commons/commons-math3/3.1.1/commons-math3-3.1.1.jar:/home/user/.m2/repository/org/openjdk/jmh/jmh-generator-annprocess/1.19/jmh-generator-annprocess-1.19.jar:/home/user/.m2/repository/org/mockito/mockito-all/1.8.5/mockito-all-1.8.5.jar:/home/user/.m2/repository/org/apache/hadoop/hadoop-kms/3.2.0/hadoop-kms-3.2.0.jar:/home/user/.m2/repository/org/apache/hadoop/hadoop-auth/3.2.0/hadoop-auth-3.2.0.jar:/home/user/.m2/repository/com/nimbusds/nimbus-jose-jwt/4.41.1/nimbus-jose-jwt-4.41.1.jar:/home/user/.m2/repository/com/github/stephenc/jcip/jcip-annotations/1.0-1/jcip-annotations-1.0-1.jar:/home/user/.m2/repository/net/minidev/json-smart/2.3/json-smart-2.3.jar:/home/user/.m2/repository/net/minidev/accessors-smart/1.2/accessors-smart-1.2.jar:/home/user/.m2/repository/org/ow2/asm/asm/5.0.4/asm-5.0.4.jar:/home/user/.m2/repository/org/apache/curator/curator-framework/2.12.0/curator-framework-2.12.0.jar:/home/user/.m2/repository/com/sun/jersey/jersey-core/1.19/jersey-core-1.19.jar:/home/user/.m2/repository/javax/ws/rs/jsr311-api/1.1.1/jsr311-api-1.1.1.jar:/home/user/.m2/repository/com/sun/jersey/jersey-server/1.19/jersey-server-1.19.jar:/home/user/.m2/repository/javax/servlet/javax.servlet-api/3.1.0/javax.servlet-api-3.1.0.jar:/home/user/.m2/repository/org/eclipse/jetty/jetty-server/9.3.25.v20180904/jetty-server-9.3.25.v20180904.jar:/home/user/.m2/repository/org/eclipse/jetty/jetty-http/9.3.25.v20180904/jetty-http-9.3.25.v20180904.jar:/home/user/.m2/repository/org/eclipse/jetty/jetty-io/9.3.25.v20180904/jetty-io-9.3.25.v20180904.jar:/home/user/.m2/repository/org/eclipse/jetty/jetty-webapp/9.3.25.v20180904/jetty-webapp-9.3.25.v20180904.jar:/home/user/.m2/repository/org/eclipse/jetty/jetty-xml/9.3.25.v20180904/jetty-xml-9.3.25.v20180904.jar:/home/user/.m2/repository/log4j/log4j/1.2.17/log4j-1.2.17.jar:/home/user/.m2/repository/org/slf4j/slf4j-api/1.7.25/slf4j-api-1.7.25.jar:/home/user/.m2/repository/org/slf4j/jul-to-slf4j/1.7.25/jul-to-slf4j-1.7.25.jar:/home/user/.m2/repository/org/eclipse/jetty/jetty-util/9.3.25.v20180904/jetty-util-9.3.25.v20180904.jar:/home/user/.m2/repository/com/fasterxml/jackson/core/jackson-databind/2.9.9/jackson-databind-2.9.9.jar:/home/user/.m2/repository/org/apache/hadoop/hadoop-kms/3.2.0/hadoop-kms-3.2.0-tests.jar:/home/user/.m2/repository/org/apache/hadoop/hadoop-hdds-server-scm/0.5.0-SNAPSHOT/hadoop-hdds-server-scm-0.5.0-SNAPSHOT-tests.jar:/home/user/.m2/repository/org/apache/hadoop/hadoop-hdds-container-service/0.5.0-SNAPSHOT/hadoop-hdds-container-service-0.5.0-SNAPSHOT-tests.jar:/home/user/.m2/repository/org/yaml/snakeyaml/1.16/snakeyaml-1.16.jar:/home/user/.m2/repository/org/apache/hadoop/hadoop-common/3.2.0/hadoop-common-3.2.0-tests.jar:/home/user/.m2/repository/org/apache/hadoop/hadoop-annotations/3.2.0/hadoop-annotations-3.2.0.jar:/usr/lib/jvm/java-1.8.0-openjdk-1.8.0.222.b10-1.el7_7.x86_64/jre/../lib/tools.jar:/home/user/.m2/repository/commons-cli/commons-cli/1.2/commons-cli-1.2.jar:/home/user/.m2/repository/org/apache/httpcomponents/httpclient/4.5.2/httpclient-4.5.2.jar:/home/user/.m2/repository/org/apache/httpcomponents/httpcore/4.4.4/httpcore-4.4.4.jar:/home/user/.m2/repository/commons-codec/commons-codec/1.11/commons-codec-1.11.jar:/home/user/.m2/repository/commons-net/commons-net/3.6/commons-net-3.6.jar:/home/user/.m2/repository/commons-collections/commons-collections/3.2.2/commons-collections-3.2.2.jar:/home/user/.m2/repository/org/eclipse/jetty/jetty-servlet/9.3.25.v20180904/jetty-servlet-9.3.25.v20180904.jar:/home/user/.m2/repository/org/eclipse/jetty/jetty-security/9.3.25.v20180904/jetty-security-9.3.25.v20180904.jar:/home/user/.m2/repository/javax/servlet/jsp/jsp-api/2.1/jsp-api-2.1.jar:/home/user/.m2/repository/com/sun/jersey/jersey-servlet/1.19/jersey-servlet-1.19.jar:/home/user/.m2/repository/com/sun/jersey/jersey-json/1.19/jersey-json-1.19.jar:/home/user/.m2/repository/org/codehaus/jettison/jettison/1.1/jettison-1.1.jar:/home/user/.m2/repository/org/codehaus/jackson/jackson-core-asl/1.9.13/jackson-core-asl-1.9.13.jar:/home/user/.m2/repository/org/codehaus/jackson/jackson-mapper-asl/1.9.13/jackson-mapper-asl-1.9.13.jar:/home/user/.m2/repository/org/codehaus/jackson/jackson-jaxrs/1.9.13/jackson-jaxrs-1.9.13.jar:/home/user/.m2/repository/org/codehaus/jackson/jackson-xc/1.9.13/jackson-xc-1.9.13.jar:/home/user/.m2/repository/commons-logging/commons-logging/1.1.3/commons-logging-1.1.3.jar:/home/user/.m2/repository/commons-beanutils/commons-beanutils/1.9.4/commons-beanutils-1.9.4.jar:/home/user/.m2/repository/org/apache/commons/commons-configuration2/2.1.1/commons-configuration2-2.1.1.jar:/home/user/.m2/repository/org/apache/commons/commons-lang3/3.7/commons-lang3-3.7.jar:/home/user/.m2/repository/org/apache/commons/commons-text/1.4/commons-text-1.4.jar:/home/user/.m2/repository/org/apache/avro/avro/1.7.7/avro-1.7.7.jar:/home/user/.m2/repository/com/thoughtworks/paranamer/paranamer/2.3/paranamer-2.3.jar:/home/user/.m2/repository/org/xerial/snappy/snappy-java/1.0.5/snappy-java-1.0.5.jar:/home/user/.m2/repository/com/google/re2j/re2j/1.1/re2j-1.1.jar:/home/user/.m2/repository/com/google/code/gson/gson/2.2.4/gson-2.2.4.jar:/home/user/.m2/repository/com/jcraft/jsch/0.1.54/jsch-0.1.54.jar:/home/user/.m2/repository/org/apache/curator/curator-client/2.12.0/curator-client-2.12.0.jar:/home/user/.m2/repository/org/apache/curator/curator-recipes/2.12.0/curator-recipes-2.12.0.jar:/home/user/.m2/repository/com/google/code/findbugs/jsr305/3.0.0/jsr305-3.0.0.jar:/home/user/.m2/repository/org/apache/htrace/htrace-core4/4.1.0-incubating/htrace-core4-4.1.0-incubating.jar:/home/user/.m2/repository/org/apache/zookeeper/zookeeper/3.4.13/zookeeper-3.4.13.jar:/home/user/.m2/repository/jline/jline/0.9.94/jline-0.9.94.jar:/home/user/.m2/repository/org/apache/yetus/audience-annotations/0.5.0/audience-annotations-0.5.0.jar:/home/user/.m2/repository/org/codehaus/woodstox/stax2-api/3.1.4/stax2-api-3.1.4.jar:/home/user/.m2/repository/com/fasterxml/woodstox/woodstox-core/5.0.3/woodstox-core-5.0.3.jar:/home/user/.m2/repository/dnsjava/dnsjava/2.1.7/dnsjava-2.1.7.jar:/home/user/.m2/repository/org/apache/hadoop/hadoop-hdfs/3.2.0/hadoop-hdfs-3.2.0-tests.jar:/home/user/.m2/repository/org/eclipse/jetty/jetty-util-ajax/9.3.25.v20180904/jetty-util-ajax-9.3.25.v20180904.jar:/home/user/.m2/repository/commons-daemon/commons-daemon/1.0.13/commons-daemon-1.0.13.jar:/home/user/.m2/repository/io/netty/netty/3.10.5.Final/netty-3.10.5.Final.jar:/home/user/.m2/repository/io/netty/netty-all/4.0.52.Final/netty-all-4.0.52.Final.jar:/home/user/.m2/repository/org/fusesource/leveldbjni/leveldbjni-all/1.8/leveldbjni-all-1.8.jar:"/>
    <property name="sun.cpu.endian" value="little"/>
    <property name="user.home" value="/home/user"/>
    <property name="user.language" value="en"/>
    <property name="java.specification.vendor" value="Oracle Corporation"/>
    <property name="java.home" value="/usr/lib/jvm/java-1.8.0-openjdk-1.8.0.222.b10-1.el7_7.x86_64/jre"/>
    <property name="surefire.excludesFile" value="/tools/ozone-bad-unit-tests"/>
    <property name="java.security.krb5.conf" value="/workdir/hadoop-ozone/integration-test/target/test-classes/krb5.conf"/>
    <property name="basedir" value="/workdir/hadoop-ozone/integration-test"/>
    <property name="file.separator" value="/"/>
    <property name="line.separator" value="&#10;"/>
    <property name="java.vm.specification.vendor" value="Oracle Corporation"/>
    <property name="java.specification.name" value="Java Platform API Specification"/>
    <property name="java.awt.graphicsenv" value="sun.awt.X11GraphicsEnvironment"/>
    <property name="surefire.real.class.path" value="/workdir/hadoop-ozone/integration-test/target/surefire/surefirebooter92258076565383932.jar"/>
    <property name="hadoop.log.dir" value="/workdir/hadoop-ozone/integration-test/target/log"/>
    <property name="sun.boot.class.path" value="/usr/lib/jvm/java-1.8.0-openjdk-1.8.0.222.b10-1.el7_7.x86_64/jre/lib/resources.jar:/usr/lib/jvm/java-1.8.0-openjdk-1.8.0.222.b10-1.el7_7.x86_64/jre/lib/rt.jar:/usr/lib/jvm/java-1.8.0-openjdk-1.8.0.222.b10-1.el7_7.x86_64/jre/lib/sunrsasign.jar:/usr/lib/jvm/java-1.8.0-openjdk-1.8.0.222.b10-1.el7_7.x86_64/jre/lib/jsse.jar:/usr/lib/jvm/java-1.8.0-openjdk-1.8.0.222.b10-1.el7_7.x86_64/jre/lib/jce.jar:/usr/lib/jvm/java-1.8.0-openjdk-1.8.0.222.b10-1.el7_7.x86_64/jre/lib/charsets.jar:/usr/lib/jvm/java-1.8.0-openjdk-1.8.0.222.b10-1.el7_7.x86_64/jre/lib/jfr.jar:/usr/lib/jvm/java-1.8.0-openjdk-1.8.0.222.b10-1.el7_7.x86_64/jre/classes"/>
    <property name="sun.management.compiler" value="HotSpot 64-Bit Tiered Compilers"/>
    <property name="java.runtime.version" value="1.8.0_222-b10"/>
    <property name="java.net.preferIPv4Stack" value="true"/>
    <property name="user.name" value="jenkins1000"/>
    <property name="path.separator" value=":"/>
    <property name="java.security.egd" value="file:///dev/urandom"/>
    <property name="os.version" value="3.10.0-957.12.2.el7.x86_64"/>
    <property name="java.endorsed.dirs" value="/usr/lib/jvm/java-1.8.0-openjdk-1.8.0.222.b10-1.el7_7.x86_64/jre/lib/endorsed"/>
    <property name="java.runtime.name" value="OpenJDK Runtime Environment"/>
    <property name="file.encoding" value="ANSI_X3.4-1968"/>
    <property name="java.vm.name" value="OpenJDK 64-Bit Server VM"/>
    <property name="test.build.webapps" value=""/>
    <property name="localRepository" value="/home/user/.m2/repository"/>
    <property name="java.vendor.url.bug" value="http://bugreport.sun.com/bugreport/"/>
    <property name="java.io.tmpdir" value="/tmp"/>
    <property name="require.test.libhadoop" value=""/>
    <property name="java.version" value="1.8.0_222"/>
    <property name="user.dir" value="/workdir/hadoop-ozone/integration-test"/>
    <property name="os.arch" value="amd64"/>
    <property name="java.vm.specification.name" value="Java Virtual Machine Specification"/>
    <property name="test.build.classes" value="/workdir/hadoop-ozone/integration-test/target/test-classes"/>
    <property name="java.awt.printerjob" value="sun.print.PSPrinterJob"/>
    <property name="sun.os.patch.level" value="unknown"/>
    <property name="hadoop.tmp.dir" value="/workdir/hadoop-ozone/integration-test/target/tmp"/>
    <property name="java.library.path" value="/usr/lib:/workdir/hadoop-ozone/integration-test/target/native/target/usr/local/lib:/workdir/hadoop-ozone/integration-test/../../hadoop-common-project/hadoop-common/target/native/target/usr/local/lib:/usr/java/packages/lib/amd64:/usr/lib64:/lib64:/lib:/usr/lib"/>
    <property name="java.vm.info" value="mixed mode"/>
    <property name="java.vendor" value="Oracle Corporation"/>
    <property name="java.vm.version" value="25.222-b10"/>
    <property name="java.ext.dirs" value="/usr/lib/jvm/java-1.8.0-openjdk-1.8.0.222.b10-1.el7_7.x86_64/jre/lib/ext:/usr/java/packages/lib/ext"/>
    <property name="sun.io.unicode.encoding" value="UnicodeLittle"/>
    <property name="java.class.version" value="52.0"/>
  </properties>
  <testcase name="testMultiBlockWritesWithIntermittentDnFailures" classname="org.apache.hadoop.ozone.client.rpc.TestMultiBlockWritesWithDnFailures" time="77.064"/>
  <testcase name="testMultiBlockWritesWithDnFailures" classname="org.apache.hadoop.ozone.client.rpc.TestMultiBlockWritesWithDnFailures" time="24.545">
    <error message="Allocated 0 blocks. Requested 1 blocks" type="INTERNAL_ERROR org.apache.hadoop.ozone.om.exceptions.OMException">INTERNAL_ERROR org.apache.hadoop.ozone.om.exceptions.OMException: Allocated 0 blocks. Requested 1 blocks
	at org.apache.hadoop.ozone.om.protocolPB.OzoneManagerProtocolClientSideTranslatorPB.handleError(OzoneManagerProtocolClientSideTranslatorPB.java:761)
	at org.apache.hadoop.ozone.om.protocolPB.OzoneManagerProtocolClientSideTranslatorPB.allocateBlock(OzoneManagerProtocolClientSideTranslatorPB.java:793)
	at sun.reflect.NativeMethodAccessorImpl.invoke0(Native Method)
	at sun.reflect.NativeMethodAccessorImpl.invoke(NativeMethodAccessorImpl.java:62)
	at sun.reflect.DelegatingMethodAccessorImpl.invoke(DelegatingMethodAccessorImpl.java:43)
	at java.lang.reflect.Method.invoke(Method.java:498)
	at org.apache.hadoop.hdds.tracing.TraceAllMethod.invoke(TraceAllMethod.java:66)
	at com.sun.proxy.$Proxy36.allocateBlock(Unknown Source)
	at org.apache.hadoop.ozone.client.io.BlockOutputStreamEntryPool.allocateNewBlock(BlockOutputStreamEntryPool.java:259)
	at org.apache.hadoop.ozone.client.io.BlockOutputStreamEntryPool.allocateBlockIfNeeded(BlockOutputStreamEntryPool.java:307)
	at org.apache.hadoop.ozone.client.io.KeyOutputStream.handleWrite(KeyOutputStream.java:198)
	at org.apache.hadoop.ozone.client.io.KeyOutputStream.handleRetry(KeyOutputStream.java:375)
	at org.apache.hadoop.ozone.client.io.KeyOutputStream.handleException(KeyOutputStream.java:324)
	at org.apache.hadoop.ozone.client.io.KeyOutputStream.handleWrite(KeyOutputStream.java:228)
	at org.apache.hadoop.ozone.client.io.KeyOutputStream.write(KeyOutputStream.java:190)
	at org.apache.hadoop.ozone.client.io.OzoneOutputStream.write(OzoneOutputStream.java:49)
	at java.io.OutputStream.write(OutputStream.java:75)
	at org.apache.hadoop.ozone.client.rpc.TestMultiBlockWritesWithDnFailures.testMultiBlockWritesWithDnFailures(TestMultiBlockWritesWithDnFailures.java:123)
	at sun.reflect.NativeMethodAccessorImpl.invoke0(Native Method)
	at sun.reflect.NativeMethodAccessorImpl.invoke(NativeMethodAccessorImpl.java:62)
	at sun.reflect.DelegatingMethodAccessorImpl.invoke(DelegatingMethodAccessorImpl.java:43)
	at java.lang.reflect.Method.invoke(Method.java:498)
	at org.junit.runners.model.FrameworkMethod$1.runReflectiveCall(FrameworkMethod.java:47)
	at org.junit.internal.runners.model.ReflectiveCallable.run(ReflectiveCallable.java:12)
	at org.junit.runners.model.FrameworkMethod.invokeExplosively(FrameworkMethod.java:44)
	at org.junit.internal.runners.statements.InvokeMethod.evaluate(InvokeMethod.java:17)
	at org.junit.internal.runners.statements.RunAfters.evaluate(RunAfters.java:27)
	at org.junit.runners.ParentRunner.runLeaf(ParentRunner.java:271)
	at org.junit.runners.BlockJUnit4ClassRunner.runChild(BlockJUnit4ClassRunner.java:70)
	at org.junit.runners.BlockJUnit4ClassRunner.runChild(BlockJUnit4ClassRunner.java:50)
	at org.junit.runners.ParentRunner$3.run(ParentRunner.java:238)
	at org.junit.runners.ParentRunner$1.schedule(ParentRunner.java:63)
	at org.junit.runners.ParentRunner.runChildren(ParentRunner.java:236)
	at org.junit.runners.ParentRunner.access$000(ParentRunner.java:53)
	at org.junit.runners.ParentRunner$2.evaluate(ParentRunner.java:229)
	at org.junit.runners.ParentRunner.run(ParentRunner.java:309)
	at org.apache.maven.surefire.junit4.JUnit4Provider.execute(JUnit4Provider.java:365)
	at org.apache.maven.surefire.junit4.JUnit4Provider.executeWithRerun(JUnit4Provider.java:273)
	at org.apache.maven.surefire.junit4.JUnit4Provider.executeTestSet(JUnit4Provider.java:238)
	at org.apache.maven.surefire.junit4.JUnit4Provider.invoke(JUnit4Provider.java:159)
	at org.apache.maven.surefire.booter.ForkedBooter.invokeProviderInSameClassLoader(ForkedBooter.java:384)
	at org.apache.maven.surefire.booter.ForkedBooter.runSuitesInProcess(ForkedBooter.java:345)
	at org.apache.maven.surefire.booter.ForkedBooter.execute(ForkedBooter.java:126)
	at org.apache.maven.surefire.booter.ForkedBooter.main(ForkedBooter.java:418)
</error>
    <system-out><![CDATA[2019-11-13 04:06:41,708 [main] WARN  server.ServerUtils (ServerUtils.java:getScmDbDir(145)) - ozone.scm.db.dirs is not configured. We recommend adding this setting. Falling back to ozone.metadata.dirs instead.
2019-11-13 04:06:41,747 [main] WARN  server.ServerUtils (ServerUtils.java:getScmDbDir(145)) - ozone.scm.db.dirs is not configured. We recommend adding this setting. Falling back to ozone.metadata.dirs instead.
2019-11-13 04:06:41,747 [main] WARN  server.ServerUtils (ServerUtils.java:getScmDbDir(145)) - ozone.scm.db.dirs is not configured. We recommend adding this setting. Falling back to ozone.metadata.dirs instead.
2019-11-13 04:06:41,748 [main] INFO  db.DBStoreBuilder (DBStoreBuilder.java:addTable(127)) - using custom profile for table: deletedBlocks
2019-11-13 04:06:41,748 [main] INFO  db.DBStoreBuilder (DBStoreBuilder.java:processTables(183)) - Using default column profile:DBProfile.DISK for Table:deletedBlocks
2019-11-13 04:06:41,749 [main] INFO  db.DBStoreBuilder (DBStoreBuilder.java:addTable(127)) - using custom profile for table: validCerts
2019-11-13 04:06:41,749 [main] INFO  db.DBStoreBuilder (DBStoreBuilder.java:processTables(183)) - Using default column profile:DBProfile.DISK for Table:validCerts
2019-11-13 04:06:41,749 [main] INFO  db.DBStoreBuilder (DBStoreBuilder.java:addTable(127)) - using custom profile for table: revokedCerts
2019-11-13 04:06:41,749 [main] INFO  db.DBStoreBuilder (DBStoreBuilder.java:processTables(183)) - Using default column profile:DBProfile.DISK for Table:revokedCerts
2019-11-13 04:06:41,750 [main] INFO  db.DBStoreBuilder (DBStoreBuilder.java:addTable(127)) - using custom profile for table: default
2019-11-13 04:06:41,750 [main] INFO  db.DBStoreBuilder (DBStoreBuilder.java:processTables(189)) - Using default column profile:DBProfile.DISK for Table:default
2019-11-13 04:06:41,750 [main] INFO  db.DBStoreBuilder (DBStoreBuilder.java:getDbProfile(220)) - Using default options. DBProfile.DISK
2019-11-13 04:06:41,960 [main] INFO  net.NodeSchemaLoader (NodeSchemaLoader.java:loadSchemaFromFile(125)) - Loading file from sun.misc.CompoundEnumeration@34c70b5e
2019-11-13 04:06:41,960 [main] INFO  net.NodeSchemaLoader (NodeSchemaLoader.java:loadSchema(171)) - Loading network topology layer schema file
2019-11-13 04:06:41,966 [main] INFO  node.SCMNodeManager (SCMNodeManager.java:<init>(116)) - Entering startup safe mode.
2019-11-13 04:06:41,967 [main] INFO  algorithms.ContainerPlacementPolicyFactory (ContainerPlacementPolicyFactory.java:getPolicy(57)) - Create container placement policy of type org.apache.hadoop.hdds.scm.container.placement.algorithms.SCMContainerPlacementRandom
2019-11-13 04:06:41,967 [main] WARN  server.ServerUtils (ServerUtils.java:getScmDbDir(145)) - ozone.scm.db.dirs is not configured. We recommend adding this setting. Falling back to ozone.metadata.dirs instead.
2019-11-13 04:06:42,052 [main] INFO  pipeline.SCMPipelineManager (SCMPipelineManager.java:initializePipelineState(132)) - No pipeline exists in current db
2019-11-13 04:06:42,053 [main] WARN  server.ServerUtils (ServerUtils.java:getScmDbDir(145)) - ozone.scm.db.dirs is not configured. We recommend adding this setting. Falling back to ozone.metadata.dirs instead.
2019-11-13 04:06:42,135 [main] WARN  events.EventQueue (EventQueue.java:fireEvent(183)) - No event handler registered for event TypedEvent{payloadType=SafeModeStatus, name='SafeModeStatus'}
2019-11-13 04:06:42,136 [main] INFO  ipc.CallQueueManager (CallQueueManager.java:<init>(84)) - Using callQueue: class java.util.concurrent.LinkedBlockingQueue, queueCapacity: 2000, scheduler: class org.apache.hadoop.ipc.DefaultRpcScheduler, ipcBackoff: false.
2019-11-13 04:06:42,137 [Socket Reader #1 for port 43407] INFO  ipc.Server (Server.java:run(1074)) - Starting Socket Reader #1 for port 43407
2019-11-13 04:06:42,139 [main] INFO  ipc.CallQueueManager (CallQueueManager.java:<init>(84)) - Using callQueue: class java.util.concurrent.LinkedBlockingQueue, queueCapacity: 2000, scheduler: class org.apache.hadoop.ipc.DefaultRpcScheduler, ipcBackoff: false.
2019-11-13 04:06:42,140 [Socket Reader #1 for port 37139] INFO  ipc.Server (Server.java:run(1074)) - Starting Socket Reader #1 for port 37139
2019-11-13 04:06:42,141 [main] INFO  ipc.CallQueueManager (CallQueueManager.java:<init>(84)) - Using callQueue: class java.util.concurrent.LinkedBlockingQueue, queueCapacity: 2000, scheduler: class org.apache.hadoop.ipc.DefaultRpcScheduler, ipcBackoff: false.
2019-11-13 04:06:42,142 [Socket Reader #1 for port 34684] INFO  ipc.Server (Server.java:run(1074)) - Starting Socket Reader #1 for port 34684
2019-11-13 04:06:42,146 [main] INFO  hdfs.DFSUtil (DFSUtil.java:httpServerTemplateForNNAndJN(1641)) - Starting Web-server for scm at: http://0.0.0.0:0
2019-11-13 04:06:42,149 [main] INFO  server.AuthenticationFilter (AuthenticationFilter.java:constructSecretProvider(240)) - Unable to initialize FileSignerSecretProvider, falling back to use random secrets.
2019-11-13 04:06:42,150 [main] WARN  http.HttpRequestLog (HttpRequestLog.java:getRequestLog(97)) - Jetty request log can only be enabled using Log4j
2019-11-13 04:06:42,152 [main] INFO  http.HttpServer2 (HttpServer2.java:addGlobalFilter(975)) - Added global filter 'safety' (class=org.apache.hadoop.http.HttpServer2$QuotingInputFilter)
2019-11-13 04:06:42,153 [main] INFO  http.HttpServer2 (HttpServer2.java:addFilter(948)) - Added filter static_user_filter (class=org.apache.hadoop.http.lib.StaticUserWebFilter$StaticUserFilter) to context scm
2019-11-13 04:06:42,154 [main] INFO  http.HttpServer2 (HttpServer2.java:addFilter(958)) - Added filter static_user_filter (class=org.apache.hadoop.http.lib.StaticUserWebFilter$StaticUserFilter) to context logs
2019-11-13 04:06:42,154 [main] INFO  http.HttpServer2 (HttpServer2.java:addFilter(958)) - Added filter static_user_filter (class=org.apache.hadoop.http.lib.StaticUserWebFilter$StaticUserFilter) to context static
2019-11-13 04:06:42,157 [main] INFO  server.StorageContainerManager (StorageContainerManager.java:start(764)) - StorageContainerLocationProtocol RPC server is listening at /0.0.0.0:34684
2019-11-13 04:06:42,160 [main] WARN  impl.MetricsConfig (MetricsConfig.java:loadFirst(134)) - Cannot locate configuration: tried hadoop-metrics2-storagecontainermanager.properties,hadoop-metrics2.properties
2019-11-13 04:06:42,161 [main] INFO  impl.MetricsSystemImpl (MetricsSystemImpl.java:startTimer(374)) - Scheduled Metric snapshot period at 10 second(s).
2019-11-13 04:06:42,161 [main] INFO  impl.MetricsSystemImpl (MetricsSystemImpl.java:start(191)) - StorageContainerManager metrics system started
2019-11-13 04:06:42,208 [main] WARN  impl.MetricsSystemImpl (MetricsSystemImpl.java:register(276)) - Sink prometheus already exists!
2019-11-13 04:06:42,211 [main] INFO  server.SCMClientProtocolServer (SCMClientProtocolServer.java:start(159)) - RPC server for Client  is listening at /0.0.0.0:34684
2019-11-13 04:06:42,212 [IPC Server Responder] INFO  ipc.Server (Server.java:run(1314)) - IPC Server Responder: starting
2019-11-13 04:06:42,212 [IPC Server listener on 34684] INFO  ipc.Server (Server.java:run(1153)) - IPC Server listener on 34684: starting
2019-11-13 04:06:42,216 [main] INFO  server.StorageContainerManager (StorageContainerManager.java:start(774)) - ScmBlockLocationProtocol RPC server is listening at /0.0.0.0:37139
2019-11-13 04:06:42,216 [main] INFO  server.SCMBlockProtocolServer (SCMBlockProtocolServer.java:start(146)) - RPC server for Block Protocol is listening at /0.0.0.0:37139
2019-11-13 04:06:42,217 [IPC Server Responder] INFO  ipc.Server (Server.java:run(1314)) - IPC Server Responder: starting
2019-11-13 04:06:42,217 [IPC Server listener on 37139] INFO  ipc.Server (Server.java:run(1153)) - IPC Server listener on 37139: starting
2019-11-13 04:06:42,221 [main] INFO  server.StorageContainerManager (StorageContainerManager.java:start(778)) - ScmDatanodeProtocl RPC server is listening at /0.0.0.0:43407
2019-11-13 04:06:42,221 [main] INFO  server.SCMDatanodeProtocolServer (SCMDatanodeProtocolServer.java:start(169)) - RPC server for DataNodes is listening at /0.0.0.0:43407
2019-11-13 04:06:42,221 [IPC Server Responder] INFO  ipc.Server (Server.java:run(1314)) - IPC Server Responder: starting
2019-11-13 04:06:42,222 [IPC Server listener on 43407] INFO  ipc.Server (Server.java:run(1153)) - IPC Server listener on 43407: starting
2019-11-13 04:06:42,226 [main] INFO  http.HttpServer2 (HttpServer2.java:bindListener(1191)) - Jetty bound to port 44225
2019-11-13 04:06:42,226 [main] INFO  server.Server (Server.java:doStart(351)) - jetty-9.3.25.v20180904, build timestamp: 2018-09-04T21:11:46Z, git hash: 3ce520221d0240229c862b122d2b06c12a625732
2019-11-13 04:06:42,229 [main] INFO  handler.ContextHandler (ContextHandler.java:doStart(781)) - Started o.e.j.s.ServletContextHandler@705a8dbc{/logs,file:///workdir/hadoop-ozone/integration-test/target/log,AVAILABLE}
2019-11-13 04:06:42,229 [main] INFO  handler.ContextHandler (ContextHandler.java:doStart(781)) - Started o.e.j.s.ServletContextHandler@d535a3d{/static,file:///workdir/hadoop-ozone/integration-test/target/test-classes/webapps/static,AVAILABLE}
2019-11-13 04:06:42,236 [main] INFO  handler.ContextHandler (ContextHandler.java:doStart(781)) - Started o.e.j.w.WebAppContext@7bf01cb{/,file:///workdir/hadoop-ozone/integration-test/target/test-classes/webapps/scm/,AVAILABLE}{/scm}
2019-11-13 04:06:42,237 [main] INFO  server.AbstractConnector (AbstractConnector.java:doStart(278)) - Started ServerConnector@2f382a5e{HTTP/1.1,[http/1.1]}{0.0.0.0:44225}
2019-11-13 04:06:42,237 [main] INFO  server.Server (Server.java:doStart(419)) - Started @77991ms
2019-11-13 04:06:42,237 [main] WARN  impl.MetricsSystemImpl (MetricsSystemImpl.java:register(276)) - Sink prometheus already exists!
2019-11-13 04:06:42,239 [main] INFO  server.BaseHttpServer (BaseHttpServer.java:updateConnectorAddress(215)) - HTTP server of SCM is listening at http://0.0.0.0:44225
2019-11-13 04:06:42,240 [main] WARN  server.ServerUtils (ServerUtils.java:getDBPath(222)) - ozone.om.db.dirs is not configured. We recommend adding this setting. Falling back to ozone.metadata.dirs instead.
2019-11-13 04:06:42,240 [org.apache.hadoop.util.JvmPauseMonitor$Monitor@539a138b] INFO  util.JvmPauseMonitor (JvmPauseMonitor.java:run(188)) - Starting JVM pause monitor
2019-11-13 04:06:42,251 [main] INFO  ha.OMHANodeDetails (OMHANodeDetails.java:loadOMHAConfig(190)) - Configuration either no ozone.om.address set. Falling back to the default OM address /127.0.0.1:0
2019-11-13 04:06:42,252 [main] INFO  ha.OMHANodeDetails (OMHANodeDetails.java:getOMNodeDetails(220)) - OM Service ID is not set. Setting it to the default ID: omServiceIdDefault
2019-11-13 04:06:42,252 [main] WARN  server.ServerUtils (ServerUtils.java:getDBPath(222)) - ozone.om.db.dirs is not configured. We recommend adding this setting. Falling back to ozone.metadata.dirs instead.
2019-11-13 04:06:42,253 [main] WARN  server.ServerUtils (ServerUtils.java:getDBPath(222)) - ozone.om.db.dirs is not configured. We recommend adding this setting. Falling back to ozone.metadata.dirs instead.
2019-11-13 04:06:42,260 [main] WARN  server.ServerUtils (ServerUtils.java:getDBPath(222)) - ozone.om.db.dirs is not configured. We recommend adding this setting. Falling back to ozone.metadata.dirs instead.
2019-11-13 04:06:42,261 [main] INFO  db.DBStoreBuilder (DBStoreBuilder.java:addTable(127)) - using custom profile for table: userTable
2019-11-13 04:06:42,261 [main] INFO  db.DBStoreBuilder (DBStoreBuilder.java:processTables(183)) - Using default column profile:DBProfile.DISK for Table:userTable
2019-11-13 04:06:42,262 [main] INFO  db.DBStoreBuilder (DBStoreBuilder.java:addTable(127)) - using custom profile for table: volumeTable
2019-11-13 04:06:42,262 [main] INFO  db.DBStoreBuilder (DBStoreBuilder.java:processTables(183)) - Using default column profile:DBProfile.DISK for Table:volumeTable
2019-11-13 04:06:42,262 [main] INFO  db.DBStoreBuilder (DBStoreBuilder.java:addTable(127)) - using custom profile for table: bucketTable
2019-11-13 04:06:42,262 [main] INFO  db.DBStoreBuilder (DBStoreBuilder.java:processTables(183)) - Using default column profile:DBProfile.DISK for Table:bucketTable
2019-11-13 04:06:42,263 [main] INFO  db.DBStoreBuilder (DBStoreBuilder.java:addTable(127)) - using custom profile for table: keyTable
2019-11-13 04:06:42,263 [main] INFO  db.DBStoreBuilder (DBStoreBuilder.java:processTables(183)) - Using default column profile:DBProfile.DISK for Table:keyTable
2019-11-13 04:06:42,263 [main] INFO  db.DBStoreBuilder (DBStoreBuilder.java:addTable(127)) - using custom profile for table: deletedTable
2019-11-13 04:06:42,263 [main] INFO  db.DBStoreBuilder (DBStoreBuilder.java:processTables(183)) - Using default column profile:DBProfile.DISK for Table:deletedTable
2019-11-13 04:06:42,264 [main] INFO  db.DBStoreBuilder (DBStoreBuilder.java:addTable(127)) - using custom profile for table: openKeyTable
2019-11-13 04:06:42,264 [main] INFO  db.DBStoreBuilder (DBStoreBuilder.java:processTables(183)) - Using default column profile:DBProfile.DISK for Table:openKeyTable
2019-11-13 04:06:42,264 [main] INFO  db.DBStoreBuilder (DBStoreBuilder.java:addTable(127)) - using custom profile for table: s3Table
2019-11-13 04:06:42,264 [main] INFO  db.DBStoreBuilder (DBStoreBuilder.java:processTables(183)) - Using default column profile:DBProfile.DISK for Table:s3Table
2019-11-13 04:06:42,265 [main] INFO  db.DBStoreBuilder (DBStoreBuilder.java:addTable(127)) - using custom profile for table: multipartInfoTable
2019-11-13 04:06:42,265 [main] INFO  db.DBStoreBuilder (DBStoreBuilder.java:processTables(183)) - Using default column profile:DBProfile.DISK for Table:multipartInfoTable
2019-11-13 04:06:42,265 [main] INFO  db.DBStoreBuilder (DBStoreBuilder.java:addTable(127)) - using custom profile for table: dTokenTable
2019-11-13 04:06:42,265 [main] INFO  db.DBStoreBuilder (DBStoreBuilder.java:processTables(183)) - Using default column profile:DBProfile.DISK for Table:dTokenTable
2019-11-13 04:06:42,266 [main] INFO  db.DBStoreBuilder (DBStoreBuilder.java:addTable(127)) - using custom profile for table: s3SecretTable
2019-11-13 04:06:42,266 [main] INFO  db.DBStoreBuilder (DBStoreBuilder.java:processTables(183)) - Using default column profile:DBProfile.DISK for Table:s3SecretTable
2019-11-13 04:06:42,266 [main] INFO  db.DBStoreBuilder (DBStoreBuilder.java:addTable(127)) - using custom profile for table: prefixTable
2019-11-13 04:06:42,266 [main] INFO  db.DBStoreBuilder (DBStoreBuilder.java:processTables(183)) - Using default column profile:DBProfile.DISK for Table:prefixTable
2019-11-13 04:06:42,267 [main] INFO  db.DBStoreBuilder (DBStoreBuilder.java:addTable(127)) - using custom profile for table: default
2019-11-13 04:06:42,267 [main] INFO  db.DBStoreBuilder (DBStoreBuilder.java:processTables(189)) - Using default column profile:DBProfile.DISK for Table:default
2019-11-13 04:06:42,267 [main] INFO  db.DBStoreBuilder (DBStoreBuilder.java:getDbProfile(220)) - Using default options. DBProfile.DISK
2019-11-13 04:06:42,908 [main] INFO  ipc.CallQueueManager (CallQueueManager.java:<init>(84)) - Using callQueue: class java.util.concurrent.LinkedBlockingQueue, queueCapacity: 2000, scheduler: class org.apache.hadoop.ipc.DefaultRpcScheduler, ipcBackoff: false.
2019-11-13 04:06:42,909 [Socket Reader #1 for port 34788] INFO  ipc.Server (Server.java:run(1074)) - Starting Socket Reader #1 for port 34788
2019-11-13 04:06:42,928 [main] INFO  om.OzoneManager (OzoneManager.java:start(1077)) - OzoneManager RPC server is listening at localhost/127.0.0.1:34788
2019-11-13 04:06:42,928 [main] INFO  impl.MetricsSystemImpl (MetricsSystemImpl.java:init(158)) - OzoneManager metrics system started (again)
2019-11-13 04:06:42,930 [IPC Server Responder] INFO  ipc.Server (Server.java:run(1314)) - IPC Server Responder: starting
2019-11-13 04:06:42,931 [IPC Server listener on 34788] INFO  ipc.Server (Server.java:run(1153)) - IPC Server listener on 34788: starting
2019-11-13 04:06:42,935 [main] INFO  hdfs.DFSUtil (DFSUtil.java:httpServerTemplateForNNAndJN(1641)) - Starting Web-server for ozoneManager at: http://0.0.0.0:0
2019-11-13 04:06:42,937 [main] INFO  server.AuthenticationFilter (AuthenticationFilter.java:constructSecretProvider(240)) - Unable to initialize FileSignerSecretProvider, falling back to use random secrets.
2019-11-13 04:06:42,938 [main] WARN  http.HttpRequestLog (HttpRequestLog.java:getRequestLog(97)) - Jetty request log can only be enabled using Log4j
2019-11-13 04:06:42,940 [main] INFO  http.HttpServer2 (HttpServer2.java:addGlobalFilter(975)) - Added global filter 'safety' (class=org.apache.hadoop.http.HttpServer2$QuotingInputFilter)
2019-11-13 04:06:42,941 [main] INFO  http.HttpServer2 (HttpServer2.java:addFilter(948)) - Added filter static_user_filter (class=org.apache.hadoop.http.lib.StaticUserWebFilter$StaticUserFilter) to context ozoneManager
2019-11-13 04:06:42,941 [main] INFO  http.HttpServer2 (HttpServer2.java:addFilter(958)) - Added filter static_user_filter (class=org.apache.hadoop.http.lib.StaticUserWebFilter$StaticUserFilter) to context logs
2019-11-13 04:06:42,941 [main] INFO  http.HttpServer2 (HttpServer2.java:addFilter(958)) - Added filter static_user_filter (class=org.apache.hadoop.http.lib.StaticUserWebFilter$StaticUserFilter) to context static
2019-11-13 04:06:42,943 [main] INFO  http.HttpServer2 (HttpServer2.java:bindListener(1191)) - Jetty bound to port 44304
2019-11-13 04:06:42,943 [main] INFO  server.Server (Server.java:doStart(351)) - jetty-9.3.25.v20180904, build timestamp: 2018-09-04T21:11:46Z, git hash: 3ce520221d0240229c862b122d2b06c12a625732
2019-11-13 04:06:42,945 [main] INFO  handler.ContextHandler (ContextHandler.java:doStart(781)) - Started o.e.j.s.ServletContextHandler@5b5dce5c{/logs,file:///workdir/hadoop-ozone/integration-test/target/log,AVAILABLE}
2019-11-13 04:06:42,945 [main] INFO  handler.ContextHandler (ContextHandler.java:doStart(781)) - Started o.e.j.s.ServletContextHandler@adcfad9{/static,file:///workdir/hadoop-ozone/integration-test/target/test-classes/webapps/static,AVAILABLE}
2019-11-13 04:06:42,951 [main] INFO  handler.ContextHandler (ContextHandler.java:doStart(781)) - Started o.e.j.w.WebAppContext@6d0be7ab{/,file:///workdir/hadoop-ozone/integration-test/target/test-classes/webapps/ozoneManager/,AVAILABLE}{/ozoneManager}
2019-11-13 04:06:42,951 [main] INFO  server.AbstractConnector (AbstractConnector.java:doStart(278)) - Started ServerConnector@1d4fb213{HTTP/1.1,[http/1.1]}{0.0.0.0:44304}
2019-11-13 04:06:42,952 [main] INFO  server.Server (Server.java:doStart(419)) - Started @78706ms
2019-11-13 04:06:42,952 [main] WARN  impl.MetricsSystemImpl (MetricsSystemImpl.java:register(276)) - Sink prometheus already exists!
2019-11-13 04:06:42,953 [main] INFO  server.BaseHttpServer (BaseHttpServer.java:updateConnectorAddress(215)) - HTTP server of OZONEMANAGER is listening at http://0.0.0.0:44304
2019-11-13 04:06:42,971 [main] INFO  impl.MetricsSystemImpl (MetricsSystemImpl.java:init(158)) - HddsDatanode metrics system started (again)
2019-11-13 04:06:42,973 [main] INFO  ozone.HddsDatanodeService (HddsDatanodeService.java:start(186)) - HddsDatanodeService host:trunk-nightly-20191113-wdxpm-1799726093 ip:192.168.34.45
2019-11-13 04:06:42,980 [main] INFO  volume.HddsVolume (HddsVolume.java:<init>(176)) - Creating Volume: /workdir/hadoop-ozone/integration-test/target/test-dir/MiniOzoneClusterImpl-b85b6ab0-505c-4a5c-9cb9-9f0034e19733/datanode-0/data/containers/hdds of  storage type : DISK and capacity : 1482555576320
2019-11-13 04:06:42,980 [main] INFO  volume.VolumeSet (VolumeSet.java:initializeVolumeSet(170)) - Added Volume : /workdir/hadoop-ozone/integration-test/target/test-dir/MiniOzoneClusterImpl-b85b6ab0-505c-4a5c-9cb9-9f0034e19733/datanode-0/data/containers/hdds to VolumeSet
2019-11-13 04:06:42,980 [main] INFO  volume.ThrottledAsyncChecker (ThrottledAsyncChecker.java:schedule(141)) - Scheduling a check for /workdir/hadoop-ozone/integration-test/target/test-dir/MiniOzoneClusterImpl-b85b6ab0-505c-4a5c-9cb9-9f0034e19733/datanode-0/data/containers/hdds
2019-11-13 04:06:42,981 [main] INFO  volume.HddsVolumeChecker (HddsVolumeChecker.java:checkAllVolumes(204)) - Scheduled health check for volume /workdir/hadoop-ozone/integration-test/target/test-dir/MiniOzoneClusterImpl-b85b6ab0-505c-4a5c-9cb9-9f0034e19733/datanode-0/data/containers/hdds
2019-11-13 04:06:42,997 [main] INFO  impl.RaftServerProxy (ConfUtils.java:logGet(43)) - raft.rpc.type = GRPC (default)
2019-11-13 04:06:42,997 [main] INFO  grpc.GrpcFactory (GrpcFactory.java:checkPooledByteBufAllocatorUseCacheForAllThreads(45)) - PERFORMANCE WARNING: useCacheForAllThreads is true that may cause Netty to create a lot garbage objects and, as a result, trigger GC.
	It is recommended to disable useCacheForAllThreads by setting -Dorg.apache.ratis.thirdparty.io.netty.allocator.useCacheForAllThreads=false in command line.
2019-11-13 04:06:42,997 [main] INFO  grpc.GrpcConfigKeys$Server (ConfUtils.java:logGet(43)) - raft.grpc.server.port = 0 (default)
2019-11-13 04:06:42,997 [main] INFO  server.GrpcService (ConfUtils.java:logGet(43)) - raft.grpc.message.size.max = 33570816 (custom)
2019-11-13 04:06:42,997 [main] INFO  server.RaftServerConfigKeys (ConfUtils.java:logGet(43)) - raft.server.log.appender.buffer.byte-limit = 33554432 (custom)
2019-11-13 04:06:42,998 [main] INFO  server.GrpcService (ConfUtils.java:logGet(43)) - raft.grpc.flow.control.window = 1MB (=1048576) (default)
2019-11-13 04:06:42,998 [main] INFO  server.RaftServerConfigKeys (ConfUtils.java:logGet(43)) - raft.server.rpc.request.timeout = 3000ms (default)
2019-11-13 04:06:42,998 [main] INFO  server.RaftServerConfigKeys (ConfUtils.java:logGet(43)) - raft.server.storage.dir = [/workdir/hadoop-ozone/integration-test/target/test-dir/MiniOzoneClusterImpl-b85b6ab0-505c-4a5c-9cb9-9f0034e19733/datanode-0/data/ratis] (custom)
2019-11-13 04:06:43,000 [main] INFO  hdfs.DFSUtil (DFSUtil.java:httpServerTemplateForNNAndJN(1641)) - Starting Web-server for hddsDatanode at: http://0.0.0.0:0
2019-11-13 04:06:43,002 [main] INFO  server.AuthenticationFilter (AuthenticationFilter.java:constructSecretProvider(240)) - Unable to initialize FileSignerSecretProvider, falling back to use random secrets.
2019-11-13 04:06:43,002 [main] WARN  http.HttpRequestLog (HttpRequestLog.java:getRequestLog(97)) - Jetty request log can only be enabled using Log4j
2019-11-13 04:06:43,003 [main] INFO  http.HttpServer2 (HttpServer2.java:addGlobalFilter(975)) - Added global filter 'safety' (class=org.apache.hadoop.http.HttpServer2$QuotingInputFilter)
2019-11-13 04:06:43,004 [main] INFO  http.HttpServer2 (HttpServer2.java:addFilter(948)) - Added filter static_user_filter (class=org.apache.hadoop.http.lib.StaticUserWebFilter$StaticUserFilter) to context hddsDatanode
2019-11-13 04:06:43,004 [main] INFO  http.HttpServer2 (HttpServer2.java:addFilter(958)) - Added filter static_user_filter (class=org.apache.hadoop.http.lib.StaticUserWebFilter$StaticUserFilter) to context logs
2019-11-13 04:06:43,004 [main] INFO  http.HttpServer2 (HttpServer2.java:addFilter(958)) - Added filter static_user_filter (class=org.apache.hadoop.http.lib.StaticUserWebFilter$StaticUserFilter) to context static
2019-11-13 04:06:43,005 [main] INFO  http.HttpServer2 (HttpServer2.java:bindListener(1191)) - Jetty bound to port 43936
2019-11-13 04:06:43,005 [main] INFO  server.Server (Server.java:doStart(351)) - jetty-9.3.25.v20180904, build timestamp: 2018-09-04T21:11:46Z, git hash: 3ce520221d0240229c862b122d2b06c12a625732
2019-11-13 04:06:43,008 [main] INFO  handler.ContextHandler (ContextHandler.java:doStart(781)) - Started o.e.j.s.ServletContextHandler@52b46d52{/logs,file:///workdir/hadoop-ozone/integration-test/target/log,AVAILABLE}
2019-11-13 04:06:43,008 [main] INFO  handler.ContextHandler (ContextHandler.java:doStart(781)) - Started o.e.j.s.ServletContextHandler@67022ea{/static,jar:file:/home/user/.m2/repository/org/apache/hadoop/hadoop-hdds-container-service/0.5.0-SNAPSHOT/hadoop-hdds-container-service-0.5.0-SNAPSHOT.jar!/webapps/static,AVAILABLE}
2019-11-13 04:06:43,042 [main] INFO  handler.ContextHandler (ContextHandler.java:doStart(781)) - Started o.e.j.w.WebAppContext@30c3ae63{/,file:///tmp/jetty-0.0.0.0-43936-hddsDatanode-_-any-8343930311214963874.dir/webapp/,AVAILABLE}{/hddsDatanode}
2019-11-13 04:06:43,042 [main] INFO  server.AbstractConnector (AbstractConnector.java:doStart(278)) - Started ServerConnector@58658f63{HTTP/1.1,[http/1.1]}{0.0.0.0:43936}
2019-11-13 04:06:43,044 [main] INFO  server.Server (Server.java:doStart(419)) - Started @78798ms
2019-11-13 04:06:43,044 [main] WARN  impl.MetricsSystemImpl (MetricsSystemImpl.java:register(276)) - Sink prometheus already exists!
2019-11-13 04:06:43,045 [main] INFO  server.BaseHttpServer (BaseHttpServer.java:updateConnectorAddress(215)) - HTTP server of HDDSDATANODE is listening at http://0.0.0.0:43936
2019-11-13 04:06:43,046 [main] INFO  impl.MetricsSystemImpl (MetricsSystemImpl.java:init(158)) - HddsDatanode metrics system started (again)
2019-11-13 04:06:43,047 [main] INFO  ozone.HddsDatanodeService (HddsDatanodeService.java:start(186)) - HddsDatanodeService host:trunk-nightly-20191113-wdxpm-1799726093 ip:192.168.34.45
2019-11-13 04:06:43,048 [org.apache.hadoop.util.JvmPauseMonitor$Monitor@40c4a9e7] INFO  util.JvmPauseMonitor (JvmPauseMonitor.java:run(188)) - Starting JVM pause monitor
2019-11-13 04:06:43,050 [Datanode State Machine Thread - 0] INFO  datanode.InitDatanodeState (InitDatanodeState.java:persistContainerDatanodeDetails(140)) - DatanodeDetails is persisted to /workdir/hadoop-ozone/integration-test/target/test-dir/MiniOzoneClusterImpl-b85b6ab0-505c-4a5c-9cb9-9f0034e19733/datanode-0/meta/datanode.id
2019-11-13 04:06:43,054 [main] INFO  volume.HddsVolume (HddsVolume.java:<init>(176)) - Creating Volume: /workdir/hadoop-ozone/integration-test/target/test-dir/MiniOzoneClusterImpl-b85b6ab0-505c-4a5c-9cb9-9f0034e19733/datanode-1/data/containers/hdds of  storage type : DISK and capacity : 1482555576320
2019-11-13 04:06:43,054 [main] INFO  volume.VolumeSet (VolumeSet.java:initializeVolumeSet(170)) - Added Volume : /workdir/hadoop-ozone/integration-test/target/test-dir/MiniOzoneClusterImpl-b85b6ab0-505c-4a5c-9cb9-9f0034e19733/datanode-1/data/containers/hdds to VolumeSet
2019-11-13 04:06:43,054 [main] INFO  volume.ThrottledAsyncChecker (ThrottledAsyncChecker.java:schedule(141)) - Scheduling a check for /workdir/hadoop-ozone/integration-test/target/test-dir/MiniOzoneClusterImpl-b85b6ab0-505c-4a5c-9cb9-9f0034e19733/datanode-1/data/containers/hdds
2019-11-13 04:06:43,054 [main] INFO  volume.HddsVolumeChecker (HddsVolumeChecker.java:checkAllVolumes(204)) - Scheduled health check for volume /workdir/hadoop-ozone/integration-test/target/test-dir/MiniOzoneClusterImpl-b85b6ab0-505c-4a5c-9cb9-9f0034e19733/datanode-1/data/containers/hdds
2019-11-13 04:06:43,067 [main] INFO  impl.RaftServerProxy (ConfUtils.java:logGet(43)) - raft.rpc.type = GRPC (default)
2019-11-13 04:06:43,067 [main] INFO  grpc.GrpcFactory (GrpcFactory.java:checkPooledByteBufAllocatorUseCacheForAllThreads(45)) - PERFORMANCE WARNING: useCacheForAllThreads is true that may cause Netty to create a lot garbage objects and, as a result, trigger GC.
	It is recommended to disable useCacheForAllThreads by setting -Dorg.apache.ratis.thirdparty.io.netty.allocator.useCacheForAllThreads=false in command line.
2019-11-13 04:06:43,067 [main] INFO  grpc.GrpcConfigKeys$Server (ConfUtils.java:logGet(43)) - raft.grpc.server.port = 0 (default)
2019-11-13 04:06:43,067 [main] INFO  server.GrpcService (ConfUtils.java:logGet(43)) - raft.grpc.message.size.max = 33570816 (custom)
2019-11-13 04:06:43,067 [main] INFO  server.RaftServerConfigKeys (ConfUtils.java:logGet(43)) - raft.server.log.appender.buffer.byte-limit = 33554432 (custom)
2019-11-13 04:06:43,068 [main] INFO  server.GrpcService (ConfUtils.java:logGet(43)) - raft.grpc.flow.control.window = 1MB (=1048576) (default)
2019-11-13 04:06:43,068 [main] INFO  server.RaftServerConfigKeys (ConfUtils.java:logGet(43)) - raft.server.rpc.request.timeout = 3000ms (default)
2019-11-13 04:06:43,068 [main] INFO  server.RaftServerConfigKeys (ConfUtils.java:logGet(43)) - raft.server.storage.dir = [/workdir/hadoop-ozone/integration-test/target/test-dir/MiniOzoneClusterImpl-b85b6ab0-505c-4a5c-9cb9-9f0034e19733/datanode-1/data/ratis] (custom)
2019-11-13 04:06:43,070 [main] INFO  hdfs.DFSUtil (DFSUtil.java:httpServerTemplateForNNAndJN(1641)) - Starting Web-server for hddsDatanode at: http://0.0.0.0:0
2019-11-13 04:06:43,071 [main] INFO  server.AuthenticationFilter (AuthenticationFilter.java:constructSecretProvider(240)) - Unable to initialize FileSignerSecretProvider, falling back to use random secrets.
2019-11-13 04:06:43,072 [main] WARN  http.HttpRequestLog (HttpRequestLog.java:getRequestLog(97)) - Jetty request log can only be enabled using Log4j
2019-11-13 04:06:43,073 [main] INFO  http.HttpServer2 (HttpServer2.java:addGlobalFilter(975)) - Added global filter 'safety' (class=org.apache.hadoop.http.HttpServer2$QuotingInputFilter)
2019-11-13 04:06:43,074 [main] INFO  http.HttpServer2 (HttpServer2.java:addFilter(948)) - Added filter static_user_filter (class=org.apache.hadoop.http.lib.StaticUserWebFilter$StaticUserFilter) to context hddsDatanode
2019-11-13 04:06:43,074 [main] INFO  http.HttpServer2 (HttpServer2.java:addFilter(958)) - Added filter static_user_filter (class=org.apache.hadoop.http.lib.StaticUserWebFilter$StaticUserFilter) to context logs
2019-11-13 04:06:43,074 [main] INFO  http.HttpServer2 (HttpServer2.java:addFilter(958)) - Added filter static_user_filter (class=org.apache.hadoop.http.lib.StaticUserWebFilter$StaticUserFilter) to context static
2019-11-13 04:06:43,075 [main] INFO  http.HttpServer2 (HttpServer2.java:bindListener(1191)) - Jetty bound to port 39471
2019-11-13 04:06:43,075 [main] INFO  server.Server (Server.java:doStart(351)) - jetty-9.3.25.v20180904, build timestamp: 2018-09-04T21:11:46Z, git hash: 3ce520221d0240229c862b122d2b06c12a625732
2019-11-13 04:06:43,077 [main] INFO  handler.ContextHandler (ContextHandler.java:doStart(781)) - Started o.e.j.s.ServletContextHandler@17b37e9a{/logs,file:///workdir/hadoop-ozone/integration-test/target/log,AVAILABLE}
2019-11-13 04:06:43,077 [main] INFO  handler.ContextHandler (ContextHandler.java:doStart(781)) - Started o.e.j.s.ServletContextHandler@111d5c97{/static,jar:file:/home/user/.m2/repository/org/apache/hadoop/hadoop-hdds-container-service/0.5.0-SNAPSHOT/hadoop-hdds-container-service-0.5.0-SNAPSHOT.jar!/webapps/static,AVAILABLE}
2019-11-13 04:06:43,107 [main] INFO  handler.ContextHandler (ContextHandler.java:doStart(781)) - Started o.e.j.w.WebAppContext@1319bc2a{/,file:///tmp/jetty-0.0.0.0-39471-hddsDatanode-_-any-7210347511797532807.dir/webapp/,AVAILABLE}{/hddsDatanode}
2019-11-13 04:06:43,108 [main] INFO  server.AbstractConnector (AbstractConnector.java:doStart(278)) - Started ServerConnector@e280403{HTTP/1.1,[http/1.1]}{0.0.0.0:39471}
2019-11-13 04:06:43,108 [main] INFO  server.Server (Server.java:doStart(419)) - Started @78863ms
2019-11-13 04:06:43,109 [main] WARN  impl.MetricsSystemImpl (MetricsSystemImpl.java:register(276)) - Sink prometheus already exists!
2019-11-13 04:06:43,109 [main] INFO  server.BaseHttpServer (BaseHttpServer.java:updateConnectorAddress(215)) - HTTP server of HDDSDATANODE is listening at http://0.0.0.0:39471
2019-11-13 04:06:43,110 [main] INFO  impl.MetricsSystemImpl (MetricsSystemImpl.java:init(158)) - HddsDatanode metrics system started (again)
2019-11-13 04:06:43,112 [main] INFO  ozone.HddsDatanodeService (HddsDatanodeService.java:start(186)) - HddsDatanodeService host:trunk-nightly-20191113-wdxpm-1799726093 ip:192.168.34.45
2019-11-13 04:06:43,112 [org.apache.hadoop.util.JvmPauseMonitor$Monitor@6d3df8ff] INFO  util.JvmPauseMonitor (JvmPauseMonitor.java:run(188)) - Starting JVM pause monitor
2019-11-13 04:06:43,114 [Datanode State Machine Thread - 0] INFO  datanode.InitDatanodeState (InitDatanodeState.java:persistContainerDatanodeDetails(140)) - DatanodeDetails is persisted to /workdir/hadoop-ozone/integration-test/target/test-dir/MiniOzoneClusterImpl-b85b6ab0-505c-4a5c-9cb9-9f0034e19733/datanode-1/meta/datanode.id
2019-11-13 04:06:43,120 [main] INFO  volume.HddsVolume (HddsVolume.java:<init>(176)) - Creating Volume: /workdir/hadoop-ozone/integration-test/target/test-dir/MiniOzoneClusterImpl-b85b6ab0-505c-4a5c-9cb9-9f0034e19733/datanode-2/data/containers/hdds of  storage type : DISK and capacity : 1482555576320
2019-11-13 04:06:43,120 [main] INFO  volume.VolumeSet (VolumeSet.java:initializeVolumeSet(170)) - Added Volume : /workdir/hadoop-ozone/integration-test/target/test-dir/MiniOzoneClusterImpl-b85b6ab0-505c-4a5c-9cb9-9f0034e19733/datanode-2/data/containers/hdds to VolumeSet
2019-11-13 04:06:43,120 [main] INFO  volume.ThrottledAsyncChecker (ThrottledAsyncChecker.java:schedule(141)) - Scheduling a check for /workdir/hadoop-ozone/integration-test/target/test-dir/MiniOzoneClusterImpl-b85b6ab0-505c-4a5c-9cb9-9f0034e19733/datanode-2/data/containers/hdds
2019-11-13 04:06:43,121 [main] INFO  volume.HddsVolumeChecker (HddsVolumeChecker.java:checkAllVolumes(204)) - Scheduled health check for volume /workdir/hadoop-ozone/integration-test/target/test-dir/MiniOzoneClusterImpl-b85b6ab0-505c-4a5c-9cb9-9f0034e19733/datanode-2/data/containers/hdds
2019-11-13 04:06:43,141 [main] INFO  impl.RaftServerProxy (ConfUtils.java:logGet(43)) - raft.rpc.type = GRPC (default)
2019-11-13 04:06:43,142 [main] INFO  grpc.GrpcFactory (GrpcFactory.java:checkPooledByteBufAllocatorUseCacheForAllThreads(45)) - PERFORMANCE WARNING: useCacheForAllThreads is true that may cause Netty to create a lot garbage objects and, as a result, trigger GC.
	It is recommended to disable useCacheForAllThreads by setting -Dorg.apache.ratis.thirdparty.io.netty.allocator.useCacheForAllThreads=false in command line.
2019-11-13 04:06:43,142 [main] INFO  grpc.GrpcConfigKeys$Server (ConfUtils.java:logGet(43)) - raft.grpc.server.port = 0 (default)
2019-11-13 04:06:43,142 [main] INFO  server.GrpcService (ConfUtils.java:logGet(43)) - raft.grpc.message.size.max = 33570816 (custom)
2019-11-13 04:06:43,142 [main] INFO  server.RaftServerConfigKeys (ConfUtils.java:logGet(43)) - raft.server.log.appender.buffer.byte-limit = 33554432 (custom)
2019-11-13 04:06:43,143 [main] INFO  server.GrpcService (ConfUtils.java:logGet(43)) - raft.grpc.flow.control.window = 1MB (=1048576) (default)
2019-11-13 04:06:43,143 [main] INFO  server.RaftServerConfigKeys (ConfUtils.java:logGet(43)) - raft.server.rpc.request.timeout = 3000ms (default)
2019-11-13 04:06:43,144 [main] INFO  server.RaftServerConfigKeys (ConfUtils.java:logGet(43)) - raft.server.storage.dir = [/workdir/hadoop-ozone/integration-test/target/test-dir/MiniOzoneClusterImpl-b85b6ab0-505c-4a5c-9cb9-9f0034e19733/datanode-2/data/ratis] (custom)
2019-11-13 04:06:43,147 [main] INFO  hdfs.DFSUtil (DFSUtil.java:httpServerTemplateForNNAndJN(1641)) - Starting Web-server for hddsDatanode at: http://0.0.0.0:0
2019-11-13 04:06:43,148 [main] INFO  server.AuthenticationFilter (AuthenticationFilter.java:constructSecretProvider(240)) - Unable to initialize FileSignerSecretProvider, falling back to use random secrets.
2019-11-13 04:06:43,149 [main] WARN  http.HttpRequestLog (HttpRequestLog.java:getRequestLog(97)) - Jetty request log can only be enabled using Log4j
2019-11-13 04:06:43,151 [main] INFO  http.HttpServer2 (HttpServer2.java:addGlobalFilter(975)) - Added global filter 'safety' (class=org.apache.hadoop.http.HttpServer2$QuotingInputFilter)
2019-11-13 04:06:43,152 [main] INFO  http.HttpServer2 (HttpServer2.java:addFilter(948)) - Added filter static_user_filter (class=org.apache.hadoop.http.lib.StaticUserWebFilter$StaticUserFilter) to context hddsDatanode
2019-11-13 04:06:43,152 [main] INFO  http.HttpServer2 (HttpServer2.java:addFilter(958)) - Added filter static_user_filter (class=org.apache.hadoop.http.lib.StaticUserWebFilter$StaticUserFilter) to context logs
2019-11-13 04:06:43,152 [main] INFO  http.HttpServer2 (HttpServer2.java:addFilter(958)) - Added filter static_user_filter (class=org.apache.hadoop.http.lib.StaticUserWebFilter$StaticUserFilter) to context static
2019-11-13 04:06:43,153 [main] INFO  http.HttpServer2 (HttpServer2.java:bindListener(1191)) - Jetty bound to port 36026
2019-11-13 04:06:43,153 [main] INFO  server.Server (Server.java:doStart(351)) - jetty-9.3.25.v20180904, build timestamp: 2018-09-04T21:11:46Z, git hash: 3ce520221d0240229c862b122d2b06c12a625732
2019-11-13 04:06:43,155 [main] INFO  handler.ContextHandler (ContextHandler.java:doStart(781)) - Started o.e.j.s.ServletContextHandler@39f5b723{/logs,file:///workdir/hadoop-ozone/integration-test/target/log,AVAILABLE}
2019-11-13 04:06:43,156 [main] INFO  handler.ContextHandler (ContextHandler.java:doStart(781)) - Started o.e.j.s.ServletContextHandler@2404b5a{/static,jar:file:/home/user/.m2/repository/org/apache/hadoop/hadoop-hdds-container-service/0.5.0-SNAPSHOT/hadoop-hdds-container-service-0.5.0-SNAPSHOT.jar!/webapps/static,AVAILABLE}
2019-11-13 04:06:43,191 [main] INFO  handler.ContextHandler (ContextHandler.java:doStart(781)) - Started o.e.j.w.WebAppContext@32eae6f2{/,file:///tmp/jetty-0.0.0.0-36026-hddsDatanode-_-any-9084019545159431280.dir/webapp/,AVAILABLE}{/hddsDatanode}
2019-11-13 04:06:43,191 [main] INFO  server.AbstractConnector (AbstractConnector.java:doStart(278)) - Started ServerConnector@26ca61bf{HTTP/1.1,[http/1.1]}{0.0.0.0:36026}
2019-11-13 04:06:43,192 [main] INFO  server.Server (Server.java:doStart(419)) - Started @78946ms
2019-11-13 04:06:43,192 [main] WARN  impl.MetricsSystemImpl (MetricsSystemImpl.java:register(276)) - Sink prometheus already exists!
2019-11-13 04:06:43,193 [main] INFO  server.BaseHttpServer (BaseHttpServer.java:updateConnectorAddress(215)) - HTTP server of HDDSDATANODE is listening at http://0.0.0.0:36026
2019-11-13 04:06:43,194 [main] INFO  impl.MetricsSystemImpl (MetricsSystemImpl.java:init(158)) - HddsDatanode metrics system started (again)
2019-11-13 04:06:43,197 [org.apache.hadoop.util.JvmPauseMonitor$Monitor@6e0a2141] INFO  util.JvmPauseMonitor (JvmPauseMonitor.java:run(188)) - Starting JVM pause monitor
2019-11-13 04:06:43,197 [main] INFO  ozone.HddsDatanodeService (HddsDatanodeService.java:start(186)) - HddsDatanodeService host:trunk-nightly-20191113-wdxpm-1799726093 ip:192.168.34.45
2019-11-13 04:06:43,199 [Datanode State Machine Thread - 0] INFO  datanode.InitDatanodeState (InitDatanodeState.java:persistContainerDatanodeDetails(140)) - DatanodeDetails is persisted to /workdir/hadoop-ozone/integration-test/target/test-dir/MiniOzoneClusterImpl-b85b6ab0-505c-4a5c-9cb9-9f0034e19733/datanode-2/meta/datanode.id
2019-11-13 04:06:43,206 [main] INFO  volume.HddsVolume (HddsVolume.java:<init>(176)) - Creating Volume: /workdir/hadoop-ozone/integration-test/target/test-dir/MiniOzoneClusterImpl-b85b6ab0-505c-4a5c-9cb9-9f0034e19733/datanode-3/data/containers/hdds of  storage type : DISK and capacity : 1482555576320
2019-11-13 04:06:43,206 [main] INFO  volume.VolumeSet (VolumeSet.java:initializeVolumeSet(170)) - Added Volume : /workdir/hadoop-ozone/integration-test/target/test-dir/MiniOzoneClusterImpl-b85b6ab0-505c-4a5c-9cb9-9f0034e19733/datanode-3/data/containers/hdds to VolumeSet
2019-11-13 04:06:43,206 [main] INFO  volume.ThrottledAsyncChecker (ThrottledAsyncChecker.java:schedule(141)) - Scheduling a check for /workdir/hadoop-ozone/integration-test/target/test-dir/MiniOzoneClusterImpl-b85b6ab0-505c-4a5c-9cb9-9f0034e19733/datanode-3/data/containers/hdds
2019-11-13 04:06:43,207 [main] INFO  volume.HddsVolumeChecker (HddsVolumeChecker.java:checkAllVolumes(204)) - Scheduled health check for volume /workdir/hadoop-ozone/integration-test/target/test-dir/MiniOzoneClusterImpl-b85b6ab0-505c-4a5c-9cb9-9f0034e19733/datanode-3/data/containers/hdds
2019-11-13 04:06:43,223 [main] INFO  impl.RaftServerProxy (ConfUtils.java:logGet(43)) - raft.rpc.type = GRPC (default)
2019-11-13 04:06:43,223 [main] INFO  grpc.GrpcFactory (GrpcFactory.java:checkPooledByteBufAllocatorUseCacheForAllThreads(45)) - PERFORMANCE WARNING: useCacheForAllThreads is true that may cause Netty to create a lot garbage objects and, as a result, trigger GC.
	It is recommended to disable useCacheForAllThreads by setting -Dorg.apache.ratis.thirdparty.io.netty.allocator.useCacheForAllThreads=false in command line.
2019-11-13 04:06:43,224 [main] INFO  grpc.GrpcConfigKeys$Server (ConfUtils.java:logGet(43)) - raft.grpc.server.port = 0 (default)
2019-11-13 04:06:43,224 [main] INFO  server.GrpcService (ConfUtils.java:logGet(43)) - raft.grpc.message.size.max = 33570816 (custom)
2019-11-13 04:06:43,224 [main] INFO  server.RaftServerConfigKeys (ConfUtils.java:logGet(43)) - raft.server.log.appender.buffer.byte-limit = 33554432 (custom)
2019-11-13 04:06:43,224 [main] INFO  server.GrpcService (ConfUtils.java:logGet(43)) - raft.grpc.flow.control.window = 1MB (=1048576) (default)
2019-11-13 04:06:43,224 [main] INFO  server.RaftServerConfigKeys (ConfUtils.java:logGet(43)) - raft.server.rpc.request.timeout = 3000ms (default)
2019-11-13 04:06:43,225 [main] INFO  server.RaftServerConfigKeys (ConfUtils.java:logGet(43)) - raft.server.storage.dir = [/workdir/hadoop-ozone/integration-test/target/test-dir/MiniOzoneClusterImpl-b85b6ab0-505c-4a5c-9cb9-9f0034e19733/datanode-3/data/ratis] (custom)
2019-11-13 04:06:43,227 [main] INFO  hdfs.DFSUtil (DFSUtil.java:httpServerTemplateForNNAndJN(1641)) - Starting Web-server for hddsDatanode at: http://0.0.0.0:0
2019-11-13 04:06:43,228 [main] INFO  server.AuthenticationFilter (AuthenticationFilter.java:constructSecretProvider(240)) - Unable to initialize FileSignerSecretProvider, falling back to use random secrets.
2019-11-13 04:06:43,229 [main] WARN  http.HttpRequestLog (HttpRequestLog.java:getRequestLog(97)) - Jetty request log can only be enabled using Log4j
2019-11-13 04:06:43,230 [main] INFO  http.HttpServer2 (HttpServer2.java:addGlobalFilter(975)) - Added global filter 'safety' (class=org.apache.hadoop.http.HttpServer2$QuotingInputFilter)
2019-11-13 04:06:43,231 [main] INFO  http.HttpServer2 (HttpServer2.java:addFilter(948)) - Added filter static_user_filter (class=org.apache.hadoop.http.lib.StaticUserWebFilter$StaticUserFilter) to context hddsDatanode
2019-11-13 04:06:43,231 [main] INFO  http.HttpServer2 (HttpServer2.java:addFilter(958)) - Added filter static_user_filter (class=org.apache.hadoop.http.lib.StaticUserWebFilter$StaticUserFilter) to context logs
2019-11-13 04:06:43,231 [main] INFO  http.HttpServer2 (HttpServer2.java:addFilter(958)) - Added filter static_user_filter (class=org.apache.hadoop.http.lib.StaticUserWebFilter$StaticUserFilter) to context static
2019-11-13 04:06:43,232 [main] INFO  http.HttpServer2 (HttpServer2.java:bindListener(1191)) - Jetty bound to port 40466
2019-11-13 04:06:43,232 [main] INFO  server.Server (Server.java:doStart(351)) - jetty-9.3.25.v20180904, build timestamp: 2018-09-04T21:11:46Z, git hash: 3ce520221d0240229c862b122d2b06c12a625732
2019-11-13 04:06:43,234 [main] INFO  handler.ContextHandler (ContextHandler.java:doStart(781)) - Started o.e.j.s.ServletContextHandler@7f7b6639{/logs,file:///workdir/hadoop-ozone/integration-test/target/log,AVAILABLE}
2019-11-13 04:06:43,235 [main] INFO  handler.ContextHandler (ContextHandler.java:doStart(781)) - Started o.e.j.s.ServletContextHandler@3965bdf9{/static,jar:file:/home/user/.m2/repository/org/apache/hadoop/hadoop-hdds-container-service/0.5.0-SNAPSHOT/hadoop-hdds-container-service-0.5.0-SNAPSHOT.jar!/webapps/static,AVAILABLE}
2019-11-13 04:06:43,272 [main] INFO  handler.ContextHandler (ContextHandler.java:doStart(781)) - Started o.e.j.w.WebAppContext@53c99b09{/,file:///tmp/jetty-0.0.0.0-40466-hddsDatanode-_-any-2056812096565637438.dir/webapp/,AVAILABLE}{/hddsDatanode}
2019-11-13 04:06:43,273 [main] INFO  server.AbstractConnector (AbstractConnector.java:doStart(278)) - Started ServerConnector@2539cd1c{HTTP/1.1,[http/1.1]}{0.0.0.0:40466}
2019-11-13 04:06:43,274 [main] INFO  server.Server (Server.java:doStart(419)) - Started @79028ms
2019-11-13 04:06:43,274 [main] WARN  impl.MetricsSystemImpl (MetricsSystemImpl.java:register(276)) - Sink prometheus already exists!
2019-11-13 04:06:43,275 [main] INFO  server.BaseHttpServer (BaseHttpServer.java:updateConnectorAddress(215)) - HTTP server of HDDSDATANODE is listening at http://0.0.0.0:40466
2019-11-13 04:06:43,275 [main] INFO  impl.MetricsSystemImpl (MetricsSystemImpl.java:init(158)) - HddsDatanode metrics system started (again)
2019-11-13 04:06:43,278 [org.apache.hadoop.util.JvmPauseMonitor$Monitor@24107348] INFO  util.JvmPauseMonitor (JvmPauseMonitor.java:run(188)) - Starting JVM pause monitor
2019-11-13 04:06:43,278 [main] INFO  ozone.HddsDatanodeService (HddsDatanodeService.java:start(186)) - HddsDatanodeService host:trunk-nightly-20191113-wdxpm-1799726093 ip:192.168.34.45
2019-11-13 04:06:43,279 [Datanode State Machine Thread - 0] INFO  datanode.InitDatanodeState (InitDatanodeState.java:persistContainerDatanodeDetails(140)) - DatanodeDetails is persisted to /workdir/hadoop-ozone/integration-test/target/test-dir/MiniOzoneClusterImpl-b85b6ab0-505c-4a5c-9cb9-9f0034e19733/datanode-3/meta/datanode.id
2019-11-13 04:06:43,285 [main] INFO  volume.HddsVolume (HddsVolume.java:<init>(176)) - Creating Volume: /workdir/hadoop-ozone/integration-test/target/test-dir/MiniOzoneClusterImpl-b85b6ab0-505c-4a5c-9cb9-9f0034e19733/datanode-4/data/containers/hdds of  storage type : DISK and capacity : 1482555576320
2019-11-13 04:06:43,285 [main] INFO  volume.VolumeSet (VolumeSet.java:initializeVolumeSet(170)) - Added Volume : /workdir/hadoop-ozone/integration-test/target/test-dir/MiniOzoneClusterImpl-b85b6ab0-505c-4a5c-9cb9-9f0034e19733/datanode-4/data/containers/hdds to VolumeSet
2019-11-13 04:06:43,285 [main] INFO  volume.ThrottledAsyncChecker (ThrottledAsyncChecker.java:schedule(141)) - Scheduling a check for /workdir/hadoop-ozone/integration-test/target/test-dir/MiniOzoneClusterImpl-b85b6ab0-505c-4a5c-9cb9-9f0034e19733/datanode-4/data/containers/hdds
2019-11-13 04:06:43,286 [main] INFO  volume.HddsVolumeChecker (HddsVolumeChecker.java:checkAllVolumes(204)) - Scheduled health check for volume /workdir/hadoop-ozone/integration-test/target/test-dir/MiniOzoneClusterImpl-b85b6ab0-505c-4a5c-9cb9-9f0034e19733/datanode-4/data/containers/hdds
2019-11-13 04:06:43,300 [main] INFO  impl.RaftServerProxy (ConfUtils.java:logGet(43)) - raft.rpc.type = GRPC (default)
2019-11-13 04:06:43,300 [main] INFO  grpc.GrpcFactory (GrpcFactory.java:checkPooledByteBufAllocatorUseCacheForAllThreads(45)) - PERFORMANCE WARNING: useCacheForAllThreads is true that may cause Netty to create a lot garbage objects and, as a result, trigger GC.
	It is recommended to disable useCacheForAllThreads by setting -Dorg.apache.ratis.thirdparty.io.netty.allocator.useCacheForAllThreads=false in command line.
2019-11-13 04:06:43,300 [main] INFO  grpc.GrpcConfigKeys$Server (ConfUtils.java:logGet(43)) - raft.grpc.server.port = 0 (default)
2019-11-13 04:06:43,301 [main] INFO  server.GrpcService (ConfUtils.java:logGet(43)) - raft.grpc.message.size.max = 33570816 (custom)
2019-11-13 04:06:43,301 [main] INFO  server.RaftServerConfigKeys (ConfUtils.java:logGet(43)) - raft.server.log.appender.buffer.byte-limit = 33554432 (custom)
2019-11-13 04:06:43,301 [main] INFO  server.GrpcService (ConfUtils.java:logGet(43)) - raft.grpc.flow.control.window = 1MB (=1048576) (default)
2019-11-13 04:06:43,301 [main] INFO  server.RaftServerConfigKeys (ConfUtils.java:logGet(43)) - raft.server.rpc.request.timeout = 3000ms (default)
2019-11-13 04:06:43,301 [main] INFO  server.RaftServerConfigKeys (ConfUtils.java:logGet(43)) - raft.server.storage.dir = [/workdir/hadoop-ozone/integration-test/target/test-dir/MiniOzoneClusterImpl-b85b6ab0-505c-4a5c-9cb9-9f0034e19733/datanode-4/data/ratis] (custom)
2019-11-13 04:06:43,303 [main] INFO  hdfs.DFSUtil (DFSUtil.java:httpServerTemplateForNNAndJN(1641)) - Starting Web-server for hddsDatanode at: http://0.0.0.0:0
2019-11-13 04:06:43,304 [main] INFO  server.AuthenticationFilter (AuthenticationFilter.java:constructSecretProvider(240)) - Unable to initialize FileSignerSecretProvider, falling back to use random secrets.
2019-11-13 04:06:43,305 [main] WARN  http.HttpRequestLog (HttpRequestLog.java:getRequestLog(97)) - Jetty request log can only be enabled using Log4j
2019-11-13 04:06:43,306 [main] INFO  http.HttpServer2 (HttpServer2.java:addGlobalFilter(975)) - Added global filter 'safety' (class=org.apache.hadoop.http.HttpServer2$QuotingInputFilter)
2019-11-13 04:06:43,307 [main] INFO  http.HttpServer2 (HttpServer2.java:addFilter(948)) - Added filter static_user_filter (class=org.apache.hadoop.http.lib.StaticUserWebFilter$StaticUserFilter) to context hddsDatanode
2019-11-13 04:06:43,307 [main] INFO  http.HttpServer2 (HttpServer2.java:addFilter(958)) - Added filter static_user_filter (class=org.apache.hadoop.http.lib.StaticUserWebFilter$StaticUserFilter) to context logs
2019-11-13 04:06:43,307 [main] INFO  http.HttpServer2 (HttpServer2.java:addFilter(958)) - Added filter static_user_filter (class=org.apache.hadoop.http.lib.StaticUserWebFilter$StaticUserFilter) to context static
2019-11-13 04:06:43,308 [main] INFO  http.HttpServer2 (HttpServer2.java:bindListener(1191)) - Jetty bound to port 42765
2019-11-13 04:06:43,308 [main] INFO  server.Server (Server.java:doStart(351)) - jetty-9.3.25.v20180904, build timestamp: 2018-09-04T21:11:46Z, git hash: 3ce520221d0240229c862b122d2b06c12a625732
2019-11-13 04:06:43,309 [main] INFO  handler.ContextHandler (ContextHandler.java:doStart(781)) - Started o.e.j.s.ServletContextHandler@4c0e426a{/logs,file:///workdir/hadoop-ozone/integration-test/target/log,AVAILABLE}
2019-11-13 04:06:43,310 [main] INFO  handler.ContextHandler (ContextHandler.java:doStart(781)) - Started o.e.j.s.ServletContextHandler@34d713a2{/static,jar:file:/home/user/.m2/repository/org/apache/hadoop/hadoop-hdds-container-service/0.5.0-SNAPSHOT/hadoop-hdds-container-service-0.5.0-SNAPSHOT.jar!/webapps/static,AVAILABLE}
2019-11-13 04:06:43,339 [main] INFO  handler.ContextHandler (ContextHandler.java:doStart(781)) - Started o.e.j.w.WebAppContext@23cbbd07{/,file:///tmp/jetty-0.0.0.0-42765-hddsDatanode-_-any-5739819494410378670.dir/webapp/,AVAILABLE}{/hddsDatanode}
2019-11-13 04:06:43,340 [main] INFO  server.AbstractConnector (AbstractConnector.java:doStart(278)) - Started ServerConnector@448b808a{HTTP/1.1,[http/1.1]}{0.0.0.0:42765}
2019-11-13 04:06:43,341 [main] INFO  server.Server (Server.java:doStart(419)) - Started @79095ms
2019-11-13 04:06:43,341 [main] WARN  impl.MetricsSystemImpl (MetricsSystemImpl.java:register(276)) - Sink prometheus already exists!
2019-11-13 04:06:43,342 [main] INFO  server.BaseHttpServer (BaseHttpServer.java:updateConnectorAddress(215)) - HTTP server of HDDSDATANODE is listening at http://0.0.0.0:42765
2019-11-13 04:06:43,343 [main] INFO  impl.MetricsSystemImpl (MetricsSystemImpl.java:init(158)) - HddsDatanode metrics system started (again)
2019-11-13 04:06:43,345 [org.apache.hadoop.util.JvmPauseMonitor$Monitor@1e1936a1] INFO  util.JvmPauseMonitor (JvmPauseMonitor.java:run(188)) - Starting JVM pause monitor
2019-11-13 04:06:43,346 [main] INFO  ozone.HddsDatanodeService (HddsDatanodeService.java:start(186)) - HddsDatanodeService host:trunk-nightly-20191113-wdxpm-1799726093 ip:192.168.34.45
2019-11-13 04:06:43,347 [Datanode State Machine Thread - 0] INFO  datanode.InitDatanodeState (InitDatanodeState.java:persistContainerDatanodeDetails(140)) - DatanodeDetails is persisted to /workdir/hadoop-ozone/integration-test/target/test-dir/MiniOzoneClusterImpl-b85b6ab0-505c-4a5c-9cb9-9f0034e19733/datanode-4/meta/datanode.id
2019-11-13 04:06:43,353 [main] INFO  volume.HddsVolume (HddsVolume.java:<init>(176)) - Creating Volume: /workdir/hadoop-ozone/integration-test/target/test-dir/MiniOzoneClusterImpl-b85b6ab0-505c-4a5c-9cb9-9f0034e19733/datanode-5/data/containers/hdds of  storage type : DISK and capacity : 1482555576320
2019-11-13 04:06:43,353 [main] INFO  volume.VolumeSet (VolumeSet.java:initializeVolumeSet(170)) - Added Volume : /workdir/hadoop-ozone/integration-test/target/test-dir/MiniOzoneClusterImpl-b85b6ab0-505c-4a5c-9cb9-9f0034e19733/datanode-5/data/containers/hdds to VolumeSet
2019-11-13 04:06:43,353 [main] INFO  volume.ThrottledAsyncChecker (ThrottledAsyncChecker.java:schedule(141)) - Scheduling a check for /workdir/hadoop-ozone/integration-test/target/test-dir/MiniOzoneClusterImpl-b85b6ab0-505c-4a5c-9cb9-9f0034e19733/datanode-5/data/containers/hdds
2019-11-13 04:06:43,353 [main] INFO  volume.HddsVolumeChecker (HddsVolumeChecker.java:checkAllVolumes(204)) - Scheduled health check for volume /workdir/hadoop-ozone/integration-test/target/test-dir/MiniOzoneClusterImpl-b85b6ab0-505c-4a5c-9cb9-9f0034e19733/datanode-5/data/containers/hdds
2019-11-13 04:06:43,366 [main] INFO  impl.RaftServerProxy (ConfUtils.java:logGet(43)) - raft.rpc.type = GRPC (default)
2019-11-13 04:06:43,367 [main] INFO  grpc.GrpcFactory (GrpcFactory.java:checkPooledByteBufAllocatorUseCacheForAllThreads(45)) - PERFORMANCE WARNING: useCacheForAllThreads is true that may cause Netty to create a lot garbage objects and, as a result, trigger GC.
	It is recommended to disable useCacheForAllThreads by setting -Dorg.apache.ratis.thirdparty.io.netty.allocator.useCacheForAllThreads=false in command line.
2019-11-13 04:06:43,367 [main] INFO  grpc.GrpcConfigKeys$Server (ConfUtils.java:logGet(43)) - raft.grpc.server.port = 0 (default)
2019-11-13 04:06:43,367 [main] INFO  server.GrpcService (ConfUtils.java:logGet(43)) - raft.grpc.message.size.max = 33570816 (custom)
2019-11-13 04:06:43,367 [main] INFO  server.RaftServerConfigKeys (ConfUtils.java:logGet(43)) - raft.server.log.appender.buffer.byte-limit = 33554432 (custom)
2019-11-13 04:06:43,367 [main] INFO  server.GrpcService (ConfUtils.java:logGet(43)) - raft.grpc.flow.control.window = 1MB (=1048576) (default)
2019-11-13 04:06:43,367 [main] INFO  server.RaftServerConfigKeys (ConfUtils.java:logGet(43)) - raft.server.rpc.request.timeout = 3000ms (default)
2019-11-13 04:06:43,368 [main] INFO  server.RaftServerConfigKeys (ConfUtils.java:logGet(43)) - raft.server.storage.dir = [/workdir/hadoop-ozone/integration-test/target/test-dir/MiniOzoneClusterImpl-b85b6ab0-505c-4a5c-9cb9-9f0034e19733/datanode-5/data/ratis] (custom)
2019-11-13 04:06:43,370 [main] INFO  hdfs.DFSUtil (DFSUtil.java:httpServerTemplateForNNAndJN(1641)) - Starting Web-server for hddsDatanode at: http://0.0.0.0:0
2019-11-13 04:06:43,371 [main] INFO  server.AuthenticationFilter (AuthenticationFilter.java:constructSecretProvider(240)) - Unable to initialize FileSignerSecretProvider, falling back to use random secrets.
2019-11-13 04:06:43,372 [main] WARN  http.HttpRequestLog (HttpRequestLog.java:getRequestLog(97)) - Jetty request log can only be enabled using Log4j
2019-11-13 04:06:43,373 [main] INFO  http.HttpServer2 (HttpServer2.java:addGlobalFilter(975)) - Added global filter 'safety' (class=org.apache.hadoop.http.HttpServer2$QuotingInputFilter)
2019-11-13 04:06:43,373 [main] INFO  http.HttpServer2 (HttpServer2.java:addFilter(948)) - Added filter static_user_filter (class=org.apache.hadoop.http.lib.StaticUserWebFilter$StaticUserFilter) to context hddsDatanode
2019-11-13 04:06:43,373 [main] INFO  http.HttpServer2 (HttpServer2.java:addFilter(958)) - Added filter static_user_filter (class=org.apache.hadoop.http.lib.StaticUserWebFilter$StaticUserFilter) to context logs
2019-11-13 04:06:43,373 [main] INFO  http.HttpServer2 (HttpServer2.java:addFilter(958)) - Added filter static_user_filter (class=org.apache.hadoop.http.lib.StaticUserWebFilter$StaticUserFilter) to context static
2019-11-13 04:06:43,374 [main] INFO  http.HttpServer2 (HttpServer2.java:bindListener(1191)) - Jetty bound to port 40349
2019-11-13 04:06:43,374 [main] INFO  server.Server (Server.java:doStart(351)) - jetty-9.3.25.v20180904, build timestamp: 2018-09-04T21:11:46Z, git hash: 3ce520221d0240229c862b122d2b06c12a625732
2019-11-13 04:06:43,376 [main] INFO  handler.ContextHandler (ContextHandler.java:doStart(781)) - Started o.e.j.s.ServletContextHandler@78d71df1{/logs,file:///workdir/hadoop-ozone/integration-test/target/log,AVAILABLE}
2019-11-13 04:06:43,376 [main] INFO  handler.ContextHandler (ContextHandler.java:doStart(781)) - Started o.e.j.s.ServletContextHandler@a9c5b75{/static,jar:file:/home/user/.m2/repository/org/apache/hadoop/hadoop-hdds-container-service/0.5.0-SNAPSHOT/hadoop-hdds-container-service-0.5.0-SNAPSHOT.jar!/webapps/static,AVAILABLE}
2019-11-13 04:06:43,405 [main] INFO  handler.ContextHandler (ContextHandler.java:doStart(781)) - Started o.e.j.w.WebAppContext@52227eb2{/,file:///tmp/jetty-0.0.0.0-40349-hddsDatanode-_-any-2507780273043515845.dir/webapp/,AVAILABLE}{/hddsDatanode}
2019-11-13 04:06:43,405 [main] INFO  server.AbstractConnector (AbstractConnector.java:doStart(278)) - Started ServerConnector@5ad1904f{HTTP/1.1,[http/1.1]}{0.0.0.0:40349}
2019-11-13 04:06:43,406 [main] INFO  server.Server (Server.java:doStart(419)) - Started @79160ms
2019-11-13 04:06:43,406 [main] WARN  impl.MetricsSystemImpl (MetricsSystemImpl.java:register(276)) - Sink prometheus already exists!
2019-11-13 04:06:43,407 [main] INFO  server.BaseHttpServer (BaseHttpServer.java:updateConnectorAddress(215)) - HTTP server of HDDSDATANODE is listening at http://0.0.0.0:40349
2019-11-13 04:06:43,407 [main] INFO  ozone.MiniOzoneClusterImpl (MiniOzoneClusterImpl.java:lambda$waitForClusterToBeReady$2(171)) - Waiting for cluster to be ready. Got 0 of 6 DN Heartbeats.
2019-11-13 04:06:43,409 [org.apache.hadoop.util.JvmPauseMonitor$Monitor@e1a4eb0] INFO  util.JvmPauseMonitor (JvmPauseMonitor.java:run(188)) - Starting JVM pause monitor
2019-11-13 04:06:43,412 [Datanode State Machine Thread - 0] INFO  datanode.InitDatanodeState (InitDatanodeState.java:persistContainerDatanodeDetails(140)) - DatanodeDetails is persisted to /workdir/hadoop-ozone/integration-test/target/test-dir/MiniOzoneClusterImpl-b85b6ab0-505c-4a5c-9cb9-9f0034e19733/datanode-5/meta/datanode.id
2019-11-13 04:06:44,408 [main] INFO  ozone.MiniOzoneClusterImpl (MiniOzoneClusterImpl.java:lambda$waitForClusterToBeReady$2(171)) - Waiting for cluster to be ready. Got 0 of 6 DN Heartbeats.
2019-11-13 04:06:45,078 [Datanode State Machine Thread - 0] INFO  ozoneimpl.OzoneContainer (OzoneContainer.java:start(230)) - Attempting to start container services.
2019-11-13 04:06:45,079 [Datanode State Machine Thread - 0] INFO  ozoneimpl.OzoneContainer (OzoneContainer.java:startContainerScrub(194)) - Background container scanner has been disabled.
2019-11-13 04:06:45,079 [Datanode State Machine Thread - 0] INFO  ratis.XceiverServerRatis (XceiverServerRatis.java:start(421)) - Starting XceiverServerRatis 32d4d447-2d26-4c49-a5e1-cd2d67dbedad at port 0
2019-11-13 04:06:45,088 [Datanode State Machine Thread - 0] INFO  impl.RaftServerProxy (RaftServerProxy.java:lambda$start$3(299)) - 32d4d447-2d26-4c49-a5e1-cd2d67dbedad: start RPC server
2019-11-13 04:06:45,092 [Datanode State Machine Thread - 0] INFO  server.GrpcService (GrpcService.java:startImpl(158)) - 32d4d447-2d26-4c49-a5e1-cd2d67dbedad: GrpcService started, listening on 0.0.0.0/0.0.0.0:40211
2019-11-13 04:06:45,092 [Datanode State Machine Thread - 0] INFO  ratis.XceiverServerRatis (XceiverServerRatis.java:start(431)) - XceiverServerRatis 32d4d447-2d26-4c49-a5e1-cd2d67dbedad is started using port 40211
2019-11-13 04:06:45,092 [Datanode State Machine Thread - 0] INFO  server.XceiverServerGrpc (XceiverServerGrpc.java:start(145)) - XceiverServerGrpc 32d4d447-2d26-4c49-a5e1-cd2d67dbedad is started using port 34782
2019-11-13 04:06:45,130 [Datanode State Machine Thread - 0] INFO  ozoneimpl.OzoneContainer (OzoneContainer.java:start(230)) - Attempting to start container services.
2019-11-13 04:06:45,130 [Datanode State Machine Thread - 0] INFO  ozoneimpl.OzoneContainer (OzoneContainer.java:startContainerScrub(194)) - Background container scanner has been disabled.
2019-11-13 04:06:45,130 [Datanode State Machine Thread - 0] INFO  ratis.XceiverServerRatis (XceiverServerRatis.java:start(421)) - Starting XceiverServerRatis 2f653e4e-b4ea-4463-ba35-13c58c0a0d31 at port 0
2019-11-13 04:06:45,138 [Datanode State Machine Thread - 0] INFO  impl.RaftServerProxy (RaftServerProxy.java:lambda$start$3(299)) - 2f653e4e-b4ea-4463-ba35-13c58c0a0d31: start RPC server
2019-11-13 04:06:45,139 [Datanode State Machine Thread - 0] INFO  server.GrpcService (GrpcService.java:startImpl(158)) - 2f653e4e-b4ea-4463-ba35-13c58c0a0d31: GrpcService started, listening on 0.0.0.0/0.0.0.0:41897
2019-11-13 04:06:45,139 [Datanode State Machine Thread - 0] INFO  ratis.XceiverServerRatis (XceiverServerRatis.java:start(431)) - XceiverServerRatis 2f653e4e-b4ea-4463-ba35-13c58c0a0d31 is started using port 41897
2019-11-13 04:06:45,141 [Datanode State Machine Thread - 0] INFO  server.XceiverServerGrpc (XceiverServerGrpc.java:start(145)) - XceiverServerGrpc 2f653e4e-b4ea-4463-ba35-13c58c0a0d31 is started using port 33400
2019-11-13 04:06:45,212 [Datanode State Machine Thread - 0] INFO  ozoneimpl.OzoneContainer (OzoneContainer.java:start(230)) - Attempting to start container services.
2019-11-13 04:06:45,212 [Datanode State Machine Thread - 0] INFO  ozoneimpl.OzoneContainer (OzoneContainer.java:startContainerScrub(194)) - Background container scanner has been disabled.
2019-11-13 04:06:45,212 [Datanode State Machine Thread - 0] INFO  ratis.XceiverServerRatis (XceiverServerRatis.java:start(421)) - Starting XceiverServerRatis 08597d3a-6b69-4d75-a39e-e4e8ac9edde4 at port 0
2019-11-13 04:06:45,220 [Datanode State Machine Thread - 0] INFO  impl.RaftServerProxy (RaftServerProxy.java:lambda$start$3(299)) - 08597d3a-6b69-4d75-a39e-e4e8ac9edde4: start RPC server
2019-11-13 04:06:45,223 [Datanode State Machine Thread - 0] INFO  server.GrpcService (GrpcService.java:startImpl(158)) - 08597d3a-6b69-4d75-a39e-e4e8ac9edde4: GrpcService started, listening on 0.0.0.0/0.0.0.0:41890
2019-11-13 04:06:45,223 [Datanode State Machine Thread - 0] INFO  ratis.XceiverServerRatis (XceiverServerRatis.java:start(431)) - XceiverServerRatis 08597d3a-6b69-4d75-a39e-e4e8ac9edde4 is started using port 41890
2019-11-13 04:06:45,224 [Datanode State Machine Thread - 0] INFO  server.XceiverServerGrpc (XceiverServerGrpc.java:start(145)) - XceiverServerGrpc 08597d3a-6b69-4d75-a39e-e4e8ac9edde4 is started using port 32830
2019-11-13 04:06:45,292 [Datanode State Machine Thread - 0] INFO  ozoneimpl.OzoneContainer (OzoneContainer.java:start(230)) - Attempting to start container services.
2019-11-13 04:06:45,292 [Datanode State Machine Thread - 0] INFO  ozoneimpl.OzoneContainer (OzoneContainer.java:startContainerScrub(194)) - Background container scanner has been disabled.
2019-11-13 04:06:45,292 [Datanode State Machine Thread - 0] INFO  ratis.XceiverServerRatis (XceiverServerRatis.java:start(421)) - Starting XceiverServerRatis 0cea8a44-7441-4692-92a5-de212c14b418 at port 0
2019-11-13 04:06:45,302 [Datanode State Machine Thread - 0] INFO  impl.RaftServerProxy (RaftServerProxy.java:lambda$start$3(299)) - 0cea8a44-7441-4692-92a5-de212c14b418: start RPC server
2019-11-13 04:06:45,303 [Datanode State Machine Thread - 0] INFO  server.GrpcService (GrpcService.java:startImpl(158)) - 0cea8a44-7441-4692-92a5-de212c14b418: GrpcService started, listening on 0.0.0.0/0.0.0.0:44463
2019-11-13 04:06:45,304 [Datanode State Machine Thread - 0] INFO  ratis.XceiverServerRatis (XceiverServerRatis.java:start(431)) - XceiverServerRatis 0cea8a44-7441-4692-92a5-de212c14b418 is started using port 44463
2019-11-13 04:06:45,304 [Datanode State Machine Thread - 0] INFO  server.XceiverServerGrpc (XceiverServerGrpc.java:start(145)) - XceiverServerGrpc 0cea8a44-7441-4692-92a5-de212c14b418 is started using port 42156
2019-11-13 04:06:45,355 [Datanode State Machine Thread - 0] INFO  ozoneimpl.OzoneContainer (OzoneContainer.java:start(230)) - Attempting to start container services.
2019-11-13 04:06:45,355 [Datanode State Machine Thread - 0] INFO  ozoneimpl.OzoneContainer (OzoneContainer.java:startContainerScrub(194)) - Background container scanner has been disabled.
2019-11-13 04:06:45,355 [Datanode State Machine Thread - 0] INFO  ratis.XceiverServerRatis (XceiverServerRatis.java:start(421)) - Starting XceiverServerRatis 50248509-472f-4b93-9431-0a6e6bd3eac0 at port 0
2019-11-13 04:06:45,363 [Datanode State Machine Thread - 0] INFO  impl.RaftServerProxy (RaftServerProxy.java:lambda$start$3(299)) - 50248509-472f-4b93-9431-0a6e6bd3eac0: start RPC server
2019-11-13 04:06:45,365 [Datanode State Machine Thread - 0] INFO  server.GrpcService (GrpcService.java:startImpl(158)) - 50248509-472f-4b93-9431-0a6e6bd3eac0: GrpcService started, listening on 0.0.0.0/0.0.0.0:43078
2019-11-13 04:06:45,365 [Datanode State Machine Thread - 0] INFO  ratis.XceiverServerRatis (XceiverServerRatis.java:start(431)) - XceiverServerRatis 50248509-472f-4b93-9431-0a6e6bd3eac0 is started using port 43078
2019-11-13 04:06:45,366 [Datanode State Machine Thread - 0] INFO  server.XceiverServerGrpc (XceiverServerGrpc.java:start(145)) - XceiverServerGrpc 50248509-472f-4b93-9431-0a6e6bd3eac0 is started using port 34070
2019-11-13 04:06:45,409 [main] INFO  ozone.MiniOzoneClusterImpl (MiniOzoneClusterImpl.java:lambda$waitForClusterToBeReady$2(171)) - Waiting for cluster to be ready. Got 0 of 6 DN Heartbeats.
2019-11-13 04:06:45,425 [Datanode State Machine Thread - 0] INFO  ozoneimpl.OzoneContainer (OzoneContainer.java:start(230)) - Attempting to start container services.
2019-11-13 04:06:45,425 [Datanode State Machine Thread - 0] INFO  ozoneimpl.OzoneContainer (OzoneContainer.java:startContainerScrub(194)) - Background container scanner has been disabled.
2019-11-13 04:06:45,425 [Datanode State Machine Thread - 0] INFO  ratis.XceiverServerRatis (XceiverServerRatis.java:start(421)) - Starting XceiverServerRatis 64d096e6-e0ae-4a1d-97a3-03513c91a164 at port 0
2019-11-13 04:06:45,432 [Datanode State Machine Thread - 0] INFO  impl.RaftServerProxy (RaftServerProxy.java:lambda$start$3(299)) - 64d096e6-e0ae-4a1d-97a3-03513c91a164: start RPC server
2019-11-13 04:06:45,433 [Datanode State Machine Thread - 0] INFO  server.GrpcService (GrpcService.java:startImpl(158)) - 64d096e6-e0ae-4a1d-97a3-03513c91a164: GrpcService started, listening on 0.0.0.0/0.0.0.0:39823
2019-11-13 04:06:45,433 [Datanode State Machine Thread - 0] INFO  ratis.XceiverServerRatis (XceiverServerRatis.java:start(431)) - XceiverServerRatis 64d096e6-e0ae-4a1d-97a3-03513c91a164 is started using port 39823
2019-11-13 04:06:45,434 [Datanode State Machine Thread - 0] INFO  server.XceiverServerGrpc (XceiverServerGrpc.java:start(145)) - XceiverServerGrpc 64d096e6-e0ae-4a1d-97a3-03513c91a164 is started using port 45073
2019-11-13 04:06:46,410 [main] INFO  ozone.MiniOzoneClusterImpl (MiniOzoneClusterImpl.java:lambda$waitForClusterToBeReady$2(171)) - Waiting for cluster to be ready. Got 0 of 6 DN Heartbeats.
2019-11-13 04:06:47,055 [IPC Server handler 1 on 43407] INFO  net.NetworkTopology (NetworkTopologyImpl.java:add(111)) - Added a new node: /default-rack/32d4d447-2d26-4c49-a5e1-cd2d67dbedad
2019-11-13 04:06:47,055 [IPC Server handler 1 on 43407] INFO  node.SCMNodeManager (SCMNodeManager.java:register(267)) - Registered Data node : 32d4d447-2d26-4c49-a5e1-cd2d67dbedad{ip: 192.168.34.45, host: trunk-nightly-20191113-wdxpm-1799726093, networkLocation: /default-rack, certSerialId: null}
2019-11-13 04:06:47,059 [EventQueue-NodeRegistrationContainerReportForDataNodeSafeModeRule] INFO  safemode.SCMSafeModeManager (DataNodeSafeModeRule.java:process(71)) - SCM in safe mode. 1 DataNodes registered, 1 required.
2019-11-13 04:06:47,060 [EventQueue-NodeRegistrationContainerReportForDataNodeSafeModeRule] INFO  safemode.SCMSafeModeManager (SCMSafeModeManager.java:validateSafeModeExitRules(177)) - ScmSafeModeManager, all rules are successfully validated
2019-11-13 04:06:47,060 [EventQueue-NodeRegistrationContainerReportForDataNodeSafeModeRule] INFO  safemode.SCMSafeModeManager (SCMSafeModeManager.java:exitSafeMode(193)) - SCM exiting safe mode.
2019-11-13 04:06:47,078 [grpc-default-executor-7] INFO  impl.RaftServerProxy (RaftServerProxy.java:addNew(89)) - 32d4d447-2d26-4c49-a5e1-cd2d67dbedad: addNew group-C97815DA9AD4:[32d4d447-2d26-4c49-a5e1-cd2d67dbedad:192.168.34.45:40211] returns group-C97815DA9AD4:java.util.concurrent.CompletableFuture@7270e6a7[Not completed]
2019-11-13 04:06:47,081 [pool-153-thread-1] INFO  impl.RaftServerImpl (RaftServerImpl.java:<init>(98)) - 32d4d447-2d26-4c49-a5e1-cd2d67dbedad: new RaftServerImpl for group-C97815DA9AD4:[32d4d447-2d26-4c49-a5e1-cd2d67dbedad:192.168.34.45:40211] with ContainerStateMachine:uninitialized
2019-11-13 04:06:47,081 [pool-153-thread-1] INFO  server.RaftServerConfigKeys (ConfUtils.java:logGet(43)) - raft.server.rpc.timeout.min = 1s (custom)
2019-11-13 04:06:47,081 [pool-153-thread-1] INFO  server.RaftServerConfigKeys (ConfUtils.java:logGet(43)) - raft.server.rpc.timeout.max = 1200ms (custom)
2019-11-13 04:06:47,081 [pool-153-thread-1] INFO  server.RaftServerConfigKeys (ConfUtils.java:logGet(43)) - raft.server.rpcslowness.timeout = 120s (custom)
2019-11-13 04:06:47,082 [pool-153-thread-1] INFO  server.RaftServerConfigKeys (ConfUtils.java:logGet(43)) - raft.server.sleep.deviation.threshold = 300 (default)
2019-11-13 04:06:47,082 [pool-153-thread-1] INFO  server.RaftServerConfigKeys (ConfUtils.java:logGet(43)) - raft.server.log.appender.install.snapshot.enabled = false (custom)
2019-11-13 04:06:47,082 [pool-153-thread-1] INFO  impl.RaftServerImpl (ServerState.java:<init>(103)) - 32d4d447-2d26-4c49-a5e1-cd2d67dbedad@group-C97815DA9AD4: ConfigurationManager, init=-1: [32d4d447-2d26-4c49-a5e1-cd2d67dbedad:192.168.34.45:40211], old=null, confs=<EMPTY_MAP>
2019-11-13 04:06:47,082 [pool-153-thread-1] INFO  server.RaftServerConfigKeys (ConfUtils.java:logGet(43)) - raft.server.storage.dir = [/workdir/hadoop-ozone/integration-test/target/test-dir/MiniOzoneClusterImpl-b85b6ab0-505c-4a5c-9cb9-9f0034e19733/datanode-0/data/ratis] (custom)
2019-11-13 04:06:47,083 [pool-153-thread-1] INFO  server.RaftServerConfigKeys (ConfUtils.java:logGet(43)) - raft.server.log.corruption.policy = EXCEPTION (default)
2019-11-13 04:06:47,083 [pool-153-thread-1] INFO  storage.RaftStorageDirectory (RaftStorageDirectory.java:analyzeStorage(246)) - The storage directory /workdir/hadoop-ozone/integration-test/target/test-dir/MiniOzoneClusterImpl-b85b6ab0-505c-4a5c-9cb9-9f0034e19733/datanode-0/data/ratis/1515ba8e-ecd0-4ef7-b9a7-c97815da9ad4 does not exist. Creating ...
2019-11-13 04:06:47,096 [pool-153-thread-1] INFO  storage.RaftStorageDirectory (RaftStorageDirectory.java:tryLock(328)) - Lock on /workdir/hadoop-ozone/integration-test/target/test-dir/MiniOzoneClusterImpl-b85b6ab0-505c-4a5c-9cb9-9f0034e19733/datanode-0/data/ratis/1515ba8e-ecd0-4ef7-b9a7-c97815da9ad4/in_use.lock acquired by nodename 22723@trunk-nightly-20191113-wdxpm-1799726093
2019-11-13 04:06:47,109 [pool-153-thread-1] INFO  storage.RaftStorage (RaftStorage.java:format(84)) - Storage directory /workdir/hadoop-ozone/integration-test/target/test-dir/MiniOzoneClusterImpl-b85b6ab0-505c-4a5c-9cb9-9f0034e19733/datanode-0/data/ratis/1515ba8e-ecd0-4ef7-b9a7-c97815da9ad4 has been successfully formatted.
2019-11-13 04:06:47,109 [pool-153-thread-1] INFO  ratis.ContainerStateMachine (ContainerStateMachine.java:loadSnapshot(223)) - group-C97815DA9AD4: The snapshot info is null. Setting the last applied indexto:(t:0, i:~)
2019-11-13 04:06:47,109 [pool-153-thread-1] INFO  server.RaftServerConfigKeys (ConfUtils.java:logGet(43)) - raft.server.notification.no-leader.timeout = 120s (custom)
2019-11-13 04:06:47,110 [pool-153-thread-1] INFO  server.RaftServerConfigKeys (ConfUtils.java:logGet(43)) - raft.server.log.use.memory = false (default)
2019-11-13 04:06:47,110 [pool-153-thread-1] INFO  server.RaftServerConfigKeys (ConfUtils.java:logGet(43)) - raft.server.log.purge.gap = 1000000 (custom)
2019-11-13 04:06:47,110 [pool-153-thread-1] INFO  server.RaftServerConfigKeys (ConfUtils.java:logGet(43)) - raft.server.log.appender.buffer.byte-limit = 33554432 (custom)
2019-11-13 04:06:47,110 [pool-153-thread-1] INFO  server.RaftServerConfigKeys (ConfUtils.java:logGet(43)) - raft.server.log.segment.size.max = 1048576 (custom)
2019-11-13 04:06:47,110 [pool-153-thread-1] WARN  impl.MetricRegistriesImpl (MetricRegistriesImpl.java:lambda$create$1(61)) - First MetricRegistry has been created without registering reporters. You may need to call MetricRegistries.global().addReportRegistration(...) before.
2019-11-13 04:06:47,111 [pool-153-thread-1] INFO  server.RaftServerConfigKeys (ConfUtils.java:logGet(43)) - raft.server.log.segment.cache.num.max = 2 (custom)
2019-11-13 04:06:47,111 [pool-153-thread-1] INFO  segmented.SegmentedRaftLogWorker (SegmentedRaftLogWorker.java:<init>(173)) - new 32d4d447-2d26-4c49-a5e1-cd2d67dbedad@group-C97815DA9AD4-SegmentedRaftLogWorker for RaftStorage:Storage Directory /workdir/hadoop-ozone/integration-test/target/test-dir/MiniOzoneClusterImpl-b85b6ab0-505c-4a5c-9cb9-9f0034e19733/datanode-0/data/ratis/1515ba8e-ecd0-4ef7-b9a7-c97815da9ad4
2019-11-13 04:06:47,111 [pool-153-thread-1] INFO  server.RaftServerConfigKeys (ConfUtils.java:logGet(43)) - raft.server.log.queue.byte-limit = 2147483647 (custom)
2019-11-13 04:06:47,111 [pool-153-thread-1] INFO  server.RaftServerConfigKeys (ConfUtils.java:logGet(43)) - raft.server.log.queue.element-limit = 1024 (custom)
2019-11-13 04:06:47,111 [pool-153-thread-1] INFO  server.RaftServerConfigKeys (ConfUtils.java:logGet(43)) - raft.server.log.segment.size.max = 1048576 (custom)
2019-11-13 04:06:47,111 [pool-153-thread-1] INFO  server.RaftServerConfigKeys (ConfUtils.java:logGet(43)) - raft.server.log.preallocated.size = 16384 (custom)
2019-11-13 04:06:47,111 [pool-153-thread-1] INFO  server.RaftServerConfigKeys (ConfUtils.java:logGet(43)) - raft.server.log.write.buffer.size = 33554432 (custom)
2019-11-13 04:06:47,111 [pool-153-thread-1] INFO  server.RaftServerConfigKeys (ConfUtils.java:logGet(43)) - raft.server.log.force.sync.num = 128 (default)
2019-11-13 04:06:47,112 [pool-153-thread-1] INFO  server.RaftServerConfigKeys (ConfUtils.java:logGet(43)) - raft.server.log.statemachine.data.sync = true (default)
2019-11-13 04:06:47,112 [pool-153-thread-1] INFO  server.RaftServerConfigKeys (ConfUtils.java:logGet(43)) - raft.server.log.statemachine.data.sync.timeout = 10s (default)
2019-11-13 04:06:47,112 [pool-153-thread-1] INFO  server.RaftServerConfigKeys (ConfUtils.java:logGet(43)) - raft.server.log.statemachine.data.sync.timeout.retry = -1 (default)
2019-11-13 04:06:47,112 [pool-153-thread-1] INFO  server.RaftServerConfigKeys (ConfUtils.java:logGet(43)) - raft.server.log.statemachine.data.caching.enabled = true (custom)
2019-11-13 04:06:47,112 [pool-153-thread-1] INFO  segmented.SegmentedRaftLogWorker (SegmentedRaftLogWorker.java:lambda$new$0(128)) - 32d4d447-2d26-4c49-a5e1-cd2d67dbedad@group-C97815DA9AD4-SegmentedRaftLogWorker: flushIndex: setUnconditionally 0 -> -1
2019-11-13 04:06:47,113 [pool-153-thread-1] INFO  server.RaftServerConfigKeys (ConfUtils.java:logGet(43)) - raft.server.snapshot.auto.trigger.enabled = true (custom)
2019-11-13 04:06:47,113 [pool-153-thread-1] INFO  server.RaftServerConfigKeys (ConfUtils.java:logGet(43)) - raft.server.snapshot.auto.trigger.threshold = 10000 (custom)
2019-11-13 04:06:47,113 [pool-153-thread-1] INFO  server.RaftServerConfigKeys (ConfUtils.java:logGet(43)) - raft.server.snapshot.retention.file.num = 5 (custom)
2019-11-13 04:06:47,113 [pool-153-thread-1] INFO  server.RaftServerConfigKeys (ConfUtils.java:logGet(43)) - raft.server.retrycache.expirytime = 600000ms (custom)
2019-11-13 04:06:47,114 [pool-153-thread-1] WARN  impl.MetricRegistriesImpl (MetricRegistriesImpl.java:lambda$create$1(61)) - First MetricRegistry has been created without registering reporters. You may need to call MetricRegistries.global().addReportRegistration(...) before.
2019-11-13 04:06:47,114 [pool-153-thread-1] WARN  impl.MetricRegistriesImpl (MetricRegistriesImpl.java:lambda$create$1(61)) - First MetricRegistry has been created without registering reporters. You may need to call MetricRegistries.global().addReportRegistration(...) before.
2019-11-13 04:06:47,114 [IPC Server handler 4 on 43407] INFO  net.NetworkTopology (NetworkTopologyImpl.java:add(111)) - Added a new node: /default-rack/2f653e4e-b4ea-4463-ba35-13c58c0a0d31
2019-11-13 04:06:47,114 [pool-153-thread-1] INFO  impl.RaftServerImpl (RaftServerImpl.java:start(184)) - 32d4d447-2d26-4c49-a5e1-cd2d67dbedad@group-C97815DA9AD4: start as a follower, conf=-1: [32d4d447-2d26-4c49-a5e1-cd2d67dbedad:192.168.34.45:40211], old=null
2019-11-13 04:06:47,114 [IPC Server handler 4 on 43407] INFO  node.SCMNodeManager (SCMNodeManager.java:register(267)) - Registered Data node : 2f653e4e-b4ea-4463-ba35-13c58c0a0d31{ip: 192.168.34.45, host: trunk-nightly-20191113-wdxpm-1799726093, networkLocation: /default-rack, certSerialId: null}
2019-11-13 04:06:47,115 [pool-153-thread-1] INFO  impl.RaftServerImpl (RaftServerImpl.java:setRole(173)) - 32d4d447-2d26-4c49-a5e1-cd2d67dbedad@group-C97815DA9AD4: changes role from      null to FOLLOWER at term 0 for startAsFollower
2019-11-13 04:06:47,115 [pool-153-thread-1] INFO  impl.RoleInfo (RoleInfo.java:updateAndGet(143)) - 32d4d447-2d26-4c49-a5e1-cd2d67dbedad: start FollowerState
2019-11-13 04:06:47,115 [pool-153-thread-1] INFO  util.JmxRegister (JmxRegister.java:tryRegister(44)) - Successfully registered JMX Bean with object name Ratis:service=RaftServer,group=group-C97815DA9AD4,id=32d4d447-2d26-4c49-a5e1-cd2d67dbedad
2019-11-13 04:06:47,116 [pool-153-thread-1] WARN  impl.MetricRegistriesImpl (MetricRegistriesImpl.java:lambda$create$1(61)) - First MetricRegistry has been created without registering reporters. You may need to call MetricRegistries.global().addReportRegistration(...) before.
2019-11-13 04:06:47,120 [RatisPipelineUtilsThread] INFO  pipeline.PipelineStateManager (PipelineStateManager.java:addPipeline(55)) - Created pipeline Pipeline[ Id: 1515ba8e-ecd0-4ef7-b9a7-c97815da9ad4, Nodes: 32d4d447-2d26-4c49-a5e1-cd2d67dbedad{ip: 192.168.34.45, host: trunk-nightly-20191113-wdxpm-1799726093, networkLocation: /default-rack, certSerialId: null}, Type:RATIS, Factor:ONE, State:ALLOCATED]
2019-11-13 04:06:47,127 [grpc-default-executor-7] INFO  impl.RaftServerProxy (RaftServerProxy.java:addNew(89)) - 2f653e4e-b4ea-4463-ba35-13c58c0a0d31: addNew group-C9D6017FACC4:[2f653e4e-b4ea-4463-ba35-13c58c0a0d31:192.168.34.45:41897] returns group-C9D6017FACC4:java.util.concurrent.CompletableFuture@4ffd9590[Not completed]
2019-11-13 04:06:47,128 [pool-163-thread-1] INFO  impl.RaftServerImpl (RaftServerImpl.java:<init>(98)) - 2f653e4e-b4ea-4463-ba35-13c58c0a0d31: new RaftServerImpl for group-C9D6017FACC4:[2f653e4e-b4ea-4463-ba35-13c58c0a0d31:192.168.34.45:41897] with ContainerStateMachine:uninitialized
2019-11-13 04:06:47,128 [pool-163-thread-1] INFO  server.RaftServerConfigKeys (ConfUtils.java:logGet(43)) - raft.server.rpc.timeout.min = 1s (custom)
2019-11-13 04:06:47,129 [pool-163-thread-1] INFO  server.RaftServerConfigKeys (ConfUtils.java:logGet(43)) - raft.server.rpc.timeout.max = 1200ms (custom)
2019-11-13 04:06:47,129 [pool-163-thread-1] INFO  server.RaftServerConfigKeys (ConfUtils.java:logGet(43)) - raft.server.rpcslowness.timeout = 120s (custom)
2019-11-13 04:06:47,129 [pool-163-thread-1] INFO  server.RaftServerConfigKeys (ConfUtils.java:logGet(43)) - raft.server.sleep.deviation.threshold = 300 (default)
2019-11-13 04:06:47,129 [pool-163-thread-1] INFO  server.RaftServerConfigKeys (ConfUtils.java:logGet(43)) - raft.server.log.appender.install.snapshot.enabled = false (custom)
2019-11-13 04:06:47,129 [pool-163-thread-1] INFO  impl.RaftServerImpl (ServerState.java:<init>(103)) - 2f653e4e-b4ea-4463-ba35-13c58c0a0d31@group-C9D6017FACC4: ConfigurationManager, init=-1: [2f653e4e-b4ea-4463-ba35-13c58c0a0d31:192.168.34.45:41897], old=null, confs=<EMPTY_MAP>
2019-11-13 04:06:47,129 [pool-163-thread-1] INFO  server.RaftServerConfigKeys (ConfUtils.java:logGet(43)) - raft.server.storage.dir = [/workdir/hadoop-ozone/integration-test/target/test-dir/MiniOzoneClusterImpl-b85b6ab0-505c-4a5c-9cb9-9f0034e19733/datanode-1/data/ratis] (custom)
2019-11-13 04:06:47,129 [pool-163-thread-1] INFO  server.RaftServerConfigKeys (ConfUtils.java:logGet(43)) - raft.server.log.corruption.policy = EXCEPTION (default)
2019-11-13 04:06:47,130 [pool-163-thread-1] INFO  storage.RaftStorageDirectory (RaftStorageDirectory.java:analyzeStorage(246)) - The storage directory /workdir/hadoop-ozone/integration-test/target/test-dir/MiniOzoneClusterImpl-b85b6ab0-505c-4a5c-9cb9-9f0034e19733/datanode-1/data/ratis/6d06dabb-9740-4089-972b-c9d6017facc4 does not exist. Creating ...
2019-11-13 04:06:47,143 [pool-163-thread-1] INFO  storage.RaftStorageDirectory (RaftStorageDirectory.java:tryLock(328)) - Lock on /workdir/hadoop-ozone/integration-test/target/test-dir/MiniOzoneClusterImpl-b85b6ab0-505c-4a5c-9cb9-9f0034e19733/datanode-1/data/ratis/6d06dabb-9740-4089-972b-c9d6017facc4/in_use.lock acquired by nodename 22723@trunk-nightly-20191113-wdxpm-1799726093
2019-11-13 04:06:47,155 [pool-163-thread-1] INFO  storage.RaftStorage (RaftStorage.java:format(84)) - Storage directory /workdir/hadoop-ozone/integration-test/target/test-dir/MiniOzoneClusterImpl-b85b6ab0-505c-4a5c-9cb9-9f0034e19733/datanode-1/data/ratis/6d06dabb-9740-4089-972b-c9d6017facc4 has been successfully formatted.
2019-11-13 04:06:47,156 [pool-163-thread-1] INFO  ratis.ContainerStateMachine (ContainerStateMachine.java:loadSnapshot(223)) - group-C9D6017FACC4: The snapshot info is null. Setting the last applied indexto:(t:0, i:~)
2019-11-13 04:06:47,156 [pool-163-thread-1] INFO  server.RaftServerConfigKeys (ConfUtils.java:logGet(43)) - raft.server.notification.no-leader.timeout = 120s (custom)
2019-11-13 04:06:47,156 [pool-163-thread-1] INFO  server.RaftServerConfigKeys (ConfUtils.java:logGet(43)) - raft.server.log.use.memory = false (default)
2019-11-13 04:06:47,156 [pool-163-thread-1] INFO  server.RaftServerConfigKeys (ConfUtils.java:logGet(43)) - raft.server.log.purge.gap = 1000000 (custom)
2019-11-13 04:06:47,156 [pool-163-thread-1] INFO  server.RaftServerConfigKeys (ConfUtils.java:logGet(43)) - raft.server.log.appender.buffer.byte-limit = 33554432 (custom)
2019-11-13 04:06:47,156 [pool-163-thread-1] INFO  server.RaftServerConfigKeys (ConfUtils.java:logGet(43)) - raft.server.log.segment.size.max = 1048576 (custom)
2019-11-13 04:06:47,156 [pool-163-thread-1] WARN  impl.MetricRegistriesImpl (MetricRegistriesImpl.java:lambda$create$1(61)) - First MetricRegistry has been created without registering reporters. You may need to call MetricRegistries.global().addReportRegistration(...) before.
2019-11-13 04:06:47,156 [pool-163-thread-1] INFO  server.RaftServerConfigKeys (ConfUtils.java:logGet(43)) - raft.server.log.segment.cache.num.max = 2 (custom)
2019-11-13 04:06:47,156 [pool-163-thread-1] INFO  segmented.SegmentedRaftLogWorker (SegmentedRaftLogWorker.java:<init>(173)) - new 2f653e4e-b4ea-4463-ba35-13c58c0a0d31@group-C9D6017FACC4-SegmentedRaftLogWorker for RaftStorage:Storage Directory /workdir/hadoop-ozone/integration-test/target/test-dir/MiniOzoneClusterImpl-b85b6ab0-505c-4a5c-9cb9-9f0034e19733/datanode-1/data/ratis/6d06dabb-9740-4089-972b-c9d6017facc4
2019-11-13 04:06:47,157 [pool-163-thread-1] INFO  server.RaftServerConfigKeys (ConfUtils.java:logGet(43)) - raft.server.log.queue.byte-limit = 2147483647 (custom)
2019-11-13 04:06:47,157 [pool-163-thread-1] INFO  server.RaftServerConfigKeys (ConfUtils.java:logGet(43)) - raft.server.log.queue.element-limit = 1024 (custom)
2019-11-13 04:06:47,157 [pool-163-thread-1] INFO  server.RaftServerConfigKeys (ConfUtils.java:logGet(43)) - raft.server.log.segment.size.max = 1048576 (custom)
2019-11-13 04:06:47,157 [pool-163-thread-1] INFO  server.RaftServerConfigKeys (ConfUtils.java:logGet(43)) - raft.server.log.preallocated.size = 16384 (custom)
2019-11-13 04:06:47,157 [pool-163-thread-1] INFO  server.RaftServerConfigKeys (ConfUtils.java:logGet(43)) - raft.server.log.write.buffer.size = 33554432 (custom)
2019-11-13 04:06:47,157 [pool-163-thread-1] INFO  server.RaftServerConfigKeys (ConfUtils.java:logGet(43)) - raft.server.log.force.sync.num = 128 (default)
2019-11-13 04:06:47,157 [pool-163-thread-1] INFO  server.RaftServerConfigKeys (ConfUtils.java:logGet(43)) - raft.server.log.statemachine.data.sync = true (default)
2019-11-13 04:06:47,157 [pool-163-thread-1] INFO  server.RaftServerConfigKeys (ConfUtils.java:logGet(43)) - raft.server.log.statemachine.data.sync.timeout = 10s (default)
2019-11-13 04:06:47,157 [pool-163-thread-1] INFO  server.RaftServerConfigKeys (ConfUtils.java:logGet(43)) - raft.server.log.statemachine.data.sync.timeout.retry = -1 (default)
2019-11-13 04:06:47,158 [pool-163-thread-1] INFO  server.RaftServerConfigKeys (ConfUtils.java:logGet(43)) - raft.server.log.statemachine.data.caching.enabled = true (custom)
2019-11-13 04:06:47,158 [pool-163-thread-1] INFO  segmented.SegmentedRaftLogWorker (SegmentedRaftLogWorker.java:lambda$new$0(128)) - 2f653e4e-b4ea-4463-ba35-13c58c0a0d31@group-C9D6017FACC4-SegmentedRaftLogWorker: flushIndex: setUnconditionally 0 -> -1
2019-11-13 04:06:47,158 [pool-163-thread-1] INFO  server.RaftServerConfigKeys (ConfUtils.java:logGet(43)) - raft.server.snapshot.auto.trigger.enabled = true (custom)
2019-11-13 04:06:47,158 [pool-163-thread-1] INFO  server.RaftServerConfigKeys (ConfUtils.java:logGet(43)) - raft.server.snapshot.auto.trigger.threshold = 10000 (custom)
2019-11-13 04:06:47,158 [pool-163-thread-1] INFO  server.RaftServerConfigKeys (ConfUtils.java:logGet(43)) - raft.server.snapshot.retention.file.num = 5 (custom)
2019-11-13 04:06:47,158 [pool-163-thread-1] INFO  server.RaftServerConfigKeys (ConfUtils.java:logGet(43)) - raft.server.retrycache.expirytime = 600000ms (custom)
2019-11-13 04:06:47,159 [pool-163-thread-1] WARN  impl.MetricRegistriesImpl (MetricRegistriesImpl.java:lambda$create$1(61)) - First MetricRegistry has been created without registering reporters. You may need to call MetricRegistries.global().addReportRegistration(...) before.
2019-11-13 04:06:47,159 [pool-163-thread-1] WARN  impl.MetricRegistriesImpl (MetricRegistriesImpl.java:lambda$create$1(61)) - First MetricRegistry has been created without registering reporters. You may need to call MetricRegistries.global().addReportRegistration(...) before.
2019-11-13 04:06:47,159 [pool-163-thread-1] INFO  impl.RaftServerImpl (RaftServerImpl.java:start(184)) - 2f653e4e-b4ea-4463-ba35-13c58c0a0d31@group-C9D6017FACC4: start as a follower, conf=-1: [2f653e4e-b4ea-4463-ba35-13c58c0a0d31:192.168.34.45:41897], old=null
2019-11-13 04:06:47,159 [pool-163-thread-1] INFO  impl.RaftServerImpl (RaftServerImpl.java:setRole(173)) - 2f653e4e-b4ea-4463-ba35-13c58c0a0d31@group-C9D6017FACC4: changes role from      null to FOLLOWER at term 0 for startAsFollower
2019-11-13 04:06:47,159 [pool-163-thread-1] INFO  impl.RoleInfo (RoleInfo.java:updateAndGet(143)) - 2f653e4e-b4ea-4463-ba35-13c58c0a0d31: start FollowerState
2019-11-13 04:06:47,159 [pool-163-thread-1] INFO  util.JmxRegister (JmxRegister.java:tryRegister(44)) - Successfully registered JMX Bean with object name Ratis:service=RaftServer,group=group-C9D6017FACC4,id=2f653e4e-b4ea-4463-ba35-13c58c0a0d31
2019-11-13 04:06:47,160 [pool-163-thread-1] WARN  impl.MetricRegistriesImpl (MetricRegistriesImpl.java:lambda$create$1(61)) - First MetricRegistry has been created without registering reporters. You may need to call MetricRegistries.global().addReportRegistration(...) before.
2019-11-13 04:06:47,162 [RatisPipelineUtilsThread] INFO  pipeline.PipelineStateManager (PipelineStateManager.java:addPipeline(55)) - Created pipeline Pipeline[ Id: 6d06dabb-9740-4089-972b-c9d6017facc4, Nodes: 2f653e4e-b4ea-4463-ba35-13c58c0a0d31{ip: 192.168.34.45, host: trunk-nightly-20191113-wdxpm-1799726093, networkLocation: /default-rack, certSerialId: null}, Type:RATIS, Factor:ONE, State:ALLOCATED]
2019-11-13 04:06:47,198 [IPC Server handler 5 on 43407] INFO  net.NetworkTopology (NetworkTopologyImpl.java:add(111)) - Added a new node: /default-rack/08597d3a-6b69-4d75-a39e-e4e8ac9edde4
2019-11-13 04:06:47,198 [IPC Server handler 5 on 43407] INFO  node.SCMNodeManager (SCMNodeManager.java:register(267)) - Registered Data node : 08597d3a-6b69-4d75-a39e-e4e8ac9edde4{ip: 192.168.34.45, host: trunk-nightly-20191113-wdxpm-1799726093, networkLocation: /default-rack, certSerialId: null}
2019-11-13 04:06:47,205 [grpc-default-executor-7] INFO  impl.RaftServerProxy (RaftServerProxy.java:addNew(89)) - 08597d3a-6b69-4d75-a39e-e4e8ac9edde4: addNew group-88643D60A7EF:[08597d3a-6b69-4d75-a39e-e4e8ac9edde4:192.168.34.45:41890] returns group-88643D60A7EF:java.util.concurrent.CompletableFuture@767c5016[Not completed]
2019-11-13 04:06:47,206 [pool-173-thread-1] INFO  impl.RaftServerImpl (RaftServerImpl.java:<init>(98)) - 08597d3a-6b69-4d75-a39e-e4e8ac9edde4: new RaftServerImpl for group-88643D60A7EF:[08597d3a-6b69-4d75-a39e-e4e8ac9edde4:192.168.34.45:41890] with ContainerStateMachine:uninitialized
2019-11-13 04:06:47,206 [pool-173-thread-1] INFO  server.RaftServerConfigKeys (ConfUtils.java:logGet(43)) - raft.server.rpc.timeout.min = 1s (custom)
2019-11-13 04:06:47,206 [pool-173-thread-1] INFO  server.RaftServerConfigKeys (ConfUtils.java:logGet(43)) - raft.server.rpc.timeout.max = 1200ms (custom)
2019-11-13 04:06:47,207 [pool-173-thread-1] INFO  server.RaftServerConfigKeys (ConfUtils.java:logGet(43)) - raft.server.rpcslowness.timeout = 120s (custom)
2019-11-13 04:06:47,207 [pool-173-thread-1] INFO  server.RaftServerConfigKeys (ConfUtils.java:logGet(43)) - raft.server.sleep.deviation.threshold = 300 (default)
2019-11-13 04:06:47,207 [pool-173-thread-1] INFO  server.RaftServerConfigKeys (ConfUtils.java:logGet(43)) - raft.server.log.appender.install.snapshot.enabled = false (custom)
2019-11-13 04:06:47,207 [pool-173-thread-1] INFO  impl.RaftServerImpl (ServerState.java:<init>(103)) - 08597d3a-6b69-4d75-a39e-e4e8ac9edde4@group-88643D60A7EF: ConfigurationManager, init=-1: [08597d3a-6b69-4d75-a39e-e4e8ac9edde4:192.168.34.45:41890], old=null, confs=<EMPTY_MAP>
2019-11-13 04:06:47,207 [pool-173-thread-1] INFO  server.RaftServerConfigKeys (ConfUtils.java:logGet(43)) - raft.server.storage.dir = [/workdir/hadoop-ozone/integration-test/target/test-dir/MiniOzoneClusterImpl-b85b6ab0-505c-4a5c-9cb9-9f0034e19733/datanode-2/data/ratis] (custom)
2019-11-13 04:06:47,207 [pool-173-thread-1] INFO  server.RaftServerConfigKeys (ConfUtils.java:logGet(43)) - raft.server.log.corruption.policy = EXCEPTION (default)
2019-11-13 04:06:47,207 [pool-173-thread-1] INFO  storage.RaftStorageDirectory (RaftStorageDirectory.java:analyzeStorage(246)) - The storage directory /workdir/hadoop-ozone/integration-test/target/test-dir/MiniOzoneClusterImpl-b85b6ab0-505c-4a5c-9cb9-9f0034e19733/datanode-2/data/ratis/88486e0b-6a7f-4b97-8334-88643d60a7ef does not exist. Creating ...
2019-11-13 04:06:47,220 [pool-173-thread-1] INFO  storage.RaftStorageDirectory (RaftStorageDirectory.java:tryLock(328)) - Lock on /workdir/hadoop-ozone/integration-test/target/test-dir/MiniOzoneClusterImpl-b85b6ab0-505c-4a5c-9cb9-9f0034e19733/datanode-2/data/ratis/88486e0b-6a7f-4b97-8334-88643d60a7ef/in_use.lock acquired by nodename 22723@trunk-nightly-20191113-wdxpm-1799726093
2019-11-13 04:06:47,233 [pool-173-thread-1] INFO  storage.RaftStorage (RaftStorage.java:format(84)) - Storage directory /workdir/hadoop-ozone/integration-test/target/test-dir/MiniOzoneClusterImpl-b85b6ab0-505c-4a5c-9cb9-9f0034e19733/datanode-2/data/ratis/88486e0b-6a7f-4b97-8334-88643d60a7ef has been successfully formatted.
2019-11-13 04:06:47,233 [pool-173-thread-1] INFO  ratis.ContainerStateMachine (ContainerStateMachine.java:loadSnapshot(223)) - group-88643D60A7EF: The snapshot info is null. Setting the last applied indexto:(t:0, i:~)
2019-11-13 04:06:47,233 [pool-173-thread-1] INFO  server.RaftServerConfigKeys (ConfUtils.java:logGet(43)) - raft.server.notification.no-leader.timeout = 120s (custom)
2019-11-13 04:06:47,233 [pool-173-thread-1] INFO  server.RaftServerConfigKeys (ConfUtils.java:logGet(43)) - raft.server.log.use.memory = false (default)
2019-11-13 04:06:47,233 [pool-173-thread-1] INFO  server.RaftServerConfigKeys (ConfUtils.java:logGet(43)) - raft.server.log.purge.gap = 1000000 (custom)
2019-11-13 04:06:47,234 [pool-173-thread-1] INFO  server.RaftServerConfigKeys (ConfUtils.java:logGet(43)) - raft.server.log.appender.buffer.byte-limit = 33554432 (custom)
2019-11-13 04:06:47,234 [pool-173-thread-1] INFO  server.RaftServerConfigKeys (ConfUtils.java:logGet(43)) - raft.server.log.segment.size.max = 1048576 (custom)
2019-11-13 04:06:47,234 [pool-173-thread-1] WARN  impl.MetricRegistriesImpl (MetricRegistriesImpl.java:lambda$create$1(61)) - First MetricRegistry has been created without registering reporters. You may need to call MetricRegistries.global().addReportRegistration(...) before.
2019-11-13 04:06:47,234 [pool-173-thread-1] INFO  server.RaftServerConfigKeys (ConfUtils.java:logGet(43)) - raft.server.log.segment.cache.num.max = 2 (custom)
2019-11-13 04:06:47,234 [pool-173-thread-1] INFO  segmented.SegmentedRaftLogWorker (SegmentedRaftLogWorker.java:<init>(173)) - new 08597d3a-6b69-4d75-a39e-e4e8ac9edde4@group-88643D60A7EF-SegmentedRaftLogWorker for RaftStorage:Storage Directory /workdir/hadoop-ozone/integration-test/target/test-dir/MiniOzoneClusterImpl-b85b6ab0-505c-4a5c-9cb9-9f0034e19733/datanode-2/data/ratis/88486e0b-6a7f-4b97-8334-88643d60a7ef
2019-11-13 04:06:47,234 [pool-173-thread-1] INFO  server.RaftServerConfigKeys (ConfUtils.java:logGet(43)) - raft.server.log.queue.byte-limit = 2147483647 (custom)
2019-11-13 04:06:47,234 [pool-173-thread-1] INFO  server.RaftServerConfigKeys (ConfUtils.java:logGet(43)) - raft.server.log.queue.element-limit = 1024 (custom)
2019-11-13 04:06:47,235 [pool-173-thread-1] INFO  server.RaftServerConfigKeys (ConfUtils.java:logGet(43)) - raft.server.log.segment.size.max = 1048576 (custom)
2019-11-13 04:06:47,235 [pool-173-thread-1] INFO  server.RaftServerConfigKeys (ConfUtils.java:logGet(43)) - raft.server.log.preallocated.size = 16384 (custom)
2019-11-13 04:06:47,235 [pool-173-thread-1] INFO  server.RaftServerConfigKeys (ConfUtils.java:logGet(43)) - raft.server.log.write.buffer.size = 33554432 (custom)
2019-11-13 04:06:47,235 [pool-173-thread-1] INFO  server.RaftServerConfigKeys (ConfUtils.java:logGet(43)) - raft.server.log.force.sync.num = 128 (default)
2019-11-13 04:06:47,235 [pool-173-thread-1] INFO  server.RaftServerConfigKeys (ConfUtils.java:logGet(43)) - raft.server.log.statemachine.data.sync = true (default)
2019-11-13 04:06:47,235 [pool-173-thread-1] INFO  server.RaftServerConfigKeys (ConfUtils.java:logGet(43)) - raft.server.log.statemachine.data.sync.timeout = 10s (default)
2019-11-13 04:06:47,235 [pool-173-thread-1] INFO  server.RaftServerConfigKeys (ConfUtils.java:logGet(43)) - raft.server.log.statemachine.data.sync.timeout.retry = -1 (default)
2019-11-13 04:06:47,236 [pool-173-thread-1] INFO  server.RaftServerConfigKeys (ConfUtils.java:logGet(43)) - raft.server.log.statemachine.data.caching.enabled = true (custom)
2019-11-13 04:06:47,236 [pool-173-thread-1] INFO  segmented.SegmentedRaftLogWorker (SegmentedRaftLogWorker.java:lambda$new$0(128)) - 08597d3a-6b69-4d75-a39e-e4e8ac9edde4@group-88643D60A7EF-SegmentedRaftLogWorker: flushIndex: setUnconditionally 0 -> -1
2019-11-13 04:06:47,236 [pool-173-thread-1] INFO  server.RaftServerConfigKeys (ConfUtils.java:logGet(43)) - raft.server.snapshot.auto.trigger.enabled = true (custom)
2019-11-13 04:06:47,237 [pool-173-thread-1] INFO  server.RaftServerConfigKeys (ConfUtils.java:logGet(43)) - raft.server.snapshot.auto.trigger.threshold = 10000 (custom)
2019-11-13 04:06:47,237 [pool-173-thread-1] INFO  server.RaftServerConfigKeys (ConfUtils.java:logGet(43)) - raft.server.snapshot.retention.file.num = 5 (custom)
2019-11-13 04:06:47,237 [pool-173-thread-1] INFO  server.RaftServerConfigKeys (ConfUtils.java:logGet(43)) - raft.server.retrycache.expirytime = 600000ms (custom)
2019-11-13 04:06:47,237 [pool-173-thread-1] WARN  impl.MetricRegistriesImpl (MetricRegistriesImpl.java:lambda$create$1(61)) - First MetricRegistry has been created without registering reporters. You may need to call MetricRegistries.global().addReportRegistration(...) before.
2019-11-13 04:06:47,237 [pool-173-thread-1] WARN  impl.MetricRegistriesImpl (MetricRegistriesImpl.java:lambda$create$1(61)) - First MetricRegistry has been created without registering reporters. You may need to call MetricRegistries.global().addReportRegistration(...) before.
2019-11-13 04:06:47,238 [pool-173-thread-1] INFO  impl.RaftServerImpl (RaftServerImpl.java:start(184)) - 08597d3a-6b69-4d75-a39e-e4e8ac9edde4@group-88643D60A7EF: start as a follower, conf=-1: [08597d3a-6b69-4d75-a39e-e4e8ac9edde4:192.168.34.45:41890], old=null
2019-11-13 04:06:47,238 [pool-173-thread-1] INFO  impl.RaftServerImpl (RaftServerImpl.java:setRole(173)) - 08597d3a-6b69-4d75-a39e-e4e8ac9edde4@group-88643D60A7EF: changes role from      null to FOLLOWER at term 0 for startAsFollower
2019-11-13 04:06:47,238 [pool-173-thread-1] INFO  impl.RoleInfo (RoleInfo.java:updateAndGet(143)) - 08597d3a-6b69-4d75-a39e-e4e8ac9edde4: start FollowerState
2019-11-13 04:06:47,238 [pool-173-thread-1] INFO  util.JmxRegister (JmxRegister.java:tryRegister(44)) - Successfully registered JMX Bean with object name Ratis:service=RaftServer,group=group-88643D60A7EF,id=08597d3a-6b69-4d75-a39e-e4e8ac9edde4
2019-11-13 04:06:47,239 [pool-173-thread-1] WARN  impl.MetricRegistriesImpl (MetricRegistriesImpl.java:lambda$create$1(61)) - First MetricRegistry has been created without registering reporters. You may need to call MetricRegistries.global().addReportRegistration(...) before.
2019-11-13 04:06:47,242 [RatisPipelineUtilsThread] INFO  pipeline.PipelineStateManager (PipelineStateManager.java:addPipeline(55)) - Created pipeline Pipeline[ Id: 88486e0b-6a7f-4b97-8334-88643d60a7ef, Nodes: 08597d3a-6b69-4d75-a39e-e4e8ac9edde4{ip: 192.168.34.45, host: trunk-nightly-20191113-wdxpm-1799726093, networkLocation: /default-rack, certSerialId: null}, Type:RATIS, Factor:ONE, State:ALLOCATED]
2019-11-13 04:06:47,252 [grpc-default-executor-0] INFO  impl.RaftServerProxy (RaftServerProxy.java:addNew(89)) - 32d4d447-2d26-4c49-a5e1-cd2d67dbedad: addNew group-447C0B14BDAE:[08597d3a-6b69-4d75-a39e-e4e8ac9edde4:192.168.34.45:41890, 32d4d447-2d26-4c49-a5e1-cd2d67dbedad:192.168.34.45:40211, 2f653e4e-b4ea-4463-ba35-13c58c0a0d31:192.168.34.45:41897] returns group-447C0B14BDAE:java.util.concurrent.CompletableFuture@7554d43f[Not completed]
2019-11-13 04:06:47,252 [grpc-default-executor-7] INFO  impl.RaftServerProxy (RaftServerProxy.java:addNew(89)) - 2f653e4e-b4ea-4463-ba35-13c58c0a0d31: addNew group-447C0B14BDAE:[08597d3a-6b69-4d75-a39e-e4e8ac9edde4:192.168.34.45:41890, 32d4d447-2d26-4c49-a5e1-cd2d67dbedad:192.168.34.45:40211, 2f653e4e-b4ea-4463-ba35-13c58c0a0d31:192.168.34.45:41897] returns group-447C0B14BDAE:java.util.concurrent.CompletableFuture@729424c[Not completed]
2019-11-13 04:06:47,252 [grpc-default-executor-5] INFO  impl.RaftServerProxy (RaftServerProxy.java:addNew(89)) - 08597d3a-6b69-4d75-a39e-e4e8ac9edde4: addNew group-447C0B14BDAE:[08597d3a-6b69-4d75-a39e-e4e8ac9edde4:192.168.34.45:41890, 32d4d447-2d26-4c49-a5e1-cd2d67dbedad:192.168.34.45:40211, 2f653e4e-b4ea-4463-ba35-13c58c0a0d31:192.168.34.45:41897] returns group-447C0B14BDAE:java.util.concurrent.CompletableFuture@79b574de[Not completed]
2019-11-13 04:06:47,253 [pool-173-thread-1] INFO  impl.RaftServerImpl (RaftServerImpl.java:<init>(98)) - 08597d3a-6b69-4d75-a39e-e4e8ac9edde4: new RaftServerImpl for group-447C0B14BDAE:[08597d3a-6b69-4d75-a39e-e4e8ac9edde4:192.168.34.45:41890, 32d4d447-2d26-4c49-a5e1-cd2d67dbedad:192.168.34.45:40211, 2f653e4e-b4ea-4463-ba35-13c58c0a0d31:192.168.34.45:41897] with ContainerStateMachine:uninitialized
2019-11-13 04:06:47,253 [pool-173-thread-1] INFO  server.RaftServerConfigKeys (ConfUtils.java:logGet(43)) - raft.server.rpc.timeout.min = 1s (custom)
2019-11-13 04:06:47,254 [pool-173-thread-1] INFO  server.RaftServerConfigKeys (ConfUtils.java:logGet(43)) - raft.server.rpc.timeout.max = 1200ms (custom)
2019-11-13 04:06:47,254 [pool-173-thread-1] INFO  server.RaftServerConfigKeys (ConfUtils.java:logGet(43)) - raft.server.rpcslowness.timeout = 120s (custom)
2019-11-13 04:06:47,254 [pool-173-thread-1] INFO  server.RaftServerConfigKeys (ConfUtils.java:logGet(43)) - raft.server.sleep.deviation.threshold = 300 (default)
2019-11-13 04:06:47,254 [pool-173-thread-1] INFO  server.RaftServerConfigKeys (ConfUtils.java:logGet(43)) - raft.server.log.appender.install.snapshot.enabled = false (custom)
2019-11-13 04:06:47,254 [pool-173-thread-1] INFO  impl.RaftServerImpl (ServerState.java:<init>(103)) - 08597d3a-6b69-4d75-a39e-e4e8ac9edde4@group-447C0B14BDAE: ConfigurationManager, init=-1: [08597d3a-6b69-4d75-a39e-e4e8ac9edde4:192.168.34.45:41890, 32d4d447-2d26-4c49-a5e1-cd2d67dbedad:192.168.34.45:40211, 2f653e4e-b4ea-4463-ba35-13c58c0a0d31:192.168.34.45:41897], old=null, confs=<EMPTY_MAP>
2019-11-13 04:06:47,254 [pool-173-thread-1] INFO  server.RaftServerConfigKeys (ConfUtils.java:logGet(43)) - raft.server.storage.dir = [/workdir/hadoop-ozone/integration-test/target/test-dir/MiniOzoneClusterImpl-b85b6ab0-505c-4a5c-9cb9-9f0034e19733/datanode-2/data/ratis] (custom)
2019-11-13 04:06:47,254 [pool-173-thread-1] INFO  server.RaftServerConfigKeys (ConfUtils.java:logGet(43)) - raft.server.log.corruption.policy = EXCEPTION (default)
2019-11-13 04:06:47,254 [pool-173-thread-1] INFO  storage.RaftStorageDirectory (RaftStorageDirectory.java:analyzeStorage(246)) - The storage directory /workdir/hadoop-ozone/integration-test/target/test-dir/MiniOzoneClusterImpl-b85b6ab0-505c-4a5c-9cb9-9f0034e19733/datanode-2/data/ratis/66ced5cf-9101-4ba0-bb07-447c0b14bdae does not exist. Creating ...
2019-11-13 04:06:47,255 [pool-163-thread-1] INFO  impl.RaftServerImpl (RaftServerImpl.java:<init>(98)) - 2f653e4e-b4ea-4463-ba35-13c58c0a0d31: new RaftServerImpl for group-447C0B14BDAE:[08597d3a-6b69-4d75-a39e-e4e8ac9edde4:192.168.34.45:41890, 32d4d447-2d26-4c49-a5e1-cd2d67dbedad:192.168.34.45:40211, 2f653e4e-b4ea-4463-ba35-13c58c0a0d31:192.168.34.45:41897] with ContainerStateMachine:uninitialized
2019-11-13 04:06:47,255 [pool-163-thread-1] INFO  server.RaftServerConfigKeys (ConfUtils.java:logGet(43)) - raft.server.rpc.timeout.min = 1s (custom)
2019-11-13 04:06:47,255 [pool-163-thread-1] INFO  server.RaftServerConfigKeys (ConfUtils.java:logGet(43)) - raft.server.rpc.timeout.max = 1200ms (custom)
2019-11-13 04:06:47,256 [pool-153-thread-1] INFO  impl.RaftServerImpl (RaftServerImpl.java:<init>(98)) - 32d4d447-2d26-4c49-a5e1-cd2d67dbedad: new RaftServerImpl for group-447C0B14BDAE:[08597d3a-6b69-4d75-a39e-e4e8ac9edde4:192.168.34.45:41890, 32d4d447-2d26-4c49-a5e1-cd2d67dbedad:192.168.34.45:40211, 2f653e4e-b4ea-4463-ba35-13c58c0a0d31:192.168.34.45:41897] with ContainerStateMachine:uninitialized
2019-11-13 04:06:47,256 [pool-163-thread-1] INFO  server.RaftServerConfigKeys (ConfUtils.java:logGet(43)) - raft.server.rpcslowness.timeout = 120s (custom)
2019-11-13 04:06:47,256 [pool-153-thread-1] INFO  server.RaftServerConfigKeys (ConfUtils.java:logGet(43)) - raft.server.rpc.timeout.min = 1s (custom)
2019-11-13 04:06:47,256 [pool-163-thread-1] INFO  server.RaftServerConfigKeys (ConfUtils.java:logGet(43)) - raft.server.sleep.deviation.threshold = 300 (default)
2019-11-13 04:06:47,256 [pool-153-thread-1] INFO  server.RaftServerConfigKeys (ConfUtils.java:logGet(43)) - raft.server.rpc.timeout.max = 1200ms (custom)
2019-11-13 04:06:47,256 [pool-163-thread-1] INFO  server.RaftServerConfigKeys (ConfUtils.java:logGet(43)) - raft.server.log.appender.install.snapshot.enabled = false (custom)
2019-11-13 04:06:47,256 [pool-153-thread-1] INFO  server.RaftServerConfigKeys (ConfUtils.java:logGet(43)) - raft.server.rpcslowness.timeout = 120s (custom)
2019-11-13 04:06:47,256 [pool-163-thread-1] INFO  impl.RaftServerImpl (ServerState.java:<init>(103)) - 2f653e4e-b4ea-4463-ba35-13c58c0a0d31@group-447C0B14BDAE: ConfigurationManager, init=-1: [08597d3a-6b69-4d75-a39e-e4e8ac9edde4:192.168.34.45:41890, 32d4d447-2d26-4c49-a5e1-cd2d67dbedad:192.168.34.45:40211, 2f653e4e-b4ea-4463-ba35-13c58c0a0d31:192.168.34.45:41897], old=null, confs=<EMPTY_MAP>
2019-11-13 04:06:47,256 [pool-153-thread-1] INFO  server.RaftServerConfigKeys (ConfUtils.java:logGet(43)) - raft.server.sleep.deviation.threshold = 300 (default)
2019-11-13 04:06:47,256 [pool-153-thread-1] INFO  server.RaftServerConfigKeys (ConfUtils.java:logGet(43)) - raft.server.log.appender.install.snapshot.enabled = false (custom)
2019-11-13 04:06:47,256 [pool-163-thread-1] INFO  server.RaftServerConfigKeys (ConfUtils.java:logGet(43)) - raft.server.storage.dir = [/workdir/hadoop-ozone/integration-test/target/test-dir/MiniOzoneClusterImpl-b85b6ab0-505c-4a5c-9cb9-9f0034e19733/datanode-1/data/ratis] (custom)
2019-11-13 04:06:47,257 [pool-153-thread-1] INFO  impl.RaftServerImpl (ServerState.java:<init>(103)) - 32d4d447-2d26-4c49-a5e1-cd2d67dbedad@group-447C0B14BDAE: ConfigurationManager, init=-1: [08597d3a-6b69-4d75-a39e-e4e8ac9edde4:192.168.34.45:41890, 32d4d447-2d26-4c49-a5e1-cd2d67dbedad:192.168.34.45:40211, 2f653e4e-b4ea-4463-ba35-13c58c0a0d31:192.168.34.45:41897], old=null, confs=<EMPTY_MAP>
2019-11-13 04:06:47,257 [pool-153-thread-1] INFO  server.RaftServerConfigKeys (ConfUtils.java:logGet(43)) - raft.server.storage.dir = [/workdir/hadoop-ozone/integration-test/target/test-dir/MiniOzoneClusterImpl-b85b6ab0-505c-4a5c-9cb9-9f0034e19733/datanode-0/data/ratis] (custom)
2019-11-13 04:06:47,257 [pool-163-thread-1] INFO  server.RaftServerConfigKeys (ConfUtils.java:logGet(43)) - raft.server.log.corruption.policy = EXCEPTION (default)
2019-11-13 04:06:47,257 [pool-153-thread-1] INFO  server.RaftServerConfigKeys (ConfUtils.java:logGet(43)) - raft.server.log.corruption.policy = EXCEPTION (default)
2019-11-13 04:06:47,257 [pool-163-thread-1] INFO  storage.RaftStorageDirectory (RaftStorageDirectory.java:analyzeStorage(246)) - The storage directory /workdir/hadoop-ozone/integration-test/target/test-dir/MiniOzoneClusterImpl-b85b6ab0-505c-4a5c-9cb9-9f0034e19733/datanode-1/data/ratis/66ced5cf-9101-4ba0-bb07-447c0b14bdae does not exist. Creating ...
2019-11-13 04:06:47,257 [pool-153-thread-1] INFO  storage.RaftStorageDirectory (RaftStorageDirectory.java:analyzeStorage(246)) - The storage directory /workdir/hadoop-ozone/integration-test/target/test-dir/MiniOzoneClusterImpl-b85b6ab0-505c-4a5c-9cb9-9f0034e19733/datanode-0/data/ratis/66ced5cf-9101-4ba0-bb07-447c0b14bdae does not exist. Creating ...
2019-11-13 04:06:47,268 [pool-163-thread-1] INFO  storage.RaftStorageDirectory (RaftStorageDirectory.java:tryLock(328)) - Lock on /workdir/hadoop-ozone/integration-test/target/test-dir/MiniOzoneClusterImpl-b85b6ab0-505c-4a5c-9cb9-9f0034e19733/datanode-1/data/ratis/66ced5cf-9101-4ba0-bb07-447c0b14bdae/in_use.lock acquired by nodename 22723@trunk-nightly-20191113-wdxpm-1799726093
2019-11-13 04:06:47,268 [pool-153-thread-1] INFO  storage.RaftStorageDirectory (RaftStorageDirectory.java:tryLock(328)) - Lock on /workdir/hadoop-ozone/integration-test/target/test-dir/MiniOzoneClusterImpl-b85b6ab0-505c-4a5c-9cb9-9f0034e19733/datanode-0/data/ratis/66ced5cf-9101-4ba0-bb07-447c0b14bdae/in_use.lock acquired by nodename 22723@trunk-nightly-20191113-wdxpm-1799726093
2019-11-13 04:06:47,268 [pool-173-thread-1] INFO  storage.RaftStorageDirectory (RaftStorageDirectory.java:tryLock(328)) - Lock on /workdir/hadoop-ozone/integration-test/target/test-dir/MiniOzoneClusterImpl-b85b6ab0-505c-4a5c-9cb9-9f0034e19733/datanode-2/data/ratis/66ced5cf-9101-4ba0-bb07-447c0b14bdae/in_use.lock acquired by nodename 22723@trunk-nightly-20191113-wdxpm-1799726093
2019-11-13 04:06:47,279 [IPC Server handler 0 on 43407] INFO  net.NetworkTopology (NetworkTopologyImpl.java:add(111)) - Added a new node: /default-rack/0cea8a44-7441-4692-92a5-de212c14b418
2019-11-13 04:06:47,279 [IPC Server handler 0 on 43407] INFO  node.SCMNodeManager (SCMNodeManager.java:register(267)) - Registered Data node : 0cea8a44-7441-4692-92a5-de212c14b418{ip: 192.168.34.45, host: trunk-nightly-20191113-wdxpm-1799726093, networkLocation: /default-rack, certSerialId: null}
2019-11-13 04:06:47,293 [pool-163-thread-1] INFO  storage.RaftStorage (RaftStorage.java:format(84)) - Storage directory /workdir/hadoop-ozone/integration-test/target/test-dir/MiniOzoneClusterImpl-b85b6ab0-505c-4a5c-9cb9-9f0034e19733/datanode-1/data/ratis/66ced5cf-9101-4ba0-bb07-447c0b14bdae has been successfully formatted.
2019-11-13 04:06:47,293 [pool-173-thread-1] INFO  storage.RaftStorage (RaftStorage.java:format(84)) - Storage directory /workdir/hadoop-ozone/integration-test/target/test-dir/MiniOzoneClusterImpl-b85b6ab0-505c-4a5c-9cb9-9f0034e19733/datanode-2/data/ratis/66ced5cf-9101-4ba0-bb07-447c0b14bdae has been successfully formatted.
2019-11-13 04:06:47,293 [pool-153-thread-1] INFO  storage.RaftStorage (RaftStorage.java:format(84)) - Storage directory /workdir/hadoop-ozone/integration-test/target/test-dir/MiniOzoneClusterImpl-b85b6ab0-505c-4a5c-9cb9-9f0034e19733/datanode-0/data/ratis/66ced5cf-9101-4ba0-bb07-447c0b14bdae has been successfully formatted.
2019-11-13 04:06:47,293 [pool-163-thread-1] INFO  ratis.ContainerStateMachine (ContainerStateMachine.java:loadSnapshot(223)) - group-447C0B14BDAE: The snapshot info is null. Setting the last applied indexto:(t:0, i:~)
2019-11-13 04:06:47,293 [pool-173-thread-1] INFO  ratis.ContainerStateMachine (ContainerStateMachine.java:loadSnapshot(223)) - group-447C0B14BDAE: The snapshot info is null. Setting the last applied indexto:(t:0, i:~)
2019-11-13 04:06:47,293 [pool-163-thread-1] INFO  server.RaftServerConfigKeys (ConfUtils.java:logGet(43)) - raft.server.notification.no-leader.timeout = 120s (custom)
2019-11-13 04:06:47,293 [pool-153-thread-1] INFO  ratis.ContainerStateMachine (ContainerStateMachine.java:loadSnapshot(223)) - group-447C0B14BDAE: The snapshot info is null. Setting the last applied indexto:(t:0, i:~)
2019-11-13 04:06:47,294 [pool-163-thread-1] INFO  server.RaftServerConfigKeys (ConfUtils.java:logGet(43)) - raft.server.log.use.memory = false (default)
2019-11-13 04:06:47,293 [pool-173-thread-1] INFO  server.RaftServerConfigKeys (ConfUtils.java:logGet(43)) - raft.server.notification.no-leader.timeout = 120s (custom)
2019-11-13 04:06:47,294 [pool-163-thread-1] INFO  server.RaftServerConfigKeys (ConfUtils.java:logGet(43)) - raft.server.log.purge.gap = 1000000 (custom)
2019-11-13 04:06:47,294 [pool-153-thread-1] INFO  server.RaftServerConfigKeys (ConfUtils.java:logGet(43)) - raft.server.notification.no-leader.timeout = 120s (custom)
2019-11-13 04:06:47,294 [pool-163-thread-1] INFO  server.RaftServerConfigKeys (ConfUtils.java:logGet(43)) - raft.server.log.appender.buffer.byte-limit = 33554432 (custom)
2019-11-13 04:06:47,294 [pool-173-thread-1] INFO  server.RaftServerConfigKeys (ConfUtils.java:logGet(43)) - raft.server.log.use.memory = false (default)
2019-11-13 04:06:47,294 [pool-163-thread-1] INFO  server.RaftServerConfigKeys (ConfUtils.java:logGet(43)) - raft.server.log.segment.size.max = 1048576 (custom)
2019-11-13 04:06:47,294 [pool-153-thread-1] INFO  server.RaftServerConfigKeys (ConfUtils.java:logGet(43)) - raft.server.log.use.memory = false (default)
2019-11-13 04:06:47,294 [pool-163-thread-1] INFO  server.RaftServerConfigKeys (ConfUtils.java:logGet(43)) - raft.server.log.segment.cache.num.max = 2 (custom)
2019-11-13 04:06:47,294 [pool-173-thread-1] INFO  server.RaftServerConfigKeys (ConfUtils.java:logGet(43)) - raft.server.log.purge.gap = 1000000 (custom)
2019-11-13 04:06:47,294 [pool-163-thread-1] INFO  segmented.SegmentedRaftLogWorker (SegmentedRaftLogWorker.java:<init>(173)) - new 2f653e4e-b4ea-4463-ba35-13c58c0a0d31@group-447C0B14BDAE-SegmentedRaftLogWorker for RaftStorage:Storage Directory /workdir/hadoop-ozone/integration-test/target/test-dir/MiniOzoneClusterImpl-b85b6ab0-505c-4a5c-9cb9-9f0034e19733/datanode-1/data/ratis/66ced5cf-9101-4ba0-bb07-447c0b14bdae
2019-11-13 04:06:47,295 [pool-163-thread-1] INFO  server.RaftServerConfigKeys (ConfUtils.java:logGet(43)) - raft.server.log.queue.byte-limit = 2147483647 (custom)
2019-11-13 04:06:47,294 [pool-153-thread-1] INFO  server.RaftServerConfigKeys (ConfUtils.java:logGet(43)) - raft.server.log.purge.gap = 1000000 (custom)
2019-11-13 04:06:47,295 [pool-163-thread-1] INFO  server.RaftServerConfigKeys (ConfUtils.java:logGet(43)) - raft.server.log.queue.element-limit = 1024 (custom)
2019-11-13 04:06:47,295 [pool-173-thread-1] INFO  server.RaftServerConfigKeys (ConfUtils.java:logGet(43)) - raft.server.log.appender.buffer.byte-limit = 33554432 (custom)
2019-11-13 04:06:47,295 [pool-163-thread-1] INFO  server.RaftServerConfigKeys (ConfUtils.java:logGet(43)) - raft.server.log.segment.size.max = 1048576 (custom)
2019-11-13 04:06:47,295 [pool-153-thread-1] INFO  server.RaftServerConfigKeys (ConfUtils.java:logGet(43)) - raft.server.log.appender.buffer.byte-limit = 33554432 (custom)
2019-11-13 04:06:47,295 [pool-163-thread-1] INFO  server.RaftServerConfigKeys (ConfUtils.java:logGet(43)) - raft.server.log.preallocated.size = 16384 (custom)
2019-11-13 04:06:47,295 [pool-173-thread-1] INFO  server.RaftServerConfigKeys (ConfUtils.java:logGet(43)) - raft.server.log.segment.size.max = 1048576 (custom)
2019-11-13 04:06:47,295 [pool-163-thread-1] INFO  server.RaftServerConfigKeys (ConfUtils.java:logGet(43)) - raft.server.log.write.buffer.size = 33554432 (custom)
2019-11-13 04:06:47,295 [pool-153-thread-1] INFO  server.RaftServerConfigKeys (ConfUtils.java:logGet(43)) - raft.server.log.segment.size.max = 1048576 (custom)
2019-11-13 04:06:47,295 [pool-163-thread-1] INFO  server.RaftServerConfigKeys (ConfUtils.java:logGet(43)) - raft.server.log.force.sync.num = 128 (default)
2019-11-13 04:06:47,296 [pool-163-thread-1] INFO  server.RaftServerConfigKeys (ConfUtils.java:logGet(43)) - raft.server.log.statemachine.data.sync = true (default)
2019-11-13 04:06:47,295 [pool-173-thread-1] INFO  server.RaftServerConfigKeys (ConfUtils.java:logGet(43)) - raft.server.log.segment.cache.num.max = 2 (custom)
2019-11-13 04:06:47,296 [pool-163-thread-1] INFO  server.RaftServerConfigKeys (ConfUtils.java:logGet(43)) - raft.server.log.statemachine.data.sync.timeout = 10s (default)
2019-11-13 04:06:47,296 [pool-153-thread-1] INFO  server.RaftServerConfigKeys (ConfUtils.java:logGet(43)) - raft.server.log.segment.cache.num.max = 2 (custom)
2019-11-13 04:06:47,296 [pool-163-thread-1] INFO  server.RaftServerConfigKeys (ConfUtils.java:logGet(43)) - raft.server.log.statemachine.data.sync.timeout.retry = -1 (default)
2019-11-13 04:06:47,296 [pool-173-thread-1] INFO  segmented.SegmentedRaftLogWorker (SegmentedRaftLogWorker.java:<init>(173)) - new 08597d3a-6b69-4d75-a39e-e4e8ac9edde4@group-447C0B14BDAE-SegmentedRaftLogWorker for RaftStorage:Storage Directory /workdir/hadoop-ozone/integration-test/target/test-dir/MiniOzoneClusterImpl-b85b6ab0-505c-4a5c-9cb9-9f0034e19733/datanode-2/data/ratis/66ced5cf-9101-4ba0-bb07-447c0b14bdae
2019-11-13 04:06:47,296 [pool-153-thread-1] INFO  segmented.SegmentedRaftLogWorker (SegmentedRaftLogWorker.java:<init>(173)) - new 32d4d447-2d26-4c49-a5e1-cd2d67dbedad@group-447C0B14BDAE-SegmentedRaftLogWorker for RaftStorage:Storage Directory /workdir/hadoop-ozone/integration-test/target/test-dir/MiniOzoneClusterImpl-b85b6ab0-505c-4a5c-9cb9-9f0034e19733/datanode-0/data/ratis/66ced5cf-9101-4ba0-bb07-447c0b14bdae
2019-11-13 04:06:47,296 [pool-173-thread-1] INFO  server.RaftServerConfigKeys (ConfUtils.java:logGet(43)) - raft.server.log.queue.byte-limit = 2147483647 (custom)
2019-11-13 04:06:47,296 [pool-163-thread-1] INFO  server.RaftServerConfigKeys (ConfUtils.java:logGet(43)) - raft.server.log.statemachine.data.caching.enabled = true (custom)
2019-11-13 04:06:47,296 [pool-173-thread-1] INFO  server.RaftServerConfigKeys (ConfUtils.java:logGet(43)) - raft.server.log.queue.element-limit = 1024 (custom)
2019-11-13 04:06:47,296 [pool-153-thread-1] INFO  server.RaftServerConfigKeys (ConfUtils.java:logGet(43)) - raft.server.log.queue.byte-limit = 2147483647 (custom)
2019-11-13 04:06:47,297 [pool-163-thread-1] INFO  segmented.SegmentedRaftLogWorker (SegmentedRaftLogWorker.java:lambda$new$0(128)) - 2f653e4e-b4ea-4463-ba35-13c58c0a0d31@group-447C0B14BDAE-SegmentedRaftLogWorker: flushIndex: setUnconditionally 0 -> -1
2019-11-13 04:06:47,297 [pool-173-thread-1] INFO  server.RaftServerConfigKeys (ConfUtils.java:logGet(43)) - raft.server.log.segment.size.max = 1048576 (custom)
2019-11-13 04:06:47,297 [pool-153-thread-1] INFO  server.RaftServerConfigKeys (ConfUtils.java:logGet(43)) - raft.server.log.queue.element-limit = 1024 (custom)
2019-11-13 04:06:47,297 [pool-173-thread-1] INFO  server.RaftServerConfigKeys (ConfUtils.java:logGet(43)) - raft.server.log.preallocated.size = 16384 (custom)
2019-11-13 04:06:47,297 [pool-153-thread-1] INFO  server.RaftServerConfigKeys (ConfUtils.java:logGet(43)) - raft.server.log.segment.size.max = 1048576 (custom)
2019-11-13 04:06:47,297 [pool-163-thread-1] INFO  server.RaftServerConfigKeys (ConfUtils.java:logGet(43)) - raft.server.snapshot.auto.trigger.enabled = true (custom)
2019-11-13 04:06:47,297 [pool-153-thread-1] INFO  server.RaftServerConfigKeys (ConfUtils.java:logGet(43)) - raft.server.log.preallocated.size = 16384 (custom)
2019-11-13 04:06:47,297 [pool-173-thread-1] INFO  server.RaftServerConfigKeys (ConfUtils.java:logGet(43)) - raft.server.log.write.buffer.size = 33554432 (custom)
2019-11-13 04:06:47,297 [pool-153-thread-1] INFO  server.RaftServerConfigKeys (ConfUtils.java:logGet(43)) - raft.server.log.write.buffer.size = 33554432 (custom)
2019-11-13 04:06:47,297 [pool-163-thread-1] INFO  server.RaftServerConfigKeys (ConfUtils.java:logGet(43)) - raft.server.snapshot.auto.trigger.threshold = 10000 (custom)
2019-11-13 04:06:47,298 [pool-153-thread-1] INFO  server.RaftServerConfigKeys (ConfUtils.java:logGet(43)) - raft.server.log.force.sync.num = 128 (default)
2019-11-13 04:06:47,297 [pool-173-thread-1] INFO  server.RaftServerConfigKeys (ConfUtils.java:logGet(43)) - raft.server.log.force.sync.num = 128 (default)
2019-11-13 04:06:47,298 [pool-153-thread-1] INFO  server.RaftServerConfigKeys (ConfUtils.java:logGet(43)) - raft.server.log.statemachine.data.sync = true (default)
2019-11-13 04:06:47,298 [pool-163-thread-1] INFO  server.RaftServerConfigKeys (ConfUtils.java:logGet(43)) - raft.server.snapshot.retention.file.num = 5 (custom)
2019-11-13 04:06:47,298 [pool-153-thread-1] INFO  server.RaftServerConfigKeys (ConfUtils.java:logGet(43)) - raft.server.log.statemachine.data.sync.timeout = 10s (default)
2019-11-13 04:06:47,298 [pool-173-thread-1] INFO  server.RaftServerConfigKeys (ConfUtils.java:logGet(43)) - raft.server.log.statemachine.data.sync = true (default)
2019-11-13 04:06:47,298 [pool-153-thread-1] INFO  server.RaftServerConfigKeys (ConfUtils.java:logGet(43)) - raft.server.log.statemachine.data.sync.timeout.retry = -1 (default)
2019-11-13 04:06:47,298 [pool-163-thread-1] INFO  server.RaftServerConfigKeys (ConfUtils.java:logGet(43)) - raft.server.retrycache.expirytime = 600000ms (custom)
2019-11-13 04:06:47,298 [pool-153-thread-1] INFO  server.RaftServerConfigKeys (ConfUtils.java:logGet(43)) - raft.server.log.statemachine.data.caching.enabled = true (custom)
2019-11-13 04:06:47,298 [pool-173-thread-1] INFO  server.RaftServerConfigKeys (ConfUtils.java:logGet(43)) - raft.server.log.statemachine.data.sync.timeout = 10s (default)
2019-11-13 04:06:47,298 [pool-163-thread-1] WARN  impl.MetricRegistriesImpl (MetricRegistriesImpl.java:lambda$create$1(61)) - First MetricRegistry has been created without registering reporters. You may need to call MetricRegistries.global().addReportRegistration(...) before.
2019-11-13 04:06:47,299 [pool-153-thread-1] INFO  segmented.SegmentedRaftLogWorker (SegmentedRaftLogWorker.java:lambda$new$0(128)) - 32d4d447-2d26-4c49-a5e1-cd2d67dbedad@group-447C0B14BDAE-SegmentedRaftLogWorker: flushIndex: setUnconditionally 0 -> -1
2019-11-13 04:06:47,298 [pool-173-thread-1] INFO  server.RaftServerConfigKeys (ConfUtils.java:logGet(43)) - raft.server.log.statemachine.data.sync.timeout.retry = -1 (default)
2019-11-13 04:06:47,299 [pool-163-thread-1] WARN  impl.MetricRegistriesImpl (MetricRegistriesImpl.java:lambda$create$1(61)) - First MetricRegistry has been created without registering reporters. You may need to call MetricRegistries.global().addReportRegistration(...) before.
2019-11-13 04:06:47,299 [pool-173-thread-1] INFO  server.RaftServerConfigKeys (ConfUtils.java:logGet(43)) - raft.server.log.statemachine.data.caching.enabled = true (custom)
2019-11-13 04:06:47,299 [pool-153-thread-1] INFO  server.RaftServerConfigKeys (ConfUtils.java:logGet(43)) - raft.server.snapshot.auto.trigger.enabled = true (custom)
2019-11-13 04:06:47,299 [pool-163-thread-1] INFO  impl.RaftServerImpl (RaftServerImpl.java:start(184)) - 2f653e4e-b4ea-4463-ba35-13c58c0a0d31@group-447C0B14BDAE: start as a follower, conf=-1: [08597d3a-6b69-4d75-a39e-e4e8ac9edde4:192.168.34.45:41890, 32d4d447-2d26-4c49-a5e1-cd2d67dbedad:192.168.34.45:40211, 2f653e4e-b4ea-4463-ba35-13c58c0a0d31:192.168.34.45:41897], old=null
2019-11-13 04:06:47,299 [pool-153-thread-1] INFO  server.RaftServerConfigKeys (ConfUtils.java:logGet(43)) - raft.server.snapshot.auto.trigger.threshold = 10000 (custom)
2019-11-13 04:06:47,299 [pool-173-thread-1] INFO  segmented.SegmentedRaftLogWorker (SegmentedRaftLogWorker.java:lambda$new$0(128)) - 08597d3a-6b69-4d75-a39e-e4e8ac9edde4@group-447C0B14BDAE-SegmentedRaftLogWorker: flushIndex: setUnconditionally 0 -> -1
2019-11-13 04:06:47,299 [pool-153-thread-1] INFO  server.RaftServerConfigKeys (ConfUtils.java:logGet(43)) - raft.server.snapshot.retention.file.num = 5 (custom)
2019-11-13 04:06:47,299 [pool-163-thread-1] INFO  impl.RaftServerImpl (RaftServerImpl.java:setRole(173)) - 2f653e4e-b4ea-4463-ba35-13c58c0a0d31@group-447C0B14BDAE: changes role from      null to FOLLOWER at term 0 for startAsFollower
2019-11-13 04:06:47,300 [pool-153-thread-1] INFO  server.RaftServerConfigKeys (ConfUtils.java:logGet(43)) - raft.server.retrycache.expirytime = 600000ms (custom)
2019-11-13 04:06:47,300 [pool-163-thread-1] INFO  impl.RoleInfo (RoleInfo.java:updateAndGet(143)) - 2f653e4e-b4ea-4463-ba35-13c58c0a0d31: start FollowerState
2019-11-13 04:06:47,300 [pool-173-thread-1] INFO  server.RaftServerConfigKeys (ConfUtils.java:logGet(43)) - raft.server.snapshot.auto.trigger.enabled = true (custom)
2019-11-13 04:06:47,300 [pool-153-thread-1] WARN  impl.MetricRegistriesImpl (MetricRegistriesImpl.java:lambda$create$1(61)) - First MetricRegistry has been created without registering reporters. You may need to call MetricRegistries.global().addReportRegistration(...) before.
2019-11-13 04:06:47,300 [pool-173-thread-1] INFO  server.RaftServerConfigKeys (ConfUtils.java:logGet(43)) - raft.server.snapshot.auto.trigger.threshold = 10000 (custom)
2019-11-13 04:06:47,300 [pool-153-thread-1] WARN  impl.MetricRegistriesImpl (MetricRegistriesImpl.java:lambda$create$1(61)) - First MetricRegistry has been created without registering reporters. You may need to call MetricRegistries.global().addReportRegistration(...) before.
2019-11-13 04:06:47,300 [pool-163-thread-1] INFO  util.JmxRegister (JmxRegister.java:tryRegister(44)) - Successfully registered JMX Bean with object name Ratis:service=RaftServer,group=group-447C0B14BDAE,id=2f653e4e-b4ea-4463-ba35-13c58c0a0d31
2019-11-13 04:06:47,300 [pool-173-thread-1] INFO  server.RaftServerConfigKeys (ConfUtils.java:logGet(43)) - raft.server.snapshot.retention.file.num = 5 (custom)
2019-11-13 04:06:47,300 [pool-153-thread-1] INFO  impl.RaftServerImpl (RaftServerImpl.java:start(184)) - 32d4d447-2d26-4c49-a5e1-cd2d67dbedad@group-447C0B14BDAE: start as a follower, conf=-1: [08597d3a-6b69-4d75-a39e-e4e8ac9edde4:192.168.34.45:41890, 32d4d447-2d26-4c49-a5e1-cd2d67dbedad:192.168.34.45:40211, 2f653e4e-b4ea-4463-ba35-13c58c0a0d31:192.168.34.45:41897], old=null
2019-11-13 04:06:47,300 [pool-163-thread-1] WARN  impl.MetricRegistriesImpl (MetricRegistriesImpl.java:lambda$create$1(61)) - First MetricRegistry has been created without registering reporters. You may need to call MetricRegistries.global().addReportRegistration(...) before.
2019-11-13 04:06:47,300 [pool-153-thread-1] INFO  impl.RaftServerImpl (RaftServerImpl.java:setRole(173)) - 32d4d447-2d26-4c49-a5e1-cd2d67dbedad@group-447C0B14BDAE: changes role from      null to FOLLOWER at term 0 for startAsFollower
2019-11-13 04:06:47,300 [pool-173-thread-1] INFO  server.RaftServerConfigKeys (ConfUtils.java:logGet(43)) - raft.server.retrycache.expirytime = 600000ms (custom)
2019-11-13 04:06:47,301 [pool-153-thread-1] INFO  impl.RoleInfo (RoleInfo.java:updateAndGet(143)) - 32d4d447-2d26-4c49-a5e1-cd2d67dbedad: start FollowerState
2019-11-13 04:06:47,301 [pool-173-thread-1] WARN  impl.MetricRegistriesImpl (MetricRegistriesImpl.java:lambda$create$1(61)) - First MetricRegistry has been created without registering reporters. You may need to call MetricRegistries.global().addReportRegistration(...) before.
2019-11-13 04:06:47,301 [pool-173-thread-1] WARN  impl.MetricRegistriesImpl (MetricRegistriesImpl.java:lambda$create$1(61)) - First MetricRegistry has been created without registering reporters. You may need to call MetricRegistries.global().addReportRegistration(...) before.
2019-11-13 04:06:47,301 [pool-173-thread-1] INFO  impl.RaftServerImpl (RaftServerImpl.java:start(184)) - 08597d3a-6b69-4d75-a39e-e4e8ac9edde4@group-447C0B14BDAE: start as a follower, conf=-1: [08597d3a-6b69-4d75-a39e-e4e8ac9edde4:192.168.34.45:41890, 32d4d447-2d26-4c49-a5e1-cd2d67dbedad:192.168.34.45:40211, 2f653e4e-b4ea-4463-ba35-13c58c0a0d31:192.168.34.45:41897], old=null
2019-11-13 04:06:47,301 [pool-173-thread-1] INFO  impl.RaftServerImpl (RaftServerImpl.java:setRole(173)) - 08597d3a-6b69-4d75-a39e-e4e8ac9edde4@group-447C0B14BDAE: changes role from      null to FOLLOWER at term 0 for startAsFollower
2019-11-13 04:06:47,301 [pool-153-thread-1] INFO  util.JmxRegister (JmxRegister.java:tryRegister(44)) - Successfully registered JMX Bean with object name Ratis:service=RaftServer,group=group-447C0B14BDAE,id=32d4d447-2d26-4c49-a5e1-cd2d67dbedad
2019-11-13 04:06:47,301 [pool-173-thread-1] INFO  impl.RoleInfo (RoleInfo.java:updateAndGet(143)) - 08597d3a-6b69-4d75-a39e-e4e8ac9edde4: start FollowerState
2019-11-13 04:06:47,301 [pool-153-thread-1] WARN  impl.MetricRegistriesImpl (MetricRegistriesImpl.java:lambda$create$1(61)) - First MetricRegistry has been created without registering reporters. You may need to call MetricRegistries.global().addReportRegistration(...) before.
2019-11-13 04:06:47,301 [pool-173-thread-1] INFO  util.JmxRegister (JmxRegister.java:tryRegister(44)) - Successfully registered JMX Bean with object name Ratis:service=RaftServer,group=group-447C0B14BDAE,id=08597d3a-6b69-4d75-a39e-e4e8ac9edde4
2019-11-13 04:06:47,302 [pool-173-thread-1] WARN  impl.MetricRegistriesImpl (MetricRegistriesImpl.java:lambda$create$1(61)) - First MetricRegistry has been created without registering reporters. You may need to call MetricRegistries.global().addReportRegistration(...) before.
2019-11-13 04:06:47,304 [RatisPipelineUtilsThread] INFO  pipeline.PipelineStateManager (PipelineStateManager.java:addPipeline(55)) - Created pipeline Pipeline[ Id: 66ced5cf-9101-4ba0-bb07-447c0b14bdae, Nodes: 08597d3a-6b69-4d75-a39e-e4e8ac9edde4{ip: 192.168.34.45, host: trunk-nightly-20191113-wdxpm-1799726093, networkLocation: /default-rack, certSerialId: null}32d4d447-2d26-4c49-a5e1-cd2d67dbedad{ip: 192.168.34.45, host: trunk-nightly-20191113-wdxpm-1799726093, networkLocation: /default-rack, certSerialId: null}2f653e4e-b4ea-4463-ba35-13c58c0a0d31{ip: 192.168.34.45, host: trunk-nightly-20191113-wdxpm-1799726093, networkLocation: /default-rack, certSerialId: null}, Type:RATIS, Factor:THREE, State:ALLOCATED]
2019-11-13 04:06:47,347 [IPC Server handler 2 on 43407] INFO  net.NetworkTopology (NetworkTopologyImpl.java:add(111)) - Added a new node: /default-rack/50248509-472f-4b93-9431-0a6e6bd3eac0
2019-11-13 04:06:47,347 [IPC Server handler 2 on 43407] INFO  node.SCMNodeManager (SCMNodeManager.java:register(267)) - Registered Data node : 50248509-472f-4b93-9431-0a6e6bd3eac0{ip: 192.168.34.45, host: trunk-nightly-20191113-wdxpm-1799726093, networkLocation: /default-rack, certSerialId: null}
2019-11-13 04:06:47,354 [grpc-default-executor-5] INFO  impl.RaftServerProxy (RaftServerProxy.java:addNew(89)) - 0cea8a44-7441-4692-92a5-de212c14b418: addNew group-6C52E0808C5B:[0cea8a44-7441-4692-92a5-de212c14b418:192.168.34.45:44463] returns group-6C52E0808C5B:java.util.concurrent.CompletableFuture@511054d2[Not completed]
2019-11-13 04:06:47,356 [pool-183-thread-1] INFO  impl.RaftServerImpl (RaftServerImpl.java:<init>(98)) - 0cea8a44-7441-4692-92a5-de212c14b418: new RaftServerImpl for group-6C52E0808C5B:[0cea8a44-7441-4692-92a5-de212c14b418:192.168.34.45:44463] with ContainerStateMachine:uninitialized
2019-11-13 04:06:47,356 [pool-183-thread-1] INFO  server.RaftServerConfigKeys (ConfUtils.java:logGet(43)) - raft.server.rpc.timeout.min = 1s (custom)
2019-11-13 04:06:47,356 [pool-183-thread-1] INFO  server.RaftServerConfigKeys (ConfUtils.java:logGet(43)) - raft.server.rpc.timeout.max = 1200ms (custom)
2019-11-13 04:06:47,356 [pool-183-thread-1] INFO  server.RaftServerConfigKeys (ConfUtils.java:logGet(43)) - raft.server.rpcslowness.timeout = 120s (custom)
2019-11-13 04:06:47,356 [pool-183-thread-1] INFO  server.RaftServerConfigKeys (ConfUtils.java:logGet(43)) - raft.server.sleep.deviation.threshold = 300 (default)
2019-11-13 04:06:47,356 [pool-183-thread-1] INFO  server.RaftServerConfigKeys (ConfUtils.java:logGet(43)) - raft.server.log.appender.install.snapshot.enabled = false (custom)
2019-11-13 04:06:47,357 [pool-183-thread-1] INFO  impl.RaftServerImpl (ServerState.java:<init>(103)) - 0cea8a44-7441-4692-92a5-de212c14b418@group-6C52E0808C5B: ConfigurationManager, init=-1: [0cea8a44-7441-4692-92a5-de212c14b418:192.168.34.45:44463], old=null, confs=<EMPTY_MAP>
2019-11-13 04:06:47,357 [pool-183-thread-1] INFO  server.RaftServerConfigKeys (ConfUtils.java:logGet(43)) - raft.server.storage.dir = [/workdir/hadoop-ozone/integration-test/target/test-dir/MiniOzoneClusterImpl-b85b6ab0-505c-4a5c-9cb9-9f0034e19733/datanode-3/data/ratis] (custom)
2019-11-13 04:06:47,357 [pool-183-thread-1] INFO  server.RaftServerConfigKeys (ConfUtils.java:logGet(43)) - raft.server.log.corruption.policy = EXCEPTION (default)
2019-11-13 04:06:47,357 [pool-183-thread-1] INFO  storage.RaftStorageDirectory (RaftStorageDirectory.java:analyzeStorage(246)) - The storage directory /workdir/hadoop-ozone/integration-test/target/test-dir/MiniOzoneClusterImpl-b85b6ab0-505c-4a5c-9cb9-9f0034e19733/datanode-3/data/ratis/78e0cf26-1fdb-4d7f-ac70-6c52e0808c5b does not exist. Creating ...
2019-11-13 04:06:47,370 [pool-183-thread-1] INFO  storage.RaftStorageDirectory (RaftStorageDirectory.java:tryLock(328)) - Lock on /workdir/hadoop-ozone/integration-test/target/test-dir/MiniOzoneClusterImpl-b85b6ab0-505c-4a5c-9cb9-9f0034e19733/datanode-3/data/ratis/78e0cf26-1fdb-4d7f-ac70-6c52e0808c5b/in_use.lock acquired by nodename 22723@trunk-nightly-20191113-wdxpm-1799726093
2019-11-13 04:06:47,390 [pool-183-thread-1] INFO  storage.RaftStorage (RaftStorage.java:format(84)) - Storage directory /workdir/hadoop-ozone/integration-test/target/test-dir/MiniOzoneClusterImpl-b85b6ab0-505c-4a5c-9cb9-9f0034e19733/datanode-3/data/ratis/78e0cf26-1fdb-4d7f-ac70-6c52e0808c5b has been successfully formatted.
2019-11-13 04:06:47,391 [pool-183-thread-1] INFO  ratis.ContainerStateMachine (ContainerStateMachine.java:loadSnapshot(223)) - group-6C52E0808C5B: The snapshot info is null. Setting the last applied indexto:(t:0, i:~)
2019-11-13 04:06:47,391 [pool-183-thread-1] INFO  server.RaftServerConfigKeys (ConfUtils.java:logGet(43)) - raft.server.notification.no-leader.timeout = 120s (custom)
2019-11-13 04:06:47,391 [pool-183-thread-1] INFO  server.RaftServerConfigKeys (ConfUtils.java:logGet(43)) - raft.server.log.use.memory = false (default)
2019-11-13 04:06:47,391 [pool-183-thread-1] INFO  server.RaftServerConfigKeys (ConfUtils.java:logGet(43)) - raft.server.log.purge.gap = 1000000 (custom)
2019-11-13 04:06:47,391 [pool-183-thread-1] INFO  server.RaftServerConfigKeys (ConfUtils.java:logGet(43)) - raft.server.log.appender.buffer.byte-limit = 33554432 (custom)
2019-11-13 04:06:47,391 [pool-183-thread-1] INFO  server.RaftServerConfigKeys (ConfUtils.java:logGet(43)) - raft.server.log.segment.size.max = 1048576 (custom)
2019-11-13 04:06:47,392 [pool-183-thread-1] WARN  impl.MetricRegistriesImpl (MetricRegistriesImpl.java:lambda$create$1(61)) - First MetricRegistry has been created without registering reporters. You may need to call MetricRegistries.global().addReportRegistration(...) before.
2019-11-13 04:06:47,392 [pool-183-thread-1] INFO  server.RaftServerConfigKeys (ConfUtils.java:logGet(43)) - raft.server.log.segment.cache.num.max = 2 (custom)
2019-11-13 04:06:47,392 [pool-183-thread-1] INFO  segmented.SegmentedRaftLogWorker (SegmentedRaftLogWorker.java:<init>(173)) - new 0cea8a44-7441-4692-92a5-de212c14b418@group-6C52E0808C5B-SegmentedRaftLogWorker for RaftStorage:Storage Directory /workdir/hadoop-ozone/integration-test/target/test-dir/MiniOzoneClusterImpl-b85b6ab0-505c-4a5c-9cb9-9f0034e19733/datanode-3/data/ratis/78e0cf26-1fdb-4d7f-ac70-6c52e0808c5b
2019-11-13 04:06:47,392 [pool-183-thread-1] INFO  server.RaftServerConfigKeys (ConfUtils.java:logGet(43)) - raft.server.log.queue.byte-limit = 2147483647 (custom)
2019-11-13 04:06:47,392 [pool-183-thread-1] INFO  server.RaftServerConfigKeys (ConfUtils.java:logGet(43)) - raft.server.log.queue.element-limit = 1024 (custom)
2019-11-13 04:06:47,392 [pool-183-thread-1] INFO  server.RaftServerConfigKeys (ConfUtils.java:logGet(43)) - raft.server.log.segment.size.max = 1048576 (custom)
2019-11-13 04:06:47,392 [pool-183-thread-1] INFO  server.RaftServerConfigKeys (ConfUtils.java:logGet(43)) - raft.server.log.preallocated.size = 16384 (custom)
2019-11-13 04:06:47,393 [pool-183-thread-1] INFO  server.RaftServerConfigKeys (ConfUtils.java:logGet(43)) - raft.server.log.write.buffer.size = 33554432 (custom)
2019-11-13 04:06:47,393 [pool-183-thread-1] INFO  server.RaftServerConfigKeys (ConfUtils.java:logGet(43)) - raft.server.log.force.sync.num = 128 (default)
2019-11-13 04:06:47,393 [pool-183-thread-1] INFO  server.RaftServerConfigKeys (ConfUtils.java:logGet(43)) - raft.server.log.statemachine.data.sync = true (default)
2019-11-13 04:06:47,393 [pool-183-thread-1] INFO  server.RaftServerConfigKeys (ConfUtils.java:logGet(43)) - raft.server.log.statemachine.data.sync.timeout = 10s (default)
2019-11-13 04:06:47,393 [pool-183-thread-1] INFO  server.RaftServerConfigKeys (ConfUtils.java:logGet(43)) - raft.server.log.statemachine.data.sync.timeout.retry = -1 (default)
2019-11-13 04:06:47,393 [pool-183-thread-1] INFO  server.RaftServerConfigKeys (ConfUtils.java:logGet(43)) - raft.server.log.statemachine.data.caching.enabled = true (custom)
2019-11-13 04:06:47,394 [pool-183-thread-1] INFO  segmented.SegmentedRaftLogWorker (SegmentedRaftLogWorker.java:lambda$new$0(128)) - 0cea8a44-7441-4692-92a5-de212c14b418@group-6C52E0808C5B-SegmentedRaftLogWorker: flushIndex: setUnconditionally 0 -> -1
2019-11-13 04:06:47,394 [pool-183-thread-1] INFO  server.RaftServerConfigKeys (ConfUtils.java:logGet(43)) - raft.server.snapshot.auto.trigger.enabled = true (custom)
2019-11-13 04:06:47,394 [pool-183-thread-1] INFO  server.RaftServerConfigKeys (ConfUtils.java:logGet(43)) - raft.server.snapshot.auto.trigger.threshold = 10000 (custom)
2019-11-13 04:06:47,394 [pool-183-thread-1] INFO  server.RaftServerConfigKeys (ConfUtils.java:logGet(43)) - raft.server.snapshot.retention.file.num = 5 (custom)
2019-11-13 04:06:47,394 [pool-183-thread-1] INFO  server.RaftServerConfigKeys (ConfUtils.java:logGet(43)) - raft.server.retrycache.expirytime = 600000ms (custom)
2019-11-13 04:06:47,394 [pool-183-thread-1] WARN  impl.MetricRegistriesImpl (MetricRegistriesImpl.java:lambda$create$1(61)) - First MetricRegistry has been created without registering reporters. You may need to call MetricRegistries.global().addReportRegistration(...) before.
2019-11-13 04:06:47,395 [pool-183-thread-1] WARN  impl.MetricRegistriesImpl (MetricRegistriesImpl.java:lambda$create$1(61)) - First MetricRegistry has been created without registering reporters. You may need to call MetricRegistries.global().addReportRegistration(...) before.
2019-11-13 04:06:47,395 [pool-183-thread-1] INFO  impl.RaftServerImpl (RaftServerImpl.java:start(184)) - 0cea8a44-7441-4692-92a5-de212c14b418@group-6C52E0808C5B: start as a follower, conf=-1: [0cea8a44-7441-4692-92a5-de212c14b418:192.168.34.45:44463], old=null
2019-11-13 04:06:47,395 [pool-183-thread-1] INFO  impl.RaftServerImpl (RaftServerImpl.java:setRole(173)) - 0cea8a44-7441-4692-92a5-de212c14b418@group-6C52E0808C5B: changes role from      null to FOLLOWER at term 0 for startAsFollower
2019-11-13 04:06:47,395 [pool-183-thread-1] INFO  impl.RoleInfo (RoleInfo.java:updateAndGet(143)) - 0cea8a44-7441-4692-92a5-de212c14b418: start FollowerState
2019-11-13 04:06:47,396 [pool-183-thread-1] INFO  util.JmxRegister (JmxRegister.java:tryRegister(44)) - Successfully registered JMX Bean with object name Ratis:service=RaftServer,group=group-6C52E0808C5B,id=0cea8a44-7441-4692-92a5-de212c14b418
2019-11-13 04:06:47,396 [pool-183-thread-1] WARN  impl.MetricRegistriesImpl (MetricRegistriesImpl.java:lambda$create$1(61)) - First MetricRegistry has been created without registering reporters. You may need to call MetricRegistries.global().addReportRegistration(...) before.
2019-11-13 04:06:47,399 [RatisPipelineUtilsThread] INFO  pipeline.PipelineStateManager (PipelineStateManager.java:addPipeline(55)) - Created pipeline Pipeline[ Id: 78e0cf26-1fdb-4d7f-ac70-6c52e0808c5b, Nodes: 0cea8a44-7441-4692-92a5-de212c14b418{ip: 192.168.34.45, host: trunk-nightly-20191113-wdxpm-1799726093, networkLocation: /default-rack, certSerialId: null}, Type:RATIS, Factor:ONE, State:ALLOCATED]
2019-11-13 04:06:47,405 [grpc-default-executor-5] INFO  impl.RaftServerProxy (RaftServerProxy.java:addNew(89)) - 50248509-472f-4b93-9431-0a6e6bd3eac0: addNew group-F5C931C83913:[50248509-472f-4b93-9431-0a6e6bd3eac0:192.168.34.45:43078] returns group-F5C931C83913:java.util.concurrent.CompletableFuture@19a357e0[Not completed]
2019-11-13 04:06:47,407 [pool-193-thread-1] INFO  impl.RaftServerImpl (RaftServerImpl.java:<init>(98)) - 50248509-472f-4b93-9431-0a6e6bd3eac0: new RaftServerImpl for group-F5C931C83913:[50248509-472f-4b93-9431-0a6e6bd3eac0:192.168.34.45:43078] with ContainerStateMachine:uninitialized
2019-11-13 04:06:47,407 [pool-193-thread-1] INFO  server.RaftServerConfigKeys (ConfUtils.java:logGet(43)) - raft.server.rpc.timeout.min = 1s (custom)
2019-11-13 04:06:47,407 [pool-193-thread-1] INFO  server.RaftServerConfigKeys (ConfUtils.java:logGet(43)) - raft.server.rpc.timeout.max = 1200ms (custom)
2019-11-13 04:06:47,407 [pool-193-thread-1] INFO  server.RaftServerConfigKeys (ConfUtils.java:logGet(43)) - raft.server.rpcslowness.timeout = 120s (custom)
2019-11-13 04:06:47,407 [pool-193-thread-1] INFO  server.RaftServerConfigKeys (ConfUtils.java:logGet(43)) - raft.server.sleep.deviation.threshold = 300 (default)
2019-11-13 04:06:47,407 [pool-193-thread-1] INFO  server.RaftServerConfigKeys (ConfUtils.java:logGet(43)) - raft.server.log.appender.install.snapshot.enabled = false (custom)
2019-11-13 04:06:47,407 [pool-193-thread-1] INFO  impl.RaftServerImpl (ServerState.java:<init>(103)) - 50248509-472f-4b93-9431-0a6e6bd3eac0@group-F5C931C83913: ConfigurationManager, init=-1: [50248509-472f-4b93-9431-0a6e6bd3eac0:192.168.34.45:43078], old=null, confs=<EMPTY_MAP>
2019-11-13 04:06:47,408 [pool-193-thread-1] INFO  server.RaftServerConfigKeys (ConfUtils.java:logGet(43)) - raft.server.storage.dir = [/workdir/hadoop-ozone/integration-test/target/test-dir/MiniOzoneClusterImpl-b85b6ab0-505c-4a5c-9cb9-9f0034e19733/datanode-4/data/ratis] (custom)
2019-11-13 04:06:47,408 [pool-193-thread-1] INFO  server.RaftServerConfigKeys (ConfUtils.java:logGet(43)) - raft.server.log.corruption.policy = EXCEPTION (default)
2019-11-13 04:06:47,408 [pool-193-thread-1] INFO  storage.RaftStorageDirectory (RaftStorageDirectory.java:analyzeStorage(246)) - The storage directory /workdir/hadoop-ozone/integration-test/target/test-dir/MiniOzoneClusterImpl-b85b6ab0-505c-4a5c-9cb9-9f0034e19733/datanode-4/data/ratis/acf91f85-a512-4e89-bfae-f5c931c83913 does not exist. Creating ...
2019-11-13 04:06:47,410 [IPC Server handler 3 on 43407] INFO  net.NetworkTopology (NetworkTopologyImpl.java:add(111)) - Added a new node: /default-rack/64d096e6-e0ae-4a1d-97a3-03513c91a164
2019-11-13 04:06:47,410 [IPC Server handler 3 on 43407] INFO  node.SCMNodeManager (SCMNodeManager.java:register(267)) - Registered Data node : 64d096e6-e0ae-4a1d-97a3-03513c91a164{ip: 192.168.34.45, host: trunk-nightly-20191113-wdxpm-1799726093, networkLocation: /default-rack, certSerialId: null}
2019-11-13 04:06:47,422 [pool-193-thread-1] INFO  storage.RaftStorageDirectory (RaftStorageDirectory.java:tryLock(328)) - Lock on /workdir/hadoop-ozone/integration-test/target/test-dir/MiniOzoneClusterImpl-b85b6ab0-505c-4a5c-9cb9-9f0034e19733/datanode-4/data/ratis/acf91f85-a512-4e89-bfae-f5c931c83913/in_use.lock acquired by nodename 22723@trunk-nightly-20191113-wdxpm-1799726093
2019-11-13 04:06:47,435 [pool-193-thread-1] INFO  storage.RaftStorage (RaftStorage.java:format(84)) - Storage directory /workdir/hadoop-ozone/integration-test/target/test-dir/MiniOzoneClusterImpl-b85b6ab0-505c-4a5c-9cb9-9f0034e19733/datanode-4/data/ratis/acf91f85-a512-4e89-bfae-f5c931c83913 has been successfully formatted.
2019-11-13 04:06:47,436 [pool-193-thread-1] INFO  ratis.ContainerStateMachine (ContainerStateMachine.java:loadSnapshot(223)) - group-F5C931C83913: The snapshot info is null. Setting the last applied indexto:(t:0, i:~)
2019-11-13 04:06:47,436 [pool-193-thread-1] INFO  server.RaftServerConfigKeys (ConfUtils.java:logGet(43)) - raft.server.notification.no-leader.timeout = 120s (custom)
2019-11-13 04:06:47,436 [pool-193-thread-1] INFO  server.RaftServerConfigKeys (ConfUtils.java:logGet(43)) - raft.server.log.use.memory = false (default)
2019-11-13 04:06:47,436 [pool-193-thread-1] INFO  server.RaftServerConfigKeys (ConfUtils.java:logGet(43)) - raft.server.log.purge.gap = 1000000 (custom)
2019-11-13 04:06:47,436 [pool-193-thread-1] INFO  server.RaftServerConfigKeys (ConfUtils.java:logGet(43)) - raft.server.log.appender.buffer.byte-limit = 33554432 (custom)
2019-11-13 04:06:47,436 [pool-193-thread-1] INFO  server.RaftServerConfigKeys (ConfUtils.java:logGet(43)) - raft.server.log.segment.size.max = 1048576 (custom)
2019-11-13 04:06:47,436 [pool-193-thread-1] WARN  impl.MetricRegistriesImpl (MetricRegistriesImpl.java:lambda$create$1(61)) - First MetricRegistry has been created without registering reporters. You may need to call MetricRegistries.global().addReportRegistration(...) before.
2019-11-13 04:06:47,436 [pool-193-thread-1] INFO  server.RaftServerConfigKeys (ConfUtils.java:logGet(43)) - raft.server.log.segment.cache.num.max = 2 (custom)
2019-11-13 04:06:47,436 [pool-193-thread-1] INFO  segmented.SegmentedRaftLogWorker (SegmentedRaftLogWorker.java:<init>(173)) - new 50248509-472f-4b93-9431-0a6e6bd3eac0@group-F5C931C83913-SegmentedRaftLogWorker for RaftStorage:Storage Directory /workdir/hadoop-ozone/integration-test/target/test-dir/MiniOzoneClusterImpl-b85b6ab0-505c-4a5c-9cb9-9f0034e19733/datanode-4/data/ratis/acf91f85-a512-4e89-bfae-f5c931c83913
2019-11-13 04:06:47,437 [pool-193-thread-1] INFO  server.RaftServerConfigKeys (ConfUtils.java:logGet(43)) - raft.server.log.queue.byte-limit = 2147483647 (custom)
2019-11-13 04:06:47,437 [pool-193-thread-1] INFO  server.RaftServerConfigKeys (ConfUtils.java:logGet(43)) - raft.server.log.queue.element-limit = 1024 (custom)
2019-11-13 04:06:47,437 [pool-193-thread-1] INFO  server.RaftServerConfigKeys (ConfUtils.java:logGet(43)) - raft.server.log.segment.size.max = 1048576 (custom)
2019-11-13 04:06:47,437 [pool-193-thread-1] INFO  server.RaftServerConfigKeys (ConfUtils.java:logGet(43)) - raft.server.log.preallocated.size = 16384 (custom)
2019-11-13 04:06:47,437 [pool-193-thread-1] INFO  server.RaftServerConfigKeys (ConfUtils.java:logGet(43)) - raft.server.log.write.buffer.size = 33554432 (custom)
2019-11-13 04:06:47,437 [pool-193-thread-1] INFO  server.RaftServerConfigKeys (ConfUtils.java:logGet(43)) - raft.server.log.force.sync.num = 128 (default)
2019-11-13 04:06:47,437 [pool-193-thread-1] INFO  server.RaftServerConfigKeys (ConfUtils.java:logGet(43)) - raft.server.log.statemachine.data.sync = true (default)
2019-11-13 04:06:47,437 [pool-193-thread-1] INFO  server.RaftServerConfigKeys (ConfUtils.java:logGet(43)) - raft.server.log.statemachine.data.sync.timeout = 10s (default)
2019-11-13 04:06:47,437 [pool-193-thread-1] INFO  server.RaftServerConfigKeys (ConfUtils.java:logGet(43)) - raft.server.log.statemachine.data.sync.timeout.retry = -1 (default)
2019-11-13 04:06:47,438 [pool-193-thread-1] INFO  server.RaftServerConfigKeys (ConfUtils.java:logGet(43)) - raft.server.log.statemachine.data.caching.enabled = true (custom)
2019-11-13 04:06:47,438 [pool-193-thread-1] INFO  segmented.SegmentedRaftLogWorker (SegmentedRaftLogWorker.java:lambda$new$0(128)) - 50248509-472f-4b93-9431-0a6e6bd3eac0@group-F5C931C83913-SegmentedRaftLogWorker: flushIndex: setUnconditionally 0 -> -1
2019-11-13 04:06:47,438 [pool-193-thread-1] INFO  server.RaftServerConfigKeys (ConfUtils.java:logGet(43)) - raft.server.snapshot.auto.trigger.enabled = true (custom)
2019-11-13 04:06:47,438 [pool-193-thread-1] INFO  server.RaftServerConfigKeys (ConfUtils.java:logGet(43)) - raft.server.snapshot.auto.trigger.threshold = 10000 (custom)
2019-11-13 04:06:47,438 [pool-193-thread-1] INFO  server.RaftServerConfigKeys (ConfUtils.java:logGet(43)) - raft.server.snapshot.retention.file.num = 5 (custom)
2019-11-13 04:06:47,439 [pool-193-thread-1] INFO  server.RaftServerConfigKeys (ConfUtils.java:logGet(43)) - raft.server.retrycache.expirytime = 600000ms (custom)
2019-11-13 04:06:47,439 [pool-193-thread-1] WARN  impl.MetricRegistriesImpl (MetricRegistriesImpl.java:lambda$create$1(61)) - First MetricRegistry has been created without registering reporters. You may need to call MetricRegistries.global().addReportRegistration(...) before.
2019-11-13 04:06:47,439 [pool-193-thread-1] WARN  impl.MetricRegistriesImpl (MetricRegistriesImpl.java:lambda$create$1(61)) - First MetricRegistry has been created without registering reporters. You may need to call MetricRegistries.global().addReportRegistration(...) before.
2019-11-13 04:06:47,439 [pool-193-thread-1] INFO  impl.RaftServerImpl (RaftServerImpl.java:start(184)) - 50248509-472f-4b93-9431-0a6e6bd3eac0@group-F5C931C83913: start as a follower, conf=-1: [50248509-472f-4b93-9431-0a6e6bd3eac0:192.168.34.45:43078], old=null
2019-11-13 04:06:47,439 [pool-193-thread-1] INFO  impl.RaftServerImpl (RaftServerImpl.java:setRole(173)) - 50248509-472f-4b93-9431-0a6e6bd3eac0@group-F5C931C83913: changes role from      null to FOLLOWER at term 0 for startAsFollower
2019-11-13 04:06:47,439 [pool-193-thread-1] INFO  impl.RoleInfo (RoleInfo.java:updateAndGet(143)) - 50248509-472f-4b93-9431-0a6e6bd3eac0: start FollowerState
2019-11-13 04:06:47,440 [pool-193-thread-1] INFO  util.JmxRegister (JmxRegister.java:tryRegister(44)) - Successfully registered JMX Bean with object name Ratis:service=RaftServer,group=group-F5C931C83913,id=50248509-472f-4b93-9431-0a6e6bd3eac0
2019-11-13 04:06:47,440 [pool-193-thread-1] WARN  impl.MetricRegistriesImpl (MetricRegistriesImpl.java:lambda$create$1(61)) - First MetricRegistry has been created without registering reporters. You may need to call MetricRegistries.global().addReportRegistration(...) before.
2019-11-13 04:06:47,442 [RatisPipelineUtilsThread] INFO  pipeline.PipelineStateManager (PipelineStateManager.java:addPipeline(55)) - Created pipeline Pipeline[ Id: acf91f85-a512-4e89-bfae-f5c931c83913, Nodes: 50248509-472f-4b93-9431-0a6e6bd3eac0{ip: 192.168.34.45, host: trunk-nightly-20191113-wdxpm-1799726093, networkLocation: /default-rack, certSerialId: null}, Type:RATIS, Factor:ONE, State:ALLOCATED]
2019-11-13 04:06:47,448 [grpc-default-executor-5] INFO  impl.RaftServerProxy (RaftServerProxy.java:addNew(89)) - 64d096e6-e0ae-4a1d-97a3-03513c91a164: addNew group-E896FBAFB2C7:[64d096e6-e0ae-4a1d-97a3-03513c91a164:192.168.34.45:39823] returns group-E896FBAFB2C7:java.util.concurrent.CompletableFuture@441920b7[Not completed]
2019-11-13 04:06:47,449 [pool-203-thread-1] INFO  impl.RaftServerImpl (RaftServerImpl.java:<init>(98)) - 64d096e6-e0ae-4a1d-97a3-03513c91a164: new RaftServerImpl for group-E896FBAFB2C7:[64d096e6-e0ae-4a1d-97a3-03513c91a164:192.168.34.45:39823] with ContainerStateMachine:uninitialized
2019-11-13 04:06:47,449 [pool-203-thread-1] INFO  server.RaftServerConfigKeys (ConfUtils.java:logGet(43)) - raft.server.rpc.timeout.min = 1s (custom)
2019-11-13 04:06:47,449 [pool-203-thread-1] INFO  server.RaftServerConfigKeys (ConfUtils.java:logGet(43)) - raft.server.rpc.timeout.max = 1200ms (custom)
2019-11-13 04:06:47,449 [pool-203-thread-1] INFO  server.RaftServerConfigKeys (ConfUtils.java:logGet(43)) - raft.server.rpcslowness.timeout = 120s (custom)
2019-11-13 04:06:47,449 [pool-203-thread-1] INFO  server.RaftServerConfigKeys (ConfUtils.java:logGet(43)) - raft.server.sleep.deviation.threshold = 300 (default)
2019-11-13 04:06:47,450 [pool-203-thread-1] INFO  server.RaftServerConfigKeys (ConfUtils.java:logGet(43)) - raft.server.log.appender.install.snapshot.enabled = false (custom)
2019-11-13 04:06:47,450 [pool-203-thread-1] INFO  impl.RaftServerImpl (ServerState.java:<init>(103)) - 64d096e6-e0ae-4a1d-97a3-03513c91a164@group-E896FBAFB2C7: ConfigurationManager, init=-1: [64d096e6-e0ae-4a1d-97a3-03513c91a164:192.168.34.45:39823], old=null, confs=<EMPTY_MAP>
2019-11-13 04:06:47,450 [pool-203-thread-1] INFO  server.RaftServerConfigKeys (ConfUtils.java:logGet(43)) - raft.server.storage.dir = [/workdir/hadoop-ozone/integration-test/target/test-dir/MiniOzoneClusterImpl-b85b6ab0-505c-4a5c-9cb9-9f0034e19733/datanode-5/data/ratis] (custom)
2019-11-13 04:06:47,450 [pool-203-thread-1] INFO  server.RaftServerConfigKeys (ConfUtils.java:logGet(43)) - raft.server.log.corruption.policy = EXCEPTION (default)
2019-11-13 04:06:47,450 [pool-203-thread-1] INFO  storage.RaftStorageDirectory (RaftStorageDirectory.java:analyzeStorage(246)) - The storage directory /workdir/hadoop-ozone/integration-test/target/test-dir/MiniOzoneClusterImpl-b85b6ab0-505c-4a5c-9cb9-9f0034e19733/datanode-5/data/ratis/d461e442-c991-45dd-90ee-e896fbafb2c7 does not exist. Creating ...
2019-11-13 04:06:47,464 [pool-203-thread-1] INFO  storage.RaftStorageDirectory (RaftStorageDirectory.java:tryLock(328)) - Lock on /workdir/hadoop-ozone/integration-test/target/test-dir/MiniOzoneClusterImpl-b85b6ab0-505c-4a5c-9cb9-9f0034e19733/datanode-5/data/ratis/d461e442-c991-45dd-90ee-e896fbafb2c7/in_use.lock acquired by nodename 22723@trunk-nightly-20191113-wdxpm-1799726093
2019-11-13 04:06:47,477 [pool-203-thread-1] INFO  storage.RaftStorage (RaftStorage.java:format(84)) - Storage directory /workdir/hadoop-ozone/integration-test/target/test-dir/MiniOzoneClusterImpl-b85b6ab0-505c-4a5c-9cb9-9f0034e19733/datanode-5/data/ratis/d461e442-c991-45dd-90ee-e896fbafb2c7 has been successfully formatted.
2019-11-13 04:06:47,477 [pool-203-thread-1] INFO  ratis.ContainerStateMachine (ContainerStateMachine.java:loadSnapshot(223)) - group-E896FBAFB2C7: The snapshot info is null. Setting the last applied indexto:(t:0, i:~)
2019-11-13 04:06:47,478 [pool-203-thread-1] INFO  server.RaftServerConfigKeys (ConfUtils.java:logGet(43)) - raft.server.notification.no-leader.timeout = 120s (custom)
2019-11-13 04:06:47,478 [pool-203-thread-1] INFO  server.RaftServerConfigKeys (ConfUtils.java:logGet(43)) - raft.server.log.use.memory = false (default)
2019-11-13 04:06:47,478 [pool-203-thread-1] INFO  server.RaftServerConfigKeys (ConfUtils.java:logGet(43)) - raft.server.log.purge.gap = 1000000 (custom)
2019-11-13 04:06:47,478 [pool-203-thread-1] INFO  server.RaftServerConfigKeys (ConfUtils.java:logGet(43)) - raft.server.log.appender.buffer.byte-limit = 33554432 (custom)
2019-11-13 04:06:47,478 [pool-203-thread-1] INFO  server.RaftServerConfigKeys (ConfUtils.java:logGet(43)) - raft.server.log.segment.size.max = 1048576 (custom)
2019-11-13 04:06:47,478 [pool-203-thread-1] WARN  impl.MetricRegistriesImpl (MetricRegistriesImpl.java:lambda$create$1(61)) - First MetricRegistry has been created without registering reporters. You may need to call MetricRegistries.global().addReportRegistration(...) before.
2019-11-13 04:06:47,478 [pool-203-thread-1] INFO  server.RaftServerConfigKeys (ConfUtils.java:logGet(43)) - raft.server.log.segment.cache.num.max = 2 (custom)
2019-11-13 04:06:47,478 [pool-203-thread-1] INFO  segmented.SegmentedRaftLogWorker (SegmentedRaftLogWorker.java:<init>(173)) - new 64d096e6-e0ae-4a1d-97a3-03513c91a164@group-E896FBAFB2C7-SegmentedRaftLogWorker for RaftStorage:Storage Directory /workdir/hadoop-ozone/integration-test/target/test-dir/MiniOzoneClusterImpl-b85b6ab0-505c-4a5c-9cb9-9f0034e19733/datanode-5/data/ratis/d461e442-c991-45dd-90ee-e896fbafb2c7
2019-11-13 04:06:47,478 [pool-203-thread-1] INFO  server.RaftServerConfigKeys (ConfUtils.java:logGet(43)) - raft.server.log.queue.byte-limit = 2147483647 (custom)
2019-11-13 04:06:47,478 [pool-203-thread-1] INFO  server.RaftServerConfigKeys (ConfUtils.java:logGet(43)) - raft.server.log.queue.element-limit = 1024 (custom)
2019-11-13 04:06:47,479 [pool-203-thread-1] INFO  server.RaftServerConfigKeys (ConfUtils.java:logGet(43)) - raft.server.log.segment.size.max = 1048576 (custom)
2019-11-13 04:06:47,479 [pool-203-thread-1] INFO  server.RaftServerConfigKeys (ConfUtils.java:logGet(43)) - raft.server.log.preallocated.size = 16384 (custom)
2019-11-13 04:06:47,479 [pool-203-thread-1] INFO  server.RaftServerConfigKeys (ConfUtils.java:logGet(43)) - raft.server.log.write.buffer.size = 33554432 (custom)
2019-11-13 04:06:47,479 [pool-203-thread-1] INFO  server.RaftServerConfigKeys (ConfUtils.java:logGet(43)) - raft.server.log.force.sync.num = 128 (default)
2019-11-13 04:06:47,479 [pool-203-thread-1] INFO  server.RaftServerConfigKeys (ConfUtils.java:logGet(43)) - raft.server.log.statemachine.data.sync = true (default)
2019-11-13 04:06:47,479 [pool-203-thread-1] INFO  server.RaftServerConfigKeys (ConfUtils.java:logGet(43)) - raft.server.log.statemachine.data.sync.timeout = 10s (default)
2019-11-13 04:06:47,479 [pool-203-thread-1] INFO  server.RaftServerConfigKeys (ConfUtils.java:logGet(43)) - raft.server.log.statemachine.data.sync.timeout.retry = -1 (default)
2019-11-13 04:06:47,479 [pool-203-thread-1] INFO  server.RaftServerConfigKeys (ConfUtils.java:logGet(43)) - raft.server.log.statemachine.data.caching.enabled = true (custom)
2019-11-13 04:06:47,480 [pool-203-thread-1] INFO  segmented.SegmentedRaftLogWorker (SegmentedRaftLogWorker.java:lambda$new$0(128)) - 64d096e6-e0ae-4a1d-97a3-03513c91a164@group-E896FBAFB2C7-SegmentedRaftLogWorker: flushIndex: setUnconditionally 0 -> -1
2019-11-13 04:06:47,480 [pool-203-thread-1] INFO  server.RaftServerConfigKeys (ConfUtils.java:logGet(43)) - raft.server.snapshot.auto.trigger.enabled = true (custom)
2019-11-13 04:06:47,480 [pool-203-thread-1] INFO  server.RaftServerConfigKeys (ConfUtils.java:logGet(43)) - raft.server.snapshot.auto.trigger.threshold = 10000 (custom)
2019-11-13 04:06:47,480 [pool-203-thread-1] INFO  server.RaftServerConfigKeys (ConfUtils.java:logGet(43)) - raft.server.snapshot.retention.file.num = 5 (custom)
2019-11-13 04:06:47,480 [pool-203-thread-1] INFO  server.RaftServerConfigKeys (ConfUtils.java:logGet(43)) - raft.server.retrycache.expirytime = 600000ms (custom)
2019-11-13 04:06:47,480 [pool-203-thread-1] WARN  impl.MetricRegistriesImpl (MetricRegistriesImpl.java:lambda$create$1(61)) - First MetricRegistry has been created without registering reporters. You may need to call MetricRegistries.global().addReportRegistration(...) before.
2019-11-13 04:06:47,480 [pool-203-thread-1] WARN  impl.MetricRegistriesImpl (MetricRegistriesImpl.java:lambda$create$1(61)) - First MetricRegistry has been created without registering reporters. You may need to call MetricRegistries.global().addReportRegistration(...) before.
2019-11-13 04:06:47,480 [pool-203-thread-1] INFO  impl.RaftServerImpl (RaftServerImpl.java:start(184)) - 64d096e6-e0ae-4a1d-97a3-03513c91a164@group-E896FBAFB2C7: start as a follower, conf=-1: [64d096e6-e0ae-4a1d-97a3-03513c91a164:192.168.34.45:39823], old=null
2019-11-13 04:06:47,481 [pool-203-thread-1] INFO  impl.RaftServerImpl (RaftServerImpl.java:setRole(173)) - 64d096e6-e0ae-4a1d-97a3-03513c91a164@group-E896FBAFB2C7: changes role from      null to FOLLOWER at term 0 for startAsFollower
2019-11-13 04:06:47,481 [pool-203-thread-1] INFO  impl.RoleInfo (RoleInfo.java:updateAndGet(143)) - 64d096e6-e0ae-4a1d-97a3-03513c91a164: start FollowerState
2019-11-13 04:06:47,481 [pool-203-thread-1] INFO  util.JmxRegister (JmxRegister.java:tryRegister(44)) - Successfully registered JMX Bean with object name Ratis:service=RaftServer,group=group-E896FBAFB2C7,id=64d096e6-e0ae-4a1d-97a3-03513c91a164
2019-11-13 04:06:47,481 [pool-203-thread-1] WARN  impl.MetricRegistriesImpl (MetricRegistriesImpl.java:lambda$create$1(61)) - First MetricRegistry has been created without registering reporters. You may need to call MetricRegistries.global().addReportRegistration(...) before.
2019-11-13 04:06:47,484 [RatisPipelineUtilsThread] INFO  pipeline.PipelineStateManager (PipelineStateManager.java:addPipeline(55)) - Created pipeline Pipeline[ Id: d461e442-c991-45dd-90ee-e896fbafb2c7, Nodes: 64d096e6-e0ae-4a1d-97a3-03513c91a164{ip: 192.168.34.45, host: trunk-nightly-20191113-wdxpm-1799726093, networkLocation: /default-rack, certSerialId: null}, Type:RATIS, Factor:ONE, State:ALLOCATED]
2019-11-13 04:06:47,492 [grpc-default-executor-5] INFO  impl.RaftServerProxy (RaftServerProxy.java:addNew(89)) - 0cea8a44-7441-4692-92a5-de212c14b418: addNew group-EC2942CDC5BE:[0cea8a44-7441-4692-92a5-de212c14b418:192.168.34.45:44463, 50248509-472f-4b93-9431-0a6e6bd3eac0:192.168.34.45:43078, 64d096e6-e0ae-4a1d-97a3-03513c91a164:192.168.34.45:39823] returns group-EC2942CDC5BE:java.util.concurrent.CompletableFuture@46755a5d[Not completed]
2019-11-13 04:06:47,493 [grpc-default-executor-7] INFO  impl.RaftServerProxy (RaftServerProxy.java:addNew(89)) - 50248509-472f-4b93-9431-0a6e6bd3eac0: addNew group-EC2942CDC5BE:[0cea8a44-7441-4692-92a5-de212c14b418:192.168.34.45:44463, 50248509-472f-4b93-9431-0a6e6bd3eac0:192.168.34.45:43078, 64d096e6-e0ae-4a1d-97a3-03513c91a164:192.168.34.45:39823] returns group-EC2942CDC5BE:java.util.concurrent.CompletableFuture@165a9919[Not completed]
2019-11-13 04:06:47,493 [grpc-default-executor-0] INFO  impl.RaftServerProxy (RaftServerProxy.java:addNew(89)) - 64d096e6-e0ae-4a1d-97a3-03513c91a164: addNew group-EC2942CDC5BE:[0cea8a44-7441-4692-92a5-de212c14b418:192.168.34.45:44463, 50248509-472f-4b93-9431-0a6e6bd3eac0:192.168.34.45:43078, 64d096e6-e0ae-4a1d-97a3-03513c91a164:192.168.34.45:39823] returns group-EC2942CDC5BE:java.util.concurrent.CompletableFuture@7643e20[Not completed]
2019-11-13 04:06:47,494 [pool-183-thread-1] INFO  impl.RaftServerImpl (RaftServerImpl.java:<init>(98)) - 0cea8a44-7441-4692-92a5-de212c14b418: new RaftServerImpl for group-EC2942CDC5BE:[0cea8a44-7441-4692-92a5-de212c14b418:192.168.34.45:44463, 50248509-472f-4b93-9431-0a6e6bd3eac0:192.168.34.45:43078, 64d096e6-e0ae-4a1d-97a3-03513c91a164:192.168.34.45:39823] with ContainerStateMachine:uninitialized
2019-11-13 04:06:47,494 [pool-183-thread-1] INFO  server.RaftServerConfigKeys (ConfUtils.java:logGet(43)) - raft.server.rpc.timeout.min = 1s (custom)
2019-11-13 04:06:47,494 [pool-183-thread-1] INFO  server.RaftServerConfigKeys (ConfUtils.java:logGet(43)) - raft.server.rpc.timeout.max = 1200ms (custom)
2019-11-13 04:06:47,494 [pool-183-thread-1] INFO  server.RaftServerConfigKeys (ConfUtils.java:logGet(43)) - raft.server.rpcslowness.timeout = 120s (custom)
2019-11-13 04:06:47,494 [pool-203-thread-1] INFO  impl.RaftServerImpl (RaftServerImpl.java:<init>(98)) - 64d096e6-e0ae-4a1d-97a3-03513c91a164: new RaftServerImpl for group-EC2942CDC5BE:[0cea8a44-7441-4692-92a5-de212c14b418:192.168.34.45:44463, 50248509-472f-4b93-9431-0a6e6bd3eac0:192.168.34.45:43078, 64d096e6-e0ae-4a1d-97a3-03513c91a164:192.168.34.45:39823] with ContainerStateMachine:uninitialized
2019-11-13 04:06:47,494 [pool-183-thread-1] INFO  server.RaftServerConfigKeys (ConfUtils.java:logGet(43)) - raft.server.sleep.deviation.threshold = 300 (default)
2019-11-13 04:06:47,494 [pool-203-thread-1] INFO  server.RaftServerConfigKeys (ConfUtils.java:logGet(43)) - raft.server.rpc.timeout.min = 1s (custom)
2019-11-13 04:06:47,495 [pool-183-thread-1] INFO  server.RaftServerConfigKeys (ConfUtils.java:logGet(43)) - raft.server.log.appender.install.snapshot.enabled = false (custom)
2019-11-13 04:06:47,495 [pool-203-thread-1] INFO  server.RaftServerConfigKeys (ConfUtils.java:logGet(43)) - raft.server.rpc.timeout.max = 1200ms (custom)
2019-11-13 04:06:47,495 [pool-183-thread-1] INFO  impl.RaftServerImpl (ServerState.java:<init>(103)) - 0cea8a44-7441-4692-92a5-de212c14b418@group-EC2942CDC5BE: ConfigurationManager, init=-1: [0cea8a44-7441-4692-92a5-de212c14b418:192.168.34.45:44463, 50248509-472f-4b93-9431-0a6e6bd3eac0:192.168.34.45:43078, 64d096e6-e0ae-4a1d-97a3-03513c91a164:192.168.34.45:39823], old=null, confs=<EMPTY_MAP>
2019-11-13 04:06:47,495 [pool-203-thread-1] INFO  server.RaftServerConfigKeys (ConfUtils.java:logGet(43)) - raft.server.rpcslowness.timeout = 120s (custom)
2019-11-13 04:06:47,495 [pool-193-thread-1] INFO  impl.RaftServerImpl (RaftServerImpl.java:<init>(98)) - 50248509-472f-4b93-9431-0a6e6bd3eac0: new RaftServerImpl for group-EC2942CDC5BE:[0cea8a44-7441-4692-92a5-de212c14b418:192.168.34.45:44463, 50248509-472f-4b93-9431-0a6e6bd3eac0:192.168.34.45:43078, 64d096e6-e0ae-4a1d-97a3-03513c91a164:192.168.34.45:39823] with ContainerStateMachine:uninitialized
2019-11-13 04:06:47,495 [pool-203-thread-1] INFO  server.RaftServerConfigKeys (ConfUtils.java:logGet(43)) - raft.server.sleep.deviation.threshold = 300 (default)
2019-11-13 04:06:47,495 [pool-183-thread-1] INFO  server.RaftServerConfigKeys (ConfUtils.java:logGet(43)) - raft.server.storage.dir = [/workdir/hadoop-ozone/integration-test/target/test-dir/MiniOzoneClusterImpl-b85b6ab0-505c-4a5c-9cb9-9f0034e19733/datanode-3/data/ratis] (custom)
2019-11-13 04:06:47,495 [pool-203-thread-1] INFO  server.RaftServerConfigKeys (ConfUtils.java:logGet(43)) - raft.server.log.appender.install.snapshot.enabled = false (custom)
2019-11-13 04:06:47,495 [pool-193-thread-1] INFO  server.RaftServerConfigKeys (ConfUtils.java:logGet(43)) - raft.server.rpc.timeout.min = 1s (custom)
2019-11-13 04:06:47,495 [pool-203-thread-1] INFO  impl.RaftServerImpl (ServerState.java:<init>(103)) - 64d096e6-e0ae-4a1d-97a3-03513c91a164@group-EC2942CDC5BE: ConfigurationManager, init=-1: [0cea8a44-7441-4692-92a5-de212c14b418:192.168.34.45:44463, 50248509-472f-4b93-9431-0a6e6bd3eac0:192.168.34.45:43078, 64d096e6-e0ae-4a1d-97a3-03513c91a164:192.168.34.45:39823], old=null, confs=<EMPTY_MAP>
2019-11-13 04:06:47,496 [pool-183-thread-1] INFO  server.RaftServerConfigKeys (ConfUtils.java:logGet(43)) - raft.server.log.corruption.policy = EXCEPTION (default)
2019-11-13 04:06:47,496 [pool-193-thread-1] INFO  server.RaftServerConfigKeys (ConfUtils.java:logGet(43)) - raft.server.rpc.timeout.max = 1200ms (custom)
2019-11-13 04:06:47,496 [pool-203-thread-1] INFO  server.RaftServerConfigKeys (ConfUtils.java:logGet(43)) - raft.server.storage.dir = [/workdir/hadoop-ozone/integration-test/target/test-dir/MiniOzoneClusterImpl-b85b6ab0-505c-4a5c-9cb9-9f0034e19733/datanode-5/data/ratis] (custom)
2019-11-13 04:06:47,496 [pool-183-thread-1] INFO  storage.RaftStorageDirectory (RaftStorageDirectory.java:analyzeStorage(246)) - The storage directory /workdir/hadoop-ozone/integration-test/target/test-dir/MiniOzoneClusterImpl-b85b6ab0-505c-4a5c-9cb9-9f0034e19733/datanode-3/data/ratis/cb67979c-6813-439c-a01c-ec2942cdc5be does not exist. Creating ...
2019-11-13 04:06:47,496 [pool-193-thread-1] INFO  server.RaftServerConfigKeys (ConfUtils.java:logGet(43)) - raft.server.rpcslowness.timeout = 120s (custom)
2019-11-13 04:06:47,496 [pool-203-thread-1] INFO  server.RaftServerConfigKeys (ConfUtils.java:logGet(43)) - raft.server.log.corruption.policy = EXCEPTION (default)
2019-11-13 04:06:47,496 [pool-193-thread-1] INFO  server.RaftServerConfigKeys (ConfUtils.java:logGet(43)) - raft.server.sleep.deviation.threshold = 300 (default)
2019-11-13 04:06:47,496 [pool-203-thread-1] INFO  storage.RaftStorageDirectory (RaftStorageDirectory.java:analyzeStorage(246)) - The storage directory /workdir/hadoop-ozone/integration-test/target/test-dir/MiniOzoneClusterImpl-b85b6ab0-505c-4a5c-9cb9-9f0034e19733/datanode-5/data/ratis/cb67979c-6813-439c-a01c-ec2942cdc5be does not exist. Creating ...
2019-11-13 04:06:47,496 [pool-193-thread-1] INFO  server.RaftServerConfigKeys (ConfUtils.java:logGet(43)) - raft.server.log.appender.install.snapshot.enabled = false (custom)
2019-11-13 04:06:47,497 [pool-193-thread-1] INFO  impl.RaftServerImpl (ServerState.java:<init>(103)) - 50248509-472f-4b93-9431-0a6e6bd3eac0@group-EC2942CDC5BE: ConfigurationManager, init=-1: [0cea8a44-7441-4692-92a5-de212c14b418:192.168.34.45:44463, 50248509-472f-4b93-9431-0a6e6bd3eac0:192.168.34.45:43078, 64d096e6-e0ae-4a1d-97a3-03513c91a164:192.168.34.45:39823], old=null, confs=<EMPTY_MAP>
2019-11-13 04:06:47,497 [pool-193-thread-1] INFO  server.RaftServerConfigKeys (ConfUtils.java:logGet(43)) - raft.server.storage.dir = [/workdir/hadoop-ozone/integration-test/target/test-dir/MiniOzoneClusterImpl-b85b6ab0-505c-4a5c-9cb9-9f0034e19733/datanode-4/data/ratis] (custom)
2019-11-13 04:06:47,497 [pool-193-thread-1] INFO  server.RaftServerConfigKeys (ConfUtils.java:logGet(43)) - raft.server.log.corruption.policy = EXCEPTION (default)
2019-11-13 04:06:47,497 [pool-193-thread-1] INFO  storage.RaftStorageDirectory (RaftStorageDirectory.java:analyzeStorage(246)) - The storage directory /workdir/hadoop-ozone/integration-test/target/test-dir/MiniOzoneClusterImpl-b85b6ab0-505c-4a5c-9cb9-9f0034e19733/datanode-4/data/ratis/cb67979c-6813-439c-a01c-ec2942cdc5be does not exist. Creating ...
2019-11-13 04:06:47,521 [pool-203-thread-1] INFO  storage.RaftStorageDirectory (RaftStorageDirectory.java:tryLock(328)) - Lock on /workdir/hadoop-ozone/integration-test/target/test-dir/MiniOzoneClusterImpl-b85b6ab0-505c-4a5c-9cb9-9f0034e19733/datanode-5/data/ratis/cb67979c-6813-439c-a01c-ec2942cdc5be/in_use.lock acquired by nodename 22723@trunk-nightly-20191113-wdxpm-1799726093
2019-11-13 04:06:47,521 [pool-183-thread-1] INFO  storage.RaftStorageDirectory (RaftStorageDirectory.java:tryLock(328)) - Lock on /workdir/hadoop-ozone/integration-test/target/test-dir/MiniOzoneClusterImpl-b85b6ab0-505c-4a5c-9cb9-9f0034e19733/datanode-3/data/ratis/cb67979c-6813-439c-a01c-ec2942cdc5be/in_use.lock acquired by nodename 22723@trunk-nightly-20191113-wdxpm-1799726093
2019-11-13 04:06:47,521 [pool-193-thread-1] INFO  storage.RaftStorageDirectory (RaftStorageDirectory.java:tryLock(328)) - Lock on /workdir/hadoop-ozone/integration-test/target/test-dir/MiniOzoneClusterImpl-b85b6ab0-505c-4a5c-9cb9-9f0034e19733/datanode-4/data/ratis/cb67979c-6813-439c-a01c-ec2942cdc5be/in_use.lock acquired by nodename 22723@trunk-nightly-20191113-wdxpm-1799726093
2019-11-13 04:06:47,547 [pool-183-thread-1] INFO  storage.RaftStorage (RaftStorage.java:format(84)) - Storage directory /workdir/hadoop-ozone/integration-test/target/test-dir/MiniOzoneClusterImpl-b85b6ab0-505c-4a5c-9cb9-9f0034e19733/datanode-3/data/ratis/cb67979c-6813-439c-a01c-ec2942cdc5be has been successfully formatted.
2019-11-13 04:06:47,547 [pool-203-thread-1] INFO  storage.RaftStorage (RaftStorage.java:format(84)) - Storage directory /workdir/hadoop-ozone/integration-test/target/test-dir/MiniOzoneClusterImpl-b85b6ab0-505c-4a5c-9cb9-9f0034e19733/datanode-5/data/ratis/cb67979c-6813-439c-a01c-ec2942cdc5be has been successfully formatted.
2019-11-13 04:06:47,547 [pool-183-thread-1] INFO  ratis.ContainerStateMachine (ContainerStateMachine.java:loadSnapshot(223)) - group-EC2942CDC5BE: The snapshot info is null. Setting the last applied indexto:(t:0, i:~)
2019-11-13 04:06:47,547 [pool-193-thread-1] INFO  storage.RaftStorage (RaftStorage.java:format(84)) - Storage directory /workdir/hadoop-ozone/integration-test/target/test-dir/MiniOzoneClusterImpl-b85b6ab0-505c-4a5c-9cb9-9f0034e19733/datanode-4/data/ratis/cb67979c-6813-439c-a01c-ec2942cdc5be has been successfully formatted.
2019-11-13 04:06:47,547 [pool-183-thread-1] INFO  server.RaftServerConfigKeys (ConfUtils.java:logGet(43)) - raft.server.notification.no-leader.timeout = 120s (custom)
2019-11-13 04:06:47,547 [pool-203-thread-1] INFO  ratis.ContainerStateMachine (ContainerStateMachine.java:loadSnapshot(223)) - group-EC2942CDC5BE: The snapshot info is null. Setting the last applied indexto:(t:0, i:~)
2019-11-13 04:06:47,547 [pool-193-thread-1] INFO  ratis.ContainerStateMachine (ContainerStateMachine.java:loadSnapshot(223)) - group-EC2942CDC5BE: The snapshot info is null. Setting the last applied indexto:(t:0, i:~)
2019-11-13 04:06:47,547 [pool-183-thread-1] INFO  server.RaftServerConfigKeys (ConfUtils.java:logGet(43)) - raft.server.log.use.memory = false (default)
2019-11-13 04:06:47,548 [pool-193-thread-1] INFO  server.RaftServerConfigKeys (ConfUtils.java:logGet(43)) - raft.server.notification.no-leader.timeout = 120s (custom)
2019-11-13 04:06:47,548 [pool-203-thread-1] INFO  server.RaftServerConfigKeys (ConfUtils.java:logGet(43)) - raft.server.notification.no-leader.timeout = 120s (custom)
2019-11-13 04:06:47,548 [pool-193-thread-1] INFO  server.RaftServerConfigKeys (ConfUtils.java:logGet(43)) - raft.server.log.use.memory = false (default)
2019-11-13 04:06:47,548 [pool-183-thread-1] INFO  server.RaftServerConfigKeys (ConfUtils.java:logGet(43)) - raft.server.log.purge.gap = 1000000 (custom)
2019-11-13 04:06:47,548 [pool-193-thread-1] INFO  server.RaftServerConfigKeys (ConfUtils.java:logGet(43)) - raft.server.log.purge.gap = 1000000 (custom)
2019-11-13 04:06:47,548 [pool-203-thread-1] INFO  server.RaftServerConfigKeys (ConfUtils.java:logGet(43)) - raft.server.log.use.memory = false (default)
2019-11-13 04:06:47,548 [pool-193-thread-1] INFO  server.RaftServerConfigKeys (ConfUtils.java:logGet(43)) - raft.server.log.appender.buffer.byte-limit = 33554432 (custom)
2019-11-13 04:06:47,548 [pool-183-thread-1] INFO  server.RaftServerConfigKeys (ConfUtils.java:logGet(43)) - raft.server.log.appender.buffer.byte-limit = 33554432 (custom)
2019-11-13 04:06:47,549 [pool-193-thread-1] INFO  server.RaftServerConfigKeys (ConfUtils.java:logGet(43)) - raft.server.log.segment.size.max = 1048576 (custom)
2019-11-13 04:06:47,549 [pool-203-thread-1] INFO  server.RaftServerConfigKeys (ConfUtils.java:logGet(43)) - raft.server.log.purge.gap = 1000000 (custom)
2019-11-13 04:06:47,549 [pool-193-thread-1] INFO  server.RaftServerConfigKeys (ConfUtils.java:logGet(43)) - raft.server.log.segment.cache.num.max = 2 (custom)
2019-11-13 04:06:47,549 [pool-183-thread-1] INFO  server.RaftServerConfigKeys (ConfUtils.java:logGet(43)) - raft.server.log.segment.size.max = 1048576 (custom)
2019-11-13 04:06:47,549 [pool-193-thread-1] INFO  segmented.SegmentedRaftLogWorker (SegmentedRaftLogWorker.java:<init>(173)) - new 50248509-472f-4b93-9431-0a6e6bd3eac0@group-EC2942CDC5BE-SegmentedRaftLogWorker for RaftStorage:Storage Directory /workdir/hadoop-ozone/integration-test/target/test-dir/MiniOzoneClusterImpl-b85b6ab0-505c-4a5c-9cb9-9f0034e19733/datanode-4/data/ratis/cb67979c-6813-439c-a01c-ec2942cdc5be
2019-11-13 04:06:47,549 [pool-193-thread-1] INFO  server.RaftServerConfigKeys (ConfUtils.java:logGet(43)) - raft.server.log.queue.byte-limit = 2147483647 (custom)
2019-11-13 04:06:47,549 [pool-203-thread-1] INFO  server.RaftServerConfigKeys (ConfUtils.java:logGet(43)) - raft.server.log.appender.buffer.byte-limit = 33554432 (custom)
2019-11-13 04:06:47,550 [pool-193-thread-1] INFO  server.RaftServerConfigKeys (ConfUtils.java:logGet(43)) - raft.server.log.queue.element-limit = 1024 (custom)
2019-11-13 04:06:47,550 [pool-193-thread-1] INFO  server.RaftServerConfigKeys (ConfUtils.java:logGet(43)) - raft.server.log.segment.size.max = 1048576 (custom)
2019-11-13 04:06:47,549 [pool-183-thread-1] INFO  server.RaftServerConfigKeys (ConfUtils.java:logGet(43)) - raft.server.log.segment.cache.num.max = 2 (custom)
2019-11-13 04:06:47,550 [pool-193-thread-1] INFO  server.RaftServerConfigKeys (ConfUtils.java:logGet(43)) - raft.server.log.preallocated.size = 16384 (custom)
2019-11-13 04:06:47,550 [pool-203-thread-1] INFO  server.RaftServerConfigKeys (ConfUtils.java:logGet(43)) - raft.server.log.segment.size.max = 1048576 (custom)
2019-11-13 04:06:47,550 [pool-193-thread-1] INFO  server.RaftServerConfigKeys (ConfUtils.java:logGet(43)) - raft.server.log.write.buffer.size = 33554432 (custom)
2019-11-13 04:06:47,550 [pool-193-thread-1] INFO  server.RaftServerConfigKeys (ConfUtils.java:logGet(43)) - raft.server.log.force.sync.num = 128 (default)
2019-11-13 04:06:47,550 [pool-183-thread-1] INFO  segmented.SegmentedRaftLogWorker (SegmentedRaftLogWorker.java:<init>(173)) - new 0cea8a44-7441-4692-92a5-de212c14b418@group-EC2942CDC5BE-SegmentedRaftLogWorker for RaftStorage:Storage Directory /workdir/hadoop-ozone/integration-test/target/test-dir/MiniOzoneClusterImpl-b85b6ab0-505c-4a5c-9cb9-9f0034e19733/datanode-3/data/ratis/cb67979c-6813-439c-a01c-ec2942cdc5be
2019-11-13 04:06:47,551 [pool-193-thread-1] INFO  server.RaftServerConfigKeys (ConfUtils.java:logGet(43)) - raft.server.log.statemachine.data.sync = true (default)
2019-11-13 04:06:47,551 [pool-193-thread-1] INFO  server.RaftServerConfigKeys (ConfUtils.java:logGet(43)) - raft.server.log.statemachine.data.sync.timeout = 10s (default)
2019-11-13 04:06:47,550 [pool-203-thread-1] INFO  server.RaftServerConfigKeys (ConfUtils.java:logGet(43)) - raft.server.log.segment.cache.num.max = 2 (custom)
2019-11-13 04:06:47,551 [pool-193-thread-1] INFO  server.RaftServerConfigKeys (ConfUtils.java:logGet(43)) - raft.server.log.statemachine.data.sync.timeout.retry = -1 (default)
2019-11-13 04:06:47,551 [pool-183-thread-1] INFO  server.RaftServerConfigKeys (ConfUtils.java:logGet(43)) - raft.server.log.queue.byte-limit = 2147483647 (custom)
2019-11-13 04:06:47,551 [pool-193-thread-1] INFO  server.RaftServerConfigKeys (ConfUtils.java:logGet(43)) - raft.server.log.statemachine.data.caching.enabled = true (custom)
2019-11-13 04:06:47,551 [pool-203-thread-1] INFO  segmented.SegmentedRaftLogWorker (SegmentedRaftLogWorker.java:<init>(173)) - new 64d096e6-e0ae-4a1d-97a3-03513c91a164@group-EC2942CDC5BE-SegmentedRaftLogWorker for RaftStorage:Storage Directory /workdir/hadoop-ozone/integration-test/target/test-dir/MiniOzoneClusterImpl-b85b6ab0-505c-4a5c-9cb9-9f0034e19733/datanode-5/data/ratis/cb67979c-6813-439c-a01c-ec2942cdc5be
2019-11-13 04:06:47,551 [pool-183-thread-1] INFO  server.RaftServerConfigKeys (ConfUtils.java:logGet(43)) - raft.server.log.queue.element-limit = 1024 (custom)
2019-11-13 04:06:47,552 [pool-193-thread-1] INFO  segmented.SegmentedRaftLogWorker (SegmentedRaftLogWorker.java:lambda$new$0(128)) - 50248509-472f-4b93-9431-0a6e6bd3eac0@group-EC2942CDC5BE-SegmentedRaftLogWorker: flushIndex: setUnconditionally 0 -> -1
2019-11-13 04:06:47,552 [pool-203-thread-1] INFO  server.RaftServerConfigKeys (ConfUtils.java:logGet(43)) - raft.server.log.queue.byte-limit = 2147483647 (custom)
2019-11-13 04:06:47,552 [pool-183-thread-1] INFO  server.RaftServerConfigKeys (ConfUtils.java:logGet(43)) - raft.server.log.segment.size.max = 1048576 (custom)
2019-11-13 04:06:47,552 [pool-193-thread-1] INFO  server.RaftServerConfigKeys (ConfUtils.java:logGet(43)) - raft.server.snapshot.auto.trigger.enabled = true (custom)
2019-11-13 04:06:47,552 [pool-203-thread-1] INFO  server.RaftServerConfigKeys (ConfUtils.java:logGet(43)) - raft.server.log.queue.element-limit = 1024 (custom)
2019-11-13 04:06:47,552 [pool-193-thread-1] INFO  server.RaftServerConfigKeys (ConfUtils.java:logGet(43)) - raft.server.snapshot.auto.trigger.threshold = 10000 (custom)
2019-11-13 04:06:47,552 [pool-183-thread-1] INFO  server.RaftServerConfigKeys (ConfUtils.java:logGet(43)) - raft.server.log.preallocated.size = 16384 (custom)
2019-11-13 04:06:47,553 [pool-193-thread-1] INFO  server.RaftServerConfigKeys (ConfUtils.java:logGet(43)) - raft.server.snapshot.retention.file.num = 5 (custom)
2019-11-13 04:06:47,552 [pool-203-thread-1] INFO  server.RaftServerConfigKeys (ConfUtils.java:logGet(43)) - raft.server.log.segment.size.max = 1048576 (custom)
2019-11-13 04:06:47,553 [pool-193-thread-1] INFO  server.RaftServerConfigKeys (ConfUtils.java:logGet(43)) - raft.server.retrycache.expirytime = 600000ms (custom)
2019-11-13 04:06:47,553 [pool-183-thread-1] INFO  server.RaftServerConfigKeys (ConfUtils.java:logGet(43)) - raft.server.log.write.buffer.size = 33554432 (custom)
2019-11-13 04:06:47,553 [pool-193-thread-1] WARN  impl.MetricRegistriesImpl (MetricRegistriesImpl.java:lambda$create$1(61)) - First MetricRegistry has been created without registering reporters. You may need to call MetricRegistries.global().addReportRegistration(...) before.
2019-11-13 04:06:47,553 [pool-203-thread-1] INFO  server.RaftServerConfigKeys (ConfUtils.java:logGet(43)) - raft.server.log.preallocated.size = 16384 (custom)
2019-11-13 04:06:47,553 [pool-193-thread-1] WARN  impl.MetricRegistriesImpl (MetricRegistriesImpl.java:lambda$create$1(61)) - First MetricRegistry has been created without registering reporters. You may need to call MetricRegistries.global().addReportRegistration(...) before.
2019-11-13 04:06:47,553 [pool-183-thread-1] INFO  server.RaftServerConfigKeys (ConfUtils.java:logGet(43)) - raft.server.log.force.sync.num = 128 (default)
2019-11-13 04:06:47,554 [pool-193-thread-1] INFO  impl.RaftServerImpl (RaftServerImpl.java:start(184)) - 50248509-472f-4b93-9431-0a6e6bd3eac0@group-EC2942CDC5BE: start as a follower, conf=-1: [0cea8a44-7441-4692-92a5-de212c14b418:192.168.34.45:44463, 50248509-472f-4b93-9431-0a6e6bd3eac0:192.168.34.45:43078, 64d096e6-e0ae-4a1d-97a3-03513c91a164:192.168.34.45:39823], old=null
2019-11-13 04:06:47,554 [pool-203-thread-1] INFO  server.RaftServerConfigKeys (ConfUtils.java:logGet(43)) - raft.server.log.write.buffer.size = 33554432 (custom)
2019-11-13 04:06:47,554 [pool-193-thread-1] INFO  impl.RaftServerImpl (RaftServerImpl.java:setRole(173)) - 50248509-472f-4b93-9431-0a6e6bd3eac0@group-EC2942CDC5BE: changes role from      null to FOLLOWER at term 0 for startAsFollower
2019-11-13 04:06:47,554 [pool-183-thread-1] INFO  server.RaftServerConfigKeys (ConfUtils.java:logGet(43)) - raft.server.log.statemachine.data.sync = true (default)
2019-11-13 04:06:47,554 [pool-193-thread-1] INFO  impl.RoleInfo (RoleInfo.java:updateAndGet(143)) - 50248509-472f-4b93-9431-0a6e6bd3eac0: start FollowerState
2019-11-13 04:06:47,554 [pool-203-thread-1] INFO  server.RaftServerConfigKeys (ConfUtils.java:logGet(43)) - raft.server.log.force.sync.num = 128 (default)
2019-11-13 04:06:47,555 [pool-183-thread-1] INFO  server.RaftServerConfigKeys (ConfUtils.java:logGet(43)) - raft.server.log.statemachine.data.sync.timeout = 10s (default)
2019-11-13 04:06:47,555 [pool-203-thread-1] INFO  server.RaftServerConfigKeys (ConfUtils.java:logGet(43)) - raft.server.log.statemachine.data.sync = true (default)
2019-11-13 04:06:47,555 [pool-183-thread-1] INFO  server.RaftServerConfigKeys (ConfUtils.java:logGet(43)) - raft.server.log.statemachine.data.sync.timeout.retry = -1 (default)
2019-11-13 04:06:47,555 [pool-203-thread-1] INFO  server.RaftServerConfigKeys (ConfUtils.java:logGet(43)) - raft.server.log.statemachine.data.sync.timeout = 10s (default)
2019-11-13 04:06:47,555 [pool-193-thread-1] INFO  util.JmxRegister (JmxRegister.java:tryRegister(44)) - Successfully registered JMX Bean with object name Ratis:service=RaftServer,group=group-EC2942CDC5BE,id=50248509-472f-4b93-9431-0a6e6bd3eac0
2019-11-13 04:06:47,555 [pool-183-thread-1] INFO  server.RaftServerConfigKeys (ConfUtils.java:logGet(43)) - raft.server.log.statemachine.data.caching.enabled = true (custom)
2019-11-13 04:06:47,556 [pool-193-thread-1] WARN  impl.MetricRegistriesImpl (MetricRegistriesImpl.java:lambda$create$1(61)) - First MetricRegistry has been created without registering reporters. You may need to call MetricRegistries.global().addReportRegistration(...) before.
2019-11-13 04:06:47,555 [pool-203-thread-1] INFO  server.RaftServerConfigKeys (ConfUtils.java:logGet(43)) - raft.server.log.statemachine.data.sync.timeout.retry = -1 (default)
2019-11-13 04:06:47,556 [pool-183-thread-1] INFO  segmented.SegmentedRaftLogWorker (SegmentedRaftLogWorker.java:lambda$new$0(128)) - 0cea8a44-7441-4692-92a5-de212c14b418@group-EC2942CDC5BE-SegmentedRaftLogWorker: flushIndex: setUnconditionally 0 -> -1
2019-11-13 04:06:47,556 [pool-203-thread-1] INFO  server.RaftServerConfigKeys (ConfUtils.java:logGet(43)) - raft.server.log.statemachine.data.caching.enabled = true (custom)
2019-11-13 04:06:47,556 [pool-183-thread-1] INFO  server.RaftServerConfigKeys (ConfUtils.java:logGet(43)) - raft.server.snapshot.auto.trigger.enabled = true (custom)
2019-11-13 04:06:47,557 [pool-203-thread-1] INFO  segmented.SegmentedRaftLogWorker (SegmentedRaftLogWorker.java:lambda$new$0(128)) - 64d096e6-e0ae-4a1d-97a3-03513c91a164@group-EC2942CDC5BE-SegmentedRaftLogWorker: flushIndex: setUnconditionally 0 -> -1
2019-11-13 04:06:47,557 [pool-183-thread-1] INFO  server.RaftServerConfigKeys (ConfUtils.java:logGet(43)) - raft.server.snapshot.auto.trigger.threshold = 10000 (custom)
2019-11-13 04:06:47,557 [pool-183-thread-1] INFO  server.RaftServerConfigKeys (ConfUtils.java:logGet(43)) - raft.server.snapshot.retention.file.num = 5 (custom)
2019-11-13 04:06:47,557 [pool-203-thread-1] INFO  server.RaftServerConfigKeys (ConfUtils.java:logGet(43)) - raft.server.snapshot.auto.trigger.enabled = true (custom)
2019-11-13 04:06:47,557 [pool-183-thread-1] INFO  server.RaftServerConfigKeys (ConfUtils.java:logGet(43)) - raft.server.retrycache.expirytime = 600000ms (custom)
2019-11-13 04:06:47,557 [pool-203-thread-1] INFO  server.RaftServerConfigKeys (ConfUtils.java:logGet(43)) - raft.server.snapshot.auto.trigger.threshold = 10000 (custom)
2019-11-13 04:06:47,557 [pool-183-thread-1] WARN  impl.MetricRegistriesImpl (MetricRegistriesImpl.java:lambda$create$1(61)) - First MetricRegistry has been created without registering reporters. You may need to call MetricRegistries.global().addReportRegistration(...) before.
2019-11-13 04:06:47,557 [pool-203-thread-1] INFO  server.RaftServerConfigKeys (ConfUtils.java:logGet(43)) - raft.server.snapshot.retention.file.num = 5 (custom)
2019-11-13 04:06:47,557 [pool-183-thread-1] WARN  impl.MetricRegistriesImpl (MetricRegistriesImpl.java:lambda$create$1(61)) - First MetricRegistry has been created without registering reporters. You may need to call MetricRegistries.global().addReportRegistration(...) before.
2019-11-13 04:06:47,558 [pool-203-thread-1] INFO  server.RaftServerConfigKeys (ConfUtils.java:logGet(43)) - raft.server.retrycache.expirytime = 600000ms (custom)
2019-11-13 04:06:47,558 [pool-183-thread-1] INFO  impl.RaftServerImpl (RaftServerImpl.java:start(184)) - 0cea8a44-7441-4692-92a5-de212c14b418@group-EC2942CDC5BE: start as a follower, conf=-1: [0cea8a44-7441-4692-92a5-de212c14b418:192.168.34.45:44463, 50248509-472f-4b93-9431-0a6e6bd3eac0:192.168.34.45:43078, 64d096e6-e0ae-4a1d-97a3-03513c91a164:192.168.34.45:39823], old=null
2019-11-13 04:06:47,558 [pool-203-thread-1] WARN  impl.MetricRegistriesImpl (MetricRegistriesImpl.java:lambda$create$1(61)) - First MetricRegistry has been created without registering reporters. You may need to call MetricRegistries.global().addReportRegistration(...) before.
2019-11-13 04:06:47,558 [pool-183-thread-1] INFO  impl.RaftServerImpl (RaftServerImpl.java:setRole(173)) - 0cea8a44-7441-4692-92a5-de212c14b418@group-EC2942CDC5BE: changes role from      null to FOLLOWER at term 0 for startAsFollower
2019-11-13 04:06:47,558 [pool-203-thread-1] WARN  impl.MetricRegistriesImpl (MetricRegistriesImpl.java:lambda$create$1(61)) - First MetricRegistry has been created without registering reporters. You may need to call MetricRegistries.global().addReportRegistration(...) before.
2019-11-13 04:06:47,558 [pool-183-thread-1] INFO  impl.RoleInfo (RoleInfo.java:updateAndGet(143)) - 0cea8a44-7441-4692-92a5-de212c14b418: start FollowerState
2019-11-13 04:06:47,558 [pool-203-thread-1] INFO  impl.RaftServerImpl (RaftServerImpl.java:start(184)) - 64d096e6-e0ae-4a1d-97a3-03513c91a164@group-EC2942CDC5BE: start as a follower, conf=-1: [0cea8a44-7441-4692-92a5-de212c14b418:192.168.34.45:44463, 50248509-472f-4b93-9431-0a6e6bd3eac0:192.168.34.45:43078, 64d096e6-e0ae-4a1d-97a3-03513c91a164:192.168.34.45:39823], old=null
2019-11-13 04:06:47,558 [pool-203-thread-1] INFO  impl.RaftServerImpl (RaftServerImpl.java:setRole(173)) - 64d096e6-e0ae-4a1d-97a3-03513c91a164@group-EC2942CDC5BE: changes role from      null to FOLLOWER at term 0 for startAsFollower
2019-11-13 04:06:47,559 [pool-183-thread-1] INFO  util.JmxRegister (JmxRegister.java:tryRegister(44)) - Successfully registered JMX Bean with object name Ratis:service=RaftServer,group=group-EC2942CDC5BE,id=0cea8a44-7441-4692-92a5-de212c14b418
2019-11-13 04:06:47,559 [pool-203-thread-1] INFO  impl.RoleInfo (RoleInfo.java:updateAndGet(143)) - 64d096e6-e0ae-4a1d-97a3-03513c91a164: start FollowerState
2019-11-13 04:06:47,559 [pool-183-thread-1] WARN  impl.MetricRegistriesImpl (MetricRegistriesImpl.java:lambda$create$1(61)) - First MetricRegistry has been created without registering reporters. You may need to call MetricRegistries.global().addReportRegistration(...) before.
2019-11-13 04:06:47,559 [pool-203-thread-1] INFO  util.JmxRegister (JmxRegister.java:tryRegister(44)) - Successfully registered JMX Bean with object name Ratis:service=RaftServer,group=group-EC2942CDC5BE,id=64d096e6-e0ae-4a1d-97a3-03513c91a164
2019-11-13 04:06:47,559 [pool-203-thread-1] WARN  impl.MetricRegistriesImpl (MetricRegistriesImpl.java:lambda$create$1(61)) - First MetricRegistry has been created without registering reporters. You may need to call MetricRegistries.global().addReportRegistration(...) before.
2019-11-13 04:06:47,562 [RatisPipelineUtilsThread] INFO  pipeline.PipelineStateManager (PipelineStateManager.java:addPipeline(55)) - Created pipeline Pipeline[ Id: cb67979c-6813-439c-a01c-ec2942cdc5be, Nodes: 64d096e6-e0ae-4a1d-97a3-03513c91a164{ip: 192.168.34.45, host: trunk-nightly-20191113-wdxpm-1799726093, networkLocation: /default-rack, certSerialId: null}0cea8a44-7441-4692-92a5-de212c14b418{ip: 192.168.34.45, host: trunk-nightly-20191113-wdxpm-1799726093, networkLocation: /default-rack, certSerialId: null}50248509-472f-4b93-9431-0a6e6bd3eac0{ip: 192.168.34.45, host: trunk-nightly-20191113-wdxpm-1799726093, networkLocation: /default-rack, certSerialId: null}, Type:RATIS, Factor:THREE, State:ALLOCATED]
2019-11-13 04:06:47,562 [main] INFO  ozone.MiniOzoneClusterImpl (MiniOzoneClusterImpl.java:lambda$waitForClusterToBeReady$2(163)) - Waiting for 8 number of pipelines out of 8, to report a leader.
2019-11-13 04:06:48,183 [Thread-1615] INFO  impl.FollowerState (FollowerState.java:run(111)) - 32d4d447-2d26-4c49-a5e1-cd2d67dbedad@group-C97815DA9AD4-FollowerState: change to CANDIDATE, lastRpcTime:1068ms, electionTimeout:1068ms
2019-11-13 04:06:48,184 [Thread-1615] INFO  impl.RoleInfo (RoleInfo.java:shutdownFollowerState(121)) - 32d4d447-2d26-4c49-a5e1-cd2d67dbedad: shutdown FollowerState
2019-11-13 04:06:48,184 [Thread-1615] INFO  impl.RaftServerImpl (RaftServerImpl.java:setRole(173)) - 32d4d447-2d26-4c49-a5e1-cd2d67dbedad@group-C97815DA9AD4: changes role from  FOLLOWER to CANDIDATE at term 0 for changeToCandidate
2019-11-13 04:06:48,184 [Thread-1615] INFO  impl.RoleInfo (RoleInfo.java:updateAndGet(143)) - 32d4d447-2d26-4c49-a5e1-cd2d67dbedad: start LeaderElection
2019-11-13 04:06:48,214 [32d4d447-2d26-4c49-a5e1-cd2d67dbedad@group-C97815DA9AD4-LeaderElection51] INFO  impl.LeaderElection (LeaderElection.java:askForVotes(178)) - 32d4d447-2d26-4c49-a5e1-cd2d67dbedad@group-C97815DA9AD4-LeaderElection51: begin an election at term 1 for -1: [32d4d447-2d26-4c49-a5e1-cd2d67dbedad:192.168.34.45:40211], old=null
2019-11-13 04:06:48,214 [32d4d447-2d26-4c49-a5e1-cd2d67dbedad@group-C97815DA9AD4-LeaderElection51] INFO  impl.RoleInfo (RoleInfo.java:shutdownLeaderElection(134)) - 32d4d447-2d26-4c49-a5e1-cd2d67dbedad: shutdown LeaderElection
2019-11-13 04:06:48,214 [32d4d447-2d26-4c49-a5e1-cd2d67dbedad@group-C97815DA9AD4-LeaderElection51] INFO  impl.RaftServerImpl (RaftServerImpl.java:setRole(173)) - 32d4d447-2d26-4c49-a5e1-cd2d67dbedad@group-C97815DA9AD4: changes role from CANDIDATE to LEADER at term 1 for changeToLeader
2019-11-13 04:06:48,214 [32d4d447-2d26-4c49-a5e1-cd2d67dbedad@group-C97815DA9AD4-LeaderElection51] INFO  ratis.XceiverServerRatis (XceiverServerRatis.java:handleLeaderChangedNotification(697)) - Leader change notification received for group: group-C97815DA9AD4 with new leaderId: 32d4d447-2d26-4c49-a5e1-cd2d67dbedad
2019-11-13 04:06:48,214 [32d4d447-2d26-4c49-a5e1-cd2d67dbedad@group-C97815DA9AD4-LeaderElection51] INFO  impl.RaftServerImpl (ServerState.java:setLeader(255)) - 32d4d447-2d26-4c49-a5e1-cd2d67dbedad@group-C97815DA9AD4: change Leader from null to 32d4d447-2d26-4c49-a5e1-cd2d67dbedad at term 1 for becomeLeader, leader elected after 1104ms
2019-11-13 04:06:48,215 [32d4d447-2d26-4c49-a5e1-cd2d67dbedad@group-C97815DA9AD4-LeaderElection51] INFO  server.RaftServerConfigKeys (ConfUtils.java:logGet(43)) - raft.server.staging.catchup.gap = 1000 (default)
2019-11-13 04:06:48,216 [32d4d447-2d26-4c49-a5e1-cd2d67dbedad@group-C97815DA9AD4-LeaderElection51] INFO  server.RaftServerConfigKeys (ConfUtils.java:logGet(43)) - raft.server.rpc.sleep.time = 25ms (default)
2019-11-13 04:06:48,216 [32d4d447-2d26-4c49-a5e1-cd2d67dbedad@group-C97815DA9AD4-LeaderElection51] INFO  server.RaftServerConfigKeys (ConfUtils.java:logGet(43)) - raft.server.write.element-limit = 4096 (default)
2019-11-13 04:06:48,216 [32d4d447-2d26-4c49-a5e1-cd2d67dbedad@group-C97815DA9AD4-LeaderElection51] INFO  server.RaftServerConfigKeys (ConfUtils.java:logGet(43)) - raft.server.watch.timeout = 10s (default)
2019-11-13 04:06:48,217 [32d4d447-2d26-4c49-a5e1-cd2d67dbedad@group-C97815DA9AD4-LeaderElection51] INFO  server.RaftServerConfigKeys (ConfUtils.java:logGet(43)) - raft.server.watch.timeout.denomination = 1s (default)
2019-11-13 04:06:48,217 [32d4d447-2d26-4c49-a5e1-cd2d67dbedad@group-C97815DA9AD4-LeaderElection51] INFO  server.RaftServerConfigKeys (ConfUtils.java:logGet(43)) - raft.server.watch.element-limit = 65536 (default)
2019-11-13 04:06:48,217 [32d4d447-2d26-4c49-a5e1-cd2d67dbedad@group-C97815DA9AD4-LeaderElection51] INFO  impl.RoleInfo (RoleInfo.java:updateAndGet(143)) - 32d4d447-2d26-4c49-a5e1-cd2d67dbedad: start LeaderState
2019-11-13 04:06:48,217 [EventQueue-PipelineReportForPipelineReportHandler] INFO  pipeline.PipelineStateManager (PipelineStateManager.java:openPipeline(134)) - Pipeline Pipeline[ Id: 1515ba8e-ecd0-4ef7-b9a7-c97815da9ad4, Nodes: 32d4d447-2d26-4c49-a5e1-cd2d67dbedad{ip: 192.168.34.45, host: trunk-nightly-20191113-wdxpm-1799726093, networkLocation: /default-rack, certSerialId: null}, Type:RATIS, Factor:ONE, State:OPEN] moved to OPEN state
2019-11-13 04:06:48,218 [32d4d447-2d26-4c49-a5e1-cd2d67dbedad@group-C97815DA9AD4-LeaderElection51] INFO  segmented.SegmentedRaftLogWorker (SegmentedRaftLogWorker.java:startLogSegment(385)) - 32d4d447-2d26-4c49-a5e1-cd2d67dbedad@group-C97815DA9AD4-SegmentedRaftLogWorker: Starting segment from index:0
2019-11-13 04:06:48,218 [32d4d447-2d26-4c49-a5e1-cd2d67dbedad@group-C97815DA9AD4-LeaderElection51] INFO  impl.RaftServerImpl (ServerState.java:setRaftConf(356)) - 32d4d447-2d26-4c49-a5e1-cd2d67dbedad@group-C97815DA9AD4: set configuration 0: [32d4d447-2d26-4c49-a5e1-cd2d67dbedad:192.168.34.45:40211], old=null at 0
2019-11-13 04:06:48,268 [32d4d447-2d26-4c49-a5e1-cd2d67dbedad@group-C97815DA9AD4-SegmentedRaftLogWorker] INFO  segmented.SegmentedRaftLogWorker (SegmentedRaftLogWorker.java:execute(576)) - 32d4d447-2d26-4c49-a5e1-cd2d67dbedad@group-C97815DA9AD4-SegmentedRaftLogWorker: created new log segment /workdir/hadoop-ozone/integration-test/target/test-dir/MiniOzoneClusterImpl-b85b6ab0-505c-4a5c-9cb9-9f0034e19733/datanode-0/data/ratis/1515ba8e-ecd0-4ef7-b9a7-c97815da9ad4/current/log_inprogress_0
2019-11-13 04:06:48,330 [Thread-1627] INFO  impl.FollowerState (FollowerState.java:run(111)) - 32d4d447-2d26-4c49-a5e1-cd2d67dbedad@group-447C0B14BDAE-FollowerState: change to CANDIDATE, lastRpcTime:1029ms, electionTimeout:1029ms
2019-11-13 04:06:48,330 [Thread-1627] INFO  impl.RoleInfo (RoleInfo.java:shutdownFollowerState(121)) - 32d4d447-2d26-4c49-a5e1-cd2d67dbedad: shutdown FollowerState
2019-11-13 04:06:48,330 [Thread-1627] INFO  impl.RaftServerImpl (RaftServerImpl.java:setRole(173)) - 32d4d447-2d26-4c49-a5e1-cd2d67dbedad@group-447C0B14BDAE: changes role from  FOLLOWER to CANDIDATE at term 0 for changeToCandidate
2019-11-13 04:06:48,331 [Thread-1618] INFO  impl.FollowerState (FollowerState.java:run(111)) - 2f653e4e-b4ea-4463-ba35-13c58c0a0d31@group-C9D6017FACC4-FollowerState: change to CANDIDATE, lastRpcTime:1171ms, electionTimeout:1171ms
2019-11-13 04:06:48,331 [Thread-1627] INFO  impl.RoleInfo (RoleInfo.java:updateAndGet(143)) - 32d4d447-2d26-4c49-a5e1-cd2d67dbedad: start LeaderElection
2019-11-13 04:06:48,331 [Thread-1618] INFO  impl.RoleInfo (RoleInfo.java:shutdownFollowerState(121)) - 2f653e4e-b4ea-4463-ba35-13c58c0a0d31: shutdown FollowerState
2019-11-13 04:06:48,331 [Thread-1618] INFO  impl.RaftServerImpl (RaftServerImpl.java:setRole(173)) - 2f653e4e-b4ea-4463-ba35-13c58c0a0d31@group-C9D6017FACC4: changes role from  FOLLOWER to CANDIDATE at term 0 for changeToCandidate
2019-11-13 04:06:48,331 [Thread-1618] INFO  impl.RoleInfo (RoleInfo.java:updateAndGet(143)) - 2f653e4e-b4ea-4463-ba35-13c58c0a0d31: start LeaderElection
2019-11-13 04:06:48,338 [Thread-1621] INFO  impl.FollowerState (FollowerState.java:run(111)) - 08597d3a-6b69-4d75-a39e-e4e8ac9edde4@group-88643D60A7EF-FollowerState: change to CANDIDATE, lastRpcTime:1100ms, electionTimeout:1100ms
2019-11-13 04:06:48,339 [Thread-1621] INFO  impl.RoleInfo (RoleInfo.java:shutdownFollowerState(121)) - 08597d3a-6b69-4d75-a39e-e4e8ac9edde4: shutdown FollowerState
2019-11-13 04:06:48,339 [Thread-1621] INFO  impl.RaftServerImpl (RaftServerImpl.java:setRole(173)) - 08597d3a-6b69-4d75-a39e-e4e8ac9edde4@group-88643D60A7EF: changes role from  FOLLOWER to CANDIDATE at term 0 for changeToCandidate
2019-11-13 04:06:48,339 [Thread-1621] INFO  impl.RoleInfo (RoleInfo.java:updateAndGet(143)) - 08597d3a-6b69-4d75-a39e-e4e8ac9edde4: start LeaderElection
2019-11-13 04:06:48,351 [2f653e4e-b4ea-4463-ba35-13c58c0a0d31@group-C9D6017FACC4-LeaderElection53] INFO  impl.LeaderElection (LeaderElection.java:askForVotes(178)) - 2f653e4e-b4ea-4463-ba35-13c58c0a0d31@group-C9D6017FACC4-LeaderElection53: begin an election at term 1 for -1: [2f653e4e-b4ea-4463-ba35-13c58c0a0d31:192.168.34.45:41897], old=null
2019-11-13 04:06:48,351 [32d4d447-2d26-4c49-a5e1-cd2d67dbedad@group-447C0B14BDAE-LeaderElection52] INFO  impl.LeaderElection (LeaderElection.java:askForVotes(178)) - 32d4d447-2d26-4c49-a5e1-cd2d67dbedad@group-447C0B14BDAE-LeaderElection52: begin an election at term 1 for -1: [08597d3a-6b69-4d75-a39e-e4e8ac9edde4:192.168.34.45:41890, 32d4d447-2d26-4c49-a5e1-cd2d67dbedad:192.168.34.45:40211, 2f653e4e-b4ea-4463-ba35-13c58c0a0d31:192.168.34.45:41897], old=null
2019-11-13 04:06:48,351 [2f653e4e-b4ea-4463-ba35-13c58c0a0d31@group-C9D6017FACC4-LeaderElection53] INFO  impl.RoleInfo (RoleInfo.java:shutdownLeaderElection(134)) - 2f653e4e-b4ea-4463-ba35-13c58c0a0d31: shutdown LeaderElection
2019-11-13 04:06:48,351 [08597d3a-6b69-4d75-a39e-e4e8ac9edde4@group-88643D60A7EF-LeaderElection54] INFO  impl.LeaderElection (LeaderElection.java:askForVotes(178)) - 08597d3a-6b69-4d75-a39e-e4e8ac9edde4@group-88643D60A7EF-LeaderElection54: begin an election at term 1 for -1: [08597d3a-6b69-4d75-a39e-e4e8ac9edde4:192.168.34.45:41890], old=null
2019-11-13 04:06:48,351 [2f653e4e-b4ea-4463-ba35-13c58c0a0d31@group-C9D6017FACC4-LeaderElection53] INFO  impl.RaftServerImpl (RaftServerImpl.java:setRole(173)) - 2f653e4e-b4ea-4463-ba35-13c58c0a0d31@group-C9D6017FACC4: changes role from CANDIDATE to LEADER at term 1 for changeToLeader
2019-11-13 04:06:48,351 [08597d3a-6b69-4d75-a39e-e4e8ac9edde4@group-88643D60A7EF-LeaderElection54] INFO  impl.RoleInfo (RoleInfo.java:shutdownLeaderElection(134)) - 08597d3a-6b69-4d75-a39e-e4e8ac9edde4: shutdown LeaderElection
2019-11-13 04:06:48,352 [2f653e4e-b4ea-4463-ba35-13c58c0a0d31@group-C9D6017FACC4-LeaderElection53] INFO  ratis.XceiverServerRatis (XceiverServerRatis.java:handleLeaderChangedNotification(697)) - Leader change notification received for group: group-C9D6017FACC4 with new leaderId: 2f653e4e-b4ea-4463-ba35-13c58c0a0d31
2019-11-13 04:06:48,352 [08597d3a-6b69-4d75-a39e-e4e8ac9edde4@group-88643D60A7EF-LeaderElection54] INFO  impl.RaftServerImpl (RaftServerImpl.java:setRole(173)) - 08597d3a-6b69-4d75-a39e-e4e8ac9edde4@group-88643D60A7EF: changes role from CANDIDATE to LEADER at term 1 for changeToLeader
2019-11-13 04:06:48,352 [08597d3a-6b69-4d75-a39e-e4e8ac9edde4@group-88643D60A7EF-LeaderElection54] INFO  ratis.XceiverServerRatis (XceiverServerRatis.java:handleLeaderChangedNotification(697)) - Leader change notification received for group: group-88643D60A7EF with new leaderId: 08597d3a-6b69-4d75-a39e-e4e8ac9edde4
2019-11-13 04:06:48,352 [2f653e4e-b4ea-4463-ba35-13c58c0a0d31@group-C9D6017FACC4-LeaderElection53] INFO  impl.RaftServerImpl (ServerState.java:setLeader(255)) - 2f653e4e-b4ea-4463-ba35-13c58c0a0d31@group-C9D6017FACC4: change Leader from null to 2f653e4e-b4ea-4463-ba35-13c58c0a0d31 at term 1 for becomeLeader, leader elected after 1195ms
2019-11-13 04:06:48,352 [08597d3a-6b69-4d75-a39e-e4e8ac9edde4@group-88643D60A7EF-LeaderElection54] INFO  impl.RaftServerImpl (ServerState.java:setLeader(255)) - 08597d3a-6b69-4d75-a39e-e4e8ac9edde4@group-88643D60A7EF: change Leader from null to 08597d3a-6b69-4d75-a39e-e4e8ac9edde4 at term 1 for becomeLeader, leader elected after 1118ms
2019-11-13 04:06:48,354 [2f653e4e-b4ea-4463-ba35-13c58c0a0d31@group-C9D6017FACC4-LeaderElection53] INFO  server.RaftServerConfigKeys (ConfUtils.java:logGet(43)) - raft.server.staging.catchup.gap = 1000 (default)
2019-11-13 04:06:48,355 [08597d3a-6b69-4d75-a39e-e4e8ac9edde4@group-88643D60A7EF-LeaderElection54] INFO  server.RaftServerConfigKeys (ConfUtils.java:logGet(43)) - raft.server.staging.catchup.gap = 1000 (default)
2019-11-13 04:06:48,356 [2f653e4e-b4ea-4463-ba35-13c58c0a0d31@group-C9D6017FACC4-LeaderElection53] INFO  server.RaftServerConfigKeys (ConfUtils.java:logGet(43)) - raft.server.rpc.sleep.time = 25ms (default)
2019-11-13 04:06:48,356 [08597d3a-6b69-4d75-a39e-e4e8ac9edde4@group-88643D60A7EF-LeaderElection54] INFO  server.RaftServerConfigKeys (ConfUtils.java:logGet(43)) - raft.server.rpc.sleep.time = 25ms (default)
2019-11-13 04:06:48,356 [2f653e4e-b4ea-4463-ba35-13c58c0a0d31@group-C9D6017FACC4-LeaderElection53] INFO  server.RaftServerConfigKeys (ConfUtils.java:logGet(43)) - raft.server.write.element-limit = 4096 (default)
2019-11-13 04:06:48,356 [08597d3a-6b69-4d75-a39e-e4e8ac9edde4@group-88643D60A7EF-LeaderElection54] INFO  server.RaftServerConfigKeys (ConfUtils.java:logGet(43)) - raft.server.write.element-limit = 4096 (default)
2019-11-13 04:06:48,356 [2f653e4e-b4ea-4463-ba35-13c58c0a0d31@group-C9D6017FACC4-LeaderElection53] INFO  server.RaftServerConfigKeys (ConfUtils.java:logGet(43)) - raft.server.watch.timeout = 10s (default)
2019-11-13 04:06:48,356 [EventQueue-PipelineReportForPipelineReportHandler] INFO  pipeline.PipelineStateManager (PipelineStateManager.java:openPipeline(134)) - Pipeline Pipeline[ Id: 6d06dabb-9740-4089-972b-c9d6017facc4, Nodes: 2f653e4e-b4ea-4463-ba35-13c58c0a0d31{ip: 192.168.34.45, host: trunk-nightly-20191113-wdxpm-1799726093, networkLocation: /default-rack, certSerialId: null}, Type:RATIS, Factor:ONE, State:OPEN] moved to OPEN state
2019-11-13 04:06:48,356 [08597d3a-6b69-4d75-a39e-e4e8ac9edde4@group-88643D60A7EF-LeaderElection54] INFO  server.RaftServerConfigKeys (ConfUtils.java:logGet(43)) - raft.server.watch.timeout = 10s (default)
2019-11-13 04:06:48,356 [2f653e4e-b4ea-4463-ba35-13c58c0a0d31@group-C9D6017FACC4-LeaderElection53] INFO  server.RaftServerConfigKeys (ConfUtils.java:logGet(43)) - raft.server.watch.timeout.denomination = 1s (default)
2019-11-13 04:06:48,357 [EventQueue-PipelineReportForPipelineReportHandler] INFO  pipeline.PipelineStateManager (PipelineStateManager.java:openPipeline(134)) - Pipeline Pipeline[ Id: 88486e0b-6a7f-4b97-8334-88643d60a7ef, Nodes: 08597d3a-6b69-4d75-a39e-e4e8ac9edde4{ip: 192.168.34.45, host: trunk-nightly-20191113-wdxpm-1799726093, networkLocation: /default-rack, certSerialId: null}, Type:RATIS, Factor:ONE, State:OPEN] moved to OPEN state
2019-11-13 04:06:48,357 [08597d3a-6b69-4d75-a39e-e4e8ac9edde4@group-88643D60A7EF-LeaderElection54] INFO  server.RaftServerConfigKeys (ConfUtils.java:logGet(43)) - raft.server.watch.timeout.denomination = 1s (default)
2019-11-13 04:06:48,357 [2f653e4e-b4ea-4463-ba35-13c58c0a0d31@group-C9D6017FACC4-LeaderElection53] INFO  server.RaftServerConfigKeys (ConfUtils.java:logGet(43)) - raft.server.watch.element-limit = 65536 (default)
2019-11-13 04:06:48,357 [08597d3a-6b69-4d75-a39e-e4e8ac9edde4@group-88643D60A7EF-LeaderElection54] INFO  server.RaftServerConfigKeys (ConfUtils.java:logGet(43)) - raft.server.watch.element-limit = 65536 (default)
2019-11-13 04:06:48,357 [2f653e4e-b4ea-4463-ba35-13c58c0a0d31@group-C9D6017FACC4-LeaderElection53] INFO  impl.RoleInfo (RoleInfo.java:updateAndGet(143)) - 2f653e4e-b4ea-4463-ba35-13c58c0a0d31: start LeaderState
2019-11-13 04:06:48,358 [08597d3a-6b69-4d75-a39e-e4e8ac9edde4@group-88643D60A7EF-LeaderElection54] INFO  impl.RoleInfo (RoleInfo.java:updateAndGet(143)) - 08597d3a-6b69-4d75-a39e-e4e8ac9edde4: start LeaderState
2019-11-13 04:06:48,358 [2f653e4e-b4ea-4463-ba35-13c58c0a0d31@group-C9D6017FACC4-LeaderElection53] INFO  segmented.SegmentedRaftLogWorker (SegmentedRaftLogWorker.java:startLogSegment(385)) - 2f653e4e-b4ea-4463-ba35-13c58c0a0d31@group-C9D6017FACC4-SegmentedRaftLogWorker: Starting segment from index:0
2019-11-13 04:06:48,358 [08597d3a-6b69-4d75-a39e-e4e8ac9edde4@group-88643D60A7EF-LeaderElection54] INFO  segmented.SegmentedRaftLogWorker (SegmentedRaftLogWorker.java:startLogSegment(385)) - 08597d3a-6b69-4d75-a39e-e4e8ac9edde4@group-88643D60A7EF-SegmentedRaftLogWorker: Starting segment from index:0
2019-11-13 04:06:48,359 [2f653e4e-b4ea-4463-ba35-13c58c0a0d31@group-C9D6017FACC4-LeaderElection53] INFO  impl.RaftServerImpl (ServerState.java:setRaftConf(356)) - 2f653e4e-b4ea-4463-ba35-13c58c0a0d31@group-C9D6017FACC4: set configuration 0: [2f653e4e-b4ea-4463-ba35-13c58c0a0d31:192.168.34.45:41897], old=null at 0
2019-11-13 04:06:48,359 [08597d3a-6b69-4d75-a39e-e4e8ac9edde4@group-88643D60A7EF-LeaderElection54] INFO  impl.RaftServerImpl (ServerState.java:setRaftConf(356)) - 08597d3a-6b69-4d75-a39e-e4e8ac9edde4@group-88643D60A7EF: set configuration 0: [08597d3a-6b69-4d75-a39e-e4e8ac9edde4:192.168.34.45:41890], old=null at 0
2019-11-13 04:06:48,406 [Thread-1625] INFO  impl.FollowerState (FollowerState.java:run(111)) - 2f653e4e-b4ea-4463-ba35-13c58c0a0d31@group-447C0B14BDAE-FollowerState: change to CANDIDATE, lastRpcTime:1106ms, electionTimeout:1078ms
2019-11-13 04:06:48,406 [grpc-default-executor-0] INFO  impl.RaftServerImpl (RaftServerImpl.java:setRole(173)) - 08597d3a-6b69-4d75-a39e-e4e8ac9edde4@group-447C0B14BDAE: changes role from  FOLLOWER to FOLLOWER at term 1 for recognizeCandidate:32d4d447-2d26-4c49-a5e1-cd2d67dbedad
2019-11-13 04:06:48,406 [Thread-1625] INFO  impl.RoleInfo (RoleInfo.java:shutdownFollowerState(121)) - 2f653e4e-b4ea-4463-ba35-13c58c0a0d31: shutdown FollowerState
2019-11-13 04:06:48,408 [grpc-default-executor-0] INFO  impl.RoleInfo (RoleInfo.java:shutdownFollowerState(121)) - 08597d3a-6b69-4d75-a39e-e4e8ac9edde4: shutdown FollowerState
2019-11-13 04:06:48,409 [Thread-1625] INFO  impl.RaftServerImpl (RaftServerImpl.java:setRole(173)) - 2f653e4e-b4ea-4463-ba35-13c58c0a0d31@group-447C0B14BDAE: changes role from  FOLLOWER to CANDIDATE at term 0 for changeToCandidate
2019-11-13 04:06:48,409 [grpc-default-executor-0] INFO  impl.RoleInfo (RoleInfo.java:updateAndGet(143)) - 08597d3a-6b69-4d75-a39e-e4e8ac9edde4: start FollowerState
2019-11-13 04:06:48,409 [Thread-1625] INFO  impl.RoleInfo (RoleInfo.java:updateAndGet(143)) - 2f653e4e-b4ea-4463-ba35-13c58c0a0d31: start LeaderElection
2019-11-13 04:06:48,409 [Thread-1629] INFO  impl.FollowerState (FollowerState.java:run(120)) - 08597d3a-6b69-4d75-a39e-e4e8ac9edde4@group-447C0B14BDAE-FollowerState was interrupted: java.lang.InterruptedException: sleep interrupted
2019-11-13 04:06:48,411 [grpc-default-executor-7] INFO  impl.RaftServerImpl (RaftServerImpl.java:setRole(173)) - 2f653e4e-b4ea-4463-ba35-13c58c0a0d31@group-447C0B14BDAE: changes role from CANDIDATE to FOLLOWER at term 1 for recognizeCandidate:32d4d447-2d26-4c49-a5e1-cd2d67dbedad
2019-11-13 04:06:48,411 [grpc-default-executor-7] INFO  impl.RoleInfo (RoleInfo.java:shutdownLeaderElection(134)) - 2f653e4e-b4ea-4463-ba35-13c58c0a0d31: shutdown LeaderElection
2019-11-13 04:06:48,412 [grpc-default-executor-7] INFO  impl.RoleInfo (RoleInfo.java:updateAndGet(143)) - 2f653e4e-b4ea-4463-ba35-13c58c0a0d31: start FollowerState
2019-11-13 04:06:48,419 [08597d3a-6b69-4d75-a39e-e4e8ac9edde4@group-88643D60A7EF-SegmentedRaftLogWorker] INFO  segmented.SegmentedRaftLogWorker (SegmentedRaftLogWorker.java:execute(576)) - 08597d3a-6b69-4d75-a39e-e4e8ac9edde4@group-88643D60A7EF-SegmentedRaftLogWorker: created new log segment /workdir/hadoop-ozone/integration-test/target/test-dir/MiniOzoneClusterImpl-b85b6ab0-505c-4a5c-9cb9-9f0034e19733/datanode-2/data/ratis/88486e0b-6a7f-4b97-8334-88643d60a7ef/current/log_inprogress_0
2019-11-13 04:06:48,419 [2f653e4e-b4ea-4463-ba35-13c58c0a0d31@group-C9D6017FACC4-SegmentedRaftLogWorker] INFO  segmented.SegmentedRaftLogWorker (SegmentedRaftLogWorker.java:execute(576)) - 2f653e4e-b4ea-4463-ba35-13c58c0a0d31@group-C9D6017FACC4-SegmentedRaftLogWorker: created new log segment /workdir/hadoop-ozone/integration-test/target/test-dir/MiniOzoneClusterImpl-b85b6ab0-505c-4a5c-9cb9-9f0034e19733/datanode-1/data/ratis/6d06dabb-9740-4089-972b-c9d6017facc4/current/log_inprogress_0
2019-11-13 04:06:48,421 [32d4d447-2d26-4c49-a5e1-cd2d67dbedad@group-447C0B14BDAE-LeaderElection52] INFO  impl.LeaderElection (LeaderElection.java:logAndReturn(56)) - 32d4d447-2d26-4c49-a5e1-cd2d67dbedad@group-447C0B14BDAE-LeaderElection52: Election PASSED; received 2 response(s) [32d4d447-2d26-4c49-a5e1-cd2d67dbedad<-08597d3a-6b69-4d75-a39e-e4e8ac9edde4#0:OK-t1, 32d4d447-2d26-4c49-a5e1-cd2d67dbedad<-2f653e4e-b4ea-4463-ba35-13c58c0a0d31#0:FAIL-t1] and 0 exception(s); 32d4d447-2d26-4c49-a5e1-cd2d67dbedad@group-447C0B14BDAE:t1, leader=null, voted=32d4d447-2d26-4c49-a5e1-cd2d67dbedad, raftlog=32d4d447-2d26-4c49-a5e1-cd2d67dbedad@group-447C0B14BDAE-SegmentedRaftLog:OPENED:c-1,f-1,i0, conf=-1: [08597d3a-6b69-4d75-a39e-e4e8ac9edde4:192.168.34.45:41890, 32d4d447-2d26-4c49-a5e1-cd2d67dbedad:192.168.34.45:40211, 2f653e4e-b4ea-4463-ba35-13c58c0a0d31:192.168.34.45:41897], old=null
2019-11-13 04:06:48,421 [32d4d447-2d26-4c49-a5e1-cd2d67dbedad@group-447C0B14BDAE-LeaderElection52] INFO  impl.RoleInfo (RoleInfo.java:shutdownLeaderElection(134)) - 32d4d447-2d26-4c49-a5e1-cd2d67dbedad: shutdown LeaderElection
2019-11-13 04:06:48,422 [32d4d447-2d26-4c49-a5e1-cd2d67dbedad@group-447C0B14BDAE-LeaderElection52] INFO  impl.RaftServerImpl (RaftServerImpl.java:setRole(173)) - 32d4d447-2d26-4c49-a5e1-cd2d67dbedad@group-447C0B14BDAE: changes role from CANDIDATE to LEADER at term 1 for changeToLeader
2019-11-13 04:06:48,422 [32d4d447-2d26-4c49-a5e1-cd2d67dbedad@group-447C0B14BDAE-LeaderElection52] INFO  ratis.XceiverServerRatis (XceiverServerRatis.java:handleLeaderChangedNotification(697)) - Leader change notification received for group: group-447C0B14BDAE with new leaderId: 32d4d447-2d26-4c49-a5e1-cd2d67dbedad
2019-11-13 04:06:48,422 [32d4d447-2d26-4c49-a5e1-cd2d67dbedad@group-447C0B14BDAE-LeaderElection52] INFO  impl.RaftServerImpl (ServerState.java:setLeader(255)) - 32d4d447-2d26-4c49-a5e1-cd2d67dbedad@group-447C0B14BDAE: change Leader from null to 32d4d447-2d26-4c49-a5e1-cd2d67dbedad at term 1 for becomeLeader, leader elected after 1128ms
2019-11-13 04:06:48,422 [32d4d447-2d26-4c49-a5e1-cd2d67dbedad@group-447C0B14BDAE-LeaderElection52] INFO  server.RaftServerConfigKeys (ConfUtils.java:logGet(43)) - raft.server.staging.catchup.gap = 1000 (default)
2019-11-13 04:06:48,422 [32d4d447-2d26-4c49-a5e1-cd2d67dbedad@group-447C0B14BDAE-LeaderElection52] INFO  server.RaftServerConfigKeys (ConfUtils.java:logGet(43)) - raft.server.rpc.sleep.time = 25ms (default)
2019-11-13 04:06:48,423 [32d4d447-2d26-4c49-a5e1-cd2d67dbedad@group-447C0B14BDAE-LeaderElection52] INFO  server.RaftServerConfigKeys (ConfUtils.java:logGet(43)) - raft.server.write.element-limit = 4096 (default)
2019-11-13 04:06:48,423 [32d4d447-2d26-4c49-a5e1-cd2d67dbedad@group-447C0B14BDAE-LeaderElection52] INFO  server.RaftServerConfigKeys (ConfUtils.java:logGet(43)) - raft.server.watch.timeout = 10s (default)
2019-11-13 04:06:48,423 [32d4d447-2d26-4c49-a5e1-cd2d67dbedad@group-447C0B14BDAE-LeaderElection52] INFO  server.RaftServerConfigKeys (ConfUtils.java:logGet(43)) - raft.server.watch.timeout.denomination = 1s (default)
2019-11-13 04:06:48,423 [32d4d447-2d26-4c49-a5e1-cd2d67dbedad@group-447C0B14BDAE-LeaderElection52] INFO  server.RaftServerConfigKeys (ConfUtils.java:logGet(43)) - raft.server.watch.element-limit = 65536 (default)
2019-11-13 04:06:48,423 [32d4d447-2d26-4c49-a5e1-cd2d67dbedad@group-447C0B14BDAE-LeaderElection52] INFO  server.RaftServerConfigKeys (ConfUtils.java:logGet(43)) - raft.server.log.appender.snapshot.chunk.size.max = 16MB (=16777216) (default)
2019-11-13 04:06:48,424 [EventQueue-PipelineReportForPipelineReportHandler] INFO  pipeline.PipelineStateManager (PipelineStateManager.java:openPipeline(134)) - Pipeline Pipeline[ Id: 66ced5cf-9101-4ba0-bb07-447c0b14bdae, Nodes: 08597d3a-6b69-4d75-a39e-e4e8ac9edde4{ip: 192.168.34.45, host: trunk-nightly-20191113-wdxpm-1799726093, networkLocation: /default-rack, certSerialId: null}32d4d447-2d26-4c49-a5e1-cd2d67dbedad{ip: 192.168.34.45, host: trunk-nightly-20191113-wdxpm-1799726093, networkLocation: /default-rack, certSerialId: null}2f653e4e-b4ea-4463-ba35-13c58c0a0d31{ip: 192.168.34.45, host: trunk-nightly-20191113-wdxpm-1799726093, networkLocation: /default-rack, certSerialId: null}, Type:RATIS, Factor:THREE, State:OPEN] moved to OPEN state
2019-11-13 04:06:48,424 [32d4d447-2d26-4c49-a5e1-cd2d67dbedad@group-447C0B14BDAE-LeaderElection52] INFO  server.RaftServerConfigKeys (ConfUtils.java:logGet(43)) - raft.server.log.appender.buffer.byte-limit = 33554432 (custom)
2019-11-13 04:06:48,424 [32d4d447-2d26-4c49-a5e1-cd2d67dbedad@group-447C0B14BDAE-LeaderElection52] INFO  server.RaftServerConfigKeys (ConfUtils.java:logGet(43)) - raft.server.log.appender.buffer.element-limit = 1 (custom)
2019-11-13 04:06:48,424 [32d4d447-2d26-4c49-a5e1-cd2d67dbedad@group-447C0B14BDAE-LeaderElection52] INFO  grpc.GrpcConfigKeys$Server (ConfUtils.java:logGet(43)) - raft.grpc.server.leader.outstanding.appends.max = 128 (default)
2019-11-13 04:06:48,425 [32d4d447-2d26-4c49-a5e1-cd2d67dbedad@group-447C0B14BDAE-LeaderElection52] INFO  server.RaftServerConfigKeys (ConfUtils.java:logGet(43)) - raft.server.rpc.request.timeout = 3000ms (default)
2019-11-13 04:06:48,425 [32d4d447-2d26-4c49-a5e1-cd2d67dbedad@group-447C0B14BDAE-LeaderElection52] INFO  server.RaftServerConfigKeys (ConfUtils.java:logGet(43)) - raft.server.log.appender.install.snapshot.enabled = false (custom)
2019-11-13 04:06:48,425 [32d4d447-2d26-4c49-a5e1-cd2d67dbedad@group-447C0B14BDAE-LeaderElection52] WARN  impl.MetricRegistriesImpl (MetricRegistriesImpl.java:lambda$create$1(61)) - First MetricRegistry has been created without registering reporters. You may need to call MetricRegistries.global().addReportRegistration(...) before.
2019-11-13 04:06:48,425 [32d4d447-2d26-4c49-a5e1-cd2d67dbedad@group-447C0B14BDAE-LeaderElection52] INFO  server.RaftServerConfigKeys (ConfUtils.java:logGet(43)) - raft.server.log.appender.snapshot.chunk.size.max = 16MB (=16777216) (default)
2019-11-13 04:06:48,425 [32d4d447-2d26-4c49-a5e1-cd2d67dbedad@group-447C0B14BDAE-LeaderElection52] INFO  server.RaftServerConfigKeys (ConfUtils.java:logGet(43)) - raft.server.log.appender.buffer.byte-limit = 33554432 (custom)
2019-11-13 04:06:48,426 [32d4d447-2d26-4c49-a5e1-cd2d67dbedad@group-447C0B14BDAE-LeaderElection52] INFO  server.RaftServerConfigKeys (ConfUtils.java:logGet(43)) - raft.server.log.appender.buffer.element-limit = 1 (custom)
2019-11-13 04:06:48,426 [32d4d447-2d26-4c49-a5e1-cd2d67dbedad@group-447C0B14BDAE-LeaderElection52] INFO  grpc.GrpcConfigKeys$Server (ConfUtils.java:logGet(43)) - raft.grpc.server.leader.outstanding.appends.max = 128 (default)
2019-11-13 04:06:48,426 [32d4d447-2d26-4c49-a5e1-cd2d67dbedad@group-447C0B14BDAE-LeaderElection52] INFO  server.RaftServerConfigKeys (ConfUtils.java:logGet(43)) - raft.server.rpc.request.timeout = 3000ms (default)
2019-11-13 04:06:48,426 [32d4d447-2d26-4c49-a5e1-cd2d67dbedad@group-447C0B14BDAE-LeaderElection52] INFO  server.RaftServerConfigKeys (ConfUtils.java:logGet(43)) - raft.server.log.appender.install.snapshot.enabled = false (custom)
2019-11-13 04:06:48,426 [32d4d447-2d26-4c49-a5e1-cd2d67dbedad@group-447C0B14BDAE-LeaderElection52] INFO  impl.RoleInfo (RoleInfo.java:updateAndGet(143)) - 32d4d447-2d26-4c49-a5e1-cd2d67dbedad: start LeaderState
2019-11-13 04:06:48,427 [32d4d447-2d26-4c49-a5e1-cd2d67dbedad@group-447C0B14BDAE-LeaderElection52] INFO  segmented.SegmentedRaftLogWorker (SegmentedRaftLogWorker.java:startLogSegment(385)) - 32d4d447-2d26-4c49-a5e1-cd2d67dbedad@group-447C0B14BDAE-SegmentedRaftLogWorker: Starting segment from index:0
2019-11-13 04:06:48,427 [32d4d447-2d26-4c49-a5e1-cd2d67dbedad@group-447C0B14BDAE-LeaderElection52] INFO  impl.RaftServerImpl (ServerState.java:setRaftConf(356)) - 32d4d447-2d26-4c49-a5e1-cd2d67dbedad@group-447C0B14BDAE: set configuration 0: [08597d3a-6b69-4d75-a39e-e4e8ac9edde4:192.168.34.45:41890, 32d4d447-2d26-4c49-a5e1-cd2d67dbedad:192.168.34.45:40211, 2f653e4e-b4ea-4463-ba35-13c58c0a0d31:192.168.34.45:41897], old=null at 0
2019-11-13 04:06:48,468 [Thread-1633] INFO  impl.FollowerState (FollowerState.java:run(111)) - 0cea8a44-7441-4692-92a5-de212c14b418@group-6C52E0808C5B-FollowerState: change to CANDIDATE, lastRpcTime:1072ms, electionTimeout:1059ms
2019-11-13 04:06:48,468 [Thread-1633] INFO  impl.RoleInfo (RoleInfo.java:shutdownFollowerState(121)) - 0cea8a44-7441-4692-92a5-de212c14b418: shutdown FollowerState
2019-11-13 04:06:48,468 [Thread-1633] INFO  impl.RaftServerImpl (RaftServerImpl.java:setRole(173)) - 0cea8a44-7441-4692-92a5-de212c14b418@group-6C52E0808C5B: changes role from  FOLLOWER to CANDIDATE at term 0 for changeToCandidate
2019-11-13 04:06:48,468 [2f653e4e-b4ea-4463-ba35-13c58c0a0d31@group-447C0B14BDAE-LeaderElection55] INFO  impl.LeaderElection (LeaderElection.java:askForVotes(178)) - 2f653e4e-b4ea-4463-ba35-13c58c0a0d31@group-447C0B14BDAE-LeaderElection55: begin an election at term 2 for -1: [08597d3a-6b69-4d75-a39e-e4e8ac9edde4:192.168.34.45:41890, 32d4d447-2d26-4c49-a5e1-cd2d67dbedad:192.168.34.45:40211, 2f653e4e-b4ea-4463-ba35-13c58c0a0d31:192.168.34.45:41897], old=null
2019-11-13 04:06:48,468 [Thread-1633] INFO  impl.RoleInfo (RoleInfo.java:updateAndGet(143)) - 0cea8a44-7441-4692-92a5-de212c14b418: start LeaderElection
2019-11-13 04:06:48,473 [2f653e4e-b4ea-4463-ba35-13c58c0a0d31@group-447C0B14BDAE-LeaderElection55] INFO  impl.LeaderElection (LeaderElection.java:logAndReturn(56)) - 2f653e4e-b4ea-4463-ba35-13c58c0a0d31@group-447C0B14BDAE-LeaderElection55: Election REJECTED; received 0 response(s) [] and 0 exception(s); 2f653e4e-b4ea-4463-ba35-13c58c0a0d31@group-447C0B14BDAE:t2, leader=null, voted=2f653e4e-b4ea-4463-ba35-13c58c0a0d31, raftlog=2f653e4e-b4ea-4463-ba35-13c58c0a0d31@group-447C0B14BDAE-SegmentedRaftLog:OPENED:c-1,f-1,i0, conf=-1: [08597d3a-6b69-4d75-a39e-e4e8ac9edde4:192.168.34.45:41890, 32d4d447-2d26-4c49-a5e1-cd2d67dbedad:192.168.34.45:40211, 2f653e4e-b4ea-4463-ba35-13c58c0a0d31:192.168.34.45:41897], old=null
2019-11-13 04:06:48,474 [grpc-default-executor-0] INFO  ratis.XceiverServerRatis (XceiverServerRatis.java:handleLeaderChangedNotification(697)) - Leader change notification received for group: group-447C0B14BDAE with new leaderId: 32d4d447-2d26-4c49-a5e1-cd2d67dbedad
2019-11-13 04:06:48,474 [grpc-default-executor-0] INFO  impl.RaftServerImpl (ServerState.java:setLeader(255)) - 08597d3a-6b69-4d75-a39e-e4e8ac9edde4@group-447C0B14BDAE: change Leader from null to 32d4d447-2d26-4c49-a5e1-cd2d67dbedad at term 1 for appendEntries, leader elected after 1180ms
2019-11-13 04:06:48,478 [Thread-1662] INFO  impl.RaftServerImpl (ServerState.java:setLeader(255)) - 32d4d447-2d26-4c49-a5e1-cd2d67dbedad@group-447C0B14BDAE: change Leader from 32d4d447-2d26-4c49-a5e1-cd2d67dbedad to null at term 2 for updateCurrentTerm
2019-11-13 04:06:48,479 [Thread-1662] INFO  impl.RaftServerImpl (RaftServerImpl.java:setRole(173)) - 32d4d447-2d26-4c49-a5e1-cd2d67dbedad@group-447C0B14BDAE: changes role from    LEADER to FOLLOWER at term 2 for stepDown
2019-11-13 04:06:48,479 [Thread-1662] INFO  impl.RoleInfo (RoleInfo.java:shutdownLeaderState(104)) - 32d4d447-2d26-4c49-a5e1-cd2d67dbedad: shutdown LeaderState
2019-11-13 04:06:48,480 [32d4d447-2d26-4c49-a5e1-cd2d67dbedad@group-447C0B14BDAE-SegmentedRaftLogWorker] INFO  segmented.SegmentedRaftLogWorker (SegmentedRaftLogWorker.java:execute(576)) - 32d4d447-2d26-4c49-a5e1-cd2d67dbedad@group-447C0B14BDAE-SegmentedRaftLogWorker: created new log segment /workdir/hadoop-ozone/integration-test/target/test-dir/MiniOzoneClusterImpl-b85b6ab0-505c-4a5c-9cb9-9f0034e19733/datanode-0/data/ratis/66ced5cf-9101-4ba0-bb07-447c0b14bdae/current/log_inprogress_0
2019-11-13 04:06:48,482 [org.apache.ratis.server.impl.LogAppender$AppenderDaemon$$Lambda$484/2065431704@5d760d8e] WARN  server.GrpcLogAppender (GrpcLogAppender.java:mayWait(151)) - 32d4d447-2d26-4c49-a5e1-cd2d67dbedad@group-447C0B14BDAE->08597d3a-6b69-4d75-a39e-e4e8ac9edde4-GrpcLogAppender: Wait interrupted by java.lang.InterruptedException
2019-11-13 04:06:48,480 [0cea8a44-7441-4692-92a5-de212c14b418@group-6C52E0808C5B-LeaderElection56] INFO  impl.LeaderElection (LeaderElection.java:askForVotes(178)) - 0cea8a44-7441-4692-92a5-de212c14b418@group-6C52E0808C5B-LeaderElection56: begin an election at term 1 for -1: [0cea8a44-7441-4692-92a5-de212c14b418:192.168.34.45:44463], old=null
2019-11-13 04:06:48,482 [Thread-1662] INFO  impl.PendingRequests (PendingRequests.java:sendNotLeaderResponses(206)) - 32d4d447-2d26-4c49-a5e1-cd2d67dbedad@group-447C0B14BDAE-PendingRequests: sendNotLeaderResponses
2019-11-13 04:06:48,482 [org.apache.ratis.server.impl.LogAppender$AppenderDaemon$$Lambda$484/2065431704@18748844] WARN  server.GrpcLogAppender (GrpcLogAppender.java:mayWait(151)) - 32d4d447-2d26-4c49-a5e1-cd2d67dbedad@group-447C0B14BDAE->2f653e4e-b4ea-4463-ba35-13c58c0a0d31-GrpcLogAppender: Wait interrupted by java.lang.InterruptedException
2019-11-13 04:06:48,483 [0cea8a44-7441-4692-92a5-de212c14b418@group-6C52E0808C5B-LeaderElection56] INFO  impl.RoleInfo (RoleInfo.java:shutdownLeaderElection(134)) - 0cea8a44-7441-4692-92a5-de212c14b418: shutdown LeaderElection
2019-11-13 04:06:48,482 [grpc-default-executor-4] INFO  impl.RaftServerImpl (ServerState.java:setRaftConf(356)) - 08597d3a-6b69-4d75-a39e-e4e8ac9edde4@group-447C0B14BDAE: set configuration 0: [08597d3a-6b69-4d75-a39e-e4e8ac9edde4:192.168.34.45:41890, 32d4d447-2d26-4c49-a5e1-cd2d67dbedad:192.168.34.45:40211, 2f653e4e-b4ea-4463-ba35-13c58c0a0d31:192.168.34.45:41897], old=null at 0
2019-11-13 04:06:48,483 [grpc-default-executor-5] INFO  server.GrpcServerProtocolService (GrpcServerProtocolService.java:onCompleted(113)) - 2f653e4e-b4ea-4463-ba35-13c58c0a0d31: Completed APPEND_ENTRIES, lastRequest: 32d4d447-2d26-4c49-a5e1-cd2d67dbedad->2f653e4e-b4ea-4463-ba35-13c58c0a0d31#0-t1, previous=(t:0, i:0), leaderCommit=-1, initializing? false, entries: <empty>
2019-11-13 04:06:48,483 [grpc-default-executor-4] INFO  segmented.SegmentedRaftLogWorker (SegmentedRaftLogWorker.java:startLogSegment(385)) - 08597d3a-6b69-4d75-a39e-e4e8ac9edde4@group-447C0B14BDAE-SegmentedRaftLogWorker: Starting segment from index:0
2019-11-13 04:06:48,483 [0cea8a44-7441-4692-92a5-de212c14b418@group-6C52E0808C5B-LeaderElection56] INFO  impl.RaftServerImpl (RaftServerImpl.java:setRole(173)) - 0cea8a44-7441-4692-92a5-de212c14b418@group-6C52E0808C5B: changes role from CANDIDATE to LEADER at term 1 for changeToLeader
2019-11-13 04:06:48,484 [0cea8a44-7441-4692-92a5-de212c14b418@group-6C52E0808C5B-LeaderElection56] INFO  ratis.XceiverServerRatis (XceiverServerRatis.java:handleLeaderChangedNotification(697)) - Leader change notification received for group: group-6C52E0808C5B with new leaderId: 0cea8a44-7441-4692-92a5-de212c14b418
2019-11-13 04:06:48,483 [Thread-1662] INFO  impl.RoleInfo (RoleInfo.java:updateAndGet(143)) - 32d4d447-2d26-4c49-a5e1-cd2d67dbedad: start FollowerState
2019-11-13 04:06:48,484 [0cea8a44-7441-4692-92a5-de212c14b418@group-6C52E0808C5B-LeaderElection56] INFO  impl.RaftServerImpl (ServerState.java:setLeader(255)) - 0cea8a44-7441-4692-92a5-de212c14b418@group-6C52E0808C5B: change Leader from null to 0cea8a44-7441-4692-92a5-de212c14b418 at term 1 for becomeLeader, leader elected after 1092ms
2019-11-13 04:06:48,484 [grpc-default-executor-4] INFO  server.GrpcServerProtocolService (GrpcServerProtocolService.java:onCompleted(113)) - 08597d3a-6b69-4d75-a39e-e4e8ac9edde4: Completed APPEND_ENTRIES, lastRequest: 32d4d447-2d26-4c49-a5e1-cd2d67dbedad->08597d3a-6b69-4d75-a39e-e4e8ac9edde4#1-t1, previous=(t:0, i:0), leaderCommit=-1, initializing? false, entries: size=1, first=(t:1, i:0), CONFIGURATIONENTRY
2019-11-13 04:06:48,484 [grpc-default-executor-5] INFO  server.GrpcLogAppender (GrpcLogAppender.java:onCompleted(308)) - 32d4d447-2d26-4c49-a5e1-cd2d67dbedad@group-447C0B14BDAE->2f653e4e-b4ea-4463-ba35-13c58c0a0d31-AppendLogResponseHandler: follower responses appendEntries COMPLETED
2019-11-13 04:06:48,483 [grpc-default-executor-7] INFO  impl.RaftServerImpl (ServerState.java:setLeader(255)) - 08597d3a-6b69-4d75-a39e-e4e8ac9edde4@group-447C0B14BDAE: change Leader from 32d4d447-2d26-4c49-a5e1-cd2d67dbedad to null at term 2 for updateCurrentTerm
2019-11-13 04:06:48,484 [0cea8a44-7441-4692-92a5-de212c14b418@group-6C52E0808C5B-LeaderElection56] INFO  server.RaftServerConfigKeys (ConfUtils.java:logGet(43)) - raft.server.staging.catchup.gap = 1000 (default)
2019-11-13 04:06:48,517 [grpc-default-executor-4] INFO  server.GrpcLogAppender (GrpcLogAppender.java:onCompleted(308)) - 32d4d447-2d26-4c49-a5e1-cd2d67dbedad@group-447C0B14BDAE->08597d3a-6b69-4d75-a39e-e4e8ac9edde4-AppendLogResponseHandler: follower responses appendEntries COMPLETED
2019-11-13 04:06:48,517 [grpc-default-executor-7] INFO  impl.RaftServerImpl (RaftServerImpl.java:setRole(173)) - 08597d3a-6b69-4d75-a39e-e4e8ac9edde4@group-447C0B14BDAE: changes role from  FOLLOWER to FOLLOWER at term 2 for recognizeCandidate:2f653e4e-b4ea-4463-ba35-13c58c0a0d31
2019-11-13 04:06:48,517 [grpc-default-executor-5] INFO  impl.FollowerInfo (FollowerInfo.java:lambda$new$0(51)) - 32d4d447-2d26-4c49-a5e1-cd2d67dbedad@group-447C0B14BDAE->2f653e4e-b4ea-4463-ba35-13c58c0a0d31: nextIndex: updateUnconditionally 0 -> 0
2019-11-13 04:06:48,517 [grpc-default-executor-4] INFO  impl.FollowerInfo (FollowerInfo.java:lambda$new$0(51)) - 32d4d447-2d26-4c49-a5e1-cd2d67dbedad@group-447C0B14BDAE->08597d3a-6b69-4d75-a39e-e4e8ac9edde4: nextIndex: updateUnconditionally 1 -> 0
2019-11-13 04:06:48,517 [EventQueue-PipelineReportForPipelineReportHandler] INFO  pipeline.PipelineStateManager (PipelineStateManager.java:openPipeline(134)) - Pipeline Pipeline[ Id: 78e0cf26-1fdb-4d7f-ac70-6c52e0808c5b, Nodes: 0cea8a44-7441-4692-92a5-de212c14b418{ip: 192.168.34.45, host: trunk-nightly-20191113-wdxpm-1799726093, networkLocation: /default-rack, certSerialId: null}, Type:RATIS, Factor:ONE, State:OPEN] moved to OPEN state
2019-11-13 04:06:48,517 [0cea8a44-7441-4692-92a5-de212c14b418@group-6C52E0808C5B-LeaderElection56] INFO  server.RaftServerConfigKeys (ConfUtils.java:logGet(43)) - raft.server.rpc.sleep.time = 25ms (default)
2019-11-13 04:06:48,517 [grpc-default-executor-7] INFO  impl.RoleInfo (RoleInfo.java:shutdownFollowerState(121)) - 08597d3a-6b69-4d75-a39e-e4e8ac9edde4: shutdown FollowerState
2019-11-13 04:06:48,518 [0cea8a44-7441-4692-92a5-de212c14b418@group-6C52E0808C5B-LeaderElection56] INFO  server.RaftServerConfigKeys (ConfUtils.java:logGet(43)) - raft.server.write.element-limit = 4096 (default)
2019-11-13 04:06:48,518 [grpc-default-executor-7] INFO  impl.RoleInfo (RoleInfo.java:updateAndGet(143)) - 08597d3a-6b69-4d75-a39e-e4e8ac9edde4: start FollowerState
2019-11-13 04:06:48,518 [Thread-1659] INFO  impl.FollowerState (FollowerState.java:run(120)) - 08597d3a-6b69-4d75-a39e-e4e8ac9edde4@group-447C0B14BDAE-FollowerState was interrupted: java.lang.InterruptedException: sleep interrupted
2019-11-13 04:06:48,518 [0cea8a44-7441-4692-92a5-de212c14b418@group-6C52E0808C5B-LeaderElection56] INFO  server.RaftServerConfigKeys (ConfUtils.java:logGet(43)) - raft.server.watch.timeout = 10s (default)
2019-11-13 04:06:48,519 [0cea8a44-7441-4692-92a5-de212c14b418@group-6C52E0808C5B-LeaderElection56] INFO  server.RaftServerConfigKeys (ConfUtils.java:logGet(43)) - raft.server.watch.timeout.denomination = 1s (default)
2019-11-13 04:06:48,519 [0cea8a44-7441-4692-92a5-de212c14b418@group-6C52E0808C5B-LeaderElection56] INFO  server.RaftServerConfigKeys (ConfUtils.java:logGet(43)) - raft.server.watch.element-limit = 65536 (default)
2019-11-13 04:06:48,519 [0cea8a44-7441-4692-92a5-de212c14b418@group-6C52E0808C5B-LeaderElection56] INFO  impl.RoleInfo (RoleInfo.java:updateAndGet(143)) - 0cea8a44-7441-4692-92a5-de212c14b418: start LeaderState
2019-11-13 04:06:48,520 [0cea8a44-7441-4692-92a5-de212c14b418@group-6C52E0808C5B-LeaderElection56] INFO  segmented.SegmentedRaftLogWorker (SegmentedRaftLogWorker.java:startLogSegment(385)) - 0cea8a44-7441-4692-92a5-de212c14b418@group-6C52E0808C5B-SegmentedRaftLogWorker: Starting segment from index:0
2019-11-13 04:06:48,520 [0cea8a44-7441-4692-92a5-de212c14b418@group-6C52E0808C5B-LeaderElection56] INFO  impl.RaftServerImpl (ServerState.java:setRaftConf(356)) - 0cea8a44-7441-4692-92a5-de212c14b418@group-6C52E0808C5B: set configuration 0: [0cea8a44-7441-4692-92a5-de212c14b418:192.168.34.45:44463], old=null at 0
2019-11-13 04:06:48,529 [08597d3a-6b69-4d75-a39e-e4e8ac9edde4@group-447C0B14BDAE-SegmentedRaftLogWorker] INFO  segmented.SegmentedRaftLogWorker (SegmentedRaftLogWorker.java:execute(576)) - 08597d3a-6b69-4d75-a39e-e4e8ac9edde4@group-447C0B14BDAE-SegmentedRaftLogWorker: created new log segment /workdir/hadoop-ozone/integration-test/target/test-dir/MiniOzoneClusterImpl-b85b6ab0-505c-4a5c-9cb9-9f0034e19733/datanode-2/data/ratis/66ced5cf-9101-4ba0-bb07-447c0b14bdae/current/log_inprogress_0
2019-11-13 04:06:48,555 [Thread-1639] INFO  impl.FollowerState (FollowerState.java:run(111)) - 64d096e6-e0ae-4a1d-97a3-03513c91a164@group-E896FBAFB2C7-FollowerState: change to CANDIDATE, lastRpcTime:1074ms, electionTimeout:1050ms
2019-11-13 04:06:48,555 [grpc-default-executor-0] INFO  impl.RaftServerImpl (RaftServerImpl.java:setRole(173)) - 32d4d447-2d26-4c49-a5e1-cd2d67dbedad@group-447C0B14BDAE: changes role from  FOLLOWER to FOLLOWER at term 2 for recognizeCandidate:2f653e4e-b4ea-4463-ba35-13c58c0a0d31
2019-11-13 04:06:48,555 [Thread-1639] INFO  impl.RoleInfo (RoleInfo.java:shutdownFollowerState(121)) - 64d096e6-e0ae-4a1d-97a3-03513c91a164: shutdown FollowerState
2019-11-13 04:06:48,555 [grpc-default-executor-0] INFO  impl.RoleInfo (RoleInfo.java:shutdownFollowerState(121)) - 32d4d447-2d26-4c49-a5e1-cd2d67dbedad: shutdown FollowerState
2019-11-13 04:06:48,555 [Thread-1639] INFO  impl.RaftServerImpl (RaftServerImpl.java:setRole(173)) - 64d096e6-e0ae-4a1d-97a3-03513c91a164@group-E896FBAFB2C7: changes role from  FOLLOWER to CANDIDATE at term 0 for changeToCandidate
2019-11-13 04:06:48,556 [grpc-default-executor-0] INFO  impl.RoleInfo (RoleInfo.java:updateAndGet(143)) - 32d4d447-2d26-4c49-a5e1-cd2d67dbedad: start FollowerState
2019-11-13 04:06:48,556 [Thread-1639] INFO  impl.RoleInfo (RoleInfo.java:updateAndGet(143)) - 64d096e6-e0ae-4a1d-97a3-03513c91a164: start LeaderElection
2019-11-13 04:06:48,556 [Thread-1670] INFO  impl.FollowerState (FollowerState.java:run(120)) - 32d4d447-2d26-4c49-a5e1-cd2d67dbedad@group-447C0B14BDAE-FollowerState was interrupted: java.lang.InterruptedException: sleep interrupted
2019-11-13 04:06:48,563 [main] INFO  ozone.MiniOzoneClusterImpl (MiniOzoneClusterImpl.java:lambda$waitForClusterToBeReady$2(163)) - Waiting for 3 number of pipelines out of 8, to report a leader.
2019-11-13 04:06:48,568 [0cea8a44-7441-4692-92a5-de212c14b418@group-6C52E0808C5B-SegmentedRaftLogWorker] INFO  segmented.SegmentedRaftLogWorker (SegmentedRaftLogWorker.java:execute(576)) - 0cea8a44-7441-4692-92a5-de212c14b418@group-6C52E0808C5B-SegmentedRaftLogWorker: created new log segment /workdir/hadoop-ozone/integration-test/target/test-dir/MiniOzoneClusterImpl-b85b6ab0-505c-4a5c-9cb9-9f0034e19733/datanode-3/data/ratis/78e0cf26-1fdb-4d7f-ac70-6c52e0808c5b/current/log_inprogress_0
2019-11-13 04:06:48,568 [64d096e6-e0ae-4a1d-97a3-03513c91a164@group-E896FBAFB2C7-LeaderElection57] INFO  impl.LeaderElection (LeaderElection.java:askForVotes(178)) - 64d096e6-e0ae-4a1d-97a3-03513c91a164@group-E896FBAFB2C7-LeaderElection57: begin an election at term 1 for -1: [64d096e6-e0ae-4a1d-97a3-03513c91a164:192.168.34.45:39823], old=null
2019-11-13 04:06:48,568 [64d096e6-e0ae-4a1d-97a3-03513c91a164@group-E896FBAFB2C7-LeaderElection57] INFO  impl.RoleInfo (RoleInfo.java:shutdownLeaderElection(134)) - 64d096e6-e0ae-4a1d-97a3-03513c91a164: shutdown LeaderElection
2019-11-13 04:06:48,569 [64d096e6-e0ae-4a1d-97a3-03513c91a164@group-E896FBAFB2C7-LeaderElection57] INFO  impl.RaftServerImpl (RaftServerImpl.java:setRole(173)) - 64d096e6-e0ae-4a1d-97a3-03513c91a164@group-E896FBAFB2C7: changes role from CANDIDATE to LEADER at term 1 for changeToLeader
2019-11-13 04:06:48,569 [64d096e6-e0ae-4a1d-97a3-03513c91a164@group-E896FBAFB2C7-LeaderElection57] INFO  ratis.XceiverServerRatis (XceiverServerRatis.java:handleLeaderChangedNotification(697)) - Leader change notification received for group: group-E896FBAFB2C7 with new leaderId: 64d096e6-e0ae-4a1d-97a3-03513c91a164
2019-11-13 04:06:48,569 [64d096e6-e0ae-4a1d-97a3-03513c91a164@group-E896FBAFB2C7-LeaderElection57] INFO  impl.RaftServerImpl (ServerState.java:setLeader(255)) - 64d096e6-e0ae-4a1d-97a3-03513c91a164@group-E896FBAFB2C7: change Leader from null to 64d096e6-e0ae-4a1d-97a3-03513c91a164 at term 1 for becomeLeader, leader elected after 1091ms
2019-11-13 04:06:48,569 [64d096e6-e0ae-4a1d-97a3-03513c91a164@group-E896FBAFB2C7-LeaderElection57] INFO  server.RaftServerConfigKeys (ConfUtils.java:logGet(43)) - raft.server.staging.catchup.gap = 1000 (default)
2019-11-13 04:06:48,570 [64d096e6-e0ae-4a1d-97a3-03513c91a164@group-E896FBAFB2C7-LeaderElection57] INFO  server.RaftServerConfigKeys (ConfUtils.java:logGet(43)) - raft.server.rpc.sleep.time = 25ms (default)
2019-11-13 04:06:48,571 [64d096e6-e0ae-4a1d-97a3-03513c91a164@group-E896FBAFB2C7-LeaderElection57] INFO  server.RaftServerConfigKeys (ConfUtils.java:logGet(43)) - raft.server.write.element-limit = 4096 (default)
2019-11-13 04:06:48,571 [64d096e6-e0ae-4a1d-97a3-03513c91a164@group-E896FBAFB2C7-LeaderElection57] INFO  server.RaftServerConfigKeys (ConfUtils.java:logGet(43)) - raft.server.watch.timeout = 10s (default)
2019-11-13 04:06:48,571 [64d096e6-e0ae-4a1d-97a3-03513c91a164@group-E896FBAFB2C7-LeaderElection57] INFO  server.RaftServerConfigKeys (ConfUtils.java:logGet(43)) - raft.server.watch.timeout.denomination = 1s (default)
2019-11-13 04:06:48,571 [64d096e6-e0ae-4a1d-97a3-03513c91a164@group-E896FBAFB2C7-LeaderElection57] INFO  server.RaftServerConfigKeys (ConfUtils.java:logGet(43)) - raft.server.watch.element-limit = 65536 (default)
2019-11-13 04:06:48,571 [EventQueue-PipelineReportForPipelineReportHandler] INFO  pipeline.PipelineStateManager (PipelineStateManager.java:openPipeline(134)) - Pipeline Pipeline[ Id: d461e442-c991-45dd-90ee-e896fbafb2c7, Nodes: 64d096e6-e0ae-4a1d-97a3-03513c91a164{ip: 192.168.34.45, host: trunk-nightly-20191113-wdxpm-1799726093, networkLocation: /default-rack, certSerialId: null}, Type:RATIS, Factor:ONE, State:OPEN] moved to OPEN state
2019-11-13 04:06:48,571 [64d096e6-e0ae-4a1d-97a3-03513c91a164@group-E896FBAFB2C7-LeaderElection57] INFO  impl.RoleInfo (RoleInfo.java:updateAndGet(143)) - 64d096e6-e0ae-4a1d-97a3-03513c91a164: start LeaderState
2019-11-13 04:06:48,572 [64d096e6-e0ae-4a1d-97a3-03513c91a164@group-E896FBAFB2C7-LeaderElection57] INFO  segmented.SegmentedRaftLogWorker (SegmentedRaftLogWorker.java:startLogSegment(385)) - 64d096e6-e0ae-4a1d-97a3-03513c91a164@group-E896FBAFB2C7-SegmentedRaftLogWorker: Starting segment from index:0
2019-11-13 04:06:48,572 [64d096e6-e0ae-4a1d-97a3-03513c91a164@group-E896FBAFB2C7-LeaderElection57] INFO  impl.RaftServerImpl (ServerState.java:setRaftConf(356)) - 64d096e6-e0ae-4a1d-97a3-03513c91a164@group-E896FBAFB2C7: set configuration 0: [64d096e6-e0ae-4a1d-97a3-03513c91a164:192.168.34.45:39823], old=null at 0
2019-11-13 04:06:48,598 [Thread-1636] INFO  impl.FollowerState (FollowerState.java:run(111)) - 50248509-472f-4b93-9431-0a6e6bd3eac0@group-F5C931C83913-FollowerState: change to CANDIDATE, lastRpcTime:1158ms, electionTimeout:1158ms
2019-11-13 04:06:48,598 [Thread-1636] INFO  impl.RoleInfo (RoleInfo.java:shutdownFollowerState(121)) - 50248509-472f-4b93-9431-0a6e6bd3eac0: shutdown FollowerState
2019-11-13 04:06:48,598 [Thread-1636] INFO  impl.RaftServerImpl (RaftServerImpl.java:setRole(173)) - 50248509-472f-4b93-9431-0a6e6bd3eac0@group-F5C931C83913: changes role from  FOLLOWER to CANDIDATE at term 0 for changeToCandidate
2019-11-13 04:06:48,598 [Thread-1636] INFO  impl.RoleInfo (RoleInfo.java:updateAndGet(143)) - 50248509-472f-4b93-9431-0a6e6bd3eac0: start LeaderElection
2019-11-13 04:06:48,621 [64d096e6-e0ae-4a1d-97a3-03513c91a164@group-E896FBAFB2C7-SegmentedRaftLogWorker] INFO  segmented.SegmentedRaftLogWorker (SegmentedRaftLogWorker.java:execute(576)) - 64d096e6-e0ae-4a1d-97a3-03513c91a164@group-E896FBAFB2C7-SegmentedRaftLogWorker: created new log segment /workdir/hadoop-ozone/integration-test/target/test-dir/MiniOzoneClusterImpl-b85b6ab0-505c-4a5c-9cb9-9f0034e19733/datanode-5/data/ratis/d461e442-c991-45dd-90ee-e896fbafb2c7/current/log_inprogress_0
2019-11-13 04:06:48,621 [50248509-472f-4b93-9431-0a6e6bd3eac0@group-F5C931C83913-LeaderElection58] INFO  impl.LeaderElection (LeaderElection.java:askForVotes(178)) - 50248509-472f-4b93-9431-0a6e6bd3eac0@group-F5C931C83913-LeaderElection58: begin an election at term 1 for -1: [50248509-472f-4b93-9431-0a6e6bd3eac0:192.168.34.45:43078], old=null
2019-11-13 04:06:48,622 [50248509-472f-4b93-9431-0a6e6bd3eac0@group-F5C931C83913-LeaderElection58] INFO  impl.RoleInfo (RoleInfo.java:shutdownLeaderElection(134)) - 50248509-472f-4b93-9431-0a6e6bd3eac0: shutdown LeaderElection
2019-11-13 04:06:48,622 [50248509-472f-4b93-9431-0a6e6bd3eac0@group-F5C931C83913-LeaderElection58] INFO  impl.RaftServerImpl (RaftServerImpl.java:setRole(173)) - 50248509-472f-4b93-9431-0a6e6bd3eac0@group-F5C931C83913: changes role from CANDIDATE to LEADER at term 1 for changeToLeader
2019-11-13 04:06:48,622 [50248509-472f-4b93-9431-0a6e6bd3eac0@group-F5C931C83913-LeaderElection58] INFO  ratis.XceiverServerRatis (XceiverServerRatis.java:handleLeaderChangedNotification(697)) - Leader change notification received for group: group-F5C931C83913 with new leaderId: 50248509-472f-4b93-9431-0a6e6bd3eac0
2019-11-13 04:06:48,622 [50248509-472f-4b93-9431-0a6e6bd3eac0@group-F5C931C83913-LeaderElection58] INFO  impl.RaftServerImpl (ServerState.java:setLeader(255)) - 50248509-472f-4b93-9431-0a6e6bd3eac0@group-F5C931C83913: change Leader from null to 50248509-472f-4b93-9431-0a6e6bd3eac0 at term 1 for becomeLeader, leader elected after 1186ms
2019-11-13 04:06:48,622 [50248509-472f-4b93-9431-0a6e6bd3eac0@group-F5C931C83913-LeaderElection58] INFO  server.RaftServerConfigKeys (ConfUtils.java:logGet(43)) - raft.server.staging.catchup.gap = 1000 (default)
2019-11-13 04:06:48,623 [50248509-472f-4b93-9431-0a6e6bd3eac0@group-F5C931C83913-LeaderElection58] INFO  server.RaftServerConfigKeys (ConfUtils.java:logGet(43)) - raft.server.rpc.sleep.time = 25ms (default)
2019-11-13 04:06:48,624 [50248509-472f-4b93-9431-0a6e6bd3eac0@group-F5C931C83913-LeaderElection58] INFO  server.RaftServerConfigKeys (ConfUtils.java:logGet(43)) - raft.server.write.element-limit = 4096 (default)
2019-11-13 04:06:48,624 [50248509-472f-4b93-9431-0a6e6bd3eac0@group-F5C931C83913-LeaderElection58] INFO  server.RaftServerConfigKeys (ConfUtils.java:logGet(43)) - raft.server.watch.timeout = 10s (default)
2019-11-13 04:06:48,624 [50248509-472f-4b93-9431-0a6e6bd3eac0@group-F5C931C83913-LeaderElection58] INFO  server.RaftServerConfigKeys (ConfUtils.java:logGet(43)) - raft.server.watch.timeout.denomination = 1s (default)
2019-11-13 04:06:48,624 [50248509-472f-4b93-9431-0a6e6bd3eac0@group-F5C931C83913-LeaderElection58] INFO  server.RaftServerConfigKeys (ConfUtils.java:logGet(43)) - raft.server.watch.element-limit = 65536 (default)
2019-11-13 04:06:48,624 [50248509-472f-4b93-9431-0a6e6bd3eac0@group-F5C931C83913-LeaderElection58] INFO  impl.RoleInfo (RoleInfo.java:updateAndGet(143)) - 50248509-472f-4b93-9431-0a6e6bd3eac0: start LeaderState
2019-11-13 04:06:48,625 [EventQueue-PipelineReportForPipelineReportHandler] INFO  pipeline.PipelineStateManager (PipelineStateManager.java:openPipeline(134)) - Pipeline Pipeline[ Id: acf91f85-a512-4e89-bfae-f5c931c83913, Nodes: 50248509-472f-4b93-9431-0a6e6bd3eac0{ip: 192.168.34.45, host: trunk-nightly-20191113-wdxpm-1799726093, networkLocation: /default-rack, certSerialId: null}, Type:RATIS, Factor:ONE, State:OPEN] moved to OPEN state
2019-11-13 04:06:48,625 [50248509-472f-4b93-9431-0a6e6bd3eac0@group-F5C931C83913-LeaderElection58] INFO  segmented.SegmentedRaftLogWorker (SegmentedRaftLogWorker.java:startLogSegment(385)) - 50248509-472f-4b93-9431-0a6e6bd3eac0@group-F5C931C83913-SegmentedRaftLogWorker: Starting segment from index:0
2019-11-13 04:06:48,625 [50248509-472f-4b93-9431-0a6e6bd3eac0@group-F5C931C83913-LeaderElection58] INFO  impl.RaftServerImpl (ServerState.java:setRaftConf(356)) - 50248509-472f-4b93-9431-0a6e6bd3eac0@group-F5C931C83913: set configuration 0: [50248509-472f-4b93-9431-0a6e6bd3eac0:192.168.34.45:43078], old=null at 0
2019-11-13 04:06:48,647 [Thread-1647] INFO  impl.FollowerState (FollowerState.java:run(111)) - 64d096e6-e0ae-4a1d-97a3-03513c91a164@group-EC2942CDC5BE-FollowerState: change to CANDIDATE, lastRpcTime:1088ms, electionTimeout:1088ms
2019-11-13 04:06:48,647 [Thread-1647] INFO  impl.RoleInfo (RoleInfo.java:shutdownFollowerState(121)) - 64d096e6-e0ae-4a1d-97a3-03513c91a164: shutdown FollowerState
2019-11-13 04:06:48,647 [Thread-1647] INFO  impl.RaftServerImpl (RaftServerImpl.java:setRole(173)) - 64d096e6-e0ae-4a1d-97a3-03513c91a164@group-EC2942CDC5BE: changes role from  FOLLOWER to CANDIDATE at term 0 for changeToCandidate
2019-11-13 04:06:48,648 [Thread-1647] INFO  impl.RoleInfo (RoleInfo.java:updateAndGet(143)) - 64d096e6-e0ae-4a1d-97a3-03513c91a164: start LeaderElection
2019-11-13 04:06:48,672 [50248509-472f-4b93-9431-0a6e6bd3eac0@group-F5C931C83913-SegmentedRaftLogWorker] INFO  segmented.SegmentedRaftLogWorker (SegmentedRaftLogWorker.java:execute(576)) - 50248509-472f-4b93-9431-0a6e6bd3eac0@group-F5C931C83913-SegmentedRaftLogWorker: created new log segment /workdir/hadoop-ozone/integration-test/target/test-dir/MiniOzoneClusterImpl-b85b6ab0-505c-4a5c-9cb9-9f0034e19733/datanode-4/data/ratis/acf91f85-a512-4e89-bfae-f5c931c83913/current/log_inprogress_0
2019-11-13 04:06:48,672 [64d096e6-e0ae-4a1d-97a3-03513c91a164@group-EC2942CDC5BE-LeaderElection59] INFO  impl.LeaderElection (LeaderElection.java:askForVotes(178)) - 64d096e6-e0ae-4a1d-97a3-03513c91a164@group-EC2942CDC5BE-LeaderElection59: begin an election at term 1 for -1: [0cea8a44-7441-4692-92a5-de212c14b418:192.168.34.45:44463, 50248509-472f-4b93-9431-0a6e6bd3eac0:192.168.34.45:43078, 64d096e6-e0ae-4a1d-97a3-03513c91a164:192.168.34.45:39823], old=null
2019-11-13 04:06:48,678 [Thread-1642] INFO  impl.FollowerState (FollowerState.java:run(111)) - 50248509-472f-4b93-9431-0a6e6bd3eac0@group-EC2942CDC5BE-FollowerState: change to CANDIDATE, lastRpcTime:1123ms, electionTimeout:1123ms
2019-11-13 04:06:48,678 [Thread-1642] INFO  impl.RoleInfo (RoleInfo.java:shutdownFollowerState(121)) - 50248509-472f-4b93-9431-0a6e6bd3eac0: shutdown FollowerState
2019-11-13 04:06:48,678 [Thread-1642] INFO  impl.RaftServerImpl (RaftServerImpl.java:setRole(173)) - 50248509-472f-4b93-9431-0a6e6bd3eac0@group-EC2942CDC5BE: changes role from  FOLLOWER to CANDIDATE at term 0 for changeToCandidate
2019-11-13 04:06:48,678 [Thread-1642] INFO  impl.RoleInfo (RoleInfo.java:updateAndGet(143)) - 50248509-472f-4b93-9431-0a6e6bd3eac0: start LeaderElection
2019-11-13 04:06:48,682 [grpc-default-executor-7] INFO  impl.RaftServerImpl (RaftServerImpl.java:setRole(173)) - 0cea8a44-7441-4692-92a5-de212c14b418@group-EC2942CDC5BE: changes role from  FOLLOWER to FOLLOWER at term 1 for recognizeCandidate:64d096e6-e0ae-4a1d-97a3-03513c91a164
2019-11-13 04:06:48,682 [grpc-default-executor-7] INFO  impl.RoleInfo (RoleInfo.java:shutdownFollowerState(121)) - 0cea8a44-7441-4692-92a5-de212c14b418: shutdown FollowerState
2019-11-13 04:06:48,682 [Thread-1646] INFO  impl.FollowerState (FollowerState.java:run(120)) - 0cea8a44-7441-4692-92a5-de212c14b418@group-EC2942CDC5BE-FollowerState was interrupted: java.lang.InterruptedException: sleep interrupted
2019-11-13 04:06:48,682 [grpc-default-executor-7] INFO  impl.RoleInfo (RoleInfo.java:updateAndGet(143)) - 0cea8a44-7441-4692-92a5-de212c14b418: start FollowerState
2019-11-13 04:06:48,698 [50248509-472f-4b93-9431-0a6e6bd3eac0@group-EC2942CDC5BE-LeaderElection60] INFO  impl.LeaderElection (LeaderElection.java:askForVotes(178)) - 50248509-472f-4b93-9431-0a6e6bd3eac0@group-EC2942CDC5BE-LeaderElection60: begin an election at term 1 for -1: [0cea8a44-7441-4692-92a5-de212c14b418:192.168.34.45:44463, 50248509-472f-4b93-9431-0a6e6bd3eac0:192.168.34.45:43078, 64d096e6-e0ae-4a1d-97a3-03513c91a164:192.168.34.45:39823], old=null
2019-11-13 04:06:48,699 [64d096e6-e0ae-4a1d-97a3-03513c91a164@group-EC2942CDC5BE-LeaderElection59] INFO  impl.LeaderElection (LeaderElection.java:logAndReturn(56)) - 64d096e6-e0ae-4a1d-97a3-03513c91a164@group-EC2942CDC5BE-LeaderElection59: Election PASSED; received 1 response(s) [64d096e6-e0ae-4a1d-97a3-03513c91a164<-0cea8a44-7441-4692-92a5-de212c14b418#0:OK-t1] and 0 exception(s); 64d096e6-e0ae-4a1d-97a3-03513c91a164@group-EC2942CDC5BE:t1, leader=null, voted=64d096e6-e0ae-4a1d-97a3-03513c91a164, raftlog=64d096e6-e0ae-4a1d-97a3-03513c91a164@group-EC2942CDC5BE-SegmentedRaftLog:OPENED:c-1,f-1,i0, conf=-1: [0cea8a44-7441-4692-92a5-de212c14b418:192.168.34.45:44463, 50248509-472f-4b93-9431-0a6e6bd3eac0:192.168.34.45:43078, 64d096e6-e0ae-4a1d-97a3-03513c91a164:192.168.34.45:39823], old=null
2019-11-13 04:06:48,699 [64d096e6-e0ae-4a1d-97a3-03513c91a164@group-EC2942CDC5BE-LeaderElection59] INFO  impl.RoleInfo (RoleInfo.java:shutdownLeaderElection(134)) - 64d096e6-e0ae-4a1d-97a3-03513c91a164: shutdown LeaderElection
2019-11-13 04:06:48,699 [64d096e6-e0ae-4a1d-97a3-03513c91a164@group-EC2942CDC5BE-LeaderElection59] INFO  impl.RaftServerImpl (RaftServerImpl.java:setRole(173)) - 64d096e6-e0ae-4a1d-97a3-03513c91a164@group-EC2942CDC5BE: changes role from CANDIDATE to LEADER at term 1 for changeToLeader
2019-11-13 04:06:48,700 [64d096e6-e0ae-4a1d-97a3-03513c91a164@group-EC2942CDC5BE-LeaderElection59] INFO  ratis.XceiverServerRatis (XceiverServerRatis.java:handleLeaderChangedNotification(697)) - Leader change notification received for group: group-EC2942CDC5BE with new leaderId: 64d096e6-e0ae-4a1d-97a3-03513c91a164
2019-11-13 04:06:48,700 [64d096e6-e0ae-4a1d-97a3-03513c91a164@group-EC2942CDC5BE-LeaderElection59] INFO  impl.RaftServerImpl (ServerState.java:setLeader(255)) - 64d096e6-e0ae-4a1d-97a3-03513c91a164@group-EC2942CDC5BE: change Leader from null to 64d096e6-e0ae-4a1d-97a3-03513c91a164 at term 1 for becomeLeader, leader elected after 1152ms
2019-11-13 04:06:48,700 [64d096e6-e0ae-4a1d-97a3-03513c91a164@group-EC2942CDC5BE-LeaderElection59] INFO  server.RaftServerConfigKeys (ConfUtils.java:logGet(43)) - raft.server.staging.catchup.gap = 1000 (default)
2019-11-13 04:06:48,700 [64d096e6-e0ae-4a1d-97a3-03513c91a164@group-EC2942CDC5BE-LeaderElection59] INFO  server.RaftServerConfigKeys (ConfUtils.java:logGet(43)) - raft.server.rpc.sleep.time = 25ms (default)
2019-11-13 04:06:48,700 [64d096e6-e0ae-4a1d-97a3-03513c91a164@group-EC2942CDC5BE-LeaderElection59] INFO  server.RaftServerConfigKeys (ConfUtils.java:logGet(43)) - raft.server.write.element-limit = 4096 (default)
2019-11-13 04:06:48,700 [64d096e6-e0ae-4a1d-97a3-03513c91a164@group-EC2942CDC5BE-LeaderElection59] INFO  server.RaftServerConfigKeys (ConfUtils.java:logGet(43)) - raft.server.watch.timeout = 10s (default)
2019-11-13 04:06:48,700 [64d096e6-e0ae-4a1d-97a3-03513c91a164@group-EC2942CDC5BE-LeaderElection59] INFO  server.RaftServerConfigKeys (ConfUtils.java:logGet(43)) - raft.server.watch.timeout.denomination = 1s (default)
2019-11-13 04:06:48,701 [64d096e6-e0ae-4a1d-97a3-03513c91a164@group-EC2942CDC5BE-LeaderElection59] INFO  server.RaftServerConfigKeys (ConfUtils.java:logGet(43)) - raft.server.watch.element-limit = 65536 (default)
2019-11-13 04:06:48,701 [64d096e6-e0ae-4a1d-97a3-03513c91a164@group-EC2942CDC5BE-LeaderElection59] INFO  server.RaftServerConfigKeys (ConfUtils.java:logGet(43)) - raft.server.log.appender.snapshot.chunk.size.max = 16MB (=16777216) (default)
2019-11-13 04:06:48,701 [64d096e6-e0ae-4a1d-97a3-03513c91a164@group-EC2942CDC5BE-LeaderElection59] INFO  server.RaftServerConfigKeys (ConfUtils.java:logGet(43)) - raft.server.log.appender.buffer.byte-limit = 33554432 (custom)
2019-11-13 04:06:48,701 [64d096e6-e0ae-4a1d-97a3-03513c91a164@group-EC2942CDC5BE-LeaderElection59] INFO  server.RaftServerConfigKeys (ConfUtils.java:logGet(43)) - raft.server.log.appender.buffer.element-limit = 1 (custom)
2019-11-13 04:06:48,701 [EventQueue-PipelineReportForPipelineReportHandler] INFO  pipeline.PipelineStateManager (PipelineStateManager.java:openPipeline(134)) - Pipeline Pipeline[ Id: cb67979c-6813-439c-a01c-ec2942cdc5be, Nodes: 64d096e6-e0ae-4a1d-97a3-03513c91a164{ip: 192.168.34.45, host: trunk-nightly-20191113-wdxpm-1799726093, networkLocation: /default-rack, certSerialId: null}0cea8a44-7441-4692-92a5-de212c14b418{ip: 192.168.34.45, host: trunk-nightly-20191113-wdxpm-1799726093, networkLocation: /default-rack, certSerialId: null}50248509-472f-4b93-9431-0a6e6bd3eac0{ip: 192.168.34.45, host: trunk-nightly-20191113-wdxpm-1799726093, networkLocation: /default-rack, certSerialId: null}, Type:RATIS, Factor:THREE, State:OPEN] moved to OPEN state
2019-11-13 04:06:48,701 [64d096e6-e0ae-4a1d-97a3-03513c91a164@group-EC2942CDC5BE-LeaderElection59] INFO  grpc.GrpcConfigKeys$Server (ConfUtils.java:logGet(43)) - raft.grpc.server.leader.outstanding.appends.max = 128 (default)
2019-11-13 04:06:48,702 [64d096e6-e0ae-4a1d-97a3-03513c91a164@group-EC2942CDC5BE-LeaderElection59] INFO  server.RaftServerConfigKeys (ConfUtils.java:logGet(43)) - raft.server.rpc.request.timeout = 3000ms (default)
2019-11-13 04:06:48,702 [64d096e6-e0ae-4a1d-97a3-03513c91a164@group-EC2942CDC5BE-LeaderElection59] INFO  server.RaftServerConfigKeys (ConfUtils.java:logGet(43)) - raft.server.log.appender.install.snapshot.enabled = false (custom)
2019-11-13 04:06:48,702 [64d096e6-e0ae-4a1d-97a3-03513c91a164@group-EC2942CDC5BE-LeaderElection59] WARN  impl.MetricRegistriesImpl (MetricRegistriesImpl.java:lambda$create$1(61)) - First MetricRegistry has been created without registering reporters. You may need to call MetricRegistries.global().addReportRegistration(...) before.
2019-11-13 04:06:48,703 [64d096e6-e0ae-4a1d-97a3-03513c91a164@group-EC2942CDC5BE-LeaderElection59] INFO  server.RaftServerConfigKeys (ConfUtils.java:logGet(43)) - raft.server.log.appender.snapshot.chunk.size.max = 16MB (=16777216) (default)
2019-11-13 04:06:48,704 [64d096e6-e0ae-4a1d-97a3-03513c91a164@group-EC2942CDC5BE-LeaderElection59] INFO  server.RaftServerConfigKeys (ConfUtils.java:logGet(43)) - raft.server.log.appender.buffer.byte-limit = 33554432 (custom)
2019-11-13 04:06:48,704 [64d096e6-e0ae-4a1d-97a3-03513c91a164@group-EC2942CDC5BE-LeaderElection59] INFO  server.RaftServerConfigKeys (ConfUtils.java:logGet(43)) - raft.server.log.appender.buffer.element-limit = 1 (custom)
2019-11-13 04:06:48,704 [64d096e6-e0ae-4a1d-97a3-03513c91a164@group-EC2942CDC5BE-LeaderElection59] INFO  grpc.GrpcConfigKeys$Server (ConfUtils.java:logGet(43)) - raft.grpc.server.leader.outstanding.appends.max = 128 (default)
2019-11-13 04:06:48,704 [64d096e6-e0ae-4a1d-97a3-03513c91a164@group-EC2942CDC5BE-LeaderElection59] INFO  server.RaftServerConfigKeys (ConfUtils.java:logGet(43)) - raft.server.rpc.request.timeout = 3000ms (default)
2019-11-13 04:06:48,704 [64d096e6-e0ae-4a1d-97a3-03513c91a164@group-EC2942CDC5BE-LeaderElection59] INFO  server.RaftServerConfigKeys (ConfUtils.java:logGet(43)) - raft.server.log.appender.install.snapshot.enabled = false (custom)
2019-11-13 04:06:48,704 [64d096e6-e0ae-4a1d-97a3-03513c91a164@group-EC2942CDC5BE-LeaderElection59] INFO  impl.RoleInfo (RoleInfo.java:updateAndGet(143)) - 64d096e6-e0ae-4a1d-97a3-03513c91a164: start LeaderState
2019-11-13 04:06:48,705 [64d096e6-e0ae-4a1d-97a3-03513c91a164@group-EC2942CDC5BE-LeaderElection59] INFO  segmented.SegmentedRaftLogWorker (SegmentedRaftLogWorker.java:startLogSegment(385)) - 64d096e6-e0ae-4a1d-97a3-03513c91a164@group-EC2942CDC5BE-SegmentedRaftLogWorker: Starting segment from index:0
2019-11-13 04:06:48,705 [64d096e6-e0ae-4a1d-97a3-03513c91a164@group-EC2942CDC5BE-LeaderElection59] INFO  impl.RaftServerImpl (ServerState.java:setRaftConf(356)) - 64d096e6-e0ae-4a1d-97a3-03513c91a164@group-EC2942CDC5BE: set configuration 0: [0cea8a44-7441-4692-92a5-de212c14b418:192.168.34.45:44463, 50248509-472f-4b93-9431-0a6e6bd3eac0:192.168.34.45:43078, 64d096e6-e0ae-4a1d-97a3-03513c91a164:192.168.34.45:39823], old=null at 0
2019-11-13 04:06:48,705 [grpc-default-executor-7] INFO  impl.RaftServerImpl (RaftServerImpl.java:requestVote(776)) - 64d096e6-e0ae-4a1d-97a3-03513c91a164@group-EC2942CDC5BE-   LEADER: Withhold vote from candidate 50248509-472f-4b93-9431-0a6e6bd3eac0 with term 1. State: leader=64d096e6-e0ae-4a1d-97a3-03513c91a164, term=1, lastRpcElapsed=null
2019-11-13 04:06:48,706 [grpc-default-executor-7] INFO  ratis.XceiverServerRatis (XceiverServerRatis.java:handleLeaderChangedNotification(697)) - Leader change notification received for group: group-EC2942CDC5BE with new leaderId: 64d096e6-e0ae-4a1d-97a3-03513c91a164
2019-11-13 04:06:48,707 [50248509-472f-4b93-9431-0a6e6bd3eac0@group-EC2942CDC5BE-LeaderElection60] INFO  impl.LeaderElection (LeaderElection.java:logAndReturn(56)) - 50248509-472f-4b93-9431-0a6e6bd3eac0@group-EC2942CDC5BE-LeaderElection60: Election REJECTED; received 2 response(s) [50248509-472f-4b93-9431-0a6e6bd3eac0<-0cea8a44-7441-4692-92a5-de212c14b418#0:FAIL-t1, 50248509-472f-4b93-9431-0a6e6bd3eac0<-64d096e6-e0ae-4a1d-97a3-03513c91a164#0:FAIL-t1] and 0 exception(s); 50248509-472f-4b93-9431-0a6e6bd3eac0@group-EC2942CDC5BE:t1, leader=null, voted=50248509-472f-4b93-9431-0a6e6bd3eac0, raftlog=50248509-472f-4b93-9431-0a6e6bd3eac0@group-EC2942CDC5BE-SegmentedRaftLog:OPENED:c-1,f-1,i0, conf=-1: [0cea8a44-7441-4692-92a5-de212c14b418:192.168.34.45:44463, 50248509-472f-4b93-9431-0a6e6bd3eac0:192.168.34.45:43078, 64d096e6-e0ae-4a1d-97a3-03513c91a164:192.168.34.45:39823], old=null
2019-11-13 04:06:48,707 [grpc-default-executor-7] INFO  impl.RaftServerImpl (ServerState.java:setLeader(255)) - 0cea8a44-7441-4692-92a5-de212c14b418@group-EC2942CDC5BE: change Leader from null to 64d096e6-e0ae-4a1d-97a3-03513c91a164 at term 1 for appendEntries, leader elected after 1159ms
2019-11-13 04:06:48,707 [50248509-472f-4b93-9431-0a6e6bd3eac0@group-EC2942CDC5BE-LeaderElection60] INFO  impl.RaftServerImpl (RaftServerImpl.java:setRole(173)) - 50248509-472f-4b93-9431-0a6e6bd3eac0@group-EC2942CDC5BE: changes role from CANDIDATE to FOLLOWER at term 1 for DISCOVERED_A_NEW_TERM
2019-11-13 04:06:48,707 [50248509-472f-4b93-9431-0a6e6bd3eac0@group-EC2942CDC5BE-LeaderElection60] INFO  impl.RoleInfo (RoleInfo.java:shutdownLeaderElection(134)) - 50248509-472f-4b93-9431-0a6e6bd3eac0: shutdown LeaderElection
2019-11-13 04:06:48,707 [50248509-472f-4b93-9431-0a6e6bd3eac0@group-EC2942CDC5BE-LeaderElection60] INFO  impl.RoleInfo (RoleInfo.java:updateAndGet(143)) - 50248509-472f-4b93-9431-0a6e6bd3eac0: start FollowerState
2019-11-13 04:06:48,707 [grpc-default-executor-0] INFO  ratis.XceiverServerRatis (XceiverServerRatis.java:handleLeaderChangedNotification(697)) - Leader change notification received for group: group-EC2942CDC5BE with new leaderId: 64d096e6-e0ae-4a1d-97a3-03513c91a164
2019-11-13 04:06:48,708 [grpc-default-executor-0] INFO  impl.RaftServerImpl (ServerState.java:setLeader(255)) - 50248509-472f-4b93-9431-0a6e6bd3eac0@group-EC2942CDC5BE: change Leader from null to 64d096e6-e0ae-4a1d-97a3-03513c91a164 at term 1 for appendEntries, leader elected after 1159ms
2019-11-13 04:06:48,709 [grpc-default-executor-0] INFO  impl.RaftServerImpl (ServerState.java:setRaftConf(356)) - 0cea8a44-7441-4692-92a5-de212c14b418@group-EC2942CDC5BE: set configuration 0: [0cea8a44-7441-4692-92a5-de212c14b418:192.168.34.45:44463, 50248509-472f-4b93-9431-0a6e6bd3eac0:192.168.34.45:43078, 64d096e6-e0ae-4a1d-97a3-03513c91a164:192.168.34.45:39823], old=null at 0
2019-11-13 04:06:48,709 [grpc-default-executor-0] INFO  segmented.SegmentedRaftLogWorker (SegmentedRaftLogWorker.java:startLogSegment(385)) - 0cea8a44-7441-4692-92a5-de212c14b418@group-EC2942CDC5BE-SegmentedRaftLogWorker: Starting segment from index:0
2019-11-13 04:06:48,710 [grpc-default-executor-7] INFO  impl.RaftServerImpl (ServerState.java:setRaftConf(356)) - 50248509-472f-4b93-9431-0a6e6bd3eac0@group-EC2942CDC5BE: set configuration 0: [0cea8a44-7441-4692-92a5-de212c14b418:192.168.34.45:44463, 50248509-472f-4b93-9431-0a6e6bd3eac0:192.168.34.45:43078, 64d096e6-e0ae-4a1d-97a3-03513c91a164:192.168.34.45:39823], old=null at 0
2019-11-13 04:06:48,710 [grpc-default-executor-7] INFO  segmented.SegmentedRaftLogWorker (SegmentedRaftLogWorker.java:startLogSegment(385)) - 50248509-472f-4b93-9431-0a6e6bd3eac0@group-EC2942CDC5BE-SegmentedRaftLogWorker: Starting segment from index:0
2019-11-13 04:06:48,764 [50248509-472f-4b93-9431-0a6e6bd3eac0@group-EC2942CDC5BE-SegmentedRaftLogWorker] INFO  segmented.SegmentedRaftLogWorker (SegmentedRaftLogWorker.java:execute(576)) - 50248509-472f-4b93-9431-0a6e6bd3eac0@group-EC2942CDC5BE-SegmentedRaftLogWorker: created new log segment /workdir/hadoop-ozone/integration-test/target/test-dir/MiniOzoneClusterImpl-b85b6ab0-505c-4a5c-9cb9-9f0034e19733/datanode-4/data/ratis/cb67979c-6813-439c-a01c-ec2942cdc5be/current/log_inprogress_0
2019-11-13 04:06:48,764 [0cea8a44-7441-4692-92a5-de212c14b418@group-EC2942CDC5BE-SegmentedRaftLogWorker] INFO  segmented.SegmentedRaftLogWorker (SegmentedRaftLogWorker.java:execute(576)) - 0cea8a44-7441-4692-92a5-de212c14b418@group-EC2942CDC5BE-SegmentedRaftLogWorker: created new log segment /workdir/hadoop-ozone/integration-test/target/test-dir/MiniOzoneClusterImpl-b85b6ab0-505c-4a5c-9cb9-9f0034e19733/datanode-3/data/ratis/cb67979c-6813-439c-a01c-ec2942cdc5be/current/log_inprogress_0
2019-11-13 04:06:48,764 [64d096e6-e0ae-4a1d-97a3-03513c91a164@group-EC2942CDC5BE-SegmentedRaftLogWorker] INFO  segmented.SegmentedRaftLogWorker (SegmentedRaftLogWorker.java:execute(576)) - 64d096e6-e0ae-4a1d-97a3-03513c91a164@group-EC2942CDC5BE-SegmentedRaftLogWorker: created new log segment /workdir/hadoop-ozone/integration-test/target/test-dir/MiniOzoneClusterImpl-b85b6ab0-505c-4a5c-9cb9-9f0034e19733/datanode-5/data/ratis/cb67979c-6813-439c-a01c-ec2942cdc5be/current/log_inprogress_0
2019-11-13 04:06:49,527 [Thread-1661] INFO  impl.FollowerState (FollowerState.java:run(111)) - 2f653e4e-b4ea-4463-ba35-13c58c0a0d31@group-447C0B14BDAE-FollowerState: change to CANDIDATE, lastRpcTime:1115ms, electionTimeout:1115ms
2019-11-13 04:06:49,527 [Thread-1661] INFO  impl.RoleInfo (RoleInfo.java:shutdownFollowerState(121)) - 2f653e4e-b4ea-4463-ba35-13c58c0a0d31: shutdown FollowerState
2019-11-13 04:06:49,528 [Thread-1661] INFO  impl.RaftServerImpl (RaftServerImpl.java:setRole(173)) - 2f653e4e-b4ea-4463-ba35-13c58c0a0d31@group-447C0B14BDAE: changes role from  FOLLOWER to CANDIDATE at term 2 for changeToCandidate
2019-11-13 04:06:49,528 [Thread-1661] INFO  impl.RoleInfo (RoleInfo.java:updateAndGet(143)) - 2f653e4e-b4ea-4463-ba35-13c58c0a0d31: start LeaderElection
2019-11-13 04:06:49,554 [2f653e4e-b4ea-4463-ba35-13c58c0a0d31@group-447C0B14BDAE-LeaderElection61] INFO  impl.LeaderElection (LeaderElection.java:askForVotes(178)) - 2f653e4e-b4ea-4463-ba35-13c58c0a0d31@group-447C0B14BDAE-LeaderElection61: begin an election at term 3 for -1: [08597d3a-6b69-4d75-a39e-e4e8ac9edde4:192.168.34.45:41890, 32d4d447-2d26-4c49-a5e1-cd2d67dbedad:192.168.34.45:40211, 2f653e4e-b4ea-4463-ba35-13c58c0a0d31:192.168.34.45:41897], old=null
2019-11-13 04:06:49,557 [Thread-1673] INFO  impl.FollowerState (FollowerState.java:run(111)) - 32d4d447-2d26-4c49-a5e1-cd2d67dbedad@group-447C0B14BDAE-FollowerState: change to CANDIDATE, lastRpcTime:1001ms, electionTimeout:1001ms
2019-11-13 04:06:49,558 [Thread-1673] INFO  impl.RoleInfo (RoleInfo.java:shutdownFollowerState(121)) - 32d4d447-2d26-4c49-a5e1-cd2d67dbedad: shutdown FollowerState
2019-11-13 04:06:49,558 [grpc-default-executor-7] INFO  impl.RaftServerImpl (RaftServerImpl.java:setRole(173)) - 08597d3a-6b69-4d75-a39e-e4e8ac9edde4@group-447C0B14BDAE: changes role from  FOLLOWER to FOLLOWER at term 3 for recognizeCandidate:2f653e4e-b4ea-4463-ba35-13c58c0a0d31
2019-11-13 04:06:49,558 [Thread-1673] INFO  impl.RaftServerImpl (RaftServerImpl.java:setRole(173)) - 32d4d447-2d26-4c49-a5e1-cd2d67dbedad@group-447C0B14BDAE: changes role from  FOLLOWER to CANDIDATE at term 2 for changeToCandidate
2019-11-13 04:06:49,558 [grpc-default-executor-7] INFO  impl.RoleInfo (RoleInfo.java:shutdownFollowerState(121)) - 08597d3a-6b69-4d75-a39e-e4e8ac9edde4: shutdown FollowerState
2019-11-13 04:06:49,558 [Thread-1673] INFO  impl.RoleInfo (RoleInfo.java:updateAndGet(143)) - 32d4d447-2d26-4c49-a5e1-cd2d67dbedad: start LeaderElection
2019-11-13 04:06:49,558 [Thread-1672] INFO  impl.FollowerState (FollowerState.java:run(120)) - 08597d3a-6b69-4d75-a39e-e4e8ac9edde4@group-447C0B14BDAE-FollowerState was interrupted: java.lang.InterruptedException: sleep interrupted
2019-11-13 04:06:49,558 [grpc-default-executor-7] INFO  impl.RoleInfo (RoleInfo.java:updateAndGet(143)) - 08597d3a-6b69-4d75-a39e-e4e8ac9edde4: start FollowerState
2019-11-13 04:06:49,559 [grpc-default-executor-0] INFO  impl.RaftServerImpl (RaftServerImpl.java:setRole(173)) - 32d4d447-2d26-4c49-a5e1-cd2d67dbedad@group-447C0B14BDAE: changes role from CANDIDATE to FOLLOWER at term 3 for recognizeCandidate:2f653e4e-b4ea-4463-ba35-13c58c0a0d31
2019-11-13 04:06:49,559 [grpc-default-executor-0] INFO  impl.RoleInfo (RoleInfo.java:shutdownLeaderElection(134)) - 32d4d447-2d26-4c49-a5e1-cd2d67dbedad: shutdown LeaderElection
2019-11-13 04:06:49,559 [grpc-default-executor-0] INFO  impl.RoleInfo (RoleInfo.java:updateAndGet(143)) - 32d4d447-2d26-4c49-a5e1-cd2d67dbedad: start FollowerState
2019-11-13 04:06:49,566 [main] INFO  ozone.MiniOzoneClusterImpl (MiniOzoneClusterImpl.java:lambda$waitForClusterToBeReady$2(171)) - Cluster is ready. Got 6 of 6 DN Heartbeats.
2019-11-13 04:06:49,575 [2f653e4e-b4ea-4463-ba35-13c58c0a0d31@group-447C0B14BDAE-LeaderElection61] INFO  impl.LeaderElection (LeaderElection.java:logAndReturn(56)) - 2f653e4e-b4ea-4463-ba35-13c58c0a0d31@group-447C0B14BDAE-LeaderElection61: Election REJECTED; received 2 response(s) [2f653e4e-b4ea-4463-ba35-13c58c0a0d31<-08597d3a-6b69-4d75-a39e-e4e8ac9edde4#0:FAIL-t3, 2f653e4e-b4ea-4463-ba35-13c58c0a0d31<-32d4d447-2d26-4c49-a5e1-cd2d67dbedad#0:FAIL-t3] and 0 exception(s); 2f653e4e-b4ea-4463-ba35-13c58c0a0d31@group-447C0B14BDAE:t3, leader=null, voted=2f653e4e-b4ea-4463-ba35-13c58c0a0d31, raftlog=2f653e4e-b4ea-4463-ba35-13c58c0a0d31@group-447C0B14BDAE-SegmentedRaftLog:OPENED:c-1,f-1,i0, conf=-1: [08597d3a-6b69-4d75-a39e-e4e8ac9edde4:192.168.34.45:41890, 32d4d447-2d26-4c49-a5e1-cd2d67dbedad:192.168.34.45:40211, 2f653e4e-b4ea-4463-ba35-13c58c0a0d31:192.168.34.45:41897], old=null
2019-11-13 04:06:49,575 [2f653e4e-b4ea-4463-ba35-13c58c0a0d31@group-447C0B14BDAE-LeaderElection61] INFO  impl.RaftServerImpl (RaftServerImpl.java:setRole(173)) - 2f653e4e-b4ea-4463-ba35-13c58c0a0d31@group-447C0B14BDAE: changes role from CANDIDATE to FOLLOWER at term 3 for DISCOVERED_A_NEW_TERM
2019-11-13 04:06:49,575 [2f653e4e-b4ea-4463-ba35-13c58c0a0d31@group-447C0B14BDAE-LeaderElection61] INFO  impl.RoleInfo (RoleInfo.java:shutdownLeaderElection(134)) - 2f653e4e-b4ea-4463-ba35-13c58c0a0d31: shutdown LeaderElection
2019-11-13 04:06:49,575 [2f653e4e-b4ea-4463-ba35-13c58c0a0d31@group-447C0B14BDAE-LeaderElection61] INFO  impl.RoleInfo (RoleInfo.java:updateAndGet(143)) - 2f653e4e-b4ea-4463-ba35-13c58c0a0d31: start FollowerState
2019-11-13 04:06:49,587 [32d4d447-2d26-4c49-a5e1-cd2d67dbedad@group-447C0B14BDAE-LeaderElection62] INFO  impl.LeaderElection (LeaderElection.java:askForVotes(178)) - 32d4d447-2d26-4c49-a5e1-cd2d67dbedad@group-447C0B14BDAE-LeaderElection62: begin an election at term 4 for 0: [08597d3a-6b69-4d75-a39e-e4e8ac9edde4:192.168.34.45:41890, 32d4d447-2d26-4c49-a5e1-cd2d67dbedad:192.168.34.45:40211, 2f653e4e-b4ea-4463-ba35-13c58c0a0d31:192.168.34.45:41897], old=null
2019-11-13 04:06:49,588 [32d4d447-2d26-4c49-a5e1-cd2d67dbedad@group-447C0B14BDAE-LeaderElection62] INFO  impl.LeaderElection (LeaderElection.java:logAndReturn(56)) - 32d4d447-2d26-4c49-a5e1-cd2d67dbedad@group-447C0B14BDAE-LeaderElection62: Election REJECTED; received 0 response(s) [] and 0 exception(s); 32d4d447-2d26-4c49-a5e1-cd2d67dbedad@group-447C0B14BDAE:t4, leader=null, voted=32d4d447-2d26-4c49-a5e1-cd2d67dbedad, raftlog=32d4d447-2d26-4c49-a5e1-cd2d67dbedad@group-447C0B14BDAE-SegmentedRaftLog:OPENED:c-1,f0,i0, conf=0: [08597d3a-6b69-4d75-a39e-e4e8ac9edde4:192.168.34.45:41890, 32d4d447-2d26-4c49-a5e1-cd2d67dbedad:192.168.34.45:40211, 2f653e4e-b4ea-4463-ba35-13c58c0a0d31:192.168.34.45:41897], old=null
2019-11-13 04:06:49,604 [grpc-default-executor-0] INFO  impl.RaftServerImpl (RaftServerImpl.java:setRole(173)) - 2f653e4e-b4ea-4463-ba35-13c58c0a0d31@group-447C0B14BDAE: changes role from  FOLLOWER to FOLLOWER at term 4 for recognizeCandidate:32d4d447-2d26-4c49-a5e1-cd2d67dbedad
2019-11-13 04:06:49,604 [grpc-default-executor-0] INFO  impl.RoleInfo (RoleInfo.java:shutdownFollowerState(121)) - 2f653e4e-b4ea-4463-ba35-13c58c0a0d31: shutdown FollowerState
2019-11-13 04:06:49,604 [grpc-default-executor-7] INFO  impl.RaftServerImpl (RaftServerImpl.java:setRole(173)) - 08597d3a-6b69-4d75-a39e-e4e8ac9edde4@group-447C0B14BDAE: changes role from  FOLLOWER to FOLLOWER at term 4 for recognizeCandidate:32d4d447-2d26-4c49-a5e1-cd2d67dbedad
2019-11-13 04:06:49,604 [Thread-1703] INFO  impl.FollowerState (FollowerState.java:run(120)) - 2f653e4e-b4ea-4463-ba35-13c58c0a0d31@group-447C0B14BDAE-FollowerState was interrupted: java.lang.InterruptedException: sleep interrupted
2019-11-13 04:06:49,604 [grpc-default-executor-0] INFO  impl.RoleInfo (RoleInfo.java:updateAndGet(143)) - 2f653e4e-b4ea-4463-ba35-13c58c0a0d31: start FollowerState
2019-11-13 04:06:49,604 [grpc-default-executor-7] INFO  impl.RoleInfo (RoleInfo.java:shutdownFollowerState(121)) - 08597d3a-6b69-4d75-a39e-e4e8ac9edde4: shutdown FollowerState
2019-11-13 04:06:49,605 [grpc-default-executor-7] INFO  impl.RoleInfo (RoleInfo.java:updateAndGet(143)) - 08597d3a-6b69-4d75-a39e-e4e8ac9edde4: start FollowerState
2019-11-13 04:06:49,605 [Thread-1700] INFO  impl.FollowerState (FollowerState.java:run(120)) - 08597d3a-6b69-4d75-a39e-e4e8ac9edde4@group-447C0B14BDAE-FollowerState was interrupted: java.lang.InterruptedException: sleep interrupted
2019-11-13 04:06:49,606 [main] INFO  rpc.RpcClient (RpcClient.java:createVolume(292)) - Creating Volume: datanodefailurehandlingtest, with jenkins1000 as owner.
2019-11-13 04:06:49,609 [IPC Server handler 2 on 34788] INFO  volume.OMVolumeCreateRequest (OMVolumeCreateRequest.java:validateAndUpdateCache(193)) - created volume:datanodefailurehandlingtest for user:jenkins1000
2019-11-13 04:06:49,652 [main] INFO  rpc.RpcClient (RpcClient.java:createBucket(431)) - Creating Bucket: datanodefailurehandlingtest/datanodefailurehandlingtest, with Versioning false and Storage Type set to DISK and Encryption set to false 
2019-11-13 04:06:50,078 [Thread-1613] INFO  container.ReplicationManager (ReplicationManager.java:start(162)) - Starting Replication Monitor Thread.
2019-11-13 04:06:50,078 [Thread-1613] INFO  pipeline.SCMPipelineManager (SCMPipelineManager.java:finalizeAndDestroyPipeline(315)) - destroying pipeline:Pipeline[ Id: 66ced5cf-9101-4ba0-bb07-447c0b14bdae, Nodes: 08597d3a-6b69-4d75-a39e-e4e8ac9edde4{ip: 192.168.34.45, host: trunk-nightly-20191113-wdxpm-1799726093, networkLocation: /default-rack, certSerialId: null}32d4d447-2d26-4c49-a5e1-cd2d67dbedad{ip: 192.168.34.45, host: trunk-nightly-20191113-wdxpm-1799726093, networkLocation: /default-rack, certSerialId: null}2f653e4e-b4ea-4463-ba35-13c58c0a0d31{ip: 192.168.34.45, host: trunk-nightly-20191113-wdxpm-1799726093, networkLocation: /default-rack, certSerialId: null}, Type:RATIS, Factor:THREE, State:OPEN]
2019-11-13 04:06:50,080 [Thread-1613] INFO  pipeline.PipelineStateManager (PipelineStateManager.java:finalizePipeline(121)) - Pipeline Pipeline[ Id: 66ced5cf-9101-4ba0-bb07-447c0b14bdae, Nodes: 08597d3a-6b69-4d75-a39e-e4e8ac9edde4{ip: 192.168.34.45, host: trunk-nightly-20191113-wdxpm-1799726093, networkLocation: /default-rack, certSerialId: null}32d4d447-2d26-4c49-a5e1-cd2d67dbedad{ip: 192.168.34.45, host: trunk-nightly-20191113-wdxpm-1799726093, networkLocation: /default-rack, certSerialId: null}2f653e4e-b4ea-4463-ba35-13c58c0a0d31{ip: 192.168.34.45, host: trunk-nightly-20191113-wdxpm-1799726093, networkLocation: /default-rack, certSerialId: null}, Type:RATIS, Factor:THREE, State:CLOSED] moved to CLOSED state
2019-11-13 04:06:50,080 [ReplicationMonitor] INFO  container.ReplicationManager (ReplicationManager.java:run(225)) - Replication Monitor Thread took 1 milliseconds for processing 1 containers.
2019-11-13 04:06:50,081 [EventQueue-CloseContainerForCloseContainerEventHandler] INFO  container.CloseContainerEventHandler (CloseContainerEventHandler.java:onMessage(61)) - Close container Event triggered for container : #1
2019-11-13 04:06:50,085 [grpc-default-executor-0] INFO  impl.RaftServerProxy (RaftServerProxy.java:remove(95)) - 08597d3a-6b69-4d75-a39e-e4e8ac9edde4: remove  FOLLOWER 08597d3a-6b69-4d75-a39e-e4e8ac9edde4@group-447C0B14BDAE:t4, leader=null, voted=32d4d447-2d26-4c49-a5e1-cd2d67dbedad, raftlog=08597d3a-6b69-4d75-a39e-e4e8ac9edde4@group-447C0B14BDAE-SegmentedRaftLog:OPENED:c-1,f0,i0, conf=0: [08597d3a-6b69-4d75-a39e-e4e8ac9edde4:192.168.34.45:41890, 32d4d447-2d26-4c49-a5e1-cd2d67dbedad:192.168.34.45:40211, 2f653e4e-b4ea-4463-ba35-13c58c0a0d31:192.168.34.45:41897], old=null RUNNING
2019-11-13 04:06:50,085 [grpc-default-executor-0] INFO  impl.RaftServerImpl (RaftServerImpl.java:lambda$shutdown$3(250)) - 08597d3a-6b69-4d75-a39e-e4e8ac9edde4@group-447C0B14BDAE: shutdown
2019-11-13 04:06:50,086 [grpc-default-executor-0] INFO  util.JmxRegister (JmxRegister.java:unregister(73)) - Successfully un-registered JMX Bean with object name Ratis:service=RaftServer,group=group-447C0B14BDAE,id=08597d3a-6b69-4d75-a39e-e4e8ac9edde4
2019-11-13 04:06:50,086 [grpc-default-executor-0] INFO  impl.RoleInfo (RoleInfo.java:shutdownFollowerState(121)) - 08597d3a-6b69-4d75-a39e-e4e8ac9edde4: shutdown FollowerState
2019-11-13 04:06:50,086 [grpc-default-executor-0] INFO  impl.StateMachineUpdater (StateMachineUpdater.java:stopAndJoin(136)) - 08597d3a-6b69-4d75-a39e-e4e8ac9edde4@group-447C0B14BDAE-StateMachineUpdater: set stopIndex = -1
2019-11-13 04:06:50,086 [Thread-1708] INFO  impl.FollowerState (FollowerState.java:run(120)) - 08597d3a-6b69-4d75-a39e-e4e8ac9edde4@group-447C0B14BDAE-FollowerState was interrupted: java.lang.InterruptedException: sleep interrupted
2019-11-13 04:06:50,086 [grpc-default-executor-0] INFO  impl.RaftServerImpl (ServerState.java:close(387)) - 08597d3a-6b69-4d75-a39e-e4e8ac9edde4@group-447C0B14BDAE: closes. applyIndex: -1
2019-11-13 04:06:50,087 [08597d3a-6b69-4d75-a39e-e4e8ac9edde4@group-447C0B14BDAE-SegmentedRaftLogWorker] INFO  segmented.SegmentedRaftLogWorker (SegmentedRaftLogWorker.java:run(316)) - 08597d3a-6b69-4d75-a39e-e4e8ac9edde4@group-447C0B14BDAE-SegmentedRaftLogWorker was interrupted, exiting. There are 0 tasks remaining in the queue.
2019-11-13 04:06:50,089 [grpc-default-executor-0] INFO  segmented.SegmentedRaftLogWorker (SegmentedRaftLogWorker.java:close(224)) - 08597d3a-6b69-4d75-a39e-e4e8ac9edde4@group-447C0B14BDAE-SegmentedRaftLogWorker close()
2019-11-13 04:06:50,098 [grpc-default-executor-0] INFO  impl.RaftServerProxy (RaftServerProxy.java:remove(95)) - 32d4d447-2d26-4c49-a5e1-cd2d67dbedad: remove  FOLLOWER 32d4d447-2d26-4c49-a5e1-cd2d67dbedad@group-447C0B14BDAE:t4, leader=null, voted=32d4d447-2d26-4c49-a5e1-cd2d67dbedad, raftlog=32d4d447-2d26-4c49-a5e1-cd2d67dbedad@group-447C0B14BDAE-SegmentedRaftLog:OPENED:c-1,f0,i0, conf=0: [08597d3a-6b69-4d75-a39e-e4e8ac9edde4:192.168.34.45:41890, 32d4d447-2d26-4c49-a5e1-cd2d67dbedad:192.168.34.45:40211, 2f653e4e-b4ea-4463-ba35-13c58c0a0d31:192.168.34.45:41897], old=null RUNNING
2019-11-13 04:06:50,098 [grpc-default-executor-0] INFO  impl.RaftServerImpl (RaftServerImpl.java:lambda$shutdown$3(250)) - 32d4d447-2d26-4c49-a5e1-cd2d67dbedad@group-447C0B14BDAE: shutdown
2019-11-13 04:06:50,098 [grpc-default-executor-0] INFO  util.JmxRegister (JmxRegister.java:unregister(73)) - Successfully un-registered JMX Bean with object name Ratis:service=RaftServer,group=group-447C0B14BDAE,id=32d4d447-2d26-4c49-a5e1-cd2d67dbedad
2019-11-13 04:06:50,099 [grpc-default-executor-0] INFO  impl.RoleInfo (RoleInfo.java:shutdownFollowerState(121)) - 32d4d447-2d26-4c49-a5e1-cd2d67dbedad: shutdown FollowerState
2019-11-13 04:06:50,099 [grpc-default-executor-0] INFO  impl.StateMachineUpdater (StateMachineUpdater.java:stopAndJoin(136)) - 32d4d447-2d26-4c49-a5e1-cd2d67dbedad@group-447C0B14BDAE-StateMachineUpdater: set stopIndex = -1
2019-11-13 04:06:50,099 [Thread-1701] INFO  impl.FollowerState (FollowerState.java:run(120)) - 32d4d447-2d26-4c49-a5e1-cd2d67dbedad@group-447C0B14BDAE-FollowerState was interrupted: java.lang.InterruptedException: sleep interrupted
2019-11-13 04:06:50,099 [grpc-default-executor-0] INFO  impl.RaftServerImpl (ServerState.java:close(387)) - 32d4d447-2d26-4c49-a5e1-cd2d67dbedad@group-447C0B14BDAE: closes. applyIndex: -1
2019-11-13 04:06:50,099 [32d4d447-2d26-4c49-a5e1-cd2d67dbedad@group-447C0B14BDAE-SegmentedRaftLogWorker] INFO  segmented.SegmentedRaftLogWorker (SegmentedRaftLogWorker.java:run(316)) - 32d4d447-2d26-4c49-a5e1-cd2d67dbedad@group-447C0B14BDAE-SegmentedRaftLogWorker was interrupted, exiting. There are 0 tasks remaining in the queue.
2019-11-13 04:06:50,101 [grpc-default-executor-0] INFO  segmented.SegmentedRaftLogWorker (SegmentedRaftLogWorker.java:close(224)) - 32d4d447-2d26-4c49-a5e1-cd2d67dbedad@group-447C0B14BDAE-SegmentedRaftLogWorker close()
2019-11-13 04:06:50,109 [grpc-default-executor-0] INFO  impl.RaftServerProxy (RaftServerProxy.java:remove(95)) - 2f653e4e-b4ea-4463-ba35-13c58c0a0d31: remove  FOLLOWER 2f653e4e-b4ea-4463-ba35-13c58c0a0d31@group-447C0B14BDAE:t4, leader=null, voted=32d4d447-2d26-4c49-a5e1-cd2d67dbedad, raftlog=2f653e4e-b4ea-4463-ba35-13c58c0a0d31@group-447C0B14BDAE-SegmentedRaftLog:OPENED:c-1,f-1,i0, conf=-1: [08597d3a-6b69-4d75-a39e-e4e8ac9edde4:192.168.34.45:41890, 32d4d447-2d26-4c49-a5e1-cd2d67dbedad:192.168.34.45:40211, 2f653e4e-b4ea-4463-ba35-13c58c0a0d31:192.168.34.45:41897], old=null RUNNING
2019-11-13 04:06:50,110 [grpc-default-executor-0] INFO  impl.RaftServerImpl (RaftServerImpl.java:lambda$shutdown$3(250)) - 2f653e4e-b4ea-4463-ba35-13c58c0a0d31@group-447C0B14BDAE: shutdown
2019-11-13 04:06:50,110 [grpc-default-executor-0] INFO  util.JmxRegister (JmxRegister.java:unregister(73)) - Successfully un-registered JMX Bean with object name Ratis:service=RaftServer,group=group-447C0B14BDAE,id=2f653e4e-b4ea-4463-ba35-13c58c0a0d31
2019-11-13 04:06:50,110 [grpc-default-executor-0] INFO  impl.RoleInfo (RoleInfo.java:shutdownFollowerState(121)) - 2f653e4e-b4ea-4463-ba35-13c58c0a0d31: shutdown FollowerState
2019-11-13 04:06:50,110 [grpc-default-executor-0] INFO  impl.StateMachineUpdater (StateMachineUpdater.java:stopAndJoin(136)) - 2f653e4e-b4ea-4463-ba35-13c58c0a0d31@group-447C0B14BDAE-StateMachineUpdater: set stopIndex = -1
2019-11-13 04:06:50,110 [Thread-1707] INFO  impl.FollowerState (FollowerState.java:run(120)) - 2f653e4e-b4ea-4463-ba35-13c58c0a0d31@group-447C0B14BDAE-FollowerState was interrupted: java.lang.InterruptedException: sleep interrupted
2019-11-13 04:06:50,110 [grpc-default-executor-0] INFO  impl.RaftServerImpl (ServerState.java:close(387)) - 2f653e4e-b4ea-4463-ba35-13c58c0a0d31@group-447C0B14BDAE: closes. applyIndex: -1
2019-11-13 04:06:50,111 [2f653e4e-b4ea-4463-ba35-13c58c0a0d31@group-447C0B14BDAE-SegmentedRaftLogWorker] INFO  segmented.SegmentedRaftLogWorker (SegmentedRaftLogWorker.java:run(316)) - 2f653e4e-b4ea-4463-ba35-13c58c0a0d31@group-447C0B14BDAE-SegmentedRaftLogWorker was interrupted, exiting. There are 0 tasks remaining in the queue.
2019-11-13 04:06:50,111 [grpc-default-executor-0] INFO  segmented.SegmentedRaftLogWorker (SegmentedRaftLogWorker.java:close(224)) - 2f653e4e-b4ea-4463-ba35-13c58c0a0d31@group-447C0B14BDAE-SegmentedRaftLogWorker close()
2019-11-13 04:06:50,117 [Thread-1613] INFO  pipeline.PipelineStateManager (PipelineStateManager.java:removePipeline(106)) - Pipeline Pipeline[ Id: 66ced5cf-9101-4ba0-bb07-447c0b14bdae, Nodes: 08597d3a-6b69-4d75-a39e-e4e8ac9edde4{ip: 192.168.34.45, host: trunk-nightly-20191113-wdxpm-1799726093, networkLocation: /default-rack, certSerialId: null}32d4d447-2d26-4c49-a5e1-cd2d67dbedad{ip: 192.168.34.45, host: trunk-nightly-20191113-wdxpm-1799726093, networkLocation: /default-rack, certSerialId: null}2f653e4e-b4ea-4463-ba35-13c58c0a0d31{ip: 192.168.34.45, host: trunk-nightly-20191113-wdxpm-1799726093, networkLocation: /default-rack, certSerialId: null}, Type:RATIS, Factor:THREE, State:CLOSED] removed from db
2019-11-13 04:06:50,118 [Thread-1613] INFO  pipeline.SCMPipelineManager (SCMPipelineManager.java:finalizeAndDestroyPipeline(315)) - destroying pipeline:Pipeline[ Id: 6d06dabb-9740-4089-972b-c9d6017facc4, Nodes: 2f653e4e-b4ea-4463-ba35-13c58c0a0d31{ip: 192.168.34.45, host: trunk-nightly-20191113-wdxpm-1799726093, networkLocation: /default-rack, certSerialId: null}, Type:RATIS, Factor:ONE, State:OPEN]
2019-11-13 04:06:50,123 [grpc-default-executor-4] INFO  impl.RaftServerProxy (RaftServerProxy.java:addNew(89)) - 08597d3a-6b69-4d75-a39e-e4e8ac9edde4: addNew group-038E72117229:[08597d3a-6b69-4d75-a39e-e4e8ac9edde4:192.168.34.45:41890, 32d4d447-2d26-4c49-a5e1-cd2d67dbedad:192.168.34.45:40211, 2f653e4e-b4ea-4463-ba35-13c58c0a0d31:192.168.34.45:41897] returns group-038E72117229:java.util.concurrent.CompletableFuture@195fc7a4[Not completed]
2019-11-13 04:06:50,123 [grpc-default-executor-7] INFO  impl.RaftServerProxy (RaftServerProxy.java:addNew(89)) - 32d4d447-2d26-4c49-a5e1-cd2d67dbedad: addNew group-038E72117229:[08597d3a-6b69-4d75-a39e-e4e8ac9edde4:192.168.34.45:41890, 32d4d447-2d26-4c49-a5e1-cd2d67dbedad:192.168.34.45:40211, 2f653e4e-b4ea-4463-ba35-13c58c0a0d31:192.168.34.45:41897] returns group-038E72117229:java.util.concurrent.CompletableFuture@5c52a64a[Not completed]
2019-11-13 04:06:50,124 [grpc-default-executor-0] INFO  impl.RaftServerProxy (RaftServerProxy.java:addNew(89)) - 2f653e4e-b4ea-4463-ba35-13c58c0a0d31: addNew group-038E72117229:[08597d3a-6b69-4d75-a39e-e4e8ac9edde4:192.168.34.45:41890, 32d4d447-2d26-4c49-a5e1-cd2d67dbedad:192.168.34.45:40211, 2f653e4e-b4ea-4463-ba35-13c58c0a0d31:192.168.34.45:41897] returns group-038E72117229:java.util.concurrent.CompletableFuture@5b1171a1[Not completed]
2019-11-13 04:06:50,126 [pool-153-thread-1] INFO  impl.RaftServerImpl (RaftServerImpl.java:<init>(98)) - 32d4d447-2d26-4c49-a5e1-cd2d67dbedad: new RaftServerImpl for group-038E72117229:[08597d3a-6b69-4d75-a39e-e4e8ac9edde4:192.168.34.45:41890, 32d4d447-2d26-4c49-a5e1-cd2d67dbedad:192.168.34.45:40211, 2f653e4e-b4ea-4463-ba35-13c58c0a0d31:192.168.34.45:41897] with ContainerStateMachine:uninitialized
2019-11-13 04:06:50,126 [pool-153-thread-1] INFO  server.RaftServerConfigKeys (ConfUtils.java:logGet(43)) - raft.server.rpc.timeout.min = 1s (custom)
2019-11-13 04:06:50,126 [pool-153-thread-1] INFO  server.RaftServerConfigKeys (ConfUtils.java:logGet(43)) - raft.server.rpc.timeout.max = 1200ms (custom)
2019-11-13 04:06:50,126 [pool-153-thread-1] INFO  server.RaftServerConfigKeys (ConfUtils.java:logGet(43)) - raft.server.rpcslowness.timeout = 120s (custom)
2019-11-13 04:06:50,126 [pool-153-thread-1] INFO  server.RaftServerConfigKeys (ConfUtils.java:logGet(43)) - raft.server.sleep.deviation.threshold = 300 (default)
2019-11-13 04:06:50,126 [pool-153-thread-1] INFO  server.RaftServerConfigKeys (ConfUtils.java:logGet(43)) - raft.server.log.appender.install.snapshot.enabled = false (custom)
2019-11-13 04:06:50,127 [pool-153-thread-1] INFO  impl.RaftServerImpl (ServerState.java:<init>(103)) - 32d4d447-2d26-4c49-a5e1-cd2d67dbedad@group-038E72117229: ConfigurationManager, init=-1: [08597d3a-6b69-4d75-a39e-e4e8ac9edde4:192.168.34.45:41890, 32d4d447-2d26-4c49-a5e1-cd2d67dbedad:192.168.34.45:40211, 2f653e4e-b4ea-4463-ba35-13c58c0a0d31:192.168.34.45:41897], old=null, confs=<EMPTY_MAP>
2019-11-13 04:06:50,127 [pool-163-thread-1] INFO  impl.RaftServerImpl (RaftServerImpl.java:<init>(98)) - 2f653e4e-b4ea-4463-ba35-13c58c0a0d31: new RaftServerImpl for group-038E72117229:[08597d3a-6b69-4d75-a39e-e4e8ac9edde4:192.168.34.45:41890, 32d4d447-2d26-4c49-a5e1-cd2d67dbedad:192.168.34.45:40211, 2f653e4e-b4ea-4463-ba35-13c58c0a0d31:192.168.34.45:41897] with ContainerStateMachine:uninitialized
2019-11-13 04:06:50,127 [pool-153-thread-1] INFO  server.RaftServerConfigKeys (ConfUtils.java:logGet(43)) - raft.server.storage.dir = [/workdir/hadoop-ozone/integration-test/target/test-dir/MiniOzoneClusterImpl-b85b6ab0-505c-4a5c-9cb9-9f0034e19733/datanode-0/data/ratis] (custom)
2019-11-13 04:06:50,127 [pool-163-thread-1] INFO  server.RaftServerConfigKeys (ConfUtils.java:logGet(43)) - raft.server.rpc.timeout.min = 1s (custom)
2019-11-13 04:06:50,127 [pool-163-thread-1] INFO  server.RaftServerConfigKeys (ConfUtils.java:logGet(43)) - raft.server.rpc.timeout.max = 1200ms (custom)
2019-11-13 04:06:50,127 [pool-153-thread-1] INFO  server.RaftServerConfigKeys (ConfUtils.java:logGet(43)) - raft.server.log.corruption.policy = EXCEPTION (default)
2019-11-13 04:06:50,127 [pool-163-thread-1] INFO  server.RaftServerConfigKeys (ConfUtils.java:logGet(43)) - raft.server.rpcslowness.timeout = 120s (custom)
2019-11-13 04:06:50,127 [pool-163-thread-1] INFO  server.RaftServerConfigKeys (ConfUtils.java:logGet(43)) - raft.server.sleep.deviation.threshold = 300 (default)
2019-11-13 04:06:50,127 [pool-153-thread-1] INFO  storage.RaftStorageDirectory (RaftStorageDirectory.java:analyzeStorage(246)) - The storage directory /workdir/hadoop-ozone/integration-test/target/test-dir/MiniOzoneClusterImpl-b85b6ab0-505c-4a5c-9cb9-9f0034e19733/datanode-0/data/ratis/0e07bcb2-5232-4789-9d6c-038e72117229 does not exist. Creating ...
2019-11-13 04:06:50,127 [pool-173-thread-1] INFO  impl.RaftServerImpl (RaftServerImpl.java:<init>(98)) - 08597d3a-6b69-4d75-a39e-e4e8ac9edde4: new RaftServerImpl for group-038E72117229:[08597d3a-6b69-4d75-a39e-e4e8ac9edde4:192.168.34.45:41890, 32d4d447-2d26-4c49-a5e1-cd2d67dbedad:192.168.34.45:40211, 2f653e4e-b4ea-4463-ba35-13c58c0a0d31:192.168.34.45:41897] with ContainerStateMachine:uninitialized
2019-11-13 04:06:50,128 [pool-163-thread-1] INFO  server.RaftServerConfigKeys (ConfUtils.java:logGet(43)) - raft.server.log.appender.install.snapshot.enabled = false (custom)
2019-11-13 04:06:50,128 [pool-173-thread-1] INFO  server.RaftServerConfigKeys (ConfUtils.java:logGet(43)) - raft.server.rpc.timeout.min = 1s (custom)
2019-11-13 04:06:50,128 [pool-163-thread-1] INFO  impl.RaftServerImpl (ServerState.java:<init>(103)) - 2f653e4e-b4ea-4463-ba35-13c58c0a0d31@group-038E72117229: ConfigurationManager, init=-1: [08597d3a-6b69-4d75-a39e-e4e8ac9edde4:192.168.34.45:41890, 32d4d447-2d26-4c49-a5e1-cd2d67dbedad:192.168.34.45:40211, 2f653e4e-b4ea-4463-ba35-13c58c0a0d31:192.168.34.45:41897], old=null, confs=<EMPTY_MAP>
2019-11-13 04:06:50,128 [pool-173-thread-1] INFO  server.RaftServerConfigKeys (ConfUtils.java:logGet(43)) - raft.server.rpc.timeout.max = 1200ms (custom)
2019-11-13 04:06:50,128 [pool-163-thread-1] INFO  server.RaftServerConfigKeys (ConfUtils.java:logGet(43)) - raft.server.storage.dir = [/workdir/hadoop-ozone/integration-test/target/test-dir/MiniOzoneClusterImpl-b85b6ab0-505c-4a5c-9cb9-9f0034e19733/datanode-1/data/ratis] (custom)
2019-11-13 04:06:50,128 [pool-173-thread-1] INFO  server.RaftServerConfigKeys (ConfUtils.java:logGet(43)) - raft.server.rpcslowness.timeout = 120s (custom)
2019-11-13 04:06:50,129 [pool-173-thread-1] INFO  server.RaftServerConfigKeys (ConfUtils.java:logGet(43)) - raft.server.sleep.deviation.threshold = 300 (default)
2019-11-13 04:06:50,129 [pool-163-thread-1] INFO  server.RaftServerConfigKeys (ConfUtils.java:logGet(43)) - raft.server.log.corruption.policy = EXCEPTION (default)
2019-11-13 04:06:50,129 [pool-173-thread-1] INFO  server.RaftServerConfigKeys (ConfUtils.java:logGet(43)) - raft.server.log.appender.install.snapshot.enabled = false (custom)
2019-11-13 04:06:50,129 [pool-173-thread-1] INFO  impl.RaftServerImpl (ServerState.java:<init>(103)) - 08597d3a-6b69-4d75-a39e-e4e8ac9edde4@group-038E72117229: ConfigurationManager, init=-1: [08597d3a-6b69-4d75-a39e-e4e8ac9edde4:192.168.34.45:41890, 32d4d447-2d26-4c49-a5e1-cd2d67dbedad:192.168.34.45:40211, 2f653e4e-b4ea-4463-ba35-13c58c0a0d31:192.168.34.45:41897], old=null, confs=<EMPTY_MAP>
2019-11-13 04:06:50,129 [pool-163-thread-1] INFO  storage.RaftStorageDirectory (RaftStorageDirectory.java:analyzeStorage(246)) - The storage directory /workdir/hadoop-ozone/integration-test/target/test-dir/MiniOzoneClusterImpl-b85b6ab0-505c-4a5c-9cb9-9f0034e19733/datanode-1/data/ratis/0e07bcb2-5232-4789-9d6c-038e72117229 does not exist. Creating ...
2019-11-13 04:06:50,129 [pool-173-thread-1] INFO  server.RaftServerConfigKeys (ConfUtils.java:logGet(43)) - raft.server.storage.dir = [/workdir/hadoop-ozone/integration-test/target/test-dir/MiniOzoneClusterImpl-b85b6ab0-505c-4a5c-9cb9-9f0034e19733/datanode-2/data/ratis] (custom)
2019-11-13 04:06:50,129 [pool-173-thread-1] INFO  server.RaftServerConfigKeys (ConfUtils.java:logGet(43)) - raft.server.log.corruption.policy = EXCEPTION (default)
2019-11-13 04:06:50,130 [pool-173-thread-1] INFO  storage.RaftStorageDirectory (RaftStorageDirectory.java:analyzeStorage(246)) - The storage directory /workdir/hadoop-ozone/integration-test/target/test-dir/MiniOzoneClusterImpl-b85b6ab0-505c-4a5c-9cb9-9f0034e19733/datanode-2/data/ratis/0e07bcb2-5232-4789-9d6c-038e72117229 does not exist. Creating ...
2019-11-13 04:06:50,153 [pool-163-thread-1] INFO  storage.RaftStorageDirectory (RaftStorageDirectory.java:tryLock(328)) - Lock on /workdir/hadoop-ozone/integration-test/target/test-dir/MiniOzoneClusterImpl-b85b6ab0-505c-4a5c-9cb9-9f0034e19733/datanode-1/data/ratis/0e07bcb2-5232-4789-9d6c-038e72117229/in_use.lock acquired by nodename 22723@trunk-nightly-20191113-wdxpm-1799726093
2019-11-13 04:06:50,153 [pool-153-thread-1] INFO  storage.RaftStorageDirectory (RaftStorageDirectory.java:tryLock(328)) - Lock on /workdir/hadoop-ozone/integration-test/target/test-dir/MiniOzoneClusterImpl-b85b6ab0-505c-4a5c-9cb9-9f0034e19733/datanode-0/data/ratis/0e07bcb2-5232-4789-9d6c-038e72117229/in_use.lock acquired by nodename 22723@trunk-nightly-20191113-wdxpm-1799726093
2019-11-13 04:06:50,153 [pool-173-thread-1] INFO  storage.RaftStorageDirectory (RaftStorageDirectory.java:tryLock(328)) - Lock on /workdir/hadoop-ozone/integration-test/target/test-dir/MiniOzoneClusterImpl-b85b6ab0-505c-4a5c-9cb9-9f0034e19733/datanode-2/data/ratis/0e07bcb2-5232-4789-9d6c-038e72117229/in_use.lock acquired by nodename 22723@trunk-nightly-20191113-wdxpm-1799726093
2019-11-13 04:06:50,196 [pool-173-thread-1] INFO  storage.RaftStorage (RaftStorage.java:format(84)) - Storage directory /workdir/hadoop-ozone/integration-test/target/test-dir/MiniOzoneClusterImpl-b85b6ab0-505c-4a5c-9cb9-9f0034e19733/datanode-2/data/ratis/0e07bcb2-5232-4789-9d6c-038e72117229 has been successfully formatted.
2019-11-13 04:06:50,196 [pool-153-thread-1] INFO  storage.RaftStorage (RaftStorage.java:format(84)) - Storage directory /workdir/hadoop-ozone/integration-test/target/test-dir/MiniOzoneClusterImpl-b85b6ab0-505c-4a5c-9cb9-9f0034e19733/datanode-0/data/ratis/0e07bcb2-5232-4789-9d6c-038e72117229 has been successfully formatted.
2019-11-13 04:06:50,196 [pool-163-thread-1] INFO  storage.RaftStorage (RaftStorage.java:format(84)) - Storage directory /workdir/hadoop-ozone/integration-test/target/test-dir/MiniOzoneClusterImpl-b85b6ab0-505c-4a5c-9cb9-9f0034e19733/datanode-1/data/ratis/0e07bcb2-5232-4789-9d6c-038e72117229 has been successfully formatted.
2019-11-13 04:06:50,197 [pool-153-thread-1] INFO  ratis.ContainerStateMachine (ContainerStateMachine.java:loadSnapshot(223)) - group-038E72117229: The snapshot info is null. Setting the last applied indexto:(t:0, i:~)
2019-11-13 04:06:50,196 [pool-173-thread-1] INFO  ratis.ContainerStateMachine (ContainerStateMachine.java:loadSnapshot(223)) - group-038E72117229: The snapshot info is null. Setting the last applied indexto:(t:0, i:~)
2019-11-13 04:06:50,197 [pool-153-thread-1] INFO  server.RaftServerConfigKeys (ConfUtils.java:logGet(43)) - raft.server.notification.no-leader.timeout = 120s (custom)
2019-11-13 04:06:50,197 [pool-163-thread-1] INFO  ratis.ContainerStateMachine (ContainerStateMachine.java:loadSnapshot(223)) - group-038E72117229: The snapshot info is null. Setting the last applied indexto:(t:0, i:~)
2019-11-13 04:06:50,197 [pool-153-thread-1] INFO  server.RaftServerConfigKeys (ConfUtils.java:logGet(43)) - raft.server.log.use.memory = false (default)
2019-11-13 04:06:50,197 [pool-173-thread-1] INFO  server.RaftServerConfigKeys (ConfUtils.java:logGet(43)) - raft.server.notification.no-leader.timeout = 120s (custom)
2019-11-13 04:06:50,197 [pool-153-thread-1] INFO  server.RaftServerConfigKeys (ConfUtils.java:logGet(43)) - raft.server.log.purge.gap = 1000000 (custom)
2019-11-13 04:06:50,197 [pool-163-thread-1] INFO  server.RaftServerConfigKeys (ConfUtils.java:logGet(43)) - raft.server.notification.no-leader.timeout = 120s (custom)
2019-11-13 04:06:50,197 [pool-153-thread-1] INFO  server.RaftServerConfigKeys (ConfUtils.java:logGet(43)) - raft.server.log.appender.buffer.byte-limit = 33554432 (custom)
2019-11-13 04:06:50,197 [pool-173-thread-1] INFO  server.RaftServerConfigKeys (ConfUtils.java:logGet(43)) - raft.server.log.use.memory = false (default)
2019-11-13 04:06:50,198 [pool-153-thread-1] INFO  server.RaftServerConfigKeys (ConfUtils.java:logGet(43)) - raft.server.log.segment.size.max = 1048576 (custom)
2019-11-13 04:06:50,198 [pool-163-thread-1] INFO  server.RaftServerConfigKeys (ConfUtils.java:logGet(43)) - raft.server.log.use.memory = false (default)
2019-11-13 04:06:50,198 [pool-153-thread-1] INFO  server.RaftServerConfigKeys (ConfUtils.java:logGet(43)) - raft.server.log.segment.cache.num.max = 2 (custom)
2019-11-13 04:06:50,198 [pool-173-thread-1] INFO  server.RaftServerConfigKeys (ConfUtils.java:logGet(43)) - raft.server.log.purge.gap = 1000000 (custom)
2019-11-13 04:06:50,198 [pool-153-thread-1] INFO  segmented.SegmentedRaftLogWorker (SegmentedRaftLogWorker.java:<init>(173)) - new 32d4d447-2d26-4c49-a5e1-cd2d67dbedad@group-038E72117229-SegmentedRaftLogWorker for RaftStorage:Storage Directory /workdir/hadoop-ozone/integration-test/target/test-dir/MiniOzoneClusterImpl-b85b6ab0-505c-4a5c-9cb9-9f0034e19733/datanode-0/data/ratis/0e07bcb2-5232-4789-9d6c-038e72117229
2019-11-13 04:06:50,198 [pool-163-thread-1] INFO  server.RaftServerConfigKeys (ConfUtils.java:logGet(43)) - raft.server.log.purge.gap = 1000000 (custom)
2019-11-13 04:06:50,198 [pool-153-thread-1] INFO  server.RaftServerConfigKeys (ConfUtils.java:logGet(43)) - raft.server.log.queue.byte-limit = 2147483647 (custom)
2019-11-13 04:06:50,199 [pool-153-thread-1] INFO  server.RaftServerConfigKeys (ConfUtils.java:logGet(43)) - raft.server.log.queue.element-limit = 1024 (custom)
2019-11-13 04:06:50,198 [pool-173-thread-1] INFO  server.RaftServerConfigKeys (ConfUtils.java:logGet(43)) - raft.server.log.appender.buffer.byte-limit = 33554432 (custom)
2019-11-13 04:06:50,199 [pool-153-thread-1] INFO  server.RaftServerConfigKeys (ConfUtils.java:logGet(43)) - raft.server.log.segment.size.max = 1048576 (custom)
2019-11-13 04:06:50,199 [pool-163-thread-1] INFO  server.RaftServerConfigKeys (ConfUtils.java:logGet(43)) - raft.server.log.appender.buffer.byte-limit = 33554432 (custom)
2019-11-13 04:06:50,199 [pool-153-thread-1] INFO  server.RaftServerConfigKeys (ConfUtils.java:logGet(43)) - raft.server.log.preallocated.size = 16384 (custom)
2019-11-13 04:06:50,199 [pool-153-thread-1] INFO  server.RaftServerConfigKeys (ConfUtils.java:logGet(43)) - raft.server.log.write.buffer.size = 33554432 (custom)
2019-11-13 04:06:50,199 [pool-173-thread-1] INFO  server.RaftServerConfigKeys (ConfUtils.java:logGet(43)) - raft.server.log.segment.size.max = 1048576 (custom)
2019-11-13 04:06:50,199 [pool-153-thread-1] INFO  server.RaftServerConfigKeys (ConfUtils.java:logGet(43)) - raft.server.log.force.sync.num = 128 (default)
2019-11-13 04:06:50,199 [pool-163-thread-1] INFO  server.RaftServerConfigKeys (ConfUtils.java:logGet(43)) - raft.server.log.segment.size.max = 1048576 (custom)
2019-11-13 04:06:50,200 [pool-153-thread-1] INFO  server.RaftServerConfigKeys (ConfUtils.java:logGet(43)) - raft.server.log.statemachine.data.sync = true (default)
2019-11-13 04:06:50,200 [pool-153-thread-1] INFO  server.RaftServerConfigKeys (ConfUtils.java:logGet(43)) - raft.server.log.statemachine.data.sync.timeout = 10s (default)
2019-11-13 04:06:50,200 [pool-173-thread-1] INFO  server.RaftServerConfigKeys (ConfUtils.java:logGet(43)) - raft.server.log.segment.cache.num.max = 2 (custom)
2019-11-13 04:06:50,200 [pool-153-thread-1] INFO  server.RaftServerConfigKeys (ConfUtils.java:logGet(43)) - raft.server.log.statemachine.data.sync.timeout.retry = -1 (default)
2019-11-13 04:06:50,200 [pool-163-thread-1] INFO  server.RaftServerConfigKeys (ConfUtils.java:logGet(43)) - raft.server.log.segment.cache.num.max = 2 (custom)
2019-11-13 04:06:50,200 [pool-153-thread-1] INFO  server.RaftServerConfigKeys (ConfUtils.java:logGet(43)) - raft.server.log.statemachine.data.caching.enabled = true (custom)
2019-11-13 04:06:50,200 [pool-173-thread-1] INFO  segmented.SegmentedRaftLogWorker (SegmentedRaftLogWorker.java:<init>(173)) - new 08597d3a-6b69-4d75-a39e-e4e8ac9edde4@group-038E72117229-SegmentedRaftLogWorker for RaftStorage:Storage Directory /workdir/hadoop-ozone/integration-test/target/test-dir/MiniOzoneClusterImpl-b85b6ab0-505c-4a5c-9cb9-9f0034e19733/datanode-2/data/ratis/0e07bcb2-5232-4789-9d6c-038e72117229
2019-11-13 04:06:50,201 [pool-163-thread-1] INFO  segmented.SegmentedRaftLogWorker (SegmentedRaftLogWorker.java:<init>(173)) - new 2f653e4e-b4ea-4463-ba35-13c58c0a0d31@group-038E72117229-SegmentedRaftLogWorker for RaftStorage:Storage Directory /workdir/hadoop-ozone/integration-test/target/test-dir/MiniOzoneClusterImpl-b85b6ab0-505c-4a5c-9cb9-9f0034e19733/datanode-1/data/ratis/0e07bcb2-5232-4789-9d6c-038e72117229
2019-11-13 04:06:50,201 [pool-153-thread-1] INFO  segmented.SegmentedRaftLogWorker (SegmentedRaftLogWorker.java:lambda$new$0(128)) - 32d4d447-2d26-4c49-a5e1-cd2d67dbedad@group-038E72117229-SegmentedRaftLogWorker: flushIndex: setUnconditionally 0 -> -1
2019-11-13 04:06:50,201 [pool-173-thread-1] INFO  server.RaftServerConfigKeys (ConfUtils.java:logGet(43)) - raft.server.log.queue.byte-limit = 2147483647 (custom)
2019-11-13 04:06:50,201 [pool-173-thread-1] INFO  server.RaftServerConfigKeys (ConfUtils.java:logGet(43)) - raft.server.log.queue.element-limit = 1024 (custom)
2019-11-13 04:06:50,201 [pool-163-thread-1] INFO  server.RaftServerConfigKeys (ConfUtils.java:logGet(43)) - raft.server.log.queue.byte-limit = 2147483647 (custom)
2019-11-13 04:06:50,201 [pool-173-thread-1] INFO  server.RaftServerConfigKeys (ConfUtils.java:logGet(43)) - raft.server.log.segment.size.max = 1048576 (custom)
2019-11-13 04:06:50,201 [pool-153-thread-1] INFO  server.RaftServerConfigKeys (ConfUtils.java:logGet(43)) - raft.server.snapshot.auto.trigger.enabled = true (custom)
2019-11-13 04:06:50,202 [pool-173-thread-1] INFO  server.RaftServerConfigKeys (ConfUtils.java:logGet(43)) - raft.server.log.preallocated.size = 16384 (custom)
2019-11-13 04:06:50,202 [pool-173-thread-1] INFO  server.RaftServerConfigKeys (ConfUtils.java:logGet(43)) - raft.server.log.write.buffer.size = 33554432 (custom)
2019-11-13 04:06:50,202 [pool-163-thread-1] INFO  server.RaftServerConfigKeys (ConfUtils.java:logGet(43)) - raft.server.log.queue.element-limit = 1024 (custom)
2019-11-13 04:06:50,202 [pool-173-thread-1] INFO  server.RaftServerConfigKeys (ConfUtils.java:logGet(43)) - raft.server.log.force.sync.num = 128 (default)
2019-11-13 04:06:50,202 [pool-153-thread-1] INFO  server.RaftServerConfigKeys (ConfUtils.java:logGet(43)) - raft.server.snapshot.auto.trigger.threshold = 10000 (custom)
2019-11-13 04:06:50,202 [pool-173-thread-1] INFO  server.RaftServerConfigKeys (ConfUtils.java:logGet(43)) - raft.server.log.statemachine.data.sync = true (default)
2019-11-13 04:06:50,202 [pool-163-thread-1] INFO  server.RaftServerConfigKeys (ConfUtils.java:logGet(43)) - raft.server.log.segment.size.max = 1048576 (custom)
2019-11-13 04:06:50,203 [pool-173-thread-1] INFO  server.RaftServerConfigKeys (ConfUtils.java:logGet(43)) - raft.server.log.statemachine.data.sync.timeout = 10s (default)
2019-11-13 04:06:50,203 [pool-173-thread-1] INFO  server.RaftServerConfigKeys (ConfUtils.java:logGet(43)) - raft.server.log.statemachine.data.sync.timeout.retry = -1 (default)
2019-11-13 04:06:50,202 [pool-153-thread-1] INFO  server.RaftServerConfigKeys (ConfUtils.java:logGet(43)) - raft.server.snapshot.retention.file.num = 5 (custom)
2019-11-13 04:06:50,203 [pool-173-thread-1] INFO  server.RaftServerConfigKeys (ConfUtils.java:logGet(43)) - raft.server.log.statemachine.data.caching.enabled = true (custom)
2019-11-13 04:06:50,203 [pool-163-thread-1] INFO  server.RaftServerConfigKeys (ConfUtils.java:logGet(43)) - raft.server.log.preallocated.size = 16384 (custom)
2019-11-13 04:06:50,203 [pool-173-thread-1] INFO  segmented.SegmentedRaftLogWorker (SegmentedRaftLogWorker.java:lambda$new$0(128)) - 08597d3a-6b69-4d75-a39e-e4e8ac9edde4@group-038E72117229-SegmentedRaftLogWorker: flushIndex: setUnconditionally 0 -> -1
2019-11-13 04:06:50,203 [pool-153-thread-1] INFO  server.RaftServerConfigKeys (ConfUtils.java:logGet(43)) - raft.server.retrycache.expirytime = 600000ms (custom)
2019-11-13 04:06:50,203 [pool-163-thread-1] INFO  server.RaftServerConfigKeys (ConfUtils.java:logGet(43)) - raft.server.log.write.buffer.size = 33554432 (custom)
2019-11-13 04:06:50,204 [pool-153-thread-1] WARN  impl.MetricRegistriesImpl (MetricRegistriesImpl.java:lambda$create$1(61)) - First MetricRegistry has been created without registering reporters. You may need to call MetricRegistries.global().addReportRegistration(...) before.
2019-11-13 04:06:50,204 [pool-173-thread-1] INFO  server.RaftServerConfigKeys (ConfUtils.java:logGet(43)) - raft.server.snapshot.auto.trigger.enabled = true (custom)
2019-11-13 04:06:50,204 [pool-153-thread-1] WARN  impl.MetricRegistriesImpl (MetricRegistriesImpl.java:lambda$create$1(61)) - First MetricRegistry has been created without registering reporters. You may need to call MetricRegistries.global().addReportRegistration(...) before.
2019-11-13 04:06:50,204 [pool-163-thread-1] INFO  server.RaftServerConfigKeys (ConfUtils.java:logGet(43)) - raft.server.log.force.sync.num = 128 (default)
2019-11-13 04:06:50,204 [pool-153-thread-1] INFO  impl.RaftServerImpl (RaftServerImpl.java:start(184)) - 32d4d447-2d26-4c49-a5e1-cd2d67dbedad@group-038E72117229: start as a follower, conf=-1: [08597d3a-6b69-4d75-a39e-e4e8ac9edde4:192.168.34.45:41890, 32d4d447-2d26-4c49-a5e1-cd2d67dbedad:192.168.34.45:40211, 2f653e4e-b4ea-4463-ba35-13c58c0a0d31:192.168.34.45:41897], old=null
2019-11-13 04:06:50,205 [pool-153-thread-1] INFO  impl.RaftServerImpl (RaftServerImpl.java:setRole(173)) - 32d4d447-2d26-4c49-a5e1-cd2d67dbedad@group-038E72117229: changes role from      null to FOLLOWER at term 0 for startAsFollower
2019-11-13 04:06:50,204 [pool-173-thread-1] INFO  server.RaftServerConfigKeys (ConfUtils.java:logGet(43)) - raft.server.snapshot.auto.trigger.threshold = 10000 (custom)
2019-11-13 04:06:50,205 [pool-153-thread-1] INFO  impl.RoleInfo (RoleInfo.java:updateAndGet(143)) - 32d4d447-2d26-4c49-a5e1-cd2d67dbedad: start FollowerState
2019-11-13 04:06:50,204 [pool-163-thread-1] INFO  server.RaftServerConfigKeys (ConfUtils.java:logGet(43)) - raft.server.log.statemachine.data.sync = true (default)
2019-11-13 04:06:50,205 [pool-173-thread-1] INFO  server.RaftServerConfigKeys (ConfUtils.java:logGet(43)) - raft.server.snapshot.retention.file.num = 5 (custom)
2019-11-13 04:06:50,205 [pool-153-thread-1] INFO  util.JmxRegister (JmxRegister.java:tryRegister(44)) - Successfully registered JMX Bean with object name Ratis:service=RaftServer,group=group-038E72117229,id=32d4d447-2d26-4c49-a5e1-cd2d67dbedad
2019-11-13 04:06:50,205 [pool-163-thread-1] INFO  server.RaftServerConfigKeys (ConfUtils.java:logGet(43)) - raft.server.log.statemachine.data.sync.timeout = 10s (default)
2019-11-13 04:06:50,205 [pool-153-thread-1] WARN  impl.MetricRegistriesImpl (MetricRegistriesImpl.java:lambda$create$1(61)) - First MetricRegistry has been created without registering reporters. You may need to call MetricRegistries.global().addReportRegistration(...) before.
2019-11-13 04:06:50,205 [pool-173-thread-1] INFO  server.RaftServerConfigKeys (ConfUtils.java:logGet(43)) - raft.server.retrycache.expirytime = 600000ms (custom)
2019-11-13 04:06:50,206 [pool-163-thread-1] INFO  server.RaftServerConfigKeys (ConfUtils.java:logGet(43)) - raft.server.log.statemachine.data.sync.timeout.retry = -1 (default)
2019-11-13 04:06:50,206 [pool-173-thread-1] WARN  impl.MetricRegistriesImpl (MetricRegistriesImpl.java:lambda$create$1(61)) - First MetricRegistry has been created without registering reporters. You may need to call MetricRegistries.global().addReportRegistration(...) before.
2019-11-13 04:06:50,206 [pool-173-thread-1] WARN  impl.MetricRegistriesImpl (MetricRegistriesImpl.java:lambda$create$1(61)) - First MetricRegistry has been created without registering reporters. You may need to call MetricRegistries.global().addReportRegistration(...) before.
2019-11-13 04:06:50,206 [pool-163-thread-1] INFO  server.RaftServerConfigKeys (ConfUtils.java:logGet(43)) - raft.server.log.statemachine.data.caching.enabled = true (custom)
2019-11-13 04:06:50,206 [pool-173-thread-1] INFO  impl.RaftServerImpl (RaftServerImpl.java:start(184)) - 08597d3a-6b69-4d75-a39e-e4e8ac9edde4@group-038E72117229: start as a follower, conf=-1: [08597d3a-6b69-4d75-a39e-e4e8ac9edde4:192.168.34.45:41890, 32d4d447-2d26-4c49-a5e1-cd2d67dbedad:192.168.34.45:40211, 2f653e4e-b4ea-4463-ba35-13c58c0a0d31:192.168.34.45:41897], old=null
2019-11-13 04:06:50,207 [pool-173-thread-1] INFO  impl.RaftServerImpl (RaftServerImpl.java:setRole(173)) - 08597d3a-6b69-4d75-a39e-e4e8ac9edde4@group-038E72117229: changes role from      null to FOLLOWER at term 0 for startAsFollower
2019-11-13 04:06:50,207 [pool-163-thread-1] INFO  segmented.SegmentedRaftLogWorker (SegmentedRaftLogWorker.java:lambda$new$0(128)) - 2f653e4e-b4ea-4463-ba35-13c58c0a0d31@group-038E72117229-SegmentedRaftLogWorker: flushIndex: setUnconditionally 0 -> -1
2019-11-13 04:06:50,207 [pool-173-thread-1] INFO  impl.RoleInfo (RoleInfo.java:updateAndGet(143)) - 08597d3a-6b69-4d75-a39e-e4e8ac9edde4: start FollowerState
2019-11-13 04:06:50,207 [pool-163-thread-1] INFO  server.RaftServerConfigKeys (ConfUtils.java:logGet(43)) - raft.server.snapshot.auto.trigger.enabled = true (custom)
2019-11-13 04:06:50,207 [pool-163-thread-1] INFO  server.RaftServerConfigKeys (ConfUtils.java:logGet(43)) - raft.server.snapshot.auto.trigger.threshold = 10000 (custom)
2019-11-13 04:06:50,207 [pool-173-thread-1] INFO  util.JmxRegister (JmxRegister.java:tryRegister(44)) - Successfully registered JMX Bean with object name Ratis:service=RaftServer,group=group-038E72117229,id=08597d3a-6b69-4d75-a39e-e4e8ac9edde4
2019-11-13 04:06:50,207 [pool-163-thread-1] INFO  server.RaftServerConfigKeys (ConfUtils.java:logGet(43)) - raft.server.snapshot.retention.file.num = 5 (custom)
2019-11-13 04:06:50,207 [pool-173-thread-1] WARN  impl.MetricRegistriesImpl (MetricRegistriesImpl.java:lambda$create$1(61)) - First MetricRegistry has been created without registering reporters. You may need to call MetricRegistries.global().addReportRegistration(...) before.
2019-11-13 04:06:50,208 [pool-163-thread-1] INFO  server.RaftServerConfigKeys (ConfUtils.java:logGet(43)) - raft.server.retrycache.expirytime = 600000ms (custom)
2019-11-13 04:06:50,208 [pool-163-thread-1] WARN  impl.MetricRegistriesImpl (MetricRegistriesImpl.java:lambda$create$1(61)) - First MetricRegistry has been created without registering reporters. You may need to call MetricRegistries.global().addReportRegistration(...) before.
2019-11-13 04:06:50,208 [pool-163-thread-1] WARN  impl.MetricRegistriesImpl (MetricRegistriesImpl.java:lambda$create$1(61)) - First MetricRegistry has been created without registering reporters. You may need to call MetricRegistries.global().addReportRegistration(...) before.
2019-11-13 04:06:50,208 [pool-163-thread-1] INFO  impl.RaftServerImpl (RaftServerImpl.java:start(184)) - 2f653e4e-b4ea-4463-ba35-13c58c0a0d31@group-038E72117229: start as a follower, conf=-1: [08597d3a-6b69-4d75-a39e-e4e8ac9edde4:192.168.34.45:41890, 32d4d447-2d26-4c49-a5e1-cd2d67dbedad:192.168.34.45:40211, 2f653e4e-b4ea-4463-ba35-13c58c0a0d31:192.168.34.45:41897], old=null
2019-11-13 04:06:50,208 [pool-163-thread-1] INFO  impl.RaftServerImpl (RaftServerImpl.java:setRole(173)) - 2f653e4e-b4ea-4463-ba35-13c58c0a0d31@group-038E72117229: changes role from      null to FOLLOWER at term 0 for startAsFollower
2019-11-13 04:06:50,209 [pool-163-thread-1] INFO  impl.RoleInfo (RoleInfo.java:updateAndGet(143)) - 2f653e4e-b4ea-4463-ba35-13c58c0a0d31: start FollowerState
2019-11-13 04:06:50,209 [pool-163-thread-1] INFO  util.JmxRegister (JmxRegister.java:tryRegister(44)) - Successfully registered JMX Bean with object name Ratis:service=RaftServer,group=group-038E72117229,id=2f653e4e-b4ea-4463-ba35-13c58c0a0d31
2019-11-13 04:06:50,209 [pool-163-thread-1] WARN  impl.MetricRegistriesImpl (MetricRegistriesImpl.java:lambda$create$1(61)) - First MetricRegistry has been created without registering reporters. You may need to call MetricRegistries.global().addReportRegistration(...) before.
2019-11-13 04:06:50,212 [RatisPipelineUtilsThread] INFO  pipeline.PipelineStateManager (PipelineStateManager.java:addPipeline(55)) - Created pipeline Pipeline[ Id: 0e07bcb2-5232-4789-9d6c-038e72117229, Nodes: 08597d3a-6b69-4d75-a39e-e4e8ac9edde4{ip: 192.168.34.45, host: trunk-nightly-20191113-wdxpm-1799726093, networkLocation: /default-rack, certSerialId: null}32d4d447-2d26-4c49-a5e1-cd2d67dbedad{ip: 192.168.34.45, host: trunk-nightly-20191113-wdxpm-1799726093, networkLocation: /default-rack, certSerialId: null}2f653e4e-b4ea-4463-ba35-13c58c0a0d31{ip: 192.168.34.45, host: trunk-nightly-20191113-wdxpm-1799726093, networkLocation: /default-rack, certSerialId: null}, Type:RATIS, Factor:THREE, State:ALLOCATED]
2019-11-13 04:06:50,212 [Thread-1613] INFO  pipeline.PipelineStateManager (PipelineStateManager.java:finalizePipeline(121)) - Pipeline Pipeline[ Id: 6d06dabb-9740-4089-972b-c9d6017facc4, Nodes: 2f653e4e-b4ea-4463-ba35-13c58c0a0d31{ip: 192.168.34.45, host: trunk-nightly-20191113-wdxpm-1799726093, networkLocation: /default-rack, certSerialId: null}, Type:RATIS, Factor:ONE, State:CLOSED] moved to CLOSED state
2019-11-13 04:06:50,216 [grpc-default-executor-0] INFO  impl.RaftServerProxy (RaftServerProxy.java:remove(95)) - 2f653e4e-b4ea-4463-ba35-13c58c0a0d31: remove    LEADER 2f653e4e-b4ea-4463-ba35-13c58c0a0d31@group-C9D6017FACC4:t1, leader=2f653e4e-b4ea-4463-ba35-13c58c0a0d31, voted=2f653e4e-b4ea-4463-ba35-13c58c0a0d31, raftlog=2f653e4e-b4ea-4463-ba35-13c58c0a0d31@group-C9D6017FACC4-SegmentedRaftLog:OPENED:c0,f0,i0, conf=0: [2f653e4e-b4ea-4463-ba35-13c58c0a0d31:192.168.34.45:41897], old=null RUNNING
2019-11-13 04:06:50,216 [grpc-default-executor-0] INFO  impl.RaftServerImpl (RaftServerImpl.java:lambda$shutdown$3(250)) - 2f653e4e-b4ea-4463-ba35-13c58c0a0d31@group-C9D6017FACC4: shutdown
2019-11-13 04:06:50,216 [grpc-default-executor-0] INFO  util.JmxRegister (JmxRegister.java:unregister(73)) - Successfully un-registered JMX Bean with object name Ratis:service=RaftServer,group=group-C9D6017FACC4,id=2f653e4e-b4ea-4463-ba35-13c58c0a0d31
2019-11-13 04:06:50,216 [grpc-default-executor-0] INFO  impl.RoleInfo (RoleInfo.java:shutdownLeaderState(104)) - 2f653e4e-b4ea-4463-ba35-13c58c0a0d31: shutdown LeaderState
2019-11-13 04:06:50,217 [grpc-default-executor-0] INFO  impl.PendingRequests (PendingRequests.java:sendNotLeaderResponses(206)) - 2f653e4e-b4ea-4463-ba35-13c58c0a0d31@group-C9D6017FACC4-PendingRequests: sendNotLeaderResponses
2019-11-13 04:06:50,217 [grpc-default-executor-0] INFO  impl.StateMachineUpdater (StateMachineUpdater.java:stopAndJoin(136)) - 2f653e4e-b4ea-4463-ba35-13c58c0a0d31@group-C9D6017FACC4-StateMachineUpdater: set stopIndex = 0
2019-11-13 04:06:50,217 [grpc-default-executor-0] INFO  impl.RaftServerImpl (ServerState.java:close(387)) - 2f653e4e-b4ea-4463-ba35-13c58c0a0d31@group-C9D6017FACC4: closes. applyIndex: 0
2019-11-13 04:06:50,218 [2f653e4e-b4ea-4463-ba35-13c58c0a0d31@group-C9D6017FACC4-SegmentedRaftLogWorker] INFO  segmented.SegmentedRaftLogWorker (SegmentedRaftLogWorker.java:run(316)) - 2f653e4e-b4ea-4463-ba35-13c58c0a0d31@group-C9D6017FACC4-SegmentedRaftLogWorker was interrupted, exiting. There are 0 tasks remaining in the queue.
2019-11-13 04:06:50,220 [grpc-default-executor-0] INFO  segmented.SegmentedRaftLogWorker (SegmentedRaftLogWorker.java:close(224)) - 2f653e4e-b4ea-4463-ba35-13c58c0a0d31@group-C9D6017FACC4-SegmentedRaftLogWorker close()
2019-11-13 04:06:50,225 [Thread-1613] INFO  pipeline.PipelineStateManager (PipelineStateManager.java:removePipeline(106)) - Pipeline Pipeline[ Id: 6d06dabb-9740-4089-972b-c9d6017facc4, Nodes: 2f653e4e-b4ea-4463-ba35-13c58c0a0d31{ip: 192.168.34.45, host: trunk-nightly-20191113-wdxpm-1799726093, networkLocation: /default-rack, certSerialId: null}, Type:RATIS, Factor:ONE, State:CLOSED] removed from db
2019-11-13 04:06:50,225 [Thread-1613] INFO  pipeline.SCMPipelineManager (SCMPipelineManager.java:finalizeAndDestroyPipeline(315)) - destroying pipeline:Pipeline[ Id: cb67979c-6813-439c-a01c-ec2942cdc5be, Nodes: 64d096e6-e0ae-4a1d-97a3-03513c91a164{ip: 192.168.34.45, host: trunk-nightly-20191113-wdxpm-1799726093, networkLocation: /default-rack, certSerialId: null}0cea8a44-7441-4692-92a5-de212c14b418{ip: 192.168.34.45, host: trunk-nightly-20191113-wdxpm-1799726093, networkLocation: /default-rack, certSerialId: null}50248509-472f-4b93-9431-0a6e6bd3eac0{ip: 192.168.34.45, host: trunk-nightly-20191113-wdxpm-1799726093, networkLocation: /default-rack, certSerialId: null}, Type:RATIS, Factor:THREE, State:OPEN]
2019-11-13 04:06:50,228 [grpc-default-executor-0] INFO  impl.RaftServerProxy (RaftServerProxy.java:addNew(89)) - 2f653e4e-b4ea-4463-ba35-13c58c0a0d31: addNew group-7C11F0772B2A:[2f653e4e-b4ea-4463-ba35-13c58c0a0d31:192.168.34.45:41897] returns group-7C11F0772B2A:java.util.concurrent.CompletableFuture@30f70423[Not completed]
2019-11-13 04:06:50,230 [pool-163-thread-1] INFO  impl.RaftServerImpl (RaftServerImpl.java:<init>(98)) - 2f653e4e-b4ea-4463-ba35-13c58c0a0d31: new RaftServerImpl for group-7C11F0772B2A:[2f653e4e-b4ea-4463-ba35-13c58c0a0d31:192.168.34.45:41897] with ContainerStateMachine:uninitialized
2019-11-13 04:06:50,230 [pool-163-thread-1] INFO  server.RaftServerConfigKeys (ConfUtils.java:logGet(43)) - raft.server.rpc.timeout.min = 1s (custom)
2019-11-13 04:06:50,230 [pool-163-thread-1] INFO  server.RaftServerConfigKeys (ConfUtils.java:logGet(43)) - raft.server.rpc.timeout.max = 1200ms (custom)
2019-11-13 04:06:50,230 [pool-163-thread-1] INFO  server.RaftServerConfigKeys (ConfUtils.java:logGet(43)) - raft.server.rpcslowness.timeout = 120s (custom)
2019-11-13 04:06:50,230 [pool-163-thread-1] INFO  server.RaftServerConfigKeys (ConfUtils.java:logGet(43)) - raft.server.sleep.deviation.threshold = 300 (default)
2019-11-13 04:06:50,230 [pool-163-thread-1] INFO  server.RaftServerConfigKeys (ConfUtils.java:logGet(43)) - raft.server.log.appender.install.snapshot.enabled = false (custom)
2019-11-13 04:06:50,230 [pool-163-thread-1] INFO  impl.RaftServerImpl (ServerState.java:<init>(103)) - 2f653e4e-b4ea-4463-ba35-13c58c0a0d31@group-7C11F0772B2A: ConfigurationManager, init=-1: [2f653e4e-b4ea-4463-ba35-13c58c0a0d31:192.168.34.45:41897], old=null, confs=<EMPTY_MAP>
2019-11-13 04:06:50,231 [pool-163-thread-1] INFO  server.RaftServerConfigKeys (ConfUtils.java:logGet(43)) - raft.server.storage.dir = [/workdir/hadoop-ozone/integration-test/target/test-dir/MiniOzoneClusterImpl-b85b6ab0-505c-4a5c-9cb9-9f0034e19733/datanode-1/data/ratis] (custom)
2019-11-13 04:06:50,231 [pool-163-thread-1] INFO  server.RaftServerConfigKeys (ConfUtils.java:logGet(43)) - raft.server.log.corruption.policy = EXCEPTION (default)
2019-11-13 04:06:50,231 [pool-163-thread-1] INFO  storage.RaftStorageDirectory (RaftStorageDirectory.java:analyzeStorage(246)) - The storage directory /workdir/hadoop-ozone/integration-test/target/test-dir/MiniOzoneClusterImpl-b85b6ab0-505c-4a5c-9cb9-9f0034e19733/datanode-1/data/ratis/d4131a40-74ea-460e-8fec-7c11f0772b2a does not exist. Creating ...
2019-11-13 04:06:50,256 [pool-163-thread-1] INFO  storage.RaftStorageDirectory (RaftStorageDirectory.java:tryLock(328)) - Lock on /workdir/hadoop-ozone/integration-test/target/test-dir/MiniOzoneClusterImpl-b85b6ab0-505c-4a5c-9cb9-9f0034e19733/datanode-1/data/ratis/d4131a40-74ea-460e-8fec-7c11f0772b2a/in_use.lock acquired by nodename 22723@trunk-nightly-20191113-wdxpm-1799726093
2019-11-13 04:06:50,269 [pool-163-thread-1] INFO  storage.RaftStorage (RaftStorage.java:format(84)) - Storage directory /workdir/hadoop-ozone/integration-test/target/test-dir/MiniOzoneClusterImpl-b85b6ab0-505c-4a5c-9cb9-9f0034e19733/datanode-1/data/ratis/d4131a40-74ea-460e-8fec-7c11f0772b2a has been successfully formatted.
2019-11-13 04:06:50,269 [pool-163-thread-1] INFO  ratis.ContainerStateMachine (ContainerStateMachine.java:loadSnapshot(223)) - group-7C11F0772B2A: The snapshot info is null. Setting the last applied indexto:(t:0, i:~)
2019-11-13 04:06:50,269 [pool-163-thread-1] INFO  server.RaftServerConfigKeys (ConfUtils.java:logGet(43)) - raft.server.notification.no-leader.timeout = 120s (custom)
2019-11-13 04:06:50,269 [pool-163-thread-1] INFO  server.RaftServerConfigKeys (ConfUtils.java:logGet(43)) - raft.server.log.use.memory = false (default)
2019-11-13 04:06:50,270 [pool-163-thread-1] INFO  server.RaftServerConfigKeys (ConfUtils.java:logGet(43)) - raft.server.log.purge.gap = 1000000 (custom)
2019-11-13 04:06:50,270 [pool-163-thread-1] INFO  server.RaftServerConfigKeys (ConfUtils.java:logGet(43)) - raft.server.log.appender.buffer.byte-limit = 33554432 (custom)
2019-11-13 04:06:50,270 [pool-163-thread-1] INFO  server.RaftServerConfigKeys (ConfUtils.java:logGet(43)) - raft.server.log.segment.size.max = 1048576 (custom)
2019-11-13 04:06:50,270 [pool-163-thread-1] INFO  server.RaftServerConfigKeys (ConfUtils.java:logGet(43)) - raft.server.log.segment.cache.num.max = 2 (custom)
2019-11-13 04:06:50,270 [pool-163-thread-1] INFO  segmented.SegmentedRaftLogWorker (SegmentedRaftLogWorker.java:<init>(173)) - new 2f653e4e-b4ea-4463-ba35-13c58c0a0d31@group-7C11F0772B2A-SegmentedRaftLogWorker for RaftStorage:Storage Directory /workdir/hadoop-ozone/integration-test/target/test-dir/MiniOzoneClusterImpl-b85b6ab0-505c-4a5c-9cb9-9f0034e19733/datanode-1/data/ratis/d4131a40-74ea-460e-8fec-7c11f0772b2a
2019-11-13 04:06:50,270 [pool-163-thread-1] INFO  server.RaftServerConfigKeys (ConfUtils.java:logGet(43)) - raft.server.log.queue.byte-limit = 2147483647 (custom)
2019-11-13 04:06:50,271 [pool-163-thread-1] INFO  server.RaftServerConfigKeys (ConfUtils.java:logGet(43)) - raft.server.log.queue.element-limit = 1024 (custom)
2019-11-13 04:06:50,271 [pool-163-thread-1] INFO  server.RaftServerConfigKeys (ConfUtils.java:logGet(43)) - raft.server.log.segment.size.max = 1048576 (custom)
2019-11-13 04:06:50,271 [pool-163-thread-1] INFO  server.RaftServerConfigKeys (ConfUtils.java:logGet(43)) - raft.server.log.preallocated.size = 16384 (custom)
2019-11-13 04:06:50,271 [pool-163-thread-1] INFO  server.RaftServerConfigKeys (ConfUtils.java:logGet(43)) - raft.server.log.write.buffer.size = 33554432 (custom)
2019-11-13 04:06:50,271 [pool-163-thread-1] INFO  server.RaftServerConfigKeys (ConfUtils.java:logGet(43)) - raft.server.log.force.sync.num = 128 (default)
2019-11-13 04:06:50,271 [pool-163-thread-1] INFO  server.RaftServerConfigKeys (ConfUtils.java:logGet(43)) - raft.server.log.statemachine.data.sync = true (default)
2019-11-13 04:06:50,271 [pool-163-thread-1] INFO  server.RaftServerConfigKeys (ConfUtils.java:logGet(43)) - raft.server.log.statemachine.data.sync.timeout = 10s (default)
2019-11-13 04:06:50,271 [pool-163-thread-1] INFO  server.RaftServerConfigKeys (ConfUtils.java:logGet(43)) - raft.server.log.statemachine.data.sync.timeout.retry = -1 (default)
2019-11-13 04:06:50,272 [pool-163-thread-1] INFO  server.RaftServerConfigKeys (ConfUtils.java:logGet(43)) - raft.server.log.statemachine.data.caching.enabled = true (custom)
2019-11-13 04:06:50,272 [pool-163-thread-1] INFO  segmented.SegmentedRaftLogWorker (SegmentedRaftLogWorker.java:lambda$new$0(128)) - 2f653e4e-b4ea-4463-ba35-13c58c0a0d31@group-7C11F0772B2A-SegmentedRaftLogWorker: flushIndex: setUnconditionally 0 -> -1
2019-11-13 04:06:50,272 [pool-163-thread-1] INFO  server.RaftServerConfigKeys (ConfUtils.java:logGet(43)) - raft.server.snapshot.auto.trigger.enabled = true (custom)
2019-11-13 04:06:50,272 [pool-163-thread-1] INFO  server.RaftServerConfigKeys (ConfUtils.java:logGet(43)) - raft.server.snapshot.auto.trigger.threshold = 10000 (custom)
2019-11-13 04:06:50,273 [pool-163-thread-1] INFO  server.RaftServerConfigKeys (ConfUtils.java:logGet(43)) - raft.server.snapshot.retention.file.num = 5 (custom)
2019-11-13 04:06:50,273 [pool-163-thread-1] INFO  server.RaftServerConfigKeys (ConfUtils.java:logGet(43)) - raft.server.retrycache.expirytime = 600000ms (custom)
2019-11-13 04:06:50,273 [pool-163-thread-1] WARN  impl.MetricRegistriesImpl (MetricRegistriesImpl.java:lambda$create$1(61)) - First MetricRegistry has been created without registering reporters. You may need to call MetricRegistries.global().addReportRegistration(...) before.
2019-11-13 04:06:50,273 [pool-163-thread-1] WARN  impl.MetricRegistriesImpl (MetricRegistriesImpl.java:lambda$create$1(61)) - First MetricRegistry has been created without registering reporters. You may need to call MetricRegistries.global().addReportRegistration(...) before.
2019-11-13 04:06:50,273 [pool-163-thread-1] INFO  impl.RaftServerImpl (RaftServerImpl.java:start(184)) - 2f653e4e-b4ea-4463-ba35-13c58c0a0d31@group-7C11F0772B2A: start as a follower, conf=-1: [2f653e4e-b4ea-4463-ba35-13c58c0a0d31:192.168.34.45:41897], old=null
2019-11-13 04:06:50,273 [pool-163-thread-1] INFO  impl.RaftServerImpl (RaftServerImpl.java:setRole(173)) - 2f653e4e-b4ea-4463-ba35-13c58c0a0d31@group-7C11F0772B2A: changes role from      null to FOLLOWER at term 0 for startAsFollower
2019-11-13 04:06:50,274 [pool-163-thread-1] INFO  impl.RoleInfo (RoleInfo.java:updateAndGet(143)) - 2f653e4e-b4ea-4463-ba35-13c58c0a0d31: start FollowerState
2019-11-13 04:06:50,274 [pool-163-thread-1] INFO  util.JmxRegister (JmxRegister.java:tryRegister(44)) - Successfully registered JMX Bean with object name Ratis:service=RaftServer,group=group-7C11F0772B2A,id=2f653e4e-b4ea-4463-ba35-13c58c0a0d31
2019-11-13 04:06:50,274 [pool-163-thread-1] WARN  impl.MetricRegistriesImpl (MetricRegistriesImpl.java:lambda$create$1(61)) - First MetricRegistry has been created without registering reporters. You may need to call MetricRegistries.global().addReportRegistration(...) before.
2019-11-13 04:06:50,276 [RatisPipelineUtilsThread] INFO  pipeline.PipelineStateManager (PipelineStateManager.java:addPipeline(55)) - Created pipeline Pipeline[ Id: d4131a40-74ea-460e-8fec-7c11f0772b2a, Nodes: 2f653e4e-b4ea-4463-ba35-13c58c0a0d31{ip: 192.168.34.45, host: trunk-nightly-20191113-wdxpm-1799726093, networkLocation: /default-rack, certSerialId: null}, Type:RATIS, Factor:ONE, State:ALLOCATED]
2019-11-13 04:06:50,277 [Thread-1613] INFO  pipeline.PipelineStateManager (PipelineStateManager.java:finalizePipeline(121)) - Pipeline Pipeline[ Id: cb67979c-6813-439c-a01c-ec2942cdc5be, Nodes: 64d096e6-e0ae-4a1d-97a3-03513c91a164{ip: 192.168.34.45, host: trunk-nightly-20191113-wdxpm-1799726093, networkLocation: /default-rack, certSerialId: null}0cea8a44-7441-4692-92a5-de212c14b418{ip: 192.168.34.45, host: trunk-nightly-20191113-wdxpm-1799726093, networkLocation: /default-rack, certSerialId: null}50248509-472f-4b93-9431-0a6e6bd3eac0{ip: 192.168.34.45, host: trunk-nightly-20191113-wdxpm-1799726093, networkLocation: /default-rack, certSerialId: null}, Type:RATIS, Factor:THREE, State:CLOSED] moved to CLOSED state
2019-11-13 04:06:50,281 [grpc-default-executor-7] INFO  impl.RaftServerProxy (RaftServerProxy.java:remove(95)) - 64d096e6-e0ae-4a1d-97a3-03513c91a164: remove    LEADER 64d096e6-e0ae-4a1d-97a3-03513c91a164@group-EC2942CDC5BE:t1, leader=64d096e6-e0ae-4a1d-97a3-03513c91a164, voted=64d096e6-e0ae-4a1d-97a3-03513c91a164, raftlog=64d096e6-e0ae-4a1d-97a3-03513c91a164@group-EC2942CDC5BE-SegmentedRaftLog:OPENED:c0,f0,i0, conf=0: [0cea8a44-7441-4692-92a5-de212c14b418:192.168.34.45:44463, 50248509-472f-4b93-9431-0a6e6bd3eac0:192.168.34.45:43078, 64d096e6-e0ae-4a1d-97a3-03513c91a164:192.168.34.45:39823], old=null RUNNING
2019-11-13 04:06:50,281 [grpc-default-executor-7] INFO  impl.RaftServerImpl (RaftServerImpl.java:lambda$shutdown$3(250)) - 64d096e6-e0ae-4a1d-97a3-03513c91a164@group-EC2942CDC5BE: shutdown
2019-11-13 04:06:50,282 [grpc-default-executor-7] INFO  util.JmxRegister (JmxRegister.java:unregister(73)) - Successfully un-registered JMX Bean with object name Ratis:service=RaftServer,group=group-EC2942CDC5BE,id=64d096e6-e0ae-4a1d-97a3-03513c91a164
2019-11-13 04:06:50,282 [grpc-default-executor-7] INFO  impl.RoleInfo (RoleInfo.java:shutdownLeaderState(104)) - 64d096e6-e0ae-4a1d-97a3-03513c91a164: shutdown LeaderState
2019-11-13 04:06:50,285 [grpc-default-executor-7] INFO  impl.PendingRequests (PendingRequests.java:sendNotLeaderResponses(206)) - 64d096e6-e0ae-4a1d-97a3-03513c91a164@group-EC2942CDC5BE-PendingRequests: sendNotLeaderResponses
2019-11-13 04:06:50,285 [org.apache.ratis.server.impl.LogAppender$AppenderDaemon$$Lambda$484/2065431704@18e0ba3c] WARN  server.GrpcLogAppender (GrpcLogAppender.java:mayWait(151)) - 64d096e6-e0ae-4a1d-97a3-03513c91a164@group-EC2942CDC5BE->0cea8a44-7441-4692-92a5-de212c14b418-GrpcLogAppender: Wait interrupted by java.lang.InterruptedException
2019-11-13 04:06:50,285 [org.apache.ratis.server.impl.LogAppender$AppenderDaemon$$Lambda$484/2065431704@5de22744] WARN  server.GrpcLogAppender (GrpcLogAppender.java:mayWait(151)) - 64d096e6-e0ae-4a1d-97a3-03513c91a164@group-EC2942CDC5BE->50248509-472f-4b93-9431-0a6e6bd3eac0-GrpcLogAppender: Wait interrupted by java.lang.InterruptedException
2019-11-13 04:06:50,285 [grpc-default-executor-7] INFO  impl.StateMachineUpdater (StateMachineUpdater.java:stopAndJoin(136)) - 64d096e6-e0ae-4a1d-97a3-03513c91a164@group-EC2942CDC5BE-StateMachineUpdater: set stopIndex = 0
2019-11-13 04:06:50,285 [grpc-default-executor-7] INFO  impl.RaftServerImpl (ServerState.java:close(387)) - 64d096e6-e0ae-4a1d-97a3-03513c91a164@group-EC2942CDC5BE: closes. applyIndex: 0
2019-11-13 04:06:50,285 [grpc-default-executor-0] INFO  server.GrpcServerProtocolService (GrpcServerProtocolService.java:onCompleted(113)) - 0cea8a44-7441-4692-92a5-de212c14b418: Completed APPEND_ENTRIES, lastRequest: 64d096e6-e0ae-4a1d-97a3-03513c91a164->0cea8a44-7441-4692-92a5-de212c14b418#4-t1, previous=(t:1, i:0), leaderCommit=0, initializing? false, entries: <empty>
2019-11-13 04:06:50,286 [grpc-default-executor-4] INFO  server.GrpcServerProtocolService (GrpcServerProtocolService.java:onCompleted(113)) - 50248509-472f-4b93-9431-0a6e6bd3eac0: Completed APPEND_ENTRIES, lastRequest: 64d096e6-e0ae-4a1d-97a3-03513c91a164->50248509-472f-4b93-9431-0a6e6bd3eac0#4-t1, previous=(t:1, i:0), leaderCommit=0, initializing? false, entries: <empty>
2019-11-13 04:06:50,286 [64d096e6-e0ae-4a1d-97a3-03513c91a164@group-EC2942CDC5BE-SegmentedRaftLogWorker] INFO  segmented.SegmentedRaftLogWorker (SegmentedRaftLogWorker.java:run(316)) - 64d096e6-e0ae-4a1d-97a3-03513c91a164@group-EC2942CDC5BE-SegmentedRaftLogWorker was interrupted, exiting. There are 0 tasks remaining in the queue.
2019-11-13 04:06:50,288 [grpc-default-executor-7] INFO  segmented.SegmentedRaftLogWorker (SegmentedRaftLogWorker.java:close(224)) - 64d096e6-e0ae-4a1d-97a3-03513c91a164@group-EC2942CDC5BE-SegmentedRaftLogWorker close()
2019-11-13 04:06:50,288 [grpc-default-executor-0] INFO  server.GrpcLogAppender (GrpcLogAppender.java:onCompleted(308)) - 64d096e6-e0ae-4a1d-97a3-03513c91a164@group-EC2942CDC5BE->0cea8a44-7441-4692-92a5-de212c14b418-AppendLogResponseHandler: follower responses appendEntries COMPLETED
2019-11-13 04:06:50,291 [grpc-default-executor-4] INFO  server.GrpcLogAppender (GrpcLogAppender.java:onCompleted(308)) - 64d096e6-e0ae-4a1d-97a3-03513c91a164@group-EC2942CDC5BE->50248509-472f-4b93-9431-0a6e6bd3eac0-AppendLogResponseHandler: follower responses appendEntries COMPLETED
2019-11-13 04:06:50,291 [grpc-default-executor-0] INFO  impl.FollowerInfo (FollowerInfo.java:lambda$new$0(51)) - 64d096e6-e0ae-4a1d-97a3-03513c91a164@group-EC2942CDC5BE->0cea8a44-7441-4692-92a5-de212c14b418: nextIndex: updateUnconditionally 1 -> 0
2019-11-13 04:06:50,292 [grpc-default-executor-4] INFO  impl.FollowerInfo (FollowerInfo.java:lambda$new$0(51)) - 64d096e6-e0ae-4a1d-97a3-03513c91a164@group-EC2942CDC5BE->50248509-472f-4b93-9431-0a6e6bd3eac0: nextIndex: updateUnconditionally 1 -> 0
2019-11-13 04:06:50,296 [grpc-default-executor-4] INFO  impl.RaftServerProxy (RaftServerProxy.java:remove(95)) - 0cea8a44-7441-4692-92a5-de212c14b418: remove  FOLLOWER 0cea8a44-7441-4692-92a5-de212c14b418@group-EC2942CDC5BE:t1, leader=64d096e6-e0ae-4a1d-97a3-03513c91a164, voted=64d096e6-e0ae-4a1d-97a3-03513c91a164, raftlog=0cea8a44-7441-4692-92a5-de212c14b418@group-EC2942CDC5BE-SegmentedRaftLog:OPENED:c0,f0,i0, conf=0: [0cea8a44-7441-4692-92a5-de212c14b418:192.168.34.45:44463, 50248509-472f-4b93-9431-0a6e6bd3eac0:192.168.34.45:43078, 64d096e6-e0ae-4a1d-97a3-03513c91a164:192.168.34.45:39823], old=null RUNNING
2019-11-13 04:06:50,296 [grpc-default-executor-4] INFO  impl.RaftServerImpl (RaftServerImpl.java:lambda$shutdown$3(250)) - 0cea8a44-7441-4692-92a5-de212c14b418@group-EC2942CDC5BE: shutdown
2019-11-13 04:06:50,296 [grpc-default-executor-4] INFO  util.JmxRegister (JmxRegister.java:unregister(73)) - Successfully un-registered JMX Bean with object name Ratis:service=RaftServer,group=group-EC2942CDC5BE,id=0cea8a44-7441-4692-92a5-de212c14b418
2019-11-13 04:06:50,296 [grpc-default-executor-4] INFO  impl.RoleInfo (RoleInfo.java:shutdownFollowerState(121)) - 0cea8a44-7441-4692-92a5-de212c14b418: shutdown FollowerState
2019-11-13 04:06:50,297 [grpc-default-executor-4] INFO  impl.StateMachineUpdater (StateMachineUpdater.java:stopAndJoin(136)) - 0cea8a44-7441-4692-92a5-de212c14b418@group-EC2942CDC5BE-StateMachineUpdater: set stopIndex = 0
2019-11-13 04:06:50,297 [Thread-1683] INFO  impl.FollowerState (FollowerState.java:run(120)) - 0cea8a44-7441-4692-92a5-de212c14b418@group-EC2942CDC5BE-FollowerState was interrupted: java.lang.InterruptedException: sleep interrupted
2019-11-13 04:06:50,297 [grpc-default-executor-4] INFO  impl.RaftServerImpl (ServerState.java:close(387)) - 0cea8a44-7441-4692-92a5-de212c14b418@group-EC2942CDC5BE: closes. applyIndex: 0
2019-11-13 04:06:50,297 [0cea8a44-7441-4692-92a5-de212c14b418@group-EC2942CDC5BE-SegmentedRaftLogWorker] INFO  segmented.SegmentedRaftLogWorker (SegmentedRaftLogWorker.java:run(316)) - 0cea8a44-7441-4692-92a5-de212c14b418@group-EC2942CDC5BE-SegmentedRaftLogWorker was interrupted, exiting. There are 0 tasks remaining in the queue.
2019-11-13 04:06:50,299 [grpc-default-executor-4] INFO  segmented.SegmentedRaftLogWorker (SegmentedRaftLogWorker.java:close(224)) - 0cea8a44-7441-4692-92a5-de212c14b418@group-EC2942CDC5BE-SegmentedRaftLogWorker close()
2019-11-13 04:06:50,307 [grpc-default-executor-4] INFO  impl.RaftServerProxy (RaftServerProxy.java:remove(95)) - 50248509-472f-4b93-9431-0a6e6bd3eac0: remove  FOLLOWER 50248509-472f-4b93-9431-0a6e6bd3eac0@group-EC2942CDC5BE:t1, leader=64d096e6-e0ae-4a1d-97a3-03513c91a164, voted=50248509-472f-4b93-9431-0a6e6bd3eac0, raftlog=50248509-472f-4b93-9431-0a6e6bd3eac0@group-EC2942CDC5BE-SegmentedRaftLog:OPENED:c0,f0,i0, conf=0: [0cea8a44-7441-4692-92a5-de212c14b418:192.168.34.45:44463, 50248509-472f-4b93-9431-0a6e6bd3eac0:192.168.34.45:43078, 64d096e6-e0ae-4a1d-97a3-03513c91a164:192.168.34.45:39823], old=null RUNNING
2019-11-13 04:06:50,308 [grpc-default-executor-4] INFO  impl.RaftServerImpl (RaftServerImpl.java:lambda$shutdown$3(250)) - 50248509-472f-4b93-9431-0a6e6bd3eac0@group-EC2942CDC5BE: shutdown
2019-11-13 04:06:50,308 [grpc-default-executor-4] INFO  util.JmxRegister (JmxRegister.java:unregister(73)) - Successfully un-registered JMX Bean with object name Ratis:service=RaftServer,group=group-EC2942CDC5BE,id=50248509-472f-4b93-9431-0a6e6bd3eac0
2019-11-13 04:06:50,308 [grpc-default-executor-4] INFO  impl.RoleInfo (RoleInfo.java:shutdownFollowerState(121)) - 50248509-472f-4b93-9431-0a6e6bd3eac0: shutdown FollowerState
2019-11-13 04:06:50,308 [grpc-default-executor-4] INFO  impl.StateMachineUpdater (StateMachineUpdater.java:stopAndJoin(136)) - 50248509-472f-4b93-9431-0a6e6bd3eac0@group-EC2942CDC5BE-StateMachineUpdater: set stopIndex = 0
2019-11-13 04:06:50,308 [Thread-1690] INFO  impl.FollowerState (FollowerState.java:run(120)) - 50248509-472f-4b93-9431-0a6e6bd3eac0@group-EC2942CDC5BE-FollowerState was interrupted: java.lang.InterruptedException: sleep interrupted
2019-11-13 04:06:50,308 [grpc-default-executor-4] INFO  impl.RaftServerImpl (ServerState.java:close(387)) - 50248509-472f-4b93-9431-0a6e6bd3eac0@group-EC2942CDC5BE: closes. applyIndex: 0
2019-11-13 04:06:50,309 [50248509-472f-4b93-9431-0a6e6bd3eac0@group-EC2942CDC5BE-SegmentedRaftLogWorker] INFO  segmented.SegmentedRaftLogWorker (SegmentedRaftLogWorker.java:run(316)) - 50248509-472f-4b93-9431-0a6e6bd3eac0@group-EC2942CDC5BE-SegmentedRaftLogWorker was interrupted, exiting. There are 0 tasks remaining in the queue.
2019-11-13 04:06:50,310 [grpc-default-executor-4] INFO  segmented.SegmentedRaftLogWorker (SegmentedRaftLogWorker.java:close(224)) - 50248509-472f-4b93-9431-0a6e6bd3eac0@group-EC2942CDC5BE-SegmentedRaftLogWorker close()
2019-11-13 04:06:50,315 [Thread-1613] INFO  pipeline.PipelineStateManager (PipelineStateManager.java:removePipeline(106)) - Pipeline Pipeline[ Id: cb67979c-6813-439c-a01c-ec2942cdc5be, Nodes: 64d096e6-e0ae-4a1d-97a3-03513c91a164{ip: 192.168.34.45, host: trunk-nightly-20191113-wdxpm-1799726093, networkLocation: /default-rack, certSerialId: null}0cea8a44-7441-4692-92a5-de212c14b418{ip: 192.168.34.45, host: trunk-nightly-20191113-wdxpm-1799726093, networkLocation: /default-rack, certSerialId: null}50248509-472f-4b93-9431-0a6e6bd3eac0{ip: 192.168.34.45, host: trunk-nightly-20191113-wdxpm-1799726093, networkLocation: /default-rack, certSerialId: null}, Type:RATIS, Factor:THREE, State:CLOSED] removed from db
2019-11-13 04:06:50,316 [Thread-1613] INFO  pipeline.SCMPipelineManager (SCMPipelineManager.java:finalizeAndDestroyPipeline(315)) - destroying pipeline:Pipeline[ Id: 88486e0b-6a7f-4b97-8334-88643d60a7ef, Nodes: 08597d3a-6b69-4d75-a39e-e4e8ac9edde4{ip: 192.168.34.45, host: trunk-nightly-20191113-wdxpm-1799726093, networkLocation: /default-rack, certSerialId: null}, Type:RATIS, Factor:ONE, State:OPEN]
2019-11-13 04:06:50,321 [grpc-default-executor-0] INFO  impl.RaftServerProxy (RaftServerProxy.java:addNew(89)) - 50248509-472f-4b93-9431-0a6e6bd3eac0: addNew group-609D232F86F7:[0cea8a44-7441-4692-92a5-de212c14b418:192.168.34.45:44463, 50248509-472f-4b93-9431-0a6e6bd3eac0:192.168.34.45:43078, 64d096e6-e0ae-4a1d-97a3-03513c91a164:192.168.34.45:39823] returns group-609D232F86F7:java.util.concurrent.CompletableFuture@3676871[Not completed]
2019-11-13 04:06:50,322 [grpc-default-executor-4] INFO  impl.RaftServerProxy (RaftServerProxy.java:addNew(89)) - 0cea8a44-7441-4692-92a5-de212c14b418: addNew group-609D232F86F7:[0cea8a44-7441-4692-92a5-de212c14b418:192.168.34.45:44463, 50248509-472f-4b93-9431-0a6e6bd3eac0:192.168.34.45:43078, 64d096e6-e0ae-4a1d-97a3-03513c91a164:192.168.34.45:39823] returns group-609D232F86F7:java.util.concurrent.CompletableFuture@1cc358b9[Not completed]
2019-11-13 04:06:50,322 [grpc-default-executor-0] INFO  impl.RaftServerProxy (RaftServerProxy.java:addNew(89)) - 64d096e6-e0ae-4a1d-97a3-03513c91a164: addNew group-609D232F86F7:[0cea8a44-7441-4692-92a5-de212c14b418:192.168.34.45:44463, 50248509-472f-4b93-9431-0a6e6bd3eac0:192.168.34.45:43078, 64d096e6-e0ae-4a1d-97a3-03513c91a164:192.168.34.45:39823] returns group-609D232F86F7:java.util.concurrent.CompletableFuture@234a4f92[Not completed]
2019-11-13 04:06:50,323 [pool-193-thread-1] INFO  impl.RaftServerImpl (RaftServerImpl.java:<init>(98)) - 50248509-472f-4b93-9431-0a6e6bd3eac0: new RaftServerImpl for group-609D232F86F7:[0cea8a44-7441-4692-92a5-de212c14b418:192.168.34.45:44463, 50248509-472f-4b93-9431-0a6e6bd3eac0:192.168.34.45:43078, 64d096e6-e0ae-4a1d-97a3-03513c91a164:192.168.34.45:39823] with ContainerStateMachine:uninitialized
2019-11-13 04:06:50,323 [pool-193-thread-1] INFO  server.RaftServerConfigKeys (ConfUtils.java:logGet(43)) - raft.server.rpc.timeout.min = 1s (custom)
2019-11-13 04:06:50,323 [pool-193-thread-1] INFO  server.RaftServerConfigKeys (ConfUtils.java:logGet(43)) - raft.server.rpc.timeout.max = 1200ms (custom)
2019-11-13 04:06:50,323 [pool-193-thread-1] INFO  server.RaftServerConfigKeys (ConfUtils.java:logGet(43)) - raft.server.rpcslowness.timeout = 120s (custom)
2019-11-13 04:06:50,323 [pool-193-thread-1] INFO  server.RaftServerConfigKeys (ConfUtils.java:logGet(43)) - raft.server.sleep.deviation.threshold = 300 (default)
2019-11-13 04:06:50,323 [pool-193-thread-1] INFO  server.RaftServerConfigKeys (ConfUtils.java:logGet(43)) - raft.server.log.appender.install.snapshot.enabled = false (custom)
2019-11-13 04:06:50,323 [pool-203-thread-1] INFO  impl.RaftServerImpl (RaftServerImpl.java:<init>(98)) - 64d096e6-e0ae-4a1d-97a3-03513c91a164: new RaftServerImpl for group-609D232F86F7:[0cea8a44-7441-4692-92a5-de212c14b418:192.168.34.45:44463, 50248509-472f-4b93-9431-0a6e6bd3eac0:192.168.34.45:43078, 64d096e6-e0ae-4a1d-97a3-03513c91a164:192.168.34.45:39823] with ContainerStateMachine:uninitialized
2019-11-13 04:06:50,323 [pool-193-thread-1] INFO  impl.RaftServerImpl (ServerState.java:<init>(103)) - 50248509-472f-4b93-9431-0a6e6bd3eac0@group-609D232F86F7: ConfigurationManager, init=-1: [0cea8a44-7441-4692-92a5-de212c14b418:192.168.34.45:44463, 50248509-472f-4b93-9431-0a6e6bd3eac0:192.168.34.45:43078, 64d096e6-e0ae-4a1d-97a3-03513c91a164:192.168.34.45:39823], old=null, confs=<EMPTY_MAP>
2019-11-13 04:06:50,323 [pool-203-thread-1] INFO  server.RaftServerConfigKeys (ConfUtils.java:logGet(43)) - raft.server.rpc.timeout.min = 1s (custom)
2019-11-13 04:06:50,324 [pool-193-thread-1] INFO  server.RaftServerConfigKeys (ConfUtils.java:logGet(43)) - raft.server.storage.dir = [/workdir/hadoop-ozone/integration-test/target/test-dir/MiniOzoneClusterImpl-b85b6ab0-505c-4a5c-9cb9-9f0034e19733/datanode-4/data/ratis] (custom)
2019-11-13 04:06:50,324 [pool-203-thread-1] INFO  server.RaftServerConfigKeys (ConfUtils.java:logGet(43)) - raft.server.rpc.timeout.max = 1200ms (custom)
2019-11-13 04:06:50,324 [pool-203-thread-1] INFO  server.RaftServerConfigKeys (ConfUtils.java:logGet(43)) - raft.server.rpcslowness.timeout = 120s (custom)
2019-11-13 04:06:50,324 [pool-193-thread-1] INFO  server.RaftServerConfigKeys (ConfUtils.java:logGet(43)) - raft.server.log.corruption.policy = EXCEPTION (default)
2019-11-13 04:06:50,324 [pool-203-thread-1] INFO  server.RaftServerConfigKeys (ConfUtils.java:logGet(43)) - raft.server.sleep.deviation.threshold = 300 (default)
2019-11-13 04:06:50,324 [pool-183-thread-1] INFO  impl.RaftServerImpl (RaftServerImpl.java:<init>(98)) - 0cea8a44-7441-4692-92a5-de212c14b418: new RaftServerImpl for group-609D232F86F7:[0cea8a44-7441-4692-92a5-de212c14b418:192.168.34.45:44463, 50248509-472f-4b93-9431-0a6e6bd3eac0:192.168.34.45:43078, 64d096e6-e0ae-4a1d-97a3-03513c91a164:192.168.34.45:39823] with ContainerStateMachine:uninitialized
2019-11-13 04:06:50,324 [pool-193-thread-1] INFO  storage.RaftStorageDirectory (RaftStorageDirectory.java:analyzeStorage(246)) - The storage directory /workdir/hadoop-ozone/integration-test/target/test-dir/MiniOzoneClusterImpl-b85b6ab0-505c-4a5c-9cb9-9f0034e19733/datanode-4/data/ratis/8243ce47-6178-4727-9f9a-609d232f86f7 does not exist. Creating ...
2019-11-13 04:06:50,324 [pool-203-thread-1] INFO  server.RaftServerConfigKeys (ConfUtils.java:logGet(43)) - raft.server.log.appender.install.snapshot.enabled = false (custom)
2019-11-13 04:06:50,324 [pool-183-thread-1] INFO  server.RaftServerConfigKeys (ConfUtils.java:logGet(43)) - raft.server.rpc.timeout.min = 1s (custom)
2019-11-13 04:06:50,324 [pool-203-thread-1] INFO  impl.RaftServerImpl (ServerState.java:<init>(103)) - 64d096e6-e0ae-4a1d-97a3-03513c91a164@group-609D232F86F7: ConfigurationManager, init=-1: [0cea8a44-7441-4692-92a5-de212c14b418:192.168.34.45:44463, 50248509-472f-4b93-9431-0a6e6bd3eac0:192.168.34.45:43078, 64d096e6-e0ae-4a1d-97a3-03513c91a164:192.168.34.45:39823], old=null, confs=<EMPTY_MAP>
2019-11-13 04:06:50,325 [pool-183-thread-1] INFO  server.RaftServerConfigKeys (ConfUtils.java:logGet(43)) - raft.server.rpc.timeout.max = 1200ms (custom)
2019-11-13 04:06:50,325 [pool-203-thread-1] INFO  server.RaftServerConfigKeys (ConfUtils.java:logGet(43)) - raft.server.storage.dir = [/workdir/hadoop-ozone/integration-test/target/test-dir/MiniOzoneClusterImpl-b85b6ab0-505c-4a5c-9cb9-9f0034e19733/datanode-5/data/ratis] (custom)
2019-11-13 04:06:50,325 [pool-183-thread-1] INFO  server.RaftServerConfigKeys (ConfUtils.java:logGet(43)) - raft.server.rpcslowness.timeout = 120s (custom)
2019-11-13 04:06:50,325 [pool-183-thread-1] INFO  server.RaftServerConfigKeys (ConfUtils.java:logGet(43)) - raft.server.sleep.deviation.threshold = 300 (default)
2019-11-13 04:06:50,325 [pool-203-thread-1] INFO  server.RaftServerConfigKeys (ConfUtils.java:logGet(43)) - raft.server.log.corruption.policy = EXCEPTION (default)
2019-11-13 04:06:50,325 [pool-183-thread-1] INFO  server.RaftServerConfigKeys (ConfUtils.java:logGet(43)) - raft.server.log.appender.install.snapshot.enabled = false (custom)
2019-11-13 04:06:50,325 [pool-203-thread-1] INFO  storage.RaftStorageDirectory (RaftStorageDirectory.java:analyzeStorage(246)) - The storage directory /workdir/hadoop-ozone/integration-test/target/test-dir/MiniOzoneClusterImpl-b85b6ab0-505c-4a5c-9cb9-9f0034e19733/datanode-5/data/ratis/8243ce47-6178-4727-9f9a-609d232f86f7 does not exist. Creating ...
2019-11-13 04:06:50,325 [pool-183-thread-1] INFO  impl.RaftServerImpl (ServerState.java:<init>(103)) - 0cea8a44-7441-4692-92a5-de212c14b418@group-609D232F86F7: ConfigurationManager, init=-1: [0cea8a44-7441-4692-92a5-de212c14b418:192.168.34.45:44463, 50248509-472f-4b93-9431-0a6e6bd3eac0:192.168.34.45:43078, 64d096e6-e0ae-4a1d-97a3-03513c91a164:192.168.34.45:39823], old=null, confs=<EMPTY_MAP>
2019-11-13 04:06:50,326 [pool-183-thread-1] INFO  server.RaftServerConfigKeys (ConfUtils.java:logGet(43)) - raft.server.storage.dir = [/workdir/hadoop-ozone/integration-test/target/test-dir/MiniOzoneClusterImpl-b85b6ab0-505c-4a5c-9cb9-9f0034e19733/datanode-3/data/ratis] (custom)
2019-11-13 04:06:50,326 [pool-183-thread-1] INFO  server.RaftServerConfigKeys (ConfUtils.java:logGet(43)) - raft.server.log.corruption.policy = EXCEPTION (default)
2019-11-13 04:06:50,326 [pool-183-thread-1] INFO  storage.RaftStorageDirectory (RaftStorageDirectory.java:analyzeStorage(246)) - The storage directory /workdir/hadoop-ozone/integration-test/target/test-dir/MiniOzoneClusterImpl-b85b6ab0-505c-4a5c-9cb9-9f0034e19733/datanode-3/data/ratis/8243ce47-6178-4727-9f9a-609d232f86f7 does not exist. Creating ...
2019-11-13 04:06:50,337 [pool-183-thread-1] INFO  storage.RaftStorageDirectory (RaftStorageDirectory.java:tryLock(328)) - Lock on /workdir/hadoop-ozone/integration-test/target/test-dir/MiniOzoneClusterImpl-b85b6ab0-505c-4a5c-9cb9-9f0034e19733/datanode-3/data/ratis/8243ce47-6178-4727-9f9a-609d232f86f7/in_use.lock acquired by nodename 22723@trunk-nightly-20191113-wdxpm-1799726093
2019-11-13 04:06:50,337 [pool-203-thread-1] INFO  storage.RaftStorageDirectory (RaftStorageDirectory.java:tryLock(328)) - Lock on /workdir/hadoop-ozone/integration-test/target/test-dir/MiniOzoneClusterImpl-b85b6ab0-505c-4a5c-9cb9-9f0034e19733/datanode-5/data/ratis/8243ce47-6178-4727-9f9a-609d232f86f7/in_use.lock acquired by nodename 22723@trunk-nightly-20191113-wdxpm-1799726093
2019-11-13 04:06:50,337 [pool-193-thread-1] INFO  storage.RaftStorageDirectory (RaftStorageDirectory.java:tryLock(328)) - Lock on /workdir/hadoop-ozone/integration-test/target/test-dir/MiniOzoneClusterImpl-b85b6ab0-505c-4a5c-9cb9-9f0034e19733/datanode-4/data/ratis/8243ce47-6178-4727-9f9a-609d232f86f7/in_use.lock acquired by nodename 22723@trunk-nightly-20191113-wdxpm-1799726093
2019-11-13 04:06:50,352 [pool-183-thread-1] INFO  storage.RaftStorage (RaftStorage.java:format(84)) - Storage directory /workdir/hadoop-ozone/integration-test/target/test-dir/MiniOzoneClusterImpl-b85b6ab0-505c-4a5c-9cb9-9f0034e19733/datanode-3/data/ratis/8243ce47-6178-4727-9f9a-609d232f86f7 has been successfully formatted.
2019-11-13 04:06:50,352 [pool-193-thread-1] INFO  storage.RaftStorage (RaftStorage.java:format(84)) - Storage directory /workdir/hadoop-ozone/integration-test/target/test-dir/MiniOzoneClusterImpl-b85b6ab0-505c-4a5c-9cb9-9f0034e19733/datanode-4/data/ratis/8243ce47-6178-4727-9f9a-609d232f86f7 has been successfully formatted.
2019-11-13 04:06:50,352 [pool-203-thread-1] INFO  storage.RaftStorage (RaftStorage.java:format(84)) - Storage directory /workdir/hadoop-ozone/integration-test/target/test-dir/MiniOzoneClusterImpl-b85b6ab0-505c-4a5c-9cb9-9f0034e19733/datanode-5/data/ratis/8243ce47-6178-4727-9f9a-609d232f86f7 has been successfully formatted.
2019-11-13 04:06:50,352 [pool-183-thread-1] INFO  ratis.ContainerStateMachine (ContainerStateMachine.java:loadSnapshot(223)) - group-609D232F86F7: The snapshot info is null. Setting the last applied indexto:(t:0, i:~)
2019-11-13 04:06:50,353 [pool-203-thread-1] INFO  ratis.ContainerStateMachine (ContainerStateMachine.java:loadSnapshot(223)) - group-609D232F86F7: The snapshot info is null. Setting the last applied indexto:(t:0, i:~)
2019-11-13 04:06:50,353 [pool-193-thread-1] INFO  ratis.ContainerStateMachine (ContainerStateMachine.java:loadSnapshot(223)) - group-609D232F86F7: The snapshot info is null. Setting the last applied indexto:(t:0, i:~)
2019-11-13 04:06:50,353 [pool-203-thread-1] INFO  server.RaftServerConfigKeys (ConfUtils.java:logGet(43)) - raft.server.notification.no-leader.timeout = 120s (custom)
2019-11-13 04:06:50,353 [pool-183-thread-1] INFO  server.RaftServerConfigKeys (ConfUtils.java:logGet(43)) - raft.server.notification.no-leader.timeout = 120s (custom)
2019-11-13 04:06:50,353 [pool-203-thread-1] INFO  server.RaftServerConfigKeys (ConfUtils.java:logGet(43)) - raft.server.log.use.memory = false (default)
2019-11-13 04:06:50,353 [pool-193-thread-1] INFO  server.RaftServerConfigKeys (ConfUtils.java:logGet(43)) - raft.server.notification.no-leader.timeout = 120s (custom)
2019-11-13 04:06:50,353 [pool-203-thread-1] INFO  server.RaftServerConfigKeys (ConfUtils.java:logGet(43)) - raft.server.log.purge.gap = 1000000 (custom)
2019-11-13 04:06:50,353 [pool-183-thread-1] INFO  server.RaftServerConfigKeys (ConfUtils.java:logGet(43)) - raft.server.log.use.memory = false (default)
2019-11-13 04:06:50,353 [pool-203-thread-1] INFO  server.RaftServerConfigKeys (ConfUtils.java:logGet(43)) - raft.server.log.appender.buffer.byte-limit = 33554432 (custom)
2019-11-13 04:06:50,353 [pool-193-thread-1] INFO  server.RaftServerConfigKeys (ConfUtils.java:logGet(43)) - raft.server.log.use.memory = false (default)
2019-11-13 04:06:50,354 [pool-203-thread-1] INFO  server.RaftServerConfigKeys (ConfUtils.java:logGet(43)) - raft.server.log.segment.size.max = 1048576 (custom)
2019-11-13 04:06:50,354 [pool-183-thread-1] INFO  server.RaftServerConfigKeys (ConfUtils.java:logGet(43)) - raft.server.log.purge.gap = 1000000 (custom)
2019-11-13 04:06:50,354 [pool-203-thread-1] INFO  server.RaftServerConfigKeys (ConfUtils.java:logGet(43)) - raft.server.log.segment.cache.num.max = 2 (custom)
2019-11-13 04:06:50,354 [pool-193-thread-1] INFO  server.RaftServerConfigKeys (ConfUtils.java:logGet(43)) - raft.server.log.purge.gap = 1000000 (custom)
2019-11-13 04:06:50,354 [pool-203-thread-1] INFO  segmented.SegmentedRaftLogWorker (SegmentedRaftLogWorker.java:<init>(173)) - new 64d096e6-e0ae-4a1d-97a3-03513c91a164@group-609D232F86F7-SegmentedRaftLogWorker for RaftStorage:Storage Directory /workdir/hadoop-ozone/integration-test/target/test-dir/MiniOzoneClusterImpl-b85b6ab0-505c-4a5c-9cb9-9f0034e19733/datanode-5/data/ratis/8243ce47-6178-4727-9f9a-609d232f86f7
2019-11-13 04:06:50,354 [pool-183-thread-1] INFO  server.RaftServerConfigKeys (ConfUtils.java:logGet(43)) - raft.server.log.appender.buffer.byte-limit = 33554432 (custom)
2019-11-13 04:06:50,355 [pool-203-thread-1] INFO  server.RaftServerConfigKeys (ConfUtils.java:logGet(43)) - raft.server.log.queue.byte-limit = 2147483647 (custom)
2019-11-13 04:06:50,355 [pool-203-thread-1] INFO  server.RaftServerConfigKeys (ConfUtils.java:logGet(43)) - raft.server.log.queue.element-limit = 1024 (custom)
2019-11-13 04:06:50,355 [pool-193-thread-1] INFO  server.RaftServerConfigKeys (ConfUtils.java:logGet(43)) - raft.server.log.appender.buffer.byte-limit = 33554432 (custom)
2019-11-13 04:06:50,355 [pool-203-thread-1] INFO  server.RaftServerConfigKeys (ConfUtils.java:logGet(43)) - raft.server.log.segment.size.max = 1048576 (custom)
2019-11-13 04:06:50,355 [pool-183-thread-1] INFO  server.RaftServerConfigKeys (ConfUtils.java:logGet(43)) - raft.server.log.segment.size.max = 1048576 (custom)
2019-11-13 04:06:50,355 [pool-203-thread-1] INFO  server.RaftServerConfigKeys (ConfUtils.java:logGet(43)) - raft.server.log.preallocated.size = 16384 (custom)
2019-11-13 04:06:50,355 [pool-193-thread-1] INFO  server.RaftServerConfigKeys (ConfUtils.java:logGet(43)) - raft.server.log.segment.size.max = 1048576 (custom)
2019-11-13 04:06:50,356 [pool-203-thread-1] INFO  server.RaftServerConfigKeys (ConfUtils.java:logGet(43)) - raft.server.log.write.buffer.size = 33554432 (custom)
2019-11-13 04:06:50,355 [pool-183-thread-1] INFO  server.RaftServerConfigKeys (ConfUtils.java:logGet(43)) - raft.server.log.segment.cache.num.max = 2 (custom)
2019-11-13 04:06:50,356 [pool-203-thread-1] INFO  server.RaftServerConfigKeys (ConfUtils.java:logGet(43)) - raft.server.log.force.sync.num = 128 (default)
2019-11-13 04:06:50,356 [pool-193-thread-1] INFO  server.RaftServerConfigKeys (ConfUtils.java:logGet(43)) - raft.server.log.segment.cache.num.max = 2 (custom)
2019-11-13 04:06:50,356 [pool-203-thread-1] INFO  server.RaftServerConfigKeys (ConfUtils.java:logGet(43)) - raft.server.log.statemachine.data.sync = true (default)
2019-11-13 04:06:50,356 [pool-183-thread-1] INFO  segmented.SegmentedRaftLogWorker (SegmentedRaftLogWorker.java:<init>(173)) - new 0cea8a44-7441-4692-92a5-de212c14b418@group-609D232F86F7-SegmentedRaftLogWorker for RaftStorage:Storage Directory /workdir/hadoop-ozone/integration-test/target/test-dir/MiniOzoneClusterImpl-b85b6ab0-505c-4a5c-9cb9-9f0034e19733/datanode-3/data/ratis/8243ce47-6178-4727-9f9a-609d232f86f7
2019-11-13 04:06:50,356 [pool-203-thread-1] INFO  server.RaftServerConfigKeys (ConfUtils.java:logGet(43)) - raft.server.log.statemachine.data.sync.timeout = 10s (default)
2019-11-13 04:06:50,356 [pool-193-thread-1] INFO  segmented.SegmentedRaftLogWorker (SegmentedRaftLogWorker.java:<init>(173)) - new 50248509-472f-4b93-9431-0a6e6bd3eac0@group-609D232F86F7-SegmentedRaftLogWorker for RaftStorage:Storage Directory /workdir/hadoop-ozone/integration-test/target/test-dir/MiniOzoneClusterImpl-b85b6ab0-505c-4a5c-9cb9-9f0034e19733/datanode-4/data/ratis/8243ce47-6178-4727-9f9a-609d232f86f7
2019-11-13 04:06:50,357 [pool-203-thread-1] INFO  server.RaftServerConfigKeys (ConfUtils.java:logGet(43)) - raft.server.log.statemachine.data.sync.timeout.retry = -1 (default)
2019-11-13 04:06:50,356 [pool-183-thread-1] INFO  server.RaftServerConfigKeys (ConfUtils.java:logGet(43)) - raft.server.log.queue.byte-limit = 2147483647 (custom)
2019-11-13 04:06:50,357 [pool-193-thread-1] INFO  server.RaftServerConfigKeys (ConfUtils.java:logGet(43)) - raft.server.log.queue.byte-limit = 2147483647 (custom)
2019-11-13 04:06:50,357 [pool-203-thread-1] INFO  server.RaftServerConfigKeys (ConfUtils.java:logGet(43)) - raft.server.log.statemachine.data.caching.enabled = true (custom)
2019-11-13 04:06:50,357 [pool-183-thread-1] INFO  server.RaftServerConfigKeys (ConfUtils.java:logGet(43)) - raft.server.log.queue.element-limit = 1024 (custom)
2019-11-13 04:06:50,357 [pool-193-thread-1] INFO  server.RaftServerConfigKeys (ConfUtils.java:logGet(43)) - raft.server.log.queue.element-limit = 1024 (custom)
2019-11-13 04:06:50,357 [pool-183-thread-1] INFO  server.RaftServerConfigKeys (ConfUtils.java:logGet(43)) - raft.server.log.segment.size.max = 1048576 (custom)
2019-11-13 04:06:50,357 [pool-193-thread-1] INFO  server.RaftServerConfigKeys (ConfUtils.java:logGet(43)) - raft.server.log.segment.size.max = 1048576 (custom)
2019-11-13 04:06:50,357 [pool-203-thread-1] INFO  segmented.SegmentedRaftLogWorker (SegmentedRaftLogWorker.java:lambda$new$0(128)) - 64d096e6-e0ae-4a1d-97a3-03513c91a164@group-609D232F86F7-SegmentedRaftLogWorker: flushIndex: setUnconditionally 0 -> -1
2019-11-13 04:06:50,357 [pool-193-thread-1] INFO  server.RaftServerConfigKeys (ConfUtils.java:logGet(43)) - raft.server.log.preallocated.size = 16384 (custom)
2019-11-13 04:06:50,357 [pool-183-thread-1] INFO  server.RaftServerConfigKeys (ConfUtils.java:logGet(43)) - raft.server.log.preallocated.size = 16384 (custom)
2019-11-13 04:06:50,358 [pool-203-thread-1] INFO  server.RaftServerConfigKeys (ConfUtils.java:logGet(43)) - raft.server.snapshot.auto.trigger.enabled = true (custom)
2019-11-13 04:06:50,358 [pool-193-thread-1] INFO  server.RaftServerConfigKeys (ConfUtils.java:logGet(43)) - raft.server.log.write.buffer.size = 33554432 (custom)
2019-11-13 04:06:50,358 [pool-203-thread-1] INFO  server.RaftServerConfigKeys (ConfUtils.java:logGet(43)) - raft.server.snapshot.auto.trigger.threshold = 10000 (custom)
2019-11-13 04:06:50,358 [pool-183-thread-1] INFO  server.RaftServerConfigKeys (ConfUtils.java:logGet(43)) - raft.server.log.write.buffer.size = 33554432 (custom)
2019-11-13 04:06:50,358 [pool-203-thread-1] INFO  server.RaftServerConfigKeys (ConfUtils.java:logGet(43)) - raft.server.snapshot.retention.file.num = 5 (custom)
2019-11-13 04:06:50,358 [pool-193-thread-1] INFO  server.RaftServerConfigKeys (ConfUtils.java:logGet(43)) - raft.server.log.force.sync.num = 128 (default)
2019-11-13 04:06:50,358 [pool-203-thread-1] INFO  server.RaftServerConfigKeys (ConfUtils.java:logGet(43)) - raft.server.retrycache.expirytime = 600000ms (custom)
2019-11-13 04:06:50,358 [pool-183-thread-1] INFO  server.RaftServerConfigKeys (ConfUtils.java:logGet(43)) - raft.server.log.force.sync.num = 128 (default)
2019-11-13 04:06:50,359 [pool-203-thread-1] WARN  impl.MetricRegistriesImpl (MetricRegistriesImpl.java:lambda$create$1(61)) - First MetricRegistry has been created without registering reporters. You may need to call MetricRegistries.global().addReportRegistration(...) before.
2019-11-13 04:06:50,359 [pool-193-thread-1] INFO  server.RaftServerConfigKeys (ConfUtils.java:logGet(43)) - raft.server.log.statemachine.data.sync = true (default)
2019-11-13 04:06:50,359 [pool-203-thread-1] WARN  impl.MetricRegistriesImpl (MetricRegistriesImpl.java:lambda$create$1(61)) - First MetricRegistry has been created without registering reporters. You may need to call MetricRegistries.global().addReportRegistration(...) before.
2019-11-13 04:06:50,359 [pool-183-thread-1] INFO  server.RaftServerConfigKeys (ConfUtils.java:logGet(43)) - raft.server.log.statemachine.data.sync = true (default)
2019-11-13 04:06:50,359 [pool-193-thread-1] INFO  server.RaftServerConfigKeys (ConfUtils.java:logGet(43)) - raft.server.log.statemachine.data.sync.timeout = 10s (default)
2019-11-13 04:06:50,359 [pool-203-thread-1] INFO  impl.RaftServerImpl (RaftServerImpl.java:start(184)) - 64d096e6-e0ae-4a1d-97a3-03513c91a164@group-609D232F86F7: start as a follower, conf=-1: [0cea8a44-7441-4692-92a5-de212c14b418:192.168.34.45:44463, 50248509-472f-4b93-9431-0a6e6bd3eac0:192.168.34.45:43078, 64d096e6-e0ae-4a1d-97a3-03513c91a164:192.168.34.45:39823], old=null
2019-11-13 04:06:50,359 [pool-183-thread-1] INFO  server.RaftServerConfigKeys (ConfUtils.java:logGet(43)) - raft.server.log.statemachine.data.sync.timeout = 10s (default)
2019-11-13 04:06:50,360 [pool-203-thread-1] INFO  impl.RaftServerImpl (RaftServerImpl.java:setRole(173)) - 64d096e6-e0ae-4a1d-97a3-03513c91a164@group-609D232F86F7: changes role from      null to FOLLOWER at term 0 for startAsFollower
2019-11-13 04:06:50,359 [pool-193-thread-1] INFO  server.RaftServerConfigKeys (ConfUtils.java:logGet(43)) - raft.server.log.statemachine.data.sync.timeout.retry = -1 (default)
2019-11-13 04:06:50,360 [pool-203-thread-1] INFO  impl.RoleInfo (RoleInfo.java:updateAndGet(143)) - 64d096e6-e0ae-4a1d-97a3-03513c91a164: start FollowerState
2019-11-13 04:06:50,360 [pool-193-thread-1] INFO  server.RaftServerConfigKeys (ConfUtils.java:logGet(43)) - raft.server.log.statemachine.data.caching.enabled = true (custom)
2019-11-13 04:06:50,360 [pool-183-thread-1] INFO  server.RaftServerConfigKeys (ConfUtils.java:logGet(43)) - raft.server.log.statemachine.data.sync.timeout.retry = -1 (default)
2019-11-13 04:06:50,360 [pool-193-thread-1] INFO  segmented.SegmentedRaftLogWorker (SegmentedRaftLogWorker.java:lambda$new$0(128)) - 50248509-472f-4b93-9431-0a6e6bd3eac0@group-609D232F86F7-SegmentedRaftLogWorker: flushIndex: setUnconditionally 0 -> -1
2019-11-13 04:06:50,360 [pool-183-thread-1] INFO  server.RaftServerConfigKeys (ConfUtils.java:logGet(43)) - raft.server.log.statemachine.data.caching.enabled = true (custom)
2019-11-13 04:06:50,360 [pool-203-thread-1] INFO  util.JmxRegister (JmxRegister.java:tryRegister(44)) - Successfully registered JMX Bean with object name Ratis:service=RaftServer,group=group-609D232F86F7,id=64d096e6-e0ae-4a1d-97a3-03513c91a164
2019-11-13 04:06:50,361 [pool-193-thread-1] INFO  server.RaftServerConfigKeys (ConfUtils.java:logGet(43)) - raft.server.snapshot.auto.trigger.enabled = true (custom)
2019-11-13 04:06:50,361 [pool-183-thread-1] INFO  segmented.SegmentedRaftLogWorker (SegmentedRaftLogWorker.java:lambda$new$0(128)) - 0cea8a44-7441-4692-92a5-de212c14b418@group-609D232F86F7-SegmentedRaftLogWorker: flushIndex: setUnconditionally 0 -> -1
2019-11-13 04:06:50,361 [pool-203-thread-1] WARN  impl.MetricRegistriesImpl (MetricRegistriesImpl.java:lambda$create$1(61)) - First MetricRegistry has been created without registering reporters. You may need to call MetricRegistries.global().addReportRegistration(...) before.
2019-11-13 04:06:50,361 [pool-193-thread-1] INFO  server.RaftServerConfigKeys (ConfUtils.java:logGet(43)) - raft.server.snapshot.auto.trigger.threshold = 10000 (custom)
2019-11-13 04:06:50,361 [pool-183-thread-1] INFO  server.RaftServerConfigKeys (ConfUtils.java:logGet(43)) - raft.server.snapshot.auto.trigger.enabled = true (custom)
2019-11-13 04:06:50,361 [pool-193-thread-1] INFO  server.RaftServerConfigKeys (ConfUtils.java:logGet(43)) - raft.server.snapshot.retention.file.num = 5 (custom)
2019-11-13 04:06:50,361 [pool-183-thread-1] INFO  server.RaftServerConfigKeys (ConfUtils.java:logGet(43)) - raft.server.snapshot.auto.trigger.threshold = 10000 (custom)
2019-11-13 04:06:50,362 [pool-193-thread-1] INFO  server.RaftServerConfigKeys (ConfUtils.java:logGet(43)) - raft.server.retrycache.expirytime = 600000ms (custom)
2019-11-13 04:06:50,362 [pool-183-thread-1] INFO  server.RaftServerConfigKeys (ConfUtils.java:logGet(43)) - raft.server.snapshot.retention.file.num = 5 (custom)
2019-11-13 04:06:50,362 [pool-193-thread-1] WARN  impl.MetricRegistriesImpl (MetricRegistriesImpl.java:lambda$create$1(61)) - First MetricRegistry has been created without registering reporters. You may need to call MetricRegistries.global().addReportRegistration(...) before.
2019-11-13 04:06:50,362 [pool-183-thread-1] INFO  server.RaftServerConfigKeys (ConfUtils.java:logGet(43)) - raft.server.retrycache.expirytime = 600000ms (custom)
2019-11-13 04:06:50,362 [pool-193-thread-1] WARN  impl.MetricRegistriesImpl (MetricRegistriesImpl.java:lambda$create$1(61)) - First MetricRegistry has been created without registering reporters. You may need to call MetricRegistries.global().addReportRegistration(...) before.
2019-11-13 04:06:50,362 [pool-183-thread-1] WARN  impl.MetricRegistriesImpl (MetricRegistriesImpl.java:lambda$create$1(61)) - First MetricRegistry has been created without registering reporters. You may need to call MetricRegistries.global().addReportRegistration(...) before.
2019-11-13 04:06:50,362 [pool-193-thread-1] INFO  impl.RaftServerImpl (RaftServerImpl.java:start(184)) - 50248509-472f-4b93-9431-0a6e6bd3eac0@group-609D232F86F7: start as a follower, conf=-1: [0cea8a44-7441-4692-92a5-de212c14b418:192.168.34.45:44463, 50248509-472f-4b93-9431-0a6e6bd3eac0:192.168.34.45:43078, 64d096e6-e0ae-4a1d-97a3-03513c91a164:192.168.34.45:39823], old=null
2019-11-13 04:06:50,363 [pool-183-thread-1] WARN  impl.MetricRegistriesImpl (MetricRegistriesImpl.java:lambda$create$1(61)) - First MetricRegistry has been created without registering reporters. You may need to call MetricRegistries.global().addReportRegistration(...) before.
2019-11-13 04:06:50,363 [pool-193-thread-1] INFO  impl.RaftServerImpl (RaftServerImpl.java:setRole(173)) - 50248509-472f-4b93-9431-0a6e6bd3eac0@group-609D232F86F7: changes role from      null to FOLLOWER at term 0 for startAsFollower
2019-11-13 04:06:50,363 [pool-183-thread-1] INFO  impl.RaftServerImpl (RaftServerImpl.java:start(184)) - 0cea8a44-7441-4692-92a5-de212c14b418@group-609D232F86F7: start as a follower, conf=-1: [0cea8a44-7441-4692-92a5-de212c14b418:192.168.34.45:44463, 50248509-472f-4b93-9431-0a6e6bd3eac0:192.168.34.45:43078, 64d096e6-e0ae-4a1d-97a3-03513c91a164:192.168.34.45:39823], old=null
2019-11-13 04:06:50,363 [pool-193-thread-1] INFO  impl.RoleInfo (RoleInfo.java:updateAndGet(143)) - 50248509-472f-4b93-9431-0a6e6bd3eac0: start FollowerState
2019-11-13 04:06:50,363 [pool-183-thread-1] INFO  impl.RaftServerImpl (RaftServerImpl.java:setRole(173)) - 0cea8a44-7441-4692-92a5-de212c14b418@group-609D232F86F7: changes role from      null to FOLLOWER at term 0 for startAsFollower
2019-11-13 04:06:50,363 [pool-183-thread-1] INFO  impl.RoleInfo (RoleInfo.java:updateAndGet(143)) - 0cea8a44-7441-4692-92a5-de212c14b418: start FollowerState
2019-11-13 04:06:50,363 [pool-193-thread-1] INFO  util.JmxRegister (JmxRegister.java:tryRegister(44)) - Successfully registered JMX Bean with object name Ratis:service=RaftServer,group=group-609D232F86F7,id=50248509-472f-4b93-9431-0a6e6bd3eac0
2019-11-13 04:06:50,364 [pool-193-thread-1] WARN  impl.MetricRegistriesImpl (MetricRegistriesImpl.java:lambda$create$1(61)) - First MetricRegistry has been created without registering reporters. You may need to call MetricRegistries.global().addReportRegistration(...) before.
2019-11-13 04:06:50,364 [pool-183-thread-1] INFO  util.JmxRegister (JmxRegister.java:tryRegister(44)) - Successfully registered JMX Bean with object name Ratis:service=RaftServer,group=group-609D232F86F7,id=0cea8a44-7441-4692-92a5-de212c14b418
2019-11-13 04:06:50,364 [pool-183-thread-1] WARN  impl.MetricRegistriesImpl (MetricRegistriesImpl.java:lambda$create$1(61)) - First MetricRegistry has been created without registering reporters. You may need to call MetricRegistries.global().addReportRegistration(...) before.
2019-11-13 04:06:50,367 [RatisPipelineUtilsThread] INFO  pipeline.PipelineStateManager (PipelineStateManager.java:addPipeline(55)) - Created pipeline Pipeline[ Id: 8243ce47-6178-4727-9f9a-609d232f86f7, Nodes: 64d096e6-e0ae-4a1d-97a3-03513c91a164{ip: 192.168.34.45, host: trunk-nightly-20191113-wdxpm-1799726093, networkLocation: /default-rack, certSerialId: null}0cea8a44-7441-4692-92a5-de212c14b418{ip: 192.168.34.45, host: trunk-nightly-20191113-wdxpm-1799726093, networkLocation: /default-rack, certSerialId: null}50248509-472f-4b93-9431-0a6e6bd3eac0{ip: 192.168.34.45, host: trunk-nightly-20191113-wdxpm-1799726093, networkLocation: /default-rack, certSerialId: null}, Type:RATIS, Factor:THREE, State:ALLOCATED]
2019-11-13 04:06:50,368 [Thread-1613] INFO  pipeline.PipelineStateManager (PipelineStateManager.java:finalizePipeline(121)) - Pipeline Pipeline[ Id: 88486e0b-6a7f-4b97-8334-88643d60a7ef, Nodes: 08597d3a-6b69-4d75-a39e-e4e8ac9edde4{ip: 192.168.34.45, host: trunk-nightly-20191113-wdxpm-1799726093, networkLocation: /default-rack, certSerialId: null}, Type:RATIS, Factor:ONE, State:CLOSED] moved to CLOSED state
2019-11-13 04:06:50,371 [grpc-default-executor-0] INFO  impl.RaftServerProxy (RaftServerProxy.java:remove(95)) - 08597d3a-6b69-4d75-a39e-e4e8ac9edde4: remove    LEADER 08597d3a-6b69-4d75-a39e-e4e8ac9edde4@group-88643D60A7EF:t1, leader=08597d3a-6b69-4d75-a39e-e4e8ac9edde4, voted=08597d3a-6b69-4d75-a39e-e4e8ac9edde4, raftlog=08597d3a-6b69-4d75-a39e-e4e8ac9edde4@group-88643D60A7EF-SegmentedRaftLog:OPENED:c0,f0,i0, conf=0: [08597d3a-6b69-4d75-a39e-e4e8ac9edde4:192.168.34.45:41890], old=null RUNNING
2019-11-13 04:06:50,372 [grpc-default-executor-0] INFO  impl.RaftServerImpl (RaftServerImpl.java:lambda$shutdown$3(250)) - 08597d3a-6b69-4d75-a39e-e4e8ac9edde4@group-88643D60A7EF: shutdown
2019-11-13 04:06:50,372 [grpc-default-executor-0] INFO  util.JmxRegister (JmxRegister.java:unregister(73)) - Successfully un-registered JMX Bean with object name Ratis:service=RaftServer,group=group-88643D60A7EF,id=08597d3a-6b69-4d75-a39e-e4e8ac9edde4
2019-11-13 04:06:50,372 [grpc-default-executor-0] INFO  impl.RoleInfo (RoleInfo.java:shutdownLeaderState(104)) - 08597d3a-6b69-4d75-a39e-e4e8ac9edde4: shutdown LeaderState
2019-11-13 04:06:50,372 [grpc-default-executor-0] INFO  impl.PendingRequests (PendingRequests.java:sendNotLeaderResponses(206)) - 08597d3a-6b69-4d75-a39e-e4e8ac9edde4@group-88643D60A7EF-PendingRequests: sendNotLeaderResponses
2019-11-13 04:06:50,372 [grpc-default-executor-0] INFO  impl.StateMachineUpdater (StateMachineUpdater.java:stopAndJoin(136)) - 08597d3a-6b69-4d75-a39e-e4e8ac9edde4@group-88643D60A7EF-StateMachineUpdater: set stopIndex = 0
2019-11-13 04:06:50,375 [grpc-default-executor-0] INFO  impl.RaftServerImpl (ServerState.java:close(387)) - 08597d3a-6b69-4d75-a39e-e4e8ac9edde4@group-88643D60A7EF: closes. applyIndex: 0
2019-11-13 04:06:50,375 [08597d3a-6b69-4d75-a39e-e4e8ac9edde4@group-88643D60A7EF-SegmentedRaftLogWorker] INFO  segmented.SegmentedRaftLogWorker (SegmentedRaftLogWorker.java:run(316)) - 08597d3a-6b69-4d75-a39e-e4e8ac9edde4@group-88643D60A7EF-SegmentedRaftLogWorker was interrupted, exiting. There are 0 tasks remaining in the queue.
2019-11-13 04:06:50,376 [grpc-default-executor-0] INFO  segmented.SegmentedRaftLogWorker (SegmentedRaftLogWorker.java:close(224)) - 08597d3a-6b69-4d75-a39e-e4e8ac9edde4@group-88643D60A7EF-SegmentedRaftLogWorker close()
2019-11-13 04:06:50,382 [Thread-1613] INFO  pipeline.PipelineStateManager (PipelineStateManager.java:removePipeline(106)) - Pipeline Pipeline[ Id: 88486e0b-6a7f-4b97-8334-88643d60a7ef, Nodes: 08597d3a-6b69-4d75-a39e-e4e8ac9edde4{ip: 192.168.34.45, host: trunk-nightly-20191113-wdxpm-1799726093, networkLocation: /default-rack, certSerialId: null}, Type:RATIS, Factor:ONE, State:CLOSED] removed from db
2019-11-13 04:06:50,382 [Thread-1613] INFO  pipeline.SCMPipelineManager (SCMPipelineManager.java:finalizeAndDestroyPipeline(315)) - destroying pipeline:Pipeline[ Id: 78e0cf26-1fdb-4d7f-ac70-6c52e0808c5b, Nodes: 0cea8a44-7441-4692-92a5-de212c14b418{ip: 192.168.34.45, host: trunk-nightly-20191113-wdxpm-1799726093, networkLocation: /default-rack, certSerialId: null}, Type:RATIS, Factor:ONE, State:OPEN]
2019-11-13 04:06:50,388 [grpc-default-executor-0] INFO  impl.RaftServerProxy (RaftServerProxy.java:addNew(89)) - 08597d3a-6b69-4d75-a39e-e4e8ac9edde4: addNew group-49610443C8B1:[08597d3a-6b69-4d75-a39e-e4e8ac9edde4:192.168.34.45:41890] returns group-49610443C8B1:java.util.concurrent.CompletableFuture@2c338988[Not completed]
2019-11-13 04:06:50,389 [pool-173-thread-1] INFO  impl.RaftServerImpl (RaftServerImpl.java:<init>(98)) - 08597d3a-6b69-4d75-a39e-e4e8ac9edde4: new RaftServerImpl for group-49610443C8B1:[08597d3a-6b69-4d75-a39e-e4e8ac9edde4:192.168.34.45:41890] with ContainerStateMachine:uninitialized
2019-11-13 04:06:50,389 [pool-173-thread-1] INFO  server.RaftServerConfigKeys (ConfUtils.java:logGet(43)) - raft.server.rpc.timeout.min = 1s (custom)
2019-11-13 04:06:50,389 [pool-173-thread-1] INFO  server.RaftServerConfigKeys (ConfUtils.java:logGet(43)) - raft.server.rpc.timeout.max = 1200ms (custom)
2019-11-13 04:06:50,389 [pool-173-thread-1] INFO  server.RaftServerConfigKeys (ConfUtils.java:logGet(43)) - raft.server.rpcslowness.timeout = 120s (custom)
2019-11-13 04:06:50,389 [pool-173-thread-1] INFO  server.RaftServerConfigKeys (ConfUtils.java:logGet(43)) - raft.server.sleep.deviation.threshold = 300 (default)
2019-11-13 04:06:50,389 [pool-173-thread-1] INFO  server.RaftServerConfigKeys (ConfUtils.java:logGet(43)) - raft.server.log.appender.install.snapshot.enabled = false (custom)
2019-11-13 04:06:50,389 [pool-173-thread-1] INFO  impl.RaftServerImpl (ServerState.java:<init>(103)) - 08597d3a-6b69-4d75-a39e-e4e8ac9edde4@group-49610443C8B1: ConfigurationManager, init=-1: [08597d3a-6b69-4d75-a39e-e4e8ac9edde4:192.168.34.45:41890], old=null, confs=<EMPTY_MAP>
2019-11-13 04:06:50,389 [pool-173-thread-1] INFO  server.RaftServerConfigKeys (ConfUtils.java:logGet(43)) - raft.server.storage.dir = [/workdir/hadoop-ozone/integration-test/target/test-dir/MiniOzoneClusterImpl-b85b6ab0-505c-4a5c-9cb9-9f0034e19733/datanode-2/data/ratis] (custom)
2019-11-13 04:06:50,390 [pool-173-thread-1] INFO  server.RaftServerConfigKeys (ConfUtils.java:logGet(43)) - raft.server.log.corruption.policy = EXCEPTION (default)
2019-11-13 04:06:50,390 [pool-173-thread-1] INFO  storage.RaftStorageDirectory (RaftStorageDirectory.java:analyzeStorage(246)) - The storage directory /workdir/hadoop-ozone/integration-test/target/test-dir/MiniOzoneClusterImpl-b85b6ab0-505c-4a5c-9cb9-9f0034e19733/datanode-2/data/ratis/7295263e-cc38-46c2-817a-49610443c8b1 does not exist. Creating ...
2019-11-13 04:06:50,403 [pool-173-thread-1] INFO  storage.RaftStorageDirectory (RaftStorageDirectory.java:tryLock(328)) - Lock on /workdir/hadoop-ozone/integration-test/target/test-dir/MiniOzoneClusterImpl-b85b6ab0-505c-4a5c-9cb9-9f0034e19733/datanode-2/data/ratis/7295263e-cc38-46c2-817a-49610443c8b1/in_use.lock acquired by nodename 22723@trunk-nightly-20191113-wdxpm-1799726093
2019-11-13 04:06:50,422 [pool-173-thread-1] INFO  storage.RaftStorage (RaftStorage.java:format(84)) - Storage directory /workdir/hadoop-ozone/integration-test/target/test-dir/MiniOzoneClusterImpl-b85b6ab0-505c-4a5c-9cb9-9f0034e19733/datanode-2/data/ratis/7295263e-cc38-46c2-817a-49610443c8b1 has been successfully formatted.
2019-11-13 04:06:50,422 [pool-173-thread-1] INFO  ratis.ContainerStateMachine (ContainerStateMachine.java:loadSnapshot(223)) - group-49610443C8B1: The snapshot info is null. Setting the last applied indexto:(t:0, i:~)
2019-11-13 04:06:50,422 [pool-173-thread-1] INFO  server.RaftServerConfigKeys (ConfUtils.java:logGet(43)) - raft.server.notification.no-leader.timeout = 120s (custom)
2019-11-13 04:06:50,422 [pool-173-thread-1] INFO  server.RaftServerConfigKeys (ConfUtils.java:logGet(43)) - raft.server.log.use.memory = false (default)
2019-11-13 04:06:50,422 [pool-173-thread-1] INFO  server.RaftServerConfigKeys (ConfUtils.java:logGet(43)) - raft.server.log.purge.gap = 1000000 (custom)
2019-11-13 04:06:50,422 [pool-173-thread-1] INFO  server.RaftServerConfigKeys (ConfUtils.java:logGet(43)) - raft.server.log.appender.buffer.byte-limit = 33554432 (custom)
2019-11-13 04:06:50,422 [pool-173-thread-1] INFO  server.RaftServerConfigKeys (ConfUtils.java:logGet(43)) - raft.server.log.segment.size.max = 1048576 (custom)
2019-11-13 04:06:50,422 [pool-173-thread-1] INFO  server.RaftServerConfigKeys (ConfUtils.java:logGet(43)) - raft.server.log.segment.cache.num.max = 2 (custom)
2019-11-13 04:06:50,422 [pool-173-thread-1] INFO  segmented.SegmentedRaftLogWorker (SegmentedRaftLogWorker.java:<init>(173)) - new 08597d3a-6b69-4d75-a39e-e4e8ac9edde4@group-49610443C8B1-SegmentedRaftLogWorker for RaftStorage:Storage Directory /workdir/hadoop-ozone/integration-test/target/test-dir/MiniOzoneClusterImpl-b85b6ab0-505c-4a5c-9cb9-9f0034e19733/datanode-2/data/ratis/7295263e-cc38-46c2-817a-49610443c8b1
2019-11-13 04:06:50,423 [pool-173-thread-1] INFO  server.RaftServerConfigKeys (ConfUtils.java:logGet(43)) - raft.server.log.queue.byte-limit = 2147483647 (custom)
2019-11-13 04:06:50,423 [pool-173-thread-1] INFO  server.RaftServerConfigKeys (ConfUtils.java:logGet(43)) - raft.server.log.queue.element-limit = 1024 (custom)
2019-11-13 04:06:50,423 [pool-173-thread-1] INFO  server.RaftServerConfigKeys (ConfUtils.java:logGet(43)) - raft.server.log.segment.size.max = 1048576 (custom)
2019-11-13 04:06:50,423 [pool-173-thread-1] INFO  server.RaftServerConfigKeys (ConfUtils.java:logGet(43)) - raft.server.log.preallocated.size = 16384 (custom)
2019-11-13 04:06:50,423 [pool-173-thread-1] INFO  server.RaftServerConfigKeys (ConfUtils.java:logGet(43)) - raft.server.log.write.buffer.size = 33554432 (custom)
2019-11-13 04:06:50,423 [pool-173-thread-1] INFO  server.RaftServerConfigKeys (ConfUtils.java:logGet(43)) - raft.server.log.force.sync.num = 128 (default)
2019-11-13 04:06:50,423 [pool-173-thread-1] INFO  server.RaftServerConfigKeys (ConfUtils.java:logGet(43)) - raft.server.log.statemachine.data.sync = true (default)
2019-11-13 04:06:50,423 [pool-173-thread-1] INFO  server.RaftServerConfigKeys (ConfUtils.java:logGet(43)) - raft.server.log.statemachine.data.sync.timeout = 10s (default)
2019-11-13 04:06:50,423 [pool-173-thread-1] INFO  server.RaftServerConfigKeys (ConfUtils.java:logGet(43)) - raft.server.log.statemachine.data.sync.timeout.retry = -1 (default)
2019-11-13 04:06:50,423 [pool-173-thread-1] INFO  server.RaftServerConfigKeys (ConfUtils.java:logGet(43)) - raft.server.log.statemachine.data.caching.enabled = true (custom)
2019-11-13 04:06:50,423 [pool-173-thread-1] INFO  segmented.SegmentedRaftLogWorker (SegmentedRaftLogWorker.java:lambda$new$0(128)) - 08597d3a-6b69-4d75-a39e-e4e8ac9edde4@group-49610443C8B1-SegmentedRaftLogWorker: flushIndex: setUnconditionally 0 -> -1
2019-11-13 04:06:50,424 [pool-173-thread-1] INFO  server.RaftServerConfigKeys (ConfUtils.java:logGet(43)) - raft.server.snapshot.auto.trigger.enabled = true (custom)
2019-11-13 04:06:50,424 [pool-173-thread-1] INFO  server.RaftServerConfigKeys (ConfUtils.java:logGet(43)) - raft.server.snapshot.auto.trigger.threshold = 10000 (custom)
2019-11-13 04:06:50,424 [pool-173-thread-1] INFO  server.RaftServerConfigKeys (ConfUtils.java:logGet(43)) - raft.server.snapshot.retention.file.num = 5 (custom)
2019-11-13 04:06:50,424 [pool-173-thread-1] INFO  server.RaftServerConfigKeys (ConfUtils.java:logGet(43)) - raft.server.retrycache.expirytime = 600000ms (custom)
2019-11-13 04:06:50,424 [pool-173-thread-1] WARN  impl.MetricRegistriesImpl (MetricRegistriesImpl.java:lambda$create$1(61)) - First MetricRegistry has been created without registering reporters. You may need to call MetricRegistries.global().addReportRegistration(...) before.
2019-11-13 04:06:50,424 [pool-173-thread-1] WARN  impl.MetricRegistriesImpl (MetricRegistriesImpl.java:lambda$create$1(61)) - First MetricRegistry has been created without registering reporters. You may need to call MetricRegistries.global().addReportRegistration(...) before.
2019-11-13 04:06:50,424 [pool-173-thread-1] INFO  impl.RaftServerImpl (RaftServerImpl.java:start(184)) - 08597d3a-6b69-4d75-a39e-e4e8ac9edde4@group-49610443C8B1: start as a follower, conf=-1: [08597d3a-6b69-4d75-a39e-e4e8ac9edde4:192.168.34.45:41890], old=null
2019-11-13 04:06:50,424 [pool-173-thread-1] INFO  impl.RaftServerImpl (RaftServerImpl.java:setRole(173)) - 08597d3a-6b69-4d75-a39e-e4e8ac9edde4@group-49610443C8B1: changes role from      null to FOLLOWER at term 0 for startAsFollower
2019-11-13 04:06:50,425 [pool-173-thread-1] INFO  impl.RoleInfo (RoleInfo.java:updateAndGet(143)) - 08597d3a-6b69-4d75-a39e-e4e8ac9edde4: start FollowerState
2019-11-13 04:06:50,432 [pool-173-thread-1] INFO  util.JmxRegister (JmxRegister.java:tryRegister(44)) - Successfully registered JMX Bean with object name Ratis:service=RaftServer,group=group-49610443C8B1,id=08597d3a-6b69-4d75-a39e-e4e8ac9edde4
2019-11-13 04:06:50,432 [pool-173-thread-1] WARN  impl.MetricRegistriesImpl (MetricRegistriesImpl.java:lambda$create$1(61)) - First MetricRegistry has been created without registering reporters. You may need to call MetricRegistries.global().addReportRegistration(...) before.
2019-11-13 04:06:50,438 [RatisPipelineUtilsThread] INFO  pipeline.PipelineStateManager (PipelineStateManager.java:addPipeline(55)) - Created pipeline Pipeline[ Id: 7295263e-cc38-46c2-817a-49610443c8b1, Nodes: 08597d3a-6b69-4d75-a39e-e4e8ac9edde4{ip: 192.168.34.45, host: trunk-nightly-20191113-wdxpm-1799726093, networkLocation: /default-rack, certSerialId: null}, Type:RATIS, Factor:ONE, State:ALLOCATED]
2019-11-13 04:06:50,439 [Thread-1613] INFO  pipeline.PipelineStateManager (PipelineStateManager.java:finalizePipeline(121)) - Pipeline Pipeline[ Id: 78e0cf26-1fdb-4d7f-ac70-6c52e0808c5b, Nodes: 0cea8a44-7441-4692-92a5-de212c14b418{ip: 192.168.34.45, host: trunk-nightly-20191113-wdxpm-1799726093, networkLocation: /default-rack, certSerialId: null}, Type:RATIS, Factor:ONE, State:CLOSED] moved to CLOSED state
2019-11-13 04:06:50,443 [grpc-default-executor-0] INFO  impl.RaftServerProxy (RaftServerProxy.java:remove(95)) - 0cea8a44-7441-4692-92a5-de212c14b418: remove    LEADER 0cea8a44-7441-4692-92a5-de212c14b418@group-6C52E0808C5B:t1, leader=0cea8a44-7441-4692-92a5-de212c14b418, voted=0cea8a44-7441-4692-92a5-de212c14b418, raftlog=0cea8a44-7441-4692-92a5-de212c14b418@group-6C52E0808C5B-SegmentedRaftLog:OPENED:c0,f0,i0, conf=0: [0cea8a44-7441-4692-92a5-de212c14b418:192.168.34.45:44463], old=null RUNNING
2019-11-13 04:06:50,443 [grpc-default-executor-0] INFO  impl.RaftServerImpl (RaftServerImpl.java:lambda$shutdown$3(250)) - 0cea8a44-7441-4692-92a5-de212c14b418@group-6C52E0808C5B: shutdown
2019-11-13 04:06:50,443 [grpc-default-executor-0] INFO  util.JmxRegister (JmxRegister.java:unregister(73)) - Successfully un-registered JMX Bean with object name Ratis:service=RaftServer,group=group-6C52E0808C5B,id=0cea8a44-7441-4692-92a5-de212c14b418
2019-11-13 04:06:50,443 [grpc-default-executor-0] INFO  impl.RoleInfo (RoleInfo.java:shutdownLeaderState(104)) - 0cea8a44-7441-4692-92a5-de212c14b418: shutdown LeaderState
2019-11-13 04:06:50,443 [grpc-default-executor-0] INFO  impl.PendingRequests (PendingRequests.java:sendNotLeaderResponses(206)) - 0cea8a44-7441-4692-92a5-de212c14b418@group-6C52E0808C5B-PendingRequests: sendNotLeaderResponses
2019-11-13 04:06:50,444 [grpc-default-executor-0] INFO  impl.StateMachineUpdater (StateMachineUpdater.java:stopAndJoin(136)) - 0cea8a44-7441-4692-92a5-de212c14b418@group-6C52E0808C5B-StateMachineUpdater: set stopIndex = 0
2019-11-13 04:06:50,444 [grpc-default-executor-0] INFO  impl.RaftServerImpl (ServerState.java:close(387)) - 0cea8a44-7441-4692-92a5-de212c14b418@group-6C52E0808C5B: closes. applyIndex: 0
2019-11-13 04:06:50,444 [0cea8a44-7441-4692-92a5-de212c14b418@group-6C52E0808C5B-SegmentedRaftLogWorker] INFO  segmented.SegmentedRaftLogWorker (SegmentedRaftLogWorker.java:run(316)) - 0cea8a44-7441-4692-92a5-de212c14b418@group-6C52E0808C5B-SegmentedRaftLogWorker was interrupted, exiting. There are 0 tasks remaining in the queue.
2019-11-13 04:06:50,445 [grpc-default-executor-0] INFO  segmented.SegmentedRaftLogWorker (SegmentedRaftLogWorker.java:close(224)) - 0cea8a44-7441-4692-92a5-de212c14b418@group-6C52E0808C5B-SegmentedRaftLogWorker close()
2019-11-13 04:06:50,450 [Thread-1613] INFO  pipeline.PipelineStateManager (PipelineStateManager.java:removePipeline(106)) - Pipeline Pipeline[ Id: 78e0cf26-1fdb-4d7f-ac70-6c52e0808c5b, Nodes: 0cea8a44-7441-4692-92a5-de212c14b418{ip: 192.168.34.45, host: trunk-nightly-20191113-wdxpm-1799726093, networkLocation: /default-rack, certSerialId: null}, Type:RATIS, Factor:ONE, State:CLOSED] removed from db
2019-11-13 04:06:50,450 [Thread-1613] INFO  pipeline.SCMPipelineManager (SCMPipelineManager.java:finalizeAndDestroyPipeline(315)) - destroying pipeline:Pipeline[ Id: acf91f85-a512-4e89-bfae-f5c931c83913, Nodes: 50248509-472f-4b93-9431-0a6e6bd3eac0{ip: 192.168.34.45, host: trunk-nightly-20191113-wdxpm-1799726093, networkLocation: /default-rack, certSerialId: null}, Type:RATIS, Factor:ONE, State:OPEN]
2019-11-13 04:06:50,453 [grpc-default-executor-0] INFO  impl.RaftServerProxy (RaftServerProxy.java:addNew(89)) - 0cea8a44-7441-4692-92a5-de212c14b418: addNew group-DFFF9A1D9006:[0cea8a44-7441-4692-92a5-de212c14b418:192.168.34.45:44463] returns group-DFFF9A1D9006:java.util.concurrent.CompletableFuture@3c5c3367[Not completed]
2019-11-13 04:06:50,455 [pool-183-thread-1] INFO  impl.RaftServerImpl (RaftServerImpl.java:<init>(98)) - 0cea8a44-7441-4692-92a5-de212c14b418: new RaftServerImpl for group-DFFF9A1D9006:[0cea8a44-7441-4692-92a5-de212c14b418:192.168.34.45:44463] with ContainerStateMachine:uninitialized
2019-11-13 04:06:50,455 [pool-183-thread-1] INFO  server.RaftServerConfigKeys (ConfUtils.java:logGet(43)) - raft.server.rpc.timeout.min = 1s (custom)
2019-11-13 04:06:50,456 [pool-183-thread-1] INFO  server.RaftServerConfigKeys (ConfUtils.java:logGet(43)) - raft.server.rpc.timeout.max = 1200ms (custom)
2019-11-13 04:06:50,456 [pool-183-thread-1] INFO  server.RaftServerConfigKeys (ConfUtils.java:logGet(43)) - raft.server.rpcslowness.timeout = 120s (custom)
2019-11-13 04:06:50,456 [pool-183-thread-1] INFO  server.RaftServerConfigKeys (ConfUtils.java:logGet(43)) - raft.server.sleep.deviation.threshold = 300 (default)
2019-11-13 04:06:50,456 [pool-183-thread-1] INFO  server.RaftServerConfigKeys (ConfUtils.java:logGet(43)) - raft.server.log.appender.install.snapshot.enabled = false (custom)
2019-11-13 04:06:50,456 [pool-183-thread-1] INFO  impl.RaftServerImpl (ServerState.java:<init>(103)) - 0cea8a44-7441-4692-92a5-de212c14b418@group-DFFF9A1D9006: ConfigurationManager, init=-1: [0cea8a44-7441-4692-92a5-de212c14b418:192.168.34.45:44463], old=null, confs=<EMPTY_MAP>
2019-11-13 04:06:50,456 [pool-183-thread-1] INFO  server.RaftServerConfigKeys (ConfUtils.java:logGet(43)) - raft.server.storage.dir = [/workdir/hadoop-ozone/integration-test/target/test-dir/MiniOzoneClusterImpl-b85b6ab0-505c-4a5c-9cb9-9f0034e19733/datanode-3/data/ratis] (custom)
2019-11-13 04:06:50,456 [pool-183-thread-1] INFO  server.RaftServerConfigKeys (ConfUtils.java:logGet(43)) - raft.server.log.corruption.policy = EXCEPTION (default)
2019-11-13 04:06:50,457 [pool-183-thread-1] INFO  storage.RaftStorageDirectory (RaftStorageDirectory.java:analyzeStorage(246)) - The storage directory /workdir/hadoop-ozone/integration-test/target/test-dir/MiniOzoneClusterImpl-b85b6ab0-505c-4a5c-9cb9-9f0034e19733/datanode-3/data/ratis/4579f682-ff0b-423e-ac91-dfff9a1d9006 does not exist. Creating ...
2019-11-13 04:06:50,481 [pool-183-thread-1] INFO  storage.RaftStorageDirectory (RaftStorageDirectory.java:tryLock(328)) - Lock on /workdir/hadoop-ozone/integration-test/target/test-dir/MiniOzoneClusterImpl-b85b6ab0-505c-4a5c-9cb9-9f0034e19733/datanode-3/data/ratis/4579f682-ff0b-423e-ac91-dfff9a1d9006/in_use.lock acquired by nodename 22723@trunk-nightly-20191113-wdxpm-1799726093
2019-11-13 04:06:50,494 [pool-183-thread-1] INFO  storage.RaftStorage (RaftStorage.java:format(84)) - Storage directory /workdir/hadoop-ozone/integration-test/target/test-dir/MiniOzoneClusterImpl-b85b6ab0-505c-4a5c-9cb9-9f0034e19733/datanode-3/data/ratis/4579f682-ff0b-423e-ac91-dfff9a1d9006 has been successfully formatted.
2019-11-13 04:06:50,494 [pool-183-thread-1] INFO  ratis.ContainerStateMachine (ContainerStateMachine.java:loadSnapshot(223)) - group-DFFF9A1D9006: The snapshot info is null. Setting the last applied indexto:(t:0, i:~)
2019-11-13 04:06:50,494 [pool-183-thread-1] INFO  server.RaftServerConfigKeys (ConfUtils.java:logGet(43)) - raft.server.notification.no-leader.timeout = 120s (custom)
2019-11-13 04:06:50,494 [pool-183-thread-1] INFO  server.RaftServerConfigKeys (ConfUtils.java:logGet(43)) - raft.server.log.use.memory = false (default)
2019-11-13 04:06:50,495 [pool-183-thread-1] INFO  server.RaftServerConfigKeys (ConfUtils.java:logGet(43)) - raft.server.log.purge.gap = 1000000 (custom)
2019-11-13 04:06:50,495 [pool-183-thread-1] INFO  server.RaftServerConfigKeys (ConfUtils.java:logGet(43)) - raft.server.log.appender.buffer.byte-limit = 33554432 (custom)
2019-11-13 04:06:50,495 [pool-183-thread-1] INFO  server.RaftServerConfigKeys (ConfUtils.java:logGet(43)) - raft.server.log.segment.size.max = 1048576 (custom)
2019-11-13 04:06:50,495 [pool-183-thread-1] INFO  server.RaftServerConfigKeys (ConfUtils.java:logGet(43)) - raft.server.log.segment.cache.num.max = 2 (custom)
2019-11-13 04:06:50,495 [pool-183-thread-1] INFO  segmented.SegmentedRaftLogWorker (SegmentedRaftLogWorker.java:<init>(173)) - new 0cea8a44-7441-4692-92a5-de212c14b418@group-DFFF9A1D9006-SegmentedRaftLogWorker for RaftStorage:Storage Directory /workdir/hadoop-ozone/integration-test/target/test-dir/MiniOzoneClusterImpl-b85b6ab0-505c-4a5c-9cb9-9f0034e19733/datanode-3/data/ratis/4579f682-ff0b-423e-ac91-dfff9a1d9006
2019-11-13 04:06:50,495 [pool-183-thread-1] INFO  server.RaftServerConfigKeys (ConfUtils.java:logGet(43)) - raft.server.log.queue.byte-limit = 2147483647 (custom)
2019-11-13 04:06:50,495 [pool-183-thread-1] INFO  server.RaftServerConfigKeys (ConfUtils.java:logGet(43)) - raft.server.log.queue.element-limit = 1024 (custom)
2019-11-13 04:06:50,495 [pool-183-thread-1] INFO  server.RaftServerConfigKeys (ConfUtils.java:logGet(43)) - raft.server.log.segment.size.max = 1048576 (custom)
2019-11-13 04:06:50,495 [pool-183-thread-1] INFO  server.RaftServerConfigKeys (ConfUtils.java:logGet(43)) - raft.server.log.preallocated.size = 16384 (custom)
2019-11-13 04:06:50,496 [pool-183-thread-1] INFO  server.RaftServerConfigKeys (ConfUtils.java:logGet(43)) - raft.server.log.write.buffer.size = 33554432 (custom)
2019-11-13 04:06:50,496 [pool-183-thread-1] INFO  server.RaftServerConfigKeys (ConfUtils.java:logGet(43)) - raft.server.log.force.sync.num = 128 (default)
2019-11-13 04:06:50,496 [pool-183-thread-1] INFO  server.RaftServerConfigKeys (ConfUtils.java:logGet(43)) - raft.server.log.statemachine.data.sync = true (default)
2019-11-13 04:06:50,496 [pool-183-thread-1] INFO  server.RaftServerConfigKeys (ConfUtils.java:logGet(43)) - raft.server.log.statemachine.data.sync.timeout = 10s (default)
2019-11-13 04:06:50,496 [pool-183-thread-1] INFO  server.RaftServerConfigKeys (ConfUtils.java:logGet(43)) - raft.server.log.statemachine.data.sync.timeout.retry = -1 (default)
2019-11-13 04:06:50,496 [pool-183-thread-1] INFO  server.RaftServerConfigKeys (ConfUtils.java:logGet(43)) - raft.server.log.statemachine.data.caching.enabled = true (custom)
2019-11-13 04:06:50,496 [pool-183-thread-1] INFO  segmented.SegmentedRaftLogWorker (SegmentedRaftLogWorker.java:lambda$new$0(128)) - 0cea8a44-7441-4692-92a5-de212c14b418@group-DFFF9A1D9006-SegmentedRaftLogWorker: flushIndex: setUnconditionally 0 -> -1
2019-11-13 04:06:50,496 [pool-183-thread-1] INFO  server.RaftServerConfigKeys (ConfUtils.java:logGet(43)) - raft.server.snapshot.auto.trigger.enabled = true (custom)
2019-11-13 04:06:50,497 [pool-183-thread-1] INFO  server.RaftServerConfigKeys (ConfUtils.java:logGet(43)) - raft.server.snapshot.auto.trigger.threshold = 10000 (custom)
2019-11-13 04:06:50,497 [pool-183-thread-1] INFO  server.RaftServerConfigKeys (ConfUtils.java:logGet(43)) - raft.server.snapshot.retention.file.num = 5 (custom)
2019-11-13 04:06:50,497 [pool-183-thread-1] INFO  server.RaftServerConfigKeys (ConfUtils.java:logGet(43)) - raft.server.retrycache.expirytime = 600000ms (custom)
2019-11-13 04:06:50,497 [pool-183-thread-1] WARN  impl.MetricRegistriesImpl (MetricRegistriesImpl.java:lambda$create$1(61)) - First MetricRegistry has been created without registering reporters. You may need to call MetricRegistries.global().addReportRegistration(...) before.
2019-11-13 04:06:50,497 [pool-183-thread-1] WARN  impl.MetricRegistriesImpl (MetricRegistriesImpl.java:lambda$create$1(61)) - First MetricRegistry has been created without registering reporters. You may need to call MetricRegistries.global().addReportRegistration(...) before.
2019-11-13 04:06:50,497 [pool-183-thread-1] INFO  impl.RaftServerImpl (RaftServerImpl.java:start(184)) - 0cea8a44-7441-4692-92a5-de212c14b418@group-DFFF9A1D9006: start as a follower, conf=-1: [0cea8a44-7441-4692-92a5-de212c14b418:192.168.34.45:44463], old=null
2019-11-13 04:06:50,497 [pool-183-thread-1] INFO  impl.RaftServerImpl (RaftServerImpl.java:setRole(173)) - 0cea8a44-7441-4692-92a5-de212c14b418@group-DFFF9A1D9006: changes role from      null to FOLLOWER at term 0 for startAsFollower
2019-11-13 04:06:50,497 [pool-183-thread-1] INFO  impl.RoleInfo (RoleInfo.java:updateAndGet(143)) - 0cea8a44-7441-4692-92a5-de212c14b418: start FollowerState
2019-11-13 04:06:50,498 [pool-183-thread-1] INFO  util.JmxRegister (JmxRegister.java:tryRegister(44)) - Successfully registered JMX Bean with object name Ratis:service=RaftServer,group=group-DFFF9A1D9006,id=0cea8a44-7441-4692-92a5-de212c14b418
2019-11-13 04:06:50,498 [pool-183-thread-1] WARN  impl.MetricRegistriesImpl (MetricRegistriesImpl.java:lambda$create$1(61)) - First MetricRegistry has been created without registering reporters. You may need to call MetricRegistries.global().addReportRegistration(...) before.
2019-11-13 04:06:50,500 [RatisPipelineUtilsThread] INFO  pipeline.PipelineStateManager (PipelineStateManager.java:addPipeline(55)) - Created pipeline Pipeline[ Id: 4579f682-ff0b-423e-ac91-dfff9a1d9006, Nodes: 0cea8a44-7441-4692-92a5-de212c14b418{ip: 192.168.34.45, host: trunk-nightly-20191113-wdxpm-1799726093, networkLocation: /default-rack, certSerialId: null}, Type:RATIS, Factor:ONE, State:ALLOCATED]
2019-11-13 04:06:50,501 [Thread-1613] INFO  pipeline.PipelineStateManager (PipelineStateManager.java:finalizePipeline(121)) - Pipeline Pipeline[ Id: acf91f85-a512-4e89-bfae-f5c931c83913, Nodes: 50248509-472f-4b93-9431-0a6e6bd3eac0{ip: 192.168.34.45, host: trunk-nightly-20191113-wdxpm-1799726093, networkLocation: /default-rack, certSerialId: null}, Type:RATIS, Factor:ONE, State:CLOSED] moved to CLOSED state
2019-11-13 04:06:50,503 [grpc-default-executor-0] INFO  impl.RaftServerProxy (RaftServerProxy.java:remove(95)) - 50248509-472f-4b93-9431-0a6e6bd3eac0: remove    LEADER 50248509-472f-4b93-9431-0a6e6bd3eac0@group-F5C931C83913:t1, leader=50248509-472f-4b93-9431-0a6e6bd3eac0, voted=50248509-472f-4b93-9431-0a6e6bd3eac0, raftlog=50248509-472f-4b93-9431-0a6e6bd3eac0@group-F5C931C83913-SegmentedRaftLog:OPENED:c0,f0,i0, conf=0: [50248509-472f-4b93-9431-0a6e6bd3eac0:192.168.34.45:43078], old=null RUNNING
2019-11-13 04:06:50,504 [grpc-default-executor-0] INFO  impl.RaftServerImpl (RaftServerImpl.java:lambda$shutdown$3(250)) - 50248509-472f-4b93-9431-0a6e6bd3eac0@group-F5C931C83913: shutdown
2019-11-13 04:06:50,504 [grpc-default-executor-0] INFO  util.JmxRegister (JmxRegister.java:unregister(73)) - Successfully un-registered JMX Bean with object name Ratis:service=RaftServer,group=group-F5C931C83913,id=50248509-472f-4b93-9431-0a6e6bd3eac0
2019-11-13 04:06:50,504 [grpc-default-executor-0] INFO  impl.RoleInfo (RoleInfo.java:shutdownLeaderState(104)) - 50248509-472f-4b93-9431-0a6e6bd3eac0: shutdown LeaderState
2019-11-13 04:06:50,504 [grpc-default-executor-0] INFO  impl.PendingRequests (PendingRequests.java:sendNotLeaderResponses(206)) - 50248509-472f-4b93-9431-0a6e6bd3eac0@group-F5C931C83913-PendingRequests: sendNotLeaderResponses
2019-11-13 04:06:50,504 [grpc-default-executor-0] INFO  impl.StateMachineUpdater (StateMachineUpdater.java:stopAndJoin(136)) - 50248509-472f-4b93-9431-0a6e6bd3eac0@group-F5C931C83913-StateMachineUpdater: set stopIndex = 0
2019-11-13 04:06:50,505 [grpc-default-executor-0] INFO  impl.RaftServerImpl (ServerState.java:close(387)) - 50248509-472f-4b93-9431-0a6e6bd3eac0@group-F5C931C83913: closes. applyIndex: 0
2019-11-13 04:06:50,505 [50248509-472f-4b93-9431-0a6e6bd3eac0@group-F5C931C83913-SegmentedRaftLogWorker] INFO  segmented.SegmentedRaftLogWorker (SegmentedRaftLogWorker.java:run(316)) - 50248509-472f-4b93-9431-0a6e6bd3eac0@group-F5C931C83913-SegmentedRaftLogWorker was interrupted, exiting. There are 0 tasks remaining in the queue.
2019-11-13 04:06:50,506 [grpc-default-executor-0] INFO  segmented.SegmentedRaftLogWorker (SegmentedRaftLogWorker.java:close(224)) - 50248509-472f-4b93-9431-0a6e6bd3eac0@group-F5C931C83913-SegmentedRaftLogWorker close()
2019-11-13 04:06:50,511 [Thread-1613] INFO  pipeline.PipelineStateManager (PipelineStateManager.java:removePipeline(106)) - Pipeline Pipeline[ Id: acf91f85-a512-4e89-bfae-f5c931c83913, Nodes: 50248509-472f-4b93-9431-0a6e6bd3eac0{ip: 192.168.34.45, host: trunk-nightly-20191113-wdxpm-1799726093, networkLocation: /default-rack, certSerialId: null}, Type:RATIS, Factor:ONE, State:CLOSED] removed from db
2019-11-13 04:06:50,514 [grpc-default-executor-0] INFO  impl.RaftServerProxy (RaftServerProxy.java:addNew(89)) - 50248509-472f-4b93-9431-0a6e6bd3eac0: addNew group-7217ED3EB841:[50248509-472f-4b93-9431-0a6e6bd3eac0:192.168.34.45:43078] returns group-7217ED3EB841:java.util.concurrent.CompletableFuture@2a2666da[Not completed]
2019-11-13 04:06:50,517 [pool-193-thread-1] INFO  impl.RaftServerImpl (RaftServerImpl.java:<init>(98)) - 50248509-472f-4b93-9431-0a6e6bd3eac0: new RaftServerImpl for group-7217ED3EB841:[50248509-472f-4b93-9431-0a6e6bd3eac0:192.168.34.45:43078] with ContainerStateMachine:uninitialized
2019-11-13 04:06:50,517 [pool-193-thread-1] INFO  server.RaftServerConfigKeys (ConfUtils.java:logGet(43)) - raft.server.rpc.timeout.min = 1s (custom)
2019-11-13 04:06:50,517 [pool-193-thread-1] INFO  server.RaftServerConfigKeys (ConfUtils.java:logGet(43)) - raft.server.rpc.timeout.max = 1200ms (custom)
2019-11-13 04:06:50,517 [pool-193-thread-1] INFO  server.RaftServerConfigKeys (ConfUtils.java:logGet(43)) - raft.server.rpcslowness.timeout = 120s (custom)
2019-11-13 04:06:50,518 [pool-193-thread-1] INFO  server.RaftServerConfigKeys (ConfUtils.java:logGet(43)) - raft.server.sleep.deviation.threshold = 300 (default)
2019-11-13 04:06:50,518 [pool-193-thread-1] INFO  server.RaftServerConfigKeys (ConfUtils.java:logGet(43)) - raft.server.log.appender.install.snapshot.enabled = false (custom)
2019-11-13 04:06:50,518 [pool-193-thread-1] INFO  impl.RaftServerImpl (ServerState.java:<init>(103)) - 50248509-472f-4b93-9431-0a6e6bd3eac0@group-7217ED3EB841: ConfigurationManager, init=-1: [50248509-472f-4b93-9431-0a6e6bd3eac0:192.168.34.45:43078], old=null, confs=<EMPTY_MAP>
2019-11-13 04:06:50,518 [pool-193-thread-1] INFO  server.RaftServerConfigKeys (ConfUtils.java:logGet(43)) - raft.server.storage.dir = [/workdir/hadoop-ozone/integration-test/target/test-dir/MiniOzoneClusterImpl-b85b6ab0-505c-4a5c-9cb9-9f0034e19733/datanode-4/data/ratis] (custom)
2019-11-13 04:06:50,518 [pool-193-thread-1] INFO  server.RaftServerConfigKeys (ConfUtils.java:logGet(43)) - raft.server.log.corruption.policy = EXCEPTION (default)
2019-11-13 04:06:50,519 [pool-193-thread-1] INFO  storage.RaftStorageDirectory (RaftStorageDirectory.java:analyzeStorage(246)) - The storage directory /workdir/hadoop-ozone/integration-test/target/test-dir/MiniOzoneClusterImpl-b85b6ab0-505c-4a5c-9cb9-9f0034e19733/datanode-4/data/ratis/b863e164-20f2-4440-9b3e-7217ed3eb841 does not exist. Creating ...
2019-11-13 04:06:50,531 [pool-193-thread-1] INFO  storage.RaftStorageDirectory (RaftStorageDirectory.java:tryLock(328)) - Lock on /workdir/hadoop-ozone/integration-test/target/test-dir/MiniOzoneClusterImpl-b85b6ab0-505c-4a5c-9cb9-9f0034e19733/datanode-4/data/ratis/b863e164-20f2-4440-9b3e-7217ed3eb841/in_use.lock acquired by nodename 22723@trunk-nightly-20191113-wdxpm-1799726093
2019-11-13 04:06:50,545 [pool-193-thread-1] INFO  storage.RaftStorage (RaftStorage.java:format(84)) - Storage directory /workdir/hadoop-ozone/integration-test/target/test-dir/MiniOzoneClusterImpl-b85b6ab0-505c-4a5c-9cb9-9f0034e19733/datanode-4/data/ratis/b863e164-20f2-4440-9b3e-7217ed3eb841 has been successfully formatted.
2019-11-13 04:06:50,545 [pool-193-thread-1] INFO  ratis.ContainerStateMachine (ContainerStateMachine.java:loadSnapshot(223)) - group-7217ED3EB841: The snapshot info is null. Setting the last applied indexto:(t:0, i:~)
2019-11-13 04:06:50,545 [pool-193-thread-1] INFO  server.RaftServerConfigKeys (ConfUtils.java:logGet(43)) - raft.server.notification.no-leader.timeout = 120s (custom)
2019-11-13 04:06:50,545 [pool-193-thread-1] INFO  server.RaftServerConfigKeys (ConfUtils.java:logGet(43)) - raft.server.log.use.memory = false (default)
2019-11-13 04:06:50,545 [pool-193-thread-1] INFO  server.RaftServerConfigKeys (ConfUtils.java:logGet(43)) - raft.server.log.purge.gap = 1000000 (custom)
2019-11-13 04:06:50,545 [pool-193-thread-1] INFO  server.RaftServerConfigKeys (ConfUtils.java:logGet(43)) - raft.server.log.appender.buffer.byte-limit = 33554432 (custom)
2019-11-13 04:06:50,545 [pool-193-thread-1] INFO  server.RaftServerConfigKeys (ConfUtils.java:logGet(43)) - raft.server.log.segment.size.max = 1048576 (custom)
2019-11-13 04:06:50,546 [pool-193-thread-1] INFO  server.RaftServerConfigKeys (ConfUtils.java:logGet(43)) - raft.server.log.segment.cache.num.max = 2 (custom)
2019-11-13 04:06:50,546 [pool-193-thread-1] INFO  segmented.SegmentedRaftLogWorker (SegmentedRaftLogWorker.java:<init>(173)) - new 50248509-472f-4b93-9431-0a6e6bd3eac0@group-7217ED3EB841-SegmentedRaftLogWorker for RaftStorage:Storage Directory /workdir/hadoop-ozone/integration-test/target/test-dir/MiniOzoneClusterImpl-b85b6ab0-505c-4a5c-9cb9-9f0034e19733/datanode-4/data/ratis/b863e164-20f2-4440-9b3e-7217ed3eb841
2019-11-13 04:06:50,546 [pool-193-thread-1] INFO  server.RaftServerConfigKeys (ConfUtils.java:logGet(43)) - raft.server.log.queue.byte-limit = 2147483647 (custom)
2019-11-13 04:06:50,546 [pool-193-thread-1] INFO  server.RaftServerConfigKeys (ConfUtils.java:logGet(43)) - raft.server.log.queue.element-limit = 1024 (custom)
2019-11-13 04:06:50,546 [pool-193-thread-1] INFO  server.RaftServerConfigKeys (ConfUtils.java:logGet(43)) - raft.server.log.segment.size.max = 1048576 (custom)
2019-11-13 04:06:50,546 [pool-193-thread-1] INFO  server.RaftServerConfigKeys (ConfUtils.java:logGet(43)) - raft.server.log.preallocated.size = 16384 (custom)
2019-11-13 04:06:50,546 [pool-193-thread-1] INFO  server.RaftServerConfigKeys (ConfUtils.java:logGet(43)) - raft.server.log.write.buffer.size = 33554432 (custom)
2019-11-13 04:06:50,546 [pool-193-thread-1] INFO  server.RaftServerConfigKeys (ConfUtils.java:logGet(43)) - raft.server.log.force.sync.num = 128 (default)
2019-11-13 04:06:50,546 [pool-193-thread-1] INFO  server.RaftServerConfigKeys (ConfUtils.java:logGet(43)) - raft.server.log.statemachine.data.sync = true (default)
2019-11-13 04:06:50,546 [pool-193-thread-1] INFO  server.RaftServerConfigKeys (ConfUtils.java:logGet(43)) - raft.server.log.statemachine.data.sync.timeout = 10s (default)
2019-11-13 04:06:50,547 [pool-193-thread-1] INFO  server.RaftServerConfigKeys (ConfUtils.java:logGet(43)) - raft.server.log.statemachine.data.sync.timeout.retry = -1 (default)
2019-11-13 04:06:50,547 [pool-193-thread-1] INFO  server.RaftServerConfigKeys (ConfUtils.java:logGet(43)) - raft.server.log.statemachine.data.caching.enabled = true (custom)
2019-11-13 04:06:50,547 [pool-193-thread-1] INFO  segmented.SegmentedRaftLogWorker (SegmentedRaftLogWorker.java:lambda$new$0(128)) - 50248509-472f-4b93-9431-0a6e6bd3eac0@group-7217ED3EB841-SegmentedRaftLogWorker: flushIndex: setUnconditionally 0 -> -1
2019-11-13 04:06:50,547 [pool-193-thread-1] INFO  server.RaftServerConfigKeys (ConfUtils.java:logGet(43)) - raft.server.snapshot.auto.trigger.enabled = true (custom)
2019-11-13 04:06:50,547 [pool-193-thread-1] INFO  server.RaftServerConfigKeys (ConfUtils.java:logGet(43)) - raft.server.snapshot.auto.trigger.threshold = 10000 (custom)
2019-11-13 04:06:50,547 [pool-193-thread-1] INFO  server.RaftServerConfigKeys (ConfUtils.java:logGet(43)) - raft.server.snapshot.retention.file.num = 5 (custom)
2019-11-13 04:06:50,548 [pool-193-thread-1] INFO  server.RaftServerConfigKeys (ConfUtils.java:logGet(43)) - raft.server.retrycache.expirytime = 600000ms (custom)
2019-11-13 04:06:50,548 [pool-193-thread-1] WARN  impl.MetricRegistriesImpl (MetricRegistriesImpl.java:lambda$create$1(61)) - First MetricRegistry has been created without registering reporters. You may need to call MetricRegistries.global().addReportRegistration(...) before.
2019-11-13 04:06:50,548 [pool-193-thread-1] WARN  impl.MetricRegistriesImpl (MetricRegistriesImpl.java:lambda$create$1(61)) - First MetricRegistry has been created without registering reporters. You may need to call MetricRegistries.global().addReportRegistration(...) before.
2019-11-13 04:06:50,548 [pool-193-thread-1] INFO  impl.RaftServerImpl (RaftServerImpl.java:start(184)) - 50248509-472f-4b93-9431-0a6e6bd3eac0@group-7217ED3EB841: start as a follower, conf=-1: [50248509-472f-4b93-9431-0a6e6bd3eac0:192.168.34.45:43078], old=null
2019-11-13 04:06:50,548 [pool-193-thread-1] INFO  impl.RaftServerImpl (RaftServerImpl.java:setRole(173)) - 50248509-472f-4b93-9431-0a6e6bd3eac0@group-7217ED3EB841: changes role from      null to FOLLOWER at term 0 for startAsFollower
2019-11-13 04:06:50,548 [pool-193-thread-1] INFO  impl.RoleInfo (RoleInfo.java:updateAndGet(143)) - 50248509-472f-4b93-9431-0a6e6bd3eac0: start FollowerState
2019-11-13 04:06:50,549 [pool-193-thread-1] INFO  util.JmxRegister (JmxRegister.java:tryRegister(44)) - Successfully registered JMX Bean with object name Ratis:service=RaftServer,group=group-7217ED3EB841,id=50248509-472f-4b93-9431-0a6e6bd3eac0
2019-11-13 04:06:50,549 [pool-193-thread-1] WARN  impl.MetricRegistriesImpl (MetricRegistriesImpl.java:lambda$create$1(61)) - First MetricRegistry has been created without registering reporters. You may need to call MetricRegistries.global().addReportRegistration(...) before.
2019-11-13 04:06:50,551 [RatisPipelineUtilsThread] INFO  pipeline.PipelineStateManager (PipelineStateManager.java:addPipeline(55)) - Created pipeline Pipeline[ Id: b863e164-20f2-4440-9b3e-7217ed3eb841, Nodes: 50248509-472f-4b93-9431-0a6e6bd3eac0{ip: 192.168.34.45, host: trunk-nightly-20191113-wdxpm-1799726093, networkLocation: /default-rack, certSerialId: null}, Type:RATIS, Factor:ONE, State:ALLOCATED]
2019-11-13 04:06:50,885 [main] WARN  io.KeyOutputStream (KeyOutputStream.java:handleException(274)) - Encountered exception java.io.IOException: Unexpected Storage Container Exception: java.util.concurrent.CompletionException: java.util.concurrent.CompletionException: org.apache.ratis.protocol.AlreadyClosedException: SlidingWindow$Client:client-141FC95D8D41->RAFT is closed. on the pipeline Pipeline[ Id: 66ced5cf-9101-4ba0-bb07-447c0b14bdae, Nodes: 08597d3a-6b69-4d75-a39e-e4e8ac9edde4{ip: 192.168.34.45, host: trunk-nightly-20191113-wdxpm-1799726093, networkLocation: /default-rack, certSerialId: null}32d4d447-2d26-4c49-a5e1-cd2d67dbedad{ip: 192.168.34.45, host: trunk-nightly-20191113-wdxpm-1799726093, networkLocation: /default-rack, certSerialId: null}2f653e4e-b4ea-4463-ba35-13c58c0a0d31{ip: 192.168.34.45, host: trunk-nightly-20191113-wdxpm-1799726093, networkLocation: /default-rack, certSerialId: null}, Type:RATIS, Factor:THREE, State:OPEN]. The last committed block length is 0, uncommitted data length is 2097152 retry count 0
2019-11-13 04:06:50,888 [main] INFO  io.BlockOutputStreamEntryPool (BlockOutputStreamEntryPool.java:allocateNewBlock(257)) - Allocating block with ExcludeList {datanodes = [], containerIds = [], pipelineIds = [PipelineID=66ced5cf-9101-4ba0-bb07-447c0b14bdae]}
2019-11-13 04:06:50,891 [IPC Server handler 5 on 37139] WARN  block.BlockManagerImpl (BlockManagerImpl.java:allocateBlock(200)) - Pipeline creation failed for type:RATIS factor:THREE. Retrying get pipelines call once.
org.apache.hadoop.hdds.scm.pipeline.InsufficientDatanodesException: Cannot create pipeline of factor 3 using 0 nodes.
	at org.apache.hadoop.hdds.scm.pipeline.RatisPipelineProvider.create(RatisPipelineProvider.java:153)
	at org.apache.hadoop.hdds.scm.pipeline.PipelineFactory.create(PipelineFactory.java:58)
	at org.apache.hadoop.hdds.scm.pipeline.SCMPipelineManager.createPipeline(SCMPipelineManager.java:155)
	at org.apache.hadoop.hdds.scm.block.BlockManagerImpl.allocateBlock(BlockManagerImpl.java:198)
	at org.apache.hadoop.hdds.scm.server.SCMBlockProtocolServer.allocateBlock(SCMBlockProtocolServer.java:187)
	at org.apache.hadoop.hdds.scm.protocol.ScmBlockLocationProtocolServerSideTranslatorPB.allocateScmBlock(ScmBlockLocationProtocolServerSideTranslatorPB.java:159)
	at org.apache.hadoop.hdds.scm.protocol.ScmBlockLocationProtocolServerSideTranslatorPB.processMessage(ScmBlockLocationProtocolServerSideTranslatorPB.java:117)
	at org.apache.hadoop.hdds.server.OzoneProtocolMessageDispatcher.processRequest(OzoneProtocolMessageDispatcher.java:72)
	at org.apache.hadoop.hdds.scm.protocol.ScmBlockLocationProtocolServerSideTranslatorPB.send(ScmBlockLocationProtocolServerSideTranslatorPB.java:98)
	at org.apache.hadoop.hdds.protocol.proto.ScmBlockLocationProtocolProtos$ScmBlockLocationProtocolService$2.callBlockingMethod(ScmBlockLocationProtocolProtos.java:13157)
	at org.apache.hadoop.ipc.ProtobufRpcEngine$Server$ProtoBufRpcInvoker.call(ProtobufRpcEngine.java:524)
	at org.apache.hadoop.ipc.RPC$Server.call(RPC.java:1025)
	at org.apache.hadoop.ipc.Server$RpcCall.run(Server.java:876)
	at org.apache.hadoop.ipc.Server$RpcCall.run(Server.java:822)
	at java.security.AccessController.doPrivileged(Native Method)
	at javax.security.auth.Subject.doAs(Subject.java:422)
	at org.apache.hadoop.security.UserGroupInformation.doAs(UserGroupInformation.java:1730)
	at org.apache.hadoop.ipc.Server$Handler.run(Server.java:2682)
2019-11-13 04:06:50,892 [IPC Server handler 5 on 37139] INFO  block.BlockManagerImpl (BlockManagerImpl.java:allocateBlock(212)) - Could not find available pipeline of type:RATIS and factor:THREE even after retrying
2019-11-13 04:06:50,892 [IPC Server handler 5 on 37139] ERROR block.BlockManagerImpl (BlockManagerImpl.java:allocateBlock(236)) - Unable to allocate a block for the size: 4194304, type: RATIS, factor: THREE
2019-11-13 04:06:50,896 [main] ERROR io.BlockOutputStreamEntryPool (BlockOutputStreamEntryPool.java:allocateBlockIfNeeded(310)) - Try to allocate more blocks for write failed, already allocated 0 blocks for this write.
INTERNAL_ERROR org.apache.hadoop.ozone.om.exceptions.OMException: Allocated 0 blocks. Requested 1 blocks
	at org.apache.hadoop.ozone.om.protocolPB.OzoneManagerProtocolClientSideTranslatorPB.handleError(OzoneManagerProtocolClientSideTranslatorPB.java:761)
	at org.apache.hadoop.ozone.om.protocolPB.OzoneManagerProtocolClientSideTranslatorPB.allocateBlock(OzoneManagerProtocolClientSideTranslatorPB.java:793)
	at sun.reflect.NativeMethodAccessorImpl.invoke0(Native Method)
	at sun.reflect.NativeMethodAccessorImpl.invoke(NativeMethodAccessorImpl.java:62)
	at sun.reflect.DelegatingMethodAccessorImpl.invoke(DelegatingMethodAccessorImpl.java:43)
	at java.lang.reflect.Method.invoke(Method.java:498)
	at org.apache.hadoop.hdds.tracing.TraceAllMethod.invoke(TraceAllMethod.java:66)
	at com.sun.proxy.$Proxy36.allocateBlock(Unknown Source)
	at org.apache.hadoop.ozone.client.io.BlockOutputStreamEntryPool.allocateNewBlock(BlockOutputStreamEntryPool.java:259)
	at org.apache.hadoop.ozone.client.io.BlockOutputStreamEntryPool.allocateBlockIfNeeded(BlockOutputStreamEntryPool.java:307)
	at org.apache.hadoop.ozone.client.io.KeyOutputStream.handleWrite(KeyOutputStream.java:198)
	at org.apache.hadoop.ozone.client.io.KeyOutputStream.handleRetry(KeyOutputStream.java:375)
	at org.apache.hadoop.ozone.client.io.KeyOutputStream.handleException(KeyOutputStream.java:324)
	at org.apache.hadoop.ozone.client.io.KeyOutputStream.handleWrite(KeyOutputStream.java:228)
	at org.apache.hadoop.ozone.client.io.KeyOutputStream.write(KeyOutputStream.java:190)
	at org.apache.hadoop.ozone.client.io.OzoneOutputStream.write(OzoneOutputStream.java:49)
	at java.io.OutputStream.write(OutputStream.java:75)
	at org.apache.hadoop.ozone.client.rpc.TestMultiBlockWritesWithDnFailures.testMultiBlockWritesWithDnFailures(TestMultiBlockWritesWithDnFailures.java:123)
	at sun.reflect.NativeMethodAccessorImpl.invoke0(Native Method)
	at sun.reflect.NativeMethodAccessorImpl.invoke(NativeMethodAccessorImpl.java:62)
	at sun.reflect.DelegatingMethodAccessorImpl.invoke(DelegatingMethodAccessorImpl.java:43)
	at java.lang.reflect.Method.invoke(Method.java:498)
	at org.junit.runners.model.FrameworkMethod$1.runReflectiveCall(FrameworkMethod.java:47)
	at org.junit.internal.runners.model.ReflectiveCallable.run(ReflectiveCallable.java:12)
	at org.junit.runners.model.FrameworkMethod.invokeExplosively(FrameworkMethod.java:44)
	at org.junit.internal.runners.statements.InvokeMethod.evaluate(InvokeMethod.java:17)
	at org.junit.internal.runners.statements.RunAfters.evaluate(RunAfters.java:27)
	at org.junit.runners.ParentRunner.runLeaf(ParentRunner.java:271)
	at org.junit.runners.BlockJUnit4ClassRunner.runChild(BlockJUnit4ClassRunner.java:70)
	at org.junit.runners.BlockJUnit4ClassRunner.runChild(BlockJUnit4ClassRunner.java:50)
	at org.junit.runners.ParentRunner$3.run(ParentRunner.java:238)
	at org.junit.runners.ParentRunner$1.schedule(ParentRunner.java:63)
	at org.junit.runners.ParentRunner.runChildren(ParentRunner.java:236)
	at org.junit.runners.ParentRunner.access$000(ParentRunner.java:53)
	at org.junit.runners.ParentRunner$2.evaluate(ParentRunner.java:229)
	at org.junit.runners.ParentRunner.run(ParentRunner.java:309)
	at org.apache.maven.surefire.junit4.JUnit4Provider.execute(JUnit4Provider.java:365)
	at org.apache.maven.surefire.junit4.JUnit4Provider.executeWithRerun(JUnit4Provider.java:273)
	at org.apache.maven.surefire.junit4.JUnit4Provider.executeTestSet(JUnit4Provider.java:238)
	at org.apache.maven.surefire.junit4.JUnit4Provider.invoke(JUnit4Provider.java:159)
	at org.apache.maven.surefire.booter.ForkedBooter.invokeProviderInSameClassLoader(ForkedBooter.java:384)
	at org.apache.maven.surefire.booter.ForkedBooter.runSuitesInProcess(ForkedBooter.java:345)
	at org.apache.maven.surefire.booter.ForkedBooter.execute(ForkedBooter.java:126)
	at org.apache.maven.surefire.booter.ForkedBooter.main(ForkedBooter.java:418)
2019-11-13 04:06:50,897 [main] INFO  ozone.MiniOzoneClusterImpl (MiniOzoneClusterImpl.java:shutdown(352)) - Shutting down the Mini Ozone Cluster
2019-11-13 04:06:50,897 [main] INFO  ozone.MiniOzoneClusterImpl (MiniOzoneClusterImpl.java:stop(368)) - Stopping the Mini Ozone Cluster
2019-11-13 04:06:50,897 [main] INFO  ozone.MiniOzoneClusterImpl (MiniOzoneClusterImpl.java:stopOM(438)) - Stopping the OzoneManager
2019-11-13 04:06:50,897 [main] INFO  ipc.Server (Server.java:stop(3082)) - Stopping server on 34788
2019-11-13 04:06:50,906 [IPC Server listener on 34788] INFO  ipc.Server (Server.java:run(1185)) - Stopping IPC Server listener on 34788
2019-11-13 04:06:50,906 [main] INFO  ratis.OzoneManagerDoubleBuffer (OzoneManagerDoubleBuffer.java:stop(261)) - Stopping OMDoubleBuffer flush thread
2019-11-13 04:06:50,908 [IPC Server Responder] INFO  ipc.Server (Server.java:run(1319)) - Stopping IPC Server Responder
2019-11-13 04:06:50,914 [OMDoubleBufferFlushThread] INFO  ratis.OzoneManagerDoubleBuffer (OzoneManagerDoubleBuffer.java:flushTransactions(199)) - OMDoubleBuffer flush thread OMDoubleBufferFlushThread is interrupted and will exit. OMDoubleBufferFlushThread
2019-11-13 04:06:50,921 [main] INFO  utils.BackgroundService (BackgroundService.java:shutdown(151)) - Shutting down service KeyDeletingService
2019-11-13 04:06:50,922 [main] INFO  handler.ContextHandler (ContextHandler.java:doStop(910)) - Stopped o.e.j.w.WebAppContext@6d0be7ab{/,null,UNAVAILABLE}{/ozoneManager}
2019-11-13 04:06:50,923 [main] INFO  server.AbstractConnector (AbstractConnector.java:doStop(318)) - Stopped ServerConnector@1d4fb213{HTTP/1.1,[http/1.1]}{0.0.0.0:0}
2019-11-13 04:06:50,923 [main] INFO  handler.ContextHandler (ContextHandler.java:doStop(910)) - Stopped o.e.j.s.ServletContextHandler@adcfad9{/static,file:///workdir/hadoop-ozone/integration-test/target/test-classes/webapps/static,UNAVAILABLE}
2019-11-13 04:06:50,923 [main] INFO  handler.ContextHandler (ContextHandler.java:doStop(910)) - Stopped o.e.j.s.ServletContextHandler@5b5dce5c{/logs,file:///workdir/hadoop-ozone/integration-test/target/log,UNAVAILABLE}
2019-11-13 04:06:50,926 [main] INFO  ozone.MiniOzoneClusterImpl (MiniOzoneClusterImpl.java:stopDatanodes(415)) - Stopping the HddsDatanodes
2019-11-13 04:06:51,222 [Thread-1726] INFO  impl.FollowerState (FollowerState.java:run(111)) - 2f653e4e-b4ea-4463-ba35-13c58c0a0d31@group-038E72117229-FollowerState: change to CANDIDATE, lastRpcTime:1013ms, electionTimeout:1013ms
2019-11-13 04:06:51,222 [Thread-1726] INFO  impl.RoleInfo (RoleInfo.java:shutdownFollowerState(121)) - 2f653e4e-b4ea-4463-ba35-13c58c0a0d31: shutdown FollowerState
2019-11-13 04:06:51,223 [Thread-1726] INFO  impl.RaftServerImpl (RaftServerImpl.java:setRole(173)) - 2f653e4e-b4ea-4463-ba35-13c58c0a0d31@group-038E72117229: changes role from  FOLLOWER to CANDIDATE at term 0 for changeToCandidate
2019-11-13 04:06:51,223 [Thread-1726] INFO  impl.RoleInfo (RoleInfo.java:updateAndGet(143)) - 2f653e4e-b4ea-4463-ba35-13c58c0a0d31: start LeaderElection
2019-11-13 04:06:51,278 [2f653e4e-b4ea-4463-ba35-13c58c0a0d31@group-038E72117229-LeaderElection63] INFO  impl.LeaderElection (LeaderElection.java:askForVotes(178)) - 2f653e4e-b4ea-4463-ba35-13c58c0a0d31@group-038E72117229-LeaderElection63: begin an election at term 1 for -1: [08597d3a-6b69-4d75-a39e-e4e8ac9edde4:192.168.34.45:41890, 32d4d447-2d26-4c49-a5e1-cd2d67dbedad:192.168.34.45:40211, 2f653e4e-b4ea-4463-ba35-13c58c0a0d31:192.168.34.45:41897], old=null
2019-11-13 04:06:51,283 [grpc-default-executor-0] INFO  impl.RaftServerImpl (RaftServerImpl.java:setRole(173)) - 08597d3a-6b69-4d75-a39e-e4e8ac9edde4@group-038E72117229: changes role from  FOLLOWER to FOLLOWER at term 1 for recognizeCandidate:2f653e4e-b4ea-4463-ba35-13c58c0a0d31
2019-11-13 04:06:51,283 [grpc-default-executor-0] INFO  impl.RoleInfo (RoleInfo.java:shutdownFollowerState(121)) - 08597d3a-6b69-4d75-a39e-e4e8ac9edde4: shutdown FollowerState
2019-11-13 04:06:51,284 [grpc-default-executor-4] INFO  impl.RaftServerImpl (RaftServerImpl.java:setRole(173)) - 32d4d447-2d26-4c49-a5e1-cd2d67dbedad@group-038E72117229: changes role from  FOLLOWER to FOLLOWER at term 1 for recognizeCandidate:2f653e4e-b4ea-4463-ba35-13c58c0a0d31
2019-11-13 04:06:51,285 [Thread-1723] INFO  impl.FollowerState (FollowerState.java:run(120)) - 08597d3a-6b69-4d75-a39e-e4e8ac9edde4@group-038E72117229-FollowerState was interrupted: java.lang.InterruptedException: sleep interrupted
2019-11-13 04:06:51,285 [grpc-default-executor-4] INFO  impl.RoleInfo (RoleInfo.java:shutdownFollowerState(121)) - 32d4d447-2d26-4c49-a5e1-cd2d67dbedad: shutdown FollowerState
2019-11-13 04:06:51,285 [grpc-default-executor-0] INFO  impl.RoleInfo (RoleInfo.java:updateAndGet(143)) - 08597d3a-6b69-4d75-a39e-e4e8ac9edde4: start FollowerState
2019-11-13 04:06:51,285 [Thread-1720] INFO  impl.FollowerState (FollowerState.java:run(120)) - 32d4d447-2d26-4c49-a5e1-cd2d67dbedad@group-038E72117229-FollowerState was interrupted: java.lang.InterruptedException: sleep interrupted
2019-11-13 04:06:51,285 [grpc-default-executor-4] INFO  impl.RoleInfo (RoleInfo.java:updateAndGet(143)) - 32d4d447-2d26-4c49-a5e1-cd2d67dbedad: start FollowerState
2019-11-13 04:06:51,299 [2f653e4e-b4ea-4463-ba35-13c58c0a0d31@group-038E72117229-LeaderElection63] INFO  impl.LeaderElection (LeaderElection.java:logAndReturn(56)) - 2f653e4e-b4ea-4463-ba35-13c58c0a0d31@group-038E72117229-LeaderElection63: Election PASSED; received 1 response(s) [2f653e4e-b4ea-4463-ba35-13c58c0a0d31<-32d4d447-2d26-4c49-a5e1-cd2d67dbedad#0:OK-t1] and 0 exception(s); 2f653e4e-b4ea-4463-ba35-13c58c0a0d31@group-038E72117229:t1, leader=null, voted=2f653e4e-b4ea-4463-ba35-13c58c0a0d31, raftlog=2f653e4e-b4ea-4463-ba35-13c58c0a0d31@group-038E72117229-SegmentedRaftLog:OPENED:c-1,f-1,i0, conf=-1: [08597d3a-6b69-4d75-a39e-e4e8ac9edde4:192.168.34.45:41890, 32d4d447-2d26-4c49-a5e1-cd2d67dbedad:192.168.34.45:40211, 2f653e4e-b4ea-4463-ba35-13c58c0a0d31:192.168.34.45:41897], old=null
2019-11-13 04:06:51,299 [2f653e4e-b4ea-4463-ba35-13c58c0a0d31@group-038E72117229-LeaderElection63] INFO  impl.RoleInfo (RoleInfo.java:shutdownLeaderElection(134)) - 2f653e4e-b4ea-4463-ba35-13c58c0a0d31: shutdown LeaderElection
2019-11-13 04:06:51,299 [2f653e4e-b4ea-4463-ba35-13c58c0a0d31@group-038E72117229-LeaderElection63] INFO  impl.RaftServerImpl (RaftServerImpl.java:setRole(173)) - 2f653e4e-b4ea-4463-ba35-13c58c0a0d31@group-038E72117229: changes role from CANDIDATE to LEADER at term 1 for changeToLeader
2019-11-13 04:06:51,299 [2f653e4e-b4ea-4463-ba35-13c58c0a0d31@group-038E72117229-LeaderElection63] INFO  ratis.XceiverServerRatis (XceiverServerRatis.java:handleLeaderChangedNotification(697)) - Leader change notification received for group: group-038E72117229 with new leaderId: 2f653e4e-b4ea-4463-ba35-13c58c0a0d31
2019-11-13 04:06:51,299 [2f653e4e-b4ea-4463-ba35-13c58c0a0d31@group-038E72117229-LeaderElection63] INFO  impl.RaftServerImpl (ServerState.java:setLeader(255)) - 2f653e4e-b4ea-4463-ba35-13c58c0a0d31@group-038E72117229: change Leader from null to 2f653e4e-b4ea-4463-ba35-13c58c0a0d31 at term 1 for becomeLeader, leader elected after 1101ms
2019-11-13 04:06:51,299 [Datanode State Machine Thread - 0] INFO  statemachine.DatanodeStateMachine (DatanodeStateMachine.java:lambda$startDaemon$0(350)) - Ozone container server started.
2019-11-13 04:06:51,299 [2f653e4e-b4ea-4463-ba35-13c58c0a0d31@group-038E72117229-LeaderElection63] INFO  server.RaftServerConfigKeys (ConfUtils.java:logGet(43)) - raft.server.staging.catchup.gap = 1000 (default)
2019-11-13 04:06:51,299 [2f653e4e-b4ea-4463-ba35-13c58c0a0d31@group-038E72117229-LeaderElection63] INFO  server.RaftServerConfigKeys (ConfUtils.java:logGet(43)) - raft.server.rpc.sleep.time = 25ms (default)
2019-11-13 04:06:51,300 [2f653e4e-b4ea-4463-ba35-13c58c0a0d31@group-038E72117229-LeaderElection63] INFO  server.RaftServerConfigKeys (ConfUtils.java:logGet(43)) - raft.server.write.element-limit = 4096 (default)
2019-11-13 04:06:51,300 [2f653e4e-b4ea-4463-ba35-13c58c0a0d31@group-038E72117229-LeaderElection63] INFO  server.RaftServerConfigKeys (ConfUtils.java:logGet(43)) - raft.server.watch.timeout = 10s (default)
2019-11-13 04:06:51,300 [2f653e4e-b4ea-4463-ba35-13c58c0a0d31@group-038E72117229-LeaderElection63] INFO  server.RaftServerConfigKeys (ConfUtils.java:logGet(43)) - raft.server.watch.timeout.denomination = 1s (default)
2019-11-13 04:06:51,300 [2f653e4e-b4ea-4463-ba35-13c58c0a0d31@group-038E72117229-LeaderElection63] INFO  server.RaftServerConfigKeys (ConfUtils.java:logGet(43)) - raft.server.watch.element-limit = 65536 (default)
2019-11-13 04:06:51,300 [2f653e4e-b4ea-4463-ba35-13c58c0a0d31@group-038E72117229-LeaderElection63] INFO  server.RaftServerConfigKeys (ConfUtils.java:logGet(43)) - raft.server.log.appender.snapshot.chunk.size.max = 16MB (=16777216) (default)
2019-11-13 04:06:51,300 [2f653e4e-b4ea-4463-ba35-13c58c0a0d31@group-038E72117229-LeaderElection63] INFO  server.RaftServerConfigKeys (ConfUtils.java:logGet(43)) - raft.server.log.appender.buffer.byte-limit = 33554432 (custom)
2019-11-13 04:06:51,300 [2f653e4e-b4ea-4463-ba35-13c58c0a0d31@group-038E72117229-LeaderElection63] INFO  server.RaftServerConfigKeys (ConfUtils.java:logGet(43)) - raft.server.log.appender.buffer.element-limit = 1 (custom)
2019-11-13 04:06:51,300 [2f653e4e-b4ea-4463-ba35-13c58c0a0d31@group-038E72117229-LeaderElection63] INFO  grpc.GrpcConfigKeys$Server (ConfUtils.java:logGet(43)) - raft.grpc.server.leader.outstanding.appends.max = 128 (default)
2019-11-13 04:06:51,301 [2f653e4e-b4ea-4463-ba35-13c58c0a0d31@group-038E72117229-LeaderElection63] INFO  server.RaftServerConfigKeys (ConfUtils.java:logGet(43)) - raft.server.rpc.request.timeout = 3000ms (default)
2019-11-13 04:06:51,301 [2f653e4e-b4ea-4463-ba35-13c58c0a0d31@group-038E72117229-LeaderElection63] INFO  server.RaftServerConfigKeys (ConfUtils.java:logGet(43)) - raft.server.log.appender.install.snapshot.enabled = false (custom)
2019-11-13 04:06:51,301 [2f653e4e-b4ea-4463-ba35-13c58c0a0d31@group-038E72117229-LeaderElection63] WARN  impl.MetricRegistriesImpl (MetricRegistriesImpl.java:lambda$create$1(61)) - First MetricRegistry has been created without registering reporters. You may need to call MetricRegistries.global().addReportRegistration(...) before.
2019-11-13 04:06:51,301 [2f653e4e-b4ea-4463-ba35-13c58c0a0d31@group-038E72117229-LeaderElection63] INFO  server.RaftServerConfigKeys (ConfUtils.java:logGet(43)) - raft.server.log.appender.snapshot.chunk.size.max = 16MB (=16777216) (default)
2019-11-13 04:06:51,301 [2f653e4e-b4ea-4463-ba35-13c58c0a0d31@group-038E72117229-LeaderElection63] INFO  server.RaftServerConfigKeys (ConfUtils.java:logGet(43)) - raft.server.log.appender.buffer.byte-limit = 33554432 (custom)
2019-11-13 04:06:51,301 [2f653e4e-b4ea-4463-ba35-13c58c0a0d31@group-038E72117229-LeaderElection63] INFO  server.RaftServerConfigKeys (ConfUtils.java:logGet(43)) - raft.server.log.appender.buffer.element-limit = 1 (custom)
2019-11-13 04:06:51,301 [2f653e4e-b4ea-4463-ba35-13c58c0a0d31@group-038E72117229-LeaderElection63] INFO  grpc.GrpcConfigKeys$Server (ConfUtils.java:logGet(43)) - raft.grpc.server.leader.outstanding.appends.max = 128 (default)
2019-11-13 04:06:51,301 [2f653e4e-b4ea-4463-ba35-13c58c0a0d31@group-038E72117229-LeaderElection63] INFO  server.RaftServerConfigKeys (ConfUtils.java:logGet(43)) - raft.server.rpc.request.timeout = 3000ms (default)
2019-11-13 04:06:51,301 [2f653e4e-b4ea-4463-ba35-13c58c0a0d31@group-038E72117229-LeaderElection63] INFO  server.RaftServerConfigKeys (ConfUtils.java:logGet(43)) - raft.server.log.appender.install.snapshot.enabled = false (custom)
2019-11-13 04:06:51,302 [2f653e4e-b4ea-4463-ba35-13c58c0a0d31@group-038E72117229-LeaderElection63] INFO  impl.RoleInfo (RoleInfo.java:updateAndGet(143)) - 2f653e4e-b4ea-4463-ba35-13c58c0a0d31: start LeaderState
2019-11-13 04:06:51,302 [2f653e4e-b4ea-4463-ba35-13c58c0a0d31@group-038E72117229-LeaderElection63] INFO  segmented.SegmentedRaftLogWorker (SegmentedRaftLogWorker.java:startLogSegment(385)) - 2f653e4e-b4ea-4463-ba35-13c58c0a0d31@group-038E72117229-SegmentedRaftLogWorker: Starting segment from index:0
2019-11-13 04:06:51,302 [2f653e4e-b4ea-4463-ba35-13c58c0a0d31@group-038E72117229-LeaderElection63] INFO  impl.RaftServerImpl (ServerState.java:setRaftConf(356)) - 2f653e4e-b4ea-4463-ba35-13c58c0a0d31@group-038E72117229: set configuration 0: [08597d3a-6b69-4d75-a39e-e4e8ac9edde4:192.168.34.45:41890, 32d4d447-2d26-4c49-a5e1-cd2d67dbedad:192.168.34.45:40211, 2f653e4e-b4ea-4463-ba35-13c58c0a0d31:192.168.34.45:41897], old=null at 0
2019-11-13 04:06:51,304 [grpc-default-executor-4] INFO  ratis.XceiverServerRatis (XceiverServerRatis.java:handleLeaderChangedNotification(697)) - Leader change notification received for group: group-038E72117229 with new leaderId: 2f653e4e-b4ea-4463-ba35-13c58c0a0d31
2019-11-13 04:06:51,304 [grpc-default-executor-4] INFO  impl.RaftServerImpl (ServerState.java:setLeader(255)) - 32d4d447-2d26-4c49-a5e1-cd2d67dbedad@group-038E72117229: change Leader from null to 2f653e4e-b4ea-4463-ba35-13c58c0a0d31 at term 1 for appendEntries, leader elected after 1106ms
2019-11-13 04:06:51,304 [grpc-default-executor-0] INFO  ratis.XceiverServerRatis (XceiverServerRatis.java:handleLeaderChangedNotification(697)) - Leader change notification received for group: group-038E72117229 with new leaderId: 2f653e4e-b4ea-4463-ba35-13c58c0a0d31
2019-11-13 04:06:51,328 [grpc-default-executor-0] INFO  impl.RaftServerImpl (ServerState.java:setLeader(255)) - 08597d3a-6b69-4d75-a39e-e4e8ac9edde4@group-038E72117229: change Leader from null to 2f653e4e-b4ea-4463-ba35-13c58c0a0d31 at term 1 for appendEntries, leader elected after 1107ms
2019-11-13 04:06:51,330 [grpc-default-executor-0] INFO  impl.RaftServerImpl (ServerState.java:setRaftConf(356)) - 32d4d447-2d26-4c49-a5e1-cd2d67dbedad@group-038E72117229: set configuration 0: [08597d3a-6b69-4d75-a39e-e4e8ac9edde4:192.168.34.45:41890, 32d4d447-2d26-4c49-a5e1-cd2d67dbedad:192.168.34.45:40211, 2f653e4e-b4ea-4463-ba35-13c58c0a0d31:192.168.34.45:41897], old=null at 0
2019-11-13 04:06:51,330 [grpc-default-executor-0] INFO  segmented.SegmentedRaftLogWorker (SegmentedRaftLogWorker.java:startLogSegment(385)) - 32d4d447-2d26-4c49-a5e1-cd2d67dbedad@group-038E72117229-SegmentedRaftLogWorker: Starting segment from index:0
2019-11-13 04:06:51,330 [grpc-default-executor-4] INFO  impl.RaftServerImpl (ServerState.java:setRaftConf(356)) - 08597d3a-6b69-4d75-a39e-e4e8ac9edde4@group-038E72117229: set configuration 0: [08597d3a-6b69-4d75-a39e-e4e8ac9edde4:192.168.34.45:41890, 32d4d447-2d26-4c49-a5e1-cd2d67dbedad:192.168.34.45:40211, 2f653e4e-b4ea-4463-ba35-13c58c0a0d31:192.168.34.45:41897], old=null at 0
2019-11-13 04:06:51,331 [grpc-default-executor-4] INFO  segmented.SegmentedRaftLogWorker (SegmentedRaftLogWorker.java:startLogSegment(385)) - 08597d3a-6b69-4d75-a39e-e4e8ac9edde4@group-038E72117229-SegmentedRaftLogWorker: Starting segment from index:0
2019-11-13 04:06:51,340 [2f653e4e-b4ea-4463-ba35-13c58c0a0d31@group-038E72117229-SegmentedRaftLogWorker] INFO  segmented.SegmentedRaftLogWorker (SegmentedRaftLogWorker.java:execute(576)) - 2f653e4e-b4ea-4463-ba35-13c58c0a0d31@group-038E72117229-SegmentedRaftLogWorker: created new log segment /workdir/hadoop-ozone/integration-test/target/test-dir/MiniOzoneClusterImpl-b85b6ab0-505c-4a5c-9cb9-9f0034e19733/datanode-1/data/ratis/0e07bcb2-5232-4789-9d6c-038e72117229/current/log_inprogress_0
2019-11-13 04:06:51,354 [Command processor thread] ERROR commandhandler.CloseContainerCommandHandler (CloseContainerCommandHandler.java:handle(84)) - Container #1 does not exist in datanode. Container close failed.
2019-11-13 04:06:51,369 [Thread-1744] INFO  impl.FollowerState (FollowerState.java:run(111)) - 0cea8a44-7441-4692-92a5-de212c14b418@group-609D232F86F7-FollowerState: change to CANDIDATE, lastRpcTime:1005ms, electionTimeout:1005ms
2019-11-13 04:06:51,369 [Thread-1744] INFO  impl.RoleInfo (RoleInfo.java:shutdownFollowerState(121)) - 0cea8a44-7441-4692-92a5-de212c14b418: shutdown FollowerState
2019-11-13 04:06:51,369 [Thread-1744] INFO  impl.RaftServerImpl (RaftServerImpl.java:setRole(173)) - 0cea8a44-7441-4692-92a5-de212c14b418@group-609D232F86F7: changes role from  FOLLOWER to CANDIDATE at term 0 for changeToCandidate
2019-11-13 04:06:51,369 [Thread-1744] INFO  impl.RoleInfo (RoleInfo.java:updateAndGet(143)) - 0cea8a44-7441-4692-92a5-de212c14b418: start LeaderElection
2019-11-13 04:06:51,372 [32d4d447-2d26-4c49-a5e1-cd2d67dbedad@group-038E72117229-SegmentedRaftLogWorker] INFO  segmented.SegmentedRaftLogWorker (SegmentedRaftLogWorker.java:execute(576)) - 32d4d447-2d26-4c49-a5e1-cd2d67dbedad@group-038E72117229-SegmentedRaftLogWorker: created new log segment /workdir/hadoop-ozone/integration-test/target/test-dir/MiniOzoneClusterImpl-b85b6ab0-505c-4a5c-9cb9-9f0034e19733/datanode-0/data/ratis/0e07bcb2-5232-4789-9d6c-038e72117229/current/log_inprogress_0
2019-11-13 04:06:51,373 [08597d3a-6b69-4d75-a39e-e4e8ac9edde4@group-038E72117229-SegmentedRaftLogWorker] INFO  segmented.SegmentedRaftLogWorker (SegmentedRaftLogWorker.java:execute(576)) - 08597d3a-6b69-4d75-a39e-e4e8ac9edde4@group-038E72117229-SegmentedRaftLogWorker: created new log segment /workdir/hadoop-ozone/integration-test/target/test-dir/MiniOzoneClusterImpl-b85b6ab0-505c-4a5c-9cb9-9f0034e19733/datanode-2/data/ratis/0e07bcb2-5232-4789-9d6c-038e72117229/current/log_inprogress_0
2019-11-13 04:06:51,385 [0cea8a44-7441-4692-92a5-de212c14b418@group-609D232F86F7-LeaderElection64] INFO  impl.LeaderElection (LeaderElection.java:askForVotes(178)) - 0cea8a44-7441-4692-92a5-de212c14b418@group-609D232F86F7-LeaderElection64: begin an election at term 1 for -1: [0cea8a44-7441-4692-92a5-de212c14b418:192.168.34.45:44463, 50248509-472f-4b93-9431-0a6e6bd3eac0:192.168.34.45:43078, 64d096e6-e0ae-4a1d-97a3-03513c91a164:192.168.34.45:39823], old=null
2019-11-13 04:06:51,390 [grpc-default-executor-0] INFO  impl.RaftServerImpl (RaftServerImpl.java:setRole(173)) - 50248509-472f-4b93-9431-0a6e6bd3eac0@group-609D232F86F7: changes role from  FOLLOWER to FOLLOWER at term 1 for recognizeCandidate:0cea8a44-7441-4692-92a5-de212c14b418
2019-11-13 04:06:51,390 [grpc-default-executor-0] INFO  impl.RoleInfo (RoleInfo.java:shutdownFollowerState(121)) - 50248509-472f-4b93-9431-0a6e6bd3eac0: shutdown FollowerState
2019-11-13 04:06:51,390 [Thread-1743] INFO  impl.FollowerState (FollowerState.java:run(120)) - 50248509-472f-4b93-9431-0a6e6bd3eac0@group-609D232F86F7-FollowerState was interrupted: java.lang.InterruptedException: sleep interrupted
2019-11-13 04:06:51,390 [grpc-default-executor-0] INFO  impl.RoleInfo (RoleInfo.java:updateAndGet(143)) - 50248509-472f-4b93-9431-0a6e6bd3eac0: start FollowerState
2019-11-13 04:06:51,392 [grpc-default-executor-7] INFO  impl.RaftServerImpl (RaftServerImpl.java:setRole(173)) - 64d096e6-e0ae-4a1d-97a3-03513c91a164@group-609D232F86F7: changes role from  FOLLOWER to FOLLOWER at term 1 for recognizeCandidate:0cea8a44-7441-4692-92a5-de212c14b418
2019-11-13 04:06:51,392 [grpc-default-executor-7] INFO  impl.RoleInfo (RoleInfo.java:shutdownFollowerState(121)) - 64d096e6-e0ae-4a1d-97a3-03513c91a164: shutdown FollowerState
2019-11-13 04:06:51,393 [grpc-default-executor-7] INFO  impl.RoleInfo (RoleInfo.java:updateAndGet(143)) - 64d096e6-e0ae-4a1d-97a3-03513c91a164: start FollowerState
2019-11-13 04:06:51,393 [Thread-1739] INFO  impl.FollowerState (FollowerState.java:run(120)) - 64d096e6-e0ae-4a1d-97a3-03513c91a164@group-609D232F86F7-FollowerState was interrupted: java.lang.InterruptedException: sleep interrupted
2019-11-13 04:06:51,406 [0cea8a44-7441-4692-92a5-de212c14b418@group-609D232F86F7-LeaderElection64] INFO  impl.LeaderElection (LeaderElection.java:logAndReturn(56)) - 0cea8a44-7441-4692-92a5-de212c14b418@group-609D232F86F7-LeaderElection64: Election PASSED; received 1 response(s) [0cea8a44-7441-4692-92a5-de212c14b418<-50248509-472f-4b93-9431-0a6e6bd3eac0#0:OK-t1] and 0 exception(s); 0cea8a44-7441-4692-92a5-de212c14b418@group-609D232F86F7:t1, leader=null, voted=0cea8a44-7441-4692-92a5-de212c14b418, raftlog=0cea8a44-7441-4692-92a5-de212c14b418@group-609D232F86F7-SegmentedRaftLog:OPENED:c-1,f-1,i0, conf=-1: [0cea8a44-7441-4692-92a5-de212c14b418:192.168.34.45:44463, 50248509-472f-4b93-9431-0a6e6bd3eac0:192.168.34.45:43078, 64d096e6-e0ae-4a1d-97a3-03513c91a164:192.168.34.45:39823], old=null
2019-11-13 04:06:51,406 [0cea8a44-7441-4692-92a5-de212c14b418@group-609D232F86F7-LeaderElection64] INFO  impl.RoleInfo (RoleInfo.java:shutdownLeaderElection(134)) - 0cea8a44-7441-4692-92a5-de212c14b418: shutdown LeaderElection
2019-11-13 04:06:51,406 [0cea8a44-7441-4692-92a5-de212c14b418@group-609D232F86F7-LeaderElection64] INFO  impl.RaftServerImpl (RaftServerImpl.java:setRole(173)) - 0cea8a44-7441-4692-92a5-de212c14b418@group-609D232F86F7: changes role from CANDIDATE to LEADER at term 1 for changeToLeader
2019-11-13 04:06:51,407 [0cea8a44-7441-4692-92a5-de212c14b418@group-609D232F86F7-LeaderElection64] INFO  ratis.XceiverServerRatis (XceiverServerRatis.java:handleLeaderChangedNotification(697)) - Leader change notification received for group: group-609D232F86F7 with new leaderId: 0cea8a44-7441-4692-92a5-de212c14b418
2019-11-13 04:06:51,407 [0cea8a44-7441-4692-92a5-de212c14b418@group-609D232F86F7-LeaderElection64] INFO  impl.RaftServerImpl (ServerState.java:setLeader(255)) - 0cea8a44-7441-4692-92a5-de212c14b418@group-609D232F86F7: change Leader from null to 0cea8a44-7441-4692-92a5-de212c14b418 at term 1 for becomeLeader, leader elected after 1053ms
2019-11-13 04:06:51,407 [Datanode State Machine Thread - 0] INFO  statemachine.DatanodeStateMachine (DatanodeStateMachine.java:lambda$startDaemon$0(350)) - Ozone container server started.
2019-11-13 04:06:51,407 [0cea8a44-7441-4692-92a5-de212c14b418@group-609D232F86F7-LeaderElection64] INFO  server.RaftServerConfigKeys (ConfUtils.java:logGet(43)) - raft.server.staging.catchup.gap = 1000 (default)
2019-11-13 04:06:51,407 [0cea8a44-7441-4692-92a5-de212c14b418@group-609D232F86F7-LeaderElection64] INFO  server.RaftServerConfigKeys (ConfUtils.java:logGet(43)) - raft.server.rpc.sleep.time = 25ms (default)
2019-11-13 04:06:51,407 [0cea8a44-7441-4692-92a5-de212c14b418@group-609D232F86F7-LeaderElection64] INFO  server.RaftServerConfigKeys (ConfUtils.java:logGet(43)) - raft.server.write.element-limit = 4096 (default)
2019-11-13 04:06:51,407 [0cea8a44-7441-4692-92a5-de212c14b418@group-609D232F86F7-LeaderElection64] INFO  server.RaftServerConfigKeys (ConfUtils.java:logGet(43)) - raft.server.watch.timeout = 10s (default)
2019-11-13 04:06:51,407 [0cea8a44-7441-4692-92a5-de212c14b418@group-609D232F86F7-LeaderElection64] INFO  server.RaftServerConfigKeys (ConfUtils.java:logGet(43)) - raft.server.watch.timeout.denomination = 1s (default)
2019-11-13 04:06:51,407 [0cea8a44-7441-4692-92a5-de212c14b418@group-609D232F86F7-LeaderElection64] INFO  server.RaftServerConfigKeys (ConfUtils.java:logGet(43)) - raft.server.watch.element-limit = 65536 (default)
2019-11-13 04:06:51,408 [0cea8a44-7441-4692-92a5-de212c14b418@group-609D232F86F7-LeaderElection64] INFO  server.RaftServerConfigKeys (ConfUtils.java:logGet(43)) - raft.server.log.appender.snapshot.chunk.size.max = 16MB (=16777216) (default)
2019-11-13 04:06:51,408 [0cea8a44-7441-4692-92a5-de212c14b418@group-609D232F86F7-LeaderElection64] INFO  server.RaftServerConfigKeys (ConfUtils.java:logGet(43)) - raft.server.log.appender.buffer.byte-limit = 33554432 (custom)
2019-11-13 04:06:51,408 [0cea8a44-7441-4692-92a5-de212c14b418@group-609D232F86F7-LeaderElection64] INFO  server.RaftServerConfigKeys (ConfUtils.java:logGet(43)) - raft.server.log.appender.buffer.element-limit = 1 (custom)
2019-11-13 04:06:51,408 [0cea8a44-7441-4692-92a5-de212c14b418@group-609D232F86F7-LeaderElection64] INFO  grpc.GrpcConfigKeys$Server (ConfUtils.java:logGet(43)) - raft.grpc.server.leader.outstanding.appends.max = 128 (default)
2019-11-13 04:06:51,408 [0cea8a44-7441-4692-92a5-de212c14b418@group-609D232F86F7-LeaderElection64] INFO  server.RaftServerConfigKeys (ConfUtils.java:logGet(43)) - raft.server.rpc.request.timeout = 3000ms (default)
2019-11-13 04:06:51,408 [0cea8a44-7441-4692-92a5-de212c14b418@group-609D232F86F7-LeaderElection64] INFO  server.RaftServerConfigKeys (ConfUtils.java:logGet(43)) - raft.server.log.appender.install.snapshot.enabled = false (custom)
2019-11-13 04:06:51,408 [0cea8a44-7441-4692-92a5-de212c14b418@group-609D232F86F7-LeaderElection64] WARN  impl.MetricRegistriesImpl (MetricRegistriesImpl.java:lambda$create$1(61)) - First MetricRegistry has been created without registering reporters. You may need to call MetricRegistries.global().addReportRegistration(...) before.
2019-11-13 04:06:51,408 [0cea8a44-7441-4692-92a5-de212c14b418@group-609D232F86F7-LeaderElection64] INFO  server.RaftServerConfigKeys (ConfUtils.java:logGet(43)) - raft.server.log.appender.snapshot.chunk.size.max = 16MB (=16777216) (default)
2019-11-13 04:06:51,409 [0cea8a44-7441-4692-92a5-de212c14b418@group-609D232F86F7-LeaderElection64] INFO  server.RaftServerConfigKeys (ConfUtils.java:logGet(43)) - raft.server.log.appender.buffer.byte-limit = 33554432 (custom)
2019-11-13 04:06:51,409 [0cea8a44-7441-4692-92a5-de212c14b418@group-609D232F86F7-LeaderElection64] INFO  server.RaftServerConfigKeys (ConfUtils.java:logGet(43)) - raft.server.log.appender.buffer.element-limit = 1 (custom)
2019-11-13 04:06:51,409 [0cea8a44-7441-4692-92a5-de212c14b418@group-609D232F86F7-LeaderElection64] INFO  grpc.GrpcConfigKeys$Server (ConfUtils.java:logGet(43)) - raft.grpc.server.leader.outstanding.appends.max = 128 (default)
2019-11-13 04:06:51,409 [0cea8a44-7441-4692-92a5-de212c14b418@group-609D232F86F7-LeaderElection64] INFO  server.RaftServerConfigKeys (ConfUtils.java:logGet(43)) - raft.server.rpc.request.timeout = 3000ms (default)
2019-11-13 04:06:51,409 [0cea8a44-7441-4692-92a5-de212c14b418@group-609D232F86F7-LeaderElection64] INFO  server.RaftServerConfigKeys (ConfUtils.java:logGet(43)) - raft.server.log.appender.install.snapshot.enabled = false (custom)
2019-11-13 04:06:51,409 [0cea8a44-7441-4692-92a5-de212c14b418@group-609D232F86F7-LeaderElection64] INFO  impl.RoleInfo (RoleInfo.java:updateAndGet(143)) - 0cea8a44-7441-4692-92a5-de212c14b418: start LeaderState
2019-11-13 04:06:51,409 [0cea8a44-7441-4692-92a5-de212c14b418@group-609D232F86F7-LeaderElection64] INFO  segmented.SegmentedRaftLogWorker (SegmentedRaftLogWorker.java:startLogSegment(385)) - 0cea8a44-7441-4692-92a5-de212c14b418@group-609D232F86F7-SegmentedRaftLogWorker: Starting segment from index:0
2019-11-13 04:06:51,410 [0cea8a44-7441-4692-92a5-de212c14b418@group-609D232F86F7-LeaderElection64] INFO  impl.RaftServerImpl (ServerState.java:setRaftConf(356)) - 0cea8a44-7441-4692-92a5-de212c14b418@group-609D232F86F7: set configuration 0: [0cea8a44-7441-4692-92a5-de212c14b418:192.168.34.45:44463, 50248509-472f-4b93-9431-0a6e6bd3eac0:192.168.34.45:43078, 64d096e6-e0ae-4a1d-97a3-03513c91a164:192.168.34.45:39823], old=null at 0
2019-11-13 04:06:51,449 [Thread-1733] INFO  impl.FollowerState (FollowerState.java:run(111)) - 2f653e4e-b4ea-4463-ba35-13c58c0a0d31@group-7C11F0772B2A-FollowerState: change to CANDIDATE, lastRpcTime:1175ms, electionTimeout:1172ms
2019-11-13 04:06:51,450 [Thread-1733] INFO  impl.RoleInfo (RoleInfo.java:shutdownFollowerState(121)) - 2f653e4e-b4ea-4463-ba35-13c58c0a0d31: shutdown FollowerState
2019-11-13 04:06:51,450 [Command processor thread] ERROR commandhandler.CloseContainerCommandHandler (CloseContainerCommandHandler.java:handle(84)) - Container #1 does not exist in datanode. Container close failed.
2019-11-13 04:06:51,454 [Thread-1733] INFO  impl.RaftServerImpl (RaftServerImpl.java:setRole(173)) - 2f653e4e-b4ea-4463-ba35-13c58c0a0d31@group-7C11F0772B2A: changes role from  FOLLOWER to CANDIDATE at term 0 for changeToCandidate
2019-11-13 04:06:51,453 [grpc-default-executor-0] INFO  ratis.XceiverServerRatis (XceiverServerRatis.java:handleLeaderChangedNotification(697)) - Leader change notification received for group: group-609D232F86F7 with new leaderId: 0cea8a44-7441-4692-92a5-de212c14b418
2019-11-13 04:06:51,454 [grpc-default-executor-0] INFO  impl.RaftServerImpl (ServerState.java:setLeader(255)) - 64d096e6-e0ae-4a1d-97a3-03513c91a164@group-609D232F86F7: change Leader from null to 0cea8a44-7441-4692-92a5-de212c14b418 at term 1 for appendEntries, leader elected after 1100ms
2019-11-13 04:06:51,453 [grpc-default-executor-7] INFO  ratis.XceiverServerRatis (XceiverServerRatis.java:handleLeaderChangedNotification(697)) - Leader change notification received for group: group-609D232F86F7 with new leaderId: 0cea8a44-7441-4692-92a5-de212c14b418
2019-11-13 04:06:51,454 [Thread-1733] INFO  impl.RoleInfo (RoleInfo.java:updateAndGet(143)) - 2f653e4e-b4ea-4463-ba35-13c58c0a0d31: start LeaderElection
2019-11-13 04:06:51,454 [grpc-default-executor-7] INFO  impl.RaftServerImpl (ServerState.java:setLeader(255)) - 50248509-472f-4b93-9431-0a6e6bd3eac0@group-609D232F86F7: change Leader from null to 0cea8a44-7441-4692-92a5-de212c14b418 at term 1 for appendEntries, leader elected after 1100ms
2019-11-13 04:06:51,460 [grpc-default-executor-0] INFO  impl.RaftServerImpl (ServerState.java:setRaftConf(356)) - 50248509-472f-4b93-9431-0a6e6bd3eac0@group-609D232F86F7: set configuration 0: [0cea8a44-7441-4692-92a5-de212c14b418:192.168.34.45:44463, 50248509-472f-4b93-9431-0a6e6bd3eac0:192.168.34.45:43078, 64d096e6-e0ae-4a1d-97a3-03513c91a164:192.168.34.45:39823], old=null at 0
2019-11-13 04:06:51,460 [grpc-default-executor-7] INFO  impl.RaftServerImpl (ServerState.java:setRaftConf(356)) - 64d096e6-e0ae-4a1d-97a3-03513c91a164@group-609D232F86F7: set configuration 0: [0cea8a44-7441-4692-92a5-de212c14b418:192.168.34.45:44463, 50248509-472f-4b93-9431-0a6e6bd3eac0:192.168.34.45:43078, 64d096e6-e0ae-4a1d-97a3-03513c91a164:192.168.34.45:39823], old=null at 0
2019-11-13 04:06:51,460 [grpc-default-executor-0] INFO  segmented.SegmentedRaftLogWorker (SegmentedRaftLogWorker.java:startLogSegment(385)) - 50248509-472f-4b93-9431-0a6e6bd3eac0@group-609D232F86F7-SegmentedRaftLogWorker: Starting segment from index:0
2019-11-13 04:06:51,460 [grpc-default-executor-7] INFO  segmented.SegmentedRaftLogWorker (SegmentedRaftLogWorker.java:startLogSegment(385)) - 64d096e6-e0ae-4a1d-97a3-03513c91a164@group-609D232F86F7-SegmentedRaftLogWorker: Starting segment from index:0
2019-11-13 04:06:51,463 [0cea8a44-7441-4692-92a5-de212c14b418@group-609D232F86F7-SegmentedRaftLogWorker] INFO  segmented.SegmentedRaftLogWorker (SegmentedRaftLogWorker.java:execute(576)) - 0cea8a44-7441-4692-92a5-de212c14b418@group-609D232F86F7-SegmentedRaftLogWorker: created new log segment /workdir/hadoop-ozone/integration-test/target/test-dir/MiniOzoneClusterImpl-b85b6ab0-505c-4a5c-9cb9-9f0034e19733/datanode-3/data/ratis/8243ce47-6178-4727-9f9a-609d232f86f7/current/log_inprogress_0
2019-11-13 04:06:51,463 [2f653e4e-b4ea-4463-ba35-13c58c0a0d31@group-7C11F0772B2A-LeaderElection65] INFO  impl.LeaderElection (LeaderElection.java:askForVotes(178)) - 2f653e4e-b4ea-4463-ba35-13c58c0a0d31@group-7C11F0772B2A-LeaderElection65: begin an election at term 1 for -1: [2f653e4e-b4ea-4463-ba35-13c58c0a0d31:192.168.34.45:41897], old=null
2019-11-13 04:06:51,463 [2f653e4e-b4ea-4463-ba35-13c58c0a0d31@group-7C11F0772B2A-LeaderElection65] INFO  impl.RoleInfo (RoleInfo.java:shutdownLeaderElection(134)) - 2f653e4e-b4ea-4463-ba35-13c58c0a0d31: shutdown LeaderElection
2019-11-13 04:06:51,463 [2f653e4e-b4ea-4463-ba35-13c58c0a0d31@group-7C11F0772B2A-LeaderElection65] INFO  impl.RaftServerImpl (RaftServerImpl.java:setRole(173)) - 2f653e4e-b4ea-4463-ba35-13c58c0a0d31@group-7C11F0772B2A: changes role from CANDIDATE to LEADER at term 1 for changeToLeader
2019-11-13 04:06:51,463 [2f653e4e-b4ea-4463-ba35-13c58c0a0d31@group-7C11F0772B2A-LeaderElection65] INFO  ratis.XceiverServerRatis (XceiverServerRatis.java:handleLeaderChangedNotification(697)) - Leader change notification received for group: group-7C11F0772B2A with new leaderId: 2f653e4e-b4ea-4463-ba35-13c58c0a0d31
2019-11-13 04:06:51,464 [2f653e4e-b4ea-4463-ba35-13c58c0a0d31@group-7C11F0772B2A-LeaderElection65] INFO  impl.RaftServerImpl (ServerState.java:setLeader(255)) - 2f653e4e-b4ea-4463-ba35-13c58c0a0d31@group-7C11F0772B2A: change Leader from null to 2f653e4e-b4ea-4463-ba35-13c58c0a0d31 at term 1 for becomeLeader, leader elected after 1194ms
2019-11-13 04:06:51,464 [2f653e4e-b4ea-4463-ba35-13c58c0a0d31@group-7C11F0772B2A-LeaderElection65] INFO  server.RaftServerConfigKeys (ConfUtils.java:logGet(43)) - raft.server.staging.catchup.gap = 1000 (default)
2019-11-13 04:06:51,464 [2f653e4e-b4ea-4463-ba35-13c58c0a0d31@group-7C11F0772B2A-LeaderElection65] INFO  server.RaftServerConfigKeys (ConfUtils.java:logGet(43)) - raft.server.rpc.sleep.time = 25ms (default)
2019-11-13 04:06:51,464 [2f653e4e-b4ea-4463-ba35-13c58c0a0d31@group-7C11F0772B2A-LeaderElection65] INFO  server.RaftServerConfigKeys (ConfUtils.java:logGet(43)) - raft.server.write.element-limit = 4096 (default)
2019-11-13 04:06:51,464 [2f653e4e-b4ea-4463-ba35-13c58c0a0d31@group-7C11F0772B2A-LeaderElection65] INFO  server.RaftServerConfigKeys (ConfUtils.java:logGet(43)) - raft.server.watch.timeout = 10s (default)
2019-11-13 04:06:51,464 [2f653e4e-b4ea-4463-ba35-13c58c0a0d31@group-7C11F0772B2A-LeaderElection65] INFO  server.RaftServerConfigKeys (ConfUtils.java:logGet(43)) - raft.server.watch.timeout.denomination = 1s (default)
2019-11-13 04:06:51,464 [2f653e4e-b4ea-4463-ba35-13c58c0a0d31@group-7C11F0772B2A-LeaderElection65] INFO  server.RaftServerConfigKeys (ConfUtils.java:logGet(43)) - raft.server.watch.element-limit = 65536 (default)
2019-11-13 04:06:51,465 [2f653e4e-b4ea-4463-ba35-13c58c0a0d31@group-7C11F0772B2A-LeaderElection65] INFO  impl.RoleInfo (RoleInfo.java:updateAndGet(143)) - 2f653e4e-b4ea-4463-ba35-13c58c0a0d31: start LeaderState
2019-11-13 04:06:51,465 [2f653e4e-b4ea-4463-ba35-13c58c0a0d31@group-7C11F0772B2A-LeaderElection65] INFO  segmented.SegmentedRaftLogWorker (SegmentedRaftLogWorker.java:startLogSegment(385)) - 2f653e4e-b4ea-4463-ba35-13c58c0a0d31@group-7C11F0772B2A-SegmentedRaftLogWorker: Starting segment from index:0
2019-11-13 04:06:51,465 [2f653e4e-b4ea-4463-ba35-13c58c0a0d31@group-7C11F0772B2A-LeaderElection65] INFO  impl.RaftServerImpl (ServerState.java:setRaftConf(356)) - 2f653e4e-b4ea-4463-ba35-13c58c0a0d31@group-7C11F0772B2A: set configuration 0: [2f653e4e-b4ea-4463-ba35-13c58c0a0d31:192.168.34.45:41897], old=null at 0
2019-11-13 04:06:51,508 [2f653e4e-b4ea-4463-ba35-13c58c0a0d31@group-7C11F0772B2A-SegmentedRaftLogWorker] INFO  segmented.SegmentedRaftLogWorker (SegmentedRaftLogWorker.java:execute(576)) - 2f653e4e-b4ea-4463-ba35-13c58c0a0d31@group-7C11F0772B2A-SegmentedRaftLogWorker: created new log segment /workdir/hadoop-ozone/integration-test/target/test-dir/MiniOzoneClusterImpl-b85b6ab0-505c-4a5c-9cb9-9f0034e19733/datanode-1/data/ratis/d4131a40-74ea-460e-8fec-7c11f0772b2a/current/log_inprogress_0
2019-11-13 04:06:51,508 [64d096e6-e0ae-4a1d-97a3-03513c91a164@group-609D232F86F7-SegmentedRaftLogWorker] INFO  segmented.SegmentedRaftLogWorker (SegmentedRaftLogWorker.java:execute(576)) - 64d096e6-e0ae-4a1d-97a3-03513c91a164@group-609D232F86F7-SegmentedRaftLogWorker: created new log segment /workdir/hadoop-ozone/integration-test/target/test-dir/MiniOzoneClusterImpl-b85b6ab0-505c-4a5c-9cb9-9f0034e19733/datanode-5/data/ratis/8243ce47-6178-4727-9f9a-609d232f86f7/current/log_inprogress_0
2019-11-13 04:06:51,508 [50248509-472f-4b93-9431-0a6e6bd3eac0@group-609D232F86F7-SegmentedRaftLogWorker] INFO  segmented.SegmentedRaftLogWorker (SegmentedRaftLogWorker.java:execute(576)) - 50248509-472f-4b93-9431-0a6e6bd3eac0@group-609D232F86F7-SegmentedRaftLogWorker: created new log segment /workdir/hadoop-ozone/integration-test/target/test-dir/MiniOzoneClusterImpl-b85b6ab0-505c-4a5c-9cb9-9f0034e19733/datanode-4/data/ratis/8243ce47-6178-4727-9f9a-609d232f86f7/current/log_inprogress_0
2019-11-13 04:06:51,591 [Thread-1749] INFO  impl.FollowerState (FollowerState.java:run(111)) - 08597d3a-6b69-4d75-a39e-e4e8ac9edde4@group-49610443C8B1-FollowerState: change to CANDIDATE, lastRpcTime:1166ms, electionTimeout:1166ms
2019-11-13 04:06:51,591 [Thread-1749] INFO  impl.RoleInfo (RoleInfo.java:shutdownFollowerState(121)) - 08597d3a-6b69-4d75-a39e-e4e8ac9edde4: shutdown FollowerState
2019-11-13 04:06:51,591 [Thread-1749] INFO  impl.RaftServerImpl (RaftServerImpl.java:setRole(173)) - 08597d3a-6b69-4d75-a39e-e4e8ac9edde4@group-49610443C8B1: changes role from  FOLLOWER to CANDIDATE at term 0 for changeToCandidate
2019-11-13 04:06:51,592 [Thread-1749] INFO  impl.RoleInfo (RoleInfo.java:updateAndGet(143)) - 08597d3a-6b69-4d75-a39e-e4e8ac9edde4: start LeaderElection
2019-11-13 04:06:51,602 [Thread-1753] INFO  impl.FollowerState (FollowerState.java:run(111)) - 0cea8a44-7441-4692-92a5-de212c14b418@group-DFFF9A1D9006-FollowerState: change to CANDIDATE, lastRpcTime:1104ms, electionTimeout:1103ms
2019-11-13 04:06:51,602 [Thread-1753] INFO  impl.RoleInfo (RoleInfo.java:shutdownFollowerState(121)) - 0cea8a44-7441-4692-92a5-de212c14b418: shutdown FollowerState
2019-11-13 04:06:51,603 [Thread-1753] INFO  impl.RaftServerImpl (RaftServerImpl.java:setRole(173)) - 0cea8a44-7441-4692-92a5-de212c14b418@group-DFFF9A1D9006: changes role from  FOLLOWER to CANDIDATE at term 0 for changeToCandidate
2019-11-13 04:06:51,603 [Thread-1753] INFO  impl.RoleInfo (RoleInfo.java:updateAndGet(143)) - 0cea8a44-7441-4692-92a5-de212c14b418: start LeaderElection
2019-11-13 04:06:51,616 [08597d3a-6b69-4d75-a39e-e4e8ac9edde4@group-49610443C8B1-LeaderElection66] INFO  impl.LeaderElection (LeaderElection.java:askForVotes(178)) - 08597d3a-6b69-4d75-a39e-e4e8ac9edde4@group-49610443C8B1-LeaderElection66: begin an election at term 1 for -1: [08597d3a-6b69-4d75-a39e-e4e8ac9edde4:192.168.34.45:41890], old=null
2019-11-13 04:06:51,616 [0cea8a44-7441-4692-92a5-de212c14b418@group-DFFF9A1D9006-LeaderElection67] INFO  impl.LeaderElection (LeaderElection.java:askForVotes(178)) - 0cea8a44-7441-4692-92a5-de212c14b418@group-DFFF9A1D9006-LeaderElection67: begin an election at term 1 for -1: [0cea8a44-7441-4692-92a5-de212c14b418:192.168.34.45:44463], old=null
2019-11-13 04:06:51,616 [08597d3a-6b69-4d75-a39e-e4e8ac9edde4@group-49610443C8B1-LeaderElection66] INFO  impl.RoleInfo (RoleInfo.java:shutdownLeaderElection(134)) - 08597d3a-6b69-4d75-a39e-e4e8ac9edde4: shutdown LeaderElection
2019-11-13 04:06:51,616 [0cea8a44-7441-4692-92a5-de212c14b418@group-DFFF9A1D9006-LeaderElection67] INFO  impl.RoleInfo (RoleInfo.java:shutdownLeaderElection(134)) - 0cea8a44-7441-4692-92a5-de212c14b418: shutdown LeaderElection
2019-11-13 04:06:51,616 [08597d3a-6b69-4d75-a39e-e4e8ac9edde4@group-49610443C8B1-LeaderElection66] INFO  impl.RaftServerImpl (RaftServerImpl.java:setRole(173)) - 08597d3a-6b69-4d75-a39e-e4e8ac9edde4@group-49610443C8B1: changes role from CANDIDATE to LEADER at term 1 for changeToLeader
2019-11-13 04:06:51,616 [0cea8a44-7441-4692-92a5-de212c14b418@group-DFFF9A1D9006-LeaderElection67] INFO  impl.RaftServerImpl (RaftServerImpl.java:setRole(173)) - 0cea8a44-7441-4692-92a5-de212c14b418@group-DFFF9A1D9006: changes role from CANDIDATE to LEADER at term 1 for changeToLeader
2019-11-13 04:06:51,616 [08597d3a-6b69-4d75-a39e-e4e8ac9edde4@group-49610443C8B1-LeaderElection66] INFO  ratis.XceiverServerRatis (XceiverServerRatis.java:handleLeaderChangedNotification(697)) - Leader change notification received for group: group-49610443C8B1 with new leaderId: 08597d3a-6b69-4d75-a39e-e4e8ac9edde4
2019-11-13 04:06:51,616 [0cea8a44-7441-4692-92a5-de212c14b418@group-DFFF9A1D9006-LeaderElection67] INFO  ratis.XceiverServerRatis (XceiverServerRatis.java:handleLeaderChangedNotification(697)) - Leader change notification received for group: group-DFFF9A1D9006 with new leaderId: 0cea8a44-7441-4692-92a5-de212c14b418
2019-11-13 04:06:51,617 [08597d3a-6b69-4d75-a39e-e4e8ac9edde4@group-49610443C8B1-LeaderElection66] INFO  impl.RaftServerImpl (ServerState.java:setLeader(255)) - 08597d3a-6b69-4d75-a39e-e4e8ac9edde4@group-49610443C8B1: change Leader from null to 08597d3a-6b69-4d75-a39e-e4e8ac9edde4 at term 1 for becomeLeader, leader elected after 1194ms
2019-11-13 04:06:51,617 [0cea8a44-7441-4692-92a5-de212c14b418@group-DFFF9A1D9006-LeaderElection67] INFO  impl.RaftServerImpl (ServerState.java:setLeader(255)) - 0cea8a44-7441-4692-92a5-de212c14b418@group-DFFF9A1D9006: change Leader from null to 0cea8a44-7441-4692-92a5-de212c14b418 at term 1 for becomeLeader, leader elected after 1121ms
2019-11-13 04:06:51,617 [08597d3a-6b69-4d75-a39e-e4e8ac9edde4@group-49610443C8B1-LeaderElection66] INFO  server.RaftServerConfigKeys (ConfUtils.java:logGet(43)) - raft.server.staging.catchup.gap = 1000 (default)
2019-11-13 04:06:51,617 [0cea8a44-7441-4692-92a5-de212c14b418@group-DFFF9A1D9006-LeaderElection67] INFO  server.RaftServerConfigKeys (ConfUtils.java:logGet(43)) - raft.server.staging.catchup.gap = 1000 (default)
2019-11-13 04:06:51,617 [08597d3a-6b69-4d75-a39e-e4e8ac9edde4@group-49610443C8B1-LeaderElection66] INFO  server.RaftServerConfigKeys (ConfUtils.java:logGet(43)) - raft.server.rpc.sleep.time = 25ms (default)
2019-11-13 04:06:51,617 [0cea8a44-7441-4692-92a5-de212c14b418@group-DFFF9A1D9006-LeaderElection67] INFO  server.RaftServerConfigKeys (ConfUtils.java:logGet(43)) - raft.server.rpc.sleep.time = 25ms (default)
2019-11-13 04:06:51,617 [08597d3a-6b69-4d75-a39e-e4e8ac9edde4@group-49610443C8B1-LeaderElection66] INFO  server.RaftServerConfigKeys (ConfUtils.java:logGet(43)) - raft.server.write.element-limit = 4096 (default)
2019-11-13 04:06:51,617 [0cea8a44-7441-4692-92a5-de212c14b418@group-DFFF9A1D9006-LeaderElection67] INFO  server.RaftServerConfigKeys (ConfUtils.java:logGet(43)) - raft.server.write.element-limit = 4096 (default)
2019-11-13 04:06:51,617 [08597d3a-6b69-4d75-a39e-e4e8ac9edde4@group-49610443C8B1-LeaderElection66] INFO  server.RaftServerConfigKeys (ConfUtils.java:logGet(43)) - raft.server.watch.timeout = 10s (default)
2019-11-13 04:06:51,618 [0cea8a44-7441-4692-92a5-de212c14b418@group-DFFF9A1D9006-LeaderElection67] INFO  server.RaftServerConfigKeys (ConfUtils.java:logGet(43)) - raft.server.watch.timeout = 10s (default)
2019-11-13 04:06:51,618 [08597d3a-6b69-4d75-a39e-e4e8ac9edde4@group-49610443C8B1-LeaderElection66] INFO  server.RaftServerConfigKeys (ConfUtils.java:logGet(43)) - raft.server.watch.timeout.denomination = 1s (default)
2019-11-13 04:06:51,618 [0cea8a44-7441-4692-92a5-de212c14b418@group-DFFF9A1D9006-LeaderElection67] INFO  server.RaftServerConfigKeys (ConfUtils.java:logGet(43)) - raft.server.watch.timeout.denomination = 1s (default)
2019-11-13 04:06:51,618 [EventQueue-PipelineReportForPipelineReportHandler] INFO  pipeline.PipelineStateManager (PipelineStateManager.java:openPipeline(134)) - Pipeline Pipeline[ Id: 7295263e-cc38-46c2-817a-49610443c8b1, Nodes: 08597d3a-6b69-4d75-a39e-e4e8ac9edde4{ip: 192.168.34.45, host: trunk-nightly-20191113-wdxpm-1799726093, networkLocation: /default-rack, certSerialId: null}, Type:RATIS, Factor:ONE, State:OPEN] moved to OPEN state
2019-11-13 04:06:51,618 [08597d3a-6b69-4d75-a39e-e4e8ac9edde4@group-49610443C8B1-LeaderElection66] INFO  server.RaftServerConfigKeys (ConfUtils.java:logGet(43)) - raft.server.watch.element-limit = 65536 (default)
2019-11-13 04:06:51,618 [0cea8a44-7441-4692-92a5-de212c14b418@group-DFFF9A1D9006-LeaderElection67] INFO  server.RaftServerConfigKeys (ConfUtils.java:logGet(43)) - raft.server.watch.element-limit = 65536 (default)
2019-11-13 04:06:51,618 [08597d3a-6b69-4d75-a39e-e4e8ac9edde4@group-49610443C8B1-LeaderElection66] INFO  impl.RoleInfo (RoleInfo.java:updateAndGet(143)) - 08597d3a-6b69-4d75-a39e-e4e8ac9edde4: start LeaderState
2019-11-13 04:06:51,619 [0cea8a44-7441-4692-92a5-de212c14b418@group-DFFF9A1D9006-LeaderElection67] INFO  impl.RoleInfo (RoleInfo.java:updateAndGet(143)) - 0cea8a44-7441-4692-92a5-de212c14b418: start LeaderState
2019-11-13 04:06:51,619 [08597d3a-6b69-4d75-a39e-e4e8ac9edde4@group-49610443C8B1-LeaderElection66] INFO  segmented.SegmentedRaftLogWorker (SegmentedRaftLogWorker.java:startLogSegment(385)) - 08597d3a-6b69-4d75-a39e-e4e8ac9edde4@group-49610443C8B1-SegmentedRaftLogWorker: Starting segment from index:0
2019-11-13 04:06:51,619 [0cea8a44-7441-4692-92a5-de212c14b418@group-DFFF9A1D9006-LeaderElection67] INFO  segmented.SegmentedRaftLogWorker (SegmentedRaftLogWorker.java:startLogSegment(385)) - 0cea8a44-7441-4692-92a5-de212c14b418@group-DFFF9A1D9006-SegmentedRaftLogWorker: Starting segment from index:0
2019-11-13 04:06:51,619 [08597d3a-6b69-4d75-a39e-e4e8ac9edde4@group-49610443C8B1-LeaderElection66] INFO  impl.RaftServerImpl (ServerState.java:setRaftConf(356)) - 08597d3a-6b69-4d75-a39e-e4e8ac9edde4@group-49610443C8B1: set configuration 0: [08597d3a-6b69-4d75-a39e-e4e8ac9edde4:192.168.34.45:41890], old=null at 0
2019-11-13 04:06:51,656 [0cea8a44-7441-4692-92a5-de212c14b418@group-DFFF9A1D9006-LeaderElection67] INFO  impl.RaftServerImpl (ServerState.java:setRaftConf(356)) - 0cea8a44-7441-4692-92a5-de212c14b418@group-DFFF9A1D9006: set configuration 0: [0cea8a44-7441-4692-92a5-de212c14b418:192.168.34.45:44463], old=null at 0
2019-11-13 04:06:51,704 [08597d3a-6b69-4d75-a39e-e4e8ac9edde4@group-49610443C8B1-SegmentedRaftLogWorker] INFO  segmented.SegmentedRaftLogWorker (SegmentedRaftLogWorker.java:execute(576)) - 08597d3a-6b69-4d75-a39e-e4e8ac9edde4@group-49610443C8B1-SegmentedRaftLogWorker: created new log segment /workdir/hadoop-ozone/integration-test/target/test-dir/MiniOzoneClusterImpl-b85b6ab0-505c-4a5c-9cb9-9f0034e19733/datanode-2/data/ratis/7295263e-cc38-46c2-817a-49610443c8b1/current/log_inprogress_0
2019-11-13 04:06:51,705 [0cea8a44-7441-4692-92a5-de212c14b418@group-DFFF9A1D9006-SegmentedRaftLogWorker] INFO  segmented.SegmentedRaftLogWorker (SegmentedRaftLogWorker.java:execute(576)) - 0cea8a44-7441-4692-92a5-de212c14b418@group-DFFF9A1D9006-SegmentedRaftLogWorker: created new log segment /workdir/hadoop-ozone/integration-test/target/test-dir/MiniOzoneClusterImpl-b85b6ab0-505c-4a5c-9cb9-9f0034e19733/datanode-3/data/ratis/4579f682-ff0b-423e-ac91-dfff9a1d9006/current/log_inprogress_0
2019-11-13 04:06:51,742 [Thread-1757] INFO  impl.FollowerState (FollowerState.java:run(111)) - 50248509-472f-4b93-9431-0a6e6bd3eac0@group-7217ED3EB841-FollowerState: change to CANDIDATE, lastRpcTime:1193ms, electionTimeout:1193ms
2019-11-13 04:06:51,742 [Thread-1757] INFO  impl.RoleInfo (RoleInfo.java:shutdownFollowerState(121)) - 50248509-472f-4b93-9431-0a6e6bd3eac0: shutdown FollowerState
2019-11-13 04:06:51,742 [Thread-1757] INFO  impl.RaftServerImpl (RaftServerImpl.java:setRole(173)) - 50248509-472f-4b93-9431-0a6e6bd3eac0@group-7217ED3EB841: changes role from  FOLLOWER to CANDIDATE at term 0 for changeToCandidate
2019-11-13 04:06:51,742 [Thread-1757] INFO  impl.RoleInfo (RoleInfo.java:updateAndGet(143)) - 50248509-472f-4b93-9431-0a6e6bd3eac0: start LeaderElection
2019-11-13 04:06:51,758 [50248509-472f-4b93-9431-0a6e6bd3eac0@group-7217ED3EB841-LeaderElection68] INFO  impl.LeaderElection (LeaderElection.java:askForVotes(178)) - 50248509-472f-4b93-9431-0a6e6bd3eac0@group-7217ED3EB841-LeaderElection68: begin an election at term 1 for -1: [50248509-472f-4b93-9431-0a6e6bd3eac0:192.168.34.45:43078], old=null
2019-11-13 04:06:51,758 [50248509-472f-4b93-9431-0a6e6bd3eac0@group-7217ED3EB841-LeaderElection68] INFO  impl.RoleInfo (RoleInfo.java:shutdownLeaderElection(134)) - 50248509-472f-4b93-9431-0a6e6bd3eac0: shutdown LeaderElection
2019-11-13 04:06:51,758 [50248509-472f-4b93-9431-0a6e6bd3eac0@group-7217ED3EB841-LeaderElection68] INFO  impl.RaftServerImpl (RaftServerImpl.java:setRole(173)) - 50248509-472f-4b93-9431-0a6e6bd3eac0@group-7217ED3EB841: changes role from CANDIDATE to LEADER at term 1 for changeToLeader
2019-11-13 04:06:51,758 [50248509-472f-4b93-9431-0a6e6bd3eac0@group-7217ED3EB841-LeaderElection68] INFO  ratis.XceiverServerRatis (XceiverServerRatis.java:handleLeaderChangedNotification(697)) - Leader change notification received for group: group-7217ED3EB841 with new leaderId: 50248509-472f-4b93-9431-0a6e6bd3eac0
2019-11-13 04:06:51,759 [50248509-472f-4b93-9431-0a6e6bd3eac0@group-7217ED3EB841-LeaderElection68] INFO  impl.RaftServerImpl (ServerState.java:setLeader(255)) - 50248509-472f-4b93-9431-0a6e6bd3eac0@group-7217ED3EB841: change Leader from null to 50248509-472f-4b93-9431-0a6e6bd3eac0 at term 1 for becomeLeader, leader elected after 1213ms
2019-11-13 04:06:51,759 [50248509-472f-4b93-9431-0a6e6bd3eac0@group-7217ED3EB841-LeaderElection68] INFO  server.RaftServerConfigKeys (ConfUtils.java:logGet(43)) - raft.server.staging.catchup.gap = 1000 (default)
2019-11-13 04:06:51,759 [50248509-472f-4b93-9431-0a6e6bd3eac0@group-7217ED3EB841-LeaderElection68] INFO  server.RaftServerConfigKeys (ConfUtils.java:logGet(43)) - raft.server.rpc.sleep.time = 25ms (default)
2019-11-13 04:06:51,759 [50248509-472f-4b93-9431-0a6e6bd3eac0@group-7217ED3EB841-LeaderElection68] INFO  server.RaftServerConfigKeys (ConfUtils.java:logGet(43)) - raft.server.write.element-limit = 4096 (default)
2019-11-13 04:06:51,759 [50248509-472f-4b93-9431-0a6e6bd3eac0@group-7217ED3EB841-LeaderElection68] INFO  server.RaftServerConfigKeys (ConfUtils.java:logGet(43)) - raft.server.watch.timeout = 10s (default)
2019-11-13 04:06:51,759 [50248509-472f-4b93-9431-0a6e6bd3eac0@group-7217ED3EB841-LeaderElection68] INFO  server.RaftServerConfigKeys (ConfUtils.java:logGet(43)) - raft.server.watch.timeout.denomination = 1s (default)
2019-11-13 04:06:51,760 [50248509-472f-4b93-9431-0a6e6bd3eac0@group-7217ED3EB841-LeaderElection68] INFO  server.RaftServerConfigKeys (ConfUtils.java:logGet(43)) - raft.server.watch.element-limit = 65536 (default)
2019-11-13 04:06:51,760 [50248509-472f-4b93-9431-0a6e6bd3eac0@group-7217ED3EB841-LeaderElection68] INFO  impl.RoleInfo (RoleInfo.java:updateAndGet(143)) - 50248509-472f-4b93-9431-0a6e6bd3eac0: start LeaderState
2019-11-13 04:06:51,760 [50248509-472f-4b93-9431-0a6e6bd3eac0@group-7217ED3EB841-LeaderElection68] INFO  segmented.SegmentedRaftLogWorker (SegmentedRaftLogWorker.java:startLogSegment(385)) - 50248509-472f-4b93-9431-0a6e6bd3eac0@group-7217ED3EB841-SegmentedRaftLogWorker: Starting segment from index:0
2019-11-13 04:06:51,760 [EventQueue-PipelineReportForPipelineReportHandler] INFO  pipeline.PipelineStateManager (PipelineStateManager.java:openPipeline(134)) - Pipeline Pipeline[ Id: b863e164-20f2-4440-9b3e-7217ed3eb841, Nodes: 50248509-472f-4b93-9431-0a6e6bd3eac0{ip: 192.168.34.45, host: trunk-nightly-20191113-wdxpm-1799726093, networkLocation: /default-rack, certSerialId: null}, Type:RATIS, Factor:ONE, State:OPEN] moved to OPEN state
2019-11-13 04:06:51,760 [50248509-472f-4b93-9431-0a6e6bd3eac0@group-7217ED3EB841-LeaderElection68] INFO  impl.RaftServerImpl (ServerState.java:setRaftConf(356)) - 50248509-472f-4b93-9431-0a6e6bd3eac0@group-7217ED3EB841: set configuration 0: [50248509-472f-4b93-9431-0a6e6bd3eac0:192.168.34.45:43078], old=null at 0
2019-11-13 04:06:51,806 [50248509-472f-4b93-9431-0a6e6bd3eac0@group-7217ED3EB841-SegmentedRaftLogWorker] INFO  segmented.SegmentedRaftLogWorker (SegmentedRaftLogWorker.java:execute(576)) - 50248509-472f-4b93-9431-0a6e6bd3eac0@group-7217ED3EB841-SegmentedRaftLogWorker: created new log segment /workdir/hadoop-ozone/integration-test/target/test-dir/MiniOzoneClusterImpl-b85b6ab0-505c-4a5c-9cb9-9f0034e19733/datanode-4/data/ratis/b863e164-20f2-4440-9b3e-7217ed3eb841/current/log_inprogress_0
2019-11-13 04:06:55,928 [main] INFO  ozoneimpl.OzoneContainer (OzoneContainer.java:stop(244)) - Attempting to stop container services.
2019-11-13 04:06:55,928 [ForkJoinPool.commonPool-worker-0] INFO  ozoneimpl.OzoneContainer (OzoneContainer.java:stop(244)) - Attempting to stop container services.
2019-11-13 04:06:55,933 [main] INFO  impl.RaftServerProxy (RaftServerProxy.java:lambda$close$4(314)) - 0cea8a44-7441-4692-92a5-de212c14b418: close
2019-11-13 04:06:55,933 [ForkJoinPool.commonPool-worker-0] INFO  impl.RaftServerProxy (RaftServerProxy.java:lambda$close$4(314)) - 2f653e4e-b4ea-4463-ba35-13c58c0a0d31: close
2019-11-13 04:06:55,933 [ForkJoinPool.commonPool-worker-0] INFO  impl.RaftServerImpl (RaftServerImpl.java:lambda$shutdown$3(250)) - 2f653e4e-b4ea-4463-ba35-13c58c0a0d31@group-038E72117229: shutdown
2019-11-13 04:06:55,933 [main] INFO  impl.RaftServerImpl (RaftServerImpl.java:lambda$shutdown$3(250)) - 0cea8a44-7441-4692-92a5-de212c14b418@group-609D232F86F7: shutdown
2019-11-13 04:06:55,934 [ForkJoinPool.commonPool-worker-0] INFO  util.JmxRegister (JmxRegister.java:unregister(73)) - Successfully un-registered JMX Bean with object name Ratis:service=RaftServer,group=group-038E72117229,id=2f653e4e-b4ea-4463-ba35-13c58c0a0d31
2019-11-13 04:06:55,934 [main] INFO  util.JmxRegister (JmxRegister.java:unregister(73)) - Successfully un-registered JMX Bean with object name Ratis:service=RaftServer,group=group-609D232F86F7,id=0cea8a44-7441-4692-92a5-de212c14b418
2019-11-13 04:06:55,934 [ForkJoinPool.commonPool-worker-0] INFO  impl.RoleInfo (RoleInfo.java:shutdownLeaderState(104)) - 2f653e4e-b4ea-4463-ba35-13c58c0a0d31: shutdown LeaderState
2019-11-13 04:06:55,935 [main] INFO  impl.RoleInfo (RoleInfo.java:shutdownLeaderState(104)) - 0cea8a44-7441-4692-92a5-de212c14b418: shutdown LeaderState
2019-11-13 04:06:55,942 [ForkJoinPool.commonPool-worker-0] INFO  impl.PendingRequests (PendingRequests.java:sendNotLeaderResponses(206)) - 2f653e4e-b4ea-4463-ba35-13c58c0a0d31@group-038E72117229-PendingRequests: sendNotLeaderResponses
2019-11-13 04:06:55,959 [org.apache.ratis.server.impl.LogAppender$AppenderDaemon$$Lambda$484/2065431704@7e2d5da8] WARN  server.GrpcLogAppender (GrpcLogAppender.java:mayWait(151)) - 0cea8a44-7441-4692-92a5-de212c14b418@group-609D232F86F7->50248509-472f-4b93-9431-0a6e6bd3eac0-GrpcLogAppender: Wait interrupted by java.lang.InterruptedException
2019-11-13 04:06:55,959 [org.apache.ratis.server.impl.LogAppender$AppenderDaemon$$Lambda$484/2065431704@3b2fcc09] WARN  server.GrpcLogAppender (GrpcLogAppender.java:mayWait(151)) - 0cea8a44-7441-4692-92a5-de212c14b418@group-609D232F86F7->64d096e6-e0ae-4a1d-97a3-03513c91a164-GrpcLogAppender: Wait interrupted by java.lang.InterruptedException
2019-11-13 04:06:55,959 [main] INFO  impl.PendingRequests (PendingRequests.java:sendNotLeaderResponses(206)) - 0cea8a44-7441-4692-92a5-de212c14b418@group-609D232F86F7-PendingRequests: sendNotLeaderResponses
2019-11-13 04:06:55,942 [org.apache.ratis.server.impl.LogAppender$AppenderDaemon$$Lambda$484/2065431704@3228e3a9] WARN  server.GrpcLogAppender (GrpcLogAppender.java:mayWait(151)) - 2f653e4e-b4ea-4463-ba35-13c58c0a0d31@group-038E72117229->32d4d447-2d26-4c49-a5e1-cd2d67dbedad-GrpcLogAppender: Wait interrupted by java.lang.InterruptedException
2019-11-13 04:06:55,960 [main] INFO  impl.StateMachineUpdater (StateMachineUpdater.java:stopAndJoin(136)) - 0cea8a44-7441-4692-92a5-de212c14b418@group-609D232F86F7-StateMachineUpdater: set stopIndex = 0
2019-11-13 04:06:55,960 [grpc-default-executor-0] INFO  server.GrpcServerProtocolService (GrpcServerProtocolService.java:onCompleted(113)) - 50248509-472f-4b93-9431-0a6e6bd3eac0: Completed APPEND_ENTRIES, lastRequest: 0cea8a44-7441-4692-92a5-de212c14b418->50248509-472f-4b93-9431-0a6e6bd3eac0#9-t1, previous=(t:1, i:0), leaderCommit=0, initializing? false, entries: <empty>
2019-11-13 04:06:55,961 [main] INFO  impl.RaftServerImpl (ServerState.java:close(387)) - 0cea8a44-7441-4692-92a5-de212c14b418@group-609D232F86F7: closes. applyIndex: 0
2019-11-13 04:06:55,942 [org.apache.ratis.server.impl.LogAppender$AppenderDaemon$$Lambda$484/2065431704@772a7328] WARN  server.GrpcLogAppender (GrpcLogAppender.java:mayWait(151)) - 2f653e4e-b4ea-4463-ba35-13c58c0a0d31@group-038E72117229->08597d3a-6b69-4d75-a39e-e4e8ac9edde4-GrpcLogAppender: Wait interrupted by java.lang.InterruptedException
2019-11-13 04:06:55,960 [grpc-default-executor-4] INFO  server.GrpcServerProtocolService (GrpcServerProtocolService.java:onCompleted(113)) - 32d4d447-2d26-4c49-a5e1-cd2d67dbedad: Completed APPEND_ENTRIES, lastRequest: 2f653e4e-b4ea-4463-ba35-13c58c0a0d31->32d4d447-2d26-4c49-a5e1-cd2d67dbedad#10-t1, previous=(t:1, i:0), leaderCommit=0, initializing? false, entries: <empty>
2019-11-13 04:06:55,961 [0cea8a44-7441-4692-92a5-de212c14b418@group-609D232F86F7-SegmentedRaftLogWorker] INFO  segmented.SegmentedRaftLogWorker (SegmentedRaftLogWorker.java:run(316)) - 0cea8a44-7441-4692-92a5-de212c14b418@group-609D232F86F7-SegmentedRaftLogWorker was interrupted, exiting. There are 0 tasks remaining in the queue.
2019-11-13 04:06:55,960 [grpc-default-executor-7] INFO  server.GrpcServerProtocolService (GrpcServerProtocolService.java:onCompleted(113)) - 64d096e6-e0ae-4a1d-97a3-03513c91a164: Completed APPEND_ENTRIES, lastRequest: 0cea8a44-7441-4692-92a5-de212c14b418->64d096e6-e0ae-4a1d-97a3-03513c91a164#9-t1, previous=(t:1, i:0), leaderCommit=0, initializing? false, entries: <empty>
2019-11-13 04:06:55,960 [ForkJoinPool.commonPool-worker-0] INFO  impl.StateMachineUpdater (StateMachineUpdater.java:stopAndJoin(136)) - 2f653e4e-b4ea-4463-ba35-13c58c0a0d31@group-038E72117229-StateMachineUpdater: set stopIndex = 0
2019-11-13 04:06:55,966 [main] INFO  segmented.SegmentedRaftLogWorker (SegmentedRaftLogWorker.java:close(224)) - 0cea8a44-7441-4692-92a5-de212c14b418@group-609D232F86F7-SegmentedRaftLogWorker close()
2019-11-13 04:06:55,967 [grpc-default-executor-0] INFO  server.GrpcServerProtocolService (GrpcServerProtocolService.java:onCompleted(113)) - 08597d3a-6b69-4d75-a39e-e4e8ac9edde4: Completed APPEND_ENTRIES, lastRequest: 2f653e4e-b4ea-4463-ba35-13c58c0a0d31->08597d3a-6b69-4d75-a39e-e4e8ac9edde4#10-t1, previous=(t:1, i:0), leaderCommit=0, initializing? false, entries: <empty>
2019-11-13 04:06:55,969 [main] INFO  impl.RaftServerImpl (RaftServerImpl.java:lambda$shutdown$3(250)) - 0cea8a44-7441-4692-92a5-de212c14b418@group-DFFF9A1D9006: shutdown
2019-11-13 04:06:55,967 [grpc-default-executor-7] INFO  server.GrpcLogAppender (GrpcLogAppender.java:onCompleted(308)) - 2f653e4e-b4ea-4463-ba35-13c58c0a0d31@group-038E72117229->32d4d447-2d26-4c49-a5e1-cd2d67dbedad-AppendLogResponseHandler: follower responses appendEntries COMPLETED
2019-11-13 04:06:55,969 [grpc-default-executor-8] INFO  server.GrpcLogAppender (GrpcLogAppender.java:onCompleted(308)) - 0cea8a44-7441-4692-92a5-de212c14b418@group-609D232F86F7->64d096e6-e0ae-4a1d-97a3-03513c91a164-AppendLogResponseHandler: follower responses appendEntries COMPLETED
2019-11-13 04:06:55,967 [grpc-default-executor-4] INFO  server.GrpcLogAppender (GrpcLogAppender.java:onCompleted(308)) - 0cea8a44-7441-4692-92a5-de212c14b418@group-609D232F86F7->50248509-472f-4b93-9431-0a6e6bd3eac0-AppendLogResponseHandler: follower responses appendEntries COMPLETED
2019-11-13 04:06:55,967 [ForkJoinPool.commonPool-worker-0] INFO  impl.RaftServerImpl (ServerState.java:close(387)) - 2f653e4e-b4ea-4463-ba35-13c58c0a0d31@group-038E72117229: closes. applyIndex: 0
2019-11-13 04:06:55,969 [grpc-default-executor-0] INFO  server.GrpcLogAppender (GrpcLogAppender.java:onCompleted(308)) - 2f653e4e-b4ea-4463-ba35-13c58c0a0d31@group-038E72117229->08597d3a-6b69-4d75-a39e-e4e8ac9edde4-AppendLogResponseHandler: follower responses appendEntries COMPLETED
2019-11-13 04:06:55,969 [main] INFO  util.JmxRegister (JmxRegister.java:unregister(73)) - Successfully un-registered JMX Bean with object name Ratis:service=RaftServer,group=group-DFFF9A1D9006,id=0cea8a44-7441-4692-92a5-de212c14b418
2019-11-13 04:06:55,970 [2f653e4e-b4ea-4463-ba35-13c58c0a0d31@group-038E72117229-SegmentedRaftLogWorker] INFO  segmented.SegmentedRaftLogWorker (SegmentedRaftLogWorker.java:run(316)) - 2f653e4e-b4ea-4463-ba35-13c58c0a0d31@group-038E72117229-SegmentedRaftLogWorker was interrupted, exiting. There are 0 tasks remaining in the queue.
2019-11-13 04:06:55,971 [main] INFO  impl.RoleInfo (RoleInfo.java:shutdownLeaderState(104)) - 0cea8a44-7441-4692-92a5-de212c14b418: shutdown LeaderState
2019-11-13 04:06:55,971 [grpc-default-executor-4] INFO  impl.FollowerInfo (FollowerInfo.java:lambda$new$0(51)) - 0cea8a44-7441-4692-92a5-de212c14b418@group-609D232F86F7->50248509-472f-4b93-9431-0a6e6bd3eac0: nextIndex: updateUnconditionally 1 -> 0
2019-11-13 04:06:55,971 [grpc-default-executor-8] INFO  impl.FollowerInfo (FollowerInfo.java:lambda$new$0(51)) - 0cea8a44-7441-4692-92a5-de212c14b418@group-609D232F86F7->64d096e6-e0ae-4a1d-97a3-03513c91a164: nextIndex: updateUnconditionally 1 -> 0
2019-11-13 04:06:55,971 [grpc-default-executor-7] INFO  impl.FollowerInfo (FollowerInfo.java:lambda$new$0(51)) - 2f653e4e-b4ea-4463-ba35-13c58c0a0d31@group-038E72117229->32d4d447-2d26-4c49-a5e1-cd2d67dbedad: nextIndex: updateUnconditionally 1 -> 0
2019-11-13 04:06:55,971 [grpc-default-executor-0] INFO  impl.FollowerInfo (FollowerInfo.java:lambda$new$0(51)) - 2f653e4e-b4ea-4463-ba35-13c58c0a0d31@group-038E72117229->08597d3a-6b69-4d75-a39e-e4e8ac9edde4: nextIndex: updateUnconditionally 1 -> 0
2019-11-13 04:06:55,971 [ForkJoinPool.commonPool-worker-0] INFO  segmented.SegmentedRaftLogWorker (SegmentedRaftLogWorker.java:close(224)) - 2f653e4e-b4ea-4463-ba35-13c58c0a0d31@group-038E72117229-SegmentedRaftLogWorker close()
2019-11-13 04:06:55,971 [main] INFO  impl.PendingRequests (PendingRequests.java:sendNotLeaderResponses(206)) - 0cea8a44-7441-4692-92a5-de212c14b418@group-DFFF9A1D9006-PendingRequests: sendNotLeaderResponses
2019-11-13 04:06:55,974 [ForkJoinPool.commonPool-worker-0] INFO  impl.RaftServerImpl (RaftServerImpl.java:lambda$shutdown$3(250)) - 2f653e4e-b4ea-4463-ba35-13c58c0a0d31@group-7C11F0772B2A: shutdown
2019-11-13 04:06:55,974 [main] INFO  impl.StateMachineUpdater (StateMachineUpdater.java:stopAndJoin(136)) - 0cea8a44-7441-4692-92a5-de212c14b418@group-DFFF9A1D9006-StateMachineUpdater: set stopIndex = 0
2019-11-13 04:06:55,974 [main] INFO  impl.RaftServerImpl (ServerState.java:close(387)) - 0cea8a44-7441-4692-92a5-de212c14b418@group-DFFF9A1D9006: closes. applyIndex: 0
2019-11-13 04:06:55,974 [ForkJoinPool.commonPool-worker-0] INFO  util.JmxRegister (JmxRegister.java:unregister(73)) - Successfully un-registered JMX Bean with object name Ratis:service=RaftServer,group=group-7C11F0772B2A,id=2f653e4e-b4ea-4463-ba35-13c58c0a0d31
2019-11-13 04:06:55,975 [0cea8a44-7441-4692-92a5-de212c14b418@group-DFFF9A1D9006-SegmentedRaftLogWorker] INFO  segmented.SegmentedRaftLogWorker (SegmentedRaftLogWorker.java:run(316)) - 0cea8a44-7441-4692-92a5-de212c14b418@group-DFFF9A1D9006-SegmentedRaftLogWorker was interrupted, exiting. There are 0 tasks remaining in the queue.
2019-11-13 04:06:55,975 [ForkJoinPool.commonPool-worker-0] INFO  impl.RoleInfo (RoleInfo.java:shutdownLeaderState(104)) - 2f653e4e-b4ea-4463-ba35-13c58c0a0d31: shutdown LeaderState
2019-11-13 04:06:55,975 [main] INFO  segmented.SegmentedRaftLogWorker (SegmentedRaftLogWorker.java:close(224)) - 0cea8a44-7441-4692-92a5-de212c14b418@group-DFFF9A1D9006-SegmentedRaftLogWorker close()
2019-11-13 04:06:55,975 [ForkJoinPool.commonPool-worker-0] INFO  impl.PendingRequests (PendingRequests.java:sendNotLeaderResponses(206)) - 2f653e4e-b4ea-4463-ba35-13c58c0a0d31@group-7C11F0772B2A-PendingRequests: sendNotLeaderResponses
2019-11-13 04:06:55,977 [main] INFO  server.GrpcService (GrpcService.java:closeImpl(164)) - 0cea8a44-7441-4692-92a5-de212c14b418: shutdown server with port 44463 now
2019-11-13 04:06:55,977 [ForkJoinPool.commonPool-worker-0] INFO  impl.StateMachineUpdater (StateMachineUpdater.java:stopAndJoin(136)) - 2f653e4e-b4ea-4463-ba35-13c58c0a0d31@group-7C11F0772B2A-StateMachineUpdater: set stopIndex = 0
2019-11-13 04:06:55,978 [ForkJoinPool.commonPool-worker-0] INFO  impl.RaftServerImpl (ServerState.java:close(387)) - 2f653e4e-b4ea-4463-ba35-13c58c0a0d31@group-7C11F0772B2A: closes. applyIndex: 0
2019-11-13 04:06:55,978 [2f653e4e-b4ea-4463-ba35-13c58c0a0d31@group-7C11F0772B2A-SegmentedRaftLogWorker] INFO  segmented.SegmentedRaftLogWorker (SegmentedRaftLogWorker.java:run(316)) - 2f653e4e-b4ea-4463-ba35-13c58c0a0d31@group-7C11F0772B2A-SegmentedRaftLogWorker was interrupted, exiting. There are 0 tasks remaining in the queue.
2019-11-13 04:06:55,978 [ForkJoinPool.commonPool-worker-0] INFO  segmented.SegmentedRaftLogWorker (SegmentedRaftLogWorker.java:close(224)) - 2f653e4e-b4ea-4463-ba35-13c58c0a0d31@group-7C11F0772B2A-SegmentedRaftLogWorker close()
2019-11-13 04:06:55,978 [main] INFO  server.GrpcService (GrpcService.java:closeImpl(172)) - 0cea8a44-7441-4692-92a5-de212c14b418: shutdown server with port 44463 successfully
2019-11-13 04:06:55,980 [ForkJoinPool.commonPool-worker-0] INFO  server.GrpcService (GrpcService.java:closeImpl(164)) - 2f653e4e-b4ea-4463-ba35-13c58c0a0d31: shutdown server with port 41897 now
2019-11-13 04:06:55,981 [ForkJoinPool.commonPool-worker-0] INFO  server.GrpcService (GrpcService.java:closeImpl(172)) - 2f653e4e-b4ea-4463-ba35-13c58c0a0d31: shutdown server with port 41897 successfully
2019-11-13 04:06:55,983 [refreshUsed-/workdir/hadoop-ozone/integration-test/target/test-dir/MiniOzoneClusterImpl-b85b6ab0-505c-4a5c-9cb9-9f0034e19733/datanode-3/data/containers] WARN  fs.CachingGetSpaceUsed (CachingGetSpaceUsed.java:run(183)) - Thread Interrupted waiting to refresh disk information: sleep interrupted
2019-11-13 04:06:55,985 [refreshUsed-/workdir/hadoop-ozone/integration-test/target/test-dir/MiniOzoneClusterImpl-b85b6ab0-505c-4a5c-9cb9-9f0034e19733/datanode-1/data/containers] WARN  fs.CachingGetSpaceUsed (CachingGetSpaceUsed.java:run(183)) - Thread Interrupted waiting to refresh disk information: sleep interrupted
2019-11-13 04:06:56,007 [main] INFO  utils.BackgroundService (BackgroundService.java:shutdown(151)) - Shutting down service BlockDeletingService
2019-11-13 04:06:56,011 [main] INFO  statemachine.DatanodeStateMachine (DatanodeStateMachine.java:stopDaemon(395)) - Ozone container server stopped.
2019-11-13 04:06:56,012 [ForkJoinPool.commonPool-worker-0] INFO  utils.BackgroundService (BackgroundService.java:shutdown(151)) - Shutting down service BlockDeletingService
2019-11-13 04:06:56,013 [main] INFO  handler.ContextHandler (ContextHandler.java:doStop(910)) - Stopped o.e.j.w.WebAppContext@53c99b09{/,null,UNAVAILABLE}{/hddsDatanode}
2019-11-13 04:06:56,016 [ForkJoinPool.commonPool-worker-0] INFO  statemachine.DatanodeStateMachine (DatanodeStateMachine.java:stopDaemon(395)) - Ozone container server stopped.
2019-11-13 04:06:56,017 [main] INFO  server.AbstractConnector (AbstractConnector.java:doStop(318)) - Stopped ServerConnector@2539cd1c{HTTP/1.1,[http/1.1]}{0.0.0.0:0}
2019-11-13 04:06:56,018 [main] INFO  handler.ContextHandler (ContextHandler.java:doStop(910)) - Stopped o.e.j.s.ServletContextHandler@3965bdf9{/static,jar:file:/home/user/.m2/repository/org/apache/hadoop/hadoop-hdds-container-service/0.5.0-SNAPSHOT/hadoop-hdds-container-service-0.5.0-SNAPSHOT.jar!/webapps/static,UNAVAILABLE}
2019-11-13 04:06:56,018 [main] INFO  handler.ContextHandler (ContextHandler.java:doStop(910)) - Stopped o.e.j.s.ServletContextHandler@7f7b6639{/logs,file:///workdir/hadoop-ozone/integration-test/target/log,UNAVAILABLE}
2019-11-13 04:06:56,019 [ForkJoinPool.commonPool-worker-0] INFO  handler.ContextHandler (ContextHandler.java:doStop(910)) - Stopped o.e.j.w.WebAppContext@1319bc2a{/,null,UNAVAILABLE}{/hddsDatanode}
2019-11-13 04:06:56,020 [ForkJoinPool.commonPool-worker-0] INFO  server.AbstractConnector (AbstractConnector.java:doStop(318)) - Stopped ServerConnector@e280403{HTTP/1.1,[http/1.1]}{0.0.0.0:0}
2019-11-13 04:06:56,021 [ForkJoinPool.commonPool-worker-0] INFO  handler.ContextHandler (ContextHandler.java:doStop(910)) - Stopped o.e.j.s.ServletContextHandler@111d5c97{/static,jar:file:/home/user/.m2/repository/org/apache/hadoop/hadoop-hdds-container-service/0.5.0-SNAPSHOT/hadoop-hdds-container-service-0.5.0-SNAPSHOT.jar!/webapps/static,UNAVAILABLE}
2019-11-13 04:06:56,023 [ForkJoinPool.commonPool-worker-0] INFO  handler.ContextHandler (ContextHandler.java:doStop(910)) - Stopped o.e.j.s.ServletContextHandler@17b37e9a{/logs,file:///workdir/hadoop-ozone/integration-test/target/log,UNAVAILABLE}
2019-11-13 04:06:56,617 [Datanode State Machine Thread - 0] INFO  statemachine.DatanodeStateMachine (DatanodeStateMachine.java:lambda$startDaemon$0(350)) - Ozone container server started.
2019-11-13 04:06:56,700 [Datanode State Machine Thread - 0] INFO  statemachine.DatanodeStateMachine (DatanodeStateMachine.java:lambda$startDaemon$0(350)) - Ozone container server started.
2019-11-13 04:06:56,933 [Thread-1777] INFO  impl.FollowerState (FollowerState.java:run(111)) - 64d096e6-e0ae-4a1d-97a3-03513c91a164@group-609D232F86F7-FollowerState: change to CANDIDATE, lastRpcTime:1402ms, electionTimeout:1077ms
2019-11-13 04:06:56,933 [Thread-1777] INFO  impl.RoleInfo (RoleInfo.java:shutdownFollowerState(121)) - 64d096e6-e0ae-4a1d-97a3-03513c91a164: shutdown FollowerState
2019-11-13 04:06:56,933 [Thread-1777] INFO  impl.RaftServerImpl (RaftServerImpl.java:setRole(173)) - 64d096e6-e0ae-4a1d-97a3-03513c91a164@group-609D232F86F7: changes role from  FOLLOWER to CANDIDATE at term 1 for changeToCandidate
2019-11-13 04:06:56,934 [Thread-1777] INFO  impl.RoleInfo (RoleInfo.java:updateAndGet(143)) - 64d096e6-e0ae-4a1d-97a3-03513c91a164: start LeaderElection
2019-11-13 04:06:56,934 [64d096e6-e0ae-4a1d-97a3-03513c91a164@group-609D232F86F7-LeaderElection69] INFO  impl.RaftServerImpl (ServerState.java:setLeader(255)) - 64d096e6-e0ae-4a1d-97a3-03513c91a164@group-609D232F86F7: change Leader from 0cea8a44-7441-4692-92a5-de212c14b418 to null at term 1 for initElection
2019-11-13 04:06:56,955 [Thread-1776] INFO  impl.FollowerState (FollowerState.java:run(111)) - 50248509-472f-4b93-9431-0a6e6bd3eac0@group-609D232F86F7-FollowerState: change to CANDIDATE, lastRpcTime:1424ms, electionTimeout:1127ms
2019-11-13 04:06:56,955 [Thread-1776] INFO  impl.RoleInfo (RoleInfo.java:shutdownFollowerState(121)) - 50248509-472f-4b93-9431-0a6e6bd3eac0: shutdown FollowerState
2019-11-13 04:06:56,955 [Thread-1776] INFO  impl.RaftServerImpl (RaftServerImpl.java:setRole(173)) - 50248509-472f-4b93-9431-0a6e6bd3eac0@group-609D232F86F7: changes role from  FOLLOWER to CANDIDATE at term 1 for changeToCandidate
2019-11-13 04:06:56,955 [Thread-1776] INFO  impl.RoleInfo (RoleInfo.java:updateAndGet(143)) - 50248509-472f-4b93-9431-0a6e6bd3eac0: start LeaderElection
2019-11-13 04:06:56,956 [50248509-472f-4b93-9431-0a6e6bd3eac0@group-609D232F86F7-LeaderElection70] INFO  impl.RaftServerImpl (ServerState.java:setLeader(255)) - 50248509-472f-4b93-9431-0a6e6bd3eac0@group-609D232F86F7: change Leader from 0cea8a44-7441-4692-92a5-de212c14b418 to null at term 1 for initElection
2019-11-13 04:06:56,961 [50248509-472f-4b93-9431-0a6e6bd3eac0@group-609D232F86F7-LeaderElection70] INFO  impl.LeaderElection (LeaderElection.java:askForVotes(178)) - 50248509-472f-4b93-9431-0a6e6bd3eac0@group-609D232F86F7-LeaderElection70: begin an election at term 2 for 0: [0cea8a44-7441-4692-92a5-de212c14b418:192.168.34.45:44463, 50248509-472f-4b93-9431-0a6e6bd3eac0:192.168.34.45:43078, 64d096e6-e0ae-4a1d-97a3-03513c91a164:192.168.34.45:39823], old=null
2019-11-13 04:06:56,961 [64d096e6-e0ae-4a1d-97a3-03513c91a164@group-609D232F86F7-LeaderElection69] INFO  impl.LeaderElection (LeaderElection.java:askForVotes(178)) - 64d096e6-e0ae-4a1d-97a3-03513c91a164@group-609D232F86F7-LeaderElection69: begin an election at term 2 for 0: [0cea8a44-7441-4692-92a5-de212c14b418:192.168.34.45:44463, 50248509-472f-4b93-9431-0a6e6bd3eac0:192.168.34.45:43078, 64d096e6-e0ae-4a1d-97a3-03513c91a164:192.168.34.45:39823], old=null
2019-11-13 04:06:56,966 [64d096e6-e0ae-4a1d-97a3-03513c91a164@group-609D232F86F7-LeaderElection69] INFO  impl.LeaderElection (LogUtils.java:infoOrTrace(149)) - 64d096e6-e0ae-4a1d-97a3-03513c91a164@group-609D232F86F7-LeaderElection69 got exception when requesting votes: {}
java.util.concurrent.ExecutionException: org.apache.ratis.thirdparty.io.grpc.StatusRuntimeException: UNAVAILABLE: io exception
	at java.util.concurrent.FutureTask.report(FutureTask.java:122)
	at java.util.concurrent.FutureTask.get(FutureTask.java:192)
	at org.apache.ratis.server.impl.LeaderElection.waitForResults(LeaderElection.java:259)
	at org.apache.ratis.server.impl.LeaderElection.askForVotes(LeaderElection.java:197)
	at org.apache.ratis.server.impl.LeaderElection.run(LeaderElection.java:133)
	at java.lang.Thread.run(Thread.java:748)
Caused by: org.apache.ratis.thirdparty.io.grpc.StatusRuntimeException: UNAVAILABLE: io exception
	at org.apache.ratis.thirdparty.io.grpc.stub.ClientCalls.toStatusRuntimeException(ClientCalls.java:233)
	at org.apache.ratis.thirdparty.io.grpc.stub.ClientCalls.getUnchecked(ClientCalls.java:214)
	at org.apache.ratis.thirdparty.io.grpc.stub.ClientCalls.blockingUnaryCall(ClientCalls.java:139)
	at org.apache.ratis.proto.grpc.RaftServerProtocolServiceGrpc$RaftServerProtocolServiceBlockingStub.requestVote(RaftServerProtocolServiceGrpc.java:265)
	at org.apache.ratis.grpc.server.GrpcServerProtocolClient.requestVote(GrpcServerProtocolClient.java:99)
	at org.apache.ratis.grpc.server.GrpcService.requestVote(GrpcService.java:204)
	at org.apache.ratis.server.impl.LeaderElection.lambda$submitRequests$1(LeaderElection.java:234)
	at java.util.concurrent.FutureTask.run(FutureTask.java:266)
	at java.util.concurrent.Executors$RunnableAdapter.call(Executors.java:511)
	at java.util.concurrent.FutureTask.run(FutureTask.java:266)
	at java.util.concurrent.ThreadPoolExecutor.runWorker(ThreadPoolExecutor.java:1149)
	at java.util.concurrent.ThreadPoolExecutor$Worker.run(ThreadPoolExecutor.java:624)
	... 1 more
Caused by: org.apache.ratis.thirdparty.io.netty.channel.AbstractChannel$AnnotatedConnectException: Connection refused: /192.168.34.45:44463
	at sun.nio.ch.SocketChannelImpl.checkConnect(Native Method)
	at sun.nio.ch.SocketChannelImpl.finishConnect(SocketChannelImpl.java:717)
	at org.apache.ratis.thirdparty.io.netty.channel.socket.nio.NioSocketChannel.doFinishConnect(NioSocketChannel.java:327)
	at org.apache.ratis.thirdparty.io.netty.channel.nio.AbstractNioChannel$AbstractNioUnsafe.finishConnect(AbstractNioChannel.java:340)
	at org.apache.ratis.thirdparty.io.netty.channel.nio.NioEventLoop.processSelectedKey(NioEventLoop.java:632)
	at org.apache.ratis.thirdparty.io.netty.channel.nio.NioEventLoop.processSelectedKeysOptimized(NioEventLoop.java:579)
	at org.apache.ratis.thirdparty.io.netty.channel.nio.NioEventLoop.processSelectedKeys(NioEventLoop.java:496)
	at org.apache.ratis.thirdparty.io.netty.channel.nio.NioEventLoop.run(NioEventLoop.java:458)
	at org.apache.ratis.thirdparty.io.netty.util.concurrent.SingleThreadEventExecutor$5.run(SingleThreadEventExecutor.java:897)
	at org.apache.ratis.thirdparty.io.netty.util.concurrent.FastThreadLocalRunnable.run(FastThreadLocalRunnable.java:30)
	... 1 more
Caused by: java.net.ConnectException: Connection refused
	... 11 more
2019-11-13 04:06:56,968 [50248509-472f-4b93-9431-0a6e6bd3eac0@group-609D232F86F7-LeaderElection70] INFO  impl.LeaderElection (LogUtils.java:infoOrTrace(149)) - 50248509-472f-4b93-9431-0a6e6bd3eac0@group-609D232F86F7-LeaderElection70 got exception when requesting votes: {}
java.util.concurrent.ExecutionException: org.apache.ratis.thirdparty.io.grpc.StatusRuntimeException: UNAVAILABLE: io exception
	at java.util.concurrent.FutureTask.report(FutureTask.java:122)
	at java.util.concurrent.FutureTask.get(FutureTask.java:192)
	at org.apache.ratis.server.impl.LeaderElection.waitForResults(LeaderElection.java:259)
	at org.apache.ratis.server.impl.LeaderElection.askForVotes(LeaderElection.java:197)
	at org.apache.ratis.server.impl.LeaderElection.run(LeaderElection.java:133)
	at java.lang.Thread.run(Thread.java:748)
Caused by: org.apache.ratis.thirdparty.io.grpc.StatusRuntimeException: UNAVAILABLE: io exception
	at org.apache.ratis.thirdparty.io.grpc.stub.ClientCalls.toStatusRuntimeException(ClientCalls.java:233)
	at org.apache.ratis.thirdparty.io.grpc.stub.ClientCalls.getUnchecked(ClientCalls.java:214)
	at org.apache.ratis.thirdparty.io.grpc.stub.ClientCalls.blockingUnaryCall(ClientCalls.java:139)
	at org.apache.ratis.proto.grpc.RaftServerProtocolServiceGrpc$RaftServerProtocolServiceBlockingStub.requestVote(RaftServerProtocolServiceGrpc.java:265)
	at org.apache.ratis.grpc.server.GrpcServerProtocolClient.requestVote(GrpcServerProtocolClient.java:99)
	at org.apache.ratis.grpc.server.GrpcService.requestVote(GrpcService.java:204)
	at org.apache.ratis.server.impl.LeaderElection.lambda$submitRequests$1(LeaderElection.java:234)
	at java.util.concurrent.FutureTask.run(FutureTask.java:266)
	at java.util.concurrent.Executors$RunnableAdapter.call(Executors.java:511)
	at java.util.concurrent.FutureTask.run(FutureTask.java:266)
	at java.util.concurrent.ThreadPoolExecutor.runWorker(ThreadPoolExecutor.java:1149)
	at java.util.concurrent.ThreadPoolExecutor$Worker.run(ThreadPoolExecutor.java:624)
	... 1 more
Caused by: org.apache.ratis.thirdparty.io.netty.channel.AbstractChannel$AnnotatedConnectException: Connection refused: /192.168.34.45:44463
	at sun.nio.ch.SocketChannelImpl.checkConnect(Native Method)
	at sun.nio.ch.SocketChannelImpl.finishConnect(SocketChannelImpl.java:717)
	at org.apache.ratis.thirdparty.io.netty.channel.socket.nio.NioSocketChannel.doFinishConnect(NioSocketChannel.java:327)
	at org.apache.ratis.thirdparty.io.netty.channel.nio.AbstractNioChannel$AbstractNioUnsafe.finishConnect(AbstractNioChannel.java:340)
	at org.apache.ratis.thirdparty.io.netty.channel.nio.NioEventLoop.processSelectedKey(NioEventLoop.java:632)
	at org.apache.ratis.thirdparty.io.netty.channel.nio.NioEventLoop.processSelectedKeysOptimized(NioEventLoop.java:579)
	at org.apache.ratis.thirdparty.io.netty.channel.nio.NioEventLoop.processSelectedKeys(NioEventLoop.java:496)
	at org.apache.ratis.thirdparty.io.netty.channel.nio.NioEventLoop.run(NioEventLoop.java:458)
	at org.apache.ratis.thirdparty.io.netty.util.concurrent.SingleThreadEventExecutor$5.run(SingleThreadEventExecutor.java:897)
	at org.apache.ratis.thirdparty.io.netty.util.concurrent.FastThreadLocalRunnable.run(FastThreadLocalRunnable.java:30)
	... 1 more
Caused by: java.net.ConnectException: Connection refused
	... 11 more
2019-11-13 04:06:56,970 [50248509-472f-4b93-9431-0a6e6bd3eac0@group-609D232F86F7-LeaderElection70] INFO  impl.LeaderElection (LeaderElection.java:logAndReturn(56)) - 50248509-472f-4b93-9431-0a6e6bd3eac0@group-609D232F86F7-LeaderElection70: Election REJECTED; received 1 response(s) [50248509-472f-4b93-9431-0a6e6bd3eac0<-64d096e6-e0ae-4a1d-97a3-03513c91a164#0:FAIL-t2] and 1 exception(s); 50248509-472f-4b93-9431-0a6e6bd3eac0@group-609D232F86F7:t2, leader=null, voted=50248509-472f-4b93-9431-0a6e6bd3eac0, raftlog=50248509-472f-4b93-9431-0a6e6bd3eac0@group-609D232F86F7-SegmentedRaftLog:OPENED:c0,f0,i0, conf=0: [0cea8a44-7441-4692-92a5-de212c14b418:192.168.34.45:44463, 50248509-472f-4b93-9431-0a6e6bd3eac0:192.168.34.45:43078, 64d096e6-e0ae-4a1d-97a3-03513c91a164:192.168.34.45:39823], old=null
2019-11-13 04:06:56,970 [50248509-472f-4b93-9431-0a6e6bd3eac0@group-609D232F86F7-LeaderElection70] INFO  impl.LeaderElection (LogUtils.java:infoOrTrace(149)) -   Exception 0: {}
java.util.concurrent.ExecutionException: org.apache.ratis.thirdparty.io.grpc.StatusRuntimeException: UNAVAILABLE: io exception
	at java.util.concurrent.FutureTask.report(FutureTask.java:122)
	at java.util.concurrent.FutureTask.get(FutureTask.java:192)
	at org.apache.ratis.server.impl.LeaderElection.waitForResults(LeaderElection.java:259)
	at org.apache.ratis.server.impl.LeaderElection.askForVotes(LeaderElection.java:197)
	at org.apache.ratis.server.impl.LeaderElection.run(LeaderElection.java:133)
	at java.lang.Thread.run(Thread.java:748)
Caused by: org.apache.ratis.thirdparty.io.grpc.StatusRuntimeException: UNAVAILABLE: io exception
	at org.apache.ratis.thirdparty.io.grpc.stub.ClientCalls.toStatusRuntimeException(ClientCalls.java:233)
	at org.apache.ratis.thirdparty.io.grpc.stub.ClientCalls.getUnchecked(ClientCalls.java:214)
	at org.apache.ratis.thirdparty.io.grpc.stub.ClientCalls.blockingUnaryCall(ClientCalls.java:139)
	at org.apache.ratis.proto.grpc.RaftServerProtocolServiceGrpc$RaftServerProtocolServiceBlockingStub.requestVote(RaftServerProtocolServiceGrpc.java:265)
	at org.apache.ratis.grpc.server.GrpcServerProtocolClient.requestVote(GrpcServerProtocolClient.java:99)
	at org.apache.ratis.grpc.server.GrpcService.requestVote(GrpcService.java:204)
	at org.apache.ratis.server.impl.LeaderElection.lambda$submitRequests$1(LeaderElection.java:234)
	at java.util.concurrent.FutureTask.run(FutureTask.java:266)
	at java.util.concurrent.Executors$RunnableAdapter.call(Executors.java:511)
	at java.util.concurrent.FutureTask.run(FutureTask.java:266)
	at java.util.concurrent.ThreadPoolExecutor.runWorker(ThreadPoolExecutor.java:1149)
	at java.util.concurrent.ThreadPoolExecutor$Worker.run(ThreadPoolExecutor.java:624)
	... 1 more
Caused by: org.apache.ratis.thirdparty.io.netty.channel.AbstractChannel$AnnotatedConnectException: Connection refused: /192.168.34.45:44463
	at sun.nio.ch.SocketChannelImpl.checkConnect(Native Method)
	at sun.nio.ch.SocketChannelImpl.finishConnect(SocketChannelImpl.java:717)
	at org.apache.ratis.thirdparty.io.netty.channel.socket.nio.NioSocketChannel.doFinishConnect(NioSocketChannel.java:327)
	at org.apache.ratis.thirdparty.io.netty.channel.nio.AbstractNioChannel$AbstractNioUnsafe.finishConnect(AbstractNioChannel.java:340)
	at org.apache.ratis.thirdparty.io.netty.channel.nio.NioEventLoop.processSelectedKey(NioEventLoop.java:632)
	at org.apache.ratis.thirdparty.io.netty.channel.nio.NioEventLoop.processSelectedKeysOptimized(NioEventLoop.java:579)
	at org.apache.ratis.thirdparty.io.netty.channel.nio.NioEventLoop.processSelectedKeys(NioEventLoop.java:496)
	at org.apache.ratis.thirdparty.io.netty.channel.nio.NioEventLoop.run(NioEventLoop.java:458)
	at org.apache.ratis.thirdparty.io.netty.util.concurrent.SingleThreadEventExecutor$5.run(SingleThreadEventExecutor.java:897)
	at org.apache.ratis.thirdparty.io.netty.util.concurrent.FastThreadLocalRunnable.run(FastThreadLocalRunnable.java:30)
	... 1 more
Caused by: java.net.ConnectException: Connection refused
	... 11 more
2019-11-13 04:06:56,971 [50248509-472f-4b93-9431-0a6e6bd3eac0@group-609D232F86F7-LeaderElection70] INFO  impl.RaftServerImpl (RaftServerImpl.java:setRole(173)) - 50248509-472f-4b93-9431-0a6e6bd3eac0@group-609D232F86F7: changes role from CANDIDATE to FOLLOWER at term 2 for DISCOVERED_A_NEW_TERM
2019-11-13 04:06:56,971 [50248509-472f-4b93-9431-0a6e6bd3eac0@group-609D232F86F7-LeaderElection70] INFO  impl.RoleInfo (RoleInfo.java:shutdownLeaderElection(134)) - 50248509-472f-4b93-9431-0a6e6bd3eac0: shutdown LeaderElection
2019-11-13 04:06:56,971 [50248509-472f-4b93-9431-0a6e6bd3eac0@group-609D232F86F7-LeaderElection70] INFO  impl.RoleInfo (RoleInfo.java:updateAndGet(143)) - 50248509-472f-4b93-9431-0a6e6bd3eac0: start FollowerState
2019-11-13 04:06:56,971 [64d096e6-e0ae-4a1d-97a3-03513c91a164@group-609D232F86F7-LeaderElection69] INFO  impl.LeaderElection (LeaderElection.java:logAndReturn(56)) - 64d096e6-e0ae-4a1d-97a3-03513c91a164@group-609D232F86F7-LeaderElection69: Election REJECTED; received 1 response(s) [64d096e6-e0ae-4a1d-97a3-03513c91a164<-50248509-472f-4b93-9431-0a6e6bd3eac0#0:FAIL-t2] and 1 exception(s); 64d096e6-e0ae-4a1d-97a3-03513c91a164@group-609D232F86F7:t2, leader=null, voted=64d096e6-e0ae-4a1d-97a3-03513c91a164, raftlog=64d096e6-e0ae-4a1d-97a3-03513c91a164@group-609D232F86F7-SegmentedRaftLog:OPENED:c0,f0,i0, conf=0: [0cea8a44-7441-4692-92a5-de212c14b418:192.168.34.45:44463, 50248509-472f-4b93-9431-0a6e6bd3eac0:192.168.34.45:43078, 64d096e6-e0ae-4a1d-97a3-03513c91a164:192.168.34.45:39823], old=null
2019-11-13 04:06:56,972 [64d096e6-e0ae-4a1d-97a3-03513c91a164@group-609D232F86F7-LeaderElection69] INFO  impl.LeaderElection (LogUtils.java:infoOrTrace(149)) -   Exception 0: {}
java.util.concurrent.ExecutionException: org.apache.ratis.thirdparty.io.grpc.StatusRuntimeException: UNAVAILABLE: io exception
	at java.util.concurrent.FutureTask.report(FutureTask.java:122)
	at java.util.concurrent.FutureTask.get(FutureTask.java:192)
	at org.apache.ratis.server.impl.LeaderElection.waitForResults(LeaderElection.java:259)
	at org.apache.ratis.server.impl.LeaderElection.askForVotes(LeaderElection.java:197)
	at org.apache.ratis.server.impl.LeaderElection.run(LeaderElection.java:133)
	at java.lang.Thread.run(Thread.java:748)
Caused by: org.apache.ratis.thirdparty.io.grpc.StatusRuntimeException: UNAVAILABLE: io exception
	at org.apache.ratis.thirdparty.io.grpc.stub.ClientCalls.toStatusRuntimeException(ClientCalls.java:233)
	at org.apache.ratis.thirdparty.io.grpc.stub.ClientCalls.getUnchecked(ClientCalls.java:214)
	at org.apache.ratis.thirdparty.io.grpc.stub.ClientCalls.blockingUnaryCall(ClientCalls.java:139)
	at org.apache.ratis.proto.grpc.RaftServerProtocolServiceGrpc$RaftServerProtocolServiceBlockingStub.requestVote(RaftServerProtocolServiceGrpc.java:265)
	at org.apache.ratis.grpc.server.GrpcServerProtocolClient.requestVote(GrpcServerProtocolClient.java:99)
	at org.apache.ratis.grpc.server.GrpcService.requestVote(GrpcService.java:204)
	at org.apache.ratis.server.impl.LeaderElection.lambda$submitRequests$1(LeaderElection.java:234)
	at java.util.concurrent.FutureTask.run(FutureTask.java:266)
	at java.util.concurrent.Executors$RunnableAdapter.call(Executors.java:511)
	at java.util.concurrent.FutureTask.run(FutureTask.java:266)
	at java.util.concurrent.ThreadPoolExecutor.runWorker(ThreadPoolExecutor.java:1149)
	at java.util.concurrent.ThreadPoolExecutor$Worker.run(ThreadPoolExecutor.java:624)
	... 1 more
Caused by: org.apache.ratis.thirdparty.io.netty.channel.AbstractChannel$AnnotatedConnectException: Connection refused: /192.168.34.45:44463
	at sun.nio.ch.SocketChannelImpl.checkConnect(Native Method)
	at sun.nio.ch.SocketChannelImpl.finishConnect(SocketChannelImpl.java:717)
	at org.apache.ratis.thirdparty.io.netty.channel.socket.nio.NioSocketChannel.doFinishConnect(NioSocketChannel.java:327)
	at org.apache.ratis.thirdparty.io.netty.channel.nio.AbstractNioChannel$AbstractNioUnsafe.finishConnect(AbstractNioChannel.java:340)
	at org.apache.ratis.thirdparty.io.netty.channel.nio.NioEventLoop.processSelectedKey(NioEventLoop.java:632)
	at org.apache.ratis.thirdparty.io.netty.channel.nio.NioEventLoop.processSelectedKeysOptimized(NioEventLoop.java:579)
	at org.apache.ratis.thirdparty.io.netty.channel.nio.NioEventLoop.processSelectedKeys(NioEventLoop.java:496)
	at org.apache.ratis.thirdparty.io.netty.channel.nio.NioEventLoop.run(NioEventLoop.java:458)
	at org.apache.ratis.thirdparty.io.netty.util.concurrent.SingleThreadEventExecutor$5.run(SingleThreadEventExecutor.java:897)
	at org.apache.ratis.thirdparty.io.netty.util.concurrent.FastThreadLocalRunnable.run(FastThreadLocalRunnable.java:30)
	... 1 more
Caused by: java.net.ConnectException: Connection refused
	... 11 more
2019-11-13 04:06:56,972 [64d096e6-e0ae-4a1d-97a3-03513c91a164@group-609D232F86F7-LeaderElection69] INFO  impl.RaftServerImpl (RaftServerImpl.java:setRole(173)) - 64d096e6-e0ae-4a1d-97a3-03513c91a164@group-609D232F86F7: changes role from CANDIDATE to FOLLOWER at term 2 for DISCOVERED_A_NEW_TERM
2019-11-13 04:06:56,972 [64d096e6-e0ae-4a1d-97a3-03513c91a164@group-609D232F86F7-LeaderElection69] INFO  impl.RoleInfo (RoleInfo.java:shutdownLeaderElection(134)) - 64d096e6-e0ae-4a1d-97a3-03513c91a164: shutdown LeaderElection
2019-11-13 04:06:56,972 [64d096e6-e0ae-4a1d-97a3-03513c91a164@group-609D232F86F7-LeaderElection69] INFO  impl.RoleInfo (RoleInfo.java:updateAndGet(143)) - 64d096e6-e0ae-4a1d-97a3-03513c91a164: start FollowerState
2019-11-13 04:06:57,770 [Thread-1763] INFO  impl.FollowerState (FollowerState.java:run(111)) - 08597d3a-6b69-4d75-a39e-e4e8ac9edde4@group-038E72117229-FollowerState: change to CANDIDATE, lastRpcTime:1862ms, electionTimeout:1175ms
2019-11-13 04:06:57,770 [Thread-1763] INFO  impl.RoleInfo (RoleInfo.java:shutdownFollowerState(121)) - 08597d3a-6b69-4d75-a39e-e4e8ac9edde4: shutdown FollowerState
2019-11-13 04:06:57,770 [Thread-1763] INFO  impl.RaftServerImpl (RaftServerImpl.java:setRole(173)) - 08597d3a-6b69-4d75-a39e-e4e8ac9edde4@group-038E72117229: changes role from  FOLLOWER to CANDIDATE at term 1 for changeToCandidate
2019-11-13 04:06:57,771 [Thread-1763] INFO  impl.RoleInfo (RoleInfo.java:updateAndGet(143)) - 08597d3a-6b69-4d75-a39e-e4e8ac9edde4: start LeaderElection
2019-11-13 04:06:57,771 [08597d3a-6b69-4d75-a39e-e4e8ac9edde4@group-038E72117229-LeaderElection71] INFO  impl.RaftServerImpl (ServerState.java:setLeader(255)) - 08597d3a-6b69-4d75-a39e-e4e8ac9edde4@group-038E72117229: change Leader from 2f653e4e-b4ea-4463-ba35-13c58c0a0d31 to null at term 1 for initElection
2019-11-13 04:06:57,796 [08597d3a-6b69-4d75-a39e-e4e8ac9edde4@group-038E72117229-LeaderElection71] INFO  impl.LeaderElection (LeaderElection.java:askForVotes(178)) - 08597d3a-6b69-4d75-a39e-e4e8ac9edde4@group-038E72117229-LeaderElection71: begin an election at term 2 for 0: [08597d3a-6b69-4d75-a39e-e4e8ac9edde4:192.168.34.45:41890, 32d4d447-2d26-4c49-a5e1-cd2d67dbedad:192.168.34.45:40211, 2f653e4e-b4ea-4463-ba35-13c58c0a0d31:192.168.34.45:41897], old=null
2019-11-13 04:06:57,800 [08597d3a-6b69-4d75-a39e-e4e8ac9edde4@group-038E72117229-LeaderElection71] INFO  impl.LeaderElection (LogUtils.java:infoOrTrace(149)) - 08597d3a-6b69-4d75-a39e-e4e8ac9edde4@group-038E72117229-LeaderElection71 got exception when requesting votes: {}
java.util.concurrent.ExecutionException: org.apache.ratis.thirdparty.io.grpc.StatusRuntimeException: UNAVAILABLE: io exception
	at java.util.concurrent.FutureTask.report(FutureTask.java:122)
	at java.util.concurrent.FutureTask.get(FutureTask.java:192)
	at org.apache.ratis.server.impl.LeaderElection.waitForResults(LeaderElection.java:259)
	at org.apache.ratis.server.impl.LeaderElection.askForVotes(LeaderElection.java:197)
	at org.apache.ratis.server.impl.LeaderElection.run(LeaderElection.java:133)
	at java.lang.Thread.run(Thread.java:748)
Caused by: org.apache.ratis.thirdparty.io.grpc.StatusRuntimeException: UNAVAILABLE: io exception
	at org.apache.ratis.thirdparty.io.grpc.stub.ClientCalls.toStatusRuntimeException(ClientCalls.java:233)
	at org.apache.ratis.thirdparty.io.grpc.stub.ClientCalls.getUnchecked(ClientCalls.java:214)
	at org.apache.ratis.thirdparty.io.grpc.stub.ClientCalls.blockingUnaryCall(ClientCalls.java:139)
	at org.apache.ratis.proto.grpc.RaftServerProtocolServiceGrpc$RaftServerProtocolServiceBlockingStub.requestVote(RaftServerProtocolServiceGrpc.java:265)
	at org.apache.ratis.grpc.server.GrpcServerProtocolClient.requestVote(GrpcServerProtocolClient.java:99)
	at org.apache.ratis.grpc.server.GrpcService.requestVote(GrpcService.java:204)
	at org.apache.ratis.server.impl.LeaderElection.lambda$submitRequests$1(LeaderElection.java:234)
	at java.util.concurrent.FutureTask.run(FutureTask.java:266)
	at java.util.concurrent.Executors$RunnableAdapter.call(Executors.java:511)
	at java.util.concurrent.FutureTask.run(FutureTask.java:266)
	at java.util.concurrent.ThreadPoolExecutor.runWorker(ThreadPoolExecutor.java:1149)
	at java.util.concurrent.ThreadPoolExecutor$Worker.run(ThreadPoolExecutor.java:624)
	... 1 more
Caused by: org.apache.ratis.thirdparty.io.netty.channel.AbstractChannel$AnnotatedConnectException: Connection refused: /192.168.34.45:41897
	at sun.nio.ch.SocketChannelImpl.checkConnect(Native Method)
	at sun.nio.ch.SocketChannelImpl.finishConnect(SocketChannelImpl.java:717)
	at org.apache.ratis.thirdparty.io.netty.channel.socket.nio.NioSocketChannel.doFinishConnect(NioSocketChannel.java:327)
	at org.apache.ratis.thirdparty.io.netty.channel.nio.AbstractNioChannel$AbstractNioUnsafe.finishConnect(AbstractNioChannel.java:340)
	at org.apache.ratis.thirdparty.io.netty.channel.nio.NioEventLoop.processSelectedKey(NioEventLoop.java:632)
	at org.apache.ratis.thirdparty.io.netty.channel.nio.NioEventLoop.processSelectedKeysOptimized(NioEventLoop.java:579)
	at org.apache.ratis.thirdparty.io.netty.channel.nio.NioEventLoop.processSelectedKeys(NioEventLoop.java:496)
	at org.apache.ratis.thirdparty.io.netty.channel.nio.NioEventLoop.run(NioEventLoop.java:458)
	at org.apache.ratis.thirdparty.io.netty.util.concurrent.SingleThreadEventExecutor$5.run(SingleThreadEventExecutor.java:897)
	at org.apache.ratis.thirdparty.io.netty.util.concurrent.FastThreadLocalRunnable.run(FastThreadLocalRunnable.java:30)
	... 1 more
Caused by: java.net.ConnectException: Connection refused
	... 11 more
2019-11-13 04:06:57,803 [grpc-default-executor-0] INFO  impl.RaftServerImpl (ServerState.java:setLeader(255)) - 32d4d447-2d26-4c49-a5e1-cd2d67dbedad@group-038E72117229: change Leader from 2f653e4e-b4ea-4463-ba35-13c58c0a0d31 to null at term 2 for updateCurrentTerm
2019-11-13 04:06:57,803 [grpc-default-executor-0] INFO  impl.RaftServerImpl (RaftServerImpl.java:setRole(173)) - 32d4d447-2d26-4c49-a5e1-cd2d67dbedad@group-038E72117229: changes role from  FOLLOWER to FOLLOWER at term 2 for recognizeCandidate:08597d3a-6b69-4d75-a39e-e4e8ac9edde4
2019-11-13 04:06:57,803 [grpc-default-executor-0] INFO  impl.RoleInfo (RoleInfo.java:shutdownFollowerState(121)) - 32d4d447-2d26-4c49-a5e1-cd2d67dbedad: shutdown FollowerState
2019-11-13 04:06:57,804 [grpc-default-executor-0] INFO  impl.RoleInfo (RoleInfo.java:updateAndGet(143)) - 32d4d447-2d26-4c49-a5e1-cd2d67dbedad: start FollowerState
2019-11-13 04:06:57,804 [Thread-1764] INFO  impl.FollowerState (FollowerState.java:run(120)) - 32d4d447-2d26-4c49-a5e1-cd2d67dbedad@group-038E72117229-FollowerState was interrupted: java.lang.InterruptedException: sleep interrupted
2019-11-13 04:06:57,816 [08597d3a-6b69-4d75-a39e-e4e8ac9edde4@group-038E72117229-LeaderElection71] INFO  impl.LeaderElection (LeaderElection.java:logAndReturn(56)) - 08597d3a-6b69-4d75-a39e-e4e8ac9edde4@group-038E72117229-LeaderElection71: Election PASSED; received 1 response(s) [08597d3a-6b69-4d75-a39e-e4e8ac9edde4<-32d4d447-2d26-4c49-a5e1-cd2d67dbedad#0:OK-t2] and 1 exception(s); 08597d3a-6b69-4d75-a39e-e4e8ac9edde4@group-038E72117229:t2, leader=null, voted=08597d3a-6b69-4d75-a39e-e4e8ac9edde4, raftlog=08597d3a-6b69-4d75-a39e-e4e8ac9edde4@group-038E72117229-SegmentedRaftLog:OPENED:c0,f0,i0, conf=0: [08597d3a-6b69-4d75-a39e-e4e8ac9edde4:192.168.34.45:41890, 32d4d447-2d26-4c49-a5e1-cd2d67dbedad:192.168.34.45:40211, 2f653e4e-b4ea-4463-ba35-13c58c0a0d31:192.168.34.45:41897], old=null
2019-11-13 04:06:57,816 [08597d3a-6b69-4d75-a39e-e4e8ac9edde4@group-038E72117229-LeaderElection71] INFO  impl.LeaderElection (LogUtils.java:infoOrTrace(149)) -   Exception 0: {}
java.util.concurrent.ExecutionException: org.apache.ratis.thirdparty.io.grpc.StatusRuntimeException: UNAVAILABLE: io exception
	at java.util.concurrent.FutureTask.report(FutureTask.java:122)
	at java.util.concurrent.FutureTask.get(FutureTask.java:192)
	at org.apache.ratis.server.impl.LeaderElection.waitForResults(LeaderElection.java:259)
	at org.apache.ratis.server.impl.LeaderElection.askForVotes(LeaderElection.java:197)
	at org.apache.ratis.server.impl.LeaderElection.run(LeaderElection.java:133)
	at java.lang.Thread.run(Thread.java:748)
Caused by: org.apache.ratis.thirdparty.io.grpc.StatusRuntimeException: UNAVAILABLE: io exception
	at org.apache.ratis.thirdparty.io.grpc.stub.ClientCalls.toStatusRuntimeException(ClientCalls.java:233)
	at org.apache.ratis.thirdparty.io.grpc.stub.ClientCalls.getUnchecked(ClientCalls.java:214)
	at org.apache.ratis.thirdparty.io.grpc.stub.ClientCalls.blockingUnaryCall(ClientCalls.java:139)
	at org.apache.ratis.proto.grpc.RaftServerProtocolServiceGrpc$RaftServerProtocolServiceBlockingStub.requestVote(RaftServerProtocolServiceGrpc.java:265)
	at org.apache.ratis.grpc.server.GrpcServerProtocolClient.requestVote(GrpcServerProtocolClient.java:99)
	at org.apache.ratis.grpc.server.GrpcService.requestVote(GrpcService.java:204)
	at org.apache.ratis.server.impl.LeaderElection.lambda$submitRequests$1(LeaderElection.java:234)
	at java.util.concurrent.FutureTask.run(FutureTask.java:266)
	at java.util.concurrent.Executors$RunnableAdapter.call(Executors.java:511)
	at java.util.concurrent.FutureTask.run(FutureTask.java:266)
	at java.util.concurrent.ThreadPoolExecutor.runWorker(ThreadPoolExecutor.java:1149)
	at java.util.concurrent.ThreadPoolExecutor$Worker.run(ThreadPoolExecutor.java:624)
	... 1 more
Caused by: org.apache.ratis.thirdparty.io.netty.channel.AbstractChannel$AnnotatedConnectException: Connection refused: /192.168.34.45:41897
	at sun.nio.ch.SocketChannelImpl.checkConnect(Native Method)
	at sun.nio.ch.SocketChannelImpl.finishConnect(SocketChannelImpl.java:717)
	at org.apache.ratis.thirdparty.io.netty.channel.socket.nio.NioSocketChannel.doFinishConnect(NioSocketChannel.java:327)
	at org.apache.ratis.thirdparty.io.netty.channel.nio.AbstractNioChannel$AbstractNioUnsafe.finishConnect(AbstractNioChannel.java:340)
	at org.apache.ratis.thirdparty.io.netty.channel.nio.NioEventLoop.processSelectedKey(NioEventLoop.java:632)
	at org.apache.ratis.thirdparty.io.netty.channel.nio.NioEventLoop.processSelectedKeysOptimized(NioEventLoop.java:579)
	at org.apache.ratis.thirdparty.io.netty.channel.nio.NioEventLoop.processSelectedKeys(NioEventLoop.java:496)
	at org.apache.ratis.thirdparty.io.netty.channel.nio.NioEventLoop.run(NioEventLoop.java:458)
	at org.apache.ratis.thirdparty.io.netty.util.concurrent.SingleThreadEventExecutor$5.run(SingleThreadEventExecutor.java:897)
	at org.apache.ratis.thirdparty.io.netty.util.concurrent.FastThreadLocalRunnable.run(FastThreadLocalRunnable.java:30)
	... 1 more
Caused by: java.net.ConnectException: Connection refused
	... 11 more
2019-11-13 04:06:57,817 [08597d3a-6b69-4d75-a39e-e4e8ac9edde4@group-038E72117229-LeaderElection71] INFO  impl.RoleInfo (RoleInfo.java:shutdownLeaderElection(134)) - 08597d3a-6b69-4d75-a39e-e4e8ac9edde4: shutdown LeaderElection
2019-11-13 04:06:57,817 [08597d3a-6b69-4d75-a39e-e4e8ac9edde4@group-038E72117229-LeaderElection71] INFO  impl.RaftServerImpl (RaftServerImpl.java:setRole(173)) - 08597d3a-6b69-4d75-a39e-e4e8ac9edde4@group-038E72117229: changes role from CANDIDATE to LEADER at term 2 for changeToLeader
2019-11-13 04:06:57,817 [08597d3a-6b69-4d75-a39e-e4e8ac9edde4@group-038E72117229-LeaderElection71] INFO  ratis.XceiverServerRatis (XceiverServerRatis.java:handleLeaderChangedNotification(697)) - Leader change notification received for group: group-038E72117229 with new leaderId: 08597d3a-6b69-4d75-a39e-e4e8ac9edde4
2019-11-13 04:06:57,817 [08597d3a-6b69-4d75-a39e-e4e8ac9edde4@group-038E72117229-LeaderElection71] INFO  impl.RaftServerImpl (ServerState.java:setLeader(255)) - 08597d3a-6b69-4d75-a39e-e4e8ac9edde4@group-038E72117229: change Leader from null to 08597d3a-6b69-4d75-a39e-e4e8ac9edde4 at term 2 for becomeLeader, leader elected after 45ms
2019-11-13 04:06:57,817 [08597d3a-6b69-4d75-a39e-e4e8ac9edde4@group-038E72117229-LeaderElection71] INFO  server.RaftServerConfigKeys (ConfUtils.java:logGet(43)) - raft.server.staging.catchup.gap = 1000 (default)
2019-11-13 04:06:57,817 [08597d3a-6b69-4d75-a39e-e4e8ac9edde4@group-038E72117229-LeaderElection71] INFO  server.RaftServerConfigKeys (ConfUtils.java:logGet(43)) - raft.server.rpc.sleep.time = 25ms (default)
2019-11-13 04:06:57,818 [08597d3a-6b69-4d75-a39e-e4e8ac9edde4@group-038E72117229-LeaderElection71] INFO  server.RaftServerConfigKeys (ConfUtils.java:logGet(43)) - raft.server.write.element-limit = 4096 (default)
2019-11-13 04:06:57,818 [08597d3a-6b69-4d75-a39e-e4e8ac9edde4@group-038E72117229-LeaderElection71] INFO  server.RaftServerConfigKeys (ConfUtils.java:logGet(43)) - raft.server.watch.timeout = 10s (default)
2019-11-13 04:06:57,818 [08597d3a-6b69-4d75-a39e-e4e8ac9edde4@group-038E72117229-LeaderElection71] INFO  server.RaftServerConfigKeys (ConfUtils.java:logGet(43)) - raft.server.watch.timeout.denomination = 1s (default)
2019-11-13 04:06:57,818 [08597d3a-6b69-4d75-a39e-e4e8ac9edde4@group-038E72117229-LeaderElection71] INFO  server.RaftServerConfigKeys (ConfUtils.java:logGet(43)) - raft.server.watch.element-limit = 65536 (default)
2019-11-13 04:06:57,818 [08597d3a-6b69-4d75-a39e-e4e8ac9edde4@group-038E72117229-LeaderElection71] INFO  server.RaftServerConfigKeys (ConfUtils.java:logGet(43)) - raft.server.log.appender.snapshot.chunk.size.max = 16MB (=16777216) (default)
2019-11-13 04:06:57,819 [08597d3a-6b69-4d75-a39e-e4e8ac9edde4@group-038E72117229-LeaderElection71] INFO  server.RaftServerConfigKeys (ConfUtils.java:logGet(43)) - raft.server.log.appender.buffer.byte-limit = 33554432 (custom)
2019-11-13 04:06:57,819 [08597d3a-6b69-4d75-a39e-e4e8ac9edde4@group-038E72117229-LeaderElection71] INFO  server.RaftServerConfigKeys (ConfUtils.java:logGet(43)) - raft.server.log.appender.buffer.element-limit = 1 (custom)
2019-11-13 04:06:57,819 [08597d3a-6b69-4d75-a39e-e4e8ac9edde4@group-038E72117229-LeaderElection71] INFO  grpc.GrpcConfigKeys$Server (ConfUtils.java:logGet(43)) - raft.grpc.server.leader.outstanding.appends.max = 128 (default)
2019-11-13 04:06:57,819 [08597d3a-6b69-4d75-a39e-e4e8ac9edde4@group-038E72117229-LeaderElection71] INFO  server.RaftServerConfigKeys (ConfUtils.java:logGet(43)) - raft.server.rpc.request.timeout = 3000ms (default)
2019-11-13 04:06:57,819 [08597d3a-6b69-4d75-a39e-e4e8ac9edde4@group-038E72117229-LeaderElection71] INFO  server.RaftServerConfigKeys (ConfUtils.java:logGet(43)) - raft.server.log.appender.install.snapshot.enabled = false (custom)
2019-11-13 04:06:57,819 [08597d3a-6b69-4d75-a39e-e4e8ac9edde4@group-038E72117229-LeaderElection71] WARN  impl.MetricRegistriesImpl (MetricRegistriesImpl.java:lambda$create$1(61)) - First MetricRegistry has been created without registering reporters. You may need to call MetricRegistries.global().addReportRegistration(...) before.
2019-11-13 04:06:57,820 [08597d3a-6b69-4d75-a39e-e4e8ac9edde4@group-038E72117229-LeaderElection71] INFO  server.RaftServerConfigKeys (ConfUtils.java:logGet(43)) - raft.server.log.appender.snapshot.chunk.size.max = 16MB (=16777216) (default)
2019-11-13 04:06:57,820 [08597d3a-6b69-4d75-a39e-e4e8ac9edde4@group-038E72117229-LeaderElection71] INFO  server.RaftServerConfigKeys (ConfUtils.java:logGet(43)) - raft.server.log.appender.buffer.byte-limit = 33554432 (custom)
2019-11-13 04:06:57,820 [08597d3a-6b69-4d75-a39e-e4e8ac9edde4@group-038E72117229-LeaderElection71] INFO  server.RaftServerConfigKeys (ConfUtils.java:logGet(43)) - raft.server.log.appender.buffer.element-limit = 1 (custom)
2019-11-13 04:06:57,820 [08597d3a-6b69-4d75-a39e-e4e8ac9edde4@group-038E72117229-LeaderElection71] INFO  grpc.GrpcConfigKeys$Server (ConfUtils.java:logGet(43)) - raft.grpc.server.leader.outstanding.appends.max = 128 (default)
2019-11-13 04:06:57,820 [08597d3a-6b69-4d75-a39e-e4e8ac9edde4@group-038E72117229-LeaderElection71] INFO  server.RaftServerConfigKeys (ConfUtils.java:logGet(43)) - raft.server.rpc.request.timeout = 3000ms (default)
2019-11-13 04:06:57,820 [08597d3a-6b69-4d75-a39e-e4e8ac9edde4@group-038E72117229-LeaderElection71] INFO  server.RaftServerConfigKeys (ConfUtils.java:logGet(43)) - raft.server.log.appender.install.snapshot.enabled = false (custom)
2019-11-13 04:06:57,820 [08597d3a-6b69-4d75-a39e-e4e8ac9edde4@group-038E72117229-LeaderElection71] INFO  impl.RoleInfo (RoleInfo.java:updateAndGet(143)) - 08597d3a-6b69-4d75-a39e-e4e8ac9edde4: start LeaderState
2019-11-13 04:06:57,821 [08597d3a-6b69-4d75-a39e-e4e8ac9edde4@group-038E72117229-LeaderElection71] INFO  segmented.SegmentedRaftLogWorker (SegmentedRaftLogWorker.java:rollLogSegment(390)) - 08597d3a-6b69-4d75-a39e-e4e8ac9edde4@group-038E72117229-SegmentedRaftLogWorker: Rolling segment log-0_0 to index:0
2019-11-13 04:06:57,822 [08597d3a-6b69-4d75-a39e-e4e8ac9edde4@group-038E72117229-LeaderElection71] INFO  impl.RaftServerImpl (ServerState.java:setRaftConf(356)) - 08597d3a-6b69-4d75-a39e-e4e8ac9edde4@group-038E72117229: set configuration 1: [08597d3a-6b69-4d75-a39e-e4e8ac9edde4:192.168.34.45:41890, 32d4d447-2d26-4c49-a5e1-cd2d67dbedad:192.168.34.45:40211, 2f653e4e-b4ea-4463-ba35-13c58c0a0d31:192.168.34.45:41897], old=null at 1
2019-11-13 04:06:57,822 [08597d3a-6b69-4d75-a39e-e4e8ac9edde4@group-038E72117229-SegmentedRaftLogWorker] INFO  segmented.SegmentedRaftLogWorker (SegmentedRaftLogWorker.java:execute(533)) - 08597d3a-6b69-4d75-a39e-e4e8ac9edde4@group-038E72117229-SegmentedRaftLogWorker: Rolled log segment from /workdir/hadoop-ozone/integration-test/target/test-dir/MiniOzoneClusterImpl-b85b6ab0-505c-4a5c-9cb9-9f0034e19733/datanode-2/data/ratis/0e07bcb2-5232-4789-9d6c-038e72117229/current/log_inprogress_0 to /workdir/hadoop-ozone/integration-test/target/test-dir/MiniOzoneClusterImpl-b85b6ab0-505c-4a5c-9cb9-9f0034e19733/datanode-2/data/ratis/0e07bcb2-5232-4789-9d6c-038e72117229/current/log_0-0
2019-11-13 04:06:57,822 [grpc-default-executor-0] WARN  server.GrpcLogAppender (LogUtils.java:warn(134)) - 08597d3a-6b69-4d75-a39e-e4e8ac9edde4@group-038E72117229->2f653e4e-b4ea-4463-ba35-13c58c0a0d31-AppendLogResponseHandler: Failed appendEntries: org.apache.ratis.thirdparty.io.grpc.StatusRuntimeException: UNAVAILABLE: io exception
2019-11-13 04:06:57,822 [grpc-default-executor-0] INFO  impl.FollowerInfo (FollowerInfo.java:lambda$new$0(51)) - 08597d3a-6b69-4d75-a39e-e4e8ac9edde4@group-038E72117229->2f653e4e-b4ea-4463-ba35-13c58c0a0d31: nextIndex: updateUnconditionally 1 -> 0
2019-11-13 04:06:57,824 [grpc-default-executor-7] INFO  ratis.XceiverServerRatis (XceiverServerRatis.java:handleLeaderChangedNotification(697)) - Leader change notification received for group: group-038E72117229 with new leaderId: 08597d3a-6b69-4d75-a39e-e4e8ac9edde4
2019-11-13 04:06:57,824 [grpc-default-executor-7] INFO  impl.RaftServerImpl (ServerState.java:setLeader(255)) - 32d4d447-2d26-4c49-a5e1-cd2d67dbedad@group-038E72117229: change Leader from null to 08597d3a-6b69-4d75-a39e-e4e8ac9edde4 at term 2 for appendEntries, leader elected after 20ms
2019-11-13 04:06:57,826 [grpc-default-executor-7] INFO  impl.RaftServerImpl (ServerState.java:setRaftConf(356)) - 32d4d447-2d26-4c49-a5e1-cd2d67dbedad@group-038E72117229: set configuration 1: [08597d3a-6b69-4d75-a39e-e4e8ac9edde4:192.168.34.45:41890, 32d4d447-2d26-4c49-a5e1-cd2d67dbedad:192.168.34.45:40211, 2f653e4e-b4ea-4463-ba35-13c58c0a0d31:192.168.34.45:41897], old=null at 1
2019-11-13 04:06:57,827 [grpc-default-executor-7] INFO  segmented.SegmentedRaftLogWorker (SegmentedRaftLogWorker.java:rollLogSegment(390)) - 32d4d447-2d26-4c49-a5e1-cd2d67dbedad@group-038E72117229-SegmentedRaftLogWorker: Rolling segment log-0_0 to index:0
2019-11-13 04:06:57,827 [32d4d447-2d26-4c49-a5e1-cd2d67dbedad@group-038E72117229-SegmentedRaftLogWorker] INFO  segmented.SegmentedRaftLogWorker (SegmentedRaftLogWorker.java:execute(533)) - 32d4d447-2d26-4c49-a5e1-cd2d67dbedad@group-038E72117229-SegmentedRaftLogWorker: Rolled log segment from /workdir/hadoop-ozone/integration-test/target/test-dir/MiniOzoneClusterImpl-b85b6ab0-505c-4a5c-9cb9-9f0034e19733/datanode-0/data/ratis/0e07bcb2-5232-4789-9d6c-038e72117229/current/log_inprogress_0 to /workdir/hadoop-ozone/integration-test/target/test-dir/MiniOzoneClusterImpl-b85b6ab0-505c-4a5c-9cb9-9f0034e19733/datanode-0/data/ratis/0e07bcb2-5232-4789-9d6c-038e72117229/current/log_0-0
2019-11-13 04:06:57,877 [08597d3a-6b69-4d75-a39e-e4e8ac9edde4@group-038E72117229-SegmentedRaftLogWorker] INFO  segmented.SegmentedRaftLogWorker (SegmentedRaftLogWorker.java:execute(576)) - 08597d3a-6b69-4d75-a39e-e4e8ac9edde4@group-038E72117229-SegmentedRaftLogWorker: created new log segment /workdir/hadoop-ozone/integration-test/target/test-dir/MiniOzoneClusterImpl-b85b6ab0-505c-4a5c-9cb9-9f0034e19733/datanode-2/data/ratis/0e07bcb2-5232-4789-9d6c-038e72117229/current/log_inprogress_1
2019-11-13 04:06:57,879 [32d4d447-2d26-4c49-a5e1-cd2d67dbedad@group-038E72117229-SegmentedRaftLogWorker] INFO  segmented.SegmentedRaftLogWorker (SegmentedRaftLogWorker.java:execute(576)) - 32d4d447-2d26-4c49-a5e1-cd2d67dbedad@group-038E72117229-SegmentedRaftLogWorker: created new log segment /workdir/hadoop-ozone/integration-test/target/test-dir/MiniOzoneClusterImpl-b85b6ab0-505c-4a5c-9cb9-9f0034e19733/datanode-0/data/ratis/0e07bcb2-5232-4789-9d6c-038e72117229/current/log_inprogress_1
2019-11-13 04:06:57,884 [grpc-default-executor-8] WARN  server.GrpcLogAppender (LogUtils.java:warn(134)) - 08597d3a-6b69-4d75-a39e-e4e8ac9edde4@group-038E72117229->2f653e4e-b4ea-4463-ba35-13c58c0a0d31-AppendLogResponseHandler: Failed appendEntries: org.apache.ratis.thirdparty.io.grpc.StatusRuntimeException: UNAVAILABLE: io exception
2019-11-13 04:06:57,885 [grpc-default-executor-8] INFO  impl.FollowerInfo (FollowerInfo.java:lambda$new$0(51)) - 08597d3a-6b69-4d75-a39e-e4e8ac9edde4@group-038E72117229->2f653e4e-b4ea-4463-ba35-13c58c0a0d31: nextIndex: updateUnconditionally 1 -> 0
2019-11-13 04:06:57,896 [grpc-default-executor-7] WARN  server.GrpcLogAppender (LogUtils.java:warn(134)) - 08597d3a-6b69-4d75-a39e-e4e8ac9edde4@group-038E72117229->2f653e4e-b4ea-4463-ba35-13c58c0a0d31-AppendLogResponseHandler: Failed appendEntries: org.apache.ratis.thirdparty.io.grpc.StatusRuntimeException: UNAVAILABLE: io exception
2019-11-13 04:06:57,896 [grpc-default-executor-7] INFO  impl.FollowerInfo (FollowerInfo.java:lambda$new$0(51)) - 08597d3a-6b69-4d75-a39e-e4e8ac9edde4@group-038E72117229->2f653e4e-b4ea-4463-ba35-13c58c0a0d31: nextIndex: updateUnconditionally 1 -> 0
2019-11-13 04:06:58,022 [Thread-1834] INFO  impl.FollowerState (FollowerState.java:run(111)) - 64d096e6-e0ae-4a1d-97a3-03513c91a164@group-609D232F86F7-FollowerState: change to CANDIDATE, lastRpcTime:1049ms, electionTimeout:1049ms
2019-11-13 04:06:58,022 [Thread-1834] INFO  impl.RoleInfo (RoleInfo.java:shutdownFollowerState(121)) - 64d096e6-e0ae-4a1d-97a3-03513c91a164: shutdown FollowerState
2019-11-13 04:06:58,022 [Thread-1834] INFO  impl.RaftServerImpl (RaftServerImpl.java:setRole(173)) - 64d096e6-e0ae-4a1d-97a3-03513c91a164@group-609D232F86F7: changes role from  FOLLOWER to CANDIDATE at term 2 for changeToCandidate
2019-11-13 04:06:58,022 [Thread-1834] INFO  impl.RoleInfo (RoleInfo.java:updateAndGet(143)) - 64d096e6-e0ae-4a1d-97a3-03513c91a164: start LeaderElection
2019-11-13 04:06:58,036 [64d096e6-e0ae-4a1d-97a3-03513c91a164@group-609D232F86F7-LeaderElection72] INFO  impl.LeaderElection (LeaderElection.java:askForVotes(178)) - 64d096e6-e0ae-4a1d-97a3-03513c91a164@group-609D232F86F7-LeaderElection72: begin an election at term 3 for 0: [0cea8a44-7441-4692-92a5-de212c14b418:192.168.34.45:44463, 50248509-472f-4b93-9431-0a6e6bd3eac0:192.168.34.45:43078, 64d096e6-e0ae-4a1d-97a3-03513c91a164:192.168.34.45:39823], old=null
2019-11-13 04:06:58,037 [64d096e6-e0ae-4a1d-97a3-03513c91a164@group-609D232F86F7-LeaderElection72] INFO  impl.LeaderElection (LogUtils.java:infoOrTrace(149)) - 64d096e6-e0ae-4a1d-97a3-03513c91a164@group-609D232F86F7-LeaderElection72 got exception when requesting votes: {}
java.util.concurrent.ExecutionException: org.apache.ratis.thirdparty.io.grpc.StatusRuntimeException: UNAVAILABLE: io exception
	at java.util.concurrent.FutureTask.report(FutureTask.java:122)
	at java.util.concurrent.FutureTask.get(FutureTask.java:192)
	at org.apache.ratis.server.impl.LeaderElection.waitForResults(LeaderElection.java:259)
	at org.apache.ratis.server.impl.LeaderElection.askForVotes(LeaderElection.java:197)
	at org.apache.ratis.server.impl.LeaderElection.run(LeaderElection.java:133)
	at java.lang.Thread.run(Thread.java:748)
Caused by: org.apache.ratis.thirdparty.io.grpc.StatusRuntimeException: UNAVAILABLE: io exception
	at org.apache.ratis.thirdparty.io.grpc.stub.ClientCalls.toStatusRuntimeException(ClientCalls.java:233)
	at org.apache.ratis.thirdparty.io.grpc.stub.ClientCalls.getUnchecked(ClientCalls.java:214)
	at org.apache.ratis.thirdparty.io.grpc.stub.ClientCalls.blockingUnaryCall(ClientCalls.java:139)
	at org.apache.ratis.proto.grpc.RaftServerProtocolServiceGrpc$RaftServerProtocolServiceBlockingStub.requestVote(RaftServerProtocolServiceGrpc.java:265)
	at org.apache.ratis.grpc.server.GrpcServerProtocolClient.requestVote(GrpcServerProtocolClient.java:99)
	at org.apache.ratis.grpc.server.GrpcService.requestVote(GrpcService.java:204)
	at org.apache.ratis.server.impl.LeaderElection.lambda$submitRequests$1(LeaderElection.java:234)
	at java.util.concurrent.FutureTask.run(FutureTask.java:266)
	at java.util.concurrent.Executors$RunnableAdapter.call(Executors.java:511)
	at java.util.concurrent.FutureTask.run(FutureTask.java:266)
	at java.util.concurrent.ThreadPoolExecutor.runWorker(ThreadPoolExecutor.java:1149)
	at java.util.concurrent.ThreadPoolExecutor$Worker.run(ThreadPoolExecutor.java:624)
	... 1 more
Caused by: org.apache.ratis.thirdparty.io.netty.channel.AbstractChannel$AnnotatedConnectException: Connection refused: /192.168.34.45:44463
	at sun.nio.ch.SocketChannelImpl.checkConnect(Native Method)
	at sun.nio.ch.SocketChannelImpl.finishConnect(SocketChannelImpl.java:717)
	at org.apache.ratis.thirdparty.io.netty.channel.socket.nio.NioSocketChannel.doFinishConnect(NioSocketChannel.java:327)
	at org.apache.ratis.thirdparty.io.netty.channel.nio.AbstractNioChannel$AbstractNioUnsafe.finishConnect(AbstractNioChannel.java:340)
	at org.apache.ratis.thirdparty.io.netty.channel.nio.NioEventLoop.processSelectedKey(NioEventLoop.java:632)
	at org.apache.ratis.thirdparty.io.netty.channel.nio.NioEventLoop.processSelectedKeysOptimized(NioEventLoop.java:579)
	at org.apache.ratis.thirdparty.io.netty.channel.nio.NioEventLoop.processSelectedKeys(NioEventLoop.java:496)
	at org.apache.ratis.thirdparty.io.netty.channel.nio.NioEventLoop.run(NioEventLoop.java:458)
	at org.apache.ratis.thirdparty.io.netty.util.concurrent.SingleThreadEventExecutor$5.run(SingleThreadEventExecutor.java:897)
	at org.apache.ratis.thirdparty.io.netty.util.concurrent.FastThreadLocalRunnable.run(FastThreadLocalRunnable.java:30)
	... 1 more
Caused by: java.net.ConnectException: Connection refused
	... 11 more
2019-11-13 04:06:58,041 [grpc-default-executor-7] INFO  impl.RaftServerImpl (RaftServerImpl.java:setRole(173)) - 50248509-472f-4b93-9431-0a6e6bd3eac0@group-609D232F86F7: changes role from  FOLLOWER to FOLLOWER at term 3 for recognizeCandidate:64d096e6-e0ae-4a1d-97a3-03513c91a164
2019-11-13 04:06:58,041 [grpc-default-executor-7] INFO  impl.RoleInfo (RoleInfo.java:shutdownFollowerState(121)) - 50248509-472f-4b93-9431-0a6e6bd3eac0: shutdown FollowerState
2019-11-13 04:06:58,041 [grpc-default-executor-7] INFO  impl.RoleInfo (RoleInfo.java:updateAndGet(143)) - 50248509-472f-4b93-9431-0a6e6bd3eac0: start FollowerState
2019-11-13 04:06:58,041 [Thread-1833] INFO  impl.FollowerState (FollowerState.java:run(120)) - 50248509-472f-4b93-9431-0a6e6bd3eac0@group-609D232F86F7-FollowerState was interrupted: java.lang.InterruptedException: sleep interrupted
2019-11-13 04:06:58,055 [64d096e6-e0ae-4a1d-97a3-03513c91a164@group-609D232F86F7-LeaderElection72] INFO  impl.LeaderElection (LeaderElection.java:logAndReturn(56)) - 64d096e6-e0ae-4a1d-97a3-03513c91a164@group-609D232F86F7-LeaderElection72: Election PASSED; received 1 response(s) [64d096e6-e0ae-4a1d-97a3-03513c91a164<-50248509-472f-4b93-9431-0a6e6bd3eac0#0:OK-t3] and 1 exception(s); 64d096e6-e0ae-4a1d-97a3-03513c91a164@group-609D232F86F7:t3, leader=null, voted=64d096e6-e0ae-4a1d-97a3-03513c91a164, raftlog=64d096e6-e0ae-4a1d-97a3-03513c91a164@group-609D232F86F7-SegmentedRaftLog:OPENED:c0,f0,i0, conf=0: [0cea8a44-7441-4692-92a5-de212c14b418:192.168.34.45:44463, 50248509-472f-4b93-9431-0a6e6bd3eac0:192.168.34.45:43078, 64d096e6-e0ae-4a1d-97a3-03513c91a164:192.168.34.45:39823], old=null
2019-11-13 04:06:58,055 [64d096e6-e0ae-4a1d-97a3-03513c91a164@group-609D232F86F7-LeaderElection72] INFO  impl.LeaderElection (LogUtils.java:infoOrTrace(149)) -   Exception 0: {}
java.util.concurrent.ExecutionException: org.apache.ratis.thirdparty.io.grpc.StatusRuntimeException: UNAVAILABLE: io exception
	at java.util.concurrent.FutureTask.report(FutureTask.java:122)
	at java.util.concurrent.FutureTask.get(FutureTask.java:192)
	at org.apache.ratis.server.impl.LeaderElection.waitForResults(LeaderElection.java:259)
	at org.apache.ratis.server.impl.LeaderElection.askForVotes(LeaderElection.java:197)
	at org.apache.ratis.server.impl.LeaderElection.run(LeaderElection.java:133)
	at java.lang.Thread.run(Thread.java:748)
Caused by: org.apache.ratis.thirdparty.io.grpc.StatusRuntimeException: UNAVAILABLE: io exception
	at org.apache.ratis.thirdparty.io.grpc.stub.ClientCalls.toStatusRuntimeException(ClientCalls.java:233)
	at org.apache.ratis.thirdparty.io.grpc.stub.ClientCalls.getUnchecked(ClientCalls.java:214)
	at org.apache.ratis.thirdparty.io.grpc.stub.ClientCalls.blockingUnaryCall(ClientCalls.java:139)
	at org.apache.ratis.proto.grpc.RaftServerProtocolServiceGrpc$RaftServerProtocolServiceBlockingStub.requestVote(RaftServerProtocolServiceGrpc.java:265)
	at org.apache.ratis.grpc.server.GrpcServerProtocolClient.requestVote(GrpcServerProtocolClient.java:99)
	at org.apache.ratis.grpc.server.GrpcService.requestVote(GrpcService.java:204)
	at org.apache.ratis.server.impl.LeaderElection.lambda$submitRequests$1(LeaderElection.java:234)
	at java.util.concurrent.FutureTask.run(FutureTask.java:266)
	at java.util.concurrent.Executors$RunnableAdapter.call(Executors.java:511)
	at java.util.concurrent.FutureTask.run(FutureTask.java:266)
	at java.util.concurrent.ThreadPoolExecutor.runWorker(ThreadPoolExecutor.java:1149)
	at java.util.concurrent.ThreadPoolExecutor$Worker.run(ThreadPoolExecutor.java:624)
	... 1 more
Caused by: org.apache.ratis.thirdparty.io.netty.channel.AbstractChannel$AnnotatedConnectException: Connection refused: /192.168.34.45:44463
	at sun.nio.ch.SocketChannelImpl.checkConnect(Native Method)
	at sun.nio.ch.SocketChannelImpl.finishConnect(SocketChannelImpl.java:717)
	at org.apache.ratis.thirdparty.io.netty.channel.socket.nio.NioSocketChannel.doFinishConnect(NioSocketChannel.java:327)
	at org.apache.ratis.thirdparty.io.netty.channel.nio.AbstractNioChannel$AbstractNioUnsafe.finishConnect(AbstractNioChannel.java:340)
	at org.apache.ratis.thirdparty.io.netty.channel.nio.NioEventLoop.processSelectedKey(NioEventLoop.java:632)
	at org.apache.ratis.thirdparty.io.netty.channel.nio.NioEventLoop.processSelectedKeysOptimized(NioEventLoop.java:579)
	at org.apache.ratis.thirdparty.io.netty.channel.nio.NioEventLoop.processSelectedKeys(NioEventLoop.java:496)
	at org.apache.ratis.thirdparty.io.netty.channel.nio.NioEventLoop.run(NioEventLoop.java:458)
	at org.apache.ratis.thirdparty.io.netty.util.concurrent.SingleThreadEventExecutor$5.run(SingleThreadEventExecutor.java:897)
	at org.apache.ratis.thirdparty.io.netty.util.concurrent.FastThreadLocalRunnable.run(FastThreadLocalRunnable.java:30)
	... 1 more
Caused by: java.net.ConnectException: Connection refused
	... 11 more
2019-11-13 04:06:58,056 [64d096e6-e0ae-4a1d-97a3-03513c91a164@group-609D232F86F7-LeaderElection72] INFO  impl.RoleInfo (RoleInfo.java:shutdownLeaderElection(134)) - 64d096e6-e0ae-4a1d-97a3-03513c91a164: shutdown LeaderElection
2019-11-13 04:06:58,056 [64d096e6-e0ae-4a1d-97a3-03513c91a164@group-609D232F86F7-LeaderElection72] INFO  impl.RaftServerImpl (RaftServerImpl.java:setRole(173)) - 64d096e6-e0ae-4a1d-97a3-03513c91a164@group-609D232F86F7: changes role from CANDIDATE to LEADER at term 3 for changeToLeader
2019-11-13 04:06:58,056 [64d096e6-e0ae-4a1d-97a3-03513c91a164@group-609D232F86F7-LeaderElection72] INFO  ratis.XceiverServerRatis (XceiverServerRatis.java:handleLeaderChangedNotification(697)) - Leader change notification received for group: group-609D232F86F7 with new leaderId: 64d096e6-e0ae-4a1d-97a3-03513c91a164
2019-11-13 04:06:58,057 [64d096e6-e0ae-4a1d-97a3-03513c91a164@group-609D232F86F7-LeaderElection72] INFO  impl.RaftServerImpl (ServerState.java:setLeader(255)) - 64d096e6-e0ae-4a1d-97a3-03513c91a164@group-609D232F86F7: change Leader from null to 64d096e6-e0ae-4a1d-97a3-03513c91a164 at term 3 for becomeLeader, leader elected after 1121ms
2019-11-13 04:06:58,057 [64d096e6-e0ae-4a1d-97a3-03513c91a164@group-609D232F86F7-LeaderElection72] INFO  server.RaftServerConfigKeys (ConfUtils.java:logGet(43)) - raft.server.staging.catchup.gap = 1000 (default)
2019-11-13 04:06:58,057 [64d096e6-e0ae-4a1d-97a3-03513c91a164@group-609D232F86F7-LeaderElection72] INFO  server.RaftServerConfigKeys (ConfUtils.java:logGet(43)) - raft.server.rpc.sleep.time = 25ms (default)
2019-11-13 04:06:58,057 [64d096e6-e0ae-4a1d-97a3-03513c91a164@group-609D232F86F7-LeaderElection72] INFO  server.RaftServerConfigKeys (ConfUtils.java:logGet(43)) - raft.server.write.element-limit = 4096 (default)
2019-11-13 04:06:58,057 [64d096e6-e0ae-4a1d-97a3-03513c91a164@group-609D232F86F7-LeaderElection72] INFO  server.RaftServerConfigKeys (ConfUtils.java:logGet(43)) - raft.server.watch.timeout = 10s (default)
2019-11-13 04:06:58,057 [64d096e6-e0ae-4a1d-97a3-03513c91a164@group-609D232F86F7-LeaderElection72] INFO  server.RaftServerConfigKeys (ConfUtils.java:logGet(43)) - raft.server.watch.timeout.denomination = 1s (default)
2019-11-13 04:06:58,058 [64d096e6-e0ae-4a1d-97a3-03513c91a164@group-609D232F86F7-LeaderElection72] INFO  server.RaftServerConfigKeys (ConfUtils.java:logGet(43)) - raft.server.watch.element-limit = 65536 (default)
2019-11-13 04:06:58,058 [64d096e6-e0ae-4a1d-97a3-03513c91a164@group-609D232F86F7-LeaderElection72] INFO  server.RaftServerConfigKeys (ConfUtils.java:logGet(43)) - raft.server.log.appender.snapshot.chunk.size.max = 16MB (=16777216) (default)
2019-11-13 04:06:58,058 [64d096e6-e0ae-4a1d-97a3-03513c91a164@group-609D232F86F7-LeaderElection72] INFO  server.RaftServerConfigKeys (ConfUtils.java:logGet(43)) - raft.server.log.appender.buffer.byte-limit = 33554432 (custom)
2019-11-13 04:06:58,058 [64d096e6-e0ae-4a1d-97a3-03513c91a164@group-609D232F86F7-LeaderElection72] INFO  server.RaftServerConfigKeys (ConfUtils.java:logGet(43)) - raft.server.log.appender.buffer.element-limit = 1 (custom)
2019-11-13 04:06:58,058 [64d096e6-e0ae-4a1d-97a3-03513c91a164@group-609D232F86F7-LeaderElection72] INFO  grpc.GrpcConfigKeys$Server (ConfUtils.java:logGet(43)) - raft.grpc.server.leader.outstanding.appends.max = 128 (default)
2019-11-13 04:06:58,059 [64d096e6-e0ae-4a1d-97a3-03513c91a164@group-609D232F86F7-LeaderElection72] INFO  server.RaftServerConfigKeys (ConfUtils.java:logGet(43)) - raft.server.rpc.request.timeout = 3000ms (default)
2019-11-13 04:06:58,059 [64d096e6-e0ae-4a1d-97a3-03513c91a164@group-609D232F86F7-LeaderElection72] INFO  server.RaftServerConfigKeys (ConfUtils.java:logGet(43)) - raft.server.log.appender.install.snapshot.enabled = false (custom)
2019-11-13 04:06:58,059 [64d096e6-e0ae-4a1d-97a3-03513c91a164@group-609D232F86F7-LeaderElection72] WARN  impl.MetricRegistriesImpl (MetricRegistriesImpl.java:lambda$create$1(61)) - First MetricRegistry has been created without registering reporters. You may need to call MetricRegistries.global().addReportRegistration(...) before.
2019-11-13 04:06:58,059 [64d096e6-e0ae-4a1d-97a3-03513c91a164@group-609D232F86F7-LeaderElection72] INFO  server.RaftServerConfigKeys (ConfUtils.java:logGet(43)) - raft.server.log.appender.snapshot.chunk.size.max = 16MB (=16777216) (default)
2019-11-13 04:06:58,059 [64d096e6-e0ae-4a1d-97a3-03513c91a164@group-609D232F86F7-LeaderElection72] INFO  server.RaftServerConfigKeys (ConfUtils.java:logGet(43)) - raft.server.log.appender.buffer.byte-limit = 33554432 (custom)
2019-11-13 04:06:58,060 [64d096e6-e0ae-4a1d-97a3-03513c91a164@group-609D232F86F7-LeaderElection72] INFO  server.RaftServerConfigKeys (ConfUtils.java:logGet(43)) - raft.server.log.appender.buffer.element-limit = 1 (custom)
2019-11-13 04:06:58,060 [64d096e6-e0ae-4a1d-97a3-03513c91a164@group-609D232F86F7-LeaderElection72] INFO  grpc.GrpcConfigKeys$Server (ConfUtils.java:logGet(43)) - raft.grpc.server.leader.outstanding.appends.max = 128 (default)
2019-11-13 04:06:58,060 [64d096e6-e0ae-4a1d-97a3-03513c91a164@group-609D232F86F7-LeaderElection72] INFO  server.RaftServerConfigKeys (ConfUtils.java:logGet(43)) - raft.server.rpc.request.timeout = 3000ms (default)
2019-11-13 04:06:58,060 [64d096e6-e0ae-4a1d-97a3-03513c91a164@group-609D232F86F7-LeaderElection72] INFO  server.RaftServerConfigKeys (ConfUtils.java:logGet(43)) - raft.server.log.appender.install.snapshot.enabled = false (custom)
2019-11-13 04:06:58,060 [64d096e6-e0ae-4a1d-97a3-03513c91a164@group-609D232F86F7-LeaderElection72] INFO  impl.RoleInfo (RoleInfo.java:updateAndGet(143)) - 64d096e6-e0ae-4a1d-97a3-03513c91a164: start LeaderState
2019-11-13 04:06:58,061 [64d096e6-e0ae-4a1d-97a3-03513c91a164@group-609D232F86F7-LeaderElection72] INFO  segmented.SegmentedRaftLogWorker (SegmentedRaftLogWorker.java:rollLogSegment(390)) - 64d096e6-e0ae-4a1d-97a3-03513c91a164@group-609D232F86F7-SegmentedRaftLogWorker: Rolling segment log-0_0 to index:0
2019-11-13 04:06:58,061 [64d096e6-e0ae-4a1d-97a3-03513c91a164@group-609D232F86F7-LeaderElection72] INFO  impl.RaftServerImpl (ServerState.java:setRaftConf(356)) - 64d096e6-e0ae-4a1d-97a3-03513c91a164@group-609D232F86F7: set configuration 1: [0cea8a44-7441-4692-92a5-de212c14b418:192.168.34.45:44463, 50248509-472f-4b93-9431-0a6e6bd3eac0:192.168.34.45:43078, 64d096e6-e0ae-4a1d-97a3-03513c91a164:192.168.34.45:39823], old=null at 1
2019-11-13 04:06:58,062 [64d096e6-e0ae-4a1d-97a3-03513c91a164@group-609D232F86F7-SegmentedRaftLogWorker] INFO  segmented.SegmentedRaftLogWorker (SegmentedRaftLogWorker.java:execute(533)) - 64d096e6-e0ae-4a1d-97a3-03513c91a164@group-609D232F86F7-SegmentedRaftLogWorker: Rolled log segment from /workdir/hadoop-ozone/integration-test/target/test-dir/MiniOzoneClusterImpl-b85b6ab0-505c-4a5c-9cb9-9f0034e19733/datanode-5/data/ratis/8243ce47-6178-4727-9f9a-609d232f86f7/current/log_inprogress_0 to /workdir/hadoop-ozone/integration-test/target/test-dir/MiniOzoneClusterImpl-b85b6ab0-505c-4a5c-9cb9-9f0034e19733/datanode-5/data/ratis/8243ce47-6178-4727-9f9a-609d232f86f7/current/log_0-0
2019-11-13 04:06:58,062 [grpc-default-executor-7] WARN  server.GrpcLogAppender (LogUtils.java:warn(134)) - 64d096e6-e0ae-4a1d-97a3-03513c91a164@group-609D232F86F7->0cea8a44-7441-4692-92a5-de212c14b418-AppendLogResponseHandler: Failed appendEntries: org.apache.ratis.thirdparty.io.grpc.StatusRuntimeException: UNAVAILABLE: io exception
2019-11-13 04:06:58,062 [grpc-default-executor-7] INFO  impl.FollowerInfo (FollowerInfo.java:lambda$new$0(51)) - 64d096e6-e0ae-4a1d-97a3-03513c91a164@group-609D232F86F7->0cea8a44-7441-4692-92a5-de212c14b418: nextIndex: updateUnconditionally 1 -> 0
2019-11-13 04:06:58,063 [grpc-default-executor-8] INFO  ratis.XceiverServerRatis (XceiverServerRatis.java:handleLeaderChangedNotification(697)) - Leader change notification received for group: group-609D232F86F7 with new leaderId: 64d096e6-e0ae-4a1d-97a3-03513c91a164
2019-11-13 04:06:58,063 [grpc-default-executor-8] INFO  impl.RaftServerImpl (ServerState.java:setLeader(255)) - 50248509-472f-4b93-9431-0a6e6bd3eac0@group-609D232F86F7: change Leader from null to 64d096e6-e0ae-4a1d-97a3-03513c91a164 at term 3 for appendEntries, leader elected after 1106ms
2019-11-13 04:06:58,065 [grpc-default-executor-8] INFO  impl.RaftServerImpl (ServerState.java:setRaftConf(356)) - 50248509-472f-4b93-9431-0a6e6bd3eac0@group-609D232F86F7: set configuration 1: [0cea8a44-7441-4692-92a5-de212c14b418:192.168.34.45:44463, 50248509-472f-4b93-9431-0a6e6bd3eac0:192.168.34.45:43078, 64d096e6-e0ae-4a1d-97a3-03513c91a164:192.168.34.45:39823], old=null at 1
2019-11-13 04:06:58,066 [grpc-default-executor-8] INFO  segmented.SegmentedRaftLogWorker (SegmentedRaftLogWorker.java:rollLogSegment(390)) - 50248509-472f-4b93-9431-0a6e6bd3eac0@group-609D232F86F7-SegmentedRaftLogWorker: Rolling segment log-0_0 to index:0
2019-11-13 04:06:58,066 [50248509-472f-4b93-9431-0a6e6bd3eac0@group-609D232F86F7-SegmentedRaftLogWorker] INFO  segmented.SegmentedRaftLogWorker (SegmentedRaftLogWorker.java:execute(533)) - 50248509-472f-4b93-9431-0a6e6bd3eac0@group-609D232F86F7-SegmentedRaftLogWorker: Rolled log segment from /workdir/hadoop-ozone/integration-test/target/test-dir/MiniOzoneClusterImpl-b85b6ab0-505c-4a5c-9cb9-9f0034e19733/datanode-4/data/ratis/8243ce47-6178-4727-9f9a-609d232f86f7/current/log_inprogress_0 to /workdir/hadoop-ozone/integration-test/target/test-dir/MiniOzoneClusterImpl-b85b6ab0-505c-4a5c-9cb9-9f0034e19733/datanode-4/data/ratis/8243ce47-6178-4727-9f9a-609d232f86f7/current/log_0-0
2019-11-13 04:06:58,106 [64d096e6-e0ae-4a1d-97a3-03513c91a164@group-609D232F86F7-SegmentedRaftLogWorker] INFO  segmented.SegmentedRaftLogWorker (SegmentedRaftLogWorker.java:execute(576)) - 64d096e6-e0ae-4a1d-97a3-03513c91a164@group-609D232F86F7-SegmentedRaftLogWorker: created new log segment /workdir/hadoop-ozone/integration-test/target/test-dir/MiniOzoneClusterImpl-b85b6ab0-505c-4a5c-9cb9-9f0034e19733/datanode-5/data/ratis/8243ce47-6178-4727-9f9a-609d232f86f7/current/log_inprogress_1
2019-11-13 04:06:58,106 [50248509-472f-4b93-9431-0a6e6bd3eac0@group-609D232F86F7-SegmentedRaftLogWorker] INFO  segmented.SegmentedRaftLogWorker (SegmentedRaftLogWorker.java:execute(576)) - 50248509-472f-4b93-9431-0a6e6bd3eac0@group-609D232F86F7-SegmentedRaftLogWorker: created new log segment /workdir/hadoop-ozone/integration-test/target/test-dir/MiniOzoneClusterImpl-b85b6ab0-505c-4a5c-9cb9-9f0034e19733/datanode-4/data/ratis/8243ce47-6178-4727-9f9a-609d232f86f7/current/log_inprogress_1
2019-11-13 04:06:58,111 [grpc-default-executor-0] WARN  server.GrpcLogAppender (LogUtils.java:warn(134)) - 64d096e6-e0ae-4a1d-97a3-03513c91a164@group-609D232F86F7->0cea8a44-7441-4692-92a5-de212c14b418-AppendLogResponseHandler: Failed appendEntries: org.apache.ratis.thirdparty.io.grpc.StatusRuntimeException: UNAVAILABLE: io exception
2019-11-13 04:06:58,112 [grpc-default-executor-0] INFO  impl.FollowerInfo (FollowerInfo.java:lambda$new$0(51)) - 64d096e6-e0ae-4a1d-97a3-03513c91a164@group-609D232F86F7->0cea8a44-7441-4692-92a5-de212c14b418: nextIndex: updateUnconditionally 1 -> 0
2019-11-13 04:06:58,125 [grpc-default-executor-8] WARN  server.GrpcLogAppender (LogUtils.java:warn(134)) - 64d096e6-e0ae-4a1d-97a3-03513c91a164@group-609D232F86F7->0cea8a44-7441-4692-92a5-de212c14b418-AppendLogResponseHandler: Failed appendEntries: org.apache.ratis.thirdparty.io.grpc.StatusRuntimeException: UNAVAILABLE: io exception
2019-11-13 04:06:58,125 [grpc-default-executor-8] INFO  impl.FollowerInfo (FollowerInfo.java:lambda$new$0(51)) - 64d096e6-e0ae-4a1d-97a3-03513c91a164@group-609D232F86F7->0cea8a44-7441-4692-92a5-de212c14b418: nextIndex: updateUnconditionally 1 -> 0
2019-11-13 04:06:58,399 [grpc-default-executor-7] WARN  server.GrpcLogAppender (LogUtils.java:warn(134)) - 08597d3a-6b69-4d75-a39e-e4e8ac9edde4@group-038E72117229->2f653e4e-b4ea-4463-ba35-13c58c0a0d31-AppendLogResponseHandler: Failed appendEntries: org.apache.ratis.thirdparty.io.grpc.StatusRuntimeException: UNAVAILABLE: io exception
2019-11-13 04:06:58,399 [grpc-default-executor-7] INFO  impl.FollowerInfo (FollowerInfo.java:lambda$new$0(51)) - 08597d3a-6b69-4d75-a39e-e4e8ac9edde4@group-038E72117229->2f653e4e-b4ea-4463-ba35-13c58c0a0d31: nextIndex: updateUnconditionally 0 -> 0
2019-11-13 04:06:58,627 [grpc-default-executor-8] WARN  server.GrpcLogAppender (LogUtils.java:warn(134)) - 64d096e6-e0ae-4a1d-97a3-03513c91a164@group-609D232F86F7->0cea8a44-7441-4692-92a5-de212c14b418-AppendLogResponseHandler: Failed appendEntries: org.apache.ratis.thirdparty.io.grpc.StatusRuntimeException: UNAVAILABLE: io exception
2019-11-13 04:06:58,628 [grpc-default-executor-8] INFO  impl.FollowerInfo (FollowerInfo.java:lambda$new$0(51)) - 64d096e6-e0ae-4a1d-97a3-03513c91a164@group-609D232F86F7->0cea8a44-7441-4692-92a5-de212c14b418: nextIndex: updateUnconditionally 0 -> 0
2019-11-13 04:06:58,899 [grpc-default-executor-7] WARN  server.GrpcLogAppender (LogUtils.java:warn(134)) - 08597d3a-6b69-4d75-a39e-e4e8ac9edde4@group-038E72117229->2f653e4e-b4ea-4463-ba35-13c58c0a0d31-AppendLogResponseHandler: Failed appendEntries: org.apache.ratis.thirdparty.io.grpc.StatusRuntimeException: UNAVAILABLE: io exception
2019-11-13 04:06:58,899 [grpc-default-executor-7] INFO  impl.FollowerInfo (FollowerInfo.java:lambda$new$0(51)) - 08597d3a-6b69-4d75-a39e-e4e8ac9edde4@group-038E72117229->2f653e4e-b4ea-4463-ba35-13c58c0a0d31: nextIndex: updateUnconditionally 0 -> 0
2019-11-13 04:06:59,128 [grpc-default-executor-8] WARN  server.GrpcLogAppender (LogUtils.java:warn(134)) - 64d096e6-e0ae-4a1d-97a3-03513c91a164@group-609D232F86F7->0cea8a44-7441-4692-92a5-de212c14b418-AppendLogResponseHandler: Failed appendEntries: org.apache.ratis.thirdparty.io.grpc.StatusRuntimeException: UNAVAILABLE: io exception
2019-11-13 04:06:59,128 [grpc-default-executor-8] INFO  impl.FollowerInfo (FollowerInfo.java:lambda$new$0(51)) - 64d096e6-e0ae-4a1d-97a3-03513c91a164@group-609D232F86F7->0cea8a44-7441-4692-92a5-de212c14b418: nextIndex: updateUnconditionally 0 -> 0
2019-11-13 04:06:59,405 [grpc-default-executor-0] WARN  server.GrpcLogAppender (LogUtils.java:warn(134)) - 08597d3a-6b69-4d75-a39e-e4e8ac9edde4@group-038E72117229->2f653e4e-b4ea-4463-ba35-13c58c0a0d31-AppendLogResponseHandler: Failed appendEntries: org.apache.ratis.thirdparty.io.grpc.StatusRuntimeException: UNAVAILABLE: io exception
2019-11-13 04:06:59,406 [grpc-default-executor-0] INFO  impl.FollowerInfo (FollowerInfo.java:lambda$new$0(51)) - 08597d3a-6b69-4d75-a39e-e4e8ac9edde4@group-038E72117229->2f653e4e-b4ea-4463-ba35-13c58c0a0d31: nextIndex: updateUnconditionally 0 -> 0
2019-11-13 04:06:59,629 [grpc-default-executor-8] WARN  server.GrpcLogAppender (LogUtils.java:warn(134)) - 64d096e6-e0ae-4a1d-97a3-03513c91a164@group-609D232F86F7->0cea8a44-7441-4692-92a5-de212c14b418-AppendLogResponseHandler: Failed appendEntries: org.apache.ratis.thirdparty.io.grpc.StatusRuntimeException: UNAVAILABLE: io exception
2019-11-13 04:06:59,630 [grpc-default-executor-8] INFO  impl.FollowerInfo (FollowerInfo.java:lambda$new$0(51)) - 64d096e6-e0ae-4a1d-97a3-03513c91a164@group-609D232F86F7->0cea8a44-7441-4692-92a5-de212c14b418: nextIndex: updateUnconditionally 0 -> 0
2019-11-13 04:06:59,911 [grpc-default-executor-7] WARN  server.GrpcLogAppender (LogUtils.java:warn(134)) - 08597d3a-6b69-4d75-a39e-e4e8ac9edde4@group-038E72117229->2f653e4e-b4ea-4463-ba35-13c58c0a0d31-AppendLogResponseHandler: Failed appendEntries: org.apache.ratis.thirdparty.io.grpc.StatusRuntimeException: UNAVAILABLE: io exception
2019-11-13 04:06:59,912 [grpc-default-executor-7] INFO  impl.FollowerInfo (FollowerInfo.java:lambda$new$0(51)) - 08597d3a-6b69-4d75-a39e-e4e8ac9edde4@group-038E72117229->2f653e4e-b4ea-4463-ba35-13c58c0a0d31: nextIndex: updateUnconditionally 0 -> 0
2019-11-13 04:07:00,132 [grpc-default-executor-4] WARN  server.GrpcLogAppender (LogUtils.java:warn(134)) - 64d096e6-e0ae-4a1d-97a3-03513c91a164@group-609D232F86F7->0cea8a44-7441-4692-92a5-de212c14b418-AppendLogResponseHandler: Failed appendEntries: org.apache.ratis.thirdparty.io.grpc.StatusRuntimeException: UNAVAILABLE: io exception
2019-11-13 04:07:00,132 [grpc-default-executor-4] INFO  impl.FollowerInfo (FollowerInfo.java:lambda$new$0(51)) - 64d096e6-e0ae-4a1d-97a3-03513c91a164@group-609D232F86F7->0cea8a44-7441-4692-92a5-de212c14b418: nextIndex: updateUnconditionally 0 -> 0
2019-11-13 04:07:00,413 [grpc-default-executor-7] WARN  server.GrpcLogAppender (LogUtils.java:warn(134)) - 08597d3a-6b69-4d75-a39e-e4e8ac9edde4@group-038E72117229->2f653e4e-b4ea-4463-ba35-13c58c0a0d31-AppendLogResponseHandler: Failed appendEntries: org.apache.ratis.thirdparty.io.grpc.StatusRuntimeException: UNAVAILABLE: io exception
2019-11-13 04:07:00,414 [grpc-default-executor-7] INFO  impl.FollowerInfo (FollowerInfo.java:lambda$new$0(51)) - 08597d3a-6b69-4d75-a39e-e4e8ac9edde4@group-038E72117229->2f653e4e-b4ea-4463-ba35-13c58c0a0d31: nextIndex: updateUnconditionally 0 -> 0
2019-11-13 04:07:00,632 [grpc-default-executor-4] WARN  server.GrpcLogAppender (LogUtils.java:warn(134)) - 64d096e6-e0ae-4a1d-97a3-03513c91a164@group-609D232F86F7->0cea8a44-7441-4692-92a5-de212c14b418-AppendLogResponseHandler: Failed appendEntries: org.apache.ratis.thirdparty.io.grpc.StatusRuntimeException: UNAVAILABLE: io exception
2019-11-13 04:07:00,632 [grpc-default-executor-4] INFO  impl.FollowerInfo (FollowerInfo.java:lambda$new$0(51)) - 64d096e6-e0ae-4a1d-97a3-03513c91a164@group-609D232F86F7->0cea8a44-7441-4692-92a5-de212c14b418: nextIndex: updateUnconditionally 0 -> 0
2019-11-13 04:07:00,915 [grpc-default-executor-8] WARN  server.GrpcLogAppender (LogUtils.java:warn(134)) - 08597d3a-6b69-4d75-a39e-e4e8ac9edde4@group-038E72117229->2f653e4e-b4ea-4463-ba35-13c58c0a0d31-AppendLogResponseHandler: Failed appendEntries: org.apache.ratis.thirdparty.io.grpc.StatusRuntimeException: UNAVAILABLE: io exception
2019-11-13 04:07:00,916 [grpc-default-executor-8] INFO  impl.FollowerInfo (FollowerInfo.java:lambda$new$0(51)) - 08597d3a-6b69-4d75-a39e-e4e8ac9edde4@group-038E72117229->2f653e4e-b4ea-4463-ba35-13c58c0a0d31: nextIndex: updateUnconditionally 0 -> 0
2019-11-13 04:07:01,021 [main] INFO  ozoneimpl.OzoneContainer (OzoneContainer.java:stop(244)) - Attempting to stop container services.
2019-11-13 04:07:01,022 [main] INFO  impl.RaftServerProxy (RaftServerProxy.java:lambda$close$4(314)) - 64d096e6-e0ae-4a1d-97a3-03513c91a164: close
2019-11-13 04:07:01,023 [main] INFO  impl.RaftServerImpl (RaftServerImpl.java:lambda$shutdown$3(250)) - 64d096e6-e0ae-4a1d-97a3-03513c91a164@group-609D232F86F7: shutdown
2019-11-13 04:07:01,023 [main] INFO  util.JmxRegister (JmxRegister.java:unregister(73)) - Successfully un-registered JMX Bean with object name Ratis:service=RaftServer,group=group-609D232F86F7,id=64d096e6-e0ae-4a1d-97a3-03513c91a164
2019-11-13 04:07:01,023 [main] INFO  impl.RoleInfo (RoleInfo.java:shutdownLeaderState(104)) - 64d096e6-e0ae-4a1d-97a3-03513c91a164: shutdown LeaderState
2019-11-13 04:07:01,027 [main] INFO  impl.PendingRequests (PendingRequests.java:sendNotLeaderResponses(206)) - 64d096e6-e0ae-4a1d-97a3-03513c91a164@group-609D232F86F7-PendingRequests: sendNotLeaderResponses
2019-11-13 04:07:01,027 [org.apache.ratis.server.impl.LogAppender$AppenderDaemon$$Lambda$484/2065431704@3016f219] WARN  server.GrpcLogAppender (GrpcLogAppender.java:mayWait(151)) - 64d096e6-e0ae-4a1d-97a3-03513c91a164@group-609D232F86F7->0cea8a44-7441-4692-92a5-de212c14b418-GrpcLogAppender: Wait interrupted by java.lang.InterruptedException
2019-11-13 04:07:01,027 [org.apache.ratis.server.impl.LogAppender$AppenderDaemon$$Lambda$484/2065431704@45ab9021] WARN  server.GrpcLogAppender (GrpcLogAppender.java:mayWait(151)) - 64d096e6-e0ae-4a1d-97a3-03513c91a164@group-609D232F86F7->50248509-472f-4b93-9431-0a6e6bd3eac0-GrpcLogAppender: Wait interrupted by java.lang.InterruptedException
2019-11-13 04:07:01,030 [main] INFO  impl.StateMachineUpdater (StateMachineUpdater.java:stopAndJoin(136)) - 64d096e6-e0ae-4a1d-97a3-03513c91a164@group-609D232F86F7-StateMachineUpdater: set stopIndex = 2
2019-11-13 04:07:01,027 [ForkJoinPool.commonPool-worker-0] INFO  ozoneimpl.OzoneContainer (OzoneContainer.java:stop(244)) - Attempting to stop container services.
2019-11-13 04:07:01,031 [ForkJoinPool.commonPool-worker-0] INFO  impl.RaftServerProxy (RaftServerProxy.java:lambda$close$4(314)) - 08597d3a-6b69-4d75-a39e-e4e8ac9edde4: close
2019-11-13 04:07:01,031 [main] INFO  impl.RaftServerImpl (ServerState.java:close(387)) - 64d096e6-e0ae-4a1d-97a3-03513c91a164@group-609D232F86F7: closes. applyIndex: 2
2019-11-13 04:07:01,031 [grpc-default-executor-8] INFO  server.GrpcServerProtocolService (GrpcServerProtocolService.java:onCompleted(113)) - 50248509-472f-4b93-9431-0a6e6bd3eac0: Completed APPEND_ENTRIES, lastRequest: 64d096e6-e0ae-4a1d-97a3-03513c91a164->50248509-472f-4b93-9431-0a6e6bd3eac0#7-t3, previous=(t:3, i:2), leaderCommit=2, initializing? false, entries: <empty>
2019-11-13 04:07:01,031 [ForkJoinPool.commonPool-worker-0] INFO  impl.RaftServerImpl (RaftServerImpl.java:lambda$shutdown$3(250)) - 08597d3a-6b69-4d75-a39e-e4e8ac9edde4@group-038E72117229: shutdown
2019-11-13 04:07:01,031 [64d096e6-e0ae-4a1d-97a3-03513c91a164@group-609D232F86F7-SegmentedRaftLogWorker] INFO  segmented.SegmentedRaftLogWorker (SegmentedRaftLogWorker.java:run(316)) - 64d096e6-e0ae-4a1d-97a3-03513c91a164@group-609D232F86F7-SegmentedRaftLogWorker was interrupted, exiting. There are 0 tasks remaining in the queue.
2019-11-13 04:07:01,032 [ForkJoinPool.commonPool-worker-0] INFO  util.JmxRegister (JmxRegister.java:unregister(73)) - Successfully un-registered JMX Bean with object name Ratis:service=RaftServer,group=group-038E72117229,id=08597d3a-6b69-4d75-a39e-e4e8ac9edde4
2019-11-13 04:07:01,032 [main] INFO  segmented.SegmentedRaftLogWorker (SegmentedRaftLogWorker.java:close(224)) - 64d096e6-e0ae-4a1d-97a3-03513c91a164@group-609D232F86F7-SegmentedRaftLogWorker close()
2019-11-13 04:07:01,032 [ForkJoinPool.commonPool-worker-0] INFO  impl.RoleInfo (RoleInfo.java:shutdownLeaderState(104)) - 08597d3a-6b69-4d75-a39e-e4e8ac9edde4: shutdown LeaderState
2019-11-13 04:07:01,034 [grpc-default-executor-8] INFO  server.GrpcLogAppender (GrpcLogAppender.java:onCompleted(308)) - 64d096e6-e0ae-4a1d-97a3-03513c91a164@group-609D232F86F7->50248509-472f-4b93-9431-0a6e6bd3eac0-AppendLogResponseHandler: follower responses appendEntries COMPLETED
2019-11-13 04:07:01,033 [main] INFO  impl.RaftServerImpl (RaftServerImpl.java:lambda$shutdown$3(250)) - 64d096e6-e0ae-4a1d-97a3-03513c91a164@group-E896FBAFB2C7: shutdown
2019-11-13 04:07:01,036 [org.apache.ratis.server.impl.LogAppender$AppenderDaemon$$Lambda$484/2065431704@434fca60] WARN  server.GrpcLogAppender (GrpcLogAppender.java:mayWait(151)) - 08597d3a-6b69-4d75-a39e-e4e8ac9edde4@group-038E72117229->32d4d447-2d26-4c49-a5e1-cd2d67dbedad-GrpcLogAppender: Wait interrupted by java.lang.InterruptedException
2019-11-13 04:07:01,036 [org.apache.ratis.server.impl.LogAppender$AppenderDaemon$$Lambda$484/2065431704@613167a0] WARN  server.GrpcLogAppender (GrpcLogAppender.java:mayWait(151)) - 08597d3a-6b69-4d75-a39e-e4e8ac9edde4@group-038E72117229->2f653e4e-b4ea-4463-ba35-13c58c0a0d31-GrpcLogAppender: Wait interrupted by java.lang.InterruptedException
2019-11-13 04:07:01,036 [ForkJoinPool.commonPool-worker-0] INFO  impl.PendingRequests (PendingRequests.java:sendNotLeaderResponses(206)) - 08597d3a-6b69-4d75-a39e-e4e8ac9edde4@group-038E72117229-PendingRequests: sendNotLeaderResponses
2019-11-13 04:07:01,036 [main] INFO  util.JmxRegister (JmxRegister.java:unregister(73)) - Successfully un-registered JMX Bean with object name Ratis:service=RaftServer,group=group-E896FBAFB2C7,id=64d096e6-e0ae-4a1d-97a3-03513c91a164
2019-11-13 04:07:01,038 [ForkJoinPool.commonPool-worker-0] INFO  impl.StateMachineUpdater (StateMachineUpdater.java:stopAndJoin(136)) - 08597d3a-6b69-4d75-a39e-e4e8ac9edde4@group-038E72117229-StateMachineUpdater: set stopIndex = 2
2019-11-13 04:07:01,038 [grpc-default-executor-8] INFO  impl.FollowerInfo (FollowerInfo.java:lambda$new$0(51)) - 64d096e6-e0ae-4a1d-97a3-03513c91a164@group-609D232F86F7->50248509-472f-4b93-9431-0a6e6bd3eac0: nextIndex: updateUnconditionally 3 -> 2
2019-11-13 04:07:01,038 [main] INFO  impl.RoleInfo (RoleInfo.java:shutdownLeaderState(104)) - 64d096e6-e0ae-4a1d-97a3-03513c91a164: shutdown LeaderState
2019-11-13 04:07:01,039 [grpc-default-executor-4] INFO  server.GrpcServerProtocolService (GrpcServerProtocolService.java:onCompleted(113)) - 32d4d447-2d26-4c49-a5e1-cd2d67dbedad: Completed APPEND_ENTRIES, lastRequest: 08597d3a-6b69-4d75-a39e-e4e8ac9edde4->32d4d447-2d26-4c49-a5e1-cd2d67dbedad#8-t2, previous=(t:2, i:2), leaderCommit=2, initializing? false, entries: <empty>
2019-11-13 04:07:01,038 [ForkJoinPool.commonPool-worker-0] INFO  impl.RaftServerImpl (ServerState.java:close(387)) - 08597d3a-6b69-4d75-a39e-e4e8ac9edde4@group-038E72117229: closes. applyIndex: 2
2019-11-13 04:07:01,039 [main] INFO  impl.PendingRequests (PendingRequests.java:sendNotLeaderResponses(206)) - 64d096e6-e0ae-4a1d-97a3-03513c91a164@group-E896FBAFB2C7-PendingRequests: sendNotLeaderResponses
2019-11-13 04:07:01,039 [grpc-default-executor-4] INFO  server.GrpcLogAppender (GrpcLogAppender.java:onCompleted(308)) - 08597d3a-6b69-4d75-a39e-e4e8ac9edde4@group-038E72117229->32d4d447-2d26-4c49-a5e1-cd2d67dbedad-AppendLogResponseHandler: follower responses appendEntries COMPLETED
2019-11-13 04:07:01,039 [08597d3a-6b69-4d75-a39e-e4e8ac9edde4@group-038E72117229-SegmentedRaftLogWorker] INFO  segmented.SegmentedRaftLogWorker (SegmentedRaftLogWorker.java:run(316)) - 08597d3a-6b69-4d75-a39e-e4e8ac9edde4@group-038E72117229-SegmentedRaftLogWorker was interrupted, exiting. There are 0 tasks remaining in the queue.
2019-11-13 04:07:01,039 [main] INFO  impl.StateMachineUpdater (StateMachineUpdater.java:stopAndJoin(136)) - 64d096e6-e0ae-4a1d-97a3-03513c91a164@group-E896FBAFB2C7-StateMachineUpdater: set stopIndex = 0
2019-11-13 04:07:01,040 [ForkJoinPool.commonPool-worker-0] INFO  segmented.SegmentedRaftLogWorker (SegmentedRaftLogWorker.java:close(224)) - 08597d3a-6b69-4d75-a39e-e4e8ac9edde4@group-038E72117229-SegmentedRaftLogWorker close()
2019-11-13 04:07:01,040 [grpc-default-executor-4] INFO  impl.FollowerInfo (FollowerInfo.java:lambda$new$0(51)) - 08597d3a-6b69-4d75-a39e-e4e8ac9edde4@group-038E72117229->32d4d447-2d26-4c49-a5e1-cd2d67dbedad: nextIndex: updateUnconditionally 3 -> 2
2019-11-13 04:07:01,040 [main] INFO  impl.RaftServerImpl (ServerState.java:close(387)) - 64d096e6-e0ae-4a1d-97a3-03513c91a164@group-E896FBAFB2C7: closes. applyIndex: 0
2019-11-13 04:07:01,041 [ForkJoinPool.commonPool-worker-0] INFO  impl.RaftServerImpl (RaftServerImpl.java:lambda$shutdown$3(250)) - 08597d3a-6b69-4d75-a39e-e4e8ac9edde4@group-49610443C8B1: shutdown
2019-11-13 04:07:01,042 [64d096e6-e0ae-4a1d-97a3-03513c91a164@group-E896FBAFB2C7-SegmentedRaftLogWorker] INFO  segmented.SegmentedRaftLogWorker (SegmentedRaftLogWorker.java:run(316)) - 64d096e6-e0ae-4a1d-97a3-03513c91a164@group-E896FBAFB2C7-SegmentedRaftLogWorker was interrupted, exiting. There are 0 tasks remaining in the queue.
2019-11-13 04:07:01,042 [ForkJoinPool.commonPool-worker-0] INFO  util.JmxRegister (JmxRegister.java:unregister(73)) - Successfully un-registered JMX Bean with object name Ratis:service=RaftServer,group=group-49610443C8B1,id=08597d3a-6b69-4d75-a39e-e4e8ac9edde4
2019-11-13 04:07:01,042 [main] INFO  segmented.SegmentedRaftLogWorker (SegmentedRaftLogWorker.java:close(224)) - 64d096e6-e0ae-4a1d-97a3-03513c91a164@group-E896FBAFB2C7-SegmentedRaftLogWorker close()
2019-11-13 04:07:01,042 [ForkJoinPool.commonPool-worker-0] INFO  impl.RoleInfo (RoleInfo.java:shutdownLeaderState(104)) - 08597d3a-6b69-4d75-a39e-e4e8ac9edde4: shutdown LeaderState
2019-11-13 04:07:01,044 [main] INFO  server.GrpcService (GrpcService.java:closeImpl(164)) - 64d096e6-e0ae-4a1d-97a3-03513c91a164: shutdown server with port 39823 now
2019-11-13 04:07:01,044 [ForkJoinPool.commonPool-worker-0] INFO  impl.PendingRequests (PendingRequests.java:sendNotLeaderResponses(206)) - 08597d3a-6b69-4d75-a39e-e4e8ac9edde4@group-49610443C8B1-PendingRequests: sendNotLeaderResponses
2019-11-13 04:07:01,044 [ForkJoinPool.commonPool-worker-0] INFO  impl.StateMachineUpdater (StateMachineUpdater.java:stopAndJoin(136)) - 08597d3a-6b69-4d75-a39e-e4e8ac9edde4@group-49610443C8B1-StateMachineUpdater: set stopIndex = 0
2019-11-13 04:07:01,045 [ForkJoinPool.commonPool-worker-0] INFO  impl.RaftServerImpl (ServerState.java:close(387)) - 08597d3a-6b69-4d75-a39e-e4e8ac9edde4@group-49610443C8B1: closes. applyIndex: 0
2019-11-13 04:07:01,045 [main] INFO  server.GrpcService (GrpcService.java:closeImpl(172)) - 64d096e6-e0ae-4a1d-97a3-03513c91a164: shutdown server with port 39823 successfully
2019-11-13 04:07:01,045 [08597d3a-6b69-4d75-a39e-e4e8ac9edde4@group-49610443C8B1-SegmentedRaftLogWorker] INFO  segmented.SegmentedRaftLogWorker (SegmentedRaftLogWorker.java:run(316)) - 08597d3a-6b69-4d75-a39e-e4e8ac9edde4@group-49610443C8B1-SegmentedRaftLogWorker was interrupted, exiting. There are 0 tasks remaining in the queue.
2019-11-13 04:07:01,045 [ForkJoinPool.commonPool-worker-0] INFO  segmented.SegmentedRaftLogWorker (SegmentedRaftLogWorker.java:close(224)) - 08597d3a-6b69-4d75-a39e-e4e8ac9edde4@group-49610443C8B1-SegmentedRaftLogWorker close()
2019-11-13 04:07:01,047 [ForkJoinPool.commonPool-worker-0] INFO  server.GrpcService (GrpcService.java:closeImpl(164)) - 08597d3a-6b69-4d75-a39e-e4e8ac9edde4: shutdown server with port 41890 now
2019-11-13 04:07:01,048 [ForkJoinPool.commonPool-worker-0] INFO  server.GrpcService (GrpcService.java:closeImpl(172)) - 08597d3a-6b69-4d75-a39e-e4e8ac9edde4: shutdown server with port 41890 successfully
2019-11-13 04:07:01,049 [refreshUsed-/workdir/hadoop-ozone/integration-test/target/test-dir/MiniOzoneClusterImpl-b85b6ab0-505c-4a5c-9cb9-9f0034e19733/datanode-5/data/containers] WARN  fs.CachingGetSpaceUsed (CachingGetSpaceUsed.java:run(183)) - Thread Interrupted waiting to refresh disk information: sleep interrupted
2019-11-13 04:07:01,052 [refreshUsed-/workdir/hadoop-ozone/integration-test/target/test-dir/MiniOzoneClusterImpl-b85b6ab0-505c-4a5c-9cb9-9f0034e19733/datanode-2/data/containers] WARN  fs.CachingGetSpaceUsed (CachingGetSpaceUsed.java:run(183)) - Thread Interrupted waiting to refresh disk information: sleep interrupted
2019-11-13 04:07:01,070 [main] INFO  utils.BackgroundService (BackgroundService.java:shutdown(151)) - Shutting down service BlockDeletingService
2019-11-13 04:07:01,073 [main] INFO  statemachine.DatanodeStateMachine (DatanodeStateMachine.java:stopDaemon(395)) - Ozone container server stopped.
2019-11-13 04:07:01,075 [main] INFO  handler.ContextHandler (ContextHandler.java:doStop(910)) - Stopped o.e.j.w.WebAppContext@52227eb2{/,null,UNAVAILABLE}{/hddsDatanode}
2019-11-13 04:07:01,076 [main] INFO  server.AbstractConnector (AbstractConnector.java:doStop(318)) - Stopped ServerConnector@5ad1904f{HTTP/1.1,[http/1.1]}{0.0.0.0:0}
2019-11-13 04:07:01,076 [main] INFO  handler.ContextHandler (ContextHandler.java:doStop(910)) - Stopped o.e.j.s.ServletContextHandler@a9c5b75{/static,jar:file:/home/user/.m2/repository/org/apache/hadoop/hadoop-hdds-container-service/0.5.0-SNAPSHOT/hadoop-hdds-container-service-0.5.0-SNAPSHOT.jar!/webapps/static,UNAVAILABLE}
2019-11-13 04:07:01,076 [ForkJoinPool.commonPool-worker-0] INFO  utils.BackgroundService (BackgroundService.java:shutdown(151)) - Shutting down service BlockDeletingService
2019-11-13 04:07:01,076 [main] INFO  handler.ContextHandler (ContextHandler.java:doStop(910)) - Stopped o.e.j.s.ServletContextHandler@78d71df1{/logs,file:///workdir/hadoop-ozone/integration-test/target/log,UNAVAILABLE}
2019-11-13 04:07:01,080 [ForkJoinPool.commonPool-worker-0] INFO  statemachine.DatanodeStateMachine (DatanodeStateMachine.java:stopDaemon(395)) - Ozone container server stopped.
2019-11-13 04:07:01,083 [ForkJoinPool.commonPool-worker-0] INFO  handler.ContextHandler (ContextHandler.java:doStop(910)) - Stopped o.e.j.w.WebAppContext@32eae6f2{/,null,UNAVAILABLE}{/hddsDatanode}
2019-11-13 04:07:01,084 [ForkJoinPool.commonPool-worker-0] INFO  server.AbstractConnector (AbstractConnector.java:doStop(318)) - Stopped ServerConnector@26ca61bf{HTTP/1.1,[http/1.1]}{0.0.0.0:0}
2019-11-13 04:07:01,084 [ForkJoinPool.commonPool-worker-0] INFO  handler.ContextHandler (ContextHandler.java:doStop(910)) - Stopped o.e.j.s.ServletContextHandler@2404b5a{/static,jar:file:/home/user/.m2/repository/org/apache/hadoop/hadoop-hdds-container-service/0.5.0-SNAPSHOT/hadoop-hdds-container-service-0.5.0-SNAPSHOT.jar!/webapps/static,UNAVAILABLE}
2019-11-13 04:07:01,085 [ForkJoinPool.commonPool-worker-0] INFO  handler.ContextHandler (ContextHandler.java:doStop(910)) - Stopped o.e.j.s.ServletContextHandler@39f5b723{/logs,file:///workdir/hadoop-ozone/integration-test/target/log,UNAVAILABLE}
2019-11-13 04:07:01,451 [Datanode State Machine Thread - 0] INFO  statemachine.DatanodeStateMachine (DatanodeStateMachine.java:lambda$startDaemon$0(350)) - Ozone container server started.
2019-11-13 04:07:01,760 [Datanode State Machine Thread - 0] INFO  statemachine.DatanodeStateMachine (DatanodeStateMachine.java:lambda$startDaemon$0(350)) - Ozone container server started.
2019-11-13 04:07:02,157 [Thread-1838] INFO  impl.FollowerState (FollowerState.java:run(111)) - 32d4d447-2d26-4c49-a5e1-cd2d67dbedad@group-038E72117229-FollowerState: change to CANDIDATE, lastRpcTime:1241ms, electionTimeout:1143ms
2019-11-13 04:07:02,157 [Thread-1838] INFO  impl.RoleInfo (RoleInfo.java:shutdownFollowerState(121)) - 32d4d447-2d26-4c49-a5e1-cd2d67dbedad: shutdown FollowerState
2019-11-13 04:07:02,157 [Thread-1838] INFO  impl.RaftServerImpl (RaftServerImpl.java:setRole(173)) - 32d4d447-2d26-4c49-a5e1-cd2d67dbedad@group-038E72117229: changes role from  FOLLOWER to CANDIDATE at term 2 for changeToCandidate
2019-11-13 04:07:02,158 [Thread-1838] INFO  impl.RoleInfo (RoleInfo.java:updateAndGet(143)) - 32d4d447-2d26-4c49-a5e1-cd2d67dbedad: start LeaderElection
2019-11-13 04:07:02,158 [32d4d447-2d26-4c49-a5e1-cd2d67dbedad@group-038E72117229-LeaderElection73] INFO  impl.RaftServerImpl (ServerState.java:setLeader(255)) - 32d4d447-2d26-4c49-a5e1-cd2d67dbedad@group-038E72117229: change Leader from 08597d3a-6b69-4d75-a39e-e4e8ac9edde4 to null at term 2 for initElection
2019-11-13 04:07:02,184 [32d4d447-2d26-4c49-a5e1-cd2d67dbedad@group-038E72117229-LeaderElection73] INFO  impl.LeaderElection (LeaderElection.java:askForVotes(178)) - 32d4d447-2d26-4c49-a5e1-cd2d67dbedad@group-038E72117229-LeaderElection73: begin an election at term 3 for 1: [08597d3a-6b69-4d75-a39e-e4e8ac9edde4:192.168.34.45:41890, 32d4d447-2d26-4c49-a5e1-cd2d67dbedad:192.168.34.45:40211, 2f653e4e-b4ea-4463-ba35-13c58c0a0d31:192.168.34.45:41897], old=null
2019-11-13 04:07:02,187 [32d4d447-2d26-4c49-a5e1-cd2d67dbedad@group-038E72117229-LeaderElection73] INFO  impl.LeaderElection (LogUtils.java:infoOrTrace(149)) - 32d4d447-2d26-4c49-a5e1-cd2d67dbedad@group-038E72117229-LeaderElection73 got exception when requesting votes: {}
java.util.concurrent.ExecutionException: org.apache.ratis.thirdparty.io.grpc.StatusRuntimeException: UNAVAILABLE: io exception
	at java.util.concurrent.FutureTask.report(FutureTask.java:122)
	at java.util.concurrent.FutureTask.get(FutureTask.java:192)
	at org.apache.ratis.server.impl.LeaderElection.waitForResults(LeaderElection.java:259)
	at org.apache.ratis.server.impl.LeaderElection.askForVotes(LeaderElection.java:197)
	at org.apache.ratis.server.impl.LeaderElection.run(LeaderElection.java:133)
	at java.lang.Thread.run(Thread.java:748)
Caused by: org.apache.ratis.thirdparty.io.grpc.StatusRuntimeException: UNAVAILABLE: io exception
	at org.apache.ratis.thirdparty.io.grpc.stub.ClientCalls.toStatusRuntimeException(ClientCalls.java:233)
	at org.apache.ratis.thirdparty.io.grpc.stub.ClientCalls.getUnchecked(ClientCalls.java:214)
	at org.apache.ratis.thirdparty.io.grpc.stub.ClientCalls.blockingUnaryCall(ClientCalls.java:139)
	at org.apache.ratis.proto.grpc.RaftServerProtocolServiceGrpc$RaftServerProtocolServiceBlockingStub.requestVote(RaftServerProtocolServiceGrpc.java:265)
	at org.apache.ratis.grpc.server.GrpcServerProtocolClient.requestVote(GrpcServerProtocolClient.java:99)
	at org.apache.ratis.grpc.server.GrpcService.requestVote(GrpcService.java:204)
	at org.apache.ratis.server.impl.LeaderElection.lambda$submitRequests$1(LeaderElection.java:234)
	at java.util.concurrent.FutureTask.run(FutureTask.java:266)
	at java.util.concurrent.Executors$RunnableAdapter.call(Executors.java:511)
	at java.util.concurrent.FutureTask.run(FutureTask.java:266)
	at java.util.concurrent.ThreadPoolExecutor.runWorker(ThreadPoolExecutor.java:1149)
	at java.util.concurrent.ThreadPoolExecutor$Worker.run(ThreadPoolExecutor.java:624)
	... 1 more
Caused by: org.apache.ratis.thirdparty.io.netty.channel.AbstractChannel$AnnotatedConnectException: Connection refused: /192.168.34.45:41890
	at sun.nio.ch.SocketChannelImpl.checkConnect(Native Method)
	at sun.nio.ch.SocketChannelImpl.finishConnect(SocketChannelImpl.java:717)
	at org.apache.ratis.thirdparty.io.netty.channel.socket.nio.NioSocketChannel.doFinishConnect(NioSocketChannel.java:327)
	at org.apache.ratis.thirdparty.io.netty.channel.nio.AbstractNioChannel$AbstractNioUnsafe.finishConnect(AbstractNioChannel.java:340)
	at org.apache.ratis.thirdparty.io.netty.channel.nio.NioEventLoop.processSelectedKey(NioEventLoop.java:632)
	at org.apache.ratis.thirdparty.io.netty.channel.nio.NioEventLoop.processSelectedKeysOptimized(NioEventLoop.java:579)
	at org.apache.ratis.thirdparty.io.netty.channel.nio.NioEventLoop.processSelectedKeys(NioEventLoop.java:496)
	at org.apache.ratis.thirdparty.io.netty.channel.nio.NioEventLoop.run(NioEventLoop.java:458)
	at org.apache.ratis.thirdparty.io.netty.util.concurrent.SingleThreadEventExecutor$5.run(SingleThreadEventExecutor.java:897)
	at org.apache.ratis.thirdparty.io.netty.util.concurrent.FastThreadLocalRunnable.run(FastThreadLocalRunnable.java:30)
	... 1 more
Caused by: java.net.ConnectException: Connection refused
	... 11 more
2019-11-13 04:07:02,188 [32d4d447-2d26-4c49-a5e1-cd2d67dbedad@group-038E72117229-LeaderElection73] INFO  impl.LeaderElection (LogUtils.java:infoOrTrace(149)) - 32d4d447-2d26-4c49-a5e1-cd2d67dbedad@group-038E72117229-LeaderElection73 got exception when requesting votes: {}
java.util.concurrent.ExecutionException: org.apache.ratis.thirdparty.io.grpc.StatusRuntimeException: UNAVAILABLE: io exception
	at java.util.concurrent.FutureTask.report(FutureTask.java:122)
	at java.util.concurrent.FutureTask.get(FutureTask.java:192)
	at org.apache.ratis.server.impl.LeaderElection.waitForResults(LeaderElection.java:259)
	at org.apache.ratis.server.impl.LeaderElection.askForVotes(LeaderElection.java:197)
	at org.apache.ratis.server.impl.LeaderElection.run(LeaderElection.java:133)
	at java.lang.Thread.run(Thread.java:748)
Caused by: org.apache.ratis.thirdparty.io.grpc.StatusRuntimeException: UNAVAILABLE: io exception
	at org.apache.ratis.thirdparty.io.grpc.stub.ClientCalls.toStatusRuntimeException(ClientCalls.java:233)
	at org.apache.ratis.thirdparty.io.grpc.stub.ClientCalls.getUnchecked(ClientCalls.java:214)
	at org.apache.ratis.thirdparty.io.grpc.stub.ClientCalls.blockingUnaryCall(ClientCalls.java:139)
	at org.apache.ratis.proto.grpc.RaftServerProtocolServiceGrpc$RaftServerProtocolServiceBlockingStub.requestVote(RaftServerProtocolServiceGrpc.java:265)
	at org.apache.ratis.grpc.server.GrpcServerProtocolClient.requestVote(GrpcServerProtocolClient.java:99)
	at org.apache.ratis.grpc.server.GrpcService.requestVote(GrpcService.java:204)
	at org.apache.ratis.server.impl.LeaderElection.lambda$submitRequests$1(LeaderElection.java:234)
	at java.util.concurrent.FutureTask.run(FutureTask.java:266)
	at java.util.concurrent.Executors$RunnableAdapter.call(Executors.java:511)
	at java.util.concurrent.FutureTask.run(FutureTask.java:266)
	at java.util.concurrent.ThreadPoolExecutor.runWorker(ThreadPoolExecutor.java:1149)
	at java.util.concurrent.ThreadPoolExecutor$Worker.run(ThreadPoolExecutor.java:624)
	... 1 more
Caused by: org.apache.ratis.thirdparty.io.netty.channel.AbstractChannel$AnnotatedConnectException: Connection refused: /192.168.34.45:41897
	at sun.nio.ch.SocketChannelImpl.checkConnect(Native Method)
	at sun.nio.ch.SocketChannelImpl.finishConnect(SocketChannelImpl.java:717)
	at org.apache.ratis.thirdparty.io.netty.channel.socket.nio.NioSocketChannel.doFinishConnect(NioSocketChannel.java:327)
	at org.apache.ratis.thirdparty.io.netty.channel.nio.AbstractNioChannel$AbstractNioUnsafe.finishConnect(AbstractNioChannel.java:340)
	at org.apache.ratis.thirdparty.io.netty.channel.nio.NioEventLoop.processSelectedKey(NioEventLoop.java:632)
	at org.apache.ratis.thirdparty.io.netty.channel.nio.NioEventLoop.processSelectedKeysOptimized(NioEventLoop.java:579)
	at org.apache.ratis.thirdparty.io.netty.channel.nio.NioEventLoop.processSelectedKeys(NioEventLoop.java:496)
	at org.apache.ratis.thirdparty.io.netty.channel.nio.NioEventLoop.run(NioEventLoop.java:458)
	at org.apache.ratis.thirdparty.io.netty.util.concurrent.SingleThreadEventExecutor$5.run(SingleThreadEventExecutor.java:897)
	at org.apache.ratis.thirdparty.io.netty.util.concurrent.FastThreadLocalRunnable.run(FastThreadLocalRunnable.java:30)
	... 1 more
Caused by: java.net.ConnectException: Connection refused
	... 11 more
2019-11-13 04:07:02,189 [32d4d447-2d26-4c49-a5e1-cd2d67dbedad@group-038E72117229-LeaderElection73] INFO  impl.LeaderElection (LeaderElection.java:logAndReturn(56)) - 32d4d447-2d26-4c49-a5e1-cd2d67dbedad@group-038E72117229-LeaderElection73: Election REJECTED; received 0 response(s) [] and 2 exception(s); 32d4d447-2d26-4c49-a5e1-cd2d67dbedad@group-038E72117229:t3, leader=null, voted=32d4d447-2d26-4c49-a5e1-cd2d67dbedad, raftlog=32d4d447-2d26-4c49-a5e1-cd2d67dbedad@group-038E72117229-SegmentedRaftLog:OPENED:c2,f2,i2, conf=1: [08597d3a-6b69-4d75-a39e-e4e8ac9edde4:192.168.34.45:41890, 32d4d447-2d26-4c49-a5e1-cd2d67dbedad:192.168.34.45:40211, 2f653e4e-b4ea-4463-ba35-13c58c0a0d31:192.168.34.45:41897], old=null
2019-11-13 04:07:02,190 [32d4d447-2d26-4c49-a5e1-cd2d67dbedad@group-038E72117229-LeaderElection73] INFO  impl.LeaderElection (LogUtils.java:infoOrTrace(149)) -   Exception 0: {}
java.util.concurrent.ExecutionException: org.apache.ratis.thirdparty.io.grpc.StatusRuntimeException: UNAVAILABLE: io exception
	at java.util.concurrent.FutureTask.report(FutureTask.java:122)
	at java.util.concurrent.FutureTask.get(FutureTask.java:192)
	at org.apache.ratis.server.impl.LeaderElection.waitForResults(LeaderElection.java:259)
	at org.apache.ratis.server.impl.LeaderElection.askForVotes(LeaderElection.java:197)
	at org.apache.ratis.server.impl.LeaderElection.run(LeaderElection.java:133)
	at java.lang.Thread.run(Thread.java:748)
Caused by: org.apache.ratis.thirdparty.io.grpc.StatusRuntimeException: UNAVAILABLE: io exception
	at org.apache.ratis.thirdparty.io.grpc.stub.ClientCalls.toStatusRuntimeException(ClientCalls.java:233)
	at org.apache.ratis.thirdparty.io.grpc.stub.ClientCalls.getUnchecked(ClientCalls.java:214)
	at org.apache.ratis.thirdparty.io.grpc.stub.ClientCalls.blockingUnaryCall(ClientCalls.java:139)
	at org.apache.ratis.proto.grpc.RaftServerProtocolServiceGrpc$RaftServerProtocolServiceBlockingStub.requestVote(RaftServerProtocolServiceGrpc.java:265)
	at org.apache.ratis.grpc.server.GrpcServerProtocolClient.requestVote(GrpcServerProtocolClient.java:99)
	at org.apache.ratis.grpc.server.GrpcService.requestVote(GrpcService.java:204)
	at org.apache.ratis.server.impl.LeaderElection.lambda$submitRequests$1(LeaderElection.java:234)
	at java.util.concurrent.FutureTask.run(FutureTask.java:266)
	at java.util.concurrent.Executors$RunnableAdapter.call(Executors.java:511)
	at java.util.concurrent.FutureTask.run(FutureTask.java:266)
	at java.util.concurrent.ThreadPoolExecutor.runWorker(ThreadPoolExecutor.java:1149)
	at java.util.concurrent.ThreadPoolExecutor$Worker.run(ThreadPoolExecutor.java:624)
	... 1 more
Caused by: org.apache.ratis.thirdparty.io.netty.channel.AbstractChannel$AnnotatedConnectException: Connection refused: /192.168.34.45:41890
	at sun.nio.ch.SocketChannelImpl.checkConnect(Native Method)
	at sun.nio.ch.SocketChannelImpl.finishConnect(SocketChannelImpl.java:717)
	at org.apache.ratis.thirdparty.io.netty.channel.socket.nio.NioSocketChannel.doFinishConnect(NioSocketChannel.java:327)
	at org.apache.ratis.thirdparty.io.netty.channel.nio.AbstractNioChannel$AbstractNioUnsafe.finishConnect(AbstractNioChannel.java:340)
	at org.apache.ratis.thirdparty.io.netty.channel.nio.NioEventLoop.processSelectedKey(NioEventLoop.java:632)
	at org.apache.ratis.thirdparty.io.netty.channel.nio.NioEventLoop.processSelectedKeysOptimized(NioEventLoop.java:579)
	at org.apache.ratis.thirdparty.io.netty.channel.nio.NioEventLoop.processSelectedKeys(NioEventLoop.java:496)
	at org.apache.ratis.thirdparty.io.netty.channel.nio.NioEventLoop.run(NioEventLoop.java:458)
	at org.apache.ratis.thirdparty.io.netty.util.concurrent.SingleThreadEventExecutor$5.run(SingleThreadEventExecutor.java:897)
	at org.apache.ratis.thirdparty.io.netty.util.concurrent.FastThreadLocalRunnable.run(FastThreadLocalRunnable.java:30)
	... 1 more
Caused by: java.net.ConnectException: Connection refused
	... 11 more
2019-11-13 04:07:02,190 [32d4d447-2d26-4c49-a5e1-cd2d67dbedad@group-038E72117229-LeaderElection73] INFO  impl.LeaderElection (LogUtils.java:infoOrTrace(149)) -   Exception 1: {}
java.util.concurrent.ExecutionException: org.apache.ratis.thirdparty.io.grpc.StatusRuntimeException: UNAVAILABLE: io exception
	at java.util.concurrent.FutureTask.report(FutureTask.java:122)
	at java.util.concurrent.FutureTask.get(FutureTask.java:192)
	at org.apache.ratis.server.impl.LeaderElection.waitForResults(LeaderElection.java:259)
	at org.apache.ratis.server.impl.LeaderElection.askForVotes(LeaderElection.java:197)
	at org.apache.ratis.server.impl.LeaderElection.run(LeaderElection.java:133)
	at java.lang.Thread.run(Thread.java:748)
Caused by: org.apache.ratis.thirdparty.io.grpc.StatusRuntimeException: UNAVAILABLE: io exception
	at org.apache.ratis.thirdparty.io.grpc.stub.ClientCalls.toStatusRuntimeException(ClientCalls.java:233)
	at org.apache.ratis.thirdparty.io.grpc.stub.ClientCalls.getUnchecked(ClientCalls.java:214)
	at org.apache.ratis.thirdparty.io.grpc.stub.ClientCalls.blockingUnaryCall(ClientCalls.java:139)
	at org.apache.ratis.proto.grpc.RaftServerProtocolServiceGrpc$RaftServerProtocolServiceBlockingStub.requestVote(RaftServerProtocolServiceGrpc.java:265)
	at org.apache.ratis.grpc.server.GrpcServerProtocolClient.requestVote(GrpcServerProtocolClient.java:99)
	at org.apache.ratis.grpc.server.GrpcService.requestVote(GrpcService.java:204)
	at org.apache.ratis.server.impl.LeaderElection.lambda$submitRequests$1(LeaderElection.java:234)
	at java.util.concurrent.FutureTask.run(FutureTask.java:266)
	at java.util.concurrent.Executors$RunnableAdapter.call(Executors.java:511)
	at java.util.concurrent.FutureTask.run(FutureTask.java:266)
	at java.util.concurrent.ThreadPoolExecutor.runWorker(ThreadPoolExecutor.java:1149)
	at java.util.concurrent.ThreadPoolExecutor$Worker.run(ThreadPoolExecutor.java:624)
	... 1 more
Caused by: org.apache.ratis.thirdparty.io.netty.channel.AbstractChannel$AnnotatedConnectException: Connection refused: /192.168.34.45:41897
	at sun.nio.ch.SocketChannelImpl.checkConnect(Native Method)
	at sun.nio.ch.SocketChannelImpl.finishConnect(SocketChannelImpl.java:717)
	at org.apache.ratis.thirdparty.io.netty.channel.socket.nio.NioSocketChannel.doFinishConnect(NioSocketChannel.java:327)
	at org.apache.ratis.thirdparty.io.netty.channel.nio.AbstractNioChannel$AbstractNioUnsafe.finishConnect(AbstractNioChannel.java:340)
	at org.apache.ratis.thirdparty.io.netty.channel.nio.NioEventLoop.processSelectedKey(NioEventLoop.java:632)
	at org.apache.ratis.thirdparty.io.netty.channel.nio.NioEventLoop.processSelectedKeysOptimized(NioEventLoop.java:579)
	at org.apache.ratis.thirdparty.io.netty.channel.nio.NioEventLoop.processSelectedKeys(NioEventLoop.java:496)
	at org.apache.ratis.thirdparty.io.netty.channel.nio.NioEventLoop.run(NioEventLoop.java:458)
	at org.apache.ratis.thirdparty.io.netty.util.concurrent.SingleThreadEventExecutor$5.run(SingleThreadEventExecutor.java:897)
	at org.apache.ratis.thirdparty.io.netty.util.concurrent.FastThreadLocalRunnable.run(FastThreadLocalRunnable.java:30)
	... 1 more
Caused by: java.net.ConnectException: Connection refused
	... 11 more
2019-11-13 04:07:02,190 [32d4d447-2d26-4c49-a5e1-cd2d67dbedad@group-038E72117229-LeaderElection73] INFO  impl.RaftServerImpl (RaftServerImpl.java:setRole(173)) - 32d4d447-2d26-4c49-a5e1-cd2d67dbedad@group-038E72117229: changes role from CANDIDATE to FOLLOWER at term 3 for DISCOVERED_A_NEW_TERM
2019-11-13 04:07:02,190 [32d4d447-2d26-4c49-a5e1-cd2d67dbedad@group-038E72117229-LeaderElection73] INFO  impl.RoleInfo (RoleInfo.java:shutdownLeaderElection(134)) - 32d4d447-2d26-4c49-a5e1-cd2d67dbedad: shutdown LeaderElection
2019-11-13 04:07:02,190 [32d4d447-2d26-4c49-a5e1-cd2d67dbedad@group-038E72117229-LeaderElection73] INFO  impl.RoleInfo (RoleInfo.java:updateAndGet(143)) - 32d4d447-2d26-4c49-a5e1-cd2d67dbedad: start FollowerState
2019-11-13 04:07:02,641 [Thread-1848] INFO  impl.FollowerState (FollowerState.java:run(111)) - 50248509-472f-4b93-9431-0a6e6bd3eac0@group-609D232F86F7-FollowerState: change to CANDIDATE, lastRpcTime:2006ms, electionTimeout:1184ms
2019-11-13 04:07:02,641 [Thread-1848] INFO  impl.RoleInfo (RoleInfo.java:shutdownFollowerState(121)) - 50248509-472f-4b93-9431-0a6e6bd3eac0: shutdown FollowerState
2019-11-13 04:07:02,641 [Thread-1848] INFO  impl.RaftServerImpl (RaftServerImpl.java:setRole(173)) - 50248509-472f-4b93-9431-0a6e6bd3eac0@group-609D232F86F7: changes role from  FOLLOWER to CANDIDATE at term 3 for changeToCandidate
2019-11-13 04:07:02,641 [Thread-1848] INFO  impl.RoleInfo (RoleInfo.java:updateAndGet(143)) - 50248509-472f-4b93-9431-0a6e6bd3eac0: start LeaderElection
2019-11-13 04:07:02,642 [50248509-472f-4b93-9431-0a6e6bd3eac0@group-609D232F86F7-LeaderElection74] INFO  impl.RaftServerImpl (ServerState.java:setLeader(255)) - 50248509-472f-4b93-9431-0a6e6bd3eac0@group-609D232F86F7: change Leader from 64d096e6-e0ae-4a1d-97a3-03513c91a164 to null at term 3 for initElection
2019-11-13 04:07:02,667 [50248509-472f-4b93-9431-0a6e6bd3eac0@group-609D232F86F7-LeaderElection74] INFO  impl.LeaderElection (LeaderElection.java:askForVotes(178)) - 50248509-472f-4b93-9431-0a6e6bd3eac0@group-609D232F86F7-LeaderElection74: begin an election at term 4 for 1: [0cea8a44-7441-4692-92a5-de212c14b418:192.168.34.45:44463, 50248509-472f-4b93-9431-0a6e6bd3eac0:192.168.34.45:43078, 64d096e6-e0ae-4a1d-97a3-03513c91a164:192.168.34.45:39823], old=null
2019-11-13 04:07:02,668 [50248509-472f-4b93-9431-0a6e6bd3eac0@group-609D232F86F7-LeaderElection74] INFO  impl.LeaderElection (LogUtils.java:infoOrTrace(149)) - 50248509-472f-4b93-9431-0a6e6bd3eac0@group-609D232F86F7-LeaderElection74 got exception when requesting votes: {}
java.util.concurrent.ExecutionException: org.apache.ratis.thirdparty.io.grpc.StatusRuntimeException: UNAVAILABLE: io exception
	at java.util.concurrent.FutureTask.report(FutureTask.java:122)
	at java.util.concurrent.FutureTask.get(FutureTask.java:192)
	at org.apache.ratis.server.impl.LeaderElection.waitForResults(LeaderElection.java:259)
	at org.apache.ratis.server.impl.LeaderElection.askForVotes(LeaderElection.java:197)
	at org.apache.ratis.server.impl.LeaderElection.run(LeaderElection.java:133)
	at java.lang.Thread.run(Thread.java:748)
Caused by: org.apache.ratis.thirdparty.io.grpc.StatusRuntimeException: UNAVAILABLE: io exception
	at org.apache.ratis.thirdparty.io.grpc.stub.ClientCalls.toStatusRuntimeException(ClientCalls.java:233)
	at org.apache.ratis.thirdparty.io.grpc.stub.ClientCalls.getUnchecked(ClientCalls.java:214)
	at org.apache.ratis.thirdparty.io.grpc.stub.ClientCalls.blockingUnaryCall(ClientCalls.java:139)
	at org.apache.ratis.proto.grpc.RaftServerProtocolServiceGrpc$RaftServerProtocolServiceBlockingStub.requestVote(RaftServerProtocolServiceGrpc.java:265)
	at org.apache.ratis.grpc.server.GrpcServerProtocolClient.requestVote(GrpcServerProtocolClient.java:99)
	at org.apache.ratis.grpc.server.GrpcService.requestVote(GrpcService.java:204)
	at org.apache.ratis.server.impl.LeaderElection.lambda$submitRequests$1(LeaderElection.java:234)
	at java.util.concurrent.FutureTask.run(FutureTask.java:266)
	at java.util.concurrent.Executors$RunnableAdapter.call(Executors.java:511)
	at java.util.concurrent.FutureTask.run(FutureTask.java:266)
	at java.util.concurrent.ThreadPoolExecutor.runWorker(ThreadPoolExecutor.java:1149)
	at java.util.concurrent.ThreadPoolExecutor$Worker.run(ThreadPoolExecutor.java:624)
	... 1 more
Caused by: org.apache.ratis.thirdparty.io.netty.channel.AbstractChannel$AnnotatedConnectException: Connection refused: /192.168.34.45:44463
	at sun.nio.ch.SocketChannelImpl.checkConnect(Native Method)
	at sun.nio.ch.SocketChannelImpl.finishConnect(SocketChannelImpl.java:717)
	at org.apache.ratis.thirdparty.io.netty.channel.socket.nio.NioSocketChannel.doFinishConnect(NioSocketChannel.java:327)
	at org.apache.ratis.thirdparty.io.netty.channel.nio.AbstractNioChannel$AbstractNioUnsafe.finishConnect(AbstractNioChannel.java:340)
	at org.apache.ratis.thirdparty.io.netty.channel.nio.NioEventLoop.processSelectedKey(NioEventLoop.java:632)
	at org.apache.ratis.thirdparty.io.netty.channel.nio.NioEventLoop.processSelectedKeysOptimized(NioEventLoop.java:579)
	at org.apache.ratis.thirdparty.io.netty.channel.nio.NioEventLoop.processSelectedKeys(NioEventLoop.java:496)
	at org.apache.ratis.thirdparty.io.netty.channel.nio.NioEventLoop.run(NioEventLoop.java:458)
	at org.apache.ratis.thirdparty.io.netty.util.concurrent.SingleThreadEventExecutor$5.run(SingleThreadEventExecutor.java:897)
	at org.apache.ratis.thirdparty.io.netty.util.concurrent.FastThreadLocalRunnable.run(FastThreadLocalRunnable.java:30)
	... 1 more
Caused by: java.net.ConnectException: Connection refused
	... 11 more
2019-11-13 04:07:02,670 [50248509-472f-4b93-9431-0a6e6bd3eac0@group-609D232F86F7-LeaderElection74] INFO  impl.LeaderElection (LogUtils.java:infoOrTrace(149)) - 50248509-472f-4b93-9431-0a6e6bd3eac0@group-609D232F86F7-LeaderElection74 got exception when requesting votes: {}
java.util.concurrent.ExecutionException: org.apache.ratis.thirdparty.io.grpc.StatusRuntimeException: UNAVAILABLE: io exception
	at java.util.concurrent.FutureTask.report(FutureTask.java:122)
	at java.util.concurrent.FutureTask.get(FutureTask.java:192)
	at org.apache.ratis.server.impl.LeaderElection.waitForResults(LeaderElection.java:259)
	at org.apache.ratis.server.impl.LeaderElection.askForVotes(LeaderElection.java:197)
	at org.apache.ratis.server.impl.LeaderElection.run(LeaderElection.java:133)
	at java.lang.Thread.run(Thread.java:748)
Caused by: org.apache.ratis.thirdparty.io.grpc.StatusRuntimeException: UNAVAILABLE: io exception
	at org.apache.ratis.thirdparty.io.grpc.stub.ClientCalls.toStatusRuntimeException(ClientCalls.java:233)
	at org.apache.ratis.thirdparty.io.grpc.stub.ClientCalls.getUnchecked(ClientCalls.java:214)
	at org.apache.ratis.thirdparty.io.grpc.stub.ClientCalls.blockingUnaryCall(ClientCalls.java:139)
	at org.apache.ratis.proto.grpc.RaftServerProtocolServiceGrpc$RaftServerProtocolServiceBlockingStub.requestVote(RaftServerProtocolServiceGrpc.java:265)
	at org.apache.ratis.grpc.server.GrpcServerProtocolClient.requestVote(GrpcServerProtocolClient.java:99)
	at org.apache.ratis.grpc.server.GrpcService.requestVote(GrpcService.java:204)
	at org.apache.ratis.server.impl.LeaderElection.lambda$submitRequests$1(LeaderElection.java:234)
	at java.util.concurrent.FutureTask.run(FutureTask.java:266)
	at java.util.concurrent.Executors$RunnableAdapter.call(Executors.java:511)
	at java.util.concurrent.FutureTask.run(FutureTask.java:266)
	at java.util.concurrent.ThreadPoolExecutor.runWorker(ThreadPoolExecutor.java:1149)
	at java.util.concurrent.ThreadPoolExecutor$Worker.run(ThreadPoolExecutor.java:624)
	... 1 more
Caused by: org.apache.ratis.thirdparty.io.netty.channel.AbstractChannel$AnnotatedConnectException: Connection refused: /192.168.34.45:39823
	at sun.nio.ch.SocketChannelImpl.checkConnect(Native Method)
	at sun.nio.ch.SocketChannelImpl.finishConnect(SocketChannelImpl.java:717)
	at org.apache.ratis.thirdparty.io.netty.channel.socket.nio.NioSocketChannel.doFinishConnect(NioSocketChannel.java:327)
	at org.apache.ratis.thirdparty.io.netty.channel.nio.AbstractNioChannel$AbstractNioUnsafe.finishConnect(AbstractNioChannel.java:340)
	at org.apache.ratis.thirdparty.io.netty.channel.nio.NioEventLoop.processSelectedKey(NioEventLoop.java:632)
	at org.apache.ratis.thirdparty.io.netty.channel.nio.NioEventLoop.processSelectedKeysOptimized(NioEventLoop.java:579)
	at org.apache.ratis.thirdparty.io.netty.channel.nio.NioEventLoop.processSelectedKeys(NioEventLoop.java:496)
	at org.apache.ratis.thirdparty.io.netty.channel.nio.NioEventLoop.run(NioEventLoop.java:458)
	at org.apache.ratis.thirdparty.io.netty.util.concurrent.SingleThreadEventExecutor$5.run(SingleThreadEventExecutor.java:897)
	at org.apache.ratis.thirdparty.io.netty.util.concurrent.FastThreadLocalRunnable.run(FastThreadLocalRunnable.java:30)
	... 1 more
Caused by: java.net.ConnectException: Connection refused
	... 11 more
2019-11-13 04:07:02,671 [50248509-472f-4b93-9431-0a6e6bd3eac0@group-609D232F86F7-LeaderElection74] INFO  impl.LeaderElection (LeaderElection.java:logAndReturn(56)) - 50248509-472f-4b93-9431-0a6e6bd3eac0@group-609D232F86F7-LeaderElection74: Election REJECTED; received 0 response(s) [] and 2 exception(s); 50248509-472f-4b93-9431-0a6e6bd3eac0@group-609D232F86F7:t4, leader=null, voted=50248509-472f-4b93-9431-0a6e6bd3eac0, raftlog=50248509-472f-4b93-9431-0a6e6bd3eac0@group-609D232F86F7-SegmentedRaftLog:OPENED:c2,f2,i2, conf=1: [0cea8a44-7441-4692-92a5-de212c14b418:192.168.34.45:44463, 50248509-472f-4b93-9431-0a6e6bd3eac0:192.168.34.45:43078, 64d096e6-e0ae-4a1d-97a3-03513c91a164:192.168.34.45:39823], old=null
2019-11-13 04:07:02,672 [50248509-472f-4b93-9431-0a6e6bd3eac0@group-609D232F86F7-LeaderElection74] INFO  impl.LeaderElection (LogUtils.java:infoOrTrace(149)) -   Exception 0: {}
java.util.concurrent.ExecutionException: org.apache.ratis.thirdparty.io.grpc.StatusRuntimeException: UNAVAILABLE: io exception
	at java.util.concurrent.FutureTask.report(FutureTask.java:122)
	at java.util.concurrent.FutureTask.get(FutureTask.java:192)
	at org.apache.ratis.server.impl.LeaderElection.waitForResults(LeaderElection.java:259)
	at org.apache.ratis.server.impl.LeaderElection.askForVotes(LeaderElection.java:197)
	at org.apache.ratis.server.impl.LeaderElection.run(LeaderElection.java:133)
	at java.lang.Thread.run(Thread.java:748)
Caused by: org.apache.ratis.thirdparty.io.grpc.StatusRuntimeException: UNAVAILABLE: io exception
	at org.apache.ratis.thirdparty.io.grpc.stub.ClientCalls.toStatusRuntimeException(ClientCalls.java:233)
	at org.apache.ratis.thirdparty.io.grpc.stub.ClientCalls.getUnchecked(ClientCalls.java:214)
	at org.apache.ratis.thirdparty.io.grpc.stub.ClientCalls.blockingUnaryCall(ClientCalls.java:139)
	at org.apache.ratis.proto.grpc.RaftServerProtocolServiceGrpc$RaftServerProtocolServiceBlockingStub.requestVote(RaftServerProtocolServiceGrpc.java:265)
	at org.apache.ratis.grpc.server.GrpcServerProtocolClient.requestVote(GrpcServerProtocolClient.java:99)
	at org.apache.ratis.grpc.server.GrpcService.requestVote(GrpcService.java:204)
	at org.apache.ratis.server.impl.LeaderElection.lambda$submitRequests$1(LeaderElection.java:234)
	at java.util.concurrent.FutureTask.run(FutureTask.java:266)
	at java.util.concurrent.Executors$RunnableAdapter.call(Executors.java:511)
	at java.util.concurrent.FutureTask.run(FutureTask.java:266)
	at java.util.concurrent.ThreadPoolExecutor.runWorker(ThreadPoolExecutor.java:1149)
	at java.util.concurrent.ThreadPoolExecutor$Worker.run(ThreadPoolExecutor.java:624)
	... 1 more
Caused by: org.apache.ratis.thirdparty.io.netty.channel.AbstractChannel$AnnotatedConnectException: Connection refused: /192.168.34.45:44463
	at sun.nio.ch.SocketChannelImpl.checkConnect(Native Method)
	at sun.nio.ch.SocketChannelImpl.finishConnect(SocketChannelImpl.java:717)
	at org.apache.ratis.thirdparty.io.netty.channel.socket.nio.NioSocketChannel.doFinishConnect(NioSocketChannel.java:327)
	at org.apache.ratis.thirdparty.io.netty.channel.nio.AbstractNioChannel$AbstractNioUnsafe.finishConnect(AbstractNioChannel.java:340)
	at org.apache.ratis.thirdparty.io.netty.channel.nio.NioEventLoop.processSelectedKey(NioEventLoop.java:632)
	at org.apache.ratis.thirdparty.io.netty.channel.nio.NioEventLoop.processSelectedKeysOptimized(NioEventLoop.java:579)
	at org.apache.ratis.thirdparty.io.netty.channel.nio.NioEventLoop.processSelectedKeys(NioEventLoop.java:496)
	at org.apache.ratis.thirdparty.io.netty.channel.nio.NioEventLoop.run(NioEventLoop.java:458)
	at org.apache.ratis.thirdparty.io.netty.util.concurrent.SingleThreadEventExecutor$5.run(SingleThreadEventExecutor.java:897)
	at org.apache.ratis.thirdparty.io.netty.util.concurrent.FastThreadLocalRunnable.run(FastThreadLocalRunnable.java:30)
	... 1 more
Caused by: java.net.ConnectException: Connection refused
	... 11 more
2019-11-13 04:07:02,672 [50248509-472f-4b93-9431-0a6e6bd3eac0@group-609D232F86F7-LeaderElection74] INFO  impl.LeaderElection (LogUtils.java:infoOrTrace(149)) -   Exception 1: {}
java.util.concurrent.ExecutionException: org.apache.ratis.thirdparty.io.grpc.StatusRuntimeException: UNAVAILABLE: io exception
	at java.util.concurrent.FutureTask.report(FutureTask.java:122)
	at java.util.concurrent.FutureTask.get(FutureTask.java:192)
	at org.apache.ratis.server.impl.LeaderElection.waitForResults(LeaderElection.java:259)
	at org.apache.ratis.server.impl.LeaderElection.askForVotes(LeaderElection.java:197)
	at org.apache.ratis.server.impl.LeaderElection.run(LeaderElection.java:133)
	at java.lang.Thread.run(Thread.java:748)
Caused by: org.apache.ratis.thirdparty.io.grpc.StatusRuntimeException: UNAVAILABLE: io exception
	at org.apache.ratis.thirdparty.io.grpc.stub.ClientCalls.toStatusRuntimeException(ClientCalls.java:233)
	at org.apache.ratis.thirdparty.io.grpc.stub.ClientCalls.getUnchecked(ClientCalls.java:214)
	at org.apache.ratis.thirdparty.io.grpc.stub.ClientCalls.blockingUnaryCall(ClientCalls.java:139)
	at org.apache.ratis.proto.grpc.RaftServerProtocolServiceGrpc$RaftServerProtocolServiceBlockingStub.requestVote(RaftServerProtocolServiceGrpc.java:265)
	at org.apache.ratis.grpc.server.GrpcServerProtocolClient.requestVote(GrpcServerProtocolClient.java:99)
	at org.apache.ratis.grpc.server.GrpcService.requestVote(GrpcService.java:204)
	at org.apache.ratis.server.impl.LeaderElection.lambda$submitRequests$1(LeaderElection.java:234)
	at java.util.concurrent.FutureTask.run(FutureTask.java:266)
	at java.util.concurrent.Executors$RunnableAdapter.call(Executors.java:511)
	at java.util.concurrent.FutureTask.run(FutureTask.java:266)
	at java.util.concurrent.ThreadPoolExecutor.runWorker(ThreadPoolExecutor.java:1149)
	at java.util.concurrent.ThreadPoolExecutor$Worker.run(ThreadPoolExecutor.java:624)
	... 1 more
Caused by: org.apache.ratis.thirdparty.io.netty.channel.AbstractChannel$AnnotatedConnectException: Connection refused: /192.168.34.45:39823
	at sun.nio.ch.SocketChannelImpl.checkConnect(Native Method)
	at sun.nio.ch.SocketChannelImpl.finishConnect(SocketChannelImpl.java:717)
	at org.apache.ratis.thirdparty.io.netty.channel.socket.nio.NioSocketChannel.doFinishConnect(NioSocketChannel.java:327)
	at org.apache.ratis.thirdparty.io.netty.channel.nio.AbstractNioChannel$AbstractNioUnsafe.finishConnect(AbstractNioChannel.java:340)
	at org.apache.ratis.thirdparty.io.netty.channel.nio.NioEventLoop.processSelectedKey(NioEventLoop.java:632)
	at org.apache.ratis.thirdparty.io.netty.channel.nio.NioEventLoop.processSelectedKeysOptimized(NioEventLoop.java:579)
	at org.apache.ratis.thirdparty.io.netty.channel.nio.NioEventLoop.processSelectedKeys(NioEventLoop.java:496)
	at org.apache.ratis.thirdparty.io.netty.channel.nio.NioEventLoop.run(NioEventLoop.java:458)
	at org.apache.ratis.thirdparty.io.netty.util.concurrent.SingleThreadEventExecutor$5.run(SingleThreadEventExecutor.java:897)
	at org.apache.ratis.thirdparty.io.netty.util.concurrent.FastThreadLocalRunnable.run(FastThreadLocalRunnable.java:30)
	... 1 more
Caused by: java.net.ConnectException: Connection refused
	... 11 more
2019-11-13 04:07:02,672 [50248509-472f-4b93-9431-0a6e6bd3eac0@group-609D232F86F7-LeaderElection74] INFO  impl.RaftServerImpl (RaftServerImpl.java:setRole(173)) - 50248509-472f-4b93-9431-0a6e6bd3eac0@group-609D232F86F7: changes role from CANDIDATE to FOLLOWER at term 4 for DISCOVERED_A_NEW_TERM
2019-11-13 04:07:02,672 [50248509-472f-4b93-9431-0a6e6bd3eac0@group-609D232F86F7-LeaderElection74] INFO  impl.RoleInfo (RoleInfo.java:shutdownLeaderElection(134)) - 50248509-472f-4b93-9431-0a6e6bd3eac0: shutdown LeaderElection
2019-11-13 04:07:02,672 [50248509-472f-4b93-9431-0a6e6bd3eac0@group-609D232F86F7-LeaderElection74] INFO  impl.RoleInfo (RoleInfo.java:updateAndGet(143)) - 50248509-472f-4b93-9431-0a6e6bd3eac0: start FollowerState
2019-11-13 04:07:03,227 [Thread-1869] INFO  impl.FollowerState (FollowerState.java:run(111)) - 32d4d447-2d26-4c49-a5e1-cd2d67dbedad@group-038E72117229-FollowerState: change to CANDIDATE, lastRpcTime:1036ms, electionTimeout:1036ms
2019-11-13 04:07:03,227 [Thread-1869] INFO  impl.RoleInfo (RoleInfo.java:shutdownFollowerState(121)) - 32d4d447-2d26-4c49-a5e1-cd2d67dbedad: shutdown FollowerState
2019-11-13 04:07:03,227 [Thread-1869] INFO  impl.RaftServerImpl (RaftServerImpl.java:setRole(173)) - 32d4d447-2d26-4c49-a5e1-cd2d67dbedad@group-038E72117229: changes role from  FOLLOWER to CANDIDATE at term 3 for changeToCandidate
2019-11-13 04:07:03,228 [Thread-1869] INFO  impl.RoleInfo (RoleInfo.java:updateAndGet(143)) - 32d4d447-2d26-4c49-a5e1-cd2d67dbedad: start LeaderElection
2019-11-13 04:07:03,241 [32d4d447-2d26-4c49-a5e1-cd2d67dbedad@group-038E72117229-LeaderElection75] INFO  impl.LeaderElection (LeaderElection.java:askForVotes(178)) - 32d4d447-2d26-4c49-a5e1-cd2d67dbedad@group-038E72117229-LeaderElection75: begin an election at term 4 for 1: [08597d3a-6b69-4d75-a39e-e4e8ac9edde4:192.168.34.45:41890, 32d4d447-2d26-4c49-a5e1-cd2d67dbedad:192.168.34.45:40211, 2f653e4e-b4ea-4463-ba35-13c58c0a0d31:192.168.34.45:41897], old=null
2019-11-13 04:07:03,242 [32d4d447-2d26-4c49-a5e1-cd2d67dbedad@group-038E72117229-LeaderElection75] INFO  impl.LeaderElection (LogUtils.java:infoOrTrace(149)) - 32d4d447-2d26-4c49-a5e1-cd2d67dbedad@group-038E72117229-LeaderElection75 got exception when requesting votes: {}
java.util.concurrent.ExecutionException: org.apache.ratis.thirdparty.io.grpc.StatusRuntimeException: UNAVAILABLE: io exception
	at java.util.concurrent.FutureTask.report(FutureTask.java:122)
	at java.util.concurrent.FutureTask.get(FutureTask.java:192)
	at org.apache.ratis.server.impl.LeaderElection.waitForResults(LeaderElection.java:259)
	at org.apache.ratis.server.impl.LeaderElection.askForVotes(LeaderElection.java:197)
	at org.apache.ratis.server.impl.LeaderElection.run(LeaderElection.java:133)
	at java.lang.Thread.run(Thread.java:748)
Caused by: org.apache.ratis.thirdparty.io.grpc.StatusRuntimeException: UNAVAILABLE: io exception
	at org.apache.ratis.thirdparty.io.grpc.stub.ClientCalls.toStatusRuntimeException(ClientCalls.java:233)
	at org.apache.ratis.thirdparty.io.grpc.stub.ClientCalls.getUnchecked(ClientCalls.java:214)
	at org.apache.ratis.thirdparty.io.grpc.stub.ClientCalls.blockingUnaryCall(ClientCalls.java:139)
	at org.apache.ratis.proto.grpc.RaftServerProtocolServiceGrpc$RaftServerProtocolServiceBlockingStub.requestVote(RaftServerProtocolServiceGrpc.java:265)
	at org.apache.ratis.grpc.server.GrpcServerProtocolClient.requestVote(GrpcServerProtocolClient.java:99)
	at org.apache.ratis.grpc.server.GrpcService.requestVote(GrpcService.java:204)
	at org.apache.ratis.server.impl.LeaderElection.lambda$submitRequests$1(LeaderElection.java:234)
	at java.util.concurrent.FutureTask.run(FutureTask.java:266)
	at java.util.concurrent.Executors$RunnableAdapter.call(Executors.java:511)
	at java.util.concurrent.FutureTask.run(FutureTask.java:266)
	at java.util.concurrent.ThreadPoolExecutor.runWorker(ThreadPoolExecutor.java:1149)
	at java.util.concurrent.ThreadPoolExecutor$Worker.run(ThreadPoolExecutor.java:624)
	... 1 more
Caused by: org.apache.ratis.thirdparty.io.netty.channel.AbstractChannel$AnnotatedConnectException: Connection refused: /192.168.34.45:41890
	at sun.nio.ch.SocketChannelImpl.checkConnect(Native Method)
	at sun.nio.ch.SocketChannelImpl.finishConnect(SocketChannelImpl.java:717)
	at org.apache.ratis.thirdparty.io.netty.channel.socket.nio.NioSocketChannel.doFinishConnect(NioSocketChannel.java:327)
	at org.apache.ratis.thirdparty.io.netty.channel.nio.AbstractNioChannel$AbstractNioUnsafe.finishConnect(AbstractNioChannel.java:340)
	at org.apache.ratis.thirdparty.io.netty.channel.nio.NioEventLoop.processSelectedKey(NioEventLoop.java:632)
	at org.apache.ratis.thirdparty.io.netty.channel.nio.NioEventLoop.processSelectedKeysOptimized(NioEventLoop.java:579)
	at org.apache.ratis.thirdparty.io.netty.channel.nio.NioEventLoop.processSelectedKeys(NioEventLoop.java:496)
	at org.apache.ratis.thirdparty.io.netty.channel.nio.NioEventLoop.run(NioEventLoop.java:458)
	at org.apache.ratis.thirdparty.io.netty.util.concurrent.SingleThreadEventExecutor$5.run(SingleThreadEventExecutor.java:897)
	at org.apache.ratis.thirdparty.io.netty.util.concurrent.FastThreadLocalRunnable.run(FastThreadLocalRunnable.java:30)
	... 1 more
Caused by: java.net.ConnectException: Connection refused
	... 11 more
2019-11-13 04:07:03,244 [32d4d447-2d26-4c49-a5e1-cd2d67dbedad@group-038E72117229-LeaderElection75] INFO  impl.LeaderElection (LogUtils.java:infoOrTrace(149)) - 32d4d447-2d26-4c49-a5e1-cd2d67dbedad@group-038E72117229-LeaderElection75 got exception when requesting votes: {}
java.util.concurrent.ExecutionException: org.apache.ratis.thirdparty.io.grpc.StatusRuntimeException: UNAVAILABLE: io exception
	at java.util.concurrent.FutureTask.report(FutureTask.java:122)
	at java.util.concurrent.FutureTask.get(FutureTask.java:192)
	at org.apache.ratis.server.impl.LeaderElection.waitForResults(LeaderElection.java:259)
	at org.apache.ratis.server.impl.LeaderElection.askForVotes(LeaderElection.java:197)
	at org.apache.ratis.server.impl.LeaderElection.run(LeaderElection.java:133)
	at java.lang.Thread.run(Thread.java:748)
Caused by: org.apache.ratis.thirdparty.io.grpc.StatusRuntimeException: UNAVAILABLE: io exception
	at org.apache.ratis.thirdparty.io.grpc.stub.ClientCalls.toStatusRuntimeException(ClientCalls.java:233)
	at org.apache.ratis.thirdparty.io.grpc.stub.ClientCalls.getUnchecked(ClientCalls.java:214)
	at org.apache.ratis.thirdparty.io.grpc.stub.ClientCalls.blockingUnaryCall(ClientCalls.java:139)
	at org.apache.ratis.proto.grpc.RaftServerProtocolServiceGrpc$RaftServerProtocolServiceBlockingStub.requestVote(RaftServerProtocolServiceGrpc.java:265)
	at org.apache.ratis.grpc.server.GrpcServerProtocolClient.requestVote(GrpcServerProtocolClient.java:99)
	at org.apache.ratis.grpc.server.GrpcService.requestVote(GrpcService.java:204)
	at org.apache.ratis.server.impl.LeaderElection.lambda$submitRequests$1(LeaderElection.java:234)
	at java.util.concurrent.FutureTask.run(FutureTask.java:266)
	at java.util.concurrent.Executors$RunnableAdapter.call(Executors.java:511)
	at java.util.concurrent.FutureTask.run(FutureTask.java:266)
	at java.util.concurrent.ThreadPoolExecutor.runWorker(ThreadPoolExecutor.java:1149)
	at java.util.concurrent.ThreadPoolExecutor$Worker.run(ThreadPoolExecutor.java:624)
	... 1 more
Caused by: org.apache.ratis.thirdparty.io.netty.channel.AbstractChannel$AnnotatedConnectException: Connection refused: /192.168.34.45:41897
	at sun.nio.ch.SocketChannelImpl.checkConnect(Native Method)
	at sun.nio.ch.SocketChannelImpl.finishConnect(SocketChannelImpl.java:717)
	at org.apache.ratis.thirdparty.io.netty.channel.socket.nio.NioSocketChannel.doFinishConnect(NioSocketChannel.java:327)
	at org.apache.ratis.thirdparty.io.netty.channel.nio.AbstractNioChannel$AbstractNioUnsafe.finishConnect(AbstractNioChannel.java:340)
	at org.apache.ratis.thirdparty.io.netty.channel.nio.NioEventLoop.processSelectedKey(NioEventLoop.java:632)
	at org.apache.ratis.thirdparty.io.netty.channel.nio.NioEventLoop.processSelectedKeysOptimized(NioEventLoop.java:579)
	at org.apache.ratis.thirdparty.io.netty.channel.nio.NioEventLoop.processSelectedKeys(NioEventLoop.java:496)
	at org.apache.ratis.thirdparty.io.netty.channel.nio.NioEventLoop.run(NioEventLoop.java:458)
	at org.apache.ratis.thirdparty.io.netty.util.concurrent.SingleThreadEventExecutor$5.run(SingleThreadEventExecutor.java:897)
	at org.apache.ratis.thirdparty.io.netty.util.concurrent.FastThreadLocalRunnable.run(FastThreadLocalRunnable.java:30)
	... 1 more
Caused by: java.net.ConnectException: Connection refused
	... 11 more
2019-11-13 04:07:03,246 [32d4d447-2d26-4c49-a5e1-cd2d67dbedad@group-038E72117229-LeaderElection75] INFO  impl.LeaderElection (LeaderElection.java:logAndReturn(56)) - 32d4d447-2d26-4c49-a5e1-cd2d67dbedad@group-038E72117229-LeaderElection75: Election REJECTED; received 0 response(s) [] and 2 exception(s); 32d4d447-2d26-4c49-a5e1-cd2d67dbedad@group-038E72117229:t4, leader=null, voted=32d4d447-2d26-4c49-a5e1-cd2d67dbedad, raftlog=32d4d447-2d26-4c49-a5e1-cd2d67dbedad@group-038E72117229-SegmentedRaftLog:OPENED:c2,f2,i2, conf=1: [08597d3a-6b69-4d75-a39e-e4e8ac9edde4:192.168.34.45:41890, 32d4d447-2d26-4c49-a5e1-cd2d67dbedad:192.168.34.45:40211, 2f653e4e-b4ea-4463-ba35-13c58c0a0d31:192.168.34.45:41897], old=null
2019-11-13 04:07:03,246 [32d4d447-2d26-4c49-a5e1-cd2d67dbedad@group-038E72117229-LeaderElection75] INFO  impl.LeaderElection (LogUtils.java:infoOrTrace(149)) -   Exception 0: {}
java.util.concurrent.ExecutionException: org.apache.ratis.thirdparty.io.grpc.StatusRuntimeException: UNAVAILABLE: io exception
	at java.util.concurrent.FutureTask.report(FutureTask.java:122)
	at java.util.concurrent.FutureTask.get(FutureTask.java:192)
	at org.apache.ratis.server.impl.LeaderElection.waitForResults(LeaderElection.java:259)
	at org.apache.ratis.server.impl.LeaderElection.askForVotes(LeaderElection.java:197)
	at org.apache.ratis.server.impl.LeaderElection.run(LeaderElection.java:133)
	at java.lang.Thread.run(Thread.java:748)
Caused by: org.apache.ratis.thirdparty.io.grpc.StatusRuntimeException: UNAVAILABLE: io exception
	at org.apache.ratis.thirdparty.io.grpc.stub.ClientCalls.toStatusRuntimeException(ClientCalls.java:233)
	at org.apache.ratis.thirdparty.io.grpc.stub.ClientCalls.getUnchecked(ClientCalls.java:214)
	at org.apache.ratis.thirdparty.io.grpc.stub.ClientCalls.blockingUnaryCall(ClientCalls.java:139)
	at org.apache.ratis.proto.grpc.RaftServerProtocolServiceGrpc$RaftServerProtocolServiceBlockingStub.requestVote(RaftServerProtocolServiceGrpc.java:265)
	at org.apache.ratis.grpc.server.GrpcServerProtocolClient.requestVote(GrpcServerProtocolClient.java:99)
	at org.apache.ratis.grpc.server.GrpcService.requestVote(GrpcService.java:204)
	at org.apache.ratis.server.impl.LeaderElection.lambda$submitRequests$1(LeaderElection.java:234)
	at java.util.concurrent.FutureTask.run(FutureTask.java:266)
	at java.util.concurrent.Executors$RunnableAdapter.call(Executors.java:511)
	at java.util.concurrent.FutureTask.run(FutureTask.java:266)
	at java.util.concurrent.ThreadPoolExecutor.runWorker(ThreadPoolExecutor.java:1149)
	at java.util.concurrent.ThreadPoolExecutor$Worker.run(ThreadPoolExecutor.java:624)
	... 1 more
Caused by: org.apache.ratis.thirdparty.io.netty.channel.AbstractChannel$AnnotatedConnectException: Connection refused: /192.168.34.45:41890
	at sun.nio.ch.SocketChannelImpl.checkConnect(Native Method)
	at sun.nio.ch.SocketChannelImpl.finishConnect(SocketChannelImpl.java:717)
	at org.apache.ratis.thirdparty.io.netty.channel.socket.nio.NioSocketChannel.doFinishConnect(NioSocketChannel.java:327)
	at org.apache.ratis.thirdparty.io.netty.channel.nio.AbstractNioChannel$AbstractNioUnsafe.finishConnect(AbstractNioChannel.java:340)
	at org.apache.ratis.thirdparty.io.netty.channel.nio.NioEventLoop.processSelectedKey(NioEventLoop.java:632)
	at org.apache.ratis.thirdparty.io.netty.channel.nio.NioEventLoop.processSelectedKeysOptimized(NioEventLoop.java:579)
	at org.apache.ratis.thirdparty.io.netty.channel.nio.NioEventLoop.processSelectedKeys(NioEventLoop.java:496)
	at org.apache.ratis.thirdparty.io.netty.channel.nio.NioEventLoop.run(NioEventLoop.java:458)
	at org.apache.ratis.thirdparty.io.netty.util.concurrent.SingleThreadEventExecutor$5.run(SingleThreadEventExecutor.java:897)
	at org.apache.ratis.thirdparty.io.netty.util.concurrent.FastThreadLocalRunnable.run(FastThreadLocalRunnable.java:30)
	... 1 more
Caused by: java.net.ConnectException: Connection refused
	... 11 more
2019-11-13 04:07:03,246 [32d4d447-2d26-4c49-a5e1-cd2d67dbedad@group-038E72117229-LeaderElection75] INFO  impl.LeaderElection (LogUtils.java:infoOrTrace(149)) -   Exception 1: {}
java.util.concurrent.ExecutionException: org.apache.ratis.thirdparty.io.grpc.StatusRuntimeException: UNAVAILABLE: io exception
	at java.util.concurrent.FutureTask.report(FutureTask.java:122)
	at java.util.concurrent.FutureTask.get(FutureTask.java:192)
	at org.apache.ratis.server.impl.LeaderElection.waitForResults(LeaderElection.java:259)
	at org.apache.ratis.server.impl.LeaderElection.askForVotes(LeaderElection.java:197)
	at org.apache.ratis.server.impl.LeaderElection.run(LeaderElection.java:133)
	at java.lang.Thread.run(Thread.java:748)
Caused by: org.apache.ratis.thirdparty.io.grpc.StatusRuntimeException: UNAVAILABLE: io exception
	at org.apache.ratis.thirdparty.io.grpc.stub.ClientCalls.toStatusRuntimeException(ClientCalls.java:233)
	at org.apache.ratis.thirdparty.io.grpc.stub.ClientCalls.getUnchecked(ClientCalls.java:214)
	at org.apache.ratis.thirdparty.io.grpc.stub.ClientCalls.blockingUnaryCall(ClientCalls.java:139)
	at org.apache.ratis.proto.grpc.RaftServerProtocolServiceGrpc$RaftServerProtocolServiceBlockingStub.requestVote(RaftServerProtocolServiceGrpc.java:265)
	at org.apache.ratis.grpc.server.GrpcServerProtocolClient.requestVote(GrpcServerProtocolClient.java:99)
	at org.apache.ratis.grpc.server.GrpcService.requestVote(GrpcService.java:204)
	at org.apache.ratis.server.impl.LeaderElection.lambda$submitRequests$1(LeaderElection.java:234)
	at java.util.concurrent.FutureTask.run(FutureTask.java:266)
	at java.util.concurrent.Executors$RunnableAdapter.call(Executors.java:511)
	at java.util.concurrent.FutureTask.run(FutureTask.java:266)
	at java.util.concurrent.ThreadPoolExecutor.runWorker(ThreadPoolExecutor.java:1149)
	at java.util.concurrent.ThreadPoolExecutor$Worker.run(ThreadPoolExecutor.java:624)
	... 1 more
Caused by: org.apache.ratis.thirdparty.io.netty.channel.AbstractChannel$AnnotatedConnectException: Connection refused: /192.168.34.45:41897
	at sun.nio.ch.SocketChannelImpl.checkConnect(Native Method)
	at sun.nio.ch.SocketChannelImpl.finishConnect(SocketChannelImpl.java:717)
	at org.apache.ratis.thirdparty.io.netty.channel.socket.nio.NioSocketChannel.doFinishConnect(NioSocketChannel.java:327)
	at org.apache.ratis.thirdparty.io.netty.channel.nio.AbstractNioChannel$AbstractNioUnsafe.finishConnect(AbstractNioChannel.java:340)
	at org.apache.ratis.thirdparty.io.netty.channel.nio.NioEventLoop.processSelectedKey(NioEventLoop.java:632)
	at org.apache.ratis.thirdparty.io.netty.channel.nio.NioEventLoop.processSelectedKeysOptimized(NioEventLoop.java:579)
	at org.apache.ratis.thirdparty.io.netty.channel.nio.NioEventLoop.processSelectedKeys(NioEventLoop.java:496)
	at org.apache.ratis.thirdparty.io.netty.channel.nio.NioEventLoop.run(NioEventLoop.java:458)
	at org.apache.ratis.thirdparty.io.netty.util.concurrent.SingleThreadEventExecutor$5.run(SingleThreadEventExecutor.java:897)
	at org.apache.ratis.thirdparty.io.netty.util.concurrent.FastThreadLocalRunnable.run(FastThreadLocalRunnable.java:30)
	... 1 more
Caused by: java.net.ConnectException: Connection refused
	... 11 more
2019-11-13 04:07:03,246 [32d4d447-2d26-4c49-a5e1-cd2d67dbedad@group-038E72117229-LeaderElection75] INFO  impl.RaftServerImpl (RaftServerImpl.java:setRole(173)) - 32d4d447-2d26-4c49-a5e1-cd2d67dbedad@group-038E72117229: changes role from CANDIDATE to FOLLOWER at term 4 for DISCOVERED_A_NEW_TERM
2019-11-13 04:07:03,246 [32d4d447-2d26-4c49-a5e1-cd2d67dbedad@group-038E72117229-LeaderElection75] INFO  impl.RoleInfo (RoleInfo.java:shutdownLeaderElection(134)) - 32d4d447-2d26-4c49-a5e1-cd2d67dbedad: shutdown LeaderElection
2019-11-13 04:07:03,246 [32d4d447-2d26-4c49-a5e1-cd2d67dbedad@group-038E72117229-LeaderElection75] INFO  impl.RoleInfo (RoleInfo.java:updateAndGet(143)) - 32d4d447-2d26-4c49-a5e1-cd2d67dbedad: start FollowerState
2019-11-13 04:07:03,862 [Thread-1873] INFO  impl.FollowerState (FollowerState.java:run(111)) - 50248509-472f-4b93-9431-0a6e6bd3eac0@group-609D232F86F7-FollowerState: change to CANDIDATE, lastRpcTime:1189ms, electionTimeout:1189ms
2019-11-13 04:07:03,863 [Thread-1873] INFO  impl.RoleInfo (RoleInfo.java:shutdownFollowerState(121)) - 50248509-472f-4b93-9431-0a6e6bd3eac0: shutdown FollowerState
2019-11-13 04:07:03,863 [Thread-1873] INFO  impl.RaftServerImpl (RaftServerImpl.java:setRole(173)) - 50248509-472f-4b93-9431-0a6e6bd3eac0@group-609D232F86F7: changes role from  FOLLOWER to CANDIDATE at term 4 for changeToCandidate
2019-11-13 04:07:03,863 [Thread-1873] INFO  impl.RoleInfo (RoleInfo.java:updateAndGet(143)) - 50248509-472f-4b93-9431-0a6e6bd3eac0: start LeaderElection
2019-11-13 04:07:03,880 [50248509-472f-4b93-9431-0a6e6bd3eac0@group-609D232F86F7-LeaderElection76] INFO  impl.LeaderElection (LeaderElection.java:askForVotes(178)) - 50248509-472f-4b93-9431-0a6e6bd3eac0@group-609D232F86F7-LeaderElection76: begin an election at term 5 for 1: [0cea8a44-7441-4692-92a5-de212c14b418:192.168.34.45:44463, 50248509-472f-4b93-9431-0a6e6bd3eac0:192.168.34.45:43078, 64d096e6-e0ae-4a1d-97a3-03513c91a164:192.168.34.45:39823], old=null
2019-11-13 04:07:03,883 [50248509-472f-4b93-9431-0a6e6bd3eac0@group-609D232F86F7-LeaderElection76] INFO  impl.LeaderElection (LogUtils.java:infoOrTrace(149)) - 50248509-472f-4b93-9431-0a6e6bd3eac0@group-609D232F86F7-LeaderElection76 got exception when requesting votes: {}
java.util.concurrent.ExecutionException: org.apache.ratis.thirdparty.io.grpc.StatusRuntimeException: UNAVAILABLE: io exception
	at java.util.concurrent.FutureTask.report(FutureTask.java:122)
	at java.util.concurrent.FutureTask.get(FutureTask.java:192)
	at org.apache.ratis.server.impl.LeaderElection.waitForResults(LeaderElection.java:259)
	at org.apache.ratis.server.impl.LeaderElection.askForVotes(LeaderElection.java:197)
	at org.apache.ratis.server.impl.LeaderElection.run(LeaderElection.java:133)
	at java.lang.Thread.run(Thread.java:748)
Caused by: org.apache.ratis.thirdparty.io.grpc.StatusRuntimeException: UNAVAILABLE: io exception
	at org.apache.ratis.thirdparty.io.grpc.stub.ClientCalls.toStatusRuntimeException(ClientCalls.java:233)
	at org.apache.ratis.thirdparty.io.grpc.stub.ClientCalls.getUnchecked(ClientCalls.java:214)
	at org.apache.ratis.thirdparty.io.grpc.stub.ClientCalls.blockingUnaryCall(ClientCalls.java:139)
	at org.apache.ratis.proto.grpc.RaftServerProtocolServiceGrpc$RaftServerProtocolServiceBlockingStub.requestVote(RaftServerProtocolServiceGrpc.java:265)
	at org.apache.ratis.grpc.server.GrpcServerProtocolClient.requestVote(GrpcServerProtocolClient.java:99)
	at org.apache.ratis.grpc.server.GrpcService.requestVote(GrpcService.java:204)
	at org.apache.ratis.server.impl.LeaderElection.lambda$submitRequests$1(LeaderElection.java:234)
	at java.util.concurrent.FutureTask.run(FutureTask.java:266)
	at java.util.concurrent.Executors$RunnableAdapter.call(Executors.java:511)
	at java.util.concurrent.FutureTask.run(FutureTask.java:266)
	at java.util.concurrent.ThreadPoolExecutor.runWorker(ThreadPoolExecutor.java:1149)
	at java.util.concurrent.ThreadPoolExecutor$Worker.run(ThreadPoolExecutor.java:624)
	... 1 more
Caused by: org.apache.ratis.thirdparty.io.netty.channel.AbstractChannel$AnnotatedConnectException: Connection refused: /192.168.34.45:44463
	at sun.nio.ch.SocketChannelImpl.checkConnect(Native Method)
	at sun.nio.ch.SocketChannelImpl.finishConnect(SocketChannelImpl.java:717)
	at org.apache.ratis.thirdparty.io.netty.channel.socket.nio.NioSocketChannel.doFinishConnect(NioSocketChannel.java:327)
	at org.apache.ratis.thirdparty.io.netty.channel.nio.AbstractNioChannel$AbstractNioUnsafe.finishConnect(AbstractNioChannel.java:340)
	at org.apache.ratis.thirdparty.io.netty.channel.nio.NioEventLoop.processSelectedKey(NioEventLoop.java:632)
	at org.apache.ratis.thirdparty.io.netty.channel.nio.NioEventLoop.processSelectedKeysOptimized(NioEventLoop.java:579)
	at org.apache.ratis.thirdparty.io.netty.channel.nio.NioEventLoop.processSelectedKeys(NioEventLoop.java:496)
	at org.apache.ratis.thirdparty.io.netty.channel.nio.NioEventLoop.run(NioEventLoop.java:458)
	at org.apache.ratis.thirdparty.io.netty.util.concurrent.SingleThreadEventExecutor$5.run(SingleThreadEventExecutor.java:897)
	at org.apache.ratis.thirdparty.io.netty.util.concurrent.FastThreadLocalRunnable.run(FastThreadLocalRunnable.java:30)
	... 1 more
Caused by: java.net.ConnectException: Connection refused
	... 11 more
2019-11-13 04:07:03,888 [50248509-472f-4b93-9431-0a6e6bd3eac0@group-609D232F86F7-LeaderElection76] INFO  impl.LeaderElection (LogUtils.java:infoOrTrace(149)) - 50248509-472f-4b93-9431-0a6e6bd3eac0@group-609D232F86F7-LeaderElection76 got exception when requesting votes: {}
java.util.concurrent.ExecutionException: org.apache.ratis.thirdparty.io.grpc.StatusRuntimeException: UNAVAILABLE: io exception
	at java.util.concurrent.FutureTask.report(FutureTask.java:122)
	at java.util.concurrent.FutureTask.get(FutureTask.java:192)
	at org.apache.ratis.server.impl.LeaderElection.waitForResults(LeaderElection.java:259)
	at org.apache.ratis.server.impl.LeaderElection.askForVotes(LeaderElection.java:197)
	at org.apache.ratis.server.impl.LeaderElection.run(LeaderElection.java:133)
	at java.lang.Thread.run(Thread.java:748)
Caused by: org.apache.ratis.thirdparty.io.grpc.StatusRuntimeException: UNAVAILABLE: io exception
	at org.apache.ratis.thirdparty.io.grpc.stub.ClientCalls.toStatusRuntimeException(ClientCalls.java:233)
	at org.apache.ratis.thirdparty.io.grpc.stub.ClientCalls.getUnchecked(ClientCalls.java:214)
	at org.apache.ratis.thirdparty.io.grpc.stub.ClientCalls.blockingUnaryCall(ClientCalls.java:139)
	at org.apache.ratis.proto.grpc.RaftServerProtocolServiceGrpc$RaftServerProtocolServiceBlockingStub.requestVote(RaftServerProtocolServiceGrpc.java:265)
	at org.apache.ratis.grpc.server.GrpcServerProtocolClient.requestVote(GrpcServerProtocolClient.java:99)
	at org.apache.ratis.grpc.server.GrpcService.requestVote(GrpcService.java:204)
	at org.apache.ratis.server.impl.LeaderElection.lambda$submitRequests$1(LeaderElection.java:234)
	at java.util.concurrent.FutureTask.run(FutureTask.java:266)
	at java.util.concurrent.Executors$RunnableAdapter.call(Executors.java:511)
	at java.util.concurrent.FutureTask.run(FutureTask.java:266)
	at java.util.concurrent.ThreadPoolExecutor.runWorker(ThreadPoolExecutor.java:1149)
	at java.util.concurrent.ThreadPoolExecutor$Worker.run(ThreadPoolExecutor.java:624)
	... 1 more
Caused by: org.apache.ratis.thirdparty.io.netty.channel.AbstractChannel$AnnotatedConnectException: Connection refused: /192.168.34.45:39823
	at sun.nio.ch.SocketChannelImpl.checkConnect(Native Method)
	at sun.nio.ch.SocketChannelImpl.finishConnect(SocketChannelImpl.java:717)
	at org.apache.ratis.thirdparty.io.netty.channel.socket.nio.NioSocketChannel.doFinishConnect(NioSocketChannel.java:327)
	at org.apache.ratis.thirdparty.io.netty.channel.nio.AbstractNioChannel$AbstractNioUnsafe.finishConnect(AbstractNioChannel.java:340)
	at org.apache.ratis.thirdparty.io.netty.channel.nio.NioEventLoop.processSelectedKey(NioEventLoop.java:632)
	at org.apache.ratis.thirdparty.io.netty.channel.nio.NioEventLoop.processSelectedKeysOptimized(NioEventLoop.java:579)
	at org.apache.ratis.thirdparty.io.netty.channel.nio.NioEventLoop.processSelectedKeys(NioEventLoop.java:496)
	at org.apache.ratis.thirdparty.io.netty.channel.nio.NioEventLoop.run(NioEventLoop.java:458)
	at org.apache.ratis.thirdparty.io.netty.util.concurrent.SingleThreadEventExecutor$5.run(SingleThreadEventExecutor.java:897)
	at org.apache.ratis.thirdparty.io.netty.util.concurrent.FastThreadLocalRunnable.run(FastThreadLocalRunnable.java:30)
	... 1 more
Caused by: java.net.ConnectException: Connection refused
	... 11 more
2019-11-13 04:07:03,890 [50248509-472f-4b93-9431-0a6e6bd3eac0@group-609D232F86F7-LeaderElection76] INFO  impl.LeaderElection (LeaderElection.java:logAndReturn(56)) - 50248509-472f-4b93-9431-0a6e6bd3eac0@group-609D232F86F7-LeaderElection76: Election REJECTED; received 0 response(s) [] and 2 exception(s); 50248509-472f-4b93-9431-0a6e6bd3eac0@group-609D232F86F7:t5, leader=null, voted=50248509-472f-4b93-9431-0a6e6bd3eac0, raftlog=50248509-472f-4b93-9431-0a6e6bd3eac0@group-609D232F86F7-SegmentedRaftLog:OPENED:c2,f2,i2, conf=1: [0cea8a44-7441-4692-92a5-de212c14b418:192.168.34.45:44463, 50248509-472f-4b93-9431-0a6e6bd3eac0:192.168.34.45:43078, 64d096e6-e0ae-4a1d-97a3-03513c91a164:192.168.34.45:39823], old=null
2019-11-13 04:07:03,890 [50248509-472f-4b93-9431-0a6e6bd3eac0@group-609D232F86F7-LeaderElection76] INFO  impl.LeaderElection (LogUtils.java:infoOrTrace(149)) -   Exception 0: {}
java.util.concurrent.ExecutionException: org.apache.ratis.thirdparty.io.grpc.StatusRuntimeException: UNAVAILABLE: io exception
	at java.util.concurrent.FutureTask.report(FutureTask.java:122)
	at java.util.concurrent.FutureTask.get(FutureTask.java:192)
	at org.apache.ratis.server.impl.LeaderElection.waitForResults(LeaderElection.java:259)
	at org.apache.ratis.server.impl.LeaderElection.askForVotes(LeaderElection.java:197)
	at org.apache.ratis.server.impl.LeaderElection.run(LeaderElection.java:133)
	at java.lang.Thread.run(Thread.java:748)
Caused by: org.apache.ratis.thirdparty.io.grpc.StatusRuntimeException: UNAVAILABLE: io exception
	at org.apache.ratis.thirdparty.io.grpc.stub.ClientCalls.toStatusRuntimeException(ClientCalls.java:233)
	at org.apache.ratis.thirdparty.io.grpc.stub.ClientCalls.getUnchecked(ClientCalls.java:214)
	at org.apache.ratis.thirdparty.io.grpc.stub.ClientCalls.blockingUnaryCall(ClientCalls.java:139)
	at org.apache.ratis.proto.grpc.RaftServerProtocolServiceGrpc$RaftServerProtocolServiceBlockingStub.requestVote(RaftServerProtocolServiceGrpc.java:265)
	at org.apache.ratis.grpc.server.GrpcServerProtocolClient.requestVote(GrpcServerProtocolClient.java:99)
	at org.apache.ratis.grpc.server.GrpcService.requestVote(GrpcService.java:204)
	at org.apache.ratis.server.impl.LeaderElection.lambda$submitRequests$1(LeaderElection.java:234)
	at java.util.concurrent.FutureTask.run(FutureTask.java:266)
	at java.util.concurrent.Executors$RunnableAdapter.call(Executors.java:511)
	at java.util.concurrent.FutureTask.run(FutureTask.java:266)
	at java.util.concurrent.ThreadPoolExecutor.runWorker(ThreadPoolExecutor.java:1149)
	at java.util.concurrent.ThreadPoolExecutor$Worker.run(ThreadPoolExecutor.java:624)
	... 1 more
Caused by: org.apache.ratis.thirdparty.io.netty.channel.AbstractChannel$AnnotatedConnectException: Connection refused: /192.168.34.45:44463
	at sun.nio.ch.SocketChannelImpl.checkConnect(Native Method)
	at sun.nio.ch.SocketChannelImpl.finishConnect(SocketChannelImpl.java:717)
	at org.apache.ratis.thirdparty.io.netty.channel.socket.nio.NioSocketChannel.doFinishConnect(NioSocketChannel.java:327)
	at org.apache.ratis.thirdparty.io.netty.channel.nio.AbstractNioChannel$AbstractNioUnsafe.finishConnect(AbstractNioChannel.java:340)
	at org.apache.ratis.thirdparty.io.netty.channel.nio.NioEventLoop.processSelectedKey(NioEventLoop.java:632)
	at org.apache.ratis.thirdparty.io.netty.channel.nio.NioEventLoop.processSelectedKeysOptimized(NioEventLoop.java:579)
	at org.apache.ratis.thirdparty.io.netty.channel.nio.NioEventLoop.processSelectedKeys(NioEventLoop.java:496)
	at org.apache.ratis.thirdparty.io.netty.channel.nio.NioEventLoop.run(NioEventLoop.java:458)
	at org.apache.ratis.thirdparty.io.netty.util.concurrent.SingleThreadEventExecutor$5.run(SingleThreadEventExecutor.java:897)
	at org.apache.ratis.thirdparty.io.netty.util.concurrent.FastThreadLocalRunnable.run(FastThreadLocalRunnable.java:30)
	... 1 more
Caused by: java.net.ConnectException: Connection refused
	... 11 more
2019-11-13 04:07:03,890 [50248509-472f-4b93-9431-0a6e6bd3eac0@group-609D232F86F7-LeaderElection76] INFO  impl.LeaderElection (LogUtils.java:infoOrTrace(149)) -   Exception 1: {}
java.util.concurrent.ExecutionException: org.apache.ratis.thirdparty.io.grpc.StatusRuntimeException: UNAVAILABLE: io exception
	at java.util.concurrent.FutureTask.report(FutureTask.java:122)
	at java.util.concurrent.FutureTask.get(FutureTask.java:192)
	at org.apache.ratis.server.impl.LeaderElection.waitForResults(LeaderElection.java:259)
	at org.apache.ratis.server.impl.LeaderElection.askForVotes(LeaderElection.java:197)
	at org.apache.ratis.server.impl.LeaderElection.run(LeaderElection.java:133)
	at java.lang.Thread.run(Thread.java:748)
Caused by: org.apache.ratis.thirdparty.io.grpc.StatusRuntimeException: UNAVAILABLE: io exception
	at org.apache.ratis.thirdparty.io.grpc.stub.ClientCalls.toStatusRuntimeException(ClientCalls.java:233)
	at org.apache.ratis.thirdparty.io.grpc.stub.ClientCalls.getUnchecked(ClientCalls.java:214)
	at org.apache.ratis.thirdparty.io.grpc.stub.ClientCalls.blockingUnaryCall(ClientCalls.java:139)
	at org.apache.ratis.proto.grpc.RaftServerProtocolServiceGrpc$RaftServerProtocolServiceBlockingStub.requestVote(RaftServerProtocolServiceGrpc.java:265)
	at org.apache.ratis.grpc.server.GrpcServerProtocolClient.requestVote(GrpcServerProtocolClient.java:99)
	at org.apache.ratis.grpc.server.GrpcService.requestVote(GrpcService.java:204)
	at org.apache.ratis.server.impl.LeaderElection.lambda$submitRequests$1(LeaderElection.java:234)
	at java.util.concurrent.FutureTask.run(FutureTask.java:266)
	at java.util.concurrent.Executors$RunnableAdapter.call(Executors.java:511)
	at java.util.concurrent.FutureTask.run(FutureTask.java:266)
	at java.util.concurrent.ThreadPoolExecutor.runWorker(ThreadPoolExecutor.java:1149)
	at java.util.concurrent.ThreadPoolExecutor$Worker.run(ThreadPoolExecutor.java:624)
	... 1 more
Caused by: org.apache.ratis.thirdparty.io.netty.channel.AbstractChannel$AnnotatedConnectException: Connection refused: /192.168.34.45:39823
	at sun.nio.ch.SocketChannelImpl.checkConnect(Native Method)
	at sun.nio.ch.SocketChannelImpl.finishConnect(SocketChannelImpl.java:717)
	at org.apache.ratis.thirdparty.io.netty.channel.socket.nio.NioSocketChannel.doFinishConnect(NioSocketChannel.java:327)
	at org.apache.ratis.thirdparty.io.netty.channel.nio.AbstractNioChannel$AbstractNioUnsafe.finishConnect(AbstractNioChannel.java:340)
	at org.apache.ratis.thirdparty.io.netty.channel.nio.NioEventLoop.processSelectedKey(NioEventLoop.java:632)
	at org.apache.ratis.thirdparty.io.netty.channel.nio.NioEventLoop.processSelectedKeysOptimized(NioEventLoop.java:579)
	at org.apache.ratis.thirdparty.io.netty.channel.nio.NioEventLoop.processSelectedKeys(NioEventLoop.java:496)
	at org.apache.ratis.thirdparty.io.netty.channel.nio.NioEventLoop.run(NioEventLoop.java:458)
	at org.apache.ratis.thirdparty.io.netty.util.concurrent.SingleThreadEventExecutor$5.run(SingleThreadEventExecutor.java:897)
	at org.apache.ratis.thirdparty.io.netty.util.concurrent.FastThreadLocalRunnable.run(FastThreadLocalRunnable.java:30)
	... 1 more
Caused by: java.net.ConnectException: Connection refused
	... 11 more
2019-11-13 04:07:03,890 [50248509-472f-4b93-9431-0a6e6bd3eac0@group-609D232F86F7-LeaderElection76] INFO  impl.RaftServerImpl (RaftServerImpl.java:setRole(173)) - 50248509-472f-4b93-9431-0a6e6bd3eac0@group-609D232F86F7: changes role from CANDIDATE to FOLLOWER at term 5 for DISCOVERED_A_NEW_TERM
2019-11-13 04:07:03,890 [50248509-472f-4b93-9431-0a6e6bd3eac0@group-609D232F86F7-LeaderElection76] INFO  impl.RoleInfo (RoleInfo.java:shutdownLeaderElection(134)) - 50248509-472f-4b93-9431-0a6e6bd3eac0: shutdown LeaderElection
2019-11-13 04:07:03,891 [50248509-472f-4b93-9431-0a6e6bd3eac0@group-609D232F86F7-LeaderElection76] INFO  impl.RoleInfo (RoleInfo.java:updateAndGet(143)) - 50248509-472f-4b93-9431-0a6e6bd3eac0: start FollowerState
2019-11-13 04:07:04,428 [Thread-1877] INFO  impl.FollowerState (FollowerState.java:run(111)) - 32d4d447-2d26-4c49-a5e1-cd2d67dbedad@group-038E72117229-FollowerState: change to CANDIDATE, lastRpcTime:1181ms, electionTimeout:1181ms
2019-11-13 04:07:04,428 [Thread-1877] INFO  impl.RoleInfo (RoleInfo.java:shutdownFollowerState(121)) - 32d4d447-2d26-4c49-a5e1-cd2d67dbedad: shutdown FollowerState
2019-11-13 04:07:04,428 [Thread-1877] INFO  impl.RaftServerImpl (RaftServerImpl.java:setRole(173)) - 32d4d447-2d26-4c49-a5e1-cd2d67dbedad@group-038E72117229: changes role from  FOLLOWER to CANDIDATE at term 4 for changeToCandidate
2019-11-13 04:07:04,428 [Thread-1877] INFO  impl.RoleInfo (RoleInfo.java:updateAndGet(143)) - 32d4d447-2d26-4c49-a5e1-cd2d67dbedad: start LeaderElection
2019-11-13 04:07:04,442 [32d4d447-2d26-4c49-a5e1-cd2d67dbedad@group-038E72117229-LeaderElection77] INFO  impl.LeaderElection (LeaderElection.java:askForVotes(178)) - 32d4d447-2d26-4c49-a5e1-cd2d67dbedad@group-038E72117229-LeaderElection77: begin an election at term 5 for 1: [08597d3a-6b69-4d75-a39e-e4e8ac9edde4:192.168.34.45:41890, 32d4d447-2d26-4c49-a5e1-cd2d67dbedad:192.168.34.45:40211, 2f653e4e-b4ea-4463-ba35-13c58c0a0d31:192.168.34.45:41897], old=null
2019-11-13 04:07:04,444 [32d4d447-2d26-4c49-a5e1-cd2d67dbedad@group-038E72117229-LeaderElection77] INFO  impl.LeaderElection (LogUtils.java:infoOrTrace(149)) - 32d4d447-2d26-4c49-a5e1-cd2d67dbedad@group-038E72117229-LeaderElection77 got exception when requesting votes: {}
java.util.concurrent.ExecutionException: org.apache.ratis.thirdparty.io.grpc.StatusRuntimeException: UNAVAILABLE: io exception
	at java.util.concurrent.FutureTask.report(FutureTask.java:122)
	at java.util.concurrent.FutureTask.get(FutureTask.java:192)
	at org.apache.ratis.server.impl.LeaderElection.waitForResults(LeaderElection.java:259)
	at org.apache.ratis.server.impl.LeaderElection.askForVotes(LeaderElection.java:197)
	at org.apache.ratis.server.impl.LeaderElection.run(LeaderElection.java:133)
	at java.lang.Thread.run(Thread.java:748)
Caused by: org.apache.ratis.thirdparty.io.grpc.StatusRuntimeException: UNAVAILABLE: io exception
	at org.apache.ratis.thirdparty.io.grpc.stub.ClientCalls.toStatusRuntimeException(ClientCalls.java:233)
	at org.apache.ratis.thirdparty.io.grpc.stub.ClientCalls.getUnchecked(ClientCalls.java:214)
	at org.apache.ratis.thirdparty.io.grpc.stub.ClientCalls.blockingUnaryCall(ClientCalls.java:139)
	at org.apache.ratis.proto.grpc.RaftServerProtocolServiceGrpc$RaftServerProtocolServiceBlockingStub.requestVote(RaftServerProtocolServiceGrpc.java:265)
	at org.apache.ratis.grpc.server.GrpcServerProtocolClient.requestVote(GrpcServerProtocolClient.java:99)
	at org.apache.ratis.grpc.server.GrpcService.requestVote(GrpcService.java:204)
	at org.apache.ratis.server.impl.LeaderElection.lambda$submitRequests$1(LeaderElection.java:234)
	at java.util.concurrent.FutureTask.run(FutureTask.java:266)
	at java.util.concurrent.Executors$RunnableAdapter.call(Executors.java:511)
	at java.util.concurrent.FutureTask.run(FutureTask.java:266)
	at java.util.concurrent.ThreadPoolExecutor.runWorker(ThreadPoolExecutor.java:1149)
	at java.util.concurrent.ThreadPoolExecutor$Worker.run(ThreadPoolExecutor.java:624)
	... 1 more
Caused by: org.apache.ratis.thirdparty.io.netty.channel.AbstractChannel$AnnotatedConnectException: Connection refused: /192.168.34.45:41890
	at sun.nio.ch.SocketChannelImpl.checkConnect(Native Method)
	at sun.nio.ch.SocketChannelImpl.finishConnect(SocketChannelImpl.java:717)
	at org.apache.ratis.thirdparty.io.netty.channel.socket.nio.NioSocketChannel.doFinishConnect(NioSocketChannel.java:327)
	at org.apache.ratis.thirdparty.io.netty.channel.nio.AbstractNioChannel$AbstractNioUnsafe.finishConnect(AbstractNioChannel.java:340)
	at org.apache.ratis.thirdparty.io.netty.channel.nio.NioEventLoop.processSelectedKey(NioEventLoop.java:632)
	at org.apache.ratis.thirdparty.io.netty.channel.nio.NioEventLoop.processSelectedKeysOptimized(NioEventLoop.java:579)
	at org.apache.ratis.thirdparty.io.netty.channel.nio.NioEventLoop.processSelectedKeys(NioEventLoop.java:496)
	at org.apache.ratis.thirdparty.io.netty.channel.nio.NioEventLoop.run(NioEventLoop.java:458)
	at org.apache.ratis.thirdparty.io.netty.util.concurrent.SingleThreadEventExecutor$5.run(SingleThreadEventExecutor.java:897)
	at org.apache.ratis.thirdparty.io.netty.util.concurrent.FastThreadLocalRunnable.run(FastThreadLocalRunnable.java:30)
	... 1 more
Caused by: java.net.ConnectException: Connection refused
	... 11 more
2019-11-13 04:07:04,446 [32d4d447-2d26-4c49-a5e1-cd2d67dbedad@group-038E72117229-LeaderElection77] INFO  impl.LeaderElection (LogUtils.java:infoOrTrace(149)) - 32d4d447-2d26-4c49-a5e1-cd2d67dbedad@group-038E72117229-LeaderElection77 got exception when requesting votes: {}
java.util.concurrent.ExecutionException: org.apache.ratis.thirdparty.io.grpc.StatusRuntimeException: UNAVAILABLE: io exception
	at java.util.concurrent.FutureTask.report(FutureTask.java:122)
	at java.util.concurrent.FutureTask.get(FutureTask.java:192)
	at org.apache.ratis.server.impl.LeaderElection.waitForResults(LeaderElection.java:259)
	at org.apache.ratis.server.impl.LeaderElection.askForVotes(LeaderElection.java:197)
	at org.apache.ratis.server.impl.LeaderElection.run(LeaderElection.java:133)
	at java.lang.Thread.run(Thread.java:748)
Caused by: org.apache.ratis.thirdparty.io.grpc.StatusRuntimeException: UNAVAILABLE: io exception
	at org.apache.ratis.thirdparty.io.grpc.stub.ClientCalls.toStatusRuntimeException(ClientCalls.java:233)
	at org.apache.ratis.thirdparty.io.grpc.stub.ClientCalls.getUnchecked(ClientCalls.java:214)
	at org.apache.ratis.thirdparty.io.grpc.stub.ClientCalls.blockingUnaryCall(ClientCalls.java:139)
	at org.apache.ratis.proto.grpc.RaftServerProtocolServiceGrpc$RaftServerProtocolServiceBlockingStub.requestVote(RaftServerProtocolServiceGrpc.java:265)
	at org.apache.ratis.grpc.server.GrpcServerProtocolClient.requestVote(GrpcServerProtocolClient.java:99)
	at org.apache.ratis.grpc.server.GrpcService.requestVote(GrpcService.java:204)
	at org.apache.ratis.server.impl.LeaderElection.lambda$submitRequests$1(LeaderElection.java:234)
	at java.util.concurrent.FutureTask.run(FutureTask.java:266)
	at java.util.concurrent.Executors$RunnableAdapter.call(Executors.java:511)
	at java.util.concurrent.FutureTask.run(FutureTask.java:266)
	at java.util.concurrent.ThreadPoolExecutor.runWorker(ThreadPoolExecutor.java:1149)
	at java.util.concurrent.ThreadPoolExecutor$Worker.run(ThreadPoolExecutor.java:624)
	... 1 more
Caused by: org.apache.ratis.thirdparty.io.netty.channel.AbstractChannel$AnnotatedConnectException: Connection refused: /192.168.34.45:41897
	at sun.nio.ch.SocketChannelImpl.checkConnect(Native Method)
	at sun.nio.ch.SocketChannelImpl.finishConnect(SocketChannelImpl.java:717)
	at org.apache.ratis.thirdparty.io.netty.channel.socket.nio.NioSocketChannel.doFinishConnect(NioSocketChannel.java:327)
	at org.apache.ratis.thirdparty.io.netty.channel.nio.AbstractNioChannel$AbstractNioUnsafe.finishConnect(AbstractNioChannel.java:340)
	at org.apache.ratis.thirdparty.io.netty.channel.nio.NioEventLoop.processSelectedKey(NioEventLoop.java:632)
	at org.apache.ratis.thirdparty.io.netty.channel.nio.NioEventLoop.processSelectedKeysOptimized(NioEventLoop.java:579)
	at org.apache.ratis.thirdparty.io.netty.channel.nio.NioEventLoop.processSelectedKeys(NioEventLoop.java:496)
	at org.apache.ratis.thirdparty.io.netty.channel.nio.NioEventLoop.run(NioEventLoop.java:458)
	at org.apache.ratis.thirdparty.io.netty.util.concurrent.SingleThreadEventExecutor$5.run(SingleThreadEventExecutor.java:897)
	at org.apache.ratis.thirdparty.io.netty.util.concurrent.FastThreadLocalRunnable.run(FastThreadLocalRunnable.java:30)
	... 1 more
Caused by: java.net.ConnectException: Connection refused
	... 11 more
2019-11-13 04:07:04,447 [32d4d447-2d26-4c49-a5e1-cd2d67dbedad@group-038E72117229-LeaderElection77] INFO  impl.LeaderElection (LeaderElection.java:logAndReturn(56)) - 32d4d447-2d26-4c49-a5e1-cd2d67dbedad@group-038E72117229-LeaderElection77: Election REJECTED; received 0 response(s) [] and 2 exception(s); 32d4d447-2d26-4c49-a5e1-cd2d67dbedad@group-038E72117229:t5, leader=null, voted=32d4d447-2d26-4c49-a5e1-cd2d67dbedad, raftlog=32d4d447-2d26-4c49-a5e1-cd2d67dbedad@group-038E72117229-SegmentedRaftLog:OPENED:c2,f2,i2, conf=1: [08597d3a-6b69-4d75-a39e-e4e8ac9edde4:192.168.34.45:41890, 32d4d447-2d26-4c49-a5e1-cd2d67dbedad:192.168.34.45:40211, 2f653e4e-b4ea-4463-ba35-13c58c0a0d31:192.168.34.45:41897], old=null
2019-11-13 04:07:04,447 [32d4d447-2d26-4c49-a5e1-cd2d67dbedad@group-038E72117229-LeaderElection77] INFO  impl.LeaderElection (LogUtils.java:infoOrTrace(149)) -   Exception 0: {}
java.util.concurrent.ExecutionException: org.apache.ratis.thirdparty.io.grpc.StatusRuntimeException: UNAVAILABLE: io exception
	at java.util.concurrent.FutureTask.report(FutureTask.java:122)
	at java.util.concurrent.FutureTask.get(FutureTask.java:192)
	at org.apache.ratis.server.impl.LeaderElection.waitForResults(LeaderElection.java:259)
	at org.apache.ratis.server.impl.LeaderElection.askForVotes(LeaderElection.java:197)
	at org.apache.ratis.server.impl.LeaderElection.run(LeaderElection.java:133)
	at java.lang.Thread.run(Thread.java:748)
Caused by: org.apache.ratis.thirdparty.io.grpc.StatusRuntimeException: UNAVAILABLE: io exception
	at org.apache.ratis.thirdparty.io.grpc.stub.ClientCalls.toStatusRuntimeException(ClientCalls.java:233)
	at org.apache.ratis.thirdparty.io.grpc.stub.ClientCalls.getUnchecked(ClientCalls.java:214)
	at org.apache.ratis.thirdparty.io.grpc.stub.ClientCalls.blockingUnaryCall(ClientCalls.java:139)
	at org.apache.ratis.proto.grpc.RaftServerProtocolServiceGrpc$RaftServerProtocolServiceBlockingStub.requestVote(RaftServerProtocolServiceGrpc.java:265)
	at org.apache.ratis.grpc.server.GrpcServerProtocolClient.requestVote(GrpcServerProtocolClient.java:99)
	at org.apache.ratis.grpc.server.GrpcService.requestVote(GrpcService.java:204)
	at org.apache.ratis.server.impl.LeaderElection.lambda$submitRequests$1(LeaderElection.java:234)
	at java.util.concurrent.FutureTask.run(FutureTask.java:266)
	at java.util.concurrent.Executors$RunnableAdapter.call(Executors.java:511)
	at java.util.concurrent.FutureTask.run(FutureTask.java:266)
	at java.util.concurrent.ThreadPoolExecutor.runWorker(ThreadPoolExecutor.java:1149)
	at java.util.concurrent.ThreadPoolExecutor$Worker.run(ThreadPoolExecutor.java:624)
	... 1 more
Caused by: org.apache.ratis.thirdparty.io.netty.channel.AbstractChannel$AnnotatedConnectException: Connection refused: /192.168.34.45:41890
	at sun.nio.ch.SocketChannelImpl.checkConnect(Native Method)
	at sun.nio.ch.SocketChannelImpl.finishConnect(SocketChannelImpl.java:717)
	at org.apache.ratis.thirdparty.io.netty.channel.socket.nio.NioSocketChannel.doFinishConnect(NioSocketChannel.java:327)
	at org.apache.ratis.thirdparty.io.netty.channel.nio.AbstractNioChannel$AbstractNioUnsafe.finishConnect(AbstractNioChannel.java:340)
	at org.apache.ratis.thirdparty.io.netty.channel.nio.NioEventLoop.processSelectedKey(NioEventLoop.java:632)
	at org.apache.ratis.thirdparty.io.netty.channel.nio.NioEventLoop.processSelectedKeysOptimized(NioEventLoop.java:579)
	at org.apache.ratis.thirdparty.io.netty.channel.nio.NioEventLoop.processSelectedKeys(NioEventLoop.java:496)
	at org.apache.ratis.thirdparty.io.netty.channel.nio.NioEventLoop.run(NioEventLoop.java:458)
	at org.apache.ratis.thirdparty.io.netty.util.concurrent.SingleThreadEventExecutor$5.run(SingleThreadEventExecutor.java:897)
	at org.apache.ratis.thirdparty.io.netty.util.concurrent.FastThreadLocalRunnable.run(FastThreadLocalRunnable.java:30)
	... 1 more
Caused by: java.net.ConnectException: Connection refused
	... 11 more
2019-11-13 04:07:04,448 [32d4d447-2d26-4c49-a5e1-cd2d67dbedad@group-038E72117229-LeaderElection77] INFO  impl.LeaderElection (LogUtils.java:infoOrTrace(149)) -   Exception 1: {}
java.util.concurrent.ExecutionException: org.apache.ratis.thirdparty.io.grpc.StatusRuntimeException: UNAVAILABLE: io exception
	at java.util.concurrent.FutureTask.report(FutureTask.java:122)
	at java.util.concurrent.FutureTask.get(FutureTask.java:192)
	at org.apache.ratis.server.impl.LeaderElection.waitForResults(LeaderElection.java:259)
	at org.apache.ratis.server.impl.LeaderElection.askForVotes(LeaderElection.java:197)
	at org.apache.ratis.server.impl.LeaderElection.run(LeaderElection.java:133)
	at java.lang.Thread.run(Thread.java:748)
Caused by: org.apache.ratis.thirdparty.io.grpc.StatusRuntimeException: UNAVAILABLE: io exception
	at org.apache.ratis.thirdparty.io.grpc.stub.ClientCalls.toStatusRuntimeException(ClientCalls.java:233)
	at org.apache.ratis.thirdparty.io.grpc.stub.ClientCalls.getUnchecked(ClientCalls.java:214)
	at org.apache.ratis.thirdparty.io.grpc.stub.ClientCalls.blockingUnaryCall(ClientCalls.java:139)
	at org.apache.ratis.proto.grpc.RaftServerProtocolServiceGrpc$RaftServerProtocolServiceBlockingStub.requestVote(RaftServerProtocolServiceGrpc.java:265)
	at org.apache.ratis.grpc.server.GrpcServerProtocolClient.requestVote(GrpcServerProtocolClient.java:99)
	at org.apache.ratis.grpc.server.GrpcService.requestVote(GrpcService.java:204)
	at org.apache.ratis.server.impl.LeaderElection.lambda$submitRequests$1(LeaderElection.java:234)
	at java.util.concurrent.FutureTask.run(FutureTask.java:266)
	at java.util.concurrent.Executors$RunnableAdapter.call(Executors.java:511)
	at java.util.concurrent.FutureTask.run(FutureTask.java:266)
	at java.util.concurrent.ThreadPoolExecutor.runWorker(ThreadPoolExecutor.java:1149)
	at java.util.concurrent.ThreadPoolExecutor$Worker.run(ThreadPoolExecutor.java:624)
	... 1 more
Caused by: org.apache.ratis.thirdparty.io.netty.channel.AbstractChannel$AnnotatedConnectException: Connection refused: /192.168.34.45:41897
	at sun.nio.ch.SocketChannelImpl.checkConnect(Native Method)
	at sun.nio.ch.SocketChannelImpl.finishConnect(SocketChannelImpl.java:717)
	at org.apache.ratis.thirdparty.io.netty.channel.socket.nio.NioSocketChannel.doFinishConnect(NioSocketChannel.java:327)
	at org.apache.ratis.thirdparty.io.netty.channel.nio.AbstractNioChannel$AbstractNioUnsafe.finishConnect(AbstractNioChannel.java:340)
	at org.apache.ratis.thirdparty.io.netty.channel.nio.NioEventLoop.processSelectedKey(NioEventLoop.java:632)
	at org.apache.ratis.thirdparty.io.netty.channel.nio.NioEventLoop.processSelectedKeysOptimized(NioEventLoop.java:579)
	at org.apache.ratis.thirdparty.io.netty.channel.nio.NioEventLoop.processSelectedKeys(NioEventLoop.java:496)
	at org.apache.ratis.thirdparty.io.netty.channel.nio.NioEventLoop.run(NioEventLoop.java:458)
	at org.apache.ratis.thirdparty.io.netty.util.concurrent.SingleThreadEventExecutor$5.run(SingleThreadEventExecutor.java:897)
	at org.apache.ratis.thirdparty.io.netty.util.concurrent.FastThreadLocalRunnable.run(FastThreadLocalRunnable.java:30)
	... 1 more
Caused by: java.net.ConnectException: Connection refused
	... 11 more
2019-11-13 04:07:04,448 [32d4d447-2d26-4c49-a5e1-cd2d67dbedad@group-038E72117229-LeaderElection77] INFO  impl.RaftServerImpl (RaftServerImpl.java:setRole(173)) - 32d4d447-2d26-4c49-a5e1-cd2d67dbedad@group-038E72117229: changes role from CANDIDATE to FOLLOWER at term 5 for DISCOVERED_A_NEW_TERM
2019-11-13 04:07:04,448 [32d4d447-2d26-4c49-a5e1-cd2d67dbedad@group-038E72117229-LeaderElection77] INFO  impl.RoleInfo (RoleInfo.java:shutdownLeaderElection(134)) - 32d4d447-2d26-4c49-a5e1-cd2d67dbedad: shutdown LeaderElection
2019-11-13 04:07:04,448 [32d4d447-2d26-4c49-a5e1-cd2d67dbedad@group-038E72117229-LeaderElection77] INFO  impl.RoleInfo (RoleInfo.java:updateAndGet(143)) - 32d4d447-2d26-4c49-a5e1-cd2d67dbedad: start FollowerState
2019-11-13 04:07:04,952 [Thread-1881] INFO  impl.FollowerState (FollowerState.java:run(111)) - 50248509-472f-4b93-9431-0a6e6bd3eac0@group-609D232F86F7-FollowerState: change to CANDIDATE, lastRpcTime:1061ms, electionTimeout:1061ms
2019-11-13 04:07:04,953 [Thread-1881] INFO  impl.RoleInfo (RoleInfo.java:shutdownFollowerState(121)) - 50248509-472f-4b93-9431-0a6e6bd3eac0: shutdown FollowerState
2019-11-13 04:07:04,953 [Thread-1881] INFO  impl.RaftServerImpl (RaftServerImpl.java:setRole(173)) - 50248509-472f-4b93-9431-0a6e6bd3eac0@group-609D232F86F7: changes role from  FOLLOWER to CANDIDATE at term 5 for changeToCandidate
2019-11-13 04:07:04,953 [Thread-1881] INFO  impl.RoleInfo (RoleInfo.java:updateAndGet(143)) - 50248509-472f-4b93-9431-0a6e6bd3eac0: start LeaderElection
2019-11-13 04:07:04,970 [50248509-472f-4b93-9431-0a6e6bd3eac0@group-609D232F86F7-LeaderElection78] INFO  impl.LeaderElection (LeaderElection.java:askForVotes(178)) - 50248509-472f-4b93-9431-0a6e6bd3eac0@group-609D232F86F7-LeaderElection78: begin an election at term 6 for 1: [0cea8a44-7441-4692-92a5-de212c14b418:192.168.34.45:44463, 50248509-472f-4b93-9431-0a6e6bd3eac0:192.168.34.45:43078, 64d096e6-e0ae-4a1d-97a3-03513c91a164:192.168.34.45:39823], old=null
2019-11-13 04:07:04,972 [50248509-472f-4b93-9431-0a6e6bd3eac0@group-609D232F86F7-LeaderElection78] INFO  impl.LeaderElection (LogUtils.java:infoOrTrace(149)) - 50248509-472f-4b93-9431-0a6e6bd3eac0@group-609D232F86F7-LeaderElection78 got exception when requesting votes: {}
java.util.concurrent.ExecutionException: org.apache.ratis.thirdparty.io.grpc.StatusRuntimeException: UNAVAILABLE: io exception
	at java.util.concurrent.FutureTask.report(FutureTask.java:122)
	at java.util.concurrent.FutureTask.get(FutureTask.java:192)
	at org.apache.ratis.server.impl.LeaderElection.waitForResults(LeaderElection.java:259)
	at org.apache.ratis.server.impl.LeaderElection.askForVotes(LeaderElection.java:197)
	at org.apache.ratis.server.impl.LeaderElection.run(LeaderElection.java:133)
	at java.lang.Thread.run(Thread.java:748)
Caused by: org.apache.ratis.thirdparty.io.grpc.StatusRuntimeException: UNAVAILABLE: io exception
	at org.apache.ratis.thirdparty.io.grpc.stub.ClientCalls.toStatusRuntimeException(ClientCalls.java:233)
	at org.apache.ratis.thirdparty.io.grpc.stub.ClientCalls.getUnchecked(ClientCalls.java:214)
	at org.apache.ratis.thirdparty.io.grpc.stub.ClientCalls.blockingUnaryCall(ClientCalls.java:139)
	at org.apache.ratis.proto.grpc.RaftServerProtocolServiceGrpc$RaftServerProtocolServiceBlockingStub.requestVote(RaftServerProtocolServiceGrpc.java:265)
	at org.apache.ratis.grpc.server.GrpcServerProtocolClient.requestVote(GrpcServerProtocolClient.java:99)
	at org.apache.ratis.grpc.server.GrpcService.requestVote(GrpcService.java:204)
	at org.apache.ratis.server.impl.LeaderElection.lambda$submitRequests$1(LeaderElection.java:234)
	at java.util.concurrent.FutureTask.run(FutureTask.java:266)
	at java.util.concurrent.Executors$RunnableAdapter.call(Executors.java:511)
	at java.util.concurrent.FutureTask.run(FutureTask.java:266)
	at java.util.concurrent.ThreadPoolExecutor.runWorker(ThreadPoolExecutor.java:1149)
	at java.util.concurrent.ThreadPoolExecutor$Worker.run(ThreadPoolExecutor.java:624)
	... 1 more
Caused by: org.apache.ratis.thirdparty.io.netty.channel.AbstractChannel$AnnotatedConnectException: Connection refused: /192.168.34.45:44463
	at sun.nio.ch.SocketChannelImpl.checkConnect(Native Method)
	at sun.nio.ch.SocketChannelImpl.finishConnect(SocketChannelImpl.java:717)
	at org.apache.ratis.thirdparty.io.netty.channel.socket.nio.NioSocketChannel.doFinishConnect(NioSocketChannel.java:327)
	at org.apache.ratis.thirdparty.io.netty.channel.nio.AbstractNioChannel$AbstractNioUnsafe.finishConnect(AbstractNioChannel.java:340)
	at org.apache.ratis.thirdparty.io.netty.channel.nio.NioEventLoop.processSelectedKey(NioEventLoop.java:632)
	at org.apache.ratis.thirdparty.io.netty.channel.nio.NioEventLoop.processSelectedKeysOptimized(NioEventLoop.java:579)
	at org.apache.ratis.thirdparty.io.netty.channel.nio.NioEventLoop.processSelectedKeys(NioEventLoop.java:496)
	at org.apache.ratis.thirdparty.io.netty.channel.nio.NioEventLoop.run(NioEventLoop.java:458)
	at org.apache.ratis.thirdparty.io.netty.util.concurrent.SingleThreadEventExecutor$5.run(SingleThreadEventExecutor.java:897)
	at org.apache.ratis.thirdparty.io.netty.util.concurrent.FastThreadLocalRunnable.run(FastThreadLocalRunnable.java:30)
	... 1 more
Caused by: java.net.ConnectException: Connection refused
	... 11 more
2019-11-13 04:07:04,975 [50248509-472f-4b93-9431-0a6e6bd3eac0@group-609D232F86F7-LeaderElection78] INFO  impl.LeaderElection (LogUtils.java:infoOrTrace(149)) - 50248509-472f-4b93-9431-0a6e6bd3eac0@group-609D232F86F7-LeaderElection78 got exception when requesting votes: {}
java.util.concurrent.ExecutionException: org.apache.ratis.thirdparty.io.grpc.StatusRuntimeException: UNAVAILABLE: io exception
	at java.util.concurrent.FutureTask.report(FutureTask.java:122)
	at java.util.concurrent.FutureTask.get(FutureTask.java:192)
	at org.apache.ratis.server.impl.LeaderElection.waitForResults(LeaderElection.java:259)
	at org.apache.ratis.server.impl.LeaderElection.askForVotes(LeaderElection.java:197)
	at org.apache.ratis.server.impl.LeaderElection.run(LeaderElection.java:133)
	at java.lang.Thread.run(Thread.java:748)
Caused by: org.apache.ratis.thirdparty.io.grpc.StatusRuntimeException: UNAVAILABLE: io exception
	at org.apache.ratis.thirdparty.io.grpc.stub.ClientCalls.toStatusRuntimeException(ClientCalls.java:233)
	at org.apache.ratis.thirdparty.io.grpc.stub.ClientCalls.getUnchecked(ClientCalls.java:214)
	at org.apache.ratis.thirdparty.io.grpc.stub.ClientCalls.blockingUnaryCall(ClientCalls.java:139)
	at org.apache.ratis.proto.grpc.RaftServerProtocolServiceGrpc$RaftServerProtocolServiceBlockingStub.requestVote(RaftServerProtocolServiceGrpc.java:265)
	at org.apache.ratis.grpc.server.GrpcServerProtocolClient.requestVote(GrpcServerProtocolClient.java:99)
	at org.apache.ratis.grpc.server.GrpcService.requestVote(GrpcService.java:204)
	at org.apache.ratis.server.impl.LeaderElection.lambda$submitRequests$1(LeaderElection.java:234)
	at java.util.concurrent.FutureTask.run(FutureTask.java:266)
	at java.util.concurrent.Executors$RunnableAdapter.call(Executors.java:511)
	at java.util.concurrent.FutureTask.run(FutureTask.java:266)
	at java.util.concurrent.ThreadPoolExecutor.runWorker(ThreadPoolExecutor.java:1149)
	at java.util.concurrent.ThreadPoolExecutor$Worker.run(ThreadPoolExecutor.java:624)
	... 1 more
Caused by: org.apache.ratis.thirdparty.io.netty.channel.AbstractChannel$AnnotatedConnectException: Connection refused: /192.168.34.45:39823
	at sun.nio.ch.SocketChannelImpl.checkConnect(Native Method)
	at sun.nio.ch.SocketChannelImpl.finishConnect(SocketChannelImpl.java:717)
	at org.apache.ratis.thirdparty.io.netty.channel.socket.nio.NioSocketChannel.doFinishConnect(NioSocketChannel.java:327)
	at org.apache.ratis.thirdparty.io.netty.channel.nio.AbstractNioChannel$AbstractNioUnsafe.finishConnect(AbstractNioChannel.java:340)
	at org.apache.ratis.thirdparty.io.netty.channel.nio.NioEventLoop.processSelectedKey(NioEventLoop.java:632)
	at org.apache.ratis.thirdparty.io.netty.channel.nio.NioEventLoop.processSelectedKeysOptimized(NioEventLoop.java:579)
	at org.apache.ratis.thirdparty.io.netty.channel.nio.NioEventLoop.processSelectedKeys(NioEventLoop.java:496)
	at org.apache.ratis.thirdparty.io.netty.channel.nio.NioEventLoop.run(NioEventLoop.java:458)
	at org.apache.ratis.thirdparty.io.netty.util.concurrent.SingleThreadEventExecutor$5.run(SingleThreadEventExecutor.java:897)
	at org.apache.ratis.thirdparty.io.netty.util.concurrent.FastThreadLocalRunnable.run(FastThreadLocalRunnable.java:30)
	... 1 more
Caused by: java.net.ConnectException: Connection refused
	... 11 more
2019-11-13 04:07:04,976 [50248509-472f-4b93-9431-0a6e6bd3eac0@group-609D232F86F7-LeaderElection78] INFO  impl.LeaderElection (LeaderElection.java:logAndReturn(56)) - 50248509-472f-4b93-9431-0a6e6bd3eac0@group-609D232F86F7-LeaderElection78: Election REJECTED; received 0 response(s) [] and 2 exception(s); 50248509-472f-4b93-9431-0a6e6bd3eac0@group-609D232F86F7:t6, leader=null, voted=50248509-472f-4b93-9431-0a6e6bd3eac0, raftlog=50248509-472f-4b93-9431-0a6e6bd3eac0@group-609D232F86F7-SegmentedRaftLog:OPENED:c2,f2,i2, conf=1: [0cea8a44-7441-4692-92a5-de212c14b418:192.168.34.45:44463, 50248509-472f-4b93-9431-0a6e6bd3eac0:192.168.34.45:43078, 64d096e6-e0ae-4a1d-97a3-03513c91a164:192.168.34.45:39823], old=null
2019-11-13 04:07:04,976 [50248509-472f-4b93-9431-0a6e6bd3eac0@group-609D232F86F7-LeaderElection78] INFO  impl.LeaderElection (LogUtils.java:infoOrTrace(149)) -   Exception 0: {}
java.util.concurrent.ExecutionException: org.apache.ratis.thirdparty.io.grpc.StatusRuntimeException: UNAVAILABLE: io exception
	at java.util.concurrent.FutureTask.report(FutureTask.java:122)
	at java.util.concurrent.FutureTask.get(FutureTask.java:192)
	at org.apache.ratis.server.impl.LeaderElection.waitForResults(LeaderElection.java:259)
	at org.apache.ratis.server.impl.LeaderElection.askForVotes(LeaderElection.java:197)
	at org.apache.ratis.server.impl.LeaderElection.run(LeaderElection.java:133)
	at java.lang.Thread.run(Thread.java:748)
Caused by: org.apache.ratis.thirdparty.io.grpc.StatusRuntimeException: UNAVAILABLE: io exception
	at org.apache.ratis.thirdparty.io.grpc.stub.ClientCalls.toStatusRuntimeException(ClientCalls.java:233)
	at org.apache.ratis.thirdparty.io.grpc.stub.ClientCalls.getUnchecked(ClientCalls.java:214)
	at org.apache.ratis.thirdparty.io.grpc.stub.ClientCalls.blockingUnaryCall(ClientCalls.java:139)
	at org.apache.ratis.proto.grpc.RaftServerProtocolServiceGrpc$RaftServerProtocolServiceBlockingStub.requestVote(RaftServerProtocolServiceGrpc.java:265)
	at org.apache.ratis.grpc.server.GrpcServerProtocolClient.requestVote(GrpcServerProtocolClient.java:99)
	at org.apache.ratis.grpc.server.GrpcService.requestVote(GrpcService.java:204)
	at org.apache.ratis.server.impl.LeaderElection.lambda$submitRequests$1(LeaderElection.java:234)
	at java.util.concurrent.FutureTask.run(FutureTask.java:266)
	at java.util.concurrent.Executors$RunnableAdapter.call(Executors.java:511)
	at java.util.concurrent.FutureTask.run(FutureTask.java:266)
	at java.util.concurrent.ThreadPoolExecutor.runWorker(ThreadPoolExecutor.java:1149)
	at java.util.concurrent.ThreadPoolExecutor$Worker.run(ThreadPoolExecutor.java:624)
	... 1 more
Caused by: org.apache.ratis.thirdparty.io.netty.channel.AbstractChannel$AnnotatedConnectException: Connection refused: /192.168.34.45:44463
	at sun.nio.ch.SocketChannelImpl.checkConnect(Native Method)
	at sun.nio.ch.SocketChannelImpl.finishConnect(SocketChannelImpl.java:717)
	at org.apache.ratis.thirdparty.io.netty.channel.socket.nio.NioSocketChannel.doFinishConnect(NioSocketChannel.java:327)
	at org.apache.ratis.thirdparty.io.netty.channel.nio.AbstractNioChannel$AbstractNioUnsafe.finishConnect(AbstractNioChannel.java:340)
	at org.apache.ratis.thirdparty.io.netty.channel.nio.NioEventLoop.processSelectedKey(NioEventLoop.java:632)
	at org.apache.ratis.thirdparty.io.netty.channel.nio.NioEventLoop.processSelectedKeysOptimized(NioEventLoop.java:579)
	at org.apache.ratis.thirdparty.io.netty.channel.nio.NioEventLoop.processSelectedKeys(NioEventLoop.java:496)
	at org.apache.ratis.thirdparty.io.netty.channel.nio.NioEventLoop.run(NioEventLoop.java:458)
	at org.apache.ratis.thirdparty.io.netty.util.concurrent.SingleThreadEventExecutor$5.run(SingleThreadEventExecutor.java:897)
	at org.apache.ratis.thirdparty.io.netty.util.concurrent.FastThreadLocalRunnable.run(FastThreadLocalRunnable.java:30)
	... 1 more
Caused by: java.net.ConnectException: Connection refused
	... 11 more
2019-11-13 04:07:04,977 [50248509-472f-4b93-9431-0a6e6bd3eac0@group-609D232F86F7-LeaderElection78] INFO  impl.LeaderElection (LogUtils.java:infoOrTrace(149)) -   Exception 1: {}
java.util.concurrent.ExecutionException: org.apache.ratis.thirdparty.io.grpc.StatusRuntimeException: UNAVAILABLE: io exception
	at java.util.concurrent.FutureTask.report(FutureTask.java:122)
	at java.util.concurrent.FutureTask.get(FutureTask.java:192)
	at org.apache.ratis.server.impl.LeaderElection.waitForResults(LeaderElection.java:259)
	at org.apache.ratis.server.impl.LeaderElection.askForVotes(LeaderElection.java:197)
	at org.apache.ratis.server.impl.LeaderElection.run(LeaderElection.java:133)
	at java.lang.Thread.run(Thread.java:748)
Caused by: org.apache.ratis.thirdparty.io.grpc.StatusRuntimeException: UNAVAILABLE: io exception
	at org.apache.ratis.thirdparty.io.grpc.stub.ClientCalls.toStatusRuntimeException(ClientCalls.java:233)
	at org.apache.ratis.thirdparty.io.grpc.stub.ClientCalls.getUnchecked(ClientCalls.java:214)
	at org.apache.ratis.thirdparty.io.grpc.stub.ClientCalls.blockingUnaryCall(ClientCalls.java:139)
	at org.apache.ratis.proto.grpc.RaftServerProtocolServiceGrpc$RaftServerProtocolServiceBlockingStub.requestVote(RaftServerProtocolServiceGrpc.java:265)
	at org.apache.ratis.grpc.server.GrpcServerProtocolClient.requestVote(GrpcServerProtocolClient.java:99)
	at org.apache.ratis.grpc.server.GrpcService.requestVote(GrpcService.java:204)
	at org.apache.ratis.server.impl.LeaderElection.lambda$submitRequests$1(LeaderElection.java:234)
	at java.util.concurrent.FutureTask.run(FutureTask.java:266)
	at java.util.concurrent.Executors$RunnableAdapter.call(Executors.java:511)
	at java.util.concurrent.FutureTask.run(FutureTask.java:266)
	at java.util.concurrent.ThreadPoolExecutor.runWorker(ThreadPoolExecutor.java:1149)
	at java.util.concurrent.ThreadPoolExecutor$Worker.run(ThreadPoolExecutor.java:624)
	... 1 more
Caused by: org.apache.ratis.thirdparty.io.netty.channel.AbstractChannel$AnnotatedConnectException: Connection refused: /192.168.34.45:39823
	at sun.nio.ch.SocketChannelImpl.checkConnect(Native Method)
	at sun.nio.ch.SocketChannelImpl.finishConnect(SocketChannelImpl.java:717)
	at org.apache.ratis.thirdparty.io.netty.channel.socket.nio.NioSocketChannel.doFinishConnect(NioSocketChannel.java:327)
	at org.apache.ratis.thirdparty.io.netty.channel.nio.AbstractNioChannel$AbstractNioUnsafe.finishConnect(AbstractNioChannel.java:340)
	at org.apache.ratis.thirdparty.io.netty.channel.nio.NioEventLoop.processSelectedKey(NioEventLoop.java:632)
	at org.apache.ratis.thirdparty.io.netty.channel.nio.NioEventLoop.processSelectedKeysOptimized(NioEventLoop.java:579)
	at org.apache.ratis.thirdparty.io.netty.channel.nio.NioEventLoop.processSelectedKeys(NioEventLoop.java:496)
	at org.apache.ratis.thirdparty.io.netty.channel.nio.NioEventLoop.run(NioEventLoop.java:458)
	at org.apache.ratis.thirdparty.io.netty.util.concurrent.SingleThreadEventExecutor$5.run(SingleThreadEventExecutor.java:897)
	at org.apache.ratis.thirdparty.io.netty.util.concurrent.FastThreadLocalRunnable.run(FastThreadLocalRunnable.java:30)
	... 1 more
Caused by: java.net.ConnectException: Connection refused
	... 11 more
2019-11-13 04:07:04,977 [50248509-472f-4b93-9431-0a6e6bd3eac0@group-609D232F86F7-LeaderElection78] INFO  impl.RaftServerImpl (RaftServerImpl.java:setRole(173)) - 50248509-472f-4b93-9431-0a6e6bd3eac0@group-609D232F86F7: changes role from CANDIDATE to FOLLOWER at term 6 for DISCOVERED_A_NEW_TERM
2019-11-13 04:07:04,977 [50248509-472f-4b93-9431-0a6e6bd3eac0@group-609D232F86F7-LeaderElection78] INFO  impl.RoleInfo (RoleInfo.java:shutdownLeaderElection(134)) - 50248509-472f-4b93-9431-0a6e6bd3eac0: shutdown LeaderElection
2019-11-13 04:07:04,977 [50248509-472f-4b93-9431-0a6e6bd3eac0@group-609D232F86F7-LeaderElection78] INFO  impl.RoleInfo (RoleInfo.java:updateAndGet(143)) - 50248509-472f-4b93-9431-0a6e6bd3eac0: start FollowerState
2019-11-13 04:07:05,564 [Thread-1885] INFO  impl.FollowerState (FollowerState.java:run(111)) - 32d4d447-2d26-4c49-a5e1-cd2d67dbedad@group-038E72117229-FollowerState: change to CANDIDATE, lastRpcTime:1115ms, electionTimeout:1115ms
2019-11-13 04:07:05,565 [Thread-1885] INFO  impl.RoleInfo (RoleInfo.java:shutdownFollowerState(121)) - 32d4d447-2d26-4c49-a5e1-cd2d67dbedad: shutdown FollowerState
2019-11-13 04:07:05,565 [Thread-1885] INFO  impl.RaftServerImpl (RaftServerImpl.java:setRole(173)) - 32d4d447-2d26-4c49-a5e1-cd2d67dbedad@group-038E72117229: changes role from  FOLLOWER to CANDIDATE at term 5 for changeToCandidate
2019-11-13 04:07:05,565 [Thread-1885] INFO  impl.RoleInfo (RoleInfo.java:updateAndGet(143)) - 32d4d447-2d26-4c49-a5e1-cd2d67dbedad: start LeaderElection
2019-11-13 04:07:05,582 [32d4d447-2d26-4c49-a5e1-cd2d67dbedad@group-038E72117229-LeaderElection79] INFO  impl.LeaderElection (LeaderElection.java:askForVotes(178)) - 32d4d447-2d26-4c49-a5e1-cd2d67dbedad@group-038E72117229-LeaderElection79: begin an election at term 6 for 1: [08597d3a-6b69-4d75-a39e-e4e8ac9edde4:192.168.34.45:41890, 32d4d447-2d26-4c49-a5e1-cd2d67dbedad:192.168.34.45:40211, 2f653e4e-b4ea-4463-ba35-13c58c0a0d31:192.168.34.45:41897], old=null
2019-11-13 04:07:05,584 [32d4d447-2d26-4c49-a5e1-cd2d67dbedad@group-038E72117229-LeaderElection79] INFO  impl.LeaderElection (LogUtils.java:infoOrTrace(149)) - 32d4d447-2d26-4c49-a5e1-cd2d67dbedad@group-038E72117229-LeaderElection79 got exception when requesting votes: {}
java.util.concurrent.ExecutionException: org.apache.ratis.thirdparty.io.grpc.StatusRuntimeException: UNAVAILABLE: io exception
	at java.util.concurrent.FutureTask.report(FutureTask.java:122)
	at java.util.concurrent.FutureTask.get(FutureTask.java:192)
	at org.apache.ratis.server.impl.LeaderElection.waitForResults(LeaderElection.java:259)
	at org.apache.ratis.server.impl.LeaderElection.askForVotes(LeaderElection.java:197)
	at org.apache.ratis.server.impl.LeaderElection.run(LeaderElection.java:133)
	at java.lang.Thread.run(Thread.java:748)
Caused by: org.apache.ratis.thirdparty.io.grpc.StatusRuntimeException: UNAVAILABLE: io exception
	at org.apache.ratis.thirdparty.io.grpc.stub.ClientCalls.toStatusRuntimeException(ClientCalls.java:233)
	at org.apache.ratis.thirdparty.io.grpc.stub.ClientCalls.getUnchecked(ClientCalls.java:214)
	at org.apache.ratis.thirdparty.io.grpc.stub.ClientCalls.blockingUnaryCall(ClientCalls.java:139)
	at org.apache.ratis.proto.grpc.RaftServerProtocolServiceGrpc$RaftServerProtocolServiceBlockingStub.requestVote(RaftServerProtocolServiceGrpc.java:265)
	at org.apache.ratis.grpc.server.GrpcServerProtocolClient.requestVote(GrpcServerProtocolClient.java:99)
	at org.apache.ratis.grpc.server.GrpcService.requestVote(GrpcService.java:204)
	at org.apache.ratis.server.impl.LeaderElection.lambda$submitRequests$1(LeaderElection.java:234)
	at java.util.concurrent.FutureTask.run(FutureTask.java:266)
	at java.util.concurrent.Executors$RunnableAdapter.call(Executors.java:511)
	at java.util.concurrent.FutureTask.run(FutureTask.java:266)
	at java.util.concurrent.ThreadPoolExecutor.runWorker(ThreadPoolExecutor.java:1149)
	at java.util.concurrent.ThreadPoolExecutor$Worker.run(ThreadPoolExecutor.java:624)
	... 1 more
Caused by: org.apache.ratis.thirdparty.io.netty.channel.AbstractChannel$AnnotatedConnectException: Connection refused: /192.168.34.45:41897
	at sun.nio.ch.SocketChannelImpl.checkConnect(Native Method)
	at sun.nio.ch.SocketChannelImpl.finishConnect(SocketChannelImpl.java:717)
	at org.apache.ratis.thirdparty.io.netty.channel.socket.nio.NioSocketChannel.doFinishConnect(NioSocketChannel.java:327)
	at org.apache.ratis.thirdparty.io.netty.channel.nio.AbstractNioChannel$AbstractNioUnsafe.finishConnect(AbstractNioChannel.java:340)
	at org.apache.ratis.thirdparty.io.netty.channel.nio.NioEventLoop.processSelectedKey(NioEventLoop.java:632)
	at org.apache.ratis.thirdparty.io.netty.channel.nio.NioEventLoop.processSelectedKeysOptimized(NioEventLoop.java:579)
	at org.apache.ratis.thirdparty.io.netty.channel.nio.NioEventLoop.processSelectedKeys(NioEventLoop.java:496)
	at org.apache.ratis.thirdparty.io.netty.channel.nio.NioEventLoop.run(NioEventLoop.java:458)
	at org.apache.ratis.thirdparty.io.netty.util.concurrent.SingleThreadEventExecutor$5.run(SingleThreadEventExecutor.java:897)
	at org.apache.ratis.thirdparty.io.netty.util.concurrent.FastThreadLocalRunnable.run(FastThreadLocalRunnable.java:30)
	... 1 more
Caused by: java.net.ConnectException: Connection refused
	... 11 more
2019-11-13 04:07:05,589 [32d4d447-2d26-4c49-a5e1-cd2d67dbedad@group-038E72117229-LeaderElection79] INFO  impl.LeaderElection (LogUtils.java:infoOrTrace(149)) - 32d4d447-2d26-4c49-a5e1-cd2d67dbedad@group-038E72117229-LeaderElection79 got exception when requesting votes: {}
java.util.concurrent.ExecutionException: org.apache.ratis.thirdparty.io.grpc.StatusRuntimeException: UNAVAILABLE: io exception
	at java.util.concurrent.FutureTask.report(FutureTask.java:122)
	at java.util.concurrent.FutureTask.get(FutureTask.java:192)
	at org.apache.ratis.server.impl.LeaderElection.waitForResults(LeaderElection.java:259)
	at org.apache.ratis.server.impl.LeaderElection.askForVotes(LeaderElection.java:197)
	at org.apache.ratis.server.impl.LeaderElection.run(LeaderElection.java:133)
	at java.lang.Thread.run(Thread.java:748)
Caused by: org.apache.ratis.thirdparty.io.grpc.StatusRuntimeException: UNAVAILABLE: io exception
	at org.apache.ratis.thirdparty.io.grpc.stub.ClientCalls.toStatusRuntimeException(ClientCalls.java:233)
	at org.apache.ratis.thirdparty.io.grpc.stub.ClientCalls.getUnchecked(ClientCalls.java:214)
	at org.apache.ratis.thirdparty.io.grpc.stub.ClientCalls.blockingUnaryCall(ClientCalls.java:139)
	at org.apache.ratis.proto.grpc.RaftServerProtocolServiceGrpc$RaftServerProtocolServiceBlockingStub.requestVote(RaftServerProtocolServiceGrpc.java:265)
	at org.apache.ratis.grpc.server.GrpcServerProtocolClient.requestVote(GrpcServerProtocolClient.java:99)
	at org.apache.ratis.grpc.server.GrpcService.requestVote(GrpcService.java:204)
	at org.apache.ratis.server.impl.LeaderElection.lambda$submitRequests$1(LeaderElection.java:234)
	at java.util.concurrent.FutureTask.run(FutureTask.java:266)
	at java.util.concurrent.Executors$RunnableAdapter.call(Executors.java:511)
	at java.util.concurrent.FutureTask.run(FutureTask.java:266)
	at java.util.concurrent.ThreadPoolExecutor.runWorker(ThreadPoolExecutor.java:1149)
	at java.util.concurrent.ThreadPoolExecutor$Worker.run(ThreadPoolExecutor.java:624)
	... 1 more
Caused by: org.apache.ratis.thirdparty.io.netty.channel.AbstractChannel$AnnotatedConnectException: Connection refused: /192.168.34.45:41890
	at sun.nio.ch.SocketChannelImpl.checkConnect(Native Method)
	at sun.nio.ch.SocketChannelImpl.finishConnect(SocketChannelImpl.java:717)
	at org.apache.ratis.thirdparty.io.netty.channel.socket.nio.NioSocketChannel.doFinishConnect(NioSocketChannel.java:327)
	at org.apache.ratis.thirdparty.io.netty.channel.nio.AbstractNioChannel$AbstractNioUnsafe.finishConnect(AbstractNioChannel.java:340)
	at org.apache.ratis.thirdparty.io.netty.channel.nio.NioEventLoop.processSelectedKey(NioEventLoop.java:632)
	at org.apache.ratis.thirdparty.io.netty.channel.nio.NioEventLoop.processSelectedKeysOptimized(NioEventLoop.java:579)
	at org.apache.ratis.thirdparty.io.netty.channel.nio.NioEventLoop.processSelectedKeys(NioEventLoop.java:496)
	at org.apache.ratis.thirdparty.io.netty.channel.nio.NioEventLoop.run(NioEventLoop.java:458)
	at org.apache.ratis.thirdparty.io.netty.util.concurrent.SingleThreadEventExecutor$5.run(SingleThreadEventExecutor.java:897)
	at org.apache.ratis.thirdparty.io.netty.util.concurrent.FastThreadLocalRunnable.run(FastThreadLocalRunnable.java:30)
	... 1 more
Caused by: java.net.ConnectException: Connection refused
	... 11 more
2019-11-13 04:07:05,590 [32d4d447-2d26-4c49-a5e1-cd2d67dbedad@group-038E72117229-LeaderElection79] INFO  impl.LeaderElection (LeaderElection.java:logAndReturn(56)) - 32d4d447-2d26-4c49-a5e1-cd2d67dbedad@group-038E72117229-LeaderElection79: Election REJECTED; received 0 response(s) [] and 2 exception(s); 32d4d447-2d26-4c49-a5e1-cd2d67dbedad@group-038E72117229:t6, leader=null, voted=32d4d447-2d26-4c49-a5e1-cd2d67dbedad, raftlog=32d4d447-2d26-4c49-a5e1-cd2d67dbedad@group-038E72117229-SegmentedRaftLog:OPENED:c2,f2,i2, conf=1: [08597d3a-6b69-4d75-a39e-e4e8ac9edde4:192.168.34.45:41890, 32d4d447-2d26-4c49-a5e1-cd2d67dbedad:192.168.34.45:40211, 2f653e4e-b4ea-4463-ba35-13c58c0a0d31:192.168.34.45:41897], old=null
2019-11-13 04:07:05,590 [32d4d447-2d26-4c49-a5e1-cd2d67dbedad@group-038E72117229-LeaderElection79] INFO  impl.LeaderElection (LogUtils.java:infoOrTrace(149)) -   Exception 0: {}
java.util.concurrent.ExecutionException: org.apache.ratis.thirdparty.io.grpc.StatusRuntimeException: UNAVAILABLE: io exception
	at java.util.concurrent.FutureTask.report(FutureTask.java:122)
	at java.util.concurrent.FutureTask.get(FutureTask.java:192)
	at org.apache.ratis.server.impl.LeaderElection.waitForResults(LeaderElection.java:259)
	at org.apache.ratis.server.impl.LeaderElection.askForVotes(LeaderElection.java:197)
	at org.apache.ratis.server.impl.LeaderElection.run(LeaderElection.java:133)
	at java.lang.Thread.run(Thread.java:748)
Caused by: org.apache.ratis.thirdparty.io.grpc.StatusRuntimeException: UNAVAILABLE: io exception
	at org.apache.ratis.thirdparty.io.grpc.stub.ClientCalls.toStatusRuntimeException(ClientCalls.java:233)
	at org.apache.ratis.thirdparty.io.grpc.stub.ClientCalls.getUnchecked(ClientCalls.java:214)
	at org.apache.ratis.thirdparty.io.grpc.stub.ClientCalls.blockingUnaryCall(ClientCalls.java:139)
	at org.apache.ratis.proto.grpc.RaftServerProtocolServiceGrpc$RaftServerProtocolServiceBlockingStub.requestVote(RaftServerProtocolServiceGrpc.java:265)
	at org.apache.ratis.grpc.server.GrpcServerProtocolClient.requestVote(GrpcServerProtocolClient.java:99)
	at org.apache.ratis.grpc.server.GrpcService.requestVote(GrpcService.java:204)
	at org.apache.ratis.server.impl.LeaderElection.lambda$submitRequests$1(LeaderElection.java:234)
	at java.util.concurrent.FutureTask.run(FutureTask.java:266)
	at java.util.concurrent.Executors$RunnableAdapter.call(Executors.java:511)
	at java.util.concurrent.FutureTask.run(FutureTask.java:266)
	at java.util.concurrent.ThreadPoolExecutor.runWorker(ThreadPoolExecutor.java:1149)
	at java.util.concurrent.ThreadPoolExecutor$Worker.run(ThreadPoolExecutor.java:624)
	... 1 more
Caused by: org.apache.ratis.thirdparty.io.netty.channel.AbstractChannel$AnnotatedConnectException: Connection refused: /192.168.34.45:41897
	at sun.nio.ch.SocketChannelImpl.checkConnect(Native Method)
	at sun.nio.ch.SocketChannelImpl.finishConnect(SocketChannelImpl.java:717)
	at org.apache.ratis.thirdparty.io.netty.channel.socket.nio.NioSocketChannel.doFinishConnect(NioSocketChannel.java:327)
	at org.apache.ratis.thirdparty.io.netty.channel.nio.AbstractNioChannel$AbstractNioUnsafe.finishConnect(AbstractNioChannel.java:340)
	at org.apache.ratis.thirdparty.io.netty.channel.nio.NioEventLoop.processSelectedKey(NioEventLoop.java:632)
	at org.apache.ratis.thirdparty.io.netty.channel.nio.NioEventLoop.processSelectedKeysOptimized(NioEventLoop.java:579)
	at org.apache.ratis.thirdparty.io.netty.channel.nio.NioEventLoop.processSelectedKeys(NioEventLoop.java:496)
	at org.apache.ratis.thirdparty.io.netty.channel.nio.NioEventLoop.run(NioEventLoop.java:458)
	at org.apache.ratis.thirdparty.io.netty.util.concurrent.SingleThreadEventExecutor$5.run(SingleThreadEventExecutor.java:897)
	at org.apache.ratis.thirdparty.io.netty.util.concurrent.FastThreadLocalRunnable.run(FastThreadLocalRunnable.java:30)
	... 1 more
Caused by: java.net.ConnectException: Connection refused
	... 11 more
2019-11-13 04:07:05,591 [32d4d447-2d26-4c49-a5e1-cd2d67dbedad@group-038E72117229-LeaderElection79] INFO  impl.LeaderElection (LogUtils.java:infoOrTrace(149)) -   Exception 1: {}
java.util.concurrent.ExecutionException: org.apache.ratis.thirdparty.io.grpc.StatusRuntimeException: UNAVAILABLE: io exception
	at java.util.concurrent.FutureTask.report(FutureTask.java:122)
	at java.util.concurrent.FutureTask.get(FutureTask.java:192)
	at org.apache.ratis.server.impl.LeaderElection.waitForResults(LeaderElection.java:259)
	at org.apache.ratis.server.impl.LeaderElection.askForVotes(LeaderElection.java:197)
	at org.apache.ratis.server.impl.LeaderElection.run(LeaderElection.java:133)
	at java.lang.Thread.run(Thread.java:748)
Caused by: org.apache.ratis.thirdparty.io.grpc.StatusRuntimeException: UNAVAILABLE: io exception
	at org.apache.ratis.thirdparty.io.grpc.stub.ClientCalls.toStatusRuntimeException(ClientCalls.java:233)
	at org.apache.ratis.thirdparty.io.grpc.stub.ClientCalls.getUnchecked(ClientCalls.java:214)
	at org.apache.ratis.thirdparty.io.grpc.stub.ClientCalls.blockingUnaryCall(ClientCalls.java:139)
	at org.apache.ratis.proto.grpc.RaftServerProtocolServiceGrpc$RaftServerProtocolServiceBlockingStub.requestVote(RaftServerProtocolServiceGrpc.java:265)
	at org.apache.ratis.grpc.server.GrpcServerProtocolClient.requestVote(GrpcServerProtocolClient.java:99)
	at org.apache.ratis.grpc.server.GrpcService.requestVote(GrpcService.java:204)
	at org.apache.ratis.server.impl.LeaderElection.lambda$submitRequests$1(LeaderElection.java:234)
	at java.util.concurrent.FutureTask.run(FutureTask.java:266)
	at java.util.concurrent.Executors$RunnableAdapter.call(Executors.java:511)
	at java.util.concurrent.FutureTask.run(FutureTask.java:266)
	at java.util.concurrent.ThreadPoolExecutor.runWorker(ThreadPoolExecutor.java:1149)
	at java.util.concurrent.ThreadPoolExecutor$Worker.run(ThreadPoolExecutor.java:624)
	... 1 more
Caused by: org.apache.ratis.thirdparty.io.netty.channel.AbstractChannel$AnnotatedConnectException: Connection refused: /192.168.34.45:41890
	at sun.nio.ch.SocketChannelImpl.checkConnect(Native Method)
	at sun.nio.ch.SocketChannelImpl.finishConnect(SocketChannelImpl.java:717)
	at org.apache.ratis.thirdparty.io.netty.channel.socket.nio.NioSocketChannel.doFinishConnect(NioSocketChannel.java:327)
	at org.apache.ratis.thirdparty.io.netty.channel.nio.AbstractNioChannel$AbstractNioUnsafe.finishConnect(AbstractNioChannel.java:340)
	at org.apache.ratis.thirdparty.io.netty.channel.nio.NioEventLoop.processSelectedKey(NioEventLoop.java:632)
	at org.apache.ratis.thirdparty.io.netty.channel.nio.NioEventLoop.processSelectedKeysOptimized(NioEventLoop.java:579)
	at org.apache.ratis.thirdparty.io.netty.channel.nio.NioEventLoop.processSelectedKeys(NioEventLoop.java:496)
	at org.apache.ratis.thirdparty.io.netty.channel.nio.NioEventLoop.run(NioEventLoop.java:458)
	at org.apache.ratis.thirdparty.io.netty.util.concurrent.SingleThreadEventExecutor$5.run(SingleThreadEventExecutor.java:897)
	at org.apache.ratis.thirdparty.io.netty.util.concurrent.FastThreadLocalRunnable.run(FastThreadLocalRunnable.java:30)
	... 1 more
Caused by: java.net.ConnectException: Connection refused
	... 11 more
2019-11-13 04:07:05,591 [32d4d447-2d26-4c49-a5e1-cd2d67dbedad@group-038E72117229-LeaderElection79] INFO  impl.RaftServerImpl (RaftServerImpl.java:setRole(173)) - 32d4d447-2d26-4c49-a5e1-cd2d67dbedad@group-038E72117229: changes role from CANDIDATE to FOLLOWER at term 6 for DISCOVERED_A_NEW_TERM
2019-11-13 04:07:05,591 [32d4d447-2d26-4c49-a5e1-cd2d67dbedad@group-038E72117229-LeaderElection79] INFO  impl.RoleInfo (RoleInfo.java:shutdownLeaderElection(134)) - 32d4d447-2d26-4c49-a5e1-cd2d67dbedad: shutdown LeaderElection
2019-11-13 04:07:05,591 [32d4d447-2d26-4c49-a5e1-cd2d67dbedad@group-038E72117229-LeaderElection79] INFO  impl.RoleInfo (RoleInfo.java:updateAndGet(143)) - 32d4d447-2d26-4c49-a5e1-cd2d67dbedad: start FollowerState
2019-11-13 04:07:06,001 [Thread-1889] INFO  impl.FollowerState (FollowerState.java:run(111)) - 50248509-472f-4b93-9431-0a6e6bd3eac0@group-609D232F86F7-FollowerState: change to CANDIDATE, lastRpcTime:1023ms, electionTimeout:1023ms
2019-11-13 04:07:06,001 [Thread-1889] INFO  impl.RoleInfo (RoleInfo.java:shutdownFollowerState(121)) - 50248509-472f-4b93-9431-0a6e6bd3eac0: shutdown FollowerState
2019-11-13 04:07:06,001 [Thread-1889] INFO  impl.RaftServerImpl (RaftServerImpl.java:setRole(173)) - 50248509-472f-4b93-9431-0a6e6bd3eac0@group-609D232F86F7: changes role from  FOLLOWER to CANDIDATE at term 6 for changeToCandidate
2019-11-13 04:07:06,001 [Thread-1889] INFO  impl.RoleInfo (RoleInfo.java:updateAndGet(143)) - 50248509-472f-4b93-9431-0a6e6bd3eac0: start LeaderElection
2019-11-13 04:07:06,015 [50248509-472f-4b93-9431-0a6e6bd3eac0@group-609D232F86F7-LeaderElection80] INFO  impl.LeaderElection (LeaderElection.java:askForVotes(178)) - 50248509-472f-4b93-9431-0a6e6bd3eac0@group-609D232F86F7-LeaderElection80: begin an election at term 7 for 1: [0cea8a44-7441-4692-92a5-de212c14b418:192.168.34.45:44463, 50248509-472f-4b93-9431-0a6e6bd3eac0:192.168.34.45:43078, 64d096e6-e0ae-4a1d-97a3-03513c91a164:192.168.34.45:39823], old=null
2019-11-13 04:07:06,016 [50248509-472f-4b93-9431-0a6e6bd3eac0@group-609D232F86F7-LeaderElection80] INFO  impl.LeaderElection (LogUtils.java:infoOrTrace(149)) - 50248509-472f-4b93-9431-0a6e6bd3eac0@group-609D232F86F7-LeaderElection80 got exception when requesting votes: {}
java.util.concurrent.ExecutionException: org.apache.ratis.thirdparty.io.grpc.StatusRuntimeException: UNAVAILABLE: io exception
	at java.util.concurrent.FutureTask.report(FutureTask.java:122)
	at java.util.concurrent.FutureTask.get(FutureTask.java:192)
	at org.apache.ratis.server.impl.LeaderElection.waitForResults(LeaderElection.java:259)
	at org.apache.ratis.server.impl.LeaderElection.askForVotes(LeaderElection.java:197)
	at org.apache.ratis.server.impl.LeaderElection.run(LeaderElection.java:133)
	at java.lang.Thread.run(Thread.java:748)
Caused by: org.apache.ratis.thirdparty.io.grpc.StatusRuntimeException: UNAVAILABLE: io exception
	at org.apache.ratis.thirdparty.io.grpc.stub.ClientCalls.toStatusRuntimeException(ClientCalls.java:233)
	at org.apache.ratis.thirdparty.io.grpc.stub.ClientCalls.getUnchecked(ClientCalls.java:214)
	at org.apache.ratis.thirdparty.io.grpc.stub.ClientCalls.blockingUnaryCall(ClientCalls.java:139)
	at org.apache.ratis.proto.grpc.RaftServerProtocolServiceGrpc$RaftServerProtocolServiceBlockingStub.requestVote(RaftServerProtocolServiceGrpc.java:265)
	at org.apache.ratis.grpc.server.GrpcServerProtocolClient.requestVote(GrpcServerProtocolClient.java:99)
	at org.apache.ratis.grpc.server.GrpcService.requestVote(GrpcService.java:204)
	at org.apache.ratis.server.impl.LeaderElection.lambda$submitRequests$1(LeaderElection.java:234)
	at java.util.concurrent.FutureTask.run(FutureTask.java:266)
	at java.util.concurrent.Executors$RunnableAdapter.call(Executors.java:511)
	at java.util.concurrent.FutureTask.run(FutureTask.java:266)
	at java.util.concurrent.ThreadPoolExecutor.runWorker(ThreadPoolExecutor.java:1149)
	at java.util.concurrent.ThreadPoolExecutor$Worker.run(ThreadPoolExecutor.java:624)
	... 1 more
Caused by: org.apache.ratis.thirdparty.io.netty.channel.AbstractChannel$AnnotatedConnectException: Connection refused: /192.168.34.45:44463
	at sun.nio.ch.SocketChannelImpl.checkConnect(Native Method)
	at sun.nio.ch.SocketChannelImpl.finishConnect(SocketChannelImpl.java:717)
	at org.apache.ratis.thirdparty.io.netty.channel.socket.nio.NioSocketChannel.doFinishConnect(NioSocketChannel.java:327)
	at org.apache.ratis.thirdparty.io.netty.channel.nio.AbstractNioChannel$AbstractNioUnsafe.finishConnect(AbstractNioChannel.java:340)
	at org.apache.ratis.thirdparty.io.netty.channel.nio.NioEventLoop.processSelectedKey(NioEventLoop.java:632)
	at org.apache.ratis.thirdparty.io.netty.channel.nio.NioEventLoop.processSelectedKeysOptimized(NioEventLoop.java:579)
	at org.apache.ratis.thirdparty.io.netty.channel.nio.NioEventLoop.processSelectedKeys(NioEventLoop.java:496)
	at org.apache.ratis.thirdparty.io.netty.channel.nio.NioEventLoop.run(NioEventLoop.java:458)
	at org.apache.ratis.thirdparty.io.netty.util.concurrent.SingleThreadEventExecutor$5.run(SingleThreadEventExecutor.java:897)
	at org.apache.ratis.thirdparty.io.netty.util.concurrent.FastThreadLocalRunnable.run(FastThreadLocalRunnable.java:30)
	... 1 more
Caused by: java.net.ConnectException: Connection refused
	... 11 more
2019-11-13 04:07:06,018 [50248509-472f-4b93-9431-0a6e6bd3eac0@group-609D232F86F7-LeaderElection80] INFO  impl.LeaderElection (LogUtils.java:infoOrTrace(149)) - 50248509-472f-4b93-9431-0a6e6bd3eac0@group-609D232F86F7-LeaderElection80 got exception when requesting votes: {}
java.util.concurrent.ExecutionException: org.apache.ratis.thirdparty.io.grpc.StatusRuntimeException: UNAVAILABLE: io exception
	at java.util.concurrent.FutureTask.report(FutureTask.java:122)
	at java.util.concurrent.FutureTask.get(FutureTask.java:192)
	at org.apache.ratis.server.impl.LeaderElection.waitForResults(LeaderElection.java:259)
	at org.apache.ratis.server.impl.LeaderElection.askForVotes(LeaderElection.java:197)
	at org.apache.ratis.server.impl.LeaderElection.run(LeaderElection.java:133)
	at java.lang.Thread.run(Thread.java:748)
Caused by: org.apache.ratis.thirdparty.io.grpc.StatusRuntimeException: UNAVAILABLE: io exception
	at org.apache.ratis.thirdparty.io.grpc.stub.ClientCalls.toStatusRuntimeException(ClientCalls.java:233)
	at org.apache.ratis.thirdparty.io.grpc.stub.ClientCalls.getUnchecked(ClientCalls.java:214)
	at org.apache.ratis.thirdparty.io.grpc.stub.ClientCalls.blockingUnaryCall(ClientCalls.java:139)
	at org.apache.ratis.proto.grpc.RaftServerProtocolServiceGrpc$RaftServerProtocolServiceBlockingStub.requestVote(RaftServerProtocolServiceGrpc.java:265)
	at org.apache.ratis.grpc.server.GrpcServerProtocolClient.requestVote(GrpcServerProtocolClient.java:99)
	at org.apache.ratis.grpc.server.GrpcService.requestVote(GrpcService.java:204)
	at org.apache.ratis.server.impl.LeaderElection.lambda$submitRequests$1(LeaderElection.java:234)
	at java.util.concurrent.FutureTask.run(FutureTask.java:266)
	at java.util.concurrent.Executors$RunnableAdapter.call(Executors.java:511)
	at java.util.concurrent.FutureTask.run(FutureTask.java:266)
	at java.util.concurrent.ThreadPoolExecutor.runWorker(ThreadPoolExecutor.java:1149)
	at java.util.concurrent.ThreadPoolExecutor$Worker.run(ThreadPoolExecutor.java:624)
	... 1 more
Caused by: org.apache.ratis.thirdparty.io.netty.channel.AbstractChannel$AnnotatedConnectException: Connection refused: /192.168.34.45:39823
	at sun.nio.ch.SocketChannelImpl.checkConnect(Native Method)
	at sun.nio.ch.SocketChannelImpl.finishConnect(SocketChannelImpl.java:717)
	at org.apache.ratis.thirdparty.io.netty.channel.socket.nio.NioSocketChannel.doFinishConnect(NioSocketChannel.java:327)
	at org.apache.ratis.thirdparty.io.netty.channel.nio.AbstractNioChannel$AbstractNioUnsafe.finishConnect(AbstractNioChannel.java:340)
	at org.apache.ratis.thirdparty.io.netty.channel.nio.NioEventLoop.processSelectedKey(NioEventLoop.java:632)
	at org.apache.ratis.thirdparty.io.netty.channel.nio.NioEventLoop.processSelectedKeysOptimized(NioEventLoop.java:579)
	at org.apache.ratis.thirdparty.io.netty.channel.nio.NioEventLoop.processSelectedKeys(NioEventLoop.java:496)
	at org.apache.ratis.thirdparty.io.netty.channel.nio.NioEventLoop.run(NioEventLoop.java:458)
	at org.apache.ratis.thirdparty.io.netty.util.concurrent.SingleThreadEventExecutor$5.run(SingleThreadEventExecutor.java:897)
	at org.apache.ratis.thirdparty.io.netty.util.concurrent.FastThreadLocalRunnable.run(FastThreadLocalRunnable.java:30)
	... 1 more
Caused by: java.net.ConnectException: Connection refused
	... 11 more
2019-11-13 04:07:06,026 [50248509-472f-4b93-9431-0a6e6bd3eac0@group-609D232F86F7-LeaderElection80] INFO  impl.LeaderElection (LeaderElection.java:logAndReturn(56)) - 50248509-472f-4b93-9431-0a6e6bd3eac0@group-609D232F86F7-LeaderElection80: Election REJECTED; received 0 response(s) [] and 2 exception(s); 50248509-472f-4b93-9431-0a6e6bd3eac0@group-609D232F86F7:t7, leader=null, voted=50248509-472f-4b93-9431-0a6e6bd3eac0, raftlog=50248509-472f-4b93-9431-0a6e6bd3eac0@group-609D232F86F7-SegmentedRaftLog:OPENED:c2,f2,i2, conf=1: [0cea8a44-7441-4692-92a5-de212c14b418:192.168.34.45:44463, 50248509-472f-4b93-9431-0a6e6bd3eac0:192.168.34.45:43078, 64d096e6-e0ae-4a1d-97a3-03513c91a164:192.168.34.45:39823], old=null
2019-11-13 04:07:06,026 [50248509-472f-4b93-9431-0a6e6bd3eac0@group-609D232F86F7-LeaderElection80] INFO  impl.LeaderElection (LogUtils.java:infoOrTrace(149)) -   Exception 0: {}
java.util.concurrent.ExecutionException: org.apache.ratis.thirdparty.io.grpc.StatusRuntimeException: UNAVAILABLE: io exception
	at java.util.concurrent.FutureTask.report(FutureTask.java:122)
	at java.util.concurrent.FutureTask.get(FutureTask.java:192)
	at org.apache.ratis.server.impl.LeaderElection.waitForResults(LeaderElection.java:259)
	at org.apache.ratis.server.impl.LeaderElection.askForVotes(LeaderElection.java:197)
	at org.apache.ratis.server.impl.LeaderElection.run(LeaderElection.java:133)
	at java.lang.Thread.run(Thread.java:748)
Caused by: org.apache.ratis.thirdparty.io.grpc.StatusRuntimeException: UNAVAILABLE: io exception
	at org.apache.ratis.thirdparty.io.grpc.stub.ClientCalls.toStatusRuntimeException(ClientCalls.java:233)
	at org.apache.ratis.thirdparty.io.grpc.stub.ClientCalls.getUnchecked(ClientCalls.java:214)
	at org.apache.ratis.thirdparty.io.grpc.stub.ClientCalls.blockingUnaryCall(ClientCalls.java:139)
	at org.apache.ratis.proto.grpc.RaftServerProtocolServiceGrpc$RaftServerProtocolServiceBlockingStub.requestVote(RaftServerProtocolServiceGrpc.java:265)
	at org.apache.ratis.grpc.server.GrpcServerProtocolClient.requestVote(GrpcServerProtocolClient.java:99)
	at org.apache.ratis.grpc.server.GrpcService.requestVote(GrpcService.java:204)
	at org.apache.ratis.server.impl.LeaderElection.lambda$submitRequests$1(LeaderElection.java:234)
	at java.util.concurrent.FutureTask.run(FutureTask.java:266)
	at java.util.concurrent.Executors$RunnableAdapter.call(Executors.java:511)
	at java.util.concurrent.FutureTask.run(FutureTask.java:266)
	at java.util.concurrent.ThreadPoolExecutor.runWorker(ThreadPoolExecutor.java:1149)
	at java.util.concurrent.ThreadPoolExecutor$Worker.run(ThreadPoolExecutor.java:624)
	... 1 more
Caused by: org.apache.ratis.thirdparty.io.netty.channel.AbstractChannel$AnnotatedConnectException: Connection refused: /192.168.34.45:44463
	at sun.nio.ch.SocketChannelImpl.checkConnect(Native Method)
	at sun.nio.ch.SocketChannelImpl.finishConnect(SocketChannelImpl.java:717)
	at org.apache.ratis.thirdparty.io.netty.channel.socket.nio.NioSocketChannel.doFinishConnect(NioSocketChannel.java:327)
	at org.apache.ratis.thirdparty.io.netty.channel.nio.AbstractNioChannel$AbstractNioUnsafe.finishConnect(AbstractNioChannel.java:340)
	at org.apache.ratis.thirdparty.io.netty.channel.nio.NioEventLoop.processSelectedKey(NioEventLoop.java:632)
	at org.apache.ratis.thirdparty.io.netty.channel.nio.NioEventLoop.processSelectedKeysOptimized(NioEventLoop.java:579)
	at org.apache.ratis.thirdparty.io.netty.channel.nio.NioEventLoop.processSelectedKeys(NioEventLoop.java:496)
	at org.apache.ratis.thirdparty.io.netty.channel.nio.NioEventLoop.run(NioEventLoop.java:458)
	at org.apache.ratis.thirdparty.io.netty.util.concurrent.SingleThreadEventExecutor$5.run(SingleThreadEventExecutor.java:897)
	at org.apache.ratis.thirdparty.io.netty.util.concurrent.FastThreadLocalRunnable.run(FastThreadLocalRunnable.java:30)
	... 1 more
Caused by: java.net.ConnectException: Connection refused
	... 11 more
2019-11-13 04:07:06,027 [50248509-472f-4b93-9431-0a6e6bd3eac0@group-609D232F86F7-LeaderElection80] INFO  impl.LeaderElection (LogUtils.java:infoOrTrace(149)) -   Exception 1: {}
java.util.concurrent.ExecutionException: org.apache.ratis.thirdparty.io.grpc.StatusRuntimeException: UNAVAILABLE: io exception
	at java.util.concurrent.FutureTask.report(FutureTask.java:122)
	at java.util.concurrent.FutureTask.get(FutureTask.java:192)
	at org.apache.ratis.server.impl.LeaderElection.waitForResults(LeaderElection.java:259)
	at org.apache.ratis.server.impl.LeaderElection.askForVotes(LeaderElection.java:197)
	at org.apache.ratis.server.impl.LeaderElection.run(LeaderElection.java:133)
	at java.lang.Thread.run(Thread.java:748)
Caused by: org.apache.ratis.thirdparty.io.grpc.StatusRuntimeException: UNAVAILABLE: io exception
	at org.apache.ratis.thirdparty.io.grpc.stub.ClientCalls.toStatusRuntimeException(ClientCalls.java:233)
	at org.apache.ratis.thirdparty.io.grpc.stub.ClientCalls.getUnchecked(ClientCalls.java:214)
	at org.apache.ratis.thirdparty.io.grpc.stub.ClientCalls.blockingUnaryCall(ClientCalls.java:139)
	at org.apache.ratis.proto.grpc.RaftServerProtocolServiceGrpc$RaftServerProtocolServiceBlockingStub.requestVote(RaftServerProtocolServiceGrpc.java:265)
	at org.apache.ratis.grpc.server.GrpcServerProtocolClient.requestVote(GrpcServerProtocolClient.java:99)
	at org.apache.ratis.grpc.server.GrpcService.requestVote(GrpcService.java:204)
	at org.apache.ratis.server.impl.LeaderElection.lambda$submitRequests$1(LeaderElection.java:234)
	at java.util.concurrent.FutureTask.run(FutureTask.java:266)
	at java.util.concurrent.Executors$RunnableAdapter.call(Executors.java:511)
	at java.util.concurrent.FutureTask.run(FutureTask.java:266)
	at java.util.concurrent.ThreadPoolExecutor.runWorker(ThreadPoolExecutor.java:1149)
	at java.util.concurrent.ThreadPoolExecutor$Worker.run(ThreadPoolExecutor.java:624)
	... 1 more
Caused by: org.apache.ratis.thirdparty.io.netty.channel.AbstractChannel$AnnotatedConnectException: Connection refused: /192.168.34.45:39823
	at sun.nio.ch.SocketChannelImpl.checkConnect(Native Method)
	at sun.nio.ch.SocketChannelImpl.finishConnect(SocketChannelImpl.java:717)
	at org.apache.ratis.thirdparty.io.netty.channel.socket.nio.NioSocketChannel.doFinishConnect(NioSocketChannel.java:327)
	at org.apache.ratis.thirdparty.io.netty.channel.nio.AbstractNioChannel$AbstractNioUnsafe.finishConnect(AbstractNioChannel.java:340)
	at org.apache.ratis.thirdparty.io.netty.channel.nio.NioEventLoop.processSelectedKey(NioEventLoop.java:632)
	at org.apache.ratis.thirdparty.io.netty.channel.nio.NioEventLoop.processSelectedKeysOptimized(NioEventLoop.java:579)
	at org.apache.ratis.thirdparty.io.netty.channel.nio.NioEventLoop.processSelectedKeys(NioEventLoop.java:496)
	at org.apache.ratis.thirdparty.io.netty.channel.nio.NioEventLoop.run(NioEventLoop.java:458)
	at org.apache.ratis.thirdparty.io.netty.util.concurrent.SingleThreadEventExecutor$5.run(SingleThreadEventExecutor.java:897)
	at org.apache.ratis.thirdparty.io.netty.util.concurrent.FastThreadLocalRunnable.run(FastThreadLocalRunnable.java:30)
	... 1 more
Caused by: java.net.ConnectException: Connection refused
	... 11 more
2019-11-13 04:07:06,027 [50248509-472f-4b93-9431-0a6e6bd3eac0@group-609D232F86F7-LeaderElection80] INFO  impl.RaftServerImpl (RaftServerImpl.java:setRole(173)) - 50248509-472f-4b93-9431-0a6e6bd3eac0@group-609D232F86F7: changes role from CANDIDATE to FOLLOWER at term 7 for DISCOVERED_A_NEW_TERM
2019-11-13 04:07:06,028 [50248509-472f-4b93-9431-0a6e6bd3eac0@group-609D232F86F7-LeaderElection80] INFO  impl.RoleInfo (RoleInfo.java:shutdownLeaderElection(134)) - 50248509-472f-4b93-9431-0a6e6bd3eac0: shutdown LeaderElection
2019-11-13 04:07:06,028 [50248509-472f-4b93-9431-0a6e6bd3eac0@group-609D232F86F7-LeaderElection80] INFO  impl.RoleInfo (RoleInfo.java:updateAndGet(143)) - 50248509-472f-4b93-9431-0a6e6bd3eac0: start FollowerState
2019-11-13 04:07:06,087 [ForkJoinPool.commonPool-worker-0] INFO  ozoneimpl.OzoneContainer (OzoneContainer.java:stop(244)) - Attempting to stop container services.
2019-11-13 04:07:06,087 [main] INFO  ozoneimpl.OzoneContainer (OzoneContainer.java:stop(244)) - Attempting to stop container services.
2019-11-13 04:07:06,088 [ForkJoinPool.commonPool-worker-0] INFO  impl.RaftServerProxy (RaftServerProxy.java:lambda$close$4(314)) - 32d4d447-2d26-4c49-a5e1-cd2d67dbedad: close
2019-11-13 04:07:06,088 [main] INFO  impl.RaftServerProxy (RaftServerProxy.java:lambda$close$4(314)) - 50248509-472f-4b93-9431-0a6e6bd3eac0: close
2019-11-13 04:07:06,089 [ForkJoinPool.commonPool-worker-0] INFO  impl.RaftServerImpl (RaftServerImpl.java:lambda$shutdown$3(250)) - 32d4d447-2d26-4c49-a5e1-cd2d67dbedad@group-038E72117229: shutdown
2019-11-13 04:07:06,089 [main] INFO  impl.RaftServerImpl (RaftServerImpl.java:lambda$shutdown$3(250)) - 50248509-472f-4b93-9431-0a6e6bd3eac0@group-7217ED3EB841: shutdown
2019-11-13 04:07:06,089 [ForkJoinPool.commonPool-worker-0] INFO  util.JmxRegister (JmxRegister.java:unregister(73)) - Successfully un-registered JMX Bean with object name Ratis:service=RaftServer,group=group-038E72117229,id=32d4d447-2d26-4c49-a5e1-cd2d67dbedad
2019-11-13 04:07:06,090 [main] INFO  util.JmxRegister (JmxRegister.java:unregister(73)) - Successfully un-registered JMX Bean with object name Ratis:service=RaftServer,group=group-7217ED3EB841,id=50248509-472f-4b93-9431-0a6e6bd3eac0
2019-11-13 04:07:06,090 [ForkJoinPool.commonPool-worker-0] INFO  impl.RoleInfo (RoleInfo.java:shutdownFollowerState(121)) - 32d4d447-2d26-4c49-a5e1-cd2d67dbedad: shutdown FollowerState
2019-11-13 04:07:06,090 [main] INFO  impl.RoleInfo (RoleInfo.java:shutdownLeaderState(104)) - 50248509-472f-4b93-9431-0a6e6bd3eac0: shutdown LeaderState
2019-11-13 04:07:06,091 [Thread-1893] INFO  impl.FollowerState (FollowerState.java:run(120)) - 32d4d447-2d26-4c49-a5e1-cd2d67dbedad@group-038E72117229-FollowerState was interrupted: java.lang.InterruptedException: sleep interrupted
2019-11-13 04:07:06,091 [ForkJoinPool.commonPool-worker-0] INFO  impl.StateMachineUpdater (StateMachineUpdater.java:stopAndJoin(136)) - 32d4d447-2d26-4c49-a5e1-cd2d67dbedad@group-038E72117229-StateMachineUpdater: set stopIndex = 2
2019-11-13 04:07:06,092 [main] INFO  impl.PendingRequests (PendingRequests.java:sendNotLeaderResponses(206)) - 50248509-472f-4b93-9431-0a6e6bd3eac0@group-7217ED3EB841-PendingRequests: sendNotLeaderResponses
2019-11-13 04:07:06,092 [ForkJoinPool.commonPool-worker-0] INFO  impl.RaftServerImpl (ServerState.java:close(387)) - 32d4d447-2d26-4c49-a5e1-cd2d67dbedad@group-038E72117229: closes. applyIndex: 2
2019-11-13 04:07:06,093 [main] INFO  impl.StateMachineUpdater (StateMachineUpdater.java:stopAndJoin(136)) - 50248509-472f-4b93-9431-0a6e6bd3eac0@group-7217ED3EB841-StateMachineUpdater: set stopIndex = 0
2019-11-13 04:07:06,093 [32d4d447-2d26-4c49-a5e1-cd2d67dbedad@group-038E72117229-SegmentedRaftLogWorker] INFO  segmented.SegmentedRaftLogWorker (SegmentedRaftLogWorker.java:run(316)) - 32d4d447-2d26-4c49-a5e1-cd2d67dbedad@group-038E72117229-SegmentedRaftLogWorker was interrupted, exiting. There are 0 tasks remaining in the queue.
2019-11-13 04:07:06,093 [main] INFO  impl.RaftServerImpl (ServerState.java:close(387)) - 50248509-472f-4b93-9431-0a6e6bd3eac0@group-7217ED3EB841: closes. applyIndex: 0
2019-11-13 04:07:06,094 [ForkJoinPool.commonPool-worker-0] INFO  segmented.SegmentedRaftLogWorker (SegmentedRaftLogWorker.java:close(224)) - 32d4d447-2d26-4c49-a5e1-cd2d67dbedad@group-038E72117229-SegmentedRaftLogWorker close()
2019-11-13 04:07:06,094 [50248509-472f-4b93-9431-0a6e6bd3eac0@group-7217ED3EB841-SegmentedRaftLogWorker] INFO  segmented.SegmentedRaftLogWorker (SegmentedRaftLogWorker.java:run(316)) - 50248509-472f-4b93-9431-0a6e6bd3eac0@group-7217ED3EB841-SegmentedRaftLogWorker was interrupted, exiting. There are 0 tasks remaining in the queue.
2019-11-13 04:07:06,095 [ForkJoinPool.commonPool-worker-0] INFO  impl.RaftServerImpl (RaftServerImpl.java:lambda$shutdown$3(250)) - 32d4d447-2d26-4c49-a5e1-cd2d67dbedad@group-C97815DA9AD4: shutdown
2019-11-13 04:07:06,095 [main] INFO  segmented.SegmentedRaftLogWorker (SegmentedRaftLogWorker.java:close(224)) - 50248509-472f-4b93-9431-0a6e6bd3eac0@group-7217ED3EB841-SegmentedRaftLogWorker close()
2019-11-13 04:07:06,096 [ForkJoinPool.commonPool-worker-0] INFO  util.JmxRegister (JmxRegister.java:unregister(73)) - Successfully un-registered JMX Bean with object name Ratis:service=RaftServer,group=group-C97815DA9AD4,id=32d4d447-2d26-4c49-a5e1-cd2d67dbedad
2019-11-13 04:07:06,099 [main] INFO  impl.RaftServerImpl (RaftServerImpl.java:lambda$shutdown$3(250)) - 50248509-472f-4b93-9431-0a6e6bd3eac0@group-609D232F86F7: shutdown
2019-11-13 04:07:06,099 [ForkJoinPool.commonPool-worker-0] INFO  impl.RoleInfo (RoleInfo.java:shutdownLeaderState(104)) - 32d4d447-2d26-4c49-a5e1-cd2d67dbedad: shutdown LeaderState
2019-11-13 04:07:06,100 [main] INFO  util.JmxRegister (JmxRegister.java:unregister(73)) - Successfully un-registered JMX Bean with object name Ratis:service=RaftServer,group=group-609D232F86F7,id=50248509-472f-4b93-9431-0a6e6bd3eac0
2019-11-13 04:07:06,100 [ForkJoinPool.commonPool-worker-0] INFO  impl.PendingRequests (PendingRequests.java:sendNotLeaderResponses(206)) - 32d4d447-2d26-4c49-a5e1-cd2d67dbedad@group-C97815DA9AD4-PendingRequests: sendNotLeaderResponses
2019-11-13 04:07:06,100 [main] INFO  impl.RoleInfo (RoleInfo.java:shutdownFollowerState(121)) - 50248509-472f-4b93-9431-0a6e6bd3eac0: shutdown FollowerState
2019-11-13 04:07:06,101 [ForkJoinPool.commonPool-worker-0] INFO  impl.StateMachineUpdater (StateMachineUpdater.java:stopAndJoin(136)) - 32d4d447-2d26-4c49-a5e1-cd2d67dbedad@group-C97815DA9AD4-StateMachineUpdater: set stopIndex = 0
2019-11-13 04:07:06,101 [Thread-1897] INFO  impl.FollowerState (FollowerState.java:run(120)) - 50248509-472f-4b93-9431-0a6e6bd3eac0@group-609D232F86F7-FollowerState was interrupted: java.lang.InterruptedException: sleep interrupted
2019-11-13 04:07:06,101 [main] INFO  impl.StateMachineUpdater (StateMachineUpdater.java:stopAndJoin(136)) - 50248509-472f-4b93-9431-0a6e6bd3eac0@group-609D232F86F7-StateMachineUpdater: set stopIndex = 2
2019-11-13 04:07:06,102 [ForkJoinPool.commonPool-worker-0] INFO  impl.RaftServerImpl (ServerState.java:close(387)) - 32d4d447-2d26-4c49-a5e1-cd2d67dbedad@group-C97815DA9AD4: closes. applyIndex: 0
2019-11-13 04:07:06,102 [main] INFO  impl.RaftServerImpl (ServerState.java:close(387)) - 50248509-472f-4b93-9431-0a6e6bd3eac0@group-609D232F86F7: closes. applyIndex: 2
2019-11-13 04:07:06,103 [32d4d447-2d26-4c49-a5e1-cd2d67dbedad@group-C97815DA9AD4-SegmentedRaftLogWorker] INFO  segmented.SegmentedRaftLogWorker (SegmentedRaftLogWorker.java:run(316)) - 32d4d447-2d26-4c49-a5e1-cd2d67dbedad@group-C97815DA9AD4-SegmentedRaftLogWorker was interrupted, exiting. There are 0 tasks remaining in the queue.
2019-11-13 04:07:06,103 [50248509-472f-4b93-9431-0a6e6bd3eac0@group-609D232F86F7-SegmentedRaftLogWorker] INFO  segmented.SegmentedRaftLogWorker (SegmentedRaftLogWorker.java:run(316)) - 50248509-472f-4b93-9431-0a6e6bd3eac0@group-609D232F86F7-SegmentedRaftLogWorker was interrupted, exiting. There are 0 tasks remaining in the queue.
2019-11-13 04:07:06,103 [ForkJoinPool.commonPool-worker-0] INFO  segmented.SegmentedRaftLogWorker (SegmentedRaftLogWorker.java:close(224)) - 32d4d447-2d26-4c49-a5e1-cd2d67dbedad@group-C97815DA9AD4-SegmentedRaftLogWorker close()
2019-11-13 04:07:06,104 [main] INFO  segmented.SegmentedRaftLogWorker (SegmentedRaftLogWorker.java:close(224)) - 50248509-472f-4b93-9431-0a6e6bd3eac0@group-609D232F86F7-SegmentedRaftLogWorker close()
2019-11-13 04:07:06,104 [ForkJoinPool.commonPool-worker-0] INFO  server.GrpcService (GrpcService.java:closeImpl(164)) - 32d4d447-2d26-4c49-a5e1-cd2d67dbedad: shutdown server with port 40211 now
2019-11-13 04:07:06,105 [main] INFO  server.GrpcService (GrpcService.java:closeImpl(164)) - 50248509-472f-4b93-9431-0a6e6bd3eac0: shutdown server with port 43078 now
2019-11-13 04:07:06,105 [ForkJoinPool.commonPool-worker-0] INFO  server.GrpcService (GrpcService.java:closeImpl(172)) - 32d4d447-2d26-4c49-a5e1-cd2d67dbedad: shutdown server with port 40211 successfully
2019-11-13 04:07:06,105 [main] INFO  server.GrpcService (GrpcService.java:closeImpl(172)) - 50248509-472f-4b93-9431-0a6e6bd3eac0: shutdown server with port 43078 successfully
2019-11-13 04:07:06,109 [refreshUsed-/workdir/hadoop-ozone/integration-test/target/test-dir/MiniOzoneClusterImpl-b85b6ab0-505c-4a5c-9cb9-9f0034e19733/datanode-0/data/containers] WARN  fs.CachingGetSpaceUsed (CachingGetSpaceUsed.java:run(183)) - Thread Interrupted waiting to refresh disk information: sleep interrupted
2019-11-13 04:07:06,110 [refreshUsed-/workdir/hadoop-ozone/integration-test/target/test-dir/MiniOzoneClusterImpl-b85b6ab0-505c-4a5c-9cb9-9f0034e19733/datanode-4/data/containers] WARN  fs.CachingGetSpaceUsed (CachingGetSpaceUsed.java:run(183)) - Thread Interrupted waiting to refresh disk information: sleep interrupted
2019-11-13 04:07:06,133 [ForkJoinPool.commonPool-worker-0] INFO  utils.BackgroundService (BackgroundService.java:shutdown(151)) - Shutting down service BlockDeletingService
2019-11-13 04:07:06,136 [ForkJoinPool.commonPool-worker-0] INFO  statemachine.DatanodeStateMachine (DatanodeStateMachine.java:stopDaemon(395)) - Ozone container server stopped.
2019-11-13 04:07:06,139 [main] INFO  utils.BackgroundService (BackgroundService.java:shutdown(151)) - Shutting down service BlockDeletingService
2019-11-13 04:07:06,140 [ForkJoinPool.commonPool-worker-0] INFO  handler.ContextHandler (ContextHandler.java:doStop(910)) - Stopped o.e.j.w.WebAppContext@30c3ae63{/,null,UNAVAILABLE}{/hddsDatanode}
2019-11-13 04:07:06,143 [main] INFO  statemachine.DatanodeStateMachine (DatanodeStateMachine.java:stopDaemon(395)) - Ozone container server stopped.
2019-11-13 04:07:06,143 [ForkJoinPool.commonPool-worker-0] INFO  server.AbstractConnector (AbstractConnector.java:doStop(318)) - Stopped ServerConnector@58658f63{HTTP/1.1,[http/1.1]}{0.0.0.0:0}
2019-11-13 04:07:06,145 [ForkJoinPool.commonPool-worker-0] INFO  handler.ContextHandler (ContextHandler.java:doStop(910)) - Stopped o.e.j.s.ServletContextHandler@67022ea{/static,jar:file:/home/user/.m2/repository/org/apache/hadoop/hadoop-hdds-container-service/0.5.0-SNAPSHOT/hadoop-hdds-container-service-0.5.0-SNAPSHOT.jar!/webapps/static,UNAVAILABLE}
2019-11-13 04:07:06,146 [main] INFO  handler.ContextHandler (ContextHandler.java:doStop(910)) - Stopped o.e.j.w.WebAppContext@23cbbd07{/,null,UNAVAILABLE}{/hddsDatanode}
2019-11-13 04:07:06,146 [ForkJoinPool.commonPool-worker-0] INFO  handler.ContextHandler (ContextHandler.java:doStop(910)) - Stopped o.e.j.s.ServletContextHandler@52b46d52{/logs,file:///workdir/hadoop-ozone/integration-test/target/log,UNAVAILABLE}
2019-11-13 04:07:06,147 [main] INFO  server.AbstractConnector (AbstractConnector.java:doStop(318)) - Stopped ServerConnector@448b808a{HTTP/1.1,[http/1.1]}{0.0.0.0:0}
2019-11-13 04:07:06,148 [main] INFO  handler.ContextHandler (ContextHandler.java:doStop(910)) - Stopped o.e.j.s.ServletContextHandler@34d713a2{/static,jar:file:/home/user/.m2/repository/org/apache/hadoop/hadoop-hdds-container-service/0.5.0-SNAPSHOT/hadoop-hdds-container-service-0.5.0-SNAPSHOT.jar!/webapps/static,UNAVAILABLE}
2019-11-13 04:07:06,148 [main] INFO  handler.ContextHandler (ContextHandler.java:doStop(910)) - Stopped o.e.j.s.ServletContextHandler@4c0e426a{/logs,file:///workdir/hadoop-ozone/integration-test/target/log,UNAVAILABLE}
2019-11-13 04:07:06,150 [main] INFO  ozone.MiniOzoneClusterImpl (MiniOzoneClusterImpl.java:stopSCM(430)) - Stopping the StorageContainerManager
2019-11-13 04:07:06,150 [main] INFO  server.StorageContainerManager (StorageContainerManager.java:stop(802)) - Stopping Replication Manager Service.
2019-11-13 04:07:06,150 [main] INFO  container.ReplicationManager (ReplicationManager.java:stop(203)) - Stopping Replication Monitor Thread.
2019-11-13 04:07:06,150 [main] INFO  server.StorageContainerManager (StorageContainerManager.java:stop(809)) - Stopping Lease Manager of the command watchers
2019-11-13 04:07:06,150 [main] INFO  server.StorageContainerManager (StorageContainerManager.java:stop(816)) - Stopping datanode service RPC server
2019-11-13 04:07:06,151 [main] INFO  server.SCMDatanodeProtocolServer (SCMDatanodeProtocolServer.java:stop(346)) - Stopping the RPC server for DataNodes
2019-11-13 04:07:06,151 [main] INFO  ipc.Server (Server.java:stop(3082)) - Stopping server on 43407
2019-11-13 04:07:06,152 [IPC Server listener on 43407] INFO  ipc.Server (Server.java:run(1185)) - Stopping IPC Server listener on 43407
2019-11-13 04:07:06,154 [IPC Server Responder] INFO  ipc.Server (Server.java:run(1319)) - Stopping IPC Server Responder
2019-11-13 04:07:06,182 [SCM Heartbeat Processing Thread - 0] WARN  node.NodeStateManager (NodeStateManager.java:scheduleNextHealthCheck(646)) - Current Thread is interrupted, shutting down HB processing thread for Node Manager.
2019-11-13 04:07:06,183 [main] INFO  server.StorageContainerManager (StorageContainerManager.java:stop(824)) - Stopping block service RPC server
2019-11-13 04:07:06,183 [main] INFO  server.SCMBlockProtocolServer (SCMBlockProtocolServer.java:stop(155)) - Stopping the RPC server for Block Protocol
2019-11-13 04:07:06,183 [main] INFO  ipc.Server (Server.java:stop(3082)) - Stopping server on 37139
2019-11-13 04:07:06,185 [IPC Server listener on 37139] INFO  ipc.Server (Server.java:run(1185)) - Stopping IPC Server listener on 37139
2019-11-13 04:07:06,185 [main] INFO  server.StorageContainerManager (StorageContainerManager.java:stop(831)) - Stopping the StorageContainerLocationProtocol RPC server
2019-11-13 04:07:06,186 [IPC Server Responder] INFO  ipc.Server (Server.java:run(1319)) - Stopping IPC Server Responder
2019-11-13 04:07:06,186 [main] INFO  server.SCMClientProtocolServer (SCMClientProtocolServer.java:stop(168)) - Stopping the RPC server for Client Protocol
2019-11-13 04:07:06,188 [main] INFO  ipc.Server (Server.java:stop(3082)) - Stopping server on 34684
2019-11-13 04:07:06,189 [IPC Server listener on 34684] INFO  ipc.Server (Server.java:run(1185)) - Stopping IPC Server listener on 34684
2019-11-13 04:07:06,189 [main] INFO  server.StorageContainerManager (StorageContainerManager.java:stop(838)) - Stopping Storage Container Manager HTTP server.
2019-11-13 04:07:06,190 [IPC Server Responder] INFO  ipc.Server (Server.java:run(1319)) - Stopping IPC Server Responder
2019-11-13 04:07:06,192 [main] INFO  handler.ContextHandler (ContextHandler.java:doStop(910)) - Stopped o.e.j.w.WebAppContext@7bf01cb{/,null,UNAVAILABLE}{/scm}
2019-11-13 04:07:06,193 [main] INFO  server.AbstractConnector (AbstractConnector.java:doStop(318)) - Stopped ServerConnector@2f382a5e{HTTP/1.1,[http/1.1]}{0.0.0.0:0}
2019-11-13 04:07:06,193 [main] INFO  handler.ContextHandler (ContextHandler.java:doStop(910)) - Stopped o.e.j.s.ServletContextHandler@d535a3d{/static,file:///workdir/hadoop-ozone/integration-test/target/test-classes/webapps/static,UNAVAILABLE}
2019-11-13 04:07:06,193 [main] INFO  handler.ContextHandler (ContextHandler.java:doStop(910)) - Stopped o.e.j.s.ServletContextHandler@705a8dbc{/logs,file:///workdir/hadoop-ozone/integration-test/target/log,UNAVAILABLE}
2019-11-13 04:07:06,194 [main] INFO  server.StorageContainerManager (StorageContainerManager.java:stop(849)) - Stopping Block Manager Service.
2019-11-13 04:07:06,194 [main] INFO  utils.BackgroundService (BackgroundService.java:shutdown(151)) - Shutting down service SCMBlockDeletingService
2019-11-13 04:07:06,195 [main] INFO  utils.BackgroundService (BackgroundService.java:shutdown(151)) - Shutting down service SCMBlockDeletingService
2019-11-13 04:07:06,195 [main] INFO  server.StorageContainerManager (StorageContainerManager.java:stop(871)) - Stopping SCM Event Queue.
2019-11-13 04:07:06,200 [main] INFO  impl.MetricsSystemImpl (MetricsSystemImpl.java:stop(210)) - Stopping HddsDatanode metrics system...
2019-11-13 04:07:06,215 [main] INFO  impl.MetricsSystemImpl (MetricsSystemImpl.java:stop(216)) - HddsDatanode metrics system stopped.
]]></system-out>
  </testcase>
</testsuite>