<?xml version="1.0" encoding="UTF-8"?>
<testsuite xmlns:xsi="http://www.w3.org/2001/XMLSchema-instance" xsi:noNamespaceSchemaLocation="https://maven.apache.org/surefire/maven-surefire-plugin/xsd/surefire-test-report.xsd" name="org.apache.hadoop.ozone.om.TestOzoneManagerRestart" time="134.061" tests="3" errors="1" skipped="0" failures="0">
  <properties>
    <property name="awt.toolkit" value="sun.awt.X11.XToolkit"/>
    <property name="file.encoding.pkg" value="sun.io"/>
    <property name="java.specification.version" value="1.8"/>
    <property name="sun.cpu.isalist" value=""/>
    <property name="sun.jnu.encoding" value="ANSI_X3.4-1968"/>
    <property name="java.class.path" value="/workdir/hadoop-ozone/integration-test/target/test-classes:/workdir/hadoop-ozone/integration-test/target/classes:/home/user/.m2/repository/org/apache/hadoop/hadoop-ozone-common/0.5.0-SNAPSHOT/hadoop-ozone-common-0.5.0-SNAPSHOT.jar:/home/user/.m2/repository/org/apache/commons/commons-compress/1.4.1/commons-compress-1.4.1.jar:/home/user/.m2/repository/org/tukaani/xz/1.0/xz-1.0.jar:/home/user/.m2/repository/org/apache/hadoop/hadoop-common/3.2.0/hadoop-common-3.2.0.jar:/home/user/.m2/repository/org/apache/hadoop/hadoop-hdfs/3.2.0/hadoop-hdfs-3.2.0.jar:/home/user/.m2/repository/org/apache/hadoop/hadoop-hdfs-client/3.2.0/hadoop-hdfs-client-3.2.0.jar:/home/user/.m2/repository/com/fasterxml/jackson/core/jackson-annotations/2.9.9/jackson-annotations-2.9.9.jar:/home/user/.m2/repository/org/apache/hadoop/hadoop-hdds-common/0.5.0-SNAPSHOT/hadoop-hdds-common-0.5.0-SNAPSHOT.jar:/home/user/.m2/repository/javax/annotation/javax.annotation-api/1.2/javax.annotation-api-1.2.jar:/home/user/.m2/repository/org/apache/ratis/ratis-server/0.5.0-d6d58d0-SNAPSHOT/ratis-server-0.5.0-d6d58d0-SNAPSHOT.jar:/home/user/.m2/repository/org/apache/ratis/ratis-thirdparty-misc/0.2.0/ratis-thirdparty-misc-0.2.0.jar:/home/user/.m2/repository/org/apache/ratis/ratis-proto/0.5.0-d6d58d0-SNAPSHOT/ratis-proto-0.5.0-d6d58d0-SNAPSHOT.jar:/home/user/.m2/repository/org/apache/ratis/ratis-common/0.5.0-d6d58d0-SNAPSHOT/ratis-common-0.5.0-d6d58d0-SNAPSHOT.jar:/home/user/.m2/repository/org/apache/ratis/ratis-client/0.5.0-d6d58d0-SNAPSHOT/ratis-client-0.5.0-d6d58d0-SNAPSHOT.jar:/home/user/.m2/repository/org/apache/ratis/ratis-metrics/0.5.0-d6d58d0-SNAPSHOT/ratis-metrics-0.5.0-d6d58d0-SNAPSHOT.jar:/home/user/.m2/repository/org/apache/ratis/ratis-netty/0.5.0-d6d58d0-SNAPSHOT/ratis-netty-0.5.0-d6d58d0-SNAPSHOT.jar:/home/user/.m2/repository/org/apache/ratis/ratis-grpc/0.5.0-d6d58d0-SNAPSHOT/ratis-grpc-0.5.0-d6d58d0-SNAPSHOT.jar:/home/user/.m2/repository/org/rocksdb/rocksdbjni/6.0.1/rocksdbjni-6.0.1.jar:/home/user/.m2/repository/org/apache/logging/log4j/log4j-api/2.11.0/log4j-api-2.11.0.jar:/home/user/.m2/repository/org/apache/logging/log4j/log4j-core/2.11.0/log4j-core-2.11.0.jar:/home/user/.m2/repository/com/lmax/disruptor/3.4.2/disruptor-3.4.2.jar:/home/user/.m2/repository/org/apache/commons/commons-pool2/2.6.0/commons-pool2-2.6.0.jar:/home/user/.m2/repository/org/bouncycastle/bcpkix-jdk15on/1.60/bcpkix-jdk15on-1.60.jar:/home/user/.m2/repository/commons-validator/commons-validator/1.6/commons-validator-1.6.jar:/home/user/.m2/repository/commons-digester/commons-digester/1.8.1/commons-digester-1.8.1.jar:/home/user/.m2/repository/io/jaegertracing/jaeger-client/0.34.0/jaeger-client-0.34.0.jar:/home/user/.m2/repository/io/jaegertracing/jaeger-thrift/0.34.0/jaeger-thrift-0.34.0.jar:/home/user/.m2/repository/org/apache/thrift/libthrift/0.12.0/libthrift-0.12.0.jar:/home/user/.m2/repository/com/squareup/okhttp3/okhttp/3.9.0/okhttp-3.9.0.jar:/home/user/.m2/repository/com/squareup/okio/okio/1.13.0/okio-1.13.0.jar:/home/user/.m2/repository/io/jaegertracing/jaeger-core/0.34.0/jaeger-core-0.34.0.jar:/home/user/.m2/repository/io/jaegertracing/jaeger-tracerresolver/0.34.0/jaeger-tracerresolver-0.34.0.jar:/home/user/.m2/repository/io/opentracing/contrib/opentracing-tracerresolver/0.1.5/opentracing-tracerresolver-0.1.5.jar:/home/user/.m2/repository/io/opentracing/opentracing-util/0.31.0/opentracing-util-0.31.0.jar:/home/user/.m2/repository/io/opentracing/opentracing-api/0.31.0/opentracing-api-0.31.0.jar:/home/user/.m2/repository/io/opentracing/opentracing-noop/0.31.0/opentracing-noop-0.31.0.jar:/home/user/.m2/repository/org/apache/hadoop/hadoop-hdds-server-framework/0.5.0-SNAPSHOT/hadoop-hdds-server-framework-0.5.0-SNAPSHOT.jar:/home/user/.m2/repository/org/apache/hadoop/hadoop-hdds-container-service/0.5.0-SNAPSHOT/hadoop-hdds-container-service-0.5.0-SNAPSHOT.jar:/home/user/.m2/repository/org/apache/hadoop/hadoop-hdds-client/0.5.0-SNAPSHOT/hadoop-hdds-client-0.5.0-SNAPSHOT.jar:/home/user/.m2/repository/org/apache/hadoop/hadoop-hdds-tools/0.5.0-SNAPSHOT/hadoop-hdds-tools-0.5.0-SNAPSHOT.jar:/home/user/.m2/repository/org/apache/hadoop/hadoop-hdds-server-scm/0.5.0-SNAPSHOT/hadoop-hdds-server-scm-0.5.0-SNAPSHOT.jar:/home/user/.m2/repository/org/apache/hadoop/hadoop-hdds-docs/0.5.0-SNAPSHOT/hadoop-hdds-docs-0.5.0-SNAPSHOT.jar:/home/user/.m2/repository/io/dropwizard/metrics/metrics-core/3.2.4/metrics-core-3.2.4.jar:/home/user/.m2/repository/org/hamcrest/hamcrest-all/1.3/hamcrest-all-1.3.jar:/home/user/.m2/repository/org/bouncycastle/bcprov-jdk15on/1.60/bcprov-jdk15on-1.60.jar:/home/user/.m2/repository/info/picocli/picocli/3.9.6/picocli-3.9.6.jar:/home/user/.m2/repository/com/google/protobuf/protobuf-java/2.5.0/protobuf-java-2.5.0.jar:/home/user/.m2/repository/com/google/guava/guava/11.0.2/guava-11.0.2.jar:/home/user/.m2/repository/org/apache/hadoop/hadoop-ozone-ozone-manager/0.5.0-SNAPSHOT/hadoop-ozone-ozone-manager-0.5.0-SNAPSHOT.jar:/home/user/.m2/repository/org/apache/hadoop/hadoop-minikdc/3.2.0/hadoop-minikdc-3.2.0.jar:/home/user/.m2/repository/commons-io/commons-io/2.5/commons-io-2.5.jar:/home/user/.m2/repository/org/apache/kerby/kerb-simplekdc/1.0.1/kerb-simplekdc-1.0.1.jar:/home/user/.m2/repository/org/apache/kerby/kerb-client/1.0.1/kerb-client-1.0.1.jar:/home/user/.m2/repository/org/apache/kerby/kerby-config/1.0.1/kerby-config-1.0.1.jar:/home/user/.m2/repository/org/apache/kerby/kerb-core/1.0.1/kerb-core-1.0.1.jar:/home/user/.m2/repository/org/apache/kerby/kerby-pkix/1.0.1/kerby-pkix-1.0.1.jar:/home/user/.m2/repository/org/apache/kerby/kerby-asn1/1.0.1/kerby-asn1-1.0.1.jar:/home/user/.m2/repository/org/apache/kerby/kerby-util/1.0.1/kerby-util-1.0.1.jar:/home/user/.m2/repository/org/apache/kerby/kerb-common/1.0.1/kerb-common-1.0.1.jar:/home/user/.m2/repository/org/apache/kerby/kerb-crypto/1.0.1/kerb-crypto-1.0.1.jar:/home/user/.m2/repository/org/apache/kerby/kerb-util/1.0.1/kerb-util-1.0.1.jar:/home/user/.m2/repository/org/apache/kerby/token-provider/1.0.1/token-provider-1.0.1.jar:/home/user/.m2/repository/org/apache/kerby/kerb-admin/1.0.1/kerb-admin-1.0.1.jar:/home/user/.m2/repository/org/apache/kerby/kerb-server/1.0.1/kerb-server-1.0.1.jar:/home/user/.m2/repository/org/apache/kerby/kerb-identity/1.0.1/kerb-identity-1.0.1.jar:/home/user/.m2/repository/org/apache/kerby/kerby-xdr/1.0.1/kerby-xdr-1.0.1.jar:/home/user/.m2/repository/org/slf4j/slf4j-log4j12/1.7.25/slf4j-log4j12-1.7.25.jar:/home/user/.m2/repository/org/apache/hadoop/hadoop-ozone-s3gateway/0.5.0-SNAPSHOT/hadoop-ozone-s3gateway-0.5.0-SNAPSHOT.jar:/home/user/.m2/repository/org/jboss/weld/servlet/weld-servlet/2.4.7.Final/weld-servlet-2.4.7.Final.jar:/home/user/.m2/repository/org/glassfish/jersey/containers/jersey-container-servlet-core/2.27/jersey-container-servlet-core-2.27.jar:/home/user/.m2/repository/org/glassfish/hk2/external/javax.inject/2.5.0-b42/javax.inject-2.5.0-b42.jar:/home/user/.m2/repository/org/glassfish/jersey/core/jersey-common/2.27/jersey-common-2.27.jar:/home/user/.m2/repository/org/glassfish/hk2/osgi-resource-locator/1.0.1/osgi-resource-locator-1.0.1.jar:/home/user/.m2/repository/javax/ws/rs/javax.ws.rs-api/2.1/javax.ws.rs-api-2.1.jar:/home/user/.m2/repository/org/glassfish/jersey/ext/cdi/jersey-cdi1x/2.27/jersey-cdi1x-2.27.jar:/home/user/.m2/repository/org/glassfish/jersey/inject/jersey-hk2/2.27/jersey-hk2-2.27.jar:/home/user/.m2/repository/org/glassfish/hk2/hk2-locator/2.5.0-b42/hk2-locator-2.5.0-b42.jar:/home/user/.m2/repository/org/javassist/javassist/3.22.0-CR2/javassist-3.22.0-CR2.jar:/home/user/.m2/repository/org/glassfish/hk2/hk2-api/2.5.0/hk2-api-2.5.0.jar:/home/user/.m2/repository/org/glassfish/hk2/external/jakarta.inject/2.5.0/jakarta.inject-2.5.0.jar:/home/user/.m2/repository/org/glassfish/hk2/hk2-utils/2.5.0/hk2-utils-2.5.0.jar:/home/user/.m2/repository/jakarta/annotation/jakarta.annotation-api/1.3.4/jakarta.annotation-api-1.3.4.jar:/home/user/.m2/repository/org/glassfish/hk2/external/aopalliance-repackaged/2.5.0/aopalliance-repackaged-2.5.0.jar:/home/user/.m2/repository/com/fasterxml/jackson/dataformat/jackson-dataformat-xml/2.9.0/jackson-dataformat-xml-2.9.0.jar:/home/user/.m2/repository/com/fasterxml/jackson/core/jackson-core/2.9.9/jackson-core-2.9.9.jar:/home/user/.m2/repository/com/fasterxml/jackson/module/jackson-module-jaxb-annotations/2.9.9/jackson-module-jaxb-annotations-2.9.9.jar:/home/user/.m2/repository/javax/enterprise/cdi-api/1.2/cdi-api-1.2.jar:/home/user/.m2/repository/javax/el/javax.el-api/3.0.0/javax.el-api-3.0.0.jar:/home/user/.m2/repository/javax/interceptor/javax.interceptor-api/1.2/javax.interceptor-api-1.2.jar:/home/user/.m2/repository/javax/inject/javax.inject/1/javax.inject-1.jar:/home/user/.m2/repository/com/sun/xml/bind/jaxb-impl/2.3.0.1/jaxb-impl-2.3.0.1.jar:/home/user/.m2/repository/com/sun/xml/bind/jaxb-core/2.3.0.1/jaxb-core-2.3.0.1.jar:/home/user/.m2/repository/javax/xml/bind/jaxb-api/2.3.0/jaxb-api-2.3.0.jar:/home/user/.m2/repository/javax/activation/activation/1.1.1/activation-1.1.1.jar:/home/user/.m2/repository/org/apache/hadoop/hadoop-ozone-csi/0.5.0-SNAPSHOT/hadoop-ozone-csi-0.5.0-SNAPSHOT.jar:/home/user/.m2/repository/com/google/protobuf/protobuf-java-util/3.5.1/protobuf-java-util-3.5.1.jar:/home/user/.m2/repository/org/apache/hadoop/hadoop-hdds-config/0.5.0-SNAPSHOT/hadoop-hdds-config-0.5.0-SNAPSHOT.jar:/home/user/.m2/repository/io/grpc/grpc-netty/1.17.1/grpc-netty-1.17.1.jar:/home/user/.m2/repository/io/grpc/grpc-core/1.17.1/grpc-core-1.17.1.jar:/home/user/.m2/repository/io/grpc/grpc-context/1.17.1/grpc-context-1.17.1.jar:/home/user/.m2/repository/com/google/errorprone/error_prone_annotations/2.2.0/error_prone_annotations-2.2.0.jar:/home/user/.m2/repository/org/codehaus/mojo/animal-sniffer-annotations/1.17/animal-sniffer-annotations-1.17.jar:/home/user/.m2/repository/io/opencensus/opencensus-api/0.17.0/opencensus-api-0.17.0.jar:/home/user/.m2/repository/io/opencensus/opencensus-contrib-grpc-metrics/0.17.0/opencensus-contrib-grpc-metrics-0.17.0.jar:/home/user/.m2/repository/io/netty/netty-codec-http2/4.1.30.Final/netty-codec-http2-4.1.30.Final.jar:/home/user/.m2/repository/io/netty/netty-codec-http/4.1.30.Final/netty-codec-http-4.1.30.Final.jar:/home/user/.m2/repository/io/netty/netty-codec/4.1.30.Final/netty-codec-4.1.30.Final.jar:/home/user/.m2/repository/io/netty/netty-handler/4.1.30.Final/netty-handler-4.1.30.Final.jar:/home/user/.m2/repository/io/netty/netty-handler-proxy/4.1.30.Final/netty-handler-proxy-4.1.30.Final.jar:/home/user/.m2/repository/io/netty/netty-codec-socks/4.1.30.Final/netty-codec-socks-4.1.30.Final.jar:/home/user/.m2/repository/io/netty/netty-transport-native-epoll/4.1.30.Final/netty-transport-native-epoll-4.1.30.Final.jar:/home/user/.m2/repository/io/netty/netty-common/4.1.30.Final/netty-common-4.1.30.Final.jar:/home/user/.m2/repository/io/netty/netty-buffer/4.1.30.Final/netty-buffer-4.1.30.Final.jar:/home/user/.m2/repository/io/netty/netty-transport/4.1.30.Final/netty-transport-4.1.30.Final.jar:/home/user/.m2/repository/io/netty/netty-resolver/4.1.30.Final/netty-resolver-4.1.30.Final.jar:/home/user/.m2/repository/io/netty/netty-transport-native-unix-common/4.1.30.Final/netty-transport-native-unix-common-4.1.30.Final.jar:/home/user/.m2/repository/io/grpc/grpc-protobuf/1.17.1/grpc-protobuf-1.17.1.jar:/home/user/.m2/repository/com/google/api/grpc/proto-google-common-protos/1.0.0/proto-google-common-protos-1.0.0.jar:/home/user/.m2/repository/io/grpc/grpc-protobuf-lite/1.17.1/grpc-protobuf-lite-1.17.1.jar:/home/user/.m2/repository/io/grpc/grpc-stub/1.17.1/grpc-stub-1.17.1.jar:/home/user/.m2/repository/org/apache/hadoop/hadoop-ozone-recon/0.5.0-SNAPSHOT/hadoop-ozone-recon-0.5.0-SNAPSHOT.jar:/home/user/.m2/repository/org/apache/hadoop/hadoop-ozone-reconcodegen/0.5.0-SNAPSHOT/hadoop-ozone-reconcodegen-0.5.0-SNAPSHOT.jar:/home/user/.m2/repository/com/google/inject/extensions/guice-multibindings/4.0/guice-multibindings-4.0.jar:/home/user/.m2/repository/com/google/inject/guice/4.0/guice-4.0.jar:/home/user/.m2/repository/aopalliance/aopalliance/1.0/aopalliance-1.0.jar:/home/user/.m2/repository/com/google/inject/extensions/guice-servlet/4.0/guice-servlet-4.0.jar:/home/user/.m2/repository/org/glassfish/jersey/containers/jersey-container-servlet/2.27/jersey-container-servlet-2.27.jar:/home/user/.m2/repository/org/glassfish/hk2/guice-bridge/2.5.0/guice-bridge-2.5.0.jar:/home/user/.m2/repository/org/glassfish/jersey/core/jersey-server/2.27/jersey-server-2.27.jar:/home/user/.m2/repository/org/glassfish/jersey/core/jersey-client/2.27/jersey-client-2.27.jar:/home/user/.m2/repository/org/glassfish/jersey/media/jersey-media-jaxb/2.27/jersey-media-jaxb-2.27.jar:/home/user/.m2/repository/javax/validation/validation-api/1.1.0.Final/validation-api-1.1.0.Final.jar:/home/user/.m2/repository/org/glassfish/jersey/media/jersey-media-json-jackson/2.27/jersey-media-json-jackson-2.27.jar:/home/user/.m2/repository/org/glassfish/jersey/ext/jersey-entity-filtering/2.27/jersey-entity-filtering-2.27.jar:/home/user/.m2/repository/com/google/inject/extensions/guice-assistedinject/4.0/guice-assistedinject-4.0.jar:/home/user/.m2/repository/org/jooq/jooq/3.11.10/jooq-3.11.10.jar:/home/user/.m2/repository/org/jooq/jooq-meta/3.11.10/jooq-meta-3.11.10.jar:/home/user/.m2/repository/org/jooq/jooq-codegen/3.11.10/jooq-codegen-3.11.10.jar:/home/user/.m2/repository/com/jolbox/bonecp/0.8.0.RELEASE/bonecp-0.8.0.RELEASE.jar:/home/user/.m2/repository/org/xerial/sqlite-jdbc/3.25.2/sqlite-jdbc-3.25.2.jar:/home/user/.m2/repository/org/springframework/spring-jdbc/5.1.3.RELEASE/spring-jdbc-5.1.3.RELEASE.jar:/home/user/.m2/repository/org/springframework/spring-beans/5.1.3.RELEASE/spring-beans-5.1.3.RELEASE.jar:/home/user/.m2/repository/org/springframework/spring-core/5.1.3.RELEASE/spring-core-5.1.3.RELEASE.jar:/home/user/.m2/repository/org/springframework/spring-jcl/5.1.3.RELEASE/spring-jcl-5.1.3.RELEASE.jar:/home/user/.m2/repository/org/springframework/spring-tx/5.1.3.RELEASE/spring-tx-5.1.3.RELEASE.jar:/home/user/.m2/repository/org/apache/hadoop/hadoop-ozone-client/0.5.0-SNAPSHOT/hadoop-ozone-client-0.5.0-SNAPSHOT.jar:/home/user/.m2/repository/commons-lang/commons-lang/2.6/commons-lang-2.6.jar:/home/user/.m2/repository/org/apache/hadoop/hadoop-ozone-ozone-manager/0.5.0-SNAPSHOT/hadoop-ozone-ozone-manager-0.5.0-SNAPSHOT-tests.jar:/home/user/.m2/repository/junit/junit/4.11/junit-4.11.jar:/home/user/.m2/repository/org/hamcrest/hamcrest-core/1.3/hamcrest-core-1.3.jar:/home/user/.m2/repository/org/openjdk/jmh/jmh-core/1.19/jmh-core-1.19.jar:/home/user/.m2/repository/net/sf/jopt-simple/jopt-simple/4.6/jopt-simple-4.6.jar:/home/user/.m2/repository/org/apache/commons/commons-math3/3.1.1/commons-math3-3.1.1.jar:/home/user/.m2/repository/org/openjdk/jmh/jmh-generator-annprocess/1.19/jmh-generator-annprocess-1.19.jar:/home/user/.m2/repository/org/mockito/mockito-all/1.8.5/mockito-all-1.8.5.jar:/home/user/.m2/repository/org/apache/hadoop/hadoop-kms/3.2.0/hadoop-kms-3.2.0.jar:/home/user/.m2/repository/org/apache/hadoop/hadoop-auth/3.2.0/hadoop-auth-3.2.0.jar:/home/user/.m2/repository/com/nimbusds/nimbus-jose-jwt/4.41.1/nimbus-jose-jwt-4.41.1.jar:/home/user/.m2/repository/com/github/stephenc/jcip/jcip-annotations/1.0-1/jcip-annotations-1.0-1.jar:/home/user/.m2/repository/net/minidev/json-smart/2.3/json-smart-2.3.jar:/home/user/.m2/repository/net/minidev/accessors-smart/1.2/accessors-smart-1.2.jar:/home/user/.m2/repository/org/ow2/asm/asm/5.0.4/asm-5.0.4.jar:/home/user/.m2/repository/org/apache/curator/curator-framework/2.12.0/curator-framework-2.12.0.jar:/home/user/.m2/repository/com/sun/jersey/jersey-core/1.19/jersey-core-1.19.jar:/home/user/.m2/repository/javax/ws/rs/jsr311-api/1.1.1/jsr311-api-1.1.1.jar:/home/user/.m2/repository/com/sun/jersey/jersey-server/1.19/jersey-server-1.19.jar:/home/user/.m2/repository/javax/servlet/javax.servlet-api/3.1.0/javax.servlet-api-3.1.0.jar:/home/user/.m2/repository/org/eclipse/jetty/jetty-server/9.3.25.v20180904/jetty-server-9.3.25.v20180904.jar:/home/user/.m2/repository/org/eclipse/jetty/jetty-http/9.3.25.v20180904/jetty-http-9.3.25.v20180904.jar:/home/user/.m2/repository/org/eclipse/jetty/jetty-io/9.3.25.v20180904/jetty-io-9.3.25.v20180904.jar:/home/user/.m2/repository/org/eclipse/jetty/jetty-webapp/9.3.25.v20180904/jetty-webapp-9.3.25.v20180904.jar:/home/user/.m2/repository/org/eclipse/jetty/jetty-xml/9.3.25.v20180904/jetty-xml-9.3.25.v20180904.jar:/home/user/.m2/repository/log4j/log4j/1.2.17/log4j-1.2.17.jar:/home/user/.m2/repository/org/slf4j/slf4j-api/1.7.25/slf4j-api-1.7.25.jar:/home/user/.m2/repository/org/slf4j/jul-to-slf4j/1.7.25/jul-to-slf4j-1.7.25.jar:/home/user/.m2/repository/org/eclipse/jetty/jetty-util/9.3.25.v20180904/jetty-util-9.3.25.v20180904.jar:/home/user/.m2/repository/com/fasterxml/jackson/core/jackson-databind/2.9.9/jackson-databind-2.9.9.jar:/home/user/.m2/repository/org/apache/hadoop/hadoop-kms/3.2.0/hadoop-kms-3.2.0-tests.jar:/home/user/.m2/repository/org/apache/hadoop/hadoop-hdds-server-scm/0.5.0-SNAPSHOT/hadoop-hdds-server-scm-0.5.0-SNAPSHOT-tests.jar:/home/user/.m2/repository/org/apache/hadoop/hadoop-hdds-container-service/0.5.0-SNAPSHOT/hadoop-hdds-container-service-0.5.0-SNAPSHOT-tests.jar:/home/user/.m2/repository/org/yaml/snakeyaml/1.16/snakeyaml-1.16.jar:/home/user/.m2/repository/org/apache/hadoop/hadoop-common/3.2.0/hadoop-common-3.2.0-tests.jar:/home/user/.m2/repository/org/apache/hadoop/hadoop-annotations/3.2.0/hadoop-annotations-3.2.0.jar:/usr/lib/jvm/java-1.8.0-openjdk-1.8.0.222.b10-1.el7_7.x86_64/jre/../lib/tools.jar:/home/user/.m2/repository/commons-cli/commons-cli/1.2/commons-cli-1.2.jar:/home/user/.m2/repository/org/apache/httpcomponents/httpclient/4.5.2/httpclient-4.5.2.jar:/home/user/.m2/repository/org/apache/httpcomponents/httpcore/4.4.4/httpcore-4.4.4.jar:/home/user/.m2/repository/commons-codec/commons-codec/1.11/commons-codec-1.11.jar:/home/user/.m2/repository/commons-net/commons-net/3.6/commons-net-3.6.jar:/home/user/.m2/repository/commons-collections/commons-collections/3.2.2/commons-collections-3.2.2.jar:/home/user/.m2/repository/org/eclipse/jetty/jetty-servlet/9.3.25.v20180904/jetty-servlet-9.3.25.v20180904.jar:/home/user/.m2/repository/org/eclipse/jetty/jetty-security/9.3.25.v20180904/jetty-security-9.3.25.v20180904.jar:/home/user/.m2/repository/javax/servlet/jsp/jsp-api/2.1/jsp-api-2.1.jar:/home/user/.m2/repository/com/sun/jersey/jersey-servlet/1.19/jersey-servlet-1.19.jar:/home/user/.m2/repository/com/sun/jersey/jersey-json/1.19/jersey-json-1.19.jar:/home/user/.m2/repository/org/codehaus/jettison/jettison/1.1/jettison-1.1.jar:/home/user/.m2/repository/org/codehaus/jackson/jackson-core-asl/1.9.13/jackson-core-asl-1.9.13.jar:/home/user/.m2/repository/org/codehaus/jackson/jackson-mapper-asl/1.9.13/jackson-mapper-asl-1.9.13.jar:/home/user/.m2/repository/org/codehaus/jackson/jackson-jaxrs/1.9.13/jackson-jaxrs-1.9.13.jar:/home/user/.m2/repository/org/codehaus/jackson/jackson-xc/1.9.13/jackson-xc-1.9.13.jar:/home/user/.m2/repository/commons-logging/commons-logging/1.1.3/commons-logging-1.1.3.jar:/home/user/.m2/repository/commons-beanutils/commons-beanutils/1.9.4/commons-beanutils-1.9.4.jar:/home/user/.m2/repository/org/apache/commons/commons-configuration2/2.1.1/commons-configuration2-2.1.1.jar:/home/user/.m2/repository/org/apache/commons/commons-lang3/3.7/commons-lang3-3.7.jar:/home/user/.m2/repository/org/apache/commons/commons-text/1.4/commons-text-1.4.jar:/home/user/.m2/repository/org/apache/avro/avro/1.7.7/avro-1.7.7.jar:/home/user/.m2/repository/com/thoughtworks/paranamer/paranamer/2.3/paranamer-2.3.jar:/home/user/.m2/repository/org/xerial/snappy/snappy-java/1.0.5/snappy-java-1.0.5.jar:/home/user/.m2/repository/com/google/re2j/re2j/1.1/re2j-1.1.jar:/home/user/.m2/repository/com/google/code/gson/gson/2.2.4/gson-2.2.4.jar:/home/user/.m2/repository/com/jcraft/jsch/0.1.54/jsch-0.1.54.jar:/home/user/.m2/repository/org/apache/curator/curator-client/2.12.0/curator-client-2.12.0.jar:/home/user/.m2/repository/org/apache/curator/curator-recipes/2.12.0/curator-recipes-2.12.0.jar:/home/user/.m2/repository/com/google/code/findbugs/jsr305/3.0.0/jsr305-3.0.0.jar:/home/user/.m2/repository/org/apache/htrace/htrace-core4/4.1.0-incubating/htrace-core4-4.1.0-incubating.jar:/home/user/.m2/repository/org/apache/zookeeper/zookeeper/3.4.13/zookeeper-3.4.13.jar:/home/user/.m2/repository/jline/jline/0.9.94/jline-0.9.94.jar:/home/user/.m2/repository/org/apache/yetus/audience-annotations/0.5.0/audience-annotations-0.5.0.jar:/home/user/.m2/repository/org/codehaus/woodstox/stax2-api/3.1.4/stax2-api-3.1.4.jar:/home/user/.m2/repository/com/fasterxml/woodstox/woodstox-core/5.0.3/woodstox-core-5.0.3.jar:/home/user/.m2/repository/dnsjava/dnsjava/2.1.7/dnsjava-2.1.7.jar:/home/user/.m2/repository/org/apache/hadoop/hadoop-hdfs/3.2.0/hadoop-hdfs-3.2.0-tests.jar:/home/user/.m2/repository/org/eclipse/jetty/jetty-util-ajax/9.3.25.v20180904/jetty-util-ajax-9.3.25.v20180904.jar:/home/user/.m2/repository/commons-daemon/commons-daemon/1.0.13/commons-daemon-1.0.13.jar:/home/user/.m2/repository/io/netty/netty/3.10.5.Final/netty-3.10.5.Final.jar:/home/user/.m2/repository/io/netty/netty-all/4.0.52.Final/netty-all-4.0.52.Final.jar:/home/user/.m2/repository/org/fusesource/leveldbjni/leveldbjni-all/1.8/leveldbjni-all-1.8.jar:"/>
    <property name="java.vm.vendor" value="Oracle Corporation"/>
    <property name="sun.arch.data.model" value="64"/>
    <property name="test.build.dir" value="/workdir/hadoop-ozone/integration-test/target/test-dir"/>
    <property name="test.cache.data" value=""/>
    <property name="java.vendor.url" value="http://java.oracle.com/"/>
    <property name="user.timezone" value=""/>
    <property name="java.vm.specification.version" value="1.8"/>
    <property name="os.name" value="Linux"/>
    <property name="test.build.data" value="/workdir/hadoop-ozone/integration-test/target/test-dir"/>
    <property name="user.country" value="US"/>
    <property name="sun.java.launcher" value="SUN_STANDARD"/>
    <property name="sun.boot.library.path" value="/usr/lib/jvm/java-1.8.0-openjdk-1.8.0.222.b10-1.el7_7.x86_64/jre/lib/amd64"/>
    <property name="sun.java.command" value="/workdir/hadoop-ozone/integration-test/target/surefire/surefirebooter6148011086138967956.jar /workdir/hadoop-ozone/integration-test/target/surefire 2019-11-15T04-20-45_904-jvmRun1 surefire7685911615416143525tmp surefire_664658195418565099463tmp"/>
    <property name="surefire.test.class.path" value="/workdir/hadoop-ozone/integration-test/target/test-classes:/workdir/hadoop-ozone/integration-test/target/classes:/home/user/.m2/repository/org/apache/hadoop/hadoop-ozone-common/0.5.0-SNAPSHOT/hadoop-ozone-common-0.5.0-SNAPSHOT.jar:/home/user/.m2/repository/org/apache/commons/commons-compress/1.4.1/commons-compress-1.4.1.jar:/home/user/.m2/repository/org/tukaani/xz/1.0/xz-1.0.jar:/home/user/.m2/repository/org/apache/hadoop/hadoop-common/3.2.0/hadoop-common-3.2.0.jar:/home/user/.m2/repository/org/apache/hadoop/hadoop-hdfs/3.2.0/hadoop-hdfs-3.2.0.jar:/home/user/.m2/repository/org/apache/hadoop/hadoop-hdfs-client/3.2.0/hadoop-hdfs-client-3.2.0.jar:/home/user/.m2/repository/com/fasterxml/jackson/core/jackson-annotations/2.9.9/jackson-annotations-2.9.9.jar:/home/user/.m2/repository/org/apache/hadoop/hadoop-hdds-common/0.5.0-SNAPSHOT/hadoop-hdds-common-0.5.0-SNAPSHOT.jar:/home/user/.m2/repository/javax/annotation/javax.annotation-api/1.2/javax.annotation-api-1.2.jar:/home/user/.m2/repository/org/apache/ratis/ratis-server/0.5.0-d6d58d0-SNAPSHOT/ratis-server-0.5.0-d6d58d0-SNAPSHOT.jar:/home/user/.m2/repository/org/apache/ratis/ratis-thirdparty-misc/0.2.0/ratis-thirdparty-misc-0.2.0.jar:/home/user/.m2/repository/org/apache/ratis/ratis-proto/0.5.0-d6d58d0-SNAPSHOT/ratis-proto-0.5.0-d6d58d0-SNAPSHOT.jar:/home/user/.m2/repository/org/apache/ratis/ratis-common/0.5.0-d6d58d0-SNAPSHOT/ratis-common-0.5.0-d6d58d0-SNAPSHOT.jar:/home/user/.m2/repository/org/apache/ratis/ratis-client/0.5.0-d6d58d0-SNAPSHOT/ratis-client-0.5.0-d6d58d0-SNAPSHOT.jar:/home/user/.m2/repository/org/apache/ratis/ratis-metrics/0.5.0-d6d58d0-SNAPSHOT/ratis-metrics-0.5.0-d6d58d0-SNAPSHOT.jar:/home/user/.m2/repository/org/apache/ratis/ratis-netty/0.5.0-d6d58d0-SNAPSHOT/ratis-netty-0.5.0-d6d58d0-SNAPSHOT.jar:/home/user/.m2/repository/org/apache/ratis/ratis-grpc/0.5.0-d6d58d0-SNAPSHOT/ratis-grpc-0.5.0-d6d58d0-SNAPSHOT.jar:/home/user/.m2/repository/org/rocksdb/rocksdbjni/6.0.1/rocksdbjni-6.0.1.jar:/home/user/.m2/repository/org/apache/logging/log4j/log4j-api/2.11.0/log4j-api-2.11.0.jar:/home/user/.m2/repository/org/apache/logging/log4j/log4j-core/2.11.0/log4j-core-2.11.0.jar:/home/user/.m2/repository/com/lmax/disruptor/3.4.2/disruptor-3.4.2.jar:/home/user/.m2/repository/org/apache/commons/commons-pool2/2.6.0/commons-pool2-2.6.0.jar:/home/user/.m2/repository/org/bouncycastle/bcpkix-jdk15on/1.60/bcpkix-jdk15on-1.60.jar:/home/user/.m2/repository/commons-validator/commons-validator/1.6/commons-validator-1.6.jar:/home/user/.m2/repository/commons-digester/commons-digester/1.8.1/commons-digester-1.8.1.jar:/home/user/.m2/repository/io/jaegertracing/jaeger-client/0.34.0/jaeger-client-0.34.0.jar:/home/user/.m2/repository/io/jaegertracing/jaeger-thrift/0.34.0/jaeger-thrift-0.34.0.jar:/home/user/.m2/repository/org/apache/thrift/libthrift/0.12.0/libthrift-0.12.0.jar:/home/user/.m2/repository/com/squareup/okhttp3/okhttp/3.9.0/okhttp-3.9.0.jar:/home/user/.m2/repository/com/squareup/okio/okio/1.13.0/okio-1.13.0.jar:/home/user/.m2/repository/io/jaegertracing/jaeger-core/0.34.0/jaeger-core-0.34.0.jar:/home/user/.m2/repository/io/jaegertracing/jaeger-tracerresolver/0.34.0/jaeger-tracerresolver-0.34.0.jar:/home/user/.m2/repository/io/opentracing/contrib/opentracing-tracerresolver/0.1.5/opentracing-tracerresolver-0.1.5.jar:/home/user/.m2/repository/io/opentracing/opentracing-util/0.31.0/opentracing-util-0.31.0.jar:/home/user/.m2/repository/io/opentracing/opentracing-api/0.31.0/opentracing-api-0.31.0.jar:/home/user/.m2/repository/io/opentracing/opentracing-noop/0.31.0/opentracing-noop-0.31.0.jar:/home/user/.m2/repository/org/apache/hadoop/hadoop-hdds-server-framework/0.5.0-SNAPSHOT/hadoop-hdds-server-framework-0.5.0-SNAPSHOT.jar:/home/user/.m2/repository/org/apache/hadoop/hadoop-hdds-container-service/0.5.0-SNAPSHOT/hadoop-hdds-container-service-0.5.0-SNAPSHOT.jar:/home/user/.m2/repository/org/apache/hadoop/hadoop-hdds-client/0.5.0-SNAPSHOT/hadoop-hdds-client-0.5.0-SNAPSHOT.jar:/home/user/.m2/repository/org/apache/hadoop/hadoop-hdds-tools/0.5.0-SNAPSHOT/hadoop-hdds-tools-0.5.0-SNAPSHOT.jar:/home/user/.m2/repository/org/apache/hadoop/hadoop-hdds-server-scm/0.5.0-SNAPSHOT/hadoop-hdds-server-scm-0.5.0-SNAPSHOT.jar:/home/user/.m2/repository/org/apache/hadoop/hadoop-hdds-docs/0.5.0-SNAPSHOT/hadoop-hdds-docs-0.5.0-SNAPSHOT.jar:/home/user/.m2/repository/io/dropwizard/metrics/metrics-core/3.2.4/metrics-core-3.2.4.jar:/home/user/.m2/repository/org/hamcrest/hamcrest-all/1.3/hamcrest-all-1.3.jar:/home/user/.m2/repository/org/bouncycastle/bcprov-jdk15on/1.60/bcprov-jdk15on-1.60.jar:/home/user/.m2/repository/info/picocli/picocli/3.9.6/picocli-3.9.6.jar:/home/user/.m2/repository/com/google/protobuf/protobuf-java/2.5.0/protobuf-java-2.5.0.jar:/home/user/.m2/repository/com/google/guava/guava/11.0.2/guava-11.0.2.jar:/home/user/.m2/repository/org/apache/hadoop/hadoop-ozone-ozone-manager/0.5.0-SNAPSHOT/hadoop-ozone-ozone-manager-0.5.0-SNAPSHOT.jar:/home/user/.m2/repository/org/apache/hadoop/hadoop-minikdc/3.2.0/hadoop-minikdc-3.2.0.jar:/home/user/.m2/repository/commons-io/commons-io/2.5/commons-io-2.5.jar:/home/user/.m2/repository/org/apache/kerby/kerb-simplekdc/1.0.1/kerb-simplekdc-1.0.1.jar:/home/user/.m2/repository/org/apache/kerby/kerb-client/1.0.1/kerb-client-1.0.1.jar:/home/user/.m2/repository/org/apache/kerby/kerby-config/1.0.1/kerby-config-1.0.1.jar:/home/user/.m2/repository/org/apache/kerby/kerb-core/1.0.1/kerb-core-1.0.1.jar:/home/user/.m2/repository/org/apache/kerby/kerby-pkix/1.0.1/kerby-pkix-1.0.1.jar:/home/user/.m2/repository/org/apache/kerby/kerby-asn1/1.0.1/kerby-asn1-1.0.1.jar:/home/user/.m2/repository/org/apache/kerby/kerby-util/1.0.1/kerby-util-1.0.1.jar:/home/user/.m2/repository/org/apache/kerby/kerb-common/1.0.1/kerb-common-1.0.1.jar:/home/user/.m2/repository/org/apache/kerby/kerb-crypto/1.0.1/kerb-crypto-1.0.1.jar:/home/user/.m2/repository/org/apache/kerby/kerb-util/1.0.1/kerb-util-1.0.1.jar:/home/user/.m2/repository/org/apache/kerby/token-provider/1.0.1/token-provider-1.0.1.jar:/home/user/.m2/repository/org/apache/kerby/kerb-admin/1.0.1/kerb-admin-1.0.1.jar:/home/user/.m2/repository/org/apache/kerby/kerb-server/1.0.1/kerb-server-1.0.1.jar:/home/user/.m2/repository/org/apache/kerby/kerb-identity/1.0.1/kerb-identity-1.0.1.jar:/home/user/.m2/repository/org/apache/kerby/kerby-xdr/1.0.1/kerby-xdr-1.0.1.jar:/home/user/.m2/repository/org/slf4j/slf4j-log4j12/1.7.25/slf4j-log4j12-1.7.25.jar:/home/user/.m2/repository/org/apache/hadoop/hadoop-ozone-s3gateway/0.5.0-SNAPSHOT/hadoop-ozone-s3gateway-0.5.0-SNAPSHOT.jar:/home/user/.m2/repository/org/jboss/weld/servlet/weld-servlet/2.4.7.Final/weld-servlet-2.4.7.Final.jar:/home/user/.m2/repository/org/glassfish/jersey/containers/jersey-container-servlet-core/2.27/jersey-container-servlet-core-2.27.jar:/home/user/.m2/repository/org/glassfish/hk2/external/javax.inject/2.5.0-b42/javax.inject-2.5.0-b42.jar:/home/user/.m2/repository/org/glassfish/jersey/core/jersey-common/2.27/jersey-common-2.27.jar:/home/user/.m2/repository/org/glassfish/hk2/osgi-resource-locator/1.0.1/osgi-resource-locator-1.0.1.jar:/home/user/.m2/repository/javax/ws/rs/javax.ws.rs-api/2.1/javax.ws.rs-api-2.1.jar:/home/user/.m2/repository/org/glassfish/jersey/ext/cdi/jersey-cdi1x/2.27/jersey-cdi1x-2.27.jar:/home/user/.m2/repository/org/glassfish/jersey/inject/jersey-hk2/2.27/jersey-hk2-2.27.jar:/home/user/.m2/repository/org/glassfish/hk2/hk2-locator/2.5.0-b42/hk2-locator-2.5.0-b42.jar:/home/user/.m2/repository/org/javassist/javassist/3.22.0-CR2/javassist-3.22.0-CR2.jar:/home/user/.m2/repository/org/glassfish/hk2/hk2-api/2.5.0/hk2-api-2.5.0.jar:/home/user/.m2/repository/org/glassfish/hk2/external/jakarta.inject/2.5.0/jakarta.inject-2.5.0.jar:/home/user/.m2/repository/org/glassfish/hk2/hk2-utils/2.5.0/hk2-utils-2.5.0.jar:/home/user/.m2/repository/jakarta/annotation/jakarta.annotation-api/1.3.4/jakarta.annotation-api-1.3.4.jar:/home/user/.m2/repository/org/glassfish/hk2/external/aopalliance-repackaged/2.5.0/aopalliance-repackaged-2.5.0.jar:/home/user/.m2/repository/com/fasterxml/jackson/dataformat/jackson-dataformat-xml/2.9.0/jackson-dataformat-xml-2.9.0.jar:/home/user/.m2/repository/com/fasterxml/jackson/core/jackson-core/2.9.9/jackson-core-2.9.9.jar:/home/user/.m2/repository/com/fasterxml/jackson/module/jackson-module-jaxb-annotations/2.9.9/jackson-module-jaxb-annotations-2.9.9.jar:/home/user/.m2/repository/javax/enterprise/cdi-api/1.2/cdi-api-1.2.jar:/home/user/.m2/repository/javax/el/javax.el-api/3.0.0/javax.el-api-3.0.0.jar:/home/user/.m2/repository/javax/interceptor/javax.interceptor-api/1.2/javax.interceptor-api-1.2.jar:/home/user/.m2/repository/javax/inject/javax.inject/1/javax.inject-1.jar:/home/user/.m2/repository/com/sun/xml/bind/jaxb-impl/2.3.0.1/jaxb-impl-2.3.0.1.jar:/home/user/.m2/repository/com/sun/xml/bind/jaxb-core/2.3.0.1/jaxb-core-2.3.0.1.jar:/home/user/.m2/repository/javax/xml/bind/jaxb-api/2.3.0/jaxb-api-2.3.0.jar:/home/user/.m2/repository/javax/activation/activation/1.1.1/activation-1.1.1.jar:/home/user/.m2/repository/org/apache/hadoop/hadoop-ozone-csi/0.5.0-SNAPSHOT/hadoop-ozone-csi-0.5.0-SNAPSHOT.jar:/home/user/.m2/repository/com/google/protobuf/protobuf-java-util/3.5.1/protobuf-java-util-3.5.1.jar:/home/user/.m2/repository/org/apache/hadoop/hadoop-hdds-config/0.5.0-SNAPSHOT/hadoop-hdds-config-0.5.0-SNAPSHOT.jar:/home/user/.m2/repository/io/grpc/grpc-netty/1.17.1/grpc-netty-1.17.1.jar:/home/user/.m2/repository/io/grpc/grpc-core/1.17.1/grpc-core-1.17.1.jar:/home/user/.m2/repository/io/grpc/grpc-context/1.17.1/grpc-context-1.17.1.jar:/home/user/.m2/repository/com/google/errorprone/error_prone_annotations/2.2.0/error_prone_annotations-2.2.0.jar:/home/user/.m2/repository/org/codehaus/mojo/animal-sniffer-annotations/1.17/animal-sniffer-annotations-1.17.jar:/home/user/.m2/repository/io/opencensus/opencensus-api/0.17.0/opencensus-api-0.17.0.jar:/home/user/.m2/repository/io/opencensus/opencensus-contrib-grpc-metrics/0.17.0/opencensus-contrib-grpc-metrics-0.17.0.jar:/home/user/.m2/repository/io/netty/netty-codec-http2/4.1.30.Final/netty-codec-http2-4.1.30.Final.jar:/home/user/.m2/repository/io/netty/netty-codec-http/4.1.30.Final/netty-codec-http-4.1.30.Final.jar:/home/user/.m2/repository/io/netty/netty-codec/4.1.30.Final/netty-codec-4.1.30.Final.jar:/home/user/.m2/repository/io/netty/netty-handler/4.1.30.Final/netty-handler-4.1.30.Final.jar:/home/user/.m2/repository/io/netty/netty-handler-proxy/4.1.30.Final/netty-handler-proxy-4.1.30.Final.jar:/home/user/.m2/repository/io/netty/netty-codec-socks/4.1.30.Final/netty-codec-socks-4.1.30.Final.jar:/home/user/.m2/repository/io/netty/netty-transport-native-epoll/4.1.30.Final/netty-transport-native-epoll-4.1.30.Final.jar:/home/user/.m2/repository/io/netty/netty-common/4.1.30.Final/netty-common-4.1.30.Final.jar:/home/user/.m2/repository/io/netty/netty-buffer/4.1.30.Final/netty-buffer-4.1.30.Final.jar:/home/user/.m2/repository/io/netty/netty-transport/4.1.30.Final/netty-transport-4.1.30.Final.jar:/home/user/.m2/repository/io/netty/netty-resolver/4.1.30.Final/netty-resolver-4.1.30.Final.jar:/home/user/.m2/repository/io/netty/netty-transport-native-unix-common/4.1.30.Final/netty-transport-native-unix-common-4.1.30.Final.jar:/home/user/.m2/repository/io/grpc/grpc-protobuf/1.17.1/grpc-protobuf-1.17.1.jar:/home/user/.m2/repository/com/google/api/grpc/proto-google-common-protos/1.0.0/proto-google-common-protos-1.0.0.jar:/home/user/.m2/repository/io/grpc/grpc-protobuf-lite/1.17.1/grpc-protobuf-lite-1.17.1.jar:/home/user/.m2/repository/io/grpc/grpc-stub/1.17.1/grpc-stub-1.17.1.jar:/home/user/.m2/repository/org/apache/hadoop/hadoop-ozone-recon/0.5.0-SNAPSHOT/hadoop-ozone-recon-0.5.0-SNAPSHOT.jar:/home/user/.m2/repository/org/apache/hadoop/hadoop-ozone-reconcodegen/0.5.0-SNAPSHOT/hadoop-ozone-reconcodegen-0.5.0-SNAPSHOT.jar:/home/user/.m2/repository/com/google/inject/extensions/guice-multibindings/4.0/guice-multibindings-4.0.jar:/home/user/.m2/repository/com/google/inject/guice/4.0/guice-4.0.jar:/home/user/.m2/repository/aopalliance/aopalliance/1.0/aopalliance-1.0.jar:/home/user/.m2/repository/com/google/inject/extensions/guice-servlet/4.0/guice-servlet-4.0.jar:/home/user/.m2/repository/org/glassfish/jersey/containers/jersey-container-servlet/2.27/jersey-container-servlet-2.27.jar:/home/user/.m2/repository/org/glassfish/hk2/guice-bridge/2.5.0/guice-bridge-2.5.0.jar:/home/user/.m2/repository/org/glassfish/jersey/core/jersey-server/2.27/jersey-server-2.27.jar:/home/user/.m2/repository/org/glassfish/jersey/core/jersey-client/2.27/jersey-client-2.27.jar:/home/user/.m2/repository/org/glassfish/jersey/media/jersey-media-jaxb/2.27/jersey-media-jaxb-2.27.jar:/home/user/.m2/repository/javax/validation/validation-api/1.1.0.Final/validation-api-1.1.0.Final.jar:/home/user/.m2/repository/org/glassfish/jersey/media/jersey-media-json-jackson/2.27/jersey-media-json-jackson-2.27.jar:/home/user/.m2/repository/org/glassfish/jersey/ext/jersey-entity-filtering/2.27/jersey-entity-filtering-2.27.jar:/home/user/.m2/repository/com/google/inject/extensions/guice-assistedinject/4.0/guice-assistedinject-4.0.jar:/home/user/.m2/repository/org/jooq/jooq/3.11.10/jooq-3.11.10.jar:/home/user/.m2/repository/org/jooq/jooq-meta/3.11.10/jooq-meta-3.11.10.jar:/home/user/.m2/repository/org/jooq/jooq-codegen/3.11.10/jooq-codegen-3.11.10.jar:/home/user/.m2/repository/com/jolbox/bonecp/0.8.0.RELEASE/bonecp-0.8.0.RELEASE.jar:/home/user/.m2/repository/org/xerial/sqlite-jdbc/3.25.2/sqlite-jdbc-3.25.2.jar:/home/user/.m2/repository/org/springframework/spring-jdbc/5.1.3.RELEASE/spring-jdbc-5.1.3.RELEASE.jar:/home/user/.m2/repository/org/springframework/spring-beans/5.1.3.RELEASE/spring-beans-5.1.3.RELEASE.jar:/home/user/.m2/repository/org/springframework/spring-core/5.1.3.RELEASE/spring-core-5.1.3.RELEASE.jar:/home/user/.m2/repository/org/springframework/spring-jcl/5.1.3.RELEASE/spring-jcl-5.1.3.RELEASE.jar:/home/user/.m2/repository/org/springframework/spring-tx/5.1.3.RELEASE/spring-tx-5.1.3.RELEASE.jar:/home/user/.m2/repository/org/apache/hadoop/hadoop-ozone-client/0.5.0-SNAPSHOT/hadoop-ozone-client-0.5.0-SNAPSHOT.jar:/home/user/.m2/repository/commons-lang/commons-lang/2.6/commons-lang-2.6.jar:/home/user/.m2/repository/org/apache/hadoop/hadoop-ozone-ozone-manager/0.5.0-SNAPSHOT/hadoop-ozone-ozone-manager-0.5.0-SNAPSHOT-tests.jar:/home/user/.m2/repository/junit/junit/4.11/junit-4.11.jar:/home/user/.m2/repository/org/hamcrest/hamcrest-core/1.3/hamcrest-core-1.3.jar:/home/user/.m2/repository/org/openjdk/jmh/jmh-core/1.19/jmh-core-1.19.jar:/home/user/.m2/repository/net/sf/jopt-simple/jopt-simple/4.6/jopt-simple-4.6.jar:/home/user/.m2/repository/org/apache/commons/commons-math3/3.1.1/commons-math3-3.1.1.jar:/home/user/.m2/repository/org/openjdk/jmh/jmh-generator-annprocess/1.19/jmh-generator-annprocess-1.19.jar:/home/user/.m2/repository/org/mockito/mockito-all/1.8.5/mockito-all-1.8.5.jar:/home/user/.m2/repository/org/apache/hadoop/hadoop-kms/3.2.0/hadoop-kms-3.2.0.jar:/home/user/.m2/repository/org/apache/hadoop/hadoop-auth/3.2.0/hadoop-auth-3.2.0.jar:/home/user/.m2/repository/com/nimbusds/nimbus-jose-jwt/4.41.1/nimbus-jose-jwt-4.41.1.jar:/home/user/.m2/repository/com/github/stephenc/jcip/jcip-annotations/1.0-1/jcip-annotations-1.0-1.jar:/home/user/.m2/repository/net/minidev/json-smart/2.3/json-smart-2.3.jar:/home/user/.m2/repository/net/minidev/accessors-smart/1.2/accessors-smart-1.2.jar:/home/user/.m2/repository/org/ow2/asm/asm/5.0.4/asm-5.0.4.jar:/home/user/.m2/repository/org/apache/curator/curator-framework/2.12.0/curator-framework-2.12.0.jar:/home/user/.m2/repository/com/sun/jersey/jersey-core/1.19/jersey-core-1.19.jar:/home/user/.m2/repository/javax/ws/rs/jsr311-api/1.1.1/jsr311-api-1.1.1.jar:/home/user/.m2/repository/com/sun/jersey/jersey-server/1.19/jersey-server-1.19.jar:/home/user/.m2/repository/javax/servlet/javax.servlet-api/3.1.0/javax.servlet-api-3.1.0.jar:/home/user/.m2/repository/org/eclipse/jetty/jetty-server/9.3.25.v20180904/jetty-server-9.3.25.v20180904.jar:/home/user/.m2/repository/org/eclipse/jetty/jetty-http/9.3.25.v20180904/jetty-http-9.3.25.v20180904.jar:/home/user/.m2/repository/org/eclipse/jetty/jetty-io/9.3.25.v20180904/jetty-io-9.3.25.v20180904.jar:/home/user/.m2/repository/org/eclipse/jetty/jetty-webapp/9.3.25.v20180904/jetty-webapp-9.3.25.v20180904.jar:/home/user/.m2/repository/org/eclipse/jetty/jetty-xml/9.3.25.v20180904/jetty-xml-9.3.25.v20180904.jar:/home/user/.m2/repository/log4j/log4j/1.2.17/log4j-1.2.17.jar:/home/user/.m2/repository/org/slf4j/slf4j-api/1.7.25/slf4j-api-1.7.25.jar:/home/user/.m2/repository/org/slf4j/jul-to-slf4j/1.7.25/jul-to-slf4j-1.7.25.jar:/home/user/.m2/repository/org/eclipse/jetty/jetty-util/9.3.25.v20180904/jetty-util-9.3.25.v20180904.jar:/home/user/.m2/repository/com/fasterxml/jackson/core/jackson-databind/2.9.9/jackson-databind-2.9.9.jar:/home/user/.m2/repository/org/apache/hadoop/hadoop-kms/3.2.0/hadoop-kms-3.2.0-tests.jar:/home/user/.m2/repository/org/apache/hadoop/hadoop-hdds-server-scm/0.5.0-SNAPSHOT/hadoop-hdds-server-scm-0.5.0-SNAPSHOT-tests.jar:/home/user/.m2/repository/org/apache/hadoop/hadoop-hdds-container-service/0.5.0-SNAPSHOT/hadoop-hdds-container-service-0.5.0-SNAPSHOT-tests.jar:/home/user/.m2/repository/org/yaml/snakeyaml/1.16/snakeyaml-1.16.jar:/home/user/.m2/repository/org/apache/hadoop/hadoop-common/3.2.0/hadoop-common-3.2.0-tests.jar:/home/user/.m2/repository/org/apache/hadoop/hadoop-annotations/3.2.0/hadoop-annotations-3.2.0.jar:/usr/lib/jvm/java-1.8.0-openjdk-1.8.0.222.b10-1.el7_7.x86_64/jre/../lib/tools.jar:/home/user/.m2/repository/commons-cli/commons-cli/1.2/commons-cli-1.2.jar:/home/user/.m2/repository/org/apache/httpcomponents/httpclient/4.5.2/httpclient-4.5.2.jar:/home/user/.m2/repository/org/apache/httpcomponents/httpcore/4.4.4/httpcore-4.4.4.jar:/home/user/.m2/repository/commons-codec/commons-codec/1.11/commons-codec-1.11.jar:/home/user/.m2/repository/commons-net/commons-net/3.6/commons-net-3.6.jar:/home/user/.m2/repository/commons-collections/commons-collections/3.2.2/commons-collections-3.2.2.jar:/home/user/.m2/repository/org/eclipse/jetty/jetty-servlet/9.3.25.v20180904/jetty-servlet-9.3.25.v20180904.jar:/home/user/.m2/repository/org/eclipse/jetty/jetty-security/9.3.25.v20180904/jetty-security-9.3.25.v20180904.jar:/home/user/.m2/repository/javax/servlet/jsp/jsp-api/2.1/jsp-api-2.1.jar:/home/user/.m2/repository/com/sun/jersey/jersey-servlet/1.19/jersey-servlet-1.19.jar:/home/user/.m2/repository/com/sun/jersey/jersey-json/1.19/jersey-json-1.19.jar:/home/user/.m2/repository/org/codehaus/jettison/jettison/1.1/jettison-1.1.jar:/home/user/.m2/repository/org/codehaus/jackson/jackson-core-asl/1.9.13/jackson-core-asl-1.9.13.jar:/home/user/.m2/repository/org/codehaus/jackson/jackson-mapper-asl/1.9.13/jackson-mapper-asl-1.9.13.jar:/home/user/.m2/repository/org/codehaus/jackson/jackson-jaxrs/1.9.13/jackson-jaxrs-1.9.13.jar:/home/user/.m2/repository/org/codehaus/jackson/jackson-xc/1.9.13/jackson-xc-1.9.13.jar:/home/user/.m2/repository/commons-logging/commons-logging/1.1.3/commons-logging-1.1.3.jar:/home/user/.m2/repository/commons-beanutils/commons-beanutils/1.9.4/commons-beanutils-1.9.4.jar:/home/user/.m2/repository/org/apache/commons/commons-configuration2/2.1.1/commons-configuration2-2.1.1.jar:/home/user/.m2/repository/org/apache/commons/commons-lang3/3.7/commons-lang3-3.7.jar:/home/user/.m2/repository/org/apache/commons/commons-text/1.4/commons-text-1.4.jar:/home/user/.m2/repository/org/apache/avro/avro/1.7.7/avro-1.7.7.jar:/home/user/.m2/repository/com/thoughtworks/paranamer/paranamer/2.3/paranamer-2.3.jar:/home/user/.m2/repository/org/xerial/snappy/snappy-java/1.0.5/snappy-java-1.0.5.jar:/home/user/.m2/repository/com/google/re2j/re2j/1.1/re2j-1.1.jar:/home/user/.m2/repository/com/google/code/gson/gson/2.2.4/gson-2.2.4.jar:/home/user/.m2/repository/com/jcraft/jsch/0.1.54/jsch-0.1.54.jar:/home/user/.m2/repository/org/apache/curator/curator-client/2.12.0/curator-client-2.12.0.jar:/home/user/.m2/repository/org/apache/curator/curator-recipes/2.12.0/curator-recipes-2.12.0.jar:/home/user/.m2/repository/com/google/code/findbugs/jsr305/3.0.0/jsr305-3.0.0.jar:/home/user/.m2/repository/org/apache/htrace/htrace-core4/4.1.0-incubating/htrace-core4-4.1.0-incubating.jar:/home/user/.m2/repository/org/apache/zookeeper/zookeeper/3.4.13/zookeeper-3.4.13.jar:/home/user/.m2/repository/jline/jline/0.9.94/jline-0.9.94.jar:/home/user/.m2/repository/org/apache/yetus/audience-annotations/0.5.0/audience-annotations-0.5.0.jar:/home/user/.m2/repository/org/codehaus/woodstox/stax2-api/3.1.4/stax2-api-3.1.4.jar:/home/user/.m2/repository/com/fasterxml/woodstox/woodstox-core/5.0.3/woodstox-core-5.0.3.jar:/home/user/.m2/repository/dnsjava/dnsjava/2.1.7/dnsjava-2.1.7.jar:/home/user/.m2/repository/org/apache/hadoop/hadoop-hdfs/3.2.0/hadoop-hdfs-3.2.0-tests.jar:/home/user/.m2/repository/org/eclipse/jetty/jetty-util-ajax/9.3.25.v20180904/jetty-util-ajax-9.3.25.v20180904.jar:/home/user/.m2/repository/commons-daemon/commons-daemon/1.0.13/commons-daemon-1.0.13.jar:/home/user/.m2/repository/io/netty/netty/3.10.5.Final/netty-3.10.5.Final.jar:/home/user/.m2/repository/io/netty/netty-all/4.0.52.Final/netty-all-4.0.52.Final.jar:/home/user/.m2/repository/org/fusesource/leveldbjni/leveldbjni-all/1.8/leveldbjni-all-1.8.jar:"/>
    <property name="sun.cpu.endian" value="little"/>
    <property name="user.home" value="/home/user"/>
    <property name="user.language" value="en"/>
    <property name="java.specification.vendor" value="Oracle Corporation"/>
    <property name="java.home" value="/usr/lib/jvm/java-1.8.0-openjdk-1.8.0.222.b10-1.el7_7.x86_64/jre"/>
    <property name="surefire.excludesFile" value="/tools/ozone-bad-unit-tests"/>
    <property name="java.security.krb5.conf" value="/workdir/hadoop-ozone/integration-test/target/test-classes/krb5.conf"/>
    <property name="basedir" value="/workdir/hadoop-ozone/integration-test"/>
    <property name="file.separator" value="/"/>
    <property name="line.separator" value="&#10;"/>
    <property name="java.vm.specification.vendor" value="Oracle Corporation"/>
    <property name="java.specification.name" value="Java Platform API Specification"/>
    <property name="java.awt.graphicsenv" value="sun.awt.X11GraphicsEnvironment"/>
    <property name="surefire.real.class.path" value="/workdir/hadoop-ozone/integration-test/target/surefire/surefirebooter6148011086138967956.jar"/>
    <property name="hadoop.log.dir" value="/workdir/hadoop-ozone/integration-test/target/log"/>
    <property name="sun.boot.class.path" value="/usr/lib/jvm/java-1.8.0-openjdk-1.8.0.222.b10-1.el7_7.x86_64/jre/lib/resources.jar:/usr/lib/jvm/java-1.8.0-openjdk-1.8.0.222.b10-1.el7_7.x86_64/jre/lib/rt.jar:/usr/lib/jvm/java-1.8.0-openjdk-1.8.0.222.b10-1.el7_7.x86_64/jre/lib/sunrsasign.jar:/usr/lib/jvm/java-1.8.0-openjdk-1.8.0.222.b10-1.el7_7.x86_64/jre/lib/jsse.jar:/usr/lib/jvm/java-1.8.0-openjdk-1.8.0.222.b10-1.el7_7.x86_64/jre/lib/jce.jar:/usr/lib/jvm/java-1.8.0-openjdk-1.8.0.222.b10-1.el7_7.x86_64/jre/lib/charsets.jar:/usr/lib/jvm/java-1.8.0-openjdk-1.8.0.222.b10-1.el7_7.x86_64/jre/lib/jfr.jar:/usr/lib/jvm/java-1.8.0-openjdk-1.8.0.222.b10-1.el7_7.x86_64/jre/classes"/>
    <property name="sun.management.compiler" value="HotSpot 64-Bit Tiered Compilers"/>
    <property name="java.runtime.version" value="1.8.0_222-b10"/>
    <property name="java.net.preferIPv4Stack" value="true"/>
    <property name="user.name" value="jenkins1000"/>
    <property name="path.separator" value=":"/>
    <property name="java.security.egd" value="file:///dev/urandom"/>
    <property name="os.version" value="3.10.0-957.12.2.el7.x86_64"/>
    <property name="java.endorsed.dirs" value="/usr/lib/jvm/java-1.8.0-openjdk-1.8.0.222.b10-1.el7_7.x86_64/jre/lib/endorsed"/>
    <property name="java.runtime.name" value="OpenJDK Runtime Environment"/>
    <property name="file.encoding" value="ANSI_X3.4-1968"/>
    <property name="java.vm.name" value="OpenJDK 64-Bit Server VM"/>
    <property name="test.build.webapps" value=""/>
    <property name="localRepository" value="/home/user/.m2/repository"/>
    <property name="java.vendor.url.bug" value="http://bugreport.sun.com/bugreport/"/>
    <property name="java.io.tmpdir" value="/tmp"/>
    <property name="require.test.libhadoop" value=""/>
    <property name="java.version" value="1.8.0_222"/>
    <property name="user.dir" value="/workdir/hadoop-ozone/integration-test"/>
    <property name="os.arch" value="amd64"/>
    <property name="java.vm.specification.name" value="Java Virtual Machine Specification"/>
    <property name="test.build.classes" value="/workdir/hadoop-ozone/integration-test/target/test-classes"/>
    <property name="java.awt.printerjob" value="sun.print.PSPrinterJob"/>
    <property name="sun.os.patch.level" value="unknown"/>
    <property name="hadoop.tmp.dir" value="/workdir/hadoop-ozone/integration-test/target/tmp"/>
    <property name="java.library.path" value="/usr/lib:/workdir/hadoop-ozone/integration-test/target/native/target/usr/local/lib:/workdir/hadoop-ozone/integration-test/../../hadoop-common-project/hadoop-common/target/native/target/usr/local/lib:/usr/java/packages/lib/amd64:/usr/lib64:/lib64:/lib:/usr/lib"/>
    <property name="java.vm.info" value="mixed mode"/>
    <property name="java.vendor" value="Oracle Corporation"/>
    <property name="java.vm.version" value="25.222-b10"/>
    <property name="java.ext.dirs" value="/usr/lib/jvm/java-1.8.0-openjdk-1.8.0.222.b10-1.el7_7.x86_64/jre/lib/ext:/usr/java/packages/lib/ext"/>
    <property name="sun.io.unicode.encoding" value="UnicodeLittle"/>
    <property name="java.class.version" value="52.0"/>
  </properties>
  <testcase name="testRestartOMWithVolumeOperation" classname="org.apache.hadoop.ozone.om.TestOzoneManagerRestart" time="60.018">
    <error message="test timed out after 60000 milliseconds" type="java.lang.Exception">java.lang.Exception: test timed out after 60000 milliseconds
	at java.lang.Object.wait(Native Method)
	at java.util.concurrent.ForkJoinTask.externalAwaitDone(ForkJoinTask.java:334)
	at java.util.concurrent.ForkJoinTask.doInvoke(ForkJoinTask.java:405)
	at java.util.concurrent.ForkJoinTask.invoke(ForkJoinTask.java:734)
	at java.util.stream.ForEachOps$ForEachOp.evaluateParallel(ForEachOps.java:159)
	at java.util.stream.ForEachOps$ForEachOp$OfRef.evaluateParallel(ForEachOps.java:173)
	at java.util.stream.AbstractPipeline.evaluate(AbstractPipeline.java:233)
	at java.util.stream.ReferencePipeline.forEach(ReferencePipeline.java:485)
	at java.util.stream.ReferencePipeline$Head.forEach(ReferencePipeline.java:650)
	at org.apache.hadoop.ozone.MiniOzoneClusterImpl.stopDatanodes(MiniOzoneClusterImpl.java:399)
	at org.apache.hadoop.ozone.MiniOzoneClusterImpl.stop(MiniOzoneClusterImpl.java:352)
	at org.apache.hadoop.ozone.MiniOzoneClusterImpl.shutdown(MiniOzoneClusterImpl.java:339)
	at org.apache.hadoop.ozone.om.TestOzoneManagerRestart.shutdown(TestOzoneManagerRestart.java:95)
	at sun.reflect.NativeMethodAccessorImpl.invoke0(Native Method)
	at sun.reflect.NativeMethodAccessorImpl.invoke(NativeMethodAccessorImpl.java:62)
	at sun.reflect.DelegatingMethodAccessorImpl.invoke(DelegatingMethodAccessorImpl.java:43)
	at java.lang.reflect.Method.invoke(Method.java:498)
	at org.junit.runners.model.FrameworkMethod$1.runReflectiveCall(FrameworkMethod.java:47)
	at org.junit.internal.runners.model.ReflectiveCallable.run(ReflectiveCallable.java:12)
	at org.junit.runners.model.FrameworkMethod.invokeExplosively(FrameworkMethod.java:44)
	at org.junit.internal.runners.statements.RunAfters.evaluate(RunAfters.java:33)
	at org.junit.internal.runners.statements.FailOnTimeout$StatementThread.run(FailOnTimeout.java:74)
</error>
    <system-out><![CDATA[2019-11-15 05:29:06,846 [Thread-0] WARN  server.ServerUtils (ServerUtils.java:getScmDbDir(145)) - ozone.scm.db.dirs is not configured. We recommend adding this setting. Falling back to ozone.metadata.dirs instead.
2019-11-15 05:29:09,708 [Thread-0] WARN  server.ServerUtils (ServerUtils.java:getScmDbDir(145)) - ozone.scm.db.dirs is not configured. We recommend adding this setting. Falling back to ozone.metadata.dirs instead.
2019-11-15 05:29:09,712 [Thread-0] WARN  server.ServerUtils (ServerUtils.java:getScmDbDir(145)) - ozone.scm.db.dirs is not configured. We recommend adding this setting. Falling back to ozone.metadata.dirs instead.
2019-11-15 05:29:09,739 [Thread-0] INFO  util.log (Log.java:initialized(192)) - Logging initialized @3630ms
2019-11-15 05:29:09,847 [Thread-0] INFO  db.DBStoreBuilder (DBStoreBuilder.java:addTable(127)) - using custom profile for table: deletedBlocks
2019-11-15 05:29:09,847 [Thread-0] INFO  db.DBStoreBuilder (DBStoreBuilder.java:processTables(183)) - Using default column profile:DBProfile.DISK for Table:deletedBlocks
2019-11-15 05:29:09,847 [Thread-0] INFO  db.DBStoreBuilder (DBStoreBuilder.java:addTable(127)) - using custom profile for table: validCerts
2019-11-15 05:29:09,848 [Thread-0] INFO  db.DBStoreBuilder (DBStoreBuilder.java:processTables(183)) - Using default column profile:DBProfile.DISK for Table:validCerts
2019-11-15 05:29:09,848 [Thread-0] INFO  db.DBStoreBuilder (DBStoreBuilder.java:addTable(127)) - using custom profile for table: revokedCerts
2019-11-15 05:29:09,848 [Thread-0] INFO  db.DBStoreBuilder (DBStoreBuilder.java:processTables(183)) - Using default column profile:DBProfile.DISK for Table:revokedCerts
2019-11-15 05:29:09,863 [Thread-0] INFO  db.DBStoreBuilder (DBStoreBuilder.java:addTable(127)) - using custom profile for table: default
2019-11-15 05:29:09,864 [Thread-0] INFO  db.DBStoreBuilder (DBStoreBuilder.java:processTables(189)) - Using default column profile:DBProfile.DISK for Table:default
2019-11-15 05:29:09,865 [Thread-0] INFO  db.DBStoreBuilder (DBStoreBuilder.java:getDbProfile(220)) - Using default options. DBProfile.DISK
2019-11-15 05:29:28,624 [Thread-0] INFO  net.NodeSchemaLoader (NodeSchemaLoader.java:loadSchemaFromFile(125)) - Loading file from sun.misc.CompoundEnumeration@9804b53
2019-11-15 05:29:28,625 [Thread-0] INFO  net.NodeSchemaLoader (NodeSchemaLoader.java:loadSchema(171)) - Loading network topology layer schema file
2019-11-15 05:29:28,707 [Thread-0] WARN  server.ServerUtils (ServerUtils.java:sanitizeUserArgs(70)) - ozone.scm.stale.node.interval value = 300000 is larger than max = 100000 based on the key value of ozone.scm.heartbeat.thread.interval, reset to the max value 100000.
2019-11-15 05:29:28,709 [Thread-0] WARN  server.ServerUtils (ServerUtils.java:sanitizeUserArgs(70)) - ozone.scm.stale.node.interval value = 300000 is larger than max = 100000 based on the key value of ozone.scm.heartbeat.thread.interval, reset to the max value 100000.
2019-11-15 05:29:28,712 [Thread-0] INFO  node.SCMNodeManager (SCMNodeManager.java:<init>(116)) - Entering startup safe mode.
2019-11-15 05:29:28,777 [Thread-0] INFO  algorithms.ContainerPlacementPolicyFactory (ContainerPlacementPolicyFactory.java:getPolicy(57)) - Create container placement policy of type org.apache.hadoop.hdds.scm.container.placement.algorithms.SCMContainerPlacementRandom
2019-11-15 05:29:28,791 [Thread-0] WARN  server.ServerUtils (ServerUtils.java:getScmDbDir(145)) - ozone.scm.db.dirs is not configured. We recommend adding this setting. Falling back to ozone.metadata.dirs instead.
2019-11-15 05:29:28,891 [Thread-0] INFO  pipeline.SCMPipelineManager (SCMPipelineManager.java:initializePipelineState(136)) - No pipeline exists in current db
2019-11-15 05:29:28,894 [Thread-0] WARN  server.ServerUtils (ServerUtils.java:getScmDbDir(145)) - ozone.scm.db.dirs is not configured. We recommend adding this setting. Falling back to ozone.metadata.dirs instead.
2019-11-15 05:29:29,045 [Thread-0] INFO  safemode.HealthyPipelineSafeModeRule (HealthyPipelineSafeModeRule.java:<init>(92)) -  Total pipeline count is 0, healthy pipeline threshold count is 1
2019-11-15 05:29:29,048 [Thread-0] INFO  safemode.OneReplicaPipelineSafeModeRule (OneReplicaPipelineSafeModeRule.java:<init>(79)) - Total pipeline count is 0, pipeline's with at least one datanode reported threshold count is 0
2019-11-15 05:29:29,049 [Thread-0] WARN  events.EventQueue (EventQueue.java:fireEvent(183)) - No event handler registered for event TypedEvent{payloadType=SafeModeStatus, name='SafeModeStatus'}
2019-11-15 05:29:29,431 [Thread-0] INFO  ipc.CallQueueManager (CallQueueManager.java:<init>(84)) - Using callQueue: class java.util.concurrent.LinkedBlockingQueue, queueCapacity: 2000, scheduler: class org.apache.hadoop.ipc.DefaultRpcScheduler, ipcBackoff: false.
2019-11-15 05:29:29,560 [Socket Reader #1 for port 36429] INFO  ipc.Server (Server.java:run(1074)) - Starting Socket Reader #1 for port 36429
2019-11-15 05:29:29,589 [Thread-0] INFO  ipc.CallQueueManager (CallQueueManager.java:<init>(84)) - Using callQueue: class java.util.concurrent.LinkedBlockingQueue, queueCapacity: 2000, scheduler: class org.apache.hadoop.ipc.DefaultRpcScheduler, ipcBackoff: false.
2019-11-15 05:29:29,590 [Socket Reader #1 for port 35817] INFO  ipc.Server (Server.java:run(1074)) - Starting Socket Reader #1 for port 35817
2019-11-15 05:29:29,598 [Thread-0] INFO  ipc.CallQueueManager (CallQueueManager.java:<init>(84)) - Using callQueue: class java.util.concurrent.LinkedBlockingQueue, queueCapacity: 2000, scheduler: class org.apache.hadoop.ipc.DefaultRpcScheduler, ipcBackoff: false.
2019-11-15 05:29:29,599 [Socket Reader #1 for port 35147] INFO  ipc.Server (Server.java:run(1074)) - Starting Socket Reader #1 for port 35147
2019-11-15 05:29:29,623 [Thread-0] INFO  hdfs.DFSUtil (DFSUtil.java:httpServerTemplateForNNAndJN(1641)) - Starting Web-server for scm at: http://0.0.0.0:0
2019-11-15 05:29:29,788 [Thread-0] INFO  server.AuthenticationFilter (AuthenticationFilter.java:constructSecretProvider(240)) - Unable to initialize FileSignerSecretProvider, falling back to use random secrets.
2019-11-15 05:29:29,797 [Thread-0] WARN  http.HttpRequestLog (HttpRequestLog.java:getRequestLog(97)) - Jetty request log can only be enabled using Log4j
2019-11-15 05:29:29,804 [Thread-0] INFO  http.HttpServer2 (HttpServer2.java:addGlobalFilter(975)) - Added global filter 'safety' (class=org.apache.hadoop.http.HttpServer2$QuotingInputFilter)
2019-11-15 05:29:29,807 [Thread-0] INFO  http.HttpServer2 (HttpServer2.java:addFilter(948)) - Added filter static_user_filter (class=org.apache.hadoop.http.lib.StaticUserWebFilter$StaticUserFilter) to context scm
2019-11-15 05:29:29,807 [Thread-0] INFO  http.HttpServer2 (HttpServer2.java:addFilter(958)) - Added filter static_user_filter (class=org.apache.hadoop.http.lib.StaticUserWebFilter$StaticUserFilter) to context logs
2019-11-15 05:29:29,807 [Thread-0] INFO  http.HttpServer2 (HttpServer2.java:addFilter(958)) - Added filter static_user_filter (class=org.apache.hadoop.http.lib.StaticUserWebFilter$StaticUserFilter) to context static
2019-11-15 05:29:29,841 [Thread-0] INFO  server.StorageContainerManager (StorageContainerManager.java:start(765)) - StorageContainerLocationProtocol RPC server is listening at /0.0.0.0:35147
2019-11-15 05:29:29,900 [Thread-0] WARN  impl.MetricsConfig (MetricsConfig.java:loadFirst(134)) - Cannot locate configuration: tried hadoop-metrics2-storagecontainermanager.properties,hadoop-metrics2.properties
2019-11-15 05:29:29,912 [Thread-0] INFO  impl.MetricsSystemImpl (MetricsSystemImpl.java:startTimer(374)) - Scheduled Metric snapshot period at 10 second(s).
2019-11-15 05:29:29,913 [Thread-0] INFO  impl.MetricsSystemImpl (MetricsSystemImpl.java:start(191)) - StorageContainerManager metrics system started
2019-11-15 05:29:30,168 [Thread-0] INFO  server.SCMClientProtocolServer (SCMClientProtocolServer.java:start(160)) - RPC server for Client  is listening at /0.0.0.0:35147
2019-11-15 05:29:30,168 [IPC Server Responder] INFO  ipc.Server (Server.java:run(1314)) - IPC Server Responder: starting
2019-11-15 05:29:30,168 [IPC Server listener on 35147] INFO  ipc.Server (Server.java:run(1153)) - IPC Server listener on 35147: starting
2019-11-15 05:29:30,172 [Thread-0] INFO  server.StorageContainerManager (StorageContainerManager.java:start(775)) - ScmBlockLocationProtocol RPC server is listening at /0.0.0.0:35817
2019-11-15 05:29:30,172 [Thread-0] INFO  server.SCMBlockProtocolServer (SCMBlockProtocolServer.java:start(146)) - RPC server for Block Protocol is listening at /0.0.0.0:35817
2019-11-15 05:29:30,173 [IPC Server Responder] INFO  ipc.Server (Server.java:run(1314)) - IPC Server Responder: starting
2019-11-15 05:29:30,173 [IPC Server listener on 35817] INFO  ipc.Server (Server.java:run(1153)) - IPC Server listener on 35817: starting
2019-11-15 05:29:30,175 [Thread-0] INFO  server.StorageContainerManager (StorageContainerManager.java:start(779)) - ScmDatanodeProtocl RPC server is listening at /0.0.0.0:36429
2019-11-15 05:29:30,175 [Thread-0] INFO  server.SCMDatanodeProtocolServer (SCMDatanodeProtocolServer.java:start(177)) - RPC server for DataNodes is listening at /0.0.0.0:36429
2019-11-15 05:29:30,176 [IPC Server Responder] INFO  ipc.Server (Server.java:run(1314)) - IPC Server Responder: starting
2019-11-15 05:29:30,176 [IPC Server listener on 36429] INFO  ipc.Server (Server.java:run(1153)) - IPC Server listener on 36429: starting
2019-11-15 05:29:30,180 [Thread-0] INFO  http.HttpServer2 (HttpServer2.java:bindListener(1191)) - Jetty bound to port 32927
2019-11-15 05:29:30,181 [Thread-0] INFO  server.Server (Server.java:doStart(351)) - jetty-9.3.25.v20180904, build timestamp: 2018-09-04T21:11:46Z, git hash: 3ce520221d0240229c862b122d2b06c12a625732
2019-11-15 05:29:30,220 [Thread-0] INFO  handler.ContextHandler (ContextHandler.java:doStart(781)) - Started o.e.j.s.ServletContextHandler@302f4011{/logs,file:///workdir/hadoop-ozone/integration-test/target/log,AVAILABLE}
2019-11-15 05:29:30,221 [Thread-0] INFO  handler.ContextHandler (ContextHandler.java:doStart(781)) - Started o.e.j.s.ServletContextHandler@42712cff{/static,file:///workdir/hadoop-ozone/integration-test/target/test-classes/webapps/static,AVAILABLE}
2019-11-15 05:29:30,259 [Thread-0] INFO  handler.ContextHandler (ContextHandler.java:doStart(781)) - Started o.e.j.w.WebAppContext@220920f8{/,file:///workdir/hadoop-ozone/integration-test/target/test-classes/webapps/scm/,AVAILABLE}{/scm}
2019-11-15 05:29:30,265 [Thread-0] INFO  server.AbstractConnector (AbstractConnector.java:doStart(278)) - Started ServerConnector@2df06c33{HTTP/1.1,[http/1.1]}{0.0.0.0:32927}
2019-11-15 05:29:30,266 [Thread-0] INFO  server.Server (Server.java:doStart(419)) - Started @24158ms
2019-11-15 05:29:30,268 [Thread-0] INFO  impl.MetricsSinkAdapter (MetricsSinkAdapter.java:start(204)) - Sink prometheus started
2019-11-15 05:29:30,268 [Thread-0] INFO  impl.MetricsSystemImpl (MetricsSystemImpl.java:registerSink(301)) - Registered sink prometheus
2019-11-15 05:29:30,270 [Thread-0] INFO  server.BaseHttpServer (BaseHttpServer.java:updateConnectorAddress(215)) - HTTP server of SCM is listening at http://0.0.0.0:32927
2019-11-15 05:29:30,277 [org.apache.hadoop.util.JvmPauseMonitor$Monitor@3f81e6fe] INFO  util.JvmPauseMonitor (JvmPauseMonitor.java:run(188)) - Starting JVM pause monitor
2019-11-15 05:29:30,281 [Thread-0] WARN  server.ServerUtils (ServerUtils.java:getDBPath(222)) - ozone.om.db.dirs is not configured. We recommend adding this setting. Falling back to ozone.metadata.dirs instead.
2019-11-15 05:29:30,385 [Thread-0] INFO  ha.OMHANodeDetails (OMHANodeDetails.java:loadOMHAConfig(190)) - Configuration either no ozone.om.address set. Falling back to the default OM address /127.0.0.1:0
2019-11-15 05:29:30,385 [Thread-0] INFO  ha.OMHANodeDetails (OMHANodeDetails.java:getOMNodeDetails(220)) - OM Service ID is not set. Setting it to the default ID: omServiceIdDefault
2019-11-15 05:29:30,386 [Thread-0] WARN  server.ServerUtils (ServerUtils.java:getDBPath(222)) - ozone.om.db.dirs is not configured. We recommend adding this setting. Falling back to ozone.metadata.dirs instead.
2019-11-15 05:29:30,387 [Thread-0] WARN  server.ServerUtils (ServerUtils.java:getDBPath(222)) - ozone.om.db.dirs is not configured. We recommend adding this setting. Falling back to ozone.metadata.dirs instead.
2019-11-15 05:29:30,985 [Thread-0] WARN  server.ServerUtils (ServerUtils.java:getDBPath(222)) - ozone.om.db.dirs is not configured. We recommend adding this setting. Falling back to ozone.metadata.dirs instead.
2019-11-15 05:29:30,995 [Thread-0] INFO  db.DBStoreBuilder (DBStoreBuilder.java:addTable(127)) - using custom profile for table: userTable
2019-11-15 05:29:30,995 [Thread-0] INFO  db.DBStoreBuilder (DBStoreBuilder.java:processTables(183)) - Using default column profile:DBProfile.DISK for Table:userTable
2019-11-15 05:29:30,996 [Thread-0] INFO  db.DBStoreBuilder (DBStoreBuilder.java:addTable(127)) - using custom profile for table: volumeTable
2019-11-15 05:29:30,996 [Thread-0] INFO  db.DBStoreBuilder (DBStoreBuilder.java:processTables(183)) - Using default column profile:DBProfile.DISK for Table:volumeTable
2019-11-15 05:29:30,996 [Thread-0] INFO  db.DBStoreBuilder (DBStoreBuilder.java:addTable(127)) - using custom profile for table: bucketTable
2019-11-15 05:29:30,997 [Thread-0] INFO  db.DBStoreBuilder (DBStoreBuilder.java:processTables(183)) - Using default column profile:DBProfile.DISK for Table:bucketTable
2019-11-15 05:29:30,997 [Thread-0] INFO  db.DBStoreBuilder (DBStoreBuilder.java:addTable(127)) - using custom profile for table: keyTable
2019-11-15 05:29:30,997 [Thread-0] INFO  db.DBStoreBuilder (DBStoreBuilder.java:processTables(183)) - Using default column profile:DBProfile.DISK for Table:keyTable
2019-11-15 05:29:30,998 [Thread-0] INFO  db.DBStoreBuilder (DBStoreBuilder.java:addTable(127)) - using custom profile for table: deletedTable
2019-11-15 05:29:30,998 [Thread-0] INFO  db.DBStoreBuilder (DBStoreBuilder.java:processTables(183)) - Using default column profile:DBProfile.DISK for Table:deletedTable
2019-11-15 05:29:30,998 [Thread-0] INFO  db.DBStoreBuilder (DBStoreBuilder.java:addTable(127)) - using custom profile for table: openKeyTable
2019-11-15 05:29:30,999 [Thread-0] INFO  db.DBStoreBuilder (DBStoreBuilder.java:processTables(183)) - Using default column profile:DBProfile.DISK for Table:openKeyTable
2019-11-15 05:29:30,999 [Thread-0] INFO  db.DBStoreBuilder (DBStoreBuilder.java:addTable(127)) - using custom profile for table: s3Table
2019-11-15 05:29:30,999 [Thread-0] INFO  db.DBStoreBuilder (DBStoreBuilder.java:processTables(183)) - Using default column profile:DBProfile.DISK for Table:s3Table
2019-11-15 05:29:31,000 [Thread-0] INFO  db.DBStoreBuilder (DBStoreBuilder.java:addTable(127)) - using custom profile for table: multipartInfoTable
2019-11-15 05:29:31,000 [Thread-0] INFO  db.DBStoreBuilder (DBStoreBuilder.java:processTables(183)) - Using default column profile:DBProfile.DISK for Table:multipartInfoTable
2019-11-15 05:29:31,000 [Thread-0] INFO  db.DBStoreBuilder (DBStoreBuilder.java:addTable(127)) - using custom profile for table: dTokenTable
2019-11-15 05:29:31,000 [Thread-0] INFO  db.DBStoreBuilder (DBStoreBuilder.java:processTables(183)) - Using default column profile:DBProfile.DISK for Table:dTokenTable
2019-11-15 05:29:31,001 [Thread-0] INFO  db.DBStoreBuilder (DBStoreBuilder.java:addTable(127)) - using custom profile for table: s3SecretTable
2019-11-15 05:29:31,001 [Thread-0] INFO  db.DBStoreBuilder (DBStoreBuilder.java:processTables(183)) - Using default column profile:DBProfile.DISK for Table:s3SecretTable
2019-11-15 05:29:31,002 [Thread-0] INFO  db.DBStoreBuilder (DBStoreBuilder.java:addTable(127)) - using custom profile for table: prefixTable
2019-11-15 05:29:31,002 [Thread-0] INFO  db.DBStoreBuilder (DBStoreBuilder.java:processTables(183)) - Using default column profile:DBProfile.DISK for Table:prefixTable
2019-11-15 05:29:31,002 [Thread-0] INFO  db.DBStoreBuilder (DBStoreBuilder.java:addTable(127)) - using custom profile for table: default
2019-11-15 05:29:31,003 [Thread-0] INFO  db.DBStoreBuilder (DBStoreBuilder.java:processTables(189)) - Using default column profile:DBProfile.DISK for Table:default
2019-11-15 05:29:31,003 [Thread-0] INFO  db.DBStoreBuilder (DBStoreBuilder.java:getDbProfile(220)) - Using default options. DBProfile.DISK
2019-11-15 05:29:31,645 [Thread-0] INFO  ipc.CallQueueManager (CallQueueManager.java:<init>(84)) - Using callQueue: class java.util.concurrent.LinkedBlockingQueue, queueCapacity: 2000, scheduler: class org.apache.hadoop.ipc.DefaultRpcScheduler, ipcBackoff: false.
2019-11-15 05:29:31,646 [Socket Reader #1 for port 39934] INFO  ipc.Server (Server.java:run(1074)) - Starting Socket Reader #1 for port 39934
2019-11-15 05:29:31,666 [Thread-0] INFO  om.OzoneManager (OzoneManager.java:start(1077)) - OzoneManager RPC server is listening at localhost/127.0.0.1:39934
2019-11-15 05:29:31,666 [Thread-0] INFO  impl.MetricsSystemImpl (MetricsSystemImpl.java:init(158)) - OzoneManager metrics system started (again)
2019-11-15 05:29:31,675 [IPC Server Responder] INFO  ipc.Server (Server.java:run(1314)) - IPC Server Responder: starting
2019-11-15 05:29:31,675 [IPC Server listener on 39934] INFO  ipc.Server (Server.java:run(1153)) - IPC Server listener on 39934: starting
2019-11-15 05:29:31,680 [Thread-0] INFO  hdfs.DFSUtil (DFSUtil.java:httpServerTemplateForNNAndJN(1641)) - Starting Web-server for ozoneManager at: http://0.0.0.0:0
2019-11-15 05:29:31,682 [Thread-0] INFO  server.AuthenticationFilter (AuthenticationFilter.java:constructSecretProvider(240)) - Unable to initialize FileSignerSecretProvider, falling back to use random secrets.
2019-11-15 05:29:31,683 [Thread-0] WARN  http.HttpRequestLog (HttpRequestLog.java:getRequestLog(97)) - Jetty request log can only be enabled using Log4j
2019-11-15 05:29:31,686 [Thread-0] INFO  http.HttpServer2 (HttpServer2.java:addGlobalFilter(975)) - Added global filter 'safety' (class=org.apache.hadoop.http.HttpServer2$QuotingInputFilter)
2019-11-15 05:29:31,687 [Thread-0] INFO  http.HttpServer2 (HttpServer2.java:addFilter(948)) - Added filter static_user_filter (class=org.apache.hadoop.http.lib.StaticUserWebFilter$StaticUserFilter) to context ozoneManager
2019-11-15 05:29:31,687 [Thread-0] INFO  http.HttpServer2 (HttpServer2.java:addFilter(958)) - Added filter static_user_filter (class=org.apache.hadoop.http.lib.StaticUserWebFilter$StaticUserFilter) to context static
2019-11-15 05:29:31,688 [Thread-0] INFO  http.HttpServer2 (HttpServer2.java:addFilter(958)) - Added filter static_user_filter (class=org.apache.hadoop.http.lib.StaticUserWebFilter$StaticUserFilter) to context logs
2019-11-15 05:29:31,690 [Thread-0] INFO  http.HttpServer2 (HttpServer2.java:bindListener(1191)) - Jetty bound to port 42418
2019-11-15 05:29:31,690 [Thread-0] INFO  server.Server (Server.java:doStart(351)) - jetty-9.3.25.v20180904, build timestamp: 2018-09-04T21:11:46Z, git hash: 3ce520221d0240229c862b122d2b06c12a625732
2019-11-15 05:29:31,692 [Thread-0] INFO  handler.ContextHandler (ContextHandler.java:doStart(781)) - Started o.e.j.s.ServletContextHandler@1d3b2117{/logs,file:///workdir/hadoop-ozone/integration-test/target/log,AVAILABLE}
2019-11-15 05:29:31,693 [Thread-0] INFO  handler.ContextHandler (ContextHandler.java:doStart(781)) - Started o.e.j.s.ServletContextHandler@20f92a1e{/static,file:///workdir/hadoop-ozone/integration-test/target/test-classes/webapps/static,AVAILABLE}
2019-11-15 05:29:31,698 [Thread-0] INFO  handler.ContextHandler (ContextHandler.java:doStart(781)) - Started o.e.j.w.WebAppContext@78379748{/,file:///workdir/hadoop-ozone/integration-test/target/test-classes/webapps/ozoneManager/,AVAILABLE}{/ozoneManager}
2019-11-15 05:29:31,699 [Thread-0] INFO  server.AbstractConnector (AbstractConnector.java:doStart(278)) - Started ServerConnector@1d42e2a5{HTTP/1.1,[http/1.1]}{0.0.0.0:42418}
2019-11-15 05:29:31,699 [Thread-0] INFO  server.Server (Server.java:doStart(419)) - Started @25591ms
2019-11-15 05:29:31,700 [Thread-0] WARN  impl.MetricsSystemImpl (MetricsSystemImpl.java:register(276)) - Sink prometheus already exists!
2019-11-15 05:29:31,701 [Thread-0] INFO  server.BaseHttpServer (BaseHttpServer.java:updateConnectorAddress(215)) - HTTP server of OZONEMANAGER is listening at http://0.0.0.0:42418
2019-11-15 05:29:31,980 [Thread-0] INFO  impl.MetricsSystemImpl (MetricsSystemImpl.java:init(158)) - HddsDatanode metrics system started (again)
2019-11-15 05:29:32,042 [Thread-0] INFO  ozone.HddsDatanodeService (HddsDatanodeService.java:start(186)) - HddsDatanodeService host:pr-hdds-2492-gk4gh-2200684135 ip:192.168.34.44
2019-11-15 05:29:32,080 [Thread-0] INFO  volume.HddsVolume (HddsVolume.java:<init>(176)) - Creating Volume: /workdir/hadoop-ozone/integration-test/target/test-dir/MiniOzoneClusterImpl-99c5ca95-2193-49e7-a1bf-718a96802330/datanode-0/data/containers/hdds of  storage type : DISK and capacity : 1482555576320
2019-11-15 05:29:32,082 [Thread-0] INFO  volume.VolumeSet (VolumeSet.java:initializeVolumeSet(170)) - Added Volume : /workdir/hadoop-ozone/integration-test/target/test-dir/MiniOzoneClusterImpl-99c5ca95-2193-49e7-a1bf-718a96802330/datanode-0/data/containers/hdds to VolumeSet
2019-11-15 05:29:32,085 [Thread-0] INFO  volume.ThrottledAsyncChecker (ThrottledAsyncChecker.java:schedule(141)) - Scheduling a check for /workdir/hadoop-ozone/integration-test/target/test-dir/MiniOzoneClusterImpl-99c5ca95-2193-49e7-a1bf-718a96802330/datanode-0/data/containers/hdds
2019-11-15 05:29:32,102 [Thread-0] INFO  volume.HddsVolumeChecker (HddsVolumeChecker.java:checkAllVolumes(204)) - Scheduled health check for volume /workdir/hadoop-ozone/integration-test/target/test-dir/MiniOzoneClusterImpl-99c5ca95-2193-49e7-a1bf-718a96802330/datanode-0/data/containers/hdds
2019-11-15 05:29:32,202 [Thread-0] INFO  impl.RaftServerProxy (ConfUtils.java:logGet(43)) - raft.rpc.type = GRPC (default)
2019-11-15 05:29:32,265 [Thread-0] INFO  grpc.GrpcFactory (GrpcFactory.java:checkPooledByteBufAllocatorUseCacheForAllThreads(45)) - PERFORMANCE WARNING: useCacheForAllThreads is true that may cause Netty to create a lot garbage objects and, as a result, trigger GC.
	It is recommended to disable useCacheForAllThreads by setting -Dorg.apache.ratis.thirdparty.io.netty.allocator.useCacheForAllThreads=false in command line.
2019-11-15 05:29:32,271 [Thread-0] INFO  grpc.GrpcConfigKeys$Server (ConfUtils.java:logGet(43)) - raft.grpc.server.port = 0 (default)
2019-11-15 05:29:32,272 [Thread-0] INFO  server.GrpcService (ConfUtils.java:logGet(43)) - raft.grpc.message.size.max = 33570816 (custom)
2019-11-15 05:29:32,273 [Thread-0] INFO  server.RaftServerConfigKeys (ConfUtils.java:logGet(43)) - raft.server.log.appender.buffer.byte-limit = 33554432 (custom)
2019-11-15 05:29:32,274 [Thread-0] INFO  server.GrpcService (ConfUtils.java:logGet(43)) - raft.grpc.flow.control.window = 1MB (=1048576) (default)
2019-11-15 05:29:32,275 [Thread-0] INFO  server.RaftServerConfigKeys (ConfUtils.java:logGet(43)) - raft.server.rpc.request.timeout = 3000ms (default)
2019-11-15 05:29:32,427 [Thread-0] INFO  server.RaftServerConfigKeys (ConfUtils.java:logGet(43)) - raft.server.storage.dir = [/workdir/hadoop-ozone/integration-test/target/test-dir/MiniOzoneClusterImpl-99c5ca95-2193-49e7-a1bf-718a96802330/datanode-0/data/ratis] (custom)
2019-11-15 05:29:32,479 [Thread-0] INFO  hdfs.DFSUtil (DFSUtil.java:httpServerTemplateForNNAndJN(1641)) - Starting Web-server for hddsDatanode at: http://0.0.0.0:0
2019-11-15 05:29:32,481 [Thread-0] INFO  server.AuthenticationFilter (AuthenticationFilter.java:constructSecretProvider(240)) - Unable to initialize FileSignerSecretProvider, falling back to use random secrets.
2019-11-15 05:29:32,481 [Thread-0] WARN  http.HttpRequestLog (HttpRequestLog.java:getRequestLog(97)) - Jetty request log can only be enabled using Log4j
2019-11-15 05:29:32,484 [Thread-0] INFO  http.HttpServer2 (HttpServer2.java:addGlobalFilter(975)) - Added global filter 'safety' (class=org.apache.hadoop.http.HttpServer2$QuotingInputFilter)
2019-11-15 05:29:32,484 [Thread-0] INFO  http.HttpServer2 (HttpServer2.java:addFilter(948)) - Added filter static_user_filter (class=org.apache.hadoop.http.lib.StaticUserWebFilter$StaticUserFilter) to context hddsDatanode
2019-11-15 05:29:32,485 [Thread-0] INFO  http.HttpServer2 (HttpServer2.java:addFilter(958)) - Added filter static_user_filter (class=org.apache.hadoop.http.lib.StaticUserWebFilter$StaticUserFilter) to context logs
2019-11-15 05:29:32,485 [Thread-0] INFO  http.HttpServer2 (HttpServer2.java:addFilter(958)) - Added filter static_user_filter (class=org.apache.hadoop.http.lib.StaticUserWebFilter$StaticUserFilter) to context static
2019-11-15 05:29:32,486 [Thread-0] INFO  http.HttpServer2 (HttpServer2.java:bindListener(1191)) - Jetty bound to port 38883
2019-11-15 05:29:32,486 [Thread-0] INFO  server.Server (Server.java:doStart(351)) - jetty-9.3.25.v20180904, build timestamp: 2018-09-04T21:11:46Z, git hash: 3ce520221d0240229c862b122d2b06c12a625732
2019-11-15 05:29:32,490 [Thread-0] INFO  handler.ContextHandler (ContextHandler.java:doStart(781)) - Started o.e.j.s.ServletContextHandler@492c00cc{/logs,file:///workdir/hadoop-ozone/integration-test/target/log,AVAILABLE}
2019-11-15 05:29:32,491 [Thread-0] INFO  handler.ContextHandler (ContextHandler.java:doStart(781)) - Started o.e.j.s.ServletContextHandler@63f9db67{/static,jar:file:/home/user/.m2/repository/org/apache/hadoop/hadoop-hdds-container-service/0.5.0-SNAPSHOT/hadoop-hdds-container-service-0.5.0-SNAPSHOT.jar!/webapps/static,AVAILABLE}
2019-11-15 05:29:32,534 [Thread-0] INFO  handler.ContextHandler (ContextHandler.java:doStart(781)) - Started o.e.j.w.WebAppContext@24d9f03c{/,file:///tmp/jetty-0.0.0.0-38883-hddsDatanode-_-any-4832176179987141918.dir/webapp/,AVAILABLE}{/hddsDatanode}
2019-11-15 05:29:32,535 [Thread-0] INFO  server.AbstractConnector (AbstractConnector.java:doStart(278)) - Started ServerConnector@72e4717f{HTTP/1.1,[http/1.1]}{0.0.0.0:38883}
2019-11-15 05:29:32,535 [Thread-0] INFO  server.Server (Server.java:doStart(419)) - Started @26427ms
2019-11-15 05:29:32,535 [Thread-0] WARN  impl.MetricsSystemImpl (MetricsSystemImpl.java:register(276)) - Sink prometheus already exists!
2019-11-15 05:29:32,537 [Thread-0] INFO  server.BaseHttpServer (BaseHttpServer.java:updateConnectorAddress(215)) - HTTP server of HDDSDATANODE is listening at http://0.0.0.0:38883
2019-11-15 05:29:32,537 [Thread-0] INFO  impl.MetricsSystemImpl (MetricsSystemImpl.java:init(158)) - HddsDatanode metrics system started (again)
2019-11-15 05:29:32,540 [Thread-0] INFO  ozone.HddsDatanodeService (HddsDatanodeService.java:start(186)) - HddsDatanodeService host:pr-hdds-2492-gk4gh-2200684135 ip:192.168.34.44
2019-11-15 05:29:32,542 [org.apache.hadoop.util.JvmPauseMonitor$Monitor@1bd170f2] INFO  util.JvmPauseMonitor (JvmPauseMonitor.java:run(188)) - Starting JVM pause monitor
2019-11-15 05:29:32,549 [Thread-0] INFO  volume.HddsVolume (HddsVolume.java:<init>(176)) - Creating Volume: /workdir/hadoop-ozone/integration-test/target/test-dir/MiniOzoneClusterImpl-99c5ca95-2193-49e7-a1bf-718a96802330/datanode-1/data/containers/hdds of  storage type : DISK and capacity : 1482555576320
2019-11-15 05:29:32,550 [Thread-0] INFO  volume.VolumeSet (VolumeSet.java:initializeVolumeSet(170)) - Added Volume : /workdir/hadoop-ozone/integration-test/target/test-dir/MiniOzoneClusterImpl-99c5ca95-2193-49e7-a1bf-718a96802330/datanode-1/data/containers/hdds to VolumeSet
2019-11-15 05:29:32,550 [Thread-0] INFO  volume.ThrottledAsyncChecker (ThrottledAsyncChecker.java:schedule(141)) - Scheduling a check for /workdir/hadoop-ozone/integration-test/target/test-dir/MiniOzoneClusterImpl-99c5ca95-2193-49e7-a1bf-718a96802330/datanode-1/data/containers/hdds
2019-11-15 05:29:32,551 [Thread-0] INFO  volume.HddsVolumeChecker (HddsVolumeChecker.java:checkAllVolumes(204)) - Scheduled health check for volume /workdir/hadoop-ozone/integration-test/target/test-dir/MiniOzoneClusterImpl-99c5ca95-2193-49e7-a1bf-718a96802330/datanode-1/data/containers/hdds
2019-11-15 05:29:32,575 [Thread-0] INFO  impl.RaftServerProxy (ConfUtils.java:logGet(43)) - raft.rpc.type = GRPC (default)
2019-11-15 05:29:32,576 [Thread-0] INFO  grpc.GrpcFactory (GrpcFactory.java:checkPooledByteBufAllocatorUseCacheForAllThreads(45)) - PERFORMANCE WARNING: useCacheForAllThreads is true that may cause Netty to create a lot garbage objects and, as a result, trigger GC.
	It is recommended to disable useCacheForAllThreads by setting -Dorg.apache.ratis.thirdparty.io.netty.allocator.useCacheForAllThreads=false in command line.
2019-11-15 05:29:32,576 [Thread-0] INFO  grpc.GrpcConfigKeys$Server (ConfUtils.java:logGet(43)) - raft.grpc.server.port = 0 (default)
2019-11-15 05:29:32,577 [Thread-0] INFO  server.GrpcService (ConfUtils.java:logGet(43)) - raft.grpc.message.size.max = 33570816 (custom)
2019-11-15 05:29:32,577 [Thread-0] INFO  server.RaftServerConfigKeys (ConfUtils.java:logGet(43)) - raft.server.log.appender.buffer.byte-limit = 33554432 (custom)
2019-11-15 05:29:32,578 [Thread-0] INFO  server.GrpcService (ConfUtils.java:logGet(43)) - raft.grpc.flow.control.window = 1MB (=1048576) (default)
2019-11-15 05:29:32,578 [Thread-0] INFO  server.RaftServerConfigKeys (ConfUtils.java:logGet(43)) - raft.server.rpc.request.timeout = 3000ms (default)
2019-11-15 05:29:32,580 [Thread-0] INFO  server.RaftServerConfigKeys (ConfUtils.java:logGet(43)) - raft.server.storage.dir = [/workdir/hadoop-ozone/integration-test/target/test-dir/MiniOzoneClusterImpl-99c5ca95-2193-49e7-a1bf-718a96802330/datanode-1/data/ratis] (custom)
2019-11-15 05:29:32,582 [Thread-0] INFO  hdfs.DFSUtil (DFSUtil.java:httpServerTemplateForNNAndJN(1641)) - Starting Web-server for hddsDatanode at: http://0.0.0.0:0
2019-11-15 05:29:32,584 [Thread-0] INFO  server.AuthenticationFilter (AuthenticationFilter.java:constructSecretProvider(240)) - Unable to initialize FileSignerSecretProvider, falling back to use random secrets.
2019-11-15 05:29:32,584 [Thread-0] WARN  http.HttpRequestLog (HttpRequestLog.java:getRequestLog(97)) - Jetty request log can only be enabled using Log4j
2019-11-15 05:29:32,585 [Thread-0] INFO  http.HttpServer2 (HttpServer2.java:addGlobalFilter(975)) - Added global filter 'safety' (class=org.apache.hadoop.http.HttpServer2$QuotingInputFilter)
2019-11-15 05:29:32,586 [Thread-0] INFO  http.HttpServer2 (HttpServer2.java:addFilter(948)) - Added filter static_user_filter (class=org.apache.hadoop.http.lib.StaticUserWebFilter$StaticUserFilter) to context hddsDatanode
2019-11-15 05:29:32,586 [Thread-0] INFO  http.HttpServer2 (HttpServer2.java:addFilter(958)) - Added filter static_user_filter (class=org.apache.hadoop.http.lib.StaticUserWebFilter$StaticUserFilter) to context logs
2019-11-15 05:29:32,586 [Thread-0] INFO  http.HttpServer2 (HttpServer2.java:addFilter(958)) - Added filter static_user_filter (class=org.apache.hadoop.http.lib.StaticUserWebFilter$StaticUserFilter) to context static
2019-11-15 05:29:32,587 [Thread-0] INFO  http.HttpServer2 (HttpServer2.java:bindListener(1191)) - Jetty bound to port 41855
2019-11-15 05:29:32,587 [Thread-0] INFO  server.Server (Server.java:doStart(351)) - jetty-9.3.25.v20180904, build timestamp: 2018-09-04T21:11:46Z, git hash: 3ce520221d0240229c862b122d2b06c12a625732
2019-11-15 05:29:32,589 [Thread-0] INFO  handler.ContextHandler (ContextHandler.java:doStart(781)) - Started o.e.j.s.ServletContextHandler@409e56fc{/logs,file:///workdir/hadoop-ozone/integration-test/target/log,AVAILABLE}
2019-11-15 05:29:32,589 [Thread-0] INFO  handler.ContextHandler (ContextHandler.java:doStart(781)) - Started o.e.j.s.ServletContextHandler@1edc75e5{/static,jar:file:/home/user/.m2/repository/org/apache/hadoop/hadoop-hdds-container-service/0.5.0-SNAPSHOT/hadoop-hdds-container-service-0.5.0-SNAPSHOT.jar!/webapps/static,AVAILABLE}
2019-11-15 05:29:32,621 [Thread-0] INFO  handler.ContextHandler (ContextHandler.java:doStart(781)) - Started o.e.j.w.WebAppContext@3a83f7dd{/,file:///tmp/jetty-0.0.0.0-41855-hddsDatanode-_-any-3483259100636552570.dir/webapp/,AVAILABLE}{/hddsDatanode}
2019-11-15 05:29:32,622 [Thread-0] INFO  server.AbstractConnector (AbstractConnector.java:doStart(278)) - Started ServerConnector@46d8476d{HTTP/1.1,[http/1.1]}{0.0.0.0:41855}
2019-11-15 05:29:32,622 [Thread-0] INFO  server.Server (Server.java:doStart(419)) - Started @26514ms
2019-11-15 05:29:32,622 [Thread-0] WARN  impl.MetricsSystemImpl (MetricsSystemImpl.java:register(276)) - Sink prometheus already exists!
2019-11-15 05:29:32,623 [Thread-0] INFO  server.BaseHttpServer (BaseHttpServer.java:updateConnectorAddress(215)) - HTTP server of HDDSDATANODE is listening at http://0.0.0.0:41855
2019-11-15 05:29:32,623 [Thread-0] INFO  impl.MetricsSystemImpl (MetricsSystemImpl.java:init(158)) - HddsDatanode metrics system started (again)
2019-11-15 05:29:32,626 [Thread-0] INFO  ozone.HddsDatanodeService (HddsDatanodeService.java:start(186)) - HddsDatanodeService host:pr-hdds-2492-gk4gh-2200684135 ip:192.168.34.44
2019-11-15 05:29:32,626 [org.apache.hadoop.util.JvmPauseMonitor$Monitor@6b4bf604] INFO  util.JvmPauseMonitor (JvmPauseMonitor.java:run(188)) - Starting JVM pause monitor
2019-11-15 05:29:32,633 [Thread-0] INFO  volume.HddsVolume (HddsVolume.java:<init>(176)) - Creating Volume: /workdir/hadoop-ozone/integration-test/target/test-dir/MiniOzoneClusterImpl-99c5ca95-2193-49e7-a1bf-718a96802330/datanode-2/data/containers/hdds of  storage type : DISK and capacity : 1482555576320
2019-11-15 05:29:32,633 [Thread-0] INFO  volume.VolumeSet (VolumeSet.java:initializeVolumeSet(170)) - Added Volume : /workdir/hadoop-ozone/integration-test/target/test-dir/MiniOzoneClusterImpl-99c5ca95-2193-49e7-a1bf-718a96802330/datanode-2/data/containers/hdds to VolumeSet
2019-11-15 05:29:32,633 [Thread-0] INFO  volume.ThrottledAsyncChecker (ThrottledAsyncChecker.java:schedule(141)) - Scheduling a check for /workdir/hadoop-ozone/integration-test/target/test-dir/MiniOzoneClusterImpl-99c5ca95-2193-49e7-a1bf-718a96802330/datanode-2/data/containers/hdds
2019-11-15 05:29:32,634 [Thread-0] INFO  volume.HddsVolumeChecker (HddsVolumeChecker.java:checkAllVolumes(204)) - Scheduled health check for volume /workdir/hadoop-ozone/integration-test/target/test-dir/MiniOzoneClusterImpl-99c5ca95-2193-49e7-a1bf-718a96802330/datanode-2/data/containers/hdds
2019-11-15 05:29:32,641 [Datanode State Machine Thread - 0] INFO  datanode.InitDatanodeState (InitDatanodeState.java:persistContainerDatanodeDetails(140)) - DatanodeDetails is persisted to /workdir/hadoop-ozone/integration-test/target/test-dir/MiniOzoneClusterImpl-99c5ca95-2193-49e7-a1bf-718a96802330/datanode-0/meta/datanode.id
2019-11-15 05:29:32,643 [Datanode State Machine Thread - 0] INFO  datanode.InitDatanodeState (InitDatanodeState.java:persistContainerDatanodeDetails(140)) - DatanodeDetails is persisted to /workdir/hadoop-ozone/integration-test/target/test-dir/MiniOzoneClusterImpl-99c5ca95-2193-49e7-a1bf-718a96802330/datanode-1/meta/datanode.id
2019-11-15 05:29:32,648 [Thread-0] INFO  impl.RaftServerProxy (ConfUtils.java:logGet(43)) - raft.rpc.type = GRPC (default)
2019-11-15 05:29:32,648 [Thread-0] INFO  grpc.GrpcFactory (GrpcFactory.java:checkPooledByteBufAllocatorUseCacheForAllThreads(45)) - PERFORMANCE WARNING: useCacheForAllThreads is true that may cause Netty to create a lot garbage objects and, as a result, trigger GC.
	It is recommended to disable useCacheForAllThreads by setting -Dorg.apache.ratis.thirdparty.io.netty.allocator.useCacheForAllThreads=false in command line.
2019-11-15 05:29:32,648 [Thread-0] INFO  grpc.GrpcConfigKeys$Server (ConfUtils.java:logGet(43)) - raft.grpc.server.port = 0 (default)
2019-11-15 05:29:32,648 [Thread-0] INFO  server.GrpcService (ConfUtils.java:logGet(43)) - raft.grpc.message.size.max = 33570816 (custom)
2019-11-15 05:29:32,648 [Thread-0] INFO  server.RaftServerConfigKeys (ConfUtils.java:logGet(43)) - raft.server.log.appender.buffer.byte-limit = 33554432 (custom)
2019-11-15 05:29:32,648 [Thread-0] INFO  server.GrpcService (ConfUtils.java:logGet(43)) - raft.grpc.flow.control.window = 1MB (=1048576) (default)
2019-11-15 05:29:32,649 [Thread-0] INFO  server.RaftServerConfigKeys (ConfUtils.java:logGet(43)) - raft.server.rpc.request.timeout = 3000ms (default)
2019-11-15 05:29:32,649 [Thread-0] INFO  server.RaftServerConfigKeys (ConfUtils.java:logGet(43)) - raft.server.storage.dir = [/workdir/hadoop-ozone/integration-test/target/test-dir/MiniOzoneClusterImpl-99c5ca95-2193-49e7-a1bf-718a96802330/datanode-2/data/ratis] (custom)
2019-11-15 05:29:32,652 [Thread-0] INFO  hdfs.DFSUtil (DFSUtil.java:httpServerTemplateForNNAndJN(1641)) - Starting Web-server for hddsDatanode at: http://0.0.0.0:0
2019-11-15 05:29:32,653 [Thread-0] INFO  server.AuthenticationFilter (AuthenticationFilter.java:constructSecretProvider(240)) - Unable to initialize FileSignerSecretProvider, falling back to use random secrets.
2019-11-15 05:29:32,653 [Thread-0] WARN  http.HttpRequestLog (HttpRequestLog.java:getRequestLog(97)) - Jetty request log can only be enabled using Log4j
2019-11-15 05:29:32,655 [Thread-0] INFO  http.HttpServer2 (HttpServer2.java:addGlobalFilter(975)) - Added global filter 'safety' (class=org.apache.hadoop.http.HttpServer2$QuotingInputFilter)
2019-11-15 05:29:32,656 [Thread-0] INFO  http.HttpServer2 (HttpServer2.java:addFilter(948)) - Added filter static_user_filter (class=org.apache.hadoop.http.lib.StaticUserWebFilter$StaticUserFilter) to context hddsDatanode
2019-11-15 05:29:32,656 [Thread-0] INFO  http.HttpServer2 (HttpServer2.java:addFilter(958)) - Added filter static_user_filter (class=org.apache.hadoop.http.lib.StaticUserWebFilter$StaticUserFilter) to context logs
2019-11-15 05:29:32,656 [Thread-0] INFO  http.HttpServer2 (HttpServer2.java:addFilter(958)) - Added filter static_user_filter (class=org.apache.hadoop.http.lib.StaticUserWebFilter$StaticUserFilter) to context static
2019-11-15 05:29:32,657 [Thread-0] INFO  http.HttpServer2 (HttpServer2.java:bindListener(1191)) - Jetty bound to port 35390
2019-11-15 05:29:32,657 [Thread-0] INFO  server.Server (Server.java:doStart(351)) - jetty-9.3.25.v20180904, build timestamp: 2018-09-04T21:11:46Z, git hash: 3ce520221d0240229c862b122d2b06c12a625732
2019-11-15 05:29:32,660 [Thread-0] INFO  handler.ContextHandler (ContextHandler.java:doStart(781)) - Started o.e.j.s.ServletContextHandler@188ef53e{/logs,file:///workdir/hadoop-ozone/integration-test/target/log,AVAILABLE}
2019-11-15 05:29:32,660 [Thread-0] INFO  handler.ContextHandler (ContextHandler.java:doStart(781)) - Started o.e.j.s.ServletContextHandler@991022e{/static,jar:file:/home/user/.m2/repository/org/apache/hadoop/hadoop-hdds-container-service/0.5.0-SNAPSHOT/hadoop-hdds-container-service-0.5.0-SNAPSHOT.jar!/webapps/static,AVAILABLE}
2019-11-15 05:29:32,694 [Thread-0] INFO  handler.ContextHandler (ContextHandler.java:doStart(781)) - Started o.e.j.w.WebAppContext@6fe166dc{/,file:///tmp/jetty-0.0.0.0-35390-hddsDatanode-_-any-2669166381860401575.dir/webapp/,AVAILABLE}{/hddsDatanode}
2019-11-15 05:29:32,695 [Thread-0] INFO  server.AbstractConnector (AbstractConnector.java:doStart(278)) - Started ServerConnector@60de404d{HTTP/1.1,[http/1.1]}{0.0.0.0:35390}
2019-11-15 05:29:32,695 [Thread-0] INFO  server.Server (Server.java:doStart(419)) - Started @26587ms
2019-11-15 05:29:32,695 [Thread-0] WARN  impl.MetricsSystemImpl (MetricsSystemImpl.java:register(276)) - Sink prometheus already exists!
2019-11-15 05:29:32,696 [Thread-0] INFO  server.BaseHttpServer (BaseHttpServer.java:updateConnectorAddress(215)) - HTTP server of HDDSDATANODE is listening at http://0.0.0.0:35390
2019-11-15 05:29:32,698 [Thread-0] INFO  ozone.MiniOzoneClusterImpl (MiniOzoneClusterImpl.java:lambda$waitForClusterToBeReady$0(150)) - Waiting for nodes to be ready. Got 0 of 3 DN Heartbeats.
2019-11-15 05:29:32,698 [Thread-0] INFO  ozone.MiniOzoneClusterImpl (MiniOzoneClusterImpl.java:lambda$waitForClusterToBeReady$0(153)) - Waiting for cluster to exit safe mode
2019-11-15 05:29:32,699 [org.apache.hadoop.util.JvmPauseMonitor$Monitor@229c3c19] INFO  util.JvmPauseMonitor (JvmPauseMonitor.java:run(188)) - Starting JVM pause monitor
2019-11-15 05:29:32,702 [Datanode State Machine Thread - 0] INFO  datanode.InitDatanodeState (InitDatanodeState.java:persistContainerDatanodeDetails(140)) - DatanodeDetails is persisted to /workdir/hadoop-ozone/integration-test/target/test-dir/MiniOzoneClusterImpl-99c5ca95-2193-49e7-a1bf-718a96802330/datanode-2/meta/datanode.id
2019-11-15 05:29:33,698 [Thread-0] INFO  ozone.MiniOzoneClusterImpl (MiniOzoneClusterImpl.java:lambda$waitForClusterToBeReady$0(150)) - Waiting for nodes to be ready. Got 0 of 3 DN Heartbeats.
2019-11-15 05:29:33,698 [Thread-0] INFO  ozone.MiniOzoneClusterImpl (MiniOzoneClusterImpl.java:lambda$waitForClusterToBeReady$0(153)) - Waiting for cluster to exit safe mode
2019-11-15 05:29:34,699 [Thread-0] INFO  ozone.MiniOzoneClusterImpl (MiniOzoneClusterImpl.java:lambda$waitForClusterToBeReady$0(150)) - Waiting for nodes to be ready. Got 0 of 3 DN Heartbeats.
2019-11-15 05:29:34,699 [Thread-0] INFO  ozone.MiniOzoneClusterImpl (MiniOzoneClusterImpl.java:lambda$waitForClusterToBeReady$0(153)) - Waiting for cluster to exit safe mode
2019-11-15 05:29:35,700 [Thread-0] INFO  ozone.MiniOzoneClusterImpl (MiniOzoneClusterImpl.java:lambda$waitForClusterToBeReady$0(150)) - Waiting for nodes to be ready. Got 0 of 3 DN Heartbeats.
2019-11-15 05:29:35,700 [Thread-0] INFO  ozone.MiniOzoneClusterImpl (MiniOzoneClusterImpl.java:lambda$waitForClusterToBeReady$0(153)) - Waiting for cluster to exit safe mode
2019-11-15 05:29:36,700 [Thread-0] INFO  ozone.MiniOzoneClusterImpl (MiniOzoneClusterImpl.java:lambda$waitForClusterToBeReady$0(150)) - Waiting for nodes to be ready. Got 0 of 3 DN Heartbeats.
2019-11-15 05:29:36,701 [Thread-0] INFO  ozone.MiniOzoneClusterImpl (MiniOzoneClusterImpl.java:lambda$waitForClusterToBeReady$0(153)) - Waiting for cluster to exit safe mode
2019-11-15 05:29:37,059 [Datanode State Machine Thread - 0] INFO  ozoneimpl.OzoneContainer (OzoneContainer.java:start(230)) - Attempting to start container services.
2019-11-15 05:29:37,059 [Datanode State Machine Thread - 0] INFO  ozoneimpl.OzoneContainer (OzoneContainer.java:start(230)) - Attempting to start container services.
2019-11-15 05:29:37,059 [Datanode State Machine Thread - 0] INFO  ozoneimpl.OzoneContainer (OzoneContainer.java:start(230)) - Attempting to start container services.
2019-11-15 05:29:37,062 [Datanode State Machine Thread - 0] INFO  ozoneimpl.OzoneContainer (OzoneContainer.java:startContainerScrub(194)) - Background container scanner has been disabled.
2019-11-15 05:29:37,062 [Datanode State Machine Thread - 0] INFO  ozoneimpl.OzoneContainer (OzoneContainer.java:startContainerScrub(194)) - Background container scanner has been disabled.
2019-11-15 05:29:37,062 [Datanode State Machine Thread - 0] INFO  ratis.XceiverServerRatis (XceiverServerRatis.java:start(422)) - Starting XceiverServerRatis 4699c8e6-8c9e-4f76-a58f-cc5ec26439f8 at port 0
2019-11-15 05:29:37,062 [Datanode State Machine Thread - 0] INFO  ozoneimpl.OzoneContainer (OzoneContainer.java:startContainerScrub(194)) - Background container scanner has been disabled.
2019-11-15 05:29:37,062 [Datanode State Machine Thread - 0] INFO  ratis.XceiverServerRatis (XceiverServerRatis.java:start(422)) - Starting XceiverServerRatis 7d635197-424b-4388-a3b7-879e3419f602 at port 0
2019-11-15 05:29:37,063 [Datanode State Machine Thread - 0] INFO  ratis.XceiverServerRatis (XceiverServerRatis.java:start(422)) - Starting XceiverServerRatis ddd91f58-e106-4cce-9dae-6653bc14f5b7 at port 0
2019-11-15 05:29:37,089 [Datanode State Machine Thread - 0] INFO  impl.RaftServerProxy (RaftServerProxy.java:lambda$start$3(299)) - ddd91f58-e106-4cce-9dae-6653bc14f5b7: start RPC server
2019-11-15 05:29:37,089 [Datanode State Machine Thread - 0] INFO  impl.RaftServerProxy (RaftServerProxy.java:lambda$start$3(299)) - 4699c8e6-8c9e-4f76-a58f-cc5ec26439f8: start RPC server
2019-11-15 05:29:37,089 [Datanode State Machine Thread - 0] INFO  impl.RaftServerProxy (RaftServerProxy.java:lambda$start$3(299)) - 7d635197-424b-4388-a3b7-879e3419f602: start RPC server
2019-11-15 05:29:37,204 [Datanode State Machine Thread - 0] INFO  server.GrpcService (GrpcService.java:startImpl(158)) - 7d635197-424b-4388-a3b7-879e3419f602: GrpcService started, listening on 0.0.0.0/0.0.0.0:33422
2019-11-15 05:29:37,204 [Datanode State Machine Thread - 0] INFO  server.GrpcService (GrpcService.java:startImpl(158)) - 4699c8e6-8c9e-4f76-a58f-cc5ec26439f8: GrpcService started, listening on 0.0.0.0/0.0.0.0:40513
2019-11-15 05:29:37,204 [Datanode State Machine Thread - 0] INFO  server.GrpcService (GrpcService.java:startImpl(158)) - ddd91f58-e106-4cce-9dae-6653bc14f5b7: GrpcService started, listening on 0.0.0.0/0.0.0.0:35253
2019-11-15 05:29:37,205 [Datanode State Machine Thread - 0] INFO  ratis.XceiverServerRatis (XceiverServerRatis.java:start(432)) - XceiverServerRatis 4699c8e6-8c9e-4f76-a58f-cc5ec26439f8 is started using port 40513
2019-11-15 05:29:37,205 [Datanode State Machine Thread - 0] INFO  ratis.XceiverServerRatis (XceiverServerRatis.java:start(432)) - XceiverServerRatis 7d635197-424b-4388-a3b7-879e3419f602 is started using port 33422
2019-11-15 05:29:37,205 [Datanode State Machine Thread - 0] INFO  ratis.XceiverServerRatis (XceiverServerRatis.java:start(432)) - XceiverServerRatis ddd91f58-e106-4cce-9dae-6653bc14f5b7 is started using port 35253
2019-11-15 05:29:37,208 [Datanode State Machine Thread - 0] INFO  server.XceiverServerGrpc (XceiverServerGrpc.java:start(145)) - XceiverServerGrpc 7d635197-424b-4388-a3b7-879e3419f602 is started using port 38586
2019-11-15 05:29:37,208 [Datanode State Machine Thread - 0] INFO  server.XceiverServerGrpc (XceiverServerGrpc.java:start(145)) - XceiverServerGrpc ddd91f58-e106-4cce-9dae-6653bc14f5b7 is started using port 33717
2019-11-15 05:29:37,209 [Datanode State Machine Thread - 0] INFO  server.XceiverServerGrpc (XceiverServerGrpc.java:start(145)) - XceiverServerGrpc 4699c8e6-8c9e-4f76-a58f-cc5ec26439f8 is started using port 36899
2019-11-15 05:29:37,701 [Thread-0] INFO  ozone.MiniOzoneClusterImpl (MiniOzoneClusterImpl.java:lambda$waitForClusterToBeReady$0(150)) - Waiting for nodes to be ready. Got 0 of 3 DN Heartbeats.
2019-11-15 05:29:37,701 [Thread-0] INFO  ozone.MiniOzoneClusterImpl (MiniOzoneClusterImpl.java:lambda$waitForClusterToBeReady$0(153)) - Waiting for cluster to exit safe mode
2019-11-15 05:29:38,583 [IPC Server handler 0 on 36429] INFO  net.NetworkTopology (NetworkTopologyImpl.java:add(111)) - Added a new node: /default-rack/4699c8e6-8c9e-4f76-a58f-cc5ec26439f8
2019-11-15 05:29:38,584 [IPC Server handler 0 on 36429] INFO  node.SCMNodeManager (SCMNodeManager.java:register(267)) - Registered Data node : 4699c8e6-8c9e-4f76-a58f-cc5ec26439f8{ip: 192.168.34.44, host: pr-hdds-2492-gk4gh-2200684135, networkLocation: /default-rack, certSerialId: null}
2019-11-15 05:29:38,588 [EventQueue-NodeRegistrationContainerReportForContainerSafeModeRule] INFO  safemode.SCMSafeModeManager (SCMSafeModeManager.java:validateSafeModeExitRules(176)) - ContainerSafeModeRule rule is successfully validated
2019-11-15 05:29:38,588 [EventQueue-NodeRegistrationContainerReportForDataNodeSafeModeRule] INFO  safemode.SCMSafeModeManager (DataNodeSafeModeRule.java:process(71)) - SCM in safe mode. 1 DataNodes registered, 1 required.
2019-11-15 05:29:38,590 [EventQueue-NodeRegistrationContainerReportForDataNodeSafeModeRule] INFO  safemode.SCMSafeModeManager (SCMSafeModeManager.java:validateSafeModeExitRules(176)) - DataNodeSafeModeRule rule is successfully validated
2019-11-15 05:29:38,594 [RatisPipelineUtilsThread] INFO  pipeline.RatisPipelineProvider (RatisPipelineProvider.java:lambda$create$4(163)) - Send pipeline:PipelineID=8b713e39-950c-47da-861d-92b8b86d3303 create command to datanode 4699c8e6-8c9e-4f76-a58f-cc5ec26439f8
2019-11-15 05:29:38,605 [RatisPipelineUtilsThread] INFO  pipeline.PipelineStateManager (PipelineStateManager.java:addPipeline(55)) - Created pipeline Pipeline[ Id: 8b713e39-950c-47da-861d-92b8b86d3303, Nodes: 4699c8e6-8c9e-4f76-a58f-cc5ec26439f8{ip: 192.168.34.44, host: pr-hdds-2492-gk4gh-2200684135, networkLocation: /default-rack, certSerialId: null}, Type:RATIS, Factor:ONE, State:ALLOCATED]
2019-11-15 05:29:38,629 [IPC Server handler 2 on 36429] INFO  net.NetworkTopology (NetworkTopologyImpl.java:add(111)) - Added a new node: /default-rack/ddd91f58-e106-4cce-9dae-6653bc14f5b7
2019-11-15 05:29:38,630 [IPC Server handler 2 on 36429] INFO  node.SCMNodeManager (SCMNodeManager.java:register(267)) - Registered Data node : ddd91f58-e106-4cce-9dae-6653bc14f5b7{ip: 192.168.34.44, host: pr-hdds-2492-gk4gh-2200684135, networkLocation: /default-rack, certSerialId: null}
2019-11-15 05:29:38,630 [EventQueue-NodeRegistrationContainerReportForContainerSafeModeRule] INFO  safemode.SCMSafeModeManager (SCMSafeModeManager.java:validateSafeModeExitRules(176)) - ContainerSafeModeRule rule is successfully validated
2019-11-15 05:29:38,630 [EventQueue-NodeRegistrationContainerReportForDataNodeSafeModeRule] INFO  safemode.SCMSafeModeManager (SCMSafeModeManager.java:validateSafeModeExitRules(176)) - DataNodeSafeModeRule rule is successfully validated
2019-11-15 05:29:38,632 [RatisPipelineUtilsThread] INFO  pipeline.RatisPipelineProvider (RatisPipelineProvider.java:lambda$create$4(163)) - Send pipeline:PipelineID=773f0253-3210-47a6-996e-b6414fc87655 create command to datanode ddd91f58-e106-4cce-9dae-6653bc14f5b7
2019-11-15 05:29:38,632 [RatisPipelineUtilsThread] INFO  pipeline.PipelineStateManager (PipelineStateManager.java:addPipeline(55)) - Created pipeline Pipeline[ Id: 773f0253-3210-47a6-996e-b6414fc87655, Nodes: ddd91f58-e106-4cce-9dae-6653bc14f5b7{ip: 192.168.34.44, host: pr-hdds-2492-gk4gh-2200684135, networkLocation: /default-rack, certSerialId: null}, Type:RATIS, Factor:ONE, State:ALLOCATED]
2019-11-15 05:29:38,702 [Thread-0] INFO  ozone.MiniOzoneClusterImpl (MiniOzoneClusterImpl.java:lambda$waitForClusterToBeReady$0(150)) - Waiting for nodes to be ready. Got 2 of 3 DN Heartbeats.
2019-11-15 05:29:38,703 [Thread-0] INFO  ozone.MiniOzoneClusterImpl (MiniOzoneClusterImpl.java:lambda$waitForClusterToBeReady$0(153)) - Waiting for cluster to exit safe mode
2019-11-15 05:29:38,704 [IPC Server handler 3 on 36429] INFO  net.NetworkTopology (NetworkTopologyImpl.java:add(111)) - Added a new node: /default-rack/7d635197-424b-4388-a3b7-879e3419f602
2019-11-15 05:29:38,704 [IPC Server handler 3 on 36429] INFO  node.SCMNodeManager (SCMNodeManager.java:register(267)) - Registered Data node : 7d635197-424b-4388-a3b7-879e3419f602{ip: 192.168.34.44, host: pr-hdds-2492-gk4gh-2200684135, networkLocation: /default-rack, certSerialId: null}
2019-11-15 05:29:38,704 [EventQueue-NodeRegistrationContainerReportForDataNodeSafeModeRule] INFO  safemode.SCMSafeModeManager (SCMSafeModeManager.java:validateSafeModeExitRules(176)) - DataNodeSafeModeRule rule is successfully validated
2019-11-15 05:29:38,704 [RatisPipelineUtilsThread] INFO  pipeline.RatisPipelineProvider (RatisPipelineProvider.java:lambda$create$4(163)) - Send pipeline:PipelineID=12567fab-9043-4dd3-ac5b-c1b17d650937 create command to datanode 7d635197-424b-4388-a3b7-879e3419f602
2019-11-15 05:29:38,704 [EventQueue-NodeRegistrationContainerReportForContainerSafeModeRule] INFO  safemode.SCMSafeModeManager (SCMSafeModeManager.java:validateSafeModeExitRules(176)) - ContainerSafeModeRule rule is successfully validated
2019-11-15 05:29:38,705 [RatisPipelineUtilsThread] INFO  pipeline.PipelineStateManager (PipelineStateManager.java:addPipeline(55)) - Created pipeline Pipeline[ Id: 12567fab-9043-4dd3-ac5b-c1b17d650937, Nodes: 7d635197-424b-4388-a3b7-879e3419f602{ip: 192.168.34.44, host: pr-hdds-2492-gk4gh-2200684135, networkLocation: /default-rack, certSerialId: null}, Type:RATIS, Factor:ONE, State:ALLOCATED]
2019-11-15 05:29:38,706 [RatisPipelineUtilsThread] INFO  pipeline.RatisPipelineProvider (RatisPipelineProvider.java:lambda$create$4(163)) - Send pipeline:PipelineID=fb6c4f7e-b5b5-4700-b757-e1b4eb3be67b create command to datanode 7d635197-424b-4388-a3b7-879e3419f602
2019-11-15 05:29:38,706 [RatisPipelineUtilsThread] INFO  pipeline.RatisPipelineProvider (RatisPipelineProvider.java:lambda$create$4(163)) - Send pipeline:PipelineID=fb6c4f7e-b5b5-4700-b757-e1b4eb3be67b create command to datanode ddd91f58-e106-4cce-9dae-6653bc14f5b7
2019-11-15 05:29:38,706 [RatisPipelineUtilsThread] INFO  pipeline.RatisPipelineProvider (RatisPipelineProvider.java:lambda$create$4(163)) - Send pipeline:PipelineID=fb6c4f7e-b5b5-4700-b757-e1b4eb3be67b create command to datanode 4699c8e6-8c9e-4f76-a58f-cc5ec26439f8
2019-11-15 05:29:38,707 [RatisPipelineUtilsThread] INFO  pipeline.PipelineStateManager (PipelineStateManager.java:addPipeline(55)) - Created pipeline Pipeline[ Id: fb6c4f7e-b5b5-4700-b757-e1b4eb3be67b, Nodes: 7d635197-424b-4388-a3b7-879e3419f602{ip: 192.168.34.44, host: pr-hdds-2492-gk4gh-2200684135, networkLocation: /default-rack, certSerialId: null}ddd91f58-e106-4cce-9dae-6653bc14f5b7{ip: 192.168.34.44, host: pr-hdds-2492-gk4gh-2200684135, networkLocation: /default-rack, certSerialId: null}4699c8e6-8c9e-4f76-a58f-cc5ec26439f8{ip: 192.168.34.44, host: pr-hdds-2492-gk4gh-2200684135, networkLocation: /default-rack, certSerialId: null}, Type:RATIS, Factor:THREE, State:ALLOCATED]
2019-11-15 05:29:39,703 [Thread-0] INFO  ozone.MiniOzoneClusterImpl (MiniOzoneClusterImpl.java:lambda$waitForClusterToBeReady$0(150)) - Nodes are ready. Got 3 of 3 DN Heartbeats.
2019-11-15 05:29:39,703 [Thread-0] INFO  ozone.MiniOzoneClusterImpl (MiniOzoneClusterImpl.java:lambda$waitForClusterToBeReady$0(153)) - Waiting for cluster to exit safe mode
2019-11-15 05:29:40,704 [Thread-0] INFO  ozone.MiniOzoneClusterImpl (MiniOzoneClusterImpl.java:lambda$waitForClusterToBeReady$0(150)) - Nodes are ready. Got 3 of 3 DN Heartbeats.
2019-11-15 05:29:40,704 [Thread-0] INFO  ozone.MiniOzoneClusterImpl (MiniOzoneClusterImpl.java:lambda$waitForClusterToBeReady$0(153)) - Waiting for cluster to exit safe mode
2019-11-15 05:29:41,574 [Command processor thread] INFO  impl.RaftServerProxy (RaftServerProxy.java:addNew(89)) - 4699c8e6-8c9e-4f76-a58f-cc5ec26439f8: addNew group-92B8B86D3303:[4699c8e6-8c9e-4f76-a58f-cc5ec26439f8:192.168.34.44:40513] returns group-92B8B86D3303:java.util.concurrent.CompletableFuture@50494436[Not completed]
2019-11-15 05:29:41,598 [pool-27-thread-1] INFO  impl.RaftServerImpl (RaftServerImpl.java:<init>(98)) - 4699c8e6-8c9e-4f76-a58f-cc5ec26439f8: new RaftServerImpl for group-92B8B86D3303:[4699c8e6-8c9e-4f76-a58f-cc5ec26439f8:192.168.34.44:40513] with ContainerStateMachine:uninitialized
2019-11-15 05:29:41,601 [pool-27-thread-1] INFO  server.RaftServerConfigKeys (ConfUtils.java:logGet(43)) - raft.server.rpc.timeout.min = 5s (custom)
2019-11-15 05:29:41,602 [pool-27-thread-1] INFO  server.RaftServerConfigKeys (ConfUtils.java:logGet(43)) - raft.server.rpc.timeout.max = 5200ms (custom)
2019-11-15 05:29:41,602 [pool-27-thread-1] INFO  server.RaftServerConfigKeys (ConfUtils.java:logGet(43)) - raft.server.rpcslowness.timeout = 120s (custom)
2019-11-15 05:29:41,603 [pool-27-thread-1] INFO  server.RaftServerConfigKeys (ConfUtils.java:logGet(43)) - raft.server.sleep.deviation.threshold = 300 (default)
2019-11-15 05:29:41,604 [pool-27-thread-1] INFO  server.RaftServerConfigKeys (ConfUtils.java:logGet(43)) - raft.server.log.appender.install.snapshot.enabled = false (custom)
2019-11-15 05:29:41,612 [pool-27-thread-1] INFO  impl.RaftServerImpl (ServerState.java:<init>(103)) - 4699c8e6-8c9e-4f76-a58f-cc5ec26439f8@group-92B8B86D3303: ConfigurationManager, init=-1: [4699c8e6-8c9e-4f76-a58f-cc5ec26439f8:192.168.34.44:40513], old=null, confs=<EMPTY_MAP>
2019-11-15 05:29:41,613 [pool-27-thread-1] INFO  server.RaftServerConfigKeys (ConfUtils.java:logGet(43)) - raft.server.storage.dir = [/workdir/hadoop-ozone/integration-test/target/test-dir/MiniOzoneClusterImpl-99c5ca95-2193-49e7-a1bf-718a96802330/datanode-0/data/ratis] (custom)
2019-11-15 05:29:41,620 [pool-27-thread-1] INFO  server.RaftServerConfigKeys (ConfUtils.java:logGet(43)) - raft.server.log.corruption.policy = EXCEPTION (default)
2019-11-15 05:29:41,622 [pool-27-thread-1] INFO  storage.RaftStorageDirectory (RaftStorageDirectory.java:analyzeStorage(246)) - The storage directory /workdir/hadoop-ozone/integration-test/target/test-dir/MiniOzoneClusterImpl-99c5ca95-2193-49e7-a1bf-718a96802330/datanode-0/data/ratis/8b713e39-950c-47da-861d-92b8b86d3303 does not exist. Creating ...
2019-11-15 05:29:41,626 [Command processor thread] INFO  impl.RaftServerProxy (RaftServerProxy.java:addNew(89)) - ddd91f58-e106-4cce-9dae-6653bc14f5b7: addNew group-B6414FC87655:[ddd91f58-e106-4cce-9dae-6653bc14f5b7:192.168.34.44:35253] returns group-B6414FC87655:java.util.concurrent.CompletableFuture@2caf20e4[Not completed]
2019-11-15 05:29:41,642 [pool-27-thread-1] INFO  storage.RaftStorageDirectory (RaftStorageDirectory.java:tryLock(328)) - Lock on /workdir/hadoop-ozone/integration-test/target/test-dir/MiniOzoneClusterImpl-99c5ca95-2193-49e7-a1bf-718a96802330/datanode-0/data/ratis/8b713e39-950c-47da-861d-92b8b86d3303/in_use.lock acquired by nodename 7268@pr-hdds-2492-gk4gh-2200684135
2019-11-15 05:29:41,650 [pool-37-thread-1] INFO  impl.RaftServerImpl (RaftServerImpl.java:<init>(98)) - ddd91f58-e106-4cce-9dae-6653bc14f5b7: new RaftServerImpl for group-B6414FC87655:[ddd91f58-e106-4cce-9dae-6653bc14f5b7:192.168.34.44:35253] with ContainerStateMachine:uninitialized
2019-11-15 05:29:41,652 [pool-37-thread-1] INFO  server.RaftServerConfigKeys (ConfUtils.java:logGet(43)) - raft.server.rpc.timeout.min = 5s (custom)
2019-11-15 05:29:41,652 [pool-37-thread-1] INFO  server.RaftServerConfigKeys (ConfUtils.java:logGet(43)) - raft.server.rpc.timeout.max = 5200ms (custom)
2019-11-15 05:29:41,652 [pool-37-thread-1] INFO  server.RaftServerConfigKeys (ConfUtils.java:logGet(43)) - raft.server.rpcslowness.timeout = 120s (custom)
2019-11-15 05:29:41,652 [pool-37-thread-1] INFO  server.RaftServerConfigKeys (ConfUtils.java:logGet(43)) - raft.server.sleep.deviation.threshold = 300 (default)
2019-11-15 05:29:41,652 [pool-37-thread-1] INFO  server.RaftServerConfigKeys (ConfUtils.java:logGet(43)) - raft.server.log.appender.install.snapshot.enabled = false (custom)
2019-11-15 05:29:41,653 [pool-37-thread-1] INFO  impl.RaftServerImpl (ServerState.java:<init>(103)) - ddd91f58-e106-4cce-9dae-6653bc14f5b7@group-B6414FC87655: ConfigurationManager, init=-1: [ddd91f58-e106-4cce-9dae-6653bc14f5b7:192.168.34.44:35253], old=null, confs=<EMPTY_MAP>
2019-11-15 05:29:41,653 [pool-37-thread-1] INFO  server.RaftServerConfigKeys (ConfUtils.java:logGet(43)) - raft.server.storage.dir = [/workdir/hadoop-ozone/integration-test/target/test-dir/MiniOzoneClusterImpl-99c5ca95-2193-49e7-a1bf-718a96802330/datanode-1/data/ratis] (custom)
2019-11-15 05:29:41,653 [pool-37-thread-1] INFO  server.RaftServerConfigKeys (ConfUtils.java:logGet(43)) - raft.server.log.corruption.policy = EXCEPTION (default)
2019-11-15 05:29:41,654 [pool-37-thread-1] INFO  storage.RaftStorageDirectory (RaftStorageDirectory.java:analyzeStorage(246)) - The storage directory /workdir/hadoop-ozone/integration-test/target/test-dir/MiniOzoneClusterImpl-99c5ca95-2193-49e7-a1bf-718a96802330/datanode-1/data/ratis/773f0253-3210-47a6-996e-b6414fc87655 does not exist. Creating ...
2019-11-15 05:29:41,666 [pool-37-thread-1] INFO  storage.RaftStorageDirectory (RaftStorageDirectory.java:tryLock(328)) - Lock on /workdir/hadoop-ozone/integration-test/target/test-dir/MiniOzoneClusterImpl-99c5ca95-2193-49e7-a1bf-718a96802330/datanode-1/data/ratis/773f0253-3210-47a6-996e-b6414fc87655/in_use.lock acquired by nodename 7268@pr-hdds-2492-gk4gh-2200684135
2019-11-15 05:29:41,666 [pool-27-thread-1] INFO  storage.RaftStorage (RaftStorage.java:format(84)) - Storage directory /workdir/hadoop-ozone/integration-test/target/test-dir/MiniOzoneClusterImpl-99c5ca95-2193-49e7-a1bf-718a96802330/datanode-0/data/ratis/8b713e39-950c-47da-861d-92b8b86d3303 has been successfully formatted.
2019-11-15 05:29:41,669 [pool-27-thread-1] INFO  ratis.ContainerStateMachine (ContainerStateMachine.java:loadSnapshot(223)) - group-92B8B86D3303: The snapshot info is null. Setting the last applied indexto:(t:0, i:~)
2019-11-15 05:29:41,669 [pool-27-thread-1] INFO  server.RaftServerConfigKeys (ConfUtils.java:logGet(43)) - raft.server.notification.no-leader.timeout = 120s (custom)
2019-11-15 05:29:41,671 [pool-27-thread-1] INFO  server.RaftServerConfigKeys (ConfUtils.java:logGet(43)) - raft.server.log.use.memory = false (default)
2019-11-15 05:29:41,676 [pool-27-thread-1] INFO  server.RaftServerConfigKeys (ConfUtils.java:logGet(43)) - raft.server.log.purge.gap = 1000000 (custom)
2019-11-15 05:29:41,676 [pool-27-thread-1] INFO  server.RaftServerConfigKeys (ConfUtils.java:logGet(43)) - raft.server.log.appender.buffer.byte-limit = 33554432 (custom)
2019-11-15 05:29:41,678 [pool-27-thread-1] INFO  server.RaftServerConfigKeys (ConfUtils.java:logGet(43)) - raft.server.log.segment.size.max = 1048576 (custom)
2019-11-15 05:29:41,680 [pool-37-thread-1] INFO  storage.RaftStorage (RaftStorage.java:format(84)) - Storage directory /workdir/hadoop-ozone/integration-test/target/test-dir/MiniOzoneClusterImpl-99c5ca95-2193-49e7-a1bf-718a96802330/datanode-1/data/ratis/773f0253-3210-47a6-996e-b6414fc87655 has been successfully formatted.
2019-11-15 05:29:41,681 [pool-37-thread-1] INFO  ratis.ContainerStateMachine (ContainerStateMachine.java:loadSnapshot(223)) - group-B6414FC87655: The snapshot info is null. Setting the last applied indexto:(t:0, i:~)
2019-11-15 05:29:41,681 [pool-37-thread-1] INFO  server.RaftServerConfigKeys (ConfUtils.java:logGet(43)) - raft.server.notification.no-leader.timeout = 120s (custom)
2019-11-15 05:29:41,682 [pool-37-thread-1] INFO  server.RaftServerConfigKeys (ConfUtils.java:logGet(43)) - raft.server.log.use.memory = false (default)
2019-11-15 05:29:41,682 [pool-37-thread-1] INFO  server.RaftServerConfigKeys (ConfUtils.java:logGet(43)) - raft.server.log.purge.gap = 1000000 (custom)
2019-11-15 05:29:41,682 [pool-37-thread-1] INFO  server.RaftServerConfigKeys (ConfUtils.java:logGet(43)) - raft.server.log.appender.buffer.byte-limit = 33554432 (custom)
2019-11-15 05:29:41,682 [pool-37-thread-1] INFO  server.RaftServerConfigKeys (ConfUtils.java:logGet(43)) - raft.server.log.segment.size.max = 1048576 (custom)
2019-11-15 05:29:41,684 [pool-27-thread-1] INFO  metrics.MetricRegistries (MetricRegistriesLoader.java:load(64)) - Loaded MetricRegistries class org.apache.ratis.metrics.impl.MetricRegistriesImpl
2019-11-15 05:29:41,687 [pool-27-thread-1] WARN  impl.MetricRegistriesImpl (MetricRegistriesImpl.java:lambda$create$1(61)) - First MetricRegistry has been created without registering reporters. You may need to call MetricRegistries.global().addReportRegistration(...) before.
2019-11-15 05:29:41,687 [pool-37-thread-1] WARN  impl.MetricRegistriesImpl (MetricRegistriesImpl.java:lambda$create$1(61)) - First MetricRegistry has been created without registering reporters. You may need to call MetricRegistries.global().addReportRegistration(...) before.
2019-11-15 05:29:41,693 [pool-37-thread-1] INFO  server.RaftServerConfigKeys (ConfUtils.java:logGet(43)) - raft.server.log.segment.cache.num.max = 2 (custom)
2019-11-15 05:29:41,693 [pool-27-thread-1] INFO  server.RaftServerConfigKeys (ConfUtils.java:logGet(43)) - raft.server.log.segment.cache.num.max = 2 (custom)
2019-11-15 05:29:41,699 [pool-27-thread-1] INFO  segmented.SegmentedRaftLogWorker (SegmentedRaftLogWorker.java:<init>(173)) - new 4699c8e6-8c9e-4f76-a58f-cc5ec26439f8@group-92B8B86D3303-SegmentedRaftLogWorker for RaftStorage:Storage Directory /workdir/hadoop-ozone/integration-test/target/test-dir/MiniOzoneClusterImpl-99c5ca95-2193-49e7-a1bf-718a96802330/datanode-0/data/ratis/8b713e39-950c-47da-861d-92b8b86d3303
2019-11-15 05:29:41,699 [pool-37-thread-1] INFO  segmented.SegmentedRaftLogWorker (SegmentedRaftLogWorker.java:<init>(173)) - new ddd91f58-e106-4cce-9dae-6653bc14f5b7@group-B6414FC87655-SegmentedRaftLogWorker for RaftStorage:Storage Directory /workdir/hadoop-ozone/integration-test/target/test-dir/MiniOzoneClusterImpl-99c5ca95-2193-49e7-a1bf-718a96802330/datanode-1/data/ratis/773f0253-3210-47a6-996e-b6414fc87655
2019-11-15 05:29:41,700 [pool-27-thread-1] INFO  server.RaftServerConfigKeys (ConfUtils.java:logGet(43)) - raft.server.log.queue.byte-limit = 2147483647 (custom)
2019-11-15 05:29:41,700 [pool-37-thread-1] INFO  server.RaftServerConfigKeys (ConfUtils.java:logGet(43)) - raft.server.log.queue.byte-limit = 2147483647 (custom)
2019-11-15 05:29:41,701 [Command processor thread] INFO  impl.RaftServerProxy (RaftServerProxy.java:addNew(89)) - 7d635197-424b-4388-a3b7-879e3419f602: addNew group-C1B17D650937:[7d635197-424b-4388-a3b7-879e3419f602:192.168.34.44:33422] returns group-C1B17D650937:java.util.concurrent.CompletableFuture@63d84641[Not completed]
2019-11-15 05:29:41,701 [pool-27-thread-1] INFO  server.RaftServerConfigKeys (ConfUtils.java:logGet(43)) - raft.server.log.queue.element-limit = 1024 (custom)
2019-11-15 05:29:41,701 [pool-37-thread-1] INFO  server.RaftServerConfigKeys (ConfUtils.java:logGet(43)) - raft.server.log.queue.element-limit = 1024 (custom)
2019-11-15 05:29:41,707 [Thread-0] INFO  ozone.MiniOzoneClusterImpl (MiniOzoneClusterImpl.java:lambda$waitForClusterToBeReady$0(150)) - Nodes are ready. Got 3 of 3 DN Heartbeats.
2019-11-15 05:29:41,708 [Thread-0] INFO  ozone.MiniOzoneClusterImpl (MiniOzoneClusterImpl.java:lambda$waitForClusterToBeReady$0(153)) - Waiting for cluster to exit safe mode
2019-11-15 05:29:41,708 [pool-37-thread-1] INFO  server.RaftServerConfigKeys (ConfUtils.java:logGet(43)) - raft.server.log.segment.size.max = 1048576 (custom)
2019-11-15 05:29:41,708 [pool-27-thread-1] INFO  server.RaftServerConfigKeys (ConfUtils.java:logGet(43)) - raft.server.log.segment.size.max = 1048576 (custom)
2019-11-15 05:29:41,709 [pool-27-thread-1] INFO  server.RaftServerConfigKeys (ConfUtils.java:logGet(43)) - raft.server.log.preallocated.size = 16384 (custom)
2019-11-15 05:29:41,709 [pool-37-thread-1] INFO  server.RaftServerConfigKeys (ConfUtils.java:logGet(43)) - raft.server.log.preallocated.size = 16384 (custom)
2019-11-15 05:29:41,709 [pool-47-thread-1] INFO  impl.RaftServerImpl (RaftServerImpl.java:<init>(98)) - 7d635197-424b-4388-a3b7-879e3419f602: new RaftServerImpl for group-C1B17D650937:[7d635197-424b-4388-a3b7-879e3419f602:192.168.34.44:33422] with ContainerStateMachine:uninitialized
2019-11-15 05:29:41,710 [pool-27-thread-1] INFO  server.RaftServerConfigKeys (ConfUtils.java:logGet(43)) - raft.server.log.write.buffer.size = 33554432 (custom)
2019-11-15 05:29:41,710 [pool-37-thread-1] INFO  server.RaftServerConfigKeys (ConfUtils.java:logGet(43)) - raft.server.log.write.buffer.size = 33554432 (custom)
2019-11-15 05:29:41,710 [pool-47-thread-1] INFO  server.RaftServerConfigKeys (ConfUtils.java:logGet(43)) - raft.server.rpc.timeout.min = 5s (custom)
2019-11-15 05:29:41,710 [pool-47-thread-1] INFO  server.RaftServerConfigKeys (ConfUtils.java:logGet(43)) - raft.server.rpc.timeout.max = 5200ms (custom)
2019-11-15 05:29:41,710 [pool-27-thread-1] INFO  server.RaftServerConfigKeys (ConfUtils.java:logGet(43)) - raft.server.log.force.sync.num = 128 (default)
2019-11-15 05:29:41,710 [pool-47-thread-1] INFO  server.RaftServerConfigKeys (ConfUtils.java:logGet(43)) - raft.server.rpcslowness.timeout = 120s (custom)
2019-11-15 05:29:41,710 [pool-37-thread-1] INFO  server.RaftServerConfigKeys (ConfUtils.java:logGet(43)) - raft.server.log.force.sync.num = 128 (default)
2019-11-15 05:29:41,710 [pool-47-thread-1] INFO  server.RaftServerConfigKeys (ConfUtils.java:logGet(43)) - raft.server.sleep.deviation.threshold = 300 (default)
2019-11-15 05:29:41,710 [pool-47-thread-1] INFO  server.RaftServerConfigKeys (ConfUtils.java:logGet(43)) - raft.server.log.appender.install.snapshot.enabled = false (custom)
2019-11-15 05:29:41,711 [pool-47-thread-1] INFO  impl.RaftServerImpl (ServerState.java:<init>(103)) - 7d635197-424b-4388-a3b7-879e3419f602@group-C1B17D650937: ConfigurationManager, init=-1: [7d635197-424b-4388-a3b7-879e3419f602:192.168.34.44:33422], old=null, confs=<EMPTY_MAP>
2019-11-15 05:29:41,711 [pool-47-thread-1] INFO  server.RaftServerConfigKeys (ConfUtils.java:logGet(43)) - raft.server.storage.dir = [/workdir/hadoop-ozone/integration-test/target/test-dir/MiniOzoneClusterImpl-99c5ca95-2193-49e7-a1bf-718a96802330/datanode-2/data/ratis] (custom)
2019-11-15 05:29:41,711 [pool-47-thread-1] INFO  server.RaftServerConfigKeys (ConfUtils.java:logGet(43)) - raft.server.log.corruption.policy = EXCEPTION (default)
2019-11-15 05:29:41,711 [pool-27-thread-1] INFO  server.RaftServerConfigKeys (ConfUtils.java:logGet(43)) - raft.server.log.statemachine.data.sync = true (default)
2019-11-15 05:29:41,711 [pool-47-thread-1] INFO  storage.RaftStorageDirectory (RaftStorageDirectory.java:analyzeStorage(246)) - The storage directory /workdir/hadoop-ozone/integration-test/target/test-dir/MiniOzoneClusterImpl-99c5ca95-2193-49e7-a1bf-718a96802330/datanode-2/data/ratis/12567fab-9043-4dd3-ac5b-c1b17d650937 does not exist. Creating ...
2019-11-15 05:29:41,712 [pool-27-thread-1] INFO  server.RaftServerConfigKeys (ConfUtils.java:logGet(43)) - raft.server.log.statemachine.data.sync.timeout = 10s (default)
2019-11-15 05:29:41,711 [pool-37-thread-1] INFO  server.RaftServerConfigKeys (ConfUtils.java:logGet(43)) - raft.server.log.statemachine.data.sync = true (default)
2019-11-15 05:29:41,712 [pool-37-thread-1] INFO  server.RaftServerConfigKeys (ConfUtils.java:logGet(43)) - raft.server.log.statemachine.data.sync.timeout = 10s (default)
2019-11-15 05:29:41,712 [pool-27-thread-1] INFO  server.RaftServerConfigKeys (ConfUtils.java:logGet(43)) - raft.server.log.statemachine.data.sync.timeout.retry = -1 (default)
2019-11-15 05:29:41,712 [pool-37-thread-1] INFO  server.RaftServerConfigKeys (ConfUtils.java:logGet(43)) - raft.server.log.statemachine.data.sync.timeout.retry = -1 (default)
2019-11-15 05:29:41,716 [pool-47-thread-1] INFO  storage.RaftStorageDirectory (RaftStorageDirectory.java:tryLock(328)) - Lock on /workdir/hadoop-ozone/integration-test/target/test-dir/MiniOzoneClusterImpl-99c5ca95-2193-49e7-a1bf-718a96802330/datanode-2/data/ratis/12567fab-9043-4dd3-ac5b-c1b17d650937/in_use.lock acquired by nodename 7268@pr-hdds-2492-gk4gh-2200684135
2019-11-15 05:29:41,722 [pool-37-thread-1] INFO  server.RaftServerConfigKeys (ConfUtils.java:logGet(43)) - raft.server.log.statemachine.data.caching.enabled = true (custom)
2019-11-15 05:29:41,722 [pool-27-thread-1] INFO  server.RaftServerConfigKeys (ConfUtils.java:logGet(43)) - raft.server.log.statemachine.data.caching.enabled = true (custom)
2019-11-15 05:29:41,728 [pool-27-thread-1] INFO  segmented.SegmentedRaftLogWorker (SegmentedRaftLogWorker.java:lambda$new$0(128)) - 4699c8e6-8c9e-4f76-a58f-cc5ec26439f8@group-92B8B86D3303-SegmentedRaftLogWorker: flushIndex: setUnconditionally 0 -> -1
2019-11-15 05:29:41,728 [pool-37-thread-1] INFO  segmented.SegmentedRaftLogWorker (SegmentedRaftLogWorker.java:lambda$new$0(128)) - ddd91f58-e106-4cce-9dae-6653bc14f5b7@group-B6414FC87655-SegmentedRaftLogWorker: flushIndex: setUnconditionally 0 -> -1
2019-11-15 05:29:41,729 [pool-47-thread-1] INFO  storage.RaftStorage (RaftStorage.java:format(84)) - Storage directory /workdir/hadoop-ozone/integration-test/target/test-dir/MiniOzoneClusterImpl-99c5ca95-2193-49e7-a1bf-718a96802330/datanode-2/data/ratis/12567fab-9043-4dd3-ac5b-c1b17d650937 has been successfully formatted.
2019-11-15 05:29:41,729 [pool-47-thread-1] INFO  ratis.ContainerStateMachine (ContainerStateMachine.java:loadSnapshot(223)) - group-C1B17D650937: The snapshot info is null. Setting the last applied indexto:(t:0, i:~)
2019-11-15 05:29:41,730 [pool-47-thread-1] INFO  server.RaftServerConfigKeys (ConfUtils.java:logGet(43)) - raft.server.notification.no-leader.timeout = 120s (custom)
2019-11-15 05:29:41,730 [pool-47-thread-1] INFO  server.RaftServerConfigKeys (ConfUtils.java:logGet(43)) - raft.server.log.use.memory = false (default)
2019-11-15 05:29:41,730 [pool-47-thread-1] INFO  server.RaftServerConfigKeys (ConfUtils.java:logGet(43)) - raft.server.log.purge.gap = 1000000 (custom)
2019-11-15 05:29:41,730 [pool-47-thread-1] INFO  server.RaftServerConfigKeys (ConfUtils.java:logGet(43)) - raft.server.log.appender.buffer.byte-limit = 33554432 (custom)
2019-11-15 05:29:41,730 [pool-47-thread-1] INFO  server.RaftServerConfigKeys (ConfUtils.java:logGet(43)) - raft.server.log.segment.size.max = 1048576 (custom)
2019-11-15 05:29:41,730 [pool-47-thread-1] WARN  impl.MetricRegistriesImpl (MetricRegistriesImpl.java:lambda$create$1(61)) - First MetricRegistry has been created without registering reporters. You may need to call MetricRegistries.global().addReportRegistration(...) before.
2019-11-15 05:29:41,731 [pool-47-thread-1] INFO  server.RaftServerConfigKeys (ConfUtils.java:logGet(43)) - raft.server.log.segment.cache.num.max = 2 (custom)
2019-11-15 05:29:41,731 [pool-47-thread-1] INFO  segmented.SegmentedRaftLogWorker (SegmentedRaftLogWorker.java:<init>(173)) - new 7d635197-424b-4388-a3b7-879e3419f602@group-C1B17D650937-SegmentedRaftLogWorker for RaftStorage:Storage Directory /workdir/hadoop-ozone/integration-test/target/test-dir/MiniOzoneClusterImpl-99c5ca95-2193-49e7-a1bf-718a96802330/datanode-2/data/ratis/12567fab-9043-4dd3-ac5b-c1b17d650937
2019-11-15 05:29:41,731 [pool-47-thread-1] INFO  server.RaftServerConfigKeys (ConfUtils.java:logGet(43)) - raft.server.log.queue.byte-limit = 2147483647 (custom)
2019-11-15 05:29:41,731 [pool-47-thread-1] INFO  server.RaftServerConfigKeys (ConfUtils.java:logGet(43)) - raft.server.log.queue.element-limit = 1024 (custom)
2019-11-15 05:29:41,731 [pool-47-thread-1] INFO  server.RaftServerConfigKeys (ConfUtils.java:logGet(43)) - raft.server.log.segment.size.max = 1048576 (custom)
2019-11-15 05:29:41,731 [pool-47-thread-1] INFO  server.RaftServerConfigKeys (ConfUtils.java:logGet(43)) - raft.server.log.preallocated.size = 16384 (custom)
2019-11-15 05:29:41,731 [pool-47-thread-1] INFO  server.RaftServerConfigKeys (ConfUtils.java:logGet(43)) - raft.server.log.write.buffer.size = 33554432 (custom)
2019-11-15 05:29:41,732 [pool-47-thread-1] INFO  server.RaftServerConfigKeys (ConfUtils.java:logGet(43)) - raft.server.log.force.sync.num = 128 (default)
2019-11-15 05:29:41,732 [pool-47-thread-1] INFO  server.RaftServerConfigKeys (ConfUtils.java:logGet(43)) - raft.server.log.statemachine.data.sync = true (default)
2019-11-15 05:29:41,732 [pool-47-thread-1] INFO  server.RaftServerConfigKeys (ConfUtils.java:logGet(43)) - raft.server.log.statemachine.data.sync.timeout = 10s (default)
2019-11-15 05:29:41,732 [pool-47-thread-1] INFO  server.RaftServerConfigKeys (ConfUtils.java:logGet(43)) - raft.server.log.statemachine.data.sync.timeout.retry = -1 (default)
2019-11-15 05:29:41,732 [pool-47-thread-1] INFO  server.RaftServerConfigKeys (ConfUtils.java:logGet(43)) - raft.server.log.statemachine.data.caching.enabled = true (custom)
2019-11-15 05:29:41,733 [pool-47-thread-1] INFO  segmented.SegmentedRaftLogWorker (SegmentedRaftLogWorker.java:lambda$new$0(128)) - 7d635197-424b-4388-a3b7-879e3419f602@group-C1B17D650937-SegmentedRaftLogWorker: flushIndex: setUnconditionally 0 -> -1
2019-11-15 05:29:41,733 [pool-27-thread-1] INFO  server.RaftServerConfigKeys (ConfUtils.java:logGet(43)) - raft.server.snapshot.auto.trigger.enabled = true (custom)
2019-11-15 05:29:41,733 [pool-37-thread-1] INFO  server.RaftServerConfigKeys (ConfUtils.java:logGet(43)) - raft.server.snapshot.auto.trigger.enabled = true (custom)
2019-11-15 05:29:41,733 [pool-47-thread-1] INFO  server.RaftServerConfigKeys (ConfUtils.java:logGet(43)) - raft.server.snapshot.auto.trigger.enabled = true (custom)
2019-11-15 05:29:41,734 [pool-37-thread-1] INFO  server.RaftServerConfigKeys (ConfUtils.java:logGet(43)) - raft.server.snapshot.auto.trigger.threshold = 10000 (custom)
2019-11-15 05:29:41,734 [pool-47-thread-1] INFO  server.RaftServerConfigKeys (ConfUtils.java:logGet(43)) - raft.server.snapshot.auto.trigger.threshold = 10000 (custom)
2019-11-15 05:29:41,734 [pool-27-thread-1] INFO  server.RaftServerConfigKeys (ConfUtils.java:logGet(43)) - raft.server.snapshot.auto.trigger.threshold = 10000 (custom)
2019-11-15 05:29:41,735 [pool-37-thread-1] INFO  server.RaftServerConfigKeys (ConfUtils.java:logGet(43)) - raft.server.snapshot.retention.file.num = 5 (custom)
2019-11-15 05:29:41,735 [pool-27-thread-1] INFO  server.RaftServerConfigKeys (ConfUtils.java:logGet(43)) - raft.server.snapshot.retention.file.num = 5 (custom)
2019-11-15 05:29:41,735 [pool-47-thread-1] INFO  server.RaftServerConfigKeys (ConfUtils.java:logGet(43)) - raft.server.snapshot.retention.file.num = 5 (custom)
2019-11-15 05:29:41,735 [pool-47-thread-1] INFO  server.RaftServerConfigKeys (ConfUtils.java:logGet(43)) - raft.server.retrycache.expirytime = 600000ms (custom)
2019-11-15 05:29:41,735 [pool-27-thread-1] INFO  server.RaftServerConfigKeys (ConfUtils.java:logGet(43)) - raft.server.retrycache.expirytime = 600000ms (custom)
2019-11-15 05:29:41,735 [pool-37-thread-1] INFO  server.RaftServerConfigKeys (ConfUtils.java:logGet(43)) - raft.server.retrycache.expirytime = 600000ms (custom)
2019-11-15 05:29:41,756 [pool-47-thread-1] WARN  impl.MetricRegistriesImpl (MetricRegistriesImpl.java:lambda$create$1(61)) - First MetricRegistry has been created without registering reporters. You may need to call MetricRegistries.global().addReportRegistration(...) before.
2019-11-15 05:29:41,756 [pool-27-thread-1] WARN  impl.MetricRegistriesImpl (MetricRegistriesImpl.java:lambda$create$1(61)) - First MetricRegistry has been created without registering reporters. You may need to call MetricRegistries.global().addReportRegistration(...) before.
2019-11-15 05:29:41,756 [pool-37-thread-1] WARN  impl.MetricRegistriesImpl (MetricRegistriesImpl.java:lambda$create$1(61)) - First MetricRegistry has been created without registering reporters. You may need to call MetricRegistries.global().addReportRegistration(...) before.
2019-11-15 05:29:41,758 [pool-47-thread-1] WARN  impl.MetricRegistriesImpl (MetricRegistriesImpl.java:lambda$create$1(61)) - First MetricRegistry has been created without registering reporters. You may need to call MetricRegistries.global().addReportRegistration(...) before.
2019-11-15 05:29:41,758 [pool-27-thread-1] WARN  impl.MetricRegistriesImpl (MetricRegistriesImpl.java:lambda$create$1(61)) - First MetricRegistry has been created without registering reporters. You may need to call MetricRegistries.global().addReportRegistration(...) before.
2019-11-15 05:29:41,758 [pool-37-thread-1] WARN  impl.MetricRegistriesImpl (MetricRegistriesImpl.java:lambda$create$1(61)) - First MetricRegistry has been created without registering reporters. You may need to call MetricRegistries.global().addReportRegistration(...) before.
2019-11-15 05:29:41,760 [pool-47-thread-1] INFO  impl.RaftServerImpl (RaftServerImpl.java:start(184)) - 7d635197-424b-4388-a3b7-879e3419f602@group-C1B17D650937: start as a follower, conf=-1: [7d635197-424b-4388-a3b7-879e3419f602:192.168.34.44:33422], old=null
2019-11-15 05:29:41,760 [pool-27-thread-1] INFO  impl.RaftServerImpl (RaftServerImpl.java:start(184)) - 4699c8e6-8c9e-4f76-a58f-cc5ec26439f8@group-92B8B86D3303: start as a follower, conf=-1: [4699c8e6-8c9e-4f76-a58f-cc5ec26439f8:192.168.34.44:40513], old=null
2019-11-15 05:29:41,760 [pool-37-thread-1] INFO  impl.RaftServerImpl (RaftServerImpl.java:start(184)) - ddd91f58-e106-4cce-9dae-6653bc14f5b7@group-B6414FC87655: start as a follower, conf=-1: [ddd91f58-e106-4cce-9dae-6653bc14f5b7:192.168.34.44:35253], old=null
2019-11-15 05:29:41,761 [pool-27-thread-1] INFO  impl.RaftServerImpl (RaftServerImpl.java:setRole(173)) - 4699c8e6-8c9e-4f76-a58f-cc5ec26439f8@group-92B8B86D3303: changes role from      null to FOLLOWER at term 0 for startAsFollower
2019-11-15 05:29:41,761 [pool-37-thread-1] INFO  impl.RaftServerImpl (RaftServerImpl.java:setRole(173)) - ddd91f58-e106-4cce-9dae-6653bc14f5b7@group-B6414FC87655: changes role from      null to FOLLOWER at term 0 for startAsFollower
2019-11-15 05:29:41,761 [pool-47-thread-1] INFO  impl.RaftServerImpl (RaftServerImpl.java:setRole(173)) - 7d635197-424b-4388-a3b7-879e3419f602@group-C1B17D650937: changes role from      null to FOLLOWER at term 0 for startAsFollower
2019-11-15 05:29:41,762 [pool-27-thread-1] INFO  impl.RoleInfo (RoleInfo.java:updateAndGet(143)) - 4699c8e6-8c9e-4f76-a58f-cc5ec26439f8: start FollowerState
2019-11-15 05:29:41,762 [pool-47-thread-1] INFO  impl.RoleInfo (RoleInfo.java:updateAndGet(143)) - 7d635197-424b-4388-a3b7-879e3419f602: start FollowerState
2019-11-15 05:29:41,762 [pool-37-thread-1] INFO  impl.RoleInfo (RoleInfo.java:updateAndGet(143)) - ddd91f58-e106-4cce-9dae-6653bc14f5b7: start FollowerState
2019-11-15 05:29:41,768 [pool-47-thread-1] INFO  util.JmxRegister (JmxRegister.java:tryRegister(44)) - Successfully registered JMX Bean with object name Ratis:service=RaftServer,group=group-C1B17D650937,id=7d635197-424b-4388-a3b7-879e3419f602
2019-11-15 05:29:41,769 [pool-37-thread-1] INFO  util.JmxRegister (JmxRegister.java:tryRegister(44)) - Successfully registered JMX Bean with object name Ratis:service=RaftServer,group=group-B6414FC87655,id=ddd91f58-e106-4cce-9dae-6653bc14f5b7
2019-11-15 05:29:41,768 [pool-27-thread-1] INFO  util.JmxRegister (JmxRegister.java:tryRegister(44)) - Successfully registered JMX Bean with object name Ratis:service=RaftServer,group=group-92B8B86D3303,id=4699c8e6-8c9e-4f76-a58f-cc5ec26439f8
2019-11-15 05:29:41,770 [pool-47-thread-1] WARN  impl.MetricRegistriesImpl (MetricRegistriesImpl.java:lambda$create$1(61)) - First MetricRegistry has been created without registering reporters. You may need to call MetricRegistries.global().addReportRegistration(...) before.
2019-11-15 05:29:41,770 [pool-27-thread-1] WARN  impl.MetricRegistriesImpl (MetricRegistriesImpl.java:lambda$create$1(61)) - First MetricRegistry has been created without registering reporters. You may need to call MetricRegistries.global().addReportRegistration(...) before.
2019-11-15 05:29:41,770 [pool-37-thread-1] WARN  impl.MetricRegistriesImpl (MetricRegistriesImpl.java:lambda$create$1(61)) - First MetricRegistry has been created without registering reporters. You may need to call MetricRegistries.global().addReportRegistration(...) before.
2019-11-15 05:29:41,784 [Command processor thread] INFO  commandhandler.CreatePipelineCommandHandler (CreatePipelineCommandHandler.java:handle(86)) - Create Pipeline RATIS ONE #id: "8b713e39-950c-47da-861d-92b8b86d3303"
 command succeed on datanode 4699c8e6-8c9e-4f76-a58f-cc5ec26439f8.
2019-11-15 05:29:41,784 [Command processor thread] INFO  commandhandler.CreatePipelineCommandHandler (CreatePipelineCommandHandler.java:handle(86)) - Create Pipeline RATIS ONE #id: "12567fab-9043-4dd3-ac5b-c1b17d650937"
 command succeed on datanode 7d635197-424b-4388-a3b7-879e3419f602.
2019-11-15 05:29:41,784 [Command processor thread] INFO  commandhandler.CreatePipelineCommandHandler (CreatePipelineCommandHandler.java:handle(86)) - Create Pipeline RATIS ONE #id: "773f0253-3210-47a6-996e-b6414fc87655"
 command succeed on datanode ddd91f58-e106-4cce-9dae-6653bc14f5b7.
2019-11-15 05:29:41,788 [Command processor thread] INFO  impl.RaftServerProxy (RaftServerProxy.java:addNew(89)) - 4699c8e6-8c9e-4f76-a58f-cc5ec26439f8: addNew group-E1B4EB3BE67B:[ddd91f58-e106-4cce-9dae-6653bc14f5b7:192.168.34.44:35253, 7d635197-424b-4388-a3b7-879e3419f602:192.168.34.44:33422, 4699c8e6-8c9e-4f76-a58f-cc5ec26439f8:192.168.34.44:40513] returns group-E1B4EB3BE67B:java.util.concurrent.CompletableFuture@2056610[Not completed]
2019-11-15 05:29:41,788 [Command processor thread] INFO  impl.RaftServerProxy (RaftServerProxy.java:addNew(89)) - ddd91f58-e106-4cce-9dae-6653bc14f5b7: addNew group-E1B4EB3BE67B:[ddd91f58-e106-4cce-9dae-6653bc14f5b7:192.168.34.44:35253, 7d635197-424b-4388-a3b7-879e3419f602:192.168.34.44:33422, 4699c8e6-8c9e-4f76-a58f-cc5ec26439f8:192.168.34.44:40513] returns group-E1B4EB3BE67B:java.util.concurrent.CompletableFuture@2890a1a9[Not completed]
2019-11-15 05:29:41,788 [Command processor thread] INFO  impl.RaftServerProxy (RaftServerProxy.java:addNew(89)) - 7d635197-424b-4388-a3b7-879e3419f602: addNew group-E1B4EB3BE67B:[ddd91f58-e106-4cce-9dae-6653bc14f5b7:192.168.34.44:35253, 7d635197-424b-4388-a3b7-879e3419f602:192.168.34.44:33422, 4699c8e6-8c9e-4f76-a58f-cc5ec26439f8:192.168.34.44:40513] returns group-E1B4EB3BE67B:java.util.concurrent.CompletableFuture@67e7cee2[Not completed]
2019-11-15 05:29:41,791 [pool-47-thread-1] INFO  impl.RaftServerImpl (RaftServerImpl.java:<init>(98)) - 7d635197-424b-4388-a3b7-879e3419f602: new RaftServerImpl for group-E1B4EB3BE67B:[ddd91f58-e106-4cce-9dae-6653bc14f5b7:192.168.34.44:35253, 7d635197-424b-4388-a3b7-879e3419f602:192.168.34.44:33422, 4699c8e6-8c9e-4f76-a58f-cc5ec26439f8:192.168.34.44:40513] with ContainerStateMachine:uninitialized
2019-11-15 05:29:41,791 [pool-47-thread-1] INFO  server.RaftServerConfigKeys (ConfUtils.java:logGet(43)) - raft.server.rpc.timeout.min = 5s (custom)
2019-11-15 05:29:41,792 [pool-47-thread-1] INFO  server.RaftServerConfigKeys (ConfUtils.java:logGet(43)) - raft.server.rpc.timeout.max = 5200ms (custom)
2019-11-15 05:29:41,792 [pool-47-thread-1] INFO  server.RaftServerConfigKeys (ConfUtils.java:logGet(43)) - raft.server.rpcslowness.timeout = 120s (custom)
2019-11-15 05:29:41,792 [pool-47-thread-1] INFO  server.RaftServerConfigKeys (ConfUtils.java:logGet(43)) - raft.server.sleep.deviation.threshold = 300 (default)
2019-11-15 05:29:41,792 [pool-47-thread-1] INFO  server.RaftServerConfigKeys (ConfUtils.java:logGet(43)) - raft.server.log.appender.install.snapshot.enabled = false (custom)
2019-11-15 05:29:41,792 [pool-27-thread-1] INFO  impl.RaftServerImpl (RaftServerImpl.java:<init>(98)) - 4699c8e6-8c9e-4f76-a58f-cc5ec26439f8: new RaftServerImpl for group-E1B4EB3BE67B:[ddd91f58-e106-4cce-9dae-6653bc14f5b7:192.168.34.44:35253, 7d635197-424b-4388-a3b7-879e3419f602:192.168.34.44:33422, 4699c8e6-8c9e-4f76-a58f-cc5ec26439f8:192.168.34.44:40513] with ContainerStateMachine:uninitialized
2019-11-15 05:29:41,792 [pool-47-thread-1] INFO  impl.RaftServerImpl (ServerState.java:<init>(103)) - 7d635197-424b-4388-a3b7-879e3419f602@group-E1B4EB3BE67B: ConfigurationManager, init=-1: [ddd91f58-e106-4cce-9dae-6653bc14f5b7:192.168.34.44:35253, 7d635197-424b-4388-a3b7-879e3419f602:192.168.34.44:33422, 4699c8e6-8c9e-4f76-a58f-cc5ec26439f8:192.168.34.44:40513], old=null, confs=<EMPTY_MAP>
2019-11-15 05:29:41,792 [pool-27-thread-1] INFO  server.RaftServerConfigKeys (ConfUtils.java:logGet(43)) - raft.server.rpc.timeout.min = 5s (custom)
2019-11-15 05:29:41,792 [pool-47-thread-1] INFO  server.RaftServerConfigKeys (ConfUtils.java:logGet(43)) - raft.server.storage.dir = [/workdir/hadoop-ozone/integration-test/target/test-dir/MiniOzoneClusterImpl-99c5ca95-2193-49e7-a1bf-718a96802330/datanode-2/data/ratis] (custom)
2019-11-15 05:29:41,792 [pool-27-thread-1] INFO  server.RaftServerConfigKeys (ConfUtils.java:logGet(43)) - raft.server.rpc.timeout.max = 5200ms (custom)
2019-11-15 05:29:41,792 [pool-27-thread-1] INFO  server.RaftServerConfigKeys (ConfUtils.java:logGet(43)) - raft.server.rpcslowness.timeout = 120s (custom)
2019-11-15 05:29:41,792 [pool-47-thread-1] INFO  server.RaftServerConfigKeys (ConfUtils.java:logGet(43)) - raft.server.log.corruption.policy = EXCEPTION (default)
2019-11-15 05:29:41,792 [pool-27-thread-1] INFO  server.RaftServerConfigKeys (ConfUtils.java:logGet(43)) - raft.server.sleep.deviation.threshold = 300 (default)
2019-11-15 05:29:41,793 [pool-37-thread-1] INFO  impl.RaftServerImpl (RaftServerImpl.java:<init>(98)) - ddd91f58-e106-4cce-9dae-6653bc14f5b7: new RaftServerImpl for group-E1B4EB3BE67B:[ddd91f58-e106-4cce-9dae-6653bc14f5b7:192.168.34.44:35253, 7d635197-424b-4388-a3b7-879e3419f602:192.168.34.44:33422, 4699c8e6-8c9e-4f76-a58f-cc5ec26439f8:192.168.34.44:40513] with ContainerStateMachine:uninitialized
2019-11-15 05:29:41,793 [pool-47-thread-1] INFO  storage.RaftStorageDirectory (RaftStorageDirectory.java:analyzeStorage(246)) - The storage directory /workdir/hadoop-ozone/integration-test/target/test-dir/MiniOzoneClusterImpl-99c5ca95-2193-49e7-a1bf-718a96802330/datanode-2/data/ratis/fb6c4f7e-b5b5-4700-b757-e1b4eb3be67b does not exist. Creating ...
2019-11-15 05:29:41,793 [pool-27-thread-1] INFO  server.RaftServerConfigKeys (ConfUtils.java:logGet(43)) - raft.server.log.appender.install.snapshot.enabled = false (custom)
2019-11-15 05:29:41,793 [pool-37-thread-1] INFO  server.RaftServerConfigKeys (ConfUtils.java:logGet(43)) - raft.server.rpc.timeout.min = 5s (custom)
2019-11-15 05:29:41,793 [pool-27-thread-1] INFO  impl.RaftServerImpl (ServerState.java:<init>(103)) - 4699c8e6-8c9e-4f76-a58f-cc5ec26439f8@group-E1B4EB3BE67B: ConfigurationManager, init=-1: [ddd91f58-e106-4cce-9dae-6653bc14f5b7:192.168.34.44:35253, 7d635197-424b-4388-a3b7-879e3419f602:192.168.34.44:33422, 4699c8e6-8c9e-4f76-a58f-cc5ec26439f8:192.168.34.44:40513], old=null, confs=<EMPTY_MAP>
2019-11-15 05:29:41,793 [pool-37-thread-1] INFO  server.RaftServerConfigKeys (ConfUtils.java:logGet(43)) - raft.server.rpc.timeout.max = 5200ms (custom)
2019-11-15 05:29:41,793 [pool-27-thread-1] INFO  server.RaftServerConfigKeys (ConfUtils.java:logGet(43)) - raft.server.storage.dir = [/workdir/hadoop-ozone/integration-test/target/test-dir/MiniOzoneClusterImpl-99c5ca95-2193-49e7-a1bf-718a96802330/datanode-0/data/ratis] (custom)
2019-11-15 05:29:41,793 [pool-37-thread-1] INFO  server.RaftServerConfigKeys (ConfUtils.java:logGet(43)) - raft.server.rpcslowness.timeout = 120s (custom)
2019-11-15 05:29:41,793 [pool-37-thread-1] INFO  server.RaftServerConfigKeys (ConfUtils.java:logGet(43)) - raft.server.sleep.deviation.threshold = 300 (default)
2019-11-15 05:29:41,793 [pool-27-thread-1] INFO  server.RaftServerConfigKeys (ConfUtils.java:logGet(43)) - raft.server.log.corruption.policy = EXCEPTION (default)
2019-11-15 05:29:41,793 [pool-37-thread-1] INFO  server.RaftServerConfigKeys (ConfUtils.java:logGet(43)) - raft.server.log.appender.install.snapshot.enabled = false (custom)
2019-11-15 05:29:41,794 [pool-27-thread-1] INFO  storage.RaftStorageDirectory (RaftStorageDirectory.java:analyzeStorage(246)) - The storage directory /workdir/hadoop-ozone/integration-test/target/test-dir/MiniOzoneClusterImpl-99c5ca95-2193-49e7-a1bf-718a96802330/datanode-0/data/ratis/fb6c4f7e-b5b5-4700-b757-e1b4eb3be67b does not exist. Creating ...
2019-11-15 05:29:41,794 [pool-37-thread-1] INFO  impl.RaftServerImpl (ServerState.java:<init>(103)) - ddd91f58-e106-4cce-9dae-6653bc14f5b7@group-E1B4EB3BE67B: ConfigurationManager, init=-1: [ddd91f58-e106-4cce-9dae-6653bc14f5b7:192.168.34.44:35253, 7d635197-424b-4388-a3b7-879e3419f602:192.168.34.44:33422, 4699c8e6-8c9e-4f76-a58f-cc5ec26439f8:192.168.34.44:40513], old=null, confs=<EMPTY_MAP>
2019-11-15 05:29:41,794 [pool-37-thread-1] INFO  server.RaftServerConfigKeys (ConfUtils.java:logGet(43)) - raft.server.storage.dir = [/workdir/hadoop-ozone/integration-test/target/test-dir/MiniOzoneClusterImpl-99c5ca95-2193-49e7-a1bf-718a96802330/datanode-1/data/ratis] (custom)
2019-11-15 05:29:41,794 [pool-37-thread-1] INFO  server.RaftServerConfigKeys (ConfUtils.java:logGet(43)) - raft.server.log.corruption.policy = EXCEPTION (default)
2019-11-15 05:29:41,794 [pool-37-thread-1] INFO  storage.RaftStorageDirectory (RaftStorageDirectory.java:analyzeStorage(246)) - The storage directory /workdir/hadoop-ozone/integration-test/target/test-dir/MiniOzoneClusterImpl-99c5ca95-2193-49e7-a1bf-718a96802330/datanode-1/data/ratis/fb6c4f7e-b5b5-4700-b757-e1b4eb3be67b does not exist. Creating ...
2019-11-15 05:29:41,800 [EventQueue-PipelineReportForPipelineReportHandler] INFO  pipeline.PipelineReportHandler (PipelineReportHandler.java:processPipelineReport(113)) - Pipeline ONE PipelineID=773f0253-3210-47a6-996e-b6414fc87655 reported by ddd91f58-e106-4cce-9dae-6653bc14f5b7{ip: 192.168.34.44, host: pr-hdds-2492-gk4gh-2200684135, networkLocation: /default-rack, certSerialId: null}
2019-11-15 05:29:41,800 [EventQueue-PipelineReportForPipelineReportHandler] INFO  pipeline.PipelineStateManager (PipelineStateManager.java:openPipeline(132)) - Pipeline Pipeline[ Id: 773f0253-3210-47a6-996e-b6414fc87655, Nodes: ddd91f58-e106-4cce-9dae-6653bc14f5b7{ip: 192.168.34.44, host: pr-hdds-2492-gk4gh-2200684135, networkLocation: /default-rack, certSerialId: null}, Type:RATIS, Factor:ONE, State:ALLOCATED] moved to OPEN state
2019-11-15 05:29:41,802 [EventQueue-OpenPipelineForOneReplicaPipelineSafeModeRule] INFO  safemode.SCMSafeModeManager (SCMSafeModeManager.java:validateSafeModeExitRules(176)) - AtleastOneDatanodeReportedRule rule is successfully validated
2019-11-15 05:29:41,802 [EventQueue-PipelineReportForPipelineReportHandler] INFO  pipeline.PipelineReportHandler (PipelineReportHandler.java:processPipelineReport(113)) - Pipeline ONE PipelineID=12567fab-9043-4dd3-ac5b-c1b17d650937 reported by 7d635197-424b-4388-a3b7-879e3419f602{ip: 192.168.34.44, host: pr-hdds-2492-gk4gh-2200684135, networkLocation: /default-rack, certSerialId: null}
2019-11-15 05:29:41,802 [EventQueue-OpenPipelineForHealthyPipelineSafeModeRule] INFO  safemode.SCMSafeModeManager (HealthyPipelineSafeModeRule.java:process(132)) - SCM in safe mode. Healthy pipelines reported count is 0, required healthy pipeline reported count is 1
2019-11-15 05:29:41,802 [EventQueue-PipelineReportForPipelineReportHandler] INFO  pipeline.PipelineStateManager (PipelineStateManager.java:openPipeline(132)) - Pipeline Pipeline[ Id: 12567fab-9043-4dd3-ac5b-c1b17d650937, Nodes: 7d635197-424b-4388-a3b7-879e3419f602{ip: 192.168.34.44, host: pr-hdds-2492-gk4gh-2200684135, networkLocation: /default-rack, certSerialId: null}, Type:RATIS, Factor:ONE, State:ALLOCATED] moved to OPEN state
2019-11-15 05:29:41,802 [EventQueue-OpenPipelineForOneReplicaPipelineSafeModeRule] INFO  safemode.SCMSafeModeManager (SCMSafeModeManager.java:validateSafeModeExitRules(176)) - AtleastOneDatanodeReportedRule rule is successfully validated
2019-11-15 05:29:41,802 [EventQueue-PipelineReportForPipelineReportHandler] INFO  pipeline.PipelineReportHandler (PipelineReportHandler.java:processPipelineReport(113)) - Pipeline ONE PipelineID=8b713e39-950c-47da-861d-92b8b86d3303 reported by 4699c8e6-8c9e-4f76-a58f-cc5ec26439f8{ip: 192.168.34.44, host: pr-hdds-2492-gk4gh-2200684135, networkLocation: /default-rack, certSerialId: null}
2019-11-15 05:29:41,802 [EventQueue-OpenPipelineForHealthyPipelineSafeModeRule] INFO  safemode.SCMSafeModeManager (HealthyPipelineSafeModeRule.java:process(132)) - SCM in safe mode. Healthy pipelines reported count is 0, required healthy pipeline reported count is 1
2019-11-15 05:29:41,802 [EventQueue-PipelineReportForPipelineReportHandler] INFO  pipeline.PipelineStateManager (PipelineStateManager.java:openPipeline(132)) - Pipeline Pipeline[ Id: 8b713e39-950c-47da-861d-92b8b86d3303, Nodes: 4699c8e6-8c9e-4f76-a58f-cc5ec26439f8{ip: 192.168.34.44, host: pr-hdds-2492-gk4gh-2200684135, networkLocation: /default-rack, certSerialId: null}, Type:RATIS, Factor:ONE, State:ALLOCATED] moved to OPEN state
2019-11-15 05:29:41,802 [EventQueue-OpenPipelineForOneReplicaPipelineSafeModeRule] INFO  safemode.SCMSafeModeManager (SCMSafeModeManager.java:validateSafeModeExitRules(176)) - AtleastOneDatanodeReportedRule rule is successfully validated
2019-11-15 05:29:41,802 [EventQueue-OpenPipelineForHealthyPipelineSafeModeRule] INFO  safemode.SCMSafeModeManager (HealthyPipelineSafeModeRule.java:process(132)) - SCM in safe mode. Healthy pipelines reported count is 0, required healthy pipeline reported count is 1
2019-11-15 05:29:41,806 [pool-47-thread-1] INFO  storage.RaftStorageDirectory (RaftStorageDirectory.java:tryLock(328)) - Lock on /workdir/hadoop-ozone/integration-test/target/test-dir/MiniOzoneClusterImpl-99c5ca95-2193-49e7-a1bf-718a96802330/datanode-2/data/ratis/fb6c4f7e-b5b5-4700-b757-e1b4eb3be67b/in_use.lock acquired by nodename 7268@pr-hdds-2492-gk4gh-2200684135
2019-11-15 05:29:41,806 [pool-37-thread-1] INFO  storage.RaftStorageDirectory (RaftStorageDirectory.java:tryLock(328)) - Lock on /workdir/hadoop-ozone/integration-test/target/test-dir/MiniOzoneClusterImpl-99c5ca95-2193-49e7-a1bf-718a96802330/datanode-1/data/ratis/fb6c4f7e-b5b5-4700-b757-e1b4eb3be67b/in_use.lock acquired by nodename 7268@pr-hdds-2492-gk4gh-2200684135
2019-11-15 05:29:41,806 [pool-27-thread-1] INFO  storage.RaftStorageDirectory (RaftStorageDirectory.java:tryLock(328)) - Lock on /workdir/hadoop-ozone/integration-test/target/test-dir/MiniOzoneClusterImpl-99c5ca95-2193-49e7-a1bf-718a96802330/datanode-0/data/ratis/fb6c4f7e-b5b5-4700-b757-e1b4eb3be67b/in_use.lock acquired by nodename 7268@pr-hdds-2492-gk4gh-2200684135
2019-11-15 05:29:41,831 [pool-47-thread-1] INFO  storage.RaftStorage (RaftStorage.java:format(84)) - Storage directory /workdir/hadoop-ozone/integration-test/target/test-dir/MiniOzoneClusterImpl-99c5ca95-2193-49e7-a1bf-718a96802330/datanode-2/data/ratis/fb6c4f7e-b5b5-4700-b757-e1b4eb3be67b has been successfully formatted.
2019-11-15 05:29:41,831 [pool-27-thread-1] INFO  storage.RaftStorage (RaftStorage.java:format(84)) - Storage directory /workdir/hadoop-ozone/integration-test/target/test-dir/MiniOzoneClusterImpl-99c5ca95-2193-49e7-a1bf-718a96802330/datanode-0/data/ratis/fb6c4f7e-b5b5-4700-b757-e1b4eb3be67b has been successfully formatted.
2019-11-15 05:29:41,831 [pool-37-thread-1] INFO  storage.RaftStorage (RaftStorage.java:format(84)) - Storage directory /workdir/hadoop-ozone/integration-test/target/test-dir/MiniOzoneClusterImpl-99c5ca95-2193-49e7-a1bf-718a96802330/datanode-1/data/ratis/fb6c4f7e-b5b5-4700-b757-e1b4eb3be67b has been successfully formatted.
2019-11-15 05:29:41,831 [pool-47-thread-1] INFO  ratis.ContainerStateMachine (ContainerStateMachine.java:loadSnapshot(223)) - group-E1B4EB3BE67B: The snapshot info is null. Setting the last applied indexto:(t:0, i:~)
2019-11-15 05:29:41,831 [pool-27-thread-1] INFO  ratis.ContainerStateMachine (ContainerStateMachine.java:loadSnapshot(223)) - group-E1B4EB3BE67B: The snapshot info is null. Setting the last applied indexto:(t:0, i:~)
2019-11-15 05:29:41,831 [pool-47-thread-1] INFO  server.RaftServerConfigKeys (ConfUtils.java:logGet(43)) - raft.server.notification.no-leader.timeout = 120s (custom)
2019-11-15 05:29:41,831 [pool-37-thread-1] INFO  ratis.ContainerStateMachine (ContainerStateMachine.java:loadSnapshot(223)) - group-E1B4EB3BE67B: The snapshot info is null. Setting the last applied indexto:(t:0, i:~)
2019-11-15 05:29:41,832 [pool-47-thread-1] INFO  server.RaftServerConfigKeys (ConfUtils.java:logGet(43)) - raft.server.log.use.memory = false (default)
2019-11-15 05:29:41,832 [pool-27-thread-1] INFO  server.RaftServerConfigKeys (ConfUtils.java:logGet(43)) - raft.server.notification.no-leader.timeout = 120s (custom)
2019-11-15 05:29:41,832 [pool-47-thread-1] INFO  server.RaftServerConfigKeys (ConfUtils.java:logGet(43)) - raft.server.log.purge.gap = 1000000 (custom)
2019-11-15 05:29:41,832 [pool-37-thread-1] INFO  server.RaftServerConfigKeys (ConfUtils.java:logGet(43)) - raft.server.notification.no-leader.timeout = 120s (custom)
2019-11-15 05:29:41,832 [pool-47-thread-1] INFO  server.RaftServerConfigKeys (ConfUtils.java:logGet(43)) - raft.server.log.appender.buffer.byte-limit = 33554432 (custom)
2019-11-15 05:29:41,832 [pool-27-thread-1] INFO  server.RaftServerConfigKeys (ConfUtils.java:logGet(43)) - raft.server.log.use.memory = false (default)
2019-11-15 05:29:41,832 [pool-47-thread-1] INFO  server.RaftServerConfigKeys (ConfUtils.java:logGet(43)) - raft.server.log.segment.size.max = 1048576 (custom)
2019-11-15 05:29:41,832 [pool-37-thread-1] INFO  server.RaftServerConfigKeys (ConfUtils.java:logGet(43)) - raft.server.log.use.memory = false (default)
2019-11-15 05:29:41,833 [pool-47-thread-1] INFO  server.RaftServerConfigKeys (ConfUtils.java:logGet(43)) - raft.server.log.segment.cache.num.max = 2 (custom)
2019-11-15 05:29:41,833 [pool-27-thread-1] INFO  server.RaftServerConfigKeys (ConfUtils.java:logGet(43)) - raft.server.log.purge.gap = 1000000 (custom)
2019-11-15 05:29:41,833 [pool-47-thread-1] INFO  segmented.SegmentedRaftLogWorker (SegmentedRaftLogWorker.java:<init>(173)) - new 7d635197-424b-4388-a3b7-879e3419f602@group-E1B4EB3BE67B-SegmentedRaftLogWorker for RaftStorage:Storage Directory /workdir/hadoop-ozone/integration-test/target/test-dir/MiniOzoneClusterImpl-99c5ca95-2193-49e7-a1bf-718a96802330/datanode-2/data/ratis/fb6c4f7e-b5b5-4700-b757-e1b4eb3be67b
2019-11-15 05:29:41,833 [pool-37-thread-1] INFO  server.RaftServerConfigKeys (ConfUtils.java:logGet(43)) - raft.server.log.purge.gap = 1000000 (custom)
2019-11-15 05:29:41,833 [pool-47-thread-1] INFO  server.RaftServerConfigKeys (ConfUtils.java:logGet(43)) - raft.server.log.queue.byte-limit = 2147483647 (custom)
2019-11-15 05:29:41,833 [pool-27-thread-1] INFO  server.RaftServerConfigKeys (ConfUtils.java:logGet(43)) - raft.server.log.appender.buffer.byte-limit = 33554432 (custom)
2019-11-15 05:29:41,833 [pool-47-thread-1] INFO  server.RaftServerConfigKeys (ConfUtils.java:logGet(43)) - raft.server.log.queue.element-limit = 1024 (custom)
2019-11-15 05:29:41,833 [pool-37-thread-1] INFO  server.RaftServerConfigKeys (ConfUtils.java:logGet(43)) - raft.server.log.appender.buffer.byte-limit = 33554432 (custom)
2019-11-15 05:29:41,834 [pool-47-thread-1] INFO  server.RaftServerConfigKeys (ConfUtils.java:logGet(43)) - raft.server.log.segment.size.max = 1048576 (custom)
2019-11-15 05:29:41,833 [pool-27-thread-1] INFO  server.RaftServerConfigKeys (ConfUtils.java:logGet(43)) - raft.server.log.segment.size.max = 1048576 (custom)
2019-11-15 05:29:41,834 [pool-47-thread-1] INFO  server.RaftServerConfigKeys (ConfUtils.java:logGet(43)) - raft.server.log.preallocated.size = 16384 (custom)
2019-11-15 05:29:41,834 [pool-37-thread-1] INFO  server.RaftServerConfigKeys (ConfUtils.java:logGet(43)) - raft.server.log.segment.size.max = 1048576 (custom)
2019-11-15 05:29:41,834 [pool-47-thread-1] INFO  server.RaftServerConfigKeys (ConfUtils.java:logGet(43)) - raft.server.log.write.buffer.size = 33554432 (custom)
2019-11-15 05:29:41,834 [pool-27-thread-1] INFO  server.RaftServerConfigKeys (ConfUtils.java:logGet(43)) - raft.server.log.segment.cache.num.max = 2 (custom)
2019-11-15 05:29:41,834 [pool-47-thread-1] INFO  server.RaftServerConfigKeys (ConfUtils.java:logGet(43)) - raft.server.log.force.sync.num = 128 (default)
2019-11-15 05:29:41,834 [pool-37-thread-1] INFO  server.RaftServerConfigKeys (ConfUtils.java:logGet(43)) - raft.server.log.segment.cache.num.max = 2 (custom)
2019-11-15 05:29:41,834 [pool-47-thread-1] INFO  server.RaftServerConfigKeys (ConfUtils.java:logGet(43)) - raft.server.log.statemachine.data.sync = true (default)
2019-11-15 05:29:41,834 [pool-27-thread-1] INFO  segmented.SegmentedRaftLogWorker (SegmentedRaftLogWorker.java:<init>(173)) - new 4699c8e6-8c9e-4f76-a58f-cc5ec26439f8@group-E1B4EB3BE67B-SegmentedRaftLogWorker for RaftStorage:Storage Directory /workdir/hadoop-ozone/integration-test/target/test-dir/MiniOzoneClusterImpl-99c5ca95-2193-49e7-a1bf-718a96802330/datanode-0/data/ratis/fb6c4f7e-b5b5-4700-b757-e1b4eb3be67b
2019-11-15 05:29:41,835 [pool-47-thread-1] INFO  server.RaftServerConfigKeys (ConfUtils.java:logGet(43)) - raft.server.log.statemachine.data.sync.timeout = 10s (default)
2019-11-15 05:29:41,835 [pool-37-thread-1] INFO  segmented.SegmentedRaftLogWorker (SegmentedRaftLogWorker.java:<init>(173)) - new ddd91f58-e106-4cce-9dae-6653bc14f5b7@group-E1B4EB3BE67B-SegmentedRaftLogWorker for RaftStorage:Storage Directory /workdir/hadoop-ozone/integration-test/target/test-dir/MiniOzoneClusterImpl-99c5ca95-2193-49e7-a1bf-718a96802330/datanode-1/data/ratis/fb6c4f7e-b5b5-4700-b757-e1b4eb3be67b
2019-11-15 05:29:41,835 [pool-47-thread-1] INFO  server.RaftServerConfigKeys (ConfUtils.java:logGet(43)) - raft.server.log.statemachine.data.sync.timeout.retry = -1 (default)
2019-11-15 05:29:41,835 [pool-27-thread-1] INFO  server.RaftServerConfigKeys (ConfUtils.java:logGet(43)) - raft.server.log.queue.byte-limit = 2147483647 (custom)
2019-11-15 05:29:41,835 [pool-47-thread-1] INFO  server.RaftServerConfigKeys (ConfUtils.java:logGet(43)) - raft.server.log.statemachine.data.caching.enabled = true (custom)
2019-11-15 05:29:41,835 [pool-37-thread-1] INFO  server.RaftServerConfigKeys (ConfUtils.java:logGet(43)) - raft.server.log.queue.byte-limit = 2147483647 (custom)
2019-11-15 05:29:41,835 [pool-27-thread-1] INFO  server.RaftServerConfigKeys (ConfUtils.java:logGet(43)) - raft.server.log.queue.element-limit = 1024 (custom)
2019-11-15 05:29:41,836 [pool-47-thread-1] INFO  segmented.SegmentedRaftLogWorker (SegmentedRaftLogWorker.java:lambda$new$0(128)) - 7d635197-424b-4388-a3b7-879e3419f602@group-E1B4EB3BE67B-SegmentedRaftLogWorker: flushIndex: setUnconditionally 0 -> -1
2019-11-15 05:29:41,835 [pool-37-thread-1] INFO  server.RaftServerConfigKeys (ConfUtils.java:logGet(43)) - raft.server.log.queue.element-limit = 1024 (custom)
2019-11-15 05:29:41,836 [pool-27-thread-1] INFO  server.RaftServerConfigKeys (ConfUtils.java:logGet(43)) - raft.server.log.segment.size.max = 1048576 (custom)
2019-11-15 05:29:41,836 [pool-47-thread-1] INFO  server.RaftServerConfigKeys (ConfUtils.java:logGet(43)) - raft.server.snapshot.auto.trigger.enabled = true (custom)
2019-11-15 05:29:41,836 [pool-37-thread-1] INFO  server.RaftServerConfigKeys (ConfUtils.java:logGet(43)) - raft.server.log.segment.size.max = 1048576 (custom)
2019-11-15 05:29:41,836 [pool-27-thread-1] INFO  server.RaftServerConfigKeys (ConfUtils.java:logGet(43)) - raft.server.log.preallocated.size = 16384 (custom)
2019-11-15 05:29:41,836 [pool-47-thread-1] INFO  server.RaftServerConfigKeys (ConfUtils.java:logGet(43)) - raft.server.snapshot.auto.trigger.threshold = 10000 (custom)
2019-11-15 05:29:41,837 [pool-27-thread-1] INFO  server.RaftServerConfigKeys (ConfUtils.java:logGet(43)) - raft.server.log.write.buffer.size = 33554432 (custom)
2019-11-15 05:29:41,836 [pool-37-thread-1] INFO  server.RaftServerConfigKeys (ConfUtils.java:logGet(43)) - raft.server.log.preallocated.size = 16384 (custom)
2019-11-15 05:29:41,837 [pool-27-thread-1] INFO  server.RaftServerConfigKeys (ConfUtils.java:logGet(43)) - raft.server.log.force.sync.num = 128 (default)
2019-11-15 05:29:41,837 [pool-47-thread-1] INFO  server.RaftServerConfigKeys (ConfUtils.java:logGet(43)) - raft.server.snapshot.retention.file.num = 5 (custom)
2019-11-15 05:29:41,837 [pool-27-thread-1] INFO  server.RaftServerConfigKeys (ConfUtils.java:logGet(43)) - raft.server.log.statemachine.data.sync = true (default)
2019-11-15 05:29:41,837 [pool-37-thread-1] INFO  server.RaftServerConfigKeys (ConfUtils.java:logGet(43)) - raft.server.log.write.buffer.size = 33554432 (custom)
2019-11-15 05:29:41,837 [pool-27-thread-1] INFO  server.RaftServerConfigKeys (ConfUtils.java:logGet(43)) - raft.server.log.statemachine.data.sync.timeout = 10s (default)
2019-11-15 05:29:41,837 [pool-47-thread-1] INFO  server.RaftServerConfigKeys (ConfUtils.java:logGet(43)) - raft.server.retrycache.expirytime = 600000ms (custom)
2019-11-15 05:29:41,838 [pool-27-thread-1] INFO  server.RaftServerConfigKeys (ConfUtils.java:logGet(43)) - raft.server.log.statemachine.data.sync.timeout.retry = -1 (default)
2019-11-15 05:29:41,838 [pool-37-thread-1] INFO  server.RaftServerConfigKeys (ConfUtils.java:logGet(43)) - raft.server.log.force.sync.num = 128 (default)
2019-11-15 05:29:41,838 [pool-27-thread-1] INFO  server.RaftServerConfigKeys (ConfUtils.java:logGet(43)) - raft.server.log.statemachine.data.caching.enabled = true (custom)
2019-11-15 05:29:41,838 [pool-47-thread-1] WARN  impl.MetricRegistriesImpl (MetricRegistriesImpl.java:lambda$create$1(61)) - First MetricRegistry has been created without registering reporters. You may need to call MetricRegistries.global().addReportRegistration(...) before.
2019-11-15 05:29:41,838 [pool-37-thread-1] INFO  server.RaftServerConfigKeys (ConfUtils.java:logGet(43)) - raft.server.log.statemachine.data.sync = true (default)
2019-11-15 05:29:41,839 [pool-27-thread-1] INFO  segmented.SegmentedRaftLogWorker (SegmentedRaftLogWorker.java:lambda$new$0(128)) - 4699c8e6-8c9e-4f76-a58f-cc5ec26439f8@group-E1B4EB3BE67B-SegmentedRaftLogWorker: flushIndex: setUnconditionally 0 -> -1
2019-11-15 05:29:41,838 [pool-47-thread-1] WARN  impl.MetricRegistriesImpl (MetricRegistriesImpl.java:lambda$create$1(61)) - First MetricRegistry has been created without registering reporters. You may need to call MetricRegistries.global().addReportRegistration(...) before.
2019-11-15 05:29:41,839 [pool-37-thread-1] INFO  server.RaftServerConfigKeys (ConfUtils.java:logGet(43)) - raft.server.log.statemachine.data.sync.timeout = 10s (default)
2019-11-15 05:29:41,839 [pool-47-thread-1] INFO  impl.RaftServerImpl (RaftServerImpl.java:start(184)) - 7d635197-424b-4388-a3b7-879e3419f602@group-E1B4EB3BE67B: start as a follower, conf=-1: [ddd91f58-e106-4cce-9dae-6653bc14f5b7:192.168.34.44:35253, 7d635197-424b-4388-a3b7-879e3419f602:192.168.34.44:33422, 4699c8e6-8c9e-4f76-a58f-cc5ec26439f8:192.168.34.44:40513], old=null
2019-11-15 05:29:41,839 [pool-27-thread-1] INFO  server.RaftServerConfigKeys (ConfUtils.java:logGet(43)) - raft.server.snapshot.auto.trigger.enabled = true (custom)
2019-11-15 05:29:41,839 [pool-47-thread-1] INFO  impl.RaftServerImpl (RaftServerImpl.java:setRole(173)) - 7d635197-424b-4388-a3b7-879e3419f602@group-E1B4EB3BE67B: changes role from      null to FOLLOWER at term 0 for startAsFollower
2019-11-15 05:29:41,839 [pool-37-thread-1] INFO  server.RaftServerConfigKeys (ConfUtils.java:logGet(43)) - raft.server.log.statemachine.data.sync.timeout.retry = -1 (default)
2019-11-15 05:29:41,840 [pool-47-thread-1] INFO  impl.RoleInfo (RoleInfo.java:updateAndGet(143)) - 7d635197-424b-4388-a3b7-879e3419f602: start FollowerState
2019-11-15 05:29:41,840 [pool-37-thread-1] INFO  server.RaftServerConfigKeys (ConfUtils.java:logGet(43)) - raft.server.log.statemachine.data.caching.enabled = true (custom)
2019-11-15 05:29:41,839 [pool-27-thread-1] INFO  server.RaftServerConfigKeys (ConfUtils.java:logGet(43)) - raft.server.snapshot.auto.trigger.threshold = 10000 (custom)
2019-11-15 05:29:41,840 [pool-27-thread-1] INFO  server.RaftServerConfigKeys (ConfUtils.java:logGet(43)) - raft.server.snapshot.retention.file.num = 5 (custom)
2019-11-15 05:29:41,840 [pool-47-thread-1] INFO  util.JmxRegister (JmxRegister.java:tryRegister(44)) - Successfully registered JMX Bean with object name Ratis:service=RaftServer,group=group-E1B4EB3BE67B,id=7d635197-424b-4388-a3b7-879e3419f602
2019-11-15 05:29:41,840 [pool-37-thread-1] INFO  segmented.SegmentedRaftLogWorker (SegmentedRaftLogWorker.java:lambda$new$0(128)) - ddd91f58-e106-4cce-9dae-6653bc14f5b7@group-E1B4EB3BE67B-SegmentedRaftLogWorker: flushIndex: setUnconditionally 0 -> -1
2019-11-15 05:29:41,841 [pool-47-thread-1] WARN  impl.MetricRegistriesImpl (MetricRegistriesImpl.java:lambda$create$1(61)) - First MetricRegistry has been created without registering reporters. You may need to call MetricRegistries.global().addReportRegistration(...) before.
2019-11-15 05:29:41,840 [pool-27-thread-1] INFO  server.RaftServerConfigKeys (ConfUtils.java:logGet(43)) - raft.server.retrycache.expirytime = 600000ms (custom)
2019-11-15 05:29:41,841 [pool-37-thread-1] INFO  server.RaftServerConfigKeys (ConfUtils.java:logGet(43)) - raft.server.snapshot.auto.trigger.enabled = true (custom)
2019-11-15 05:29:41,841 [pool-27-thread-1] WARN  impl.MetricRegistriesImpl (MetricRegistriesImpl.java:lambda$create$1(61)) - First MetricRegistry has been created without registering reporters. You may need to call MetricRegistries.global().addReportRegistration(...) before.
2019-11-15 05:29:41,841 [pool-37-thread-1] INFO  server.RaftServerConfigKeys (ConfUtils.java:logGet(43)) - raft.server.snapshot.auto.trigger.threshold = 10000 (custom)
2019-11-15 05:29:41,841 [Command processor thread] INFO  commandhandler.CreatePipelineCommandHandler (CreatePipelineCommandHandler.java:handle(86)) - Create Pipeline RATIS THREE #id: "fb6c4f7e-b5b5-4700-b757-e1b4eb3be67b"
 command succeed on datanode 7d635197-424b-4388-a3b7-879e3419f602.
2019-11-15 05:29:41,841 [pool-27-thread-1] WARN  impl.MetricRegistriesImpl (MetricRegistriesImpl.java:lambda$create$1(61)) - First MetricRegistry has been created without registering reporters. You may need to call MetricRegistries.global().addReportRegistration(...) before.
2019-11-15 05:29:41,842 [pool-37-thread-1] INFO  server.RaftServerConfigKeys (ConfUtils.java:logGet(43)) - raft.server.snapshot.retention.file.num = 5 (custom)
2019-11-15 05:29:41,842 [pool-27-thread-1] INFO  impl.RaftServerImpl (RaftServerImpl.java:start(184)) - 4699c8e6-8c9e-4f76-a58f-cc5ec26439f8@group-E1B4EB3BE67B: start as a follower, conf=-1: [ddd91f58-e106-4cce-9dae-6653bc14f5b7:192.168.34.44:35253, 7d635197-424b-4388-a3b7-879e3419f602:192.168.34.44:33422, 4699c8e6-8c9e-4f76-a58f-cc5ec26439f8:192.168.34.44:40513], old=null
2019-11-15 05:29:41,842 [pool-37-thread-1] INFO  server.RaftServerConfigKeys (ConfUtils.java:logGet(43)) - raft.server.retrycache.expirytime = 600000ms (custom)
2019-11-15 05:29:41,842 [pool-27-thread-1] INFO  impl.RaftServerImpl (RaftServerImpl.java:setRole(173)) - 4699c8e6-8c9e-4f76-a58f-cc5ec26439f8@group-E1B4EB3BE67B: changes role from      null to FOLLOWER at term 0 for startAsFollower
2019-11-15 05:29:41,842 [pool-37-thread-1] WARN  impl.MetricRegistriesImpl (MetricRegistriesImpl.java:lambda$create$1(61)) - First MetricRegistry has been created without registering reporters. You may need to call MetricRegistries.global().addReportRegistration(...) before.
2019-11-15 05:29:41,842 [pool-27-thread-1] INFO  impl.RoleInfo (RoleInfo.java:updateAndGet(143)) - 4699c8e6-8c9e-4f76-a58f-cc5ec26439f8: start FollowerState
2019-11-15 05:29:41,842 [pool-37-thread-1] WARN  impl.MetricRegistriesImpl (MetricRegistriesImpl.java:lambda$create$1(61)) - First MetricRegistry has been created without registering reporters. You may need to call MetricRegistries.global().addReportRegistration(...) before.
2019-11-15 05:29:41,844 [pool-37-thread-1] INFO  impl.RaftServerImpl (RaftServerImpl.java:start(184)) - ddd91f58-e106-4cce-9dae-6653bc14f5b7@group-E1B4EB3BE67B: start as a follower, conf=-1: [ddd91f58-e106-4cce-9dae-6653bc14f5b7:192.168.34.44:35253, 7d635197-424b-4388-a3b7-879e3419f602:192.168.34.44:33422, 4699c8e6-8c9e-4f76-a58f-cc5ec26439f8:192.168.34.44:40513], old=null
2019-11-15 05:29:41,844 [pool-27-thread-1] INFO  util.JmxRegister (JmxRegister.java:tryRegister(44)) - Successfully registered JMX Bean with object name Ratis:service=RaftServer,group=group-E1B4EB3BE67B,id=4699c8e6-8c9e-4f76-a58f-cc5ec26439f8
2019-11-15 05:29:41,844 [pool-37-thread-1] INFO  impl.RaftServerImpl (RaftServerImpl.java:setRole(173)) - ddd91f58-e106-4cce-9dae-6653bc14f5b7@group-E1B4EB3BE67B: changes role from      null to FOLLOWER at term 0 for startAsFollower
2019-11-15 05:29:41,844 [pool-27-thread-1] WARN  impl.MetricRegistriesImpl (MetricRegistriesImpl.java:lambda$create$1(61)) - First MetricRegistry has been created without registering reporters. You may need to call MetricRegistries.global().addReportRegistration(...) before.
2019-11-15 05:29:41,844 [pool-37-thread-1] INFO  impl.RoleInfo (RoleInfo.java:updateAndGet(143)) - ddd91f58-e106-4cce-9dae-6653bc14f5b7: start FollowerState
2019-11-15 05:29:41,845 [EventQueue-PipelineReportForPipelineReportHandler] INFO  pipeline.PipelineReportHandler (PipelineReportHandler.java:processPipelineReport(113)) - Pipeline THREE PipelineID=fb6c4f7e-b5b5-4700-b757-e1b4eb3be67b reported by 7d635197-424b-4388-a3b7-879e3419f602{ip: 192.168.34.44, host: pr-hdds-2492-gk4gh-2200684135, networkLocation: /default-rack, certSerialId: null}
2019-11-15 05:29:41,845 [Command processor thread] INFO  commandhandler.CreatePipelineCommandHandler (CreatePipelineCommandHandler.java:handle(86)) - Create Pipeline RATIS THREE #id: "fb6c4f7e-b5b5-4700-b757-e1b4eb3be67b"
 command succeed on datanode 4699c8e6-8c9e-4f76-a58f-cc5ec26439f8.
2019-11-15 05:29:41,845 [pool-37-thread-1] INFO  util.JmxRegister (JmxRegister.java:tryRegister(44)) - Successfully registered JMX Bean with object name Ratis:service=RaftServer,group=group-E1B4EB3BE67B,id=ddd91f58-e106-4cce-9dae-6653bc14f5b7
2019-11-15 05:29:41,845 [pool-37-thread-1] WARN  impl.MetricRegistriesImpl (MetricRegistriesImpl.java:lambda$create$1(61)) - First MetricRegistry has been created without registering reporters. You may need to call MetricRegistries.global().addReportRegistration(...) before.
2019-11-15 05:29:41,846 [Command processor thread] INFO  commandhandler.CreatePipelineCommandHandler (CreatePipelineCommandHandler.java:handle(86)) - Create Pipeline RATIS THREE #id: "fb6c4f7e-b5b5-4700-b757-e1b4eb3be67b"
 command succeed on datanode ddd91f58-e106-4cce-9dae-6653bc14f5b7.
2019-11-15 05:29:41,848 [EventQueue-PipelineReportForPipelineReportHandler] INFO  pipeline.PipelineReportHandler (PipelineReportHandler.java:processPipelineReport(113)) - Pipeline THREE PipelineID=fb6c4f7e-b5b5-4700-b757-e1b4eb3be67b reported by 4699c8e6-8c9e-4f76-a58f-cc5ec26439f8{ip: 192.168.34.44, host: pr-hdds-2492-gk4gh-2200684135, networkLocation: /default-rack, certSerialId: null}
2019-11-15 05:29:41,848 [EventQueue-PipelineReportForPipelineReportHandler] INFO  pipeline.PipelineReportHandler (PipelineReportHandler.java:processPipelineReport(113)) - Pipeline THREE PipelineID=fb6c4f7e-b5b5-4700-b757-e1b4eb3be67b reported by ddd91f58-e106-4cce-9dae-6653bc14f5b7{ip: 192.168.34.44, host: pr-hdds-2492-gk4gh-2200684135, networkLocation: /default-rack, certSerialId: null}
2019-11-15 05:29:42,708 [Thread-0] INFO  ozone.MiniOzoneClusterImpl (MiniOzoneClusterImpl.java:lambda$waitForClusterToBeReady$0(150)) - Nodes are ready. Got 3 of 3 DN Heartbeats.
2019-11-15 05:29:42,709 [Thread-0] INFO  ozone.MiniOzoneClusterImpl (MiniOzoneClusterImpl.java:lambda$waitForClusterToBeReady$0(153)) - Waiting for cluster to exit safe mode
2019-11-15 05:29:43,709 [Thread-0] INFO  ozone.MiniOzoneClusterImpl (MiniOzoneClusterImpl.java:lambda$waitForClusterToBeReady$0(150)) - Nodes are ready. Got 3 of 3 DN Heartbeats.
2019-11-15 05:29:43,709 [Thread-0] INFO  ozone.MiniOzoneClusterImpl (MiniOzoneClusterImpl.java:lambda$waitForClusterToBeReady$0(153)) - Waiting for cluster to exit safe mode
2019-11-15 05:29:44,710 [Thread-0] INFO  ozone.MiniOzoneClusterImpl (MiniOzoneClusterImpl.java:lambda$waitForClusterToBeReady$0(150)) - Nodes are ready. Got 3 of 3 DN Heartbeats.
2019-11-15 05:29:44,710 [Thread-0] INFO  ozone.MiniOzoneClusterImpl (MiniOzoneClusterImpl.java:lambda$waitForClusterToBeReady$0(153)) - Waiting for cluster to exit safe mode
2019-11-15 05:29:45,710 [Thread-0] INFO  ozone.MiniOzoneClusterImpl (MiniOzoneClusterImpl.java:lambda$waitForClusterToBeReady$0(150)) - Nodes are ready. Got 3 of 3 DN Heartbeats.
2019-11-15 05:29:45,710 [Thread-0] INFO  ozone.MiniOzoneClusterImpl (MiniOzoneClusterImpl.java:lambda$waitForClusterToBeReady$0(153)) - Waiting for cluster to exit safe mode
2019-11-15 05:29:46,711 [Thread-0] INFO  ozone.MiniOzoneClusterImpl (MiniOzoneClusterImpl.java:lambda$waitForClusterToBeReady$0(150)) - Nodes are ready. Got 3 of 3 DN Heartbeats.
2019-11-15 05:29:46,711 [Thread-0] INFO  ozone.MiniOzoneClusterImpl (MiniOzoneClusterImpl.java:lambda$waitForClusterToBeReady$0(153)) - Waiting for cluster to exit safe mode
2019-11-15 05:29:46,780 [Thread-182] INFO  impl.FollowerState (FollowerState.java:run(111)) - 4699c8e6-8c9e-4f76-a58f-cc5ec26439f8@group-92B8B86D3303-FollowerState: change to CANDIDATE, lastRpcTime:5018ms, electionTimeout:5017ms
2019-11-15 05:29:46,782 [Thread-182] INFO  impl.RoleInfo (RoleInfo.java:shutdownFollowerState(121)) - 4699c8e6-8c9e-4f76-a58f-cc5ec26439f8: shutdown FollowerState
2019-11-15 05:29:46,782 [Thread-182] INFO  impl.RaftServerImpl (RaftServerImpl.java:setRole(173)) - 4699c8e6-8c9e-4f76-a58f-cc5ec26439f8@group-92B8B86D3303: changes role from  FOLLOWER to CANDIDATE at term 0 for changeToCandidate
2019-11-15 05:29:46,785 [Thread-182] INFO  impl.RoleInfo (RoleInfo.java:updateAndGet(143)) - 4699c8e6-8c9e-4f76-a58f-cc5ec26439f8: start LeaderElection
2019-11-15 05:29:46,853 [4699c8e6-8c9e-4f76-a58f-cc5ec26439f8@group-92B8B86D3303-LeaderElection1] INFO  impl.LeaderElection (LeaderElection.java:askForVotes(178)) - 4699c8e6-8c9e-4f76-a58f-cc5ec26439f8@group-92B8B86D3303-LeaderElection1: begin an election at term 1 for -1: [4699c8e6-8c9e-4f76-a58f-cc5ec26439f8:192.168.34.44:40513], old=null
2019-11-15 05:29:46,854 [4699c8e6-8c9e-4f76-a58f-cc5ec26439f8@group-92B8B86D3303-LeaderElection1] INFO  impl.RoleInfo (RoleInfo.java:shutdownLeaderElection(134)) - 4699c8e6-8c9e-4f76-a58f-cc5ec26439f8: shutdown LeaderElection
2019-11-15 05:29:46,855 [4699c8e6-8c9e-4f76-a58f-cc5ec26439f8@group-92B8B86D3303-LeaderElection1] INFO  impl.RaftServerImpl (RaftServerImpl.java:setRole(173)) - 4699c8e6-8c9e-4f76-a58f-cc5ec26439f8@group-92B8B86D3303: changes role from CANDIDATE to LEADER at term 1 for changeToLeader
2019-11-15 05:29:46,855 [4699c8e6-8c9e-4f76-a58f-cc5ec26439f8@group-92B8B86D3303-LeaderElection1] INFO  ratis.XceiverServerRatis (XceiverServerRatis.java:handleLeaderChangedNotification(733)) - Leader change notification received for group: group-92B8B86D3303 with new leaderId: 4699c8e6-8c9e-4f76-a58f-cc5ec26439f8
2019-11-15 05:29:46,856 [4699c8e6-8c9e-4f76-a58f-cc5ec26439f8@group-92B8B86D3303-LeaderElection1] INFO  impl.RaftServerImpl (ServerState.java:setLeader(255)) - 4699c8e6-8c9e-4f76-a58f-cc5ec26439f8@group-92B8B86D3303: change Leader from null to 4699c8e6-8c9e-4f76-a58f-cc5ec26439f8 at term 1 for becomeLeader, leader elected after 5186ms
2019-11-15 05:29:46,858 [EventQueue-PipelineReportForPipelineReportHandler] INFO  pipeline.PipelineReportHandler (PipelineReportHandler.java:processPipelineReport(113)) - Pipeline THREE PipelineID=fb6c4f7e-b5b5-4700-b757-e1b4eb3be67b reported by 4699c8e6-8c9e-4f76-a58f-cc5ec26439f8{ip: 192.168.34.44, host: pr-hdds-2492-gk4gh-2200684135, networkLocation: /default-rack, certSerialId: null}
2019-11-15 05:29:46,862 [4699c8e6-8c9e-4f76-a58f-cc5ec26439f8@group-92B8B86D3303-LeaderElection1] INFO  server.RaftServerConfigKeys (ConfUtils.java:logGet(43)) - raft.server.staging.catchup.gap = 1000 (default)
2019-11-15 05:29:46,862 [4699c8e6-8c9e-4f76-a58f-cc5ec26439f8@group-92B8B86D3303-LeaderElection1] INFO  server.RaftServerConfigKeys (ConfUtils.java:logGet(43)) - raft.server.rpc.sleep.time = 25ms (default)
2019-11-15 05:29:46,867 [4699c8e6-8c9e-4f76-a58f-cc5ec26439f8@group-92B8B86D3303-LeaderElection1] INFO  server.RaftServerConfigKeys (ConfUtils.java:logGet(43)) - raft.server.write.element-limit = 4096 (default)
2019-11-15 05:29:46,872 [Thread-184] INFO  impl.FollowerState (FollowerState.java:run(111)) - ddd91f58-e106-4cce-9dae-6653bc14f5b7@group-B6414FC87655-FollowerState: change to CANDIDATE, lastRpcTime:5110ms, electionTimeout:5109ms
2019-11-15 05:29:46,873 [Thread-184] INFO  impl.RoleInfo (RoleInfo.java:shutdownFollowerState(121)) - ddd91f58-e106-4cce-9dae-6653bc14f5b7: shutdown FollowerState
2019-11-15 05:29:46,873 [Thread-184] INFO  impl.RaftServerImpl (RaftServerImpl.java:setRole(173)) - ddd91f58-e106-4cce-9dae-6653bc14f5b7@group-B6414FC87655: changes role from  FOLLOWER to CANDIDATE at term 0 for changeToCandidate
2019-11-15 05:29:46,873 [Thread-184] INFO  impl.RoleInfo (RoleInfo.java:updateAndGet(143)) - ddd91f58-e106-4cce-9dae-6653bc14f5b7: start LeaderElection
2019-11-15 05:29:46,877 [4699c8e6-8c9e-4f76-a58f-cc5ec26439f8@group-92B8B86D3303-LeaderElection1] INFO  server.RaftServerConfigKeys (ConfUtils.java:logGet(43)) - raft.server.watch.timeout = 10s (default)
2019-11-15 05:29:46,877 [4699c8e6-8c9e-4f76-a58f-cc5ec26439f8@group-92B8B86D3303-LeaderElection1] INFO  server.RaftServerConfigKeys (ConfUtils.java:logGet(43)) - raft.server.watch.timeout.denomination = 1s (default)
2019-11-15 05:29:46,878 [4699c8e6-8c9e-4f76-a58f-cc5ec26439f8@group-92B8B86D3303-LeaderElection1] INFO  server.RaftServerConfigKeys (ConfUtils.java:logGet(43)) - raft.server.watch.element-limit = 65536 (default)
2019-11-15 05:29:46,884 [ddd91f58-e106-4cce-9dae-6653bc14f5b7@group-B6414FC87655-LeaderElection2] INFO  impl.LeaderElection (LeaderElection.java:askForVotes(178)) - ddd91f58-e106-4cce-9dae-6653bc14f5b7@group-B6414FC87655-LeaderElection2: begin an election at term 1 for -1: [ddd91f58-e106-4cce-9dae-6653bc14f5b7:192.168.34.44:35253], old=null
2019-11-15 05:29:46,885 [ddd91f58-e106-4cce-9dae-6653bc14f5b7@group-B6414FC87655-LeaderElection2] INFO  impl.RoleInfo (RoleInfo.java:shutdownLeaderElection(134)) - ddd91f58-e106-4cce-9dae-6653bc14f5b7: shutdown LeaderElection
2019-11-15 05:29:46,885 [ddd91f58-e106-4cce-9dae-6653bc14f5b7@group-B6414FC87655-LeaderElection2] INFO  impl.RaftServerImpl (RaftServerImpl.java:setRole(173)) - ddd91f58-e106-4cce-9dae-6653bc14f5b7@group-B6414FC87655: changes role from CANDIDATE to LEADER at term 1 for changeToLeader
2019-11-15 05:29:46,885 [ddd91f58-e106-4cce-9dae-6653bc14f5b7@group-B6414FC87655-LeaderElection2] INFO  ratis.XceiverServerRatis (XceiverServerRatis.java:handleLeaderChangedNotification(733)) - Leader change notification received for group: group-B6414FC87655 with new leaderId: ddd91f58-e106-4cce-9dae-6653bc14f5b7
2019-11-15 05:29:46,885 [ddd91f58-e106-4cce-9dae-6653bc14f5b7@group-B6414FC87655-LeaderElection2] INFO  impl.RaftServerImpl (ServerState.java:setLeader(255)) - ddd91f58-e106-4cce-9dae-6653bc14f5b7@group-B6414FC87655: change Leader from null to ddd91f58-e106-4cce-9dae-6653bc14f5b7 at term 1 for becomeLeader, leader elected after 5203ms
2019-11-15 05:29:46,885 [ddd91f58-e106-4cce-9dae-6653bc14f5b7@group-B6414FC87655-LeaderElection2] INFO  server.RaftServerConfigKeys (ConfUtils.java:logGet(43)) - raft.server.staging.catchup.gap = 1000 (default)
2019-11-15 05:29:46,885 [Thread-188] INFO  impl.FollowerState (FollowerState.java:run(111)) - 7d635197-424b-4388-a3b7-879e3419f602@group-E1B4EB3BE67B-FollowerState: change to CANDIDATE, lastRpcTime:5045ms, electionTimeout:5045ms
2019-11-15 05:29:46,885 [ddd91f58-e106-4cce-9dae-6653bc14f5b7@group-B6414FC87655-LeaderElection2] INFO  server.RaftServerConfigKeys (ConfUtils.java:logGet(43)) - raft.server.rpc.sleep.time = 25ms (default)
2019-11-15 05:29:46,886 [ddd91f58-e106-4cce-9dae-6653bc14f5b7@group-B6414FC87655-LeaderElection2] INFO  server.RaftServerConfigKeys (ConfUtils.java:logGet(43)) - raft.server.write.element-limit = 4096 (default)
2019-11-15 05:29:46,886 [Thread-188] INFO  impl.RoleInfo (RoleInfo.java:shutdownFollowerState(121)) - 7d635197-424b-4388-a3b7-879e3419f602: shutdown FollowerState
2019-11-15 05:29:46,887 [ddd91f58-e106-4cce-9dae-6653bc14f5b7@group-B6414FC87655-LeaderElection2] INFO  server.RaftServerConfigKeys (ConfUtils.java:logGet(43)) - raft.server.watch.timeout = 10s (default)
2019-11-15 05:29:46,887 [Thread-188] INFO  impl.RaftServerImpl (RaftServerImpl.java:setRole(173)) - 7d635197-424b-4388-a3b7-879e3419f602@group-E1B4EB3BE67B: changes role from  FOLLOWER to CANDIDATE at term 0 for changeToCandidate
2019-11-15 05:29:46,887 [ddd91f58-e106-4cce-9dae-6653bc14f5b7@group-B6414FC87655-LeaderElection2] INFO  server.RaftServerConfigKeys (ConfUtils.java:logGet(43)) - raft.server.watch.timeout.denomination = 1s (default)
2019-11-15 05:29:46,887 [Thread-188] INFO  impl.RoleInfo (RoleInfo.java:updateAndGet(143)) - 7d635197-424b-4388-a3b7-879e3419f602: start LeaderElection
2019-11-15 05:29:46,887 [ddd91f58-e106-4cce-9dae-6653bc14f5b7@group-B6414FC87655-LeaderElection2] INFO  server.RaftServerConfigKeys (ConfUtils.java:logGet(43)) - raft.server.watch.element-limit = 65536 (default)
2019-11-15 05:29:46,890 [EventQueue-PipelineReportForPipelineReportHandler] INFO  pipeline.PipelineReportHandler (PipelineReportHandler.java:processPipelineReport(113)) - Pipeline THREE PipelineID=fb6c4f7e-b5b5-4700-b757-e1b4eb3be67b reported by ddd91f58-e106-4cce-9dae-6653bc14f5b7{ip: 192.168.34.44, host: pr-hdds-2492-gk4gh-2200684135, networkLocation: /default-rack, certSerialId: null}
2019-11-15 05:29:46,891 [4699c8e6-8c9e-4f76-a58f-cc5ec26439f8@group-92B8B86D3303-LeaderElection1] INFO  impl.RoleInfo (RoleInfo.java:updateAndGet(143)) - 4699c8e6-8c9e-4f76-a58f-cc5ec26439f8: start LeaderState
2019-11-15 05:29:46,891 [ddd91f58-e106-4cce-9dae-6653bc14f5b7@group-B6414FC87655-LeaderElection2] INFO  impl.RoleInfo (RoleInfo.java:updateAndGet(143)) - ddd91f58-e106-4cce-9dae-6653bc14f5b7: start LeaderState
2019-11-15 05:29:46,894 [Thread-183] INFO  impl.FollowerState (FollowerState.java:run(111)) - 7d635197-424b-4388-a3b7-879e3419f602@group-C1B17D650937-FollowerState: change to CANDIDATE, lastRpcTime:5132ms, electionTimeout:5131ms
2019-11-15 05:29:46,895 [Thread-183] INFO  impl.RoleInfo (RoleInfo.java:shutdownFollowerState(121)) - 7d635197-424b-4388-a3b7-879e3419f602: shutdown FollowerState
2019-11-15 05:29:46,895 [Thread-183] INFO  impl.RaftServerImpl (RaftServerImpl.java:setRole(173)) - 7d635197-424b-4388-a3b7-879e3419f602@group-C1B17D650937: changes role from  FOLLOWER to CANDIDATE at term 0 for changeToCandidate
2019-11-15 05:29:46,895 [Thread-183] INFO  impl.RoleInfo (RoleInfo.java:updateAndGet(143)) - 7d635197-424b-4388-a3b7-879e3419f602: start LeaderElection
2019-11-15 05:29:46,901 [7d635197-424b-4388-a3b7-879e3419f602@group-E1B4EB3BE67B-LeaderElection3] INFO  impl.LeaderElection (LeaderElection.java:askForVotes(178)) - 7d635197-424b-4388-a3b7-879e3419f602@group-E1B4EB3BE67B-LeaderElection3: begin an election at term 1 for -1: [ddd91f58-e106-4cce-9dae-6653bc14f5b7:192.168.34.44:35253, 7d635197-424b-4388-a3b7-879e3419f602:192.168.34.44:33422, 4699c8e6-8c9e-4f76-a58f-cc5ec26439f8:192.168.34.44:40513], old=null
2019-11-15 05:29:46,905 [7d635197-424b-4388-a3b7-879e3419f602@group-C1B17D650937-LeaderElection4] INFO  impl.LeaderElection (LeaderElection.java:askForVotes(178)) - 7d635197-424b-4388-a3b7-879e3419f602@group-C1B17D650937-LeaderElection4: begin an election at term 1 for -1: [7d635197-424b-4388-a3b7-879e3419f602:192.168.34.44:33422], old=null
2019-11-15 05:29:46,907 [7d635197-424b-4388-a3b7-879e3419f602@group-C1B17D650937-LeaderElection4] INFO  impl.RoleInfo (RoleInfo.java:shutdownLeaderElection(134)) - 7d635197-424b-4388-a3b7-879e3419f602: shutdown LeaderElection
2019-11-15 05:29:46,907 [Thread-191] INFO  impl.FollowerState (FollowerState.java:run(111)) - 4699c8e6-8c9e-4f76-a58f-cc5ec26439f8@group-E1B4EB3BE67B-FollowerState: change to CANDIDATE, lastRpcTime:5064ms, electionTimeout:5063ms
2019-11-15 05:29:46,907 [7d635197-424b-4388-a3b7-879e3419f602@group-C1B17D650937-LeaderElection4] INFO  impl.RaftServerImpl (RaftServerImpl.java:setRole(173)) - 7d635197-424b-4388-a3b7-879e3419f602@group-C1B17D650937: changes role from CANDIDATE to LEADER at term 1 for changeToLeader
2019-11-15 05:29:46,907 [Thread-191] INFO  impl.RoleInfo (RoleInfo.java:shutdownFollowerState(121)) - 4699c8e6-8c9e-4f76-a58f-cc5ec26439f8: shutdown FollowerState
2019-11-15 05:29:46,907 [7d635197-424b-4388-a3b7-879e3419f602@group-C1B17D650937-LeaderElection4] INFO  ratis.XceiverServerRatis (XceiverServerRatis.java:handleLeaderChangedNotification(733)) - Leader change notification received for group: group-C1B17D650937 with new leaderId: 7d635197-424b-4388-a3b7-879e3419f602
2019-11-15 05:29:46,908 [Thread-191] INFO  impl.RaftServerImpl (RaftServerImpl.java:setRole(173)) - 4699c8e6-8c9e-4f76-a58f-cc5ec26439f8@group-E1B4EB3BE67B: changes role from  FOLLOWER to CANDIDATE at term 0 for changeToCandidate
2019-11-15 05:29:46,908 [7d635197-424b-4388-a3b7-879e3419f602@group-C1B17D650937-LeaderElection4] INFO  impl.RaftServerImpl (ServerState.java:setLeader(255)) - 7d635197-424b-4388-a3b7-879e3419f602@group-C1B17D650937: change Leader from null to 7d635197-424b-4388-a3b7-879e3419f602 at term 1 for becomeLeader, leader elected after 5177ms
2019-11-15 05:29:46,908 [Thread-191] INFO  impl.RoleInfo (RoleInfo.java:updateAndGet(143)) - 4699c8e6-8c9e-4f76-a58f-cc5ec26439f8: start LeaderElection
2019-11-15 05:29:46,908 [7d635197-424b-4388-a3b7-879e3419f602@group-C1B17D650937-LeaderElection4] INFO  server.RaftServerConfigKeys (ConfUtils.java:logGet(43)) - raft.server.staging.catchup.gap = 1000 (default)
2019-11-15 05:29:46,908 [7d635197-424b-4388-a3b7-879e3419f602@group-C1B17D650937-LeaderElection4] INFO  server.RaftServerConfigKeys (ConfUtils.java:logGet(43)) - raft.server.rpc.sleep.time = 25ms (default)
2019-11-15 05:29:46,913 [7d635197-424b-4388-a3b7-879e3419f602@group-C1B17D650937-LeaderElection4] INFO  server.RaftServerConfigKeys (ConfUtils.java:logGet(43)) - raft.server.write.element-limit = 4096 (default)
2019-11-15 05:29:46,914 [7d635197-424b-4388-a3b7-879e3419f602@group-C1B17D650937-LeaderElection4] INFO  server.RaftServerConfigKeys (ConfUtils.java:logGet(43)) - raft.server.watch.timeout = 10s (default)
2019-11-15 05:29:46,914 [7d635197-424b-4388-a3b7-879e3419f602@group-C1B17D650937-LeaderElection4] INFO  server.RaftServerConfigKeys (ConfUtils.java:logGet(43)) - raft.server.watch.timeout.denomination = 1s (default)
2019-11-15 05:29:46,914 [7d635197-424b-4388-a3b7-879e3419f602@group-C1B17D650937-LeaderElection4] INFO  server.RaftServerConfigKeys (ConfUtils.java:logGet(43)) - raft.server.watch.element-limit = 65536 (default)
2019-11-15 05:29:46,914 [7d635197-424b-4388-a3b7-879e3419f602@group-C1B17D650937-LeaderElection4] INFO  impl.RoleInfo (RoleInfo.java:updateAndGet(143)) - 7d635197-424b-4388-a3b7-879e3419f602: start LeaderState
2019-11-15 05:29:46,915 [EventQueue-PipelineReportForPipelineReportHandler] INFO  pipeline.PipelineReportHandler (PipelineReportHandler.java:processPipelineReport(113)) - Pipeline THREE PipelineID=fb6c4f7e-b5b5-4700-b757-e1b4eb3be67b reported by 7d635197-424b-4388-a3b7-879e3419f602{ip: 192.168.34.44, host: pr-hdds-2492-gk4gh-2200684135, networkLocation: /default-rack, certSerialId: null}
2019-11-15 05:29:46,920 [4699c8e6-8c9e-4f76-a58f-cc5ec26439f8@group-E1B4EB3BE67B-LeaderElection5] INFO  impl.LeaderElection (LeaderElection.java:askForVotes(178)) - 4699c8e6-8c9e-4f76-a58f-cc5ec26439f8@group-E1B4EB3BE67B-LeaderElection5: begin an election at term 1 for -1: [ddd91f58-e106-4cce-9dae-6653bc14f5b7:192.168.34.44:35253, 7d635197-424b-4388-a3b7-879e3419f602:192.168.34.44:33422, 4699c8e6-8c9e-4f76-a58f-cc5ec26439f8:192.168.34.44:40513], old=null
2019-11-15 05:29:46,925 [ddd91f58-e106-4cce-9dae-6653bc14f5b7@group-B6414FC87655-LeaderElection2] INFO  segmented.SegmentedRaftLogWorker (SegmentedRaftLogWorker.java:startLogSegment(385)) - ddd91f58-e106-4cce-9dae-6653bc14f5b7@group-B6414FC87655-SegmentedRaftLogWorker: Starting segment from index:0
2019-11-15 05:29:46,925 [4699c8e6-8c9e-4f76-a58f-cc5ec26439f8@group-92B8B86D3303-LeaderElection1] INFO  segmented.SegmentedRaftLogWorker (SegmentedRaftLogWorker.java:startLogSegment(385)) - 4699c8e6-8c9e-4f76-a58f-cc5ec26439f8@group-92B8B86D3303-SegmentedRaftLogWorker: Starting segment from index:0
2019-11-15 05:29:46,925 [7d635197-424b-4388-a3b7-879e3419f602@group-C1B17D650937-LeaderElection4] INFO  segmented.SegmentedRaftLogWorker (SegmentedRaftLogWorker.java:startLogSegment(385)) - 7d635197-424b-4388-a3b7-879e3419f602@group-C1B17D650937-SegmentedRaftLogWorker: Starting segment from index:0
2019-11-15 05:29:46,949 [4699c8e6-8c9e-4f76-a58f-cc5ec26439f8@group-92B8B86D3303-LeaderElection1] INFO  impl.RaftServerImpl (ServerState.java:setRaftConf(356)) - 4699c8e6-8c9e-4f76-a58f-cc5ec26439f8@group-92B8B86D3303: set configuration 0: [4699c8e6-8c9e-4f76-a58f-cc5ec26439f8:192.168.34.44:40513], old=null at 0
2019-11-15 05:29:46,949 [ddd91f58-e106-4cce-9dae-6653bc14f5b7@group-B6414FC87655-LeaderElection2] INFO  impl.RaftServerImpl (ServerState.java:setRaftConf(356)) - ddd91f58-e106-4cce-9dae-6653bc14f5b7@group-B6414FC87655: set configuration 0: [ddd91f58-e106-4cce-9dae-6653bc14f5b7:192.168.34.44:35253], old=null at 0
2019-11-15 05:29:46,949 [7d635197-424b-4388-a3b7-879e3419f602@group-C1B17D650937-LeaderElection4] INFO  impl.RaftServerImpl (ServerState.java:setRaftConf(356)) - 7d635197-424b-4388-a3b7-879e3419f602@group-C1B17D650937: set configuration 0: [7d635197-424b-4388-a3b7-879e3419f602:192.168.34.44:33422], old=null at 0
2019-11-15 05:29:46,978 [Thread-192] INFO  impl.FollowerState (FollowerState.java:run(111)) - ddd91f58-e106-4cce-9dae-6653bc14f5b7@group-E1B4EB3BE67B-FollowerState: change to CANDIDATE, lastRpcTime:5133ms, electionTimeout:5133ms
2019-11-15 05:29:46,978 [Thread-192] INFO  impl.RoleInfo (RoleInfo.java:shutdownFollowerState(121)) - ddd91f58-e106-4cce-9dae-6653bc14f5b7: shutdown FollowerState
2019-11-15 05:29:46,978 [Thread-192] INFO  impl.RaftServerImpl (RaftServerImpl.java:setRole(173)) - ddd91f58-e106-4cce-9dae-6653bc14f5b7@group-E1B4EB3BE67B: changes role from  FOLLOWER to CANDIDATE at term 0 for changeToCandidate
2019-11-15 05:29:46,979 [Thread-192] INFO  impl.RoleInfo (RoleInfo.java:updateAndGet(143)) - ddd91f58-e106-4cce-9dae-6653bc14f5b7: start LeaderElection
2019-11-15 05:29:46,995 [ddd91f58-e106-4cce-9dae-6653bc14f5b7@group-E1B4EB3BE67B-LeaderElection6] INFO  impl.LeaderElection (LeaderElection.java:askForVotes(178)) - ddd91f58-e106-4cce-9dae-6653bc14f5b7@group-E1B4EB3BE67B-LeaderElection6: begin an election at term 1 for -1: [ddd91f58-e106-4cce-9dae-6653bc14f5b7:192.168.34.44:35253, 7d635197-424b-4388-a3b7-879e3419f602:192.168.34.44:33422, 4699c8e6-8c9e-4f76-a58f-cc5ec26439f8:192.168.34.44:40513], old=null
2019-11-15 05:29:47,120 [4699c8e6-8c9e-4f76-a58f-cc5ec26439f8@group-92B8B86D3303-SegmentedRaftLogWorker] INFO  segmented.SegmentedRaftLogWorker (SegmentedRaftLogWorker.java:execute(576)) - 4699c8e6-8c9e-4f76-a58f-cc5ec26439f8@group-92B8B86D3303-SegmentedRaftLogWorker: created new log segment /workdir/hadoop-ozone/integration-test/target/test-dir/MiniOzoneClusterImpl-99c5ca95-2193-49e7-a1bf-718a96802330/datanode-0/data/ratis/8b713e39-950c-47da-861d-92b8b86d3303/current/log_inprogress_0
2019-11-15 05:29:47,120 [7d635197-424b-4388-a3b7-879e3419f602@group-C1B17D650937-SegmentedRaftLogWorker] INFO  segmented.SegmentedRaftLogWorker (SegmentedRaftLogWorker.java:execute(576)) - 7d635197-424b-4388-a3b7-879e3419f602@group-C1B17D650937-SegmentedRaftLogWorker: created new log segment /workdir/hadoop-ozone/integration-test/target/test-dir/MiniOzoneClusterImpl-99c5ca95-2193-49e7-a1bf-718a96802330/datanode-2/data/ratis/12567fab-9043-4dd3-ac5b-c1b17d650937/current/log_inprogress_0
2019-11-15 05:29:47,120 [ddd91f58-e106-4cce-9dae-6653bc14f5b7@group-B6414FC87655-SegmentedRaftLogWorker] INFO  segmented.SegmentedRaftLogWorker (SegmentedRaftLogWorker.java:execute(576)) - ddd91f58-e106-4cce-9dae-6653bc14f5b7@group-B6414FC87655-SegmentedRaftLogWorker: created new log segment /workdir/hadoop-ozone/integration-test/target/test-dir/MiniOzoneClusterImpl-99c5ca95-2193-49e7-a1bf-718a96802330/datanode-1/data/ratis/773f0253-3210-47a6-996e-b6414fc87655/current/log_inprogress_0
2019-11-15 05:29:47,317 [4699c8e6-8c9e-4f76-a58f-cc5ec26439f8@group-E1B4EB3BE67B-LeaderElection5] INFO  impl.LeaderElection (LeaderElection.java:logAndReturn(56)) - 4699c8e6-8c9e-4f76-a58f-cc5ec26439f8@group-E1B4EB3BE67B-LeaderElection5: Election REJECTED; received 2 response(s) [4699c8e6-8c9e-4f76-a58f-cc5ec26439f8<-ddd91f58-e106-4cce-9dae-6653bc14f5b7#0:FAIL-t1, 4699c8e6-8c9e-4f76-a58f-cc5ec26439f8<-7d635197-424b-4388-a3b7-879e3419f602#0:FAIL-t1] and 0 exception(s); 4699c8e6-8c9e-4f76-a58f-cc5ec26439f8@group-E1B4EB3BE67B:t1, leader=null, voted=4699c8e6-8c9e-4f76-a58f-cc5ec26439f8, raftlog=4699c8e6-8c9e-4f76-a58f-cc5ec26439f8@group-E1B4EB3BE67B-SegmentedRaftLog:OPENED:c-1,f-1,i0, conf=-1: [ddd91f58-e106-4cce-9dae-6653bc14f5b7:192.168.34.44:35253, 7d635197-424b-4388-a3b7-879e3419f602:192.168.34.44:33422, 4699c8e6-8c9e-4f76-a58f-cc5ec26439f8:192.168.34.44:40513], old=null
2019-11-15 05:29:47,317 [ddd91f58-e106-4cce-9dae-6653bc14f5b7@group-E1B4EB3BE67B-LeaderElection6] INFO  impl.LeaderElection (LeaderElection.java:logAndReturn(56)) - ddd91f58-e106-4cce-9dae-6653bc14f5b7@group-E1B4EB3BE67B-LeaderElection6: Election REJECTED; received 2 response(s) [ddd91f58-e106-4cce-9dae-6653bc14f5b7<-4699c8e6-8c9e-4f76-a58f-cc5ec26439f8#0:FAIL-t1, ddd91f58-e106-4cce-9dae-6653bc14f5b7<-7d635197-424b-4388-a3b7-879e3419f602#0:FAIL-t1] and 0 exception(s); ddd91f58-e106-4cce-9dae-6653bc14f5b7@group-E1B4EB3BE67B:t1, leader=null, voted=ddd91f58-e106-4cce-9dae-6653bc14f5b7, raftlog=ddd91f58-e106-4cce-9dae-6653bc14f5b7@group-E1B4EB3BE67B-SegmentedRaftLog:OPENED:c-1,f-1,i0, conf=-1: [ddd91f58-e106-4cce-9dae-6653bc14f5b7:192.168.34.44:35253, 7d635197-424b-4388-a3b7-879e3419f602:192.168.34.44:33422, 4699c8e6-8c9e-4f76-a58f-cc5ec26439f8:192.168.34.44:40513], old=null
2019-11-15 05:29:47,317 [7d635197-424b-4388-a3b7-879e3419f602@group-E1B4EB3BE67B-LeaderElection3] INFO  impl.LeaderElection (LeaderElection.java:logAndReturn(56)) - 7d635197-424b-4388-a3b7-879e3419f602@group-E1B4EB3BE67B-LeaderElection3: Election REJECTED; received 2 response(s) [7d635197-424b-4388-a3b7-879e3419f602<-ddd91f58-e106-4cce-9dae-6653bc14f5b7#0:FAIL-t1, 7d635197-424b-4388-a3b7-879e3419f602<-4699c8e6-8c9e-4f76-a58f-cc5ec26439f8#0:FAIL-t1] and 0 exception(s); 7d635197-424b-4388-a3b7-879e3419f602@group-E1B4EB3BE67B:t1, leader=null, voted=7d635197-424b-4388-a3b7-879e3419f602, raftlog=7d635197-424b-4388-a3b7-879e3419f602@group-E1B4EB3BE67B-SegmentedRaftLog:OPENED:c-1,f-1,i0, conf=-1: [ddd91f58-e106-4cce-9dae-6653bc14f5b7:192.168.34.44:35253, 7d635197-424b-4388-a3b7-879e3419f602:192.168.34.44:33422, 4699c8e6-8c9e-4f76-a58f-cc5ec26439f8:192.168.34.44:40513], old=null
2019-11-15 05:29:47,320 [ddd91f58-e106-4cce-9dae-6653bc14f5b7@group-E1B4EB3BE67B-LeaderElection6] INFO  impl.RaftServerImpl (RaftServerImpl.java:setRole(173)) - ddd91f58-e106-4cce-9dae-6653bc14f5b7@group-E1B4EB3BE67B: changes role from CANDIDATE to FOLLOWER at term 1 for DISCOVERED_A_NEW_TERM
2019-11-15 05:29:47,321 [7d635197-424b-4388-a3b7-879e3419f602@group-E1B4EB3BE67B-LeaderElection3] INFO  impl.RaftServerImpl (RaftServerImpl.java:setRole(173)) - 7d635197-424b-4388-a3b7-879e3419f602@group-E1B4EB3BE67B: changes role from CANDIDATE to FOLLOWER at term 1 for DISCOVERED_A_NEW_TERM
2019-11-15 05:29:47,321 [ddd91f58-e106-4cce-9dae-6653bc14f5b7@group-E1B4EB3BE67B-LeaderElection6] INFO  impl.RoleInfo (RoleInfo.java:shutdownLeaderElection(134)) - ddd91f58-e106-4cce-9dae-6653bc14f5b7: shutdown LeaderElection
2019-11-15 05:29:47,320 [4699c8e6-8c9e-4f76-a58f-cc5ec26439f8@group-E1B4EB3BE67B-LeaderElection5] INFO  impl.RaftServerImpl (RaftServerImpl.java:setRole(173)) - 4699c8e6-8c9e-4f76-a58f-cc5ec26439f8@group-E1B4EB3BE67B: changes role from CANDIDATE to FOLLOWER at term 1 for DISCOVERED_A_NEW_TERM
2019-11-15 05:29:47,321 [7d635197-424b-4388-a3b7-879e3419f602@group-E1B4EB3BE67B-LeaderElection3] INFO  impl.RoleInfo (RoleInfo.java:shutdownLeaderElection(134)) - 7d635197-424b-4388-a3b7-879e3419f602: shutdown LeaderElection
2019-11-15 05:29:47,322 [ddd91f58-e106-4cce-9dae-6653bc14f5b7@group-E1B4EB3BE67B-LeaderElection6] INFO  impl.RoleInfo (RoleInfo.java:updateAndGet(143)) - ddd91f58-e106-4cce-9dae-6653bc14f5b7: start FollowerState
2019-11-15 05:29:47,322 [4699c8e6-8c9e-4f76-a58f-cc5ec26439f8@group-E1B4EB3BE67B-LeaderElection5] INFO  impl.RoleInfo (RoleInfo.java:shutdownLeaderElection(134)) - 4699c8e6-8c9e-4f76-a58f-cc5ec26439f8: shutdown LeaderElection
2019-11-15 05:29:47,322 [7d635197-424b-4388-a3b7-879e3419f602@group-E1B4EB3BE67B-LeaderElection3] INFO  impl.RoleInfo (RoleInfo.java:updateAndGet(143)) - 7d635197-424b-4388-a3b7-879e3419f602: start FollowerState
2019-11-15 05:29:47,323 [4699c8e6-8c9e-4f76-a58f-cc5ec26439f8@group-E1B4EB3BE67B-LeaderElection5] INFO  impl.RoleInfo (RoleInfo.java:updateAndGet(143)) - 4699c8e6-8c9e-4f76-a58f-cc5ec26439f8: start FollowerState
2019-11-15 05:29:47,711 [Thread-0] INFO  ozone.MiniOzoneClusterImpl (MiniOzoneClusterImpl.java:lambda$waitForClusterToBeReady$0(150)) - Nodes are ready. Got 3 of 3 DN Heartbeats.
2019-11-15 05:29:47,711 [Thread-0] INFO  ozone.MiniOzoneClusterImpl (MiniOzoneClusterImpl.java:lambda$waitForClusterToBeReady$0(153)) - Waiting for cluster to exit safe mode
2019-11-15 05:29:48,712 [Thread-0] INFO  ozone.MiniOzoneClusterImpl (MiniOzoneClusterImpl.java:lambda$waitForClusterToBeReady$0(150)) - Nodes are ready. Got 3 of 3 DN Heartbeats.
2019-11-15 05:29:48,712 [Thread-0] INFO  ozone.MiniOzoneClusterImpl (MiniOzoneClusterImpl.java:lambda$waitForClusterToBeReady$0(153)) - Waiting for cluster to exit safe mode
2019-11-15 05:29:49,712 [Thread-0] INFO  ozone.MiniOzoneClusterImpl (MiniOzoneClusterImpl.java:lambda$waitForClusterToBeReady$0(150)) - Nodes are ready. Got 3 of 3 DN Heartbeats.
2019-11-15 05:29:49,712 [Thread-0] INFO  ozone.MiniOzoneClusterImpl (MiniOzoneClusterImpl.java:lambda$waitForClusterToBeReady$0(153)) - Waiting for cluster to exit safe mode
2019-11-15 05:29:50,713 [Thread-0] INFO  ozone.MiniOzoneClusterImpl (MiniOzoneClusterImpl.java:lambda$waitForClusterToBeReady$0(150)) - Nodes are ready. Got 3 of 3 DN Heartbeats.
2019-11-15 05:29:50,714 [Thread-0] INFO  ozone.MiniOzoneClusterImpl (MiniOzoneClusterImpl.java:lambda$waitForClusterToBeReady$0(153)) - Waiting for cluster to exit safe mode
2019-11-15 05:29:51,715 [Thread-0] INFO  ozone.MiniOzoneClusterImpl (MiniOzoneClusterImpl.java:lambda$waitForClusterToBeReady$0(150)) - Nodes are ready. Got 3 of 3 DN Heartbeats.
2019-11-15 05:29:51,715 [Thread-0] INFO  ozone.MiniOzoneClusterImpl (MiniOzoneClusterImpl.java:lambda$waitForClusterToBeReady$0(153)) - Waiting for cluster to exit safe mode
2019-11-15 05:29:52,467 [Thread-210] INFO  impl.FollowerState (FollowerState.java:run(111)) - 4699c8e6-8c9e-4f76-a58f-cc5ec26439f8@group-E1B4EB3BE67B-FollowerState: change to CANDIDATE, lastRpcTime:5144ms, electionTimeout:5143ms
2019-11-15 05:29:52,467 [Thread-210] INFO  impl.RoleInfo (RoleInfo.java:shutdownFollowerState(121)) - 4699c8e6-8c9e-4f76-a58f-cc5ec26439f8: shutdown FollowerState
2019-11-15 05:29:52,467 [Thread-210] INFO  impl.RaftServerImpl (RaftServerImpl.java:setRole(173)) - 4699c8e6-8c9e-4f76-a58f-cc5ec26439f8@group-E1B4EB3BE67B: changes role from  FOLLOWER to CANDIDATE at term 1 for changeToCandidate
2019-11-15 05:29:52,467 [Thread-210] INFO  impl.RoleInfo (RoleInfo.java:updateAndGet(143)) - 4699c8e6-8c9e-4f76-a58f-cc5ec26439f8: start LeaderElection
2019-11-15 05:29:52,483 [4699c8e6-8c9e-4f76-a58f-cc5ec26439f8@group-E1B4EB3BE67B-LeaderElection7] INFO  impl.LeaderElection (LeaderElection.java:askForVotes(178)) - 4699c8e6-8c9e-4f76-a58f-cc5ec26439f8@group-E1B4EB3BE67B-LeaderElection7: begin an election at term 2 for -1: [ddd91f58-e106-4cce-9dae-6653bc14f5b7:192.168.34.44:35253, 7d635197-424b-4388-a3b7-879e3419f602:192.168.34.44:33422, 4699c8e6-8c9e-4f76-a58f-cc5ec26439f8:192.168.34.44:40513], old=null
2019-11-15 05:29:52,491 [grpc-default-executor-5] INFO  impl.RaftServerImpl (RaftServerImpl.java:setRole(173)) - 7d635197-424b-4388-a3b7-879e3419f602@group-E1B4EB3BE67B: changes role from  FOLLOWER to FOLLOWER at term 2 for recognizeCandidate:4699c8e6-8c9e-4f76-a58f-cc5ec26439f8
2019-11-15 05:29:52,491 [grpc-default-executor-1] INFO  impl.RaftServerImpl (RaftServerImpl.java:setRole(173)) - ddd91f58-e106-4cce-9dae-6653bc14f5b7@group-E1B4EB3BE67B: changes role from  FOLLOWER to FOLLOWER at term 2 for recognizeCandidate:4699c8e6-8c9e-4f76-a58f-cc5ec26439f8
2019-11-15 05:29:52,492 [grpc-default-executor-5] INFO  impl.RoleInfo (RoleInfo.java:shutdownFollowerState(121)) - 7d635197-424b-4388-a3b7-879e3419f602: shutdown FollowerState
2019-11-15 05:29:52,492 [grpc-default-executor-1] INFO  impl.RoleInfo (RoleInfo.java:shutdownFollowerState(121)) - ddd91f58-e106-4cce-9dae-6653bc14f5b7: shutdown FollowerState
2019-11-15 05:29:52,492 [Thread-209] INFO  impl.FollowerState (FollowerState.java:run(120)) - 7d635197-424b-4388-a3b7-879e3419f602@group-E1B4EB3BE67B-FollowerState was interrupted: java.lang.InterruptedException: sleep interrupted
2019-11-15 05:29:52,492 [grpc-default-executor-1] INFO  impl.RoleInfo (RoleInfo.java:updateAndGet(143)) - ddd91f58-e106-4cce-9dae-6653bc14f5b7: start FollowerState
2019-11-15 05:29:52,492 [grpc-default-executor-5] INFO  impl.RoleInfo (RoleInfo.java:updateAndGet(143)) - 7d635197-424b-4388-a3b7-879e3419f602: start FollowerState
2019-11-15 05:29:52,492 [Thread-208] INFO  impl.FollowerState (FollowerState.java:run(120)) - ddd91f58-e106-4cce-9dae-6653bc14f5b7@group-E1B4EB3BE67B-FollowerState was interrupted: java.lang.InterruptedException: sleep interrupted
2019-11-15 05:29:52,521 [4699c8e6-8c9e-4f76-a58f-cc5ec26439f8@group-E1B4EB3BE67B-LeaderElection7] INFO  impl.LeaderElection (LeaderElection.java:logAndReturn(56)) - 4699c8e6-8c9e-4f76-a58f-cc5ec26439f8@group-E1B4EB3BE67B-LeaderElection7: Election PASSED; received 1 response(s) [4699c8e6-8c9e-4f76-a58f-cc5ec26439f8<-7d635197-424b-4388-a3b7-879e3419f602#0:OK-t2] and 0 exception(s); 4699c8e6-8c9e-4f76-a58f-cc5ec26439f8@group-E1B4EB3BE67B:t2, leader=null, voted=4699c8e6-8c9e-4f76-a58f-cc5ec26439f8, raftlog=4699c8e6-8c9e-4f76-a58f-cc5ec26439f8@group-E1B4EB3BE67B-SegmentedRaftLog:OPENED:c-1,f-1,i0, conf=-1: [ddd91f58-e106-4cce-9dae-6653bc14f5b7:192.168.34.44:35253, 7d635197-424b-4388-a3b7-879e3419f602:192.168.34.44:33422, 4699c8e6-8c9e-4f76-a58f-cc5ec26439f8:192.168.34.44:40513], old=null
2019-11-15 05:29:52,521 [4699c8e6-8c9e-4f76-a58f-cc5ec26439f8@group-E1B4EB3BE67B-LeaderElection7] INFO  impl.RoleInfo (RoleInfo.java:shutdownLeaderElection(134)) - 4699c8e6-8c9e-4f76-a58f-cc5ec26439f8: shutdown LeaderElection
2019-11-15 05:29:52,522 [4699c8e6-8c9e-4f76-a58f-cc5ec26439f8@group-E1B4EB3BE67B-LeaderElection7] INFO  impl.RaftServerImpl (RaftServerImpl.java:setRole(173)) - 4699c8e6-8c9e-4f76-a58f-cc5ec26439f8@group-E1B4EB3BE67B: changes role from CANDIDATE to LEADER at term 2 for changeToLeader
2019-11-15 05:29:52,523 [4699c8e6-8c9e-4f76-a58f-cc5ec26439f8@group-E1B4EB3BE67B-LeaderElection7] INFO  ratis.XceiverServerRatis (XceiverServerRatis.java:handleLeaderChangedNotification(733)) - Leader change notification received for group: group-E1B4EB3BE67B with new leaderId: 4699c8e6-8c9e-4f76-a58f-cc5ec26439f8
2019-11-15 05:29:52,523 [4699c8e6-8c9e-4f76-a58f-cc5ec26439f8@group-E1B4EB3BE67B-LeaderElection7] INFO  impl.RaftServerImpl (ServerState.java:setLeader(255)) - 4699c8e6-8c9e-4f76-a58f-cc5ec26439f8@group-E1B4EB3BE67B: change Leader from null to 4699c8e6-8c9e-4f76-a58f-cc5ec26439f8 at term 2 for becomeLeader, leader elected after 10691ms
2019-11-15 05:29:52,524 [4699c8e6-8c9e-4f76-a58f-cc5ec26439f8@group-E1B4EB3BE67B-LeaderElection7] INFO  server.RaftServerConfigKeys (ConfUtils.java:logGet(43)) - raft.server.staging.catchup.gap = 1000 (default)
2019-11-15 05:29:52,524 [4699c8e6-8c9e-4f76-a58f-cc5ec26439f8@group-E1B4EB3BE67B-LeaderElection7] INFO  server.RaftServerConfigKeys (ConfUtils.java:logGet(43)) - raft.server.rpc.sleep.time = 25ms (default)
2019-11-15 05:29:52,524 [4699c8e6-8c9e-4f76-a58f-cc5ec26439f8@group-E1B4EB3BE67B-LeaderElection7] INFO  server.RaftServerConfigKeys (ConfUtils.java:logGet(43)) - raft.server.write.element-limit = 4096 (default)
2019-11-15 05:29:52,524 [4699c8e6-8c9e-4f76-a58f-cc5ec26439f8@group-E1B4EB3BE67B-LeaderElection7] INFO  server.RaftServerConfigKeys (ConfUtils.java:logGet(43)) - raft.server.watch.timeout = 10s (default)
2019-11-15 05:29:52,525 [4699c8e6-8c9e-4f76-a58f-cc5ec26439f8@group-E1B4EB3BE67B-LeaderElection7] INFO  server.RaftServerConfigKeys (ConfUtils.java:logGet(43)) - raft.server.watch.timeout.denomination = 1s (default)
2019-11-15 05:29:52,525 [4699c8e6-8c9e-4f76-a58f-cc5ec26439f8@group-E1B4EB3BE67B-LeaderElection7] INFO  server.RaftServerConfigKeys (ConfUtils.java:logGet(43)) - raft.server.watch.element-limit = 65536 (default)
2019-11-15 05:29:52,525 [EventQueue-PipelineReportForPipelineReportHandler] INFO  pipeline.PipelineReportHandler (PipelineReportHandler.java:processPipelineReport(113)) - Pipeline THREE PipelineID=fb6c4f7e-b5b5-4700-b757-e1b4eb3be67b reported by 4699c8e6-8c9e-4f76-a58f-cc5ec26439f8{ip: 192.168.34.44, host: pr-hdds-2492-gk4gh-2200684135, networkLocation: /default-rack, certSerialId: null}
2019-11-15 05:29:52,527 [EventQueue-PipelineReportForPipelineReportHandler] INFO  pipeline.PipelineStateManager (PipelineStateManager.java:openPipeline(132)) - Pipeline Pipeline[ Id: fb6c4f7e-b5b5-4700-b757-e1b4eb3be67b, Nodes: 7d635197-424b-4388-a3b7-879e3419f602{ip: 192.168.34.44, host: pr-hdds-2492-gk4gh-2200684135, networkLocation: /default-rack, certSerialId: null}ddd91f58-e106-4cce-9dae-6653bc14f5b7{ip: 192.168.34.44, host: pr-hdds-2492-gk4gh-2200684135, networkLocation: /default-rack, certSerialId: null}4699c8e6-8c9e-4f76-a58f-cc5ec26439f8{ip: 192.168.34.44, host: pr-hdds-2492-gk4gh-2200684135, networkLocation: /default-rack, certSerialId: null}, Type:RATIS, Factor:THREE, State:ALLOCATED] moved to OPEN state
2019-11-15 05:29:52,528 [EventQueue-OpenPipelineForOneReplicaPipelineSafeModeRule] INFO  safemode.SCMSafeModeManager (SCMSafeModeManager.java:validateSafeModeExitRules(176)) - AtleastOneDatanodeReportedRule rule is successfully validated
2019-11-15 05:29:52,528 [EventQueue-OpenPipelineForHealthyPipelineSafeModeRule] INFO  safemode.SCMSafeModeManager (HealthyPipelineSafeModeRule.java:process(132)) - SCM in safe mode. Healthy pipelines reported count is 1, required healthy pipeline reported count is 1
2019-11-15 05:29:52,529 [EventQueue-OpenPipelineForHealthyPipelineSafeModeRule] INFO  safemode.SCMSafeModeManager (SCMSafeModeManager.java:validateSafeModeExitRules(176)) - HealthyPipelineSafeModeRule rule is successfully validated
2019-11-15 05:29:52,529 [EventQueue-OpenPipelineForHealthyPipelineSafeModeRule] INFO  safemode.SCMSafeModeManager (SCMSafeModeManager.java:validateSafeModeExitRules(185)) - ScmSafeModeManager, all rules are successfully validated
2019-11-15 05:29:52,529 [EventQueue-OpenPipelineForHealthyPipelineSafeModeRule] INFO  safemode.SCMSafeModeManager (SCMSafeModeManager.java:exitSafeMode(201)) - SCM exiting safe mode.
2019-11-15 05:29:52,533 [4699c8e6-8c9e-4f76-a58f-cc5ec26439f8@group-E1B4EB3BE67B-LeaderElection7] INFO  server.RaftServerConfigKeys (ConfUtils.java:logGet(43)) - raft.server.log.appender.snapshot.chunk.size.max = 16MB (=16777216) (default)
2019-11-15 05:29:52,533 [4699c8e6-8c9e-4f76-a58f-cc5ec26439f8@group-E1B4EB3BE67B-LeaderElection7] INFO  server.RaftServerConfigKeys (ConfUtils.java:logGet(43)) - raft.server.log.appender.buffer.byte-limit = 33554432 (custom)
2019-11-15 05:29:52,534 [4699c8e6-8c9e-4f76-a58f-cc5ec26439f8@group-E1B4EB3BE67B-LeaderElection7] INFO  server.RaftServerConfigKeys (ConfUtils.java:logGet(43)) - raft.server.log.appender.buffer.element-limit = 1 (custom)
2019-11-15 05:29:52,539 [4699c8e6-8c9e-4f76-a58f-cc5ec26439f8@group-E1B4EB3BE67B-LeaderElection7] INFO  grpc.GrpcConfigKeys$Server (ConfUtils.java:logGet(43)) - raft.grpc.server.leader.outstanding.appends.max = 128 (default)
2019-11-15 05:29:52,539 [4699c8e6-8c9e-4f76-a58f-cc5ec26439f8@group-E1B4EB3BE67B-LeaderElection7] INFO  server.RaftServerConfigKeys (ConfUtils.java:logGet(43)) - raft.server.rpc.request.timeout = 3000ms (default)
2019-11-15 05:29:52,539 [4699c8e6-8c9e-4f76-a58f-cc5ec26439f8@group-E1B4EB3BE67B-LeaderElection7] INFO  server.RaftServerConfigKeys (ConfUtils.java:logGet(43)) - raft.server.log.appender.install.snapshot.enabled = false (custom)
2019-11-15 05:29:52,540 [4699c8e6-8c9e-4f76-a58f-cc5ec26439f8@group-E1B4EB3BE67B-LeaderElection7] WARN  impl.MetricRegistriesImpl (MetricRegistriesImpl.java:lambda$create$1(61)) - First MetricRegistry has been created without registering reporters. You may need to call MetricRegistries.global().addReportRegistration(...) before.
2019-11-15 05:29:52,541 [4699c8e6-8c9e-4f76-a58f-cc5ec26439f8@group-E1B4EB3BE67B-LeaderElection7] INFO  server.RaftServerConfigKeys (ConfUtils.java:logGet(43)) - raft.server.log.appender.snapshot.chunk.size.max = 16MB (=16777216) (default)
2019-11-15 05:29:52,542 [4699c8e6-8c9e-4f76-a58f-cc5ec26439f8@group-E1B4EB3BE67B-LeaderElection7] INFO  server.RaftServerConfigKeys (ConfUtils.java:logGet(43)) - raft.server.log.appender.buffer.byte-limit = 33554432 (custom)
2019-11-15 05:29:52,542 [4699c8e6-8c9e-4f76-a58f-cc5ec26439f8@group-E1B4EB3BE67B-LeaderElection7] INFO  server.RaftServerConfigKeys (ConfUtils.java:logGet(43)) - raft.server.log.appender.buffer.element-limit = 1 (custom)
2019-11-15 05:29:52,542 [4699c8e6-8c9e-4f76-a58f-cc5ec26439f8@group-E1B4EB3BE67B-LeaderElection7] INFO  grpc.GrpcConfigKeys$Server (ConfUtils.java:logGet(43)) - raft.grpc.server.leader.outstanding.appends.max = 128 (default)
2019-11-15 05:29:52,542 [4699c8e6-8c9e-4f76-a58f-cc5ec26439f8@group-E1B4EB3BE67B-LeaderElection7] INFO  server.RaftServerConfigKeys (ConfUtils.java:logGet(43)) - raft.server.rpc.request.timeout = 3000ms (default)
2019-11-15 05:29:52,542 [4699c8e6-8c9e-4f76-a58f-cc5ec26439f8@group-E1B4EB3BE67B-LeaderElection7] INFO  server.RaftServerConfigKeys (ConfUtils.java:logGet(43)) - raft.server.log.appender.install.snapshot.enabled = false (custom)
2019-11-15 05:29:52,546 [4699c8e6-8c9e-4f76-a58f-cc5ec26439f8@group-E1B4EB3BE67B-LeaderElection7] INFO  impl.RoleInfo (RoleInfo.java:updateAndGet(143)) - 4699c8e6-8c9e-4f76-a58f-cc5ec26439f8: start LeaderState
2019-11-15 05:29:52,546 [4699c8e6-8c9e-4f76-a58f-cc5ec26439f8@group-E1B4EB3BE67B-LeaderElection7] INFO  segmented.SegmentedRaftLogWorker (SegmentedRaftLogWorker.java:startLogSegment(385)) - 4699c8e6-8c9e-4f76-a58f-cc5ec26439f8@group-E1B4EB3BE67B-SegmentedRaftLogWorker: Starting segment from index:0
2019-11-15 05:29:52,547 [4699c8e6-8c9e-4f76-a58f-cc5ec26439f8@group-E1B4EB3BE67B-LeaderElection7] INFO  impl.RaftServerImpl (ServerState.java:setRaftConf(356)) - 4699c8e6-8c9e-4f76-a58f-cc5ec26439f8@group-E1B4EB3BE67B: set configuration 0: [ddd91f58-e106-4cce-9dae-6653bc14f5b7:192.168.34.44:35253, 7d635197-424b-4388-a3b7-879e3419f602:192.168.34.44:33422, 4699c8e6-8c9e-4f76-a58f-cc5ec26439f8:192.168.34.44:40513], old=null at 0
2019-11-15 05:29:52,596 [4699c8e6-8c9e-4f76-a58f-cc5ec26439f8@group-E1B4EB3BE67B-SegmentedRaftLogWorker] INFO  segmented.SegmentedRaftLogWorker (SegmentedRaftLogWorker.java:execute(576)) - 4699c8e6-8c9e-4f76-a58f-cc5ec26439f8@group-E1B4EB3BE67B-SegmentedRaftLogWorker: created new log segment /workdir/hadoop-ozone/integration-test/target/test-dir/MiniOzoneClusterImpl-99c5ca95-2193-49e7-a1bf-718a96802330/datanode-0/data/ratis/fb6c4f7e-b5b5-4700-b757-e1b4eb3be67b/current/log_inprogress_0
2019-11-15 05:29:52,600 [grpc-default-executor-5] INFO  ratis.XceiverServerRatis (XceiverServerRatis.java:handleLeaderChangedNotification(733)) - Leader change notification received for group: group-E1B4EB3BE67B with new leaderId: 4699c8e6-8c9e-4f76-a58f-cc5ec26439f8
2019-11-15 05:29:52,600 [grpc-default-executor-1] INFO  ratis.XceiverServerRatis (XceiverServerRatis.java:handleLeaderChangedNotification(733)) - Leader change notification received for group: group-E1B4EB3BE67B with new leaderId: 4699c8e6-8c9e-4f76-a58f-cc5ec26439f8
2019-11-15 05:29:52,600 [grpc-default-executor-5] INFO  impl.RaftServerImpl (ServerState.java:setLeader(255)) - 7d635197-424b-4388-a3b7-879e3419f602@group-E1B4EB3BE67B: change Leader from null to 4699c8e6-8c9e-4f76-a58f-cc5ec26439f8 at term 2 for appendEntries, leader elected after 10768ms
2019-11-15 05:29:52,600 [grpc-default-executor-1] INFO  impl.RaftServerImpl (ServerState.java:setLeader(255)) - ddd91f58-e106-4cce-9dae-6653bc14f5b7@group-E1B4EB3BE67B: change Leader from null to 4699c8e6-8c9e-4f76-a58f-cc5ec26439f8 at term 2 for appendEntries, leader elected after 10767ms
2019-11-15 05:29:52,631 [grpc-default-executor-5] INFO  impl.RaftServerImpl (ServerState.java:setRaftConf(356)) - ddd91f58-e106-4cce-9dae-6653bc14f5b7@group-E1B4EB3BE67B: set configuration 0: [ddd91f58-e106-4cce-9dae-6653bc14f5b7:192.168.34.44:35253, 7d635197-424b-4388-a3b7-879e3419f602:192.168.34.44:33422, 4699c8e6-8c9e-4f76-a58f-cc5ec26439f8:192.168.34.44:40513], old=null at 0
2019-11-15 05:29:52,631 [grpc-default-executor-1] INFO  impl.RaftServerImpl (ServerState.java:setRaftConf(356)) - 7d635197-424b-4388-a3b7-879e3419f602@group-E1B4EB3BE67B: set configuration 0: [ddd91f58-e106-4cce-9dae-6653bc14f5b7:192.168.34.44:35253, 7d635197-424b-4388-a3b7-879e3419f602:192.168.34.44:33422, 4699c8e6-8c9e-4f76-a58f-cc5ec26439f8:192.168.34.44:40513], old=null at 0
2019-11-15 05:29:52,631 [grpc-default-executor-5] INFO  segmented.SegmentedRaftLogWorker (SegmentedRaftLogWorker.java:startLogSegment(385)) - ddd91f58-e106-4cce-9dae-6653bc14f5b7@group-E1B4EB3BE67B-SegmentedRaftLogWorker: Starting segment from index:0
2019-11-15 05:29:52,631 [grpc-default-executor-1] INFO  segmented.SegmentedRaftLogWorker (SegmentedRaftLogWorker.java:startLogSegment(385)) - 7d635197-424b-4388-a3b7-879e3419f602@group-E1B4EB3BE67B-SegmentedRaftLogWorker: Starting segment from index:0
2019-11-15 05:29:52,661 [ddd91f58-e106-4cce-9dae-6653bc14f5b7@group-E1B4EB3BE67B-SegmentedRaftLogWorker] INFO  segmented.SegmentedRaftLogWorker (SegmentedRaftLogWorker.java:execute(576)) - ddd91f58-e106-4cce-9dae-6653bc14f5b7@group-E1B4EB3BE67B-SegmentedRaftLogWorker: created new log segment /workdir/hadoop-ozone/integration-test/target/test-dir/MiniOzoneClusterImpl-99c5ca95-2193-49e7-a1bf-718a96802330/datanode-1/data/ratis/fb6c4f7e-b5b5-4700-b757-e1b4eb3be67b/current/log_inprogress_0
2019-11-15 05:29:52,675 [7d635197-424b-4388-a3b7-879e3419f602@group-E1B4EB3BE67B-SegmentedRaftLogWorker] INFO  segmented.SegmentedRaftLogWorker (SegmentedRaftLogWorker.java:execute(576)) - 7d635197-424b-4388-a3b7-879e3419f602@group-E1B4EB3BE67B-SegmentedRaftLogWorker: created new log segment /workdir/hadoop-ozone/integration-test/target/test-dir/MiniOzoneClusterImpl-99c5ca95-2193-49e7-a1bf-718a96802330/datanode-2/data/ratis/fb6c4f7e-b5b5-4700-b757-e1b4eb3be67b/current/log_inprogress_0
2019-11-15 05:29:52,715 [Thread-0] INFO  ozone.MiniOzoneClusterImpl (MiniOzoneClusterImpl.java:lambda$waitForClusterToBeReady$0(150)) - Nodes are ready. Got 3 of 3 DN Heartbeats.
2019-11-15 05:29:52,715 [Thread-0] INFO  ozone.MiniOzoneClusterImpl (MiniOzoneClusterImpl.java:lambda$waitForClusterToBeReady$0(153)) - Cluster exits safe mode
2019-11-15 05:29:53,390 [Thread-0] INFO  rpc.RpcClient (RpcClient.java:createVolume(292)) - Creating Volume: volume90819, with jenkins1000 as owner.
2019-11-15 05:29:53,445 [IPC Server handler 3 on 39934] INFO  volume.OMVolumeCreateRequest (OMVolumeCreateRequest.java:validateAndUpdateCache(193)) - created volume:volume90819 for user:jenkins1000
2019-11-15 05:29:53,505 [Thread-0] INFO  ipc.Server (Server.java:stop(3082)) - Stopping server on 39934
2019-11-15 05:29:53,512 [IPC Server listener on 39934] INFO  ipc.Server (Server.java:run(1185)) - Stopping IPC Server listener on 39934
2019-11-15 05:29:53,513 [Thread-0] INFO  ratis.OzoneManagerDoubleBuffer (OzoneManagerDoubleBuffer.java:stop(261)) - Stopping OMDoubleBuffer flush thread
2019-11-15 05:29:53,515 [IPC Server Responder] INFO  ipc.Server (Server.java:run(1319)) - Stopping IPC Server Responder
2019-11-15 05:29:53,515 [OMDoubleBufferFlushThread] INFO  ratis.OzoneManagerDoubleBuffer (OzoneManagerDoubleBuffer.java:flushTransactions(199)) - OMDoubleBuffer flush thread OMDoubleBufferFlushThread is interrupted and will exit. OMDoubleBufferFlushThread
2019-11-15 05:29:53,520 [Thread-0] INFO  utils.BackgroundService (BackgroundService.java:shutdown(151)) - Shutting down service KeyDeletingService
2019-11-15 05:29:53,524 [Thread-0] INFO  handler.ContextHandler (ContextHandler.java:doStop(910)) - Stopped o.e.j.w.WebAppContext@78379748{/,null,UNAVAILABLE}{/ozoneManager}
2019-11-15 05:29:53,531 [Thread-0] INFO  server.AbstractConnector (AbstractConnector.java:doStop(318)) - Stopped ServerConnector@1d42e2a5{HTTP/1.1,[http/1.1]}{0.0.0.0:0}
2019-11-15 05:29:53,531 [Thread-0] INFO  handler.ContextHandler (ContextHandler.java:doStop(910)) - Stopped o.e.j.s.ServletContextHandler@20f92a1e{/static,file:///workdir/hadoop-ozone/integration-test/target/test-classes/webapps/static,UNAVAILABLE}
2019-11-15 05:29:53,532 [Thread-0] INFO  handler.ContextHandler (ContextHandler.java:doStop(910)) - Stopped o.e.j.s.ServletContextHandler@1d3b2117{/logs,file:///workdir/hadoop-ozone/integration-test/target/log,UNAVAILABLE}
2019-11-15 05:29:53,548 [Thread-0] INFO  om.OzoneManager (OzoneManager.java:restart(1133)) - OzoneManager RPC server is listening at localhost/127.0.0.1:39934
2019-11-15 05:29:53,549 [Thread-0] INFO  impl.MetricsSystemImpl (MetricsSystemImpl.java:init(158)) - OzoneManager metrics system started (again)
2019-11-15 05:29:53,553 [Thread-0] WARN  server.ServerUtils (ServerUtils.java:getDBPath(222)) - ozone.om.db.dirs is not configured. We recommend adding this setting. Falling back to ozone.metadata.dirs instead.
2019-11-15 05:29:53,554 [Thread-0] INFO  db.DBStoreBuilder (DBStoreBuilder.java:addTable(127)) - using custom profile for table: userTable
2019-11-15 05:29:53,554 [Thread-0] INFO  db.DBStoreBuilder (DBStoreBuilder.java:processTables(183)) - Using default column profile:DBProfile.DISK for Table:userTable
2019-11-15 05:29:53,554 [Thread-0] INFO  db.DBStoreBuilder (DBStoreBuilder.java:addTable(127)) - using custom profile for table: volumeTable
2019-11-15 05:29:53,554 [Thread-0] INFO  db.DBStoreBuilder (DBStoreBuilder.java:processTables(183)) - Using default column profile:DBProfile.DISK for Table:volumeTable
2019-11-15 05:29:53,554 [Thread-0] INFO  db.DBStoreBuilder (DBStoreBuilder.java:addTable(127)) - using custom profile for table: bucketTable
2019-11-15 05:29:53,554 [Thread-0] INFO  db.DBStoreBuilder (DBStoreBuilder.java:processTables(183)) - Using default column profile:DBProfile.DISK for Table:bucketTable
2019-11-15 05:29:53,554 [Thread-0] INFO  db.DBStoreBuilder (DBStoreBuilder.java:addTable(127)) - using custom profile for table: keyTable
2019-11-15 05:29:53,554 [Thread-0] INFO  db.DBStoreBuilder (DBStoreBuilder.java:processTables(183)) - Using default column profile:DBProfile.DISK for Table:keyTable
2019-11-15 05:29:53,555 [Thread-0] INFO  db.DBStoreBuilder (DBStoreBuilder.java:addTable(127)) - using custom profile for table: deletedTable
2019-11-15 05:29:53,555 [Thread-0] INFO  db.DBStoreBuilder (DBStoreBuilder.java:processTables(183)) - Using default column profile:DBProfile.DISK for Table:deletedTable
2019-11-15 05:29:53,555 [Thread-0] INFO  db.DBStoreBuilder (DBStoreBuilder.java:addTable(127)) - using custom profile for table: openKeyTable
2019-11-15 05:29:53,555 [Thread-0] INFO  db.DBStoreBuilder (DBStoreBuilder.java:processTables(183)) - Using default column profile:DBProfile.DISK for Table:openKeyTable
2019-11-15 05:29:53,555 [Thread-0] INFO  db.DBStoreBuilder (DBStoreBuilder.java:addTable(127)) - using custom profile for table: s3Table
2019-11-15 05:29:53,555 [Thread-0] INFO  db.DBStoreBuilder (DBStoreBuilder.java:processTables(183)) - Using default column profile:DBProfile.DISK for Table:s3Table
2019-11-15 05:29:53,555 [Thread-0] INFO  db.DBStoreBuilder (DBStoreBuilder.java:addTable(127)) - using custom profile for table: multipartInfoTable
2019-11-15 05:29:53,555 [Thread-0] INFO  db.DBStoreBuilder (DBStoreBuilder.java:processTables(183)) - Using default column profile:DBProfile.DISK for Table:multipartInfoTable
2019-11-15 05:29:53,556 [Thread-0] INFO  db.DBStoreBuilder (DBStoreBuilder.java:addTable(127)) - using custom profile for table: dTokenTable
2019-11-15 05:29:53,556 [Thread-0] INFO  db.DBStoreBuilder (DBStoreBuilder.java:processTables(183)) - Using default column profile:DBProfile.DISK for Table:dTokenTable
2019-11-15 05:29:53,556 [Thread-0] INFO  db.DBStoreBuilder (DBStoreBuilder.java:addTable(127)) - using custom profile for table: s3SecretTable
2019-11-15 05:29:53,556 [Thread-0] INFO  db.DBStoreBuilder (DBStoreBuilder.java:processTables(183)) - Using default column profile:DBProfile.DISK for Table:s3SecretTable
2019-11-15 05:29:53,556 [Thread-0] INFO  db.DBStoreBuilder (DBStoreBuilder.java:addTable(127)) - using custom profile for table: prefixTable
2019-11-15 05:29:53,556 [Thread-0] INFO  db.DBStoreBuilder (DBStoreBuilder.java:processTables(183)) - Using default column profile:DBProfile.DISK for Table:prefixTable
2019-11-15 05:29:53,556 [Thread-0] INFO  db.DBStoreBuilder (DBStoreBuilder.java:addTable(127)) - using custom profile for table: default
2019-11-15 05:29:53,556 [Thread-0] INFO  db.DBStoreBuilder (DBStoreBuilder.java:processTables(189)) - Using default column profile:DBProfile.DISK for Table:default
2019-11-15 05:29:53,557 [Thread-0] INFO  db.DBStoreBuilder (DBStoreBuilder.java:getDbProfile(220)) - Using default options. DBProfile.DISK
2019-11-15 05:29:53,955 [Thread-0] INFO  ipc.CallQueueManager (CallQueueManager.java:<init>(84)) - Using callQueue: class java.util.concurrent.LinkedBlockingQueue, queueCapacity: 2000, scheduler: class org.apache.hadoop.ipc.DefaultRpcScheduler, ipcBackoff: false.
2019-11-15 05:29:53,957 [Socket Reader #1 for port 39934] INFO  ipc.Server (Server.java:run(1074)) - Starting Socket Reader #1 for port 39934
2019-11-15 05:29:53,959 [IPC Server Responder] INFO  ipc.Server (Server.java:run(1314)) - IPC Server Responder: starting
2019-11-15 05:29:53,959 [IPC Server listener on 39934] INFO  ipc.Server (Server.java:run(1153)) - IPC Server listener on 39934: starting
2019-11-15 05:29:53,964 [Thread-0] INFO  hdfs.DFSUtil (DFSUtil.java:httpServerTemplateForNNAndJN(1641)) - Starting Web-server for ozoneManager at: http://0.0.0.0:42418
2019-11-15 05:29:53,966 [Thread-0] INFO  server.AuthenticationFilter (AuthenticationFilter.java:constructSecretProvider(240)) - Unable to initialize FileSignerSecretProvider, falling back to use random secrets.
2019-11-15 05:29:53,967 [Thread-0] WARN  http.HttpRequestLog (HttpRequestLog.java:getRequestLog(97)) - Jetty request log can only be enabled using Log4j
2019-11-15 05:29:53,968 [Thread-0] INFO  http.HttpServer2 (HttpServer2.java:addGlobalFilter(975)) - Added global filter 'safety' (class=org.apache.hadoop.http.HttpServer2$QuotingInputFilter)
2019-11-15 05:29:53,969 [Thread-0] INFO  http.HttpServer2 (HttpServer2.java:addFilter(948)) - Added filter static_user_filter (class=org.apache.hadoop.http.lib.StaticUserWebFilter$StaticUserFilter) to context ozoneManager
2019-11-15 05:29:53,969 [Thread-0] INFO  http.HttpServer2 (HttpServer2.java:addFilter(958)) - Added filter static_user_filter (class=org.apache.hadoop.http.lib.StaticUserWebFilter$StaticUserFilter) to context static
2019-11-15 05:29:53,969 [Thread-0] INFO  http.HttpServer2 (HttpServer2.java:addFilter(958)) - Added filter static_user_filter (class=org.apache.hadoop.http.lib.StaticUserWebFilter$StaticUserFilter) to context logs
2019-11-15 05:29:53,970 [Thread-0] INFO  http.HttpServer2 (HttpServer2.java:bindListener(1191)) - Jetty bound to port 42418
2019-11-15 05:29:53,970 [Thread-0] INFO  server.Server (Server.java:doStart(351)) - jetty-9.3.25.v20180904, build timestamp: 2018-09-04T21:11:46Z, git hash: 3ce520221d0240229c862b122d2b06c12a625732
2019-11-15 05:29:53,972 [Thread-0] INFO  handler.ContextHandler (ContextHandler.java:doStart(781)) - Started o.e.j.s.ServletContextHandler@347fd380{/logs,file:///workdir/hadoop-ozone/integration-test/target/log,AVAILABLE}
2019-11-15 05:29:53,972 [Thread-0] INFO  handler.ContextHandler (ContextHandler.java:doStart(781)) - Started o.e.j.s.ServletContextHandler@6c676bc3{/static,file:///workdir/hadoop-ozone/integration-test/target/test-classes/webapps/static,AVAILABLE}
2019-11-15 05:29:53,977 [Thread-0] INFO  handler.ContextHandler (ContextHandler.java:doStart(781)) - Started o.e.j.w.WebAppContext@340e5121{/,file:///workdir/hadoop-ozone/integration-test/target/test-classes/webapps/ozoneManager/,AVAILABLE}{/ozoneManager}
2019-11-15 05:29:53,977 [Thread-0] INFO  server.AbstractConnector (AbstractConnector.java:doStart(278)) - Started ServerConnector@64c53d2a{HTTP/1.1,[http/1.1]}{0.0.0.0:42418}
2019-11-15 05:29:53,978 [Thread-0] INFO  server.Server (Server.java:doStart(419)) - Started @47870ms
2019-11-15 05:29:53,979 [Thread-0] WARN  impl.MetricsSystemImpl (MetricsSystemImpl.java:register(276)) - Sink prometheus already exists!
2019-11-15 05:29:53,980 [Thread-0] INFO  server.BaseHttpServer (BaseHttpServer.java:updateConnectorAddress(215)) - HTTP server of OZONEMANAGER is listening at http://0.0.0.0:42418
2019-11-15 05:29:53,980 [Thread-0] INFO  server.StorageContainerManager (StorageContainerManager.java:stop(803)) - Stopping Replication Manager Service.
2019-11-15 05:29:53,980 [org.apache.hadoop.util.JvmPauseMonitor$Monitor@5a9931a7] INFO  util.JvmPauseMonitor (JvmPauseMonitor.java:run(188)) - Starting JVM pause monitor
2019-11-15 05:29:53,981 [Thread-0] INFO  container.ReplicationManager (ReplicationManager.java:stop(209)) - Replication Monitor Thread is not running.
2019-11-15 05:29:53,981 [Thread-0] INFO  server.StorageContainerManager (StorageContainerManager.java:stop(810)) - Stopping Lease Manager of the command watchers
2019-11-15 05:29:53,981 [Thread-0] INFO  server.StorageContainerManager (StorageContainerManager.java:stop(817)) - Stopping datanode service RPC server
2019-11-15 05:29:53,981 [Thread-0] INFO  server.SCMDatanodeProtocolServer (SCMDatanodeProtocolServer.java:stop(366)) - Stopping the RPC server for DataNodes
2019-11-15 05:29:53,981 [Thread-0] INFO  ipc.Server (Server.java:stop(3082)) - Stopping server on 36429
2019-11-15 05:29:53,983 [IPC Server listener on 36429] INFO  ipc.Server (Server.java:run(1185)) - Stopping IPC Server listener on 36429
2019-11-15 05:29:53,983 [IPC Server Responder] INFO  ipc.Server (Server.java:run(1319)) - Stopping IPC Server Responder
2019-11-15 05:29:54,040 [SCM Heartbeat Processing Thread - 0] WARN  node.NodeStateManager (NodeStateManager.java:scheduleNextHealthCheck(646)) - Current Thread is interrupted, shutting down HB processing thread for Node Manager.
2019-11-15 05:29:54,040 [Thread-0] INFO  server.StorageContainerManager (StorageContainerManager.java:stop(825)) - Stopping block service RPC server
2019-11-15 05:29:54,041 [Thread-0] INFO  server.SCMBlockProtocolServer (SCMBlockProtocolServer.java:stop(155)) - Stopping the RPC server for Block Protocol
2019-11-15 05:29:54,041 [Thread-0] INFO  ipc.Server (Server.java:stop(3082)) - Stopping server on 35817
2019-11-15 05:29:54,043 [IPC Server listener on 35817] INFO  ipc.Server (Server.java:run(1185)) - Stopping IPC Server listener on 35817
2019-11-15 05:29:54,043 [Thread-0] INFO  server.StorageContainerManager (StorageContainerManager.java:stop(832)) - Stopping the StorageContainerLocationProtocol RPC server
2019-11-15 05:29:54,044 [Thread-0] INFO  server.SCMClientProtocolServer (SCMClientProtocolServer.java:stop(169)) - Stopping the RPC server for Client Protocol
2019-11-15 05:29:54,044 [IPC Server Responder] INFO  ipc.Server (Server.java:run(1319)) - Stopping IPC Server Responder
2019-11-15 05:29:54,044 [Thread-0] INFO  ipc.Server (Server.java:stop(3082)) - Stopping server on 35147
2019-11-15 05:29:54,045 [IPC Server listener on 35147] INFO  ipc.Server (Server.java:run(1185)) - Stopping IPC Server listener on 35147
2019-11-15 05:29:54,046 [IPC Server Responder] INFO  ipc.Server (Server.java:run(1319)) - Stopping IPC Server Responder
2019-11-15 05:29:54,045 [Thread-0] INFO  server.StorageContainerManager (StorageContainerManager.java:stop(839)) - Stopping Storage Container Manager HTTP server.
2019-11-15 05:29:54,047 [Thread-0] INFO  handler.ContextHandler (ContextHandler.java:doStop(910)) - Stopped o.e.j.w.WebAppContext@220920f8{/,null,UNAVAILABLE}{/scm}
2019-11-15 05:29:54,048 [Thread-0] INFO  server.AbstractConnector (AbstractConnector.java:doStop(318)) - Stopped ServerConnector@2df06c33{HTTP/1.1,[http/1.1]}{0.0.0.0:0}
2019-11-15 05:29:54,048 [Thread-0] INFO  handler.ContextHandler (ContextHandler.java:doStop(910)) - Stopped o.e.j.s.ServletContextHandler@42712cff{/static,file:///workdir/hadoop-ozone/integration-test/target/test-classes/webapps/static,UNAVAILABLE}
2019-11-15 05:29:54,049 [Thread-0] INFO  handler.ContextHandler (ContextHandler.java:doStop(910)) - Stopped o.e.j.s.ServletContextHandler@302f4011{/logs,file:///workdir/hadoop-ozone/integration-test/target/log,UNAVAILABLE}
2019-11-15 05:29:54,050 [Thread-0] INFO  server.StorageContainerManager (StorageContainerManager.java:stop(850)) - Stopping Block Manager Service.
2019-11-15 05:29:54,050 [Thread-0] INFO  utils.BackgroundService (BackgroundService.java:shutdown(151)) - Shutting down service SCMBlockDeletingService
2019-11-15 05:29:54,050 [Thread-0] INFO  utils.BackgroundService (BackgroundService.java:shutdown(151)) - Shutting down service SCMBlockDeletingService
2019-11-15 05:29:54,051 [Thread-0] INFO  server.StorageContainerManager (StorageContainerManager.java:stop(872)) - Stopping SCM Event Queue.
2019-11-15 05:29:54,058 [Thread-0] INFO  impl.MetricsSystemImpl (MetricsSystemImpl.java:stop(210)) - Stopping OzoneManager metrics system...
2019-11-15 05:29:54,063 [prometheus] INFO  impl.MetricsSinkAdapter (MetricsSinkAdapter.java:publishMetricsFromQueue(141)) - prometheus thread interrupted.
2019-11-15 05:29:54,064 [Thread-0] INFO  impl.MetricsSystemImpl (MetricsSystemImpl.java:stop(216)) - OzoneManager metrics system stopped.
2019-11-15 05:29:54,064 [Thread-0] WARN  server.ServerUtils (ServerUtils.java:getScmDbDir(145)) - ozone.scm.db.dirs is not configured. We recommend adding this setting. Falling back to ozone.metadata.dirs instead.
2019-11-15 05:29:54,065 [Thread-0] WARN  server.ServerUtils (ServerUtils.java:getScmDbDir(145)) - ozone.scm.db.dirs is not configured. We recommend adding this setting. Falling back to ozone.metadata.dirs instead.
2019-11-15 05:29:54,065 [Thread-0] INFO  db.DBStoreBuilder (DBStoreBuilder.java:addTable(127)) - using custom profile for table: deletedBlocks
2019-11-15 05:29:54,065 [Thread-0] INFO  db.DBStoreBuilder (DBStoreBuilder.java:processTables(183)) - Using default column profile:DBProfile.DISK for Table:deletedBlocks
2019-11-15 05:29:54,065 [Thread-0] INFO  db.DBStoreBuilder (DBStoreBuilder.java:addTable(127)) - using custom profile for table: validCerts
2019-11-15 05:29:54,066 [Thread-0] INFO  db.DBStoreBuilder (DBStoreBuilder.java:processTables(183)) - Using default column profile:DBProfile.DISK for Table:validCerts
2019-11-15 05:29:54,066 [Thread-0] INFO  db.DBStoreBuilder (DBStoreBuilder.java:addTable(127)) - using custom profile for table: revokedCerts
2019-11-15 05:29:54,066 [Thread-0] INFO  db.DBStoreBuilder (DBStoreBuilder.java:processTables(183)) - Using default column profile:DBProfile.DISK for Table:revokedCerts
2019-11-15 05:29:54,066 [Thread-0] INFO  db.DBStoreBuilder (DBStoreBuilder.java:addTable(127)) - using custom profile for table: default
2019-11-15 05:29:54,066 [Thread-0] INFO  db.DBStoreBuilder (DBStoreBuilder.java:processTables(189)) - Using default column profile:DBProfile.DISK for Table:default
2019-11-15 05:29:54,066 [Thread-0] INFO  db.DBStoreBuilder (DBStoreBuilder.java:getDbProfile(220)) - Using default options. DBProfile.DISK
2019-11-15 05:29:54,185 [Thread-0] INFO  net.NodeSchemaLoader (NodeSchemaLoader.java:loadSchemaFromFile(125)) - Loading file from sun.misc.CompoundEnumeration@420d9a3f
2019-11-15 05:29:54,185 [Thread-0] INFO  net.NodeSchemaLoader (NodeSchemaLoader.java:loadSchema(171)) - Loading network topology layer schema file
2019-11-15 05:29:54,189 [Thread-0] WARN  server.ServerUtils (ServerUtils.java:sanitizeUserArgs(70)) - ozone.scm.stale.node.interval value = 300000 is larger than max = 100000 based on the key value of ozone.scm.heartbeat.thread.interval, reset to the max value 100000.
2019-11-15 05:29:54,189 [Thread-0] WARN  server.ServerUtils (ServerUtils.java:sanitizeUserArgs(70)) - ozone.scm.stale.node.interval value = 300000 is larger than max = 100000 based on the key value of ozone.scm.heartbeat.thread.interval, reset to the max value 100000.
2019-11-15 05:29:54,190 [Thread-0] INFO  node.SCMNodeManager (SCMNodeManager.java:<init>(116)) - Entering startup safe mode.
2019-11-15 05:29:54,190 [Thread-0] INFO  algorithms.ContainerPlacementPolicyFactory (ContainerPlacementPolicyFactory.java:getPolicy(57)) - Create container placement policy of type org.apache.hadoop.hdds.scm.container.placement.algorithms.SCMContainerPlacementRandom
2019-11-15 05:29:54,191 [Thread-0] WARN  server.ServerUtils (ServerUtils.java:getScmDbDir(145)) - ozone.scm.db.dirs is not configured. We recommend adding this setting. Falling back to ozone.metadata.dirs instead.
2019-11-15 05:29:54,270 [Thread-0] INFO  pipeline.PipelineStateManager (PipelineStateManager.java:addPipeline(55)) - Created pipeline Pipeline[ Id: 12567fab-9043-4dd3-ac5b-c1b17d650937, Nodes: 7d635197-424b-4388-a3b7-879e3419f602{ip: 192.168.34.44, host: pr-hdds-2492-gk4gh-2200684135, networkLocation: /default-rack, certSerialId: null}, Type:RATIS, Factor:ONE, State:ALLOCATED]
2019-11-15 05:29:54,271 [Thread-0] INFO  pipeline.PipelineStateManager (PipelineStateManager.java:addPipeline(55)) - Created pipeline Pipeline[ Id: 773f0253-3210-47a6-996e-b6414fc87655, Nodes: ddd91f58-e106-4cce-9dae-6653bc14f5b7{ip: 192.168.34.44, host: pr-hdds-2492-gk4gh-2200684135, networkLocation: /default-rack, certSerialId: null}, Type:RATIS, Factor:ONE, State:ALLOCATED]
2019-11-15 05:29:54,272 [Thread-0] INFO  pipeline.PipelineStateManager (PipelineStateManager.java:addPipeline(55)) - Created pipeline Pipeline[ Id: 8b713e39-950c-47da-861d-92b8b86d3303, Nodes: 4699c8e6-8c9e-4f76-a58f-cc5ec26439f8{ip: 192.168.34.44, host: pr-hdds-2492-gk4gh-2200684135, networkLocation: /default-rack, certSerialId: null}, Type:RATIS, Factor:ONE, State:ALLOCATED]
2019-11-15 05:29:54,272 [Thread-0] INFO  pipeline.PipelineStateManager (PipelineStateManager.java:addPipeline(55)) - Created pipeline Pipeline[ Id: fb6c4f7e-b5b5-4700-b757-e1b4eb3be67b, Nodes: 7d635197-424b-4388-a3b7-879e3419f602{ip: 192.168.34.44, host: pr-hdds-2492-gk4gh-2200684135, networkLocation: /default-rack, certSerialId: null}ddd91f58-e106-4cce-9dae-6653bc14f5b7{ip: 192.168.34.44, host: pr-hdds-2492-gk4gh-2200684135, networkLocation: /default-rack, certSerialId: null}4699c8e6-8c9e-4f76-a58f-cc5ec26439f8{ip: 192.168.34.44, host: pr-hdds-2492-gk4gh-2200684135, networkLocation: /default-rack, certSerialId: null}, Type:RATIS, Factor:THREE, State:ALLOCATED]
2019-11-15 05:29:54,272 [Thread-0] WARN  server.ServerUtils (ServerUtils.java:getScmDbDir(145)) - ozone.scm.db.dirs is not configured. We recommend adding this setting. Falling back to ozone.metadata.dirs instead.
2019-11-15 05:29:54,310 [Thread-0] INFO  safemode.HealthyPipelineSafeModeRule (HealthyPipelineSafeModeRule.java:<init>(92)) -  Total pipeline count is 1, healthy pipeline threshold count is 1
2019-11-15 05:29:54,311 [Thread-0] INFO  safemode.OneReplicaPipelineSafeModeRule (OneReplicaPipelineSafeModeRule.java:<init>(79)) - Total pipeline count is 1, pipeline's with at least one datanode reported threshold count is 1
2019-11-15 05:29:54,311 [Thread-0] WARN  events.EventQueue (EventQueue.java:fireEvent(183)) - No event handler registered for event TypedEvent{payloadType=SafeModeStatus, name='SafeModeStatus'}
2019-11-15 05:29:54,312 [Thread-0] INFO  ipc.CallQueueManager (CallQueueManager.java:<init>(84)) - Using callQueue: class java.util.concurrent.LinkedBlockingQueue, queueCapacity: 2000, scheduler: class org.apache.hadoop.ipc.DefaultRpcScheduler, ipcBackoff: false.
2019-11-15 05:29:54,312 [Socket Reader #1 for port 36429] INFO  ipc.Server (Server.java:run(1074)) - Starting Socket Reader #1 for port 36429
2019-11-15 05:29:54,315 [Thread-0] INFO  ipc.CallQueueManager (CallQueueManager.java:<init>(84)) - Using callQueue: class java.util.concurrent.LinkedBlockingQueue, queueCapacity: 2000, scheduler: class org.apache.hadoop.ipc.DefaultRpcScheduler, ipcBackoff: false.
2019-11-15 05:29:54,315 [Socket Reader #1 for port 35817] INFO  ipc.Server (Server.java:run(1074)) - Starting Socket Reader #1 for port 35817
2019-11-15 05:29:54,317 [Thread-0] INFO  ipc.CallQueueManager (CallQueueManager.java:<init>(84)) - Using callQueue: class java.util.concurrent.LinkedBlockingQueue, queueCapacity: 2000, scheduler: class org.apache.hadoop.ipc.DefaultRpcScheduler, ipcBackoff: false.
2019-11-15 05:29:54,317 [Socket Reader #1 for port 35147] INFO  ipc.Server (Server.java:run(1074)) - Starting Socket Reader #1 for port 35147
2019-11-15 05:29:54,319 [Thread-0] INFO  hdfs.DFSUtil (DFSUtil.java:httpServerTemplateForNNAndJN(1641)) - Starting Web-server for scm at: http://0.0.0.0:32927
2019-11-15 05:29:54,322 [Thread-0] INFO  server.AuthenticationFilter (AuthenticationFilter.java:constructSecretProvider(240)) - Unable to initialize FileSignerSecretProvider, falling back to use random secrets.
2019-11-15 05:29:54,323 [Thread-0] WARN  http.HttpRequestLog (HttpRequestLog.java:getRequestLog(97)) - Jetty request log can only be enabled using Log4j
2019-11-15 05:29:54,325 [Thread-0] INFO  http.HttpServer2 (HttpServer2.java:addGlobalFilter(975)) - Added global filter 'safety' (class=org.apache.hadoop.http.HttpServer2$QuotingInputFilter)
2019-11-15 05:29:54,326 [Thread-0] INFO  http.HttpServer2 (HttpServer2.java:addFilter(948)) - Added filter static_user_filter (class=org.apache.hadoop.http.lib.StaticUserWebFilter$StaticUserFilter) to context scm
2019-11-15 05:29:54,327 [Thread-0] INFO  http.HttpServer2 (HttpServer2.java:addFilter(958)) - Added filter static_user_filter (class=org.apache.hadoop.http.lib.StaticUserWebFilter$StaticUserFilter) to context logs
2019-11-15 05:29:54,327 [Thread-0] INFO  http.HttpServer2 (HttpServer2.java:addFilter(958)) - Added filter static_user_filter (class=org.apache.hadoop.http.lib.StaticUserWebFilter$StaticUserFilter) to context static
2019-11-15 05:29:54,331 [Thread-0] INFO  server.StorageContainerManager (StorageContainerManager.java:start(765)) - StorageContainerLocationProtocol RPC server is listening at /0.0.0.0:35147
2019-11-15 05:29:54,333 [Thread-0] WARN  impl.MetricsConfig (MetricsConfig.java:loadFirst(134)) - Cannot locate configuration: tried hadoop-metrics2-storagecontainermanager.properties,hadoop-metrics2.properties
2019-11-15 05:29:54,335 [Thread-0] INFO  impl.MetricsSystemImpl (MetricsSystemImpl.java:startTimer(374)) - Scheduled Metric snapshot period at 10 second(s).
2019-11-15 05:29:54,335 [Thread-0] INFO  impl.MetricsSystemImpl (MetricsSystemImpl.java:start(191)) - StorageContainerManager metrics system started
2019-11-15 05:29:54,353 [Thread-0] WARN  impl.MetricsSystemImpl (MetricsSystemImpl.java:register(276)) - Sink prometheus already exists!
2019-11-15 05:29:54,383 [Thread-0] INFO  server.SCMClientProtocolServer (SCMClientProtocolServer.java:start(160)) - RPC server for Client  is listening at /0.0.0.0:35147
2019-11-15 05:29:54,384 [IPC Server Responder] INFO  ipc.Server (Server.java:run(1314)) - IPC Server Responder: starting
2019-11-15 05:29:54,384 [IPC Server listener on 35147] INFO  ipc.Server (Server.java:run(1153)) - IPC Server listener on 35147: starting
2019-11-15 05:29:54,388 [Thread-0] INFO  server.StorageContainerManager (StorageContainerManager.java:start(775)) - ScmBlockLocationProtocol RPC server is listening at /0.0.0.0:35817
2019-11-15 05:29:54,388 [Thread-0] INFO  server.SCMBlockProtocolServer (SCMBlockProtocolServer.java:start(146)) - RPC server for Block Protocol is listening at /0.0.0.0:35817
2019-11-15 05:29:54,388 [IPC Server Responder] INFO  ipc.Server (Server.java:run(1314)) - IPC Server Responder: starting
2019-11-15 05:29:54,389 [IPC Server listener on 35817] INFO  ipc.Server (Server.java:run(1153)) - IPC Server listener on 35817: starting
2019-11-15 05:29:54,392 [Thread-0] INFO  server.StorageContainerManager (StorageContainerManager.java:start(779)) - ScmDatanodeProtocl RPC server is listening at /0.0.0.0:36429
2019-11-15 05:29:54,392 [Thread-0] INFO  server.SCMDatanodeProtocolServer (SCMDatanodeProtocolServer.java:start(177)) - RPC server for DataNodes is listening at /0.0.0.0:36429
2019-11-15 05:29:54,392 [IPC Server Responder] INFO  ipc.Server (Server.java:run(1314)) - IPC Server Responder: starting
2019-11-15 05:29:54,393 [IPC Server listener on 36429] INFO  ipc.Server (Server.java:run(1153)) - IPC Server listener on 36429: starting
2019-11-15 05:29:54,396 [Thread-0] INFO  http.HttpServer2 (HttpServer2.java:bindListener(1191)) - Jetty bound to port 32927
2019-11-15 05:29:54,396 [Thread-0] INFO  server.Server (Server.java:doStart(351)) - jetty-9.3.25.v20180904, build timestamp: 2018-09-04T21:11:46Z, git hash: 3ce520221d0240229c862b122d2b06c12a625732
2019-11-15 05:29:54,399 [Thread-0] INFO  handler.ContextHandler (ContextHandler.java:doStart(781)) - Started o.e.j.s.ServletContextHandler@44e0667{/logs,file:///workdir/hadoop-ozone/integration-test/target/log,AVAILABLE}
2019-11-15 05:29:54,399 [Thread-0] INFO  handler.ContextHandler (ContextHandler.java:doStart(781)) - Started o.e.j.s.ServletContextHandler@39e91237{/static,file:///workdir/hadoop-ozone/integration-test/target/test-classes/webapps/static,AVAILABLE}
2019-11-15 05:29:54,405 [Thread-0] INFO  handler.ContextHandler (ContextHandler.java:doStart(781)) - Started o.e.j.w.WebAppContext@7f972591{/,file:///workdir/hadoop-ozone/integration-test/target/test-classes/webapps/scm/,AVAILABLE}{/scm}
2019-11-15 05:29:54,405 [Thread-0] INFO  server.AbstractConnector (AbstractConnector.java:doStart(278)) - Started ServerConnector@44fa6313{HTTP/1.1,[http/1.1]}{0.0.0.0:32927}
2019-11-15 05:29:54,406 [Thread-0] INFO  server.Server (Server.java:doStart(419)) - Started @48298ms
2019-11-15 05:29:54,407 [Thread-0] WARN  impl.MetricsSystemImpl (MetricsSystemImpl.java:register(276)) - Sink prometheus already exists!
2019-11-15 05:29:54,408 [Thread-0] INFO  server.BaseHttpServer (BaseHttpServer.java:updateConnectorAddress(215)) - HTTP server of SCM is listening at http://0.0.0.0:32927
2019-11-15 05:29:54,408 [Thread-0] INFO  ozone.MiniOzoneClusterImpl (MiniOzoneClusterImpl.java:lambda$waitForClusterToBeReady$0(150)) - Waiting for nodes to be ready. Got 0 of 3 DN Heartbeats.
2019-11-15 05:29:54,409 [org.apache.hadoop.util.JvmPauseMonitor$Monitor@47976052] INFO  util.JvmPauseMonitor (JvmPauseMonitor.java:run(188)) - Starting JVM pause monitor
2019-11-15 05:29:54,409 [Thread-0] INFO  ozone.MiniOzoneClusterImpl (MiniOzoneClusterImpl.java:lambda$waitForClusterToBeReady$0(153)) - Waiting for cluster to exit safe mode
2019-11-15 05:29:54,528 [Datanode State Machine Thread - 1] ERROR statemachine.EndpointStateMachine (EndpointStateMachine.java:logIfNeeded(204)) - Unable to communicate to SCM server at 0.0.0.0:36429 for past 0 seconds.
java.io.EOFException: End of File Exception between local host is: "pr-hdds-2492-gk4gh-2200684135/192.168.34.44"; destination host is: "0.0.0.0":36429; : java.io.EOFException; For more details see:  http://wiki.apache.org/hadoop/EOFException
	at sun.reflect.NativeConstructorAccessorImpl.newInstance0(Native Method)
	at sun.reflect.NativeConstructorAccessorImpl.newInstance(NativeConstructorAccessorImpl.java:62)
	at sun.reflect.DelegatingConstructorAccessorImpl.newInstance(DelegatingConstructorAccessorImpl.java:45)
	at java.lang.reflect.Constructor.newInstance(Constructor.java:423)
	at org.apache.hadoop.net.NetUtils.wrapWithMessage(NetUtils.java:831)
	at org.apache.hadoop.net.NetUtils.wrapException(NetUtils.java:789)
	at org.apache.hadoop.ipc.Client.getRpcResponse(Client.java:1515)
	at org.apache.hadoop.ipc.Client.call(Client.java:1457)
	at org.apache.hadoop.ipc.Client.call(Client.java:1367)
	at org.apache.hadoop.ipc.ProtobufRpcEngine$Invoker.invoke(ProtobufRpcEngine.java:228)
	at org.apache.hadoop.ipc.ProtobufRpcEngine$Invoker.invoke(ProtobufRpcEngine.java:116)
	at com.sun.proxy.$Proxy34.submitRequest(Unknown Source)
	at org.apache.hadoop.ozone.protocolPB.StorageContainerDatanodeProtocolClientSideTranslatorPB.submitRequest(StorageContainerDatanodeProtocolClientSideTranslatorPB.java:116)
	at org.apache.hadoop.ozone.protocolPB.StorageContainerDatanodeProtocolClientSideTranslatorPB.sendHeartbeat(StorageContainerDatanodeProtocolClientSideTranslatorPB.java:148)
	at org.apache.hadoop.ozone.container.common.states.endpoint.HeartbeatEndpointTask.call(HeartbeatEndpointTask.java:145)
	at org.apache.hadoop.ozone.container.common.states.endpoint.HeartbeatEndpointTask.call(HeartbeatEndpointTask.java:76)
	at java.util.concurrent.FutureTask.run(FutureTask.java:266)
	at java.util.concurrent.Executors$RunnableAdapter.call(Executors.java:511)
	at java.util.concurrent.FutureTask.run(FutureTask.java:266)
	at java.util.concurrent.ThreadPoolExecutor.runWorker(ThreadPoolExecutor.java:1149)
	at java.util.concurrent.ThreadPoolExecutor$Worker.run(ThreadPoolExecutor.java:624)
	at java.lang.Thread.run(Thread.java:748)
Caused by: java.io.EOFException
	at java.io.DataInputStream.readInt(DataInputStream.java:392)
	at org.apache.hadoop.ipc.Client$IpcStreams.readResponse(Client.java:1816)
	at org.apache.hadoop.ipc.Client$Connection.receiveRpcResponse(Client.java:1173)
	at org.apache.hadoop.ipc.Client$Connection.run(Client.java:1069)
2019-11-15 05:29:54,892 [IPC Server handler 0 on 36429] INFO  server.SCMDatanodeHeartbeatDispatcher (SCMDatanodeHeartbeatDispatcher.java:dispatch(96)) - SCM received heartbeat from an unregistered datanode ddd91f58-e106-4cce-9dae-6653bc14f5b7{ip: 192.168.34.44, host: pr-hdds-2492-gk4gh-2200684135, networkLocation: /default-rack, certSerialId: null}. Asking datanode to re-register.
2019-11-15 05:29:54,911 [IPC Server handler 1 on 36429] INFO  server.SCMDatanodeHeartbeatDispatcher (SCMDatanodeHeartbeatDispatcher.java:dispatch(96)) - SCM received heartbeat from an unregistered datanode 7d635197-424b-4388-a3b7-879e3419f602{ip: 192.168.34.44, host: pr-hdds-2492-gk4gh-2200684135, networkLocation: /default-rack, certSerialId: null}. Asking datanode to re-register.
2019-11-15 05:29:55,409 [Thread-0] INFO  ozone.MiniOzoneClusterImpl (MiniOzoneClusterImpl.java:lambda$waitForClusterToBeReady$0(150)) - Waiting for nodes to be ready. Got 0 of 3 DN Heartbeats.
2019-11-15 05:29:55,409 [Thread-0] INFO  ozone.MiniOzoneClusterImpl (MiniOzoneClusterImpl.java:lambda$waitForClusterToBeReady$0(153)) - Waiting for cluster to exit safe mode
2019-11-15 05:29:55,525 [IPC Server handler 0 on 36429] INFO  server.SCMDatanodeHeartbeatDispatcher (SCMDatanodeHeartbeatDispatcher.java:dispatch(96)) - SCM received heartbeat from an unregistered datanode 4699c8e6-8c9e-4f76-a58f-cc5ec26439f8{ip: 192.168.34.44, host: pr-hdds-2492-gk4gh-2200684135, networkLocation: /default-rack, certSerialId: null}. Asking datanode to re-register.
2019-11-15 05:29:55,539 [Thread-218] INFO  container.ReplicationManager (ReplicationManager.java:start(162)) - Starting Replication Monitor Thread.
2019-11-15 05:29:55,541 [ReplicationMonitor] INFO  container.ReplicationManager (ReplicationManager.java:run(225)) - Replication Monitor Thread took 0 milliseconds for processing 0 containers.
2019-11-15 05:29:55,890 [IPC Server handler 1 on 36429] INFO  net.NetworkTopology (NetworkTopologyImpl.java:add(111)) - Added a new node: /default-rack/ddd91f58-e106-4cce-9dae-6653bc14f5b7
2019-11-15 05:29:55,890 [IPC Server handler 1 on 36429] INFO  node.SCMNodeManager (SCMNodeManager.java:register(267)) - Registered Data node : ddd91f58-e106-4cce-9dae-6653bc14f5b7{ip: 192.168.34.44, host: pr-hdds-2492-gk4gh-2200684135, networkLocation: /default-rack, certSerialId: null}
2019-11-15 05:29:55,892 [EventQueue-NodeRegistrationContainerReportForContainerSafeModeRule] INFO  safemode.SCMSafeModeManager (SCMSafeModeManager.java:validateSafeModeExitRules(176)) - ContainerSafeModeRule rule is successfully validated
2019-11-15 05:29:55,892 [EventQueue-NodeRegistrationContainerReportForDataNodeSafeModeRule] INFO  safemode.SCMSafeModeManager (DataNodeSafeModeRule.java:process(71)) - SCM in safe mode. 1 DataNodes registered, 1 required.
2019-11-15 05:29:55,893 [EventQueue-NodeRegistrationContainerReportForDataNodeSafeModeRule] INFO  safemode.SCMSafeModeManager (SCMSafeModeManager.java:validateSafeModeExitRules(176)) - DataNodeSafeModeRule rule is successfully validated
2019-11-15 05:29:55,892 [EventQueue-PipelineReportForPipelineReportHandler] INFO  pipeline.PipelineReportHandler (PipelineReportHandler.java:processPipelineReport(113)) - Pipeline THREE PipelineID=fb6c4f7e-b5b5-4700-b757-e1b4eb3be67b reported by ddd91f58-e106-4cce-9dae-6653bc14f5b7{ip: 192.168.34.44, host: pr-hdds-2492-gk4gh-2200684135, networkLocation: /default-rack, certSerialId: null}
2019-11-15 05:29:55,893 [EventQueue-PipelineReportForPipelineReportHandler] INFO  pipeline.PipelineReportHandler (PipelineReportHandler.java:processPipelineReport(113)) - Pipeline ONE PipelineID=773f0253-3210-47a6-996e-b6414fc87655 reported by ddd91f58-e106-4cce-9dae-6653bc14f5b7{ip: 192.168.34.44, host: pr-hdds-2492-gk4gh-2200684135, networkLocation: /default-rack, certSerialId: null}
2019-11-15 05:29:55,893 [EventQueue-PipelineReportForPipelineReportHandler] INFO  pipeline.PipelineStateManager (PipelineStateManager.java:openPipeline(132)) - Pipeline Pipeline[ Id: 773f0253-3210-47a6-996e-b6414fc87655, Nodes: ddd91f58-e106-4cce-9dae-6653bc14f5b7{ip: 192.168.34.44, host: pr-hdds-2492-gk4gh-2200684135, networkLocation: /default-rack, certSerialId: null}, Type:RATIS, Factor:ONE, State:ALLOCATED] moved to OPEN state
2019-11-15 05:29:55,894 [EventQueue-OpenPipelineForHealthyPipelineSafeModeRule] INFO  safemode.SCMSafeModeManager (HealthyPipelineSafeModeRule.java:process(132)) - SCM in safe mode. Healthy pipelines reported count is 0, required healthy pipeline reported count is 1
2019-11-15 05:29:55,895 [EventQueue-OpenPipelineForOneReplicaPipelineSafeModeRule] INFO  safemode.SCMSafeModeManager (OneReplicaPipelineSafeModeRule.java:process(115)) - SCM in safe mode. Pipelines with at least one datanode reported count is 0, required at least one datanode reported per pipeline count is 1
2019-11-15 05:29:55,911 [IPC Server handler 2 on 36429] INFO  net.NetworkTopology (NetworkTopologyImpl.java:add(111)) - Added a new node: /default-rack/7d635197-424b-4388-a3b7-879e3419f602
2019-11-15 05:29:55,911 [IPC Server handler 2 on 36429] INFO  node.SCMNodeManager (SCMNodeManager.java:register(267)) - Registered Data node : 7d635197-424b-4388-a3b7-879e3419f602{ip: 192.168.34.44, host: pr-hdds-2492-gk4gh-2200684135, networkLocation: /default-rack, certSerialId: null}
2019-11-15 05:29:55,911 [EventQueue-NodeRegistrationContainerReportForContainerSafeModeRule] INFO  safemode.SCMSafeModeManager (SCMSafeModeManager.java:validateSafeModeExitRules(176)) - ContainerSafeModeRule rule is successfully validated
2019-11-15 05:29:55,912 [EventQueue-NodeRegistrationContainerReportForDataNodeSafeModeRule] INFO  safemode.SCMSafeModeManager (SCMSafeModeManager.java:validateSafeModeExitRules(176)) - DataNodeSafeModeRule rule is successfully validated
2019-11-15 05:29:55,912 [EventQueue-PipelineReportForPipelineReportHandler] INFO  pipeline.PipelineReportHandler (PipelineReportHandler.java:processPipelineReport(113)) - Pipeline THREE PipelineID=fb6c4f7e-b5b5-4700-b757-e1b4eb3be67b reported by 7d635197-424b-4388-a3b7-879e3419f602{ip: 192.168.34.44, host: pr-hdds-2492-gk4gh-2200684135, networkLocation: /default-rack, certSerialId: null}
2019-11-15 05:29:55,913 [EventQueue-PipelineReportForPipelineReportHandler] INFO  pipeline.PipelineReportHandler (PipelineReportHandler.java:processPipelineReport(113)) - Pipeline ONE PipelineID=12567fab-9043-4dd3-ac5b-c1b17d650937 reported by 7d635197-424b-4388-a3b7-879e3419f602{ip: 192.168.34.44, host: pr-hdds-2492-gk4gh-2200684135, networkLocation: /default-rack, certSerialId: null}
2019-11-15 05:29:55,913 [EventQueue-PipelineReportForPipelineReportHandler] INFO  pipeline.PipelineStateManager (PipelineStateManager.java:openPipeline(132)) - Pipeline Pipeline[ Id: 12567fab-9043-4dd3-ac5b-c1b17d650937, Nodes: 7d635197-424b-4388-a3b7-879e3419f602{ip: 192.168.34.44, host: pr-hdds-2492-gk4gh-2200684135, networkLocation: /default-rack, certSerialId: null}, Type:RATIS, Factor:ONE, State:ALLOCATED] moved to OPEN state
2019-11-15 05:29:55,913 [EventQueue-OpenPipelineForOneReplicaPipelineSafeModeRule] INFO  safemode.SCMSafeModeManager (OneReplicaPipelineSafeModeRule.java:process(115)) - SCM in safe mode. Pipelines with at least one datanode reported count is 0, required at least one datanode reported per pipeline count is 1
2019-11-15 05:29:55,913 [EventQueue-OpenPipelineForHealthyPipelineSafeModeRule] INFO  safemode.SCMSafeModeManager (HealthyPipelineSafeModeRule.java:process(132)) - SCM in safe mode. Healthy pipelines reported count is 0, required healthy pipeline reported count is 1
2019-11-15 05:29:56,410 [Thread-0] INFO  ozone.MiniOzoneClusterImpl (MiniOzoneClusterImpl.java:lambda$waitForClusterToBeReady$0(150)) - Waiting for nodes to be ready. Got 2 of 3 DN Heartbeats.
2019-11-15 05:29:56,410 [Thread-0] INFO  ozone.MiniOzoneClusterImpl (MiniOzoneClusterImpl.java:lambda$waitForClusterToBeReady$0(153)) - Waiting for cluster to exit safe mode
2019-11-15 05:29:56,526 [IPC Server handler 0 on 36429] INFO  net.NetworkTopology (NetworkTopologyImpl.java:add(111)) - Added a new node: /default-rack/4699c8e6-8c9e-4f76-a58f-cc5ec26439f8
2019-11-15 05:29:56,526 [IPC Server handler 0 on 36429] INFO  node.SCMNodeManager (SCMNodeManager.java:register(267)) - Registered Data node : 4699c8e6-8c9e-4f76-a58f-cc5ec26439f8{ip: 192.168.34.44, host: pr-hdds-2492-gk4gh-2200684135, networkLocation: /default-rack, certSerialId: null}
2019-11-15 05:29:56,526 [EventQueue-NodeRegistrationContainerReportForContainerSafeModeRule] INFO  safemode.SCMSafeModeManager (SCMSafeModeManager.java:validateSafeModeExitRules(176)) - ContainerSafeModeRule rule is successfully validated
2019-11-15 05:29:56,527 [EventQueue-NodeRegistrationContainerReportForDataNodeSafeModeRule] INFO  safemode.SCMSafeModeManager (SCMSafeModeManager.java:validateSafeModeExitRules(176)) - DataNodeSafeModeRule rule is successfully validated
2019-11-15 05:29:56,527 [EventQueue-PipelineReportForPipelineReportHandler] INFO  pipeline.PipelineReportHandler (PipelineReportHandler.java:processPipelineReport(113)) - Pipeline THREE PipelineID=fb6c4f7e-b5b5-4700-b757-e1b4eb3be67b reported by 4699c8e6-8c9e-4f76-a58f-cc5ec26439f8{ip: 192.168.34.44, host: pr-hdds-2492-gk4gh-2200684135, networkLocation: /default-rack, certSerialId: null}
2019-11-15 05:29:56,527 [EventQueue-PipelineReportForPipelineReportHandler] INFO  pipeline.PipelineStateManager (PipelineStateManager.java:openPipeline(132)) - Pipeline Pipeline[ Id: fb6c4f7e-b5b5-4700-b757-e1b4eb3be67b, Nodes: 7d635197-424b-4388-a3b7-879e3419f602{ip: 192.168.34.44, host: pr-hdds-2492-gk4gh-2200684135, networkLocation: /default-rack, certSerialId: null}ddd91f58-e106-4cce-9dae-6653bc14f5b7{ip: 192.168.34.44, host: pr-hdds-2492-gk4gh-2200684135, networkLocation: /default-rack, certSerialId: null}4699c8e6-8c9e-4f76-a58f-cc5ec26439f8{ip: 192.168.34.44, host: pr-hdds-2492-gk4gh-2200684135, networkLocation: /default-rack, certSerialId: null}, Type:RATIS, Factor:THREE, State:ALLOCATED] moved to OPEN state
2019-11-15 05:29:56,528 [EventQueue-OpenPipelineForHealthyPipelineSafeModeRule] INFO  safemode.SCMSafeModeManager (HealthyPipelineSafeModeRule.java:process(132)) - SCM in safe mode. Healthy pipelines reported count is 1, required healthy pipeline reported count is 1
2019-11-15 05:29:56,528 [EventQueue-PipelineReportForPipelineReportHandler] INFO  pipeline.PipelineReportHandler (PipelineReportHandler.java:processPipelineReport(113)) - Pipeline ONE PipelineID=8b713e39-950c-47da-861d-92b8b86d3303 reported by 4699c8e6-8c9e-4f76-a58f-cc5ec26439f8{ip: 192.168.34.44, host: pr-hdds-2492-gk4gh-2200684135, networkLocation: /default-rack, certSerialId: null}
2019-11-15 05:29:56,528 [EventQueue-OpenPipelineForOneReplicaPipelineSafeModeRule] INFO  safemode.SCMSafeModeManager (OneReplicaPipelineSafeModeRule.java:process(115)) - SCM in safe mode. Pipelines with at least one datanode reported count is 1, required at least one datanode reported per pipeline count is 1
2019-11-15 05:29:56,529 [EventQueue-PipelineReportForPipelineReportHandler] INFO  pipeline.PipelineStateManager (PipelineStateManager.java:openPipeline(132)) - Pipeline Pipeline[ Id: 8b713e39-950c-47da-861d-92b8b86d3303, Nodes: 4699c8e6-8c9e-4f76-a58f-cc5ec26439f8{ip: 192.168.34.44, host: pr-hdds-2492-gk4gh-2200684135, networkLocation: /default-rack, certSerialId: null}, Type:RATIS, Factor:ONE, State:ALLOCATED] moved to OPEN state
2019-11-15 05:29:56,528 [EventQueue-OpenPipelineForHealthyPipelineSafeModeRule] INFO  safemode.SCMSafeModeManager (SCMSafeModeManager.java:validateSafeModeExitRules(176)) - HealthyPipelineSafeModeRule rule is successfully validated
2019-11-15 05:29:56,529 [EventQueue-OpenPipelineForHealthyPipelineSafeModeRule] INFO  safemode.SCMSafeModeManager (SCMSafeModeManager.java:validateSafeModeExitRules(176)) - HealthyPipelineSafeModeRule rule is successfully validated
2019-11-15 05:29:56,529 [EventQueue-OpenPipelineForOneReplicaPipelineSafeModeRule] INFO  safemode.SCMSafeModeManager (SCMSafeModeManager.java:validateSafeModeExitRules(176)) - AtleastOneDatanodeReportedRule rule is successfully validated
2019-11-15 05:29:56,530 [EventQueue-OpenPipelineForOneReplicaPipelineSafeModeRule] INFO  safemode.SCMSafeModeManager (SCMSafeModeManager.java:validateSafeModeExitRules(185)) - ScmSafeModeManager, all rules are successfully validated
2019-11-15 05:29:56,530 [EventQueue-OpenPipelineForOneReplicaPipelineSafeModeRule] INFO  safemode.SCMSafeModeManager (SCMSafeModeManager.java:exitSafeMode(201)) - SCM exiting safe mode.
2019-11-15 05:29:57,410 [Thread-0] INFO  ozone.MiniOzoneClusterImpl (MiniOzoneClusterImpl.java:lambda$waitForClusterToBeReady$0(150)) - Nodes are ready. Got 3 of 3 DN Heartbeats.
2019-11-15 05:29:57,410 [Thread-0] INFO  ozone.MiniOzoneClusterImpl (MiniOzoneClusterImpl.java:lambda$waitForClusterToBeReady$0(153)) - Cluster exits safe mode
2019-11-15 05:29:57,411 [Thread-0] INFO  rpc.RpcClient (RpcClient.java:createVolume(292)) - Creating Volume: volume90819, with jenkins1000 as owner.
2019-11-15 05:29:57,415 [Thread-0] INFO  retry.RetryInvocationHandler (RetryInvocationHandler.java:log(411)) - com.google.protobuf.ServiceException: java.io.EOFException: End of File Exception between local host is: "pr-hdds-2492-gk4gh-2200684135/192.168.34.44"; destination host is: "localhost":39934; : java.io.EOFException; For more details see:  http://wiki.apache.org/hadoop/EOFException, while invoking $Proxy37.submitRequest over nodeId=null,nodeAddress=localhost:39934. Trying to failover immediately.
05:29:57.423 [IPC Server handler 0 on 39934] ERROR OMAudit - user=jenkins1000 | ip=127.0.0.1 | op=CREATE_VOLUME {admin=jenkins1000, owner=jenkins1000, volume=volume90819, creationTime=1573795797419, quotaInBytes=1152921504606846976, objectID=1, updateID=1} | ret=FAILURE
org.apache.hadoop.ozone.om.exceptions.OMException: Volume already exists
	at org.apache.hadoop.ozone.om.request.volume.OMVolumeCreateRequest.validateAndUpdateCache(OMVolumeCreateRequest.java:164) ~[hadoop-ozone-ozone-manager-0.5.0-SNAPSHOT.jar:?]
	at org.apache.hadoop.ozone.protocolPB.OzoneManagerProtocolServerSideTranslatorPB.submitRequestDirectlyToOM(OzoneManagerProtocolServerSideTranslatorPB.java:217) ~[hadoop-ozone-ozone-manager-0.5.0-SNAPSHOT.jar:?]
	at org.apache.hadoop.ozone.protocolPB.OzoneManagerProtocolServerSideTranslatorPB.processRequest(OzoneManagerProtocolServerSideTranslatorPB.java:132) ~[hadoop-ozone-ozone-manager-0.5.0-SNAPSHOT.jar:?]
	at org.apache.hadoop.hdds.server.OzoneProtocolMessageDispatcher.processRequest(OzoneProtocolMessageDispatcher.java:72) [hadoop-hdds-server-framework-0.5.0-SNAPSHOT.jar:?]
	at org.apache.hadoop.ozone.protocolPB.OzoneManagerProtocolServerSideTranslatorPB.submitRequest(OzoneManagerProtocolServerSideTranslatorPB.java:100) [hadoop-ozone-ozone-manager-0.5.0-SNAPSHOT.jar:?]
	at org.apache.hadoop.ozone.protocol.proto.OzoneManagerProtocolProtos$OzoneManagerService$2.callBlockingMethod(OzoneManagerProtocolProtos.java) [hadoop-ozone-common-0.5.0-SNAPSHOT.jar:?]
	at org.apache.hadoop.ipc.ProtobufRpcEngine$Server$ProtoBufRpcInvoker.call(ProtobufRpcEngine.java:524) [hadoop-common-3.2.0.jar:?]
	at org.apache.hadoop.ipc.RPC$Server.call(RPC.java:1025) [hadoop-common-3.2.0.jar:?]
	at org.apache.hadoop.ipc.Server$RpcCall.run(Server.java:876) [hadoop-common-3.2.0.jar:?]
	at org.apache.hadoop.ipc.Server$RpcCall.run(Server.java:822) [hadoop-common-3.2.0.jar:?]
	at java.security.AccessController.doPrivileged(Native Method) [?:1.8.0_222]
	at javax.security.auth.Subject.doAs(Subject.java:422) [?:1.8.0_222]
	at org.apache.hadoop.security.UserGroupInformation.doAs(UserGroupInformation.java:1730) [hadoop-common-3.2.0.jar:?]
	at org.apache.hadoop.ipc.Server$Handler.run(Server.java:2682) [hadoop-common-3.2.0.jar:?]
2019-11-15 05:29:57,436 [IPC Server handler 0 on 39934] ERROR volume.OMVolumeCreateRequest (OMVolumeCreateRequest.java:validateAndUpdateCache(196)) - Volume creation failed for user:jenkins1000 volume:volume90819
VOLUME_ALREADY_EXISTS org.apache.hadoop.ozone.om.exceptions.OMException: Volume already exists
	at org.apache.hadoop.ozone.om.request.volume.OMVolumeCreateRequest.validateAndUpdateCache(OMVolumeCreateRequest.java:164)
	at org.apache.hadoop.ozone.protocolPB.OzoneManagerProtocolServerSideTranslatorPB.submitRequestDirectlyToOM(OzoneManagerProtocolServerSideTranslatorPB.java:217)
	at org.apache.hadoop.ozone.protocolPB.OzoneManagerProtocolServerSideTranslatorPB.processRequest(OzoneManagerProtocolServerSideTranslatorPB.java:132)
	at org.apache.hadoop.hdds.server.OzoneProtocolMessageDispatcher.processRequest(OzoneProtocolMessageDispatcher.java:72)
	at org.apache.hadoop.ozone.protocolPB.OzoneManagerProtocolServerSideTranslatorPB.submitRequest(OzoneManagerProtocolServerSideTranslatorPB.java:100)
	at org.apache.hadoop.ozone.protocol.proto.OzoneManagerProtocolProtos$OzoneManagerService$2.callBlockingMethod(OzoneManagerProtocolProtos.java)
	at org.apache.hadoop.ipc.ProtobufRpcEngine$Server$ProtoBufRpcInvoker.call(ProtobufRpcEngine.java:524)
	at org.apache.hadoop.ipc.RPC$Server.call(RPC.java:1025)
	at org.apache.hadoop.ipc.Server$RpcCall.run(Server.java:876)
	at org.apache.hadoop.ipc.Server$RpcCall.run(Server.java:822)
	at java.security.AccessController.doPrivileged(Native Method)
	at javax.security.auth.Subject.doAs(Subject.java:422)
	at org.apache.hadoop.security.UserGroupInformation.doAs(UserGroupInformation.java:1730)
	at org.apache.hadoop.ipc.Server$Handler.run(Server.java:2682)
2019-11-15 05:29:57,466 [Thread-0] INFO  ozone.MiniOzoneClusterImpl (MiniOzoneClusterImpl.java:shutdown(334)) - Shutting down the Mini Ozone Cluster
2019-11-15 05:29:57,467 [Thread-0] INFO  ozone.MiniOzoneClusterImpl (MiniOzoneClusterImpl.java:stop(350)) - Stopping the Mini Ozone Cluster
2019-11-15 05:29:57,467 [Thread-0] INFO  ozone.MiniOzoneClusterImpl (MiniOzoneClusterImpl.java:stopOM(420)) - Stopping the OzoneManager
2019-11-15 05:29:57,467 [Thread-0] INFO  ipc.Server (Server.java:stop(3082)) - Stopping server on 39934
2019-11-15 05:29:57,472 [IPC Server listener on 39934] INFO  ipc.Server (Server.java:run(1185)) - Stopping IPC Server listener on 39934
2019-11-15 05:29:57,472 [IPC Server Responder] INFO  ipc.Server (Server.java:run(1319)) - Stopping IPC Server Responder
2019-11-15 05:29:57,472 [Thread-0] INFO  ratis.OzoneManagerDoubleBuffer (OzoneManagerDoubleBuffer.java:stop(261)) - Stopping OMDoubleBuffer flush thread
2019-11-15 05:29:57,477 [OMDoubleBufferFlushThread] INFO  ratis.OzoneManagerDoubleBuffer (OzoneManagerDoubleBuffer.java:flushTransactions(199)) - OMDoubleBuffer flush thread OMDoubleBufferFlushThread is interrupted and will exit. OMDoubleBufferFlushThread
2019-11-15 05:29:57,481 [Thread-0] INFO  handler.ContextHandler (ContextHandler.java:doStop(910)) - Stopped o.e.j.w.WebAppContext@340e5121{/,null,UNAVAILABLE}{/ozoneManager}
2019-11-15 05:29:57,481 [Thread-0] INFO  server.AbstractConnector (AbstractConnector.java:doStop(318)) - Stopped ServerConnector@64c53d2a{HTTP/1.1,[http/1.1]}{0.0.0.0:42418}
2019-11-15 05:29:57,481 [Thread-0] INFO  handler.ContextHandler (ContextHandler.java:doStop(910)) - Stopped o.e.j.s.ServletContextHandler@6c676bc3{/static,file:///workdir/hadoop-ozone/integration-test/target/test-classes/webapps/static,UNAVAILABLE}
2019-11-15 05:29:57,482 [Thread-0] INFO  handler.ContextHandler (ContextHandler.java:doStop(910)) - Stopped o.e.j.s.ServletContextHandler@347fd380{/logs,file:///workdir/hadoop-ozone/integration-test/target/log,UNAVAILABLE}
2019-11-15 05:29:57,488 [Thread-0] INFO  ozone.MiniOzoneClusterImpl (MiniOzoneClusterImpl.java:stopDatanodes(397)) - Stopping the HddsDatanodes
2019-11-15 05:29:57,524 [Datanode State Machine Thread - 0] INFO  statemachine.DatanodeStateMachine (DatanodeStateMachine.java:lambda$startDaemon$0(361)) - Ozone container server started.
2019-11-15 05:29:57,886 [Datanode State Machine Thread - 0] INFO  statemachine.DatanodeStateMachine (DatanodeStateMachine.java:lambda$startDaemon$0(361)) - Ozone container server started.
2019-11-15 05:29:59,543 [Thread-358] INFO  container.ReplicationManager (ReplicationManager.java:start(162)) - Starting Replication Monitor Thread.
2019-11-15 05:29:59,544 [ReplicationMonitor] INFO  container.ReplicationManager (ReplicationManager.java:run(225)) - Replication Monitor Thread took 0 milliseconds for processing 0 containers.
2019-11-15 05:30:02,494 [Thread-0] INFO  ozoneimpl.OzoneContainer (OzoneContainer.java:stop(244)) - Attempting to stop container services.
2019-11-15 05:30:02,494 [ForkJoinPool.commonPool-worker-0] INFO  ozoneimpl.OzoneContainer (OzoneContainer.java:stop(244)) - Attempting to stop container services.
2019-11-15 05:30:02,498 [ForkJoinPool.commonPool-worker-0] INFO  impl.RaftServerProxy (RaftServerProxy.java:lambda$close$4(314)) - 4699c8e6-8c9e-4f76-a58f-cc5ec26439f8: close
2019-11-15 05:30:02,498 [Thread-0] INFO  impl.RaftServerProxy (RaftServerProxy.java:lambda$close$4(314)) - ddd91f58-e106-4cce-9dae-6653bc14f5b7: close
2019-11-15 05:30:02,503 [ForkJoinPool.commonPool-worker-0] INFO  impl.RaftServerImpl (RaftServerImpl.java:lambda$shutdown$3(250)) - 4699c8e6-8c9e-4f76-a58f-cc5ec26439f8@group-E1B4EB3BE67B: shutdown
2019-11-15 05:30:02,503 [Thread-0] INFO  impl.RaftServerImpl (RaftServerImpl.java:lambda$shutdown$3(250)) - ddd91f58-e106-4cce-9dae-6653bc14f5b7@group-E1B4EB3BE67B: shutdown
2019-11-15 05:30:02,504 [ForkJoinPool.commonPool-worker-0] INFO  util.JmxRegister (JmxRegister.java:unregister(73)) - Successfully un-registered JMX Bean with object name Ratis:service=RaftServer,group=group-E1B4EB3BE67B,id=4699c8e6-8c9e-4f76-a58f-cc5ec26439f8
2019-11-15 05:30:02,504 [Thread-0] INFO  util.JmxRegister (JmxRegister.java:unregister(73)) - Successfully un-registered JMX Bean with object name Ratis:service=RaftServer,group=group-E1B4EB3BE67B,id=ddd91f58-e106-4cce-9dae-6653bc14f5b7
2019-11-15 05:30:02,504 [ForkJoinPool.commonPool-worker-0] INFO  impl.RoleInfo (RoleInfo.java:shutdownLeaderState(104)) - 4699c8e6-8c9e-4f76-a58f-cc5ec26439f8: shutdown LeaderState
2019-11-15 05:30:02,505 [Thread-0] INFO  impl.RoleInfo (RoleInfo.java:shutdownFollowerState(121)) - ddd91f58-e106-4cce-9dae-6653bc14f5b7: shutdown FollowerState
2019-11-15 05:30:02,505 [Thread-0] INFO  impl.StateMachineUpdater (StateMachineUpdater.java:stopAndJoin(136)) - ddd91f58-e106-4cce-9dae-6653bc14f5b7@group-E1B4EB3BE67B-StateMachineUpdater: set stopIndex = 0
2019-11-15 05:30:02,505 [Thread-215] INFO  impl.FollowerState (FollowerState.java:run(120)) - ddd91f58-e106-4cce-9dae-6653bc14f5b7@group-E1B4EB3BE67B-FollowerState was interrupted: java.lang.InterruptedException: sleep interrupted
2019-11-15 05:30:02,509 [org.apache.ratis.server.impl.LogAppender$AppenderDaemon$$Lambda$566/1105091035@4e7f802b] WARN  server.GrpcLogAppender (GrpcLogAppender.java:mayWait(151)) - 4699c8e6-8c9e-4f76-a58f-cc5ec26439f8@group-E1B4EB3BE67B->ddd91f58-e106-4cce-9dae-6653bc14f5b7-GrpcLogAppender: Wait interrupted by java.lang.InterruptedException
2019-11-15 05:30:02,515 [ForkJoinPool.commonPool-worker-0] INFO  impl.PendingRequests (PendingRequests.java:sendNotLeaderResponses(206)) - 4699c8e6-8c9e-4f76-a58f-cc5ec26439f8@group-E1B4EB3BE67B-PendingRequests: sendNotLeaderResponses
2019-11-15 05:30:02,509 [org.apache.ratis.server.impl.LogAppender$AppenderDaemon$$Lambda$566/1105091035@c55b069] WARN  server.GrpcLogAppender (GrpcLogAppender.java:mayWait(151)) - 4699c8e6-8c9e-4f76-a58f-cc5ec26439f8@group-E1B4EB3BE67B->7d635197-424b-4388-a3b7-879e3419f602-GrpcLogAppender: Wait interrupted by java.lang.InterruptedException
2019-11-15 05:30:02,515 [Thread-0] INFO  impl.RaftServerImpl (ServerState.java:close(387)) - ddd91f58-e106-4cce-9dae-6653bc14f5b7@group-E1B4EB3BE67B: closes. applyIndex: 0
2019-11-15 05:30:02,518 [ForkJoinPool.commonPool-worker-0] INFO  impl.StateMachineUpdater (StateMachineUpdater.java:stopAndJoin(136)) - 4699c8e6-8c9e-4f76-a58f-cc5ec26439f8@group-E1B4EB3BE67B-StateMachineUpdater: set stopIndex = 0
2019-11-15 05:30:02,521 [ForkJoinPool.commonPool-worker-0] INFO  impl.RaftServerImpl (ServerState.java:close(387)) - 4699c8e6-8c9e-4f76-a58f-cc5ec26439f8@group-E1B4EB3BE67B: closes. applyIndex: 0
2019-11-15 05:30:02,522 [4699c8e6-8c9e-4f76-a58f-cc5ec26439f8@group-E1B4EB3BE67B-SegmentedRaftLogWorker] INFO  segmented.SegmentedRaftLogWorker (SegmentedRaftLogWorker.java:run(316)) - 4699c8e6-8c9e-4f76-a58f-cc5ec26439f8@group-E1B4EB3BE67B-SegmentedRaftLogWorker was interrupted, exiting. There are 0 tasks remaining in the queue.
2019-11-15 05:30:02,522 [ddd91f58-e106-4cce-9dae-6653bc14f5b7@group-E1B4EB3BE67B-SegmentedRaftLogWorker] INFO  segmented.SegmentedRaftLogWorker (SegmentedRaftLogWorker.java:run(316)) - ddd91f58-e106-4cce-9dae-6653bc14f5b7@group-E1B4EB3BE67B-SegmentedRaftLogWorker was interrupted, exiting. There are 0 tasks remaining in the queue.
2019-11-15 05:30:02,523 [ForkJoinPool.commonPool-worker-0] INFO  segmented.SegmentedRaftLogWorker (SegmentedRaftLogWorker.java:close(224)) - 4699c8e6-8c9e-4f76-a58f-cc5ec26439f8@group-E1B4EB3BE67B-SegmentedRaftLogWorker close()
2019-11-15 05:30:02,523 [Thread-0] INFO  segmented.SegmentedRaftLogWorker (SegmentedRaftLogWorker.java:close(224)) - ddd91f58-e106-4cce-9dae-6653bc14f5b7@group-E1B4EB3BE67B-SegmentedRaftLogWorker close()
2019-11-15 05:30:02,526 [ForkJoinPool.commonPool-worker-0] INFO  impl.RaftServerImpl (RaftServerImpl.java:lambda$shutdown$3(250)) - 4699c8e6-8c9e-4f76-a58f-cc5ec26439f8@group-92B8B86D3303: shutdown
2019-11-15 05:30:02,526 [Thread-0] INFO  impl.RaftServerImpl (RaftServerImpl.java:lambda$shutdown$3(250)) - ddd91f58-e106-4cce-9dae-6653bc14f5b7@group-B6414FC87655: shutdown
2019-11-15 05:30:02,527 [ForkJoinPool.commonPool-worker-0] INFO  util.JmxRegister (JmxRegister.java:unregister(73)) - Successfully un-registered JMX Bean with object name Ratis:service=RaftServer,group=group-92B8B86D3303,id=4699c8e6-8c9e-4f76-a58f-cc5ec26439f8
2019-11-15 05:30:02,527 [Thread-0] INFO  util.JmxRegister (JmxRegister.java:unregister(73)) - Successfully un-registered JMX Bean with object name Ratis:service=RaftServer,group=group-B6414FC87655,id=ddd91f58-e106-4cce-9dae-6653bc14f5b7
2019-11-15 05:30:02,527 [ForkJoinPool.commonPool-worker-0] INFO  impl.RoleInfo (RoleInfo.java:shutdownLeaderState(104)) - 4699c8e6-8c9e-4f76-a58f-cc5ec26439f8: shutdown LeaderState
2019-11-15 05:30:02,527 [Thread-0] INFO  impl.RoleInfo (RoleInfo.java:shutdownLeaderState(104)) - ddd91f58-e106-4cce-9dae-6653bc14f5b7: shutdown LeaderState
2019-11-15 05:30:02,528 [ForkJoinPool.commonPool-worker-0] INFO  impl.PendingRequests (PendingRequests.java:sendNotLeaderResponses(206)) - 4699c8e6-8c9e-4f76-a58f-cc5ec26439f8@group-92B8B86D3303-PendingRequests: sendNotLeaderResponses
2019-11-15 05:30:02,528 [grpc-default-executor-1] INFO  server.GrpcServerProtocolService (GrpcServerProtocolService.java:onCompleted(113)) - 7d635197-424b-4388-a3b7-879e3419f602: Completed APPEND_ENTRIES, lastRequest: 4699c8e6-8c9e-4f76-a58f-cc5ec26439f8->7d635197-424b-4388-a3b7-879e3419f602#4-t2, previous=(t:2, i:0), leaderCommit=0, initializing? false, entries: <empty>
2019-11-15 05:30:02,528 [grpc-default-executor-5] INFO  server.GrpcServerProtocolService (GrpcServerProtocolService.java:onCompleted(113)) - ddd91f58-e106-4cce-9dae-6653bc14f5b7: Completed APPEND_ENTRIES, lastRequest: 4699c8e6-8c9e-4f76-a58f-cc5ec26439f8->ddd91f58-e106-4cce-9dae-6653bc14f5b7#4-t2, previous=(t:2, i:0), leaderCommit=0, initializing? false, entries: <empty>
2019-11-15 05:30:02,528 [Thread-0] INFO  impl.PendingRequests (PendingRequests.java:sendNotLeaderResponses(206)) - ddd91f58-e106-4cce-9dae-6653bc14f5b7@group-B6414FC87655-PendingRequests: sendNotLeaderResponses
2019-11-15 05:30:02,528 [ForkJoinPool.commonPool-worker-0] INFO  impl.StateMachineUpdater (StateMachineUpdater.java:stopAndJoin(136)) - 4699c8e6-8c9e-4f76-a58f-cc5ec26439f8@group-92B8B86D3303-StateMachineUpdater: set stopIndex = 0
2019-11-15 05:30:02,529 [Thread-0] INFO  impl.StateMachineUpdater (StateMachineUpdater.java:stopAndJoin(136)) - ddd91f58-e106-4cce-9dae-6653bc14f5b7@group-B6414FC87655-StateMachineUpdater: set stopIndex = 0
2019-11-15 05:30:02,529 [ForkJoinPool.commonPool-worker-0] INFO  impl.RaftServerImpl (ServerState.java:close(387)) - 4699c8e6-8c9e-4f76-a58f-cc5ec26439f8@group-92B8B86D3303: closes. applyIndex: 0
2019-11-15 05:30:02,529 [Thread-0] INFO  impl.RaftServerImpl (ServerState.java:close(387)) - ddd91f58-e106-4cce-9dae-6653bc14f5b7@group-B6414FC87655: closes. applyIndex: 0
2019-11-15 05:30:02,529 [4699c8e6-8c9e-4f76-a58f-cc5ec26439f8@group-92B8B86D3303-SegmentedRaftLogWorker] INFO  segmented.SegmentedRaftLogWorker (SegmentedRaftLogWorker.java:run(316)) - 4699c8e6-8c9e-4f76-a58f-cc5ec26439f8@group-92B8B86D3303-SegmentedRaftLogWorker was interrupted, exiting. There are 0 tasks remaining in the queue.
2019-11-15 05:30:02,530 [grpc-default-executor-1] INFO  server.GrpcLogAppender (GrpcLogAppender.java:onCompleted(308)) - 4699c8e6-8c9e-4f76-a58f-cc5ec26439f8@group-E1B4EB3BE67B->7d635197-424b-4388-a3b7-879e3419f602-AppendLogResponseHandler: follower responses appendEntries COMPLETED
2019-11-15 05:30:02,530 [ForkJoinPool.commonPool-worker-0] INFO  segmented.SegmentedRaftLogWorker (SegmentedRaftLogWorker.java:close(224)) - 4699c8e6-8c9e-4f76-a58f-cc5ec26439f8@group-92B8B86D3303-SegmentedRaftLogWorker close()
2019-11-15 05:30:02,530 [grpc-default-executor-5] INFO  server.GrpcLogAppender (GrpcLogAppender.java:onCompleted(308)) - 4699c8e6-8c9e-4f76-a58f-cc5ec26439f8@group-E1B4EB3BE67B->ddd91f58-e106-4cce-9dae-6653bc14f5b7-AppendLogResponseHandler: follower responses appendEntries COMPLETED
2019-11-15 05:30:02,530 [ddd91f58-e106-4cce-9dae-6653bc14f5b7@group-B6414FC87655-SegmentedRaftLogWorker] INFO  segmented.SegmentedRaftLogWorker (SegmentedRaftLogWorker.java:run(316)) - ddd91f58-e106-4cce-9dae-6653bc14f5b7@group-B6414FC87655-SegmentedRaftLogWorker was interrupted, exiting. There are 0 tasks remaining in the queue.
2019-11-15 05:30:02,534 [Thread-0] INFO  segmented.SegmentedRaftLogWorker (SegmentedRaftLogWorker.java:close(224)) - ddd91f58-e106-4cce-9dae-6653bc14f5b7@group-B6414FC87655-SegmentedRaftLogWorker close()
2019-11-15 05:30:02,535 [ForkJoinPool.commonPool-worker-0] INFO  server.GrpcService (GrpcService.java:closeImpl(164)) - 4699c8e6-8c9e-4f76-a58f-cc5ec26439f8: shutdown server with port 40513 now
2019-11-15 05:30:02,535 [Thread-0] INFO  server.GrpcService (GrpcService.java:closeImpl(164)) - ddd91f58-e106-4cce-9dae-6653bc14f5b7: shutdown server with port 35253 now
2019-11-15 05:30:02,543 [ForkJoinPool.commonPool-worker-0] INFO  server.GrpcService (GrpcService.java:closeImpl(172)) - 4699c8e6-8c9e-4f76-a58f-cc5ec26439f8: shutdown server with port 40513 successfully
2019-11-15 05:30:02,552 [Thread-0] INFO  server.GrpcService (GrpcService.java:closeImpl(172)) - ddd91f58-e106-4cce-9dae-6653bc14f5b7: shutdown server with port 35253 successfully
2019-11-15 05:30:02,553 [grpc-default-executor-5] INFO  impl.FollowerInfo (FollowerInfo.java:lambda$new$0(51)) - 4699c8e6-8c9e-4f76-a58f-cc5ec26439f8@group-E1B4EB3BE67B->ddd91f58-e106-4cce-9dae-6653bc14f5b7: nextIndex: updateUnconditionally 1 -> 0
2019-11-15 05:30:02,553 [grpc-default-executor-1] INFO  impl.FollowerInfo (FollowerInfo.java:lambda$new$0(51)) - 4699c8e6-8c9e-4f76-a58f-cc5ec26439f8@group-E1B4EB3BE67B->7d635197-424b-4388-a3b7-879e3419f602: nextIndex: updateUnconditionally 1 -> 0
2019-11-15 05:30:02,557 [refreshUsed-/workdir/hadoop-ozone/integration-test/target/test-dir/MiniOzoneClusterImpl-99c5ca95-2193-49e7-a1bf-718a96802330/datanode-1/data/containers] WARN  fs.CachingGetSpaceUsed (CachingGetSpaceUsed.java:run(183)) - Thread Interrupted waiting to refresh disk information: sleep interrupted
2019-11-15 05:30:02,557 [refreshUsed-/workdir/hadoop-ozone/integration-test/target/test-dir/MiniOzoneClusterImpl-99c5ca95-2193-49e7-a1bf-718a96802330/datanode-0/data/containers] WARN  fs.CachingGetSpaceUsed (CachingGetSpaceUsed.java:run(183)) - Thread Interrupted waiting to refresh disk information: sleep interrupted
2019-11-15 05:30:02,578 [ForkJoinPool.commonPool-worker-0] INFO  utils.BackgroundService (BackgroundService.java:shutdown(151)) - Shutting down service BlockDeletingService
2019-11-15 05:30:02,579 [Thread-0] INFO  utils.BackgroundService (BackgroundService.java:shutdown(151)) - Shutting down service BlockDeletingService
2019-11-15 05:30:02,580 [ForkJoinPool.commonPool-worker-0] INFO  statemachine.DatanodeStateMachine (DatanodeStateMachine.java:stopDaemon(406)) - Ozone container server stopped.
2019-11-15 05:30:02,582 [Thread-0] INFO  statemachine.DatanodeStateMachine (DatanodeStateMachine.java:stopDaemon(406)) - Ozone container server stopped.
2019-11-15 05:30:02,583 [ForkJoinPool.commonPool-worker-0] INFO  handler.ContextHandler (ContextHandler.java:doStop(910)) - Stopped o.e.j.w.WebAppContext@24d9f03c{/,null,UNAVAILABLE}{/hddsDatanode}
2019-11-15 05:30:02,583 [Thread-0] INFO  handler.ContextHandler (ContextHandler.java:doStop(910)) - Stopped o.e.j.w.WebAppContext@3a83f7dd{/,null,UNAVAILABLE}{/hddsDatanode}
2019-11-15 05:30:02,584 [ForkJoinPool.commonPool-worker-0] INFO  server.AbstractConnector (AbstractConnector.java:doStop(318)) - Stopped ServerConnector@72e4717f{HTTP/1.1,[http/1.1]}{0.0.0.0:0}
2019-11-15 05:30:02,584 [Thread-0] INFO  server.AbstractConnector (AbstractConnector.java:doStop(318)) - Stopped ServerConnector@46d8476d{HTTP/1.1,[http/1.1]}{0.0.0.0:0}
2019-11-15 05:30:02,585 [ForkJoinPool.commonPool-worker-0] INFO  handler.ContextHandler (ContextHandler.java:doStop(910)) - Stopped o.e.j.s.ServletContextHandler@63f9db67{/static,jar:file:/home/user/.m2/repository/org/apache/hadoop/hadoop-hdds-container-service/0.5.0-SNAPSHOT/hadoop-hdds-container-service-0.5.0-SNAPSHOT.jar!/webapps/static,UNAVAILABLE}
2019-11-15 05:30:02,585 [Thread-0] INFO  handler.ContextHandler (ContextHandler.java:doStop(910)) - Stopped o.e.j.s.ServletContextHandler@1edc75e5{/static,jar:file:/home/user/.m2/repository/org/apache/hadoop/hadoop-hdds-container-service/0.5.0-SNAPSHOT/hadoop-hdds-container-service-0.5.0-SNAPSHOT.jar!/webapps/static,UNAVAILABLE}
2019-11-15 05:30:02,586 [ForkJoinPool.commonPool-worker-0] INFO  handler.ContextHandler (ContextHandler.java:doStop(910)) - Stopped o.e.j.s.ServletContextHandler@492c00cc{/logs,file:///workdir/hadoop-ozone/integration-test/target/log,UNAVAILABLE}
2019-11-15 05:30:02,586 [Thread-0] INFO  handler.ContextHandler (ContextHandler.java:doStop(910)) - Stopped o.e.j.s.ServletContextHandler@409e56fc{/logs,file:///workdir/hadoop-ozone/integration-test/target/log,UNAVAILABLE}
2019-11-15 05:30:02,910 [Datanode State Machine Thread - 0] INFO  statemachine.DatanodeStateMachine (DatanodeStateMachine.java:lambda$startDaemon$0(361)) - Ozone container server started.
]]></system-out>
    <system-err><![CDATA[ERROR StatusLogger No Log4j 2 configuration file found. Using default configuration (logging only errors to the console), or user programmatically provided configurations. Set system property 'log4j2.debug' to show Log4j 2 internal initialization logging. See https://logging.apache.org/log4j/2.x/manual/configuration.html for instructions on how to configure Log4j 2
]]></system-err>
  </testcase>
  <testcase name="testRestartOMWithBucketOperation" classname="org.apache.hadoop.ozone.om.TestOzoneManagerRestart" time="45.791"/>
  <testcase name="testRestartOMWithKeyOperation" classname="org.apache.hadoop.ozone.om.TestOzoneManagerRestart" time="28.193"/>
</testsuite>